<?xml version="1.0" encoding="UTF-8"?>
<testsuite xmlns:xsi="http://www.w3.org/2001/XMLSchema-instance" xsi:noNamespaceSchemaLocation="https://maven.apache.org/surefire/maven-surefire-plugin/xsd/surefire-test-report.xsd" name="org.apache.hadoop.ozone.client.rpc.TestMultiBlockWritesWithDnFailures" time="140.684" tests="2" errors="1" skipped="0" failures="0">
  <properties>
    <property name="awt.toolkit" value="sun.awt.X11.XToolkit"/>
    <property name="file.encoding.pkg" value="sun.io"/>
    <property name="java.specification.version" value="1.8"/>
    <property name="sun.cpu.isalist" value=""/>
    <property name="sun.jnu.encoding" value="UTF-8"/>
    <property name="java.class.path" value="/workdir/hadoop-ozone/integration-test/target/test-classes:/workdir/hadoop-ozone/integration-test/target/classes:/home/user/.m2/repository/org/apache/hadoop/hadoop-ozone-common/0.5.0-SNAPSHOT/hadoop-ozone-common-0.5.0-SNAPSHOT.jar:/home/user/.m2/repository/org/apache/commons/commons-compress/1.4.1/commons-compress-1.4.1.jar:/home/user/.m2/repository/org/tukaani/xz/1.0/xz-1.0.jar:/home/user/.m2/repository/org/apache/hadoop/hadoop-common/3.2.0/hadoop-common-3.2.0.jar:/home/user/.m2/repository/org/apache/hadoop/hadoop-hdfs/3.2.0/hadoop-hdfs-3.2.0.jar:/home/user/.m2/repository/org/apache/hadoop/hadoop-hdfs-client/3.2.0/hadoop-hdfs-client-3.2.0.jar:/home/user/.m2/repository/com/fasterxml/jackson/core/jackson-annotations/2.9.5/jackson-annotations-2.9.5.jar:/home/user/.m2/repository/org/apache/hadoop/hadoop-hdds-common/0.5.0-SNAPSHOT/hadoop-hdds-common-0.5.0-SNAPSHOT.jar:/home/user/.m2/repository/javax/annotation/javax.annotation-api/1.2/javax.annotation-api-1.2.jar:/home/user/.m2/repository/org/apache/ratis/ratis-server/0.4.0-78e95b9-SNAPSHOT/ratis-server-0.4.0-78e95b9-SNAPSHOT.jar:/home/user/.m2/repository/org/apache/ratis/ratis-thirdparty-misc/0.2.0/ratis-thirdparty-misc-0.2.0.jar:/home/user/.m2/repository/org/apache/ratis/ratis-proto/0.4.0-78e95b9-SNAPSHOT/ratis-proto-0.4.0-78e95b9-SNAPSHOT.jar:/home/user/.m2/repository/org/apache/ratis/ratis-common/0.4.0-78e95b9-SNAPSHOT/ratis-common-0.4.0-78e95b9-SNAPSHOT.jar:/home/user/.m2/repository/org/apache/ratis/ratis-client/0.4.0-78e95b9-SNAPSHOT/ratis-client-0.4.0-78e95b9-SNAPSHOT.jar:/home/user/.m2/repository/org/apache/ratis/ratis-metrics/0.4.0-78e95b9-SNAPSHOT/ratis-metrics-0.4.0-78e95b9-SNAPSHOT.jar:/home/user/.m2/repository/com/github/joshelser/dropwizard-metrics-hadoop-metrics2-reporter/0.1.2/dropwizard-metrics-hadoop-metrics2-reporter-0.1.2.jar:/home/user/.m2/repository/io/dropwizard/metrics/metrics-jvm/3.2.5/metrics-jvm-3.2.5.jar:/home/user/.m2/repository/io/dropwizard/metrics/metrics-ganglia/3.2.5/metrics-ganglia-3.2.5.jar:/home/user/.m2/repository/info/ganglia/gmetric4j/gmetric4j/1.0.7/gmetric4j-1.0.7.jar:/home/user/.m2/repository/org/apache/ratis/ratis-netty/0.4.0-78e95b9-SNAPSHOT/ratis-netty-0.4.0-78e95b9-SNAPSHOT.jar:/home/user/.m2/repository/org/apache/ratis/ratis-grpc/0.4.0-78e95b9-SNAPSHOT/ratis-grpc-0.4.0-78e95b9-SNAPSHOT.jar:/home/user/.m2/repository/org/rocksdb/rocksdbjni/6.0.1/rocksdbjni-6.0.1.jar:/home/user/.m2/repository/org/apache/logging/log4j/log4j-api/2.11.0/log4j-api-2.11.0.jar:/home/user/.m2/repository/org/apache/logging/log4j/log4j-core/2.11.0/log4j-core-2.11.0.jar:/home/user/.m2/repository/com/lmax/disruptor/3.4.2/disruptor-3.4.2.jar:/home/user/.m2/repository/org/apache/commons/commons-pool2/2.6.0/commons-pool2-2.6.0.jar:/home/user/.m2/repository/org/bouncycastle/bcpkix-jdk15on/1.60/bcpkix-jdk15on-1.60.jar:/home/user/.m2/repository/commons-validator/commons-validator/1.6/commons-validator-1.6.jar:/home/user/.m2/repository/commons-digester/commons-digester/1.8.1/commons-digester-1.8.1.jar:/home/user/.m2/repository/io/jaegertracing/jaeger-client/0.33.1/jaeger-client-0.33.1.jar:/home/user/.m2/repository/io/jaegertracing/jaeger-thrift/0.33.1/jaeger-thrift-0.33.1.jar:/home/user/.m2/repository/org/apache/thrift/libthrift/0.11.0/libthrift-0.11.0.jar:/home/user/.m2/repository/com/squareup/okhttp3/okhttp/3.9.0/okhttp-3.9.0.jar:/home/user/.m2/repository/com/squareup/okio/okio/1.13.0/okio-1.13.0.jar:/home/user/.m2/repository/io/jaegertracing/jaeger-core/0.33.1/jaeger-core-0.33.1.jar:/home/user/.m2/repository/io/jaegertracing/jaeger-tracerresolver/0.33.1/jaeger-tracerresolver-0.33.1.jar:/home/user/.m2/repository/io/opentracing/contrib/opentracing-tracerresolver/0.1.5/opentracing-tracerresolver-0.1.5.jar:/home/user/.m2/repository/io/opentracing/opentracing-util/0.31.0/opentracing-util-0.31.0.jar:/home/user/.m2/repository/io/opentracing/opentracing-api/0.31.0/opentracing-api-0.31.0.jar:/home/user/.m2/repository/io/opentracing/opentracing-noop/0.31.0/opentracing-noop-0.31.0.jar:/home/user/.m2/repository/org/apache/hadoop/hadoop-hdds-server-framework/0.5.0-SNAPSHOT/hadoop-hdds-server-framework-0.5.0-SNAPSHOT.jar:/home/user/.m2/repository/org/apache/hadoop/hadoop-hdds-container-service/0.5.0-SNAPSHOT/hadoop-hdds-container-service-0.5.0-SNAPSHOT.jar:/home/user/.m2/repository/org/apache/hadoop/hadoop-hdds-client/0.5.0-SNAPSHOT/hadoop-hdds-client-0.5.0-SNAPSHOT.jar:/home/user/.m2/repository/org/apache/hadoop/hadoop-hdds-tools/0.5.0-SNAPSHOT/hadoop-hdds-tools-0.5.0-SNAPSHOT.jar:/home/user/.m2/repository/org/apache/hadoop/hadoop-hdds-server-scm/0.5.0-SNAPSHOT/hadoop-hdds-server-scm-0.5.0-SNAPSHOT.jar:/home/user/.m2/repository/org/apache/hadoop/hadoop-hdds-docs/0.5.0-SNAPSHOT/hadoop-hdds-docs-0.5.0-SNAPSHOT.jar:/home/user/.m2/repository/io/dropwizard/metrics/metrics-core/3.2.4/metrics-core-3.2.4.jar:/home/user/.m2/repository/org/hamcrest/hamcrest-all/1.3/hamcrest-all-1.3.jar:/home/user/.m2/repository/org/bouncycastle/bcprov-jdk15on/1.60/bcprov-jdk15on-1.60.jar:/home/user/.m2/repository/info/picocli/picocli/3.9.6/picocli-3.9.6.jar:/home/user/.m2/repository/com/google/protobuf/protobuf-java/2.5.0/protobuf-java-2.5.0.jar:/home/user/.m2/repository/com/google/guava/guava/11.0.2/guava-11.0.2.jar:/home/user/.m2/repository/org/apache/hadoop/hadoop-ozone-ozone-manager/0.5.0-SNAPSHOT/hadoop-ozone-ozone-manager-0.5.0-SNAPSHOT.jar:/home/user/.m2/repository/org/apache/hadoop/hadoop-minikdc/3.2.0/hadoop-minikdc-3.2.0.jar:/home/user/.m2/repository/commons-io/commons-io/2.5/commons-io-2.5.jar:/home/user/.m2/repository/org/apache/kerby/kerb-simplekdc/1.0.1/kerb-simplekdc-1.0.1.jar:/home/user/.m2/repository/org/apache/kerby/kerb-client/1.0.1/kerb-client-1.0.1.jar:/home/user/.m2/repository/org/apache/kerby/kerby-config/1.0.1/kerby-config-1.0.1.jar:/home/user/.m2/repository/org/apache/kerby/kerb-core/1.0.1/kerb-core-1.0.1.jar:/home/user/.m2/repository/org/apache/kerby/kerby-pkix/1.0.1/kerby-pkix-1.0.1.jar:/home/user/.m2/repository/org/apache/kerby/kerby-asn1/1.0.1/kerby-asn1-1.0.1.jar:/home/user/.m2/repository/org/apache/kerby/kerby-util/1.0.1/kerby-util-1.0.1.jar:/home/user/.m2/repository/org/apache/kerby/kerb-common/1.0.1/kerb-common-1.0.1.jar:/home/user/.m2/repository/org/apache/kerby/kerb-crypto/1.0.1/kerb-crypto-1.0.1.jar:/home/user/.m2/repository/org/apache/kerby/kerb-util/1.0.1/kerb-util-1.0.1.jar:/home/user/.m2/repository/org/apache/kerby/token-provider/1.0.1/token-provider-1.0.1.jar:/home/user/.m2/repository/org/apache/kerby/kerb-admin/1.0.1/kerb-admin-1.0.1.jar:/home/user/.m2/repository/org/apache/kerby/kerb-server/1.0.1/kerb-server-1.0.1.jar:/home/user/.m2/repository/org/apache/kerby/kerb-identity/1.0.1/kerb-identity-1.0.1.jar:/home/user/.m2/repository/org/apache/kerby/kerby-xdr/1.0.1/kerby-xdr-1.0.1.jar:/home/user/.m2/repository/org/slf4j/slf4j-log4j12/1.7.25/slf4j-log4j12-1.7.25.jar:/home/user/.m2/repository/org/apache/hadoop/hadoop-ozone-s3gateway/0.5.0-SNAPSHOT/hadoop-ozone-s3gateway-0.5.0-SNAPSHOT.jar:/home/user/.m2/repository/org/jboss/weld/servlet/weld-servlet/2.4.7.Final/weld-servlet-2.4.7.Final.jar:/home/user/.m2/repository/org/glassfish/jersey/containers/jersey-container-servlet-core/2.27/jersey-container-servlet-core-2.27.jar:/home/user/.m2/repository/org/glassfish/hk2/external/javax.inject/2.5.0-b42/javax.inject-2.5.0-b42.jar:/home/user/.m2/repository/org/glassfish/jersey/core/jersey-common/2.27/jersey-common-2.27.jar:/home/user/.m2/repository/org/glassfish/hk2/osgi-resource-locator/1.0.1/osgi-resource-locator-1.0.1.jar:/home/user/.m2/repository/javax/ws/rs/javax.ws.rs-api/2.1/javax.ws.rs-api-2.1.jar:/home/user/.m2/repository/org/glassfish/jersey/ext/cdi/jersey-cdi1x/2.27/jersey-cdi1x-2.27.jar:/home/user/.m2/repository/org/glassfish/jersey/inject/jersey-hk2/2.27/jersey-hk2-2.27.jar:/home/user/.m2/repository/org/glassfish/hk2/hk2-locator/2.5.0-b42/hk2-locator-2.5.0-b42.jar:/home/user/.m2/repository/org/javassist/javassist/3.22.0-CR2/javassist-3.22.0-CR2.jar:/home/user/.m2/repository/org/glassfish/hk2/hk2-api/2.5.0/hk2-api-2.5.0.jar:/home/user/.m2/repository/org/glassfish/hk2/external/jakarta.inject/2.5.0/jakarta.inject-2.5.0.jar:/home/user/.m2/repository/org/glassfish/hk2/hk2-utils/2.5.0/hk2-utils-2.5.0.jar:/home/user/.m2/repository/jakarta/annotation/jakarta.annotation-api/1.3.4/jakarta.annotation-api-1.3.4.jar:/home/user/.m2/repository/org/glassfish/hk2/external/aopalliance-repackaged/2.5.0/aopalliance-repackaged-2.5.0.jar:/home/user/.m2/repository/com/fasterxml/jackson/dataformat/jackson-dataformat-xml/2.9.0/jackson-dataformat-xml-2.9.0.jar:/home/user/.m2/repository/com/fasterxml/jackson/core/jackson-core/2.9.5/jackson-core-2.9.5.jar:/home/user/.m2/repository/com/fasterxml/jackson/module/jackson-module-jaxb-annotations/2.9.5/jackson-module-jaxb-annotations-2.9.5.jar:/home/user/.m2/repository/javax/enterprise/cdi-api/1.2/cdi-api-1.2.jar:/home/user/.m2/repository/javax/el/javax.el-api/3.0.0/javax.el-api-3.0.0.jar:/home/user/.m2/repository/javax/interceptor/javax.interceptor-api/1.2/javax.interceptor-api-1.2.jar:/home/user/.m2/repository/javax/inject/javax.inject/1/javax.inject-1.jar:/home/user/.m2/repository/com/sun/xml/bind/jaxb-impl/2.3.0.1/jaxb-impl-2.3.0.1.jar:/home/user/.m2/repository/com/sun/xml/bind/jaxb-core/2.3.0.1/jaxb-core-2.3.0.1.jar:/home/user/.m2/repository/javax/xml/bind/jaxb-api/2.3.0/jaxb-api-2.3.0.jar:/home/user/.m2/repository/javax/activation/activation/1.1.1/activation-1.1.1.jar:/home/user/.m2/repository/org/apache/hadoop/hadoop-ozone-csi/0.5.0-SNAPSHOT/hadoop-ozone-csi-0.5.0-SNAPSHOT.jar:/home/user/.m2/repository/com/google/protobuf/protobuf-java-util/3.5.1/protobuf-java-util-3.5.1.jar:/home/user/.m2/repository/org/apache/hadoop/hadoop-hdds-config/0.5.0-SNAPSHOT/hadoop-hdds-config-0.5.0-SNAPSHOT.jar:/home/user/.m2/repository/io/grpc/grpc-netty/1.17.1/grpc-netty-1.17.1.jar:/home/user/.m2/repository/io/grpc/grpc-core/1.17.1/grpc-core-1.17.1.jar:/home/user/.m2/repository/io/grpc/grpc-context/1.17.1/grpc-context-1.17.1.jar:/home/user/.m2/repository/com/google/errorprone/error_prone_annotations/2.2.0/error_prone_annotations-2.2.0.jar:/home/user/.m2/repository/org/codehaus/mojo/animal-sniffer-annotations/1.17/animal-sniffer-annotations-1.17.jar:/home/user/.m2/repository/io/opencensus/opencensus-api/0.17.0/opencensus-api-0.17.0.jar:/home/user/.m2/repository/io/opencensus/opencensus-contrib-grpc-metrics/0.17.0/opencensus-contrib-grpc-metrics-0.17.0.jar:/home/user/.m2/repository/io/netty/netty-codec-http2/4.1.30.Final/netty-codec-http2-4.1.30.Final.jar:/home/user/.m2/repository/io/netty/netty-codec-http/4.1.30.Final/netty-codec-http-4.1.30.Final.jar:/home/user/.m2/repository/io/netty/netty-codec/4.1.30.Final/netty-codec-4.1.30.Final.jar:/home/user/.m2/repository/io/netty/netty-handler/4.1.30.Final/netty-handler-4.1.30.Final.jar:/home/user/.m2/repository/io/netty/netty-handler-proxy/4.1.30.Final/netty-handler-proxy-4.1.30.Final.jar:/home/user/.m2/repository/io/netty/netty-codec-socks/4.1.30.Final/netty-codec-socks-4.1.30.Final.jar:/home/user/.m2/repository/io/netty/netty-transport-native-epoll/4.1.30.Final/netty-transport-native-epoll-4.1.30.Final.jar:/home/user/.m2/repository/io/netty/netty-common/4.1.30.Final/netty-common-4.1.30.Final.jar:/home/user/.m2/repository/io/netty/netty-buffer/4.1.30.Final/netty-buffer-4.1.30.Final.jar:/home/user/.m2/repository/io/netty/netty-transport/4.1.30.Final/netty-transport-4.1.30.Final.jar:/home/user/.m2/repository/io/netty/netty-resolver/4.1.30.Final/netty-resolver-4.1.30.Final.jar:/home/user/.m2/repository/io/netty/netty-transport-native-unix-common/4.1.30.Final/netty-transport-native-unix-common-4.1.30.Final.jar:/home/user/.m2/repository/io/grpc/grpc-protobuf/1.17.1/grpc-protobuf-1.17.1.jar:/home/user/.m2/repository/com/google/api/grpc/proto-google-common-protos/1.0.0/proto-google-common-protos-1.0.0.jar:/home/user/.m2/repository/io/grpc/grpc-protobuf-lite/1.17.1/grpc-protobuf-lite-1.17.1.jar:/home/user/.m2/repository/io/grpc/grpc-stub/1.17.1/grpc-stub-1.17.1.jar:/home/user/.m2/repository/org/apache/hadoop/hadoop-ozone-recon/0.5.0-SNAPSHOT/hadoop-ozone-recon-0.5.0-SNAPSHOT.jar:/home/user/.m2/repository/org/apache/hadoop/hadoop-ozone-reconcodegen/0.5.0-SNAPSHOT/hadoop-ozone-reconcodegen-0.5.0-SNAPSHOT.jar:/home/user/.m2/repository/com/google/inject/extensions/guice-multibindings/4.0/guice-multibindings-4.0.jar:/home/user/.m2/repository/com/google/inject/guice/4.0/guice-4.0.jar:/home/user/.m2/repository/aopalliance/aopalliance/1.0/aopalliance-1.0.jar:/home/user/.m2/repository/com/google/inject/extensions/guice-servlet/4.0/guice-servlet-4.0.jar:/home/user/.m2/repository/org/glassfish/jersey/containers/jersey-container-servlet/2.27/jersey-container-servlet-2.27.jar:/home/user/.m2/repository/org/glassfish/hk2/guice-bridge/2.5.0/guice-bridge-2.5.0.jar:/home/user/.m2/repository/org/glassfish/jersey/core/jersey-server/2.27/jersey-server-2.27.jar:/home/user/.m2/repository/org/glassfish/jersey/core/jersey-client/2.27/jersey-client-2.27.jar:/home/user/.m2/repository/org/glassfish/jersey/media/jersey-media-jaxb/2.27/jersey-media-jaxb-2.27.jar:/home/user/.m2/repository/javax/validation/validation-api/1.1.0.Final/validation-api-1.1.0.Final.jar:/home/user/.m2/repository/org/glassfish/jersey/media/jersey-media-json-jackson/2.27/jersey-media-json-jackson-2.27.jar:/home/user/.m2/repository/org/glassfish/jersey/ext/jersey-entity-filtering/2.27/jersey-entity-filtering-2.27.jar:/home/user/.m2/repository/com/google/inject/extensions/guice-assistedinject/4.0/guice-assistedinject-4.0.jar:/home/user/.m2/repository/org/jooq/jooq/3.11.10/jooq-3.11.10.jar:/home/user/.m2/repository/org/jooq/jooq-meta/3.11.10/jooq-meta-3.11.10.jar:/home/user/.m2/repository/org/jooq/jooq-codegen/3.11.10/jooq-codegen-3.11.10.jar:/home/user/.m2/repository/com/jolbox/bonecp/0.8.0.RELEASE/bonecp-0.8.0.RELEASE.jar:/home/user/.m2/repository/org/xerial/sqlite-jdbc/3.25.2/sqlite-jdbc-3.25.2.jar:/home/user/.m2/repository/org/springframework/spring-jdbc/5.1.3.RELEASE/spring-jdbc-5.1.3.RELEASE.jar:/home/user/.m2/repository/org/springframework/spring-beans/5.1.3.RELEASE/spring-beans-5.1.3.RELEASE.jar:/home/user/.m2/repository/org/springframework/spring-core/5.1.3.RELEASE/spring-core-5.1.3.RELEASE.jar:/home/user/.m2/repository/org/springframework/spring-jcl/5.1.3.RELEASE/spring-jcl-5.1.3.RELEASE.jar:/home/user/.m2/repository/org/springframework/spring-tx/5.1.3.RELEASE/spring-tx-5.1.3.RELEASE.jar:/home/user/.m2/repository/org/apache/hadoop/hadoop-ozone-client/0.5.0-SNAPSHOT/hadoop-ozone-client-0.5.0-SNAPSHOT.jar:/home/user/.m2/repository/commons-lang/commons-lang/2.6/commons-lang-2.6.jar:/home/user/.m2/repository/org/apache/hadoop/hadoop-ozone-ozone-manager/0.5.0-SNAPSHOT/hadoop-ozone-ozone-manager-0.5.0-SNAPSHOT-tests.jar:/home/user/.m2/repository/junit/junit/4.11/junit-4.11.jar:/home/user/.m2/repository/org/hamcrest/hamcrest-core/1.3/hamcrest-core-1.3.jar:/home/user/.m2/repository/org/openjdk/jmh/jmh-core/1.19/jmh-core-1.19.jar:/home/user/.m2/repository/net/sf/jopt-simple/jopt-simple/4.6/jopt-simple-4.6.jar:/home/user/.m2/repository/org/apache/commons/commons-math3/3.1.1/commons-math3-3.1.1.jar:/home/user/.m2/repository/org/openjdk/jmh/jmh-generator-annprocess/1.19/jmh-generator-annprocess-1.19.jar:/home/user/.m2/repository/org/mockito/mockito-all/1.8.5/mockito-all-1.8.5.jar:/home/user/.m2/repository/org/apache/hadoop/hadoop-kms/3.2.0/hadoop-kms-3.2.0.jar:/home/user/.m2/repository/org/apache/hadoop/hadoop-auth/3.2.0/hadoop-auth-3.2.0.jar:/home/user/.m2/repository/com/nimbusds/nimbus-jose-jwt/4.41.1/nimbus-jose-jwt-4.41.1.jar:/home/user/.m2/repository/com/github/stephenc/jcip/jcip-annotations/1.0-1/jcip-annotations-1.0-1.jar:/home/user/.m2/repository/net/minidev/json-smart/2.3/json-smart-2.3.jar:/home/user/.m2/repository/net/minidev/accessors-smart/1.2/accessors-smart-1.2.jar:/home/user/.m2/repository/org/ow2/asm/asm/5.0.4/asm-5.0.4.jar:/home/user/.m2/repository/org/apache/curator/curator-framework/2.12.0/curator-framework-2.12.0.jar:/home/user/.m2/repository/com/sun/jersey/jersey-core/1.19/jersey-core-1.19.jar:/home/user/.m2/repository/javax/ws/rs/jsr311-api/1.1.1/jsr311-api-1.1.1.jar:/home/user/.m2/repository/com/sun/jersey/jersey-server/1.19/jersey-server-1.19.jar:/home/user/.m2/repository/javax/servlet/javax.servlet-api/3.1.0/javax.servlet-api-3.1.0.jar:/home/user/.m2/repository/org/eclipse/jetty/jetty-server/9.3.24.v20180605/jetty-server-9.3.24.v20180605.jar:/home/user/.m2/repository/org/eclipse/jetty/jetty-http/9.3.24.v20180605/jetty-http-9.3.24.v20180605.jar:/home/user/.m2/repository/org/eclipse/jetty/jetty-io/9.3.24.v20180605/jetty-io-9.3.24.v20180605.jar:/home/user/.m2/repository/org/eclipse/jetty/jetty-webapp/9.3.24.v20180605/jetty-webapp-9.3.24.v20180605.jar:/home/user/.m2/repository/org/eclipse/jetty/jetty-xml/9.3.24.v20180605/jetty-xml-9.3.24.v20180605.jar:/home/user/.m2/repository/log4j/log4j/1.2.17/log4j-1.2.17.jar:/home/user/.m2/repository/org/slf4j/slf4j-api/1.7.25/slf4j-api-1.7.25.jar:/home/user/.m2/repository/org/slf4j/jul-to-slf4j/1.7.25/jul-to-slf4j-1.7.25.jar:/home/user/.m2/repository/org/eclipse/jetty/jetty-util/9.3.24.v20180605/jetty-util-9.3.24.v20180605.jar:/home/user/.m2/repository/com/fasterxml/jackson/core/jackson-databind/2.9.5/jackson-databind-2.9.5.jar:/home/user/.m2/repository/org/apache/hadoop/hadoop-kms/3.2.0/hadoop-kms-3.2.0-tests.jar:/home/user/.m2/repository/org/apache/hadoop/hadoop-hdds-server-scm/0.5.0-SNAPSHOT/hadoop-hdds-server-scm-0.5.0-SNAPSHOT-tests.jar:/home/user/.m2/repository/org/apache/hadoop/hadoop-hdds-container-service/0.5.0-SNAPSHOT/hadoop-hdds-container-service-0.5.0-SNAPSHOT-tests.jar:/home/user/.m2/repository/org/yaml/snakeyaml/1.16/snakeyaml-1.16.jar:/home/user/.m2/repository/org/apache/hadoop/hadoop-common/3.2.0/hadoop-common-3.2.0-tests.jar:/home/user/.m2/repository/org/apache/hadoop/hadoop-annotations/3.2.0/hadoop-annotations-3.2.0.jar:/usr/lib/jvm/java-1.8-openjdk/jre/../lib/tools.jar:/home/user/.m2/repository/commons-cli/commons-cli/1.2/commons-cli-1.2.jar:/home/user/.m2/repository/org/apache/httpcomponents/httpclient/4.5.2/httpclient-4.5.2.jar:/home/user/.m2/repository/org/apache/httpcomponents/httpcore/4.4.4/httpcore-4.4.4.jar:/home/user/.m2/repository/commons-codec/commons-codec/1.11/commons-codec-1.11.jar:/home/user/.m2/repository/commons-net/commons-net/3.6/commons-net-3.6.jar:/home/user/.m2/repository/commons-collections/commons-collections/3.2.2/commons-collections-3.2.2.jar:/home/user/.m2/repository/org/eclipse/jetty/jetty-servlet/9.3.24.v20180605/jetty-servlet-9.3.24.v20180605.jar:/home/user/.m2/repository/org/eclipse/jetty/jetty-security/9.3.24.v20180605/jetty-security-9.3.24.v20180605.jar:/home/user/.m2/repository/javax/servlet/jsp/jsp-api/2.1/jsp-api-2.1.jar:/home/user/.m2/repository/com/sun/jersey/jersey-servlet/1.19/jersey-servlet-1.19.jar:/home/user/.m2/repository/com/sun/jersey/jersey-json/1.19/jersey-json-1.19.jar:/home/user/.m2/repository/org/codehaus/jettison/jettison/1.1/jettison-1.1.jar:/home/user/.m2/repository/org/codehaus/jackson/jackson-core-asl/1.9.13/jackson-core-asl-1.9.13.jar:/home/user/.m2/repository/org/codehaus/jackson/jackson-mapper-asl/1.9.13/jackson-mapper-asl-1.9.13.jar:/home/user/.m2/repository/org/codehaus/jackson/jackson-jaxrs/1.9.13/jackson-jaxrs-1.9.13.jar:/home/user/.m2/repository/org/codehaus/jackson/jackson-xc/1.9.13/jackson-xc-1.9.13.jar:/home/user/.m2/repository/commons-logging/commons-logging/1.1.3/commons-logging-1.1.3.jar:/home/user/.m2/repository/commons-beanutils/commons-beanutils/1.9.3/commons-beanutils-1.9.3.jar:/home/user/.m2/repository/org/apache/commons/commons-configuration2/2.1.1/commons-configuration2-2.1.1.jar:/home/user/.m2/repository/org/apache/commons/commons-lang3/3.7/commons-lang3-3.7.jar:/home/user/.m2/repository/org/apache/commons/commons-text/1.4/commons-text-1.4.jar:/home/user/.m2/repository/org/apache/avro/avro/1.7.7/avro-1.7.7.jar:/home/user/.m2/repository/com/thoughtworks/paranamer/paranamer/2.3/paranamer-2.3.jar:/home/user/.m2/repository/org/xerial/snappy/snappy-java/1.0.5/snappy-java-1.0.5.jar:/home/user/.m2/repository/com/google/re2j/re2j/1.1/re2j-1.1.jar:/home/user/.m2/repository/com/google/code/gson/gson/2.2.4/gson-2.2.4.jar:/home/user/.m2/repository/com/jcraft/jsch/0.1.54/jsch-0.1.54.jar:/home/user/.m2/repository/org/apache/curator/curator-client/2.12.0/curator-client-2.12.0.jar:/home/user/.m2/repository/org/apache/curator/curator-recipes/2.12.0/curator-recipes-2.12.0.jar:/home/user/.m2/repository/com/google/code/findbugs/jsr305/3.0.0/jsr305-3.0.0.jar:/home/user/.m2/repository/org/apache/htrace/htrace-core4/4.1.0-incubating/htrace-core4-4.1.0-incubating.jar:/home/user/.m2/repository/org/apache/zookeeper/zookeeper/3.4.13/zookeeper-3.4.13.jar:/home/user/.m2/repository/org/apache/yetus/audience-annotations/0.5.0/audience-annotations-0.5.0.jar:/home/user/.m2/repository/org/codehaus/woodstox/stax2-api/3.1.4/stax2-api-3.1.4.jar:/home/user/.m2/repository/com/fasterxml/woodstox/woodstox-core/5.0.3/woodstox-core-5.0.3.jar:/home/user/.m2/repository/dnsjava/dnsjava/2.1.7/dnsjava-2.1.7.jar:/home/user/.m2/repository/org/apache/hadoop/hadoop-hdfs/3.2.0/hadoop-hdfs-3.2.0-tests.jar:/home/user/.m2/repository/org/eclipse/jetty/jetty-util-ajax/9.3.24.v20180605/jetty-util-ajax-9.3.24.v20180605.jar:/home/user/.m2/repository/commons-daemon/commons-daemon/1.0.13/commons-daemon-1.0.13.jar:/home/user/.m2/repository/io/netty/netty/3.10.5.Final/netty-3.10.5.Final.jar:/home/user/.m2/repository/io/netty/netty-all/4.0.52.Final/netty-all-4.0.52.Final.jar:/home/user/.m2/repository/org/fusesource/leveldbjni/leveldbjni-all/1.8/leveldbjni-all-1.8.jar:"/>
    <property name="java.vm.vendor" value="IcedTea"/>
    <property name="sun.arch.data.model" value="64"/>
    <property name="test.build.dir" value="/workdir/hadoop-ozone/integration-test/target/test-dir"/>
    <property name="test.cache.data" value=""/>
    <property name="java.vendor.url" value="https://icedtea.classpath.org"/>
    <property name="user.timezone" value=""/>
    <property name="java.vm.specification.version" value="1.8"/>
    <property name="os.name" value="Linux"/>
    <property name="test.build.data" value="/workdir/hadoop-ozone/integration-test/target/test-dir"/>
    <property name="user.country" value="US"/>
    <property name="sun.java.launcher" value="SUN_STANDARD"/>
    <property name="sun.boot.library.path" value="/usr/lib/jvm/java-1.8-openjdk/jre/lib/amd64"/>
    <property name="sun.java.command" value="/workdir/hadoop-ozone/integration-test/target/surefire/surefirebooter1489724071194218813.jar /workdir/hadoop-ozone/integration-test/target/surefire 2019-09-11T06-13-35_274-jvmRun1 surefire3809886623931125793tmp surefire_526298667351929294462tmp"/>
    <property name="test" value="!TestMiniChaosOzoneCluster"/>
    <property name="surefire.test.class.path" value="/workdir/hadoop-ozone/integration-test/target/test-classes:/workdir/hadoop-ozone/integration-test/target/classes:/home/user/.m2/repository/org/apache/hadoop/hadoop-ozone-common/0.5.0-SNAPSHOT/hadoop-ozone-common-0.5.0-SNAPSHOT.jar:/home/user/.m2/repository/org/apache/commons/commons-compress/1.4.1/commons-compress-1.4.1.jar:/home/user/.m2/repository/org/tukaani/xz/1.0/xz-1.0.jar:/home/user/.m2/repository/org/apache/hadoop/hadoop-common/3.2.0/hadoop-common-3.2.0.jar:/home/user/.m2/repository/org/apache/hadoop/hadoop-hdfs/3.2.0/hadoop-hdfs-3.2.0.jar:/home/user/.m2/repository/org/apache/hadoop/hadoop-hdfs-client/3.2.0/hadoop-hdfs-client-3.2.0.jar:/home/user/.m2/repository/com/fasterxml/jackson/core/jackson-annotations/2.9.5/jackson-annotations-2.9.5.jar:/home/user/.m2/repository/org/apache/hadoop/hadoop-hdds-common/0.5.0-SNAPSHOT/hadoop-hdds-common-0.5.0-SNAPSHOT.jar:/home/user/.m2/repository/javax/annotation/javax.annotation-api/1.2/javax.annotation-api-1.2.jar:/home/user/.m2/repository/org/apache/ratis/ratis-server/0.4.0-78e95b9-SNAPSHOT/ratis-server-0.4.0-78e95b9-SNAPSHOT.jar:/home/user/.m2/repository/org/apache/ratis/ratis-thirdparty-misc/0.2.0/ratis-thirdparty-misc-0.2.0.jar:/home/user/.m2/repository/org/apache/ratis/ratis-proto/0.4.0-78e95b9-SNAPSHOT/ratis-proto-0.4.0-78e95b9-SNAPSHOT.jar:/home/user/.m2/repository/org/apache/ratis/ratis-common/0.4.0-78e95b9-SNAPSHOT/ratis-common-0.4.0-78e95b9-SNAPSHOT.jar:/home/user/.m2/repository/org/apache/ratis/ratis-client/0.4.0-78e95b9-SNAPSHOT/ratis-client-0.4.0-78e95b9-SNAPSHOT.jar:/home/user/.m2/repository/org/apache/ratis/ratis-metrics/0.4.0-78e95b9-SNAPSHOT/ratis-metrics-0.4.0-78e95b9-SNAPSHOT.jar:/home/user/.m2/repository/com/github/joshelser/dropwizard-metrics-hadoop-metrics2-reporter/0.1.2/dropwizard-metrics-hadoop-metrics2-reporter-0.1.2.jar:/home/user/.m2/repository/io/dropwizard/metrics/metrics-jvm/3.2.5/metrics-jvm-3.2.5.jar:/home/user/.m2/repository/io/dropwizard/metrics/metrics-ganglia/3.2.5/metrics-ganglia-3.2.5.jar:/home/user/.m2/repository/info/ganglia/gmetric4j/gmetric4j/1.0.7/gmetric4j-1.0.7.jar:/home/user/.m2/repository/org/apache/ratis/ratis-netty/0.4.0-78e95b9-SNAPSHOT/ratis-netty-0.4.0-78e95b9-SNAPSHOT.jar:/home/user/.m2/repository/org/apache/ratis/ratis-grpc/0.4.0-78e95b9-SNAPSHOT/ratis-grpc-0.4.0-78e95b9-SNAPSHOT.jar:/home/user/.m2/repository/org/rocksdb/rocksdbjni/6.0.1/rocksdbjni-6.0.1.jar:/home/user/.m2/repository/org/apache/logging/log4j/log4j-api/2.11.0/log4j-api-2.11.0.jar:/home/user/.m2/repository/org/apache/logging/log4j/log4j-core/2.11.0/log4j-core-2.11.0.jar:/home/user/.m2/repository/com/lmax/disruptor/3.4.2/disruptor-3.4.2.jar:/home/user/.m2/repository/org/apache/commons/commons-pool2/2.6.0/commons-pool2-2.6.0.jar:/home/user/.m2/repository/org/bouncycastle/bcpkix-jdk15on/1.60/bcpkix-jdk15on-1.60.jar:/home/user/.m2/repository/commons-validator/commons-validator/1.6/commons-validator-1.6.jar:/home/user/.m2/repository/commons-digester/commons-digester/1.8.1/commons-digester-1.8.1.jar:/home/user/.m2/repository/io/jaegertracing/jaeger-client/0.33.1/jaeger-client-0.33.1.jar:/home/user/.m2/repository/io/jaegertracing/jaeger-thrift/0.33.1/jaeger-thrift-0.33.1.jar:/home/user/.m2/repository/org/apache/thrift/libthrift/0.11.0/libthrift-0.11.0.jar:/home/user/.m2/repository/com/squareup/okhttp3/okhttp/3.9.0/okhttp-3.9.0.jar:/home/user/.m2/repository/com/squareup/okio/okio/1.13.0/okio-1.13.0.jar:/home/user/.m2/repository/io/jaegertracing/jaeger-core/0.33.1/jaeger-core-0.33.1.jar:/home/user/.m2/repository/io/jaegertracing/jaeger-tracerresolver/0.33.1/jaeger-tracerresolver-0.33.1.jar:/home/user/.m2/repository/io/opentracing/contrib/opentracing-tracerresolver/0.1.5/opentracing-tracerresolver-0.1.5.jar:/home/user/.m2/repository/io/opentracing/opentracing-util/0.31.0/opentracing-util-0.31.0.jar:/home/user/.m2/repository/io/opentracing/opentracing-api/0.31.0/opentracing-api-0.31.0.jar:/home/user/.m2/repository/io/opentracing/opentracing-noop/0.31.0/opentracing-noop-0.31.0.jar:/home/user/.m2/repository/org/apache/hadoop/hadoop-hdds-server-framework/0.5.0-SNAPSHOT/hadoop-hdds-server-framework-0.5.0-SNAPSHOT.jar:/home/user/.m2/repository/org/apache/hadoop/hadoop-hdds-container-service/0.5.0-SNAPSHOT/hadoop-hdds-container-service-0.5.0-SNAPSHOT.jar:/home/user/.m2/repository/org/apache/hadoop/hadoop-hdds-client/0.5.0-SNAPSHOT/hadoop-hdds-client-0.5.0-SNAPSHOT.jar:/home/user/.m2/repository/org/apache/hadoop/hadoop-hdds-tools/0.5.0-SNAPSHOT/hadoop-hdds-tools-0.5.0-SNAPSHOT.jar:/home/user/.m2/repository/org/apache/hadoop/hadoop-hdds-server-scm/0.5.0-SNAPSHOT/hadoop-hdds-server-scm-0.5.0-SNAPSHOT.jar:/home/user/.m2/repository/org/apache/hadoop/hadoop-hdds-docs/0.5.0-SNAPSHOT/hadoop-hdds-docs-0.5.0-SNAPSHOT.jar:/home/user/.m2/repository/io/dropwizard/metrics/metrics-core/3.2.4/metrics-core-3.2.4.jar:/home/user/.m2/repository/org/hamcrest/hamcrest-all/1.3/hamcrest-all-1.3.jar:/home/user/.m2/repository/org/bouncycastle/bcprov-jdk15on/1.60/bcprov-jdk15on-1.60.jar:/home/user/.m2/repository/info/picocli/picocli/3.9.6/picocli-3.9.6.jar:/home/user/.m2/repository/com/google/protobuf/protobuf-java/2.5.0/protobuf-java-2.5.0.jar:/home/user/.m2/repository/com/google/guava/guava/11.0.2/guava-11.0.2.jar:/home/user/.m2/repository/org/apache/hadoop/hadoop-ozone-ozone-manager/0.5.0-SNAPSHOT/hadoop-ozone-ozone-manager-0.5.0-SNAPSHOT.jar:/home/user/.m2/repository/org/apache/hadoop/hadoop-minikdc/3.2.0/hadoop-minikdc-3.2.0.jar:/home/user/.m2/repository/commons-io/commons-io/2.5/commons-io-2.5.jar:/home/user/.m2/repository/org/apache/kerby/kerb-simplekdc/1.0.1/kerb-simplekdc-1.0.1.jar:/home/user/.m2/repository/org/apache/kerby/kerb-client/1.0.1/kerb-client-1.0.1.jar:/home/user/.m2/repository/org/apache/kerby/kerby-config/1.0.1/kerby-config-1.0.1.jar:/home/user/.m2/repository/org/apache/kerby/kerb-core/1.0.1/kerb-core-1.0.1.jar:/home/user/.m2/repository/org/apache/kerby/kerby-pkix/1.0.1/kerby-pkix-1.0.1.jar:/home/user/.m2/repository/org/apache/kerby/kerby-asn1/1.0.1/kerby-asn1-1.0.1.jar:/home/user/.m2/repository/org/apache/kerby/kerby-util/1.0.1/kerby-util-1.0.1.jar:/home/user/.m2/repository/org/apache/kerby/kerb-common/1.0.1/kerb-common-1.0.1.jar:/home/user/.m2/repository/org/apache/kerby/kerb-crypto/1.0.1/kerb-crypto-1.0.1.jar:/home/user/.m2/repository/org/apache/kerby/kerb-util/1.0.1/kerb-util-1.0.1.jar:/home/user/.m2/repository/org/apache/kerby/token-provider/1.0.1/token-provider-1.0.1.jar:/home/user/.m2/repository/org/apache/kerby/kerb-admin/1.0.1/kerb-admin-1.0.1.jar:/home/user/.m2/repository/org/apache/kerby/kerb-server/1.0.1/kerb-server-1.0.1.jar:/home/user/.m2/repository/org/apache/kerby/kerb-identity/1.0.1/kerb-identity-1.0.1.jar:/home/user/.m2/repository/org/apache/kerby/kerby-xdr/1.0.1/kerby-xdr-1.0.1.jar:/home/user/.m2/repository/org/slf4j/slf4j-log4j12/1.7.25/slf4j-log4j12-1.7.25.jar:/home/user/.m2/repository/org/apache/hadoop/hadoop-ozone-s3gateway/0.5.0-SNAPSHOT/hadoop-ozone-s3gateway-0.5.0-SNAPSHOT.jar:/home/user/.m2/repository/org/jboss/weld/servlet/weld-servlet/2.4.7.Final/weld-servlet-2.4.7.Final.jar:/home/user/.m2/repository/org/glassfish/jersey/containers/jersey-container-servlet-core/2.27/jersey-container-servlet-core-2.27.jar:/home/user/.m2/repository/org/glassfish/hk2/external/javax.inject/2.5.0-b42/javax.inject-2.5.0-b42.jar:/home/user/.m2/repository/org/glassfish/jersey/core/jersey-common/2.27/jersey-common-2.27.jar:/home/user/.m2/repository/org/glassfish/hk2/osgi-resource-locator/1.0.1/osgi-resource-locator-1.0.1.jar:/home/user/.m2/repository/javax/ws/rs/javax.ws.rs-api/2.1/javax.ws.rs-api-2.1.jar:/home/user/.m2/repository/org/glassfish/jersey/ext/cdi/jersey-cdi1x/2.27/jersey-cdi1x-2.27.jar:/home/user/.m2/repository/org/glassfish/jersey/inject/jersey-hk2/2.27/jersey-hk2-2.27.jar:/home/user/.m2/repository/org/glassfish/hk2/hk2-locator/2.5.0-b42/hk2-locator-2.5.0-b42.jar:/home/user/.m2/repository/org/javassist/javassist/3.22.0-CR2/javassist-3.22.0-CR2.jar:/home/user/.m2/repository/org/glassfish/hk2/hk2-api/2.5.0/hk2-api-2.5.0.jar:/home/user/.m2/repository/org/glassfish/hk2/external/jakarta.inject/2.5.0/jakarta.inject-2.5.0.jar:/home/user/.m2/repository/org/glassfish/hk2/hk2-utils/2.5.0/hk2-utils-2.5.0.jar:/home/user/.m2/repository/jakarta/annotation/jakarta.annotation-api/1.3.4/jakarta.annotation-api-1.3.4.jar:/home/user/.m2/repository/org/glassfish/hk2/external/aopalliance-repackaged/2.5.0/aopalliance-repackaged-2.5.0.jar:/home/user/.m2/repository/com/fasterxml/jackson/dataformat/jackson-dataformat-xml/2.9.0/jackson-dataformat-xml-2.9.0.jar:/home/user/.m2/repository/com/fasterxml/jackson/core/jackson-core/2.9.5/jackson-core-2.9.5.jar:/home/user/.m2/repository/com/fasterxml/jackson/module/jackson-module-jaxb-annotations/2.9.5/jackson-module-jaxb-annotations-2.9.5.jar:/home/user/.m2/repository/javax/enterprise/cdi-api/1.2/cdi-api-1.2.jar:/home/user/.m2/repository/javax/el/javax.el-api/3.0.0/javax.el-api-3.0.0.jar:/home/user/.m2/repository/javax/interceptor/javax.interceptor-api/1.2/javax.interceptor-api-1.2.jar:/home/user/.m2/repository/javax/inject/javax.inject/1/javax.inject-1.jar:/home/user/.m2/repository/com/sun/xml/bind/jaxb-impl/2.3.0.1/jaxb-impl-2.3.0.1.jar:/home/user/.m2/repository/com/sun/xml/bind/jaxb-core/2.3.0.1/jaxb-core-2.3.0.1.jar:/home/user/.m2/repository/javax/xml/bind/jaxb-api/2.3.0/jaxb-api-2.3.0.jar:/home/user/.m2/repository/javax/activation/activation/1.1.1/activation-1.1.1.jar:/home/user/.m2/repository/org/apache/hadoop/hadoop-ozone-csi/0.5.0-SNAPSHOT/hadoop-ozone-csi-0.5.0-SNAPSHOT.jar:/home/user/.m2/repository/com/google/protobuf/protobuf-java-util/3.5.1/protobuf-java-util-3.5.1.jar:/home/user/.m2/repository/org/apache/hadoop/hadoop-hdds-config/0.5.0-SNAPSHOT/hadoop-hdds-config-0.5.0-SNAPSHOT.jar:/home/user/.m2/repository/io/grpc/grpc-netty/1.17.1/grpc-netty-1.17.1.jar:/home/user/.m2/repository/io/grpc/grpc-core/1.17.1/grpc-core-1.17.1.jar:/home/user/.m2/repository/io/grpc/grpc-context/1.17.1/grpc-context-1.17.1.jar:/home/user/.m2/repository/com/google/errorprone/error_prone_annotations/2.2.0/error_prone_annotations-2.2.0.jar:/home/user/.m2/repository/org/codehaus/mojo/animal-sniffer-annotations/1.17/animal-sniffer-annotations-1.17.jar:/home/user/.m2/repository/io/opencensus/opencensus-api/0.17.0/opencensus-api-0.17.0.jar:/home/user/.m2/repository/io/opencensus/opencensus-contrib-grpc-metrics/0.17.0/opencensus-contrib-grpc-metrics-0.17.0.jar:/home/user/.m2/repository/io/netty/netty-codec-http2/4.1.30.Final/netty-codec-http2-4.1.30.Final.jar:/home/user/.m2/repository/io/netty/netty-codec-http/4.1.30.Final/netty-codec-http-4.1.30.Final.jar:/home/user/.m2/repository/io/netty/netty-codec/4.1.30.Final/netty-codec-4.1.30.Final.jar:/home/user/.m2/repository/io/netty/netty-handler/4.1.30.Final/netty-handler-4.1.30.Final.jar:/home/user/.m2/repository/io/netty/netty-handler-proxy/4.1.30.Final/netty-handler-proxy-4.1.30.Final.jar:/home/user/.m2/repository/io/netty/netty-codec-socks/4.1.30.Final/netty-codec-socks-4.1.30.Final.jar:/home/user/.m2/repository/io/netty/netty-transport-native-epoll/4.1.30.Final/netty-transport-native-epoll-4.1.30.Final.jar:/home/user/.m2/repository/io/netty/netty-common/4.1.30.Final/netty-common-4.1.30.Final.jar:/home/user/.m2/repository/io/netty/netty-buffer/4.1.30.Final/netty-buffer-4.1.30.Final.jar:/home/user/.m2/repository/io/netty/netty-transport/4.1.30.Final/netty-transport-4.1.30.Final.jar:/home/user/.m2/repository/io/netty/netty-resolver/4.1.30.Final/netty-resolver-4.1.30.Final.jar:/home/user/.m2/repository/io/netty/netty-transport-native-unix-common/4.1.30.Final/netty-transport-native-unix-common-4.1.30.Final.jar:/home/user/.m2/repository/io/grpc/grpc-protobuf/1.17.1/grpc-protobuf-1.17.1.jar:/home/user/.m2/repository/com/google/api/grpc/proto-google-common-protos/1.0.0/proto-google-common-protos-1.0.0.jar:/home/user/.m2/repository/io/grpc/grpc-protobuf-lite/1.17.1/grpc-protobuf-lite-1.17.1.jar:/home/user/.m2/repository/io/grpc/grpc-stub/1.17.1/grpc-stub-1.17.1.jar:/home/user/.m2/repository/org/apache/hadoop/hadoop-ozone-recon/0.5.0-SNAPSHOT/hadoop-ozone-recon-0.5.0-SNAPSHOT.jar:/home/user/.m2/repository/org/apache/hadoop/hadoop-ozone-reconcodegen/0.5.0-SNAPSHOT/hadoop-ozone-reconcodegen-0.5.0-SNAPSHOT.jar:/home/user/.m2/repository/com/google/inject/extensions/guice-multibindings/4.0/guice-multibindings-4.0.jar:/home/user/.m2/repository/com/google/inject/guice/4.0/guice-4.0.jar:/home/user/.m2/repository/aopalliance/aopalliance/1.0/aopalliance-1.0.jar:/home/user/.m2/repository/com/google/inject/extensions/guice-servlet/4.0/guice-servlet-4.0.jar:/home/user/.m2/repository/org/glassfish/jersey/containers/jersey-container-servlet/2.27/jersey-container-servlet-2.27.jar:/home/user/.m2/repository/org/glassfish/hk2/guice-bridge/2.5.0/guice-bridge-2.5.0.jar:/home/user/.m2/repository/org/glassfish/jersey/core/jersey-server/2.27/jersey-server-2.27.jar:/home/user/.m2/repository/org/glassfish/jersey/core/jersey-client/2.27/jersey-client-2.27.jar:/home/user/.m2/repository/org/glassfish/jersey/media/jersey-media-jaxb/2.27/jersey-media-jaxb-2.27.jar:/home/user/.m2/repository/javax/validation/validation-api/1.1.0.Final/validation-api-1.1.0.Final.jar:/home/user/.m2/repository/org/glassfish/jersey/media/jersey-media-json-jackson/2.27/jersey-media-json-jackson-2.27.jar:/home/user/.m2/repository/org/glassfish/jersey/ext/jersey-entity-filtering/2.27/jersey-entity-filtering-2.27.jar:/home/user/.m2/repository/com/google/inject/extensions/guice-assistedinject/4.0/guice-assistedinject-4.0.jar:/home/user/.m2/repository/org/jooq/jooq/3.11.10/jooq-3.11.10.jar:/home/user/.m2/repository/org/jooq/jooq-meta/3.11.10/jooq-meta-3.11.10.jar:/home/user/.m2/repository/org/jooq/jooq-codegen/3.11.10/jooq-codegen-3.11.10.jar:/home/user/.m2/repository/com/jolbox/bonecp/0.8.0.RELEASE/bonecp-0.8.0.RELEASE.jar:/home/user/.m2/repository/org/xerial/sqlite-jdbc/3.25.2/sqlite-jdbc-3.25.2.jar:/home/user/.m2/repository/org/springframework/spring-jdbc/5.1.3.RELEASE/spring-jdbc-5.1.3.RELEASE.jar:/home/user/.m2/repository/org/springframework/spring-beans/5.1.3.RELEASE/spring-beans-5.1.3.RELEASE.jar:/home/user/.m2/repository/org/springframework/spring-core/5.1.3.RELEASE/spring-core-5.1.3.RELEASE.jar:/home/user/.m2/repository/org/springframework/spring-jcl/5.1.3.RELEASE/spring-jcl-5.1.3.RELEASE.jar:/home/user/.m2/repository/org/springframework/spring-tx/5.1.3.RELEASE/spring-tx-5.1.3.RELEASE.jar:/home/user/.m2/repository/org/apache/hadoop/hadoop-ozone-client/0.5.0-SNAPSHOT/hadoop-ozone-client-0.5.0-SNAPSHOT.jar:/home/user/.m2/repository/commons-lang/commons-lang/2.6/commons-lang-2.6.jar:/home/user/.m2/repository/org/apache/hadoop/hadoop-ozone-ozone-manager/0.5.0-SNAPSHOT/hadoop-ozone-ozone-manager-0.5.0-SNAPSHOT-tests.jar:/home/user/.m2/repository/junit/junit/4.11/junit-4.11.jar:/home/user/.m2/repository/org/hamcrest/hamcrest-core/1.3/hamcrest-core-1.3.jar:/home/user/.m2/repository/org/openjdk/jmh/jmh-core/1.19/jmh-core-1.19.jar:/home/user/.m2/repository/net/sf/jopt-simple/jopt-simple/4.6/jopt-simple-4.6.jar:/home/user/.m2/repository/org/apache/commons/commons-math3/3.1.1/commons-math3-3.1.1.jar:/home/user/.m2/repository/org/openjdk/jmh/jmh-generator-annprocess/1.19/jmh-generator-annprocess-1.19.jar:/home/user/.m2/repository/org/mockito/mockito-all/1.8.5/mockito-all-1.8.5.jar:/home/user/.m2/repository/org/apache/hadoop/hadoop-kms/3.2.0/hadoop-kms-3.2.0.jar:/home/user/.m2/repository/org/apache/hadoop/hadoop-auth/3.2.0/hadoop-auth-3.2.0.jar:/home/user/.m2/repository/com/nimbusds/nimbus-jose-jwt/4.41.1/nimbus-jose-jwt-4.41.1.jar:/home/user/.m2/repository/com/github/stephenc/jcip/jcip-annotations/1.0-1/jcip-annotations-1.0-1.jar:/home/user/.m2/repository/net/minidev/json-smart/2.3/json-smart-2.3.jar:/home/user/.m2/repository/net/minidev/accessors-smart/1.2/accessors-smart-1.2.jar:/home/user/.m2/repository/org/ow2/asm/asm/5.0.4/asm-5.0.4.jar:/home/user/.m2/repository/org/apache/curator/curator-framework/2.12.0/curator-framework-2.12.0.jar:/home/user/.m2/repository/com/sun/jersey/jersey-core/1.19/jersey-core-1.19.jar:/home/user/.m2/repository/javax/ws/rs/jsr311-api/1.1.1/jsr311-api-1.1.1.jar:/home/user/.m2/repository/com/sun/jersey/jersey-server/1.19/jersey-server-1.19.jar:/home/user/.m2/repository/javax/servlet/javax.servlet-api/3.1.0/javax.servlet-api-3.1.0.jar:/home/user/.m2/repository/org/eclipse/jetty/jetty-server/9.3.24.v20180605/jetty-server-9.3.24.v20180605.jar:/home/user/.m2/repository/org/eclipse/jetty/jetty-http/9.3.24.v20180605/jetty-http-9.3.24.v20180605.jar:/home/user/.m2/repository/org/eclipse/jetty/jetty-io/9.3.24.v20180605/jetty-io-9.3.24.v20180605.jar:/home/user/.m2/repository/org/eclipse/jetty/jetty-webapp/9.3.24.v20180605/jetty-webapp-9.3.24.v20180605.jar:/home/user/.m2/repository/org/eclipse/jetty/jetty-xml/9.3.24.v20180605/jetty-xml-9.3.24.v20180605.jar:/home/user/.m2/repository/log4j/log4j/1.2.17/log4j-1.2.17.jar:/home/user/.m2/repository/org/slf4j/slf4j-api/1.7.25/slf4j-api-1.7.25.jar:/home/user/.m2/repository/org/slf4j/jul-to-slf4j/1.7.25/jul-to-slf4j-1.7.25.jar:/home/user/.m2/repository/org/eclipse/jetty/jetty-util/9.3.24.v20180605/jetty-util-9.3.24.v20180605.jar:/home/user/.m2/repository/com/fasterxml/jackson/core/jackson-databind/2.9.5/jackson-databind-2.9.5.jar:/home/user/.m2/repository/org/apache/hadoop/hadoop-kms/3.2.0/hadoop-kms-3.2.0-tests.jar:/home/user/.m2/repository/org/apache/hadoop/hadoop-hdds-server-scm/0.5.0-SNAPSHOT/hadoop-hdds-server-scm-0.5.0-SNAPSHOT-tests.jar:/home/user/.m2/repository/org/apache/hadoop/hadoop-hdds-container-service/0.5.0-SNAPSHOT/hadoop-hdds-container-service-0.5.0-SNAPSHOT-tests.jar:/home/user/.m2/repository/org/yaml/snakeyaml/1.16/snakeyaml-1.16.jar:/home/user/.m2/repository/org/apache/hadoop/hadoop-common/3.2.0/hadoop-common-3.2.0-tests.jar:/home/user/.m2/repository/org/apache/hadoop/hadoop-annotations/3.2.0/hadoop-annotations-3.2.0.jar:/usr/lib/jvm/java-1.8-openjdk/jre/../lib/tools.jar:/home/user/.m2/repository/commons-cli/commons-cli/1.2/commons-cli-1.2.jar:/home/user/.m2/repository/org/apache/httpcomponents/httpclient/4.5.2/httpclient-4.5.2.jar:/home/user/.m2/repository/org/apache/httpcomponents/httpcore/4.4.4/httpcore-4.4.4.jar:/home/user/.m2/repository/commons-codec/commons-codec/1.11/commons-codec-1.11.jar:/home/user/.m2/repository/commons-net/commons-net/3.6/commons-net-3.6.jar:/home/user/.m2/repository/commons-collections/commons-collections/3.2.2/commons-collections-3.2.2.jar:/home/user/.m2/repository/org/eclipse/jetty/jetty-servlet/9.3.24.v20180605/jetty-servlet-9.3.24.v20180605.jar:/home/user/.m2/repository/org/eclipse/jetty/jetty-security/9.3.24.v20180605/jetty-security-9.3.24.v20180605.jar:/home/user/.m2/repository/javax/servlet/jsp/jsp-api/2.1/jsp-api-2.1.jar:/home/user/.m2/repository/com/sun/jersey/jersey-servlet/1.19/jersey-servlet-1.19.jar:/home/user/.m2/repository/com/sun/jersey/jersey-json/1.19/jersey-json-1.19.jar:/home/user/.m2/repository/org/codehaus/jettison/jettison/1.1/jettison-1.1.jar:/home/user/.m2/repository/org/codehaus/jackson/jackson-core-asl/1.9.13/jackson-core-asl-1.9.13.jar:/home/user/.m2/repository/org/codehaus/jackson/jackson-mapper-asl/1.9.13/jackson-mapper-asl-1.9.13.jar:/home/user/.m2/repository/org/codehaus/jackson/jackson-jaxrs/1.9.13/jackson-jaxrs-1.9.13.jar:/home/user/.m2/repository/org/codehaus/jackson/jackson-xc/1.9.13/jackson-xc-1.9.13.jar:/home/user/.m2/repository/commons-logging/commons-logging/1.1.3/commons-logging-1.1.3.jar:/home/user/.m2/repository/commons-beanutils/commons-beanutils/1.9.3/commons-beanutils-1.9.3.jar:/home/user/.m2/repository/org/apache/commons/commons-configuration2/2.1.1/commons-configuration2-2.1.1.jar:/home/user/.m2/repository/org/apache/commons/commons-lang3/3.7/commons-lang3-3.7.jar:/home/user/.m2/repository/org/apache/commons/commons-text/1.4/commons-text-1.4.jar:/home/user/.m2/repository/org/apache/avro/avro/1.7.7/avro-1.7.7.jar:/home/user/.m2/repository/com/thoughtworks/paranamer/paranamer/2.3/paranamer-2.3.jar:/home/user/.m2/repository/org/xerial/snappy/snappy-java/1.0.5/snappy-java-1.0.5.jar:/home/user/.m2/repository/com/google/re2j/re2j/1.1/re2j-1.1.jar:/home/user/.m2/repository/com/google/code/gson/gson/2.2.4/gson-2.2.4.jar:/home/user/.m2/repository/com/jcraft/jsch/0.1.54/jsch-0.1.54.jar:/home/user/.m2/repository/org/apache/curator/curator-client/2.12.0/curator-client-2.12.0.jar:/home/user/.m2/repository/org/apache/curator/curator-recipes/2.12.0/curator-recipes-2.12.0.jar:/home/user/.m2/repository/com/google/code/findbugs/jsr305/3.0.0/jsr305-3.0.0.jar:/home/user/.m2/repository/org/apache/htrace/htrace-core4/4.1.0-incubating/htrace-core4-4.1.0-incubating.jar:/home/user/.m2/repository/org/apache/zookeeper/zookeeper/3.4.13/zookeeper-3.4.13.jar:/home/user/.m2/repository/org/apache/yetus/audience-annotations/0.5.0/audience-annotations-0.5.0.jar:/home/user/.m2/repository/org/codehaus/woodstox/stax2-api/3.1.4/stax2-api-3.1.4.jar:/home/user/.m2/repository/com/fasterxml/woodstox/woodstox-core/5.0.3/woodstox-core-5.0.3.jar:/home/user/.m2/repository/dnsjava/dnsjava/2.1.7/dnsjava-2.1.7.jar:/home/user/.m2/repository/org/apache/hadoop/hadoop-hdfs/3.2.0/hadoop-hdfs-3.2.0-tests.jar:/home/user/.m2/repository/org/eclipse/jetty/jetty-util-ajax/9.3.24.v20180605/jetty-util-ajax-9.3.24.v20180605.jar:/home/user/.m2/repository/commons-daemon/commons-daemon/1.0.13/commons-daemon-1.0.13.jar:/home/user/.m2/repository/io/netty/netty/3.10.5.Final/netty-3.10.5.Final.jar:/home/user/.m2/repository/io/netty/netty-all/4.0.52.Final/netty-all-4.0.52.Final.jar:/home/user/.m2/repository/org/fusesource/leveldbjni/leveldbjni-all/1.8/leveldbjni-all-1.8.jar:"/>
    <property name="sun.cpu.endian" value="little"/>
    <property name="user.home" value="/home/user"/>
    <property name="user.language" value="en"/>
    <property name="java.specification.vendor" value="Oracle Corporation"/>
    <property name="java.home" value="/usr/lib/jvm/java-1.8-openjdk/jre"/>
    <property name="java.security.krb5.conf" value="/workdir/hadoop-ozone/integration-test/target/test-classes/krb5.conf"/>
    <property name="basedir" value="/workdir/hadoop-ozone/integration-test"/>
    <property name="file.separator" value="/"/>
    <property name="line.separator" value="&#10;"/>
    <property name="java.vm.specification.vendor" value="Oracle Corporation"/>
    <property name="java.specification.name" value="Java Platform API Specification"/>
    <property name="java.awt.graphicsenv" value="sun.awt.X11GraphicsEnvironment"/>
    <property name="surefire.real.class.path" value="/workdir/hadoop-ozone/integration-test/target/surefire/surefirebooter1489724071194218813.jar"/>
    <property name="hadoop.log.dir" value="/workdir/hadoop-ozone/integration-test/target/log"/>
    <property name="sun.boot.class.path" value="/usr/lib/jvm/java-1.8-openjdk/jre/lib/resources.jar:/usr/lib/jvm/java-1.8-openjdk/jre/lib/rt.jar:/usr/lib/jvm/java-1.8-openjdk/jre/lib/sunrsasign.jar:/usr/lib/jvm/java-1.8-openjdk/jre/lib/jsse.jar:/usr/lib/jvm/java-1.8-openjdk/jre/lib/jce.jar:/usr/lib/jvm/java-1.8-openjdk/jre/lib/charsets.jar:/usr/lib/jvm/java-1.8-openjdk/jre/lib/jfr.jar:/usr/lib/jvm/java-1.8-openjdk/jre/classes"/>
    <property name="sun.management.compiler" value="HotSpot 64-Bit Tiered Compilers"/>
    <property name="java.runtime.version" value="1.8.0_212-b04"/>
    <property name="java.net.preferIPv4Stack" value="true"/>
    <property name="user.name" value="jenkins1000"/>
    <property name="path.separator" value=":"/>
    <property name="java.security.egd" value="file:///dev/urandom"/>
    <property name="os.version" value="3.10.0-957.12.2.el7.x86_64"/>
    <property name="java.endorsed.dirs" value="/usr/lib/jvm/java-1.8-openjdk/jre/lib/endorsed"/>
    <property name="java.runtime.name" value="OpenJDK Runtime Environment"/>
    <property name="file.encoding" value="UTF-8"/>
    <property name="java.vm.name" value="OpenJDK 64-Bit Server VM"/>
    <property name="test.build.webapps" value=""/>
    <property name="localRepository" value="/home/user/.m2/repository"/>
    <property name="java.vendor.url.bug" value="https://icedtea.classpath.org/bugzilla"/>
    <property name="java.io.tmpdir" value="/tmp"/>
    <property name="require.test.libhadoop" value=""/>
    <property name="java.version" value="1.8.0_212"/>
    <property name="user.dir" value="/workdir/hadoop-ozone/integration-test"/>
    <property name="os.arch" value="amd64"/>
    <property name="java.vm.specification.name" value="Java Virtual Machine Specification"/>
    <property name="test.build.classes" value="/workdir/hadoop-ozone/integration-test/target/test-classes"/>
    <property name="java.awt.printerjob" value="sun.print.PSPrinterJob"/>
    <property name="sun.os.patch.level" value="unknown"/>
    <property name="hadoop.tmp.dir" value="/workdir/hadoop-ozone/integration-test/target/tmp"/>
    <property name="java.library.path" value="/usr/lib/jvm/java-1.8-openjdk/jre/lib/amd64/server:/usr/lib/jvm/java-1.8-openjdk/jre/lib/amd64:/usr/lib/jvm/java-1.8-openjdk/jre/../lib/amd64:/workdir/hadoop-ozone/integration-test/target/native/target/usr/local/lib:/workdir/hadoop-ozone/integration-test/../../hadoop-common-project/hadoop-common/target/native/target/usr/local/lib:/usr/java/packages/lib/amd64:/usr/lib64:/lib64:/lib:/usr/lib"/>
    <property name="java.vm.info" value="mixed mode"/>
    <property name="java.vendor" value="IcedTea"/>
    <property name="java.vm.version" value="25.212-b04"/>
    <property name="java.ext.dirs" value="/usr/lib/jvm/java-1.8-openjdk/jre/lib/ext:/usr/java/packages/lib/ext"/>
    <property name="sun.io.unicode.encoding" value="UnicodeLittle"/>
    <property name="java.class.version" value="52.0"/>
  </properties>
  <testcase name="testMultiBlockWritesWithIntermittentDnFailures" classname="org.apache.hadoop.ozone.client.rpc.TestMultiBlockWritesWithDnFailures" time="102.41">
    <error message="Allocated 0 blocks. Requested 1 blocks" type="INTERNAL_ERROR org.apache.hadoop.ozone.om.exceptions.OMException">INTERNAL_ERROR org.apache.hadoop.ozone.om.exceptions.OMException: Allocated 0 blocks. Requested 1 blocks
	at org.apache.hadoop.ozone.om.protocolPB.OzoneManagerProtocolClientSideTranslatorPB.handleError(OzoneManagerProtocolClientSideTranslatorPB.java:725)
	at org.apache.hadoop.ozone.om.protocolPB.OzoneManagerProtocolClientSideTranslatorPB.allocateBlock(OzoneManagerProtocolClientSideTranslatorPB.java:757)
	at org.apache.hadoop.ozone.client.io.BlockOutputStreamEntryPool.allocateNewBlock(BlockOutputStreamEntryPool.java:248)
	at org.apache.hadoop.ozone.client.io.BlockOutputStreamEntryPool.allocateBlockIfNeeded(BlockOutputStreamEntryPool.java:296)
	at org.apache.hadoop.ozone.client.io.KeyOutputStream.handleWrite(KeyOutputStream.java:201)
	at org.apache.hadoop.ozone.client.io.KeyOutputStream.handleRetry(KeyOutputStream.java:376)
	at org.apache.hadoop.ozone.client.io.KeyOutputStream.handleException(KeyOutputStream.java:325)
	at org.apache.hadoop.ozone.client.io.KeyOutputStream.handleWrite(KeyOutputStream.java:231)
	at org.apache.hadoop.ozone.client.io.KeyOutputStream.write(KeyOutputStream.java:193)
	at org.apache.hadoop.ozone.client.io.OzoneOutputStream.write(OzoneOutputStream.java:49)
	at java.io.OutputStream.write(OutputStream.java:75)
	at org.apache.hadoop.ozone.client.rpc.TestMultiBlockWritesWithDnFailures.testMultiBlockWritesWithIntermittentDnFailures(TestMultiBlockWritesWithDnFailures.java:192)
	at sun.reflect.NativeMethodAccessorImpl.invoke0(Native Method)
	at sun.reflect.NativeMethodAccessorImpl.invoke(NativeMethodAccessorImpl.java:62)
	at sun.reflect.DelegatingMethodAccessorImpl.invoke(DelegatingMethodAccessorImpl.java:43)
	at java.lang.reflect.Method.invoke(Method.java:498)
	at org.junit.runners.model.FrameworkMethod$1.runReflectiveCall(FrameworkMethod.java:47)
	at org.junit.internal.runners.model.ReflectiveCallable.run(ReflectiveCallable.java:12)
	at org.junit.runners.model.FrameworkMethod.invokeExplosively(FrameworkMethod.java:44)
	at org.junit.internal.runners.statements.InvokeMethod.evaluate(InvokeMethod.java:17)
	at org.junit.internal.runners.statements.RunAfters.evaluate(RunAfters.java:27)
	at org.junit.runners.ParentRunner.runLeaf(ParentRunner.java:271)
	at org.junit.runners.BlockJUnit4ClassRunner.runChild(BlockJUnit4ClassRunner.java:70)
	at org.junit.runners.BlockJUnit4ClassRunner.runChild(BlockJUnit4ClassRunner.java:50)
	at org.junit.runners.ParentRunner$3.run(ParentRunner.java:238)
	at org.junit.runners.ParentRunner$1.schedule(ParentRunner.java:63)
	at org.junit.runners.ParentRunner.runChildren(ParentRunner.java:236)
	at org.junit.runners.ParentRunner.access$000(ParentRunner.java:53)
	at org.junit.runners.ParentRunner$2.evaluate(ParentRunner.java:229)
	at org.junit.runners.ParentRunner.run(ParentRunner.java:309)
	at org.apache.maven.surefire.junit4.JUnit4Provider.execute(JUnit4Provider.java:365)
	at org.apache.maven.surefire.junit4.JUnit4Provider.executeWithRerun(JUnit4Provider.java:273)
	at org.apache.maven.surefire.junit4.JUnit4Provider.executeTestSet(JUnit4Provider.java:238)
	at org.apache.maven.surefire.junit4.JUnit4Provider.invoke(JUnit4Provider.java:159)
	at org.apache.maven.surefire.booter.ForkedBooter.invokeProviderInSameClassLoader(ForkedBooter.java:384)
	at org.apache.maven.surefire.booter.ForkedBooter.runSuitesInProcess(ForkedBooter.java:345)
	at org.apache.maven.surefire.booter.ForkedBooter.execute(ForkedBooter.java:126)
	at org.apache.maven.surefire.booter.ForkedBooter.main(ForkedBooter.java:418)
</error>
    <system-out><![CDATA[2019-09-11 07:39:22,960 [main] WARN  server.ServerUtils (ServerUtils.java:getScmDbDir(145)) - ozone.scm.db.dirs is not configured. We recommend adding this setting. Falling back to ozone.metadata.dirs instead.
2019-09-11 07:39:23,094 [main] WARN  server.ServerUtils (ServerUtils.java:getScmDbDir(145)) - ozone.scm.db.dirs is not configured. We recommend adding this setting. Falling back to ozone.metadata.dirs instead.
2019-09-11 07:39:23,098 [main] WARN  server.ServerUtils (ServerUtils.java:getScmDbDir(145)) - ozone.scm.db.dirs is not configured. We recommend adding this setting. Falling back to ozone.metadata.dirs instead.
2019-09-11 07:39:23,117 [main] INFO  util.log (Log.java:initialized(192)) - Logging initialized @900ms
2019-09-11 07:39:23,220 [main] INFO  db.DBStoreBuilder (DBStoreBuilder.java:addTable(110)) - using custom profile for table: deletedBlocks
2019-09-11 07:39:23,220 [main] INFO  db.DBStoreBuilder (DBStoreBuilder.java:processTables(161)) - Using default column profile:DBProfile.DISK for Table:deletedBlocks
2019-09-11 07:39:23,221 [main] INFO  db.DBStoreBuilder (DBStoreBuilder.java:addTable(110)) - using custom profile for table: validCerts
2019-09-11 07:39:23,221 [main] INFO  db.DBStoreBuilder (DBStoreBuilder.java:processTables(161)) - Using default column profile:DBProfile.DISK for Table:validCerts
2019-09-11 07:39:23,221 [main] INFO  db.DBStoreBuilder (DBStoreBuilder.java:addTable(110)) - using custom profile for table: revokedCerts
2019-09-11 07:39:23,222 [main] INFO  db.DBStoreBuilder (DBStoreBuilder.java:processTables(161)) - Using default column profile:DBProfile.DISK for Table:revokedCerts
2019-09-11 07:39:23,234 [main] INFO  db.DBStoreBuilder (DBStoreBuilder.java:addTable(110)) - using custom profile for table: default
2019-09-11 07:39:23,234 [main] INFO  db.DBStoreBuilder (DBStoreBuilder.java:processTables(167)) - Using default column profile:DBProfile.DISK for Table:default
2019-09-11 07:39:23,235 [main] INFO  db.DBStoreBuilder (DBStoreBuilder.java:getDbProfile(198)) - Using default options. DBProfile.DISK
2019-09-11 07:39:23,502 [main] INFO  net.NodeSchemaLoader (NodeSchemaLoader.java:loadSchemaFromFile(125)) - Loading file from sun.misc.CompoundEnumeration@3270d194
2019-09-11 07:39:23,504 [main] INFO  net.NodeSchemaLoader (NodeSchemaLoader.java:loadSchema(171)) - Loading network topology layer schema file
2019-09-11 07:39:23,604 [main] INFO  node.SCMNodeManager (SCMNodeManager.java:<init>(114)) - Entering startup safe mode.
2019-09-11 07:39:23,680 [main] INFO  algorithms.ContainerPlacementPolicyFactory (ContainerPlacementPolicyFactory.java:getPolicy(57)) - Create container placement policy of type org.apache.hadoop.hdds.scm.container.placement.algorithms.SCMContainerPlacementRandom
2019-09-11 07:39:23,699 [main] WARN  server.ServerUtils (ServerUtils.java:getScmDbDir(145)) - ozone.scm.db.dirs is not configured. We recommend adding this setting. Falling back to ozone.metadata.dirs instead.
2019-09-11 07:39:23,770 [main] INFO  pipeline.SCMPipelineManager (SCMPipelineManager.java:initializePipelineState(128)) - No pipeline exists in current db
2019-09-11 07:39:23,774 [main] WARN  server.ServerUtils (ServerUtils.java:getScmDbDir(145)) - ozone.scm.db.dirs is not configured. We recommend adding this setting. Falling back to ozone.metadata.dirs instead.
2019-09-11 07:39:23,888 [main] WARN  events.EventQueue (EventQueue.java:fireEvent(183)) - No event handler registered for event TypedEvent{payloadType=SafeModeStatus, name='SafeModeStatus'}
2019-09-11 07:39:24,254 [main] INFO  ipc.CallQueueManager (CallQueueManager.java:<init>(84)) - Using callQueue: class java.util.concurrent.LinkedBlockingQueue, queueCapacity: 2000, scheduler: class org.apache.hadoop.ipc.DefaultRpcScheduler, ipcBackoff: false.
2019-09-11 07:39:24,279 [Socket Reader #1 for port 41967] INFO  ipc.Server (Server.java:run(1074)) - Starting Socket Reader #1 for port 41967
2019-09-11 07:39:24,421 [main] INFO  ipc.CallQueueManager (CallQueueManager.java:<init>(84)) - Using callQueue: class java.util.concurrent.LinkedBlockingQueue, queueCapacity: 2000, scheduler: class org.apache.hadoop.ipc.DefaultRpcScheduler, ipcBackoff: false.
2019-09-11 07:39:24,423 [Socket Reader #1 for port 41826] INFO  ipc.Server (Server.java:run(1074)) - Starting Socket Reader #1 for port 41826
2019-09-11 07:39:24,436 [main] INFO  ipc.CallQueueManager (CallQueueManager.java:<init>(84)) - Using callQueue: class java.util.concurrent.LinkedBlockingQueue, queueCapacity: 2000, scheduler: class org.apache.hadoop.ipc.DefaultRpcScheduler, ipcBackoff: false.
2019-09-11 07:39:24,437 [Socket Reader #1 for port 38448] INFO  ipc.Server (Server.java:run(1074)) - Starting Socket Reader #1 for port 38448
2019-09-11 07:39:24,466 [main] INFO  hdfs.DFSUtil (DFSUtil.java:httpServerTemplateForNNAndJN(1641)) - Starting Web-server for scm at: http://0.0.0.0:0
2019-09-11 07:39:24,644 [main] INFO  server.AuthenticationFilter (AuthenticationFilter.java:constructSecretProvider(240)) - Unable to initialize FileSignerSecretProvider, falling back to use random secrets.
2019-09-11 07:39:24,653 [main] WARN  http.HttpRequestLog (HttpRequestLog.java:getRequestLog(97)) - Jetty request log can only be enabled using Log4j
2019-09-11 07:39:24,661 [main] INFO  http.HttpServer2 (HttpServer2.java:addGlobalFilter(975)) - Added global filter 'safety' (class=org.apache.hadoop.http.HttpServer2$QuotingInputFilter)
2019-09-11 07:39:24,663 [main] INFO  http.HttpServer2 (HttpServer2.java:addFilter(948)) - Added filter static_user_filter (class=org.apache.hadoop.http.lib.StaticUserWebFilter$StaticUserFilter) to context scm
2019-09-11 07:39:24,664 [main] INFO  http.HttpServer2 (HttpServer2.java:addFilter(958)) - Added filter static_user_filter (class=org.apache.hadoop.http.lib.StaticUserWebFilter$StaticUserFilter) to context logs
2019-09-11 07:39:24,664 [main] INFO  http.HttpServer2 (HttpServer2.java:addFilter(958)) - Added filter static_user_filter (class=org.apache.hadoop.http.lib.StaticUserWebFilter$StaticUserFilter) to context static
2019-09-11 07:39:24,693 [main] INFO  server.StorageContainerManager (StorageContainerManager.java:start(763)) - StorageContainerLocationProtocol RPC server is listening at /0.0.0.0:38448
2019-09-11 07:39:24,750 [main] WARN  impl.MetricsConfig (MetricsConfig.java:loadFirst(134)) - Cannot locate configuration: tried hadoop-metrics2-storagecontainermanager.properties,hadoop-metrics2.properties
2019-09-11 07:39:24,762 [main] INFO  impl.MetricsSystemImpl (MetricsSystemImpl.java:startTimer(374)) - Scheduled Metric snapshot period at 10 second(s).
2019-09-11 07:39:24,763 [main] INFO  impl.MetricsSystemImpl (MetricsSystemImpl.java:start(191)) - StorageContainerManager metrics system started
2019-09-11 07:39:25,002 [main] INFO  server.SCMClientProtocolServer (SCMClientProtocolServer.java:start(151)) - RPC server for Client  is listening at /0.0.0.0:38448
2019-09-11 07:39:25,003 [IPC Server Responder] INFO  ipc.Server (Server.java:run(1314)) - IPC Server Responder: starting
2019-09-11 07:39:25,003 [IPC Server listener on 38448] INFO  ipc.Server (Server.java:run(1153)) - IPC Server listener on 38448: starting
2019-09-11 07:39:25,005 [main] INFO  server.StorageContainerManager (StorageContainerManager.java:start(773)) - ScmBlockLocationProtocol RPC server is listening at /0.0.0.0:41826
2019-09-11 07:39:25,007 [main] INFO  server.SCMBlockProtocolServer (SCMBlockProtocolServer.java:start(146)) - RPC server for Block Protocol is listening at /0.0.0.0:41826
2019-09-11 07:39:25,007 [IPC Server Responder] INFO  ipc.Server (Server.java:run(1314)) - IPC Server Responder: starting
2019-09-11 07:39:25,007 [IPC Server listener on 41826] INFO  ipc.Server (Server.java:run(1153)) - IPC Server listener on 41826: starting
2019-09-11 07:39:25,013 [main] INFO  server.StorageContainerManager (StorageContainerManager.java:start(777)) - ScmDatanodeProtocl RPC server is listening at /0.0.0.0:41967
2019-09-11 07:39:25,013 [main] INFO  server.SCMDatanodeProtocolServer (SCMDatanodeProtocolServer.java:start(191)) - RPC server for DataNodes is listening at /0.0.0.0:41967
2019-09-11 07:39:25,014 [IPC Server Responder] INFO  ipc.Server (Server.java:run(1314)) - IPC Server Responder: starting
2019-09-11 07:39:25,014 [IPC Server listener on 41967] INFO  ipc.Server (Server.java:run(1153)) - IPC Server listener on 41967: starting
2019-09-11 07:39:25,021 [main] INFO  http.HttpServer2 (HttpServer2.java:bindListener(1191)) - Jetty bound to port 36100
2019-09-11 07:39:25,023 [main] INFO  server.Server (Server.java:doStart(351)) - jetty-9.3.24.v20180605, build timestamp: 2018-06-05T17:11:56Z, git hash: 84205aa28f11a4f31f2a3b86d1bba2cc8ab69827
2019-09-11 07:39:25,083 [main] INFO  handler.ContextHandler (ContextHandler.java:doStart(781)) - Started o.e.j.s.ServletContextHandler@732f29af{/logs,file:///workdir/hadoop-ozone/integration-test/target/log,AVAILABLE}
2019-09-11 07:39:25,085 [main] INFO  handler.ContextHandler (ContextHandler.java:doStart(781)) - Started o.e.j.s.ServletContextHandler@6622fc65{/static,file:///workdir/hadoop-ozone/integration-test/target/test-classes/webapps/static,AVAILABLE}
2019-09-11 07:39:25,125 [main] INFO  handler.ContextHandler (ContextHandler.java:doStart(781)) - Started o.e.j.w.WebAppContext@7555b920{/,file:///workdir/hadoop-ozone/integration-test/target/test-classes/webapps/scm/,AVAILABLE}{/scm}
2019-09-11 07:39:25,130 [main] INFO  server.AbstractConnector (AbstractConnector.java:doStart(278)) - Started ServerConnector@6db66836{HTTP/1.1,[http/1.1]}{0.0.0.0:36100}
2019-09-11 07:39:25,130 [main] INFO  server.Server (Server.java:doStart(419)) - Started @2914ms
2019-09-11 07:39:25,133 [main] INFO  impl.MetricsSinkAdapter (MetricsSinkAdapter.java:start(204)) - Sink prometheus started
2019-09-11 07:39:25,133 [main] INFO  impl.MetricsSystemImpl (MetricsSystemImpl.java:registerSink(301)) - Registered sink prometheus
2019-09-11 07:39:25,134 [main] INFO  server.BaseHttpServer (BaseHttpServer.java:updateConnectorAddress(215)) - HTTP server of SCM is listening at http://0.0.0.0:36100
2019-09-11 07:39:25,143 [org.apache.hadoop.util.JvmPauseMonitor$Monitor@78461bc4] INFO  util.JvmPauseMonitor (JvmPauseMonitor.java:run(188)) - Starting JVM pause monitor
2019-09-11 07:39:25,149 [main] WARN  server.ServerUtils (ServerUtils.java:getDBPath(222)) - ozone.om.db.dirs is not configured. We recommend adding this setting. Falling back to ozone.metadata.dirs instead.
2019-09-11 07:39:25,362 [main] WARN  server.ServerUtils (ServerUtils.java:getDBPath(222)) - ozone.om.db.dirs is not configured. We recommend adding this setting. Falling back to ozone.metadata.dirs instead.
2019-09-11 07:39:25,363 [main] WARN  server.ServerUtils (ServerUtils.java:getDBPath(222)) - ozone.om.db.dirs is not configured. We recommend adding this setting. Falling back to ozone.metadata.dirs instead.
2019-09-11 07:39:25,364 [main] INFO  om.OzoneManager (OzoneManager.java:setOMNodeDetails(649)) - OM Service ID is not set. Setting it to the default ID: omServiceIdDefault
2019-09-11 07:39:25,364 [main] INFO  om.OzoneManager (OzoneManager.java:setOMNodeDetails(655)) - OM Node ID is not set. Setting it to the OmStorage's OmID: 66a3b62e-8307-44cc-ae85-9baa8ae931fe
2019-09-11 07:39:25,365 [main] INFO  om.OzoneManager (OzoneManager.java:loadOMHAConfigs(606)) - Found matching OM address with OMServiceId: null, OMNodeId: null, RPC Address: localhost:0 and Ratis port: 9872
2019-09-11 07:39:26,061 [main] WARN  server.ServerUtils (ServerUtils.java:getDBPath(222)) - ozone.om.db.dirs is not configured. We recommend adding this setting. Falling back to ozone.metadata.dirs instead.
2019-09-11 07:39:26,068 [main] INFO  db.DBStoreBuilder (DBStoreBuilder.java:addTable(110)) - using custom profile for table: userTable
2019-09-11 07:39:26,069 [main] INFO  db.DBStoreBuilder (DBStoreBuilder.java:processTables(161)) - Using default column profile:DBProfile.DISK for Table:userTable
2019-09-11 07:39:26,069 [main] INFO  db.DBStoreBuilder (DBStoreBuilder.java:addTable(110)) - using custom profile for table: volumeTable
2019-09-11 07:39:26,069 [main] INFO  db.DBStoreBuilder (DBStoreBuilder.java:processTables(161)) - Using default column profile:DBProfile.DISK for Table:volumeTable
2019-09-11 07:39:26,069 [main] INFO  db.DBStoreBuilder (DBStoreBuilder.java:addTable(110)) - using custom profile for table: bucketTable
2019-09-11 07:39:26,070 [main] INFO  db.DBStoreBuilder (DBStoreBuilder.java:processTables(161)) - Using default column profile:DBProfile.DISK for Table:bucketTable
2019-09-11 07:39:26,070 [main] INFO  db.DBStoreBuilder (DBStoreBuilder.java:addTable(110)) - using custom profile for table: keyTable
2019-09-11 07:39:26,070 [main] INFO  db.DBStoreBuilder (DBStoreBuilder.java:processTables(161)) - Using default column profile:DBProfile.DISK for Table:keyTable
2019-09-11 07:39:26,070 [main] INFO  db.DBStoreBuilder (DBStoreBuilder.java:addTable(110)) - using custom profile for table: deletedTable
2019-09-11 07:39:26,071 [main] INFO  db.DBStoreBuilder (DBStoreBuilder.java:processTables(161)) - Using default column profile:DBProfile.DISK for Table:deletedTable
2019-09-11 07:39:26,071 [main] INFO  db.DBStoreBuilder (DBStoreBuilder.java:addTable(110)) - using custom profile for table: openKeyTable
2019-09-11 07:39:26,071 [main] INFO  db.DBStoreBuilder (DBStoreBuilder.java:processTables(161)) - Using default column profile:DBProfile.DISK for Table:openKeyTable
2019-09-11 07:39:26,071 [main] INFO  db.DBStoreBuilder (DBStoreBuilder.java:addTable(110)) - using custom profile for table: s3Table
2019-09-11 07:39:26,072 [main] INFO  db.DBStoreBuilder (DBStoreBuilder.java:processTables(161)) - Using default column profile:DBProfile.DISK for Table:s3Table
2019-09-11 07:39:26,072 [main] INFO  db.DBStoreBuilder (DBStoreBuilder.java:addTable(110)) - using custom profile for table: multipartInfoTable
2019-09-11 07:39:26,072 [main] INFO  db.DBStoreBuilder (DBStoreBuilder.java:processTables(161)) - Using default column profile:DBProfile.DISK for Table:multipartInfoTable
2019-09-11 07:39:26,072 [main] INFO  db.DBStoreBuilder (DBStoreBuilder.java:addTable(110)) - using custom profile for table: dTokenTable
2019-09-11 07:39:26,073 [main] INFO  db.DBStoreBuilder (DBStoreBuilder.java:processTables(161)) - Using default column profile:DBProfile.DISK for Table:dTokenTable
2019-09-11 07:39:26,073 [main] INFO  db.DBStoreBuilder (DBStoreBuilder.java:addTable(110)) - using custom profile for table: s3SecretTable
2019-09-11 07:39:26,073 [main] INFO  db.DBStoreBuilder (DBStoreBuilder.java:processTables(161)) - Using default column profile:DBProfile.DISK for Table:s3SecretTable
2019-09-11 07:39:26,074 [main] INFO  db.DBStoreBuilder (DBStoreBuilder.java:addTable(110)) - using custom profile for table: prefixTable
2019-09-11 07:39:26,074 [main] INFO  db.DBStoreBuilder (DBStoreBuilder.java:processTables(161)) - Using default column profile:DBProfile.DISK for Table:prefixTable
2019-09-11 07:39:26,074 [main] INFO  db.DBStoreBuilder (DBStoreBuilder.java:addTable(110)) - using custom profile for table: default
2019-09-11 07:39:26,074 [main] INFO  db.DBStoreBuilder (DBStoreBuilder.java:processTables(167)) - Using default column profile:DBProfile.DISK for Table:default
2019-09-11 07:39:26,074 [main] INFO  db.DBStoreBuilder (DBStoreBuilder.java:getDbProfile(198)) - Using default options. DBProfile.DISK
2019-09-11 07:39:26,564 [main] INFO  ipc.CallQueueManager (CallQueueManager.java:<init>(84)) - Using callQueue: class java.util.concurrent.LinkedBlockingQueue, queueCapacity: 2000, scheduler: class org.apache.hadoop.ipc.DefaultRpcScheduler, ipcBackoff: false.
2019-09-11 07:39:26,565 [Socket Reader #1 for port 36112] INFO  ipc.Server (Server.java:run(1074)) - Starting Socket Reader #1 for port 36112
2019-09-11 07:39:26,590 [main] INFO  om.OzoneManager (OzoneManager.java:start(1240)) - OzoneManager RPC server is listening at localhost/127.0.0.1:36112
2019-09-11 07:39:26,590 [main] INFO  impl.MetricsSystemImpl (MetricsSystemImpl.java:init(158)) - OzoneManager metrics system started (again)
2019-09-11 07:39:26,592 [IPC Server Responder] INFO  ipc.Server (Server.java:run(1314)) - IPC Server Responder: starting
2019-09-11 07:39:26,592 [IPC Server listener on 36112] INFO  ipc.Server (Server.java:run(1153)) - IPC Server listener on 36112: starting
2019-09-11 07:39:26,604 [main] INFO  hdfs.DFSUtil (DFSUtil.java:httpServerTemplateForNNAndJN(1641)) - Starting Web-server for ozoneManager at: http://0.0.0.0:0
2019-09-11 07:39:26,606 [main] INFO  server.AuthenticationFilter (AuthenticationFilter.java:constructSecretProvider(240)) - Unable to initialize FileSignerSecretProvider, falling back to use random secrets.
2019-09-11 07:39:26,607 [main] WARN  http.HttpRequestLog (HttpRequestLog.java:getRequestLog(97)) - Jetty request log can only be enabled using Log4j
2019-09-11 07:39:26,611 [main] INFO  http.HttpServer2 (HttpServer2.java:addGlobalFilter(975)) - Added global filter 'safety' (class=org.apache.hadoop.http.HttpServer2$QuotingInputFilter)
2019-09-11 07:39:26,612 [main] INFO  http.HttpServer2 (HttpServer2.java:addFilter(948)) - Added filter static_user_filter (class=org.apache.hadoop.http.lib.StaticUserWebFilter$StaticUserFilter) to context ozoneManager
2019-09-11 07:39:26,612 [main] INFO  http.HttpServer2 (HttpServer2.java:addFilter(958)) - Added filter static_user_filter (class=org.apache.hadoop.http.lib.StaticUserWebFilter$StaticUserFilter) to context logs
2019-09-11 07:39:26,612 [main] INFO  http.HttpServer2 (HttpServer2.java:addFilter(958)) - Added filter static_user_filter (class=org.apache.hadoop.http.lib.StaticUserWebFilter$StaticUserFilter) to context static
2019-09-11 07:39:26,617 [main] INFO  http.HttpServer2 (HttpServer2.java:bindListener(1191)) - Jetty bound to port 43513
2019-09-11 07:39:26,617 [main] INFO  server.Server (Server.java:doStart(351)) - jetty-9.3.24.v20180605, build timestamp: 2018-06-05T17:11:56Z, git hash: 84205aa28f11a4f31f2a3b86d1bba2cc8ab69827
2019-09-11 07:39:26,620 [main] INFO  handler.ContextHandler (ContextHandler.java:doStart(781)) - Started o.e.j.s.ServletContextHandler@25d3cfc8{/logs,file:///workdir/hadoop-ozone/integration-test/target/log,AVAILABLE}
2019-09-11 07:39:26,620 [main] INFO  handler.ContextHandler (ContextHandler.java:doStart(781)) - Started o.e.j.s.ServletContextHandler@2571066a{/static,file:///workdir/hadoop-ozone/integration-test/target/test-classes/webapps/static,AVAILABLE}
2019-09-11 07:39:26,627 [main] INFO  handler.ContextHandler (ContextHandler.java:doStart(781)) - Started o.e.j.w.WebAppContext@444548a0{/,file:///workdir/hadoop-ozone/integration-test/target/test-classes/webapps/ozoneManager/,AVAILABLE}{/ozoneManager}
2019-09-11 07:39:26,628 [main] INFO  server.AbstractConnector (AbstractConnector.java:doStart(278)) - Started ServerConnector@3766c667{HTTP/1.1,[http/1.1]}{0.0.0.0:43513}
2019-09-11 07:39:26,629 [main] INFO  server.Server (Server.java:doStart(419)) - Started @4413ms
2019-09-11 07:39:26,630 [main] WARN  impl.MetricsSystemImpl (MetricsSystemImpl.java:register(276)) - Sink prometheus already exists!
2019-09-11 07:39:26,631 [main] INFO  server.BaseHttpServer (BaseHttpServer.java:updateConnectorAddress(215)) - HTTP server of OZONEMANAGER is listening at http://0.0.0.0:43513
2019-09-11 07:39:26,974 [main] INFO  impl.MetricsSystemImpl (MetricsSystemImpl.java:init(158)) - HddsDatanode metrics system started (again)
2019-09-11 07:39:27,061 [main] INFO  ozone.HddsDatanodeService (HddsDatanodeService.java:start(184)) - HddsDatanodeService host:pr-hdds-2106-8t9qr-763259812 ip:192.168.34.12
2019-09-11 07:39:27,115 [main] INFO  volume.HddsVolume (HddsVolume.java:<init>(176)) - Creating Volume: /workdir/hadoop-ozone/integration-test/target/test-dir/MiniOzoneClusterImpl-d0f0e288-b90a-4d92-9473-de78fda8b1d0/datanode-0/data/containers/hdds of  storage type : DISK and capacity : 1482555576320
2019-09-11 07:39:27,119 [main] INFO  volume.VolumeSet (VolumeSet.java:initializeVolumeSet(170)) - Added Volume : /workdir/hadoop-ozone/integration-test/target/test-dir/MiniOzoneClusterImpl-d0f0e288-b90a-4d92-9473-de78fda8b1d0/datanode-0/data/containers/hdds to VolumeSet
2019-09-11 07:39:27,125 [main] INFO  volume.ThrottledAsyncChecker (ThrottledAsyncChecker.java:schedule(139)) - Scheduling a check for org.apache.hadoop.ozone.container.common.volume.HddsVolume@7e2f86e6
2019-09-11 07:39:27,150 [main] INFO  volume.HddsVolumeChecker (HddsVolumeChecker.java:checkAllVolumes(202)) - Scheduled health check for volume org.apache.hadoop.ozone.container.common.volume.HddsVolume@7e2f86e6
2019-09-11 07:39:27,266 [main] INFO  impl.RaftServerProxy (ConfUtils.java:logGet(43)) - raft.rpc.type = GRPC (default)
2019-09-11 07:39:27,333 [main] INFO  grpc.GrpcFactory (GrpcFactory.java:checkPooledByteBufAllocatorUseCacheForAllThreads(45)) - PERFORMANCE WARNING: useCacheForAllThreads is true that may cause Netty to create a lot garbage objects and, as a result, trigger GC.
	It is recommended to disable useCacheForAllThreads by setting -Dorg.apache.ratis.thirdparty.io.netty.allocator.useCacheForAllThreads=false in command line.
2019-09-11 07:39:27,339 [main] INFO  grpc.GrpcConfigKeys$Server (ConfUtils.java:logGet(43)) - raft.grpc.server.port = 0 (default)
2019-09-11 07:39:27,340 [main] INFO  server.GrpcService (ConfUtils.java:logGet(43)) - raft.grpc.message.size.max = 33570816 (custom)
2019-09-11 07:39:27,342 [main] INFO  server.RaftServerConfigKeys (ConfUtils.java:logGet(43)) - raft.server.log.appender.buffer.byte-limit = 33554432 (custom)
2019-09-11 07:39:27,343 [main] INFO  server.GrpcService (ConfUtils.java:logGet(43)) - raft.grpc.flow.control.window = 1MB (=1048576) (default)
2019-09-11 07:39:27,343 [main] INFO  server.RaftServerConfigKeys (ConfUtils.java:logGet(43)) - raft.server.rpc.request.timeout = 3000ms (default)
2019-09-11 07:39:27,510 [main] INFO  server.RaftServerConfigKeys (ConfUtils.java:logGet(43)) - raft.server.storage.dir = [/workdir/hadoop-ozone/integration-test/target/test-dir/MiniOzoneClusterImpl-d0f0e288-b90a-4d92-9473-de78fda8b1d0/datanode-0/data/ratis] (custom)
2019-09-11 07:39:27,564 [main] INFO  hdfs.DFSUtil (DFSUtil.java:httpServerTemplateForNNAndJN(1641)) - Starting Web-server for hddsDatanode at: http://0.0.0.0:0
2019-09-11 07:39:27,567 [main] INFO  server.AuthenticationFilter (AuthenticationFilter.java:constructSecretProvider(240)) - Unable to initialize FileSignerSecretProvider, falling back to use random secrets.
2019-09-11 07:39:27,568 [main] WARN  http.HttpRequestLog (HttpRequestLog.java:getRequestLog(97)) - Jetty request log can only be enabled using Log4j
2019-09-11 07:39:27,571 [main] INFO  http.HttpServer2 (HttpServer2.java:addGlobalFilter(975)) - Added global filter 'safety' (class=org.apache.hadoop.http.HttpServer2$QuotingInputFilter)
2019-09-11 07:39:27,573 [main] INFO  http.HttpServer2 (HttpServer2.java:addFilter(948)) - Added filter static_user_filter (class=org.apache.hadoop.http.lib.StaticUserWebFilter$StaticUserFilter) to context hddsDatanode
2019-09-11 07:39:27,573 [main] INFO  http.HttpServer2 (HttpServer2.java:addFilter(958)) - Added filter static_user_filter (class=org.apache.hadoop.http.lib.StaticUserWebFilter$StaticUserFilter) to context logs
2019-09-11 07:39:27,573 [main] INFO  http.HttpServer2 (HttpServer2.java:addFilter(958)) - Added filter static_user_filter (class=org.apache.hadoop.http.lib.StaticUserWebFilter$StaticUserFilter) to context static
2019-09-11 07:39:27,575 [main] INFO  http.HttpServer2 (HttpServer2.java:bindListener(1191)) - Jetty bound to port 40072
2019-09-11 07:39:27,575 [main] INFO  server.Server (Server.java:doStart(351)) - jetty-9.3.24.v20180605, build timestamp: 2018-06-05T17:11:56Z, git hash: 84205aa28f11a4f31f2a3b86d1bba2cc8ab69827
2019-09-11 07:39:27,579 [main] INFO  handler.ContextHandler (ContextHandler.java:doStart(781)) - Started o.e.j.s.ServletContextHandler@1effd53c{/logs,file:///workdir/hadoop-ozone/integration-test/target/log,AVAILABLE}
2019-09-11 07:39:27,580 [main] INFO  handler.ContextHandler (ContextHandler.java:doStart(781)) - Started o.e.j.s.ServletContextHandler@6920614{/static,jar:file:/home/user/.m2/repository/org/apache/hadoop/hadoop-hdds-container-service/0.5.0-SNAPSHOT/hadoop-hdds-container-service-0.5.0-SNAPSHOT.jar!/webapps/static,AVAILABLE}
2019-09-11 07:39:27,640 [main] INFO  handler.ContextHandler (ContextHandler.java:doStart(781)) - Started o.e.j.w.WebAppContext@476fe690{/,file:///tmp/jetty-0.0.0.0-40072-hddsDatanode-_-any-924479613666049014.dir/webapp/,AVAILABLE}{/hddsDatanode}
2019-09-11 07:39:27,641 [main] INFO  server.AbstractConnector (AbstractConnector.java:doStart(278)) - Started ServerConnector@7a0e7ecd{HTTP/1.1,[http/1.1]}{0.0.0.0:40072}
2019-09-11 07:39:27,641 [main] INFO  server.Server (Server.java:doStart(419)) - Started @5425ms
2019-09-11 07:39:27,642 [main] WARN  impl.MetricsSystemImpl (MetricsSystemImpl.java:register(276)) - Sink prometheus already exists!
2019-09-11 07:39:27,644 [main] INFO  server.BaseHttpServer (BaseHttpServer.java:updateConnectorAddress(215)) - HTTP server of HDDSDATANODE is listening at http://0.0.0.0:40072
2019-09-11 07:39:27,645 [main] INFO  impl.MetricsSystemImpl (MetricsSystemImpl.java:init(158)) - HddsDatanode metrics system started (again)
2019-09-11 07:39:27,650 [main] INFO  ozone.HddsDatanodeService (HddsDatanodeService.java:start(184)) - HddsDatanodeService host:pr-hdds-2106-8t9qr-763259812 ip:192.168.34.12
2019-09-11 07:39:27,653 [org.apache.hadoop.util.JvmPauseMonitor$Monitor@1b547752] INFO  util.JvmPauseMonitor (JvmPauseMonitor.java:run(188)) - Starting JVM pause monitor
2019-09-11 07:39:27,660 [main] INFO  volume.HddsVolume (HddsVolume.java:<init>(176)) - Creating Volume: /workdir/hadoop-ozone/integration-test/target/test-dir/MiniOzoneClusterImpl-d0f0e288-b90a-4d92-9473-de78fda8b1d0/datanode-1/data/containers/hdds of  storage type : DISK and capacity : 1482555576320
2019-09-11 07:39:27,661 [main] INFO  volume.VolumeSet (VolumeSet.java:initializeVolumeSet(170)) - Added Volume : /workdir/hadoop-ozone/integration-test/target/test-dir/MiniOzoneClusterImpl-d0f0e288-b90a-4d92-9473-de78fda8b1d0/datanode-1/data/containers/hdds to VolumeSet
2019-09-11 07:39:27,661 [main] INFO  volume.ThrottledAsyncChecker (ThrottledAsyncChecker.java:schedule(139)) - Scheduling a check for org.apache.hadoop.ozone.container.common.volume.HddsVolume@623dcf2a
2019-09-11 07:39:27,662 [main] INFO  volume.HddsVolumeChecker (HddsVolumeChecker.java:checkAllVolumes(202)) - Scheduled health check for volume org.apache.hadoop.ozone.container.common.volume.HddsVolume@623dcf2a
2019-09-11 07:39:27,681 [main] INFO  impl.RaftServerProxy (ConfUtils.java:logGet(43)) - raft.rpc.type = GRPC (default)
2019-09-11 07:39:27,682 [main] INFO  grpc.GrpcFactory (GrpcFactory.java:checkPooledByteBufAllocatorUseCacheForAllThreads(45)) - PERFORMANCE WARNING: useCacheForAllThreads is true that may cause Netty to create a lot garbage objects and, as a result, trigger GC.
	It is recommended to disable useCacheForAllThreads by setting -Dorg.apache.ratis.thirdparty.io.netty.allocator.useCacheForAllThreads=false in command line.
2019-09-11 07:39:27,682 [main] INFO  grpc.GrpcConfigKeys$Server (ConfUtils.java:logGet(43)) - raft.grpc.server.port = 0 (default)
2019-09-11 07:39:27,683 [main] INFO  server.GrpcService (ConfUtils.java:logGet(43)) - raft.grpc.message.size.max = 33570816 (custom)
2019-09-11 07:39:27,683 [main] INFO  server.RaftServerConfigKeys (ConfUtils.java:logGet(43)) - raft.server.log.appender.buffer.byte-limit = 33554432 (custom)
2019-09-11 07:39:27,683 [main] INFO  server.GrpcService (ConfUtils.java:logGet(43)) - raft.grpc.flow.control.window = 1MB (=1048576) (default)
2019-09-11 07:39:27,684 [main] INFO  server.RaftServerConfigKeys (ConfUtils.java:logGet(43)) - raft.server.rpc.request.timeout = 3000ms (default)
2019-09-11 07:39:27,684 [main] INFO  server.RaftServerConfigKeys (ConfUtils.java:logGet(43)) - raft.server.storage.dir = [/workdir/hadoop-ozone/integration-test/target/test-dir/MiniOzoneClusterImpl-d0f0e288-b90a-4d92-9473-de78fda8b1d0/datanode-1/data/ratis] (custom)
2019-09-11 07:39:27,686 [main] INFO  hdfs.DFSUtil (DFSUtil.java:httpServerTemplateForNNAndJN(1641)) - Starting Web-server for hddsDatanode at: http://0.0.0.0:0
2019-09-11 07:39:27,688 [main] INFO  server.AuthenticationFilter (AuthenticationFilter.java:constructSecretProvider(240)) - Unable to initialize FileSignerSecretProvider, falling back to use random secrets.
2019-09-11 07:39:27,689 [main] WARN  http.HttpRequestLog (HttpRequestLog.java:getRequestLog(97)) - Jetty request log can only be enabled using Log4j
2019-09-11 07:39:27,691 [main] INFO  http.HttpServer2 (HttpServer2.java:addGlobalFilter(975)) - Added global filter 'safety' (class=org.apache.hadoop.http.HttpServer2$QuotingInputFilter)
2019-09-11 07:39:27,692 [main] INFO  http.HttpServer2 (HttpServer2.java:addFilter(948)) - Added filter static_user_filter (class=org.apache.hadoop.http.lib.StaticUserWebFilter$StaticUserFilter) to context hddsDatanode
2019-09-11 07:39:27,693 [main] INFO  http.HttpServer2 (HttpServer2.java:addFilter(958)) - Added filter static_user_filter (class=org.apache.hadoop.http.lib.StaticUserWebFilter$StaticUserFilter) to context logs
2019-09-11 07:39:27,693 [main] INFO  http.HttpServer2 (HttpServer2.java:addFilter(958)) - Added filter static_user_filter (class=org.apache.hadoop.http.lib.StaticUserWebFilter$StaticUserFilter) to context static
2019-09-11 07:39:27,694 [main] INFO  http.HttpServer2 (HttpServer2.java:bindListener(1191)) - Jetty bound to port 45664
2019-09-11 07:39:27,694 [main] INFO  server.Server (Server.java:doStart(351)) - jetty-9.3.24.v20180605, build timestamp: 2018-06-05T17:11:56Z, git hash: 84205aa28f11a4f31f2a3b86d1bba2cc8ab69827
2019-09-11 07:39:27,700 [main] INFO  handler.ContextHandler (ContextHandler.java:doStart(781)) - Started o.e.j.s.ServletContextHandler@654c7d2d{/logs,file:///workdir/hadoop-ozone/integration-test/target/log,AVAILABLE}
2019-09-11 07:39:27,701 [main] INFO  handler.ContextHandler (ContextHandler.java:doStart(781)) - Started o.e.j.s.ServletContextHandler@15400fff{/static,jar:file:/home/user/.m2/repository/org/apache/hadoop/hadoop-hdds-container-service/0.5.0-SNAPSHOT/hadoop-hdds-container-service-0.5.0-SNAPSHOT.jar!/webapps/static,AVAILABLE}
2019-09-11 07:39:27,736 [main] INFO  handler.ContextHandler (ContextHandler.java:doStart(781)) - Started o.e.j.w.WebAppContext@25ad4f71{/,file:///tmp/jetty-0.0.0.0-45664-hddsDatanode-_-any-1506693292243003500.dir/webapp/,AVAILABLE}{/hddsDatanode}
2019-09-11 07:39:27,737 [main] INFO  server.AbstractConnector (AbstractConnector.java:doStart(278)) - Started ServerConnector@49faf066{HTTP/1.1,[http/1.1]}{0.0.0.0:45664}
2019-09-11 07:39:27,738 [main] INFO  server.Server (Server.java:doStart(419)) - Started @5522ms
2019-09-11 07:39:27,740 [main] WARN  impl.MetricsSystemImpl (MetricsSystemImpl.java:register(276)) - Sink prometheus already exists!
2019-09-11 07:39:27,741 [main] INFO  server.BaseHttpServer (BaseHttpServer.java:updateConnectorAddress(215)) - HTTP server of HDDSDATANODE is listening at http://0.0.0.0:45664
2019-09-11 07:39:27,741 [main] INFO  impl.MetricsSystemImpl (MetricsSystemImpl.java:init(158)) - HddsDatanode metrics system started (again)
2019-09-11 07:39:27,745 [org.apache.hadoop.util.JvmPauseMonitor$Monitor@6506169c] INFO  util.JvmPauseMonitor (JvmPauseMonitor.java:run(188)) - Starting JVM pause monitor
2019-09-11 07:39:27,745 [main] INFO  ozone.HddsDatanodeService (HddsDatanodeService.java:start(184)) - HddsDatanodeService host:pr-hdds-2106-8t9qr-763259812 ip:192.168.34.12
2019-09-11 07:39:27,754 [main] INFO  volume.HddsVolume (HddsVolume.java:<init>(176)) - Creating Volume: /workdir/hadoop-ozone/integration-test/target/test-dir/MiniOzoneClusterImpl-d0f0e288-b90a-4d92-9473-de78fda8b1d0/datanode-2/data/containers/hdds of  storage type : DISK and capacity : 1482555576320
2019-09-11 07:39:27,755 [main] INFO  volume.VolumeSet (VolumeSet.java:initializeVolumeSet(170)) - Added Volume : /workdir/hadoop-ozone/integration-test/target/test-dir/MiniOzoneClusterImpl-d0f0e288-b90a-4d92-9473-de78fda8b1d0/datanode-2/data/containers/hdds to VolumeSet
2019-09-11 07:39:27,755 [main] INFO  volume.ThrottledAsyncChecker (ThrottledAsyncChecker.java:schedule(139)) - Scheduling a check for org.apache.hadoop.ozone.container.common.volume.HddsVolume@524a076e
2019-09-11 07:39:27,755 [main] INFO  volume.HddsVolumeChecker (HddsVolumeChecker.java:checkAllVolumes(202)) - Scheduled health check for volume org.apache.hadoop.ozone.container.common.volume.HddsVolume@524a076e
2019-09-11 07:39:27,769 [main] INFO  impl.RaftServerProxy (ConfUtils.java:logGet(43)) - raft.rpc.type = GRPC (default)
2019-09-11 07:39:27,769 [main] INFO  grpc.GrpcFactory (GrpcFactory.java:checkPooledByteBufAllocatorUseCacheForAllThreads(45)) - PERFORMANCE WARNING: useCacheForAllThreads is true that may cause Netty to create a lot garbage objects and, as a result, trigger GC.
	It is recommended to disable useCacheForAllThreads by setting -Dorg.apache.ratis.thirdparty.io.netty.allocator.useCacheForAllThreads=false in command line.
2019-09-11 07:39:27,770 [main] INFO  grpc.GrpcConfigKeys$Server (ConfUtils.java:logGet(43)) - raft.grpc.server.port = 0 (default)
2019-09-11 07:39:27,770 [main] INFO  server.GrpcService (ConfUtils.java:logGet(43)) - raft.grpc.message.size.max = 33570816 (custom)
2019-09-11 07:39:27,770 [main] INFO  server.RaftServerConfigKeys (ConfUtils.java:logGet(43)) - raft.server.log.appender.buffer.byte-limit = 33554432 (custom)
2019-09-11 07:39:27,770 [main] INFO  server.GrpcService (ConfUtils.java:logGet(43)) - raft.grpc.flow.control.window = 1MB (=1048576) (default)
2019-09-11 07:39:27,771 [main] INFO  server.RaftServerConfigKeys (ConfUtils.java:logGet(43)) - raft.server.rpc.request.timeout = 3000ms (default)
2019-09-11 07:39:27,771 [main] INFO  server.RaftServerConfigKeys (ConfUtils.java:logGet(43)) - raft.server.storage.dir = [/workdir/hadoop-ozone/integration-test/target/test-dir/MiniOzoneClusterImpl-d0f0e288-b90a-4d92-9473-de78fda8b1d0/datanode-2/data/ratis] (custom)
2019-09-11 07:39:27,773 [main] INFO  hdfs.DFSUtil (DFSUtil.java:httpServerTemplateForNNAndJN(1641)) - Starting Web-server for hddsDatanode at: http://0.0.0.0:0
2019-09-11 07:39:27,774 [main] INFO  server.AuthenticationFilter (AuthenticationFilter.java:constructSecretProvider(240)) - Unable to initialize FileSignerSecretProvider, falling back to use random secrets.
2019-09-11 07:39:27,775 [main] WARN  http.HttpRequestLog (HttpRequestLog.java:getRequestLog(97)) - Jetty request log can only be enabled using Log4j
2019-09-11 07:39:27,776 [main] INFO  http.HttpServer2 (HttpServer2.java:addGlobalFilter(975)) - Added global filter 'safety' (class=org.apache.hadoop.http.HttpServer2$QuotingInputFilter)
2019-09-11 07:39:27,777 [main] INFO  http.HttpServer2 (HttpServer2.java:addFilter(948)) - Added filter static_user_filter (class=org.apache.hadoop.http.lib.StaticUserWebFilter$StaticUserFilter) to context hddsDatanode
2019-09-11 07:39:27,777 [main] INFO  http.HttpServer2 (HttpServer2.java:addFilter(958)) - Added filter static_user_filter (class=org.apache.hadoop.http.lib.StaticUserWebFilter$StaticUserFilter) to context static
2019-09-11 07:39:27,777 [main] INFO  http.HttpServer2 (HttpServer2.java:addFilter(958)) - Added filter static_user_filter (class=org.apache.hadoop.http.lib.StaticUserWebFilter$StaticUserFilter) to context logs
2019-09-11 07:39:27,778 [main] INFO  http.HttpServer2 (HttpServer2.java:bindListener(1191)) - Jetty bound to port 33101
2019-09-11 07:39:27,778 [main] INFO  server.Server (Server.java:doStart(351)) - jetty-9.3.24.v20180605, build timestamp: 2018-06-05T17:11:56Z, git hash: 84205aa28f11a4f31f2a3b86d1bba2cc8ab69827
2019-09-11 07:39:27,780 [main] INFO  handler.ContextHandler (ContextHandler.java:doStart(781)) - Started o.e.j.s.ServletContextHandler@2e66bc32{/logs,file:///workdir/hadoop-ozone/integration-test/target/log,AVAILABLE}
2019-09-11 07:39:27,781 [main] INFO  handler.ContextHandler (ContextHandler.java:doStart(781)) - Started o.e.j.s.ServletContextHandler@4b65d9f4{/static,jar:file:/home/user/.m2/repository/org/apache/hadoop/hadoop-hdds-container-service/0.5.0-SNAPSHOT/hadoop-hdds-container-service-0.5.0-SNAPSHOT.jar!/webapps/static,AVAILABLE}
2019-09-11 07:39:27,808 [Datanode State Machine Thread - 0] INFO  datanode.InitDatanodeState (InitDatanodeState.java:persistContainerDatanodeDetails(140)) - DatanodeDetails is persisted to /workdir/hadoop-ozone/integration-test/target/test-dir/MiniOzoneClusterImpl-d0f0e288-b90a-4d92-9473-de78fda8b1d0/datanode-0/meta/datanode.id
2019-09-11 07:39:27,813 [Datanode State Machine Thread - 0] INFO  datanode.InitDatanodeState (InitDatanodeState.java:persistContainerDatanodeDetails(140)) - DatanodeDetails is persisted to /workdir/hadoop-ozone/integration-test/target/test-dir/MiniOzoneClusterImpl-d0f0e288-b90a-4d92-9473-de78fda8b1d0/datanode-1/meta/datanode.id
2019-09-11 07:39:27,814 [main] INFO  handler.ContextHandler (ContextHandler.java:doStart(781)) - Started o.e.j.w.WebAppContext@4745e9c{/,file:///tmp/jetty-0.0.0.0-33101-hddsDatanode-_-any-7205926927776356911.dir/webapp/,AVAILABLE}{/hddsDatanode}
2019-09-11 07:39:27,815 [main] INFO  server.AbstractConnector (AbstractConnector.java:doStart(278)) - Started ServerConnector@2f2bff16{HTTP/1.1,[http/1.1]}{0.0.0.0:33101}
2019-09-11 07:39:27,815 [main] INFO  server.Server (Server.java:doStart(419)) - Started @5598ms
2019-09-11 07:39:27,816 [main] WARN  impl.MetricsSystemImpl (MetricsSystemImpl.java:register(276)) - Sink prometheus already exists!
2019-09-11 07:39:27,817 [main] INFO  server.BaseHttpServer (BaseHttpServer.java:updateConnectorAddress(215)) - HTTP server of HDDSDATANODE is listening at http://0.0.0.0:33101
2019-09-11 07:39:27,817 [main] INFO  impl.MetricsSystemImpl (MetricsSystemImpl.java:init(158)) - HddsDatanode metrics system started (again)
2019-09-11 07:39:27,820 [org.apache.hadoop.util.JvmPauseMonitor$Monitor@182edd17] INFO  util.JvmPauseMonitor (JvmPauseMonitor.java:run(188)) - Starting JVM pause monitor
2019-09-11 07:39:27,820 [main] INFO  ozone.HddsDatanodeService (HddsDatanodeService.java:start(184)) - HddsDatanodeService host:pr-hdds-2106-8t9qr-763259812 ip:192.168.34.12
2019-09-11 07:39:27,824 [Datanode State Machine Thread - 0] INFO  datanode.InitDatanodeState (InitDatanodeState.java:persistContainerDatanodeDetails(140)) - DatanodeDetails is persisted to /workdir/hadoop-ozone/integration-test/target/test-dir/MiniOzoneClusterImpl-d0f0e288-b90a-4d92-9473-de78fda8b1d0/datanode-2/meta/datanode.id
2019-09-11 07:39:27,828 [main] INFO  volume.HddsVolume (HddsVolume.java:<init>(176)) - Creating Volume: /workdir/hadoop-ozone/integration-test/target/test-dir/MiniOzoneClusterImpl-d0f0e288-b90a-4d92-9473-de78fda8b1d0/datanode-3/data/containers/hdds of  storage type : DISK and capacity : 1482555576320
2019-09-11 07:39:27,828 [main] INFO  volume.VolumeSet (VolumeSet.java:initializeVolumeSet(170)) - Added Volume : /workdir/hadoop-ozone/integration-test/target/test-dir/MiniOzoneClusterImpl-d0f0e288-b90a-4d92-9473-de78fda8b1d0/datanode-3/data/containers/hdds to VolumeSet
2019-09-11 07:39:27,828 [main] INFO  volume.ThrottledAsyncChecker (ThrottledAsyncChecker.java:schedule(139)) - Scheduling a check for org.apache.hadoop.ozone.container.common.volume.HddsVolume@74174a23
2019-09-11 07:39:27,829 [main] INFO  volume.HddsVolumeChecker (HddsVolumeChecker.java:checkAllVolumes(202)) - Scheduled health check for volume org.apache.hadoop.ozone.container.common.volume.HddsVolume@74174a23
2019-09-11 07:39:27,844 [main] INFO  impl.RaftServerProxy (ConfUtils.java:logGet(43)) - raft.rpc.type = GRPC (default)
2019-09-11 07:39:27,844 [main] INFO  grpc.GrpcFactory (GrpcFactory.java:checkPooledByteBufAllocatorUseCacheForAllThreads(45)) - PERFORMANCE WARNING: useCacheForAllThreads is true that may cause Netty to create a lot garbage objects and, as a result, trigger GC.
	It is recommended to disable useCacheForAllThreads by setting -Dorg.apache.ratis.thirdparty.io.netty.allocator.useCacheForAllThreads=false in command line.
2019-09-11 07:39:27,844 [main] INFO  grpc.GrpcConfigKeys$Server (ConfUtils.java:logGet(43)) - raft.grpc.server.port = 0 (default)
2019-09-11 07:39:27,844 [main] INFO  server.GrpcService (ConfUtils.java:logGet(43)) - raft.grpc.message.size.max = 33570816 (custom)
2019-09-11 07:39:27,845 [main] INFO  server.RaftServerConfigKeys (ConfUtils.java:logGet(43)) - raft.server.log.appender.buffer.byte-limit = 33554432 (custom)
2019-09-11 07:39:27,845 [main] INFO  server.GrpcService (ConfUtils.java:logGet(43)) - raft.grpc.flow.control.window = 1MB (=1048576) (default)
2019-09-11 07:39:27,845 [main] INFO  server.RaftServerConfigKeys (ConfUtils.java:logGet(43)) - raft.server.rpc.request.timeout = 3000ms (default)
2019-09-11 07:39:27,846 [main] INFO  server.RaftServerConfigKeys (ConfUtils.java:logGet(43)) - raft.server.storage.dir = [/workdir/hadoop-ozone/integration-test/target/test-dir/MiniOzoneClusterImpl-d0f0e288-b90a-4d92-9473-de78fda8b1d0/datanode-3/data/ratis] (custom)
2019-09-11 07:39:27,847 [main] INFO  hdfs.DFSUtil (DFSUtil.java:httpServerTemplateForNNAndJN(1641)) - Starting Web-server for hddsDatanode at: http://0.0.0.0:0
2019-09-11 07:39:27,849 [main] INFO  server.AuthenticationFilter (AuthenticationFilter.java:constructSecretProvider(240)) - Unable to initialize FileSignerSecretProvider, falling back to use random secrets.
2019-09-11 07:39:27,849 [main] WARN  http.HttpRequestLog (HttpRequestLog.java:getRequestLog(97)) - Jetty request log can only be enabled using Log4j
2019-09-11 07:39:27,851 [main] INFO  http.HttpServer2 (HttpServer2.java:addGlobalFilter(975)) - Added global filter 'safety' (class=org.apache.hadoop.http.HttpServer2$QuotingInputFilter)
2019-09-11 07:39:27,851 [main] INFO  http.HttpServer2 (HttpServer2.java:addFilter(948)) - Added filter static_user_filter (class=org.apache.hadoop.http.lib.StaticUserWebFilter$StaticUserFilter) to context hddsDatanode
2019-09-11 07:39:27,851 [main] INFO  http.HttpServer2 (HttpServer2.java:addFilter(958)) - Added filter static_user_filter (class=org.apache.hadoop.http.lib.StaticUserWebFilter$StaticUserFilter) to context logs
2019-09-11 07:39:27,852 [main] INFO  http.HttpServer2 (HttpServer2.java:addFilter(958)) - Added filter static_user_filter (class=org.apache.hadoop.http.lib.StaticUserWebFilter$StaticUserFilter) to context static
2019-09-11 07:39:27,852 [main] INFO  http.HttpServer2 (HttpServer2.java:bindListener(1191)) - Jetty bound to port 44738
2019-09-11 07:39:27,853 [main] INFO  server.Server (Server.java:doStart(351)) - jetty-9.3.24.v20180605, build timestamp: 2018-06-05T17:11:56Z, git hash: 84205aa28f11a4f31f2a3b86d1bba2cc8ab69827
2019-09-11 07:39:27,858 [main] INFO  handler.ContextHandler (ContextHandler.java:doStart(781)) - Started o.e.j.s.ServletContextHandler@443effcb{/logs,file:///workdir/hadoop-ozone/integration-test/target/log,AVAILABLE}
2019-09-11 07:39:27,859 [main] INFO  handler.ContextHandler (ContextHandler.java:doStart(781)) - Started o.e.j.s.ServletContextHandler@517a2b0{/static,jar:file:/home/user/.m2/repository/org/apache/hadoop/hadoop-hdds-container-service/0.5.0-SNAPSHOT/hadoop-hdds-container-service-0.5.0-SNAPSHOT.jar!/webapps/static,AVAILABLE}
2019-09-11 07:39:27,887 [main] INFO  handler.ContextHandler (ContextHandler.java:doStart(781)) - Started o.e.j.w.WebAppContext@102c577f{/,file:///tmp/jetty-0.0.0.0-44738-hddsDatanode-_-any-7839842173734894655.dir/webapp/,AVAILABLE}{/hddsDatanode}
2019-09-11 07:39:27,888 [main] INFO  server.AbstractConnector (AbstractConnector.java:doStart(278)) - Started ServerConnector@7d44a19{HTTP/1.1,[http/1.1]}{0.0.0.0:44738}
2019-09-11 07:39:27,889 [main] INFO  server.Server (Server.java:doStart(419)) - Started @5672ms
2019-09-11 07:39:27,890 [main] WARN  impl.MetricsSystemImpl (MetricsSystemImpl.java:register(276)) - Sink prometheus already exists!
2019-09-11 07:39:27,890 [main] INFO  server.BaseHttpServer (BaseHttpServer.java:updateConnectorAddress(215)) - HTTP server of HDDSDATANODE is listening at http://0.0.0.0:44738
2019-09-11 07:39:27,891 [main] INFO  impl.MetricsSystemImpl (MetricsSystemImpl.java:init(158)) - HddsDatanode metrics system started (again)
2019-09-11 07:39:27,894 [main] INFO  ozone.HddsDatanodeService (HddsDatanodeService.java:start(184)) - HddsDatanodeService host:pr-hdds-2106-8t9qr-763259812 ip:192.168.34.12
2019-09-11 07:39:27,894 [org.apache.hadoop.util.JvmPauseMonitor$Monitor@442f03f4] INFO  util.JvmPauseMonitor (JvmPauseMonitor.java:run(188)) - Starting JVM pause monitor
2019-09-11 07:39:27,897 [Datanode State Machine Thread - 0] INFO  datanode.InitDatanodeState (InitDatanodeState.java:persistContainerDatanodeDetails(140)) - DatanodeDetails is persisted to /workdir/hadoop-ozone/integration-test/target/test-dir/MiniOzoneClusterImpl-d0f0e288-b90a-4d92-9473-de78fda8b1d0/datanode-3/meta/datanode.id
2019-09-11 07:39:27,903 [main] INFO  volume.HddsVolume (HddsVolume.java:<init>(176)) - Creating Volume: /workdir/hadoop-ozone/integration-test/target/test-dir/MiniOzoneClusterImpl-d0f0e288-b90a-4d92-9473-de78fda8b1d0/datanode-4/data/containers/hdds of  storage type : DISK and capacity : 1482555576320
2019-09-11 07:39:27,904 [main] INFO  volume.VolumeSet (VolumeSet.java:initializeVolumeSet(170)) - Added Volume : /workdir/hadoop-ozone/integration-test/target/test-dir/MiniOzoneClusterImpl-d0f0e288-b90a-4d92-9473-de78fda8b1d0/datanode-4/data/containers/hdds to VolumeSet
2019-09-11 07:39:27,904 [main] INFO  volume.ThrottledAsyncChecker (ThrottledAsyncChecker.java:schedule(139)) - Scheduling a check for org.apache.hadoop.ozone.container.common.volume.HddsVolume@73844119
2019-09-11 07:39:27,905 [main] INFO  volume.HddsVolumeChecker (HddsVolumeChecker.java:checkAllVolumes(202)) - Scheduled health check for volume org.apache.hadoop.ozone.container.common.volume.HddsVolume@73844119
2019-09-11 07:39:27,918 [main] INFO  impl.RaftServerProxy (ConfUtils.java:logGet(43)) - raft.rpc.type = GRPC (default)
2019-09-11 07:39:27,918 [main] INFO  grpc.GrpcFactory (GrpcFactory.java:checkPooledByteBufAllocatorUseCacheForAllThreads(45)) - PERFORMANCE WARNING: useCacheForAllThreads is true that may cause Netty to create a lot garbage objects and, as a result, trigger GC.
	It is recommended to disable useCacheForAllThreads by setting -Dorg.apache.ratis.thirdparty.io.netty.allocator.useCacheForAllThreads=false in command line.
2019-09-11 07:39:27,918 [main] INFO  grpc.GrpcConfigKeys$Server (ConfUtils.java:logGet(43)) - raft.grpc.server.port = 0 (default)
2019-09-11 07:39:27,918 [main] INFO  server.GrpcService (ConfUtils.java:logGet(43)) - raft.grpc.message.size.max = 33570816 (custom)
2019-09-11 07:39:27,919 [main] INFO  server.RaftServerConfigKeys (ConfUtils.java:logGet(43)) - raft.server.log.appender.buffer.byte-limit = 33554432 (custom)
2019-09-11 07:39:27,919 [main] INFO  server.GrpcService (ConfUtils.java:logGet(43)) - raft.grpc.flow.control.window = 1MB (=1048576) (default)
2019-09-11 07:39:27,919 [main] INFO  server.RaftServerConfigKeys (ConfUtils.java:logGet(43)) - raft.server.rpc.request.timeout = 3000ms (default)
2019-09-11 07:39:27,920 [main] INFO  server.RaftServerConfigKeys (ConfUtils.java:logGet(43)) - raft.server.storage.dir = [/workdir/hadoop-ozone/integration-test/target/test-dir/MiniOzoneClusterImpl-d0f0e288-b90a-4d92-9473-de78fda8b1d0/datanode-4/data/ratis] (custom)
2019-09-11 07:39:27,921 [main] INFO  hdfs.DFSUtil (DFSUtil.java:httpServerTemplateForNNAndJN(1641)) - Starting Web-server for hddsDatanode at: http://0.0.0.0:0
2019-09-11 07:39:27,923 [main] INFO  server.AuthenticationFilter (AuthenticationFilter.java:constructSecretProvider(240)) - Unable to initialize FileSignerSecretProvider, falling back to use random secrets.
2019-09-11 07:39:27,923 [main] WARN  http.HttpRequestLog (HttpRequestLog.java:getRequestLog(97)) - Jetty request log can only be enabled using Log4j
2019-09-11 07:39:27,924 [main] INFO  http.HttpServer2 (HttpServer2.java:addGlobalFilter(975)) - Added global filter 'safety' (class=org.apache.hadoop.http.HttpServer2$QuotingInputFilter)
2019-09-11 07:39:27,925 [main] INFO  http.HttpServer2 (HttpServer2.java:addFilter(948)) - Added filter static_user_filter (class=org.apache.hadoop.http.lib.StaticUserWebFilter$StaticUserFilter) to context hddsDatanode
2019-09-11 07:39:27,925 [main] INFO  http.HttpServer2 (HttpServer2.java:addFilter(958)) - Added filter static_user_filter (class=org.apache.hadoop.http.lib.StaticUserWebFilter$StaticUserFilter) to context logs
2019-09-11 07:39:27,925 [main] INFO  http.HttpServer2 (HttpServer2.java:addFilter(958)) - Added filter static_user_filter (class=org.apache.hadoop.http.lib.StaticUserWebFilter$StaticUserFilter) to context static
2019-09-11 07:39:27,926 [main] INFO  http.HttpServer2 (HttpServer2.java:bindListener(1191)) - Jetty bound to port 35145
2019-09-11 07:39:27,926 [main] INFO  server.Server (Server.java:doStart(351)) - jetty-9.3.24.v20180605, build timestamp: 2018-06-05T17:11:56Z, git hash: 84205aa28f11a4f31f2a3b86d1bba2cc8ab69827
2019-09-11 07:39:27,929 [main] INFO  handler.ContextHandler (ContextHandler.java:doStart(781)) - Started o.e.j.s.ServletContextHandler@77a074b4{/logs,file:///workdir/hadoop-ozone/integration-test/target/log,AVAILABLE}
2019-09-11 07:39:27,929 [main] INFO  handler.ContextHandler (ContextHandler.java:doStart(781)) - Started o.e.j.s.ServletContextHandler@6c0e13b7{/static,jar:file:/home/user/.m2/repository/org/apache/hadoop/hadoop-hdds-container-service/0.5.0-SNAPSHOT/hadoop-hdds-container-service-0.5.0-SNAPSHOT.jar!/webapps/static,AVAILABLE}
2019-09-11 07:39:27,959 [main] INFO  handler.ContextHandler (ContextHandler.java:doStart(781)) - Started o.e.j.w.WebAppContext@38ed139b{/,file:///tmp/jetty-0.0.0.0-35145-hddsDatanode-_-any-3639487747769120174.dir/webapp/,AVAILABLE}{/hddsDatanode}
2019-09-11 07:39:27,961 [main] INFO  server.AbstractConnector (AbstractConnector.java:doStart(278)) - Started ServerConnector@a5272be{HTTP/1.1,[http/1.1]}{0.0.0.0:35145}
2019-09-11 07:39:27,963 [main] INFO  server.Server (Server.java:doStart(419)) - Started @5745ms
2019-09-11 07:39:27,963 [main] WARN  impl.MetricsSystemImpl (MetricsSystemImpl.java:register(276)) - Sink prometheus already exists!
2019-09-11 07:39:27,964 [main] INFO  server.BaseHttpServer (BaseHttpServer.java:updateConnectorAddress(215)) - HTTP server of HDDSDATANODE is listening at http://0.0.0.0:35145
2019-09-11 07:39:27,965 [main] INFO  impl.MetricsSystemImpl (MetricsSystemImpl.java:init(158)) - HddsDatanode metrics system started (again)
2019-09-11 07:39:27,968 [org.apache.hadoop.util.JvmPauseMonitor$Monitor@2f0caa12] INFO  util.JvmPauseMonitor (JvmPauseMonitor.java:run(188)) - Starting JVM pause monitor
2019-09-11 07:39:27,970 [main] INFO  ozone.HddsDatanodeService (HddsDatanodeService.java:start(184)) - HddsDatanodeService host:pr-hdds-2106-8t9qr-763259812 ip:192.168.34.12
2019-09-11 07:39:27,971 [Datanode State Machine Thread - 0] INFO  datanode.InitDatanodeState (InitDatanodeState.java:persistContainerDatanodeDetails(140)) - DatanodeDetails is persisted to /workdir/hadoop-ozone/integration-test/target/test-dir/MiniOzoneClusterImpl-d0f0e288-b90a-4d92-9473-de78fda8b1d0/datanode-4/meta/datanode.id
2019-09-11 07:39:27,985 [main] INFO  volume.HddsVolume (HddsVolume.java:<init>(176)) - Creating Volume: /workdir/hadoop-ozone/integration-test/target/test-dir/MiniOzoneClusterImpl-d0f0e288-b90a-4d92-9473-de78fda8b1d0/datanode-5/data/containers/hdds of  storage type : DISK and capacity : 1482555576320
2019-09-11 07:39:27,985 [main] INFO  volume.VolumeSet (VolumeSet.java:initializeVolumeSet(170)) - Added Volume : /workdir/hadoop-ozone/integration-test/target/test-dir/MiniOzoneClusterImpl-d0f0e288-b90a-4d92-9473-de78fda8b1d0/datanode-5/data/containers/hdds to VolumeSet
2019-09-11 07:39:27,986 [main] INFO  volume.ThrottledAsyncChecker (ThrottledAsyncChecker.java:schedule(139)) - Scheduling a check for org.apache.hadoop.ozone.container.common.volume.HddsVolume@2938127d
2019-09-11 07:39:27,987 [main] INFO  volume.HddsVolumeChecker (HddsVolumeChecker.java:checkAllVolumes(202)) - Scheduled health check for volume org.apache.hadoop.ozone.container.common.volume.HddsVolume@2938127d
2019-09-11 07:39:28,010 [main] INFO  impl.RaftServerProxy (ConfUtils.java:logGet(43)) - raft.rpc.type = GRPC (default)
2019-09-11 07:39:28,010 [main] INFO  grpc.GrpcFactory (GrpcFactory.java:checkPooledByteBufAllocatorUseCacheForAllThreads(45)) - PERFORMANCE WARNING: useCacheForAllThreads is true that may cause Netty to create a lot garbage objects and, as a result, trigger GC.
	It is recommended to disable useCacheForAllThreads by setting -Dorg.apache.ratis.thirdparty.io.netty.allocator.useCacheForAllThreads=false in command line.
2019-09-11 07:39:28,010 [main] INFO  grpc.GrpcConfigKeys$Server (ConfUtils.java:logGet(43)) - raft.grpc.server.port = 0 (default)
2019-09-11 07:39:28,011 [main] INFO  server.GrpcService (ConfUtils.java:logGet(43)) - raft.grpc.message.size.max = 33570816 (custom)
2019-09-11 07:39:28,011 [main] INFO  server.RaftServerConfigKeys (ConfUtils.java:logGet(43)) - raft.server.log.appender.buffer.byte-limit = 33554432 (custom)
2019-09-11 07:39:28,011 [main] INFO  server.GrpcService (ConfUtils.java:logGet(43)) - raft.grpc.flow.control.window = 1MB (=1048576) (default)
2019-09-11 07:39:28,012 [main] INFO  server.RaftServerConfigKeys (ConfUtils.java:logGet(43)) - raft.server.rpc.request.timeout = 3000ms (default)
2019-09-11 07:39:28,013 [main] INFO  server.RaftServerConfigKeys (ConfUtils.java:logGet(43)) - raft.server.storage.dir = [/workdir/hadoop-ozone/integration-test/target/test-dir/MiniOzoneClusterImpl-d0f0e288-b90a-4d92-9473-de78fda8b1d0/datanode-5/data/ratis] (custom)
2019-09-11 07:39:28,015 [main] INFO  hdfs.DFSUtil (DFSUtil.java:httpServerTemplateForNNAndJN(1641)) - Starting Web-server for hddsDatanode at: http://0.0.0.0:0
2019-09-11 07:39:28,017 [main] INFO  server.AuthenticationFilter (AuthenticationFilter.java:constructSecretProvider(240)) - Unable to initialize FileSignerSecretProvider, falling back to use random secrets.
2019-09-11 07:39:28,018 [main] WARN  http.HttpRequestLog (HttpRequestLog.java:getRequestLog(97)) - Jetty request log can only be enabled using Log4j
2019-09-11 07:39:28,020 [main] INFO  http.HttpServer2 (HttpServer2.java:addGlobalFilter(975)) - Added global filter 'safety' (class=org.apache.hadoop.http.HttpServer2$QuotingInputFilter)
2019-09-11 07:39:28,020 [main] INFO  http.HttpServer2 (HttpServer2.java:addFilter(948)) - Added filter static_user_filter (class=org.apache.hadoop.http.lib.StaticUserWebFilter$StaticUserFilter) to context hddsDatanode
2019-09-11 07:39:28,021 [main] INFO  http.HttpServer2 (HttpServer2.java:addFilter(958)) - Added filter static_user_filter (class=org.apache.hadoop.http.lib.StaticUserWebFilter$StaticUserFilter) to context static
2019-09-11 07:39:28,021 [main] INFO  http.HttpServer2 (HttpServer2.java:addFilter(958)) - Added filter static_user_filter (class=org.apache.hadoop.http.lib.StaticUserWebFilter$StaticUserFilter) to context logs
2019-09-11 07:39:28,022 [main] INFO  http.HttpServer2 (HttpServer2.java:bindListener(1191)) - Jetty bound to port 35482
2019-09-11 07:39:28,022 [main] INFO  server.Server (Server.java:doStart(351)) - jetty-9.3.24.v20180605, build timestamp: 2018-06-05T17:11:56Z, git hash: 84205aa28f11a4f31f2a3b86d1bba2cc8ab69827
2019-09-11 07:39:28,024 [main] INFO  handler.ContextHandler (ContextHandler.java:doStart(781)) - Started o.e.j.s.ServletContextHandler@75d4a80f{/logs,file:///workdir/hadoop-ozone/integration-test/target/log,AVAILABLE}
2019-09-11 07:39:28,026 [main] INFO  handler.ContextHandler (ContextHandler.java:doStart(781)) - Started o.e.j.s.ServletContextHandler@ccf91df{/static,jar:file:/home/user/.m2/repository/org/apache/hadoop/hadoop-hdds-container-service/0.5.0-SNAPSHOT/hadoop-hdds-container-service-0.5.0-SNAPSHOT.jar!/webapps/static,AVAILABLE}
2019-09-11 07:39:28,059 [main] INFO  handler.ContextHandler (ContextHandler.java:doStart(781)) - Started o.e.j.w.WebAppContext@3c83468e{/,file:///tmp/jetty-0.0.0.0-35482-hddsDatanode-_-any-7350057679537592650.dir/webapp/,AVAILABLE}{/hddsDatanode}
2019-09-11 07:39:28,061 [main] INFO  server.AbstractConnector (AbstractConnector.java:doStart(278)) - Started ServerConnector@272ce069{HTTP/1.1,[http/1.1]}{0.0.0.0:35482}
2019-09-11 07:39:28,061 [main] INFO  server.Server (Server.java:doStart(419)) - Started @5845ms
2019-09-11 07:39:28,061 [main] WARN  impl.MetricsSystemImpl (MetricsSystemImpl.java:register(276)) - Sink prometheus already exists!
2019-09-11 07:39:28,063 [main] INFO  server.BaseHttpServer (BaseHttpServer.java:updateConnectorAddress(215)) - HTTP server of HDDSDATANODE is listening at http://0.0.0.0:35482
2019-09-11 07:39:28,063 [main] INFO  impl.MetricsSystemImpl (MetricsSystemImpl.java:init(158)) - HddsDatanode metrics system started (again)
2019-09-11 07:39:28,067 [org.apache.hadoop.util.JvmPauseMonitor$Monitor@1729792b] INFO  util.JvmPauseMonitor (JvmPauseMonitor.java:run(188)) - Starting JVM pause monitor
2019-09-11 07:39:28,070 [main] INFO  ozone.HddsDatanodeService (HddsDatanodeService.java:start(184)) - HddsDatanodeService host:pr-hdds-2106-8t9qr-763259812 ip:192.168.34.12
2019-09-11 07:39:28,071 [Datanode State Machine Thread - 0] INFO  datanode.InitDatanodeState (InitDatanodeState.java:persistContainerDatanodeDetails(140)) - DatanodeDetails is persisted to /workdir/hadoop-ozone/integration-test/target/test-dir/MiniOzoneClusterImpl-d0f0e288-b90a-4d92-9473-de78fda8b1d0/datanode-5/meta/datanode.id
2019-09-11 07:39:28,077 [main] INFO  volume.HddsVolume (HddsVolume.java:<init>(176)) - Creating Volume: /workdir/hadoop-ozone/integration-test/target/test-dir/MiniOzoneClusterImpl-d0f0e288-b90a-4d92-9473-de78fda8b1d0/datanode-6/data/containers/hdds of  storage type : DISK and capacity : 1482555576320
2019-09-11 07:39:28,078 [main] INFO  volume.VolumeSet (VolumeSet.java:initializeVolumeSet(170)) - Added Volume : /workdir/hadoop-ozone/integration-test/target/test-dir/MiniOzoneClusterImpl-d0f0e288-b90a-4d92-9473-de78fda8b1d0/datanode-6/data/containers/hdds to VolumeSet
2019-09-11 07:39:28,078 [main] INFO  volume.ThrottledAsyncChecker (ThrottledAsyncChecker.java:schedule(139)) - Scheduling a check for org.apache.hadoop.ozone.container.common.volume.HddsVolume@254f906e
2019-09-11 07:39:28,079 [main] INFO  volume.HddsVolumeChecker (HddsVolumeChecker.java:checkAllVolumes(202)) - Scheduled health check for volume org.apache.hadoop.ozone.container.common.volume.HddsVolume@254f906e
2019-09-11 07:39:28,094 [main] INFO  impl.RaftServerProxy (ConfUtils.java:logGet(43)) - raft.rpc.type = GRPC (default)
2019-09-11 07:39:28,094 [main] INFO  grpc.GrpcFactory (GrpcFactory.java:checkPooledByteBufAllocatorUseCacheForAllThreads(45)) - PERFORMANCE WARNING: useCacheForAllThreads is true that may cause Netty to create a lot garbage objects and, as a result, trigger GC.
	It is recommended to disable useCacheForAllThreads by setting -Dorg.apache.ratis.thirdparty.io.netty.allocator.useCacheForAllThreads=false in command line.
2019-09-11 07:39:28,095 [main] INFO  grpc.GrpcConfigKeys$Server (ConfUtils.java:logGet(43)) - raft.grpc.server.port = 0 (default)
2019-09-11 07:39:28,095 [main] INFO  server.GrpcService (ConfUtils.java:logGet(43)) - raft.grpc.message.size.max = 33570816 (custom)
2019-09-11 07:39:28,095 [main] INFO  server.RaftServerConfigKeys (ConfUtils.java:logGet(43)) - raft.server.log.appender.buffer.byte-limit = 33554432 (custom)
2019-09-11 07:39:28,095 [main] INFO  server.GrpcService (ConfUtils.java:logGet(43)) - raft.grpc.flow.control.window = 1MB (=1048576) (default)
2019-09-11 07:39:28,095 [main] INFO  server.RaftServerConfigKeys (ConfUtils.java:logGet(43)) - raft.server.rpc.request.timeout = 3000ms (default)
2019-09-11 07:39:28,096 [main] INFO  server.RaftServerConfigKeys (ConfUtils.java:logGet(43)) - raft.server.storage.dir = [/workdir/hadoop-ozone/integration-test/target/test-dir/MiniOzoneClusterImpl-d0f0e288-b90a-4d92-9473-de78fda8b1d0/datanode-6/data/ratis] (custom)
2019-09-11 07:39:28,098 [main] INFO  hdfs.DFSUtil (DFSUtil.java:httpServerTemplateForNNAndJN(1641)) - Starting Web-server for hddsDatanode at: http://0.0.0.0:0
2019-09-11 07:39:28,099 [main] INFO  server.AuthenticationFilter (AuthenticationFilter.java:constructSecretProvider(240)) - Unable to initialize FileSignerSecretProvider, falling back to use random secrets.
2019-09-11 07:39:28,100 [main] WARN  http.HttpRequestLog (HttpRequestLog.java:getRequestLog(97)) - Jetty request log can only be enabled using Log4j
2019-09-11 07:39:28,102 [main] INFO  http.HttpServer2 (HttpServer2.java:addGlobalFilter(975)) - Added global filter 'safety' (class=org.apache.hadoop.http.HttpServer2$QuotingInputFilter)
2019-09-11 07:39:28,102 [main] INFO  http.HttpServer2 (HttpServer2.java:addFilter(948)) - Added filter static_user_filter (class=org.apache.hadoop.http.lib.StaticUserWebFilter$StaticUserFilter) to context hddsDatanode
2019-09-11 07:39:28,102 [main] INFO  http.HttpServer2 (HttpServer2.java:addFilter(958)) - Added filter static_user_filter (class=org.apache.hadoop.http.lib.StaticUserWebFilter$StaticUserFilter) to context static
2019-09-11 07:39:28,103 [main] INFO  http.HttpServer2 (HttpServer2.java:addFilter(958)) - Added filter static_user_filter (class=org.apache.hadoop.http.lib.StaticUserWebFilter$StaticUserFilter) to context logs
2019-09-11 07:39:28,103 [main] INFO  http.HttpServer2 (HttpServer2.java:bindListener(1191)) - Jetty bound to port 36454
2019-09-11 07:39:28,104 [main] INFO  server.Server (Server.java:doStart(351)) - jetty-9.3.24.v20180605, build timestamp: 2018-06-05T17:11:56Z, git hash: 84205aa28f11a4f31f2a3b86d1bba2cc8ab69827
2019-09-11 07:39:28,105 [main] INFO  handler.ContextHandler (ContextHandler.java:doStart(781)) - Started o.e.j.s.ServletContextHandler@67514bdd{/logs,file:///workdir/hadoop-ozone/integration-test/target/log,AVAILABLE}
2019-09-11 07:39:28,106 [main] INFO  handler.ContextHandler (ContextHandler.java:doStart(781)) - Started o.e.j.s.ServletContextHandler@7f5538a1{/static,jar:file:/home/user/.m2/repository/org/apache/hadoop/hadoop-hdds-container-service/0.5.0-SNAPSHOT/hadoop-hdds-container-service-0.5.0-SNAPSHOT.jar!/webapps/static,AVAILABLE}
2019-09-11 07:39:28,135 [main] INFO  handler.ContextHandler (ContextHandler.java:doStart(781)) - Started o.e.j.w.WebAppContext@3e3315d9{/,file:///tmp/jetty-0.0.0.0-36454-hddsDatanode-_-any-109711513698273988.dir/webapp/,AVAILABLE}{/hddsDatanode}
2019-09-11 07:39:28,135 [main] INFO  server.AbstractConnector (AbstractConnector.java:doStart(278)) - Started ServerConnector@64db4967{HTTP/1.1,[http/1.1]}{0.0.0.0:36454}
2019-09-11 07:39:28,136 [main] INFO  server.Server (Server.java:doStart(419)) - Started @5920ms
2019-09-11 07:39:28,137 [main] WARN  impl.MetricsSystemImpl (MetricsSystemImpl.java:register(276)) - Sink prometheus already exists!
2019-09-11 07:39:28,137 [main] INFO  server.BaseHttpServer (BaseHttpServer.java:updateConnectorAddress(215)) - HTTP server of HDDSDATANODE is listening at http://0.0.0.0:36454
2019-09-11 07:39:28,138 [main] INFO  impl.MetricsSystemImpl (MetricsSystemImpl.java:init(158)) - HddsDatanode metrics system started (again)
2019-09-11 07:39:28,142 [main] INFO  ozone.HddsDatanodeService (HddsDatanodeService.java:start(184)) - HddsDatanodeService host:pr-hdds-2106-8t9qr-763259812 ip:192.168.34.12
2019-09-11 07:39:28,142 [org.apache.hadoop.util.JvmPauseMonitor$Monitor@5f3d8ba0] INFO  util.JvmPauseMonitor (JvmPauseMonitor.java:run(188)) - Starting JVM pause monitor
2019-09-11 07:39:28,146 [Datanode State Machine Thread - 0] INFO  datanode.InitDatanodeState (InitDatanodeState.java:persistContainerDatanodeDetails(140)) - DatanodeDetails is persisted to /workdir/hadoop-ozone/integration-test/target/test-dir/MiniOzoneClusterImpl-d0f0e288-b90a-4d92-9473-de78fda8b1d0/datanode-6/meta/datanode.id
2019-09-11 07:39:28,153 [main] INFO  volume.HddsVolume (HddsVolume.java:<init>(176)) - Creating Volume: /workdir/hadoop-ozone/integration-test/target/test-dir/MiniOzoneClusterImpl-d0f0e288-b90a-4d92-9473-de78fda8b1d0/datanode-7/data/containers/hdds of  storage type : DISK and capacity : 1482555576320
2019-09-11 07:39:28,154 [main] INFO  volume.VolumeSet (VolumeSet.java:initializeVolumeSet(170)) - Added Volume : /workdir/hadoop-ozone/integration-test/target/test-dir/MiniOzoneClusterImpl-d0f0e288-b90a-4d92-9473-de78fda8b1d0/datanode-7/data/containers/hdds to VolumeSet
2019-09-11 07:39:28,154 [main] INFO  volume.ThrottledAsyncChecker (ThrottledAsyncChecker.java:schedule(139)) - Scheduling a check for org.apache.hadoop.ozone.container.common.volume.HddsVolume@43f1bb92
2019-09-11 07:39:28,155 [main] INFO  volume.HddsVolumeChecker (HddsVolumeChecker.java:checkAllVolumes(202)) - Scheduled health check for volume org.apache.hadoop.ozone.container.common.volume.HddsVolume@43f1bb92
2019-09-11 07:39:28,178 [main] INFO  impl.RaftServerProxy (ConfUtils.java:logGet(43)) - raft.rpc.type = GRPC (default)
2019-09-11 07:39:28,178 [main] INFO  grpc.GrpcFactory (GrpcFactory.java:checkPooledByteBufAllocatorUseCacheForAllThreads(45)) - PERFORMANCE WARNING: useCacheForAllThreads is true that may cause Netty to create a lot garbage objects and, as a result, trigger GC.
	It is recommended to disable useCacheForAllThreads by setting -Dorg.apache.ratis.thirdparty.io.netty.allocator.useCacheForAllThreads=false in command line.
2019-09-11 07:39:28,178 [main] INFO  grpc.GrpcConfigKeys$Server (ConfUtils.java:logGet(43)) - raft.grpc.server.port = 0 (default)
2019-09-11 07:39:28,179 [main] INFO  server.GrpcService (ConfUtils.java:logGet(43)) - raft.grpc.message.size.max = 33570816 (custom)
2019-09-11 07:39:28,179 [main] INFO  server.RaftServerConfigKeys (ConfUtils.java:logGet(43)) - raft.server.log.appender.buffer.byte-limit = 33554432 (custom)
2019-09-11 07:39:28,180 [main] INFO  server.GrpcService (ConfUtils.java:logGet(43)) - raft.grpc.flow.control.window = 1MB (=1048576) (default)
2019-09-11 07:39:28,180 [main] INFO  server.RaftServerConfigKeys (ConfUtils.java:logGet(43)) - raft.server.rpc.request.timeout = 3000ms (default)
2019-09-11 07:39:28,181 [main] INFO  server.RaftServerConfigKeys (ConfUtils.java:logGet(43)) - raft.server.storage.dir = [/workdir/hadoop-ozone/integration-test/target/test-dir/MiniOzoneClusterImpl-d0f0e288-b90a-4d92-9473-de78fda8b1d0/datanode-7/data/ratis] (custom)
2019-09-11 07:39:28,183 [main] INFO  hdfs.DFSUtil (DFSUtil.java:httpServerTemplateForNNAndJN(1641)) - Starting Web-server for hddsDatanode at: http://0.0.0.0:0
2019-09-11 07:39:28,185 [main] INFO  server.AuthenticationFilter (AuthenticationFilter.java:constructSecretProvider(240)) - Unable to initialize FileSignerSecretProvider, falling back to use random secrets.
2019-09-11 07:39:28,186 [main] WARN  http.HttpRequestLog (HttpRequestLog.java:getRequestLog(97)) - Jetty request log can only be enabled using Log4j
2019-09-11 07:39:28,189 [main] INFO  http.HttpServer2 (HttpServer2.java:addGlobalFilter(975)) - Added global filter 'safety' (class=org.apache.hadoop.http.HttpServer2$QuotingInputFilter)
2019-09-11 07:39:28,190 [main] INFO  http.HttpServer2 (HttpServer2.java:addFilter(948)) - Added filter static_user_filter (class=org.apache.hadoop.http.lib.StaticUserWebFilter$StaticUserFilter) to context hddsDatanode
2019-09-11 07:39:28,191 [main] INFO  http.HttpServer2 (HttpServer2.java:addFilter(958)) - Added filter static_user_filter (class=org.apache.hadoop.http.lib.StaticUserWebFilter$StaticUserFilter) to context logs
2019-09-11 07:39:28,191 [main] INFO  http.HttpServer2 (HttpServer2.java:addFilter(958)) - Added filter static_user_filter (class=org.apache.hadoop.http.lib.StaticUserWebFilter$StaticUserFilter) to context static
2019-09-11 07:39:28,192 [main] INFO  http.HttpServer2 (HttpServer2.java:bindListener(1191)) - Jetty bound to port 42725
2019-09-11 07:39:28,192 [main] INFO  server.Server (Server.java:doStart(351)) - jetty-9.3.24.v20180605, build timestamp: 2018-06-05T17:11:56Z, git hash: 84205aa28f11a4f31f2a3b86d1bba2cc8ab69827
2019-09-11 07:39:28,195 [main] INFO  handler.ContextHandler (ContextHandler.java:doStart(781)) - Started o.e.j.s.ServletContextHandler@b9a77c8{/logs,file:///workdir/hadoop-ozone/integration-test/target/log,AVAILABLE}
2019-09-11 07:39:28,196 [main] INFO  handler.ContextHandler (ContextHandler.java:doStart(781)) - Started o.e.j.s.ServletContextHandler@6cd3ad8a{/static,jar:file:/home/user/.m2/repository/org/apache/hadoop/hadoop-hdds-container-service/0.5.0-SNAPSHOT/hadoop-hdds-container-service-0.5.0-SNAPSHOT.jar!/webapps/static,AVAILABLE}
2019-09-11 07:39:28,241 [main] INFO  handler.ContextHandler (ContextHandler.java:doStart(781)) - Started o.e.j.w.WebAppContext@663bb8ef{/,file:///tmp/jetty-0.0.0.0-42725-hddsDatanode-_-any-2744146043129598394.dir/webapp/,AVAILABLE}{/hddsDatanode}
2019-09-11 07:39:28,242 [main] INFO  server.AbstractConnector (AbstractConnector.java:doStart(278)) - Started ServerConnector@2f4e40d7{HTTP/1.1,[http/1.1]}{0.0.0.0:42725}
2019-09-11 07:39:28,244 [main] INFO  server.Server (Server.java:doStart(419)) - Started @6027ms
2019-09-11 07:39:28,244 [main] WARN  impl.MetricsSystemImpl (MetricsSystemImpl.java:register(276)) - Sink prometheus already exists!
2019-09-11 07:39:28,245 [main] INFO  server.BaseHttpServer (BaseHttpServer.java:updateConnectorAddress(215)) - HTTP server of HDDSDATANODE is listening at http://0.0.0.0:42725
2019-09-11 07:39:28,245 [main] INFO  impl.MetricsSystemImpl (MetricsSystemImpl.java:init(158)) - HddsDatanode metrics system started (again)
2019-09-11 07:39:28,251 [org.apache.hadoop.util.JvmPauseMonitor$Monitor@339747c7] INFO  util.JvmPauseMonitor (JvmPauseMonitor.java:run(188)) - Starting JVM pause monitor
2019-09-11 07:39:28,252 [main] INFO  ozone.HddsDatanodeService (HddsDatanodeService.java:start(184)) - HddsDatanodeService host:pr-hdds-2106-8t9qr-763259812 ip:192.168.34.12
2019-09-11 07:39:28,254 [Datanode State Machine Thread - 0] INFO  datanode.InitDatanodeState (InitDatanodeState.java:persistContainerDatanodeDetails(140)) - DatanodeDetails is persisted to /workdir/hadoop-ozone/integration-test/target/test-dir/MiniOzoneClusterImpl-d0f0e288-b90a-4d92-9473-de78fda8b1d0/datanode-7/meta/datanode.id
2019-09-11 07:39:28,262 [main] INFO  volume.HddsVolume (HddsVolume.java:<init>(176)) - Creating Volume: /workdir/hadoop-ozone/integration-test/target/test-dir/MiniOzoneClusterImpl-d0f0e288-b90a-4d92-9473-de78fda8b1d0/datanode-8/data/containers/hdds of  storage type : DISK and capacity : 1482555576320
2019-09-11 07:39:28,263 [main] INFO  volume.VolumeSet (VolumeSet.java:initializeVolumeSet(170)) - Added Volume : /workdir/hadoop-ozone/integration-test/target/test-dir/MiniOzoneClusterImpl-d0f0e288-b90a-4d92-9473-de78fda8b1d0/datanode-8/data/containers/hdds to VolumeSet
2019-09-11 07:39:28,263 [main] INFO  volume.ThrottledAsyncChecker (ThrottledAsyncChecker.java:schedule(139)) - Scheduling a check for org.apache.hadoop.ozone.container.common.volume.HddsVolume@1947596f
2019-09-11 07:39:28,264 [main] INFO  volume.HddsVolumeChecker (HddsVolumeChecker.java:checkAllVolumes(202)) - Scheduled health check for volume org.apache.hadoop.ozone.container.common.volume.HddsVolume@1947596f
2019-09-11 07:39:28,281 [main] INFO  impl.RaftServerProxy (ConfUtils.java:logGet(43)) - raft.rpc.type = GRPC (default)
2019-09-11 07:39:28,281 [main] INFO  grpc.GrpcFactory (GrpcFactory.java:checkPooledByteBufAllocatorUseCacheForAllThreads(45)) - PERFORMANCE WARNING: useCacheForAllThreads is true that may cause Netty to create a lot garbage objects and, as a result, trigger GC.
	It is recommended to disable useCacheForAllThreads by setting -Dorg.apache.ratis.thirdparty.io.netty.allocator.useCacheForAllThreads=false in command line.
2019-09-11 07:39:28,281 [main] INFO  grpc.GrpcConfigKeys$Server (ConfUtils.java:logGet(43)) - raft.grpc.server.port = 0 (default)
2019-09-11 07:39:28,281 [main] INFO  server.GrpcService (ConfUtils.java:logGet(43)) - raft.grpc.message.size.max = 33570816 (custom)
2019-09-11 07:39:28,282 [main] INFO  server.RaftServerConfigKeys (ConfUtils.java:logGet(43)) - raft.server.log.appender.buffer.byte-limit = 33554432 (custom)
2019-09-11 07:39:28,282 [main] INFO  server.GrpcService (ConfUtils.java:logGet(43)) - raft.grpc.flow.control.window = 1MB (=1048576) (default)
2019-09-11 07:39:28,282 [main] INFO  server.RaftServerConfigKeys (ConfUtils.java:logGet(43)) - raft.server.rpc.request.timeout = 3000ms (default)
2019-09-11 07:39:28,283 [main] INFO  server.RaftServerConfigKeys (ConfUtils.java:logGet(43)) - raft.server.storage.dir = [/workdir/hadoop-ozone/integration-test/target/test-dir/MiniOzoneClusterImpl-d0f0e288-b90a-4d92-9473-de78fda8b1d0/datanode-8/data/ratis] (custom)
2019-09-11 07:39:28,285 [main] INFO  hdfs.DFSUtil (DFSUtil.java:httpServerTemplateForNNAndJN(1641)) - Starting Web-server for hddsDatanode at: http://0.0.0.0:0
2019-09-11 07:39:28,287 [main] INFO  server.AuthenticationFilter (AuthenticationFilter.java:constructSecretProvider(240)) - Unable to initialize FileSignerSecretProvider, falling back to use random secrets.
2019-09-11 07:39:28,287 [main] WARN  http.HttpRequestLog (HttpRequestLog.java:getRequestLog(97)) - Jetty request log can only be enabled using Log4j
2019-09-11 07:39:28,289 [main] INFO  http.HttpServer2 (HttpServer2.java:addGlobalFilter(975)) - Added global filter 'safety' (class=org.apache.hadoop.http.HttpServer2$QuotingInputFilter)
2019-09-11 07:39:28,290 [main] INFO  http.HttpServer2 (HttpServer2.java:addFilter(948)) - Added filter static_user_filter (class=org.apache.hadoop.http.lib.StaticUserWebFilter$StaticUserFilter) to context hddsDatanode
2019-09-11 07:39:28,290 [main] INFO  http.HttpServer2 (HttpServer2.java:addFilter(958)) - Added filter static_user_filter (class=org.apache.hadoop.http.lib.StaticUserWebFilter$StaticUserFilter) to context logs
2019-09-11 07:39:28,290 [main] INFO  http.HttpServer2 (HttpServer2.java:addFilter(958)) - Added filter static_user_filter (class=org.apache.hadoop.http.lib.StaticUserWebFilter$StaticUserFilter) to context static
2019-09-11 07:39:28,291 [main] INFO  http.HttpServer2 (HttpServer2.java:bindListener(1191)) - Jetty bound to port 36818
2019-09-11 07:39:28,292 [main] INFO  server.Server (Server.java:doStart(351)) - jetty-9.3.24.v20180605, build timestamp: 2018-06-05T17:11:56Z, git hash: 84205aa28f11a4f31f2a3b86d1bba2cc8ab69827
2019-09-11 07:39:28,294 [main] INFO  handler.ContextHandler (ContextHandler.java:doStart(781)) - Started o.e.j.s.ServletContextHandler@30ca0779{/logs,file:///workdir/hadoop-ozone/integration-test/target/log,AVAILABLE}
2019-09-11 07:39:28,295 [main] INFO  handler.ContextHandler (ContextHandler.java:doStart(781)) - Started o.e.j.s.ServletContextHandler@47be0f9b{/static,jar:file:/home/user/.m2/repository/org/apache/hadoop/hadoop-hdds-container-service/0.5.0-SNAPSHOT/hadoop-hdds-container-service-0.5.0-SNAPSHOT.jar!/webapps/static,AVAILABLE}
2019-09-11 07:39:28,326 [main] INFO  handler.ContextHandler (ContextHandler.java:doStart(781)) - Started o.e.j.w.WebAppContext@33063f5b{/,file:///tmp/jetty-0.0.0.0-36818-hddsDatanode-_-any-54099478583618143.dir/webapp/,AVAILABLE}{/hddsDatanode}
2019-09-11 07:39:28,327 [main] INFO  server.AbstractConnector (AbstractConnector.java:doStart(278)) - Started ServerConnector@15405bd6{HTTP/1.1,[http/1.1]}{0.0.0.0:36818}
2019-09-11 07:39:28,328 [main] INFO  server.Server (Server.java:doStart(419)) - Started @6112ms
2019-09-11 07:39:28,329 [main] WARN  impl.MetricsSystemImpl (MetricsSystemImpl.java:register(276)) - Sink prometheus already exists!
2019-09-11 07:39:28,329 [main] INFO  server.BaseHttpServer (BaseHttpServer.java:updateConnectorAddress(215)) - HTTP server of HDDSDATANODE is listening at http://0.0.0.0:36818
2019-09-11 07:39:28,330 [main] INFO  impl.MetricsSystemImpl (MetricsSystemImpl.java:init(158)) - HddsDatanode metrics system started (again)
2019-09-11 07:39:28,335 [main] INFO  ozone.HddsDatanodeService (HddsDatanodeService.java:start(184)) - HddsDatanodeService host:pr-hdds-2106-8t9qr-763259812 ip:192.168.34.12
2019-09-11 07:39:28,335 [org.apache.hadoop.util.JvmPauseMonitor$Monitor@4d2f23b7] INFO  util.JvmPauseMonitor (JvmPauseMonitor.java:run(188)) - Starting JVM pause monitor
2019-09-11 07:39:28,339 [Datanode State Machine Thread - 0] INFO  datanode.InitDatanodeState (InitDatanodeState.java:persistContainerDatanodeDetails(140)) - DatanodeDetails is persisted to /workdir/hadoop-ozone/integration-test/target/test-dir/MiniOzoneClusterImpl-d0f0e288-b90a-4d92-9473-de78fda8b1d0/datanode-8/meta/datanode.id
2019-09-11 07:39:28,348 [main] INFO  volume.HddsVolume (HddsVolume.java:<init>(176)) - Creating Volume: /workdir/hadoop-ozone/integration-test/target/test-dir/MiniOzoneClusterImpl-d0f0e288-b90a-4d92-9473-de78fda8b1d0/datanode-9/data/containers/hdds of  storage type : DISK and capacity : 1482555576320
2019-09-11 07:39:28,348 [main] INFO  volume.VolumeSet (VolumeSet.java:initializeVolumeSet(170)) - Added Volume : /workdir/hadoop-ozone/integration-test/target/test-dir/MiniOzoneClusterImpl-d0f0e288-b90a-4d92-9473-de78fda8b1d0/datanode-9/data/containers/hdds to VolumeSet
2019-09-11 07:39:28,348 [main] INFO  volume.ThrottledAsyncChecker (ThrottledAsyncChecker.java:schedule(139)) - Scheduling a check for org.apache.hadoop.ozone.container.common.volume.HddsVolume@765ffb14
2019-09-11 07:39:28,349 [main] INFO  volume.HddsVolumeChecker (HddsVolumeChecker.java:checkAllVolumes(202)) - Scheduled health check for volume org.apache.hadoop.ozone.container.common.volume.HddsVolume@765ffb14
2019-09-11 07:39:28,370 [main] INFO  impl.RaftServerProxy (ConfUtils.java:logGet(43)) - raft.rpc.type = GRPC (default)
2019-09-11 07:39:28,370 [main] INFO  grpc.GrpcFactory (GrpcFactory.java:checkPooledByteBufAllocatorUseCacheForAllThreads(45)) - PERFORMANCE WARNING: useCacheForAllThreads is true that may cause Netty to create a lot garbage objects and, as a result, trigger GC.
	It is recommended to disable useCacheForAllThreads by setting -Dorg.apache.ratis.thirdparty.io.netty.allocator.useCacheForAllThreads=false in command line.
2019-09-11 07:39:28,371 [main] INFO  grpc.GrpcConfigKeys$Server (ConfUtils.java:logGet(43)) - raft.grpc.server.port = 0 (default)
2019-09-11 07:39:28,371 [main] INFO  server.GrpcService (ConfUtils.java:logGet(43)) - raft.grpc.message.size.max = 33570816 (custom)
2019-09-11 07:39:28,371 [main] INFO  server.RaftServerConfigKeys (ConfUtils.java:logGet(43)) - raft.server.log.appender.buffer.byte-limit = 33554432 (custom)
2019-09-11 07:39:28,372 [main] INFO  server.GrpcService (ConfUtils.java:logGet(43)) - raft.grpc.flow.control.window = 1MB (=1048576) (default)
2019-09-11 07:39:28,372 [main] INFO  server.RaftServerConfigKeys (ConfUtils.java:logGet(43)) - raft.server.rpc.request.timeout = 3000ms (default)
2019-09-11 07:39:28,373 [main] INFO  server.RaftServerConfigKeys (ConfUtils.java:logGet(43)) - raft.server.storage.dir = [/workdir/hadoop-ozone/integration-test/target/test-dir/MiniOzoneClusterImpl-d0f0e288-b90a-4d92-9473-de78fda8b1d0/datanode-9/data/ratis] (custom)
2019-09-11 07:39:28,375 [main] INFO  hdfs.DFSUtil (DFSUtil.java:httpServerTemplateForNNAndJN(1641)) - Starting Web-server for hddsDatanode at: http://0.0.0.0:0
2019-09-11 07:39:28,377 [main] INFO  server.AuthenticationFilter (AuthenticationFilter.java:constructSecretProvider(240)) - Unable to initialize FileSignerSecretProvider, falling back to use random secrets.
2019-09-11 07:39:28,378 [main] WARN  http.HttpRequestLog (HttpRequestLog.java:getRequestLog(97)) - Jetty request log can only be enabled using Log4j
2019-09-11 07:39:28,381 [main] INFO  http.HttpServer2 (HttpServer2.java:addGlobalFilter(975)) - Added global filter 'safety' (class=org.apache.hadoop.http.HttpServer2$QuotingInputFilter)
2019-09-11 07:39:28,382 [main] INFO  http.HttpServer2 (HttpServer2.java:addFilter(948)) - Added filter static_user_filter (class=org.apache.hadoop.http.lib.StaticUserWebFilter$StaticUserFilter) to context hddsDatanode
2019-09-11 07:39:28,382 [main] INFO  http.HttpServer2 (HttpServer2.java:addFilter(958)) - Added filter static_user_filter (class=org.apache.hadoop.http.lib.StaticUserWebFilter$StaticUserFilter) to context logs
2019-09-11 07:39:28,383 [main] INFO  http.HttpServer2 (HttpServer2.java:addFilter(958)) - Added filter static_user_filter (class=org.apache.hadoop.http.lib.StaticUserWebFilter$StaticUserFilter) to context static
2019-09-11 07:39:28,384 [main] INFO  http.HttpServer2 (HttpServer2.java:bindListener(1191)) - Jetty bound to port 34909
2019-09-11 07:39:28,384 [main] INFO  server.Server (Server.java:doStart(351)) - jetty-9.3.24.v20180605, build timestamp: 2018-06-05T17:11:56Z, git hash: 84205aa28f11a4f31f2a3b86d1bba2cc8ab69827
2019-09-11 07:39:28,387 [main] INFO  handler.ContextHandler (ContextHandler.java:doStart(781)) - Started o.e.j.s.ServletContextHandler@5578be42{/logs,file:///workdir/hadoop-ozone/integration-test/target/log,AVAILABLE}
2019-09-11 07:39:28,387 [main] INFO  handler.ContextHandler (ContextHandler.java:doStart(781)) - Started o.e.j.s.ServletContextHandler@136965e3{/static,jar:file:/home/user/.m2/repository/org/apache/hadoop/hadoop-hdds-container-service/0.5.0-SNAPSHOT/hadoop-hdds-container-service-0.5.0-SNAPSHOT.jar!/webapps/static,AVAILABLE}
2019-09-11 07:39:28,428 [main] INFO  handler.ContextHandler (ContextHandler.java:doStart(781)) - Started o.e.j.w.WebAppContext@26bbe604{/,file:///tmp/jetty-0.0.0.0-34909-hddsDatanode-_-any-1410916601601829935.dir/webapp/,AVAILABLE}{/hddsDatanode}
2019-09-11 07:39:28,431 [main] INFO  server.AbstractConnector (AbstractConnector.java:doStart(278)) - Started ServerConnector@fe34b86{HTTP/1.1,[http/1.1]}{0.0.0.0:34909}
2019-09-11 07:39:28,431 [main] INFO  server.Server (Server.java:doStart(419)) - Started @6214ms
2019-09-11 07:39:28,431 [main] WARN  impl.MetricsSystemImpl (MetricsSystemImpl.java:register(276)) - Sink prometheus already exists!
2019-09-11 07:39:28,432 [main] INFO  server.BaseHttpServer (BaseHttpServer.java:updateConnectorAddress(215)) - HTTP server of HDDSDATANODE is listening at http://0.0.0.0:34909
2019-09-11 07:39:28,439 [main] INFO  ozone.MiniOzoneClusterImpl (MiniOzoneClusterImpl.java:lambda$waitForClusterToBeReady$0(140)) - Waiting for cluster to be ready. Got 0 of 10 DN Heartbeats.
2019-09-11 07:39:28,439 [org.apache.hadoop.util.JvmPauseMonitor$Monitor@731a1023] INFO  util.JvmPauseMonitor (JvmPauseMonitor.java:run(188)) - Starting JVM pause monitor
2019-09-11 07:39:28,443 [Datanode State Machine Thread - 0] INFO  datanode.InitDatanodeState (InitDatanodeState.java:persistContainerDatanodeDetails(140)) - DatanodeDetails is persisted to /workdir/hadoop-ozone/integration-test/target/test-dir/MiniOzoneClusterImpl-d0f0e288-b90a-4d92-9473-de78fda8b1d0/datanode-9/meta/datanode.id
2019-09-11 07:39:29,440 [main] INFO  ozone.MiniOzoneClusterImpl (MiniOzoneClusterImpl.java:lambda$waitForClusterToBeReady$0(140)) - Waiting for cluster to be ready. Got 0 of 10 DN Heartbeats.
2019-09-11 07:39:29,739 [Datanode State Machine Thread - 0] INFO  ozoneimpl.OzoneContainer (OzoneContainer.java:start(217)) - Attempting to start container services.
2019-09-11 07:39:29,740 [Datanode State Machine Thread - 0] INFO  ozoneimpl.OzoneContainer (OzoneContainer.java:startContainerScrub(179)) - Background container scanner has been disabled.
2019-09-11 07:39:29,741 [Datanode State Machine Thread - 0] INFO  ratis.XceiverServerRatis (XceiverServerRatis.java:start(404)) - Starting XceiverServerRatis 36be1d2c-b8e7-4a5e-9c9f-c881d55a8c5a at port 0
2019-09-11 07:39:29,764 [Datanode State Machine Thread - 0] INFO  impl.RaftServerProxy (RaftServerProxy.java:lambda$start$3(299)) - 36be1d2c-b8e7-4a5e-9c9f-c881d55a8c5a: start RPC server
2019-09-11 07:39:29,765 [Datanode State Machine Thread - 0] INFO  ozoneimpl.OzoneContainer (OzoneContainer.java:start(217)) - Attempting to start container services.
2019-09-11 07:39:29,772 [Datanode State Machine Thread - 0] INFO  ozoneimpl.OzoneContainer (OzoneContainer.java:startContainerScrub(179)) - Background container scanner has been disabled.
2019-09-11 07:39:29,772 [Datanode State Machine Thread - 0] INFO  ratis.XceiverServerRatis (XceiverServerRatis.java:start(404)) - Starting XceiverServerRatis 4bd38775-382d-4c4f-9f91-7366b5492a1e at port 0
2019-09-11 07:39:29,783 [Datanode State Machine Thread - 0] INFO  impl.RaftServerProxy (RaftServerProxy.java:lambda$start$3(299)) - 4bd38775-382d-4c4f-9f91-7366b5492a1e: start RPC server
2019-09-11 07:39:29,837 [Datanode State Machine Thread - 0] INFO  ozoneimpl.OzoneContainer (OzoneContainer.java:start(217)) - Attempting to start container services.
2019-09-11 07:39:29,837 [Datanode State Machine Thread - 0] INFO  ozoneimpl.OzoneContainer (OzoneContainer.java:startContainerScrub(179)) - Background container scanner has been disabled.
2019-09-11 07:39:29,837 [Datanode State Machine Thread - 0] INFO  ratis.XceiverServerRatis (XceiverServerRatis.java:start(404)) - Starting XceiverServerRatis 48982da4-f995-48e9-b2c1-a2ad51cb7376 at port 0
2019-09-11 07:39:29,844 [Datanode State Machine Thread - 0] INFO  impl.RaftServerProxy (RaftServerProxy.java:lambda$start$3(299)) - 48982da4-f995-48e9-b2c1-a2ad51cb7376: start RPC server
2019-09-11 07:39:29,916 [Datanode State Machine Thread - 0] INFO  ozoneimpl.OzoneContainer (OzoneContainer.java:start(217)) - Attempting to start container services.
2019-09-11 07:39:29,916 [Datanode State Machine Thread - 0] INFO  ozoneimpl.OzoneContainer (OzoneContainer.java:startContainerScrub(179)) - Background container scanner has been disabled.
2019-09-11 07:39:29,917 [Datanode State Machine Thread - 0] INFO  ratis.XceiverServerRatis (XceiverServerRatis.java:start(404)) - Starting XceiverServerRatis 5b8ad787-4bf9-4bb4-bfeb-9c85cd30cda7 at port 0
2019-09-11 07:39:29,917 [Datanode State Machine Thread - 0] INFO  server.GrpcService (GrpcService.java:startImpl(158)) - 36be1d2c-b8e7-4a5e-9c9f-c881d55a8c5a: GrpcService started, listening on 0.0.0.0/0.0.0.0:36299
2019-09-11 07:39:29,917 [Datanode State Machine Thread - 0] INFO  server.GrpcService (GrpcService.java:startImpl(158)) - 48982da4-f995-48e9-b2c1-a2ad51cb7376: GrpcService started, listening on 0.0.0.0/0.0.0.0:39508
2019-09-11 07:39:29,917 [Datanode State Machine Thread - 0] INFO  server.GrpcService (GrpcService.java:startImpl(158)) - 4bd38775-382d-4c4f-9f91-7366b5492a1e: GrpcService started, listening on 0.0.0.0/0.0.0.0:33350
2019-09-11 07:39:29,919 [Datanode State Machine Thread - 0] INFO  ratis.XceiverServerRatis (XceiverServerRatis.java:start(414)) - XceiverServerRatis 48982da4-f995-48e9-b2c1-a2ad51cb7376 is started using port 39508
2019-09-11 07:39:29,919 [Datanode State Machine Thread - 0] INFO  ratis.XceiverServerRatis (XceiverServerRatis.java:start(414)) - XceiverServerRatis 36be1d2c-b8e7-4a5e-9c9f-c881d55a8c5a is started using port 36299
2019-09-11 07:39:29,919 [Datanode State Machine Thread - 0] INFO  ratis.XceiverServerRatis (XceiverServerRatis.java:start(414)) - XceiverServerRatis 4bd38775-382d-4c4f-9f91-7366b5492a1e is started using port 33350
2019-09-11 07:39:29,932 [Datanode State Machine Thread - 0] INFO  server.XceiverServerGrpc (XceiverServerGrpc.java:start(163)) - XceiverServerGrpc 48982da4-f995-48e9-b2c1-a2ad51cb7376 is started using port 35195
2019-09-11 07:39:29,932 [Datanode State Machine Thread - 0] INFO  server.XceiverServerGrpc (XceiverServerGrpc.java:start(163)) - XceiverServerGrpc 36be1d2c-b8e7-4a5e-9c9f-c881d55a8c5a is started using port 38672
2019-09-11 07:39:29,932 [Datanode State Machine Thread - 0] INFO  server.XceiverServerGrpc (XceiverServerGrpc.java:start(163)) - XceiverServerGrpc 4bd38775-382d-4c4f-9f91-7366b5492a1e is started using port 32867
2019-09-11 07:39:29,936 [Datanode State Machine Thread - 0] INFO  impl.RaftServerProxy (RaftServerProxy.java:lambda$start$3(299)) - 5b8ad787-4bf9-4bb4-bfeb-9c85cd30cda7: start RPC server
2019-09-11 07:39:29,939 [Datanode State Machine Thread - 0] INFO  server.GrpcService (GrpcService.java:startImpl(158)) - 5b8ad787-4bf9-4bb4-bfeb-9c85cd30cda7: GrpcService started, listening on 0.0.0.0/0.0.0.0:34780
2019-09-11 07:39:29,939 [Datanode State Machine Thread - 0] INFO  ratis.XceiverServerRatis (XceiverServerRatis.java:start(414)) - XceiverServerRatis 5b8ad787-4bf9-4bb4-bfeb-9c85cd30cda7 is started using port 34780
2019-09-11 07:39:29,941 [Datanode State Machine Thread - 0] INFO  server.XceiverServerGrpc (XceiverServerGrpc.java:start(163)) - XceiverServerGrpc 5b8ad787-4bf9-4bb4-bfeb-9c85cd30cda7 is started using port 33903
2019-09-11 07:39:29,984 [Datanode State Machine Thread - 0] INFO  ozoneimpl.OzoneContainer (OzoneContainer.java:start(217)) - Attempting to start container services.
2019-09-11 07:39:29,985 [Datanode State Machine Thread - 0] INFO  ozoneimpl.OzoneContainer (OzoneContainer.java:startContainerScrub(179)) - Background container scanner has been disabled.
2019-09-11 07:39:29,985 [Datanode State Machine Thread - 0] INFO  ratis.XceiverServerRatis (XceiverServerRatis.java:start(404)) - Starting XceiverServerRatis 9196f2dc-d574-4585-b48c-56d55fbc13c2 at port 0
2019-09-11 07:39:29,994 [Datanode State Machine Thread - 0] INFO  impl.RaftServerProxy (RaftServerProxy.java:lambda$start$3(299)) - 9196f2dc-d574-4585-b48c-56d55fbc13c2: start RPC server
2019-09-11 07:39:29,998 [Datanode State Machine Thread - 0] INFO  server.GrpcService (GrpcService.java:startImpl(158)) - 9196f2dc-d574-4585-b48c-56d55fbc13c2: GrpcService started, listening on 0.0.0.0/0.0.0.0:36626
2019-09-11 07:39:29,998 [Datanode State Machine Thread - 0] INFO  ratis.XceiverServerRatis (XceiverServerRatis.java:start(414)) - XceiverServerRatis 9196f2dc-d574-4585-b48c-56d55fbc13c2 is started using port 36626
2019-09-11 07:39:30,001 [Datanode State Machine Thread - 0] INFO  server.XceiverServerGrpc (XceiverServerGrpc.java:start(163)) - XceiverServerGrpc 9196f2dc-d574-4585-b48c-56d55fbc13c2 is started using port 39583
2019-09-11 07:39:30,083 [Datanode State Machine Thread - 0] INFO  ozoneimpl.OzoneContainer (OzoneContainer.java:start(217)) - Attempting to start container services.
2019-09-11 07:39:30,084 [Datanode State Machine Thread - 0] INFO  ozoneimpl.OzoneContainer (OzoneContainer.java:startContainerScrub(179)) - Background container scanner has been disabled.
2019-09-11 07:39:30,084 [Datanode State Machine Thread - 0] INFO  ratis.XceiverServerRatis (XceiverServerRatis.java:start(404)) - Starting XceiverServerRatis 94695109-ccac-4717-8ca0-575ae92c92f3 at port 0
2019-09-11 07:39:30,094 [Datanode State Machine Thread - 0] INFO  impl.RaftServerProxy (RaftServerProxy.java:lambda$start$3(299)) - 94695109-ccac-4717-8ca0-575ae92c92f3: start RPC server
2019-09-11 07:39:30,099 [Datanode State Machine Thread - 0] INFO  server.GrpcService (GrpcService.java:startImpl(158)) - 94695109-ccac-4717-8ca0-575ae92c92f3: GrpcService started, listening on 0.0.0.0/0.0.0.0:43599
2019-09-11 07:39:30,099 [Datanode State Machine Thread - 0] INFO  ratis.XceiverServerRatis (XceiverServerRatis.java:start(414)) - XceiverServerRatis 94695109-ccac-4717-8ca0-575ae92c92f3 is started using port 43599
2019-09-11 07:39:30,102 [Datanode State Machine Thread - 0] INFO  server.XceiverServerGrpc (XceiverServerGrpc.java:start(163)) - XceiverServerGrpc 94695109-ccac-4717-8ca0-575ae92c92f3 is started using port 39877
2019-09-11 07:39:30,158 [Datanode State Machine Thread - 0] INFO  ozoneimpl.OzoneContainer (OzoneContainer.java:start(217)) - Attempting to start container services.
2019-09-11 07:39:30,159 [Datanode State Machine Thread - 0] INFO  ozoneimpl.OzoneContainer (OzoneContainer.java:startContainerScrub(179)) - Background container scanner has been disabled.
2019-09-11 07:39:30,159 [Datanode State Machine Thread - 0] INFO  ratis.XceiverServerRatis (XceiverServerRatis.java:start(404)) - Starting XceiverServerRatis a1a3d5df-f415-4291-8622-8b18f7b50573 at port 0
2019-09-11 07:39:30,169 [Datanode State Machine Thread - 0] INFO  impl.RaftServerProxy (RaftServerProxy.java:lambda$start$3(299)) - a1a3d5df-f415-4291-8622-8b18f7b50573: start RPC server
2019-09-11 07:39:30,173 [Datanode State Machine Thread - 0] INFO  server.GrpcService (GrpcService.java:startImpl(158)) - a1a3d5df-f415-4291-8622-8b18f7b50573: GrpcService started, listening on 0.0.0.0/0.0.0.0:41207
2019-09-11 07:39:30,173 [Datanode State Machine Thread - 0] INFO  ratis.XceiverServerRatis (XceiverServerRatis.java:start(414)) - XceiverServerRatis a1a3d5df-f415-4291-8622-8b18f7b50573 is started using port 41207
2019-09-11 07:39:30,178 [Datanode State Machine Thread - 0] INFO  server.XceiverServerGrpc (XceiverServerGrpc.java:start(163)) - XceiverServerGrpc a1a3d5df-f415-4291-8622-8b18f7b50573 is started using port 43794
2019-09-11 07:39:30,268 [Datanode State Machine Thread - 0] INFO  ozoneimpl.OzoneContainer (OzoneContainer.java:start(217)) - Attempting to start container services.
2019-09-11 07:39:30,268 [Datanode State Machine Thread - 0] INFO  ozoneimpl.OzoneContainer (OzoneContainer.java:startContainerScrub(179)) - Background container scanner has been disabled.
2019-09-11 07:39:30,269 [Datanode State Machine Thread - 0] INFO  ratis.XceiverServerRatis (XceiverServerRatis.java:start(404)) - Starting XceiverServerRatis 7366865a-3ccb-4fea-a2e2-b7a0314f55f5 at port 0
2019-09-11 07:39:30,279 [Datanode State Machine Thread - 0] INFO  impl.RaftServerProxy (RaftServerProxy.java:lambda$start$3(299)) - 7366865a-3ccb-4fea-a2e2-b7a0314f55f5: start RPC server
2019-09-11 07:39:30,283 [Datanode State Machine Thread - 0] INFO  server.GrpcService (GrpcService.java:startImpl(158)) - 7366865a-3ccb-4fea-a2e2-b7a0314f55f5: GrpcService started, listening on 0.0.0.0/0.0.0.0:39985
2019-09-11 07:39:30,283 [Datanode State Machine Thread - 0] INFO  ratis.XceiverServerRatis (XceiverServerRatis.java:start(414)) - XceiverServerRatis 7366865a-3ccb-4fea-a2e2-b7a0314f55f5 is started using port 39985
2019-09-11 07:39:30,288 [Datanode State Machine Thread - 0] INFO  server.XceiverServerGrpc (XceiverServerGrpc.java:start(163)) - XceiverServerGrpc 7366865a-3ccb-4fea-a2e2-b7a0314f55f5 is started using port 36298
2019-09-11 07:39:30,353 [Datanode State Machine Thread - 0] INFO  ozoneimpl.OzoneContainer (OzoneContainer.java:start(217)) - Attempting to start container services.
2019-09-11 07:39:30,353 [Datanode State Machine Thread - 0] INFO  ozoneimpl.OzoneContainer (OzoneContainer.java:startContainerScrub(179)) - Background container scanner has been disabled.
2019-09-11 07:39:30,353 [Datanode State Machine Thread - 0] INFO  ratis.XceiverServerRatis (XceiverServerRatis.java:start(404)) - Starting XceiverServerRatis 72bb666e-e114-4432-9598-bd6d136490e0 at port 0
2019-09-11 07:39:30,368 [Datanode State Machine Thread - 0] INFO  impl.RaftServerProxy (RaftServerProxy.java:lambda$start$3(299)) - 72bb666e-e114-4432-9598-bd6d136490e0: start RPC server
2019-09-11 07:39:30,374 [Datanode State Machine Thread - 0] INFO  server.GrpcService (GrpcService.java:startImpl(158)) - 72bb666e-e114-4432-9598-bd6d136490e0: GrpcService started, listening on 0.0.0.0/0.0.0.0:43357
2019-09-11 07:39:30,374 [Datanode State Machine Thread - 0] INFO  ratis.XceiverServerRatis (XceiverServerRatis.java:start(414)) - XceiverServerRatis 72bb666e-e114-4432-9598-bd6d136490e0 is started using port 43357
2019-09-11 07:39:30,389 [Datanode State Machine Thread - 0] INFO  server.XceiverServerGrpc (XceiverServerGrpc.java:start(163)) - XceiverServerGrpc 72bb666e-e114-4432-9598-bd6d136490e0 is started using port 39600
2019-09-11 07:39:30,441 [main] INFO  ozone.MiniOzoneClusterImpl (MiniOzoneClusterImpl.java:lambda$waitForClusterToBeReady$0(140)) - Waiting for cluster to be ready. Got 0 of 10 DN Heartbeats.
2019-09-11 07:39:30,456 [Datanode State Machine Thread - 0] INFO  ozoneimpl.OzoneContainer (OzoneContainer.java:start(217)) - Attempting to start container services.
2019-09-11 07:39:30,456 [Datanode State Machine Thread - 0] INFO  ozoneimpl.OzoneContainer (OzoneContainer.java:startContainerScrub(179)) - Background container scanner has been disabled.
2019-09-11 07:39:30,457 [Datanode State Machine Thread - 0] INFO  ratis.XceiverServerRatis (XceiverServerRatis.java:start(404)) - Starting XceiverServerRatis 8929662e-8651-4c9f-b246-d3ed69c98010 at port 0
2019-09-11 07:39:30,467 [Datanode State Machine Thread - 0] INFO  impl.RaftServerProxy (RaftServerProxy.java:lambda$start$3(299)) - 8929662e-8651-4c9f-b246-d3ed69c98010: start RPC server
2019-09-11 07:39:30,472 [Datanode State Machine Thread - 0] INFO  server.GrpcService (GrpcService.java:startImpl(158)) - 8929662e-8651-4c9f-b246-d3ed69c98010: GrpcService started, listening on 0.0.0.0/0.0.0.0:45689
2019-09-11 07:39:30,472 [Datanode State Machine Thread - 0] INFO  ratis.XceiverServerRatis (XceiverServerRatis.java:start(414)) - XceiverServerRatis 8929662e-8651-4c9f-b246-d3ed69c98010 is started using port 45689
2019-09-11 07:39:30,491 [Datanode State Machine Thread - 0] INFO  server.XceiverServerGrpc (XceiverServerGrpc.java:start(163)) - XceiverServerGrpc 8929662e-8651-4c9f-b246-d3ed69c98010 is started using port 35537
2019-09-11 07:39:31,441 [main] INFO  ozone.MiniOzoneClusterImpl (MiniOzoneClusterImpl.java:lambda$waitForClusterToBeReady$0(140)) - Waiting for cluster to be ready. Got 0 of 10 DN Heartbeats.
2019-09-11 07:39:31,714 [IPC Server handler 5 on 41967] INFO  net.NetworkTopology (NetworkTopologyImpl.java:add(110)) - Added a new node: /default-rack/36be1d2c-b8e7-4a5e-9c9f-c881d55a8c5a
2019-09-11 07:39:31,714 [IPC Server handler 5 on 41967] INFO  node.SCMNodeManager (SCMNodeManager.java:register(266)) - Registered Data node : 36be1d2c-b8e7-4a5e-9c9f-c881d55a8c5a{ip: 192.168.34.12, host: pr-hdds-2106-8t9qr-763259812, networkLocation: /default-rack, certSerialId: null}
2019-09-11 07:39:31,720 [EventQueue-NodeRegistrationContainerReportForDataNodeSafeModeRule] INFO  safemode.SCMSafeModeManager (DataNodeSafeModeRule.java:process(71)) - SCM in safe mode. 1 DataNodes registered, 1 required.
2019-09-11 07:39:31,721 [EventQueue-NodeRegistrationContainerReportForDataNodeSafeModeRule] INFO  safemode.SCMSafeModeManager (SCMSafeModeManager.java:validateSafeModeExitRules(177)) - ScmSafeModeManager, all rules are successfully validated
2019-09-11 07:39:31,721 [EventQueue-NodeRegistrationContainerReportForDataNodeSafeModeRule] INFO  safemode.SCMSafeModeManager (SCMSafeModeManager.java:exitSafeMode(193)) - SCM exiting safe mode.
2019-09-11 07:39:31,749 [IPC Server handler 6 on 41967] INFO  net.NetworkTopology (NetworkTopologyImpl.java:add(110)) - Added a new node: /default-rack/4bd38775-382d-4c4f-9f91-7366b5492a1e
2019-09-11 07:39:31,750 [IPC Server handler 6 on 41967] INFO  node.SCMNodeManager (SCMNodeManager.java:register(266)) - Registered Data node : 4bd38775-382d-4c4f-9f91-7366b5492a1e{ip: 192.168.34.12, host: pr-hdds-2106-8t9qr-763259812, networkLocation: /default-rack, certSerialId: null}
2019-09-11 07:39:31,829 [IPC Server handler 7 on 41967] INFO  net.NetworkTopology (NetworkTopologyImpl.java:add(110)) - Added a new node: /default-rack/48982da4-f995-48e9-b2c1-a2ad51cb7376
2019-09-11 07:39:31,829 [IPC Server handler 7 on 41967] INFO  node.SCMNodeManager (SCMNodeManager.java:register(266)) - Registered Data node : 48982da4-f995-48e9-b2c1-a2ad51cb7376{ip: 192.168.34.12, host: pr-hdds-2106-8t9qr-763259812, networkLocation: /default-rack, certSerialId: null}
2019-09-11 07:39:31,898 [IPC Server handler 9 on 41967] INFO  net.NetworkTopology (NetworkTopologyImpl.java:add(110)) - Added a new node: /default-rack/5b8ad787-4bf9-4bb4-bfeb-9c85cd30cda7
2019-09-11 07:39:31,899 [IPC Server handler 9 on 41967] INFO  node.SCMNodeManager (SCMNodeManager.java:register(266)) - Registered Data node : 5b8ad787-4bf9-4bb4-bfeb-9c85cd30cda7{ip: 192.168.34.12, host: pr-hdds-2106-8t9qr-763259812, networkLocation: /default-rack, certSerialId: null}
2019-09-11 07:39:31,972 [IPC Server handler 10 on 41967] INFO  net.NetworkTopology (NetworkTopologyImpl.java:add(110)) - Added a new node: /default-rack/9196f2dc-d574-4585-b48c-56d55fbc13c2
2019-09-11 07:39:31,973 [IPC Server handler 10 on 41967] INFO  node.SCMNodeManager (SCMNodeManager.java:register(266)) - Registered Data node : 9196f2dc-d574-4585-b48c-56d55fbc13c2{ip: 192.168.34.12, host: pr-hdds-2106-8t9qr-763259812, networkLocation: /default-rack, certSerialId: null}
2019-09-11 07:39:32,073 [IPC Server handler 1 on 41967] INFO  net.NetworkTopology (NetworkTopologyImpl.java:add(110)) - Added a new node: /default-rack/94695109-ccac-4717-8ca0-575ae92c92f3
2019-09-11 07:39:32,073 [IPC Server handler 1 on 41967] INFO  node.SCMNodeManager (SCMNodeManager.java:register(266)) - Registered Data node : 94695109-ccac-4717-8ca0-575ae92c92f3{ip: 192.168.34.12, host: pr-hdds-2106-8t9qr-763259812, networkLocation: /default-rack, certSerialId: null}
2019-09-11 07:39:32,165 [IPC Server handler 2 on 41967] INFO  net.NetworkTopology (NetworkTopologyImpl.java:add(110)) - Added a new node: /default-rack/a1a3d5df-f415-4291-8622-8b18f7b50573
2019-09-11 07:39:32,166 [IPC Server handler 2 on 41967] INFO  node.SCMNodeManager (SCMNodeManager.java:register(266)) - Registered Data node : a1a3d5df-f415-4291-8622-8b18f7b50573{ip: 192.168.34.12, host: pr-hdds-2106-8t9qr-763259812, networkLocation: /default-rack, certSerialId: null}
2019-09-11 07:39:32,258 [IPC Server handler 3 on 41967] INFO  net.NetworkTopology (NetworkTopologyImpl.java:add(110)) - Added a new node: /default-rack/7366865a-3ccb-4fea-a2e2-b7a0314f55f5
2019-09-11 07:39:32,258 [IPC Server handler 3 on 41967] INFO  node.SCMNodeManager (SCMNodeManager.java:register(266)) - Registered Data node : 7366865a-3ccb-4fea-a2e2-b7a0314f55f5{ip: 192.168.34.12, host: pr-hdds-2106-8t9qr-763259812, networkLocation: /default-rack, certSerialId: null}
2019-09-11 07:39:32,341 [IPC Server handler 4 on 41967] INFO  net.NetworkTopology (NetworkTopologyImpl.java:add(110)) - Added a new node: /default-rack/72bb666e-e114-4432-9598-bd6d136490e0
2019-09-11 07:39:32,344 [IPC Server handler 4 on 41967] INFO  node.SCMNodeManager (SCMNodeManager.java:register(266)) - Registered Data node : 72bb666e-e114-4432-9598-bd6d136490e0{ip: 192.168.34.12, host: pr-hdds-2106-8t9qr-763259812, networkLocation: /default-rack, certSerialId: null}
2019-09-11 07:39:32,365 [grpc-default-executor-0] INFO  impl.RaftServerProxy (RaftServerProxy.java:addNew(89)) - 36be1d2c-b8e7-4a5e-9c9f-c881d55a8c5a: addNew group-90472DB2A145:[36be1d2c-b8e7-4a5e-9c9f-c881d55a8c5a:192.168.34.12:36299] returns group-90472DB2A145:java.util.concurrent.CompletableFuture@2725afbc[Not completed]
2019-09-11 07:39:32,399 [pool-27-thread-1] INFO  impl.RaftServerImpl (RaftServerImpl.java:<init>(95)) - 36be1d2c-b8e7-4a5e-9c9f-c881d55a8c5a: new RaftServerImpl for group-90472DB2A145:[36be1d2c-b8e7-4a5e-9c9f-c881d55a8c5a:192.168.34.12:36299] with ContainerStateMachine:uninitialized
2019-09-11 07:39:32,401 [pool-27-thread-1] INFO  server.RaftServerConfigKeys (ConfUtils.java:logGet(43)) - raft.server.rpc.timeout.min = 1s (custom)
2019-09-11 07:39:32,403 [pool-27-thread-1] INFO  server.RaftServerConfigKeys (ConfUtils.java:logGet(43)) - raft.server.rpc.timeout.max = 1200ms (custom)
2019-09-11 07:39:32,403 [pool-27-thread-1] INFO  server.RaftServerConfigKeys (ConfUtils.java:logGet(43)) - raft.server.rpcslowness.timeout = 120s (custom)
2019-09-11 07:39:32,404 [pool-27-thread-1] INFO  server.RaftServerConfigKeys (ConfUtils.java:logGet(43)) - raft.server.sleep.deviation.threshold = 300 (default)
2019-09-11 07:39:32,405 [pool-27-thread-1] INFO  server.RaftServerConfigKeys (ConfUtils.java:logGet(43)) - raft.server.log.appender.install.snapshot.enabled = false (custom)
2019-09-11 07:39:32,415 [pool-27-thread-1] INFO  impl.RaftServerImpl (ServerState.java:<init>(103)) - 36be1d2c-b8e7-4a5e-9c9f-c881d55a8c5a@group-90472DB2A145: ConfigurationManager, init=-1: [36be1d2c-b8e7-4a5e-9c9f-c881d55a8c5a:192.168.34.12:36299], old=null, confs=<EMPTY_MAP>
2019-09-11 07:39:32,416 [pool-27-thread-1] INFO  server.RaftServerConfigKeys (ConfUtils.java:logGet(43)) - raft.server.storage.dir = [/workdir/hadoop-ozone/integration-test/target/test-dir/MiniOzoneClusterImpl-d0f0e288-b90a-4d92-9473-de78fda8b1d0/datanode-0/data/ratis] (custom)
2019-09-11 07:39:32,425 [pool-27-thread-1] INFO  storage.RaftStorageDirectory (RaftStorageDirectory.java:analyzeStorage(246)) - The storage directory /workdir/hadoop-ozone/integration-test/target/test-dir/MiniOzoneClusterImpl-d0f0e288-b90a-4d92-9473-de78fda8b1d0/datanode-0/data/ratis/bb0c72fd-0b25-4b58-80eb-90472db2a145 does not exist. Creating ...
2019-09-11 07:39:32,448 [pool-27-thread-1] INFO  storage.RaftStorageDirectory (RaftStorageDirectory.java:tryLock(328)) - Lock on /workdir/hadoop-ozone/integration-test/target/test-dir/MiniOzoneClusterImpl-d0f0e288-b90a-4d92-9473-de78fda8b1d0/datanode-0/data/ratis/bb0c72fd-0b25-4b58-80eb-90472db2a145/in_use.lock acquired by nodename 10521@pr-hdds-2106-8t9qr-763259812
2019-09-11 07:39:32,448 [main] INFO  ozone.MiniOzoneClusterImpl (MiniOzoneClusterImpl.java:lambda$waitForClusterToBeReady$0(140)) - Waiting for cluster to be ready. Got 9 of 10 DN Heartbeats.
2019-09-11 07:39:32,458 [IPC Server handler 5 on 41967] INFO  net.NetworkTopology (NetworkTopologyImpl.java:add(110)) - Added a new node: /default-rack/8929662e-8651-4c9f-b246-d3ed69c98010
2019-09-11 07:39:32,458 [IPC Server handler 5 on 41967] INFO  node.SCMNodeManager (SCMNodeManager.java:register(266)) - Registered Data node : 8929662e-8651-4c9f-b246-d3ed69c98010{ip: 192.168.34.12, host: pr-hdds-2106-8t9qr-763259812, networkLocation: /default-rack, certSerialId: null}
2019-09-11 07:39:32,474 [pool-27-thread-1] INFO  storage.RaftStorage (RaftStorage.java:format(72)) - Storage directory /workdir/hadoop-ozone/integration-test/target/test-dir/MiniOzoneClusterImpl-d0f0e288-b90a-4d92-9473-de78fda8b1d0/datanode-0/data/ratis/bb0c72fd-0b25-4b58-80eb-90472db2a145 has been successfully formatted.
2019-09-11 07:39:32,477 [pool-27-thread-1] INFO  ratis.ContainerStateMachine (ContainerStateMachine.java:loadSnapshot(230)) - group-90472DB2A145: The snapshot info is null. Setting the last applied indexto:(t:0, i:~)
2019-09-11 07:39:32,477 [pool-27-thread-1] INFO  server.RaftServerConfigKeys (ConfUtils.java:logGet(43)) - raft.server.notification.no-leader.timeout = 120s (custom)
2019-09-11 07:39:32,480 [pool-27-thread-1] INFO  server.RaftServerConfigKeys (ConfUtils.java:logGet(43)) - raft.server.log.use.memory = false (default)
2019-09-11 07:39:32,488 [pool-27-thread-1] INFO  server.RaftServerConfigKeys (ConfUtils.java:logGet(43)) - raft.server.log.purge.gap = 1000000 (custom)
2019-09-11 07:39:32,488 [pool-27-thread-1] INFO  server.RaftServerConfigKeys (ConfUtils.java:logGet(43)) - raft.server.log.appender.buffer.byte-limit = 33554432 (custom)
2019-09-11 07:39:32,491 [pool-27-thread-1] INFO  server.RaftServerConfigKeys (ConfUtils.java:logGet(43)) - raft.server.log.segment.size.max = 1048576 (custom)
2019-09-11 07:39:32,498 [pool-27-thread-1] INFO  server.RaftServerConfigKeys (ConfUtils.java:logGet(43)) - raft.server.log.segment.cache.num.max = 2 (custom)
2019-09-11 07:39:32,504 [pool-27-thread-1] INFO  segmented.SegmentedRaftLogWorker (SegmentedRaftLogWorker.java:<init>(172)) - new 36be1d2c-b8e7-4a5e-9c9f-c881d55a8c5a@group-90472DB2A145-SegmentedRaftLogWorker for RaftStorage:Storage Directory /workdir/hadoop-ozone/integration-test/target/test-dir/MiniOzoneClusterImpl-d0f0e288-b90a-4d92-9473-de78fda8b1d0/datanode-0/data/ratis/bb0c72fd-0b25-4b58-80eb-90472db2a145
2019-09-11 07:39:32,506 [pool-27-thread-1] INFO  impl.MetricsSystemImpl (MetricsSystemImpl.java:init(158)) - ratis metrics system started (again)
2019-09-11 07:39:32,545 [pool-27-thread-1] INFO  server.RaftServerConfigKeys (ConfUtils.java:logGet(43)) - raft.server.log.queue.byte-limit = 2147483647 (custom)
2019-09-11 07:39:32,545 [pool-27-thread-1] INFO  server.RaftServerConfigKeys (ConfUtils.java:logGet(43)) - raft.server.log.queue.element-limit = 1024 (custom)
2019-09-11 07:39:32,549 [pool-27-thread-1] INFO  server.RaftServerConfigKeys (ConfUtils.java:logGet(43)) - raft.server.log.segment.size.max = 1048576 (custom)
2019-09-11 07:39:32,549 [pool-27-thread-1] INFO  server.RaftServerConfigKeys (ConfUtils.java:logGet(43)) - raft.server.log.preallocated.size = 16384 (custom)
2019-09-11 07:39:32,550 [pool-27-thread-1] INFO  server.RaftServerConfigKeys (ConfUtils.java:logGet(43)) - raft.server.log.write.buffer.size = 33554432 (custom)
2019-09-11 07:39:32,550 [pool-27-thread-1] INFO  server.RaftServerConfigKeys (ConfUtils.java:logGet(43)) - raft.server.log.force.sync.num = 128 (default)
2019-09-11 07:39:32,551 [pool-27-thread-1] INFO  server.RaftServerConfigKeys (ConfUtils.java:logGet(43)) - raft.server.log.statemachine.data.sync = true (default)
2019-09-11 07:39:32,552 [pool-27-thread-1] INFO  server.RaftServerConfigKeys (ConfUtils.java:logGet(43)) - raft.server.log.statemachine.data.sync.timeout = 10s (default)
2019-09-11 07:39:32,552 [pool-27-thread-1] INFO  server.RaftServerConfigKeys (ConfUtils.java:logGet(43)) - raft.server.log.statemachine.data.sync.timeout.retry = -1 (default)
2019-09-11 07:39:32,561 [pool-27-thread-1] INFO  server.RaftServerConfigKeys (ConfUtils.java:logGet(43)) - raft.server.log.statemachine.data.caching.enabled = true (custom)
2019-09-11 07:39:32,566 [pool-27-thread-1] INFO  segmented.SegmentedRaftLogWorker (SegmentedRaftLogWorker.java:lambda$new$0(132)) - 36be1d2c-b8e7-4a5e-9c9f-c881d55a8c5a@group-90472DB2A145-SegmentedRaftLogWorker: flushIndex: setUnconditionally 0 -> -1
2019-09-11 07:39:32,570 [pool-27-thread-1] INFO  server.RaftServerConfigKeys (ConfUtils.java:logGet(43)) - raft.server.snapshot.auto.trigger.enabled = true (custom)
2019-09-11 07:39:32,571 [pool-27-thread-1] INFO  server.RaftServerConfigKeys (ConfUtils.java:logGet(43)) - raft.server.snapshot.auto.trigger.threshold = 10000 (custom)
2019-09-11 07:39:32,571 [pool-27-thread-1] INFO  server.RaftServerConfigKeys (ConfUtils.java:logGet(43)) - raft.server.snapshot.retention.num.files = -1 (default)
2019-09-11 07:39:32,572 [pool-27-thread-1] INFO  server.RaftServerConfigKeys (ConfUtils.java:logGet(43)) - raft.server.retrycache.expirytime = 600000ms (custom)
2019-09-11 07:39:32,598 [pool-27-thread-1] INFO  impl.RaftServerImpl (RaftServerImpl.java:start(185)) - 36be1d2c-b8e7-4a5e-9c9f-c881d55a8c5a@group-90472DB2A145: start as a follower, conf=-1: [36be1d2c-b8e7-4a5e-9c9f-c881d55a8c5a:192.168.34.12:36299], old=null
2019-09-11 07:39:32,599 [pool-27-thread-1] INFO  impl.RaftServerImpl (RaftServerImpl.java:setRole(174)) - 36be1d2c-b8e7-4a5e-9c9f-c881d55a8c5a@group-90472DB2A145: changes role from      null to FOLLOWER at term 0 for startAsFollower
2019-09-11 07:39:32,600 [pool-27-thread-1] INFO  impl.RoleInfo (RoleInfo.java:updateAndGet(143)) - 36be1d2c-b8e7-4a5e-9c9f-c881d55a8c5a: start FollowerState
2019-09-11 07:39:32,602 [pool-27-thread-1] INFO  util.JmxRegister (JmxRegister.java:tryRegister(44)) - Successfully registered JMX Bean with object name Ratis:service=RaftServer,group=group-90472DB2A145,id=36be1d2c-b8e7-4a5e-9c9f-c881d55a8c5a
2019-09-11 07:39:32,689 [RatisPipelineUtilsThread] INFO  pipeline.PipelineStateManager (PipelineStateManager.java:addPipeline(56)) - Created pipeline Pipeline[ Id: bb0c72fd-0b25-4b58-80eb-90472db2a145, Nodes: 36be1d2c-b8e7-4a5e-9c9f-c881d55a8c5a{ip: 192.168.34.12, host: pr-hdds-2106-8t9qr-763259812, networkLocation: /default-rack, certSerialId: null}, Type:RATIS, Factor:ONE, State:OPEN]
2019-09-11 07:39:32,728 [grpc-default-executor-0] INFO  impl.RaftServerProxy (RaftServerProxy.java:addNew(89)) - 48982da4-f995-48e9-b2c1-a2ad51cb7376: addNew group-7D50ECD9C74E:[48982da4-f995-48e9-b2c1-a2ad51cb7376:192.168.34.12:39508] returns group-7D50ECD9C74E:java.util.concurrent.CompletableFuture@5898a82b[Not completed]
2019-09-11 07:39:32,812 [pool-47-thread-1] INFO  impl.RaftServerImpl (RaftServerImpl.java:<init>(95)) - 48982da4-f995-48e9-b2c1-a2ad51cb7376: new RaftServerImpl for group-7D50ECD9C74E:[48982da4-f995-48e9-b2c1-a2ad51cb7376:192.168.34.12:39508] with ContainerStateMachine:uninitialized
2019-09-11 07:39:32,813 [pool-47-thread-1] INFO  server.RaftServerConfigKeys (ConfUtils.java:logGet(43)) - raft.server.rpc.timeout.min = 1s (custom)
2019-09-11 07:39:32,814 [pool-47-thread-1] INFO  server.RaftServerConfigKeys (ConfUtils.java:logGet(43)) - raft.server.rpc.timeout.max = 1200ms (custom)
2019-09-11 07:39:32,814 [pool-47-thread-1] INFO  server.RaftServerConfigKeys (ConfUtils.java:logGet(43)) - raft.server.rpcslowness.timeout = 120s (custom)
2019-09-11 07:39:32,814 [pool-47-thread-1] INFO  server.RaftServerConfigKeys (ConfUtils.java:logGet(43)) - raft.server.sleep.deviation.threshold = 300 (default)
2019-09-11 07:39:32,814 [pool-47-thread-1] INFO  server.RaftServerConfigKeys (ConfUtils.java:logGet(43)) - raft.server.log.appender.install.snapshot.enabled = false (custom)
2019-09-11 07:39:32,814 [pool-47-thread-1] INFO  impl.RaftServerImpl (ServerState.java:<init>(103)) - 48982da4-f995-48e9-b2c1-a2ad51cb7376@group-7D50ECD9C74E: ConfigurationManager, init=-1: [48982da4-f995-48e9-b2c1-a2ad51cb7376:192.168.34.12:39508], old=null, confs=<EMPTY_MAP>
2019-09-11 07:39:32,815 [pool-47-thread-1] INFO  server.RaftServerConfigKeys (ConfUtils.java:logGet(43)) - raft.server.storage.dir = [/workdir/hadoop-ozone/integration-test/target/test-dir/MiniOzoneClusterImpl-d0f0e288-b90a-4d92-9473-de78fda8b1d0/datanode-2/data/ratis] (custom)
2019-09-11 07:39:32,815 [pool-47-thread-1] INFO  storage.RaftStorageDirectory (RaftStorageDirectory.java:analyzeStorage(246)) - The storage directory /workdir/hadoop-ozone/integration-test/target/test-dir/MiniOzoneClusterImpl-d0f0e288-b90a-4d92-9473-de78fda8b1d0/datanode-2/data/ratis/0e98d3f7-158b-4474-a7fb-7d50ecd9c74e does not exist. Creating ...
2019-09-11 07:39:32,830 [pool-47-thread-1] INFO  storage.RaftStorageDirectory (RaftStorageDirectory.java:tryLock(328)) - Lock on /workdir/hadoop-ozone/integration-test/target/test-dir/MiniOzoneClusterImpl-d0f0e288-b90a-4d92-9473-de78fda8b1d0/datanode-2/data/ratis/0e98d3f7-158b-4474-a7fb-7d50ecd9c74e/in_use.lock acquired by nodename 10521@pr-hdds-2106-8t9qr-763259812
2019-09-11 07:39:32,844 [pool-47-thread-1] INFO  storage.RaftStorage (RaftStorage.java:format(72)) - Storage directory /workdir/hadoop-ozone/integration-test/target/test-dir/MiniOzoneClusterImpl-d0f0e288-b90a-4d92-9473-de78fda8b1d0/datanode-2/data/ratis/0e98d3f7-158b-4474-a7fb-7d50ecd9c74e has been successfully formatted.
2019-09-11 07:39:32,847 [pool-47-thread-1] INFO  ratis.ContainerStateMachine (ContainerStateMachine.java:loadSnapshot(230)) - group-7D50ECD9C74E: The snapshot info is null. Setting the last applied indexto:(t:0, i:~)
2019-09-11 07:39:32,850 [pool-47-thread-1] INFO  server.RaftServerConfigKeys (ConfUtils.java:logGet(43)) - raft.server.notification.no-leader.timeout = 120s (custom)
2019-09-11 07:39:32,850 [pool-47-thread-1] INFO  server.RaftServerConfigKeys (ConfUtils.java:logGet(43)) - raft.server.log.use.memory = false (default)
2019-09-11 07:39:32,850 [pool-47-thread-1] INFO  server.RaftServerConfigKeys (ConfUtils.java:logGet(43)) - raft.server.log.purge.gap = 1000000 (custom)
2019-09-11 07:39:32,851 [pool-47-thread-1] INFO  server.RaftServerConfigKeys (ConfUtils.java:logGet(43)) - raft.server.log.appender.buffer.byte-limit = 33554432 (custom)
2019-09-11 07:39:32,851 [pool-47-thread-1] INFO  server.RaftServerConfigKeys (ConfUtils.java:logGet(43)) - raft.server.log.segment.size.max = 1048576 (custom)
2019-09-11 07:39:32,851 [pool-47-thread-1] INFO  server.RaftServerConfigKeys (ConfUtils.java:logGet(43)) - raft.server.log.segment.cache.num.max = 2 (custom)
2019-09-11 07:39:32,852 [pool-47-thread-1] INFO  segmented.SegmentedRaftLogWorker (SegmentedRaftLogWorker.java:<init>(172)) - new 48982da4-f995-48e9-b2c1-a2ad51cb7376@group-7D50ECD9C74E-SegmentedRaftLogWorker for RaftStorage:Storage Directory /workdir/hadoop-ozone/integration-test/target/test-dir/MiniOzoneClusterImpl-d0f0e288-b90a-4d92-9473-de78fda8b1d0/datanode-2/data/ratis/0e98d3f7-158b-4474-a7fb-7d50ecd9c74e
2019-09-11 07:39:32,862 [pool-47-thread-1] INFO  server.RaftServerConfigKeys (ConfUtils.java:logGet(43)) - raft.server.log.queue.byte-limit = 2147483647 (custom)
2019-09-11 07:39:32,862 [pool-47-thread-1] INFO  server.RaftServerConfigKeys (ConfUtils.java:logGet(43)) - raft.server.log.queue.element-limit = 1024 (custom)
2019-09-11 07:39:32,862 [pool-47-thread-1] INFO  server.RaftServerConfigKeys (ConfUtils.java:logGet(43)) - raft.server.log.segment.size.max = 1048576 (custom)
2019-09-11 07:39:32,863 [pool-47-thread-1] INFO  server.RaftServerConfigKeys (ConfUtils.java:logGet(43)) - raft.server.log.preallocated.size = 16384 (custom)
2019-09-11 07:39:32,863 [pool-47-thread-1] INFO  server.RaftServerConfigKeys (ConfUtils.java:logGet(43)) - raft.server.log.write.buffer.size = 33554432 (custom)
2019-09-11 07:39:32,863 [pool-47-thread-1] INFO  server.RaftServerConfigKeys (ConfUtils.java:logGet(43)) - raft.server.log.force.sync.num = 128 (default)
2019-09-11 07:39:32,863 [pool-47-thread-1] INFO  server.RaftServerConfigKeys (ConfUtils.java:logGet(43)) - raft.server.log.statemachine.data.sync = true (default)
2019-09-11 07:39:32,863 [pool-47-thread-1] INFO  server.RaftServerConfigKeys (ConfUtils.java:logGet(43)) - raft.server.log.statemachine.data.sync.timeout = 10s (default)
2019-09-11 07:39:32,864 [pool-47-thread-1] INFO  server.RaftServerConfigKeys (ConfUtils.java:logGet(43)) - raft.server.log.statemachine.data.sync.timeout.retry = -1 (default)
2019-09-11 07:39:32,864 [pool-47-thread-1] INFO  server.RaftServerConfigKeys (ConfUtils.java:logGet(43)) - raft.server.log.statemachine.data.caching.enabled = true (custom)
2019-09-11 07:39:32,865 [pool-47-thread-1] INFO  segmented.SegmentedRaftLogWorker (SegmentedRaftLogWorker.java:lambda$new$0(132)) - 48982da4-f995-48e9-b2c1-a2ad51cb7376@group-7D50ECD9C74E-SegmentedRaftLogWorker: flushIndex: setUnconditionally 0 -> -1
2019-09-11 07:39:32,865 [pool-47-thread-1] INFO  server.RaftServerConfigKeys (ConfUtils.java:logGet(43)) - raft.server.snapshot.auto.trigger.enabled = true (custom)
2019-09-11 07:39:32,865 [pool-47-thread-1] INFO  server.RaftServerConfigKeys (ConfUtils.java:logGet(43)) - raft.server.snapshot.auto.trigger.threshold = 10000 (custom)
2019-09-11 07:39:32,865 [pool-47-thread-1] INFO  server.RaftServerConfigKeys (ConfUtils.java:logGet(43)) - raft.server.snapshot.retention.num.files = -1 (default)
2019-09-11 07:39:32,866 [pool-47-thread-1] INFO  server.RaftServerConfigKeys (ConfUtils.java:logGet(43)) - raft.server.retrycache.expirytime = 600000ms (custom)
2019-09-11 07:39:32,872 [pool-47-thread-1] INFO  impl.RaftServerImpl (RaftServerImpl.java:start(185)) - 48982da4-f995-48e9-b2c1-a2ad51cb7376@group-7D50ECD9C74E: start as a follower, conf=-1: [48982da4-f995-48e9-b2c1-a2ad51cb7376:192.168.34.12:39508], old=null
2019-09-11 07:39:32,873 [pool-47-thread-1] INFO  impl.RaftServerImpl (RaftServerImpl.java:setRole(174)) - 48982da4-f995-48e9-b2c1-a2ad51cb7376@group-7D50ECD9C74E: changes role from      null to FOLLOWER at term 0 for startAsFollower
2019-09-11 07:39:32,873 [pool-47-thread-1] INFO  impl.RoleInfo (RoleInfo.java:updateAndGet(143)) - 48982da4-f995-48e9-b2c1-a2ad51cb7376: start FollowerState
2019-09-11 07:39:32,876 [pool-47-thread-1] INFO  util.JmxRegister (JmxRegister.java:tryRegister(44)) - Successfully registered JMX Bean with object name Ratis:service=RaftServer,group=group-7D50ECD9C74E,id=48982da4-f995-48e9-b2c1-a2ad51cb7376
2019-09-11 07:39:32,905 [RatisPipelineUtilsThread] INFO  pipeline.PipelineStateManager (PipelineStateManager.java:addPipeline(56)) - Created pipeline Pipeline[ Id: 0e98d3f7-158b-4474-a7fb-7d50ecd9c74e, Nodes: 48982da4-f995-48e9-b2c1-a2ad51cb7376{ip: 192.168.34.12, host: pr-hdds-2106-8t9qr-763259812, networkLocation: /default-rack, certSerialId: null}, Type:RATIS, Factor:ONE, State:OPEN]
2019-09-11 07:39:32,934 [grpc-default-executor-0] INFO  impl.RaftServerProxy (RaftServerProxy.java:addNew(89)) - 72bb666e-e114-4432-9598-bd6d136490e0: addNew group-C4BEAC822441:[72bb666e-e114-4432-9598-bd6d136490e0:192.168.34.12:43357] returns group-C4BEAC822441:java.util.concurrent.CompletableFuture@3049a5dc[Not completed]
2019-09-11 07:39:32,984 [pool-107-thread-1] INFO  impl.RaftServerImpl (RaftServerImpl.java:<init>(95)) - 72bb666e-e114-4432-9598-bd6d136490e0: new RaftServerImpl for group-C4BEAC822441:[72bb666e-e114-4432-9598-bd6d136490e0:192.168.34.12:43357] with ContainerStateMachine:uninitialized
2019-09-11 07:39:32,984 [pool-107-thread-1] INFO  server.RaftServerConfigKeys (ConfUtils.java:logGet(43)) - raft.server.rpc.timeout.min = 1s (custom)
2019-09-11 07:39:32,985 [pool-107-thread-1] INFO  server.RaftServerConfigKeys (ConfUtils.java:logGet(43)) - raft.server.rpc.timeout.max = 1200ms (custom)
2019-09-11 07:39:32,985 [pool-107-thread-1] INFO  server.RaftServerConfigKeys (ConfUtils.java:logGet(43)) - raft.server.rpcslowness.timeout = 120s (custom)
2019-09-11 07:39:32,985 [pool-107-thread-1] INFO  server.RaftServerConfigKeys (ConfUtils.java:logGet(43)) - raft.server.sleep.deviation.threshold = 300 (default)
2019-09-11 07:39:32,985 [pool-107-thread-1] INFO  server.RaftServerConfigKeys (ConfUtils.java:logGet(43)) - raft.server.log.appender.install.snapshot.enabled = false (custom)
2019-09-11 07:39:32,985 [pool-107-thread-1] INFO  impl.RaftServerImpl (ServerState.java:<init>(103)) - 72bb666e-e114-4432-9598-bd6d136490e0@group-C4BEAC822441: ConfigurationManager, init=-1: [72bb666e-e114-4432-9598-bd6d136490e0:192.168.34.12:43357], old=null, confs=<EMPTY_MAP>
2019-09-11 07:39:32,986 [pool-107-thread-1] INFO  server.RaftServerConfigKeys (ConfUtils.java:logGet(43)) - raft.server.storage.dir = [/workdir/hadoop-ozone/integration-test/target/test-dir/MiniOzoneClusterImpl-d0f0e288-b90a-4d92-9473-de78fda8b1d0/datanode-8/data/ratis] (custom)
2019-09-11 07:39:32,986 [pool-107-thread-1] INFO  storage.RaftStorageDirectory (RaftStorageDirectory.java:analyzeStorage(246)) - The storage directory /workdir/hadoop-ozone/integration-test/target/test-dir/MiniOzoneClusterImpl-d0f0e288-b90a-4d92-9473-de78fda8b1d0/datanode-8/data/ratis/c3c128b7-361a-4cb1-ac52-c4beac822441 does not exist. Creating ...
2019-09-11 07:39:32,999 [pool-107-thread-1] INFO  storage.RaftStorageDirectory (RaftStorageDirectory.java:tryLock(328)) - Lock on /workdir/hadoop-ozone/integration-test/target/test-dir/MiniOzoneClusterImpl-d0f0e288-b90a-4d92-9473-de78fda8b1d0/datanode-8/data/ratis/c3c128b7-361a-4cb1-ac52-c4beac822441/in_use.lock acquired by nodename 10521@pr-hdds-2106-8t9qr-763259812
2019-09-11 07:39:33,014 [pool-107-thread-1] INFO  storage.RaftStorage (RaftStorage.java:format(72)) - Storage directory /workdir/hadoop-ozone/integration-test/target/test-dir/MiniOzoneClusterImpl-d0f0e288-b90a-4d92-9473-de78fda8b1d0/datanode-8/data/ratis/c3c128b7-361a-4cb1-ac52-c4beac822441 has been successfully formatted.
2019-09-11 07:39:33,015 [pool-107-thread-1] INFO  ratis.ContainerStateMachine (ContainerStateMachine.java:loadSnapshot(230)) - group-C4BEAC822441: The snapshot info is null. Setting the last applied indexto:(t:0, i:~)
2019-09-11 07:39:33,015 [pool-107-thread-1] INFO  server.RaftServerConfigKeys (ConfUtils.java:logGet(43)) - raft.server.notification.no-leader.timeout = 120s (custom)
2019-09-11 07:39:33,015 [pool-107-thread-1] INFO  server.RaftServerConfigKeys (ConfUtils.java:logGet(43)) - raft.server.log.use.memory = false (default)
2019-09-11 07:39:33,016 [pool-107-thread-1] INFO  server.RaftServerConfigKeys (ConfUtils.java:logGet(43)) - raft.server.log.purge.gap = 1000000 (custom)
2019-09-11 07:39:33,016 [pool-107-thread-1] INFO  server.RaftServerConfigKeys (ConfUtils.java:logGet(43)) - raft.server.log.appender.buffer.byte-limit = 33554432 (custom)
2019-09-11 07:39:33,016 [pool-107-thread-1] INFO  server.RaftServerConfigKeys (ConfUtils.java:logGet(43)) - raft.server.log.segment.size.max = 1048576 (custom)
2019-09-11 07:39:33,017 [pool-107-thread-1] INFO  server.RaftServerConfigKeys (ConfUtils.java:logGet(43)) - raft.server.log.segment.cache.num.max = 2 (custom)
2019-09-11 07:39:33,017 [pool-107-thread-1] INFO  segmented.SegmentedRaftLogWorker (SegmentedRaftLogWorker.java:<init>(172)) - new 72bb666e-e114-4432-9598-bd6d136490e0@group-C4BEAC822441-SegmentedRaftLogWorker for RaftStorage:Storage Directory /workdir/hadoop-ozone/integration-test/target/test-dir/MiniOzoneClusterImpl-d0f0e288-b90a-4d92-9473-de78fda8b1d0/datanode-8/data/ratis/c3c128b7-361a-4cb1-ac52-c4beac822441
2019-09-11 07:39:33,071 [pool-107-thread-1] INFO  server.RaftServerConfigKeys (ConfUtils.java:logGet(43)) - raft.server.log.queue.byte-limit = 2147483647 (custom)
2019-09-11 07:39:33,072 [pool-107-thread-1] INFO  server.RaftServerConfigKeys (ConfUtils.java:logGet(43)) - raft.server.log.queue.element-limit = 1024 (custom)
2019-09-11 07:39:33,072 [pool-107-thread-1] INFO  server.RaftServerConfigKeys (ConfUtils.java:logGet(43)) - raft.server.log.segment.size.max = 1048576 (custom)
2019-09-11 07:39:33,072 [pool-107-thread-1] INFO  server.RaftServerConfigKeys (ConfUtils.java:logGet(43)) - raft.server.log.preallocated.size = 16384 (custom)
2019-09-11 07:39:33,073 [pool-107-thread-1] INFO  server.RaftServerConfigKeys (ConfUtils.java:logGet(43)) - raft.server.log.write.buffer.size = 33554432 (custom)
2019-09-11 07:39:33,073 [pool-107-thread-1] INFO  server.RaftServerConfigKeys (ConfUtils.java:logGet(43)) - raft.server.log.force.sync.num = 128 (default)
2019-09-11 07:39:33,073 [pool-107-thread-1] INFO  server.RaftServerConfigKeys (ConfUtils.java:logGet(43)) - raft.server.log.statemachine.data.sync = true (default)
2019-09-11 07:39:33,073 [pool-107-thread-1] INFO  server.RaftServerConfigKeys (ConfUtils.java:logGet(43)) - raft.server.log.statemachine.data.sync.timeout = 10s (default)
2019-09-11 07:39:33,073 [pool-107-thread-1] INFO  server.RaftServerConfigKeys (ConfUtils.java:logGet(43)) - raft.server.log.statemachine.data.sync.timeout.retry = -1 (default)
2019-09-11 07:39:33,074 [pool-107-thread-1] INFO  server.RaftServerConfigKeys (ConfUtils.java:logGet(43)) - raft.server.log.statemachine.data.caching.enabled = true (custom)
2019-09-11 07:39:33,075 [pool-107-thread-1] INFO  segmented.SegmentedRaftLogWorker (SegmentedRaftLogWorker.java:lambda$new$0(132)) - 72bb666e-e114-4432-9598-bd6d136490e0@group-C4BEAC822441-SegmentedRaftLogWorker: flushIndex: setUnconditionally 0 -> -1
2019-09-11 07:39:33,075 [pool-107-thread-1] INFO  server.RaftServerConfigKeys (ConfUtils.java:logGet(43)) - raft.server.snapshot.auto.trigger.enabled = true (custom)
2019-09-11 07:39:33,075 [pool-107-thread-1] INFO  server.RaftServerConfigKeys (ConfUtils.java:logGet(43)) - raft.server.snapshot.auto.trigger.threshold = 10000 (custom)
2019-09-11 07:39:33,076 [pool-107-thread-1] INFO  server.RaftServerConfigKeys (ConfUtils.java:logGet(43)) - raft.server.snapshot.retention.num.files = -1 (default)
2019-09-11 07:39:33,076 [pool-107-thread-1] INFO  server.RaftServerConfigKeys (ConfUtils.java:logGet(43)) - raft.server.retrycache.expirytime = 600000ms (custom)
2019-09-11 07:39:33,082 [pool-107-thread-1] INFO  impl.RaftServerImpl (RaftServerImpl.java:start(185)) - 72bb666e-e114-4432-9598-bd6d136490e0@group-C4BEAC822441: start as a follower, conf=-1: [72bb666e-e114-4432-9598-bd6d136490e0:192.168.34.12:43357], old=null
2019-09-11 07:39:33,083 [pool-107-thread-1] INFO  impl.RaftServerImpl (RaftServerImpl.java:setRole(174)) - 72bb666e-e114-4432-9598-bd6d136490e0@group-C4BEAC822441: changes role from      null to FOLLOWER at term 0 for startAsFollower
2019-09-11 07:39:33,083 [pool-107-thread-1] INFO  impl.RoleInfo (RoleInfo.java:updateAndGet(143)) - 72bb666e-e114-4432-9598-bd6d136490e0: start FollowerState
2019-09-11 07:39:33,084 [pool-107-thread-1] INFO  util.JmxRegister (JmxRegister.java:tryRegister(44)) - Successfully registered JMX Bean with object name Ratis:service=RaftServer,group=group-C4BEAC822441,id=72bb666e-e114-4432-9598-bd6d136490e0
2019-09-11 07:39:33,099 [RatisPipelineUtilsThread] INFO  pipeline.PipelineStateManager (PipelineStateManager.java:addPipeline(56)) - Created pipeline Pipeline[ Id: c3c128b7-361a-4cb1-ac52-c4beac822441, Nodes: 72bb666e-e114-4432-9598-bd6d136490e0{ip: 192.168.34.12, host: pr-hdds-2106-8t9qr-763259812, networkLocation: /default-rack, certSerialId: null}, Type:RATIS, Factor:ONE, State:OPEN]
2019-09-11 07:39:33,123 [grpc-default-executor-0] INFO  impl.RaftServerProxy (RaftServerProxy.java:addNew(89)) - 4bd38775-382d-4c4f-9f91-7366b5492a1e: addNew group-8994B2DE644A:[4bd38775-382d-4c4f-9f91-7366b5492a1e:192.168.34.12:33350] returns group-8994B2DE644A:java.util.concurrent.CompletableFuture@71733228[Not completed]
2019-09-11 07:39:33,129 [pool-37-thread-1] INFO  impl.RaftServerImpl (RaftServerImpl.java:<init>(95)) - 4bd38775-382d-4c4f-9f91-7366b5492a1e: new RaftServerImpl for group-8994B2DE644A:[4bd38775-382d-4c4f-9f91-7366b5492a1e:192.168.34.12:33350] with ContainerStateMachine:uninitialized
2019-09-11 07:39:33,129 [pool-37-thread-1] INFO  server.RaftServerConfigKeys (ConfUtils.java:logGet(43)) - raft.server.rpc.timeout.min = 1s (custom)
2019-09-11 07:39:33,129 [pool-37-thread-1] INFO  server.RaftServerConfigKeys (ConfUtils.java:logGet(43)) - raft.server.rpc.timeout.max = 1200ms (custom)
2019-09-11 07:39:33,129 [pool-37-thread-1] INFO  server.RaftServerConfigKeys (ConfUtils.java:logGet(43)) - raft.server.rpcslowness.timeout = 120s (custom)
2019-09-11 07:39:33,130 [pool-37-thread-1] INFO  server.RaftServerConfigKeys (ConfUtils.java:logGet(43)) - raft.server.sleep.deviation.threshold = 300 (default)
2019-09-11 07:39:33,130 [pool-37-thread-1] INFO  server.RaftServerConfigKeys (ConfUtils.java:logGet(43)) - raft.server.log.appender.install.snapshot.enabled = false (custom)
2019-09-11 07:39:33,130 [pool-37-thread-1] INFO  impl.RaftServerImpl (ServerState.java:<init>(103)) - 4bd38775-382d-4c4f-9f91-7366b5492a1e@group-8994B2DE644A: ConfigurationManager, init=-1: [4bd38775-382d-4c4f-9f91-7366b5492a1e:192.168.34.12:33350], old=null, confs=<EMPTY_MAP>
2019-09-11 07:39:33,130 [pool-37-thread-1] INFO  server.RaftServerConfigKeys (ConfUtils.java:logGet(43)) - raft.server.storage.dir = [/workdir/hadoop-ozone/integration-test/target/test-dir/MiniOzoneClusterImpl-d0f0e288-b90a-4d92-9473-de78fda8b1d0/datanode-1/data/ratis] (custom)
2019-09-11 07:39:33,131 [pool-37-thread-1] INFO  storage.RaftStorageDirectory (RaftStorageDirectory.java:analyzeStorage(246)) - The storage directory /workdir/hadoop-ozone/integration-test/target/test-dir/MiniOzoneClusterImpl-d0f0e288-b90a-4d92-9473-de78fda8b1d0/datanode-1/data/ratis/bb50ffaf-7e9b-493e-91a9-8994b2de644a does not exist. Creating ...
2019-09-11 07:39:33,145 [pool-37-thread-1] INFO  storage.RaftStorageDirectory (RaftStorageDirectory.java:tryLock(328)) - Lock on /workdir/hadoop-ozone/integration-test/target/test-dir/MiniOzoneClusterImpl-d0f0e288-b90a-4d92-9473-de78fda8b1d0/datanode-1/data/ratis/bb50ffaf-7e9b-493e-91a9-8994b2de644a/in_use.lock acquired by nodename 10521@pr-hdds-2106-8t9qr-763259812
2019-09-11 07:39:33,160 [pool-37-thread-1] INFO  storage.RaftStorage (RaftStorage.java:format(72)) - Storage directory /workdir/hadoop-ozone/integration-test/target/test-dir/MiniOzoneClusterImpl-d0f0e288-b90a-4d92-9473-de78fda8b1d0/datanode-1/data/ratis/bb50ffaf-7e9b-493e-91a9-8994b2de644a has been successfully formatted.
2019-09-11 07:39:33,160 [pool-37-thread-1] INFO  ratis.ContainerStateMachine (ContainerStateMachine.java:loadSnapshot(230)) - group-8994B2DE644A: The snapshot info is null. Setting the last applied indexto:(t:0, i:~)
2019-09-11 07:39:33,161 [pool-37-thread-1] INFO  server.RaftServerConfigKeys (ConfUtils.java:logGet(43)) - raft.server.notification.no-leader.timeout = 120s (custom)
2019-09-11 07:39:33,161 [pool-37-thread-1] INFO  server.RaftServerConfigKeys (ConfUtils.java:logGet(43)) - raft.server.log.use.memory = false (default)
2019-09-11 07:39:33,161 [pool-37-thread-1] INFO  server.RaftServerConfigKeys (ConfUtils.java:logGet(43)) - raft.server.log.purge.gap = 1000000 (custom)
2019-09-11 07:39:33,161 [pool-37-thread-1] INFO  server.RaftServerConfigKeys (ConfUtils.java:logGet(43)) - raft.server.log.appender.buffer.byte-limit = 33554432 (custom)
2019-09-11 07:39:33,161 [pool-37-thread-1] INFO  server.RaftServerConfigKeys (ConfUtils.java:logGet(43)) - raft.server.log.segment.size.max = 1048576 (custom)
2019-09-11 07:39:33,162 [pool-37-thread-1] INFO  server.RaftServerConfigKeys (ConfUtils.java:logGet(43)) - raft.server.log.segment.cache.num.max = 2 (custom)
2019-09-11 07:39:33,162 [pool-37-thread-1] INFO  segmented.SegmentedRaftLogWorker (SegmentedRaftLogWorker.java:<init>(172)) - new 4bd38775-382d-4c4f-9f91-7366b5492a1e@group-8994B2DE644A-SegmentedRaftLogWorker for RaftStorage:Storage Directory /workdir/hadoop-ozone/integration-test/target/test-dir/MiniOzoneClusterImpl-d0f0e288-b90a-4d92-9473-de78fda8b1d0/datanode-1/data/ratis/bb50ffaf-7e9b-493e-91a9-8994b2de644a
2019-09-11 07:39:33,167 [pool-37-thread-1] INFO  server.RaftServerConfigKeys (ConfUtils.java:logGet(43)) - raft.server.log.queue.byte-limit = 2147483647 (custom)
2019-09-11 07:39:33,167 [pool-37-thread-1] INFO  server.RaftServerConfigKeys (ConfUtils.java:logGet(43)) - raft.server.log.queue.element-limit = 1024 (custom)
2019-09-11 07:39:33,167 [pool-37-thread-1] INFO  server.RaftServerConfigKeys (ConfUtils.java:logGet(43)) - raft.server.log.segment.size.max = 1048576 (custom)
2019-09-11 07:39:33,167 [pool-37-thread-1] INFO  server.RaftServerConfigKeys (ConfUtils.java:logGet(43)) - raft.server.log.preallocated.size = 16384 (custom)
2019-09-11 07:39:33,167 [pool-37-thread-1] INFO  server.RaftServerConfigKeys (ConfUtils.java:logGet(43)) - raft.server.log.write.buffer.size = 33554432 (custom)
2019-09-11 07:39:33,168 [pool-37-thread-1] INFO  server.RaftServerConfigKeys (ConfUtils.java:logGet(43)) - raft.server.log.force.sync.num = 128 (default)
2019-09-11 07:39:33,168 [pool-37-thread-1] INFO  server.RaftServerConfigKeys (ConfUtils.java:logGet(43)) - raft.server.log.statemachine.data.sync = true (default)
2019-09-11 07:39:33,168 [pool-37-thread-1] INFO  server.RaftServerConfigKeys (ConfUtils.java:logGet(43)) - raft.server.log.statemachine.data.sync.timeout = 10s (default)
2019-09-11 07:39:33,168 [pool-37-thread-1] INFO  server.RaftServerConfigKeys (ConfUtils.java:logGet(43)) - raft.server.log.statemachine.data.sync.timeout.retry = -1 (default)
2019-09-11 07:39:33,168 [pool-37-thread-1] INFO  server.RaftServerConfigKeys (ConfUtils.java:logGet(43)) - raft.server.log.statemachine.data.caching.enabled = true (custom)
2019-09-11 07:39:33,169 [pool-37-thread-1] INFO  segmented.SegmentedRaftLogWorker (SegmentedRaftLogWorker.java:lambda$new$0(132)) - 4bd38775-382d-4c4f-9f91-7366b5492a1e@group-8994B2DE644A-SegmentedRaftLogWorker: flushIndex: setUnconditionally 0 -> -1
2019-09-11 07:39:33,169 [pool-37-thread-1] INFO  server.RaftServerConfigKeys (ConfUtils.java:logGet(43)) - raft.server.snapshot.auto.trigger.enabled = true (custom)
2019-09-11 07:39:33,169 [pool-37-thread-1] INFO  server.RaftServerConfigKeys (ConfUtils.java:logGet(43)) - raft.server.snapshot.auto.trigger.threshold = 10000 (custom)
2019-09-11 07:39:33,169 [pool-37-thread-1] INFO  server.RaftServerConfigKeys (ConfUtils.java:logGet(43)) - raft.server.snapshot.retention.num.files = -1 (default)
2019-09-11 07:39:33,170 [pool-37-thread-1] INFO  server.RaftServerConfigKeys (ConfUtils.java:logGet(43)) - raft.server.retrycache.expirytime = 600000ms (custom)
2019-09-11 07:39:33,174 [pool-37-thread-1] INFO  impl.RaftServerImpl (RaftServerImpl.java:start(185)) - 4bd38775-382d-4c4f-9f91-7366b5492a1e@group-8994B2DE644A: start as a follower, conf=-1: [4bd38775-382d-4c4f-9f91-7366b5492a1e:192.168.34.12:33350], old=null
2019-09-11 07:39:33,174 [pool-37-thread-1] INFO  impl.RaftServerImpl (RaftServerImpl.java:setRole(174)) - 4bd38775-382d-4c4f-9f91-7366b5492a1e@group-8994B2DE644A: changes role from      null to FOLLOWER at term 0 for startAsFollower
2019-09-11 07:39:33,175 [pool-37-thread-1] INFO  impl.RoleInfo (RoleInfo.java:updateAndGet(143)) - 4bd38775-382d-4c4f-9f91-7366b5492a1e: start FollowerState
2019-09-11 07:39:33,175 [pool-37-thread-1] INFO  util.JmxRegister (JmxRegister.java:tryRegister(44)) - Successfully registered JMX Bean with object name Ratis:service=RaftServer,group=group-8994B2DE644A,id=4bd38775-382d-4c4f-9f91-7366b5492a1e
2019-09-11 07:39:33,198 [RatisPipelineUtilsThread] INFO  pipeline.PipelineStateManager (PipelineStateManager.java:addPipeline(56)) - Created pipeline Pipeline[ Id: bb50ffaf-7e9b-493e-91a9-8994b2de644a, Nodes: 4bd38775-382d-4c4f-9f91-7366b5492a1e{ip: 192.168.34.12, host: pr-hdds-2106-8t9qr-763259812, networkLocation: /default-rack, certSerialId: null}, Type:RATIS, Factor:ONE, State:OPEN]
2019-09-11 07:39:33,214 [grpc-default-executor-0] INFO  impl.RaftServerProxy (RaftServerProxy.java:addNew(89)) - a1a3d5df-f415-4291-8622-8b18f7b50573: addNew group-BE9F8575EFA8:[a1a3d5df-f415-4291-8622-8b18f7b50573:192.168.34.12:41207] returns group-BE9F8575EFA8:java.util.concurrent.CompletableFuture@77c7a2a8[Not completed]
2019-09-11 07:39:33,219 [pool-87-thread-1] INFO  impl.RaftServerImpl (RaftServerImpl.java:<init>(95)) - a1a3d5df-f415-4291-8622-8b18f7b50573: new RaftServerImpl for group-BE9F8575EFA8:[a1a3d5df-f415-4291-8622-8b18f7b50573:192.168.34.12:41207] with ContainerStateMachine:uninitialized
2019-09-11 07:39:33,219 [pool-87-thread-1] INFO  server.RaftServerConfigKeys (ConfUtils.java:logGet(43)) - raft.server.rpc.timeout.min = 1s (custom)
2019-09-11 07:39:33,220 [pool-87-thread-1] INFO  server.RaftServerConfigKeys (ConfUtils.java:logGet(43)) - raft.server.rpc.timeout.max = 1200ms (custom)
2019-09-11 07:39:33,220 [pool-87-thread-1] INFO  server.RaftServerConfigKeys (ConfUtils.java:logGet(43)) - raft.server.rpcslowness.timeout = 120s (custom)
2019-09-11 07:39:33,220 [pool-87-thread-1] INFO  server.RaftServerConfigKeys (ConfUtils.java:logGet(43)) - raft.server.sleep.deviation.threshold = 300 (default)
2019-09-11 07:39:33,220 [pool-87-thread-1] INFO  server.RaftServerConfigKeys (ConfUtils.java:logGet(43)) - raft.server.log.appender.install.snapshot.enabled = false (custom)
2019-09-11 07:39:33,220 [pool-87-thread-1] INFO  impl.RaftServerImpl (ServerState.java:<init>(103)) - a1a3d5df-f415-4291-8622-8b18f7b50573@group-BE9F8575EFA8: ConfigurationManager, init=-1: [a1a3d5df-f415-4291-8622-8b18f7b50573:192.168.34.12:41207], old=null, confs=<EMPTY_MAP>
2019-09-11 07:39:33,221 [pool-87-thread-1] INFO  server.RaftServerConfigKeys (ConfUtils.java:logGet(43)) - raft.server.storage.dir = [/workdir/hadoop-ozone/integration-test/target/test-dir/MiniOzoneClusterImpl-d0f0e288-b90a-4d92-9473-de78fda8b1d0/datanode-6/data/ratis] (custom)
2019-09-11 07:39:33,221 [pool-87-thread-1] INFO  storage.RaftStorageDirectory (RaftStorageDirectory.java:analyzeStorage(246)) - The storage directory /workdir/hadoop-ozone/integration-test/target/test-dir/MiniOzoneClusterImpl-d0f0e288-b90a-4d92-9473-de78fda8b1d0/datanode-6/data/ratis/aafab658-8e9b-4585-861a-be9f8575efa8 does not exist. Creating ...
2019-09-11 07:39:33,235 [pool-87-thread-1] INFO  storage.RaftStorageDirectory (RaftStorageDirectory.java:tryLock(328)) - Lock on /workdir/hadoop-ozone/integration-test/target/test-dir/MiniOzoneClusterImpl-d0f0e288-b90a-4d92-9473-de78fda8b1d0/datanode-6/data/ratis/aafab658-8e9b-4585-861a-be9f8575efa8/in_use.lock acquired by nodename 10521@pr-hdds-2106-8t9qr-763259812
2019-09-11 07:39:33,249 [pool-87-thread-1] INFO  storage.RaftStorage (RaftStorage.java:format(72)) - Storage directory /workdir/hadoop-ozone/integration-test/target/test-dir/MiniOzoneClusterImpl-d0f0e288-b90a-4d92-9473-de78fda8b1d0/datanode-6/data/ratis/aafab658-8e9b-4585-861a-be9f8575efa8 has been successfully formatted.
2019-09-11 07:39:33,249 [pool-87-thread-1] INFO  ratis.ContainerStateMachine (ContainerStateMachine.java:loadSnapshot(230)) - group-BE9F8575EFA8: The snapshot info is null. Setting the last applied indexto:(t:0, i:~)
2019-09-11 07:39:33,249 [pool-87-thread-1] INFO  server.RaftServerConfigKeys (ConfUtils.java:logGet(43)) - raft.server.notification.no-leader.timeout = 120s (custom)
2019-09-11 07:39:33,249 [pool-87-thread-1] INFO  server.RaftServerConfigKeys (ConfUtils.java:logGet(43)) - raft.server.log.use.memory = false (default)
2019-09-11 07:39:33,249 [pool-87-thread-1] INFO  server.RaftServerConfigKeys (ConfUtils.java:logGet(43)) - raft.server.log.purge.gap = 1000000 (custom)
2019-09-11 07:39:33,250 [pool-87-thread-1] INFO  server.RaftServerConfigKeys (ConfUtils.java:logGet(43)) - raft.server.log.appender.buffer.byte-limit = 33554432 (custom)
2019-09-11 07:39:33,250 [pool-87-thread-1] INFO  server.RaftServerConfigKeys (ConfUtils.java:logGet(43)) - raft.server.log.segment.size.max = 1048576 (custom)
2019-09-11 07:39:33,250 [pool-87-thread-1] INFO  server.RaftServerConfigKeys (ConfUtils.java:logGet(43)) - raft.server.log.segment.cache.num.max = 2 (custom)
2019-09-11 07:39:33,250 [pool-87-thread-1] INFO  segmented.SegmentedRaftLogWorker (SegmentedRaftLogWorker.java:<init>(172)) - new a1a3d5df-f415-4291-8622-8b18f7b50573@group-BE9F8575EFA8-SegmentedRaftLogWorker for RaftStorage:Storage Directory /workdir/hadoop-ozone/integration-test/target/test-dir/MiniOzoneClusterImpl-d0f0e288-b90a-4d92-9473-de78fda8b1d0/datanode-6/data/ratis/aafab658-8e9b-4585-861a-be9f8575efa8
2019-09-11 07:39:33,254 [pool-87-thread-1] INFO  server.RaftServerConfigKeys (ConfUtils.java:logGet(43)) - raft.server.log.queue.byte-limit = 2147483647 (custom)
2019-09-11 07:39:33,254 [pool-87-thread-1] INFO  server.RaftServerConfigKeys (ConfUtils.java:logGet(43)) - raft.server.log.queue.element-limit = 1024 (custom)
2019-09-11 07:39:33,254 [pool-87-thread-1] INFO  server.RaftServerConfigKeys (ConfUtils.java:logGet(43)) - raft.server.log.segment.size.max = 1048576 (custom)
2019-09-11 07:39:33,255 [pool-87-thread-1] INFO  server.RaftServerConfigKeys (ConfUtils.java:logGet(43)) - raft.server.log.preallocated.size = 16384 (custom)
2019-09-11 07:39:33,255 [pool-87-thread-1] INFO  server.RaftServerConfigKeys (ConfUtils.java:logGet(43)) - raft.server.log.write.buffer.size = 33554432 (custom)
2019-09-11 07:39:33,255 [pool-87-thread-1] INFO  server.RaftServerConfigKeys (ConfUtils.java:logGet(43)) - raft.server.log.force.sync.num = 128 (default)
2019-09-11 07:39:33,255 [pool-87-thread-1] INFO  server.RaftServerConfigKeys (ConfUtils.java:logGet(43)) - raft.server.log.statemachine.data.sync = true (default)
2019-09-11 07:39:33,255 [pool-87-thread-1] INFO  server.RaftServerConfigKeys (ConfUtils.java:logGet(43)) - raft.server.log.statemachine.data.sync.timeout = 10s (default)
2019-09-11 07:39:33,255 [pool-87-thread-1] INFO  server.RaftServerConfigKeys (ConfUtils.java:logGet(43)) - raft.server.log.statemachine.data.sync.timeout.retry = -1 (default)
2019-09-11 07:39:33,256 [pool-87-thread-1] INFO  server.RaftServerConfigKeys (ConfUtils.java:logGet(43)) - raft.server.log.statemachine.data.caching.enabled = true (custom)
2019-09-11 07:39:33,256 [pool-87-thread-1] INFO  segmented.SegmentedRaftLogWorker (SegmentedRaftLogWorker.java:lambda$new$0(132)) - a1a3d5df-f415-4291-8622-8b18f7b50573@group-BE9F8575EFA8-SegmentedRaftLogWorker: flushIndex: setUnconditionally 0 -> -1
2019-09-11 07:39:33,256 [pool-87-thread-1] INFO  server.RaftServerConfigKeys (ConfUtils.java:logGet(43)) - raft.server.snapshot.auto.trigger.enabled = true (custom)
2019-09-11 07:39:33,257 [pool-87-thread-1] INFO  server.RaftServerConfigKeys (ConfUtils.java:logGet(43)) - raft.server.snapshot.auto.trigger.threshold = 10000 (custom)
2019-09-11 07:39:33,257 [pool-87-thread-1] INFO  server.RaftServerConfigKeys (ConfUtils.java:logGet(43)) - raft.server.snapshot.retention.num.files = -1 (default)
2019-09-11 07:39:33,257 [pool-87-thread-1] INFO  server.RaftServerConfigKeys (ConfUtils.java:logGet(43)) - raft.server.retrycache.expirytime = 600000ms (custom)
2019-09-11 07:39:33,337 [pool-87-thread-1] INFO  impl.RaftServerImpl (RaftServerImpl.java:start(185)) - a1a3d5df-f415-4291-8622-8b18f7b50573@group-BE9F8575EFA8: start as a follower, conf=-1: [a1a3d5df-f415-4291-8622-8b18f7b50573:192.168.34.12:41207], old=null
2019-09-11 07:39:33,337 [pool-87-thread-1] INFO  impl.RaftServerImpl (RaftServerImpl.java:setRole(174)) - a1a3d5df-f415-4291-8622-8b18f7b50573@group-BE9F8575EFA8: changes role from      null to FOLLOWER at term 0 for startAsFollower
2019-09-11 07:39:33,337 [pool-87-thread-1] INFO  impl.RoleInfo (RoleInfo.java:updateAndGet(143)) - a1a3d5df-f415-4291-8622-8b18f7b50573: start FollowerState
2019-09-11 07:39:33,338 [pool-87-thread-1] INFO  util.JmxRegister (JmxRegister.java:tryRegister(44)) - Successfully registered JMX Bean with object name Ratis:service=RaftServer,group=group-BE9F8575EFA8,id=a1a3d5df-f415-4291-8622-8b18f7b50573
2019-09-11 07:39:33,390 [RatisPipelineUtilsThread] INFO  pipeline.PipelineStateManager (PipelineStateManager.java:addPipeline(56)) - Created pipeline Pipeline[ Id: aafab658-8e9b-4585-861a-be9f8575efa8, Nodes: a1a3d5df-f415-4291-8622-8b18f7b50573{ip: 192.168.34.12, host: pr-hdds-2106-8t9qr-763259812, networkLocation: /default-rack, certSerialId: null}, Type:RATIS, Factor:ONE, State:OPEN]
2019-09-11 07:39:33,410 [grpc-default-executor-0] INFO  impl.RaftServerProxy (RaftServerProxy.java:addNew(89)) - 7366865a-3ccb-4fea-a2e2-b7a0314f55f5: addNew group-34C649CB9FC7:[7366865a-3ccb-4fea-a2e2-b7a0314f55f5:192.168.34.12:39985] returns group-34C649CB9FC7:java.util.concurrent.CompletableFuture@3b467596[Not completed]
2019-09-11 07:39:33,417 [pool-97-thread-1] INFO  impl.RaftServerImpl (RaftServerImpl.java:<init>(95)) - 7366865a-3ccb-4fea-a2e2-b7a0314f55f5: new RaftServerImpl for group-34C649CB9FC7:[7366865a-3ccb-4fea-a2e2-b7a0314f55f5:192.168.34.12:39985] with ContainerStateMachine:uninitialized
2019-09-11 07:39:33,417 [pool-97-thread-1] INFO  server.RaftServerConfigKeys (ConfUtils.java:logGet(43)) - raft.server.rpc.timeout.min = 1s (custom)
2019-09-11 07:39:33,417 [pool-97-thread-1] INFO  server.RaftServerConfigKeys (ConfUtils.java:logGet(43)) - raft.server.rpc.timeout.max = 1200ms (custom)
2019-09-11 07:39:33,417 [pool-97-thread-1] INFO  server.RaftServerConfigKeys (ConfUtils.java:logGet(43)) - raft.server.rpcslowness.timeout = 120s (custom)
2019-09-11 07:39:33,417 [pool-97-thread-1] INFO  server.RaftServerConfigKeys (ConfUtils.java:logGet(43)) - raft.server.sleep.deviation.threshold = 300 (default)
2019-09-11 07:39:33,418 [pool-97-thread-1] INFO  server.RaftServerConfigKeys (ConfUtils.java:logGet(43)) - raft.server.log.appender.install.snapshot.enabled = false (custom)
2019-09-11 07:39:33,418 [pool-97-thread-1] INFO  impl.RaftServerImpl (ServerState.java:<init>(103)) - 7366865a-3ccb-4fea-a2e2-b7a0314f55f5@group-34C649CB9FC7: ConfigurationManager, init=-1: [7366865a-3ccb-4fea-a2e2-b7a0314f55f5:192.168.34.12:39985], old=null, confs=<EMPTY_MAP>
2019-09-11 07:39:33,418 [pool-97-thread-1] INFO  server.RaftServerConfigKeys (ConfUtils.java:logGet(43)) - raft.server.storage.dir = [/workdir/hadoop-ozone/integration-test/target/test-dir/MiniOzoneClusterImpl-d0f0e288-b90a-4d92-9473-de78fda8b1d0/datanode-7/data/ratis] (custom)
2019-09-11 07:39:33,419 [pool-97-thread-1] INFO  storage.RaftStorageDirectory (RaftStorageDirectory.java:analyzeStorage(246)) - The storage directory /workdir/hadoop-ozone/integration-test/target/test-dir/MiniOzoneClusterImpl-d0f0e288-b90a-4d92-9473-de78fda8b1d0/datanode-7/data/ratis/821b6584-b496-4491-b4e1-34c649cb9fc7 does not exist. Creating ...
2019-09-11 07:39:33,432 [pool-97-thread-1] INFO  storage.RaftStorageDirectory (RaftStorageDirectory.java:tryLock(328)) - Lock on /workdir/hadoop-ozone/integration-test/target/test-dir/MiniOzoneClusterImpl-d0f0e288-b90a-4d92-9473-de78fda8b1d0/datanode-7/data/ratis/821b6584-b496-4491-b4e1-34c649cb9fc7/in_use.lock acquired by nodename 10521@pr-hdds-2106-8t9qr-763259812
2019-09-11 07:39:33,446 [pool-97-thread-1] INFO  storage.RaftStorage (RaftStorage.java:format(72)) - Storage directory /workdir/hadoop-ozone/integration-test/target/test-dir/MiniOzoneClusterImpl-d0f0e288-b90a-4d92-9473-de78fda8b1d0/datanode-7/data/ratis/821b6584-b496-4491-b4e1-34c649cb9fc7 has been successfully formatted.
2019-09-11 07:39:33,447 [pool-97-thread-1] INFO  ratis.ContainerStateMachine (ContainerStateMachine.java:loadSnapshot(230)) - group-34C649CB9FC7: The snapshot info is null. Setting the last applied indexto:(t:0, i:~)
2019-09-11 07:39:33,447 [pool-97-thread-1] INFO  server.RaftServerConfigKeys (ConfUtils.java:logGet(43)) - raft.server.notification.no-leader.timeout = 120s (custom)
2019-09-11 07:39:33,447 [pool-97-thread-1] INFO  server.RaftServerConfigKeys (ConfUtils.java:logGet(43)) - raft.server.log.use.memory = false (default)
2019-09-11 07:39:33,447 [pool-97-thread-1] INFO  server.RaftServerConfigKeys (ConfUtils.java:logGet(43)) - raft.server.log.purge.gap = 1000000 (custom)
2019-09-11 07:39:33,447 [pool-97-thread-1] INFO  server.RaftServerConfigKeys (ConfUtils.java:logGet(43)) - raft.server.log.appender.buffer.byte-limit = 33554432 (custom)
2019-09-11 07:39:33,448 [pool-97-thread-1] INFO  server.RaftServerConfigKeys (ConfUtils.java:logGet(43)) - raft.server.log.segment.size.max = 1048576 (custom)
2019-09-11 07:39:33,448 [pool-97-thread-1] INFO  server.RaftServerConfigKeys (ConfUtils.java:logGet(43)) - raft.server.log.segment.cache.num.max = 2 (custom)
2019-09-11 07:39:33,448 [pool-97-thread-1] INFO  segmented.SegmentedRaftLogWorker (SegmentedRaftLogWorker.java:<init>(172)) - new 7366865a-3ccb-4fea-a2e2-b7a0314f55f5@group-34C649CB9FC7-SegmentedRaftLogWorker for RaftStorage:Storage Directory /workdir/hadoop-ozone/integration-test/target/test-dir/MiniOzoneClusterImpl-d0f0e288-b90a-4d92-9473-de78fda8b1d0/datanode-7/data/ratis/821b6584-b496-4491-b4e1-34c649cb9fc7
2019-09-11 07:39:33,453 [pool-97-thread-1] INFO  server.RaftServerConfigKeys (ConfUtils.java:logGet(43)) - raft.server.log.queue.byte-limit = 2147483647 (custom)
2019-09-11 07:39:33,453 [pool-97-thread-1] INFO  server.RaftServerConfigKeys (ConfUtils.java:logGet(43)) - raft.server.log.queue.element-limit = 1024 (custom)
2019-09-11 07:39:33,454 [pool-97-thread-1] INFO  server.RaftServerConfigKeys (ConfUtils.java:logGet(43)) - raft.server.log.segment.size.max = 1048576 (custom)
2019-09-11 07:39:33,454 [pool-97-thread-1] INFO  server.RaftServerConfigKeys (ConfUtils.java:logGet(43)) - raft.server.log.preallocated.size = 16384 (custom)
2019-09-11 07:39:33,454 [pool-97-thread-1] INFO  server.RaftServerConfigKeys (ConfUtils.java:logGet(43)) - raft.server.log.write.buffer.size = 33554432 (custom)
2019-09-11 07:39:33,454 [pool-97-thread-1] INFO  server.RaftServerConfigKeys (ConfUtils.java:logGet(43)) - raft.server.log.force.sync.num = 128 (default)
2019-09-11 07:39:33,454 [pool-97-thread-1] INFO  server.RaftServerConfigKeys (ConfUtils.java:logGet(43)) - raft.server.log.statemachine.data.sync = true (default)
2019-09-11 07:39:33,455 [pool-97-thread-1] INFO  server.RaftServerConfigKeys (ConfUtils.java:logGet(43)) - raft.server.log.statemachine.data.sync.timeout = 10s (default)
2019-09-11 07:39:33,455 [pool-97-thread-1] INFO  server.RaftServerConfigKeys (ConfUtils.java:logGet(43)) - raft.server.log.statemachine.data.sync.timeout.retry = -1 (default)
2019-09-11 07:39:33,455 [pool-97-thread-1] INFO  server.RaftServerConfigKeys (ConfUtils.java:logGet(43)) - raft.server.log.statemachine.data.caching.enabled = true (custom)
2019-09-11 07:39:33,456 [pool-97-thread-1] INFO  segmented.SegmentedRaftLogWorker (SegmentedRaftLogWorker.java:lambda$new$0(132)) - 7366865a-3ccb-4fea-a2e2-b7a0314f55f5@group-34C649CB9FC7-SegmentedRaftLogWorker: flushIndex: setUnconditionally 0 -> -1
2019-09-11 07:39:33,456 [pool-97-thread-1] INFO  server.RaftServerConfigKeys (ConfUtils.java:logGet(43)) - raft.server.snapshot.auto.trigger.enabled = true (custom)
2019-09-11 07:39:33,456 [pool-97-thread-1] INFO  server.RaftServerConfigKeys (ConfUtils.java:logGet(43)) - raft.server.snapshot.auto.trigger.threshold = 10000 (custom)
2019-09-11 07:39:33,457 [pool-97-thread-1] INFO  server.RaftServerConfigKeys (ConfUtils.java:logGet(43)) - raft.server.snapshot.retention.num.files = -1 (default)
2019-09-11 07:39:33,457 [pool-97-thread-1] INFO  server.RaftServerConfigKeys (ConfUtils.java:logGet(43)) - raft.server.retrycache.expirytime = 600000ms (custom)
2019-09-11 07:39:33,457 [main] INFO  ozone.MiniOzoneClusterImpl (MiniOzoneClusterImpl.java:lambda$waitForClusterToBeReady$0(140)) - Cluster is ready. Got 10 of 10 DN Heartbeats.
2019-09-11 07:39:33,461 [pool-97-thread-1] INFO  impl.RaftServerImpl (RaftServerImpl.java:start(185)) - 7366865a-3ccb-4fea-a2e2-b7a0314f55f5@group-34C649CB9FC7: start as a follower, conf=-1: [7366865a-3ccb-4fea-a2e2-b7a0314f55f5:192.168.34.12:39985], old=null
2019-09-11 07:39:33,462 [pool-97-thread-1] INFO  impl.RaftServerImpl (RaftServerImpl.java:setRole(174)) - 7366865a-3ccb-4fea-a2e2-b7a0314f55f5@group-34C649CB9FC7: changes role from      null to FOLLOWER at term 0 for startAsFollower
2019-09-11 07:39:33,462 [pool-97-thread-1] INFO  impl.RoleInfo (RoleInfo.java:updateAndGet(143)) - 7366865a-3ccb-4fea-a2e2-b7a0314f55f5: start FollowerState
2019-09-11 07:39:33,462 [pool-97-thread-1] INFO  util.JmxRegister (JmxRegister.java:tryRegister(44)) - Successfully registered JMX Bean with object name Ratis:service=RaftServer,group=group-34C649CB9FC7,id=7366865a-3ccb-4fea-a2e2-b7a0314f55f5
2019-09-11 07:39:33,477 [RatisPipelineUtilsThread] INFO  pipeline.PipelineStateManager (PipelineStateManager.java:addPipeline(56)) - Created pipeline Pipeline[ Id: 821b6584-b496-4491-b4e1-34c649cb9fc7, Nodes: 7366865a-3ccb-4fea-a2e2-b7a0314f55f5{ip: 192.168.34.12, host: pr-hdds-2106-8t9qr-763259812, networkLocation: /default-rack, certSerialId: null}, Type:RATIS, Factor:ONE, State:OPEN]
2019-09-11 07:39:33,497 [grpc-default-executor-0] INFO  impl.RaftServerProxy (RaftServerProxy.java:addNew(89)) - 5b8ad787-4bf9-4bb4-bfeb-9c85cd30cda7: addNew group-A5348760989C:[5b8ad787-4bf9-4bb4-bfeb-9c85cd30cda7:192.168.34.12:34780] returns group-A5348760989C:java.util.concurrent.CompletableFuture@7a483907[Not completed]
2019-09-11 07:39:33,506 [pool-57-thread-1] INFO  impl.RaftServerImpl (RaftServerImpl.java:<init>(95)) - 5b8ad787-4bf9-4bb4-bfeb-9c85cd30cda7: new RaftServerImpl for group-A5348760989C:[5b8ad787-4bf9-4bb4-bfeb-9c85cd30cda7:192.168.34.12:34780] with ContainerStateMachine:uninitialized
2019-09-11 07:39:33,507 [pool-57-thread-1] INFO  server.RaftServerConfigKeys (ConfUtils.java:logGet(43)) - raft.server.rpc.timeout.min = 1s (custom)
2019-09-11 07:39:33,507 [pool-57-thread-1] INFO  server.RaftServerConfigKeys (ConfUtils.java:logGet(43)) - raft.server.rpc.timeout.max = 1200ms (custom)
2019-09-11 07:39:33,507 [pool-57-thread-1] INFO  server.RaftServerConfigKeys (ConfUtils.java:logGet(43)) - raft.server.rpcslowness.timeout = 120s (custom)
2019-09-11 07:39:33,507 [pool-57-thread-1] INFO  server.RaftServerConfigKeys (ConfUtils.java:logGet(43)) - raft.server.sleep.deviation.threshold = 300 (default)
2019-09-11 07:39:33,507 [pool-57-thread-1] INFO  server.RaftServerConfigKeys (ConfUtils.java:logGet(43)) - raft.server.log.appender.install.snapshot.enabled = false (custom)
2019-09-11 07:39:33,507 [pool-57-thread-1] INFO  impl.RaftServerImpl (ServerState.java:<init>(103)) - 5b8ad787-4bf9-4bb4-bfeb-9c85cd30cda7@group-A5348760989C: ConfigurationManager, init=-1: [5b8ad787-4bf9-4bb4-bfeb-9c85cd30cda7:192.168.34.12:34780], old=null, confs=<EMPTY_MAP>
2019-09-11 07:39:33,508 [pool-57-thread-1] INFO  server.RaftServerConfigKeys (ConfUtils.java:logGet(43)) - raft.server.storage.dir = [/workdir/hadoop-ozone/integration-test/target/test-dir/MiniOzoneClusterImpl-d0f0e288-b90a-4d92-9473-de78fda8b1d0/datanode-3/data/ratis] (custom)
2019-09-11 07:39:33,508 [pool-57-thread-1] INFO  storage.RaftStorageDirectory (RaftStorageDirectory.java:analyzeStorage(246)) - The storage directory /workdir/hadoop-ozone/integration-test/target/test-dir/MiniOzoneClusterImpl-d0f0e288-b90a-4d92-9473-de78fda8b1d0/datanode-3/data/ratis/1728e4ef-931d-45bc-872e-a5348760989c does not exist. Creating ...
2019-09-11 07:39:33,521 [pool-57-thread-1] INFO  storage.RaftStorageDirectory (RaftStorageDirectory.java:tryLock(328)) - Lock on /workdir/hadoop-ozone/integration-test/target/test-dir/MiniOzoneClusterImpl-d0f0e288-b90a-4d92-9473-de78fda8b1d0/datanode-3/data/ratis/1728e4ef-931d-45bc-872e-a5348760989c/in_use.lock acquired by nodename 10521@pr-hdds-2106-8t9qr-763259812
2019-09-11 07:39:33,552 [pool-57-thread-1] INFO  storage.RaftStorage (RaftStorage.java:format(72)) - Storage directory /workdir/hadoop-ozone/integration-test/target/test-dir/MiniOzoneClusterImpl-d0f0e288-b90a-4d92-9473-de78fda8b1d0/datanode-3/data/ratis/1728e4ef-931d-45bc-872e-a5348760989c has been successfully formatted.
2019-09-11 07:39:33,552 [pool-57-thread-1] INFO  ratis.ContainerStateMachine (ContainerStateMachine.java:loadSnapshot(230)) - group-A5348760989C: The snapshot info is null. Setting the last applied indexto:(t:0, i:~)
2019-09-11 07:39:33,552 [pool-57-thread-1] INFO  server.RaftServerConfigKeys (ConfUtils.java:logGet(43)) - raft.server.notification.no-leader.timeout = 120s (custom)
2019-09-11 07:39:33,552 [pool-57-thread-1] INFO  server.RaftServerConfigKeys (ConfUtils.java:logGet(43)) - raft.server.log.use.memory = false (default)
2019-09-11 07:39:33,553 [pool-57-thread-1] INFO  server.RaftServerConfigKeys (ConfUtils.java:logGet(43)) - raft.server.log.purge.gap = 1000000 (custom)
2019-09-11 07:39:33,553 [pool-57-thread-1] INFO  server.RaftServerConfigKeys (ConfUtils.java:logGet(43)) - raft.server.log.appender.buffer.byte-limit = 33554432 (custom)
2019-09-11 07:39:33,553 [pool-57-thread-1] INFO  server.RaftServerConfigKeys (ConfUtils.java:logGet(43)) - raft.server.log.segment.size.max = 1048576 (custom)
2019-09-11 07:39:33,553 [pool-57-thread-1] INFO  server.RaftServerConfigKeys (ConfUtils.java:logGet(43)) - raft.server.log.segment.cache.num.max = 2 (custom)
2019-09-11 07:39:33,553 [pool-57-thread-1] INFO  segmented.SegmentedRaftLogWorker (SegmentedRaftLogWorker.java:<init>(172)) - new 5b8ad787-4bf9-4bb4-bfeb-9c85cd30cda7@group-A5348760989C-SegmentedRaftLogWorker for RaftStorage:Storage Directory /workdir/hadoop-ozone/integration-test/target/test-dir/MiniOzoneClusterImpl-d0f0e288-b90a-4d92-9473-de78fda8b1d0/datanode-3/data/ratis/1728e4ef-931d-45bc-872e-a5348760989c
2019-09-11 07:39:33,558 [pool-57-thread-1] INFO  server.RaftServerConfigKeys (ConfUtils.java:logGet(43)) - raft.server.log.queue.byte-limit = 2147483647 (custom)
2019-09-11 07:39:33,558 [pool-57-thread-1] INFO  server.RaftServerConfigKeys (ConfUtils.java:logGet(43)) - raft.server.log.queue.element-limit = 1024 (custom)
2019-09-11 07:39:33,558 [pool-57-thread-1] INFO  server.RaftServerConfigKeys (ConfUtils.java:logGet(43)) - raft.server.log.segment.size.max = 1048576 (custom)
2019-09-11 07:39:33,558 [pool-57-thread-1] INFO  server.RaftServerConfigKeys (ConfUtils.java:logGet(43)) - raft.server.log.preallocated.size = 16384 (custom)
2019-09-11 07:39:33,559 [pool-57-thread-1] INFO  server.RaftServerConfigKeys (ConfUtils.java:logGet(43)) - raft.server.log.write.buffer.size = 33554432 (custom)
2019-09-11 07:39:33,559 [pool-57-thread-1] INFO  server.RaftServerConfigKeys (ConfUtils.java:logGet(43)) - raft.server.log.force.sync.num = 128 (default)
2019-09-11 07:39:33,559 [pool-57-thread-1] INFO  server.RaftServerConfigKeys (ConfUtils.java:logGet(43)) - raft.server.log.statemachine.data.sync = true (default)
2019-09-11 07:39:33,559 [pool-57-thread-1] INFO  server.RaftServerConfigKeys (ConfUtils.java:logGet(43)) - raft.server.log.statemachine.data.sync.timeout = 10s (default)
2019-09-11 07:39:33,559 [pool-57-thread-1] INFO  server.RaftServerConfigKeys (ConfUtils.java:logGet(43)) - raft.server.log.statemachine.data.sync.timeout.retry = -1 (default)
2019-09-11 07:39:33,560 [pool-57-thread-1] INFO  server.RaftServerConfigKeys (ConfUtils.java:logGet(43)) - raft.server.log.statemachine.data.caching.enabled = true (custom)
2019-09-11 07:39:33,560 [pool-57-thread-1] INFO  segmented.SegmentedRaftLogWorker (SegmentedRaftLogWorker.java:lambda$new$0(132)) - 5b8ad787-4bf9-4bb4-bfeb-9c85cd30cda7@group-A5348760989C-SegmentedRaftLogWorker: flushIndex: setUnconditionally 0 -> -1
2019-09-11 07:39:33,561 [pool-57-thread-1] INFO  server.RaftServerConfigKeys (ConfUtils.java:logGet(43)) - raft.server.snapshot.auto.trigger.enabled = true (custom)
2019-09-11 07:39:33,561 [pool-57-thread-1] INFO  server.RaftServerConfigKeys (ConfUtils.java:logGet(43)) - raft.server.snapshot.auto.trigger.threshold = 10000 (custom)
2019-09-11 07:39:33,561 [pool-57-thread-1] INFO  server.RaftServerConfigKeys (ConfUtils.java:logGet(43)) - raft.server.snapshot.retention.num.files = -1 (default)
2019-09-11 07:39:33,561 [pool-57-thread-1] INFO  server.RaftServerConfigKeys (ConfUtils.java:logGet(43)) - raft.server.retrycache.expirytime = 600000ms (custom)
2019-09-11 07:39:33,564 [pool-57-thread-1] INFO  impl.RaftServerImpl (RaftServerImpl.java:start(185)) - 5b8ad787-4bf9-4bb4-bfeb-9c85cd30cda7@group-A5348760989C: start as a follower, conf=-1: [5b8ad787-4bf9-4bb4-bfeb-9c85cd30cda7:192.168.34.12:34780], old=null
2019-09-11 07:39:33,564 [pool-57-thread-1] INFO  impl.RaftServerImpl (RaftServerImpl.java:setRole(174)) - 5b8ad787-4bf9-4bb4-bfeb-9c85cd30cda7@group-A5348760989C: changes role from      null to FOLLOWER at term 0 for startAsFollower
2019-09-11 07:39:33,565 [pool-57-thread-1] INFO  impl.RoleInfo (RoleInfo.java:updateAndGet(143)) - 5b8ad787-4bf9-4bb4-bfeb-9c85cd30cda7: start FollowerState
2019-09-11 07:39:33,565 [pool-57-thread-1] INFO  util.JmxRegister (JmxRegister.java:tryRegister(44)) - Successfully registered JMX Bean with object name Ratis:service=RaftServer,group=group-A5348760989C,id=5b8ad787-4bf9-4bb4-bfeb-9c85cd30cda7
2019-09-11 07:39:33,591 [RatisPipelineUtilsThread] INFO  pipeline.PipelineStateManager (PipelineStateManager.java:addPipeline(56)) - Created pipeline Pipeline[ Id: 1728e4ef-931d-45bc-872e-a5348760989c, Nodes: 5b8ad787-4bf9-4bb4-bfeb-9c85cd30cda7{ip: 192.168.34.12, host: pr-hdds-2106-8t9qr-763259812, networkLocation: /default-rack, certSerialId: null}, Type:RATIS, Factor:ONE, State:OPEN]
2019-09-11 07:39:33,609 [grpc-default-executor-0] INFO  impl.RaftServerProxy (RaftServerProxy.java:addNew(89)) - 8929662e-8651-4c9f-b246-d3ed69c98010: addNew group-F46D09253586:[8929662e-8651-4c9f-b246-d3ed69c98010:192.168.34.12:45689] returns group-F46D09253586:java.util.concurrent.CompletableFuture@5aa38f0e[Not completed]
2019-09-11 07:39:33,615 [pool-117-thread-1] INFO  impl.RaftServerImpl (RaftServerImpl.java:<init>(95)) - 8929662e-8651-4c9f-b246-d3ed69c98010: new RaftServerImpl for group-F46D09253586:[8929662e-8651-4c9f-b246-d3ed69c98010:192.168.34.12:45689] with ContainerStateMachine:uninitialized
2019-09-11 07:39:33,615 [pool-117-thread-1] INFO  server.RaftServerConfigKeys (ConfUtils.java:logGet(43)) - raft.server.rpc.timeout.min = 1s (custom)
2019-09-11 07:39:33,615 [pool-117-thread-1] INFO  server.RaftServerConfigKeys (ConfUtils.java:logGet(43)) - raft.server.rpc.timeout.max = 1200ms (custom)
2019-09-11 07:39:33,616 [pool-117-thread-1] INFO  server.RaftServerConfigKeys (ConfUtils.java:logGet(43)) - raft.server.rpcslowness.timeout = 120s (custom)
2019-09-11 07:39:33,616 [pool-117-thread-1] INFO  server.RaftServerConfigKeys (ConfUtils.java:logGet(43)) - raft.server.sleep.deviation.threshold = 300 (default)
2019-09-11 07:39:33,616 [pool-117-thread-1] INFO  server.RaftServerConfigKeys (ConfUtils.java:logGet(43)) - raft.server.log.appender.install.snapshot.enabled = false (custom)
2019-09-11 07:39:33,616 [pool-117-thread-1] INFO  impl.RaftServerImpl (ServerState.java:<init>(103)) - 8929662e-8651-4c9f-b246-d3ed69c98010@group-F46D09253586: ConfigurationManager, init=-1: [8929662e-8651-4c9f-b246-d3ed69c98010:192.168.34.12:45689], old=null, confs=<EMPTY_MAP>
2019-09-11 07:39:33,616 [pool-117-thread-1] INFO  server.RaftServerConfigKeys (ConfUtils.java:logGet(43)) - raft.server.storage.dir = [/workdir/hadoop-ozone/integration-test/target/test-dir/MiniOzoneClusterImpl-d0f0e288-b90a-4d92-9473-de78fda8b1d0/datanode-9/data/ratis] (custom)
2019-09-11 07:39:33,617 [pool-117-thread-1] INFO  storage.RaftStorageDirectory (RaftStorageDirectory.java:analyzeStorage(246)) - The storage directory /workdir/hadoop-ozone/integration-test/target/test-dir/MiniOzoneClusterImpl-d0f0e288-b90a-4d92-9473-de78fda8b1d0/datanode-9/data/ratis/ad916fb7-fdaf-4af3-8d39-f46d09253586 does not exist. Creating ...
2019-09-11 07:39:33,630 [pool-117-thread-1] INFO  storage.RaftStorageDirectory (RaftStorageDirectory.java:tryLock(328)) - Lock on /workdir/hadoop-ozone/integration-test/target/test-dir/MiniOzoneClusterImpl-d0f0e288-b90a-4d92-9473-de78fda8b1d0/datanode-9/data/ratis/ad916fb7-fdaf-4af3-8d39-f46d09253586/in_use.lock acquired by nodename 10521@pr-hdds-2106-8t9qr-763259812
2019-09-11 07:39:33,643 [pool-117-thread-1] INFO  storage.RaftStorage (RaftStorage.java:format(72)) - Storage directory /workdir/hadoop-ozone/integration-test/target/test-dir/MiniOzoneClusterImpl-d0f0e288-b90a-4d92-9473-de78fda8b1d0/datanode-9/data/ratis/ad916fb7-fdaf-4af3-8d39-f46d09253586 has been successfully formatted.
2019-09-11 07:39:33,643 [pool-117-thread-1] INFO  ratis.ContainerStateMachine (ContainerStateMachine.java:loadSnapshot(230)) - group-F46D09253586: The snapshot info is null. Setting the last applied indexto:(t:0, i:~)
2019-09-11 07:39:33,644 [pool-117-thread-1] INFO  server.RaftServerConfigKeys (ConfUtils.java:logGet(43)) - raft.server.notification.no-leader.timeout = 120s (custom)
2019-09-11 07:39:33,644 [pool-117-thread-1] INFO  server.RaftServerConfigKeys (ConfUtils.java:logGet(43)) - raft.server.log.use.memory = false (default)
2019-09-11 07:39:33,644 [pool-117-thread-1] INFO  server.RaftServerConfigKeys (ConfUtils.java:logGet(43)) - raft.server.log.purge.gap = 1000000 (custom)
2019-09-11 07:39:33,644 [pool-117-thread-1] INFO  server.RaftServerConfigKeys (ConfUtils.java:logGet(43)) - raft.server.log.appender.buffer.byte-limit = 33554432 (custom)
2019-09-11 07:39:33,644 [pool-117-thread-1] INFO  server.RaftServerConfigKeys (ConfUtils.java:logGet(43)) - raft.server.log.segment.size.max = 1048576 (custom)
2019-09-11 07:39:33,644 [pool-117-thread-1] INFO  server.RaftServerConfigKeys (ConfUtils.java:logGet(43)) - raft.server.log.segment.cache.num.max = 2 (custom)
2019-09-11 07:39:33,644 [pool-117-thread-1] INFO  segmented.SegmentedRaftLogWorker (SegmentedRaftLogWorker.java:<init>(172)) - new 8929662e-8651-4c9f-b246-d3ed69c98010@group-F46D09253586-SegmentedRaftLogWorker for RaftStorage:Storage Directory /workdir/hadoop-ozone/integration-test/target/test-dir/MiniOzoneClusterImpl-d0f0e288-b90a-4d92-9473-de78fda8b1d0/datanode-9/data/ratis/ad916fb7-fdaf-4af3-8d39-f46d09253586
2019-09-11 07:39:33,647 [pool-117-thread-1] INFO  server.RaftServerConfigKeys (ConfUtils.java:logGet(43)) - raft.server.log.queue.byte-limit = 2147483647 (custom)
2019-09-11 07:39:33,647 [pool-117-thread-1] INFO  server.RaftServerConfigKeys (ConfUtils.java:logGet(43)) - raft.server.log.queue.element-limit = 1024 (custom)
2019-09-11 07:39:33,648 [pool-117-thread-1] INFO  server.RaftServerConfigKeys (ConfUtils.java:logGet(43)) - raft.server.log.segment.size.max = 1048576 (custom)
2019-09-11 07:39:33,648 [pool-117-thread-1] INFO  server.RaftServerConfigKeys (ConfUtils.java:logGet(43)) - raft.server.log.preallocated.size = 16384 (custom)
2019-09-11 07:39:33,648 [pool-117-thread-1] INFO  server.RaftServerConfigKeys (ConfUtils.java:logGet(43)) - raft.server.log.write.buffer.size = 33554432 (custom)
2019-09-11 07:39:33,648 [pool-117-thread-1] INFO  server.RaftServerConfigKeys (ConfUtils.java:logGet(43)) - raft.server.log.force.sync.num = 128 (default)
2019-09-11 07:39:33,648 [pool-117-thread-1] INFO  server.RaftServerConfigKeys (ConfUtils.java:logGet(43)) - raft.server.log.statemachine.data.sync = true (default)
2019-09-11 07:39:33,648 [pool-117-thread-1] INFO  server.RaftServerConfigKeys (ConfUtils.java:logGet(43)) - raft.server.log.statemachine.data.sync.timeout = 10s (default)
2019-09-11 07:39:33,648 [pool-117-thread-1] INFO  server.RaftServerConfigKeys (ConfUtils.java:logGet(43)) - raft.server.log.statemachine.data.sync.timeout.retry = -1 (default)
2019-09-11 07:39:33,648 [pool-117-thread-1] INFO  server.RaftServerConfigKeys (ConfUtils.java:logGet(43)) - raft.server.log.statemachine.data.caching.enabled = true (custom)
2019-09-11 07:39:33,649 [pool-117-thread-1] INFO  segmented.SegmentedRaftLogWorker (SegmentedRaftLogWorker.java:lambda$new$0(132)) - 8929662e-8651-4c9f-b246-d3ed69c98010@group-F46D09253586-SegmentedRaftLogWorker: flushIndex: setUnconditionally 0 -> -1
2019-09-11 07:39:33,649 [pool-117-thread-1] INFO  server.RaftServerConfigKeys (ConfUtils.java:logGet(43)) - raft.server.snapshot.auto.trigger.enabled = true (custom)
2019-09-11 07:39:33,649 [pool-117-thread-1] INFO  server.RaftServerConfigKeys (ConfUtils.java:logGet(43)) - raft.server.snapshot.auto.trigger.threshold = 10000 (custom)
2019-09-11 07:39:33,649 [pool-117-thread-1] INFO  server.RaftServerConfigKeys (ConfUtils.java:logGet(43)) - raft.server.snapshot.retention.num.files = -1 (default)
2019-09-11 07:39:33,649 [pool-117-thread-1] INFO  server.RaftServerConfigKeys (ConfUtils.java:logGet(43)) - raft.server.retrycache.expirytime = 600000ms (custom)
2019-09-11 07:39:33,652 [pool-117-thread-1] INFO  impl.RaftServerImpl (RaftServerImpl.java:start(185)) - 8929662e-8651-4c9f-b246-d3ed69c98010@group-F46D09253586: start as a follower, conf=-1: [8929662e-8651-4c9f-b246-d3ed69c98010:192.168.34.12:45689], old=null
2019-09-11 07:39:33,652 [pool-117-thread-1] INFO  impl.RaftServerImpl (RaftServerImpl.java:setRole(174)) - 8929662e-8651-4c9f-b246-d3ed69c98010@group-F46D09253586: changes role from      null to FOLLOWER at term 0 for startAsFollower
2019-09-11 07:39:33,653 [pool-117-thread-1] INFO  impl.RoleInfo (RoleInfo.java:updateAndGet(143)) - 8929662e-8651-4c9f-b246-d3ed69c98010: start FollowerState
2019-09-11 07:39:33,653 [pool-117-thread-1] INFO  util.JmxRegister (JmxRegister.java:tryRegister(44)) - Successfully registered JMX Bean with object name Ratis:service=RaftServer,group=group-F46D09253586,id=8929662e-8651-4c9f-b246-d3ed69c98010
2019-09-11 07:39:33,660 [Thread-285] INFO  impl.FollowerState (FollowerState.java:run(106)) - 36be1d2c-b8e7-4a5e-9c9f-c881d55a8c5a:group-90472DB2A145 changes to CANDIDATE, lastRpcTime:1060, electionTimeout:1059ms
2019-09-11 07:39:33,670 [RatisPipelineUtilsThread] INFO  pipeline.PipelineStateManager (PipelineStateManager.java:addPipeline(56)) - Created pipeline Pipeline[ Id: ad916fb7-fdaf-4af3-8d39-f46d09253586, Nodes: 8929662e-8651-4c9f-b246-d3ed69c98010{ip: 192.168.34.12, host: pr-hdds-2106-8t9qr-763259812, networkLocation: /default-rack, certSerialId: null}, Type:RATIS, Factor:ONE, State:OPEN]
2019-09-11 07:39:33,674 [Thread-285] INFO  impl.RoleInfo (RoleInfo.java:shutdownFollowerState(121)) - 36be1d2c-b8e7-4a5e-9c9f-c881d55a8c5a: shutdown FollowerState
2019-09-11 07:39:33,674 [Thread-285] INFO  impl.RaftServerImpl (RaftServerImpl.java:setRole(174)) - 36be1d2c-b8e7-4a5e-9c9f-c881d55a8c5a@group-90472DB2A145: changes role from  FOLLOWER to CANDIDATE at term 0 for changeToCandidate
2019-09-11 07:39:33,691 [Thread-285] INFO  impl.RoleInfo (RoleInfo.java:updateAndGet(143)) - 36be1d2c-b8e7-4a5e-9c9f-c881d55a8c5a: start LeaderElection
2019-09-11 07:39:33,723 [grpc-default-executor-0] INFO  impl.RaftServerProxy (RaftServerProxy.java:addNew(89)) - 9196f2dc-d574-4585-b48c-56d55fbc13c2: addNew group-3BDDF761E99D:[9196f2dc-d574-4585-b48c-56d55fbc13c2:192.168.34.12:36626] returns group-3BDDF761E99D:java.util.concurrent.CompletableFuture@23aa5e28[Not completed]
2019-09-11 07:39:33,729 [pool-67-thread-1] INFO  impl.RaftServerImpl (RaftServerImpl.java:<init>(95)) - 9196f2dc-d574-4585-b48c-56d55fbc13c2: new RaftServerImpl for group-3BDDF761E99D:[9196f2dc-d574-4585-b48c-56d55fbc13c2:192.168.34.12:36626] with ContainerStateMachine:uninitialized
2019-09-11 07:39:33,729 [36be1d2c-b8e7-4a5e-9c9f-c881d55a8c5a@group-90472DB2A145:LeaderElection1] INFO  impl.LeaderElection (LeaderElection.java:askForVotes(182)) - 36be1d2c-b8e7-4a5e-9c9f-c881d55a8c5a@group-90472DB2A145:LeaderElection1: begin an election at term 1 for -1: [36be1d2c-b8e7-4a5e-9c9f-c881d55a8c5a:192.168.34.12:36299], old=null
2019-09-11 07:39:33,729 [pool-67-thread-1] INFO  server.RaftServerConfigKeys (ConfUtils.java:logGet(43)) - raft.server.rpc.timeout.min = 1s (custom)
2019-09-11 07:39:33,729 [pool-67-thread-1] INFO  server.RaftServerConfigKeys (ConfUtils.java:logGet(43)) - raft.server.rpc.timeout.max = 1200ms (custom)
2019-09-11 07:39:33,729 [pool-67-thread-1] INFO  server.RaftServerConfigKeys (ConfUtils.java:logGet(43)) - raft.server.rpcslowness.timeout = 120s (custom)
2019-09-11 07:39:33,729 [pool-67-thread-1] INFO  server.RaftServerConfigKeys (ConfUtils.java:logGet(43)) - raft.server.sleep.deviation.threshold = 300 (default)
2019-09-11 07:39:33,730 [pool-67-thread-1] INFO  server.RaftServerConfigKeys (ConfUtils.java:logGet(43)) - raft.server.log.appender.install.snapshot.enabled = false (custom)
2019-09-11 07:39:33,730 [pool-67-thread-1] INFO  impl.RaftServerImpl (ServerState.java:<init>(103)) - 9196f2dc-d574-4585-b48c-56d55fbc13c2@group-3BDDF761E99D: ConfigurationManager, init=-1: [9196f2dc-d574-4585-b48c-56d55fbc13c2:192.168.34.12:36626], old=null, confs=<EMPTY_MAP>
2019-09-11 07:39:33,730 [pool-67-thread-1] INFO  server.RaftServerConfigKeys (ConfUtils.java:logGet(43)) - raft.server.storage.dir = [/workdir/hadoop-ozone/integration-test/target/test-dir/MiniOzoneClusterImpl-d0f0e288-b90a-4d92-9473-de78fda8b1d0/datanode-4/data/ratis] (custom)
2019-09-11 07:39:33,730 [36be1d2c-b8e7-4a5e-9c9f-c881d55a8c5a@group-90472DB2A145:LeaderElection1] INFO  impl.RoleInfo (RoleInfo.java:shutdownLeaderElection(134)) - 36be1d2c-b8e7-4a5e-9c9f-c881d55a8c5a: shutdown LeaderElection
2019-09-11 07:39:33,730 [pool-67-thread-1] INFO  storage.RaftStorageDirectory (RaftStorageDirectory.java:analyzeStorage(246)) - The storage directory /workdir/hadoop-ozone/integration-test/target/test-dir/MiniOzoneClusterImpl-d0f0e288-b90a-4d92-9473-de78fda8b1d0/datanode-4/data/ratis/d517955f-aeca-49c6-8e4b-3bddf761e99d does not exist. Creating ...
2019-09-11 07:39:33,731 [36be1d2c-b8e7-4a5e-9c9f-c881d55a8c5a@group-90472DB2A145:LeaderElection1] INFO  impl.RaftServerImpl (RaftServerImpl.java:setRole(174)) - 36be1d2c-b8e7-4a5e-9c9f-c881d55a8c5a@group-90472DB2A145: changes role from CANDIDATE to LEADER at term 1 for changeToLeader
2019-09-11 07:39:33,731 [36be1d2c-b8e7-4a5e-9c9f-c881d55a8c5a@group-90472DB2A145:LeaderElection1] INFO  impl.RaftServerImpl (ServerState.java:setLeader(253)) - 36be1d2c-b8e7-4a5e-9c9f-c881d55a8c5a@group-90472DB2A145: change Leader from null to 36be1d2c-b8e7-4a5e-9c9f-c881d55a8c5a at term 1 for becomeLeader, leader elected after 1253ms
2019-09-11 07:39:33,746 [pool-67-thread-1] INFO  storage.RaftStorageDirectory (RaftStorageDirectory.java:tryLock(328)) - Lock on /workdir/hadoop-ozone/integration-test/target/test-dir/MiniOzoneClusterImpl-d0f0e288-b90a-4d92-9473-de78fda8b1d0/datanode-4/data/ratis/d517955f-aeca-49c6-8e4b-3bddf761e99d/in_use.lock acquired by nodename 10521@pr-hdds-2106-8t9qr-763259812
2019-09-11 07:39:33,746 [36be1d2c-b8e7-4a5e-9c9f-c881d55a8c5a@group-90472DB2A145:LeaderElection1] INFO  server.RaftServerConfigKeys (ConfUtils.java:logGet(43)) - raft.server.staging.catchup.gap = 1000 (default)
2019-09-11 07:39:33,747 [36be1d2c-b8e7-4a5e-9c9f-c881d55a8c5a@group-90472DB2A145:LeaderElection1] INFO  server.RaftServerConfigKeys (ConfUtils.java:logGet(43)) - raft.server.rpc.sleep.time = 25ms (default)
2019-09-11 07:39:33,754 [36be1d2c-b8e7-4a5e-9c9f-c881d55a8c5a@group-90472DB2A145:LeaderElection1] INFO  server.RaftServerConfigKeys (ConfUtils.java:logGet(43)) - raft.server.write.element-limit = 4096 (default)
2019-09-11 07:39:33,761 [36be1d2c-b8e7-4a5e-9c9f-c881d55a8c5a@group-90472DB2A145:LeaderElection1] INFO  server.RaftServerConfigKeys (ConfUtils.java:logGet(43)) - raft.server.watch.timeout = 10s (default)
2019-09-11 07:39:33,761 [36be1d2c-b8e7-4a5e-9c9f-c881d55a8c5a@group-90472DB2A145:LeaderElection1] INFO  server.RaftServerConfigKeys (ConfUtils.java:logGet(43)) - raft.server.watch.timeout.denomination = 1s (default)
2019-09-11 07:39:33,762 [36be1d2c-b8e7-4a5e-9c9f-c881d55a8c5a@group-90472DB2A145:LeaderElection1] INFO  server.RaftServerConfigKeys (ConfUtils.java:logGet(43)) - raft.server.watch.element-limit = 65536 (default)
2019-09-11 07:39:33,763 [pool-67-thread-1] INFO  storage.RaftStorage (RaftStorage.java:format(72)) - Storage directory /workdir/hadoop-ozone/integration-test/target/test-dir/MiniOzoneClusterImpl-d0f0e288-b90a-4d92-9473-de78fda8b1d0/datanode-4/data/ratis/d517955f-aeca-49c6-8e4b-3bddf761e99d has been successfully formatted.
2019-09-11 07:39:33,763 [pool-67-thread-1] INFO  ratis.ContainerStateMachine (ContainerStateMachine.java:loadSnapshot(230)) - group-3BDDF761E99D: The snapshot info is null. Setting the last applied indexto:(t:0, i:~)
2019-09-11 07:39:33,764 [pool-67-thread-1] INFO  server.RaftServerConfigKeys (ConfUtils.java:logGet(43)) - raft.server.notification.no-leader.timeout = 120s (custom)
2019-09-11 07:39:33,764 [pool-67-thread-1] INFO  server.RaftServerConfigKeys (ConfUtils.java:logGet(43)) - raft.server.log.use.memory = false (default)
2019-09-11 07:39:33,764 [pool-67-thread-1] INFO  server.RaftServerConfigKeys (ConfUtils.java:logGet(43)) - raft.server.log.purge.gap = 1000000 (custom)
2019-09-11 07:39:33,764 [pool-67-thread-1] INFO  server.RaftServerConfigKeys (ConfUtils.java:logGet(43)) - raft.server.log.appender.buffer.byte-limit = 33554432 (custom)
2019-09-11 07:39:33,764 [pool-67-thread-1] INFO  server.RaftServerConfigKeys (ConfUtils.java:logGet(43)) - raft.server.log.segment.size.max = 1048576 (custom)
2019-09-11 07:39:33,764 [pool-67-thread-1] INFO  server.RaftServerConfigKeys (ConfUtils.java:logGet(43)) - raft.server.log.segment.cache.num.max = 2 (custom)
2019-09-11 07:39:33,764 [pool-67-thread-1] INFO  segmented.SegmentedRaftLogWorker (SegmentedRaftLogWorker.java:<init>(172)) - new 9196f2dc-d574-4585-b48c-56d55fbc13c2@group-3BDDF761E99D-SegmentedRaftLogWorker for RaftStorage:Storage Directory /workdir/hadoop-ozone/integration-test/target/test-dir/MiniOzoneClusterImpl-d0f0e288-b90a-4d92-9473-de78fda8b1d0/datanode-4/data/ratis/d517955f-aeca-49c6-8e4b-3bddf761e99d
2019-09-11 07:39:33,767 [pool-67-thread-1] INFO  server.RaftServerConfigKeys (ConfUtils.java:logGet(43)) - raft.server.log.queue.byte-limit = 2147483647 (custom)
2019-09-11 07:39:33,767 [pool-67-thread-1] INFO  server.RaftServerConfigKeys (ConfUtils.java:logGet(43)) - raft.server.log.queue.element-limit = 1024 (custom)
2019-09-11 07:39:33,768 [pool-67-thread-1] INFO  server.RaftServerConfigKeys (ConfUtils.java:logGet(43)) - raft.server.log.segment.size.max = 1048576 (custom)
2019-09-11 07:39:33,768 [pool-67-thread-1] INFO  server.RaftServerConfigKeys (ConfUtils.java:logGet(43)) - raft.server.log.preallocated.size = 16384 (custom)
2019-09-11 07:39:33,768 [pool-67-thread-1] INFO  server.RaftServerConfigKeys (ConfUtils.java:logGet(43)) - raft.server.log.write.buffer.size = 33554432 (custom)
2019-09-11 07:39:33,768 [pool-67-thread-1] INFO  server.RaftServerConfigKeys (ConfUtils.java:logGet(43)) - raft.server.log.force.sync.num = 128 (default)
2019-09-11 07:39:33,768 [pool-67-thread-1] INFO  server.RaftServerConfigKeys (ConfUtils.java:logGet(43)) - raft.server.log.statemachine.data.sync = true (default)
2019-09-11 07:39:33,768 [pool-67-thread-1] INFO  server.RaftServerConfigKeys (ConfUtils.java:logGet(43)) - raft.server.log.statemachine.data.sync.timeout = 10s (default)
2019-09-11 07:39:33,769 [pool-67-thread-1] INFO  server.RaftServerConfigKeys (ConfUtils.java:logGet(43)) - raft.server.log.statemachine.data.sync.timeout.retry = -1 (default)
2019-09-11 07:39:33,769 [pool-67-thread-1] INFO  server.RaftServerConfigKeys (ConfUtils.java:logGet(43)) - raft.server.log.statemachine.data.caching.enabled = true (custom)
2019-09-11 07:39:33,769 [pool-67-thread-1] INFO  segmented.SegmentedRaftLogWorker (SegmentedRaftLogWorker.java:lambda$new$0(132)) - 9196f2dc-d574-4585-b48c-56d55fbc13c2@group-3BDDF761E99D-SegmentedRaftLogWorker: flushIndex: setUnconditionally 0 -> -1
2019-09-11 07:39:33,770 [pool-67-thread-1] INFO  server.RaftServerConfigKeys (ConfUtils.java:logGet(43)) - raft.server.snapshot.auto.trigger.enabled = true (custom)
2019-09-11 07:39:33,770 [pool-67-thread-1] INFO  server.RaftServerConfigKeys (ConfUtils.java:logGet(43)) - raft.server.snapshot.auto.trigger.threshold = 10000 (custom)
2019-09-11 07:39:33,770 [pool-67-thread-1] INFO  server.RaftServerConfigKeys (ConfUtils.java:logGet(43)) - raft.server.snapshot.retention.num.files = -1 (default)
2019-09-11 07:39:33,770 [pool-67-thread-1] INFO  server.RaftServerConfigKeys (ConfUtils.java:logGet(43)) - raft.server.retrycache.expirytime = 600000ms (custom)
2019-09-11 07:39:33,773 [pool-67-thread-1] INFO  impl.RaftServerImpl (RaftServerImpl.java:start(185)) - 9196f2dc-d574-4585-b48c-56d55fbc13c2@group-3BDDF761E99D: start as a follower, conf=-1: [9196f2dc-d574-4585-b48c-56d55fbc13c2:192.168.34.12:36626], old=null
2019-09-11 07:39:33,773 [pool-67-thread-1] INFO  impl.RaftServerImpl (RaftServerImpl.java:setRole(174)) - 9196f2dc-d574-4585-b48c-56d55fbc13c2@group-3BDDF761E99D: changes role from      null to FOLLOWER at term 0 for startAsFollower
2019-09-11 07:39:33,773 [pool-67-thread-1] INFO  impl.RoleInfo (RoleInfo.java:updateAndGet(143)) - 9196f2dc-d574-4585-b48c-56d55fbc13c2: start FollowerState
2019-09-11 07:39:33,773 [pool-67-thread-1] INFO  util.JmxRegister (JmxRegister.java:tryRegister(44)) - Successfully registered JMX Bean with object name Ratis:service=RaftServer,group=group-3BDDF761E99D,id=9196f2dc-d574-4585-b48c-56d55fbc13c2
2019-09-11 07:39:33,781 [36be1d2c-b8e7-4a5e-9c9f-c881d55a8c5a@group-90472DB2A145:LeaderElection1] INFO  impl.RoleInfo (RoleInfo.java:updateAndGet(143)) - 36be1d2c-b8e7-4a5e-9c9f-c881d55a8c5a: start LeaderState
2019-09-11 07:39:33,788 [RatisPipelineUtilsThread] INFO  pipeline.PipelineStateManager (PipelineStateManager.java:addPipeline(56)) - Created pipeline Pipeline[ Id: d517955f-aeca-49c6-8e4b-3bddf761e99d, Nodes: 9196f2dc-d574-4585-b48c-56d55fbc13c2{ip: 192.168.34.12, host: pr-hdds-2106-8t9qr-763259812, networkLocation: /default-rack, certSerialId: null}, Type:RATIS, Factor:ONE, State:OPEN]
2019-09-11 07:39:33,815 [grpc-default-executor-0] INFO  impl.RaftServerProxy (RaftServerProxy.java:addNew(89)) - 94695109-ccac-4717-8ca0-575ae92c92f3: addNew group-932359C60AFE:[94695109-ccac-4717-8ca0-575ae92c92f3:192.168.34.12:43599] returns group-932359C60AFE:java.util.concurrent.CompletableFuture@43afb3a6[Not completed]
2019-09-11 07:39:33,819 [pool-77-thread-1] INFO  impl.RaftServerImpl (RaftServerImpl.java:<init>(95)) - 94695109-ccac-4717-8ca0-575ae92c92f3: new RaftServerImpl for group-932359C60AFE:[94695109-ccac-4717-8ca0-575ae92c92f3:192.168.34.12:43599] with ContainerStateMachine:uninitialized
2019-09-11 07:39:33,819 [pool-77-thread-1] INFO  server.RaftServerConfigKeys (ConfUtils.java:logGet(43)) - raft.server.rpc.timeout.min = 1s (custom)
2019-09-11 07:39:33,820 [pool-77-thread-1] INFO  server.RaftServerConfigKeys (ConfUtils.java:logGet(43)) - raft.server.rpc.timeout.max = 1200ms (custom)
2019-09-11 07:39:33,820 [pool-77-thread-1] INFO  server.RaftServerConfigKeys (ConfUtils.java:logGet(43)) - raft.server.rpcslowness.timeout = 120s (custom)
2019-09-11 07:39:33,820 [pool-77-thread-1] INFO  server.RaftServerConfigKeys (ConfUtils.java:logGet(43)) - raft.server.sleep.deviation.threshold = 300 (default)
2019-09-11 07:39:33,820 [pool-77-thread-1] INFO  server.RaftServerConfigKeys (ConfUtils.java:logGet(43)) - raft.server.log.appender.install.snapshot.enabled = false (custom)
2019-09-11 07:39:33,820 [pool-77-thread-1] INFO  impl.RaftServerImpl (ServerState.java:<init>(103)) - 94695109-ccac-4717-8ca0-575ae92c92f3@group-932359C60AFE: ConfigurationManager, init=-1: [94695109-ccac-4717-8ca0-575ae92c92f3:192.168.34.12:43599], old=null, confs=<EMPTY_MAP>
2019-09-11 07:39:33,820 [pool-77-thread-1] INFO  server.RaftServerConfigKeys (ConfUtils.java:logGet(43)) - raft.server.storage.dir = [/workdir/hadoop-ozone/integration-test/target/test-dir/MiniOzoneClusterImpl-d0f0e288-b90a-4d92-9473-de78fda8b1d0/datanode-5/data/ratis] (custom)
2019-09-11 07:39:33,821 [pool-77-thread-1] INFO  storage.RaftStorageDirectory (RaftStorageDirectory.java:analyzeStorage(246)) - The storage directory /workdir/hadoop-ozone/integration-test/target/test-dir/MiniOzoneClusterImpl-d0f0e288-b90a-4d92-9473-de78fda8b1d0/datanode-5/data/ratis/e6ab02d7-c320-4895-a545-932359c60afe does not exist. Creating ...
2019-09-11 07:39:33,830 [pool-77-thread-1] INFO  storage.RaftStorageDirectory (RaftStorageDirectory.java:tryLock(328)) - Lock on /workdir/hadoop-ozone/integration-test/target/test-dir/MiniOzoneClusterImpl-d0f0e288-b90a-4d92-9473-de78fda8b1d0/datanode-5/data/ratis/e6ab02d7-c320-4895-a545-932359c60afe/in_use.lock acquired by nodename 10521@pr-hdds-2106-8t9qr-763259812
2019-09-11 07:39:33,833 [36be1d2c-b8e7-4a5e-9c9f-c881d55a8c5a@group-90472DB2A145:LeaderElection1] INFO  segmented.SegmentedRaftLogWorker (SegmentedRaftLogWorker.java:startLogSegment(380)) - 36be1d2c-b8e7-4a5e-9c9f-c881d55a8c5a@group-90472DB2A145-SegmentedRaftLogWorker: Starting segment from index:0
2019-09-11 07:39:33,844 [pool-77-thread-1] INFO  storage.RaftStorage (RaftStorage.java:format(72)) - Storage directory /workdir/hadoop-ozone/integration-test/target/test-dir/MiniOzoneClusterImpl-d0f0e288-b90a-4d92-9473-de78fda8b1d0/datanode-5/data/ratis/e6ab02d7-c320-4895-a545-932359c60afe has been successfully formatted.
2019-09-11 07:39:33,844 [pool-77-thread-1] INFO  ratis.ContainerStateMachine (ContainerStateMachine.java:loadSnapshot(230)) - group-932359C60AFE: The snapshot info is null. Setting the last applied indexto:(t:0, i:~)
2019-09-11 07:39:33,844 [pool-77-thread-1] INFO  server.RaftServerConfigKeys (ConfUtils.java:logGet(43)) - raft.server.notification.no-leader.timeout = 120s (custom)
2019-09-11 07:39:33,844 [pool-77-thread-1] INFO  server.RaftServerConfigKeys (ConfUtils.java:logGet(43)) - raft.server.log.use.memory = false (default)
2019-09-11 07:39:33,844 [36be1d2c-b8e7-4a5e-9c9f-c881d55a8c5a@group-90472DB2A145:LeaderElection1] INFO  impl.RaftServerImpl (ServerState.java:setRaftConf(354)) - 36be1d2c-b8e7-4a5e-9c9f-c881d55a8c5a@group-90472DB2A145: set configuration 0: [36be1d2c-b8e7-4a5e-9c9f-c881d55a8c5a:192.168.34.12:36299], old=null at 0
2019-09-11 07:39:33,844 [pool-77-thread-1] INFO  server.RaftServerConfigKeys (ConfUtils.java:logGet(43)) - raft.server.log.purge.gap = 1000000 (custom)
2019-09-11 07:39:33,849 [pool-77-thread-1] INFO  server.RaftServerConfigKeys (ConfUtils.java:logGet(43)) - raft.server.log.appender.buffer.byte-limit = 33554432 (custom)
2019-09-11 07:39:33,849 [pool-77-thread-1] INFO  server.RaftServerConfigKeys (ConfUtils.java:logGet(43)) - raft.server.log.segment.size.max = 1048576 (custom)
2019-09-11 07:39:33,849 [pool-77-thread-1] INFO  server.RaftServerConfigKeys (ConfUtils.java:logGet(43)) - raft.server.log.segment.cache.num.max = 2 (custom)
2019-09-11 07:39:33,849 [pool-77-thread-1] INFO  segmented.SegmentedRaftLogWorker (SegmentedRaftLogWorker.java:<init>(172)) - new 94695109-ccac-4717-8ca0-575ae92c92f3@group-932359C60AFE-SegmentedRaftLogWorker for RaftStorage:Storage Directory /workdir/hadoop-ozone/integration-test/target/test-dir/MiniOzoneClusterImpl-d0f0e288-b90a-4d92-9473-de78fda8b1d0/datanode-5/data/ratis/e6ab02d7-c320-4895-a545-932359c60afe
2019-09-11 07:39:33,852 [pool-77-thread-1] INFO  server.RaftServerConfigKeys (ConfUtils.java:logGet(43)) - raft.server.log.queue.byte-limit = 2147483647 (custom)
2019-09-11 07:39:33,852 [pool-77-thread-1] INFO  server.RaftServerConfigKeys (ConfUtils.java:logGet(43)) - raft.server.log.queue.element-limit = 1024 (custom)
2019-09-11 07:39:33,852 [pool-77-thread-1] INFO  server.RaftServerConfigKeys (ConfUtils.java:logGet(43)) - raft.server.log.segment.size.max = 1048576 (custom)
2019-09-11 07:39:33,852 [pool-77-thread-1] INFO  server.RaftServerConfigKeys (ConfUtils.java:logGet(43)) - raft.server.log.preallocated.size = 16384 (custom)
2019-09-11 07:39:33,852 [pool-77-thread-1] INFO  server.RaftServerConfigKeys (ConfUtils.java:logGet(43)) - raft.server.log.write.buffer.size = 33554432 (custom)
2019-09-11 07:39:33,853 [pool-77-thread-1] INFO  server.RaftServerConfigKeys (ConfUtils.java:logGet(43)) - raft.server.log.force.sync.num = 128 (default)
2019-09-11 07:39:33,853 [pool-77-thread-1] INFO  server.RaftServerConfigKeys (ConfUtils.java:logGet(43)) - raft.server.log.statemachine.data.sync = true (default)
2019-09-11 07:39:33,853 [pool-77-thread-1] INFO  server.RaftServerConfigKeys (ConfUtils.java:logGet(43)) - raft.server.log.statemachine.data.sync.timeout = 10s (default)
2019-09-11 07:39:33,853 [pool-77-thread-1] INFO  server.RaftServerConfigKeys (ConfUtils.java:logGet(43)) - raft.server.log.statemachine.data.sync.timeout.retry = -1 (default)
2019-09-11 07:39:33,853 [pool-77-thread-1] INFO  server.RaftServerConfigKeys (ConfUtils.java:logGet(43)) - raft.server.log.statemachine.data.caching.enabled = true (custom)
2019-09-11 07:39:33,853 [pool-77-thread-1] INFO  segmented.SegmentedRaftLogWorker (SegmentedRaftLogWorker.java:lambda$new$0(132)) - 94695109-ccac-4717-8ca0-575ae92c92f3@group-932359C60AFE-SegmentedRaftLogWorker: flushIndex: setUnconditionally 0 -> -1
2019-09-11 07:39:33,854 [pool-77-thread-1] INFO  server.RaftServerConfigKeys (ConfUtils.java:logGet(43)) - raft.server.snapshot.auto.trigger.enabled = true (custom)
2019-09-11 07:39:33,854 [pool-77-thread-1] INFO  server.RaftServerConfigKeys (ConfUtils.java:logGet(43)) - raft.server.snapshot.auto.trigger.threshold = 10000 (custom)
2019-09-11 07:39:33,854 [pool-77-thread-1] INFO  server.RaftServerConfigKeys (ConfUtils.java:logGet(43)) - raft.server.snapshot.retention.num.files = -1 (default)
2019-09-11 07:39:33,854 [pool-77-thread-1] INFO  server.RaftServerConfigKeys (ConfUtils.java:logGet(43)) - raft.server.retrycache.expirytime = 600000ms (custom)
2019-09-11 07:39:33,864 [pool-77-thread-1] INFO  impl.RaftServerImpl (RaftServerImpl.java:start(185)) - 94695109-ccac-4717-8ca0-575ae92c92f3@group-932359C60AFE: start as a follower, conf=-1: [94695109-ccac-4717-8ca0-575ae92c92f3:192.168.34.12:43599], old=null
2019-09-11 07:39:33,864 [pool-77-thread-1] INFO  impl.RaftServerImpl (RaftServerImpl.java:setRole(174)) - 94695109-ccac-4717-8ca0-575ae92c92f3@group-932359C60AFE: changes role from      null to FOLLOWER at term 0 for startAsFollower
2019-09-11 07:39:33,864 [pool-77-thread-1] INFO  impl.RoleInfo (RoleInfo.java:updateAndGet(143)) - 94695109-ccac-4717-8ca0-575ae92c92f3: start FollowerState
2019-09-11 07:39:33,864 [pool-77-thread-1] INFO  util.JmxRegister (JmxRegister.java:tryRegister(44)) - Successfully registered JMX Bean with object name Ratis:service=RaftServer,group=group-932359C60AFE,id=94695109-ccac-4717-8ca0-575ae92c92f3
2019-09-11 07:39:33,884 [RatisPipelineUtilsThread] INFO  pipeline.PipelineStateManager (PipelineStateManager.java:addPipeline(56)) - Created pipeline Pipeline[ Id: e6ab02d7-c320-4895-a545-932359c60afe, Nodes: 94695109-ccac-4717-8ca0-575ae92c92f3{ip: 192.168.34.12, host: pr-hdds-2106-8t9qr-763259812, networkLocation: /default-rack, certSerialId: null}, Type:RATIS, Factor:ONE, State:OPEN]
2019-09-11 07:39:33,919 [grpc-default-executor-2] INFO  impl.RaftServerProxy (RaftServerProxy.java:addNew(89)) - 4bd38775-382d-4c4f-9f91-7366b5492a1e: addNew group-91E122509A7B:[72bb666e-e114-4432-9598-bd6d136490e0:192.168.34.12:43357, 4bd38775-382d-4c4f-9f91-7366b5492a1e:192.168.34.12:33350, 48982da4-f995-48e9-b2c1-a2ad51cb7376:192.168.34.12:39508] returns group-91E122509A7B:java.util.concurrent.CompletableFuture@296fd9e4[Not completed]
2019-09-11 07:39:33,923 [grpc-default-executor-2] INFO  impl.RaftServerProxy (RaftServerProxy.java:addNew(89)) - 72bb666e-e114-4432-9598-bd6d136490e0: addNew group-91E122509A7B:[72bb666e-e114-4432-9598-bd6d136490e0:192.168.34.12:43357, 4bd38775-382d-4c4f-9f91-7366b5492a1e:192.168.34.12:33350, 48982da4-f995-48e9-b2c1-a2ad51cb7376:192.168.34.12:39508] returns group-91E122509A7B:java.util.concurrent.CompletableFuture@6c6d52ad[Not completed]
2019-09-11 07:39:33,923 [pool-37-thread-1] INFO  impl.RaftServerImpl (RaftServerImpl.java:<init>(95)) - 4bd38775-382d-4c4f-9f91-7366b5492a1e: new RaftServerImpl for group-91E122509A7B:[72bb666e-e114-4432-9598-bd6d136490e0:192.168.34.12:43357, 4bd38775-382d-4c4f-9f91-7366b5492a1e:192.168.34.12:33350, 48982da4-f995-48e9-b2c1-a2ad51cb7376:192.168.34.12:39508] with ContainerStateMachine:uninitialized
2019-09-11 07:39:33,923 [grpc-default-executor-1] INFO  impl.RaftServerProxy (RaftServerProxy.java:addNew(89)) - 48982da4-f995-48e9-b2c1-a2ad51cb7376: addNew group-91E122509A7B:[72bb666e-e114-4432-9598-bd6d136490e0:192.168.34.12:43357, 4bd38775-382d-4c4f-9f91-7366b5492a1e:192.168.34.12:33350, 48982da4-f995-48e9-b2c1-a2ad51cb7376:192.168.34.12:39508] returns group-91E122509A7B:java.util.concurrent.CompletableFuture@2eb8b3bc[Not completed]
2019-09-11 07:39:33,923 [pool-37-thread-1] INFO  server.RaftServerConfigKeys (ConfUtils.java:logGet(43)) - raft.server.rpc.timeout.min = 1s (custom)
2019-09-11 07:39:33,923 [pool-37-thread-1] INFO  server.RaftServerConfigKeys (ConfUtils.java:logGet(43)) - raft.server.rpc.timeout.max = 1200ms (custom)
2019-09-11 07:39:33,923 [pool-37-thread-1] INFO  server.RaftServerConfigKeys (ConfUtils.java:logGet(43)) - raft.server.rpcslowness.timeout = 120s (custom)
2019-09-11 07:39:33,924 [pool-37-thread-1] INFO  server.RaftServerConfigKeys (ConfUtils.java:logGet(43)) - raft.server.sleep.deviation.threshold = 300 (default)
2019-09-11 07:39:33,924 [pool-107-thread-1] INFO  impl.RaftServerImpl (RaftServerImpl.java:<init>(95)) - 72bb666e-e114-4432-9598-bd6d136490e0: new RaftServerImpl for group-91E122509A7B:[72bb666e-e114-4432-9598-bd6d136490e0:192.168.34.12:43357, 4bd38775-382d-4c4f-9f91-7366b5492a1e:192.168.34.12:33350, 48982da4-f995-48e9-b2c1-a2ad51cb7376:192.168.34.12:39508] with ContainerStateMachine:uninitialized
2019-09-11 07:39:33,924 [pool-37-thread-1] INFO  server.RaftServerConfigKeys (ConfUtils.java:logGet(43)) - raft.server.log.appender.install.snapshot.enabled = false (custom)
2019-09-11 07:39:33,924 [pool-107-thread-1] INFO  server.RaftServerConfigKeys (ConfUtils.java:logGet(43)) - raft.server.rpc.timeout.min = 1s (custom)
2019-09-11 07:39:33,924 [pool-37-thread-1] INFO  impl.RaftServerImpl (ServerState.java:<init>(103)) - 4bd38775-382d-4c4f-9f91-7366b5492a1e@group-91E122509A7B: ConfigurationManager, init=-1: [72bb666e-e114-4432-9598-bd6d136490e0:192.168.34.12:43357, 4bd38775-382d-4c4f-9f91-7366b5492a1e:192.168.34.12:33350, 48982da4-f995-48e9-b2c1-a2ad51cb7376:192.168.34.12:39508], old=null, confs=<EMPTY_MAP>
2019-09-11 07:39:33,924 [pool-107-thread-1] INFO  server.RaftServerConfigKeys (ConfUtils.java:logGet(43)) - raft.server.rpc.timeout.max = 1200ms (custom)
2019-09-11 07:39:33,924 [pool-37-thread-1] INFO  server.RaftServerConfigKeys (ConfUtils.java:logGet(43)) - raft.server.storage.dir = [/workdir/hadoop-ozone/integration-test/target/test-dir/MiniOzoneClusterImpl-d0f0e288-b90a-4d92-9473-de78fda8b1d0/datanode-1/data/ratis] (custom)
2019-09-11 07:39:33,924 [pool-107-thread-1] INFO  server.RaftServerConfigKeys (ConfUtils.java:logGet(43)) - raft.server.rpcslowness.timeout = 120s (custom)
2019-09-11 07:39:33,924 [pool-107-thread-1] INFO  server.RaftServerConfigKeys (ConfUtils.java:logGet(43)) - raft.server.sleep.deviation.threshold = 300 (default)
2019-09-11 07:39:33,924 [pool-107-thread-1] INFO  server.RaftServerConfigKeys (ConfUtils.java:logGet(43)) - raft.server.log.appender.install.snapshot.enabled = false (custom)
2019-09-11 07:39:33,925 [pool-37-thread-1] INFO  storage.RaftStorageDirectory (RaftStorageDirectory.java:analyzeStorage(246)) - The storage directory /workdir/hadoop-ozone/integration-test/target/test-dir/MiniOzoneClusterImpl-d0f0e288-b90a-4d92-9473-de78fda8b1d0/datanode-1/data/ratis/fadca5a5-408a-4f72-a4cf-91e122509a7b does not exist. Creating ...
2019-09-11 07:39:33,925 [pool-107-thread-1] INFO  impl.RaftServerImpl (ServerState.java:<init>(103)) - 72bb666e-e114-4432-9598-bd6d136490e0@group-91E122509A7B: ConfigurationManager, init=-1: [72bb666e-e114-4432-9598-bd6d136490e0:192.168.34.12:43357, 4bd38775-382d-4c4f-9f91-7366b5492a1e:192.168.34.12:33350, 48982da4-f995-48e9-b2c1-a2ad51cb7376:192.168.34.12:39508], old=null, confs=<EMPTY_MAP>
2019-09-11 07:39:33,925 [pool-47-thread-1] INFO  impl.RaftServerImpl (RaftServerImpl.java:<init>(95)) - 48982da4-f995-48e9-b2c1-a2ad51cb7376: new RaftServerImpl for group-91E122509A7B:[72bb666e-e114-4432-9598-bd6d136490e0:192.168.34.12:43357, 4bd38775-382d-4c4f-9f91-7366b5492a1e:192.168.34.12:33350, 48982da4-f995-48e9-b2c1-a2ad51cb7376:192.168.34.12:39508] with ContainerStateMachine:uninitialized
2019-09-11 07:39:33,925 [pool-107-thread-1] INFO  server.RaftServerConfigKeys (ConfUtils.java:logGet(43)) - raft.server.storage.dir = [/workdir/hadoop-ozone/integration-test/target/test-dir/MiniOzoneClusterImpl-d0f0e288-b90a-4d92-9473-de78fda8b1d0/datanode-8/data/ratis] (custom)
2019-09-11 07:39:33,925 [pool-47-thread-1] INFO  server.RaftServerConfigKeys (ConfUtils.java:logGet(43)) - raft.server.rpc.timeout.min = 1s (custom)
2019-09-11 07:39:33,925 [pool-107-thread-1] INFO  storage.RaftStorageDirectory (RaftStorageDirectory.java:analyzeStorage(246)) - The storage directory /workdir/hadoop-ozone/integration-test/target/test-dir/MiniOzoneClusterImpl-d0f0e288-b90a-4d92-9473-de78fda8b1d0/datanode-8/data/ratis/fadca5a5-408a-4f72-a4cf-91e122509a7b does not exist. Creating ...
2019-09-11 07:39:33,925 [pool-47-thread-1] INFO  server.RaftServerConfigKeys (ConfUtils.java:logGet(43)) - raft.server.rpc.timeout.max = 1200ms (custom)
2019-09-11 07:39:33,926 [pool-47-thread-1] INFO  server.RaftServerConfigKeys (ConfUtils.java:logGet(43)) - raft.server.rpcslowness.timeout = 120s (custom)
2019-09-11 07:39:33,926 [pool-47-thread-1] INFO  server.RaftServerConfigKeys (ConfUtils.java:logGet(43)) - raft.server.sleep.deviation.threshold = 300 (default)
2019-09-11 07:39:33,926 [pool-47-thread-1] INFO  server.RaftServerConfigKeys (ConfUtils.java:logGet(43)) - raft.server.log.appender.install.snapshot.enabled = false (custom)
2019-09-11 07:39:33,926 [pool-47-thread-1] INFO  impl.RaftServerImpl (ServerState.java:<init>(103)) - 48982da4-f995-48e9-b2c1-a2ad51cb7376@group-91E122509A7B: ConfigurationManager, init=-1: [72bb666e-e114-4432-9598-bd6d136490e0:192.168.34.12:43357, 4bd38775-382d-4c4f-9f91-7366b5492a1e:192.168.34.12:33350, 48982da4-f995-48e9-b2c1-a2ad51cb7376:192.168.34.12:39508], old=null, confs=<EMPTY_MAP>
2019-09-11 07:39:33,926 [pool-47-thread-1] INFO  server.RaftServerConfigKeys (ConfUtils.java:logGet(43)) - raft.server.storage.dir = [/workdir/hadoop-ozone/integration-test/target/test-dir/MiniOzoneClusterImpl-d0f0e288-b90a-4d92-9473-de78fda8b1d0/datanode-2/data/ratis] (custom)
2019-09-11 07:39:33,927 [pool-47-thread-1] INFO  storage.RaftStorageDirectory (RaftStorageDirectory.java:analyzeStorage(246)) - The storage directory /workdir/hadoop-ozone/integration-test/target/test-dir/MiniOzoneClusterImpl-d0f0e288-b90a-4d92-9473-de78fda8b1d0/datanode-2/data/ratis/fadca5a5-408a-4f72-a4cf-91e122509a7b does not exist. Creating ...
2019-09-11 07:39:33,939 [pool-107-thread-1] INFO  storage.RaftStorageDirectory (RaftStorageDirectory.java:tryLock(328)) - Lock on /workdir/hadoop-ozone/integration-test/target/test-dir/MiniOzoneClusterImpl-d0f0e288-b90a-4d92-9473-de78fda8b1d0/datanode-8/data/ratis/fadca5a5-408a-4f72-a4cf-91e122509a7b/in_use.lock acquired by nodename 10521@pr-hdds-2106-8t9qr-763259812
2019-09-11 07:39:33,939 [pool-47-thread-1] INFO  storage.RaftStorageDirectory (RaftStorageDirectory.java:tryLock(328)) - Lock on /workdir/hadoop-ozone/integration-test/target/test-dir/MiniOzoneClusterImpl-d0f0e288-b90a-4d92-9473-de78fda8b1d0/datanode-2/data/ratis/fadca5a5-408a-4f72-a4cf-91e122509a7b/in_use.lock acquired by nodename 10521@pr-hdds-2106-8t9qr-763259812
2019-09-11 07:39:33,939 [pool-37-thread-1] INFO  storage.RaftStorageDirectory (RaftStorageDirectory.java:tryLock(328)) - Lock on /workdir/hadoop-ozone/integration-test/target/test-dir/MiniOzoneClusterImpl-d0f0e288-b90a-4d92-9473-de78fda8b1d0/datanode-1/data/ratis/fadca5a5-408a-4f72-a4cf-91e122509a7b/in_use.lock acquired by nodename 10521@pr-hdds-2106-8t9qr-763259812
2019-09-11 07:39:33,955 [pool-47-thread-1] INFO  storage.RaftStorage (RaftStorage.java:format(72)) - Storage directory /workdir/hadoop-ozone/integration-test/target/test-dir/MiniOzoneClusterImpl-d0f0e288-b90a-4d92-9473-de78fda8b1d0/datanode-2/data/ratis/fadca5a5-408a-4f72-a4cf-91e122509a7b has been successfully formatted.
2019-09-11 07:39:33,955 [pool-107-thread-1] INFO  storage.RaftStorage (RaftStorage.java:format(72)) - Storage directory /workdir/hadoop-ozone/integration-test/target/test-dir/MiniOzoneClusterImpl-d0f0e288-b90a-4d92-9473-de78fda8b1d0/datanode-8/data/ratis/fadca5a5-408a-4f72-a4cf-91e122509a7b has been successfully formatted.
2019-09-11 07:39:33,955 [pool-37-thread-1] INFO  storage.RaftStorage (RaftStorage.java:format(72)) - Storage directory /workdir/hadoop-ozone/integration-test/target/test-dir/MiniOzoneClusterImpl-d0f0e288-b90a-4d92-9473-de78fda8b1d0/datanode-1/data/ratis/fadca5a5-408a-4f72-a4cf-91e122509a7b has been successfully formatted.
2019-09-11 07:39:33,956 [pool-47-thread-1] INFO  ratis.ContainerStateMachine (ContainerStateMachine.java:loadSnapshot(230)) - group-91E122509A7B: The snapshot info is null. Setting the last applied indexto:(t:0, i:~)
2019-09-11 07:39:33,956 [pool-37-thread-1] INFO  ratis.ContainerStateMachine (ContainerStateMachine.java:loadSnapshot(230)) - group-91E122509A7B: The snapshot info is null. Setting the last applied indexto:(t:0, i:~)
2019-09-11 07:39:33,956 [pool-47-thread-1] INFO  server.RaftServerConfigKeys (ConfUtils.java:logGet(43)) - raft.server.notification.no-leader.timeout = 120s (custom)
2019-09-11 07:39:33,956 [pool-107-thread-1] INFO  ratis.ContainerStateMachine (ContainerStateMachine.java:loadSnapshot(230)) - group-91E122509A7B: The snapshot info is null. Setting the last applied indexto:(t:0, i:~)
2019-09-11 07:39:33,956 [pool-47-thread-1] INFO  server.RaftServerConfigKeys (ConfUtils.java:logGet(43)) - raft.server.log.use.memory = false (default)
2019-09-11 07:39:33,956 [pool-37-thread-1] INFO  server.RaftServerConfigKeys (ConfUtils.java:logGet(43)) - raft.server.notification.no-leader.timeout = 120s (custom)
2019-09-11 07:39:33,956 [pool-47-thread-1] INFO  server.RaftServerConfigKeys (ConfUtils.java:logGet(43)) - raft.server.log.purge.gap = 1000000 (custom)
2019-09-11 07:39:33,956 [pool-107-thread-1] INFO  server.RaftServerConfigKeys (ConfUtils.java:logGet(43)) - raft.server.notification.no-leader.timeout = 120s (custom)
2019-09-11 07:39:33,956 [pool-47-thread-1] INFO  server.RaftServerConfigKeys (ConfUtils.java:logGet(43)) - raft.server.log.appender.buffer.byte-limit = 33554432 (custom)
2019-09-11 07:39:33,956 [pool-37-thread-1] INFO  server.RaftServerConfigKeys (ConfUtils.java:logGet(43)) - raft.server.log.use.memory = false (default)
2019-09-11 07:39:33,957 [pool-47-thread-1] INFO  server.RaftServerConfigKeys (ConfUtils.java:logGet(43)) - raft.server.log.segment.size.max = 1048576 (custom)
2019-09-11 07:39:33,957 [pool-107-thread-1] INFO  server.RaftServerConfigKeys (ConfUtils.java:logGet(43)) - raft.server.log.use.memory = false (default)
2019-09-11 07:39:33,957 [pool-47-thread-1] INFO  server.RaftServerConfigKeys (ConfUtils.java:logGet(43)) - raft.server.log.segment.cache.num.max = 2 (custom)
2019-09-11 07:39:33,957 [pool-37-thread-1] INFO  server.RaftServerConfigKeys (ConfUtils.java:logGet(43)) - raft.server.log.purge.gap = 1000000 (custom)
2019-09-11 07:39:33,957 [pool-47-thread-1] INFO  segmented.SegmentedRaftLogWorker (SegmentedRaftLogWorker.java:<init>(172)) - new 48982da4-f995-48e9-b2c1-a2ad51cb7376@group-91E122509A7B-SegmentedRaftLogWorker for RaftStorage:Storage Directory /workdir/hadoop-ozone/integration-test/target/test-dir/MiniOzoneClusterImpl-d0f0e288-b90a-4d92-9473-de78fda8b1d0/datanode-2/data/ratis/fadca5a5-408a-4f72-a4cf-91e122509a7b
2019-09-11 07:39:33,957 [pool-107-thread-1] INFO  server.RaftServerConfigKeys (ConfUtils.java:logGet(43)) - raft.server.log.purge.gap = 1000000 (custom)
2019-09-11 07:39:33,957 [pool-47-thread-1] INFO  server.RaftServerConfigKeys (ConfUtils.java:logGet(43)) - raft.server.log.queue.byte-limit = 2147483647 (custom)
2019-09-11 07:39:33,957 [pool-37-thread-1] INFO  server.RaftServerConfigKeys (ConfUtils.java:logGet(43)) - raft.server.log.appender.buffer.byte-limit = 33554432 (custom)
2019-09-11 07:39:33,958 [pool-47-thread-1] INFO  server.RaftServerConfigKeys (ConfUtils.java:logGet(43)) - raft.server.log.queue.element-limit = 1024 (custom)
2019-09-11 07:39:33,957 [pool-107-thread-1] INFO  server.RaftServerConfigKeys (ConfUtils.java:logGet(43)) - raft.server.log.appender.buffer.byte-limit = 33554432 (custom)
2019-09-11 07:39:33,958 [pool-47-thread-1] INFO  server.RaftServerConfigKeys (ConfUtils.java:logGet(43)) - raft.server.log.segment.size.max = 1048576 (custom)
2019-09-11 07:39:33,958 [pool-37-thread-1] INFO  server.RaftServerConfigKeys (ConfUtils.java:logGet(43)) - raft.server.log.segment.size.max = 1048576 (custom)
2019-09-11 07:39:33,958 [pool-47-thread-1] INFO  server.RaftServerConfigKeys (ConfUtils.java:logGet(43)) - raft.server.log.preallocated.size = 16384 (custom)
2019-09-11 07:39:33,958 [pool-107-thread-1] INFO  server.RaftServerConfigKeys (ConfUtils.java:logGet(43)) - raft.server.log.segment.size.max = 1048576 (custom)
2019-09-11 07:39:33,961 [pool-47-thread-1] INFO  server.RaftServerConfigKeys (ConfUtils.java:logGet(43)) - raft.server.log.write.buffer.size = 33554432 (custom)
2019-09-11 07:39:33,961 [pool-37-thread-1] INFO  server.RaftServerConfigKeys (ConfUtils.java:logGet(43)) - raft.server.log.segment.cache.num.max = 2 (custom)
2019-09-11 07:39:33,961 [pool-47-thread-1] INFO  server.RaftServerConfigKeys (ConfUtils.java:logGet(43)) - raft.server.log.force.sync.num = 128 (default)
2019-09-11 07:39:33,961 [pool-107-thread-1] INFO  server.RaftServerConfigKeys (ConfUtils.java:logGet(43)) - raft.server.log.segment.cache.num.max = 2 (custom)
2019-09-11 07:39:33,961 [pool-47-thread-1] INFO  server.RaftServerConfigKeys (ConfUtils.java:logGet(43)) - raft.server.log.statemachine.data.sync = true (default)
2019-09-11 07:39:33,961 [pool-37-thread-1] INFO  segmented.SegmentedRaftLogWorker (SegmentedRaftLogWorker.java:<init>(172)) - new 4bd38775-382d-4c4f-9f91-7366b5492a1e@group-91E122509A7B-SegmentedRaftLogWorker for RaftStorage:Storage Directory /workdir/hadoop-ozone/integration-test/target/test-dir/MiniOzoneClusterImpl-d0f0e288-b90a-4d92-9473-de78fda8b1d0/datanode-1/data/ratis/fadca5a5-408a-4f72-a4cf-91e122509a7b
2019-09-11 07:39:33,961 [pool-47-thread-1] INFO  server.RaftServerConfigKeys (ConfUtils.java:logGet(43)) - raft.server.log.statemachine.data.sync.timeout = 10s (default)
2019-09-11 07:39:33,961 [pool-107-thread-1] INFO  segmented.SegmentedRaftLogWorker (SegmentedRaftLogWorker.java:<init>(172)) - new 72bb666e-e114-4432-9598-bd6d136490e0@group-91E122509A7B-SegmentedRaftLogWorker for RaftStorage:Storage Directory /workdir/hadoop-ozone/integration-test/target/test-dir/MiniOzoneClusterImpl-d0f0e288-b90a-4d92-9473-de78fda8b1d0/datanode-8/data/ratis/fadca5a5-408a-4f72-a4cf-91e122509a7b
2019-09-11 07:39:33,962 [pool-47-thread-1] INFO  server.RaftServerConfigKeys (ConfUtils.java:logGet(43)) - raft.server.log.statemachine.data.sync.timeout.retry = -1 (default)
2019-09-11 07:39:33,962 [pool-37-thread-1] INFO  server.RaftServerConfigKeys (ConfUtils.java:logGet(43)) - raft.server.log.queue.byte-limit = 2147483647 (custom)
2019-09-11 07:39:33,962 [pool-107-thread-1] INFO  server.RaftServerConfigKeys (ConfUtils.java:logGet(43)) - raft.server.log.queue.byte-limit = 2147483647 (custom)
2019-09-11 07:39:33,962 [pool-37-thread-1] INFO  server.RaftServerConfigKeys (ConfUtils.java:logGet(43)) - raft.server.log.queue.element-limit = 1024 (custom)
2019-09-11 07:39:33,962 [pool-47-thread-1] INFO  server.RaftServerConfigKeys (ConfUtils.java:logGet(43)) - raft.server.log.statemachine.data.caching.enabled = true (custom)
2019-09-11 07:39:33,962 [pool-37-thread-1] INFO  server.RaftServerConfigKeys (ConfUtils.java:logGet(43)) - raft.server.log.segment.size.max = 1048576 (custom)
2019-09-11 07:39:33,962 [pool-107-thread-1] INFO  server.RaftServerConfigKeys (ConfUtils.java:logGet(43)) - raft.server.log.queue.element-limit = 1024 (custom)
2019-09-11 07:39:33,962 [pool-37-thread-1] INFO  server.RaftServerConfigKeys (ConfUtils.java:logGet(43)) - raft.server.log.preallocated.size = 16384 (custom)
2019-09-11 07:39:33,962 [pool-107-thread-1] INFO  server.RaftServerConfigKeys (ConfUtils.java:logGet(43)) - raft.server.log.segment.size.max = 1048576 (custom)
2019-09-11 07:39:33,962 [pool-47-thread-1] INFO  segmented.SegmentedRaftLogWorker (SegmentedRaftLogWorker.java:lambda$new$0(132)) - 48982da4-f995-48e9-b2c1-a2ad51cb7376@group-91E122509A7B-SegmentedRaftLogWorker: flushIndex: setUnconditionally 0 -> -1
2019-09-11 07:39:33,963 [pool-107-thread-1] INFO  server.RaftServerConfigKeys (ConfUtils.java:logGet(43)) - raft.server.log.preallocated.size = 16384 (custom)
2019-09-11 07:39:33,963 [pool-37-thread-1] INFO  server.RaftServerConfigKeys (ConfUtils.java:logGet(43)) - raft.server.log.write.buffer.size = 33554432 (custom)
2019-09-11 07:39:33,963 [pool-47-thread-1] INFO  server.RaftServerConfigKeys (ConfUtils.java:logGet(43)) - raft.server.snapshot.auto.trigger.enabled = true (custom)
2019-09-11 07:39:33,963 [pool-107-thread-1] INFO  server.RaftServerConfigKeys (ConfUtils.java:logGet(43)) - raft.server.log.write.buffer.size = 33554432 (custom)
2019-09-11 07:39:33,963 [pool-47-thread-1] INFO  server.RaftServerConfigKeys (ConfUtils.java:logGet(43)) - raft.server.snapshot.auto.trigger.threshold = 10000 (custom)
2019-09-11 07:39:33,963 [pool-37-thread-1] INFO  server.RaftServerConfigKeys (ConfUtils.java:logGet(43)) - raft.server.log.force.sync.num = 128 (default)
2019-09-11 07:39:33,963 [pool-47-thread-1] INFO  server.RaftServerConfigKeys (ConfUtils.java:logGet(43)) - raft.server.snapshot.retention.num.files = -1 (default)
2019-09-11 07:39:33,963 [pool-107-thread-1] INFO  server.RaftServerConfigKeys (ConfUtils.java:logGet(43)) - raft.server.log.force.sync.num = 128 (default)
2019-09-11 07:39:33,964 [pool-47-thread-1] INFO  server.RaftServerConfigKeys (ConfUtils.java:logGet(43)) - raft.server.retrycache.expirytime = 600000ms (custom)
2019-09-11 07:39:33,963 [pool-37-thread-1] INFO  server.RaftServerConfigKeys (ConfUtils.java:logGet(43)) - raft.server.log.statemachine.data.sync = true (default)
2019-09-11 07:39:33,964 [pool-107-thread-1] INFO  server.RaftServerConfigKeys (ConfUtils.java:logGet(43)) - raft.server.log.statemachine.data.sync = true (default)
2019-09-11 07:39:33,964 [pool-37-thread-1] INFO  server.RaftServerConfigKeys (ConfUtils.java:logGet(43)) - raft.server.log.statemachine.data.sync.timeout = 10s (default)
2019-09-11 07:39:33,964 [pool-107-thread-1] INFO  server.RaftServerConfigKeys (ConfUtils.java:logGet(43)) - raft.server.log.statemachine.data.sync.timeout = 10s (default)
2019-09-11 07:39:33,964 [pool-37-thread-1] INFO  server.RaftServerConfigKeys (ConfUtils.java:logGet(43)) - raft.server.log.statemachine.data.sync.timeout.retry = -1 (default)
2019-09-11 07:39:33,964 [pool-107-thread-1] INFO  server.RaftServerConfigKeys (ConfUtils.java:logGet(43)) - raft.server.log.statemachine.data.sync.timeout.retry = -1 (default)
2019-09-11 07:39:33,964 [pool-37-thread-1] INFO  server.RaftServerConfigKeys (ConfUtils.java:logGet(43)) - raft.server.log.statemachine.data.caching.enabled = true (custom)
2019-09-11 07:39:33,964 [pool-107-thread-1] INFO  server.RaftServerConfigKeys (ConfUtils.java:logGet(43)) - raft.server.log.statemachine.data.caching.enabled = true (custom)
2019-09-11 07:39:33,965 [pool-37-thread-1] INFO  segmented.SegmentedRaftLogWorker (SegmentedRaftLogWorker.java:lambda$new$0(132)) - 4bd38775-382d-4c4f-9f91-7366b5492a1e@group-91E122509A7B-SegmentedRaftLogWorker: flushIndex: setUnconditionally 0 -> -1
2019-09-11 07:39:33,965 [pool-107-thread-1] INFO  segmented.SegmentedRaftLogWorker (SegmentedRaftLogWorker.java:lambda$new$0(132)) - 72bb666e-e114-4432-9598-bd6d136490e0@group-91E122509A7B-SegmentedRaftLogWorker: flushIndex: setUnconditionally 0 -> -1
2019-09-11 07:39:33,965 [pool-37-thread-1] INFO  server.RaftServerConfigKeys (ConfUtils.java:logGet(43)) - raft.server.snapshot.auto.trigger.enabled = true (custom)
2019-09-11 07:39:33,965 [pool-107-thread-1] INFO  server.RaftServerConfigKeys (ConfUtils.java:logGet(43)) - raft.server.snapshot.auto.trigger.enabled = true (custom)
2019-09-11 07:39:33,965 [pool-37-thread-1] INFO  server.RaftServerConfigKeys (ConfUtils.java:logGet(43)) - raft.server.snapshot.auto.trigger.threshold = 10000 (custom)
2019-09-11 07:39:33,965 [pool-107-thread-1] INFO  server.RaftServerConfigKeys (ConfUtils.java:logGet(43)) - raft.server.snapshot.auto.trigger.threshold = 10000 (custom)
2019-09-11 07:39:33,965 [pool-37-thread-1] INFO  server.RaftServerConfigKeys (ConfUtils.java:logGet(43)) - raft.server.snapshot.retention.num.files = -1 (default)
2019-09-11 07:39:33,965 [pool-107-thread-1] INFO  server.RaftServerConfigKeys (ConfUtils.java:logGet(43)) - raft.server.snapshot.retention.num.files = -1 (default)
2019-09-11 07:39:33,965 [pool-37-thread-1] INFO  server.RaftServerConfigKeys (ConfUtils.java:logGet(43)) - raft.server.retrycache.expirytime = 600000ms (custom)
2019-09-11 07:39:33,966 [pool-107-thread-1] INFO  server.RaftServerConfigKeys (ConfUtils.java:logGet(43)) - raft.server.retrycache.expirytime = 600000ms (custom)
2019-09-11 07:39:33,966 [pool-47-thread-1] INFO  impl.RaftServerImpl (RaftServerImpl.java:start(185)) - 48982da4-f995-48e9-b2c1-a2ad51cb7376@group-91E122509A7B: start as a follower, conf=-1: [72bb666e-e114-4432-9598-bd6d136490e0:192.168.34.12:43357, 4bd38775-382d-4c4f-9f91-7366b5492a1e:192.168.34.12:33350, 48982da4-f995-48e9-b2c1-a2ad51cb7376:192.168.34.12:39508], old=null
2019-09-11 07:39:33,966 [pool-47-thread-1] INFO  impl.RaftServerImpl (RaftServerImpl.java:setRole(174)) - 48982da4-f995-48e9-b2c1-a2ad51cb7376@group-91E122509A7B: changes role from      null to FOLLOWER at term 0 for startAsFollower
2019-09-11 07:39:33,966 [pool-47-thread-1] INFO  impl.RoleInfo (RoleInfo.java:updateAndGet(143)) - 48982da4-f995-48e9-b2c1-a2ad51cb7376: start FollowerState
2019-09-11 07:39:33,967 [pool-47-thread-1] INFO  util.JmxRegister (JmxRegister.java:tryRegister(44)) - Successfully registered JMX Bean with object name Ratis:service=RaftServer,group=group-91E122509A7B,id=48982da4-f995-48e9-b2c1-a2ad51cb7376
2019-09-11 07:39:33,968 [pool-37-thread-1] INFO  impl.RaftServerImpl (RaftServerImpl.java:start(185)) - 4bd38775-382d-4c4f-9f91-7366b5492a1e@group-91E122509A7B: start as a follower, conf=-1: [72bb666e-e114-4432-9598-bd6d136490e0:192.168.34.12:43357, 4bd38775-382d-4c4f-9f91-7366b5492a1e:192.168.34.12:33350, 48982da4-f995-48e9-b2c1-a2ad51cb7376:192.168.34.12:39508], old=null
2019-09-11 07:39:33,968 [pool-37-thread-1] INFO  impl.RaftServerImpl (RaftServerImpl.java:setRole(174)) - 4bd38775-382d-4c4f-9f91-7366b5492a1e@group-91E122509A7B: changes role from      null to FOLLOWER at term 0 for startAsFollower
2019-09-11 07:39:33,968 [pool-107-thread-1] INFO  impl.RaftServerImpl (RaftServerImpl.java:start(185)) - 72bb666e-e114-4432-9598-bd6d136490e0@group-91E122509A7B: start as a follower, conf=-1: [72bb666e-e114-4432-9598-bd6d136490e0:192.168.34.12:43357, 4bd38775-382d-4c4f-9f91-7366b5492a1e:192.168.34.12:33350, 48982da4-f995-48e9-b2c1-a2ad51cb7376:192.168.34.12:39508], old=null
2019-09-11 07:39:33,968 [pool-37-thread-1] INFO  impl.RoleInfo (RoleInfo.java:updateAndGet(143)) - 4bd38775-382d-4c4f-9f91-7366b5492a1e: start FollowerState
2019-09-11 07:39:33,968 [pool-107-thread-1] INFO  impl.RaftServerImpl (RaftServerImpl.java:setRole(174)) - 72bb666e-e114-4432-9598-bd6d136490e0@group-91E122509A7B: changes role from      null to FOLLOWER at term 0 for startAsFollower
2019-09-11 07:39:33,973 [pool-107-thread-1] INFO  impl.RoleInfo (RoleInfo.java:updateAndGet(143)) - 72bb666e-e114-4432-9598-bd6d136490e0: start FollowerState
2019-09-11 07:39:33,971 [Thread-288] INFO  impl.FollowerState (FollowerState.java:run(106)) - 48982da4-f995-48e9-b2c1-a2ad51cb7376:group-7D50ECD9C74E changes to CANDIDATE, lastRpcTime:1098, electionTimeout:1095ms
2019-09-11 07:39:33,973 [pool-107-thread-1] INFO  util.JmxRegister (JmxRegister.java:tryRegister(44)) - Successfully registered JMX Bean with object name Ratis:service=RaftServer,group=group-91E122509A7B,id=72bb666e-e114-4432-9598-bd6d136490e0
2019-09-11 07:39:33,973 [Thread-288] INFO  impl.RoleInfo (RoleInfo.java:shutdownFollowerState(121)) - 48982da4-f995-48e9-b2c1-a2ad51cb7376: shutdown FollowerState
2019-09-11 07:39:33,973 [pool-37-thread-1] INFO  util.JmxRegister (JmxRegister.java:tryRegister(44)) - Successfully registered JMX Bean with object name Ratis:service=RaftServer,group=group-91E122509A7B,id=4bd38775-382d-4c4f-9f91-7366b5492a1e
2019-09-11 07:39:33,974 [Thread-288] INFO  impl.RaftServerImpl (RaftServerImpl.java:setRole(174)) - 48982da4-f995-48e9-b2c1-a2ad51cb7376@group-7D50ECD9C74E: changes role from  FOLLOWER to CANDIDATE at term 0 for changeToCandidate
2019-09-11 07:39:33,976 [Thread-288] INFO  impl.RoleInfo (RoleInfo.java:updateAndGet(143)) - 48982da4-f995-48e9-b2c1-a2ad51cb7376: start LeaderElection
2019-09-11 07:39:33,996 [48982da4-f995-48e9-b2c1-a2ad51cb7376@group-7D50ECD9C74E:LeaderElection2] INFO  impl.LeaderElection (LeaderElection.java:askForVotes(182)) - 48982da4-f995-48e9-b2c1-a2ad51cb7376@group-7D50ECD9C74E:LeaderElection2: begin an election at term 1 for -1: [48982da4-f995-48e9-b2c1-a2ad51cb7376:192.168.34.12:39508], old=null
2019-09-11 07:39:33,998 [48982da4-f995-48e9-b2c1-a2ad51cb7376@group-7D50ECD9C74E:LeaderElection2] INFO  impl.RoleInfo (RoleInfo.java:shutdownLeaderElection(134)) - 48982da4-f995-48e9-b2c1-a2ad51cb7376: shutdown LeaderElection
2019-09-11 07:39:34,002 [48982da4-f995-48e9-b2c1-a2ad51cb7376@group-7D50ECD9C74E:LeaderElection2] INFO  impl.RaftServerImpl (RaftServerImpl.java:setRole(174)) - 48982da4-f995-48e9-b2c1-a2ad51cb7376@group-7D50ECD9C74E: changes role from CANDIDATE to LEADER at term 1 for changeToLeader
2019-09-11 07:39:34,004 [48982da4-f995-48e9-b2c1-a2ad51cb7376@group-7D50ECD9C74E:LeaderElection2] INFO  impl.RaftServerImpl (ServerState.java:setLeader(253)) - 48982da4-f995-48e9-b2c1-a2ad51cb7376@group-7D50ECD9C74E: change Leader from null to 48982da4-f995-48e9-b2c1-a2ad51cb7376 at term 1 for becomeLeader, leader elected after 1153ms
2019-09-11 07:39:34,004 [48982da4-f995-48e9-b2c1-a2ad51cb7376@group-7D50ECD9C74E:LeaderElection2] INFO  server.RaftServerConfigKeys (ConfUtils.java:logGet(43)) - raft.server.staging.catchup.gap = 1000 (default)
2019-09-11 07:39:34,006 [48982da4-f995-48e9-b2c1-a2ad51cb7376@group-7D50ECD9C74E:LeaderElection2] INFO  server.RaftServerConfigKeys (ConfUtils.java:logGet(43)) - raft.server.rpc.sleep.time = 25ms (default)
2019-09-11 07:39:34,006 [48982da4-f995-48e9-b2c1-a2ad51cb7376@group-7D50ECD9C74E:LeaderElection2] INFO  server.RaftServerConfigKeys (ConfUtils.java:logGet(43)) - raft.server.write.element-limit = 4096 (default)
2019-09-11 07:39:34,006 [48982da4-f995-48e9-b2c1-a2ad51cb7376@group-7D50ECD9C74E:LeaderElection2] INFO  server.RaftServerConfigKeys (ConfUtils.java:logGet(43)) - raft.server.watch.timeout = 10s (default)
2019-09-11 07:39:34,006 [48982da4-f995-48e9-b2c1-a2ad51cb7376@group-7D50ECD9C74E:LeaderElection2] INFO  server.RaftServerConfigKeys (ConfUtils.java:logGet(43)) - raft.server.watch.timeout.denomination = 1s (default)
2019-09-11 07:39:34,006 [RatisPipelineUtilsThread] INFO  pipeline.PipelineStateManager (PipelineStateManager.java:addPipeline(56)) - Created pipeline Pipeline[ Id: fadca5a5-408a-4f72-a4cf-91e122509a7b, Nodes: 48982da4-f995-48e9-b2c1-a2ad51cb7376{ip: 192.168.34.12, host: pr-hdds-2106-8t9qr-763259812, networkLocation: /default-rack, certSerialId: null}72bb666e-e114-4432-9598-bd6d136490e0{ip: 192.168.34.12, host: pr-hdds-2106-8t9qr-763259812, networkLocation: /default-rack, certSerialId: null}4bd38775-382d-4c4f-9f91-7366b5492a1e{ip: 192.168.34.12, host: pr-hdds-2106-8t9qr-763259812, networkLocation: /default-rack, certSerialId: null}, Type:RATIS, Factor:THREE, State:OPEN]
2019-09-11 07:39:34,006 [48982da4-f995-48e9-b2c1-a2ad51cb7376@group-7D50ECD9C74E:LeaderElection2] INFO  server.RaftServerConfigKeys (ConfUtils.java:logGet(43)) - raft.server.watch.element-limit = 65536 (default)
2019-09-11 07:39:34,018 [48982da4-f995-48e9-b2c1-a2ad51cb7376@group-7D50ECD9C74E:LeaderElection2] INFO  impl.RoleInfo (RoleInfo.java:updateAndGet(143)) - 48982da4-f995-48e9-b2c1-a2ad51cb7376: start LeaderState
2019-09-11 07:39:34,018 [48982da4-f995-48e9-b2c1-a2ad51cb7376@group-7D50ECD9C74E:LeaderElection2] INFO  segmented.SegmentedRaftLogWorker (SegmentedRaftLogWorker.java:startLogSegment(380)) - 48982da4-f995-48e9-b2c1-a2ad51cb7376@group-7D50ECD9C74E-SegmentedRaftLogWorker: Starting segment from index:0
2019-09-11 07:39:34,022 [48982da4-f995-48e9-b2c1-a2ad51cb7376@group-7D50ECD9C74E:LeaderElection2] INFO  impl.RaftServerImpl (ServerState.java:setRaftConf(354)) - 48982da4-f995-48e9-b2c1-a2ad51cb7376@group-7D50ECD9C74E: set configuration 0: [48982da4-f995-48e9-b2c1-a2ad51cb7376:192.168.34.12:39508], old=null at 0
2019-09-11 07:39:34,032 [grpc-default-executor-0] INFO  impl.RaftServerProxy (RaftServerProxy.java:addNew(89)) - 7366865a-3ccb-4fea-a2e2-b7a0314f55f5: addNew group-0D0617E48045:[a1a3d5df-f415-4291-8622-8b18f7b50573:192.168.34.12:41207, 36be1d2c-b8e7-4a5e-9c9f-c881d55a8c5a:192.168.34.12:36299, 7366865a-3ccb-4fea-a2e2-b7a0314f55f5:192.168.34.12:39985] returns group-0D0617E48045:java.util.concurrent.CompletableFuture@2a969f4d[Not completed]
2019-09-11 07:39:34,036 [grpc-default-executor-1] INFO  impl.RaftServerProxy (RaftServerProxy.java:addNew(89)) - a1a3d5df-f415-4291-8622-8b18f7b50573: addNew group-0D0617E48045:[a1a3d5df-f415-4291-8622-8b18f7b50573:192.168.34.12:41207, 36be1d2c-b8e7-4a5e-9c9f-c881d55a8c5a:192.168.34.12:36299, 7366865a-3ccb-4fea-a2e2-b7a0314f55f5:192.168.34.12:39985] returns group-0D0617E48045:java.util.concurrent.CompletableFuture@6f85b987[Not completed]
2019-09-11 07:39:34,036 [grpc-default-executor-2] INFO  impl.RaftServerProxy (RaftServerProxy.java:addNew(89)) - 36be1d2c-b8e7-4a5e-9c9f-c881d55a8c5a: addNew group-0D0617E48045:[a1a3d5df-f415-4291-8622-8b18f7b50573:192.168.34.12:41207, 36be1d2c-b8e7-4a5e-9c9f-c881d55a8c5a:192.168.34.12:36299, 7366865a-3ccb-4fea-a2e2-b7a0314f55f5:192.168.34.12:39985] returns group-0D0617E48045:java.util.concurrent.CompletableFuture@5d4b3c96[Not completed]
2019-09-11 07:39:34,037 [pool-97-thread-1] INFO  impl.RaftServerImpl (RaftServerImpl.java:<init>(95)) - 7366865a-3ccb-4fea-a2e2-b7a0314f55f5: new RaftServerImpl for group-0D0617E48045:[a1a3d5df-f415-4291-8622-8b18f7b50573:192.168.34.12:41207, 36be1d2c-b8e7-4a5e-9c9f-c881d55a8c5a:192.168.34.12:36299, 7366865a-3ccb-4fea-a2e2-b7a0314f55f5:192.168.34.12:39985] with ContainerStateMachine:uninitialized
2019-09-11 07:39:34,037 [pool-97-thread-1] INFO  server.RaftServerConfigKeys (ConfUtils.java:logGet(43)) - raft.server.rpc.timeout.min = 1s (custom)
2019-09-11 07:39:34,037 [pool-97-thread-1] INFO  server.RaftServerConfigKeys (ConfUtils.java:logGet(43)) - raft.server.rpc.timeout.max = 1200ms (custom)
2019-09-11 07:39:34,037 [pool-97-thread-1] INFO  server.RaftServerConfigKeys (ConfUtils.java:logGet(43)) - raft.server.rpcslowness.timeout = 120s (custom)
2019-09-11 07:39:34,037 [pool-97-thread-1] INFO  server.RaftServerConfigKeys (ConfUtils.java:logGet(43)) - raft.server.sleep.deviation.threshold = 300 (default)
2019-09-11 07:39:34,037 [pool-97-thread-1] INFO  server.RaftServerConfigKeys (ConfUtils.java:logGet(43)) - raft.server.log.appender.install.snapshot.enabled = false (custom)
2019-09-11 07:39:34,037 [pool-97-thread-1] INFO  impl.RaftServerImpl (ServerState.java:<init>(103)) - 7366865a-3ccb-4fea-a2e2-b7a0314f55f5@group-0D0617E48045: ConfigurationManager, init=-1: [a1a3d5df-f415-4291-8622-8b18f7b50573:192.168.34.12:41207, 36be1d2c-b8e7-4a5e-9c9f-c881d55a8c5a:192.168.34.12:36299, 7366865a-3ccb-4fea-a2e2-b7a0314f55f5:192.168.34.12:39985], old=null, confs=<EMPTY_MAP>
2019-09-11 07:39:34,037 [pool-27-thread-1] INFO  impl.RaftServerImpl (RaftServerImpl.java:<init>(95)) - 36be1d2c-b8e7-4a5e-9c9f-c881d55a8c5a: new RaftServerImpl for group-0D0617E48045:[a1a3d5df-f415-4291-8622-8b18f7b50573:192.168.34.12:41207, 36be1d2c-b8e7-4a5e-9c9f-c881d55a8c5a:192.168.34.12:36299, 7366865a-3ccb-4fea-a2e2-b7a0314f55f5:192.168.34.12:39985] with ContainerStateMachine:uninitialized
2019-09-11 07:39:34,038 [pool-97-thread-1] INFO  server.RaftServerConfigKeys (ConfUtils.java:logGet(43)) - raft.server.storage.dir = [/workdir/hadoop-ozone/integration-test/target/test-dir/MiniOzoneClusterImpl-d0f0e288-b90a-4d92-9473-de78fda8b1d0/datanode-7/data/ratis] (custom)
2019-09-11 07:39:34,038 [pool-27-thread-1] INFO  server.RaftServerConfigKeys (ConfUtils.java:logGet(43)) - raft.server.rpc.timeout.min = 1s (custom)
2019-09-11 07:39:34,038 [pool-27-thread-1] INFO  server.RaftServerConfigKeys (ConfUtils.java:logGet(43)) - raft.server.rpc.timeout.max = 1200ms (custom)
2019-09-11 07:39:34,038 [pool-27-thread-1] INFO  server.RaftServerConfigKeys (ConfUtils.java:logGet(43)) - raft.server.rpcslowness.timeout = 120s (custom)
2019-09-11 07:39:34,038 [pool-97-thread-1] INFO  storage.RaftStorageDirectory (RaftStorageDirectory.java:analyzeStorage(246)) - The storage directory /workdir/hadoop-ozone/integration-test/target/test-dir/MiniOzoneClusterImpl-d0f0e288-b90a-4d92-9473-de78fda8b1d0/datanode-7/data/ratis/e3102112-5d56-4448-b7ef-0d0617e48045 does not exist. Creating ...
2019-09-11 07:39:34,038 [pool-87-thread-1] INFO  impl.RaftServerImpl (RaftServerImpl.java:<init>(95)) - a1a3d5df-f415-4291-8622-8b18f7b50573: new RaftServerImpl for group-0D0617E48045:[a1a3d5df-f415-4291-8622-8b18f7b50573:192.168.34.12:41207, 36be1d2c-b8e7-4a5e-9c9f-c881d55a8c5a:192.168.34.12:36299, 7366865a-3ccb-4fea-a2e2-b7a0314f55f5:192.168.34.12:39985] with ContainerStateMachine:uninitialized
2019-09-11 07:39:34,038 [pool-27-thread-1] INFO  server.RaftServerConfigKeys (ConfUtils.java:logGet(43)) - raft.server.sleep.deviation.threshold = 300 (default)
2019-09-11 07:39:34,038 [pool-87-thread-1] INFO  server.RaftServerConfigKeys (ConfUtils.java:logGet(43)) - raft.server.rpc.timeout.min = 1s (custom)
2019-09-11 07:39:34,038 [pool-27-thread-1] INFO  server.RaftServerConfigKeys (ConfUtils.java:logGet(43)) - raft.server.log.appender.install.snapshot.enabled = false (custom)
2019-09-11 07:39:34,038 [pool-87-thread-1] INFO  server.RaftServerConfigKeys (ConfUtils.java:logGet(43)) - raft.server.rpc.timeout.max = 1200ms (custom)
2019-09-11 07:39:34,039 [pool-27-thread-1] INFO  impl.RaftServerImpl (ServerState.java:<init>(103)) - 36be1d2c-b8e7-4a5e-9c9f-c881d55a8c5a@group-0D0617E48045: ConfigurationManager, init=-1: [a1a3d5df-f415-4291-8622-8b18f7b50573:192.168.34.12:41207, 36be1d2c-b8e7-4a5e-9c9f-c881d55a8c5a:192.168.34.12:36299, 7366865a-3ccb-4fea-a2e2-b7a0314f55f5:192.168.34.12:39985], old=null, confs=<EMPTY_MAP>
2019-09-11 07:39:34,039 [pool-87-thread-1] INFO  server.RaftServerConfigKeys (ConfUtils.java:logGet(43)) - raft.server.rpcslowness.timeout = 120s (custom)
2019-09-11 07:39:34,039 [pool-27-thread-1] INFO  server.RaftServerConfigKeys (ConfUtils.java:logGet(43)) - raft.server.storage.dir = [/workdir/hadoop-ozone/integration-test/target/test-dir/MiniOzoneClusterImpl-d0f0e288-b90a-4d92-9473-de78fda8b1d0/datanode-0/data/ratis] (custom)
2019-09-11 07:39:34,039 [pool-87-thread-1] INFO  server.RaftServerConfigKeys (ConfUtils.java:logGet(43)) - raft.server.sleep.deviation.threshold = 300 (default)
2019-09-11 07:39:34,039 [pool-87-thread-1] INFO  server.RaftServerConfigKeys (ConfUtils.java:logGet(43)) - raft.server.log.appender.install.snapshot.enabled = false (custom)
2019-09-11 07:39:34,039 [pool-27-thread-1] INFO  storage.RaftStorageDirectory (RaftStorageDirectory.java:analyzeStorage(246)) - The storage directory /workdir/hadoop-ozone/integration-test/target/test-dir/MiniOzoneClusterImpl-d0f0e288-b90a-4d92-9473-de78fda8b1d0/datanode-0/data/ratis/e3102112-5d56-4448-b7ef-0d0617e48045 does not exist. Creating ...
2019-09-11 07:39:34,039 [pool-87-thread-1] INFO  impl.RaftServerImpl (ServerState.java:<init>(103)) - a1a3d5df-f415-4291-8622-8b18f7b50573@group-0D0617E48045: ConfigurationManager, init=-1: [a1a3d5df-f415-4291-8622-8b18f7b50573:192.168.34.12:41207, 36be1d2c-b8e7-4a5e-9c9f-c881d55a8c5a:192.168.34.12:36299, 7366865a-3ccb-4fea-a2e2-b7a0314f55f5:192.168.34.12:39985], old=null, confs=<EMPTY_MAP>
2019-09-11 07:39:34,039 [pool-87-thread-1] INFO  server.RaftServerConfigKeys (ConfUtils.java:logGet(43)) - raft.server.storage.dir = [/workdir/hadoop-ozone/integration-test/target/test-dir/MiniOzoneClusterImpl-d0f0e288-b90a-4d92-9473-de78fda8b1d0/datanode-6/data/ratis] (custom)
2019-09-11 07:39:34,039 [pool-87-thread-1] INFO  storage.RaftStorageDirectory (RaftStorageDirectory.java:analyzeStorage(246)) - The storage directory /workdir/hadoop-ozone/integration-test/target/test-dir/MiniOzoneClusterImpl-d0f0e288-b90a-4d92-9473-de78fda8b1d0/datanode-6/data/ratis/e3102112-5d56-4448-b7ef-0d0617e48045 does not exist. Creating ...
2019-09-11 07:39:34,052 [pool-27-thread-1] INFO  storage.RaftStorageDirectory (RaftStorageDirectory.java:tryLock(328)) - Lock on /workdir/hadoop-ozone/integration-test/target/test-dir/MiniOzoneClusterImpl-d0f0e288-b90a-4d92-9473-de78fda8b1d0/datanode-0/data/ratis/e3102112-5d56-4448-b7ef-0d0617e48045/in_use.lock acquired by nodename 10521@pr-hdds-2106-8t9qr-763259812
2019-09-11 07:39:34,052 [pool-87-thread-1] INFO  storage.RaftStorageDirectory (RaftStorageDirectory.java:tryLock(328)) - Lock on /workdir/hadoop-ozone/integration-test/target/test-dir/MiniOzoneClusterImpl-d0f0e288-b90a-4d92-9473-de78fda8b1d0/datanode-6/data/ratis/e3102112-5d56-4448-b7ef-0d0617e48045/in_use.lock acquired by nodename 10521@pr-hdds-2106-8t9qr-763259812
2019-09-11 07:39:34,052 [pool-97-thread-1] INFO  storage.RaftStorageDirectory (RaftStorageDirectory.java:tryLock(328)) - Lock on /workdir/hadoop-ozone/integration-test/target/test-dir/MiniOzoneClusterImpl-d0f0e288-b90a-4d92-9473-de78fda8b1d0/datanode-7/data/ratis/e3102112-5d56-4448-b7ef-0d0617e48045/in_use.lock acquired by nodename 10521@pr-hdds-2106-8t9qr-763259812
2019-09-11 07:39:34,065 [pool-97-thread-1] INFO  storage.RaftStorage (RaftStorage.java:format(72)) - Storage directory /workdir/hadoop-ozone/integration-test/target/test-dir/MiniOzoneClusterImpl-d0f0e288-b90a-4d92-9473-de78fda8b1d0/datanode-7/data/ratis/e3102112-5d56-4448-b7ef-0d0617e48045 has been successfully formatted.
2019-09-11 07:39:34,065 [pool-87-thread-1] INFO  storage.RaftStorage (RaftStorage.java:format(72)) - Storage directory /workdir/hadoop-ozone/integration-test/target/test-dir/MiniOzoneClusterImpl-d0f0e288-b90a-4d92-9473-de78fda8b1d0/datanode-6/data/ratis/e3102112-5d56-4448-b7ef-0d0617e48045 has been successfully formatted.
2019-09-11 07:39:34,065 [pool-97-thread-1] INFO  ratis.ContainerStateMachine (ContainerStateMachine.java:loadSnapshot(230)) - group-0D0617E48045: The snapshot info is null. Setting the last applied indexto:(t:0, i:~)
2019-09-11 07:39:34,065 [pool-27-thread-1] INFO  storage.RaftStorage (RaftStorage.java:format(72)) - Storage directory /workdir/hadoop-ozone/integration-test/target/test-dir/MiniOzoneClusterImpl-d0f0e288-b90a-4d92-9473-de78fda8b1d0/datanode-0/data/ratis/e3102112-5d56-4448-b7ef-0d0617e48045 has been successfully formatted.
2019-09-11 07:39:34,066 [pool-87-thread-1] INFO  ratis.ContainerStateMachine (ContainerStateMachine.java:loadSnapshot(230)) - group-0D0617E48045: The snapshot info is null. Setting the last applied indexto:(t:0, i:~)
2019-09-11 07:39:34,066 [pool-97-thread-1] INFO  server.RaftServerConfigKeys (ConfUtils.java:logGet(43)) - raft.server.notification.no-leader.timeout = 120s (custom)
2019-09-11 07:39:34,066 [pool-87-thread-1] INFO  server.RaftServerConfigKeys (ConfUtils.java:logGet(43)) - raft.server.notification.no-leader.timeout = 120s (custom)
2019-09-11 07:39:34,066 [pool-27-thread-1] INFO  ratis.ContainerStateMachine (ContainerStateMachine.java:loadSnapshot(230)) - group-0D0617E48045: The snapshot info is null. Setting the last applied indexto:(t:0, i:~)
2019-09-11 07:39:34,066 [pool-87-thread-1] INFO  server.RaftServerConfigKeys (ConfUtils.java:logGet(43)) - raft.server.log.use.memory = false (default)
2019-09-11 07:39:34,066 [pool-97-thread-1] INFO  server.RaftServerConfigKeys (ConfUtils.java:logGet(43)) - raft.server.log.use.memory = false (default)
2019-09-11 07:39:34,066 [pool-87-thread-1] INFO  server.RaftServerConfigKeys (ConfUtils.java:logGet(43)) - raft.server.log.purge.gap = 1000000 (custom)
2019-09-11 07:39:34,066 [pool-27-thread-1] INFO  server.RaftServerConfigKeys (ConfUtils.java:logGet(43)) - raft.server.notification.no-leader.timeout = 120s (custom)
2019-09-11 07:39:34,067 [pool-87-thread-1] INFO  server.RaftServerConfigKeys (ConfUtils.java:logGet(43)) - raft.server.log.appender.buffer.byte-limit = 33554432 (custom)
2019-09-11 07:39:34,066 [pool-97-thread-1] INFO  server.RaftServerConfigKeys (ConfUtils.java:logGet(43)) - raft.server.log.purge.gap = 1000000 (custom)
2019-09-11 07:39:34,067 [pool-87-thread-1] INFO  server.RaftServerConfigKeys (ConfUtils.java:logGet(43)) - raft.server.log.segment.size.max = 1048576 (custom)
2019-09-11 07:39:34,067 [pool-27-thread-1] INFO  server.RaftServerConfigKeys (ConfUtils.java:logGet(43)) - raft.server.log.use.memory = false (default)
2019-09-11 07:39:34,067 [pool-87-thread-1] INFO  server.RaftServerConfigKeys (ConfUtils.java:logGet(43)) - raft.server.log.segment.cache.num.max = 2 (custom)
2019-09-11 07:39:34,067 [pool-97-thread-1] INFO  server.RaftServerConfigKeys (ConfUtils.java:logGet(43)) - raft.server.log.appender.buffer.byte-limit = 33554432 (custom)
2019-09-11 07:39:34,067 [pool-87-thread-1] INFO  segmented.SegmentedRaftLogWorker (SegmentedRaftLogWorker.java:<init>(172)) - new a1a3d5df-f415-4291-8622-8b18f7b50573@group-0D0617E48045-SegmentedRaftLogWorker for RaftStorage:Storage Directory /workdir/hadoop-ozone/integration-test/target/test-dir/MiniOzoneClusterImpl-d0f0e288-b90a-4d92-9473-de78fda8b1d0/datanode-6/data/ratis/e3102112-5d56-4448-b7ef-0d0617e48045
2019-09-11 07:39:34,067 [pool-27-thread-1] INFO  server.RaftServerConfigKeys (ConfUtils.java:logGet(43)) - raft.server.log.purge.gap = 1000000 (custom)
2019-09-11 07:39:34,069 [pool-87-thread-1] INFO  server.RaftServerConfigKeys (ConfUtils.java:logGet(43)) - raft.server.log.queue.byte-limit = 2147483647 (custom)
2019-09-11 07:39:34,067 [pool-97-thread-1] INFO  server.RaftServerConfigKeys (ConfUtils.java:logGet(43)) - raft.server.log.segment.size.max = 1048576 (custom)
2019-09-11 07:39:34,069 [pool-87-thread-1] INFO  server.RaftServerConfigKeys (ConfUtils.java:logGet(43)) - raft.server.log.queue.element-limit = 1024 (custom)
2019-09-11 07:39:34,069 [pool-27-thread-1] INFO  server.RaftServerConfigKeys (ConfUtils.java:logGet(43)) - raft.server.log.appender.buffer.byte-limit = 33554432 (custom)
2019-09-11 07:39:34,070 [pool-87-thread-1] INFO  server.RaftServerConfigKeys (ConfUtils.java:logGet(43)) - raft.server.log.segment.size.max = 1048576 (custom)
2019-09-11 07:39:34,070 [pool-97-thread-1] INFO  server.RaftServerConfigKeys (ConfUtils.java:logGet(43)) - raft.server.log.segment.cache.num.max = 2 (custom)
2019-09-11 07:39:34,070 [pool-87-thread-1] INFO  server.RaftServerConfigKeys (ConfUtils.java:logGet(43)) - raft.server.log.preallocated.size = 16384 (custom)
2019-09-11 07:39:34,070 [pool-27-thread-1] INFO  server.RaftServerConfigKeys (ConfUtils.java:logGet(43)) - raft.server.log.segment.size.max = 1048576 (custom)
2019-09-11 07:39:34,070 [pool-87-thread-1] INFO  server.RaftServerConfigKeys (ConfUtils.java:logGet(43)) - raft.server.log.write.buffer.size = 33554432 (custom)
2019-09-11 07:39:34,070 [pool-97-thread-1] INFO  segmented.SegmentedRaftLogWorker (SegmentedRaftLogWorker.java:<init>(172)) - new 7366865a-3ccb-4fea-a2e2-b7a0314f55f5@group-0D0617E48045-SegmentedRaftLogWorker for RaftStorage:Storage Directory /workdir/hadoop-ozone/integration-test/target/test-dir/MiniOzoneClusterImpl-d0f0e288-b90a-4d92-9473-de78fda8b1d0/datanode-7/data/ratis/e3102112-5d56-4448-b7ef-0d0617e48045
2019-09-11 07:39:34,070 [pool-87-thread-1] INFO  server.RaftServerConfigKeys (ConfUtils.java:logGet(43)) - raft.server.log.force.sync.num = 128 (default)
2019-09-11 07:39:34,070 [pool-27-thread-1] INFO  server.RaftServerConfigKeys (ConfUtils.java:logGet(43)) - raft.server.log.segment.cache.num.max = 2 (custom)
2019-09-11 07:39:34,071 [pool-87-thread-1] INFO  server.RaftServerConfigKeys (ConfUtils.java:logGet(43)) - raft.server.log.statemachine.data.sync = true (default)
2019-09-11 07:39:34,071 [pool-97-thread-1] INFO  server.RaftServerConfigKeys (ConfUtils.java:logGet(43)) - raft.server.log.queue.byte-limit = 2147483647 (custom)
2019-09-11 07:39:34,071 [pool-87-thread-1] INFO  server.RaftServerConfigKeys (ConfUtils.java:logGet(43)) - raft.server.log.statemachine.data.sync.timeout = 10s (default)
2019-09-11 07:39:34,071 [pool-27-thread-1] INFO  segmented.SegmentedRaftLogWorker (SegmentedRaftLogWorker.java:<init>(172)) - new 36be1d2c-b8e7-4a5e-9c9f-c881d55a8c5a@group-0D0617E48045-SegmentedRaftLogWorker for RaftStorage:Storage Directory /workdir/hadoop-ozone/integration-test/target/test-dir/MiniOzoneClusterImpl-d0f0e288-b90a-4d92-9473-de78fda8b1d0/datanode-0/data/ratis/e3102112-5d56-4448-b7ef-0d0617e48045
2019-09-11 07:39:34,071 [pool-87-thread-1] INFO  server.RaftServerConfigKeys (ConfUtils.java:logGet(43)) - raft.server.log.statemachine.data.sync.timeout.retry = -1 (default)
2019-09-11 07:39:34,071 [pool-97-thread-1] INFO  server.RaftServerConfigKeys (ConfUtils.java:logGet(43)) - raft.server.log.queue.element-limit = 1024 (custom)
2019-09-11 07:39:34,071 [pool-27-thread-1] INFO  server.RaftServerConfigKeys (ConfUtils.java:logGet(43)) - raft.server.log.queue.byte-limit = 2147483647 (custom)
2019-09-11 07:39:34,072 [pool-87-thread-1] INFO  server.RaftServerConfigKeys (ConfUtils.java:logGet(43)) - raft.server.log.statemachine.data.caching.enabled = true (custom)
2019-09-11 07:39:34,072 [pool-97-thread-1] INFO  server.RaftServerConfigKeys (ConfUtils.java:logGet(43)) - raft.server.log.segment.size.max = 1048576 (custom)
2019-09-11 07:39:34,072 [pool-27-thread-1] INFO  server.RaftServerConfigKeys (ConfUtils.java:logGet(43)) - raft.server.log.queue.element-limit = 1024 (custom)
2019-09-11 07:39:34,072 [pool-97-thread-1] INFO  server.RaftServerConfigKeys (ConfUtils.java:logGet(43)) - raft.server.log.preallocated.size = 16384 (custom)
2019-09-11 07:39:34,072 [pool-87-thread-1] INFO  segmented.SegmentedRaftLogWorker (SegmentedRaftLogWorker.java:lambda$new$0(132)) - a1a3d5df-f415-4291-8622-8b18f7b50573@group-0D0617E48045-SegmentedRaftLogWorker: flushIndex: setUnconditionally 0 -> -1
2019-09-11 07:39:34,072 [pool-27-thread-1] INFO  server.RaftServerConfigKeys (ConfUtils.java:logGet(43)) - raft.server.log.segment.size.max = 1048576 (custom)
2019-09-11 07:39:34,072 [pool-97-thread-1] INFO  server.RaftServerConfigKeys (ConfUtils.java:logGet(43)) - raft.server.log.write.buffer.size = 33554432 (custom)
2019-09-11 07:39:34,073 [pool-87-thread-1] INFO  server.RaftServerConfigKeys (ConfUtils.java:logGet(43)) - raft.server.snapshot.auto.trigger.enabled = true (custom)
2019-09-11 07:39:34,073 [pool-27-thread-1] INFO  server.RaftServerConfigKeys (ConfUtils.java:logGet(43)) - raft.server.log.preallocated.size = 16384 (custom)
2019-09-11 07:39:34,073 [pool-87-thread-1] INFO  server.RaftServerConfigKeys (ConfUtils.java:logGet(43)) - raft.server.snapshot.auto.trigger.threshold = 10000 (custom)
2019-09-11 07:39:34,073 [pool-97-thread-1] INFO  server.RaftServerConfigKeys (ConfUtils.java:logGet(43)) - raft.server.log.force.sync.num = 128 (default)
2019-09-11 07:39:34,073 [pool-87-thread-1] INFO  server.RaftServerConfigKeys (ConfUtils.java:logGet(43)) - raft.server.snapshot.retention.num.files = -1 (default)
2019-09-11 07:39:34,073 [pool-27-thread-1] INFO  server.RaftServerConfigKeys (ConfUtils.java:logGet(43)) - raft.server.log.write.buffer.size = 33554432 (custom)
2019-09-11 07:39:34,074 [pool-87-thread-1] INFO  server.RaftServerConfigKeys (ConfUtils.java:logGet(43)) - raft.server.retrycache.expirytime = 600000ms (custom)
2019-09-11 07:39:34,073 [pool-97-thread-1] INFO  server.RaftServerConfigKeys (ConfUtils.java:logGet(43)) - raft.server.log.statemachine.data.sync = true (default)
2019-09-11 07:39:34,074 [pool-27-thread-1] INFO  server.RaftServerConfigKeys (ConfUtils.java:logGet(43)) - raft.server.log.force.sync.num = 128 (default)
2019-09-11 07:39:34,074 [pool-97-thread-1] INFO  server.RaftServerConfigKeys (ConfUtils.java:logGet(43)) - raft.server.log.statemachine.data.sync.timeout = 10s (default)
2019-09-11 07:39:34,074 [pool-27-thread-1] INFO  server.RaftServerConfigKeys (ConfUtils.java:logGet(43)) - raft.server.log.statemachine.data.sync = true (default)
2019-09-11 07:39:34,074 [pool-97-thread-1] INFO  server.RaftServerConfigKeys (ConfUtils.java:logGet(43)) - raft.server.log.statemachine.data.sync.timeout.retry = -1 (default)
2019-09-11 07:39:34,074 [pool-27-thread-1] INFO  server.RaftServerConfigKeys (ConfUtils.java:logGet(43)) - raft.server.log.statemachine.data.sync.timeout = 10s (default)
2019-09-11 07:39:34,074 [pool-97-thread-1] INFO  server.RaftServerConfigKeys (ConfUtils.java:logGet(43)) - raft.server.log.statemachine.data.caching.enabled = true (custom)
2019-09-11 07:39:34,075 [pool-27-thread-1] INFO  server.RaftServerConfigKeys (ConfUtils.java:logGet(43)) - raft.server.log.statemachine.data.sync.timeout.retry = -1 (default)
2019-09-11 07:39:34,075 [pool-97-thread-1] INFO  segmented.SegmentedRaftLogWorker (SegmentedRaftLogWorker.java:lambda$new$0(132)) - 7366865a-3ccb-4fea-a2e2-b7a0314f55f5@group-0D0617E48045-SegmentedRaftLogWorker: flushIndex: setUnconditionally 0 -> -1
2019-09-11 07:39:34,075 [pool-27-thread-1] INFO  server.RaftServerConfigKeys (ConfUtils.java:logGet(43)) - raft.server.log.statemachine.data.caching.enabled = true (custom)
2019-09-11 07:39:34,075 [pool-97-thread-1] INFO  server.RaftServerConfigKeys (ConfUtils.java:logGet(43)) - raft.server.snapshot.auto.trigger.enabled = true (custom)
2019-09-11 07:39:34,075 [pool-97-thread-1] INFO  server.RaftServerConfigKeys (ConfUtils.java:logGet(43)) - raft.server.snapshot.auto.trigger.threshold = 10000 (custom)
2019-09-11 07:39:34,075 [pool-27-thread-1] INFO  segmented.SegmentedRaftLogWorker (SegmentedRaftLogWorker.java:lambda$new$0(132)) - 36be1d2c-b8e7-4a5e-9c9f-c881d55a8c5a@group-0D0617E48045-SegmentedRaftLogWorker: flushIndex: setUnconditionally 0 -> -1
2019-09-11 07:39:34,075 [pool-97-thread-1] INFO  server.RaftServerConfigKeys (ConfUtils.java:logGet(43)) - raft.server.snapshot.retention.num.files = -1 (default)
2019-09-11 07:39:34,076 [pool-97-thread-1] INFO  server.RaftServerConfigKeys (ConfUtils.java:logGet(43)) - raft.server.retrycache.expirytime = 600000ms (custom)
2019-09-11 07:39:34,076 [pool-27-thread-1] INFO  server.RaftServerConfigKeys (ConfUtils.java:logGet(43)) - raft.server.snapshot.auto.trigger.enabled = true (custom)
2019-09-11 07:39:34,076 [pool-27-thread-1] INFO  server.RaftServerConfigKeys (ConfUtils.java:logGet(43)) - raft.server.snapshot.auto.trigger.threshold = 10000 (custom)
2019-09-11 07:39:34,076 [pool-27-thread-1] INFO  server.RaftServerConfigKeys (ConfUtils.java:logGet(43)) - raft.server.snapshot.retention.num.files = -1 (default)
2019-09-11 07:39:34,076 [pool-27-thread-1] INFO  server.RaftServerConfigKeys (ConfUtils.java:logGet(43)) - raft.server.retrycache.expirytime = 600000ms (custom)
2019-09-11 07:39:34,078 [pool-87-thread-1] INFO  impl.RaftServerImpl (RaftServerImpl.java:start(185)) - a1a3d5df-f415-4291-8622-8b18f7b50573@group-0D0617E48045: start as a follower, conf=-1: [a1a3d5df-f415-4291-8622-8b18f7b50573:192.168.34.12:41207, 36be1d2c-b8e7-4a5e-9c9f-c881d55a8c5a:192.168.34.12:36299, 7366865a-3ccb-4fea-a2e2-b7a0314f55f5:192.168.34.12:39985], old=null
2019-09-11 07:39:34,078 [pool-87-thread-1] INFO  impl.RaftServerImpl (RaftServerImpl.java:setRole(174)) - a1a3d5df-f415-4291-8622-8b18f7b50573@group-0D0617E48045: changes role from      null to FOLLOWER at term 0 for startAsFollower
2019-09-11 07:39:34,078 [pool-87-thread-1] INFO  impl.RoleInfo (RoleInfo.java:updateAndGet(143)) - a1a3d5df-f415-4291-8622-8b18f7b50573: start FollowerState
2019-09-11 07:39:34,079 [pool-87-thread-1] INFO  util.JmxRegister (JmxRegister.java:tryRegister(44)) - Successfully registered JMX Bean with object name Ratis:service=RaftServer,group=group-0D0617E48045,id=a1a3d5df-f415-4291-8622-8b18f7b50573
2019-09-11 07:39:34,079 [pool-97-thread-1] INFO  impl.RaftServerImpl (RaftServerImpl.java:start(185)) - 7366865a-3ccb-4fea-a2e2-b7a0314f55f5@group-0D0617E48045: start as a follower, conf=-1: [a1a3d5df-f415-4291-8622-8b18f7b50573:192.168.34.12:41207, 36be1d2c-b8e7-4a5e-9c9f-c881d55a8c5a:192.168.34.12:36299, 7366865a-3ccb-4fea-a2e2-b7a0314f55f5:192.168.34.12:39985], old=null
2019-09-11 07:39:34,079 [pool-97-thread-1] INFO  impl.RaftServerImpl (RaftServerImpl.java:setRole(174)) - 7366865a-3ccb-4fea-a2e2-b7a0314f55f5@group-0D0617E48045: changes role from      null to FOLLOWER at term 0 for startAsFollower
2019-09-11 07:39:34,079 [pool-97-thread-1] INFO  impl.RoleInfo (RoleInfo.java:updateAndGet(143)) - 7366865a-3ccb-4fea-a2e2-b7a0314f55f5: start FollowerState
2019-09-11 07:39:34,080 [pool-97-thread-1] INFO  util.JmxRegister (JmxRegister.java:tryRegister(44)) - Successfully registered JMX Bean with object name Ratis:service=RaftServer,group=group-0D0617E48045,id=7366865a-3ccb-4fea-a2e2-b7a0314f55f5
2019-09-11 07:39:34,080 [pool-27-thread-1] INFO  impl.RaftServerImpl (RaftServerImpl.java:start(185)) - 36be1d2c-b8e7-4a5e-9c9f-c881d55a8c5a@group-0D0617E48045: start as a follower, conf=-1: [a1a3d5df-f415-4291-8622-8b18f7b50573:192.168.34.12:41207, 36be1d2c-b8e7-4a5e-9c9f-c881d55a8c5a:192.168.34.12:36299, 7366865a-3ccb-4fea-a2e2-b7a0314f55f5:192.168.34.12:39985], old=null
2019-09-11 07:39:34,080 [pool-27-thread-1] INFO  impl.RaftServerImpl (RaftServerImpl.java:setRole(174)) - 36be1d2c-b8e7-4a5e-9c9f-c881d55a8c5a@group-0D0617E48045: changes role from      null to FOLLOWER at term 0 for startAsFollower
2019-09-11 07:39:34,080 [pool-27-thread-1] INFO  impl.RoleInfo (RoleInfo.java:updateAndGet(143)) - 36be1d2c-b8e7-4a5e-9c9f-c881d55a8c5a: start FollowerState
2019-09-11 07:39:34,083 [pool-27-thread-1] INFO  util.JmxRegister (JmxRegister.java:tryRegister(44)) - Successfully registered JMX Bean with object name Ratis:service=RaftServer,group=group-0D0617E48045,id=36be1d2c-b8e7-4a5e-9c9f-c881d55a8c5a
2019-09-11 07:39:34,099 [RatisPipelineUtilsThread] INFO  pipeline.PipelineStateManager (PipelineStateManager.java:addPipeline(56)) - Created pipeline Pipeline[ Id: e3102112-5d56-4448-b7ef-0d0617e48045, Nodes: a1a3d5df-f415-4291-8622-8b18f7b50573{ip: 192.168.34.12, host: pr-hdds-2106-8t9qr-763259812, networkLocation: /default-rack, certSerialId: null}36be1d2c-b8e7-4a5e-9c9f-c881d55a8c5a{ip: 192.168.34.12, host: pr-hdds-2106-8t9qr-763259812, networkLocation: /default-rack, certSerialId: null}7366865a-3ccb-4fea-a2e2-b7a0314f55f5{ip: 192.168.34.12, host: pr-hdds-2106-8t9qr-763259812, networkLocation: /default-rack, certSerialId: null}, Type:RATIS, Factor:THREE, State:OPEN]
2019-09-11 07:39:34,136 [grpc-default-executor-0] INFO  impl.RaftServerProxy (RaftServerProxy.java:addNew(89)) - 9196f2dc-d574-4585-b48c-56d55fbc13c2: addNew group-402BD240969B:[9196f2dc-d574-4585-b48c-56d55fbc13c2:192.168.34.12:36626, 8929662e-8651-4c9f-b246-d3ed69c98010:192.168.34.12:45689, 5b8ad787-4bf9-4bb4-bfeb-9c85cd30cda7:192.168.34.12:34780] returns group-402BD240969B:java.util.concurrent.CompletableFuture@2ab67aa2[Not completed]
2019-09-11 07:39:34,136 [grpc-default-executor-2] INFO  impl.RaftServerProxy (RaftServerProxy.java:addNew(89)) - 5b8ad787-4bf9-4bb4-bfeb-9c85cd30cda7: addNew group-402BD240969B:[9196f2dc-d574-4585-b48c-56d55fbc13c2:192.168.34.12:36626, 8929662e-8651-4c9f-b246-d3ed69c98010:192.168.34.12:45689, 5b8ad787-4bf9-4bb4-bfeb-9c85cd30cda7:192.168.34.12:34780] returns group-402BD240969B:java.util.concurrent.CompletableFuture@c42ade2[Not completed]
2019-09-11 07:39:34,138 [grpc-default-executor-1] INFO  impl.RaftServerProxy (RaftServerProxy.java:addNew(89)) - 8929662e-8651-4c9f-b246-d3ed69c98010: addNew group-402BD240969B:[9196f2dc-d574-4585-b48c-56d55fbc13c2:192.168.34.12:36626, 8929662e-8651-4c9f-b246-d3ed69c98010:192.168.34.12:45689, 5b8ad787-4bf9-4bb4-bfeb-9c85cd30cda7:192.168.34.12:34780] returns group-402BD240969B:java.util.concurrent.CompletableFuture@5ea034b7[Not completed]
2019-09-11 07:39:34,139 [pool-67-thread-1] INFO  impl.RaftServerImpl (RaftServerImpl.java:<init>(95)) - 9196f2dc-d574-4585-b48c-56d55fbc13c2: new RaftServerImpl for group-402BD240969B:[9196f2dc-d574-4585-b48c-56d55fbc13c2:192.168.34.12:36626, 8929662e-8651-4c9f-b246-d3ed69c98010:192.168.34.12:45689, 5b8ad787-4bf9-4bb4-bfeb-9c85cd30cda7:192.168.34.12:34780] with ContainerStateMachine:uninitialized
2019-09-11 07:39:34,139 [pool-67-thread-1] INFO  server.RaftServerConfigKeys (ConfUtils.java:logGet(43)) - raft.server.rpc.timeout.min = 1s (custom)
2019-09-11 07:39:34,139 [pool-67-thread-1] INFO  server.RaftServerConfigKeys (ConfUtils.java:logGet(43)) - raft.server.rpc.timeout.max = 1200ms (custom)
2019-09-11 07:39:34,140 [pool-67-thread-1] INFO  server.RaftServerConfigKeys (ConfUtils.java:logGet(43)) - raft.server.rpcslowness.timeout = 120s (custom)
2019-09-11 07:39:34,140 [pool-67-thread-1] INFO  server.RaftServerConfigKeys (ConfUtils.java:logGet(43)) - raft.server.sleep.deviation.threshold = 300 (default)
2019-09-11 07:39:34,140 [pool-67-thread-1] INFO  server.RaftServerConfigKeys (ConfUtils.java:logGet(43)) - raft.server.log.appender.install.snapshot.enabled = false (custom)
2019-09-11 07:39:34,140 [pool-67-thread-1] INFO  impl.RaftServerImpl (ServerState.java:<init>(103)) - 9196f2dc-d574-4585-b48c-56d55fbc13c2@group-402BD240969B: ConfigurationManager, init=-1: [9196f2dc-d574-4585-b48c-56d55fbc13c2:192.168.34.12:36626, 8929662e-8651-4c9f-b246-d3ed69c98010:192.168.34.12:45689, 5b8ad787-4bf9-4bb4-bfeb-9c85cd30cda7:192.168.34.12:34780], old=null, confs=<EMPTY_MAP>
2019-09-11 07:39:34,140 [pool-67-thread-1] INFO  server.RaftServerConfigKeys (ConfUtils.java:logGet(43)) - raft.server.storage.dir = [/workdir/hadoop-ozone/integration-test/target/test-dir/MiniOzoneClusterImpl-d0f0e288-b90a-4d92-9473-de78fda8b1d0/datanode-4/data/ratis] (custom)
2019-09-11 07:39:34,140 [pool-117-thread-1] INFO  impl.RaftServerImpl (RaftServerImpl.java:<init>(95)) - 8929662e-8651-4c9f-b246-d3ed69c98010: new RaftServerImpl for group-402BD240969B:[9196f2dc-d574-4585-b48c-56d55fbc13c2:192.168.34.12:36626, 8929662e-8651-4c9f-b246-d3ed69c98010:192.168.34.12:45689, 5b8ad787-4bf9-4bb4-bfeb-9c85cd30cda7:192.168.34.12:34780] with ContainerStateMachine:uninitialized
2019-09-11 07:39:34,140 [pool-67-thread-1] INFO  storage.RaftStorageDirectory (RaftStorageDirectory.java:analyzeStorage(246)) - The storage directory /workdir/hadoop-ozone/integration-test/target/test-dir/MiniOzoneClusterImpl-d0f0e288-b90a-4d92-9473-de78fda8b1d0/datanode-4/data/ratis/9f7a788d-0274-444c-82aa-402bd240969b does not exist. Creating ...
2019-09-11 07:39:34,140 [pool-117-thread-1] INFO  server.RaftServerConfigKeys (ConfUtils.java:logGet(43)) - raft.server.rpc.timeout.min = 1s (custom)
2019-09-11 07:39:34,141 [pool-57-thread-1] INFO  impl.RaftServerImpl (RaftServerImpl.java:<init>(95)) - 5b8ad787-4bf9-4bb4-bfeb-9c85cd30cda7: new RaftServerImpl for group-402BD240969B:[9196f2dc-d574-4585-b48c-56d55fbc13c2:192.168.34.12:36626, 8929662e-8651-4c9f-b246-d3ed69c98010:192.168.34.12:45689, 5b8ad787-4bf9-4bb4-bfeb-9c85cd30cda7:192.168.34.12:34780] with ContainerStateMachine:uninitialized
2019-09-11 07:39:34,141 [pool-117-thread-1] INFO  server.RaftServerConfigKeys (ConfUtils.java:logGet(43)) - raft.server.rpc.timeout.max = 1200ms (custom)
2019-09-11 07:39:34,141 [pool-57-thread-1] INFO  server.RaftServerConfigKeys (ConfUtils.java:logGet(43)) - raft.server.rpc.timeout.min = 1s (custom)
2019-09-11 07:39:34,141 [pool-117-thread-1] INFO  server.RaftServerConfigKeys (ConfUtils.java:logGet(43)) - raft.server.rpcslowness.timeout = 120s (custom)
2019-09-11 07:39:34,141 [pool-57-thread-1] INFO  server.RaftServerConfigKeys (ConfUtils.java:logGet(43)) - raft.server.rpc.timeout.max = 1200ms (custom)
2019-09-11 07:39:34,141 [pool-117-thread-1] INFO  server.RaftServerConfigKeys (ConfUtils.java:logGet(43)) - raft.server.sleep.deviation.threshold = 300 (default)
2019-09-11 07:39:34,141 [pool-57-thread-1] INFO  server.RaftServerConfigKeys (ConfUtils.java:logGet(43)) - raft.server.rpcslowness.timeout = 120s (custom)
2019-09-11 07:39:34,141 [pool-117-thread-1] INFO  server.RaftServerConfigKeys (ConfUtils.java:logGet(43)) - raft.server.log.appender.install.snapshot.enabled = false (custom)
2019-09-11 07:39:34,142 [pool-57-thread-1] INFO  server.RaftServerConfigKeys (ConfUtils.java:logGet(43)) - raft.server.sleep.deviation.threshold = 300 (default)
2019-09-11 07:39:34,142 [pool-117-thread-1] INFO  impl.RaftServerImpl (ServerState.java:<init>(103)) - 8929662e-8651-4c9f-b246-d3ed69c98010@group-402BD240969B: ConfigurationManager, init=-1: [9196f2dc-d574-4585-b48c-56d55fbc13c2:192.168.34.12:36626, 8929662e-8651-4c9f-b246-d3ed69c98010:192.168.34.12:45689, 5b8ad787-4bf9-4bb4-bfeb-9c85cd30cda7:192.168.34.12:34780], old=null, confs=<EMPTY_MAP>
2019-09-11 07:39:34,142 [pool-57-thread-1] INFO  server.RaftServerConfigKeys (ConfUtils.java:logGet(43)) - raft.server.log.appender.install.snapshot.enabled = false (custom)
2019-09-11 07:39:34,142 [pool-57-thread-1] INFO  impl.RaftServerImpl (ServerState.java:<init>(103)) - 5b8ad787-4bf9-4bb4-bfeb-9c85cd30cda7@group-402BD240969B: ConfigurationManager, init=-1: [9196f2dc-d574-4585-b48c-56d55fbc13c2:192.168.34.12:36626, 8929662e-8651-4c9f-b246-d3ed69c98010:192.168.34.12:45689, 5b8ad787-4bf9-4bb4-bfeb-9c85cd30cda7:192.168.34.12:34780], old=null, confs=<EMPTY_MAP>
2019-09-11 07:39:34,142 [pool-117-thread-1] INFO  server.RaftServerConfigKeys (ConfUtils.java:logGet(43)) - raft.server.storage.dir = [/workdir/hadoop-ozone/integration-test/target/test-dir/MiniOzoneClusterImpl-d0f0e288-b90a-4d92-9473-de78fda8b1d0/datanode-9/data/ratis] (custom)
2019-09-11 07:39:34,142 [pool-57-thread-1] INFO  server.RaftServerConfigKeys (ConfUtils.java:logGet(43)) - raft.server.storage.dir = [/workdir/hadoop-ozone/integration-test/target/test-dir/MiniOzoneClusterImpl-d0f0e288-b90a-4d92-9473-de78fda8b1d0/datanode-3/data/ratis] (custom)
2019-09-11 07:39:34,142 [pool-57-thread-1] INFO  storage.RaftStorageDirectory (RaftStorageDirectory.java:analyzeStorage(246)) - The storage directory /workdir/hadoop-ozone/integration-test/target/test-dir/MiniOzoneClusterImpl-d0f0e288-b90a-4d92-9473-de78fda8b1d0/datanode-3/data/ratis/9f7a788d-0274-444c-82aa-402bd240969b does not exist. Creating ...
2019-09-11 07:39:34,142 [pool-117-thread-1] INFO  storage.RaftStorageDirectory (RaftStorageDirectory.java:analyzeStorage(246)) - The storage directory /workdir/hadoop-ozone/integration-test/target/test-dir/MiniOzoneClusterImpl-d0f0e288-b90a-4d92-9473-de78fda8b1d0/datanode-9/data/ratis/9f7a788d-0274-444c-82aa-402bd240969b does not exist. Creating ...
2019-09-11 07:39:34,154 [pool-67-thread-1] INFO  storage.RaftStorageDirectory (RaftStorageDirectory.java:tryLock(328)) - Lock on /workdir/hadoop-ozone/integration-test/target/test-dir/MiniOzoneClusterImpl-d0f0e288-b90a-4d92-9473-de78fda8b1d0/datanode-4/data/ratis/9f7a788d-0274-444c-82aa-402bd240969b/in_use.lock acquired by nodename 10521@pr-hdds-2106-8t9qr-763259812
2019-09-11 07:39:34,154 [pool-57-thread-1] INFO  storage.RaftStorageDirectory (RaftStorageDirectory.java:tryLock(328)) - Lock on /workdir/hadoop-ozone/integration-test/target/test-dir/MiniOzoneClusterImpl-d0f0e288-b90a-4d92-9473-de78fda8b1d0/datanode-3/data/ratis/9f7a788d-0274-444c-82aa-402bd240969b/in_use.lock acquired by nodename 10521@pr-hdds-2106-8t9qr-763259812
2019-09-11 07:39:34,154 [pool-117-thread-1] INFO  storage.RaftStorageDirectory (RaftStorageDirectory.java:tryLock(328)) - Lock on /workdir/hadoop-ozone/integration-test/target/test-dir/MiniOzoneClusterImpl-d0f0e288-b90a-4d92-9473-de78fda8b1d0/datanode-9/data/ratis/9f7a788d-0274-444c-82aa-402bd240969b/in_use.lock acquired by nodename 10521@pr-hdds-2106-8t9qr-763259812
2019-09-11 07:39:34,168 [pool-67-thread-1] INFO  storage.RaftStorage (RaftStorage.java:format(72)) - Storage directory /workdir/hadoop-ozone/integration-test/target/test-dir/MiniOzoneClusterImpl-d0f0e288-b90a-4d92-9473-de78fda8b1d0/datanode-4/data/ratis/9f7a788d-0274-444c-82aa-402bd240969b has been successfully formatted.
2019-09-11 07:39:34,168 [pool-117-thread-1] INFO  storage.RaftStorage (RaftStorage.java:format(72)) - Storage directory /workdir/hadoop-ozone/integration-test/target/test-dir/MiniOzoneClusterImpl-d0f0e288-b90a-4d92-9473-de78fda8b1d0/datanode-9/data/ratis/9f7a788d-0274-444c-82aa-402bd240969b has been successfully formatted.
2019-09-11 07:39:34,168 [pool-57-thread-1] INFO  storage.RaftStorage (RaftStorage.java:format(72)) - Storage directory /workdir/hadoop-ozone/integration-test/target/test-dir/MiniOzoneClusterImpl-d0f0e288-b90a-4d92-9473-de78fda8b1d0/datanode-3/data/ratis/9f7a788d-0274-444c-82aa-402bd240969b has been successfully formatted.
2019-09-11 07:39:34,169 [pool-67-thread-1] INFO  ratis.ContainerStateMachine (ContainerStateMachine.java:loadSnapshot(230)) - group-402BD240969B: The snapshot info is null. Setting the last applied indexto:(t:0, i:~)
2019-09-11 07:39:34,169 [pool-57-thread-1] INFO  ratis.ContainerStateMachine (ContainerStateMachine.java:loadSnapshot(230)) - group-402BD240969B: The snapshot info is null. Setting the last applied indexto:(t:0, i:~)
2019-09-11 07:39:34,169 [pool-117-thread-1] INFO  ratis.ContainerStateMachine (ContainerStateMachine.java:loadSnapshot(230)) - group-402BD240969B: The snapshot info is null. Setting the last applied indexto:(t:0, i:~)
2019-09-11 07:39:34,169 [pool-57-thread-1] INFO  server.RaftServerConfigKeys (ConfUtils.java:logGet(43)) - raft.server.notification.no-leader.timeout = 120s (custom)
2019-09-11 07:39:34,169 [pool-67-thread-1] INFO  server.RaftServerConfigKeys (ConfUtils.java:logGet(43)) - raft.server.notification.no-leader.timeout = 120s (custom)
2019-09-11 07:39:34,169 [pool-57-thread-1] INFO  server.RaftServerConfigKeys (ConfUtils.java:logGet(43)) - raft.server.log.use.memory = false (default)
2019-09-11 07:39:34,169 [pool-117-thread-1] INFO  server.RaftServerConfigKeys (ConfUtils.java:logGet(43)) - raft.server.notification.no-leader.timeout = 120s (custom)
2019-09-11 07:39:34,169 [pool-57-thread-1] INFO  server.RaftServerConfigKeys (ConfUtils.java:logGet(43)) - raft.server.log.purge.gap = 1000000 (custom)
2019-09-11 07:39:34,169 [pool-67-thread-1] INFO  server.RaftServerConfigKeys (ConfUtils.java:logGet(43)) - raft.server.log.use.memory = false (default)
2019-09-11 07:39:34,169 [pool-57-thread-1] INFO  server.RaftServerConfigKeys (ConfUtils.java:logGet(43)) - raft.server.log.appender.buffer.byte-limit = 33554432 (custom)
2019-09-11 07:39:34,169 [pool-117-thread-1] INFO  server.RaftServerConfigKeys (ConfUtils.java:logGet(43)) - raft.server.log.use.memory = false (default)
2019-09-11 07:39:34,170 [pool-57-thread-1] INFO  server.RaftServerConfigKeys (ConfUtils.java:logGet(43)) - raft.server.log.segment.size.max = 1048576 (custom)
2019-09-11 07:39:34,169 [pool-67-thread-1] INFO  server.RaftServerConfigKeys (ConfUtils.java:logGet(43)) - raft.server.log.purge.gap = 1000000 (custom)
2019-09-11 07:39:34,170 [pool-57-thread-1] INFO  server.RaftServerConfigKeys (ConfUtils.java:logGet(43)) - raft.server.log.segment.cache.num.max = 2 (custom)
2019-09-11 07:39:34,170 [pool-117-thread-1] INFO  server.RaftServerConfigKeys (ConfUtils.java:logGet(43)) - raft.server.log.purge.gap = 1000000 (custom)
2019-09-11 07:39:34,170 [pool-57-thread-1] INFO  segmented.SegmentedRaftLogWorker (SegmentedRaftLogWorker.java:<init>(172)) - new 5b8ad787-4bf9-4bb4-bfeb-9c85cd30cda7@group-402BD240969B-SegmentedRaftLogWorker for RaftStorage:Storage Directory /workdir/hadoop-ozone/integration-test/target/test-dir/MiniOzoneClusterImpl-d0f0e288-b90a-4d92-9473-de78fda8b1d0/datanode-3/data/ratis/9f7a788d-0274-444c-82aa-402bd240969b
2019-09-11 07:39:34,170 [pool-67-thread-1] INFO  server.RaftServerConfigKeys (ConfUtils.java:logGet(43)) - raft.server.log.appender.buffer.byte-limit = 33554432 (custom)
2019-09-11 07:39:34,170 [pool-57-thread-1] INFO  server.RaftServerConfigKeys (ConfUtils.java:logGet(43)) - raft.server.log.queue.byte-limit = 2147483647 (custom)
2019-09-11 07:39:34,170 [pool-57-thread-1] INFO  server.RaftServerConfigKeys (ConfUtils.java:logGet(43)) - raft.server.log.queue.element-limit = 1024 (custom)
2019-09-11 07:39:34,170 [pool-117-thread-1] INFO  server.RaftServerConfigKeys (ConfUtils.java:logGet(43)) - raft.server.log.appender.buffer.byte-limit = 33554432 (custom)
2019-09-11 07:39:34,170 [pool-57-thread-1] INFO  server.RaftServerConfigKeys (ConfUtils.java:logGet(43)) - raft.server.log.segment.size.max = 1048576 (custom)
2019-09-11 07:39:34,170 [pool-67-thread-1] INFO  server.RaftServerConfigKeys (ConfUtils.java:logGet(43)) - raft.server.log.segment.size.max = 1048576 (custom)
2019-09-11 07:39:34,171 [pool-57-thread-1] INFO  server.RaftServerConfigKeys (ConfUtils.java:logGet(43)) - raft.server.log.preallocated.size = 16384 (custom)
2019-09-11 07:39:34,171 [pool-117-thread-1] INFO  server.RaftServerConfigKeys (ConfUtils.java:logGet(43)) - raft.server.log.segment.size.max = 1048576 (custom)
2019-09-11 07:39:34,171 [pool-57-thread-1] INFO  server.RaftServerConfigKeys (ConfUtils.java:logGet(43)) - raft.server.log.write.buffer.size = 33554432 (custom)
2019-09-11 07:39:34,171 [pool-67-thread-1] INFO  server.RaftServerConfigKeys (ConfUtils.java:logGet(43)) - raft.server.log.segment.cache.num.max = 2 (custom)
2019-09-11 07:39:34,171 [pool-57-thread-1] INFO  server.RaftServerConfigKeys (ConfUtils.java:logGet(43)) - raft.server.log.force.sync.num = 128 (default)
2019-09-11 07:39:34,171 [pool-117-thread-1] INFO  server.RaftServerConfigKeys (ConfUtils.java:logGet(43)) - raft.server.log.segment.cache.num.max = 2 (custom)
2019-09-11 07:39:34,171 [pool-57-thread-1] INFO  server.RaftServerConfigKeys (ConfUtils.java:logGet(43)) - raft.server.log.statemachine.data.sync = true (default)
2019-09-11 07:39:34,171 [pool-67-thread-1] INFO  segmented.SegmentedRaftLogWorker (SegmentedRaftLogWorker.java:<init>(172)) - new 9196f2dc-d574-4585-b48c-56d55fbc13c2@group-402BD240969B-SegmentedRaftLogWorker for RaftStorage:Storage Directory /workdir/hadoop-ozone/integration-test/target/test-dir/MiniOzoneClusterImpl-d0f0e288-b90a-4d92-9473-de78fda8b1d0/datanode-4/data/ratis/9f7a788d-0274-444c-82aa-402bd240969b
2019-09-11 07:39:34,174 [pool-57-thread-1] INFO  server.RaftServerConfigKeys (ConfUtils.java:logGet(43)) - raft.server.log.statemachine.data.sync.timeout = 10s (default)
2019-09-11 07:39:34,174 [pool-117-thread-1] INFO  segmented.SegmentedRaftLogWorker (SegmentedRaftLogWorker.java:<init>(172)) - new 8929662e-8651-4c9f-b246-d3ed69c98010@group-402BD240969B-SegmentedRaftLogWorker for RaftStorage:Storage Directory /workdir/hadoop-ozone/integration-test/target/test-dir/MiniOzoneClusterImpl-d0f0e288-b90a-4d92-9473-de78fda8b1d0/datanode-9/data/ratis/9f7a788d-0274-444c-82aa-402bd240969b
2019-09-11 07:39:34,174 [pool-57-thread-1] INFO  server.RaftServerConfigKeys (ConfUtils.java:logGet(43)) - raft.server.log.statemachine.data.sync.timeout.retry = -1 (default)
2019-09-11 07:39:34,174 [pool-67-thread-1] INFO  server.RaftServerConfigKeys (ConfUtils.java:logGet(43)) - raft.server.log.queue.byte-limit = 2147483647 (custom)
2019-09-11 07:39:34,174 [pool-57-thread-1] INFO  server.RaftServerConfigKeys (ConfUtils.java:logGet(43)) - raft.server.log.statemachine.data.caching.enabled = true (custom)
2019-09-11 07:39:34,174 [pool-117-thread-1] INFO  server.RaftServerConfigKeys (ConfUtils.java:logGet(43)) - raft.server.log.queue.byte-limit = 2147483647 (custom)
2019-09-11 07:39:34,174 [pool-67-thread-1] INFO  server.RaftServerConfigKeys (ConfUtils.java:logGet(43)) - raft.server.log.queue.element-limit = 1024 (custom)
2019-09-11 07:39:34,183 [pool-117-thread-1] INFO  server.RaftServerConfigKeys (ConfUtils.java:logGet(43)) - raft.server.log.queue.element-limit = 1024 (custom)
2019-09-11 07:39:34,183 [pool-67-thread-1] INFO  server.RaftServerConfigKeys (ConfUtils.java:logGet(43)) - raft.server.log.segment.size.max = 1048576 (custom)
2019-09-11 07:39:34,183 [pool-57-thread-1] INFO  segmented.SegmentedRaftLogWorker (SegmentedRaftLogWorker.java:lambda$new$0(132)) - 5b8ad787-4bf9-4bb4-bfeb-9c85cd30cda7@group-402BD240969B-SegmentedRaftLogWorker: flushIndex: setUnconditionally 0 -> -1
2019-09-11 07:39:34,183 [pool-67-thread-1] INFO  server.RaftServerConfigKeys (ConfUtils.java:logGet(43)) - raft.server.log.preallocated.size = 16384 (custom)
2019-09-11 07:39:34,183 [pool-117-thread-1] INFO  server.RaftServerConfigKeys (ConfUtils.java:logGet(43)) - raft.server.log.segment.size.max = 1048576 (custom)
2019-09-11 07:39:34,191 [pool-67-thread-1] INFO  server.RaftServerConfigKeys (ConfUtils.java:logGet(43)) - raft.server.log.write.buffer.size = 33554432 (custom)
2019-09-11 07:39:34,191 [pool-57-thread-1] INFO  server.RaftServerConfigKeys (ConfUtils.java:logGet(43)) - raft.server.snapshot.auto.trigger.enabled = true (custom)
2019-09-11 07:39:34,191 [pool-67-thread-1] INFO  server.RaftServerConfigKeys (ConfUtils.java:logGet(43)) - raft.server.log.force.sync.num = 128 (default)
2019-09-11 07:39:34,191 [pool-67-thread-1] INFO  server.RaftServerConfigKeys (ConfUtils.java:logGet(43)) - raft.server.log.statemachine.data.sync = true (default)
2019-09-11 07:39:34,191 [pool-117-thread-1] INFO  server.RaftServerConfigKeys (ConfUtils.java:logGet(43)) - raft.server.log.preallocated.size = 16384 (custom)
2019-09-11 07:39:34,191 [pool-67-thread-1] INFO  server.RaftServerConfigKeys (ConfUtils.java:logGet(43)) - raft.server.log.statemachine.data.sync.timeout = 10s (default)
2019-09-11 07:39:34,191 [pool-57-thread-1] INFO  server.RaftServerConfigKeys (ConfUtils.java:logGet(43)) - raft.server.snapshot.auto.trigger.threshold = 10000 (custom)
2019-09-11 07:39:34,191 [pool-67-thread-1] INFO  server.RaftServerConfigKeys (ConfUtils.java:logGet(43)) - raft.server.log.statemachine.data.sync.timeout.retry = -1 (default)
2019-09-11 07:39:34,191 [pool-117-thread-1] INFO  server.RaftServerConfigKeys (ConfUtils.java:logGet(43)) - raft.server.log.write.buffer.size = 33554432 (custom)
2019-09-11 07:39:34,192 [pool-67-thread-1] INFO  server.RaftServerConfigKeys (ConfUtils.java:logGet(43)) - raft.server.log.statemachine.data.caching.enabled = true (custom)
2019-09-11 07:39:34,192 [pool-57-thread-1] INFO  server.RaftServerConfigKeys (ConfUtils.java:logGet(43)) - raft.server.snapshot.retention.num.files = -1 (default)
2019-09-11 07:39:34,192 [pool-117-thread-1] INFO  server.RaftServerConfigKeys (ConfUtils.java:logGet(43)) - raft.server.log.force.sync.num = 128 (default)
2019-09-11 07:39:34,192 [pool-67-thread-1] INFO  segmented.SegmentedRaftLogWorker (SegmentedRaftLogWorker.java:lambda$new$0(132)) - 9196f2dc-d574-4585-b48c-56d55fbc13c2@group-402BD240969B-SegmentedRaftLogWorker: flushIndex: setUnconditionally 0 -> -1
2019-09-11 07:39:34,192 [pool-117-thread-1] INFO  server.RaftServerConfigKeys (ConfUtils.java:logGet(43)) - raft.server.log.statemachine.data.sync = true (default)
2019-09-11 07:39:34,192 [pool-57-thread-1] INFO  server.RaftServerConfigKeys (ConfUtils.java:logGet(43)) - raft.server.retrycache.expirytime = 600000ms (custom)
2019-09-11 07:39:34,192 [pool-117-thread-1] INFO  server.RaftServerConfigKeys (ConfUtils.java:logGet(43)) - raft.server.log.statemachine.data.sync.timeout = 10s (default)
2019-09-11 07:39:34,192 [pool-67-thread-1] INFO  server.RaftServerConfigKeys (ConfUtils.java:logGet(43)) - raft.server.snapshot.auto.trigger.enabled = true (custom)
2019-09-11 07:39:34,193 [pool-117-thread-1] INFO  server.RaftServerConfigKeys (ConfUtils.java:logGet(43)) - raft.server.log.statemachine.data.sync.timeout.retry = -1 (default)
2019-09-11 07:39:34,193 [pool-67-thread-1] INFO  server.RaftServerConfigKeys (ConfUtils.java:logGet(43)) - raft.server.snapshot.auto.trigger.threshold = 10000 (custom)
2019-09-11 07:39:34,193 [pool-117-thread-1] INFO  server.RaftServerConfigKeys (ConfUtils.java:logGet(43)) - raft.server.log.statemachine.data.caching.enabled = true (custom)
2019-09-11 07:39:34,193 [pool-67-thread-1] INFO  server.RaftServerConfigKeys (ConfUtils.java:logGet(43)) - raft.server.snapshot.retention.num.files = -1 (default)
2019-09-11 07:39:34,193 [pool-67-thread-1] INFO  server.RaftServerConfigKeys (ConfUtils.java:logGet(43)) - raft.server.retrycache.expirytime = 600000ms (custom)
2019-09-11 07:39:34,193 [pool-117-thread-1] INFO  segmented.SegmentedRaftLogWorker (SegmentedRaftLogWorker.java:lambda$new$0(132)) - 8929662e-8651-4c9f-b246-d3ed69c98010@group-402BD240969B-SegmentedRaftLogWorker: flushIndex: setUnconditionally 0 -> -1
2019-09-11 07:39:34,193 [pool-117-thread-1] INFO  server.RaftServerConfigKeys (ConfUtils.java:logGet(43)) - raft.server.snapshot.auto.trigger.enabled = true (custom)
2019-09-11 07:39:34,194 [pool-117-thread-1] INFO  server.RaftServerConfigKeys (ConfUtils.java:logGet(43)) - raft.server.snapshot.auto.trigger.threshold = 10000 (custom)
2019-09-11 07:39:34,194 [pool-117-thread-1] INFO  server.RaftServerConfigKeys (ConfUtils.java:logGet(43)) - raft.server.snapshot.retention.num.files = -1 (default)
2019-09-11 07:39:34,194 [pool-117-thread-1] INFO  server.RaftServerConfigKeys (ConfUtils.java:logGet(43)) - raft.server.retrycache.expirytime = 600000ms (custom)
2019-09-11 07:39:34,197 [pool-57-thread-1] INFO  impl.RaftServerImpl (RaftServerImpl.java:start(185)) - 5b8ad787-4bf9-4bb4-bfeb-9c85cd30cda7@group-402BD240969B: start as a follower, conf=-1: [9196f2dc-d574-4585-b48c-56d55fbc13c2:192.168.34.12:36626, 8929662e-8651-4c9f-b246-d3ed69c98010:192.168.34.12:45689, 5b8ad787-4bf9-4bb4-bfeb-9c85cd30cda7:192.168.34.12:34780], old=null
2019-09-11 07:39:34,197 [pool-57-thread-1] INFO  impl.RaftServerImpl (RaftServerImpl.java:setRole(174)) - 5b8ad787-4bf9-4bb4-bfeb-9c85cd30cda7@group-402BD240969B: changes role from      null to FOLLOWER at term 0 for startAsFollower
2019-09-11 07:39:34,198 [pool-57-thread-1] INFO  impl.RoleInfo (RoleInfo.java:updateAndGet(143)) - 5b8ad787-4bf9-4bb4-bfeb-9c85cd30cda7: start FollowerState
2019-09-11 07:39:34,198 [pool-67-thread-1] INFO  impl.RaftServerImpl (RaftServerImpl.java:start(185)) - 9196f2dc-d574-4585-b48c-56d55fbc13c2@group-402BD240969B: start as a follower, conf=-1: [9196f2dc-d574-4585-b48c-56d55fbc13c2:192.168.34.12:36626, 8929662e-8651-4c9f-b246-d3ed69c98010:192.168.34.12:45689, 5b8ad787-4bf9-4bb4-bfeb-9c85cd30cda7:192.168.34.12:34780], old=null
2019-09-11 07:39:34,198 [pool-67-thread-1] INFO  impl.RaftServerImpl (RaftServerImpl.java:setRole(174)) - 9196f2dc-d574-4585-b48c-56d55fbc13c2@group-402BD240969B: changes role from      null to FOLLOWER at term 0 for startAsFollower
2019-09-11 07:39:34,198 [pool-67-thread-1] INFO  impl.RoleInfo (RoleInfo.java:updateAndGet(143)) - 9196f2dc-d574-4585-b48c-56d55fbc13c2: start FollowerState
2019-09-11 07:39:34,198 [pool-117-thread-1] INFO  impl.RaftServerImpl (RaftServerImpl.java:start(185)) - 8929662e-8651-4c9f-b246-d3ed69c98010@group-402BD240969B: start as a follower, conf=-1: [9196f2dc-d574-4585-b48c-56d55fbc13c2:192.168.34.12:36626, 8929662e-8651-4c9f-b246-d3ed69c98010:192.168.34.12:45689, 5b8ad787-4bf9-4bb4-bfeb-9c85cd30cda7:192.168.34.12:34780], old=null
2019-09-11 07:39:34,198 [pool-57-thread-1] INFO  util.JmxRegister (JmxRegister.java:tryRegister(44)) - Successfully registered JMX Bean with object name Ratis:service=RaftServer,group=group-402BD240969B,id=5b8ad787-4bf9-4bb4-bfeb-9c85cd30cda7
2019-09-11 07:39:34,198 [pool-67-thread-1] INFO  util.JmxRegister (JmxRegister.java:tryRegister(44)) - Successfully registered JMX Bean with object name Ratis:service=RaftServer,group=group-402BD240969B,id=9196f2dc-d574-4585-b48c-56d55fbc13c2
2019-09-11 07:39:34,198 [pool-117-thread-1] INFO  impl.RaftServerImpl (RaftServerImpl.java:setRole(174)) - 8929662e-8651-4c9f-b246-d3ed69c98010@group-402BD240969B: changes role from      null to FOLLOWER at term 0 for startAsFollower
2019-09-11 07:39:34,199 [pool-117-thread-1] INFO  impl.RoleInfo (RoleInfo.java:updateAndGet(143)) - 8929662e-8651-4c9f-b246-d3ed69c98010: start FollowerState
2019-09-11 07:39:34,199 [pool-117-thread-1] INFO  util.JmxRegister (JmxRegister.java:tryRegister(44)) - Successfully registered JMX Bean with object name Ratis:service=RaftServer,group=group-402BD240969B,id=8929662e-8651-4c9f-b246-d3ed69c98010
2019-09-11 07:39:34,210 [RatisPipelineUtilsThread] INFO  pipeline.PipelineStateManager (PipelineStateManager.java:addPipeline(56)) - Created pipeline Pipeline[ Id: 9f7a788d-0274-444c-82aa-402bd240969b, Nodes: 5b8ad787-4bf9-4bb4-bfeb-9c85cd30cda7{ip: 192.168.34.12, host: pr-hdds-2106-8t9qr-763259812, networkLocation: /default-rack, certSerialId: null}8929662e-8651-4c9f-b246-d3ed69c98010{ip: 192.168.34.12, host: pr-hdds-2106-8t9qr-763259812, networkLocation: /default-rack, certSerialId: null}9196f2dc-d574-4585-b48c-56d55fbc13c2{ip: 192.168.34.12, host: pr-hdds-2106-8t9qr-763259812, networkLocation: /default-rack, certSerialId: null}, Type:RATIS, Factor:THREE, State:OPEN]
2019-09-11 07:39:34,237 [Thread-294] INFO  impl.FollowerState (FollowerState.java:run(106)) - 4bd38775-382d-4c4f-9f91-7366b5492a1e:group-8994B2DE644A changes to CANDIDATE, lastRpcTime:1062, electionTimeout:1055ms
2019-09-11 07:39:34,237 [Thread-291] INFO  impl.FollowerState (FollowerState.java:run(106)) - 72bb666e-e114-4432-9598-bd6d136490e0:group-C4BEAC822441 changes to CANDIDATE, lastRpcTime:1154, electionTimeout:1142ms
2019-09-11 07:39:34,241 [Thread-294] INFO  impl.RoleInfo (RoleInfo.java:shutdownFollowerState(121)) - 4bd38775-382d-4c4f-9f91-7366b5492a1e: shutdown FollowerState
2019-09-11 07:39:34,241 [Thread-291] INFO  impl.RoleInfo (RoleInfo.java:shutdownFollowerState(121)) - 72bb666e-e114-4432-9598-bd6d136490e0: shutdown FollowerState
2019-09-11 07:39:34,241 [Thread-294] INFO  impl.RaftServerImpl (RaftServerImpl.java:setRole(174)) - 4bd38775-382d-4c4f-9f91-7366b5492a1e@group-8994B2DE644A: changes role from  FOLLOWER to CANDIDATE at term 0 for changeToCandidate
2019-09-11 07:39:34,241 [Thread-291] INFO  impl.RaftServerImpl (RaftServerImpl.java:setRole(174)) - 72bb666e-e114-4432-9598-bd6d136490e0@group-C4BEAC822441: changes role from  FOLLOWER to CANDIDATE at term 0 for changeToCandidate
2019-09-11 07:39:34,242 [Thread-294] INFO  impl.RoleInfo (RoleInfo.java:updateAndGet(143)) - 4bd38775-382d-4c4f-9f91-7366b5492a1e: start LeaderElection
2019-09-11 07:39:34,242 [Thread-291] INFO  impl.RoleInfo (RoleInfo.java:updateAndGet(143)) - 72bb666e-e114-4432-9598-bd6d136490e0: start LeaderElection
2019-09-11 07:39:34,269 [48982da4-f995-48e9-b2c1-a2ad51cb7376@group-7D50ECD9C74E-SegmentedRaftLogWorker] INFO  segmented.SegmentedRaftLogWorker (SegmentedRaftLogWorker.java:execute(569)) - 48982da4-f995-48e9-b2c1-a2ad51cb7376@group-7D50ECD9C74E-SegmentedRaftLogWorker: created new log segment /workdir/hadoop-ozone/integration-test/target/test-dir/MiniOzoneClusterImpl-d0f0e288-b90a-4d92-9473-de78fda8b1d0/datanode-2/data/ratis/0e98d3f7-158b-4474-a7fb-7d50ecd9c74e/current/log_inprogress_0
2019-09-11 07:39:34,269 [72bb666e-e114-4432-9598-bd6d136490e0@group-C4BEAC822441:LeaderElection4] INFO  impl.LeaderElection (LeaderElection.java:askForVotes(182)) - 72bb666e-e114-4432-9598-bd6d136490e0@group-C4BEAC822441:LeaderElection4: begin an election at term 1 for -1: [72bb666e-e114-4432-9598-bd6d136490e0:192.168.34.12:43357], old=null
2019-09-11 07:39:34,269 [4bd38775-382d-4c4f-9f91-7366b5492a1e@group-8994B2DE644A:LeaderElection3] INFO  impl.LeaderElection (LeaderElection.java:askForVotes(182)) - 4bd38775-382d-4c4f-9f91-7366b5492a1e@group-8994B2DE644A:LeaderElection3: begin an election at term 1 for -1: [4bd38775-382d-4c4f-9f91-7366b5492a1e:192.168.34.12:33350], old=null
2019-09-11 07:39:34,269 [36be1d2c-b8e7-4a5e-9c9f-c881d55a8c5a@group-90472DB2A145-SegmentedRaftLogWorker] INFO  segmented.SegmentedRaftLogWorker (SegmentedRaftLogWorker.java:execute(569)) - 36be1d2c-b8e7-4a5e-9c9f-c881d55a8c5a@group-90472DB2A145-SegmentedRaftLogWorker: created new log segment /workdir/hadoop-ozone/integration-test/target/test-dir/MiniOzoneClusterImpl-d0f0e288-b90a-4d92-9473-de78fda8b1d0/datanode-0/data/ratis/bb0c72fd-0b25-4b58-80eb-90472db2a145/current/log_inprogress_0
2019-09-11 07:39:34,273 [4bd38775-382d-4c4f-9f91-7366b5492a1e@group-8994B2DE644A:LeaderElection3] INFO  impl.RoleInfo (RoleInfo.java:shutdownLeaderElection(134)) - 4bd38775-382d-4c4f-9f91-7366b5492a1e: shutdown LeaderElection
2019-09-11 07:39:34,273 [72bb666e-e114-4432-9598-bd6d136490e0@group-C4BEAC822441:LeaderElection4] INFO  impl.RoleInfo (RoleInfo.java:shutdownLeaderElection(134)) - 72bb666e-e114-4432-9598-bd6d136490e0: shutdown LeaderElection
2019-09-11 07:39:34,274 [4bd38775-382d-4c4f-9f91-7366b5492a1e@group-8994B2DE644A:LeaderElection3] INFO  impl.RaftServerImpl (RaftServerImpl.java:setRole(174)) - 4bd38775-382d-4c4f-9f91-7366b5492a1e@group-8994B2DE644A: changes role from CANDIDATE to LEADER at term 1 for changeToLeader
2019-09-11 07:39:34,274 [72bb666e-e114-4432-9598-bd6d136490e0@group-C4BEAC822441:LeaderElection4] INFO  impl.RaftServerImpl (RaftServerImpl.java:setRole(174)) - 72bb666e-e114-4432-9598-bd6d136490e0@group-C4BEAC822441: changes role from CANDIDATE to LEADER at term 1 for changeToLeader
2019-09-11 07:39:34,274 [4bd38775-382d-4c4f-9f91-7366b5492a1e@group-8994B2DE644A:LeaderElection3] INFO  impl.RaftServerImpl (ServerState.java:setLeader(253)) - 4bd38775-382d-4c4f-9f91-7366b5492a1e@group-8994B2DE644A: change Leader from null to 4bd38775-382d-4c4f-9f91-7366b5492a1e at term 1 for becomeLeader, leader elected after 1113ms
2019-09-11 07:39:34,274 [72bb666e-e114-4432-9598-bd6d136490e0@group-C4BEAC822441:LeaderElection4] INFO  impl.RaftServerImpl (ServerState.java:setLeader(253)) - 72bb666e-e114-4432-9598-bd6d136490e0@group-C4BEAC822441: change Leader from null to 72bb666e-e114-4432-9598-bd6d136490e0 at term 1 for becomeLeader, leader elected after 1258ms
2019-09-11 07:39:34,274 [4bd38775-382d-4c4f-9f91-7366b5492a1e@group-8994B2DE644A:LeaderElection3] INFO  server.RaftServerConfigKeys (ConfUtils.java:logGet(43)) - raft.server.staging.catchup.gap = 1000 (default)
2019-09-11 07:39:34,274 [72bb666e-e114-4432-9598-bd6d136490e0@group-C4BEAC822441:LeaderElection4] INFO  server.RaftServerConfigKeys (ConfUtils.java:logGet(43)) - raft.server.staging.catchup.gap = 1000 (default)
2019-09-11 07:39:34,274 [4bd38775-382d-4c4f-9f91-7366b5492a1e@group-8994B2DE644A:LeaderElection3] INFO  server.RaftServerConfigKeys (ConfUtils.java:logGet(43)) - raft.server.rpc.sleep.time = 25ms (default)
2019-09-11 07:39:34,276 [72bb666e-e114-4432-9598-bd6d136490e0@group-C4BEAC822441:LeaderElection4] INFO  server.RaftServerConfigKeys (ConfUtils.java:logGet(43)) - raft.server.rpc.sleep.time = 25ms (default)
2019-09-11 07:39:34,276 [4bd38775-382d-4c4f-9f91-7366b5492a1e@group-8994B2DE644A:LeaderElection3] INFO  server.RaftServerConfigKeys (ConfUtils.java:logGet(43)) - raft.server.write.element-limit = 4096 (default)
2019-09-11 07:39:34,280 [72bb666e-e114-4432-9598-bd6d136490e0@group-C4BEAC822441:LeaderElection4] INFO  server.RaftServerConfigKeys (ConfUtils.java:logGet(43)) - raft.server.write.element-limit = 4096 (default)
2019-09-11 07:39:34,280 [4bd38775-382d-4c4f-9f91-7366b5492a1e@group-8994B2DE644A:LeaderElection3] INFO  server.RaftServerConfigKeys (ConfUtils.java:logGet(43)) - raft.server.watch.timeout = 10s (default)
2019-09-11 07:39:34,280 [72bb666e-e114-4432-9598-bd6d136490e0@group-C4BEAC822441:LeaderElection4] INFO  server.RaftServerConfigKeys (ConfUtils.java:logGet(43)) - raft.server.watch.timeout = 10s (default)
2019-09-11 07:39:34,280 [4bd38775-382d-4c4f-9f91-7366b5492a1e@group-8994B2DE644A:LeaderElection3] INFO  server.RaftServerConfigKeys (ConfUtils.java:logGet(43)) - raft.server.watch.timeout.denomination = 1s (default)
2019-09-11 07:39:34,280 [72bb666e-e114-4432-9598-bd6d136490e0@group-C4BEAC822441:LeaderElection4] INFO  server.RaftServerConfigKeys (ConfUtils.java:logGet(43)) - raft.server.watch.timeout.denomination = 1s (default)
2019-09-11 07:39:34,280 [4bd38775-382d-4c4f-9f91-7366b5492a1e@group-8994B2DE644A:LeaderElection3] INFO  server.RaftServerConfigKeys (ConfUtils.java:logGet(43)) - raft.server.watch.element-limit = 65536 (default)
2019-09-11 07:39:34,280 [72bb666e-e114-4432-9598-bd6d136490e0@group-C4BEAC822441:LeaderElection4] INFO  server.RaftServerConfigKeys (ConfUtils.java:logGet(43)) - raft.server.watch.element-limit = 65536 (default)
2019-09-11 07:39:34,283 [4bd38775-382d-4c4f-9f91-7366b5492a1e@group-8994B2DE644A:LeaderElection3] INFO  impl.RoleInfo (RoleInfo.java:updateAndGet(143)) - 4bd38775-382d-4c4f-9f91-7366b5492a1e: start LeaderState
2019-09-11 07:39:34,283 [4bd38775-382d-4c4f-9f91-7366b5492a1e@group-8994B2DE644A:LeaderElection3] INFO  segmented.SegmentedRaftLogWorker (SegmentedRaftLogWorker.java:startLogSegment(380)) - 4bd38775-382d-4c4f-9f91-7366b5492a1e@group-8994B2DE644A-SegmentedRaftLogWorker: Starting segment from index:0
2019-09-11 07:39:34,284 [4bd38775-382d-4c4f-9f91-7366b5492a1e@group-8994B2DE644A:LeaderElection3] INFO  impl.RaftServerImpl (ServerState.java:setRaftConf(354)) - 4bd38775-382d-4c4f-9f91-7366b5492a1e@group-8994B2DE644A: set configuration 0: [4bd38775-382d-4c4f-9f91-7366b5492a1e:192.168.34.12:33350], old=null at 0
2019-09-11 07:39:34,310 [72bb666e-e114-4432-9598-bd6d136490e0@group-C4BEAC822441:LeaderElection4] INFO  impl.RoleInfo (RoleInfo.java:updateAndGet(143)) - 72bb666e-e114-4432-9598-bd6d136490e0: start LeaderState
2019-09-11 07:39:34,311 [72bb666e-e114-4432-9598-bd6d136490e0@group-C4BEAC822441:LeaderElection4] INFO  segmented.SegmentedRaftLogWorker (SegmentedRaftLogWorker.java:startLogSegment(380)) - 72bb666e-e114-4432-9598-bd6d136490e0@group-C4BEAC822441-SegmentedRaftLogWorker: Starting segment from index:0
2019-09-11 07:39:34,311 [72bb666e-e114-4432-9598-bd6d136490e0@group-C4BEAC822441:LeaderElection4] INFO  impl.RaftServerImpl (ServerState.java:setRaftConf(354)) - 72bb666e-e114-4432-9598-bd6d136490e0@group-C4BEAC822441: set configuration 0: [72bb666e-e114-4432-9598-bd6d136490e0:192.168.34.12:43357], old=null at 0
2019-09-11 07:39:34,349 [4bd38775-382d-4c4f-9f91-7366b5492a1e@group-8994B2DE644A-SegmentedRaftLogWorker] INFO  segmented.SegmentedRaftLogWorker (SegmentedRaftLogWorker.java:execute(569)) - 4bd38775-382d-4c4f-9f91-7366b5492a1e@group-8994B2DE644A-SegmentedRaftLogWorker: created new log segment /workdir/hadoop-ozone/integration-test/target/test-dir/MiniOzoneClusterImpl-d0f0e288-b90a-4d92-9473-de78fda8b1d0/datanode-1/data/ratis/bb50ffaf-7e9b-493e-91a9-8994b2de644a/current/log_inprogress_0
2019-09-11 07:39:34,363 [72bb666e-e114-4432-9598-bd6d136490e0@group-C4BEAC822441-SegmentedRaftLogWorker] INFO  segmented.SegmentedRaftLogWorker (SegmentedRaftLogWorker.java:execute(569)) - 72bb666e-e114-4432-9598-bd6d136490e0@group-C4BEAC822441-SegmentedRaftLogWorker: created new log segment /workdir/hadoop-ozone/integration-test/target/test-dir/MiniOzoneClusterImpl-d0f0e288-b90a-4d92-9473-de78fda8b1d0/datanode-8/data/ratis/c3c128b7-361a-4cb1-ac52-c4beac822441/current/log_inprogress_0
2019-09-11 07:39:34,370 [Thread-297] INFO  impl.FollowerState (FollowerState.java:run(106)) - a1a3d5df-f415-4291-8622-8b18f7b50573:group-BE9F8575EFA8 changes to CANDIDATE, lastRpcTime:1032, electionTimeout:1032ms
2019-09-11 07:39:34,370 [Thread-297] INFO  impl.RoleInfo (RoleInfo.java:shutdownFollowerState(121)) - a1a3d5df-f415-4291-8622-8b18f7b50573: shutdown FollowerState
2019-09-11 07:39:34,370 [Thread-297] INFO  impl.RaftServerImpl (RaftServerImpl.java:setRole(174)) - a1a3d5df-f415-4291-8622-8b18f7b50573@group-BE9F8575EFA8: changes role from  FOLLOWER to CANDIDATE at term 0 for changeToCandidate
2019-09-11 07:39:34,371 [Thread-297] INFO  impl.RoleInfo (RoleInfo.java:updateAndGet(143)) - a1a3d5df-f415-4291-8622-8b18f7b50573: start LeaderElection
2019-09-11 07:39:34,390 [a1a3d5df-f415-4291-8622-8b18f7b50573@group-BE9F8575EFA8:LeaderElection5] INFO  impl.LeaderElection (LeaderElection.java:askForVotes(182)) - a1a3d5df-f415-4291-8622-8b18f7b50573@group-BE9F8575EFA8:LeaderElection5: begin an election at term 1 for -1: [a1a3d5df-f415-4291-8622-8b18f7b50573:192.168.34.12:41207], old=null
2019-09-11 07:39:34,390 [a1a3d5df-f415-4291-8622-8b18f7b50573@group-BE9F8575EFA8:LeaderElection5] INFO  impl.RoleInfo (RoleInfo.java:shutdownLeaderElection(134)) - a1a3d5df-f415-4291-8622-8b18f7b50573: shutdown LeaderElection
2019-09-11 07:39:34,390 [a1a3d5df-f415-4291-8622-8b18f7b50573@group-BE9F8575EFA8:LeaderElection5] INFO  impl.RaftServerImpl (RaftServerImpl.java:setRole(174)) - a1a3d5df-f415-4291-8622-8b18f7b50573@group-BE9F8575EFA8: changes role from CANDIDATE to LEADER at term 1 for changeToLeader
2019-09-11 07:39:34,390 [a1a3d5df-f415-4291-8622-8b18f7b50573@group-BE9F8575EFA8:LeaderElection5] INFO  impl.RaftServerImpl (ServerState.java:setLeader(253)) - a1a3d5df-f415-4291-8622-8b18f7b50573@group-BE9F8575EFA8: change Leader from null to a1a3d5df-f415-4291-8622-8b18f7b50573 at term 1 for becomeLeader, leader elected after 1141ms
2019-09-11 07:39:34,390 [a1a3d5df-f415-4291-8622-8b18f7b50573@group-BE9F8575EFA8:LeaderElection5] INFO  server.RaftServerConfigKeys (ConfUtils.java:logGet(43)) - raft.server.staging.catchup.gap = 1000 (default)
2019-09-11 07:39:34,391 [a1a3d5df-f415-4291-8622-8b18f7b50573@group-BE9F8575EFA8:LeaderElection5] INFO  server.RaftServerConfigKeys (ConfUtils.java:logGet(43)) - raft.server.rpc.sleep.time = 25ms (default)
2019-09-11 07:39:34,391 [a1a3d5df-f415-4291-8622-8b18f7b50573@group-BE9F8575EFA8:LeaderElection5] INFO  server.RaftServerConfigKeys (ConfUtils.java:logGet(43)) - raft.server.write.element-limit = 4096 (default)
2019-09-11 07:39:34,391 [a1a3d5df-f415-4291-8622-8b18f7b50573@group-BE9F8575EFA8:LeaderElection5] INFO  server.RaftServerConfigKeys (ConfUtils.java:logGet(43)) - raft.server.watch.timeout = 10s (default)
2019-09-11 07:39:34,391 [a1a3d5df-f415-4291-8622-8b18f7b50573@group-BE9F8575EFA8:LeaderElection5] INFO  server.RaftServerConfigKeys (ConfUtils.java:logGet(43)) - raft.server.watch.timeout.denomination = 1s (default)
2019-09-11 07:39:34,391 [a1a3d5df-f415-4291-8622-8b18f7b50573@group-BE9F8575EFA8:LeaderElection5] INFO  server.RaftServerConfigKeys (ConfUtils.java:logGet(43)) - raft.server.watch.element-limit = 65536 (default)
2019-09-11 07:39:34,394 [a1a3d5df-f415-4291-8622-8b18f7b50573@group-BE9F8575EFA8:LeaderElection5] INFO  impl.RoleInfo (RoleInfo.java:updateAndGet(143)) - a1a3d5df-f415-4291-8622-8b18f7b50573: start LeaderState
2019-09-11 07:39:34,395 [a1a3d5df-f415-4291-8622-8b18f7b50573@group-BE9F8575EFA8:LeaderElection5] INFO  segmented.SegmentedRaftLogWorker (SegmentedRaftLogWorker.java:startLogSegment(380)) - a1a3d5df-f415-4291-8622-8b18f7b50573@group-BE9F8575EFA8-SegmentedRaftLogWorker: Starting segment from index:0
2019-09-11 07:39:34,395 [a1a3d5df-f415-4291-8622-8b18f7b50573@group-BE9F8575EFA8:LeaderElection5] INFO  impl.RaftServerImpl (ServerState.java:setRaftConf(354)) - a1a3d5df-f415-4291-8622-8b18f7b50573@group-BE9F8575EFA8: set configuration 0: [a1a3d5df-f415-4291-8622-8b18f7b50573:192.168.34.12:41207], old=null at 0
2019-09-11 07:39:34,453 [main] INFO  rpc.RpcClient (RpcClient.java:createVolume(298)) - Creating Volume: datanodefailurehandlingtest, with jenkins1000 as owner.
2019-09-11 07:39:34,454 [a1a3d5df-f415-4291-8622-8b18f7b50573@group-BE9F8575EFA8-SegmentedRaftLogWorker] INFO  segmented.SegmentedRaftLogWorker (SegmentedRaftLogWorker.java:execute(569)) - a1a3d5df-f415-4291-8622-8b18f7b50573@group-BE9F8575EFA8-SegmentedRaftLogWorker: created new log segment /workdir/hadoop-ozone/integration-test/target/test-dir/MiniOzoneClusterImpl-d0f0e288-b90a-4d92-9473-de78fda8b1d0/datanode-6/data/ratis/aafab658-8e9b-4585-861a-be9f8575efa8/current/log_inprogress_0
2019-09-11 07:39:34,874 [Thread-306] INFO  impl.FollowerState (FollowerState.java:run(106)) - 8929662e-8651-4c9f-b246-d3ed69c98010:group-F46D09253586 changes to CANDIDATE, lastRpcTime:1220, electionTimeout:1189ms
2019-09-11 07:39:34,874 [Thread-311] INFO  impl.FollowerState (FollowerState.java:run(106)) - 9196f2dc-d574-4585-b48c-56d55fbc13c2:group-3BDDF761E99D changes to CANDIDATE, lastRpcTime:1100, electionTimeout:1061ms
2019-09-11 07:39:34,874 [Thread-303] INFO  impl.FollowerState (FollowerState.java:run(106)) - 5b8ad787-4bf9-4bb4-bfeb-9c85cd30cda7:group-A5348760989C changes to CANDIDATE, lastRpcTime:1309, electionTimeout:1191ms
2019-09-11 07:39:34,874 [Thread-311] INFO  impl.RoleInfo (RoleInfo.java:shutdownFollowerState(121)) - 9196f2dc-d574-4585-b48c-56d55fbc13c2: shutdown FollowerState
2019-09-11 07:39:34,874 [Thread-303] INFO  impl.RoleInfo (RoleInfo.java:shutdownFollowerState(121)) - 5b8ad787-4bf9-4bb4-bfeb-9c85cd30cda7: shutdown FollowerState
2019-09-11 07:39:34,874 [Thread-306] INFO  impl.RoleInfo (RoleInfo.java:shutdownFollowerState(121)) - 8929662e-8651-4c9f-b246-d3ed69c98010: shutdown FollowerState
2019-09-11 07:39:34,875 [Thread-300] INFO  impl.FollowerState (FollowerState.java:run(106)) - 7366865a-3ccb-4fea-a2e2-b7a0314f55f5:group-34C649CB9FC7 changes to CANDIDATE, lastRpcTime:1412, electionTimeout:1151ms
2019-09-11 07:39:34,878 [Thread-311] INFO  impl.RaftServerImpl (RaftServerImpl.java:setRole(174)) - 9196f2dc-d574-4585-b48c-56d55fbc13c2@group-3BDDF761E99D: changes role from  FOLLOWER to CANDIDATE at term 0 for changeToCandidate
2019-09-11 07:39:34,879 [Thread-303] INFO  impl.RaftServerImpl (RaftServerImpl.java:setRole(174)) - 5b8ad787-4bf9-4bb4-bfeb-9c85cd30cda7@group-A5348760989C: changes role from  FOLLOWER to CANDIDATE at term 0 for changeToCandidate
2019-09-11 07:39:34,879 [Thread-306] INFO  impl.RaftServerImpl (RaftServerImpl.java:setRole(174)) - 8929662e-8651-4c9f-b246-d3ed69c98010@group-F46D09253586: changes role from  FOLLOWER to CANDIDATE at term 0 for changeToCandidate
2019-09-11 07:39:34,879 [Thread-303] INFO  impl.RoleInfo (RoleInfo.java:updateAndGet(143)) - 5b8ad787-4bf9-4bb4-bfeb-9c85cd30cda7: start LeaderElection
2019-09-11 07:39:34,879 [Thread-300] INFO  impl.RoleInfo (RoleInfo.java:shutdownFollowerState(121)) - 7366865a-3ccb-4fea-a2e2-b7a0314f55f5: shutdown FollowerState
2019-09-11 07:39:34,884 [Thread-306] INFO  impl.RoleInfo (RoleInfo.java:updateAndGet(143)) - 8929662e-8651-4c9f-b246-d3ed69c98010: start LeaderElection
2019-09-11 07:39:34,879 [Thread-311] INFO  impl.RoleInfo (RoleInfo.java:updateAndGet(143)) - 9196f2dc-d574-4585-b48c-56d55fbc13c2: start LeaderElection
2019-09-11 07:39:34,904 [Thread-300] INFO  impl.RaftServerImpl (RaftServerImpl.java:setRole(174)) - 7366865a-3ccb-4fea-a2e2-b7a0314f55f5@group-34C649CB9FC7: changes role from  FOLLOWER to CANDIDATE at term 0 for changeToCandidate
2019-09-11 07:39:34,930 [Thread-300] INFO  impl.RoleInfo (RoleInfo.java:updateAndGet(143)) - 7366865a-3ccb-4fea-a2e2-b7a0314f55f5: start LeaderElection
2019-09-11 07:39:34,956 [7366865a-3ccb-4fea-a2e2-b7a0314f55f5@group-34C649CB9FC7:LeaderElection9] INFO  impl.LeaderElection (LeaderElection.java:askForVotes(182)) - 7366865a-3ccb-4fea-a2e2-b7a0314f55f5@group-34C649CB9FC7:LeaderElection9: begin an election at term 1 for -1: [7366865a-3ccb-4fea-a2e2-b7a0314f55f5:192.168.34.12:39985], old=null
2019-09-11 07:39:34,956 [9196f2dc-d574-4585-b48c-56d55fbc13c2@group-3BDDF761E99D:LeaderElection6] INFO  impl.LeaderElection (LeaderElection.java:askForVotes(182)) - 9196f2dc-d574-4585-b48c-56d55fbc13c2@group-3BDDF761E99D:LeaderElection6: begin an election at term 1 for -1: [9196f2dc-d574-4585-b48c-56d55fbc13c2:192.168.34.12:36626], old=null
2019-09-11 07:39:34,956 [8929662e-8651-4c9f-b246-d3ed69c98010@group-F46D09253586:LeaderElection8] INFO  impl.LeaderElection (LeaderElection.java:askForVotes(182)) - 8929662e-8651-4c9f-b246-d3ed69c98010@group-F46D09253586:LeaderElection8: begin an election at term 1 for -1: [8929662e-8651-4c9f-b246-d3ed69c98010:192.168.34.12:45689], old=null
2019-09-11 07:39:34,956 [5b8ad787-4bf9-4bb4-bfeb-9c85cd30cda7@group-A5348760989C:LeaderElection7] INFO  impl.LeaderElection (LeaderElection.java:askForVotes(182)) - 5b8ad787-4bf9-4bb4-bfeb-9c85cd30cda7@group-A5348760989C:LeaderElection7: begin an election at term 1 for -1: [5b8ad787-4bf9-4bb4-bfeb-9c85cd30cda7:192.168.34.12:34780], old=null
2019-09-11 07:39:34,959 [8929662e-8651-4c9f-b246-d3ed69c98010@group-F46D09253586:LeaderElection8] INFO  impl.RoleInfo (RoleInfo.java:shutdownLeaderElection(134)) - 8929662e-8651-4c9f-b246-d3ed69c98010: shutdown LeaderElection
2019-09-11 07:39:34,957 [9196f2dc-d574-4585-b48c-56d55fbc13c2@group-3BDDF761E99D:LeaderElection6] INFO  impl.RoleInfo (RoleInfo.java:shutdownLeaderElection(134)) - 9196f2dc-d574-4585-b48c-56d55fbc13c2: shutdown LeaderElection
2019-09-11 07:39:34,957 [7366865a-3ccb-4fea-a2e2-b7a0314f55f5@group-34C649CB9FC7:LeaderElection9] INFO  impl.RoleInfo (RoleInfo.java:shutdownLeaderElection(134)) - 7366865a-3ccb-4fea-a2e2-b7a0314f55f5: shutdown LeaderElection
2019-09-11 07:39:34,965 [Thread-315] INFO  impl.FollowerState (FollowerState.java:run(106)) - 94695109-ccac-4717-8ca0-575ae92c92f3:group-932359C60AFE changes to CANDIDATE, lastRpcTime:1101, electionTimeout:1101ms
2019-09-11 07:39:34,962 [9196f2dc-d574-4585-b48c-56d55fbc13c2@group-3BDDF761E99D:LeaderElection6] INFO  impl.RaftServerImpl (RaftServerImpl.java:setRole(174)) - 9196f2dc-d574-4585-b48c-56d55fbc13c2@group-3BDDF761E99D: changes role from CANDIDATE to LEADER at term 1 for changeToLeader
2019-09-11 07:39:34,971 [Thread-315] INFO  impl.RoleInfo (RoleInfo.java:shutdownFollowerState(121)) - 94695109-ccac-4717-8ca0-575ae92c92f3: shutdown FollowerState
2019-09-11 07:39:34,960 [8929662e-8651-4c9f-b246-d3ed69c98010@group-F46D09253586:LeaderElection8] INFO  impl.RaftServerImpl (RaftServerImpl.java:setRole(174)) - 8929662e-8651-4c9f-b246-d3ed69c98010@group-F46D09253586: changes role from CANDIDATE to LEADER at term 1 for changeToLeader
2019-09-11 07:39:34,959 [5b8ad787-4bf9-4bb4-bfeb-9c85cd30cda7@group-A5348760989C:LeaderElection7] INFO  impl.RoleInfo (RoleInfo.java:shutdownLeaderElection(134)) - 5b8ad787-4bf9-4bb4-bfeb-9c85cd30cda7: shutdown LeaderElection
2019-09-11 07:39:34,971 [8929662e-8651-4c9f-b246-d3ed69c98010@group-F46D09253586:LeaderElection8] INFO  impl.RaftServerImpl (ServerState.java:setLeader(253)) - 8929662e-8651-4c9f-b246-d3ed69c98010@group-F46D09253586: change Leader from null to 8929662e-8651-4c9f-b246-d3ed69c98010 at term 1 for becomeLeader, leader elected after 1327ms
2019-09-11 07:39:34,971 [Thread-315] INFO  impl.RaftServerImpl (RaftServerImpl.java:setRole(174)) - 94695109-ccac-4717-8ca0-575ae92c92f3@group-932359C60AFE: changes role from  FOLLOWER to CANDIDATE at term 0 for changeToCandidate
2019-09-11 07:39:34,971 [9196f2dc-d574-4585-b48c-56d55fbc13c2@group-3BDDF761E99D:LeaderElection6] INFO  impl.RaftServerImpl (ServerState.java:setLeader(253)) - 9196f2dc-d574-4585-b48c-56d55fbc13c2@group-3BDDF761E99D: change Leader from null to 9196f2dc-d574-4585-b48c-56d55fbc13c2 at term 1 for becomeLeader, leader elected after 1207ms
2019-09-11 07:39:34,971 [7366865a-3ccb-4fea-a2e2-b7a0314f55f5@group-34C649CB9FC7:LeaderElection9] INFO  impl.RaftServerImpl (RaftServerImpl.java:setRole(174)) - 7366865a-3ccb-4fea-a2e2-b7a0314f55f5@group-34C649CB9FC7: changes role from CANDIDATE to LEADER at term 1 for changeToLeader
2019-09-11 07:39:35,013 [9196f2dc-d574-4585-b48c-56d55fbc13c2@group-3BDDF761E99D:LeaderElection6] INFO  server.RaftServerConfigKeys (ConfUtils.java:logGet(43)) - raft.server.staging.catchup.gap = 1000 (default)
2019-09-11 07:39:35,013 [Thread-315] INFO  impl.RoleInfo (RoleInfo.java:updateAndGet(143)) - 94695109-ccac-4717-8ca0-575ae92c92f3: start LeaderElection
2019-09-11 07:39:35,012 [8929662e-8651-4c9f-b246-d3ed69c98010@group-F46D09253586:LeaderElection8] INFO  server.RaftServerConfigKeys (ConfUtils.java:logGet(43)) - raft.server.staging.catchup.gap = 1000 (default)
2019-09-11 07:39:34,993 [Thread-323] INFO  impl.FollowerState (FollowerState.java:run(106)) - 72bb666e-e114-4432-9598-bd6d136490e0:group-91E122509A7B changes to CANDIDATE, lastRpcTime:1020, electionTimeout:1020ms
2019-09-11 07:39:34,986 [5b8ad787-4bf9-4bb4-bfeb-9c85cd30cda7@group-A5348760989C:LeaderElection7] INFO  impl.RaftServerImpl (RaftServerImpl.java:setRole(174)) - 5b8ad787-4bf9-4bb4-bfeb-9c85cd30cda7@group-A5348760989C: changes role from CANDIDATE to LEADER at term 1 for changeToLeader
2019-09-11 07:39:35,014 [Thread-323] INFO  impl.RoleInfo (RoleInfo.java:shutdownFollowerState(121)) - 72bb666e-e114-4432-9598-bd6d136490e0: shutdown FollowerState
2019-09-11 07:39:35,014 [8929662e-8651-4c9f-b246-d3ed69c98010@group-F46D09253586:LeaderElection8] INFO  server.RaftServerConfigKeys (ConfUtils.java:logGet(43)) - raft.server.rpc.sleep.time = 25ms (default)
2019-09-11 07:39:35,013 [9196f2dc-d574-4585-b48c-56d55fbc13c2@group-3BDDF761E99D:LeaderElection6] INFO  server.RaftServerConfigKeys (ConfUtils.java:logGet(43)) - raft.server.rpc.sleep.time = 25ms (default)
2019-09-11 07:39:35,013 [7366865a-3ccb-4fea-a2e2-b7a0314f55f5@group-34C649CB9FC7:LeaderElection9] INFO  impl.RaftServerImpl (ServerState.java:setLeader(253)) - 7366865a-3ccb-4fea-a2e2-b7a0314f55f5@group-34C649CB9FC7: change Leader from null to 7366865a-3ccb-4fea-a2e2-b7a0314f55f5 at term 1 for becomeLeader, leader elected after 1566ms
2019-09-11 07:39:35,014 [Thread-323] INFO  impl.RaftServerImpl (RaftServerImpl.java:setRole(174)) - 72bb666e-e114-4432-9598-bd6d136490e0@group-91E122509A7B: changes role from  FOLLOWER to CANDIDATE at term 0 for changeToCandidate
2019-09-11 07:39:35,015 [7366865a-3ccb-4fea-a2e2-b7a0314f55f5@group-34C649CB9FC7:LeaderElection9] INFO  server.RaftServerConfigKeys (ConfUtils.java:logGet(43)) - raft.server.staging.catchup.gap = 1000 (default)
2019-09-11 07:39:35,014 [5b8ad787-4bf9-4bb4-bfeb-9c85cd30cda7@group-A5348760989C:LeaderElection7] INFO  impl.RaftServerImpl (ServerState.java:setLeader(253)) - 5b8ad787-4bf9-4bb4-bfeb-9c85cd30cda7@group-A5348760989C: change Leader from null to 5b8ad787-4bf9-4bb4-bfeb-9c85cd30cda7 at term 1 for becomeLeader, leader elected after 1461ms
2019-09-11 07:39:35,015 [7366865a-3ccb-4fea-a2e2-b7a0314f55f5@group-34C649CB9FC7:LeaderElection9] INFO  server.RaftServerConfigKeys (ConfUtils.java:logGet(43)) - raft.server.rpc.sleep.time = 25ms (default)
2019-09-11 07:39:35,015 [5b8ad787-4bf9-4bb4-bfeb-9c85cd30cda7@group-A5348760989C:LeaderElection7] INFO  server.RaftServerConfigKeys (ConfUtils.java:logGet(43)) - raft.server.staging.catchup.gap = 1000 (default)
2019-09-11 07:39:35,015 [5b8ad787-4bf9-4bb4-bfeb-9c85cd30cda7@group-A5348760989C:LeaderElection7] INFO  server.RaftServerConfigKeys (ConfUtils.java:logGet(43)) - raft.server.rpc.sleep.time = 25ms (default)
2019-09-11 07:39:35,043 [5b8ad787-4bf9-4bb4-bfeb-9c85cd30cda7@group-A5348760989C:LeaderElection7] INFO  server.RaftServerConfigKeys (ConfUtils.java:logGet(43)) - raft.server.write.element-limit = 4096 (default)
2019-09-11 07:39:35,043 [9196f2dc-d574-4585-b48c-56d55fbc13c2@group-3BDDF761E99D:LeaderElection6] INFO  server.RaftServerConfigKeys (ConfUtils.java:logGet(43)) - raft.server.write.element-limit = 4096 (default)
2019-09-11 07:39:35,043 [8929662e-8651-4c9f-b246-d3ed69c98010@group-F46D09253586:LeaderElection8] INFO  server.RaftServerConfigKeys (ConfUtils.java:logGet(43)) - raft.server.write.element-limit = 4096 (default)
2019-09-11 07:39:35,043 [7366865a-3ccb-4fea-a2e2-b7a0314f55f5@group-34C649CB9FC7:LeaderElection9] INFO  server.RaftServerConfigKeys (ConfUtils.java:logGet(43)) - raft.server.write.element-limit = 4096 (default)
2019-09-11 07:39:35,043 [Thread-323] INFO  impl.RoleInfo (RoleInfo.java:updateAndGet(143)) - 72bb666e-e114-4432-9598-bd6d136490e0: start LeaderElection
2019-09-11 07:39:35,057 [7366865a-3ccb-4fea-a2e2-b7a0314f55f5@group-34C649CB9FC7:LeaderElection9] INFO  server.RaftServerConfigKeys (ConfUtils.java:logGet(43)) - raft.server.watch.timeout = 10s (default)
2019-09-11 07:39:35,057 [8929662e-8651-4c9f-b246-d3ed69c98010@group-F46D09253586:LeaderElection8] INFO  server.RaftServerConfigKeys (ConfUtils.java:logGet(43)) - raft.server.watch.timeout = 10s (default)
2019-09-11 07:39:35,050 [Thread-320] INFO  impl.FollowerState (FollowerState.java:run(106)) - 48982da4-f995-48e9-b2c1-a2ad51cb7376:group-91E122509A7B changes to CANDIDATE, lastRpcTime:1083, electionTimeout:1078ms
2019-09-11 07:39:35,050 [9196f2dc-d574-4585-b48c-56d55fbc13c2@group-3BDDF761E99D:LeaderElection6] INFO  server.RaftServerConfigKeys (ConfUtils.java:logGet(43)) - raft.server.watch.timeout = 10s (default)
2019-09-11 07:39:35,043 [5b8ad787-4bf9-4bb4-bfeb-9c85cd30cda7@group-A5348760989C:LeaderElection7] INFO  server.RaftServerConfigKeys (ConfUtils.java:logGet(43)) - raft.server.watch.timeout = 10s (default)
2019-09-11 07:39:35,066 [9196f2dc-d574-4585-b48c-56d55fbc13c2@group-3BDDF761E99D:LeaderElection6] INFO  server.RaftServerConfigKeys (ConfUtils.java:logGet(43)) - raft.server.watch.timeout.denomination = 1s (default)
2019-09-11 07:39:35,066 [Thread-320] INFO  impl.RoleInfo (RoleInfo.java:shutdownFollowerState(121)) - 48982da4-f995-48e9-b2c1-a2ad51cb7376: shutdown FollowerState
2019-09-11 07:39:35,058 [8929662e-8651-4c9f-b246-d3ed69c98010@group-F46D09253586:LeaderElection8] INFO  server.RaftServerConfigKeys (ConfUtils.java:logGet(43)) - raft.server.watch.timeout.denomination = 1s (default)
2019-09-11 07:39:35,058 [7366865a-3ccb-4fea-a2e2-b7a0314f55f5@group-34C649CB9FC7:LeaderElection9] INFO  server.RaftServerConfigKeys (ConfUtils.java:logGet(43)) - raft.server.watch.timeout.denomination = 1s (default)
2019-09-11 07:39:35,066 [8929662e-8651-4c9f-b246-d3ed69c98010@group-F46D09253586:LeaderElection8] INFO  server.RaftServerConfigKeys (ConfUtils.java:logGet(43)) - raft.server.watch.element-limit = 65536 (default)
2019-09-11 07:39:35,067 [7366865a-3ccb-4fea-a2e2-b7a0314f55f5@group-34C649CB9FC7:LeaderElection9] INFO  server.RaftServerConfigKeys (ConfUtils.java:logGet(43)) - raft.server.watch.element-limit = 65536 (default)
2019-09-11 07:39:35,066 [Thread-320] INFO  impl.RaftServerImpl (RaftServerImpl.java:setRole(174)) - 48982da4-f995-48e9-b2c1-a2ad51cb7376@group-91E122509A7B: changes role from  FOLLOWER to CANDIDATE at term 0 for changeToCandidate
2019-09-11 07:39:35,066 [9196f2dc-d574-4585-b48c-56d55fbc13c2@group-3BDDF761E99D:LeaderElection6] INFO  server.RaftServerConfigKeys (ConfUtils.java:logGet(43)) - raft.server.watch.element-limit = 65536 (default)
2019-09-11 07:39:35,066 [5b8ad787-4bf9-4bb4-bfeb-9c85cd30cda7@group-A5348760989C:LeaderElection7] INFO  server.RaftServerConfigKeys (ConfUtils.java:logGet(43)) - raft.server.watch.timeout.denomination = 1s (default)
2019-09-11 07:39:35,076 [Thread-320] INFO  impl.RoleInfo (RoleInfo.java:updateAndGet(143)) - 48982da4-f995-48e9-b2c1-a2ad51cb7376: start LeaderElection
2019-09-11 07:39:35,075 [94695109-ccac-4717-8ca0-575ae92c92f3@group-932359C60AFE:LeaderElection10] INFO  impl.LeaderElection (LeaderElection.java:askForVotes(182)) - 94695109-ccac-4717-8ca0-575ae92c92f3@group-932359C60AFE:LeaderElection10: begin an election at term 1 for -1: [94695109-ccac-4717-8ca0-575ae92c92f3:192.168.34.12:43599], old=null
2019-09-11 07:39:35,075 [72bb666e-e114-4432-9598-bd6d136490e0@group-91E122509A7B:LeaderElection11] INFO  impl.LeaderElection (LeaderElection.java:askForVotes(182)) - 72bb666e-e114-4432-9598-bd6d136490e0@group-91E122509A7B:LeaderElection11: begin an election at term 1 for -1: [72bb666e-e114-4432-9598-bd6d136490e0:192.168.34.12:43357, 4bd38775-382d-4c4f-9f91-7366b5492a1e:192.168.34.12:33350, 48982da4-f995-48e9-b2c1-a2ad51cb7376:192.168.34.12:39508], old=null
2019-09-11 07:39:35,078 [94695109-ccac-4717-8ca0-575ae92c92f3@group-932359C60AFE:LeaderElection10] INFO  impl.RoleInfo (RoleInfo.java:shutdownLeaderElection(134)) - 94695109-ccac-4717-8ca0-575ae92c92f3: shutdown LeaderElection
2019-09-11 07:39:35,078 [5b8ad787-4bf9-4bb4-bfeb-9c85cd30cda7@group-A5348760989C:LeaderElection7] INFO  server.RaftServerConfigKeys (ConfUtils.java:logGet(43)) - raft.server.watch.element-limit = 65536 (default)
2019-09-11 07:39:35,085 [94695109-ccac-4717-8ca0-575ae92c92f3@group-932359C60AFE:LeaderElection10] INFO  impl.RaftServerImpl (RaftServerImpl.java:setRole(174)) - 94695109-ccac-4717-8ca0-575ae92c92f3@group-932359C60AFE: changes role from CANDIDATE to LEADER at term 1 for changeToLeader
2019-09-11 07:39:35,085 [94695109-ccac-4717-8ca0-575ae92c92f3@group-932359C60AFE:LeaderElection10] INFO  impl.RaftServerImpl (ServerState.java:setLeader(253)) - 94695109-ccac-4717-8ca0-575ae92c92f3@group-932359C60AFE: change Leader from null to 94695109-ccac-4717-8ca0-575ae92c92f3 at term 1 for becomeLeader, leader elected after 1240ms
2019-09-11 07:39:35,085 [94695109-ccac-4717-8ca0-575ae92c92f3@group-932359C60AFE:LeaderElection10] INFO  server.RaftServerConfigKeys (ConfUtils.java:logGet(43)) - raft.server.staging.catchup.gap = 1000 (default)
2019-09-11 07:39:35,085 [94695109-ccac-4717-8ca0-575ae92c92f3@group-932359C60AFE:LeaderElection10] INFO  server.RaftServerConfigKeys (ConfUtils.java:logGet(43)) - raft.server.rpc.sleep.time = 25ms (default)
2019-09-11 07:39:35,092 [94695109-ccac-4717-8ca0-575ae92c92f3@group-932359C60AFE:LeaderElection10] INFO  server.RaftServerConfigKeys (ConfUtils.java:logGet(43)) - raft.server.write.element-limit = 4096 (default)
2019-09-11 07:39:35,092 [94695109-ccac-4717-8ca0-575ae92c92f3@group-932359C60AFE:LeaderElection10] INFO  server.RaftServerConfigKeys (ConfUtils.java:logGet(43)) - raft.server.watch.timeout = 10s (default)
2019-09-11 07:39:35,093 [94695109-ccac-4717-8ca0-575ae92c92f3@group-932359C60AFE:LeaderElection10] INFO  server.RaftServerConfigKeys (ConfUtils.java:logGet(43)) - raft.server.watch.timeout.denomination = 1s (default)
2019-09-11 07:39:35,093 [94695109-ccac-4717-8ca0-575ae92c92f3@group-932359C60AFE:LeaderElection10] INFO  server.RaftServerConfigKeys (ConfUtils.java:logGet(43)) - raft.server.watch.element-limit = 65536 (default)
2019-09-11 07:39:35,098 [48982da4-f995-48e9-b2c1-a2ad51cb7376@group-91E122509A7B:LeaderElection12] INFO  impl.LeaderElection (LeaderElection.java:askForVotes(182)) - 48982da4-f995-48e9-b2c1-a2ad51cb7376@group-91E122509A7B:LeaderElection12: begin an election at term 1 for -1: [72bb666e-e114-4432-9598-bd6d136490e0:192.168.34.12:43357, 4bd38775-382d-4c4f-9f91-7366b5492a1e:192.168.34.12:33350, 48982da4-f995-48e9-b2c1-a2ad51cb7376:192.168.34.12:39508], old=null
2019-09-11 07:39:35,109 [Thread-331] INFO  impl.FollowerState (FollowerState.java:run(106)) - a1a3d5df-f415-4291-8622-8b18f7b50573:group-0D0617E48045 changes to CANDIDATE, lastRpcTime:1030, electionTimeout:1030ms
2019-09-11 07:39:35,109 [Thread-331] INFO  impl.RoleInfo (RoleInfo.java:shutdownFollowerState(121)) - a1a3d5df-f415-4291-8622-8b18f7b50573: shutdown FollowerState
2019-09-11 07:39:35,109 [Thread-331] INFO  impl.RaftServerImpl (RaftServerImpl.java:setRole(174)) - a1a3d5df-f415-4291-8622-8b18f7b50573@group-0D0617E48045: changes role from  FOLLOWER to CANDIDATE at term 0 for changeToCandidate
2019-09-11 07:39:35,111 [IPC Server handler 0 on 36112] INFO  volume.OMVolumeCreateRequest (OMVolumeCreateRequest.java:validateAndUpdateCache(189)) - created volume:datanodefailurehandlingtest for user:jenkins1000
2019-09-11 07:39:35,119 [Thread-331] INFO  impl.RoleInfo (RoleInfo.java:updateAndGet(143)) - a1a3d5df-f415-4291-8622-8b18f7b50573: start LeaderElection
2019-09-11 07:39:35,137 [Thread-335] INFO  impl.FollowerState (FollowerState.java:run(106)) - 36be1d2c-b8e7-4a5e-9c9f-c881d55a8c5a:group-0D0617E48045 changes to CANDIDATE, lastRpcTime:1056, electionTimeout:1052ms
2019-09-11 07:39:35,188 [a1a3d5df-f415-4291-8622-8b18f7b50573@group-0D0617E48045:LeaderElection13] INFO  impl.LeaderElection (LeaderElection.java:askForVotes(182)) - a1a3d5df-f415-4291-8622-8b18f7b50573@group-0D0617E48045:LeaderElection13: begin an election at term 1 for -1: [a1a3d5df-f415-4291-8622-8b18f7b50573:192.168.34.12:41207, 36be1d2c-b8e7-4a5e-9c9f-c881d55a8c5a:192.168.34.12:36299, 7366865a-3ccb-4fea-a2e2-b7a0314f55f5:192.168.34.12:39985], old=null
2019-09-11 07:39:35,155 [Thread-322] INFO  impl.FollowerState (FollowerState.java:run(106)) - 4bd38775-382d-4c4f-9f91-7366b5492a1e:group-91E122509A7B changes to CANDIDATE, lastRpcTime:1186, electionTimeout:1164ms
2019-09-11 07:39:35,221 [Thread-343] INFO  impl.FollowerState (FollowerState.java:run(106)) - 8929662e-8651-4c9f-b246-d3ed69c98010:group-402BD240969B changes to CANDIDATE, lastRpcTime:1022, electionTimeout:1022ms
2019-09-11 07:39:35,196 [Thread-335] INFO  impl.RoleInfo (RoleInfo.java:shutdownFollowerState(121)) - 36be1d2c-b8e7-4a5e-9c9f-c881d55a8c5a: shutdown FollowerState
2019-09-11 07:39:35,229 [Thread-343] INFO  impl.RoleInfo (RoleInfo.java:shutdownFollowerState(121)) - 8929662e-8651-4c9f-b246-d3ed69c98010: shutdown FollowerState
2019-09-11 07:39:35,229 [Thread-322] INFO  impl.RoleInfo (RoleInfo.java:shutdownFollowerState(121)) - 4bd38775-382d-4c4f-9f91-7366b5492a1e: shutdown FollowerState
2019-09-11 07:39:35,255 [Thread-343] INFO  impl.RaftServerImpl (RaftServerImpl.java:setRole(174)) - 8929662e-8651-4c9f-b246-d3ed69c98010@group-402BD240969B: changes role from  FOLLOWER to CANDIDATE at term 0 for changeToCandidate
2019-09-11 07:39:35,243 [Thread-335] INFO  impl.RaftServerImpl (RaftServerImpl.java:setRole(174)) - 36be1d2c-b8e7-4a5e-9c9f-c881d55a8c5a@group-0D0617E48045: changes role from  FOLLOWER to CANDIDATE at term 0 for changeToCandidate
2019-09-11 07:39:35,255 [Thread-343] INFO  impl.RoleInfo (RoleInfo.java:updateAndGet(143)) - 8929662e-8651-4c9f-b246-d3ed69c98010: start LeaderElection
2019-09-11 07:39:35,255 [Thread-341] INFO  impl.FollowerState (FollowerState.java:run(106)) - 5b8ad787-4bf9-4bb4-bfeb-9c85cd30cda7:group-402BD240969B changes to CANDIDATE, lastRpcTime:1057, electionTimeout:1046ms
2019-09-11 07:39:35,255 [Thread-333] INFO  impl.FollowerState (FollowerState.java:run(106)) - 7366865a-3ccb-4fea-a2e2-b7a0314f55f5:group-0D0617E48045 changes to CANDIDATE, lastRpcTime:1175, electionTimeout:1171ms
2019-09-11 07:39:35,255 [Thread-322] INFO  impl.RaftServerImpl (RaftServerImpl.java:setRole(174)) - 4bd38775-382d-4c4f-9f91-7366b5492a1e@group-91E122509A7B: changes role from  FOLLOWER to CANDIDATE at term 0 for changeToCandidate
2019-09-11 07:39:35,260 [Thread-333] INFO  impl.RoleInfo (RoleInfo.java:shutdownFollowerState(121)) - 7366865a-3ccb-4fea-a2e2-b7a0314f55f5: shutdown FollowerState
2019-09-11 07:39:35,260 [Thread-322] INFO  impl.RoleInfo (RoleInfo.java:updateAndGet(143)) - 4bd38775-382d-4c4f-9f91-7366b5492a1e: start LeaderElection
2019-09-11 07:39:35,260 [Thread-341] INFO  impl.RoleInfo (RoleInfo.java:shutdownFollowerState(121)) - 5b8ad787-4bf9-4bb4-bfeb-9c85cd30cda7: shutdown FollowerState
2019-09-11 07:39:35,259 [Thread-335] INFO  impl.RoleInfo (RoleInfo.java:updateAndGet(143)) - 36be1d2c-b8e7-4a5e-9c9f-c881d55a8c5a: start LeaderElection
2019-09-11 07:39:35,260 [Thread-333] INFO  impl.RaftServerImpl (RaftServerImpl.java:setRole(174)) - 7366865a-3ccb-4fea-a2e2-b7a0314f55f5@group-0D0617E48045: changes role from  FOLLOWER to CANDIDATE at term 0 for changeToCandidate
2019-09-11 07:39:35,267 [Thread-341] INFO  impl.RaftServerImpl (RaftServerImpl.java:setRole(174)) - 5b8ad787-4bf9-4bb4-bfeb-9c85cd30cda7@group-402BD240969B: changes role from  FOLLOWER to CANDIDATE at term 0 for changeToCandidate
2019-09-11 07:39:35,267 [Thread-333] INFO  impl.RoleInfo (RoleInfo.java:updateAndGet(143)) - 7366865a-3ccb-4fea-a2e2-b7a0314f55f5: start LeaderElection
2019-09-11 07:39:35,270 [Thread-341] INFO  impl.RoleInfo (RoleInfo.java:updateAndGet(143)) - 5b8ad787-4bf9-4bb4-bfeb-9c85cd30cda7: start LeaderElection
2019-09-11 07:39:35,284 [Thread-342] INFO  impl.FollowerState (FollowerState.java:run(106)) - 9196f2dc-d574-4585-b48c-56d55fbc13c2:group-402BD240969B changes to CANDIDATE, lastRpcTime:1086, electionTimeout:1086ms
2019-09-11 07:39:35,285 [Thread-342] INFO  impl.RoleInfo (RoleInfo.java:shutdownFollowerState(121)) - 9196f2dc-d574-4585-b48c-56d55fbc13c2: shutdown FollowerState
2019-09-11 07:39:35,285 [Thread-342] INFO  impl.RaftServerImpl (RaftServerImpl.java:setRole(174)) - 9196f2dc-d574-4585-b48c-56d55fbc13c2@group-402BD240969B: changes role from  FOLLOWER to CANDIDATE at term 0 for changeToCandidate
2019-09-11 07:39:35,291 [4bd38775-382d-4c4f-9f91-7366b5492a1e@group-91E122509A7B:LeaderElection16] INFO  impl.LeaderElection (LeaderElection.java:askForVotes(182)) - 4bd38775-382d-4c4f-9f91-7366b5492a1e@group-91E122509A7B:LeaderElection16: begin an election at term 1 for -1: [72bb666e-e114-4432-9598-bd6d136490e0:192.168.34.12:43357, 4bd38775-382d-4c4f-9f91-7366b5492a1e:192.168.34.12:33350, 48982da4-f995-48e9-b2c1-a2ad51cb7376:192.168.34.12:39508], old=null
2019-09-11 07:39:35,291 [36be1d2c-b8e7-4a5e-9c9f-c881d55a8c5a@group-0D0617E48045:LeaderElection15] INFO  impl.LeaderElection (LeaderElection.java:askForVotes(182)) - 36be1d2c-b8e7-4a5e-9c9f-c881d55a8c5a@group-0D0617E48045:LeaderElection15: begin an election at term 1 for -1: [a1a3d5df-f415-4291-8622-8b18f7b50573:192.168.34.12:41207, 36be1d2c-b8e7-4a5e-9c9f-c881d55a8c5a:192.168.34.12:36299, 7366865a-3ccb-4fea-a2e2-b7a0314f55f5:192.168.34.12:39985], old=null
2019-09-11 07:39:35,303 [Thread-342] INFO  impl.RoleInfo (RoleInfo.java:updateAndGet(143)) - 9196f2dc-d574-4585-b48c-56d55fbc13c2: start LeaderElection
2019-09-11 07:39:35,318 [5b8ad787-4bf9-4bb4-bfeb-9c85cd30cda7@group-402BD240969B:LeaderElection18] INFO  impl.LeaderElection (LeaderElection.java:askForVotes(182)) - 5b8ad787-4bf9-4bb4-bfeb-9c85cd30cda7@group-402BD240969B:LeaderElection18: begin an election at term 1 for -1: [9196f2dc-d574-4585-b48c-56d55fbc13c2:192.168.34.12:36626, 8929662e-8651-4c9f-b246-d3ed69c98010:192.168.34.12:45689, 5b8ad787-4bf9-4bb4-bfeb-9c85cd30cda7:192.168.34.12:34780], old=null
2019-09-11 07:39:35,318 [8929662e-8651-4c9f-b246-d3ed69c98010@group-402BD240969B:LeaderElection14] INFO  impl.LeaderElection (LeaderElection.java:askForVotes(182)) - 8929662e-8651-4c9f-b246-d3ed69c98010@group-402BD240969B:LeaderElection14: begin an election at term 1 for -1: [9196f2dc-d574-4585-b48c-56d55fbc13c2:192.168.34.12:36626, 8929662e-8651-4c9f-b246-d3ed69c98010:192.168.34.12:45689, 5b8ad787-4bf9-4bb4-bfeb-9c85cd30cda7:192.168.34.12:34780], old=null
2019-09-11 07:39:35,333 [main] INFO  rpc.RpcClient (RpcClient.java:createBucket(437)) - Creating Bucket: datanodefailurehandlingtest/datanodefailurehandlingtest, with Versioning false and Storage Type set to DISK and Encryption set to false 
2019-09-11 07:39:35,334 [9196f2dc-d574-4585-b48c-56d55fbc13c2@group-402BD240969B:LeaderElection19] INFO  impl.LeaderElection (LeaderElection.java:askForVotes(182)) - 9196f2dc-d574-4585-b48c-56d55fbc13c2@group-402BD240969B:LeaderElection19: begin an election at term 1 for -1: [9196f2dc-d574-4585-b48c-56d55fbc13c2:192.168.34.12:36626, 8929662e-8651-4c9f-b246-d3ed69c98010:192.168.34.12:45689, 5b8ad787-4bf9-4bb4-bfeb-9c85cd30cda7:192.168.34.12:34780], old=null
2019-09-11 07:39:35,334 [7366865a-3ccb-4fea-a2e2-b7a0314f55f5@group-0D0617E48045:LeaderElection17] INFO  impl.LeaderElection (LeaderElection.java:askForVotes(182)) - 7366865a-3ccb-4fea-a2e2-b7a0314f55f5@group-0D0617E48045:LeaderElection17: begin an election at term 1 for -1: [a1a3d5df-f415-4291-8622-8b18f7b50573:192.168.34.12:41207, 36be1d2c-b8e7-4a5e-9c9f-c881d55a8c5a:192.168.34.12:36299, 7366865a-3ccb-4fea-a2e2-b7a0314f55f5:192.168.34.12:39985], old=null
2019-09-11 07:39:35,479 [72bb666e-e114-4432-9598-bd6d136490e0@group-91E122509A7B:LeaderElection11] INFO  impl.LeaderElection (LeaderElection.java:logAndReturn(56)) - 72bb666e-e114-4432-9598-bd6d136490e0@group-91E122509A7B:LeaderElection11: Election REJECTED; received 2 response(s) [72bb666e-e114-4432-9598-bd6d136490e0<-4bd38775-382d-4c4f-9f91-7366b5492a1e#0:FAIL-t1, 72bb666e-e114-4432-9598-bd6d136490e0<-48982da4-f995-48e9-b2c1-a2ad51cb7376#0:FAIL-t1] and 0 exception(s); 72bb666e-e114-4432-9598-bd6d136490e0@group-91E122509A7B:t1, leader=null, voted=72bb666e-e114-4432-9598-bd6d136490e0, raftlog=72bb666e-e114-4432-9598-bd6d136490e0@group-91E122509A7B-SegmentedRaftLog:OPENED:c-1,f-1,i0, conf=-1: [72bb666e-e114-4432-9598-bd6d136490e0:192.168.34.12:43357, 4bd38775-382d-4c4f-9f91-7366b5492a1e:192.168.34.12:33350, 48982da4-f995-48e9-b2c1-a2ad51cb7376:192.168.34.12:39508], old=null
2019-09-11 07:39:35,506 [8929662e-8651-4c9f-b246-d3ed69c98010@group-402BD240969B:LeaderElection14] INFO  impl.LeaderElection (LeaderElection.java:logAndReturn(56)) - 8929662e-8651-4c9f-b246-d3ed69c98010@group-402BD240969B:LeaderElection14: Election REJECTED; received 2 response(s) [8929662e-8651-4c9f-b246-d3ed69c98010<-9196f2dc-d574-4585-b48c-56d55fbc13c2#0:FAIL-t1, 8929662e-8651-4c9f-b246-d3ed69c98010<-5b8ad787-4bf9-4bb4-bfeb-9c85cd30cda7#0:FAIL-t1] and 0 exception(s); 8929662e-8651-4c9f-b246-d3ed69c98010@group-402BD240969B:t1, leader=null, voted=8929662e-8651-4c9f-b246-d3ed69c98010, raftlog=8929662e-8651-4c9f-b246-d3ed69c98010@group-402BD240969B-SegmentedRaftLog:OPENED:c-1,f-1,i0, conf=-1: [9196f2dc-d574-4585-b48c-56d55fbc13c2:192.168.34.12:36626, 8929662e-8651-4c9f-b246-d3ed69c98010:192.168.34.12:45689, 5b8ad787-4bf9-4bb4-bfeb-9c85cd30cda7:192.168.34.12:34780], old=null
2019-09-11 07:39:35,506 [72bb666e-e114-4432-9598-bd6d136490e0@group-91E122509A7B:LeaderElection11] INFO  impl.RaftServerImpl (RaftServerImpl.java:setRole(174)) - 72bb666e-e114-4432-9598-bd6d136490e0@group-91E122509A7B: changes role from CANDIDATE to FOLLOWER at term 1 for DISCOVERED_A_NEW_TERM
2019-09-11 07:39:35,509 [72bb666e-e114-4432-9598-bd6d136490e0@group-91E122509A7B:LeaderElection11] INFO  impl.RoleInfo (RoleInfo.java:shutdownLeaderElection(134)) - 72bb666e-e114-4432-9598-bd6d136490e0: shutdown LeaderElection
2019-09-11 07:39:35,509 [72bb666e-e114-4432-9598-bd6d136490e0@group-91E122509A7B:LeaderElection11] INFO  impl.RoleInfo (RoleInfo.java:updateAndGet(143)) - 72bb666e-e114-4432-9598-bd6d136490e0: start FollowerState
2019-09-11 07:39:35,509 [8929662e-8651-4c9f-b246-d3ed69c98010@group-402BD240969B:LeaderElection14] INFO  impl.RaftServerImpl (RaftServerImpl.java:setRole(174)) - 8929662e-8651-4c9f-b246-d3ed69c98010@group-402BD240969B: changes role from CANDIDATE to FOLLOWER at term 1 for DISCOVERED_A_NEW_TERM
2019-09-11 07:39:35,517 [8929662e-8651-4c9f-b246-d3ed69c98010@group-402BD240969B:LeaderElection14] INFO  impl.RoleInfo (RoleInfo.java:shutdownLeaderElection(134)) - 8929662e-8651-4c9f-b246-d3ed69c98010: shutdown LeaderElection
2019-09-11 07:39:35,517 [8929662e-8651-4c9f-b246-d3ed69c98010@group-402BD240969B:LeaderElection14] INFO  impl.RoleInfo (RoleInfo.java:updateAndGet(143)) - 8929662e-8651-4c9f-b246-d3ed69c98010: start FollowerState
2019-09-11 07:39:35,518 [48982da4-f995-48e9-b2c1-a2ad51cb7376@group-91E122509A7B:LeaderElection12] INFO  impl.LeaderElection (LeaderElection.java:logAndReturn(56)) - 48982da4-f995-48e9-b2c1-a2ad51cb7376@group-91E122509A7B:LeaderElection12: Election REJECTED; received 2 response(s) [48982da4-f995-48e9-b2c1-a2ad51cb7376<-72bb666e-e114-4432-9598-bd6d136490e0#0:FAIL-t1, 48982da4-f995-48e9-b2c1-a2ad51cb7376<-4bd38775-382d-4c4f-9f91-7366b5492a1e#0:FAIL-t1] and 0 exception(s); 48982da4-f995-48e9-b2c1-a2ad51cb7376@group-91E122509A7B:t1, leader=null, voted=48982da4-f995-48e9-b2c1-a2ad51cb7376, raftlog=48982da4-f995-48e9-b2c1-a2ad51cb7376@group-91E122509A7B-SegmentedRaftLog:OPENED:c-1,f-1,i0, conf=-1: [72bb666e-e114-4432-9598-bd6d136490e0:192.168.34.12:43357, 4bd38775-382d-4c4f-9f91-7366b5492a1e:192.168.34.12:33350, 48982da4-f995-48e9-b2c1-a2ad51cb7376:192.168.34.12:39508], old=null
2019-09-11 07:39:35,521 [48982da4-f995-48e9-b2c1-a2ad51cb7376@group-91E122509A7B:LeaderElection12] INFO  impl.RaftServerImpl (RaftServerImpl.java:setRole(174)) - 48982da4-f995-48e9-b2c1-a2ad51cb7376@group-91E122509A7B: changes role from CANDIDATE to FOLLOWER at term 1 for DISCOVERED_A_NEW_TERM
2019-09-11 07:39:35,524 [48982da4-f995-48e9-b2c1-a2ad51cb7376@group-91E122509A7B:LeaderElection12] INFO  impl.RoleInfo (RoleInfo.java:shutdownLeaderElection(134)) - 48982da4-f995-48e9-b2c1-a2ad51cb7376: shutdown LeaderElection
2019-09-11 07:39:35,527 [48982da4-f995-48e9-b2c1-a2ad51cb7376@group-91E122509A7B:LeaderElection12] INFO  impl.RoleInfo (RoleInfo.java:updateAndGet(143)) - 48982da4-f995-48e9-b2c1-a2ad51cb7376: start FollowerState
2019-09-11 07:39:35,562 [4bd38775-382d-4c4f-9f91-7366b5492a1e@group-91E122509A7B:LeaderElection16] INFO  impl.LeaderElection (LeaderElection.java:logAndReturn(56)) - 4bd38775-382d-4c4f-9f91-7366b5492a1e@group-91E122509A7B:LeaderElection16: Election REJECTED; received 2 response(s) [4bd38775-382d-4c4f-9f91-7366b5492a1e<-72bb666e-e114-4432-9598-bd6d136490e0#0:FAIL-t1, 4bd38775-382d-4c4f-9f91-7366b5492a1e<-48982da4-f995-48e9-b2c1-a2ad51cb7376#0:FAIL-t1] and 0 exception(s); 4bd38775-382d-4c4f-9f91-7366b5492a1e@group-91E122509A7B:t1, leader=null, voted=4bd38775-382d-4c4f-9f91-7366b5492a1e, raftlog=4bd38775-382d-4c4f-9f91-7366b5492a1e@group-91E122509A7B-SegmentedRaftLog:OPENED:c-1,f-1,i0, conf=-1: [72bb666e-e114-4432-9598-bd6d136490e0:192.168.34.12:43357, 4bd38775-382d-4c4f-9f91-7366b5492a1e:192.168.34.12:33350, 48982da4-f995-48e9-b2c1-a2ad51cb7376:192.168.34.12:39508], old=null
2019-09-11 07:39:35,565 [4bd38775-382d-4c4f-9f91-7366b5492a1e@group-91E122509A7B:LeaderElection16] INFO  impl.RaftServerImpl (RaftServerImpl.java:setRole(174)) - 4bd38775-382d-4c4f-9f91-7366b5492a1e@group-91E122509A7B: changes role from CANDIDATE to FOLLOWER at term 1 for DISCOVERED_A_NEW_TERM
2019-09-11 07:39:35,565 [4bd38775-382d-4c4f-9f91-7366b5492a1e@group-91E122509A7B:LeaderElection16] INFO  impl.RoleInfo (RoleInfo.java:shutdownLeaderElection(134)) - 4bd38775-382d-4c4f-9f91-7366b5492a1e: shutdown LeaderElection
2019-09-11 07:39:35,574 [4bd38775-382d-4c4f-9f91-7366b5492a1e@group-91E122509A7B:LeaderElection16] INFO  impl.RoleInfo (RoleInfo.java:updateAndGet(143)) - 4bd38775-382d-4c4f-9f91-7366b5492a1e: start FollowerState
2019-09-11 07:39:35,591 [36be1d2c-b8e7-4a5e-9c9f-c881d55a8c5a@group-0D0617E48045:LeaderElection15] INFO  impl.LeaderElection (LeaderElection.java:logAndReturn(56)) - 36be1d2c-b8e7-4a5e-9c9f-c881d55a8c5a@group-0D0617E48045:LeaderElection15: Election REJECTED; received 2 response(s) [36be1d2c-b8e7-4a5e-9c9f-c881d55a8c5a<-a1a3d5df-f415-4291-8622-8b18f7b50573#0:FAIL-t1, 36be1d2c-b8e7-4a5e-9c9f-c881d55a8c5a<-7366865a-3ccb-4fea-a2e2-b7a0314f55f5#0:FAIL-t1] and 0 exception(s); 36be1d2c-b8e7-4a5e-9c9f-c881d55a8c5a@group-0D0617E48045:t1, leader=null, voted=36be1d2c-b8e7-4a5e-9c9f-c881d55a8c5a, raftlog=36be1d2c-b8e7-4a5e-9c9f-c881d55a8c5a@group-0D0617E48045-SegmentedRaftLog:OPENED:c-1,f-1,i0, conf=-1: [a1a3d5df-f415-4291-8622-8b18f7b50573:192.168.34.12:41207, 36be1d2c-b8e7-4a5e-9c9f-c881d55a8c5a:192.168.34.12:36299, 7366865a-3ccb-4fea-a2e2-b7a0314f55f5:192.168.34.12:39985], old=null
2019-09-11 07:39:35,615 [36be1d2c-b8e7-4a5e-9c9f-c881d55a8c5a@group-0D0617E48045:LeaderElection15] INFO  impl.RaftServerImpl (RaftServerImpl.java:setRole(174)) - 36be1d2c-b8e7-4a5e-9c9f-c881d55a8c5a@group-0D0617E48045: changes role from CANDIDATE to FOLLOWER at term 1 for DISCOVERED_A_NEW_TERM
2019-09-11 07:39:35,615 [36be1d2c-b8e7-4a5e-9c9f-c881d55a8c5a@group-0D0617E48045:LeaderElection15] INFO  impl.RoleInfo (RoleInfo.java:shutdownLeaderElection(134)) - 36be1d2c-b8e7-4a5e-9c9f-c881d55a8c5a: shutdown LeaderElection
2019-09-11 07:39:35,621 [36be1d2c-b8e7-4a5e-9c9f-c881d55a8c5a@group-0D0617E48045:LeaderElection15] INFO  impl.RoleInfo (RoleInfo.java:updateAndGet(143)) - 36be1d2c-b8e7-4a5e-9c9f-c881d55a8c5a: start FollowerState
2019-09-11 07:39:35,635 [5b8ad787-4bf9-4bb4-bfeb-9c85cd30cda7@group-402BD240969B:LeaderElection18] INFO  impl.LeaderElection (LeaderElection.java:logAndReturn(56)) - 5b8ad787-4bf9-4bb4-bfeb-9c85cd30cda7@group-402BD240969B:LeaderElection18: Election REJECTED; received 2 response(s) [5b8ad787-4bf9-4bb4-bfeb-9c85cd30cda7<-9196f2dc-d574-4585-b48c-56d55fbc13c2#0:FAIL-t1, 5b8ad787-4bf9-4bb4-bfeb-9c85cd30cda7<-8929662e-8651-4c9f-b246-d3ed69c98010#0:FAIL-t1] and 0 exception(s); 5b8ad787-4bf9-4bb4-bfeb-9c85cd30cda7@group-402BD240969B:t1, leader=null, voted=5b8ad787-4bf9-4bb4-bfeb-9c85cd30cda7, raftlog=5b8ad787-4bf9-4bb4-bfeb-9c85cd30cda7@group-402BD240969B-SegmentedRaftLog:OPENED:c-1,f-1,i0, conf=-1: [9196f2dc-d574-4585-b48c-56d55fbc13c2:192.168.34.12:36626, 8929662e-8651-4c9f-b246-d3ed69c98010:192.168.34.12:45689, 5b8ad787-4bf9-4bb4-bfeb-9c85cd30cda7:192.168.34.12:34780], old=null
2019-09-11 07:39:35,641 [5b8ad787-4bf9-4bb4-bfeb-9c85cd30cda7@group-402BD240969B:LeaderElection18] INFO  impl.RaftServerImpl (RaftServerImpl.java:setRole(174)) - 5b8ad787-4bf9-4bb4-bfeb-9c85cd30cda7@group-402BD240969B: changes role from CANDIDATE to FOLLOWER at term 1 for DISCOVERED_A_NEW_TERM
2019-09-11 07:39:35,641 [5b8ad787-4bf9-4bb4-bfeb-9c85cd30cda7@group-402BD240969B:LeaderElection18] INFO  impl.RoleInfo (RoleInfo.java:shutdownLeaderElection(134)) - 5b8ad787-4bf9-4bb4-bfeb-9c85cd30cda7: shutdown LeaderElection
2019-09-11 07:39:35,667 [5b8ad787-4bf9-4bb4-bfeb-9c85cd30cda7@group-402BD240969B:LeaderElection18] INFO  impl.RoleInfo (RoleInfo.java:updateAndGet(143)) - 5b8ad787-4bf9-4bb4-bfeb-9c85cd30cda7: start FollowerState
2019-09-11 07:39:35,668 [a1a3d5df-f415-4291-8622-8b18f7b50573@group-0D0617E48045:LeaderElection13] INFO  impl.LeaderElection (LeaderElection.java:logAndReturn(56)) - a1a3d5df-f415-4291-8622-8b18f7b50573@group-0D0617E48045:LeaderElection13: Election REJECTED; received 2 response(s) [a1a3d5df-f415-4291-8622-8b18f7b50573<-36be1d2c-b8e7-4a5e-9c9f-c881d55a8c5a#0:FAIL-t1, a1a3d5df-f415-4291-8622-8b18f7b50573<-7366865a-3ccb-4fea-a2e2-b7a0314f55f5#0:FAIL-t1] and 0 exception(s); a1a3d5df-f415-4291-8622-8b18f7b50573@group-0D0617E48045:t1, leader=null, voted=a1a3d5df-f415-4291-8622-8b18f7b50573, raftlog=a1a3d5df-f415-4291-8622-8b18f7b50573@group-0D0617E48045-SegmentedRaftLog:OPENED:c-1,f-1,i0, conf=-1: [a1a3d5df-f415-4291-8622-8b18f7b50573:192.168.34.12:41207, 36be1d2c-b8e7-4a5e-9c9f-c881d55a8c5a:192.168.34.12:36299, 7366865a-3ccb-4fea-a2e2-b7a0314f55f5:192.168.34.12:39985], old=null
2019-09-11 07:39:35,668 [9196f2dc-d574-4585-b48c-56d55fbc13c2@group-402BD240969B:LeaderElection19] INFO  impl.LeaderElection (LeaderElection.java:logAndReturn(56)) - 9196f2dc-d574-4585-b48c-56d55fbc13c2@group-402BD240969B:LeaderElection19: Election REJECTED; received 2 response(s) [9196f2dc-d574-4585-b48c-56d55fbc13c2<-8929662e-8651-4c9f-b246-d3ed69c98010#0:FAIL-t1, 9196f2dc-d574-4585-b48c-56d55fbc13c2<-5b8ad787-4bf9-4bb4-bfeb-9c85cd30cda7#0:FAIL-t1] and 0 exception(s); 9196f2dc-d574-4585-b48c-56d55fbc13c2@group-402BD240969B:t1, leader=null, voted=9196f2dc-d574-4585-b48c-56d55fbc13c2, raftlog=9196f2dc-d574-4585-b48c-56d55fbc13c2@group-402BD240969B-SegmentedRaftLog:OPENED:c-1,f-1,i0, conf=-1: [9196f2dc-d574-4585-b48c-56d55fbc13c2:192.168.34.12:36626, 8929662e-8651-4c9f-b246-d3ed69c98010:192.168.34.12:45689, 5b8ad787-4bf9-4bb4-bfeb-9c85cd30cda7:192.168.34.12:34780], old=null
2019-09-11 07:39:35,674 [a1a3d5df-f415-4291-8622-8b18f7b50573@group-0D0617E48045:LeaderElection13] INFO  impl.RaftServerImpl (RaftServerImpl.java:setRole(174)) - a1a3d5df-f415-4291-8622-8b18f7b50573@group-0D0617E48045: changes role from CANDIDATE to FOLLOWER at term 1 for DISCOVERED_A_NEW_TERM
2019-09-11 07:39:35,676 [a1a3d5df-f415-4291-8622-8b18f7b50573@group-0D0617E48045:LeaderElection13] INFO  impl.RoleInfo (RoleInfo.java:shutdownLeaderElection(134)) - a1a3d5df-f415-4291-8622-8b18f7b50573: shutdown LeaderElection
2019-09-11 07:39:35,676 [9196f2dc-d574-4585-b48c-56d55fbc13c2@group-402BD240969B:LeaderElection19] INFO  impl.RaftServerImpl (RaftServerImpl.java:setRole(174)) - 9196f2dc-d574-4585-b48c-56d55fbc13c2@group-402BD240969B: changes role from CANDIDATE to FOLLOWER at term 1 for DISCOVERED_A_NEW_TERM
2019-09-11 07:39:35,678 [9196f2dc-d574-4585-b48c-56d55fbc13c2@group-402BD240969B:LeaderElection19] INFO  impl.RoleInfo (RoleInfo.java:shutdownLeaderElection(134)) - 9196f2dc-d574-4585-b48c-56d55fbc13c2: shutdown LeaderElection
2019-09-11 07:39:35,678 [a1a3d5df-f415-4291-8622-8b18f7b50573@group-0D0617E48045:LeaderElection13] INFO  impl.RoleInfo (RoleInfo.java:updateAndGet(143)) - a1a3d5df-f415-4291-8622-8b18f7b50573: start FollowerState
2019-09-11 07:39:35,678 [9196f2dc-d574-4585-b48c-56d55fbc13c2@group-402BD240969B:LeaderElection19] INFO  impl.RoleInfo (RoleInfo.java:updateAndGet(143)) - 9196f2dc-d574-4585-b48c-56d55fbc13c2: start FollowerState
2019-09-11 07:39:35,685 [7366865a-3ccb-4fea-a2e2-b7a0314f55f5@group-0D0617E48045:LeaderElection17] INFO  impl.LeaderElection (LeaderElection.java:logAndReturn(56)) - 7366865a-3ccb-4fea-a2e2-b7a0314f55f5@group-0D0617E48045:LeaderElection17: Election REJECTED; received 2 response(s) [7366865a-3ccb-4fea-a2e2-b7a0314f55f5<-a1a3d5df-f415-4291-8622-8b18f7b50573#0:FAIL-t1, 7366865a-3ccb-4fea-a2e2-b7a0314f55f5<-36be1d2c-b8e7-4a5e-9c9f-c881d55a8c5a#0:FAIL-t1] and 0 exception(s); 7366865a-3ccb-4fea-a2e2-b7a0314f55f5@group-0D0617E48045:t1, leader=null, voted=7366865a-3ccb-4fea-a2e2-b7a0314f55f5, raftlog=7366865a-3ccb-4fea-a2e2-b7a0314f55f5@group-0D0617E48045-SegmentedRaftLog:OPENED:c-1,f-1,i0, conf=-1: [a1a3d5df-f415-4291-8622-8b18f7b50573:192.168.34.12:41207, 36be1d2c-b8e7-4a5e-9c9f-c881d55a8c5a:192.168.34.12:36299, 7366865a-3ccb-4fea-a2e2-b7a0314f55f5:192.168.34.12:39985], old=null
2019-09-11 07:39:35,685 [7366865a-3ccb-4fea-a2e2-b7a0314f55f5@group-0D0617E48045:LeaderElection17] INFO  impl.RaftServerImpl (RaftServerImpl.java:setRole(174)) - 7366865a-3ccb-4fea-a2e2-b7a0314f55f5@group-0D0617E48045: changes role from CANDIDATE to FOLLOWER at term 1 for DISCOVERED_A_NEW_TERM
2019-09-11 07:39:35,689 [7366865a-3ccb-4fea-a2e2-b7a0314f55f5@group-0D0617E48045:LeaderElection17] INFO  impl.RoleInfo (RoleInfo.java:shutdownLeaderElection(134)) - 7366865a-3ccb-4fea-a2e2-b7a0314f55f5: shutdown LeaderElection
2019-09-11 07:39:35,700 [7366865a-3ccb-4fea-a2e2-b7a0314f55f5@group-0D0617E48045:LeaderElection17] INFO  impl.RoleInfo (RoleInfo.java:updateAndGet(143)) - 7366865a-3ccb-4fea-a2e2-b7a0314f55f5: start FollowerState
2019-09-11 07:39:35,733 [Thread-283] INFO  container.ReplicationManager (ReplicationManager.java:start(162)) - Starting Replication Monitor Thread.
2019-09-11 07:39:35,737 [94695109-ccac-4717-8ca0-575ae92c92f3@group-932359C60AFE:LeaderElection10] INFO  impl.RoleInfo (RoleInfo.java:updateAndGet(143)) - 94695109-ccac-4717-8ca0-575ae92c92f3: start LeaderState
2019-09-11 07:39:35,737 [94695109-ccac-4717-8ca0-575ae92c92f3@group-932359C60AFE:LeaderElection10] INFO  segmented.SegmentedRaftLogWorker (SegmentedRaftLogWorker.java:startLogSegment(380)) - 94695109-ccac-4717-8ca0-575ae92c92f3@group-932359C60AFE-SegmentedRaftLogWorker: Starting segment from index:0
2019-09-11 07:39:35,738 [94695109-ccac-4717-8ca0-575ae92c92f3@group-932359C60AFE:LeaderElection10] INFO  impl.RaftServerImpl (ServerState.java:setRaftConf(354)) - 94695109-ccac-4717-8ca0-575ae92c92f3@group-932359C60AFE: set configuration 0: [94695109-ccac-4717-8ca0-575ae92c92f3:192.168.34.12:43599], old=null at 0
2019-09-11 07:39:35,738 [ReplicationMonitor] INFO  container.ReplicationManager (ReplicationManager.java:run(225)) - Replication Monitor Thread took 1 milliseconds for processing 6 containers.
2019-09-11 07:39:35,739 [5b8ad787-4bf9-4bb4-bfeb-9c85cd30cda7@group-A5348760989C:LeaderElection7] INFO  impl.RoleInfo (RoleInfo.java:updateAndGet(143)) - 5b8ad787-4bf9-4bb4-bfeb-9c85cd30cda7: start LeaderState
2019-09-11 07:39:35,739 [5b8ad787-4bf9-4bb4-bfeb-9c85cd30cda7@group-A5348760989C:LeaderElection7] INFO  segmented.SegmentedRaftLogWorker (SegmentedRaftLogWorker.java:startLogSegment(380)) - 5b8ad787-4bf9-4bb4-bfeb-9c85cd30cda7@group-A5348760989C-SegmentedRaftLogWorker: Starting segment from index:0
2019-09-11 07:39:35,740 [7366865a-3ccb-4fea-a2e2-b7a0314f55f5@group-34C649CB9FC7:LeaderElection9] INFO  impl.RoleInfo (RoleInfo.java:updateAndGet(143)) - 7366865a-3ccb-4fea-a2e2-b7a0314f55f5: start LeaderState
2019-09-11 07:39:35,740 [9196f2dc-d574-4585-b48c-56d55fbc13c2@group-3BDDF761E99D:LeaderElection6] INFO  impl.RoleInfo (RoleInfo.java:updateAndGet(143)) - 9196f2dc-d574-4585-b48c-56d55fbc13c2: start LeaderState
2019-09-11 07:39:35,740 [7366865a-3ccb-4fea-a2e2-b7a0314f55f5@group-34C649CB9FC7:LeaderElection9] INFO  segmented.SegmentedRaftLogWorker (SegmentedRaftLogWorker.java:startLogSegment(380)) - 7366865a-3ccb-4fea-a2e2-b7a0314f55f5@group-34C649CB9FC7-SegmentedRaftLogWorker: Starting segment from index:0
2019-09-11 07:39:35,740 [5b8ad787-4bf9-4bb4-bfeb-9c85cd30cda7@group-A5348760989C:LeaderElection7] INFO  impl.RaftServerImpl (ServerState.java:setRaftConf(354)) - 5b8ad787-4bf9-4bb4-bfeb-9c85cd30cda7@group-A5348760989C: set configuration 0: [5b8ad787-4bf9-4bb4-bfeb-9c85cd30cda7:192.168.34.12:34780], old=null at 0
2019-09-11 07:39:35,740 [8929662e-8651-4c9f-b246-d3ed69c98010@group-F46D09253586:LeaderElection8] INFO  impl.RoleInfo (RoleInfo.java:updateAndGet(143)) - 8929662e-8651-4c9f-b246-d3ed69c98010: start LeaderState
2019-09-11 07:39:35,740 [7366865a-3ccb-4fea-a2e2-b7a0314f55f5@group-34C649CB9FC7:LeaderElection9] INFO  impl.RaftServerImpl (ServerState.java:setRaftConf(354)) - 7366865a-3ccb-4fea-a2e2-b7a0314f55f5@group-34C649CB9FC7: set configuration 0: [7366865a-3ccb-4fea-a2e2-b7a0314f55f5:192.168.34.12:39985], old=null at 0
2019-09-11 07:39:35,740 [9196f2dc-d574-4585-b48c-56d55fbc13c2@group-3BDDF761E99D:LeaderElection6] INFO  segmented.SegmentedRaftLogWorker (SegmentedRaftLogWorker.java:startLogSegment(380)) - 9196f2dc-d574-4585-b48c-56d55fbc13c2@group-3BDDF761E99D-SegmentedRaftLogWorker: Starting segment from index:0
2019-09-11 07:39:35,740 [8929662e-8651-4c9f-b246-d3ed69c98010@group-F46D09253586:LeaderElection8] INFO  segmented.SegmentedRaftLogWorker (SegmentedRaftLogWorker.java:startLogSegment(380)) - 8929662e-8651-4c9f-b246-d3ed69c98010@group-F46D09253586-SegmentedRaftLogWorker: Starting segment from index:0
2019-09-11 07:39:35,741 [9196f2dc-d574-4585-b48c-56d55fbc13c2@group-3BDDF761E99D:LeaderElection6] INFO  impl.RaftServerImpl (ServerState.java:setRaftConf(354)) - 9196f2dc-d574-4585-b48c-56d55fbc13c2@group-3BDDF761E99D: set configuration 0: [9196f2dc-d574-4585-b48c-56d55fbc13c2:192.168.34.12:36626], old=null at 0
2019-09-11 07:39:35,741 [8929662e-8651-4c9f-b246-d3ed69c98010@group-F46D09253586:LeaderElection8] INFO  impl.RaftServerImpl (ServerState.java:setRaftConf(354)) - 8929662e-8651-4c9f-b246-d3ed69c98010@group-F46D09253586: set configuration 0: [8929662e-8651-4c9f-b246-d3ed69c98010:192.168.34.12:45689], old=null at 0
2019-09-11 07:39:35,790 [9196f2dc-d574-4585-b48c-56d55fbc13c2@group-3BDDF761E99D-SegmentedRaftLogWorker] INFO  segmented.SegmentedRaftLogWorker (SegmentedRaftLogWorker.java:execute(569)) - 9196f2dc-d574-4585-b48c-56d55fbc13c2@group-3BDDF761E99D-SegmentedRaftLogWorker: created new log segment /workdir/hadoop-ozone/integration-test/target/test-dir/MiniOzoneClusterImpl-d0f0e288-b90a-4d92-9473-de78fda8b1d0/datanode-4/data/ratis/d517955f-aeca-49c6-8e4b-3bddf761e99d/current/log_inprogress_0
2019-09-11 07:39:35,790 [94695109-ccac-4717-8ca0-575ae92c92f3@group-932359C60AFE-SegmentedRaftLogWorker] INFO  segmented.SegmentedRaftLogWorker (SegmentedRaftLogWorker.java:execute(569)) - 94695109-ccac-4717-8ca0-575ae92c92f3@group-932359C60AFE-SegmentedRaftLogWorker: created new log segment /workdir/hadoop-ozone/integration-test/target/test-dir/MiniOzoneClusterImpl-d0f0e288-b90a-4d92-9473-de78fda8b1d0/datanode-5/data/ratis/e6ab02d7-c320-4895-a545-932359c60afe/current/log_inprogress_0
2019-09-11 07:39:35,790 [8929662e-8651-4c9f-b246-d3ed69c98010@group-F46D09253586-SegmentedRaftLogWorker] INFO  segmented.SegmentedRaftLogWorker (SegmentedRaftLogWorker.java:execute(569)) - 8929662e-8651-4c9f-b246-d3ed69c98010@group-F46D09253586-SegmentedRaftLogWorker: created new log segment /workdir/hadoop-ozone/integration-test/target/test-dir/MiniOzoneClusterImpl-d0f0e288-b90a-4d92-9473-de78fda8b1d0/datanode-9/data/ratis/ad916fb7-fdaf-4af3-8d39-f46d09253586/current/log_inprogress_0
2019-09-11 07:39:35,790 [7366865a-3ccb-4fea-a2e2-b7a0314f55f5@group-34C649CB9FC7-SegmentedRaftLogWorker] INFO  segmented.SegmentedRaftLogWorker (SegmentedRaftLogWorker.java:execute(569)) - 7366865a-3ccb-4fea-a2e2-b7a0314f55f5@group-34C649CB9FC7-SegmentedRaftLogWorker: created new log segment /workdir/hadoop-ozone/integration-test/target/test-dir/MiniOzoneClusterImpl-d0f0e288-b90a-4d92-9473-de78fda8b1d0/datanode-7/data/ratis/821b6584-b496-4491-b4e1-34c649cb9fc7/current/log_inprogress_0
2019-09-11 07:39:35,790 [5b8ad787-4bf9-4bb4-bfeb-9c85cd30cda7@group-A5348760989C-SegmentedRaftLogWorker] INFO  segmented.SegmentedRaftLogWorker (SegmentedRaftLogWorker.java:execute(569)) - 5b8ad787-4bf9-4bb4-bfeb-9c85cd30cda7@group-A5348760989C-SegmentedRaftLogWorker: created new log segment /workdir/hadoop-ozone/integration-test/target/test-dir/MiniOzoneClusterImpl-d0f0e288-b90a-4d92-9473-de78fda8b1d0/datanode-3/data/ratis/1728e4ef-931d-45bc-872e-a5348760989c/current/log_inprogress_0
2019-09-11 07:39:35,945 [main] INFO  impl.MetricsSystemImpl (MetricsSystemImpl.java:init(158)) - XceiverClientMetrics metrics system started (again)
2019-09-11 07:39:36,087 [grpc-default-executor-5] INFO  client.GrpcClientProtocolClient (GrpcClientProtocolClient.java:onNext(264)) - client-CA35EAD14A50->5b8ad787-4bf9-4bb4-bfeb-9c85cd30cda7: receive RaftClientReply:client-CA35EAD14A50->5b8ad787-4bf9-4bb4-bfeb-9c85cd30cda7@group-402BD240969B, cid=19, FAILED org.apache.ratis.protocol.NotLeaderException: Server 5b8ad787-4bf9-4bb4-bfeb-9c85cd30cda7@group-402BD240969B is not the leader, logIndex=0, commits[5b8ad787-4bf9-4bb4-bfeb-9c85cd30cda7:c-1]
2019-09-11 07:39:36,536 [Thread-392] INFO  impl.FollowerState (FollowerState.java:run(106)) - 8929662e-8651-4c9f-b246-d3ed69c98010:group-402BD240969B changes to CANDIDATE, lastRpcTime:1018, electionTimeout:1012ms
2019-09-11 07:39:36,536 [Thread-392] INFO  impl.RoleInfo (RoleInfo.java:shutdownFollowerState(121)) - 8929662e-8651-4c9f-b246-d3ed69c98010: shutdown FollowerState
2019-09-11 07:39:36,537 [Thread-392] INFO  impl.RaftServerImpl (RaftServerImpl.java:setRole(174)) - 8929662e-8651-4c9f-b246-d3ed69c98010@group-402BD240969B: changes role from  FOLLOWER to CANDIDATE at term 1 for changeToCandidate
2019-09-11 07:39:36,537 [Thread-392] INFO  impl.RoleInfo (RoleInfo.java:updateAndGet(143)) - 8929662e-8651-4c9f-b246-d3ed69c98010: start LeaderElection
2019-09-11 07:39:36,563 [8929662e-8651-4c9f-b246-d3ed69c98010@group-402BD240969B:LeaderElection20] INFO  impl.LeaderElection (LeaderElection.java:askForVotes(182)) - 8929662e-8651-4c9f-b246-d3ed69c98010@group-402BD240969B:LeaderElection20: begin an election at term 2 for -1: [9196f2dc-d574-4585-b48c-56d55fbc13c2:192.168.34.12:36626, 8929662e-8651-4c9f-b246-d3ed69c98010:192.168.34.12:45689, 5b8ad787-4bf9-4bb4-bfeb-9c85cd30cda7:192.168.34.12:34780], old=null
2019-09-11 07:39:36,579 [grpc-default-executor-5] INFO  impl.RaftServerImpl (RaftServerImpl.java:setRole(174)) - 9196f2dc-d574-4585-b48c-56d55fbc13c2@group-402BD240969B: changes role from  FOLLOWER to FOLLOWER at term 2 for recognizeCandidate:8929662e-8651-4c9f-b246-d3ed69c98010
2019-09-11 07:39:36,580 [grpc-default-executor-5] INFO  impl.RoleInfo (RoleInfo.java:shutdownFollowerState(121)) - 9196f2dc-d574-4585-b48c-56d55fbc13c2: shutdown FollowerState
2019-09-11 07:39:36,579 [grpc-default-executor-4] INFO  impl.RaftServerImpl (RaftServerImpl.java:setRole(174)) - 5b8ad787-4bf9-4bb4-bfeb-9c85cd30cda7@group-402BD240969B: changes role from  FOLLOWER to FOLLOWER at term 2 for recognizeCandidate:8929662e-8651-4c9f-b246-d3ed69c98010
2019-09-11 07:39:36,580 [Thread-399] INFO  impl.FollowerState (FollowerState.java:run(115)) - 9196f2dc-d574-4585-b48c-56d55fbc13c2: FollowerState was interrupted: java.lang.InterruptedException: sleep interrupted
2019-09-11 07:39:36,580 [grpc-default-executor-5] INFO  impl.RoleInfo (RoleInfo.java:updateAndGet(143)) - 9196f2dc-d574-4585-b48c-56d55fbc13c2: start FollowerState
2019-09-11 07:39:36,580 [grpc-default-executor-4] INFO  impl.RoleInfo (RoleInfo.java:shutdownFollowerState(121)) - 5b8ad787-4bf9-4bb4-bfeb-9c85cd30cda7: shutdown FollowerState
2019-09-11 07:39:36,581 [grpc-default-executor-4] INFO  impl.RoleInfo (RoleInfo.java:updateAndGet(143)) - 5b8ad787-4bf9-4bb4-bfeb-9c85cd30cda7: start FollowerState
2019-09-11 07:39:36,581 [Thread-397] INFO  impl.FollowerState (FollowerState.java:run(115)) - 5b8ad787-4bf9-4bb4-bfeb-9c85cd30cda7: FollowerState was interrupted: java.lang.InterruptedException: sleep interrupted
2019-09-11 07:39:36,601 [8929662e-8651-4c9f-b246-d3ed69c98010@group-402BD240969B:LeaderElection20] INFO  impl.LeaderElection (LeaderElection.java:logAndReturn(56)) - 8929662e-8651-4c9f-b246-d3ed69c98010@group-402BD240969B:LeaderElection20: Election PASSED; received 1 response(s) [8929662e-8651-4c9f-b246-d3ed69c98010<-9196f2dc-d574-4585-b48c-56d55fbc13c2#0:OK-t2] and 0 exception(s); 8929662e-8651-4c9f-b246-d3ed69c98010@group-402BD240969B:t2, leader=null, voted=8929662e-8651-4c9f-b246-d3ed69c98010, raftlog=8929662e-8651-4c9f-b246-d3ed69c98010@group-402BD240969B-SegmentedRaftLog:OPENED:c-1,f-1,i0, conf=-1: [9196f2dc-d574-4585-b48c-56d55fbc13c2:192.168.34.12:36626, 8929662e-8651-4c9f-b246-d3ed69c98010:192.168.34.12:45689, 5b8ad787-4bf9-4bb4-bfeb-9c85cd30cda7:192.168.34.12:34780], old=null
2019-09-11 07:39:36,601 [8929662e-8651-4c9f-b246-d3ed69c98010@group-402BD240969B:LeaderElection20] INFO  impl.RoleInfo (RoleInfo.java:shutdownLeaderElection(134)) - 8929662e-8651-4c9f-b246-d3ed69c98010: shutdown LeaderElection
2019-09-11 07:39:36,604 [8929662e-8651-4c9f-b246-d3ed69c98010@group-402BD240969B:LeaderElection20] INFO  impl.RaftServerImpl (RaftServerImpl.java:setRole(174)) - 8929662e-8651-4c9f-b246-d3ed69c98010@group-402BD240969B: changes role from CANDIDATE to LEADER at term 2 for changeToLeader
2019-09-11 07:39:36,604 [8929662e-8651-4c9f-b246-d3ed69c98010@group-402BD240969B:LeaderElection20] INFO  impl.RaftServerImpl (ServerState.java:setLeader(253)) - 8929662e-8651-4c9f-b246-d3ed69c98010@group-402BD240969B: change Leader from null to 8929662e-8651-4c9f-b246-d3ed69c98010 at term 2 for becomeLeader, leader elected after 2435ms
2019-09-11 07:39:36,604 [8929662e-8651-4c9f-b246-d3ed69c98010@group-402BD240969B:LeaderElection20] INFO  server.RaftServerConfigKeys (ConfUtils.java:logGet(43)) - raft.server.staging.catchup.gap = 1000 (default)
2019-09-11 07:39:36,605 [8929662e-8651-4c9f-b246-d3ed69c98010@group-402BD240969B:LeaderElection20] INFO  server.RaftServerConfigKeys (ConfUtils.java:logGet(43)) - raft.server.rpc.sleep.time = 25ms (default)
2019-09-11 07:39:36,605 [8929662e-8651-4c9f-b246-d3ed69c98010@group-402BD240969B:LeaderElection20] INFO  server.RaftServerConfigKeys (ConfUtils.java:logGet(43)) - raft.server.write.element-limit = 4096 (default)
2019-09-11 07:39:36,605 [8929662e-8651-4c9f-b246-d3ed69c98010@group-402BD240969B:LeaderElection20] INFO  server.RaftServerConfigKeys (ConfUtils.java:logGet(43)) - raft.server.watch.timeout = 10s (default)
2019-09-11 07:39:36,605 [8929662e-8651-4c9f-b246-d3ed69c98010@group-402BD240969B:LeaderElection20] INFO  server.RaftServerConfigKeys (ConfUtils.java:logGet(43)) - raft.server.watch.timeout.denomination = 1s (default)
2019-09-11 07:39:36,605 [8929662e-8651-4c9f-b246-d3ed69c98010@group-402BD240969B:LeaderElection20] INFO  server.RaftServerConfigKeys (ConfUtils.java:logGet(43)) - raft.server.watch.element-limit = 65536 (default)
2019-09-11 07:39:36,611 [8929662e-8651-4c9f-b246-d3ed69c98010@group-402BD240969B:LeaderElection20] INFO  server.RaftServerConfigKeys (ConfUtils.java:logGet(43)) - raft.server.log.appender.snapshot.chunk.size.max = 16MB (=16777216) (default)
2019-09-11 07:39:36,611 [8929662e-8651-4c9f-b246-d3ed69c98010@group-402BD240969B:LeaderElection20] INFO  server.RaftServerConfigKeys (ConfUtils.java:logGet(43)) - raft.server.log.appender.buffer.byte-limit = 33554432 (custom)
2019-09-11 07:39:36,611 [8929662e-8651-4c9f-b246-d3ed69c98010@group-402BD240969B:LeaderElection20] INFO  server.RaftServerConfigKeys (ConfUtils.java:logGet(43)) - raft.server.log.appender.buffer.element-limit = 1 (custom)
2019-09-11 07:39:36,615 [8929662e-8651-4c9f-b246-d3ed69c98010@group-402BD240969B:LeaderElection20] INFO  grpc.GrpcConfigKeys$Server (ConfUtils.java:logGet(43)) - raft.grpc.server.leader.outstanding.appends.max = 128 (default)
2019-09-11 07:39:36,625 [8929662e-8651-4c9f-b246-d3ed69c98010@group-402BD240969B:LeaderElection20] INFO  server.RaftServerConfigKeys (ConfUtils.java:logGet(43)) - raft.server.rpc.request.timeout = 3000ms (default)
2019-09-11 07:39:36,625 [8929662e-8651-4c9f-b246-d3ed69c98010@group-402BD240969B:LeaderElection20] INFO  server.RaftServerConfigKeys (ConfUtils.java:logGet(43)) - raft.server.log.appender.install.snapshot.enabled = false (custom)
2019-09-11 07:39:36,626 [8929662e-8651-4c9f-b246-d3ed69c98010@group-402BD240969B:LeaderElection20] INFO  server.RaftServerConfigKeys (ConfUtils.java:logGet(43)) - raft.server.log.appender.snapshot.chunk.size.max = 16MB (=16777216) (default)
2019-09-11 07:39:36,627 [8929662e-8651-4c9f-b246-d3ed69c98010@group-402BD240969B:LeaderElection20] INFO  server.RaftServerConfigKeys (ConfUtils.java:logGet(43)) - raft.server.log.appender.buffer.byte-limit = 33554432 (custom)
2019-09-11 07:39:36,627 [8929662e-8651-4c9f-b246-d3ed69c98010@group-402BD240969B:LeaderElection20] INFO  server.RaftServerConfigKeys (ConfUtils.java:logGet(43)) - raft.server.log.appender.buffer.element-limit = 1 (custom)
2019-09-11 07:39:36,627 [8929662e-8651-4c9f-b246-d3ed69c98010@group-402BD240969B:LeaderElection20] INFO  grpc.GrpcConfigKeys$Server (ConfUtils.java:logGet(43)) - raft.grpc.server.leader.outstanding.appends.max = 128 (default)
2019-09-11 07:39:36,627 [8929662e-8651-4c9f-b246-d3ed69c98010@group-402BD240969B:LeaderElection20] INFO  server.RaftServerConfigKeys (ConfUtils.java:logGet(43)) - raft.server.rpc.request.timeout = 3000ms (default)
2019-09-11 07:39:36,627 [8929662e-8651-4c9f-b246-d3ed69c98010@group-402BD240969B:LeaderElection20] INFO  server.RaftServerConfigKeys (ConfUtils.java:logGet(43)) - raft.server.log.appender.install.snapshot.enabled = false (custom)
2019-09-11 07:39:36,629 [8929662e-8651-4c9f-b246-d3ed69c98010@group-402BD240969B:LeaderElection20] INFO  impl.RoleInfo (RoleInfo.java:updateAndGet(143)) - 8929662e-8651-4c9f-b246-d3ed69c98010: start LeaderState
2019-09-11 07:39:36,630 [8929662e-8651-4c9f-b246-d3ed69c98010@group-402BD240969B:LeaderElection20] INFO  segmented.SegmentedRaftLogWorker (SegmentedRaftLogWorker.java:startLogSegment(380)) - 8929662e-8651-4c9f-b246-d3ed69c98010@group-402BD240969B-SegmentedRaftLogWorker: Starting segment from index:0
2019-09-11 07:39:36,630 [8929662e-8651-4c9f-b246-d3ed69c98010@group-402BD240969B:LeaderElection20] INFO  impl.RaftServerImpl (ServerState.java:setRaftConf(354)) - 8929662e-8651-4c9f-b246-d3ed69c98010@group-402BD240969B: set configuration 0: [9196f2dc-d574-4585-b48c-56d55fbc13c2:192.168.34.12:36626, 8929662e-8651-4c9f-b246-d3ed69c98010:192.168.34.12:45689, 5b8ad787-4bf9-4bb4-bfeb-9c85cd30cda7:192.168.34.12:34780], old=null at 0
2019-09-11 07:39:36,672 [Thread-391] INFO  impl.FollowerState (FollowerState.java:run(106)) - 72bb666e-e114-4432-9598-bd6d136490e0:group-91E122509A7B changes to CANDIDATE, lastRpcTime:1162, electionTimeout:1157ms
2019-09-11 07:39:36,676 [Thread-391] INFO  impl.RoleInfo (RoleInfo.java:shutdownFollowerState(121)) - 72bb666e-e114-4432-9598-bd6d136490e0: shutdown FollowerState
2019-09-11 07:39:36,676 [Thread-391] INFO  impl.RaftServerImpl (RaftServerImpl.java:setRole(174)) - 72bb666e-e114-4432-9598-bd6d136490e0@group-91E122509A7B: changes role from  FOLLOWER to CANDIDATE at term 1 for changeToCandidate
2019-09-11 07:39:36,676 [Thread-391] INFO  impl.RoleInfo (RoleInfo.java:updateAndGet(143)) - 72bb666e-e114-4432-9598-bd6d136490e0: start LeaderElection
2019-09-11 07:39:36,684 [8929662e-8651-4c9f-b246-d3ed69c98010@group-402BD240969B-SegmentedRaftLogWorker] INFO  segmented.SegmentedRaftLogWorker (SegmentedRaftLogWorker.java:execute(569)) - 8929662e-8651-4c9f-b246-d3ed69c98010@group-402BD240969B-SegmentedRaftLogWorker: created new log segment /workdir/hadoop-ozone/integration-test/target/test-dir/MiniOzoneClusterImpl-d0f0e288-b90a-4d92-9473-de78fda8b1d0/datanode-9/data/ratis/9f7a788d-0274-444c-82aa-402bd240969b/current/log_inprogress_0
2019-09-11 07:39:36,684 [72bb666e-e114-4432-9598-bd6d136490e0@group-91E122509A7B:LeaderElection21] INFO  impl.LeaderElection (LeaderElection.java:askForVotes(182)) - 72bb666e-e114-4432-9598-bd6d136490e0@group-91E122509A7B:LeaderElection21: begin an election at term 2 for -1: [72bb666e-e114-4432-9598-bd6d136490e0:192.168.34.12:43357, 4bd38775-382d-4c4f-9f91-7366b5492a1e:192.168.34.12:33350, 48982da4-f995-48e9-b2c1-a2ad51cb7376:192.168.34.12:39508], old=null
2019-09-11 07:39:36,688 [grpc-default-executor-5] INFO  impl.RaftServerImpl (RaftServerImpl.java:setRole(174)) - 4bd38775-382d-4c4f-9f91-7366b5492a1e@group-91E122509A7B: changes role from  FOLLOWER to FOLLOWER at term 2 for recognizeCandidate:72bb666e-e114-4432-9598-bd6d136490e0
2019-09-11 07:39:36,688 [grpc-default-executor-4] INFO  impl.RaftServerImpl (RaftServerImpl.java:setRole(174)) - 48982da4-f995-48e9-b2c1-a2ad51cb7376@group-91E122509A7B: changes role from  FOLLOWER to FOLLOWER at term 2 for recognizeCandidate:72bb666e-e114-4432-9598-bd6d136490e0
2019-09-11 07:39:36,689 [grpc-default-executor-5] INFO  impl.RoleInfo (RoleInfo.java:shutdownFollowerState(121)) - 4bd38775-382d-4c4f-9f91-7366b5492a1e: shutdown FollowerState
2019-09-11 07:39:36,689 [grpc-default-executor-4] INFO  impl.RoleInfo (RoleInfo.java:shutdownFollowerState(121)) - 48982da4-f995-48e9-b2c1-a2ad51cb7376: shutdown FollowerState
2019-09-11 07:39:36,689 [grpc-default-executor-5] INFO  impl.RoleInfo (RoleInfo.java:updateAndGet(143)) - 4bd38775-382d-4c4f-9f91-7366b5492a1e: start FollowerState
2019-09-11 07:39:36,689 [Thread-393] INFO  impl.FollowerState (FollowerState.java:run(115)) - 48982da4-f995-48e9-b2c1-a2ad51cb7376: FollowerState was interrupted: java.lang.InterruptedException: sleep interrupted
2019-09-11 07:39:36,689 [grpc-default-executor-4] INFO  impl.RoleInfo (RoleInfo.java:updateAndGet(143)) - 48982da4-f995-48e9-b2c1-a2ad51cb7376: start FollowerState
2019-09-11 07:39:36,702 [Thread-396] INFO  impl.FollowerState (FollowerState.java:run(106)) - 36be1d2c-b8e7-4a5e-9c9f-c881d55a8c5a:group-0D0617E48045 changes to CANDIDATE, lastRpcTime:1080, electionTimeout:1068ms
2019-09-11 07:39:36,702 [Thread-396] INFO  impl.RoleInfo (RoleInfo.java:shutdownFollowerState(121)) - 36be1d2c-b8e7-4a5e-9c9f-c881d55a8c5a: shutdown FollowerState
2019-09-11 07:39:36,702 [Thread-396] INFO  impl.RaftServerImpl (RaftServerImpl.java:setRole(174)) - 36be1d2c-b8e7-4a5e-9c9f-c881d55a8c5a@group-0D0617E48045: changes role from  FOLLOWER to CANDIDATE at term 1 for changeToCandidate
2019-09-11 07:39:36,702 [72bb666e-e114-4432-9598-bd6d136490e0@group-91E122509A7B:LeaderElection21] INFO  impl.LeaderElection (LeaderElection.java:logAndReturn(56)) - 72bb666e-e114-4432-9598-bd6d136490e0@group-91E122509A7B:LeaderElection21: Election PASSED; received 1 response(s) [72bb666e-e114-4432-9598-bd6d136490e0<-4bd38775-382d-4c4f-9f91-7366b5492a1e#0:OK-t2] and 0 exception(s); 72bb666e-e114-4432-9598-bd6d136490e0@group-91E122509A7B:t2, leader=null, voted=72bb666e-e114-4432-9598-bd6d136490e0, raftlog=72bb666e-e114-4432-9598-bd6d136490e0@group-91E122509A7B-SegmentedRaftLog:OPENED:c-1,f-1,i0, conf=-1: [72bb666e-e114-4432-9598-bd6d136490e0:192.168.34.12:43357, 4bd38775-382d-4c4f-9f91-7366b5492a1e:192.168.34.12:33350, 48982da4-f995-48e9-b2c1-a2ad51cb7376:192.168.34.12:39508], old=null
2019-09-11 07:39:36,702 [Thread-396] INFO  impl.RoleInfo (RoleInfo.java:updateAndGet(143)) - 36be1d2c-b8e7-4a5e-9c9f-c881d55a8c5a: start LeaderElection
2019-09-11 07:39:36,702 [72bb666e-e114-4432-9598-bd6d136490e0@group-91E122509A7B:LeaderElection21] INFO  impl.RoleInfo (RoleInfo.java:shutdownLeaderElection(134)) - 72bb666e-e114-4432-9598-bd6d136490e0: shutdown LeaderElection
2019-09-11 07:39:36,707 [72bb666e-e114-4432-9598-bd6d136490e0@group-91E122509A7B:LeaderElection21] INFO  impl.RaftServerImpl (RaftServerImpl.java:setRole(174)) - 72bb666e-e114-4432-9598-bd6d136490e0@group-91E122509A7B: changes role from CANDIDATE to LEADER at term 2 for changeToLeader
2019-09-11 07:39:36,707 [72bb666e-e114-4432-9598-bd6d136490e0@group-91E122509A7B:LeaderElection21] INFO  impl.RaftServerImpl (ServerState.java:setLeader(253)) - 72bb666e-e114-4432-9598-bd6d136490e0@group-91E122509A7B: change Leader from null to 72bb666e-e114-4432-9598-bd6d136490e0 at term 2 for becomeLeader, leader elected after 2751ms
2019-09-11 07:39:36,707 [72bb666e-e114-4432-9598-bd6d136490e0@group-91E122509A7B:LeaderElection21] INFO  server.RaftServerConfigKeys (ConfUtils.java:logGet(43)) - raft.server.staging.catchup.gap = 1000 (default)
2019-09-11 07:39:36,708 [72bb666e-e114-4432-9598-bd6d136490e0@group-91E122509A7B:LeaderElection21] INFO  server.RaftServerConfigKeys (ConfUtils.java:logGet(43)) - raft.server.rpc.sleep.time = 25ms (default)
2019-09-11 07:39:36,708 [72bb666e-e114-4432-9598-bd6d136490e0@group-91E122509A7B:LeaderElection21] INFO  server.RaftServerConfigKeys (ConfUtils.java:logGet(43)) - raft.server.write.element-limit = 4096 (default)
2019-09-11 07:39:36,708 [72bb666e-e114-4432-9598-bd6d136490e0@group-91E122509A7B:LeaderElection21] INFO  server.RaftServerConfigKeys (ConfUtils.java:logGet(43)) - raft.server.watch.timeout = 10s (default)
2019-09-11 07:39:36,712 [72bb666e-e114-4432-9598-bd6d136490e0@group-91E122509A7B:LeaderElection21] INFO  server.RaftServerConfigKeys (ConfUtils.java:logGet(43)) - raft.server.watch.timeout.denomination = 1s (default)
2019-09-11 07:39:36,712 [72bb666e-e114-4432-9598-bd6d136490e0@group-91E122509A7B:LeaderElection21] INFO  server.RaftServerConfigKeys (ConfUtils.java:logGet(43)) - raft.server.watch.element-limit = 65536 (default)
2019-09-11 07:39:36,713 [grpc-default-executor-3] INFO  impl.RaftServerImpl (ServerState.java:setLeader(253)) - 9196f2dc-d574-4585-b48c-56d55fbc13c2@group-402BD240969B: change Leader from null to 8929662e-8651-4c9f-b246-d3ed69c98010 at term 2 for appendEntries, leader elected after 2543ms
2019-09-11 07:39:36,713 [grpc-default-executor-2] INFO  impl.RaftServerImpl (ServerState.java:setLeader(253)) - 5b8ad787-4bf9-4bb4-bfeb-9c85cd30cda7@group-402BD240969B: change Leader from null to 8929662e-8651-4c9f-b246-d3ed69c98010 at term 2 for appendEntries, leader elected after 2543ms
2019-09-11 07:39:36,715 [72bb666e-e114-4432-9598-bd6d136490e0@group-91E122509A7B:LeaderElection21] INFO  server.RaftServerConfigKeys (ConfUtils.java:logGet(43)) - raft.server.log.appender.snapshot.chunk.size.max = 16MB (=16777216) (default)
2019-09-11 07:39:36,715 [72bb666e-e114-4432-9598-bd6d136490e0@group-91E122509A7B:LeaderElection21] INFO  server.RaftServerConfigKeys (ConfUtils.java:logGet(43)) - raft.server.log.appender.buffer.byte-limit = 33554432 (custom)
2019-09-11 07:39:36,718 [72bb666e-e114-4432-9598-bd6d136490e0@group-91E122509A7B:LeaderElection21] INFO  server.RaftServerConfigKeys (ConfUtils.java:logGet(43)) - raft.server.log.appender.buffer.element-limit = 1 (custom)
2019-09-11 07:39:36,718 [72bb666e-e114-4432-9598-bd6d136490e0@group-91E122509A7B:LeaderElection21] INFO  grpc.GrpcConfigKeys$Server (ConfUtils.java:logGet(43)) - raft.grpc.server.leader.outstanding.appends.max = 128 (default)
2019-09-11 07:39:36,720 [72bb666e-e114-4432-9598-bd6d136490e0@group-91E122509A7B:LeaderElection21] INFO  server.RaftServerConfigKeys (ConfUtils.java:logGet(43)) - raft.server.rpc.request.timeout = 3000ms (default)
2019-09-11 07:39:36,720 [72bb666e-e114-4432-9598-bd6d136490e0@group-91E122509A7B:LeaderElection21] INFO  server.RaftServerConfigKeys (ConfUtils.java:logGet(43)) - raft.server.log.appender.install.snapshot.enabled = false (custom)
2019-09-11 07:39:36,721 [72bb666e-e114-4432-9598-bd6d136490e0@group-91E122509A7B:LeaderElection21] INFO  server.RaftServerConfigKeys (ConfUtils.java:logGet(43)) - raft.server.log.appender.snapshot.chunk.size.max = 16MB (=16777216) (default)
2019-09-11 07:39:36,721 [72bb666e-e114-4432-9598-bd6d136490e0@group-91E122509A7B:LeaderElection21] INFO  server.RaftServerConfigKeys (ConfUtils.java:logGet(43)) - raft.server.log.appender.buffer.byte-limit = 33554432 (custom)
2019-09-11 07:39:36,721 [72bb666e-e114-4432-9598-bd6d136490e0@group-91E122509A7B:LeaderElection21] INFO  server.RaftServerConfigKeys (ConfUtils.java:logGet(43)) - raft.server.log.appender.buffer.element-limit = 1 (custom)
2019-09-11 07:39:36,723 [72bb666e-e114-4432-9598-bd6d136490e0@group-91E122509A7B:LeaderElection21] INFO  grpc.GrpcConfigKeys$Server (ConfUtils.java:logGet(43)) - raft.grpc.server.leader.outstanding.appends.max = 128 (default)
2019-09-11 07:39:36,723 [72bb666e-e114-4432-9598-bd6d136490e0@group-91E122509A7B:LeaderElection21] INFO  server.RaftServerConfigKeys (ConfUtils.java:logGet(43)) - raft.server.rpc.request.timeout = 3000ms (default)
2019-09-11 07:39:36,723 [72bb666e-e114-4432-9598-bd6d136490e0@group-91E122509A7B:LeaderElection21] INFO  server.RaftServerConfigKeys (ConfUtils.java:logGet(43)) - raft.server.log.appender.install.snapshot.enabled = false (custom)
2019-09-11 07:39:36,728 [36be1d2c-b8e7-4a5e-9c9f-c881d55a8c5a@group-0D0617E48045:LeaderElection22] INFO  impl.LeaderElection (LeaderElection.java:askForVotes(182)) - 36be1d2c-b8e7-4a5e-9c9f-c881d55a8c5a@group-0D0617E48045:LeaderElection22: begin an election at term 2 for -1: [a1a3d5df-f415-4291-8622-8b18f7b50573:192.168.34.12:41207, 36be1d2c-b8e7-4a5e-9c9f-c881d55a8c5a:192.168.34.12:36299, 7366865a-3ccb-4fea-a2e2-b7a0314f55f5:192.168.34.12:39985], old=null
2019-09-11 07:39:36,728 [72bb666e-e114-4432-9598-bd6d136490e0@group-91E122509A7B:LeaderElection21] INFO  impl.RoleInfo (RoleInfo.java:updateAndGet(143)) - 72bb666e-e114-4432-9598-bd6d136490e0: start LeaderState
2019-09-11 07:39:36,728 [72bb666e-e114-4432-9598-bd6d136490e0@group-91E122509A7B:LeaderElection21] INFO  segmented.SegmentedRaftLogWorker (SegmentedRaftLogWorker.java:startLogSegment(380)) - 72bb666e-e114-4432-9598-bd6d136490e0@group-91E122509A7B-SegmentedRaftLogWorker: Starting segment from index:0
2019-09-11 07:39:36,729 [72bb666e-e114-4432-9598-bd6d136490e0@group-91E122509A7B:LeaderElection21] INFO  impl.RaftServerImpl (ServerState.java:setRaftConf(354)) - 72bb666e-e114-4432-9598-bd6d136490e0@group-91E122509A7B: set configuration 0: [72bb666e-e114-4432-9598-bd6d136490e0:192.168.34.12:43357, 4bd38775-382d-4c4f-9f91-7366b5492a1e:192.168.34.12:33350, 48982da4-f995-48e9-b2c1-a2ad51cb7376:192.168.34.12:39508], old=null at 0
2019-09-11 07:39:36,760 [grpc-default-executor-5] INFO  impl.RaftServerImpl (RaftServerImpl.java:setRole(174)) - 7366865a-3ccb-4fea-a2e2-b7a0314f55f5@group-0D0617E48045: changes role from  FOLLOWER to FOLLOWER at term 2 for recognizeCandidate:36be1d2c-b8e7-4a5e-9c9f-c881d55a8c5a
2019-09-11 07:39:36,761 [grpc-default-executor-4] INFO  impl.RaftServerImpl (ServerState.java:setLeader(253)) - 4bd38775-382d-4c4f-9f91-7366b5492a1e@group-91E122509A7B: change Leader from null to 72bb666e-e114-4432-9598-bd6d136490e0 at term 2 for appendEntries, leader elected after 2804ms
2019-09-11 07:39:36,761 [grpc-default-executor-0] INFO  impl.RaftServerImpl (ServerState.java:setLeader(253)) - 48982da4-f995-48e9-b2c1-a2ad51cb7376@group-91E122509A7B: change Leader from null to 72bb666e-e114-4432-9598-bd6d136490e0 at term 2 for appendEntries, leader elected after 2805ms
2019-09-11 07:39:36,761 [grpc-default-executor-1] INFO  impl.RaftServerImpl (RaftServerImpl.java:setRole(174)) - a1a3d5df-f415-4291-8622-8b18f7b50573@group-0D0617E48045: changes role from  FOLLOWER to FOLLOWER at term 2 for recognizeCandidate:36be1d2c-b8e7-4a5e-9c9f-c881d55a8c5a
2019-09-11 07:39:36,761 [grpc-default-executor-5] INFO  impl.RoleInfo (RoleInfo.java:shutdownFollowerState(121)) - 7366865a-3ccb-4fea-a2e2-b7a0314f55f5: shutdown FollowerState
2019-09-11 07:39:36,761 [grpc-default-executor-1] INFO  impl.RoleInfo (RoleInfo.java:shutdownFollowerState(121)) - a1a3d5df-f415-4291-8622-8b18f7b50573: shutdown FollowerState
2019-09-11 07:39:36,762 [grpc-default-executor-5] INFO  impl.RoleInfo (RoleInfo.java:updateAndGet(143)) - 7366865a-3ccb-4fea-a2e2-b7a0314f55f5: start FollowerState
2019-09-11 07:39:36,762 [Thread-398] INFO  impl.FollowerState (FollowerState.java:run(115)) - a1a3d5df-f415-4291-8622-8b18f7b50573: FollowerState was interrupted: java.lang.InterruptedException: sleep interrupted
2019-09-11 07:39:36,762 [grpc-default-executor-1] INFO  impl.RoleInfo (RoleInfo.java:updateAndGet(143)) - a1a3d5df-f415-4291-8622-8b18f7b50573: start FollowerState
2019-09-11 07:39:36,772 [72bb666e-e114-4432-9598-bd6d136490e0@group-91E122509A7B-SegmentedRaftLogWorker] INFO  segmented.SegmentedRaftLogWorker (SegmentedRaftLogWorker.java:execute(569)) - 72bb666e-e114-4432-9598-bd6d136490e0@group-91E122509A7B-SegmentedRaftLogWorker: created new log segment /workdir/hadoop-ozone/integration-test/target/test-dir/MiniOzoneClusterImpl-d0f0e288-b90a-4d92-9473-de78fda8b1d0/datanode-8/data/ratis/fadca5a5-408a-4f72-a4cf-91e122509a7b/current/log_inprogress_0
2019-09-11 07:39:36,778 [36be1d2c-b8e7-4a5e-9c9f-c881d55a8c5a@group-0D0617E48045:LeaderElection22] INFO  impl.LeaderElection (LeaderElection.java:logAndReturn(56)) - 36be1d2c-b8e7-4a5e-9c9f-c881d55a8c5a@group-0D0617E48045:LeaderElection22: Election PASSED; received 1 response(s) [36be1d2c-b8e7-4a5e-9c9f-c881d55a8c5a<-a1a3d5df-f415-4291-8622-8b18f7b50573#0:OK-t2] and 0 exception(s); 36be1d2c-b8e7-4a5e-9c9f-c881d55a8c5a@group-0D0617E48045:t2, leader=null, voted=36be1d2c-b8e7-4a5e-9c9f-c881d55a8c5a, raftlog=36be1d2c-b8e7-4a5e-9c9f-c881d55a8c5a@group-0D0617E48045-SegmentedRaftLog:OPENED:c-1,f-1,i0, conf=-1: [a1a3d5df-f415-4291-8622-8b18f7b50573:192.168.34.12:41207, 36be1d2c-b8e7-4a5e-9c9f-c881d55a8c5a:192.168.34.12:36299, 7366865a-3ccb-4fea-a2e2-b7a0314f55f5:192.168.34.12:39985], old=null
2019-09-11 07:39:36,778 [36be1d2c-b8e7-4a5e-9c9f-c881d55a8c5a@group-0D0617E48045:LeaderElection22] INFO  impl.RoleInfo (RoleInfo.java:shutdownLeaderElection(134)) - 36be1d2c-b8e7-4a5e-9c9f-c881d55a8c5a: shutdown LeaderElection
2019-09-11 07:39:36,782 [36be1d2c-b8e7-4a5e-9c9f-c881d55a8c5a@group-0D0617E48045:LeaderElection22] INFO  impl.RaftServerImpl (RaftServerImpl.java:setRole(174)) - 36be1d2c-b8e7-4a5e-9c9f-c881d55a8c5a@group-0D0617E48045: changes role from CANDIDATE to LEADER at term 2 for changeToLeader
2019-09-11 07:39:36,782 [36be1d2c-b8e7-4a5e-9c9f-c881d55a8c5a@group-0D0617E48045:LeaderElection22] INFO  impl.RaftServerImpl (ServerState.java:setLeader(253)) - 36be1d2c-b8e7-4a5e-9c9f-c881d55a8c5a@group-0D0617E48045: change Leader from null to 36be1d2c-b8e7-4a5e-9c9f-c881d55a8c5a at term 2 for becomeLeader, leader elected after 2716ms
2019-09-11 07:39:36,783 [36be1d2c-b8e7-4a5e-9c9f-c881d55a8c5a@group-0D0617E48045:LeaderElection22] INFO  server.RaftServerConfigKeys (ConfUtils.java:logGet(43)) - raft.server.staging.catchup.gap = 1000 (default)
2019-09-11 07:39:36,783 [36be1d2c-b8e7-4a5e-9c9f-c881d55a8c5a@group-0D0617E48045:LeaderElection22] INFO  server.RaftServerConfigKeys (ConfUtils.java:logGet(43)) - raft.server.rpc.sleep.time = 25ms (default)
2019-09-11 07:39:36,783 [36be1d2c-b8e7-4a5e-9c9f-c881d55a8c5a@group-0D0617E48045:LeaderElection22] INFO  server.RaftServerConfigKeys (ConfUtils.java:logGet(43)) - raft.server.write.element-limit = 4096 (default)
2019-09-11 07:39:36,783 [36be1d2c-b8e7-4a5e-9c9f-c881d55a8c5a@group-0D0617E48045:LeaderElection22] INFO  server.RaftServerConfigKeys (ConfUtils.java:logGet(43)) - raft.server.watch.timeout = 10s (default)
2019-09-11 07:39:36,783 [36be1d2c-b8e7-4a5e-9c9f-c881d55a8c5a@group-0D0617E48045:LeaderElection22] INFO  server.RaftServerConfigKeys (ConfUtils.java:logGet(43)) - raft.server.watch.timeout.denomination = 1s (default)
2019-09-11 07:39:36,784 [36be1d2c-b8e7-4a5e-9c9f-c881d55a8c5a@group-0D0617E48045:LeaderElection22] INFO  server.RaftServerConfigKeys (ConfUtils.java:logGet(43)) - raft.server.watch.element-limit = 65536 (default)
2019-09-11 07:39:36,787 [36be1d2c-b8e7-4a5e-9c9f-c881d55a8c5a@group-0D0617E48045:LeaderElection22] INFO  server.RaftServerConfigKeys (ConfUtils.java:logGet(43)) - raft.server.log.appender.snapshot.chunk.size.max = 16MB (=16777216) (default)
2019-09-11 07:39:36,787 [36be1d2c-b8e7-4a5e-9c9f-c881d55a8c5a@group-0D0617E48045:LeaderElection22] INFO  server.RaftServerConfigKeys (ConfUtils.java:logGet(43)) - raft.server.log.appender.buffer.byte-limit = 33554432 (custom)
2019-09-11 07:39:36,787 [36be1d2c-b8e7-4a5e-9c9f-c881d55a8c5a@group-0D0617E48045:LeaderElection22] INFO  server.RaftServerConfigKeys (ConfUtils.java:logGet(43)) - raft.server.log.appender.buffer.element-limit = 1 (custom)
2019-09-11 07:39:36,787 [36be1d2c-b8e7-4a5e-9c9f-c881d55a8c5a@group-0D0617E48045:LeaderElection22] INFO  grpc.GrpcConfigKeys$Server (ConfUtils.java:logGet(43)) - raft.grpc.server.leader.outstanding.appends.max = 128 (default)
2019-09-11 07:39:36,787 [36be1d2c-b8e7-4a5e-9c9f-c881d55a8c5a@group-0D0617E48045:LeaderElection22] INFO  server.RaftServerConfigKeys (ConfUtils.java:logGet(43)) - raft.server.rpc.request.timeout = 3000ms (default)
2019-09-11 07:39:36,788 [36be1d2c-b8e7-4a5e-9c9f-c881d55a8c5a@group-0D0617E48045:LeaderElection22] INFO  server.RaftServerConfigKeys (ConfUtils.java:logGet(43)) - raft.server.log.appender.install.snapshot.enabled = false (custom)
2019-09-11 07:39:36,788 [36be1d2c-b8e7-4a5e-9c9f-c881d55a8c5a@group-0D0617E48045:LeaderElection22] INFO  server.RaftServerConfigKeys (ConfUtils.java:logGet(43)) - raft.server.log.appender.snapshot.chunk.size.max = 16MB (=16777216) (default)
2019-09-11 07:39:36,788 [36be1d2c-b8e7-4a5e-9c9f-c881d55a8c5a@group-0D0617E48045:LeaderElection22] INFO  server.RaftServerConfigKeys (ConfUtils.java:logGet(43)) - raft.server.log.appender.buffer.byte-limit = 33554432 (custom)
2019-09-11 07:39:36,788 [36be1d2c-b8e7-4a5e-9c9f-c881d55a8c5a@group-0D0617E48045:LeaderElection22] INFO  server.RaftServerConfigKeys (ConfUtils.java:logGet(43)) - raft.server.log.appender.buffer.element-limit = 1 (custom)
2019-09-11 07:39:36,789 [36be1d2c-b8e7-4a5e-9c9f-c881d55a8c5a@group-0D0617E48045:LeaderElection22] INFO  grpc.GrpcConfigKeys$Server (ConfUtils.java:logGet(43)) - raft.grpc.server.leader.outstanding.appends.max = 128 (default)
2019-09-11 07:39:36,789 [36be1d2c-b8e7-4a5e-9c9f-c881d55a8c5a@group-0D0617E48045:LeaderElection22] INFO  server.RaftServerConfigKeys (ConfUtils.java:logGet(43)) - raft.server.rpc.request.timeout = 3000ms (default)
2019-09-11 07:39:36,789 [36be1d2c-b8e7-4a5e-9c9f-c881d55a8c5a@group-0D0617E48045:LeaderElection22] INFO  server.RaftServerConfigKeys (ConfUtils.java:logGet(43)) - raft.server.log.appender.install.snapshot.enabled = false (custom)
2019-09-11 07:39:36,790 [36be1d2c-b8e7-4a5e-9c9f-c881d55a8c5a@group-0D0617E48045:LeaderElection22] INFO  impl.RoleInfo (RoleInfo.java:updateAndGet(143)) - 36be1d2c-b8e7-4a5e-9c9f-c881d55a8c5a: start LeaderState
2019-09-11 07:39:36,790 [grpc-default-executor-3] INFO  impl.RaftServerImpl (ServerState.java:setRaftConf(354)) - 9196f2dc-d574-4585-b48c-56d55fbc13c2@group-402BD240969B: set configuration 0: [9196f2dc-d574-4585-b48c-56d55fbc13c2:192.168.34.12:36626, 8929662e-8651-4c9f-b246-d3ed69c98010:192.168.34.12:45689, 5b8ad787-4bf9-4bb4-bfeb-9c85cd30cda7:192.168.34.12:34780], old=null at 0
2019-09-11 07:39:36,793 [36be1d2c-b8e7-4a5e-9c9f-c881d55a8c5a@group-0D0617E48045:LeaderElection22] INFO  segmented.SegmentedRaftLogWorker (SegmentedRaftLogWorker.java:startLogSegment(380)) - 36be1d2c-b8e7-4a5e-9c9f-c881d55a8c5a@group-0D0617E48045-SegmentedRaftLogWorker: Starting segment from index:0
2019-09-11 07:39:36,793 [grpc-default-executor-0] INFO  impl.RaftServerImpl (ServerState.java:setRaftConf(354)) - 5b8ad787-4bf9-4bb4-bfeb-9c85cd30cda7@group-402BD240969B: set configuration 0: [9196f2dc-d574-4585-b48c-56d55fbc13c2:192.168.34.12:36626, 8929662e-8651-4c9f-b246-d3ed69c98010:192.168.34.12:45689, 5b8ad787-4bf9-4bb4-bfeb-9c85cd30cda7:192.168.34.12:34780], old=null at 0
2019-09-11 07:39:36,790 [grpc-default-executor-2] INFO  impl.RaftServerImpl (ServerState.java:setRaftConf(354)) - 4bd38775-382d-4c4f-9f91-7366b5492a1e@group-91E122509A7B: set configuration 0: [72bb666e-e114-4432-9598-bd6d136490e0:192.168.34.12:43357, 4bd38775-382d-4c4f-9f91-7366b5492a1e:192.168.34.12:33350, 48982da4-f995-48e9-b2c1-a2ad51cb7376:192.168.34.12:39508], old=null at 0
2019-09-11 07:39:36,794 [36be1d2c-b8e7-4a5e-9c9f-c881d55a8c5a@group-0D0617E48045:LeaderElection22] INFO  impl.RaftServerImpl (ServerState.java:setRaftConf(354)) - 36be1d2c-b8e7-4a5e-9c9f-c881d55a8c5a@group-0D0617E48045: set configuration 0: [a1a3d5df-f415-4291-8622-8b18f7b50573:192.168.34.12:41207, 36be1d2c-b8e7-4a5e-9c9f-c881d55a8c5a:192.168.34.12:36299, 7366865a-3ccb-4fea-a2e2-b7a0314f55f5:192.168.34.12:39985], old=null at 0
2019-09-11 07:39:36,794 [grpc-default-executor-0] INFO  segmented.SegmentedRaftLogWorker (SegmentedRaftLogWorker.java:startLogSegment(380)) - 5b8ad787-4bf9-4bb4-bfeb-9c85cd30cda7@group-402BD240969B-SegmentedRaftLogWorker: Starting segment from index:0
2019-09-11 07:39:36,793 [grpc-default-executor-4] INFO  impl.RaftServerImpl (ServerState.java:setRaftConf(354)) - 48982da4-f995-48e9-b2c1-a2ad51cb7376@group-91E122509A7B: set configuration 0: [72bb666e-e114-4432-9598-bd6d136490e0:192.168.34.12:43357, 4bd38775-382d-4c4f-9f91-7366b5492a1e:192.168.34.12:33350, 48982da4-f995-48e9-b2c1-a2ad51cb7376:192.168.34.12:39508], old=null at 0
2019-09-11 07:39:36,793 [grpc-default-executor-3] INFO  segmented.SegmentedRaftLogWorker (SegmentedRaftLogWorker.java:startLogSegment(380)) - 9196f2dc-d574-4585-b48c-56d55fbc13c2@group-402BD240969B-SegmentedRaftLogWorker: Starting segment from index:0
2019-09-11 07:39:36,834 [grpc-default-executor-4] INFO  segmented.SegmentedRaftLogWorker (SegmentedRaftLogWorker.java:startLogSegment(380)) - 48982da4-f995-48e9-b2c1-a2ad51cb7376@group-91E122509A7B-SegmentedRaftLogWorker: Starting segment from index:0
2019-09-11 07:39:36,833 [grpc-default-executor-2] INFO  segmented.SegmentedRaftLogWorker (SegmentedRaftLogWorker.java:startLogSegment(380)) - 4bd38775-382d-4c4f-9f91-7366b5492a1e@group-91E122509A7B-SegmentedRaftLogWorker: Starting segment from index:0
2019-09-11 07:39:36,836 [grpc-default-executor-4] INFO  impl.RaftServerImpl (ServerState.java:setLeader(253)) - a1a3d5df-f415-4291-8622-8b18f7b50573@group-0D0617E48045: change Leader from null to 36be1d2c-b8e7-4a5e-9c9f-c881d55a8c5a at term 2 for appendEntries, leader elected after 2770ms
2019-09-11 07:39:36,836 [grpc-default-executor-2] INFO  impl.RaftServerImpl (ServerState.java:setLeader(253)) - 7366865a-3ccb-4fea-a2e2-b7a0314f55f5@group-0D0617E48045: change Leader from null to 36be1d2c-b8e7-4a5e-9c9f-c881d55a8c5a at term 2 for appendEntries, leader elected after 2770ms
2019-09-11 07:39:36,841 [grpc-default-executor-2] INFO  impl.RaftServerImpl (ServerState.java:setRaftConf(354)) - a1a3d5df-f415-4291-8622-8b18f7b50573@group-0D0617E48045: set configuration 0: [a1a3d5df-f415-4291-8622-8b18f7b50573:192.168.34.12:41207, 36be1d2c-b8e7-4a5e-9c9f-c881d55a8c5a:192.168.34.12:36299, 7366865a-3ccb-4fea-a2e2-b7a0314f55f5:192.168.34.12:39985], old=null at 0
2019-09-11 07:39:36,841 [grpc-default-executor-4] INFO  impl.RaftServerImpl (ServerState.java:setRaftConf(354)) - 7366865a-3ccb-4fea-a2e2-b7a0314f55f5@group-0D0617E48045: set configuration 0: [a1a3d5df-f415-4291-8622-8b18f7b50573:192.168.34.12:41207, 36be1d2c-b8e7-4a5e-9c9f-c881d55a8c5a:192.168.34.12:36299, 7366865a-3ccb-4fea-a2e2-b7a0314f55f5:192.168.34.12:39985], old=null at 0
2019-09-11 07:39:36,841 [grpc-default-executor-2] INFO  segmented.SegmentedRaftLogWorker (SegmentedRaftLogWorker.java:startLogSegment(380)) - a1a3d5df-f415-4291-8622-8b18f7b50573@group-0D0617E48045-SegmentedRaftLogWorker: Starting segment from index:0
2019-09-11 07:39:36,842 [grpc-default-executor-4] INFO  segmented.SegmentedRaftLogWorker (SegmentedRaftLogWorker.java:startLogSegment(380)) - 7366865a-3ccb-4fea-a2e2-b7a0314f55f5@group-0D0617E48045-SegmentedRaftLogWorker: Starting segment from index:0
2019-09-11 07:39:36,846 [36be1d2c-b8e7-4a5e-9c9f-c881d55a8c5a@group-0D0617E48045-SegmentedRaftLogWorker] INFO  segmented.SegmentedRaftLogWorker (SegmentedRaftLogWorker.java:execute(569)) - 36be1d2c-b8e7-4a5e-9c9f-c881d55a8c5a@group-0D0617E48045-SegmentedRaftLogWorker: created new log segment /workdir/hadoop-ozone/integration-test/target/test-dir/MiniOzoneClusterImpl-d0f0e288-b90a-4d92-9473-de78fda8b1d0/datanode-0/data/ratis/e3102112-5d56-4448-b7ef-0d0617e48045/current/log_inprogress_0
2019-09-11 07:39:36,880 [4bd38775-382d-4c4f-9f91-7366b5492a1e@group-91E122509A7B-SegmentedRaftLogWorker] INFO  segmented.SegmentedRaftLogWorker (SegmentedRaftLogWorker.java:execute(569)) - 4bd38775-382d-4c4f-9f91-7366b5492a1e@group-91E122509A7B-SegmentedRaftLogWorker: created new log segment /workdir/hadoop-ozone/integration-test/target/test-dir/MiniOzoneClusterImpl-d0f0e288-b90a-4d92-9473-de78fda8b1d0/datanode-1/data/ratis/fadca5a5-408a-4f72-a4cf-91e122509a7b/current/log_inprogress_0
2019-09-11 07:39:36,880 [5b8ad787-4bf9-4bb4-bfeb-9c85cd30cda7@group-402BD240969B-SegmentedRaftLogWorker] INFO  segmented.SegmentedRaftLogWorker (SegmentedRaftLogWorker.java:execute(569)) - 5b8ad787-4bf9-4bb4-bfeb-9c85cd30cda7@group-402BD240969B-SegmentedRaftLogWorker: created new log segment /workdir/hadoop-ozone/integration-test/target/test-dir/MiniOzoneClusterImpl-d0f0e288-b90a-4d92-9473-de78fda8b1d0/datanode-3/data/ratis/9f7a788d-0274-444c-82aa-402bd240969b/current/log_inprogress_0
2019-09-11 07:39:36,880 [48982da4-f995-48e9-b2c1-a2ad51cb7376@group-91E122509A7B-SegmentedRaftLogWorker] INFO  segmented.SegmentedRaftLogWorker (SegmentedRaftLogWorker.java:execute(569)) - 48982da4-f995-48e9-b2c1-a2ad51cb7376@group-91E122509A7B-SegmentedRaftLogWorker: created new log segment /workdir/hadoop-ozone/integration-test/target/test-dir/MiniOzoneClusterImpl-d0f0e288-b90a-4d92-9473-de78fda8b1d0/datanode-2/data/ratis/fadca5a5-408a-4f72-a4cf-91e122509a7b/current/log_inprogress_0
2019-09-11 07:39:36,880 [9196f2dc-d574-4585-b48c-56d55fbc13c2@group-402BD240969B-SegmentedRaftLogWorker] INFO  segmented.SegmentedRaftLogWorker (SegmentedRaftLogWorker.java:execute(569)) - 9196f2dc-d574-4585-b48c-56d55fbc13c2@group-402BD240969B-SegmentedRaftLogWorker: created new log segment /workdir/hadoop-ozone/integration-test/target/test-dir/MiniOzoneClusterImpl-d0f0e288-b90a-4d92-9473-de78fda8b1d0/datanode-4/data/ratis/9f7a788d-0274-444c-82aa-402bd240969b/current/log_inprogress_0
2019-09-11 07:39:36,883 [7366865a-3ccb-4fea-a2e2-b7a0314f55f5@group-0D0617E48045-SegmentedRaftLogWorker] INFO  segmented.SegmentedRaftLogWorker (SegmentedRaftLogWorker.java:execute(569)) - 7366865a-3ccb-4fea-a2e2-b7a0314f55f5@group-0D0617E48045-SegmentedRaftLogWorker: created new log segment /workdir/hadoop-ozone/integration-test/target/test-dir/MiniOzoneClusterImpl-d0f0e288-b90a-4d92-9473-de78fda8b1d0/datanode-7/data/ratis/e3102112-5d56-4448-b7ef-0d0617e48045/current/log_inprogress_0
2019-09-11 07:39:36,883 [a1a3d5df-f415-4291-8622-8b18f7b50573@group-0D0617E48045-SegmentedRaftLogWorker] INFO  segmented.SegmentedRaftLogWorker (SegmentedRaftLogWorker.java:execute(569)) - a1a3d5df-f415-4291-8622-8b18f7b50573@group-0D0617E48045-SegmentedRaftLogWorker: created new log segment /workdir/hadoop-ozone/integration-test/target/test-dir/MiniOzoneClusterImpl-d0f0e288-b90a-4d92-9473-de78fda8b1d0/datanode-6/data/ratis/e3102112-5d56-4448-b7ef-0d0617e48045/current/log_inprogress_0
2019-09-11 07:39:37,139 [grpc-default-executor-2] INFO  client.GrpcClientProtocolClient (GrpcClientProtocolClient.java:onNext(264)) - client-CA35EAD14A50->9196f2dc-d574-4585-b48c-56d55fbc13c2: receive RaftClientReply:client-CA35EAD14A50->9196f2dc-d574-4585-b48c-56d55fbc13c2@group-402BD240969B, cid=19, FAILED org.apache.ratis.protocol.NotLeaderException: Server 9196f2dc-d574-4585-b48c-56d55fbc13c2@group-402BD240969B is not the leader 8929662e-8651-4c9f-b246-d3ed69c98010:192.168.34.12:45689, logIndex=0, commits[9196f2dc-d574-4585-b48c-56d55fbc13c2:c0, 8929662e-8651-4c9f-b246-d3ed69c98010:c0, 5b8ad787-4bf9-4bb4-bfeb-9c85cd30cda7:c-1]
2019-09-11 07:39:37,433 [grpc-default-executor-4] INFO  client.GrpcClientProtocolClient (GrpcClientProtocolClient.java:onNext(264)) - client-CA35EAD14A50->8929662e-8651-4c9f-b246-d3ed69c98010: receive RaftClientReply:client-CA35EAD14A50->8929662e-8651-4c9f-b246-d3ed69c98010@group-402BD240969B, cid=19, SUCCESS, logIndex=1, commits[8929662e-8651-4c9f-b246-d3ed69c98010:c2, 9196f2dc-d574-4585-b48c-56d55fbc13c2:c1, 5b8ad787-4bf9-4bb4-bfeb-9c85cd30cda7:c1]
2019-09-11 07:39:37,651 [grpc-default-executor-2] INFO  client.GrpcClientProtocolClient (GrpcClientProtocolClient.java:onNext(264)) - client-CA35EAD14A50->8929662e-8651-4c9f-b246-d3ed69c98010: receive RaftClientReply:client-CA35EAD14A50->8929662e-8651-4c9f-b246-d3ed69c98010@group-402BD240969B, cid=20, SUCCESS, logIndex=3, commits[8929662e-8651-4c9f-b246-d3ed69c98010:c8, 9196f2dc-d574-4585-b48c-56d55fbc13c2:c5, 5b8ad787-4bf9-4bb4-bfeb-9c85cd30cda7:c6]
2019-09-11 07:39:37,659 [grpc-default-executor-2] INFO  client.GrpcClientProtocolClient (GrpcClientProtocolClient.java:onNext(264)) - client-CA35EAD14A50->8929662e-8651-4c9f-b246-d3ed69c98010: receive RaftClientReply:client-CA35EAD14A50->8929662e-8651-4c9f-b246-d3ed69c98010@group-402BD240969B, cid=21, SUCCESS, logIndex=4, commits[8929662e-8651-4c9f-b246-d3ed69c98010:c8, 9196f2dc-d574-4585-b48c-56d55fbc13c2:c5, 5b8ad787-4bf9-4bb4-bfeb-9c85cd30cda7:c6]
2019-09-11 07:39:37,660 [grpc-default-executor-2] INFO  client.GrpcClientProtocolClient (GrpcClientProtocolClient.java:onNext(264)) - client-CA35EAD14A50->8929662e-8651-4c9f-b246-d3ed69c98010: receive RaftClientReply:client-CA35EAD14A50->8929662e-8651-4c9f-b246-d3ed69c98010@group-402BD240969B, cid=22, SUCCESS, logIndex=5, commits[8929662e-8651-4c9f-b246-d3ed69c98010:c8, 9196f2dc-d574-4585-b48c-56d55fbc13c2:c5, 5b8ad787-4bf9-4bb4-bfeb-9c85cd30cda7:c6]
2019-09-11 07:39:37,702 [grpc-default-executor-2] INFO  client.GrpcClientProtocolClient (GrpcClientProtocolClient.java:onNext(264)) - client-CA35EAD14A50->8929662e-8651-4c9f-b246-d3ed69c98010: receive RaftClientReply:client-CA35EAD14A50->8929662e-8651-4c9f-b246-d3ed69c98010@group-402BD240969B, cid=23, SUCCESS, logIndex=9, commits[8929662e-8651-4c9f-b246-d3ed69c98010:c9, 9196f2dc-d574-4585-b48c-56d55fbc13c2:c8, 5b8ad787-4bf9-4bb4-bfeb-9c85cd30cda7:c6]
2019-09-11 07:39:37,704 [grpc-default-executor-2] INFO  client.GrpcClientProtocolClient (GrpcClientProtocolClient.java:onNext(264)) - client-CA35EAD14A50->8929662e-8651-4c9f-b246-d3ed69c98010: receive RaftClientReply:client-CA35EAD14A50->8929662e-8651-4c9f-b246-d3ed69c98010@group-402BD240969B, cid=24, SUCCESS, logIndex=10, commits[8929662e-8651-4c9f-b246-d3ed69c98010:c10, 9196f2dc-d574-4585-b48c-56d55fbc13c2:c8, 5b8ad787-4bf9-4bb4-bfeb-9c85cd30cda7:c6]
2019-09-11 07:39:37,720 [grpc-default-executor-2] INFO  client.GrpcClientProtocolClient (GrpcClientProtocolClient.java:onNext(264)) - client-CA35EAD14A50->8929662e-8651-4c9f-b246-d3ed69c98010: receive RaftClientReply:client-CA35EAD14A50->8929662e-8651-4c9f-b246-d3ed69c98010@group-402BD240969B, cid=25, SUCCESS, logIndex=11, commits[8929662e-8651-4c9f-b246-d3ed69c98010:c12, 9196f2dc-d574-4585-b48c-56d55fbc13c2:c9, 5b8ad787-4bf9-4bb4-bfeb-9c85cd30cda7:c8]
2019-09-11 07:39:37,724 [grpc-default-executor-0] INFO  client.GrpcClientProtocolClient (GrpcClientProtocolClient.java:onNext(264)) - client-CA35EAD14A50->8929662e-8651-4c9f-b246-d3ed69c98010: receive RaftClientReply:client-CA35EAD14A50->8929662e-8651-4c9f-b246-d3ed69c98010@group-402BD240969B, cid=26, SUCCESS, logIndex=12, commits[8929662e-8651-4c9f-b246-d3ed69c98010:c14, 9196f2dc-d574-4585-b48c-56d55fbc13c2:c10, 5b8ad787-4bf9-4bb4-bfeb-9c85cd30cda7:c8]
2019-09-11 07:39:37,753 [grpc-default-executor-0] INFO  client.GrpcClientProtocolClient (GrpcClientProtocolClient.java:onNext(264)) - client-CA35EAD14A50->8929662e-8651-4c9f-b246-d3ed69c98010: receive RaftClientReply:client-CA35EAD14A50->8929662e-8651-4c9f-b246-d3ed69c98010@group-402BD240969B, cid=27, SUCCESS, logIndex=0, commits[8929662e-8651-4c9f-b246-d3ed69c98010:c16, 9196f2dc-d574-4585-b48c-56d55fbc13c2:c12, 5b8ad787-4bf9-4bb4-bfeb-9c85cd30cda7:c13]
2019-09-11 07:39:37,758 [grpc-default-executor-0] INFO  client.GrpcClientProtocolClient (GrpcClientProtocolClient.java:onNext(264)) - client-CA35EAD14A50->8929662e-8651-4c9f-b246-d3ed69c98010: receive RaftClientReply:client-CA35EAD14A50->8929662e-8651-4c9f-b246-d3ed69c98010@group-402BD240969B, cid=28, SUCCESS, logIndex=0, commits[8929662e-8651-4c9f-b246-d3ed69c98010:c16, 9196f2dc-d574-4585-b48c-56d55fbc13c2:c12, 5b8ad787-4bf9-4bb4-bfeb-9c85cd30cda7:c13]
2019-09-11 07:39:40,770 [java.util.concurrent.ThreadPoolExecutor$Worker@702f6010[State = -1, empty queue]] WARN  server.GrpcLogAppender (GrpcLogAppender.java:timeoutAppendRequest(200)) - 8929662e-8651-4c9f-b246-d3ed69c98010@group-402BD240969B->9196f2dc-d574-4585-b48c-56d55fbc13c2-GrpcLogAppender: appendEntries Timeout, request=8929662e-8651-4c9f-b246-d3ed69c98010->9196f2dc-d574-4585-b48c-56d55fbc13c2#18-t2, previous=(t:2, i:16), leaderCommit=16, initializing? false, entries: size=1, first=(t:2, i:17), STATEMACHINELOGENTRY, client-CA35EAD14A50, cid=29
2019-09-11 07:39:40,770 [java.util.concurrent.ThreadPoolExecutor$Worker@64e577f5[State = -1, empty queue]] WARN  server.GrpcLogAppender (GrpcLogAppender.java:timeoutAppendRequest(200)) - 8929662e-8651-4c9f-b246-d3ed69c98010@group-402BD240969B->5b8ad787-4bf9-4bb4-bfeb-9c85cd30cda7-GrpcLogAppender: appendEntries Timeout, request=8929662e-8651-4c9f-b246-d3ed69c98010->5b8ad787-4bf9-4bb4-bfeb-9c85cd30cda7#18-t2, previous=(t:2, i:16), leaderCommit=16, initializing? false, entries: size=1, first=(t:2, i:17), STATEMACHINELOGENTRY, client-CA35EAD14A50, cid=29
2019-09-11 07:39:40,775 [java.util.concurrent.ThreadPoolExecutor$Worker@702f6010[State = -1, empty queue]] WARN  server.GrpcLogAppender (GrpcLogAppender.java:timeoutAppendRequest(200)) - 8929662e-8651-4c9f-b246-d3ed69c98010@group-402BD240969B->9196f2dc-d574-4585-b48c-56d55fbc13c2-GrpcLogAppender: appendEntries Timeout, request=8929662e-8651-4c9f-b246-d3ed69c98010->9196f2dc-d574-4585-b48c-56d55fbc13c2#19-t2, previous=(t:2, i:17), leaderCommit=16, initializing? false, entries: size=1, first=(t:2, i:18), STATEMACHINELOGENTRY, client-CA35EAD14A50, cid=30
2019-09-11 07:39:40,777 [java.util.concurrent.ThreadPoolExecutor$Worker@64e577f5[State = -1, empty queue]] WARN  server.GrpcLogAppender (GrpcLogAppender.java:timeoutAppendRequest(200)) - 8929662e-8651-4c9f-b246-d3ed69c98010@group-402BD240969B->5b8ad787-4bf9-4bb4-bfeb-9c85cd30cda7-GrpcLogAppender: appendEntries Timeout, request=8929662e-8651-4c9f-b246-d3ed69c98010->5b8ad787-4bf9-4bb4-bfeb-9c85cd30cda7#19-t2, previous=(t:2, i:17), leaderCommit=16, initializing? false, entries: size=1, first=(t:2, i:18), STATEMACHINELOGENTRY, client-CA35EAD14A50, cid=30
2019-09-11 07:39:40,781 [java.util.concurrent.ThreadPoolExecutor$Worker@702f6010[State = -1, empty queue]] WARN  server.GrpcLogAppender (GrpcLogAppender.java:timeoutAppendRequest(200)) - 8929662e-8651-4c9f-b246-d3ed69c98010@group-402BD240969B->9196f2dc-d574-4585-b48c-56d55fbc13c2-GrpcLogAppender: appendEntries Timeout, request=8929662e-8651-4c9f-b246-d3ed69c98010->9196f2dc-d574-4585-b48c-56d55fbc13c2#20-t2, previous=(t:2, i:18), leaderCommit=16, initializing? false, entries: size=1, first=(t:2, i:19), STATEMACHINELOGENTRY, client-CA35EAD14A50, cid=31
2019-09-11 07:39:40,783 [java.util.concurrent.ThreadPoolExecutor$Worker@64e577f5[State = -1, empty queue]] WARN  server.GrpcLogAppender (GrpcLogAppender.java:timeoutAppendRequest(200)) - 8929662e-8651-4c9f-b246-d3ed69c98010@group-402BD240969B->5b8ad787-4bf9-4bb4-bfeb-9c85cd30cda7-GrpcLogAppender: appendEntries Timeout, request=8929662e-8651-4c9f-b246-d3ed69c98010->5b8ad787-4bf9-4bb4-bfeb-9c85cd30cda7#20-t2, previous=(t:2, i:18), leaderCommit=16, initializing? false, entries: size=1, first=(t:2, i:19), STATEMACHINELOGENTRY, client-CA35EAD14A50, cid=31
2019-09-11 07:39:40,803 [java.util.concurrent.ThreadPoolExecutor$Worker@702f6010[State = -1, empty queue]] WARN  server.GrpcLogAppender (GrpcLogAppender.java:timeoutAppendRequest(200)) - 8929662e-8651-4c9f-b246-d3ed69c98010@group-402BD240969B->9196f2dc-d574-4585-b48c-56d55fbc13c2-GrpcLogAppender: appendEntries Timeout, request=8929662e-8651-4c9f-b246-d3ed69c98010->9196f2dc-d574-4585-b48c-56d55fbc13c2#21-t2, previous=(t:2, i:19), leaderCommit=16, initializing? false, entries: size=1, first=(t:2, i:20), STATEMACHINELOGENTRY, client-CA35EAD14A50, cid=32
2019-09-11 07:39:40,803 [java.util.concurrent.ThreadPoolExecutor$Worker@64e577f5[State = -1, empty queue]] WARN  server.GrpcLogAppender (GrpcLogAppender.java:timeoutAppendRequest(200)) - 8929662e-8651-4c9f-b246-d3ed69c98010@group-402BD240969B->5b8ad787-4bf9-4bb4-bfeb-9c85cd30cda7-GrpcLogAppender: appendEntries Timeout, request=8929662e-8651-4c9f-b246-d3ed69c98010->5b8ad787-4bf9-4bb4-bfeb-9c85cd30cda7#21-t2, previous=(t:2, i:19), leaderCommit=16, initializing? false, entries: size=1, first=(t:2, i:20), STATEMACHINELOGENTRY, client-CA35EAD14A50, cid=32
2019-09-11 07:39:41,282 [java.util.concurrent.ThreadPoolExecutor$Worker@702f6010[State = -1, empty queue]] WARN  server.GrpcLogAppender (GrpcLogAppender.java:timeoutAppendRequest(200)) - 8929662e-8651-4c9f-b246-d3ed69c98010@group-402BD240969B->9196f2dc-d574-4585-b48c-56d55fbc13c2-GrpcLogAppender: appendEntries Timeout, request=8929662e-8651-4c9f-b246-d3ed69c98010->9196f2dc-d574-4585-b48c-56d55fbc13c2#22-t2, previous=(t:2, i:20), leaderCommit=16, initializing? false, entries: <empty>
2019-09-11 07:39:41,288 [java.util.concurrent.ThreadPoolExecutor$Worker@64e577f5[State = -1, empty queue]] WARN  server.GrpcLogAppender (GrpcLogAppender.java:timeoutAppendRequest(200)) - 8929662e-8651-4c9f-b246-d3ed69c98010@group-402BD240969B->5b8ad787-4bf9-4bb4-bfeb-9c85cd30cda7-GrpcLogAppender: appendEntries Timeout, request=8929662e-8651-4c9f-b246-d3ed69c98010->5b8ad787-4bf9-4bb4-bfeb-9c85cd30cda7#22-t2, previous=(t:2, i:20), leaderCommit=16, initializing? false, entries: <empty>
2019-09-11 07:39:41,783 [java.util.concurrent.ThreadPoolExecutor$Worker@702f6010[State = -1, empty queue]] WARN  server.GrpcLogAppender (GrpcLogAppender.java:timeoutAppendRequest(200)) - 8929662e-8651-4c9f-b246-d3ed69c98010@group-402BD240969B->9196f2dc-d574-4585-b48c-56d55fbc13c2-GrpcLogAppender: appendEntries Timeout, request=8929662e-8651-4c9f-b246-d3ed69c98010->9196f2dc-d574-4585-b48c-56d55fbc13c2#23-t2, previous=(t:2, i:20), leaderCommit=16, initializing? false, entries: <empty>
2019-09-11 07:39:41,783 [java.util.concurrent.ThreadPoolExecutor$Worker@64e577f5[State = -1, empty queue]] WARN  server.GrpcLogAppender (GrpcLogAppender.java:timeoutAppendRequest(200)) - 8929662e-8651-4c9f-b246-d3ed69c98010@group-402BD240969B->5b8ad787-4bf9-4bb4-bfeb-9c85cd30cda7-GrpcLogAppender: appendEntries Timeout, request=8929662e-8651-4c9f-b246-d3ed69c98010->5b8ad787-4bf9-4bb4-bfeb-9c85cd30cda7#23-t2, previous=(t:2, i:20), leaderCommit=16, initializing? false, entries: <empty>
2019-09-11 07:39:42,284 [java.util.concurrent.ThreadPoolExecutor$Worker@702f6010[State = -1, empty queue]] WARN  server.GrpcLogAppender (GrpcLogAppender.java:timeoutAppendRequest(200)) - 8929662e-8651-4c9f-b246-d3ed69c98010@group-402BD240969B->9196f2dc-d574-4585-b48c-56d55fbc13c2-GrpcLogAppender: appendEntries Timeout, request=8929662e-8651-4c9f-b246-d3ed69c98010->9196f2dc-d574-4585-b48c-56d55fbc13c2#24-t2, previous=(t:2, i:20), leaderCommit=16, initializing? false, entries: <empty>
2019-09-11 07:39:42,284 [java.util.concurrent.ThreadPoolExecutor$Worker@64e577f5[State = -1, empty queue]] WARN  server.GrpcLogAppender (GrpcLogAppender.java:timeoutAppendRequest(200)) - 8929662e-8651-4c9f-b246-d3ed69c98010@group-402BD240969B->5b8ad787-4bf9-4bb4-bfeb-9c85cd30cda7-GrpcLogAppender: appendEntries Timeout, request=8929662e-8651-4c9f-b246-d3ed69c98010->5b8ad787-4bf9-4bb4-bfeb-9c85cd30cda7#24-t2, previous=(t:2, i:20), leaderCommit=16, initializing? false, entries: <empty>
2019-09-11 07:39:42,786 [java.util.concurrent.ThreadPoolExecutor$Worker@702f6010[State = -1, empty queue]] WARN  server.GrpcLogAppender (GrpcLogAppender.java:timeoutAppendRequest(200)) - 8929662e-8651-4c9f-b246-d3ed69c98010@group-402BD240969B->9196f2dc-d574-4585-b48c-56d55fbc13c2-GrpcLogAppender: appendEntries Timeout, request=8929662e-8651-4c9f-b246-d3ed69c98010->9196f2dc-d574-4585-b48c-56d55fbc13c2#25-t2, previous=(t:2, i:20), leaderCommit=16, initializing? false, entries: <empty>
2019-09-11 07:39:42,786 [java.util.concurrent.ThreadPoolExecutor$Worker@64e577f5[State = -1, empty queue]] WARN  server.GrpcLogAppender (GrpcLogAppender.java:timeoutAppendRequest(200)) - 8929662e-8651-4c9f-b246-d3ed69c98010@group-402BD240969B->5b8ad787-4bf9-4bb4-bfeb-9c85cd30cda7-GrpcLogAppender: appendEntries Timeout, request=8929662e-8651-4c9f-b246-d3ed69c98010->5b8ad787-4bf9-4bb4-bfeb-9c85cd30cda7#25-t2, previous=(t:2, i:20), leaderCommit=16, initializing? false, entries: <empty>
2019-09-11 07:39:42,873 [grpc-default-executor-2] INFO  client.GrpcClientProtocolClient (GrpcClientProtocolClient.java:onNext(264)) - client-CA35EAD14A50->5b8ad787-4bf9-4bb4-bfeb-9c85cd30cda7: receive RaftClientReply:client-CA35EAD14A50->5b8ad787-4bf9-4bb4-bfeb-9c85cd30cda7@group-402BD240969B, cid=29, FAILED org.apache.ratis.protocol.NotLeaderException: Server 5b8ad787-4bf9-4bb4-bfeb-9c85cd30cda7@group-402BD240969B is not the leader 8929662e-8651-4c9f-b246-d3ed69c98010:192.168.34.12:45689, logIndex=0, commits[5b8ad787-4bf9-4bb4-bfeb-9c85cd30cda7:c16, 9196f2dc-d574-4585-b48c-56d55fbc13c2:c12, 8929662e-8651-4c9f-b246-d3ed69c98010:c16]
2019-09-11 07:39:43,286 [java.util.concurrent.ThreadPoolExecutor$Worker@702f6010[State = -1, empty queue]] WARN  server.GrpcLogAppender (GrpcLogAppender.java:timeoutAppendRequest(200)) - 8929662e-8651-4c9f-b246-d3ed69c98010@group-402BD240969B->9196f2dc-d574-4585-b48c-56d55fbc13c2-GrpcLogAppender: appendEntries Timeout, request=8929662e-8651-4c9f-b246-d3ed69c98010->9196f2dc-d574-4585-b48c-56d55fbc13c2#26-t2, previous=(t:2, i:20), leaderCommit=16, initializing? false, entries: <empty>
2019-09-11 07:39:43,286 [java.util.concurrent.ThreadPoolExecutor$Worker@64e577f5[State = -1, empty queue]] WARN  server.GrpcLogAppender (GrpcLogAppender.java:timeoutAppendRequest(200)) - 8929662e-8651-4c9f-b246-d3ed69c98010@group-402BD240969B->5b8ad787-4bf9-4bb4-bfeb-9c85cd30cda7-GrpcLogAppender: appendEntries Timeout, request=8929662e-8651-4c9f-b246-d3ed69c98010->5b8ad787-4bf9-4bb4-bfeb-9c85cd30cda7#26-t2, previous=(t:2, i:20), leaderCommit=16, initializing? false, entries: <empty>
2019-09-11 07:39:43,808 [java.util.concurrent.ThreadPoolExecutor$Worker@64e577f5[State = -1, empty queue]] WARN  server.GrpcLogAppender (GrpcLogAppender.java:timeoutAppendRequest(200)) - 8929662e-8651-4c9f-b246-d3ed69c98010@group-402BD240969B->5b8ad787-4bf9-4bb4-bfeb-9c85cd30cda7-GrpcLogAppender: appendEntries Timeout, request=8929662e-8651-4c9f-b246-d3ed69c98010->5b8ad787-4bf9-4bb4-bfeb-9c85cd30cda7#27-t2, previous=(t:2, i:20), leaderCommit=16, initializing? false, entries: <empty>
2019-09-11 07:39:43,808 [java.util.concurrent.ThreadPoolExecutor$Worker@702f6010[State = -1, empty queue]] WARN  server.GrpcLogAppender (GrpcLogAppender.java:timeoutAppendRequest(200)) - 8929662e-8651-4c9f-b246-d3ed69c98010@group-402BD240969B->9196f2dc-d574-4585-b48c-56d55fbc13c2-GrpcLogAppender: appendEntries Timeout, request=8929662e-8651-4c9f-b246-d3ed69c98010->9196f2dc-d574-4585-b48c-56d55fbc13c2#27-t2, previous=(t:2, i:20), leaderCommit=16, initializing? false, entries: <empty>
2019-09-11 07:39:44,308 [java.util.concurrent.ThreadPoolExecutor$Worker@702f6010[State = -1, empty queue]] WARN  server.GrpcLogAppender (GrpcLogAppender.java:timeoutAppendRequest(200)) - 8929662e-8651-4c9f-b246-d3ed69c98010@group-402BD240969B->9196f2dc-d574-4585-b48c-56d55fbc13c2-GrpcLogAppender: appendEntries Timeout, request=8929662e-8651-4c9f-b246-d3ed69c98010->9196f2dc-d574-4585-b48c-56d55fbc13c2#28-t2, previous=(t:2, i:20), leaderCommit=16, initializing? false, entries: <empty>
2019-09-11 07:39:44,308 [java.util.concurrent.ThreadPoolExecutor$Worker@64e577f5[State = -1, empty queue]] WARN  server.GrpcLogAppender (GrpcLogAppender.java:timeoutAppendRequest(200)) - 8929662e-8651-4c9f-b246-d3ed69c98010@group-402BD240969B->5b8ad787-4bf9-4bb4-bfeb-9c85cd30cda7-GrpcLogAppender: appendEntries Timeout, request=8929662e-8651-4c9f-b246-d3ed69c98010->5b8ad787-4bf9-4bb4-bfeb-9c85cd30cda7#28-t2, previous=(t:2, i:20), leaderCommit=16, initializing? false, entries: <empty>
2019-09-11 07:39:44,809 [java.util.concurrent.ThreadPoolExecutor$Worker@702f6010[State = -1, empty queue]] WARN  server.GrpcLogAppender (GrpcLogAppender.java:timeoutAppendRequest(200)) - 8929662e-8651-4c9f-b246-d3ed69c98010@group-402BD240969B->9196f2dc-d574-4585-b48c-56d55fbc13c2-GrpcLogAppender: appendEntries Timeout, request=8929662e-8651-4c9f-b246-d3ed69c98010->9196f2dc-d574-4585-b48c-56d55fbc13c2#29-t2, previous=(t:2, i:20), leaderCommit=16, initializing? false, entries: <empty>
2019-09-11 07:39:44,809 [java.util.concurrent.ThreadPoolExecutor$Worker@64e577f5[State = -1, empty queue]] WARN  server.GrpcLogAppender (GrpcLogAppender.java:timeoutAppendRequest(200)) - 8929662e-8651-4c9f-b246-d3ed69c98010@group-402BD240969B->5b8ad787-4bf9-4bb4-bfeb-9c85cd30cda7-GrpcLogAppender: appendEntries Timeout, request=8929662e-8651-4c9f-b246-d3ed69c98010->5b8ad787-4bf9-4bb4-bfeb-9c85cd30cda7#29-t2, previous=(t:2, i:20), leaderCommit=16, initializing? false, entries: <empty>
2019-09-11 07:39:45,310 [java.util.concurrent.ThreadPoolExecutor$Worker@702f6010[State = -1, empty queue]] WARN  server.GrpcLogAppender (GrpcLogAppender.java:timeoutAppendRequest(200)) - 8929662e-8651-4c9f-b246-d3ed69c98010@group-402BD240969B->9196f2dc-d574-4585-b48c-56d55fbc13c2-GrpcLogAppender: appendEntries Timeout, request=8929662e-8651-4c9f-b246-d3ed69c98010->9196f2dc-d574-4585-b48c-56d55fbc13c2#30-t2, previous=(t:2, i:20), leaderCommit=16, initializing? false, entries: <empty>
2019-09-11 07:39:45,310 [java.util.concurrent.ThreadPoolExecutor$Worker@64e577f5[State = -1, empty queue]] WARN  server.GrpcLogAppender (GrpcLogAppender.java:timeoutAppendRequest(200)) - 8929662e-8651-4c9f-b246-d3ed69c98010@group-402BD240969B->5b8ad787-4bf9-4bb4-bfeb-9c85cd30cda7-GrpcLogAppender: appendEntries Timeout, request=8929662e-8651-4c9f-b246-d3ed69c98010->5b8ad787-4bf9-4bb4-bfeb-9c85cd30cda7#30-t2, previous=(t:2, i:20), leaderCommit=16, initializing? false, entries: <empty>
2019-09-11 07:39:45,810 [java.util.concurrent.ThreadPoolExecutor$Worker@64e577f5[State = -1, empty queue]] WARN  server.GrpcLogAppender (GrpcLogAppender.java:timeoutAppendRequest(200)) - 8929662e-8651-4c9f-b246-d3ed69c98010@group-402BD240969B->5b8ad787-4bf9-4bb4-bfeb-9c85cd30cda7-GrpcLogAppender: appendEntries Timeout, request=8929662e-8651-4c9f-b246-d3ed69c98010->5b8ad787-4bf9-4bb4-bfeb-9c85cd30cda7#31-t2, previous=(t:2, i:20), leaderCommit=16, initializing? false, entries: <empty>
2019-09-11 07:39:45,810 [java.util.concurrent.ThreadPoolExecutor$Worker@702f6010[State = -1, empty queue]] WARN  server.GrpcLogAppender (GrpcLogAppender.java:timeoutAppendRequest(200)) - 8929662e-8651-4c9f-b246-d3ed69c98010@group-402BD240969B->9196f2dc-d574-4585-b48c-56d55fbc13c2-GrpcLogAppender: appendEntries Timeout, request=8929662e-8651-4c9f-b246-d3ed69c98010->9196f2dc-d574-4585-b48c-56d55fbc13c2#31-t2, previous=(t:2, i:20), leaderCommit=16, initializing? false, entries: <empty>
2019-09-11 07:39:46,311 [java.util.concurrent.ThreadPoolExecutor$Worker@64e577f5[State = -1, empty queue]] WARN  server.GrpcLogAppender (GrpcLogAppender.java:timeoutAppendRequest(200)) - 8929662e-8651-4c9f-b246-d3ed69c98010@group-402BD240969B->5b8ad787-4bf9-4bb4-bfeb-9c85cd30cda7-GrpcLogAppender: appendEntries Timeout, request=8929662e-8651-4c9f-b246-d3ed69c98010->5b8ad787-4bf9-4bb4-bfeb-9c85cd30cda7#32-t2, previous=(t:2, i:20), leaderCommit=16, initializing? false, entries: <empty>
2019-09-11 07:39:46,311 [java.util.concurrent.ThreadPoolExecutor$Worker@702f6010[State = -1, empty queue]] WARN  server.GrpcLogAppender (GrpcLogAppender.java:timeoutAppendRequest(200)) - 8929662e-8651-4c9f-b246-d3ed69c98010@group-402BD240969B->9196f2dc-d574-4585-b48c-56d55fbc13c2-GrpcLogAppender: appendEntries Timeout, request=8929662e-8651-4c9f-b246-d3ed69c98010->9196f2dc-d574-4585-b48c-56d55fbc13c2#32-t2, previous=(t:2, i:20), leaderCommit=16, initializing? false, entries: <empty>
2019-09-11 07:39:46,812 [java.util.concurrent.ThreadPoolExecutor$Worker@64e577f5[State = -1, empty queue]] WARN  server.GrpcLogAppender (GrpcLogAppender.java:timeoutAppendRequest(200)) - 8929662e-8651-4c9f-b246-d3ed69c98010@group-402BD240969B->5b8ad787-4bf9-4bb4-bfeb-9c85cd30cda7-GrpcLogAppender: appendEntries Timeout, request=8929662e-8651-4c9f-b246-d3ed69c98010->5b8ad787-4bf9-4bb4-bfeb-9c85cd30cda7#33-t2, previous=(t:2, i:20), leaderCommit=16, initializing? false, entries: <empty>
2019-09-11 07:39:46,812 [java.util.concurrent.ThreadPoolExecutor$Worker@702f6010[State = -1, empty queue]] WARN  server.GrpcLogAppender (GrpcLogAppender.java:timeoutAppendRequest(200)) - 8929662e-8651-4c9f-b246-d3ed69c98010@group-402BD240969B->9196f2dc-d574-4585-b48c-56d55fbc13c2-GrpcLogAppender: appendEntries Timeout, request=8929662e-8651-4c9f-b246-d3ed69c98010->9196f2dc-d574-4585-b48c-56d55fbc13c2#33-t2, previous=(t:2, i:20), leaderCommit=16, initializing? false, entries: <empty>
2019-09-11 07:39:47,312 [java.util.concurrent.ThreadPoolExecutor$Worker@64e577f5[State = -1, empty queue]] WARN  server.GrpcLogAppender (GrpcLogAppender.java:timeoutAppendRequest(200)) - 8929662e-8651-4c9f-b246-d3ed69c98010@group-402BD240969B->5b8ad787-4bf9-4bb4-bfeb-9c85cd30cda7-GrpcLogAppender: appendEntries Timeout, request=8929662e-8651-4c9f-b246-d3ed69c98010->5b8ad787-4bf9-4bb4-bfeb-9c85cd30cda7#34-t2, previous=(t:2, i:20), leaderCommit=16, initializing? false, entries: <empty>
2019-09-11 07:39:47,312 [java.util.concurrent.ThreadPoolExecutor$Worker@702f6010[State = -1, empty queue]] WARN  server.GrpcLogAppender (GrpcLogAppender.java:timeoutAppendRequest(200)) - 8929662e-8651-4c9f-b246-d3ed69c98010@group-402BD240969B->9196f2dc-d574-4585-b48c-56d55fbc13c2-GrpcLogAppender: appendEntries Timeout, request=8929662e-8651-4c9f-b246-d3ed69c98010->9196f2dc-d574-4585-b48c-56d55fbc13c2#34-t2, previous=(t:2, i:20), leaderCommit=16, initializing? false, entries: <empty>
2019-09-11 07:39:47,813 [java.util.concurrent.ThreadPoolExecutor$Worker@64e577f5[State = -1, empty queue]] WARN  server.GrpcLogAppender (GrpcLogAppender.java:timeoutAppendRequest(200)) - 8929662e-8651-4c9f-b246-d3ed69c98010@group-402BD240969B->5b8ad787-4bf9-4bb4-bfeb-9c85cd30cda7-GrpcLogAppender: appendEntries Timeout, request=8929662e-8651-4c9f-b246-d3ed69c98010->5b8ad787-4bf9-4bb4-bfeb-9c85cd30cda7#35-t2, previous=(t:2, i:20), leaderCommit=16, initializing? false, entries: <empty>
2019-09-11 07:39:47,813 [java.util.concurrent.ThreadPoolExecutor$Worker@702f6010[State = -1, empty queue]] WARN  server.GrpcLogAppender (GrpcLogAppender.java:timeoutAppendRequest(200)) - 8929662e-8651-4c9f-b246-d3ed69c98010@group-402BD240969B->9196f2dc-d574-4585-b48c-56d55fbc13c2-GrpcLogAppender: appendEntries Timeout, request=8929662e-8651-4c9f-b246-d3ed69c98010->9196f2dc-d574-4585-b48c-56d55fbc13c2#35-t2, previous=(t:2, i:20), leaderCommit=16, initializing? false, entries: <empty>
2019-09-11 07:39:47,884 [9196f2dc-d574-4585-b48c-56d55fbc13c2@group-402BD240969B-SegmentedRaftLogWorker] WARN  segmented.SegmentedRaftLogWorker (SegmentedRaftLogWorker.java:getFromFuture(90)) - Timeout 0/~
org.apache.ratis.protocol.TimeoutIOException: Timeout 10s: WriteLog:19: (t:2, i:19), STATEMACHINELOGENTRY, client-CA35EAD14A50, cid=31-writeStateMachineData
	at org.apache.ratis.util.IOUtils.getFromFuture(IOUtils.java:87)
	at org.apache.ratis.server.raftlog.segmented.SegmentedRaftLogWorker$StateMachineDataPolicy.getFromFuture(SegmentedRaftLogWorker.java:87)
	at org.apache.ratis.server.raftlog.segmented.SegmentedRaftLogWorker$WriteLog.execute(SegmentedRaftLogWorker.java:477)
	at org.apache.ratis.server.raftlog.segmented.SegmentedRaftLogWorker.run(SegmentedRaftLogWorker.java:289)
	at java.lang.Thread.run(Thread.java:748)
Caused by: java.util.concurrent.TimeoutException
	at java.util.concurrent.CompletableFuture.timedGet(CompletableFuture.java:1771)
	at java.util.concurrent.CompletableFuture.get(CompletableFuture.java:1915)
	at org.apache.ratis.util.IOUtils.getFromFuture(IOUtils.java:79)
	... 4 more
2019-09-11 07:39:47,884 [5b8ad787-4bf9-4bb4-bfeb-9c85cd30cda7@group-402BD240969B-SegmentedRaftLogWorker] WARN  segmented.SegmentedRaftLogWorker (SegmentedRaftLogWorker.java:getFromFuture(90)) - Timeout 0/~
org.apache.ratis.protocol.TimeoutIOException: Timeout 10s: WriteLog:19: (t:2, i:19), STATEMACHINELOGENTRY, client-CA35EAD14A50, cid=31-writeStateMachineData
	at org.apache.ratis.util.IOUtils.getFromFuture(IOUtils.java:87)
	at org.apache.ratis.server.raftlog.segmented.SegmentedRaftLogWorker$StateMachineDataPolicy.getFromFuture(SegmentedRaftLogWorker.java:87)
	at org.apache.ratis.server.raftlog.segmented.SegmentedRaftLogWorker$WriteLog.execute(SegmentedRaftLogWorker.java:477)
	at org.apache.ratis.server.raftlog.segmented.SegmentedRaftLogWorker.run(SegmentedRaftLogWorker.java:289)
	at java.lang.Thread.run(Thread.java:748)
Caused by: java.util.concurrent.TimeoutException
	at java.util.concurrent.CompletableFuture.timedGet(CompletableFuture.java:1771)
	at java.util.concurrent.CompletableFuture.get(CompletableFuture.java:1915)
	at org.apache.ratis.util.IOUtils.getFromFuture(IOUtils.java:79)
	... 4 more
2019-09-11 07:39:47,884 [8929662e-8651-4c9f-b246-d3ed69c98010@group-402BD240969B-SegmentedRaftLogWorker] WARN  segmented.SegmentedRaftLogWorker (SegmentedRaftLogWorker.java:getFromFuture(90)) - Timeout 0/~
org.apache.ratis.protocol.TimeoutIOException: Timeout 10s: WriteLog:19: (t:2, i:19), STATEMACHINELOGENTRY, client-CA35EAD14A50, cid=31-writeStateMachineData
	at org.apache.ratis.util.IOUtils.getFromFuture(IOUtils.java:87)
	at org.apache.ratis.server.raftlog.segmented.SegmentedRaftLogWorker$StateMachineDataPolicy.getFromFuture(SegmentedRaftLogWorker.java:87)
	at org.apache.ratis.server.raftlog.segmented.SegmentedRaftLogWorker$WriteLog.execute(SegmentedRaftLogWorker.java:477)
	at org.apache.ratis.server.raftlog.segmented.SegmentedRaftLogWorker.run(SegmentedRaftLogWorker.java:289)
	at java.lang.Thread.run(Thread.java:748)
Caused by: java.util.concurrent.TimeoutException
	at java.util.concurrent.CompletableFuture.timedGet(CompletableFuture.java:1771)
	at java.util.concurrent.CompletableFuture.get(CompletableFuture.java:1915)
	at org.apache.ratis.util.IOUtils.getFromFuture(IOUtils.java:79)
	... 4 more
2019-09-11 07:39:47,936 [grpc-default-executor-2] INFO  client.GrpcClientProtocolClient (GrpcClientProtocolClient.java:onNext(264)) - client-CA35EAD14A50->9196f2dc-d574-4585-b48c-56d55fbc13c2: receive RaftClientReply:client-CA35EAD14A50->9196f2dc-d574-4585-b48c-56d55fbc13c2@group-402BD240969B, cid=29, FAILED org.apache.ratis.protocol.NotLeaderException: Server 9196f2dc-d574-4585-b48c-56d55fbc13c2@group-402BD240969B is not the leader 8929662e-8651-4c9f-b246-d3ed69c98010:192.168.34.12:45689, logIndex=0, commits[9196f2dc-d574-4585-b48c-56d55fbc13c2:c16, 8929662e-8651-4c9f-b246-d3ed69c98010:c16, 5b8ad787-4bf9-4bb4-bfeb-9c85cd30cda7:c13]
2019-09-11 07:39:48,314 [java.util.concurrent.ThreadPoolExecutor$Worker@702f6010[State = -1, empty queue]] WARN  server.GrpcLogAppender (GrpcLogAppender.java:timeoutAppendRequest(200)) - 8929662e-8651-4c9f-b246-d3ed69c98010@group-402BD240969B->9196f2dc-d574-4585-b48c-56d55fbc13c2-GrpcLogAppender: appendEntries Timeout, request=8929662e-8651-4c9f-b246-d3ed69c98010->9196f2dc-d574-4585-b48c-56d55fbc13c2#36-t2, previous=(t:2, i:20), leaderCommit=16, initializing? false, entries: <empty>
2019-09-11 07:39:48,314 [java.util.concurrent.ThreadPoolExecutor$Worker@64e577f5[State = -1, empty queue]] WARN  server.GrpcLogAppender (GrpcLogAppender.java:timeoutAppendRequest(200)) - 8929662e-8651-4c9f-b246-d3ed69c98010@group-402BD240969B->5b8ad787-4bf9-4bb4-bfeb-9c85cd30cda7-GrpcLogAppender: appendEntries Timeout, request=8929662e-8651-4c9f-b246-d3ed69c98010->5b8ad787-4bf9-4bb4-bfeb-9c85cd30cda7#36-t2, previous=(t:2, i:20), leaderCommit=16, initializing? false, entries: <empty>
2019-09-11 07:39:48,814 [java.util.concurrent.ThreadPoolExecutor$Worker@702f6010[State = -1, empty queue]] WARN  server.GrpcLogAppender (GrpcLogAppender.java:timeoutAppendRequest(200)) - 8929662e-8651-4c9f-b246-d3ed69c98010@group-402BD240969B->9196f2dc-d574-4585-b48c-56d55fbc13c2-GrpcLogAppender: appendEntries Timeout, request=8929662e-8651-4c9f-b246-d3ed69c98010->9196f2dc-d574-4585-b48c-56d55fbc13c2#37-t2, previous=(t:2, i:20), leaderCommit=16, initializing? false, entries: <empty>
2019-09-11 07:39:48,814 [java.util.concurrent.ThreadPoolExecutor$Worker@64e577f5[State = -1, empty queue]] WARN  server.GrpcLogAppender (GrpcLogAppender.java:timeoutAppendRequest(200)) - 8929662e-8651-4c9f-b246-d3ed69c98010@group-402BD240969B->5b8ad787-4bf9-4bb4-bfeb-9c85cd30cda7-GrpcLogAppender: appendEntries Timeout, request=8929662e-8651-4c9f-b246-d3ed69c98010->5b8ad787-4bf9-4bb4-bfeb-9c85cd30cda7#37-t2, previous=(t:2, i:20), leaderCommit=16, initializing? false, entries: <empty>
2019-09-11 07:39:49,315 [java.util.concurrent.ThreadPoolExecutor$Worker@64e577f5[State = -1, empty queue]] WARN  server.GrpcLogAppender (GrpcLogAppender.java:timeoutAppendRequest(200)) - 8929662e-8651-4c9f-b246-d3ed69c98010@group-402BD240969B->5b8ad787-4bf9-4bb4-bfeb-9c85cd30cda7-GrpcLogAppender: appendEntries Timeout, request=8929662e-8651-4c9f-b246-d3ed69c98010->5b8ad787-4bf9-4bb4-bfeb-9c85cd30cda7#38-t2, previous=(t:2, i:20), leaderCommit=16, initializing? false, entries: <empty>
2019-09-11 07:39:49,315 [java.util.concurrent.ThreadPoolExecutor$Worker@702f6010[State = -1, empty queue]] WARN  server.GrpcLogAppender (GrpcLogAppender.java:timeoutAppendRequest(200)) - 8929662e-8651-4c9f-b246-d3ed69c98010@group-402BD240969B->9196f2dc-d574-4585-b48c-56d55fbc13c2-GrpcLogAppender: appendEntries Timeout, request=8929662e-8651-4c9f-b246-d3ed69c98010->9196f2dc-d574-4585-b48c-56d55fbc13c2#38-t2, previous=(t:2, i:20), leaderCommit=16, initializing? false, entries: <empty>
2019-09-11 07:39:49,816 [java.util.concurrent.ThreadPoolExecutor$Worker@64e577f5[State = -1, empty queue]] WARN  server.GrpcLogAppender (GrpcLogAppender.java:timeoutAppendRequest(200)) - 8929662e-8651-4c9f-b246-d3ed69c98010@group-402BD240969B->5b8ad787-4bf9-4bb4-bfeb-9c85cd30cda7-GrpcLogAppender: appendEntries Timeout, request=8929662e-8651-4c9f-b246-d3ed69c98010->5b8ad787-4bf9-4bb4-bfeb-9c85cd30cda7#39-t2, previous=(t:2, i:20), leaderCommit=16, initializing? false, entries: <empty>
2019-09-11 07:39:49,816 [java.util.concurrent.ThreadPoolExecutor$Worker@702f6010[State = -1, empty queue]] WARN  server.GrpcLogAppender (GrpcLogAppender.java:timeoutAppendRequest(200)) - 8929662e-8651-4c9f-b246-d3ed69c98010@group-402BD240969B->9196f2dc-d574-4585-b48c-56d55fbc13c2-GrpcLogAppender: appendEntries Timeout, request=8929662e-8651-4c9f-b246-d3ed69c98010->9196f2dc-d574-4585-b48c-56d55fbc13c2#39-t2, previous=(t:2, i:20), leaderCommit=16, initializing? false, entries: <empty>
2019-09-11 07:39:50,316 [java.util.concurrent.ThreadPoolExecutor$Worker@64e577f5[State = -1, empty queue]] WARN  server.GrpcLogAppender (GrpcLogAppender.java:timeoutAppendRequest(200)) - 8929662e-8651-4c9f-b246-d3ed69c98010@group-402BD240969B->5b8ad787-4bf9-4bb4-bfeb-9c85cd30cda7-GrpcLogAppender: appendEntries Timeout, request=8929662e-8651-4c9f-b246-d3ed69c98010->5b8ad787-4bf9-4bb4-bfeb-9c85cd30cda7#40-t2, previous=(t:2, i:20), leaderCommit=16, initializing? false, entries: <empty>
2019-09-11 07:39:50,316 [java.util.concurrent.ThreadPoolExecutor$Worker@702f6010[State = -1, empty queue]] WARN  server.GrpcLogAppender (GrpcLogAppender.java:timeoutAppendRequest(200)) - 8929662e-8651-4c9f-b246-d3ed69c98010@group-402BD240969B->9196f2dc-d574-4585-b48c-56d55fbc13c2-GrpcLogAppender: appendEntries Timeout, request=8929662e-8651-4c9f-b246-d3ed69c98010->9196f2dc-d574-4585-b48c-56d55fbc13c2#40-t2, previous=(t:2, i:20), leaderCommit=16, initializing? false, entries: <empty>
2019-09-11 07:39:50,816 [java.util.concurrent.ThreadPoolExecutor$Worker@702f6010[State = -1, empty queue]] WARN  server.GrpcLogAppender (GrpcLogAppender.java:timeoutAppendRequest(200)) - 8929662e-8651-4c9f-b246-d3ed69c98010@group-402BD240969B->9196f2dc-d574-4585-b48c-56d55fbc13c2-GrpcLogAppender: appendEntries Timeout, request=8929662e-8651-4c9f-b246-d3ed69c98010->9196f2dc-d574-4585-b48c-56d55fbc13c2#41-t2, previous=(t:2, i:20), leaderCommit=16, initializing? false, entries: <empty>
2019-09-11 07:39:50,816 [java.util.concurrent.ThreadPoolExecutor$Worker@64e577f5[State = -1, empty queue]] WARN  server.GrpcLogAppender (GrpcLogAppender.java:timeoutAppendRequest(200)) - 8929662e-8651-4c9f-b246-d3ed69c98010@group-402BD240969B->5b8ad787-4bf9-4bb4-bfeb-9c85cd30cda7-GrpcLogAppender: appendEntries Timeout, request=8929662e-8651-4c9f-b246-d3ed69c98010->5b8ad787-4bf9-4bb4-bfeb-9c85cd30cda7#41-t2, previous=(t:2, i:20), leaderCommit=16, initializing? false, entries: <empty>
2019-09-11 07:39:51,326 [java.util.concurrent.ThreadPoolExecutor$Worker@702f6010[State = -1, empty queue]] WARN  server.GrpcLogAppender (GrpcLogAppender.java:timeoutAppendRequest(200)) - 8929662e-8651-4c9f-b246-d3ed69c98010@group-402BD240969B->9196f2dc-d574-4585-b48c-56d55fbc13c2-GrpcLogAppender: appendEntries Timeout, request=8929662e-8651-4c9f-b246-d3ed69c98010->9196f2dc-d574-4585-b48c-56d55fbc13c2#42-t2, previous=(t:2, i:20), leaderCommit=16, initializing? false, entries: <empty>
2019-09-11 07:39:51,327 [java.util.concurrent.ThreadPoolExecutor$Worker@64e577f5[State = -1, empty queue]] WARN  server.GrpcLogAppender (GrpcLogAppender.java:timeoutAppendRequest(200)) - 8929662e-8651-4c9f-b246-d3ed69c98010@group-402BD240969B->5b8ad787-4bf9-4bb4-bfeb-9c85cd30cda7-GrpcLogAppender: appendEntries Timeout, request=8929662e-8651-4c9f-b246-d3ed69c98010->5b8ad787-4bf9-4bb4-bfeb-9c85cd30cda7#42-t2, previous=(t:2, i:20), leaderCommit=16, initializing? false, entries: <empty>
2019-09-11 07:39:51,827 [java.util.concurrent.ThreadPoolExecutor$Worker@64e577f5[State = -1, empty queue]] WARN  server.GrpcLogAppender (GrpcLogAppender.java:timeoutAppendRequest(200)) - 8929662e-8651-4c9f-b246-d3ed69c98010@group-402BD240969B->5b8ad787-4bf9-4bb4-bfeb-9c85cd30cda7-GrpcLogAppender: appendEntries Timeout, request=8929662e-8651-4c9f-b246-d3ed69c98010->5b8ad787-4bf9-4bb4-bfeb-9c85cd30cda7#43-t2, previous=(t:2, i:20), leaderCommit=16, initializing? false, entries: <empty>
2019-09-11 07:39:51,827 [java.util.concurrent.ThreadPoolExecutor$Worker@702f6010[State = -1, empty queue]] WARN  server.GrpcLogAppender (GrpcLogAppender.java:timeoutAppendRequest(200)) - 8929662e-8651-4c9f-b246-d3ed69c98010@group-402BD240969B->9196f2dc-d574-4585-b48c-56d55fbc13c2-GrpcLogAppender: appendEntries Timeout, request=8929662e-8651-4c9f-b246-d3ed69c98010->9196f2dc-d574-4585-b48c-56d55fbc13c2#43-t2, previous=(t:2, i:20), leaderCommit=16, initializing? false, entries: <empty>
2019-09-11 07:39:52,328 [java.util.concurrent.ThreadPoolExecutor$Worker@702f6010[State = -1, empty queue]] WARN  server.GrpcLogAppender (GrpcLogAppender.java:timeoutAppendRequest(200)) - 8929662e-8651-4c9f-b246-d3ed69c98010@group-402BD240969B->9196f2dc-d574-4585-b48c-56d55fbc13c2-GrpcLogAppender: appendEntries Timeout, request=8929662e-8651-4c9f-b246-d3ed69c98010->9196f2dc-d574-4585-b48c-56d55fbc13c2#44-t2, previous=(t:2, i:20), leaderCommit=16, initializing? false, entries: <empty>
2019-09-11 07:39:52,328 [java.util.concurrent.ThreadPoolExecutor$Worker@64e577f5[State = -1, empty queue]] WARN  server.GrpcLogAppender (GrpcLogAppender.java:timeoutAppendRequest(200)) - 8929662e-8651-4c9f-b246-d3ed69c98010@group-402BD240969B->5b8ad787-4bf9-4bb4-bfeb-9c85cd30cda7-GrpcLogAppender: appendEntries Timeout, request=8929662e-8651-4c9f-b246-d3ed69c98010->5b8ad787-4bf9-4bb4-bfeb-9c85cd30cda7#44-t2, previous=(t:2, i:20), leaderCommit=16, initializing? false, entries: <empty>
2019-09-11 07:39:52,830 [java.util.concurrent.ThreadPoolExecutor$Worker@702f6010[State = -1, empty queue]] WARN  server.GrpcLogAppender (GrpcLogAppender.java:timeoutAppendRequest(200)) - 8929662e-8651-4c9f-b246-d3ed69c98010@group-402BD240969B->9196f2dc-d574-4585-b48c-56d55fbc13c2-GrpcLogAppender: appendEntries Timeout, request=8929662e-8651-4c9f-b246-d3ed69c98010->9196f2dc-d574-4585-b48c-56d55fbc13c2#45-t2, previous=(t:2, i:20), leaderCommit=16, initializing? false, entries: <empty>
2019-09-11 07:39:52,830 [java.util.concurrent.ThreadPoolExecutor$Worker@64e577f5[State = -1, empty queue]] WARN  server.GrpcLogAppender (GrpcLogAppender.java:timeoutAppendRequest(200)) - 8929662e-8651-4c9f-b246-d3ed69c98010@group-402BD240969B->5b8ad787-4bf9-4bb4-bfeb-9c85cd30cda7-GrpcLogAppender: appendEntries Timeout, request=8929662e-8651-4c9f-b246-d3ed69c98010->5b8ad787-4bf9-4bb4-bfeb-9c85cd30cda7#45-t2, previous=(t:2, i:20), leaderCommit=16, initializing? false, entries: <empty>
2019-09-11 07:39:53,019 [grpc-default-executor-4] INFO  client.GrpcClientProtocolClient (GrpcClientProtocolClient.java:onNext(264)) - client-CA35EAD14A50->9196f2dc-d574-4585-b48c-56d55fbc13c2: receive RaftClientReply:client-CA35EAD14A50->9196f2dc-d574-4585-b48c-56d55fbc13c2@group-402BD240969B, cid=29, FAILED org.apache.ratis.protocol.NotLeaderException: Server 9196f2dc-d574-4585-b48c-56d55fbc13c2@group-402BD240969B is not the leader 8929662e-8651-4c9f-b246-d3ed69c98010:192.168.34.12:45689, logIndex=0, commits[9196f2dc-d574-4585-b48c-56d55fbc13c2:c16, 8929662e-8651-4c9f-b246-d3ed69c98010:c16, 5b8ad787-4bf9-4bb4-bfeb-9c85cd30cda7:c13]
2019-09-11 07:39:53,331 [java.util.concurrent.ThreadPoolExecutor$Worker@702f6010[State = -1, empty queue]] WARN  server.GrpcLogAppender (GrpcLogAppender.java:timeoutAppendRequest(200)) - 8929662e-8651-4c9f-b246-d3ed69c98010@group-402BD240969B->9196f2dc-d574-4585-b48c-56d55fbc13c2-GrpcLogAppender: appendEntries Timeout, request=8929662e-8651-4c9f-b246-d3ed69c98010->9196f2dc-d574-4585-b48c-56d55fbc13c2#46-t2, previous=(t:2, i:20), leaderCommit=16, initializing? false, entries: <empty>
2019-09-11 07:39:53,331 [java.util.concurrent.ThreadPoolExecutor$Worker@64e577f5[State = -1, empty queue]] WARN  server.GrpcLogAppender (GrpcLogAppender.java:timeoutAppendRequest(200)) - 8929662e-8651-4c9f-b246-d3ed69c98010@group-402BD240969B->5b8ad787-4bf9-4bb4-bfeb-9c85cd30cda7-GrpcLogAppender: appendEntries Timeout, request=8929662e-8651-4c9f-b246-d3ed69c98010->5b8ad787-4bf9-4bb4-bfeb-9c85cd30cda7#46-t2, previous=(t:2, i:20), leaderCommit=16, initializing? false, entries: <empty>
2019-09-11 07:39:53,831 [java.util.concurrent.ThreadPoolExecutor$Worker@64e577f5[State = -1, empty queue]] WARN  server.GrpcLogAppender (GrpcLogAppender.java:timeoutAppendRequest(200)) - 8929662e-8651-4c9f-b246-d3ed69c98010@group-402BD240969B->5b8ad787-4bf9-4bb4-bfeb-9c85cd30cda7-GrpcLogAppender: appendEntries Timeout, request=8929662e-8651-4c9f-b246-d3ed69c98010->5b8ad787-4bf9-4bb4-bfeb-9c85cd30cda7#47-t2, previous=(t:2, i:20), leaderCommit=16, initializing? false, entries: <empty>
2019-09-11 07:39:53,831 [java.util.concurrent.ThreadPoolExecutor$Worker@702f6010[State = -1, empty queue]] WARN  server.GrpcLogAppender (GrpcLogAppender.java:timeoutAppendRequest(200)) - 8929662e-8651-4c9f-b246-d3ed69c98010@group-402BD240969B->9196f2dc-d574-4585-b48c-56d55fbc13c2-GrpcLogAppender: appendEntries Timeout, request=8929662e-8651-4c9f-b246-d3ed69c98010->9196f2dc-d574-4585-b48c-56d55fbc13c2#47-t2, previous=(t:2, i:20), leaderCommit=16, initializing? false, entries: <empty>
2019-09-11 07:39:54,332 [java.util.concurrent.ThreadPoolExecutor$Worker@64e577f5[State = -1, empty queue]] WARN  server.GrpcLogAppender (GrpcLogAppender.java:timeoutAppendRequest(200)) - 8929662e-8651-4c9f-b246-d3ed69c98010@group-402BD240969B->5b8ad787-4bf9-4bb4-bfeb-9c85cd30cda7-GrpcLogAppender: appendEntries Timeout, request=8929662e-8651-4c9f-b246-d3ed69c98010->5b8ad787-4bf9-4bb4-bfeb-9c85cd30cda7#48-t2, previous=(t:2, i:20), leaderCommit=16, initializing? false, entries: <empty>
2019-09-11 07:39:54,332 [java.util.concurrent.ThreadPoolExecutor$Worker@702f6010[State = -1, empty queue]] WARN  server.GrpcLogAppender (GrpcLogAppender.java:timeoutAppendRequest(200)) - 8929662e-8651-4c9f-b246-d3ed69c98010@group-402BD240969B->9196f2dc-d574-4585-b48c-56d55fbc13c2-GrpcLogAppender: appendEntries Timeout, request=8929662e-8651-4c9f-b246-d3ed69c98010->9196f2dc-d574-4585-b48c-56d55fbc13c2#48-t2, previous=(t:2, i:20), leaderCommit=16, initializing? false, entries: <empty>
2019-09-11 07:39:54,832 [java.util.concurrent.ThreadPoolExecutor$Worker@64e577f5[State = -1, empty queue]] WARN  server.GrpcLogAppender (GrpcLogAppender.java:timeoutAppendRequest(200)) - 8929662e-8651-4c9f-b246-d3ed69c98010@group-402BD240969B->5b8ad787-4bf9-4bb4-bfeb-9c85cd30cda7-GrpcLogAppender: appendEntries Timeout, request=8929662e-8651-4c9f-b246-d3ed69c98010->5b8ad787-4bf9-4bb4-bfeb-9c85cd30cda7#49-t2, previous=(t:2, i:20), leaderCommit=16, initializing? false, entries: <empty>
2019-09-11 07:39:54,832 [java.util.concurrent.ThreadPoolExecutor$Worker@702f6010[State = -1, empty queue]] WARN  server.GrpcLogAppender (GrpcLogAppender.java:timeoutAppendRequest(200)) - 8929662e-8651-4c9f-b246-d3ed69c98010@group-402BD240969B->9196f2dc-d574-4585-b48c-56d55fbc13c2-GrpcLogAppender: appendEntries Timeout, request=8929662e-8651-4c9f-b246-d3ed69c98010->9196f2dc-d574-4585-b48c-56d55fbc13c2#49-t2, previous=(t:2, i:20), leaderCommit=16, initializing? false, entries: <empty>
2019-09-11 07:39:55,333 [java.util.concurrent.ThreadPoolExecutor$Worker@702f6010[State = -1, empty queue]] WARN  server.GrpcLogAppender (GrpcLogAppender.java:timeoutAppendRequest(200)) - 8929662e-8651-4c9f-b246-d3ed69c98010@group-402BD240969B->9196f2dc-d574-4585-b48c-56d55fbc13c2-GrpcLogAppender: appendEntries Timeout, request=8929662e-8651-4c9f-b246-d3ed69c98010->9196f2dc-d574-4585-b48c-56d55fbc13c2#50-t2, previous=(t:2, i:20), leaderCommit=16, initializing? false, entries: <empty>
2019-09-11 07:39:55,333 [java.util.concurrent.ThreadPoolExecutor$Worker@64e577f5[State = -1, empty queue]] WARN  server.GrpcLogAppender (GrpcLogAppender.java:timeoutAppendRequest(200)) - 8929662e-8651-4c9f-b246-d3ed69c98010@group-402BD240969B->5b8ad787-4bf9-4bb4-bfeb-9c85cd30cda7-GrpcLogAppender: appendEntries Timeout, request=8929662e-8651-4c9f-b246-d3ed69c98010->5b8ad787-4bf9-4bb4-bfeb-9c85cd30cda7#50-t2, previous=(t:2, i:20), leaderCommit=16, initializing? false, entries: <empty>
2019-09-11 07:39:55,834 [java.util.concurrent.ThreadPoolExecutor$Worker@64e577f5[State = -1, empty queue]] WARN  server.GrpcLogAppender (GrpcLogAppender.java:timeoutAppendRequest(200)) - 8929662e-8651-4c9f-b246-d3ed69c98010@group-402BD240969B->5b8ad787-4bf9-4bb4-bfeb-9c85cd30cda7-GrpcLogAppender: appendEntries Timeout, request=8929662e-8651-4c9f-b246-d3ed69c98010->5b8ad787-4bf9-4bb4-bfeb-9c85cd30cda7#51-t2, previous=(t:2, i:20), leaderCommit=16, initializing? false, entries: <empty>
2019-09-11 07:39:55,834 [java.util.concurrent.ThreadPoolExecutor$Worker@702f6010[State = -1, empty queue]] WARN  server.GrpcLogAppender (GrpcLogAppender.java:timeoutAppendRequest(200)) - 8929662e-8651-4c9f-b246-d3ed69c98010@group-402BD240969B->9196f2dc-d574-4585-b48c-56d55fbc13c2-GrpcLogAppender: appendEntries Timeout, request=8929662e-8651-4c9f-b246-d3ed69c98010->9196f2dc-d574-4585-b48c-56d55fbc13c2#51-t2, previous=(t:2, i:20), leaderCommit=16, initializing? false, entries: <empty>
2019-09-11 07:39:56,053 [main] WARN  io.KeyOutputStream (KeyOutputStream.java:handleException(276)) - Encountered exception java.io.IOException: Unexpected Storage Container Exception: java.util.concurrent.CompletionException: java.util.concurrent.CompletionException: org.apache.ratis.protocol.RaftRetryFailureException: Failed RaftClientRequest:client-CA35EAD14A50->8929662e-8651-4c9f-b246-d3ed69c98010@group-402BD240969B, cid=29, seq=9*, RW, org.apache.hadoop.hdds.scm.XceiverClientRatis$$Lambda$434/163015520@321c375d for 10 attempts with RetryLimited(maxAttempts=10, sleepTime=1000ms) on the pipeline Pipeline[ Id: 9f7a788d-0274-444c-82aa-402bd240969b, Nodes: 5b8ad787-4bf9-4bb4-bfeb-9c85cd30cda7{ip: 192.168.34.12, host: pr-hdds-2106-8t9qr-763259812, networkLocation: /default-rack, certSerialId: null}8929662e-8651-4c9f-b246-d3ed69c98010{ip: 192.168.34.12, host: pr-hdds-2106-8t9qr-763259812, networkLocation: /default-rack, certSerialId: null}9196f2dc-d574-4585-b48c-56d55fbc13c2{ip: 192.168.34.12, host: pr-hdds-2106-8t9qr-763259812, networkLocation: /default-rack, certSerialId: null}, Type:RATIS, Factor:THREE, State:OPEN]. The last committed block length is 0, uncommitted data length is 2097152 retry count 0
2019-09-11 07:39:56,107 [grpc-default-executor-2] INFO  client.GrpcClientProtocolClient (GrpcClientProtocolClient.java:onNext(264)) - client-15EBA3052754->48982da4-f995-48e9-b2c1-a2ad51cb7376: receive RaftClientReply:client-15EBA3052754->48982da4-f995-48e9-b2c1-a2ad51cb7376@group-91E122509A7B, cid=33, FAILED org.apache.ratis.protocol.NotLeaderException: Server 48982da4-f995-48e9-b2c1-a2ad51cb7376@group-91E122509A7B is not the leader 72bb666e-e114-4432-9598-bd6d136490e0:192.168.34.12:43357, logIndex=0, commits[48982da4-f995-48e9-b2c1-a2ad51cb7376:c0, 72bb666e-e114-4432-9598-bd6d136490e0:c0, 4bd38775-382d-4c4f-9f91-7366b5492a1e:c0]
2019-09-11 07:39:56,270 [grpc-default-executor-2] INFO  client.GrpcClientProtocolClient (GrpcClientProtocolClient.java:onNext(264)) - client-15EBA3052754->72bb666e-e114-4432-9598-bd6d136490e0: receive RaftClientReply:client-15EBA3052754->72bb666e-e114-4432-9598-bd6d136490e0@group-91E122509A7B, cid=33, SUCCESS, logIndex=1, commits[72bb666e-e114-4432-9598-bd6d136490e0:c1, 4bd38775-382d-4c4f-9f91-7366b5492a1e:c0, 48982da4-f995-48e9-b2c1-a2ad51cb7376:c0]
2019-09-11 07:39:56,327 [grpc-default-executor-2] INFO  client.GrpcClientProtocolClient (GrpcClientProtocolClient.java:onNext(264)) - client-15EBA3052754->72bb666e-e114-4432-9598-bd6d136490e0: receive RaftClientReply:client-15EBA3052754->72bb666e-e114-4432-9598-bd6d136490e0@group-91E122509A7B, cid=34, SUCCESS, logIndex=3, commits[72bb666e-e114-4432-9598-bd6d136490e0:c8, 4bd38775-382d-4c4f-9f91-7366b5492a1e:c6, 48982da4-f995-48e9-b2c1-a2ad51cb7376:c6]
2019-09-11 07:39:56,328 [grpc-default-executor-2] INFO  client.GrpcClientProtocolClient (GrpcClientProtocolClient.java:onNext(264)) - client-15EBA3052754->72bb666e-e114-4432-9598-bd6d136490e0: receive RaftClientReply:client-15EBA3052754->72bb666e-e114-4432-9598-bd6d136490e0@group-91E122509A7B, cid=35, SUCCESS, logIndex=4, commits[72bb666e-e114-4432-9598-bd6d136490e0:c8, 4bd38775-382d-4c4f-9f91-7366b5492a1e:c6, 48982da4-f995-48e9-b2c1-a2ad51cb7376:c6]
2019-09-11 07:39:56,336 [java.util.concurrent.ThreadPoolExecutor$Worker@702f6010[State = -1, empty queue]] WARN  server.GrpcLogAppender (GrpcLogAppender.java:timeoutAppendRequest(200)) - 8929662e-8651-4c9f-b246-d3ed69c98010@group-402BD240969B->9196f2dc-d574-4585-b48c-56d55fbc13c2-GrpcLogAppender: appendEntries Timeout, request=8929662e-8651-4c9f-b246-d3ed69c98010->9196f2dc-d574-4585-b48c-56d55fbc13c2#52-t2, previous=(t:2, i:20), leaderCommit=16, initializing? false, entries: <empty>
2019-09-11 07:39:56,338 [java.util.concurrent.ThreadPoolExecutor$Worker@64e577f5[State = -1, empty queue]] WARN  server.GrpcLogAppender (GrpcLogAppender.java:timeoutAppendRequest(200)) - 8929662e-8651-4c9f-b246-d3ed69c98010@group-402BD240969B->5b8ad787-4bf9-4bb4-bfeb-9c85cd30cda7-GrpcLogAppender: appendEntries Timeout, request=8929662e-8651-4c9f-b246-d3ed69c98010->5b8ad787-4bf9-4bb4-bfeb-9c85cd30cda7#52-t2, previous=(t:2, i:20), leaderCommit=16, initializing? false, entries: <empty>
2019-09-11 07:39:56,360 [grpc-default-executor-4] INFO  client.GrpcClientProtocolClient (GrpcClientProtocolClient.java:onNext(264)) - client-15EBA3052754->72bb666e-e114-4432-9598-bd6d136490e0: receive RaftClientReply:client-15EBA3052754->72bb666e-e114-4432-9598-bd6d136490e0@group-91E122509A7B, cid=36, SUCCESS, logIndex=5, commits[72bb666e-e114-4432-9598-bd6d136490e0:c8, 4bd38775-382d-4c4f-9f91-7366b5492a1e:c6, 48982da4-f995-48e9-b2c1-a2ad51cb7376:c6]
2019-09-11 07:39:56,397 [grpc-default-executor-3] INFO  client.GrpcClientProtocolClient (GrpcClientProtocolClient.java:onNext(264)) - client-15EBA3052754->72bb666e-e114-4432-9598-bd6d136490e0: receive RaftClientReply:client-15EBA3052754->72bb666e-e114-4432-9598-bd6d136490e0@group-91E122509A7B, cid=37, SUCCESS, logIndex=9, commits[72bb666e-e114-4432-9598-bd6d136490e0:c9, 4bd38775-382d-4c4f-9f91-7366b5492a1e:c6, 48982da4-f995-48e9-b2c1-a2ad51cb7376:c8]
2019-09-11 07:39:56,399 [grpc-default-executor-4] INFO  client.GrpcClientProtocolClient (GrpcClientProtocolClient.java:onNext(264)) - client-15EBA3052754->72bb666e-e114-4432-9598-bd6d136490e0: receive RaftClientReply:client-15EBA3052754->72bb666e-e114-4432-9598-bd6d136490e0@group-91E122509A7B, cid=38, SUCCESS, logIndex=10, commits[72bb666e-e114-4432-9598-bd6d136490e0:c10, 4bd38775-382d-4c4f-9f91-7366b5492a1e:c8, 48982da4-f995-48e9-b2c1-a2ad51cb7376:c8]
2019-09-11 07:39:56,420 [grpc-default-executor-4] INFO  client.GrpcClientProtocolClient (GrpcClientProtocolClient.java:onNext(264)) - client-15EBA3052754->72bb666e-e114-4432-9598-bd6d136490e0: receive RaftClientReply:client-15EBA3052754->72bb666e-e114-4432-9598-bd6d136490e0@group-91E122509A7B, cid=39, SUCCESS, logIndex=11, commits[72bb666e-e114-4432-9598-bd6d136490e0:c14, 4bd38775-382d-4c4f-9f91-7366b5492a1e:c8, 48982da4-f995-48e9-b2c1-a2ad51cb7376:c10]
2019-09-11 07:39:56,422 [grpc-default-executor-4] INFO  client.GrpcClientProtocolClient (GrpcClientProtocolClient.java:onNext(264)) - client-15EBA3052754->72bb666e-e114-4432-9598-bd6d136490e0: receive RaftClientReply:client-15EBA3052754->72bb666e-e114-4432-9598-bd6d136490e0@group-91E122509A7B, cid=40, SUCCESS, logIndex=12, commits[72bb666e-e114-4432-9598-bd6d136490e0:c14, 4bd38775-382d-4c4f-9f91-7366b5492a1e:c8, 48982da4-f995-48e9-b2c1-a2ad51cb7376:c10]
2019-09-11 07:39:56,428 [grpc-default-executor-4] INFO  client.GrpcClientProtocolClient (GrpcClientProtocolClient.java:onNext(264)) - client-15EBA3052754->72bb666e-e114-4432-9598-bd6d136490e0: receive RaftClientReply:client-15EBA3052754->72bb666e-e114-4432-9598-bd6d136490e0@group-91E122509A7B, cid=41, SUCCESS, logIndex=0, commits[72bb666e-e114-4432-9598-bd6d136490e0:c15, 4bd38775-382d-4c4f-9f91-7366b5492a1e:c11, 48982da4-f995-48e9-b2c1-a2ad51cb7376:c11]
2019-09-11 07:39:56,837 [java.util.concurrent.ThreadPoolExecutor$Worker@64e577f5[State = -1, empty queue]] WARN  server.GrpcLogAppender (GrpcLogAppender.java:timeoutAppendRequest(200)) - 8929662e-8651-4c9f-b246-d3ed69c98010@group-402BD240969B->5b8ad787-4bf9-4bb4-bfeb-9c85cd30cda7-GrpcLogAppender: appendEntries Timeout, request=8929662e-8651-4c9f-b246-d3ed69c98010->5b8ad787-4bf9-4bb4-bfeb-9c85cd30cda7#53-t2, previous=(t:2, i:20), leaderCommit=16, initializing? false, entries: <empty>
2019-09-11 07:39:56,837 [java.util.concurrent.ThreadPoolExecutor$Worker@702f6010[State = -1, empty queue]] WARN  server.GrpcLogAppender (GrpcLogAppender.java:timeoutAppendRequest(200)) - 8929662e-8651-4c9f-b246-d3ed69c98010@group-402BD240969B->9196f2dc-d574-4585-b48c-56d55fbc13c2-GrpcLogAppender: appendEntries Timeout, request=8929662e-8651-4c9f-b246-d3ed69c98010->9196f2dc-d574-4585-b48c-56d55fbc13c2#53-t2, previous=(t:2, i:20), leaderCommit=16, initializing? false, entries: <empty>
2019-09-11 07:39:56,935 [grpc-default-executor-4] INFO  client.GrpcClientProtocolClient (GrpcClientProtocolClient.java:onNext(264)) - client-15EBA3052754->72bb666e-e114-4432-9598-bd6d136490e0: receive RaftClientReply:client-15EBA3052754->72bb666e-e114-4432-9598-bd6d136490e0@group-91E122509A7B, cid=42, SUCCESS, logIndex=0, commits[72bb666e-e114-4432-9598-bd6d136490e0:c15, 4bd38775-382d-4c4f-9f91-7366b5492a1e:c15, 48982da4-f995-48e9-b2c1-a2ad51cb7376:c15]
2019-09-11 07:39:57,339 [java.util.concurrent.ThreadPoolExecutor$Worker@64e577f5[State = -1, empty queue]] WARN  server.GrpcLogAppender (GrpcLogAppender.java:timeoutAppendRequest(200)) - 8929662e-8651-4c9f-b246-d3ed69c98010@group-402BD240969B->5b8ad787-4bf9-4bb4-bfeb-9c85cd30cda7-GrpcLogAppender: appendEntries Timeout, request=8929662e-8651-4c9f-b246-d3ed69c98010->5b8ad787-4bf9-4bb4-bfeb-9c85cd30cda7#54-t2, previous=(t:2, i:20), leaderCommit=16, initializing? false, entries: <empty>
2019-09-11 07:39:57,339 [java.util.concurrent.ThreadPoolExecutor$Worker@702f6010[State = -1, empty queue]] WARN  server.GrpcLogAppender (GrpcLogAppender.java:timeoutAppendRequest(200)) - 8929662e-8651-4c9f-b246-d3ed69c98010@group-402BD240969B->9196f2dc-d574-4585-b48c-56d55fbc13c2-GrpcLogAppender: appendEntries Timeout, request=8929662e-8651-4c9f-b246-d3ed69c98010->9196f2dc-d574-4585-b48c-56d55fbc13c2#54-t2, previous=(t:2, i:20), leaderCommit=16, initializing? false, entries: <empty>
2019-09-11 07:39:57,839 [java.util.concurrent.ThreadPoolExecutor$Worker@64e577f5[State = -1, empty queue]] WARN  server.GrpcLogAppender (GrpcLogAppender.java:timeoutAppendRequest(200)) - 8929662e-8651-4c9f-b246-d3ed69c98010@group-402BD240969B->5b8ad787-4bf9-4bb4-bfeb-9c85cd30cda7-GrpcLogAppender: appendEntries Timeout, request=8929662e-8651-4c9f-b246-d3ed69c98010->5b8ad787-4bf9-4bb4-bfeb-9c85cd30cda7#55-t2, previous=(t:2, i:20), leaderCommit=16, initializing? false, entries: <empty>
2019-09-11 07:39:57,839 [java.util.concurrent.ThreadPoolExecutor$Worker@702f6010[State = -1, empty queue]] WARN  server.GrpcLogAppender (GrpcLogAppender.java:timeoutAppendRequest(200)) - 8929662e-8651-4c9f-b246-d3ed69c98010@group-402BD240969B->9196f2dc-d574-4585-b48c-56d55fbc13c2-GrpcLogAppender: appendEntries Timeout, request=8929662e-8651-4c9f-b246-d3ed69c98010->9196f2dc-d574-4585-b48c-56d55fbc13c2#55-t2, previous=(t:2, i:20), leaderCommit=16, initializing? false, entries: <empty>
2019-09-11 07:39:57,886 [9196f2dc-d574-4585-b48c-56d55fbc13c2@group-402BD240969B-SegmentedRaftLogWorker] WARN  segmented.SegmentedRaftLogWorker (SegmentedRaftLogWorker.java:getFromFuture(90)) - Timeout 1/~
org.apache.ratis.protocol.TimeoutIOException: Timeout 10s: WriteLog:19: (t:2, i:19), STATEMACHINELOGENTRY, client-CA35EAD14A50, cid=31-writeStateMachineData
	at org.apache.ratis.util.IOUtils.getFromFuture(IOUtils.java:87)
	at org.apache.ratis.server.raftlog.segmented.SegmentedRaftLogWorker$StateMachineDataPolicy.getFromFuture(SegmentedRaftLogWorker.java:87)
	at org.apache.ratis.server.raftlog.segmented.SegmentedRaftLogWorker$WriteLog.execute(SegmentedRaftLogWorker.java:477)
	at org.apache.ratis.server.raftlog.segmented.SegmentedRaftLogWorker.run(SegmentedRaftLogWorker.java:289)
	at java.lang.Thread.run(Thread.java:748)
Caused by: java.util.concurrent.TimeoutException
	at java.util.concurrent.CompletableFuture.timedGet(CompletableFuture.java:1771)
	at java.util.concurrent.CompletableFuture.get(CompletableFuture.java:1915)
	at org.apache.ratis.util.IOUtils.getFromFuture(IOUtils.java:79)
	... 4 more
2019-09-11 07:39:57,887 [8929662e-8651-4c9f-b246-d3ed69c98010@group-402BD240969B-SegmentedRaftLogWorker] WARN  segmented.SegmentedRaftLogWorker (SegmentedRaftLogWorker.java:getFromFuture(90)) - Timeout 1/~
org.apache.ratis.protocol.TimeoutIOException: Timeout 10s: WriteLog:19: (t:2, i:19), STATEMACHINELOGENTRY, client-CA35EAD14A50, cid=31-writeStateMachineData
	at org.apache.ratis.util.IOUtils.getFromFuture(IOUtils.java:87)
	at org.apache.ratis.server.raftlog.segmented.SegmentedRaftLogWorker$StateMachineDataPolicy.getFromFuture(SegmentedRaftLogWorker.java:87)
	at org.apache.ratis.server.raftlog.segmented.SegmentedRaftLogWorker$WriteLog.execute(SegmentedRaftLogWorker.java:477)
	at org.apache.ratis.server.raftlog.segmented.SegmentedRaftLogWorker.run(SegmentedRaftLogWorker.java:289)
	at java.lang.Thread.run(Thread.java:748)
Caused by: java.util.concurrent.TimeoutException
	at java.util.concurrent.CompletableFuture.timedGet(CompletableFuture.java:1771)
	at java.util.concurrent.CompletableFuture.get(CompletableFuture.java:1915)
	at org.apache.ratis.util.IOUtils.getFromFuture(IOUtils.java:79)
	... 4 more
2019-09-11 07:39:57,887 [5b8ad787-4bf9-4bb4-bfeb-9c85cd30cda7@group-402BD240969B-SegmentedRaftLogWorker] WARN  segmented.SegmentedRaftLogWorker (SegmentedRaftLogWorker.java:getFromFuture(90)) - Timeout 1/~
org.apache.ratis.protocol.TimeoutIOException: Timeout 10s: WriteLog:19: (t:2, i:19), STATEMACHINELOGENTRY, client-CA35EAD14A50, cid=31-writeStateMachineData
	at org.apache.ratis.util.IOUtils.getFromFuture(IOUtils.java:87)
	at org.apache.ratis.server.raftlog.segmented.SegmentedRaftLogWorker$StateMachineDataPolicy.getFromFuture(SegmentedRaftLogWorker.java:87)
	at org.apache.ratis.server.raftlog.segmented.SegmentedRaftLogWorker$WriteLog.execute(SegmentedRaftLogWorker.java:477)
	at org.apache.ratis.server.raftlog.segmented.SegmentedRaftLogWorker.run(SegmentedRaftLogWorker.java:289)
	at java.lang.Thread.run(Thread.java:748)
Caused by: java.util.concurrent.TimeoutException
	at java.util.concurrent.CompletableFuture.timedGet(CompletableFuture.java:1771)
	at java.util.concurrent.CompletableFuture.get(CompletableFuture.java:1915)
	at org.apache.ratis.util.IOUtils.getFromFuture(IOUtils.java:79)
	... 4 more
2019-09-11 07:39:58,340 [java.util.concurrent.ThreadPoolExecutor$Worker@702f6010[State = -1, empty queue]] WARN  server.GrpcLogAppender (GrpcLogAppender.java:timeoutAppendRequest(200)) - 8929662e-8651-4c9f-b246-d3ed69c98010@group-402BD240969B->9196f2dc-d574-4585-b48c-56d55fbc13c2-GrpcLogAppender: appendEntries Timeout, request=8929662e-8651-4c9f-b246-d3ed69c98010->9196f2dc-d574-4585-b48c-56d55fbc13c2#56-t2, previous=(t:2, i:20), leaderCommit=16, initializing? false, entries: <empty>
2019-09-11 07:39:58,340 [java.util.concurrent.ThreadPoolExecutor$Worker@64e577f5[State = -1, empty queue]] WARN  server.GrpcLogAppender (GrpcLogAppender.java:timeoutAppendRequest(200)) - 8929662e-8651-4c9f-b246-d3ed69c98010@group-402BD240969B->5b8ad787-4bf9-4bb4-bfeb-9c85cd30cda7-GrpcLogAppender: appendEntries Timeout, request=8929662e-8651-4c9f-b246-d3ed69c98010->5b8ad787-4bf9-4bb4-bfeb-9c85cd30cda7#56-t2, previous=(t:2, i:20), leaderCommit=16, initializing? false, entries: <empty>
2019-09-11 07:39:58,840 [java.util.concurrent.ThreadPoolExecutor$Worker@702f6010[State = -1, empty queue]] WARN  server.GrpcLogAppender (GrpcLogAppender.java:timeoutAppendRequest(200)) - 8929662e-8651-4c9f-b246-d3ed69c98010@group-402BD240969B->9196f2dc-d574-4585-b48c-56d55fbc13c2-GrpcLogAppender: appendEntries Timeout, request=8929662e-8651-4c9f-b246-d3ed69c98010->9196f2dc-d574-4585-b48c-56d55fbc13c2#57-t2, previous=(t:2, i:20), leaderCommit=16, initializing? false, entries: <empty>
2019-09-11 07:39:58,840 [java.util.concurrent.ThreadPoolExecutor$Worker@64e577f5[State = -1, empty queue]] WARN  server.GrpcLogAppender (GrpcLogAppender.java:timeoutAppendRequest(200)) - 8929662e-8651-4c9f-b246-d3ed69c98010@group-402BD240969B->5b8ad787-4bf9-4bb4-bfeb-9c85cd30cda7-GrpcLogAppender: appendEntries Timeout, request=8929662e-8651-4c9f-b246-d3ed69c98010->5b8ad787-4bf9-4bb4-bfeb-9c85cd30cda7#57-t2, previous=(t:2, i:20), leaderCommit=16, initializing? false, entries: <empty>
2019-09-11 07:39:59,341 [java.util.concurrent.ThreadPoolExecutor$Worker@702f6010[State = -1, empty queue]] WARN  server.GrpcLogAppender (GrpcLogAppender.java:timeoutAppendRequest(200)) - 8929662e-8651-4c9f-b246-d3ed69c98010@group-402BD240969B->9196f2dc-d574-4585-b48c-56d55fbc13c2-GrpcLogAppender: appendEntries Timeout, request=8929662e-8651-4c9f-b246-d3ed69c98010->9196f2dc-d574-4585-b48c-56d55fbc13c2#58-t2, previous=(t:2, i:20), leaderCommit=16, initializing? false, entries: <empty>
2019-09-11 07:39:59,341 [java.util.concurrent.ThreadPoolExecutor$Worker@64e577f5[State = -1, empty queue]] WARN  server.GrpcLogAppender (GrpcLogAppender.java:timeoutAppendRequest(200)) - 8929662e-8651-4c9f-b246-d3ed69c98010@group-402BD240969B->5b8ad787-4bf9-4bb4-bfeb-9c85cd30cda7-GrpcLogAppender: appendEntries Timeout, request=8929662e-8651-4c9f-b246-d3ed69c98010->5b8ad787-4bf9-4bb4-bfeb-9c85cd30cda7#58-t2, previous=(t:2, i:20), leaderCommit=16, initializing? false, entries: <empty>
2019-09-11 07:39:59,841 [java.util.concurrent.ThreadPoolExecutor$Worker@64e577f5[State = -1, empty queue]] WARN  server.GrpcLogAppender (GrpcLogAppender.java:timeoutAppendRequest(200)) - 8929662e-8651-4c9f-b246-d3ed69c98010@group-402BD240969B->5b8ad787-4bf9-4bb4-bfeb-9c85cd30cda7-GrpcLogAppender: appendEntries Timeout, request=8929662e-8651-4c9f-b246-d3ed69c98010->5b8ad787-4bf9-4bb4-bfeb-9c85cd30cda7#59-t2, previous=(t:2, i:20), leaderCommit=16, initializing? false, entries: <empty>
2019-09-11 07:39:59,841 [java.util.concurrent.ThreadPoolExecutor$Worker@702f6010[State = -1, empty queue]] WARN  server.GrpcLogAppender (GrpcLogAppender.java:timeoutAppendRequest(200)) - 8929662e-8651-4c9f-b246-d3ed69c98010@group-402BD240969B->9196f2dc-d574-4585-b48c-56d55fbc13c2-GrpcLogAppender: appendEntries Timeout, request=8929662e-8651-4c9f-b246-d3ed69c98010->9196f2dc-d574-4585-b48c-56d55fbc13c2#59-t2, previous=(t:2, i:20), leaderCommit=16, initializing? false, entries: <empty>
2019-09-11 07:39:59,948 [java.util.concurrent.ThreadPoolExecutor$Worker@441336f8[State = -1, empty queue]] WARN  server.GrpcLogAppender (GrpcLogAppender.java:timeoutAppendRequest(200)) - 72bb666e-e114-4432-9598-bd6d136490e0@group-91E122509A7B->4bd38775-382d-4c4f-9f91-7366b5492a1e-GrpcLogAppender: appendEntries Timeout, request=72bb666e-e114-4432-9598-bd6d136490e0->4bd38775-382d-4c4f-9f91-7366b5492a1e#56-t2, previous=(t:2, i:15), leaderCommit=15, initializing? false, entries: size=1, first=(t:2, i:16), STATEMACHINELOGENTRY, client-15EBA3052754, cid=43
2019-09-11 07:39:59,948 [java.util.concurrent.ThreadPoolExecutor$Worker@7765ab06[State = -1, empty queue]] WARN  server.GrpcLogAppender (GrpcLogAppender.java:timeoutAppendRequest(200)) - 72bb666e-e114-4432-9598-bd6d136490e0@group-91E122509A7B->48982da4-f995-48e9-b2c1-a2ad51cb7376-GrpcLogAppender: appendEntries Timeout, request=72bb666e-e114-4432-9598-bd6d136490e0->48982da4-f995-48e9-b2c1-a2ad51cb7376#56-t2, previous=(t:2, i:15), leaderCommit=15, initializing? false, entries: size=1, first=(t:2, i:16), STATEMACHINELOGENTRY, client-15EBA3052754, cid=43
2019-09-11 07:39:59,948 [java.util.concurrent.ThreadPoolExecutor$Worker@441336f8[State = -1, empty queue]] WARN  server.GrpcLogAppender (GrpcLogAppender.java:timeoutAppendRequest(200)) - 72bb666e-e114-4432-9598-bd6d136490e0@group-91E122509A7B->4bd38775-382d-4c4f-9f91-7366b5492a1e-GrpcLogAppender: appendEntries Timeout, request=72bb666e-e114-4432-9598-bd6d136490e0->4bd38775-382d-4c4f-9f91-7366b5492a1e#57-t2, previous=(t:2, i:16), leaderCommit=15, initializing? false, entries: size=1, first=(t:2, i:17), STATEMACHINELOGENTRY, client-15EBA3052754, cid=44
2019-09-11 07:39:59,951 [java.util.concurrent.ThreadPoolExecutor$Worker@7765ab06[State = -1, empty queue]] WARN  server.GrpcLogAppender (GrpcLogAppender.java:timeoutAppendRequest(200)) - 72bb666e-e114-4432-9598-bd6d136490e0@group-91E122509A7B->48982da4-f995-48e9-b2c1-a2ad51cb7376-GrpcLogAppender: appendEntries Timeout, request=72bb666e-e114-4432-9598-bd6d136490e0->48982da4-f995-48e9-b2c1-a2ad51cb7376#57-t2, previous=(t:2, i:16), leaderCommit=15, initializing? false, entries: size=1, first=(t:2, i:17), STATEMACHINELOGENTRY, client-15EBA3052754, cid=44
2019-09-11 07:40:00,123 [java.util.concurrent.ThreadPoolExecutor$Worker@7765ab06[State = -1, empty queue]] WARN  server.GrpcLogAppender (GrpcLogAppender.java:timeoutAppendRequest(200)) - 72bb666e-e114-4432-9598-bd6d136490e0@group-91E122509A7B->48982da4-f995-48e9-b2c1-a2ad51cb7376-GrpcLogAppender: appendEntries Timeout, request=72bb666e-e114-4432-9598-bd6d136490e0->48982da4-f995-48e9-b2c1-a2ad51cb7376#58-t2, previous=(t:2, i:17), leaderCommit=15, initializing? false, entries: size=1, first=(t:2, i:18), STATEMACHINELOGENTRY, client-15EBA3052754, cid=45
2019-09-11 07:40:00,123 [java.util.concurrent.ThreadPoolExecutor$Worker@441336f8[State = -1, empty queue]] WARN  server.GrpcLogAppender (GrpcLogAppender.java:timeoutAppendRequest(200)) - 72bb666e-e114-4432-9598-bd6d136490e0@group-91E122509A7B->4bd38775-382d-4c4f-9f91-7366b5492a1e-GrpcLogAppender: appendEntries Timeout, request=72bb666e-e114-4432-9598-bd6d136490e0->4bd38775-382d-4c4f-9f91-7366b5492a1e#58-t2, previous=(t:2, i:17), leaderCommit=15, initializing? false, entries: size=1, first=(t:2, i:18), STATEMACHINELOGENTRY, client-15EBA3052754, cid=45
2019-09-11 07:40:00,126 [java.util.concurrent.ThreadPoolExecutor$Worker@7765ab06[State = -1, empty queue]] WARN  server.GrpcLogAppender (GrpcLogAppender.java:timeoutAppendRequest(200)) - 72bb666e-e114-4432-9598-bd6d136490e0@group-91E122509A7B->48982da4-f995-48e9-b2c1-a2ad51cb7376-GrpcLogAppender: appendEntries Timeout, request=72bb666e-e114-4432-9598-bd6d136490e0->48982da4-f995-48e9-b2c1-a2ad51cb7376#59-t2, previous=(t:2, i:18), leaderCommit=15, initializing? false, entries: size=1, first=(t:2, i:19), STATEMACHINELOGENTRY, client-15EBA3052754, cid=46
2019-09-11 07:40:00,129 [java.util.concurrent.ThreadPoolExecutor$Worker@441336f8[State = -1, empty queue]] WARN  server.GrpcLogAppender (GrpcLogAppender.java:timeoutAppendRequest(200)) - 72bb666e-e114-4432-9598-bd6d136490e0@group-91E122509A7B->4bd38775-382d-4c4f-9f91-7366b5492a1e-GrpcLogAppender: appendEntries Timeout, request=72bb666e-e114-4432-9598-bd6d136490e0->4bd38775-382d-4c4f-9f91-7366b5492a1e#59-t2, previous=(t:2, i:18), leaderCommit=15, initializing? false, entries: size=1, first=(t:2, i:19), STATEMACHINELOGENTRY, client-15EBA3052754, cid=46
2019-09-11 07:40:00,341 [java.util.concurrent.ThreadPoolExecutor$Worker@64e577f5[State = -1, empty queue]] WARN  server.GrpcLogAppender (GrpcLogAppender.java:timeoutAppendRequest(200)) - 8929662e-8651-4c9f-b246-d3ed69c98010@group-402BD240969B->5b8ad787-4bf9-4bb4-bfeb-9c85cd30cda7-GrpcLogAppender: appendEntries Timeout, request=8929662e-8651-4c9f-b246-d3ed69c98010->5b8ad787-4bf9-4bb4-bfeb-9c85cd30cda7#60-t2, previous=(t:2, i:20), leaderCommit=16, initializing? false, entries: <empty>
2019-09-11 07:40:00,341 [java.util.concurrent.ThreadPoolExecutor$Worker@702f6010[State = -1, empty queue]] WARN  server.GrpcLogAppender (GrpcLogAppender.java:timeoutAppendRequest(200)) - 8929662e-8651-4c9f-b246-d3ed69c98010@group-402BD240969B->9196f2dc-d574-4585-b48c-56d55fbc13c2-GrpcLogAppender: appendEntries Timeout, request=8929662e-8651-4c9f-b246-d3ed69c98010->9196f2dc-d574-4585-b48c-56d55fbc13c2#60-t2, previous=(t:2, i:20), leaderCommit=16, initializing? false, entries: <empty>
2019-09-11 07:40:00,623 [java.util.concurrent.ThreadPoolExecutor$Worker@441336f8[State = -1, empty queue]] WARN  server.GrpcLogAppender (GrpcLogAppender.java:timeoutAppendRequest(200)) - 72bb666e-e114-4432-9598-bd6d136490e0@group-91E122509A7B->4bd38775-382d-4c4f-9f91-7366b5492a1e-GrpcLogAppender: appendEntries Timeout, request=72bb666e-e114-4432-9598-bd6d136490e0->4bd38775-382d-4c4f-9f91-7366b5492a1e#60-t2, previous=(t:2, i:19), leaderCommit=15, initializing? false, entries: <empty>
2019-09-11 07:40:00,623 [java.util.concurrent.ThreadPoolExecutor$Worker@7765ab06[State = -1, empty queue]] WARN  server.GrpcLogAppender (GrpcLogAppender.java:timeoutAppendRequest(200)) - 72bb666e-e114-4432-9598-bd6d136490e0@group-91E122509A7B->48982da4-f995-48e9-b2c1-a2ad51cb7376-GrpcLogAppender: appendEntries Timeout, request=72bb666e-e114-4432-9598-bd6d136490e0->48982da4-f995-48e9-b2c1-a2ad51cb7376#60-t2, previous=(t:2, i:19), leaderCommit=15, initializing? false, entries: <empty>
2019-09-11 07:40:00,842 [java.util.concurrent.ThreadPoolExecutor$Worker@702f6010[State = -1, empty queue]] WARN  server.GrpcLogAppender (GrpcLogAppender.java:timeoutAppendRequest(200)) - 8929662e-8651-4c9f-b246-d3ed69c98010@group-402BD240969B->9196f2dc-d574-4585-b48c-56d55fbc13c2-GrpcLogAppender: appendEntries Timeout, request=8929662e-8651-4c9f-b246-d3ed69c98010->9196f2dc-d574-4585-b48c-56d55fbc13c2#61-t2, previous=(t:2, i:20), leaderCommit=16, initializing? false, entries: <empty>
2019-09-11 07:40:00,842 [java.util.concurrent.ThreadPoolExecutor$Worker@64e577f5[State = -1, empty queue]] WARN  server.GrpcLogAppender (GrpcLogAppender.java:timeoutAppendRequest(200)) - 8929662e-8651-4c9f-b246-d3ed69c98010@group-402BD240969B->5b8ad787-4bf9-4bb4-bfeb-9c85cd30cda7-GrpcLogAppender: appendEntries Timeout, request=8929662e-8651-4c9f-b246-d3ed69c98010->5b8ad787-4bf9-4bb4-bfeb-9c85cd30cda7#61-t2, previous=(t:2, i:20), leaderCommit=16, initializing? false, entries: <empty>
2019-09-11 07:40:01,123 [java.util.concurrent.ThreadPoolExecutor$Worker@441336f8[State = -1, empty queue]] WARN  server.GrpcLogAppender (GrpcLogAppender.java:timeoutAppendRequest(200)) - 72bb666e-e114-4432-9598-bd6d136490e0@group-91E122509A7B->4bd38775-382d-4c4f-9f91-7366b5492a1e-GrpcLogAppender: appendEntries Timeout, request=72bb666e-e114-4432-9598-bd6d136490e0->4bd38775-382d-4c4f-9f91-7366b5492a1e#61-t2, previous=(t:2, i:19), leaderCommit=15, initializing? false, entries: <empty>
2019-09-11 07:40:01,123 [java.util.concurrent.ThreadPoolExecutor$Worker@7765ab06[State = -1, empty queue]] WARN  server.GrpcLogAppender (GrpcLogAppender.java:timeoutAppendRequest(200)) - 72bb666e-e114-4432-9598-bd6d136490e0@group-91E122509A7B->48982da4-f995-48e9-b2c1-a2ad51cb7376-GrpcLogAppender: appendEntries Timeout, request=72bb666e-e114-4432-9598-bd6d136490e0->48982da4-f995-48e9-b2c1-a2ad51cb7376#61-t2, previous=(t:2, i:19), leaderCommit=15, initializing? false, entries: <empty>
2019-09-11 07:40:01,342 [java.util.concurrent.ThreadPoolExecutor$Worker@702f6010[State = -1, empty queue]] WARN  server.GrpcLogAppender (GrpcLogAppender.java:timeoutAppendRequest(200)) - 8929662e-8651-4c9f-b246-d3ed69c98010@group-402BD240969B->9196f2dc-d574-4585-b48c-56d55fbc13c2-GrpcLogAppender: appendEntries Timeout, request=8929662e-8651-4c9f-b246-d3ed69c98010->9196f2dc-d574-4585-b48c-56d55fbc13c2#62-t2, previous=(t:2, i:20), leaderCommit=16, initializing? false, entries: <empty>
2019-09-11 07:40:01,342 [java.util.concurrent.ThreadPoolExecutor$Worker@64e577f5[State = -1, empty queue]] WARN  server.GrpcLogAppender (GrpcLogAppender.java:timeoutAppendRequest(200)) - 8929662e-8651-4c9f-b246-d3ed69c98010@group-402BD240969B->5b8ad787-4bf9-4bb4-bfeb-9c85cd30cda7-GrpcLogAppender: appendEntries Timeout, request=8929662e-8651-4c9f-b246-d3ed69c98010->5b8ad787-4bf9-4bb4-bfeb-9c85cd30cda7#62-t2, previous=(t:2, i:20), leaderCommit=16, initializing? false, entries: <empty>
2019-09-11 07:40:01,624 [java.util.concurrent.ThreadPoolExecutor$Worker@441336f8[State = -1, empty queue]] WARN  server.GrpcLogAppender (GrpcLogAppender.java:timeoutAppendRequest(200)) - 72bb666e-e114-4432-9598-bd6d136490e0@group-91E122509A7B->4bd38775-382d-4c4f-9f91-7366b5492a1e-GrpcLogAppender: appendEntries Timeout, request=72bb666e-e114-4432-9598-bd6d136490e0->4bd38775-382d-4c4f-9f91-7366b5492a1e#62-t2, previous=(t:2, i:19), leaderCommit=15, initializing? false, entries: <empty>
2019-09-11 07:40:01,624 [java.util.concurrent.ThreadPoolExecutor$Worker@7765ab06[State = -1, empty queue]] WARN  server.GrpcLogAppender (GrpcLogAppender.java:timeoutAppendRequest(200)) - 72bb666e-e114-4432-9598-bd6d136490e0@group-91E122509A7B->48982da4-f995-48e9-b2c1-a2ad51cb7376-GrpcLogAppender: appendEntries Timeout, request=72bb666e-e114-4432-9598-bd6d136490e0->48982da4-f995-48e9-b2c1-a2ad51cb7376#62-t2, previous=(t:2, i:19), leaderCommit=15, initializing? false, entries: <empty>
2019-09-11 07:40:01,842 [java.util.concurrent.ThreadPoolExecutor$Worker@702f6010[State = -1, empty queue]] WARN  server.GrpcLogAppender (GrpcLogAppender.java:timeoutAppendRequest(200)) - 8929662e-8651-4c9f-b246-d3ed69c98010@group-402BD240969B->9196f2dc-d574-4585-b48c-56d55fbc13c2-GrpcLogAppender: appendEntries Timeout, request=8929662e-8651-4c9f-b246-d3ed69c98010->9196f2dc-d574-4585-b48c-56d55fbc13c2#63-t2, previous=(t:2, i:20), leaderCommit=16, initializing? false, entries: <empty>
2019-09-11 07:40:01,842 [java.util.concurrent.ThreadPoolExecutor$Worker@64e577f5[State = -1, empty queue]] WARN  server.GrpcLogAppender (GrpcLogAppender.java:timeoutAppendRequest(200)) - 8929662e-8651-4c9f-b246-d3ed69c98010@group-402BD240969B->5b8ad787-4bf9-4bb4-bfeb-9c85cd30cda7-GrpcLogAppender: appendEntries Timeout, request=8929662e-8651-4c9f-b246-d3ed69c98010->5b8ad787-4bf9-4bb4-bfeb-9c85cd30cda7#63-t2, previous=(t:2, i:20), leaderCommit=16, initializing? false, entries: <empty>
2019-09-11 07:40:02,000 [grpc-default-executor-3] INFO  client.GrpcClientProtocolClient (GrpcClientProtocolClient.java:onNext(264)) - client-15EBA3052754->4bd38775-382d-4c4f-9f91-7366b5492a1e: receive RaftClientReply:client-15EBA3052754->4bd38775-382d-4c4f-9f91-7366b5492a1e@group-91E122509A7B, cid=43, FAILED org.apache.ratis.protocol.NotLeaderException: Server 4bd38775-382d-4c4f-9f91-7366b5492a1e@group-91E122509A7B is not the leader 72bb666e-e114-4432-9598-bd6d136490e0:192.168.34.12:43357, logIndex=0, commits[4bd38775-382d-4c4f-9f91-7366b5492a1e:c15, 72bb666e-e114-4432-9598-bd6d136490e0:c15, 48982da4-f995-48e9-b2c1-a2ad51cb7376:c15]
2019-09-11 07:40:02,124 [java.util.concurrent.ThreadPoolExecutor$Worker@7765ab06[State = -1, empty queue]] WARN  server.GrpcLogAppender (GrpcLogAppender.java:timeoutAppendRequest(200)) - 72bb666e-e114-4432-9598-bd6d136490e0@group-91E122509A7B->48982da4-f995-48e9-b2c1-a2ad51cb7376-GrpcLogAppender: appendEntries Timeout, request=72bb666e-e114-4432-9598-bd6d136490e0->48982da4-f995-48e9-b2c1-a2ad51cb7376#63-t2, previous=(t:2, i:19), leaderCommit=15, initializing? false, entries: <empty>
2019-09-11 07:40:02,124 [java.util.concurrent.ThreadPoolExecutor$Worker@441336f8[State = -1, empty queue]] WARN  server.GrpcLogAppender (GrpcLogAppender.java:timeoutAppendRequest(200)) - 72bb666e-e114-4432-9598-bd6d136490e0@group-91E122509A7B->4bd38775-382d-4c4f-9f91-7366b5492a1e-GrpcLogAppender: appendEntries Timeout, request=72bb666e-e114-4432-9598-bd6d136490e0->4bd38775-382d-4c4f-9f91-7366b5492a1e#63-t2, previous=(t:2, i:19), leaderCommit=15, initializing? false, entries: <empty>
2019-09-11 07:40:02,343 [java.util.concurrent.ThreadPoolExecutor$Worker@702f6010[State = -1, empty queue]] WARN  server.GrpcLogAppender (GrpcLogAppender.java:timeoutAppendRequest(200)) - 8929662e-8651-4c9f-b246-d3ed69c98010@group-402BD240969B->9196f2dc-d574-4585-b48c-56d55fbc13c2-GrpcLogAppender: appendEntries Timeout, request=8929662e-8651-4c9f-b246-d3ed69c98010->9196f2dc-d574-4585-b48c-56d55fbc13c2#64-t2, previous=(t:2, i:20), leaderCommit=16, initializing? false, entries: <empty>
2019-09-11 07:40:02,343 [java.util.concurrent.ThreadPoolExecutor$Worker@64e577f5[State = -1, empty queue]] WARN  server.GrpcLogAppender (GrpcLogAppender.java:timeoutAppendRequest(200)) - 8929662e-8651-4c9f-b246-d3ed69c98010@group-402BD240969B->5b8ad787-4bf9-4bb4-bfeb-9c85cd30cda7-GrpcLogAppender: appendEntries Timeout, request=8929662e-8651-4c9f-b246-d3ed69c98010->5b8ad787-4bf9-4bb4-bfeb-9c85cd30cda7#64-t2, previous=(t:2, i:20), leaderCommit=16, initializing? false, entries: <empty>
2019-09-11 07:40:02,625 [java.util.concurrent.ThreadPoolExecutor$Worker@441336f8[State = -1, empty queue]] WARN  server.GrpcLogAppender (GrpcLogAppender.java:timeoutAppendRequest(200)) - 72bb666e-e114-4432-9598-bd6d136490e0@group-91E122509A7B->4bd38775-382d-4c4f-9f91-7366b5492a1e-GrpcLogAppender: appendEntries Timeout, request=72bb666e-e114-4432-9598-bd6d136490e0->4bd38775-382d-4c4f-9f91-7366b5492a1e#64-t2, previous=(t:2, i:19), leaderCommit=15, initializing? false, entries: <empty>
2019-09-11 07:40:02,625 [java.util.concurrent.ThreadPoolExecutor$Worker@7765ab06[State = -1, empty queue]] WARN  server.GrpcLogAppender (GrpcLogAppender.java:timeoutAppendRequest(200)) - 72bb666e-e114-4432-9598-bd6d136490e0@group-91E122509A7B->48982da4-f995-48e9-b2c1-a2ad51cb7376-GrpcLogAppender: appendEntries Timeout, request=72bb666e-e114-4432-9598-bd6d136490e0->48982da4-f995-48e9-b2c1-a2ad51cb7376#64-t2, previous=(t:2, i:19), leaderCommit=15, initializing? false, entries: <empty>
2019-09-11 07:40:02,843 [java.util.concurrent.ThreadPoolExecutor$Worker@64e577f5[State = -1, empty queue]] WARN  server.GrpcLogAppender (GrpcLogAppender.java:timeoutAppendRequest(200)) - 8929662e-8651-4c9f-b246-d3ed69c98010@group-402BD240969B->5b8ad787-4bf9-4bb4-bfeb-9c85cd30cda7-GrpcLogAppender: appendEntries Timeout, request=8929662e-8651-4c9f-b246-d3ed69c98010->5b8ad787-4bf9-4bb4-bfeb-9c85cd30cda7#65-t2, previous=(t:2, i:20), leaderCommit=16, initializing? false, entries: <empty>
2019-09-11 07:40:02,843 [java.util.concurrent.ThreadPoolExecutor$Worker@702f6010[State = -1, empty queue]] WARN  server.GrpcLogAppender (GrpcLogAppender.java:timeoutAppendRequest(200)) - 8929662e-8651-4c9f-b246-d3ed69c98010@group-402BD240969B->9196f2dc-d574-4585-b48c-56d55fbc13c2-GrpcLogAppender: appendEntries Timeout, request=8929662e-8651-4c9f-b246-d3ed69c98010->9196f2dc-d574-4585-b48c-56d55fbc13c2#65-t2, previous=(t:2, i:20), leaderCommit=16, initializing? false, entries: <empty>
2019-09-11 07:40:03,126 [java.util.concurrent.ThreadPoolExecutor$Worker@441336f8[State = -1, empty queue]] WARN  server.GrpcLogAppender (GrpcLogAppender.java:timeoutAppendRequest(200)) - 72bb666e-e114-4432-9598-bd6d136490e0@group-91E122509A7B->4bd38775-382d-4c4f-9f91-7366b5492a1e-GrpcLogAppender: appendEntries Timeout, request=72bb666e-e114-4432-9598-bd6d136490e0->4bd38775-382d-4c4f-9f91-7366b5492a1e#65-t2, previous=(t:2, i:19), leaderCommit=15, initializing? false, entries: <empty>
2019-09-11 07:40:03,127 [java.util.concurrent.ThreadPoolExecutor$Worker@7765ab06[State = -1, empty queue]] WARN  server.GrpcLogAppender (GrpcLogAppender.java:timeoutAppendRequest(200)) - 72bb666e-e114-4432-9598-bd6d136490e0@group-91E122509A7B->48982da4-f995-48e9-b2c1-a2ad51cb7376-GrpcLogAppender: appendEntries Timeout, request=72bb666e-e114-4432-9598-bd6d136490e0->48982da4-f995-48e9-b2c1-a2ad51cb7376#65-t2, previous=(t:2, i:19), leaderCommit=15, initializing? false, entries: <empty>
2019-09-11 07:40:03,346 [java.util.concurrent.ThreadPoolExecutor$Worker@702f6010[State = -1, empty queue]] WARN  server.GrpcLogAppender (GrpcLogAppender.java:timeoutAppendRequest(200)) - 8929662e-8651-4c9f-b246-d3ed69c98010@group-402BD240969B->9196f2dc-d574-4585-b48c-56d55fbc13c2-GrpcLogAppender: appendEntries Timeout, request=8929662e-8651-4c9f-b246-d3ed69c98010->9196f2dc-d574-4585-b48c-56d55fbc13c2#66-t2, previous=(t:2, i:20), leaderCommit=16, initializing? false, entries: <empty>
2019-09-11 07:40:03,346 [java.util.concurrent.ThreadPoolExecutor$Worker@64e577f5[State = -1, empty queue]] WARN  server.GrpcLogAppender (GrpcLogAppender.java:timeoutAppendRequest(200)) - 8929662e-8651-4c9f-b246-d3ed69c98010@group-402BD240969B->5b8ad787-4bf9-4bb4-bfeb-9c85cd30cda7-GrpcLogAppender: appendEntries Timeout, request=8929662e-8651-4c9f-b246-d3ed69c98010->5b8ad787-4bf9-4bb4-bfeb-9c85cd30cda7#66-t2, previous=(t:2, i:20), leaderCommit=16, initializing? false, entries: <empty>
2019-09-11 07:40:03,633 [java.util.concurrent.ThreadPoolExecutor$Worker@7765ab06[State = -1, empty queue]] WARN  server.GrpcLogAppender (GrpcLogAppender.java:timeoutAppendRequest(200)) - 72bb666e-e114-4432-9598-bd6d136490e0@group-91E122509A7B->48982da4-f995-48e9-b2c1-a2ad51cb7376-GrpcLogAppender: appendEntries Timeout, request=72bb666e-e114-4432-9598-bd6d136490e0->48982da4-f995-48e9-b2c1-a2ad51cb7376#66-t2, previous=(t:2, i:19), leaderCommit=15, initializing? false, entries: <empty>
2019-09-11 07:40:03,633 [java.util.concurrent.ThreadPoolExecutor$Worker@441336f8[State = -1, empty queue]] WARN  server.GrpcLogAppender (GrpcLogAppender.java:timeoutAppendRequest(200)) - 72bb666e-e114-4432-9598-bd6d136490e0@group-91E122509A7B->4bd38775-382d-4c4f-9f91-7366b5492a1e-GrpcLogAppender: appendEntries Timeout, request=72bb666e-e114-4432-9598-bd6d136490e0->4bd38775-382d-4c4f-9f91-7366b5492a1e#66-t2, previous=(t:2, i:19), leaderCommit=15, initializing? false, entries: <empty>
2019-09-11 07:40:03,847 [java.util.concurrent.ThreadPoolExecutor$Worker@702f6010[State = -1, empty queue]] WARN  server.GrpcLogAppender (GrpcLogAppender.java:timeoutAppendRequest(200)) - 8929662e-8651-4c9f-b246-d3ed69c98010@group-402BD240969B->9196f2dc-d574-4585-b48c-56d55fbc13c2-GrpcLogAppender: appendEntries Timeout, request=8929662e-8651-4c9f-b246-d3ed69c98010->9196f2dc-d574-4585-b48c-56d55fbc13c2#67-t2, previous=(t:2, i:20), leaderCommit=16, initializing? false, entries: <empty>
2019-09-11 07:40:03,847 [java.util.concurrent.ThreadPoolExecutor$Worker@64e577f5[State = -1, empty queue]] WARN  server.GrpcLogAppender (GrpcLogAppender.java:timeoutAppendRequest(200)) - 8929662e-8651-4c9f-b246-d3ed69c98010@group-402BD240969B->5b8ad787-4bf9-4bb4-bfeb-9c85cd30cda7-GrpcLogAppender: appendEntries Timeout, request=8929662e-8651-4c9f-b246-d3ed69c98010->5b8ad787-4bf9-4bb4-bfeb-9c85cd30cda7#67-t2, previous=(t:2, i:20), leaderCommit=16, initializing? false, entries: <empty>
2019-09-11 07:40:04,137 [java.util.concurrent.ThreadPoolExecutor$Worker@441336f8[State = -1, empty queue]] WARN  server.GrpcLogAppender (GrpcLogAppender.java:timeoutAppendRequest(200)) - 72bb666e-e114-4432-9598-bd6d136490e0@group-91E122509A7B->4bd38775-382d-4c4f-9f91-7366b5492a1e-GrpcLogAppender: appendEntries Timeout, request=72bb666e-e114-4432-9598-bd6d136490e0->4bd38775-382d-4c4f-9f91-7366b5492a1e#67-t2, previous=(t:2, i:19), leaderCommit=15, initializing? false, entries: <empty>
2019-09-11 07:40:04,137 [java.util.concurrent.ThreadPoolExecutor$Worker@7765ab06[State = -1, empty queue]] WARN  server.GrpcLogAppender (GrpcLogAppender.java:timeoutAppendRequest(200)) - 72bb666e-e114-4432-9598-bd6d136490e0@group-91E122509A7B->48982da4-f995-48e9-b2c1-a2ad51cb7376-GrpcLogAppender: appendEntries Timeout, request=72bb666e-e114-4432-9598-bd6d136490e0->48982da4-f995-48e9-b2c1-a2ad51cb7376#67-t2, previous=(t:2, i:19), leaderCommit=15, initializing? false, entries: <empty>
2019-09-11 07:40:04,347 [java.util.concurrent.ThreadPoolExecutor$Worker@64e577f5[State = -1, empty queue]] WARN  server.GrpcLogAppender (GrpcLogAppender.java:timeoutAppendRequest(200)) - 8929662e-8651-4c9f-b246-d3ed69c98010@group-402BD240969B->5b8ad787-4bf9-4bb4-bfeb-9c85cd30cda7-GrpcLogAppender: appendEntries Timeout, request=8929662e-8651-4c9f-b246-d3ed69c98010->5b8ad787-4bf9-4bb4-bfeb-9c85cd30cda7#68-t2, previous=(t:2, i:20), leaderCommit=16, initializing? false, entries: <empty>
2019-09-11 07:40:04,347 [java.util.concurrent.ThreadPoolExecutor$Worker@702f6010[State = -1, empty queue]] WARN  server.GrpcLogAppender (GrpcLogAppender.java:timeoutAppendRequest(200)) - 8929662e-8651-4c9f-b246-d3ed69c98010@group-402BD240969B->9196f2dc-d574-4585-b48c-56d55fbc13c2-GrpcLogAppender: appendEntries Timeout, request=8929662e-8651-4c9f-b246-d3ed69c98010->9196f2dc-d574-4585-b48c-56d55fbc13c2#68-t2, previous=(t:2, i:20), leaderCommit=16, initializing? false, entries: <empty>
2019-09-11 07:40:04,634 [java.util.concurrent.ThreadPoolExecutor$Worker@441336f8[State = -1, empty queue]] WARN  server.GrpcLogAppender (GrpcLogAppender.java:timeoutAppendRequest(200)) - 72bb666e-e114-4432-9598-bd6d136490e0@group-91E122509A7B->4bd38775-382d-4c4f-9f91-7366b5492a1e-GrpcLogAppender: appendEntries Timeout, request=72bb666e-e114-4432-9598-bd6d136490e0->4bd38775-382d-4c4f-9f91-7366b5492a1e#68-t2, previous=(t:2, i:19), leaderCommit=15, initializing? false, entries: <empty>
2019-09-11 07:40:04,634 [java.util.concurrent.ThreadPoolExecutor$Worker@7765ab06[State = -1, empty queue]] WARN  server.GrpcLogAppender (GrpcLogAppender.java:timeoutAppendRequest(200)) - 72bb666e-e114-4432-9598-bd6d136490e0@group-91E122509A7B->48982da4-f995-48e9-b2c1-a2ad51cb7376-GrpcLogAppender: appendEntries Timeout, request=72bb666e-e114-4432-9598-bd6d136490e0->48982da4-f995-48e9-b2c1-a2ad51cb7376#68-t2, previous=(t:2, i:19), leaderCommit=15, initializing? false, entries: <empty>
2019-09-11 07:40:04,848 [java.util.concurrent.ThreadPoolExecutor$Worker@702f6010[State = -1, empty queue]] WARN  server.GrpcLogAppender (GrpcLogAppender.java:timeoutAppendRequest(200)) - 8929662e-8651-4c9f-b246-d3ed69c98010@group-402BD240969B->9196f2dc-d574-4585-b48c-56d55fbc13c2-GrpcLogAppender: appendEntries Timeout, request=8929662e-8651-4c9f-b246-d3ed69c98010->9196f2dc-d574-4585-b48c-56d55fbc13c2#69-t2, previous=(t:2, i:20), leaderCommit=16, initializing? false, entries: <empty>
2019-09-11 07:40:04,848 [java.util.concurrent.ThreadPoolExecutor$Worker@64e577f5[State = -1, empty queue]] WARN  server.GrpcLogAppender (GrpcLogAppender.java:timeoutAppendRequest(200)) - 8929662e-8651-4c9f-b246-d3ed69c98010@group-402BD240969B->5b8ad787-4bf9-4bb4-bfeb-9c85cd30cda7-GrpcLogAppender: appendEntries Timeout, request=8929662e-8651-4c9f-b246-d3ed69c98010->5b8ad787-4bf9-4bb4-bfeb-9c85cd30cda7#69-t2, previous=(t:2, i:20), leaderCommit=16, initializing? false, entries: <empty>
2019-09-11 07:40:05,135 [java.util.concurrent.ThreadPoolExecutor$Worker@7765ab06[State = -1, empty queue]] WARN  server.GrpcLogAppender (GrpcLogAppender.java:timeoutAppendRequest(200)) - 72bb666e-e114-4432-9598-bd6d136490e0@group-91E122509A7B->48982da4-f995-48e9-b2c1-a2ad51cb7376-GrpcLogAppender: appendEntries Timeout, request=72bb666e-e114-4432-9598-bd6d136490e0->48982da4-f995-48e9-b2c1-a2ad51cb7376#69-t2, previous=(t:2, i:19), leaderCommit=15, initializing? false, entries: <empty>
2019-09-11 07:40:05,135 [java.util.concurrent.ThreadPoolExecutor$Worker@441336f8[State = -1, empty queue]] WARN  server.GrpcLogAppender (GrpcLogAppender.java:timeoutAppendRequest(200)) - 72bb666e-e114-4432-9598-bd6d136490e0@group-91E122509A7B->4bd38775-382d-4c4f-9f91-7366b5492a1e-GrpcLogAppender: appendEntries Timeout, request=72bb666e-e114-4432-9598-bd6d136490e0->4bd38775-382d-4c4f-9f91-7366b5492a1e#69-t2, previous=(t:2, i:19), leaderCommit=15, initializing? false, entries: <empty>
2019-09-11 07:40:05,349 [java.util.concurrent.ThreadPoolExecutor$Worker@64e577f5[State = -1, empty queue]] WARN  server.GrpcLogAppender (GrpcLogAppender.java:timeoutAppendRequest(200)) - 8929662e-8651-4c9f-b246-d3ed69c98010@group-402BD240969B->5b8ad787-4bf9-4bb4-bfeb-9c85cd30cda7-GrpcLogAppender: appendEntries Timeout, request=8929662e-8651-4c9f-b246-d3ed69c98010->5b8ad787-4bf9-4bb4-bfeb-9c85cd30cda7#70-t2, previous=(t:2, i:20), leaderCommit=16, initializing? false, entries: <empty>
2019-09-11 07:40:05,349 [java.util.concurrent.ThreadPoolExecutor$Worker@702f6010[State = -1, empty queue]] WARN  server.GrpcLogAppender (GrpcLogAppender.java:timeoutAppendRequest(200)) - 8929662e-8651-4c9f-b246-d3ed69c98010@group-402BD240969B->9196f2dc-d574-4585-b48c-56d55fbc13c2-GrpcLogAppender: appendEntries Timeout, request=8929662e-8651-4c9f-b246-d3ed69c98010->9196f2dc-d574-4585-b48c-56d55fbc13c2#70-t2, previous=(t:2, i:20), leaderCommit=16, initializing? false, entries: <empty>
2019-09-11 07:40:05,636 [java.util.concurrent.ThreadPoolExecutor$Worker@7765ab06[State = -1, empty queue]] WARN  server.GrpcLogAppender (GrpcLogAppender.java:timeoutAppendRequest(200)) - 72bb666e-e114-4432-9598-bd6d136490e0@group-91E122509A7B->48982da4-f995-48e9-b2c1-a2ad51cb7376-GrpcLogAppender: appendEntries Timeout, request=72bb666e-e114-4432-9598-bd6d136490e0->48982da4-f995-48e9-b2c1-a2ad51cb7376#70-t2, previous=(t:2, i:19), leaderCommit=15, initializing? false, entries: <empty>
2019-09-11 07:40:05,636 [java.util.concurrent.ThreadPoolExecutor$Worker@441336f8[State = -1, empty queue]] WARN  server.GrpcLogAppender (GrpcLogAppender.java:timeoutAppendRequest(200)) - 72bb666e-e114-4432-9598-bd6d136490e0@group-91E122509A7B->4bd38775-382d-4c4f-9f91-7366b5492a1e-GrpcLogAppender: appendEntries Timeout, request=72bb666e-e114-4432-9598-bd6d136490e0->4bd38775-382d-4c4f-9f91-7366b5492a1e#70-t2, previous=(t:2, i:19), leaderCommit=15, initializing? false, entries: <empty>
2019-09-11 07:40:05,850 [java.util.concurrent.ThreadPoolExecutor$Worker@702f6010[State = -1, empty queue]] WARN  server.GrpcLogAppender (GrpcLogAppender.java:timeoutAppendRequest(200)) - 8929662e-8651-4c9f-b246-d3ed69c98010@group-402BD240969B->9196f2dc-d574-4585-b48c-56d55fbc13c2-GrpcLogAppender: appendEntries Timeout, request=8929662e-8651-4c9f-b246-d3ed69c98010->9196f2dc-d574-4585-b48c-56d55fbc13c2#71-t2, previous=(t:2, i:20), leaderCommit=16, initializing? false, entries: <empty>
2019-09-11 07:40:05,850 [java.util.concurrent.ThreadPoolExecutor$Worker@64e577f5[State = -1, empty queue]] WARN  server.GrpcLogAppender (GrpcLogAppender.java:timeoutAppendRequest(200)) - 8929662e-8651-4c9f-b246-d3ed69c98010@group-402BD240969B->5b8ad787-4bf9-4bb4-bfeb-9c85cd30cda7-GrpcLogAppender: appendEntries Timeout, request=8929662e-8651-4c9f-b246-d3ed69c98010->5b8ad787-4bf9-4bb4-bfeb-9c85cd30cda7#71-t2, previous=(t:2, i:20), leaderCommit=16, initializing? false, entries: <empty>
2019-09-11 07:40:06,136 [java.util.concurrent.ThreadPoolExecutor$Worker@7765ab06[State = -1, empty queue]] WARN  server.GrpcLogAppender (GrpcLogAppender.java:timeoutAppendRequest(200)) - 72bb666e-e114-4432-9598-bd6d136490e0@group-91E122509A7B->48982da4-f995-48e9-b2c1-a2ad51cb7376-GrpcLogAppender: appendEntries Timeout, request=72bb666e-e114-4432-9598-bd6d136490e0->48982da4-f995-48e9-b2c1-a2ad51cb7376#71-t2, previous=(t:2, i:19), leaderCommit=15, initializing? false, entries: <empty>
2019-09-11 07:40:06,136 [java.util.concurrent.ThreadPoolExecutor$Worker@441336f8[State = -1, empty queue]] WARN  server.GrpcLogAppender (GrpcLogAppender.java:timeoutAppendRequest(200)) - 72bb666e-e114-4432-9598-bd6d136490e0@group-91E122509A7B->4bd38775-382d-4c4f-9f91-7366b5492a1e-GrpcLogAppender: appendEntries Timeout, request=72bb666e-e114-4432-9598-bd6d136490e0->4bd38775-382d-4c4f-9f91-7366b5492a1e#71-t2, previous=(t:2, i:19), leaderCommit=15, initializing? false, entries: <empty>
2019-09-11 07:40:06,350 [java.util.concurrent.ThreadPoolExecutor$Worker@64e577f5[State = -1, empty queue]] WARN  server.GrpcLogAppender (GrpcLogAppender.java:timeoutAppendRequest(200)) - 8929662e-8651-4c9f-b246-d3ed69c98010@group-402BD240969B->5b8ad787-4bf9-4bb4-bfeb-9c85cd30cda7-GrpcLogAppender: appendEntries Timeout, request=8929662e-8651-4c9f-b246-d3ed69c98010->5b8ad787-4bf9-4bb4-bfeb-9c85cd30cda7#72-t2, previous=(t:2, i:20), leaderCommit=16, initializing? false, entries: <empty>
2019-09-11 07:40:06,350 [java.util.concurrent.ThreadPoolExecutor$Worker@702f6010[State = -1, empty queue]] WARN  server.GrpcLogAppender (GrpcLogAppender.java:timeoutAppendRequest(200)) - 8929662e-8651-4c9f-b246-d3ed69c98010@group-402BD240969B->9196f2dc-d574-4585-b48c-56d55fbc13c2-GrpcLogAppender: appendEntries Timeout, request=8929662e-8651-4c9f-b246-d3ed69c98010->9196f2dc-d574-4585-b48c-56d55fbc13c2#72-t2, previous=(t:2, i:20), leaderCommit=16, initializing? false, entries: <empty>
2019-09-11 07:40:06,636 [java.util.concurrent.ThreadPoolExecutor$Worker@7765ab06[State = -1, empty queue]] WARN  server.GrpcLogAppender (GrpcLogAppender.java:timeoutAppendRequest(200)) - 72bb666e-e114-4432-9598-bd6d136490e0@group-91E122509A7B->48982da4-f995-48e9-b2c1-a2ad51cb7376-GrpcLogAppender: appendEntries Timeout, request=72bb666e-e114-4432-9598-bd6d136490e0->48982da4-f995-48e9-b2c1-a2ad51cb7376#72-t2, previous=(t:2, i:19), leaderCommit=15, initializing? false, entries: <empty>
2019-09-11 07:40:06,636 [java.util.concurrent.ThreadPoolExecutor$Worker@441336f8[State = -1, empty queue]] WARN  server.GrpcLogAppender (GrpcLogAppender.java:timeoutAppendRequest(200)) - 72bb666e-e114-4432-9598-bd6d136490e0@group-91E122509A7B->4bd38775-382d-4c4f-9f91-7366b5492a1e-GrpcLogAppender: appendEntries Timeout, request=72bb666e-e114-4432-9598-bd6d136490e0->4bd38775-382d-4c4f-9f91-7366b5492a1e#72-t2, previous=(t:2, i:19), leaderCommit=15, initializing? false, entries: <empty>
2019-09-11 07:40:06,850 [java.util.concurrent.ThreadPoolExecutor$Worker@64e577f5[State = -1, empty queue]] WARN  server.GrpcLogAppender (GrpcLogAppender.java:timeoutAppendRequest(200)) - 8929662e-8651-4c9f-b246-d3ed69c98010@group-402BD240969B->5b8ad787-4bf9-4bb4-bfeb-9c85cd30cda7-GrpcLogAppender: appendEntries Timeout, request=8929662e-8651-4c9f-b246-d3ed69c98010->5b8ad787-4bf9-4bb4-bfeb-9c85cd30cda7#73-t2, previous=(t:2, i:20), leaderCommit=16, initializing? false, entries: <empty>
2019-09-11 07:40:06,850 [java.util.concurrent.ThreadPoolExecutor$Worker@702f6010[State = -1, empty queue]] WARN  server.GrpcLogAppender (GrpcLogAppender.java:timeoutAppendRequest(200)) - 8929662e-8651-4c9f-b246-d3ed69c98010@group-402BD240969B->9196f2dc-d574-4585-b48c-56d55fbc13c2-GrpcLogAppender: appendEntries Timeout, request=8929662e-8651-4c9f-b246-d3ed69c98010->9196f2dc-d574-4585-b48c-56d55fbc13c2#73-t2, previous=(t:2, i:20), leaderCommit=16, initializing? false, entries: <empty>
2019-09-11 07:40:07,085 [grpc-default-executor-0] INFO  client.GrpcClientProtocolClient (GrpcClientProtocolClient.java:onNext(264)) - client-15EBA3052754->48982da4-f995-48e9-b2c1-a2ad51cb7376: receive RaftClientReply:client-15EBA3052754->48982da4-f995-48e9-b2c1-a2ad51cb7376@group-91E122509A7B, cid=43, FAILED org.apache.ratis.protocol.NotLeaderException: Server 48982da4-f995-48e9-b2c1-a2ad51cb7376@group-91E122509A7B is not the leader 72bb666e-e114-4432-9598-bd6d136490e0:192.168.34.12:43357, logIndex=0, commits[48982da4-f995-48e9-b2c1-a2ad51cb7376:c15, 72bb666e-e114-4432-9598-bd6d136490e0:c15, 4bd38775-382d-4c4f-9f91-7366b5492a1e:c15]
2019-09-11 07:40:07,122 [4bd38775-382d-4c4f-9f91-7366b5492a1e@group-91E122509A7B-SegmentedRaftLogWorker] WARN  segmented.SegmentedRaftLogWorker (SegmentedRaftLogWorker.java:getFromFuture(90)) - Timeout 0/~
org.apache.ratis.protocol.TimeoutIOException: Timeout 10s: WriteLog:16: (t:2, i:16), STATEMACHINELOGENTRY, client-15EBA3052754, cid=43-writeStateMachineData
	at org.apache.ratis.util.IOUtils.getFromFuture(IOUtils.java:87)
	at org.apache.ratis.server.raftlog.segmented.SegmentedRaftLogWorker$StateMachineDataPolicy.getFromFuture(SegmentedRaftLogWorker.java:87)
	at org.apache.ratis.server.raftlog.segmented.SegmentedRaftLogWorker$WriteLog.execute(SegmentedRaftLogWorker.java:477)
	at org.apache.ratis.server.raftlog.segmented.SegmentedRaftLogWorker.run(SegmentedRaftLogWorker.java:289)
	at java.lang.Thread.run(Thread.java:748)
Caused by: java.util.concurrent.TimeoutException
	at java.util.concurrent.CompletableFuture.timedGet(CompletableFuture.java:1771)
	at java.util.concurrent.CompletableFuture.get(CompletableFuture.java:1915)
	at org.apache.ratis.util.IOUtils.getFromFuture(IOUtils.java:79)
	... 4 more
2019-09-11 07:40:07,122 [48982da4-f995-48e9-b2c1-a2ad51cb7376@group-91E122509A7B-SegmentedRaftLogWorker] WARN  segmented.SegmentedRaftLogWorker (SegmentedRaftLogWorker.java:getFromFuture(90)) - Timeout 0/~
org.apache.ratis.protocol.TimeoutIOException: Timeout 10s: WriteLog:16: (t:2, i:16), STATEMACHINELOGENTRY, client-15EBA3052754, cid=43-writeStateMachineData
	at org.apache.ratis.util.IOUtils.getFromFuture(IOUtils.java:87)
	at org.apache.ratis.server.raftlog.segmented.SegmentedRaftLogWorker$StateMachineDataPolicy.getFromFuture(SegmentedRaftLogWorker.java:87)
	at org.apache.ratis.server.raftlog.segmented.SegmentedRaftLogWorker$WriteLog.execute(SegmentedRaftLogWorker.java:477)
	at org.apache.ratis.server.raftlog.segmented.SegmentedRaftLogWorker.run(SegmentedRaftLogWorker.java:289)
	at java.lang.Thread.run(Thread.java:748)
Caused by: java.util.concurrent.TimeoutException
	at java.util.concurrent.CompletableFuture.timedGet(CompletableFuture.java:1771)
	at java.util.concurrent.CompletableFuture.get(CompletableFuture.java:1915)
	at org.apache.ratis.util.IOUtils.getFromFuture(IOUtils.java:79)
	... 4 more
2019-09-11 07:40:07,137 [java.util.concurrent.ThreadPoolExecutor$Worker@441336f8[State = -1, empty queue]] WARN  server.GrpcLogAppender (GrpcLogAppender.java:timeoutAppendRequest(200)) - 72bb666e-e114-4432-9598-bd6d136490e0@group-91E122509A7B->4bd38775-382d-4c4f-9f91-7366b5492a1e-GrpcLogAppender: appendEntries Timeout, request=72bb666e-e114-4432-9598-bd6d136490e0->4bd38775-382d-4c4f-9f91-7366b5492a1e#73-t2, previous=(t:2, i:19), leaderCommit=15, initializing? false, entries: <empty>
2019-09-11 07:40:07,137 [java.util.concurrent.ThreadPoolExecutor$Worker@7765ab06[State = -1, empty queue]] WARN  server.GrpcLogAppender (GrpcLogAppender.java:timeoutAppendRequest(200)) - 72bb666e-e114-4432-9598-bd6d136490e0@group-91E122509A7B->48982da4-f995-48e9-b2c1-a2ad51cb7376-GrpcLogAppender: appendEntries Timeout, request=72bb666e-e114-4432-9598-bd6d136490e0->48982da4-f995-48e9-b2c1-a2ad51cb7376#73-t2, previous=(t:2, i:19), leaderCommit=15, initializing? false, entries: <empty>
2019-09-11 07:40:07,140 [72bb666e-e114-4432-9598-bd6d136490e0@group-91E122509A7B-SegmentedRaftLogWorker] WARN  segmented.SegmentedRaftLogWorker (SegmentedRaftLogWorker.java:getFromFuture(90)) - Timeout 0/~
org.apache.ratis.protocol.TimeoutIOException: Timeout 10s: WriteLog:18: (t:2, i:18), STATEMACHINELOGENTRY, client-15EBA3052754, cid=45-writeStateMachineData
	at org.apache.ratis.util.IOUtils.getFromFuture(IOUtils.java:87)
	at org.apache.ratis.server.raftlog.segmented.SegmentedRaftLogWorker$StateMachineDataPolicy.getFromFuture(SegmentedRaftLogWorker.java:87)
	at org.apache.ratis.server.raftlog.segmented.SegmentedRaftLogWorker$WriteLog.execute(SegmentedRaftLogWorker.java:477)
	at org.apache.ratis.server.raftlog.segmented.SegmentedRaftLogWorker.run(SegmentedRaftLogWorker.java:289)
	at java.lang.Thread.run(Thread.java:748)
Caused by: java.util.concurrent.TimeoutException
	at java.util.concurrent.CompletableFuture.timedGet(CompletableFuture.java:1771)
	at java.util.concurrent.CompletableFuture.get(CompletableFuture.java:1915)
	at org.apache.ratis.util.IOUtils.getFromFuture(IOUtils.java:79)
	... 4 more
2019-09-11 07:40:07,350 [java.util.concurrent.ThreadPoolExecutor$Worker@64e577f5[State = -1, empty queue]] WARN  server.GrpcLogAppender (GrpcLogAppender.java:timeoutAppendRequest(200)) - 8929662e-8651-4c9f-b246-d3ed69c98010@group-402BD240969B->5b8ad787-4bf9-4bb4-bfeb-9c85cd30cda7-GrpcLogAppender: appendEntries Timeout, request=8929662e-8651-4c9f-b246-d3ed69c98010->5b8ad787-4bf9-4bb4-bfeb-9c85cd30cda7#74-t2, previous=(t:2, i:20), leaderCommit=16, initializing? false, entries: <empty>
2019-09-11 07:40:07,350 [java.util.concurrent.ThreadPoolExecutor$Worker@702f6010[State = -1, empty queue]] WARN  server.GrpcLogAppender (GrpcLogAppender.java:timeoutAppendRequest(200)) - 8929662e-8651-4c9f-b246-d3ed69c98010@group-402BD240969B->9196f2dc-d574-4585-b48c-56d55fbc13c2-GrpcLogAppender: appendEntries Timeout, request=8929662e-8651-4c9f-b246-d3ed69c98010->9196f2dc-d574-4585-b48c-56d55fbc13c2#74-t2, previous=(t:2, i:20), leaderCommit=16, initializing? false, entries: <empty>
2019-09-11 07:40:07,638 [java.util.concurrent.ThreadPoolExecutor$Worker@7765ab06[State = -1, empty queue]] WARN  server.GrpcLogAppender (GrpcLogAppender.java:timeoutAppendRequest(200)) - 72bb666e-e114-4432-9598-bd6d136490e0@group-91E122509A7B->48982da4-f995-48e9-b2c1-a2ad51cb7376-GrpcLogAppender: appendEntries Timeout, request=72bb666e-e114-4432-9598-bd6d136490e0->48982da4-f995-48e9-b2c1-a2ad51cb7376#74-t2, previous=(t:2, i:19), leaderCommit=15, initializing? false, entries: <empty>
2019-09-11 07:40:07,638 [java.util.concurrent.ThreadPoolExecutor$Worker@441336f8[State = -1, empty queue]] WARN  server.GrpcLogAppender (GrpcLogAppender.java:timeoutAppendRequest(200)) - 72bb666e-e114-4432-9598-bd6d136490e0@group-91E122509A7B->4bd38775-382d-4c4f-9f91-7366b5492a1e-GrpcLogAppender: appendEntries Timeout, request=72bb666e-e114-4432-9598-bd6d136490e0->4bd38775-382d-4c4f-9f91-7366b5492a1e#74-t2, previous=(t:2, i:19), leaderCommit=15, initializing? false, entries: <empty>
2019-09-11 07:40:07,851 [java.util.concurrent.ThreadPoolExecutor$Worker@702f6010[State = -1, empty queue]] WARN  server.GrpcLogAppender (GrpcLogAppender.java:timeoutAppendRequest(200)) - 8929662e-8651-4c9f-b246-d3ed69c98010@group-402BD240969B->9196f2dc-d574-4585-b48c-56d55fbc13c2-GrpcLogAppender: appendEntries Timeout, request=8929662e-8651-4c9f-b246-d3ed69c98010->9196f2dc-d574-4585-b48c-56d55fbc13c2#75-t2, previous=(t:2, i:20), leaderCommit=16, initializing? false, entries: <empty>
2019-09-11 07:40:07,851 [java.util.concurrent.ThreadPoolExecutor$Worker@64e577f5[State = -1, empty queue]] WARN  server.GrpcLogAppender (GrpcLogAppender.java:timeoutAppendRequest(200)) - 8929662e-8651-4c9f-b246-d3ed69c98010@group-402BD240969B->5b8ad787-4bf9-4bb4-bfeb-9c85cd30cda7-GrpcLogAppender: appendEntries Timeout, request=8929662e-8651-4c9f-b246-d3ed69c98010->5b8ad787-4bf9-4bb4-bfeb-9c85cd30cda7#75-t2, previous=(t:2, i:20), leaderCommit=16, initializing? false, entries: <empty>
2019-09-11 07:40:07,887 [9196f2dc-d574-4585-b48c-56d55fbc13c2@group-402BD240969B-SegmentedRaftLogWorker] WARN  segmented.SegmentedRaftLogWorker (SegmentedRaftLogWorker.java:getFromFuture(90)) - Timeout 2/~
org.apache.ratis.protocol.TimeoutIOException: Timeout 10s: WriteLog:19: (t:2, i:19), STATEMACHINELOGENTRY, client-CA35EAD14A50, cid=31-writeStateMachineData
	at org.apache.ratis.util.IOUtils.getFromFuture(IOUtils.java:87)
	at org.apache.ratis.server.raftlog.segmented.SegmentedRaftLogWorker$StateMachineDataPolicy.getFromFuture(SegmentedRaftLogWorker.java:87)
	at org.apache.ratis.server.raftlog.segmented.SegmentedRaftLogWorker$WriteLog.execute(SegmentedRaftLogWorker.java:477)
	at org.apache.ratis.server.raftlog.segmented.SegmentedRaftLogWorker.run(SegmentedRaftLogWorker.java:289)
	at java.lang.Thread.run(Thread.java:748)
Caused by: java.util.concurrent.TimeoutException
	at java.util.concurrent.CompletableFuture.timedGet(CompletableFuture.java:1771)
	at java.util.concurrent.CompletableFuture.get(CompletableFuture.java:1915)
	at org.apache.ratis.util.IOUtils.getFromFuture(IOUtils.java:79)
	... 4 more
2019-09-11 07:40:07,888 [8929662e-8651-4c9f-b246-d3ed69c98010@group-402BD240969B-SegmentedRaftLogWorker] WARN  segmented.SegmentedRaftLogWorker (SegmentedRaftLogWorker.java:getFromFuture(90)) - Timeout 2/~
org.apache.ratis.protocol.TimeoutIOException: Timeout 10s: WriteLog:19: (t:2, i:19), STATEMACHINELOGENTRY, client-CA35EAD14A50, cid=31-writeStateMachineData
	at org.apache.ratis.util.IOUtils.getFromFuture(IOUtils.java:87)
	at org.apache.ratis.server.raftlog.segmented.SegmentedRaftLogWorker$StateMachineDataPolicy.getFromFuture(SegmentedRaftLogWorker.java:87)
	at org.apache.ratis.server.raftlog.segmented.SegmentedRaftLogWorker$WriteLog.execute(SegmentedRaftLogWorker.java:477)
	at org.apache.ratis.server.raftlog.segmented.SegmentedRaftLogWorker.run(SegmentedRaftLogWorker.java:289)
	at java.lang.Thread.run(Thread.java:748)
Caused by: java.util.concurrent.TimeoutException
	at java.util.concurrent.CompletableFuture.timedGet(CompletableFuture.java:1771)
	at java.util.concurrent.CompletableFuture.get(CompletableFuture.java:1915)
	at org.apache.ratis.util.IOUtils.getFromFuture(IOUtils.java:79)
	... 4 more
2019-09-11 07:40:07,888 [5b8ad787-4bf9-4bb4-bfeb-9c85cd30cda7@group-402BD240969B-SegmentedRaftLogWorker] WARN  segmented.SegmentedRaftLogWorker (SegmentedRaftLogWorker.java:getFromFuture(90)) - Timeout 2/~
org.apache.ratis.protocol.TimeoutIOException: Timeout 10s: WriteLog:19: (t:2, i:19), STATEMACHINELOGENTRY, client-CA35EAD14A50, cid=31-writeStateMachineData
	at org.apache.ratis.util.IOUtils.getFromFuture(IOUtils.java:87)
	at org.apache.ratis.server.raftlog.segmented.SegmentedRaftLogWorker$StateMachineDataPolicy.getFromFuture(SegmentedRaftLogWorker.java:87)
	at org.apache.ratis.server.raftlog.segmented.SegmentedRaftLogWorker$WriteLog.execute(SegmentedRaftLogWorker.java:477)
	at org.apache.ratis.server.raftlog.segmented.SegmentedRaftLogWorker.run(SegmentedRaftLogWorker.java:289)
	at java.lang.Thread.run(Thread.java:748)
Caused by: java.util.concurrent.TimeoutException
	at java.util.concurrent.CompletableFuture.timedGet(CompletableFuture.java:1771)
	at java.util.concurrent.CompletableFuture.get(CompletableFuture.java:1915)
	at org.apache.ratis.util.IOUtils.getFromFuture(IOUtils.java:79)
	... 4 more
2019-09-11 07:40:08,138 [java.util.concurrent.ThreadPoolExecutor$Worker@7765ab06[State = -1, empty queue]] WARN  server.GrpcLogAppender (GrpcLogAppender.java:timeoutAppendRequest(200)) - 72bb666e-e114-4432-9598-bd6d136490e0@group-91E122509A7B->48982da4-f995-48e9-b2c1-a2ad51cb7376-GrpcLogAppender: appendEntries Timeout, request=72bb666e-e114-4432-9598-bd6d136490e0->48982da4-f995-48e9-b2c1-a2ad51cb7376#75-t2, previous=(t:2, i:19), leaderCommit=15, initializing? false, entries: <empty>
2019-09-11 07:40:08,138 [java.util.concurrent.ThreadPoolExecutor$Worker@441336f8[State = -1, empty queue]] WARN  server.GrpcLogAppender (GrpcLogAppender.java:timeoutAppendRequest(200)) - 72bb666e-e114-4432-9598-bd6d136490e0@group-91E122509A7B->4bd38775-382d-4c4f-9f91-7366b5492a1e-GrpcLogAppender: appendEntries Timeout, request=72bb666e-e114-4432-9598-bd6d136490e0->4bd38775-382d-4c4f-9f91-7366b5492a1e#75-t2, previous=(t:2, i:19), leaderCommit=15, initializing? false, entries: <empty>
2019-09-11 07:40:08,351 [java.util.concurrent.ThreadPoolExecutor$Worker@64e577f5[State = -1, empty queue]] WARN  server.GrpcLogAppender (GrpcLogAppender.java:timeoutAppendRequest(200)) - 8929662e-8651-4c9f-b246-d3ed69c98010@group-402BD240969B->5b8ad787-4bf9-4bb4-bfeb-9c85cd30cda7-GrpcLogAppender: appendEntries Timeout, request=8929662e-8651-4c9f-b246-d3ed69c98010->5b8ad787-4bf9-4bb4-bfeb-9c85cd30cda7#76-t2, previous=(t:2, i:20), leaderCommit=16, initializing? false, entries: <empty>
2019-09-11 07:40:08,351 [java.util.concurrent.ThreadPoolExecutor$Worker@702f6010[State = -1, empty queue]] WARN  server.GrpcLogAppender (GrpcLogAppender.java:timeoutAppendRequest(200)) - 8929662e-8651-4c9f-b246-d3ed69c98010@group-402BD240969B->9196f2dc-d574-4585-b48c-56d55fbc13c2-GrpcLogAppender: appendEntries Timeout, request=8929662e-8651-4c9f-b246-d3ed69c98010->9196f2dc-d574-4585-b48c-56d55fbc13c2#76-t2, previous=(t:2, i:20), leaderCommit=16, initializing? false, entries: <empty>
2019-09-11 07:40:08,639 [java.util.concurrent.ThreadPoolExecutor$Worker@441336f8[State = -1, empty queue]] WARN  server.GrpcLogAppender (GrpcLogAppender.java:timeoutAppendRequest(200)) - 72bb666e-e114-4432-9598-bd6d136490e0@group-91E122509A7B->4bd38775-382d-4c4f-9f91-7366b5492a1e-GrpcLogAppender: appendEntries Timeout, request=72bb666e-e114-4432-9598-bd6d136490e0->4bd38775-382d-4c4f-9f91-7366b5492a1e#76-t2, previous=(t:2, i:19), leaderCommit=15, initializing? false, entries: <empty>
2019-09-11 07:40:08,639 [java.util.concurrent.ThreadPoolExecutor$Worker@7765ab06[State = -1, empty queue]] WARN  server.GrpcLogAppender (GrpcLogAppender.java:timeoutAppendRequest(200)) - 72bb666e-e114-4432-9598-bd6d136490e0@group-91E122509A7B->48982da4-f995-48e9-b2c1-a2ad51cb7376-GrpcLogAppender: appendEntries Timeout, request=72bb666e-e114-4432-9598-bd6d136490e0->48982da4-f995-48e9-b2c1-a2ad51cb7376#76-t2, previous=(t:2, i:19), leaderCommit=15, initializing? false, entries: <empty>
2019-09-11 07:40:08,853 [java.util.concurrent.ThreadPoolExecutor$Worker@64e577f5[State = -1, empty queue]] WARN  server.GrpcLogAppender (GrpcLogAppender.java:timeoutAppendRequest(200)) - 8929662e-8651-4c9f-b246-d3ed69c98010@group-402BD240969B->5b8ad787-4bf9-4bb4-bfeb-9c85cd30cda7-GrpcLogAppender: appendEntries Timeout, request=8929662e-8651-4c9f-b246-d3ed69c98010->5b8ad787-4bf9-4bb4-bfeb-9c85cd30cda7#77-t2, previous=(t:2, i:20), leaderCommit=16, initializing? false, entries: <empty>
2019-09-11 07:40:08,853 [java.util.concurrent.ThreadPoolExecutor$Worker@702f6010[State = -1, empty queue]] WARN  server.GrpcLogAppender (GrpcLogAppender.java:timeoutAppendRequest(200)) - 8929662e-8651-4c9f-b246-d3ed69c98010@group-402BD240969B->9196f2dc-d574-4585-b48c-56d55fbc13c2-GrpcLogAppender: appendEntries Timeout, request=8929662e-8651-4c9f-b246-d3ed69c98010->9196f2dc-d574-4585-b48c-56d55fbc13c2#77-t2, previous=(t:2, i:20), leaderCommit=16, initializing? false, entries: <empty>
2019-09-11 07:40:09,140 [java.util.concurrent.ThreadPoolExecutor$Worker@441336f8[State = -1, empty queue]] WARN  server.GrpcLogAppender (GrpcLogAppender.java:timeoutAppendRequest(200)) - 72bb666e-e114-4432-9598-bd6d136490e0@group-91E122509A7B->4bd38775-382d-4c4f-9f91-7366b5492a1e-GrpcLogAppender: appendEntries Timeout, request=72bb666e-e114-4432-9598-bd6d136490e0->4bd38775-382d-4c4f-9f91-7366b5492a1e#77-t2, previous=(t:2, i:19), leaderCommit=15, initializing? false, entries: <empty>
2019-09-11 07:40:09,140 [java.util.concurrent.ThreadPoolExecutor$Worker@7765ab06[State = -1, empty queue]] WARN  server.GrpcLogAppender (GrpcLogAppender.java:timeoutAppendRequest(200)) - 72bb666e-e114-4432-9598-bd6d136490e0@group-91E122509A7B->48982da4-f995-48e9-b2c1-a2ad51cb7376-GrpcLogAppender: appendEntries Timeout, request=72bb666e-e114-4432-9598-bd6d136490e0->48982da4-f995-48e9-b2c1-a2ad51cb7376#77-t2, previous=(t:2, i:19), leaderCommit=15, initializing? false, entries: <empty>
2019-09-11 07:40:09,353 [java.util.concurrent.ThreadPoolExecutor$Worker@64e577f5[State = -1, empty queue]] WARN  server.GrpcLogAppender (GrpcLogAppender.java:timeoutAppendRequest(200)) - 8929662e-8651-4c9f-b246-d3ed69c98010@group-402BD240969B->5b8ad787-4bf9-4bb4-bfeb-9c85cd30cda7-GrpcLogAppender: appendEntries Timeout, request=8929662e-8651-4c9f-b246-d3ed69c98010->5b8ad787-4bf9-4bb4-bfeb-9c85cd30cda7#78-t2, previous=(t:2, i:20), leaderCommit=16, initializing? false, entries: <empty>
2019-09-11 07:40:09,353 [java.util.concurrent.ThreadPoolExecutor$Worker@702f6010[State = -1, empty queue]] WARN  server.GrpcLogAppender (GrpcLogAppender.java:timeoutAppendRequest(200)) - 8929662e-8651-4c9f-b246-d3ed69c98010@group-402BD240969B->9196f2dc-d574-4585-b48c-56d55fbc13c2-GrpcLogAppender: appendEntries Timeout, request=8929662e-8651-4c9f-b246-d3ed69c98010->9196f2dc-d574-4585-b48c-56d55fbc13c2#78-t2, previous=(t:2, i:20), leaderCommit=16, initializing? false, entries: <empty>
2019-09-11 07:40:09,640 [java.util.concurrent.ThreadPoolExecutor$Worker@7765ab06[State = -1, empty queue]] WARN  server.GrpcLogAppender (GrpcLogAppender.java:timeoutAppendRequest(200)) - 72bb666e-e114-4432-9598-bd6d136490e0@group-91E122509A7B->48982da4-f995-48e9-b2c1-a2ad51cb7376-GrpcLogAppender: appendEntries Timeout, request=72bb666e-e114-4432-9598-bd6d136490e0->48982da4-f995-48e9-b2c1-a2ad51cb7376#78-t2, previous=(t:2, i:19), leaderCommit=15, initializing? false, entries: <empty>
2019-09-11 07:40:09,640 [java.util.concurrent.ThreadPoolExecutor$Worker@441336f8[State = -1, empty queue]] WARN  server.GrpcLogAppender (GrpcLogAppender.java:timeoutAppendRequest(200)) - 72bb666e-e114-4432-9598-bd6d136490e0@group-91E122509A7B->4bd38775-382d-4c4f-9f91-7366b5492a1e-GrpcLogAppender: appendEntries Timeout, request=72bb666e-e114-4432-9598-bd6d136490e0->4bd38775-382d-4c4f-9f91-7366b5492a1e#78-t2, previous=(t:2, i:19), leaderCommit=15, initializing? false, entries: <empty>
2019-09-11 07:40:09,853 [java.util.concurrent.ThreadPoolExecutor$Worker@702f6010[State = -1, empty queue]] WARN  server.GrpcLogAppender (GrpcLogAppender.java:timeoutAppendRequest(200)) - 8929662e-8651-4c9f-b246-d3ed69c98010@group-402BD240969B->9196f2dc-d574-4585-b48c-56d55fbc13c2-GrpcLogAppender: appendEntries Timeout, request=8929662e-8651-4c9f-b246-d3ed69c98010->9196f2dc-d574-4585-b48c-56d55fbc13c2#79-t2, previous=(t:2, i:20), leaderCommit=16, initializing? false, entries: <empty>
2019-09-11 07:40:09,853 [java.util.concurrent.ThreadPoolExecutor$Worker@64e577f5[State = -1, empty queue]] WARN  server.GrpcLogAppender (GrpcLogAppender.java:timeoutAppendRequest(200)) - 8929662e-8651-4c9f-b246-d3ed69c98010@group-402BD240969B->5b8ad787-4bf9-4bb4-bfeb-9c85cd30cda7-GrpcLogAppender: appendEntries Timeout, request=8929662e-8651-4c9f-b246-d3ed69c98010->5b8ad787-4bf9-4bb4-bfeb-9c85cd30cda7#79-t2, previous=(t:2, i:20), leaderCommit=16, initializing? false, entries: <empty>
2019-09-11 07:40:10,140 [java.util.concurrent.ThreadPoolExecutor$Worker@7765ab06[State = -1, empty queue]] WARN  server.GrpcLogAppender (GrpcLogAppender.java:timeoutAppendRequest(200)) - 72bb666e-e114-4432-9598-bd6d136490e0@group-91E122509A7B->48982da4-f995-48e9-b2c1-a2ad51cb7376-GrpcLogAppender: appendEntries Timeout, request=72bb666e-e114-4432-9598-bd6d136490e0->48982da4-f995-48e9-b2c1-a2ad51cb7376#79-t2, previous=(t:2, i:19), leaderCommit=15, initializing? false, entries: <empty>
2019-09-11 07:40:10,140 [java.util.concurrent.ThreadPoolExecutor$Worker@441336f8[State = -1, empty queue]] WARN  server.GrpcLogAppender (GrpcLogAppender.java:timeoutAppendRequest(200)) - 72bb666e-e114-4432-9598-bd6d136490e0@group-91E122509A7B->4bd38775-382d-4c4f-9f91-7366b5492a1e-GrpcLogAppender: appendEntries Timeout, request=72bb666e-e114-4432-9598-bd6d136490e0->4bd38775-382d-4c4f-9f91-7366b5492a1e#79-t2, previous=(t:2, i:19), leaderCommit=15, initializing? false, entries: <empty>
2019-09-11 07:40:10,354 [java.util.concurrent.ThreadPoolExecutor$Worker@64e577f5[State = -1, empty queue]] WARN  server.GrpcLogAppender (GrpcLogAppender.java:timeoutAppendRequest(200)) - 8929662e-8651-4c9f-b246-d3ed69c98010@group-402BD240969B->5b8ad787-4bf9-4bb4-bfeb-9c85cd30cda7-GrpcLogAppender: appendEntries Timeout, request=8929662e-8651-4c9f-b246-d3ed69c98010->5b8ad787-4bf9-4bb4-bfeb-9c85cd30cda7#80-t2, previous=(t:2, i:20), leaderCommit=16, initializing? false, entries: <empty>
2019-09-11 07:40:10,354 [java.util.concurrent.ThreadPoolExecutor$Worker@702f6010[State = -1, empty queue]] WARN  server.GrpcLogAppender (GrpcLogAppender.java:timeoutAppendRequest(200)) - 8929662e-8651-4c9f-b246-d3ed69c98010@group-402BD240969B->9196f2dc-d574-4585-b48c-56d55fbc13c2-GrpcLogAppender: appendEntries Timeout, request=8929662e-8651-4c9f-b246-d3ed69c98010->9196f2dc-d574-4585-b48c-56d55fbc13c2#80-t2, previous=(t:2, i:20), leaderCommit=16, initializing? false, entries: <empty>
2019-09-11 07:40:10,641 [java.util.concurrent.ThreadPoolExecutor$Worker@441336f8[State = -1, empty queue]] WARN  server.GrpcLogAppender (GrpcLogAppender.java:timeoutAppendRequest(200)) - 72bb666e-e114-4432-9598-bd6d136490e0@group-91E122509A7B->4bd38775-382d-4c4f-9f91-7366b5492a1e-GrpcLogAppender: appendEntries Timeout, request=72bb666e-e114-4432-9598-bd6d136490e0->4bd38775-382d-4c4f-9f91-7366b5492a1e#80-t2, previous=(t:2, i:19), leaderCommit=15, initializing? false, entries: <empty>
2019-09-11 07:40:10,641 [java.util.concurrent.ThreadPoolExecutor$Worker@7765ab06[State = -1, empty queue]] WARN  server.GrpcLogAppender (GrpcLogAppender.java:timeoutAppendRequest(200)) - 72bb666e-e114-4432-9598-bd6d136490e0@group-91E122509A7B->48982da4-f995-48e9-b2c1-a2ad51cb7376-GrpcLogAppender: appendEntries Timeout, request=72bb666e-e114-4432-9598-bd6d136490e0->48982da4-f995-48e9-b2c1-a2ad51cb7376#80-t2, previous=(t:2, i:19), leaderCommit=15, initializing? false, entries: <empty>
2019-09-11 07:40:10,854 [java.util.concurrent.ThreadPoolExecutor$Worker@64e577f5[State = -1, empty queue]] WARN  server.GrpcLogAppender (GrpcLogAppender.java:timeoutAppendRequest(200)) - 8929662e-8651-4c9f-b246-d3ed69c98010@group-402BD240969B->5b8ad787-4bf9-4bb4-bfeb-9c85cd30cda7-GrpcLogAppender: appendEntries Timeout, request=8929662e-8651-4c9f-b246-d3ed69c98010->5b8ad787-4bf9-4bb4-bfeb-9c85cd30cda7#81-t2, previous=(t:2, i:20), leaderCommit=16, initializing? false, entries: <empty>
2019-09-11 07:40:10,854 [java.util.concurrent.ThreadPoolExecutor$Worker@702f6010[State = -1, empty queue]] WARN  server.GrpcLogAppender (GrpcLogAppender.java:timeoutAppendRequest(200)) - 8929662e-8651-4c9f-b246-d3ed69c98010@group-402BD240969B->9196f2dc-d574-4585-b48c-56d55fbc13c2-GrpcLogAppender: appendEntries Timeout, request=8929662e-8651-4c9f-b246-d3ed69c98010->9196f2dc-d574-4585-b48c-56d55fbc13c2#81-t2, previous=(t:2, i:20), leaderCommit=16, initializing? false, entries: <empty>
2019-09-11 07:40:11,141 [java.util.concurrent.ThreadPoolExecutor$Worker@441336f8[State = -1, empty queue]] WARN  server.GrpcLogAppender (GrpcLogAppender.java:timeoutAppendRequest(200)) - 72bb666e-e114-4432-9598-bd6d136490e0@group-91E122509A7B->4bd38775-382d-4c4f-9f91-7366b5492a1e-GrpcLogAppender: appendEntries Timeout, request=72bb666e-e114-4432-9598-bd6d136490e0->4bd38775-382d-4c4f-9f91-7366b5492a1e#81-t2, previous=(t:2, i:19), leaderCommit=15, initializing? false, entries: <empty>
2019-09-11 07:40:11,141 [java.util.concurrent.ThreadPoolExecutor$Worker@7765ab06[State = -1, empty queue]] WARN  server.GrpcLogAppender (GrpcLogAppender.java:timeoutAppendRequest(200)) - 72bb666e-e114-4432-9598-bd6d136490e0@group-91E122509A7B->48982da4-f995-48e9-b2c1-a2ad51cb7376-GrpcLogAppender: appendEntries Timeout, request=72bb666e-e114-4432-9598-bd6d136490e0->48982da4-f995-48e9-b2c1-a2ad51cb7376#81-t2, previous=(t:2, i:19), leaderCommit=15, initializing? false, entries: <empty>
2019-09-11 07:40:11,354 [java.util.concurrent.ThreadPoolExecutor$Worker@702f6010[State = -1, empty queue]] WARN  server.GrpcLogAppender (GrpcLogAppender.java:timeoutAppendRequest(200)) - 8929662e-8651-4c9f-b246-d3ed69c98010@group-402BD240969B->9196f2dc-d574-4585-b48c-56d55fbc13c2-GrpcLogAppender: appendEntries Timeout, request=8929662e-8651-4c9f-b246-d3ed69c98010->9196f2dc-d574-4585-b48c-56d55fbc13c2#82-t2, previous=(t:2, i:20), leaderCommit=16, initializing? false, entries: <empty>
2019-09-11 07:40:11,354 [java.util.concurrent.ThreadPoolExecutor$Worker@64e577f5[State = -1, empty queue]] WARN  server.GrpcLogAppender (GrpcLogAppender.java:timeoutAppendRequest(200)) - 8929662e-8651-4c9f-b246-d3ed69c98010@group-402BD240969B->5b8ad787-4bf9-4bb4-bfeb-9c85cd30cda7-GrpcLogAppender: appendEntries Timeout, request=8929662e-8651-4c9f-b246-d3ed69c98010->5b8ad787-4bf9-4bb4-bfeb-9c85cd30cda7#82-t2, previous=(t:2, i:20), leaderCommit=16, initializing? false, entries: <empty>
2019-09-11 07:40:11,641 [java.util.concurrent.ThreadPoolExecutor$Worker@441336f8[State = -1, empty queue]] WARN  server.GrpcLogAppender (GrpcLogAppender.java:timeoutAppendRequest(200)) - 72bb666e-e114-4432-9598-bd6d136490e0@group-91E122509A7B->4bd38775-382d-4c4f-9f91-7366b5492a1e-GrpcLogAppender: appendEntries Timeout, request=72bb666e-e114-4432-9598-bd6d136490e0->4bd38775-382d-4c4f-9f91-7366b5492a1e#82-t2, previous=(t:2, i:19), leaderCommit=15, initializing? false, entries: <empty>
2019-09-11 07:40:11,641 [java.util.concurrent.ThreadPoolExecutor$Worker@7765ab06[State = -1, empty queue]] WARN  server.GrpcLogAppender (GrpcLogAppender.java:timeoutAppendRequest(200)) - 72bb666e-e114-4432-9598-bd6d136490e0@group-91E122509A7B->48982da4-f995-48e9-b2c1-a2ad51cb7376-GrpcLogAppender: appendEntries Timeout, request=72bb666e-e114-4432-9598-bd6d136490e0->48982da4-f995-48e9-b2c1-a2ad51cb7376#82-t2, previous=(t:2, i:19), leaderCommit=15, initializing? false, entries: <empty>
2019-09-11 07:40:11,855 [java.util.concurrent.ThreadPoolExecutor$Worker@702f6010[State = -1, empty queue]] WARN  server.GrpcLogAppender (GrpcLogAppender.java:timeoutAppendRequest(200)) - 8929662e-8651-4c9f-b246-d3ed69c98010@group-402BD240969B->9196f2dc-d574-4585-b48c-56d55fbc13c2-GrpcLogAppender: appendEntries Timeout, request=8929662e-8651-4c9f-b246-d3ed69c98010->9196f2dc-d574-4585-b48c-56d55fbc13c2#83-t2, previous=(t:2, i:20), leaderCommit=16, initializing? false, entries: <empty>
2019-09-11 07:40:11,855 [java.util.concurrent.ThreadPoolExecutor$Worker@64e577f5[State = -1, empty queue]] WARN  server.GrpcLogAppender (GrpcLogAppender.java:timeoutAppendRequest(200)) - 8929662e-8651-4c9f-b246-d3ed69c98010@group-402BD240969B->5b8ad787-4bf9-4bb4-bfeb-9c85cd30cda7-GrpcLogAppender: appendEntries Timeout, request=8929662e-8651-4c9f-b246-d3ed69c98010->5b8ad787-4bf9-4bb4-bfeb-9c85cd30cda7#83-t2, previous=(t:2, i:20), leaderCommit=16, initializing? false, entries: <empty>
2019-09-11 07:40:12,142 [java.util.concurrent.ThreadPoolExecutor$Worker@441336f8[State = -1, empty queue]] WARN  server.GrpcLogAppender (GrpcLogAppender.java:timeoutAppendRequest(200)) - 72bb666e-e114-4432-9598-bd6d136490e0@group-91E122509A7B->4bd38775-382d-4c4f-9f91-7366b5492a1e-GrpcLogAppender: appendEntries Timeout, request=72bb666e-e114-4432-9598-bd6d136490e0->4bd38775-382d-4c4f-9f91-7366b5492a1e#83-t2, previous=(t:2, i:19), leaderCommit=15, initializing? false, entries: <empty>
2019-09-11 07:40:12,142 [java.util.concurrent.ThreadPoolExecutor$Worker@7765ab06[State = -1, empty queue]] WARN  server.GrpcLogAppender (GrpcLogAppender.java:timeoutAppendRequest(200)) - 72bb666e-e114-4432-9598-bd6d136490e0@group-91E122509A7B->48982da4-f995-48e9-b2c1-a2ad51cb7376-GrpcLogAppender: appendEntries Timeout, request=72bb666e-e114-4432-9598-bd6d136490e0->48982da4-f995-48e9-b2c1-a2ad51cb7376#83-t2, previous=(t:2, i:19), leaderCommit=15, initializing? false, entries: <empty>
2019-09-11 07:40:12,156 [grpc-default-executor-0] INFO  client.GrpcClientProtocolClient (GrpcClientProtocolClient.java:onNext(264)) - client-15EBA3052754->48982da4-f995-48e9-b2c1-a2ad51cb7376: receive RaftClientReply:client-15EBA3052754->48982da4-f995-48e9-b2c1-a2ad51cb7376@group-91E122509A7B, cid=43, FAILED org.apache.ratis.protocol.NotLeaderException: Server 48982da4-f995-48e9-b2c1-a2ad51cb7376@group-91E122509A7B is not the leader 72bb666e-e114-4432-9598-bd6d136490e0:192.168.34.12:43357, logIndex=0, commits[48982da4-f995-48e9-b2c1-a2ad51cb7376:c15, 72bb666e-e114-4432-9598-bd6d136490e0:c15, 4bd38775-382d-4c4f-9f91-7366b5492a1e:c15]
2019-09-11 07:40:12,355 [java.util.concurrent.ThreadPoolExecutor$Worker@702f6010[State = -1, empty queue]] WARN  server.GrpcLogAppender (GrpcLogAppender.java:timeoutAppendRequest(200)) - 8929662e-8651-4c9f-b246-d3ed69c98010@group-402BD240969B->9196f2dc-d574-4585-b48c-56d55fbc13c2-GrpcLogAppender: appendEntries Timeout, request=8929662e-8651-4c9f-b246-d3ed69c98010->9196f2dc-d574-4585-b48c-56d55fbc13c2#84-t2, previous=(t:2, i:20), leaderCommit=16, initializing? false, entries: <empty>
2019-09-11 07:40:12,355 [java.util.concurrent.ThreadPoolExecutor$Worker@64e577f5[State = -1, empty queue]] WARN  server.GrpcLogAppender (GrpcLogAppender.java:timeoutAppendRequest(200)) - 8929662e-8651-4c9f-b246-d3ed69c98010@group-402BD240969B->5b8ad787-4bf9-4bb4-bfeb-9c85cd30cda7-GrpcLogAppender: appendEntries Timeout, request=8929662e-8651-4c9f-b246-d3ed69c98010->5b8ad787-4bf9-4bb4-bfeb-9c85cd30cda7#84-t2, previous=(t:2, i:20), leaderCommit=16, initializing? false, entries: <empty>
2019-09-11 07:40:12,643 [java.util.concurrent.ThreadPoolExecutor$Worker@7765ab06[State = -1, empty queue]] WARN  server.GrpcLogAppender (GrpcLogAppender.java:timeoutAppendRequest(200)) - 72bb666e-e114-4432-9598-bd6d136490e0@group-91E122509A7B->48982da4-f995-48e9-b2c1-a2ad51cb7376-GrpcLogAppender: appendEntries Timeout, request=72bb666e-e114-4432-9598-bd6d136490e0->48982da4-f995-48e9-b2c1-a2ad51cb7376#84-t2, previous=(t:2, i:19), leaderCommit=15, initializing? false, entries: <empty>
2019-09-11 07:40:12,643 [java.util.concurrent.ThreadPoolExecutor$Worker@441336f8[State = -1, empty queue]] WARN  server.GrpcLogAppender (GrpcLogAppender.java:timeoutAppendRequest(200)) - 72bb666e-e114-4432-9598-bd6d136490e0@group-91E122509A7B->4bd38775-382d-4c4f-9f91-7366b5492a1e-GrpcLogAppender: appendEntries Timeout, request=72bb666e-e114-4432-9598-bd6d136490e0->4bd38775-382d-4c4f-9f91-7366b5492a1e#84-t2, previous=(t:2, i:19), leaderCommit=15, initializing? false, entries: <empty>
2019-09-11 07:40:12,855 [java.util.concurrent.ThreadPoolExecutor$Worker@702f6010[State = -1, empty queue]] WARN  server.GrpcLogAppender (GrpcLogAppender.java:timeoutAppendRequest(200)) - 8929662e-8651-4c9f-b246-d3ed69c98010@group-402BD240969B->9196f2dc-d574-4585-b48c-56d55fbc13c2-GrpcLogAppender: appendEntries Timeout, request=8929662e-8651-4c9f-b246-d3ed69c98010->9196f2dc-d574-4585-b48c-56d55fbc13c2#85-t2, previous=(t:2, i:20), leaderCommit=16, initializing? false, entries: <empty>
2019-09-11 07:40:12,855 [java.util.concurrent.ThreadPoolExecutor$Worker@64e577f5[State = -1, empty queue]] WARN  server.GrpcLogAppender (GrpcLogAppender.java:timeoutAppendRequest(200)) - 8929662e-8651-4c9f-b246-d3ed69c98010@group-402BD240969B->5b8ad787-4bf9-4bb4-bfeb-9c85cd30cda7-GrpcLogAppender: appendEntries Timeout, request=8929662e-8651-4c9f-b246-d3ed69c98010->5b8ad787-4bf9-4bb4-bfeb-9c85cd30cda7#85-t2, previous=(t:2, i:20), leaderCommit=16, initializing? false, entries: <empty>
2019-09-11 07:40:13,143 [java.util.concurrent.ThreadPoolExecutor$Worker@7765ab06[State = -1, empty queue]] WARN  server.GrpcLogAppender (GrpcLogAppender.java:timeoutAppendRequest(200)) - 72bb666e-e114-4432-9598-bd6d136490e0@group-91E122509A7B->48982da4-f995-48e9-b2c1-a2ad51cb7376-GrpcLogAppender: appendEntries Timeout, request=72bb666e-e114-4432-9598-bd6d136490e0->48982da4-f995-48e9-b2c1-a2ad51cb7376#85-t2, previous=(t:2, i:19), leaderCommit=15, initializing? false, entries: <empty>
2019-09-11 07:40:13,143 [java.util.concurrent.ThreadPoolExecutor$Worker@441336f8[State = -1, empty queue]] WARN  server.GrpcLogAppender (GrpcLogAppender.java:timeoutAppendRequest(200)) - 72bb666e-e114-4432-9598-bd6d136490e0@group-91E122509A7B->4bd38775-382d-4c4f-9f91-7366b5492a1e-GrpcLogAppender: appendEntries Timeout, request=72bb666e-e114-4432-9598-bd6d136490e0->4bd38775-382d-4c4f-9f91-7366b5492a1e#85-t2, previous=(t:2, i:19), leaderCommit=15, initializing? false, entries: <empty>
2019-09-11 07:40:13,356 [java.util.concurrent.ThreadPoolExecutor$Worker@64e577f5[State = -1, empty queue]] WARN  server.GrpcLogAppender (GrpcLogAppender.java:timeoutAppendRequest(200)) - 8929662e-8651-4c9f-b246-d3ed69c98010@group-402BD240969B->5b8ad787-4bf9-4bb4-bfeb-9c85cd30cda7-GrpcLogAppender: appendEntries Timeout, request=8929662e-8651-4c9f-b246-d3ed69c98010->5b8ad787-4bf9-4bb4-bfeb-9c85cd30cda7#86-t2, previous=(t:2, i:20), leaderCommit=16, initializing? false, entries: <empty>
2019-09-11 07:40:13,356 [java.util.concurrent.ThreadPoolExecutor$Worker@702f6010[State = -1, empty queue]] WARN  server.GrpcLogAppender (GrpcLogAppender.java:timeoutAppendRequest(200)) - 8929662e-8651-4c9f-b246-d3ed69c98010@group-402BD240969B->9196f2dc-d574-4585-b48c-56d55fbc13c2-GrpcLogAppender: appendEntries Timeout, request=8929662e-8651-4c9f-b246-d3ed69c98010->9196f2dc-d574-4585-b48c-56d55fbc13c2#86-t2, previous=(t:2, i:20), leaderCommit=16, initializing? false, entries: <empty>
2019-09-11 07:40:13,644 [java.util.concurrent.ThreadPoolExecutor$Worker@7765ab06[State = -1, empty queue]] WARN  server.GrpcLogAppender (GrpcLogAppender.java:timeoutAppendRequest(200)) - 72bb666e-e114-4432-9598-bd6d136490e0@group-91E122509A7B->48982da4-f995-48e9-b2c1-a2ad51cb7376-GrpcLogAppender: appendEntries Timeout, request=72bb666e-e114-4432-9598-bd6d136490e0->48982da4-f995-48e9-b2c1-a2ad51cb7376#86-t2, previous=(t:2, i:19), leaderCommit=15, initializing? false, entries: <empty>
2019-09-11 07:40:13,644 [java.util.concurrent.ThreadPoolExecutor$Worker@441336f8[State = -1, empty queue]] WARN  server.GrpcLogAppender (GrpcLogAppender.java:timeoutAppendRequest(200)) - 72bb666e-e114-4432-9598-bd6d136490e0@group-91E122509A7B->4bd38775-382d-4c4f-9f91-7366b5492a1e-GrpcLogAppender: appendEntries Timeout, request=72bb666e-e114-4432-9598-bd6d136490e0->4bd38775-382d-4c4f-9f91-7366b5492a1e#86-t2, previous=(t:2, i:19), leaderCommit=15, initializing? false, entries: <empty>
2019-09-11 07:40:13,856 [java.util.concurrent.ThreadPoolExecutor$Worker@64e577f5[State = -1, empty queue]] WARN  server.GrpcLogAppender (GrpcLogAppender.java:timeoutAppendRequest(200)) - 8929662e-8651-4c9f-b246-d3ed69c98010@group-402BD240969B->5b8ad787-4bf9-4bb4-bfeb-9c85cd30cda7-GrpcLogAppender: appendEntries Timeout, request=8929662e-8651-4c9f-b246-d3ed69c98010->5b8ad787-4bf9-4bb4-bfeb-9c85cd30cda7#87-t2, previous=(t:2, i:20), leaderCommit=16, initializing? false, entries: <empty>
2019-09-11 07:40:13,856 [java.util.concurrent.ThreadPoolExecutor$Worker@702f6010[State = -1, empty queue]] WARN  server.GrpcLogAppender (GrpcLogAppender.java:timeoutAppendRequest(200)) - 8929662e-8651-4c9f-b246-d3ed69c98010@group-402BD240969B->9196f2dc-d574-4585-b48c-56d55fbc13c2-GrpcLogAppender: appendEntries Timeout, request=8929662e-8651-4c9f-b246-d3ed69c98010->9196f2dc-d574-4585-b48c-56d55fbc13c2#87-t2, previous=(t:2, i:20), leaderCommit=16, initializing? false, entries: <empty>
2019-09-11 07:40:14,145 [java.util.concurrent.ThreadPoolExecutor$Worker@441336f8[State = -1, empty queue]] WARN  server.GrpcLogAppender (GrpcLogAppender.java:timeoutAppendRequest(200)) - 72bb666e-e114-4432-9598-bd6d136490e0@group-91E122509A7B->4bd38775-382d-4c4f-9f91-7366b5492a1e-GrpcLogAppender: appendEntries Timeout, request=72bb666e-e114-4432-9598-bd6d136490e0->4bd38775-382d-4c4f-9f91-7366b5492a1e#87-t2, previous=(t:2, i:19), leaderCommit=15, initializing? false, entries: <empty>
2019-09-11 07:40:14,145 [java.util.concurrent.ThreadPoolExecutor$Worker@7765ab06[State = -1, empty queue]] WARN  server.GrpcLogAppender (GrpcLogAppender.java:timeoutAppendRequest(200)) - 72bb666e-e114-4432-9598-bd6d136490e0@group-91E122509A7B->48982da4-f995-48e9-b2c1-a2ad51cb7376-GrpcLogAppender: appendEntries Timeout, request=72bb666e-e114-4432-9598-bd6d136490e0->48982da4-f995-48e9-b2c1-a2ad51cb7376#87-t2, previous=(t:2, i:19), leaderCommit=15, initializing? false, entries: <empty>
2019-09-11 07:40:14,356 [java.util.concurrent.ThreadPoolExecutor$Worker@702f6010[State = -1, empty queue]] WARN  server.GrpcLogAppender (GrpcLogAppender.java:timeoutAppendRequest(200)) - 8929662e-8651-4c9f-b246-d3ed69c98010@group-402BD240969B->9196f2dc-d574-4585-b48c-56d55fbc13c2-GrpcLogAppender: appendEntries Timeout, request=8929662e-8651-4c9f-b246-d3ed69c98010->9196f2dc-d574-4585-b48c-56d55fbc13c2#88-t2, previous=(t:2, i:20), leaderCommit=16, initializing? false, entries: <empty>
2019-09-11 07:40:14,356 [java.util.concurrent.ThreadPoolExecutor$Worker@64e577f5[State = -1, empty queue]] WARN  server.GrpcLogAppender (GrpcLogAppender.java:timeoutAppendRequest(200)) - 8929662e-8651-4c9f-b246-d3ed69c98010@group-402BD240969B->5b8ad787-4bf9-4bb4-bfeb-9c85cd30cda7-GrpcLogAppender: appendEntries Timeout, request=8929662e-8651-4c9f-b246-d3ed69c98010->5b8ad787-4bf9-4bb4-bfeb-9c85cd30cda7#88-t2, previous=(t:2, i:20), leaderCommit=16, initializing? false, entries: <empty>
2019-09-11 07:40:14,646 [java.util.concurrent.ThreadPoolExecutor$Worker@7765ab06[State = -1, empty queue]] WARN  server.GrpcLogAppender (GrpcLogAppender.java:timeoutAppendRequest(200)) - 72bb666e-e114-4432-9598-bd6d136490e0@group-91E122509A7B->48982da4-f995-48e9-b2c1-a2ad51cb7376-GrpcLogAppender: appendEntries Timeout, request=72bb666e-e114-4432-9598-bd6d136490e0->48982da4-f995-48e9-b2c1-a2ad51cb7376#88-t2, previous=(t:2, i:19), leaderCommit=15, initializing? false, entries: <empty>
2019-09-11 07:40:14,646 [java.util.concurrent.ThreadPoolExecutor$Worker@441336f8[State = -1, empty queue]] WARN  server.GrpcLogAppender (GrpcLogAppender.java:timeoutAppendRequest(200)) - 72bb666e-e114-4432-9598-bd6d136490e0@group-91E122509A7B->4bd38775-382d-4c4f-9f91-7366b5492a1e-GrpcLogAppender: appendEntries Timeout, request=72bb666e-e114-4432-9598-bd6d136490e0->4bd38775-382d-4c4f-9f91-7366b5492a1e#88-t2, previous=(t:2, i:19), leaderCommit=15, initializing? false, entries: <empty>
2019-09-11 07:40:14,857 [java.util.concurrent.ThreadPoolExecutor$Worker@702f6010[State = -1, empty queue]] WARN  server.GrpcLogAppender (GrpcLogAppender.java:timeoutAppendRequest(200)) - 8929662e-8651-4c9f-b246-d3ed69c98010@group-402BD240969B->9196f2dc-d574-4585-b48c-56d55fbc13c2-GrpcLogAppender: appendEntries Timeout, request=8929662e-8651-4c9f-b246-d3ed69c98010->9196f2dc-d574-4585-b48c-56d55fbc13c2#89-t2, previous=(t:2, i:20), leaderCommit=16, initializing? false, entries: <empty>
2019-09-11 07:40:14,857 [java.util.concurrent.ThreadPoolExecutor$Worker@64e577f5[State = -1, empty queue]] WARN  server.GrpcLogAppender (GrpcLogAppender.java:timeoutAppendRequest(200)) - 8929662e-8651-4c9f-b246-d3ed69c98010@group-402BD240969B->5b8ad787-4bf9-4bb4-bfeb-9c85cd30cda7-GrpcLogAppender: appendEntries Timeout, request=8929662e-8651-4c9f-b246-d3ed69c98010->5b8ad787-4bf9-4bb4-bfeb-9c85cd30cda7#89-t2, previous=(t:2, i:20), leaderCommit=16, initializing? false, entries: <empty>
2019-09-11 07:40:15,146 [java.util.concurrent.ThreadPoolExecutor$Worker@441336f8[State = -1, empty queue]] WARN  server.GrpcLogAppender (GrpcLogAppender.java:timeoutAppendRequest(200)) - 72bb666e-e114-4432-9598-bd6d136490e0@group-91E122509A7B->4bd38775-382d-4c4f-9f91-7366b5492a1e-GrpcLogAppender: appendEntries Timeout, request=72bb666e-e114-4432-9598-bd6d136490e0->4bd38775-382d-4c4f-9f91-7366b5492a1e#89-t2, previous=(t:2, i:19), leaderCommit=15, initializing? false, entries: <empty>
2019-09-11 07:40:15,146 [java.util.concurrent.ThreadPoolExecutor$Worker@7765ab06[State = -1, empty queue]] WARN  server.GrpcLogAppender (GrpcLogAppender.java:timeoutAppendRequest(200)) - 72bb666e-e114-4432-9598-bd6d136490e0@group-91E122509A7B->48982da4-f995-48e9-b2c1-a2ad51cb7376-GrpcLogAppender: appendEntries Timeout, request=72bb666e-e114-4432-9598-bd6d136490e0->48982da4-f995-48e9-b2c1-a2ad51cb7376#89-t2, previous=(t:2, i:19), leaderCommit=15, initializing? false, entries: <empty>
2019-09-11 07:40:15,182 [main] WARN  io.KeyOutputStream (KeyOutputStream.java:handleException(276)) - Encountered exception java.io.IOException: Unexpected Storage Container Exception: java.util.concurrent.CompletionException: java.util.concurrent.CompletionException: org.apache.ratis.protocol.RaftRetryFailureException: Failed RaftClientRequest:client-15EBA3052754->72bb666e-e114-4432-9598-bd6d136490e0@group-91E122509A7B, cid=43, seq=9*, RW, org.apache.hadoop.hdds.scm.XceiverClientRatis$$Lambda$434/163015520@65453e0e for 10 attempts with RetryLimited(maxAttempts=10, sleepTime=1000ms) on the pipeline Pipeline[ Id: fadca5a5-408a-4f72-a4cf-91e122509a7b, Nodes: 48982da4-f995-48e9-b2c1-a2ad51cb7376{ip: 192.168.34.12, host: pr-hdds-2106-8t9qr-763259812, networkLocation: /default-rack, certSerialId: null}72bb666e-e114-4432-9598-bd6d136490e0{ip: 192.168.34.12, host: pr-hdds-2106-8t9qr-763259812, networkLocation: /default-rack, certSerialId: null}4bd38775-382d-4c4f-9f91-7366b5492a1e{ip: 192.168.34.12, host: pr-hdds-2106-8t9qr-763259812, networkLocation: /default-rack, certSerialId: null}, Type:RATIS, Factor:THREE, State:OPEN]. The last committed block length is 0, uncommitted data length is 2097152 retry count 0
2019-09-11 07:40:15,211 [grpc-default-executor-3] INFO  client.GrpcClientProtocolClient (GrpcClientProtocolClient.java:onNext(264)) - client-1FF863BCA865->a1a3d5df-f415-4291-8622-8b18f7b50573: receive RaftClientReply:client-1FF863BCA865->a1a3d5df-f415-4291-8622-8b18f7b50573@group-0D0617E48045, cid=47, FAILED org.apache.ratis.protocol.NotLeaderException: Server a1a3d5df-f415-4291-8622-8b18f7b50573@group-0D0617E48045 is not the leader 36be1d2c-b8e7-4a5e-9c9f-c881d55a8c5a:192.168.34.12:36299, logIndex=0, commits[a1a3d5df-f415-4291-8622-8b18f7b50573:c0, 36be1d2c-b8e7-4a5e-9c9f-c881d55a8c5a:c0, 7366865a-3ccb-4fea-a2e2-b7a0314f55f5:c0]
2019-09-11 07:40:15,360 [java.util.concurrent.ThreadPoolExecutor$Worker@64e577f5[State = -1, empty queue]] WARN  server.GrpcLogAppender (GrpcLogAppender.java:timeoutAppendRequest(200)) - 8929662e-8651-4c9f-b246-d3ed69c98010@group-402BD240969B->5b8ad787-4bf9-4bb4-bfeb-9c85cd30cda7-GrpcLogAppender: appendEntries Timeout, request=8929662e-8651-4c9f-b246-d3ed69c98010->5b8ad787-4bf9-4bb4-bfeb-9c85cd30cda7#90-t2, previous=(t:2, i:20), leaderCommit=16, initializing? false, entries: <empty>
2019-09-11 07:40:15,360 [java.util.concurrent.ThreadPoolExecutor$Worker@702f6010[State = -1, empty queue]] WARN  server.GrpcLogAppender (GrpcLogAppender.java:timeoutAppendRequest(200)) - 8929662e-8651-4c9f-b246-d3ed69c98010@group-402BD240969B->9196f2dc-d574-4585-b48c-56d55fbc13c2-GrpcLogAppender: appendEntries Timeout, request=8929662e-8651-4c9f-b246-d3ed69c98010->9196f2dc-d574-4585-b48c-56d55fbc13c2#90-t2, previous=(t:2, i:20), leaderCommit=16, initializing? false, entries: <empty>
2019-09-11 07:40:15,373 [grpc-default-executor-5] INFO  client.GrpcClientProtocolClient (GrpcClientProtocolClient.java:onNext(264)) - client-1FF863BCA865->36be1d2c-b8e7-4a5e-9c9f-c881d55a8c5a: receive RaftClientReply:client-1FF863BCA865->36be1d2c-b8e7-4a5e-9c9f-c881d55a8c5a@group-0D0617E48045, cid=47, SUCCESS, logIndex=1, commits[36be1d2c-b8e7-4a5e-9c9f-c881d55a8c5a:c1, a1a3d5df-f415-4291-8622-8b18f7b50573:c0, 7366865a-3ccb-4fea-a2e2-b7a0314f55f5:c0]
2019-09-11 07:40:15,414 [grpc-default-executor-4] INFO  client.GrpcClientProtocolClient (GrpcClientProtocolClient.java:onNext(264)) - client-1FF863BCA865->36be1d2c-b8e7-4a5e-9c9f-c881d55a8c5a: receive RaftClientReply:client-1FF863BCA865->36be1d2c-b8e7-4a5e-9c9f-c881d55a8c5a@group-0D0617E48045, cid=48, SUCCESS, logIndex=3, commits[36be1d2c-b8e7-4a5e-9c9f-c881d55a8c5a:c8, a1a3d5df-f415-4291-8622-8b18f7b50573:c6, 7366865a-3ccb-4fea-a2e2-b7a0314f55f5:c6]
2019-09-11 07:40:15,414 [grpc-default-executor-4] INFO  client.GrpcClientProtocolClient (GrpcClientProtocolClient.java:onNext(264)) - client-1FF863BCA865->36be1d2c-b8e7-4a5e-9c9f-c881d55a8c5a: receive RaftClientReply:client-1FF863BCA865->36be1d2c-b8e7-4a5e-9c9f-c881d55a8c5a@group-0D0617E48045, cid=49, SUCCESS, logIndex=5, commits[36be1d2c-b8e7-4a5e-9c9f-c881d55a8c5a:c8, a1a3d5df-f415-4291-8622-8b18f7b50573:c6, 7366865a-3ccb-4fea-a2e2-b7a0314f55f5:c6]
2019-09-11 07:40:15,478 [grpc-default-executor-4] INFO  client.GrpcClientProtocolClient (GrpcClientProtocolClient.java:onNext(264)) - client-1FF863BCA865->36be1d2c-b8e7-4a5e-9c9f-c881d55a8c5a: receive RaftClientReply:client-1FF863BCA865->36be1d2c-b8e7-4a5e-9c9f-c881d55a8c5a@group-0D0617E48045, cid=50, SUCCESS, logIndex=6, commits[36be1d2c-b8e7-4a5e-9c9f-c881d55a8c5a:c8, a1a3d5df-f415-4291-8622-8b18f7b50573:c6, 7366865a-3ccb-4fea-a2e2-b7a0314f55f5:c6]
2019-09-11 07:40:15,646 [java.util.concurrent.ThreadPoolExecutor$Worker@7765ab06[State = -1, empty queue]] WARN  server.GrpcLogAppender (GrpcLogAppender.java:timeoutAppendRequest(200)) - 72bb666e-e114-4432-9598-bd6d136490e0@group-91E122509A7B->48982da4-f995-48e9-b2c1-a2ad51cb7376-GrpcLogAppender: appendEntries Timeout, request=72bb666e-e114-4432-9598-bd6d136490e0->48982da4-f995-48e9-b2c1-a2ad51cb7376#90-t2, previous=(t:2, i:19), leaderCommit=15, initializing? false, entries: <empty>
2019-09-11 07:40:15,646 [java.util.concurrent.ThreadPoolExecutor$Worker@441336f8[State = -1, empty queue]] WARN  server.GrpcLogAppender (GrpcLogAppender.java:timeoutAppendRequest(200)) - 72bb666e-e114-4432-9598-bd6d136490e0@group-91E122509A7B->4bd38775-382d-4c4f-9f91-7366b5492a1e-GrpcLogAppender: appendEntries Timeout, request=72bb666e-e114-4432-9598-bd6d136490e0->4bd38775-382d-4c4f-9f91-7366b5492a1e#90-t2, previous=(t:2, i:19), leaderCommit=15, initializing? false, entries: <empty>
2019-09-11 07:40:15,861 [java.util.concurrent.ThreadPoolExecutor$Worker@702f6010[State = -1, empty queue]] WARN  server.GrpcLogAppender (GrpcLogAppender.java:timeoutAppendRequest(200)) - 8929662e-8651-4c9f-b246-d3ed69c98010@group-402BD240969B->9196f2dc-d574-4585-b48c-56d55fbc13c2-GrpcLogAppender: appendEntries Timeout, request=8929662e-8651-4c9f-b246-d3ed69c98010->9196f2dc-d574-4585-b48c-56d55fbc13c2#91-t2, previous=(t:2, i:20), leaderCommit=16, initializing? false, entries: <empty>
2019-09-11 07:40:15,861 [java.util.concurrent.ThreadPoolExecutor$Worker@64e577f5[State = -1, empty queue]] WARN  server.GrpcLogAppender (GrpcLogAppender.java:timeoutAppendRequest(200)) - 8929662e-8651-4c9f-b246-d3ed69c98010@group-402BD240969B->5b8ad787-4bf9-4bb4-bfeb-9c85cd30cda7-GrpcLogAppender: appendEntries Timeout, request=8929662e-8651-4c9f-b246-d3ed69c98010->5b8ad787-4bf9-4bb4-bfeb-9c85cd30cda7#91-t2, previous=(t:2, i:20), leaderCommit=16, initializing? false, entries: <empty>
2019-09-11 07:40:15,894 [Datanode State Machine Thread - 0] INFO  statemachine.DatanodeStateMachine (DatanodeStateMachine.java:lambda$startDaemon$0(350)) - Ozone container server started.
2019-09-11 07:40:16,148 [java.util.concurrent.ThreadPoolExecutor$Worker@7765ab06[State = -1, empty queue]] WARN  server.GrpcLogAppender (GrpcLogAppender.java:timeoutAppendRequest(200)) - 72bb666e-e114-4432-9598-bd6d136490e0@group-91E122509A7B->48982da4-f995-48e9-b2c1-a2ad51cb7376-GrpcLogAppender: appendEntries Timeout, request=72bb666e-e114-4432-9598-bd6d136490e0->48982da4-f995-48e9-b2c1-a2ad51cb7376#91-t2, previous=(t:2, i:19), leaderCommit=15, initializing? false, entries: <empty>
2019-09-11 07:40:16,148 [java.util.concurrent.ThreadPoolExecutor$Worker@441336f8[State = -1, empty queue]] WARN  server.GrpcLogAppender (GrpcLogAppender.java:timeoutAppendRequest(200)) - 72bb666e-e114-4432-9598-bd6d136490e0@group-91E122509A7B->4bd38775-382d-4c4f-9f91-7366b5492a1e-GrpcLogAppender: appendEntries Timeout, request=72bb666e-e114-4432-9598-bd6d136490e0->4bd38775-382d-4c4f-9f91-7366b5492a1e#91-t2, previous=(t:2, i:19), leaderCommit=15, initializing? false, entries: <empty>
2019-09-11 07:40:16,366 [java.util.concurrent.ThreadPoolExecutor$Worker@64e577f5[State = -1, empty queue]] WARN  server.GrpcLogAppender (GrpcLogAppender.java:timeoutAppendRequest(200)) - 8929662e-8651-4c9f-b246-d3ed69c98010@group-402BD240969B->5b8ad787-4bf9-4bb4-bfeb-9c85cd30cda7-GrpcLogAppender: appendEntries Timeout, request=8929662e-8651-4c9f-b246-d3ed69c98010->5b8ad787-4bf9-4bb4-bfeb-9c85cd30cda7#92-t2, previous=(t:2, i:20), leaderCommit=16, initializing? false, entries: <empty>
2019-09-11 07:40:16,366 [java.util.concurrent.ThreadPoolExecutor$Worker@702f6010[State = -1, empty queue]] WARN  server.GrpcLogAppender (GrpcLogAppender.java:timeoutAppendRequest(200)) - 8929662e-8651-4c9f-b246-d3ed69c98010@group-402BD240969B->9196f2dc-d574-4585-b48c-56d55fbc13c2-GrpcLogAppender: appendEntries Timeout, request=8929662e-8651-4c9f-b246-d3ed69c98010->9196f2dc-d574-4585-b48c-56d55fbc13c2#92-t2, previous=(t:2, i:20), leaderCommit=16, initializing? false, entries: <empty>
2019-09-11 07:40:16,649 [java.util.concurrent.ThreadPoolExecutor$Worker@7765ab06[State = -1, empty queue]] WARN  server.GrpcLogAppender (GrpcLogAppender.java:timeoutAppendRequest(200)) - 72bb666e-e114-4432-9598-bd6d136490e0@group-91E122509A7B->48982da4-f995-48e9-b2c1-a2ad51cb7376-GrpcLogAppender: appendEntries Timeout, request=72bb666e-e114-4432-9598-bd6d136490e0->48982da4-f995-48e9-b2c1-a2ad51cb7376#92-t2, previous=(t:2, i:19), leaderCommit=15, initializing? false, entries: <empty>
2019-09-11 07:40:16,649 [java.util.concurrent.ThreadPoolExecutor$Worker@441336f8[State = -1, empty queue]] WARN  server.GrpcLogAppender (GrpcLogAppender.java:timeoutAppendRequest(200)) - 72bb666e-e114-4432-9598-bd6d136490e0@group-91E122509A7B->4bd38775-382d-4c4f-9f91-7366b5492a1e-GrpcLogAppender: appendEntries Timeout, request=72bb666e-e114-4432-9598-bd6d136490e0->4bd38775-382d-4c4f-9f91-7366b5492a1e#92-t2, previous=(t:2, i:19), leaderCommit=15, initializing? false, entries: <empty>
2019-09-11 07:40:16,866 [java.util.concurrent.ThreadPoolExecutor$Worker@64e577f5[State = -1, empty queue]] WARN  server.GrpcLogAppender (GrpcLogAppender.java:timeoutAppendRequest(200)) - 8929662e-8651-4c9f-b246-d3ed69c98010@group-402BD240969B->5b8ad787-4bf9-4bb4-bfeb-9c85cd30cda7-GrpcLogAppender: appendEntries Timeout, request=8929662e-8651-4c9f-b246-d3ed69c98010->5b8ad787-4bf9-4bb4-bfeb-9c85cd30cda7#93-t2, previous=(t:2, i:20), leaderCommit=16, initializing? false, entries: <empty>
2019-09-11 07:40:16,866 [java.util.concurrent.ThreadPoolExecutor$Worker@702f6010[State = -1, empty queue]] WARN  server.GrpcLogAppender (GrpcLogAppender.java:timeoutAppendRequest(200)) - 8929662e-8651-4c9f-b246-d3ed69c98010@group-402BD240969B->9196f2dc-d574-4585-b48c-56d55fbc13c2-GrpcLogAppender: appendEntries Timeout, request=8929662e-8651-4c9f-b246-d3ed69c98010->9196f2dc-d574-4585-b48c-56d55fbc13c2#93-t2, previous=(t:2, i:20), leaderCommit=16, initializing? false, entries: <empty>
2019-09-11 07:40:17,123 [4bd38775-382d-4c4f-9f91-7366b5492a1e@group-91E122509A7B-SegmentedRaftLogWorker] WARN  segmented.SegmentedRaftLogWorker (SegmentedRaftLogWorker.java:getFromFuture(90)) - Timeout 1/~
org.apache.ratis.protocol.TimeoutIOException: Timeout 10s: WriteLog:16: (t:2, i:16), STATEMACHINELOGENTRY, client-15EBA3052754, cid=43-writeStateMachineData
	at org.apache.ratis.util.IOUtils.getFromFuture(IOUtils.java:87)
	at org.apache.ratis.server.raftlog.segmented.SegmentedRaftLogWorker$StateMachineDataPolicy.getFromFuture(SegmentedRaftLogWorker.java:87)
	at org.apache.ratis.server.raftlog.segmented.SegmentedRaftLogWorker$WriteLog.execute(SegmentedRaftLogWorker.java:477)
	at org.apache.ratis.server.raftlog.segmented.SegmentedRaftLogWorker.run(SegmentedRaftLogWorker.java:289)
	at java.lang.Thread.run(Thread.java:748)
Caused by: java.util.concurrent.TimeoutException
	at java.util.concurrent.CompletableFuture.timedGet(CompletableFuture.java:1771)
	at java.util.concurrent.CompletableFuture.get(CompletableFuture.java:1915)
	at org.apache.ratis.util.IOUtils.getFromFuture(IOUtils.java:79)
	... 4 more
2019-09-11 07:40:17,127 [48982da4-f995-48e9-b2c1-a2ad51cb7376@group-91E122509A7B-SegmentedRaftLogWorker] WARN  segmented.SegmentedRaftLogWorker (SegmentedRaftLogWorker.java:getFromFuture(90)) - Timeout 1/~
org.apache.ratis.protocol.TimeoutIOException: Timeout 10s: WriteLog:16: (t:2, i:16), STATEMACHINELOGENTRY, client-15EBA3052754, cid=43-writeStateMachineData
	at org.apache.ratis.util.IOUtils.getFromFuture(IOUtils.java:87)
	at org.apache.ratis.server.raftlog.segmented.SegmentedRaftLogWorker$StateMachineDataPolicy.getFromFuture(SegmentedRaftLogWorker.java:87)
	at org.apache.ratis.server.raftlog.segmented.SegmentedRaftLogWorker$WriteLog.execute(SegmentedRaftLogWorker.java:477)
	at org.apache.ratis.server.raftlog.segmented.SegmentedRaftLogWorker.run(SegmentedRaftLogWorker.java:289)
	at java.lang.Thread.run(Thread.java:748)
Caused by: java.util.concurrent.TimeoutException
	at java.util.concurrent.CompletableFuture.timedGet(CompletableFuture.java:1771)
	at java.util.concurrent.CompletableFuture.get(CompletableFuture.java:1915)
	at org.apache.ratis.util.IOUtils.getFromFuture(IOUtils.java:79)
	... 4 more
2019-09-11 07:40:17,140 [72bb666e-e114-4432-9598-bd6d136490e0@group-91E122509A7B-SegmentedRaftLogWorker] WARN  segmented.SegmentedRaftLogWorker (SegmentedRaftLogWorker.java:getFromFuture(90)) - Timeout 1/~
org.apache.ratis.protocol.TimeoutIOException: Timeout 10s: WriteLog:18: (t:2, i:18), STATEMACHINELOGENTRY, client-15EBA3052754, cid=45-writeStateMachineData
	at org.apache.ratis.util.IOUtils.getFromFuture(IOUtils.java:87)
	at org.apache.ratis.server.raftlog.segmented.SegmentedRaftLogWorker$StateMachineDataPolicy.getFromFuture(SegmentedRaftLogWorker.java:87)
	at org.apache.ratis.server.raftlog.segmented.SegmentedRaftLogWorker$WriteLog.execute(SegmentedRaftLogWorker.java:477)
	at org.apache.ratis.server.raftlog.segmented.SegmentedRaftLogWorker.run(SegmentedRaftLogWorker.java:289)
	at java.lang.Thread.run(Thread.java:748)
Caused by: java.util.concurrent.TimeoutException
	at java.util.concurrent.CompletableFuture.timedGet(CompletableFuture.java:1771)
	at java.util.concurrent.CompletableFuture.get(CompletableFuture.java:1915)
	at org.apache.ratis.util.IOUtils.getFromFuture(IOUtils.java:79)
	... 4 more
2019-09-11 07:40:17,149 [java.util.concurrent.ThreadPoolExecutor$Worker@441336f8[State = -1, empty queue]] WARN  server.GrpcLogAppender (GrpcLogAppender.java:timeoutAppendRequest(200)) - 72bb666e-e114-4432-9598-bd6d136490e0@group-91E122509A7B->4bd38775-382d-4c4f-9f91-7366b5492a1e-GrpcLogAppender: appendEntries Timeout, request=72bb666e-e114-4432-9598-bd6d136490e0->4bd38775-382d-4c4f-9f91-7366b5492a1e#93-t2, previous=(t:2, i:19), leaderCommit=15, initializing? false, entries: <empty>
2019-09-11 07:40:17,149 [java.util.concurrent.ThreadPoolExecutor$Worker@7765ab06[State = -1, empty queue]] WARN  server.GrpcLogAppender (GrpcLogAppender.java:timeoutAppendRequest(200)) - 72bb666e-e114-4432-9598-bd6d136490e0@group-91E122509A7B->48982da4-f995-48e9-b2c1-a2ad51cb7376-GrpcLogAppender: appendEntries Timeout, request=72bb666e-e114-4432-9598-bd6d136490e0->48982da4-f995-48e9-b2c1-a2ad51cb7376#93-t2, previous=(t:2, i:19), leaderCommit=15, initializing? false, entries: <empty>
2019-09-11 07:40:17,369 [java.util.concurrent.ThreadPoolExecutor$Worker@702f6010[State = -1, empty queue]] WARN  server.GrpcLogAppender (GrpcLogAppender.java:timeoutAppendRequest(200)) - 8929662e-8651-4c9f-b246-d3ed69c98010@group-402BD240969B->9196f2dc-d574-4585-b48c-56d55fbc13c2-GrpcLogAppender: appendEntries Timeout, request=8929662e-8651-4c9f-b246-d3ed69c98010->9196f2dc-d574-4585-b48c-56d55fbc13c2#94-t2, previous=(t:2, i:20), leaderCommit=16, initializing? false, entries: <empty>
2019-09-11 07:40:17,369 [java.util.concurrent.ThreadPoolExecutor$Worker@64e577f5[State = -1, empty queue]] WARN  server.GrpcLogAppender (GrpcLogAppender.java:timeoutAppendRequest(200)) - 8929662e-8651-4c9f-b246-d3ed69c98010@group-402BD240969B->5b8ad787-4bf9-4bb4-bfeb-9c85cd30cda7-GrpcLogAppender: appendEntries Timeout, request=8929662e-8651-4c9f-b246-d3ed69c98010->5b8ad787-4bf9-4bb4-bfeb-9c85cd30cda7#94-t2, previous=(t:2, i:20), leaderCommit=16, initializing? false, entries: <empty>
2019-09-11 07:40:17,650 [java.util.concurrent.ThreadPoolExecutor$Worker@441336f8[State = -1, empty queue]] WARN  server.GrpcLogAppender (GrpcLogAppender.java:timeoutAppendRequest(200)) - 72bb666e-e114-4432-9598-bd6d136490e0@group-91E122509A7B->4bd38775-382d-4c4f-9f91-7366b5492a1e-GrpcLogAppender: appendEntries Timeout, request=72bb666e-e114-4432-9598-bd6d136490e0->4bd38775-382d-4c4f-9f91-7366b5492a1e#94-t2, previous=(t:2, i:19), leaderCommit=15, initializing? false, entries: <empty>
2019-09-11 07:40:17,650 [java.util.concurrent.ThreadPoolExecutor$Worker@7765ab06[State = -1, empty queue]] WARN  server.GrpcLogAppender (GrpcLogAppender.java:timeoutAppendRequest(200)) - 72bb666e-e114-4432-9598-bd6d136490e0@group-91E122509A7B->48982da4-f995-48e9-b2c1-a2ad51cb7376-GrpcLogAppender: appendEntries Timeout, request=72bb666e-e114-4432-9598-bd6d136490e0->48982da4-f995-48e9-b2c1-a2ad51cb7376#94-t2, previous=(t:2, i:19), leaderCommit=15, initializing? false, entries: <empty>
2019-09-11 07:40:17,870 [java.util.concurrent.ThreadPoolExecutor$Worker@702f6010[State = -1, empty queue]] WARN  server.GrpcLogAppender (GrpcLogAppender.java:timeoutAppendRequest(200)) - 8929662e-8651-4c9f-b246-d3ed69c98010@group-402BD240969B->9196f2dc-d574-4585-b48c-56d55fbc13c2-GrpcLogAppender: appendEntries Timeout, request=8929662e-8651-4c9f-b246-d3ed69c98010->9196f2dc-d574-4585-b48c-56d55fbc13c2#95-t2, previous=(t:2, i:20), leaderCommit=16, initializing? false, entries: <empty>
2019-09-11 07:40:17,870 [java.util.concurrent.ThreadPoolExecutor$Worker@64e577f5[State = -1, empty queue]] WARN  server.GrpcLogAppender (GrpcLogAppender.java:timeoutAppendRequest(200)) - 8929662e-8651-4c9f-b246-d3ed69c98010@group-402BD240969B->5b8ad787-4bf9-4bb4-bfeb-9c85cd30cda7-GrpcLogAppender: appendEntries Timeout, request=8929662e-8651-4c9f-b246-d3ed69c98010->5b8ad787-4bf9-4bb4-bfeb-9c85cd30cda7#95-t2, previous=(t:2, i:20), leaderCommit=16, initializing? false, entries: <empty>
2019-09-11 07:40:17,888 [9196f2dc-d574-4585-b48c-56d55fbc13c2@group-402BD240969B-SegmentedRaftLogWorker] WARN  segmented.SegmentedRaftLogWorker (SegmentedRaftLogWorker.java:getFromFuture(90)) - Timeout 3/~
org.apache.ratis.protocol.TimeoutIOException: Timeout 10s: WriteLog:19: (t:2, i:19), STATEMACHINELOGENTRY, client-CA35EAD14A50, cid=31-writeStateMachineData
	at org.apache.ratis.util.IOUtils.getFromFuture(IOUtils.java:87)
	at org.apache.ratis.server.raftlog.segmented.SegmentedRaftLogWorker$StateMachineDataPolicy.getFromFuture(SegmentedRaftLogWorker.java:87)
	at org.apache.ratis.server.raftlog.segmented.SegmentedRaftLogWorker$WriteLog.execute(SegmentedRaftLogWorker.java:477)
	at org.apache.ratis.server.raftlog.segmented.SegmentedRaftLogWorker.run(SegmentedRaftLogWorker.java:289)
	at java.lang.Thread.run(Thread.java:748)
Caused by: java.util.concurrent.TimeoutException
	at java.util.concurrent.CompletableFuture.timedGet(CompletableFuture.java:1771)
	at java.util.concurrent.CompletableFuture.get(CompletableFuture.java:1915)
	at org.apache.ratis.util.IOUtils.getFromFuture(IOUtils.java:79)
	... 4 more
2019-09-11 07:40:17,889 [8929662e-8651-4c9f-b246-d3ed69c98010@group-402BD240969B-SegmentedRaftLogWorker] WARN  segmented.SegmentedRaftLogWorker (SegmentedRaftLogWorker.java:getFromFuture(90)) - Timeout 3/~
org.apache.ratis.protocol.TimeoutIOException: Timeout 10s: WriteLog:19: (t:2, i:19), STATEMACHINELOGENTRY, client-CA35EAD14A50, cid=31-writeStateMachineData
	at org.apache.ratis.util.IOUtils.getFromFuture(IOUtils.java:87)
	at org.apache.ratis.server.raftlog.segmented.SegmentedRaftLogWorker$StateMachineDataPolicy.getFromFuture(SegmentedRaftLogWorker.java:87)
	at org.apache.ratis.server.raftlog.segmented.SegmentedRaftLogWorker$WriteLog.execute(SegmentedRaftLogWorker.java:477)
	at org.apache.ratis.server.raftlog.segmented.SegmentedRaftLogWorker.run(SegmentedRaftLogWorker.java:289)
	at java.lang.Thread.run(Thread.java:748)
Caused by: java.util.concurrent.TimeoutException
	at java.util.concurrent.CompletableFuture.timedGet(CompletableFuture.java:1771)
	at java.util.concurrent.CompletableFuture.get(CompletableFuture.java:1915)
	at org.apache.ratis.util.IOUtils.getFromFuture(IOUtils.java:79)
	... 4 more
2019-09-11 07:40:17,889 [5b8ad787-4bf9-4bb4-bfeb-9c85cd30cda7@group-402BD240969B-SegmentedRaftLogWorker] WARN  segmented.SegmentedRaftLogWorker (SegmentedRaftLogWorker.java:getFromFuture(90)) - Timeout 3/~
org.apache.ratis.protocol.TimeoutIOException: Timeout 10s: WriteLog:19: (t:2, i:19), STATEMACHINELOGENTRY, client-CA35EAD14A50, cid=31-writeStateMachineData
	at org.apache.ratis.util.IOUtils.getFromFuture(IOUtils.java:87)
	at org.apache.ratis.server.raftlog.segmented.SegmentedRaftLogWorker$StateMachineDataPolicy.getFromFuture(SegmentedRaftLogWorker.java:87)
	at org.apache.ratis.server.raftlog.segmented.SegmentedRaftLogWorker$WriteLog.execute(SegmentedRaftLogWorker.java:477)
	at org.apache.ratis.server.raftlog.segmented.SegmentedRaftLogWorker.run(SegmentedRaftLogWorker.java:289)
	at java.lang.Thread.run(Thread.java:748)
Caused by: java.util.concurrent.TimeoutException
	at java.util.concurrent.CompletableFuture.timedGet(CompletableFuture.java:1771)
	at java.util.concurrent.CompletableFuture.get(CompletableFuture.java:1915)
	at org.apache.ratis.util.IOUtils.getFromFuture(IOUtils.java:79)
	... 4 more
2019-09-11 07:40:18,151 [java.util.concurrent.ThreadPoolExecutor$Worker@441336f8[State = -1, empty queue]] WARN  server.GrpcLogAppender (GrpcLogAppender.java:timeoutAppendRequest(200)) - 72bb666e-e114-4432-9598-bd6d136490e0@group-91E122509A7B->4bd38775-382d-4c4f-9f91-7366b5492a1e-GrpcLogAppender: appendEntries Timeout, request=72bb666e-e114-4432-9598-bd6d136490e0->4bd38775-382d-4c4f-9f91-7366b5492a1e#95-t2, previous=(t:2, i:19), leaderCommit=15, initializing? false, entries: <empty>
2019-09-11 07:40:18,151 [java.util.concurrent.ThreadPoolExecutor$Worker@7765ab06[State = -1, empty queue]] WARN  server.GrpcLogAppender (GrpcLogAppender.java:timeoutAppendRequest(200)) - 72bb666e-e114-4432-9598-bd6d136490e0@group-91E122509A7B->48982da4-f995-48e9-b2c1-a2ad51cb7376-GrpcLogAppender: appendEntries Timeout, request=72bb666e-e114-4432-9598-bd6d136490e0->48982da4-f995-48e9-b2c1-a2ad51cb7376#95-t2, previous=(t:2, i:19), leaderCommit=15, initializing? false, entries: <empty>
2019-09-11 07:40:18,370 [java.util.concurrent.ThreadPoolExecutor$Worker@702f6010[State = -1, empty queue]] WARN  server.GrpcLogAppender (GrpcLogAppender.java:timeoutAppendRequest(200)) - 8929662e-8651-4c9f-b246-d3ed69c98010@group-402BD240969B->9196f2dc-d574-4585-b48c-56d55fbc13c2-GrpcLogAppender: appendEntries Timeout, request=8929662e-8651-4c9f-b246-d3ed69c98010->9196f2dc-d574-4585-b48c-56d55fbc13c2#96-t2, previous=(t:2, i:20), leaderCommit=16, initializing? false, entries: <empty>
2019-09-11 07:40:18,370 [java.util.concurrent.ThreadPoolExecutor$Worker@64e577f5[State = -1, empty queue]] WARN  server.GrpcLogAppender (GrpcLogAppender.java:timeoutAppendRequest(200)) - 8929662e-8651-4c9f-b246-d3ed69c98010@group-402BD240969B->5b8ad787-4bf9-4bb4-bfeb-9c85cd30cda7-GrpcLogAppender: appendEntries Timeout, request=8929662e-8651-4c9f-b246-d3ed69c98010->5b8ad787-4bf9-4bb4-bfeb-9c85cd30cda7#96-t2, previous=(t:2, i:20), leaderCommit=16, initializing? false, entries: <empty>
2019-09-11 07:40:18,651 [java.util.concurrent.ThreadPoolExecutor$Worker@441336f8[State = -1, empty queue]] WARN  server.GrpcLogAppender (GrpcLogAppender.java:timeoutAppendRequest(200)) - 72bb666e-e114-4432-9598-bd6d136490e0@group-91E122509A7B->4bd38775-382d-4c4f-9f91-7366b5492a1e-GrpcLogAppender: appendEntries Timeout, request=72bb666e-e114-4432-9598-bd6d136490e0->4bd38775-382d-4c4f-9f91-7366b5492a1e#96-t2, previous=(t:2, i:19), leaderCommit=15, initializing? false, entries: <empty>
2019-09-11 07:40:18,651 [java.util.concurrent.ThreadPoolExecutor$Worker@7765ab06[State = -1, empty queue]] WARN  server.GrpcLogAppender (GrpcLogAppender.java:timeoutAppendRequest(200)) - 72bb666e-e114-4432-9598-bd6d136490e0@group-91E122509A7B->48982da4-f995-48e9-b2c1-a2ad51cb7376-GrpcLogAppender: appendEntries Timeout, request=72bb666e-e114-4432-9598-bd6d136490e0->48982da4-f995-48e9-b2c1-a2ad51cb7376#96-t2, previous=(t:2, i:19), leaderCommit=15, initializing? false, entries: <empty>
2019-09-11 07:40:18,870 [java.util.concurrent.ThreadPoolExecutor$Worker@702f6010[State = -1, empty queue]] WARN  server.GrpcLogAppender (GrpcLogAppender.java:timeoutAppendRequest(200)) - 8929662e-8651-4c9f-b246-d3ed69c98010@group-402BD240969B->9196f2dc-d574-4585-b48c-56d55fbc13c2-GrpcLogAppender: appendEntries Timeout, request=8929662e-8651-4c9f-b246-d3ed69c98010->9196f2dc-d574-4585-b48c-56d55fbc13c2#97-t2, previous=(t:2, i:20), leaderCommit=16, initializing? false, entries: <empty>
2019-09-11 07:40:18,870 [java.util.concurrent.ThreadPoolExecutor$Worker@64e577f5[State = -1, empty queue]] WARN  server.GrpcLogAppender (GrpcLogAppender.java:timeoutAppendRequest(200)) - 8929662e-8651-4c9f-b246-d3ed69c98010@group-402BD240969B->5b8ad787-4bf9-4bb4-bfeb-9c85cd30cda7-GrpcLogAppender: appendEntries Timeout, request=8929662e-8651-4c9f-b246-d3ed69c98010->5b8ad787-4bf9-4bb4-bfeb-9c85cd30cda7#97-t2, previous=(t:2, i:20), leaderCommit=16, initializing? false, entries: <empty>
2019-09-11 07:40:19,152 [java.util.concurrent.ThreadPoolExecutor$Worker@7765ab06[State = -1, empty queue]] WARN  server.GrpcLogAppender (GrpcLogAppender.java:timeoutAppendRequest(200)) - 72bb666e-e114-4432-9598-bd6d136490e0@group-91E122509A7B->48982da4-f995-48e9-b2c1-a2ad51cb7376-GrpcLogAppender: appendEntries Timeout, request=72bb666e-e114-4432-9598-bd6d136490e0->48982da4-f995-48e9-b2c1-a2ad51cb7376#97-t2, previous=(t:2, i:19), leaderCommit=15, initializing? false, entries: <empty>
2019-09-11 07:40:19,152 [java.util.concurrent.ThreadPoolExecutor$Worker@441336f8[State = -1, empty queue]] WARN  server.GrpcLogAppender (GrpcLogAppender.java:timeoutAppendRequest(200)) - 72bb666e-e114-4432-9598-bd6d136490e0@group-91E122509A7B->4bd38775-382d-4c4f-9f91-7366b5492a1e-GrpcLogAppender: appendEntries Timeout, request=72bb666e-e114-4432-9598-bd6d136490e0->4bd38775-382d-4c4f-9f91-7366b5492a1e#97-t2, previous=(t:2, i:19), leaderCommit=15, initializing? false, entries: <empty>
2019-09-11 07:40:19,370 [java.util.concurrent.ThreadPoolExecutor$Worker@64e577f5[State = -1, empty queue]] WARN  server.GrpcLogAppender (GrpcLogAppender.java:timeoutAppendRequest(200)) - 8929662e-8651-4c9f-b246-d3ed69c98010@group-402BD240969B->5b8ad787-4bf9-4bb4-bfeb-9c85cd30cda7-GrpcLogAppender: appendEntries Timeout, request=8929662e-8651-4c9f-b246-d3ed69c98010->5b8ad787-4bf9-4bb4-bfeb-9c85cd30cda7#98-t2, previous=(t:2, i:20), leaderCommit=16, initializing? false, entries: <empty>
2019-09-11 07:40:19,371 [java.util.concurrent.ThreadPoolExecutor$Worker@702f6010[State = -1, empty queue]] WARN  server.GrpcLogAppender (GrpcLogAppender.java:timeoutAppendRequest(200)) - 8929662e-8651-4c9f-b246-d3ed69c98010@group-402BD240969B->9196f2dc-d574-4585-b48c-56d55fbc13c2-GrpcLogAppender: appendEntries Timeout, request=8929662e-8651-4c9f-b246-d3ed69c98010->9196f2dc-d574-4585-b48c-56d55fbc13c2#98-t2, previous=(t:2, i:20), leaderCommit=16, initializing? false, entries: <empty>
2019-09-11 07:40:19,652 [java.util.concurrent.ThreadPoolExecutor$Worker@7765ab06[State = -1, empty queue]] WARN  server.GrpcLogAppender (GrpcLogAppender.java:timeoutAppendRequest(200)) - 72bb666e-e114-4432-9598-bd6d136490e0@group-91E122509A7B->48982da4-f995-48e9-b2c1-a2ad51cb7376-GrpcLogAppender: appendEntries Timeout, request=72bb666e-e114-4432-9598-bd6d136490e0->48982da4-f995-48e9-b2c1-a2ad51cb7376#98-t2, previous=(t:2, i:19), leaderCommit=15, initializing? false, entries: <empty>
2019-09-11 07:40:19,653 [java.util.concurrent.ThreadPoolExecutor$Worker@441336f8[State = -1, empty queue]] WARN  server.GrpcLogAppender (GrpcLogAppender.java:timeoutAppendRequest(200)) - 72bb666e-e114-4432-9598-bd6d136490e0@group-91E122509A7B->4bd38775-382d-4c4f-9f91-7366b5492a1e-GrpcLogAppender: appendEntries Timeout, request=72bb666e-e114-4432-9598-bd6d136490e0->4bd38775-382d-4c4f-9f91-7366b5492a1e#98-t2, previous=(t:2, i:19), leaderCommit=15, initializing? false, entries: <empty>
2019-09-11 07:40:19,871 [java.util.concurrent.ThreadPoolExecutor$Worker@64e577f5[State = -1, empty queue]] WARN  server.GrpcLogAppender (GrpcLogAppender.java:timeoutAppendRequest(200)) - 8929662e-8651-4c9f-b246-d3ed69c98010@group-402BD240969B->5b8ad787-4bf9-4bb4-bfeb-9c85cd30cda7-GrpcLogAppender: appendEntries Timeout, request=8929662e-8651-4c9f-b246-d3ed69c98010->5b8ad787-4bf9-4bb4-bfeb-9c85cd30cda7#99-t2, previous=(t:2, i:20), leaderCommit=16, initializing? false, entries: <empty>
2019-09-11 07:40:19,871 [java.util.concurrent.ThreadPoolExecutor$Worker@702f6010[State = -1, empty queue]] WARN  server.GrpcLogAppender (GrpcLogAppender.java:timeoutAppendRequest(200)) - 8929662e-8651-4c9f-b246-d3ed69c98010@group-402BD240969B->9196f2dc-d574-4585-b48c-56d55fbc13c2-GrpcLogAppender: appendEntries Timeout, request=8929662e-8651-4c9f-b246-d3ed69c98010->9196f2dc-d574-4585-b48c-56d55fbc13c2#99-t2, previous=(t:2, i:20), leaderCommit=16, initializing? false, entries: <empty>
2019-09-11 07:40:20,152 [java.util.concurrent.ThreadPoolExecutor$Worker@7765ab06[State = -1, empty queue]] WARN  server.GrpcLogAppender (GrpcLogAppender.java:timeoutAppendRequest(200)) - 72bb666e-e114-4432-9598-bd6d136490e0@group-91E122509A7B->48982da4-f995-48e9-b2c1-a2ad51cb7376-GrpcLogAppender: appendEntries Timeout, request=72bb666e-e114-4432-9598-bd6d136490e0->48982da4-f995-48e9-b2c1-a2ad51cb7376#99-t2, previous=(t:2, i:19), leaderCommit=15, initializing? false, entries: <empty>
2019-09-11 07:40:20,153 [java.util.concurrent.ThreadPoolExecutor$Worker@441336f8[State = -1, empty queue]] WARN  server.GrpcLogAppender (GrpcLogAppender.java:timeoutAppendRequest(200)) - 72bb666e-e114-4432-9598-bd6d136490e0@group-91E122509A7B->4bd38775-382d-4c4f-9f91-7366b5492a1e-GrpcLogAppender: appendEntries Timeout, request=72bb666e-e114-4432-9598-bd6d136490e0->4bd38775-382d-4c4f-9f91-7366b5492a1e#99-t2, previous=(t:2, i:19), leaderCommit=15, initializing? false, entries: <empty>
2019-09-11 07:40:20,371 [java.util.concurrent.ThreadPoolExecutor$Worker@64e577f5[State = -1, empty queue]] WARN  server.GrpcLogAppender (GrpcLogAppender.java:timeoutAppendRequest(200)) - 8929662e-8651-4c9f-b246-d3ed69c98010@group-402BD240969B->5b8ad787-4bf9-4bb4-bfeb-9c85cd30cda7-GrpcLogAppender: appendEntries Timeout, request=8929662e-8651-4c9f-b246-d3ed69c98010->5b8ad787-4bf9-4bb4-bfeb-9c85cd30cda7#100-t2, previous=(t:2, i:20), leaderCommit=16, initializing? false, entries: <empty>
2019-09-11 07:40:20,371 [java.util.concurrent.ThreadPoolExecutor$Worker@702f6010[State = -1, empty queue]] WARN  server.GrpcLogAppender (GrpcLogAppender.java:timeoutAppendRequest(200)) - 8929662e-8651-4c9f-b246-d3ed69c98010@group-402BD240969B->9196f2dc-d574-4585-b48c-56d55fbc13c2-GrpcLogAppender: appendEntries Timeout, request=8929662e-8651-4c9f-b246-d3ed69c98010->9196f2dc-d574-4585-b48c-56d55fbc13c2#100-t2, previous=(t:2, i:20), leaderCommit=16, initializing? false, entries: <empty>
2019-09-11 07:40:20,484 [main] INFO  ozoneimpl.OzoneContainer (OzoneContainer.java:stop(231)) - Attempting to stop container services.
2019-09-11 07:40:20,486 [main] INFO  impl.RaftServerProxy (RaftServerProxy.java:lambda$close$4(314)) - 5b8ad787-4bf9-4bb4-bfeb-9c85cd30cda7: close
2019-09-11 07:40:20,489 [main] INFO  impl.RaftServerImpl (RaftServerImpl.java:lambda$shutdown$3(251)) - 5b8ad787-4bf9-4bb4-bfeb-9c85cd30cda7@group-A5348760989C: shutdown
2019-09-11 07:40:20,490 [main] INFO  util.JmxRegister (JmxRegister.java:unregister(73)) - Successfully un-registered JMX Bean with object name Ratis:service=RaftServer,group=group-A5348760989C,id=5b8ad787-4bf9-4bb4-bfeb-9c85cd30cda7
2019-09-11 07:40:20,490 [main] INFO  impl.RoleInfo (RoleInfo.java:shutdownLeaderState(104)) - 5b8ad787-4bf9-4bb4-bfeb-9c85cd30cda7: shutdown LeaderState
2019-09-11 07:40:20,491 [main] INFO  impl.PendingRequests (PendingRequests.java:sendNotLeaderResponses(202)) - 5b8ad787-4bf9-4bb4-bfeb-9c85cd30cda7-PendingRequests: sendNotLeaderResponses
2019-09-11 07:40:20,500 [main] INFO  impl.StateMachineUpdater (StateMachineUpdater.java:stopAndJoin(125)) - 5b8ad787-4bf9-4bb4-bfeb-9c85cd30cda7@group-A5348760989C-StateMachineUpdater: set stopIndex = 0
2019-09-11 07:40:20,501 [main] INFO  impl.RaftServerImpl (ServerState.java:close(385)) - 5b8ad787-4bf9-4bb4-bfeb-9c85cd30cda7@group-A5348760989C: closes. applyIndex: 0
2019-09-11 07:40:20,503 [5b8ad787-4bf9-4bb4-bfeb-9c85cd30cda7@group-A5348760989C-SegmentedRaftLogWorker] INFO  segmented.SegmentedRaftLogWorker (SegmentedRaftLogWorker.java:run(313)) - 5b8ad787-4bf9-4bb4-bfeb-9c85cd30cda7@group-A5348760989C-SegmentedRaftLogWorker was interrupted, exiting. There are 0 tasks remaining in the queue.
2019-09-11 07:40:20,507 [main] INFO  segmented.SegmentedRaftLogWorker (SegmentedRaftLogWorker.java:close(228)) - 5b8ad787-4bf9-4bb4-bfeb-9c85cd30cda7@group-A5348760989C-SegmentedRaftLogWorker close()
2019-09-11 07:40:20,511 [main] INFO  impl.RaftServerImpl (RaftServerImpl.java:lambda$shutdown$3(251)) - 5b8ad787-4bf9-4bb4-bfeb-9c85cd30cda7@group-402BD240969B: shutdown
2019-09-11 07:40:20,512 [main] INFO  util.JmxRegister (JmxRegister.java:unregister(73)) - Successfully un-registered JMX Bean with object name Ratis:service=RaftServer,group=group-402BD240969B,id=5b8ad787-4bf9-4bb4-bfeb-9c85cd30cda7
2019-09-11 07:40:20,512 [main] INFO  impl.RoleInfo (RoleInfo.java:shutdownFollowerState(121)) - 5b8ad787-4bf9-4bb4-bfeb-9c85cd30cda7: shutdown FollowerState
2019-09-11 07:40:20,512 [main] INFO  impl.StateMachineUpdater (StateMachineUpdater.java:stopAndJoin(125)) - 5b8ad787-4bf9-4bb4-bfeb-9c85cd30cda7@group-402BD240969B-StateMachineUpdater: set stopIndex = 16
2019-09-11 07:40:20,513 [5b8ad787-4bf9-4bb4-bfeb-9c85cd30cda7@group-402BD240969B-StateMachineUpdater] INFO  ratis.ContainerStateMachine (ContainerStateMachine.java:takeSnapshot(289)) - group-402BD240969B: Taking a snapshot at:(t:2, i:13) file /workdir/hadoop-ozone/integration-test/target/test-dir/MiniOzoneClusterImpl-d0f0e288-b90a-4d92-9473-de78fda8b1d0/datanode-3/data/ratis/9f7a788d-0274-444c-82aa-402bd240969b/sm/snapshot.2_13
2019-09-11 07:40:20,513 [Thread-409] INFO  impl.FollowerState (FollowerState.java:run(115)) - 5b8ad787-4bf9-4bb4-bfeb-9c85cd30cda7: FollowerState was interrupted: java.lang.InterruptedException: sleep interrupted
2019-09-11 07:40:20,557 [5b8ad787-4bf9-4bb4-bfeb-9c85cd30cda7@group-402BD240969B-StateMachineUpdater] INFO  ratis.ContainerStateMachine (ContainerStateMachine.java:takeSnapshot(300)) - group-402BD240969B: Finished taking a snapshot at:(t:2, i:13) file:/workdir/hadoop-ozone/integration-test/target/test-dir/MiniOzoneClusterImpl-d0f0e288-b90a-4d92-9473-de78fda8b1d0/datanode-3/data/ratis/9f7a788d-0274-444c-82aa-402bd240969b/sm/snapshot.2_13 time:44
2019-09-11 07:40:20,557 [5b8ad787-4bf9-4bb4-bfeb-9c85cd30cda7@group-402BD240969B-StateMachineUpdater] INFO  impl.StateMachineUpdater (StateMachineUpdater.java:takeSnapshot(258)) - 5b8ad787-4bf9-4bb4-bfeb-9c85cd30cda7@group-402BD240969B-StateMachineUpdater: Took a snapshot at index 13
2019-09-11 07:40:20,560 [5b8ad787-4bf9-4bb4-bfeb-9c85cd30cda7@group-402BD240969B-StateMachineUpdater] INFO  impl.StateMachineUpdater (StateMachineUpdater.java:lambda$new$0(83)) - 5b8ad787-4bf9-4bb4-bfeb-9c85cd30cda7@group-402BD240969B-StateMachineUpdater: snapshotIndex: updateIncreasingly -1 -> 13
2019-09-11 07:40:20,564 [5b8ad787-4bf9-4bb4-bfeb-9c85cd30cda7@group-402BD240969B-StateMachineUpdater] INFO  ratis.ContainerStateMachine (ContainerStateMachine.java:takeSnapshot(289)) - group-402BD240969B: Taking a snapshot at:(t:2, i:13) file /workdir/hadoop-ozone/integration-test/target/test-dir/MiniOzoneClusterImpl-d0f0e288-b90a-4d92-9473-de78fda8b1d0/datanode-3/data/ratis/9f7a788d-0274-444c-82aa-402bd240969b/sm/snapshot.2_13
2019-09-11 07:40:20,585 [5b8ad787-4bf9-4bb4-bfeb-9c85cd30cda7@group-402BD240969B-StateMachineUpdater] INFO  ratis.ContainerStateMachine (ContainerStateMachine.java:takeSnapshot(300)) - group-402BD240969B: Finished taking a snapshot at:(t:2, i:13) file:/workdir/hadoop-ozone/integration-test/target/test-dir/MiniOzoneClusterImpl-d0f0e288-b90a-4d92-9473-de78fda8b1d0/datanode-3/data/ratis/9f7a788d-0274-444c-82aa-402bd240969b/sm/snapshot.2_13 time:22
2019-09-11 07:40:20,585 [5b8ad787-4bf9-4bb4-bfeb-9c85cd30cda7@group-402BD240969B-StateMachineUpdater] INFO  impl.StateMachineUpdater (StateMachineUpdater.java:takeSnapshot(258)) - 5b8ad787-4bf9-4bb4-bfeb-9c85cd30cda7@group-402BD240969B-StateMachineUpdater: Took a snapshot at index 13
2019-09-11 07:40:20,586 [5b8ad787-4bf9-4bb4-bfeb-9c85cd30cda7@group-402BD240969B-StateMachineUpdater] INFO  impl.StateMachineUpdater (StateMachineUpdater.java:lambda$new$0(83)) - 5b8ad787-4bf9-4bb4-bfeb-9c85cd30cda7@group-402BD240969B-StateMachineUpdater: snapshotIndex: updateIncreasingly 13 -> 13
2019-09-11 07:40:20,586 [main] INFO  impl.RaftServerImpl (ServerState.java:close(385)) - 5b8ad787-4bf9-4bb4-bfeb-9c85cd30cda7@group-402BD240969B: closes. applyIndex: 16
2019-09-11 07:40:20,598 [5b8ad787-4bf9-4bb4-bfeb-9c85cd30cda7@group-402BD240969B-SegmentedRaftLogWorker] ERROR ratis.XceiverServerRatis (XceiverServerRatis.java:triggerPipelineClose(568)) - pipeline Action CLOSE  on pipeline PipelineID=9f7a788d-0274-444c-82aa-402bd240969b.Reason : WriteLog:19: (t:2, i:19), STATEMACHINELOGENTRY, client-CA35EAD14A50, cid=31-writeStateMachineData interrupted.
2019-09-11 07:40:20,608 [main] INFO  segmented.SegmentedRaftLogWorker (SegmentedRaftLogWorker.java:close(228)) - 5b8ad787-4bf9-4bb4-bfeb-9c85cd30cda7@group-402BD240969B-SegmentedRaftLogWorker close()
2019-09-11 07:40:20,615 [main] INFO  server.GrpcService (GrpcService.java:closeImpl(164)) - 5b8ad787-4bf9-4bb4-bfeb-9c85cd30cda7: shutdown server with port 34780 now
2019-09-11 07:40:20,643 [main] INFO  server.GrpcService (GrpcService.java:closeImpl(172)) - 5b8ad787-4bf9-4bb4-bfeb-9c85cd30cda7: shutdown server with port 34780 successfully
2019-09-11 07:40:20,645 [grpc-default-executor-5] WARN  server.GrpcServerProtocolService (LogUtils.java:warn(134)) - 5b8ad787-4bf9-4bb4-bfeb-9c85cd30cda7: installSnapshot onError, lastRequest: 8929662e-8651-4c9f-b246-d3ed69c98010->5b8ad787-4bf9-4bb4-bfeb-9c85cd30cda7#106-t2, previous=(t:2, i:20), leaderCommit=16, initializing? false, entries: <empty>: org.apache.ratis.thirdparty.io.grpc.StatusRuntimeException: CANCELLED: cancelled before receiving half close
2019-09-11 07:40:20,646 [grpc-default-executor-4] WARN  server.GrpcLogAppender (LogUtils.java:warn(134)) - 8929662e-8651-4c9f-b246-d3ed69c98010@group-402BD240969B->5b8ad787-4bf9-4bb4-bfeb-9c85cd30cda7-AppendLogResponseHandler: Failed appendEntries: org.apache.ratis.thirdparty.io.grpc.StatusRuntimeException: CANCELLED: HTTP/2 error code: CANCEL
Received Rst Stream
2019-09-11 07:40:20,647 [refreshUsed-/workdir/hadoop-ozone/integration-test/target/test-dir/MiniOzoneClusterImpl-d0f0e288-b90a-4d92-9473-de78fda8b1d0/datanode-3/data/containers] WARN  fs.CachingGetSpaceUsed (CachingGetSpaceUsed.java:run(183)) - Thread Interrupted waiting to refresh disk information: sleep interrupted
2019-09-11 07:40:20,652 [grpc-default-executor-4] INFO  impl.FollowerInfo (FollowerInfo.java:lambda$new$0(51)) - 8929662e-8651-4c9f-b246-d3ed69c98010@group-402BD240969B->5b8ad787-4bf9-4bb4-bfeb-9c85cd30cda7: nextIndex: updateUnconditionally 21 -> 17
2019-09-11 07:40:20,653 [java.util.concurrent.ThreadPoolExecutor$Worker@7765ab06[State = -1, empty queue]] WARN  server.GrpcLogAppender (GrpcLogAppender.java:timeoutAppendRequest(200)) - 72bb666e-e114-4432-9598-bd6d136490e0@group-91E122509A7B->48982da4-f995-48e9-b2c1-a2ad51cb7376-GrpcLogAppender: appendEntries Timeout, request=72bb666e-e114-4432-9598-bd6d136490e0->48982da4-f995-48e9-b2c1-a2ad51cb7376#100-t2, previous=(t:2, i:19), leaderCommit=15, initializing? false, entries: <empty>
2019-09-11 07:40:20,653 [java.util.concurrent.ThreadPoolExecutor$Worker@441336f8[State = -1, empty queue]] WARN  server.GrpcLogAppender (GrpcLogAppender.java:timeoutAppendRequest(200)) - 72bb666e-e114-4432-9598-bd6d136490e0@group-91E122509A7B->4bd38775-382d-4c4f-9f91-7366b5492a1e-GrpcLogAppender: appendEntries Timeout, request=72bb666e-e114-4432-9598-bd6d136490e0->4bd38775-382d-4c4f-9f91-7366b5492a1e#100-t2, previous=(t:2, i:19), leaderCommit=15, initializing? false, entries: <empty>
2019-09-11 07:40:20,674 [main] INFO  utils.BackgroundService (BackgroundService.java:shutdown(148)) - Shutting down service BlockDeletingService
2019-09-11 07:40:20,683 [main] INFO  statemachine.DatanodeStateMachine (DatanodeStateMachine.java:stopDaemon(395)) - Ozone container server stopped.
2019-09-11 07:40:20,693 [main] INFO  handler.ContextHandler (ContextHandler.java:doStop(910)) - Stopped o.e.j.w.WebAppContext@102c577f{/,null,UNAVAILABLE}{/hddsDatanode}
2019-09-11 07:40:20,698 [main] INFO  server.AbstractConnector (AbstractConnector.java:doStop(318)) - Stopped ServerConnector@7d44a19{HTTP/1.1,[http/1.1]}{0.0.0.0:0}
2019-09-11 07:40:20,698 [main] INFO  handler.ContextHandler (ContextHandler.java:doStop(910)) - Stopped o.e.j.s.ServletContextHandler@517a2b0{/static,jar:file:/home/user/.m2/repository/org/apache/hadoop/hadoop-hdds-container-service/0.5.0-SNAPSHOT/hadoop-hdds-container-service-0.5.0-SNAPSHOT.jar!/webapps/static,UNAVAILABLE}
2019-09-11 07:40:20,698 [main] INFO  handler.ContextHandler (ContextHandler.java:doStop(910)) - Stopped o.e.j.s.ServletContextHandler@443effcb{/logs,file:///workdir/hadoop-ozone/integration-test/target/log,UNAVAILABLE}
2019-09-11 07:40:20,755 [grpc-default-executor-5] INFO  client.GrpcClientProtocolClient (GrpcClientProtocolClient.java:onNext(264)) - client-1FF863BCA865->36be1d2c-b8e7-4a5e-9c9f-c881d55a8c5a: receive RaftClientReply:client-1FF863BCA865->36be1d2c-b8e7-4a5e-9c9f-c881d55a8c5a@group-0D0617E48045, cid=51, SUCCESS, logIndex=9, commits[36be1d2c-b8e7-4a5e-9c9f-c881d55a8c5a:c12, a1a3d5df-f415-4291-8622-8b18f7b50573:c8, 7366865a-3ccb-4fea-a2e2-b7a0314f55f5:c8]
2019-09-11 07:40:20,760 [grpc-default-executor-5] INFO  client.GrpcClientProtocolClient (GrpcClientProtocolClient.java:onNext(264)) - client-1FF863BCA865->36be1d2c-b8e7-4a5e-9c9f-c881d55a8c5a: receive RaftClientReply:client-1FF863BCA865->36be1d2c-b8e7-4a5e-9c9f-c881d55a8c5a@group-0D0617E48045, cid=52, SUCCESS, logIndex=10, commits[36be1d2c-b8e7-4a5e-9c9f-c881d55a8c5a:c12, a1a3d5df-f415-4291-8622-8b18f7b50573:c8, 7366865a-3ccb-4fea-a2e2-b7a0314f55f5:c8]
2019-09-11 07:40:20,764 [grpc-default-executor-5] INFO  client.GrpcClientProtocolClient (GrpcClientProtocolClient.java:onNext(264)) - client-1FF863BCA865->36be1d2c-b8e7-4a5e-9c9f-c881d55a8c5a: receive RaftClientReply:client-1FF863BCA865->36be1d2c-b8e7-4a5e-9c9f-c881d55a8c5a@group-0D0617E48045, cid=53, SUCCESS, logIndex=11, commits[36be1d2c-b8e7-4a5e-9c9f-c881d55a8c5a:c12, a1a3d5df-f415-4291-8622-8b18f7b50573:c8, 7366865a-3ccb-4fea-a2e2-b7a0314f55f5:c8]
2019-09-11 07:40:20,765 [grpc-default-executor-5] INFO  client.GrpcClientProtocolClient (GrpcClientProtocolClient.java:onNext(264)) - client-1FF863BCA865->36be1d2c-b8e7-4a5e-9c9f-c881d55a8c5a: receive RaftClientReply:client-1FF863BCA865->36be1d2c-b8e7-4a5e-9c9f-c881d55a8c5a@group-0D0617E48045, cid=54, SUCCESS, logIndex=12, commits[36be1d2c-b8e7-4a5e-9c9f-c881d55a8c5a:c12, a1a3d5df-f415-4291-8622-8b18f7b50573:c8, 7366865a-3ccb-4fea-a2e2-b7a0314f55f5:c8]
2019-09-11 07:40:20,787 [grpc-default-executor-3] INFO  client.GrpcClientProtocolClient (GrpcClientProtocolClient.java:onNext(264)) - client-1FF863BCA865->36be1d2c-b8e7-4a5e-9c9f-c881d55a8c5a: receive RaftClientReply:client-1FF863BCA865->36be1d2c-b8e7-4a5e-9c9f-c881d55a8c5a@group-0D0617E48045, cid=55, SUCCESS, logIndex=0, commits[36be1d2c-b8e7-4a5e-9c9f-c881d55a8c5a:c14, a1a3d5df-f415-4291-8622-8b18f7b50573:c11, 7366865a-3ccb-4fea-a2e2-b7a0314f55f5:c11]
2019-09-11 07:40:20,788 [grpc-default-executor-3] INFO  client.GrpcClientProtocolClient (GrpcClientProtocolClient.java:onNext(264)) - client-1FF863BCA865->36be1d2c-b8e7-4a5e-9c9f-c881d55a8c5a: receive RaftClientReply:client-1FF863BCA865->36be1d2c-b8e7-4a5e-9c9f-c881d55a8c5a@group-0D0617E48045, cid=56, SUCCESS, logIndex=0, commits[36be1d2c-b8e7-4a5e-9c9f-c881d55a8c5a:c16, a1a3d5df-f415-4291-8622-8b18f7b50573:c12, 7366865a-3ccb-4fea-a2e2-b7a0314f55f5:c12]
2019-09-11 07:40:20,872 [java.util.concurrent.ThreadPoolExecutor$Worker@702f6010[State = -1, empty queue]] WARN  server.GrpcLogAppender (GrpcLogAppender.java:timeoutAppendRequest(200)) - 8929662e-8651-4c9f-b246-d3ed69c98010@group-402BD240969B->9196f2dc-d574-4585-b48c-56d55fbc13c2-GrpcLogAppender: appendEntries Timeout, request=8929662e-8651-4c9f-b246-d3ed69c98010->9196f2dc-d574-4585-b48c-56d55fbc13c2#101-t2, previous=(t:2, i:20), leaderCommit=16, initializing? false, entries: <empty>
2019-09-11 07:40:20,882 [grpc-default-executor-3] WARN  server.GrpcLogAppender (LogUtils.java:warn(134)) - 8929662e-8651-4c9f-b246-d3ed69c98010@group-402BD240969B->5b8ad787-4bf9-4bb4-bfeb-9c85cd30cda7-AppendLogResponseHandler: Failed appendEntries: org.apache.ratis.thirdparty.io.grpc.StatusRuntimeException: UNAVAILABLE: io exception
2019-09-11 07:40:20,886 [grpc-default-executor-3] INFO  impl.FollowerInfo (FollowerInfo.java:lambda$new$0(51)) - 8929662e-8651-4c9f-b246-d3ed69c98010@group-402BD240969B->5b8ad787-4bf9-4bb4-bfeb-9c85cd30cda7: nextIndex: updateUnconditionally 17 -> 16
2019-09-11 07:40:21,154 [java.util.concurrent.ThreadPoolExecutor$Worker@441336f8[State = -1, empty queue]] WARN  server.GrpcLogAppender (GrpcLogAppender.java:timeoutAppendRequest(200)) - 72bb666e-e114-4432-9598-bd6d136490e0@group-91E122509A7B->4bd38775-382d-4c4f-9f91-7366b5492a1e-GrpcLogAppender: appendEntries Timeout, request=72bb666e-e114-4432-9598-bd6d136490e0->4bd38775-382d-4c4f-9f91-7366b5492a1e#101-t2, previous=(t:2, i:19), leaderCommit=15, initializing? false, entries: <empty>
2019-09-11 07:40:21,154 [java.util.concurrent.ThreadPoolExecutor$Worker@7765ab06[State = -1, empty queue]] WARN  server.GrpcLogAppender (GrpcLogAppender.java:timeoutAppendRequest(200)) - 72bb666e-e114-4432-9598-bd6d136490e0@group-91E122509A7B->48982da4-f995-48e9-b2c1-a2ad51cb7376-GrpcLogAppender: appendEntries Timeout, request=72bb666e-e114-4432-9598-bd6d136490e0->48982da4-f995-48e9-b2c1-a2ad51cb7376#101-t2, previous=(t:2, i:19), leaderCommit=15, initializing? false, entries: <empty>
2019-09-11 07:40:21,372 [java.util.concurrent.ThreadPoolExecutor$Worker@702f6010[State = -1, empty queue]] WARN  server.GrpcLogAppender (GrpcLogAppender.java:timeoutAppendRequest(200)) - 8929662e-8651-4c9f-b246-d3ed69c98010@group-402BD240969B->9196f2dc-d574-4585-b48c-56d55fbc13c2-GrpcLogAppender: appendEntries Timeout, request=8929662e-8651-4c9f-b246-d3ed69c98010->9196f2dc-d574-4585-b48c-56d55fbc13c2#102-t2, previous=(t:2, i:20), leaderCommit=16, initializing? false, entries: <empty>
2019-09-11 07:40:21,377 [grpc-default-executor-4] WARN  server.GrpcLogAppender (LogUtils.java:warn(134)) - 8929662e-8651-4c9f-b246-d3ed69c98010@group-402BD240969B->5b8ad787-4bf9-4bb4-bfeb-9c85cd30cda7-AppendLogResponseHandler: Failed appendEntries: org.apache.ratis.thirdparty.io.grpc.StatusRuntimeException: UNAVAILABLE: io exception
2019-09-11 07:40:21,381 [grpc-default-executor-4] INFO  impl.FollowerInfo (FollowerInfo.java:lambda$new$0(51)) - 8929662e-8651-4c9f-b246-d3ed69c98010@group-402BD240969B->5b8ad787-4bf9-4bb4-bfeb-9c85cd30cda7: nextIndex: updateUnconditionally 16 -> 15
2019-09-11 07:40:21,654 [java.util.concurrent.ThreadPoolExecutor$Worker@441336f8[State = -1, empty queue]] WARN  server.GrpcLogAppender (GrpcLogAppender.java:timeoutAppendRequest(200)) - 72bb666e-e114-4432-9598-bd6d136490e0@group-91E122509A7B->4bd38775-382d-4c4f-9f91-7366b5492a1e-GrpcLogAppender: appendEntries Timeout, request=72bb666e-e114-4432-9598-bd6d136490e0->4bd38775-382d-4c4f-9f91-7366b5492a1e#102-t2, previous=(t:2, i:19), leaderCommit=15, initializing? false, entries: <empty>
2019-09-11 07:40:21,654 [java.util.concurrent.ThreadPoolExecutor$Worker@7765ab06[State = -1, empty queue]] WARN  server.GrpcLogAppender (GrpcLogAppender.java:timeoutAppendRequest(200)) - 72bb666e-e114-4432-9598-bd6d136490e0@group-91E122509A7B->48982da4-f995-48e9-b2c1-a2ad51cb7376-GrpcLogAppender: appendEntries Timeout, request=72bb666e-e114-4432-9598-bd6d136490e0->48982da4-f995-48e9-b2c1-a2ad51cb7376#102-t2, previous=(t:2, i:19), leaderCommit=15, initializing? false, entries: <empty>
2019-09-11 07:40:21,872 [java.util.concurrent.ThreadPoolExecutor$Worker@702f6010[State = -1, empty queue]] WARN  server.GrpcLogAppender (GrpcLogAppender.java:timeoutAppendRequest(200)) - 8929662e-8651-4c9f-b246-d3ed69c98010@group-402BD240969B->9196f2dc-d574-4585-b48c-56d55fbc13c2-GrpcLogAppender: appendEntries Timeout, request=8929662e-8651-4c9f-b246-d3ed69c98010->9196f2dc-d574-4585-b48c-56d55fbc13c2#103-t2, previous=(t:2, i:20), leaderCommit=16, initializing? false, entries: <empty>
2019-09-11 07:40:21,878 [grpc-default-executor-5] WARN  server.GrpcLogAppender (LogUtils.java:warn(134)) - 8929662e-8651-4c9f-b246-d3ed69c98010@group-402BD240969B->5b8ad787-4bf9-4bb4-bfeb-9c85cd30cda7-AppendLogResponseHandler: Failed appendEntries: org.apache.ratis.thirdparty.io.grpc.StatusRuntimeException: UNAVAILABLE: io exception
2019-09-11 07:40:21,882 [grpc-default-executor-5] INFO  impl.FollowerInfo (FollowerInfo.java:lambda$new$0(51)) - 8929662e-8651-4c9f-b246-d3ed69c98010@group-402BD240969B->5b8ad787-4bf9-4bb4-bfeb-9c85cd30cda7: nextIndex: updateUnconditionally 15 -> 14
2019-09-11 07:40:22,154 [java.util.concurrent.ThreadPoolExecutor$Worker@7765ab06[State = -1, empty queue]] WARN  server.GrpcLogAppender (GrpcLogAppender.java:timeoutAppendRequest(200)) - 72bb666e-e114-4432-9598-bd6d136490e0@group-91E122509A7B->48982da4-f995-48e9-b2c1-a2ad51cb7376-GrpcLogAppender: appendEntries Timeout, request=72bb666e-e114-4432-9598-bd6d136490e0->48982da4-f995-48e9-b2c1-a2ad51cb7376#103-t2, previous=(t:2, i:19), leaderCommit=15, initializing? false, entries: <empty>
2019-09-11 07:40:22,154 [java.util.concurrent.ThreadPoolExecutor$Worker@441336f8[State = -1, empty queue]] WARN  server.GrpcLogAppender (GrpcLogAppender.java:timeoutAppendRequest(200)) - 72bb666e-e114-4432-9598-bd6d136490e0@group-91E122509A7B->4bd38775-382d-4c4f-9f91-7366b5492a1e-GrpcLogAppender: appendEntries Timeout, request=72bb666e-e114-4432-9598-bd6d136490e0->4bd38775-382d-4c4f-9f91-7366b5492a1e#103-t2, previous=(t:2, i:19), leaderCommit=15, initializing? false, entries: <empty>
2019-09-11 07:40:22,372 [java.util.concurrent.ThreadPoolExecutor$Worker@702f6010[State = -1, empty queue]] WARN  server.GrpcLogAppender (GrpcLogAppender.java:timeoutAppendRequest(200)) - 8929662e-8651-4c9f-b246-d3ed69c98010@group-402BD240969B->9196f2dc-d574-4585-b48c-56d55fbc13c2-GrpcLogAppender: appendEntries Timeout, request=8929662e-8651-4c9f-b246-d3ed69c98010->9196f2dc-d574-4585-b48c-56d55fbc13c2#104-t2, previous=(t:2, i:20), leaderCommit=16, initializing? false, entries: <empty>
2019-09-11 07:40:22,379 [grpc-default-executor-3] WARN  server.GrpcLogAppender (LogUtils.java:warn(134)) - 8929662e-8651-4c9f-b246-d3ed69c98010@group-402BD240969B->5b8ad787-4bf9-4bb4-bfeb-9c85cd30cda7-AppendLogResponseHandler: Failed appendEntries: org.apache.ratis.thirdparty.io.grpc.StatusRuntimeException: UNAVAILABLE: io exception
2019-09-11 07:40:22,383 [grpc-default-executor-3] INFO  impl.FollowerInfo (FollowerInfo.java:lambda$new$0(51)) - 8929662e-8651-4c9f-b246-d3ed69c98010@group-402BD240969B->5b8ad787-4bf9-4bb4-bfeb-9c85cd30cda7: nextIndex: updateUnconditionally 14 -> 13
2019-09-11 07:40:22,655 [java.util.concurrent.ThreadPoolExecutor$Worker@441336f8[State = -1, empty queue]] WARN  server.GrpcLogAppender (GrpcLogAppender.java:timeoutAppendRequest(200)) - 72bb666e-e114-4432-9598-bd6d136490e0@group-91E122509A7B->4bd38775-382d-4c4f-9f91-7366b5492a1e-GrpcLogAppender: appendEntries Timeout, request=72bb666e-e114-4432-9598-bd6d136490e0->4bd38775-382d-4c4f-9f91-7366b5492a1e#104-t2, previous=(t:2, i:19), leaderCommit=15, initializing? false, entries: <empty>
2019-09-11 07:40:22,655 [java.util.concurrent.ThreadPoolExecutor$Worker@7765ab06[State = -1, empty queue]] WARN  server.GrpcLogAppender (GrpcLogAppender.java:timeoutAppendRequest(200)) - 72bb666e-e114-4432-9598-bd6d136490e0@group-91E122509A7B->48982da4-f995-48e9-b2c1-a2ad51cb7376-GrpcLogAppender: appendEntries Timeout, request=72bb666e-e114-4432-9598-bd6d136490e0->48982da4-f995-48e9-b2c1-a2ad51cb7376#104-t2, previous=(t:2, i:19), leaderCommit=15, initializing? false, entries: <empty>
2019-09-11 07:40:22,873 [java.util.concurrent.ThreadPoolExecutor$Worker@702f6010[State = -1, empty queue]] WARN  server.GrpcLogAppender (GrpcLogAppender.java:timeoutAppendRequest(200)) - 8929662e-8651-4c9f-b246-d3ed69c98010@group-402BD240969B->9196f2dc-d574-4585-b48c-56d55fbc13c2-GrpcLogAppender: appendEntries Timeout, request=8929662e-8651-4c9f-b246-d3ed69c98010->9196f2dc-d574-4585-b48c-56d55fbc13c2#105-t2, previous=(t:2, i:20), leaderCommit=16, initializing? false, entries: <empty>
2019-09-11 07:40:22,880 [grpc-default-executor-5] WARN  server.GrpcLogAppender (LogUtils.java:warn(134)) - 8929662e-8651-4c9f-b246-d3ed69c98010@group-402BD240969B->5b8ad787-4bf9-4bb4-bfeb-9c85cd30cda7-AppendLogResponseHandler: Failed appendEntries: org.apache.ratis.thirdparty.io.grpc.StatusRuntimeException: UNAVAILABLE: io exception
2019-09-11 07:40:22,884 [grpc-default-executor-5] INFO  impl.FollowerInfo (FollowerInfo.java:lambda$new$0(51)) - 8929662e-8651-4c9f-b246-d3ed69c98010@group-402BD240969B->5b8ad787-4bf9-4bb4-bfeb-9c85cd30cda7: nextIndex: updateUnconditionally 13 -> 12
2019-09-11 07:40:23,155 [java.util.concurrent.ThreadPoolExecutor$Worker@7765ab06[State = -1, empty queue]] WARN  server.GrpcLogAppender (GrpcLogAppender.java:timeoutAppendRequest(200)) - 72bb666e-e114-4432-9598-bd6d136490e0@group-91E122509A7B->48982da4-f995-48e9-b2c1-a2ad51cb7376-GrpcLogAppender: appendEntries Timeout, request=72bb666e-e114-4432-9598-bd6d136490e0->48982da4-f995-48e9-b2c1-a2ad51cb7376#105-t2, previous=(t:2, i:19), leaderCommit=15, initializing? false, entries: <empty>
2019-09-11 07:40:23,155 [java.util.concurrent.ThreadPoolExecutor$Worker@441336f8[State = -1, empty queue]] WARN  server.GrpcLogAppender (GrpcLogAppender.java:timeoutAppendRequest(200)) - 72bb666e-e114-4432-9598-bd6d136490e0@group-91E122509A7B->4bd38775-382d-4c4f-9f91-7366b5492a1e-GrpcLogAppender: appendEntries Timeout, request=72bb666e-e114-4432-9598-bd6d136490e0->4bd38775-382d-4c4f-9f91-7366b5492a1e#105-t2, previous=(t:2, i:19), leaderCommit=15, initializing? false, entries: <empty>
2019-09-11 07:40:23,373 [java.util.concurrent.ThreadPoolExecutor$Worker@702f6010[State = -1, empty queue]] WARN  server.GrpcLogAppender (GrpcLogAppender.java:timeoutAppendRequest(200)) - 8929662e-8651-4c9f-b246-d3ed69c98010@group-402BD240969B->9196f2dc-d574-4585-b48c-56d55fbc13c2-GrpcLogAppender: appendEntries Timeout, request=8929662e-8651-4c9f-b246-d3ed69c98010->9196f2dc-d574-4585-b48c-56d55fbc13c2#106-t2, previous=(t:2, i:20), leaderCommit=16, initializing? false, entries: <empty>
2019-09-11 07:40:23,382 [grpc-default-executor-3] WARN  server.GrpcLogAppender (LogUtils.java:warn(134)) - 8929662e-8651-4c9f-b246-d3ed69c98010@group-402BD240969B->5b8ad787-4bf9-4bb4-bfeb-9c85cd30cda7-AppendLogResponseHandler: Failed appendEntries: org.apache.ratis.thirdparty.io.grpc.StatusRuntimeException: UNAVAILABLE: io exception
2019-09-11 07:40:23,388 [grpc-default-executor-3] INFO  impl.FollowerInfo (FollowerInfo.java:lambda$new$0(51)) - 8929662e-8651-4c9f-b246-d3ed69c98010@group-402BD240969B->5b8ad787-4bf9-4bb4-bfeb-9c85cd30cda7: nextIndex: updateUnconditionally 12 -> 11
2019-09-11 07:40:23,656 [java.util.concurrent.ThreadPoolExecutor$Worker@441336f8[State = -1, empty queue]] WARN  server.GrpcLogAppender (GrpcLogAppender.java:timeoutAppendRequest(200)) - 72bb666e-e114-4432-9598-bd6d136490e0@group-91E122509A7B->4bd38775-382d-4c4f-9f91-7366b5492a1e-GrpcLogAppender: appendEntries Timeout, request=72bb666e-e114-4432-9598-bd6d136490e0->4bd38775-382d-4c4f-9f91-7366b5492a1e#106-t2, previous=(t:2, i:19), leaderCommit=15, initializing? false, entries: <empty>
2019-09-11 07:40:23,656 [java.util.concurrent.ThreadPoolExecutor$Worker@7765ab06[State = -1, empty queue]] WARN  server.GrpcLogAppender (GrpcLogAppender.java:timeoutAppendRequest(200)) - 72bb666e-e114-4432-9598-bd6d136490e0@group-91E122509A7B->48982da4-f995-48e9-b2c1-a2ad51cb7376-GrpcLogAppender: appendEntries Timeout, request=72bb666e-e114-4432-9598-bd6d136490e0->48982da4-f995-48e9-b2c1-a2ad51cb7376#106-t2, previous=(t:2, i:19), leaderCommit=15, initializing? false, entries: <empty>
2019-09-11 07:40:23,854 [java.util.concurrent.ThreadPoolExecutor$Worker@610f7baa[State = -1, empty queue]] WARN  server.GrpcLogAppender (GrpcLogAppender.java:timeoutAppendRequest(200)) - 36be1d2c-b8e7-4a5e-9c9f-c881d55a8c5a@group-0D0617E48045->7366865a-3ccb-4fea-a2e2-b7a0314f55f5-GrpcLogAppender: appendEntries Timeout, request=36be1d2c-b8e7-4a5e-9c9f-c881d55a8c5a->7366865a-3ccb-4fea-a2e2-b7a0314f55f5#104-t2, previous=(t:2, i:16), leaderCommit=16, initializing? false, entries: size=1, first=(t:2, i:17), STATEMACHINELOGENTRY, client-1FF863BCA865, cid=57
2019-09-11 07:40:23,854 [java.util.concurrent.ThreadPoolExecutor$Worker@3f71a1c8[State = -1, empty queue]] WARN  server.GrpcLogAppender (GrpcLogAppender.java:timeoutAppendRequest(200)) - 36be1d2c-b8e7-4a5e-9c9f-c881d55a8c5a@group-0D0617E48045->a1a3d5df-f415-4291-8622-8b18f7b50573-GrpcLogAppender: appendEntries Timeout, request=36be1d2c-b8e7-4a5e-9c9f-c881d55a8c5a->a1a3d5df-f415-4291-8622-8b18f7b50573#104-t2, previous=(t:2, i:16), leaderCommit=16, initializing? false, entries: size=1, first=(t:2, i:17), STATEMACHINELOGENTRY, client-1FF863BCA865, cid=57
2019-09-11 07:40:23,855 [java.util.concurrent.ThreadPoolExecutor$Worker@610f7baa[State = -1, empty queue]] WARN  server.GrpcLogAppender (GrpcLogAppender.java:timeoutAppendRequest(200)) - 36be1d2c-b8e7-4a5e-9c9f-c881d55a8c5a@group-0D0617E48045->7366865a-3ccb-4fea-a2e2-b7a0314f55f5-GrpcLogAppender: appendEntries Timeout, request=36be1d2c-b8e7-4a5e-9c9f-c881d55a8c5a->7366865a-3ccb-4fea-a2e2-b7a0314f55f5#105-t2, previous=(t:2, i:17), leaderCommit=16, initializing? false, entries: size=1, first=(t:2, i:18), STATEMACHINELOGENTRY, client-1FF863BCA865, cid=58
2019-09-11 07:40:23,859 [java.util.concurrent.ThreadPoolExecutor$Worker@3f71a1c8[State = -1, empty queue]] WARN  server.GrpcLogAppender (GrpcLogAppender.java:timeoutAppendRequest(200)) - 36be1d2c-b8e7-4a5e-9c9f-c881d55a8c5a@group-0D0617E48045->a1a3d5df-f415-4291-8622-8b18f7b50573-GrpcLogAppender: appendEntries Timeout, request=36be1d2c-b8e7-4a5e-9c9f-c881d55a8c5a->a1a3d5df-f415-4291-8622-8b18f7b50573#105-t2, previous=(t:2, i:17), leaderCommit=16, initializing? false, entries: size=1, first=(t:2, i:18), STATEMACHINELOGENTRY, client-1FF863BCA865, cid=58
2019-09-11 07:40:23,860 [java.util.concurrent.ThreadPoolExecutor$Worker@610f7baa[State = -1, empty queue]] WARN  server.GrpcLogAppender (GrpcLogAppender.java:timeoutAppendRequest(200)) - 36be1d2c-b8e7-4a5e-9c9f-c881d55a8c5a@group-0D0617E48045->7366865a-3ccb-4fea-a2e2-b7a0314f55f5-GrpcLogAppender: appendEntries Timeout, request=36be1d2c-b8e7-4a5e-9c9f-c881d55a8c5a->7366865a-3ccb-4fea-a2e2-b7a0314f55f5#106-t2, previous=(t:2, i:18), leaderCommit=16, initializing? false, entries: size=1, first=(t:2, i:19), STATEMACHINELOGENTRY, client-1FF863BCA865, cid=59
2019-09-11 07:40:23,862 [java.util.concurrent.ThreadPoolExecutor$Worker@3f71a1c8[State = -1, empty queue]] WARN  server.GrpcLogAppender (GrpcLogAppender.java:timeoutAppendRequest(200)) - 36be1d2c-b8e7-4a5e-9c9f-c881d55a8c5a@group-0D0617E48045->a1a3d5df-f415-4291-8622-8b18f7b50573-GrpcLogAppender: appendEntries Timeout, request=36be1d2c-b8e7-4a5e-9c9f-c881d55a8c5a->a1a3d5df-f415-4291-8622-8b18f7b50573#106-t2, previous=(t:2, i:18), leaderCommit=16, initializing? false, entries: size=1, first=(t:2, i:19), STATEMACHINELOGENTRY, client-1FF863BCA865, cid=59
2019-09-11 07:40:23,864 [java.util.concurrent.ThreadPoolExecutor$Worker@610f7baa[State = -1, empty queue]] WARN  server.GrpcLogAppender (GrpcLogAppender.java:timeoutAppendRequest(200)) - 36be1d2c-b8e7-4a5e-9c9f-c881d55a8c5a@group-0D0617E48045->7366865a-3ccb-4fea-a2e2-b7a0314f55f5-GrpcLogAppender: appendEntries Timeout, request=36be1d2c-b8e7-4a5e-9c9f-c881d55a8c5a->7366865a-3ccb-4fea-a2e2-b7a0314f55f5#107-t2, previous=(t:2, i:19), leaderCommit=16, initializing? false, entries: size=1, first=(t:2, i:20), STATEMACHINELOGENTRY, client-1FF863BCA865, cid=60
2019-09-11 07:40:23,865 [java.util.concurrent.ThreadPoolExecutor$Worker@3f71a1c8[State = -1, empty queue]] WARN  server.GrpcLogAppender (GrpcLogAppender.java:timeoutAppendRequest(200)) - 36be1d2c-b8e7-4a5e-9c9f-c881d55a8c5a@group-0D0617E48045->a1a3d5df-f415-4291-8622-8b18f7b50573-GrpcLogAppender: appendEntries Timeout, request=36be1d2c-b8e7-4a5e-9c9f-c881d55a8c5a->a1a3d5df-f415-4291-8622-8b18f7b50573#107-t2, previous=(t:2, i:19), leaderCommit=16, initializing? false, entries: size=1, first=(t:2, i:20), STATEMACHINELOGENTRY, client-1FF863BCA865, cid=60
2019-09-11 07:40:23,873 [java.util.concurrent.ThreadPoolExecutor$Worker@702f6010[State = -1, empty queue]] WARN  server.GrpcLogAppender (GrpcLogAppender.java:timeoutAppendRequest(200)) - 8929662e-8651-4c9f-b246-d3ed69c98010@group-402BD240969B->9196f2dc-d574-4585-b48c-56d55fbc13c2-GrpcLogAppender: appendEntries Timeout, request=8929662e-8651-4c9f-b246-d3ed69c98010->9196f2dc-d574-4585-b48c-56d55fbc13c2#107-t2, previous=(t:2, i:20), leaderCommit=16, initializing? false, entries: <empty>
2019-09-11 07:40:23,884 [grpc-default-executor-5] WARN  server.GrpcLogAppender (LogUtils.java:warn(134)) - 8929662e-8651-4c9f-b246-d3ed69c98010@group-402BD240969B->5b8ad787-4bf9-4bb4-bfeb-9c85cd30cda7-AppendLogResponseHandler: Failed appendEntries: org.apache.ratis.thirdparty.io.grpc.StatusRuntimeException: UNAVAILABLE: io exception
2019-09-11 07:40:23,889 [grpc-default-executor-5] INFO  impl.FollowerInfo (FollowerInfo.java:lambda$new$0(51)) - 8929662e-8651-4c9f-b246-d3ed69c98010@group-402BD240969B->5b8ad787-4bf9-4bb4-bfeb-9c85cd30cda7: nextIndex: updateUnconditionally 11 -> 10
2019-09-11 07:40:24,156 [java.util.concurrent.ThreadPoolExecutor$Worker@441336f8[State = -1, empty queue]] WARN  server.GrpcLogAppender (GrpcLogAppender.java:timeoutAppendRequest(200)) - 72bb666e-e114-4432-9598-bd6d136490e0@group-91E122509A7B->4bd38775-382d-4c4f-9f91-7366b5492a1e-GrpcLogAppender: appendEntries Timeout, request=72bb666e-e114-4432-9598-bd6d136490e0->4bd38775-382d-4c4f-9f91-7366b5492a1e#107-t2, previous=(t:2, i:19), leaderCommit=15, initializing? false, entries: <empty>
2019-09-11 07:40:24,157 [java.util.concurrent.ThreadPoolExecutor$Worker@7765ab06[State = -1, empty queue]] WARN  server.GrpcLogAppender (GrpcLogAppender.java:timeoutAppendRequest(200)) - 72bb666e-e114-4432-9598-bd6d136490e0@group-91E122509A7B->48982da4-f995-48e9-b2c1-a2ad51cb7376-GrpcLogAppender: appendEntries Timeout, request=72bb666e-e114-4432-9598-bd6d136490e0->48982da4-f995-48e9-b2c1-a2ad51cb7376#107-t2, previous=(t:2, i:19), leaderCommit=15, initializing? false, entries: <empty>
2019-09-11 07:40:24,359 [java.util.concurrent.ThreadPoolExecutor$Worker@610f7baa[State = -1, empty queue]] WARN  server.GrpcLogAppender (GrpcLogAppender.java:timeoutAppendRequest(200)) - 36be1d2c-b8e7-4a5e-9c9f-c881d55a8c5a@group-0D0617E48045->7366865a-3ccb-4fea-a2e2-b7a0314f55f5-GrpcLogAppender: appendEntries Timeout, request=36be1d2c-b8e7-4a5e-9c9f-c881d55a8c5a->7366865a-3ccb-4fea-a2e2-b7a0314f55f5#108-t2, previous=(t:2, i:20), leaderCommit=16, initializing? false, entries: <empty>
2019-09-11 07:40:24,359 [java.util.concurrent.ThreadPoolExecutor$Worker@3f71a1c8[State = -1, empty queue]] WARN  server.GrpcLogAppender (GrpcLogAppender.java:timeoutAppendRequest(200)) - 36be1d2c-b8e7-4a5e-9c9f-c881d55a8c5a@group-0D0617E48045->a1a3d5df-f415-4291-8622-8b18f7b50573-GrpcLogAppender: appendEntries Timeout, request=36be1d2c-b8e7-4a5e-9c9f-c881d55a8c5a->a1a3d5df-f415-4291-8622-8b18f7b50573#108-t2, previous=(t:2, i:20), leaderCommit=16, initializing? false, entries: <empty>
2019-09-11 07:40:24,374 [java.util.concurrent.ThreadPoolExecutor$Worker@702f6010[State = -1, empty queue]] WARN  server.GrpcLogAppender (GrpcLogAppender.java:timeoutAppendRequest(200)) - 8929662e-8651-4c9f-b246-d3ed69c98010@group-402BD240969B->9196f2dc-d574-4585-b48c-56d55fbc13c2-GrpcLogAppender: appendEntries Timeout, request=8929662e-8651-4c9f-b246-d3ed69c98010->9196f2dc-d574-4585-b48c-56d55fbc13c2#108-t2, previous=(t:2, i:20), leaderCommit=16, initializing? false, entries: <empty>
2019-09-11 07:40:24,385 [grpc-default-executor-4] WARN  server.GrpcLogAppender (LogUtils.java:warn(134)) - 8929662e-8651-4c9f-b246-d3ed69c98010@group-402BD240969B->5b8ad787-4bf9-4bb4-bfeb-9c85cd30cda7-AppendLogResponseHandler: Failed appendEntries: org.apache.ratis.thirdparty.io.grpc.StatusRuntimeException: UNAVAILABLE: io exception
2019-09-11 07:40:24,390 [grpc-default-executor-4] INFO  impl.FollowerInfo (FollowerInfo.java:lambda$new$0(51)) - 8929662e-8651-4c9f-b246-d3ed69c98010@group-402BD240969B->5b8ad787-4bf9-4bb4-bfeb-9c85cd30cda7: nextIndex: updateUnconditionally 10 -> 9
2019-09-11 07:40:24,657 [java.util.concurrent.ThreadPoolExecutor$Worker@441336f8[State = -1, empty queue]] WARN  server.GrpcLogAppender (GrpcLogAppender.java:timeoutAppendRequest(200)) - 72bb666e-e114-4432-9598-bd6d136490e0@group-91E122509A7B->4bd38775-382d-4c4f-9f91-7366b5492a1e-GrpcLogAppender: appendEntries Timeout, request=72bb666e-e114-4432-9598-bd6d136490e0->4bd38775-382d-4c4f-9f91-7366b5492a1e#108-t2, previous=(t:2, i:19), leaderCommit=15, initializing? false, entries: <empty>
2019-09-11 07:40:24,657 [java.util.concurrent.ThreadPoolExecutor$Worker@7765ab06[State = -1, empty queue]] WARN  server.GrpcLogAppender (GrpcLogAppender.java:timeoutAppendRequest(200)) - 72bb666e-e114-4432-9598-bd6d136490e0@group-91E122509A7B->48982da4-f995-48e9-b2c1-a2ad51cb7376-GrpcLogAppender: appendEntries Timeout, request=72bb666e-e114-4432-9598-bd6d136490e0->48982da4-f995-48e9-b2c1-a2ad51cb7376#108-t2, previous=(t:2, i:19), leaderCommit=15, initializing? false, entries: <empty>
2019-09-11 07:40:24,859 [java.util.concurrent.ThreadPoolExecutor$Worker@3f71a1c8[State = -1, empty queue]] WARN  server.GrpcLogAppender (GrpcLogAppender.java:timeoutAppendRequest(200)) - 36be1d2c-b8e7-4a5e-9c9f-c881d55a8c5a@group-0D0617E48045->a1a3d5df-f415-4291-8622-8b18f7b50573-GrpcLogAppender: appendEntries Timeout, request=36be1d2c-b8e7-4a5e-9c9f-c881d55a8c5a->a1a3d5df-f415-4291-8622-8b18f7b50573#109-t2, previous=(t:2, i:20), leaderCommit=16, initializing? false, entries: <empty>
2019-09-11 07:40:24,859 [java.util.concurrent.ThreadPoolExecutor$Worker@610f7baa[State = -1, empty queue]] WARN  server.GrpcLogAppender (GrpcLogAppender.java:timeoutAppendRequest(200)) - 36be1d2c-b8e7-4a5e-9c9f-c881d55a8c5a@group-0D0617E48045->7366865a-3ccb-4fea-a2e2-b7a0314f55f5-GrpcLogAppender: appendEntries Timeout, request=36be1d2c-b8e7-4a5e-9c9f-c881d55a8c5a->7366865a-3ccb-4fea-a2e2-b7a0314f55f5#109-t2, previous=(t:2, i:20), leaderCommit=16, initializing? false, entries: <empty>
2019-09-11 07:40:24,876 [java.util.concurrent.ThreadPoolExecutor$Worker@702f6010[State = -1, empty queue]] WARN  server.GrpcLogAppender (GrpcLogAppender.java:timeoutAppendRequest(200)) - 8929662e-8651-4c9f-b246-d3ed69c98010@group-402BD240969B->9196f2dc-d574-4585-b48c-56d55fbc13c2-GrpcLogAppender: appendEntries Timeout, request=8929662e-8651-4c9f-b246-d3ed69c98010->9196f2dc-d574-4585-b48c-56d55fbc13c2#109-t2, previous=(t:2, i:20), leaderCommit=16, initializing? false, entries: <empty>
2019-09-11 07:40:24,885 [grpc-default-executor-3] WARN  server.GrpcLogAppender (LogUtils.java:warn(134)) - 8929662e-8651-4c9f-b246-d3ed69c98010@group-402BD240969B->5b8ad787-4bf9-4bb4-bfeb-9c85cd30cda7-AppendLogResponseHandler: Failed appendEntries: org.apache.ratis.thirdparty.io.grpc.StatusRuntimeException: UNAVAILABLE: io exception
2019-09-11 07:40:24,896 [grpc-default-executor-3] INFO  impl.FollowerInfo (FollowerInfo.java:lambda$new$0(51)) - 8929662e-8651-4c9f-b246-d3ed69c98010@group-402BD240969B->5b8ad787-4bf9-4bb4-bfeb-9c85cd30cda7: nextIndex: updateUnconditionally 9 -> 8
2019-09-11 07:40:25,157 [java.util.concurrent.ThreadPoolExecutor$Worker@441336f8[State = -1, empty queue]] WARN  server.GrpcLogAppender (GrpcLogAppender.java:timeoutAppendRequest(200)) - 72bb666e-e114-4432-9598-bd6d136490e0@group-91E122509A7B->4bd38775-382d-4c4f-9f91-7366b5492a1e-GrpcLogAppender: appendEntries Timeout, request=72bb666e-e114-4432-9598-bd6d136490e0->4bd38775-382d-4c4f-9f91-7366b5492a1e#109-t2, previous=(t:2, i:19), leaderCommit=15, initializing? false, entries: <empty>
2019-09-11 07:40:25,157 [java.util.concurrent.ThreadPoolExecutor$Worker@7765ab06[State = -1, empty queue]] WARN  server.GrpcLogAppender (GrpcLogAppender.java:timeoutAppendRequest(200)) - 72bb666e-e114-4432-9598-bd6d136490e0@group-91E122509A7B->48982da4-f995-48e9-b2c1-a2ad51cb7376-GrpcLogAppender: appendEntries Timeout, request=72bb666e-e114-4432-9598-bd6d136490e0->48982da4-f995-48e9-b2c1-a2ad51cb7376#109-t2, previous=(t:2, i:19), leaderCommit=15, initializing? false, entries: <empty>
2019-09-11 07:40:25,360 [java.util.concurrent.ThreadPoolExecutor$Worker@610f7baa[State = -1, empty queue]] WARN  server.GrpcLogAppender (GrpcLogAppender.java:timeoutAppendRequest(200)) - 36be1d2c-b8e7-4a5e-9c9f-c881d55a8c5a@group-0D0617E48045->7366865a-3ccb-4fea-a2e2-b7a0314f55f5-GrpcLogAppender: appendEntries Timeout, request=36be1d2c-b8e7-4a5e-9c9f-c881d55a8c5a->7366865a-3ccb-4fea-a2e2-b7a0314f55f5#110-t2, previous=(t:2, i:20), leaderCommit=16, initializing? false, entries: <empty>
2019-09-11 07:40:25,360 [java.util.concurrent.ThreadPoolExecutor$Worker@3f71a1c8[State = -1, empty queue]] WARN  server.GrpcLogAppender (GrpcLogAppender.java:timeoutAppendRequest(200)) - 36be1d2c-b8e7-4a5e-9c9f-c881d55a8c5a@group-0D0617E48045->a1a3d5df-f415-4291-8622-8b18f7b50573-GrpcLogAppender: appendEntries Timeout, request=36be1d2c-b8e7-4a5e-9c9f-c881d55a8c5a->a1a3d5df-f415-4291-8622-8b18f7b50573#110-t2, previous=(t:2, i:20), leaderCommit=16, initializing? false, entries: <empty>
2019-09-11 07:40:25,374 [java.util.concurrent.ThreadPoolExecutor$Worker@702f6010[State = -1, empty queue]] WARN  server.GrpcLogAppender (GrpcLogAppender.java:timeoutAppendRequest(200)) - 8929662e-8651-4c9f-b246-d3ed69c98010@group-402BD240969B->9196f2dc-d574-4585-b48c-56d55fbc13c2-GrpcLogAppender: appendEntries Timeout, request=8929662e-8651-4c9f-b246-d3ed69c98010->9196f2dc-d574-4585-b48c-56d55fbc13c2#110-t2, previous=(t:2, i:20), leaderCommit=16, initializing? false, entries: <empty>
2019-09-11 07:40:25,388 [grpc-default-executor-5] WARN  server.GrpcLogAppender (LogUtils.java:warn(134)) - 8929662e-8651-4c9f-b246-d3ed69c98010@group-402BD240969B->5b8ad787-4bf9-4bb4-bfeb-9c85cd30cda7-AppendLogResponseHandler: Failed appendEntries: org.apache.ratis.thirdparty.io.grpc.StatusRuntimeException: UNAVAILABLE: io exception
2019-09-11 07:40:25,393 [grpc-default-executor-5] INFO  impl.FollowerInfo (FollowerInfo.java:lambda$new$0(51)) - 8929662e-8651-4c9f-b246-d3ed69c98010@group-402BD240969B->5b8ad787-4bf9-4bb4-bfeb-9c85cd30cda7: nextIndex: updateUnconditionally 8 -> 7
2019-09-11 07:40:25,657 [java.util.concurrent.ThreadPoolExecutor$Worker@441336f8[State = -1, empty queue]] WARN  server.GrpcLogAppender (GrpcLogAppender.java:timeoutAppendRequest(200)) - 72bb666e-e114-4432-9598-bd6d136490e0@group-91E122509A7B->4bd38775-382d-4c4f-9f91-7366b5492a1e-GrpcLogAppender: appendEntries Timeout, request=72bb666e-e114-4432-9598-bd6d136490e0->4bd38775-382d-4c4f-9f91-7366b5492a1e#110-t2, previous=(t:2, i:19), leaderCommit=15, initializing? false, entries: <empty>
2019-09-11 07:40:25,657 [java.util.concurrent.ThreadPoolExecutor$Worker@7765ab06[State = -1, empty queue]] WARN  server.GrpcLogAppender (GrpcLogAppender.java:timeoutAppendRequest(200)) - 72bb666e-e114-4432-9598-bd6d136490e0@group-91E122509A7B->48982da4-f995-48e9-b2c1-a2ad51cb7376-GrpcLogAppender: appendEntries Timeout, request=72bb666e-e114-4432-9598-bd6d136490e0->48982da4-f995-48e9-b2c1-a2ad51cb7376#110-t2, previous=(t:2, i:19), leaderCommit=15, initializing? false, entries: <empty>
2019-09-11 07:40:25,860 [java.util.concurrent.ThreadPoolExecutor$Worker@610f7baa[State = -1, empty queue]] WARN  server.GrpcLogAppender (GrpcLogAppender.java:timeoutAppendRequest(200)) - 36be1d2c-b8e7-4a5e-9c9f-c881d55a8c5a@group-0D0617E48045->7366865a-3ccb-4fea-a2e2-b7a0314f55f5-GrpcLogAppender: appendEntries Timeout, request=36be1d2c-b8e7-4a5e-9c9f-c881d55a8c5a->7366865a-3ccb-4fea-a2e2-b7a0314f55f5#111-t2, previous=(t:2, i:20), leaderCommit=16, initializing? false, entries: <empty>
2019-09-11 07:40:25,860 [java.util.concurrent.ThreadPoolExecutor$Worker@3f71a1c8[State = -1, empty queue]] WARN  server.GrpcLogAppender (GrpcLogAppender.java:timeoutAppendRequest(200)) - 36be1d2c-b8e7-4a5e-9c9f-c881d55a8c5a@group-0D0617E48045->a1a3d5df-f415-4291-8622-8b18f7b50573-GrpcLogAppender: appendEntries Timeout, request=36be1d2c-b8e7-4a5e-9c9f-c881d55a8c5a->a1a3d5df-f415-4291-8622-8b18f7b50573#111-t2, previous=(t:2, i:20), leaderCommit=16, initializing? false, entries: <empty>
2019-09-11 07:40:25,874 [java.util.concurrent.ThreadPoolExecutor$Worker@702f6010[State = -1, empty queue]] WARN  server.GrpcLogAppender (GrpcLogAppender.java:timeoutAppendRequest(200)) - 8929662e-8651-4c9f-b246-d3ed69c98010@group-402BD240969B->9196f2dc-d574-4585-b48c-56d55fbc13c2-GrpcLogAppender: appendEntries Timeout, request=8929662e-8651-4c9f-b246-d3ed69c98010->9196f2dc-d574-4585-b48c-56d55fbc13c2#111-t2, previous=(t:2, i:20), leaderCommit=16, initializing? false, entries: <empty>
2019-09-11 07:40:25,888 [grpc-default-executor-0] WARN  server.GrpcLogAppender (LogUtils.java:warn(134)) - 8929662e-8651-4c9f-b246-d3ed69c98010@group-402BD240969B->5b8ad787-4bf9-4bb4-bfeb-9c85cd30cda7-AppendLogResponseHandler: Failed appendEntries: org.apache.ratis.thirdparty.io.grpc.StatusRuntimeException: UNAVAILABLE: io exception
2019-09-11 07:40:25,892 [grpc-default-executor-0] INFO  impl.FollowerInfo (FollowerInfo.java:lambda$new$0(51)) - 8929662e-8651-4c9f-b246-d3ed69c98010@group-402BD240969B->5b8ad787-4bf9-4bb4-bfeb-9c85cd30cda7: nextIndex: updateUnconditionally 7 -> 6
2019-09-11 07:40:25,897 [grpc-default-executor-4] INFO  client.GrpcClientProtocolClient (GrpcClientProtocolClient.java:onNext(264)) - client-1FF863BCA865->7366865a-3ccb-4fea-a2e2-b7a0314f55f5: receive RaftClientReply:client-1FF863BCA865->7366865a-3ccb-4fea-a2e2-b7a0314f55f5@group-0D0617E48045, cid=57, FAILED org.apache.ratis.protocol.NotLeaderException: Server 7366865a-3ccb-4fea-a2e2-b7a0314f55f5@group-0D0617E48045 is not the leader 36be1d2c-b8e7-4a5e-9c9f-c881d55a8c5a:192.168.34.12:36299, logIndex=0, commits[7366865a-3ccb-4fea-a2e2-b7a0314f55f5:c16, a1a3d5df-f415-4291-8622-8b18f7b50573:c12, 36be1d2c-b8e7-4a5e-9c9f-c881d55a8c5a:c16]
2019-09-11 07:40:26,158 [java.util.concurrent.ThreadPoolExecutor$Worker@441336f8[State = -1, empty queue]] WARN  server.GrpcLogAppender (GrpcLogAppender.java:timeoutAppendRequest(200)) - 72bb666e-e114-4432-9598-bd6d136490e0@group-91E122509A7B->4bd38775-382d-4c4f-9f91-7366b5492a1e-GrpcLogAppender: appendEntries Timeout, request=72bb666e-e114-4432-9598-bd6d136490e0->4bd38775-382d-4c4f-9f91-7366b5492a1e#111-t2, previous=(t:2, i:19), leaderCommit=15, initializing? false, entries: <empty>
2019-09-11 07:40:26,158 [java.util.concurrent.ThreadPoolExecutor$Worker@7765ab06[State = -1, empty queue]] WARN  server.GrpcLogAppender (GrpcLogAppender.java:timeoutAppendRequest(200)) - 72bb666e-e114-4432-9598-bd6d136490e0@group-91E122509A7B->48982da4-f995-48e9-b2c1-a2ad51cb7376-GrpcLogAppender: appendEntries Timeout, request=72bb666e-e114-4432-9598-bd6d136490e0->48982da4-f995-48e9-b2c1-a2ad51cb7376#111-t2, previous=(t:2, i:19), leaderCommit=15, initializing? false, entries: <empty>
2019-09-11 07:40:26,360 [java.util.concurrent.ThreadPoolExecutor$Worker@610f7baa[State = -1, empty queue]] WARN  server.GrpcLogAppender (GrpcLogAppender.java:timeoutAppendRequest(200)) - 36be1d2c-b8e7-4a5e-9c9f-c881d55a8c5a@group-0D0617E48045->7366865a-3ccb-4fea-a2e2-b7a0314f55f5-GrpcLogAppender: appendEntries Timeout, request=36be1d2c-b8e7-4a5e-9c9f-c881d55a8c5a->7366865a-3ccb-4fea-a2e2-b7a0314f55f5#112-t2, previous=(t:2, i:20), leaderCommit=16, initializing? false, entries: <empty>
2019-09-11 07:40:26,360 [java.util.concurrent.ThreadPoolExecutor$Worker@3f71a1c8[State = -1, empty queue]] WARN  server.GrpcLogAppender (GrpcLogAppender.java:timeoutAppendRequest(200)) - 36be1d2c-b8e7-4a5e-9c9f-c881d55a8c5a@group-0D0617E48045->a1a3d5df-f415-4291-8622-8b18f7b50573-GrpcLogAppender: appendEntries Timeout, request=36be1d2c-b8e7-4a5e-9c9f-c881d55a8c5a->a1a3d5df-f415-4291-8622-8b18f7b50573#112-t2, previous=(t:2, i:20), leaderCommit=16, initializing? false, entries: <empty>
2019-09-11 07:40:26,374 [java.util.concurrent.ThreadPoolExecutor$Worker@702f6010[State = -1, empty queue]] WARN  server.GrpcLogAppender (GrpcLogAppender.java:timeoutAppendRequest(200)) - 8929662e-8651-4c9f-b246-d3ed69c98010@group-402BD240969B->9196f2dc-d574-4585-b48c-56d55fbc13c2-GrpcLogAppender: appendEntries Timeout, request=8929662e-8651-4c9f-b246-d3ed69c98010->9196f2dc-d574-4585-b48c-56d55fbc13c2#112-t2, previous=(t:2, i:20), leaderCommit=16, initializing? false, entries: <empty>
2019-09-11 07:40:26,389 [grpc-default-executor-3] WARN  server.GrpcLogAppender (LogUtils.java:warn(134)) - 8929662e-8651-4c9f-b246-d3ed69c98010@group-402BD240969B->5b8ad787-4bf9-4bb4-bfeb-9c85cd30cda7-AppendLogResponseHandler: Failed appendEntries: org.apache.ratis.thirdparty.io.grpc.StatusRuntimeException: UNAVAILABLE: io exception
2019-09-11 07:40:26,392 [grpc-default-executor-3] INFO  impl.FollowerInfo (FollowerInfo.java:lambda$new$0(51)) - 8929662e-8651-4c9f-b246-d3ed69c98010@group-402BD240969B->5b8ad787-4bf9-4bb4-bfeb-9c85cd30cda7: nextIndex: updateUnconditionally 6 -> 5
2019-09-11 07:40:26,658 [java.util.concurrent.ThreadPoolExecutor$Worker@441336f8[State = -1, empty queue]] WARN  server.GrpcLogAppender (GrpcLogAppender.java:timeoutAppendRequest(200)) - 72bb666e-e114-4432-9598-bd6d136490e0@group-91E122509A7B->4bd38775-382d-4c4f-9f91-7366b5492a1e-GrpcLogAppender: appendEntries Timeout, request=72bb666e-e114-4432-9598-bd6d136490e0->4bd38775-382d-4c4f-9f91-7366b5492a1e#112-t2, previous=(t:2, i:19), leaderCommit=15, initializing? false, entries: <empty>
2019-09-11 07:40:26,658 [java.util.concurrent.ThreadPoolExecutor$Worker@7765ab06[State = -1, empty queue]] WARN  server.GrpcLogAppender (GrpcLogAppender.java:timeoutAppendRequest(200)) - 72bb666e-e114-4432-9598-bd6d136490e0@group-91E122509A7B->48982da4-f995-48e9-b2c1-a2ad51cb7376-GrpcLogAppender: appendEntries Timeout, request=72bb666e-e114-4432-9598-bd6d136490e0->48982da4-f995-48e9-b2c1-a2ad51cb7376#112-t2, previous=(t:2, i:19), leaderCommit=15, initializing? false, entries: <empty>
2019-09-11 07:40:26,867 [java.util.concurrent.ThreadPoolExecutor$Worker@3f71a1c8[State = -1, empty queue]] WARN  server.GrpcLogAppender (GrpcLogAppender.java:timeoutAppendRequest(200)) - 36be1d2c-b8e7-4a5e-9c9f-c881d55a8c5a@group-0D0617E48045->a1a3d5df-f415-4291-8622-8b18f7b50573-GrpcLogAppender: appendEntries Timeout, request=36be1d2c-b8e7-4a5e-9c9f-c881d55a8c5a->a1a3d5df-f415-4291-8622-8b18f7b50573#113-t2, previous=(t:2, i:20), leaderCommit=16, initializing? false, entries: <empty>
2019-09-11 07:40:26,867 [java.util.concurrent.ThreadPoolExecutor$Worker@610f7baa[State = -1, empty queue]] WARN  server.GrpcLogAppender (GrpcLogAppender.java:timeoutAppendRequest(200)) - 36be1d2c-b8e7-4a5e-9c9f-c881d55a8c5a@group-0D0617E48045->7366865a-3ccb-4fea-a2e2-b7a0314f55f5-GrpcLogAppender: appendEntries Timeout, request=36be1d2c-b8e7-4a5e-9c9f-c881d55a8c5a->7366865a-3ccb-4fea-a2e2-b7a0314f55f5#113-t2, previous=(t:2, i:20), leaderCommit=16, initializing? false, entries: <empty>
2019-09-11 07:40:26,876 [java.util.concurrent.ThreadPoolExecutor$Worker@702f6010[State = -1, empty queue]] WARN  server.GrpcLogAppender (GrpcLogAppender.java:timeoutAppendRequest(200)) - 8929662e-8651-4c9f-b246-d3ed69c98010@group-402BD240969B->9196f2dc-d574-4585-b48c-56d55fbc13c2-GrpcLogAppender: appendEntries Timeout, request=8929662e-8651-4c9f-b246-d3ed69c98010->9196f2dc-d574-4585-b48c-56d55fbc13c2#113-t2, previous=(t:2, i:20), leaderCommit=16, initializing? false, entries: <empty>
2019-09-11 07:40:26,890 [grpc-default-executor-4] WARN  server.GrpcLogAppender (LogUtils.java:warn(134)) - 8929662e-8651-4c9f-b246-d3ed69c98010@group-402BD240969B->5b8ad787-4bf9-4bb4-bfeb-9c85cd30cda7-AppendLogResponseHandler: Failed appendEntries: org.apache.ratis.thirdparty.io.grpc.StatusRuntimeException: UNAVAILABLE: io exception
2019-09-11 07:40:26,893 [grpc-default-executor-4] INFO  impl.FollowerInfo (FollowerInfo.java:lambda$new$0(51)) - 8929662e-8651-4c9f-b246-d3ed69c98010@group-402BD240969B->5b8ad787-4bf9-4bb4-bfeb-9c85cd30cda7: nextIndex: updateUnconditionally 5 -> 4
2019-09-11 07:40:27,124 [4bd38775-382d-4c4f-9f91-7366b5492a1e@group-91E122509A7B-SegmentedRaftLogWorker] WARN  segmented.SegmentedRaftLogWorker (SegmentedRaftLogWorker.java:getFromFuture(90)) - Timeout 2/~
org.apache.ratis.protocol.TimeoutIOException: Timeout 10s: WriteLog:16: (t:2, i:16), STATEMACHINELOGENTRY, client-15EBA3052754, cid=43-writeStateMachineData
	at org.apache.ratis.util.IOUtils.getFromFuture(IOUtils.java:87)
	at org.apache.ratis.server.raftlog.segmented.SegmentedRaftLogWorker$StateMachineDataPolicy.getFromFuture(SegmentedRaftLogWorker.java:87)
	at org.apache.ratis.server.raftlog.segmented.SegmentedRaftLogWorker$WriteLog.execute(SegmentedRaftLogWorker.java:477)
	at org.apache.ratis.server.raftlog.segmented.SegmentedRaftLogWorker.run(SegmentedRaftLogWorker.java:289)
	at java.lang.Thread.run(Thread.java:748)
Caused by: java.util.concurrent.TimeoutException
	at java.util.concurrent.CompletableFuture.timedGet(CompletableFuture.java:1771)
	at java.util.concurrent.CompletableFuture.get(CompletableFuture.java:1915)
	at org.apache.ratis.util.IOUtils.getFromFuture(IOUtils.java:79)
	... 4 more
2019-09-11 07:40:27,127 [48982da4-f995-48e9-b2c1-a2ad51cb7376@group-91E122509A7B-SegmentedRaftLogWorker] WARN  segmented.SegmentedRaftLogWorker (SegmentedRaftLogWorker.java:getFromFuture(90)) - Timeout 2/~
org.apache.ratis.protocol.TimeoutIOException: Timeout 10s: WriteLog:16: (t:2, i:16), STATEMACHINELOGENTRY, client-15EBA3052754, cid=43-writeStateMachineData
	at org.apache.ratis.util.IOUtils.getFromFuture(IOUtils.java:87)
	at org.apache.ratis.server.raftlog.segmented.SegmentedRaftLogWorker$StateMachineDataPolicy.getFromFuture(SegmentedRaftLogWorker.java:87)
	at org.apache.ratis.server.raftlog.segmented.SegmentedRaftLogWorker$WriteLog.execute(SegmentedRaftLogWorker.java:477)
	at org.apache.ratis.server.raftlog.segmented.SegmentedRaftLogWorker.run(SegmentedRaftLogWorker.java:289)
	at java.lang.Thread.run(Thread.java:748)
Caused by: java.util.concurrent.TimeoutException
	at java.util.concurrent.CompletableFuture.timedGet(CompletableFuture.java:1771)
	at java.util.concurrent.CompletableFuture.get(CompletableFuture.java:1915)
	at org.apache.ratis.util.IOUtils.getFromFuture(IOUtils.java:79)
	... 4 more
2019-09-11 07:40:27,151 [72bb666e-e114-4432-9598-bd6d136490e0@group-91E122509A7B-SegmentedRaftLogWorker] WARN  segmented.SegmentedRaftLogWorker (SegmentedRaftLogWorker.java:getFromFuture(90)) - Timeout 2/~
org.apache.ratis.protocol.TimeoutIOException: Timeout 10s: WriteLog:18: (t:2, i:18), STATEMACHINELOGENTRY, client-15EBA3052754, cid=45-writeStateMachineData
	at org.apache.ratis.util.IOUtils.getFromFuture(IOUtils.java:87)
	at org.apache.ratis.server.raftlog.segmented.SegmentedRaftLogWorker$StateMachineDataPolicy.getFromFuture(SegmentedRaftLogWorker.java:87)
	at org.apache.ratis.server.raftlog.segmented.SegmentedRaftLogWorker$WriteLog.execute(SegmentedRaftLogWorker.java:477)
	at org.apache.ratis.server.raftlog.segmented.SegmentedRaftLogWorker.run(SegmentedRaftLogWorker.java:289)
	at java.lang.Thread.run(Thread.java:748)
Caused by: java.util.concurrent.TimeoutException
	at java.util.concurrent.CompletableFuture.timedGet(CompletableFuture.java:1771)
	at java.util.concurrent.CompletableFuture.get(CompletableFuture.java:1915)
	at org.apache.ratis.util.IOUtils.getFromFuture(IOUtils.java:79)
	... 4 more
2019-09-11 07:40:27,158 [java.util.concurrent.ThreadPoolExecutor$Worker@441336f8[State = -1, empty queue]] WARN  server.GrpcLogAppender (GrpcLogAppender.java:timeoutAppendRequest(200)) - 72bb666e-e114-4432-9598-bd6d136490e0@group-91E122509A7B->4bd38775-382d-4c4f-9f91-7366b5492a1e-GrpcLogAppender: appendEntries Timeout, request=72bb666e-e114-4432-9598-bd6d136490e0->4bd38775-382d-4c4f-9f91-7366b5492a1e#113-t2, previous=(t:2, i:19), leaderCommit=15, initializing? false, entries: <empty>
2019-09-11 07:40:27,158 [java.util.concurrent.ThreadPoolExecutor$Worker@7765ab06[State = -1, empty queue]] WARN  server.GrpcLogAppender (GrpcLogAppender.java:timeoutAppendRequest(200)) - 72bb666e-e114-4432-9598-bd6d136490e0@group-91E122509A7B->48982da4-f995-48e9-b2c1-a2ad51cb7376-GrpcLogAppender: appendEntries Timeout, request=72bb666e-e114-4432-9598-bd6d136490e0->48982da4-f995-48e9-b2c1-a2ad51cb7376#113-t2, previous=(t:2, i:19), leaderCommit=15, initializing? false, entries: <empty>
2019-09-11 07:40:27,368 [java.util.concurrent.ThreadPoolExecutor$Worker@610f7baa[State = -1, empty queue]] WARN  server.GrpcLogAppender (GrpcLogAppender.java:timeoutAppendRequest(200)) - 36be1d2c-b8e7-4a5e-9c9f-c881d55a8c5a@group-0D0617E48045->7366865a-3ccb-4fea-a2e2-b7a0314f55f5-GrpcLogAppender: appendEntries Timeout, request=36be1d2c-b8e7-4a5e-9c9f-c881d55a8c5a->7366865a-3ccb-4fea-a2e2-b7a0314f55f5#114-t2, previous=(t:2, i:20), leaderCommit=16, initializing? false, entries: <empty>
2019-09-11 07:40:27,368 [java.util.concurrent.ThreadPoolExecutor$Worker@3f71a1c8[State = -1, empty queue]] WARN  server.GrpcLogAppender (GrpcLogAppender.java:timeoutAppendRequest(200)) - 36be1d2c-b8e7-4a5e-9c9f-c881d55a8c5a@group-0D0617E48045->a1a3d5df-f415-4291-8622-8b18f7b50573-GrpcLogAppender: appendEntries Timeout, request=36be1d2c-b8e7-4a5e-9c9f-c881d55a8c5a->a1a3d5df-f415-4291-8622-8b18f7b50573#114-t2, previous=(t:2, i:20), leaderCommit=16, initializing? false, entries: <empty>
2019-09-11 07:40:27,376 [java.util.concurrent.ThreadPoolExecutor$Worker@702f6010[State = -1, empty queue]] WARN  server.GrpcLogAppender (GrpcLogAppender.java:timeoutAppendRequest(200)) - 8929662e-8651-4c9f-b246-d3ed69c98010@group-402BD240969B->9196f2dc-d574-4585-b48c-56d55fbc13c2-GrpcLogAppender: appendEntries Timeout, request=8929662e-8651-4c9f-b246-d3ed69c98010->9196f2dc-d574-4585-b48c-56d55fbc13c2#114-t2, previous=(t:2, i:20), leaderCommit=16, initializing? false, entries: <empty>
2019-09-11 07:40:27,391 [grpc-default-executor-0] WARN  server.GrpcLogAppender (LogUtils.java:warn(134)) - 8929662e-8651-4c9f-b246-d3ed69c98010@group-402BD240969B->5b8ad787-4bf9-4bb4-bfeb-9c85cd30cda7-AppendLogResponseHandler: Failed appendEntries: org.apache.ratis.thirdparty.io.grpc.StatusRuntimeException: UNAVAILABLE: io exception
2019-09-11 07:40:27,395 [grpc-default-executor-0] INFO  impl.FollowerInfo (FollowerInfo.java:lambda$new$0(51)) - 8929662e-8651-4c9f-b246-d3ed69c98010@group-402BD240969B->5b8ad787-4bf9-4bb4-bfeb-9c85cd30cda7: nextIndex: updateUnconditionally 4 -> 3
2019-09-11 07:40:27,659 [java.util.concurrent.ThreadPoolExecutor$Worker@7765ab06[State = -1, empty queue]] WARN  server.GrpcLogAppender (GrpcLogAppender.java:timeoutAppendRequest(200)) - 72bb666e-e114-4432-9598-bd6d136490e0@group-91E122509A7B->48982da4-f995-48e9-b2c1-a2ad51cb7376-GrpcLogAppender: appendEntries Timeout, request=72bb666e-e114-4432-9598-bd6d136490e0->48982da4-f995-48e9-b2c1-a2ad51cb7376#114-t2, previous=(t:2, i:19), leaderCommit=15, initializing? false, entries: <empty>
2019-09-11 07:40:27,659 [java.util.concurrent.ThreadPoolExecutor$Worker@441336f8[State = -1, empty queue]] WARN  server.GrpcLogAppender (GrpcLogAppender.java:timeoutAppendRequest(200)) - 72bb666e-e114-4432-9598-bd6d136490e0@group-91E122509A7B->4bd38775-382d-4c4f-9f91-7366b5492a1e-GrpcLogAppender: appendEntries Timeout, request=72bb666e-e114-4432-9598-bd6d136490e0->4bd38775-382d-4c4f-9f91-7366b5492a1e#114-t2, previous=(t:2, i:19), leaderCommit=15, initializing? false, entries: <empty>
2019-09-11 07:40:27,868 [java.util.concurrent.ThreadPoolExecutor$Worker@3f71a1c8[State = -1, empty queue]] WARN  server.GrpcLogAppender (GrpcLogAppender.java:timeoutAppendRequest(200)) - 36be1d2c-b8e7-4a5e-9c9f-c881d55a8c5a@group-0D0617E48045->a1a3d5df-f415-4291-8622-8b18f7b50573-GrpcLogAppender: appendEntries Timeout, request=36be1d2c-b8e7-4a5e-9c9f-c881d55a8c5a->a1a3d5df-f415-4291-8622-8b18f7b50573#115-t2, previous=(t:2, i:20), leaderCommit=16, initializing? false, entries: <empty>
2019-09-11 07:40:27,868 [java.util.concurrent.ThreadPoolExecutor$Worker@610f7baa[State = -1, empty queue]] WARN  server.GrpcLogAppender (GrpcLogAppender.java:timeoutAppendRequest(200)) - 36be1d2c-b8e7-4a5e-9c9f-c881d55a8c5a@group-0D0617E48045->7366865a-3ccb-4fea-a2e2-b7a0314f55f5-GrpcLogAppender: appendEntries Timeout, request=36be1d2c-b8e7-4a5e-9c9f-c881d55a8c5a->7366865a-3ccb-4fea-a2e2-b7a0314f55f5#115-t2, previous=(t:2, i:20), leaderCommit=16, initializing? false, entries: <empty>
2019-09-11 07:40:27,879 [java.util.concurrent.ThreadPoolExecutor$Worker@702f6010[State = -1, empty queue]] WARN  server.GrpcLogAppender (GrpcLogAppender.java:timeoutAppendRequest(200)) - 8929662e-8651-4c9f-b246-d3ed69c98010@group-402BD240969B->9196f2dc-d574-4585-b48c-56d55fbc13c2-GrpcLogAppender: appendEntries Timeout, request=8929662e-8651-4c9f-b246-d3ed69c98010->9196f2dc-d574-4585-b48c-56d55fbc13c2#115-t2, previous=(t:2, i:20), leaderCommit=16, initializing? false, entries: <empty>
2019-09-11 07:40:27,890 [9196f2dc-d574-4585-b48c-56d55fbc13c2@group-402BD240969B-SegmentedRaftLogWorker] WARN  segmented.SegmentedRaftLogWorker (SegmentedRaftLogWorker.java:getFromFuture(90)) - Timeout 4/~
org.apache.ratis.protocol.TimeoutIOException: Timeout 10s: WriteLog:19: (t:2, i:19), STATEMACHINELOGENTRY, client-CA35EAD14A50, cid=31-writeStateMachineData
	at org.apache.ratis.util.IOUtils.getFromFuture(IOUtils.java:87)
	at org.apache.ratis.server.raftlog.segmented.SegmentedRaftLogWorker$StateMachineDataPolicy.getFromFuture(SegmentedRaftLogWorker.java:87)
	at org.apache.ratis.server.raftlog.segmented.SegmentedRaftLogWorker$WriteLog.execute(SegmentedRaftLogWorker.java:477)
	at org.apache.ratis.server.raftlog.segmented.SegmentedRaftLogWorker.run(SegmentedRaftLogWorker.java:289)
	at java.lang.Thread.run(Thread.java:748)
Caused by: java.util.concurrent.TimeoutException
	at java.util.concurrent.CompletableFuture.timedGet(CompletableFuture.java:1771)
	at java.util.concurrent.CompletableFuture.get(CompletableFuture.java:1915)
	at org.apache.ratis.util.IOUtils.getFromFuture(IOUtils.java:79)
	... 4 more
2019-09-11 07:40:27,890 [8929662e-8651-4c9f-b246-d3ed69c98010@group-402BD240969B-SegmentedRaftLogWorker] WARN  segmented.SegmentedRaftLogWorker (SegmentedRaftLogWorker.java:getFromFuture(90)) - Timeout 4/~
org.apache.ratis.protocol.TimeoutIOException: Timeout 10s: WriteLog:19: (t:2, i:19), STATEMACHINELOGENTRY, client-CA35EAD14A50, cid=31-writeStateMachineData
	at org.apache.ratis.util.IOUtils.getFromFuture(IOUtils.java:87)
	at org.apache.ratis.server.raftlog.segmented.SegmentedRaftLogWorker$StateMachineDataPolicy.getFromFuture(SegmentedRaftLogWorker.java:87)
	at org.apache.ratis.server.raftlog.segmented.SegmentedRaftLogWorker$WriteLog.execute(SegmentedRaftLogWorker.java:477)
	at org.apache.ratis.server.raftlog.segmented.SegmentedRaftLogWorker.run(SegmentedRaftLogWorker.java:289)
	at java.lang.Thread.run(Thread.java:748)
Caused by: java.util.concurrent.TimeoutException
	at java.util.concurrent.CompletableFuture.timedGet(CompletableFuture.java:1771)
	at java.util.concurrent.CompletableFuture.get(CompletableFuture.java:1915)
	at org.apache.ratis.util.IOUtils.getFromFuture(IOUtils.java:79)
	... 4 more
2019-09-11 07:40:27,892 [grpc-default-executor-3] WARN  server.GrpcLogAppender (LogUtils.java:warn(134)) - 8929662e-8651-4c9f-b246-d3ed69c98010@group-402BD240969B->5b8ad787-4bf9-4bb4-bfeb-9c85cd30cda7-AppendLogResponseHandler: Failed appendEntries: org.apache.ratis.thirdparty.io.grpc.StatusRuntimeException: UNAVAILABLE: io exception
2019-09-11 07:40:27,895 [grpc-default-executor-3] INFO  impl.FollowerInfo (FollowerInfo.java:lambda$new$0(51)) - 8929662e-8651-4c9f-b246-d3ed69c98010@group-402BD240969B->5b8ad787-4bf9-4bb4-bfeb-9c85cd30cda7: nextIndex: updateUnconditionally 3 -> 2
2019-09-11 07:40:28,160 [java.util.concurrent.ThreadPoolExecutor$Worker@7765ab06[State = -1, empty queue]] WARN  server.GrpcLogAppender (GrpcLogAppender.java:timeoutAppendRequest(200)) - 72bb666e-e114-4432-9598-bd6d136490e0@group-91E122509A7B->48982da4-f995-48e9-b2c1-a2ad51cb7376-GrpcLogAppender: appendEntries Timeout, request=72bb666e-e114-4432-9598-bd6d136490e0->48982da4-f995-48e9-b2c1-a2ad51cb7376#115-t2, previous=(t:2, i:19), leaderCommit=15, initializing? false, entries: <empty>
2019-09-11 07:40:28,160 [java.util.concurrent.ThreadPoolExecutor$Worker@441336f8[State = -1, empty queue]] WARN  server.GrpcLogAppender (GrpcLogAppender.java:timeoutAppendRequest(200)) - 72bb666e-e114-4432-9598-bd6d136490e0@group-91E122509A7B->4bd38775-382d-4c4f-9f91-7366b5492a1e-GrpcLogAppender: appendEntries Timeout, request=72bb666e-e114-4432-9598-bd6d136490e0->4bd38775-382d-4c4f-9f91-7366b5492a1e#115-t2, previous=(t:2, i:19), leaderCommit=15, initializing? false, entries: <empty>
2019-09-11 07:40:28,369 [java.util.concurrent.ThreadPoolExecutor$Worker@3f71a1c8[State = -1, empty queue]] WARN  server.GrpcLogAppender (GrpcLogAppender.java:timeoutAppendRequest(200)) - 36be1d2c-b8e7-4a5e-9c9f-c881d55a8c5a@group-0D0617E48045->a1a3d5df-f415-4291-8622-8b18f7b50573-GrpcLogAppender: appendEntries Timeout, request=36be1d2c-b8e7-4a5e-9c9f-c881d55a8c5a->a1a3d5df-f415-4291-8622-8b18f7b50573#116-t2, previous=(t:2, i:20), leaderCommit=16, initializing? false, entries: <empty>
2019-09-11 07:40:28,369 [java.util.concurrent.ThreadPoolExecutor$Worker@610f7baa[State = -1, empty queue]] WARN  server.GrpcLogAppender (GrpcLogAppender.java:timeoutAppendRequest(200)) - 36be1d2c-b8e7-4a5e-9c9f-c881d55a8c5a@group-0D0617E48045->7366865a-3ccb-4fea-a2e2-b7a0314f55f5-GrpcLogAppender: appendEntries Timeout, request=36be1d2c-b8e7-4a5e-9c9f-c881d55a8c5a->7366865a-3ccb-4fea-a2e2-b7a0314f55f5#116-t2, previous=(t:2, i:20), leaderCommit=16, initializing? false, entries: <empty>
2019-09-11 07:40:28,379 [java.util.concurrent.ThreadPoolExecutor$Worker@702f6010[State = -1, empty queue]] WARN  server.GrpcLogAppender (GrpcLogAppender.java:timeoutAppendRequest(200)) - 8929662e-8651-4c9f-b246-d3ed69c98010@group-402BD240969B->9196f2dc-d574-4585-b48c-56d55fbc13c2-GrpcLogAppender: appendEntries Timeout, request=8929662e-8651-4c9f-b246-d3ed69c98010->9196f2dc-d574-4585-b48c-56d55fbc13c2#116-t2, previous=(t:2, i:20), leaderCommit=16, initializing? false, entries: <empty>
2019-09-11 07:40:28,393 [grpc-default-executor-4] WARN  server.GrpcLogAppender (LogUtils.java:warn(134)) - 8929662e-8651-4c9f-b246-d3ed69c98010@group-402BD240969B->5b8ad787-4bf9-4bb4-bfeb-9c85cd30cda7-AppendLogResponseHandler: Failed appendEntries: org.apache.ratis.thirdparty.io.grpc.StatusRuntimeException: UNAVAILABLE: io exception
2019-09-11 07:40:28,397 [grpc-default-executor-4] INFO  impl.FollowerInfo (FollowerInfo.java:lambda$new$0(51)) - 8929662e-8651-4c9f-b246-d3ed69c98010@group-402BD240969B->5b8ad787-4bf9-4bb4-bfeb-9c85cd30cda7: nextIndex: updateUnconditionally 2 -> 1
2019-09-11 07:40:28,660 [java.util.concurrent.ThreadPoolExecutor$Worker@7765ab06[State = -1, empty queue]] WARN  server.GrpcLogAppender (GrpcLogAppender.java:timeoutAppendRequest(200)) - 72bb666e-e114-4432-9598-bd6d136490e0@group-91E122509A7B->48982da4-f995-48e9-b2c1-a2ad51cb7376-GrpcLogAppender: appendEntries Timeout, request=72bb666e-e114-4432-9598-bd6d136490e0->48982da4-f995-48e9-b2c1-a2ad51cb7376#116-t2, previous=(t:2, i:19), leaderCommit=15, initializing? false, entries: <empty>
2019-09-11 07:40:28,660 [java.util.concurrent.ThreadPoolExecutor$Worker@441336f8[State = -1, empty queue]] WARN  server.GrpcLogAppender (GrpcLogAppender.java:timeoutAppendRequest(200)) - 72bb666e-e114-4432-9598-bd6d136490e0@group-91E122509A7B->4bd38775-382d-4c4f-9f91-7366b5492a1e-GrpcLogAppender: appendEntries Timeout, request=72bb666e-e114-4432-9598-bd6d136490e0->4bd38775-382d-4c4f-9f91-7366b5492a1e#116-t2, previous=(t:2, i:19), leaderCommit=15, initializing? false, entries: <empty>
2019-09-11 07:40:28,869 [java.util.concurrent.ThreadPoolExecutor$Worker@3f71a1c8[State = -1, empty queue]] WARN  server.GrpcLogAppender (GrpcLogAppender.java:timeoutAppendRequest(200)) - 36be1d2c-b8e7-4a5e-9c9f-c881d55a8c5a@group-0D0617E48045->a1a3d5df-f415-4291-8622-8b18f7b50573-GrpcLogAppender: appendEntries Timeout, request=36be1d2c-b8e7-4a5e-9c9f-c881d55a8c5a->a1a3d5df-f415-4291-8622-8b18f7b50573#117-t2, previous=(t:2, i:20), leaderCommit=16, initializing? false, entries: <empty>
2019-09-11 07:40:28,869 [java.util.concurrent.ThreadPoolExecutor$Worker@610f7baa[State = -1, empty queue]] WARN  server.GrpcLogAppender (GrpcLogAppender.java:timeoutAppendRequest(200)) - 36be1d2c-b8e7-4a5e-9c9f-c881d55a8c5a@group-0D0617E48045->7366865a-3ccb-4fea-a2e2-b7a0314f55f5-GrpcLogAppender: appendEntries Timeout, request=36be1d2c-b8e7-4a5e-9c9f-c881d55a8c5a->7366865a-3ccb-4fea-a2e2-b7a0314f55f5#117-t2, previous=(t:2, i:20), leaderCommit=16, initializing? false, entries: <empty>
2019-09-11 07:40:28,880 [java.util.concurrent.ThreadPoolExecutor$Worker@702f6010[State = -1, empty queue]] WARN  server.GrpcLogAppender (GrpcLogAppender.java:timeoutAppendRequest(200)) - 8929662e-8651-4c9f-b246-d3ed69c98010@group-402BD240969B->9196f2dc-d574-4585-b48c-56d55fbc13c2-GrpcLogAppender: appendEntries Timeout, request=8929662e-8651-4c9f-b246-d3ed69c98010->9196f2dc-d574-4585-b48c-56d55fbc13c2#117-t2, previous=(t:2, i:20), leaderCommit=16, initializing? false, entries: <empty>
2019-09-11 07:40:28,894 [grpc-default-executor-4] WARN  server.GrpcLogAppender (LogUtils.java:warn(134)) - 8929662e-8651-4c9f-b246-d3ed69c98010@group-402BD240969B->5b8ad787-4bf9-4bb4-bfeb-9c85cd30cda7-AppendLogResponseHandler: Failed appendEntries: org.apache.ratis.thirdparty.io.grpc.StatusRuntimeException: UNAVAILABLE: io exception
2019-09-11 07:40:28,897 [grpc-default-executor-4] INFO  impl.FollowerInfo (FollowerInfo.java:lambda$new$0(51)) - 8929662e-8651-4c9f-b246-d3ed69c98010@group-402BD240969B->5b8ad787-4bf9-4bb4-bfeb-9c85cd30cda7: nextIndex: updateUnconditionally 1 -> 0
2019-09-11 07:40:29,161 [java.util.concurrent.ThreadPoolExecutor$Worker@441336f8[State = -1, empty queue]] WARN  server.GrpcLogAppender (GrpcLogAppender.java:timeoutAppendRequest(200)) - 72bb666e-e114-4432-9598-bd6d136490e0@group-91E122509A7B->4bd38775-382d-4c4f-9f91-7366b5492a1e-GrpcLogAppender: appendEntries Timeout, request=72bb666e-e114-4432-9598-bd6d136490e0->4bd38775-382d-4c4f-9f91-7366b5492a1e#117-t2, previous=(t:2, i:19), leaderCommit=15, initializing? false, entries: <empty>
2019-09-11 07:40:29,161 [java.util.concurrent.ThreadPoolExecutor$Worker@7765ab06[State = -1, empty queue]] WARN  server.GrpcLogAppender (GrpcLogAppender.java:timeoutAppendRequest(200)) - 72bb666e-e114-4432-9598-bd6d136490e0@group-91E122509A7B->48982da4-f995-48e9-b2c1-a2ad51cb7376-GrpcLogAppender: appendEntries Timeout, request=72bb666e-e114-4432-9598-bd6d136490e0->48982da4-f995-48e9-b2c1-a2ad51cb7376#117-t2, previous=(t:2, i:19), leaderCommit=15, initializing? false, entries: <empty>
2019-09-11 07:40:29,369 [java.util.concurrent.ThreadPoolExecutor$Worker@610f7baa[State = -1, empty queue]] WARN  server.GrpcLogAppender (GrpcLogAppender.java:timeoutAppendRequest(200)) - 36be1d2c-b8e7-4a5e-9c9f-c881d55a8c5a@group-0D0617E48045->7366865a-3ccb-4fea-a2e2-b7a0314f55f5-GrpcLogAppender: appendEntries Timeout, request=36be1d2c-b8e7-4a5e-9c9f-c881d55a8c5a->7366865a-3ccb-4fea-a2e2-b7a0314f55f5#118-t2, previous=(t:2, i:20), leaderCommit=16, initializing? false, entries: <empty>
2019-09-11 07:40:29,369 [java.util.concurrent.ThreadPoolExecutor$Worker@3f71a1c8[State = -1, empty queue]] WARN  server.GrpcLogAppender (GrpcLogAppender.java:timeoutAppendRequest(200)) - 36be1d2c-b8e7-4a5e-9c9f-c881d55a8c5a@group-0D0617E48045->a1a3d5df-f415-4291-8622-8b18f7b50573-GrpcLogAppender: appendEntries Timeout, request=36be1d2c-b8e7-4a5e-9c9f-c881d55a8c5a->a1a3d5df-f415-4291-8622-8b18f7b50573#118-t2, previous=(t:2, i:20), leaderCommit=16, initializing? false, entries: <empty>
2019-09-11 07:40:29,380 [java.util.concurrent.ThreadPoolExecutor$Worker@702f6010[State = -1, empty queue]] WARN  server.GrpcLogAppender (GrpcLogAppender.java:timeoutAppendRequest(200)) - 8929662e-8651-4c9f-b246-d3ed69c98010@group-402BD240969B->9196f2dc-d574-4585-b48c-56d55fbc13c2-GrpcLogAppender: appendEntries Timeout, request=8929662e-8651-4c9f-b246-d3ed69c98010->9196f2dc-d574-4585-b48c-56d55fbc13c2#118-t2, previous=(t:2, i:20), leaderCommit=16, initializing? false, entries: <empty>
2019-09-11 07:40:29,395 [grpc-default-executor-0] WARN  server.GrpcLogAppender (LogUtils.java:warn(134)) - 8929662e-8651-4c9f-b246-d3ed69c98010@group-402BD240969B->5b8ad787-4bf9-4bb4-bfeb-9c85cd30cda7-AppendLogResponseHandler: Failed appendEntries: org.apache.ratis.thirdparty.io.grpc.StatusRuntimeException: UNAVAILABLE: io exception
2019-09-11 07:40:29,399 [grpc-default-executor-0] INFO  impl.FollowerInfo (FollowerInfo.java:lambda$new$0(51)) - 8929662e-8651-4c9f-b246-d3ed69c98010@group-402BD240969B->5b8ad787-4bf9-4bb4-bfeb-9c85cd30cda7: nextIndex: updateUnconditionally 0 -> 0
2019-09-11 07:40:29,661 [java.util.concurrent.ThreadPoolExecutor$Worker@7765ab06[State = -1, empty queue]] WARN  server.GrpcLogAppender (GrpcLogAppender.java:timeoutAppendRequest(200)) - 72bb666e-e114-4432-9598-bd6d136490e0@group-91E122509A7B->48982da4-f995-48e9-b2c1-a2ad51cb7376-GrpcLogAppender: appendEntries Timeout, request=72bb666e-e114-4432-9598-bd6d136490e0->48982da4-f995-48e9-b2c1-a2ad51cb7376#118-t2, previous=(t:2, i:19), leaderCommit=15, initializing? false, entries: <empty>
2019-09-11 07:40:29,661 [java.util.concurrent.ThreadPoolExecutor$Worker@441336f8[State = -1, empty queue]] WARN  server.GrpcLogAppender (GrpcLogAppender.java:timeoutAppendRequest(200)) - 72bb666e-e114-4432-9598-bd6d136490e0@group-91E122509A7B->4bd38775-382d-4c4f-9f91-7366b5492a1e-GrpcLogAppender: appendEntries Timeout, request=72bb666e-e114-4432-9598-bd6d136490e0->4bd38775-382d-4c4f-9f91-7366b5492a1e#118-t2, previous=(t:2, i:19), leaderCommit=15, initializing? false, entries: <empty>
2019-09-11 07:40:29,869 [java.util.concurrent.ThreadPoolExecutor$Worker@3f71a1c8[State = -1, empty queue]] WARN  server.GrpcLogAppender (GrpcLogAppender.java:timeoutAppendRequest(200)) - 36be1d2c-b8e7-4a5e-9c9f-c881d55a8c5a@group-0D0617E48045->a1a3d5df-f415-4291-8622-8b18f7b50573-GrpcLogAppender: appendEntries Timeout, request=36be1d2c-b8e7-4a5e-9c9f-c881d55a8c5a->a1a3d5df-f415-4291-8622-8b18f7b50573#119-t2, previous=(t:2, i:20), leaderCommit=16, initializing? false, entries: <empty>
2019-09-11 07:40:29,869 [java.util.concurrent.ThreadPoolExecutor$Worker@610f7baa[State = -1, empty queue]] WARN  server.GrpcLogAppender (GrpcLogAppender.java:timeoutAppendRequest(200)) - 36be1d2c-b8e7-4a5e-9c9f-c881d55a8c5a@group-0D0617E48045->7366865a-3ccb-4fea-a2e2-b7a0314f55f5-GrpcLogAppender: appendEntries Timeout, request=36be1d2c-b8e7-4a5e-9c9f-c881d55a8c5a->7366865a-3ccb-4fea-a2e2-b7a0314f55f5#119-t2, previous=(t:2, i:20), leaderCommit=16, initializing? false, entries: <empty>
2019-09-11 07:40:29,880 [java.util.concurrent.ThreadPoolExecutor$Worker@702f6010[State = -1, empty queue]] WARN  server.GrpcLogAppender (GrpcLogAppender.java:timeoutAppendRequest(200)) - 8929662e-8651-4c9f-b246-d3ed69c98010@group-402BD240969B->9196f2dc-d574-4585-b48c-56d55fbc13c2-GrpcLogAppender: appendEntries Timeout, request=8929662e-8651-4c9f-b246-d3ed69c98010->9196f2dc-d574-4585-b48c-56d55fbc13c2#119-t2, previous=(t:2, i:20), leaderCommit=16, initializing? false, entries: <empty>
2019-09-11 07:40:29,896 [grpc-default-executor-3] WARN  server.GrpcLogAppender (LogUtils.java:warn(134)) - 8929662e-8651-4c9f-b246-d3ed69c98010@group-402BD240969B->5b8ad787-4bf9-4bb4-bfeb-9c85cd30cda7-AppendLogResponseHandler: Failed appendEntries: org.apache.ratis.thirdparty.io.grpc.StatusRuntimeException: UNAVAILABLE: io exception
2019-09-11 07:40:29,912 [grpc-default-executor-3] INFO  impl.FollowerInfo (FollowerInfo.java:lambda$new$0(51)) - 8929662e-8651-4c9f-b246-d3ed69c98010@group-402BD240969B->5b8ad787-4bf9-4bb4-bfeb-9c85cd30cda7: nextIndex: updateUnconditionally 0 -> 0
2019-09-11 07:40:30,162 [java.util.concurrent.ThreadPoolExecutor$Worker@441336f8[State = -1, empty queue]] WARN  server.GrpcLogAppender (GrpcLogAppender.java:timeoutAppendRequest(200)) - 72bb666e-e114-4432-9598-bd6d136490e0@group-91E122509A7B->4bd38775-382d-4c4f-9f91-7366b5492a1e-GrpcLogAppender: appendEntries Timeout, request=72bb666e-e114-4432-9598-bd6d136490e0->4bd38775-382d-4c4f-9f91-7366b5492a1e#119-t2, previous=(t:2, i:19), leaderCommit=15, initializing? false, entries: <empty>
2019-09-11 07:40:30,162 [java.util.concurrent.ThreadPoolExecutor$Worker@7765ab06[State = -1, empty queue]] WARN  server.GrpcLogAppender (GrpcLogAppender.java:timeoutAppendRequest(200)) - 72bb666e-e114-4432-9598-bd6d136490e0@group-91E122509A7B->48982da4-f995-48e9-b2c1-a2ad51cb7376-GrpcLogAppender: appendEntries Timeout, request=72bb666e-e114-4432-9598-bd6d136490e0->48982da4-f995-48e9-b2c1-a2ad51cb7376#119-t2, previous=(t:2, i:19), leaderCommit=15, initializing? false, entries: <empty>
2019-09-11 07:40:30,370 [java.util.concurrent.ThreadPoolExecutor$Worker@610f7baa[State = -1, empty queue]] WARN  server.GrpcLogAppender (GrpcLogAppender.java:timeoutAppendRequest(200)) - 36be1d2c-b8e7-4a5e-9c9f-c881d55a8c5a@group-0D0617E48045->7366865a-3ccb-4fea-a2e2-b7a0314f55f5-GrpcLogAppender: appendEntries Timeout, request=36be1d2c-b8e7-4a5e-9c9f-c881d55a8c5a->7366865a-3ccb-4fea-a2e2-b7a0314f55f5#120-t2, previous=(t:2, i:20), leaderCommit=16, initializing? false, entries: <empty>
2019-09-11 07:40:30,370 [java.util.concurrent.ThreadPoolExecutor$Worker@3f71a1c8[State = -1, empty queue]] WARN  server.GrpcLogAppender (GrpcLogAppender.java:timeoutAppendRequest(200)) - 36be1d2c-b8e7-4a5e-9c9f-c881d55a8c5a@group-0D0617E48045->a1a3d5df-f415-4291-8622-8b18f7b50573-GrpcLogAppender: appendEntries Timeout, request=36be1d2c-b8e7-4a5e-9c9f-c881d55a8c5a->a1a3d5df-f415-4291-8622-8b18f7b50573#120-t2, previous=(t:2, i:20), leaderCommit=16, initializing? false, entries: <empty>
2019-09-11 07:40:30,380 [java.util.concurrent.ThreadPoolExecutor$Worker@702f6010[State = -1, empty queue]] WARN  server.GrpcLogAppender (GrpcLogAppender.java:timeoutAppendRequest(200)) - 8929662e-8651-4c9f-b246-d3ed69c98010@group-402BD240969B->9196f2dc-d574-4585-b48c-56d55fbc13c2-GrpcLogAppender: appendEntries Timeout, request=8929662e-8651-4c9f-b246-d3ed69c98010->9196f2dc-d574-4585-b48c-56d55fbc13c2#120-t2, previous=(t:2, i:20), leaderCommit=16, initializing? false, entries: <empty>
2019-09-11 07:40:30,423 [grpc-default-executor-0] WARN  server.GrpcLogAppender (LogUtils.java:warn(134)) - 8929662e-8651-4c9f-b246-d3ed69c98010@group-402BD240969B->5b8ad787-4bf9-4bb4-bfeb-9c85cd30cda7-AppendLogResponseHandler: Failed appendEntries: org.apache.ratis.thirdparty.io.grpc.StatusRuntimeException: UNAVAILABLE: io exception
2019-09-11 07:40:30,423 [grpc-default-executor-0] INFO  impl.FollowerInfo (FollowerInfo.java:lambda$new$0(51)) - 8929662e-8651-4c9f-b246-d3ed69c98010@group-402BD240969B->5b8ad787-4bf9-4bb4-bfeb-9c85cd30cda7: nextIndex: updateUnconditionally 0 -> 0
2019-09-11 07:40:30,662 [java.util.concurrent.ThreadPoolExecutor$Worker@441336f8[State = -1, empty queue]] WARN  server.GrpcLogAppender (GrpcLogAppender.java:timeoutAppendRequest(200)) - 72bb666e-e114-4432-9598-bd6d136490e0@group-91E122509A7B->4bd38775-382d-4c4f-9f91-7366b5492a1e-GrpcLogAppender: appendEntries Timeout, request=72bb666e-e114-4432-9598-bd6d136490e0->4bd38775-382d-4c4f-9f91-7366b5492a1e#120-t2, previous=(t:2, i:19), leaderCommit=15, initializing? false, entries: <empty>
2019-09-11 07:40:30,662 [java.util.concurrent.ThreadPoolExecutor$Worker@7765ab06[State = -1, empty queue]] WARN  server.GrpcLogAppender (GrpcLogAppender.java:timeoutAppendRequest(200)) - 72bb666e-e114-4432-9598-bd6d136490e0@group-91E122509A7B->48982da4-f995-48e9-b2c1-a2ad51cb7376-GrpcLogAppender: appendEntries Timeout, request=72bb666e-e114-4432-9598-bd6d136490e0->48982da4-f995-48e9-b2c1-a2ad51cb7376#120-t2, previous=(t:2, i:19), leaderCommit=15, initializing? false, entries: <empty>
2019-09-11 07:40:30,853 [36be1d2c-b8e7-4a5e-9c9f-c881d55a8c5a@group-0D0617E48045-SegmentedRaftLogWorker] WARN  segmented.SegmentedRaftLogWorker (SegmentedRaftLogWorker.java:getFromFuture(90)) - Timeout 0/~
org.apache.ratis.protocol.TimeoutIOException: Timeout 10s: WriteLog:17: (t:2, i:17), STATEMACHINELOGENTRY, client-1FF863BCA865, cid=57-writeStateMachineData
	at org.apache.ratis.util.IOUtils.getFromFuture(IOUtils.java:87)
	at org.apache.ratis.server.raftlog.segmented.SegmentedRaftLogWorker$StateMachineDataPolicy.getFromFuture(SegmentedRaftLogWorker.java:87)
	at org.apache.ratis.server.raftlog.segmented.SegmentedRaftLogWorker$WriteLog.execute(SegmentedRaftLogWorker.java:477)
	at org.apache.ratis.server.raftlog.segmented.SegmentedRaftLogWorker.run(SegmentedRaftLogWorker.java:289)
	at java.lang.Thread.run(Thread.java:748)
Caused by: java.util.concurrent.TimeoutException
	at java.util.concurrent.CompletableFuture.timedGet(CompletableFuture.java:1771)
	at java.util.concurrent.CompletableFuture.get(CompletableFuture.java:1915)
	at org.apache.ratis.util.IOUtils.getFromFuture(IOUtils.java:79)
	... 4 more
2019-09-11 07:40:30,857 [a1a3d5df-f415-4291-8622-8b18f7b50573@group-0D0617E48045-SegmentedRaftLogWorker] WARN  segmented.SegmentedRaftLogWorker (SegmentedRaftLogWorker.java:getFromFuture(90)) - Timeout 0/~
org.apache.ratis.protocol.TimeoutIOException: Timeout 10s: WriteLog:17: (t:2, i:17), STATEMACHINELOGENTRY, client-1FF863BCA865, cid=57-writeStateMachineData
	at org.apache.ratis.util.IOUtils.getFromFuture(IOUtils.java:87)
	at org.apache.ratis.server.raftlog.segmented.SegmentedRaftLogWorker$StateMachineDataPolicy.getFromFuture(SegmentedRaftLogWorker.java:87)
	at org.apache.ratis.server.raftlog.segmented.SegmentedRaftLogWorker$WriteLog.execute(SegmentedRaftLogWorker.java:477)
	at org.apache.ratis.server.raftlog.segmented.SegmentedRaftLogWorker.run(SegmentedRaftLogWorker.java:289)
	at java.lang.Thread.run(Thread.java:748)
Caused by: java.util.concurrent.TimeoutException
	at java.util.concurrent.CompletableFuture.timedGet(CompletableFuture.java:1771)
	at java.util.concurrent.CompletableFuture.get(CompletableFuture.java:1915)
	at org.apache.ratis.util.IOUtils.getFromFuture(IOUtils.java:79)
	... 4 more
2019-09-11 07:40:30,857 [7366865a-3ccb-4fea-a2e2-b7a0314f55f5@group-0D0617E48045-SegmentedRaftLogWorker] WARN  segmented.SegmentedRaftLogWorker (SegmentedRaftLogWorker.java:getFromFuture(90)) - Timeout 0/~
org.apache.ratis.protocol.TimeoutIOException: Timeout 10s: WriteLog:17: (t:2, i:17), STATEMACHINELOGENTRY, client-1FF863BCA865, cid=57-writeStateMachineData
	at org.apache.ratis.util.IOUtils.getFromFuture(IOUtils.java:87)
	at org.apache.ratis.server.raftlog.segmented.SegmentedRaftLogWorker$StateMachineDataPolicy.getFromFuture(SegmentedRaftLogWorker.java:87)
	at org.apache.ratis.server.raftlog.segmented.SegmentedRaftLogWorker$WriteLog.execute(SegmentedRaftLogWorker.java:477)
	at org.apache.ratis.server.raftlog.segmented.SegmentedRaftLogWorker.run(SegmentedRaftLogWorker.java:289)
	at java.lang.Thread.run(Thread.java:748)
Caused by: java.util.concurrent.TimeoutException
	at java.util.concurrent.CompletableFuture.timedGet(CompletableFuture.java:1771)
	at java.util.concurrent.CompletableFuture.get(CompletableFuture.java:1915)
	at org.apache.ratis.util.IOUtils.getFromFuture(IOUtils.java:79)
	... 4 more
2019-09-11 07:40:30,870 [java.util.concurrent.ThreadPoolExecutor$Worker@3f71a1c8[State = -1, empty queue]] WARN  server.GrpcLogAppender (GrpcLogAppender.java:timeoutAppendRequest(200)) - 36be1d2c-b8e7-4a5e-9c9f-c881d55a8c5a@group-0D0617E48045->a1a3d5df-f415-4291-8622-8b18f7b50573-GrpcLogAppender: appendEntries Timeout, request=36be1d2c-b8e7-4a5e-9c9f-c881d55a8c5a->a1a3d5df-f415-4291-8622-8b18f7b50573#121-t2, previous=(t:2, i:20), leaderCommit=16, initializing? false, entries: <empty>
2019-09-11 07:40:30,870 [java.util.concurrent.ThreadPoolExecutor$Worker@610f7baa[State = -1, empty queue]] WARN  server.GrpcLogAppender (GrpcLogAppender.java:timeoutAppendRequest(200)) - 36be1d2c-b8e7-4a5e-9c9f-c881d55a8c5a@group-0D0617E48045->7366865a-3ccb-4fea-a2e2-b7a0314f55f5-GrpcLogAppender: appendEntries Timeout, request=36be1d2c-b8e7-4a5e-9c9f-c881d55a8c5a->7366865a-3ccb-4fea-a2e2-b7a0314f55f5#121-t2, previous=(t:2, i:20), leaderCommit=16, initializing? false, entries: <empty>
2019-09-11 07:40:30,880 [java.util.concurrent.ThreadPoolExecutor$Worker@702f6010[State = -1, empty queue]] WARN  server.GrpcLogAppender (GrpcLogAppender.java:timeoutAppendRequest(200)) - 8929662e-8651-4c9f-b246-d3ed69c98010@group-402BD240969B->9196f2dc-d574-4585-b48c-56d55fbc13c2-GrpcLogAppender: appendEntries Timeout, request=8929662e-8651-4c9f-b246-d3ed69c98010->9196f2dc-d574-4585-b48c-56d55fbc13c2#121-t2, previous=(t:2, i:20), leaderCommit=16, initializing? false, entries: <empty>
2019-09-11 07:40:30,898 [grpc-default-executor-3] WARN  server.GrpcLogAppender (LogUtils.java:warn(134)) - 8929662e-8651-4c9f-b246-d3ed69c98010@group-402BD240969B->5b8ad787-4bf9-4bb4-bfeb-9c85cd30cda7-AppendLogResponseHandler: Failed appendEntries: org.apache.ratis.thirdparty.io.grpc.StatusRuntimeException: UNAVAILABLE: io exception
2019-09-11 07:40:30,899 [grpc-default-executor-3] INFO  impl.FollowerInfo (FollowerInfo.java:lambda$new$0(51)) - 8929662e-8651-4c9f-b246-d3ed69c98010@group-402BD240969B->5b8ad787-4bf9-4bb4-bfeb-9c85cd30cda7: nextIndex: updateUnconditionally 0 -> 0
2019-09-11 07:40:30,941 [grpc-default-executor-3] INFO  client.GrpcClientProtocolClient (GrpcClientProtocolClient.java:onNext(264)) - client-1FF863BCA865->a1a3d5df-f415-4291-8622-8b18f7b50573: receive RaftClientReply:client-1FF863BCA865->a1a3d5df-f415-4291-8622-8b18f7b50573@group-0D0617E48045, cid=57, FAILED org.apache.ratis.protocol.NotLeaderException: Server a1a3d5df-f415-4291-8622-8b18f7b50573@group-0D0617E48045 is not the leader 36be1d2c-b8e7-4a5e-9c9f-c881d55a8c5a:192.168.34.12:36299, logIndex=0, commits[a1a3d5df-f415-4291-8622-8b18f7b50573:c16, 36be1d2c-b8e7-4a5e-9c9f-c881d55a8c5a:c16, 7366865a-3ccb-4fea-a2e2-b7a0314f55f5:c12]
2019-09-11 07:40:31,162 [java.util.concurrent.ThreadPoolExecutor$Worker@7765ab06[State = -1, empty queue]] WARN  server.GrpcLogAppender (GrpcLogAppender.java:timeoutAppendRequest(200)) - 72bb666e-e114-4432-9598-bd6d136490e0@group-91E122509A7B->48982da4-f995-48e9-b2c1-a2ad51cb7376-GrpcLogAppender: appendEntries Timeout, request=72bb666e-e114-4432-9598-bd6d136490e0->48982da4-f995-48e9-b2c1-a2ad51cb7376#121-t2, previous=(t:2, i:19), leaderCommit=15, initializing? false, entries: <empty>
2019-09-11 07:40:31,162 [java.util.concurrent.ThreadPoolExecutor$Worker@441336f8[State = -1, empty queue]] WARN  server.GrpcLogAppender (GrpcLogAppender.java:timeoutAppendRequest(200)) - 72bb666e-e114-4432-9598-bd6d136490e0@group-91E122509A7B->4bd38775-382d-4c4f-9f91-7366b5492a1e-GrpcLogAppender: appendEntries Timeout, request=72bb666e-e114-4432-9598-bd6d136490e0->4bd38775-382d-4c4f-9f91-7366b5492a1e#121-t2, previous=(t:2, i:19), leaderCommit=15, initializing? false, entries: <empty>
2019-09-11 07:40:31,370 [java.util.concurrent.ThreadPoolExecutor$Worker@3f71a1c8[State = -1, empty queue]] WARN  server.GrpcLogAppender (GrpcLogAppender.java:timeoutAppendRequest(200)) - 36be1d2c-b8e7-4a5e-9c9f-c881d55a8c5a@group-0D0617E48045->a1a3d5df-f415-4291-8622-8b18f7b50573-GrpcLogAppender: appendEntries Timeout, request=36be1d2c-b8e7-4a5e-9c9f-c881d55a8c5a->a1a3d5df-f415-4291-8622-8b18f7b50573#122-t2, previous=(t:2, i:20), leaderCommit=16, initializing? false, entries: <empty>
2019-09-11 07:40:31,370 [java.util.concurrent.ThreadPoolExecutor$Worker@610f7baa[State = -1, empty queue]] WARN  server.GrpcLogAppender (GrpcLogAppender.java:timeoutAppendRequest(200)) - 36be1d2c-b8e7-4a5e-9c9f-c881d55a8c5a@group-0D0617E48045->7366865a-3ccb-4fea-a2e2-b7a0314f55f5-GrpcLogAppender: appendEntries Timeout, request=36be1d2c-b8e7-4a5e-9c9f-c881d55a8c5a->7366865a-3ccb-4fea-a2e2-b7a0314f55f5#122-t2, previous=(t:2, i:20), leaderCommit=16, initializing? false, entries: <empty>
2019-09-11 07:40:31,381 [java.util.concurrent.ThreadPoolExecutor$Worker@702f6010[State = -1, empty queue]] WARN  server.GrpcLogAppender (GrpcLogAppender.java:timeoutAppendRequest(200)) - 8929662e-8651-4c9f-b246-d3ed69c98010@group-402BD240969B->9196f2dc-d574-4585-b48c-56d55fbc13c2-GrpcLogAppender: appendEntries Timeout, request=8929662e-8651-4c9f-b246-d3ed69c98010->9196f2dc-d574-4585-b48c-56d55fbc13c2#122-t2, previous=(t:2, i:20), leaderCommit=16, initializing? false, entries: <empty>
2019-09-11 07:40:31,399 [grpc-default-executor-0] WARN  server.GrpcLogAppender (LogUtils.java:warn(134)) - 8929662e-8651-4c9f-b246-d3ed69c98010@group-402BD240969B->5b8ad787-4bf9-4bb4-bfeb-9c85cd30cda7-AppendLogResponseHandler: Failed appendEntries: org.apache.ratis.thirdparty.io.grpc.StatusRuntimeException: UNAVAILABLE: io exception
2019-09-11 07:40:31,399 [grpc-default-executor-0] INFO  impl.FollowerInfo (FollowerInfo.java:lambda$new$0(51)) - 8929662e-8651-4c9f-b246-d3ed69c98010@group-402BD240969B->5b8ad787-4bf9-4bb4-bfeb-9c85cd30cda7: nextIndex: updateUnconditionally 0 -> 0
2019-09-11 07:40:31,663 [java.util.concurrent.ThreadPoolExecutor$Worker@7765ab06[State = -1, empty queue]] WARN  server.GrpcLogAppender (GrpcLogAppender.java:timeoutAppendRequest(200)) - 72bb666e-e114-4432-9598-bd6d136490e0@group-91E122509A7B->48982da4-f995-48e9-b2c1-a2ad51cb7376-GrpcLogAppender: appendEntries Timeout, request=72bb666e-e114-4432-9598-bd6d136490e0->48982da4-f995-48e9-b2c1-a2ad51cb7376#122-t2, previous=(t:2, i:19), leaderCommit=15, initializing? false, entries: <empty>
2019-09-11 07:40:31,663 [java.util.concurrent.ThreadPoolExecutor$Worker@441336f8[State = -1, empty queue]] WARN  server.GrpcLogAppender (GrpcLogAppender.java:timeoutAppendRequest(200)) - 72bb666e-e114-4432-9598-bd6d136490e0@group-91E122509A7B->4bd38775-382d-4c4f-9f91-7366b5492a1e-GrpcLogAppender: appendEntries Timeout, request=72bb666e-e114-4432-9598-bd6d136490e0->4bd38775-382d-4c4f-9f91-7366b5492a1e#122-t2, previous=(t:2, i:19), leaderCommit=15, initializing? false, entries: <empty>
2019-09-11 07:40:31,871 [java.util.concurrent.ThreadPoolExecutor$Worker@610f7baa[State = -1, empty queue]] WARN  server.GrpcLogAppender (GrpcLogAppender.java:timeoutAppendRequest(200)) - 36be1d2c-b8e7-4a5e-9c9f-c881d55a8c5a@group-0D0617E48045->7366865a-3ccb-4fea-a2e2-b7a0314f55f5-GrpcLogAppender: appendEntries Timeout, request=36be1d2c-b8e7-4a5e-9c9f-c881d55a8c5a->7366865a-3ccb-4fea-a2e2-b7a0314f55f5#123-t2, previous=(t:2, i:20), leaderCommit=16, initializing? false, entries: <empty>
2019-09-11 07:40:31,871 [java.util.concurrent.ThreadPoolExecutor$Worker@3f71a1c8[State = -1, empty queue]] WARN  server.GrpcLogAppender (GrpcLogAppender.java:timeoutAppendRequest(200)) - 36be1d2c-b8e7-4a5e-9c9f-c881d55a8c5a@group-0D0617E48045->a1a3d5df-f415-4291-8622-8b18f7b50573-GrpcLogAppender: appendEntries Timeout, request=36be1d2c-b8e7-4a5e-9c9f-c881d55a8c5a->a1a3d5df-f415-4291-8622-8b18f7b50573#123-t2, previous=(t:2, i:20), leaderCommit=16, initializing? false, entries: <empty>
2019-09-11 07:40:31,881 [java.util.concurrent.ThreadPoolExecutor$Worker@702f6010[State = -1, empty queue]] WARN  server.GrpcLogAppender (GrpcLogAppender.java:timeoutAppendRequest(200)) - 8929662e-8651-4c9f-b246-d3ed69c98010@group-402BD240969B->9196f2dc-d574-4585-b48c-56d55fbc13c2-GrpcLogAppender: appendEntries Timeout, request=8929662e-8651-4c9f-b246-d3ed69c98010->9196f2dc-d574-4585-b48c-56d55fbc13c2#123-t2, previous=(t:2, i:20), leaderCommit=16, initializing? false, entries: <empty>
2019-09-11 07:40:31,900 [grpc-default-executor-3] WARN  server.GrpcLogAppender (LogUtils.java:warn(134)) - 8929662e-8651-4c9f-b246-d3ed69c98010@group-402BD240969B->5b8ad787-4bf9-4bb4-bfeb-9c85cd30cda7-AppendLogResponseHandler: Failed appendEntries: org.apache.ratis.thirdparty.io.grpc.StatusRuntimeException: UNAVAILABLE: io exception
2019-09-11 07:40:31,900 [grpc-default-executor-3] INFO  impl.FollowerInfo (FollowerInfo.java:lambda$new$0(51)) - 8929662e-8651-4c9f-b246-d3ed69c98010@group-402BD240969B->5b8ad787-4bf9-4bb4-bfeb-9c85cd30cda7: nextIndex: updateUnconditionally 0 -> 0
2019-09-11 07:40:32,163 [java.util.concurrent.ThreadPoolExecutor$Worker@441336f8[State = -1, empty queue]] WARN  server.GrpcLogAppender (GrpcLogAppender.java:timeoutAppendRequest(200)) - 72bb666e-e114-4432-9598-bd6d136490e0@group-91E122509A7B->4bd38775-382d-4c4f-9f91-7366b5492a1e-GrpcLogAppender: appendEntries Timeout, request=72bb666e-e114-4432-9598-bd6d136490e0->4bd38775-382d-4c4f-9f91-7366b5492a1e#123-t2, previous=(t:2, i:19), leaderCommit=15, initializing? false, entries: <empty>
2019-09-11 07:40:32,163 [java.util.concurrent.ThreadPoolExecutor$Worker@7765ab06[State = -1, empty queue]] WARN  server.GrpcLogAppender (GrpcLogAppender.java:timeoutAppendRequest(200)) - 72bb666e-e114-4432-9598-bd6d136490e0@group-91E122509A7B->48982da4-f995-48e9-b2c1-a2ad51cb7376-GrpcLogAppender: appendEntries Timeout, request=72bb666e-e114-4432-9598-bd6d136490e0->48982da4-f995-48e9-b2c1-a2ad51cb7376#123-t2, previous=(t:2, i:19), leaderCommit=15, initializing? false, entries: <empty>
2019-09-11 07:40:32,371 [java.util.concurrent.ThreadPoolExecutor$Worker@3f71a1c8[State = -1, empty queue]] WARN  server.GrpcLogAppender (GrpcLogAppender.java:timeoutAppendRequest(200)) - 36be1d2c-b8e7-4a5e-9c9f-c881d55a8c5a@group-0D0617E48045->a1a3d5df-f415-4291-8622-8b18f7b50573-GrpcLogAppender: appendEntries Timeout, request=36be1d2c-b8e7-4a5e-9c9f-c881d55a8c5a->a1a3d5df-f415-4291-8622-8b18f7b50573#124-t2, previous=(t:2, i:20), leaderCommit=16, initializing? false, entries: <empty>
2019-09-11 07:40:32,371 [java.util.concurrent.ThreadPoolExecutor$Worker@610f7baa[State = -1, empty queue]] WARN  server.GrpcLogAppender (GrpcLogAppender.java:timeoutAppendRequest(200)) - 36be1d2c-b8e7-4a5e-9c9f-c881d55a8c5a@group-0D0617E48045->7366865a-3ccb-4fea-a2e2-b7a0314f55f5-GrpcLogAppender: appendEntries Timeout, request=36be1d2c-b8e7-4a5e-9c9f-c881d55a8c5a->7366865a-3ccb-4fea-a2e2-b7a0314f55f5#124-t2, previous=(t:2, i:20), leaderCommit=16, initializing? false, entries: <empty>
2019-09-11 07:40:32,381 [java.util.concurrent.ThreadPoolExecutor$Worker@702f6010[State = -1, empty queue]] WARN  server.GrpcLogAppender (GrpcLogAppender.java:timeoutAppendRequest(200)) - 8929662e-8651-4c9f-b246-d3ed69c98010@group-402BD240969B->9196f2dc-d574-4585-b48c-56d55fbc13c2-GrpcLogAppender: appendEntries Timeout, request=8929662e-8651-4c9f-b246-d3ed69c98010->9196f2dc-d574-4585-b48c-56d55fbc13c2#124-t2, previous=(t:2, i:20), leaderCommit=16, initializing? false, entries: <empty>
2019-09-11 07:40:32,400 [grpc-default-executor-0] WARN  server.GrpcLogAppender (LogUtils.java:warn(134)) - 8929662e-8651-4c9f-b246-d3ed69c98010@group-402BD240969B->5b8ad787-4bf9-4bb4-bfeb-9c85cd30cda7-AppendLogResponseHandler: Failed appendEntries: org.apache.ratis.thirdparty.io.grpc.StatusRuntimeException: UNAVAILABLE: io exception
2019-09-11 07:40:32,401 [grpc-default-executor-0] INFO  impl.FollowerInfo (FollowerInfo.java:lambda$new$0(51)) - 8929662e-8651-4c9f-b246-d3ed69c98010@group-402BD240969B->5b8ad787-4bf9-4bb4-bfeb-9c85cd30cda7: nextIndex: updateUnconditionally 0 -> 0
2019-09-11 07:40:32,663 [java.util.concurrent.ThreadPoolExecutor$Worker@7765ab06[State = -1, empty queue]] WARN  server.GrpcLogAppender (GrpcLogAppender.java:timeoutAppendRequest(200)) - 72bb666e-e114-4432-9598-bd6d136490e0@group-91E122509A7B->48982da4-f995-48e9-b2c1-a2ad51cb7376-GrpcLogAppender: appendEntries Timeout, request=72bb666e-e114-4432-9598-bd6d136490e0->48982da4-f995-48e9-b2c1-a2ad51cb7376#124-t2, previous=(t:2, i:19), leaderCommit=15, initializing? false, entries: <empty>
2019-09-11 07:40:32,663 [java.util.concurrent.ThreadPoolExecutor$Worker@441336f8[State = -1, empty queue]] WARN  server.GrpcLogAppender (GrpcLogAppender.java:timeoutAppendRequest(200)) - 72bb666e-e114-4432-9598-bd6d136490e0@group-91E122509A7B->4bd38775-382d-4c4f-9f91-7366b5492a1e-GrpcLogAppender: appendEntries Timeout, request=72bb666e-e114-4432-9598-bd6d136490e0->4bd38775-382d-4c4f-9f91-7366b5492a1e#124-t2, previous=(t:2, i:19), leaderCommit=15, initializing? false, entries: <empty>
2019-09-11 07:40:32,871 [java.util.concurrent.ThreadPoolExecutor$Worker@3f71a1c8[State = -1, empty queue]] WARN  server.GrpcLogAppender (GrpcLogAppender.java:timeoutAppendRequest(200)) - 36be1d2c-b8e7-4a5e-9c9f-c881d55a8c5a@group-0D0617E48045->a1a3d5df-f415-4291-8622-8b18f7b50573-GrpcLogAppender: appendEntries Timeout, request=36be1d2c-b8e7-4a5e-9c9f-c881d55a8c5a->a1a3d5df-f415-4291-8622-8b18f7b50573#125-t2, previous=(t:2, i:20), leaderCommit=16, initializing? false, entries: <empty>
2019-09-11 07:40:32,871 [java.util.concurrent.ThreadPoolExecutor$Worker@610f7baa[State = -1, empty queue]] WARN  server.GrpcLogAppender (GrpcLogAppender.java:timeoutAppendRequest(200)) - 36be1d2c-b8e7-4a5e-9c9f-c881d55a8c5a@group-0D0617E48045->7366865a-3ccb-4fea-a2e2-b7a0314f55f5-GrpcLogAppender: appendEntries Timeout, request=36be1d2c-b8e7-4a5e-9c9f-c881d55a8c5a->7366865a-3ccb-4fea-a2e2-b7a0314f55f5#125-t2, previous=(t:2, i:20), leaderCommit=16, initializing? false, entries: <empty>
2019-09-11 07:40:32,881 [java.util.concurrent.ThreadPoolExecutor$Worker@702f6010[State = -1, empty queue]] WARN  server.GrpcLogAppender (GrpcLogAppender.java:timeoutAppendRequest(200)) - 8929662e-8651-4c9f-b246-d3ed69c98010@group-402BD240969B->9196f2dc-d574-4585-b48c-56d55fbc13c2-GrpcLogAppender: appendEntries Timeout, request=8929662e-8651-4c9f-b246-d3ed69c98010->9196f2dc-d574-4585-b48c-56d55fbc13c2#125-t2, previous=(t:2, i:20), leaderCommit=16, initializing? false, entries: <empty>
2019-09-11 07:40:32,901 [grpc-default-executor-3] WARN  server.GrpcLogAppender (LogUtils.java:warn(134)) - 8929662e-8651-4c9f-b246-d3ed69c98010@group-402BD240969B->5b8ad787-4bf9-4bb4-bfeb-9c85cd30cda7-AppendLogResponseHandler: Failed appendEntries: org.apache.ratis.thirdparty.io.grpc.StatusRuntimeException: UNAVAILABLE: io exception
2019-09-11 07:40:32,902 [grpc-default-executor-3] INFO  impl.FollowerInfo (FollowerInfo.java:lambda$new$0(51)) - 8929662e-8651-4c9f-b246-d3ed69c98010@group-402BD240969B->5b8ad787-4bf9-4bb4-bfeb-9c85cd30cda7: nextIndex: updateUnconditionally 0 -> 0
2019-09-11 07:40:33,163 [java.util.concurrent.ThreadPoolExecutor$Worker@7765ab06[State = -1, empty queue]] WARN  server.GrpcLogAppender (GrpcLogAppender.java:timeoutAppendRequest(200)) - 72bb666e-e114-4432-9598-bd6d136490e0@group-91E122509A7B->48982da4-f995-48e9-b2c1-a2ad51cb7376-GrpcLogAppender: appendEntries Timeout, request=72bb666e-e114-4432-9598-bd6d136490e0->48982da4-f995-48e9-b2c1-a2ad51cb7376#125-t2, previous=(t:2, i:19), leaderCommit=15, initializing? false, entries: <empty>
2019-09-11 07:40:33,163 [java.util.concurrent.ThreadPoolExecutor$Worker@441336f8[State = -1, empty queue]] WARN  server.GrpcLogAppender (GrpcLogAppender.java:timeoutAppendRequest(200)) - 72bb666e-e114-4432-9598-bd6d136490e0@group-91E122509A7B->4bd38775-382d-4c4f-9f91-7366b5492a1e-GrpcLogAppender: appendEntries Timeout, request=72bb666e-e114-4432-9598-bd6d136490e0->4bd38775-382d-4c4f-9f91-7366b5492a1e#125-t2, previous=(t:2, i:19), leaderCommit=15, initializing? false, entries: <empty>
2019-09-11 07:40:33,372 [java.util.concurrent.ThreadPoolExecutor$Worker@3f71a1c8[State = -1, empty queue]] WARN  server.GrpcLogAppender (GrpcLogAppender.java:timeoutAppendRequest(200)) - 36be1d2c-b8e7-4a5e-9c9f-c881d55a8c5a@group-0D0617E48045->a1a3d5df-f415-4291-8622-8b18f7b50573-GrpcLogAppender: appendEntries Timeout, request=36be1d2c-b8e7-4a5e-9c9f-c881d55a8c5a->a1a3d5df-f415-4291-8622-8b18f7b50573#126-t2, previous=(t:2, i:20), leaderCommit=16, initializing? false, entries: <empty>
2019-09-11 07:40:33,372 [java.util.concurrent.ThreadPoolExecutor$Worker@610f7baa[State = -1, empty queue]] WARN  server.GrpcLogAppender (GrpcLogAppender.java:timeoutAppendRequest(200)) - 36be1d2c-b8e7-4a5e-9c9f-c881d55a8c5a@group-0D0617E48045->7366865a-3ccb-4fea-a2e2-b7a0314f55f5-GrpcLogAppender: appendEntries Timeout, request=36be1d2c-b8e7-4a5e-9c9f-c881d55a8c5a->7366865a-3ccb-4fea-a2e2-b7a0314f55f5#126-t2, previous=(t:2, i:20), leaderCommit=16, initializing? false, entries: <empty>
2019-09-11 07:40:33,382 [java.util.concurrent.ThreadPoolExecutor$Worker@702f6010[State = -1, empty queue]] WARN  server.GrpcLogAppender (GrpcLogAppender.java:timeoutAppendRequest(200)) - 8929662e-8651-4c9f-b246-d3ed69c98010@group-402BD240969B->9196f2dc-d574-4585-b48c-56d55fbc13c2-GrpcLogAppender: appendEntries Timeout, request=8929662e-8651-4c9f-b246-d3ed69c98010->9196f2dc-d574-4585-b48c-56d55fbc13c2#126-t2, previous=(t:2, i:20), leaderCommit=16, initializing? false, entries: <empty>
2019-09-11 07:40:33,402 [grpc-default-executor-3] WARN  server.GrpcLogAppender (LogUtils.java:warn(134)) - 8929662e-8651-4c9f-b246-d3ed69c98010@group-402BD240969B->5b8ad787-4bf9-4bb4-bfeb-9c85cd30cda7-AppendLogResponseHandler: Failed appendEntries: org.apache.ratis.thirdparty.io.grpc.StatusRuntimeException: UNAVAILABLE: io exception
2019-09-11 07:40:33,403 [grpc-default-executor-3] INFO  impl.FollowerInfo (FollowerInfo.java:lambda$new$0(51)) - 8929662e-8651-4c9f-b246-d3ed69c98010@group-402BD240969B->5b8ad787-4bf9-4bb4-bfeb-9c85cd30cda7: nextIndex: updateUnconditionally 0 -> 0
2019-09-11 07:40:33,664 [java.util.concurrent.ThreadPoolExecutor$Worker@441336f8[State = -1, empty queue]] WARN  server.GrpcLogAppender (GrpcLogAppender.java:timeoutAppendRequest(200)) - 72bb666e-e114-4432-9598-bd6d136490e0@group-91E122509A7B->4bd38775-382d-4c4f-9f91-7366b5492a1e-GrpcLogAppender: appendEntries Timeout, request=72bb666e-e114-4432-9598-bd6d136490e0->4bd38775-382d-4c4f-9f91-7366b5492a1e#126-t2, previous=(t:2, i:19), leaderCommit=15, initializing? false, entries: <empty>
2019-09-11 07:40:33,664 [java.util.concurrent.ThreadPoolExecutor$Worker@7765ab06[State = -1, empty queue]] WARN  server.GrpcLogAppender (GrpcLogAppender.java:timeoutAppendRequest(200)) - 72bb666e-e114-4432-9598-bd6d136490e0@group-91E122509A7B->48982da4-f995-48e9-b2c1-a2ad51cb7376-GrpcLogAppender: appendEntries Timeout, request=72bb666e-e114-4432-9598-bd6d136490e0->48982da4-f995-48e9-b2c1-a2ad51cb7376#126-t2, previous=(t:2, i:19), leaderCommit=15, initializing? false, entries: <empty>
2019-09-11 07:40:33,872 [java.util.concurrent.ThreadPoolExecutor$Worker@610f7baa[State = -1, empty queue]] WARN  server.GrpcLogAppender (GrpcLogAppender.java:timeoutAppendRequest(200)) - 36be1d2c-b8e7-4a5e-9c9f-c881d55a8c5a@group-0D0617E48045->7366865a-3ccb-4fea-a2e2-b7a0314f55f5-GrpcLogAppender: appendEntries Timeout, request=36be1d2c-b8e7-4a5e-9c9f-c881d55a8c5a->7366865a-3ccb-4fea-a2e2-b7a0314f55f5#127-t2, previous=(t:2, i:20), leaderCommit=16, initializing? false, entries: <empty>
2019-09-11 07:40:33,872 [java.util.concurrent.ThreadPoolExecutor$Worker@3f71a1c8[State = -1, empty queue]] WARN  server.GrpcLogAppender (GrpcLogAppender.java:timeoutAppendRequest(200)) - 36be1d2c-b8e7-4a5e-9c9f-c881d55a8c5a@group-0D0617E48045->a1a3d5df-f415-4291-8622-8b18f7b50573-GrpcLogAppender: appendEntries Timeout, request=36be1d2c-b8e7-4a5e-9c9f-c881d55a8c5a->a1a3d5df-f415-4291-8622-8b18f7b50573#127-t2, previous=(t:2, i:20), leaderCommit=16, initializing? false, entries: <empty>
2019-09-11 07:40:33,882 [java.util.concurrent.ThreadPoolExecutor$Worker@702f6010[State = -1, empty queue]] WARN  server.GrpcLogAppender (GrpcLogAppender.java:timeoutAppendRequest(200)) - 8929662e-8651-4c9f-b246-d3ed69c98010@group-402BD240969B->9196f2dc-d574-4585-b48c-56d55fbc13c2-GrpcLogAppender: appendEntries Timeout, request=8929662e-8651-4c9f-b246-d3ed69c98010->9196f2dc-d574-4585-b48c-56d55fbc13c2#127-t2, previous=(t:2, i:20), leaderCommit=16, initializing? false, entries: <empty>
2019-09-11 07:40:33,903 [grpc-default-executor-4] WARN  server.GrpcLogAppender (LogUtils.java:warn(134)) - 8929662e-8651-4c9f-b246-d3ed69c98010@group-402BD240969B->5b8ad787-4bf9-4bb4-bfeb-9c85cd30cda7-AppendLogResponseHandler: Failed appendEntries: org.apache.ratis.thirdparty.io.grpc.StatusRuntimeException: UNAVAILABLE: io exception
2019-09-11 07:40:33,904 [grpc-default-executor-4] INFO  impl.FollowerInfo (FollowerInfo.java:lambda$new$0(51)) - 8929662e-8651-4c9f-b246-d3ed69c98010@group-402BD240969B->5b8ad787-4bf9-4bb4-bfeb-9c85cd30cda7: nextIndex: updateUnconditionally 0 -> 0
2019-09-11 07:40:34,166 [java.util.concurrent.ThreadPoolExecutor$Worker@7765ab06[State = -1, empty queue]] WARN  server.GrpcLogAppender (GrpcLogAppender.java:timeoutAppendRequest(200)) - 72bb666e-e114-4432-9598-bd6d136490e0@group-91E122509A7B->48982da4-f995-48e9-b2c1-a2ad51cb7376-GrpcLogAppender: appendEntries Timeout, request=72bb666e-e114-4432-9598-bd6d136490e0->48982da4-f995-48e9-b2c1-a2ad51cb7376#127-t2, previous=(t:2, i:19), leaderCommit=15, initializing? false, entries: <empty>
2019-09-11 07:40:34,166 [java.util.concurrent.ThreadPoolExecutor$Worker@441336f8[State = -1, empty queue]] WARN  server.GrpcLogAppender (GrpcLogAppender.java:timeoutAppendRequest(200)) - 72bb666e-e114-4432-9598-bd6d136490e0@group-91E122509A7B->4bd38775-382d-4c4f-9f91-7366b5492a1e-GrpcLogAppender: appendEntries Timeout, request=72bb666e-e114-4432-9598-bd6d136490e0->4bd38775-382d-4c4f-9f91-7366b5492a1e#127-t2, previous=(t:2, i:19), leaderCommit=15, initializing? false, entries: <empty>
2019-09-11 07:40:34,372 [java.util.concurrent.ThreadPoolExecutor$Worker@3f71a1c8[State = -1, empty queue]] WARN  server.GrpcLogAppender (GrpcLogAppender.java:timeoutAppendRequest(200)) - 36be1d2c-b8e7-4a5e-9c9f-c881d55a8c5a@group-0D0617E48045->a1a3d5df-f415-4291-8622-8b18f7b50573-GrpcLogAppender: appendEntries Timeout, request=36be1d2c-b8e7-4a5e-9c9f-c881d55a8c5a->a1a3d5df-f415-4291-8622-8b18f7b50573#128-t2, previous=(t:2, i:20), leaderCommit=16, initializing? false, entries: <empty>
2019-09-11 07:40:34,372 [java.util.concurrent.ThreadPoolExecutor$Worker@610f7baa[State = -1, empty queue]] WARN  server.GrpcLogAppender (GrpcLogAppender.java:timeoutAppendRequest(200)) - 36be1d2c-b8e7-4a5e-9c9f-c881d55a8c5a@group-0D0617E48045->7366865a-3ccb-4fea-a2e2-b7a0314f55f5-GrpcLogAppender: appendEntries Timeout, request=36be1d2c-b8e7-4a5e-9c9f-c881d55a8c5a->7366865a-3ccb-4fea-a2e2-b7a0314f55f5#128-t2, previous=(t:2, i:20), leaderCommit=16, initializing? false, entries: <empty>
2019-09-11 07:40:34,382 [java.util.concurrent.ThreadPoolExecutor$Worker@702f6010[State = -1, empty queue]] WARN  server.GrpcLogAppender (GrpcLogAppender.java:timeoutAppendRequest(200)) - 8929662e-8651-4c9f-b246-d3ed69c98010@group-402BD240969B->9196f2dc-d574-4585-b48c-56d55fbc13c2-GrpcLogAppender: appendEntries Timeout, request=8929662e-8651-4c9f-b246-d3ed69c98010->9196f2dc-d574-4585-b48c-56d55fbc13c2#128-t2, previous=(t:2, i:20), leaderCommit=16, initializing? false, entries: <empty>
2019-09-11 07:40:34,407 [grpc-default-executor-3] WARN  server.GrpcLogAppender (LogUtils.java:warn(134)) - 8929662e-8651-4c9f-b246-d3ed69c98010@group-402BD240969B->5b8ad787-4bf9-4bb4-bfeb-9c85cd30cda7-AppendLogResponseHandler: Failed appendEntries: org.apache.ratis.thirdparty.io.grpc.StatusRuntimeException: UNAVAILABLE: io exception
2019-09-11 07:40:34,408 [grpc-default-executor-3] INFO  impl.FollowerInfo (FollowerInfo.java:lambda$new$0(51)) - 8929662e-8651-4c9f-b246-d3ed69c98010@group-402BD240969B->5b8ad787-4bf9-4bb4-bfeb-9c85cd30cda7: nextIndex: updateUnconditionally 0 -> 0
2019-09-11 07:40:34,667 [java.util.concurrent.ThreadPoolExecutor$Worker@441336f8[State = -1, empty queue]] WARN  server.GrpcLogAppender (GrpcLogAppender.java:timeoutAppendRequest(200)) - 72bb666e-e114-4432-9598-bd6d136490e0@group-91E122509A7B->4bd38775-382d-4c4f-9f91-7366b5492a1e-GrpcLogAppender: appendEntries Timeout, request=72bb666e-e114-4432-9598-bd6d136490e0->4bd38775-382d-4c4f-9f91-7366b5492a1e#128-t2, previous=(t:2, i:19), leaderCommit=15, initializing? false, entries: <empty>
2019-09-11 07:40:34,667 [java.util.concurrent.ThreadPoolExecutor$Worker@7765ab06[State = -1, empty queue]] WARN  server.GrpcLogAppender (GrpcLogAppender.java:timeoutAppendRequest(200)) - 72bb666e-e114-4432-9598-bd6d136490e0@group-91E122509A7B->48982da4-f995-48e9-b2c1-a2ad51cb7376-GrpcLogAppender: appendEntries Timeout, request=72bb666e-e114-4432-9598-bd6d136490e0->48982da4-f995-48e9-b2c1-a2ad51cb7376#128-t2, previous=(t:2, i:19), leaderCommit=15, initializing? false, entries: <empty>
2019-09-11 07:40:34,873 [java.util.concurrent.ThreadPoolExecutor$Worker@610f7baa[State = -1, empty queue]] WARN  server.GrpcLogAppender (GrpcLogAppender.java:timeoutAppendRequest(200)) - 36be1d2c-b8e7-4a5e-9c9f-c881d55a8c5a@group-0D0617E48045->7366865a-3ccb-4fea-a2e2-b7a0314f55f5-GrpcLogAppender: appendEntries Timeout, request=36be1d2c-b8e7-4a5e-9c9f-c881d55a8c5a->7366865a-3ccb-4fea-a2e2-b7a0314f55f5#129-t2, previous=(t:2, i:20), leaderCommit=16, initializing? false, entries: <empty>
2019-09-11 07:40:34,873 [java.util.concurrent.ThreadPoolExecutor$Worker@3f71a1c8[State = -1, empty queue]] WARN  server.GrpcLogAppender (GrpcLogAppender.java:timeoutAppendRequest(200)) - 36be1d2c-b8e7-4a5e-9c9f-c881d55a8c5a@group-0D0617E48045->a1a3d5df-f415-4291-8622-8b18f7b50573-GrpcLogAppender: appendEntries Timeout, request=36be1d2c-b8e7-4a5e-9c9f-c881d55a8c5a->a1a3d5df-f415-4291-8622-8b18f7b50573#129-t2, previous=(t:2, i:20), leaderCommit=16, initializing? false, entries: <empty>
2019-09-11 07:40:34,882 [java.util.concurrent.ThreadPoolExecutor$Worker@702f6010[State = -1, empty queue]] WARN  server.GrpcLogAppender (GrpcLogAppender.java:timeoutAppendRequest(200)) - 8929662e-8651-4c9f-b246-d3ed69c98010@group-402BD240969B->9196f2dc-d574-4585-b48c-56d55fbc13c2-GrpcLogAppender: appendEntries Timeout, request=8929662e-8651-4c9f-b246-d3ed69c98010->9196f2dc-d574-4585-b48c-56d55fbc13c2#129-t2, previous=(t:2, i:20), leaderCommit=16, initializing? false, entries: <empty>
2019-09-11 07:40:34,909 [grpc-default-executor-0] WARN  server.GrpcLogAppender (LogUtils.java:warn(134)) - 8929662e-8651-4c9f-b246-d3ed69c98010@group-402BD240969B->5b8ad787-4bf9-4bb4-bfeb-9c85cd30cda7-AppendLogResponseHandler: Failed appendEntries: org.apache.ratis.thirdparty.io.grpc.StatusRuntimeException: UNAVAILABLE: io exception
2019-09-11 07:40:34,909 [grpc-default-executor-0] INFO  impl.FollowerInfo (FollowerInfo.java:lambda$new$0(51)) - 8929662e-8651-4c9f-b246-d3ed69c98010@group-402BD240969B->5b8ad787-4bf9-4bb4-bfeb-9c85cd30cda7: nextIndex: updateUnconditionally 0 -> 0
2019-09-11 07:40:35,166 [java.util.concurrent.ThreadPoolExecutor$Worker@441336f8[State = -1, empty queue]] WARN  server.GrpcLogAppender (GrpcLogAppender.java:timeoutAppendRequest(200)) - 72bb666e-e114-4432-9598-bd6d136490e0@group-91E122509A7B->4bd38775-382d-4c4f-9f91-7366b5492a1e-GrpcLogAppender: appendEntries Timeout, request=72bb666e-e114-4432-9598-bd6d136490e0->4bd38775-382d-4c4f-9f91-7366b5492a1e#129-t2, previous=(t:2, i:19), leaderCommit=15, initializing? false, entries: <empty>
2019-09-11 07:40:35,166 [java.util.concurrent.ThreadPoolExecutor$Worker@7765ab06[State = -1, empty queue]] WARN  server.GrpcLogAppender (GrpcLogAppender.java:timeoutAppendRequest(200)) - 72bb666e-e114-4432-9598-bd6d136490e0@group-91E122509A7B->48982da4-f995-48e9-b2c1-a2ad51cb7376-GrpcLogAppender: appendEntries Timeout, request=72bb666e-e114-4432-9598-bd6d136490e0->48982da4-f995-48e9-b2c1-a2ad51cb7376#129-t2, previous=(t:2, i:19), leaderCommit=15, initializing? false, entries: <empty>
2019-09-11 07:40:35,373 [java.util.concurrent.ThreadPoolExecutor$Worker@3f71a1c8[State = -1, empty queue]] WARN  server.GrpcLogAppender (GrpcLogAppender.java:timeoutAppendRequest(200)) - 36be1d2c-b8e7-4a5e-9c9f-c881d55a8c5a@group-0D0617E48045->a1a3d5df-f415-4291-8622-8b18f7b50573-GrpcLogAppender: appendEntries Timeout, request=36be1d2c-b8e7-4a5e-9c9f-c881d55a8c5a->a1a3d5df-f415-4291-8622-8b18f7b50573#130-t2, previous=(t:2, i:20), leaderCommit=16, initializing? false, entries: <empty>
2019-09-11 07:40:35,373 [java.util.concurrent.ThreadPoolExecutor$Worker@610f7baa[State = -1, empty queue]] WARN  server.GrpcLogAppender (GrpcLogAppender.java:timeoutAppendRequest(200)) - 36be1d2c-b8e7-4a5e-9c9f-c881d55a8c5a@group-0D0617E48045->7366865a-3ccb-4fea-a2e2-b7a0314f55f5-GrpcLogAppender: appendEntries Timeout, request=36be1d2c-b8e7-4a5e-9c9f-c881d55a8c5a->7366865a-3ccb-4fea-a2e2-b7a0314f55f5#130-t2, previous=(t:2, i:20), leaderCommit=16, initializing? false, entries: <empty>
2019-09-11 07:40:35,383 [java.util.concurrent.ThreadPoolExecutor$Worker@702f6010[State = -1, empty queue]] WARN  server.GrpcLogAppender (GrpcLogAppender.java:timeoutAppendRequest(200)) - 8929662e-8651-4c9f-b246-d3ed69c98010@group-402BD240969B->9196f2dc-d574-4585-b48c-56d55fbc13c2-GrpcLogAppender: appendEntries Timeout, request=8929662e-8651-4c9f-b246-d3ed69c98010->9196f2dc-d574-4585-b48c-56d55fbc13c2#130-t2, previous=(t:2, i:20), leaderCommit=16, initializing? false, entries: <empty>
2019-09-11 07:40:35,409 [grpc-default-executor-4] WARN  server.GrpcLogAppender (LogUtils.java:warn(134)) - 8929662e-8651-4c9f-b246-d3ed69c98010@group-402BD240969B->5b8ad787-4bf9-4bb4-bfeb-9c85cd30cda7-AppendLogResponseHandler: Failed appendEntries: org.apache.ratis.thirdparty.io.grpc.StatusRuntimeException: UNAVAILABLE: io exception
2019-09-11 07:40:35,409 [grpc-default-executor-4] INFO  impl.FollowerInfo (FollowerInfo.java:lambda$new$0(51)) - 8929662e-8651-4c9f-b246-d3ed69c98010@group-402BD240969B->5b8ad787-4bf9-4bb4-bfeb-9c85cd30cda7: nextIndex: updateUnconditionally 0 -> 0
2019-09-11 07:40:35,667 [java.util.concurrent.ThreadPoolExecutor$Worker@7765ab06[State = -1, empty queue]] WARN  server.GrpcLogAppender (GrpcLogAppender.java:timeoutAppendRequest(200)) - 72bb666e-e114-4432-9598-bd6d136490e0@group-91E122509A7B->48982da4-f995-48e9-b2c1-a2ad51cb7376-GrpcLogAppender: appendEntries Timeout, request=72bb666e-e114-4432-9598-bd6d136490e0->48982da4-f995-48e9-b2c1-a2ad51cb7376#130-t2, previous=(t:2, i:19), leaderCommit=15, initializing? false, entries: <empty>
2019-09-11 07:40:35,667 [java.util.concurrent.ThreadPoolExecutor$Worker@441336f8[State = -1, empty queue]] WARN  server.GrpcLogAppender (GrpcLogAppender.java:timeoutAppendRequest(200)) - 72bb666e-e114-4432-9598-bd6d136490e0@group-91E122509A7B->4bd38775-382d-4c4f-9f91-7366b5492a1e-GrpcLogAppender: appendEntries Timeout, request=72bb666e-e114-4432-9598-bd6d136490e0->4bd38775-382d-4c4f-9f91-7366b5492a1e#130-t2, previous=(t:2, i:19), leaderCommit=15, initializing? false, entries: <empty>
2019-09-11 07:40:35,874 [java.util.concurrent.ThreadPoolExecutor$Worker@3f71a1c8[State = -1, empty queue]] WARN  server.GrpcLogAppender (GrpcLogAppender.java:timeoutAppendRequest(200)) - 36be1d2c-b8e7-4a5e-9c9f-c881d55a8c5a@group-0D0617E48045->a1a3d5df-f415-4291-8622-8b18f7b50573-GrpcLogAppender: appendEntries Timeout, request=36be1d2c-b8e7-4a5e-9c9f-c881d55a8c5a->a1a3d5df-f415-4291-8622-8b18f7b50573#131-t2, previous=(t:2, i:20), leaderCommit=16, initializing? false, entries: <empty>
2019-09-11 07:40:35,874 [java.util.concurrent.ThreadPoolExecutor$Worker@610f7baa[State = -1, empty queue]] WARN  server.GrpcLogAppender (GrpcLogAppender.java:timeoutAppendRequest(200)) - 36be1d2c-b8e7-4a5e-9c9f-c881d55a8c5a@group-0D0617E48045->7366865a-3ccb-4fea-a2e2-b7a0314f55f5-GrpcLogAppender: appendEntries Timeout, request=36be1d2c-b8e7-4a5e-9c9f-c881d55a8c5a->7366865a-3ccb-4fea-a2e2-b7a0314f55f5#131-t2, previous=(t:2, i:20), leaderCommit=16, initializing? false, entries: <empty>
2019-09-11 07:40:35,883 [java.util.concurrent.ThreadPoolExecutor$Worker@702f6010[State = -1, empty queue]] WARN  server.GrpcLogAppender (GrpcLogAppender.java:timeoutAppendRequest(200)) - 8929662e-8651-4c9f-b246-d3ed69c98010@group-402BD240969B->9196f2dc-d574-4585-b48c-56d55fbc13c2-GrpcLogAppender: appendEntries Timeout, request=8929662e-8651-4c9f-b246-d3ed69c98010->9196f2dc-d574-4585-b48c-56d55fbc13c2#131-t2, previous=(t:2, i:20), leaderCommit=16, initializing? false, entries: <empty>
2019-09-11 07:40:35,911 [grpc-default-executor-0] WARN  server.GrpcLogAppender (LogUtils.java:warn(134)) - 8929662e-8651-4c9f-b246-d3ed69c98010@group-402BD240969B->5b8ad787-4bf9-4bb4-bfeb-9c85cd30cda7-AppendLogResponseHandler: Failed appendEntries: org.apache.ratis.thirdparty.io.grpc.StatusRuntimeException: UNAVAILABLE: io exception
2019-09-11 07:40:35,912 [grpc-default-executor-0] INFO  impl.FollowerInfo (FollowerInfo.java:lambda$new$0(51)) - 8929662e-8651-4c9f-b246-d3ed69c98010@group-402BD240969B->5b8ad787-4bf9-4bb4-bfeb-9c85cd30cda7: nextIndex: updateUnconditionally 0 -> 0
2019-09-11 07:40:36,015 [grpc-default-executor-4] INFO  client.GrpcClientProtocolClient (GrpcClientProtocolClient.java:onNext(264)) - client-1FF863BCA865->a1a3d5df-f415-4291-8622-8b18f7b50573: receive RaftClientReply:client-1FF863BCA865->a1a3d5df-f415-4291-8622-8b18f7b50573@group-0D0617E48045, cid=57, FAILED org.apache.ratis.protocol.NotLeaderException: Server a1a3d5df-f415-4291-8622-8b18f7b50573@group-0D0617E48045 is not the leader 36be1d2c-b8e7-4a5e-9c9f-c881d55a8c5a:192.168.34.12:36299, logIndex=0, commits[a1a3d5df-f415-4291-8622-8b18f7b50573:c16, 36be1d2c-b8e7-4a5e-9c9f-c881d55a8c5a:c16, 7366865a-3ccb-4fea-a2e2-b7a0314f55f5:c12]
2019-09-11 07:40:36,167 [java.util.concurrent.ThreadPoolExecutor$Worker@7765ab06[State = -1, empty queue]] WARN  server.GrpcLogAppender (GrpcLogAppender.java:timeoutAppendRequest(200)) - 72bb666e-e114-4432-9598-bd6d136490e0@group-91E122509A7B->48982da4-f995-48e9-b2c1-a2ad51cb7376-GrpcLogAppender: appendEntries Timeout, request=72bb666e-e114-4432-9598-bd6d136490e0->48982da4-f995-48e9-b2c1-a2ad51cb7376#131-t2, previous=(t:2, i:19), leaderCommit=15, initializing? false, entries: <empty>
2019-09-11 07:40:36,167 [java.util.concurrent.ThreadPoolExecutor$Worker@441336f8[State = -1, empty queue]] WARN  server.GrpcLogAppender (GrpcLogAppender.java:timeoutAppendRequest(200)) - 72bb666e-e114-4432-9598-bd6d136490e0@group-91E122509A7B->4bd38775-382d-4c4f-9f91-7366b5492a1e-GrpcLogAppender: appendEntries Timeout, request=72bb666e-e114-4432-9598-bd6d136490e0->4bd38775-382d-4c4f-9f91-7366b5492a1e#131-t2, previous=(t:2, i:19), leaderCommit=15, initializing? false, entries: <empty>
2019-09-11 07:40:36,374 [java.util.concurrent.ThreadPoolExecutor$Worker@3f71a1c8[State = -1, empty queue]] WARN  server.GrpcLogAppender (GrpcLogAppender.java:timeoutAppendRequest(200)) - 36be1d2c-b8e7-4a5e-9c9f-c881d55a8c5a@group-0D0617E48045->a1a3d5df-f415-4291-8622-8b18f7b50573-GrpcLogAppender: appendEntries Timeout, request=36be1d2c-b8e7-4a5e-9c9f-c881d55a8c5a->a1a3d5df-f415-4291-8622-8b18f7b50573#132-t2, previous=(t:2, i:20), leaderCommit=16, initializing? false, entries: <empty>
2019-09-11 07:40:36,374 [java.util.concurrent.ThreadPoolExecutor$Worker@610f7baa[State = -1, empty queue]] WARN  server.GrpcLogAppender (GrpcLogAppender.java:timeoutAppendRequest(200)) - 36be1d2c-b8e7-4a5e-9c9f-c881d55a8c5a@group-0D0617E48045->7366865a-3ccb-4fea-a2e2-b7a0314f55f5-GrpcLogAppender: appendEntries Timeout, request=36be1d2c-b8e7-4a5e-9c9f-c881d55a8c5a->7366865a-3ccb-4fea-a2e2-b7a0314f55f5#132-t2, previous=(t:2, i:20), leaderCommit=16, initializing? false, entries: <empty>
2019-09-11 07:40:36,383 [java.util.concurrent.ThreadPoolExecutor$Worker@702f6010[State = -1, empty queue]] WARN  server.GrpcLogAppender (GrpcLogAppender.java:timeoutAppendRequest(200)) - 8929662e-8651-4c9f-b246-d3ed69c98010@group-402BD240969B->9196f2dc-d574-4585-b48c-56d55fbc13c2-GrpcLogAppender: appendEntries Timeout, request=8929662e-8651-4c9f-b246-d3ed69c98010->9196f2dc-d574-4585-b48c-56d55fbc13c2#132-t2, previous=(t:2, i:20), leaderCommit=16, initializing? false, entries: <empty>
2019-09-11 07:40:36,413 [grpc-default-executor-3] WARN  server.GrpcLogAppender (LogUtils.java:warn(134)) - 8929662e-8651-4c9f-b246-d3ed69c98010@group-402BD240969B->5b8ad787-4bf9-4bb4-bfeb-9c85cd30cda7-AppendLogResponseHandler: Failed appendEntries: org.apache.ratis.thirdparty.io.grpc.StatusRuntimeException: UNAVAILABLE: io exception
2019-09-11 07:40:36,413 [grpc-default-executor-3] INFO  impl.FollowerInfo (FollowerInfo.java:lambda$new$0(51)) - 8929662e-8651-4c9f-b246-d3ed69c98010@group-402BD240969B->5b8ad787-4bf9-4bb4-bfeb-9c85cd30cda7: nextIndex: updateUnconditionally 0 -> 0
2019-09-11 07:40:36,667 [java.util.concurrent.ThreadPoolExecutor$Worker@441336f8[State = -1, empty queue]] WARN  server.GrpcLogAppender (GrpcLogAppender.java:timeoutAppendRequest(200)) - 72bb666e-e114-4432-9598-bd6d136490e0@group-91E122509A7B->4bd38775-382d-4c4f-9f91-7366b5492a1e-GrpcLogAppender: appendEntries Timeout, request=72bb666e-e114-4432-9598-bd6d136490e0->4bd38775-382d-4c4f-9f91-7366b5492a1e#132-t2, previous=(t:2, i:19), leaderCommit=15, initializing? false, entries: <empty>
2019-09-11 07:40:36,667 [java.util.concurrent.ThreadPoolExecutor$Worker@7765ab06[State = -1, empty queue]] WARN  server.GrpcLogAppender (GrpcLogAppender.java:timeoutAppendRequest(200)) - 72bb666e-e114-4432-9598-bd6d136490e0@group-91E122509A7B->48982da4-f995-48e9-b2c1-a2ad51cb7376-GrpcLogAppender: appendEntries Timeout, request=72bb666e-e114-4432-9598-bd6d136490e0->48982da4-f995-48e9-b2c1-a2ad51cb7376#132-t2, previous=(t:2, i:19), leaderCommit=15, initializing? false, entries: <empty>
2019-09-11 07:40:36,874 [java.util.concurrent.ThreadPoolExecutor$Worker@610f7baa[State = -1, empty queue]] WARN  server.GrpcLogAppender (GrpcLogAppender.java:timeoutAppendRequest(200)) - 36be1d2c-b8e7-4a5e-9c9f-c881d55a8c5a@group-0D0617E48045->7366865a-3ccb-4fea-a2e2-b7a0314f55f5-GrpcLogAppender: appendEntries Timeout, request=36be1d2c-b8e7-4a5e-9c9f-c881d55a8c5a->7366865a-3ccb-4fea-a2e2-b7a0314f55f5#133-t2, previous=(t:2, i:20), leaderCommit=16, initializing? false, entries: <empty>
2019-09-11 07:40:36,874 [java.util.concurrent.ThreadPoolExecutor$Worker@3f71a1c8[State = -1, empty queue]] WARN  server.GrpcLogAppender (GrpcLogAppender.java:timeoutAppendRequest(200)) - 36be1d2c-b8e7-4a5e-9c9f-c881d55a8c5a@group-0D0617E48045->a1a3d5df-f415-4291-8622-8b18f7b50573-GrpcLogAppender: appendEntries Timeout, request=36be1d2c-b8e7-4a5e-9c9f-c881d55a8c5a->a1a3d5df-f415-4291-8622-8b18f7b50573#133-t2, previous=(t:2, i:20), leaderCommit=16, initializing? false, entries: <empty>
2019-09-11 07:40:36,883 [java.util.concurrent.ThreadPoolExecutor$Worker@702f6010[State = -1, empty queue]] WARN  server.GrpcLogAppender (GrpcLogAppender.java:timeoutAppendRequest(200)) - 8929662e-8651-4c9f-b246-d3ed69c98010@group-402BD240969B->9196f2dc-d574-4585-b48c-56d55fbc13c2-GrpcLogAppender: appendEntries Timeout, request=8929662e-8651-4c9f-b246-d3ed69c98010->9196f2dc-d574-4585-b48c-56d55fbc13c2#133-t2, previous=(t:2, i:20), leaderCommit=16, initializing? false, entries: <empty>
2019-09-11 07:40:36,913 [grpc-default-executor-0] WARN  server.GrpcLogAppender (LogUtils.java:warn(134)) - 8929662e-8651-4c9f-b246-d3ed69c98010@group-402BD240969B->5b8ad787-4bf9-4bb4-bfeb-9c85cd30cda7-AppendLogResponseHandler: Failed appendEntries: org.apache.ratis.thirdparty.io.grpc.StatusRuntimeException: UNAVAILABLE: io exception
2019-09-11 07:40:36,913 [grpc-default-executor-0] INFO  impl.FollowerInfo (FollowerInfo.java:lambda$new$0(51)) - 8929662e-8651-4c9f-b246-d3ed69c98010@group-402BD240969B->5b8ad787-4bf9-4bb4-bfeb-9c85cd30cda7: nextIndex: updateUnconditionally 0 -> 0
2019-09-11 07:40:37,126 [4bd38775-382d-4c4f-9f91-7366b5492a1e@group-91E122509A7B-SegmentedRaftLogWorker] WARN  segmented.SegmentedRaftLogWorker (SegmentedRaftLogWorker.java:getFromFuture(90)) - Timeout 3/~
org.apache.ratis.protocol.TimeoutIOException: Timeout 10s: WriteLog:16: (t:2, i:16), STATEMACHINELOGENTRY, client-15EBA3052754, cid=43-writeStateMachineData
	at org.apache.ratis.util.IOUtils.getFromFuture(IOUtils.java:87)
	at org.apache.ratis.server.raftlog.segmented.SegmentedRaftLogWorker$StateMachineDataPolicy.getFromFuture(SegmentedRaftLogWorker.java:87)
	at org.apache.ratis.server.raftlog.segmented.SegmentedRaftLogWorker$WriteLog.execute(SegmentedRaftLogWorker.java:477)
	at org.apache.ratis.server.raftlog.segmented.SegmentedRaftLogWorker.run(SegmentedRaftLogWorker.java:289)
	at java.lang.Thread.run(Thread.java:748)
Caused by: java.util.concurrent.TimeoutException
	at java.util.concurrent.CompletableFuture.timedGet(CompletableFuture.java:1771)
	at java.util.concurrent.CompletableFuture.get(CompletableFuture.java:1915)
	at org.apache.ratis.util.IOUtils.getFromFuture(IOUtils.java:79)
	... 4 more
2019-09-11 07:40:37,151 [48982da4-f995-48e9-b2c1-a2ad51cb7376@group-91E122509A7B-SegmentedRaftLogWorker] WARN  segmented.SegmentedRaftLogWorker (SegmentedRaftLogWorker.java:getFromFuture(90)) - Timeout 3/~
org.apache.ratis.protocol.TimeoutIOException: Timeout 10s: WriteLog:16: (t:2, i:16), STATEMACHINELOGENTRY, client-15EBA3052754, cid=43-writeStateMachineData
	at org.apache.ratis.util.IOUtils.getFromFuture(IOUtils.java:87)
	at org.apache.ratis.server.raftlog.segmented.SegmentedRaftLogWorker$StateMachineDataPolicy.getFromFuture(SegmentedRaftLogWorker.java:87)
	at org.apache.ratis.server.raftlog.segmented.SegmentedRaftLogWorker$WriteLog.execute(SegmentedRaftLogWorker.java:477)
	at org.apache.ratis.server.raftlog.segmented.SegmentedRaftLogWorker.run(SegmentedRaftLogWorker.java:289)
	at java.lang.Thread.run(Thread.java:748)
Caused by: java.util.concurrent.TimeoutException
	at java.util.concurrent.CompletableFuture.timedGet(CompletableFuture.java:1771)
	at java.util.concurrent.CompletableFuture.get(CompletableFuture.java:1915)
	at org.apache.ratis.util.IOUtils.getFromFuture(IOUtils.java:79)
	... 4 more
2019-09-11 07:40:37,152 [72bb666e-e114-4432-9598-bd6d136490e0@group-91E122509A7B-SegmentedRaftLogWorker] WARN  segmented.SegmentedRaftLogWorker (SegmentedRaftLogWorker.java:getFromFuture(90)) - Timeout 3/~
org.apache.ratis.protocol.TimeoutIOException: Timeout 10s: WriteLog:18: (t:2, i:18), STATEMACHINELOGENTRY, client-15EBA3052754, cid=45-writeStateMachineData
	at org.apache.ratis.util.IOUtils.getFromFuture(IOUtils.java:87)
	at org.apache.ratis.server.raftlog.segmented.SegmentedRaftLogWorker$StateMachineDataPolicy.getFromFuture(SegmentedRaftLogWorker.java:87)
	at org.apache.ratis.server.raftlog.segmented.SegmentedRaftLogWorker$WriteLog.execute(SegmentedRaftLogWorker.java:477)
	at org.apache.ratis.server.raftlog.segmented.SegmentedRaftLogWorker.run(SegmentedRaftLogWorker.java:289)
	at java.lang.Thread.run(Thread.java:748)
Caused by: java.util.concurrent.TimeoutException
	at java.util.concurrent.CompletableFuture.timedGet(CompletableFuture.java:1771)
	at java.util.concurrent.CompletableFuture.get(CompletableFuture.java:1915)
	at org.apache.ratis.util.IOUtils.getFromFuture(IOUtils.java:79)
	... 4 more
2019-09-11 07:40:37,168 [java.util.concurrent.ThreadPoolExecutor$Worker@441336f8[State = -1, empty queue]] WARN  server.GrpcLogAppender (GrpcLogAppender.java:timeoutAppendRequest(200)) - 72bb666e-e114-4432-9598-bd6d136490e0@group-91E122509A7B->4bd38775-382d-4c4f-9f91-7366b5492a1e-GrpcLogAppender: appendEntries Timeout, request=72bb666e-e114-4432-9598-bd6d136490e0->4bd38775-382d-4c4f-9f91-7366b5492a1e#133-t2, previous=(t:2, i:19), leaderCommit=15, initializing? false, entries: <empty>
2019-09-11 07:40:37,168 [java.util.concurrent.ThreadPoolExecutor$Worker@7765ab06[State = -1, empty queue]] WARN  server.GrpcLogAppender (GrpcLogAppender.java:timeoutAppendRequest(200)) - 72bb666e-e114-4432-9598-bd6d136490e0@group-91E122509A7B->48982da4-f995-48e9-b2c1-a2ad51cb7376-GrpcLogAppender: appendEntries Timeout, request=72bb666e-e114-4432-9598-bd6d136490e0->48982da4-f995-48e9-b2c1-a2ad51cb7376#133-t2, previous=(t:2, i:19), leaderCommit=15, initializing? false, entries: <empty>
2019-09-11 07:40:37,375 [java.util.concurrent.ThreadPoolExecutor$Worker@3f71a1c8[State = -1, empty queue]] WARN  server.GrpcLogAppender (GrpcLogAppender.java:timeoutAppendRequest(200)) - 36be1d2c-b8e7-4a5e-9c9f-c881d55a8c5a@group-0D0617E48045->a1a3d5df-f415-4291-8622-8b18f7b50573-GrpcLogAppender: appendEntries Timeout, request=36be1d2c-b8e7-4a5e-9c9f-c881d55a8c5a->a1a3d5df-f415-4291-8622-8b18f7b50573#134-t2, previous=(t:2, i:20), leaderCommit=16, initializing? false, entries: <empty>
2019-09-11 07:40:37,375 [java.util.concurrent.ThreadPoolExecutor$Worker@610f7baa[State = -1, empty queue]] WARN  server.GrpcLogAppender (GrpcLogAppender.java:timeoutAppendRequest(200)) - 36be1d2c-b8e7-4a5e-9c9f-c881d55a8c5a@group-0D0617E48045->7366865a-3ccb-4fea-a2e2-b7a0314f55f5-GrpcLogAppender: appendEntries Timeout, request=36be1d2c-b8e7-4a5e-9c9f-c881d55a8c5a->7366865a-3ccb-4fea-a2e2-b7a0314f55f5#134-t2, previous=(t:2, i:20), leaderCommit=16, initializing? false, entries: <empty>
2019-09-11 07:40:37,384 [java.util.concurrent.ThreadPoolExecutor$Worker@702f6010[State = -1, empty queue]] WARN  server.GrpcLogAppender (GrpcLogAppender.java:timeoutAppendRequest(200)) - 8929662e-8651-4c9f-b246-d3ed69c98010@group-402BD240969B->9196f2dc-d574-4585-b48c-56d55fbc13c2-GrpcLogAppender: appendEntries Timeout, request=8929662e-8651-4c9f-b246-d3ed69c98010->9196f2dc-d574-4585-b48c-56d55fbc13c2#134-t2, previous=(t:2, i:20), leaderCommit=16, initializing? false, entries: <empty>
2019-09-11 07:40:37,415 [grpc-default-executor-3] WARN  server.GrpcLogAppender (LogUtils.java:warn(134)) - 8929662e-8651-4c9f-b246-d3ed69c98010@group-402BD240969B->5b8ad787-4bf9-4bb4-bfeb-9c85cd30cda7-AppendLogResponseHandler: Failed appendEntries: org.apache.ratis.thirdparty.io.grpc.StatusRuntimeException: UNAVAILABLE: io exception
2019-09-11 07:40:37,415 [grpc-default-executor-3] INFO  impl.FollowerInfo (FollowerInfo.java:lambda$new$0(51)) - 8929662e-8651-4c9f-b246-d3ed69c98010@group-402BD240969B->5b8ad787-4bf9-4bb4-bfeb-9c85cd30cda7: nextIndex: updateUnconditionally 0 -> 0
2019-09-11 07:40:37,669 [java.util.concurrent.ThreadPoolExecutor$Worker@7765ab06[State = -1, empty queue]] WARN  server.GrpcLogAppender (GrpcLogAppender.java:timeoutAppendRequest(200)) - 72bb666e-e114-4432-9598-bd6d136490e0@group-91E122509A7B->48982da4-f995-48e9-b2c1-a2ad51cb7376-GrpcLogAppender: appendEntries Timeout, request=72bb666e-e114-4432-9598-bd6d136490e0->48982da4-f995-48e9-b2c1-a2ad51cb7376#134-t2, previous=(t:2, i:19), leaderCommit=15, initializing? false, entries: <empty>
2019-09-11 07:40:37,669 [java.util.concurrent.ThreadPoolExecutor$Worker@441336f8[State = -1, empty queue]] WARN  server.GrpcLogAppender (GrpcLogAppender.java:timeoutAppendRequest(200)) - 72bb666e-e114-4432-9598-bd6d136490e0@group-91E122509A7B->4bd38775-382d-4c4f-9f91-7366b5492a1e-GrpcLogAppender: appendEntries Timeout, request=72bb666e-e114-4432-9598-bd6d136490e0->4bd38775-382d-4c4f-9f91-7366b5492a1e#134-t2, previous=(t:2, i:19), leaderCommit=15, initializing? false, entries: <empty>
2019-09-11 07:40:37,875 [java.util.concurrent.ThreadPoolExecutor$Worker@610f7baa[State = -1, empty queue]] WARN  server.GrpcLogAppender (GrpcLogAppender.java:timeoutAppendRequest(200)) - 36be1d2c-b8e7-4a5e-9c9f-c881d55a8c5a@group-0D0617E48045->7366865a-3ccb-4fea-a2e2-b7a0314f55f5-GrpcLogAppender: appendEntries Timeout, request=36be1d2c-b8e7-4a5e-9c9f-c881d55a8c5a->7366865a-3ccb-4fea-a2e2-b7a0314f55f5#135-t2, previous=(t:2, i:20), leaderCommit=16, initializing? false, entries: <empty>
2019-09-11 07:40:37,875 [java.util.concurrent.ThreadPoolExecutor$Worker@3f71a1c8[State = -1, empty queue]] WARN  server.GrpcLogAppender (GrpcLogAppender.java:timeoutAppendRequest(200)) - 36be1d2c-b8e7-4a5e-9c9f-c881d55a8c5a@group-0D0617E48045->a1a3d5df-f415-4291-8622-8b18f7b50573-GrpcLogAppender: appendEntries Timeout, request=36be1d2c-b8e7-4a5e-9c9f-c881d55a8c5a->a1a3d5df-f415-4291-8622-8b18f7b50573#135-t2, previous=(t:2, i:20), leaderCommit=16, initializing? false, entries: <empty>
2019-09-11 07:40:37,884 [java.util.concurrent.ThreadPoolExecutor$Worker@702f6010[State = -1, empty queue]] WARN  server.GrpcLogAppender (GrpcLogAppender.java:timeoutAppendRequest(200)) - 8929662e-8651-4c9f-b246-d3ed69c98010@group-402BD240969B->9196f2dc-d574-4585-b48c-56d55fbc13c2-GrpcLogAppender: appendEntries Timeout, request=8929662e-8651-4c9f-b246-d3ed69c98010->9196f2dc-d574-4585-b48c-56d55fbc13c2#135-t2, previous=(t:2, i:20), leaderCommit=16, initializing? false, entries: <empty>
2019-09-11 07:40:37,891 [9196f2dc-d574-4585-b48c-56d55fbc13c2@group-402BD240969B-SegmentedRaftLogWorker] WARN  segmented.SegmentedRaftLogWorker (SegmentedRaftLogWorker.java:getFromFuture(90)) - Timeout 5/~
org.apache.ratis.protocol.TimeoutIOException: Timeout 10s: WriteLog:19: (t:2, i:19), STATEMACHINELOGENTRY, client-CA35EAD14A50, cid=31-writeStateMachineData
	at org.apache.ratis.util.IOUtils.getFromFuture(IOUtils.java:87)
	at org.apache.ratis.server.raftlog.segmented.SegmentedRaftLogWorker$StateMachineDataPolicy.getFromFuture(SegmentedRaftLogWorker.java:87)
	at org.apache.ratis.server.raftlog.segmented.SegmentedRaftLogWorker$WriteLog.execute(SegmentedRaftLogWorker.java:477)
	at org.apache.ratis.server.raftlog.segmented.SegmentedRaftLogWorker.run(SegmentedRaftLogWorker.java:289)
	at java.lang.Thread.run(Thread.java:748)
Caused by: java.util.concurrent.TimeoutException
	at java.util.concurrent.CompletableFuture.timedGet(CompletableFuture.java:1771)
	at java.util.concurrent.CompletableFuture.get(CompletableFuture.java:1915)
	at org.apache.ratis.util.IOUtils.getFromFuture(IOUtils.java:79)
	... 4 more
2019-09-11 07:40:37,891 [8929662e-8651-4c9f-b246-d3ed69c98010@group-402BD240969B-SegmentedRaftLogWorker] WARN  segmented.SegmentedRaftLogWorker (SegmentedRaftLogWorker.java:getFromFuture(90)) - Timeout 5/~
org.apache.ratis.protocol.TimeoutIOException: Timeout 10s: WriteLog:19: (t:2, i:19), STATEMACHINELOGENTRY, client-CA35EAD14A50, cid=31-writeStateMachineData
	at org.apache.ratis.util.IOUtils.getFromFuture(IOUtils.java:87)
	at org.apache.ratis.server.raftlog.segmented.SegmentedRaftLogWorker$StateMachineDataPolicy.getFromFuture(SegmentedRaftLogWorker.java:87)
	at org.apache.ratis.server.raftlog.segmented.SegmentedRaftLogWorker$WriteLog.execute(SegmentedRaftLogWorker.java:477)
	at org.apache.ratis.server.raftlog.segmented.SegmentedRaftLogWorker.run(SegmentedRaftLogWorker.java:289)
	at java.lang.Thread.run(Thread.java:748)
Caused by: java.util.concurrent.TimeoutException
	at java.util.concurrent.CompletableFuture.timedGet(CompletableFuture.java:1771)
	at java.util.concurrent.CompletableFuture.get(CompletableFuture.java:1915)
	at org.apache.ratis.util.IOUtils.getFromFuture(IOUtils.java:79)
	... 4 more
2019-09-11 07:40:37,916 [grpc-default-executor-4] WARN  server.GrpcLogAppender (LogUtils.java:warn(134)) - 8929662e-8651-4c9f-b246-d3ed69c98010@group-402BD240969B->5b8ad787-4bf9-4bb4-bfeb-9c85cd30cda7-AppendLogResponseHandler: Failed appendEntries: org.apache.ratis.thirdparty.io.grpc.StatusRuntimeException: UNAVAILABLE: io exception
2019-09-11 07:40:37,925 [grpc-default-executor-4] INFO  impl.FollowerInfo (FollowerInfo.java:lambda$new$0(51)) - 8929662e-8651-4c9f-b246-d3ed69c98010@group-402BD240969B->5b8ad787-4bf9-4bb4-bfeb-9c85cd30cda7: nextIndex: updateUnconditionally 0 -> 0
2019-09-11 07:40:38,169 [java.util.concurrent.ThreadPoolExecutor$Worker@441336f8[State = -1, empty queue]] WARN  server.GrpcLogAppender (GrpcLogAppender.java:timeoutAppendRequest(200)) - 72bb666e-e114-4432-9598-bd6d136490e0@group-91E122509A7B->4bd38775-382d-4c4f-9f91-7366b5492a1e-GrpcLogAppender: appendEntries Timeout, request=72bb666e-e114-4432-9598-bd6d136490e0->4bd38775-382d-4c4f-9f91-7366b5492a1e#135-t2, previous=(t:2, i:19), leaderCommit=15, initializing? false, entries: <empty>
2019-09-11 07:40:38,169 [java.util.concurrent.ThreadPoolExecutor$Worker@7765ab06[State = -1, empty queue]] WARN  server.GrpcLogAppender (GrpcLogAppender.java:timeoutAppendRequest(200)) - 72bb666e-e114-4432-9598-bd6d136490e0@group-91E122509A7B->48982da4-f995-48e9-b2c1-a2ad51cb7376-GrpcLogAppender: appendEntries Timeout, request=72bb666e-e114-4432-9598-bd6d136490e0->48982da4-f995-48e9-b2c1-a2ad51cb7376#135-t2, previous=(t:2, i:19), leaderCommit=15, initializing? false, entries: <empty>
2019-09-11 07:40:38,375 [java.util.concurrent.ThreadPoolExecutor$Worker@3f71a1c8[State = -1, empty queue]] WARN  server.GrpcLogAppender (GrpcLogAppender.java:timeoutAppendRequest(200)) - 36be1d2c-b8e7-4a5e-9c9f-c881d55a8c5a@group-0D0617E48045->a1a3d5df-f415-4291-8622-8b18f7b50573-GrpcLogAppender: appendEntries Timeout, request=36be1d2c-b8e7-4a5e-9c9f-c881d55a8c5a->a1a3d5df-f415-4291-8622-8b18f7b50573#136-t2, previous=(t:2, i:20), leaderCommit=16, initializing? false, entries: <empty>
2019-09-11 07:40:38,375 [java.util.concurrent.ThreadPoolExecutor$Worker@610f7baa[State = -1, empty queue]] WARN  server.GrpcLogAppender (GrpcLogAppender.java:timeoutAppendRequest(200)) - 36be1d2c-b8e7-4a5e-9c9f-c881d55a8c5a@group-0D0617E48045->7366865a-3ccb-4fea-a2e2-b7a0314f55f5-GrpcLogAppender: appendEntries Timeout, request=36be1d2c-b8e7-4a5e-9c9f-c881d55a8c5a->7366865a-3ccb-4fea-a2e2-b7a0314f55f5#136-t2, previous=(t:2, i:20), leaderCommit=16, initializing? false, entries: <empty>
2019-09-11 07:40:38,384 [java.util.concurrent.ThreadPoolExecutor$Worker@702f6010[State = -1, empty queue]] WARN  server.GrpcLogAppender (GrpcLogAppender.java:timeoutAppendRequest(200)) - 8929662e-8651-4c9f-b246-d3ed69c98010@group-402BD240969B->9196f2dc-d574-4585-b48c-56d55fbc13c2-GrpcLogAppender: appendEntries Timeout, request=8929662e-8651-4c9f-b246-d3ed69c98010->9196f2dc-d574-4585-b48c-56d55fbc13c2#136-t2, previous=(t:2, i:20), leaderCommit=16, initializing? false, entries: <empty>
2019-09-11 07:40:38,416 [grpc-default-executor-3] WARN  server.GrpcLogAppender (LogUtils.java:warn(134)) - 8929662e-8651-4c9f-b246-d3ed69c98010@group-402BD240969B->5b8ad787-4bf9-4bb4-bfeb-9c85cd30cda7-AppendLogResponseHandler: Failed appendEntries: org.apache.ratis.thirdparty.io.grpc.StatusRuntimeException: UNAVAILABLE: io exception
2019-09-11 07:40:38,417 [grpc-default-executor-3] INFO  impl.FollowerInfo (FollowerInfo.java:lambda$new$0(51)) - 8929662e-8651-4c9f-b246-d3ed69c98010@group-402BD240969B->5b8ad787-4bf9-4bb4-bfeb-9c85cd30cda7: nextIndex: updateUnconditionally 0 -> 0
2019-09-11 07:40:38,669 [java.util.concurrent.ThreadPoolExecutor$Worker@441336f8[State = -1, empty queue]] WARN  server.GrpcLogAppender (GrpcLogAppender.java:timeoutAppendRequest(200)) - 72bb666e-e114-4432-9598-bd6d136490e0@group-91E122509A7B->4bd38775-382d-4c4f-9f91-7366b5492a1e-GrpcLogAppender: appendEntries Timeout, request=72bb666e-e114-4432-9598-bd6d136490e0->4bd38775-382d-4c4f-9f91-7366b5492a1e#136-t2, previous=(t:2, i:19), leaderCommit=15, initializing? false, entries: <empty>
2019-09-11 07:40:38,669 [java.util.concurrent.ThreadPoolExecutor$Worker@7765ab06[State = -1, empty queue]] WARN  server.GrpcLogAppender (GrpcLogAppender.java:timeoutAppendRequest(200)) - 72bb666e-e114-4432-9598-bd6d136490e0@group-91E122509A7B->48982da4-f995-48e9-b2c1-a2ad51cb7376-GrpcLogAppender: appendEntries Timeout, request=72bb666e-e114-4432-9598-bd6d136490e0->48982da4-f995-48e9-b2c1-a2ad51cb7376#136-t2, previous=(t:2, i:19), leaderCommit=15, initializing? false, entries: <empty>
2019-09-11 07:40:38,876 [java.util.concurrent.ThreadPoolExecutor$Worker@3f71a1c8[State = -1, empty queue]] WARN  server.GrpcLogAppender (GrpcLogAppender.java:timeoutAppendRequest(200)) - 36be1d2c-b8e7-4a5e-9c9f-c881d55a8c5a@group-0D0617E48045->a1a3d5df-f415-4291-8622-8b18f7b50573-GrpcLogAppender: appendEntries Timeout, request=36be1d2c-b8e7-4a5e-9c9f-c881d55a8c5a->a1a3d5df-f415-4291-8622-8b18f7b50573#137-t2, previous=(t:2, i:20), leaderCommit=16, initializing? false, entries: <empty>
2019-09-11 07:40:38,876 [java.util.concurrent.ThreadPoolExecutor$Worker@610f7baa[State = -1, empty queue]] WARN  server.GrpcLogAppender (GrpcLogAppender.java:timeoutAppendRequest(200)) - 36be1d2c-b8e7-4a5e-9c9f-c881d55a8c5a@group-0D0617E48045->7366865a-3ccb-4fea-a2e2-b7a0314f55f5-GrpcLogAppender: appendEntries Timeout, request=36be1d2c-b8e7-4a5e-9c9f-c881d55a8c5a->7366865a-3ccb-4fea-a2e2-b7a0314f55f5#137-t2, previous=(t:2, i:20), leaderCommit=16, initializing? false, entries: <empty>
2019-09-11 07:40:38,884 [java.util.concurrent.ThreadPoolExecutor$Worker@702f6010[State = -1, empty queue]] WARN  server.GrpcLogAppender (GrpcLogAppender.java:timeoutAppendRequest(200)) - 8929662e-8651-4c9f-b246-d3ed69c98010@group-402BD240969B->9196f2dc-d574-4585-b48c-56d55fbc13c2-GrpcLogAppender: appendEntries Timeout, request=8929662e-8651-4c9f-b246-d3ed69c98010->9196f2dc-d574-4585-b48c-56d55fbc13c2#137-t2, previous=(t:2, i:20), leaderCommit=16, initializing? false, entries: <empty>
2019-09-11 07:40:38,917 [grpc-default-executor-0] WARN  server.GrpcLogAppender (LogUtils.java:warn(134)) - 8929662e-8651-4c9f-b246-d3ed69c98010@group-402BD240969B->5b8ad787-4bf9-4bb4-bfeb-9c85cd30cda7-AppendLogResponseHandler: Failed appendEntries: org.apache.ratis.thirdparty.io.grpc.StatusRuntimeException: UNAVAILABLE: io exception
2019-09-11 07:40:38,918 [grpc-default-executor-0] INFO  impl.FollowerInfo (FollowerInfo.java:lambda$new$0(51)) - 8929662e-8651-4c9f-b246-d3ed69c98010@group-402BD240969B->5b8ad787-4bf9-4bb4-bfeb-9c85cd30cda7: nextIndex: updateUnconditionally 0 -> 0
2019-09-11 07:40:39,042 [main] WARN  io.KeyOutputStream (KeyOutputStream.java:handleException(276)) - Encountered exception java.io.IOException: Unexpected Storage Container Exception: java.util.concurrent.CompletionException: java.util.concurrent.CompletionException: org.apache.ratis.protocol.RaftRetryFailureException: Failed RaftClientRequest:client-1FF863BCA865->36be1d2c-b8e7-4a5e-9c9f-c881d55a8c5a@group-0D0617E48045, cid=57, seq=9*, RW, org.apache.hadoop.hdds.scm.XceiverClientRatis$$Lambda$434/163015520@2db8f0b6 for 10 attempts with RetryLimited(maxAttempts=10, sleepTime=1000ms) on the pipeline Pipeline[ Id: e3102112-5d56-4448-b7ef-0d0617e48045, Nodes: a1a3d5df-f415-4291-8622-8b18f7b50573{ip: 192.168.34.12, host: pr-hdds-2106-8t9qr-763259812, networkLocation: /default-rack, certSerialId: null}36be1d2c-b8e7-4a5e-9c9f-c881d55a8c5a{ip: 192.168.34.12, host: pr-hdds-2106-8t9qr-763259812, networkLocation: /default-rack, certSerialId: null}7366865a-3ccb-4fea-a2e2-b7a0314f55f5{ip: 192.168.34.12, host: pr-hdds-2106-8t9qr-763259812, networkLocation: /default-rack, certSerialId: null}, Type:RATIS, Factor:THREE, State:OPEN]. The last committed block length is 0, uncommitted data length is 2097152 retry count 0
2019-09-11 07:40:39,071 [IPC Server handler 7 on 41826] WARN  block.BlockManagerImpl (BlockManagerImpl.java:allocateBlock(192)) - Pipeline creation failed for type:RATIS factor:THREE. Retrying get pipelines call once.
org.apache.hadoop.hdds.scm.pipeline.InsufficientDatanodesException: Cannot create pipeline of factor 3 using 1 nodes.
	at org.apache.hadoop.hdds.scm.pipeline.RatisPipelineProvider.create(RatisPipelineProvider.java:152)
	at org.apache.hadoop.hdds.scm.pipeline.PipelineFactory.create(PipelineFactory.java:57)
	at org.apache.hadoop.hdds.scm.pipeline.SCMPipelineManager.createPipeline(SCMPipelineManager.java:151)
	at org.apache.hadoop.hdds.scm.block.BlockManagerImpl.allocateBlock(BlockManagerImpl.java:190)
	at org.apache.hadoop.hdds.scm.server.SCMBlockProtocolServer.allocateBlock(SCMBlockProtocolServer.java:182)
	at org.apache.hadoop.ozone.protocolPB.ScmBlockLocationProtocolServerSideTranslatorPB.allocateScmBlock(ScmBlockLocationProtocolServerSideTranslatorPB.java:183)
	at org.apache.hadoop.ozone.protocolPB.ScmBlockLocationProtocolServerSideTranslatorPB.processMessage(ScmBlockLocationProtocolServerSideTranslatorPB.java:141)
	at org.apache.hadoop.ozone.protocolPB.ScmBlockLocationProtocolServerSideTranslatorPB.send(ScmBlockLocationProtocolServerSideTranslatorPB.java:116)
	at org.apache.hadoop.hdds.protocol.proto.ScmBlockLocationProtocolProtos$ScmBlockLocationProtocolService$2.callBlockingMethod(ScmBlockLocationProtocolProtos.java:13157)
	at org.apache.hadoop.ipc.ProtobufRpcEngine$Server$ProtoBufRpcInvoker.call(ProtobufRpcEngine.java:524)
	at org.apache.hadoop.ipc.RPC$Server.call(RPC.java:1025)
	at org.apache.hadoop.ipc.Server$RpcCall.run(Server.java:876)
	at org.apache.hadoop.ipc.Server$RpcCall.run(Server.java:822)
	at java.security.AccessController.doPrivileged(Native Method)
	at javax.security.auth.Subject.doAs(Subject.java:422)
	at org.apache.hadoop.security.UserGroupInformation.doAs(UserGroupInformation.java:1730)
	at org.apache.hadoop.ipc.Server$Handler.run(Server.java:2682)
2019-09-11 07:40:39,074 [IPC Server handler 7 on 41826] INFO  block.BlockManagerImpl (BlockManagerImpl.java:allocateBlock(198)) - Could not find available pipeline of type:RATIS and factor:THREE even after retrying
2019-09-11 07:40:39,074 [IPC Server handler 7 on 41826] ERROR block.BlockManagerImpl (BlockManagerImpl.java:allocateBlock(222)) - Unable to allocate a block for the size: 4194304, type: RATIS, factor: THREE
2019-09-11 07:40:39,080 [main] ERROR io.BlockOutputStreamEntryPool (BlockOutputStreamEntryPool.java:allocateBlockIfNeeded(299)) - Try to allocate more blocks for write failed, already allocated 0 blocks for this write.
INTERNAL_ERROR org.apache.hadoop.ozone.om.exceptions.OMException: Allocated 0 blocks. Requested 1 blocks
	at org.apache.hadoop.ozone.om.protocolPB.OzoneManagerProtocolClientSideTranslatorPB.handleError(OzoneManagerProtocolClientSideTranslatorPB.java:725)
	at org.apache.hadoop.ozone.om.protocolPB.OzoneManagerProtocolClientSideTranslatorPB.allocateBlock(OzoneManagerProtocolClientSideTranslatorPB.java:757)
	at org.apache.hadoop.ozone.client.io.BlockOutputStreamEntryPool.allocateNewBlock(BlockOutputStreamEntryPool.java:248)
	at org.apache.hadoop.ozone.client.io.BlockOutputStreamEntryPool.allocateBlockIfNeeded(BlockOutputStreamEntryPool.java:296)
	at org.apache.hadoop.ozone.client.io.KeyOutputStream.handleWrite(KeyOutputStream.java:201)
	at org.apache.hadoop.ozone.client.io.KeyOutputStream.handleRetry(KeyOutputStream.java:376)
	at org.apache.hadoop.ozone.client.io.KeyOutputStream.handleException(KeyOutputStream.java:325)
	at org.apache.hadoop.ozone.client.io.KeyOutputStream.handleWrite(KeyOutputStream.java:231)
	at org.apache.hadoop.ozone.client.io.KeyOutputStream.write(KeyOutputStream.java:193)
	at org.apache.hadoop.ozone.client.io.OzoneOutputStream.write(OzoneOutputStream.java:49)
	at java.io.OutputStream.write(OutputStream.java:75)
	at org.apache.hadoop.ozone.client.rpc.TestMultiBlockWritesWithDnFailures.testMultiBlockWritesWithIntermittentDnFailures(TestMultiBlockWritesWithDnFailures.java:192)
	at sun.reflect.NativeMethodAccessorImpl.invoke0(Native Method)
	at sun.reflect.NativeMethodAccessorImpl.invoke(NativeMethodAccessorImpl.java:62)
	at sun.reflect.DelegatingMethodAccessorImpl.invoke(DelegatingMethodAccessorImpl.java:43)
	at java.lang.reflect.Method.invoke(Method.java:498)
	at org.junit.runners.model.FrameworkMethod$1.runReflectiveCall(FrameworkMethod.java:47)
	at org.junit.internal.runners.model.ReflectiveCallable.run(ReflectiveCallable.java:12)
	at org.junit.runners.model.FrameworkMethod.invokeExplosively(FrameworkMethod.java:44)
	at org.junit.internal.runners.statements.InvokeMethod.evaluate(InvokeMethod.java:17)
	at org.junit.internal.runners.statements.RunAfters.evaluate(RunAfters.java:27)
	at org.junit.runners.ParentRunner.runLeaf(ParentRunner.java:271)
	at org.junit.runners.BlockJUnit4ClassRunner.runChild(BlockJUnit4ClassRunner.java:70)
	at org.junit.runners.BlockJUnit4ClassRunner.runChild(BlockJUnit4ClassRunner.java:50)
	at org.junit.runners.ParentRunner$3.run(ParentRunner.java:238)
	at org.junit.runners.ParentRunner$1.schedule(ParentRunner.java:63)
	at org.junit.runners.ParentRunner.runChildren(ParentRunner.java:236)
	at org.junit.runners.ParentRunner.access$000(ParentRunner.java:53)
	at org.junit.runners.ParentRunner$2.evaluate(ParentRunner.java:229)
	at org.junit.runners.ParentRunner.run(ParentRunner.java:309)
	at org.apache.maven.surefire.junit4.JUnit4Provider.execute(JUnit4Provider.java:365)
	at org.apache.maven.surefire.junit4.JUnit4Provider.executeWithRerun(JUnit4Provider.java:273)
	at org.apache.maven.surefire.junit4.JUnit4Provider.executeTestSet(JUnit4Provider.java:238)
	at org.apache.maven.surefire.junit4.JUnit4Provider.invoke(JUnit4Provider.java:159)
	at org.apache.maven.surefire.booter.ForkedBooter.invokeProviderInSameClassLoader(ForkedBooter.java:384)
	at org.apache.maven.surefire.booter.ForkedBooter.runSuitesInProcess(ForkedBooter.java:345)
	at org.apache.maven.surefire.booter.ForkedBooter.execute(ForkedBooter.java:126)
	at org.apache.maven.surefire.booter.ForkedBooter.main(ForkedBooter.java:418)
2019-09-11 07:40:39,084 [main] INFO  ozone.MiniOzoneClusterImpl (MiniOzoneClusterImpl.java:shutdown(307)) - Shutting down the Mini Ozone Cluster
2019-09-11 07:40:39,085 [main] INFO  ozone.MiniOzoneClusterImpl (MiniOzoneClusterImpl.java:stop(322)) - Stopping the Mini Ozone Cluster
2019-09-11 07:40:39,085 [main] INFO  ozone.MiniOzoneClusterImpl (MiniOzoneClusterImpl.java:stop(324)) - Stopping the OzoneManager
2019-09-11 07:40:39,086 [main] INFO  ipc.Server (Server.java:stop(3082)) - Stopping server on 36112
2019-09-11 07:40:39,097 [IPC Server listener on 36112] INFO  ipc.Server (Server.java:run(1185)) - Stopping IPC Server listener on 36112
2019-09-11 07:40:39,100 [main] INFO  ratis.OzoneManagerDoubleBuffer (OzoneManagerDoubleBuffer.java:stop(248)) - Stopping OMDoubleBuffer flush thread
2019-09-11 07:40:39,112 [IPC Server Responder] INFO  ipc.Server (Server.java:run(1319)) - Stopping IPC Server Responder
2019-09-11 07:40:39,116 [OMDoubleBufferFlushThread] INFO  ratis.OzoneManagerDoubleBuffer (OzoneManagerDoubleBuffer.java:flushTransactions(191)) - OMDoubleBuffer flush thread OMDoubleBufferFlushThread is interrupted and will exit. OMDoubleBufferFlushThread
2019-09-11 07:40:39,140 [main] INFO  utils.BackgroundService (BackgroundService.java:shutdown(148)) - Shutting down service KeyDeletingService
2019-09-11 07:40:39,155 [main] INFO  handler.ContextHandler (ContextHandler.java:doStop(910)) - Stopped o.e.j.w.WebAppContext@444548a0{/,null,UNAVAILABLE}{/ozoneManager}
2019-09-11 07:40:39,156 [main] INFO  server.AbstractConnector (AbstractConnector.java:doStop(318)) - Stopped ServerConnector@3766c667{HTTP/1.1,[http/1.1]}{0.0.0.0:0}
2019-09-11 07:40:39,157 [main] INFO  handler.ContextHandler (ContextHandler.java:doStop(910)) - Stopped o.e.j.s.ServletContextHandler@2571066a{/static,file:///workdir/hadoop-ozone/integration-test/target/test-classes/webapps/static,UNAVAILABLE}
2019-09-11 07:40:39,157 [main] INFO  handler.ContextHandler (ContextHandler.java:doStop(910)) - Stopped o.e.j.s.ServletContextHandler@25d3cfc8{/logs,file:///workdir/hadoop-ozone/integration-test/target/log,UNAVAILABLE}
2019-09-11 07:40:39,161 [main] INFO  ozone.MiniOzoneClusterImpl (MiniOzoneClusterImpl.java:stop(330)) - Shutting the HddsDatanodes
2019-09-11 07:40:39,171 [java.util.concurrent.ThreadPoolExecutor$Worker@7765ab06[State = -1, empty queue]] WARN  server.GrpcLogAppender (GrpcLogAppender.java:timeoutAppendRequest(200)) - 72bb666e-e114-4432-9598-bd6d136490e0@group-91E122509A7B->48982da4-f995-48e9-b2c1-a2ad51cb7376-GrpcLogAppender: appendEntries Timeout, request=72bb666e-e114-4432-9598-bd6d136490e0->48982da4-f995-48e9-b2c1-a2ad51cb7376#137-t2, previous=(t:2, i:19), leaderCommit=15, initializing? false, entries: <empty>
2019-09-11 07:40:39,171 [java.util.concurrent.ThreadPoolExecutor$Worker@441336f8[State = -1, empty queue]] WARN  server.GrpcLogAppender (GrpcLogAppender.java:timeoutAppendRequest(200)) - 72bb666e-e114-4432-9598-bd6d136490e0@group-91E122509A7B->4bd38775-382d-4c4f-9f91-7366b5492a1e-GrpcLogAppender: appendEntries Timeout, request=72bb666e-e114-4432-9598-bd6d136490e0->4bd38775-382d-4c4f-9f91-7366b5492a1e#137-t2, previous=(t:2, i:19), leaderCommit=15, initializing? false, entries: <empty>
2019-09-11 07:40:39,230 [Datanode State Machine Thread - 0] INFO  statemachine.DatanodeStateMachine (DatanodeStateMachine.java:lambda$startDaemon$0(350)) - Ozone container server started.
2019-09-11 07:40:39,377 [java.util.concurrent.ThreadPoolExecutor$Worker@610f7baa[State = -1, empty queue]] WARN  server.GrpcLogAppender (GrpcLogAppender.java:timeoutAppendRequest(200)) - 36be1d2c-b8e7-4a5e-9c9f-c881d55a8c5a@group-0D0617E48045->7366865a-3ccb-4fea-a2e2-b7a0314f55f5-GrpcLogAppender: appendEntries Timeout, request=36be1d2c-b8e7-4a5e-9c9f-c881d55a8c5a->7366865a-3ccb-4fea-a2e2-b7a0314f55f5#138-t2, previous=(t:2, i:20), leaderCommit=16, initializing? false, entries: <empty>
2019-09-11 07:40:39,377 [java.util.concurrent.ThreadPoolExecutor$Worker@3f71a1c8[State = -1, empty queue]] WARN  server.GrpcLogAppender (GrpcLogAppender.java:timeoutAppendRequest(200)) - 36be1d2c-b8e7-4a5e-9c9f-c881d55a8c5a@group-0D0617E48045->a1a3d5df-f415-4291-8622-8b18f7b50573-GrpcLogAppender: appendEntries Timeout, request=36be1d2c-b8e7-4a5e-9c9f-c881d55a8c5a->a1a3d5df-f415-4291-8622-8b18f7b50573#138-t2, previous=(t:2, i:20), leaderCommit=16, initializing? false, entries: <empty>
2019-09-11 07:40:39,384 [java.util.concurrent.ThreadPoolExecutor$Worker@702f6010[State = -1, empty queue]] WARN  server.GrpcLogAppender (GrpcLogAppender.java:timeoutAppendRequest(200)) - 8929662e-8651-4c9f-b246-d3ed69c98010@group-402BD240969B->9196f2dc-d574-4585-b48c-56d55fbc13c2-GrpcLogAppender: appendEntries Timeout, request=8929662e-8651-4c9f-b246-d3ed69c98010->9196f2dc-d574-4585-b48c-56d55fbc13c2#138-t2, previous=(t:2, i:20), leaderCommit=16, initializing? false, entries: <empty>
2019-09-11 07:40:39,418 [grpc-default-executor-3] WARN  server.GrpcLogAppender (LogUtils.java:warn(134)) - 8929662e-8651-4c9f-b246-d3ed69c98010@group-402BD240969B->5b8ad787-4bf9-4bb4-bfeb-9c85cd30cda7-AppendLogResponseHandler: Failed appendEntries: org.apache.ratis.thirdparty.io.grpc.StatusRuntimeException: UNAVAILABLE: io exception
2019-09-11 07:40:39,419 [grpc-default-executor-3] INFO  impl.FollowerInfo (FollowerInfo.java:lambda$new$0(51)) - 8929662e-8651-4c9f-b246-d3ed69c98010@group-402BD240969B->5b8ad787-4bf9-4bb4-bfeb-9c85cd30cda7: nextIndex: updateUnconditionally 0 -> 0
2019-09-11 07:40:39,671 [java.util.concurrent.ThreadPoolExecutor$Worker@441336f8[State = -1, empty queue]] WARN  server.GrpcLogAppender (GrpcLogAppender.java:timeoutAppendRequest(200)) - 72bb666e-e114-4432-9598-bd6d136490e0@group-91E122509A7B->4bd38775-382d-4c4f-9f91-7366b5492a1e-GrpcLogAppender: appendEntries Timeout, request=72bb666e-e114-4432-9598-bd6d136490e0->4bd38775-382d-4c4f-9f91-7366b5492a1e#138-t2, previous=(t:2, i:19), leaderCommit=15, initializing? false, entries: <empty>
2019-09-11 07:40:39,671 [java.util.concurrent.ThreadPoolExecutor$Worker@7765ab06[State = -1, empty queue]] WARN  server.GrpcLogAppender (GrpcLogAppender.java:timeoutAppendRequest(200)) - 72bb666e-e114-4432-9598-bd6d136490e0@group-91E122509A7B->48982da4-f995-48e9-b2c1-a2ad51cb7376-GrpcLogAppender: appendEntries Timeout, request=72bb666e-e114-4432-9598-bd6d136490e0->48982da4-f995-48e9-b2c1-a2ad51cb7376#138-t2, previous=(t:2, i:19), leaderCommit=15, initializing? false, entries: <empty>
2019-09-11 07:40:39,877 [java.util.concurrent.ThreadPoolExecutor$Worker@610f7baa[State = -1, empty queue]] WARN  server.GrpcLogAppender (GrpcLogAppender.java:timeoutAppendRequest(200)) - 36be1d2c-b8e7-4a5e-9c9f-c881d55a8c5a@group-0D0617E48045->7366865a-3ccb-4fea-a2e2-b7a0314f55f5-GrpcLogAppender: appendEntries Timeout, request=36be1d2c-b8e7-4a5e-9c9f-c881d55a8c5a->7366865a-3ccb-4fea-a2e2-b7a0314f55f5#139-t2, previous=(t:2, i:20), leaderCommit=16, initializing? false, entries: <empty>
2019-09-11 07:40:39,877 [java.util.concurrent.ThreadPoolExecutor$Worker@3f71a1c8[State = -1, empty queue]] WARN  server.GrpcLogAppender (GrpcLogAppender.java:timeoutAppendRequest(200)) - 36be1d2c-b8e7-4a5e-9c9f-c881d55a8c5a@group-0D0617E48045->a1a3d5df-f415-4291-8622-8b18f7b50573-GrpcLogAppender: appendEntries Timeout, request=36be1d2c-b8e7-4a5e-9c9f-c881d55a8c5a->a1a3d5df-f415-4291-8622-8b18f7b50573#139-t2, previous=(t:2, i:20), leaderCommit=16, initializing? false, entries: <empty>
2019-09-11 07:40:39,885 [java.util.concurrent.ThreadPoolExecutor$Worker@702f6010[State = -1, empty queue]] WARN  server.GrpcLogAppender (GrpcLogAppender.java:timeoutAppendRequest(200)) - 8929662e-8651-4c9f-b246-d3ed69c98010@group-402BD240969B->9196f2dc-d574-4585-b48c-56d55fbc13c2-GrpcLogAppender: appendEntries Timeout, request=8929662e-8651-4c9f-b246-d3ed69c98010->9196f2dc-d574-4585-b48c-56d55fbc13c2#139-t2, previous=(t:2, i:20), leaderCommit=16, initializing? false, entries: <empty>
2019-09-11 07:40:39,918 [grpc-default-executor-3] WARN  server.GrpcLogAppender (LogUtils.java:warn(134)) - 8929662e-8651-4c9f-b246-d3ed69c98010@group-402BD240969B->5b8ad787-4bf9-4bb4-bfeb-9c85cd30cda7-AppendLogResponseHandler: Failed appendEntries: org.apache.ratis.thirdparty.io.grpc.StatusRuntimeException: UNAVAILABLE: io exception
2019-09-11 07:40:39,919 [grpc-default-executor-3] INFO  impl.FollowerInfo (FollowerInfo.java:lambda$new$0(51)) - 8929662e-8651-4c9f-b246-d3ed69c98010@group-402BD240969B->5b8ad787-4bf9-4bb4-bfeb-9c85cd30cda7: nextIndex: updateUnconditionally 0 -> 0
2019-09-11 07:40:40,152 [Datanode State Machine Thread - 0] INFO  statemachine.DatanodeStateMachine (DatanodeStateMachine.java:lambda$startDaemon$0(350)) - Ozone container server started.
2019-09-11 07:40:40,175 [java.util.concurrent.ThreadPoolExecutor$Worker@441336f8[State = -1, empty queue]] WARN  server.GrpcLogAppender (GrpcLogAppender.java:timeoutAppendRequest(200)) - 72bb666e-e114-4432-9598-bd6d136490e0@group-91E122509A7B->4bd38775-382d-4c4f-9f91-7366b5492a1e-GrpcLogAppender: appendEntries Timeout, request=72bb666e-e114-4432-9598-bd6d136490e0->4bd38775-382d-4c4f-9f91-7366b5492a1e#139-t2, previous=(t:2, i:19), leaderCommit=15, initializing? false, entries: <empty>
2019-09-11 07:40:40,175 [java.util.concurrent.ThreadPoolExecutor$Worker@7765ab06[State = -1, empty queue]] WARN  server.GrpcLogAppender (GrpcLogAppender.java:timeoutAppendRequest(200)) - 72bb666e-e114-4432-9598-bd6d136490e0@group-91E122509A7B->48982da4-f995-48e9-b2c1-a2ad51cb7376-GrpcLogAppender: appendEntries Timeout, request=72bb666e-e114-4432-9598-bd6d136490e0->48982da4-f995-48e9-b2c1-a2ad51cb7376#139-t2, previous=(t:2, i:19), leaderCommit=15, initializing? false, entries: <empty>
2019-09-11 07:40:40,377 [java.util.concurrent.ThreadPoolExecutor$Worker@610f7baa[State = -1, empty queue]] WARN  server.GrpcLogAppender (GrpcLogAppender.java:timeoutAppendRequest(200)) - 36be1d2c-b8e7-4a5e-9c9f-c881d55a8c5a@group-0D0617E48045->7366865a-3ccb-4fea-a2e2-b7a0314f55f5-GrpcLogAppender: appendEntries Timeout, request=36be1d2c-b8e7-4a5e-9c9f-c881d55a8c5a->7366865a-3ccb-4fea-a2e2-b7a0314f55f5#140-t2, previous=(t:2, i:20), leaderCommit=16, initializing? false, entries: <empty>
2019-09-11 07:40:40,377 [java.util.concurrent.ThreadPoolExecutor$Worker@3f71a1c8[State = -1, empty queue]] WARN  server.GrpcLogAppender (GrpcLogAppender.java:timeoutAppendRequest(200)) - 36be1d2c-b8e7-4a5e-9c9f-c881d55a8c5a@group-0D0617E48045->a1a3d5df-f415-4291-8622-8b18f7b50573-GrpcLogAppender: appendEntries Timeout, request=36be1d2c-b8e7-4a5e-9c9f-c881d55a8c5a->a1a3d5df-f415-4291-8622-8b18f7b50573#140-t2, previous=(t:2, i:20), leaderCommit=16, initializing? false, entries: <empty>
2019-09-11 07:40:40,385 [java.util.concurrent.ThreadPoolExecutor$Worker@702f6010[State = -1, empty queue]] WARN  server.GrpcLogAppender (GrpcLogAppender.java:timeoutAppendRequest(200)) - 8929662e-8651-4c9f-b246-d3ed69c98010@group-402BD240969B->9196f2dc-d574-4585-b48c-56d55fbc13c2-GrpcLogAppender: appendEntries Timeout, request=8929662e-8651-4c9f-b246-d3ed69c98010->9196f2dc-d574-4585-b48c-56d55fbc13c2#140-t2, previous=(t:2, i:20), leaderCommit=16, initializing? false, entries: <empty>
2019-09-11 07:40:40,437 [grpc-default-executor-4] WARN  server.GrpcLogAppender (LogUtils.java:warn(134)) - 8929662e-8651-4c9f-b246-d3ed69c98010@group-402BD240969B->5b8ad787-4bf9-4bb4-bfeb-9c85cd30cda7-AppendLogResponseHandler: Failed appendEntries: org.apache.ratis.thirdparty.io.grpc.StatusRuntimeException: UNAVAILABLE: io exception
2019-09-11 07:40:40,437 [grpc-default-executor-4] INFO  impl.FollowerInfo (FollowerInfo.java:lambda$new$0(51)) - 8929662e-8651-4c9f-b246-d3ed69c98010@group-402BD240969B->5b8ad787-4bf9-4bb4-bfeb-9c85cd30cda7: nextIndex: updateUnconditionally 0 -> 0
2019-09-11 07:40:40,676 [java.util.concurrent.ThreadPoolExecutor$Worker@7765ab06[State = -1, empty queue]] WARN  server.GrpcLogAppender (GrpcLogAppender.java:timeoutAppendRequest(200)) - 72bb666e-e114-4432-9598-bd6d136490e0@group-91E122509A7B->48982da4-f995-48e9-b2c1-a2ad51cb7376-GrpcLogAppender: appendEntries Timeout, request=72bb666e-e114-4432-9598-bd6d136490e0->48982da4-f995-48e9-b2c1-a2ad51cb7376#140-t2, previous=(t:2, i:19), leaderCommit=15, initializing? false, entries: <empty>
2019-09-11 07:40:40,676 [java.util.concurrent.ThreadPoolExecutor$Worker@441336f8[State = -1, empty queue]] WARN  server.GrpcLogAppender (GrpcLogAppender.java:timeoutAppendRequest(200)) - 72bb666e-e114-4432-9598-bd6d136490e0@group-91E122509A7B->4bd38775-382d-4c4f-9f91-7366b5492a1e-GrpcLogAppender: appendEntries Timeout, request=72bb666e-e114-4432-9598-bd6d136490e0->4bd38775-382d-4c4f-9f91-7366b5492a1e#140-t2, previous=(t:2, i:19), leaderCommit=15, initializing? false, entries: <empty>
2019-09-11 07:40:40,854 [36be1d2c-b8e7-4a5e-9c9f-c881d55a8c5a@group-0D0617E48045-SegmentedRaftLogWorker] WARN  segmented.SegmentedRaftLogWorker (SegmentedRaftLogWorker.java:getFromFuture(90)) - Timeout 1/~
org.apache.ratis.protocol.TimeoutIOException: Timeout 10s: WriteLog:17: (t:2, i:17), STATEMACHINELOGENTRY, client-1FF863BCA865, cid=57-writeStateMachineData
	at org.apache.ratis.util.IOUtils.getFromFuture(IOUtils.java:87)
	at org.apache.ratis.server.raftlog.segmented.SegmentedRaftLogWorker$StateMachineDataPolicy.getFromFuture(SegmentedRaftLogWorker.java:87)
	at org.apache.ratis.server.raftlog.segmented.SegmentedRaftLogWorker$WriteLog.execute(SegmentedRaftLogWorker.java:477)
	at org.apache.ratis.server.raftlog.segmented.SegmentedRaftLogWorker.run(SegmentedRaftLogWorker.java:289)
	at java.lang.Thread.run(Thread.java:748)
Caused by: java.util.concurrent.TimeoutException
	at java.util.concurrent.CompletableFuture.timedGet(CompletableFuture.java:1771)
	at java.util.concurrent.CompletableFuture.get(CompletableFuture.java:1915)
	at org.apache.ratis.util.IOUtils.getFromFuture(IOUtils.java:79)
	... 4 more
2019-09-11 07:40:40,858 [a1a3d5df-f415-4291-8622-8b18f7b50573@group-0D0617E48045-SegmentedRaftLogWorker] WARN  segmented.SegmentedRaftLogWorker (SegmentedRaftLogWorker.java:getFromFuture(90)) - Timeout 1/~
org.apache.ratis.protocol.TimeoutIOException: Timeout 10s: WriteLog:17: (t:2, i:17), STATEMACHINELOGENTRY, client-1FF863BCA865, cid=57-writeStateMachineData
	at org.apache.ratis.util.IOUtils.getFromFuture(IOUtils.java:87)
	at org.apache.ratis.server.raftlog.segmented.SegmentedRaftLogWorker$StateMachineDataPolicy.getFromFuture(SegmentedRaftLogWorker.java:87)
	at org.apache.ratis.server.raftlog.segmented.SegmentedRaftLogWorker$WriteLog.execute(SegmentedRaftLogWorker.java:477)
	at org.apache.ratis.server.raftlog.segmented.SegmentedRaftLogWorker.run(SegmentedRaftLogWorker.java:289)
	at java.lang.Thread.run(Thread.java:748)
Caused by: java.util.concurrent.TimeoutException
	at java.util.concurrent.CompletableFuture.timedGet(CompletableFuture.java:1771)
	at java.util.concurrent.CompletableFuture.get(CompletableFuture.java:1915)
	at org.apache.ratis.util.IOUtils.getFromFuture(IOUtils.java:79)
	... 4 more
2019-09-11 07:40:40,859 [7366865a-3ccb-4fea-a2e2-b7a0314f55f5@group-0D0617E48045-SegmentedRaftLogWorker] WARN  segmented.SegmentedRaftLogWorker (SegmentedRaftLogWorker.java:getFromFuture(90)) - Timeout 1/~
org.apache.ratis.protocol.TimeoutIOException: Timeout 10s: WriteLog:17: (t:2, i:17), STATEMACHINELOGENTRY, client-1FF863BCA865, cid=57-writeStateMachineData
	at org.apache.ratis.util.IOUtils.getFromFuture(IOUtils.java:87)
	at org.apache.ratis.server.raftlog.segmented.SegmentedRaftLogWorker$StateMachineDataPolicy.getFromFuture(SegmentedRaftLogWorker.java:87)
	at org.apache.ratis.server.raftlog.segmented.SegmentedRaftLogWorker$WriteLog.execute(SegmentedRaftLogWorker.java:477)
	at org.apache.ratis.server.raftlog.segmented.SegmentedRaftLogWorker.run(SegmentedRaftLogWorker.java:289)
	at java.lang.Thread.run(Thread.java:748)
Caused by: java.util.concurrent.TimeoutException
	at java.util.concurrent.CompletableFuture.timedGet(CompletableFuture.java:1771)
	at java.util.concurrent.CompletableFuture.get(CompletableFuture.java:1915)
	at org.apache.ratis.util.IOUtils.getFromFuture(IOUtils.java:79)
	... 4 more
2019-09-11 07:40:40,877 [java.util.concurrent.ThreadPoolExecutor$Worker@610f7baa[State = -1, empty queue]] WARN  server.GrpcLogAppender (GrpcLogAppender.java:timeoutAppendRequest(200)) - 36be1d2c-b8e7-4a5e-9c9f-c881d55a8c5a@group-0D0617E48045->7366865a-3ccb-4fea-a2e2-b7a0314f55f5-GrpcLogAppender: appendEntries Timeout, request=36be1d2c-b8e7-4a5e-9c9f-c881d55a8c5a->7366865a-3ccb-4fea-a2e2-b7a0314f55f5#141-t2, previous=(t:2, i:20), leaderCommit=16, initializing? false, entries: <empty>
2019-09-11 07:40:40,878 [java.util.concurrent.ThreadPoolExecutor$Worker@3f71a1c8[State = -1, empty queue]] WARN  server.GrpcLogAppender (GrpcLogAppender.java:timeoutAppendRequest(200)) - 36be1d2c-b8e7-4a5e-9c9f-c881d55a8c5a@group-0D0617E48045->a1a3d5df-f415-4291-8622-8b18f7b50573-GrpcLogAppender: appendEntries Timeout, request=36be1d2c-b8e7-4a5e-9c9f-c881d55a8c5a->a1a3d5df-f415-4291-8622-8b18f7b50573#141-t2, previous=(t:2, i:20), leaderCommit=16, initializing? false, entries: <empty>
2019-09-11 07:40:40,885 [java.util.concurrent.ThreadPoolExecutor$Worker@702f6010[State = -1, empty queue]] WARN  server.GrpcLogAppender (GrpcLogAppender.java:timeoutAppendRequest(200)) - 8929662e-8651-4c9f-b246-d3ed69c98010@group-402BD240969B->9196f2dc-d574-4585-b48c-56d55fbc13c2-GrpcLogAppender: appendEntries Timeout, request=8929662e-8651-4c9f-b246-d3ed69c98010->9196f2dc-d574-4585-b48c-56d55fbc13c2#141-t2, previous=(t:2, i:20), leaderCommit=16, initializing? false, entries: <empty>
2019-09-11 07:40:40,920 [grpc-default-executor-0] WARN  server.GrpcLogAppender (LogUtils.java:warn(134)) - 8929662e-8651-4c9f-b246-d3ed69c98010@group-402BD240969B->5b8ad787-4bf9-4bb4-bfeb-9c85cd30cda7-AppendLogResponseHandler: Failed appendEntries: org.apache.ratis.thirdparty.io.grpc.StatusRuntimeException: UNAVAILABLE: io exception
2019-09-11 07:40:40,921 [grpc-default-executor-0] INFO  impl.FollowerInfo (FollowerInfo.java:lambda$new$0(51)) - 8929662e-8651-4c9f-b246-d3ed69c98010@group-402BD240969B->5b8ad787-4bf9-4bb4-bfeb-9c85cd30cda7: nextIndex: updateUnconditionally 0 -> 0
2019-09-11 07:40:41,176 [java.util.concurrent.ThreadPoolExecutor$Worker@441336f8[State = -1, empty queue]] WARN  server.GrpcLogAppender (GrpcLogAppender.java:timeoutAppendRequest(200)) - 72bb666e-e114-4432-9598-bd6d136490e0@group-91E122509A7B->4bd38775-382d-4c4f-9f91-7366b5492a1e-GrpcLogAppender: appendEntries Timeout, request=72bb666e-e114-4432-9598-bd6d136490e0->4bd38775-382d-4c4f-9f91-7366b5492a1e#141-t2, previous=(t:2, i:19), leaderCommit=15, initializing? false, entries: <empty>
2019-09-11 07:40:41,176 [java.util.concurrent.ThreadPoolExecutor$Worker@7765ab06[State = -1, empty queue]] WARN  server.GrpcLogAppender (GrpcLogAppender.java:timeoutAppendRequest(200)) - 72bb666e-e114-4432-9598-bd6d136490e0@group-91E122509A7B->48982da4-f995-48e9-b2c1-a2ad51cb7376-GrpcLogAppender: appendEntries Timeout, request=72bb666e-e114-4432-9598-bd6d136490e0->48982da4-f995-48e9-b2c1-a2ad51cb7376#141-t2, previous=(t:2, i:19), leaderCommit=15, initializing? false, entries: <empty>
2019-09-11 07:40:41,378 [java.util.concurrent.ThreadPoolExecutor$Worker@610f7baa[State = -1, empty queue]] WARN  server.GrpcLogAppender (GrpcLogAppender.java:timeoutAppendRequest(200)) - 36be1d2c-b8e7-4a5e-9c9f-c881d55a8c5a@group-0D0617E48045->7366865a-3ccb-4fea-a2e2-b7a0314f55f5-GrpcLogAppender: appendEntries Timeout, request=36be1d2c-b8e7-4a5e-9c9f-c881d55a8c5a->7366865a-3ccb-4fea-a2e2-b7a0314f55f5#142-t2, previous=(t:2, i:20), leaderCommit=16, initializing? false, entries: <empty>
2019-09-11 07:40:41,378 [java.util.concurrent.ThreadPoolExecutor$Worker@3f71a1c8[State = -1, empty queue]] WARN  server.GrpcLogAppender (GrpcLogAppender.java:timeoutAppendRequest(200)) - 36be1d2c-b8e7-4a5e-9c9f-c881d55a8c5a@group-0D0617E48045->a1a3d5df-f415-4291-8622-8b18f7b50573-GrpcLogAppender: appendEntries Timeout, request=36be1d2c-b8e7-4a5e-9c9f-c881d55a8c5a->a1a3d5df-f415-4291-8622-8b18f7b50573#142-t2, previous=(t:2, i:20), leaderCommit=16, initializing? false, entries: <empty>
2019-09-11 07:40:41,385 [java.util.concurrent.ThreadPoolExecutor$Worker@702f6010[State = -1, empty queue]] WARN  server.GrpcLogAppender (GrpcLogAppender.java:timeoutAppendRequest(200)) - 8929662e-8651-4c9f-b246-d3ed69c98010@group-402BD240969B->9196f2dc-d574-4585-b48c-56d55fbc13c2-GrpcLogAppender: appendEntries Timeout, request=8929662e-8651-4c9f-b246-d3ed69c98010->9196f2dc-d574-4585-b48c-56d55fbc13c2#142-t2, previous=(t:2, i:20), leaderCommit=16, initializing? false, entries: <empty>
2019-09-11 07:40:41,423 [grpc-default-executor-3] WARN  server.GrpcLogAppender (LogUtils.java:warn(134)) - 8929662e-8651-4c9f-b246-d3ed69c98010@group-402BD240969B->5b8ad787-4bf9-4bb4-bfeb-9c85cd30cda7-AppendLogResponseHandler: Failed appendEntries: org.apache.ratis.thirdparty.io.grpc.StatusRuntimeException: UNAVAILABLE: io exception
2019-09-11 07:40:41,423 [grpc-default-executor-3] INFO  impl.FollowerInfo (FollowerInfo.java:lambda$new$0(51)) - 8929662e-8651-4c9f-b246-d3ed69c98010@group-402BD240969B->5b8ad787-4bf9-4bb4-bfeb-9c85cd30cda7: nextIndex: updateUnconditionally 0 -> 0
2019-09-11 07:40:41,676 [java.util.concurrent.ThreadPoolExecutor$Worker@441336f8[State = -1, empty queue]] WARN  server.GrpcLogAppender (GrpcLogAppender.java:timeoutAppendRequest(200)) - 72bb666e-e114-4432-9598-bd6d136490e0@group-91E122509A7B->4bd38775-382d-4c4f-9f91-7366b5492a1e-GrpcLogAppender: appendEntries Timeout, request=72bb666e-e114-4432-9598-bd6d136490e0->4bd38775-382d-4c4f-9f91-7366b5492a1e#142-t2, previous=(t:2, i:19), leaderCommit=15, initializing? false, entries: <empty>
2019-09-11 07:40:41,676 [java.util.concurrent.ThreadPoolExecutor$Worker@7765ab06[State = -1, empty queue]] WARN  server.GrpcLogAppender (GrpcLogAppender.java:timeoutAppendRequest(200)) - 72bb666e-e114-4432-9598-bd6d136490e0@group-91E122509A7B->48982da4-f995-48e9-b2c1-a2ad51cb7376-GrpcLogAppender: appendEntries Timeout, request=72bb666e-e114-4432-9598-bd6d136490e0->48982da4-f995-48e9-b2c1-a2ad51cb7376#142-t2, previous=(t:2, i:19), leaderCommit=15, initializing? false, entries: <empty>
2019-09-11 07:40:41,878 [java.util.concurrent.ThreadPoolExecutor$Worker@3f71a1c8[State = -1, empty queue]] WARN  server.GrpcLogAppender (GrpcLogAppender.java:timeoutAppendRequest(200)) - 36be1d2c-b8e7-4a5e-9c9f-c881d55a8c5a@group-0D0617E48045->a1a3d5df-f415-4291-8622-8b18f7b50573-GrpcLogAppender: appendEntries Timeout, request=36be1d2c-b8e7-4a5e-9c9f-c881d55a8c5a->a1a3d5df-f415-4291-8622-8b18f7b50573#143-t2, previous=(t:2, i:20), leaderCommit=16, initializing? false, entries: <empty>
2019-09-11 07:40:41,878 [java.util.concurrent.ThreadPoolExecutor$Worker@610f7baa[State = -1, empty queue]] WARN  server.GrpcLogAppender (GrpcLogAppender.java:timeoutAppendRequest(200)) - 36be1d2c-b8e7-4a5e-9c9f-c881d55a8c5a@group-0D0617E48045->7366865a-3ccb-4fea-a2e2-b7a0314f55f5-GrpcLogAppender: appendEntries Timeout, request=36be1d2c-b8e7-4a5e-9c9f-c881d55a8c5a->7366865a-3ccb-4fea-a2e2-b7a0314f55f5#143-t2, previous=(t:2, i:20), leaderCommit=16, initializing? false, entries: <empty>
2019-09-11 07:40:41,886 [java.util.concurrent.ThreadPoolExecutor$Worker@702f6010[State = -1, empty queue]] WARN  server.GrpcLogAppender (GrpcLogAppender.java:timeoutAppendRequest(200)) - 8929662e-8651-4c9f-b246-d3ed69c98010@group-402BD240969B->9196f2dc-d574-4585-b48c-56d55fbc13c2-GrpcLogAppender: appendEntries Timeout, request=8929662e-8651-4c9f-b246-d3ed69c98010->9196f2dc-d574-4585-b48c-56d55fbc13c2#143-t2, previous=(t:2, i:20), leaderCommit=16, initializing? false, entries: <empty>
2019-09-11 07:40:41,922 [grpc-default-executor-0] WARN  server.GrpcLogAppender (LogUtils.java:warn(134)) - 8929662e-8651-4c9f-b246-d3ed69c98010@group-402BD240969B->5b8ad787-4bf9-4bb4-bfeb-9c85cd30cda7-AppendLogResponseHandler: Failed appendEntries: org.apache.ratis.thirdparty.io.grpc.StatusRuntimeException: UNAVAILABLE: io exception
2019-09-11 07:40:41,923 [grpc-default-executor-0] INFO  impl.FollowerInfo (FollowerInfo.java:lambda$new$0(51)) - 8929662e-8651-4c9f-b246-d3ed69c98010@group-402BD240969B->5b8ad787-4bf9-4bb4-bfeb-9c85cd30cda7: nextIndex: updateUnconditionally 0 -> 0
2019-09-11 07:40:42,177 [java.util.concurrent.ThreadPoolExecutor$Worker@7765ab06[State = -1, empty queue]] WARN  server.GrpcLogAppender (GrpcLogAppender.java:timeoutAppendRequest(200)) - 72bb666e-e114-4432-9598-bd6d136490e0@group-91E122509A7B->48982da4-f995-48e9-b2c1-a2ad51cb7376-GrpcLogAppender: appendEntries Timeout, request=72bb666e-e114-4432-9598-bd6d136490e0->48982da4-f995-48e9-b2c1-a2ad51cb7376#143-t2, previous=(t:2, i:19), leaderCommit=15, initializing? false, entries: <empty>
2019-09-11 07:40:42,177 [java.util.concurrent.ThreadPoolExecutor$Worker@441336f8[State = -1, empty queue]] WARN  server.GrpcLogAppender (GrpcLogAppender.java:timeoutAppendRequest(200)) - 72bb666e-e114-4432-9598-bd6d136490e0@group-91E122509A7B->4bd38775-382d-4c4f-9f91-7366b5492a1e-GrpcLogAppender: appendEntries Timeout, request=72bb666e-e114-4432-9598-bd6d136490e0->4bd38775-382d-4c4f-9f91-7366b5492a1e#143-t2, previous=(t:2, i:19), leaderCommit=15, initializing? false, entries: <empty>
2019-09-11 07:40:42,378 [java.util.concurrent.ThreadPoolExecutor$Worker@610f7baa[State = -1, empty queue]] WARN  server.GrpcLogAppender (GrpcLogAppender.java:timeoutAppendRequest(200)) - 36be1d2c-b8e7-4a5e-9c9f-c881d55a8c5a@group-0D0617E48045->7366865a-3ccb-4fea-a2e2-b7a0314f55f5-GrpcLogAppender: appendEntries Timeout, request=36be1d2c-b8e7-4a5e-9c9f-c881d55a8c5a->7366865a-3ccb-4fea-a2e2-b7a0314f55f5#144-t2, previous=(t:2, i:20), leaderCommit=16, initializing? false, entries: <empty>
2019-09-11 07:40:42,379 [java.util.concurrent.ThreadPoolExecutor$Worker@3f71a1c8[State = -1, empty queue]] WARN  server.GrpcLogAppender (GrpcLogAppender.java:timeoutAppendRequest(200)) - 36be1d2c-b8e7-4a5e-9c9f-c881d55a8c5a@group-0D0617E48045->a1a3d5df-f415-4291-8622-8b18f7b50573-GrpcLogAppender: appendEntries Timeout, request=36be1d2c-b8e7-4a5e-9c9f-c881d55a8c5a->a1a3d5df-f415-4291-8622-8b18f7b50573#144-t2, previous=(t:2, i:20), leaderCommit=16, initializing? false, entries: <empty>
2019-09-11 07:40:42,386 [java.util.concurrent.ThreadPoolExecutor$Worker@702f6010[State = -1, empty queue]] WARN  server.GrpcLogAppender (GrpcLogAppender.java:timeoutAppendRequest(200)) - 8929662e-8651-4c9f-b246-d3ed69c98010@group-402BD240969B->9196f2dc-d574-4585-b48c-56d55fbc13c2-GrpcLogAppender: appendEntries Timeout, request=8929662e-8651-4c9f-b246-d3ed69c98010->9196f2dc-d574-4585-b48c-56d55fbc13c2#144-t2, previous=(t:2, i:20), leaderCommit=16, initializing? false, entries: <empty>
2019-09-11 07:40:42,425 [grpc-default-executor-4] WARN  server.GrpcLogAppender (LogUtils.java:warn(134)) - 8929662e-8651-4c9f-b246-d3ed69c98010@group-402BD240969B->5b8ad787-4bf9-4bb4-bfeb-9c85cd30cda7-AppendLogResponseHandler: Failed appendEntries: org.apache.ratis.thirdparty.io.grpc.StatusRuntimeException: UNAVAILABLE: io exception
2019-09-11 07:40:42,425 [grpc-default-executor-4] INFO  impl.FollowerInfo (FollowerInfo.java:lambda$new$0(51)) - 8929662e-8651-4c9f-b246-d3ed69c98010@group-402BD240969B->5b8ad787-4bf9-4bb4-bfeb-9c85cd30cda7: nextIndex: updateUnconditionally 0 -> 0
2019-09-11 07:40:42,677 [java.util.concurrent.ThreadPoolExecutor$Worker@441336f8[State = -1, empty queue]] WARN  server.GrpcLogAppender (GrpcLogAppender.java:timeoutAppendRequest(200)) - 72bb666e-e114-4432-9598-bd6d136490e0@group-91E122509A7B->4bd38775-382d-4c4f-9f91-7366b5492a1e-GrpcLogAppender: appendEntries Timeout, request=72bb666e-e114-4432-9598-bd6d136490e0->4bd38775-382d-4c4f-9f91-7366b5492a1e#144-t2, previous=(t:2, i:19), leaderCommit=15, initializing? false, entries: <empty>
2019-09-11 07:40:42,677 [java.util.concurrent.ThreadPoolExecutor$Worker@7765ab06[State = -1, empty queue]] WARN  server.GrpcLogAppender (GrpcLogAppender.java:timeoutAppendRequest(200)) - 72bb666e-e114-4432-9598-bd6d136490e0@group-91E122509A7B->48982da4-f995-48e9-b2c1-a2ad51cb7376-GrpcLogAppender: appendEntries Timeout, request=72bb666e-e114-4432-9598-bd6d136490e0->48982da4-f995-48e9-b2c1-a2ad51cb7376#144-t2, previous=(t:2, i:19), leaderCommit=15, initializing? false, entries: <empty>
2019-09-11 07:40:42,879 [java.util.concurrent.ThreadPoolExecutor$Worker@610f7baa[State = -1, empty queue]] WARN  server.GrpcLogAppender (GrpcLogAppender.java:timeoutAppendRequest(200)) - 36be1d2c-b8e7-4a5e-9c9f-c881d55a8c5a@group-0D0617E48045->7366865a-3ccb-4fea-a2e2-b7a0314f55f5-GrpcLogAppender: appendEntries Timeout, request=36be1d2c-b8e7-4a5e-9c9f-c881d55a8c5a->7366865a-3ccb-4fea-a2e2-b7a0314f55f5#145-t2, previous=(t:2, i:20), leaderCommit=16, initializing? false, entries: <empty>
2019-09-11 07:40:42,879 [java.util.concurrent.ThreadPoolExecutor$Worker@3f71a1c8[State = -1, empty queue]] WARN  server.GrpcLogAppender (GrpcLogAppender.java:timeoutAppendRequest(200)) - 36be1d2c-b8e7-4a5e-9c9f-c881d55a8c5a@group-0D0617E48045->a1a3d5df-f415-4291-8622-8b18f7b50573-GrpcLogAppender: appendEntries Timeout, request=36be1d2c-b8e7-4a5e-9c9f-c881d55a8c5a->a1a3d5df-f415-4291-8622-8b18f7b50573#145-t2, previous=(t:2, i:20), leaderCommit=16, initializing? false, entries: <empty>
2019-09-11 07:40:42,886 [java.util.concurrent.ThreadPoolExecutor$Worker@702f6010[State = -1, empty queue]] WARN  server.GrpcLogAppender (GrpcLogAppender.java:timeoutAppendRequest(200)) - 8929662e-8651-4c9f-b246-d3ed69c98010@group-402BD240969B->9196f2dc-d574-4585-b48c-56d55fbc13c2-GrpcLogAppender: appendEntries Timeout, request=8929662e-8651-4c9f-b246-d3ed69c98010->9196f2dc-d574-4585-b48c-56d55fbc13c2#145-t2, previous=(t:2, i:20), leaderCommit=16, initializing? false, entries: <empty>
2019-09-11 07:40:42,926 [grpc-default-executor-0] WARN  server.GrpcLogAppender (LogUtils.java:warn(134)) - 8929662e-8651-4c9f-b246-d3ed69c98010@group-402BD240969B->5b8ad787-4bf9-4bb4-bfeb-9c85cd30cda7-AppendLogResponseHandler: Failed appendEntries: org.apache.ratis.thirdparty.io.grpc.StatusRuntimeException: UNAVAILABLE: io exception
2019-09-11 07:40:42,926 [grpc-default-executor-0] INFO  impl.FollowerInfo (FollowerInfo.java:lambda$new$0(51)) - 8929662e-8651-4c9f-b246-d3ed69c98010@group-402BD240969B->5b8ad787-4bf9-4bb4-bfeb-9c85cd30cda7: nextIndex: updateUnconditionally 0 -> 0
2019-09-11 07:40:43,177 [java.util.concurrent.ThreadPoolExecutor$Worker@7765ab06[State = -1, empty queue]] WARN  server.GrpcLogAppender (GrpcLogAppender.java:timeoutAppendRequest(200)) - 72bb666e-e114-4432-9598-bd6d136490e0@group-91E122509A7B->48982da4-f995-48e9-b2c1-a2ad51cb7376-GrpcLogAppender: appendEntries Timeout, request=72bb666e-e114-4432-9598-bd6d136490e0->48982da4-f995-48e9-b2c1-a2ad51cb7376#145-t2, previous=(t:2, i:19), leaderCommit=15, initializing? false, entries: <empty>
2019-09-11 07:40:43,177 [java.util.concurrent.ThreadPoolExecutor$Worker@441336f8[State = -1, empty queue]] WARN  server.GrpcLogAppender (GrpcLogAppender.java:timeoutAppendRequest(200)) - 72bb666e-e114-4432-9598-bd6d136490e0@group-91E122509A7B->4bd38775-382d-4c4f-9f91-7366b5492a1e-GrpcLogAppender: appendEntries Timeout, request=72bb666e-e114-4432-9598-bd6d136490e0->4bd38775-382d-4c4f-9f91-7366b5492a1e#145-t2, previous=(t:2, i:19), leaderCommit=15, initializing? false, entries: <empty>
2019-09-11 07:40:43,379 [java.util.concurrent.ThreadPoolExecutor$Worker@610f7baa[State = -1, empty queue]] WARN  server.GrpcLogAppender (GrpcLogAppender.java:timeoutAppendRequest(200)) - 36be1d2c-b8e7-4a5e-9c9f-c881d55a8c5a@group-0D0617E48045->7366865a-3ccb-4fea-a2e2-b7a0314f55f5-GrpcLogAppender: appendEntries Timeout, request=36be1d2c-b8e7-4a5e-9c9f-c881d55a8c5a->7366865a-3ccb-4fea-a2e2-b7a0314f55f5#146-t2, previous=(t:2, i:20), leaderCommit=16, initializing? false, entries: <empty>
2019-09-11 07:40:43,379 [java.util.concurrent.ThreadPoolExecutor$Worker@3f71a1c8[State = -1, empty queue]] WARN  server.GrpcLogAppender (GrpcLogAppender.java:timeoutAppendRequest(200)) - 36be1d2c-b8e7-4a5e-9c9f-c881d55a8c5a@group-0D0617E48045->a1a3d5df-f415-4291-8622-8b18f7b50573-GrpcLogAppender: appendEntries Timeout, request=36be1d2c-b8e7-4a5e-9c9f-c881d55a8c5a->a1a3d5df-f415-4291-8622-8b18f7b50573#146-t2, previous=(t:2, i:20), leaderCommit=16, initializing? false, entries: <empty>
2019-09-11 07:40:43,386 [java.util.concurrent.ThreadPoolExecutor$Worker@702f6010[State = -1, empty queue]] WARN  server.GrpcLogAppender (GrpcLogAppender.java:timeoutAppendRequest(200)) - 8929662e-8651-4c9f-b246-d3ed69c98010@group-402BD240969B->9196f2dc-d574-4585-b48c-56d55fbc13c2-GrpcLogAppender: appendEntries Timeout, request=8929662e-8651-4c9f-b246-d3ed69c98010->9196f2dc-d574-4585-b48c-56d55fbc13c2#146-t2, previous=(t:2, i:20), leaderCommit=16, initializing? false, entries: <empty>
2019-09-11 07:40:43,427 [grpc-default-executor-3] WARN  server.GrpcLogAppender (LogUtils.java:warn(134)) - 8929662e-8651-4c9f-b246-d3ed69c98010@group-402BD240969B->5b8ad787-4bf9-4bb4-bfeb-9c85cd30cda7-AppendLogResponseHandler: Failed appendEntries: org.apache.ratis.thirdparty.io.grpc.StatusRuntimeException: UNAVAILABLE: io exception
2019-09-11 07:40:43,428 [grpc-default-executor-3] INFO  impl.FollowerInfo (FollowerInfo.java:lambda$new$0(51)) - 8929662e-8651-4c9f-b246-d3ed69c98010@group-402BD240969B->5b8ad787-4bf9-4bb4-bfeb-9c85cd30cda7: nextIndex: updateUnconditionally 0 -> 0
2019-09-11 07:40:43,678 [java.util.concurrent.ThreadPoolExecutor$Worker@7765ab06[State = -1, empty queue]] WARN  server.GrpcLogAppender (GrpcLogAppender.java:timeoutAppendRequest(200)) - 72bb666e-e114-4432-9598-bd6d136490e0@group-91E122509A7B->48982da4-f995-48e9-b2c1-a2ad51cb7376-GrpcLogAppender: appendEntries Timeout, request=72bb666e-e114-4432-9598-bd6d136490e0->48982da4-f995-48e9-b2c1-a2ad51cb7376#146-t2, previous=(t:2, i:19), leaderCommit=15, initializing? false, entries: <empty>
2019-09-11 07:40:43,678 [java.util.concurrent.ThreadPoolExecutor$Worker@441336f8[State = -1, empty queue]] WARN  server.GrpcLogAppender (GrpcLogAppender.java:timeoutAppendRequest(200)) - 72bb666e-e114-4432-9598-bd6d136490e0@group-91E122509A7B->4bd38775-382d-4c4f-9f91-7366b5492a1e-GrpcLogAppender: appendEntries Timeout, request=72bb666e-e114-4432-9598-bd6d136490e0->4bd38775-382d-4c4f-9f91-7366b5492a1e#146-t2, previous=(t:2, i:19), leaderCommit=15, initializing? false, entries: <empty>
2019-09-11 07:40:43,879 [java.util.concurrent.ThreadPoolExecutor$Worker@3f71a1c8[State = -1, empty queue]] WARN  server.GrpcLogAppender (GrpcLogAppender.java:timeoutAppendRequest(200)) - 36be1d2c-b8e7-4a5e-9c9f-c881d55a8c5a@group-0D0617E48045->a1a3d5df-f415-4291-8622-8b18f7b50573-GrpcLogAppender: appendEntries Timeout, request=36be1d2c-b8e7-4a5e-9c9f-c881d55a8c5a->a1a3d5df-f415-4291-8622-8b18f7b50573#147-t2, previous=(t:2, i:20), leaderCommit=16, initializing? false, entries: <empty>
2019-09-11 07:40:43,879 [java.util.concurrent.ThreadPoolExecutor$Worker@610f7baa[State = -1, empty queue]] WARN  server.GrpcLogAppender (GrpcLogAppender.java:timeoutAppendRequest(200)) - 36be1d2c-b8e7-4a5e-9c9f-c881d55a8c5a@group-0D0617E48045->7366865a-3ccb-4fea-a2e2-b7a0314f55f5-GrpcLogAppender: appendEntries Timeout, request=36be1d2c-b8e7-4a5e-9c9f-c881d55a8c5a->7366865a-3ccb-4fea-a2e2-b7a0314f55f5#147-t2, previous=(t:2, i:20), leaderCommit=16, initializing? false, entries: <empty>
2019-09-11 07:40:43,886 [java.util.concurrent.ThreadPoolExecutor$Worker@702f6010[State = -1, empty queue]] WARN  server.GrpcLogAppender (GrpcLogAppender.java:timeoutAppendRequest(200)) - 8929662e-8651-4c9f-b246-d3ed69c98010@group-402BD240969B->9196f2dc-d574-4585-b48c-56d55fbc13c2-GrpcLogAppender: appendEntries Timeout, request=8929662e-8651-4c9f-b246-d3ed69c98010->9196f2dc-d574-4585-b48c-56d55fbc13c2#147-t2, previous=(t:2, i:20), leaderCommit=16, initializing? false, entries: <empty>
2019-09-11 07:40:43,929 [grpc-default-executor-0] WARN  server.GrpcLogAppender (LogUtils.java:warn(134)) - 8929662e-8651-4c9f-b246-d3ed69c98010@group-402BD240969B->5b8ad787-4bf9-4bb4-bfeb-9c85cd30cda7-AppendLogResponseHandler: Failed appendEntries: org.apache.ratis.thirdparty.io.grpc.StatusRuntimeException: UNAVAILABLE: io exception
2019-09-11 07:40:43,930 [grpc-default-executor-0] INFO  impl.FollowerInfo (FollowerInfo.java:lambda$new$0(51)) - 8929662e-8651-4c9f-b246-d3ed69c98010@group-402BD240969B->5b8ad787-4bf9-4bb4-bfeb-9c85cd30cda7: nextIndex: updateUnconditionally 0 -> 0
2019-09-11 07:40:44,164 [main] INFO  ozoneimpl.OzoneContainer (OzoneContainer.java:stop(231)) - Attempting to stop container services.
2019-09-11 07:40:44,164 [ForkJoinPool.commonPool-worker-1] INFO  ozoneimpl.OzoneContainer (OzoneContainer.java:stop(231)) - Attempting to stop container services.
2019-09-11 07:40:44,165 [main] INFO  impl.RaftServerProxy (RaftServerProxy.java:lambda$close$4(314)) - 94695109-ccac-4717-8ca0-575ae92c92f3: close
2019-09-11 07:40:44,165 [ForkJoinPool.commonPool-worker-1] INFO  impl.RaftServerProxy (RaftServerProxy.java:lambda$close$4(314)) - 48982da4-f995-48e9-b2c1-a2ad51cb7376: close
2019-09-11 07:40:44,165 [main] INFO  impl.RaftServerImpl (RaftServerImpl.java:lambda$shutdown$3(251)) - 94695109-ccac-4717-8ca0-575ae92c92f3@group-932359C60AFE: shutdown
2019-09-11 07:40:44,165 [ForkJoinPool.commonPool-worker-1] INFO  impl.RaftServerImpl (RaftServerImpl.java:lambda$shutdown$3(251)) - 48982da4-f995-48e9-b2c1-a2ad51cb7376@group-91E122509A7B: shutdown
2019-09-11 07:40:44,166 [main] INFO  util.JmxRegister (JmxRegister.java:unregister(73)) - Successfully un-registered JMX Bean with object name Ratis:service=RaftServer,group=group-932359C60AFE,id=94695109-ccac-4717-8ca0-575ae92c92f3
2019-09-11 07:40:44,166 [ForkJoinPool.commonPool-worker-1] INFO  util.JmxRegister (JmxRegister.java:unregister(73)) - Successfully un-registered JMX Bean with object name Ratis:service=RaftServer,group=group-91E122509A7B,id=48982da4-f995-48e9-b2c1-a2ad51cb7376
2019-09-11 07:40:44,166 [main] INFO  impl.RoleInfo (RoleInfo.java:shutdownLeaderState(104)) - 94695109-ccac-4717-8ca0-575ae92c92f3: shutdown LeaderState
2019-09-11 07:40:44,166 [ForkJoinPool.commonPool-worker-1] INFO  impl.RoleInfo (RoleInfo.java:shutdownFollowerState(121)) - 48982da4-f995-48e9-b2c1-a2ad51cb7376: shutdown FollowerState
2019-09-11 07:40:44,167 [main] INFO  impl.PendingRequests (PendingRequests.java:sendNotLeaderResponses(202)) - 94695109-ccac-4717-8ca0-575ae92c92f3-PendingRequests: sendNotLeaderResponses
2019-09-11 07:40:44,167 [48982da4-f995-48e9-b2c1-a2ad51cb7376@group-91E122509A7B-StateMachineUpdater] INFO  ratis.ContainerStateMachine (ContainerStateMachine.java:takeSnapshot(289)) - group-91E122509A7B: Taking a snapshot at:(t:2, i:15) file /workdir/hadoop-ozone/integration-test/target/test-dir/MiniOzoneClusterImpl-d0f0e288-b90a-4d92-9473-de78fda8b1d0/datanode-2/data/ratis/fadca5a5-408a-4f72-a4cf-91e122509a7b/sm/snapshot.2_15
2019-09-11 07:40:44,167 [Thread-417] INFO  impl.FollowerState (FollowerState.java:run(115)) - 48982da4-f995-48e9-b2c1-a2ad51cb7376: FollowerState was interrupted: java.lang.InterruptedException: sleep interrupted
2019-09-11 07:40:44,167 [ForkJoinPool.commonPool-worker-1] INFO  impl.StateMachineUpdater (StateMachineUpdater.java:stopAndJoin(125)) - 48982da4-f995-48e9-b2c1-a2ad51cb7376@group-91E122509A7B-StateMachineUpdater: set stopIndex = 15
2019-09-11 07:40:44,170 [main] INFO  impl.StateMachineUpdater (StateMachineUpdater.java:stopAndJoin(125)) - 94695109-ccac-4717-8ca0-575ae92c92f3@group-932359C60AFE-StateMachineUpdater: set stopIndex = 0
2019-09-11 07:40:44,171 [main] INFO  impl.RaftServerImpl (ServerState.java:close(385)) - 94695109-ccac-4717-8ca0-575ae92c92f3@group-932359C60AFE: closes. applyIndex: 0
2019-09-11 07:40:44,171 [94695109-ccac-4717-8ca0-575ae92c92f3@group-932359C60AFE-SegmentedRaftLogWorker] INFO  segmented.SegmentedRaftLogWorker (SegmentedRaftLogWorker.java:run(313)) - 94695109-ccac-4717-8ca0-575ae92c92f3@group-932359C60AFE-SegmentedRaftLogWorker was interrupted, exiting. There are 0 tasks remaining in the queue.
2019-09-11 07:40:44,173 [main] INFO  segmented.SegmentedRaftLogWorker (SegmentedRaftLogWorker.java:close(228)) - 94695109-ccac-4717-8ca0-575ae92c92f3@group-932359C60AFE-SegmentedRaftLogWorker close()
2019-09-11 07:40:44,177 [main] INFO  server.GrpcService (GrpcService.java:closeImpl(164)) - 94695109-ccac-4717-8ca0-575ae92c92f3: shutdown server with port 43599 now
2019-09-11 07:40:44,179 [java.util.concurrent.ThreadPoolExecutor$Worker@7765ab06[State = -1, empty queue]] WARN  server.GrpcLogAppender (GrpcLogAppender.java:timeoutAppendRequest(200)) - 72bb666e-e114-4432-9598-bd6d136490e0@group-91E122509A7B->48982da4-f995-48e9-b2c1-a2ad51cb7376-GrpcLogAppender: appendEntries Timeout, request=72bb666e-e114-4432-9598-bd6d136490e0->48982da4-f995-48e9-b2c1-a2ad51cb7376#147-t2, previous=(t:2, i:19), leaderCommit=15, initializing? false, entries: <empty>
2019-09-11 07:40:44,179 [java.util.concurrent.ThreadPoolExecutor$Worker@441336f8[State = -1, empty queue]] WARN  server.GrpcLogAppender (GrpcLogAppender.java:timeoutAppendRequest(200)) - 72bb666e-e114-4432-9598-bd6d136490e0@group-91E122509A7B->4bd38775-382d-4c4f-9f91-7366b5492a1e-GrpcLogAppender: appendEntries Timeout, request=72bb666e-e114-4432-9598-bd6d136490e0->4bd38775-382d-4c4f-9f91-7366b5492a1e#147-t2, previous=(t:2, i:19), leaderCommit=15, initializing? false, entries: <empty>
2019-09-11 07:40:44,179 [main] INFO  server.GrpcService (GrpcService.java:closeImpl(172)) - 94695109-ccac-4717-8ca0-575ae92c92f3: shutdown server with port 43599 successfully
2019-09-11 07:40:44,181 [refreshUsed-/workdir/hadoop-ozone/integration-test/target/test-dir/MiniOzoneClusterImpl-d0f0e288-b90a-4d92-9473-de78fda8b1d0/datanode-5/data/containers] WARN  fs.CachingGetSpaceUsed (CachingGetSpaceUsed.java:run(183)) - Thread Interrupted waiting to refresh disk information: sleep interrupted
2019-09-11 07:40:44,192 [48982da4-f995-48e9-b2c1-a2ad51cb7376@group-91E122509A7B-StateMachineUpdater] INFO  ratis.ContainerStateMachine (ContainerStateMachine.java:takeSnapshot(300)) - group-91E122509A7B: Finished taking a snapshot at:(t:2, i:15) file:/workdir/hadoop-ozone/integration-test/target/test-dir/MiniOzoneClusterImpl-d0f0e288-b90a-4d92-9473-de78fda8b1d0/datanode-2/data/ratis/fadca5a5-408a-4f72-a4cf-91e122509a7b/sm/snapshot.2_15 time:24
2019-09-11 07:40:44,192 [48982da4-f995-48e9-b2c1-a2ad51cb7376@group-91E122509A7B-StateMachineUpdater] INFO  impl.StateMachineUpdater (StateMachineUpdater.java:takeSnapshot(258)) - 48982da4-f995-48e9-b2c1-a2ad51cb7376@group-91E122509A7B-StateMachineUpdater: Took a snapshot at index 15
2019-09-11 07:40:44,193 [48982da4-f995-48e9-b2c1-a2ad51cb7376@group-91E122509A7B-StateMachineUpdater] INFO  impl.StateMachineUpdater (StateMachineUpdater.java:lambda$new$0(83)) - 48982da4-f995-48e9-b2c1-a2ad51cb7376@group-91E122509A7B-StateMachineUpdater: snapshotIndex: updateIncreasingly -1 -> 15
2019-09-11 07:40:44,193 [ForkJoinPool.commonPool-worker-1] INFO  impl.RaftServerImpl (ServerState.java:close(385)) - 48982da4-f995-48e9-b2c1-a2ad51cb7376@group-91E122509A7B: closes. applyIndex: 15
2019-09-11 07:40:44,195 [48982da4-f995-48e9-b2c1-a2ad51cb7376@group-91E122509A7B-SegmentedRaftLogWorker] ERROR ratis.XceiverServerRatis (XceiverServerRatis.java:triggerPipelineClose(568)) - pipeline Action CLOSE  on pipeline PipelineID=fadca5a5-408a-4f72-a4cf-91e122509a7b.Reason : WriteLog:16: (t:2, i:16), STATEMACHINELOGENTRY, client-15EBA3052754, cid=43-writeStateMachineData interrupted.
2019-09-11 07:40:44,197 [ForkJoinPool.commonPool-worker-1] INFO  segmented.SegmentedRaftLogWorker (SegmentedRaftLogWorker.java:close(228)) - 48982da4-f995-48e9-b2c1-a2ad51cb7376@group-91E122509A7B-SegmentedRaftLogWorker close()
2019-09-11 07:40:44,200 [ForkJoinPool.commonPool-worker-1] INFO  impl.RaftServerImpl (RaftServerImpl.java:lambda$shutdown$3(251)) - 48982da4-f995-48e9-b2c1-a2ad51cb7376@group-7D50ECD9C74E: shutdown
2019-09-11 07:40:44,200 [ForkJoinPool.commonPool-worker-1] INFO  util.JmxRegister (JmxRegister.java:unregister(73)) - Successfully un-registered JMX Bean with object name Ratis:service=RaftServer,group=group-7D50ECD9C74E,id=48982da4-f995-48e9-b2c1-a2ad51cb7376
2019-09-11 07:40:44,200 [ForkJoinPool.commonPool-worker-1] INFO  impl.RoleInfo (RoleInfo.java:shutdownLeaderState(104)) - 48982da4-f995-48e9-b2c1-a2ad51cb7376: shutdown LeaderState
2019-09-11 07:40:44,200 [ForkJoinPool.commonPool-worker-1] INFO  impl.PendingRequests (PendingRequests.java:sendNotLeaderResponses(202)) - 48982da4-f995-48e9-b2c1-a2ad51cb7376-PendingRequests: sendNotLeaderResponses
2019-09-11 07:40:44,202 [ForkJoinPool.commonPool-worker-1] INFO  impl.StateMachineUpdater (StateMachineUpdater.java:stopAndJoin(125)) - 48982da4-f995-48e9-b2c1-a2ad51cb7376@group-7D50ECD9C74E-StateMachineUpdater: set stopIndex = 0
2019-09-11 07:40:44,202 [ForkJoinPool.commonPool-worker-1] INFO  impl.RaftServerImpl (ServerState.java:close(385)) - 48982da4-f995-48e9-b2c1-a2ad51cb7376@group-7D50ECD9C74E: closes. applyIndex: 0
2019-09-11 07:40:44,203 [48982da4-f995-48e9-b2c1-a2ad51cb7376@group-7D50ECD9C74E-SegmentedRaftLogWorker] INFO  segmented.SegmentedRaftLogWorker (SegmentedRaftLogWorker.java:run(313)) - 48982da4-f995-48e9-b2c1-a2ad51cb7376@group-7D50ECD9C74E-SegmentedRaftLogWorker was interrupted, exiting. There are 0 tasks remaining in the queue.
2019-09-11 07:40:44,204 [ForkJoinPool.commonPool-worker-1] INFO  segmented.SegmentedRaftLogWorker (SegmentedRaftLogWorker.java:close(228)) - 48982da4-f995-48e9-b2c1-a2ad51cb7376@group-7D50ECD9C74E-SegmentedRaftLogWorker close()
2019-09-11 07:40:44,207 [ForkJoinPool.commonPool-worker-1] INFO  server.GrpcService (GrpcService.java:closeImpl(164)) - 48982da4-f995-48e9-b2c1-a2ad51cb7376: shutdown server with port 39508 now
2019-09-11 07:40:44,208 [grpc-default-executor-3] WARN  server.GrpcServerProtocolService (LogUtils.java:warn(134)) - 48982da4-f995-48e9-b2c1-a2ad51cb7376: installSnapshot onError, lastRequest: 72bb666e-e114-4432-9598-bd6d136490e0->48982da4-f995-48e9-b2c1-a2ad51cb7376#153-t2, previous=(t:2, i:19), leaderCommit=15, initializing? false, entries: <empty>: org.apache.ratis.thirdparty.io.grpc.StatusRuntimeException: CANCELLED: cancelled before receiving half close
2019-09-11 07:40:44,210 [ForkJoinPool.commonPool-worker-1] INFO  server.GrpcService (GrpcService.java:closeImpl(172)) - 48982da4-f995-48e9-b2c1-a2ad51cb7376: shutdown server with port 39508 successfully
2019-09-11 07:40:44,212 [grpc-default-executor-4] WARN  server.GrpcLogAppender (LogUtils.java:warn(134)) - 72bb666e-e114-4432-9598-bd6d136490e0@group-91E122509A7B->48982da4-f995-48e9-b2c1-a2ad51cb7376-AppendLogResponseHandler: Failed appendEntries: org.apache.ratis.thirdparty.io.grpc.StatusRuntimeException: CANCELLED: HTTP/2 error code: CANCEL
Received Rst Stream
2019-09-11 07:40:44,215 [grpc-default-executor-4] INFO  impl.FollowerInfo (FollowerInfo.java:lambda$new$0(51)) - 72bb666e-e114-4432-9598-bd6d136490e0@group-91E122509A7B->48982da4-f995-48e9-b2c1-a2ad51cb7376: nextIndex: updateUnconditionally 20 -> 16
2019-09-11 07:40:44,215 [refreshUsed-/workdir/hadoop-ozone/integration-test/target/test-dir/MiniOzoneClusterImpl-d0f0e288-b90a-4d92-9473-de78fda8b1d0/datanode-2/data/containers] WARN  fs.CachingGetSpaceUsed (CachingGetSpaceUsed.java:run(183)) - Thread Interrupted waiting to refresh disk information: sleep interrupted
2019-09-11 07:40:44,224 [main] INFO  utils.BackgroundService (BackgroundService.java:shutdown(148)) - Shutting down service BlockDeletingService
2019-09-11 07:40:44,229 [main] INFO  statemachine.DatanodeStateMachine (DatanodeStateMachine.java:stopDaemon(395)) - Ozone container server stopped.
2019-09-11 07:40:44,231 [main] INFO  handler.ContextHandler (ContextHandler.java:doStop(910)) - Stopped o.e.j.w.WebAppContext@3c83468e{/,null,UNAVAILABLE}{/hddsDatanode}
2019-09-11 07:40:44,232 [main] INFO  server.AbstractConnector (AbstractConnector.java:doStop(318)) - Stopped ServerConnector@272ce069{HTTP/1.1,[http/1.1]}{0.0.0.0:0}
2019-09-11 07:40:44,233 [main] INFO  handler.ContextHandler (ContextHandler.java:doStop(910)) - Stopped o.e.j.s.ServletContextHandler@ccf91df{/static,jar:file:/home/user/.m2/repository/org/apache/hadoop/hadoop-hdds-container-service/0.5.0-SNAPSHOT/hadoop-hdds-container-service-0.5.0-SNAPSHOT.jar!/webapps/static,UNAVAILABLE}
2019-09-11 07:40:44,233 [main] INFO  handler.ContextHandler (ContextHandler.java:doStop(910)) - Stopped o.e.j.s.ServletContextHandler@75d4a80f{/logs,file:///workdir/hadoop-ozone/integration-test/target/log,UNAVAILABLE}
2019-09-11 07:40:44,237 [ForkJoinPool.commonPool-worker-1] INFO  utils.BackgroundService (BackgroundService.java:shutdown(148)) - Shutting down service BlockDeletingService
2019-09-11 07:40:44,241 [ForkJoinPool.commonPool-worker-1] INFO  statemachine.DatanodeStateMachine (DatanodeStateMachine.java:stopDaemon(395)) - Ozone container server stopped.
2019-09-11 07:40:44,245 [ForkJoinPool.commonPool-worker-1] INFO  handler.ContextHandler (ContextHandler.java:doStop(910)) - Stopped o.e.j.w.WebAppContext@4745e9c{/,null,UNAVAILABLE}{/hddsDatanode}
2019-09-11 07:40:44,246 [ForkJoinPool.commonPool-worker-1] INFO  server.AbstractConnector (AbstractConnector.java:doStop(318)) - Stopped ServerConnector@2f2bff16{HTTP/1.1,[http/1.1]}{0.0.0.0:0}
2019-09-11 07:40:44,247 [ForkJoinPool.commonPool-worker-1] INFO  handler.ContextHandler (ContextHandler.java:doStop(910)) - Stopped o.e.j.s.ServletContextHandler@4b65d9f4{/static,jar:file:/home/user/.m2/repository/org/apache/hadoop/hadoop-hdds-container-service/0.5.0-SNAPSHOT/hadoop-hdds-container-service-0.5.0-SNAPSHOT.jar!/webapps/static,UNAVAILABLE}
2019-09-11 07:40:44,249 [ForkJoinPool.commonPool-worker-1] INFO  handler.ContextHandler (ContextHandler.java:doStop(910)) - Stopped o.e.j.s.ServletContextHandler@2e66bc32{/logs,file:///workdir/hadoop-ozone/integration-test/target/log,UNAVAILABLE}
2019-09-11 07:40:44,380 [java.util.concurrent.ThreadPoolExecutor$Worker@610f7baa[State = -1, empty queue]] WARN  server.GrpcLogAppender (GrpcLogAppender.java:timeoutAppendRequest(200)) - 36be1d2c-b8e7-4a5e-9c9f-c881d55a8c5a@group-0D0617E48045->7366865a-3ccb-4fea-a2e2-b7a0314f55f5-GrpcLogAppender: appendEntries Timeout, request=36be1d2c-b8e7-4a5e-9c9f-c881d55a8c5a->7366865a-3ccb-4fea-a2e2-b7a0314f55f5#148-t2, previous=(t:2, i:20), leaderCommit=16, initializing? false, entries: <empty>
2019-09-11 07:40:44,380 [java.util.concurrent.ThreadPoolExecutor$Worker@3f71a1c8[State = -1, empty queue]] WARN  server.GrpcLogAppender (GrpcLogAppender.java:timeoutAppendRequest(200)) - 36be1d2c-b8e7-4a5e-9c9f-c881d55a8c5a@group-0D0617E48045->a1a3d5df-f415-4291-8622-8b18f7b50573-GrpcLogAppender: appendEntries Timeout, request=36be1d2c-b8e7-4a5e-9c9f-c881d55a8c5a->a1a3d5df-f415-4291-8622-8b18f7b50573#148-t2, previous=(t:2, i:20), leaderCommit=16, initializing? false, entries: <empty>
2019-09-11 07:40:44,386 [java.util.concurrent.ThreadPoolExecutor$Worker@702f6010[State = -1, empty queue]] WARN  server.GrpcLogAppender (GrpcLogAppender.java:timeoutAppendRequest(200)) - 8929662e-8651-4c9f-b246-d3ed69c98010@group-402BD240969B->9196f2dc-d574-4585-b48c-56d55fbc13c2-GrpcLogAppender: appendEntries Timeout, request=8929662e-8651-4c9f-b246-d3ed69c98010->9196f2dc-d574-4585-b48c-56d55fbc13c2#148-t2, previous=(t:2, i:20), leaderCommit=16, initializing? false, entries: <empty>
2019-09-11 07:40:44,429 [grpc-default-executor-0] WARN  server.GrpcLogAppender (LogUtils.java:warn(134)) - 8929662e-8651-4c9f-b246-d3ed69c98010@group-402BD240969B->5b8ad787-4bf9-4bb4-bfeb-9c85cd30cda7-AppendLogResponseHandler: Failed appendEntries: org.apache.ratis.thirdparty.io.grpc.StatusRuntimeException: UNAVAILABLE: io exception
2019-09-11 07:40:44,430 [grpc-default-executor-0] INFO  impl.FollowerInfo (FollowerInfo.java:lambda$new$0(51)) - 8929662e-8651-4c9f-b246-d3ed69c98010@group-402BD240969B->5b8ad787-4bf9-4bb4-bfeb-9c85cd30cda7: nextIndex: updateUnconditionally 0 -> 0
2019-09-11 07:40:44,678 [java.util.concurrent.ThreadPoolExecutor$Worker@441336f8[State = -1, empty queue]] WARN  server.GrpcLogAppender (GrpcLogAppender.java:timeoutAppendRequest(200)) - 72bb666e-e114-4432-9598-bd6d136490e0@group-91E122509A7B->4bd38775-382d-4c4f-9f91-7366b5492a1e-GrpcLogAppender: appendEntries Timeout, request=72bb666e-e114-4432-9598-bd6d136490e0->4bd38775-382d-4c4f-9f91-7366b5492a1e#148-t2, previous=(t:2, i:19), leaderCommit=15, initializing? false, entries: <empty>
2019-09-11 07:40:44,685 [grpc-default-executor-3] WARN  server.GrpcLogAppender (LogUtils.java:warn(134)) - 72bb666e-e114-4432-9598-bd6d136490e0@group-91E122509A7B->48982da4-f995-48e9-b2c1-a2ad51cb7376-AppendLogResponseHandler: Failed appendEntries: org.apache.ratis.thirdparty.io.grpc.StatusRuntimeException: UNAVAILABLE: io exception
2019-09-11 07:40:44,686 [grpc-default-executor-3] INFO  impl.FollowerInfo (FollowerInfo.java:lambda$new$0(51)) - 72bb666e-e114-4432-9598-bd6d136490e0@group-91E122509A7B->48982da4-f995-48e9-b2c1-a2ad51cb7376: nextIndex: updateUnconditionally 16 -> 15
2019-09-11 07:40:44,880 [java.util.concurrent.ThreadPoolExecutor$Worker@3f71a1c8[State = -1, empty queue]] WARN  server.GrpcLogAppender (GrpcLogAppender.java:timeoutAppendRequest(200)) - 36be1d2c-b8e7-4a5e-9c9f-c881d55a8c5a@group-0D0617E48045->a1a3d5df-f415-4291-8622-8b18f7b50573-GrpcLogAppender: appendEntries Timeout, request=36be1d2c-b8e7-4a5e-9c9f-c881d55a8c5a->a1a3d5df-f415-4291-8622-8b18f7b50573#149-t2, previous=(t:2, i:20), leaderCommit=16, initializing? false, entries: <empty>
2019-09-11 07:40:44,880 [java.util.concurrent.ThreadPoolExecutor$Worker@610f7baa[State = -1, empty queue]] WARN  server.GrpcLogAppender (GrpcLogAppender.java:timeoutAppendRequest(200)) - 36be1d2c-b8e7-4a5e-9c9f-c881d55a8c5a@group-0D0617E48045->7366865a-3ccb-4fea-a2e2-b7a0314f55f5-GrpcLogAppender: appendEntries Timeout, request=36be1d2c-b8e7-4a5e-9c9f-c881d55a8c5a->7366865a-3ccb-4fea-a2e2-b7a0314f55f5#149-t2, previous=(t:2, i:20), leaderCommit=16, initializing? false, entries: <empty>
2019-09-11 07:40:44,887 [java.util.concurrent.ThreadPoolExecutor$Worker@702f6010[State = -1, empty queue]] WARN  server.GrpcLogAppender (GrpcLogAppender.java:timeoutAppendRequest(200)) - 8929662e-8651-4c9f-b246-d3ed69c98010@group-402BD240969B->9196f2dc-d574-4585-b48c-56d55fbc13c2-GrpcLogAppender: appendEntries Timeout, request=8929662e-8651-4c9f-b246-d3ed69c98010->9196f2dc-d574-4585-b48c-56d55fbc13c2#149-t2, previous=(t:2, i:20), leaderCommit=16, initializing? false, entries: <empty>
2019-09-11 07:40:44,915 [Datanode State Machine Thread - 0] INFO  statemachine.DatanodeStateMachine (DatanodeStateMachine.java:lambda$startDaemon$0(350)) - Ozone container server started.
2019-09-11 07:40:44,930 [grpc-default-executor-0] WARN  server.GrpcLogAppender (LogUtils.java:warn(134)) - 8929662e-8651-4c9f-b246-d3ed69c98010@group-402BD240969B->5b8ad787-4bf9-4bb4-bfeb-9c85cd30cda7-AppendLogResponseHandler: Failed appendEntries: org.apache.ratis.thirdparty.io.grpc.StatusRuntimeException: UNAVAILABLE: io exception
2019-09-11 07:40:44,930 [grpc-default-executor-0] INFO  impl.FollowerInfo (FollowerInfo.java:lambda$new$0(51)) - 8929662e-8651-4c9f-b246-d3ed69c98010@group-402BD240969B->5b8ad787-4bf9-4bb4-bfeb-9c85cd30cda7: nextIndex: updateUnconditionally 0 -> 0
2019-09-11 07:40:44,983 [Datanode State Machine Thread - 0] INFO  statemachine.DatanodeStateMachine (DatanodeStateMachine.java:lambda$startDaemon$0(350)) - Ozone container server started.
2019-09-11 07:40:45,179 [java.util.concurrent.ThreadPoolExecutor$Worker@441336f8[State = -1, empty queue]] WARN  server.GrpcLogAppender (GrpcLogAppender.java:timeoutAppendRequest(200)) - 72bb666e-e114-4432-9598-bd6d136490e0@group-91E122509A7B->4bd38775-382d-4c4f-9f91-7366b5492a1e-GrpcLogAppender: appendEntries Timeout, request=72bb666e-e114-4432-9598-bd6d136490e0->4bd38775-382d-4c4f-9f91-7366b5492a1e#149-t2, previous=(t:2, i:19), leaderCommit=15, initializing? false, entries: <empty>
2019-09-11 07:40:45,186 [grpc-default-executor-3] WARN  server.GrpcLogAppender (LogUtils.java:warn(134)) - 72bb666e-e114-4432-9598-bd6d136490e0@group-91E122509A7B->48982da4-f995-48e9-b2c1-a2ad51cb7376-AppendLogResponseHandler: Failed appendEntries: org.apache.ratis.thirdparty.io.grpc.StatusRuntimeException: UNAVAILABLE: io exception
2019-09-11 07:40:45,187 [grpc-default-executor-3] INFO  impl.FollowerInfo (FollowerInfo.java:lambda$new$0(51)) - 72bb666e-e114-4432-9598-bd6d136490e0@group-91E122509A7B->48982da4-f995-48e9-b2c1-a2ad51cb7376: nextIndex: updateUnconditionally 15 -> 14
2019-09-11 07:40:45,381 [java.util.concurrent.ThreadPoolExecutor$Worker@610f7baa[State = -1, empty queue]] WARN  server.GrpcLogAppender (GrpcLogAppender.java:timeoutAppendRequest(200)) - 36be1d2c-b8e7-4a5e-9c9f-c881d55a8c5a@group-0D0617E48045->7366865a-3ccb-4fea-a2e2-b7a0314f55f5-GrpcLogAppender: appendEntries Timeout, request=36be1d2c-b8e7-4a5e-9c9f-c881d55a8c5a->7366865a-3ccb-4fea-a2e2-b7a0314f55f5#150-t2, previous=(t:2, i:20), leaderCommit=16, initializing? false, entries: <empty>
2019-09-11 07:40:45,381 [java.util.concurrent.ThreadPoolExecutor$Worker@3f71a1c8[State = -1, empty queue]] WARN  server.GrpcLogAppender (GrpcLogAppender.java:timeoutAppendRequest(200)) - 36be1d2c-b8e7-4a5e-9c9f-c881d55a8c5a@group-0D0617E48045->a1a3d5df-f415-4291-8622-8b18f7b50573-GrpcLogAppender: appendEntries Timeout, request=36be1d2c-b8e7-4a5e-9c9f-c881d55a8c5a->a1a3d5df-f415-4291-8622-8b18f7b50573#150-t2, previous=(t:2, i:20), leaderCommit=16, initializing? false, entries: <empty>
2019-09-11 07:40:45,387 [java.util.concurrent.ThreadPoolExecutor$Worker@702f6010[State = -1, empty queue]] WARN  server.GrpcLogAppender (GrpcLogAppender.java:timeoutAppendRequest(200)) - 8929662e-8651-4c9f-b246-d3ed69c98010@group-402BD240969B->9196f2dc-d574-4585-b48c-56d55fbc13c2-GrpcLogAppender: appendEntries Timeout, request=8929662e-8651-4c9f-b246-d3ed69c98010->9196f2dc-d574-4585-b48c-56d55fbc13c2#150-t2, previous=(t:2, i:20), leaderCommit=16, initializing? false, entries: <empty>
2019-09-11 07:40:45,431 [grpc-default-executor-4] WARN  server.GrpcLogAppender (LogUtils.java:warn(134)) - 8929662e-8651-4c9f-b246-d3ed69c98010@group-402BD240969B->5b8ad787-4bf9-4bb4-bfeb-9c85cd30cda7-AppendLogResponseHandler: Failed appendEntries: org.apache.ratis.thirdparty.io.grpc.StatusRuntimeException: UNAVAILABLE: io exception
2019-09-11 07:40:45,432 [grpc-default-executor-4] INFO  impl.FollowerInfo (FollowerInfo.java:lambda$new$0(51)) - 8929662e-8651-4c9f-b246-d3ed69c98010@group-402BD240969B->5b8ad787-4bf9-4bb4-bfeb-9c85cd30cda7: nextIndex: updateUnconditionally 0 -> 0
2019-09-11 07:40:45,680 [java.util.concurrent.ThreadPoolExecutor$Worker@441336f8[State = -1, empty queue]] WARN  server.GrpcLogAppender (GrpcLogAppender.java:timeoutAppendRequest(200)) - 72bb666e-e114-4432-9598-bd6d136490e0@group-91E122509A7B->4bd38775-382d-4c4f-9f91-7366b5492a1e-GrpcLogAppender: appendEntries Timeout, request=72bb666e-e114-4432-9598-bd6d136490e0->4bd38775-382d-4c4f-9f91-7366b5492a1e#150-t2, previous=(t:2, i:19), leaderCommit=15, initializing? false, entries: <empty>
2019-09-11 07:40:45,687 [grpc-default-executor-0] WARN  server.GrpcLogAppender (LogUtils.java:warn(134)) - 72bb666e-e114-4432-9598-bd6d136490e0@group-91E122509A7B->48982da4-f995-48e9-b2c1-a2ad51cb7376-AppendLogResponseHandler: Failed appendEntries: org.apache.ratis.thirdparty.io.grpc.StatusRuntimeException: UNAVAILABLE: io exception
2019-09-11 07:40:45,688 [grpc-default-executor-0] INFO  impl.FollowerInfo (FollowerInfo.java:lambda$new$0(51)) - 72bb666e-e114-4432-9598-bd6d136490e0@group-91E122509A7B->48982da4-f995-48e9-b2c1-a2ad51cb7376: nextIndex: updateUnconditionally 14 -> 13
2019-09-11 07:40:45,881 [java.util.concurrent.ThreadPoolExecutor$Worker@610f7baa[State = -1, empty queue]] WARN  server.GrpcLogAppender (GrpcLogAppender.java:timeoutAppendRequest(200)) - 36be1d2c-b8e7-4a5e-9c9f-c881d55a8c5a@group-0D0617E48045->7366865a-3ccb-4fea-a2e2-b7a0314f55f5-GrpcLogAppender: appendEntries Timeout, request=36be1d2c-b8e7-4a5e-9c9f-c881d55a8c5a->7366865a-3ccb-4fea-a2e2-b7a0314f55f5#151-t2, previous=(t:2, i:20), leaderCommit=16, initializing? false, entries: <empty>
2019-09-11 07:40:45,881 [java.util.concurrent.ThreadPoolExecutor$Worker@3f71a1c8[State = -1, empty queue]] WARN  server.GrpcLogAppender (GrpcLogAppender.java:timeoutAppendRequest(200)) - 36be1d2c-b8e7-4a5e-9c9f-c881d55a8c5a@group-0D0617E48045->a1a3d5df-f415-4291-8622-8b18f7b50573-GrpcLogAppender: appendEntries Timeout, request=36be1d2c-b8e7-4a5e-9c9f-c881d55a8c5a->a1a3d5df-f415-4291-8622-8b18f7b50573#151-t2, previous=(t:2, i:20), leaderCommit=16, initializing? false, entries: <empty>
2019-09-11 07:40:45,887 [java.util.concurrent.ThreadPoolExecutor$Worker@702f6010[State = -1, empty queue]] WARN  server.GrpcLogAppender (GrpcLogAppender.java:timeoutAppendRequest(200)) - 8929662e-8651-4c9f-b246-d3ed69c98010@group-402BD240969B->9196f2dc-d574-4585-b48c-56d55fbc13c2-GrpcLogAppender: appendEntries Timeout, request=8929662e-8651-4c9f-b246-d3ed69c98010->9196f2dc-d574-4585-b48c-56d55fbc13c2#151-t2, previous=(t:2, i:20), leaderCommit=16, initializing? false, entries: <empty>
2019-09-11 07:40:45,931 [grpc-default-executor-3] WARN  server.GrpcLogAppender (LogUtils.java:warn(134)) - 8929662e-8651-4c9f-b246-d3ed69c98010@group-402BD240969B->5b8ad787-4bf9-4bb4-bfeb-9c85cd30cda7-AppendLogResponseHandler: Failed appendEntries: org.apache.ratis.thirdparty.io.grpc.StatusRuntimeException: UNAVAILABLE: io exception
2019-09-11 07:40:45,932 [grpc-default-executor-3] INFO  impl.FollowerInfo (FollowerInfo.java:lambda$new$0(51)) - 8929662e-8651-4c9f-b246-d3ed69c98010@group-402BD240969B->5b8ad787-4bf9-4bb4-bfeb-9c85cd30cda7: nextIndex: updateUnconditionally 0 -> 0
2019-09-11 07:40:46,180 [java.util.concurrent.ThreadPoolExecutor$Worker@441336f8[State = -1, empty queue]] WARN  server.GrpcLogAppender (GrpcLogAppender.java:timeoutAppendRequest(200)) - 72bb666e-e114-4432-9598-bd6d136490e0@group-91E122509A7B->4bd38775-382d-4c4f-9f91-7366b5492a1e-GrpcLogAppender: appendEntries Timeout, request=72bb666e-e114-4432-9598-bd6d136490e0->4bd38775-382d-4c4f-9f91-7366b5492a1e#151-t2, previous=(t:2, i:19), leaderCommit=15, initializing? false, entries: <empty>
2019-09-11 07:40:46,187 [grpc-default-executor-0] WARN  server.GrpcLogAppender (LogUtils.java:warn(134)) - 72bb666e-e114-4432-9598-bd6d136490e0@group-91E122509A7B->48982da4-f995-48e9-b2c1-a2ad51cb7376-AppendLogResponseHandler: Failed appendEntries: org.apache.ratis.thirdparty.io.grpc.StatusRuntimeException: UNAVAILABLE: io exception
2019-09-11 07:40:46,188 [grpc-default-executor-0] INFO  impl.FollowerInfo (FollowerInfo.java:lambda$new$0(51)) - 72bb666e-e114-4432-9598-bd6d136490e0@group-91E122509A7B->48982da4-f995-48e9-b2c1-a2ad51cb7376: nextIndex: updateUnconditionally 13 -> 12
2019-09-11 07:40:46,382 [java.util.concurrent.ThreadPoolExecutor$Worker@610f7baa[State = -1, empty queue]] WARN  server.GrpcLogAppender (GrpcLogAppender.java:timeoutAppendRequest(200)) - 36be1d2c-b8e7-4a5e-9c9f-c881d55a8c5a@group-0D0617E48045->7366865a-3ccb-4fea-a2e2-b7a0314f55f5-GrpcLogAppender: appendEntries Timeout, request=36be1d2c-b8e7-4a5e-9c9f-c881d55a8c5a->7366865a-3ccb-4fea-a2e2-b7a0314f55f5#152-t2, previous=(t:2, i:20), leaderCommit=16, initializing? false, entries: <empty>
2019-09-11 07:40:46,382 [java.util.concurrent.ThreadPoolExecutor$Worker@3f71a1c8[State = -1, empty queue]] WARN  server.GrpcLogAppender (GrpcLogAppender.java:timeoutAppendRequest(200)) - 36be1d2c-b8e7-4a5e-9c9f-c881d55a8c5a@group-0D0617E48045->a1a3d5df-f415-4291-8622-8b18f7b50573-GrpcLogAppender: appendEntries Timeout, request=36be1d2c-b8e7-4a5e-9c9f-c881d55a8c5a->a1a3d5df-f415-4291-8622-8b18f7b50573#152-t2, previous=(t:2, i:20), leaderCommit=16, initializing? false, entries: <empty>
2019-09-11 07:40:46,387 [java.util.concurrent.ThreadPoolExecutor$Worker@702f6010[State = -1, empty queue]] WARN  server.GrpcLogAppender (GrpcLogAppender.java:timeoutAppendRequest(200)) - 8929662e-8651-4c9f-b246-d3ed69c98010@group-402BD240969B->9196f2dc-d574-4585-b48c-56d55fbc13c2-GrpcLogAppender: appendEntries Timeout, request=8929662e-8651-4c9f-b246-d3ed69c98010->9196f2dc-d574-4585-b48c-56d55fbc13c2#152-t2, previous=(t:2, i:20), leaderCommit=16, initializing? false, entries: <empty>
2019-09-11 07:40:46,432 [grpc-default-executor-4] WARN  server.GrpcLogAppender (LogUtils.java:warn(134)) - 8929662e-8651-4c9f-b246-d3ed69c98010@group-402BD240969B->5b8ad787-4bf9-4bb4-bfeb-9c85cd30cda7-AppendLogResponseHandler: Failed appendEntries: org.apache.ratis.thirdparty.io.grpc.StatusRuntimeException: UNAVAILABLE: io exception
2019-09-11 07:40:46,432 [grpc-default-executor-4] INFO  impl.FollowerInfo (FollowerInfo.java:lambda$new$0(51)) - 8929662e-8651-4c9f-b246-d3ed69c98010@group-402BD240969B->5b8ad787-4bf9-4bb4-bfeb-9c85cd30cda7: nextIndex: updateUnconditionally 0 -> 0
2019-09-11 07:40:46,681 [java.util.concurrent.ThreadPoolExecutor$Worker@441336f8[State = -1, empty queue]] WARN  server.GrpcLogAppender (GrpcLogAppender.java:timeoutAppendRequest(200)) - 72bb666e-e114-4432-9598-bd6d136490e0@group-91E122509A7B->4bd38775-382d-4c4f-9f91-7366b5492a1e-GrpcLogAppender: appendEntries Timeout, request=72bb666e-e114-4432-9598-bd6d136490e0->4bd38775-382d-4c4f-9f91-7366b5492a1e#152-t2, previous=(t:2, i:19), leaderCommit=15, initializing? false, entries: <empty>
2019-09-11 07:40:46,688 [grpc-default-executor-3] WARN  server.GrpcLogAppender (LogUtils.java:warn(134)) - 72bb666e-e114-4432-9598-bd6d136490e0@group-91E122509A7B->48982da4-f995-48e9-b2c1-a2ad51cb7376-AppendLogResponseHandler: Failed appendEntries: org.apache.ratis.thirdparty.io.grpc.StatusRuntimeException: UNAVAILABLE: io exception
2019-09-11 07:40:46,689 [grpc-default-executor-3] INFO  impl.FollowerInfo (FollowerInfo.java:lambda$new$0(51)) - 72bb666e-e114-4432-9598-bd6d136490e0@group-91E122509A7B->48982da4-f995-48e9-b2c1-a2ad51cb7376: nextIndex: updateUnconditionally 12 -> 11
2019-09-11 07:40:46,882 [java.util.concurrent.ThreadPoolExecutor$Worker@3f71a1c8[State = -1, empty queue]] WARN  server.GrpcLogAppender (GrpcLogAppender.java:timeoutAppendRequest(200)) - 36be1d2c-b8e7-4a5e-9c9f-c881d55a8c5a@group-0D0617E48045->a1a3d5df-f415-4291-8622-8b18f7b50573-GrpcLogAppender: appendEntries Timeout, request=36be1d2c-b8e7-4a5e-9c9f-c881d55a8c5a->a1a3d5df-f415-4291-8622-8b18f7b50573#153-t2, previous=(t:2, i:20), leaderCommit=16, initializing? false, entries: <empty>
2019-09-11 07:40:46,882 [java.util.concurrent.ThreadPoolExecutor$Worker@610f7baa[State = -1, empty queue]] WARN  server.GrpcLogAppender (GrpcLogAppender.java:timeoutAppendRequest(200)) - 36be1d2c-b8e7-4a5e-9c9f-c881d55a8c5a@group-0D0617E48045->7366865a-3ccb-4fea-a2e2-b7a0314f55f5-GrpcLogAppender: appendEntries Timeout, request=36be1d2c-b8e7-4a5e-9c9f-c881d55a8c5a->7366865a-3ccb-4fea-a2e2-b7a0314f55f5#153-t2, previous=(t:2, i:20), leaderCommit=16, initializing? false, entries: <empty>
2019-09-11 07:40:46,888 [java.util.concurrent.ThreadPoolExecutor$Worker@702f6010[State = -1, empty queue]] WARN  server.GrpcLogAppender (GrpcLogAppender.java:timeoutAppendRequest(200)) - 8929662e-8651-4c9f-b246-d3ed69c98010@group-402BD240969B->9196f2dc-d574-4585-b48c-56d55fbc13c2-GrpcLogAppender: appendEntries Timeout, request=8929662e-8651-4c9f-b246-d3ed69c98010->9196f2dc-d574-4585-b48c-56d55fbc13c2#153-t2, previous=(t:2, i:20), leaderCommit=16, initializing? false, entries: <empty>
2019-09-11 07:40:46,932 [grpc-default-executor-0] WARN  server.GrpcLogAppender (LogUtils.java:warn(134)) - 8929662e-8651-4c9f-b246-d3ed69c98010@group-402BD240969B->5b8ad787-4bf9-4bb4-bfeb-9c85cd30cda7-AppendLogResponseHandler: Failed appendEntries: org.apache.ratis.thirdparty.io.grpc.StatusRuntimeException: UNAVAILABLE: io exception
2019-09-11 07:40:46,933 [grpc-default-executor-0] INFO  impl.FollowerInfo (FollowerInfo.java:lambda$new$0(51)) - 8929662e-8651-4c9f-b246-d3ed69c98010@group-402BD240969B->5b8ad787-4bf9-4bb4-bfeb-9c85cd30cda7: nextIndex: updateUnconditionally 0 -> 0
2019-09-11 07:40:47,127 [4bd38775-382d-4c4f-9f91-7366b5492a1e@group-91E122509A7B-SegmentedRaftLogWorker] WARN  segmented.SegmentedRaftLogWorker (SegmentedRaftLogWorker.java:getFromFuture(90)) - Timeout 4/~
org.apache.ratis.protocol.TimeoutIOException: Timeout 10s: WriteLog:16: (t:2, i:16), STATEMACHINELOGENTRY, client-15EBA3052754, cid=43-writeStateMachineData
	at org.apache.ratis.util.IOUtils.getFromFuture(IOUtils.java:87)
	at org.apache.ratis.server.raftlog.segmented.SegmentedRaftLogWorker$StateMachineDataPolicy.getFromFuture(SegmentedRaftLogWorker.java:87)
	at org.apache.ratis.server.raftlog.segmented.SegmentedRaftLogWorker$WriteLog.execute(SegmentedRaftLogWorker.java:477)
	at org.apache.ratis.server.raftlog.segmented.SegmentedRaftLogWorker.run(SegmentedRaftLogWorker.java:289)
	at java.lang.Thread.run(Thread.java:748)
Caused by: java.util.concurrent.TimeoutException
	at java.util.concurrent.CompletableFuture.timedGet(CompletableFuture.java:1771)
	at java.util.concurrent.CompletableFuture.get(CompletableFuture.java:1915)
	at org.apache.ratis.util.IOUtils.getFromFuture(IOUtils.java:79)
	... 4 more
2019-09-11 07:40:47,153 [72bb666e-e114-4432-9598-bd6d136490e0@group-91E122509A7B-SegmentedRaftLogWorker] WARN  segmented.SegmentedRaftLogWorker (SegmentedRaftLogWorker.java:getFromFuture(90)) - Timeout 4/~
org.apache.ratis.protocol.TimeoutIOException: Timeout 10s: WriteLog:18: (t:2, i:18), STATEMACHINELOGENTRY, client-15EBA3052754, cid=45-writeStateMachineData
	at org.apache.ratis.util.IOUtils.getFromFuture(IOUtils.java:87)
	at org.apache.ratis.server.raftlog.segmented.SegmentedRaftLogWorker$StateMachineDataPolicy.getFromFuture(SegmentedRaftLogWorker.java:87)
	at org.apache.ratis.server.raftlog.segmented.SegmentedRaftLogWorker$WriteLog.execute(SegmentedRaftLogWorker.java:477)
	at org.apache.ratis.server.raftlog.segmented.SegmentedRaftLogWorker.run(SegmentedRaftLogWorker.java:289)
	at java.lang.Thread.run(Thread.java:748)
Caused by: java.util.concurrent.TimeoutException
	at java.util.concurrent.CompletableFuture.timedGet(CompletableFuture.java:1771)
	at java.util.concurrent.CompletableFuture.get(CompletableFuture.java:1915)
	at org.apache.ratis.util.IOUtils.getFromFuture(IOUtils.java:79)
	... 4 more
2019-09-11 07:40:47,183 [java.util.concurrent.ThreadPoolExecutor$Worker@441336f8[State = -1, empty queue]] WARN  server.GrpcLogAppender (GrpcLogAppender.java:timeoutAppendRequest(200)) - 72bb666e-e114-4432-9598-bd6d136490e0@group-91E122509A7B->4bd38775-382d-4c4f-9f91-7366b5492a1e-GrpcLogAppender: appendEntries Timeout, request=72bb666e-e114-4432-9598-bd6d136490e0->4bd38775-382d-4c4f-9f91-7366b5492a1e#153-t2, previous=(t:2, i:19), leaderCommit=15, initializing? false, entries: <empty>
2019-09-11 07:40:47,190 [grpc-default-executor-3] WARN  server.GrpcLogAppender (LogUtils.java:warn(134)) - 72bb666e-e114-4432-9598-bd6d136490e0@group-91E122509A7B->48982da4-f995-48e9-b2c1-a2ad51cb7376-AppendLogResponseHandler: Failed appendEntries: org.apache.ratis.thirdparty.io.grpc.StatusRuntimeException: UNAVAILABLE: io exception
2019-09-11 07:40:47,190 [grpc-default-executor-3] INFO  impl.FollowerInfo (FollowerInfo.java:lambda$new$0(51)) - 72bb666e-e114-4432-9598-bd6d136490e0@group-91E122509A7B->48982da4-f995-48e9-b2c1-a2ad51cb7376: nextIndex: updateUnconditionally 11 -> 10
2019-09-11 07:40:47,382 [java.util.concurrent.ThreadPoolExecutor$Worker@610f7baa[State = -1, empty queue]] WARN  server.GrpcLogAppender (GrpcLogAppender.java:timeoutAppendRequest(200)) - 36be1d2c-b8e7-4a5e-9c9f-c881d55a8c5a@group-0D0617E48045->7366865a-3ccb-4fea-a2e2-b7a0314f55f5-GrpcLogAppender: appendEntries Timeout, request=36be1d2c-b8e7-4a5e-9c9f-c881d55a8c5a->7366865a-3ccb-4fea-a2e2-b7a0314f55f5#154-t2, previous=(t:2, i:20), leaderCommit=16, initializing? false, entries: <empty>
2019-09-11 07:40:47,382 [java.util.concurrent.ThreadPoolExecutor$Worker@3f71a1c8[State = -1, empty queue]] WARN  server.GrpcLogAppender (GrpcLogAppender.java:timeoutAppendRequest(200)) - 36be1d2c-b8e7-4a5e-9c9f-c881d55a8c5a@group-0D0617E48045->a1a3d5df-f415-4291-8622-8b18f7b50573-GrpcLogAppender: appendEntries Timeout, request=36be1d2c-b8e7-4a5e-9c9f-c881d55a8c5a->a1a3d5df-f415-4291-8622-8b18f7b50573#154-t2, previous=(t:2, i:20), leaderCommit=16, initializing? false, entries: <empty>
2019-09-11 07:40:47,388 [java.util.concurrent.ThreadPoolExecutor$Worker@702f6010[State = -1, empty queue]] WARN  server.GrpcLogAppender (GrpcLogAppender.java:timeoutAppendRequest(200)) - 8929662e-8651-4c9f-b246-d3ed69c98010@group-402BD240969B->9196f2dc-d574-4585-b48c-56d55fbc13c2-GrpcLogAppender: appendEntries Timeout, request=8929662e-8651-4c9f-b246-d3ed69c98010->9196f2dc-d574-4585-b48c-56d55fbc13c2#154-t2, previous=(t:2, i:20), leaderCommit=16, initializing? false, entries: <empty>
2019-09-11 07:40:47,434 [grpc-default-executor-4] WARN  server.GrpcLogAppender (LogUtils.java:warn(134)) - 8929662e-8651-4c9f-b246-d3ed69c98010@group-402BD240969B->5b8ad787-4bf9-4bb4-bfeb-9c85cd30cda7-AppendLogResponseHandler: Failed appendEntries: org.apache.ratis.thirdparty.io.grpc.StatusRuntimeException: UNAVAILABLE: io exception
2019-09-11 07:40:47,434 [grpc-default-executor-4] INFO  impl.FollowerInfo (FollowerInfo.java:lambda$new$0(51)) - 8929662e-8651-4c9f-b246-d3ed69c98010@group-402BD240969B->5b8ad787-4bf9-4bb4-bfeb-9c85cd30cda7: nextIndex: updateUnconditionally 0 -> 0
2019-09-11 07:40:47,683 [java.util.concurrent.ThreadPoolExecutor$Worker@441336f8[State = -1, empty queue]] WARN  server.GrpcLogAppender (GrpcLogAppender.java:timeoutAppendRequest(200)) - 72bb666e-e114-4432-9598-bd6d136490e0@group-91E122509A7B->4bd38775-382d-4c4f-9f91-7366b5492a1e-GrpcLogAppender: appendEntries Timeout, request=72bb666e-e114-4432-9598-bd6d136490e0->4bd38775-382d-4c4f-9f91-7366b5492a1e#154-t2, previous=(t:2, i:19), leaderCommit=15, initializing? false, entries: <empty>
2019-09-11 07:40:47,690 [grpc-default-executor-0] WARN  server.GrpcLogAppender (LogUtils.java:warn(134)) - 72bb666e-e114-4432-9598-bd6d136490e0@group-91E122509A7B->48982da4-f995-48e9-b2c1-a2ad51cb7376-AppendLogResponseHandler: Failed appendEntries: org.apache.ratis.thirdparty.io.grpc.StatusRuntimeException: UNAVAILABLE: io exception
2019-09-11 07:40:47,691 [grpc-default-executor-0] INFO  impl.FollowerInfo (FollowerInfo.java:lambda$new$0(51)) - 72bb666e-e114-4432-9598-bd6d136490e0@group-91E122509A7B->48982da4-f995-48e9-b2c1-a2ad51cb7376: nextIndex: updateUnconditionally 10 -> 9
2019-09-11 07:40:47,882 [java.util.concurrent.ThreadPoolExecutor$Worker@3f71a1c8[State = -1, empty queue]] WARN  server.GrpcLogAppender (GrpcLogAppender.java:timeoutAppendRequest(200)) - 36be1d2c-b8e7-4a5e-9c9f-c881d55a8c5a@group-0D0617E48045->a1a3d5df-f415-4291-8622-8b18f7b50573-GrpcLogAppender: appendEntries Timeout, request=36be1d2c-b8e7-4a5e-9c9f-c881d55a8c5a->a1a3d5df-f415-4291-8622-8b18f7b50573#155-t2, previous=(t:2, i:20), leaderCommit=16, initializing? false, entries: <empty>
2019-09-11 07:40:47,882 [java.util.concurrent.ThreadPoolExecutor$Worker@610f7baa[State = -1, empty queue]] WARN  server.GrpcLogAppender (GrpcLogAppender.java:timeoutAppendRequest(200)) - 36be1d2c-b8e7-4a5e-9c9f-c881d55a8c5a@group-0D0617E48045->7366865a-3ccb-4fea-a2e2-b7a0314f55f5-GrpcLogAppender: appendEntries Timeout, request=36be1d2c-b8e7-4a5e-9c9f-c881d55a8c5a->7366865a-3ccb-4fea-a2e2-b7a0314f55f5#155-t2, previous=(t:2, i:20), leaderCommit=16, initializing? false, entries: <empty>
2019-09-11 07:40:47,888 [java.util.concurrent.ThreadPoolExecutor$Worker@702f6010[State = -1, empty queue]] WARN  server.GrpcLogAppender (GrpcLogAppender.java:timeoutAppendRequest(200)) - 8929662e-8651-4c9f-b246-d3ed69c98010@group-402BD240969B->9196f2dc-d574-4585-b48c-56d55fbc13c2-GrpcLogAppender: appendEntries Timeout, request=8929662e-8651-4c9f-b246-d3ed69c98010->9196f2dc-d574-4585-b48c-56d55fbc13c2#155-t2, previous=(t:2, i:20), leaderCommit=16, initializing? false, entries: <empty>
2019-09-11 07:40:47,892 [9196f2dc-d574-4585-b48c-56d55fbc13c2@group-402BD240969B-SegmentedRaftLogWorker] WARN  segmented.SegmentedRaftLogWorker (SegmentedRaftLogWorker.java:getFromFuture(90)) - Timeout 6/~
org.apache.ratis.protocol.TimeoutIOException: Timeout 10s: WriteLog:19: (t:2, i:19), STATEMACHINELOGENTRY, client-CA35EAD14A50, cid=31-writeStateMachineData
	at org.apache.ratis.util.IOUtils.getFromFuture(IOUtils.java:87)
	at org.apache.ratis.server.raftlog.segmented.SegmentedRaftLogWorker$StateMachineDataPolicy.getFromFuture(SegmentedRaftLogWorker.java:87)
	at org.apache.ratis.server.raftlog.segmented.SegmentedRaftLogWorker$WriteLog.execute(SegmentedRaftLogWorker.java:477)
	at org.apache.ratis.server.raftlog.segmented.SegmentedRaftLogWorker.run(SegmentedRaftLogWorker.java:289)
	at java.lang.Thread.run(Thread.java:748)
Caused by: java.util.concurrent.TimeoutException
	at java.util.concurrent.CompletableFuture.timedGet(CompletableFuture.java:1771)
	at java.util.concurrent.CompletableFuture.get(CompletableFuture.java:1915)
	at org.apache.ratis.util.IOUtils.getFromFuture(IOUtils.java:79)
	... 4 more
2019-09-11 07:40:47,892 [8929662e-8651-4c9f-b246-d3ed69c98010@group-402BD240969B-SegmentedRaftLogWorker] WARN  segmented.SegmentedRaftLogWorker (SegmentedRaftLogWorker.java:getFromFuture(90)) - Timeout 6/~
org.apache.ratis.protocol.TimeoutIOException: Timeout 10s: WriteLog:19: (t:2, i:19), STATEMACHINELOGENTRY, client-CA35EAD14A50, cid=31-writeStateMachineData
	at org.apache.ratis.util.IOUtils.getFromFuture(IOUtils.java:87)
	at org.apache.ratis.server.raftlog.segmented.SegmentedRaftLogWorker$StateMachineDataPolicy.getFromFuture(SegmentedRaftLogWorker.java:87)
	at org.apache.ratis.server.raftlog.segmented.SegmentedRaftLogWorker$WriteLog.execute(SegmentedRaftLogWorker.java:477)
	at org.apache.ratis.server.raftlog.segmented.SegmentedRaftLogWorker.run(SegmentedRaftLogWorker.java:289)
	at java.lang.Thread.run(Thread.java:748)
Caused by: java.util.concurrent.TimeoutException
	at java.util.concurrent.CompletableFuture.timedGet(CompletableFuture.java:1771)
	at java.util.concurrent.CompletableFuture.get(CompletableFuture.java:1915)
	at org.apache.ratis.util.IOUtils.getFromFuture(IOUtils.java:79)
	... 4 more
2019-09-11 07:40:47,935 [grpc-default-executor-3] WARN  server.GrpcLogAppender (LogUtils.java:warn(134)) - 8929662e-8651-4c9f-b246-d3ed69c98010@group-402BD240969B->5b8ad787-4bf9-4bb4-bfeb-9c85cd30cda7-AppendLogResponseHandler: Failed appendEntries: org.apache.ratis.thirdparty.io.grpc.StatusRuntimeException: UNAVAILABLE: io exception
2019-09-11 07:40:47,935 [grpc-default-executor-3] INFO  impl.FollowerInfo (FollowerInfo.java:lambda$new$0(51)) - 8929662e-8651-4c9f-b246-d3ed69c98010@group-402BD240969B->5b8ad787-4bf9-4bb4-bfeb-9c85cd30cda7: nextIndex: updateUnconditionally 0 -> 0
2019-09-11 07:40:48,183 [java.util.concurrent.ThreadPoolExecutor$Worker@441336f8[State = -1, empty queue]] WARN  server.GrpcLogAppender (GrpcLogAppender.java:timeoutAppendRequest(200)) - 72bb666e-e114-4432-9598-bd6d136490e0@group-91E122509A7B->4bd38775-382d-4c4f-9f91-7366b5492a1e-GrpcLogAppender: appendEntries Timeout, request=72bb666e-e114-4432-9598-bd6d136490e0->4bd38775-382d-4c4f-9f91-7366b5492a1e#155-t2, previous=(t:2, i:19), leaderCommit=15, initializing? false, entries: <empty>
2019-09-11 07:40:48,191 [grpc-default-executor-0] WARN  server.GrpcLogAppender (LogUtils.java:warn(134)) - 72bb666e-e114-4432-9598-bd6d136490e0@group-91E122509A7B->48982da4-f995-48e9-b2c1-a2ad51cb7376-AppendLogResponseHandler: Failed appendEntries: org.apache.ratis.thirdparty.io.grpc.StatusRuntimeException: UNAVAILABLE: io exception
2019-09-11 07:40:48,192 [grpc-default-executor-0] INFO  impl.FollowerInfo (FollowerInfo.java:lambda$new$0(51)) - 72bb666e-e114-4432-9598-bd6d136490e0@group-91E122509A7B->48982da4-f995-48e9-b2c1-a2ad51cb7376: nextIndex: updateUnconditionally 9 -> 8
2019-09-11 07:40:48,383 [java.util.concurrent.ThreadPoolExecutor$Worker@610f7baa[State = -1, empty queue]] WARN  server.GrpcLogAppender (GrpcLogAppender.java:timeoutAppendRequest(200)) - 36be1d2c-b8e7-4a5e-9c9f-c881d55a8c5a@group-0D0617E48045->7366865a-3ccb-4fea-a2e2-b7a0314f55f5-GrpcLogAppender: appendEntries Timeout, request=36be1d2c-b8e7-4a5e-9c9f-c881d55a8c5a->7366865a-3ccb-4fea-a2e2-b7a0314f55f5#156-t2, previous=(t:2, i:20), leaderCommit=16, initializing? false, entries: <empty>
2019-09-11 07:40:48,383 [java.util.concurrent.ThreadPoolExecutor$Worker@3f71a1c8[State = -1, empty queue]] WARN  server.GrpcLogAppender (GrpcLogAppender.java:timeoutAppendRequest(200)) - 36be1d2c-b8e7-4a5e-9c9f-c881d55a8c5a@group-0D0617E48045->a1a3d5df-f415-4291-8622-8b18f7b50573-GrpcLogAppender: appendEntries Timeout, request=36be1d2c-b8e7-4a5e-9c9f-c881d55a8c5a->a1a3d5df-f415-4291-8622-8b18f7b50573#156-t2, previous=(t:2, i:20), leaderCommit=16, initializing? false, entries: <empty>
2019-09-11 07:40:48,388 [java.util.concurrent.ThreadPoolExecutor$Worker@702f6010[State = -1, empty queue]] WARN  server.GrpcLogAppender (GrpcLogAppender.java:timeoutAppendRequest(200)) - 8929662e-8651-4c9f-b246-d3ed69c98010@group-402BD240969B->9196f2dc-d574-4585-b48c-56d55fbc13c2-GrpcLogAppender: appendEntries Timeout, request=8929662e-8651-4c9f-b246-d3ed69c98010->9196f2dc-d574-4585-b48c-56d55fbc13c2#156-t2, previous=(t:2, i:20), leaderCommit=16, initializing? false, entries: <empty>
2019-09-11 07:40:48,435 [grpc-default-executor-4] WARN  server.GrpcLogAppender (LogUtils.java:warn(134)) - 8929662e-8651-4c9f-b246-d3ed69c98010@group-402BD240969B->5b8ad787-4bf9-4bb4-bfeb-9c85cd30cda7-AppendLogResponseHandler: Failed appendEntries: org.apache.ratis.thirdparty.io.grpc.StatusRuntimeException: UNAVAILABLE: io exception
2019-09-11 07:40:48,435 [grpc-default-executor-4] INFO  impl.FollowerInfo (FollowerInfo.java:lambda$new$0(51)) - 8929662e-8651-4c9f-b246-d3ed69c98010@group-402BD240969B->5b8ad787-4bf9-4bb4-bfeb-9c85cd30cda7: nextIndex: updateUnconditionally 0 -> 0
2019-09-11 07:40:48,684 [java.util.concurrent.ThreadPoolExecutor$Worker@441336f8[State = -1, empty queue]] WARN  server.GrpcLogAppender (GrpcLogAppender.java:timeoutAppendRequest(200)) - 72bb666e-e114-4432-9598-bd6d136490e0@group-91E122509A7B->4bd38775-382d-4c4f-9f91-7366b5492a1e-GrpcLogAppender: appendEntries Timeout, request=72bb666e-e114-4432-9598-bd6d136490e0->4bd38775-382d-4c4f-9f91-7366b5492a1e#156-t2, previous=(t:2, i:19), leaderCommit=15, initializing? false, entries: <empty>
2019-09-11 07:40:48,692 [grpc-default-executor-3] WARN  server.GrpcLogAppender (LogUtils.java:warn(134)) - 72bb666e-e114-4432-9598-bd6d136490e0@group-91E122509A7B->48982da4-f995-48e9-b2c1-a2ad51cb7376-AppendLogResponseHandler: Failed appendEntries: org.apache.ratis.thirdparty.io.grpc.StatusRuntimeException: UNAVAILABLE: io exception
2019-09-11 07:40:48,692 [grpc-default-executor-3] INFO  impl.FollowerInfo (FollowerInfo.java:lambda$new$0(51)) - 72bb666e-e114-4432-9598-bd6d136490e0@group-91E122509A7B->48982da4-f995-48e9-b2c1-a2ad51cb7376: nextIndex: updateUnconditionally 8 -> 7
2019-09-11 07:40:48,883 [java.util.concurrent.ThreadPoolExecutor$Worker@610f7baa[State = -1, empty queue]] WARN  server.GrpcLogAppender (GrpcLogAppender.java:timeoutAppendRequest(200)) - 36be1d2c-b8e7-4a5e-9c9f-c881d55a8c5a@group-0D0617E48045->7366865a-3ccb-4fea-a2e2-b7a0314f55f5-GrpcLogAppender: appendEntries Timeout, request=36be1d2c-b8e7-4a5e-9c9f-c881d55a8c5a->7366865a-3ccb-4fea-a2e2-b7a0314f55f5#157-t2, previous=(t:2, i:20), leaderCommit=16, initializing? false, entries: <empty>
2019-09-11 07:40:48,883 [java.util.concurrent.ThreadPoolExecutor$Worker@3f71a1c8[State = -1, empty queue]] WARN  server.GrpcLogAppender (GrpcLogAppender.java:timeoutAppendRequest(200)) - 36be1d2c-b8e7-4a5e-9c9f-c881d55a8c5a@group-0D0617E48045->a1a3d5df-f415-4291-8622-8b18f7b50573-GrpcLogAppender: appendEntries Timeout, request=36be1d2c-b8e7-4a5e-9c9f-c881d55a8c5a->a1a3d5df-f415-4291-8622-8b18f7b50573#157-t2, previous=(t:2, i:20), leaderCommit=16, initializing? false, entries: <empty>
2019-09-11 07:40:48,889 [java.util.concurrent.ThreadPoolExecutor$Worker@702f6010[State = -1, empty queue]] WARN  server.GrpcLogAppender (GrpcLogAppender.java:timeoutAppendRequest(200)) - 8929662e-8651-4c9f-b246-d3ed69c98010@group-402BD240969B->9196f2dc-d574-4585-b48c-56d55fbc13c2-GrpcLogAppender: appendEntries Timeout, request=8929662e-8651-4c9f-b246-d3ed69c98010->9196f2dc-d574-4585-b48c-56d55fbc13c2#157-t2, previous=(t:2, i:20), leaderCommit=16, initializing? false, entries: <empty>
2019-09-11 07:40:48,937 [grpc-default-executor-4] WARN  server.GrpcLogAppender (LogUtils.java:warn(134)) - 8929662e-8651-4c9f-b246-d3ed69c98010@group-402BD240969B->5b8ad787-4bf9-4bb4-bfeb-9c85cd30cda7-AppendLogResponseHandler: Failed appendEntries: org.apache.ratis.thirdparty.io.grpc.StatusRuntimeException: UNAVAILABLE: io exception
2019-09-11 07:40:48,937 [grpc-default-executor-4] INFO  impl.FollowerInfo (FollowerInfo.java:lambda$new$0(51)) - 8929662e-8651-4c9f-b246-d3ed69c98010@group-402BD240969B->5b8ad787-4bf9-4bb4-bfeb-9c85cd30cda7: nextIndex: updateUnconditionally 0 -> 0
2019-09-11 07:40:49,184 [java.util.concurrent.ThreadPoolExecutor$Worker@441336f8[State = -1, empty queue]] WARN  server.GrpcLogAppender (GrpcLogAppender.java:timeoutAppendRequest(200)) - 72bb666e-e114-4432-9598-bd6d136490e0@group-91E122509A7B->4bd38775-382d-4c4f-9f91-7366b5492a1e-GrpcLogAppender: appendEntries Timeout, request=72bb666e-e114-4432-9598-bd6d136490e0->4bd38775-382d-4c4f-9f91-7366b5492a1e#157-t2, previous=(t:2, i:19), leaderCommit=15, initializing? false, entries: <empty>
2019-09-11 07:40:49,194 [grpc-default-executor-0] WARN  server.GrpcLogAppender (LogUtils.java:warn(134)) - 72bb666e-e114-4432-9598-bd6d136490e0@group-91E122509A7B->48982da4-f995-48e9-b2c1-a2ad51cb7376-AppendLogResponseHandler: Failed appendEntries: org.apache.ratis.thirdparty.io.grpc.StatusRuntimeException: UNAVAILABLE: io exception
2019-09-11 07:40:49,195 [grpc-default-executor-0] INFO  impl.FollowerInfo (FollowerInfo.java:lambda$new$0(51)) - 72bb666e-e114-4432-9598-bd6d136490e0@group-91E122509A7B->48982da4-f995-48e9-b2c1-a2ad51cb7376: nextIndex: updateUnconditionally 7 -> 6
2019-09-11 07:40:49,235 [main] INFO  ozoneimpl.OzoneContainer (OzoneContainer.java:stop(231)) - Attempting to stop container services.
2019-09-11 07:40:49,237 [main] INFO  impl.RaftServerProxy (RaftServerProxy.java:lambda$close$4(314)) - a1a3d5df-f415-4291-8622-8b18f7b50573: close
2019-09-11 07:40:49,237 [main] INFO  impl.RaftServerImpl (RaftServerImpl.java:lambda$shutdown$3(251)) - a1a3d5df-f415-4291-8622-8b18f7b50573@group-BE9F8575EFA8: shutdown
2019-09-11 07:40:49,238 [main] INFO  util.JmxRegister (JmxRegister.java:unregister(73)) - Successfully un-registered JMX Bean with object name Ratis:service=RaftServer,group=group-BE9F8575EFA8,id=a1a3d5df-f415-4291-8622-8b18f7b50573
2019-09-11 07:40:49,238 [main] INFO  impl.RoleInfo (RoleInfo.java:shutdownLeaderState(104)) - a1a3d5df-f415-4291-8622-8b18f7b50573: shutdown LeaderState
2019-09-11 07:40:49,239 [main] INFO  impl.PendingRequests (PendingRequests.java:sendNotLeaderResponses(202)) - a1a3d5df-f415-4291-8622-8b18f7b50573-PendingRequests: sendNotLeaderResponses
2019-09-11 07:40:49,239 [main] INFO  impl.StateMachineUpdater (StateMachineUpdater.java:stopAndJoin(125)) - a1a3d5df-f415-4291-8622-8b18f7b50573@group-BE9F8575EFA8-StateMachineUpdater: set stopIndex = 0
2019-09-11 07:40:49,240 [main] INFO  impl.RaftServerImpl (ServerState.java:close(385)) - a1a3d5df-f415-4291-8622-8b18f7b50573@group-BE9F8575EFA8: closes. applyIndex: 0
2019-09-11 07:40:49,240 [a1a3d5df-f415-4291-8622-8b18f7b50573@group-BE9F8575EFA8-SegmentedRaftLogWorker] INFO  segmented.SegmentedRaftLogWorker (SegmentedRaftLogWorker.java:run(313)) - a1a3d5df-f415-4291-8622-8b18f7b50573@group-BE9F8575EFA8-SegmentedRaftLogWorker was interrupted, exiting. There are 0 tasks remaining in the queue.
2019-09-11 07:40:49,250 [ForkJoinPool.commonPool-worker-1] INFO  ozoneimpl.OzoneContainer (OzoneContainer.java:stop(231)) - Attempting to stop container services.
2019-09-11 07:40:49,251 [ForkJoinPool.commonPool-worker-1] INFO  impl.RaftServerProxy (RaftServerProxy.java:lambda$close$4(314)) - 9196f2dc-d574-4585-b48c-56d55fbc13c2: close
2019-09-11 07:40:49,251 [ForkJoinPool.commonPool-worker-1] INFO  impl.RaftServerImpl (RaftServerImpl.java:lambda$shutdown$3(251)) - 9196f2dc-d574-4585-b48c-56d55fbc13c2@group-402BD240969B: shutdown
2019-09-11 07:40:49,252 [ForkJoinPool.commonPool-worker-1] INFO  util.JmxRegister (JmxRegister.java:unregister(73)) - Successfully un-registered JMX Bean with object name Ratis:service=RaftServer,group=group-402BD240969B,id=9196f2dc-d574-4585-b48c-56d55fbc13c2
2019-09-11 07:40:49,252 [ForkJoinPool.commonPool-worker-1] INFO  impl.RoleInfo (RoleInfo.java:shutdownFollowerState(121)) - 9196f2dc-d574-4585-b48c-56d55fbc13c2: shutdown FollowerState
2019-09-11 07:40:49,252 [ForkJoinPool.commonPool-worker-1] INFO  impl.StateMachineUpdater (StateMachineUpdater.java:stopAndJoin(125)) - 9196f2dc-d574-4585-b48c-56d55fbc13c2@group-402BD240969B-StateMachineUpdater: set stopIndex = 16
2019-09-11 07:40:49,252 [Thread-408] INFO  impl.FollowerState (FollowerState.java:run(115)) - 9196f2dc-d574-4585-b48c-56d55fbc13c2: FollowerState was interrupted: java.lang.InterruptedException: sleep interrupted
2019-09-11 07:40:49,252 [main] INFO  segmented.SegmentedRaftLogWorker (SegmentedRaftLogWorker.java:close(228)) - a1a3d5df-f415-4291-8622-8b18f7b50573@group-BE9F8575EFA8-SegmentedRaftLogWorker close()
2019-09-11 07:40:49,252 [9196f2dc-d574-4585-b48c-56d55fbc13c2@group-402BD240969B-StateMachineUpdater] INFO  ratis.ContainerStateMachine (ContainerStateMachine.java:takeSnapshot(289)) - group-402BD240969B: Taking a snapshot at:(t:2, i:12) file /workdir/hadoop-ozone/integration-test/target/test-dir/MiniOzoneClusterImpl-d0f0e288-b90a-4d92-9473-de78fda8b1d0/datanode-4/data/ratis/9f7a788d-0274-444c-82aa-402bd240969b/sm/snapshot.2_12
2019-09-11 07:40:49,259 [main] INFO  impl.RaftServerImpl (RaftServerImpl.java:lambda$shutdown$3(251)) - a1a3d5df-f415-4291-8622-8b18f7b50573@group-0D0617E48045: shutdown
2019-09-11 07:40:49,260 [main] INFO  util.JmxRegister (JmxRegister.java:unregister(73)) - Successfully un-registered JMX Bean with object name Ratis:service=RaftServer,group=group-0D0617E48045,id=a1a3d5df-f415-4291-8622-8b18f7b50573
2019-09-11 07:40:49,260 [main] INFO  impl.RoleInfo (RoleInfo.java:shutdownFollowerState(121)) - a1a3d5df-f415-4291-8622-8b18f7b50573: shutdown FollowerState
2019-09-11 07:40:49,260 [main] INFO  impl.StateMachineUpdater (StateMachineUpdater.java:stopAndJoin(125)) - a1a3d5df-f415-4291-8622-8b18f7b50573@group-0D0617E48045-StateMachineUpdater: set stopIndex = 16
2019-09-11 07:40:49,261 [a1a3d5df-f415-4291-8622-8b18f7b50573@group-0D0617E48045-StateMachineUpdater] INFO  ratis.ContainerStateMachine (ContainerStateMachine.java:takeSnapshot(289)) - group-0D0617E48045: Taking a snapshot at:(t:2, i:12) file /workdir/hadoop-ozone/integration-test/target/test-dir/MiniOzoneClusterImpl-d0f0e288-b90a-4d92-9473-de78fda8b1d0/datanode-6/data/ratis/e3102112-5d56-4448-b7ef-0d0617e48045/sm/snapshot.2_12
2019-09-11 07:40:49,260 [Thread-433] INFO  impl.FollowerState (FollowerState.java:run(115)) - a1a3d5df-f415-4291-8622-8b18f7b50573: FollowerState was interrupted: java.lang.InterruptedException: sleep interrupted
2019-09-11 07:40:49,273 [9196f2dc-d574-4585-b48c-56d55fbc13c2@group-402BD240969B-StateMachineUpdater] INFO  ratis.ContainerStateMachine (ContainerStateMachine.java:takeSnapshot(300)) - group-402BD240969B: Finished taking a snapshot at:(t:2, i:12) file:/workdir/hadoop-ozone/integration-test/target/test-dir/MiniOzoneClusterImpl-d0f0e288-b90a-4d92-9473-de78fda8b1d0/datanode-4/data/ratis/9f7a788d-0274-444c-82aa-402bd240969b/sm/snapshot.2_12 time:20
2019-09-11 07:40:49,273 [a1a3d5df-f415-4291-8622-8b18f7b50573@group-0D0617E48045-StateMachineUpdater] INFO  ratis.ContainerStateMachine (ContainerStateMachine.java:takeSnapshot(300)) - group-0D0617E48045: Finished taking a snapshot at:(t:2, i:12) file:/workdir/hadoop-ozone/integration-test/target/test-dir/MiniOzoneClusterImpl-d0f0e288-b90a-4d92-9473-de78fda8b1d0/datanode-6/data/ratis/e3102112-5d56-4448-b7ef-0d0617e48045/sm/snapshot.2_12 time:12
2019-09-11 07:40:49,273 [9196f2dc-d574-4585-b48c-56d55fbc13c2@group-402BD240969B-StateMachineUpdater] INFO  impl.StateMachineUpdater (StateMachineUpdater.java:takeSnapshot(258)) - 9196f2dc-d574-4585-b48c-56d55fbc13c2@group-402BD240969B-StateMachineUpdater: Took a snapshot at index 12
2019-09-11 07:40:49,273 [a1a3d5df-f415-4291-8622-8b18f7b50573@group-0D0617E48045-StateMachineUpdater] INFO  impl.StateMachineUpdater (StateMachineUpdater.java:takeSnapshot(258)) - a1a3d5df-f415-4291-8622-8b18f7b50573@group-0D0617E48045-StateMachineUpdater: Took a snapshot at index 12
2019-09-11 07:40:49,273 [9196f2dc-d574-4585-b48c-56d55fbc13c2@group-402BD240969B-StateMachineUpdater] INFO  impl.StateMachineUpdater (StateMachineUpdater.java:lambda$new$0(83)) - 9196f2dc-d574-4585-b48c-56d55fbc13c2@group-402BD240969B-StateMachineUpdater: snapshotIndex: updateIncreasingly -1 -> 12
2019-09-11 07:40:49,273 [a1a3d5df-f415-4291-8622-8b18f7b50573@group-0D0617E48045-StateMachineUpdater] INFO  impl.StateMachineUpdater (StateMachineUpdater.java:lambda$new$0(83)) - a1a3d5df-f415-4291-8622-8b18f7b50573@group-0D0617E48045-StateMachineUpdater: snapshotIndex: updateIncreasingly -1 -> 12
2019-09-11 07:40:49,273 [9196f2dc-d574-4585-b48c-56d55fbc13c2@group-402BD240969B-StateMachineUpdater] INFO  ratis.ContainerStateMachine (ContainerStateMachine.java:takeSnapshot(289)) - group-402BD240969B: Taking a snapshot at:(t:2, i:12) file /workdir/hadoop-ozone/integration-test/target/test-dir/MiniOzoneClusterImpl-d0f0e288-b90a-4d92-9473-de78fda8b1d0/datanode-4/data/ratis/9f7a788d-0274-444c-82aa-402bd240969b/sm/snapshot.2_12
2019-09-11 07:40:49,273 [a1a3d5df-f415-4291-8622-8b18f7b50573@group-0D0617E48045-StateMachineUpdater] INFO  ratis.ContainerStateMachine (ContainerStateMachine.java:takeSnapshot(289)) - group-0D0617E48045: Taking a snapshot at:(t:2, i:12) file /workdir/hadoop-ozone/integration-test/target/test-dir/MiniOzoneClusterImpl-d0f0e288-b90a-4d92-9473-de78fda8b1d0/datanode-6/data/ratis/e3102112-5d56-4448-b7ef-0d0617e48045/sm/snapshot.2_12
2019-09-11 07:40:49,287 [9196f2dc-d574-4585-b48c-56d55fbc13c2@group-402BD240969B-StateMachineUpdater] INFO  ratis.ContainerStateMachine (ContainerStateMachine.java:takeSnapshot(300)) - group-402BD240969B: Finished taking a snapshot at:(t:2, i:12) file:/workdir/hadoop-ozone/integration-test/target/test-dir/MiniOzoneClusterImpl-d0f0e288-b90a-4d92-9473-de78fda8b1d0/datanode-4/data/ratis/9f7a788d-0274-444c-82aa-402bd240969b/sm/snapshot.2_12 time:13
2019-09-11 07:40:49,287 [a1a3d5df-f415-4291-8622-8b18f7b50573@group-0D0617E48045-StateMachineUpdater] INFO  ratis.ContainerStateMachine (ContainerStateMachine.java:takeSnapshot(300)) - group-0D0617E48045: Finished taking a snapshot at:(t:2, i:12) file:/workdir/hadoop-ozone/integration-test/target/test-dir/MiniOzoneClusterImpl-d0f0e288-b90a-4d92-9473-de78fda8b1d0/datanode-6/data/ratis/e3102112-5d56-4448-b7ef-0d0617e48045/sm/snapshot.2_12 time:13
2019-09-11 07:40:49,287 [a1a3d5df-f415-4291-8622-8b18f7b50573@group-0D0617E48045-StateMachineUpdater] INFO  impl.StateMachineUpdater (StateMachineUpdater.java:takeSnapshot(258)) - a1a3d5df-f415-4291-8622-8b18f7b50573@group-0D0617E48045-StateMachineUpdater: Took a snapshot at index 12
2019-09-11 07:40:49,288 [a1a3d5df-f415-4291-8622-8b18f7b50573@group-0D0617E48045-StateMachineUpdater] INFO  impl.StateMachineUpdater (StateMachineUpdater.java:lambda$new$0(83)) - a1a3d5df-f415-4291-8622-8b18f7b50573@group-0D0617E48045-StateMachineUpdater: snapshotIndex: updateIncreasingly 12 -> 12
2019-09-11 07:40:49,287 [9196f2dc-d574-4585-b48c-56d55fbc13c2@group-402BD240969B-StateMachineUpdater] INFO  impl.StateMachineUpdater (StateMachineUpdater.java:takeSnapshot(258)) - 9196f2dc-d574-4585-b48c-56d55fbc13c2@group-402BD240969B-StateMachineUpdater: Took a snapshot at index 12
2019-09-11 07:40:49,288 [9196f2dc-d574-4585-b48c-56d55fbc13c2@group-402BD240969B-StateMachineUpdater] INFO  impl.StateMachineUpdater (StateMachineUpdater.java:lambda$new$0(83)) - 9196f2dc-d574-4585-b48c-56d55fbc13c2@group-402BD240969B-StateMachineUpdater: snapshotIndex: updateIncreasingly 12 -> 12
2019-09-11 07:40:49,288 [main] INFO  impl.RaftServerImpl (ServerState.java:close(385)) - a1a3d5df-f415-4291-8622-8b18f7b50573@group-0D0617E48045: closes. applyIndex: 16
2019-09-11 07:40:49,288 [ForkJoinPool.commonPool-worker-1] INFO  impl.RaftServerImpl (ServerState.java:close(385)) - 9196f2dc-d574-4585-b48c-56d55fbc13c2@group-402BD240969B: closes. applyIndex: 16
2019-09-11 07:40:49,294 [a1a3d5df-f415-4291-8622-8b18f7b50573@group-0D0617E48045-SegmentedRaftLogWorker] ERROR ratis.XceiverServerRatis (XceiverServerRatis.java:triggerPipelineClose(568)) - pipeline Action CLOSE  on pipeline PipelineID=e3102112-5d56-4448-b7ef-0d0617e48045.Reason : WriteLog:17: (t:2, i:17), STATEMACHINELOGENTRY, client-1FF863BCA865, cid=57-writeStateMachineData interrupted.
2019-09-11 07:40:49,304 [9196f2dc-d574-4585-b48c-56d55fbc13c2@group-402BD240969B-SegmentedRaftLogWorker] ERROR ratis.XceiverServerRatis (XceiverServerRatis.java:triggerPipelineClose(568)) - pipeline Action CLOSE  on pipeline PipelineID=9f7a788d-0274-444c-82aa-402bd240969b.Reason : WriteLog:19: (t:2, i:19), STATEMACHINELOGENTRY, client-CA35EAD14A50, cid=31-writeStateMachineData interrupted.
2019-09-11 07:40:49,304 [main] INFO  segmented.SegmentedRaftLogWorker (SegmentedRaftLogWorker.java:close(228)) - a1a3d5df-f415-4291-8622-8b18f7b50573@group-0D0617E48045-SegmentedRaftLogWorker close()
2019-09-11 07:40:49,311 [main] INFO  server.GrpcService (GrpcService.java:closeImpl(164)) - a1a3d5df-f415-4291-8622-8b18f7b50573: shutdown server with port 41207 now
2019-09-11 07:40:49,312 [grpc-default-executor-4] WARN  server.GrpcServerProtocolService (LogUtils.java:warn(134)) - a1a3d5df-f415-4291-8622-8b18f7b50573: installSnapshot onError, lastRequest: 36be1d2c-b8e7-4a5e-9c9f-c881d55a8c5a->a1a3d5df-f415-4291-8622-8b18f7b50573#163-t2, previous=(t:2, i:20), leaderCommit=16, initializing? false, entries: <empty>: org.apache.ratis.thirdparty.io.grpc.StatusRuntimeException: CANCELLED: cancelled before receiving half close
2019-09-11 07:40:49,313 [main] INFO  server.GrpcService (GrpcService.java:closeImpl(172)) - a1a3d5df-f415-4291-8622-8b18f7b50573: shutdown server with port 41207 successfully
2019-09-11 07:40:49,313 [grpc-default-executor-3] WARN  server.GrpcLogAppender (LogUtils.java:warn(134)) - 36be1d2c-b8e7-4a5e-9c9f-c881d55a8c5a@group-0D0617E48045->a1a3d5df-f415-4291-8622-8b18f7b50573-AppendLogResponseHandler: Failed appendEntries: org.apache.ratis.thirdparty.io.grpc.StatusRuntimeException: CANCELLED: HTTP/2 error code: CANCEL
Received Rst Stream
2019-09-11 07:40:49,313 [grpc-default-executor-3] INFO  impl.FollowerInfo (FollowerInfo.java:lambda$new$0(51)) - 36be1d2c-b8e7-4a5e-9c9f-c881d55a8c5a@group-0D0617E48045->a1a3d5df-f415-4291-8622-8b18f7b50573: nextIndex: updateUnconditionally 21 -> 17
2019-09-11 07:40:49,318 [ForkJoinPool.commonPool-worker-1] INFO  segmented.SegmentedRaftLogWorker (SegmentedRaftLogWorker.java:close(228)) - 9196f2dc-d574-4585-b48c-56d55fbc13c2@group-402BD240969B-SegmentedRaftLogWorker close()
2019-09-11 07:40:49,322 [ForkJoinPool.commonPool-worker-1] INFO  impl.RaftServerImpl (RaftServerImpl.java:lambda$shutdown$3(251)) - 9196f2dc-d574-4585-b48c-56d55fbc13c2@group-3BDDF761E99D: shutdown
2019-09-11 07:40:49,323 [ForkJoinPool.commonPool-worker-1] INFO  util.JmxRegister (JmxRegister.java:unregister(73)) - Successfully un-registered JMX Bean with object name Ratis:service=RaftServer,group=group-3BDDF761E99D,id=9196f2dc-d574-4585-b48c-56d55fbc13c2
2019-09-11 07:40:49,323 [ForkJoinPool.commonPool-worker-1] INFO  impl.RoleInfo (RoleInfo.java:shutdownLeaderState(104)) - 9196f2dc-d574-4585-b48c-56d55fbc13c2: shutdown LeaderState
2019-09-11 07:40:49,323 [ForkJoinPool.commonPool-worker-1] INFO  impl.PendingRequests (PendingRequests.java:sendNotLeaderResponses(202)) - 9196f2dc-d574-4585-b48c-56d55fbc13c2-PendingRequests: sendNotLeaderResponses
2019-09-11 07:40:49,324 [ForkJoinPool.commonPool-worker-1] INFO  impl.StateMachineUpdater (StateMachineUpdater.java:stopAndJoin(125)) - 9196f2dc-d574-4585-b48c-56d55fbc13c2@group-3BDDF761E99D-StateMachineUpdater: set stopIndex = 0
2019-09-11 07:40:49,324 [ForkJoinPool.commonPool-worker-1] INFO  impl.RaftServerImpl (ServerState.java:close(385)) - 9196f2dc-d574-4585-b48c-56d55fbc13c2@group-3BDDF761E99D: closes. applyIndex: 0
2019-09-11 07:40:49,324 [9196f2dc-d574-4585-b48c-56d55fbc13c2@group-3BDDF761E99D-SegmentedRaftLogWorker] INFO  segmented.SegmentedRaftLogWorker (SegmentedRaftLogWorker.java:run(313)) - 9196f2dc-d574-4585-b48c-56d55fbc13c2@group-3BDDF761E99D-SegmentedRaftLogWorker was interrupted, exiting. There are 0 tasks remaining in the queue.
2019-09-11 07:40:49,324 [refreshUsed-/workdir/hadoop-ozone/integration-test/target/test-dir/MiniOzoneClusterImpl-d0f0e288-b90a-4d92-9473-de78fda8b1d0/datanode-6/data/containers] WARN  fs.CachingGetSpaceUsed (CachingGetSpaceUsed.java:run(183)) - Thread Interrupted waiting to refresh disk information: sleep interrupted
2019-09-11 07:40:49,327 [ForkJoinPool.commonPool-worker-1] INFO  segmented.SegmentedRaftLogWorker (SegmentedRaftLogWorker.java:close(228)) - 9196f2dc-d574-4585-b48c-56d55fbc13c2@group-3BDDF761E99D-SegmentedRaftLogWorker close()
2019-09-11 07:40:49,331 [ForkJoinPool.commonPool-worker-1] INFO  server.GrpcService (GrpcService.java:closeImpl(164)) - 9196f2dc-d574-4585-b48c-56d55fbc13c2: shutdown server with port 36626 now
2019-09-11 07:40:49,331 [grpc-default-executor-4] WARN  server.GrpcServerProtocolService (LogUtils.java:warn(134)) - 9196f2dc-d574-4585-b48c-56d55fbc13c2: installSnapshot onError, lastRequest: 8929662e-8651-4c9f-b246-d3ed69c98010->9196f2dc-d574-4585-b48c-56d55fbc13c2#163-t2, previous=(t:2, i:20), leaderCommit=16, initializing? false, entries: <empty>: org.apache.ratis.thirdparty.io.grpc.StatusRuntimeException: CANCELLED: cancelled before receiving half close
2019-09-11 07:40:49,332 [ForkJoinPool.commonPool-worker-1] INFO  server.GrpcService (GrpcService.java:closeImpl(172)) - 9196f2dc-d574-4585-b48c-56d55fbc13c2: shutdown server with port 36626 successfully
2019-09-11 07:40:49,332 [grpc-default-executor-3] WARN  server.GrpcLogAppender (LogUtils.java:warn(134)) - 8929662e-8651-4c9f-b246-d3ed69c98010@group-402BD240969B->9196f2dc-d574-4585-b48c-56d55fbc13c2-AppendLogResponseHandler: Failed appendEntries: org.apache.ratis.thirdparty.io.grpc.StatusRuntimeException: CANCELLED: HTTP/2 error code: CANCEL
Received Rst Stream
2019-09-11 07:40:49,333 [grpc-default-executor-3] INFO  impl.FollowerInfo (FollowerInfo.java:lambda$new$0(51)) - 8929662e-8651-4c9f-b246-d3ed69c98010@group-402BD240969B->9196f2dc-d574-4585-b48c-56d55fbc13c2: nextIndex: updateUnconditionally 21 -> 17
2019-09-11 07:40:49,343 [refreshUsed-/workdir/hadoop-ozone/integration-test/target/test-dir/MiniOzoneClusterImpl-d0f0e288-b90a-4d92-9473-de78fda8b1d0/datanode-4/data/containers] WARN  fs.CachingGetSpaceUsed (CachingGetSpaceUsed.java:run(183)) - Thread Interrupted waiting to refresh disk information: sleep interrupted
2019-09-11 07:40:49,348 [main] INFO  utils.BackgroundService (BackgroundService.java:shutdown(148)) - Shutting down service BlockDeletingService
2019-09-11 07:40:49,353 [main] INFO  statemachine.DatanodeStateMachine (DatanodeStateMachine.java:stopDaemon(395)) - Ozone container server stopped.
2019-09-11 07:40:49,354 [main] INFO  handler.ContextHandler (ContextHandler.java:doStop(910)) - Stopped o.e.j.w.WebAppContext@3e3315d9{/,null,UNAVAILABLE}{/hddsDatanode}
2019-09-11 07:40:49,355 [main] INFO  server.AbstractConnector (AbstractConnector.java:doStop(318)) - Stopped ServerConnector@64db4967{HTTP/1.1,[http/1.1]}{0.0.0.0:0}
2019-09-11 07:40:49,355 [main] INFO  handler.ContextHandler (ContextHandler.java:doStop(910)) - Stopped o.e.j.s.ServletContextHandler@7f5538a1{/static,jar:file:/home/user/.m2/repository/org/apache/hadoop/hadoop-hdds-container-service/0.5.0-SNAPSHOT/hadoop-hdds-container-service-0.5.0-SNAPSHOT.jar!/webapps/static,UNAVAILABLE}
2019-09-11 07:40:49,356 [main] INFO  handler.ContextHandler (ContextHandler.java:doStop(910)) - Stopped o.e.j.s.ServletContextHandler@67514bdd{/logs,file:///workdir/hadoop-ozone/integration-test/target/log,UNAVAILABLE}
2019-09-11 07:40:49,363 [ForkJoinPool.commonPool-worker-1] INFO  utils.BackgroundService (BackgroundService.java:shutdown(148)) - Shutting down service BlockDeletingService
2019-09-11 07:40:49,367 [ForkJoinPool.commonPool-worker-1] INFO  statemachine.DatanodeStateMachine (DatanodeStateMachine.java:stopDaemon(395)) - Ozone container server stopped.
2019-09-11 07:40:49,372 [ForkJoinPool.commonPool-worker-1] INFO  handler.ContextHandler (ContextHandler.java:doStop(910)) - Stopped o.e.j.w.WebAppContext@38ed139b{/,null,UNAVAILABLE}{/hddsDatanode}
2019-09-11 07:40:49,372 [ForkJoinPool.commonPool-worker-1] INFO  server.AbstractConnector (AbstractConnector.java:doStop(318)) - Stopped ServerConnector@a5272be{HTTP/1.1,[http/1.1]}{0.0.0.0:0}
2019-09-11 07:40:49,374 [ForkJoinPool.commonPool-worker-1] INFO  handler.ContextHandler (ContextHandler.java:doStop(910)) - Stopped o.e.j.s.ServletContextHandler@6c0e13b7{/static,jar:file:/home/user/.m2/repository/org/apache/hadoop/hadoop-hdds-container-service/0.5.0-SNAPSHOT/hadoop-hdds-container-service-0.5.0-SNAPSHOT.jar!/webapps/static,UNAVAILABLE}
2019-09-11 07:40:49,375 [ForkJoinPool.commonPool-worker-1] INFO  handler.ContextHandler (ContextHandler.java:doStop(910)) - Stopped o.e.j.s.ServletContextHandler@77a074b4{/logs,file:///workdir/hadoop-ozone/integration-test/target/log,UNAVAILABLE}
2019-09-11 07:40:49,383 [java.util.concurrent.ThreadPoolExecutor$Worker@610f7baa[State = -1, empty queue]] WARN  server.GrpcLogAppender (GrpcLogAppender.java:timeoutAppendRequest(200)) - 36be1d2c-b8e7-4a5e-9c9f-c881d55a8c5a@group-0D0617E48045->7366865a-3ccb-4fea-a2e2-b7a0314f55f5-GrpcLogAppender: appendEntries Timeout, request=36be1d2c-b8e7-4a5e-9c9f-c881d55a8c5a->7366865a-3ccb-4fea-a2e2-b7a0314f55f5#158-t2, previous=(t:2, i:20), leaderCommit=16, initializing? false, entries: <empty>
2019-09-11 07:40:49,387 [grpc-default-executor-0] WARN  server.GrpcLogAppender (LogUtils.java:warn(134)) - 36be1d2c-b8e7-4a5e-9c9f-c881d55a8c5a@group-0D0617E48045->a1a3d5df-f415-4291-8622-8b18f7b50573-AppendLogResponseHandler: Failed appendEntries: org.apache.ratis.thirdparty.io.grpc.StatusRuntimeException: UNAVAILABLE: io exception
2019-09-11 07:40:49,387 [grpc-default-executor-0] INFO  impl.FollowerInfo (FollowerInfo.java:lambda$new$0(51)) - 36be1d2c-b8e7-4a5e-9c9f-c881d55a8c5a@group-0D0617E48045->a1a3d5df-f415-4291-8622-8b18f7b50573: nextIndex: updateUnconditionally 17 -> 16
2019-09-11 07:40:49,391 [grpc-default-executor-3] WARN  server.GrpcLogAppender (LogUtils.java:warn(134)) - 8929662e-8651-4c9f-b246-d3ed69c98010@group-402BD240969B->9196f2dc-d574-4585-b48c-56d55fbc13c2-AppendLogResponseHandler: Failed appendEntries: org.apache.ratis.thirdparty.io.grpc.StatusRuntimeException: UNAVAILABLE: io exception
2019-09-11 07:40:49,392 [grpc-default-executor-3] INFO  impl.FollowerInfo (FollowerInfo.java:lambda$new$0(51)) - 8929662e-8651-4c9f-b246-d3ed69c98010@group-402BD240969B->9196f2dc-d574-4585-b48c-56d55fbc13c2: nextIndex: updateUnconditionally 17 -> 16
2019-09-11 07:40:49,436 [grpc-default-executor-4] WARN  server.GrpcLogAppender (LogUtils.java:warn(134)) - 8929662e-8651-4c9f-b246-d3ed69c98010@group-402BD240969B->5b8ad787-4bf9-4bb4-bfeb-9c85cd30cda7-AppendLogResponseHandler: Failed appendEntries: org.apache.ratis.thirdparty.io.grpc.StatusRuntimeException: UNAVAILABLE: io exception
2019-09-11 07:40:49,437 [grpc-default-executor-4] INFO  impl.FollowerInfo (FollowerInfo.java:lambda$new$0(51)) - 8929662e-8651-4c9f-b246-d3ed69c98010@group-402BD240969B->5b8ad787-4bf9-4bb4-bfeb-9c85cd30cda7: nextIndex: updateUnconditionally 0 -> 0
2019-09-11 07:40:49,684 [java.util.concurrent.ThreadPoolExecutor$Worker@441336f8[State = -1, empty queue]] WARN  server.GrpcLogAppender (GrpcLogAppender.java:timeoutAppendRequest(200)) - 72bb666e-e114-4432-9598-bd6d136490e0@group-91E122509A7B->4bd38775-382d-4c4f-9f91-7366b5492a1e-GrpcLogAppender: appendEntries Timeout, request=72bb666e-e114-4432-9598-bd6d136490e0->4bd38775-382d-4c4f-9f91-7366b5492a1e#158-t2, previous=(t:2, i:19), leaderCommit=15, initializing? false, entries: <empty>
2019-09-11 07:40:49,694 [grpc-default-executor-4] WARN  server.GrpcLogAppender (LogUtils.java:warn(134)) - 72bb666e-e114-4432-9598-bd6d136490e0@group-91E122509A7B->48982da4-f995-48e9-b2c1-a2ad51cb7376-AppendLogResponseHandler: Failed appendEntries: org.apache.ratis.thirdparty.io.grpc.StatusRuntimeException: UNAVAILABLE: io exception
2019-09-11 07:40:49,695 [grpc-default-executor-4] INFO  impl.FollowerInfo (FollowerInfo.java:lambda$new$0(51)) - 72bb666e-e114-4432-9598-bd6d136490e0@group-91E122509A7B->48982da4-f995-48e9-b2c1-a2ad51cb7376: nextIndex: updateUnconditionally 6 -> 5
2019-09-11 07:40:49,884 [java.util.concurrent.ThreadPoolExecutor$Worker@610f7baa[State = -1, empty queue]] WARN  server.GrpcLogAppender (GrpcLogAppender.java:timeoutAppendRequest(200)) - 36be1d2c-b8e7-4a5e-9c9f-c881d55a8c5a@group-0D0617E48045->7366865a-3ccb-4fea-a2e2-b7a0314f55f5-GrpcLogAppender: appendEntries Timeout, request=36be1d2c-b8e7-4a5e-9c9f-c881d55a8c5a->7366865a-3ccb-4fea-a2e2-b7a0314f55f5#159-t2, previous=(t:2, i:20), leaderCommit=16, initializing? false, entries: <empty>
2019-09-11 07:40:49,889 [grpc-default-executor-0] WARN  server.GrpcLogAppender (LogUtils.java:warn(134)) - 36be1d2c-b8e7-4a5e-9c9f-c881d55a8c5a@group-0D0617E48045->a1a3d5df-f415-4291-8622-8b18f7b50573-AppendLogResponseHandler: Failed appendEntries: org.apache.ratis.thirdparty.io.grpc.StatusRuntimeException: UNAVAILABLE: io exception
2019-09-11 07:40:49,889 [grpc-default-executor-0] INFO  impl.FollowerInfo (FollowerInfo.java:lambda$new$0(51)) - 36be1d2c-b8e7-4a5e-9c9f-c881d55a8c5a@group-0D0617E48045->a1a3d5df-f415-4291-8622-8b18f7b50573: nextIndex: updateUnconditionally 16 -> 15
2019-09-11 07:40:49,892 [grpc-default-executor-4] WARN  server.GrpcLogAppender (LogUtils.java:warn(134)) - 8929662e-8651-4c9f-b246-d3ed69c98010@group-402BD240969B->9196f2dc-d574-4585-b48c-56d55fbc13c2-AppendLogResponseHandler: Failed appendEntries: org.apache.ratis.thirdparty.io.grpc.StatusRuntimeException: UNAVAILABLE: io exception
2019-09-11 07:40:49,893 [grpc-default-executor-4] INFO  impl.FollowerInfo (FollowerInfo.java:lambda$new$0(51)) - 8929662e-8651-4c9f-b246-d3ed69c98010@group-402BD240969B->9196f2dc-d574-4585-b48c-56d55fbc13c2: nextIndex: updateUnconditionally 16 -> 15
2019-09-11 07:40:49,937 [grpc-default-executor-3] WARN  server.GrpcLogAppender (LogUtils.java:warn(134)) - 8929662e-8651-4c9f-b246-d3ed69c98010@group-402BD240969B->5b8ad787-4bf9-4bb4-bfeb-9c85cd30cda7-AppendLogResponseHandler: Failed appendEntries: org.apache.ratis.thirdparty.io.grpc.StatusRuntimeException: UNAVAILABLE: io exception
2019-09-11 07:40:49,937 [grpc-default-executor-3] INFO  impl.FollowerInfo (FollowerInfo.java:lambda$new$0(51)) - 8929662e-8651-4c9f-b246-d3ed69c98010@group-402BD240969B->5b8ad787-4bf9-4bb4-bfeb-9c85cd30cda7: nextIndex: updateUnconditionally 0 -> 0
2019-09-11 07:40:49,980 [Datanode State Machine Thread - 0] INFO  statemachine.DatanodeStateMachine (DatanodeStateMachine.java:lambda$startDaemon$0(350)) - Ozone container server started.
2019-09-11 07:40:50,154 [Datanode State Machine Thread - 0] INFO  statemachine.DatanodeStateMachine (DatanodeStateMachine.java:lambda$startDaemon$0(350)) - Ozone container server started.
2019-09-11 07:40:50,184 [java.util.concurrent.ThreadPoolExecutor$Worker@441336f8[State = -1, empty queue]] WARN  server.GrpcLogAppender (GrpcLogAppender.java:timeoutAppendRequest(200)) - 72bb666e-e114-4432-9598-bd6d136490e0@group-91E122509A7B->4bd38775-382d-4c4f-9f91-7366b5492a1e-GrpcLogAppender: appendEntries Timeout, request=72bb666e-e114-4432-9598-bd6d136490e0->4bd38775-382d-4c4f-9f91-7366b5492a1e#159-t2, previous=(t:2, i:19), leaderCommit=15, initializing? false, entries: <empty>
2019-09-11 07:40:50,196 [grpc-default-executor-0] WARN  server.GrpcLogAppender (LogUtils.java:warn(134)) - 72bb666e-e114-4432-9598-bd6d136490e0@group-91E122509A7B->48982da4-f995-48e9-b2c1-a2ad51cb7376-AppendLogResponseHandler: Failed appendEntries: org.apache.ratis.thirdparty.io.grpc.StatusRuntimeException: UNAVAILABLE: io exception
2019-09-11 07:40:50,196 [grpc-default-executor-0] INFO  impl.FollowerInfo (FollowerInfo.java:lambda$new$0(51)) - 72bb666e-e114-4432-9598-bd6d136490e0@group-91E122509A7B->48982da4-f995-48e9-b2c1-a2ad51cb7376: nextIndex: updateUnconditionally 5 -> 4
2019-09-11 07:40:50,384 [java.util.concurrent.ThreadPoolExecutor$Worker@610f7baa[State = -1, empty queue]] WARN  server.GrpcLogAppender (GrpcLogAppender.java:timeoutAppendRequest(200)) - 36be1d2c-b8e7-4a5e-9c9f-c881d55a8c5a@group-0D0617E48045->7366865a-3ccb-4fea-a2e2-b7a0314f55f5-GrpcLogAppender: appendEntries Timeout, request=36be1d2c-b8e7-4a5e-9c9f-c881d55a8c5a->7366865a-3ccb-4fea-a2e2-b7a0314f55f5#160-t2, previous=(t:2, i:20), leaderCommit=16, initializing? false, entries: <empty>
2019-09-11 07:40:50,390 [grpc-default-executor-4] WARN  server.GrpcLogAppender (LogUtils.java:warn(134)) - 36be1d2c-b8e7-4a5e-9c9f-c881d55a8c5a@group-0D0617E48045->a1a3d5df-f415-4291-8622-8b18f7b50573-AppendLogResponseHandler: Failed appendEntries: org.apache.ratis.thirdparty.io.grpc.StatusRuntimeException: UNAVAILABLE: io exception
2019-09-11 07:40:50,390 [grpc-default-executor-4] INFO  impl.FollowerInfo (FollowerInfo.java:lambda$new$0(51)) - 36be1d2c-b8e7-4a5e-9c9f-c881d55a8c5a@group-0D0617E48045->a1a3d5df-f415-4291-8622-8b18f7b50573: nextIndex: updateUnconditionally 15 -> 14
2019-09-11 07:40:50,393 [grpc-default-executor-4] WARN  server.GrpcLogAppender (LogUtils.java:warn(134)) - 8929662e-8651-4c9f-b246-d3ed69c98010@group-402BD240969B->9196f2dc-d574-4585-b48c-56d55fbc13c2-AppendLogResponseHandler: Failed appendEntries: org.apache.ratis.thirdparty.io.grpc.StatusRuntimeException: UNAVAILABLE: io exception
2019-09-11 07:40:50,393 [grpc-default-executor-4] INFO  impl.FollowerInfo (FollowerInfo.java:lambda$new$0(51)) - 8929662e-8651-4c9f-b246-d3ed69c98010@group-402BD240969B->9196f2dc-d574-4585-b48c-56d55fbc13c2: nextIndex: updateUnconditionally 15 -> 14
2019-09-11 07:40:50,438 [grpc-default-executor-0] WARN  server.GrpcLogAppender (LogUtils.java:warn(134)) - 8929662e-8651-4c9f-b246-d3ed69c98010@group-402BD240969B->5b8ad787-4bf9-4bb4-bfeb-9c85cd30cda7-AppendLogResponseHandler: Failed appendEntries: org.apache.ratis.thirdparty.io.grpc.StatusRuntimeException: UNAVAILABLE: io exception
2019-09-11 07:40:50,438 [grpc-default-executor-0] INFO  impl.FollowerInfo (FollowerInfo.java:lambda$new$0(51)) - 8929662e-8651-4c9f-b246-d3ed69c98010@group-402BD240969B->5b8ad787-4bf9-4bb4-bfeb-9c85cd30cda7: nextIndex: updateUnconditionally 0 -> 0
2019-09-11 07:40:50,685 [java.util.concurrent.ThreadPoolExecutor$Worker@441336f8[State = -1, empty queue]] WARN  server.GrpcLogAppender (GrpcLogAppender.java:timeoutAppendRequest(200)) - 72bb666e-e114-4432-9598-bd6d136490e0@group-91E122509A7B->4bd38775-382d-4c4f-9f91-7366b5492a1e-GrpcLogAppender: appendEntries Timeout, request=72bb666e-e114-4432-9598-bd6d136490e0->4bd38775-382d-4c4f-9f91-7366b5492a1e#160-t2, previous=(t:2, i:19), leaderCommit=15, initializing? false, entries: <empty>
2019-09-11 07:40:50,696 [grpc-default-executor-4] WARN  server.GrpcLogAppender (LogUtils.java:warn(134)) - 72bb666e-e114-4432-9598-bd6d136490e0@group-91E122509A7B->48982da4-f995-48e9-b2c1-a2ad51cb7376-AppendLogResponseHandler: Failed appendEntries: org.apache.ratis.thirdparty.io.grpc.StatusRuntimeException: UNAVAILABLE: io exception
2019-09-11 07:40:50,697 [grpc-default-executor-4] INFO  impl.FollowerInfo (FollowerInfo.java:lambda$new$0(51)) - 72bb666e-e114-4432-9598-bd6d136490e0@group-91E122509A7B->48982da4-f995-48e9-b2c1-a2ad51cb7376: nextIndex: updateUnconditionally 4 -> 3
2019-09-11 07:40:50,855 [36be1d2c-b8e7-4a5e-9c9f-c881d55a8c5a@group-0D0617E48045-SegmentedRaftLogWorker] WARN  segmented.SegmentedRaftLogWorker (SegmentedRaftLogWorker.java:getFromFuture(90)) - Timeout 2/~
org.apache.ratis.protocol.TimeoutIOException: Timeout 10s: WriteLog:17: (t:2, i:17), STATEMACHINELOGENTRY, client-1FF863BCA865, cid=57-writeStateMachineData
	at org.apache.ratis.util.IOUtils.getFromFuture(IOUtils.java:87)
	at org.apache.ratis.server.raftlog.segmented.SegmentedRaftLogWorker$StateMachineDataPolicy.getFromFuture(SegmentedRaftLogWorker.java:87)
	at org.apache.ratis.server.raftlog.segmented.SegmentedRaftLogWorker$WriteLog.execute(SegmentedRaftLogWorker.java:477)
	at org.apache.ratis.server.raftlog.segmented.SegmentedRaftLogWorker.run(SegmentedRaftLogWorker.java:289)
	at java.lang.Thread.run(Thread.java:748)
Caused by: java.util.concurrent.TimeoutException
	at java.util.concurrent.CompletableFuture.timedGet(CompletableFuture.java:1771)
	at java.util.concurrent.CompletableFuture.get(CompletableFuture.java:1915)
	at org.apache.ratis.util.IOUtils.getFromFuture(IOUtils.java:79)
	... 4 more
2019-09-11 07:40:50,860 [7366865a-3ccb-4fea-a2e2-b7a0314f55f5@group-0D0617E48045-SegmentedRaftLogWorker] WARN  segmented.SegmentedRaftLogWorker (SegmentedRaftLogWorker.java:getFromFuture(90)) - Timeout 2/~
org.apache.ratis.protocol.TimeoutIOException: Timeout 10s: WriteLog:17: (t:2, i:17), STATEMACHINELOGENTRY, client-1FF863BCA865, cid=57-writeStateMachineData
	at org.apache.ratis.util.IOUtils.getFromFuture(IOUtils.java:87)
	at org.apache.ratis.server.raftlog.segmented.SegmentedRaftLogWorker$StateMachineDataPolicy.getFromFuture(SegmentedRaftLogWorker.java:87)
	at org.apache.ratis.server.raftlog.segmented.SegmentedRaftLogWorker$WriteLog.execute(SegmentedRaftLogWorker.java:477)
	at org.apache.ratis.server.raftlog.segmented.SegmentedRaftLogWorker.run(SegmentedRaftLogWorker.java:289)
	at java.lang.Thread.run(Thread.java:748)
Caused by: java.util.concurrent.TimeoutException
	at java.util.concurrent.CompletableFuture.timedGet(CompletableFuture.java:1771)
	at java.util.concurrent.CompletableFuture.get(CompletableFuture.java:1915)
	at org.apache.ratis.util.IOUtils.getFromFuture(IOUtils.java:79)
	... 4 more
2019-09-11 07:40:50,884 [java.util.concurrent.ThreadPoolExecutor$Worker@610f7baa[State = -1, empty queue]] WARN  server.GrpcLogAppender (GrpcLogAppender.java:timeoutAppendRequest(200)) - 36be1d2c-b8e7-4a5e-9c9f-c881d55a8c5a@group-0D0617E48045->7366865a-3ccb-4fea-a2e2-b7a0314f55f5-GrpcLogAppender: appendEntries Timeout, request=36be1d2c-b8e7-4a5e-9c9f-c881d55a8c5a->7366865a-3ccb-4fea-a2e2-b7a0314f55f5#161-t2, previous=(t:2, i:20), leaderCommit=16, initializing? false, entries: <empty>
2019-09-11 07:40:50,890 [grpc-default-executor-4] WARN  server.GrpcLogAppender (LogUtils.java:warn(134)) - 36be1d2c-b8e7-4a5e-9c9f-c881d55a8c5a@group-0D0617E48045->a1a3d5df-f415-4291-8622-8b18f7b50573-AppendLogResponseHandler: Failed appendEntries: org.apache.ratis.thirdparty.io.grpc.StatusRuntimeException: UNAVAILABLE: io exception
2019-09-11 07:40:50,890 [grpc-default-executor-4] INFO  impl.FollowerInfo (FollowerInfo.java:lambda$new$0(51)) - 36be1d2c-b8e7-4a5e-9c9f-c881d55a8c5a@group-0D0617E48045->a1a3d5df-f415-4291-8622-8b18f7b50573: nextIndex: updateUnconditionally 14 -> 13
2019-09-11 07:40:50,893 [grpc-default-executor-4] WARN  server.GrpcLogAppender (LogUtils.java:warn(134)) - 8929662e-8651-4c9f-b246-d3ed69c98010@group-402BD240969B->9196f2dc-d574-4585-b48c-56d55fbc13c2-AppendLogResponseHandler: Failed appendEntries: org.apache.ratis.thirdparty.io.grpc.StatusRuntimeException: UNAVAILABLE: io exception
2019-09-11 07:40:50,893 [grpc-default-executor-4] INFO  impl.FollowerInfo (FollowerInfo.java:lambda$new$0(51)) - 8929662e-8651-4c9f-b246-d3ed69c98010@group-402BD240969B->9196f2dc-d574-4585-b48c-56d55fbc13c2: nextIndex: updateUnconditionally 14 -> 13
2019-09-11 07:40:50,938 [grpc-default-executor-3] WARN  server.GrpcLogAppender (LogUtils.java:warn(134)) - 8929662e-8651-4c9f-b246-d3ed69c98010@group-402BD240969B->5b8ad787-4bf9-4bb4-bfeb-9c85cd30cda7-AppendLogResponseHandler: Failed appendEntries: org.apache.ratis.thirdparty.io.grpc.StatusRuntimeException: UNAVAILABLE: io exception
2019-09-11 07:40:50,939 [grpc-default-executor-3] INFO  impl.FollowerInfo (FollowerInfo.java:lambda$new$0(51)) - 8929662e-8651-4c9f-b246-d3ed69c98010@group-402BD240969B->5b8ad787-4bf9-4bb4-bfeb-9c85cd30cda7: nextIndex: updateUnconditionally 0 -> 0
2019-09-11 07:40:51,185 [java.util.concurrent.ThreadPoolExecutor$Worker@441336f8[State = -1, empty queue]] WARN  server.GrpcLogAppender (GrpcLogAppender.java:timeoutAppendRequest(200)) - 72bb666e-e114-4432-9598-bd6d136490e0@group-91E122509A7B->4bd38775-382d-4c4f-9f91-7366b5492a1e-GrpcLogAppender: appendEntries Timeout, request=72bb666e-e114-4432-9598-bd6d136490e0->4bd38775-382d-4c4f-9f91-7366b5492a1e#161-t2, previous=(t:2, i:19), leaderCommit=15, initializing? false, entries: <empty>
2019-09-11 07:40:51,200 [grpc-default-executor-4] WARN  server.GrpcLogAppender (LogUtils.java:warn(134)) - 72bb666e-e114-4432-9598-bd6d136490e0@group-91E122509A7B->48982da4-f995-48e9-b2c1-a2ad51cb7376-AppendLogResponseHandler: Failed appendEntries: org.apache.ratis.thirdparty.io.grpc.StatusRuntimeException: UNAVAILABLE: io exception
2019-09-11 07:40:51,200 [grpc-default-executor-4] INFO  impl.FollowerInfo (FollowerInfo.java:lambda$new$0(51)) - 72bb666e-e114-4432-9598-bd6d136490e0@group-91E122509A7B->48982da4-f995-48e9-b2c1-a2ad51cb7376: nextIndex: updateUnconditionally 3 -> 2
2019-09-11 07:40:51,384 [java.util.concurrent.ThreadPoolExecutor$Worker@610f7baa[State = -1, empty queue]] WARN  server.GrpcLogAppender (GrpcLogAppender.java:timeoutAppendRequest(200)) - 36be1d2c-b8e7-4a5e-9c9f-c881d55a8c5a@group-0D0617E48045->7366865a-3ccb-4fea-a2e2-b7a0314f55f5-GrpcLogAppender: appendEntries Timeout, request=36be1d2c-b8e7-4a5e-9c9f-c881d55a8c5a->7366865a-3ccb-4fea-a2e2-b7a0314f55f5#162-t2, previous=(t:2, i:20), leaderCommit=16, initializing? false, entries: <empty>
2019-09-11 07:40:51,390 [grpc-default-executor-4] WARN  server.GrpcLogAppender (LogUtils.java:warn(134)) - 36be1d2c-b8e7-4a5e-9c9f-c881d55a8c5a@group-0D0617E48045->a1a3d5df-f415-4291-8622-8b18f7b50573-AppendLogResponseHandler: Failed appendEntries: org.apache.ratis.thirdparty.io.grpc.StatusRuntimeException: UNAVAILABLE: io exception
2019-09-11 07:40:51,391 [grpc-default-executor-4] INFO  impl.FollowerInfo (FollowerInfo.java:lambda$new$0(51)) - 36be1d2c-b8e7-4a5e-9c9f-c881d55a8c5a@group-0D0617E48045->a1a3d5df-f415-4291-8622-8b18f7b50573: nextIndex: updateUnconditionally 13 -> 12
2019-09-11 07:40:51,394 [grpc-default-executor-0] WARN  server.GrpcLogAppender (LogUtils.java:warn(134)) - 8929662e-8651-4c9f-b246-d3ed69c98010@group-402BD240969B->9196f2dc-d574-4585-b48c-56d55fbc13c2-AppendLogResponseHandler: Failed appendEntries: org.apache.ratis.thirdparty.io.grpc.StatusRuntimeException: UNAVAILABLE: io exception
2019-09-11 07:40:51,394 [grpc-default-executor-0] INFO  impl.FollowerInfo (FollowerInfo.java:lambda$new$0(51)) - 8929662e-8651-4c9f-b246-d3ed69c98010@group-402BD240969B->9196f2dc-d574-4585-b48c-56d55fbc13c2: nextIndex: updateUnconditionally 13 -> 12
2019-09-11 07:40:51,439 [grpc-default-executor-4] WARN  server.GrpcLogAppender (LogUtils.java:warn(134)) - 8929662e-8651-4c9f-b246-d3ed69c98010@group-402BD240969B->5b8ad787-4bf9-4bb4-bfeb-9c85cd30cda7-AppendLogResponseHandler: Failed appendEntries: org.apache.ratis.thirdparty.io.grpc.StatusRuntimeException: UNAVAILABLE: io exception
2019-09-11 07:40:51,439 [grpc-default-executor-4] INFO  impl.FollowerInfo (FollowerInfo.java:lambda$new$0(51)) - 8929662e-8651-4c9f-b246-d3ed69c98010@group-402BD240969B->5b8ad787-4bf9-4bb4-bfeb-9c85cd30cda7: nextIndex: updateUnconditionally 0 -> 0
2019-09-11 07:40:51,685 [java.util.concurrent.ThreadPoolExecutor$Worker@441336f8[State = -1, empty queue]] WARN  server.GrpcLogAppender (GrpcLogAppender.java:timeoutAppendRequest(200)) - 72bb666e-e114-4432-9598-bd6d136490e0@group-91E122509A7B->4bd38775-382d-4c4f-9f91-7366b5492a1e-GrpcLogAppender: appendEntries Timeout, request=72bb666e-e114-4432-9598-bd6d136490e0->4bd38775-382d-4c4f-9f91-7366b5492a1e#162-t2, previous=(t:2, i:19), leaderCommit=15, initializing? false, entries: <empty>
2019-09-11 07:40:51,699 [grpc-default-executor-3] WARN  server.GrpcLogAppender (LogUtils.java:warn(134)) - 72bb666e-e114-4432-9598-bd6d136490e0@group-91E122509A7B->48982da4-f995-48e9-b2c1-a2ad51cb7376-AppendLogResponseHandler: Failed appendEntries: org.apache.ratis.thirdparty.io.grpc.StatusRuntimeException: UNAVAILABLE: io exception
2019-09-11 07:40:51,700 [grpc-default-executor-3] INFO  impl.FollowerInfo (FollowerInfo.java:lambda$new$0(51)) - 72bb666e-e114-4432-9598-bd6d136490e0@group-91E122509A7B->48982da4-f995-48e9-b2c1-a2ad51cb7376: nextIndex: updateUnconditionally 2 -> 1
2019-09-11 07:40:51,885 [java.util.concurrent.ThreadPoolExecutor$Worker@610f7baa[State = -1, empty queue]] WARN  server.GrpcLogAppender (GrpcLogAppender.java:timeoutAppendRequest(200)) - 36be1d2c-b8e7-4a5e-9c9f-c881d55a8c5a@group-0D0617E48045->7366865a-3ccb-4fea-a2e2-b7a0314f55f5-GrpcLogAppender: appendEntries Timeout, request=36be1d2c-b8e7-4a5e-9c9f-c881d55a8c5a->7366865a-3ccb-4fea-a2e2-b7a0314f55f5#163-t2, previous=(t:2, i:20), leaderCommit=16, initializing? false, entries: <empty>
2019-09-11 07:40:51,894 [grpc-default-executor-5] WARN  server.GrpcLogAppender (LogUtils.java:warn(134)) - 36be1d2c-b8e7-4a5e-9c9f-c881d55a8c5a@group-0D0617E48045->a1a3d5df-f415-4291-8622-8b18f7b50573-AppendLogResponseHandler: Failed appendEntries: org.apache.ratis.thirdparty.io.grpc.StatusRuntimeException: UNAVAILABLE: io exception
2019-09-11 07:40:51,894 [grpc-default-executor-5] INFO  impl.FollowerInfo (FollowerInfo.java:lambda$new$0(51)) - 36be1d2c-b8e7-4a5e-9c9f-c881d55a8c5a@group-0D0617E48045->a1a3d5df-f415-4291-8622-8b18f7b50573: nextIndex: updateUnconditionally 12 -> 11
2019-09-11 07:40:51,895 [grpc-default-executor-4] WARN  server.GrpcLogAppender (LogUtils.java:warn(134)) - 8929662e-8651-4c9f-b246-d3ed69c98010@group-402BD240969B->9196f2dc-d574-4585-b48c-56d55fbc13c2-AppendLogResponseHandler: Failed appendEntries: org.apache.ratis.thirdparty.io.grpc.StatusRuntimeException: UNAVAILABLE: io exception
2019-09-11 07:40:51,895 [grpc-default-executor-4] INFO  impl.FollowerInfo (FollowerInfo.java:lambda$new$0(51)) - 8929662e-8651-4c9f-b246-d3ed69c98010@group-402BD240969B->9196f2dc-d574-4585-b48c-56d55fbc13c2: nextIndex: updateUnconditionally 12 -> 11
2019-09-11 07:40:51,940 [grpc-default-executor-3] WARN  server.GrpcLogAppender (LogUtils.java:warn(134)) - 8929662e-8651-4c9f-b246-d3ed69c98010@group-402BD240969B->5b8ad787-4bf9-4bb4-bfeb-9c85cd30cda7-AppendLogResponseHandler: Failed appendEntries: org.apache.ratis.thirdparty.io.grpc.StatusRuntimeException: UNAVAILABLE: io exception
2019-09-11 07:40:51,940 [grpc-default-executor-3] INFO  impl.FollowerInfo (FollowerInfo.java:lambda$new$0(51)) - 8929662e-8651-4c9f-b246-d3ed69c98010@group-402BD240969B->5b8ad787-4bf9-4bb4-bfeb-9c85cd30cda7: nextIndex: updateUnconditionally 0 -> 0
2019-09-11 07:40:52,186 [java.util.concurrent.ThreadPoolExecutor$Worker@441336f8[State = -1, empty queue]] WARN  server.GrpcLogAppender (GrpcLogAppender.java:timeoutAppendRequest(200)) - 72bb666e-e114-4432-9598-bd6d136490e0@group-91E122509A7B->4bd38775-382d-4c4f-9f91-7366b5492a1e-GrpcLogAppender: appendEntries Timeout, request=72bb666e-e114-4432-9598-bd6d136490e0->4bd38775-382d-4c4f-9f91-7366b5492a1e#163-t2, previous=(t:2, i:19), leaderCommit=15, initializing? false, entries: <empty>
2019-09-11 07:40:52,200 [grpc-default-executor-5] WARN  server.GrpcLogAppender (LogUtils.java:warn(134)) - 72bb666e-e114-4432-9598-bd6d136490e0@group-91E122509A7B->48982da4-f995-48e9-b2c1-a2ad51cb7376-AppendLogResponseHandler: Failed appendEntries: org.apache.ratis.thirdparty.io.grpc.StatusRuntimeException: UNAVAILABLE: io exception
2019-09-11 07:40:52,200 [grpc-default-executor-5] INFO  impl.FollowerInfo (FollowerInfo.java:lambda$new$0(51)) - 72bb666e-e114-4432-9598-bd6d136490e0@group-91E122509A7B->48982da4-f995-48e9-b2c1-a2ad51cb7376: nextIndex: updateUnconditionally 1 -> 0
2019-09-11 07:40:52,385 [java.util.concurrent.ThreadPoolExecutor$Worker@610f7baa[State = -1, empty queue]] WARN  server.GrpcLogAppender (GrpcLogAppender.java:timeoutAppendRequest(200)) - 36be1d2c-b8e7-4a5e-9c9f-c881d55a8c5a@group-0D0617E48045->7366865a-3ccb-4fea-a2e2-b7a0314f55f5-GrpcLogAppender: appendEntries Timeout, request=36be1d2c-b8e7-4a5e-9c9f-c881d55a8c5a->7366865a-3ccb-4fea-a2e2-b7a0314f55f5#164-t2, previous=(t:2, i:20), leaderCommit=16, initializing? false, entries: <empty>
2019-09-11 07:40:52,394 [grpc-default-executor-4] WARN  server.GrpcLogAppender (LogUtils.java:warn(134)) - 36be1d2c-b8e7-4a5e-9c9f-c881d55a8c5a@group-0D0617E48045->a1a3d5df-f415-4291-8622-8b18f7b50573-AppendLogResponseHandler: Failed appendEntries: org.apache.ratis.thirdparty.io.grpc.StatusRuntimeException: UNAVAILABLE: io exception
2019-09-11 07:40:52,394 [grpc-default-executor-4] INFO  impl.FollowerInfo (FollowerInfo.java:lambda$new$0(51)) - 36be1d2c-b8e7-4a5e-9c9f-c881d55a8c5a@group-0D0617E48045->a1a3d5df-f415-4291-8622-8b18f7b50573: nextIndex: updateUnconditionally 11 -> 10
2019-09-11 07:40:52,395 [grpc-default-executor-3] WARN  server.GrpcLogAppender (LogUtils.java:warn(134)) - 8929662e-8651-4c9f-b246-d3ed69c98010@group-402BD240969B->9196f2dc-d574-4585-b48c-56d55fbc13c2-AppendLogResponseHandler: Failed appendEntries: org.apache.ratis.thirdparty.io.grpc.StatusRuntimeException: UNAVAILABLE: io exception
2019-09-11 07:40:52,395 [grpc-default-executor-3] INFO  impl.FollowerInfo (FollowerInfo.java:lambda$new$0(51)) - 8929662e-8651-4c9f-b246-d3ed69c98010@group-402BD240969B->9196f2dc-d574-4585-b48c-56d55fbc13c2: nextIndex: updateUnconditionally 11 -> 10
2019-09-11 07:40:52,440 [grpc-default-executor-4] WARN  server.GrpcLogAppender (LogUtils.java:warn(134)) - 8929662e-8651-4c9f-b246-d3ed69c98010@group-402BD240969B->5b8ad787-4bf9-4bb4-bfeb-9c85cd30cda7-AppendLogResponseHandler: Failed appendEntries: org.apache.ratis.thirdparty.io.grpc.StatusRuntimeException: UNAVAILABLE: io exception
2019-09-11 07:40:52,441 [grpc-default-executor-4] INFO  impl.FollowerInfo (FollowerInfo.java:lambda$new$0(51)) - 8929662e-8651-4c9f-b246-d3ed69c98010@group-402BD240969B->5b8ad787-4bf9-4bb4-bfeb-9c85cd30cda7: nextIndex: updateUnconditionally 0 -> 0
2019-09-11 07:40:52,686 [java.util.concurrent.ThreadPoolExecutor$Worker@441336f8[State = -1, empty queue]] WARN  server.GrpcLogAppender (GrpcLogAppender.java:timeoutAppendRequest(200)) - 72bb666e-e114-4432-9598-bd6d136490e0@group-91E122509A7B->4bd38775-382d-4c4f-9f91-7366b5492a1e-GrpcLogAppender: appendEntries Timeout, request=72bb666e-e114-4432-9598-bd6d136490e0->4bd38775-382d-4c4f-9f91-7366b5492a1e#164-t2, previous=(t:2, i:19), leaderCommit=15, initializing? false, entries: <empty>
2019-09-11 07:40:52,701 [grpc-default-executor-5] WARN  server.GrpcLogAppender (LogUtils.java:warn(134)) - 72bb666e-e114-4432-9598-bd6d136490e0@group-91E122509A7B->48982da4-f995-48e9-b2c1-a2ad51cb7376-AppendLogResponseHandler: Failed appendEntries: org.apache.ratis.thirdparty.io.grpc.StatusRuntimeException: UNAVAILABLE: io exception
2019-09-11 07:40:52,701 [grpc-default-executor-5] INFO  impl.FollowerInfo (FollowerInfo.java:lambda$new$0(51)) - 72bb666e-e114-4432-9598-bd6d136490e0@group-91E122509A7B->48982da4-f995-48e9-b2c1-a2ad51cb7376: nextIndex: updateUnconditionally 0 -> 0
2019-09-11 07:40:52,886 [java.util.concurrent.ThreadPoolExecutor$Worker@610f7baa[State = -1, empty queue]] WARN  server.GrpcLogAppender (GrpcLogAppender.java:timeoutAppendRequest(200)) - 36be1d2c-b8e7-4a5e-9c9f-c881d55a8c5a@group-0D0617E48045->7366865a-3ccb-4fea-a2e2-b7a0314f55f5-GrpcLogAppender: appendEntries Timeout, request=36be1d2c-b8e7-4a5e-9c9f-c881d55a8c5a->7366865a-3ccb-4fea-a2e2-b7a0314f55f5#165-t2, previous=(t:2, i:20), leaderCommit=16, initializing? false, entries: <empty>
2019-09-11 07:40:52,894 [grpc-default-executor-3] WARN  server.GrpcLogAppender (LogUtils.java:warn(134)) - 36be1d2c-b8e7-4a5e-9c9f-c881d55a8c5a@group-0D0617E48045->a1a3d5df-f415-4291-8622-8b18f7b50573-AppendLogResponseHandler: Failed appendEntries: org.apache.ratis.thirdparty.io.grpc.StatusRuntimeException: UNAVAILABLE: io exception
2019-09-11 07:40:52,894 [grpc-default-executor-3] INFO  impl.FollowerInfo (FollowerInfo.java:lambda$new$0(51)) - 36be1d2c-b8e7-4a5e-9c9f-c881d55a8c5a@group-0D0617E48045->a1a3d5df-f415-4291-8622-8b18f7b50573: nextIndex: updateUnconditionally 10 -> 9
2019-09-11 07:40:52,896 [grpc-default-executor-4] WARN  server.GrpcLogAppender (LogUtils.java:warn(134)) - 8929662e-8651-4c9f-b246-d3ed69c98010@group-402BD240969B->9196f2dc-d574-4585-b48c-56d55fbc13c2-AppendLogResponseHandler: Failed appendEntries: org.apache.ratis.thirdparty.io.grpc.StatusRuntimeException: UNAVAILABLE: io exception
2019-09-11 07:40:52,896 [grpc-default-executor-4] INFO  impl.FollowerInfo (FollowerInfo.java:lambda$new$0(51)) - 8929662e-8651-4c9f-b246-d3ed69c98010@group-402BD240969B->9196f2dc-d574-4585-b48c-56d55fbc13c2: nextIndex: updateUnconditionally 10 -> 9
2019-09-11 07:40:52,941 [grpc-default-executor-3] WARN  server.GrpcLogAppender (LogUtils.java:warn(134)) - 8929662e-8651-4c9f-b246-d3ed69c98010@group-402BD240969B->5b8ad787-4bf9-4bb4-bfeb-9c85cd30cda7-AppendLogResponseHandler: Failed appendEntries: org.apache.ratis.thirdparty.io.grpc.StatusRuntimeException: UNAVAILABLE: io exception
2019-09-11 07:40:52,941 [grpc-default-executor-3] INFO  impl.FollowerInfo (FollowerInfo.java:lambda$new$0(51)) - 8929662e-8651-4c9f-b246-d3ed69c98010@group-402BD240969B->5b8ad787-4bf9-4bb4-bfeb-9c85cd30cda7: nextIndex: updateUnconditionally 0 -> 0
2019-09-11 07:40:53,187 [java.util.concurrent.ThreadPoolExecutor$Worker@441336f8[State = -1, empty queue]] WARN  server.GrpcLogAppender (GrpcLogAppender.java:timeoutAppendRequest(200)) - 72bb666e-e114-4432-9598-bd6d136490e0@group-91E122509A7B->4bd38775-382d-4c4f-9f91-7366b5492a1e-GrpcLogAppender: appendEntries Timeout, request=72bb666e-e114-4432-9598-bd6d136490e0->4bd38775-382d-4c4f-9f91-7366b5492a1e#165-t2, previous=(t:2, i:19), leaderCommit=15, initializing? false, entries: <empty>
2019-09-11 07:40:53,202 [grpc-default-executor-5] WARN  server.GrpcLogAppender (LogUtils.java:warn(134)) - 72bb666e-e114-4432-9598-bd6d136490e0@group-91E122509A7B->48982da4-f995-48e9-b2c1-a2ad51cb7376-AppendLogResponseHandler: Failed appendEntries: org.apache.ratis.thirdparty.io.grpc.StatusRuntimeException: UNAVAILABLE: io exception
2019-09-11 07:40:53,202 [grpc-default-executor-5] INFO  impl.FollowerInfo (FollowerInfo.java:lambda$new$0(51)) - 72bb666e-e114-4432-9598-bd6d136490e0@group-91E122509A7B->48982da4-f995-48e9-b2c1-a2ad51cb7376: nextIndex: updateUnconditionally 0 -> 0
2019-09-11 07:40:53,386 [java.util.concurrent.ThreadPoolExecutor$Worker@610f7baa[State = -1, empty queue]] WARN  server.GrpcLogAppender (GrpcLogAppender.java:timeoutAppendRequest(200)) - 36be1d2c-b8e7-4a5e-9c9f-c881d55a8c5a@group-0D0617E48045->7366865a-3ccb-4fea-a2e2-b7a0314f55f5-GrpcLogAppender: appendEntries Timeout, request=36be1d2c-b8e7-4a5e-9c9f-c881d55a8c5a->7366865a-3ccb-4fea-a2e2-b7a0314f55f5#166-t2, previous=(t:2, i:20), leaderCommit=16, initializing? false, entries: <empty>
2019-09-11 07:40:53,395 [grpc-default-executor-4] WARN  server.GrpcLogAppender (LogUtils.java:warn(134)) - 36be1d2c-b8e7-4a5e-9c9f-c881d55a8c5a@group-0D0617E48045->a1a3d5df-f415-4291-8622-8b18f7b50573-AppendLogResponseHandler: Failed appendEntries: org.apache.ratis.thirdparty.io.grpc.StatusRuntimeException: UNAVAILABLE: io exception
2019-09-11 07:40:53,396 [grpc-default-executor-4] INFO  impl.FollowerInfo (FollowerInfo.java:lambda$new$0(51)) - 36be1d2c-b8e7-4a5e-9c9f-c881d55a8c5a@group-0D0617E48045->a1a3d5df-f415-4291-8622-8b18f7b50573: nextIndex: updateUnconditionally 9 -> 8
2019-09-11 07:40:53,396 [grpc-default-executor-3] WARN  server.GrpcLogAppender (LogUtils.java:warn(134)) - 8929662e-8651-4c9f-b246-d3ed69c98010@group-402BD240969B->9196f2dc-d574-4585-b48c-56d55fbc13c2-AppendLogResponseHandler: Failed appendEntries: org.apache.ratis.thirdparty.io.grpc.StatusRuntimeException: UNAVAILABLE: io exception
2019-09-11 07:40:53,397 [grpc-default-executor-3] INFO  impl.FollowerInfo (FollowerInfo.java:lambda$new$0(51)) - 8929662e-8651-4c9f-b246-d3ed69c98010@group-402BD240969B->9196f2dc-d574-4585-b48c-56d55fbc13c2: nextIndex: updateUnconditionally 9 -> 8
2019-09-11 07:40:53,442 [grpc-default-executor-5] WARN  server.GrpcLogAppender (LogUtils.java:warn(134)) - 8929662e-8651-4c9f-b246-d3ed69c98010@group-402BD240969B->5b8ad787-4bf9-4bb4-bfeb-9c85cd30cda7-AppendLogResponseHandler: Failed appendEntries: org.apache.ratis.thirdparty.io.grpc.StatusRuntimeException: UNAVAILABLE: io exception
2019-09-11 07:40:53,442 [grpc-default-executor-5] INFO  impl.FollowerInfo (FollowerInfo.java:lambda$new$0(51)) - 8929662e-8651-4c9f-b246-d3ed69c98010@group-402BD240969B->5b8ad787-4bf9-4bb4-bfeb-9c85cd30cda7: nextIndex: updateUnconditionally 0 -> 0
2019-09-11 07:40:53,687 [java.util.concurrent.ThreadPoolExecutor$Worker@441336f8[State = -1, empty queue]] WARN  server.GrpcLogAppender (GrpcLogAppender.java:timeoutAppendRequest(200)) - 72bb666e-e114-4432-9598-bd6d136490e0@group-91E122509A7B->4bd38775-382d-4c4f-9f91-7366b5492a1e-GrpcLogAppender: appendEntries Timeout, request=72bb666e-e114-4432-9598-bd6d136490e0->4bd38775-382d-4c4f-9f91-7366b5492a1e#166-t2, previous=(t:2, i:19), leaderCommit=15, initializing? false, entries: <empty>
2019-09-11 07:40:53,707 [grpc-default-executor-4] WARN  server.GrpcLogAppender (LogUtils.java:warn(134)) - 72bb666e-e114-4432-9598-bd6d136490e0@group-91E122509A7B->48982da4-f995-48e9-b2c1-a2ad51cb7376-AppendLogResponseHandler: Failed appendEntries: org.apache.ratis.thirdparty.io.grpc.StatusRuntimeException: UNAVAILABLE: io exception
2019-09-11 07:40:53,707 [grpc-default-executor-4] INFO  impl.FollowerInfo (FollowerInfo.java:lambda$new$0(51)) - 72bb666e-e114-4432-9598-bd6d136490e0@group-91E122509A7B->48982da4-f995-48e9-b2c1-a2ad51cb7376: nextIndex: updateUnconditionally 0 -> 0
2019-09-11 07:40:53,890 [java.util.concurrent.ThreadPoolExecutor$Worker@610f7baa[State = -1, empty queue]] WARN  server.GrpcLogAppender (GrpcLogAppender.java:timeoutAppendRequest(200)) - 36be1d2c-b8e7-4a5e-9c9f-c881d55a8c5a@group-0D0617E48045->7366865a-3ccb-4fea-a2e2-b7a0314f55f5-GrpcLogAppender: appendEntries Timeout, request=36be1d2c-b8e7-4a5e-9c9f-c881d55a8c5a->7366865a-3ccb-4fea-a2e2-b7a0314f55f5#167-t2, previous=(t:2, i:20), leaderCommit=16, initializing? false, entries: <empty>
2019-09-11 07:40:53,896 [grpc-default-executor-0] WARN  server.GrpcLogAppender (LogUtils.java:warn(134)) - 36be1d2c-b8e7-4a5e-9c9f-c881d55a8c5a@group-0D0617E48045->a1a3d5df-f415-4291-8622-8b18f7b50573-AppendLogResponseHandler: Failed appendEntries: org.apache.ratis.thirdparty.io.grpc.StatusRuntimeException: UNAVAILABLE: io exception
2019-09-11 07:40:53,897 [grpc-default-executor-0] INFO  impl.FollowerInfo (FollowerInfo.java:lambda$new$0(51)) - 36be1d2c-b8e7-4a5e-9c9f-c881d55a8c5a@group-0D0617E48045->a1a3d5df-f415-4291-8622-8b18f7b50573: nextIndex: updateUnconditionally 8 -> 7
2019-09-11 07:40:53,897 [grpc-default-executor-5] WARN  server.GrpcLogAppender (LogUtils.java:warn(134)) - 8929662e-8651-4c9f-b246-d3ed69c98010@group-402BD240969B->9196f2dc-d574-4585-b48c-56d55fbc13c2-AppendLogResponseHandler: Failed appendEntries: org.apache.ratis.thirdparty.io.grpc.StatusRuntimeException: UNAVAILABLE: io exception
2019-09-11 07:40:53,898 [grpc-default-executor-5] INFO  impl.FollowerInfo (FollowerInfo.java:lambda$new$0(51)) - 8929662e-8651-4c9f-b246-d3ed69c98010@group-402BD240969B->9196f2dc-d574-4585-b48c-56d55fbc13c2: nextIndex: updateUnconditionally 8 -> 7
2019-09-11 07:40:53,943 [grpc-default-executor-4] WARN  server.GrpcLogAppender (LogUtils.java:warn(134)) - 8929662e-8651-4c9f-b246-d3ed69c98010@group-402BD240969B->5b8ad787-4bf9-4bb4-bfeb-9c85cd30cda7-AppendLogResponseHandler: Failed appendEntries: org.apache.ratis.thirdparty.io.grpc.StatusRuntimeException: UNAVAILABLE: io exception
2019-09-11 07:40:53,943 [grpc-default-executor-4] INFO  impl.FollowerInfo (FollowerInfo.java:lambda$new$0(51)) - 8929662e-8651-4c9f-b246-d3ed69c98010@group-402BD240969B->5b8ad787-4bf9-4bb4-bfeb-9c85cd30cda7: nextIndex: updateUnconditionally 0 -> 0
2019-09-11 07:40:54,187 [java.util.concurrent.ThreadPoolExecutor$Worker@441336f8[State = -1, empty queue]] WARN  server.GrpcLogAppender (GrpcLogAppender.java:timeoutAppendRequest(200)) - 72bb666e-e114-4432-9598-bd6d136490e0@group-91E122509A7B->4bd38775-382d-4c4f-9f91-7366b5492a1e-GrpcLogAppender: appendEntries Timeout, request=72bb666e-e114-4432-9598-bd6d136490e0->4bd38775-382d-4c4f-9f91-7366b5492a1e#167-t2, previous=(t:2, i:19), leaderCommit=15, initializing? false, entries: <empty>
2019-09-11 07:40:54,207 [grpc-default-executor-0] WARN  server.GrpcLogAppender (LogUtils.java:warn(134)) - 72bb666e-e114-4432-9598-bd6d136490e0@group-91E122509A7B->48982da4-f995-48e9-b2c1-a2ad51cb7376-AppendLogResponseHandler: Failed appendEntries: org.apache.ratis.thirdparty.io.grpc.StatusRuntimeException: UNAVAILABLE: io exception
2019-09-11 07:40:54,208 [grpc-default-executor-0] INFO  impl.FollowerInfo (FollowerInfo.java:lambda$new$0(51)) - 72bb666e-e114-4432-9598-bd6d136490e0@group-91E122509A7B->48982da4-f995-48e9-b2c1-a2ad51cb7376: nextIndex: updateUnconditionally 0 -> 0
2019-09-11 07:40:54,358 [main] INFO  ozoneimpl.OzoneContainer (OzoneContainer.java:stop(231)) - Attempting to stop container services.
2019-09-11 07:40:54,359 [main] INFO  impl.RaftServerProxy (RaftServerProxy.java:lambda$close$4(314)) - 72bb666e-e114-4432-9598-bd6d136490e0: close
2019-09-11 07:40:54,359 [main] INFO  impl.RaftServerImpl (RaftServerImpl.java:lambda$shutdown$3(251)) - 72bb666e-e114-4432-9598-bd6d136490e0@group-C4BEAC822441: shutdown
2019-09-11 07:40:54,360 [main] INFO  util.JmxRegister (JmxRegister.java:unregister(73)) - Successfully un-registered JMX Bean with object name Ratis:service=RaftServer,group=group-C4BEAC822441,id=72bb666e-e114-4432-9598-bd6d136490e0
2019-09-11 07:40:54,360 [main] INFO  impl.RoleInfo (RoleInfo.java:shutdownLeaderState(104)) - 72bb666e-e114-4432-9598-bd6d136490e0: shutdown LeaderState
2019-09-11 07:40:54,360 [main] INFO  impl.PendingRequests (PendingRequests.java:sendNotLeaderResponses(202)) - 72bb666e-e114-4432-9598-bd6d136490e0-PendingRequests: sendNotLeaderResponses
2019-09-11 07:40:54,361 [main] INFO  impl.StateMachineUpdater (StateMachineUpdater.java:stopAndJoin(125)) - 72bb666e-e114-4432-9598-bd6d136490e0@group-C4BEAC822441-StateMachineUpdater: set stopIndex = 0
2019-09-11 07:40:54,361 [main] INFO  impl.RaftServerImpl (ServerState.java:close(385)) - 72bb666e-e114-4432-9598-bd6d136490e0@group-C4BEAC822441: closes. applyIndex: 0
2019-09-11 07:40:54,362 [72bb666e-e114-4432-9598-bd6d136490e0@group-C4BEAC822441-SegmentedRaftLogWorker] INFO  segmented.SegmentedRaftLogWorker (SegmentedRaftLogWorker.java:run(313)) - 72bb666e-e114-4432-9598-bd6d136490e0@group-C4BEAC822441-SegmentedRaftLogWorker was interrupted, exiting. There are 0 tasks remaining in the queue.
2019-09-11 07:40:54,367 [main] INFO  segmented.SegmentedRaftLogWorker (SegmentedRaftLogWorker.java:close(228)) - 72bb666e-e114-4432-9598-bd6d136490e0@group-C4BEAC822441-SegmentedRaftLogWorker close()
2019-09-11 07:40:54,381 [main] INFO  impl.RaftServerImpl (RaftServerImpl.java:lambda$shutdown$3(251)) - 72bb666e-e114-4432-9598-bd6d136490e0@group-91E122509A7B: shutdown
2019-09-11 07:40:54,381 [main] INFO  util.JmxRegister (JmxRegister.java:unregister(73)) - Successfully un-registered JMX Bean with object name Ratis:service=RaftServer,group=group-91E122509A7B,id=72bb666e-e114-4432-9598-bd6d136490e0
2019-09-11 07:40:54,381 [main] INFO  impl.RoleInfo (RoleInfo.java:shutdownLeaderState(104)) - 72bb666e-e114-4432-9598-bd6d136490e0: shutdown LeaderState
2019-09-11 07:40:54,381 [ForkJoinPool.commonPool-worker-1] INFO  ozoneimpl.OzoneContainer (OzoneContainer.java:stop(231)) - Attempting to stop container services.
2019-09-11 07:40:54,385 [org.apache.ratis.server.impl.LogAppender$AppenderDaemon$$Lambda$505/1350329696@59819ccd] WARN  server.GrpcLogAppender (GrpcLogAppender.java:mayWait(143)) - 72bb666e-e114-4432-9598-bd6d136490e0@group-91E122509A7B->4bd38775-382d-4c4f-9f91-7366b5492a1e-GrpcLogAppender: Wait interrupted by java.lang.InterruptedException
2019-09-11 07:40:54,385 [org.apache.ratis.server.impl.LogAppender$AppenderDaemon$$Lambda$505/1350329696@14658c96] WARN  server.GrpcLogAppender (GrpcLogAppender.java:mayWait(143)) - 72bb666e-e114-4432-9598-bd6d136490e0@group-91E122509A7B->48982da4-f995-48e9-b2c1-a2ad51cb7376-GrpcLogAppender: Wait interrupted by java.lang.InterruptedException
2019-09-11 07:40:54,385 [main] INFO  impl.PendingRequests (PendingRequests.java:sendNotLeaderResponses(202)) - 72bb666e-e114-4432-9598-bd6d136490e0-PendingRequests: sendNotLeaderResponses
2019-09-11 07:40:54,385 [ForkJoinPool.commonPool-worker-1] INFO  impl.RaftServerProxy (RaftServerProxy.java:lambda$close$4(314)) - 36be1d2c-b8e7-4a5e-9c9f-c881d55a8c5a: close
2019-09-11 07:40:54,386 [ForkJoinPool.commonPool-worker-1] INFO  impl.RaftServerImpl (RaftServerImpl.java:lambda$shutdown$3(251)) - 36be1d2c-b8e7-4a5e-9c9f-c881d55a8c5a@group-0D0617E48045: shutdown
2019-09-11 07:40:54,387 [ForkJoinPool.commonPool-worker-1] INFO  util.JmxRegister (JmxRegister.java:unregister(73)) - Successfully un-registered JMX Bean with object name Ratis:service=RaftServer,group=group-0D0617E48045,id=36be1d2c-b8e7-4a5e-9c9f-c881d55a8c5a
2019-09-11 07:40:54,387 [ForkJoinPool.commonPool-worker-1] INFO  impl.RoleInfo (RoleInfo.java:shutdownLeaderState(104)) - 36be1d2c-b8e7-4a5e-9c9f-c881d55a8c5a: shutdown LeaderState
2019-09-11 07:40:54,387 [java.util.concurrent.ThreadPoolExecutor$Worker@610f7baa[State = -1, empty queue]] WARN  server.GrpcLogAppender (GrpcLogAppender.java:timeoutAppendRequest(200)) - 36be1d2c-b8e7-4a5e-9c9f-c881d55a8c5a@group-0D0617E48045->7366865a-3ccb-4fea-a2e2-b7a0314f55f5-GrpcLogAppender: appendEntries Timeout, request=36be1d2c-b8e7-4a5e-9c9f-c881d55a8c5a->7366865a-3ccb-4fea-a2e2-b7a0314f55f5#168-t2, previous=(t:2, i:20), leaderCommit=16, initializing? false, entries: <empty>
2019-09-11 07:40:54,392 [org.apache.ratis.server.impl.LogAppender$AppenderDaemon$$Lambda$505/1350329696@cfd088] WARN  server.GrpcLogAppender (GrpcLogAppender.java:mayWait(143)) - 36be1d2c-b8e7-4a5e-9c9f-c881d55a8c5a@group-0D0617E48045->a1a3d5df-f415-4291-8622-8b18f7b50573-GrpcLogAppender: Wait interrupted by java.lang.InterruptedException
2019-09-11 07:40:54,392 [org.apache.ratis.server.impl.LogAppender$AppenderDaemon$$Lambda$505/1350329696@667519a1] WARN  server.GrpcLogAppender (GrpcLogAppender.java:mayWait(143)) - 36be1d2c-b8e7-4a5e-9c9f-c881d55a8c5a@group-0D0617E48045->7366865a-3ccb-4fea-a2e2-b7a0314f55f5-GrpcLogAppender: Wait interrupted by java.lang.InterruptedException
2019-09-11 07:40:54,394 [main] INFO  impl.StateMachineUpdater (StateMachineUpdater.java:stopAndJoin(125)) - 72bb666e-e114-4432-9598-bd6d136490e0@group-91E122509A7B-StateMachineUpdater: set stopIndex = 15
2019-09-11 07:40:54,391 [ForkJoinPool.commonPool-worker-1] INFO  impl.PendingRequests (PendingRequests.java:sendNotLeaderResponses(202)) - 36be1d2c-b8e7-4a5e-9c9f-c881d55a8c5a-PendingRequests: sendNotLeaderResponses
2019-09-11 07:40:54,395 [grpc-default-executor-4] INFO  server.GrpcServerProtocolService (GrpcServerProtocolService.java:onCompleted(113)) - 7366865a-3ccb-4fea-a2e2-b7a0314f55f5: Completed APPEND_ENTRIES, lastRequest: 36be1d2c-b8e7-4a5e-9c9f-c881d55a8c5a->7366865a-3ccb-4fea-a2e2-b7a0314f55f5#173-t2, previous=(t:2, i:20), leaderCommit=16, initializing? false, entries: <empty>
2019-09-11 07:40:54,394 [grpc-default-executor-0] INFO  server.GrpcServerProtocolService (GrpcServerProtocolService.java:onCompleted(113)) - 4bd38775-382d-4c4f-9f91-7366b5492a1e: Completed APPEND_ENTRIES, lastRequest: 72bb666e-e114-4432-9598-bd6d136490e0->4bd38775-382d-4c4f-9f91-7366b5492a1e#173-t2, previous=(t:2, i:19), leaderCommit=15, initializing? false, entries: <empty>
2019-09-11 07:40:54,394 [72bb666e-e114-4432-9598-bd6d136490e0@group-91E122509A7B-StateMachineUpdater] INFO  ratis.ContainerStateMachine (ContainerStateMachine.java:takeSnapshot(289)) - group-91E122509A7B: Taking a snapshot at:(t:2, i:14) file /workdir/hadoop-ozone/integration-test/target/test-dir/MiniOzoneClusterImpl-d0f0e288-b90a-4d92-9473-de78fda8b1d0/datanode-8/data/ratis/fadca5a5-408a-4f72-a4cf-91e122509a7b/sm/snapshot.2_14
2019-09-11 07:40:54,400 [ForkJoinPool.commonPool-worker-1] INFO  impl.StateMachineUpdater (StateMachineUpdater.java:stopAndJoin(125)) - 36be1d2c-b8e7-4a5e-9c9f-c881d55a8c5a@group-0D0617E48045-StateMachineUpdater: set stopIndex = 16
2019-09-11 07:40:54,400 [36be1d2c-b8e7-4a5e-9c9f-c881d55a8c5a@group-0D0617E48045-StateMachineUpdater] INFO  ratis.ContainerStateMachine (ContainerStateMachine.java:takeSnapshot(289)) - group-0D0617E48045: Taking a snapshot at:(t:2, i:12) file /workdir/hadoop-ozone/integration-test/target/test-dir/MiniOzoneClusterImpl-d0f0e288-b90a-4d92-9473-de78fda8b1d0/datanode-0/data/ratis/e3102112-5d56-4448-b7ef-0d0617e48045/sm/snapshot.2_12
2019-09-11 07:40:54,400 [grpc-default-executor-0] INFO  server.GrpcLogAppender (GrpcLogAppender.java:onCompleted(293)) - 36be1d2c-b8e7-4a5e-9c9f-c881d55a8c5a@group-0D0617E48045->7366865a-3ccb-4fea-a2e2-b7a0314f55f5-AppendLogResponseHandler: follower responses appendEntries COMPLETED
2019-09-11 07:40:54,400 [grpc-default-executor-5] INFO  server.GrpcLogAppender (GrpcLogAppender.java:onCompleted(293)) - 72bb666e-e114-4432-9598-bd6d136490e0@group-91E122509A7B->4bd38775-382d-4c4f-9f91-7366b5492a1e-AppendLogResponseHandler: follower responses appendEntries COMPLETED
2019-09-11 07:40:54,401 [grpc-default-executor-0] INFO  impl.FollowerInfo (FollowerInfo.java:lambda$new$0(51)) - 36be1d2c-b8e7-4a5e-9c9f-c881d55a8c5a@group-0D0617E48045->7366865a-3ccb-4fea-a2e2-b7a0314f55f5: nextIndex: updateUnconditionally 21 -> 17
2019-09-11 07:40:54,403 [grpc-default-executor-5] INFO  impl.FollowerInfo (FollowerInfo.java:lambda$new$0(51)) - 72bb666e-e114-4432-9598-bd6d136490e0@group-91E122509A7B->4bd38775-382d-4c4f-9f91-7366b5492a1e: nextIndex: updateUnconditionally 20 -> 16
2019-09-11 07:40:54,404 [grpc-default-executor-4] WARN  server.GrpcLogAppender (LogUtils.java:warn(134)) - 8929662e-8651-4c9f-b246-d3ed69c98010@group-402BD240969B->9196f2dc-d574-4585-b48c-56d55fbc13c2-AppendLogResponseHandler: Failed appendEntries: org.apache.ratis.thirdparty.io.grpc.StatusRuntimeException: UNAVAILABLE: io exception
2019-09-11 07:40:54,404 [grpc-default-executor-4] INFO  impl.FollowerInfo (FollowerInfo.java:lambda$new$0(51)) - 8929662e-8651-4c9f-b246-d3ed69c98010@group-402BD240969B->9196f2dc-d574-4585-b48c-56d55fbc13c2: nextIndex: updateUnconditionally 7 -> 6
2019-09-11 07:40:54,413 [36be1d2c-b8e7-4a5e-9c9f-c881d55a8c5a@group-0D0617E48045-StateMachineUpdater] INFO  ratis.ContainerStateMachine (ContainerStateMachine.java:takeSnapshot(300)) - group-0D0617E48045: Finished taking a snapshot at:(t:2, i:12) file:/workdir/hadoop-ozone/integration-test/target/test-dir/MiniOzoneClusterImpl-d0f0e288-b90a-4d92-9473-de78fda8b1d0/datanode-0/data/ratis/e3102112-5d56-4448-b7ef-0d0617e48045/sm/snapshot.2_12 time:13
2019-09-11 07:40:54,413 [72bb666e-e114-4432-9598-bd6d136490e0@group-91E122509A7B-StateMachineUpdater] INFO  ratis.ContainerStateMachine (ContainerStateMachine.java:takeSnapshot(300)) - group-91E122509A7B: Finished taking a snapshot at:(t:2, i:14) file:/workdir/hadoop-ozone/integration-test/target/test-dir/MiniOzoneClusterImpl-d0f0e288-b90a-4d92-9473-de78fda8b1d0/datanode-8/data/ratis/fadca5a5-408a-4f72-a4cf-91e122509a7b/sm/snapshot.2_14 time:18
2019-09-11 07:40:54,413 [36be1d2c-b8e7-4a5e-9c9f-c881d55a8c5a@group-0D0617E48045-StateMachineUpdater] INFO  impl.StateMachineUpdater (StateMachineUpdater.java:takeSnapshot(258)) - 36be1d2c-b8e7-4a5e-9c9f-c881d55a8c5a@group-0D0617E48045-StateMachineUpdater: Took a snapshot at index 12
2019-09-11 07:40:54,413 [72bb666e-e114-4432-9598-bd6d136490e0@group-91E122509A7B-StateMachineUpdater] INFO  impl.StateMachineUpdater (StateMachineUpdater.java:takeSnapshot(258)) - 72bb666e-e114-4432-9598-bd6d136490e0@group-91E122509A7B-StateMachineUpdater: Took a snapshot at index 14
2019-09-11 07:40:54,413 [36be1d2c-b8e7-4a5e-9c9f-c881d55a8c5a@group-0D0617E48045-StateMachineUpdater] INFO  impl.StateMachineUpdater (StateMachineUpdater.java:lambda$new$0(83)) - 36be1d2c-b8e7-4a5e-9c9f-c881d55a8c5a@group-0D0617E48045-StateMachineUpdater: snapshotIndex: updateIncreasingly -1 -> 12
2019-09-11 07:40:54,414 [72bb666e-e114-4432-9598-bd6d136490e0@group-91E122509A7B-StateMachineUpdater] INFO  impl.StateMachineUpdater (StateMachineUpdater.java:lambda$new$0(83)) - 72bb666e-e114-4432-9598-bd6d136490e0@group-91E122509A7B-StateMachineUpdater: snapshotIndex: updateIncreasingly -1 -> 14
2019-09-11 07:40:54,414 [36be1d2c-b8e7-4a5e-9c9f-c881d55a8c5a@group-0D0617E48045-StateMachineUpdater] INFO  ratis.ContainerStateMachine (ContainerStateMachine.java:takeSnapshot(289)) - group-0D0617E48045: Taking a snapshot at:(t:2, i:12) file /workdir/hadoop-ozone/integration-test/target/test-dir/MiniOzoneClusterImpl-d0f0e288-b90a-4d92-9473-de78fda8b1d0/datanode-0/data/ratis/e3102112-5d56-4448-b7ef-0d0617e48045/sm/snapshot.2_12
2019-09-11 07:40:54,414 [72bb666e-e114-4432-9598-bd6d136490e0@group-91E122509A7B-StateMachineUpdater] INFO  ratis.ContainerStateMachine (ContainerStateMachine.java:takeSnapshot(289)) - group-91E122509A7B: Taking a snapshot at:(t:2, i:14) file /workdir/hadoop-ozone/integration-test/target/test-dir/MiniOzoneClusterImpl-d0f0e288-b90a-4d92-9473-de78fda8b1d0/datanode-8/data/ratis/fadca5a5-408a-4f72-a4cf-91e122509a7b/sm/snapshot.2_14
2019-09-11 07:40:54,427 [72bb666e-e114-4432-9598-bd6d136490e0@group-91E122509A7B-StateMachineUpdater] INFO  ratis.ContainerStateMachine (ContainerStateMachine.java:takeSnapshot(300)) - group-91E122509A7B: Finished taking a snapshot at:(t:2, i:14) file:/workdir/hadoop-ozone/integration-test/target/test-dir/MiniOzoneClusterImpl-d0f0e288-b90a-4d92-9473-de78fda8b1d0/datanode-8/data/ratis/fadca5a5-408a-4f72-a4cf-91e122509a7b/sm/snapshot.2_14 time:13
2019-09-11 07:40:54,427 [36be1d2c-b8e7-4a5e-9c9f-c881d55a8c5a@group-0D0617E48045-StateMachineUpdater] INFO  ratis.ContainerStateMachine (ContainerStateMachine.java:takeSnapshot(300)) - group-0D0617E48045: Finished taking a snapshot at:(t:2, i:12) file:/workdir/hadoop-ozone/integration-test/target/test-dir/MiniOzoneClusterImpl-d0f0e288-b90a-4d92-9473-de78fda8b1d0/datanode-0/data/ratis/e3102112-5d56-4448-b7ef-0d0617e48045/sm/snapshot.2_12 time:13
2019-09-11 07:40:54,427 [72bb666e-e114-4432-9598-bd6d136490e0@group-91E122509A7B-StateMachineUpdater] INFO  impl.StateMachineUpdater (StateMachineUpdater.java:takeSnapshot(258)) - 72bb666e-e114-4432-9598-bd6d136490e0@group-91E122509A7B-StateMachineUpdater: Took a snapshot at index 14
2019-09-11 07:40:54,427 [36be1d2c-b8e7-4a5e-9c9f-c881d55a8c5a@group-0D0617E48045-StateMachineUpdater] INFO  impl.StateMachineUpdater (StateMachineUpdater.java:takeSnapshot(258)) - 36be1d2c-b8e7-4a5e-9c9f-c881d55a8c5a@group-0D0617E48045-StateMachineUpdater: Took a snapshot at index 12
2019-09-11 07:40:54,427 [72bb666e-e114-4432-9598-bd6d136490e0@group-91E122509A7B-StateMachineUpdater] INFO  impl.StateMachineUpdater (StateMachineUpdater.java:lambda$new$0(83)) - 72bb666e-e114-4432-9598-bd6d136490e0@group-91E122509A7B-StateMachineUpdater: snapshotIndex: updateIncreasingly 14 -> 14
2019-09-11 07:40:54,427 [36be1d2c-b8e7-4a5e-9c9f-c881d55a8c5a@group-0D0617E48045-StateMachineUpdater] INFO  impl.StateMachineUpdater (StateMachineUpdater.java:lambda$new$0(83)) - 36be1d2c-b8e7-4a5e-9c9f-c881d55a8c5a@group-0D0617E48045-StateMachineUpdater: snapshotIndex: updateIncreasingly 12 -> 12
2019-09-11 07:40:54,427 [main] INFO  impl.RaftServerImpl (ServerState.java:close(385)) - 72bb666e-e114-4432-9598-bd6d136490e0@group-91E122509A7B: closes. applyIndex: 15
2019-09-11 07:40:54,427 [ForkJoinPool.commonPool-worker-1] INFO  impl.RaftServerImpl (ServerState.java:close(385)) - 36be1d2c-b8e7-4a5e-9c9f-c881d55a8c5a@group-0D0617E48045: closes. applyIndex: 16
2019-09-11 07:40:54,430 [36be1d2c-b8e7-4a5e-9c9f-c881d55a8c5a@group-0D0617E48045-SegmentedRaftLogWorker] ERROR ratis.XceiverServerRatis (XceiverServerRatis.java:triggerPipelineClose(568)) - pipeline Action CLOSE  on pipeline PipelineID=e3102112-5d56-4448-b7ef-0d0617e48045.Reason : WriteLog:17: (t:2, i:17), STATEMACHINELOGENTRY, client-1FF863BCA865, cid=57-writeStateMachineData interrupted.
2019-09-11 07:40:54,430 [72bb666e-e114-4432-9598-bd6d136490e0@group-91E122509A7B-SegmentedRaftLogWorker] ERROR ratis.XceiverServerRatis (XceiverServerRatis.java:triggerPipelineClose(568)) - pipeline Action CLOSE  on pipeline PipelineID=fadca5a5-408a-4f72-a4cf-91e122509a7b.Reason : WriteLog:18: (t:2, i:18), STATEMACHINELOGENTRY, client-15EBA3052754, cid=45-writeStateMachineData interrupted.
2019-09-11 07:40:54,430 [ForkJoinPool.commonPool-worker-1] INFO  segmented.SegmentedRaftLogWorker (SegmentedRaftLogWorker.java:close(228)) - 36be1d2c-b8e7-4a5e-9c9f-c881d55a8c5a@group-0D0617E48045-SegmentedRaftLogWorker close()
2019-09-11 07:40:54,432 [ForkJoinPool.commonPool-worker-1] INFO  impl.RaftServerImpl (RaftServerImpl.java:lambda$shutdown$3(251)) - 36be1d2c-b8e7-4a5e-9c9f-c881d55a8c5a@group-90472DB2A145: shutdown
2019-09-11 07:40:54,432 [ForkJoinPool.commonPool-worker-1] INFO  util.JmxRegister (JmxRegister.java:unregister(73)) - Successfully un-registered JMX Bean with object name Ratis:service=RaftServer,group=group-90472DB2A145,id=36be1d2c-b8e7-4a5e-9c9f-c881d55a8c5a
2019-09-11 07:40:54,432 [ForkJoinPool.commonPool-worker-1] INFO  impl.RoleInfo (RoleInfo.java:shutdownLeaderState(104)) - 36be1d2c-b8e7-4a5e-9c9f-c881d55a8c5a: shutdown LeaderState
2019-09-11 07:40:54,432 [main] INFO  segmented.SegmentedRaftLogWorker (SegmentedRaftLogWorker.java:close(228)) - 72bb666e-e114-4432-9598-bd6d136490e0@group-91E122509A7B-SegmentedRaftLogWorker close()
2019-09-11 07:40:54,433 [ForkJoinPool.commonPool-worker-1] INFO  impl.PendingRequests (PendingRequests.java:sendNotLeaderResponses(202)) - 36be1d2c-b8e7-4a5e-9c9f-c881d55a8c5a-PendingRequests: sendNotLeaderResponses
2019-09-11 07:40:54,435 [ForkJoinPool.commonPool-worker-1] INFO  impl.StateMachineUpdater (StateMachineUpdater.java:stopAndJoin(125)) - 36be1d2c-b8e7-4a5e-9c9f-c881d55a8c5a@group-90472DB2A145-StateMachineUpdater: set stopIndex = 0
2019-09-11 07:40:54,435 [main] INFO  server.GrpcService (GrpcService.java:closeImpl(164)) - 72bb666e-e114-4432-9598-bd6d136490e0: shutdown server with port 43357 now
2019-09-11 07:40:54,435 [ForkJoinPool.commonPool-worker-1] INFO  impl.RaftServerImpl (ServerState.java:close(385)) - 36be1d2c-b8e7-4a5e-9c9f-c881d55a8c5a@group-90472DB2A145: closes. applyIndex: 0
2019-09-11 07:40:54,436 [36be1d2c-b8e7-4a5e-9c9f-c881d55a8c5a@group-90472DB2A145-SegmentedRaftLogWorker] INFO  segmented.SegmentedRaftLogWorker (SegmentedRaftLogWorker.java:run(313)) - 36be1d2c-b8e7-4a5e-9c9f-c881d55a8c5a@group-90472DB2A145-SegmentedRaftLogWorker was interrupted, exiting. There are 0 tasks remaining in the queue.
2019-09-11 07:40:54,436 [ForkJoinPool.commonPool-worker-1] INFO  segmented.SegmentedRaftLogWorker (SegmentedRaftLogWorker.java:close(228)) - 36be1d2c-b8e7-4a5e-9c9f-c881d55a8c5a@group-90472DB2A145-SegmentedRaftLogWorker close()
2019-09-11 07:40:54,436 [main] INFO  server.GrpcService (GrpcService.java:closeImpl(172)) - 72bb666e-e114-4432-9598-bd6d136490e0: shutdown server with port 43357 successfully
2019-09-11 07:40:54,438 [ForkJoinPool.commonPool-worker-1] INFO  server.GrpcService (GrpcService.java:closeImpl(164)) - 36be1d2c-b8e7-4a5e-9c9f-c881d55a8c5a: shutdown server with port 36299 now
2019-09-11 07:40:54,439 [ForkJoinPool.commonPool-worker-1] INFO  server.GrpcService (GrpcService.java:closeImpl(172)) - 36be1d2c-b8e7-4a5e-9c9f-c881d55a8c5a: shutdown server with port 36299 successfully
2019-09-11 07:40:54,443 [grpc-default-executor-0] WARN  server.GrpcLogAppender (LogUtils.java:warn(134)) - 8929662e-8651-4c9f-b246-d3ed69c98010@group-402BD240969B->5b8ad787-4bf9-4bb4-bfeb-9c85cd30cda7-AppendLogResponseHandler: Failed appendEntries: org.apache.ratis.thirdparty.io.grpc.StatusRuntimeException: UNAVAILABLE: io exception
2019-09-11 07:40:54,444 [grpc-default-executor-0] INFO  impl.FollowerInfo (FollowerInfo.java:lambda$new$0(51)) - 8929662e-8651-4c9f-b246-d3ed69c98010@group-402BD240969B->5b8ad787-4bf9-4bb4-bfeb-9c85cd30cda7: nextIndex: updateUnconditionally 0 -> 0
2019-09-11 07:40:54,448 [refreshUsed-/workdir/hadoop-ozone/integration-test/target/test-dir/MiniOzoneClusterImpl-d0f0e288-b90a-4d92-9473-de78fda8b1d0/datanode-8/data/containers] WARN  fs.CachingGetSpaceUsed (CachingGetSpaceUsed.java:run(183)) - Thread Interrupted waiting to refresh disk information: sleep interrupted
2019-09-11 07:40:54,453 [refreshUsed-/workdir/hadoop-ozone/integration-test/target/test-dir/MiniOzoneClusterImpl-d0f0e288-b90a-4d92-9473-de78fda8b1d0/datanode-0/data/containers] WARN  fs.CachingGetSpaceUsed (CachingGetSpaceUsed.java:run(183)) - Thread Interrupted waiting to refresh disk information: sleep interrupted
2019-09-11 07:40:54,477 [main] INFO  utils.BackgroundService (BackgroundService.java:shutdown(148)) - Shutting down service BlockDeletingService
2019-09-11 07:40:54,477 [ForkJoinPool.commonPool-worker-1] INFO  utils.BackgroundService (BackgroundService.java:shutdown(148)) - Shutting down service BlockDeletingService
2019-09-11 07:40:54,483 [ForkJoinPool.commonPool-worker-1] INFO  statemachine.DatanodeStateMachine (DatanodeStateMachine.java:stopDaemon(395)) - Ozone container server stopped.
2019-09-11 07:40:54,485 [main] INFO  statemachine.DatanodeStateMachine (DatanodeStateMachine.java:stopDaemon(395)) - Ozone container server stopped.
2019-09-11 07:40:54,490 [ForkJoinPool.commonPool-worker-1] INFO  handler.ContextHandler (ContextHandler.java:doStop(910)) - Stopped o.e.j.w.WebAppContext@476fe690{/,null,UNAVAILABLE}{/hddsDatanode}
2019-09-11 07:40:54,490 [main] INFO  handler.ContextHandler (ContextHandler.java:doStop(910)) - Stopped o.e.j.w.WebAppContext@33063f5b{/,null,UNAVAILABLE}{/hddsDatanode}
2019-09-11 07:40:54,491 [ForkJoinPool.commonPool-worker-1] INFO  server.AbstractConnector (AbstractConnector.java:doStop(318)) - Stopped ServerConnector@7a0e7ecd{HTTP/1.1,[http/1.1]}{0.0.0.0:0}
2019-09-11 07:40:54,491 [main] INFO  server.AbstractConnector (AbstractConnector.java:doStop(318)) - Stopped ServerConnector@15405bd6{HTTP/1.1,[http/1.1]}{0.0.0.0:0}
2019-09-11 07:40:54,493 [ForkJoinPool.commonPool-worker-1] INFO  handler.ContextHandler (ContextHandler.java:doStop(910)) - Stopped o.e.j.s.ServletContextHandler@6920614{/static,jar:file:/home/user/.m2/repository/org/apache/hadoop/hadoop-hdds-container-service/0.5.0-SNAPSHOT/hadoop-hdds-container-service-0.5.0-SNAPSHOT.jar!/webapps/static,UNAVAILABLE}
2019-09-11 07:40:54,493 [main] INFO  handler.ContextHandler (ContextHandler.java:doStop(910)) - Stopped o.e.j.s.ServletContextHandler@47be0f9b{/static,jar:file:/home/user/.m2/repository/org/apache/hadoop/hadoop-hdds-container-service/0.5.0-SNAPSHOT/hadoop-hdds-container-service-0.5.0-SNAPSHOT.jar!/webapps/static,UNAVAILABLE}
2019-09-11 07:40:54,494 [ForkJoinPool.commonPool-worker-1] INFO  handler.ContextHandler (ContextHandler.java:doStop(910)) - Stopped o.e.j.s.ServletContextHandler@1effd53c{/logs,file:///workdir/hadoop-ozone/integration-test/target/log,UNAVAILABLE}
2019-09-11 07:40:54,495 [main] INFO  handler.ContextHandler (ContextHandler.java:doStop(910)) - Stopped o.e.j.s.ServletContextHandler@30ca0779{/logs,file:///workdir/hadoop-ozone/integration-test/target/log,UNAVAILABLE}
2019-09-11 07:40:54,903 [grpc-default-executor-5] WARN  server.GrpcLogAppender (LogUtils.java:warn(134)) - 8929662e-8651-4c9f-b246-d3ed69c98010@group-402BD240969B->9196f2dc-d574-4585-b48c-56d55fbc13c2-AppendLogResponseHandler: Failed appendEntries: org.apache.ratis.thirdparty.io.grpc.StatusRuntimeException: UNAVAILABLE: io exception
2019-09-11 07:40:54,903 [grpc-default-executor-5] INFO  impl.FollowerInfo (FollowerInfo.java:lambda$new$0(51)) - 8929662e-8651-4c9f-b246-d3ed69c98010@group-402BD240969B->9196f2dc-d574-4585-b48c-56d55fbc13c2: nextIndex: updateUnconditionally 6 -> 5
2019-09-11 07:40:54,914 [Datanode State Machine Thread - 0] INFO  statemachine.DatanodeStateMachine (DatanodeStateMachine.java:lambda$startDaemon$0(350)) - Ozone container server started.
2019-09-11 07:40:54,943 [grpc-default-executor-4] WARN  server.GrpcLogAppender (LogUtils.java:warn(134)) - 8929662e-8651-4c9f-b246-d3ed69c98010@group-402BD240969B->5b8ad787-4bf9-4bb4-bfeb-9c85cd30cda7-AppendLogResponseHandler: Failed appendEntries: org.apache.ratis.thirdparty.io.grpc.StatusRuntimeException: UNAVAILABLE: io exception
2019-09-11 07:40:54,944 [grpc-default-executor-4] INFO  impl.FollowerInfo (FollowerInfo.java:lambda$new$0(51)) - 8929662e-8651-4c9f-b246-d3ed69c98010@group-402BD240969B->5b8ad787-4bf9-4bb4-bfeb-9c85cd30cda7: nextIndex: updateUnconditionally 0 -> 0
2019-09-11 07:40:55,236 [Datanode State Machine Thread - 0] INFO  statemachine.DatanodeStateMachine (DatanodeStateMachine.java:lambda$startDaemon$0(350)) - Ozone container server started.
2019-09-11 07:40:55,404 [grpc-default-executor-0] WARN  server.GrpcLogAppender (LogUtils.java:warn(134)) - 8929662e-8651-4c9f-b246-d3ed69c98010@group-402BD240969B->9196f2dc-d574-4585-b48c-56d55fbc13c2-AppendLogResponseHandler: Failed appendEntries: org.apache.ratis.thirdparty.io.grpc.StatusRuntimeException: UNAVAILABLE: io exception
2019-09-11 07:40:55,405 [grpc-default-executor-0] INFO  impl.FollowerInfo (FollowerInfo.java:lambda$new$0(51)) - 8929662e-8651-4c9f-b246-d3ed69c98010@group-402BD240969B->9196f2dc-d574-4585-b48c-56d55fbc13c2: nextIndex: updateUnconditionally 5 -> 4
2019-09-11 07:40:55,444 [grpc-default-executor-5] WARN  server.GrpcLogAppender (LogUtils.java:warn(134)) - 8929662e-8651-4c9f-b246-d3ed69c98010@group-402BD240969B->5b8ad787-4bf9-4bb4-bfeb-9c85cd30cda7-AppendLogResponseHandler: Failed appendEntries: org.apache.ratis.thirdparty.io.grpc.StatusRuntimeException: UNAVAILABLE: io exception
2019-09-11 07:40:55,445 [grpc-default-executor-5] INFO  impl.FollowerInfo (FollowerInfo.java:lambda$new$0(51)) - 8929662e-8651-4c9f-b246-d3ed69c98010@group-402BD240969B->5b8ad787-4bf9-4bb4-bfeb-9c85cd30cda7: nextIndex: updateUnconditionally 0 -> 0
2019-09-11 07:40:55,905 [grpc-default-executor-4] WARN  server.GrpcLogAppender (LogUtils.java:warn(134)) - 8929662e-8651-4c9f-b246-d3ed69c98010@group-402BD240969B->9196f2dc-d574-4585-b48c-56d55fbc13c2-AppendLogResponseHandler: Failed appendEntries: org.apache.ratis.thirdparty.io.grpc.StatusRuntimeException: UNAVAILABLE: io exception
2019-09-11 07:40:55,905 [grpc-default-executor-4] INFO  impl.FollowerInfo (FollowerInfo.java:lambda$new$0(51)) - 8929662e-8651-4c9f-b246-d3ed69c98010@group-402BD240969B->9196f2dc-d574-4585-b48c-56d55fbc13c2: nextIndex: updateUnconditionally 4 -> 3
2019-09-11 07:40:55,945 [grpc-default-executor-0] WARN  server.GrpcLogAppender (LogUtils.java:warn(134)) - 8929662e-8651-4c9f-b246-d3ed69c98010@group-402BD240969B->5b8ad787-4bf9-4bb4-bfeb-9c85cd30cda7-AppendLogResponseHandler: Failed appendEntries: org.apache.ratis.thirdparty.io.grpc.StatusRuntimeException: UNAVAILABLE: io exception
2019-09-11 07:40:55,946 [grpc-default-executor-0] INFO  impl.FollowerInfo (FollowerInfo.java:lambda$new$0(51)) - 8929662e-8651-4c9f-b246-d3ed69c98010@group-402BD240969B->5b8ad787-4bf9-4bb4-bfeb-9c85cd30cda7: nextIndex: updateUnconditionally 0 -> 0
2019-09-11 07:40:56,406 [grpc-default-executor-5] WARN  server.GrpcLogAppender (LogUtils.java:warn(134)) - 8929662e-8651-4c9f-b246-d3ed69c98010@group-402BD240969B->9196f2dc-d574-4585-b48c-56d55fbc13c2-AppendLogResponseHandler: Failed appendEntries: org.apache.ratis.thirdparty.io.grpc.StatusRuntimeException: UNAVAILABLE: io exception
2019-09-11 07:40:56,406 [grpc-default-executor-5] INFO  impl.FollowerInfo (FollowerInfo.java:lambda$new$0(51)) - 8929662e-8651-4c9f-b246-d3ed69c98010@group-402BD240969B->9196f2dc-d574-4585-b48c-56d55fbc13c2: nextIndex: updateUnconditionally 3 -> 2
2019-09-11 07:40:56,446 [grpc-default-executor-4] WARN  server.GrpcLogAppender (LogUtils.java:warn(134)) - 8929662e-8651-4c9f-b246-d3ed69c98010@group-402BD240969B->5b8ad787-4bf9-4bb4-bfeb-9c85cd30cda7-AppendLogResponseHandler: Failed appendEntries: org.apache.ratis.thirdparty.io.grpc.StatusRuntimeException: UNAVAILABLE: io exception
2019-09-11 07:40:56,446 [grpc-default-executor-4] INFO  impl.FollowerInfo (FollowerInfo.java:lambda$new$0(51)) - 8929662e-8651-4c9f-b246-d3ed69c98010@group-402BD240969B->5b8ad787-4bf9-4bb4-bfeb-9c85cd30cda7: nextIndex: updateUnconditionally 0 -> 0
2019-09-11 07:40:56,906 [grpc-default-executor-0] WARN  server.GrpcLogAppender (LogUtils.java:warn(134)) - 8929662e-8651-4c9f-b246-d3ed69c98010@group-402BD240969B->9196f2dc-d574-4585-b48c-56d55fbc13c2-AppendLogResponseHandler: Failed appendEntries: org.apache.ratis.thirdparty.io.grpc.StatusRuntimeException: UNAVAILABLE: io exception
2019-09-11 07:40:56,907 [grpc-default-executor-0] INFO  impl.FollowerInfo (FollowerInfo.java:lambda$new$0(51)) - 8929662e-8651-4c9f-b246-d3ed69c98010@group-402BD240969B->9196f2dc-d574-4585-b48c-56d55fbc13c2: nextIndex: updateUnconditionally 2 -> 1
2019-09-11 07:40:56,947 [grpc-default-executor-5] WARN  server.GrpcLogAppender (LogUtils.java:warn(134)) - 8929662e-8651-4c9f-b246-d3ed69c98010@group-402BD240969B->5b8ad787-4bf9-4bb4-bfeb-9c85cd30cda7-AppendLogResponseHandler: Failed appendEntries: org.apache.ratis.thirdparty.io.grpc.StatusRuntimeException: UNAVAILABLE: io exception
2019-09-11 07:40:56,947 [grpc-default-executor-5] INFO  impl.FollowerInfo (FollowerInfo.java:lambda$new$0(51)) - 8929662e-8651-4c9f-b246-d3ed69c98010@group-402BD240969B->5b8ad787-4bf9-4bb4-bfeb-9c85cd30cda7: nextIndex: updateUnconditionally 0 -> 0
2019-09-11 07:40:57,128 [4bd38775-382d-4c4f-9f91-7366b5492a1e@group-91E122509A7B-SegmentedRaftLogWorker] WARN  segmented.SegmentedRaftLogWorker (SegmentedRaftLogWorker.java:getFromFuture(90)) - Timeout 5/~
org.apache.ratis.protocol.TimeoutIOException: Timeout 10s: WriteLog:16: (t:2, i:16), STATEMACHINELOGENTRY, client-15EBA3052754, cid=43-writeStateMachineData
	at org.apache.ratis.util.IOUtils.getFromFuture(IOUtils.java:87)
	at org.apache.ratis.server.raftlog.segmented.SegmentedRaftLogWorker$StateMachineDataPolicy.getFromFuture(SegmentedRaftLogWorker.java:87)
	at org.apache.ratis.server.raftlog.segmented.SegmentedRaftLogWorker$WriteLog.execute(SegmentedRaftLogWorker.java:477)
	at org.apache.ratis.server.raftlog.segmented.SegmentedRaftLogWorker.run(SegmentedRaftLogWorker.java:289)
	at java.lang.Thread.run(Thread.java:748)
Caused by: java.util.concurrent.TimeoutException
	at java.util.concurrent.CompletableFuture.timedGet(CompletableFuture.java:1771)
	at java.util.concurrent.CompletableFuture.get(CompletableFuture.java:1915)
	at org.apache.ratis.util.IOUtils.getFromFuture(IOUtils.java:79)
	... 4 more
2019-09-11 07:40:57,407 [grpc-default-executor-0] WARN  server.GrpcLogAppender (LogUtils.java:warn(134)) - 8929662e-8651-4c9f-b246-d3ed69c98010@group-402BD240969B->9196f2dc-d574-4585-b48c-56d55fbc13c2-AppendLogResponseHandler: Failed appendEntries: org.apache.ratis.thirdparty.io.grpc.StatusRuntimeException: UNAVAILABLE: io exception
2019-09-11 07:40:57,408 [grpc-default-executor-0] INFO  impl.FollowerInfo (FollowerInfo.java:lambda$new$0(51)) - 8929662e-8651-4c9f-b246-d3ed69c98010@group-402BD240969B->9196f2dc-d574-4585-b48c-56d55fbc13c2: nextIndex: updateUnconditionally 1 -> 0
2019-09-11 07:40:57,447 [grpc-default-executor-4] WARN  server.GrpcLogAppender (LogUtils.java:warn(134)) - 8929662e-8651-4c9f-b246-d3ed69c98010@group-402BD240969B->5b8ad787-4bf9-4bb4-bfeb-9c85cd30cda7-AppendLogResponseHandler: Failed appendEntries: org.apache.ratis.thirdparty.io.grpc.StatusRuntimeException: UNAVAILABLE: io exception
2019-09-11 07:40:57,447 [grpc-default-executor-4] INFO  impl.FollowerInfo (FollowerInfo.java:lambda$new$0(51)) - 8929662e-8651-4c9f-b246-d3ed69c98010@group-402BD240969B->5b8ad787-4bf9-4bb4-bfeb-9c85cd30cda7: nextIndex: updateUnconditionally 0 -> 0
2019-09-11 07:40:57,893 [8929662e-8651-4c9f-b246-d3ed69c98010@group-402BD240969B-SegmentedRaftLogWorker] WARN  segmented.SegmentedRaftLogWorker (SegmentedRaftLogWorker.java:getFromFuture(90)) - Timeout 7/~
org.apache.ratis.protocol.TimeoutIOException: Timeout 10s: WriteLog:19: (t:2, i:19), STATEMACHINELOGENTRY, client-CA35EAD14A50, cid=31-writeStateMachineData
	at org.apache.ratis.util.IOUtils.getFromFuture(IOUtils.java:87)
	at org.apache.ratis.server.raftlog.segmented.SegmentedRaftLogWorker$StateMachineDataPolicy.getFromFuture(SegmentedRaftLogWorker.java:87)
	at org.apache.ratis.server.raftlog.segmented.SegmentedRaftLogWorker$WriteLog.execute(SegmentedRaftLogWorker.java:477)
	at org.apache.ratis.server.raftlog.segmented.SegmentedRaftLogWorker.run(SegmentedRaftLogWorker.java:289)
	at java.lang.Thread.run(Thread.java:748)
Caused by: java.util.concurrent.TimeoutException
	at java.util.concurrent.CompletableFuture.timedGet(CompletableFuture.java:1771)
	at java.util.concurrent.CompletableFuture.get(CompletableFuture.java:1915)
	at org.apache.ratis.util.IOUtils.getFromFuture(IOUtils.java:79)
	... 4 more
2019-09-11 07:40:57,908 [grpc-default-executor-5] WARN  server.GrpcLogAppender (LogUtils.java:warn(134)) - 8929662e-8651-4c9f-b246-d3ed69c98010@group-402BD240969B->9196f2dc-d574-4585-b48c-56d55fbc13c2-AppendLogResponseHandler: Failed appendEntries: org.apache.ratis.thirdparty.io.grpc.StatusRuntimeException: UNAVAILABLE: io exception
2019-09-11 07:40:57,909 [grpc-default-executor-5] INFO  impl.FollowerInfo (FollowerInfo.java:lambda$new$0(51)) - 8929662e-8651-4c9f-b246-d3ed69c98010@group-402BD240969B->9196f2dc-d574-4585-b48c-56d55fbc13c2: nextIndex: updateUnconditionally 0 -> 0
2019-09-11 07:40:57,948 [grpc-default-executor-0] WARN  server.GrpcLogAppender (LogUtils.java:warn(134)) - 8929662e-8651-4c9f-b246-d3ed69c98010@group-402BD240969B->5b8ad787-4bf9-4bb4-bfeb-9c85cd30cda7-AppendLogResponseHandler: Failed appendEntries: org.apache.ratis.thirdparty.io.grpc.StatusRuntimeException: UNAVAILABLE: io exception
2019-09-11 07:40:57,948 [grpc-default-executor-0] INFO  impl.FollowerInfo (FollowerInfo.java:lambda$new$0(51)) - 8929662e-8651-4c9f-b246-d3ed69c98010@group-402BD240969B->5b8ad787-4bf9-4bb4-bfeb-9c85cd30cda7: nextIndex: updateUnconditionally 0 -> 0
2019-09-11 07:40:58,409 [grpc-default-executor-4] WARN  server.GrpcLogAppender (LogUtils.java:warn(134)) - 8929662e-8651-4c9f-b246-d3ed69c98010@group-402BD240969B->9196f2dc-d574-4585-b48c-56d55fbc13c2-AppendLogResponseHandler: Failed appendEntries: org.apache.ratis.thirdparty.io.grpc.StatusRuntimeException: UNAVAILABLE: io exception
2019-09-11 07:40:58,410 [grpc-default-executor-4] INFO  impl.FollowerInfo (FollowerInfo.java:lambda$new$0(51)) - 8929662e-8651-4c9f-b246-d3ed69c98010@group-402BD240969B->9196f2dc-d574-4585-b48c-56d55fbc13c2: nextIndex: updateUnconditionally 0 -> 0
2019-09-11 07:40:58,448 [grpc-default-executor-4] WARN  server.GrpcLogAppender (LogUtils.java:warn(134)) - 8929662e-8651-4c9f-b246-d3ed69c98010@group-402BD240969B->5b8ad787-4bf9-4bb4-bfeb-9c85cd30cda7-AppendLogResponseHandler: Failed appendEntries: org.apache.ratis.thirdparty.io.grpc.StatusRuntimeException: UNAVAILABLE: io exception
2019-09-11 07:40:58,448 [grpc-default-executor-4] INFO  impl.FollowerInfo (FollowerInfo.java:lambda$new$0(51)) - 8929662e-8651-4c9f-b246-d3ed69c98010@group-402BD240969B->5b8ad787-4bf9-4bb4-bfeb-9c85cd30cda7: nextIndex: updateUnconditionally 0 -> 0
2019-09-11 07:40:58,913 [grpc-default-executor-4] WARN  server.GrpcLogAppender (LogUtils.java:warn(134)) - 8929662e-8651-4c9f-b246-d3ed69c98010@group-402BD240969B->9196f2dc-d574-4585-b48c-56d55fbc13c2-AppendLogResponseHandler: Failed appendEntries: org.apache.ratis.thirdparty.io.grpc.StatusRuntimeException: UNAVAILABLE: io exception
2019-09-11 07:40:58,914 [grpc-default-executor-4] INFO  impl.FollowerInfo (FollowerInfo.java:lambda$new$0(51)) - 8929662e-8651-4c9f-b246-d3ed69c98010@group-402BD240969B->9196f2dc-d574-4585-b48c-56d55fbc13c2: nextIndex: updateUnconditionally 0 -> 0
2019-09-11 07:40:58,949 [grpc-default-executor-4] WARN  server.GrpcLogAppender (LogUtils.java:warn(134)) - 8929662e-8651-4c9f-b246-d3ed69c98010@group-402BD240969B->5b8ad787-4bf9-4bb4-bfeb-9c85cd30cda7-AppendLogResponseHandler: Failed appendEntries: org.apache.ratis.thirdparty.io.grpc.StatusRuntimeException: UNAVAILABLE: io exception
2019-09-11 07:40:58,949 [grpc-default-executor-4] INFO  impl.FollowerInfo (FollowerInfo.java:lambda$new$0(51)) - 8929662e-8651-4c9f-b246-d3ed69c98010@group-402BD240969B->5b8ad787-4bf9-4bb4-bfeb-9c85cd30cda7: nextIndex: updateUnconditionally 0 -> 0
2019-09-11 07:40:59,414 [grpc-default-executor-5] WARN  server.GrpcLogAppender (LogUtils.java:warn(134)) - 8929662e-8651-4c9f-b246-d3ed69c98010@group-402BD240969B->9196f2dc-d574-4585-b48c-56d55fbc13c2-AppendLogResponseHandler: Failed appendEntries: org.apache.ratis.thirdparty.io.grpc.StatusRuntimeException: UNAVAILABLE: io exception
2019-09-11 07:40:59,414 [grpc-default-executor-5] INFO  impl.FollowerInfo (FollowerInfo.java:lambda$new$0(51)) - 8929662e-8651-4c9f-b246-d3ed69c98010@group-402BD240969B->9196f2dc-d574-4585-b48c-56d55fbc13c2: nextIndex: updateUnconditionally 0 -> 0
2019-09-11 07:40:59,450 [grpc-default-executor-0] WARN  server.GrpcLogAppender (LogUtils.java:warn(134)) - 8929662e-8651-4c9f-b246-d3ed69c98010@group-402BD240969B->5b8ad787-4bf9-4bb4-bfeb-9c85cd30cda7-AppendLogResponseHandler: Failed appendEntries: org.apache.ratis.thirdparty.io.grpc.StatusRuntimeException: UNAVAILABLE: io exception
2019-09-11 07:40:59,450 [grpc-default-executor-0] INFO  impl.FollowerInfo (FollowerInfo.java:lambda$new$0(51)) - 8929662e-8651-4c9f-b246-d3ed69c98010@group-402BD240969B->5b8ad787-4bf9-4bb4-bfeb-9c85cd30cda7: nextIndex: updateUnconditionally 0 -> 0
2019-09-11 07:40:59,498 [ForkJoinPool.commonPool-worker-1] INFO  ozoneimpl.OzoneContainer (OzoneContainer.java:stop(231)) - Attempting to stop container services.
2019-09-11 07:40:59,498 [main] INFO  ozoneimpl.OzoneContainer (OzoneContainer.java:stop(231)) - Attempting to stop container services.
2019-09-11 07:40:59,498 [ForkJoinPool.commonPool-worker-1] INFO  impl.RaftServerProxy (RaftServerProxy.java:lambda$close$4(314)) - 4bd38775-382d-4c4f-9f91-7366b5492a1e: close
2019-09-11 07:40:59,499 [ForkJoinPool.commonPool-worker-1] INFO  impl.RaftServerImpl (RaftServerImpl.java:lambda$shutdown$3(251)) - 4bd38775-382d-4c4f-9f91-7366b5492a1e@group-8994B2DE644A: shutdown
2019-09-11 07:40:59,499 [main] INFO  impl.RaftServerProxy (RaftServerProxy.java:lambda$close$4(314)) - 8929662e-8651-4c9f-b246-d3ed69c98010: close
2019-09-11 07:40:59,500 [ForkJoinPool.commonPool-worker-1] INFO  util.JmxRegister (JmxRegister.java:unregister(73)) - Successfully un-registered JMX Bean with object name Ratis:service=RaftServer,group=group-8994B2DE644A,id=4bd38775-382d-4c4f-9f91-7366b5492a1e
2019-09-11 07:40:59,500 [main] INFO  impl.RaftServerImpl (RaftServerImpl.java:lambda$shutdown$3(251)) - 8929662e-8651-4c9f-b246-d3ed69c98010@group-402BD240969B: shutdown
2019-09-11 07:40:59,500 [ForkJoinPool.commonPool-worker-1] INFO  impl.RoleInfo (RoleInfo.java:shutdownLeaderState(104)) - 4bd38775-382d-4c4f-9f91-7366b5492a1e: shutdown LeaderState
2019-09-11 07:40:59,501 [main] INFO  util.JmxRegister (JmxRegister.java:unregister(73)) - Successfully un-registered JMX Bean with object name Ratis:service=RaftServer,group=group-402BD240969B,id=8929662e-8651-4c9f-b246-d3ed69c98010
2019-09-11 07:40:59,501 [ForkJoinPool.commonPool-worker-1] INFO  impl.PendingRequests (PendingRequests.java:sendNotLeaderResponses(202)) - 4bd38775-382d-4c4f-9f91-7366b5492a1e-PendingRequests: sendNotLeaderResponses
2019-09-11 07:40:59,501 [main] INFO  impl.RoleInfo (RoleInfo.java:shutdownLeaderState(104)) - 8929662e-8651-4c9f-b246-d3ed69c98010: shutdown LeaderState
2019-09-11 07:40:59,502 [ForkJoinPool.commonPool-worker-1] INFO  impl.StateMachineUpdater (StateMachineUpdater.java:stopAndJoin(125)) - 4bd38775-382d-4c4f-9f91-7366b5492a1e@group-8994B2DE644A-StateMachineUpdater: set stopIndex = 0
2019-09-11 07:40:59,507 [org.apache.ratis.server.impl.LogAppender$AppenderDaemon$$Lambda$505/1350329696@7b3221a6] WARN  server.GrpcLogAppender (GrpcLogAppender.java:mayWait(143)) - 8929662e-8651-4c9f-b246-d3ed69c98010@group-402BD240969B->9196f2dc-d574-4585-b48c-56d55fbc13c2-GrpcLogAppender: Wait interrupted by java.lang.InterruptedException
2019-09-11 07:40:59,507 [org.apache.ratis.server.impl.LogAppender$AppenderDaemon$$Lambda$505/1350329696@3d991471] WARN  server.GrpcLogAppender (GrpcLogAppender.java:mayWait(143)) - 8929662e-8651-4c9f-b246-d3ed69c98010@group-402BD240969B->5b8ad787-4bf9-4bb4-bfeb-9c85cd30cda7-GrpcLogAppender: Wait interrupted by java.lang.InterruptedException
2019-09-11 07:40:59,507 [main] INFO  impl.PendingRequests (PendingRequests.java:sendNotLeaderResponses(202)) - 8929662e-8651-4c9f-b246-d3ed69c98010-PendingRequests: sendNotLeaderResponses
2019-09-11 07:40:59,507 [ForkJoinPool.commonPool-worker-1] INFO  impl.RaftServerImpl (ServerState.java:close(385)) - 4bd38775-382d-4c4f-9f91-7366b5492a1e@group-8994B2DE644A: closes. applyIndex: 0
2019-09-11 07:40:59,509 [4bd38775-382d-4c4f-9f91-7366b5492a1e@group-8994B2DE644A-SegmentedRaftLogWorker] INFO  segmented.SegmentedRaftLogWorker (SegmentedRaftLogWorker.java:run(313)) - 4bd38775-382d-4c4f-9f91-7366b5492a1e@group-8994B2DE644A-SegmentedRaftLogWorker was interrupted, exiting. There are 0 tasks remaining in the queue.
2019-09-11 07:40:59,509 [ForkJoinPool.commonPool-worker-1] INFO  segmented.SegmentedRaftLogWorker (SegmentedRaftLogWorker.java:close(228)) - 4bd38775-382d-4c4f-9f91-7366b5492a1e@group-8994B2DE644A-SegmentedRaftLogWorker close()
2019-09-11 07:40:59,512 [main] INFO  impl.StateMachineUpdater (StateMachineUpdater.java:stopAndJoin(125)) - 8929662e-8651-4c9f-b246-d3ed69c98010@group-402BD240969B-StateMachineUpdater: set stopIndex = 16
2019-09-11 07:40:59,514 [ForkJoinPool.commonPool-worker-1] INFO  impl.RaftServerImpl (RaftServerImpl.java:lambda$shutdown$3(251)) - 4bd38775-382d-4c4f-9f91-7366b5492a1e@group-91E122509A7B: shutdown
2019-09-11 07:40:59,512 [8929662e-8651-4c9f-b246-d3ed69c98010@group-402BD240969B-StateMachineUpdater] INFO  ratis.ContainerStateMachine (ContainerStateMachine.java:takeSnapshot(289)) - group-402BD240969B: Taking a snapshot at:(t:2, i:14) file /workdir/hadoop-ozone/integration-test/target/test-dir/MiniOzoneClusterImpl-d0f0e288-b90a-4d92-9473-de78fda8b1d0/datanode-9/data/ratis/9f7a788d-0274-444c-82aa-402bd240969b/sm/snapshot.2_14
2019-09-11 07:40:59,515 [ForkJoinPool.commonPool-worker-1] INFO  util.JmxRegister (JmxRegister.java:unregister(73)) - Successfully un-registered JMX Bean with object name Ratis:service=RaftServer,group=group-91E122509A7B,id=4bd38775-382d-4c4f-9f91-7366b5492a1e
2019-09-11 07:40:59,515 [ForkJoinPool.commonPool-worker-1] INFO  impl.RoleInfo (RoleInfo.java:shutdownFollowerState(121)) - 4bd38775-382d-4c4f-9f91-7366b5492a1e: shutdown FollowerState
2019-09-11 07:40:59,515 [ForkJoinPool.commonPool-worker-1] INFO  impl.StateMachineUpdater (StateMachineUpdater.java:stopAndJoin(125)) - 4bd38775-382d-4c4f-9f91-7366b5492a1e@group-91E122509A7B-StateMachineUpdater: set stopIndex = 15
2019-09-11 07:40:59,515 [4bd38775-382d-4c4f-9f91-7366b5492a1e@group-91E122509A7B-StateMachineUpdater] INFO  ratis.ContainerStateMachine (ContainerStateMachine.java:takeSnapshot(289)) - group-91E122509A7B: Taking a snapshot at:(t:2, i:15) file /workdir/hadoop-ozone/integration-test/target/test-dir/MiniOzoneClusterImpl-d0f0e288-b90a-4d92-9473-de78fda8b1d0/datanode-1/data/ratis/fadca5a5-408a-4f72-a4cf-91e122509a7b/sm/snapshot.2_15
2019-09-11 07:40:59,515 [Thread-416] INFO  impl.FollowerState (FollowerState.java:run(115)) - 4bd38775-382d-4c4f-9f91-7366b5492a1e: FollowerState was interrupted: java.lang.InterruptedException: sleep interrupted
2019-09-11 07:40:59,528 [8929662e-8651-4c9f-b246-d3ed69c98010@group-402BD240969B-StateMachineUpdater] INFO  ratis.ContainerStateMachine (ContainerStateMachine.java:takeSnapshot(300)) - group-402BD240969B: Finished taking a snapshot at:(t:2, i:14) file:/workdir/hadoop-ozone/integration-test/target/test-dir/MiniOzoneClusterImpl-d0f0e288-b90a-4d92-9473-de78fda8b1d0/datanode-9/data/ratis/9f7a788d-0274-444c-82aa-402bd240969b/sm/snapshot.2_14 time:15
2019-09-11 07:40:59,528 [4bd38775-382d-4c4f-9f91-7366b5492a1e@group-91E122509A7B-StateMachineUpdater] INFO  ratis.ContainerStateMachine (ContainerStateMachine.java:takeSnapshot(300)) - group-91E122509A7B: Finished taking a snapshot at:(t:2, i:15) file:/workdir/hadoop-ozone/integration-test/target/test-dir/MiniOzoneClusterImpl-d0f0e288-b90a-4d92-9473-de78fda8b1d0/datanode-1/data/ratis/fadca5a5-408a-4f72-a4cf-91e122509a7b/sm/snapshot.2_15 time:12
2019-09-11 07:40:59,528 [8929662e-8651-4c9f-b246-d3ed69c98010@group-402BD240969B-StateMachineUpdater] INFO  impl.StateMachineUpdater (StateMachineUpdater.java:takeSnapshot(258)) - 8929662e-8651-4c9f-b246-d3ed69c98010@group-402BD240969B-StateMachineUpdater: Took a snapshot at index 14
2019-09-11 07:40:59,528 [4bd38775-382d-4c4f-9f91-7366b5492a1e@group-91E122509A7B-StateMachineUpdater] INFO  impl.StateMachineUpdater (StateMachineUpdater.java:takeSnapshot(258)) - 4bd38775-382d-4c4f-9f91-7366b5492a1e@group-91E122509A7B-StateMachineUpdater: Took a snapshot at index 15
2019-09-11 07:40:59,529 [8929662e-8651-4c9f-b246-d3ed69c98010@group-402BD240969B-StateMachineUpdater] INFO  impl.StateMachineUpdater (StateMachineUpdater.java:lambda$new$0(83)) - 8929662e-8651-4c9f-b246-d3ed69c98010@group-402BD240969B-StateMachineUpdater: snapshotIndex: updateIncreasingly -1 -> 14
2019-09-11 07:40:59,529 [4bd38775-382d-4c4f-9f91-7366b5492a1e@group-91E122509A7B-StateMachineUpdater] INFO  impl.StateMachineUpdater (StateMachineUpdater.java:lambda$new$0(83)) - 4bd38775-382d-4c4f-9f91-7366b5492a1e@group-91E122509A7B-StateMachineUpdater: snapshotIndex: updateIncreasingly -1 -> 15
2019-09-11 07:40:59,529 [8929662e-8651-4c9f-b246-d3ed69c98010@group-402BD240969B-StateMachineUpdater] INFO  ratis.ContainerStateMachine (ContainerStateMachine.java:takeSnapshot(289)) - group-402BD240969B: Taking a snapshot at:(t:2, i:14) file /workdir/hadoop-ozone/integration-test/target/test-dir/MiniOzoneClusterImpl-d0f0e288-b90a-4d92-9473-de78fda8b1d0/datanode-9/data/ratis/9f7a788d-0274-444c-82aa-402bd240969b/sm/snapshot.2_14
2019-09-11 07:40:59,529 [ForkJoinPool.commonPool-worker-1] INFO  impl.RaftServerImpl (ServerState.java:close(385)) - 4bd38775-382d-4c4f-9f91-7366b5492a1e@group-91E122509A7B: closes. applyIndex: 15
2019-09-11 07:40:59,532 [4bd38775-382d-4c4f-9f91-7366b5492a1e@group-91E122509A7B-SegmentedRaftLogWorker] ERROR ratis.XceiverServerRatis (XceiverServerRatis.java:triggerPipelineClose(568)) - pipeline Action CLOSE  on pipeline PipelineID=fadca5a5-408a-4f72-a4cf-91e122509a7b.Reason : WriteLog:16: (t:2, i:16), STATEMACHINELOGENTRY, client-15EBA3052754, cid=43-writeStateMachineData interrupted.
2019-09-11 07:40:59,532 [ForkJoinPool.commonPool-worker-1] INFO  segmented.SegmentedRaftLogWorker (SegmentedRaftLogWorker.java:close(228)) - 4bd38775-382d-4c4f-9f91-7366b5492a1e@group-91E122509A7B-SegmentedRaftLogWorker close()
2019-09-11 07:40:59,534 [ForkJoinPool.commonPool-worker-1] INFO  server.GrpcService (GrpcService.java:closeImpl(164)) - 4bd38775-382d-4c4f-9f91-7366b5492a1e: shutdown server with port 33350 now
2019-09-11 07:40:59,535 [ForkJoinPool.commonPool-worker-1] INFO  server.GrpcService (GrpcService.java:closeImpl(172)) - 4bd38775-382d-4c4f-9f91-7366b5492a1e: shutdown server with port 33350 successfully
2019-09-11 07:40:59,542 [8929662e-8651-4c9f-b246-d3ed69c98010@group-402BD240969B-StateMachineUpdater] INFO  ratis.ContainerStateMachine (ContainerStateMachine.java:takeSnapshot(300)) - group-402BD240969B: Finished taking a snapshot at:(t:2, i:14) file:/workdir/hadoop-ozone/integration-test/target/test-dir/MiniOzoneClusterImpl-d0f0e288-b90a-4d92-9473-de78fda8b1d0/datanode-9/data/ratis/9f7a788d-0274-444c-82aa-402bd240969b/sm/snapshot.2_14 time:13
2019-09-11 07:40:59,542 [8929662e-8651-4c9f-b246-d3ed69c98010@group-402BD240969B-StateMachineUpdater] INFO  impl.StateMachineUpdater (StateMachineUpdater.java:takeSnapshot(258)) - 8929662e-8651-4c9f-b246-d3ed69c98010@group-402BD240969B-StateMachineUpdater: Took a snapshot at index 14
2019-09-11 07:40:59,542 [8929662e-8651-4c9f-b246-d3ed69c98010@group-402BD240969B-StateMachineUpdater] INFO  impl.StateMachineUpdater (StateMachineUpdater.java:lambda$new$0(83)) - 8929662e-8651-4c9f-b246-d3ed69c98010@group-402BD240969B-StateMachineUpdater: snapshotIndex: updateIncreasingly 14 -> 14
2019-09-11 07:40:59,542 [main] INFO  impl.RaftServerImpl (ServerState.java:close(385)) - 8929662e-8651-4c9f-b246-d3ed69c98010@group-402BD240969B: closes. applyIndex: 16
2019-09-11 07:40:59,544 [8929662e-8651-4c9f-b246-d3ed69c98010@group-402BD240969B-SegmentedRaftLogWorker] ERROR ratis.XceiverServerRatis (XceiverServerRatis.java:triggerPipelineClose(568)) - pipeline Action CLOSE  on pipeline PipelineID=9f7a788d-0274-444c-82aa-402bd240969b.Reason : WriteLog:19: (t:2, i:19), STATEMACHINELOGENTRY, client-CA35EAD14A50, cid=31-writeStateMachineData interrupted.
2019-09-11 07:40:59,547 [refreshUsed-/workdir/hadoop-ozone/integration-test/target/test-dir/MiniOzoneClusterImpl-d0f0e288-b90a-4d92-9473-de78fda8b1d0/datanode-1/data/containers] WARN  fs.CachingGetSpaceUsed (CachingGetSpaceUsed.java:run(183)) - Thread Interrupted waiting to refresh disk information: sleep interrupted
2019-09-11 07:40:59,556 [main] INFO  segmented.SegmentedRaftLogWorker (SegmentedRaftLogWorker.java:close(228)) - 8929662e-8651-4c9f-b246-d3ed69c98010@group-402BD240969B-SegmentedRaftLogWorker close()
2019-09-11 07:40:59,558 [main] INFO  impl.RaftServerImpl (RaftServerImpl.java:lambda$shutdown$3(251)) - 8929662e-8651-4c9f-b246-d3ed69c98010@group-F46D09253586: shutdown
2019-09-11 07:40:59,558 [main] INFO  util.JmxRegister (JmxRegister.java:unregister(73)) - Successfully un-registered JMX Bean with object name Ratis:service=RaftServer,group=group-F46D09253586,id=8929662e-8651-4c9f-b246-d3ed69c98010
2019-09-11 07:40:59,559 [main] INFO  impl.RoleInfo (RoleInfo.java:shutdownLeaderState(104)) - 8929662e-8651-4c9f-b246-d3ed69c98010: shutdown LeaderState
2019-09-11 07:40:59,559 [main] INFO  impl.PendingRequests (PendingRequests.java:sendNotLeaderResponses(202)) - 8929662e-8651-4c9f-b246-d3ed69c98010-PendingRequests: sendNotLeaderResponses
2019-09-11 07:40:59,560 [main] INFO  impl.StateMachineUpdater (StateMachineUpdater.java:stopAndJoin(125)) - 8929662e-8651-4c9f-b246-d3ed69c98010@group-F46D09253586-StateMachineUpdater: set stopIndex = 0
2019-09-11 07:40:59,560 [main] INFO  impl.RaftServerImpl (ServerState.java:close(385)) - 8929662e-8651-4c9f-b246-d3ed69c98010@group-F46D09253586: closes. applyIndex: 0
2019-09-11 07:40:59,561 [8929662e-8651-4c9f-b246-d3ed69c98010@group-F46D09253586-SegmentedRaftLogWorker] INFO  segmented.SegmentedRaftLogWorker (SegmentedRaftLogWorker.java:run(313)) - 8929662e-8651-4c9f-b246-d3ed69c98010@group-F46D09253586-SegmentedRaftLogWorker was interrupted, exiting. There are 0 tasks remaining in the queue.
2019-09-11 07:40:59,561 [main] INFO  segmented.SegmentedRaftLogWorker (SegmentedRaftLogWorker.java:close(228)) - 8929662e-8651-4c9f-b246-d3ed69c98010@group-F46D09253586-SegmentedRaftLogWorker close()
2019-09-11 07:40:59,563 [main] INFO  server.GrpcService (GrpcService.java:closeImpl(164)) - 8929662e-8651-4c9f-b246-d3ed69c98010: shutdown server with port 45689 now
2019-09-11 07:40:59,563 [main] INFO  server.GrpcService (GrpcService.java:closeImpl(172)) - 8929662e-8651-4c9f-b246-d3ed69c98010: shutdown server with port 45689 successfully
2019-09-11 07:40:59,565 [refreshUsed-/workdir/hadoop-ozone/integration-test/target/test-dir/MiniOzoneClusterImpl-d0f0e288-b90a-4d92-9473-de78fda8b1d0/datanode-9/data/containers] WARN  fs.CachingGetSpaceUsed (CachingGetSpaceUsed.java:run(183)) - Thread Interrupted waiting to refresh disk information: sleep interrupted
2019-09-11 07:40:59,741 [ForkJoinPool.commonPool-worker-1] INFO  utils.BackgroundService (BackgroundService.java:shutdown(148)) - Shutting down service BlockDeletingService
2019-09-11 07:40:59,748 [ForkJoinPool.commonPool-worker-1] INFO  statemachine.DatanodeStateMachine (DatanodeStateMachine.java:stopDaemon(395)) - Ozone container server stopped.
2019-09-11 07:40:59,779 [ForkJoinPool.commonPool-worker-1] INFO  handler.ContextHandler (ContextHandler.java:doStop(910)) - Stopped o.e.j.w.WebAppContext@25ad4f71{/,null,UNAVAILABLE}{/hddsDatanode}
2019-09-11 07:40:59,781 [ForkJoinPool.commonPool-worker-1] INFO  server.AbstractConnector (AbstractConnector.java:doStop(318)) - Stopped ServerConnector@49faf066{HTTP/1.1,[http/1.1]}{0.0.0.0:0}
2019-09-11 07:40:59,782 [ForkJoinPool.commonPool-worker-1] INFO  handler.ContextHandler (ContextHandler.java:doStop(910)) - Stopped o.e.j.s.ServletContextHandler@15400fff{/static,jar:file:/home/user/.m2/repository/org/apache/hadoop/hadoop-hdds-container-service/0.5.0-SNAPSHOT/hadoop-hdds-container-service-0.5.0-SNAPSHOT.jar!/webapps/static,UNAVAILABLE}
2019-09-11 07:40:59,784 [ForkJoinPool.commonPool-worker-1] INFO  handler.ContextHandler (ContextHandler.java:doStop(910)) - Stopped o.e.j.s.ServletContextHandler@654c7d2d{/logs,file:///workdir/hadoop-ozone/integration-test/target/log,UNAVAILABLE}
2019-09-11 07:40:59,784 [main] INFO  utils.BackgroundService (BackgroundService.java:shutdown(148)) - Shutting down service BlockDeletingService
2019-09-11 07:40:59,789 [main] INFO  statemachine.DatanodeStateMachine (DatanodeStateMachine.java:stopDaemon(395)) - Ozone container server stopped.
2019-09-11 07:40:59,791 [main] INFO  handler.ContextHandler (ContextHandler.java:doStop(910)) - Stopped o.e.j.w.WebAppContext@26bbe604{/,null,UNAVAILABLE}{/hddsDatanode}
2019-09-11 07:40:59,791 [main] INFO  server.AbstractConnector (AbstractConnector.java:doStop(318)) - Stopped ServerConnector@fe34b86{HTTP/1.1,[http/1.1]}{0.0.0.0:0}
2019-09-11 07:40:59,792 [main] INFO  handler.ContextHandler (ContextHandler.java:doStop(910)) - Stopped o.e.j.s.ServletContextHandler@136965e3{/static,jar:file:/home/user/.m2/repository/org/apache/hadoop/hadoop-hdds-container-service/0.5.0-SNAPSHOT/hadoop-hdds-container-service-0.5.0-SNAPSHOT.jar!/webapps/static,UNAVAILABLE}
2019-09-11 07:40:59,793 [main] INFO  handler.ContextHandler (ContextHandler.java:doStop(910)) - Stopped o.e.j.s.ServletContextHandler@5578be42{/logs,file:///workdir/hadoop-ozone/integration-test/target/log,UNAVAILABLE}
2019-09-11 07:40:59,982 [Datanode State Machine Thread - 0] INFO  statemachine.DatanodeStateMachine (DatanodeStateMachine.java:lambda$startDaemon$0(350)) - Ozone container server started.
2019-09-11 07:41:00,880 [7366865a-3ccb-4fea-a2e2-b7a0314f55f5@group-0D0617E48045-SegmentedRaftLogWorker] WARN  segmented.SegmentedRaftLogWorker (SegmentedRaftLogWorker.java:getFromFuture(90)) - Timeout 3/~
org.apache.ratis.protocol.TimeoutIOException: Timeout 10s: WriteLog:17: (t:2, i:17), STATEMACHINELOGENTRY, client-1FF863BCA865, cid=57-writeStateMachineData
	at org.apache.ratis.util.IOUtils.getFromFuture(IOUtils.java:87)
	at org.apache.ratis.server.raftlog.segmented.SegmentedRaftLogWorker$StateMachineDataPolicy.getFromFuture(SegmentedRaftLogWorker.java:87)
	at org.apache.ratis.server.raftlog.segmented.SegmentedRaftLogWorker$WriteLog.execute(SegmentedRaftLogWorker.java:477)
	at org.apache.ratis.server.raftlog.segmented.SegmentedRaftLogWorker.run(SegmentedRaftLogWorker.java:289)
	at java.lang.Thread.run(Thread.java:748)
Caused by: java.util.concurrent.TimeoutException
	at java.util.concurrent.CompletableFuture.timedGet(CompletableFuture.java:1771)
	at java.util.concurrent.CompletableFuture.get(CompletableFuture.java:1915)
	at org.apache.ratis.util.IOUtils.getFromFuture(IOUtils.java:79)
	... 4 more
2019-09-11 07:41:04,788 [ForkJoinPool.commonPool-worker-1] INFO  ozoneimpl.OzoneContainer (OzoneContainer.java:stop(231)) - Attempting to stop container services.
2019-09-11 07:41:04,791 [ForkJoinPool.commonPool-worker-1] INFO  impl.RaftServerProxy (RaftServerProxy.java:lambda$close$4(314)) - 7366865a-3ccb-4fea-a2e2-b7a0314f55f5: close
2019-09-11 07:41:04,791 [ForkJoinPool.commonPool-worker-1] INFO  impl.RaftServerImpl (RaftServerImpl.java:lambda$shutdown$3(251)) - 7366865a-3ccb-4fea-a2e2-b7a0314f55f5@group-34C649CB9FC7: shutdown
2019-09-11 07:41:04,792 [ForkJoinPool.commonPool-worker-1] INFO  util.JmxRegister (JmxRegister.java:unregister(73)) - Successfully un-registered JMX Bean with object name Ratis:service=RaftServer,group=group-34C649CB9FC7,id=7366865a-3ccb-4fea-a2e2-b7a0314f55f5
2019-09-11 07:41:04,792 [ForkJoinPool.commonPool-worker-1] INFO  impl.RoleInfo (RoleInfo.java:shutdownLeaderState(104)) - 7366865a-3ccb-4fea-a2e2-b7a0314f55f5: shutdown LeaderState
2019-09-11 07:41:04,793 [ForkJoinPool.commonPool-worker-1] INFO  impl.PendingRequests (PendingRequests.java:sendNotLeaderResponses(202)) - 7366865a-3ccb-4fea-a2e2-b7a0314f55f5-PendingRequests: sendNotLeaderResponses
2019-09-11 07:41:04,794 [ForkJoinPool.commonPool-worker-1] INFO  impl.StateMachineUpdater (StateMachineUpdater.java:stopAndJoin(125)) - 7366865a-3ccb-4fea-a2e2-b7a0314f55f5@group-34C649CB9FC7-StateMachineUpdater: set stopIndex = 0
2019-09-11 07:41:04,795 [ForkJoinPool.commonPool-worker-1] INFO  impl.RaftServerImpl (ServerState.java:close(385)) - 7366865a-3ccb-4fea-a2e2-b7a0314f55f5@group-34C649CB9FC7: closes. applyIndex: 0
2019-09-11 07:41:04,795 [7366865a-3ccb-4fea-a2e2-b7a0314f55f5@group-34C649CB9FC7-SegmentedRaftLogWorker] INFO  segmented.SegmentedRaftLogWorker (SegmentedRaftLogWorker.java:run(313)) - 7366865a-3ccb-4fea-a2e2-b7a0314f55f5@group-34C649CB9FC7-SegmentedRaftLogWorker was interrupted, exiting. There are 0 tasks remaining in the queue.
2019-09-11 07:41:04,807 [ForkJoinPool.commonPool-worker-1] INFO  segmented.SegmentedRaftLogWorker (SegmentedRaftLogWorker.java:close(228)) - 7366865a-3ccb-4fea-a2e2-b7a0314f55f5@group-34C649CB9FC7-SegmentedRaftLogWorker close()
2019-09-11 07:41:04,811 [ForkJoinPool.commonPool-worker-1] INFO  impl.RaftServerImpl (RaftServerImpl.java:lambda$shutdown$3(251)) - 7366865a-3ccb-4fea-a2e2-b7a0314f55f5@group-0D0617E48045: shutdown
2019-09-11 07:41:04,811 [ForkJoinPool.commonPool-worker-1] INFO  util.JmxRegister (JmxRegister.java:unregister(73)) - Successfully un-registered JMX Bean with object name Ratis:service=RaftServer,group=group-0D0617E48045,id=7366865a-3ccb-4fea-a2e2-b7a0314f55f5
2019-09-11 07:41:04,811 [ForkJoinPool.commonPool-worker-1] INFO  impl.RoleInfo (RoleInfo.java:shutdownFollowerState(121)) - 7366865a-3ccb-4fea-a2e2-b7a0314f55f5: shutdown FollowerState
2019-09-11 07:41:04,811 [ForkJoinPool.commonPool-worker-1] INFO  impl.StateMachineUpdater (StateMachineUpdater.java:stopAndJoin(125)) - 7366865a-3ccb-4fea-a2e2-b7a0314f55f5@group-0D0617E48045-StateMachineUpdater: set stopIndex = 16
2019-09-11 07:41:04,812 [Thread-432] INFO  impl.FollowerState (FollowerState.java:run(115)) - 7366865a-3ccb-4fea-a2e2-b7a0314f55f5: FollowerState was interrupted: java.lang.InterruptedException: sleep interrupted
2019-09-11 07:41:04,812 [7366865a-3ccb-4fea-a2e2-b7a0314f55f5@group-0D0617E48045-StateMachineUpdater] INFO  ratis.ContainerStateMachine (ContainerStateMachine.java:takeSnapshot(289)) - group-0D0617E48045: Taking a snapshot at:(t:2, i:12) file /workdir/hadoop-ozone/integration-test/target/test-dir/MiniOzoneClusterImpl-d0f0e288-b90a-4d92-9473-de78fda8b1d0/datanode-7/data/ratis/e3102112-5d56-4448-b7ef-0d0617e48045/sm/snapshot.2_12
2019-09-11 07:41:04,826 [7366865a-3ccb-4fea-a2e2-b7a0314f55f5@group-0D0617E48045-StateMachineUpdater] INFO  ratis.ContainerStateMachine (ContainerStateMachine.java:takeSnapshot(300)) - group-0D0617E48045: Finished taking a snapshot at:(t:2, i:12) file:/workdir/hadoop-ozone/integration-test/target/test-dir/MiniOzoneClusterImpl-d0f0e288-b90a-4d92-9473-de78fda8b1d0/datanode-7/data/ratis/e3102112-5d56-4448-b7ef-0d0617e48045/sm/snapshot.2_12 time:15
2019-09-11 07:41:04,827 [7366865a-3ccb-4fea-a2e2-b7a0314f55f5@group-0D0617E48045-StateMachineUpdater] INFO  impl.StateMachineUpdater (StateMachineUpdater.java:takeSnapshot(258)) - 7366865a-3ccb-4fea-a2e2-b7a0314f55f5@group-0D0617E48045-StateMachineUpdater: Took a snapshot at index 12
2019-09-11 07:41:04,827 [7366865a-3ccb-4fea-a2e2-b7a0314f55f5@group-0D0617E48045-StateMachineUpdater] INFO  impl.StateMachineUpdater (StateMachineUpdater.java:lambda$new$0(83)) - 7366865a-3ccb-4fea-a2e2-b7a0314f55f5@group-0D0617E48045-StateMachineUpdater: snapshotIndex: updateIncreasingly -1 -> 12
2019-09-11 07:41:04,828 [7366865a-3ccb-4fea-a2e2-b7a0314f55f5@group-0D0617E48045-StateMachineUpdater] INFO  ratis.ContainerStateMachine (ContainerStateMachine.java:takeSnapshot(289)) - group-0D0617E48045: Taking a snapshot at:(t:2, i:12) file /workdir/hadoop-ozone/integration-test/target/test-dir/MiniOzoneClusterImpl-d0f0e288-b90a-4d92-9473-de78fda8b1d0/datanode-7/data/ratis/e3102112-5d56-4448-b7ef-0d0617e48045/sm/snapshot.2_12
2019-09-11 07:41:04,840 [7366865a-3ccb-4fea-a2e2-b7a0314f55f5@group-0D0617E48045-StateMachineUpdater] INFO  ratis.ContainerStateMachine (ContainerStateMachine.java:takeSnapshot(300)) - group-0D0617E48045: Finished taking a snapshot at:(t:2, i:12) file:/workdir/hadoop-ozone/integration-test/target/test-dir/MiniOzoneClusterImpl-d0f0e288-b90a-4d92-9473-de78fda8b1d0/datanode-7/data/ratis/e3102112-5d56-4448-b7ef-0d0617e48045/sm/snapshot.2_12 time:13
2019-09-11 07:41:04,840 [7366865a-3ccb-4fea-a2e2-b7a0314f55f5@group-0D0617E48045-StateMachineUpdater] INFO  impl.StateMachineUpdater (StateMachineUpdater.java:takeSnapshot(258)) - 7366865a-3ccb-4fea-a2e2-b7a0314f55f5@group-0D0617E48045-StateMachineUpdater: Took a snapshot at index 12
2019-09-11 07:41:04,840 [7366865a-3ccb-4fea-a2e2-b7a0314f55f5@group-0D0617E48045-StateMachineUpdater] INFO  impl.StateMachineUpdater (StateMachineUpdater.java:lambda$new$0(83)) - 7366865a-3ccb-4fea-a2e2-b7a0314f55f5@group-0D0617E48045-StateMachineUpdater: snapshotIndex: updateIncreasingly 12 -> 12
2019-09-11 07:41:04,841 [ForkJoinPool.commonPool-worker-1] INFO  impl.RaftServerImpl (ServerState.java:close(385)) - 7366865a-3ccb-4fea-a2e2-b7a0314f55f5@group-0D0617E48045: closes. applyIndex: 16
2019-09-11 07:41:04,843 [7366865a-3ccb-4fea-a2e2-b7a0314f55f5@group-0D0617E48045-SegmentedRaftLogWorker] ERROR ratis.XceiverServerRatis (XceiverServerRatis.java:triggerPipelineClose(568)) - pipeline Action CLOSE  on pipeline PipelineID=e3102112-5d56-4448-b7ef-0d0617e48045.Reason : WriteLog:17: (t:2, i:17), STATEMACHINELOGENTRY, client-1FF863BCA865, cid=57-writeStateMachineData interrupted.
2019-09-11 07:41:04,844 [ForkJoinPool.commonPool-worker-1] INFO  segmented.SegmentedRaftLogWorker (SegmentedRaftLogWorker.java:close(228)) - 7366865a-3ccb-4fea-a2e2-b7a0314f55f5@group-0D0617E48045-SegmentedRaftLogWorker close()
2019-09-11 07:41:04,845 [ForkJoinPool.commonPool-worker-1] INFO  server.GrpcService (GrpcService.java:closeImpl(164)) - 7366865a-3ccb-4fea-a2e2-b7a0314f55f5: shutdown server with port 39985 now
2019-09-11 07:41:04,846 [ForkJoinPool.commonPool-worker-1] INFO  server.GrpcService (GrpcService.java:closeImpl(172)) - 7366865a-3ccb-4fea-a2e2-b7a0314f55f5: shutdown server with port 39985 successfully
2019-09-11 07:41:04,848 [refreshUsed-/workdir/hadoop-ozone/integration-test/target/test-dir/MiniOzoneClusterImpl-d0f0e288-b90a-4d92-9473-de78fda8b1d0/datanode-7/data/containers] WARN  fs.CachingGetSpaceUsed (CachingGetSpaceUsed.java:run(183)) - Thread Interrupted waiting to refresh disk information: sleep interrupted
2019-09-11 07:41:04,870 [ForkJoinPool.commonPool-worker-1] INFO  utils.BackgroundService (BackgroundService.java:shutdown(148)) - Shutting down service BlockDeletingService
2019-09-11 07:41:04,873 [ForkJoinPool.commonPool-worker-1] INFO  statemachine.DatanodeStateMachine (DatanodeStateMachine.java:stopDaemon(395)) - Ozone container server stopped.
2019-09-11 07:41:04,877 [ForkJoinPool.commonPool-worker-1] INFO  handler.ContextHandler (ContextHandler.java:doStop(910)) - Stopped o.e.j.w.WebAppContext@663bb8ef{/,null,UNAVAILABLE}{/hddsDatanode}
2019-09-11 07:41:04,878 [ForkJoinPool.commonPool-worker-1] INFO  server.AbstractConnector (AbstractConnector.java:doStop(318)) - Stopped ServerConnector@2f4e40d7{HTTP/1.1,[http/1.1]}{0.0.0.0:0}
2019-09-11 07:41:04,880 [ForkJoinPool.commonPool-worker-1] INFO  handler.ContextHandler (ContextHandler.java:doStop(910)) - Stopped o.e.j.s.ServletContextHandler@6cd3ad8a{/static,jar:file:/home/user/.m2/repository/org/apache/hadoop/hadoop-hdds-container-service/0.5.0-SNAPSHOT/hadoop-hdds-container-service-0.5.0-SNAPSHOT.jar!/webapps/static,UNAVAILABLE}
2019-09-11 07:41:04,881 [ForkJoinPool.commonPool-worker-1] INFO  handler.ContextHandler (ContextHandler.java:doStop(910)) - Stopped o.e.j.s.ServletContextHandler@b9a77c8{/logs,file:///workdir/hadoop-ozone/integration-test/target/log,UNAVAILABLE}
2019-09-11 07:41:04,882 [main] INFO  ozone.MiniOzoneClusterImpl (MiniOzoneClusterImpl.java:stop(339)) - Stopping the StorageContainerManager
2019-09-11 07:41:04,883 [main] INFO  server.StorageContainerManager (StorageContainerManager.java:stop(801)) - Stopping Replication Manager Service.
2019-09-11 07:41:04,883 [main] INFO  container.ReplicationManager (ReplicationManager.java:stop(203)) - Stopping Replication Monitor Thread.
2019-09-11 07:41:04,883 [main] INFO  server.StorageContainerManager (StorageContainerManager.java:stop(808)) - Stopping Lease Manager of the command watchers
2019-09-11 07:41:04,883 [main] INFO  server.StorageContainerManager (StorageContainerManager.java:stop(815)) - Stopping datanode service RPC server
2019-09-11 07:41:04,884 [main] INFO  server.SCMDatanodeProtocolServer (SCMDatanodeProtocolServer.java:stop(367)) - Stopping the RPC server for DataNodes
2019-09-11 07:41:04,884 [main] INFO  ipc.Server (Server.java:stop(3082)) - Stopping server on 41967
2019-09-11 07:41:04,885 [IPC Server listener on 41967] INFO  ipc.Server (Server.java:run(1185)) - Stopping IPC Server listener on 41967
2019-09-11 07:41:04,885 [IPC Server Responder] INFO  ipc.Server (Server.java:run(1319)) - Stopping IPC Server Responder
2019-09-11 07:41:04,887 [SCM Heartbeat Processing Thread - 0] WARN  node.NodeStateManager (NodeStateManager.java:scheduleNextHealthCheck(646)) - Current Thread is interrupted, shutting down HB processing thread for Node Manager.
2019-09-11 07:41:04,887 [main] INFO  server.StorageContainerManager (StorageContainerManager.java:stop(823)) - Stopping block service RPC server
2019-09-11 07:41:04,888 [main] INFO  server.SCMBlockProtocolServer (SCMBlockProtocolServer.java:stop(155)) - Stopping the RPC server for Block Protocol
2019-09-11 07:41:04,888 [main] INFO  ipc.Server (Server.java:stop(3082)) - Stopping server on 41826
2019-09-11 07:41:04,889 [IPC Server listener on 41826] INFO  ipc.Server (Server.java:run(1185)) - Stopping IPC Server listener on 41826
2019-09-11 07:41:04,889 [main] INFO  server.StorageContainerManager (StorageContainerManager.java:stop(830)) - Stopping the StorageContainerLocationProtocol RPC server
2019-09-11 07:41:04,889 [IPC Server Responder] INFO  ipc.Server (Server.java:run(1319)) - Stopping IPC Server Responder
2019-09-11 07:41:04,889 [main] INFO  server.SCMClientProtocolServer (SCMClientProtocolServer.java:stop(159)) - Stopping the RPC server for Client Protocol
2019-09-11 07:41:04,890 [main] INFO  ipc.Server (Server.java:stop(3082)) - Stopping server on 38448
2019-09-11 07:41:04,891 [IPC Server listener on 38448] INFO  ipc.Server (Server.java:run(1185)) - Stopping IPC Server listener on 38448
2019-09-11 07:41:04,891 [main] INFO  server.StorageContainerManager (StorageContainerManager.java:stop(837)) - Stopping Storage Container Manager HTTP server.
2019-09-11 07:41:04,891 [IPC Server Responder] INFO  ipc.Server (Server.java:run(1319)) - Stopping IPC Server Responder
2019-09-11 07:41:04,892 [main] INFO  handler.ContextHandler (ContextHandler.java:doStop(910)) - Stopped o.e.j.w.WebAppContext@7555b920{/,null,UNAVAILABLE}{/scm}
2019-09-11 07:41:04,893 [main] INFO  server.AbstractConnector (AbstractConnector.java:doStop(318)) - Stopped ServerConnector@6db66836{HTTP/1.1,[http/1.1]}{0.0.0.0:0}
2019-09-11 07:41:04,893 [main] INFO  handler.ContextHandler (ContextHandler.java:doStop(910)) - Stopped o.e.j.s.ServletContextHandler@6622fc65{/static,file:///workdir/hadoop-ozone/integration-test/target/test-classes/webapps/static,UNAVAILABLE}
2019-09-11 07:41:04,894 [main] INFO  handler.ContextHandler (ContextHandler.java:doStop(910)) - Stopped o.e.j.s.ServletContextHandler@732f29af{/logs,file:///workdir/hadoop-ozone/integration-test/target/log,UNAVAILABLE}
2019-09-11 07:41:04,895 [main] INFO  server.StorageContainerManager (StorageContainerManager.java:stop(848)) - Stopping Block Manager Service.
2019-09-11 07:41:04,895 [main] INFO  utils.BackgroundService (BackgroundService.java:shutdown(148)) - Shutting down service SCMBlockDeletingService
2019-09-11 07:41:04,896 [main] INFO  utils.BackgroundService (BackgroundService.java:shutdown(148)) - Shutting down service SCMBlockDeletingService
2019-09-11 07:41:04,896 [main] INFO  server.StorageContainerManager (StorageContainerManager.java:stop(870)) - Stopping SCM Event Queue.
2019-09-11 07:41:04,906 [main] INFO  impl.MetricsSystemImpl (MetricsSystemImpl.java:stop(210)) - Stopping XceiverClientMetrics metrics system...
2019-09-11 07:41:04,920 [prometheus] INFO  impl.MetricsSinkAdapter (MetricsSinkAdapter.java:publishMetricsFromQueue(141)) - prometheus thread interrupted.
2019-09-11 07:41:04,920 [main] INFO  impl.MetricsSystemImpl (MetricsSystemImpl.java:stop(216)) - XceiverClientMetrics metrics system stopped.
]]></system-out>
    <system-err><![CDATA[ERROR StatusLogger No Log4j 2 configuration file found. Using default configuration (logging only errors to the console), or user programmatically provided configurations. Set system property 'log4j2.debug' to show Log4j 2 internal initialization logging. See https://logging.apache.org/log4j/2.x/manual/configuration.html for instructions on how to configure Log4j 2
Sep 11, 2019 7:40:20 AM org.apache.ratis.thirdparty.io.grpc.internal.SerializingExecutor run
SEVERE: Exception while executing runnable org.apache.ratis.thirdparty.io.grpc.internal.ServerImpl$JumpToApplicationThreadServerStreamListener$1Closed@5385112f
org.apache.ratis.thirdparty.io.grpc.StatusRuntimeException: CANCELLED: call already cancelled
	at org.apache.ratis.thirdparty.io.grpc.Status.asRuntimeException(Status.java:517)
	at org.apache.ratis.thirdparty.io.grpc.stub.ServerCalls$ServerCallStreamObserverImpl.onCompleted(ServerCalls.java:356)
	at org.apache.ratis.grpc.server.GrpcServerProtocolService$ServerRequestStreamObserver.onError(GrpcServerProtocolService.java:121)
	at org.apache.ratis.thirdparty.io.grpc.stub.ServerCalls$StreamingServerCallHandler$StreamingServerCallListener.onCancel(ServerCalls.java:269)
	at org.apache.ratis.thirdparty.io.grpc.internal.ServerCallImpl$ServerStreamListenerImpl.closed(ServerCallImpl.java:293)
	at org.apache.ratis.thirdparty.io.grpc.internal.ServerImpl$JumpToApplicationThreadServerStreamListener$1Closed.runInContext(ServerImpl.java:741)
	at org.apache.ratis.thirdparty.io.grpc.internal.ContextRunnable.run(ContextRunnable.java:37)
	at org.apache.ratis.thirdparty.io.grpc.internal.SerializingExecutor.run(SerializingExecutor.java:123)
	at java.util.concurrent.ThreadPoolExecutor.runWorker(ThreadPoolExecutor.java:1149)
	at java.util.concurrent.ThreadPoolExecutor$Worker.run(ThreadPoolExecutor.java:624)
	at java.lang.Thread.run(Thread.java:748)

Sep 11, 2019 7:40:44 AM org.apache.ratis.thirdparty.io.grpc.internal.SerializingExecutor run
SEVERE: Exception while executing runnable org.apache.ratis.thirdparty.io.grpc.internal.ServerImpl$JumpToApplicationThreadServerStreamListener$1Closed@2bbab236
org.apache.ratis.thirdparty.io.grpc.StatusRuntimeException: CANCELLED: call already cancelled
	at org.apache.ratis.thirdparty.io.grpc.Status.asRuntimeException(Status.java:517)
	at org.apache.ratis.thirdparty.io.grpc.stub.ServerCalls$ServerCallStreamObserverImpl.onCompleted(ServerCalls.java:356)
	at org.apache.ratis.grpc.server.GrpcServerProtocolService$ServerRequestStreamObserver.onError(GrpcServerProtocolService.java:121)
	at org.apache.ratis.thirdparty.io.grpc.stub.ServerCalls$StreamingServerCallHandler$StreamingServerCallListener.onCancel(ServerCalls.java:269)
	at org.apache.ratis.thirdparty.io.grpc.internal.ServerCallImpl$ServerStreamListenerImpl.closed(ServerCallImpl.java:293)
	at org.apache.ratis.thirdparty.io.grpc.internal.ServerImpl$JumpToApplicationThreadServerStreamListener$1Closed.runInContext(ServerImpl.java:741)
	at org.apache.ratis.thirdparty.io.grpc.internal.ContextRunnable.run(ContextRunnable.java:37)
	at org.apache.ratis.thirdparty.io.grpc.internal.SerializingExecutor.run(SerializingExecutor.java:123)
	at java.util.concurrent.ThreadPoolExecutor.runWorker(ThreadPoolExecutor.java:1149)
	at java.util.concurrent.ThreadPoolExecutor$Worker.run(ThreadPoolExecutor.java:624)
	at java.lang.Thread.run(Thread.java:748)

Sep 11, 2019 7:40:49 AM org.apache.ratis.thirdparty.io.grpc.internal.SerializingExecutor run
SEVERE: Exception while executing runnable org.apache.ratis.thirdparty.io.grpc.internal.ServerImpl$JumpToApplicationThreadServerStreamListener$1Closed@52277bb6
org.apache.ratis.thirdparty.io.grpc.StatusRuntimeException: CANCELLED: call already cancelled
	at org.apache.ratis.thirdparty.io.grpc.Status.asRuntimeException(Status.java:517)
	at org.apache.ratis.thirdparty.io.grpc.stub.ServerCalls$ServerCallStreamObserverImpl.onCompleted(ServerCalls.java:356)
	at org.apache.ratis.grpc.server.GrpcServerProtocolService$ServerRequestStreamObserver.onError(GrpcServerProtocolService.java:121)
	at org.apache.ratis.thirdparty.io.grpc.stub.ServerCalls$StreamingServerCallHandler$StreamingServerCallListener.onCancel(ServerCalls.java:269)
	at org.apache.ratis.thirdparty.io.grpc.internal.ServerCallImpl$ServerStreamListenerImpl.closed(ServerCallImpl.java:293)
	at org.apache.ratis.thirdparty.io.grpc.internal.ServerImpl$JumpToApplicationThreadServerStreamListener$1Closed.runInContext(ServerImpl.java:741)
	at org.apache.ratis.thirdparty.io.grpc.internal.ContextRunnable.run(ContextRunnable.java:37)
	at org.apache.ratis.thirdparty.io.grpc.internal.SerializingExecutor.run(SerializingExecutor.java:123)
	at java.util.concurrent.ThreadPoolExecutor.runWorker(ThreadPoolExecutor.java:1149)
	at java.util.concurrent.ThreadPoolExecutor$Worker.run(ThreadPoolExecutor.java:624)
	at java.lang.Thread.run(Thread.java:748)

Sep 11, 2019 7:40:49 AM org.apache.ratis.thirdparty.io.grpc.internal.SerializingExecutor run
SEVERE: Exception while executing runnable org.apache.ratis.thirdparty.io.grpc.internal.ServerImpl$JumpToApplicationThreadServerStreamListener$1Closed@16dfed19
org.apache.ratis.thirdparty.io.grpc.StatusRuntimeException: CANCELLED: call already cancelled
	at org.apache.ratis.thirdparty.io.grpc.Status.asRuntimeException(Status.java:517)
	at org.apache.ratis.thirdparty.io.grpc.stub.ServerCalls$ServerCallStreamObserverImpl.onCompleted(ServerCalls.java:356)
	at org.apache.ratis.grpc.server.GrpcServerProtocolService$ServerRequestStreamObserver.onError(GrpcServerProtocolService.java:121)
	at org.apache.ratis.thirdparty.io.grpc.stub.ServerCalls$StreamingServerCallHandler$StreamingServerCallListener.onCancel(ServerCalls.java:269)
	at org.apache.ratis.thirdparty.io.grpc.internal.ServerCallImpl$ServerStreamListenerImpl.closed(ServerCallImpl.java:293)
	at org.apache.ratis.thirdparty.io.grpc.internal.ServerImpl$JumpToApplicationThreadServerStreamListener$1Closed.runInContext(ServerImpl.java:741)
	at org.apache.ratis.thirdparty.io.grpc.internal.ContextRunnable.run(ContextRunnable.java:37)
	at org.apache.ratis.thirdparty.io.grpc.internal.SerializingExecutor.run(SerializingExecutor.java:123)
	at java.util.concurrent.ThreadPoolExecutor.runWorker(ThreadPoolExecutor.java:1149)
	at java.util.concurrent.ThreadPoolExecutor$Worker.run(ThreadPoolExecutor.java:624)
	at java.lang.Thread.run(Thread.java:748)

]]></system-err>
  </testcase>
  <testcase name="testMultiBlockWritesWithDnFailures" classname="org.apache.hadoop.ozone.client.rpc.TestMultiBlockWritesWithDnFailures" time="38.213"/>
</testsuite>