<?xml version="1.0" encoding="UTF-8"?>
<testsuite xmlns:xsi="http://www.w3.org/2001/XMLSchema-instance" xsi:noNamespaceSchemaLocation="https://maven.apache.org/surefire/maven-surefire-plugin/xsd/surefire-test-report.xsd" name="org.apache.hadoop.ozone.client.rpc.TestBlockOutputStream" time="605.34" tests="6" errors="0" skipped="0" failures="3">
  <properties>
    <property name="awt.toolkit" value="sun.awt.X11.XToolkit"/>
    <property name="file.encoding.pkg" value="sun.io"/>
    <property name="java.specification.version" value="1.8"/>
    <property name="sun.cpu.isalist" value=""/>
    <property name="sun.jnu.encoding" value="UTF-8"/>
    <property name="java.class.path" value="/workdir/hadoop-ozone/integration-test/target/test-classes:/workdir/hadoop-ozone/integration-test/target/classes:/home/user/.m2/repository/org/apache/hadoop/hadoop-ozone-common/0.5.0-SNAPSHOT/hadoop-ozone-common-0.5.0-SNAPSHOT.jar:/home/user/.m2/repository/org/apache/commons/commons-compress/1.4.1/commons-compress-1.4.1.jar:/home/user/.m2/repository/org/tukaani/xz/1.0/xz-1.0.jar:/home/user/.m2/repository/org/apache/hadoop/hadoop-common/3.2.0/hadoop-common-3.2.0.jar:/home/user/.m2/repository/org/apache/hadoop/hadoop-hdfs/3.2.0/hadoop-hdfs-3.2.0.jar:/home/user/.m2/repository/org/apache/hadoop/hadoop-hdfs-client/3.2.0/hadoop-hdfs-client-3.2.0.jar:/home/user/.m2/repository/com/fasterxml/jackson/core/jackson-annotations/2.9.5/jackson-annotations-2.9.5.jar:/home/user/.m2/repository/org/apache/hadoop/hadoop-hdds-common/0.5.0-SNAPSHOT/hadoop-hdds-common-0.5.0-SNAPSHOT.jar:/home/user/.m2/repository/javax/annotation/javax.annotation-api/1.2/javax.annotation-api-1.2.jar:/home/user/.m2/repository/org/apache/ratis/ratis-server/0.4.0-78e95b9-SNAPSHOT/ratis-server-0.4.0-78e95b9-SNAPSHOT.jar:/home/user/.m2/repository/org/apache/ratis/ratis-thirdparty-misc/0.2.0/ratis-thirdparty-misc-0.2.0.jar:/home/user/.m2/repository/org/apache/ratis/ratis-proto/0.4.0-78e95b9-SNAPSHOT/ratis-proto-0.4.0-78e95b9-SNAPSHOT.jar:/home/user/.m2/repository/org/apache/ratis/ratis-common/0.4.0-78e95b9-SNAPSHOT/ratis-common-0.4.0-78e95b9-SNAPSHOT.jar:/home/user/.m2/repository/org/apache/ratis/ratis-client/0.4.0-78e95b9-SNAPSHOT/ratis-client-0.4.0-78e95b9-SNAPSHOT.jar:/home/user/.m2/repository/org/apache/ratis/ratis-metrics/0.4.0-78e95b9-SNAPSHOT/ratis-metrics-0.4.0-78e95b9-SNAPSHOT.jar:/home/user/.m2/repository/com/github/joshelser/dropwizard-metrics-hadoop-metrics2-reporter/0.1.2/dropwizard-metrics-hadoop-metrics2-reporter-0.1.2.jar:/home/user/.m2/repository/io/dropwizard/metrics/metrics-jvm/3.2.5/metrics-jvm-3.2.5.jar:/home/user/.m2/repository/io/dropwizard/metrics/metrics-ganglia/3.2.5/metrics-ganglia-3.2.5.jar:/home/user/.m2/repository/info/ganglia/gmetric4j/gmetric4j/1.0.7/gmetric4j-1.0.7.jar:/home/user/.m2/repository/org/apache/ratis/ratis-netty/0.4.0-78e95b9-SNAPSHOT/ratis-netty-0.4.0-78e95b9-SNAPSHOT.jar:/home/user/.m2/repository/org/apache/ratis/ratis-grpc/0.4.0-78e95b9-SNAPSHOT/ratis-grpc-0.4.0-78e95b9-SNAPSHOT.jar:/home/user/.m2/repository/org/rocksdb/rocksdbjni/6.0.1/rocksdbjni-6.0.1.jar:/home/user/.m2/repository/org/apache/logging/log4j/log4j-api/2.11.0/log4j-api-2.11.0.jar:/home/user/.m2/repository/org/apache/logging/log4j/log4j-core/2.11.0/log4j-core-2.11.0.jar:/home/user/.m2/repository/com/lmax/disruptor/3.4.2/disruptor-3.4.2.jar:/home/user/.m2/repository/org/apache/commons/commons-pool2/2.6.0/commons-pool2-2.6.0.jar:/home/user/.m2/repository/org/bouncycastle/bcpkix-jdk15on/1.60/bcpkix-jdk15on-1.60.jar:/home/user/.m2/repository/commons-validator/commons-validator/1.6/commons-validator-1.6.jar:/home/user/.m2/repository/commons-digester/commons-digester/1.8.1/commons-digester-1.8.1.jar:/home/user/.m2/repository/io/jaegertracing/jaeger-client/0.33.1/jaeger-client-0.33.1.jar:/home/user/.m2/repository/io/jaegertracing/jaeger-thrift/0.33.1/jaeger-thrift-0.33.1.jar:/home/user/.m2/repository/org/apache/thrift/libthrift/0.11.0/libthrift-0.11.0.jar:/home/user/.m2/repository/com/squareup/okhttp3/okhttp/3.9.0/okhttp-3.9.0.jar:/home/user/.m2/repository/com/squareup/okio/okio/1.13.0/okio-1.13.0.jar:/home/user/.m2/repository/io/jaegertracing/jaeger-core/0.33.1/jaeger-core-0.33.1.jar:/home/user/.m2/repository/io/jaegertracing/jaeger-tracerresolver/0.33.1/jaeger-tracerresolver-0.33.1.jar:/home/user/.m2/repository/io/opentracing/contrib/opentracing-tracerresolver/0.1.5/opentracing-tracerresolver-0.1.5.jar:/home/user/.m2/repository/io/opentracing/opentracing-util/0.31.0/opentracing-util-0.31.0.jar:/home/user/.m2/repository/io/opentracing/opentracing-api/0.31.0/opentracing-api-0.31.0.jar:/home/user/.m2/repository/io/opentracing/opentracing-noop/0.31.0/opentracing-noop-0.31.0.jar:/home/user/.m2/repository/org/apache/hadoop/hadoop-hdds-server-framework/0.5.0-SNAPSHOT/hadoop-hdds-server-framework-0.5.0-SNAPSHOT.jar:/home/user/.m2/repository/org/apache/hadoop/hadoop-hdds-container-service/0.5.0-SNAPSHOT/hadoop-hdds-container-service-0.5.0-SNAPSHOT.jar:/home/user/.m2/repository/org/apache/hadoop/hadoop-hdds-client/0.5.0-SNAPSHOT/hadoop-hdds-client-0.5.0-SNAPSHOT.jar:/home/user/.m2/repository/org/apache/hadoop/hadoop-hdds-tools/0.5.0-SNAPSHOT/hadoop-hdds-tools-0.5.0-SNAPSHOT.jar:/home/user/.m2/repository/org/apache/hadoop/hadoop-hdds-server-scm/0.5.0-SNAPSHOT/hadoop-hdds-server-scm-0.5.0-SNAPSHOT.jar:/home/user/.m2/repository/org/apache/hadoop/hadoop-hdds-docs/0.5.0-SNAPSHOT/hadoop-hdds-docs-0.5.0-SNAPSHOT.jar:/home/user/.m2/repository/io/dropwizard/metrics/metrics-core/3.2.4/metrics-core-3.2.4.jar:/home/user/.m2/repository/org/hamcrest/hamcrest-all/1.3/hamcrest-all-1.3.jar:/home/user/.m2/repository/org/bouncycastle/bcprov-jdk15on/1.60/bcprov-jdk15on-1.60.jar:/home/user/.m2/repository/info/picocli/picocli/3.9.6/picocli-3.9.6.jar:/home/user/.m2/repository/com/google/protobuf/protobuf-java/2.5.0/protobuf-java-2.5.0.jar:/home/user/.m2/repository/com/google/guava/guava/11.0.2/guava-11.0.2.jar:/home/user/.m2/repository/org/apache/hadoop/hadoop-ozone-ozone-manager/0.5.0-SNAPSHOT/hadoop-ozone-ozone-manager-0.5.0-SNAPSHOT.jar:/home/user/.m2/repository/org/apache/hadoop/hadoop-minikdc/3.2.0/hadoop-minikdc-3.2.0.jar:/home/user/.m2/repository/commons-io/commons-io/2.5/commons-io-2.5.jar:/home/user/.m2/repository/org/apache/kerby/kerb-simplekdc/1.0.1/kerb-simplekdc-1.0.1.jar:/home/user/.m2/repository/org/apache/kerby/kerb-client/1.0.1/kerb-client-1.0.1.jar:/home/user/.m2/repository/org/apache/kerby/kerby-config/1.0.1/kerby-config-1.0.1.jar:/home/user/.m2/repository/org/apache/kerby/kerb-core/1.0.1/kerb-core-1.0.1.jar:/home/user/.m2/repository/org/apache/kerby/kerby-pkix/1.0.1/kerby-pkix-1.0.1.jar:/home/user/.m2/repository/org/apache/kerby/kerby-asn1/1.0.1/kerby-asn1-1.0.1.jar:/home/user/.m2/repository/org/apache/kerby/kerby-util/1.0.1/kerby-util-1.0.1.jar:/home/user/.m2/repository/org/apache/kerby/kerb-common/1.0.1/kerb-common-1.0.1.jar:/home/user/.m2/repository/org/apache/kerby/kerb-crypto/1.0.1/kerb-crypto-1.0.1.jar:/home/user/.m2/repository/org/apache/kerby/kerb-util/1.0.1/kerb-util-1.0.1.jar:/home/user/.m2/repository/org/apache/kerby/token-provider/1.0.1/token-provider-1.0.1.jar:/home/user/.m2/repository/org/apache/kerby/kerb-admin/1.0.1/kerb-admin-1.0.1.jar:/home/user/.m2/repository/org/apache/kerby/kerb-server/1.0.1/kerb-server-1.0.1.jar:/home/user/.m2/repository/org/apache/kerby/kerb-identity/1.0.1/kerb-identity-1.0.1.jar:/home/user/.m2/repository/org/apache/kerby/kerby-xdr/1.0.1/kerby-xdr-1.0.1.jar:/home/user/.m2/repository/org/slf4j/slf4j-log4j12/1.7.25/slf4j-log4j12-1.7.25.jar:/home/user/.m2/repository/org/apache/hadoop/hadoop-ozone-s3gateway/0.5.0-SNAPSHOT/hadoop-ozone-s3gateway-0.5.0-SNAPSHOT.jar:/home/user/.m2/repository/org/jboss/weld/servlet/weld-servlet/2.4.7.Final/weld-servlet-2.4.7.Final.jar:/home/user/.m2/repository/org/glassfish/jersey/containers/jersey-container-servlet-core/2.27/jersey-container-servlet-core-2.27.jar:/home/user/.m2/repository/org/glassfish/hk2/external/javax.inject/2.5.0-b42/javax.inject-2.5.0-b42.jar:/home/user/.m2/repository/org/glassfish/jersey/core/jersey-common/2.27/jersey-common-2.27.jar:/home/user/.m2/repository/org/glassfish/hk2/osgi-resource-locator/1.0.1/osgi-resource-locator-1.0.1.jar:/home/user/.m2/repository/javax/ws/rs/javax.ws.rs-api/2.1/javax.ws.rs-api-2.1.jar:/home/user/.m2/repository/org/glassfish/jersey/ext/cdi/jersey-cdi1x/2.27/jersey-cdi1x-2.27.jar:/home/user/.m2/repository/org/glassfish/jersey/inject/jersey-hk2/2.27/jersey-hk2-2.27.jar:/home/user/.m2/repository/org/glassfish/hk2/hk2-locator/2.5.0-b42/hk2-locator-2.5.0-b42.jar:/home/user/.m2/repository/org/javassist/javassist/3.22.0-CR2/javassist-3.22.0-CR2.jar:/home/user/.m2/repository/org/glassfish/hk2/hk2-api/2.5.0/hk2-api-2.5.0.jar:/home/user/.m2/repository/org/glassfish/hk2/external/jakarta.inject/2.5.0/jakarta.inject-2.5.0.jar:/home/user/.m2/repository/org/glassfish/hk2/hk2-utils/2.5.0/hk2-utils-2.5.0.jar:/home/user/.m2/repository/jakarta/annotation/jakarta.annotation-api/1.3.4/jakarta.annotation-api-1.3.4.jar:/home/user/.m2/repository/org/glassfish/hk2/external/aopalliance-repackaged/2.5.0/aopalliance-repackaged-2.5.0.jar:/home/user/.m2/repository/com/fasterxml/jackson/dataformat/jackson-dataformat-xml/2.9.0/jackson-dataformat-xml-2.9.0.jar:/home/user/.m2/repository/com/fasterxml/jackson/core/jackson-core/2.9.5/jackson-core-2.9.5.jar:/home/user/.m2/repository/com/fasterxml/jackson/module/jackson-module-jaxb-annotations/2.9.5/jackson-module-jaxb-annotations-2.9.5.jar:/home/user/.m2/repository/javax/enterprise/cdi-api/1.2/cdi-api-1.2.jar:/home/user/.m2/repository/javax/el/javax.el-api/3.0.0/javax.el-api-3.0.0.jar:/home/user/.m2/repository/javax/interceptor/javax.interceptor-api/1.2/javax.interceptor-api-1.2.jar:/home/user/.m2/repository/javax/inject/javax.inject/1/javax.inject-1.jar:/home/user/.m2/repository/com/sun/xml/bind/jaxb-impl/2.3.0.1/jaxb-impl-2.3.0.1.jar:/home/user/.m2/repository/com/sun/xml/bind/jaxb-core/2.3.0.1/jaxb-core-2.3.0.1.jar:/home/user/.m2/repository/javax/xml/bind/jaxb-api/2.3.0/jaxb-api-2.3.0.jar:/home/user/.m2/repository/javax/activation/activation/1.1.1/activation-1.1.1.jar:/home/user/.m2/repository/org/apache/hadoop/hadoop-ozone-csi/0.5.0-SNAPSHOT/hadoop-ozone-csi-0.5.0-SNAPSHOT.jar:/home/user/.m2/repository/com/google/protobuf/protobuf-java-util/3.5.1/protobuf-java-util-3.5.1.jar:/home/user/.m2/repository/org/apache/hadoop/hadoop-hdds-config/0.5.0-SNAPSHOT/hadoop-hdds-config-0.5.0-SNAPSHOT.jar:/home/user/.m2/repository/io/grpc/grpc-netty/1.17.1/grpc-netty-1.17.1.jar:/home/user/.m2/repository/io/grpc/grpc-core/1.17.1/grpc-core-1.17.1.jar:/home/user/.m2/repository/io/grpc/grpc-context/1.17.1/grpc-context-1.17.1.jar:/home/user/.m2/repository/com/google/errorprone/error_prone_annotations/2.2.0/error_prone_annotations-2.2.0.jar:/home/user/.m2/repository/org/codehaus/mojo/animal-sniffer-annotations/1.17/animal-sniffer-annotations-1.17.jar:/home/user/.m2/repository/io/opencensus/opencensus-api/0.17.0/opencensus-api-0.17.0.jar:/home/user/.m2/repository/io/opencensus/opencensus-contrib-grpc-metrics/0.17.0/opencensus-contrib-grpc-metrics-0.17.0.jar:/home/user/.m2/repository/io/netty/netty-codec-http2/4.1.30.Final/netty-codec-http2-4.1.30.Final.jar:/home/user/.m2/repository/io/netty/netty-codec-http/4.1.30.Final/netty-codec-http-4.1.30.Final.jar:/home/user/.m2/repository/io/netty/netty-codec/4.1.30.Final/netty-codec-4.1.30.Final.jar:/home/user/.m2/repository/io/netty/netty-handler/4.1.30.Final/netty-handler-4.1.30.Final.jar:/home/user/.m2/repository/io/netty/netty-handler-proxy/4.1.30.Final/netty-handler-proxy-4.1.30.Final.jar:/home/user/.m2/repository/io/netty/netty-codec-socks/4.1.30.Final/netty-codec-socks-4.1.30.Final.jar:/home/user/.m2/repository/io/netty/netty-transport-native-epoll/4.1.30.Final/netty-transport-native-epoll-4.1.30.Final.jar:/home/user/.m2/repository/io/netty/netty-common/4.1.30.Final/netty-common-4.1.30.Final.jar:/home/user/.m2/repository/io/netty/netty-buffer/4.1.30.Final/netty-buffer-4.1.30.Final.jar:/home/user/.m2/repository/io/netty/netty-transport/4.1.30.Final/netty-transport-4.1.30.Final.jar:/home/user/.m2/repository/io/netty/netty-resolver/4.1.30.Final/netty-resolver-4.1.30.Final.jar:/home/user/.m2/repository/io/netty/netty-transport-native-unix-common/4.1.30.Final/netty-transport-native-unix-common-4.1.30.Final.jar:/home/user/.m2/repository/io/grpc/grpc-protobuf/1.17.1/grpc-protobuf-1.17.1.jar:/home/user/.m2/repository/com/google/api/grpc/proto-google-common-protos/1.0.0/proto-google-common-protos-1.0.0.jar:/home/user/.m2/repository/io/grpc/grpc-protobuf-lite/1.17.1/grpc-protobuf-lite-1.17.1.jar:/home/user/.m2/repository/io/grpc/grpc-stub/1.17.1/grpc-stub-1.17.1.jar:/home/user/.m2/repository/org/apache/hadoop/hadoop-ozone-recon/0.5.0-SNAPSHOT/hadoop-ozone-recon-0.5.0-SNAPSHOT.jar:/home/user/.m2/repository/org/apache/hadoop/hadoop-ozone-reconcodegen/0.5.0-SNAPSHOT/hadoop-ozone-reconcodegen-0.5.0-SNAPSHOT.jar:/home/user/.m2/repository/com/google/inject/extensions/guice-multibindings/4.0/guice-multibindings-4.0.jar:/home/user/.m2/repository/com/google/inject/guice/4.0/guice-4.0.jar:/home/user/.m2/repository/aopalliance/aopalliance/1.0/aopalliance-1.0.jar:/home/user/.m2/repository/com/google/inject/extensions/guice-servlet/4.0/guice-servlet-4.0.jar:/home/user/.m2/repository/org/glassfish/jersey/containers/jersey-container-servlet/2.27/jersey-container-servlet-2.27.jar:/home/user/.m2/repository/org/glassfish/hk2/guice-bridge/2.5.0/guice-bridge-2.5.0.jar:/home/user/.m2/repository/org/glassfish/jersey/core/jersey-server/2.27/jersey-server-2.27.jar:/home/user/.m2/repository/org/glassfish/jersey/core/jersey-client/2.27/jersey-client-2.27.jar:/home/user/.m2/repository/org/glassfish/jersey/media/jersey-media-jaxb/2.27/jersey-media-jaxb-2.27.jar:/home/user/.m2/repository/javax/validation/validation-api/1.1.0.Final/validation-api-1.1.0.Final.jar:/home/user/.m2/repository/org/glassfish/jersey/media/jersey-media-json-jackson/2.27/jersey-media-json-jackson-2.27.jar:/home/user/.m2/repository/org/glassfish/jersey/ext/jersey-entity-filtering/2.27/jersey-entity-filtering-2.27.jar:/home/user/.m2/repository/com/google/inject/extensions/guice-assistedinject/4.0/guice-assistedinject-4.0.jar:/home/user/.m2/repository/org/jooq/jooq/3.11.10/jooq-3.11.10.jar:/home/user/.m2/repository/org/jooq/jooq-meta/3.11.10/jooq-meta-3.11.10.jar:/home/user/.m2/repository/org/jooq/jooq-codegen/3.11.10/jooq-codegen-3.11.10.jar:/home/user/.m2/repository/com/jolbox/bonecp/0.8.0.RELEASE/bonecp-0.8.0.RELEASE.jar:/home/user/.m2/repository/org/xerial/sqlite-jdbc/3.25.2/sqlite-jdbc-3.25.2.jar:/home/user/.m2/repository/org/springframework/spring-jdbc/5.1.3.RELEASE/spring-jdbc-5.1.3.RELEASE.jar:/home/user/.m2/repository/org/springframework/spring-beans/5.1.3.RELEASE/spring-beans-5.1.3.RELEASE.jar:/home/user/.m2/repository/org/springframework/spring-core/5.1.3.RELEASE/spring-core-5.1.3.RELEASE.jar:/home/user/.m2/repository/org/springframework/spring-jcl/5.1.3.RELEASE/spring-jcl-5.1.3.RELEASE.jar:/home/user/.m2/repository/org/springframework/spring-tx/5.1.3.RELEASE/spring-tx-5.1.3.RELEASE.jar:/home/user/.m2/repository/org/apache/hadoop/hadoop-ozone-client/0.5.0-SNAPSHOT/hadoop-ozone-client-0.5.0-SNAPSHOT.jar:/home/user/.m2/repository/commons-lang/commons-lang/2.6/commons-lang-2.6.jar:/home/user/.m2/repository/org/apache/hadoop/hadoop-ozone-ozone-manager/0.5.0-SNAPSHOT/hadoop-ozone-ozone-manager-0.5.0-SNAPSHOT-tests.jar:/home/user/.m2/repository/junit/junit/4.11/junit-4.11.jar:/home/user/.m2/repository/org/hamcrest/hamcrest-core/1.3/hamcrest-core-1.3.jar:/home/user/.m2/repository/org/openjdk/jmh/jmh-core/1.19/jmh-core-1.19.jar:/home/user/.m2/repository/net/sf/jopt-simple/jopt-simple/4.6/jopt-simple-4.6.jar:/home/user/.m2/repository/org/apache/commons/commons-math3/3.1.1/commons-math3-3.1.1.jar:/home/user/.m2/repository/org/openjdk/jmh/jmh-generator-annprocess/1.19/jmh-generator-annprocess-1.19.jar:/home/user/.m2/repository/org/mockito/mockito-all/1.8.5/mockito-all-1.8.5.jar:/home/user/.m2/repository/org/apache/hadoop/hadoop-kms/3.2.0/hadoop-kms-3.2.0.jar:/home/user/.m2/repository/org/apache/hadoop/hadoop-auth/3.2.0/hadoop-auth-3.2.0.jar:/home/user/.m2/repository/com/nimbusds/nimbus-jose-jwt/4.41.1/nimbus-jose-jwt-4.41.1.jar:/home/user/.m2/repository/com/github/stephenc/jcip/jcip-annotations/1.0-1/jcip-annotations-1.0-1.jar:/home/user/.m2/repository/net/minidev/json-smart/2.3/json-smart-2.3.jar:/home/user/.m2/repository/net/minidev/accessors-smart/1.2/accessors-smart-1.2.jar:/home/user/.m2/repository/org/ow2/asm/asm/5.0.4/asm-5.0.4.jar:/home/user/.m2/repository/org/apache/curator/curator-framework/2.12.0/curator-framework-2.12.0.jar:/home/user/.m2/repository/com/sun/jersey/jersey-core/1.19/jersey-core-1.19.jar:/home/user/.m2/repository/javax/ws/rs/jsr311-api/1.1.1/jsr311-api-1.1.1.jar:/home/user/.m2/repository/com/sun/jersey/jersey-server/1.19/jersey-server-1.19.jar:/home/user/.m2/repository/javax/servlet/javax.servlet-api/3.1.0/javax.servlet-api-3.1.0.jar:/home/user/.m2/repository/org/eclipse/jetty/jetty-server/9.3.24.v20180605/jetty-server-9.3.24.v20180605.jar:/home/user/.m2/repository/org/eclipse/jetty/jetty-http/9.3.24.v20180605/jetty-http-9.3.24.v20180605.jar:/home/user/.m2/repository/org/eclipse/jetty/jetty-io/9.3.24.v20180605/jetty-io-9.3.24.v20180605.jar:/home/user/.m2/repository/org/eclipse/jetty/jetty-webapp/9.3.24.v20180605/jetty-webapp-9.3.24.v20180605.jar:/home/user/.m2/repository/org/eclipse/jetty/jetty-xml/9.3.24.v20180605/jetty-xml-9.3.24.v20180605.jar:/home/user/.m2/repository/log4j/log4j/1.2.17/log4j-1.2.17.jar:/home/user/.m2/repository/org/slf4j/slf4j-api/1.7.25/slf4j-api-1.7.25.jar:/home/user/.m2/repository/org/slf4j/jul-to-slf4j/1.7.25/jul-to-slf4j-1.7.25.jar:/home/user/.m2/repository/org/eclipse/jetty/jetty-util/9.3.24.v20180605/jetty-util-9.3.24.v20180605.jar:/home/user/.m2/repository/com/fasterxml/jackson/core/jackson-databind/2.9.5/jackson-databind-2.9.5.jar:/home/user/.m2/repository/org/apache/hadoop/hadoop-kms/3.2.0/hadoop-kms-3.2.0-tests.jar:/home/user/.m2/repository/org/apache/hadoop/hadoop-hdds-server-scm/0.5.0-SNAPSHOT/hadoop-hdds-server-scm-0.5.0-SNAPSHOT-tests.jar:/home/user/.m2/repository/org/apache/hadoop/hadoop-hdds-container-service/0.5.0-SNAPSHOT/hadoop-hdds-container-service-0.5.0-SNAPSHOT-tests.jar:/home/user/.m2/repository/org/yaml/snakeyaml/1.16/snakeyaml-1.16.jar:/home/user/.m2/repository/org/apache/hadoop/hadoop-common/3.2.0/hadoop-common-3.2.0-tests.jar:/home/user/.m2/repository/org/apache/hadoop/hadoop-annotations/3.2.0/hadoop-annotations-3.2.0.jar:/usr/lib/jvm/java-1.8-openjdk/jre/../lib/tools.jar:/home/user/.m2/repository/commons-cli/commons-cli/1.2/commons-cli-1.2.jar:/home/user/.m2/repository/org/apache/httpcomponents/httpclient/4.5.2/httpclient-4.5.2.jar:/home/user/.m2/repository/org/apache/httpcomponents/httpcore/4.4.4/httpcore-4.4.4.jar:/home/user/.m2/repository/commons-codec/commons-codec/1.11/commons-codec-1.11.jar:/home/user/.m2/repository/commons-net/commons-net/3.6/commons-net-3.6.jar:/home/user/.m2/repository/commons-collections/commons-collections/3.2.2/commons-collections-3.2.2.jar:/home/user/.m2/repository/org/eclipse/jetty/jetty-servlet/9.3.24.v20180605/jetty-servlet-9.3.24.v20180605.jar:/home/user/.m2/repository/org/eclipse/jetty/jetty-security/9.3.24.v20180605/jetty-security-9.3.24.v20180605.jar:/home/user/.m2/repository/javax/servlet/jsp/jsp-api/2.1/jsp-api-2.1.jar:/home/user/.m2/repository/com/sun/jersey/jersey-servlet/1.19/jersey-servlet-1.19.jar:/home/user/.m2/repository/com/sun/jersey/jersey-json/1.19/jersey-json-1.19.jar:/home/user/.m2/repository/org/codehaus/jettison/jettison/1.1/jettison-1.1.jar:/home/user/.m2/repository/org/codehaus/jackson/jackson-core-asl/1.9.13/jackson-core-asl-1.9.13.jar:/home/user/.m2/repository/org/codehaus/jackson/jackson-mapper-asl/1.9.13/jackson-mapper-asl-1.9.13.jar:/home/user/.m2/repository/org/codehaus/jackson/jackson-jaxrs/1.9.13/jackson-jaxrs-1.9.13.jar:/home/user/.m2/repository/org/codehaus/jackson/jackson-xc/1.9.13/jackson-xc-1.9.13.jar:/home/user/.m2/repository/commons-logging/commons-logging/1.1.3/commons-logging-1.1.3.jar:/home/user/.m2/repository/commons-beanutils/commons-beanutils/1.9.3/commons-beanutils-1.9.3.jar:/home/user/.m2/repository/org/apache/commons/commons-configuration2/2.1.1/commons-configuration2-2.1.1.jar:/home/user/.m2/repository/org/apache/commons/commons-lang3/3.7/commons-lang3-3.7.jar:/home/user/.m2/repository/org/apache/commons/commons-text/1.4/commons-text-1.4.jar:/home/user/.m2/repository/org/apache/avro/avro/1.7.7/avro-1.7.7.jar:/home/user/.m2/repository/com/thoughtworks/paranamer/paranamer/2.3/paranamer-2.3.jar:/home/user/.m2/repository/org/xerial/snappy/snappy-java/1.0.5/snappy-java-1.0.5.jar:/home/user/.m2/repository/com/google/re2j/re2j/1.1/re2j-1.1.jar:/home/user/.m2/repository/com/google/code/gson/gson/2.2.4/gson-2.2.4.jar:/home/user/.m2/repository/com/jcraft/jsch/0.1.54/jsch-0.1.54.jar:/home/user/.m2/repository/org/apache/curator/curator-client/2.12.0/curator-client-2.12.0.jar:/home/user/.m2/repository/org/apache/curator/curator-recipes/2.12.0/curator-recipes-2.12.0.jar:/home/user/.m2/repository/com/google/code/findbugs/jsr305/3.0.0/jsr305-3.0.0.jar:/home/user/.m2/repository/org/apache/htrace/htrace-core4/4.1.0-incubating/htrace-core4-4.1.0-incubating.jar:/home/user/.m2/repository/org/apache/zookeeper/zookeeper/3.4.13/zookeeper-3.4.13.jar:/home/user/.m2/repository/org/apache/yetus/audience-annotations/0.5.0/audience-annotations-0.5.0.jar:/home/user/.m2/repository/org/codehaus/woodstox/stax2-api/3.1.4/stax2-api-3.1.4.jar:/home/user/.m2/repository/com/fasterxml/woodstox/woodstox-core/5.0.3/woodstox-core-5.0.3.jar:/home/user/.m2/repository/dnsjava/dnsjava/2.1.7/dnsjava-2.1.7.jar:/home/user/.m2/repository/org/apache/hadoop/hadoop-hdfs/3.2.0/hadoop-hdfs-3.2.0-tests.jar:/home/user/.m2/repository/org/eclipse/jetty/jetty-util-ajax/9.3.24.v20180605/jetty-util-ajax-9.3.24.v20180605.jar:/home/user/.m2/repository/commons-daemon/commons-daemon/1.0.13/commons-daemon-1.0.13.jar:/home/user/.m2/repository/io/netty/netty/3.10.5.Final/netty-3.10.5.Final.jar:/home/user/.m2/repository/io/netty/netty-all/4.0.52.Final/netty-all-4.0.52.Final.jar:/home/user/.m2/repository/org/fusesource/leveldbjni/leveldbjni-all/1.8/leveldbjni-all-1.8.jar:"/>
    <property name="java.vm.vendor" value="IcedTea"/>
    <property name="sun.arch.data.model" value="64"/>
    <property name="test.build.dir" value="/workdir/hadoop-ozone/integration-test/target/test-dir"/>
    <property name="test.cache.data" value=""/>
    <property name="java.vendor.url" value="https://icedtea.classpath.org"/>
    <property name="user.timezone" value=""/>
    <property name="java.vm.specification.version" value="1.8"/>
    <property name="os.name" value="Linux"/>
    <property name="test.build.data" value="/workdir/hadoop-ozone/integration-test/target/test-dir"/>
    <property name="user.country" value="US"/>
    <property name="sun.java.launcher" value="SUN_STANDARD"/>
    <property name="sun.boot.library.path" value="/usr/lib/jvm/java-1.8-openjdk/jre/lib/amd64"/>
    <property name="sun.java.command" value="/workdir/hadoop-ozone/integration-test/target/surefire/surefirebooter6849437154263015561.jar /workdir/hadoop-ozone/integration-test/target/surefire 2019-09-11T06-13-35_274-jvmRun1 surefire6265051056611296180tmp surefire_391668017771302353399tmp"/>
    <property name="test" value="!TestMiniChaosOzoneCluster"/>
    <property name="surefire.test.class.path" value="/workdir/hadoop-ozone/integration-test/target/test-classes:/workdir/hadoop-ozone/integration-test/target/classes:/home/user/.m2/repository/org/apache/hadoop/hadoop-ozone-common/0.5.0-SNAPSHOT/hadoop-ozone-common-0.5.0-SNAPSHOT.jar:/home/user/.m2/repository/org/apache/commons/commons-compress/1.4.1/commons-compress-1.4.1.jar:/home/user/.m2/repository/org/tukaani/xz/1.0/xz-1.0.jar:/home/user/.m2/repository/org/apache/hadoop/hadoop-common/3.2.0/hadoop-common-3.2.0.jar:/home/user/.m2/repository/org/apache/hadoop/hadoop-hdfs/3.2.0/hadoop-hdfs-3.2.0.jar:/home/user/.m2/repository/org/apache/hadoop/hadoop-hdfs-client/3.2.0/hadoop-hdfs-client-3.2.0.jar:/home/user/.m2/repository/com/fasterxml/jackson/core/jackson-annotations/2.9.5/jackson-annotations-2.9.5.jar:/home/user/.m2/repository/org/apache/hadoop/hadoop-hdds-common/0.5.0-SNAPSHOT/hadoop-hdds-common-0.5.0-SNAPSHOT.jar:/home/user/.m2/repository/javax/annotation/javax.annotation-api/1.2/javax.annotation-api-1.2.jar:/home/user/.m2/repository/org/apache/ratis/ratis-server/0.4.0-78e95b9-SNAPSHOT/ratis-server-0.4.0-78e95b9-SNAPSHOT.jar:/home/user/.m2/repository/org/apache/ratis/ratis-thirdparty-misc/0.2.0/ratis-thirdparty-misc-0.2.0.jar:/home/user/.m2/repository/org/apache/ratis/ratis-proto/0.4.0-78e95b9-SNAPSHOT/ratis-proto-0.4.0-78e95b9-SNAPSHOT.jar:/home/user/.m2/repository/org/apache/ratis/ratis-common/0.4.0-78e95b9-SNAPSHOT/ratis-common-0.4.0-78e95b9-SNAPSHOT.jar:/home/user/.m2/repository/org/apache/ratis/ratis-client/0.4.0-78e95b9-SNAPSHOT/ratis-client-0.4.0-78e95b9-SNAPSHOT.jar:/home/user/.m2/repository/org/apache/ratis/ratis-metrics/0.4.0-78e95b9-SNAPSHOT/ratis-metrics-0.4.0-78e95b9-SNAPSHOT.jar:/home/user/.m2/repository/com/github/joshelser/dropwizard-metrics-hadoop-metrics2-reporter/0.1.2/dropwizard-metrics-hadoop-metrics2-reporter-0.1.2.jar:/home/user/.m2/repository/io/dropwizard/metrics/metrics-jvm/3.2.5/metrics-jvm-3.2.5.jar:/home/user/.m2/repository/io/dropwizard/metrics/metrics-ganglia/3.2.5/metrics-ganglia-3.2.5.jar:/home/user/.m2/repository/info/ganglia/gmetric4j/gmetric4j/1.0.7/gmetric4j-1.0.7.jar:/home/user/.m2/repository/org/apache/ratis/ratis-netty/0.4.0-78e95b9-SNAPSHOT/ratis-netty-0.4.0-78e95b9-SNAPSHOT.jar:/home/user/.m2/repository/org/apache/ratis/ratis-grpc/0.4.0-78e95b9-SNAPSHOT/ratis-grpc-0.4.0-78e95b9-SNAPSHOT.jar:/home/user/.m2/repository/org/rocksdb/rocksdbjni/6.0.1/rocksdbjni-6.0.1.jar:/home/user/.m2/repository/org/apache/logging/log4j/log4j-api/2.11.0/log4j-api-2.11.0.jar:/home/user/.m2/repository/org/apache/logging/log4j/log4j-core/2.11.0/log4j-core-2.11.0.jar:/home/user/.m2/repository/com/lmax/disruptor/3.4.2/disruptor-3.4.2.jar:/home/user/.m2/repository/org/apache/commons/commons-pool2/2.6.0/commons-pool2-2.6.0.jar:/home/user/.m2/repository/org/bouncycastle/bcpkix-jdk15on/1.60/bcpkix-jdk15on-1.60.jar:/home/user/.m2/repository/commons-validator/commons-validator/1.6/commons-validator-1.6.jar:/home/user/.m2/repository/commons-digester/commons-digester/1.8.1/commons-digester-1.8.1.jar:/home/user/.m2/repository/io/jaegertracing/jaeger-client/0.33.1/jaeger-client-0.33.1.jar:/home/user/.m2/repository/io/jaegertracing/jaeger-thrift/0.33.1/jaeger-thrift-0.33.1.jar:/home/user/.m2/repository/org/apache/thrift/libthrift/0.11.0/libthrift-0.11.0.jar:/home/user/.m2/repository/com/squareup/okhttp3/okhttp/3.9.0/okhttp-3.9.0.jar:/home/user/.m2/repository/com/squareup/okio/okio/1.13.0/okio-1.13.0.jar:/home/user/.m2/repository/io/jaegertracing/jaeger-core/0.33.1/jaeger-core-0.33.1.jar:/home/user/.m2/repository/io/jaegertracing/jaeger-tracerresolver/0.33.1/jaeger-tracerresolver-0.33.1.jar:/home/user/.m2/repository/io/opentracing/contrib/opentracing-tracerresolver/0.1.5/opentracing-tracerresolver-0.1.5.jar:/home/user/.m2/repository/io/opentracing/opentracing-util/0.31.0/opentracing-util-0.31.0.jar:/home/user/.m2/repository/io/opentracing/opentracing-api/0.31.0/opentracing-api-0.31.0.jar:/home/user/.m2/repository/io/opentracing/opentracing-noop/0.31.0/opentracing-noop-0.31.0.jar:/home/user/.m2/repository/org/apache/hadoop/hadoop-hdds-server-framework/0.5.0-SNAPSHOT/hadoop-hdds-server-framework-0.5.0-SNAPSHOT.jar:/home/user/.m2/repository/org/apache/hadoop/hadoop-hdds-container-service/0.5.0-SNAPSHOT/hadoop-hdds-container-service-0.5.0-SNAPSHOT.jar:/home/user/.m2/repository/org/apache/hadoop/hadoop-hdds-client/0.5.0-SNAPSHOT/hadoop-hdds-client-0.5.0-SNAPSHOT.jar:/home/user/.m2/repository/org/apache/hadoop/hadoop-hdds-tools/0.5.0-SNAPSHOT/hadoop-hdds-tools-0.5.0-SNAPSHOT.jar:/home/user/.m2/repository/org/apache/hadoop/hadoop-hdds-server-scm/0.5.0-SNAPSHOT/hadoop-hdds-server-scm-0.5.0-SNAPSHOT.jar:/home/user/.m2/repository/org/apache/hadoop/hadoop-hdds-docs/0.5.0-SNAPSHOT/hadoop-hdds-docs-0.5.0-SNAPSHOT.jar:/home/user/.m2/repository/io/dropwizard/metrics/metrics-core/3.2.4/metrics-core-3.2.4.jar:/home/user/.m2/repository/org/hamcrest/hamcrest-all/1.3/hamcrest-all-1.3.jar:/home/user/.m2/repository/org/bouncycastle/bcprov-jdk15on/1.60/bcprov-jdk15on-1.60.jar:/home/user/.m2/repository/info/picocli/picocli/3.9.6/picocli-3.9.6.jar:/home/user/.m2/repository/com/google/protobuf/protobuf-java/2.5.0/protobuf-java-2.5.0.jar:/home/user/.m2/repository/com/google/guava/guava/11.0.2/guava-11.0.2.jar:/home/user/.m2/repository/org/apache/hadoop/hadoop-ozone-ozone-manager/0.5.0-SNAPSHOT/hadoop-ozone-ozone-manager-0.5.0-SNAPSHOT.jar:/home/user/.m2/repository/org/apache/hadoop/hadoop-minikdc/3.2.0/hadoop-minikdc-3.2.0.jar:/home/user/.m2/repository/commons-io/commons-io/2.5/commons-io-2.5.jar:/home/user/.m2/repository/org/apache/kerby/kerb-simplekdc/1.0.1/kerb-simplekdc-1.0.1.jar:/home/user/.m2/repository/org/apache/kerby/kerb-client/1.0.1/kerb-client-1.0.1.jar:/home/user/.m2/repository/org/apache/kerby/kerby-config/1.0.1/kerby-config-1.0.1.jar:/home/user/.m2/repository/org/apache/kerby/kerb-core/1.0.1/kerb-core-1.0.1.jar:/home/user/.m2/repository/org/apache/kerby/kerby-pkix/1.0.1/kerby-pkix-1.0.1.jar:/home/user/.m2/repository/org/apache/kerby/kerby-asn1/1.0.1/kerby-asn1-1.0.1.jar:/home/user/.m2/repository/org/apache/kerby/kerby-util/1.0.1/kerby-util-1.0.1.jar:/home/user/.m2/repository/org/apache/kerby/kerb-common/1.0.1/kerb-common-1.0.1.jar:/home/user/.m2/repository/org/apache/kerby/kerb-crypto/1.0.1/kerb-crypto-1.0.1.jar:/home/user/.m2/repository/org/apache/kerby/kerb-util/1.0.1/kerb-util-1.0.1.jar:/home/user/.m2/repository/org/apache/kerby/token-provider/1.0.1/token-provider-1.0.1.jar:/home/user/.m2/repository/org/apache/kerby/kerb-admin/1.0.1/kerb-admin-1.0.1.jar:/home/user/.m2/repository/org/apache/kerby/kerb-server/1.0.1/kerb-server-1.0.1.jar:/home/user/.m2/repository/org/apache/kerby/kerb-identity/1.0.1/kerb-identity-1.0.1.jar:/home/user/.m2/repository/org/apache/kerby/kerby-xdr/1.0.1/kerby-xdr-1.0.1.jar:/home/user/.m2/repository/org/slf4j/slf4j-log4j12/1.7.25/slf4j-log4j12-1.7.25.jar:/home/user/.m2/repository/org/apache/hadoop/hadoop-ozone-s3gateway/0.5.0-SNAPSHOT/hadoop-ozone-s3gateway-0.5.0-SNAPSHOT.jar:/home/user/.m2/repository/org/jboss/weld/servlet/weld-servlet/2.4.7.Final/weld-servlet-2.4.7.Final.jar:/home/user/.m2/repository/org/glassfish/jersey/containers/jersey-container-servlet-core/2.27/jersey-container-servlet-core-2.27.jar:/home/user/.m2/repository/org/glassfish/hk2/external/javax.inject/2.5.0-b42/javax.inject-2.5.0-b42.jar:/home/user/.m2/repository/org/glassfish/jersey/core/jersey-common/2.27/jersey-common-2.27.jar:/home/user/.m2/repository/org/glassfish/hk2/osgi-resource-locator/1.0.1/osgi-resource-locator-1.0.1.jar:/home/user/.m2/repository/javax/ws/rs/javax.ws.rs-api/2.1/javax.ws.rs-api-2.1.jar:/home/user/.m2/repository/org/glassfish/jersey/ext/cdi/jersey-cdi1x/2.27/jersey-cdi1x-2.27.jar:/home/user/.m2/repository/org/glassfish/jersey/inject/jersey-hk2/2.27/jersey-hk2-2.27.jar:/home/user/.m2/repository/org/glassfish/hk2/hk2-locator/2.5.0-b42/hk2-locator-2.5.0-b42.jar:/home/user/.m2/repository/org/javassist/javassist/3.22.0-CR2/javassist-3.22.0-CR2.jar:/home/user/.m2/repository/org/glassfish/hk2/hk2-api/2.5.0/hk2-api-2.5.0.jar:/home/user/.m2/repository/org/glassfish/hk2/external/jakarta.inject/2.5.0/jakarta.inject-2.5.0.jar:/home/user/.m2/repository/org/glassfish/hk2/hk2-utils/2.5.0/hk2-utils-2.5.0.jar:/home/user/.m2/repository/jakarta/annotation/jakarta.annotation-api/1.3.4/jakarta.annotation-api-1.3.4.jar:/home/user/.m2/repository/org/glassfish/hk2/external/aopalliance-repackaged/2.5.0/aopalliance-repackaged-2.5.0.jar:/home/user/.m2/repository/com/fasterxml/jackson/dataformat/jackson-dataformat-xml/2.9.0/jackson-dataformat-xml-2.9.0.jar:/home/user/.m2/repository/com/fasterxml/jackson/core/jackson-core/2.9.5/jackson-core-2.9.5.jar:/home/user/.m2/repository/com/fasterxml/jackson/module/jackson-module-jaxb-annotations/2.9.5/jackson-module-jaxb-annotations-2.9.5.jar:/home/user/.m2/repository/javax/enterprise/cdi-api/1.2/cdi-api-1.2.jar:/home/user/.m2/repository/javax/el/javax.el-api/3.0.0/javax.el-api-3.0.0.jar:/home/user/.m2/repository/javax/interceptor/javax.interceptor-api/1.2/javax.interceptor-api-1.2.jar:/home/user/.m2/repository/javax/inject/javax.inject/1/javax.inject-1.jar:/home/user/.m2/repository/com/sun/xml/bind/jaxb-impl/2.3.0.1/jaxb-impl-2.3.0.1.jar:/home/user/.m2/repository/com/sun/xml/bind/jaxb-core/2.3.0.1/jaxb-core-2.3.0.1.jar:/home/user/.m2/repository/javax/xml/bind/jaxb-api/2.3.0/jaxb-api-2.3.0.jar:/home/user/.m2/repository/javax/activation/activation/1.1.1/activation-1.1.1.jar:/home/user/.m2/repository/org/apache/hadoop/hadoop-ozone-csi/0.5.0-SNAPSHOT/hadoop-ozone-csi-0.5.0-SNAPSHOT.jar:/home/user/.m2/repository/com/google/protobuf/protobuf-java-util/3.5.1/protobuf-java-util-3.5.1.jar:/home/user/.m2/repository/org/apache/hadoop/hadoop-hdds-config/0.5.0-SNAPSHOT/hadoop-hdds-config-0.5.0-SNAPSHOT.jar:/home/user/.m2/repository/io/grpc/grpc-netty/1.17.1/grpc-netty-1.17.1.jar:/home/user/.m2/repository/io/grpc/grpc-core/1.17.1/grpc-core-1.17.1.jar:/home/user/.m2/repository/io/grpc/grpc-context/1.17.1/grpc-context-1.17.1.jar:/home/user/.m2/repository/com/google/errorprone/error_prone_annotations/2.2.0/error_prone_annotations-2.2.0.jar:/home/user/.m2/repository/org/codehaus/mojo/animal-sniffer-annotations/1.17/animal-sniffer-annotations-1.17.jar:/home/user/.m2/repository/io/opencensus/opencensus-api/0.17.0/opencensus-api-0.17.0.jar:/home/user/.m2/repository/io/opencensus/opencensus-contrib-grpc-metrics/0.17.0/opencensus-contrib-grpc-metrics-0.17.0.jar:/home/user/.m2/repository/io/netty/netty-codec-http2/4.1.30.Final/netty-codec-http2-4.1.30.Final.jar:/home/user/.m2/repository/io/netty/netty-codec-http/4.1.30.Final/netty-codec-http-4.1.30.Final.jar:/home/user/.m2/repository/io/netty/netty-codec/4.1.30.Final/netty-codec-4.1.30.Final.jar:/home/user/.m2/repository/io/netty/netty-handler/4.1.30.Final/netty-handler-4.1.30.Final.jar:/home/user/.m2/repository/io/netty/netty-handler-proxy/4.1.30.Final/netty-handler-proxy-4.1.30.Final.jar:/home/user/.m2/repository/io/netty/netty-codec-socks/4.1.30.Final/netty-codec-socks-4.1.30.Final.jar:/home/user/.m2/repository/io/netty/netty-transport-native-epoll/4.1.30.Final/netty-transport-native-epoll-4.1.30.Final.jar:/home/user/.m2/repository/io/netty/netty-common/4.1.30.Final/netty-common-4.1.30.Final.jar:/home/user/.m2/repository/io/netty/netty-buffer/4.1.30.Final/netty-buffer-4.1.30.Final.jar:/home/user/.m2/repository/io/netty/netty-transport/4.1.30.Final/netty-transport-4.1.30.Final.jar:/home/user/.m2/repository/io/netty/netty-resolver/4.1.30.Final/netty-resolver-4.1.30.Final.jar:/home/user/.m2/repository/io/netty/netty-transport-native-unix-common/4.1.30.Final/netty-transport-native-unix-common-4.1.30.Final.jar:/home/user/.m2/repository/io/grpc/grpc-protobuf/1.17.1/grpc-protobuf-1.17.1.jar:/home/user/.m2/repository/com/google/api/grpc/proto-google-common-protos/1.0.0/proto-google-common-protos-1.0.0.jar:/home/user/.m2/repository/io/grpc/grpc-protobuf-lite/1.17.1/grpc-protobuf-lite-1.17.1.jar:/home/user/.m2/repository/io/grpc/grpc-stub/1.17.1/grpc-stub-1.17.1.jar:/home/user/.m2/repository/org/apache/hadoop/hadoop-ozone-recon/0.5.0-SNAPSHOT/hadoop-ozone-recon-0.5.0-SNAPSHOT.jar:/home/user/.m2/repository/org/apache/hadoop/hadoop-ozone-reconcodegen/0.5.0-SNAPSHOT/hadoop-ozone-reconcodegen-0.5.0-SNAPSHOT.jar:/home/user/.m2/repository/com/google/inject/extensions/guice-multibindings/4.0/guice-multibindings-4.0.jar:/home/user/.m2/repository/com/google/inject/guice/4.0/guice-4.0.jar:/home/user/.m2/repository/aopalliance/aopalliance/1.0/aopalliance-1.0.jar:/home/user/.m2/repository/com/google/inject/extensions/guice-servlet/4.0/guice-servlet-4.0.jar:/home/user/.m2/repository/org/glassfish/jersey/containers/jersey-container-servlet/2.27/jersey-container-servlet-2.27.jar:/home/user/.m2/repository/org/glassfish/hk2/guice-bridge/2.5.0/guice-bridge-2.5.0.jar:/home/user/.m2/repository/org/glassfish/jersey/core/jersey-server/2.27/jersey-server-2.27.jar:/home/user/.m2/repository/org/glassfish/jersey/core/jersey-client/2.27/jersey-client-2.27.jar:/home/user/.m2/repository/org/glassfish/jersey/media/jersey-media-jaxb/2.27/jersey-media-jaxb-2.27.jar:/home/user/.m2/repository/javax/validation/validation-api/1.1.0.Final/validation-api-1.1.0.Final.jar:/home/user/.m2/repository/org/glassfish/jersey/media/jersey-media-json-jackson/2.27/jersey-media-json-jackson-2.27.jar:/home/user/.m2/repository/org/glassfish/jersey/ext/jersey-entity-filtering/2.27/jersey-entity-filtering-2.27.jar:/home/user/.m2/repository/com/google/inject/extensions/guice-assistedinject/4.0/guice-assistedinject-4.0.jar:/home/user/.m2/repository/org/jooq/jooq/3.11.10/jooq-3.11.10.jar:/home/user/.m2/repository/org/jooq/jooq-meta/3.11.10/jooq-meta-3.11.10.jar:/home/user/.m2/repository/org/jooq/jooq-codegen/3.11.10/jooq-codegen-3.11.10.jar:/home/user/.m2/repository/com/jolbox/bonecp/0.8.0.RELEASE/bonecp-0.8.0.RELEASE.jar:/home/user/.m2/repository/org/xerial/sqlite-jdbc/3.25.2/sqlite-jdbc-3.25.2.jar:/home/user/.m2/repository/org/springframework/spring-jdbc/5.1.3.RELEASE/spring-jdbc-5.1.3.RELEASE.jar:/home/user/.m2/repository/org/springframework/spring-beans/5.1.3.RELEASE/spring-beans-5.1.3.RELEASE.jar:/home/user/.m2/repository/org/springframework/spring-core/5.1.3.RELEASE/spring-core-5.1.3.RELEASE.jar:/home/user/.m2/repository/org/springframework/spring-jcl/5.1.3.RELEASE/spring-jcl-5.1.3.RELEASE.jar:/home/user/.m2/repository/org/springframework/spring-tx/5.1.3.RELEASE/spring-tx-5.1.3.RELEASE.jar:/home/user/.m2/repository/org/apache/hadoop/hadoop-ozone-client/0.5.0-SNAPSHOT/hadoop-ozone-client-0.5.0-SNAPSHOT.jar:/home/user/.m2/repository/commons-lang/commons-lang/2.6/commons-lang-2.6.jar:/home/user/.m2/repository/org/apache/hadoop/hadoop-ozone-ozone-manager/0.5.0-SNAPSHOT/hadoop-ozone-ozone-manager-0.5.0-SNAPSHOT-tests.jar:/home/user/.m2/repository/junit/junit/4.11/junit-4.11.jar:/home/user/.m2/repository/org/hamcrest/hamcrest-core/1.3/hamcrest-core-1.3.jar:/home/user/.m2/repository/org/openjdk/jmh/jmh-core/1.19/jmh-core-1.19.jar:/home/user/.m2/repository/net/sf/jopt-simple/jopt-simple/4.6/jopt-simple-4.6.jar:/home/user/.m2/repository/org/apache/commons/commons-math3/3.1.1/commons-math3-3.1.1.jar:/home/user/.m2/repository/org/openjdk/jmh/jmh-generator-annprocess/1.19/jmh-generator-annprocess-1.19.jar:/home/user/.m2/repository/org/mockito/mockito-all/1.8.5/mockito-all-1.8.5.jar:/home/user/.m2/repository/org/apache/hadoop/hadoop-kms/3.2.0/hadoop-kms-3.2.0.jar:/home/user/.m2/repository/org/apache/hadoop/hadoop-auth/3.2.0/hadoop-auth-3.2.0.jar:/home/user/.m2/repository/com/nimbusds/nimbus-jose-jwt/4.41.1/nimbus-jose-jwt-4.41.1.jar:/home/user/.m2/repository/com/github/stephenc/jcip/jcip-annotations/1.0-1/jcip-annotations-1.0-1.jar:/home/user/.m2/repository/net/minidev/json-smart/2.3/json-smart-2.3.jar:/home/user/.m2/repository/net/minidev/accessors-smart/1.2/accessors-smart-1.2.jar:/home/user/.m2/repository/org/ow2/asm/asm/5.0.4/asm-5.0.4.jar:/home/user/.m2/repository/org/apache/curator/curator-framework/2.12.0/curator-framework-2.12.0.jar:/home/user/.m2/repository/com/sun/jersey/jersey-core/1.19/jersey-core-1.19.jar:/home/user/.m2/repository/javax/ws/rs/jsr311-api/1.1.1/jsr311-api-1.1.1.jar:/home/user/.m2/repository/com/sun/jersey/jersey-server/1.19/jersey-server-1.19.jar:/home/user/.m2/repository/javax/servlet/javax.servlet-api/3.1.0/javax.servlet-api-3.1.0.jar:/home/user/.m2/repository/org/eclipse/jetty/jetty-server/9.3.24.v20180605/jetty-server-9.3.24.v20180605.jar:/home/user/.m2/repository/org/eclipse/jetty/jetty-http/9.3.24.v20180605/jetty-http-9.3.24.v20180605.jar:/home/user/.m2/repository/org/eclipse/jetty/jetty-io/9.3.24.v20180605/jetty-io-9.3.24.v20180605.jar:/home/user/.m2/repository/org/eclipse/jetty/jetty-webapp/9.3.24.v20180605/jetty-webapp-9.3.24.v20180605.jar:/home/user/.m2/repository/org/eclipse/jetty/jetty-xml/9.3.24.v20180605/jetty-xml-9.3.24.v20180605.jar:/home/user/.m2/repository/log4j/log4j/1.2.17/log4j-1.2.17.jar:/home/user/.m2/repository/org/slf4j/slf4j-api/1.7.25/slf4j-api-1.7.25.jar:/home/user/.m2/repository/org/slf4j/jul-to-slf4j/1.7.25/jul-to-slf4j-1.7.25.jar:/home/user/.m2/repository/org/eclipse/jetty/jetty-util/9.3.24.v20180605/jetty-util-9.3.24.v20180605.jar:/home/user/.m2/repository/com/fasterxml/jackson/core/jackson-databind/2.9.5/jackson-databind-2.9.5.jar:/home/user/.m2/repository/org/apache/hadoop/hadoop-kms/3.2.0/hadoop-kms-3.2.0-tests.jar:/home/user/.m2/repository/org/apache/hadoop/hadoop-hdds-server-scm/0.5.0-SNAPSHOT/hadoop-hdds-server-scm-0.5.0-SNAPSHOT-tests.jar:/home/user/.m2/repository/org/apache/hadoop/hadoop-hdds-container-service/0.5.0-SNAPSHOT/hadoop-hdds-container-service-0.5.0-SNAPSHOT-tests.jar:/home/user/.m2/repository/org/yaml/snakeyaml/1.16/snakeyaml-1.16.jar:/home/user/.m2/repository/org/apache/hadoop/hadoop-common/3.2.0/hadoop-common-3.2.0-tests.jar:/home/user/.m2/repository/org/apache/hadoop/hadoop-annotations/3.2.0/hadoop-annotations-3.2.0.jar:/usr/lib/jvm/java-1.8-openjdk/jre/../lib/tools.jar:/home/user/.m2/repository/commons-cli/commons-cli/1.2/commons-cli-1.2.jar:/home/user/.m2/repository/org/apache/httpcomponents/httpclient/4.5.2/httpclient-4.5.2.jar:/home/user/.m2/repository/org/apache/httpcomponents/httpcore/4.4.4/httpcore-4.4.4.jar:/home/user/.m2/repository/commons-codec/commons-codec/1.11/commons-codec-1.11.jar:/home/user/.m2/repository/commons-net/commons-net/3.6/commons-net-3.6.jar:/home/user/.m2/repository/commons-collections/commons-collections/3.2.2/commons-collections-3.2.2.jar:/home/user/.m2/repository/org/eclipse/jetty/jetty-servlet/9.3.24.v20180605/jetty-servlet-9.3.24.v20180605.jar:/home/user/.m2/repository/org/eclipse/jetty/jetty-security/9.3.24.v20180605/jetty-security-9.3.24.v20180605.jar:/home/user/.m2/repository/javax/servlet/jsp/jsp-api/2.1/jsp-api-2.1.jar:/home/user/.m2/repository/com/sun/jersey/jersey-servlet/1.19/jersey-servlet-1.19.jar:/home/user/.m2/repository/com/sun/jersey/jersey-json/1.19/jersey-json-1.19.jar:/home/user/.m2/repository/org/codehaus/jettison/jettison/1.1/jettison-1.1.jar:/home/user/.m2/repository/org/codehaus/jackson/jackson-core-asl/1.9.13/jackson-core-asl-1.9.13.jar:/home/user/.m2/repository/org/codehaus/jackson/jackson-mapper-asl/1.9.13/jackson-mapper-asl-1.9.13.jar:/home/user/.m2/repository/org/codehaus/jackson/jackson-jaxrs/1.9.13/jackson-jaxrs-1.9.13.jar:/home/user/.m2/repository/org/codehaus/jackson/jackson-xc/1.9.13/jackson-xc-1.9.13.jar:/home/user/.m2/repository/commons-logging/commons-logging/1.1.3/commons-logging-1.1.3.jar:/home/user/.m2/repository/commons-beanutils/commons-beanutils/1.9.3/commons-beanutils-1.9.3.jar:/home/user/.m2/repository/org/apache/commons/commons-configuration2/2.1.1/commons-configuration2-2.1.1.jar:/home/user/.m2/repository/org/apache/commons/commons-lang3/3.7/commons-lang3-3.7.jar:/home/user/.m2/repository/org/apache/commons/commons-text/1.4/commons-text-1.4.jar:/home/user/.m2/repository/org/apache/avro/avro/1.7.7/avro-1.7.7.jar:/home/user/.m2/repository/com/thoughtworks/paranamer/paranamer/2.3/paranamer-2.3.jar:/home/user/.m2/repository/org/xerial/snappy/snappy-java/1.0.5/snappy-java-1.0.5.jar:/home/user/.m2/repository/com/google/re2j/re2j/1.1/re2j-1.1.jar:/home/user/.m2/repository/com/google/code/gson/gson/2.2.4/gson-2.2.4.jar:/home/user/.m2/repository/com/jcraft/jsch/0.1.54/jsch-0.1.54.jar:/home/user/.m2/repository/org/apache/curator/curator-client/2.12.0/curator-client-2.12.0.jar:/home/user/.m2/repository/org/apache/curator/curator-recipes/2.12.0/curator-recipes-2.12.0.jar:/home/user/.m2/repository/com/google/code/findbugs/jsr305/3.0.0/jsr305-3.0.0.jar:/home/user/.m2/repository/org/apache/htrace/htrace-core4/4.1.0-incubating/htrace-core4-4.1.0-incubating.jar:/home/user/.m2/repository/org/apache/zookeeper/zookeeper/3.4.13/zookeeper-3.4.13.jar:/home/user/.m2/repository/org/apache/yetus/audience-annotations/0.5.0/audience-annotations-0.5.0.jar:/home/user/.m2/repository/org/codehaus/woodstox/stax2-api/3.1.4/stax2-api-3.1.4.jar:/home/user/.m2/repository/com/fasterxml/woodstox/woodstox-core/5.0.3/woodstox-core-5.0.3.jar:/home/user/.m2/repository/dnsjava/dnsjava/2.1.7/dnsjava-2.1.7.jar:/home/user/.m2/repository/org/apache/hadoop/hadoop-hdfs/3.2.0/hadoop-hdfs-3.2.0-tests.jar:/home/user/.m2/repository/org/eclipse/jetty/jetty-util-ajax/9.3.24.v20180605/jetty-util-ajax-9.3.24.v20180605.jar:/home/user/.m2/repository/commons-daemon/commons-daemon/1.0.13/commons-daemon-1.0.13.jar:/home/user/.m2/repository/io/netty/netty/3.10.5.Final/netty-3.10.5.Final.jar:/home/user/.m2/repository/io/netty/netty-all/4.0.52.Final/netty-all-4.0.52.Final.jar:/home/user/.m2/repository/org/fusesource/leveldbjni/leveldbjni-all/1.8/leveldbjni-all-1.8.jar:"/>
    <property name="sun.cpu.endian" value="little"/>
    <property name="user.home" value="/home/user"/>
    <property name="user.language" value="en"/>
    <property name="java.specification.vendor" value="Oracle Corporation"/>
    <property name="java.home" value="/usr/lib/jvm/java-1.8-openjdk/jre"/>
    <property name="java.security.krb5.conf" value="/workdir/hadoop-ozone/integration-test/target/test-classes/krb5.conf"/>
    <property name="basedir" value="/workdir/hadoop-ozone/integration-test"/>
    <property name="file.separator" value="/"/>
    <property name="line.separator" value="&#10;"/>
    <property name="java.vm.specification.vendor" value="Oracle Corporation"/>
    <property name="java.specification.name" value="Java Platform API Specification"/>
    <property name="java.awt.graphicsenv" value="sun.awt.X11GraphicsEnvironment"/>
    <property name="surefire.real.class.path" value="/workdir/hadoop-ozone/integration-test/target/surefire/surefirebooter6849437154263015561.jar"/>
    <property name="hadoop.log.dir" value="/workdir/hadoop-ozone/integration-test/target/log"/>
    <property name="sun.boot.class.path" value="/usr/lib/jvm/java-1.8-openjdk/jre/lib/resources.jar:/usr/lib/jvm/java-1.8-openjdk/jre/lib/rt.jar:/usr/lib/jvm/java-1.8-openjdk/jre/lib/sunrsasign.jar:/usr/lib/jvm/java-1.8-openjdk/jre/lib/jsse.jar:/usr/lib/jvm/java-1.8-openjdk/jre/lib/jce.jar:/usr/lib/jvm/java-1.8-openjdk/jre/lib/charsets.jar:/usr/lib/jvm/java-1.8-openjdk/jre/lib/jfr.jar:/usr/lib/jvm/java-1.8-openjdk/jre/classes"/>
    <property name="sun.management.compiler" value="HotSpot 64-Bit Tiered Compilers"/>
    <property name="java.runtime.version" value="1.8.0_212-b04"/>
    <property name="java.net.preferIPv4Stack" value="true"/>
    <property name="user.name" value="jenkins1000"/>
    <property name="path.separator" value=":"/>
    <property name="java.security.egd" value="file:///dev/urandom"/>
    <property name="os.version" value="3.10.0-957.12.2.el7.x86_64"/>
    <property name="java.endorsed.dirs" value="/usr/lib/jvm/java-1.8-openjdk/jre/lib/endorsed"/>
    <property name="java.runtime.name" value="OpenJDK Runtime Environment"/>
    <property name="file.encoding" value="UTF-8"/>
    <property name="java.vm.name" value="OpenJDK 64-Bit Server VM"/>
    <property name="test.build.webapps" value=""/>
    <property name="localRepository" value="/home/user/.m2/repository"/>
    <property name="java.vendor.url.bug" value="https://icedtea.classpath.org/bugzilla"/>
    <property name="java.io.tmpdir" value="/tmp"/>
    <property name="require.test.libhadoop" value=""/>
    <property name="java.version" value="1.8.0_212"/>
    <property name="user.dir" value="/workdir/hadoop-ozone/integration-test"/>
    <property name="os.arch" value="amd64"/>
    <property name="java.vm.specification.name" value="Java Virtual Machine Specification"/>
    <property name="test.build.classes" value="/workdir/hadoop-ozone/integration-test/target/test-classes"/>
    <property name="java.awt.printerjob" value="sun.print.PSPrinterJob"/>
    <property name="sun.os.patch.level" value="unknown"/>
    <property name="hadoop.tmp.dir" value="/workdir/hadoop-ozone/integration-test/target/tmp"/>
    <property name="java.library.path" value="/usr/lib/jvm/java-1.8-openjdk/jre/lib/amd64/server:/usr/lib/jvm/java-1.8-openjdk/jre/lib/amd64:/usr/lib/jvm/java-1.8-openjdk/jre/../lib/amd64:/workdir/hadoop-ozone/integration-test/target/native/target/usr/local/lib:/workdir/hadoop-ozone/integration-test/../../hadoop-common-project/hadoop-common/target/native/target/usr/local/lib:/usr/java/packages/lib/amd64:/usr/lib64:/lib64:/lib:/usr/lib"/>
    <property name="java.vm.info" value="mixed mode"/>
    <property name="java.vendor" value="IcedTea"/>
    <property name="java.vm.version" value="25.212-b04"/>
    <property name="java.ext.dirs" value="/usr/lib/jvm/java-1.8-openjdk/jre/lib/ext:/usr/java/packages/lib/ext"/>
    <property name="sun.io.unicode.encoding" value="UnicodeLittle"/>
    <property name="java.class.version" value="52.0"/>
  </properties>
  <testcase name="testFlushChunk" classname="org.apache.hadoop.ozone.client.rpc.TestBlockOutputStream" time="5.321"/>
  <testcase name="testMultiChunkWrite2" classname="org.apache.hadoop.ozone.client.rpc.TestBlockOutputStream" time="192.92">
    <failure message="expected:&lt;5&gt; but was:&lt;8&gt;" type="java.lang.AssertionError"><![CDATA[java.lang.AssertionError: expected:<5> but was:<8>
	at org.junit.Assert.fail(Assert.java:88)
	at org.junit.Assert.failNotEquals(Assert.java:743)
	at org.junit.Assert.assertEquals(Assert.java:118)
	at org.junit.Assert.assertEquals(Assert.java:555)
	at org.junit.Assert.assertEquals(Assert.java:542)
	at org.apache.hadoop.ozone.client.rpc.TestBlockOutputStream.testMultiChunkWrite2(TestBlockOutputStream.java:466)
	at sun.reflect.NativeMethodAccessorImpl.invoke0(Native Method)
	at sun.reflect.NativeMethodAccessorImpl.invoke(NativeMethodAccessorImpl.java:62)
	at sun.reflect.DelegatingMethodAccessorImpl.invoke(DelegatingMethodAccessorImpl.java:43)
	at java.lang.reflect.Method.invoke(Method.java:498)
	at org.junit.runners.model.FrameworkMethod$1.runReflectiveCall(FrameworkMethod.java:47)
	at org.junit.internal.runners.model.ReflectiveCallable.run(ReflectiveCallable.java:12)
	at org.junit.runners.model.FrameworkMethod.invokeExplosively(FrameworkMethod.java:44)
	at org.junit.internal.runners.statements.InvokeMethod.evaluate(InvokeMethod.java:17)
	at org.junit.runners.ParentRunner.runLeaf(ParentRunner.java:271)
	at org.junit.runners.BlockJUnit4ClassRunner.runChild(BlockJUnit4ClassRunner.java:70)
	at org.junit.runners.BlockJUnit4ClassRunner.runChild(BlockJUnit4ClassRunner.java:50)
	at org.junit.runners.ParentRunner$3.run(ParentRunner.java:238)
	at org.junit.runners.ParentRunner$1.schedule(ParentRunner.java:63)
	at org.junit.runners.ParentRunner.runChildren(ParentRunner.java:236)
	at org.junit.runners.ParentRunner.access$000(ParentRunner.java:53)
	at org.junit.runners.ParentRunner$2.evaluate(ParentRunner.java:229)
	at org.junit.internal.runners.statements.RunBefores.evaluate(RunBefores.java:26)
	at org.junit.internal.runners.statements.RunAfters.evaluate(RunAfters.java:27)
	at org.junit.runners.ParentRunner.run(ParentRunner.java:309)
	at org.apache.maven.surefire.junit4.JUnit4Provider.execute(JUnit4Provider.java:365)
	at org.apache.maven.surefire.junit4.JUnit4Provider.executeWithRerun(JUnit4Provider.java:273)
	at org.apache.maven.surefire.junit4.JUnit4Provider.executeTestSet(JUnit4Provider.java:238)
	at org.apache.maven.surefire.junit4.JUnit4Provider.invoke(JUnit4Provider.java:159)
	at org.apache.maven.surefire.booter.ForkedBooter.invokeProviderInSameClassLoader(ForkedBooter.java:384)
	at org.apache.maven.surefire.booter.ForkedBooter.runSuitesInProcess(ForkedBooter.java:345)
	at org.apache.maven.surefire.booter.ForkedBooter.execute(ForkedBooter.java:126)
	at org.apache.maven.surefire.booter.ForkedBooter.main(ForkedBooter.java:418)
]]></failure>
    <system-out><![CDATA[2019-09-11 06:58:02,213 [java.util.concurrent.ThreadPoolExecutor$Worker@fe28b1[State = -1, empty queue]] WARN  server.GrpcLogAppender (GrpcLogAppender.java:timeoutAppendRequest(200)) - 1a989eca-a026-4062-a574-e52a85f9a2a4@group-4E1E24F5414E->4bd4e05e-fa44-45f4-99bb-ac21c4078a41-GrpcLogAppender: appendEntries Timeout, request=1a989eca-a026-4062-a574-e52a85f9a2a4->4bd4e05e-fa44-45f4-99bb-ac21c4078a41#8-t1, previous=(t:1, i:6), leaderCommit=6, initializing? false, entries: size=1, first=(t:1, i:7), STATEMACHINELOGENTRY, client-1A924A56FEAD, cid=16
2019-09-11 06:58:02,213 [java.util.concurrent.ThreadPoolExecutor$Worker@6ef3d61[State = -1, empty queue]] WARN  server.GrpcLogAppender (GrpcLogAppender.java:timeoutAppendRequest(200)) - 1a989eca-a026-4062-a574-e52a85f9a2a4@group-4E1E24F5414E->69a71f03-bd49-4dcf-a91a-b858634f7ca8-GrpcLogAppender: appendEntries Timeout, request=1a989eca-a026-4062-a574-e52a85f9a2a4->69a71f03-bd49-4dcf-a91a-b858634f7ca8#8-t1, previous=(t:1, i:6), leaderCommit=6, initializing? false, entries: size=1, first=(t:1, i:7), STATEMACHINELOGENTRY, client-1A924A56FEAD, cid=16
2019-09-11 06:58:02,238 [java.util.concurrent.ThreadPoolExecutor$Worker@fe28b1[State = -1, empty queue]] WARN  server.GrpcLogAppender (GrpcLogAppender.java:timeoutAppendRequest(200)) - 1a989eca-a026-4062-a574-e52a85f9a2a4@group-4E1E24F5414E->4bd4e05e-fa44-45f4-99bb-ac21c4078a41-GrpcLogAppender: appendEntries Timeout, request=1a989eca-a026-4062-a574-e52a85f9a2a4->4bd4e05e-fa44-45f4-99bb-ac21c4078a41#9-t1, previous=(t:1, i:7), leaderCommit=6, initializing? false, entries: size=1, first=(t:1, i:8), STATEMACHINELOGENTRY, client-1A924A56FEAD, cid=17
2019-09-11 06:58:02,242 [java.util.concurrent.ThreadPoolExecutor$Worker@6ef3d61[State = -1, empty queue]] WARN  server.GrpcLogAppender (GrpcLogAppender.java:timeoutAppendRequest(200)) - 1a989eca-a026-4062-a574-e52a85f9a2a4@group-4E1E24F5414E->69a71f03-bd49-4dcf-a91a-b858634f7ca8-GrpcLogAppender: appendEntries Timeout, request=1a989eca-a026-4062-a574-e52a85f9a2a4->69a71f03-bd49-4dcf-a91a-b858634f7ca8#9-t1, previous=(t:1, i:7), leaderCommit=6, initializing? false, entries: size=1, first=(t:1, i:8), STATEMACHINELOGENTRY, client-1A924A56FEAD, cid=17
2019-09-11 06:58:02,244 [java.util.concurrent.ThreadPoolExecutor$Worker@fe28b1[State = -1, empty queue]] WARN  server.GrpcLogAppender (GrpcLogAppender.java:timeoutAppendRequest(200)) - 1a989eca-a026-4062-a574-e52a85f9a2a4@group-4E1E24F5414E->4bd4e05e-fa44-45f4-99bb-ac21c4078a41-GrpcLogAppender: appendEntries Timeout, request=1a989eca-a026-4062-a574-e52a85f9a2a4->4bd4e05e-fa44-45f4-99bb-ac21c4078a41#10-t1, previous=(t:1, i:8), leaderCommit=6, initializing? false, entries: size=1, first=(t:1, i:9), STATEMACHINELOGENTRY, client-1A924A56FEAD, cid=18
2019-09-11 06:58:02,246 [java.util.concurrent.ThreadPoolExecutor$Worker@6ef3d61[State = -1, empty queue]] WARN  server.GrpcLogAppender (GrpcLogAppender.java:timeoutAppendRequest(200)) - 1a989eca-a026-4062-a574-e52a85f9a2a4@group-4E1E24F5414E->69a71f03-bd49-4dcf-a91a-b858634f7ca8-GrpcLogAppender: appendEntries Timeout, request=1a989eca-a026-4062-a574-e52a85f9a2a4->69a71f03-bd49-4dcf-a91a-b858634f7ca8#10-t1, previous=(t:1, i:8), leaderCommit=6, initializing? false, entries: size=1, first=(t:1, i:9), STATEMACHINELOGENTRY, client-1A924A56FEAD, cid=18
2019-09-11 06:58:02,247 [java.util.concurrent.ThreadPoolExecutor$Worker@fe28b1[State = -1, empty queue]] WARN  server.GrpcLogAppender (GrpcLogAppender.java:timeoutAppendRequest(200)) - 1a989eca-a026-4062-a574-e52a85f9a2a4@group-4E1E24F5414E->4bd4e05e-fa44-45f4-99bb-ac21c4078a41-GrpcLogAppender: appendEntries Timeout, request=1a989eca-a026-4062-a574-e52a85f9a2a4->4bd4e05e-fa44-45f4-99bb-ac21c4078a41#11-t1, previous=(t:1, i:9), leaderCommit=6, initializing? false, entries: size=1, first=(t:1, i:10), STATEMACHINELOGENTRY, client-1A924A56FEAD, cid=19
2019-09-11 06:58:02,249 [java.util.concurrent.ThreadPoolExecutor$Worker@6ef3d61[State = -1, empty queue]] WARN  server.GrpcLogAppender (GrpcLogAppender.java:timeoutAppendRequest(200)) - 1a989eca-a026-4062-a574-e52a85f9a2a4@group-4E1E24F5414E->69a71f03-bd49-4dcf-a91a-b858634f7ca8-GrpcLogAppender: appendEntries Timeout, request=1a989eca-a026-4062-a574-e52a85f9a2a4->69a71f03-bd49-4dcf-a91a-b858634f7ca8#11-t1, previous=(t:1, i:9), leaderCommit=6, initializing? false, entries: size=1, first=(t:1, i:10), STATEMACHINELOGENTRY, client-1A924A56FEAD, cid=19
2019-09-11 06:58:02,251 [java.util.concurrent.ThreadPoolExecutor$Worker@fe28b1[State = -1, empty queue]] WARN  server.GrpcLogAppender (GrpcLogAppender.java:timeoutAppendRequest(200)) - 1a989eca-a026-4062-a574-e52a85f9a2a4@group-4E1E24F5414E->4bd4e05e-fa44-45f4-99bb-ac21c4078a41-GrpcLogAppender: appendEntries Timeout, request=1a989eca-a026-4062-a574-e52a85f9a2a4->4bd4e05e-fa44-45f4-99bb-ac21c4078a41#12-t1, previous=(t:1, i:10), leaderCommit=6, initializing? false, entries: size=1, first=(t:1, i:11), STATEMACHINELOGENTRY, client-1A924A56FEAD, cid=20
2019-09-11 06:58:02,253 [java.util.concurrent.ThreadPoolExecutor$Worker@6ef3d61[State = -1, empty queue]] WARN  server.GrpcLogAppender (GrpcLogAppender.java:timeoutAppendRequest(200)) - 1a989eca-a026-4062-a574-e52a85f9a2a4@group-4E1E24F5414E->69a71f03-bd49-4dcf-a91a-b858634f7ca8-GrpcLogAppender: appendEntries Timeout, request=1a989eca-a026-4062-a574-e52a85f9a2a4->69a71f03-bd49-4dcf-a91a-b858634f7ca8#12-t1, previous=(t:1, i:10), leaderCommit=6, initializing? false, entries: size=1, first=(t:1, i:11), STATEMACHINELOGENTRY, client-1A924A56FEAD, cid=20
2019-09-11 06:58:04,302 [grpc-default-executor-2] INFO  client.GrpcClientProtocolClient (GrpcClientProtocolClient.java:onNext(264)) - client-1A924A56FEAD->4bd4e05e-fa44-45f4-99bb-ac21c4078a41: receive RaftClientReply:client-1A924A56FEAD->4bd4e05e-fa44-45f4-99bb-ac21c4078a41@group-4E1E24F5414E, cid=16, FAILED org.apache.ratis.protocol.NotLeaderException: Server 4bd4e05e-fa44-45f4-99bb-ac21c4078a41@group-4E1E24F5414E is not the leader 1a989eca-a026-4062-a574-e52a85f9a2a4:192.168.34.12:35514, logIndex=0, commits[4bd4e05e-fa44-45f4-99bb-ac21c4078a41:c6, 69a71f03-bd49-4dcf-a91a-b858634f7ca8:c4, 1a989eca-a026-4062-a574-e52a85f9a2a4:c6]
2019-09-11 06:58:04,717 [java.util.concurrent.ThreadPoolExecutor$Worker@6ef3d61[State = -1, empty queue]] WARN  server.GrpcLogAppender (GrpcLogAppender.java:timeoutAppendRequest(200)) - 1a989eca-a026-4062-a574-e52a85f9a2a4@group-4E1E24F5414E->69a71f03-bd49-4dcf-a91a-b858634f7ca8-GrpcLogAppender: appendEntries Timeout, request=1a989eca-a026-4062-a574-e52a85f9a2a4->69a71f03-bd49-4dcf-a91a-b858634f7ca8#13-t1, previous=(t:1, i:11), leaderCommit=6, initializing? false, entries: <empty>
2019-09-11 06:58:04,717 [java.util.concurrent.ThreadPoolExecutor$Worker@fe28b1[State = -1, empty queue]] WARN  server.GrpcLogAppender (GrpcLogAppender.java:timeoutAppendRequest(200)) - 1a989eca-a026-4062-a574-e52a85f9a2a4@group-4E1E24F5414E->4bd4e05e-fa44-45f4-99bb-ac21c4078a41-GrpcLogAppender: appendEntries Timeout, request=1a989eca-a026-4062-a574-e52a85f9a2a4->4bd4e05e-fa44-45f4-99bb-ac21c4078a41#13-t1, previous=(t:1, i:11), leaderCommit=6, initializing? false, entries: <empty>
2019-09-11 06:58:07,220 [java.util.concurrent.ThreadPoolExecutor$Worker@6ef3d61[State = -1, empty queue]] WARN  server.GrpcLogAppender (GrpcLogAppender.java:timeoutAppendRequest(200)) - 1a989eca-a026-4062-a574-e52a85f9a2a4@group-4E1E24F5414E->69a71f03-bd49-4dcf-a91a-b858634f7ca8-GrpcLogAppender: appendEntries Timeout, request=1a989eca-a026-4062-a574-e52a85f9a2a4->69a71f03-bd49-4dcf-a91a-b858634f7ca8#14-t1, previous=(t:1, i:11), leaderCommit=6, initializing? false, entries: <empty>
2019-09-11 06:58:07,220 [java.util.concurrent.ThreadPoolExecutor$Worker@fe28b1[State = -1, empty queue]] WARN  server.GrpcLogAppender (GrpcLogAppender.java:timeoutAppendRequest(200)) - 1a989eca-a026-4062-a574-e52a85f9a2a4@group-4E1E24F5414E->4bd4e05e-fa44-45f4-99bb-ac21c4078a41-GrpcLogAppender: appendEntries Timeout, request=1a989eca-a026-4062-a574-e52a85f9a2a4->4bd4e05e-fa44-45f4-99bb-ac21c4078a41#14-t1, previous=(t:1, i:11), leaderCommit=6, initializing? false, entries: <empty>
2019-09-11 06:58:09,216 [1a989eca-a026-4062-a574-e52a85f9a2a4@group-4E1E24F5414E-SegmentedRaftLogWorker] WARN  segmented.SegmentedRaftLogWorker (SegmentedRaftLogWorker.java:getFromFuture(90)) - Timeout 0/~
org.apache.ratis.protocol.TimeoutIOException: Timeout 10s: WriteLog:7: (t:1, i:7), STATEMACHINELOGENTRY, client-1A924A56FEAD, cid=16-writeStateMachineData
	at org.apache.ratis.util.IOUtils.getFromFuture(IOUtils.java:87)
	at org.apache.ratis.server.raftlog.segmented.SegmentedRaftLogWorker$StateMachineDataPolicy.getFromFuture(SegmentedRaftLogWorker.java:87)
	at org.apache.ratis.server.raftlog.segmented.SegmentedRaftLogWorker$WriteLog.execute(SegmentedRaftLogWorker.java:477)
	at org.apache.ratis.server.raftlog.segmented.SegmentedRaftLogWorker.run(SegmentedRaftLogWorker.java:289)
	at java.lang.Thread.run(Thread.java:748)
Caused by: java.util.concurrent.TimeoutException
	at java.util.concurrent.CompletableFuture.timedGet(CompletableFuture.java:1771)
	at java.util.concurrent.CompletableFuture.get(CompletableFuture.java:1915)
	at org.apache.ratis.util.IOUtils.getFromFuture(IOUtils.java:79)
	... 4 more
2019-09-11 06:58:09,280 [4bd4e05e-fa44-45f4-99bb-ac21c4078a41@group-4E1E24F5414E-SegmentedRaftLogWorker] WARN  segmented.SegmentedRaftLogWorker (SegmentedRaftLogWorker.java:getFromFuture(90)) - Timeout 0/~
org.apache.ratis.protocol.TimeoutIOException: Timeout 10s: WriteLog:8: (t:1, i:8), STATEMACHINELOGENTRY, client-1A924A56FEAD, cid=17-writeStateMachineData
	at org.apache.ratis.util.IOUtils.getFromFuture(IOUtils.java:87)
	at org.apache.ratis.server.raftlog.segmented.SegmentedRaftLogWorker$StateMachineDataPolicy.getFromFuture(SegmentedRaftLogWorker.java:87)
	at org.apache.ratis.server.raftlog.segmented.SegmentedRaftLogWorker$WriteLog.execute(SegmentedRaftLogWorker.java:477)
	at org.apache.ratis.server.raftlog.segmented.SegmentedRaftLogWorker.run(SegmentedRaftLogWorker.java:289)
	at java.lang.Thread.run(Thread.java:748)
Caused by: java.util.concurrent.TimeoutException
	at java.util.concurrent.CompletableFuture.timedGet(CompletableFuture.java:1771)
	at java.util.concurrent.CompletableFuture.get(CompletableFuture.java:1915)
	at org.apache.ratis.util.IOUtils.getFromFuture(IOUtils.java:79)
	... 4 more
2019-09-11 06:58:09,280 [69a71f03-bd49-4dcf-a91a-b858634f7ca8@group-4E1E24F5414E-SegmentedRaftLogWorker] WARN  segmented.SegmentedRaftLogWorker (SegmentedRaftLogWorker.java:getFromFuture(90)) - Timeout 0/~
org.apache.ratis.protocol.TimeoutIOException: Timeout 10s: WriteLog:8: (t:1, i:8), STATEMACHINELOGENTRY, client-1A924A56FEAD, cid=17-writeStateMachineData
	at org.apache.ratis.util.IOUtils.getFromFuture(IOUtils.java:87)
	at org.apache.ratis.server.raftlog.segmented.SegmentedRaftLogWorker$StateMachineDataPolicy.getFromFuture(SegmentedRaftLogWorker.java:87)
	at org.apache.ratis.server.raftlog.segmented.SegmentedRaftLogWorker$WriteLog.execute(SegmentedRaftLogWorker.java:477)
	at org.apache.ratis.server.raftlog.segmented.SegmentedRaftLogWorker.run(SegmentedRaftLogWorker.java:289)
	at java.lang.Thread.run(Thread.java:748)
Caused by: java.util.concurrent.TimeoutException
	at java.util.concurrent.CompletableFuture.timedGet(CompletableFuture.java:1771)
	at java.util.concurrent.CompletableFuture.get(CompletableFuture.java:1915)
	at org.apache.ratis.util.IOUtils.getFromFuture(IOUtils.java:79)
	... 4 more
2019-09-11 06:58:09,388 [grpc-default-executor-2] INFO  client.GrpcClientProtocolClient (GrpcClientProtocolClient.java:onNext(264)) - client-1A924A56FEAD->4bd4e05e-fa44-45f4-99bb-ac21c4078a41: receive RaftClientReply:client-1A924A56FEAD->4bd4e05e-fa44-45f4-99bb-ac21c4078a41@group-4E1E24F5414E, cid=16, FAILED org.apache.ratis.protocol.NotLeaderException: Server 4bd4e05e-fa44-45f4-99bb-ac21c4078a41@group-4E1E24F5414E is not the leader 1a989eca-a026-4062-a574-e52a85f9a2a4:192.168.34.12:35514, logIndex=0, commits[4bd4e05e-fa44-45f4-99bb-ac21c4078a41:c6, 69a71f03-bd49-4dcf-a91a-b858634f7ca8:c4, 1a989eca-a026-4062-a574-e52a85f9a2a4:c6]
2019-09-11 06:58:09,721 [java.util.concurrent.ThreadPoolExecutor$Worker@6ef3d61[State = -1, empty queue]] WARN  server.GrpcLogAppender (GrpcLogAppender.java:timeoutAppendRequest(200)) - 1a989eca-a026-4062-a574-e52a85f9a2a4@group-4E1E24F5414E->69a71f03-bd49-4dcf-a91a-b858634f7ca8-GrpcLogAppender: appendEntries Timeout, request=1a989eca-a026-4062-a574-e52a85f9a2a4->69a71f03-bd49-4dcf-a91a-b858634f7ca8#15-t1, previous=(t:1, i:11), leaderCommit=6, initializing? false, entries: <empty>
2019-09-11 06:58:09,721 [java.util.concurrent.ThreadPoolExecutor$Worker@fe28b1[State = -1, empty queue]] WARN  server.GrpcLogAppender (GrpcLogAppender.java:timeoutAppendRequest(200)) - 1a989eca-a026-4062-a574-e52a85f9a2a4@group-4E1E24F5414E->4bd4e05e-fa44-45f4-99bb-ac21c4078a41-GrpcLogAppender: appendEntries Timeout, request=1a989eca-a026-4062-a574-e52a85f9a2a4->4bd4e05e-fa44-45f4-99bb-ac21c4078a41#15-t1, previous=(t:1, i:11), leaderCommit=6, initializing? false, entries: <empty>
2019-09-11 06:58:12,222 [java.util.concurrent.ThreadPoolExecutor$Worker@fe28b1[State = -1, empty queue]] WARN  server.GrpcLogAppender (GrpcLogAppender.java:timeoutAppendRequest(200)) - 1a989eca-a026-4062-a574-e52a85f9a2a4@group-4E1E24F5414E->4bd4e05e-fa44-45f4-99bb-ac21c4078a41-GrpcLogAppender: appendEntries Timeout, request=1a989eca-a026-4062-a574-e52a85f9a2a4->4bd4e05e-fa44-45f4-99bb-ac21c4078a41#16-t1, previous=(t:1, i:11), leaderCommit=6, initializing? false, entries: <empty>
2019-09-11 06:58:12,222 [java.util.concurrent.ThreadPoolExecutor$Worker@6ef3d61[State = -1, empty queue]] WARN  server.GrpcLogAppender (GrpcLogAppender.java:timeoutAppendRequest(200)) - 1a989eca-a026-4062-a574-e52a85f9a2a4@group-4E1E24F5414E->69a71f03-bd49-4dcf-a91a-b858634f7ca8-GrpcLogAppender: appendEntries Timeout, request=1a989eca-a026-4062-a574-e52a85f9a2a4->69a71f03-bd49-4dcf-a91a-b858634f7ca8#16-t1, previous=(t:1, i:11), leaderCommit=6, initializing? false, entries: <empty>
2019-09-11 06:58:14,449 [grpc-default-executor-2] INFO  client.GrpcClientProtocolClient (GrpcClientProtocolClient.java:onNext(264)) - client-1A924A56FEAD->69a71f03-bd49-4dcf-a91a-b858634f7ca8: receive RaftClientReply:client-1A924A56FEAD->69a71f03-bd49-4dcf-a91a-b858634f7ca8@group-4E1E24F5414E, cid=16, FAILED org.apache.ratis.protocol.NotLeaderException: Server 69a71f03-bd49-4dcf-a91a-b858634f7ca8@group-4E1E24F5414E is not the leader 1a989eca-a026-4062-a574-e52a85f9a2a4:192.168.34.12:35514, logIndex=0, commits[69a71f03-bd49-4dcf-a91a-b858634f7ca8:c6, 4bd4e05e-fa44-45f4-99bb-ac21c4078a41:c4, 1a989eca-a026-4062-a574-e52a85f9a2a4:c6]
2019-09-11 06:58:14,724 [java.util.concurrent.ThreadPoolExecutor$Worker@fe28b1[State = -1, empty queue]] WARN  server.GrpcLogAppender (GrpcLogAppender.java:timeoutAppendRequest(200)) - 1a989eca-a026-4062-a574-e52a85f9a2a4@group-4E1E24F5414E->4bd4e05e-fa44-45f4-99bb-ac21c4078a41-GrpcLogAppender: appendEntries Timeout, request=1a989eca-a026-4062-a574-e52a85f9a2a4->4bd4e05e-fa44-45f4-99bb-ac21c4078a41#17-t1, previous=(t:1, i:11), leaderCommit=6, initializing? false, entries: <empty>
2019-09-11 06:58:14,724 [java.util.concurrent.ThreadPoolExecutor$Worker@6ef3d61[State = -1, empty queue]] WARN  server.GrpcLogAppender (GrpcLogAppender.java:timeoutAppendRequest(200)) - 1a989eca-a026-4062-a574-e52a85f9a2a4@group-4E1E24F5414E->69a71f03-bd49-4dcf-a91a-b858634f7ca8-GrpcLogAppender: appendEntries Timeout, request=1a989eca-a026-4062-a574-e52a85f9a2a4->69a71f03-bd49-4dcf-a91a-b858634f7ca8#17-t1, previous=(t:1, i:11), leaderCommit=6, initializing? false, entries: <empty>
2019-09-11 06:58:17,226 [java.util.concurrent.ThreadPoolExecutor$Worker@6ef3d61[State = -1, empty queue]] WARN  server.GrpcLogAppender (GrpcLogAppender.java:timeoutAppendRequest(200)) - 1a989eca-a026-4062-a574-e52a85f9a2a4@group-4E1E24F5414E->69a71f03-bd49-4dcf-a91a-b858634f7ca8-GrpcLogAppender: appendEntries Timeout, request=1a989eca-a026-4062-a574-e52a85f9a2a4->69a71f03-bd49-4dcf-a91a-b858634f7ca8#18-t1, previous=(t:1, i:11), leaderCommit=6, initializing? false, entries: <empty>
2019-09-11 06:58:17,226 [java.util.concurrent.ThreadPoolExecutor$Worker@fe28b1[State = -1, empty queue]] WARN  server.GrpcLogAppender (GrpcLogAppender.java:timeoutAppendRequest(200)) - 1a989eca-a026-4062-a574-e52a85f9a2a4@group-4E1E24F5414E->4bd4e05e-fa44-45f4-99bb-ac21c4078a41-GrpcLogAppender: appendEntries Timeout, request=1a989eca-a026-4062-a574-e52a85f9a2a4->4bd4e05e-fa44-45f4-99bb-ac21c4078a41#18-t1, previous=(t:1, i:11), leaderCommit=6, initializing? false, entries: <empty>
2019-09-11 06:58:19,220 [1a989eca-a026-4062-a574-e52a85f9a2a4@group-4E1E24F5414E-SegmentedRaftLogWorker] WARN  segmented.SegmentedRaftLogWorker (SegmentedRaftLogWorker.java:getFromFuture(90)) - Timeout 1/~
org.apache.ratis.protocol.TimeoutIOException: Timeout 10s: WriteLog:7: (t:1, i:7), STATEMACHINELOGENTRY, client-1A924A56FEAD, cid=16-writeStateMachineData
	at org.apache.ratis.util.IOUtils.getFromFuture(IOUtils.java:87)
	at org.apache.ratis.server.raftlog.segmented.SegmentedRaftLogWorker$StateMachineDataPolicy.getFromFuture(SegmentedRaftLogWorker.java:87)
	at org.apache.ratis.server.raftlog.segmented.SegmentedRaftLogWorker$WriteLog.execute(SegmentedRaftLogWorker.java:477)
	at org.apache.ratis.server.raftlog.segmented.SegmentedRaftLogWorker.run(SegmentedRaftLogWorker.java:289)
	at java.lang.Thread.run(Thread.java:748)
Caused by: java.util.concurrent.TimeoutException
	at java.util.concurrent.CompletableFuture.timedGet(CompletableFuture.java:1771)
	at java.util.concurrent.CompletableFuture.get(CompletableFuture.java:1915)
	at org.apache.ratis.util.IOUtils.getFromFuture(IOUtils.java:79)
	... 4 more
2019-09-11 06:58:19,281 [4bd4e05e-fa44-45f4-99bb-ac21c4078a41@group-4E1E24F5414E-SegmentedRaftLogWorker] WARN  segmented.SegmentedRaftLogWorker (SegmentedRaftLogWorker.java:getFromFuture(90)) - Timeout 1/~
org.apache.ratis.protocol.TimeoutIOException: Timeout 10s: WriteLog:8: (t:1, i:8), STATEMACHINELOGENTRY, client-1A924A56FEAD, cid=17-writeStateMachineData
	at org.apache.ratis.util.IOUtils.getFromFuture(IOUtils.java:87)
	at org.apache.ratis.server.raftlog.segmented.SegmentedRaftLogWorker$StateMachineDataPolicy.getFromFuture(SegmentedRaftLogWorker.java:87)
	at org.apache.ratis.server.raftlog.segmented.SegmentedRaftLogWorker$WriteLog.execute(SegmentedRaftLogWorker.java:477)
	at org.apache.ratis.server.raftlog.segmented.SegmentedRaftLogWorker.run(SegmentedRaftLogWorker.java:289)
	at java.lang.Thread.run(Thread.java:748)
Caused by: java.util.concurrent.TimeoutException
	at java.util.concurrent.CompletableFuture.timedGet(CompletableFuture.java:1771)
	at java.util.concurrent.CompletableFuture.get(CompletableFuture.java:1915)
	at org.apache.ratis.util.IOUtils.getFromFuture(IOUtils.java:79)
	... 4 more
2019-09-11 06:58:19,281 [69a71f03-bd49-4dcf-a91a-b858634f7ca8@group-4E1E24F5414E-SegmentedRaftLogWorker] WARN  segmented.SegmentedRaftLogWorker (SegmentedRaftLogWorker.java:getFromFuture(90)) - Timeout 1/~
org.apache.ratis.protocol.TimeoutIOException: Timeout 10s: WriteLog:8: (t:1, i:8), STATEMACHINELOGENTRY, client-1A924A56FEAD, cid=17-writeStateMachineData
	at org.apache.ratis.util.IOUtils.getFromFuture(IOUtils.java:87)
	at org.apache.ratis.server.raftlog.segmented.SegmentedRaftLogWorker$StateMachineDataPolicy.getFromFuture(SegmentedRaftLogWorker.java:87)
	at org.apache.ratis.server.raftlog.segmented.SegmentedRaftLogWorker$WriteLog.execute(SegmentedRaftLogWorker.java:477)
	at org.apache.ratis.server.raftlog.segmented.SegmentedRaftLogWorker.run(SegmentedRaftLogWorker.java:289)
	at java.lang.Thread.run(Thread.java:748)
Caused by: java.util.concurrent.TimeoutException
	at java.util.concurrent.CompletableFuture.timedGet(CompletableFuture.java:1771)
	at java.util.concurrent.CompletableFuture.get(CompletableFuture.java:1915)
	at org.apache.ratis.util.IOUtils.getFromFuture(IOUtils.java:79)
	... 4 more
2019-09-11 06:58:19,510 [grpc-default-executor-2] INFO  client.GrpcClientProtocolClient (GrpcClientProtocolClient.java:onNext(264)) - client-1A924A56FEAD->4bd4e05e-fa44-45f4-99bb-ac21c4078a41: receive RaftClientReply:client-1A924A56FEAD->4bd4e05e-fa44-45f4-99bb-ac21c4078a41@group-4E1E24F5414E, cid=16, FAILED org.apache.ratis.protocol.NotLeaderException: Server 4bd4e05e-fa44-45f4-99bb-ac21c4078a41@group-4E1E24F5414E is not the leader 1a989eca-a026-4062-a574-e52a85f9a2a4:192.168.34.12:35514, logIndex=0, commits[4bd4e05e-fa44-45f4-99bb-ac21c4078a41:c6, 69a71f03-bd49-4dcf-a91a-b858634f7ca8:c4, 1a989eca-a026-4062-a574-e52a85f9a2a4:c6]
2019-09-11 06:58:19,726 [java.util.concurrent.ThreadPoolExecutor$Worker@fe28b1[State = -1, empty queue]] WARN  server.GrpcLogAppender (GrpcLogAppender.java:timeoutAppendRequest(200)) - 1a989eca-a026-4062-a574-e52a85f9a2a4@group-4E1E24F5414E->4bd4e05e-fa44-45f4-99bb-ac21c4078a41-GrpcLogAppender: appendEntries Timeout, request=1a989eca-a026-4062-a574-e52a85f9a2a4->4bd4e05e-fa44-45f4-99bb-ac21c4078a41#19-t1, previous=(t:1, i:11), leaderCommit=6, initializing? false, entries: <empty>
2019-09-11 06:58:19,726 [java.util.concurrent.ThreadPoolExecutor$Worker@6ef3d61[State = -1, empty queue]] WARN  server.GrpcLogAppender (GrpcLogAppender.java:timeoutAppendRequest(200)) - 1a989eca-a026-4062-a574-e52a85f9a2a4@group-4E1E24F5414E->69a71f03-bd49-4dcf-a91a-b858634f7ca8-GrpcLogAppender: appendEntries Timeout, request=1a989eca-a026-4062-a574-e52a85f9a2a4->69a71f03-bd49-4dcf-a91a-b858634f7ca8#19-t1, previous=(t:1, i:11), leaderCommit=6, initializing? false, entries: <empty>
2019-09-11 06:58:22,227 [java.util.concurrent.ThreadPoolExecutor$Worker@fe28b1[State = -1, empty queue]] WARN  server.GrpcLogAppender (GrpcLogAppender.java:timeoutAppendRequest(200)) - 1a989eca-a026-4062-a574-e52a85f9a2a4@group-4E1E24F5414E->4bd4e05e-fa44-45f4-99bb-ac21c4078a41-GrpcLogAppender: appendEntries Timeout, request=1a989eca-a026-4062-a574-e52a85f9a2a4->4bd4e05e-fa44-45f4-99bb-ac21c4078a41#20-t1, previous=(t:1, i:11), leaderCommit=6, initializing? false, entries: <empty>
2019-09-11 06:58:22,227 [java.util.concurrent.ThreadPoolExecutor$Worker@6ef3d61[State = -1, empty queue]] WARN  server.GrpcLogAppender (GrpcLogAppender.java:timeoutAppendRequest(200)) - 1a989eca-a026-4062-a574-e52a85f9a2a4@group-4E1E24F5414E->69a71f03-bd49-4dcf-a91a-b858634f7ca8-GrpcLogAppender: appendEntries Timeout, request=1a989eca-a026-4062-a574-e52a85f9a2a4->69a71f03-bd49-4dcf-a91a-b858634f7ca8#20-t1, previous=(t:1, i:11), leaderCommit=6, initializing? false, entries: <empty>
2019-09-11 06:58:24,577 [grpc-default-executor-2] INFO  client.GrpcClientProtocolClient (GrpcClientProtocolClient.java:onNext(264)) - client-1A924A56FEAD->69a71f03-bd49-4dcf-a91a-b858634f7ca8: receive RaftClientReply:client-1A924A56FEAD->69a71f03-bd49-4dcf-a91a-b858634f7ca8@group-4E1E24F5414E, cid=16, FAILED org.apache.ratis.protocol.NotLeaderException: Server 69a71f03-bd49-4dcf-a91a-b858634f7ca8@group-4E1E24F5414E is not the leader 1a989eca-a026-4062-a574-e52a85f9a2a4:192.168.34.12:35514, logIndex=0, commits[69a71f03-bd49-4dcf-a91a-b858634f7ca8:c6, 4bd4e05e-fa44-45f4-99bb-ac21c4078a41:c4, 1a989eca-a026-4062-a574-e52a85f9a2a4:c6]
2019-09-11 06:58:24,728 [java.util.concurrent.ThreadPoolExecutor$Worker@fe28b1[State = -1, empty queue]] WARN  server.GrpcLogAppender (GrpcLogAppender.java:timeoutAppendRequest(200)) - 1a989eca-a026-4062-a574-e52a85f9a2a4@group-4E1E24F5414E->4bd4e05e-fa44-45f4-99bb-ac21c4078a41-GrpcLogAppender: appendEntries Timeout, request=1a989eca-a026-4062-a574-e52a85f9a2a4->4bd4e05e-fa44-45f4-99bb-ac21c4078a41#21-t1, previous=(t:1, i:11), leaderCommit=6, initializing? false, entries: <empty>
2019-09-11 06:58:24,728 [java.util.concurrent.ThreadPoolExecutor$Worker@6ef3d61[State = -1, empty queue]] WARN  server.GrpcLogAppender (GrpcLogAppender.java:timeoutAppendRequest(200)) - 1a989eca-a026-4062-a574-e52a85f9a2a4@group-4E1E24F5414E->69a71f03-bd49-4dcf-a91a-b858634f7ca8-GrpcLogAppender: appendEntries Timeout, request=1a989eca-a026-4062-a574-e52a85f9a2a4->69a71f03-bd49-4dcf-a91a-b858634f7ca8#21-t1, previous=(t:1, i:11), leaderCommit=6, initializing? false, entries: <empty>
2019-09-11 06:58:27,229 [java.util.concurrent.ThreadPoolExecutor$Worker@6ef3d61[State = -1, empty queue]] WARN  server.GrpcLogAppender (GrpcLogAppender.java:timeoutAppendRequest(200)) - 1a989eca-a026-4062-a574-e52a85f9a2a4@group-4E1E24F5414E->69a71f03-bd49-4dcf-a91a-b858634f7ca8-GrpcLogAppender: appendEntries Timeout, request=1a989eca-a026-4062-a574-e52a85f9a2a4->69a71f03-bd49-4dcf-a91a-b858634f7ca8#22-t1, previous=(t:1, i:11), leaderCommit=6, initializing? false, entries: <empty>
2019-09-11 06:58:27,229 [java.util.concurrent.ThreadPoolExecutor$Worker@fe28b1[State = -1, empty queue]] WARN  server.GrpcLogAppender (GrpcLogAppender.java:timeoutAppendRequest(200)) - 1a989eca-a026-4062-a574-e52a85f9a2a4@group-4E1E24F5414E->4bd4e05e-fa44-45f4-99bb-ac21c4078a41-GrpcLogAppender: appendEntries Timeout, request=1a989eca-a026-4062-a574-e52a85f9a2a4->4bd4e05e-fa44-45f4-99bb-ac21c4078a41#22-t1, previous=(t:1, i:11), leaderCommit=6, initializing? false, entries: <empty>
2019-09-11 06:58:29,222 [1a989eca-a026-4062-a574-e52a85f9a2a4@group-4E1E24F5414E-SegmentedRaftLogWorker] WARN  segmented.SegmentedRaftLogWorker (SegmentedRaftLogWorker.java:getFromFuture(90)) - Timeout 2/~
org.apache.ratis.protocol.TimeoutIOException: Timeout 10s: WriteLog:7: (t:1, i:7), STATEMACHINELOGENTRY, client-1A924A56FEAD, cid=16-writeStateMachineData
	at org.apache.ratis.util.IOUtils.getFromFuture(IOUtils.java:87)
	at org.apache.ratis.server.raftlog.segmented.SegmentedRaftLogWorker$StateMachineDataPolicy.getFromFuture(SegmentedRaftLogWorker.java:87)
	at org.apache.ratis.server.raftlog.segmented.SegmentedRaftLogWorker$WriteLog.execute(SegmentedRaftLogWorker.java:477)
	at org.apache.ratis.server.raftlog.segmented.SegmentedRaftLogWorker.run(SegmentedRaftLogWorker.java:289)
	at java.lang.Thread.run(Thread.java:748)
Caused by: java.util.concurrent.TimeoutException
	at java.util.concurrent.CompletableFuture.timedGet(CompletableFuture.java:1771)
	at java.util.concurrent.CompletableFuture.get(CompletableFuture.java:1915)
	at org.apache.ratis.util.IOUtils.getFromFuture(IOUtils.java:79)
	... 4 more
2019-09-11 06:58:29,281 [4bd4e05e-fa44-45f4-99bb-ac21c4078a41@group-4E1E24F5414E-SegmentedRaftLogWorker] WARN  segmented.SegmentedRaftLogWorker (SegmentedRaftLogWorker.java:getFromFuture(90)) - Timeout 2/~
org.apache.ratis.protocol.TimeoutIOException: Timeout 10s: WriteLog:8: (t:1, i:8), STATEMACHINELOGENTRY, client-1A924A56FEAD, cid=17-writeStateMachineData
	at org.apache.ratis.util.IOUtils.getFromFuture(IOUtils.java:87)
	at org.apache.ratis.server.raftlog.segmented.SegmentedRaftLogWorker$StateMachineDataPolicy.getFromFuture(SegmentedRaftLogWorker.java:87)
	at org.apache.ratis.server.raftlog.segmented.SegmentedRaftLogWorker$WriteLog.execute(SegmentedRaftLogWorker.java:477)
	at org.apache.ratis.server.raftlog.segmented.SegmentedRaftLogWorker.run(SegmentedRaftLogWorker.java:289)
	at java.lang.Thread.run(Thread.java:748)
Caused by: java.util.concurrent.TimeoutException
	at java.util.concurrent.CompletableFuture.timedGet(CompletableFuture.java:1771)
	at java.util.concurrent.CompletableFuture.get(CompletableFuture.java:1915)
	at org.apache.ratis.util.IOUtils.getFromFuture(IOUtils.java:79)
	... 4 more
2019-09-11 06:58:29,282 [69a71f03-bd49-4dcf-a91a-b858634f7ca8@group-4E1E24F5414E-SegmentedRaftLogWorker] WARN  segmented.SegmentedRaftLogWorker (SegmentedRaftLogWorker.java:getFromFuture(90)) - Timeout 2/~
org.apache.ratis.protocol.TimeoutIOException: Timeout 10s: WriteLog:8: (t:1, i:8), STATEMACHINELOGENTRY, client-1A924A56FEAD, cid=17-writeStateMachineData
	at org.apache.ratis.util.IOUtils.getFromFuture(IOUtils.java:87)
	at org.apache.ratis.server.raftlog.segmented.SegmentedRaftLogWorker$StateMachineDataPolicy.getFromFuture(SegmentedRaftLogWorker.java:87)
	at org.apache.ratis.server.raftlog.segmented.SegmentedRaftLogWorker$WriteLog.execute(SegmentedRaftLogWorker.java:477)
	at org.apache.ratis.server.raftlog.segmented.SegmentedRaftLogWorker.run(SegmentedRaftLogWorker.java:289)
	at java.lang.Thread.run(Thread.java:748)
Caused by: java.util.concurrent.TimeoutException
	at java.util.concurrent.CompletableFuture.timedGet(CompletableFuture.java:1771)
	at java.util.concurrent.CompletableFuture.get(CompletableFuture.java:1915)
	at org.apache.ratis.util.IOUtils.getFromFuture(IOUtils.java:79)
	... 4 more
2019-09-11 06:58:29,647 [grpc-default-executor-0] INFO  client.GrpcClientProtocolClient (GrpcClientProtocolClient.java:onNext(264)) - client-1A924A56FEAD->69a71f03-bd49-4dcf-a91a-b858634f7ca8: receive RaftClientReply:client-1A924A56FEAD->69a71f03-bd49-4dcf-a91a-b858634f7ca8@group-4E1E24F5414E, cid=16, FAILED org.apache.ratis.protocol.NotLeaderException: Server 69a71f03-bd49-4dcf-a91a-b858634f7ca8@group-4E1E24F5414E is not the leader 1a989eca-a026-4062-a574-e52a85f9a2a4:192.168.34.12:35514, logIndex=0, commits[69a71f03-bd49-4dcf-a91a-b858634f7ca8:c6, 4bd4e05e-fa44-45f4-99bb-ac21c4078a41:c4, 1a989eca-a026-4062-a574-e52a85f9a2a4:c6]
2019-09-11 06:58:29,729 [java.util.concurrent.ThreadPoolExecutor$Worker@fe28b1[State = -1, empty queue]] WARN  server.GrpcLogAppender (GrpcLogAppender.java:timeoutAppendRequest(200)) - 1a989eca-a026-4062-a574-e52a85f9a2a4@group-4E1E24F5414E->4bd4e05e-fa44-45f4-99bb-ac21c4078a41-GrpcLogAppender: appendEntries Timeout, request=1a989eca-a026-4062-a574-e52a85f9a2a4->4bd4e05e-fa44-45f4-99bb-ac21c4078a41#23-t1, previous=(t:1, i:11), leaderCommit=6, initializing? false, entries: <empty>
2019-09-11 06:58:29,729 [java.util.concurrent.ThreadPoolExecutor$Worker@6ef3d61[State = -1, empty queue]] WARN  server.GrpcLogAppender (GrpcLogAppender.java:timeoutAppendRequest(200)) - 1a989eca-a026-4062-a574-e52a85f9a2a4@group-4E1E24F5414E->69a71f03-bd49-4dcf-a91a-b858634f7ca8-GrpcLogAppender: appendEntries Timeout, request=1a989eca-a026-4062-a574-e52a85f9a2a4->69a71f03-bd49-4dcf-a91a-b858634f7ca8#23-t1, previous=(t:1, i:11), leaderCommit=6, initializing? false, entries: <empty>
2019-09-11 06:58:32,231 [java.util.concurrent.ThreadPoolExecutor$Worker@fe28b1[State = -1, empty queue]] WARN  server.GrpcLogAppender (GrpcLogAppender.java:timeoutAppendRequest(200)) - 1a989eca-a026-4062-a574-e52a85f9a2a4@group-4E1E24F5414E->4bd4e05e-fa44-45f4-99bb-ac21c4078a41-GrpcLogAppender: appendEntries Timeout, request=1a989eca-a026-4062-a574-e52a85f9a2a4->4bd4e05e-fa44-45f4-99bb-ac21c4078a41#24-t1, previous=(t:1, i:11), leaderCommit=6, initializing? false, entries: <empty>
2019-09-11 06:58:32,231 [java.util.concurrent.ThreadPoolExecutor$Worker@6ef3d61[State = -1, empty queue]] WARN  server.GrpcLogAppender (GrpcLogAppender.java:timeoutAppendRequest(200)) - 1a989eca-a026-4062-a574-e52a85f9a2a4@group-4E1E24F5414E->69a71f03-bd49-4dcf-a91a-b858634f7ca8-GrpcLogAppender: appendEntries Timeout, request=1a989eca-a026-4062-a574-e52a85f9a2a4->69a71f03-bd49-4dcf-a91a-b858634f7ca8#24-t1, previous=(t:1, i:11), leaderCommit=6, initializing? false, entries: <empty>
2019-09-11 06:58:34,706 [grpc-default-executor-2] INFO  client.GrpcClientProtocolClient (GrpcClientProtocolClient.java:onNext(264)) - client-1A924A56FEAD->69a71f03-bd49-4dcf-a91a-b858634f7ca8: receive RaftClientReply:client-1A924A56FEAD->69a71f03-bd49-4dcf-a91a-b858634f7ca8@group-4E1E24F5414E, cid=16, FAILED org.apache.ratis.protocol.NotLeaderException: Server 69a71f03-bd49-4dcf-a91a-b858634f7ca8@group-4E1E24F5414E is not the leader 1a989eca-a026-4062-a574-e52a85f9a2a4:192.168.34.12:35514, logIndex=0, commits[69a71f03-bd49-4dcf-a91a-b858634f7ca8:c6, 4bd4e05e-fa44-45f4-99bb-ac21c4078a41:c4, 1a989eca-a026-4062-a574-e52a85f9a2a4:c6]
2019-09-11 06:58:34,735 [java.util.concurrent.ThreadPoolExecutor$Worker@fe28b1[State = -1, empty queue]] WARN  server.GrpcLogAppender (GrpcLogAppender.java:timeoutAppendRequest(200)) - 1a989eca-a026-4062-a574-e52a85f9a2a4@group-4E1E24F5414E->4bd4e05e-fa44-45f4-99bb-ac21c4078a41-GrpcLogAppender: appendEntries Timeout, request=1a989eca-a026-4062-a574-e52a85f9a2a4->4bd4e05e-fa44-45f4-99bb-ac21c4078a41#25-t1, previous=(t:1, i:11), leaderCommit=6, initializing? false, entries: <empty>
2019-09-11 06:58:34,735 [java.util.concurrent.ThreadPoolExecutor$Worker@6ef3d61[State = -1, empty queue]] WARN  server.GrpcLogAppender (GrpcLogAppender.java:timeoutAppendRequest(200)) - 1a989eca-a026-4062-a574-e52a85f9a2a4@group-4E1E24F5414E->69a71f03-bd49-4dcf-a91a-b858634f7ca8-GrpcLogAppender: appendEntries Timeout, request=1a989eca-a026-4062-a574-e52a85f9a2a4->69a71f03-bd49-4dcf-a91a-b858634f7ca8#25-t1, previous=(t:1, i:11), leaderCommit=6, initializing? false, entries: <empty>
2019-09-11 06:58:37,235 [java.util.concurrent.ThreadPoolExecutor$Worker@fe28b1[State = -1, empty queue]] WARN  server.GrpcLogAppender (GrpcLogAppender.java:timeoutAppendRequest(200)) - 1a989eca-a026-4062-a574-e52a85f9a2a4@group-4E1E24F5414E->4bd4e05e-fa44-45f4-99bb-ac21c4078a41-GrpcLogAppender: appendEntries Timeout, request=1a989eca-a026-4062-a574-e52a85f9a2a4->4bd4e05e-fa44-45f4-99bb-ac21c4078a41#26-t1, previous=(t:1, i:11), leaderCommit=6, initializing? false, entries: <empty>
2019-09-11 06:58:37,235 [java.util.concurrent.ThreadPoolExecutor$Worker@6ef3d61[State = -1, empty queue]] WARN  server.GrpcLogAppender (GrpcLogAppender.java:timeoutAppendRequest(200)) - 1a989eca-a026-4062-a574-e52a85f9a2a4@group-4E1E24F5414E->69a71f03-bd49-4dcf-a91a-b858634f7ca8-GrpcLogAppender: appendEntries Timeout, request=1a989eca-a026-4062-a574-e52a85f9a2a4->69a71f03-bd49-4dcf-a91a-b858634f7ca8#26-t1, previous=(t:1, i:11), leaderCommit=6, initializing? false, entries: <empty>
2019-09-11 06:58:39,224 [1a989eca-a026-4062-a574-e52a85f9a2a4@group-4E1E24F5414E-SegmentedRaftLogWorker] WARN  segmented.SegmentedRaftLogWorker (SegmentedRaftLogWorker.java:getFromFuture(90)) - Timeout 3/~
org.apache.ratis.protocol.TimeoutIOException: Timeout 10s: WriteLog:7: (t:1, i:7), STATEMACHINELOGENTRY, client-1A924A56FEAD, cid=16-writeStateMachineData
	at org.apache.ratis.util.IOUtils.getFromFuture(IOUtils.java:87)
	at org.apache.ratis.server.raftlog.segmented.SegmentedRaftLogWorker$StateMachineDataPolicy.getFromFuture(SegmentedRaftLogWorker.java:87)
	at org.apache.ratis.server.raftlog.segmented.SegmentedRaftLogWorker$WriteLog.execute(SegmentedRaftLogWorker.java:477)
	at org.apache.ratis.server.raftlog.segmented.SegmentedRaftLogWorker.run(SegmentedRaftLogWorker.java:289)
	at java.lang.Thread.run(Thread.java:748)
Caused by: java.util.concurrent.TimeoutException
	at java.util.concurrent.CompletableFuture.timedGet(CompletableFuture.java:1771)
	at java.util.concurrent.CompletableFuture.get(CompletableFuture.java:1915)
	at org.apache.ratis.util.IOUtils.getFromFuture(IOUtils.java:79)
	... 4 more
2019-09-11 06:58:39,282 [4bd4e05e-fa44-45f4-99bb-ac21c4078a41@group-4E1E24F5414E-SegmentedRaftLogWorker] WARN  segmented.SegmentedRaftLogWorker (SegmentedRaftLogWorker.java:getFromFuture(90)) - Timeout 3/~
org.apache.ratis.protocol.TimeoutIOException: Timeout 10s: WriteLog:8: (t:1, i:8), STATEMACHINELOGENTRY, client-1A924A56FEAD, cid=17-writeStateMachineData
	at org.apache.ratis.util.IOUtils.getFromFuture(IOUtils.java:87)
	at org.apache.ratis.server.raftlog.segmented.SegmentedRaftLogWorker$StateMachineDataPolicy.getFromFuture(SegmentedRaftLogWorker.java:87)
	at org.apache.ratis.server.raftlog.segmented.SegmentedRaftLogWorker$WriteLog.execute(SegmentedRaftLogWorker.java:477)
	at org.apache.ratis.server.raftlog.segmented.SegmentedRaftLogWorker.run(SegmentedRaftLogWorker.java:289)
	at java.lang.Thread.run(Thread.java:748)
Caused by: java.util.concurrent.TimeoutException
	at java.util.concurrent.CompletableFuture.timedGet(CompletableFuture.java:1771)
	at java.util.concurrent.CompletableFuture.get(CompletableFuture.java:1915)
	at org.apache.ratis.util.IOUtils.getFromFuture(IOUtils.java:79)
	... 4 more
2019-09-11 06:58:39,283 [69a71f03-bd49-4dcf-a91a-b858634f7ca8@group-4E1E24F5414E-SegmentedRaftLogWorker] WARN  segmented.SegmentedRaftLogWorker (SegmentedRaftLogWorker.java:getFromFuture(90)) - Timeout 3/~
org.apache.ratis.protocol.TimeoutIOException: Timeout 10s: WriteLog:8: (t:1, i:8), STATEMACHINELOGENTRY, client-1A924A56FEAD, cid=17-writeStateMachineData
	at org.apache.ratis.util.IOUtils.getFromFuture(IOUtils.java:87)
	at org.apache.ratis.server.raftlog.segmented.SegmentedRaftLogWorker$StateMachineDataPolicy.getFromFuture(SegmentedRaftLogWorker.java:87)
	at org.apache.ratis.server.raftlog.segmented.SegmentedRaftLogWorker$WriteLog.execute(SegmentedRaftLogWorker.java:477)
	at org.apache.ratis.server.raftlog.segmented.SegmentedRaftLogWorker.run(SegmentedRaftLogWorker.java:289)
	at java.lang.Thread.run(Thread.java:748)
Caused by: java.util.concurrent.TimeoutException
	at java.util.concurrent.CompletableFuture.timedGet(CompletableFuture.java:1771)
	at java.util.concurrent.CompletableFuture.get(CompletableFuture.java:1915)
	at org.apache.ratis.util.IOUtils.getFromFuture(IOUtils.java:79)
	... 4 more
2019-09-11 06:58:39,735 [java.util.concurrent.ThreadPoolExecutor$Worker@6ef3d61[State = -1, empty queue]] WARN  server.GrpcLogAppender (GrpcLogAppender.java:timeoutAppendRequest(200)) - 1a989eca-a026-4062-a574-e52a85f9a2a4@group-4E1E24F5414E->69a71f03-bd49-4dcf-a91a-b858634f7ca8-GrpcLogAppender: appendEntries Timeout, request=1a989eca-a026-4062-a574-e52a85f9a2a4->69a71f03-bd49-4dcf-a91a-b858634f7ca8#27-t1, previous=(t:1, i:11), leaderCommit=6, initializing? false, entries: <empty>
2019-09-11 06:58:39,736 [java.util.concurrent.ThreadPoolExecutor$Worker@fe28b1[State = -1, empty queue]] WARN  server.GrpcLogAppender (GrpcLogAppender.java:timeoutAppendRequest(200)) - 1a989eca-a026-4062-a574-e52a85f9a2a4@group-4E1E24F5414E->4bd4e05e-fa44-45f4-99bb-ac21c4078a41-GrpcLogAppender: appendEntries Timeout, request=1a989eca-a026-4062-a574-e52a85f9a2a4->4bd4e05e-fa44-45f4-99bb-ac21c4078a41#27-t1, previous=(t:1, i:11), leaderCommit=6, initializing? false, entries: <empty>
2019-09-11 06:58:39,772 [grpc-default-executor-2] INFO  client.GrpcClientProtocolClient (GrpcClientProtocolClient.java:onNext(264)) - client-1A924A56FEAD->4bd4e05e-fa44-45f4-99bb-ac21c4078a41: receive RaftClientReply:client-1A924A56FEAD->4bd4e05e-fa44-45f4-99bb-ac21c4078a41@group-4E1E24F5414E, cid=16, FAILED org.apache.ratis.protocol.NotLeaderException: Server 4bd4e05e-fa44-45f4-99bb-ac21c4078a41@group-4E1E24F5414E is not the leader 1a989eca-a026-4062-a574-e52a85f9a2a4:192.168.34.12:35514, logIndex=0, commits[4bd4e05e-fa44-45f4-99bb-ac21c4078a41:c6, 69a71f03-bd49-4dcf-a91a-b858634f7ca8:c4, 1a989eca-a026-4062-a574-e52a85f9a2a4:c6]
2019-09-11 06:58:42,236 [java.util.concurrent.ThreadPoolExecutor$Worker@fe28b1[State = -1, empty queue]] WARN  server.GrpcLogAppender (GrpcLogAppender.java:timeoutAppendRequest(200)) - 1a989eca-a026-4062-a574-e52a85f9a2a4@group-4E1E24F5414E->4bd4e05e-fa44-45f4-99bb-ac21c4078a41-GrpcLogAppender: appendEntries Timeout, request=1a989eca-a026-4062-a574-e52a85f9a2a4->4bd4e05e-fa44-45f4-99bb-ac21c4078a41#28-t1, previous=(t:1, i:11), leaderCommit=6, initializing? false, entries: <empty>
2019-09-11 06:58:42,236 [java.util.concurrent.ThreadPoolExecutor$Worker@6ef3d61[State = -1, empty queue]] WARN  server.GrpcLogAppender (GrpcLogAppender.java:timeoutAppendRequest(200)) - 1a989eca-a026-4062-a574-e52a85f9a2a4@group-4E1E24F5414E->69a71f03-bd49-4dcf-a91a-b858634f7ca8-GrpcLogAppender: appendEntries Timeout, request=1a989eca-a026-4062-a574-e52a85f9a2a4->69a71f03-bd49-4dcf-a91a-b858634f7ca8#28-t1, previous=(t:1, i:11), leaderCommit=6, initializing? false, entries: <empty>
2019-09-11 06:58:44,737 [java.util.concurrent.ThreadPoolExecutor$Worker@6ef3d61[State = -1, empty queue]] WARN  server.GrpcLogAppender (GrpcLogAppender.java:timeoutAppendRequest(200)) - 1a989eca-a026-4062-a574-e52a85f9a2a4@group-4E1E24F5414E->69a71f03-bd49-4dcf-a91a-b858634f7ca8-GrpcLogAppender: appendEntries Timeout, request=1a989eca-a026-4062-a574-e52a85f9a2a4->69a71f03-bd49-4dcf-a91a-b858634f7ca8#29-t1, previous=(t:1, i:11), leaderCommit=6, initializing? false, entries: <empty>
2019-09-11 06:58:44,737 [java.util.concurrent.ThreadPoolExecutor$Worker@fe28b1[State = -1, empty queue]] WARN  server.GrpcLogAppender (GrpcLogAppender.java:timeoutAppendRequest(200)) - 1a989eca-a026-4062-a574-e52a85f9a2a4@group-4E1E24F5414E->4bd4e05e-fa44-45f4-99bb-ac21c4078a41-GrpcLogAppender: appendEntries Timeout, request=1a989eca-a026-4062-a574-e52a85f9a2a4->4bd4e05e-fa44-45f4-99bb-ac21c4078a41#29-t1, previous=(t:1, i:11), leaderCommit=6, initializing? false, entries: <empty>
2019-09-11 06:58:44,841 [grpc-default-executor-2] INFO  client.GrpcClientProtocolClient (GrpcClientProtocolClient.java:onNext(264)) - client-1A924A56FEAD->4bd4e05e-fa44-45f4-99bb-ac21c4078a41: receive RaftClientReply:client-1A924A56FEAD->4bd4e05e-fa44-45f4-99bb-ac21c4078a41@group-4E1E24F5414E, cid=16, FAILED org.apache.ratis.protocol.NotLeaderException: Server 4bd4e05e-fa44-45f4-99bb-ac21c4078a41@group-4E1E24F5414E is not the leader 1a989eca-a026-4062-a574-e52a85f9a2a4:192.168.34.12:35514, logIndex=0, commits[4bd4e05e-fa44-45f4-99bb-ac21c4078a41:c6, 69a71f03-bd49-4dcf-a91a-b858634f7ca8:c4, 1a989eca-a026-4062-a574-e52a85f9a2a4:c6]
2019-09-11 06:58:47,238 [java.util.concurrent.ThreadPoolExecutor$Worker@6ef3d61[State = -1, empty queue]] WARN  server.GrpcLogAppender (GrpcLogAppender.java:timeoutAppendRequest(200)) - 1a989eca-a026-4062-a574-e52a85f9a2a4@group-4E1E24F5414E->69a71f03-bd49-4dcf-a91a-b858634f7ca8-GrpcLogAppender: appendEntries Timeout, request=1a989eca-a026-4062-a574-e52a85f9a2a4->69a71f03-bd49-4dcf-a91a-b858634f7ca8#30-t1, previous=(t:1, i:11), leaderCommit=6, initializing? false, entries: <empty>
2019-09-11 06:58:47,238 [java.util.concurrent.ThreadPoolExecutor$Worker@fe28b1[State = -1, empty queue]] WARN  server.GrpcLogAppender (GrpcLogAppender.java:timeoutAppendRequest(200)) - 1a989eca-a026-4062-a574-e52a85f9a2a4@group-4E1E24F5414E->4bd4e05e-fa44-45f4-99bb-ac21c4078a41-GrpcLogAppender: appendEntries Timeout, request=1a989eca-a026-4062-a574-e52a85f9a2a4->4bd4e05e-fa44-45f4-99bb-ac21c4078a41#30-t1, previous=(t:1, i:11), leaderCommit=6, initializing? false, entries: <empty>
2019-09-11 06:58:49,225 [1a989eca-a026-4062-a574-e52a85f9a2a4@group-4E1E24F5414E-SegmentedRaftLogWorker] WARN  segmented.SegmentedRaftLogWorker (SegmentedRaftLogWorker.java:getFromFuture(90)) - Timeout 4/~
org.apache.ratis.protocol.TimeoutIOException: Timeout 10s: WriteLog:7: (t:1, i:7), STATEMACHINELOGENTRY, client-1A924A56FEAD, cid=16-writeStateMachineData
	at org.apache.ratis.util.IOUtils.getFromFuture(IOUtils.java:87)
	at org.apache.ratis.server.raftlog.segmented.SegmentedRaftLogWorker$StateMachineDataPolicy.getFromFuture(SegmentedRaftLogWorker.java:87)
	at org.apache.ratis.server.raftlog.segmented.SegmentedRaftLogWorker$WriteLog.execute(SegmentedRaftLogWorker.java:477)
	at org.apache.ratis.server.raftlog.segmented.SegmentedRaftLogWorker.run(SegmentedRaftLogWorker.java:289)
	at java.lang.Thread.run(Thread.java:748)
Caused by: java.util.concurrent.TimeoutException
	at java.util.concurrent.CompletableFuture.timedGet(CompletableFuture.java:1771)
	at java.util.concurrent.CompletableFuture.get(CompletableFuture.java:1915)
	at org.apache.ratis.util.IOUtils.getFromFuture(IOUtils.java:79)
	... 4 more
2019-09-11 06:58:49,283 [4bd4e05e-fa44-45f4-99bb-ac21c4078a41@group-4E1E24F5414E-SegmentedRaftLogWorker] WARN  segmented.SegmentedRaftLogWorker (SegmentedRaftLogWorker.java:getFromFuture(90)) - Timeout 4/~
org.apache.ratis.protocol.TimeoutIOException: Timeout 10s: WriteLog:8: (t:1, i:8), STATEMACHINELOGENTRY, client-1A924A56FEAD, cid=17-writeStateMachineData
	at org.apache.ratis.util.IOUtils.getFromFuture(IOUtils.java:87)
	at org.apache.ratis.server.raftlog.segmented.SegmentedRaftLogWorker$StateMachineDataPolicy.getFromFuture(SegmentedRaftLogWorker.java:87)
	at org.apache.ratis.server.raftlog.segmented.SegmentedRaftLogWorker$WriteLog.execute(SegmentedRaftLogWorker.java:477)
	at org.apache.ratis.server.raftlog.segmented.SegmentedRaftLogWorker.run(SegmentedRaftLogWorker.java:289)
	at java.lang.Thread.run(Thread.java:748)
Caused by: java.util.concurrent.TimeoutException
	at java.util.concurrent.CompletableFuture.timedGet(CompletableFuture.java:1771)
	at java.util.concurrent.CompletableFuture.get(CompletableFuture.java:1915)
	at org.apache.ratis.util.IOUtils.getFromFuture(IOUtils.java:79)
	... 4 more
2019-09-11 06:58:49,283 [69a71f03-bd49-4dcf-a91a-b858634f7ca8@group-4E1E24F5414E-SegmentedRaftLogWorker] WARN  segmented.SegmentedRaftLogWorker (SegmentedRaftLogWorker.java:getFromFuture(90)) - Timeout 4/~
org.apache.ratis.protocol.TimeoutIOException: Timeout 10s: WriteLog:8: (t:1, i:8), STATEMACHINELOGENTRY, client-1A924A56FEAD, cid=17-writeStateMachineData
	at org.apache.ratis.util.IOUtils.getFromFuture(IOUtils.java:87)
	at org.apache.ratis.server.raftlog.segmented.SegmentedRaftLogWorker$StateMachineDataPolicy.getFromFuture(SegmentedRaftLogWorker.java:87)
	at org.apache.ratis.server.raftlog.segmented.SegmentedRaftLogWorker$WriteLog.execute(SegmentedRaftLogWorker.java:477)
	at org.apache.ratis.server.raftlog.segmented.SegmentedRaftLogWorker.run(SegmentedRaftLogWorker.java:289)
	at java.lang.Thread.run(Thread.java:748)
Caused by: java.util.concurrent.TimeoutException
	at java.util.concurrent.CompletableFuture.timedGet(CompletableFuture.java:1771)
	at java.util.concurrent.CompletableFuture.get(CompletableFuture.java:1915)
	at org.apache.ratis.util.IOUtils.getFromFuture(IOUtils.java:79)
	... 4 more
2019-09-11 06:58:49,738 [java.util.concurrent.ThreadPoolExecutor$Worker@fe28b1[State = -1, empty queue]] WARN  server.GrpcLogAppender (GrpcLogAppender.java:timeoutAppendRequest(200)) - 1a989eca-a026-4062-a574-e52a85f9a2a4@group-4E1E24F5414E->4bd4e05e-fa44-45f4-99bb-ac21c4078a41-GrpcLogAppender: appendEntries Timeout, request=1a989eca-a026-4062-a574-e52a85f9a2a4->4bd4e05e-fa44-45f4-99bb-ac21c4078a41#31-t1, previous=(t:1, i:11), leaderCommit=6, initializing? false, entries: <empty>
2019-09-11 06:58:49,738 [java.util.concurrent.ThreadPoolExecutor$Worker@6ef3d61[State = -1, empty queue]] WARN  server.GrpcLogAppender (GrpcLogAppender.java:timeoutAppendRequest(200)) - 1a989eca-a026-4062-a574-e52a85f9a2a4@group-4E1E24F5414E->69a71f03-bd49-4dcf-a91a-b858634f7ca8-GrpcLogAppender: appendEntries Timeout, request=1a989eca-a026-4062-a574-e52a85f9a2a4->69a71f03-bd49-4dcf-a91a-b858634f7ca8#31-t1, previous=(t:1, i:11), leaderCommit=6, initializing? false, entries: <empty>
2019-09-11 06:58:49,901 [grpc-default-executor-2] INFO  client.GrpcClientProtocolClient (GrpcClientProtocolClient.java:onNext(264)) - client-1A924A56FEAD->69a71f03-bd49-4dcf-a91a-b858634f7ca8: receive RaftClientReply:client-1A924A56FEAD->69a71f03-bd49-4dcf-a91a-b858634f7ca8@group-4E1E24F5414E, cid=16, FAILED org.apache.ratis.protocol.NotLeaderException: Server 69a71f03-bd49-4dcf-a91a-b858634f7ca8@group-4E1E24F5414E is not the leader 1a989eca-a026-4062-a574-e52a85f9a2a4:192.168.34.12:35514, logIndex=0, commits[69a71f03-bd49-4dcf-a91a-b858634f7ca8:c6, 4bd4e05e-fa44-45f4-99bb-ac21c4078a41:c4, 1a989eca-a026-4062-a574-e52a85f9a2a4:c6]
2019-09-11 06:58:52,239 [java.util.concurrent.ThreadPoolExecutor$Worker@6ef3d61[State = -1, empty queue]] WARN  server.GrpcLogAppender (GrpcLogAppender.java:timeoutAppendRequest(200)) - 1a989eca-a026-4062-a574-e52a85f9a2a4@group-4E1E24F5414E->69a71f03-bd49-4dcf-a91a-b858634f7ca8-GrpcLogAppender: appendEntries Timeout, request=1a989eca-a026-4062-a574-e52a85f9a2a4->69a71f03-bd49-4dcf-a91a-b858634f7ca8#32-t1, previous=(t:1, i:11), leaderCommit=6, initializing? false, entries: <empty>
2019-09-11 06:58:52,239 [java.util.concurrent.ThreadPoolExecutor$Worker@fe28b1[State = -1, empty queue]] WARN  server.GrpcLogAppender (GrpcLogAppender.java:timeoutAppendRequest(200)) - 1a989eca-a026-4062-a574-e52a85f9a2a4@group-4E1E24F5414E->4bd4e05e-fa44-45f4-99bb-ac21c4078a41-GrpcLogAppender: appendEntries Timeout, request=1a989eca-a026-4062-a574-e52a85f9a2a4->4bd4e05e-fa44-45f4-99bb-ac21c4078a41#32-t1, previous=(t:1, i:11), leaderCommit=6, initializing? false, entries: <empty>
2019-09-11 06:58:54,740 [java.util.concurrent.ThreadPoolExecutor$Worker@6ef3d61[State = -1, empty queue]] WARN  server.GrpcLogAppender (GrpcLogAppender.java:timeoutAppendRequest(200)) - 1a989eca-a026-4062-a574-e52a85f9a2a4@group-4E1E24F5414E->69a71f03-bd49-4dcf-a91a-b858634f7ca8-GrpcLogAppender: appendEntries Timeout, request=1a989eca-a026-4062-a574-e52a85f9a2a4->69a71f03-bd49-4dcf-a91a-b858634f7ca8#33-t1, previous=(t:1, i:11), leaderCommit=6, initializing? false, entries: <empty>
2019-09-11 06:58:54,740 [java.util.concurrent.ThreadPoolExecutor$Worker@fe28b1[State = -1, empty queue]] WARN  server.GrpcLogAppender (GrpcLogAppender.java:timeoutAppendRequest(200)) - 1a989eca-a026-4062-a574-e52a85f9a2a4@group-4E1E24F5414E->4bd4e05e-fa44-45f4-99bb-ac21c4078a41-GrpcLogAppender: appendEntries Timeout, request=1a989eca-a026-4062-a574-e52a85f9a2a4->4bd4e05e-fa44-45f4-99bb-ac21c4078a41#33-t1, previous=(t:1, i:11), leaderCommit=6, initializing? false, entries: <empty>
2019-09-11 06:58:54,960 [grpc-default-executor-2] INFO  client.GrpcClientProtocolClient (GrpcClientProtocolClient.java:onNext(264)) - client-1A924A56FEAD->4bd4e05e-fa44-45f4-99bb-ac21c4078a41: receive RaftClientReply:client-1A924A56FEAD->4bd4e05e-fa44-45f4-99bb-ac21c4078a41@group-4E1E24F5414E, cid=16, FAILED org.apache.ratis.protocol.NotLeaderException: Server 4bd4e05e-fa44-45f4-99bb-ac21c4078a41@group-4E1E24F5414E is not the leader 1a989eca-a026-4062-a574-e52a85f9a2a4:192.168.34.12:35514, logIndex=0, commits[4bd4e05e-fa44-45f4-99bb-ac21c4078a41:c6, 69a71f03-bd49-4dcf-a91a-b858634f7ca8:c4, 1a989eca-a026-4062-a574-e52a85f9a2a4:c6]
2019-09-11 06:58:57,241 [java.util.concurrent.ThreadPoolExecutor$Worker@fe28b1[State = -1, empty queue]] WARN  server.GrpcLogAppender (GrpcLogAppender.java:timeoutAppendRequest(200)) - 1a989eca-a026-4062-a574-e52a85f9a2a4@group-4E1E24F5414E->4bd4e05e-fa44-45f4-99bb-ac21c4078a41-GrpcLogAppender: appendEntries Timeout, request=1a989eca-a026-4062-a574-e52a85f9a2a4->4bd4e05e-fa44-45f4-99bb-ac21c4078a41#34-t1, previous=(t:1, i:11), leaderCommit=6, initializing? false, entries: <empty>
2019-09-11 06:58:57,242 [java.util.concurrent.ThreadPoolExecutor$Worker@6ef3d61[State = -1, empty queue]] WARN  server.GrpcLogAppender (GrpcLogAppender.java:timeoutAppendRequest(200)) - 1a989eca-a026-4062-a574-e52a85f9a2a4@group-4E1E24F5414E->69a71f03-bd49-4dcf-a91a-b858634f7ca8-GrpcLogAppender: appendEntries Timeout, request=1a989eca-a026-4062-a574-e52a85f9a2a4->69a71f03-bd49-4dcf-a91a-b858634f7ca8#34-t1, previous=(t:1, i:11), leaderCommit=6, initializing? false, entries: <empty>
2019-09-11 06:58:59,227 [1a989eca-a026-4062-a574-e52a85f9a2a4@group-4E1E24F5414E-SegmentedRaftLogWorker] WARN  segmented.SegmentedRaftLogWorker (SegmentedRaftLogWorker.java:getFromFuture(90)) - Timeout 5/~
org.apache.ratis.protocol.TimeoutIOException: Timeout 10s: WriteLog:7: (t:1, i:7), STATEMACHINELOGENTRY, client-1A924A56FEAD, cid=16-writeStateMachineData
	at org.apache.ratis.util.IOUtils.getFromFuture(IOUtils.java:87)
	at org.apache.ratis.server.raftlog.segmented.SegmentedRaftLogWorker$StateMachineDataPolicy.getFromFuture(SegmentedRaftLogWorker.java:87)
	at org.apache.ratis.server.raftlog.segmented.SegmentedRaftLogWorker$WriteLog.execute(SegmentedRaftLogWorker.java:477)
	at org.apache.ratis.server.raftlog.segmented.SegmentedRaftLogWorker.run(SegmentedRaftLogWorker.java:289)
	at java.lang.Thread.run(Thread.java:748)
Caused by: java.util.concurrent.TimeoutException
	at java.util.concurrent.CompletableFuture.timedGet(CompletableFuture.java:1771)
	at java.util.concurrent.CompletableFuture.get(CompletableFuture.java:1915)
	at org.apache.ratis.util.IOUtils.getFromFuture(IOUtils.java:79)
	... 4 more
2019-09-11 06:58:59,284 [4bd4e05e-fa44-45f4-99bb-ac21c4078a41@group-4E1E24F5414E-SegmentedRaftLogWorker] WARN  segmented.SegmentedRaftLogWorker (SegmentedRaftLogWorker.java:getFromFuture(90)) - Timeout 5/~
org.apache.ratis.protocol.TimeoutIOException: Timeout 10s: WriteLog:8: (t:1, i:8), STATEMACHINELOGENTRY, client-1A924A56FEAD, cid=17-writeStateMachineData
	at org.apache.ratis.util.IOUtils.getFromFuture(IOUtils.java:87)
	at org.apache.ratis.server.raftlog.segmented.SegmentedRaftLogWorker$StateMachineDataPolicy.getFromFuture(SegmentedRaftLogWorker.java:87)
	at org.apache.ratis.server.raftlog.segmented.SegmentedRaftLogWorker$WriteLog.execute(SegmentedRaftLogWorker.java:477)
	at org.apache.ratis.server.raftlog.segmented.SegmentedRaftLogWorker.run(SegmentedRaftLogWorker.java:289)
	at java.lang.Thread.run(Thread.java:748)
Caused by: java.util.concurrent.TimeoutException
	at java.util.concurrent.CompletableFuture.timedGet(CompletableFuture.java:1771)
	at java.util.concurrent.CompletableFuture.get(CompletableFuture.java:1915)
	at org.apache.ratis.util.IOUtils.getFromFuture(IOUtils.java:79)
	... 4 more
2019-09-11 06:58:59,284 [69a71f03-bd49-4dcf-a91a-b858634f7ca8@group-4E1E24F5414E-SegmentedRaftLogWorker] WARN  segmented.SegmentedRaftLogWorker (SegmentedRaftLogWorker.java:getFromFuture(90)) - Timeout 5/~
org.apache.ratis.protocol.TimeoutIOException: Timeout 10s: WriteLog:8: (t:1, i:8), STATEMACHINELOGENTRY, client-1A924A56FEAD, cid=17-writeStateMachineData
	at org.apache.ratis.util.IOUtils.getFromFuture(IOUtils.java:87)
	at org.apache.ratis.server.raftlog.segmented.SegmentedRaftLogWorker$StateMachineDataPolicy.getFromFuture(SegmentedRaftLogWorker.java:87)
	at org.apache.ratis.server.raftlog.segmented.SegmentedRaftLogWorker$WriteLog.execute(SegmentedRaftLogWorker.java:477)
	at org.apache.ratis.server.raftlog.segmented.SegmentedRaftLogWorker.run(SegmentedRaftLogWorker.java:289)
	at java.lang.Thread.run(Thread.java:748)
Caused by: java.util.concurrent.TimeoutException
	at java.util.concurrent.CompletableFuture.timedGet(CompletableFuture.java:1771)
	at java.util.concurrent.CompletableFuture.get(CompletableFuture.java:1915)
	at org.apache.ratis.util.IOUtils.getFromFuture(IOUtils.java:79)
	... 4 more
2019-09-11 06:58:59,742 [java.util.concurrent.ThreadPoolExecutor$Worker@6ef3d61[State = -1, empty queue]] WARN  server.GrpcLogAppender (GrpcLogAppender.java:timeoutAppendRequest(200)) - 1a989eca-a026-4062-a574-e52a85f9a2a4@group-4E1E24F5414E->69a71f03-bd49-4dcf-a91a-b858634f7ca8-GrpcLogAppender: appendEntries Timeout, request=1a989eca-a026-4062-a574-e52a85f9a2a4->69a71f03-bd49-4dcf-a91a-b858634f7ca8#35-t1, previous=(t:1, i:11), leaderCommit=6, initializing? false, entries: <empty>
2019-09-11 06:58:59,742 [java.util.concurrent.ThreadPoolExecutor$Worker@fe28b1[State = -1, empty queue]] WARN  server.GrpcLogAppender (GrpcLogAppender.java:timeoutAppendRequest(200)) - 1a989eca-a026-4062-a574-e52a85f9a2a4@group-4E1E24F5414E->4bd4e05e-fa44-45f4-99bb-ac21c4078a41-GrpcLogAppender: appendEntries Timeout, request=1a989eca-a026-4062-a574-e52a85f9a2a4->4bd4e05e-fa44-45f4-99bb-ac21c4078a41#35-t1, previous=(t:1, i:11), leaderCommit=6, initializing? false, entries: <empty>
2019-09-11 06:59:00,024 [grpc-default-executor-0] INFO  client.GrpcClientProtocolClient (GrpcClientProtocolClient.java:onNext(264)) - client-1A924A56FEAD->4bd4e05e-fa44-45f4-99bb-ac21c4078a41: receive RaftClientReply:client-1A924A56FEAD->4bd4e05e-fa44-45f4-99bb-ac21c4078a41@group-4E1E24F5414E, cid=16, FAILED org.apache.ratis.protocol.NotLeaderException: Server 4bd4e05e-fa44-45f4-99bb-ac21c4078a41@group-4E1E24F5414E is not the leader 1a989eca-a026-4062-a574-e52a85f9a2a4:192.168.34.12:35514, logIndex=0, commits[4bd4e05e-fa44-45f4-99bb-ac21c4078a41:c6, 69a71f03-bd49-4dcf-a91a-b858634f7ca8:c4, 1a989eca-a026-4062-a574-e52a85f9a2a4:c6]
2019-09-11 06:59:02,243 [java.util.concurrent.ThreadPoolExecutor$Worker@fe28b1[State = -1, empty queue]] WARN  server.GrpcLogAppender (GrpcLogAppender.java:timeoutAppendRequest(200)) - 1a989eca-a026-4062-a574-e52a85f9a2a4@group-4E1E24F5414E->4bd4e05e-fa44-45f4-99bb-ac21c4078a41-GrpcLogAppender: appendEntries Timeout, request=1a989eca-a026-4062-a574-e52a85f9a2a4->4bd4e05e-fa44-45f4-99bb-ac21c4078a41#36-t1, previous=(t:1, i:11), leaderCommit=6, initializing? false, entries: <empty>
2019-09-11 06:59:02,243 [java.util.concurrent.ThreadPoolExecutor$Worker@6ef3d61[State = -1, empty queue]] WARN  server.GrpcLogAppender (GrpcLogAppender.java:timeoutAppendRequest(200)) - 1a989eca-a026-4062-a574-e52a85f9a2a4@group-4E1E24F5414E->69a71f03-bd49-4dcf-a91a-b858634f7ca8-GrpcLogAppender: appendEntries Timeout, request=1a989eca-a026-4062-a574-e52a85f9a2a4->69a71f03-bd49-4dcf-a91a-b858634f7ca8#36-t1, previous=(t:1, i:11), leaderCommit=6, initializing? false, entries: <empty>
2019-09-11 06:59:04,743 [java.util.concurrent.ThreadPoolExecutor$Worker@fe28b1[State = -1, empty queue]] WARN  server.GrpcLogAppender (GrpcLogAppender.java:timeoutAppendRequest(200)) - 1a989eca-a026-4062-a574-e52a85f9a2a4@group-4E1E24F5414E->4bd4e05e-fa44-45f4-99bb-ac21c4078a41-GrpcLogAppender: appendEntries Timeout, request=1a989eca-a026-4062-a574-e52a85f9a2a4->4bd4e05e-fa44-45f4-99bb-ac21c4078a41#37-t1, previous=(t:1, i:11), leaderCommit=6, initializing? false, entries: <empty>
2019-09-11 06:59:04,743 [java.util.concurrent.ThreadPoolExecutor$Worker@6ef3d61[State = -1, empty queue]] WARN  server.GrpcLogAppender (GrpcLogAppender.java:timeoutAppendRequest(200)) - 1a989eca-a026-4062-a574-e52a85f9a2a4@group-4E1E24F5414E->69a71f03-bd49-4dcf-a91a-b858634f7ca8-GrpcLogAppender: appendEntries Timeout, request=1a989eca-a026-4062-a574-e52a85f9a2a4->69a71f03-bd49-4dcf-a91a-b858634f7ca8#37-t1, previous=(t:1, i:11), leaderCommit=6, initializing? false, entries: <empty>
2019-09-11 06:59:05,083 [grpc-default-executor-0] INFO  client.GrpcClientProtocolClient (GrpcClientProtocolClient.java:onNext(264)) - client-1A924A56FEAD->4bd4e05e-fa44-45f4-99bb-ac21c4078a41: receive RaftClientReply:client-1A924A56FEAD->4bd4e05e-fa44-45f4-99bb-ac21c4078a41@group-4E1E24F5414E, cid=16, FAILED org.apache.ratis.protocol.NotLeaderException: Server 4bd4e05e-fa44-45f4-99bb-ac21c4078a41@group-4E1E24F5414E is not the leader 1a989eca-a026-4062-a574-e52a85f9a2a4:192.168.34.12:35514, logIndex=0, commits[4bd4e05e-fa44-45f4-99bb-ac21c4078a41:c6, 69a71f03-bd49-4dcf-a91a-b858634f7ca8:c4, 1a989eca-a026-4062-a574-e52a85f9a2a4:c6]
2019-09-11 06:59:07,244 [java.util.concurrent.ThreadPoolExecutor$Worker@6ef3d61[State = -1, empty queue]] WARN  server.GrpcLogAppender (GrpcLogAppender.java:timeoutAppendRequest(200)) - 1a989eca-a026-4062-a574-e52a85f9a2a4@group-4E1E24F5414E->69a71f03-bd49-4dcf-a91a-b858634f7ca8-GrpcLogAppender: appendEntries Timeout, request=1a989eca-a026-4062-a574-e52a85f9a2a4->69a71f03-bd49-4dcf-a91a-b858634f7ca8#38-t1, previous=(t:1, i:11), leaderCommit=6, initializing? false, entries: <empty>
2019-09-11 06:59:07,244 [java.util.concurrent.ThreadPoolExecutor$Worker@fe28b1[State = -1, empty queue]] WARN  server.GrpcLogAppender (GrpcLogAppender.java:timeoutAppendRequest(200)) - 1a989eca-a026-4062-a574-e52a85f9a2a4@group-4E1E24F5414E->4bd4e05e-fa44-45f4-99bb-ac21c4078a41-GrpcLogAppender: appendEntries Timeout, request=1a989eca-a026-4062-a574-e52a85f9a2a4->4bd4e05e-fa44-45f4-99bb-ac21c4078a41#38-t1, previous=(t:1, i:11), leaderCommit=6, initializing? false, entries: <empty>
2019-09-11 06:59:09,229 [1a989eca-a026-4062-a574-e52a85f9a2a4@group-4E1E24F5414E-SegmentedRaftLogWorker] WARN  segmented.SegmentedRaftLogWorker (SegmentedRaftLogWorker.java:getFromFuture(90)) - Timeout 6/~
org.apache.ratis.protocol.TimeoutIOException: Timeout 10s: WriteLog:7: (t:1, i:7), STATEMACHINELOGENTRY, client-1A924A56FEAD, cid=16-writeStateMachineData
	at org.apache.ratis.util.IOUtils.getFromFuture(IOUtils.java:87)
	at org.apache.ratis.server.raftlog.segmented.SegmentedRaftLogWorker$StateMachineDataPolicy.getFromFuture(SegmentedRaftLogWorker.java:87)
	at org.apache.ratis.server.raftlog.segmented.SegmentedRaftLogWorker$WriteLog.execute(SegmentedRaftLogWorker.java:477)
	at org.apache.ratis.server.raftlog.segmented.SegmentedRaftLogWorker.run(SegmentedRaftLogWorker.java:289)
	at java.lang.Thread.run(Thread.java:748)
Caused by: java.util.concurrent.TimeoutException
	at java.util.concurrent.CompletableFuture.timedGet(CompletableFuture.java:1771)
	at java.util.concurrent.CompletableFuture.get(CompletableFuture.java:1915)
	at org.apache.ratis.util.IOUtils.getFromFuture(IOUtils.java:79)
	... 4 more
2019-09-11 06:59:09,285 [4bd4e05e-fa44-45f4-99bb-ac21c4078a41@group-4E1E24F5414E-SegmentedRaftLogWorker] WARN  segmented.SegmentedRaftLogWorker (SegmentedRaftLogWorker.java:getFromFuture(90)) - Timeout 6/~
org.apache.ratis.protocol.TimeoutIOException: Timeout 10s: WriteLog:8: (t:1, i:8), STATEMACHINELOGENTRY, client-1A924A56FEAD, cid=17-writeStateMachineData
	at org.apache.ratis.util.IOUtils.getFromFuture(IOUtils.java:87)
	at org.apache.ratis.server.raftlog.segmented.SegmentedRaftLogWorker$StateMachineDataPolicy.getFromFuture(SegmentedRaftLogWorker.java:87)
	at org.apache.ratis.server.raftlog.segmented.SegmentedRaftLogWorker$WriteLog.execute(SegmentedRaftLogWorker.java:477)
	at org.apache.ratis.server.raftlog.segmented.SegmentedRaftLogWorker.run(SegmentedRaftLogWorker.java:289)
	at java.lang.Thread.run(Thread.java:748)
Caused by: java.util.concurrent.TimeoutException
	at java.util.concurrent.CompletableFuture.timedGet(CompletableFuture.java:1771)
	at java.util.concurrent.CompletableFuture.get(CompletableFuture.java:1915)
	at org.apache.ratis.util.IOUtils.getFromFuture(IOUtils.java:79)
	... 4 more
2019-09-11 06:59:09,285 [69a71f03-bd49-4dcf-a91a-b858634f7ca8@group-4E1E24F5414E-SegmentedRaftLogWorker] WARN  segmented.SegmentedRaftLogWorker (SegmentedRaftLogWorker.java:getFromFuture(90)) - Timeout 6/~
org.apache.ratis.protocol.TimeoutIOException: Timeout 10s: WriteLog:8: (t:1, i:8), STATEMACHINELOGENTRY, client-1A924A56FEAD, cid=17-writeStateMachineData
	at org.apache.ratis.util.IOUtils.getFromFuture(IOUtils.java:87)
	at org.apache.ratis.server.raftlog.segmented.SegmentedRaftLogWorker$StateMachineDataPolicy.getFromFuture(SegmentedRaftLogWorker.java:87)
	at org.apache.ratis.server.raftlog.segmented.SegmentedRaftLogWorker$WriteLog.execute(SegmentedRaftLogWorker.java:477)
	at org.apache.ratis.server.raftlog.segmented.SegmentedRaftLogWorker.run(SegmentedRaftLogWorker.java:289)
	at java.lang.Thread.run(Thread.java:748)
Caused by: java.util.concurrent.TimeoutException
	at java.util.concurrent.CompletableFuture.timedGet(CompletableFuture.java:1771)
	at java.util.concurrent.CompletableFuture.get(CompletableFuture.java:1915)
	at org.apache.ratis.util.IOUtils.getFromFuture(IOUtils.java:79)
	... 4 more
2019-09-11 06:59:09,744 [java.util.concurrent.ThreadPoolExecutor$Worker@6ef3d61[State = -1, empty queue]] WARN  server.GrpcLogAppender (GrpcLogAppender.java:timeoutAppendRequest(200)) - 1a989eca-a026-4062-a574-e52a85f9a2a4@group-4E1E24F5414E->69a71f03-bd49-4dcf-a91a-b858634f7ca8-GrpcLogAppender: appendEntries Timeout, request=1a989eca-a026-4062-a574-e52a85f9a2a4->69a71f03-bd49-4dcf-a91a-b858634f7ca8#39-t1, previous=(t:1, i:11), leaderCommit=6, initializing? false, entries: <empty>
2019-09-11 06:59:09,744 [java.util.concurrent.ThreadPoolExecutor$Worker@fe28b1[State = -1, empty queue]] WARN  server.GrpcLogAppender (GrpcLogAppender.java:timeoutAppendRequest(200)) - 1a989eca-a026-4062-a574-e52a85f9a2a4@group-4E1E24F5414E->4bd4e05e-fa44-45f4-99bb-ac21c4078a41-GrpcLogAppender: appendEntries Timeout, request=1a989eca-a026-4062-a574-e52a85f9a2a4->4bd4e05e-fa44-45f4-99bb-ac21c4078a41#39-t1, previous=(t:1, i:11), leaderCommit=6, initializing? false, entries: <empty>
2019-09-11 06:59:10,150 [grpc-default-executor-0] INFO  client.GrpcClientProtocolClient (GrpcClientProtocolClient.java:onNext(264)) - client-1A924A56FEAD->4bd4e05e-fa44-45f4-99bb-ac21c4078a41: receive RaftClientReply:client-1A924A56FEAD->4bd4e05e-fa44-45f4-99bb-ac21c4078a41@group-4E1E24F5414E, cid=16, FAILED org.apache.ratis.protocol.NotLeaderException: Server 4bd4e05e-fa44-45f4-99bb-ac21c4078a41@group-4E1E24F5414E is not the leader 1a989eca-a026-4062-a574-e52a85f9a2a4:192.168.34.12:35514, logIndex=0, commits[4bd4e05e-fa44-45f4-99bb-ac21c4078a41:c6, 69a71f03-bd49-4dcf-a91a-b858634f7ca8:c4, 1a989eca-a026-4062-a574-e52a85f9a2a4:c6]
2019-09-11 06:59:12,245 [java.util.concurrent.ThreadPoolExecutor$Worker@6ef3d61[State = -1, empty queue]] WARN  server.GrpcLogAppender (GrpcLogAppender.java:timeoutAppendRequest(200)) - 1a989eca-a026-4062-a574-e52a85f9a2a4@group-4E1E24F5414E->69a71f03-bd49-4dcf-a91a-b858634f7ca8-GrpcLogAppender: appendEntries Timeout, request=1a989eca-a026-4062-a574-e52a85f9a2a4->69a71f03-bd49-4dcf-a91a-b858634f7ca8#40-t1, previous=(t:1, i:11), leaderCommit=6, initializing? false, entries: <empty>
2019-09-11 06:59:12,245 [java.util.concurrent.ThreadPoolExecutor$Worker@fe28b1[State = -1, empty queue]] WARN  server.GrpcLogAppender (GrpcLogAppender.java:timeoutAppendRequest(200)) - 1a989eca-a026-4062-a574-e52a85f9a2a4@group-4E1E24F5414E->4bd4e05e-fa44-45f4-99bb-ac21c4078a41-GrpcLogAppender: appendEntries Timeout, request=1a989eca-a026-4062-a574-e52a85f9a2a4->4bd4e05e-fa44-45f4-99bb-ac21c4078a41#40-t1, previous=(t:1, i:11), leaderCommit=6, initializing? false, entries: <empty>
2019-09-11 06:59:14,747 [java.util.concurrent.ThreadPoolExecutor$Worker@6ef3d61[State = -1, empty queue]] WARN  server.GrpcLogAppender (GrpcLogAppender.java:timeoutAppendRequest(200)) - 1a989eca-a026-4062-a574-e52a85f9a2a4@group-4E1E24F5414E->69a71f03-bd49-4dcf-a91a-b858634f7ca8-GrpcLogAppender: appendEntries Timeout, request=1a989eca-a026-4062-a574-e52a85f9a2a4->69a71f03-bd49-4dcf-a91a-b858634f7ca8#41-t1, previous=(t:1, i:11), leaderCommit=6, initializing? false, entries: <empty>
2019-09-11 06:59:14,747 [java.util.concurrent.ThreadPoolExecutor$Worker@fe28b1[State = -1, empty queue]] WARN  server.GrpcLogAppender (GrpcLogAppender.java:timeoutAppendRequest(200)) - 1a989eca-a026-4062-a574-e52a85f9a2a4@group-4E1E24F5414E->4bd4e05e-fa44-45f4-99bb-ac21c4078a41-GrpcLogAppender: appendEntries Timeout, request=1a989eca-a026-4062-a574-e52a85f9a2a4->4bd4e05e-fa44-45f4-99bb-ac21c4078a41#41-t1, previous=(t:1, i:11), leaderCommit=6, initializing? false, entries: <empty>
2019-09-11 06:59:15,223 [grpc-default-executor-0] INFO  client.GrpcClientProtocolClient (GrpcClientProtocolClient.java:onNext(264)) - client-1A924A56FEAD->69a71f03-bd49-4dcf-a91a-b858634f7ca8: receive RaftClientReply:client-1A924A56FEAD->69a71f03-bd49-4dcf-a91a-b858634f7ca8@group-4E1E24F5414E, cid=16, FAILED org.apache.ratis.protocol.NotLeaderException: Server 69a71f03-bd49-4dcf-a91a-b858634f7ca8@group-4E1E24F5414E is not the leader 1a989eca-a026-4062-a574-e52a85f9a2a4:192.168.34.12:35514, logIndex=0, commits[69a71f03-bd49-4dcf-a91a-b858634f7ca8:c6, 4bd4e05e-fa44-45f4-99bb-ac21c4078a41:c4, 1a989eca-a026-4062-a574-e52a85f9a2a4:c6]
2019-09-11 06:59:17,247 [java.util.concurrent.ThreadPoolExecutor$Worker@fe28b1[State = -1, empty queue]] WARN  server.GrpcLogAppender (GrpcLogAppender.java:timeoutAppendRequest(200)) - 1a989eca-a026-4062-a574-e52a85f9a2a4@group-4E1E24F5414E->4bd4e05e-fa44-45f4-99bb-ac21c4078a41-GrpcLogAppender: appendEntries Timeout, request=1a989eca-a026-4062-a574-e52a85f9a2a4->4bd4e05e-fa44-45f4-99bb-ac21c4078a41#42-t1, previous=(t:1, i:11), leaderCommit=6, initializing? false, entries: <empty>
2019-09-11 06:59:17,247 [java.util.concurrent.ThreadPoolExecutor$Worker@6ef3d61[State = -1, empty queue]] WARN  server.GrpcLogAppender (GrpcLogAppender.java:timeoutAppendRequest(200)) - 1a989eca-a026-4062-a574-e52a85f9a2a4@group-4E1E24F5414E->69a71f03-bd49-4dcf-a91a-b858634f7ca8-GrpcLogAppender: appendEntries Timeout, request=1a989eca-a026-4062-a574-e52a85f9a2a4->69a71f03-bd49-4dcf-a91a-b858634f7ca8#42-t1, previous=(t:1, i:11), leaderCommit=6, initializing? false, entries: <empty>
2019-09-11 06:59:19,232 [1a989eca-a026-4062-a574-e52a85f9a2a4@group-4E1E24F5414E-SegmentedRaftLogWorker] WARN  segmented.SegmentedRaftLogWorker (SegmentedRaftLogWorker.java:getFromFuture(90)) - Timeout 7/~
org.apache.ratis.protocol.TimeoutIOException: Timeout 10s: WriteLog:7: (t:1, i:7), STATEMACHINELOGENTRY, client-1A924A56FEAD, cid=16-writeStateMachineData
	at org.apache.ratis.util.IOUtils.getFromFuture(IOUtils.java:87)
	at org.apache.ratis.server.raftlog.segmented.SegmentedRaftLogWorker$StateMachineDataPolicy.getFromFuture(SegmentedRaftLogWorker.java:87)
	at org.apache.ratis.server.raftlog.segmented.SegmentedRaftLogWorker$WriteLog.execute(SegmentedRaftLogWorker.java:477)
	at org.apache.ratis.server.raftlog.segmented.SegmentedRaftLogWorker.run(SegmentedRaftLogWorker.java:289)
	at java.lang.Thread.run(Thread.java:748)
Caused by: java.util.concurrent.TimeoutException
	at java.util.concurrent.CompletableFuture.timedGet(CompletableFuture.java:1771)
	at java.util.concurrent.CompletableFuture.get(CompletableFuture.java:1915)
	at org.apache.ratis.util.IOUtils.getFromFuture(IOUtils.java:79)
	... 4 more
2019-09-11 06:59:19,306 [4bd4e05e-fa44-45f4-99bb-ac21c4078a41@group-4E1E24F5414E-SegmentedRaftLogWorker] WARN  segmented.SegmentedRaftLogWorker (SegmentedRaftLogWorker.java:getFromFuture(90)) - Timeout 7/~
org.apache.ratis.protocol.TimeoutIOException: Timeout 10s: WriteLog:8: (t:1, i:8), STATEMACHINELOGENTRY, client-1A924A56FEAD, cid=17-writeStateMachineData
	at org.apache.ratis.util.IOUtils.getFromFuture(IOUtils.java:87)
	at org.apache.ratis.server.raftlog.segmented.SegmentedRaftLogWorker$StateMachineDataPolicy.getFromFuture(SegmentedRaftLogWorker.java:87)
	at org.apache.ratis.server.raftlog.segmented.SegmentedRaftLogWorker$WriteLog.execute(SegmentedRaftLogWorker.java:477)
	at org.apache.ratis.server.raftlog.segmented.SegmentedRaftLogWorker.run(SegmentedRaftLogWorker.java:289)
	at java.lang.Thread.run(Thread.java:748)
Caused by: java.util.concurrent.TimeoutException
	at java.util.concurrent.CompletableFuture.timedGet(CompletableFuture.java:1771)
	at java.util.concurrent.CompletableFuture.get(CompletableFuture.java:1915)
	at org.apache.ratis.util.IOUtils.getFromFuture(IOUtils.java:79)
	... 4 more
2019-09-11 06:59:19,307 [69a71f03-bd49-4dcf-a91a-b858634f7ca8@group-4E1E24F5414E-SegmentedRaftLogWorker] WARN  segmented.SegmentedRaftLogWorker (SegmentedRaftLogWorker.java:getFromFuture(90)) - Timeout 7/~
org.apache.ratis.protocol.TimeoutIOException: Timeout 10s: WriteLog:8: (t:1, i:8), STATEMACHINELOGENTRY, client-1A924A56FEAD, cid=17-writeStateMachineData
	at org.apache.ratis.util.IOUtils.getFromFuture(IOUtils.java:87)
	at org.apache.ratis.server.raftlog.segmented.SegmentedRaftLogWorker$StateMachineDataPolicy.getFromFuture(SegmentedRaftLogWorker.java:87)
	at org.apache.ratis.server.raftlog.segmented.SegmentedRaftLogWorker$WriteLog.execute(SegmentedRaftLogWorker.java:477)
	at org.apache.ratis.server.raftlog.segmented.SegmentedRaftLogWorker.run(SegmentedRaftLogWorker.java:289)
	at java.lang.Thread.run(Thread.java:748)
Caused by: java.util.concurrent.TimeoutException
	at java.util.concurrent.CompletableFuture.timedGet(CompletableFuture.java:1771)
	at java.util.concurrent.CompletableFuture.get(CompletableFuture.java:1915)
	at org.apache.ratis.util.IOUtils.getFromFuture(IOUtils.java:79)
	... 4 more
2019-09-11 06:59:19,748 [java.util.concurrent.ThreadPoolExecutor$Worker@fe28b1[State = -1, empty queue]] WARN  server.GrpcLogAppender (GrpcLogAppender.java:timeoutAppendRequest(200)) - 1a989eca-a026-4062-a574-e52a85f9a2a4@group-4E1E24F5414E->4bd4e05e-fa44-45f4-99bb-ac21c4078a41-GrpcLogAppender: appendEntries Timeout, request=1a989eca-a026-4062-a574-e52a85f9a2a4->4bd4e05e-fa44-45f4-99bb-ac21c4078a41#43-t1, previous=(t:1, i:11), leaderCommit=6, initializing? false, entries: <empty>
2019-09-11 06:59:19,748 [java.util.concurrent.ThreadPoolExecutor$Worker@6ef3d61[State = -1, empty queue]] WARN  server.GrpcLogAppender (GrpcLogAppender.java:timeoutAppendRequest(200)) - 1a989eca-a026-4062-a574-e52a85f9a2a4@group-4E1E24F5414E->69a71f03-bd49-4dcf-a91a-b858634f7ca8-GrpcLogAppender: appendEntries Timeout, request=1a989eca-a026-4062-a574-e52a85f9a2a4->69a71f03-bd49-4dcf-a91a-b858634f7ca8#43-t1, previous=(t:1, i:11), leaderCommit=6, initializing? false, entries: <empty>
2019-09-11 06:59:20,300 [grpc-default-executor-0] INFO  client.GrpcClientProtocolClient (GrpcClientProtocolClient.java:onNext(264)) - client-1A924A56FEAD->4bd4e05e-fa44-45f4-99bb-ac21c4078a41: receive RaftClientReply:client-1A924A56FEAD->4bd4e05e-fa44-45f4-99bb-ac21c4078a41@group-4E1E24F5414E, cid=16, FAILED org.apache.ratis.protocol.NotLeaderException: Server 4bd4e05e-fa44-45f4-99bb-ac21c4078a41@group-4E1E24F5414E is not the leader 1a989eca-a026-4062-a574-e52a85f9a2a4:192.168.34.12:35514, logIndex=0, commits[4bd4e05e-fa44-45f4-99bb-ac21c4078a41:c6, 69a71f03-bd49-4dcf-a91a-b858634f7ca8:c4, 1a989eca-a026-4062-a574-e52a85f9a2a4:c6]
2019-09-11 06:59:22,254 [java.util.concurrent.ThreadPoolExecutor$Worker@fe28b1[State = -1, empty queue]] WARN  server.GrpcLogAppender (GrpcLogAppender.java:timeoutAppendRequest(200)) - 1a989eca-a026-4062-a574-e52a85f9a2a4@group-4E1E24F5414E->4bd4e05e-fa44-45f4-99bb-ac21c4078a41-GrpcLogAppender: appendEntries Timeout, request=1a989eca-a026-4062-a574-e52a85f9a2a4->4bd4e05e-fa44-45f4-99bb-ac21c4078a41#44-t1, previous=(t:1, i:11), leaderCommit=6, initializing? false, entries: <empty>
2019-09-11 06:59:22,254 [java.util.concurrent.ThreadPoolExecutor$Worker@6ef3d61[State = -1, empty queue]] WARN  server.GrpcLogAppender (GrpcLogAppender.java:timeoutAppendRequest(200)) - 1a989eca-a026-4062-a574-e52a85f9a2a4@group-4E1E24F5414E->69a71f03-bd49-4dcf-a91a-b858634f7ca8-GrpcLogAppender: appendEntries Timeout, request=1a989eca-a026-4062-a574-e52a85f9a2a4->69a71f03-bd49-4dcf-a91a-b858634f7ca8#44-t1, previous=(t:1, i:11), leaderCommit=6, initializing? false, entries: <empty>
2019-09-11 06:59:24,755 [java.util.concurrent.ThreadPoolExecutor$Worker@6ef3d61[State = -1, empty queue]] WARN  server.GrpcLogAppender (GrpcLogAppender.java:timeoutAppendRequest(200)) - 1a989eca-a026-4062-a574-e52a85f9a2a4@group-4E1E24F5414E->69a71f03-bd49-4dcf-a91a-b858634f7ca8-GrpcLogAppender: appendEntries Timeout, request=1a989eca-a026-4062-a574-e52a85f9a2a4->69a71f03-bd49-4dcf-a91a-b858634f7ca8#45-t1, previous=(t:1, i:11), leaderCommit=6, initializing? false, entries: <empty>
2019-09-11 06:59:24,755 [java.util.concurrent.ThreadPoolExecutor$Worker@fe28b1[State = -1, empty queue]] WARN  server.GrpcLogAppender (GrpcLogAppender.java:timeoutAppendRequest(200)) - 1a989eca-a026-4062-a574-e52a85f9a2a4@group-4E1E24F5414E->4bd4e05e-fa44-45f4-99bb-ac21c4078a41-GrpcLogAppender: appendEntries Timeout, request=1a989eca-a026-4062-a574-e52a85f9a2a4->4bd4e05e-fa44-45f4-99bb-ac21c4078a41#45-t1, previous=(t:1, i:11), leaderCommit=6, initializing? false, entries: <empty>
2019-09-11 06:59:25,367 [grpc-default-executor-0] INFO  client.GrpcClientProtocolClient (GrpcClientProtocolClient.java:onNext(264)) - client-1A924A56FEAD->4bd4e05e-fa44-45f4-99bb-ac21c4078a41: receive RaftClientReply:client-1A924A56FEAD->4bd4e05e-fa44-45f4-99bb-ac21c4078a41@group-4E1E24F5414E, cid=16, FAILED org.apache.ratis.protocol.NotLeaderException: Server 4bd4e05e-fa44-45f4-99bb-ac21c4078a41@group-4E1E24F5414E is not the leader 1a989eca-a026-4062-a574-e52a85f9a2a4:192.168.34.12:35514, logIndex=0, commits[4bd4e05e-fa44-45f4-99bb-ac21c4078a41:c6, 69a71f03-bd49-4dcf-a91a-b858634f7ca8:c4, 1a989eca-a026-4062-a574-e52a85f9a2a4:c6]
2019-09-11 06:59:27,255 [java.util.concurrent.ThreadPoolExecutor$Worker@6ef3d61[State = -1, empty queue]] WARN  server.GrpcLogAppender (GrpcLogAppender.java:timeoutAppendRequest(200)) - 1a989eca-a026-4062-a574-e52a85f9a2a4@group-4E1E24F5414E->69a71f03-bd49-4dcf-a91a-b858634f7ca8-GrpcLogAppender: appendEntries Timeout, request=1a989eca-a026-4062-a574-e52a85f9a2a4->69a71f03-bd49-4dcf-a91a-b858634f7ca8#46-t1, previous=(t:1, i:11), leaderCommit=6, initializing? false, entries: <empty>
2019-09-11 06:59:27,255 [java.util.concurrent.ThreadPoolExecutor$Worker@fe28b1[State = -1, empty queue]] WARN  server.GrpcLogAppender (GrpcLogAppender.java:timeoutAppendRequest(200)) - 1a989eca-a026-4062-a574-e52a85f9a2a4@group-4E1E24F5414E->4bd4e05e-fa44-45f4-99bb-ac21c4078a41-GrpcLogAppender: appendEntries Timeout, request=1a989eca-a026-4062-a574-e52a85f9a2a4->4bd4e05e-fa44-45f4-99bb-ac21c4078a41#46-t1, previous=(t:1, i:11), leaderCommit=6, initializing? false, entries: <empty>
2019-09-11 06:59:29,234 [1a989eca-a026-4062-a574-e52a85f9a2a4@group-4E1E24F5414E-SegmentedRaftLogWorker] WARN  segmented.SegmentedRaftLogWorker (SegmentedRaftLogWorker.java:getFromFuture(90)) - Timeout 8/~
org.apache.ratis.protocol.TimeoutIOException: Timeout 10s: WriteLog:7: (t:1, i:7), STATEMACHINELOGENTRY, client-1A924A56FEAD, cid=16-writeStateMachineData
	at org.apache.ratis.util.IOUtils.getFromFuture(IOUtils.java:87)
	at org.apache.ratis.server.raftlog.segmented.SegmentedRaftLogWorker$StateMachineDataPolicy.getFromFuture(SegmentedRaftLogWorker.java:87)
	at org.apache.ratis.server.raftlog.segmented.SegmentedRaftLogWorker$WriteLog.execute(SegmentedRaftLogWorker.java:477)
	at org.apache.ratis.server.raftlog.segmented.SegmentedRaftLogWorker.run(SegmentedRaftLogWorker.java:289)
	at java.lang.Thread.run(Thread.java:748)
Caused by: java.util.concurrent.TimeoutException
	at java.util.concurrent.CompletableFuture.timedGet(CompletableFuture.java:1771)
	at java.util.concurrent.CompletableFuture.get(CompletableFuture.java:1915)
	at org.apache.ratis.util.IOUtils.getFromFuture(IOUtils.java:79)
	... 4 more
2019-09-11 06:59:29,307 [4bd4e05e-fa44-45f4-99bb-ac21c4078a41@group-4E1E24F5414E-SegmentedRaftLogWorker] WARN  segmented.SegmentedRaftLogWorker (SegmentedRaftLogWorker.java:getFromFuture(90)) - Timeout 8/~
org.apache.ratis.protocol.TimeoutIOException: Timeout 10s: WriteLog:8: (t:1, i:8), STATEMACHINELOGENTRY, client-1A924A56FEAD, cid=17-writeStateMachineData
	at org.apache.ratis.util.IOUtils.getFromFuture(IOUtils.java:87)
	at org.apache.ratis.server.raftlog.segmented.SegmentedRaftLogWorker$StateMachineDataPolicy.getFromFuture(SegmentedRaftLogWorker.java:87)
	at org.apache.ratis.server.raftlog.segmented.SegmentedRaftLogWorker$WriteLog.execute(SegmentedRaftLogWorker.java:477)
	at org.apache.ratis.server.raftlog.segmented.SegmentedRaftLogWorker.run(SegmentedRaftLogWorker.java:289)
	at java.lang.Thread.run(Thread.java:748)
Caused by: java.util.concurrent.TimeoutException
	at java.util.concurrent.CompletableFuture.timedGet(CompletableFuture.java:1771)
	at java.util.concurrent.CompletableFuture.get(CompletableFuture.java:1915)
	at org.apache.ratis.util.IOUtils.getFromFuture(IOUtils.java:79)
	... 4 more
2019-09-11 06:59:29,308 [69a71f03-bd49-4dcf-a91a-b858634f7ca8@group-4E1E24F5414E-SegmentedRaftLogWorker] WARN  segmented.SegmentedRaftLogWorker (SegmentedRaftLogWorker.java:getFromFuture(90)) - Timeout 8/~
org.apache.ratis.protocol.TimeoutIOException: Timeout 10s: WriteLog:8: (t:1, i:8), STATEMACHINELOGENTRY, client-1A924A56FEAD, cid=17-writeStateMachineData
	at org.apache.ratis.util.IOUtils.getFromFuture(IOUtils.java:87)
	at org.apache.ratis.server.raftlog.segmented.SegmentedRaftLogWorker$StateMachineDataPolicy.getFromFuture(SegmentedRaftLogWorker.java:87)
	at org.apache.ratis.server.raftlog.segmented.SegmentedRaftLogWorker$WriteLog.execute(SegmentedRaftLogWorker.java:477)
	at org.apache.ratis.server.raftlog.segmented.SegmentedRaftLogWorker.run(SegmentedRaftLogWorker.java:289)
	at java.lang.Thread.run(Thread.java:748)
Caused by: java.util.concurrent.TimeoutException
	at java.util.concurrent.CompletableFuture.timedGet(CompletableFuture.java:1771)
	at java.util.concurrent.CompletableFuture.get(CompletableFuture.java:1915)
	at org.apache.ratis.util.IOUtils.getFromFuture(IOUtils.java:79)
	... 4 more
2019-09-11 06:59:29,756 [java.util.concurrent.ThreadPoolExecutor$Worker@6ef3d61[State = -1, empty queue]] WARN  server.GrpcLogAppender (GrpcLogAppender.java:timeoutAppendRequest(200)) - 1a989eca-a026-4062-a574-e52a85f9a2a4@group-4E1E24F5414E->69a71f03-bd49-4dcf-a91a-b858634f7ca8-GrpcLogAppender: appendEntries Timeout, request=1a989eca-a026-4062-a574-e52a85f9a2a4->69a71f03-bd49-4dcf-a91a-b858634f7ca8#47-t1, previous=(t:1, i:11), leaderCommit=6, initializing? false, entries: <empty>
2019-09-11 06:59:29,756 [java.util.concurrent.ThreadPoolExecutor$Worker@fe28b1[State = -1, empty queue]] WARN  server.GrpcLogAppender (GrpcLogAppender.java:timeoutAppendRequest(200)) - 1a989eca-a026-4062-a574-e52a85f9a2a4@group-4E1E24F5414E->4bd4e05e-fa44-45f4-99bb-ac21c4078a41-GrpcLogAppender: appendEntries Timeout, request=1a989eca-a026-4062-a574-e52a85f9a2a4->4bd4e05e-fa44-45f4-99bb-ac21c4078a41#47-t1, previous=(t:1, i:11), leaderCommit=6, initializing? false, entries: <empty>
2019-09-11 06:59:30,431 [grpc-default-executor-2] INFO  client.GrpcClientProtocolClient (GrpcClientProtocolClient.java:onNext(264)) - client-1A924A56FEAD->4bd4e05e-fa44-45f4-99bb-ac21c4078a41: receive RaftClientReply:client-1A924A56FEAD->4bd4e05e-fa44-45f4-99bb-ac21c4078a41@group-4E1E24F5414E, cid=16, FAILED org.apache.ratis.protocol.NotLeaderException: Server 4bd4e05e-fa44-45f4-99bb-ac21c4078a41@group-4E1E24F5414E is not the leader 1a989eca-a026-4062-a574-e52a85f9a2a4:192.168.34.12:35514, logIndex=0, commits[4bd4e05e-fa44-45f4-99bb-ac21c4078a41:c6, 69a71f03-bd49-4dcf-a91a-b858634f7ca8:c4, 1a989eca-a026-4062-a574-e52a85f9a2a4:c6]
2019-09-11 06:59:32,257 [java.util.concurrent.ThreadPoolExecutor$Worker@6ef3d61[State = -1, empty queue]] WARN  server.GrpcLogAppender (GrpcLogAppender.java:timeoutAppendRequest(200)) - 1a989eca-a026-4062-a574-e52a85f9a2a4@group-4E1E24F5414E->69a71f03-bd49-4dcf-a91a-b858634f7ca8-GrpcLogAppender: appendEntries Timeout, request=1a989eca-a026-4062-a574-e52a85f9a2a4->69a71f03-bd49-4dcf-a91a-b858634f7ca8#48-t1, previous=(t:1, i:11), leaderCommit=6, initializing? false, entries: <empty>
2019-09-11 06:59:32,257 [java.util.concurrent.ThreadPoolExecutor$Worker@fe28b1[State = -1, empty queue]] WARN  server.GrpcLogAppender (GrpcLogAppender.java:timeoutAppendRequest(200)) - 1a989eca-a026-4062-a574-e52a85f9a2a4@group-4E1E24F5414E->4bd4e05e-fa44-45f4-99bb-ac21c4078a41-GrpcLogAppender: appendEntries Timeout, request=1a989eca-a026-4062-a574-e52a85f9a2a4->4bd4e05e-fa44-45f4-99bb-ac21c4078a41#48-t1, previous=(t:1, i:11), leaderCommit=6, initializing? false, entries: <empty>
2019-09-11 06:59:34,757 [java.util.concurrent.ThreadPoolExecutor$Worker@fe28b1[State = -1, empty queue]] WARN  server.GrpcLogAppender (GrpcLogAppender.java:timeoutAppendRequest(200)) - 1a989eca-a026-4062-a574-e52a85f9a2a4@group-4E1E24F5414E->4bd4e05e-fa44-45f4-99bb-ac21c4078a41-GrpcLogAppender: appendEntries Timeout, request=1a989eca-a026-4062-a574-e52a85f9a2a4->4bd4e05e-fa44-45f4-99bb-ac21c4078a41#49-t1, previous=(t:1, i:11), leaderCommit=6, initializing? false, entries: <empty>
2019-09-11 06:59:34,757 [java.util.concurrent.ThreadPoolExecutor$Worker@6ef3d61[State = -1, empty queue]] WARN  server.GrpcLogAppender (GrpcLogAppender.java:timeoutAppendRequest(200)) - 1a989eca-a026-4062-a574-e52a85f9a2a4@group-4E1E24F5414E->69a71f03-bd49-4dcf-a91a-b858634f7ca8-GrpcLogAppender: appendEntries Timeout, request=1a989eca-a026-4062-a574-e52a85f9a2a4->69a71f03-bd49-4dcf-a91a-b858634f7ca8#49-t1, previous=(t:1, i:11), leaderCommit=6, initializing? false, entries: <empty>
2019-09-11 06:59:35,484 [grpc-default-executor-0] INFO  client.GrpcClientProtocolClient (GrpcClientProtocolClient.java:onNext(264)) - client-1A924A56FEAD->69a71f03-bd49-4dcf-a91a-b858634f7ca8: receive RaftClientReply:client-1A924A56FEAD->69a71f03-bd49-4dcf-a91a-b858634f7ca8@group-4E1E24F5414E, cid=16, FAILED org.apache.ratis.protocol.NotLeaderException: Server 69a71f03-bd49-4dcf-a91a-b858634f7ca8@group-4E1E24F5414E is not the leader 1a989eca-a026-4062-a574-e52a85f9a2a4:192.168.34.12:35514, logIndex=0, commits[69a71f03-bd49-4dcf-a91a-b858634f7ca8:c6, 4bd4e05e-fa44-45f4-99bb-ac21c4078a41:c4, 1a989eca-a026-4062-a574-e52a85f9a2a4:c6]
2019-09-11 06:59:37,258 [java.util.concurrent.ThreadPoolExecutor$Worker@fe28b1[State = -1, empty queue]] WARN  server.GrpcLogAppender (GrpcLogAppender.java:timeoutAppendRequest(200)) - 1a989eca-a026-4062-a574-e52a85f9a2a4@group-4E1E24F5414E->4bd4e05e-fa44-45f4-99bb-ac21c4078a41-GrpcLogAppender: appendEntries Timeout, request=1a989eca-a026-4062-a574-e52a85f9a2a4->4bd4e05e-fa44-45f4-99bb-ac21c4078a41#50-t1, previous=(t:1, i:11), leaderCommit=6, initializing? false, entries: <empty>
2019-09-11 06:59:37,258 [java.util.concurrent.ThreadPoolExecutor$Worker@6ef3d61[State = -1, empty queue]] WARN  server.GrpcLogAppender (GrpcLogAppender.java:timeoutAppendRequest(200)) - 1a989eca-a026-4062-a574-e52a85f9a2a4@group-4E1E24F5414E->69a71f03-bd49-4dcf-a91a-b858634f7ca8-GrpcLogAppender: appendEntries Timeout, request=1a989eca-a026-4062-a574-e52a85f9a2a4->69a71f03-bd49-4dcf-a91a-b858634f7ca8#50-t1, previous=(t:1, i:11), leaderCommit=6, initializing? false, entries: <empty>
2019-09-11 06:59:39,236 [1a989eca-a026-4062-a574-e52a85f9a2a4@group-4E1E24F5414E-SegmentedRaftLogWorker] WARN  segmented.SegmentedRaftLogWorker (SegmentedRaftLogWorker.java:getFromFuture(90)) - Timeout 9/~
org.apache.ratis.protocol.TimeoutIOException: Timeout 10s: WriteLog:7: (t:1, i:7), STATEMACHINELOGENTRY, client-1A924A56FEAD, cid=16-writeStateMachineData
	at org.apache.ratis.util.IOUtils.getFromFuture(IOUtils.java:87)
	at org.apache.ratis.server.raftlog.segmented.SegmentedRaftLogWorker$StateMachineDataPolicy.getFromFuture(SegmentedRaftLogWorker.java:87)
	at org.apache.ratis.server.raftlog.segmented.SegmentedRaftLogWorker$WriteLog.execute(SegmentedRaftLogWorker.java:477)
	at org.apache.ratis.server.raftlog.segmented.SegmentedRaftLogWorker.run(SegmentedRaftLogWorker.java:289)
	at java.lang.Thread.run(Thread.java:748)
Caused by: java.util.concurrent.TimeoutException
	at java.util.concurrent.CompletableFuture.timedGet(CompletableFuture.java:1771)
	at java.util.concurrent.CompletableFuture.get(CompletableFuture.java:1915)
	at org.apache.ratis.util.IOUtils.getFromFuture(IOUtils.java:79)
	... 4 more
2019-09-11 06:59:39,308 [4bd4e05e-fa44-45f4-99bb-ac21c4078a41@group-4E1E24F5414E-SegmentedRaftLogWorker] WARN  segmented.SegmentedRaftLogWorker (SegmentedRaftLogWorker.java:getFromFuture(90)) - Timeout 9/~
org.apache.ratis.protocol.TimeoutIOException: Timeout 10s: WriteLog:8: (t:1, i:8), STATEMACHINELOGENTRY, client-1A924A56FEAD, cid=17-writeStateMachineData
	at org.apache.ratis.util.IOUtils.getFromFuture(IOUtils.java:87)
	at org.apache.ratis.server.raftlog.segmented.SegmentedRaftLogWorker$StateMachineDataPolicy.getFromFuture(SegmentedRaftLogWorker.java:87)
	at org.apache.ratis.server.raftlog.segmented.SegmentedRaftLogWorker$WriteLog.execute(SegmentedRaftLogWorker.java:477)
	at org.apache.ratis.server.raftlog.segmented.SegmentedRaftLogWorker.run(SegmentedRaftLogWorker.java:289)
	at java.lang.Thread.run(Thread.java:748)
Caused by: java.util.concurrent.TimeoutException
	at java.util.concurrent.CompletableFuture.timedGet(CompletableFuture.java:1771)
	at java.util.concurrent.CompletableFuture.get(CompletableFuture.java:1915)
	at org.apache.ratis.util.IOUtils.getFromFuture(IOUtils.java:79)
	... 4 more
2019-09-11 06:59:39,309 [69a71f03-bd49-4dcf-a91a-b858634f7ca8@group-4E1E24F5414E-SegmentedRaftLogWorker] WARN  segmented.SegmentedRaftLogWorker (SegmentedRaftLogWorker.java:getFromFuture(90)) - Timeout 9/~
org.apache.ratis.protocol.TimeoutIOException: Timeout 10s: WriteLog:8: (t:1, i:8), STATEMACHINELOGENTRY, client-1A924A56FEAD, cid=17-writeStateMachineData
	at org.apache.ratis.util.IOUtils.getFromFuture(IOUtils.java:87)
	at org.apache.ratis.server.raftlog.segmented.SegmentedRaftLogWorker$StateMachineDataPolicy.getFromFuture(SegmentedRaftLogWorker.java:87)
	at org.apache.ratis.server.raftlog.segmented.SegmentedRaftLogWorker$WriteLog.execute(SegmentedRaftLogWorker.java:477)
	at org.apache.ratis.server.raftlog.segmented.SegmentedRaftLogWorker.run(SegmentedRaftLogWorker.java:289)
	at java.lang.Thread.run(Thread.java:748)
Caused by: java.util.concurrent.TimeoutException
	at java.util.concurrent.CompletableFuture.timedGet(CompletableFuture.java:1771)
	at java.util.concurrent.CompletableFuture.get(CompletableFuture.java:1915)
	at org.apache.ratis.util.IOUtils.getFromFuture(IOUtils.java:79)
	... 4 more
2019-09-11 06:59:39,758 [java.util.concurrent.ThreadPoolExecutor$Worker@6ef3d61[State = -1, empty queue]] WARN  server.GrpcLogAppender (GrpcLogAppender.java:timeoutAppendRequest(200)) - 1a989eca-a026-4062-a574-e52a85f9a2a4@group-4E1E24F5414E->69a71f03-bd49-4dcf-a91a-b858634f7ca8-GrpcLogAppender: appendEntries Timeout, request=1a989eca-a026-4062-a574-e52a85f9a2a4->69a71f03-bd49-4dcf-a91a-b858634f7ca8#51-t1, previous=(t:1, i:11), leaderCommit=6, initializing? false, entries: <empty>
2019-09-11 06:59:39,758 [java.util.concurrent.ThreadPoolExecutor$Worker@fe28b1[State = -1, empty queue]] WARN  server.GrpcLogAppender (GrpcLogAppender.java:timeoutAppendRequest(200)) - 1a989eca-a026-4062-a574-e52a85f9a2a4@group-4E1E24F5414E->4bd4e05e-fa44-45f4-99bb-ac21c4078a41-GrpcLogAppender: appendEntries Timeout, request=1a989eca-a026-4062-a574-e52a85f9a2a4->4bd4e05e-fa44-45f4-99bb-ac21c4078a41#51-t1, previous=(t:1, i:11), leaderCommit=6, initializing? false, entries: <empty>
2019-09-11 06:59:40,544 [grpc-default-executor-0] INFO  client.GrpcClientProtocolClient (GrpcClientProtocolClient.java:onNext(264)) - client-1A924A56FEAD->69a71f03-bd49-4dcf-a91a-b858634f7ca8: receive RaftClientReply:client-1A924A56FEAD->69a71f03-bd49-4dcf-a91a-b858634f7ca8@group-4E1E24F5414E, cid=16, FAILED org.apache.ratis.protocol.NotLeaderException: Server 69a71f03-bd49-4dcf-a91a-b858634f7ca8@group-4E1E24F5414E is not the leader 1a989eca-a026-4062-a574-e52a85f9a2a4:192.168.34.12:35514, logIndex=0, commits[69a71f03-bd49-4dcf-a91a-b858634f7ca8:c6, 4bd4e05e-fa44-45f4-99bb-ac21c4078a41:c4, 1a989eca-a026-4062-a574-e52a85f9a2a4:c6]
2019-09-11 06:59:42,259 [java.util.concurrent.ThreadPoolExecutor$Worker@6ef3d61[State = -1, empty queue]] WARN  server.GrpcLogAppender (GrpcLogAppender.java:timeoutAppendRequest(200)) - 1a989eca-a026-4062-a574-e52a85f9a2a4@group-4E1E24F5414E->69a71f03-bd49-4dcf-a91a-b858634f7ca8-GrpcLogAppender: appendEntries Timeout, request=1a989eca-a026-4062-a574-e52a85f9a2a4->69a71f03-bd49-4dcf-a91a-b858634f7ca8#52-t1, previous=(t:1, i:11), leaderCommit=6, initializing? false, entries: <empty>
2019-09-11 06:59:42,259 [java.util.concurrent.ThreadPoolExecutor$Worker@fe28b1[State = -1, empty queue]] WARN  server.GrpcLogAppender (GrpcLogAppender.java:timeoutAppendRequest(200)) - 1a989eca-a026-4062-a574-e52a85f9a2a4@group-4E1E24F5414E->4bd4e05e-fa44-45f4-99bb-ac21c4078a41-GrpcLogAppender: appendEntries Timeout, request=1a989eca-a026-4062-a574-e52a85f9a2a4->4bd4e05e-fa44-45f4-99bb-ac21c4078a41#52-t1, previous=(t:1, i:11), leaderCommit=6, initializing? false, entries: <empty>
2019-09-11 06:59:44,759 [java.util.concurrent.ThreadPoolExecutor$Worker@6ef3d61[State = -1, empty queue]] WARN  server.GrpcLogAppender (GrpcLogAppender.java:timeoutAppendRequest(200)) - 1a989eca-a026-4062-a574-e52a85f9a2a4@group-4E1E24F5414E->69a71f03-bd49-4dcf-a91a-b858634f7ca8-GrpcLogAppender: appendEntries Timeout, request=1a989eca-a026-4062-a574-e52a85f9a2a4->69a71f03-bd49-4dcf-a91a-b858634f7ca8#53-t1, previous=(t:1, i:11), leaderCommit=6, initializing? false, entries: <empty>
2019-09-11 06:59:44,759 [java.util.concurrent.ThreadPoolExecutor$Worker@fe28b1[State = -1, empty queue]] WARN  server.GrpcLogAppender (GrpcLogAppender.java:timeoutAppendRequest(200)) - 1a989eca-a026-4062-a574-e52a85f9a2a4@group-4E1E24F5414E->4bd4e05e-fa44-45f4-99bb-ac21c4078a41-GrpcLogAppender: appendEntries Timeout, request=1a989eca-a026-4062-a574-e52a85f9a2a4->4bd4e05e-fa44-45f4-99bb-ac21c4078a41#53-t1, previous=(t:1, i:11), leaderCommit=6, initializing? false, entries: <empty>
2019-09-11 06:59:45,607 [grpc-default-executor-0] INFO  client.GrpcClientProtocolClient (GrpcClientProtocolClient.java:onNext(264)) - client-1A924A56FEAD->4bd4e05e-fa44-45f4-99bb-ac21c4078a41: receive RaftClientReply:client-1A924A56FEAD->4bd4e05e-fa44-45f4-99bb-ac21c4078a41@group-4E1E24F5414E, cid=16, FAILED org.apache.ratis.protocol.NotLeaderException: Server 4bd4e05e-fa44-45f4-99bb-ac21c4078a41@group-4E1E24F5414E is not the leader 1a989eca-a026-4062-a574-e52a85f9a2a4:192.168.34.12:35514, logIndex=0, commits[4bd4e05e-fa44-45f4-99bb-ac21c4078a41:c6, 69a71f03-bd49-4dcf-a91a-b858634f7ca8:c4, 1a989eca-a026-4062-a574-e52a85f9a2a4:c6]
2019-09-11 06:59:47,260 [java.util.concurrent.ThreadPoolExecutor$Worker@fe28b1[State = -1, empty queue]] WARN  server.GrpcLogAppender (GrpcLogAppender.java:timeoutAppendRequest(200)) - 1a989eca-a026-4062-a574-e52a85f9a2a4@group-4E1E24F5414E->4bd4e05e-fa44-45f4-99bb-ac21c4078a41-GrpcLogAppender: appendEntries Timeout, request=1a989eca-a026-4062-a574-e52a85f9a2a4->4bd4e05e-fa44-45f4-99bb-ac21c4078a41#54-t1, previous=(t:1, i:11), leaderCommit=6, initializing? false, entries: <empty>
2019-09-11 06:59:47,260 [java.util.concurrent.ThreadPoolExecutor$Worker@6ef3d61[State = -1, empty queue]] WARN  server.GrpcLogAppender (GrpcLogAppender.java:timeoutAppendRequest(200)) - 1a989eca-a026-4062-a574-e52a85f9a2a4@group-4E1E24F5414E->69a71f03-bd49-4dcf-a91a-b858634f7ca8-GrpcLogAppender: appendEntries Timeout, request=1a989eca-a026-4062-a574-e52a85f9a2a4->69a71f03-bd49-4dcf-a91a-b858634f7ca8#54-t1, previous=(t:1, i:11), leaderCommit=6, initializing? false, entries: <empty>
2019-09-11 06:59:49,237 [1a989eca-a026-4062-a574-e52a85f9a2a4@group-4E1E24F5414E-SegmentedRaftLogWorker] WARN  segmented.SegmentedRaftLogWorker (SegmentedRaftLogWorker.java:getFromFuture(90)) - Timeout 10/~
org.apache.ratis.protocol.TimeoutIOException: Timeout 10s: WriteLog:7: (t:1, i:7), STATEMACHINELOGENTRY, client-1A924A56FEAD, cid=16-writeStateMachineData
	at org.apache.ratis.util.IOUtils.getFromFuture(IOUtils.java:87)
	at org.apache.ratis.server.raftlog.segmented.SegmentedRaftLogWorker$StateMachineDataPolicy.getFromFuture(SegmentedRaftLogWorker.java:87)
	at org.apache.ratis.server.raftlog.segmented.SegmentedRaftLogWorker$WriteLog.execute(SegmentedRaftLogWorker.java:477)
	at org.apache.ratis.server.raftlog.segmented.SegmentedRaftLogWorker.run(SegmentedRaftLogWorker.java:289)
	at java.lang.Thread.run(Thread.java:748)
Caused by: java.util.concurrent.TimeoutException
	at java.util.concurrent.CompletableFuture.timedGet(CompletableFuture.java:1771)
	at java.util.concurrent.CompletableFuture.get(CompletableFuture.java:1915)
	at org.apache.ratis.util.IOUtils.getFromFuture(IOUtils.java:79)
	... 4 more
2019-09-11 06:59:49,309 [4bd4e05e-fa44-45f4-99bb-ac21c4078a41@group-4E1E24F5414E-SegmentedRaftLogWorker] WARN  segmented.SegmentedRaftLogWorker (SegmentedRaftLogWorker.java:getFromFuture(90)) - Timeout 10/~
org.apache.ratis.protocol.TimeoutIOException: Timeout 10s: WriteLog:8: (t:1, i:8), STATEMACHINELOGENTRY, client-1A924A56FEAD, cid=17-writeStateMachineData
	at org.apache.ratis.util.IOUtils.getFromFuture(IOUtils.java:87)
	at org.apache.ratis.server.raftlog.segmented.SegmentedRaftLogWorker$StateMachineDataPolicy.getFromFuture(SegmentedRaftLogWorker.java:87)
	at org.apache.ratis.server.raftlog.segmented.SegmentedRaftLogWorker$WriteLog.execute(SegmentedRaftLogWorker.java:477)
	at org.apache.ratis.server.raftlog.segmented.SegmentedRaftLogWorker.run(SegmentedRaftLogWorker.java:289)
	at java.lang.Thread.run(Thread.java:748)
Caused by: java.util.concurrent.TimeoutException
	at java.util.concurrent.CompletableFuture.timedGet(CompletableFuture.java:1771)
	at java.util.concurrent.CompletableFuture.get(CompletableFuture.java:1915)
	at org.apache.ratis.util.IOUtils.getFromFuture(IOUtils.java:79)
	... 4 more
2019-09-11 06:59:49,310 [69a71f03-bd49-4dcf-a91a-b858634f7ca8@group-4E1E24F5414E-SegmentedRaftLogWorker] WARN  segmented.SegmentedRaftLogWorker (SegmentedRaftLogWorker.java:getFromFuture(90)) - Timeout 10/~
org.apache.ratis.protocol.TimeoutIOException: Timeout 10s: WriteLog:8: (t:1, i:8), STATEMACHINELOGENTRY, client-1A924A56FEAD, cid=17-writeStateMachineData
	at org.apache.ratis.util.IOUtils.getFromFuture(IOUtils.java:87)
	at org.apache.ratis.server.raftlog.segmented.SegmentedRaftLogWorker$StateMachineDataPolicy.getFromFuture(SegmentedRaftLogWorker.java:87)
	at org.apache.ratis.server.raftlog.segmented.SegmentedRaftLogWorker$WriteLog.execute(SegmentedRaftLogWorker.java:477)
	at org.apache.ratis.server.raftlog.segmented.SegmentedRaftLogWorker.run(SegmentedRaftLogWorker.java:289)
	at java.lang.Thread.run(Thread.java:748)
Caused by: java.util.concurrent.TimeoutException
	at java.util.concurrent.CompletableFuture.timedGet(CompletableFuture.java:1771)
	at java.util.concurrent.CompletableFuture.get(CompletableFuture.java:1915)
	at org.apache.ratis.util.IOUtils.getFromFuture(IOUtils.java:79)
	... 4 more
2019-09-11 06:59:49,760 [java.util.concurrent.ThreadPoolExecutor$Worker@6ef3d61[State = -1, empty queue]] WARN  server.GrpcLogAppender (GrpcLogAppender.java:timeoutAppendRequest(200)) - 1a989eca-a026-4062-a574-e52a85f9a2a4@group-4E1E24F5414E->69a71f03-bd49-4dcf-a91a-b858634f7ca8-GrpcLogAppender: appendEntries Timeout, request=1a989eca-a026-4062-a574-e52a85f9a2a4->69a71f03-bd49-4dcf-a91a-b858634f7ca8#55-t1, previous=(t:1, i:11), leaderCommit=6, initializing? false, entries: <empty>
2019-09-11 06:59:49,760 [java.util.concurrent.ThreadPoolExecutor$Worker@fe28b1[State = -1, empty queue]] WARN  server.GrpcLogAppender (GrpcLogAppender.java:timeoutAppendRequest(200)) - 1a989eca-a026-4062-a574-e52a85f9a2a4@group-4E1E24F5414E->4bd4e05e-fa44-45f4-99bb-ac21c4078a41-GrpcLogAppender: appendEntries Timeout, request=1a989eca-a026-4062-a574-e52a85f9a2a4->4bd4e05e-fa44-45f4-99bb-ac21c4078a41#55-t1, previous=(t:1, i:11), leaderCommit=6, initializing? false, entries: <empty>
2019-09-11 06:59:50,654 [grpc-default-executor-0] INFO  client.GrpcClientProtocolClient (GrpcClientProtocolClient.java:onNext(264)) - client-1A924A56FEAD->69a71f03-bd49-4dcf-a91a-b858634f7ca8: receive RaftClientReply:client-1A924A56FEAD->69a71f03-bd49-4dcf-a91a-b858634f7ca8@group-4E1E24F5414E, cid=16, FAILED org.apache.ratis.protocol.NotLeaderException: Server 69a71f03-bd49-4dcf-a91a-b858634f7ca8@group-4E1E24F5414E is not the leader 1a989eca-a026-4062-a574-e52a85f9a2a4:192.168.34.12:35514, logIndex=0, commits[69a71f03-bd49-4dcf-a91a-b858634f7ca8:c6, 4bd4e05e-fa44-45f4-99bb-ac21c4078a41:c4, 1a989eca-a026-4062-a574-e52a85f9a2a4:c6]
2019-09-11 06:59:52,261 [java.util.concurrent.ThreadPoolExecutor$Worker@6ef3d61[State = -1, empty queue]] WARN  server.GrpcLogAppender (GrpcLogAppender.java:timeoutAppendRequest(200)) - 1a989eca-a026-4062-a574-e52a85f9a2a4@group-4E1E24F5414E->69a71f03-bd49-4dcf-a91a-b858634f7ca8-GrpcLogAppender: appendEntries Timeout, request=1a989eca-a026-4062-a574-e52a85f9a2a4->69a71f03-bd49-4dcf-a91a-b858634f7ca8#56-t1, previous=(t:1, i:11), leaderCommit=6, initializing? false, entries: <empty>
2019-09-11 06:59:52,261 [java.util.concurrent.ThreadPoolExecutor$Worker@fe28b1[State = -1, empty queue]] WARN  server.GrpcLogAppender (GrpcLogAppender.java:timeoutAppendRequest(200)) - 1a989eca-a026-4062-a574-e52a85f9a2a4@group-4E1E24F5414E->4bd4e05e-fa44-45f4-99bb-ac21c4078a41-GrpcLogAppender: appendEntries Timeout, request=1a989eca-a026-4062-a574-e52a85f9a2a4->4bd4e05e-fa44-45f4-99bb-ac21c4078a41#56-t1, previous=(t:1, i:11), leaderCommit=6, initializing? false, entries: <empty>
2019-09-11 06:59:54,761 [java.util.concurrent.ThreadPoolExecutor$Worker@fe28b1[State = -1, empty queue]] WARN  server.GrpcLogAppender (GrpcLogAppender.java:timeoutAppendRequest(200)) - 1a989eca-a026-4062-a574-e52a85f9a2a4@group-4E1E24F5414E->4bd4e05e-fa44-45f4-99bb-ac21c4078a41-GrpcLogAppender: appendEntries Timeout, request=1a989eca-a026-4062-a574-e52a85f9a2a4->4bd4e05e-fa44-45f4-99bb-ac21c4078a41#57-t1, previous=(t:1, i:11), leaderCommit=6, initializing? false, entries: <empty>
2019-09-11 06:59:54,761 [java.util.concurrent.ThreadPoolExecutor$Worker@6ef3d61[State = -1, empty queue]] WARN  server.GrpcLogAppender (GrpcLogAppender.java:timeoutAppendRequest(200)) - 1a989eca-a026-4062-a574-e52a85f9a2a4@group-4E1E24F5414E->69a71f03-bd49-4dcf-a91a-b858634f7ca8-GrpcLogAppender: appendEntries Timeout, request=1a989eca-a026-4062-a574-e52a85f9a2a4->69a71f03-bd49-4dcf-a91a-b858634f7ca8#57-t1, previous=(t:1, i:11), leaderCommit=6, initializing? false, entries: <empty>
2019-09-11 06:59:55,755 [grpc-default-executor-1] INFO  client.GrpcClientProtocolClient (GrpcClientProtocolClient.java:onNext(264)) - client-1A924A56FEAD->4bd4e05e-fa44-45f4-99bb-ac21c4078a41: receive RaftClientReply:client-1A924A56FEAD->4bd4e05e-fa44-45f4-99bb-ac21c4078a41@group-4E1E24F5414E, cid=16, FAILED org.apache.ratis.protocol.NotLeaderException: Server 4bd4e05e-fa44-45f4-99bb-ac21c4078a41@group-4E1E24F5414E is not the leader 1a989eca-a026-4062-a574-e52a85f9a2a4:192.168.34.12:35514, logIndex=0, commits[4bd4e05e-fa44-45f4-99bb-ac21c4078a41:c6, 69a71f03-bd49-4dcf-a91a-b858634f7ca8:c4, 1a989eca-a026-4062-a574-e52a85f9a2a4:c6]
2019-09-11 06:59:57,262 [java.util.concurrent.ThreadPoolExecutor$Worker@6ef3d61[State = -1, empty queue]] WARN  server.GrpcLogAppender (GrpcLogAppender.java:timeoutAppendRequest(200)) - 1a989eca-a026-4062-a574-e52a85f9a2a4@group-4E1E24F5414E->69a71f03-bd49-4dcf-a91a-b858634f7ca8-GrpcLogAppender: appendEntries Timeout, request=1a989eca-a026-4062-a574-e52a85f9a2a4->69a71f03-bd49-4dcf-a91a-b858634f7ca8#58-t1, previous=(t:1, i:11), leaderCommit=6, initializing? false, entries: <empty>
2019-09-11 06:59:57,262 [java.util.concurrent.ThreadPoolExecutor$Worker@fe28b1[State = -1, empty queue]] WARN  server.GrpcLogAppender (GrpcLogAppender.java:timeoutAppendRequest(200)) - 1a989eca-a026-4062-a574-e52a85f9a2a4@group-4E1E24F5414E->4bd4e05e-fa44-45f4-99bb-ac21c4078a41-GrpcLogAppender: appendEntries Timeout, request=1a989eca-a026-4062-a574-e52a85f9a2a4->4bd4e05e-fa44-45f4-99bb-ac21c4078a41#58-t1, previous=(t:1, i:11), leaderCommit=6, initializing? false, entries: <empty>
2019-09-11 06:59:59,238 [1a989eca-a026-4062-a574-e52a85f9a2a4@group-4E1E24F5414E-SegmentedRaftLogWorker] WARN  segmented.SegmentedRaftLogWorker (SegmentedRaftLogWorker.java:getFromFuture(90)) - Timeout 11/~
org.apache.ratis.protocol.TimeoutIOException: Timeout 10s: WriteLog:7: (t:1, i:7), STATEMACHINELOGENTRY, client-1A924A56FEAD, cid=16-writeStateMachineData
	at org.apache.ratis.util.IOUtils.getFromFuture(IOUtils.java:87)
	at org.apache.ratis.server.raftlog.segmented.SegmentedRaftLogWorker$StateMachineDataPolicy.getFromFuture(SegmentedRaftLogWorker.java:87)
	at org.apache.ratis.server.raftlog.segmented.SegmentedRaftLogWorker$WriteLog.execute(SegmentedRaftLogWorker.java:477)
	at org.apache.ratis.server.raftlog.segmented.SegmentedRaftLogWorker.run(SegmentedRaftLogWorker.java:289)
	at java.lang.Thread.run(Thread.java:748)
Caused by: java.util.concurrent.TimeoutException
	at java.util.concurrent.CompletableFuture.timedGet(CompletableFuture.java:1771)
	at java.util.concurrent.CompletableFuture.get(CompletableFuture.java:1915)
	at org.apache.ratis.util.IOUtils.getFromFuture(IOUtils.java:79)
	... 4 more
2019-09-11 06:59:59,305 [org.apache.ratis.server.impl.LogAppender$AppenderDaemon$$Lambda$511/1624611919@61e3130c] ERROR ratis.XceiverServerRatis (XceiverServerRatis.java:triggerPipelineClose(568)) - pipeline Action CLOSE  on pipeline PipelineID=3bf2ead7-e111-4ba5-a3e3-4e1e24f5414e.Reason : 1a989eca-a026-4062-a574-e52a85f9a2a4 has not seen follower/s 69a71f03-bd49-4dcf-a91a-b858634f7ca8 for 120324ms 4bd4e05e-fa44-45f4-99bb-ac21c4078a41 for 120329ms
2019-09-11 06:59:59,305 [org.apache.ratis.server.impl.LogAppender$AppenderDaemon$$Lambda$511/1624611919@309dfab0] ERROR ratis.XceiverServerRatis (XceiverServerRatis.java:triggerPipelineClose(568)) - pipeline Action CLOSE  on pipeline PipelineID=3bf2ead7-e111-4ba5-a3e3-4e1e24f5414e.Reason : 1a989eca-a026-4062-a574-e52a85f9a2a4 has not seen follower/s 69a71f03-bd49-4dcf-a91a-b858634f7ca8 for 120324ms 4bd4e05e-fa44-45f4-99bb-ac21c4078a41 for 120329ms
2019-09-11 06:59:59,310 [4bd4e05e-fa44-45f4-99bb-ac21c4078a41@group-4E1E24F5414E-SegmentedRaftLogWorker] WARN  segmented.SegmentedRaftLogWorker (SegmentedRaftLogWorker.java:getFromFuture(90)) - Timeout 11/~
org.apache.ratis.protocol.TimeoutIOException: Timeout 10s: WriteLog:8: (t:1, i:8), STATEMACHINELOGENTRY, client-1A924A56FEAD, cid=17-writeStateMachineData
	at org.apache.ratis.util.IOUtils.getFromFuture(IOUtils.java:87)
	at org.apache.ratis.server.raftlog.segmented.SegmentedRaftLogWorker$StateMachineDataPolicy.getFromFuture(SegmentedRaftLogWorker.java:87)
	at org.apache.ratis.server.raftlog.segmented.SegmentedRaftLogWorker$WriteLog.execute(SegmentedRaftLogWorker.java:477)
	at org.apache.ratis.server.raftlog.segmented.SegmentedRaftLogWorker.run(SegmentedRaftLogWorker.java:289)
	at java.lang.Thread.run(Thread.java:748)
Caused by: java.util.concurrent.TimeoutException
	at java.util.concurrent.CompletableFuture.timedGet(CompletableFuture.java:1771)
	at java.util.concurrent.CompletableFuture.get(CompletableFuture.java:1915)
	at org.apache.ratis.util.IOUtils.getFromFuture(IOUtils.java:79)
	... 4 more
2019-09-11 06:59:59,311 [69a71f03-bd49-4dcf-a91a-b858634f7ca8@group-4E1E24F5414E-SegmentedRaftLogWorker] WARN  segmented.SegmentedRaftLogWorker (SegmentedRaftLogWorker.java:getFromFuture(90)) - Timeout 11/~
org.apache.ratis.protocol.TimeoutIOException: Timeout 10s: WriteLog:8: (t:1, i:8), STATEMACHINELOGENTRY, client-1A924A56FEAD, cid=17-writeStateMachineData
	at org.apache.ratis.util.IOUtils.getFromFuture(IOUtils.java:87)
	at org.apache.ratis.server.raftlog.segmented.SegmentedRaftLogWorker$StateMachineDataPolicy.getFromFuture(SegmentedRaftLogWorker.java:87)
	at org.apache.ratis.server.raftlog.segmented.SegmentedRaftLogWorker$WriteLog.execute(SegmentedRaftLogWorker.java:477)
	at org.apache.ratis.server.raftlog.segmented.SegmentedRaftLogWorker.run(SegmentedRaftLogWorker.java:289)
	at java.lang.Thread.run(Thread.java:748)
Caused by: java.util.concurrent.TimeoutException
	at java.util.concurrent.CompletableFuture.timedGet(CompletableFuture.java:1771)
	at java.util.concurrent.CompletableFuture.get(CompletableFuture.java:1915)
	at org.apache.ratis.util.IOUtils.getFromFuture(IOUtils.java:79)
	... 4 more
2019-09-11 06:59:59,330 [EventQueue-PipelineActionsForPipelineActionHandler] ERROR pipeline.PipelineActionHandler (PipelineActionHandler.java:onMessage(60)) - Received pipeline action CLOSE for Pipeline[ Id: 3bf2ead7-e111-4ba5-a3e3-4e1e24f5414e, Nodes: 1a989eca-a026-4062-a574-e52a85f9a2a4{ip: 192.168.34.12, host: pr-hdds-2106-8t9qr-763259812, networkLocation: /default-rack, certSerialId: null}4bd4e05e-fa44-45f4-99bb-ac21c4078a41{ip: 192.168.34.12, host: pr-hdds-2106-8t9qr-763259812, networkLocation: /default-rack, certSerialId: null}69a71f03-bd49-4dcf-a91a-b858634f7ca8{ip: 192.168.34.12, host: pr-hdds-2106-8t9qr-763259812, networkLocation: /default-rack, certSerialId: null}, Type:RATIS, Factor:THREE, State:OPEN] from datanode 1a989eca-a026-4062-a574-e52a85f9a2a4{ip: 192.168.34.12, host: pr-hdds-2106-8t9qr-763259812, networkLocation: /default-rack, certSerialId: null}. Reason : 1a989eca-a026-4062-a574-e52a85f9a2a4 has not seen follower/s 69a71f03-bd49-4dcf-a91a-b858634f7ca8 for 120324ms 4bd4e05e-fa44-45f4-99bb-ac21c4078a41 for 120329ms
2019-09-11 06:59:59,330 [EventQueue-PipelineActionsForPipelineActionHandler] INFO  pipeline.SCMPipelineManager (SCMPipelineManager.java:finalizeAndDestroyPipeline(311)) - destroying pipeline:Pipeline[ Id: 3bf2ead7-e111-4ba5-a3e3-4e1e24f5414e, Nodes: 1a989eca-a026-4062-a574-e52a85f9a2a4{ip: 192.168.34.12, host: pr-hdds-2106-8t9qr-763259812, networkLocation: /default-rack, certSerialId: null}4bd4e05e-fa44-45f4-99bb-ac21c4078a41{ip: 192.168.34.12, host: pr-hdds-2106-8t9qr-763259812, networkLocation: /default-rack, certSerialId: null}69a71f03-bd49-4dcf-a91a-b858634f7ca8{ip: 192.168.34.12, host: pr-hdds-2106-8t9qr-763259812, networkLocation: /default-rack, certSerialId: null}, Type:RATIS, Factor:THREE, State:OPEN]
2019-09-11 06:59:59,332 [EventQueue-PipelineActionsForPipelineActionHandler] INFO  pipeline.PipelineStateManager (PipelineStateManager.java:finalizePipeline(123)) - Pipeline Pipeline[ Id: 3bf2ead7-e111-4ba5-a3e3-4e1e24f5414e, Nodes: 1a989eca-a026-4062-a574-e52a85f9a2a4{ip: 192.168.34.12, host: pr-hdds-2106-8t9qr-763259812, networkLocation: /default-rack, certSerialId: null}4bd4e05e-fa44-45f4-99bb-ac21c4078a41{ip: 192.168.34.12, host: pr-hdds-2106-8t9qr-763259812, networkLocation: /default-rack, certSerialId: null}69a71f03-bd49-4dcf-a91a-b858634f7ca8{ip: 192.168.34.12, host: pr-hdds-2106-8t9qr-763259812, networkLocation: /default-rack, certSerialId: null}, Type:RATIS, Factor:THREE, State:CLOSED] moved to CLOSED state
2019-09-11 06:59:59,335 [EventQueue-CloseContainerForCloseContainerEventHandler] INFO  container.CloseContainerEventHandler (CloseContainerEventHandler.java:onMessage(61)) - Close container Event triggered for container : #1
2019-09-11 06:59:59,342 [EventQueue-CloseContainerForCloseContainerEventHandler] INFO  container.CloseContainerEventHandler (CloseContainerEventHandler.java:onMessage(61)) - Close container Event triggered for container : #2
2019-09-11 06:59:59,763 [java.util.concurrent.ThreadPoolExecutor$Worker@fe28b1[State = -1, empty queue]] WARN  server.GrpcLogAppender (GrpcLogAppender.java:timeoutAppendRequest(200)) - 1a989eca-a026-4062-a574-e52a85f9a2a4@group-4E1E24F5414E->4bd4e05e-fa44-45f4-99bb-ac21c4078a41-GrpcLogAppender: appendEntries Timeout, request=1a989eca-a026-4062-a574-e52a85f9a2a4->4bd4e05e-fa44-45f4-99bb-ac21c4078a41#59-t1, previous=(t:1, i:11), leaderCommit=6, initializing? false, entries: <empty>
2019-09-11 06:59:59,763 [java.util.concurrent.ThreadPoolExecutor$Worker@6ef3d61[State = -1, empty queue]] WARN  server.GrpcLogAppender (GrpcLogAppender.java:timeoutAppendRequest(200)) - 1a989eca-a026-4062-a574-e52a85f9a2a4@group-4E1E24F5414E->69a71f03-bd49-4dcf-a91a-b858634f7ca8-GrpcLogAppender: appendEntries Timeout, request=1a989eca-a026-4062-a574-e52a85f9a2a4->69a71f03-bd49-4dcf-a91a-b858634f7ca8#59-t1, previous=(t:1, i:11), leaderCommit=6, initializing? false, entries: <empty>
2019-09-11 07:00:00,800 [grpc-default-executor-0] INFO  client.GrpcClientProtocolClient (GrpcClientProtocolClient.java:onNext(264)) - client-1A924A56FEAD->69a71f03-bd49-4dcf-a91a-b858634f7ca8: receive RaftClientReply:client-1A924A56FEAD->69a71f03-bd49-4dcf-a91a-b858634f7ca8@group-4E1E24F5414E, cid=16, FAILED org.apache.ratis.protocol.NotLeaderException: Server 69a71f03-bd49-4dcf-a91a-b858634f7ca8@group-4E1E24F5414E is not the leader 1a989eca-a026-4062-a574-e52a85f9a2a4:192.168.34.12:35514, logIndex=0, commits[69a71f03-bd49-4dcf-a91a-b858634f7ca8:c6, 4bd4e05e-fa44-45f4-99bb-ac21c4078a41:c4, 1a989eca-a026-4062-a574-e52a85f9a2a4:c6]
2019-09-11 07:00:01,764 [org.apache.ratis.server.impl.LogAppender$AppenderDaemon$$Lambda$511/1624611919@61e3130c] ERROR ratis.XceiverServerRatis (XceiverServerRatis.java:triggerPipelineClose(568)) - pipeline Action CLOSE  on pipeline PipelineID=3bf2ead7-e111-4ba5-a3e3-4e1e24f5414e.Reason : 1a989eca-a026-4062-a574-e52a85f9a2a4 has not seen follower/s 69a71f03-bd49-4dcf-a91a-b858634f7ca8 for 122803ms 4bd4e05e-fa44-45f4-99bb-ac21c4078a41 for 122804ms
2019-09-11 07:00:01,764 [org.apache.ratis.server.impl.LogAppender$AppenderDaemon$$Lambda$511/1624611919@309dfab0] ERROR ratis.XceiverServerRatis (XceiverServerRatis.java:triggerPipelineClose(568)) - pipeline Action CLOSE  on pipeline PipelineID=3bf2ead7-e111-4ba5-a3e3-4e1e24f5414e.Reason : 1a989eca-a026-4062-a574-e52a85f9a2a4 has not seen follower/s 69a71f03-bd49-4dcf-a91a-b858634f7ca8 for 122803ms 4bd4e05e-fa44-45f4-99bb-ac21c4078a41 for 122804ms
2019-09-11 07:00:02,263 [java.util.concurrent.ThreadPoolExecutor$Worker@6ef3d61[State = -1, empty queue]] WARN  server.GrpcLogAppender (GrpcLogAppender.java:timeoutAppendRequest(200)) - 1a989eca-a026-4062-a574-e52a85f9a2a4@group-4E1E24F5414E->69a71f03-bd49-4dcf-a91a-b858634f7ca8-GrpcLogAppender: appendEntries Timeout, request=1a989eca-a026-4062-a574-e52a85f9a2a4->69a71f03-bd49-4dcf-a91a-b858634f7ca8#60-t1, previous=(t:1, i:11), leaderCommit=6, initializing? false, entries: <empty>
2019-09-11 07:00:02,263 [java.util.concurrent.ThreadPoolExecutor$Worker@fe28b1[State = -1, empty queue]] WARN  server.GrpcLogAppender (GrpcLogAppender.java:timeoutAppendRequest(200)) - 1a989eca-a026-4062-a574-e52a85f9a2a4@group-4E1E24F5414E->4bd4e05e-fa44-45f4-99bb-ac21c4078a41-GrpcLogAppender: appendEntries Timeout, request=1a989eca-a026-4062-a574-e52a85f9a2a4->4bd4e05e-fa44-45f4-99bb-ac21c4078a41#60-t1, previous=(t:1, i:11), leaderCommit=6, initializing? false, entries: <empty>
2019-09-11 07:00:02,326 [EventQueue-PipelineActionsForPipelineActionHandler] ERROR pipeline.PipelineActionHandler (PipelineActionHandler.java:onMessage(60)) - Received pipeline action CLOSE for Pipeline[ Id: 3bf2ead7-e111-4ba5-a3e3-4e1e24f5414e, Nodes: 1a989eca-a026-4062-a574-e52a85f9a2a4{ip: 192.168.34.12, host: pr-hdds-2106-8t9qr-763259812, networkLocation: /default-rack, certSerialId: null}4bd4e05e-fa44-45f4-99bb-ac21c4078a41{ip: 192.168.34.12, host: pr-hdds-2106-8t9qr-763259812, networkLocation: /default-rack, certSerialId: null}69a71f03-bd49-4dcf-a91a-b858634f7ca8{ip: 192.168.34.12, host: pr-hdds-2106-8t9qr-763259812, networkLocation: /default-rack, certSerialId: null}, Type:RATIS, Factor:THREE, State:CLOSED] from datanode 1a989eca-a026-4062-a574-e52a85f9a2a4{ip: 192.168.34.12, host: pr-hdds-2106-8t9qr-763259812, networkLocation: /default-rack, certSerialId: null}. Reason : 1a989eca-a026-4062-a574-e52a85f9a2a4 has not seen follower/s 69a71f03-bd49-4dcf-a91a-b858634f7ca8 for 122803ms 4bd4e05e-fa44-45f4-99bb-ac21c4078a41 for 122804ms
2019-09-11 07:00:02,327 [EventQueue-PipelineActionsForPipelineActionHandler] INFO  pipeline.SCMPipelineManager (SCMPipelineManager.java:finalizeAndDestroyPipeline(311)) - destroying pipeline:Pipeline[ Id: 3bf2ead7-e111-4ba5-a3e3-4e1e24f5414e, Nodes: 1a989eca-a026-4062-a574-e52a85f9a2a4{ip: 192.168.34.12, host: pr-hdds-2106-8t9qr-763259812, networkLocation: /default-rack, certSerialId: null}4bd4e05e-fa44-45f4-99bb-ac21c4078a41{ip: 192.168.34.12, host: pr-hdds-2106-8t9qr-763259812, networkLocation: /default-rack, certSerialId: null}69a71f03-bd49-4dcf-a91a-b858634f7ca8{ip: 192.168.34.12, host: pr-hdds-2106-8t9qr-763259812, networkLocation: /default-rack, certSerialId: null}, Type:RATIS, Factor:THREE, State:CLOSED]
2019-09-11 07:00:02,335 [org.apache.ratis.server.impl.LogAppender$AppenderDaemon$$Lambda$511/1624611919@61e3130c] ERROR ratis.XceiverServerRatis (XceiverServerRatis.java:triggerPipelineClose(568)) - pipeline Action CLOSE  on pipeline PipelineID=3bf2ead7-e111-4ba5-a3e3-4e1e24f5414e.Reason : 1a989eca-a026-4062-a574-e52a85f9a2a4 has not seen follower/s 69a71f03-bd49-4dcf-a91a-b858634f7ca8 for 123374ms 4bd4e05e-fa44-45f4-99bb-ac21c4078a41 for 123374ms
2019-09-11 07:00:02,335 [org.apache.ratis.server.impl.LogAppender$AppenderDaemon$$Lambda$511/1624611919@309dfab0] ERROR ratis.XceiverServerRatis (XceiverServerRatis.java:triggerPipelineClose(568)) - pipeline Action CLOSE  on pipeline PipelineID=3bf2ead7-e111-4ba5-a3e3-4e1e24f5414e.Reason : 1a989eca-a026-4062-a574-e52a85f9a2a4 has not seen follower/s 69a71f03-bd49-4dcf-a91a-b858634f7ca8 for 123374ms 4bd4e05e-fa44-45f4-99bb-ac21c4078a41 for 123374ms
2019-09-11 07:00:03,334 [EventQueue-PipelineActionsForPipelineActionHandler] ERROR pipeline.PipelineActionHandler (PipelineActionHandler.java:onMessage(60)) - Received pipeline action CLOSE for Pipeline[ Id: 3bf2ead7-e111-4ba5-a3e3-4e1e24f5414e, Nodes: 1a989eca-a026-4062-a574-e52a85f9a2a4{ip: 192.168.34.12, host: pr-hdds-2106-8t9qr-763259812, networkLocation: /default-rack, certSerialId: null}4bd4e05e-fa44-45f4-99bb-ac21c4078a41{ip: 192.168.34.12, host: pr-hdds-2106-8t9qr-763259812, networkLocation: /default-rack, certSerialId: null}69a71f03-bd49-4dcf-a91a-b858634f7ca8{ip: 192.168.34.12, host: pr-hdds-2106-8t9qr-763259812, networkLocation: /default-rack, certSerialId: null}, Type:RATIS, Factor:THREE, State:CLOSED] from datanode 1a989eca-a026-4062-a574-e52a85f9a2a4{ip: 192.168.34.12, host: pr-hdds-2106-8t9qr-763259812, networkLocation: /default-rack, certSerialId: null}. Reason : 1a989eca-a026-4062-a574-e52a85f9a2a4 has not seen follower/s 69a71f03-bd49-4dcf-a91a-b858634f7ca8 for 123374ms 4bd4e05e-fa44-45f4-99bb-ac21c4078a41 for 123374ms
2019-09-11 07:00:03,334 [EventQueue-PipelineActionsForPipelineActionHandler] INFO  pipeline.SCMPipelineManager (SCMPipelineManager.java:finalizeAndDestroyPipeline(311)) - destroying pipeline:Pipeline[ Id: 3bf2ead7-e111-4ba5-a3e3-4e1e24f5414e, Nodes: 1a989eca-a026-4062-a574-e52a85f9a2a4{ip: 192.168.34.12, host: pr-hdds-2106-8t9qr-763259812, networkLocation: /default-rack, certSerialId: null}4bd4e05e-fa44-45f4-99bb-ac21c4078a41{ip: 192.168.34.12, host: pr-hdds-2106-8t9qr-763259812, networkLocation: /default-rack, certSerialId: null}69a71f03-bd49-4dcf-a91a-b858634f7ca8{ip: 192.168.34.12, host: pr-hdds-2106-8t9qr-763259812, networkLocation: /default-rack, certSerialId: null}, Type:RATIS, Factor:THREE, State:CLOSED]
2019-09-11 07:00:04,805 [java.util.concurrent.ThreadPoolExecutor$Worker@fe28b1[State = -1, empty queue]] WARN  server.GrpcLogAppender (GrpcLogAppender.java:timeoutAppendRequest(200)) - 1a989eca-a026-4062-a574-e52a85f9a2a4@group-4E1E24F5414E->4bd4e05e-fa44-45f4-99bb-ac21c4078a41-GrpcLogAppender: appendEntries Timeout, request=1a989eca-a026-4062-a574-e52a85f9a2a4->4bd4e05e-fa44-45f4-99bb-ac21c4078a41#61-t1, previous=(t:1, i:11), leaderCommit=6, initializing? false, entries: <empty>
2019-09-11 07:00:04,805 [java.util.concurrent.ThreadPoolExecutor$Worker@6ef3d61[State = -1, empty queue]] WARN  server.GrpcLogAppender (GrpcLogAppender.java:timeoutAppendRequest(200)) - 1a989eca-a026-4062-a574-e52a85f9a2a4@group-4E1E24F5414E->69a71f03-bd49-4dcf-a91a-b858634f7ca8-GrpcLogAppender: appendEntries Timeout, request=1a989eca-a026-4062-a574-e52a85f9a2a4->69a71f03-bd49-4dcf-a91a-b858634f7ca8#61-t1, previous=(t:1, i:11), leaderCommit=6, initializing? false, entries: <empty>
2019-09-11 07:00:04,836 [org.apache.ratis.server.impl.LogAppender$AppenderDaemon$$Lambda$511/1624611919@61e3130c] ERROR ratis.XceiverServerRatis (XceiverServerRatis.java:triggerPipelineClose(568)) - pipeline Action CLOSE  on pipeline PipelineID=3bf2ead7-e111-4ba5-a3e3-4e1e24f5414e.Reason : 1a989eca-a026-4062-a574-e52a85f9a2a4 has not seen follower/s 69a71f03-bd49-4dcf-a91a-b858634f7ca8 for 125875ms 4bd4e05e-fa44-45f4-99bb-ac21c4078a41 for 125875ms
2019-09-11 07:00:04,838 [org.apache.ratis.server.impl.LogAppender$AppenderDaemon$$Lambda$511/1624611919@309dfab0] ERROR ratis.XceiverServerRatis (XceiverServerRatis.java:triggerPipelineClose(568)) - pipeline Action CLOSE  on pipeline PipelineID=3bf2ead7-e111-4ba5-a3e3-4e1e24f5414e.Reason : 1a989eca-a026-4062-a574-e52a85f9a2a4 has not seen follower/s 69a71f03-bd49-4dcf-a91a-b858634f7ca8 for 125875ms 4bd4e05e-fa44-45f4-99bb-ac21c4078a41 for 125875ms
2019-09-11 07:00:05,335 [EventQueue-PipelineActionsForPipelineActionHandler] ERROR pipeline.PipelineActionHandler (PipelineActionHandler.java:onMessage(60)) - Received pipeline action CLOSE for Pipeline[ Id: 3bf2ead7-e111-4ba5-a3e3-4e1e24f5414e, Nodes: 1a989eca-a026-4062-a574-e52a85f9a2a4{ip: 192.168.34.12, host: pr-hdds-2106-8t9qr-763259812, networkLocation: /default-rack, certSerialId: null}4bd4e05e-fa44-45f4-99bb-ac21c4078a41{ip: 192.168.34.12, host: pr-hdds-2106-8t9qr-763259812, networkLocation: /default-rack, certSerialId: null}69a71f03-bd49-4dcf-a91a-b858634f7ca8{ip: 192.168.34.12, host: pr-hdds-2106-8t9qr-763259812, networkLocation: /default-rack, certSerialId: null}, Type:RATIS, Factor:THREE, State:CLOSED] from datanode 1a989eca-a026-4062-a574-e52a85f9a2a4{ip: 192.168.34.12, host: pr-hdds-2106-8t9qr-763259812, networkLocation: /default-rack, certSerialId: null}. Reason : 1a989eca-a026-4062-a574-e52a85f9a2a4 has not seen follower/s 69a71f03-bd49-4dcf-a91a-b858634f7ca8 for 125875ms 4bd4e05e-fa44-45f4-99bb-ac21c4078a41 for 125875ms
2019-09-11 07:00:05,335 [EventQueue-PipelineActionsForPipelineActionHandler] INFO  pipeline.SCMPipelineManager (SCMPipelineManager.java:finalizeAndDestroyPipeline(311)) - destroying pipeline:Pipeline[ Id: 3bf2ead7-e111-4ba5-a3e3-4e1e24f5414e, Nodes: 1a989eca-a026-4062-a574-e52a85f9a2a4{ip: 192.168.34.12, host: pr-hdds-2106-8t9qr-763259812, networkLocation: /default-rack, certSerialId: null}4bd4e05e-fa44-45f4-99bb-ac21c4078a41{ip: 192.168.34.12, host: pr-hdds-2106-8t9qr-763259812, networkLocation: /default-rack, certSerialId: null}69a71f03-bd49-4dcf-a91a-b858634f7ca8{ip: 192.168.34.12, host: pr-hdds-2106-8t9qr-763259812, networkLocation: /default-rack, certSerialId: null}, Type:RATIS, Factor:THREE, State:CLOSED]
2019-09-11 07:00:05,335 [java.util.concurrent.ThreadPoolExecutor$Worker@fe28b1[State = -1, empty queue]] WARN  server.GrpcLogAppender (GrpcLogAppender.java:timeoutAppendRequest(200)) - 1a989eca-a026-4062-a574-e52a85f9a2a4@group-4E1E24F5414E->4bd4e05e-fa44-45f4-99bb-ac21c4078a41-GrpcLogAppender: appendEntries Timeout, request=1a989eca-a026-4062-a574-e52a85f9a2a4->4bd4e05e-fa44-45f4-99bb-ac21c4078a41#62-t1, previous=(t:1, i:11), leaderCommit=6, initializing? false, entries: size=1, first=(t:1, i:12), STATEMACHINELOGENTRY, client-255846913C66, cid=2
2019-09-11 07:00:05,335 [java.util.concurrent.ThreadPoolExecutor$Worker@6ef3d61[State = -1, empty queue]] WARN  server.GrpcLogAppender (GrpcLogAppender.java:timeoutAppendRequest(200)) - 1a989eca-a026-4062-a574-e52a85f9a2a4@group-4E1E24F5414E->69a71f03-bd49-4dcf-a91a-b858634f7ca8-GrpcLogAppender: appendEntries Timeout, request=1a989eca-a026-4062-a574-e52a85f9a2a4->69a71f03-bd49-4dcf-a91a-b858634f7ca8#62-t1, previous=(t:1, i:11), leaderCommit=6, initializing? false, entries: size=1, first=(t:1, i:12), STATEMACHINELOGENTRY, client-255846913C66, cid=2
2019-09-11 07:00:05,859 [grpc-default-executor-1] INFO  client.GrpcClientProtocolClient (GrpcClientProtocolClient.java:onNext(264)) - client-1A924A56FEAD->4bd4e05e-fa44-45f4-99bb-ac21c4078a41: receive RaftClientReply:client-1A924A56FEAD->4bd4e05e-fa44-45f4-99bb-ac21c4078a41@group-4E1E24F5414E, cid=16, FAILED org.apache.ratis.protocol.NotLeaderException: Server 4bd4e05e-fa44-45f4-99bb-ac21c4078a41@group-4E1E24F5414E is not the leader 1a989eca-a026-4062-a574-e52a85f9a2a4:192.168.34.12:35514, logIndex=0, commits[4bd4e05e-fa44-45f4-99bb-ac21c4078a41:c6, 69a71f03-bd49-4dcf-a91a-b858634f7ca8:c4, 1a989eca-a026-4062-a574-e52a85f9a2a4:c6]
2019-09-11 07:00:07,337 [org.apache.ratis.server.impl.LogAppender$AppenderDaemon$$Lambda$511/1624611919@61e3130c] ERROR ratis.XceiverServerRatis (XceiverServerRatis.java:triggerPipelineClose(568)) - pipeline Action CLOSE  on pipeline PipelineID=3bf2ead7-e111-4ba5-a3e3-4e1e24f5414e.Reason : 1a989eca-a026-4062-a574-e52a85f9a2a4 has not seen follower/s 69a71f03-bd49-4dcf-a91a-b858634f7ca8 for 128375ms 4bd4e05e-fa44-45f4-99bb-ac21c4078a41 for 128376ms
2019-09-11 07:00:07,340 [org.apache.ratis.server.impl.LogAppender$AppenderDaemon$$Lambda$511/1624611919@309dfab0] ERROR ratis.XceiverServerRatis (XceiverServerRatis.java:triggerPipelineClose(568)) - pipeline Action CLOSE  on pipeline PipelineID=3bf2ead7-e111-4ba5-a3e3-4e1e24f5414e.Reason : 1a989eca-a026-4062-a574-e52a85f9a2a4 has not seen follower/s 69a71f03-bd49-4dcf-a91a-b858634f7ca8 for 128376ms 4bd4e05e-fa44-45f4-99bb-ac21c4078a41 for 128376ms
2019-09-11 07:00:07,836 [java.util.concurrent.ThreadPoolExecutor$Worker@6ef3d61[State = -1, empty queue]] WARN  server.GrpcLogAppender (GrpcLogAppender.java:timeoutAppendRequest(200)) - 1a989eca-a026-4062-a574-e52a85f9a2a4@group-4E1E24F5414E->69a71f03-bd49-4dcf-a91a-b858634f7ca8-GrpcLogAppender: appendEntries Timeout, request=1a989eca-a026-4062-a574-e52a85f9a2a4->69a71f03-bd49-4dcf-a91a-b858634f7ca8#63-t1, previous=(t:1, i:12), leaderCommit=6, initializing? false, entries: <empty>
2019-09-11 07:00:07,836 [java.util.concurrent.ThreadPoolExecutor$Worker@fe28b1[State = -1, empty queue]] WARN  server.GrpcLogAppender (GrpcLogAppender.java:timeoutAppendRequest(200)) - 1a989eca-a026-4062-a574-e52a85f9a2a4@group-4E1E24F5414E->4bd4e05e-fa44-45f4-99bb-ac21c4078a41-GrpcLogAppender: appendEntries Timeout, request=1a989eca-a026-4062-a574-e52a85f9a2a4->4bd4e05e-fa44-45f4-99bb-ac21c4078a41#63-t1, previous=(t:1, i:12), leaderCommit=6, initializing? false, entries: <empty>
2019-09-11 07:00:08,335 [EventQueue-PipelineActionsForPipelineActionHandler] ERROR pipeline.PipelineActionHandler (PipelineActionHandler.java:onMessage(60)) - Received pipeline action CLOSE for Pipeline[ Id: 3bf2ead7-e111-4ba5-a3e3-4e1e24f5414e, Nodes: 1a989eca-a026-4062-a574-e52a85f9a2a4{ip: 192.168.34.12, host: pr-hdds-2106-8t9qr-763259812, networkLocation: /default-rack, certSerialId: null}4bd4e05e-fa44-45f4-99bb-ac21c4078a41{ip: 192.168.34.12, host: pr-hdds-2106-8t9qr-763259812, networkLocation: /default-rack, certSerialId: null}69a71f03-bd49-4dcf-a91a-b858634f7ca8{ip: 192.168.34.12, host: pr-hdds-2106-8t9qr-763259812, networkLocation: /default-rack, certSerialId: null}, Type:RATIS, Factor:THREE, State:CLOSED] from datanode 1a989eca-a026-4062-a574-e52a85f9a2a4{ip: 192.168.34.12, host: pr-hdds-2106-8t9qr-763259812, networkLocation: /default-rack, certSerialId: null}. Reason : 1a989eca-a026-4062-a574-e52a85f9a2a4 has not seen follower/s 69a71f03-bd49-4dcf-a91a-b858634f7ca8 for 128375ms 4bd4e05e-fa44-45f4-99bb-ac21c4078a41 for 128376ms
2019-09-11 07:00:08,335 [EventQueue-PipelineActionsForPipelineActionHandler] INFO  pipeline.SCMPipelineManager (SCMPipelineManager.java:finalizeAndDestroyPipeline(311)) - destroying pipeline:Pipeline[ Id: 3bf2ead7-e111-4ba5-a3e3-4e1e24f5414e, Nodes: 1a989eca-a026-4062-a574-e52a85f9a2a4{ip: 192.168.34.12, host: pr-hdds-2106-8t9qr-763259812, networkLocation: /default-rack, certSerialId: null}4bd4e05e-fa44-45f4-99bb-ac21c4078a41{ip: 192.168.34.12, host: pr-hdds-2106-8t9qr-763259812, networkLocation: /default-rack, certSerialId: null}69a71f03-bd49-4dcf-a91a-b858634f7ca8{ip: 192.168.34.12, host: pr-hdds-2106-8t9qr-763259812, networkLocation: /default-rack, certSerialId: null}, Type:RATIS, Factor:THREE, State:CLOSED]
2019-09-11 07:00:09,239 [1a989eca-a026-4062-a574-e52a85f9a2a4@group-4E1E24F5414E-SegmentedRaftLogWorker] WARN  segmented.SegmentedRaftLogWorker (SegmentedRaftLogWorker.java:getFromFuture(90)) - Timeout 12/~
org.apache.ratis.protocol.TimeoutIOException: Timeout 10s: WriteLog:7: (t:1, i:7), STATEMACHINELOGENTRY, client-1A924A56FEAD, cid=16-writeStateMachineData
	at org.apache.ratis.util.IOUtils.getFromFuture(IOUtils.java:87)
	at org.apache.ratis.server.raftlog.segmented.SegmentedRaftLogWorker$StateMachineDataPolicy.getFromFuture(SegmentedRaftLogWorker.java:87)
	at org.apache.ratis.server.raftlog.segmented.SegmentedRaftLogWorker$WriteLog.execute(SegmentedRaftLogWorker.java:477)
	at org.apache.ratis.server.raftlog.segmented.SegmentedRaftLogWorker.run(SegmentedRaftLogWorker.java:289)
	at java.lang.Thread.run(Thread.java:748)
Caused by: java.util.concurrent.TimeoutException
	at java.util.concurrent.CompletableFuture.timedGet(CompletableFuture.java:1771)
	at java.util.concurrent.CompletableFuture.get(CompletableFuture.java:1915)
	at org.apache.ratis.util.IOUtils.getFromFuture(IOUtils.java:79)
	... 4 more
2019-09-11 07:00:09,311 [4bd4e05e-fa44-45f4-99bb-ac21c4078a41@group-4E1E24F5414E-SegmentedRaftLogWorker] WARN  segmented.SegmentedRaftLogWorker (SegmentedRaftLogWorker.java:getFromFuture(90)) - Timeout 12/~
org.apache.ratis.protocol.TimeoutIOException: Timeout 10s: WriteLog:8: (t:1, i:8), STATEMACHINELOGENTRY, client-1A924A56FEAD, cid=17-writeStateMachineData
	at org.apache.ratis.util.IOUtils.getFromFuture(IOUtils.java:87)
	at org.apache.ratis.server.raftlog.segmented.SegmentedRaftLogWorker$StateMachineDataPolicy.getFromFuture(SegmentedRaftLogWorker.java:87)
	at org.apache.ratis.server.raftlog.segmented.SegmentedRaftLogWorker$WriteLog.execute(SegmentedRaftLogWorker.java:477)
	at org.apache.ratis.server.raftlog.segmented.SegmentedRaftLogWorker.run(SegmentedRaftLogWorker.java:289)
	at java.lang.Thread.run(Thread.java:748)
Caused by: java.util.concurrent.TimeoutException
	at java.util.concurrent.CompletableFuture.timedGet(CompletableFuture.java:1771)
	at java.util.concurrent.CompletableFuture.get(CompletableFuture.java:1915)
	at org.apache.ratis.util.IOUtils.getFromFuture(IOUtils.java:79)
	... 4 more
2019-09-11 07:00:09,314 [69a71f03-bd49-4dcf-a91a-b858634f7ca8@group-4E1E24F5414E-SegmentedRaftLogWorker] WARN  segmented.SegmentedRaftLogWorker (SegmentedRaftLogWorker.java:getFromFuture(90)) - Timeout 12/~
org.apache.ratis.protocol.TimeoutIOException: Timeout 10s: WriteLog:8: (t:1, i:8), STATEMACHINELOGENTRY, client-1A924A56FEAD, cid=17-writeStateMachineData
	at org.apache.ratis.util.IOUtils.getFromFuture(IOUtils.java:87)
	at org.apache.ratis.server.raftlog.segmented.SegmentedRaftLogWorker$StateMachineDataPolicy.getFromFuture(SegmentedRaftLogWorker.java:87)
	at org.apache.ratis.server.raftlog.segmented.SegmentedRaftLogWorker$WriteLog.execute(SegmentedRaftLogWorker.java:477)
	at org.apache.ratis.server.raftlog.segmented.SegmentedRaftLogWorker.run(SegmentedRaftLogWorker.java:289)
	at java.lang.Thread.run(Thread.java:748)
Caused by: java.util.concurrent.TimeoutException
	at java.util.concurrent.CompletableFuture.timedGet(CompletableFuture.java:1771)
	at java.util.concurrent.CompletableFuture.get(CompletableFuture.java:1915)
	at org.apache.ratis.util.IOUtils.getFromFuture(IOUtils.java:79)
	... 4 more
2019-09-11 07:00:09,838 [org.apache.ratis.server.impl.LogAppender$AppenderDaemon$$Lambda$511/1624611919@61e3130c] ERROR ratis.XceiverServerRatis (XceiverServerRatis.java:triggerPipelineClose(568)) - pipeline Action CLOSE  on pipeline PipelineID=3bf2ead7-e111-4ba5-a3e3-4e1e24f5414e.Reason : 1a989eca-a026-4062-a574-e52a85f9a2a4 has not seen follower/s 69a71f03-bd49-4dcf-a91a-b858634f7ca8 for 130876ms 4bd4e05e-fa44-45f4-99bb-ac21c4078a41 for 130877ms
2019-09-11 07:00:09,838 [org.apache.ratis.server.impl.LogAppender$AppenderDaemon$$Lambda$511/1624611919@309dfab0] ERROR ratis.XceiverServerRatis (XceiverServerRatis.java:triggerPipelineClose(568)) - pipeline Action CLOSE  on pipeline PipelineID=3bf2ead7-e111-4ba5-a3e3-4e1e24f5414e.Reason : 1a989eca-a026-4062-a574-e52a85f9a2a4 has not seen follower/s 69a71f03-bd49-4dcf-a91a-b858634f7ca8 for 130877ms 4bd4e05e-fa44-45f4-99bb-ac21c4078a41 for 130877ms
2019-09-11 07:00:10,335 [EventQueue-PipelineActionsForPipelineActionHandler] ERROR pipeline.PipelineActionHandler (PipelineActionHandler.java:onMessage(60)) - Received pipeline action CLOSE for Pipeline[ Id: 3bf2ead7-e111-4ba5-a3e3-4e1e24f5414e, Nodes: 1a989eca-a026-4062-a574-e52a85f9a2a4{ip: 192.168.34.12, host: pr-hdds-2106-8t9qr-763259812, networkLocation: /default-rack, certSerialId: null}4bd4e05e-fa44-45f4-99bb-ac21c4078a41{ip: 192.168.34.12, host: pr-hdds-2106-8t9qr-763259812, networkLocation: /default-rack, certSerialId: null}69a71f03-bd49-4dcf-a91a-b858634f7ca8{ip: 192.168.34.12, host: pr-hdds-2106-8t9qr-763259812, networkLocation: /default-rack, certSerialId: null}, Type:RATIS, Factor:THREE, State:CLOSED] from datanode 1a989eca-a026-4062-a574-e52a85f9a2a4{ip: 192.168.34.12, host: pr-hdds-2106-8t9qr-763259812, networkLocation: /default-rack, certSerialId: null}. Reason : 1a989eca-a026-4062-a574-e52a85f9a2a4 has not seen follower/s 69a71f03-bd49-4dcf-a91a-b858634f7ca8 for 130876ms 4bd4e05e-fa44-45f4-99bb-ac21c4078a41 for 130877ms
2019-09-11 07:00:10,336 [EventQueue-PipelineActionsForPipelineActionHandler] INFO  pipeline.SCMPipelineManager (SCMPipelineManager.java:finalizeAndDestroyPipeline(311)) - destroying pipeline:Pipeline[ Id: 3bf2ead7-e111-4ba5-a3e3-4e1e24f5414e, Nodes: 1a989eca-a026-4062-a574-e52a85f9a2a4{ip: 192.168.34.12, host: pr-hdds-2106-8t9qr-763259812, networkLocation: /default-rack, certSerialId: null}4bd4e05e-fa44-45f4-99bb-ac21c4078a41{ip: 192.168.34.12, host: pr-hdds-2106-8t9qr-763259812, networkLocation: /default-rack, certSerialId: null}69a71f03-bd49-4dcf-a91a-b858634f7ca8{ip: 192.168.34.12, host: pr-hdds-2106-8t9qr-763259812, networkLocation: /default-rack, certSerialId: null}, Type:RATIS, Factor:THREE, State:CLOSED]
2019-09-11 07:00:10,337 [java.util.concurrent.ThreadPoolExecutor$Worker@fe28b1[State = -1, empty queue]] WARN  server.GrpcLogAppender (GrpcLogAppender.java:timeoutAppendRequest(200)) - 1a989eca-a026-4062-a574-e52a85f9a2a4@group-4E1E24F5414E->4bd4e05e-fa44-45f4-99bb-ac21c4078a41-GrpcLogAppender: appendEntries Timeout, request=1a989eca-a026-4062-a574-e52a85f9a2a4->4bd4e05e-fa44-45f4-99bb-ac21c4078a41#64-t1, previous=(t:1, i:12), leaderCommit=6, initializing? false, entries: <empty>
2019-09-11 07:00:10,344 [java.util.concurrent.ThreadPoolExecutor$Worker@6ef3d61[State = -1, empty queue]] WARN  server.GrpcLogAppender (GrpcLogAppender.java:timeoutAppendRequest(200)) - 1a989eca-a026-4062-a574-e52a85f9a2a4@group-4E1E24F5414E->69a71f03-bd49-4dcf-a91a-b858634f7ca8-GrpcLogAppender: appendEntries Timeout, request=1a989eca-a026-4062-a574-e52a85f9a2a4->69a71f03-bd49-4dcf-a91a-b858634f7ca8#64-t1, previous=(t:1, i:12), leaderCommit=6, initializing? false, entries: <empty>
2019-09-11 07:00:10,907 [grpc-default-executor-2] INFO  client.GrpcClientProtocolClient (GrpcClientProtocolClient.java:onNext(264)) - client-1A924A56FEAD->69a71f03-bd49-4dcf-a91a-b858634f7ca8: receive RaftClientReply:client-1A924A56FEAD->69a71f03-bd49-4dcf-a91a-b858634f7ca8@group-4E1E24F5414E, cid=16, FAILED org.apache.ratis.protocol.NotLeaderException: Server 69a71f03-bd49-4dcf-a91a-b858634f7ca8@group-4E1E24F5414E is not the leader 1a989eca-a026-4062-a574-e52a85f9a2a4:192.168.34.12:35514, logIndex=0, commits[69a71f03-bd49-4dcf-a91a-b858634f7ca8:c6, 4bd4e05e-fa44-45f4-99bb-ac21c4078a41:c4, 1a989eca-a026-4062-a574-e52a85f9a2a4:c6]
2019-09-11 07:00:12,340 [org.apache.ratis.server.impl.LogAppender$AppenderDaemon$$Lambda$511/1624611919@61e3130c] ERROR ratis.XceiverServerRatis (XceiverServerRatis.java:triggerPipelineClose(568)) - pipeline Action CLOSE  on pipeline PipelineID=3bf2ead7-e111-4ba5-a3e3-4e1e24f5414e.Reason : 1a989eca-a026-4062-a574-e52a85f9a2a4 has not seen follower/s 69a71f03-bd49-4dcf-a91a-b858634f7ca8 for 133378ms 4bd4e05e-fa44-45f4-99bb-ac21c4078a41 for 133379ms
2019-09-11 07:00:12,340 [org.apache.ratis.server.impl.LogAppender$AppenderDaemon$$Lambda$511/1624611919@309dfab0] ERROR ratis.XceiverServerRatis (XceiverServerRatis.java:triggerPipelineClose(568)) - pipeline Action CLOSE  on pipeline PipelineID=3bf2ead7-e111-4ba5-a3e3-4e1e24f5414e.Reason : 1a989eca-a026-4062-a574-e52a85f9a2a4 has not seen follower/s 69a71f03-bd49-4dcf-a91a-b858634f7ca8 for 133378ms 4bd4e05e-fa44-45f4-99bb-ac21c4078a41 for 133379ms
2019-09-11 07:00:12,838 [java.util.concurrent.ThreadPoolExecutor$Worker@fe28b1[State = -1, empty queue]] WARN  server.GrpcLogAppender (GrpcLogAppender.java:timeoutAppendRequest(200)) - 1a989eca-a026-4062-a574-e52a85f9a2a4@group-4E1E24F5414E->4bd4e05e-fa44-45f4-99bb-ac21c4078a41-GrpcLogAppender: appendEntries Timeout, request=1a989eca-a026-4062-a574-e52a85f9a2a4->4bd4e05e-fa44-45f4-99bb-ac21c4078a41#65-t1, previous=(t:1, i:12), leaderCommit=6, initializing? false, entries: <empty>
2019-09-11 07:00:12,838 [java.util.concurrent.ThreadPoolExecutor$Worker@6ef3d61[State = -1, empty queue]] WARN  server.GrpcLogAppender (GrpcLogAppender.java:timeoutAppendRequest(200)) - 1a989eca-a026-4062-a574-e52a85f9a2a4@group-4E1E24F5414E->69a71f03-bd49-4dcf-a91a-b858634f7ca8-GrpcLogAppender: appendEntries Timeout, request=1a989eca-a026-4062-a574-e52a85f9a2a4->69a71f03-bd49-4dcf-a91a-b858634f7ca8#65-t1, previous=(t:1, i:12), leaderCommit=6, initializing? false, entries: <empty>
2019-09-11 07:00:13,335 [EventQueue-PipelineActionsForPipelineActionHandler] ERROR pipeline.PipelineActionHandler (PipelineActionHandler.java:onMessage(60)) - Received pipeline action CLOSE for Pipeline[ Id: 3bf2ead7-e111-4ba5-a3e3-4e1e24f5414e, Nodes: 1a989eca-a026-4062-a574-e52a85f9a2a4{ip: 192.168.34.12, host: pr-hdds-2106-8t9qr-763259812, networkLocation: /default-rack, certSerialId: null}4bd4e05e-fa44-45f4-99bb-ac21c4078a41{ip: 192.168.34.12, host: pr-hdds-2106-8t9qr-763259812, networkLocation: /default-rack, certSerialId: null}69a71f03-bd49-4dcf-a91a-b858634f7ca8{ip: 192.168.34.12, host: pr-hdds-2106-8t9qr-763259812, networkLocation: /default-rack, certSerialId: null}, Type:RATIS, Factor:THREE, State:CLOSED] from datanode 1a989eca-a026-4062-a574-e52a85f9a2a4{ip: 192.168.34.12, host: pr-hdds-2106-8t9qr-763259812, networkLocation: /default-rack, certSerialId: null}. Reason : 1a989eca-a026-4062-a574-e52a85f9a2a4 has not seen follower/s 69a71f03-bd49-4dcf-a91a-b858634f7ca8 for 133378ms 4bd4e05e-fa44-45f4-99bb-ac21c4078a41 for 133379ms
2019-09-11 07:00:13,336 [EventQueue-PipelineActionsForPipelineActionHandler] INFO  pipeline.SCMPipelineManager (SCMPipelineManager.java:finalizeAndDestroyPipeline(311)) - destroying pipeline:Pipeline[ Id: 3bf2ead7-e111-4ba5-a3e3-4e1e24f5414e, Nodes: 1a989eca-a026-4062-a574-e52a85f9a2a4{ip: 192.168.34.12, host: pr-hdds-2106-8t9qr-763259812, networkLocation: /default-rack, certSerialId: null}4bd4e05e-fa44-45f4-99bb-ac21c4078a41{ip: 192.168.34.12, host: pr-hdds-2106-8t9qr-763259812, networkLocation: /default-rack, certSerialId: null}69a71f03-bd49-4dcf-a91a-b858634f7ca8{ip: 192.168.34.12, host: pr-hdds-2106-8t9qr-763259812, networkLocation: /default-rack, certSerialId: null}, Type:RATIS, Factor:THREE, State:CLOSED]
2019-09-11 07:00:14,842 [org.apache.ratis.server.impl.LogAppender$AppenderDaemon$$Lambda$511/1624611919@309dfab0] ERROR ratis.XceiverServerRatis (XceiverServerRatis.java:triggerPipelineClose(568)) - pipeline Action CLOSE  on pipeline PipelineID=3bf2ead7-e111-4ba5-a3e3-4e1e24f5414e.Reason : 1a989eca-a026-4062-a574-e52a85f9a2a4 has not seen follower/s 69a71f03-bd49-4dcf-a91a-b858634f7ca8 for 135880ms 4bd4e05e-fa44-45f4-99bb-ac21c4078a41 for 135881ms
2019-09-11 07:00:14,842 [org.apache.ratis.server.impl.LogAppender$AppenderDaemon$$Lambda$511/1624611919@61e3130c] ERROR ratis.XceiverServerRatis (XceiverServerRatis.java:triggerPipelineClose(568)) - pipeline Action CLOSE  on pipeline PipelineID=3bf2ead7-e111-4ba5-a3e3-4e1e24f5414e.Reason : 1a989eca-a026-4062-a574-e52a85f9a2a4 has not seen follower/s 69a71f03-bd49-4dcf-a91a-b858634f7ca8 for 135880ms 4bd4e05e-fa44-45f4-99bb-ac21c4078a41 for 135881ms
2019-09-11 07:00:15,335 [EventQueue-PipelineActionsForPipelineActionHandler] ERROR pipeline.PipelineActionHandler (PipelineActionHandler.java:onMessage(60)) - Received pipeline action CLOSE for Pipeline[ Id: 3bf2ead7-e111-4ba5-a3e3-4e1e24f5414e, Nodes: 1a989eca-a026-4062-a574-e52a85f9a2a4{ip: 192.168.34.12, host: pr-hdds-2106-8t9qr-763259812, networkLocation: /default-rack, certSerialId: null}4bd4e05e-fa44-45f4-99bb-ac21c4078a41{ip: 192.168.34.12, host: pr-hdds-2106-8t9qr-763259812, networkLocation: /default-rack, certSerialId: null}69a71f03-bd49-4dcf-a91a-b858634f7ca8{ip: 192.168.34.12, host: pr-hdds-2106-8t9qr-763259812, networkLocation: /default-rack, certSerialId: null}, Type:RATIS, Factor:THREE, State:CLOSED] from datanode 1a989eca-a026-4062-a574-e52a85f9a2a4{ip: 192.168.34.12, host: pr-hdds-2106-8t9qr-763259812, networkLocation: /default-rack, certSerialId: null}. Reason : 1a989eca-a026-4062-a574-e52a85f9a2a4 has not seen follower/s 69a71f03-bd49-4dcf-a91a-b858634f7ca8 for 135880ms 4bd4e05e-fa44-45f4-99bb-ac21c4078a41 for 135881ms
2019-09-11 07:00:15,335 [EventQueue-PipelineActionsForPipelineActionHandler] INFO  pipeline.SCMPipelineManager (SCMPipelineManager.java:finalizeAndDestroyPipeline(311)) - destroying pipeline:Pipeline[ Id: 3bf2ead7-e111-4ba5-a3e3-4e1e24f5414e, Nodes: 1a989eca-a026-4062-a574-e52a85f9a2a4{ip: 192.168.34.12, host: pr-hdds-2106-8t9qr-763259812, networkLocation: /default-rack, certSerialId: null}4bd4e05e-fa44-45f4-99bb-ac21c4078a41{ip: 192.168.34.12, host: pr-hdds-2106-8t9qr-763259812, networkLocation: /default-rack, certSerialId: null}69a71f03-bd49-4dcf-a91a-b858634f7ca8{ip: 192.168.34.12, host: pr-hdds-2106-8t9qr-763259812, networkLocation: /default-rack, certSerialId: null}, Type:RATIS, Factor:THREE, State:CLOSED]
2019-09-11 07:00:15,340 [java.util.concurrent.ThreadPoolExecutor$Worker@fe28b1[State = -1, empty queue]] WARN  server.GrpcLogAppender (GrpcLogAppender.java:timeoutAppendRequest(200)) - 1a989eca-a026-4062-a574-e52a85f9a2a4@group-4E1E24F5414E->4bd4e05e-fa44-45f4-99bb-ac21c4078a41-GrpcLogAppender: appendEntries Timeout, request=1a989eca-a026-4062-a574-e52a85f9a2a4->4bd4e05e-fa44-45f4-99bb-ac21c4078a41#66-t1, previous=(t:1, i:12), leaderCommit=6, initializing? false, entries: <empty>
2019-09-11 07:00:15,340 [java.util.concurrent.ThreadPoolExecutor$Worker@6ef3d61[State = -1, empty queue]] WARN  server.GrpcLogAppender (GrpcLogAppender.java:timeoutAppendRequest(200)) - 1a989eca-a026-4062-a574-e52a85f9a2a4@group-4E1E24F5414E->69a71f03-bd49-4dcf-a91a-b858634f7ca8-GrpcLogAppender: appendEntries Timeout, request=1a989eca-a026-4062-a574-e52a85f9a2a4->69a71f03-bd49-4dcf-a91a-b858634f7ca8#66-t1, previous=(t:1, i:12), leaderCommit=6, initializing? false, entries: <empty>
2019-09-11 07:00:15,984 [grpc-default-executor-2] INFO  client.GrpcClientProtocolClient (GrpcClientProtocolClient.java:onNext(264)) - client-1A924A56FEAD->4bd4e05e-fa44-45f4-99bb-ac21c4078a41: receive RaftClientReply:client-1A924A56FEAD->4bd4e05e-fa44-45f4-99bb-ac21c4078a41@group-4E1E24F5414E, cid=16, FAILED org.apache.ratis.protocol.NotLeaderException: Server 4bd4e05e-fa44-45f4-99bb-ac21c4078a41@group-4E1E24F5414E is not the leader 1a989eca-a026-4062-a574-e52a85f9a2a4:192.168.34.12:35514, logIndex=0, commits[4bd4e05e-fa44-45f4-99bb-ac21c4078a41:c6, 69a71f03-bd49-4dcf-a91a-b858634f7ca8:c4, 1a989eca-a026-4062-a574-e52a85f9a2a4:c6]
2019-09-11 07:00:17,343 [org.apache.ratis.server.impl.LogAppender$AppenderDaemon$$Lambda$511/1624611919@61e3130c] ERROR ratis.XceiverServerRatis (XceiverServerRatis.java:triggerPipelineClose(568)) - pipeline Action CLOSE  on pipeline PipelineID=3bf2ead7-e111-4ba5-a3e3-4e1e24f5414e.Reason : 1a989eca-a026-4062-a574-e52a85f9a2a4 has not seen follower/s 69a71f03-bd49-4dcf-a91a-b858634f7ca8 for 138381ms 4bd4e05e-fa44-45f4-99bb-ac21c4078a41 for 138382ms
2019-09-11 07:00:17,343 [org.apache.ratis.server.impl.LogAppender$AppenderDaemon$$Lambda$511/1624611919@309dfab0] ERROR ratis.XceiverServerRatis (XceiverServerRatis.java:triggerPipelineClose(568)) - pipeline Action CLOSE  on pipeline PipelineID=3bf2ead7-e111-4ba5-a3e3-4e1e24f5414e.Reason : 1a989eca-a026-4062-a574-e52a85f9a2a4 has not seen follower/s 69a71f03-bd49-4dcf-a91a-b858634f7ca8 for 138381ms 4bd4e05e-fa44-45f4-99bb-ac21c4078a41 for 138382ms
2019-09-11 07:00:17,841 [java.util.concurrent.ThreadPoolExecutor$Worker@6ef3d61[State = -1, empty queue]] WARN  server.GrpcLogAppender (GrpcLogAppender.java:timeoutAppendRequest(200)) - 1a989eca-a026-4062-a574-e52a85f9a2a4@group-4E1E24F5414E->69a71f03-bd49-4dcf-a91a-b858634f7ca8-GrpcLogAppender: appendEntries Timeout, request=1a989eca-a026-4062-a574-e52a85f9a2a4->69a71f03-bd49-4dcf-a91a-b858634f7ca8#67-t1, previous=(t:1, i:12), leaderCommit=6, initializing? false, entries: <empty>
2019-09-11 07:00:17,841 [java.util.concurrent.ThreadPoolExecutor$Worker@fe28b1[State = -1, empty queue]] WARN  server.GrpcLogAppender (GrpcLogAppender.java:timeoutAppendRequest(200)) - 1a989eca-a026-4062-a574-e52a85f9a2a4@group-4E1E24F5414E->4bd4e05e-fa44-45f4-99bb-ac21c4078a41-GrpcLogAppender: appendEntries Timeout, request=1a989eca-a026-4062-a574-e52a85f9a2a4->4bd4e05e-fa44-45f4-99bb-ac21c4078a41#67-t1, previous=(t:1, i:12), leaderCommit=6, initializing? false, entries: <empty>
2019-09-11 07:00:18,335 [EventQueue-PipelineActionsForPipelineActionHandler] ERROR pipeline.PipelineActionHandler (PipelineActionHandler.java:onMessage(60)) - Received pipeline action CLOSE for Pipeline[ Id: 3bf2ead7-e111-4ba5-a3e3-4e1e24f5414e, Nodes: 1a989eca-a026-4062-a574-e52a85f9a2a4{ip: 192.168.34.12, host: pr-hdds-2106-8t9qr-763259812, networkLocation: /default-rack, certSerialId: null}4bd4e05e-fa44-45f4-99bb-ac21c4078a41{ip: 192.168.34.12, host: pr-hdds-2106-8t9qr-763259812, networkLocation: /default-rack, certSerialId: null}69a71f03-bd49-4dcf-a91a-b858634f7ca8{ip: 192.168.34.12, host: pr-hdds-2106-8t9qr-763259812, networkLocation: /default-rack, certSerialId: null}, Type:RATIS, Factor:THREE, State:CLOSED] from datanode 1a989eca-a026-4062-a574-e52a85f9a2a4{ip: 192.168.34.12, host: pr-hdds-2106-8t9qr-763259812, networkLocation: /default-rack, certSerialId: null}. Reason : 1a989eca-a026-4062-a574-e52a85f9a2a4 has not seen follower/s 69a71f03-bd49-4dcf-a91a-b858634f7ca8 for 138381ms 4bd4e05e-fa44-45f4-99bb-ac21c4078a41 for 138382ms
2019-09-11 07:00:18,336 [EventQueue-PipelineActionsForPipelineActionHandler] INFO  pipeline.SCMPipelineManager (SCMPipelineManager.java:finalizeAndDestroyPipeline(311)) - destroying pipeline:Pipeline[ Id: 3bf2ead7-e111-4ba5-a3e3-4e1e24f5414e, Nodes: 1a989eca-a026-4062-a574-e52a85f9a2a4{ip: 192.168.34.12, host: pr-hdds-2106-8t9qr-763259812, networkLocation: /default-rack, certSerialId: null}4bd4e05e-fa44-45f4-99bb-ac21c4078a41{ip: 192.168.34.12, host: pr-hdds-2106-8t9qr-763259812, networkLocation: /default-rack, certSerialId: null}69a71f03-bd49-4dcf-a91a-b858634f7ca8{ip: 192.168.34.12, host: pr-hdds-2106-8t9qr-763259812, networkLocation: /default-rack, certSerialId: null}, Type:RATIS, Factor:THREE, State:CLOSED]
2019-09-11 07:00:19,243 [1a989eca-a026-4062-a574-e52a85f9a2a4@group-4E1E24F5414E-SegmentedRaftLogWorker] WARN  segmented.SegmentedRaftLogWorker (SegmentedRaftLogWorker.java:getFromFuture(90)) - Timeout 13/~
org.apache.ratis.protocol.TimeoutIOException: Timeout 10s: WriteLog:7: (t:1, i:7), STATEMACHINELOGENTRY, client-1A924A56FEAD, cid=16-writeStateMachineData
	at org.apache.ratis.util.IOUtils.getFromFuture(IOUtils.java:87)
	at org.apache.ratis.server.raftlog.segmented.SegmentedRaftLogWorker$StateMachineDataPolicy.getFromFuture(SegmentedRaftLogWorker.java:87)
	at org.apache.ratis.server.raftlog.segmented.SegmentedRaftLogWorker$WriteLog.execute(SegmentedRaftLogWorker.java:477)
	at org.apache.ratis.server.raftlog.segmented.SegmentedRaftLogWorker.run(SegmentedRaftLogWorker.java:289)
	at java.lang.Thread.run(Thread.java:748)
Caused by: java.util.concurrent.TimeoutException
	at java.util.concurrent.CompletableFuture.timedGet(CompletableFuture.java:1771)
	at java.util.concurrent.CompletableFuture.get(CompletableFuture.java:1915)
	at org.apache.ratis.util.IOUtils.getFromFuture(IOUtils.java:79)
	... 4 more
2019-09-11 07:00:19,315 [4bd4e05e-fa44-45f4-99bb-ac21c4078a41@group-4E1E24F5414E-SegmentedRaftLogWorker] WARN  segmented.SegmentedRaftLogWorker (SegmentedRaftLogWorker.java:getFromFuture(90)) - Timeout 13/~
org.apache.ratis.protocol.TimeoutIOException: Timeout 10s: WriteLog:8: (t:1, i:8), STATEMACHINELOGENTRY, client-1A924A56FEAD, cid=17-writeStateMachineData
	at org.apache.ratis.util.IOUtils.getFromFuture(IOUtils.java:87)
	at org.apache.ratis.server.raftlog.segmented.SegmentedRaftLogWorker$StateMachineDataPolicy.getFromFuture(SegmentedRaftLogWorker.java:87)
	at org.apache.ratis.server.raftlog.segmented.SegmentedRaftLogWorker$WriteLog.execute(SegmentedRaftLogWorker.java:477)
	at org.apache.ratis.server.raftlog.segmented.SegmentedRaftLogWorker.run(SegmentedRaftLogWorker.java:289)
	at java.lang.Thread.run(Thread.java:748)
Caused by: java.util.concurrent.TimeoutException
	at java.util.concurrent.CompletableFuture.timedGet(CompletableFuture.java:1771)
	at java.util.concurrent.CompletableFuture.get(CompletableFuture.java:1915)
	at org.apache.ratis.util.IOUtils.getFromFuture(IOUtils.java:79)
	... 4 more
2019-09-11 07:00:19,318 [69a71f03-bd49-4dcf-a91a-b858634f7ca8@group-4E1E24F5414E-SegmentedRaftLogWorker] WARN  segmented.SegmentedRaftLogWorker (SegmentedRaftLogWorker.java:getFromFuture(90)) - Timeout 13/~
org.apache.ratis.protocol.TimeoutIOException: Timeout 10s: WriteLog:8: (t:1, i:8), STATEMACHINELOGENTRY, client-1A924A56FEAD, cid=17-writeStateMachineData
	at org.apache.ratis.util.IOUtils.getFromFuture(IOUtils.java:87)
	at org.apache.ratis.server.raftlog.segmented.SegmentedRaftLogWorker$StateMachineDataPolicy.getFromFuture(SegmentedRaftLogWorker.java:87)
	at org.apache.ratis.server.raftlog.segmented.SegmentedRaftLogWorker$WriteLog.execute(SegmentedRaftLogWorker.java:477)
	at org.apache.ratis.server.raftlog.segmented.SegmentedRaftLogWorker.run(SegmentedRaftLogWorker.java:289)
	at java.lang.Thread.run(Thread.java:748)
Caused by: java.util.concurrent.TimeoutException
	at java.util.concurrent.CompletableFuture.timedGet(CompletableFuture.java:1771)
	at java.util.concurrent.CompletableFuture.get(CompletableFuture.java:1915)
	at org.apache.ratis.util.IOUtils.getFromFuture(IOUtils.java:79)
	... 4 more
2019-09-11 07:00:19,844 [org.apache.ratis.server.impl.LogAppender$AppenderDaemon$$Lambda$511/1624611919@61e3130c] ERROR ratis.XceiverServerRatis (XceiverServerRatis.java:triggerPipelineClose(568)) - pipeline Action CLOSE  on pipeline PipelineID=3bf2ead7-e111-4ba5-a3e3-4e1e24f5414e.Reason : 1a989eca-a026-4062-a574-e52a85f9a2a4 has not seen follower/s 69a71f03-bd49-4dcf-a91a-b858634f7ca8 for 140882ms 4bd4e05e-fa44-45f4-99bb-ac21c4078a41 for 140883ms
2019-09-11 07:00:19,844 [org.apache.ratis.server.impl.LogAppender$AppenderDaemon$$Lambda$511/1624611919@309dfab0] ERROR ratis.XceiverServerRatis (XceiverServerRatis.java:triggerPipelineClose(568)) - pipeline Action CLOSE  on pipeline PipelineID=3bf2ead7-e111-4ba5-a3e3-4e1e24f5414e.Reason : 1a989eca-a026-4062-a574-e52a85f9a2a4 has not seen follower/s 69a71f03-bd49-4dcf-a91a-b858634f7ca8 for 140882ms 4bd4e05e-fa44-45f4-99bb-ac21c4078a41 for 140883ms
2019-09-11 07:00:20,335 [EventQueue-PipelineActionsForPipelineActionHandler] ERROR pipeline.PipelineActionHandler (PipelineActionHandler.java:onMessage(60)) - Received pipeline action CLOSE for Pipeline[ Id: 3bf2ead7-e111-4ba5-a3e3-4e1e24f5414e, Nodes: 1a989eca-a026-4062-a574-e52a85f9a2a4{ip: 192.168.34.12, host: pr-hdds-2106-8t9qr-763259812, networkLocation: /default-rack, certSerialId: null}4bd4e05e-fa44-45f4-99bb-ac21c4078a41{ip: 192.168.34.12, host: pr-hdds-2106-8t9qr-763259812, networkLocation: /default-rack, certSerialId: null}69a71f03-bd49-4dcf-a91a-b858634f7ca8{ip: 192.168.34.12, host: pr-hdds-2106-8t9qr-763259812, networkLocation: /default-rack, certSerialId: null}, Type:RATIS, Factor:THREE, State:CLOSED] from datanode 1a989eca-a026-4062-a574-e52a85f9a2a4{ip: 192.168.34.12, host: pr-hdds-2106-8t9qr-763259812, networkLocation: /default-rack, certSerialId: null}. Reason : 1a989eca-a026-4062-a574-e52a85f9a2a4 has not seen follower/s 69a71f03-bd49-4dcf-a91a-b858634f7ca8 for 140882ms 4bd4e05e-fa44-45f4-99bb-ac21c4078a41 for 140883ms
2019-09-11 07:00:20,336 [EventQueue-PipelineActionsForPipelineActionHandler] INFO  pipeline.SCMPipelineManager (SCMPipelineManager.java:finalizeAndDestroyPipeline(311)) - destroying pipeline:Pipeline[ Id: 3bf2ead7-e111-4ba5-a3e3-4e1e24f5414e, Nodes: 1a989eca-a026-4062-a574-e52a85f9a2a4{ip: 192.168.34.12, host: pr-hdds-2106-8t9qr-763259812, networkLocation: /default-rack, certSerialId: null}4bd4e05e-fa44-45f4-99bb-ac21c4078a41{ip: 192.168.34.12, host: pr-hdds-2106-8t9qr-763259812, networkLocation: /default-rack, certSerialId: null}69a71f03-bd49-4dcf-a91a-b858634f7ca8{ip: 192.168.34.12, host: pr-hdds-2106-8t9qr-763259812, networkLocation: /default-rack, certSerialId: null}, Type:RATIS, Factor:THREE, State:CLOSED]
2019-09-11 07:00:20,343 [java.util.concurrent.ThreadPoolExecutor$Worker@6ef3d61[State = -1, empty queue]] WARN  server.GrpcLogAppender (GrpcLogAppender.java:timeoutAppendRequest(200)) - 1a989eca-a026-4062-a574-e52a85f9a2a4@group-4E1E24F5414E->69a71f03-bd49-4dcf-a91a-b858634f7ca8-GrpcLogAppender: appendEntries Timeout, request=1a989eca-a026-4062-a574-e52a85f9a2a4->69a71f03-bd49-4dcf-a91a-b858634f7ca8#68-t1, previous=(t:1, i:12), leaderCommit=6, initializing? false, entries: <empty>
2019-09-11 07:00:20,346 [java.util.concurrent.ThreadPoolExecutor$Worker@fe28b1[State = -1, empty queue]] WARN  server.GrpcLogAppender (GrpcLogAppender.java:timeoutAppendRequest(200)) - 1a989eca-a026-4062-a574-e52a85f9a2a4@group-4E1E24F5414E->4bd4e05e-fa44-45f4-99bb-ac21c4078a41-GrpcLogAppender: appendEntries Timeout, request=1a989eca-a026-4062-a574-e52a85f9a2a4->4bd4e05e-fa44-45f4-99bb-ac21c4078a41#68-t1, previous=(t:1, i:12), leaderCommit=6, initializing? false, entries: <empty>
2019-09-11 07:00:21,040 [grpc-default-executor-2] INFO  client.GrpcClientProtocolClient (GrpcClientProtocolClient.java:onNext(264)) - client-1A924A56FEAD->69a71f03-bd49-4dcf-a91a-b858634f7ca8: receive RaftClientReply:client-1A924A56FEAD->69a71f03-bd49-4dcf-a91a-b858634f7ca8@group-4E1E24F5414E, cid=16, FAILED org.apache.ratis.protocol.NotLeaderException: Server 69a71f03-bd49-4dcf-a91a-b858634f7ca8@group-4E1E24F5414E is not the leader 1a989eca-a026-4062-a574-e52a85f9a2a4:192.168.34.12:35514, logIndex=0, commits[69a71f03-bd49-4dcf-a91a-b858634f7ca8:c6, 4bd4e05e-fa44-45f4-99bb-ac21c4078a41:c4, 1a989eca-a026-4062-a574-e52a85f9a2a4:c6]
2019-09-11 07:00:22,346 [org.apache.ratis.server.impl.LogAppender$AppenderDaemon$$Lambda$511/1624611919@309dfab0] ERROR ratis.XceiverServerRatis (XceiverServerRatis.java:triggerPipelineClose(568)) - pipeline Action CLOSE  on pipeline PipelineID=3bf2ead7-e111-4ba5-a3e3-4e1e24f5414e.Reason : 1a989eca-a026-4062-a574-e52a85f9a2a4 has not seen follower/s 69a71f03-bd49-4dcf-a91a-b858634f7ca8 for 143384ms 4bd4e05e-fa44-45f4-99bb-ac21c4078a41 for 143385ms
2019-09-11 07:00:22,346 [org.apache.ratis.server.impl.LogAppender$AppenderDaemon$$Lambda$511/1624611919@61e3130c] ERROR ratis.XceiverServerRatis (XceiverServerRatis.java:triggerPipelineClose(568)) - pipeline Action CLOSE  on pipeline PipelineID=3bf2ead7-e111-4ba5-a3e3-4e1e24f5414e.Reason : 1a989eca-a026-4062-a574-e52a85f9a2a4 has not seen follower/s 69a71f03-bd49-4dcf-a91a-b858634f7ca8 for 143384ms 4bd4e05e-fa44-45f4-99bb-ac21c4078a41 for 143385ms
2019-09-11 07:00:22,844 [java.util.concurrent.ThreadPoolExecutor$Worker@fe28b1[State = -1, empty queue]] WARN  server.GrpcLogAppender (GrpcLogAppender.java:timeoutAppendRequest(200)) - 1a989eca-a026-4062-a574-e52a85f9a2a4@group-4E1E24F5414E->4bd4e05e-fa44-45f4-99bb-ac21c4078a41-GrpcLogAppender: appendEntries Timeout, request=1a989eca-a026-4062-a574-e52a85f9a2a4->4bd4e05e-fa44-45f4-99bb-ac21c4078a41#69-t1, previous=(t:1, i:12), leaderCommit=6, initializing? false, entries: <empty>
2019-09-11 07:00:22,844 [java.util.concurrent.ThreadPoolExecutor$Worker@6ef3d61[State = -1, empty queue]] WARN  server.GrpcLogAppender (GrpcLogAppender.java:timeoutAppendRequest(200)) - 1a989eca-a026-4062-a574-e52a85f9a2a4@group-4E1E24F5414E->69a71f03-bd49-4dcf-a91a-b858634f7ca8-GrpcLogAppender: appendEntries Timeout, request=1a989eca-a026-4062-a574-e52a85f9a2a4->69a71f03-bd49-4dcf-a91a-b858634f7ca8#69-t1, previous=(t:1, i:12), leaderCommit=6, initializing? false, entries: <empty>
2019-09-11 07:00:23,336 [EventQueue-PipelineActionsForPipelineActionHandler] ERROR pipeline.PipelineActionHandler (PipelineActionHandler.java:onMessage(60)) - Received pipeline action CLOSE for Pipeline[ Id: 3bf2ead7-e111-4ba5-a3e3-4e1e24f5414e, Nodes: 1a989eca-a026-4062-a574-e52a85f9a2a4{ip: 192.168.34.12, host: pr-hdds-2106-8t9qr-763259812, networkLocation: /default-rack, certSerialId: null}4bd4e05e-fa44-45f4-99bb-ac21c4078a41{ip: 192.168.34.12, host: pr-hdds-2106-8t9qr-763259812, networkLocation: /default-rack, certSerialId: null}69a71f03-bd49-4dcf-a91a-b858634f7ca8{ip: 192.168.34.12, host: pr-hdds-2106-8t9qr-763259812, networkLocation: /default-rack, certSerialId: null}, Type:RATIS, Factor:THREE, State:CLOSED] from datanode 1a989eca-a026-4062-a574-e52a85f9a2a4{ip: 192.168.34.12, host: pr-hdds-2106-8t9qr-763259812, networkLocation: /default-rack, certSerialId: null}. Reason : 1a989eca-a026-4062-a574-e52a85f9a2a4 has not seen follower/s 69a71f03-bd49-4dcf-a91a-b858634f7ca8 for 143384ms 4bd4e05e-fa44-45f4-99bb-ac21c4078a41 for 143385ms
2019-09-11 07:00:23,337 [EventQueue-PipelineActionsForPipelineActionHandler] INFO  pipeline.SCMPipelineManager (SCMPipelineManager.java:finalizeAndDestroyPipeline(311)) - destroying pipeline:Pipeline[ Id: 3bf2ead7-e111-4ba5-a3e3-4e1e24f5414e, Nodes: 1a989eca-a026-4062-a574-e52a85f9a2a4{ip: 192.168.34.12, host: pr-hdds-2106-8t9qr-763259812, networkLocation: /default-rack, certSerialId: null}4bd4e05e-fa44-45f4-99bb-ac21c4078a41{ip: 192.168.34.12, host: pr-hdds-2106-8t9qr-763259812, networkLocation: /default-rack, certSerialId: null}69a71f03-bd49-4dcf-a91a-b858634f7ca8{ip: 192.168.34.12, host: pr-hdds-2106-8t9qr-763259812, networkLocation: /default-rack, certSerialId: null}, Type:RATIS, Factor:THREE, State:CLOSED]
2019-09-11 07:00:24,847 [org.apache.ratis.server.impl.LogAppender$AppenderDaemon$$Lambda$511/1624611919@309dfab0] ERROR ratis.XceiverServerRatis (XceiverServerRatis.java:triggerPipelineClose(568)) - pipeline Action CLOSE  on pipeline PipelineID=3bf2ead7-e111-4ba5-a3e3-4e1e24f5414e.Reason : 1a989eca-a026-4062-a574-e52a85f9a2a4 has not seen follower/s 69a71f03-bd49-4dcf-a91a-b858634f7ca8 for 145885ms 4bd4e05e-fa44-45f4-99bb-ac21c4078a41 for 145886ms
2019-09-11 07:00:24,847 [org.apache.ratis.server.impl.LogAppender$AppenderDaemon$$Lambda$511/1624611919@61e3130c] ERROR ratis.XceiverServerRatis (XceiverServerRatis.java:triggerPipelineClose(568)) - pipeline Action CLOSE  on pipeline PipelineID=3bf2ead7-e111-4ba5-a3e3-4e1e24f5414e.Reason : 1a989eca-a026-4062-a574-e52a85f9a2a4 has not seen follower/s 69a71f03-bd49-4dcf-a91a-b858634f7ca8 for 145885ms 4bd4e05e-fa44-45f4-99bb-ac21c4078a41 for 145886ms
2019-09-11 07:00:25,334 [EventQueue-PipelineActionsForPipelineActionHandler] ERROR pipeline.PipelineActionHandler (PipelineActionHandler.java:onMessage(60)) - Received pipeline action CLOSE for Pipeline[ Id: 3bf2ead7-e111-4ba5-a3e3-4e1e24f5414e, Nodes: 1a989eca-a026-4062-a574-e52a85f9a2a4{ip: 192.168.34.12, host: pr-hdds-2106-8t9qr-763259812, networkLocation: /default-rack, certSerialId: null}4bd4e05e-fa44-45f4-99bb-ac21c4078a41{ip: 192.168.34.12, host: pr-hdds-2106-8t9qr-763259812, networkLocation: /default-rack, certSerialId: null}69a71f03-bd49-4dcf-a91a-b858634f7ca8{ip: 192.168.34.12, host: pr-hdds-2106-8t9qr-763259812, networkLocation: /default-rack, certSerialId: null}, Type:RATIS, Factor:THREE, State:CLOSED] from datanode 1a989eca-a026-4062-a574-e52a85f9a2a4{ip: 192.168.34.12, host: pr-hdds-2106-8t9qr-763259812, networkLocation: /default-rack, certSerialId: null}. Reason : 1a989eca-a026-4062-a574-e52a85f9a2a4 has not seen follower/s 69a71f03-bd49-4dcf-a91a-b858634f7ca8 for 145885ms 4bd4e05e-fa44-45f4-99bb-ac21c4078a41 for 145886ms
2019-09-11 07:00:25,335 [EventQueue-PipelineActionsForPipelineActionHandler] INFO  pipeline.SCMPipelineManager (SCMPipelineManager.java:finalizeAndDestroyPipeline(311)) - destroying pipeline:Pipeline[ Id: 3bf2ead7-e111-4ba5-a3e3-4e1e24f5414e, Nodes: 1a989eca-a026-4062-a574-e52a85f9a2a4{ip: 192.168.34.12, host: pr-hdds-2106-8t9qr-763259812, networkLocation: /default-rack, certSerialId: null}4bd4e05e-fa44-45f4-99bb-ac21c4078a41{ip: 192.168.34.12, host: pr-hdds-2106-8t9qr-763259812, networkLocation: /default-rack, certSerialId: null}69a71f03-bd49-4dcf-a91a-b858634f7ca8{ip: 192.168.34.12, host: pr-hdds-2106-8t9qr-763259812, networkLocation: /default-rack, certSerialId: null}, Type:RATIS, Factor:THREE, State:CLOSED]
2019-09-11 07:00:25,346 [java.util.concurrent.ThreadPoolExecutor$Worker@6ef3d61[State = -1, empty queue]] WARN  server.GrpcLogAppender (GrpcLogAppender.java:timeoutAppendRequest(200)) - 1a989eca-a026-4062-a574-e52a85f9a2a4@group-4E1E24F5414E->69a71f03-bd49-4dcf-a91a-b858634f7ca8-GrpcLogAppender: appendEntries Timeout, request=1a989eca-a026-4062-a574-e52a85f9a2a4->69a71f03-bd49-4dcf-a91a-b858634f7ca8#70-t1, previous=(t:1, i:12), leaderCommit=6, initializing? false, entries: <empty>
2019-09-11 07:00:25,346 [java.util.concurrent.ThreadPoolExecutor$Worker@fe28b1[State = -1, empty queue]] WARN  server.GrpcLogAppender (GrpcLogAppender.java:timeoutAppendRequest(200)) - 1a989eca-a026-4062-a574-e52a85f9a2a4@group-4E1E24F5414E->4bd4e05e-fa44-45f4-99bb-ac21c4078a41-GrpcLogAppender: appendEntries Timeout, request=1a989eca-a026-4062-a574-e52a85f9a2a4->4bd4e05e-fa44-45f4-99bb-ac21c4078a41#70-t1, previous=(t:1, i:12), leaderCommit=6, initializing? false, entries: <empty>
2019-09-11 07:00:26,124 [grpc-default-executor-1] INFO  client.GrpcClientProtocolClient (GrpcClientProtocolClient.java:onNext(264)) - client-1A924A56FEAD->69a71f03-bd49-4dcf-a91a-b858634f7ca8: receive RaftClientReply:client-1A924A56FEAD->69a71f03-bd49-4dcf-a91a-b858634f7ca8@group-4E1E24F5414E, cid=16, FAILED org.apache.ratis.protocol.NotLeaderException: Server 69a71f03-bd49-4dcf-a91a-b858634f7ca8@group-4E1E24F5414E is not the leader 1a989eca-a026-4062-a574-e52a85f9a2a4:192.168.34.12:35514, logIndex=0, commits[69a71f03-bd49-4dcf-a91a-b858634f7ca8:c6, 4bd4e05e-fa44-45f4-99bb-ac21c4078a41:c4, 1a989eca-a026-4062-a574-e52a85f9a2a4:c6]
2019-09-11 07:00:27,348 [org.apache.ratis.server.impl.LogAppender$AppenderDaemon$$Lambda$511/1624611919@61e3130c] ERROR ratis.XceiverServerRatis (XceiverServerRatis.java:triggerPipelineClose(568)) - pipeline Action CLOSE  on pipeline PipelineID=3bf2ead7-e111-4ba5-a3e3-4e1e24f5414e.Reason : 1a989eca-a026-4062-a574-e52a85f9a2a4 has not seen follower/s 69a71f03-bd49-4dcf-a91a-b858634f7ca8 for 148386ms 4bd4e05e-fa44-45f4-99bb-ac21c4078a41 for 148387ms
2019-09-11 07:00:27,348 [org.apache.ratis.server.impl.LogAppender$AppenderDaemon$$Lambda$511/1624611919@309dfab0] ERROR ratis.XceiverServerRatis (XceiverServerRatis.java:triggerPipelineClose(568)) - pipeline Action CLOSE  on pipeline PipelineID=3bf2ead7-e111-4ba5-a3e3-4e1e24f5414e.Reason : 1a989eca-a026-4062-a574-e52a85f9a2a4 has not seen follower/s 69a71f03-bd49-4dcf-a91a-b858634f7ca8 for 148386ms 4bd4e05e-fa44-45f4-99bb-ac21c4078a41 for 148387ms
2019-09-11 07:00:27,847 [java.util.concurrent.ThreadPoolExecutor$Worker@6ef3d61[State = -1, empty queue]] WARN  server.GrpcLogAppender (GrpcLogAppender.java:timeoutAppendRequest(200)) - 1a989eca-a026-4062-a574-e52a85f9a2a4@group-4E1E24F5414E->69a71f03-bd49-4dcf-a91a-b858634f7ca8-GrpcLogAppender: appendEntries Timeout, request=1a989eca-a026-4062-a574-e52a85f9a2a4->69a71f03-bd49-4dcf-a91a-b858634f7ca8#71-t1, previous=(t:1, i:12), leaderCommit=6, initializing? false, entries: <empty>
2019-09-11 07:00:27,847 [java.util.concurrent.ThreadPoolExecutor$Worker@fe28b1[State = -1, empty queue]] WARN  server.GrpcLogAppender (GrpcLogAppender.java:timeoutAppendRequest(200)) - 1a989eca-a026-4062-a574-e52a85f9a2a4@group-4E1E24F5414E->4bd4e05e-fa44-45f4-99bb-ac21c4078a41-GrpcLogAppender: appendEntries Timeout, request=1a989eca-a026-4062-a574-e52a85f9a2a4->4bd4e05e-fa44-45f4-99bb-ac21c4078a41#71-t1, previous=(t:1, i:12), leaderCommit=6, initializing? false, entries: <empty>
2019-09-11 07:00:28,335 [EventQueue-PipelineActionsForPipelineActionHandler] ERROR pipeline.PipelineActionHandler (PipelineActionHandler.java:onMessage(60)) - Received pipeline action CLOSE for Pipeline[ Id: 3bf2ead7-e111-4ba5-a3e3-4e1e24f5414e, Nodes: 1a989eca-a026-4062-a574-e52a85f9a2a4{ip: 192.168.34.12, host: pr-hdds-2106-8t9qr-763259812, networkLocation: /default-rack, certSerialId: null}4bd4e05e-fa44-45f4-99bb-ac21c4078a41{ip: 192.168.34.12, host: pr-hdds-2106-8t9qr-763259812, networkLocation: /default-rack, certSerialId: null}69a71f03-bd49-4dcf-a91a-b858634f7ca8{ip: 192.168.34.12, host: pr-hdds-2106-8t9qr-763259812, networkLocation: /default-rack, certSerialId: null}, Type:RATIS, Factor:THREE, State:CLOSED] from datanode 1a989eca-a026-4062-a574-e52a85f9a2a4{ip: 192.168.34.12, host: pr-hdds-2106-8t9qr-763259812, networkLocation: /default-rack, certSerialId: null}. Reason : 1a989eca-a026-4062-a574-e52a85f9a2a4 has not seen follower/s 69a71f03-bd49-4dcf-a91a-b858634f7ca8 for 148386ms 4bd4e05e-fa44-45f4-99bb-ac21c4078a41 for 148387ms
2019-09-11 07:00:28,335 [EventQueue-PipelineActionsForPipelineActionHandler] INFO  pipeline.SCMPipelineManager (SCMPipelineManager.java:finalizeAndDestroyPipeline(311)) - destroying pipeline:Pipeline[ Id: 3bf2ead7-e111-4ba5-a3e3-4e1e24f5414e, Nodes: 1a989eca-a026-4062-a574-e52a85f9a2a4{ip: 192.168.34.12, host: pr-hdds-2106-8t9qr-763259812, networkLocation: /default-rack, certSerialId: null}4bd4e05e-fa44-45f4-99bb-ac21c4078a41{ip: 192.168.34.12, host: pr-hdds-2106-8t9qr-763259812, networkLocation: /default-rack, certSerialId: null}69a71f03-bd49-4dcf-a91a-b858634f7ca8{ip: 192.168.34.12, host: pr-hdds-2106-8t9qr-763259812, networkLocation: /default-rack, certSerialId: null}, Type:RATIS, Factor:THREE, State:CLOSED]
2019-09-11 07:00:29,249 [1a989eca-a026-4062-a574-e52a85f9a2a4@group-4E1E24F5414E-SegmentedRaftLogWorker] WARN  segmented.SegmentedRaftLogWorker (SegmentedRaftLogWorker.java:getFromFuture(90)) - Timeout 14/~
org.apache.ratis.protocol.TimeoutIOException: Timeout 10s: WriteLog:7: (t:1, i:7), STATEMACHINELOGENTRY, client-1A924A56FEAD, cid=16-writeStateMachineData
	at org.apache.ratis.util.IOUtils.getFromFuture(IOUtils.java:87)
	at org.apache.ratis.server.raftlog.segmented.SegmentedRaftLogWorker$StateMachineDataPolicy.getFromFuture(SegmentedRaftLogWorker.java:87)
	at org.apache.ratis.server.raftlog.segmented.SegmentedRaftLogWorker$WriteLog.execute(SegmentedRaftLogWorker.java:477)
	at org.apache.ratis.server.raftlog.segmented.SegmentedRaftLogWorker.run(SegmentedRaftLogWorker.java:289)
	at java.lang.Thread.run(Thread.java:748)
Caused by: java.util.concurrent.TimeoutException
	at java.util.concurrent.CompletableFuture.timedGet(CompletableFuture.java:1771)
	at java.util.concurrent.CompletableFuture.get(CompletableFuture.java:1915)
	at org.apache.ratis.util.IOUtils.getFromFuture(IOUtils.java:79)
	... 4 more
2019-09-11 07:00:29,318 [4bd4e05e-fa44-45f4-99bb-ac21c4078a41@group-4E1E24F5414E-SegmentedRaftLogWorker] WARN  segmented.SegmentedRaftLogWorker (SegmentedRaftLogWorker.java:getFromFuture(90)) - Timeout 14/~
org.apache.ratis.protocol.TimeoutIOException: Timeout 10s: WriteLog:8: (t:1, i:8), STATEMACHINELOGENTRY, client-1A924A56FEAD, cid=17-writeStateMachineData
	at org.apache.ratis.util.IOUtils.getFromFuture(IOUtils.java:87)
	at org.apache.ratis.server.raftlog.segmented.SegmentedRaftLogWorker$StateMachineDataPolicy.getFromFuture(SegmentedRaftLogWorker.java:87)
	at org.apache.ratis.server.raftlog.segmented.SegmentedRaftLogWorker$WriteLog.execute(SegmentedRaftLogWorker.java:477)
	at org.apache.ratis.server.raftlog.segmented.SegmentedRaftLogWorker.run(SegmentedRaftLogWorker.java:289)
	at java.lang.Thread.run(Thread.java:748)
Caused by: java.util.concurrent.TimeoutException
	at java.util.concurrent.CompletableFuture.timedGet(CompletableFuture.java:1771)
	at java.util.concurrent.CompletableFuture.get(CompletableFuture.java:1915)
	at org.apache.ratis.util.IOUtils.getFromFuture(IOUtils.java:79)
	... 4 more
2019-09-11 07:00:29,319 [69a71f03-bd49-4dcf-a91a-b858634f7ca8@group-4E1E24F5414E-SegmentedRaftLogWorker] WARN  segmented.SegmentedRaftLogWorker (SegmentedRaftLogWorker.java:getFromFuture(90)) - Timeout 14/~
org.apache.ratis.protocol.TimeoutIOException: Timeout 10s: WriteLog:8: (t:1, i:8), STATEMACHINELOGENTRY, client-1A924A56FEAD, cid=17-writeStateMachineData
	at org.apache.ratis.util.IOUtils.getFromFuture(IOUtils.java:87)
	at org.apache.ratis.server.raftlog.segmented.SegmentedRaftLogWorker$StateMachineDataPolicy.getFromFuture(SegmentedRaftLogWorker.java:87)
	at org.apache.ratis.server.raftlog.segmented.SegmentedRaftLogWorker$WriteLog.execute(SegmentedRaftLogWorker.java:477)
	at org.apache.ratis.server.raftlog.segmented.SegmentedRaftLogWorker.run(SegmentedRaftLogWorker.java:289)
	at java.lang.Thread.run(Thread.java:748)
Caused by: java.util.concurrent.TimeoutException
	at java.util.concurrent.CompletableFuture.timedGet(CompletableFuture.java:1771)
	at java.util.concurrent.CompletableFuture.get(CompletableFuture.java:1915)
	at org.apache.ratis.util.IOUtils.getFromFuture(IOUtils.java:79)
	... 4 more
2019-09-11 07:00:29,850 [org.apache.ratis.server.impl.LogAppender$AppenderDaemon$$Lambda$511/1624611919@61e3130c] ERROR ratis.XceiverServerRatis (XceiverServerRatis.java:triggerPipelineClose(568)) - pipeline Action CLOSE  on pipeline PipelineID=3bf2ead7-e111-4ba5-a3e3-4e1e24f5414e.Reason : 1a989eca-a026-4062-a574-e52a85f9a2a4 has not seen follower/s 69a71f03-bd49-4dcf-a91a-b858634f7ca8 for 150888ms 4bd4e05e-fa44-45f4-99bb-ac21c4078a41 for 150889ms
2019-09-11 07:00:29,850 [org.apache.ratis.server.impl.LogAppender$AppenderDaemon$$Lambda$511/1624611919@309dfab0] ERROR ratis.XceiverServerRatis (XceiverServerRatis.java:triggerPipelineClose(568)) - pipeline Action CLOSE  on pipeline PipelineID=3bf2ead7-e111-4ba5-a3e3-4e1e24f5414e.Reason : 1a989eca-a026-4062-a574-e52a85f9a2a4 has not seen follower/s 69a71f03-bd49-4dcf-a91a-b858634f7ca8 for 150888ms 4bd4e05e-fa44-45f4-99bb-ac21c4078a41 for 150889ms
2019-09-11 07:00:30,335 [EventQueue-PipelineActionsForPipelineActionHandler] ERROR pipeline.PipelineActionHandler (PipelineActionHandler.java:onMessage(60)) - Received pipeline action CLOSE for Pipeline[ Id: 3bf2ead7-e111-4ba5-a3e3-4e1e24f5414e, Nodes: 1a989eca-a026-4062-a574-e52a85f9a2a4{ip: 192.168.34.12, host: pr-hdds-2106-8t9qr-763259812, networkLocation: /default-rack, certSerialId: null}4bd4e05e-fa44-45f4-99bb-ac21c4078a41{ip: 192.168.34.12, host: pr-hdds-2106-8t9qr-763259812, networkLocation: /default-rack, certSerialId: null}69a71f03-bd49-4dcf-a91a-b858634f7ca8{ip: 192.168.34.12, host: pr-hdds-2106-8t9qr-763259812, networkLocation: /default-rack, certSerialId: null}, Type:RATIS, Factor:THREE, State:CLOSED] from datanode 1a989eca-a026-4062-a574-e52a85f9a2a4{ip: 192.168.34.12, host: pr-hdds-2106-8t9qr-763259812, networkLocation: /default-rack, certSerialId: null}. Reason : 1a989eca-a026-4062-a574-e52a85f9a2a4 has not seen follower/s 69a71f03-bd49-4dcf-a91a-b858634f7ca8 for 150888ms 4bd4e05e-fa44-45f4-99bb-ac21c4078a41 for 150889ms
2019-09-11 07:00:30,336 [EventQueue-PipelineActionsForPipelineActionHandler] INFO  pipeline.SCMPipelineManager (SCMPipelineManager.java:finalizeAndDestroyPipeline(311)) - destroying pipeline:Pipeline[ Id: 3bf2ead7-e111-4ba5-a3e3-4e1e24f5414e, Nodes: 1a989eca-a026-4062-a574-e52a85f9a2a4{ip: 192.168.34.12, host: pr-hdds-2106-8t9qr-763259812, networkLocation: /default-rack, certSerialId: null}4bd4e05e-fa44-45f4-99bb-ac21c4078a41{ip: 192.168.34.12, host: pr-hdds-2106-8t9qr-763259812, networkLocation: /default-rack, certSerialId: null}69a71f03-bd49-4dcf-a91a-b858634f7ca8{ip: 192.168.34.12, host: pr-hdds-2106-8t9qr-763259812, networkLocation: /default-rack, certSerialId: null}, Type:RATIS, Factor:THREE, State:CLOSED]
2019-09-11 07:00:30,348 [java.util.concurrent.ThreadPoolExecutor$Worker@6ef3d61[State = -1, empty queue]] WARN  server.GrpcLogAppender (GrpcLogAppender.java:timeoutAppendRequest(200)) - 1a989eca-a026-4062-a574-e52a85f9a2a4@group-4E1E24F5414E->69a71f03-bd49-4dcf-a91a-b858634f7ca8-GrpcLogAppender: appendEntries Timeout, request=1a989eca-a026-4062-a574-e52a85f9a2a4->69a71f03-bd49-4dcf-a91a-b858634f7ca8#72-t1, previous=(t:1, i:12), leaderCommit=6, initializing? false, entries: <empty>
2019-09-11 07:00:30,348 [java.util.concurrent.ThreadPoolExecutor$Worker@fe28b1[State = -1, empty queue]] WARN  server.GrpcLogAppender (GrpcLogAppender.java:timeoutAppendRequest(200)) - 1a989eca-a026-4062-a574-e52a85f9a2a4@group-4E1E24F5414E->4bd4e05e-fa44-45f4-99bb-ac21c4078a41-GrpcLogAppender: appendEntries Timeout, request=1a989eca-a026-4062-a574-e52a85f9a2a4->4bd4e05e-fa44-45f4-99bb-ac21c4078a41#72-t1, previous=(t:1, i:12), leaderCommit=6, initializing? false, entries: <empty>
2019-09-11 07:00:31,184 [grpc-default-executor-1] INFO  client.GrpcClientProtocolClient (GrpcClientProtocolClient.java:onNext(264)) - client-1A924A56FEAD->4bd4e05e-fa44-45f4-99bb-ac21c4078a41: receive RaftClientReply:client-1A924A56FEAD->4bd4e05e-fa44-45f4-99bb-ac21c4078a41@group-4E1E24F5414E, cid=16, FAILED org.apache.ratis.protocol.NotLeaderException: Server 4bd4e05e-fa44-45f4-99bb-ac21c4078a41@group-4E1E24F5414E is not the leader 1a989eca-a026-4062-a574-e52a85f9a2a4:192.168.34.12:35514, logIndex=0, commits[4bd4e05e-fa44-45f4-99bb-ac21c4078a41:c6, 69a71f03-bd49-4dcf-a91a-b858634f7ca8:c4, 1a989eca-a026-4062-a574-e52a85f9a2a4:c6]
2019-09-11 07:00:32,351 [org.apache.ratis.server.impl.LogAppender$AppenderDaemon$$Lambda$511/1624611919@309dfab0] ERROR ratis.XceiverServerRatis (XceiverServerRatis.java:triggerPipelineClose(568)) - pipeline Action CLOSE  on pipeline PipelineID=3bf2ead7-e111-4ba5-a3e3-4e1e24f5414e.Reason : 1a989eca-a026-4062-a574-e52a85f9a2a4 has not seen follower/s 69a71f03-bd49-4dcf-a91a-b858634f7ca8 for 153389ms 4bd4e05e-fa44-45f4-99bb-ac21c4078a41 for 153390ms
2019-09-11 07:00:32,351 [org.apache.ratis.server.impl.LogAppender$AppenderDaemon$$Lambda$511/1624611919@61e3130c] ERROR ratis.XceiverServerRatis (XceiverServerRatis.java:triggerPipelineClose(568)) - pipeline Action CLOSE  on pipeline PipelineID=3bf2ead7-e111-4ba5-a3e3-4e1e24f5414e.Reason : 1a989eca-a026-4062-a574-e52a85f9a2a4 has not seen follower/s 69a71f03-bd49-4dcf-a91a-b858634f7ca8 for 153389ms 4bd4e05e-fa44-45f4-99bb-ac21c4078a41 for 153390ms
2019-09-11 07:00:32,850 [java.util.concurrent.ThreadPoolExecutor$Worker@6ef3d61[State = -1, empty queue]] WARN  server.GrpcLogAppender (GrpcLogAppender.java:timeoutAppendRequest(200)) - 1a989eca-a026-4062-a574-e52a85f9a2a4@group-4E1E24F5414E->69a71f03-bd49-4dcf-a91a-b858634f7ca8-GrpcLogAppender: appendEntries Timeout, request=1a989eca-a026-4062-a574-e52a85f9a2a4->69a71f03-bd49-4dcf-a91a-b858634f7ca8#73-t1, previous=(t:1, i:12), leaderCommit=6, initializing? false, entries: <empty>
2019-09-11 07:00:32,850 [java.util.concurrent.ThreadPoolExecutor$Worker@fe28b1[State = -1, empty queue]] WARN  server.GrpcLogAppender (GrpcLogAppender.java:timeoutAppendRequest(200)) - 1a989eca-a026-4062-a574-e52a85f9a2a4@group-4E1E24F5414E->4bd4e05e-fa44-45f4-99bb-ac21c4078a41-GrpcLogAppender: appendEntries Timeout, request=1a989eca-a026-4062-a574-e52a85f9a2a4->4bd4e05e-fa44-45f4-99bb-ac21c4078a41#73-t1, previous=(t:1, i:12), leaderCommit=6, initializing? false, entries: <empty>
2019-09-11 07:00:33,335 [EventQueue-PipelineActionsForPipelineActionHandler] ERROR pipeline.PipelineActionHandler (PipelineActionHandler.java:onMessage(60)) - Received pipeline action CLOSE for Pipeline[ Id: 3bf2ead7-e111-4ba5-a3e3-4e1e24f5414e, Nodes: 1a989eca-a026-4062-a574-e52a85f9a2a4{ip: 192.168.34.12, host: pr-hdds-2106-8t9qr-763259812, networkLocation: /default-rack, certSerialId: null}4bd4e05e-fa44-45f4-99bb-ac21c4078a41{ip: 192.168.34.12, host: pr-hdds-2106-8t9qr-763259812, networkLocation: /default-rack, certSerialId: null}69a71f03-bd49-4dcf-a91a-b858634f7ca8{ip: 192.168.34.12, host: pr-hdds-2106-8t9qr-763259812, networkLocation: /default-rack, certSerialId: null}, Type:RATIS, Factor:THREE, State:CLOSED] from datanode 1a989eca-a026-4062-a574-e52a85f9a2a4{ip: 192.168.34.12, host: pr-hdds-2106-8t9qr-763259812, networkLocation: /default-rack, certSerialId: null}. Reason : 1a989eca-a026-4062-a574-e52a85f9a2a4 has not seen follower/s 69a71f03-bd49-4dcf-a91a-b858634f7ca8 for 153389ms 4bd4e05e-fa44-45f4-99bb-ac21c4078a41 for 153390ms
2019-09-11 07:00:33,336 [EventQueue-PipelineActionsForPipelineActionHandler] INFO  pipeline.SCMPipelineManager (SCMPipelineManager.java:finalizeAndDestroyPipeline(311)) - destroying pipeline:Pipeline[ Id: 3bf2ead7-e111-4ba5-a3e3-4e1e24f5414e, Nodes: 1a989eca-a026-4062-a574-e52a85f9a2a4{ip: 192.168.34.12, host: pr-hdds-2106-8t9qr-763259812, networkLocation: /default-rack, certSerialId: null}4bd4e05e-fa44-45f4-99bb-ac21c4078a41{ip: 192.168.34.12, host: pr-hdds-2106-8t9qr-763259812, networkLocation: /default-rack, certSerialId: null}69a71f03-bd49-4dcf-a91a-b858634f7ca8{ip: 192.168.34.12, host: pr-hdds-2106-8t9qr-763259812, networkLocation: /default-rack, certSerialId: null}, Type:RATIS, Factor:THREE, State:CLOSED]
2019-09-11 07:00:34,852 [org.apache.ratis.server.impl.LogAppender$AppenderDaemon$$Lambda$511/1624611919@309dfab0] ERROR ratis.XceiverServerRatis (XceiverServerRatis.java:triggerPipelineClose(568)) - pipeline Action CLOSE  on pipeline PipelineID=3bf2ead7-e111-4ba5-a3e3-4e1e24f5414e.Reason : 1a989eca-a026-4062-a574-e52a85f9a2a4 has not seen follower/s 69a71f03-bd49-4dcf-a91a-b858634f7ca8 for 155890ms 4bd4e05e-fa44-45f4-99bb-ac21c4078a41 for 155891ms
2019-09-11 07:00:34,852 [org.apache.ratis.server.impl.LogAppender$AppenderDaemon$$Lambda$511/1624611919@61e3130c] ERROR ratis.XceiverServerRatis (XceiverServerRatis.java:triggerPipelineClose(568)) - pipeline Action CLOSE  on pipeline PipelineID=3bf2ead7-e111-4ba5-a3e3-4e1e24f5414e.Reason : 1a989eca-a026-4062-a574-e52a85f9a2a4 has not seen follower/s 69a71f03-bd49-4dcf-a91a-b858634f7ca8 for 155890ms 4bd4e05e-fa44-45f4-99bb-ac21c4078a41 for 155891ms
2019-09-11 07:00:35,335 [EventQueue-PipelineActionsForPipelineActionHandler] ERROR pipeline.PipelineActionHandler (PipelineActionHandler.java:onMessage(60)) - Received pipeline action CLOSE for Pipeline[ Id: 3bf2ead7-e111-4ba5-a3e3-4e1e24f5414e, Nodes: 1a989eca-a026-4062-a574-e52a85f9a2a4{ip: 192.168.34.12, host: pr-hdds-2106-8t9qr-763259812, networkLocation: /default-rack, certSerialId: null}4bd4e05e-fa44-45f4-99bb-ac21c4078a41{ip: 192.168.34.12, host: pr-hdds-2106-8t9qr-763259812, networkLocation: /default-rack, certSerialId: null}69a71f03-bd49-4dcf-a91a-b858634f7ca8{ip: 192.168.34.12, host: pr-hdds-2106-8t9qr-763259812, networkLocation: /default-rack, certSerialId: null}, Type:RATIS, Factor:THREE, State:CLOSED] from datanode 1a989eca-a026-4062-a574-e52a85f9a2a4{ip: 192.168.34.12, host: pr-hdds-2106-8t9qr-763259812, networkLocation: /default-rack, certSerialId: null}. Reason : 1a989eca-a026-4062-a574-e52a85f9a2a4 has not seen follower/s 69a71f03-bd49-4dcf-a91a-b858634f7ca8 for 155890ms 4bd4e05e-fa44-45f4-99bb-ac21c4078a41 for 155891ms
2019-09-11 07:00:35,335 [EventQueue-PipelineActionsForPipelineActionHandler] INFO  pipeline.SCMPipelineManager (SCMPipelineManager.java:finalizeAndDestroyPipeline(311)) - destroying pipeline:Pipeline[ Id: 3bf2ead7-e111-4ba5-a3e3-4e1e24f5414e, Nodes: 1a989eca-a026-4062-a574-e52a85f9a2a4{ip: 192.168.34.12, host: pr-hdds-2106-8t9qr-763259812, networkLocation: /default-rack, certSerialId: null}4bd4e05e-fa44-45f4-99bb-ac21c4078a41{ip: 192.168.34.12, host: pr-hdds-2106-8t9qr-763259812, networkLocation: /default-rack, certSerialId: null}69a71f03-bd49-4dcf-a91a-b858634f7ca8{ip: 192.168.34.12, host: pr-hdds-2106-8t9qr-763259812, networkLocation: /default-rack, certSerialId: null}, Type:RATIS, Factor:THREE, State:CLOSED]
2019-09-11 07:00:35,350 [java.util.concurrent.ThreadPoolExecutor$Worker@6ef3d61[State = -1, empty queue]] WARN  server.GrpcLogAppender (GrpcLogAppender.java:timeoutAppendRequest(200)) - 1a989eca-a026-4062-a574-e52a85f9a2a4@group-4E1E24F5414E->69a71f03-bd49-4dcf-a91a-b858634f7ca8-GrpcLogAppender: appendEntries Timeout, request=1a989eca-a026-4062-a574-e52a85f9a2a4->69a71f03-bd49-4dcf-a91a-b858634f7ca8#74-t1, previous=(t:1, i:12), leaderCommit=6, initializing? false, entries: <empty>
2019-09-11 07:00:35,351 [java.util.concurrent.ThreadPoolExecutor$Worker@fe28b1[State = -1, empty queue]] WARN  server.GrpcLogAppender (GrpcLogAppender.java:timeoutAppendRequest(200)) - 1a989eca-a026-4062-a574-e52a85f9a2a4@group-4E1E24F5414E->4bd4e05e-fa44-45f4-99bb-ac21c4078a41-GrpcLogAppender: appendEntries Timeout, request=1a989eca-a026-4062-a574-e52a85f9a2a4->4bd4e05e-fa44-45f4-99bb-ac21c4078a41#74-t1, previous=(t:1, i:12), leaderCommit=6, initializing? false, entries: <empty>
2019-09-11 07:00:36,240 [grpc-default-executor-2] INFO  client.GrpcClientProtocolClient (GrpcClientProtocolClient.java:onNext(264)) - client-1A924A56FEAD->4bd4e05e-fa44-45f4-99bb-ac21c4078a41: receive RaftClientReply:client-1A924A56FEAD->4bd4e05e-fa44-45f4-99bb-ac21c4078a41@group-4E1E24F5414E, cid=16, FAILED org.apache.ratis.protocol.NotLeaderException: Server 4bd4e05e-fa44-45f4-99bb-ac21c4078a41@group-4E1E24F5414E is not the leader 1a989eca-a026-4062-a574-e52a85f9a2a4:192.168.34.12:35514, logIndex=0, commits[4bd4e05e-fa44-45f4-99bb-ac21c4078a41:c6, 69a71f03-bd49-4dcf-a91a-b858634f7ca8:c4, 1a989eca-a026-4062-a574-e52a85f9a2a4:c6]
2019-09-11 07:00:37,353 [org.apache.ratis.server.impl.LogAppender$AppenderDaemon$$Lambda$511/1624611919@309dfab0] ERROR ratis.XceiverServerRatis (XceiverServerRatis.java:triggerPipelineClose(568)) - pipeline Action CLOSE  on pipeline PipelineID=3bf2ead7-e111-4ba5-a3e3-4e1e24f5414e.Reason : 1a989eca-a026-4062-a574-e52a85f9a2a4 has not seen follower/s 69a71f03-bd49-4dcf-a91a-b858634f7ca8 for 158391ms 4bd4e05e-fa44-45f4-99bb-ac21c4078a41 for 158392ms
2019-09-11 07:00:37,353 [org.apache.ratis.server.impl.LogAppender$AppenderDaemon$$Lambda$511/1624611919@61e3130c] ERROR ratis.XceiverServerRatis (XceiverServerRatis.java:triggerPipelineClose(568)) - pipeline Action CLOSE  on pipeline PipelineID=3bf2ead7-e111-4ba5-a3e3-4e1e24f5414e.Reason : 1a989eca-a026-4062-a574-e52a85f9a2a4 has not seen follower/s 69a71f03-bd49-4dcf-a91a-b858634f7ca8 for 158391ms 4bd4e05e-fa44-45f4-99bb-ac21c4078a41 for 158392ms
2019-09-11 07:00:37,852 [java.util.concurrent.ThreadPoolExecutor$Worker@6ef3d61[State = -1, empty queue]] WARN  server.GrpcLogAppender (GrpcLogAppender.java:timeoutAppendRequest(200)) - 1a989eca-a026-4062-a574-e52a85f9a2a4@group-4E1E24F5414E->69a71f03-bd49-4dcf-a91a-b858634f7ca8-GrpcLogAppender: appendEntries Timeout, request=1a989eca-a026-4062-a574-e52a85f9a2a4->69a71f03-bd49-4dcf-a91a-b858634f7ca8#75-t1, previous=(t:1, i:12), leaderCommit=6, initializing? false, entries: <empty>
2019-09-11 07:00:37,852 [java.util.concurrent.ThreadPoolExecutor$Worker@fe28b1[State = -1, empty queue]] WARN  server.GrpcLogAppender (GrpcLogAppender.java:timeoutAppendRequest(200)) - 1a989eca-a026-4062-a574-e52a85f9a2a4@group-4E1E24F5414E->4bd4e05e-fa44-45f4-99bb-ac21c4078a41-GrpcLogAppender: appendEntries Timeout, request=1a989eca-a026-4062-a574-e52a85f9a2a4->4bd4e05e-fa44-45f4-99bb-ac21c4078a41#75-t1, previous=(t:1, i:12), leaderCommit=6, initializing? false, entries: <empty>
2019-09-11 07:00:38,334 [EventQueue-PipelineActionsForPipelineActionHandler] ERROR pipeline.PipelineActionHandler (PipelineActionHandler.java:onMessage(60)) - Received pipeline action CLOSE for Pipeline[ Id: 3bf2ead7-e111-4ba5-a3e3-4e1e24f5414e, Nodes: 1a989eca-a026-4062-a574-e52a85f9a2a4{ip: 192.168.34.12, host: pr-hdds-2106-8t9qr-763259812, networkLocation: /default-rack, certSerialId: null}4bd4e05e-fa44-45f4-99bb-ac21c4078a41{ip: 192.168.34.12, host: pr-hdds-2106-8t9qr-763259812, networkLocation: /default-rack, certSerialId: null}69a71f03-bd49-4dcf-a91a-b858634f7ca8{ip: 192.168.34.12, host: pr-hdds-2106-8t9qr-763259812, networkLocation: /default-rack, certSerialId: null}, Type:RATIS, Factor:THREE, State:CLOSED] from datanode 1a989eca-a026-4062-a574-e52a85f9a2a4{ip: 192.168.34.12, host: pr-hdds-2106-8t9qr-763259812, networkLocation: /default-rack, certSerialId: null}. Reason : 1a989eca-a026-4062-a574-e52a85f9a2a4 has not seen follower/s 69a71f03-bd49-4dcf-a91a-b858634f7ca8 for 158391ms 4bd4e05e-fa44-45f4-99bb-ac21c4078a41 for 158392ms
2019-09-11 07:00:38,334 [EventQueue-PipelineActionsForPipelineActionHandler] INFO  pipeline.SCMPipelineManager (SCMPipelineManager.java:finalizeAndDestroyPipeline(311)) - destroying pipeline:Pipeline[ Id: 3bf2ead7-e111-4ba5-a3e3-4e1e24f5414e, Nodes: 1a989eca-a026-4062-a574-e52a85f9a2a4{ip: 192.168.34.12, host: pr-hdds-2106-8t9qr-763259812, networkLocation: /default-rack, certSerialId: null}4bd4e05e-fa44-45f4-99bb-ac21c4078a41{ip: 192.168.34.12, host: pr-hdds-2106-8t9qr-763259812, networkLocation: /default-rack, certSerialId: null}69a71f03-bd49-4dcf-a91a-b858634f7ca8{ip: 192.168.34.12, host: pr-hdds-2106-8t9qr-763259812, networkLocation: /default-rack, certSerialId: null}, Type:RATIS, Factor:THREE, State:CLOSED]
2019-09-11 07:00:39,250 [1a989eca-a026-4062-a574-e52a85f9a2a4@group-4E1E24F5414E-SegmentedRaftLogWorker] WARN  segmented.SegmentedRaftLogWorker (SegmentedRaftLogWorker.java:getFromFuture(90)) - Timeout 15/~
org.apache.ratis.protocol.TimeoutIOException: Timeout 10s: WriteLog:7: (t:1, i:7), STATEMACHINELOGENTRY, client-1A924A56FEAD, cid=16-writeStateMachineData
	at org.apache.ratis.util.IOUtils.getFromFuture(IOUtils.java:87)
	at org.apache.ratis.server.raftlog.segmented.SegmentedRaftLogWorker$StateMachineDataPolicy.getFromFuture(SegmentedRaftLogWorker.java:87)
	at org.apache.ratis.server.raftlog.segmented.SegmentedRaftLogWorker$WriteLog.execute(SegmentedRaftLogWorker.java:477)
	at org.apache.ratis.server.raftlog.segmented.SegmentedRaftLogWorker.run(SegmentedRaftLogWorker.java:289)
	at java.lang.Thread.run(Thread.java:748)
Caused by: java.util.concurrent.TimeoutException
	at java.util.concurrent.CompletableFuture.timedGet(CompletableFuture.java:1771)
	at java.util.concurrent.CompletableFuture.get(CompletableFuture.java:1915)
	at org.apache.ratis.util.IOUtils.getFromFuture(IOUtils.java:79)
	... 4 more
2019-09-11 07:00:39,319 [4bd4e05e-fa44-45f4-99bb-ac21c4078a41@group-4E1E24F5414E-SegmentedRaftLogWorker] WARN  segmented.SegmentedRaftLogWorker (SegmentedRaftLogWorker.java:getFromFuture(90)) - Timeout 15/~
org.apache.ratis.protocol.TimeoutIOException: Timeout 10s: WriteLog:8: (t:1, i:8), STATEMACHINELOGENTRY, client-1A924A56FEAD, cid=17-writeStateMachineData
	at org.apache.ratis.util.IOUtils.getFromFuture(IOUtils.java:87)
	at org.apache.ratis.server.raftlog.segmented.SegmentedRaftLogWorker$StateMachineDataPolicy.getFromFuture(SegmentedRaftLogWorker.java:87)
	at org.apache.ratis.server.raftlog.segmented.SegmentedRaftLogWorker$WriteLog.execute(SegmentedRaftLogWorker.java:477)
	at org.apache.ratis.server.raftlog.segmented.SegmentedRaftLogWorker.run(SegmentedRaftLogWorker.java:289)
	at java.lang.Thread.run(Thread.java:748)
Caused by: java.util.concurrent.TimeoutException
	at java.util.concurrent.CompletableFuture.timedGet(CompletableFuture.java:1771)
	at java.util.concurrent.CompletableFuture.get(CompletableFuture.java:1915)
	at org.apache.ratis.util.IOUtils.getFromFuture(IOUtils.java:79)
	... 4 more
2019-09-11 07:00:39,336 [69a71f03-bd49-4dcf-a91a-b858634f7ca8@group-4E1E24F5414E-SegmentedRaftLogWorker] WARN  segmented.SegmentedRaftLogWorker (SegmentedRaftLogWorker.java:getFromFuture(90)) - Timeout 15/~
org.apache.ratis.protocol.TimeoutIOException: Timeout 10s: WriteLog:8: (t:1, i:8), STATEMACHINELOGENTRY, client-1A924A56FEAD, cid=17-writeStateMachineData
	at org.apache.ratis.util.IOUtils.getFromFuture(IOUtils.java:87)
	at org.apache.ratis.server.raftlog.segmented.SegmentedRaftLogWorker$StateMachineDataPolicy.getFromFuture(SegmentedRaftLogWorker.java:87)
	at org.apache.ratis.server.raftlog.segmented.SegmentedRaftLogWorker$WriteLog.execute(SegmentedRaftLogWorker.java:477)
	at org.apache.ratis.server.raftlog.segmented.SegmentedRaftLogWorker.run(SegmentedRaftLogWorker.java:289)
	at java.lang.Thread.run(Thread.java:748)
Caused by: java.util.concurrent.TimeoutException
	at java.util.concurrent.CompletableFuture.timedGet(CompletableFuture.java:1771)
	at java.util.concurrent.CompletableFuture.get(CompletableFuture.java:1915)
	at org.apache.ratis.util.IOUtils.getFromFuture(IOUtils.java:79)
	... 4 more
2019-09-11 07:00:39,853 [org.apache.ratis.server.impl.LogAppender$AppenderDaemon$$Lambda$511/1624611919@309dfab0] ERROR ratis.XceiverServerRatis (XceiverServerRatis.java:triggerPipelineClose(568)) - pipeline Action CLOSE  on pipeline PipelineID=3bf2ead7-e111-4ba5-a3e3-4e1e24f5414e.Reason : 1a989eca-a026-4062-a574-e52a85f9a2a4 has not seen follower/s 69a71f03-bd49-4dcf-a91a-b858634f7ca8 for 160892ms 4bd4e05e-fa44-45f4-99bb-ac21c4078a41 for 160893ms
2019-09-11 07:00:39,854 [org.apache.ratis.server.impl.LogAppender$AppenderDaemon$$Lambda$511/1624611919@61e3130c] ERROR ratis.XceiverServerRatis (XceiverServerRatis.java:triggerPipelineClose(568)) - pipeline Action CLOSE  on pipeline PipelineID=3bf2ead7-e111-4ba5-a3e3-4e1e24f5414e.Reason : 1a989eca-a026-4062-a574-e52a85f9a2a4 has not seen follower/s 69a71f03-bd49-4dcf-a91a-b858634f7ca8 for 160892ms 4bd4e05e-fa44-45f4-99bb-ac21c4078a41 for 160893ms
2019-09-11 07:00:40,337 [EventQueue-PipelineActionsForPipelineActionHandler] ERROR pipeline.PipelineActionHandler (PipelineActionHandler.java:onMessage(60)) - Received pipeline action CLOSE for Pipeline[ Id: 3bf2ead7-e111-4ba5-a3e3-4e1e24f5414e, Nodes: 1a989eca-a026-4062-a574-e52a85f9a2a4{ip: 192.168.34.12, host: pr-hdds-2106-8t9qr-763259812, networkLocation: /default-rack, certSerialId: null}4bd4e05e-fa44-45f4-99bb-ac21c4078a41{ip: 192.168.34.12, host: pr-hdds-2106-8t9qr-763259812, networkLocation: /default-rack, certSerialId: null}69a71f03-bd49-4dcf-a91a-b858634f7ca8{ip: 192.168.34.12, host: pr-hdds-2106-8t9qr-763259812, networkLocation: /default-rack, certSerialId: null}, Type:RATIS, Factor:THREE, State:CLOSED] from datanode 1a989eca-a026-4062-a574-e52a85f9a2a4{ip: 192.168.34.12, host: pr-hdds-2106-8t9qr-763259812, networkLocation: /default-rack, certSerialId: null}. Reason : 1a989eca-a026-4062-a574-e52a85f9a2a4 has not seen follower/s 69a71f03-bd49-4dcf-a91a-b858634f7ca8 for 160892ms 4bd4e05e-fa44-45f4-99bb-ac21c4078a41 for 160893ms
2019-09-11 07:00:40,337 [EventQueue-PipelineActionsForPipelineActionHandler] INFO  pipeline.SCMPipelineManager (SCMPipelineManager.java:finalizeAndDestroyPipeline(311)) - destroying pipeline:Pipeline[ Id: 3bf2ead7-e111-4ba5-a3e3-4e1e24f5414e, Nodes: 1a989eca-a026-4062-a574-e52a85f9a2a4{ip: 192.168.34.12, host: pr-hdds-2106-8t9qr-763259812, networkLocation: /default-rack, certSerialId: null}4bd4e05e-fa44-45f4-99bb-ac21c4078a41{ip: 192.168.34.12, host: pr-hdds-2106-8t9qr-763259812, networkLocation: /default-rack, certSerialId: null}69a71f03-bd49-4dcf-a91a-b858634f7ca8{ip: 192.168.34.12, host: pr-hdds-2106-8t9qr-763259812, networkLocation: /default-rack, certSerialId: null}, Type:RATIS, Factor:THREE, State:CLOSED]
2019-09-11 07:00:40,353 [java.util.concurrent.ThreadPoolExecutor$Worker@6ef3d61[State = -1, empty queue]] WARN  server.GrpcLogAppender (GrpcLogAppender.java:timeoutAppendRequest(200)) - 1a989eca-a026-4062-a574-e52a85f9a2a4@group-4E1E24F5414E->69a71f03-bd49-4dcf-a91a-b858634f7ca8-GrpcLogAppender: appendEntries Timeout, request=1a989eca-a026-4062-a574-e52a85f9a2a4->69a71f03-bd49-4dcf-a91a-b858634f7ca8#76-t1, previous=(t:1, i:12), leaderCommit=6, initializing? false, entries: <empty>
2019-09-11 07:00:40,353 [java.util.concurrent.ThreadPoolExecutor$Worker@fe28b1[State = -1, empty queue]] WARN  server.GrpcLogAppender (GrpcLogAppender.java:timeoutAppendRequest(200)) - 1a989eca-a026-4062-a574-e52a85f9a2a4@group-4E1E24F5414E->4bd4e05e-fa44-45f4-99bb-ac21c4078a41-GrpcLogAppender: appendEntries Timeout, request=1a989eca-a026-4062-a574-e52a85f9a2a4->4bd4e05e-fa44-45f4-99bb-ac21c4078a41#76-t1, previous=(t:1, i:12), leaderCommit=6, initializing? false, entries: <empty>
2019-09-11 07:00:41,283 [grpc-default-executor-0] INFO  client.GrpcClientProtocolClient (GrpcClientProtocolClient.java:onNext(264)) - client-1A924A56FEAD->69a71f03-bd49-4dcf-a91a-b858634f7ca8: receive RaftClientReply:client-1A924A56FEAD->69a71f03-bd49-4dcf-a91a-b858634f7ca8@group-4E1E24F5414E, cid=16, FAILED org.apache.ratis.protocol.NotLeaderException: Server 69a71f03-bd49-4dcf-a91a-b858634f7ca8@group-4E1E24F5414E is not the leader 1a989eca-a026-4062-a574-e52a85f9a2a4:192.168.34.12:35514, logIndex=0, commits[69a71f03-bd49-4dcf-a91a-b858634f7ca8:c6, 4bd4e05e-fa44-45f4-99bb-ac21c4078a41:c4, 1a989eca-a026-4062-a574-e52a85f9a2a4:c6]
2019-09-11 07:00:42,354 [org.apache.ratis.server.impl.LogAppender$AppenderDaemon$$Lambda$511/1624611919@309dfab0] ERROR ratis.XceiverServerRatis (XceiverServerRatis.java:triggerPipelineClose(568)) - pipeline Action CLOSE  on pipeline PipelineID=3bf2ead7-e111-4ba5-a3e3-4e1e24f5414e.Reason : 1a989eca-a026-4062-a574-e52a85f9a2a4 has not seen follower/s 69a71f03-bd49-4dcf-a91a-b858634f7ca8 for 163393ms 4bd4e05e-fa44-45f4-99bb-ac21c4078a41 for 163394ms
2019-09-11 07:00:42,354 [org.apache.ratis.server.impl.LogAppender$AppenderDaemon$$Lambda$511/1624611919@61e3130c] ERROR ratis.XceiverServerRatis (XceiverServerRatis.java:triggerPipelineClose(568)) - pipeline Action CLOSE  on pipeline PipelineID=3bf2ead7-e111-4ba5-a3e3-4e1e24f5414e.Reason : 1a989eca-a026-4062-a574-e52a85f9a2a4 has not seen follower/s 69a71f03-bd49-4dcf-a91a-b858634f7ca8 for 163393ms 4bd4e05e-fa44-45f4-99bb-ac21c4078a41 for 163394ms
2019-09-11 07:00:42,853 [java.util.concurrent.ThreadPoolExecutor$Worker@6ef3d61[State = -1, empty queue]] WARN  server.GrpcLogAppender (GrpcLogAppender.java:timeoutAppendRequest(200)) - 1a989eca-a026-4062-a574-e52a85f9a2a4@group-4E1E24F5414E->69a71f03-bd49-4dcf-a91a-b858634f7ca8-GrpcLogAppender: appendEntries Timeout, request=1a989eca-a026-4062-a574-e52a85f9a2a4->69a71f03-bd49-4dcf-a91a-b858634f7ca8#77-t1, previous=(t:1, i:12), leaderCommit=6, initializing? false, entries: <empty>
2019-09-11 07:00:42,854 [java.util.concurrent.ThreadPoolExecutor$Worker@fe28b1[State = -1, empty queue]] WARN  server.GrpcLogAppender (GrpcLogAppender.java:timeoutAppendRequest(200)) - 1a989eca-a026-4062-a574-e52a85f9a2a4@group-4E1E24F5414E->4bd4e05e-fa44-45f4-99bb-ac21c4078a41-GrpcLogAppender: appendEntries Timeout, request=1a989eca-a026-4062-a574-e52a85f9a2a4->4bd4e05e-fa44-45f4-99bb-ac21c4078a41#77-t1, previous=(t:1, i:12), leaderCommit=6, initializing? false, entries: <empty>
2019-09-11 07:00:43,337 [EventQueue-PipelineActionsForPipelineActionHandler] ERROR pipeline.PipelineActionHandler (PipelineActionHandler.java:onMessage(60)) - Received pipeline action CLOSE for Pipeline[ Id: 3bf2ead7-e111-4ba5-a3e3-4e1e24f5414e, Nodes: 1a989eca-a026-4062-a574-e52a85f9a2a4{ip: 192.168.34.12, host: pr-hdds-2106-8t9qr-763259812, networkLocation: /default-rack, certSerialId: null}4bd4e05e-fa44-45f4-99bb-ac21c4078a41{ip: 192.168.34.12, host: pr-hdds-2106-8t9qr-763259812, networkLocation: /default-rack, certSerialId: null}69a71f03-bd49-4dcf-a91a-b858634f7ca8{ip: 192.168.34.12, host: pr-hdds-2106-8t9qr-763259812, networkLocation: /default-rack, certSerialId: null}, Type:RATIS, Factor:THREE, State:CLOSED] from datanode 1a989eca-a026-4062-a574-e52a85f9a2a4{ip: 192.168.34.12, host: pr-hdds-2106-8t9qr-763259812, networkLocation: /default-rack, certSerialId: null}. Reason : 1a989eca-a026-4062-a574-e52a85f9a2a4 has not seen follower/s 69a71f03-bd49-4dcf-a91a-b858634f7ca8 for 163393ms 4bd4e05e-fa44-45f4-99bb-ac21c4078a41 for 163394ms
2019-09-11 07:00:43,337 [EventQueue-PipelineActionsForPipelineActionHandler] INFO  pipeline.SCMPipelineManager (SCMPipelineManager.java:finalizeAndDestroyPipeline(311)) - destroying pipeline:Pipeline[ Id: 3bf2ead7-e111-4ba5-a3e3-4e1e24f5414e, Nodes: 1a989eca-a026-4062-a574-e52a85f9a2a4{ip: 192.168.34.12, host: pr-hdds-2106-8t9qr-763259812, networkLocation: /default-rack, certSerialId: null}4bd4e05e-fa44-45f4-99bb-ac21c4078a41{ip: 192.168.34.12, host: pr-hdds-2106-8t9qr-763259812, networkLocation: /default-rack, certSerialId: null}69a71f03-bd49-4dcf-a91a-b858634f7ca8{ip: 192.168.34.12, host: pr-hdds-2106-8t9qr-763259812, networkLocation: /default-rack, certSerialId: null}, Type:RATIS, Factor:THREE, State:CLOSED]
2019-09-11 07:00:44,855 [org.apache.ratis.server.impl.LogAppender$AppenderDaemon$$Lambda$511/1624611919@309dfab0] ERROR ratis.XceiverServerRatis (XceiverServerRatis.java:triggerPipelineClose(568)) - pipeline Action CLOSE  on pipeline PipelineID=3bf2ead7-e111-4ba5-a3e3-4e1e24f5414e.Reason : 1a989eca-a026-4062-a574-e52a85f9a2a4 has not seen follower/s 69a71f03-bd49-4dcf-a91a-b858634f7ca8 for 165894ms 4bd4e05e-fa44-45f4-99bb-ac21c4078a41 for 165894ms
2019-09-11 07:00:44,855 [org.apache.ratis.server.impl.LogAppender$AppenderDaemon$$Lambda$511/1624611919@61e3130c] ERROR ratis.XceiverServerRatis (XceiverServerRatis.java:triggerPipelineClose(568)) - pipeline Action CLOSE  on pipeline PipelineID=3bf2ead7-e111-4ba5-a3e3-4e1e24f5414e.Reason : 1a989eca-a026-4062-a574-e52a85f9a2a4 has not seen follower/s 69a71f03-bd49-4dcf-a91a-b858634f7ca8 for 165894ms 4bd4e05e-fa44-45f4-99bb-ac21c4078a41 for 165894ms
2019-09-11 07:00:45,337 [EventQueue-PipelineActionsForPipelineActionHandler] ERROR pipeline.PipelineActionHandler (PipelineActionHandler.java:onMessage(60)) - Received pipeline action CLOSE for Pipeline[ Id: 3bf2ead7-e111-4ba5-a3e3-4e1e24f5414e, Nodes: 1a989eca-a026-4062-a574-e52a85f9a2a4{ip: 192.168.34.12, host: pr-hdds-2106-8t9qr-763259812, networkLocation: /default-rack, certSerialId: null}4bd4e05e-fa44-45f4-99bb-ac21c4078a41{ip: 192.168.34.12, host: pr-hdds-2106-8t9qr-763259812, networkLocation: /default-rack, certSerialId: null}69a71f03-bd49-4dcf-a91a-b858634f7ca8{ip: 192.168.34.12, host: pr-hdds-2106-8t9qr-763259812, networkLocation: /default-rack, certSerialId: null}, Type:RATIS, Factor:THREE, State:CLOSED] from datanode 1a989eca-a026-4062-a574-e52a85f9a2a4{ip: 192.168.34.12, host: pr-hdds-2106-8t9qr-763259812, networkLocation: /default-rack, certSerialId: null}. Reason : 1a989eca-a026-4062-a574-e52a85f9a2a4 has not seen follower/s 69a71f03-bd49-4dcf-a91a-b858634f7ca8 for 165894ms 4bd4e05e-fa44-45f4-99bb-ac21c4078a41 for 165894ms
2019-09-11 07:00:45,337 [EventQueue-PipelineActionsForPipelineActionHandler] INFO  pipeline.SCMPipelineManager (SCMPipelineManager.java:finalizeAndDestroyPipeline(311)) - destroying pipeline:Pipeline[ Id: 3bf2ead7-e111-4ba5-a3e3-4e1e24f5414e, Nodes: 1a989eca-a026-4062-a574-e52a85f9a2a4{ip: 192.168.34.12, host: pr-hdds-2106-8t9qr-763259812, networkLocation: /default-rack, certSerialId: null}4bd4e05e-fa44-45f4-99bb-ac21c4078a41{ip: 192.168.34.12, host: pr-hdds-2106-8t9qr-763259812, networkLocation: /default-rack, certSerialId: null}69a71f03-bd49-4dcf-a91a-b858634f7ca8{ip: 192.168.34.12, host: pr-hdds-2106-8t9qr-763259812, networkLocation: /default-rack, certSerialId: null}, Type:RATIS, Factor:THREE, State:CLOSED]
2019-09-11 07:00:45,354 [java.util.concurrent.ThreadPoolExecutor$Worker@6ef3d61[State = -1, empty queue]] WARN  server.GrpcLogAppender (GrpcLogAppender.java:timeoutAppendRequest(200)) - 1a989eca-a026-4062-a574-e52a85f9a2a4@group-4E1E24F5414E->69a71f03-bd49-4dcf-a91a-b858634f7ca8-GrpcLogAppender: appendEntries Timeout, request=1a989eca-a026-4062-a574-e52a85f9a2a4->69a71f03-bd49-4dcf-a91a-b858634f7ca8#78-t1, previous=(t:1, i:12), leaderCommit=6, initializing? false, entries: <empty>
2019-09-11 07:00:45,354 [java.util.concurrent.ThreadPoolExecutor$Worker@fe28b1[State = -1, empty queue]] WARN  server.GrpcLogAppender (GrpcLogAppender.java:timeoutAppendRequest(200)) - 1a989eca-a026-4062-a574-e52a85f9a2a4@group-4E1E24F5414E->4bd4e05e-fa44-45f4-99bb-ac21c4078a41-GrpcLogAppender: appendEntries Timeout, request=1a989eca-a026-4062-a574-e52a85f9a2a4->4bd4e05e-fa44-45f4-99bb-ac21c4078a41#78-t1, previous=(t:1, i:12), leaderCommit=6, initializing? false, entries: <empty>
2019-09-11 07:00:46,346 [grpc-default-executor-0] INFO  client.GrpcClientProtocolClient (GrpcClientProtocolClient.java:onNext(264)) - client-1A924A56FEAD->69a71f03-bd49-4dcf-a91a-b858634f7ca8: receive RaftClientReply:client-1A924A56FEAD->69a71f03-bd49-4dcf-a91a-b858634f7ca8@group-4E1E24F5414E, cid=16, FAILED org.apache.ratis.protocol.NotLeaderException: Server 69a71f03-bd49-4dcf-a91a-b858634f7ca8@group-4E1E24F5414E is not the leader 1a989eca-a026-4062-a574-e52a85f9a2a4:192.168.34.12:35514, logIndex=0, commits[69a71f03-bd49-4dcf-a91a-b858634f7ca8:c6, 4bd4e05e-fa44-45f4-99bb-ac21c4078a41:c4, 1a989eca-a026-4062-a574-e52a85f9a2a4:c6]
2019-09-11 07:00:47,357 [org.apache.ratis.server.impl.LogAppender$AppenderDaemon$$Lambda$511/1624611919@61e3130c] ERROR ratis.XceiverServerRatis (XceiverServerRatis.java:triggerPipelineClose(568)) - pipeline Action CLOSE  on pipeline PipelineID=3bf2ead7-e111-4ba5-a3e3-4e1e24f5414e.Reason : 1a989eca-a026-4062-a574-e52a85f9a2a4 has not seen follower/s 69a71f03-bd49-4dcf-a91a-b858634f7ca8 for 168396ms 4bd4e05e-fa44-45f4-99bb-ac21c4078a41 for 168396ms
2019-09-11 07:00:47,357 [org.apache.ratis.server.impl.LogAppender$AppenderDaemon$$Lambda$511/1624611919@309dfab0] ERROR ratis.XceiverServerRatis (XceiverServerRatis.java:triggerPipelineClose(568)) - pipeline Action CLOSE  on pipeline PipelineID=3bf2ead7-e111-4ba5-a3e3-4e1e24f5414e.Reason : 1a989eca-a026-4062-a574-e52a85f9a2a4 has not seen follower/s 69a71f03-bd49-4dcf-a91a-b858634f7ca8 for 168396ms 4bd4e05e-fa44-45f4-99bb-ac21c4078a41 for 168396ms
2019-09-11 07:00:47,855 [java.util.concurrent.ThreadPoolExecutor$Worker@6ef3d61[State = -1, empty queue]] WARN  server.GrpcLogAppender (GrpcLogAppender.java:timeoutAppendRequest(200)) - 1a989eca-a026-4062-a574-e52a85f9a2a4@group-4E1E24F5414E->69a71f03-bd49-4dcf-a91a-b858634f7ca8-GrpcLogAppender: appendEntries Timeout, request=1a989eca-a026-4062-a574-e52a85f9a2a4->69a71f03-bd49-4dcf-a91a-b858634f7ca8#79-t1, previous=(t:1, i:12), leaderCommit=6, initializing? false, entries: <empty>
2019-09-11 07:00:47,855 [java.util.concurrent.ThreadPoolExecutor$Worker@fe28b1[State = -1, empty queue]] WARN  server.GrpcLogAppender (GrpcLogAppender.java:timeoutAppendRequest(200)) - 1a989eca-a026-4062-a574-e52a85f9a2a4@group-4E1E24F5414E->4bd4e05e-fa44-45f4-99bb-ac21c4078a41-GrpcLogAppender: appendEntries Timeout, request=1a989eca-a026-4062-a574-e52a85f9a2a4->4bd4e05e-fa44-45f4-99bb-ac21c4078a41#79-t1, previous=(t:1, i:12), leaderCommit=6, initializing? false, entries: <empty>
2019-09-11 07:00:48,338 [EventQueue-PipelineActionsForPipelineActionHandler] ERROR pipeline.PipelineActionHandler (PipelineActionHandler.java:onMessage(60)) - Received pipeline action CLOSE for Pipeline[ Id: 3bf2ead7-e111-4ba5-a3e3-4e1e24f5414e, Nodes: 1a989eca-a026-4062-a574-e52a85f9a2a4{ip: 192.168.34.12, host: pr-hdds-2106-8t9qr-763259812, networkLocation: /default-rack, certSerialId: null}4bd4e05e-fa44-45f4-99bb-ac21c4078a41{ip: 192.168.34.12, host: pr-hdds-2106-8t9qr-763259812, networkLocation: /default-rack, certSerialId: null}69a71f03-bd49-4dcf-a91a-b858634f7ca8{ip: 192.168.34.12, host: pr-hdds-2106-8t9qr-763259812, networkLocation: /default-rack, certSerialId: null}, Type:RATIS, Factor:THREE, State:CLOSED] from datanode 1a989eca-a026-4062-a574-e52a85f9a2a4{ip: 192.168.34.12, host: pr-hdds-2106-8t9qr-763259812, networkLocation: /default-rack, certSerialId: null}. Reason : 1a989eca-a026-4062-a574-e52a85f9a2a4 has not seen follower/s 69a71f03-bd49-4dcf-a91a-b858634f7ca8 for 168396ms 4bd4e05e-fa44-45f4-99bb-ac21c4078a41 for 168396ms
2019-09-11 07:00:48,338 [EventQueue-PipelineActionsForPipelineActionHandler] INFO  pipeline.SCMPipelineManager (SCMPipelineManager.java:finalizeAndDestroyPipeline(311)) - destroying pipeline:Pipeline[ Id: 3bf2ead7-e111-4ba5-a3e3-4e1e24f5414e, Nodes: 1a989eca-a026-4062-a574-e52a85f9a2a4{ip: 192.168.34.12, host: pr-hdds-2106-8t9qr-763259812, networkLocation: /default-rack, certSerialId: null}4bd4e05e-fa44-45f4-99bb-ac21c4078a41{ip: 192.168.34.12, host: pr-hdds-2106-8t9qr-763259812, networkLocation: /default-rack, certSerialId: null}69a71f03-bd49-4dcf-a91a-b858634f7ca8{ip: 192.168.34.12, host: pr-hdds-2106-8t9qr-763259812, networkLocation: /default-rack, certSerialId: null}, Type:RATIS, Factor:THREE, State:CLOSED]
2019-09-11 07:00:49,251 [1a989eca-a026-4062-a574-e52a85f9a2a4@group-4E1E24F5414E-SegmentedRaftLogWorker] WARN  segmented.SegmentedRaftLogWorker (SegmentedRaftLogWorker.java:getFromFuture(90)) - Timeout 16/~
org.apache.ratis.protocol.TimeoutIOException: Timeout 10s: WriteLog:7: (t:1, i:7), STATEMACHINELOGENTRY, client-1A924A56FEAD, cid=16-writeStateMachineData
	at org.apache.ratis.util.IOUtils.getFromFuture(IOUtils.java:87)
	at org.apache.ratis.server.raftlog.segmented.SegmentedRaftLogWorker$StateMachineDataPolicy.getFromFuture(SegmentedRaftLogWorker.java:87)
	at org.apache.ratis.server.raftlog.segmented.SegmentedRaftLogWorker$WriteLog.execute(SegmentedRaftLogWorker.java:477)
	at org.apache.ratis.server.raftlog.segmented.SegmentedRaftLogWorker.run(SegmentedRaftLogWorker.java:289)
	at java.lang.Thread.run(Thread.java:748)
Caused by: java.util.concurrent.TimeoutException
	at java.util.concurrent.CompletableFuture.timedGet(CompletableFuture.java:1771)
	at java.util.concurrent.CompletableFuture.get(CompletableFuture.java:1915)
	at org.apache.ratis.util.IOUtils.getFromFuture(IOUtils.java:79)
	... 4 more
2019-09-11 07:00:49,337 [4bd4e05e-fa44-45f4-99bb-ac21c4078a41@group-4E1E24F5414E-SegmentedRaftLogWorker] WARN  segmented.SegmentedRaftLogWorker (SegmentedRaftLogWorker.java:getFromFuture(90)) - Timeout 16/~
org.apache.ratis.protocol.TimeoutIOException: Timeout 10s: WriteLog:8: (t:1, i:8), STATEMACHINELOGENTRY, client-1A924A56FEAD, cid=17-writeStateMachineData
	at org.apache.ratis.util.IOUtils.getFromFuture(IOUtils.java:87)
	at org.apache.ratis.server.raftlog.segmented.SegmentedRaftLogWorker$StateMachineDataPolicy.getFromFuture(SegmentedRaftLogWorker.java:87)
	at org.apache.ratis.server.raftlog.segmented.SegmentedRaftLogWorker$WriteLog.execute(SegmentedRaftLogWorker.java:477)
	at org.apache.ratis.server.raftlog.segmented.SegmentedRaftLogWorker.run(SegmentedRaftLogWorker.java:289)
	at java.lang.Thread.run(Thread.java:748)
Caused by: java.util.concurrent.TimeoutException
	at java.util.concurrent.CompletableFuture.timedGet(CompletableFuture.java:1771)
	at java.util.concurrent.CompletableFuture.get(CompletableFuture.java:1915)
	at org.apache.ratis.util.IOUtils.getFromFuture(IOUtils.java:79)
	... 4 more
2019-09-11 07:00:49,337 [69a71f03-bd49-4dcf-a91a-b858634f7ca8@group-4E1E24F5414E-SegmentedRaftLogWorker] WARN  segmented.SegmentedRaftLogWorker (SegmentedRaftLogWorker.java:getFromFuture(90)) - Timeout 16/~
org.apache.ratis.protocol.TimeoutIOException: Timeout 10s: WriteLog:8: (t:1, i:8), STATEMACHINELOGENTRY, client-1A924A56FEAD, cid=17-writeStateMachineData
	at org.apache.ratis.util.IOUtils.getFromFuture(IOUtils.java:87)
	at org.apache.ratis.server.raftlog.segmented.SegmentedRaftLogWorker$StateMachineDataPolicy.getFromFuture(SegmentedRaftLogWorker.java:87)
	at org.apache.ratis.server.raftlog.segmented.SegmentedRaftLogWorker$WriteLog.execute(SegmentedRaftLogWorker.java:477)
	at org.apache.ratis.server.raftlog.segmented.SegmentedRaftLogWorker.run(SegmentedRaftLogWorker.java:289)
	at java.lang.Thread.run(Thread.java:748)
Caused by: java.util.concurrent.TimeoutException
	at java.util.concurrent.CompletableFuture.timedGet(CompletableFuture.java:1771)
	at java.util.concurrent.CompletableFuture.get(CompletableFuture.java:1915)
	at org.apache.ratis.util.IOUtils.getFromFuture(IOUtils.java:79)
	... 4 more
2019-09-11 07:00:49,858 [org.apache.ratis.server.impl.LogAppender$AppenderDaemon$$Lambda$511/1624611919@61e3130c] ERROR ratis.XceiverServerRatis (XceiverServerRatis.java:triggerPipelineClose(568)) - pipeline Action CLOSE  on pipeline PipelineID=3bf2ead7-e111-4ba5-a3e3-4e1e24f5414e.Reason : 1a989eca-a026-4062-a574-e52a85f9a2a4 has not seen follower/s 69a71f03-bd49-4dcf-a91a-b858634f7ca8 for 170896ms 4bd4e05e-fa44-45f4-99bb-ac21c4078a41 for 170897ms
2019-09-11 07:00:49,858 [org.apache.ratis.server.impl.LogAppender$AppenderDaemon$$Lambda$511/1624611919@309dfab0] ERROR ratis.XceiverServerRatis (XceiverServerRatis.java:triggerPipelineClose(568)) - pipeline Action CLOSE  on pipeline PipelineID=3bf2ead7-e111-4ba5-a3e3-4e1e24f5414e.Reason : 1a989eca-a026-4062-a574-e52a85f9a2a4 has not seen follower/s 69a71f03-bd49-4dcf-a91a-b858634f7ca8 for 170896ms 4bd4e05e-fa44-45f4-99bb-ac21c4078a41 for 170897ms
2019-09-11 07:00:50,337 [EventQueue-PipelineActionsForPipelineActionHandler] ERROR pipeline.PipelineActionHandler (PipelineActionHandler.java:onMessage(60)) - Received pipeline action CLOSE for Pipeline[ Id: 3bf2ead7-e111-4ba5-a3e3-4e1e24f5414e, Nodes: 1a989eca-a026-4062-a574-e52a85f9a2a4{ip: 192.168.34.12, host: pr-hdds-2106-8t9qr-763259812, networkLocation: /default-rack, certSerialId: null}4bd4e05e-fa44-45f4-99bb-ac21c4078a41{ip: 192.168.34.12, host: pr-hdds-2106-8t9qr-763259812, networkLocation: /default-rack, certSerialId: null}69a71f03-bd49-4dcf-a91a-b858634f7ca8{ip: 192.168.34.12, host: pr-hdds-2106-8t9qr-763259812, networkLocation: /default-rack, certSerialId: null}, Type:RATIS, Factor:THREE, State:CLOSED] from datanode 1a989eca-a026-4062-a574-e52a85f9a2a4{ip: 192.168.34.12, host: pr-hdds-2106-8t9qr-763259812, networkLocation: /default-rack, certSerialId: null}. Reason : 1a989eca-a026-4062-a574-e52a85f9a2a4 has not seen follower/s 69a71f03-bd49-4dcf-a91a-b858634f7ca8 for 170896ms 4bd4e05e-fa44-45f4-99bb-ac21c4078a41 for 170897ms
2019-09-11 07:00:50,338 [EventQueue-PipelineActionsForPipelineActionHandler] INFO  pipeline.SCMPipelineManager (SCMPipelineManager.java:finalizeAndDestroyPipeline(311)) - destroying pipeline:Pipeline[ Id: 3bf2ead7-e111-4ba5-a3e3-4e1e24f5414e, Nodes: 1a989eca-a026-4062-a574-e52a85f9a2a4{ip: 192.168.34.12, host: pr-hdds-2106-8t9qr-763259812, networkLocation: /default-rack, certSerialId: null}4bd4e05e-fa44-45f4-99bb-ac21c4078a41{ip: 192.168.34.12, host: pr-hdds-2106-8t9qr-763259812, networkLocation: /default-rack, certSerialId: null}69a71f03-bd49-4dcf-a91a-b858634f7ca8{ip: 192.168.34.12, host: pr-hdds-2106-8t9qr-763259812, networkLocation: /default-rack, certSerialId: null}, Type:RATIS, Factor:THREE, State:CLOSED]
2019-09-11 07:00:50,357 [java.util.concurrent.ThreadPoolExecutor$Worker@fe28b1[State = -1, empty queue]] WARN  server.GrpcLogAppender (GrpcLogAppender.java:timeoutAppendRequest(200)) - 1a989eca-a026-4062-a574-e52a85f9a2a4@group-4E1E24F5414E->4bd4e05e-fa44-45f4-99bb-ac21c4078a41-GrpcLogAppender: appendEntries Timeout, request=1a989eca-a026-4062-a574-e52a85f9a2a4->4bd4e05e-fa44-45f4-99bb-ac21c4078a41#80-t1, previous=(t:1, i:12), leaderCommit=6, initializing? false, entries: <empty>
2019-09-11 07:00:50,357 [java.util.concurrent.ThreadPoolExecutor$Worker@6ef3d61[State = -1, empty queue]] WARN  server.GrpcLogAppender (GrpcLogAppender.java:timeoutAppendRequest(200)) - 1a989eca-a026-4062-a574-e52a85f9a2a4@group-4E1E24F5414E->69a71f03-bd49-4dcf-a91a-b858634f7ca8-GrpcLogAppender: appendEntries Timeout, request=1a989eca-a026-4062-a574-e52a85f9a2a4->69a71f03-bd49-4dcf-a91a-b858634f7ca8#80-t1, previous=(t:1, i:12), leaderCommit=6, initializing? false, entries: <empty>
2019-09-11 07:00:51,402 [grpc-default-executor-0] INFO  client.GrpcClientProtocolClient (GrpcClientProtocolClient.java:onNext(264)) - client-1A924A56FEAD->4bd4e05e-fa44-45f4-99bb-ac21c4078a41: receive RaftClientReply:client-1A924A56FEAD->4bd4e05e-fa44-45f4-99bb-ac21c4078a41@group-4E1E24F5414E, cid=16, FAILED org.apache.ratis.protocol.NotLeaderException: Server 4bd4e05e-fa44-45f4-99bb-ac21c4078a41@group-4E1E24F5414E is not the leader 1a989eca-a026-4062-a574-e52a85f9a2a4:192.168.34.12:35514, logIndex=0, commits[4bd4e05e-fa44-45f4-99bb-ac21c4078a41:c6, 69a71f03-bd49-4dcf-a91a-b858634f7ca8:c4, 1a989eca-a026-4062-a574-e52a85f9a2a4:c6]
2019-09-11 07:00:52,359 [org.apache.ratis.server.impl.LogAppender$AppenderDaemon$$Lambda$511/1624611919@61e3130c] ERROR ratis.XceiverServerRatis (XceiverServerRatis.java:triggerPipelineClose(568)) - pipeline Action CLOSE  on pipeline PipelineID=3bf2ead7-e111-4ba5-a3e3-4e1e24f5414e.Reason : 1a989eca-a026-4062-a574-e52a85f9a2a4 has not seen follower/s 69a71f03-bd49-4dcf-a91a-b858634f7ca8 for 173397ms 4bd4e05e-fa44-45f4-99bb-ac21c4078a41 for 173398ms
2019-09-11 07:00:52,359 [org.apache.ratis.server.impl.LogAppender$AppenderDaemon$$Lambda$511/1624611919@309dfab0] ERROR ratis.XceiverServerRatis (XceiverServerRatis.java:triggerPipelineClose(568)) - pipeline Action CLOSE  on pipeline PipelineID=3bf2ead7-e111-4ba5-a3e3-4e1e24f5414e.Reason : 1a989eca-a026-4062-a574-e52a85f9a2a4 has not seen follower/s 69a71f03-bd49-4dcf-a91a-b858634f7ca8 for 173397ms 4bd4e05e-fa44-45f4-99bb-ac21c4078a41 for 173398ms
2019-09-11 07:00:52,858 [java.util.concurrent.ThreadPoolExecutor$Worker@6ef3d61[State = -1, empty queue]] WARN  server.GrpcLogAppender (GrpcLogAppender.java:timeoutAppendRequest(200)) - 1a989eca-a026-4062-a574-e52a85f9a2a4@group-4E1E24F5414E->69a71f03-bd49-4dcf-a91a-b858634f7ca8-GrpcLogAppender: appendEntries Timeout, request=1a989eca-a026-4062-a574-e52a85f9a2a4->69a71f03-bd49-4dcf-a91a-b858634f7ca8#81-t1, previous=(t:1, i:12), leaderCommit=6, initializing? false, entries: <empty>
2019-09-11 07:00:52,858 [java.util.concurrent.ThreadPoolExecutor$Worker@fe28b1[State = -1, empty queue]] WARN  server.GrpcLogAppender (GrpcLogAppender.java:timeoutAppendRequest(200)) - 1a989eca-a026-4062-a574-e52a85f9a2a4@group-4E1E24F5414E->4bd4e05e-fa44-45f4-99bb-ac21c4078a41-GrpcLogAppender: appendEntries Timeout, request=1a989eca-a026-4062-a574-e52a85f9a2a4->4bd4e05e-fa44-45f4-99bb-ac21c4078a41#81-t1, previous=(t:1, i:12), leaderCommit=6, initializing? false, entries: <empty>
2019-09-11 07:00:53,338 [EventQueue-PipelineActionsForPipelineActionHandler] ERROR pipeline.PipelineActionHandler (PipelineActionHandler.java:onMessage(60)) - Received pipeline action CLOSE for Pipeline[ Id: 3bf2ead7-e111-4ba5-a3e3-4e1e24f5414e, Nodes: 1a989eca-a026-4062-a574-e52a85f9a2a4{ip: 192.168.34.12, host: pr-hdds-2106-8t9qr-763259812, networkLocation: /default-rack, certSerialId: null}4bd4e05e-fa44-45f4-99bb-ac21c4078a41{ip: 192.168.34.12, host: pr-hdds-2106-8t9qr-763259812, networkLocation: /default-rack, certSerialId: null}69a71f03-bd49-4dcf-a91a-b858634f7ca8{ip: 192.168.34.12, host: pr-hdds-2106-8t9qr-763259812, networkLocation: /default-rack, certSerialId: null}, Type:RATIS, Factor:THREE, State:CLOSED] from datanode 1a989eca-a026-4062-a574-e52a85f9a2a4{ip: 192.168.34.12, host: pr-hdds-2106-8t9qr-763259812, networkLocation: /default-rack, certSerialId: null}. Reason : 1a989eca-a026-4062-a574-e52a85f9a2a4 has not seen follower/s 69a71f03-bd49-4dcf-a91a-b858634f7ca8 for 173397ms 4bd4e05e-fa44-45f4-99bb-ac21c4078a41 for 173398ms
2019-09-11 07:00:53,338 [EventQueue-PipelineActionsForPipelineActionHandler] INFO  pipeline.SCMPipelineManager (SCMPipelineManager.java:finalizeAndDestroyPipeline(311)) - destroying pipeline:Pipeline[ Id: 3bf2ead7-e111-4ba5-a3e3-4e1e24f5414e, Nodes: 1a989eca-a026-4062-a574-e52a85f9a2a4{ip: 192.168.34.12, host: pr-hdds-2106-8t9qr-763259812, networkLocation: /default-rack, certSerialId: null}4bd4e05e-fa44-45f4-99bb-ac21c4078a41{ip: 192.168.34.12, host: pr-hdds-2106-8t9qr-763259812, networkLocation: /default-rack, certSerialId: null}69a71f03-bd49-4dcf-a91a-b858634f7ca8{ip: 192.168.34.12, host: pr-hdds-2106-8t9qr-763259812, networkLocation: /default-rack, certSerialId: null}, Type:RATIS, Factor:THREE, State:CLOSED]
2019-09-11 07:00:54,860 [org.apache.ratis.server.impl.LogAppender$AppenderDaemon$$Lambda$511/1624611919@61e3130c] ERROR ratis.XceiverServerRatis (XceiverServerRatis.java:triggerPipelineClose(568)) - pipeline Action CLOSE  on pipeline PipelineID=3bf2ead7-e111-4ba5-a3e3-4e1e24f5414e.Reason : 1a989eca-a026-4062-a574-e52a85f9a2a4 has not seen follower/s 69a71f03-bd49-4dcf-a91a-b858634f7ca8 for 175899ms 4bd4e05e-fa44-45f4-99bb-ac21c4078a41 for 175900ms
2019-09-11 07:00:54,860 [org.apache.ratis.server.impl.LogAppender$AppenderDaemon$$Lambda$511/1624611919@309dfab0] ERROR ratis.XceiverServerRatis (XceiverServerRatis.java:triggerPipelineClose(568)) - pipeline Action CLOSE  on pipeline PipelineID=3bf2ead7-e111-4ba5-a3e3-4e1e24f5414e.Reason : 1a989eca-a026-4062-a574-e52a85f9a2a4 has not seen follower/s 69a71f03-bd49-4dcf-a91a-b858634f7ca8 for 175899ms 4bd4e05e-fa44-45f4-99bb-ac21c4078a41 for 175900ms
2019-09-11 07:00:55,338 [EventQueue-PipelineActionsForPipelineActionHandler] ERROR pipeline.PipelineActionHandler (PipelineActionHandler.java:onMessage(60)) - Received pipeline action CLOSE for Pipeline[ Id: 3bf2ead7-e111-4ba5-a3e3-4e1e24f5414e, Nodes: 1a989eca-a026-4062-a574-e52a85f9a2a4{ip: 192.168.34.12, host: pr-hdds-2106-8t9qr-763259812, networkLocation: /default-rack, certSerialId: null}4bd4e05e-fa44-45f4-99bb-ac21c4078a41{ip: 192.168.34.12, host: pr-hdds-2106-8t9qr-763259812, networkLocation: /default-rack, certSerialId: null}69a71f03-bd49-4dcf-a91a-b858634f7ca8{ip: 192.168.34.12, host: pr-hdds-2106-8t9qr-763259812, networkLocation: /default-rack, certSerialId: null}, Type:RATIS, Factor:THREE, State:CLOSED] from datanode 1a989eca-a026-4062-a574-e52a85f9a2a4{ip: 192.168.34.12, host: pr-hdds-2106-8t9qr-763259812, networkLocation: /default-rack, certSerialId: null}. Reason : 1a989eca-a026-4062-a574-e52a85f9a2a4 has not seen follower/s 69a71f03-bd49-4dcf-a91a-b858634f7ca8 for 175899ms 4bd4e05e-fa44-45f4-99bb-ac21c4078a41 for 175900ms
2019-09-11 07:00:55,339 [EventQueue-PipelineActionsForPipelineActionHandler] INFO  pipeline.SCMPipelineManager (SCMPipelineManager.java:finalizeAndDestroyPipeline(311)) - destroying pipeline:Pipeline[ Id: 3bf2ead7-e111-4ba5-a3e3-4e1e24f5414e, Nodes: 1a989eca-a026-4062-a574-e52a85f9a2a4{ip: 192.168.34.12, host: pr-hdds-2106-8t9qr-763259812, networkLocation: /default-rack, certSerialId: null}4bd4e05e-fa44-45f4-99bb-ac21c4078a41{ip: 192.168.34.12, host: pr-hdds-2106-8t9qr-763259812, networkLocation: /default-rack, certSerialId: null}69a71f03-bd49-4dcf-a91a-b858634f7ca8{ip: 192.168.34.12, host: pr-hdds-2106-8t9qr-763259812, networkLocation: /default-rack, certSerialId: null}, Type:RATIS, Factor:THREE, State:CLOSED]
2019-09-11 07:00:55,359 [java.util.concurrent.ThreadPoolExecutor$Worker@fe28b1[State = -1, empty queue]] WARN  server.GrpcLogAppender (GrpcLogAppender.java:timeoutAppendRequest(200)) - 1a989eca-a026-4062-a574-e52a85f9a2a4@group-4E1E24F5414E->4bd4e05e-fa44-45f4-99bb-ac21c4078a41-GrpcLogAppender: appendEntries Timeout, request=1a989eca-a026-4062-a574-e52a85f9a2a4->4bd4e05e-fa44-45f4-99bb-ac21c4078a41#82-t1, previous=(t:1, i:12), leaderCommit=6, initializing? false, entries: <empty>
2019-09-11 07:00:55,359 [java.util.concurrent.ThreadPoolExecutor$Worker@6ef3d61[State = -1, empty queue]] WARN  server.GrpcLogAppender (GrpcLogAppender.java:timeoutAppendRequest(200)) - 1a989eca-a026-4062-a574-e52a85f9a2a4@group-4E1E24F5414E->69a71f03-bd49-4dcf-a91a-b858634f7ca8-GrpcLogAppender: appendEntries Timeout, request=1a989eca-a026-4062-a574-e52a85f9a2a4->69a71f03-bd49-4dcf-a91a-b858634f7ca8#82-t1, previous=(t:1, i:12), leaderCommit=6, initializing? false, entries: <empty>
2019-09-11 07:00:56,464 [grpc-default-executor-0] INFO  client.GrpcClientProtocolClient (GrpcClientProtocolClient.java:onNext(264)) - client-1A924A56FEAD->4bd4e05e-fa44-45f4-99bb-ac21c4078a41: receive RaftClientReply:client-1A924A56FEAD->4bd4e05e-fa44-45f4-99bb-ac21c4078a41@group-4E1E24F5414E, cid=16, FAILED org.apache.ratis.protocol.NotLeaderException: Server 4bd4e05e-fa44-45f4-99bb-ac21c4078a41@group-4E1E24F5414E is not the leader 1a989eca-a026-4062-a574-e52a85f9a2a4:192.168.34.12:35514, logIndex=0, commits[4bd4e05e-fa44-45f4-99bb-ac21c4078a41:c6, 69a71f03-bd49-4dcf-a91a-b858634f7ca8:c4, 1a989eca-a026-4062-a574-e52a85f9a2a4:c6]
2019-09-11 07:00:57,362 [org.apache.ratis.server.impl.LogAppender$AppenderDaemon$$Lambda$511/1624611919@309dfab0] ERROR ratis.XceiverServerRatis (XceiverServerRatis.java:triggerPipelineClose(568)) - pipeline Action CLOSE  on pipeline PipelineID=3bf2ead7-e111-4ba5-a3e3-4e1e24f5414e.Reason : 1a989eca-a026-4062-a574-e52a85f9a2a4 has not seen follower/s 69a71f03-bd49-4dcf-a91a-b858634f7ca8 for 178400ms 4bd4e05e-fa44-45f4-99bb-ac21c4078a41 for 178401ms
2019-09-11 07:00:57,362 [org.apache.ratis.server.impl.LogAppender$AppenderDaemon$$Lambda$511/1624611919@61e3130c] ERROR ratis.XceiverServerRatis (XceiverServerRatis.java:triggerPipelineClose(568)) - pipeline Action CLOSE  on pipeline PipelineID=3bf2ead7-e111-4ba5-a3e3-4e1e24f5414e.Reason : 1a989eca-a026-4062-a574-e52a85f9a2a4 has not seen follower/s 69a71f03-bd49-4dcf-a91a-b858634f7ca8 for 178400ms 4bd4e05e-fa44-45f4-99bb-ac21c4078a41 for 178401ms
2019-09-11 07:00:57,860 [java.util.concurrent.ThreadPoolExecutor$Worker@fe28b1[State = -1, empty queue]] WARN  server.GrpcLogAppender (GrpcLogAppender.java:timeoutAppendRequest(200)) - 1a989eca-a026-4062-a574-e52a85f9a2a4@group-4E1E24F5414E->4bd4e05e-fa44-45f4-99bb-ac21c4078a41-GrpcLogAppender: appendEntries Timeout, request=1a989eca-a026-4062-a574-e52a85f9a2a4->4bd4e05e-fa44-45f4-99bb-ac21c4078a41#83-t1, previous=(t:1, i:12), leaderCommit=6, initializing? false, entries: <empty>
2019-09-11 07:00:57,860 [java.util.concurrent.ThreadPoolExecutor$Worker@6ef3d61[State = -1, empty queue]] WARN  server.GrpcLogAppender (GrpcLogAppender.java:timeoutAppendRequest(200)) - 1a989eca-a026-4062-a574-e52a85f9a2a4@group-4E1E24F5414E->69a71f03-bd49-4dcf-a91a-b858634f7ca8-GrpcLogAppender: appendEntries Timeout, request=1a989eca-a026-4062-a574-e52a85f9a2a4->69a71f03-bd49-4dcf-a91a-b858634f7ca8#83-t1, previous=(t:1, i:12), leaderCommit=6, initializing? false, entries: <empty>
2019-09-11 07:00:58,339 [EventQueue-PipelineActionsForPipelineActionHandler] ERROR pipeline.PipelineActionHandler (PipelineActionHandler.java:onMessage(60)) - Received pipeline action CLOSE for Pipeline[ Id: 3bf2ead7-e111-4ba5-a3e3-4e1e24f5414e, Nodes: 1a989eca-a026-4062-a574-e52a85f9a2a4{ip: 192.168.34.12, host: pr-hdds-2106-8t9qr-763259812, networkLocation: /default-rack, certSerialId: null}4bd4e05e-fa44-45f4-99bb-ac21c4078a41{ip: 192.168.34.12, host: pr-hdds-2106-8t9qr-763259812, networkLocation: /default-rack, certSerialId: null}69a71f03-bd49-4dcf-a91a-b858634f7ca8{ip: 192.168.34.12, host: pr-hdds-2106-8t9qr-763259812, networkLocation: /default-rack, certSerialId: null}, Type:RATIS, Factor:THREE, State:CLOSED] from datanode 1a989eca-a026-4062-a574-e52a85f9a2a4{ip: 192.168.34.12, host: pr-hdds-2106-8t9qr-763259812, networkLocation: /default-rack, certSerialId: null}. Reason : 1a989eca-a026-4062-a574-e52a85f9a2a4 has not seen follower/s 69a71f03-bd49-4dcf-a91a-b858634f7ca8 for 178400ms 4bd4e05e-fa44-45f4-99bb-ac21c4078a41 for 178401ms
2019-09-11 07:00:58,340 [EventQueue-PipelineActionsForPipelineActionHandler] INFO  pipeline.SCMPipelineManager (SCMPipelineManager.java:finalizeAndDestroyPipeline(311)) - destroying pipeline:Pipeline[ Id: 3bf2ead7-e111-4ba5-a3e3-4e1e24f5414e, Nodes: 1a989eca-a026-4062-a574-e52a85f9a2a4{ip: 192.168.34.12, host: pr-hdds-2106-8t9qr-763259812, networkLocation: /default-rack, certSerialId: null}4bd4e05e-fa44-45f4-99bb-ac21c4078a41{ip: 192.168.34.12, host: pr-hdds-2106-8t9qr-763259812, networkLocation: /default-rack, certSerialId: null}69a71f03-bd49-4dcf-a91a-b858634f7ca8{ip: 192.168.34.12, host: pr-hdds-2106-8t9qr-763259812, networkLocation: /default-rack, certSerialId: null}, Type:RATIS, Factor:THREE, State:CLOSED]
2019-09-11 07:00:59,252 [1a989eca-a026-4062-a574-e52a85f9a2a4@group-4E1E24F5414E-SegmentedRaftLogWorker] WARN  segmented.SegmentedRaftLogWorker (SegmentedRaftLogWorker.java:getFromFuture(90)) - Timeout 17/~
org.apache.ratis.protocol.TimeoutIOException: Timeout 10s: WriteLog:7: (t:1, i:7), STATEMACHINELOGENTRY, client-1A924A56FEAD, cid=16-writeStateMachineData
	at org.apache.ratis.util.IOUtils.getFromFuture(IOUtils.java:87)
	at org.apache.ratis.server.raftlog.segmented.SegmentedRaftLogWorker$StateMachineDataPolicy.getFromFuture(SegmentedRaftLogWorker.java:87)
	at org.apache.ratis.server.raftlog.segmented.SegmentedRaftLogWorker$WriteLog.execute(SegmentedRaftLogWorker.java:477)
	at org.apache.ratis.server.raftlog.segmented.SegmentedRaftLogWorker.run(SegmentedRaftLogWorker.java:289)
	at java.lang.Thread.run(Thread.java:748)
Caused by: java.util.concurrent.TimeoutException
	at java.util.concurrent.CompletableFuture.timedGet(CompletableFuture.java:1771)
	at java.util.concurrent.CompletableFuture.get(CompletableFuture.java:1915)
	at org.apache.ratis.util.IOUtils.getFromFuture(IOUtils.java:79)
	... 4 more
2019-09-11 07:00:59,338 [4bd4e05e-fa44-45f4-99bb-ac21c4078a41@group-4E1E24F5414E-SegmentedRaftLogWorker] WARN  segmented.SegmentedRaftLogWorker (SegmentedRaftLogWorker.java:getFromFuture(90)) - Timeout 17/~
org.apache.ratis.protocol.TimeoutIOException: Timeout 10s: WriteLog:8: (t:1, i:8), STATEMACHINELOGENTRY, client-1A924A56FEAD, cid=17-writeStateMachineData
	at org.apache.ratis.util.IOUtils.getFromFuture(IOUtils.java:87)
	at org.apache.ratis.server.raftlog.segmented.SegmentedRaftLogWorker$StateMachineDataPolicy.getFromFuture(SegmentedRaftLogWorker.java:87)
	at org.apache.ratis.server.raftlog.segmented.SegmentedRaftLogWorker$WriteLog.execute(SegmentedRaftLogWorker.java:477)
	at org.apache.ratis.server.raftlog.segmented.SegmentedRaftLogWorker.run(SegmentedRaftLogWorker.java:289)
	at java.lang.Thread.run(Thread.java:748)
Caused by: java.util.concurrent.TimeoutException
	at java.util.concurrent.CompletableFuture.timedGet(CompletableFuture.java:1771)
	at java.util.concurrent.CompletableFuture.get(CompletableFuture.java:1915)
	at org.apache.ratis.util.IOUtils.getFromFuture(IOUtils.java:79)
	... 4 more
2019-09-11 07:00:59,338 [69a71f03-bd49-4dcf-a91a-b858634f7ca8@group-4E1E24F5414E-SegmentedRaftLogWorker] WARN  segmented.SegmentedRaftLogWorker (SegmentedRaftLogWorker.java:getFromFuture(90)) - Timeout 17/~
org.apache.ratis.protocol.TimeoutIOException: Timeout 10s: WriteLog:8: (t:1, i:8), STATEMACHINELOGENTRY, client-1A924A56FEAD, cid=17-writeStateMachineData
	at org.apache.ratis.util.IOUtils.getFromFuture(IOUtils.java:87)
	at org.apache.ratis.server.raftlog.segmented.SegmentedRaftLogWorker$StateMachineDataPolicy.getFromFuture(SegmentedRaftLogWorker.java:87)
	at org.apache.ratis.server.raftlog.segmented.SegmentedRaftLogWorker$WriteLog.execute(SegmentedRaftLogWorker.java:477)
	at org.apache.ratis.server.raftlog.segmented.SegmentedRaftLogWorker.run(SegmentedRaftLogWorker.java:289)
	at java.lang.Thread.run(Thread.java:748)
Caused by: java.util.concurrent.TimeoutException
	at java.util.concurrent.CompletableFuture.timedGet(CompletableFuture.java:1771)
	at java.util.concurrent.CompletableFuture.get(CompletableFuture.java:1915)
	at org.apache.ratis.util.IOUtils.getFromFuture(IOUtils.java:79)
	... 4 more
2019-09-11 07:00:59,865 [org.apache.ratis.server.impl.LogAppender$AppenderDaemon$$Lambda$511/1624611919@309dfab0] ERROR ratis.XceiverServerRatis (XceiverServerRatis.java:triggerPipelineClose(568)) - pipeline Action CLOSE  on pipeline PipelineID=3bf2ead7-e111-4ba5-a3e3-4e1e24f5414e.Reason : 1a989eca-a026-4062-a574-e52a85f9a2a4 has not seen follower/s 69a71f03-bd49-4dcf-a91a-b858634f7ca8 for 180903ms 4bd4e05e-fa44-45f4-99bb-ac21c4078a41 for 180904ms
2019-09-11 07:00:59,865 [org.apache.ratis.server.impl.LogAppender$AppenderDaemon$$Lambda$511/1624611919@61e3130c] ERROR ratis.XceiverServerRatis (XceiverServerRatis.java:triggerPipelineClose(568)) - pipeline Action CLOSE  on pipeline PipelineID=3bf2ead7-e111-4ba5-a3e3-4e1e24f5414e.Reason : 1a989eca-a026-4062-a574-e52a85f9a2a4 has not seen follower/s 69a71f03-bd49-4dcf-a91a-b858634f7ca8 for 180903ms 4bd4e05e-fa44-45f4-99bb-ac21c4078a41 for 180904ms
2019-09-11 07:01:00,339 [EventQueue-PipelineActionsForPipelineActionHandler] ERROR pipeline.PipelineActionHandler (PipelineActionHandler.java:onMessage(60)) - Received pipeline action CLOSE for Pipeline[ Id: 3bf2ead7-e111-4ba5-a3e3-4e1e24f5414e, Nodes: 1a989eca-a026-4062-a574-e52a85f9a2a4{ip: 192.168.34.12, host: pr-hdds-2106-8t9qr-763259812, networkLocation: /default-rack, certSerialId: null}4bd4e05e-fa44-45f4-99bb-ac21c4078a41{ip: 192.168.34.12, host: pr-hdds-2106-8t9qr-763259812, networkLocation: /default-rack, certSerialId: null}69a71f03-bd49-4dcf-a91a-b858634f7ca8{ip: 192.168.34.12, host: pr-hdds-2106-8t9qr-763259812, networkLocation: /default-rack, certSerialId: null}, Type:RATIS, Factor:THREE, State:CLOSED] from datanode 1a989eca-a026-4062-a574-e52a85f9a2a4{ip: 192.168.34.12, host: pr-hdds-2106-8t9qr-763259812, networkLocation: /default-rack, certSerialId: null}. Reason : 1a989eca-a026-4062-a574-e52a85f9a2a4 has not seen follower/s 69a71f03-bd49-4dcf-a91a-b858634f7ca8 for 180903ms 4bd4e05e-fa44-45f4-99bb-ac21c4078a41 for 180904ms
2019-09-11 07:01:00,340 [EventQueue-PipelineActionsForPipelineActionHandler] INFO  pipeline.SCMPipelineManager (SCMPipelineManager.java:finalizeAndDestroyPipeline(311)) - destroying pipeline:Pipeline[ Id: 3bf2ead7-e111-4ba5-a3e3-4e1e24f5414e, Nodes: 1a989eca-a026-4062-a574-e52a85f9a2a4{ip: 192.168.34.12, host: pr-hdds-2106-8t9qr-763259812, networkLocation: /default-rack, certSerialId: null}4bd4e05e-fa44-45f4-99bb-ac21c4078a41{ip: 192.168.34.12, host: pr-hdds-2106-8t9qr-763259812, networkLocation: /default-rack, certSerialId: null}69a71f03-bd49-4dcf-a91a-b858634f7ca8{ip: 192.168.34.12, host: pr-hdds-2106-8t9qr-763259812, networkLocation: /default-rack, certSerialId: null}, Type:RATIS, Factor:THREE, State:CLOSED]
2019-09-11 07:01:00,362 [java.util.concurrent.ThreadPoolExecutor$Worker@6ef3d61[State = -1, empty queue]] WARN  server.GrpcLogAppender (GrpcLogAppender.java:timeoutAppendRequest(200)) - 1a989eca-a026-4062-a574-e52a85f9a2a4@group-4E1E24F5414E->69a71f03-bd49-4dcf-a91a-b858634f7ca8-GrpcLogAppender: appendEntries Timeout, request=1a989eca-a026-4062-a574-e52a85f9a2a4->69a71f03-bd49-4dcf-a91a-b858634f7ca8#84-t1, previous=(t:1, i:12), leaderCommit=6, initializing? false, entries: <empty>
2019-09-11 07:01:00,362 [java.util.concurrent.ThreadPoolExecutor$Worker@fe28b1[State = -1, empty queue]] WARN  server.GrpcLogAppender (GrpcLogAppender.java:timeoutAppendRequest(200)) - 1a989eca-a026-4062-a574-e52a85f9a2a4@group-4E1E24F5414E->4bd4e05e-fa44-45f4-99bb-ac21c4078a41-GrpcLogAppender: appendEntries Timeout, request=1a989eca-a026-4062-a574-e52a85f9a2a4->4bd4e05e-fa44-45f4-99bb-ac21c4078a41#84-t1, previous=(t:1, i:12), leaderCommit=6, initializing? false, entries: <empty>
2019-09-11 07:01:01,515 [grpc-default-executor-1] INFO  client.GrpcClientProtocolClient (GrpcClientProtocolClient.java:onNext(264)) - client-1A924A56FEAD->69a71f03-bd49-4dcf-a91a-b858634f7ca8: receive RaftClientReply:client-1A924A56FEAD->69a71f03-bd49-4dcf-a91a-b858634f7ca8@group-4E1E24F5414E, cid=16, FAILED org.apache.ratis.protocol.NotLeaderException: Server 69a71f03-bd49-4dcf-a91a-b858634f7ca8@group-4E1E24F5414E is not the leader 1a989eca-a026-4062-a574-e52a85f9a2a4:192.168.34.12:35514, logIndex=0, commits[69a71f03-bd49-4dcf-a91a-b858634f7ca8:c6, 4bd4e05e-fa44-45f4-99bb-ac21c4078a41:c4, 1a989eca-a026-4062-a574-e52a85f9a2a4:c6]
2019-09-11 07:01:02,365 [org.apache.ratis.server.impl.LogAppender$AppenderDaemon$$Lambda$511/1624611919@61e3130c] ERROR ratis.XceiverServerRatis (XceiverServerRatis.java:triggerPipelineClose(568)) - pipeline Action CLOSE  on pipeline PipelineID=3bf2ead7-e111-4ba5-a3e3-4e1e24f5414e.Reason : 1a989eca-a026-4062-a574-e52a85f9a2a4 has not seen follower/s 69a71f03-bd49-4dcf-a91a-b858634f7ca8 for 183404ms 4bd4e05e-fa44-45f4-99bb-ac21c4078a41 for 183405ms
2019-09-11 07:01:02,365 [org.apache.ratis.server.impl.LogAppender$AppenderDaemon$$Lambda$511/1624611919@309dfab0] ERROR ratis.XceiverServerRatis (XceiverServerRatis.java:triggerPipelineClose(568)) - pipeline Action CLOSE  on pipeline PipelineID=3bf2ead7-e111-4ba5-a3e3-4e1e24f5414e.Reason : 1a989eca-a026-4062-a574-e52a85f9a2a4 has not seen follower/s 69a71f03-bd49-4dcf-a91a-b858634f7ca8 for 183404ms 4bd4e05e-fa44-45f4-99bb-ac21c4078a41 for 183405ms
2019-09-11 07:01:02,864 [java.util.concurrent.ThreadPoolExecutor$Worker@fe28b1[State = -1, empty queue]] WARN  server.GrpcLogAppender (GrpcLogAppender.java:timeoutAppendRequest(200)) - 1a989eca-a026-4062-a574-e52a85f9a2a4@group-4E1E24F5414E->4bd4e05e-fa44-45f4-99bb-ac21c4078a41-GrpcLogAppender: appendEntries Timeout, request=1a989eca-a026-4062-a574-e52a85f9a2a4->4bd4e05e-fa44-45f4-99bb-ac21c4078a41#85-t1, previous=(t:1, i:12), leaderCommit=6, initializing? false, entries: <empty>
2019-09-11 07:01:02,864 [java.util.concurrent.ThreadPoolExecutor$Worker@6ef3d61[State = -1, empty queue]] WARN  server.GrpcLogAppender (GrpcLogAppender.java:timeoutAppendRequest(200)) - 1a989eca-a026-4062-a574-e52a85f9a2a4@group-4E1E24F5414E->69a71f03-bd49-4dcf-a91a-b858634f7ca8-GrpcLogAppender: appendEntries Timeout, request=1a989eca-a026-4062-a574-e52a85f9a2a4->69a71f03-bd49-4dcf-a91a-b858634f7ca8#85-t1, previous=(t:1, i:12), leaderCommit=6, initializing? false, entries: <empty>
2019-09-11 07:01:03,339 [EventQueue-PipelineActionsForPipelineActionHandler] ERROR pipeline.PipelineActionHandler (PipelineActionHandler.java:onMessage(60)) - Received pipeline action CLOSE for Pipeline[ Id: 3bf2ead7-e111-4ba5-a3e3-4e1e24f5414e, Nodes: 1a989eca-a026-4062-a574-e52a85f9a2a4{ip: 192.168.34.12, host: pr-hdds-2106-8t9qr-763259812, networkLocation: /default-rack, certSerialId: null}4bd4e05e-fa44-45f4-99bb-ac21c4078a41{ip: 192.168.34.12, host: pr-hdds-2106-8t9qr-763259812, networkLocation: /default-rack, certSerialId: null}69a71f03-bd49-4dcf-a91a-b858634f7ca8{ip: 192.168.34.12, host: pr-hdds-2106-8t9qr-763259812, networkLocation: /default-rack, certSerialId: null}, Type:RATIS, Factor:THREE, State:CLOSED] from datanode 1a989eca-a026-4062-a574-e52a85f9a2a4{ip: 192.168.34.12, host: pr-hdds-2106-8t9qr-763259812, networkLocation: /default-rack, certSerialId: null}. Reason : 1a989eca-a026-4062-a574-e52a85f9a2a4 has not seen follower/s 69a71f03-bd49-4dcf-a91a-b858634f7ca8 for 183404ms 4bd4e05e-fa44-45f4-99bb-ac21c4078a41 for 183405ms
2019-09-11 07:01:03,340 [EventQueue-PipelineActionsForPipelineActionHandler] INFO  pipeline.SCMPipelineManager (SCMPipelineManager.java:finalizeAndDestroyPipeline(311)) - destroying pipeline:Pipeline[ Id: 3bf2ead7-e111-4ba5-a3e3-4e1e24f5414e, Nodes: 1a989eca-a026-4062-a574-e52a85f9a2a4{ip: 192.168.34.12, host: pr-hdds-2106-8t9qr-763259812, networkLocation: /default-rack, certSerialId: null}4bd4e05e-fa44-45f4-99bb-ac21c4078a41{ip: 192.168.34.12, host: pr-hdds-2106-8t9qr-763259812, networkLocation: /default-rack, certSerialId: null}69a71f03-bd49-4dcf-a91a-b858634f7ca8{ip: 192.168.34.12, host: pr-hdds-2106-8t9qr-763259812, networkLocation: /default-rack, certSerialId: null}, Type:RATIS, Factor:THREE, State:CLOSED]
2019-09-11 07:01:04,867 [org.apache.ratis.server.impl.LogAppender$AppenderDaemon$$Lambda$511/1624611919@309dfab0] ERROR ratis.XceiverServerRatis (XceiverServerRatis.java:triggerPipelineClose(568)) - pipeline Action CLOSE  on pipeline PipelineID=3bf2ead7-e111-4ba5-a3e3-4e1e24f5414e.Reason : 1a989eca-a026-4062-a574-e52a85f9a2a4 has not seen follower/s 69a71f03-bd49-4dcf-a91a-b858634f7ca8 for 185905ms 4bd4e05e-fa44-45f4-99bb-ac21c4078a41 for 185906ms
2019-09-11 07:01:04,867 [org.apache.ratis.server.impl.LogAppender$AppenderDaemon$$Lambda$511/1624611919@61e3130c] ERROR ratis.XceiverServerRatis (XceiverServerRatis.java:triggerPipelineClose(568)) - pipeline Action CLOSE  on pipeline PipelineID=3bf2ead7-e111-4ba5-a3e3-4e1e24f5414e.Reason : 1a989eca-a026-4062-a574-e52a85f9a2a4 has not seen follower/s 69a71f03-bd49-4dcf-a91a-b858634f7ca8 for 185905ms 4bd4e05e-fa44-45f4-99bb-ac21c4078a41 for 185906ms
2019-09-11 07:01:05,339 [EventQueue-PipelineActionsForPipelineActionHandler] ERROR pipeline.PipelineActionHandler (PipelineActionHandler.java:onMessage(60)) - Received pipeline action CLOSE for Pipeline[ Id: 3bf2ead7-e111-4ba5-a3e3-4e1e24f5414e, Nodes: 1a989eca-a026-4062-a574-e52a85f9a2a4{ip: 192.168.34.12, host: pr-hdds-2106-8t9qr-763259812, networkLocation: /default-rack, certSerialId: null}4bd4e05e-fa44-45f4-99bb-ac21c4078a41{ip: 192.168.34.12, host: pr-hdds-2106-8t9qr-763259812, networkLocation: /default-rack, certSerialId: null}69a71f03-bd49-4dcf-a91a-b858634f7ca8{ip: 192.168.34.12, host: pr-hdds-2106-8t9qr-763259812, networkLocation: /default-rack, certSerialId: null}, Type:RATIS, Factor:THREE, State:CLOSED] from datanode 1a989eca-a026-4062-a574-e52a85f9a2a4{ip: 192.168.34.12, host: pr-hdds-2106-8t9qr-763259812, networkLocation: /default-rack, certSerialId: null}. Reason : 1a989eca-a026-4062-a574-e52a85f9a2a4 has not seen follower/s 69a71f03-bd49-4dcf-a91a-b858634f7ca8 for 185905ms 4bd4e05e-fa44-45f4-99bb-ac21c4078a41 for 185906ms
2019-09-11 07:01:05,339 [EventQueue-PipelineActionsForPipelineActionHandler] INFO  pipeline.SCMPipelineManager (SCMPipelineManager.java:finalizeAndDestroyPipeline(311)) - destroying pipeline:Pipeline[ Id: 3bf2ead7-e111-4ba5-a3e3-4e1e24f5414e, Nodes: 1a989eca-a026-4062-a574-e52a85f9a2a4{ip: 192.168.34.12, host: pr-hdds-2106-8t9qr-763259812, networkLocation: /default-rack, certSerialId: null}4bd4e05e-fa44-45f4-99bb-ac21c4078a41{ip: 192.168.34.12, host: pr-hdds-2106-8t9qr-763259812, networkLocation: /default-rack, certSerialId: null}69a71f03-bd49-4dcf-a91a-b858634f7ca8{ip: 192.168.34.12, host: pr-hdds-2106-8t9qr-763259812, networkLocation: /default-rack, certSerialId: null}, Type:RATIS, Factor:THREE, State:CLOSED]
2019-09-11 07:01:05,366 [java.util.concurrent.ThreadPoolExecutor$Worker@6ef3d61[State = -1, empty queue]] WARN  server.GrpcLogAppender (GrpcLogAppender.java:timeoutAppendRequest(200)) - 1a989eca-a026-4062-a574-e52a85f9a2a4@group-4E1E24F5414E->69a71f03-bd49-4dcf-a91a-b858634f7ca8-GrpcLogAppender: appendEntries Timeout, request=1a989eca-a026-4062-a574-e52a85f9a2a4->69a71f03-bd49-4dcf-a91a-b858634f7ca8#86-t1, previous=(t:1, i:12), leaderCommit=6, initializing? false, entries: <empty>
2019-09-11 07:01:05,366 [java.util.concurrent.ThreadPoolExecutor$Worker@fe28b1[State = -1, empty queue]] WARN  server.GrpcLogAppender (GrpcLogAppender.java:timeoutAppendRequest(200)) - 1a989eca-a026-4062-a574-e52a85f9a2a4@group-4E1E24F5414E->4bd4e05e-fa44-45f4-99bb-ac21c4078a41-GrpcLogAppender: appendEntries Timeout, request=1a989eca-a026-4062-a574-e52a85f9a2a4->4bd4e05e-fa44-45f4-99bb-ac21c4078a41#86-t1, previous=(t:1, i:12), leaderCommit=6, initializing? false, entries: <empty>
2019-09-11 07:01:05,371 [grpc-default-executor-0] INFO  impl.RaftServerProxy (RaftServerProxy.java:remove(95)) - 1a989eca-a026-4062-a574-e52a85f9a2a4: remove    LEADER 1a989eca-a026-4062-a574-e52a85f9a2a4@group-4E1E24F5414E:t1, leader=1a989eca-a026-4062-a574-e52a85f9a2a4, voted=1a989eca-a026-4062-a574-e52a85f9a2a4, raftlog=1a989eca-a026-4062-a574-e52a85f9a2a4@group-4E1E24F5414E-SegmentedRaftLog:OPENED:c6,f6,i12, conf=0: [69a71f03-bd49-4dcf-a91a-b858634f7ca8:192.168.34.12:43469, 4bd4e05e-fa44-45f4-99bb-ac21c4078a41:192.168.34.12:36091, 1a989eca-a026-4062-a574-e52a85f9a2a4:192.168.34.12:35514], old=null RUNNING
2019-09-11 07:01:05,379 [grpc-default-executor-0] INFO  impl.RaftServerImpl (RaftServerImpl.java:lambda$shutdown$3(251)) - 1a989eca-a026-4062-a574-e52a85f9a2a4@group-4E1E24F5414E: shutdown
2019-09-11 07:01:05,380 [grpc-default-executor-0] INFO  util.JmxRegister (JmxRegister.java:unregister(73)) - Successfully un-registered JMX Bean with object name Ratis:service=RaftServer,group=group-4E1E24F5414E,id=1a989eca-a026-4062-a574-e52a85f9a2a4
2019-09-11 07:01:05,380 [grpc-default-executor-0] INFO  impl.RoleInfo (RoleInfo.java:shutdownLeaderState(104)) - 1a989eca-a026-4062-a574-e52a85f9a2a4: shutdown LeaderState
2019-09-11 07:01:05,385 [grpc-default-executor-0] INFO  impl.PendingRequests (PendingRequests.java:sendNotLeaderResponses(202)) - 1a989eca-a026-4062-a574-e52a85f9a2a4-PendingRequests: sendNotLeaderResponses
2019-09-11 07:01:05,385 [org.apache.ratis.server.impl.LogAppender$AppenderDaemon$$Lambda$511/1624611919@309dfab0] WARN  server.GrpcLogAppender (GrpcLogAppender.java:mayWait(143)) - 1a989eca-a026-4062-a574-e52a85f9a2a4@group-4E1E24F5414E->69a71f03-bd49-4dcf-a91a-b858634f7ca8-GrpcLogAppender: Wait interrupted by java.lang.InterruptedException
2019-09-11 07:01:05,385 [org.apache.ratis.server.impl.LogAppender$AppenderDaemon$$Lambda$511/1624611919@61e3130c] WARN  server.GrpcLogAppender (GrpcLogAppender.java:mayWait(143)) - 1a989eca-a026-4062-a574-e52a85f9a2a4@group-4E1E24F5414E->4bd4e05e-fa44-45f4-99bb-ac21c4078a41-GrpcLogAppender: Wait interrupted by java.lang.InterruptedException
2019-09-11 07:01:05,388 [grpc-default-executor-1] INFO  server.GrpcServerProtocolService (GrpcServerProtocolService.java:onCompleted(113)) - 69a71f03-bd49-4dcf-a91a-b858634f7ca8: Completed APPEND_ENTRIES, lastRequest: 1a989eca-a026-4062-a574-e52a85f9a2a4->69a71f03-bd49-4dcf-a91a-b858634f7ca8#87-t1, previous=(t:1, i:12), leaderCommit=6, initializing? false, entries: <empty>
2019-09-11 07:01:05,388 [grpc-default-executor-2] INFO  server.GrpcServerProtocolService (GrpcServerProtocolService.java:onCompleted(113)) - 4bd4e05e-fa44-45f4-99bb-ac21c4078a41: Completed APPEND_ENTRIES, lastRequest: 1a989eca-a026-4062-a574-e52a85f9a2a4->4bd4e05e-fa44-45f4-99bb-ac21c4078a41#87-t1, previous=(t:1, i:12), leaderCommit=6, initializing? false, entries: <empty>
2019-09-11 07:01:05,391 [grpc-default-executor-2] INFO  server.GrpcLogAppender (GrpcLogAppender.java:onCompleted(293)) - 1a989eca-a026-4062-a574-e52a85f9a2a4@group-4E1E24F5414E->69a71f03-bd49-4dcf-a91a-b858634f7ca8-AppendLogResponseHandler: follower responses appendEntries COMPLETED
2019-09-11 07:01:05,391 [grpc-default-executor-1] INFO  server.GrpcLogAppender (GrpcLogAppender.java:onCompleted(293)) - 1a989eca-a026-4062-a574-e52a85f9a2a4@group-4E1E24F5414E->4bd4e05e-fa44-45f4-99bb-ac21c4078a41-AppendLogResponseHandler: follower responses appendEntries COMPLETED
2019-09-11 07:01:05,392 [grpc-default-executor-2] INFO  impl.FollowerInfo (FollowerInfo.java:lambda$new$0(51)) - 1a989eca-a026-4062-a574-e52a85f9a2a4@group-4E1E24F5414E->69a71f03-bd49-4dcf-a91a-b858634f7ca8: nextIndex: updateUnconditionally 13 -> 7
2019-09-11 07:01:05,392 [grpc-default-executor-1] INFO  impl.FollowerInfo (FollowerInfo.java:lambda$new$0(51)) - 1a989eca-a026-4062-a574-e52a85f9a2a4@group-4E1E24F5414E->4bd4e05e-fa44-45f4-99bb-ac21c4078a41: nextIndex: updateUnconditionally 13 -> 7
2019-09-11 07:01:05,403 [grpc-default-executor-0] INFO  impl.StateMachineUpdater (StateMachineUpdater.java:stopAndJoin(125)) - 1a989eca-a026-4062-a574-e52a85f9a2a4@group-4E1E24F5414E-StateMachineUpdater: set stopIndex = 6
2019-09-11 07:01:05,407 [1a989eca-a026-4062-a574-e52a85f9a2a4@group-4E1E24F5414E-StateMachineUpdater] INFO  ratis.ContainerStateMachine (ContainerStateMachine.java:takeSnapshot(289)) - group-4E1E24F5414E: Taking a snapshot at:(t:1, i:6) file /workdir/hadoop-ozone/integration-test/target/test-dir/MiniOzoneClusterImpl-beba80e5-651a-4af8-b5a8-e6eb83706070/datanode-0/data/ratis/3bf2ead7-e111-4ba5-a3e3-4e1e24f5414e/sm/snapshot.1_6
2019-09-11 07:01:05,411 [Command processor thread] ERROR commandhandler.CloseContainerCommandHandler (CloseContainerCommandHandler.java:handle(125)) - Can't close container #2
java.io.IOException: org.apache.ratis.protocol.GroupMismatchException: 1a989eca-a026-4062-a574-e52a85f9a2a4: group-4E1E24F5414E not found.
	at org.apache.hadoop.ozone.container.common.transport.server.ratis.XceiverServerRatis.submitRequest(XceiverServerRatis.java:495)
	at org.apache.hadoop.ozone.container.common.statemachine.commandhandler.CloseContainerCommandHandler.handle(CloseContainerCommandHandler.java:102)
	at org.apache.hadoop.ozone.container.common.statemachine.commandhandler.CommandDispatcher.handle(CommandDispatcher.java:99)
	at org.apache.hadoop.ozone.container.common.statemachine.DatanodeStateMachine.lambda$initCommandHandlerThread$1(DatanodeStateMachine.java:432)
	at java.lang.Thread.run(Thread.java:748)
Caused by: java.util.concurrent.ExecutionException: org.apache.ratis.protocol.GroupMismatchException: 1a989eca-a026-4062-a574-e52a85f9a2a4: group-4E1E24F5414E not found.
	at java.util.concurrent.CompletableFuture.reportGet(CompletableFuture.java:357)
	at java.util.concurrent.CompletableFuture.get(CompletableFuture.java:1895)
	at org.apache.hadoop.ozone.container.common.transport.server.ratis.XceiverServerRatis.submitRequest(XceiverServerRatis.java:493)
	... 4 more
Caused by: org.apache.ratis.protocol.GroupMismatchException: 1a989eca-a026-4062-a574-e52a85f9a2a4: group-4E1E24F5414E not found.
	at org.apache.ratis.server.impl.RaftServerProxy$ImplMap.get(RaftServerProxy.java:122)
	at org.apache.ratis.server.impl.RaftServerProxy.getImplFuture(RaftServerProxy.java:269)
	at org.apache.ratis.server.impl.RaftServerProxy.submitRequest(RaftServerProxy.java:327)
	at org.apache.ratis.server.impl.RaftServerProxy.submitClientRequestAsync(RaftServerProxy.java:333)
	... 5 more
2019-09-11 07:01:05,448 [1a989eca-a026-4062-a574-e52a85f9a2a4@group-4E1E24F5414E-StateMachineUpdater] INFO  ratis.ContainerStateMachine (ContainerStateMachine.java:takeSnapshot(300)) - group-4E1E24F5414E: Finished taking a snapshot at:(t:1, i:6) file:/workdir/hadoop-ozone/integration-test/target/test-dir/MiniOzoneClusterImpl-beba80e5-651a-4af8-b5a8-e6eb83706070/datanode-0/data/ratis/3bf2ead7-e111-4ba5-a3e3-4e1e24f5414e/sm/snapshot.1_6 time:43
2019-09-11 07:01:05,448 [1a989eca-a026-4062-a574-e52a85f9a2a4@group-4E1E24F5414E-StateMachineUpdater] INFO  impl.StateMachineUpdater (StateMachineUpdater.java:takeSnapshot(258)) - 1a989eca-a026-4062-a574-e52a85f9a2a4@group-4E1E24F5414E-StateMachineUpdater: Took a snapshot at index 6
2019-09-11 07:01:05,450 [1a989eca-a026-4062-a574-e52a85f9a2a4@group-4E1E24F5414E-StateMachineUpdater] INFO  impl.StateMachineUpdater (StateMachineUpdater.java:lambda$new$0(83)) - 1a989eca-a026-4062-a574-e52a85f9a2a4@group-4E1E24F5414E-StateMachineUpdater: snapshotIndex: updateIncreasingly -1 -> 6
2019-09-11 07:01:05,456 [grpc-default-executor-0] INFO  impl.RaftServerImpl (ServerState.java:close(385)) - 1a989eca-a026-4062-a574-e52a85f9a2a4@group-4E1E24F5414E: closes. applyIndex: 6
2019-09-11 07:01:05,459 [1a989eca-a026-4062-a574-e52a85f9a2a4@group-4E1E24F5414E-SegmentedRaftLogWorker] ERROR ratis.XceiverServerRatis (XceiverServerRatis.java:triggerPipelineClose(568)) - pipeline Action CLOSE  on pipeline PipelineID=3bf2ead7-e111-4ba5-a3e3-4e1e24f5414e.Reason : WriteLog:7: (t:1, i:7), STATEMACHINELOGENTRY, client-1A924A56FEAD, cid=16-writeStateMachineData interrupted.
2019-09-11 07:01:05,462 [EventQueue-PipelineActionsForPipelineActionHandler] ERROR pipeline.PipelineActionHandler (PipelineActionHandler.java:onMessage(60)) - Received pipeline action CLOSE for Pipeline[ Id: 3bf2ead7-e111-4ba5-a3e3-4e1e24f5414e, Nodes: 1a989eca-a026-4062-a574-e52a85f9a2a4{ip: 192.168.34.12, host: pr-hdds-2106-8t9qr-763259812, networkLocation: /default-rack, certSerialId: null}4bd4e05e-fa44-45f4-99bb-ac21c4078a41{ip: 192.168.34.12, host: pr-hdds-2106-8t9qr-763259812, networkLocation: /default-rack, certSerialId: null}69a71f03-bd49-4dcf-a91a-b858634f7ca8{ip: 192.168.34.12, host: pr-hdds-2106-8t9qr-763259812, networkLocation: /default-rack, certSerialId: null}, Type:RATIS, Factor:THREE, State:CLOSED] from datanode 1a989eca-a026-4062-a574-e52a85f9a2a4{ip: 192.168.34.12, host: pr-hdds-2106-8t9qr-763259812, networkLocation: /default-rack, certSerialId: null}. Reason : WriteLog:7: (t:1, i:7), STATEMACHINELOGENTRY, client-1A924A56FEAD, cid=16-writeStateMachineData interrupted.
2019-09-11 07:01:05,462 [grpc-default-executor-0] INFO  segmented.SegmentedRaftLogWorker (SegmentedRaftLogWorker.java:close(228)) - 1a989eca-a026-4062-a574-e52a85f9a2a4@group-4E1E24F5414E-SegmentedRaftLogWorker close()
2019-09-11 07:01:05,462 [EventQueue-PipelineActionsForPipelineActionHandler] INFO  pipeline.SCMPipelineManager (SCMPipelineManager.java:finalizeAndDestroyPipeline(311)) - destroying pipeline:Pipeline[ Id: 3bf2ead7-e111-4ba5-a3e3-4e1e24f5414e, Nodes: 1a989eca-a026-4062-a574-e52a85f9a2a4{ip: 192.168.34.12, host: pr-hdds-2106-8t9qr-763259812, networkLocation: /default-rack, certSerialId: null}4bd4e05e-fa44-45f4-99bb-ac21c4078a41{ip: 192.168.34.12, host: pr-hdds-2106-8t9qr-763259812, networkLocation: /default-rack, certSerialId: null}69a71f03-bd49-4dcf-a91a-b858634f7ca8{ip: 192.168.34.12, host: pr-hdds-2106-8t9qr-763259812, networkLocation: /default-rack, certSerialId: null}, Type:RATIS, Factor:THREE, State:CLOSED]
2019-09-11 07:01:05,483 [grpc-default-executor-0] INFO  interfaces.Container (KeyValueContainer.java:flushAndSyncDB(386)) - Container 1 is synced with bcsId 4.
2019-09-11 07:01:05,483 [grpc-default-executor-0] INFO  interfaces.Container (KeyValueContainer.java:flushAndSyncDB(386)) - Container 1 is synced with bcsId 4.
2019-09-11 07:01:05,498 [EventQueue-IncrementalContainerReportForIncrementalContainerReportHandler] INFO  container.IncrementalContainerReportHandler (AbstractContainerReportHandler.java:updateContainerState(169)) - Moving container #1 to QUASI_CLOSED state, datanode 1a989eca-a026-4062-a574-e52a85f9a2a4{ip: 192.168.34.12, host: pr-hdds-2106-8t9qr-763259812, networkLocation: /default-rack, certSerialId: null} reported QUASI_CLOSED replica.
2019-09-11 07:01:05,545 [grpc-default-executor-0] INFO  interfaces.Container (KeyValueContainer.java:flushAndSyncDB(386)) - Container 2 is synced with bcsId 0.
2019-09-11 07:01:05,545 [grpc-default-executor-0] INFO  interfaces.Container (KeyValueContainer.java:flushAndSyncDB(386)) - Container 2 is synced with bcsId 0.
2019-09-11 07:01:05,561 [EventQueue-IncrementalContainerReportForIncrementalContainerReportHandler] INFO  container.IncrementalContainerReportHandler (AbstractContainerReportHandler.java:updateContainerState(169)) - Moving container #2 to QUASI_CLOSED state, datanode 1a989eca-a026-4062-a574-e52a85f9a2a4{ip: 192.168.34.12, host: pr-hdds-2106-8t9qr-763259812, networkLocation: /default-rack, certSerialId: null} reported QUASI_CLOSED replica.
2019-09-11 07:01:05,573 [grpc-default-executor-0] INFO  impl.RaftServerProxy (RaftServerProxy.java:remove(95)) - 4bd4e05e-fa44-45f4-99bb-ac21c4078a41: remove  FOLLOWER 4bd4e05e-fa44-45f4-99bb-ac21c4078a41@group-4E1E24F5414E:t1, leader=1a989eca-a026-4062-a574-e52a85f9a2a4, voted=1a989eca-a026-4062-a574-e52a85f9a2a4, raftlog=4bd4e05e-fa44-45f4-99bb-ac21c4078a41@group-4E1E24F5414E-SegmentedRaftLog:OPENED:c6,f6,i12, conf=0: [69a71f03-bd49-4dcf-a91a-b858634f7ca8:192.168.34.12:43469, 4bd4e05e-fa44-45f4-99bb-ac21c4078a41:192.168.34.12:36091, 1a989eca-a026-4062-a574-e52a85f9a2a4:192.168.34.12:35514], old=null RUNNING
2019-09-11 07:01:05,573 [grpc-default-executor-0] INFO  impl.RaftServerImpl (RaftServerImpl.java:lambda$shutdown$3(251)) - 4bd4e05e-fa44-45f4-99bb-ac21c4078a41@group-4E1E24F5414E: shutdown
2019-09-11 07:01:05,574 [grpc-default-executor-0] INFO  util.JmxRegister (JmxRegister.java:unregister(73)) - Successfully un-registered JMX Bean with object name Ratis:service=RaftServer,group=group-4E1E24F5414E,id=4bd4e05e-fa44-45f4-99bb-ac21c4078a41
2019-09-11 07:01:05,574 [grpc-default-executor-0] INFO  impl.RoleInfo (RoleInfo.java:shutdownFollowerState(121)) - 4bd4e05e-fa44-45f4-99bb-ac21c4078a41: shutdown FollowerState
2019-09-11 07:01:05,574 [grpc-default-executor-0] INFO  impl.StateMachineUpdater (StateMachineUpdater.java:stopAndJoin(125)) - 4bd4e05e-fa44-45f4-99bb-ac21c4078a41@group-4E1E24F5414E-StateMachineUpdater: set stopIndex = 6
2019-09-11 07:01:05,574 [Thread-307] INFO  impl.FollowerState (FollowerState.java:run(115)) - 4bd4e05e-fa44-45f4-99bb-ac21c4078a41: FollowerState was interrupted: java.lang.InterruptedException: sleep interrupted
2019-09-11 07:01:05,574 [4bd4e05e-fa44-45f4-99bb-ac21c4078a41@group-4E1E24F5414E-StateMachineUpdater] INFO  ratis.ContainerStateMachine (ContainerStateMachine.java:takeSnapshot(289)) - group-4E1E24F5414E: Taking a snapshot at:(t:1, i:4) file /workdir/hadoop-ozone/integration-test/target/test-dir/MiniOzoneClusterImpl-beba80e5-651a-4af8-b5a8-e6eb83706070/datanode-6/data/ratis/3bf2ead7-e111-4ba5-a3e3-4e1e24f5414e/sm/snapshot.1_4
2019-09-11 07:01:05,588 [4bd4e05e-fa44-45f4-99bb-ac21c4078a41@group-4E1E24F5414E-StateMachineUpdater] INFO  ratis.ContainerStateMachine (ContainerStateMachine.java:takeSnapshot(300)) - group-4E1E24F5414E: Finished taking a snapshot at:(t:1, i:4) file:/workdir/hadoop-ozone/integration-test/target/test-dir/MiniOzoneClusterImpl-beba80e5-651a-4af8-b5a8-e6eb83706070/datanode-6/data/ratis/3bf2ead7-e111-4ba5-a3e3-4e1e24f5414e/sm/snapshot.1_4 time:13
2019-09-11 07:01:05,588 [4bd4e05e-fa44-45f4-99bb-ac21c4078a41@group-4E1E24F5414E-StateMachineUpdater] INFO  impl.StateMachineUpdater (StateMachineUpdater.java:takeSnapshot(258)) - 4bd4e05e-fa44-45f4-99bb-ac21c4078a41@group-4E1E24F5414E-StateMachineUpdater: Took a snapshot at index 4
2019-09-11 07:01:05,588 [4bd4e05e-fa44-45f4-99bb-ac21c4078a41@group-4E1E24F5414E-StateMachineUpdater] INFO  impl.StateMachineUpdater (StateMachineUpdater.java:lambda$new$0(83)) - 4bd4e05e-fa44-45f4-99bb-ac21c4078a41@group-4E1E24F5414E-StateMachineUpdater: snapshotIndex: updateIncreasingly -1 -> 4
2019-09-11 07:01:05,588 [4bd4e05e-fa44-45f4-99bb-ac21c4078a41@group-4E1E24F5414E-StateMachineUpdater] INFO  ratis.ContainerStateMachine (ContainerStateMachine.java:takeSnapshot(289)) - group-4E1E24F5414E: Taking a snapshot at:(t:1, i:4) file /workdir/hadoop-ozone/integration-test/target/test-dir/MiniOzoneClusterImpl-beba80e5-651a-4af8-b5a8-e6eb83706070/datanode-6/data/ratis/3bf2ead7-e111-4ba5-a3e3-4e1e24f5414e/sm/snapshot.1_4
2019-09-11 07:01:05,598 [4bd4e05e-fa44-45f4-99bb-ac21c4078a41@group-4E1E24F5414E-StateMachineUpdater] INFO  ratis.ContainerStateMachine (ContainerStateMachine.java:takeSnapshot(300)) - group-4E1E24F5414E: Finished taking a snapshot at:(t:1, i:4) file:/workdir/hadoop-ozone/integration-test/target/test-dir/MiniOzoneClusterImpl-beba80e5-651a-4af8-b5a8-e6eb83706070/datanode-6/data/ratis/3bf2ead7-e111-4ba5-a3e3-4e1e24f5414e/sm/snapshot.1_4 time:11
2019-09-11 07:01:05,598 [4bd4e05e-fa44-45f4-99bb-ac21c4078a41@group-4E1E24F5414E-StateMachineUpdater] INFO  impl.StateMachineUpdater (StateMachineUpdater.java:takeSnapshot(258)) - 4bd4e05e-fa44-45f4-99bb-ac21c4078a41@group-4E1E24F5414E-StateMachineUpdater: Took a snapshot at index 4
2019-09-11 07:01:05,598 [4bd4e05e-fa44-45f4-99bb-ac21c4078a41@group-4E1E24F5414E-StateMachineUpdater] INFO  impl.StateMachineUpdater (StateMachineUpdater.java:lambda$new$0(83)) - 4bd4e05e-fa44-45f4-99bb-ac21c4078a41@group-4E1E24F5414E-StateMachineUpdater: snapshotIndex: updateIncreasingly 4 -> 4
2019-09-11 07:01:05,599 [grpc-default-executor-0] INFO  impl.RaftServerImpl (ServerState.java:close(385)) - 4bd4e05e-fa44-45f4-99bb-ac21c4078a41@group-4E1E24F5414E: closes. applyIndex: 6
2019-09-11 07:01:05,602 [4bd4e05e-fa44-45f4-99bb-ac21c4078a41@group-4E1E24F5414E-SegmentedRaftLogWorker] ERROR ratis.XceiverServerRatis (XceiverServerRatis.java:triggerPipelineClose(568)) - pipeline Action CLOSE  on pipeline PipelineID=3bf2ead7-e111-4ba5-a3e3-4e1e24f5414e.Reason : WriteLog:8: (t:1, i:8), STATEMACHINELOGENTRY, client-1A924A56FEAD, cid=17-writeStateMachineData interrupted.
2019-09-11 07:01:05,605 [EventQueue-PipelineActionsForPipelineActionHandler] ERROR pipeline.PipelineActionHandler (PipelineActionHandler.java:onMessage(60)) - Received pipeline action CLOSE for Pipeline[ Id: 3bf2ead7-e111-4ba5-a3e3-4e1e24f5414e, Nodes: 1a989eca-a026-4062-a574-e52a85f9a2a4{ip: 192.168.34.12, host: pr-hdds-2106-8t9qr-763259812, networkLocation: /default-rack, certSerialId: null}4bd4e05e-fa44-45f4-99bb-ac21c4078a41{ip: 192.168.34.12, host: pr-hdds-2106-8t9qr-763259812, networkLocation: /default-rack, certSerialId: null}69a71f03-bd49-4dcf-a91a-b858634f7ca8{ip: 192.168.34.12, host: pr-hdds-2106-8t9qr-763259812, networkLocation: /default-rack, certSerialId: null}, Type:RATIS, Factor:THREE, State:CLOSED] from datanode 4bd4e05e-fa44-45f4-99bb-ac21c4078a41{ip: 192.168.34.12, host: pr-hdds-2106-8t9qr-763259812, networkLocation: /default-rack, certSerialId: null}. Reason : WriteLog:8: (t:1, i:8), STATEMACHINELOGENTRY, client-1A924A56FEAD, cid=17-writeStateMachineData interrupted.
2019-09-11 07:01:05,605 [EventQueue-PipelineActionsForPipelineActionHandler] INFO  pipeline.SCMPipelineManager (SCMPipelineManager.java:finalizeAndDestroyPipeline(311)) - destroying pipeline:Pipeline[ Id: 3bf2ead7-e111-4ba5-a3e3-4e1e24f5414e, Nodes: 1a989eca-a026-4062-a574-e52a85f9a2a4{ip: 192.168.34.12, host: pr-hdds-2106-8t9qr-763259812, networkLocation: /default-rack, certSerialId: null}4bd4e05e-fa44-45f4-99bb-ac21c4078a41{ip: 192.168.34.12, host: pr-hdds-2106-8t9qr-763259812, networkLocation: /default-rack, certSerialId: null}69a71f03-bd49-4dcf-a91a-b858634f7ca8{ip: 192.168.34.12, host: pr-hdds-2106-8t9qr-763259812, networkLocation: /default-rack, certSerialId: null}, Type:RATIS, Factor:THREE, State:CLOSED]
2019-09-11 07:01:05,614 [grpc-default-executor-0] INFO  segmented.SegmentedRaftLogWorker (SegmentedRaftLogWorker.java:close(228)) - 4bd4e05e-fa44-45f4-99bb-ac21c4078a41@group-4E1E24F5414E-SegmentedRaftLogWorker close()
2019-09-11 07:01:05,630 [grpc-default-executor-0] INFO  interfaces.Container (KeyValueContainer.java:flushAndSyncDB(386)) - Container 1 is synced with bcsId 4.
2019-09-11 07:01:05,630 [grpc-default-executor-0] INFO  interfaces.Container (KeyValueContainer.java:flushAndSyncDB(386)) - Container 1 is synced with bcsId 4.
2019-09-11 07:01:05,710 [grpc-default-executor-0] INFO  interfaces.Container (KeyValueContainer.java:flushAndSyncDB(386)) - Container 2 is synced with bcsId 0.
2019-09-11 07:01:05,711 [grpc-default-executor-0] INFO  interfaces.Container (KeyValueContainer.java:flushAndSyncDB(386)) - Container 2 is synced with bcsId 0.
2019-09-11 07:01:05,752 [grpc-default-executor-0] INFO  impl.RaftServerProxy (RaftServerProxy.java:remove(95)) - 69a71f03-bd49-4dcf-a91a-b858634f7ca8: remove  FOLLOWER 69a71f03-bd49-4dcf-a91a-b858634f7ca8@group-4E1E24F5414E:t1, leader=1a989eca-a026-4062-a574-e52a85f9a2a4, voted=1a989eca-a026-4062-a574-e52a85f9a2a4, raftlog=69a71f03-bd49-4dcf-a91a-b858634f7ca8@group-4E1E24F5414E-SegmentedRaftLog:OPENED:c6,f6,i12, conf=0: [69a71f03-bd49-4dcf-a91a-b858634f7ca8:192.168.34.12:43469, 4bd4e05e-fa44-45f4-99bb-ac21c4078a41:192.168.34.12:36091, 1a989eca-a026-4062-a574-e52a85f9a2a4:192.168.34.12:35514], old=null RUNNING
2019-09-11 07:01:05,752 [grpc-default-executor-0] INFO  impl.RaftServerImpl (RaftServerImpl.java:lambda$shutdown$3(251)) - 69a71f03-bd49-4dcf-a91a-b858634f7ca8@group-4E1E24F5414E: shutdown
2019-09-11 07:01:05,752 [grpc-default-executor-0] INFO  util.JmxRegister (JmxRegister.java:unregister(73)) - Successfully un-registered JMX Bean with object name Ratis:service=RaftServer,group=group-4E1E24F5414E,id=69a71f03-bd49-4dcf-a91a-b858634f7ca8
2019-09-11 07:01:05,752 [grpc-default-executor-0] INFO  impl.RoleInfo (RoleInfo.java:shutdownFollowerState(121)) - 69a71f03-bd49-4dcf-a91a-b858634f7ca8: shutdown FollowerState
2019-09-11 07:01:05,753 [grpc-default-executor-0] INFO  impl.StateMachineUpdater (StateMachineUpdater.java:stopAndJoin(125)) - 69a71f03-bd49-4dcf-a91a-b858634f7ca8@group-4E1E24F5414E-StateMachineUpdater: set stopIndex = 6
2019-09-11 07:01:05,753 [Thread-308] INFO  impl.FollowerState (FollowerState.java:run(115)) - 69a71f03-bd49-4dcf-a91a-b858634f7ca8: FollowerState was interrupted: java.lang.InterruptedException: sleep interrupted
2019-09-11 07:01:05,755 [69a71f03-bd49-4dcf-a91a-b858634f7ca8@group-4E1E24F5414E-StateMachineUpdater] INFO  ratis.ContainerStateMachine (ContainerStateMachine.java:takeSnapshot(289)) - group-4E1E24F5414E: Taking a snapshot at:(t:1, i:4) file /workdir/hadoop-ozone/integration-test/target/test-dir/MiniOzoneClusterImpl-beba80e5-651a-4af8-b5a8-e6eb83706070/datanode-1/data/ratis/3bf2ead7-e111-4ba5-a3e3-4e1e24f5414e/sm/snapshot.1_4
2019-09-11 07:01:05,768 [69a71f03-bd49-4dcf-a91a-b858634f7ca8@group-4E1E24F5414E-StateMachineUpdater] INFO  ratis.ContainerStateMachine (ContainerStateMachine.java:takeSnapshot(300)) - group-4E1E24F5414E: Finished taking a snapshot at:(t:1, i:4) file:/workdir/hadoop-ozone/integration-test/target/test-dir/MiniOzoneClusterImpl-beba80e5-651a-4af8-b5a8-e6eb83706070/datanode-1/data/ratis/3bf2ead7-e111-4ba5-a3e3-4e1e24f5414e/sm/snapshot.1_4 time:15
2019-09-11 07:01:05,768 [69a71f03-bd49-4dcf-a91a-b858634f7ca8@group-4E1E24F5414E-StateMachineUpdater] INFO  impl.StateMachineUpdater (StateMachineUpdater.java:takeSnapshot(258)) - 69a71f03-bd49-4dcf-a91a-b858634f7ca8@group-4E1E24F5414E-StateMachineUpdater: Took a snapshot at index 4
2019-09-11 07:01:05,768 [69a71f03-bd49-4dcf-a91a-b858634f7ca8@group-4E1E24F5414E-StateMachineUpdater] INFO  impl.StateMachineUpdater (StateMachineUpdater.java:lambda$new$0(83)) - 69a71f03-bd49-4dcf-a91a-b858634f7ca8@group-4E1E24F5414E-StateMachineUpdater: snapshotIndex: updateIncreasingly -1 -> 4
2019-09-11 07:01:05,769 [69a71f03-bd49-4dcf-a91a-b858634f7ca8@group-4E1E24F5414E-StateMachineUpdater] INFO  ratis.ContainerStateMachine (ContainerStateMachine.java:takeSnapshot(289)) - group-4E1E24F5414E: Taking a snapshot at:(t:1, i:4) file /workdir/hadoop-ozone/integration-test/target/test-dir/MiniOzoneClusterImpl-beba80e5-651a-4af8-b5a8-e6eb83706070/datanode-1/data/ratis/3bf2ead7-e111-4ba5-a3e3-4e1e24f5414e/sm/snapshot.1_4
2019-09-11 07:01:05,781 [69a71f03-bd49-4dcf-a91a-b858634f7ca8@group-4E1E24F5414E-StateMachineUpdater] INFO  ratis.ContainerStateMachine (ContainerStateMachine.java:takeSnapshot(300)) - group-4E1E24F5414E: Finished taking a snapshot at:(t:1, i:4) file:/workdir/hadoop-ozone/integration-test/target/test-dir/MiniOzoneClusterImpl-beba80e5-651a-4af8-b5a8-e6eb83706070/datanode-1/data/ratis/3bf2ead7-e111-4ba5-a3e3-4e1e24f5414e/sm/snapshot.1_4 time:12
2019-09-11 07:01:05,781 [69a71f03-bd49-4dcf-a91a-b858634f7ca8@group-4E1E24F5414E-StateMachineUpdater] INFO  impl.StateMachineUpdater (StateMachineUpdater.java:takeSnapshot(258)) - 69a71f03-bd49-4dcf-a91a-b858634f7ca8@group-4E1E24F5414E-StateMachineUpdater: Took a snapshot at index 4
2019-09-11 07:01:05,781 [69a71f03-bd49-4dcf-a91a-b858634f7ca8@group-4E1E24F5414E-StateMachineUpdater] INFO  impl.StateMachineUpdater (StateMachineUpdater.java:lambda$new$0(83)) - 69a71f03-bd49-4dcf-a91a-b858634f7ca8@group-4E1E24F5414E-StateMachineUpdater: snapshotIndex: updateIncreasingly 4 -> 4
2019-09-11 07:01:05,782 [grpc-default-executor-0] INFO  impl.RaftServerImpl (ServerState.java:close(385)) - 69a71f03-bd49-4dcf-a91a-b858634f7ca8@group-4E1E24F5414E: closes. applyIndex: 6
2019-09-11 07:01:05,789 [69a71f03-bd49-4dcf-a91a-b858634f7ca8@group-4E1E24F5414E-SegmentedRaftLogWorker] ERROR ratis.XceiverServerRatis (XceiverServerRatis.java:triggerPipelineClose(568)) - pipeline Action CLOSE  on pipeline PipelineID=3bf2ead7-e111-4ba5-a3e3-4e1e24f5414e.Reason : WriteLog:8: (t:1, i:8), STATEMACHINELOGENTRY, client-1A924A56FEAD, cid=17-writeStateMachineData interrupted.
2019-09-11 07:01:05,795 [EventQueue-PipelineActionsForPipelineActionHandler] ERROR pipeline.PipelineActionHandler (PipelineActionHandler.java:onMessage(60)) - Received pipeline action CLOSE for Pipeline[ Id: 3bf2ead7-e111-4ba5-a3e3-4e1e24f5414e, Nodes: 1a989eca-a026-4062-a574-e52a85f9a2a4{ip: 192.168.34.12, host: pr-hdds-2106-8t9qr-763259812, networkLocation: /default-rack, certSerialId: null}4bd4e05e-fa44-45f4-99bb-ac21c4078a41{ip: 192.168.34.12, host: pr-hdds-2106-8t9qr-763259812, networkLocation: /default-rack, certSerialId: null}69a71f03-bd49-4dcf-a91a-b858634f7ca8{ip: 192.168.34.12, host: pr-hdds-2106-8t9qr-763259812, networkLocation: /default-rack, certSerialId: null}, Type:RATIS, Factor:THREE, State:CLOSED] from datanode 69a71f03-bd49-4dcf-a91a-b858634f7ca8{ip: 192.168.34.12, host: pr-hdds-2106-8t9qr-763259812, networkLocation: /default-rack, certSerialId: null}. Reason : WriteLog:8: (t:1, i:8), STATEMACHINELOGENTRY, client-1A924A56FEAD, cid=17-writeStateMachineData interrupted.
2019-09-11 07:01:05,795 [EventQueue-PipelineActionsForPipelineActionHandler] INFO  pipeline.SCMPipelineManager (SCMPipelineManager.java:finalizeAndDestroyPipeline(311)) - destroying pipeline:Pipeline[ Id: 3bf2ead7-e111-4ba5-a3e3-4e1e24f5414e, Nodes: 1a989eca-a026-4062-a574-e52a85f9a2a4{ip: 192.168.34.12, host: pr-hdds-2106-8t9qr-763259812, networkLocation: /default-rack, certSerialId: null}4bd4e05e-fa44-45f4-99bb-ac21c4078a41{ip: 192.168.34.12, host: pr-hdds-2106-8t9qr-763259812, networkLocation: /default-rack, certSerialId: null}69a71f03-bd49-4dcf-a91a-b858634f7ca8{ip: 192.168.34.12, host: pr-hdds-2106-8t9qr-763259812, networkLocation: /default-rack, certSerialId: null}, Type:RATIS, Factor:THREE, State:CLOSED]
2019-09-11 07:01:05,805 [grpc-default-executor-0] INFO  segmented.SegmentedRaftLogWorker (SegmentedRaftLogWorker.java:close(228)) - 69a71f03-bd49-4dcf-a91a-b858634f7ca8@group-4E1E24F5414E-SegmentedRaftLogWorker close()
2019-09-11 07:01:05,822 [grpc-default-executor-0] INFO  interfaces.Container (KeyValueContainer.java:flushAndSyncDB(386)) - Container 1 is synced with bcsId 4.
2019-09-11 07:01:05,823 [grpc-default-executor-0] INFO  interfaces.Container (KeyValueContainer.java:flushAndSyncDB(386)) - Container 1 is synced with bcsId 4.
2019-09-11 07:01:05,907 [grpc-default-executor-0] INFO  interfaces.Container (KeyValueContainer.java:flushAndSyncDB(386)) - Container 2 is synced with bcsId 0.
2019-09-11 07:01:05,908 [grpc-default-executor-0] INFO  interfaces.Container (KeyValueContainer.java:flushAndSyncDB(386)) - Container 2 is synced with bcsId 0.
2019-09-11 07:01:05,927 [RatisPipelineUtilsThread] INFO  pipeline.PipelineStateManager (PipelineStateManager.java:removePipeline(108)) - Pipeline Pipeline[ Id: 3bf2ead7-e111-4ba5-a3e3-4e1e24f5414e, Nodes: 1a989eca-a026-4062-a574-e52a85f9a2a4{ip: 192.168.34.12, host: pr-hdds-2106-8t9qr-763259812, networkLocation: /default-rack, certSerialId: null}4bd4e05e-fa44-45f4-99bb-ac21c4078a41{ip: 192.168.34.12, host: pr-hdds-2106-8t9qr-763259812, networkLocation: /default-rack, certSerialId: null}69a71f03-bd49-4dcf-a91a-b858634f7ca8{ip: 192.168.34.12, host: pr-hdds-2106-8t9qr-763259812, networkLocation: /default-rack, certSerialId: null}, Type:RATIS, Factor:THREE, State:CLOSED] removed from db
2019-09-11 07:01:05,949 [grpc-default-executor-0] INFO  impl.RaftServerProxy (RaftServerProxy.java:addNew(89)) - 69a71f03-bd49-4dcf-a91a-b858634f7ca8: addNew group-6779B489C9A8:[69a71f03-bd49-4dcf-a91a-b858634f7ca8:192.168.34.12:43469, 4bd4e05e-fa44-45f4-99bb-ac21c4078a41:192.168.34.12:36091, 1a989eca-a026-4062-a574-e52a85f9a2a4:192.168.34.12:35514] returns group-6779B489C9A8:java.util.concurrent.CompletableFuture@33f97258[Not completed]
2019-09-11 07:01:05,949 [grpc-default-executor-2] INFO  impl.RaftServerProxy (RaftServerProxy.java:addNew(89)) - 4bd4e05e-fa44-45f4-99bb-ac21c4078a41: addNew group-6779B489C9A8:[69a71f03-bd49-4dcf-a91a-b858634f7ca8:192.168.34.12:43469, 4bd4e05e-fa44-45f4-99bb-ac21c4078a41:192.168.34.12:36091, 1a989eca-a026-4062-a574-e52a85f9a2a4:192.168.34.12:35514] returns group-6779B489C9A8:java.util.concurrent.CompletableFuture@a24e649[Not completed]
2019-09-11 07:01:05,949 [grpc-default-executor-1] INFO  impl.RaftServerProxy (RaftServerProxy.java:addNew(89)) - 1a989eca-a026-4062-a574-e52a85f9a2a4: addNew group-6779B489C9A8:[69a71f03-bd49-4dcf-a91a-b858634f7ca8:192.168.34.12:43469, 4bd4e05e-fa44-45f4-99bb-ac21c4078a41:192.168.34.12:36091, 1a989eca-a026-4062-a574-e52a85f9a2a4:192.168.34.12:35514] returns group-6779B489C9A8:java.util.concurrent.CompletableFuture@441dc2c4[Not completed]
2019-09-11 07:01:05,951 [pool-87-thread-1] INFO  impl.RaftServerImpl (RaftServerImpl.java:<init>(95)) - 4bd4e05e-fa44-45f4-99bb-ac21c4078a41: new RaftServerImpl for group-6779B489C9A8:[69a71f03-bd49-4dcf-a91a-b858634f7ca8:192.168.34.12:43469, 4bd4e05e-fa44-45f4-99bb-ac21c4078a41:192.168.34.12:36091, 1a989eca-a026-4062-a574-e52a85f9a2a4:192.168.34.12:35514] with ContainerStateMachine:uninitialized
2019-09-11 07:01:05,951 [pool-87-thread-1] INFO  server.RaftServerConfigKeys (ConfUtils.java:logGet(43)) - raft.server.rpc.timeout.min = 5s (custom)
2019-09-11 07:01:05,951 [pool-87-thread-1] INFO  server.RaftServerConfigKeys (ConfUtils.java:logGet(43)) - raft.server.rpc.timeout.max = 5200ms (custom)
2019-09-11 07:01:05,951 [pool-87-thread-1] INFO  server.RaftServerConfigKeys (ConfUtils.java:logGet(43)) - raft.server.rpcslowness.timeout = 120s (custom)
2019-09-11 07:01:05,951 [pool-87-thread-1] INFO  server.RaftServerConfigKeys (ConfUtils.java:logGet(43)) - raft.server.sleep.deviation.threshold = 300 (default)
2019-09-11 07:01:05,951 [pool-87-thread-1] INFO  server.RaftServerConfigKeys (ConfUtils.java:logGet(43)) - raft.server.log.appender.install.snapshot.enabled = false (custom)
2019-09-11 07:01:05,951 [pool-87-thread-1] INFO  impl.RaftServerImpl (ServerState.java:<init>(103)) - 4bd4e05e-fa44-45f4-99bb-ac21c4078a41@group-6779B489C9A8: ConfigurationManager, init=-1: [69a71f03-bd49-4dcf-a91a-b858634f7ca8:192.168.34.12:43469, 4bd4e05e-fa44-45f4-99bb-ac21c4078a41:192.168.34.12:36091, 1a989eca-a026-4062-a574-e52a85f9a2a4:192.168.34.12:35514], old=null, confs=<EMPTY_MAP>
2019-09-11 07:01:05,952 [pool-87-thread-1] INFO  server.RaftServerConfigKeys (ConfUtils.java:logGet(43)) - raft.server.storage.dir = [/workdir/hadoop-ozone/integration-test/target/test-dir/MiniOzoneClusterImpl-beba80e5-651a-4af8-b5a8-e6eb83706070/datanode-6/data/ratis] (custom)
2019-09-11 07:01:05,952 [pool-27-thread-1] INFO  impl.RaftServerImpl (RaftServerImpl.java:<init>(95)) - 1a989eca-a026-4062-a574-e52a85f9a2a4: new RaftServerImpl for group-6779B489C9A8:[69a71f03-bd49-4dcf-a91a-b858634f7ca8:192.168.34.12:43469, 4bd4e05e-fa44-45f4-99bb-ac21c4078a41:192.168.34.12:36091, 1a989eca-a026-4062-a574-e52a85f9a2a4:192.168.34.12:35514] with ContainerStateMachine:uninitialized
2019-09-11 07:01:05,952 [pool-87-thread-1] INFO  storage.RaftStorageDirectory (RaftStorageDirectory.java:analyzeStorage(246)) - The storage directory /workdir/hadoop-ozone/integration-test/target/test-dir/MiniOzoneClusterImpl-beba80e5-651a-4af8-b5a8-e6eb83706070/datanode-6/data/ratis/b5146873-3458-472b-a3c0-6779b489c9a8 does not exist. Creating ...
2019-09-11 07:01:05,952 [pool-27-thread-1] INFO  server.RaftServerConfigKeys (ConfUtils.java:logGet(43)) - raft.server.rpc.timeout.min = 5s (custom)
2019-09-11 07:01:05,952 [pool-27-thread-1] INFO  server.RaftServerConfigKeys (ConfUtils.java:logGet(43)) - raft.server.rpc.timeout.max = 5200ms (custom)
2019-09-11 07:01:05,953 [pool-27-thread-1] INFO  server.RaftServerConfigKeys (ConfUtils.java:logGet(43)) - raft.server.rpcslowness.timeout = 120s (custom)
2019-09-11 07:01:05,953 [pool-27-thread-1] INFO  server.RaftServerConfigKeys (ConfUtils.java:logGet(43)) - raft.server.sleep.deviation.threshold = 300 (default)
2019-09-11 07:01:05,953 [pool-27-thread-1] INFO  server.RaftServerConfigKeys (ConfUtils.java:logGet(43)) - raft.server.log.appender.install.snapshot.enabled = false (custom)
2019-09-11 07:01:05,953 [pool-27-thread-1] INFO  impl.RaftServerImpl (ServerState.java:<init>(103)) - 1a989eca-a026-4062-a574-e52a85f9a2a4@group-6779B489C9A8: ConfigurationManager, init=-1: [69a71f03-bd49-4dcf-a91a-b858634f7ca8:192.168.34.12:43469, 4bd4e05e-fa44-45f4-99bb-ac21c4078a41:192.168.34.12:36091, 1a989eca-a026-4062-a574-e52a85f9a2a4:192.168.34.12:35514], old=null, confs=<EMPTY_MAP>
2019-09-11 07:01:05,953 [pool-37-thread-1] INFO  impl.RaftServerImpl (RaftServerImpl.java:<init>(95)) - 69a71f03-bd49-4dcf-a91a-b858634f7ca8: new RaftServerImpl for group-6779B489C9A8:[69a71f03-bd49-4dcf-a91a-b858634f7ca8:192.168.34.12:43469, 4bd4e05e-fa44-45f4-99bb-ac21c4078a41:192.168.34.12:36091, 1a989eca-a026-4062-a574-e52a85f9a2a4:192.168.34.12:35514] with ContainerStateMachine:uninitialized
2019-09-11 07:01:05,953 [pool-27-thread-1] INFO  server.RaftServerConfigKeys (ConfUtils.java:logGet(43)) - raft.server.storage.dir = [/workdir/hadoop-ozone/integration-test/target/test-dir/MiniOzoneClusterImpl-beba80e5-651a-4af8-b5a8-e6eb83706070/datanode-0/data/ratis] (custom)
2019-09-11 07:01:05,953 [pool-37-thread-1] INFO  server.RaftServerConfigKeys (ConfUtils.java:logGet(43)) - raft.server.rpc.timeout.min = 5s (custom)
2019-09-11 07:01:05,954 [pool-37-thread-1] INFO  server.RaftServerConfigKeys (ConfUtils.java:logGet(43)) - raft.server.rpc.timeout.max = 5200ms (custom)
2019-09-11 07:01:05,954 [pool-27-thread-1] INFO  storage.RaftStorageDirectory (RaftStorageDirectory.java:analyzeStorage(246)) - The storage directory /workdir/hadoop-ozone/integration-test/target/test-dir/MiniOzoneClusterImpl-beba80e5-651a-4af8-b5a8-e6eb83706070/datanode-0/data/ratis/b5146873-3458-472b-a3c0-6779b489c9a8 does not exist. Creating ...
2019-09-11 07:01:05,954 [pool-37-thread-1] INFO  server.RaftServerConfigKeys (ConfUtils.java:logGet(43)) - raft.server.rpcslowness.timeout = 120s (custom)
2019-09-11 07:01:05,954 [pool-37-thread-1] INFO  server.RaftServerConfigKeys (ConfUtils.java:logGet(43)) - raft.server.sleep.deviation.threshold = 300 (default)
2019-09-11 07:01:05,954 [pool-37-thread-1] INFO  server.RaftServerConfigKeys (ConfUtils.java:logGet(43)) - raft.server.log.appender.install.snapshot.enabled = false (custom)
2019-09-11 07:01:05,954 [pool-37-thread-1] INFO  impl.RaftServerImpl (ServerState.java:<init>(103)) - 69a71f03-bd49-4dcf-a91a-b858634f7ca8@group-6779B489C9A8: ConfigurationManager, init=-1: [69a71f03-bd49-4dcf-a91a-b858634f7ca8:192.168.34.12:43469, 4bd4e05e-fa44-45f4-99bb-ac21c4078a41:192.168.34.12:36091, 1a989eca-a026-4062-a574-e52a85f9a2a4:192.168.34.12:35514], old=null, confs=<EMPTY_MAP>
2019-09-11 07:01:05,954 [pool-37-thread-1] INFO  server.RaftServerConfigKeys (ConfUtils.java:logGet(43)) - raft.server.storage.dir = [/workdir/hadoop-ozone/integration-test/target/test-dir/MiniOzoneClusterImpl-beba80e5-651a-4af8-b5a8-e6eb83706070/datanode-1/data/ratis] (custom)
2019-09-11 07:01:05,955 [pool-37-thread-1] INFO  storage.RaftStorageDirectory (RaftStorageDirectory.java:analyzeStorage(246)) - The storage directory /workdir/hadoop-ozone/integration-test/target/test-dir/MiniOzoneClusterImpl-beba80e5-651a-4af8-b5a8-e6eb83706070/datanode-1/data/ratis/b5146873-3458-472b-a3c0-6779b489c9a8 does not exist. Creating ...
2019-09-11 07:01:05,966 [pool-37-thread-1] INFO  storage.RaftStorageDirectory (RaftStorageDirectory.java:tryLock(328)) - Lock on /workdir/hadoop-ozone/integration-test/target/test-dir/MiniOzoneClusterImpl-beba80e5-651a-4af8-b5a8-e6eb83706070/datanode-1/data/ratis/b5146873-3458-472b-a3c0-6779b489c9a8/in_use.lock acquired by nodename 10795@pr-hdds-2106-8t9qr-763259812
2019-09-11 07:01:05,966 [pool-87-thread-1] INFO  storage.RaftStorageDirectory (RaftStorageDirectory.java:tryLock(328)) - Lock on /workdir/hadoop-ozone/integration-test/target/test-dir/MiniOzoneClusterImpl-beba80e5-651a-4af8-b5a8-e6eb83706070/datanode-6/data/ratis/b5146873-3458-472b-a3c0-6779b489c9a8/in_use.lock acquired by nodename 10795@pr-hdds-2106-8t9qr-763259812
2019-09-11 07:01:05,966 [pool-27-thread-1] INFO  storage.RaftStorageDirectory (RaftStorageDirectory.java:tryLock(328)) - Lock on /workdir/hadoop-ozone/integration-test/target/test-dir/MiniOzoneClusterImpl-beba80e5-651a-4af8-b5a8-e6eb83706070/datanode-0/data/ratis/b5146873-3458-472b-a3c0-6779b489c9a8/in_use.lock acquired by nodename 10795@pr-hdds-2106-8t9qr-763259812
2019-09-11 07:01:05,980 [pool-27-thread-1] INFO  storage.RaftStorage (RaftStorage.java:format(72)) - Storage directory /workdir/hadoop-ozone/integration-test/target/test-dir/MiniOzoneClusterImpl-beba80e5-651a-4af8-b5a8-e6eb83706070/datanode-0/data/ratis/b5146873-3458-472b-a3c0-6779b489c9a8 has been successfully formatted.
2019-09-11 07:01:05,980 [pool-37-thread-1] INFO  storage.RaftStorage (RaftStorage.java:format(72)) - Storage directory /workdir/hadoop-ozone/integration-test/target/test-dir/MiniOzoneClusterImpl-beba80e5-651a-4af8-b5a8-e6eb83706070/datanode-1/data/ratis/b5146873-3458-472b-a3c0-6779b489c9a8 has been successfully formatted.
2019-09-11 07:01:05,980 [pool-27-thread-1] INFO  ratis.ContainerStateMachine (ContainerStateMachine.java:loadSnapshot(230)) - group-6779B489C9A8: The snapshot info is null. Setting the last applied indexto:(t:0, i:~)
2019-09-11 07:01:05,980 [pool-87-thread-1] INFO  storage.RaftStorage (RaftStorage.java:format(72)) - Storage directory /workdir/hadoop-ozone/integration-test/target/test-dir/MiniOzoneClusterImpl-beba80e5-651a-4af8-b5a8-e6eb83706070/datanode-6/data/ratis/b5146873-3458-472b-a3c0-6779b489c9a8 has been successfully formatted.
2019-09-11 07:01:05,980 [pool-37-thread-1] INFO  ratis.ContainerStateMachine (ContainerStateMachine.java:loadSnapshot(230)) - group-6779B489C9A8: The snapshot info is null. Setting the last applied indexto:(t:0, i:~)
2019-09-11 07:01:05,980 [pool-27-thread-1] INFO  server.RaftServerConfigKeys (ConfUtils.java:logGet(43)) - raft.server.notification.no-leader.timeout = 120s (custom)
2019-09-11 07:01:05,980 [pool-87-thread-1] INFO  ratis.ContainerStateMachine (ContainerStateMachine.java:loadSnapshot(230)) - group-6779B489C9A8: The snapshot info is null. Setting the last applied indexto:(t:0, i:~)
2019-09-11 07:01:05,980 [pool-37-thread-1] INFO  server.RaftServerConfigKeys (ConfUtils.java:logGet(43)) - raft.server.notification.no-leader.timeout = 120s (custom)
2019-09-11 07:01:05,981 [pool-87-thread-1] INFO  server.RaftServerConfigKeys (ConfUtils.java:logGet(43)) - raft.server.notification.no-leader.timeout = 120s (custom)
2019-09-11 07:01:05,981 [pool-27-thread-1] INFO  server.RaftServerConfigKeys (ConfUtils.java:logGet(43)) - raft.server.log.use.memory = false (default)
2019-09-11 07:01:05,981 [pool-87-thread-1] INFO  server.RaftServerConfigKeys (ConfUtils.java:logGet(43)) - raft.server.log.use.memory = false (default)
2019-09-11 07:01:05,981 [pool-27-thread-1] INFO  server.RaftServerConfigKeys (ConfUtils.java:logGet(43)) - raft.server.log.purge.gap = 1000000 (custom)
2019-09-11 07:01:05,981 [pool-37-thread-1] INFO  server.RaftServerConfigKeys (ConfUtils.java:logGet(43)) - raft.server.log.use.memory = false (default)
2019-09-11 07:01:05,981 [pool-27-thread-1] INFO  server.RaftServerConfigKeys (ConfUtils.java:logGet(43)) - raft.server.log.appender.buffer.byte-limit = 33554432 (custom)
2019-09-11 07:01:05,981 [pool-87-thread-1] INFO  server.RaftServerConfigKeys (ConfUtils.java:logGet(43)) - raft.server.log.purge.gap = 1000000 (custom)
2019-09-11 07:01:05,982 [pool-27-thread-1] INFO  server.RaftServerConfigKeys (ConfUtils.java:logGet(43)) - raft.server.log.segment.size.max = 1048576 (custom)
2019-09-11 07:01:05,982 [pool-37-thread-1] INFO  server.RaftServerConfigKeys (ConfUtils.java:logGet(43)) - raft.server.log.purge.gap = 1000000 (custom)
2019-09-11 07:01:05,982 [pool-27-thread-1] INFO  server.RaftServerConfigKeys (ConfUtils.java:logGet(43)) - raft.server.log.segment.cache.num.max = 2 (custom)
2019-09-11 07:01:05,982 [pool-87-thread-1] INFO  server.RaftServerConfigKeys (ConfUtils.java:logGet(43)) - raft.server.log.appender.buffer.byte-limit = 33554432 (custom)
2019-09-11 07:01:05,982 [pool-27-thread-1] INFO  segmented.SegmentedRaftLogWorker (SegmentedRaftLogWorker.java:<init>(172)) - new 1a989eca-a026-4062-a574-e52a85f9a2a4@group-6779B489C9A8-SegmentedRaftLogWorker for RaftStorage:Storage Directory /workdir/hadoop-ozone/integration-test/target/test-dir/MiniOzoneClusterImpl-beba80e5-651a-4af8-b5a8-e6eb83706070/datanode-0/data/ratis/b5146873-3458-472b-a3c0-6779b489c9a8
2019-09-11 07:01:05,982 [pool-37-thread-1] INFO  server.RaftServerConfigKeys (ConfUtils.java:logGet(43)) - raft.server.log.appender.buffer.byte-limit = 33554432 (custom)
2019-09-11 07:01:05,983 [pool-27-thread-1] INFO  server.RaftServerConfigKeys (ConfUtils.java:logGet(43)) - raft.server.log.queue.byte-limit = 2147483647 (custom)
2019-09-11 07:01:05,982 [pool-87-thread-1] INFO  server.RaftServerConfigKeys (ConfUtils.java:logGet(43)) - raft.server.log.segment.size.max = 1048576 (custom)
2019-09-11 07:01:05,983 [pool-27-thread-1] INFO  server.RaftServerConfigKeys (ConfUtils.java:logGet(43)) - raft.server.log.queue.element-limit = 1024 (custom)
2019-09-11 07:01:05,983 [pool-37-thread-1] INFO  server.RaftServerConfigKeys (ConfUtils.java:logGet(43)) - raft.server.log.segment.size.max = 1048576 (custom)
2019-09-11 07:01:05,983 [pool-27-thread-1] INFO  server.RaftServerConfigKeys (ConfUtils.java:logGet(43)) - raft.server.log.segment.size.max = 1048576 (custom)
2019-09-11 07:01:05,983 [pool-87-thread-1] INFO  server.RaftServerConfigKeys (ConfUtils.java:logGet(43)) - raft.server.log.segment.cache.num.max = 2 (custom)
2019-09-11 07:01:05,983 [pool-27-thread-1] INFO  server.RaftServerConfigKeys (ConfUtils.java:logGet(43)) - raft.server.log.preallocated.size = 16384 (custom)
2019-09-11 07:01:05,983 [pool-37-thread-1] INFO  server.RaftServerConfigKeys (ConfUtils.java:logGet(43)) - raft.server.log.segment.cache.num.max = 2 (custom)
2019-09-11 07:01:05,984 [pool-27-thread-1] INFO  server.RaftServerConfigKeys (ConfUtils.java:logGet(43)) - raft.server.log.write.buffer.size = 33554432 (custom)
2019-09-11 07:01:05,983 [pool-87-thread-1] INFO  segmented.SegmentedRaftLogWorker (SegmentedRaftLogWorker.java:<init>(172)) - new 4bd4e05e-fa44-45f4-99bb-ac21c4078a41@group-6779B489C9A8-SegmentedRaftLogWorker for RaftStorage:Storage Directory /workdir/hadoop-ozone/integration-test/target/test-dir/MiniOzoneClusterImpl-beba80e5-651a-4af8-b5a8-e6eb83706070/datanode-6/data/ratis/b5146873-3458-472b-a3c0-6779b489c9a8
2019-09-11 07:01:05,984 [pool-27-thread-1] INFO  server.RaftServerConfigKeys (ConfUtils.java:logGet(43)) - raft.server.log.force.sync.num = 128 (default)
2019-09-11 07:01:05,984 [pool-37-thread-1] INFO  segmented.SegmentedRaftLogWorker (SegmentedRaftLogWorker.java:<init>(172)) - new 69a71f03-bd49-4dcf-a91a-b858634f7ca8@group-6779B489C9A8-SegmentedRaftLogWorker for RaftStorage:Storage Directory /workdir/hadoop-ozone/integration-test/target/test-dir/MiniOzoneClusterImpl-beba80e5-651a-4af8-b5a8-e6eb83706070/datanode-1/data/ratis/b5146873-3458-472b-a3c0-6779b489c9a8
2019-09-11 07:01:05,984 [pool-27-thread-1] INFO  server.RaftServerConfigKeys (ConfUtils.java:logGet(43)) - raft.server.log.statemachine.data.sync = true (default)
2019-09-11 07:01:05,984 [pool-87-thread-1] INFO  server.RaftServerConfigKeys (ConfUtils.java:logGet(43)) - raft.server.log.queue.byte-limit = 2147483647 (custom)
2019-09-11 07:01:05,984 [pool-27-thread-1] INFO  server.RaftServerConfigKeys (ConfUtils.java:logGet(43)) - raft.server.log.statemachine.data.sync.timeout = 10s (default)
2019-09-11 07:01:05,984 [pool-37-thread-1] INFO  server.RaftServerConfigKeys (ConfUtils.java:logGet(43)) - raft.server.log.queue.byte-limit = 2147483647 (custom)
2019-09-11 07:01:05,985 [pool-27-thread-1] INFO  server.RaftServerConfigKeys (ConfUtils.java:logGet(43)) - raft.server.log.statemachine.data.sync.timeout.retry = -1 (default)
2019-09-11 07:01:05,984 [pool-87-thread-1] INFO  server.RaftServerConfigKeys (ConfUtils.java:logGet(43)) - raft.server.log.queue.element-limit = 1024 (custom)
2019-09-11 07:01:05,985 [pool-27-thread-1] INFO  server.RaftServerConfigKeys (ConfUtils.java:logGet(43)) - raft.server.log.statemachine.data.caching.enabled = true (custom)
2019-09-11 07:01:05,985 [pool-37-thread-1] INFO  server.RaftServerConfigKeys (ConfUtils.java:logGet(43)) - raft.server.log.queue.element-limit = 1024 (custom)
2019-09-11 07:01:05,985 [pool-87-thread-1] INFO  server.RaftServerConfigKeys (ConfUtils.java:logGet(43)) - raft.server.log.segment.size.max = 1048576 (custom)
2019-09-11 07:01:05,985 [pool-37-thread-1] INFO  server.RaftServerConfigKeys (ConfUtils.java:logGet(43)) - raft.server.log.segment.size.max = 1048576 (custom)
2019-09-11 07:01:05,985 [pool-27-thread-1] INFO  segmented.SegmentedRaftLogWorker (SegmentedRaftLogWorker.java:lambda$new$0(132)) - 1a989eca-a026-4062-a574-e52a85f9a2a4@group-6779B489C9A8-SegmentedRaftLogWorker: flushIndex: setUnconditionally 0 -> -1
2019-09-11 07:01:05,985 [pool-37-thread-1] INFO  server.RaftServerConfigKeys (ConfUtils.java:logGet(43)) - raft.server.log.preallocated.size = 16384 (custom)
2019-09-11 07:01:05,985 [pool-87-thread-1] INFO  server.RaftServerConfigKeys (ConfUtils.java:logGet(43)) - raft.server.log.preallocated.size = 16384 (custom)
2019-09-11 07:01:05,986 [pool-27-thread-1] INFO  server.RaftServerConfigKeys (ConfUtils.java:logGet(43)) - raft.server.snapshot.auto.trigger.enabled = true (custom)
2019-09-11 07:01:05,986 [pool-37-thread-1] INFO  server.RaftServerConfigKeys (ConfUtils.java:logGet(43)) - raft.server.log.write.buffer.size = 33554432 (custom)
2019-09-11 07:01:05,986 [pool-27-thread-1] INFO  server.RaftServerConfigKeys (ConfUtils.java:logGet(43)) - raft.server.snapshot.auto.trigger.threshold = 10000 (custom)
2019-09-11 07:01:05,986 [pool-87-thread-1] INFO  server.RaftServerConfigKeys (ConfUtils.java:logGet(43)) - raft.server.log.write.buffer.size = 33554432 (custom)
2019-09-11 07:01:05,986 [pool-27-thread-1] INFO  server.RaftServerConfigKeys (ConfUtils.java:logGet(43)) - raft.server.snapshot.retention.num.files = -1 (default)
2019-09-11 07:01:05,986 [pool-37-thread-1] INFO  server.RaftServerConfigKeys (ConfUtils.java:logGet(43)) - raft.server.log.force.sync.num = 128 (default)
2019-09-11 07:01:05,987 [pool-27-thread-1] INFO  server.RaftServerConfigKeys (ConfUtils.java:logGet(43)) - raft.server.retrycache.expirytime = 600000ms (custom)
2019-09-11 07:01:05,986 [pool-87-thread-1] INFO  server.RaftServerConfigKeys (ConfUtils.java:logGet(43)) - raft.server.log.force.sync.num = 128 (default)
2019-09-11 07:01:05,987 [pool-37-thread-1] INFO  server.RaftServerConfigKeys (ConfUtils.java:logGet(43)) - raft.server.log.statemachine.data.sync = true (default)
2019-09-11 07:01:05,987 [pool-87-thread-1] INFO  server.RaftServerConfigKeys (ConfUtils.java:logGet(43)) - raft.server.log.statemachine.data.sync = true (default)
2019-09-11 07:01:05,987 [pool-37-thread-1] INFO  server.RaftServerConfigKeys (ConfUtils.java:logGet(43)) - raft.server.log.statemachine.data.sync.timeout = 10s (default)
2019-09-11 07:01:05,987 [pool-87-thread-1] INFO  server.RaftServerConfigKeys (ConfUtils.java:logGet(43)) - raft.server.log.statemachine.data.sync.timeout = 10s (default)
2019-09-11 07:01:05,987 [pool-37-thread-1] INFO  server.RaftServerConfigKeys (ConfUtils.java:logGet(43)) - raft.server.log.statemachine.data.sync.timeout.retry = -1 (default)
2019-09-11 07:01:05,988 [pool-87-thread-1] INFO  server.RaftServerConfigKeys (ConfUtils.java:logGet(43)) - raft.server.log.statemachine.data.sync.timeout.retry = -1 (default)
2019-09-11 07:01:05,988 [pool-37-thread-1] INFO  server.RaftServerConfigKeys (ConfUtils.java:logGet(43)) - raft.server.log.statemachine.data.caching.enabled = true (custom)
2019-09-11 07:01:05,988 [pool-87-thread-1] INFO  server.RaftServerConfigKeys (ConfUtils.java:logGet(43)) - raft.server.log.statemachine.data.caching.enabled = true (custom)
2019-09-11 07:01:05,988 [pool-37-thread-1] INFO  segmented.SegmentedRaftLogWorker (SegmentedRaftLogWorker.java:lambda$new$0(132)) - 69a71f03-bd49-4dcf-a91a-b858634f7ca8@group-6779B489C9A8-SegmentedRaftLogWorker: flushIndex: setUnconditionally 0 -> -1
2019-09-11 07:01:05,988 [pool-87-thread-1] INFO  segmented.SegmentedRaftLogWorker (SegmentedRaftLogWorker.java:lambda$new$0(132)) - 4bd4e05e-fa44-45f4-99bb-ac21c4078a41@group-6779B489C9A8-SegmentedRaftLogWorker: flushIndex: setUnconditionally 0 -> -1
2019-09-11 07:01:05,989 [pool-37-thread-1] INFO  server.RaftServerConfigKeys (ConfUtils.java:logGet(43)) - raft.server.snapshot.auto.trigger.enabled = true (custom)
2019-09-11 07:01:05,989 [pool-37-thread-1] INFO  server.RaftServerConfigKeys (ConfUtils.java:logGet(43)) - raft.server.snapshot.auto.trigger.threshold = 10000 (custom)
2019-09-11 07:01:05,989 [pool-87-thread-1] INFO  server.RaftServerConfigKeys (ConfUtils.java:logGet(43)) - raft.server.snapshot.auto.trigger.enabled = true (custom)
2019-09-11 07:01:05,989 [pool-37-thread-1] INFO  server.RaftServerConfigKeys (ConfUtils.java:logGet(43)) - raft.server.snapshot.retention.num.files = -1 (default)
2019-09-11 07:01:05,989 [pool-87-thread-1] INFO  server.RaftServerConfigKeys (ConfUtils.java:logGet(43)) - raft.server.snapshot.auto.trigger.threshold = 10000 (custom)
2019-09-11 07:01:05,989 [pool-37-thread-1] INFO  server.RaftServerConfigKeys (ConfUtils.java:logGet(43)) - raft.server.retrycache.expirytime = 600000ms (custom)
2019-09-11 07:01:05,989 [pool-27-thread-1] INFO  impl.RaftServerImpl (RaftServerImpl.java:start(185)) - 1a989eca-a026-4062-a574-e52a85f9a2a4@group-6779B489C9A8: start as a follower, conf=-1: [69a71f03-bd49-4dcf-a91a-b858634f7ca8:192.168.34.12:43469, 4bd4e05e-fa44-45f4-99bb-ac21c4078a41:192.168.34.12:36091, 1a989eca-a026-4062-a574-e52a85f9a2a4:192.168.34.12:35514], old=null
2019-09-11 07:01:05,989 [pool-87-thread-1] INFO  server.RaftServerConfigKeys (ConfUtils.java:logGet(43)) - raft.server.snapshot.retention.num.files = -1 (default)
2019-09-11 07:01:05,990 [pool-27-thread-1] INFO  impl.RaftServerImpl (RaftServerImpl.java:setRole(174)) - 1a989eca-a026-4062-a574-e52a85f9a2a4@group-6779B489C9A8: changes role from      null to FOLLOWER at term 0 for startAsFollower
2019-09-11 07:01:05,990 [pool-87-thread-1] INFO  server.RaftServerConfigKeys (ConfUtils.java:logGet(43)) - raft.server.retrycache.expirytime = 600000ms (custom)
2019-09-11 07:01:05,990 [pool-27-thread-1] INFO  impl.RoleInfo (RoleInfo.java:updateAndGet(143)) - 1a989eca-a026-4062-a574-e52a85f9a2a4: start FollowerState
2019-09-11 07:01:05,990 [pool-27-thread-1] INFO  util.JmxRegister (JmxRegister.java:tryRegister(44)) - Successfully registered JMX Bean with object name Ratis:service=RaftServer,group=group-6779B489C9A8,id=1a989eca-a026-4062-a574-e52a85f9a2a4
2019-09-11 07:01:05,992 [pool-37-thread-1] INFO  impl.RaftServerImpl (RaftServerImpl.java:start(185)) - 69a71f03-bd49-4dcf-a91a-b858634f7ca8@group-6779B489C9A8: start as a follower, conf=-1: [69a71f03-bd49-4dcf-a91a-b858634f7ca8:192.168.34.12:43469, 4bd4e05e-fa44-45f4-99bb-ac21c4078a41:192.168.34.12:36091, 1a989eca-a026-4062-a574-e52a85f9a2a4:192.168.34.12:35514], old=null
2019-09-11 07:01:05,995 [pool-37-thread-1] INFO  impl.RaftServerImpl (RaftServerImpl.java:setRole(174)) - 69a71f03-bd49-4dcf-a91a-b858634f7ca8@group-6779B489C9A8: changes role from      null to FOLLOWER at term 0 for startAsFollower
2019-09-11 07:01:05,995 [pool-37-thread-1] INFO  impl.RoleInfo (RoleInfo.java:updateAndGet(143)) - 69a71f03-bd49-4dcf-a91a-b858634f7ca8: start FollowerState
2019-09-11 07:01:05,995 [pool-87-thread-1] INFO  impl.RaftServerImpl (RaftServerImpl.java:start(185)) - 4bd4e05e-fa44-45f4-99bb-ac21c4078a41@group-6779B489C9A8: start as a follower, conf=-1: [69a71f03-bd49-4dcf-a91a-b858634f7ca8:192.168.34.12:43469, 4bd4e05e-fa44-45f4-99bb-ac21c4078a41:192.168.34.12:36091, 1a989eca-a026-4062-a574-e52a85f9a2a4:192.168.34.12:35514], old=null
2019-09-11 07:01:05,996 [pool-37-thread-1] INFO  util.JmxRegister (JmxRegister.java:tryRegister(44)) - Successfully registered JMX Bean with object name Ratis:service=RaftServer,group=group-6779B489C9A8,id=69a71f03-bd49-4dcf-a91a-b858634f7ca8
2019-09-11 07:01:05,996 [pool-87-thread-1] INFO  impl.RaftServerImpl (RaftServerImpl.java:setRole(174)) - 4bd4e05e-fa44-45f4-99bb-ac21c4078a41@group-6779B489C9A8: changes role from      null to FOLLOWER at term 0 for startAsFollower
2019-09-11 07:01:05,996 [pool-87-thread-1] INFO  impl.RoleInfo (RoleInfo.java:updateAndGet(143)) - 4bd4e05e-fa44-45f4-99bb-ac21c4078a41: start FollowerState
2019-09-11 07:01:05,996 [pool-87-thread-1] INFO  util.JmxRegister (JmxRegister.java:tryRegister(44)) - Successfully registered JMX Bean with object name Ratis:service=RaftServer,group=group-6779B489C9A8,id=4bd4e05e-fa44-45f4-99bb-ac21c4078a41
2019-09-11 07:01:06,004 [RatisPipelineUtilsThread] INFO  pipeline.PipelineStateManager (PipelineStateManager.java:addPipeline(56)) - Created pipeline Pipeline[ Id: b5146873-3458-472b-a3c0-6779b489c9a8, Nodes: 1a989eca-a026-4062-a574-e52a85f9a2a4{ip: 192.168.34.12, host: pr-hdds-2106-8t9qr-763259812, networkLocation: /default-rack, certSerialId: null}4bd4e05e-fa44-45f4-99bb-ac21c4078a41{ip: 192.168.34.12, host: pr-hdds-2106-8t9qr-763259812, networkLocation: /default-rack, certSerialId: null}69a71f03-bd49-4dcf-a91a-b858634f7ca8{ip: 192.168.34.12, host: pr-hdds-2106-8t9qr-763259812, networkLocation: /default-rack, certSerialId: null}, Type:RATIS, Factor:THREE, State:OPEN]
2019-09-11 07:01:06,573 [main] WARN  io.KeyOutputStream (KeyOutputStream.java:handleException(276)) - Encountered exception java.io.IOException: Unexpected Storage Container Exception: java.util.concurrent.CompletionException: java.util.concurrent.CompletionException: org.apache.ratis.protocol.GroupMismatchException: 1a989eca-a026-4062-a574-e52a85f9a2a4: group-4E1E24F5414E not found. on the pipeline Pipeline[ Id: 3bf2ead7-e111-4ba5-a3e3-4e1e24f5414e, Nodes: 1a989eca-a026-4062-a574-e52a85f9a2a4{ip: 192.168.34.12, host: pr-hdds-2106-8t9qr-763259812, networkLocation: /default-rack, certSerialId: null}4bd4e05e-fa44-45f4-99bb-ac21c4078a41{ip: 192.168.34.12, host: pr-hdds-2106-8t9qr-763259812, networkLocation: /default-rack, certSerialId: null}69a71f03-bd49-4dcf-a91a-b858634f7ca8{ip: 192.168.34.12, host: pr-hdds-2106-8t9qr-763259812, networkLocation: /default-rack, certSerialId: null}, Type:RATIS, Factor:THREE, State:OPEN]. The last committed block length is 0, uncommitted data length is 250 retry count 0
2019-09-11 07:01:06,645 [grpc-default-executor-2] INFO  client.GrpcClientProtocolClient (GrpcClientProtocolClient.java:onNext(264)) - client-8D786902D131->1a989eca-a026-4062-a574-e52a85f9a2a4: receive RaftClientReply:client-8D786902D131->1a989eca-a026-4062-a574-e52a85f9a2a4@group-6779B489C9A8, cid=27, FAILED org.apache.ratis.protocol.NotLeaderException: Server 1a989eca-a026-4062-a574-e52a85f9a2a4@group-6779B489C9A8 is not the leader, logIndex=0, commits[1a989eca-a026-4062-a574-e52a85f9a2a4:c-1]
2019-09-11 07:01:07,690 [grpc-default-executor-1] INFO  client.GrpcClientProtocolClient (GrpcClientProtocolClient.java:onNext(264)) - client-8D786902D131->4bd4e05e-fa44-45f4-99bb-ac21c4078a41: receive RaftClientReply:client-8D786902D131->4bd4e05e-fa44-45f4-99bb-ac21c4078a41@group-6779B489C9A8, cid=27, FAILED org.apache.ratis.protocol.NotLeaderException: Server 4bd4e05e-fa44-45f4-99bb-ac21c4078a41@group-6779B489C9A8 is not the leader, logIndex=0, commits[4bd4e05e-fa44-45f4-99bb-ac21c4078a41:c-1]
2019-09-11 07:01:08,337 [grpc-default-executor-2] INFO  impl.RaftServerProxy (RaftServerProxy.java:remove(95)) - 1a989eca-a026-4062-a574-e52a85f9a2a4: remove group-4E1E24F5414E:null
2019-09-11 07:01:08,348 [RatisPipelineUtilsThread] WARN  pipeline.RatisPipelineUtils (RatisPipelineUtils.java:destroyPipeline(66)) - Pipeline destroy failed for pipeline=PipelineID=3bf2ead7-e111-4ba5-a3e3-4e1e24f5414e dn=1a989eca-a026-4062-a574-e52a85f9a2a4{ip: 192.168.34.12, host: pr-hdds-2106-8t9qr-763259812, networkLocation: /default-rack, certSerialId: null}
2019-09-11 07:01:08,357 [grpc-default-executor-2] INFO  impl.RaftServerProxy (RaftServerProxy.java:remove(95)) - 4bd4e05e-fa44-45f4-99bb-ac21c4078a41: remove group-4E1E24F5414E:null
2019-09-11 07:01:08,364 [RatisPipelineUtilsThread] WARN  pipeline.RatisPipelineUtils (RatisPipelineUtils.java:destroyPipeline(66)) - Pipeline destroy failed for pipeline=PipelineID=3bf2ead7-e111-4ba5-a3e3-4e1e24f5414e dn=4bd4e05e-fa44-45f4-99bb-ac21c4078a41{ip: 192.168.34.12, host: pr-hdds-2106-8t9qr-763259812, networkLocation: /default-rack, certSerialId: null}
2019-09-11 07:01:08,381 [grpc-default-executor-2] INFO  impl.RaftServerProxy (RaftServerProxy.java:remove(95)) - 69a71f03-bd49-4dcf-a91a-b858634f7ca8: remove group-4E1E24F5414E:null
2019-09-11 07:01:08,389 [RatisPipelineUtilsThread] WARN  pipeline.RatisPipelineUtils (RatisPipelineUtils.java:destroyPipeline(66)) - Pipeline destroy failed for pipeline=PipelineID=3bf2ead7-e111-4ba5-a3e3-4e1e24f5414e dn=69a71f03-bd49-4dcf-a91a-b858634f7ca8{ip: 192.168.34.12, host: pr-hdds-2106-8t9qr-763259812, networkLocation: /default-rack, certSerialId: null}
2019-09-11 07:01:08,389 [RatisPipelineUtilsThread] ERROR pipeline.SCMPipelineManager (Scheduler.java:lambda$schedule$1(70)) - Destroy pipeline failed for pipeline:Pipeline[ Id: 3bf2ead7-e111-4ba5-a3e3-4e1e24f5414e, Nodes: 1a989eca-a026-4062-a574-e52a85f9a2a4{ip: 192.168.34.12, host: pr-hdds-2106-8t9qr-763259812, networkLocation: /default-rack, certSerialId: null}4bd4e05e-fa44-45f4-99bb-ac21c4078a41{ip: 192.168.34.12, host: pr-hdds-2106-8t9qr-763259812, networkLocation: /default-rack, certSerialId: null}69a71f03-bd49-4dcf-a91a-b858634f7ca8{ip: 192.168.34.12, host: pr-hdds-2106-8t9qr-763259812, networkLocation: /default-rack, certSerialId: null}, Type:RATIS, Factor:THREE, State:CLOSED]
org.apache.hadoop.hdds.scm.pipeline.PipelineNotFoundException: PipelineID=3bf2ead7-e111-4ba5-a3e3-4e1e24f5414e not found
	at org.apache.hadoop.hdds.scm.pipeline.PipelineStateMap.getPipeline(PipelineStateMap.java:132)
	at org.apache.hadoop.hdds.scm.pipeline.PipelineStateMap.removePipeline(PipelineStateMap.java:322)
	at org.apache.hadoop.hdds.scm.pipeline.PipelineStateManager.removePipeline(PipelineStateManager.java:107)
	at org.apache.hadoop.hdds.scm.pipeline.SCMPipelineManager.removePipeline(SCMPipelineManager.java:423)
	at org.apache.hadoop.hdds.scm.pipeline.SCMPipelineManager.destroyPipeline(SCMPipelineManager.java:409)
	at org.apache.hadoop.hdds.scm.pipeline.SCMPipelineManager.lambda$finalizeAndDestroyPipeline$0(SCMPipelineManager.java:318)
	at org.apache.hadoop.utils.Scheduler.lambda$schedule$1(Scheduler.java:68)
	at java.util.concurrent.Executors$RunnableAdapter.call(Executors.java:511)
	at java.util.concurrent.FutureTask.run(FutureTask.java:266)
	at java.util.concurrent.ScheduledThreadPoolExecutor$ScheduledFutureTask.access$201(ScheduledThreadPoolExecutor.java:180)
	at java.util.concurrent.ScheduledThreadPoolExecutor$ScheduledFutureTask.run(ScheduledThreadPoolExecutor.java:293)
	at java.util.concurrent.ThreadPoolExecutor.runWorker(ThreadPoolExecutor.java:1149)
	at java.util.concurrent.ThreadPoolExecutor$Worker.run(ThreadPoolExecutor.java:624)
	at java.lang.Thread.run(Thread.java:748)
2019-09-11 07:01:08,717 [grpc-default-executor-2] INFO  client.GrpcClientProtocolClient (GrpcClientProtocolClient.java:onNext(264)) - client-8D786902D131->1a989eca-a026-4062-a574-e52a85f9a2a4: receive RaftClientReply:client-8D786902D131->1a989eca-a026-4062-a574-e52a85f9a2a4@group-6779B489C9A8, cid=27, FAILED org.apache.ratis.protocol.NotLeaderException: Server 1a989eca-a026-4062-a574-e52a85f9a2a4@group-6779B489C9A8 is not the leader, logIndex=0, commits[1a989eca-a026-4062-a574-e52a85f9a2a4:c-1]
2019-09-11 07:01:09,351 [grpc-default-executor-1] INFO  impl.RaftServerProxy (RaftServerProxy.java:remove(95)) - 1a989eca-a026-4062-a574-e52a85f9a2a4: remove group-4E1E24F5414E:null
2019-09-11 07:01:09,359 [RatisPipelineUtilsThread] WARN  pipeline.RatisPipelineUtils (RatisPipelineUtils.java:destroyPipeline(66)) - Pipeline destroy failed for pipeline=PipelineID=3bf2ead7-e111-4ba5-a3e3-4e1e24f5414e dn=1a989eca-a026-4062-a574-e52a85f9a2a4{ip: 192.168.34.12, host: pr-hdds-2106-8t9qr-763259812, networkLocation: /default-rack, certSerialId: null}
2019-09-11 07:01:09,367 [grpc-default-executor-1] INFO  impl.RaftServerProxy (RaftServerProxy.java:remove(95)) - 4bd4e05e-fa44-45f4-99bb-ac21c4078a41: remove group-4E1E24F5414E:null
2019-09-11 07:01:09,375 [RatisPipelineUtilsThread] WARN  pipeline.RatisPipelineUtils (RatisPipelineUtils.java:destroyPipeline(66)) - Pipeline destroy failed for pipeline=PipelineID=3bf2ead7-e111-4ba5-a3e3-4e1e24f5414e dn=4bd4e05e-fa44-45f4-99bb-ac21c4078a41{ip: 192.168.34.12, host: pr-hdds-2106-8t9qr-763259812, networkLocation: /default-rack, certSerialId: null}
2019-09-11 07:01:09,382 [grpc-default-executor-1] INFO  impl.RaftServerProxy (RaftServerProxy.java:remove(95)) - 69a71f03-bd49-4dcf-a91a-b858634f7ca8: remove group-4E1E24F5414E:null
2019-09-11 07:01:09,389 [RatisPipelineUtilsThread] WARN  pipeline.RatisPipelineUtils (RatisPipelineUtils.java:destroyPipeline(66)) - Pipeline destroy failed for pipeline=PipelineID=3bf2ead7-e111-4ba5-a3e3-4e1e24f5414e dn=69a71f03-bd49-4dcf-a91a-b858634f7ca8{ip: 192.168.34.12, host: pr-hdds-2106-8t9qr-763259812, networkLocation: /default-rack, certSerialId: null}
2019-09-11 07:01:09,390 [RatisPipelineUtilsThread] ERROR pipeline.SCMPipelineManager (Scheduler.java:lambda$schedule$1(70)) - Destroy pipeline failed for pipeline:Pipeline[ Id: 3bf2ead7-e111-4ba5-a3e3-4e1e24f5414e, Nodes: 1a989eca-a026-4062-a574-e52a85f9a2a4{ip: 192.168.34.12, host: pr-hdds-2106-8t9qr-763259812, networkLocation: /default-rack, certSerialId: null}4bd4e05e-fa44-45f4-99bb-ac21c4078a41{ip: 192.168.34.12, host: pr-hdds-2106-8t9qr-763259812, networkLocation: /default-rack, certSerialId: null}69a71f03-bd49-4dcf-a91a-b858634f7ca8{ip: 192.168.34.12, host: pr-hdds-2106-8t9qr-763259812, networkLocation: /default-rack, certSerialId: null}, Type:RATIS, Factor:THREE, State:CLOSED]
org.apache.hadoop.hdds.scm.pipeline.PipelineNotFoundException: PipelineID=3bf2ead7-e111-4ba5-a3e3-4e1e24f5414e not found
	at org.apache.hadoop.hdds.scm.pipeline.PipelineStateMap.getPipeline(PipelineStateMap.java:132)
	at org.apache.hadoop.hdds.scm.pipeline.PipelineStateMap.removePipeline(PipelineStateMap.java:322)
	at org.apache.hadoop.hdds.scm.pipeline.PipelineStateManager.removePipeline(PipelineStateManager.java:107)
	at org.apache.hadoop.hdds.scm.pipeline.SCMPipelineManager.removePipeline(SCMPipelineManager.java:423)
	at org.apache.hadoop.hdds.scm.pipeline.SCMPipelineManager.destroyPipeline(SCMPipelineManager.java:409)
	at org.apache.hadoop.hdds.scm.pipeline.SCMPipelineManager.lambda$finalizeAndDestroyPipeline$0(SCMPipelineManager.java:318)
	at org.apache.hadoop.utils.Scheduler.lambda$schedule$1(Scheduler.java:68)
	at java.util.concurrent.Executors$RunnableAdapter.call(Executors.java:511)
	at java.util.concurrent.FutureTask.run(FutureTask.java:266)
	at java.util.concurrent.ScheduledThreadPoolExecutor$ScheduledFutureTask.access$201(ScheduledThreadPoolExecutor.java:180)
	at java.util.concurrent.ScheduledThreadPoolExecutor$ScheduledFutureTask.run(ScheduledThreadPoolExecutor.java:293)
	at java.util.concurrent.ThreadPoolExecutor.runWorker(ThreadPoolExecutor.java:1149)
	at java.util.concurrent.ThreadPoolExecutor$Worker.run(ThreadPoolExecutor.java:624)
	at java.lang.Thread.run(Thread.java:748)
2019-09-11 07:01:09,747 [grpc-default-executor-1] INFO  client.GrpcClientProtocolClient (GrpcClientProtocolClient.java:onNext(264)) - client-8D786902D131->69a71f03-bd49-4dcf-a91a-b858634f7ca8: receive RaftClientReply:client-8D786902D131->69a71f03-bd49-4dcf-a91a-b858634f7ca8@group-6779B489C9A8, cid=27, FAILED org.apache.ratis.protocol.NotLeaderException: Server 69a71f03-bd49-4dcf-a91a-b858634f7ca8@group-6779B489C9A8 is not the leader, logIndex=0, commits[69a71f03-bd49-4dcf-a91a-b858634f7ca8:c-1]
2019-09-11 07:01:10,771 [grpc-default-executor-1] INFO  client.GrpcClientProtocolClient (GrpcClientProtocolClient.java:onNext(264)) - client-8D786902D131->1a989eca-a026-4062-a574-e52a85f9a2a4: receive RaftClientReply:client-8D786902D131->1a989eca-a026-4062-a574-e52a85f9a2a4@group-6779B489C9A8, cid=27, FAILED org.apache.ratis.protocol.NotLeaderException: Server 1a989eca-a026-4062-a574-e52a85f9a2a4@group-6779B489C9A8 is not the leader, logIndex=0, commits[1a989eca-a026-4062-a574-e52a85f9a2a4:c-1]
2019-09-11 07:01:11,038 [Thread-797] INFO  impl.FollowerState (FollowerState.java:run(106)) - 69a71f03-bd49-4dcf-a91a-b858634f7ca8:group-6779B489C9A8 changes to CANDIDATE, lastRpcTime:5042, electionTimeout:5042ms
2019-09-11 07:01:11,038 [Thread-797] INFO  impl.RoleInfo (RoleInfo.java:shutdownFollowerState(121)) - 69a71f03-bd49-4dcf-a91a-b858634f7ca8: shutdown FollowerState
2019-09-11 07:01:11,038 [Thread-797] INFO  impl.RaftServerImpl (RaftServerImpl.java:setRole(174)) - 69a71f03-bd49-4dcf-a91a-b858634f7ca8@group-6779B489C9A8: changes role from  FOLLOWER to CANDIDATE at term 0 for changeToCandidate
2019-09-11 07:01:11,039 [Thread-797] INFO  impl.RoleInfo (RoleInfo.java:updateAndGet(143)) - 69a71f03-bd49-4dcf-a91a-b858634f7ca8: start LeaderElection
2019-09-11 07:01:11,064 [69a71f03-bd49-4dcf-a91a-b858634f7ca8@group-6779B489C9A8:LeaderElection10] INFO  impl.LeaderElection (LeaderElection.java:askForVotes(182)) - 69a71f03-bd49-4dcf-a91a-b858634f7ca8@group-6779B489C9A8:LeaderElection10: begin an election at term 1 for -1: [69a71f03-bd49-4dcf-a91a-b858634f7ca8:192.168.34.12:43469, 4bd4e05e-fa44-45f4-99bb-ac21c4078a41:192.168.34.12:36091, 1a989eca-a026-4062-a574-e52a85f9a2a4:192.168.34.12:35514], old=null
2019-09-11 07:01:11,073 [grpc-default-executor-1] INFO  impl.RaftServerImpl (RaftServerImpl.java:setRole(174)) - 4bd4e05e-fa44-45f4-99bb-ac21c4078a41@group-6779B489C9A8: changes role from  FOLLOWER to FOLLOWER at term 1 for recognizeCandidate:69a71f03-bd49-4dcf-a91a-b858634f7ca8
2019-09-11 07:01:11,073 [grpc-default-executor-2] INFO  impl.RaftServerImpl (RaftServerImpl.java:setRole(174)) - 1a989eca-a026-4062-a574-e52a85f9a2a4@group-6779B489C9A8: changes role from  FOLLOWER to FOLLOWER at term 1 for recognizeCandidate:69a71f03-bd49-4dcf-a91a-b858634f7ca8
2019-09-11 07:01:11,073 [grpc-default-executor-1] INFO  impl.RoleInfo (RoleInfo.java:shutdownFollowerState(121)) - 4bd4e05e-fa44-45f4-99bb-ac21c4078a41: shutdown FollowerState
2019-09-11 07:01:11,073 [grpc-default-executor-2] INFO  impl.RoleInfo (RoleInfo.java:shutdownFollowerState(121)) - 1a989eca-a026-4062-a574-e52a85f9a2a4: shutdown FollowerState
2019-09-11 07:01:11,074 [grpc-default-executor-1] INFO  impl.RoleInfo (RoleInfo.java:updateAndGet(143)) - 4bd4e05e-fa44-45f4-99bb-ac21c4078a41: start FollowerState
2019-09-11 07:01:11,074 [Thread-798] INFO  impl.FollowerState (FollowerState.java:run(115)) - 4bd4e05e-fa44-45f4-99bb-ac21c4078a41: FollowerState was interrupted: java.lang.InterruptedException: sleep interrupted
2019-09-11 07:01:11,074 [Thread-795] INFO  impl.FollowerState (FollowerState.java:run(115)) - 1a989eca-a026-4062-a574-e52a85f9a2a4: FollowerState was interrupted: java.lang.InterruptedException: sleep interrupted
2019-09-11 07:01:11,074 [grpc-default-executor-2] INFO  impl.RoleInfo (RoleInfo.java:updateAndGet(143)) - 1a989eca-a026-4062-a574-e52a85f9a2a4: start FollowerState
2019-09-11 07:01:11,092 [69a71f03-bd49-4dcf-a91a-b858634f7ca8@group-6779B489C9A8:LeaderElection10] INFO  impl.LeaderElection (LeaderElection.java:logAndReturn(56)) - 69a71f03-bd49-4dcf-a91a-b858634f7ca8@group-6779B489C9A8:LeaderElection10: Election PASSED; received 1 response(s) [69a71f03-bd49-4dcf-a91a-b858634f7ca8<-1a989eca-a026-4062-a574-e52a85f9a2a4#0:OK-t1] and 0 exception(s); 69a71f03-bd49-4dcf-a91a-b858634f7ca8@group-6779B489C9A8:t1, leader=null, voted=69a71f03-bd49-4dcf-a91a-b858634f7ca8, raftlog=69a71f03-bd49-4dcf-a91a-b858634f7ca8@group-6779B489C9A8-SegmentedRaftLog:OPENED:c-1,f-1,i0, conf=-1: [69a71f03-bd49-4dcf-a91a-b858634f7ca8:192.168.34.12:43469, 4bd4e05e-fa44-45f4-99bb-ac21c4078a41:192.168.34.12:36091, 1a989eca-a026-4062-a574-e52a85f9a2a4:192.168.34.12:35514], old=null
2019-09-11 07:01:11,093 [69a71f03-bd49-4dcf-a91a-b858634f7ca8@group-6779B489C9A8:LeaderElection10] INFO  impl.RoleInfo (RoleInfo.java:shutdownLeaderElection(134)) - 69a71f03-bd49-4dcf-a91a-b858634f7ca8: shutdown LeaderElection
2019-09-11 07:01:11,095 [69a71f03-bd49-4dcf-a91a-b858634f7ca8@group-6779B489C9A8:LeaderElection10] INFO  impl.RaftServerImpl (RaftServerImpl.java:setRole(174)) - 69a71f03-bd49-4dcf-a91a-b858634f7ca8@group-6779B489C9A8: changes role from CANDIDATE to LEADER at term 1 for changeToLeader
2019-09-11 07:01:11,095 [69a71f03-bd49-4dcf-a91a-b858634f7ca8@group-6779B489C9A8:LeaderElection10] INFO  impl.RaftServerImpl (ServerState.java:setLeader(253)) - 69a71f03-bd49-4dcf-a91a-b858634f7ca8@group-6779B489C9A8: change Leader from null to 69a71f03-bd49-4dcf-a91a-b858634f7ca8 at term 1 for becomeLeader, leader elected after 5114ms
2019-09-11 07:01:11,096 [69a71f03-bd49-4dcf-a91a-b858634f7ca8@group-6779B489C9A8:LeaderElection10] INFO  server.RaftServerConfigKeys (ConfUtils.java:logGet(43)) - raft.server.staging.catchup.gap = 1000 (default)
2019-09-11 07:01:11,096 [69a71f03-bd49-4dcf-a91a-b858634f7ca8@group-6779B489C9A8:LeaderElection10] INFO  server.RaftServerConfigKeys (ConfUtils.java:logGet(43)) - raft.server.rpc.sleep.time = 25ms (default)
2019-09-11 07:01:11,096 [69a71f03-bd49-4dcf-a91a-b858634f7ca8@group-6779B489C9A8:LeaderElection10] INFO  server.RaftServerConfigKeys (ConfUtils.java:logGet(43)) - raft.server.write.element-limit = 4096 (default)
2019-09-11 07:01:11,096 [69a71f03-bd49-4dcf-a91a-b858634f7ca8@group-6779B489C9A8:LeaderElection10] INFO  server.RaftServerConfigKeys (ConfUtils.java:logGet(43)) - raft.server.watch.timeout = 10s (default)
2019-09-11 07:01:11,096 [69a71f03-bd49-4dcf-a91a-b858634f7ca8@group-6779B489C9A8:LeaderElection10] INFO  server.RaftServerConfigKeys (ConfUtils.java:logGet(43)) - raft.server.watch.timeout.denomination = 1s (default)
2019-09-11 07:01:11,096 [69a71f03-bd49-4dcf-a91a-b858634f7ca8@group-6779B489C9A8:LeaderElection10] INFO  server.RaftServerConfigKeys (ConfUtils.java:logGet(43)) - raft.server.watch.element-limit = 65536 (default)
2019-09-11 07:01:11,100 [69a71f03-bd49-4dcf-a91a-b858634f7ca8@group-6779B489C9A8:LeaderElection10] INFO  server.RaftServerConfigKeys (ConfUtils.java:logGet(43)) - raft.server.log.appender.snapshot.chunk.size.max = 16MB (=16777216) (default)
2019-09-11 07:01:11,101 [69a71f03-bd49-4dcf-a91a-b858634f7ca8@group-6779B489C9A8:LeaderElection10] INFO  server.RaftServerConfigKeys (ConfUtils.java:logGet(43)) - raft.server.log.appender.buffer.byte-limit = 33554432 (custom)
2019-09-11 07:01:11,101 [69a71f03-bd49-4dcf-a91a-b858634f7ca8@group-6779B489C9A8:LeaderElection10] INFO  server.RaftServerConfigKeys (ConfUtils.java:logGet(43)) - raft.server.log.appender.buffer.element-limit = 1 (custom)
2019-09-11 07:01:11,102 [69a71f03-bd49-4dcf-a91a-b858634f7ca8@group-6779B489C9A8:LeaderElection10] INFO  grpc.GrpcConfigKeys$Server (ConfUtils.java:logGet(43)) - raft.grpc.server.leader.outstanding.appends.max = 128 (default)
2019-09-11 07:01:11,102 [69a71f03-bd49-4dcf-a91a-b858634f7ca8@group-6779B489C9A8:LeaderElection10] INFO  server.RaftServerConfigKeys (ConfUtils.java:logGet(43)) - raft.server.rpc.request.timeout = 3000ms (default)
2019-09-11 07:01:11,102 [69a71f03-bd49-4dcf-a91a-b858634f7ca8@group-6779B489C9A8:LeaderElection10] INFO  server.RaftServerConfigKeys (ConfUtils.java:logGet(43)) - raft.server.log.appender.install.snapshot.enabled = false (custom)
2019-09-11 07:01:11,102 [69a71f03-bd49-4dcf-a91a-b858634f7ca8@group-6779B489C9A8:LeaderElection10] INFO  server.RaftServerConfigKeys (ConfUtils.java:logGet(43)) - raft.server.log.appender.snapshot.chunk.size.max = 16MB (=16777216) (default)
2019-09-11 07:01:11,102 [69a71f03-bd49-4dcf-a91a-b858634f7ca8@group-6779B489C9A8:LeaderElection10] INFO  server.RaftServerConfigKeys (ConfUtils.java:logGet(43)) - raft.server.log.appender.buffer.byte-limit = 33554432 (custom)
2019-09-11 07:01:11,103 [69a71f03-bd49-4dcf-a91a-b858634f7ca8@group-6779B489C9A8:LeaderElection10] INFO  server.RaftServerConfigKeys (ConfUtils.java:logGet(43)) - raft.server.log.appender.buffer.element-limit = 1 (custom)
2019-09-11 07:01:11,103 [69a71f03-bd49-4dcf-a91a-b858634f7ca8@group-6779B489C9A8:LeaderElection10] INFO  grpc.GrpcConfigKeys$Server (ConfUtils.java:logGet(43)) - raft.grpc.server.leader.outstanding.appends.max = 128 (default)
2019-09-11 07:01:11,103 [69a71f03-bd49-4dcf-a91a-b858634f7ca8@group-6779B489C9A8:LeaderElection10] INFO  server.RaftServerConfigKeys (ConfUtils.java:logGet(43)) - raft.server.rpc.request.timeout = 3000ms (default)
2019-09-11 07:01:11,103 [69a71f03-bd49-4dcf-a91a-b858634f7ca8@group-6779B489C9A8:LeaderElection10] INFO  server.RaftServerConfigKeys (ConfUtils.java:logGet(43)) - raft.server.log.appender.install.snapshot.enabled = false (custom)
2019-09-11 07:01:11,104 [69a71f03-bd49-4dcf-a91a-b858634f7ca8@group-6779B489C9A8:LeaderElection10] INFO  impl.RoleInfo (RoleInfo.java:updateAndGet(143)) - 69a71f03-bd49-4dcf-a91a-b858634f7ca8: start LeaderState
2019-09-11 07:01:11,104 [69a71f03-bd49-4dcf-a91a-b858634f7ca8@group-6779B489C9A8:LeaderElection10] INFO  segmented.SegmentedRaftLogWorker (SegmentedRaftLogWorker.java:startLogSegment(380)) - 69a71f03-bd49-4dcf-a91a-b858634f7ca8@group-6779B489C9A8-SegmentedRaftLogWorker: Starting segment from index:0
2019-09-11 07:01:11,109 [69a71f03-bd49-4dcf-a91a-b858634f7ca8@group-6779B489C9A8:LeaderElection10] INFO  impl.RaftServerImpl (ServerState.java:setRaftConf(354)) - 69a71f03-bd49-4dcf-a91a-b858634f7ca8@group-6779B489C9A8: set configuration 0: [69a71f03-bd49-4dcf-a91a-b858634f7ca8:192.168.34.12:43469, 4bd4e05e-fa44-45f4-99bb-ac21c4078a41:192.168.34.12:36091, 1a989eca-a026-4062-a574-e52a85f9a2a4:192.168.34.12:35514], old=null at 0
2019-09-11 07:01:11,147 [grpc-default-executor-2] INFO  impl.RaftServerImpl (ServerState.java:setLeader(253)) - 4bd4e05e-fa44-45f4-99bb-ac21c4078a41@group-6779B489C9A8: change Leader from null to 69a71f03-bd49-4dcf-a91a-b858634f7ca8 at term 1 for appendEntries, leader elected after 5165ms
2019-09-11 07:01:11,148 [grpc-default-executor-1] INFO  impl.RaftServerImpl (ServerState.java:setLeader(253)) - 1a989eca-a026-4062-a574-e52a85f9a2a4@group-6779B489C9A8: change Leader from null to 69a71f03-bd49-4dcf-a91a-b858634f7ca8 at term 1 for appendEntries, leader elected after 5168ms
2019-09-11 07:01:11,150 [grpc-default-executor-1] INFO  impl.RaftServerImpl (ServerState.java:setRaftConf(354)) - 4bd4e05e-fa44-45f4-99bb-ac21c4078a41@group-6779B489C9A8: set configuration 0: [69a71f03-bd49-4dcf-a91a-b858634f7ca8:192.168.34.12:43469, 4bd4e05e-fa44-45f4-99bb-ac21c4078a41:192.168.34.12:36091, 1a989eca-a026-4062-a574-e52a85f9a2a4:192.168.34.12:35514], old=null at 0
2019-09-11 07:01:11,151 [grpc-default-executor-2] INFO  impl.RaftServerImpl (ServerState.java:setRaftConf(354)) - 1a989eca-a026-4062-a574-e52a85f9a2a4@group-6779B489C9A8: set configuration 0: [69a71f03-bd49-4dcf-a91a-b858634f7ca8:192.168.34.12:43469, 4bd4e05e-fa44-45f4-99bb-ac21c4078a41:192.168.34.12:36091, 1a989eca-a026-4062-a574-e52a85f9a2a4:192.168.34.12:35514], old=null at 0
2019-09-11 07:01:11,151 [grpc-default-executor-1] INFO  segmented.SegmentedRaftLogWorker (SegmentedRaftLogWorker.java:startLogSegment(380)) - 4bd4e05e-fa44-45f4-99bb-ac21c4078a41@group-6779B489C9A8-SegmentedRaftLogWorker: Starting segment from index:0
2019-09-11 07:01:11,151 [grpc-default-executor-2] INFO  segmented.SegmentedRaftLogWorker (SegmentedRaftLogWorker.java:startLogSegment(380)) - 1a989eca-a026-4062-a574-e52a85f9a2a4@group-6779B489C9A8-SegmentedRaftLogWorker: Starting segment from index:0
2019-09-11 07:01:11,153 [69a71f03-bd49-4dcf-a91a-b858634f7ca8@group-6779B489C9A8-SegmentedRaftLogWorker] INFO  segmented.SegmentedRaftLogWorker (SegmentedRaftLogWorker.java:execute(569)) - 69a71f03-bd49-4dcf-a91a-b858634f7ca8@group-6779B489C9A8-SegmentedRaftLogWorker: created new log segment /workdir/hadoop-ozone/integration-test/target/test-dir/MiniOzoneClusterImpl-beba80e5-651a-4af8-b5a8-e6eb83706070/datanode-1/data/ratis/b5146873-3458-472b-a3c0-6779b489c9a8/current/log_inprogress_0
2019-09-11 07:01:11,192 [4bd4e05e-fa44-45f4-99bb-ac21c4078a41@group-6779B489C9A8-SegmentedRaftLogWorker] INFO  segmented.SegmentedRaftLogWorker (SegmentedRaftLogWorker.java:execute(569)) - 4bd4e05e-fa44-45f4-99bb-ac21c4078a41@group-6779B489C9A8-SegmentedRaftLogWorker: created new log segment /workdir/hadoop-ozone/integration-test/target/test-dir/MiniOzoneClusterImpl-beba80e5-651a-4af8-b5a8-e6eb83706070/datanode-6/data/ratis/b5146873-3458-472b-a3c0-6779b489c9a8/current/log_inprogress_0
2019-09-11 07:01:11,192 [1a989eca-a026-4062-a574-e52a85f9a2a4@group-6779B489C9A8-SegmentedRaftLogWorker] INFO  segmented.SegmentedRaftLogWorker (SegmentedRaftLogWorker.java:execute(569)) - 1a989eca-a026-4062-a574-e52a85f9a2a4@group-6779B489C9A8-SegmentedRaftLogWorker: created new log segment /workdir/hadoop-ozone/integration-test/target/test-dir/MiniOzoneClusterImpl-beba80e5-651a-4af8-b5a8-e6eb83706070/datanode-0/data/ratis/b5146873-3458-472b-a3c0-6779b489c9a8/current/log_inprogress_0
2019-09-11 07:01:11,348 [grpc-default-executor-2] INFO  impl.RaftServerProxy (RaftServerProxy.java:remove(95)) - 1a989eca-a026-4062-a574-e52a85f9a2a4: remove group-4E1E24F5414E:null
2019-09-11 07:01:11,357 [RatisPipelineUtilsThread] WARN  pipeline.RatisPipelineUtils (RatisPipelineUtils.java:destroyPipeline(66)) - Pipeline destroy failed for pipeline=PipelineID=3bf2ead7-e111-4ba5-a3e3-4e1e24f5414e dn=1a989eca-a026-4062-a574-e52a85f9a2a4{ip: 192.168.34.12, host: pr-hdds-2106-8t9qr-763259812, networkLocation: /default-rack, certSerialId: null}
2019-09-11 07:01:11,363 [grpc-default-executor-2] INFO  impl.RaftServerProxy (RaftServerProxy.java:remove(95)) - 4bd4e05e-fa44-45f4-99bb-ac21c4078a41: remove group-4E1E24F5414E:null
2019-09-11 07:01:11,368 [RatisPipelineUtilsThread] WARN  pipeline.RatisPipelineUtils (RatisPipelineUtils.java:destroyPipeline(66)) - Pipeline destroy failed for pipeline=PipelineID=3bf2ead7-e111-4ba5-a3e3-4e1e24f5414e dn=4bd4e05e-fa44-45f4-99bb-ac21c4078a41{ip: 192.168.34.12, host: pr-hdds-2106-8t9qr-763259812, networkLocation: /default-rack, certSerialId: null}
2019-09-11 07:01:11,374 [grpc-default-executor-2] INFO  impl.RaftServerProxy (RaftServerProxy.java:remove(95)) - 69a71f03-bd49-4dcf-a91a-b858634f7ca8: remove group-4E1E24F5414E:null
2019-09-11 07:01:11,380 [RatisPipelineUtilsThread] WARN  pipeline.RatisPipelineUtils (RatisPipelineUtils.java:destroyPipeline(66)) - Pipeline destroy failed for pipeline=PipelineID=3bf2ead7-e111-4ba5-a3e3-4e1e24f5414e dn=69a71f03-bd49-4dcf-a91a-b858634f7ca8{ip: 192.168.34.12, host: pr-hdds-2106-8t9qr-763259812, networkLocation: /default-rack, certSerialId: null}
2019-09-11 07:01:11,380 [RatisPipelineUtilsThread] ERROR pipeline.SCMPipelineManager (Scheduler.java:lambda$schedule$1(70)) - Destroy pipeline failed for pipeline:Pipeline[ Id: 3bf2ead7-e111-4ba5-a3e3-4e1e24f5414e, Nodes: 1a989eca-a026-4062-a574-e52a85f9a2a4{ip: 192.168.34.12, host: pr-hdds-2106-8t9qr-763259812, networkLocation: /default-rack, certSerialId: null}4bd4e05e-fa44-45f4-99bb-ac21c4078a41{ip: 192.168.34.12, host: pr-hdds-2106-8t9qr-763259812, networkLocation: /default-rack, certSerialId: null}69a71f03-bd49-4dcf-a91a-b858634f7ca8{ip: 192.168.34.12, host: pr-hdds-2106-8t9qr-763259812, networkLocation: /default-rack, certSerialId: null}, Type:RATIS, Factor:THREE, State:CLOSED]
org.apache.hadoop.hdds.scm.pipeline.PipelineNotFoundException: PipelineID=3bf2ead7-e111-4ba5-a3e3-4e1e24f5414e not found
	at org.apache.hadoop.hdds.scm.pipeline.PipelineStateMap.getPipeline(PipelineStateMap.java:132)
	at org.apache.hadoop.hdds.scm.pipeline.PipelineStateMap.removePipeline(PipelineStateMap.java:322)
	at org.apache.hadoop.hdds.scm.pipeline.PipelineStateManager.removePipeline(PipelineStateManager.java:107)
	at org.apache.hadoop.hdds.scm.pipeline.SCMPipelineManager.removePipeline(SCMPipelineManager.java:423)
	at org.apache.hadoop.hdds.scm.pipeline.SCMPipelineManager.destroyPipeline(SCMPipelineManager.java:409)
	at org.apache.hadoop.hdds.scm.pipeline.SCMPipelineManager.lambda$finalizeAndDestroyPipeline$0(SCMPipelineManager.java:318)
	at org.apache.hadoop.utils.Scheduler.lambda$schedule$1(Scheduler.java:68)
	at java.util.concurrent.Executors$RunnableAdapter.call(Executors.java:511)
	at java.util.concurrent.FutureTask.run(FutureTask.java:266)
	at java.util.concurrent.ScheduledThreadPoolExecutor$ScheduledFutureTask.access$201(ScheduledThreadPoolExecutor.java:180)
	at java.util.concurrent.ScheduledThreadPoolExecutor$ScheduledFutureTask.run(ScheduledThreadPoolExecutor.java:293)
	at java.util.concurrent.ThreadPoolExecutor.runWorker(ThreadPoolExecutor.java:1149)
	at java.util.concurrent.ThreadPoolExecutor$Worker.run(ThreadPoolExecutor.java:624)
	at java.lang.Thread.run(Thread.java:748)
2019-09-11 07:01:11,799 [grpc-default-executor-1] INFO  client.GrpcClientProtocolClient (GrpcClientProtocolClient.java:onNext(264)) - client-8D786902D131->4bd4e05e-fa44-45f4-99bb-ac21c4078a41: receive RaftClientReply:client-8D786902D131->4bd4e05e-fa44-45f4-99bb-ac21c4078a41@group-6779B489C9A8, cid=27, FAILED org.apache.ratis.protocol.NotLeaderException: Server 4bd4e05e-fa44-45f4-99bb-ac21c4078a41@group-6779B489C9A8 is not the leader 69a71f03-bd49-4dcf-a91a-b858634f7ca8:192.168.34.12:43469, logIndex=0, commits[4bd4e05e-fa44-45f4-99bb-ac21c4078a41:c-1, 69a71f03-bd49-4dcf-a91a-b858634f7ca8:c-1, 1a989eca-a026-4062-a574-e52a85f9a2a4:c-1]
2019-09-11 07:01:11,929 [grpc-default-executor-1] INFO  client.GrpcClientProtocolClient (GrpcClientProtocolClient.java:onNext(264)) - client-8D786902D131->69a71f03-bd49-4dcf-a91a-b858634f7ca8: receive RaftClientReply:client-8D786902D131->69a71f03-bd49-4dcf-a91a-b858634f7ca8@group-6779B489C9A8, cid=27, SUCCESS, logIndex=1, commits[69a71f03-bd49-4dcf-a91a-b858634f7ca8:c1, 4bd4e05e-fa44-45f4-99bb-ac21c4078a41:c0, 1a989eca-a026-4062-a574-e52a85f9a2a4:c-1]
2019-09-11 07:01:11,963 [grpc-default-executor-0] INFO  client.GrpcClientProtocolClient (GrpcClientProtocolClient.java:onNext(264)) - client-8D786902D131->69a71f03-bd49-4dcf-a91a-b858634f7ca8: receive RaftClientReply:client-8D786902D131->69a71f03-bd49-4dcf-a91a-b858634f7ca8@group-6779B489C9A8, cid=28, SUCCESS, logIndex=3, commits[69a71f03-bd49-4dcf-a91a-b858634f7ca8:c4, 4bd4e05e-fa44-45f4-99bb-ac21c4078a41:c1, 1a989eca-a026-4062-a574-e52a85f9a2a4:c2]
2019-09-11 07:01:12,007 [grpc-default-executor-0] INFO  client.GrpcClientProtocolClient (GrpcClientProtocolClient.java:onNext(264)) - client-8D786902D131->69a71f03-bd49-4dcf-a91a-b858634f7ca8: receive RaftClientReply:client-8D786902D131->69a71f03-bd49-4dcf-a91a-b858634f7ca8@group-6779B489C9A8, cid=29, SUCCESS, logIndex=4, commits[69a71f03-bd49-4dcf-a91a-b858634f7ca8:c10, 4bd4e05e-fa44-45f4-99bb-ac21c4078a41:c6, 1a989eca-a026-4062-a574-e52a85f9a2a4:c6]
2019-09-11 07:01:12,010 [grpc-default-executor-0] INFO  client.GrpcClientProtocolClient (GrpcClientProtocolClient.java:onNext(264)) - client-8D786902D131->69a71f03-bd49-4dcf-a91a-b858634f7ca8: receive RaftClientReply:client-8D786902D131->69a71f03-bd49-4dcf-a91a-b858634f7ca8@group-6779B489C9A8, cid=30, SUCCESS, logIndex=5, commits[69a71f03-bd49-4dcf-a91a-b858634f7ca8:c10, 4bd4e05e-fa44-45f4-99bb-ac21c4078a41:c6, 1a989eca-a026-4062-a574-e52a85f9a2a4:c6]
2019-09-11 07:01:12,085 [grpc-default-executor-0] INFO  client.GrpcClientProtocolClient (GrpcClientProtocolClient.java:onNext(264)) - client-8D786902D131->69a71f03-bd49-4dcf-a91a-b858634f7ca8: receive RaftClientReply:client-8D786902D131->69a71f03-bd49-4dcf-a91a-b858634f7ca8@group-6779B489C9A8, cid=31, SUCCESS, logIndex=6, commits[69a71f03-bd49-4dcf-a91a-b858634f7ca8:c10, 4bd4e05e-fa44-45f4-99bb-ac21c4078a41:c6, 1a989eca-a026-4062-a574-e52a85f9a2a4:c6]
]]></system-out>
  </testcase>
  <testcase name="testMultiChunkWrite" classname="org.apache.hadoop.ozone.client.rpc.TestBlockOutputStream" time="187.191">
    <failure message="expected:&lt;10&gt; but was:&lt;12&gt;" type="java.lang.AssertionError"><![CDATA[java.lang.AssertionError: expected:<10> but was:<12>
	at org.junit.Assert.fail(Assert.java:88)
	at org.junit.Assert.failNotEquals(Assert.java:743)
	at org.junit.Assert.assertEquals(Assert.java:118)
	at org.junit.Assert.assertEquals(Assert.java:555)
	at org.junit.Assert.assertEquals(Assert.java:542)
	at org.apache.hadoop.ozone.client.rpc.TestBlockOutputStream.testMultiChunkWrite(TestBlockOutputStream.java:364)
	at sun.reflect.NativeMethodAccessorImpl.invoke0(Native Method)
	at sun.reflect.NativeMethodAccessorImpl.invoke(NativeMethodAccessorImpl.java:62)
	at sun.reflect.DelegatingMethodAccessorImpl.invoke(DelegatingMethodAccessorImpl.java:43)
	at java.lang.reflect.Method.invoke(Method.java:498)
	at org.junit.runners.model.FrameworkMethod$1.runReflectiveCall(FrameworkMethod.java:47)
	at org.junit.internal.runners.model.ReflectiveCallable.run(ReflectiveCallable.java:12)
	at org.junit.runners.model.FrameworkMethod.invokeExplosively(FrameworkMethod.java:44)
	at org.junit.internal.runners.statements.InvokeMethod.evaluate(InvokeMethod.java:17)
	at org.junit.runners.ParentRunner.runLeaf(ParentRunner.java:271)
	at org.junit.runners.BlockJUnit4ClassRunner.runChild(BlockJUnit4ClassRunner.java:70)
	at org.junit.runners.BlockJUnit4ClassRunner.runChild(BlockJUnit4ClassRunner.java:50)
	at org.junit.runners.ParentRunner$3.run(ParentRunner.java:238)
	at org.junit.runners.ParentRunner$1.schedule(ParentRunner.java:63)
	at org.junit.runners.ParentRunner.runChildren(ParentRunner.java:236)
	at org.junit.runners.ParentRunner.access$000(ParentRunner.java:53)
	at org.junit.runners.ParentRunner$2.evaluate(ParentRunner.java:229)
	at org.junit.internal.runners.statements.RunBefores.evaluate(RunBefores.java:26)
	at org.junit.internal.runners.statements.RunAfters.evaluate(RunAfters.java:27)
	at org.junit.runners.ParentRunner.run(ParentRunner.java:309)
	at org.apache.maven.surefire.junit4.JUnit4Provider.execute(JUnit4Provider.java:365)
	at org.apache.maven.surefire.junit4.JUnit4Provider.executeWithRerun(JUnit4Provider.java:273)
	at org.apache.maven.surefire.junit4.JUnit4Provider.executeTestSet(JUnit4Provider.java:238)
	at org.apache.maven.surefire.junit4.JUnit4Provider.invoke(JUnit4Provider.java:159)
	at org.apache.maven.surefire.booter.ForkedBooter.invokeProviderInSameClassLoader(ForkedBooter.java:384)
	at org.apache.maven.surefire.booter.ForkedBooter.runSuitesInProcess(ForkedBooter.java:345)
	at org.apache.maven.surefire.booter.ForkedBooter.execute(ForkedBooter.java:126)
	at org.apache.maven.surefire.booter.ForkedBooter.main(ForkedBooter.java:418)
]]></failure>
    <system-out><![CDATA[2019-09-11 07:01:14,347 [grpc-default-executor-2] INFO  impl.RaftServerProxy (RaftServerProxy.java:remove(95)) - 1a989eca-a026-4062-a574-e52a85f9a2a4: remove group-4E1E24F5414E:null
2019-09-11 07:01:14,355 [RatisPipelineUtilsThread] WARN  pipeline.RatisPipelineUtils (RatisPipelineUtils.java:destroyPipeline(66)) - Pipeline destroy failed for pipeline=PipelineID=3bf2ead7-e111-4ba5-a3e3-4e1e24f5414e dn=1a989eca-a026-4062-a574-e52a85f9a2a4{ip: 192.168.34.12, host: pr-hdds-2106-8t9qr-763259812, networkLocation: /default-rack, certSerialId: null}
2019-09-11 07:01:14,363 [grpc-default-executor-2] INFO  impl.RaftServerProxy (RaftServerProxy.java:remove(95)) - 4bd4e05e-fa44-45f4-99bb-ac21c4078a41: remove group-4E1E24F5414E:null
2019-09-11 07:01:14,370 [RatisPipelineUtilsThread] WARN  pipeline.RatisPipelineUtils (RatisPipelineUtils.java:destroyPipeline(66)) - Pipeline destroy failed for pipeline=PipelineID=3bf2ead7-e111-4ba5-a3e3-4e1e24f5414e dn=4bd4e05e-fa44-45f4-99bb-ac21c4078a41{ip: 192.168.34.12, host: pr-hdds-2106-8t9qr-763259812, networkLocation: /default-rack, certSerialId: null}
2019-09-11 07:01:14,377 [grpc-default-executor-2] INFO  impl.RaftServerProxy (RaftServerProxy.java:remove(95)) - 69a71f03-bd49-4dcf-a91a-b858634f7ca8: remove group-4E1E24F5414E:null
2019-09-11 07:01:14,384 [RatisPipelineUtilsThread] WARN  pipeline.RatisPipelineUtils (RatisPipelineUtils.java:destroyPipeline(66)) - Pipeline destroy failed for pipeline=PipelineID=3bf2ead7-e111-4ba5-a3e3-4e1e24f5414e dn=69a71f03-bd49-4dcf-a91a-b858634f7ca8{ip: 192.168.34.12, host: pr-hdds-2106-8t9qr-763259812, networkLocation: /default-rack, certSerialId: null}
2019-09-11 07:01:14,385 [RatisPipelineUtilsThread] ERROR pipeline.SCMPipelineManager (Scheduler.java:lambda$schedule$1(70)) - Destroy pipeline failed for pipeline:Pipeline[ Id: 3bf2ead7-e111-4ba5-a3e3-4e1e24f5414e, Nodes: 1a989eca-a026-4062-a574-e52a85f9a2a4{ip: 192.168.34.12, host: pr-hdds-2106-8t9qr-763259812, networkLocation: /default-rack, certSerialId: null}4bd4e05e-fa44-45f4-99bb-ac21c4078a41{ip: 192.168.34.12, host: pr-hdds-2106-8t9qr-763259812, networkLocation: /default-rack, certSerialId: null}69a71f03-bd49-4dcf-a91a-b858634f7ca8{ip: 192.168.34.12, host: pr-hdds-2106-8t9qr-763259812, networkLocation: /default-rack, certSerialId: null}, Type:RATIS, Factor:THREE, State:CLOSED]
org.apache.hadoop.hdds.scm.pipeline.PipelineNotFoundException: PipelineID=3bf2ead7-e111-4ba5-a3e3-4e1e24f5414e not found
	at org.apache.hadoop.hdds.scm.pipeline.PipelineStateMap.getPipeline(PipelineStateMap.java:132)
	at org.apache.hadoop.hdds.scm.pipeline.PipelineStateMap.removePipeline(PipelineStateMap.java:322)
	at org.apache.hadoop.hdds.scm.pipeline.PipelineStateManager.removePipeline(PipelineStateManager.java:107)
	at org.apache.hadoop.hdds.scm.pipeline.SCMPipelineManager.removePipeline(SCMPipelineManager.java:423)
	at org.apache.hadoop.hdds.scm.pipeline.SCMPipelineManager.destroyPipeline(SCMPipelineManager.java:409)
	at org.apache.hadoop.hdds.scm.pipeline.SCMPipelineManager.lambda$finalizeAndDestroyPipeline$0(SCMPipelineManager.java:318)
	at org.apache.hadoop.utils.Scheduler.lambda$schedule$1(Scheduler.java:68)
	at java.util.concurrent.Executors$RunnableAdapter.call(Executors.java:511)
	at java.util.concurrent.FutureTask.run(FutureTask.java:266)
	at java.util.concurrent.ScheduledThreadPoolExecutor$ScheduledFutureTask.access$201(ScheduledThreadPoolExecutor.java:180)
	at java.util.concurrent.ScheduledThreadPoolExecutor$ScheduledFutureTask.run(ScheduledThreadPoolExecutor.java:293)
	at java.util.concurrent.ThreadPoolExecutor.runWorker(ThreadPoolExecutor.java:1149)
	at java.util.concurrent.ThreadPoolExecutor$Worker.run(ThreadPoolExecutor.java:624)
	at java.lang.Thread.run(Thread.java:748)
2019-09-11 07:01:15,132 [java.util.concurrent.ThreadPoolExecutor$Worker@3775a19a[State = -1, empty queue]] WARN  server.GrpcLogAppender (GrpcLogAppender.java:timeoutAppendRequest(200)) - 69a71f03-bd49-4dcf-a91a-b858634f7ca8@group-6779B489C9A8->1a989eca-a026-4062-a574-e52a85f9a2a4-GrpcLogAppender: appendEntries Timeout, request=69a71f03-bd49-4dcf-a91a-b858634f7ca8->1a989eca-a026-4062-a574-e52a85f9a2a4#12-t1, previous=(t:1, i:10), leaderCommit=10, initializing? false, entries: size=1, first=(t:1, i:11), STATEMACHINELOGENTRY, client-8D786902D131, cid=41
2019-09-11 07:01:15,132 [java.util.concurrent.ThreadPoolExecutor$Worker@634444f[State = -1, empty queue]] WARN  server.GrpcLogAppender (GrpcLogAppender.java:timeoutAppendRequest(200)) - 69a71f03-bd49-4dcf-a91a-b858634f7ca8@group-6779B489C9A8->4bd4e05e-fa44-45f4-99bb-ac21c4078a41-GrpcLogAppender: appendEntries Timeout, request=69a71f03-bd49-4dcf-a91a-b858634f7ca8->4bd4e05e-fa44-45f4-99bb-ac21c4078a41#12-t1, previous=(t:1, i:10), leaderCommit=10, initializing? false, entries: size=1, first=(t:1, i:11), STATEMACHINELOGENTRY, client-8D786902D131, cid=41
2019-09-11 07:01:15,133 [java.util.concurrent.ThreadPoolExecutor$Worker@3775a19a[State = -1, empty queue]] WARN  server.GrpcLogAppender (GrpcLogAppender.java:timeoutAppendRequest(200)) - 69a71f03-bd49-4dcf-a91a-b858634f7ca8@group-6779B489C9A8->1a989eca-a026-4062-a574-e52a85f9a2a4-GrpcLogAppender: appendEntries Timeout, request=69a71f03-bd49-4dcf-a91a-b858634f7ca8->1a989eca-a026-4062-a574-e52a85f9a2a4#13-t1, previous=(t:1, i:11), leaderCommit=10, initializing? false, entries: size=1, first=(t:1, i:12), STATEMACHINELOGENTRY, client-8D786902D131, cid=42
2019-09-11 07:01:15,133 [java.util.concurrent.ThreadPoolExecutor$Worker@3775a19a[State = -1, empty queue]] WARN  server.GrpcLogAppender (GrpcLogAppender.java:timeoutAppendRequest(200)) - 69a71f03-bd49-4dcf-a91a-b858634f7ca8@group-6779B489C9A8->1a989eca-a026-4062-a574-e52a85f9a2a4-GrpcLogAppender: appendEntries Timeout, request=69a71f03-bd49-4dcf-a91a-b858634f7ca8->1a989eca-a026-4062-a574-e52a85f9a2a4#14-t1, previous=(t:1, i:12), leaderCommit=10, initializing? false, entries: size=1, first=(t:1, i:13), STATEMACHINELOGENTRY, client-8D786902D131, cid=43
2019-09-11 07:01:15,133 [java.util.concurrent.ThreadPoolExecutor$Worker@634444f[State = -1, empty queue]] WARN  server.GrpcLogAppender (GrpcLogAppender.java:timeoutAppendRequest(200)) - 69a71f03-bd49-4dcf-a91a-b858634f7ca8@group-6779B489C9A8->4bd4e05e-fa44-45f4-99bb-ac21c4078a41-GrpcLogAppender: appendEntries Timeout, request=69a71f03-bd49-4dcf-a91a-b858634f7ca8->4bd4e05e-fa44-45f4-99bb-ac21c4078a41#13-t1, previous=(t:1, i:11), leaderCommit=10, initializing? false, entries: size=1, first=(t:1, i:12), STATEMACHINELOGENTRY, client-8D786902D131, cid=42
2019-09-11 07:01:15,134 [java.util.concurrent.ThreadPoolExecutor$Worker@634444f[State = -1, empty queue]] WARN  server.GrpcLogAppender (GrpcLogAppender.java:timeoutAppendRequest(200)) - 69a71f03-bd49-4dcf-a91a-b858634f7ca8@group-6779B489C9A8->4bd4e05e-fa44-45f4-99bb-ac21c4078a41-GrpcLogAppender: appendEntries Timeout, request=69a71f03-bd49-4dcf-a91a-b858634f7ca8->4bd4e05e-fa44-45f4-99bb-ac21c4078a41#14-t1, previous=(t:1, i:12), leaderCommit=10, initializing? false, entries: size=1, first=(t:1, i:13), STATEMACHINELOGENTRY, client-8D786902D131, cid=43
2019-09-11 07:01:16,361 [grpc-default-executor-2] INFO  impl.RaftServerProxy (RaftServerProxy.java:remove(95)) - 1a989eca-a026-4062-a574-e52a85f9a2a4: remove group-4E1E24F5414E:null
2019-09-11 07:01:16,370 [RatisPipelineUtilsThread] WARN  pipeline.RatisPipelineUtils (RatisPipelineUtils.java:destroyPipeline(66)) - Pipeline destroy failed for pipeline=PipelineID=3bf2ead7-e111-4ba5-a3e3-4e1e24f5414e dn=1a989eca-a026-4062-a574-e52a85f9a2a4{ip: 192.168.34.12, host: pr-hdds-2106-8t9qr-763259812, networkLocation: /default-rack, certSerialId: null}
2019-09-11 07:01:16,376 [grpc-default-executor-2] INFO  impl.RaftServerProxy (RaftServerProxy.java:remove(95)) - 4bd4e05e-fa44-45f4-99bb-ac21c4078a41: remove group-4E1E24F5414E:null
2019-09-11 07:01:16,384 [RatisPipelineUtilsThread] WARN  pipeline.RatisPipelineUtils (RatisPipelineUtils.java:destroyPipeline(66)) - Pipeline destroy failed for pipeline=PipelineID=3bf2ead7-e111-4ba5-a3e3-4e1e24f5414e dn=4bd4e05e-fa44-45f4-99bb-ac21c4078a41{ip: 192.168.34.12, host: pr-hdds-2106-8t9qr-763259812, networkLocation: /default-rack, certSerialId: null}
2019-09-11 07:01:16,396 [grpc-default-executor-2] INFO  impl.RaftServerProxy (RaftServerProxy.java:remove(95)) - 69a71f03-bd49-4dcf-a91a-b858634f7ca8: remove group-4E1E24F5414E:null
2019-09-11 07:01:16,404 [RatisPipelineUtilsThread] WARN  pipeline.RatisPipelineUtils (RatisPipelineUtils.java:destroyPipeline(66)) - Pipeline destroy failed for pipeline=PipelineID=3bf2ead7-e111-4ba5-a3e3-4e1e24f5414e dn=69a71f03-bd49-4dcf-a91a-b858634f7ca8{ip: 192.168.34.12, host: pr-hdds-2106-8t9qr-763259812, networkLocation: /default-rack, certSerialId: null}
2019-09-11 07:01:16,404 [RatisPipelineUtilsThread] ERROR pipeline.SCMPipelineManager (Scheduler.java:lambda$schedule$1(70)) - Destroy pipeline failed for pipeline:Pipeline[ Id: 3bf2ead7-e111-4ba5-a3e3-4e1e24f5414e, Nodes: 1a989eca-a026-4062-a574-e52a85f9a2a4{ip: 192.168.34.12, host: pr-hdds-2106-8t9qr-763259812, networkLocation: /default-rack, certSerialId: null}4bd4e05e-fa44-45f4-99bb-ac21c4078a41{ip: 192.168.34.12, host: pr-hdds-2106-8t9qr-763259812, networkLocation: /default-rack, certSerialId: null}69a71f03-bd49-4dcf-a91a-b858634f7ca8{ip: 192.168.34.12, host: pr-hdds-2106-8t9qr-763259812, networkLocation: /default-rack, certSerialId: null}, Type:RATIS, Factor:THREE, State:CLOSED]
org.apache.hadoop.hdds.scm.pipeline.PipelineNotFoundException: PipelineID=3bf2ead7-e111-4ba5-a3e3-4e1e24f5414e not found
	at org.apache.hadoop.hdds.scm.pipeline.PipelineStateMap.getPipeline(PipelineStateMap.java:132)
	at org.apache.hadoop.hdds.scm.pipeline.PipelineStateMap.removePipeline(PipelineStateMap.java:322)
	at org.apache.hadoop.hdds.scm.pipeline.PipelineStateManager.removePipeline(PipelineStateManager.java:107)
	at org.apache.hadoop.hdds.scm.pipeline.SCMPipelineManager.removePipeline(SCMPipelineManager.java:423)
	at org.apache.hadoop.hdds.scm.pipeline.SCMPipelineManager.destroyPipeline(SCMPipelineManager.java:409)
	at org.apache.hadoop.hdds.scm.pipeline.SCMPipelineManager.lambda$finalizeAndDestroyPipeline$0(SCMPipelineManager.java:318)
	at org.apache.hadoop.utils.Scheduler.lambda$schedule$1(Scheduler.java:68)
	at java.util.concurrent.Executors$RunnableAdapter.call(Executors.java:511)
	at java.util.concurrent.FutureTask.run(FutureTask.java:266)
	at java.util.concurrent.ScheduledThreadPoolExecutor$ScheduledFutureTask.access$201(ScheduledThreadPoolExecutor.java:180)
	at java.util.concurrent.ScheduledThreadPoolExecutor$ScheduledFutureTask.run(ScheduledThreadPoolExecutor.java:293)
	at java.util.concurrent.ThreadPoolExecutor.runWorker(ThreadPoolExecutor.java:1149)
	at java.util.concurrent.ThreadPoolExecutor$Worker.run(ThreadPoolExecutor.java:624)
	at java.lang.Thread.run(Thread.java:748)
2019-09-11 07:01:17,153 [grpc-default-executor-2] INFO  client.GrpcClientProtocolClient (GrpcClientProtocolClient.java:onNext(264)) - client-8D786902D131->1a989eca-a026-4062-a574-e52a85f9a2a4: receive RaftClientReply:client-8D786902D131->1a989eca-a026-4062-a574-e52a85f9a2a4@group-6779B489C9A8, cid=41, FAILED org.apache.ratis.protocol.NotLeaderException: Server 1a989eca-a026-4062-a574-e52a85f9a2a4@group-6779B489C9A8 is not the leader 69a71f03-bd49-4dcf-a91a-b858634f7ca8:192.168.34.12:43469, logIndex=0, commits[1a989eca-a026-4062-a574-e52a85f9a2a4:c10, 69a71f03-bd49-4dcf-a91a-b858634f7ca8:c10, 4bd4e05e-fa44-45f4-99bb-ac21c4078a41:c6]
2019-09-11 07:01:17,634 [java.util.concurrent.ThreadPoolExecutor$Worker@3775a19a[State = -1, empty queue]] WARN  server.GrpcLogAppender (GrpcLogAppender.java:timeoutAppendRequest(200)) - 69a71f03-bd49-4dcf-a91a-b858634f7ca8@group-6779B489C9A8->1a989eca-a026-4062-a574-e52a85f9a2a4-GrpcLogAppender: appendEntries Timeout, request=69a71f03-bd49-4dcf-a91a-b858634f7ca8->1a989eca-a026-4062-a574-e52a85f9a2a4#15-t1, previous=(t:1, i:13), leaderCommit=10, initializing? false, entries: <empty>
2019-09-11 07:01:17,634 [java.util.concurrent.ThreadPoolExecutor$Worker@634444f[State = -1, empty queue]] WARN  server.GrpcLogAppender (GrpcLogAppender.java:timeoutAppendRequest(200)) - 69a71f03-bd49-4dcf-a91a-b858634f7ca8@group-6779B489C9A8->4bd4e05e-fa44-45f4-99bb-ac21c4078a41-GrpcLogAppender: appendEntries Timeout, request=69a71f03-bd49-4dcf-a91a-b858634f7ca8->4bd4e05e-fa44-45f4-99bb-ac21c4078a41#15-t1, previous=(t:1, i:13), leaderCommit=10, initializing? false, entries: <empty>
2019-09-11 07:01:19,346 [grpc-default-executor-1] INFO  impl.RaftServerProxy (RaftServerProxy.java:remove(95)) - 1a989eca-a026-4062-a574-e52a85f9a2a4: remove group-4E1E24F5414E:null
2019-09-11 07:01:19,363 [RatisPipelineUtilsThread] WARN  pipeline.RatisPipelineUtils (RatisPipelineUtils.java:destroyPipeline(66)) - Pipeline destroy failed for pipeline=PipelineID=3bf2ead7-e111-4ba5-a3e3-4e1e24f5414e dn=1a989eca-a026-4062-a574-e52a85f9a2a4{ip: 192.168.34.12, host: pr-hdds-2106-8t9qr-763259812, networkLocation: /default-rack, certSerialId: null}
2019-09-11 07:01:19,367 [grpc-default-executor-1] INFO  impl.RaftServerProxy (RaftServerProxy.java:remove(95)) - 4bd4e05e-fa44-45f4-99bb-ac21c4078a41: remove group-4E1E24F5414E:null
2019-09-11 07:01:19,373 [RatisPipelineUtilsThread] WARN  pipeline.RatisPipelineUtils (RatisPipelineUtils.java:destroyPipeline(66)) - Pipeline destroy failed for pipeline=PipelineID=3bf2ead7-e111-4ba5-a3e3-4e1e24f5414e dn=4bd4e05e-fa44-45f4-99bb-ac21c4078a41{ip: 192.168.34.12, host: pr-hdds-2106-8t9qr-763259812, networkLocation: /default-rack, certSerialId: null}
2019-09-11 07:01:19,376 [grpc-default-executor-1] INFO  impl.RaftServerProxy (RaftServerProxy.java:remove(95)) - 69a71f03-bd49-4dcf-a91a-b858634f7ca8: remove group-4E1E24F5414E:null
2019-09-11 07:01:19,387 [RatisPipelineUtilsThread] WARN  pipeline.RatisPipelineUtils (RatisPipelineUtils.java:destroyPipeline(66)) - Pipeline destroy failed for pipeline=PipelineID=3bf2ead7-e111-4ba5-a3e3-4e1e24f5414e dn=69a71f03-bd49-4dcf-a91a-b858634f7ca8{ip: 192.168.34.12, host: pr-hdds-2106-8t9qr-763259812, networkLocation: /default-rack, certSerialId: null}
2019-09-11 07:01:19,387 [RatisPipelineUtilsThread] ERROR pipeline.SCMPipelineManager (Scheduler.java:lambda$schedule$1(70)) - Destroy pipeline failed for pipeline:Pipeline[ Id: 3bf2ead7-e111-4ba5-a3e3-4e1e24f5414e, Nodes: 1a989eca-a026-4062-a574-e52a85f9a2a4{ip: 192.168.34.12, host: pr-hdds-2106-8t9qr-763259812, networkLocation: /default-rack, certSerialId: null}4bd4e05e-fa44-45f4-99bb-ac21c4078a41{ip: 192.168.34.12, host: pr-hdds-2106-8t9qr-763259812, networkLocation: /default-rack, certSerialId: null}69a71f03-bd49-4dcf-a91a-b858634f7ca8{ip: 192.168.34.12, host: pr-hdds-2106-8t9qr-763259812, networkLocation: /default-rack, certSerialId: null}, Type:RATIS, Factor:THREE, State:CLOSED]
org.apache.hadoop.hdds.scm.pipeline.PipelineNotFoundException: PipelineID=3bf2ead7-e111-4ba5-a3e3-4e1e24f5414e not found
	at org.apache.hadoop.hdds.scm.pipeline.PipelineStateMap.getPipeline(PipelineStateMap.java:132)
	at org.apache.hadoop.hdds.scm.pipeline.PipelineStateMap.removePipeline(PipelineStateMap.java:322)
	at org.apache.hadoop.hdds.scm.pipeline.PipelineStateManager.removePipeline(PipelineStateManager.java:107)
	at org.apache.hadoop.hdds.scm.pipeline.SCMPipelineManager.removePipeline(SCMPipelineManager.java:423)
	at org.apache.hadoop.hdds.scm.pipeline.SCMPipelineManager.destroyPipeline(SCMPipelineManager.java:409)
	at org.apache.hadoop.hdds.scm.pipeline.SCMPipelineManager.lambda$finalizeAndDestroyPipeline$0(SCMPipelineManager.java:318)
	at org.apache.hadoop.utils.Scheduler.lambda$schedule$1(Scheduler.java:68)
	at java.util.concurrent.Executors$RunnableAdapter.call(Executors.java:511)
	at java.util.concurrent.FutureTask.run(FutureTask.java:266)
	at java.util.concurrent.ScheduledThreadPoolExecutor$ScheduledFutureTask.access$201(ScheduledThreadPoolExecutor.java:180)
	at java.util.concurrent.ScheduledThreadPoolExecutor$ScheduledFutureTask.run(ScheduledThreadPoolExecutor.java:293)
	at java.util.concurrent.ThreadPoolExecutor.runWorker(ThreadPoolExecutor.java:1149)
	at java.util.concurrent.ThreadPoolExecutor$Worker.run(ThreadPoolExecutor.java:624)
	at java.lang.Thread.run(Thread.java:748)
2019-09-11 07:01:20,134 [java.util.concurrent.ThreadPoolExecutor$Worker@3775a19a[State = -1, empty queue]] WARN  server.GrpcLogAppender (GrpcLogAppender.java:timeoutAppendRequest(200)) - 69a71f03-bd49-4dcf-a91a-b858634f7ca8@group-6779B489C9A8->1a989eca-a026-4062-a574-e52a85f9a2a4-GrpcLogAppender: appendEntries Timeout, request=69a71f03-bd49-4dcf-a91a-b858634f7ca8->1a989eca-a026-4062-a574-e52a85f9a2a4#16-t1, previous=(t:1, i:13), leaderCommit=10, initializing? false, entries: <empty>
2019-09-11 07:01:20,134 [java.util.concurrent.ThreadPoolExecutor$Worker@634444f[State = -1, empty queue]] WARN  server.GrpcLogAppender (GrpcLogAppender.java:timeoutAppendRequest(200)) - 69a71f03-bd49-4dcf-a91a-b858634f7ca8@group-6779B489C9A8->4bd4e05e-fa44-45f4-99bb-ac21c4078a41-GrpcLogAppender: appendEntries Timeout, request=69a71f03-bd49-4dcf-a91a-b858634f7ca8->4bd4e05e-fa44-45f4-99bb-ac21c4078a41#16-t1, previous=(t:1, i:13), leaderCommit=10, initializing? false, entries: <empty>
2019-09-11 07:01:21,341 [grpc-default-executor-2] INFO  impl.RaftServerProxy (RaftServerProxy.java:remove(95)) - 1a989eca-a026-4062-a574-e52a85f9a2a4: remove group-4E1E24F5414E:null
2019-09-11 07:01:21,349 [RatisPipelineUtilsThread] WARN  pipeline.RatisPipelineUtils (RatisPipelineUtils.java:destroyPipeline(66)) - Pipeline destroy failed for pipeline=PipelineID=3bf2ead7-e111-4ba5-a3e3-4e1e24f5414e dn=1a989eca-a026-4062-a574-e52a85f9a2a4{ip: 192.168.34.12, host: pr-hdds-2106-8t9qr-763259812, networkLocation: /default-rack, certSerialId: null}
2019-09-11 07:01:21,353 [grpc-default-executor-2] INFO  impl.RaftServerProxy (RaftServerProxy.java:remove(95)) - 4bd4e05e-fa44-45f4-99bb-ac21c4078a41: remove group-4E1E24F5414E:null
2019-09-11 07:01:21,359 [RatisPipelineUtilsThread] WARN  pipeline.RatisPipelineUtils (RatisPipelineUtils.java:destroyPipeline(66)) - Pipeline destroy failed for pipeline=PipelineID=3bf2ead7-e111-4ba5-a3e3-4e1e24f5414e dn=4bd4e05e-fa44-45f4-99bb-ac21c4078a41{ip: 192.168.34.12, host: pr-hdds-2106-8t9qr-763259812, networkLocation: /default-rack, certSerialId: null}
2019-09-11 07:01:21,363 [grpc-default-executor-2] INFO  impl.RaftServerProxy (RaftServerProxy.java:remove(95)) - 69a71f03-bd49-4dcf-a91a-b858634f7ca8: remove group-4E1E24F5414E:null
2019-09-11 07:01:21,369 [RatisPipelineUtilsThread] WARN  pipeline.RatisPipelineUtils (RatisPipelineUtils.java:destroyPipeline(66)) - Pipeline destroy failed for pipeline=PipelineID=3bf2ead7-e111-4ba5-a3e3-4e1e24f5414e dn=69a71f03-bd49-4dcf-a91a-b858634f7ca8{ip: 192.168.34.12, host: pr-hdds-2106-8t9qr-763259812, networkLocation: /default-rack, certSerialId: null}
2019-09-11 07:01:21,369 [RatisPipelineUtilsThread] ERROR pipeline.SCMPipelineManager (Scheduler.java:lambda$schedule$1(70)) - Destroy pipeline failed for pipeline:Pipeline[ Id: 3bf2ead7-e111-4ba5-a3e3-4e1e24f5414e, Nodes: 1a989eca-a026-4062-a574-e52a85f9a2a4{ip: 192.168.34.12, host: pr-hdds-2106-8t9qr-763259812, networkLocation: /default-rack, certSerialId: null}4bd4e05e-fa44-45f4-99bb-ac21c4078a41{ip: 192.168.34.12, host: pr-hdds-2106-8t9qr-763259812, networkLocation: /default-rack, certSerialId: null}69a71f03-bd49-4dcf-a91a-b858634f7ca8{ip: 192.168.34.12, host: pr-hdds-2106-8t9qr-763259812, networkLocation: /default-rack, certSerialId: null}, Type:RATIS, Factor:THREE, State:CLOSED]
org.apache.hadoop.hdds.scm.pipeline.PipelineNotFoundException: PipelineID=3bf2ead7-e111-4ba5-a3e3-4e1e24f5414e not found
	at org.apache.hadoop.hdds.scm.pipeline.PipelineStateMap.getPipeline(PipelineStateMap.java:132)
	at org.apache.hadoop.hdds.scm.pipeline.PipelineStateMap.removePipeline(PipelineStateMap.java:322)
	at org.apache.hadoop.hdds.scm.pipeline.PipelineStateManager.removePipeline(PipelineStateManager.java:107)
	at org.apache.hadoop.hdds.scm.pipeline.SCMPipelineManager.removePipeline(SCMPipelineManager.java:423)
	at org.apache.hadoop.hdds.scm.pipeline.SCMPipelineManager.destroyPipeline(SCMPipelineManager.java:409)
	at org.apache.hadoop.hdds.scm.pipeline.SCMPipelineManager.lambda$finalizeAndDestroyPipeline$0(SCMPipelineManager.java:318)
	at org.apache.hadoop.utils.Scheduler.lambda$schedule$1(Scheduler.java:68)
	at java.util.concurrent.Executors$RunnableAdapter.call(Executors.java:511)
	at java.util.concurrent.FutureTask.run(FutureTask.java:266)
	at java.util.concurrent.ScheduledThreadPoolExecutor$ScheduledFutureTask.access$201(ScheduledThreadPoolExecutor.java:180)
	at java.util.concurrent.ScheduledThreadPoolExecutor$ScheduledFutureTask.run(ScheduledThreadPoolExecutor.java:293)
	at java.util.concurrent.ThreadPoolExecutor.runWorker(ThreadPoolExecutor.java:1149)
	at java.util.concurrent.ThreadPoolExecutor$Worker.run(ThreadPoolExecutor.java:624)
	at java.lang.Thread.run(Thread.java:748)
2019-09-11 07:01:22,131 [69a71f03-bd49-4dcf-a91a-b858634f7ca8@group-6779B489C9A8-SegmentedRaftLogWorker] WARN  segmented.SegmentedRaftLogWorker (SegmentedRaftLogWorker.java:getFromFuture(90)) - Timeout 0/~
org.apache.ratis.protocol.TimeoutIOException: Timeout 10s: WriteLog:11: (t:1, i:11), STATEMACHINELOGENTRY, client-8D786902D131, cid=41-writeStateMachineData
	at org.apache.ratis.util.IOUtils.getFromFuture(IOUtils.java:87)
	at org.apache.ratis.server.raftlog.segmented.SegmentedRaftLogWorker$StateMachineDataPolicy.getFromFuture(SegmentedRaftLogWorker.java:87)
	at org.apache.ratis.server.raftlog.segmented.SegmentedRaftLogWorker$WriteLog.execute(SegmentedRaftLogWorker.java:477)
	at org.apache.ratis.server.raftlog.segmented.SegmentedRaftLogWorker.run(SegmentedRaftLogWorker.java:289)
	at java.lang.Thread.run(Thread.java:748)
Caused by: java.util.concurrent.TimeoutException
	at java.util.concurrent.CompletableFuture.timedGet(CompletableFuture.java:1771)
	at java.util.concurrent.CompletableFuture.get(CompletableFuture.java:1915)
	at org.apache.ratis.util.IOUtils.getFromFuture(IOUtils.java:79)
	... 4 more
2019-09-11 07:01:22,193 [grpc-default-executor-1] INFO  client.GrpcClientProtocolClient (GrpcClientProtocolClient.java:onNext(264)) - client-8D786902D131->4bd4e05e-fa44-45f4-99bb-ac21c4078a41: receive RaftClientReply:client-8D786902D131->4bd4e05e-fa44-45f4-99bb-ac21c4078a41@group-6779B489C9A8, cid=41, FAILED org.apache.ratis.protocol.NotLeaderException: Server 4bd4e05e-fa44-45f4-99bb-ac21c4078a41@group-6779B489C9A8 is not the leader 69a71f03-bd49-4dcf-a91a-b858634f7ca8:192.168.34.12:43469, logIndex=0, commits[4bd4e05e-fa44-45f4-99bb-ac21c4078a41:c10, 69a71f03-bd49-4dcf-a91a-b858634f7ca8:c10, 1a989eca-a026-4062-a574-e52a85f9a2a4:c6]
2019-09-11 07:01:22,234 [1a989eca-a026-4062-a574-e52a85f9a2a4@group-6779B489C9A8-SegmentedRaftLogWorker] WARN  segmented.SegmentedRaftLogWorker (SegmentedRaftLogWorker.java:getFromFuture(90)) - Timeout 0/~
org.apache.ratis.protocol.TimeoutIOException: Timeout 10s: WriteLog:12: (t:1, i:12), STATEMACHINELOGENTRY, client-8D786902D131, cid=42-writeStateMachineData
	at org.apache.ratis.util.IOUtils.getFromFuture(IOUtils.java:87)
	at org.apache.ratis.server.raftlog.segmented.SegmentedRaftLogWorker$StateMachineDataPolicy.getFromFuture(SegmentedRaftLogWorker.java:87)
	at org.apache.ratis.server.raftlog.segmented.SegmentedRaftLogWorker$WriteLog.execute(SegmentedRaftLogWorker.java:477)
	at org.apache.ratis.server.raftlog.segmented.SegmentedRaftLogWorker.run(SegmentedRaftLogWorker.java:289)
	at java.lang.Thread.run(Thread.java:748)
Caused by: java.util.concurrent.TimeoutException
	at java.util.concurrent.CompletableFuture.timedGet(CompletableFuture.java:1771)
	at java.util.concurrent.CompletableFuture.get(CompletableFuture.java:1915)
	at org.apache.ratis.util.IOUtils.getFromFuture(IOUtils.java:79)
	... 4 more
2019-09-11 07:01:22,234 [4bd4e05e-fa44-45f4-99bb-ac21c4078a41@group-6779B489C9A8-SegmentedRaftLogWorker] WARN  segmented.SegmentedRaftLogWorker (SegmentedRaftLogWorker.java:getFromFuture(90)) - Timeout 0/~
org.apache.ratis.protocol.TimeoutIOException: Timeout 10s: WriteLog:12: (t:1, i:12), STATEMACHINELOGENTRY, client-8D786902D131, cid=42-writeStateMachineData
	at org.apache.ratis.util.IOUtils.getFromFuture(IOUtils.java:87)
	at org.apache.ratis.server.raftlog.segmented.SegmentedRaftLogWorker$StateMachineDataPolicy.getFromFuture(SegmentedRaftLogWorker.java:87)
	at org.apache.ratis.server.raftlog.segmented.SegmentedRaftLogWorker$WriteLog.execute(SegmentedRaftLogWorker.java:477)
	at org.apache.ratis.server.raftlog.segmented.SegmentedRaftLogWorker.run(SegmentedRaftLogWorker.java:289)
	at java.lang.Thread.run(Thread.java:748)
Caused by: java.util.concurrent.TimeoutException
	at java.util.concurrent.CompletableFuture.timedGet(CompletableFuture.java:1771)
	at java.util.concurrent.CompletableFuture.get(CompletableFuture.java:1915)
	at org.apache.ratis.util.IOUtils.getFromFuture(IOUtils.java:79)
	... 4 more
2019-09-11 07:01:22,635 [java.util.concurrent.ThreadPoolExecutor$Worker@634444f[State = -1, empty queue]] WARN  server.GrpcLogAppender (GrpcLogAppender.java:timeoutAppendRequest(200)) - 69a71f03-bd49-4dcf-a91a-b858634f7ca8@group-6779B489C9A8->4bd4e05e-fa44-45f4-99bb-ac21c4078a41-GrpcLogAppender: appendEntries Timeout, request=69a71f03-bd49-4dcf-a91a-b858634f7ca8->4bd4e05e-fa44-45f4-99bb-ac21c4078a41#17-t1, previous=(t:1, i:13), leaderCommit=10, initializing? false, entries: <empty>
2019-09-11 07:01:22,635 [java.util.concurrent.ThreadPoolExecutor$Worker@3775a19a[State = -1, empty queue]] WARN  server.GrpcLogAppender (GrpcLogAppender.java:timeoutAppendRequest(200)) - 69a71f03-bd49-4dcf-a91a-b858634f7ca8@group-6779B489C9A8->1a989eca-a026-4062-a574-e52a85f9a2a4-GrpcLogAppender: appendEntries Timeout, request=69a71f03-bd49-4dcf-a91a-b858634f7ca8->1a989eca-a026-4062-a574-e52a85f9a2a4#17-t1, previous=(t:1, i:13), leaderCommit=10, initializing? false, entries: <empty>
2019-09-11 07:01:24,341 [grpc-default-executor-2] INFO  impl.RaftServerProxy (RaftServerProxy.java:remove(95)) - 1a989eca-a026-4062-a574-e52a85f9a2a4: remove group-4E1E24F5414E:null
2019-09-11 07:01:24,349 [RatisPipelineUtilsThread] WARN  pipeline.RatisPipelineUtils (RatisPipelineUtils.java:destroyPipeline(66)) - Pipeline destroy failed for pipeline=PipelineID=3bf2ead7-e111-4ba5-a3e3-4e1e24f5414e dn=1a989eca-a026-4062-a574-e52a85f9a2a4{ip: 192.168.34.12, host: pr-hdds-2106-8t9qr-763259812, networkLocation: /default-rack, certSerialId: null}
2019-09-11 07:01:24,353 [grpc-default-executor-2] INFO  impl.RaftServerProxy (RaftServerProxy.java:remove(95)) - 4bd4e05e-fa44-45f4-99bb-ac21c4078a41: remove group-4E1E24F5414E:null
2019-09-11 07:01:24,359 [RatisPipelineUtilsThread] WARN  pipeline.RatisPipelineUtils (RatisPipelineUtils.java:destroyPipeline(66)) - Pipeline destroy failed for pipeline=PipelineID=3bf2ead7-e111-4ba5-a3e3-4e1e24f5414e dn=4bd4e05e-fa44-45f4-99bb-ac21c4078a41{ip: 192.168.34.12, host: pr-hdds-2106-8t9qr-763259812, networkLocation: /default-rack, certSerialId: null}
2019-09-11 07:01:24,363 [grpc-default-executor-2] INFO  impl.RaftServerProxy (RaftServerProxy.java:remove(95)) - 69a71f03-bd49-4dcf-a91a-b858634f7ca8: remove group-4E1E24F5414E:null
2019-09-11 07:01:24,369 [RatisPipelineUtilsThread] WARN  pipeline.RatisPipelineUtils (RatisPipelineUtils.java:destroyPipeline(66)) - Pipeline destroy failed for pipeline=PipelineID=3bf2ead7-e111-4ba5-a3e3-4e1e24f5414e dn=69a71f03-bd49-4dcf-a91a-b858634f7ca8{ip: 192.168.34.12, host: pr-hdds-2106-8t9qr-763259812, networkLocation: /default-rack, certSerialId: null}
2019-09-11 07:01:24,369 [RatisPipelineUtilsThread] ERROR pipeline.SCMPipelineManager (Scheduler.java:lambda$schedule$1(70)) - Destroy pipeline failed for pipeline:Pipeline[ Id: 3bf2ead7-e111-4ba5-a3e3-4e1e24f5414e, Nodes: 1a989eca-a026-4062-a574-e52a85f9a2a4{ip: 192.168.34.12, host: pr-hdds-2106-8t9qr-763259812, networkLocation: /default-rack, certSerialId: null}4bd4e05e-fa44-45f4-99bb-ac21c4078a41{ip: 192.168.34.12, host: pr-hdds-2106-8t9qr-763259812, networkLocation: /default-rack, certSerialId: null}69a71f03-bd49-4dcf-a91a-b858634f7ca8{ip: 192.168.34.12, host: pr-hdds-2106-8t9qr-763259812, networkLocation: /default-rack, certSerialId: null}, Type:RATIS, Factor:THREE, State:CLOSED]
org.apache.hadoop.hdds.scm.pipeline.PipelineNotFoundException: PipelineID=3bf2ead7-e111-4ba5-a3e3-4e1e24f5414e not found
	at org.apache.hadoop.hdds.scm.pipeline.PipelineStateMap.getPipeline(PipelineStateMap.java:132)
	at org.apache.hadoop.hdds.scm.pipeline.PipelineStateMap.removePipeline(PipelineStateMap.java:322)
	at org.apache.hadoop.hdds.scm.pipeline.PipelineStateManager.removePipeline(PipelineStateManager.java:107)
	at org.apache.hadoop.hdds.scm.pipeline.SCMPipelineManager.removePipeline(SCMPipelineManager.java:423)
	at org.apache.hadoop.hdds.scm.pipeline.SCMPipelineManager.destroyPipeline(SCMPipelineManager.java:409)
	at org.apache.hadoop.hdds.scm.pipeline.SCMPipelineManager.lambda$finalizeAndDestroyPipeline$0(SCMPipelineManager.java:318)
	at org.apache.hadoop.utils.Scheduler.lambda$schedule$1(Scheduler.java:68)
	at java.util.concurrent.Executors$RunnableAdapter.call(Executors.java:511)
	at java.util.concurrent.FutureTask.run(FutureTask.java:266)
	at java.util.concurrent.ScheduledThreadPoolExecutor$ScheduledFutureTask.access$201(ScheduledThreadPoolExecutor.java:180)
	at java.util.concurrent.ScheduledThreadPoolExecutor$ScheduledFutureTask.run(ScheduledThreadPoolExecutor.java:293)
	at java.util.concurrent.ThreadPoolExecutor.runWorker(ThreadPoolExecutor.java:1149)
	at java.util.concurrent.ThreadPoolExecutor$Worker.run(ThreadPoolExecutor.java:624)
	at java.lang.Thread.run(Thread.java:748)
2019-09-11 07:01:25,135 [java.util.concurrent.ThreadPoolExecutor$Worker@634444f[State = -1, empty queue]] WARN  server.GrpcLogAppender (GrpcLogAppender.java:timeoutAppendRequest(200)) - 69a71f03-bd49-4dcf-a91a-b858634f7ca8@group-6779B489C9A8->4bd4e05e-fa44-45f4-99bb-ac21c4078a41-GrpcLogAppender: appendEntries Timeout, request=69a71f03-bd49-4dcf-a91a-b858634f7ca8->4bd4e05e-fa44-45f4-99bb-ac21c4078a41#18-t1, previous=(t:1, i:13), leaderCommit=10, initializing? false, entries: <empty>
2019-09-11 07:01:25,135 [java.util.concurrent.ThreadPoolExecutor$Worker@3775a19a[State = -1, empty queue]] WARN  server.GrpcLogAppender (GrpcLogAppender.java:timeoutAppendRequest(200)) - 69a71f03-bd49-4dcf-a91a-b858634f7ca8@group-6779B489C9A8->1a989eca-a026-4062-a574-e52a85f9a2a4-GrpcLogAppender: appendEntries Timeout, request=69a71f03-bd49-4dcf-a91a-b858634f7ca8->1a989eca-a026-4062-a574-e52a85f9a2a4#18-t1, previous=(t:1, i:13), leaderCommit=10, initializing? false, entries: <empty>
2019-09-11 07:01:26,341 [grpc-default-executor-1] INFO  impl.RaftServerProxy (RaftServerProxy.java:remove(95)) - 1a989eca-a026-4062-a574-e52a85f9a2a4: remove group-4E1E24F5414E:null
2019-09-11 07:01:26,348 [RatisPipelineUtilsThread] WARN  pipeline.RatisPipelineUtils (RatisPipelineUtils.java:destroyPipeline(66)) - Pipeline destroy failed for pipeline=PipelineID=3bf2ead7-e111-4ba5-a3e3-4e1e24f5414e dn=1a989eca-a026-4062-a574-e52a85f9a2a4{ip: 192.168.34.12, host: pr-hdds-2106-8t9qr-763259812, networkLocation: /default-rack, certSerialId: null}
2019-09-11 07:01:26,352 [grpc-default-executor-1] INFO  impl.RaftServerProxy (RaftServerProxy.java:remove(95)) - 4bd4e05e-fa44-45f4-99bb-ac21c4078a41: remove group-4E1E24F5414E:null
2019-09-11 07:01:26,359 [RatisPipelineUtilsThread] WARN  pipeline.RatisPipelineUtils (RatisPipelineUtils.java:destroyPipeline(66)) - Pipeline destroy failed for pipeline=PipelineID=3bf2ead7-e111-4ba5-a3e3-4e1e24f5414e dn=4bd4e05e-fa44-45f4-99bb-ac21c4078a41{ip: 192.168.34.12, host: pr-hdds-2106-8t9qr-763259812, networkLocation: /default-rack, certSerialId: null}
2019-09-11 07:01:26,363 [grpc-default-executor-1] INFO  impl.RaftServerProxy (RaftServerProxy.java:remove(95)) - 69a71f03-bd49-4dcf-a91a-b858634f7ca8: remove group-4E1E24F5414E:null
2019-09-11 07:01:26,368 [RatisPipelineUtilsThread] WARN  pipeline.RatisPipelineUtils (RatisPipelineUtils.java:destroyPipeline(66)) - Pipeline destroy failed for pipeline=PipelineID=3bf2ead7-e111-4ba5-a3e3-4e1e24f5414e dn=69a71f03-bd49-4dcf-a91a-b858634f7ca8{ip: 192.168.34.12, host: pr-hdds-2106-8t9qr-763259812, networkLocation: /default-rack, certSerialId: null}
2019-09-11 07:01:26,369 [RatisPipelineUtilsThread] ERROR pipeline.SCMPipelineManager (Scheduler.java:lambda$schedule$1(70)) - Destroy pipeline failed for pipeline:Pipeline[ Id: 3bf2ead7-e111-4ba5-a3e3-4e1e24f5414e, Nodes: 1a989eca-a026-4062-a574-e52a85f9a2a4{ip: 192.168.34.12, host: pr-hdds-2106-8t9qr-763259812, networkLocation: /default-rack, certSerialId: null}4bd4e05e-fa44-45f4-99bb-ac21c4078a41{ip: 192.168.34.12, host: pr-hdds-2106-8t9qr-763259812, networkLocation: /default-rack, certSerialId: null}69a71f03-bd49-4dcf-a91a-b858634f7ca8{ip: 192.168.34.12, host: pr-hdds-2106-8t9qr-763259812, networkLocation: /default-rack, certSerialId: null}, Type:RATIS, Factor:THREE, State:CLOSED]
org.apache.hadoop.hdds.scm.pipeline.PipelineNotFoundException: PipelineID=3bf2ead7-e111-4ba5-a3e3-4e1e24f5414e not found
	at org.apache.hadoop.hdds.scm.pipeline.PipelineStateMap.getPipeline(PipelineStateMap.java:132)
	at org.apache.hadoop.hdds.scm.pipeline.PipelineStateMap.removePipeline(PipelineStateMap.java:322)
	at org.apache.hadoop.hdds.scm.pipeline.PipelineStateManager.removePipeline(PipelineStateManager.java:107)
	at org.apache.hadoop.hdds.scm.pipeline.SCMPipelineManager.removePipeline(SCMPipelineManager.java:423)
	at org.apache.hadoop.hdds.scm.pipeline.SCMPipelineManager.destroyPipeline(SCMPipelineManager.java:409)
	at org.apache.hadoop.hdds.scm.pipeline.SCMPipelineManager.lambda$finalizeAndDestroyPipeline$0(SCMPipelineManager.java:318)
	at org.apache.hadoop.utils.Scheduler.lambda$schedule$1(Scheduler.java:68)
	at java.util.concurrent.Executors$RunnableAdapter.call(Executors.java:511)
	at java.util.concurrent.FutureTask.run(FutureTask.java:266)
	at java.util.concurrent.ScheduledThreadPoolExecutor$ScheduledFutureTask.access$201(ScheduledThreadPoolExecutor.java:180)
	at java.util.concurrent.ScheduledThreadPoolExecutor$ScheduledFutureTask.run(ScheduledThreadPoolExecutor.java:293)
	at java.util.concurrent.ThreadPoolExecutor.runWorker(ThreadPoolExecutor.java:1149)
	at java.util.concurrent.ThreadPoolExecutor$Worker.run(ThreadPoolExecutor.java:624)
	at java.lang.Thread.run(Thread.java:748)
2019-09-11 07:01:27,243 [grpc-default-executor-2] INFO  client.GrpcClientProtocolClient (GrpcClientProtocolClient.java:onNext(264)) - client-8D786902D131->4bd4e05e-fa44-45f4-99bb-ac21c4078a41: receive RaftClientReply:client-8D786902D131->4bd4e05e-fa44-45f4-99bb-ac21c4078a41@group-6779B489C9A8, cid=41, FAILED org.apache.ratis.protocol.NotLeaderException: Server 4bd4e05e-fa44-45f4-99bb-ac21c4078a41@group-6779B489C9A8 is not the leader 69a71f03-bd49-4dcf-a91a-b858634f7ca8:192.168.34.12:43469, logIndex=0, commits[4bd4e05e-fa44-45f4-99bb-ac21c4078a41:c10, 69a71f03-bd49-4dcf-a91a-b858634f7ca8:c10, 1a989eca-a026-4062-a574-e52a85f9a2a4:c6]
2019-09-11 07:01:27,635 [java.util.concurrent.ThreadPoolExecutor$Worker@634444f[State = -1, empty queue]] WARN  server.GrpcLogAppender (GrpcLogAppender.java:timeoutAppendRequest(200)) - 69a71f03-bd49-4dcf-a91a-b858634f7ca8@group-6779B489C9A8->4bd4e05e-fa44-45f4-99bb-ac21c4078a41-GrpcLogAppender: appendEntries Timeout, request=69a71f03-bd49-4dcf-a91a-b858634f7ca8->4bd4e05e-fa44-45f4-99bb-ac21c4078a41#19-t1, previous=(t:1, i:13), leaderCommit=10, initializing? false, entries: <empty>
2019-09-11 07:01:27,635 [java.util.concurrent.ThreadPoolExecutor$Worker@3775a19a[State = -1, empty queue]] WARN  server.GrpcLogAppender (GrpcLogAppender.java:timeoutAppendRequest(200)) - 69a71f03-bd49-4dcf-a91a-b858634f7ca8@group-6779B489C9A8->1a989eca-a026-4062-a574-e52a85f9a2a4-GrpcLogAppender: appendEntries Timeout, request=69a71f03-bd49-4dcf-a91a-b858634f7ca8->1a989eca-a026-4062-a574-e52a85f9a2a4#19-t1, previous=(t:1, i:13), leaderCommit=10, initializing? false, entries: <empty>
2019-09-11 07:01:29,343 [grpc-default-executor-1] INFO  impl.RaftServerProxy (RaftServerProxy.java:remove(95)) - 1a989eca-a026-4062-a574-e52a85f9a2a4: remove group-4E1E24F5414E:null
2019-09-11 07:01:29,351 [RatisPipelineUtilsThread] WARN  pipeline.RatisPipelineUtils (RatisPipelineUtils.java:destroyPipeline(66)) - Pipeline destroy failed for pipeline=PipelineID=3bf2ead7-e111-4ba5-a3e3-4e1e24f5414e dn=1a989eca-a026-4062-a574-e52a85f9a2a4{ip: 192.168.34.12, host: pr-hdds-2106-8t9qr-763259812, networkLocation: /default-rack, certSerialId: null}
2019-09-11 07:01:29,355 [grpc-default-executor-1] INFO  impl.RaftServerProxy (RaftServerProxy.java:remove(95)) - 4bd4e05e-fa44-45f4-99bb-ac21c4078a41: remove group-4E1E24F5414E:null
2019-09-11 07:01:29,360 [RatisPipelineUtilsThread] WARN  pipeline.RatisPipelineUtils (RatisPipelineUtils.java:destroyPipeline(66)) - Pipeline destroy failed for pipeline=PipelineID=3bf2ead7-e111-4ba5-a3e3-4e1e24f5414e dn=4bd4e05e-fa44-45f4-99bb-ac21c4078a41{ip: 192.168.34.12, host: pr-hdds-2106-8t9qr-763259812, networkLocation: /default-rack, certSerialId: null}
2019-09-11 07:01:29,363 [grpc-default-executor-1] INFO  impl.RaftServerProxy (RaftServerProxy.java:remove(95)) - 69a71f03-bd49-4dcf-a91a-b858634f7ca8: remove group-4E1E24F5414E:null
2019-09-11 07:01:29,368 [RatisPipelineUtilsThread] WARN  pipeline.RatisPipelineUtils (RatisPipelineUtils.java:destroyPipeline(66)) - Pipeline destroy failed for pipeline=PipelineID=3bf2ead7-e111-4ba5-a3e3-4e1e24f5414e dn=69a71f03-bd49-4dcf-a91a-b858634f7ca8{ip: 192.168.34.12, host: pr-hdds-2106-8t9qr-763259812, networkLocation: /default-rack, certSerialId: null}
2019-09-11 07:01:29,368 [RatisPipelineUtilsThread] ERROR pipeline.SCMPipelineManager (Scheduler.java:lambda$schedule$1(70)) - Destroy pipeline failed for pipeline:Pipeline[ Id: 3bf2ead7-e111-4ba5-a3e3-4e1e24f5414e, Nodes: 1a989eca-a026-4062-a574-e52a85f9a2a4{ip: 192.168.34.12, host: pr-hdds-2106-8t9qr-763259812, networkLocation: /default-rack, certSerialId: null}4bd4e05e-fa44-45f4-99bb-ac21c4078a41{ip: 192.168.34.12, host: pr-hdds-2106-8t9qr-763259812, networkLocation: /default-rack, certSerialId: null}69a71f03-bd49-4dcf-a91a-b858634f7ca8{ip: 192.168.34.12, host: pr-hdds-2106-8t9qr-763259812, networkLocation: /default-rack, certSerialId: null}, Type:RATIS, Factor:THREE, State:CLOSED]
org.apache.hadoop.hdds.scm.pipeline.PipelineNotFoundException: PipelineID=3bf2ead7-e111-4ba5-a3e3-4e1e24f5414e not found
	at org.apache.hadoop.hdds.scm.pipeline.PipelineStateMap.getPipeline(PipelineStateMap.java:132)
	at org.apache.hadoop.hdds.scm.pipeline.PipelineStateMap.removePipeline(PipelineStateMap.java:322)
	at org.apache.hadoop.hdds.scm.pipeline.PipelineStateManager.removePipeline(PipelineStateManager.java:107)
	at org.apache.hadoop.hdds.scm.pipeline.SCMPipelineManager.removePipeline(SCMPipelineManager.java:423)
	at org.apache.hadoop.hdds.scm.pipeline.SCMPipelineManager.destroyPipeline(SCMPipelineManager.java:409)
	at org.apache.hadoop.hdds.scm.pipeline.SCMPipelineManager.lambda$finalizeAndDestroyPipeline$0(SCMPipelineManager.java:318)
	at org.apache.hadoop.utils.Scheduler.lambda$schedule$1(Scheduler.java:68)
	at java.util.concurrent.Executors$RunnableAdapter.call(Executors.java:511)
	at java.util.concurrent.FutureTask.run(FutureTask.java:266)
	at java.util.concurrent.ScheduledThreadPoolExecutor$ScheduledFutureTask.access$201(ScheduledThreadPoolExecutor.java:180)
	at java.util.concurrent.ScheduledThreadPoolExecutor$ScheduledFutureTask.run(ScheduledThreadPoolExecutor.java:293)
	at java.util.concurrent.ThreadPoolExecutor.runWorker(ThreadPoolExecutor.java:1149)
	at java.util.concurrent.ThreadPoolExecutor$Worker.run(ThreadPoolExecutor.java:624)
	at java.lang.Thread.run(Thread.java:748)
2019-09-11 07:01:30,136 [java.util.concurrent.ThreadPoolExecutor$Worker@634444f[State = -1, empty queue]] WARN  server.GrpcLogAppender (GrpcLogAppender.java:timeoutAppendRequest(200)) - 69a71f03-bd49-4dcf-a91a-b858634f7ca8@group-6779B489C9A8->4bd4e05e-fa44-45f4-99bb-ac21c4078a41-GrpcLogAppender: appendEntries Timeout, request=69a71f03-bd49-4dcf-a91a-b858634f7ca8->4bd4e05e-fa44-45f4-99bb-ac21c4078a41#20-t1, previous=(t:1, i:13), leaderCommit=10, initializing? false, entries: <empty>
2019-09-11 07:01:30,136 [java.util.concurrent.ThreadPoolExecutor$Worker@3775a19a[State = -1, empty queue]] WARN  server.GrpcLogAppender (GrpcLogAppender.java:timeoutAppendRequest(200)) - 69a71f03-bd49-4dcf-a91a-b858634f7ca8@group-6779B489C9A8->1a989eca-a026-4062-a574-e52a85f9a2a4-GrpcLogAppender: appendEntries Timeout, request=69a71f03-bd49-4dcf-a91a-b858634f7ca8->1a989eca-a026-4062-a574-e52a85f9a2a4#20-t1, previous=(t:1, i:13), leaderCommit=10, initializing? false, entries: <empty>
2019-09-11 07:01:31,343 [grpc-default-executor-2] INFO  impl.RaftServerProxy (RaftServerProxy.java:remove(95)) - 1a989eca-a026-4062-a574-e52a85f9a2a4: remove group-4E1E24F5414E:null
2019-09-11 07:01:31,351 [RatisPipelineUtilsThread] WARN  pipeline.RatisPipelineUtils (RatisPipelineUtils.java:destroyPipeline(66)) - Pipeline destroy failed for pipeline=PipelineID=3bf2ead7-e111-4ba5-a3e3-4e1e24f5414e dn=1a989eca-a026-4062-a574-e52a85f9a2a4{ip: 192.168.34.12, host: pr-hdds-2106-8t9qr-763259812, networkLocation: /default-rack, certSerialId: null}
2019-09-11 07:01:31,354 [grpc-default-executor-2] INFO  impl.RaftServerProxy (RaftServerProxy.java:remove(95)) - 4bd4e05e-fa44-45f4-99bb-ac21c4078a41: remove group-4E1E24F5414E:null
2019-09-11 07:01:31,360 [RatisPipelineUtilsThread] WARN  pipeline.RatisPipelineUtils (RatisPipelineUtils.java:destroyPipeline(66)) - Pipeline destroy failed for pipeline=PipelineID=3bf2ead7-e111-4ba5-a3e3-4e1e24f5414e dn=4bd4e05e-fa44-45f4-99bb-ac21c4078a41{ip: 192.168.34.12, host: pr-hdds-2106-8t9qr-763259812, networkLocation: /default-rack, certSerialId: null}
2019-09-11 07:01:31,363 [grpc-default-executor-2] INFO  impl.RaftServerProxy (RaftServerProxy.java:remove(95)) - 69a71f03-bd49-4dcf-a91a-b858634f7ca8: remove group-4E1E24F5414E:null
2019-09-11 07:01:31,369 [RatisPipelineUtilsThread] WARN  pipeline.RatisPipelineUtils (RatisPipelineUtils.java:destroyPipeline(66)) - Pipeline destroy failed for pipeline=PipelineID=3bf2ead7-e111-4ba5-a3e3-4e1e24f5414e dn=69a71f03-bd49-4dcf-a91a-b858634f7ca8{ip: 192.168.34.12, host: pr-hdds-2106-8t9qr-763259812, networkLocation: /default-rack, certSerialId: null}
2019-09-11 07:01:31,369 [RatisPipelineUtilsThread] ERROR pipeline.SCMPipelineManager (Scheduler.java:lambda$schedule$1(70)) - Destroy pipeline failed for pipeline:Pipeline[ Id: 3bf2ead7-e111-4ba5-a3e3-4e1e24f5414e, Nodes: 1a989eca-a026-4062-a574-e52a85f9a2a4{ip: 192.168.34.12, host: pr-hdds-2106-8t9qr-763259812, networkLocation: /default-rack, certSerialId: null}4bd4e05e-fa44-45f4-99bb-ac21c4078a41{ip: 192.168.34.12, host: pr-hdds-2106-8t9qr-763259812, networkLocation: /default-rack, certSerialId: null}69a71f03-bd49-4dcf-a91a-b858634f7ca8{ip: 192.168.34.12, host: pr-hdds-2106-8t9qr-763259812, networkLocation: /default-rack, certSerialId: null}, Type:RATIS, Factor:THREE, State:CLOSED]
org.apache.hadoop.hdds.scm.pipeline.PipelineNotFoundException: PipelineID=3bf2ead7-e111-4ba5-a3e3-4e1e24f5414e not found
	at org.apache.hadoop.hdds.scm.pipeline.PipelineStateMap.getPipeline(PipelineStateMap.java:132)
	at org.apache.hadoop.hdds.scm.pipeline.PipelineStateMap.removePipeline(PipelineStateMap.java:322)
	at org.apache.hadoop.hdds.scm.pipeline.PipelineStateManager.removePipeline(PipelineStateManager.java:107)
	at org.apache.hadoop.hdds.scm.pipeline.SCMPipelineManager.removePipeline(SCMPipelineManager.java:423)
	at org.apache.hadoop.hdds.scm.pipeline.SCMPipelineManager.destroyPipeline(SCMPipelineManager.java:409)
	at org.apache.hadoop.hdds.scm.pipeline.SCMPipelineManager.lambda$finalizeAndDestroyPipeline$0(SCMPipelineManager.java:318)
	at org.apache.hadoop.utils.Scheduler.lambda$schedule$1(Scheduler.java:68)
	at java.util.concurrent.Executors$RunnableAdapter.call(Executors.java:511)
	at java.util.concurrent.FutureTask.run(FutureTask.java:266)
	at java.util.concurrent.ScheduledThreadPoolExecutor$ScheduledFutureTask.access$201(ScheduledThreadPoolExecutor.java:180)
	at java.util.concurrent.ScheduledThreadPoolExecutor$ScheduledFutureTask.run(ScheduledThreadPoolExecutor.java:293)
	at java.util.concurrent.ThreadPoolExecutor.runWorker(ThreadPoolExecutor.java:1149)
	at java.util.concurrent.ThreadPoolExecutor$Worker.run(ThreadPoolExecutor.java:624)
	at java.lang.Thread.run(Thread.java:748)
2019-09-11 07:01:32,132 [69a71f03-bd49-4dcf-a91a-b858634f7ca8@group-6779B489C9A8-SegmentedRaftLogWorker] WARN  segmented.SegmentedRaftLogWorker (SegmentedRaftLogWorker.java:getFromFuture(90)) - Timeout 1/~
org.apache.ratis.protocol.TimeoutIOException: Timeout 10s: WriteLog:11: (t:1, i:11), STATEMACHINELOGENTRY, client-8D786902D131, cid=41-writeStateMachineData
	at org.apache.ratis.util.IOUtils.getFromFuture(IOUtils.java:87)
	at org.apache.ratis.server.raftlog.segmented.SegmentedRaftLogWorker$StateMachineDataPolicy.getFromFuture(SegmentedRaftLogWorker.java:87)
	at org.apache.ratis.server.raftlog.segmented.SegmentedRaftLogWorker$WriteLog.execute(SegmentedRaftLogWorker.java:477)
	at org.apache.ratis.server.raftlog.segmented.SegmentedRaftLogWorker.run(SegmentedRaftLogWorker.java:289)
	at java.lang.Thread.run(Thread.java:748)
Caused by: java.util.concurrent.TimeoutException
	at java.util.concurrent.CompletableFuture.timedGet(CompletableFuture.java:1771)
	at java.util.concurrent.CompletableFuture.get(CompletableFuture.java:1915)
	at org.apache.ratis.util.IOUtils.getFromFuture(IOUtils.java:79)
	... 4 more
2019-09-11 07:01:32,235 [1a989eca-a026-4062-a574-e52a85f9a2a4@group-6779B489C9A8-SegmentedRaftLogWorker] WARN  segmented.SegmentedRaftLogWorker (SegmentedRaftLogWorker.java:getFromFuture(90)) - Timeout 1/~
org.apache.ratis.protocol.TimeoutIOException: Timeout 10s: WriteLog:12: (t:1, i:12), STATEMACHINELOGENTRY, client-8D786902D131, cid=42-writeStateMachineData
	at org.apache.ratis.util.IOUtils.getFromFuture(IOUtils.java:87)
	at org.apache.ratis.server.raftlog.segmented.SegmentedRaftLogWorker$StateMachineDataPolicy.getFromFuture(SegmentedRaftLogWorker.java:87)
	at org.apache.ratis.server.raftlog.segmented.SegmentedRaftLogWorker$WriteLog.execute(SegmentedRaftLogWorker.java:477)
	at org.apache.ratis.server.raftlog.segmented.SegmentedRaftLogWorker.run(SegmentedRaftLogWorker.java:289)
	at java.lang.Thread.run(Thread.java:748)
Caused by: java.util.concurrent.TimeoutException
	at java.util.concurrent.CompletableFuture.timedGet(CompletableFuture.java:1771)
	at java.util.concurrent.CompletableFuture.get(CompletableFuture.java:1915)
	at org.apache.ratis.util.IOUtils.getFromFuture(IOUtils.java:79)
	... 4 more
2019-09-11 07:01:32,235 [4bd4e05e-fa44-45f4-99bb-ac21c4078a41@group-6779B489C9A8-SegmentedRaftLogWorker] WARN  segmented.SegmentedRaftLogWorker (SegmentedRaftLogWorker.java:getFromFuture(90)) - Timeout 1/~
org.apache.ratis.protocol.TimeoutIOException: Timeout 10s: WriteLog:12: (t:1, i:12), STATEMACHINELOGENTRY, client-8D786902D131, cid=42-writeStateMachineData
	at org.apache.ratis.util.IOUtils.getFromFuture(IOUtils.java:87)
	at org.apache.ratis.server.raftlog.segmented.SegmentedRaftLogWorker$StateMachineDataPolicy.getFromFuture(SegmentedRaftLogWorker.java:87)
	at org.apache.ratis.server.raftlog.segmented.SegmentedRaftLogWorker$WriteLog.execute(SegmentedRaftLogWorker.java:477)
	at org.apache.ratis.server.raftlog.segmented.SegmentedRaftLogWorker.run(SegmentedRaftLogWorker.java:289)
	at java.lang.Thread.run(Thread.java:748)
Caused by: java.util.concurrent.TimeoutException
	at java.util.concurrent.CompletableFuture.timedGet(CompletableFuture.java:1771)
	at java.util.concurrent.CompletableFuture.get(CompletableFuture.java:1915)
	at org.apache.ratis.util.IOUtils.getFromFuture(IOUtils.java:79)
	... 4 more
2019-09-11 07:01:32,286 [grpc-default-executor-2] INFO  client.GrpcClientProtocolClient (GrpcClientProtocolClient.java:onNext(264)) - client-8D786902D131->1a989eca-a026-4062-a574-e52a85f9a2a4: receive RaftClientReply:client-8D786902D131->1a989eca-a026-4062-a574-e52a85f9a2a4@group-6779B489C9A8, cid=41, FAILED org.apache.ratis.protocol.NotLeaderException: Server 1a989eca-a026-4062-a574-e52a85f9a2a4@group-6779B489C9A8 is not the leader 69a71f03-bd49-4dcf-a91a-b858634f7ca8:192.168.34.12:43469, logIndex=0, commits[1a989eca-a026-4062-a574-e52a85f9a2a4:c10, 69a71f03-bd49-4dcf-a91a-b858634f7ca8:c10, 4bd4e05e-fa44-45f4-99bb-ac21c4078a41:c6]
2019-09-11 07:01:32,636 [java.util.concurrent.ThreadPoolExecutor$Worker@634444f[State = -1, empty queue]] WARN  server.GrpcLogAppender (GrpcLogAppender.java:timeoutAppendRequest(200)) - 69a71f03-bd49-4dcf-a91a-b858634f7ca8@group-6779B489C9A8->4bd4e05e-fa44-45f4-99bb-ac21c4078a41-GrpcLogAppender: appendEntries Timeout, request=69a71f03-bd49-4dcf-a91a-b858634f7ca8->4bd4e05e-fa44-45f4-99bb-ac21c4078a41#21-t1, previous=(t:1, i:13), leaderCommit=10, initializing? false, entries: <empty>
2019-09-11 07:01:32,637 [java.util.concurrent.ThreadPoolExecutor$Worker@3775a19a[State = -1, empty queue]] WARN  server.GrpcLogAppender (GrpcLogAppender.java:timeoutAppendRequest(200)) - 69a71f03-bd49-4dcf-a91a-b858634f7ca8@group-6779B489C9A8->1a989eca-a026-4062-a574-e52a85f9a2a4-GrpcLogAppender: appendEntries Timeout, request=69a71f03-bd49-4dcf-a91a-b858634f7ca8->1a989eca-a026-4062-a574-e52a85f9a2a4#21-t1, previous=(t:1, i:13), leaderCommit=10, initializing? false, entries: <empty>
2019-09-11 07:01:34,344 [grpc-default-executor-2] INFO  impl.RaftServerProxy (RaftServerProxy.java:remove(95)) - 1a989eca-a026-4062-a574-e52a85f9a2a4: remove group-4E1E24F5414E:null
2019-09-11 07:01:34,352 [RatisPipelineUtilsThread] WARN  pipeline.RatisPipelineUtils (RatisPipelineUtils.java:destroyPipeline(66)) - Pipeline destroy failed for pipeline=PipelineID=3bf2ead7-e111-4ba5-a3e3-4e1e24f5414e dn=1a989eca-a026-4062-a574-e52a85f9a2a4{ip: 192.168.34.12, host: pr-hdds-2106-8t9qr-763259812, networkLocation: /default-rack, certSerialId: null}
2019-09-11 07:01:34,356 [grpc-default-executor-2] INFO  impl.RaftServerProxy (RaftServerProxy.java:remove(95)) - 4bd4e05e-fa44-45f4-99bb-ac21c4078a41: remove group-4E1E24F5414E:null
2019-09-11 07:01:34,361 [RatisPipelineUtilsThread] WARN  pipeline.RatisPipelineUtils (RatisPipelineUtils.java:destroyPipeline(66)) - Pipeline destroy failed for pipeline=PipelineID=3bf2ead7-e111-4ba5-a3e3-4e1e24f5414e dn=4bd4e05e-fa44-45f4-99bb-ac21c4078a41{ip: 192.168.34.12, host: pr-hdds-2106-8t9qr-763259812, networkLocation: /default-rack, certSerialId: null}
2019-09-11 07:01:34,364 [grpc-default-executor-2] INFO  impl.RaftServerProxy (RaftServerProxy.java:remove(95)) - 69a71f03-bd49-4dcf-a91a-b858634f7ca8: remove group-4E1E24F5414E:null
2019-09-11 07:01:34,369 [RatisPipelineUtilsThread] WARN  pipeline.RatisPipelineUtils (RatisPipelineUtils.java:destroyPipeline(66)) - Pipeline destroy failed for pipeline=PipelineID=3bf2ead7-e111-4ba5-a3e3-4e1e24f5414e dn=69a71f03-bd49-4dcf-a91a-b858634f7ca8{ip: 192.168.34.12, host: pr-hdds-2106-8t9qr-763259812, networkLocation: /default-rack, certSerialId: null}
2019-09-11 07:01:34,369 [RatisPipelineUtilsThread] ERROR pipeline.SCMPipelineManager (Scheduler.java:lambda$schedule$1(70)) - Destroy pipeline failed for pipeline:Pipeline[ Id: 3bf2ead7-e111-4ba5-a3e3-4e1e24f5414e, Nodes: 1a989eca-a026-4062-a574-e52a85f9a2a4{ip: 192.168.34.12, host: pr-hdds-2106-8t9qr-763259812, networkLocation: /default-rack, certSerialId: null}4bd4e05e-fa44-45f4-99bb-ac21c4078a41{ip: 192.168.34.12, host: pr-hdds-2106-8t9qr-763259812, networkLocation: /default-rack, certSerialId: null}69a71f03-bd49-4dcf-a91a-b858634f7ca8{ip: 192.168.34.12, host: pr-hdds-2106-8t9qr-763259812, networkLocation: /default-rack, certSerialId: null}, Type:RATIS, Factor:THREE, State:CLOSED]
org.apache.hadoop.hdds.scm.pipeline.PipelineNotFoundException: PipelineID=3bf2ead7-e111-4ba5-a3e3-4e1e24f5414e not found
	at org.apache.hadoop.hdds.scm.pipeline.PipelineStateMap.getPipeline(PipelineStateMap.java:132)
	at org.apache.hadoop.hdds.scm.pipeline.PipelineStateMap.removePipeline(PipelineStateMap.java:322)
	at org.apache.hadoop.hdds.scm.pipeline.PipelineStateManager.removePipeline(PipelineStateManager.java:107)
	at org.apache.hadoop.hdds.scm.pipeline.SCMPipelineManager.removePipeline(SCMPipelineManager.java:423)
	at org.apache.hadoop.hdds.scm.pipeline.SCMPipelineManager.destroyPipeline(SCMPipelineManager.java:409)
	at org.apache.hadoop.hdds.scm.pipeline.SCMPipelineManager.lambda$finalizeAndDestroyPipeline$0(SCMPipelineManager.java:318)
	at org.apache.hadoop.utils.Scheduler.lambda$schedule$1(Scheduler.java:68)
	at java.util.concurrent.Executors$RunnableAdapter.call(Executors.java:511)
	at java.util.concurrent.FutureTask.run(FutureTask.java:266)
	at java.util.concurrent.ScheduledThreadPoolExecutor$ScheduledFutureTask.access$201(ScheduledThreadPoolExecutor.java:180)
	at java.util.concurrent.ScheduledThreadPoolExecutor$ScheduledFutureTask.run(ScheduledThreadPoolExecutor.java:293)
	at java.util.concurrent.ThreadPoolExecutor.runWorker(ThreadPoolExecutor.java:1149)
	at java.util.concurrent.ThreadPoolExecutor$Worker.run(ThreadPoolExecutor.java:624)
	at java.lang.Thread.run(Thread.java:748)
2019-09-11 07:01:35,137 [java.util.concurrent.ThreadPoolExecutor$Worker@634444f[State = -1, empty queue]] WARN  server.GrpcLogAppender (GrpcLogAppender.java:timeoutAppendRequest(200)) - 69a71f03-bd49-4dcf-a91a-b858634f7ca8@group-6779B489C9A8->4bd4e05e-fa44-45f4-99bb-ac21c4078a41-GrpcLogAppender: appendEntries Timeout, request=69a71f03-bd49-4dcf-a91a-b858634f7ca8->4bd4e05e-fa44-45f4-99bb-ac21c4078a41#22-t1, previous=(t:1, i:13), leaderCommit=10, initializing? false, entries: <empty>
2019-09-11 07:01:35,137 [java.util.concurrent.ThreadPoolExecutor$Worker@3775a19a[State = -1, empty queue]] WARN  server.GrpcLogAppender (GrpcLogAppender.java:timeoutAppendRequest(200)) - 69a71f03-bd49-4dcf-a91a-b858634f7ca8@group-6779B489C9A8->1a989eca-a026-4062-a574-e52a85f9a2a4-GrpcLogAppender: appendEntries Timeout, request=69a71f03-bd49-4dcf-a91a-b858634f7ca8->1a989eca-a026-4062-a574-e52a85f9a2a4#22-t1, previous=(t:1, i:13), leaderCommit=10, initializing? false, entries: <empty>
2019-09-11 07:01:36,344 [grpc-default-executor-1] INFO  impl.RaftServerProxy (RaftServerProxy.java:remove(95)) - 1a989eca-a026-4062-a574-e52a85f9a2a4: remove group-4E1E24F5414E:null
2019-09-11 07:01:36,352 [RatisPipelineUtilsThread] WARN  pipeline.RatisPipelineUtils (RatisPipelineUtils.java:destroyPipeline(66)) - Pipeline destroy failed for pipeline=PipelineID=3bf2ead7-e111-4ba5-a3e3-4e1e24f5414e dn=1a989eca-a026-4062-a574-e52a85f9a2a4{ip: 192.168.34.12, host: pr-hdds-2106-8t9qr-763259812, networkLocation: /default-rack, certSerialId: null}
2019-09-11 07:01:36,356 [grpc-default-executor-1] INFO  impl.RaftServerProxy (RaftServerProxy.java:remove(95)) - 4bd4e05e-fa44-45f4-99bb-ac21c4078a41: remove group-4E1E24F5414E:null
2019-09-11 07:01:36,376 [RatisPipelineUtilsThread] WARN  pipeline.RatisPipelineUtils (RatisPipelineUtils.java:destroyPipeline(66)) - Pipeline destroy failed for pipeline=PipelineID=3bf2ead7-e111-4ba5-a3e3-4e1e24f5414e dn=4bd4e05e-fa44-45f4-99bb-ac21c4078a41{ip: 192.168.34.12, host: pr-hdds-2106-8t9qr-763259812, networkLocation: /default-rack, certSerialId: null}
2019-09-11 07:01:36,379 [grpc-default-executor-1] INFO  impl.RaftServerProxy (RaftServerProxy.java:remove(95)) - 69a71f03-bd49-4dcf-a91a-b858634f7ca8: remove group-4E1E24F5414E:null
2019-09-11 07:01:36,383 [RatisPipelineUtilsThread] WARN  pipeline.RatisPipelineUtils (RatisPipelineUtils.java:destroyPipeline(66)) - Pipeline destroy failed for pipeline=PipelineID=3bf2ead7-e111-4ba5-a3e3-4e1e24f5414e dn=69a71f03-bd49-4dcf-a91a-b858634f7ca8{ip: 192.168.34.12, host: pr-hdds-2106-8t9qr-763259812, networkLocation: /default-rack, certSerialId: null}
2019-09-11 07:01:36,383 [RatisPipelineUtilsThread] ERROR pipeline.SCMPipelineManager (Scheduler.java:lambda$schedule$1(70)) - Destroy pipeline failed for pipeline:Pipeline[ Id: 3bf2ead7-e111-4ba5-a3e3-4e1e24f5414e, Nodes: 1a989eca-a026-4062-a574-e52a85f9a2a4{ip: 192.168.34.12, host: pr-hdds-2106-8t9qr-763259812, networkLocation: /default-rack, certSerialId: null}4bd4e05e-fa44-45f4-99bb-ac21c4078a41{ip: 192.168.34.12, host: pr-hdds-2106-8t9qr-763259812, networkLocation: /default-rack, certSerialId: null}69a71f03-bd49-4dcf-a91a-b858634f7ca8{ip: 192.168.34.12, host: pr-hdds-2106-8t9qr-763259812, networkLocation: /default-rack, certSerialId: null}, Type:RATIS, Factor:THREE, State:CLOSED]
org.apache.hadoop.hdds.scm.pipeline.PipelineNotFoundException: PipelineID=3bf2ead7-e111-4ba5-a3e3-4e1e24f5414e not found
	at org.apache.hadoop.hdds.scm.pipeline.PipelineStateMap.getPipeline(PipelineStateMap.java:132)
	at org.apache.hadoop.hdds.scm.pipeline.PipelineStateMap.removePipeline(PipelineStateMap.java:322)
	at org.apache.hadoop.hdds.scm.pipeline.PipelineStateManager.removePipeline(PipelineStateManager.java:107)
	at org.apache.hadoop.hdds.scm.pipeline.SCMPipelineManager.removePipeline(SCMPipelineManager.java:423)
	at org.apache.hadoop.hdds.scm.pipeline.SCMPipelineManager.destroyPipeline(SCMPipelineManager.java:409)
	at org.apache.hadoop.hdds.scm.pipeline.SCMPipelineManager.lambda$finalizeAndDestroyPipeline$0(SCMPipelineManager.java:318)
	at org.apache.hadoop.utils.Scheduler.lambda$schedule$1(Scheduler.java:68)
	at java.util.concurrent.Executors$RunnableAdapter.call(Executors.java:511)
	at java.util.concurrent.FutureTask.run(FutureTask.java:266)
	at java.util.concurrent.ScheduledThreadPoolExecutor$ScheduledFutureTask.access$201(ScheduledThreadPoolExecutor.java:180)
	at java.util.concurrent.ScheduledThreadPoolExecutor$ScheduledFutureTask.run(ScheduledThreadPoolExecutor.java:293)
	at java.util.concurrent.ThreadPoolExecutor.runWorker(ThreadPoolExecutor.java:1149)
	at java.util.concurrent.ThreadPoolExecutor$Worker.run(ThreadPoolExecutor.java:624)
	at java.lang.Thread.run(Thread.java:748)
2019-09-11 07:01:37,342 [grpc-default-executor-2] INFO  client.GrpcClientProtocolClient (GrpcClientProtocolClient.java:onNext(264)) - client-8D786902D131->1a989eca-a026-4062-a574-e52a85f9a2a4: receive RaftClientReply:client-8D786902D131->1a989eca-a026-4062-a574-e52a85f9a2a4@group-6779B489C9A8, cid=41, FAILED org.apache.ratis.protocol.NotLeaderException: Server 1a989eca-a026-4062-a574-e52a85f9a2a4@group-6779B489C9A8 is not the leader 69a71f03-bd49-4dcf-a91a-b858634f7ca8:192.168.34.12:43469, logIndex=0, commits[1a989eca-a026-4062-a574-e52a85f9a2a4:c10, 69a71f03-bd49-4dcf-a91a-b858634f7ca8:c10, 4bd4e05e-fa44-45f4-99bb-ac21c4078a41:c6]
2019-09-11 07:01:37,638 [java.util.concurrent.ThreadPoolExecutor$Worker@634444f[State = -1, empty queue]] WARN  server.GrpcLogAppender (GrpcLogAppender.java:timeoutAppendRequest(200)) - 69a71f03-bd49-4dcf-a91a-b858634f7ca8@group-6779B489C9A8->4bd4e05e-fa44-45f4-99bb-ac21c4078a41-GrpcLogAppender: appendEntries Timeout, request=69a71f03-bd49-4dcf-a91a-b858634f7ca8->4bd4e05e-fa44-45f4-99bb-ac21c4078a41#23-t1, previous=(t:1, i:13), leaderCommit=10, initializing? false, entries: <empty>
2019-09-11 07:01:37,638 [java.util.concurrent.ThreadPoolExecutor$Worker@3775a19a[State = -1, empty queue]] WARN  server.GrpcLogAppender (GrpcLogAppender.java:timeoutAppendRequest(200)) - 69a71f03-bd49-4dcf-a91a-b858634f7ca8@group-6779B489C9A8->1a989eca-a026-4062-a574-e52a85f9a2a4-GrpcLogAppender: appendEntries Timeout, request=69a71f03-bd49-4dcf-a91a-b858634f7ca8->1a989eca-a026-4062-a574-e52a85f9a2a4#23-t1, previous=(t:1, i:13), leaderCommit=10, initializing? false, entries: <empty>
2019-09-11 07:01:39,343 [grpc-default-executor-2] INFO  impl.RaftServerProxy (RaftServerProxy.java:remove(95)) - 1a989eca-a026-4062-a574-e52a85f9a2a4: remove group-4E1E24F5414E:null
2019-09-11 07:01:39,349 [RatisPipelineUtilsThread] WARN  pipeline.RatisPipelineUtils (RatisPipelineUtils.java:destroyPipeline(66)) - Pipeline destroy failed for pipeline=PipelineID=3bf2ead7-e111-4ba5-a3e3-4e1e24f5414e dn=1a989eca-a026-4062-a574-e52a85f9a2a4{ip: 192.168.34.12, host: pr-hdds-2106-8t9qr-763259812, networkLocation: /default-rack, certSerialId: null}
2019-09-11 07:01:39,352 [grpc-default-executor-2] INFO  impl.RaftServerProxy (RaftServerProxy.java:remove(95)) - 4bd4e05e-fa44-45f4-99bb-ac21c4078a41: remove group-4E1E24F5414E:null
2019-09-11 07:01:39,359 [RatisPipelineUtilsThread] WARN  pipeline.RatisPipelineUtils (RatisPipelineUtils.java:destroyPipeline(66)) - Pipeline destroy failed for pipeline=PipelineID=3bf2ead7-e111-4ba5-a3e3-4e1e24f5414e dn=4bd4e05e-fa44-45f4-99bb-ac21c4078a41{ip: 192.168.34.12, host: pr-hdds-2106-8t9qr-763259812, networkLocation: /default-rack, certSerialId: null}
2019-09-11 07:01:39,363 [grpc-default-executor-2] INFO  impl.RaftServerProxy (RaftServerProxy.java:remove(95)) - 69a71f03-bd49-4dcf-a91a-b858634f7ca8: remove group-4E1E24F5414E:null
2019-09-11 07:01:39,366 [RatisPipelineUtilsThread] WARN  pipeline.RatisPipelineUtils (RatisPipelineUtils.java:destroyPipeline(66)) - Pipeline destroy failed for pipeline=PipelineID=3bf2ead7-e111-4ba5-a3e3-4e1e24f5414e dn=69a71f03-bd49-4dcf-a91a-b858634f7ca8{ip: 192.168.34.12, host: pr-hdds-2106-8t9qr-763259812, networkLocation: /default-rack, certSerialId: null}
2019-09-11 07:01:39,367 [RatisPipelineUtilsThread] ERROR pipeline.SCMPipelineManager (Scheduler.java:lambda$schedule$1(70)) - Destroy pipeline failed for pipeline:Pipeline[ Id: 3bf2ead7-e111-4ba5-a3e3-4e1e24f5414e, Nodes: 1a989eca-a026-4062-a574-e52a85f9a2a4{ip: 192.168.34.12, host: pr-hdds-2106-8t9qr-763259812, networkLocation: /default-rack, certSerialId: null}4bd4e05e-fa44-45f4-99bb-ac21c4078a41{ip: 192.168.34.12, host: pr-hdds-2106-8t9qr-763259812, networkLocation: /default-rack, certSerialId: null}69a71f03-bd49-4dcf-a91a-b858634f7ca8{ip: 192.168.34.12, host: pr-hdds-2106-8t9qr-763259812, networkLocation: /default-rack, certSerialId: null}, Type:RATIS, Factor:THREE, State:CLOSED]
org.apache.hadoop.hdds.scm.pipeline.PipelineNotFoundException: PipelineID=3bf2ead7-e111-4ba5-a3e3-4e1e24f5414e not found
	at org.apache.hadoop.hdds.scm.pipeline.PipelineStateMap.getPipeline(PipelineStateMap.java:132)
	at org.apache.hadoop.hdds.scm.pipeline.PipelineStateMap.removePipeline(PipelineStateMap.java:322)
	at org.apache.hadoop.hdds.scm.pipeline.PipelineStateManager.removePipeline(PipelineStateManager.java:107)
	at org.apache.hadoop.hdds.scm.pipeline.SCMPipelineManager.removePipeline(SCMPipelineManager.java:423)
	at org.apache.hadoop.hdds.scm.pipeline.SCMPipelineManager.destroyPipeline(SCMPipelineManager.java:409)
	at org.apache.hadoop.hdds.scm.pipeline.SCMPipelineManager.lambda$finalizeAndDestroyPipeline$0(SCMPipelineManager.java:318)
	at org.apache.hadoop.utils.Scheduler.lambda$schedule$1(Scheduler.java:68)
	at java.util.concurrent.Executors$RunnableAdapter.call(Executors.java:511)
	at java.util.concurrent.FutureTask.run(FutureTask.java:266)
	at java.util.concurrent.ScheduledThreadPoolExecutor$ScheduledFutureTask.access$201(ScheduledThreadPoolExecutor.java:180)
	at java.util.concurrent.ScheduledThreadPoolExecutor$ScheduledFutureTask.run(ScheduledThreadPoolExecutor.java:293)
	at java.util.concurrent.ThreadPoolExecutor.runWorker(ThreadPoolExecutor.java:1149)
	at java.util.concurrent.ThreadPoolExecutor$Worker.run(ThreadPoolExecutor.java:624)
	at java.lang.Thread.run(Thread.java:748)
2019-09-11 07:01:40,138 [java.util.concurrent.ThreadPoolExecutor$Worker@3775a19a[State = -1, empty queue]] WARN  server.GrpcLogAppender (GrpcLogAppender.java:timeoutAppendRequest(200)) - 69a71f03-bd49-4dcf-a91a-b858634f7ca8@group-6779B489C9A8->1a989eca-a026-4062-a574-e52a85f9a2a4-GrpcLogAppender: appendEntries Timeout, request=69a71f03-bd49-4dcf-a91a-b858634f7ca8->1a989eca-a026-4062-a574-e52a85f9a2a4#24-t1, previous=(t:1, i:13), leaderCommit=10, initializing? false, entries: <empty>
2019-09-11 07:01:40,138 [java.util.concurrent.ThreadPoolExecutor$Worker@634444f[State = -1, empty queue]] WARN  server.GrpcLogAppender (GrpcLogAppender.java:timeoutAppendRequest(200)) - 69a71f03-bd49-4dcf-a91a-b858634f7ca8@group-6779B489C9A8->4bd4e05e-fa44-45f4-99bb-ac21c4078a41-GrpcLogAppender: appendEntries Timeout, request=69a71f03-bd49-4dcf-a91a-b858634f7ca8->4bd4e05e-fa44-45f4-99bb-ac21c4078a41#24-t1, previous=(t:1, i:13), leaderCommit=10, initializing? false, entries: <empty>
2019-09-11 07:01:41,348 [grpc-default-executor-2] INFO  impl.RaftServerProxy (RaftServerProxy.java:remove(95)) - 1a989eca-a026-4062-a574-e52a85f9a2a4: remove group-4E1E24F5414E:null
2019-09-11 07:01:41,355 [RatisPipelineUtilsThread] WARN  pipeline.RatisPipelineUtils (RatisPipelineUtils.java:destroyPipeline(66)) - Pipeline destroy failed for pipeline=PipelineID=3bf2ead7-e111-4ba5-a3e3-4e1e24f5414e dn=1a989eca-a026-4062-a574-e52a85f9a2a4{ip: 192.168.34.12, host: pr-hdds-2106-8t9qr-763259812, networkLocation: /default-rack, certSerialId: null}
2019-09-11 07:01:41,371 [grpc-default-executor-1] INFO  impl.RaftServerProxy (RaftServerProxy.java:remove(95)) - 4bd4e05e-fa44-45f4-99bb-ac21c4078a41: remove group-4E1E24F5414E:null
2019-09-11 07:01:41,374 [RatisPipelineUtilsThread] WARN  pipeline.RatisPipelineUtils (RatisPipelineUtils.java:destroyPipeline(66)) - Pipeline destroy failed for pipeline=PipelineID=3bf2ead7-e111-4ba5-a3e3-4e1e24f5414e dn=4bd4e05e-fa44-45f4-99bb-ac21c4078a41{ip: 192.168.34.12, host: pr-hdds-2106-8t9qr-763259812, networkLocation: /default-rack, certSerialId: null}
2019-09-11 07:01:41,378 [grpc-default-executor-1] INFO  impl.RaftServerProxy (RaftServerProxy.java:remove(95)) - 69a71f03-bd49-4dcf-a91a-b858634f7ca8: remove group-4E1E24F5414E:null
2019-09-11 07:01:41,381 [RatisPipelineUtilsThread] WARN  pipeline.RatisPipelineUtils (RatisPipelineUtils.java:destroyPipeline(66)) - Pipeline destroy failed for pipeline=PipelineID=3bf2ead7-e111-4ba5-a3e3-4e1e24f5414e dn=69a71f03-bd49-4dcf-a91a-b858634f7ca8{ip: 192.168.34.12, host: pr-hdds-2106-8t9qr-763259812, networkLocation: /default-rack, certSerialId: null}
2019-09-11 07:01:41,381 [RatisPipelineUtilsThread] ERROR pipeline.SCMPipelineManager (Scheduler.java:lambda$schedule$1(70)) - Destroy pipeline failed for pipeline:Pipeline[ Id: 3bf2ead7-e111-4ba5-a3e3-4e1e24f5414e, Nodes: 1a989eca-a026-4062-a574-e52a85f9a2a4{ip: 192.168.34.12, host: pr-hdds-2106-8t9qr-763259812, networkLocation: /default-rack, certSerialId: null}4bd4e05e-fa44-45f4-99bb-ac21c4078a41{ip: 192.168.34.12, host: pr-hdds-2106-8t9qr-763259812, networkLocation: /default-rack, certSerialId: null}69a71f03-bd49-4dcf-a91a-b858634f7ca8{ip: 192.168.34.12, host: pr-hdds-2106-8t9qr-763259812, networkLocation: /default-rack, certSerialId: null}, Type:RATIS, Factor:THREE, State:CLOSED]
org.apache.hadoop.hdds.scm.pipeline.PipelineNotFoundException: PipelineID=3bf2ead7-e111-4ba5-a3e3-4e1e24f5414e not found
	at org.apache.hadoop.hdds.scm.pipeline.PipelineStateMap.getPipeline(PipelineStateMap.java:132)
	at org.apache.hadoop.hdds.scm.pipeline.PipelineStateMap.removePipeline(PipelineStateMap.java:322)
	at org.apache.hadoop.hdds.scm.pipeline.PipelineStateManager.removePipeline(PipelineStateManager.java:107)
	at org.apache.hadoop.hdds.scm.pipeline.SCMPipelineManager.removePipeline(SCMPipelineManager.java:423)
	at org.apache.hadoop.hdds.scm.pipeline.SCMPipelineManager.destroyPipeline(SCMPipelineManager.java:409)
	at org.apache.hadoop.hdds.scm.pipeline.SCMPipelineManager.lambda$finalizeAndDestroyPipeline$0(SCMPipelineManager.java:318)
	at org.apache.hadoop.utils.Scheduler.lambda$schedule$1(Scheduler.java:68)
	at java.util.concurrent.Executors$RunnableAdapter.call(Executors.java:511)
	at java.util.concurrent.FutureTask.run(FutureTask.java:266)
	at java.util.concurrent.ScheduledThreadPoolExecutor$ScheduledFutureTask.access$201(ScheduledThreadPoolExecutor.java:180)
	at java.util.concurrent.ScheduledThreadPoolExecutor$ScheduledFutureTask.run(ScheduledThreadPoolExecutor.java:293)
	at java.util.concurrent.ThreadPoolExecutor.runWorker(ThreadPoolExecutor.java:1149)
	at java.util.concurrent.ThreadPoolExecutor$Worker.run(ThreadPoolExecutor.java:624)
	at java.lang.Thread.run(Thread.java:748)
2019-09-11 07:01:42,133 [69a71f03-bd49-4dcf-a91a-b858634f7ca8@group-6779B489C9A8-SegmentedRaftLogWorker] WARN  segmented.SegmentedRaftLogWorker (SegmentedRaftLogWorker.java:getFromFuture(90)) - Timeout 2/~
org.apache.ratis.protocol.TimeoutIOException: Timeout 10s: WriteLog:11: (t:1, i:11), STATEMACHINELOGENTRY, client-8D786902D131, cid=41-writeStateMachineData
	at org.apache.ratis.util.IOUtils.getFromFuture(IOUtils.java:87)
	at org.apache.ratis.server.raftlog.segmented.SegmentedRaftLogWorker$StateMachineDataPolicy.getFromFuture(SegmentedRaftLogWorker.java:87)
	at org.apache.ratis.server.raftlog.segmented.SegmentedRaftLogWorker$WriteLog.execute(SegmentedRaftLogWorker.java:477)
	at org.apache.ratis.server.raftlog.segmented.SegmentedRaftLogWorker.run(SegmentedRaftLogWorker.java:289)
	at java.lang.Thread.run(Thread.java:748)
Caused by: java.util.concurrent.TimeoutException
	at java.util.concurrent.CompletableFuture.timedGet(CompletableFuture.java:1771)
	at java.util.concurrent.CompletableFuture.get(CompletableFuture.java:1915)
	at org.apache.ratis.util.IOUtils.getFromFuture(IOUtils.java:79)
	... 4 more
2019-09-11 07:01:42,235 [1a989eca-a026-4062-a574-e52a85f9a2a4@group-6779B489C9A8-SegmentedRaftLogWorker] WARN  segmented.SegmentedRaftLogWorker (SegmentedRaftLogWorker.java:getFromFuture(90)) - Timeout 2/~
org.apache.ratis.protocol.TimeoutIOException: Timeout 10s: WriteLog:12: (t:1, i:12), STATEMACHINELOGENTRY, client-8D786902D131, cid=42-writeStateMachineData
	at org.apache.ratis.util.IOUtils.getFromFuture(IOUtils.java:87)
	at org.apache.ratis.server.raftlog.segmented.SegmentedRaftLogWorker$StateMachineDataPolicy.getFromFuture(SegmentedRaftLogWorker.java:87)
	at org.apache.ratis.server.raftlog.segmented.SegmentedRaftLogWorker$WriteLog.execute(SegmentedRaftLogWorker.java:477)
	at org.apache.ratis.server.raftlog.segmented.SegmentedRaftLogWorker.run(SegmentedRaftLogWorker.java:289)
	at java.lang.Thread.run(Thread.java:748)
Caused by: java.util.concurrent.TimeoutException
	at java.util.concurrent.CompletableFuture.timedGet(CompletableFuture.java:1771)
	at java.util.concurrent.CompletableFuture.get(CompletableFuture.java:1915)
	at org.apache.ratis.util.IOUtils.getFromFuture(IOUtils.java:79)
	... 4 more
2019-09-11 07:01:42,236 [4bd4e05e-fa44-45f4-99bb-ac21c4078a41@group-6779B489C9A8-SegmentedRaftLogWorker] WARN  segmented.SegmentedRaftLogWorker (SegmentedRaftLogWorker.java:getFromFuture(90)) - Timeout 2/~
org.apache.ratis.protocol.TimeoutIOException: Timeout 10s: WriteLog:12: (t:1, i:12), STATEMACHINELOGENTRY, client-8D786902D131, cid=42-writeStateMachineData
	at org.apache.ratis.util.IOUtils.getFromFuture(IOUtils.java:87)
	at org.apache.ratis.server.raftlog.segmented.SegmentedRaftLogWorker$StateMachineDataPolicy.getFromFuture(SegmentedRaftLogWorker.java:87)
	at org.apache.ratis.server.raftlog.segmented.SegmentedRaftLogWorker$WriteLog.execute(SegmentedRaftLogWorker.java:477)
	at org.apache.ratis.server.raftlog.segmented.SegmentedRaftLogWorker.run(SegmentedRaftLogWorker.java:289)
	at java.lang.Thread.run(Thread.java:748)
Caused by: java.util.concurrent.TimeoutException
	at java.util.concurrent.CompletableFuture.timedGet(CompletableFuture.java:1771)
	at java.util.concurrent.CompletableFuture.get(CompletableFuture.java:1915)
	at org.apache.ratis.util.IOUtils.getFromFuture(IOUtils.java:79)
	... 4 more
2019-09-11 07:01:42,381 [grpc-default-executor-2] INFO  client.GrpcClientProtocolClient (GrpcClientProtocolClient.java:onNext(264)) - client-8D786902D131->1a989eca-a026-4062-a574-e52a85f9a2a4: receive RaftClientReply:client-8D786902D131->1a989eca-a026-4062-a574-e52a85f9a2a4@group-6779B489C9A8, cid=41, FAILED org.apache.ratis.protocol.NotLeaderException: Server 1a989eca-a026-4062-a574-e52a85f9a2a4@group-6779B489C9A8 is not the leader 69a71f03-bd49-4dcf-a91a-b858634f7ca8:192.168.34.12:43469, logIndex=0, commits[1a989eca-a026-4062-a574-e52a85f9a2a4:c10, 69a71f03-bd49-4dcf-a91a-b858634f7ca8:c10, 4bd4e05e-fa44-45f4-99bb-ac21c4078a41:c6]
2019-09-11 07:01:42,639 [java.util.concurrent.ThreadPoolExecutor$Worker@3775a19a[State = -1, empty queue]] WARN  server.GrpcLogAppender (GrpcLogAppender.java:timeoutAppendRequest(200)) - 69a71f03-bd49-4dcf-a91a-b858634f7ca8@group-6779B489C9A8->1a989eca-a026-4062-a574-e52a85f9a2a4-GrpcLogAppender: appendEntries Timeout, request=69a71f03-bd49-4dcf-a91a-b858634f7ca8->1a989eca-a026-4062-a574-e52a85f9a2a4#25-t1, previous=(t:1, i:13), leaderCommit=10, initializing? false, entries: <empty>
2019-09-11 07:01:42,639 [java.util.concurrent.ThreadPoolExecutor$Worker@634444f[State = -1, empty queue]] WARN  server.GrpcLogAppender (GrpcLogAppender.java:timeoutAppendRequest(200)) - 69a71f03-bd49-4dcf-a91a-b858634f7ca8@group-6779B489C9A8->4bd4e05e-fa44-45f4-99bb-ac21c4078a41-GrpcLogAppender: appendEntries Timeout, request=69a71f03-bd49-4dcf-a91a-b858634f7ca8->4bd4e05e-fa44-45f4-99bb-ac21c4078a41#25-t1, previous=(t:1, i:13), leaderCommit=10, initializing? false, entries: <empty>
2019-09-11 07:01:44,344 [grpc-default-executor-2] INFO  impl.RaftServerProxy (RaftServerProxy.java:remove(95)) - 1a989eca-a026-4062-a574-e52a85f9a2a4: remove group-4E1E24F5414E:null
2019-09-11 07:01:44,350 [RatisPipelineUtilsThread] WARN  pipeline.RatisPipelineUtils (RatisPipelineUtils.java:destroyPipeline(66)) - Pipeline destroy failed for pipeline=PipelineID=3bf2ead7-e111-4ba5-a3e3-4e1e24f5414e dn=1a989eca-a026-4062-a574-e52a85f9a2a4{ip: 192.168.34.12, host: pr-hdds-2106-8t9qr-763259812, networkLocation: /default-rack, certSerialId: null}
2019-09-11 07:01:44,356 [grpc-default-executor-2] INFO  impl.RaftServerProxy (RaftServerProxy.java:remove(95)) - 4bd4e05e-fa44-45f4-99bb-ac21c4078a41: remove group-4E1E24F5414E:null
2019-09-11 07:01:44,362 [RatisPipelineUtilsThread] WARN  pipeline.RatisPipelineUtils (RatisPipelineUtils.java:destroyPipeline(66)) - Pipeline destroy failed for pipeline=PipelineID=3bf2ead7-e111-4ba5-a3e3-4e1e24f5414e dn=4bd4e05e-fa44-45f4-99bb-ac21c4078a41{ip: 192.168.34.12, host: pr-hdds-2106-8t9qr-763259812, networkLocation: /default-rack, certSerialId: null}
2019-09-11 07:01:44,366 [grpc-default-executor-2] INFO  impl.RaftServerProxy (RaftServerProxy.java:remove(95)) - 69a71f03-bd49-4dcf-a91a-b858634f7ca8: remove group-4E1E24F5414E:null
2019-09-11 07:01:44,368 [RatisPipelineUtilsThread] WARN  pipeline.RatisPipelineUtils (RatisPipelineUtils.java:destroyPipeline(66)) - Pipeline destroy failed for pipeline=PipelineID=3bf2ead7-e111-4ba5-a3e3-4e1e24f5414e dn=69a71f03-bd49-4dcf-a91a-b858634f7ca8{ip: 192.168.34.12, host: pr-hdds-2106-8t9qr-763259812, networkLocation: /default-rack, certSerialId: null}
2019-09-11 07:01:44,369 [RatisPipelineUtilsThread] ERROR pipeline.SCMPipelineManager (Scheduler.java:lambda$schedule$1(70)) - Destroy pipeline failed for pipeline:Pipeline[ Id: 3bf2ead7-e111-4ba5-a3e3-4e1e24f5414e, Nodes: 1a989eca-a026-4062-a574-e52a85f9a2a4{ip: 192.168.34.12, host: pr-hdds-2106-8t9qr-763259812, networkLocation: /default-rack, certSerialId: null}4bd4e05e-fa44-45f4-99bb-ac21c4078a41{ip: 192.168.34.12, host: pr-hdds-2106-8t9qr-763259812, networkLocation: /default-rack, certSerialId: null}69a71f03-bd49-4dcf-a91a-b858634f7ca8{ip: 192.168.34.12, host: pr-hdds-2106-8t9qr-763259812, networkLocation: /default-rack, certSerialId: null}, Type:RATIS, Factor:THREE, State:CLOSED]
org.apache.hadoop.hdds.scm.pipeline.PipelineNotFoundException: PipelineID=3bf2ead7-e111-4ba5-a3e3-4e1e24f5414e not found
	at org.apache.hadoop.hdds.scm.pipeline.PipelineStateMap.getPipeline(PipelineStateMap.java:132)
	at org.apache.hadoop.hdds.scm.pipeline.PipelineStateMap.removePipeline(PipelineStateMap.java:322)
	at org.apache.hadoop.hdds.scm.pipeline.PipelineStateManager.removePipeline(PipelineStateManager.java:107)
	at org.apache.hadoop.hdds.scm.pipeline.SCMPipelineManager.removePipeline(SCMPipelineManager.java:423)
	at org.apache.hadoop.hdds.scm.pipeline.SCMPipelineManager.destroyPipeline(SCMPipelineManager.java:409)
	at org.apache.hadoop.hdds.scm.pipeline.SCMPipelineManager.lambda$finalizeAndDestroyPipeline$0(SCMPipelineManager.java:318)
	at org.apache.hadoop.utils.Scheduler.lambda$schedule$1(Scheduler.java:68)
	at java.util.concurrent.Executors$RunnableAdapter.call(Executors.java:511)
	at java.util.concurrent.FutureTask.run(FutureTask.java:266)
	at java.util.concurrent.ScheduledThreadPoolExecutor$ScheduledFutureTask.access$201(ScheduledThreadPoolExecutor.java:180)
	at java.util.concurrent.ScheduledThreadPoolExecutor$ScheduledFutureTask.run(ScheduledThreadPoolExecutor.java:293)
	at java.util.concurrent.ThreadPoolExecutor.runWorker(ThreadPoolExecutor.java:1149)
	at java.util.concurrent.ThreadPoolExecutor$Worker.run(ThreadPoolExecutor.java:624)
	at java.lang.Thread.run(Thread.java:748)
2019-09-11 07:01:45,140 [java.util.concurrent.ThreadPoolExecutor$Worker@634444f[State = -1, empty queue]] WARN  server.GrpcLogAppender (GrpcLogAppender.java:timeoutAppendRequest(200)) - 69a71f03-bd49-4dcf-a91a-b858634f7ca8@group-6779B489C9A8->4bd4e05e-fa44-45f4-99bb-ac21c4078a41-GrpcLogAppender: appendEntries Timeout, request=69a71f03-bd49-4dcf-a91a-b858634f7ca8->4bd4e05e-fa44-45f4-99bb-ac21c4078a41#26-t1, previous=(t:1, i:13), leaderCommit=10, initializing? false, entries: <empty>
2019-09-11 07:01:45,140 [java.util.concurrent.ThreadPoolExecutor$Worker@3775a19a[State = -1, empty queue]] WARN  server.GrpcLogAppender (GrpcLogAppender.java:timeoutAppendRequest(200)) - 69a71f03-bd49-4dcf-a91a-b858634f7ca8@group-6779B489C9A8->1a989eca-a026-4062-a574-e52a85f9a2a4-GrpcLogAppender: appendEntries Timeout, request=69a71f03-bd49-4dcf-a91a-b858634f7ca8->1a989eca-a026-4062-a574-e52a85f9a2a4#26-t1, previous=(t:1, i:13), leaderCommit=10, initializing? false, entries: <empty>
2019-09-11 07:01:46,349 [grpc-default-executor-2] INFO  impl.RaftServerProxy (RaftServerProxy.java:remove(95)) - 1a989eca-a026-4062-a574-e52a85f9a2a4: remove group-4E1E24F5414E:null
2019-09-11 07:01:46,354 [RatisPipelineUtilsThread] WARN  pipeline.RatisPipelineUtils (RatisPipelineUtils.java:destroyPipeline(66)) - Pipeline destroy failed for pipeline=PipelineID=3bf2ead7-e111-4ba5-a3e3-4e1e24f5414e dn=1a989eca-a026-4062-a574-e52a85f9a2a4{ip: 192.168.34.12, host: pr-hdds-2106-8t9qr-763259812, networkLocation: /default-rack, certSerialId: null}
2019-09-11 07:01:46,358 [grpc-default-executor-2] INFO  impl.RaftServerProxy (RaftServerProxy.java:remove(95)) - 4bd4e05e-fa44-45f4-99bb-ac21c4078a41: remove group-4E1E24F5414E:null
2019-09-11 07:01:46,362 [RatisPipelineUtilsThread] WARN  pipeline.RatisPipelineUtils (RatisPipelineUtils.java:destroyPipeline(66)) - Pipeline destroy failed for pipeline=PipelineID=3bf2ead7-e111-4ba5-a3e3-4e1e24f5414e dn=4bd4e05e-fa44-45f4-99bb-ac21c4078a41{ip: 192.168.34.12, host: pr-hdds-2106-8t9qr-763259812, networkLocation: /default-rack, certSerialId: null}
2019-09-11 07:01:46,365 [grpc-default-executor-2] INFO  impl.RaftServerProxy (RaftServerProxy.java:remove(95)) - 69a71f03-bd49-4dcf-a91a-b858634f7ca8: remove group-4E1E24F5414E:null
2019-09-11 07:01:46,368 [RatisPipelineUtilsThread] WARN  pipeline.RatisPipelineUtils (RatisPipelineUtils.java:destroyPipeline(66)) - Pipeline destroy failed for pipeline=PipelineID=3bf2ead7-e111-4ba5-a3e3-4e1e24f5414e dn=69a71f03-bd49-4dcf-a91a-b858634f7ca8{ip: 192.168.34.12, host: pr-hdds-2106-8t9qr-763259812, networkLocation: /default-rack, certSerialId: null}
2019-09-11 07:01:46,369 [RatisPipelineUtilsThread] ERROR pipeline.SCMPipelineManager (Scheduler.java:lambda$schedule$1(70)) - Destroy pipeline failed for pipeline:Pipeline[ Id: 3bf2ead7-e111-4ba5-a3e3-4e1e24f5414e, Nodes: 1a989eca-a026-4062-a574-e52a85f9a2a4{ip: 192.168.34.12, host: pr-hdds-2106-8t9qr-763259812, networkLocation: /default-rack, certSerialId: null}4bd4e05e-fa44-45f4-99bb-ac21c4078a41{ip: 192.168.34.12, host: pr-hdds-2106-8t9qr-763259812, networkLocation: /default-rack, certSerialId: null}69a71f03-bd49-4dcf-a91a-b858634f7ca8{ip: 192.168.34.12, host: pr-hdds-2106-8t9qr-763259812, networkLocation: /default-rack, certSerialId: null}, Type:RATIS, Factor:THREE, State:CLOSED]
org.apache.hadoop.hdds.scm.pipeline.PipelineNotFoundException: PipelineID=3bf2ead7-e111-4ba5-a3e3-4e1e24f5414e not found
	at org.apache.hadoop.hdds.scm.pipeline.PipelineStateMap.getPipeline(PipelineStateMap.java:132)
	at org.apache.hadoop.hdds.scm.pipeline.PipelineStateMap.removePipeline(PipelineStateMap.java:322)
	at org.apache.hadoop.hdds.scm.pipeline.PipelineStateManager.removePipeline(PipelineStateManager.java:107)
	at org.apache.hadoop.hdds.scm.pipeline.SCMPipelineManager.removePipeline(SCMPipelineManager.java:423)
	at org.apache.hadoop.hdds.scm.pipeline.SCMPipelineManager.destroyPipeline(SCMPipelineManager.java:409)
	at org.apache.hadoop.hdds.scm.pipeline.SCMPipelineManager.lambda$finalizeAndDestroyPipeline$0(SCMPipelineManager.java:318)
	at org.apache.hadoop.utils.Scheduler.lambda$schedule$1(Scheduler.java:68)
	at java.util.concurrent.Executors$RunnableAdapter.call(Executors.java:511)
	at java.util.concurrent.FutureTask.run(FutureTask.java:266)
	at java.util.concurrent.ScheduledThreadPoolExecutor$ScheduledFutureTask.access$201(ScheduledThreadPoolExecutor.java:180)
	at java.util.concurrent.ScheduledThreadPoolExecutor$ScheduledFutureTask.run(ScheduledThreadPoolExecutor.java:293)
	at java.util.concurrent.ThreadPoolExecutor.runWorker(ThreadPoolExecutor.java:1149)
	at java.util.concurrent.ThreadPoolExecutor$Worker.run(ThreadPoolExecutor.java:624)
	at java.lang.Thread.run(Thread.java:748)
2019-09-11 07:01:47,422 [grpc-default-executor-2] INFO  client.GrpcClientProtocolClient (GrpcClientProtocolClient.java:onNext(264)) - client-8D786902D131->1a989eca-a026-4062-a574-e52a85f9a2a4: receive RaftClientReply:client-8D786902D131->1a989eca-a026-4062-a574-e52a85f9a2a4@group-6779B489C9A8, cid=41, FAILED org.apache.ratis.protocol.NotLeaderException: Server 1a989eca-a026-4062-a574-e52a85f9a2a4@group-6779B489C9A8 is not the leader 69a71f03-bd49-4dcf-a91a-b858634f7ca8:192.168.34.12:43469, logIndex=0, commits[1a989eca-a026-4062-a574-e52a85f9a2a4:c10, 69a71f03-bd49-4dcf-a91a-b858634f7ca8:c10, 4bd4e05e-fa44-45f4-99bb-ac21c4078a41:c6]
2019-09-11 07:01:47,641 [java.util.concurrent.ThreadPoolExecutor$Worker@634444f[State = -1, empty queue]] WARN  server.GrpcLogAppender (GrpcLogAppender.java:timeoutAppendRequest(200)) - 69a71f03-bd49-4dcf-a91a-b858634f7ca8@group-6779B489C9A8->4bd4e05e-fa44-45f4-99bb-ac21c4078a41-GrpcLogAppender: appendEntries Timeout, request=69a71f03-bd49-4dcf-a91a-b858634f7ca8->4bd4e05e-fa44-45f4-99bb-ac21c4078a41#27-t1, previous=(t:1, i:13), leaderCommit=10, initializing? false, entries: <empty>
2019-09-11 07:01:47,641 [java.util.concurrent.ThreadPoolExecutor$Worker@3775a19a[State = -1, empty queue]] WARN  server.GrpcLogAppender (GrpcLogAppender.java:timeoutAppendRequest(200)) - 69a71f03-bd49-4dcf-a91a-b858634f7ca8@group-6779B489C9A8->1a989eca-a026-4062-a574-e52a85f9a2a4-GrpcLogAppender: appendEntries Timeout, request=69a71f03-bd49-4dcf-a91a-b858634f7ca8->1a989eca-a026-4062-a574-e52a85f9a2a4#27-t1, previous=(t:1, i:13), leaderCommit=10, initializing? false, entries: <empty>
2019-09-11 07:01:49,345 [grpc-default-executor-1] INFO  impl.RaftServerProxy (RaftServerProxy.java:remove(95)) - 1a989eca-a026-4062-a574-e52a85f9a2a4: remove group-4E1E24F5414E:null
2019-09-11 07:01:49,349 [RatisPipelineUtilsThread] WARN  pipeline.RatisPipelineUtils (RatisPipelineUtils.java:destroyPipeline(66)) - Pipeline destroy failed for pipeline=PipelineID=3bf2ead7-e111-4ba5-a3e3-4e1e24f5414e dn=1a989eca-a026-4062-a574-e52a85f9a2a4{ip: 192.168.34.12, host: pr-hdds-2106-8t9qr-763259812, networkLocation: /default-rack, certSerialId: null}
2019-09-11 07:01:49,352 [grpc-default-executor-1] INFO  impl.RaftServerProxy (RaftServerProxy.java:remove(95)) - 4bd4e05e-fa44-45f4-99bb-ac21c4078a41: remove group-4E1E24F5414E:null
2019-09-11 07:01:49,355 [RatisPipelineUtilsThread] WARN  pipeline.RatisPipelineUtils (RatisPipelineUtils.java:destroyPipeline(66)) - Pipeline destroy failed for pipeline=PipelineID=3bf2ead7-e111-4ba5-a3e3-4e1e24f5414e dn=4bd4e05e-fa44-45f4-99bb-ac21c4078a41{ip: 192.168.34.12, host: pr-hdds-2106-8t9qr-763259812, networkLocation: /default-rack, certSerialId: null}
2019-09-11 07:01:49,359 [grpc-default-executor-1] INFO  impl.RaftServerProxy (RaftServerProxy.java:remove(95)) - 69a71f03-bd49-4dcf-a91a-b858634f7ca8: remove group-4E1E24F5414E:null
2019-09-11 07:01:49,361 [RatisPipelineUtilsThread] WARN  pipeline.RatisPipelineUtils (RatisPipelineUtils.java:destroyPipeline(66)) - Pipeline destroy failed for pipeline=PipelineID=3bf2ead7-e111-4ba5-a3e3-4e1e24f5414e dn=69a71f03-bd49-4dcf-a91a-b858634f7ca8{ip: 192.168.34.12, host: pr-hdds-2106-8t9qr-763259812, networkLocation: /default-rack, certSerialId: null}
2019-09-11 07:01:49,361 [RatisPipelineUtilsThread] ERROR pipeline.SCMPipelineManager (Scheduler.java:lambda$schedule$1(70)) - Destroy pipeline failed for pipeline:Pipeline[ Id: 3bf2ead7-e111-4ba5-a3e3-4e1e24f5414e, Nodes: 1a989eca-a026-4062-a574-e52a85f9a2a4{ip: 192.168.34.12, host: pr-hdds-2106-8t9qr-763259812, networkLocation: /default-rack, certSerialId: null}4bd4e05e-fa44-45f4-99bb-ac21c4078a41{ip: 192.168.34.12, host: pr-hdds-2106-8t9qr-763259812, networkLocation: /default-rack, certSerialId: null}69a71f03-bd49-4dcf-a91a-b858634f7ca8{ip: 192.168.34.12, host: pr-hdds-2106-8t9qr-763259812, networkLocation: /default-rack, certSerialId: null}, Type:RATIS, Factor:THREE, State:CLOSED]
org.apache.hadoop.hdds.scm.pipeline.PipelineNotFoundException: PipelineID=3bf2ead7-e111-4ba5-a3e3-4e1e24f5414e not found
	at org.apache.hadoop.hdds.scm.pipeline.PipelineStateMap.getPipeline(PipelineStateMap.java:132)
	at org.apache.hadoop.hdds.scm.pipeline.PipelineStateMap.removePipeline(PipelineStateMap.java:322)
	at org.apache.hadoop.hdds.scm.pipeline.PipelineStateManager.removePipeline(PipelineStateManager.java:107)
	at org.apache.hadoop.hdds.scm.pipeline.SCMPipelineManager.removePipeline(SCMPipelineManager.java:423)
	at org.apache.hadoop.hdds.scm.pipeline.SCMPipelineManager.destroyPipeline(SCMPipelineManager.java:409)
	at org.apache.hadoop.hdds.scm.pipeline.SCMPipelineManager.lambda$finalizeAndDestroyPipeline$0(SCMPipelineManager.java:318)
	at org.apache.hadoop.utils.Scheduler.lambda$schedule$1(Scheduler.java:68)
	at java.util.concurrent.Executors$RunnableAdapter.call(Executors.java:511)
	at java.util.concurrent.FutureTask.run(FutureTask.java:266)
	at java.util.concurrent.ScheduledThreadPoolExecutor$ScheduledFutureTask.access$201(ScheduledThreadPoolExecutor.java:180)
	at java.util.concurrent.ScheduledThreadPoolExecutor$ScheduledFutureTask.run(ScheduledThreadPoolExecutor.java:293)
	at java.util.concurrent.ThreadPoolExecutor.runWorker(ThreadPoolExecutor.java:1149)
	at java.util.concurrent.ThreadPoolExecutor$Worker.run(ThreadPoolExecutor.java:624)
	at java.lang.Thread.run(Thread.java:748)
2019-09-11 07:01:50,142 [java.util.concurrent.ThreadPoolExecutor$Worker@3775a19a[State = -1, empty queue]] WARN  server.GrpcLogAppender (GrpcLogAppender.java:timeoutAppendRequest(200)) - 69a71f03-bd49-4dcf-a91a-b858634f7ca8@group-6779B489C9A8->1a989eca-a026-4062-a574-e52a85f9a2a4-GrpcLogAppender: appendEntries Timeout, request=69a71f03-bd49-4dcf-a91a-b858634f7ca8->1a989eca-a026-4062-a574-e52a85f9a2a4#28-t1, previous=(t:1, i:13), leaderCommit=10, initializing? false, entries: <empty>
2019-09-11 07:01:50,142 [java.util.concurrent.ThreadPoolExecutor$Worker@634444f[State = -1, empty queue]] WARN  server.GrpcLogAppender (GrpcLogAppender.java:timeoutAppendRequest(200)) - 69a71f03-bd49-4dcf-a91a-b858634f7ca8@group-6779B489C9A8->4bd4e05e-fa44-45f4-99bb-ac21c4078a41-GrpcLogAppender: appendEntries Timeout, request=69a71f03-bd49-4dcf-a91a-b858634f7ca8->4bd4e05e-fa44-45f4-99bb-ac21c4078a41#28-t1, previous=(t:1, i:13), leaderCommit=10, initializing? false, entries: <empty>
2019-09-11 07:01:51,348 [grpc-default-executor-2] INFO  impl.RaftServerProxy (RaftServerProxy.java:remove(95)) - 1a989eca-a026-4062-a574-e52a85f9a2a4: remove group-4E1E24F5414E:null
2019-09-11 07:01:51,353 [RatisPipelineUtilsThread] WARN  pipeline.RatisPipelineUtils (RatisPipelineUtils.java:destroyPipeline(66)) - Pipeline destroy failed for pipeline=PipelineID=3bf2ead7-e111-4ba5-a3e3-4e1e24f5414e dn=1a989eca-a026-4062-a574-e52a85f9a2a4{ip: 192.168.34.12, host: pr-hdds-2106-8t9qr-763259812, networkLocation: /default-rack, certSerialId: null}
2019-09-11 07:01:51,356 [grpc-default-executor-2] INFO  impl.RaftServerProxy (RaftServerProxy.java:remove(95)) - 4bd4e05e-fa44-45f4-99bb-ac21c4078a41: remove group-4E1E24F5414E:null
2019-09-11 07:01:51,359 [RatisPipelineUtilsThread] WARN  pipeline.RatisPipelineUtils (RatisPipelineUtils.java:destroyPipeline(66)) - Pipeline destroy failed for pipeline=PipelineID=3bf2ead7-e111-4ba5-a3e3-4e1e24f5414e dn=4bd4e05e-fa44-45f4-99bb-ac21c4078a41{ip: 192.168.34.12, host: pr-hdds-2106-8t9qr-763259812, networkLocation: /default-rack, certSerialId: null}
2019-09-11 07:01:51,362 [grpc-default-executor-2] INFO  impl.RaftServerProxy (RaftServerProxy.java:remove(95)) - 69a71f03-bd49-4dcf-a91a-b858634f7ca8: remove group-4E1E24F5414E:null
2019-09-11 07:01:51,365 [RatisPipelineUtilsThread] WARN  pipeline.RatisPipelineUtils (RatisPipelineUtils.java:destroyPipeline(66)) - Pipeline destroy failed for pipeline=PipelineID=3bf2ead7-e111-4ba5-a3e3-4e1e24f5414e dn=69a71f03-bd49-4dcf-a91a-b858634f7ca8{ip: 192.168.34.12, host: pr-hdds-2106-8t9qr-763259812, networkLocation: /default-rack, certSerialId: null}
2019-09-11 07:01:51,377 [RatisPipelineUtilsThread] ERROR pipeline.SCMPipelineManager (Scheduler.java:lambda$schedule$1(70)) - Destroy pipeline failed for pipeline:Pipeline[ Id: 3bf2ead7-e111-4ba5-a3e3-4e1e24f5414e, Nodes: 1a989eca-a026-4062-a574-e52a85f9a2a4{ip: 192.168.34.12, host: pr-hdds-2106-8t9qr-763259812, networkLocation: /default-rack, certSerialId: null}4bd4e05e-fa44-45f4-99bb-ac21c4078a41{ip: 192.168.34.12, host: pr-hdds-2106-8t9qr-763259812, networkLocation: /default-rack, certSerialId: null}69a71f03-bd49-4dcf-a91a-b858634f7ca8{ip: 192.168.34.12, host: pr-hdds-2106-8t9qr-763259812, networkLocation: /default-rack, certSerialId: null}, Type:RATIS, Factor:THREE, State:CLOSED]
org.apache.hadoop.hdds.scm.pipeline.PipelineNotFoundException: PipelineID=3bf2ead7-e111-4ba5-a3e3-4e1e24f5414e not found
	at org.apache.hadoop.hdds.scm.pipeline.PipelineStateMap.getPipeline(PipelineStateMap.java:132)
	at org.apache.hadoop.hdds.scm.pipeline.PipelineStateMap.removePipeline(PipelineStateMap.java:322)
	at org.apache.hadoop.hdds.scm.pipeline.PipelineStateManager.removePipeline(PipelineStateManager.java:107)
	at org.apache.hadoop.hdds.scm.pipeline.SCMPipelineManager.removePipeline(SCMPipelineManager.java:423)
	at org.apache.hadoop.hdds.scm.pipeline.SCMPipelineManager.destroyPipeline(SCMPipelineManager.java:409)
	at org.apache.hadoop.hdds.scm.pipeline.SCMPipelineManager.lambda$finalizeAndDestroyPipeline$0(SCMPipelineManager.java:318)
	at org.apache.hadoop.utils.Scheduler.lambda$schedule$1(Scheduler.java:68)
	at java.util.concurrent.Executors$RunnableAdapter.call(Executors.java:511)
	at java.util.concurrent.FutureTask.run(FutureTask.java:266)
	at java.util.concurrent.ScheduledThreadPoolExecutor$ScheduledFutureTask.access$201(ScheduledThreadPoolExecutor.java:180)
	at java.util.concurrent.ScheduledThreadPoolExecutor$ScheduledFutureTask.run(ScheduledThreadPoolExecutor.java:293)
	at java.util.concurrent.ThreadPoolExecutor.runWorker(ThreadPoolExecutor.java:1149)
	at java.util.concurrent.ThreadPoolExecutor$Worker.run(ThreadPoolExecutor.java:624)
	at java.lang.Thread.run(Thread.java:748)
2019-09-11 07:01:52,135 [69a71f03-bd49-4dcf-a91a-b858634f7ca8@group-6779B489C9A8-SegmentedRaftLogWorker] WARN  segmented.SegmentedRaftLogWorker (SegmentedRaftLogWorker.java:getFromFuture(90)) - Timeout 3/~
org.apache.ratis.protocol.TimeoutIOException: Timeout 10s: WriteLog:11: (t:1, i:11), STATEMACHINELOGENTRY, client-8D786902D131, cid=41-writeStateMachineData
	at org.apache.ratis.util.IOUtils.getFromFuture(IOUtils.java:87)
	at org.apache.ratis.server.raftlog.segmented.SegmentedRaftLogWorker$StateMachineDataPolicy.getFromFuture(SegmentedRaftLogWorker.java:87)
	at org.apache.ratis.server.raftlog.segmented.SegmentedRaftLogWorker$WriteLog.execute(SegmentedRaftLogWorker.java:477)
	at org.apache.ratis.server.raftlog.segmented.SegmentedRaftLogWorker.run(SegmentedRaftLogWorker.java:289)
	at java.lang.Thread.run(Thread.java:748)
Caused by: java.util.concurrent.TimeoutException
	at java.util.concurrent.CompletableFuture.timedGet(CompletableFuture.java:1771)
	at java.util.concurrent.CompletableFuture.get(CompletableFuture.java:1915)
	at org.apache.ratis.util.IOUtils.getFromFuture(IOUtils.java:79)
	... 4 more
2019-09-11 07:01:52,236 [1a989eca-a026-4062-a574-e52a85f9a2a4@group-6779B489C9A8-SegmentedRaftLogWorker] WARN  segmented.SegmentedRaftLogWorker (SegmentedRaftLogWorker.java:getFromFuture(90)) - Timeout 3/~
org.apache.ratis.protocol.TimeoutIOException: Timeout 10s: WriteLog:12: (t:1, i:12), STATEMACHINELOGENTRY, client-8D786902D131, cid=42-writeStateMachineData
	at org.apache.ratis.util.IOUtils.getFromFuture(IOUtils.java:87)
	at org.apache.ratis.server.raftlog.segmented.SegmentedRaftLogWorker$StateMachineDataPolicy.getFromFuture(SegmentedRaftLogWorker.java:87)
	at org.apache.ratis.server.raftlog.segmented.SegmentedRaftLogWorker$WriteLog.execute(SegmentedRaftLogWorker.java:477)
	at org.apache.ratis.server.raftlog.segmented.SegmentedRaftLogWorker.run(SegmentedRaftLogWorker.java:289)
	at java.lang.Thread.run(Thread.java:748)
Caused by: java.util.concurrent.TimeoutException
	at java.util.concurrent.CompletableFuture.timedGet(CompletableFuture.java:1771)
	at java.util.concurrent.CompletableFuture.get(CompletableFuture.java:1915)
	at org.apache.ratis.util.IOUtils.getFromFuture(IOUtils.java:79)
	... 4 more
2019-09-11 07:01:52,237 [4bd4e05e-fa44-45f4-99bb-ac21c4078a41@group-6779B489C9A8-SegmentedRaftLogWorker] WARN  segmented.SegmentedRaftLogWorker (SegmentedRaftLogWorker.java:getFromFuture(90)) - Timeout 3/~
org.apache.ratis.protocol.TimeoutIOException: Timeout 10s: WriteLog:12: (t:1, i:12), STATEMACHINELOGENTRY, client-8D786902D131, cid=42-writeStateMachineData
	at org.apache.ratis.util.IOUtils.getFromFuture(IOUtils.java:87)
	at org.apache.ratis.server.raftlog.segmented.SegmentedRaftLogWorker$StateMachineDataPolicy.getFromFuture(SegmentedRaftLogWorker.java:87)
	at org.apache.ratis.server.raftlog.segmented.SegmentedRaftLogWorker$WriteLog.execute(SegmentedRaftLogWorker.java:477)
	at org.apache.ratis.server.raftlog.segmented.SegmentedRaftLogWorker.run(SegmentedRaftLogWorker.java:289)
	at java.lang.Thread.run(Thread.java:748)
Caused by: java.util.concurrent.TimeoutException
	at java.util.concurrent.CompletableFuture.timedGet(CompletableFuture.java:1771)
	at java.util.concurrent.CompletableFuture.get(CompletableFuture.java:1915)
	at org.apache.ratis.util.IOUtils.getFromFuture(IOUtils.java:79)
	... 4 more
2019-09-11 07:01:52,487 [grpc-default-executor-2] INFO  client.GrpcClientProtocolClient (GrpcClientProtocolClient.java:onNext(264)) - client-8D786902D131->4bd4e05e-fa44-45f4-99bb-ac21c4078a41: receive RaftClientReply:client-8D786902D131->4bd4e05e-fa44-45f4-99bb-ac21c4078a41@group-6779B489C9A8, cid=41, FAILED org.apache.ratis.protocol.NotLeaderException: Server 4bd4e05e-fa44-45f4-99bb-ac21c4078a41@group-6779B489C9A8 is not the leader 69a71f03-bd49-4dcf-a91a-b858634f7ca8:192.168.34.12:43469, logIndex=0, commits[4bd4e05e-fa44-45f4-99bb-ac21c4078a41:c10, 69a71f03-bd49-4dcf-a91a-b858634f7ca8:c10, 1a989eca-a026-4062-a574-e52a85f9a2a4:c6]
2019-09-11 07:01:52,642 [java.util.concurrent.ThreadPoolExecutor$Worker@3775a19a[State = -1, empty queue]] WARN  server.GrpcLogAppender (GrpcLogAppender.java:timeoutAppendRequest(200)) - 69a71f03-bd49-4dcf-a91a-b858634f7ca8@group-6779B489C9A8->1a989eca-a026-4062-a574-e52a85f9a2a4-GrpcLogAppender: appendEntries Timeout, request=69a71f03-bd49-4dcf-a91a-b858634f7ca8->1a989eca-a026-4062-a574-e52a85f9a2a4#29-t1, previous=(t:1, i:13), leaderCommit=10, initializing? false, entries: <empty>
2019-09-11 07:01:52,642 [java.util.concurrent.ThreadPoolExecutor$Worker@634444f[State = -1, empty queue]] WARN  server.GrpcLogAppender (GrpcLogAppender.java:timeoutAppendRequest(200)) - 69a71f03-bd49-4dcf-a91a-b858634f7ca8@group-6779B489C9A8->4bd4e05e-fa44-45f4-99bb-ac21c4078a41-GrpcLogAppender: appendEntries Timeout, request=69a71f03-bd49-4dcf-a91a-b858634f7ca8->4bd4e05e-fa44-45f4-99bb-ac21c4078a41#29-t1, previous=(t:1, i:13), leaderCommit=10, initializing? false, entries: <empty>
2019-09-11 07:01:54,347 [grpc-default-executor-1] INFO  impl.RaftServerProxy (RaftServerProxy.java:remove(95)) - 1a989eca-a026-4062-a574-e52a85f9a2a4: remove group-4E1E24F5414E:null
2019-09-11 07:01:54,353 [RatisPipelineUtilsThread] WARN  pipeline.RatisPipelineUtils (RatisPipelineUtils.java:destroyPipeline(66)) - Pipeline destroy failed for pipeline=PipelineID=3bf2ead7-e111-4ba5-a3e3-4e1e24f5414e dn=1a989eca-a026-4062-a574-e52a85f9a2a4{ip: 192.168.34.12, host: pr-hdds-2106-8t9qr-763259812, networkLocation: /default-rack, certSerialId: null}
2019-09-11 07:01:54,356 [grpc-default-executor-1] INFO  impl.RaftServerProxy (RaftServerProxy.java:remove(95)) - 4bd4e05e-fa44-45f4-99bb-ac21c4078a41: remove group-4E1E24F5414E:null
2019-09-11 07:01:54,358 [RatisPipelineUtilsThread] WARN  pipeline.RatisPipelineUtils (RatisPipelineUtils.java:destroyPipeline(66)) - Pipeline destroy failed for pipeline=PipelineID=3bf2ead7-e111-4ba5-a3e3-4e1e24f5414e dn=4bd4e05e-fa44-45f4-99bb-ac21c4078a41{ip: 192.168.34.12, host: pr-hdds-2106-8t9qr-763259812, networkLocation: /default-rack, certSerialId: null}
2019-09-11 07:01:54,361 [grpc-default-executor-1] INFO  impl.RaftServerProxy (RaftServerProxy.java:remove(95)) - 69a71f03-bd49-4dcf-a91a-b858634f7ca8: remove group-4E1E24F5414E:null
2019-09-11 07:01:54,364 [RatisPipelineUtilsThread] WARN  pipeline.RatisPipelineUtils (RatisPipelineUtils.java:destroyPipeline(66)) - Pipeline destroy failed for pipeline=PipelineID=3bf2ead7-e111-4ba5-a3e3-4e1e24f5414e dn=69a71f03-bd49-4dcf-a91a-b858634f7ca8{ip: 192.168.34.12, host: pr-hdds-2106-8t9qr-763259812, networkLocation: /default-rack, certSerialId: null}
2019-09-11 07:01:54,364 [RatisPipelineUtilsThread] ERROR pipeline.SCMPipelineManager (Scheduler.java:lambda$schedule$1(70)) - Destroy pipeline failed for pipeline:Pipeline[ Id: 3bf2ead7-e111-4ba5-a3e3-4e1e24f5414e, Nodes: 1a989eca-a026-4062-a574-e52a85f9a2a4{ip: 192.168.34.12, host: pr-hdds-2106-8t9qr-763259812, networkLocation: /default-rack, certSerialId: null}4bd4e05e-fa44-45f4-99bb-ac21c4078a41{ip: 192.168.34.12, host: pr-hdds-2106-8t9qr-763259812, networkLocation: /default-rack, certSerialId: null}69a71f03-bd49-4dcf-a91a-b858634f7ca8{ip: 192.168.34.12, host: pr-hdds-2106-8t9qr-763259812, networkLocation: /default-rack, certSerialId: null}, Type:RATIS, Factor:THREE, State:CLOSED]
org.apache.hadoop.hdds.scm.pipeline.PipelineNotFoundException: PipelineID=3bf2ead7-e111-4ba5-a3e3-4e1e24f5414e not found
	at org.apache.hadoop.hdds.scm.pipeline.PipelineStateMap.getPipeline(PipelineStateMap.java:132)
	at org.apache.hadoop.hdds.scm.pipeline.PipelineStateMap.removePipeline(PipelineStateMap.java:322)
	at org.apache.hadoop.hdds.scm.pipeline.PipelineStateManager.removePipeline(PipelineStateManager.java:107)
	at org.apache.hadoop.hdds.scm.pipeline.SCMPipelineManager.removePipeline(SCMPipelineManager.java:423)
	at org.apache.hadoop.hdds.scm.pipeline.SCMPipelineManager.destroyPipeline(SCMPipelineManager.java:409)
	at org.apache.hadoop.hdds.scm.pipeline.SCMPipelineManager.lambda$finalizeAndDestroyPipeline$0(SCMPipelineManager.java:318)
	at org.apache.hadoop.utils.Scheduler.lambda$schedule$1(Scheduler.java:68)
	at java.util.concurrent.Executors$RunnableAdapter.call(Executors.java:511)
	at java.util.concurrent.FutureTask.run(FutureTask.java:266)
	at java.util.concurrent.ScheduledThreadPoolExecutor$ScheduledFutureTask.access$201(ScheduledThreadPoolExecutor.java:180)
	at java.util.concurrent.ScheduledThreadPoolExecutor$ScheduledFutureTask.run(ScheduledThreadPoolExecutor.java:293)
	at java.util.concurrent.ThreadPoolExecutor.runWorker(ThreadPoolExecutor.java:1149)
	at java.util.concurrent.ThreadPoolExecutor$Worker.run(ThreadPoolExecutor.java:624)
	at java.lang.Thread.run(Thread.java:748)
2019-09-11 07:01:55,143 [java.util.concurrent.ThreadPoolExecutor$Worker@634444f[State = -1, empty queue]] WARN  server.GrpcLogAppender (GrpcLogAppender.java:timeoutAppendRequest(200)) - 69a71f03-bd49-4dcf-a91a-b858634f7ca8@group-6779B489C9A8->4bd4e05e-fa44-45f4-99bb-ac21c4078a41-GrpcLogAppender: appendEntries Timeout, request=69a71f03-bd49-4dcf-a91a-b858634f7ca8->4bd4e05e-fa44-45f4-99bb-ac21c4078a41#30-t1, previous=(t:1, i:13), leaderCommit=10, initializing? false, entries: <empty>
2019-09-11 07:01:55,143 [java.util.concurrent.ThreadPoolExecutor$Worker@3775a19a[State = -1, empty queue]] WARN  server.GrpcLogAppender (GrpcLogAppender.java:timeoutAppendRequest(200)) - 69a71f03-bd49-4dcf-a91a-b858634f7ca8@group-6779B489C9A8->1a989eca-a026-4062-a574-e52a85f9a2a4-GrpcLogAppender: appendEntries Timeout, request=69a71f03-bd49-4dcf-a91a-b858634f7ca8->1a989eca-a026-4062-a574-e52a85f9a2a4#30-t1, previous=(t:1, i:13), leaderCommit=10, initializing? false, entries: <empty>
2019-09-11 07:01:56,348 [grpc-default-executor-2] INFO  impl.RaftServerProxy (RaftServerProxy.java:remove(95)) - 1a989eca-a026-4062-a574-e52a85f9a2a4: remove group-4E1E24F5414E:null
2019-09-11 07:01:56,352 [RatisPipelineUtilsThread] WARN  pipeline.RatisPipelineUtils (RatisPipelineUtils.java:destroyPipeline(66)) - Pipeline destroy failed for pipeline=PipelineID=3bf2ead7-e111-4ba5-a3e3-4e1e24f5414e dn=1a989eca-a026-4062-a574-e52a85f9a2a4{ip: 192.168.34.12, host: pr-hdds-2106-8t9qr-763259812, networkLocation: /default-rack, certSerialId: null}
2019-09-11 07:01:56,356 [grpc-default-executor-2] INFO  impl.RaftServerProxy (RaftServerProxy.java:remove(95)) - 4bd4e05e-fa44-45f4-99bb-ac21c4078a41: remove group-4E1E24F5414E:null
2019-09-11 07:01:56,359 [RatisPipelineUtilsThread] WARN  pipeline.RatisPipelineUtils (RatisPipelineUtils.java:destroyPipeline(66)) - Pipeline destroy failed for pipeline=PipelineID=3bf2ead7-e111-4ba5-a3e3-4e1e24f5414e dn=4bd4e05e-fa44-45f4-99bb-ac21c4078a41{ip: 192.168.34.12, host: pr-hdds-2106-8t9qr-763259812, networkLocation: /default-rack, certSerialId: null}
2019-09-11 07:01:56,362 [grpc-default-executor-2] INFO  impl.RaftServerProxy (RaftServerProxy.java:remove(95)) - 69a71f03-bd49-4dcf-a91a-b858634f7ca8: remove group-4E1E24F5414E:null
2019-09-11 07:01:56,364 [RatisPipelineUtilsThread] WARN  pipeline.RatisPipelineUtils (RatisPipelineUtils.java:destroyPipeline(66)) - Pipeline destroy failed for pipeline=PipelineID=3bf2ead7-e111-4ba5-a3e3-4e1e24f5414e dn=69a71f03-bd49-4dcf-a91a-b858634f7ca8{ip: 192.168.34.12, host: pr-hdds-2106-8t9qr-763259812, networkLocation: /default-rack, certSerialId: null}
2019-09-11 07:01:56,365 [RatisPipelineUtilsThread] ERROR pipeline.SCMPipelineManager (Scheduler.java:lambda$schedule$1(70)) - Destroy pipeline failed for pipeline:Pipeline[ Id: 3bf2ead7-e111-4ba5-a3e3-4e1e24f5414e, Nodes: 1a989eca-a026-4062-a574-e52a85f9a2a4{ip: 192.168.34.12, host: pr-hdds-2106-8t9qr-763259812, networkLocation: /default-rack, certSerialId: null}4bd4e05e-fa44-45f4-99bb-ac21c4078a41{ip: 192.168.34.12, host: pr-hdds-2106-8t9qr-763259812, networkLocation: /default-rack, certSerialId: null}69a71f03-bd49-4dcf-a91a-b858634f7ca8{ip: 192.168.34.12, host: pr-hdds-2106-8t9qr-763259812, networkLocation: /default-rack, certSerialId: null}, Type:RATIS, Factor:THREE, State:CLOSED]
org.apache.hadoop.hdds.scm.pipeline.PipelineNotFoundException: PipelineID=3bf2ead7-e111-4ba5-a3e3-4e1e24f5414e not found
	at org.apache.hadoop.hdds.scm.pipeline.PipelineStateMap.getPipeline(PipelineStateMap.java:132)
	at org.apache.hadoop.hdds.scm.pipeline.PipelineStateMap.removePipeline(PipelineStateMap.java:322)
	at org.apache.hadoop.hdds.scm.pipeline.PipelineStateManager.removePipeline(PipelineStateManager.java:107)
	at org.apache.hadoop.hdds.scm.pipeline.SCMPipelineManager.removePipeline(SCMPipelineManager.java:423)
	at org.apache.hadoop.hdds.scm.pipeline.SCMPipelineManager.destroyPipeline(SCMPipelineManager.java:409)
	at org.apache.hadoop.hdds.scm.pipeline.SCMPipelineManager.lambda$finalizeAndDestroyPipeline$0(SCMPipelineManager.java:318)
	at org.apache.hadoop.utils.Scheduler.lambda$schedule$1(Scheduler.java:68)
	at java.util.concurrent.Executors$RunnableAdapter.call(Executors.java:511)
	at java.util.concurrent.FutureTask.run(FutureTask.java:266)
	at java.util.concurrent.ScheduledThreadPoolExecutor$ScheduledFutureTask.access$201(ScheduledThreadPoolExecutor.java:180)
	at java.util.concurrent.ScheduledThreadPoolExecutor$ScheduledFutureTask.run(ScheduledThreadPoolExecutor.java:293)
	at java.util.concurrent.ThreadPoolExecutor.runWorker(ThreadPoolExecutor.java:1149)
	at java.util.concurrent.ThreadPoolExecutor$Worker.run(ThreadPoolExecutor.java:624)
	at java.lang.Thread.run(Thread.java:748)
2019-09-11 07:01:57,531 [grpc-default-executor-2] INFO  client.GrpcClientProtocolClient (GrpcClientProtocolClient.java:onNext(264)) - client-8D786902D131->1a989eca-a026-4062-a574-e52a85f9a2a4: receive RaftClientReply:client-8D786902D131->1a989eca-a026-4062-a574-e52a85f9a2a4@group-6779B489C9A8, cid=41, FAILED org.apache.ratis.protocol.NotLeaderException: Server 1a989eca-a026-4062-a574-e52a85f9a2a4@group-6779B489C9A8 is not the leader 69a71f03-bd49-4dcf-a91a-b858634f7ca8:192.168.34.12:43469, logIndex=0, commits[1a989eca-a026-4062-a574-e52a85f9a2a4:c10, 69a71f03-bd49-4dcf-a91a-b858634f7ca8:c10, 4bd4e05e-fa44-45f4-99bb-ac21c4078a41:c6]
2019-09-11 07:01:57,644 [java.util.concurrent.ThreadPoolExecutor$Worker@3775a19a[State = -1, empty queue]] WARN  server.GrpcLogAppender (GrpcLogAppender.java:timeoutAppendRequest(200)) - 69a71f03-bd49-4dcf-a91a-b858634f7ca8@group-6779B489C9A8->1a989eca-a026-4062-a574-e52a85f9a2a4-GrpcLogAppender: appendEntries Timeout, request=69a71f03-bd49-4dcf-a91a-b858634f7ca8->1a989eca-a026-4062-a574-e52a85f9a2a4#31-t1, previous=(t:1, i:13), leaderCommit=10, initializing? false, entries: <empty>
2019-09-11 07:01:57,644 [java.util.concurrent.ThreadPoolExecutor$Worker@634444f[State = -1, empty queue]] WARN  server.GrpcLogAppender (GrpcLogAppender.java:timeoutAppendRequest(200)) - 69a71f03-bd49-4dcf-a91a-b858634f7ca8@group-6779B489C9A8->4bd4e05e-fa44-45f4-99bb-ac21c4078a41-GrpcLogAppender: appendEntries Timeout, request=69a71f03-bd49-4dcf-a91a-b858634f7ca8->4bd4e05e-fa44-45f4-99bb-ac21c4078a41#31-t1, previous=(t:1, i:13), leaderCommit=10, initializing? false, entries: <empty>
2019-09-11 07:01:59,347 [grpc-default-executor-1] INFO  impl.RaftServerProxy (RaftServerProxy.java:remove(95)) - 1a989eca-a026-4062-a574-e52a85f9a2a4: remove group-4E1E24F5414E:null
2019-09-11 07:01:59,351 [RatisPipelineUtilsThread] WARN  pipeline.RatisPipelineUtils (RatisPipelineUtils.java:destroyPipeline(66)) - Pipeline destroy failed for pipeline=PipelineID=3bf2ead7-e111-4ba5-a3e3-4e1e24f5414e dn=1a989eca-a026-4062-a574-e52a85f9a2a4{ip: 192.168.34.12, host: pr-hdds-2106-8t9qr-763259812, networkLocation: /default-rack, certSerialId: null}
2019-09-11 07:01:59,354 [grpc-default-executor-1] INFO  impl.RaftServerProxy (RaftServerProxy.java:remove(95)) - 4bd4e05e-fa44-45f4-99bb-ac21c4078a41: remove group-4E1E24F5414E:null
2019-09-11 07:01:59,357 [RatisPipelineUtilsThread] WARN  pipeline.RatisPipelineUtils (RatisPipelineUtils.java:destroyPipeline(66)) - Pipeline destroy failed for pipeline=PipelineID=3bf2ead7-e111-4ba5-a3e3-4e1e24f5414e dn=4bd4e05e-fa44-45f4-99bb-ac21c4078a41{ip: 192.168.34.12, host: pr-hdds-2106-8t9qr-763259812, networkLocation: /default-rack, certSerialId: null}
2019-09-11 07:01:59,359 [grpc-default-executor-1] INFO  impl.RaftServerProxy (RaftServerProxy.java:remove(95)) - 69a71f03-bd49-4dcf-a91a-b858634f7ca8: remove group-4E1E24F5414E:null
2019-09-11 07:01:59,362 [RatisPipelineUtilsThread] WARN  pipeline.RatisPipelineUtils (RatisPipelineUtils.java:destroyPipeline(66)) - Pipeline destroy failed for pipeline=PipelineID=3bf2ead7-e111-4ba5-a3e3-4e1e24f5414e dn=69a71f03-bd49-4dcf-a91a-b858634f7ca8{ip: 192.168.34.12, host: pr-hdds-2106-8t9qr-763259812, networkLocation: /default-rack, certSerialId: null}
2019-09-11 07:01:59,362 [RatisPipelineUtilsThread] ERROR pipeline.SCMPipelineManager (Scheduler.java:lambda$schedule$1(70)) - Destroy pipeline failed for pipeline:Pipeline[ Id: 3bf2ead7-e111-4ba5-a3e3-4e1e24f5414e, Nodes: 1a989eca-a026-4062-a574-e52a85f9a2a4{ip: 192.168.34.12, host: pr-hdds-2106-8t9qr-763259812, networkLocation: /default-rack, certSerialId: null}4bd4e05e-fa44-45f4-99bb-ac21c4078a41{ip: 192.168.34.12, host: pr-hdds-2106-8t9qr-763259812, networkLocation: /default-rack, certSerialId: null}69a71f03-bd49-4dcf-a91a-b858634f7ca8{ip: 192.168.34.12, host: pr-hdds-2106-8t9qr-763259812, networkLocation: /default-rack, certSerialId: null}, Type:RATIS, Factor:THREE, State:CLOSED]
org.apache.hadoop.hdds.scm.pipeline.PipelineNotFoundException: PipelineID=3bf2ead7-e111-4ba5-a3e3-4e1e24f5414e not found
	at org.apache.hadoop.hdds.scm.pipeline.PipelineStateMap.getPipeline(PipelineStateMap.java:132)
	at org.apache.hadoop.hdds.scm.pipeline.PipelineStateMap.removePipeline(PipelineStateMap.java:322)
	at org.apache.hadoop.hdds.scm.pipeline.PipelineStateManager.removePipeline(PipelineStateManager.java:107)
	at org.apache.hadoop.hdds.scm.pipeline.SCMPipelineManager.removePipeline(SCMPipelineManager.java:423)
	at org.apache.hadoop.hdds.scm.pipeline.SCMPipelineManager.destroyPipeline(SCMPipelineManager.java:409)
	at org.apache.hadoop.hdds.scm.pipeline.SCMPipelineManager.lambda$finalizeAndDestroyPipeline$0(SCMPipelineManager.java:318)
	at org.apache.hadoop.utils.Scheduler.lambda$schedule$1(Scheduler.java:68)
	at java.util.concurrent.Executors$RunnableAdapter.call(Executors.java:511)
	at java.util.concurrent.FutureTask.run(FutureTask.java:266)
	at java.util.concurrent.ScheduledThreadPoolExecutor$ScheduledFutureTask.access$201(ScheduledThreadPoolExecutor.java:180)
	at java.util.concurrent.ScheduledThreadPoolExecutor$ScheduledFutureTask.run(ScheduledThreadPoolExecutor.java:293)
	at java.util.concurrent.ThreadPoolExecutor.runWorker(ThreadPoolExecutor.java:1149)
	at java.util.concurrent.ThreadPoolExecutor$Worker.run(ThreadPoolExecutor.java:624)
	at java.lang.Thread.run(Thread.java:748)
2019-09-11 07:02:00,144 [java.util.concurrent.ThreadPoolExecutor$Worker@634444f[State = -1, empty queue]] WARN  server.GrpcLogAppender (GrpcLogAppender.java:timeoutAppendRequest(200)) - 69a71f03-bd49-4dcf-a91a-b858634f7ca8@group-6779B489C9A8->4bd4e05e-fa44-45f4-99bb-ac21c4078a41-GrpcLogAppender: appendEntries Timeout, request=69a71f03-bd49-4dcf-a91a-b858634f7ca8->4bd4e05e-fa44-45f4-99bb-ac21c4078a41#32-t1, previous=(t:1, i:13), leaderCommit=10, initializing? false, entries: <empty>
2019-09-11 07:02:00,144 [java.util.concurrent.ThreadPoolExecutor$Worker@3775a19a[State = -1, empty queue]] WARN  server.GrpcLogAppender (GrpcLogAppender.java:timeoutAppendRequest(200)) - 69a71f03-bd49-4dcf-a91a-b858634f7ca8@group-6779B489C9A8->1a989eca-a026-4062-a574-e52a85f9a2a4-GrpcLogAppender: appendEntries Timeout, request=69a71f03-bd49-4dcf-a91a-b858634f7ca8->1a989eca-a026-4062-a574-e52a85f9a2a4#32-t1, previous=(t:1, i:13), leaderCommit=10, initializing? false, entries: <empty>
2019-09-11 07:02:01,348 [grpc-default-executor-2] INFO  impl.RaftServerProxy (RaftServerProxy.java:remove(95)) - 1a989eca-a026-4062-a574-e52a85f9a2a4: remove group-4E1E24F5414E:null
2019-09-11 07:02:01,352 [RatisPipelineUtilsThread] WARN  pipeline.RatisPipelineUtils (RatisPipelineUtils.java:destroyPipeline(66)) - Pipeline destroy failed for pipeline=PipelineID=3bf2ead7-e111-4ba5-a3e3-4e1e24f5414e dn=1a989eca-a026-4062-a574-e52a85f9a2a4{ip: 192.168.34.12, host: pr-hdds-2106-8t9qr-763259812, networkLocation: /default-rack, certSerialId: null}
2019-09-11 07:02:01,355 [grpc-default-executor-2] INFO  impl.RaftServerProxy (RaftServerProxy.java:remove(95)) - 4bd4e05e-fa44-45f4-99bb-ac21c4078a41: remove group-4E1E24F5414E:null
2019-09-11 07:02:01,357 [RatisPipelineUtilsThread] WARN  pipeline.RatisPipelineUtils (RatisPipelineUtils.java:destroyPipeline(66)) - Pipeline destroy failed for pipeline=PipelineID=3bf2ead7-e111-4ba5-a3e3-4e1e24f5414e dn=4bd4e05e-fa44-45f4-99bb-ac21c4078a41{ip: 192.168.34.12, host: pr-hdds-2106-8t9qr-763259812, networkLocation: /default-rack, certSerialId: null}
2019-09-11 07:02:01,360 [grpc-default-executor-2] INFO  impl.RaftServerProxy (RaftServerProxy.java:remove(95)) - 69a71f03-bd49-4dcf-a91a-b858634f7ca8: remove group-4E1E24F5414E:null
2019-09-11 07:02:01,362 [RatisPipelineUtilsThread] WARN  pipeline.RatisPipelineUtils (RatisPipelineUtils.java:destroyPipeline(66)) - Pipeline destroy failed for pipeline=PipelineID=3bf2ead7-e111-4ba5-a3e3-4e1e24f5414e dn=69a71f03-bd49-4dcf-a91a-b858634f7ca8{ip: 192.168.34.12, host: pr-hdds-2106-8t9qr-763259812, networkLocation: /default-rack, certSerialId: null}
2019-09-11 07:02:01,363 [RatisPipelineUtilsThread] ERROR pipeline.SCMPipelineManager (Scheduler.java:lambda$schedule$1(70)) - Destroy pipeline failed for pipeline:Pipeline[ Id: 3bf2ead7-e111-4ba5-a3e3-4e1e24f5414e, Nodes: 1a989eca-a026-4062-a574-e52a85f9a2a4{ip: 192.168.34.12, host: pr-hdds-2106-8t9qr-763259812, networkLocation: /default-rack, certSerialId: null}4bd4e05e-fa44-45f4-99bb-ac21c4078a41{ip: 192.168.34.12, host: pr-hdds-2106-8t9qr-763259812, networkLocation: /default-rack, certSerialId: null}69a71f03-bd49-4dcf-a91a-b858634f7ca8{ip: 192.168.34.12, host: pr-hdds-2106-8t9qr-763259812, networkLocation: /default-rack, certSerialId: null}, Type:RATIS, Factor:THREE, State:CLOSED]
org.apache.hadoop.hdds.scm.pipeline.PipelineNotFoundException: PipelineID=3bf2ead7-e111-4ba5-a3e3-4e1e24f5414e not found
	at org.apache.hadoop.hdds.scm.pipeline.PipelineStateMap.getPipeline(PipelineStateMap.java:132)
	at org.apache.hadoop.hdds.scm.pipeline.PipelineStateMap.removePipeline(PipelineStateMap.java:322)
	at org.apache.hadoop.hdds.scm.pipeline.PipelineStateManager.removePipeline(PipelineStateManager.java:107)
	at org.apache.hadoop.hdds.scm.pipeline.SCMPipelineManager.removePipeline(SCMPipelineManager.java:423)
	at org.apache.hadoop.hdds.scm.pipeline.SCMPipelineManager.destroyPipeline(SCMPipelineManager.java:409)
	at org.apache.hadoop.hdds.scm.pipeline.SCMPipelineManager.lambda$finalizeAndDestroyPipeline$0(SCMPipelineManager.java:318)
	at org.apache.hadoop.utils.Scheduler.lambda$schedule$1(Scheduler.java:68)
	at java.util.concurrent.Executors$RunnableAdapter.call(Executors.java:511)
	at java.util.concurrent.FutureTask.run(FutureTask.java:266)
	at java.util.concurrent.ScheduledThreadPoolExecutor$ScheduledFutureTask.access$201(ScheduledThreadPoolExecutor.java:180)
	at java.util.concurrent.ScheduledThreadPoolExecutor$ScheduledFutureTask.run(ScheduledThreadPoolExecutor.java:293)
	at java.util.concurrent.ThreadPoolExecutor.runWorker(ThreadPoolExecutor.java:1149)
	at java.util.concurrent.ThreadPoolExecutor$Worker.run(ThreadPoolExecutor.java:624)
	at java.lang.Thread.run(Thread.java:748)
2019-09-11 07:02:02,136 [69a71f03-bd49-4dcf-a91a-b858634f7ca8@group-6779B489C9A8-SegmentedRaftLogWorker] WARN  segmented.SegmentedRaftLogWorker (SegmentedRaftLogWorker.java:getFromFuture(90)) - Timeout 4/~
org.apache.ratis.protocol.TimeoutIOException: Timeout 10s: WriteLog:11: (t:1, i:11), STATEMACHINELOGENTRY, client-8D786902D131, cid=41-writeStateMachineData
	at org.apache.ratis.util.IOUtils.getFromFuture(IOUtils.java:87)
	at org.apache.ratis.server.raftlog.segmented.SegmentedRaftLogWorker$StateMachineDataPolicy.getFromFuture(SegmentedRaftLogWorker.java:87)
	at org.apache.ratis.server.raftlog.segmented.SegmentedRaftLogWorker$WriteLog.execute(SegmentedRaftLogWorker.java:477)
	at org.apache.ratis.server.raftlog.segmented.SegmentedRaftLogWorker.run(SegmentedRaftLogWorker.java:289)
	at java.lang.Thread.run(Thread.java:748)
Caused by: java.util.concurrent.TimeoutException
	at java.util.concurrent.CompletableFuture.timedGet(CompletableFuture.java:1771)
	at java.util.concurrent.CompletableFuture.get(CompletableFuture.java:1915)
	at org.apache.ratis.util.IOUtils.getFromFuture(IOUtils.java:79)
	... 4 more
2019-09-11 07:02:02,237 [1a989eca-a026-4062-a574-e52a85f9a2a4@group-6779B489C9A8-SegmentedRaftLogWorker] WARN  segmented.SegmentedRaftLogWorker (SegmentedRaftLogWorker.java:getFromFuture(90)) - Timeout 4/~
org.apache.ratis.protocol.TimeoutIOException: Timeout 10s: WriteLog:12: (t:1, i:12), STATEMACHINELOGENTRY, client-8D786902D131, cid=42-writeStateMachineData
	at org.apache.ratis.util.IOUtils.getFromFuture(IOUtils.java:87)
	at org.apache.ratis.server.raftlog.segmented.SegmentedRaftLogWorker$StateMachineDataPolicy.getFromFuture(SegmentedRaftLogWorker.java:87)
	at org.apache.ratis.server.raftlog.segmented.SegmentedRaftLogWorker$WriteLog.execute(SegmentedRaftLogWorker.java:477)
	at org.apache.ratis.server.raftlog.segmented.SegmentedRaftLogWorker.run(SegmentedRaftLogWorker.java:289)
	at java.lang.Thread.run(Thread.java:748)
Caused by: java.util.concurrent.TimeoutException
	at java.util.concurrent.CompletableFuture.timedGet(CompletableFuture.java:1771)
	at java.util.concurrent.CompletableFuture.get(CompletableFuture.java:1915)
	at org.apache.ratis.util.IOUtils.getFromFuture(IOUtils.java:79)
	... 4 more
2019-09-11 07:02:02,238 [4bd4e05e-fa44-45f4-99bb-ac21c4078a41@group-6779B489C9A8-SegmentedRaftLogWorker] WARN  segmented.SegmentedRaftLogWorker (SegmentedRaftLogWorker.java:getFromFuture(90)) - Timeout 4/~
org.apache.ratis.protocol.TimeoutIOException: Timeout 10s: WriteLog:12: (t:1, i:12), STATEMACHINELOGENTRY, client-8D786902D131, cid=42-writeStateMachineData
	at org.apache.ratis.util.IOUtils.getFromFuture(IOUtils.java:87)
	at org.apache.ratis.server.raftlog.segmented.SegmentedRaftLogWorker$StateMachineDataPolicy.getFromFuture(SegmentedRaftLogWorker.java:87)
	at org.apache.ratis.server.raftlog.segmented.SegmentedRaftLogWorker$WriteLog.execute(SegmentedRaftLogWorker.java:477)
	at org.apache.ratis.server.raftlog.segmented.SegmentedRaftLogWorker.run(SegmentedRaftLogWorker.java:289)
	at java.lang.Thread.run(Thread.java:748)
Caused by: java.util.concurrent.TimeoutException
	at java.util.concurrent.CompletableFuture.timedGet(CompletableFuture.java:1771)
	at java.util.concurrent.CompletableFuture.get(CompletableFuture.java:1915)
	at org.apache.ratis.util.IOUtils.getFromFuture(IOUtils.java:79)
	... 4 more
2019-09-11 07:02:02,578 [grpc-default-executor-2] INFO  client.GrpcClientProtocolClient (GrpcClientProtocolClient.java:onNext(264)) - client-8D786902D131->4bd4e05e-fa44-45f4-99bb-ac21c4078a41: receive RaftClientReply:client-8D786902D131->4bd4e05e-fa44-45f4-99bb-ac21c4078a41@group-6779B489C9A8, cid=41, FAILED org.apache.ratis.protocol.NotLeaderException: Server 4bd4e05e-fa44-45f4-99bb-ac21c4078a41@group-6779B489C9A8 is not the leader 69a71f03-bd49-4dcf-a91a-b858634f7ca8:192.168.34.12:43469, logIndex=0, commits[4bd4e05e-fa44-45f4-99bb-ac21c4078a41:c10, 69a71f03-bd49-4dcf-a91a-b858634f7ca8:c10, 1a989eca-a026-4062-a574-e52a85f9a2a4:c6]
2019-09-11 07:02:02,644 [java.util.concurrent.ThreadPoolExecutor$Worker@3775a19a[State = -1, empty queue]] WARN  server.GrpcLogAppender (GrpcLogAppender.java:timeoutAppendRequest(200)) - 69a71f03-bd49-4dcf-a91a-b858634f7ca8@group-6779B489C9A8->1a989eca-a026-4062-a574-e52a85f9a2a4-GrpcLogAppender: appendEntries Timeout, request=69a71f03-bd49-4dcf-a91a-b858634f7ca8->1a989eca-a026-4062-a574-e52a85f9a2a4#33-t1, previous=(t:1, i:13), leaderCommit=10, initializing? false, entries: <empty>
2019-09-11 07:02:02,644 [java.util.concurrent.ThreadPoolExecutor$Worker@634444f[State = -1, empty queue]] WARN  server.GrpcLogAppender (GrpcLogAppender.java:timeoutAppendRequest(200)) - 69a71f03-bd49-4dcf-a91a-b858634f7ca8@group-6779B489C9A8->4bd4e05e-fa44-45f4-99bb-ac21c4078a41-GrpcLogAppender: appendEntries Timeout, request=69a71f03-bd49-4dcf-a91a-b858634f7ca8->4bd4e05e-fa44-45f4-99bb-ac21c4078a41#33-t1, previous=(t:1, i:13), leaderCommit=10, initializing? false, entries: <empty>
2019-09-11 07:02:04,346 [grpc-default-executor-1] INFO  impl.RaftServerProxy (RaftServerProxy.java:remove(95)) - 1a989eca-a026-4062-a574-e52a85f9a2a4: remove group-4E1E24F5414E:null
2019-09-11 07:02:04,349 [RatisPipelineUtilsThread] WARN  pipeline.RatisPipelineUtils (RatisPipelineUtils.java:destroyPipeline(66)) - Pipeline destroy failed for pipeline=PipelineID=3bf2ead7-e111-4ba5-a3e3-4e1e24f5414e dn=1a989eca-a026-4062-a574-e52a85f9a2a4{ip: 192.168.34.12, host: pr-hdds-2106-8t9qr-763259812, networkLocation: /default-rack, certSerialId: null}
2019-09-11 07:02:04,352 [grpc-default-executor-1] INFO  impl.RaftServerProxy (RaftServerProxy.java:remove(95)) - 4bd4e05e-fa44-45f4-99bb-ac21c4078a41: remove group-4E1E24F5414E:null
2019-09-11 07:02:04,354 [RatisPipelineUtilsThread] WARN  pipeline.RatisPipelineUtils (RatisPipelineUtils.java:destroyPipeline(66)) - Pipeline destroy failed for pipeline=PipelineID=3bf2ead7-e111-4ba5-a3e3-4e1e24f5414e dn=4bd4e05e-fa44-45f4-99bb-ac21c4078a41{ip: 192.168.34.12, host: pr-hdds-2106-8t9qr-763259812, networkLocation: /default-rack, certSerialId: null}
2019-09-11 07:02:04,357 [grpc-default-executor-1] INFO  impl.RaftServerProxy (RaftServerProxy.java:remove(95)) - 69a71f03-bd49-4dcf-a91a-b858634f7ca8: remove group-4E1E24F5414E:null
2019-09-11 07:02:04,359 [RatisPipelineUtilsThread] WARN  pipeline.RatisPipelineUtils (RatisPipelineUtils.java:destroyPipeline(66)) - Pipeline destroy failed for pipeline=PipelineID=3bf2ead7-e111-4ba5-a3e3-4e1e24f5414e dn=69a71f03-bd49-4dcf-a91a-b858634f7ca8{ip: 192.168.34.12, host: pr-hdds-2106-8t9qr-763259812, networkLocation: /default-rack, certSerialId: null}
2019-09-11 07:02:04,359 [RatisPipelineUtilsThread] ERROR pipeline.SCMPipelineManager (Scheduler.java:lambda$schedule$1(70)) - Destroy pipeline failed for pipeline:Pipeline[ Id: 3bf2ead7-e111-4ba5-a3e3-4e1e24f5414e, Nodes: 1a989eca-a026-4062-a574-e52a85f9a2a4{ip: 192.168.34.12, host: pr-hdds-2106-8t9qr-763259812, networkLocation: /default-rack, certSerialId: null}4bd4e05e-fa44-45f4-99bb-ac21c4078a41{ip: 192.168.34.12, host: pr-hdds-2106-8t9qr-763259812, networkLocation: /default-rack, certSerialId: null}69a71f03-bd49-4dcf-a91a-b858634f7ca8{ip: 192.168.34.12, host: pr-hdds-2106-8t9qr-763259812, networkLocation: /default-rack, certSerialId: null}, Type:RATIS, Factor:THREE, State:CLOSED]
org.apache.hadoop.hdds.scm.pipeline.PipelineNotFoundException: PipelineID=3bf2ead7-e111-4ba5-a3e3-4e1e24f5414e not found
	at org.apache.hadoop.hdds.scm.pipeline.PipelineStateMap.getPipeline(PipelineStateMap.java:132)
	at org.apache.hadoop.hdds.scm.pipeline.PipelineStateMap.removePipeline(PipelineStateMap.java:322)
	at org.apache.hadoop.hdds.scm.pipeline.PipelineStateManager.removePipeline(PipelineStateManager.java:107)
	at org.apache.hadoop.hdds.scm.pipeline.SCMPipelineManager.removePipeline(SCMPipelineManager.java:423)
	at org.apache.hadoop.hdds.scm.pipeline.SCMPipelineManager.destroyPipeline(SCMPipelineManager.java:409)
	at org.apache.hadoop.hdds.scm.pipeline.SCMPipelineManager.lambda$finalizeAndDestroyPipeline$0(SCMPipelineManager.java:318)
	at org.apache.hadoop.utils.Scheduler.lambda$schedule$1(Scheduler.java:68)
	at java.util.concurrent.Executors$RunnableAdapter.call(Executors.java:511)
	at java.util.concurrent.FutureTask.run(FutureTask.java:266)
	at java.util.concurrent.ScheduledThreadPoolExecutor$ScheduledFutureTask.access$201(ScheduledThreadPoolExecutor.java:180)
	at java.util.concurrent.ScheduledThreadPoolExecutor$ScheduledFutureTask.run(ScheduledThreadPoolExecutor.java:293)
	at java.util.concurrent.ThreadPoolExecutor.runWorker(ThreadPoolExecutor.java:1149)
	at java.util.concurrent.ThreadPoolExecutor$Worker.run(ThreadPoolExecutor.java:624)
	at java.lang.Thread.run(Thread.java:748)
2019-09-11 07:02:05,145 [java.util.concurrent.ThreadPoolExecutor$Worker@634444f[State = -1, empty queue]] WARN  server.GrpcLogAppender (GrpcLogAppender.java:timeoutAppendRequest(200)) - 69a71f03-bd49-4dcf-a91a-b858634f7ca8@group-6779B489C9A8->4bd4e05e-fa44-45f4-99bb-ac21c4078a41-GrpcLogAppender: appendEntries Timeout, request=69a71f03-bd49-4dcf-a91a-b858634f7ca8->4bd4e05e-fa44-45f4-99bb-ac21c4078a41#34-t1, previous=(t:1, i:13), leaderCommit=10, initializing? false, entries: <empty>
2019-09-11 07:02:05,145 [java.util.concurrent.ThreadPoolExecutor$Worker@3775a19a[State = -1, empty queue]] WARN  server.GrpcLogAppender (GrpcLogAppender.java:timeoutAppendRequest(200)) - 69a71f03-bd49-4dcf-a91a-b858634f7ca8@group-6779B489C9A8->1a989eca-a026-4062-a574-e52a85f9a2a4-GrpcLogAppender: appendEntries Timeout, request=69a71f03-bd49-4dcf-a91a-b858634f7ca8->1a989eca-a026-4062-a574-e52a85f9a2a4#34-t1, previous=(t:1, i:13), leaderCommit=10, initializing? false, entries: <empty>
2019-09-11 07:02:06,345 [grpc-default-executor-1] INFO  impl.RaftServerProxy (RaftServerProxy.java:remove(95)) - 1a989eca-a026-4062-a574-e52a85f9a2a4: remove group-4E1E24F5414E:null
2019-09-11 07:02:06,349 [RatisPipelineUtilsThread] WARN  pipeline.RatisPipelineUtils (RatisPipelineUtils.java:destroyPipeline(66)) - Pipeline destroy failed for pipeline=PipelineID=3bf2ead7-e111-4ba5-a3e3-4e1e24f5414e dn=1a989eca-a026-4062-a574-e52a85f9a2a4{ip: 192.168.34.12, host: pr-hdds-2106-8t9qr-763259812, networkLocation: /default-rack, certSerialId: null}
2019-09-11 07:02:06,352 [grpc-default-executor-1] INFO  impl.RaftServerProxy (RaftServerProxy.java:remove(95)) - 4bd4e05e-fa44-45f4-99bb-ac21c4078a41: remove group-4E1E24F5414E:null
2019-09-11 07:02:06,355 [RatisPipelineUtilsThread] WARN  pipeline.RatisPipelineUtils (RatisPipelineUtils.java:destroyPipeline(66)) - Pipeline destroy failed for pipeline=PipelineID=3bf2ead7-e111-4ba5-a3e3-4e1e24f5414e dn=4bd4e05e-fa44-45f4-99bb-ac21c4078a41{ip: 192.168.34.12, host: pr-hdds-2106-8t9qr-763259812, networkLocation: /default-rack, certSerialId: null}
2019-09-11 07:02:06,358 [grpc-default-executor-1] INFO  impl.RaftServerProxy (RaftServerProxy.java:remove(95)) - 69a71f03-bd49-4dcf-a91a-b858634f7ca8: remove group-4E1E24F5414E:null
2019-09-11 07:02:06,361 [RatisPipelineUtilsThread] WARN  pipeline.RatisPipelineUtils (RatisPipelineUtils.java:destroyPipeline(66)) - Pipeline destroy failed for pipeline=PipelineID=3bf2ead7-e111-4ba5-a3e3-4e1e24f5414e dn=69a71f03-bd49-4dcf-a91a-b858634f7ca8{ip: 192.168.34.12, host: pr-hdds-2106-8t9qr-763259812, networkLocation: /default-rack, certSerialId: null}
2019-09-11 07:02:06,361 [RatisPipelineUtilsThread] ERROR pipeline.SCMPipelineManager (Scheduler.java:lambda$schedule$1(70)) - Destroy pipeline failed for pipeline:Pipeline[ Id: 3bf2ead7-e111-4ba5-a3e3-4e1e24f5414e, Nodes: 1a989eca-a026-4062-a574-e52a85f9a2a4{ip: 192.168.34.12, host: pr-hdds-2106-8t9qr-763259812, networkLocation: /default-rack, certSerialId: null}4bd4e05e-fa44-45f4-99bb-ac21c4078a41{ip: 192.168.34.12, host: pr-hdds-2106-8t9qr-763259812, networkLocation: /default-rack, certSerialId: null}69a71f03-bd49-4dcf-a91a-b858634f7ca8{ip: 192.168.34.12, host: pr-hdds-2106-8t9qr-763259812, networkLocation: /default-rack, certSerialId: null}, Type:RATIS, Factor:THREE, State:CLOSED]
org.apache.hadoop.hdds.scm.pipeline.PipelineNotFoundException: PipelineID=3bf2ead7-e111-4ba5-a3e3-4e1e24f5414e not found
	at org.apache.hadoop.hdds.scm.pipeline.PipelineStateMap.getPipeline(PipelineStateMap.java:132)
	at org.apache.hadoop.hdds.scm.pipeline.PipelineStateMap.removePipeline(PipelineStateMap.java:322)
	at org.apache.hadoop.hdds.scm.pipeline.PipelineStateManager.removePipeline(PipelineStateManager.java:107)
	at org.apache.hadoop.hdds.scm.pipeline.SCMPipelineManager.removePipeline(SCMPipelineManager.java:423)
	at org.apache.hadoop.hdds.scm.pipeline.SCMPipelineManager.destroyPipeline(SCMPipelineManager.java:409)
	at org.apache.hadoop.hdds.scm.pipeline.SCMPipelineManager.lambda$finalizeAndDestroyPipeline$0(SCMPipelineManager.java:318)
	at org.apache.hadoop.utils.Scheduler.lambda$schedule$1(Scheduler.java:68)
	at java.util.concurrent.Executors$RunnableAdapter.call(Executors.java:511)
	at java.util.concurrent.FutureTask.run(FutureTask.java:266)
	at java.util.concurrent.ScheduledThreadPoolExecutor$ScheduledFutureTask.access$201(ScheduledThreadPoolExecutor.java:180)
	at java.util.concurrent.ScheduledThreadPoolExecutor$ScheduledFutureTask.run(ScheduledThreadPoolExecutor.java:293)
	at java.util.concurrent.ThreadPoolExecutor.runWorker(ThreadPoolExecutor.java:1149)
	at java.util.concurrent.ThreadPoolExecutor$Worker.run(ThreadPoolExecutor.java:624)
	at java.lang.Thread.run(Thread.java:748)
2019-09-11 07:02:07,619 [grpc-default-executor-2] INFO  client.GrpcClientProtocolClient (GrpcClientProtocolClient.java:onNext(264)) - client-8D786902D131->1a989eca-a026-4062-a574-e52a85f9a2a4: receive RaftClientReply:client-8D786902D131->1a989eca-a026-4062-a574-e52a85f9a2a4@group-6779B489C9A8, cid=41, FAILED org.apache.ratis.protocol.NotLeaderException: Server 1a989eca-a026-4062-a574-e52a85f9a2a4@group-6779B489C9A8 is not the leader 69a71f03-bd49-4dcf-a91a-b858634f7ca8:192.168.34.12:43469, logIndex=0, commits[1a989eca-a026-4062-a574-e52a85f9a2a4:c10, 69a71f03-bd49-4dcf-a91a-b858634f7ca8:c10, 4bd4e05e-fa44-45f4-99bb-ac21c4078a41:c6]
2019-09-11 07:02:07,645 [java.util.concurrent.ThreadPoolExecutor$Worker@3775a19a[State = -1, empty queue]] WARN  server.GrpcLogAppender (GrpcLogAppender.java:timeoutAppendRequest(200)) - 69a71f03-bd49-4dcf-a91a-b858634f7ca8@group-6779B489C9A8->1a989eca-a026-4062-a574-e52a85f9a2a4-GrpcLogAppender: appendEntries Timeout, request=69a71f03-bd49-4dcf-a91a-b858634f7ca8->1a989eca-a026-4062-a574-e52a85f9a2a4#35-t1, previous=(t:1, i:13), leaderCommit=10, initializing? false, entries: <empty>
2019-09-11 07:02:07,645 [java.util.concurrent.ThreadPoolExecutor$Worker@634444f[State = -1, empty queue]] WARN  server.GrpcLogAppender (GrpcLogAppender.java:timeoutAppendRequest(200)) - 69a71f03-bd49-4dcf-a91a-b858634f7ca8@group-6779B489C9A8->4bd4e05e-fa44-45f4-99bb-ac21c4078a41-GrpcLogAppender: appendEntries Timeout, request=69a71f03-bd49-4dcf-a91a-b858634f7ca8->4bd4e05e-fa44-45f4-99bb-ac21c4078a41#35-t1, previous=(t:1, i:13), leaderCommit=10, initializing? false, entries: <empty>
2019-09-11 07:02:09,346 [grpc-default-executor-1] INFO  impl.RaftServerProxy (RaftServerProxy.java:remove(95)) - 1a989eca-a026-4062-a574-e52a85f9a2a4: remove group-4E1E24F5414E:null
2019-09-11 07:02:09,350 [RatisPipelineUtilsThread] WARN  pipeline.RatisPipelineUtils (RatisPipelineUtils.java:destroyPipeline(66)) - Pipeline destroy failed for pipeline=PipelineID=3bf2ead7-e111-4ba5-a3e3-4e1e24f5414e dn=1a989eca-a026-4062-a574-e52a85f9a2a4{ip: 192.168.34.12, host: pr-hdds-2106-8t9qr-763259812, networkLocation: /default-rack, certSerialId: null}
2019-09-11 07:02:09,354 [grpc-default-executor-1] INFO  impl.RaftServerProxy (RaftServerProxy.java:remove(95)) - 4bd4e05e-fa44-45f4-99bb-ac21c4078a41: remove group-4E1E24F5414E:null
2019-09-11 07:02:09,356 [RatisPipelineUtilsThread] WARN  pipeline.RatisPipelineUtils (RatisPipelineUtils.java:destroyPipeline(66)) - Pipeline destroy failed for pipeline=PipelineID=3bf2ead7-e111-4ba5-a3e3-4e1e24f5414e dn=4bd4e05e-fa44-45f4-99bb-ac21c4078a41{ip: 192.168.34.12, host: pr-hdds-2106-8t9qr-763259812, networkLocation: /default-rack, certSerialId: null}
2019-09-11 07:02:09,359 [grpc-default-executor-1] INFO  impl.RaftServerProxy (RaftServerProxy.java:remove(95)) - 69a71f03-bd49-4dcf-a91a-b858634f7ca8: remove group-4E1E24F5414E:null
2019-09-11 07:02:09,361 [RatisPipelineUtilsThread] WARN  pipeline.RatisPipelineUtils (RatisPipelineUtils.java:destroyPipeline(66)) - Pipeline destroy failed for pipeline=PipelineID=3bf2ead7-e111-4ba5-a3e3-4e1e24f5414e dn=69a71f03-bd49-4dcf-a91a-b858634f7ca8{ip: 192.168.34.12, host: pr-hdds-2106-8t9qr-763259812, networkLocation: /default-rack, certSerialId: null}
2019-09-11 07:02:09,362 [RatisPipelineUtilsThread] ERROR pipeline.SCMPipelineManager (Scheduler.java:lambda$schedule$1(70)) - Destroy pipeline failed for pipeline:Pipeline[ Id: 3bf2ead7-e111-4ba5-a3e3-4e1e24f5414e, Nodes: 1a989eca-a026-4062-a574-e52a85f9a2a4{ip: 192.168.34.12, host: pr-hdds-2106-8t9qr-763259812, networkLocation: /default-rack, certSerialId: null}4bd4e05e-fa44-45f4-99bb-ac21c4078a41{ip: 192.168.34.12, host: pr-hdds-2106-8t9qr-763259812, networkLocation: /default-rack, certSerialId: null}69a71f03-bd49-4dcf-a91a-b858634f7ca8{ip: 192.168.34.12, host: pr-hdds-2106-8t9qr-763259812, networkLocation: /default-rack, certSerialId: null}, Type:RATIS, Factor:THREE, State:CLOSED]
org.apache.hadoop.hdds.scm.pipeline.PipelineNotFoundException: PipelineID=3bf2ead7-e111-4ba5-a3e3-4e1e24f5414e not found
	at org.apache.hadoop.hdds.scm.pipeline.PipelineStateMap.getPipeline(PipelineStateMap.java:132)
	at org.apache.hadoop.hdds.scm.pipeline.PipelineStateMap.removePipeline(PipelineStateMap.java:322)
	at org.apache.hadoop.hdds.scm.pipeline.PipelineStateManager.removePipeline(PipelineStateManager.java:107)
	at org.apache.hadoop.hdds.scm.pipeline.SCMPipelineManager.removePipeline(SCMPipelineManager.java:423)
	at org.apache.hadoop.hdds.scm.pipeline.SCMPipelineManager.destroyPipeline(SCMPipelineManager.java:409)
	at org.apache.hadoop.hdds.scm.pipeline.SCMPipelineManager.lambda$finalizeAndDestroyPipeline$0(SCMPipelineManager.java:318)
	at org.apache.hadoop.utils.Scheduler.lambda$schedule$1(Scheduler.java:68)
	at java.util.concurrent.Executors$RunnableAdapter.call(Executors.java:511)
	at java.util.concurrent.FutureTask.run(FutureTask.java:266)
	at java.util.concurrent.ScheduledThreadPoolExecutor$ScheduledFutureTask.access$201(ScheduledThreadPoolExecutor.java:180)
	at java.util.concurrent.ScheduledThreadPoolExecutor$ScheduledFutureTask.run(ScheduledThreadPoolExecutor.java:293)
	at java.util.concurrent.ThreadPoolExecutor.runWorker(ThreadPoolExecutor.java:1149)
	at java.util.concurrent.ThreadPoolExecutor$Worker.run(ThreadPoolExecutor.java:624)
	at java.lang.Thread.run(Thread.java:748)
2019-09-11 07:02:10,146 [java.util.concurrent.ThreadPoolExecutor$Worker@3775a19a[State = -1, empty queue]] WARN  server.GrpcLogAppender (GrpcLogAppender.java:timeoutAppendRequest(200)) - 69a71f03-bd49-4dcf-a91a-b858634f7ca8@group-6779B489C9A8->1a989eca-a026-4062-a574-e52a85f9a2a4-GrpcLogAppender: appendEntries Timeout, request=69a71f03-bd49-4dcf-a91a-b858634f7ca8->1a989eca-a026-4062-a574-e52a85f9a2a4#36-t1, previous=(t:1, i:13), leaderCommit=10, initializing? false, entries: <empty>
2019-09-11 07:02:10,146 [java.util.concurrent.ThreadPoolExecutor$Worker@634444f[State = -1, empty queue]] WARN  server.GrpcLogAppender (GrpcLogAppender.java:timeoutAppendRequest(200)) - 69a71f03-bd49-4dcf-a91a-b858634f7ca8@group-6779B489C9A8->4bd4e05e-fa44-45f4-99bb-ac21c4078a41-GrpcLogAppender: appendEntries Timeout, request=69a71f03-bd49-4dcf-a91a-b858634f7ca8->4bd4e05e-fa44-45f4-99bb-ac21c4078a41#36-t1, previous=(t:1, i:13), leaderCommit=10, initializing? false, entries: <empty>
2019-09-11 07:02:11,352 [grpc-default-executor-2] INFO  impl.RaftServerProxy (RaftServerProxy.java:remove(95)) - 1a989eca-a026-4062-a574-e52a85f9a2a4: remove group-4E1E24F5414E:null
2019-09-11 07:02:11,357 [RatisPipelineUtilsThread] WARN  pipeline.RatisPipelineUtils (RatisPipelineUtils.java:destroyPipeline(66)) - Pipeline destroy failed for pipeline=PipelineID=3bf2ead7-e111-4ba5-a3e3-4e1e24f5414e dn=1a989eca-a026-4062-a574-e52a85f9a2a4{ip: 192.168.34.12, host: pr-hdds-2106-8t9qr-763259812, networkLocation: /default-rack, certSerialId: null}
2019-09-11 07:02:11,361 [grpc-default-executor-2] INFO  impl.RaftServerProxy (RaftServerProxy.java:remove(95)) - 4bd4e05e-fa44-45f4-99bb-ac21c4078a41: remove group-4E1E24F5414E:null
2019-09-11 07:02:11,364 [RatisPipelineUtilsThread] WARN  pipeline.RatisPipelineUtils (RatisPipelineUtils.java:destroyPipeline(66)) - Pipeline destroy failed for pipeline=PipelineID=3bf2ead7-e111-4ba5-a3e3-4e1e24f5414e dn=4bd4e05e-fa44-45f4-99bb-ac21c4078a41{ip: 192.168.34.12, host: pr-hdds-2106-8t9qr-763259812, networkLocation: /default-rack, certSerialId: null}
2019-09-11 07:02:11,368 [grpc-default-executor-2] INFO  impl.RaftServerProxy (RaftServerProxy.java:remove(95)) - 69a71f03-bd49-4dcf-a91a-b858634f7ca8: remove group-4E1E24F5414E:null
2019-09-11 07:02:11,370 [RatisPipelineUtilsThread] WARN  pipeline.RatisPipelineUtils (RatisPipelineUtils.java:destroyPipeline(66)) - Pipeline destroy failed for pipeline=PipelineID=3bf2ead7-e111-4ba5-a3e3-4e1e24f5414e dn=69a71f03-bd49-4dcf-a91a-b858634f7ca8{ip: 192.168.34.12, host: pr-hdds-2106-8t9qr-763259812, networkLocation: /default-rack, certSerialId: null}
2019-09-11 07:02:11,371 [RatisPipelineUtilsThread] ERROR pipeline.SCMPipelineManager (Scheduler.java:lambda$schedule$1(70)) - Destroy pipeline failed for pipeline:Pipeline[ Id: 3bf2ead7-e111-4ba5-a3e3-4e1e24f5414e, Nodes: 1a989eca-a026-4062-a574-e52a85f9a2a4{ip: 192.168.34.12, host: pr-hdds-2106-8t9qr-763259812, networkLocation: /default-rack, certSerialId: null}4bd4e05e-fa44-45f4-99bb-ac21c4078a41{ip: 192.168.34.12, host: pr-hdds-2106-8t9qr-763259812, networkLocation: /default-rack, certSerialId: null}69a71f03-bd49-4dcf-a91a-b858634f7ca8{ip: 192.168.34.12, host: pr-hdds-2106-8t9qr-763259812, networkLocation: /default-rack, certSerialId: null}, Type:RATIS, Factor:THREE, State:CLOSED]
org.apache.hadoop.hdds.scm.pipeline.PipelineNotFoundException: PipelineID=3bf2ead7-e111-4ba5-a3e3-4e1e24f5414e not found
	at org.apache.hadoop.hdds.scm.pipeline.PipelineStateMap.getPipeline(PipelineStateMap.java:132)
	at org.apache.hadoop.hdds.scm.pipeline.PipelineStateMap.removePipeline(PipelineStateMap.java:322)
	at org.apache.hadoop.hdds.scm.pipeline.PipelineStateManager.removePipeline(PipelineStateManager.java:107)
	at org.apache.hadoop.hdds.scm.pipeline.SCMPipelineManager.removePipeline(SCMPipelineManager.java:423)
	at org.apache.hadoop.hdds.scm.pipeline.SCMPipelineManager.destroyPipeline(SCMPipelineManager.java:409)
	at org.apache.hadoop.hdds.scm.pipeline.SCMPipelineManager.lambda$finalizeAndDestroyPipeline$0(SCMPipelineManager.java:318)
	at org.apache.hadoop.utils.Scheduler.lambda$schedule$1(Scheduler.java:68)
	at java.util.concurrent.Executors$RunnableAdapter.call(Executors.java:511)
	at java.util.concurrent.FutureTask.run(FutureTask.java:266)
	at java.util.concurrent.ScheduledThreadPoolExecutor$ScheduledFutureTask.access$201(ScheduledThreadPoolExecutor.java:180)
	at java.util.concurrent.ScheduledThreadPoolExecutor$ScheduledFutureTask.run(ScheduledThreadPoolExecutor.java:293)
	at java.util.concurrent.ThreadPoolExecutor.runWorker(ThreadPoolExecutor.java:1149)
	at java.util.concurrent.ThreadPoolExecutor$Worker.run(ThreadPoolExecutor.java:624)
	at java.lang.Thread.run(Thread.java:748)
2019-09-11 07:02:11,471 [grpc-default-executor-2] INFO  impl.RaftServerProxy (RaftServerProxy.java:remove(95)) - 1a989eca-a026-4062-a574-e52a85f9a2a4: remove group-4E1E24F5414E:null
2019-09-11 07:02:11,475 [RatisPipelineUtilsThread] WARN  pipeline.RatisPipelineUtils (RatisPipelineUtils.java:destroyPipeline(66)) - Pipeline destroy failed for pipeline=PipelineID=3bf2ead7-e111-4ba5-a3e3-4e1e24f5414e dn=1a989eca-a026-4062-a574-e52a85f9a2a4{ip: 192.168.34.12, host: pr-hdds-2106-8t9qr-763259812, networkLocation: /default-rack, certSerialId: null}
2019-09-11 07:02:11,478 [grpc-default-executor-2] INFO  impl.RaftServerProxy (RaftServerProxy.java:remove(95)) - 4bd4e05e-fa44-45f4-99bb-ac21c4078a41: remove group-4E1E24F5414E:null
2019-09-11 07:02:11,481 [RatisPipelineUtilsThread] WARN  pipeline.RatisPipelineUtils (RatisPipelineUtils.java:destroyPipeline(66)) - Pipeline destroy failed for pipeline=PipelineID=3bf2ead7-e111-4ba5-a3e3-4e1e24f5414e dn=4bd4e05e-fa44-45f4-99bb-ac21c4078a41{ip: 192.168.34.12, host: pr-hdds-2106-8t9qr-763259812, networkLocation: /default-rack, certSerialId: null}
2019-09-11 07:02:11,484 [grpc-default-executor-2] INFO  impl.RaftServerProxy (RaftServerProxy.java:remove(95)) - 69a71f03-bd49-4dcf-a91a-b858634f7ca8: remove group-4E1E24F5414E:null
2019-09-11 07:02:11,487 [RatisPipelineUtilsThread] WARN  pipeline.RatisPipelineUtils (RatisPipelineUtils.java:destroyPipeline(66)) - Pipeline destroy failed for pipeline=PipelineID=3bf2ead7-e111-4ba5-a3e3-4e1e24f5414e dn=69a71f03-bd49-4dcf-a91a-b858634f7ca8{ip: 192.168.34.12, host: pr-hdds-2106-8t9qr-763259812, networkLocation: /default-rack, certSerialId: null}
2019-09-11 07:02:11,487 [RatisPipelineUtilsThread] ERROR pipeline.SCMPipelineManager (Scheduler.java:lambda$schedule$1(70)) - Destroy pipeline failed for pipeline:Pipeline[ Id: 3bf2ead7-e111-4ba5-a3e3-4e1e24f5414e, Nodes: 1a989eca-a026-4062-a574-e52a85f9a2a4{ip: 192.168.34.12, host: pr-hdds-2106-8t9qr-763259812, networkLocation: /default-rack, certSerialId: null}4bd4e05e-fa44-45f4-99bb-ac21c4078a41{ip: 192.168.34.12, host: pr-hdds-2106-8t9qr-763259812, networkLocation: /default-rack, certSerialId: null}69a71f03-bd49-4dcf-a91a-b858634f7ca8{ip: 192.168.34.12, host: pr-hdds-2106-8t9qr-763259812, networkLocation: /default-rack, certSerialId: null}, Type:RATIS, Factor:THREE, State:CLOSED]
org.apache.hadoop.hdds.scm.pipeline.PipelineNotFoundException: PipelineID=3bf2ead7-e111-4ba5-a3e3-4e1e24f5414e not found
	at org.apache.hadoop.hdds.scm.pipeline.PipelineStateMap.getPipeline(PipelineStateMap.java:132)
	at org.apache.hadoop.hdds.scm.pipeline.PipelineStateMap.removePipeline(PipelineStateMap.java:322)
	at org.apache.hadoop.hdds.scm.pipeline.PipelineStateManager.removePipeline(PipelineStateManager.java:107)
	at org.apache.hadoop.hdds.scm.pipeline.SCMPipelineManager.removePipeline(SCMPipelineManager.java:423)
	at org.apache.hadoop.hdds.scm.pipeline.SCMPipelineManager.destroyPipeline(SCMPipelineManager.java:409)
	at org.apache.hadoop.hdds.scm.pipeline.SCMPipelineManager.lambda$finalizeAndDestroyPipeline$0(SCMPipelineManager.java:318)
	at org.apache.hadoop.utils.Scheduler.lambda$schedule$1(Scheduler.java:68)
	at java.util.concurrent.Executors$RunnableAdapter.call(Executors.java:511)
	at java.util.concurrent.FutureTask.run(FutureTask.java:266)
	at java.util.concurrent.ScheduledThreadPoolExecutor$ScheduledFutureTask.access$201(ScheduledThreadPoolExecutor.java:180)
	at java.util.concurrent.ScheduledThreadPoolExecutor$ScheduledFutureTask.run(ScheduledThreadPoolExecutor.java:293)
	at java.util.concurrent.ThreadPoolExecutor.runWorker(ThreadPoolExecutor.java:1149)
	at java.util.concurrent.ThreadPoolExecutor$Worker.run(ThreadPoolExecutor.java:624)
	at java.lang.Thread.run(Thread.java:748)
2019-09-11 07:02:11,609 [grpc-default-executor-2] INFO  impl.RaftServerProxy (RaftServerProxy.java:remove(95)) - 1a989eca-a026-4062-a574-e52a85f9a2a4: remove group-4E1E24F5414E:null
2019-09-11 07:02:11,613 [RatisPipelineUtilsThread] WARN  pipeline.RatisPipelineUtils (RatisPipelineUtils.java:destroyPipeline(66)) - Pipeline destroy failed for pipeline=PipelineID=3bf2ead7-e111-4ba5-a3e3-4e1e24f5414e dn=1a989eca-a026-4062-a574-e52a85f9a2a4{ip: 192.168.34.12, host: pr-hdds-2106-8t9qr-763259812, networkLocation: /default-rack, certSerialId: null}
2019-09-11 07:02:11,616 [grpc-default-executor-2] INFO  impl.RaftServerProxy (RaftServerProxy.java:remove(95)) - 4bd4e05e-fa44-45f4-99bb-ac21c4078a41: remove group-4E1E24F5414E:null
2019-09-11 07:02:11,619 [RatisPipelineUtilsThread] WARN  pipeline.RatisPipelineUtils (RatisPipelineUtils.java:destroyPipeline(66)) - Pipeline destroy failed for pipeline=PipelineID=3bf2ead7-e111-4ba5-a3e3-4e1e24f5414e dn=4bd4e05e-fa44-45f4-99bb-ac21c4078a41{ip: 192.168.34.12, host: pr-hdds-2106-8t9qr-763259812, networkLocation: /default-rack, certSerialId: null}
2019-09-11 07:02:11,622 [grpc-default-executor-1] INFO  impl.RaftServerProxy (RaftServerProxy.java:remove(95)) - 69a71f03-bd49-4dcf-a91a-b858634f7ca8: remove group-4E1E24F5414E:null
2019-09-11 07:02:11,625 [RatisPipelineUtilsThread] WARN  pipeline.RatisPipelineUtils (RatisPipelineUtils.java:destroyPipeline(66)) - Pipeline destroy failed for pipeline=PipelineID=3bf2ead7-e111-4ba5-a3e3-4e1e24f5414e dn=69a71f03-bd49-4dcf-a91a-b858634f7ca8{ip: 192.168.34.12, host: pr-hdds-2106-8t9qr-763259812, networkLocation: /default-rack, certSerialId: null}
2019-09-11 07:02:11,625 [RatisPipelineUtilsThread] ERROR pipeline.SCMPipelineManager (Scheduler.java:lambda$schedule$1(70)) - Destroy pipeline failed for pipeline:Pipeline[ Id: 3bf2ead7-e111-4ba5-a3e3-4e1e24f5414e, Nodes: 1a989eca-a026-4062-a574-e52a85f9a2a4{ip: 192.168.34.12, host: pr-hdds-2106-8t9qr-763259812, networkLocation: /default-rack, certSerialId: null}4bd4e05e-fa44-45f4-99bb-ac21c4078a41{ip: 192.168.34.12, host: pr-hdds-2106-8t9qr-763259812, networkLocation: /default-rack, certSerialId: null}69a71f03-bd49-4dcf-a91a-b858634f7ca8{ip: 192.168.34.12, host: pr-hdds-2106-8t9qr-763259812, networkLocation: /default-rack, certSerialId: null}, Type:RATIS, Factor:THREE, State:CLOSED]
org.apache.hadoop.hdds.scm.pipeline.PipelineNotFoundException: PipelineID=3bf2ead7-e111-4ba5-a3e3-4e1e24f5414e not found
	at org.apache.hadoop.hdds.scm.pipeline.PipelineStateMap.getPipeline(PipelineStateMap.java:132)
	at org.apache.hadoop.hdds.scm.pipeline.PipelineStateMap.removePipeline(PipelineStateMap.java:322)
	at org.apache.hadoop.hdds.scm.pipeline.PipelineStateManager.removePipeline(PipelineStateManager.java:107)
	at org.apache.hadoop.hdds.scm.pipeline.SCMPipelineManager.removePipeline(SCMPipelineManager.java:423)
	at org.apache.hadoop.hdds.scm.pipeline.SCMPipelineManager.destroyPipeline(SCMPipelineManager.java:409)
	at org.apache.hadoop.hdds.scm.pipeline.SCMPipelineManager.lambda$finalizeAndDestroyPipeline$0(SCMPipelineManager.java:318)
	at org.apache.hadoop.utils.Scheduler.lambda$schedule$1(Scheduler.java:68)
	at java.util.concurrent.Executors$RunnableAdapter.call(Executors.java:511)
	at java.util.concurrent.FutureTask.run(FutureTask.java:266)
	at java.util.concurrent.ScheduledThreadPoolExecutor$ScheduledFutureTask.access$201(ScheduledThreadPoolExecutor.java:180)
	at java.util.concurrent.ScheduledThreadPoolExecutor$ScheduledFutureTask.run(ScheduledThreadPoolExecutor.java:293)
	at java.util.concurrent.ThreadPoolExecutor.runWorker(ThreadPoolExecutor.java:1149)
	at java.util.concurrent.ThreadPoolExecutor$Worker.run(ThreadPoolExecutor.java:624)
	at java.lang.Thread.run(Thread.java:748)
2019-09-11 07:02:11,799 [grpc-default-executor-1] INFO  impl.RaftServerProxy (RaftServerProxy.java:remove(95)) - 1a989eca-a026-4062-a574-e52a85f9a2a4: remove group-4E1E24F5414E:null
2019-09-11 07:02:11,802 [RatisPipelineUtilsThread] WARN  pipeline.RatisPipelineUtils (RatisPipelineUtils.java:destroyPipeline(66)) - Pipeline destroy failed for pipeline=PipelineID=3bf2ead7-e111-4ba5-a3e3-4e1e24f5414e dn=1a989eca-a026-4062-a574-e52a85f9a2a4{ip: 192.168.34.12, host: pr-hdds-2106-8t9qr-763259812, networkLocation: /default-rack, certSerialId: null}
2019-09-11 07:02:11,806 [grpc-default-executor-1] INFO  impl.RaftServerProxy (RaftServerProxy.java:remove(95)) - 4bd4e05e-fa44-45f4-99bb-ac21c4078a41: remove group-4E1E24F5414E:null
2019-09-11 07:02:11,809 [RatisPipelineUtilsThread] WARN  pipeline.RatisPipelineUtils (RatisPipelineUtils.java:destroyPipeline(66)) - Pipeline destroy failed for pipeline=PipelineID=3bf2ead7-e111-4ba5-a3e3-4e1e24f5414e dn=4bd4e05e-fa44-45f4-99bb-ac21c4078a41{ip: 192.168.34.12, host: pr-hdds-2106-8t9qr-763259812, networkLocation: /default-rack, certSerialId: null}
2019-09-11 07:02:11,812 [grpc-default-executor-1] INFO  impl.RaftServerProxy (RaftServerProxy.java:remove(95)) - 69a71f03-bd49-4dcf-a91a-b858634f7ca8: remove group-4E1E24F5414E:null
2019-09-11 07:02:11,815 [RatisPipelineUtilsThread] WARN  pipeline.RatisPipelineUtils (RatisPipelineUtils.java:destroyPipeline(66)) - Pipeline destroy failed for pipeline=PipelineID=3bf2ead7-e111-4ba5-a3e3-4e1e24f5414e dn=69a71f03-bd49-4dcf-a91a-b858634f7ca8{ip: 192.168.34.12, host: pr-hdds-2106-8t9qr-763259812, networkLocation: /default-rack, certSerialId: null}
2019-09-11 07:02:11,815 [RatisPipelineUtilsThread] ERROR pipeline.SCMPipelineManager (Scheduler.java:lambda$schedule$1(70)) - Destroy pipeline failed for pipeline:Pipeline[ Id: 3bf2ead7-e111-4ba5-a3e3-4e1e24f5414e, Nodes: 1a989eca-a026-4062-a574-e52a85f9a2a4{ip: 192.168.34.12, host: pr-hdds-2106-8t9qr-763259812, networkLocation: /default-rack, certSerialId: null}4bd4e05e-fa44-45f4-99bb-ac21c4078a41{ip: 192.168.34.12, host: pr-hdds-2106-8t9qr-763259812, networkLocation: /default-rack, certSerialId: null}69a71f03-bd49-4dcf-a91a-b858634f7ca8{ip: 192.168.34.12, host: pr-hdds-2106-8t9qr-763259812, networkLocation: /default-rack, certSerialId: null}, Type:RATIS, Factor:THREE, State:CLOSED]
org.apache.hadoop.hdds.scm.pipeline.PipelineNotFoundException: PipelineID=3bf2ead7-e111-4ba5-a3e3-4e1e24f5414e not found
	at org.apache.hadoop.hdds.scm.pipeline.PipelineStateMap.getPipeline(PipelineStateMap.java:132)
	at org.apache.hadoop.hdds.scm.pipeline.PipelineStateMap.removePipeline(PipelineStateMap.java:322)
	at org.apache.hadoop.hdds.scm.pipeline.PipelineStateManager.removePipeline(PipelineStateManager.java:107)
	at org.apache.hadoop.hdds.scm.pipeline.SCMPipelineManager.removePipeline(SCMPipelineManager.java:423)
	at org.apache.hadoop.hdds.scm.pipeline.SCMPipelineManager.destroyPipeline(SCMPipelineManager.java:409)
	at org.apache.hadoop.hdds.scm.pipeline.SCMPipelineManager.lambda$finalizeAndDestroyPipeline$0(SCMPipelineManager.java:318)
	at org.apache.hadoop.utils.Scheduler.lambda$schedule$1(Scheduler.java:68)
	at java.util.concurrent.Executors$RunnableAdapter.call(Executors.java:511)
	at java.util.concurrent.FutureTask.run(FutureTask.java:266)
	at java.util.concurrent.ScheduledThreadPoolExecutor$ScheduledFutureTask.access$201(ScheduledThreadPoolExecutor.java:180)
	at java.util.concurrent.ScheduledThreadPoolExecutor$ScheduledFutureTask.run(ScheduledThreadPoolExecutor.java:293)
	at java.util.concurrent.ThreadPoolExecutor.runWorker(ThreadPoolExecutor.java:1149)
	at java.util.concurrent.ThreadPoolExecutor$Worker.run(ThreadPoolExecutor.java:624)
	at java.lang.Thread.run(Thread.java:748)
2019-09-11 07:02:12,137 [69a71f03-bd49-4dcf-a91a-b858634f7ca8@group-6779B489C9A8-SegmentedRaftLogWorker] WARN  segmented.SegmentedRaftLogWorker (SegmentedRaftLogWorker.java:getFromFuture(90)) - Timeout 5/~
org.apache.ratis.protocol.TimeoutIOException: Timeout 10s: WriteLog:11: (t:1, i:11), STATEMACHINELOGENTRY, client-8D786902D131, cid=41-writeStateMachineData
	at org.apache.ratis.util.IOUtils.getFromFuture(IOUtils.java:87)
	at org.apache.ratis.server.raftlog.segmented.SegmentedRaftLogWorker$StateMachineDataPolicy.getFromFuture(SegmentedRaftLogWorker.java:87)
	at org.apache.ratis.server.raftlog.segmented.SegmentedRaftLogWorker$WriteLog.execute(SegmentedRaftLogWorker.java:477)
	at org.apache.ratis.server.raftlog.segmented.SegmentedRaftLogWorker.run(SegmentedRaftLogWorker.java:289)
	at java.lang.Thread.run(Thread.java:748)
Caused by: java.util.concurrent.TimeoutException
	at java.util.concurrent.CompletableFuture.timedGet(CompletableFuture.java:1771)
	at java.util.concurrent.CompletableFuture.get(CompletableFuture.java:1915)
	at org.apache.ratis.util.IOUtils.getFromFuture(IOUtils.java:79)
	... 4 more
2019-09-11 07:02:12,238 [1a989eca-a026-4062-a574-e52a85f9a2a4@group-6779B489C9A8-SegmentedRaftLogWorker] WARN  segmented.SegmentedRaftLogWorker (SegmentedRaftLogWorker.java:getFromFuture(90)) - Timeout 5/~
org.apache.ratis.protocol.TimeoutIOException: Timeout 10s: WriteLog:12: (t:1, i:12), STATEMACHINELOGENTRY, client-8D786902D131, cid=42-writeStateMachineData
	at org.apache.ratis.util.IOUtils.getFromFuture(IOUtils.java:87)
	at org.apache.ratis.server.raftlog.segmented.SegmentedRaftLogWorker$StateMachineDataPolicy.getFromFuture(SegmentedRaftLogWorker.java:87)
	at org.apache.ratis.server.raftlog.segmented.SegmentedRaftLogWorker$WriteLog.execute(SegmentedRaftLogWorker.java:477)
	at org.apache.ratis.server.raftlog.segmented.SegmentedRaftLogWorker.run(SegmentedRaftLogWorker.java:289)
	at java.lang.Thread.run(Thread.java:748)
Caused by: java.util.concurrent.TimeoutException
	at java.util.concurrent.CompletableFuture.timedGet(CompletableFuture.java:1771)
	at java.util.concurrent.CompletableFuture.get(CompletableFuture.java:1915)
	at org.apache.ratis.util.IOUtils.getFromFuture(IOUtils.java:79)
	... 4 more
2019-09-11 07:02:12,238 [4bd4e05e-fa44-45f4-99bb-ac21c4078a41@group-6779B489C9A8-SegmentedRaftLogWorker] WARN  segmented.SegmentedRaftLogWorker (SegmentedRaftLogWorker.java:getFromFuture(90)) - Timeout 5/~
org.apache.ratis.protocol.TimeoutIOException: Timeout 10s: WriteLog:12: (t:1, i:12), STATEMACHINELOGENTRY, client-8D786902D131, cid=42-writeStateMachineData
	at org.apache.ratis.util.IOUtils.getFromFuture(IOUtils.java:87)
	at org.apache.ratis.server.raftlog.segmented.SegmentedRaftLogWorker$StateMachineDataPolicy.getFromFuture(SegmentedRaftLogWorker.java:87)
	at org.apache.ratis.server.raftlog.segmented.SegmentedRaftLogWorker$WriteLog.execute(SegmentedRaftLogWorker.java:477)
	at org.apache.ratis.server.raftlog.segmented.SegmentedRaftLogWorker.run(SegmentedRaftLogWorker.java:289)
	at java.lang.Thread.run(Thread.java:748)
Caused by: java.util.concurrent.TimeoutException
	at java.util.concurrent.CompletableFuture.timedGet(CompletableFuture.java:1771)
	at java.util.concurrent.CompletableFuture.get(CompletableFuture.java:1915)
	at org.apache.ratis.util.IOUtils.getFromFuture(IOUtils.java:79)
	... 4 more
2019-09-11 07:02:12,646 [java.util.concurrent.ThreadPoolExecutor$Worker@634444f[State = -1, empty queue]] WARN  server.GrpcLogAppender (GrpcLogAppender.java:timeoutAppendRequest(200)) - 69a71f03-bd49-4dcf-a91a-b858634f7ca8@group-6779B489C9A8->4bd4e05e-fa44-45f4-99bb-ac21c4078a41-GrpcLogAppender: appendEntries Timeout, request=69a71f03-bd49-4dcf-a91a-b858634f7ca8->4bd4e05e-fa44-45f4-99bb-ac21c4078a41#37-t1, previous=(t:1, i:13), leaderCommit=10, initializing? false, entries: <empty>
2019-09-11 07:02:12,646 [java.util.concurrent.ThreadPoolExecutor$Worker@3775a19a[State = -1, empty queue]] WARN  server.GrpcLogAppender (GrpcLogAppender.java:timeoutAppendRequest(200)) - 69a71f03-bd49-4dcf-a91a-b858634f7ca8@group-6779B489C9A8->1a989eca-a026-4062-a574-e52a85f9a2a4-GrpcLogAppender: appendEntries Timeout, request=69a71f03-bd49-4dcf-a91a-b858634f7ca8->1a989eca-a026-4062-a574-e52a85f9a2a4#37-t1, previous=(t:1, i:13), leaderCommit=10, initializing? false, entries: <empty>
2019-09-11 07:02:12,668 [grpc-default-executor-2] INFO  client.GrpcClientProtocolClient (GrpcClientProtocolClient.java:onNext(264)) - client-8D786902D131->4bd4e05e-fa44-45f4-99bb-ac21c4078a41: receive RaftClientReply:client-8D786902D131->4bd4e05e-fa44-45f4-99bb-ac21c4078a41@group-6779B489C9A8, cid=41, FAILED org.apache.ratis.protocol.NotLeaderException: Server 4bd4e05e-fa44-45f4-99bb-ac21c4078a41@group-6779B489C9A8 is not the leader 69a71f03-bd49-4dcf-a91a-b858634f7ca8:192.168.34.12:43469, logIndex=0, commits[4bd4e05e-fa44-45f4-99bb-ac21c4078a41:c10, 69a71f03-bd49-4dcf-a91a-b858634f7ca8:c10, 1a989eca-a026-4062-a574-e52a85f9a2a4:c6]
2019-09-11 07:02:15,147 [java.util.concurrent.ThreadPoolExecutor$Worker@634444f[State = -1, empty queue]] WARN  server.GrpcLogAppender (GrpcLogAppender.java:timeoutAppendRequest(200)) - 69a71f03-bd49-4dcf-a91a-b858634f7ca8@group-6779B489C9A8->4bd4e05e-fa44-45f4-99bb-ac21c4078a41-GrpcLogAppender: appendEntries Timeout, request=69a71f03-bd49-4dcf-a91a-b858634f7ca8->4bd4e05e-fa44-45f4-99bb-ac21c4078a41#38-t1, previous=(t:1, i:13), leaderCommit=10, initializing? false, entries: <empty>
2019-09-11 07:02:15,147 [java.util.concurrent.ThreadPoolExecutor$Worker@3775a19a[State = -1, empty queue]] WARN  server.GrpcLogAppender (GrpcLogAppender.java:timeoutAppendRequest(200)) - 69a71f03-bd49-4dcf-a91a-b858634f7ca8@group-6779B489C9A8->1a989eca-a026-4062-a574-e52a85f9a2a4-GrpcLogAppender: appendEntries Timeout, request=69a71f03-bd49-4dcf-a91a-b858634f7ca8->1a989eca-a026-4062-a574-e52a85f9a2a4#38-t1, previous=(t:1, i:13), leaderCommit=10, initializing? false, entries: <empty>
2019-09-11 07:02:17,648 [java.util.concurrent.ThreadPoolExecutor$Worker@634444f[State = -1, empty queue]] WARN  server.GrpcLogAppender (GrpcLogAppender.java:timeoutAppendRequest(200)) - 69a71f03-bd49-4dcf-a91a-b858634f7ca8@group-6779B489C9A8->4bd4e05e-fa44-45f4-99bb-ac21c4078a41-GrpcLogAppender: appendEntries Timeout, request=69a71f03-bd49-4dcf-a91a-b858634f7ca8->4bd4e05e-fa44-45f4-99bb-ac21c4078a41#39-t1, previous=(t:1, i:13), leaderCommit=10, initializing? false, entries: <empty>
2019-09-11 07:02:17,648 [java.util.concurrent.ThreadPoolExecutor$Worker@3775a19a[State = -1, empty queue]] WARN  server.GrpcLogAppender (GrpcLogAppender.java:timeoutAppendRequest(200)) - 69a71f03-bd49-4dcf-a91a-b858634f7ca8@group-6779B489C9A8->1a989eca-a026-4062-a574-e52a85f9a2a4-GrpcLogAppender: appendEntries Timeout, request=69a71f03-bd49-4dcf-a91a-b858634f7ca8->1a989eca-a026-4062-a574-e52a85f9a2a4#39-t1, previous=(t:1, i:13), leaderCommit=10, initializing? false, entries: <empty>
2019-09-11 07:02:17,710 [grpc-default-executor-2] INFO  client.GrpcClientProtocolClient (GrpcClientProtocolClient.java:onNext(264)) - client-8D786902D131->1a989eca-a026-4062-a574-e52a85f9a2a4: receive RaftClientReply:client-8D786902D131->1a989eca-a026-4062-a574-e52a85f9a2a4@group-6779B489C9A8, cid=41, FAILED org.apache.ratis.protocol.NotLeaderException: Server 1a989eca-a026-4062-a574-e52a85f9a2a4@group-6779B489C9A8 is not the leader 69a71f03-bd49-4dcf-a91a-b858634f7ca8:192.168.34.12:43469, logIndex=0, commits[1a989eca-a026-4062-a574-e52a85f9a2a4:c10, 69a71f03-bd49-4dcf-a91a-b858634f7ca8:c10, 4bd4e05e-fa44-45f4-99bb-ac21c4078a41:c6]
2019-09-11 07:02:20,149 [java.util.concurrent.ThreadPoolExecutor$Worker@634444f[State = -1, empty queue]] WARN  server.GrpcLogAppender (GrpcLogAppender.java:timeoutAppendRequest(200)) - 69a71f03-bd49-4dcf-a91a-b858634f7ca8@group-6779B489C9A8->4bd4e05e-fa44-45f4-99bb-ac21c4078a41-GrpcLogAppender: appendEntries Timeout, request=69a71f03-bd49-4dcf-a91a-b858634f7ca8->4bd4e05e-fa44-45f4-99bb-ac21c4078a41#40-t1, previous=(t:1, i:13), leaderCommit=10, initializing? false, entries: <empty>
2019-09-11 07:02:20,149 [java.util.concurrent.ThreadPoolExecutor$Worker@3775a19a[State = -1, empty queue]] WARN  server.GrpcLogAppender (GrpcLogAppender.java:timeoutAppendRequest(200)) - 69a71f03-bd49-4dcf-a91a-b858634f7ca8@group-6779B489C9A8->1a989eca-a026-4062-a574-e52a85f9a2a4-GrpcLogAppender: appendEntries Timeout, request=69a71f03-bd49-4dcf-a91a-b858634f7ca8->1a989eca-a026-4062-a574-e52a85f9a2a4#40-t1, previous=(t:1, i:13), leaderCommit=10, initializing? false, entries: <empty>
2019-09-11 07:02:22,139 [69a71f03-bd49-4dcf-a91a-b858634f7ca8@group-6779B489C9A8-SegmentedRaftLogWorker] WARN  segmented.SegmentedRaftLogWorker (SegmentedRaftLogWorker.java:getFromFuture(90)) - Timeout 6/~
org.apache.ratis.protocol.TimeoutIOException: Timeout 10s: WriteLog:11: (t:1, i:11), STATEMACHINELOGENTRY, client-8D786902D131, cid=41-writeStateMachineData
	at org.apache.ratis.util.IOUtils.getFromFuture(IOUtils.java:87)
	at org.apache.ratis.server.raftlog.segmented.SegmentedRaftLogWorker$StateMachineDataPolicy.getFromFuture(SegmentedRaftLogWorker.java:87)
	at org.apache.ratis.server.raftlog.segmented.SegmentedRaftLogWorker$WriteLog.execute(SegmentedRaftLogWorker.java:477)
	at org.apache.ratis.server.raftlog.segmented.SegmentedRaftLogWorker.run(SegmentedRaftLogWorker.java:289)
	at java.lang.Thread.run(Thread.java:748)
Caused by: java.util.concurrent.TimeoutException
	at java.util.concurrent.CompletableFuture.timedGet(CompletableFuture.java:1771)
	at java.util.concurrent.CompletableFuture.get(CompletableFuture.java:1915)
	at org.apache.ratis.util.IOUtils.getFromFuture(IOUtils.java:79)
	... 4 more
2019-09-11 07:02:22,239 [1a989eca-a026-4062-a574-e52a85f9a2a4@group-6779B489C9A8-SegmentedRaftLogWorker] WARN  segmented.SegmentedRaftLogWorker (SegmentedRaftLogWorker.java:getFromFuture(90)) - Timeout 6/~
org.apache.ratis.protocol.TimeoutIOException: Timeout 10s: WriteLog:12: (t:1, i:12), STATEMACHINELOGENTRY, client-8D786902D131, cid=42-writeStateMachineData
	at org.apache.ratis.util.IOUtils.getFromFuture(IOUtils.java:87)
	at org.apache.ratis.server.raftlog.segmented.SegmentedRaftLogWorker$StateMachineDataPolicy.getFromFuture(SegmentedRaftLogWorker.java:87)
	at org.apache.ratis.server.raftlog.segmented.SegmentedRaftLogWorker$WriteLog.execute(SegmentedRaftLogWorker.java:477)
	at org.apache.ratis.server.raftlog.segmented.SegmentedRaftLogWorker.run(SegmentedRaftLogWorker.java:289)
	at java.lang.Thread.run(Thread.java:748)
Caused by: java.util.concurrent.TimeoutException
	at java.util.concurrent.CompletableFuture.timedGet(CompletableFuture.java:1771)
	at java.util.concurrent.CompletableFuture.get(CompletableFuture.java:1915)
	at org.apache.ratis.util.IOUtils.getFromFuture(IOUtils.java:79)
	... 4 more
2019-09-11 07:02:22,239 [4bd4e05e-fa44-45f4-99bb-ac21c4078a41@group-6779B489C9A8-SegmentedRaftLogWorker] WARN  segmented.SegmentedRaftLogWorker (SegmentedRaftLogWorker.java:getFromFuture(90)) - Timeout 6/~
org.apache.ratis.protocol.TimeoutIOException: Timeout 10s: WriteLog:12: (t:1, i:12), STATEMACHINELOGENTRY, client-8D786902D131, cid=42-writeStateMachineData
	at org.apache.ratis.util.IOUtils.getFromFuture(IOUtils.java:87)
	at org.apache.ratis.server.raftlog.segmented.SegmentedRaftLogWorker$StateMachineDataPolicy.getFromFuture(SegmentedRaftLogWorker.java:87)
	at org.apache.ratis.server.raftlog.segmented.SegmentedRaftLogWorker$WriteLog.execute(SegmentedRaftLogWorker.java:477)
	at org.apache.ratis.server.raftlog.segmented.SegmentedRaftLogWorker.run(SegmentedRaftLogWorker.java:289)
	at java.lang.Thread.run(Thread.java:748)
Caused by: java.util.concurrent.TimeoutException
	at java.util.concurrent.CompletableFuture.timedGet(CompletableFuture.java:1771)
	at java.util.concurrent.CompletableFuture.get(CompletableFuture.java:1915)
	at org.apache.ratis.util.IOUtils.getFromFuture(IOUtils.java:79)
	... 4 more
2019-09-11 07:02:22,649 [java.util.concurrent.ThreadPoolExecutor$Worker@634444f[State = -1, empty queue]] WARN  server.GrpcLogAppender (GrpcLogAppender.java:timeoutAppendRequest(200)) - 69a71f03-bd49-4dcf-a91a-b858634f7ca8@group-6779B489C9A8->4bd4e05e-fa44-45f4-99bb-ac21c4078a41-GrpcLogAppender: appendEntries Timeout, request=69a71f03-bd49-4dcf-a91a-b858634f7ca8->4bd4e05e-fa44-45f4-99bb-ac21c4078a41#41-t1, previous=(t:1, i:13), leaderCommit=10, initializing? false, entries: <empty>
2019-09-11 07:02:22,649 [java.util.concurrent.ThreadPoolExecutor$Worker@3775a19a[State = -1, empty queue]] WARN  server.GrpcLogAppender (GrpcLogAppender.java:timeoutAppendRequest(200)) - 69a71f03-bd49-4dcf-a91a-b858634f7ca8@group-6779B489C9A8->1a989eca-a026-4062-a574-e52a85f9a2a4-GrpcLogAppender: appendEntries Timeout, request=69a71f03-bd49-4dcf-a91a-b858634f7ca8->1a989eca-a026-4062-a574-e52a85f9a2a4#41-t1, previous=(t:1, i:13), leaderCommit=10, initializing? false, entries: <empty>
2019-09-11 07:02:22,772 [grpc-default-executor-2] INFO  client.GrpcClientProtocolClient (GrpcClientProtocolClient.java:onNext(264)) - client-8D786902D131->1a989eca-a026-4062-a574-e52a85f9a2a4: receive RaftClientReply:client-8D786902D131->1a989eca-a026-4062-a574-e52a85f9a2a4@group-6779B489C9A8, cid=41, FAILED org.apache.ratis.protocol.NotLeaderException: Server 1a989eca-a026-4062-a574-e52a85f9a2a4@group-6779B489C9A8 is not the leader 69a71f03-bd49-4dcf-a91a-b858634f7ca8:192.168.34.12:43469, logIndex=0, commits[1a989eca-a026-4062-a574-e52a85f9a2a4:c10, 69a71f03-bd49-4dcf-a91a-b858634f7ca8:c10, 4bd4e05e-fa44-45f4-99bb-ac21c4078a41:c6]
2019-09-11 07:02:25,149 [java.util.concurrent.ThreadPoolExecutor$Worker@634444f[State = -1, empty queue]] WARN  server.GrpcLogAppender (GrpcLogAppender.java:timeoutAppendRequest(200)) - 69a71f03-bd49-4dcf-a91a-b858634f7ca8@group-6779B489C9A8->4bd4e05e-fa44-45f4-99bb-ac21c4078a41-GrpcLogAppender: appendEntries Timeout, request=69a71f03-bd49-4dcf-a91a-b858634f7ca8->4bd4e05e-fa44-45f4-99bb-ac21c4078a41#42-t1, previous=(t:1, i:13), leaderCommit=10, initializing? false, entries: <empty>
2019-09-11 07:02:25,149 [java.util.concurrent.ThreadPoolExecutor$Worker@3775a19a[State = -1, empty queue]] WARN  server.GrpcLogAppender (GrpcLogAppender.java:timeoutAppendRequest(200)) - 69a71f03-bd49-4dcf-a91a-b858634f7ca8@group-6779B489C9A8->1a989eca-a026-4062-a574-e52a85f9a2a4-GrpcLogAppender: appendEntries Timeout, request=69a71f03-bd49-4dcf-a91a-b858634f7ca8->1a989eca-a026-4062-a574-e52a85f9a2a4#42-t1, previous=(t:1, i:13), leaderCommit=10, initializing? false, entries: <empty>
2019-09-11 07:02:27,650 [java.util.concurrent.ThreadPoolExecutor$Worker@634444f[State = -1, empty queue]] WARN  server.GrpcLogAppender (GrpcLogAppender.java:timeoutAppendRequest(200)) - 69a71f03-bd49-4dcf-a91a-b858634f7ca8@group-6779B489C9A8->4bd4e05e-fa44-45f4-99bb-ac21c4078a41-GrpcLogAppender: appendEntries Timeout, request=69a71f03-bd49-4dcf-a91a-b858634f7ca8->4bd4e05e-fa44-45f4-99bb-ac21c4078a41#43-t1, previous=(t:1, i:13), leaderCommit=10, initializing? false, entries: <empty>
2019-09-11 07:02:27,650 [java.util.concurrent.ThreadPoolExecutor$Worker@3775a19a[State = -1, empty queue]] WARN  server.GrpcLogAppender (GrpcLogAppender.java:timeoutAppendRequest(200)) - 69a71f03-bd49-4dcf-a91a-b858634f7ca8@group-6779B489C9A8->1a989eca-a026-4062-a574-e52a85f9a2a4-GrpcLogAppender: appendEntries Timeout, request=69a71f03-bd49-4dcf-a91a-b858634f7ca8->1a989eca-a026-4062-a574-e52a85f9a2a4#43-t1, previous=(t:1, i:13), leaderCommit=10, initializing? false, entries: <empty>
2019-09-11 07:02:27,818 [grpc-default-executor-2] INFO  client.GrpcClientProtocolClient (GrpcClientProtocolClient.java:onNext(264)) - client-8D786902D131->1a989eca-a026-4062-a574-e52a85f9a2a4: receive RaftClientReply:client-8D786902D131->1a989eca-a026-4062-a574-e52a85f9a2a4@group-6779B489C9A8, cid=41, FAILED org.apache.ratis.protocol.NotLeaderException: Server 1a989eca-a026-4062-a574-e52a85f9a2a4@group-6779B489C9A8 is not the leader 69a71f03-bd49-4dcf-a91a-b858634f7ca8:192.168.34.12:43469, logIndex=0, commits[1a989eca-a026-4062-a574-e52a85f9a2a4:c10, 69a71f03-bd49-4dcf-a91a-b858634f7ca8:c10, 4bd4e05e-fa44-45f4-99bb-ac21c4078a41:c6]
2019-09-11 07:02:30,151 [java.util.concurrent.ThreadPoolExecutor$Worker@3775a19a[State = -1, empty queue]] WARN  server.GrpcLogAppender (GrpcLogAppender.java:timeoutAppendRequest(200)) - 69a71f03-bd49-4dcf-a91a-b858634f7ca8@group-6779B489C9A8->1a989eca-a026-4062-a574-e52a85f9a2a4-GrpcLogAppender: appendEntries Timeout, request=69a71f03-bd49-4dcf-a91a-b858634f7ca8->1a989eca-a026-4062-a574-e52a85f9a2a4#44-t1, previous=(t:1, i:13), leaderCommit=10, initializing? false, entries: <empty>
2019-09-11 07:02:30,151 [java.util.concurrent.ThreadPoolExecutor$Worker@634444f[State = -1, empty queue]] WARN  server.GrpcLogAppender (GrpcLogAppender.java:timeoutAppendRequest(200)) - 69a71f03-bd49-4dcf-a91a-b858634f7ca8@group-6779B489C9A8->4bd4e05e-fa44-45f4-99bb-ac21c4078a41-GrpcLogAppender: appendEntries Timeout, request=69a71f03-bd49-4dcf-a91a-b858634f7ca8->4bd4e05e-fa44-45f4-99bb-ac21c4078a41#44-t1, previous=(t:1, i:13), leaderCommit=10, initializing? false, entries: <empty>
2019-09-11 07:02:32,140 [69a71f03-bd49-4dcf-a91a-b858634f7ca8@group-6779B489C9A8-SegmentedRaftLogWorker] WARN  segmented.SegmentedRaftLogWorker (SegmentedRaftLogWorker.java:getFromFuture(90)) - Timeout 7/~
org.apache.ratis.protocol.TimeoutIOException: Timeout 10s: WriteLog:11: (t:1, i:11), STATEMACHINELOGENTRY, client-8D786902D131, cid=41-writeStateMachineData
	at org.apache.ratis.util.IOUtils.getFromFuture(IOUtils.java:87)
	at org.apache.ratis.server.raftlog.segmented.SegmentedRaftLogWorker$StateMachineDataPolicy.getFromFuture(SegmentedRaftLogWorker.java:87)
	at org.apache.ratis.server.raftlog.segmented.SegmentedRaftLogWorker$WriteLog.execute(SegmentedRaftLogWorker.java:477)
	at org.apache.ratis.server.raftlog.segmented.SegmentedRaftLogWorker.run(SegmentedRaftLogWorker.java:289)
	at java.lang.Thread.run(Thread.java:748)
Caused by: java.util.concurrent.TimeoutException
	at java.util.concurrent.CompletableFuture.timedGet(CompletableFuture.java:1771)
	at java.util.concurrent.CompletableFuture.get(CompletableFuture.java:1915)
	at org.apache.ratis.util.IOUtils.getFromFuture(IOUtils.java:79)
	... 4 more
2019-09-11 07:02:32,256 [1a989eca-a026-4062-a574-e52a85f9a2a4@group-6779B489C9A8-SegmentedRaftLogWorker] WARN  segmented.SegmentedRaftLogWorker (SegmentedRaftLogWorker.java:getFromFuture(90)) - Timeout 7/~
org.apache.ratis.protocol.TimeoutIOException: Timeout 10s: WriteLog:12: (t:1, i:12), STATEMACHINELOGENTRY, client-8D786902D131, cid=42-writeStateMachineData
	at org.apache.ratis.util.IOUtils.getFromFuture(IOUtils.java:87)
	at org.apache.ratis.server.raftlog.segmented.SegmentedRaftLogWorker$StateMachineDataPolicy.getFromFuture(SegmentedRaftLogWorker.java:87)
	at org.apache.ratis.server.raftlog.segmented.SegmentedRaftLogWorker$WriteLog.execute(SegmentedRaftLogWorker.java:477)
	at org.apache.ratis.server.raftlog.segmented.SegmentedRaftLogWorker.run(SegmentedRaftLogWorker.java:289)
	at java.lang.Thread.run(Thread.java:748)
Caused by: java.util.concurrent.TimeoutException
	at java.util.concurrent.CompletableFuture.timedGet(CompletableFuture.java:1771)
	at java.util.concurrent.CompletableFuture.get(CompletableFuture.java:1915)
	at org.apache.ratis.util.IOUtils.getFromFuture(IOUtils.java:79)
	... 4 more
2019-09-11 07:02:32,256 [4bd4e05e-fa44-45f4-99bb-ac21c4078a41@group-6779B489C9A8-SegmentedRaftLogWorker] WARN  segmented.SegmentedRaftLogWorker (SegmentedRaftLogWorker.java:getFromFuture(90)) - Timeout 7/~
org.apache.ratis.protocol.TimeoutIOException: Timeout 10s: WriteLog:12: (t:1, i:12), STATEMACHINELOGENTRY, client-8D786902D131, cid=42-writeStateMachineData
	at org.apache.ratis.util.IOUtils.getFromFuture(IOUtils.java:87)
	at org.apache.ratis.server.raftlog.segmented.SegmentedRaftLogWorker$StateMachineDataPolicy.getFromFuture(SegmentedRaftLogWorker.java:87)
	at org.apache.ratis.server.raftlog.segmented.SegmentedRaftLogWorker$WriteLog.execute(SegmentedRaftLogWorker.java:477)
	at org.apache.ratis.server.raftlog.segmented.SegmentedRaftLogWorker.run(SegmentedRaftLogWorker.java:289)
	at java.lang.Thread.run(Thread.java:748)
Caused by: java.util.concurrent.TimeoutException
	at java.util.concurrent.CompletableFuture.timedGet(CompletableFuture.java:1771)
	at java.util.concurrent.CompletableFuture.get(CompletableFuture.java:1915)
	at org.apache.ratis.util.IOUtils.getFromFuture(IOUtils.java:79)
	... 4 more
2019-09-11 07:02:32,652 [java.util.concurrent.ThreadPoolExecutor$Worker@634444f[State = -1, empty queue]] WARN  server.GrpcLogAppender (GrpcLogAppender.java:timeoutAppendRequest(200)) - 69a71f03-bd49-4dcf-a91a-b858634f7ca8@group-6779B489C9A8->4bd4e05e-fa44-45f4-99bb-ac21c4078a41-GrpcLogAppender: appendEntries Timeout, request=69a71f03-bd49-4dcf-a91a-b858634f7ca8->4bd4e05e-fa44-45f4-99bb-ac21c4078a41#45-t1, previous=(t:1, i:13), leaderCommit=10, initializing? false, entries: <empty>
2019-09-11 07:02:32,652 [java.util.concurrent.ThreadPoolExecutor$Worker@3775a19a[State = -1, empty queue]] WARN  server.GrpcLogAppender (GrpcLogAppender.java:timeoutAppendRequest(200)) - 69a71f03-bd49-4dcf-a91a-b858634f7ca8@group-6779B489C9A8->1a989eca-a026-4062-a574-e52a85f9a2a4-GrpcLogAppender: appendEntries Timeout, request=69a71f03-bd49-4dcf-a91a-b858634f7ca8->1a989eca-a026-4062-a574-e52a85f9a2a4#45-t1, previous=(t:1, i:13), leaderCommit=10, initializing? false, entries: <empty>
2019-09-11 07:02:32,896 [grpc-default-executor-2] INFO  client.GrpcClientProtocolClient (GrpcClientProtocolClient.java:onNext(264)) - client-8D786902D131->4bd4e05e-fa44-45f4-99bb-ac21c4078a41: receive RaftClientReply:client-8D786902D131->4bd4e05e-fa44-45f4-99bb-ac21c4078a41@group-6779B489C9A8, cid=41, FAILED org.apache.ratis.protocol.NotLeaderException: Server 4bd4e05e-fa44-45f4-99bb-ac21c4078a41@group-6779B489C9A8 is not the leader 69a71f03-bd49-4dcf-a91a-b858634f7ca8:192.168.34.12:43469, logIndex=0, commits[4bd4e05e-fa44-45f4-99bb-ac21c4078a41:c10, 69a71f03-bd49-4dcf-a91a-b858634f7ca8:c10, 1a989eca-a026-4062-a574-e52a85f9a2a4:c6]
2019-09-11 07:02:35,153 [java.util.concurrent.ThreadPoolExecutor$Worker@634444f[State = -1, empty queue]] WARN  server.GrpcLogAppender (GrpcLogAppender.java:timeoutAppendRequest(200)) - 69a71f03-bd49-4dcf-a91a-b858634f7ca8@group-6779B489C9A8->4bd4e05e-fa44-45f4-99bb-ac21c4078a41-GrpcLogAppender: appendEntries Timeout, request=69a71f03-bd49-4dcf-a91a-b858634f7ca8->4bd4e05e-fa44-45f4-99bb-ac21c4078a41#46-t1, previous=(t:1, i:13), leaderCommit=10, initializing? false, entries: <empty>
2019-09-11 07:02:35,153 [java.util.concurrent.ThreadPoolExecutor$Worker@3775a19a[State = -1, empty queue]] WARN  server.GrpcLogAppender (GrpcLogAppender.java:timeoutAppendRequest(200)) - 69a71f03-bd49-4dcf-a91a-b858634f7ca8@group-6779B489C9A8->1a989eca-a026-4062-a574-e52a85f9a2a4-GrpcLogAppender: appendEntries Timeout, request=69a71f03-bd49-4dcf-a91a-b858634f7ca8->1a989eca-a026-4062-a574-e52a85f9a2a4#46-t1, previous=(t:1, i:13), leaderCommit=10, initializing? false, entries: <empty>
2019-09-11 07:02:37,654 [java.util.concurrent.ThreadPoolExecutor$Worker@3775a19a[State = -1, empty queue]] WARN  server.GrpcLogAppender (GrpcLogAppender.java:timeoutAppendRequest(200)) - 69a71f03-bd49-4dcf-a91a-b858634f7ca8@group-6779B489C9A8->1a989eca-a026-4062-a574-e52a85f9a2a4-GrpcLogAppender: appendEntries Timeout, request=69a71f03-bd49-4dcf-a91a-b858634f7ca8->1a989eca-a026-4062-a574-e52a85f9a2a4#47-t1, previous=(t:1, i:13), leaderCommit=10, initializing? false, entries: <empty>
2019-09-11 07:02:37,654 [java.util.concurrent.ThreadPoolExecutor$Worker@634444f[State = -1, empty queue]] WARN  server.GrpcLogAppender (GrpcLogAppender.java:timeoutAppendRequest(200)) - 69a71f03-bd49-4dcf-a91a-b858634f7ca8@group-6779B489C9A8->4bd4e05e-fa44-45f4-99bb-ac21c4078a41-GrpcLogAppender: appendEntries Timeout, request=69a71f03-bd49-4dcf-a91a-b858634f7ca8->4bd4e05e-fa44-45f4-99bb-ac21c4078a41#47-t1, previous=(t:1, i:13), leaderCommit=10, initializing? false, entries: <empty>
2019-09-11 07:02:37,949 [grpc-default-executor-4] INFO  client.GrpcClientProtocolClient (GrpcClientProtocolClient.java:onNext(264)) - client-8D786902D131->1a989eca-a026-4062-a574-e52a85f9a2a4: receive RaftClientReply:client-8D786902D131->1a989eca-a026-4062-a574-e52a85f9a2a4@group-6779B489C9A8, cid=41, FAILED org.apache.ratis.protocol.NotLeaderException: Server 1a989eca-a026-4062-a574-e52a85f9a2a4@group-6779B489C9A8 is not the leader 69a71f03-bd49-4dcf-a91a-b858634f7ca8:192.168.34.12:43469, logIndex=0, commits[1a989eca-a026-4062-a574-e52a85f9a2a4:c10, 69a71f03-bd49-4dcf-a91a-b858634f7ca8:c10, 4bd4e05e-fa44-45f4-99bb-ac21c4078a41:c6]
2019-09-11 07:02:40,154 [java.util.concurrent.ThreadPoolExecutor$Worker@3775a19a[State = -1, empty queue]] WARN  server.GrpcLogAppender (GrpcLogAppender.java:timeoutAppendRequest(200)) - 69a71f03-bd49-4dcf-a91a-b858634f7ca8@group-6779B489C9A8->1a989eca-a026-4062-a574-e52a85f9a2a4-GrpcLogAppender: appendEntries Timeout, request=69a71f03-bd49-4dcf-a91a-b858634f7ca8->1a989eca-a026-4062-a574-e52a85f9a2a4#48-t1, previous=(t:1, i:13), leaderCommit=10, initializing? false, entries: <empty>
2019-09-11 07:02:40,154 [java.util.concurrent.ThreadPoolExecutor$Worker@634444f[State = -1, empty queue]] WARN  server.GrpcLogAppender (GrpcLogAppender.java:timeoutAppendRequest(200)) - 69a71f03-bd49-4dcf-a91a-b858634f7ca8@group-6779B489C9A8->4bd4e05e-fa44-45f4-99bb-ac21c4078a41-GrpcLogAppender: appendEntries Timeout, request=69a71f03-bd49-4dcf-a91a-b858634f7ca8->4bd4e05e-fa44-45f4-99bb-ac21c4078a41#48-t1, previous=(t:1, i:13), leaderCommit=10, initializing? false, entries: <empty>
2019-09-11 07:02:42,141 [69a71f03-bd49-4dcf-a91a-b858634f7ca8@group-6779B489C9A8-SegmentedRaftLogWorker] WARN  segmented.SegmentedRaftLogWorker (SegmentedRaftLogWorker.java:getFromFuture(90)) - Timeout 8/~
org.apache.ratis.protocol.TimeoutIOException: Timeout 10s: WriteLog:11: (t:1, i:11), STATEMACHINELOGENTRY, client-8D786902D131, cid=41-writeStateMachineData
	at org.apache.ratis.util.IOUtils.getFromFuture(IOUtils.java:87)
	at org.apache.ratis.server.raftlog.segmented.SegmentedRaftLogWorker$StateMachineDataPolicy.getFromFuture(SegmentedRaftLogWorker.java:87)
	at org.apache.ratis.server.raftlog.segmented.SegmentedRaftLogWorker$WriteLog.execute(SegmentedRaftLogWorker.java:477)
	at org.apache.ratis.server.raftlog.segmented.SegmentedRaftLogWorker.run(SegmentedRaftLogWorker.java:289)
	at java.lang.Thread.run(Thread.java:748)
Caused by: java.util.concurrent.TimeoutException
	at java.util.concurrent.CompletableFuture.timedGet(CompletableFuture.java:1771)
	at java.util.concurrent.CompletableFuture.get(CompletableFuture.java:1915)
	at org.apache.ratis.util.IOUtils.getFromFuture(IOUtils.java:79)
	... 4 more
2019-09-11 07:02:42,257 [1a989eca-a026-4062-a574-e52a85f9a2a4@group-6779B489C9A8-SegmentedRaftLogWorker] WARN  segmented.SegmentedRaftLogWorker (SegmentedRaftLogWorker.java:getFromFuture(90)) - Timeout 8/~
org.apache.ratis.protocol.TimeoutIOException: Timeout 10s: WriteLog:12: (t:1, i:12), STATEMACHINELOGENTRY, client-8D786902D131, cid=42-writeStateMachineData
	at org.apache.ratis.util.IOUtils.getFromFuture(IOUtils.java:87)
	at org.apache.ratis.server.raftlog.segmented.SegmentedRaftLogWorker$StateMachineDataPolicy.getFromFuture(SegmentedRaftLogWorker.java:87)
	at org.apache.ratis.server.raftlog.segmented.SegmentedRaftLogWorker$WriteLog.execute(SegmentedRaftLogWorker.java:477)
	at org.apache.ratis.server.raftlog.segmented.SegmentedRaftLogWorker.run(SegmentedRaftLogWorker.java:289)
	at java.lang.Thread.run(Thread.java:748)
Caused by: java.util.concurrent.TimeoutException
	at java.util.concurrent.CompletableFuture.timedGet(CompletableFuture.java:1771)
	at java.util.concurrent.CompletableFuture.get(CompletableFuture.java:1915)
	at org.apache.ratis.util.IOUtils.getFromFuture(IOUtils.java:79)
	... 4 more
2019-09-11 07:02:42,257 [4bd4e05e-fa44-45f4-99bb-ac21c4078a41@group-6779B489C9A8-SegmentedRaftLogWorker] WARN  segmented.SegmentedRaftLogWorker (SegmentedRaftLogWorker.java:getFromFuture(90)) - Timeout 8/~
org.apache.ratis.protocol.TimeoutIOException: Timeout 10s: WriteLog:12: (t:1, i:12), STATEMACHINELOGENTRY, client-8D786902D131, cid=42-writeStateMachineData
	at org.apache.ratis.util.IOUtils.getFromFuture(IOUtils.java:87)
	at org.apache.ratis.server.raftlog.segmented.SegmentedRaftLogWorker$StateMachineDataPolicy.getFromFuture(SegmentedRaftLogWorker.java:87)
	at org.apache.ratis.server.raftlog.segmented.SegmentedRaftLogWorker$WriteLog.execute(SegmentedRaftLogWorker.java:477)
	at org.apache.ratis.server.raftlog.segmented.SegmentedRaftLogWorker.run(SegmentedRaftLogWorker.java:289)
	at java.lang.Thread.run(Thread.java:748)
Caused by: java.util.concurrent.TimeoutException
	at java.util.concurrent.CompletableFuture.timedGet(CompletableFuture.java:1771)
	at java.util.concurrent.CompletableFuture.get(CompletableFuture.java:1915)
	at org.apache.ratis.util.IOUtils.getFromFuture(IOUtils.java:79)
	... 4 more
2019-09-11 07:02:42,655 [java.util.concurrent.ThreadPoolExecutor$Worker@634444f[State = -1, empty queue]] WARN  server.GrpcLogAppender (GrpcLogAppender.java:timeoutAppendRequest(200)) - 69a71f03-bd49-4dcf-a91a-b858634f7ca8@group-6779B489C9A8->4bd4e05e-fa44-45f4-99bb-ac21c4078a41-GrpcLogAppender: appendEntries Timeout, request=69a71f03-bd49-4dcf-a91a-b858634f7ca8->4bd4e05e-fa44-45f4-99bb-ac21c4078a41#49-t1, previous=(t:1, i:13), leaderCommit=10, initializing? false, entries: <empty>
2019-09-11 07:02:42,655 [java.util.concurrent.ThreadPoolExecutor$Worker@3775a19a[State = -1, empty queue]] WARN  server.GrpcLogAppender (GrpcLogAppender.java:timeoutAppendRequest(200)) - 69a71f03-bd49-4dcf-a91a-b858634f7ca8@group-6779B489C9A8->1a989eca-a026-4062-a574-e52a85f9a2a4-GrpcLogAppender: appendEntries Timeout, request=69a71f03-bd49-4dcf-a91a-b858634f7ca8->1a989eca-a026-4062-a574-e52a85f9a2a4#49-t1, previous=(t:1, i:13), leaderCommit=10, initializing? false, entries: <empty>
2019-09-11 07:02:42,994 [grpc-default-executor-4] INFO  client.GrpcClientProtocolClient (GrpcClientProtocolClient.java:onNext(264)) - client-8D786902D131->4bd4e05e-fa44-45f4-99bb-ac21c4078a41: receive RaftClientReply:client-8D786902D131->4bd4e05e-fa44-45f4-99bb-ac21c4078a41@group-6779B489C9A8, cid=41, FAILED org.apache.ratis.protocol.NotLeaderException: Server 4bd4e05e-fa44-45f4-99bb-ac21c4078a41@group-6779B489C9A8 is not the leader 69a71f03-bd49-4dcf-a91a-b858634f7ca8:192.168.34.12:43469, logIndex=0, commits[4bd4e05e-fa44-45f4-99bb-ac21c4078a41:c10, 69a71f03-bd49-4dcf-a91a-b858634f7ca8:c10, 1a989eca-a026-4062-a574-e52a85f9a2a4:c6]
2019-09-11 07:02:45,155 [java.util.concurrent.ThreadPoolExecutor$Worker@3775a19a[State = -1, empty queue]] WARN  server.GrpcLogAppender (GrpcLogAppender.java:timeoutAppendRequest(200)) - 69a71f03-bd49-4dcf-a91a-b858634f7ca8@group-6779B489C9A8->1a989eca-a026-4062-a574-e52a85f9a2a4-GrpcLogAppender: appendEntries Timeout, request=69a71f03-bd49-4dcf-a91a-b858634f7ca8->1a989eca-a026-4062-a574-e52a85f9a2a4#50-t1, previous=(t:1, i:13), leaderCommit=10, initializing? false, entries: <empty>
2019-09-11 07:02:45,155 [java.util.concurrent.ThreadPoolExecutor$Worker@634444f[State = -1, empty queue]] WARN  server.GrpcLogAppender (GrpcLogAppender.java:timeoutAppendRequest(200)) - 69a71f03-bd49-4dcf-a91a-b858634f7ca8@group-6779B489C9A8->4bd4e05e-fa44-45f4-99bb-ac21c4078a41-GrpcLogAppender: appendEntries Timeout, request=69a71f03-bd49-4dcf-a91a-b858634f7ca8->4bd4e05e-fa44-45f4-99bb-ac21c4078a41#50-t1, previous=(t:1, i:13), leaderCommit=10, initializing? false, entries: <empty>
2019-09-11 07:02:47,656 [java.util.concurrent.ThreadPoolExecutor$Worker@3775a19a[State = -1, empty queue]] WARN  server.GrpcLogAppender (GrpcLogAppender.java:timeoutAppendRequest(200)) - 69a71f03-bd49-4dcf-a91a-b858634f7ca8@group-6779B489C9A8->1a989eca-a026-4062-a574-e52a85f9a2a4-GrpcLogAppender: appendEntries Timeout, request=69a71f03-bd49-4dcf-a91a-b858634f7ca8->1a989eca-a026-4062-a574-e52a85f9a2a4#51-t1, previous=(t:1, i:13), leaderCommit=10, initializing? false, entries: <empty>
2019-09-11 07:02:47,656 [java.util.concurrent.ThreadPoolExecutor$Worker@634444f[State = -1, empty queue]] WARN  server.GrpcLogAppender (GrpcLogAppender.java:timeoutAppendRequest(200)) - 69a71f03-bd49-4dcf-a91a-b858634f7ca8@group-6779B489C9A8->4bd4e05e-fa44-45f4-99bb-ac21c4078a41-GrpcLogAppender: appendEntries Timeout, request=69a71f03-bd49-4dcf-a91a-b858634f7ca8->4bd4e05e-fa44-45f4-99bb-ac21c4078a41#51-t1, previous=(t:1, i:13), leaderCommit=10, initializing? false, entries: <empty>
2019-09-11 07:02:48,035 [grpc-default-executor-4] INFO  client.GrpcClientProtocolClient (GrpcClientProtocolClient.java:onNext(264)) - client-8D786902D131->1a989eca-a026-4062-a574-e52a85f9a2a4: receive RaftClientReply:client-8D786902D131->1a989eca-a026-4062-a574-e52a85f9a2a4@group-6779B489C9A8, cid=41, FAILED org.apache.ratis.protocol.NotLeaderException: Server 1a989eca-a026-4062-a574-e52a85f9a2a4@group-6779B489C9A8 is not the leader 69a71f03-bd49-4dcf-a91a-b858634f7ca8:192.168.34.12:43469, logIndex=0, commits[1a989eca-a026-4062-a574-e52a85f9a2a4:c10, 69a71f03-bd49-4dcf-a91a-b858634f7ca8:c10, 4bd4e05e-fa44-45f4-99bb-ac21c4078a41:c6]
2019-09-11 07:02:50,156 [java.util.concurrent.ThreadPoolExecutor$Worker@634444f[State = -1, empty queue]] WARN  server.GrpcLogAppender (GrpcLogAppender.java:timeoutAppendRequest(200)) - 69a71f03-bd49-4dcf-a91a-b858634f7ca8@group-6779B489C9A8->4bd4e05e-fa44-45f4-99bb-ac21c4078a41-GrpcLogAppender: appendEntries Timeout, request=69a71f03-bd49-4dcf-a91a-b858634f7ca8->4bd4e05e-fa44-45f4-99bb-ac21c4078a41#52-t1, previous=(t:1, i:13), leaderCommit=10, initializing? false, entries: <empty>
2019-09-11 07:02:50,156 [java.util.concurrent.ThreadPoolExecutor$Worker@3775a19a[State = -1, empty queue]] WARN  server.GrpcLogAppender (GrpcLogAppender.java:timeoutAppendRequest(200)) - 69a71f03-bd49-4dcf-a91a-b858634f7ca8@group-6779B489C9A8->1a989eca-a026-4062-a574-e52a85f9a2a4-GrpcLogAppender: appendEntries Timeout, request=69a71f03-bd49-4dcf-a91a-b858634f7ca8->1a989eca-a026-4062-a574-e52a85f9a2a4#52-t1, previous=(t:1, i:13), leaderCommit=10, initializing? false, entries: <empty>
2019-09-11 07:02:52,143 [69a71f03-bd49-4dcf-a91a-b858634f7ca8@group-6779B489C9A8-SegmentedRaftLogWorker] WARN  segmented.SegmentedRaftLogWorker (SegmentedRaftLogWorker.java:getFromFuture(90)) - Timeout 9/~
org.apache.ratis.protocol.TimeoutIOException: Timeout 10s: WriteLog:11: (t:1, i:11), STATEMACHINELOGENTRY, client-8D786902D131, cid=41-writeStateMachineData
	at org.apache.ratis.util.IOUtils.getFromFuture(IOUtils.java:87)
	at org.apache.ratis.server.raftlog.segmented.SegmentedRaftLogWorker$StateMachineDataPolicy.getFromFuture(SegmentedRaftLogWorker.java:87)
	at org.apache.ratis.server.raftlog.segmented.SegmentedRaftLogWorker$WriteLog.execute(SegmentedRaftLogWorker.java:477)
	at org.apache.ratis.server.raftlog.segmented.SegmentedRaftLogWorker.run(SegmentedRaftLogWorker.java:289)
	at java.lang.Thread.run(Thread.java:748)
Caused by: java.util.concurrent.TimeoutException
	at java.util.concurrent.CompletableFuture.timedGet(CompletableFuture.java:1771)
	at java.util.concurrent.CompletableFuture.get(CompletableFuture.java:1915)
	at org.apache.ratis.util.IOUtils.getFromFuture(IOUtils.java:79)
	... 4 more
2019-09-11 07:02:52,258 [1a989eca-a026-4062-a574-e52a85f9a2a4@group-6779B489C9A8-SegmentedRaftLogWorker] WARN  segmented.SegmentedRaftLogWorker (SegmentedRaftLogWorker.java:getFromFuture(90)) - Timeout 9/~
org.apache.ratis.protocol.TimeoutIOException: Timeout 10s: WriteLog:12: (t:1, i:12), STATEMACHINELOGENTRY, client-8D786902D131, cid=42-writeStateMachineData
	at org.apache.ratis.util.IOUtils.getFromFuture(IOUtils.java:87)
	at org.apache.ratis.server.raftlog.segmented.SegmentedRaftLogWorker$StateMachineDataPolicy.getFromFuture(SegmentedRaftLogWorker.java:87)
	at org.apache.ratis.server.raftlog.segmented.SegmentedRaftLogWorker$WriteLog.execute(SegmentedRaftLogWorker.java:477)
	at org.apache.ratis.server.raftlog.segmented.SegmentedRaftLogWorker.run(SegmentedRaftLogWorker.java:289)
	at java.lang.Thread.run(Thread.java:748)
Caused by: java.util.concurrent.TimeoutException
	at java.util.concurrent.CompletableFuture.timedGet(CompletableFuture.java:1771)
	at java.util.concurrent.CompletableFuture.get(CompletableFuture.java:1915)
	at org.apache.ratis.util.IOUtils.getFromFuture(IOUtils.java:79)
	... 4 more
2019-09-11 07:02:52,258 [4bd4e05e-fa44-45f4-99bb-ac21c4078a41@group-6779B489C9A8-SegmentedRaftLogWorker] WARN  segmented.SegmentedRaftLogWorker (SegmentedRaftLogWorker.java:getFromFuture(90)) - Timeout 9/~
org.apache.ratis.protocol.TimeoutIOException: Timeout 10s: WriteLog:12: (t:1, i:12), STATEMACHINELOGENTRY, client-8D786902D131, cid=42-writeStateMachineData
	at org.apache.ratis.util.IOUtils.getFromFuture(IOUtils.java:87)
	at org.apache.ratis.server.raftlog.segmented.SegmentedRaftLogWorker$StateMachineDataPolicy.getFromFuture(SegmentedRaftLogWorker.java:87)
	at org.apache.ratis.server.raftlog.segmented.SegmentedRaftLogWorker$WriteLog.execute(SegmentedRaftLogWorker.java:477)
	at org.apache.ratis.server.raftlog.segmented.SegmentedRaftLogWorker.run(SegmentedRaftLogWorker.java:289)
	at java.lang.Thread.run(Thread.java:748)
Caused by: java.util.concurrent.TimeoutException
	at java.util.concurrent.CompletableFuture.timedGet(CompletableFuture.java:1771)
	at java.util.concurrent.CompletableFuture.get(CompletableFuture.java:1915)
	at org.apache.ratis.util.IOUtils.getFromFuture(IOUtils.java:79)
	... 4 more
2019-09-11 07:02:52,657 [java.util.concurrent.ThreadPoolExecutor$Worker@634444f[State = -1, empty queue]] WARN  server.GrpcLogAppender (GrpcLogAppender.java:timeoutAppendRequest(200)) - 69a71f03-bd49-4dcf-a91a-b858634f7ca8@group-6779B489C9A8->4bd4e05e-fa44-45f4-99bb-ac21c4078a41-GrpcLogAppender: appendEntries Timeout, request=69a71f03-bd49-4dcf-a91a-b858634f7ca8->4bd4e05e-fa44-45f4-99bb-ac21c4078a41#53-t1, previous=(t:1, i:13), leaderCommit=10, initializing? false, entries: <empty>
2019-09-11 07:02:52,657 [java.util.concurrent.ThreadPoolExecutor$Worker@3775a19a[State = -1, empty queue]] WARN  server.GrpcLogAppender (GrpcLogAppender.java:timeoutAppendRequest(200)) - 69a71f03-bd49-4dcf-a91a-b858634f7ca8@group-6779B489C9A8->1a989eca-a026-4062-a574-e52a85f9a2a4-GrpcLogAppender: appendEntries Timeout, request=69a71f03-bd49-4dcf-a91a-b858634f7ca8->1a989eca-a026-4062-a574-e52a85f9a2a4#53-t1, previous=(t:1, i:13), leaderCommit=10, initializing? false, entries: <empty>
2019-09-11 07:02:53,079 [grpc-default-executor-4] INFO  client.GrpcClientProtocolClient (GrpcClientProtocolClient.java:onNext(264)) - client-8D786902D131->1a989eca-a026-4062-a574-e52a85f9a2a4: receive RaftClientReply:client-8D786902D131->1a989eca-a026-4062-a574-e52a85f9a2a4@group-6779B489C9A8, cid=41, FAILED org.apache.ratis.protocol.NotLeaderException: Server 1a989eca-a026-4062-a574-e52a85f9a2a4@group-6779B489C9A8 is not the leader 69a71f03-bd49-4dcf-a91a-b858634f7ca8:192.168.34.12:43469, logIndex=0, commits[1a989eca-a026-4062-a574-e52a85f9a2a4:c10, 69a71f03-bd49-4dcf-a91a-b858634f7ca8:c10, 4bd4e05e-fa44-45f4-99bb-ac21c4078a41:c6]
2019-09-11 07:02:54,569 [ReplicationMonitor] INFO  container.ReplicationManager (ReplicationManager.java:forceCloseContainer(464)) - Force closing container #1 with BCSID 4, which is in QUASI_CLOSED state.
2019-09-11 07:02:54,572 [ReplicationMonitor] INFO  container.ReplicationManager (ReplicationManager.java:sendCloseCommand(659)) - Sending close container command for container #1 to datanode 69a71f03-bd49-4dcf-a91a-b858634f7ca8{ip: 192.168.34.12, host: pr-hdds-2106-8t9qr-763259812, networkLocation: /default-rack, certSerialId: null}.
2019-09-11 07:02:54,572 [ReplicationMonitor] INFO  container.ReplicationManager (ReplicationManager.java:sendCloseCommand(659)) - Sending close container command for container #1 to datanode 1a989eca-a026-4062-a574-e52a85f9a2a4{ip: 192.168.34.12, host: pr-hdds-2106-8t9qr-763259812, networkLocation: /default-rack, certSerialId: null}.
2019-09-11 07:02:54,572 [ReplicationMonitor] INFO  container.ReplicationManager (ReplicationManager.java:sendCloseCommand(659)) - Sending close container command for container #1 to datanode 4bd4e05e-fa44-45f4-99bb-ac21c4078a41{ip: 192.168.34.12, host: pr-hdds-2106-8t9qr-763259812, networkLocation: /default-rack, certSerialId: null}.
2019-09-11 07:02:54,573 [ReplicationMonitor] INFO  container.ReplicationManager (ReplicationManager.java:forceCloseContainer(464)) - Force closing container #2 with BCSID 0, which is in QUASI_CLOSED state.
2019-09-11 07:02:54,573 [ReplicationMonitor] INFO  container.ReplicationManager (ReplicationManager.java:sendCloseCommand(659)) - Sending close container command for container #2 to datanode 69a71f03-bd49-4dcf-a91a-b858634f7ca8{ip: 192.168.34.12, host: pr-hdds-2106-8t9qr-763259812, networkLocation: /default-rack, certSerialId: null}.
2019-09-11 07:02:54,573 [ReplicationMonitor] INFO  container.ReplicationManager (ReplicationManager.java:sendCloseCommand(659)) - Sending close container command for container #2 to datanode 1a989eca-a026-4062-a574-e52a85f9a2a4{ip: 192.168.34.12, host: pr-hdds-2106-8t9qr-763259812, networkLocation: /default-rack, certSerialId: null}.
2019-09-11 07:02:54,574 [ReplicationMonitor] INFO  container.ReplicationManager (ReplicationManager.java:sendCloseCommand(659)) - Sending close container command for container #2 to datanode 4bd4e05e-fa44-45f4-99bb-ac21c4078a41{ip: 192.168.34.12, host: pr-hdds-2106-8t9qr-763259812, networkLocation: /default-rack, certSerialId: null}.
2019-09-11 07:02:54,574 [ReplicationMonitor] INFO  container.ReplicationManager (ReplicationManager.java:run(225)) - Replication Monitor Thread took 14 milliseconds for processing 4 containers.
2019-09-11 07:02:55,157 [java.util.concurrent.ThreadPoolExecutor$Worker@634444f[State = -1, empty queue]] WARN  server.GrpcLogAppender (GrpcLogAppender.java:timeoutAppendRequest(200)) - 69a71f03-bd49-4dcf-a91a-b858634f7ca8@group-6779B489C9A8->4bd4e05e-fa44-45f4-99bb-ac21c4078a41-GrpcLogAppender: appendEntries Timeout, request=69a71f03-bd49-4dcf-a91a-b858634f7ca8->4bd4e05e-fa44-45f4-99bb-ac21c4078a41#54-t1, previous=(t:1, i:13), leaderCommit=10, initializing? false, entries: <empty>
2019-09-11 07:02:55,157 [java.util.concurrent.ThreadPoolExecutor$Worker@3775a19a[State = -1, empty queue]] WARN  server.GrpcLogAppender (GrpcLogAppender.java:timeoutAppendRequest(200)) - 69a71f03-bd49-4dcf-a91a-b858634f7ca8@group-6779B489C9A8->1a989eca-a026-4062-a574-e52a85f9a2a4-GrpcLogAppender: appendEntries Timeout, request=69a71f03-bd49-4dcf-a91a-b858634f7ca8->1a989eca-a026-4062-a574-e52a85f9a2a4#54-t1, previous=(t:1, i:13), leaderCommit=10, initializing? false, entries: <empty>
2019-09-11 07:02:56,262 [Command processor thread] INFO  interfaces.Container (KeyValueContainer.java:flushAndSyncDB(386)) - Container 1 is synced with bcsId 4.
2019-09-11 07:02:56,265 [Command processor thread] INFO  interfaces.Container (KeyValueContainer.java:flushAndSyncDB(386)) - Container 1 is synced with bcsId 4.
2019-09-11 07:02:56,283 [Command processor thread] INFO  interfaces.Container (KeyValueContainer.java:close(335)) - Container 1 is closed with bcsId 4.
2019-09-11 07:02:56,283 [Command processor thread] INFO  interfaces.Container (KeyValueContainer.java:flushAndSyncDB(386)) - Container 2 is synced with bcsId 0.
2019-09-11 07:02:56,283 [Command processor thread] INFO  interfaces.Container (KeyValueContainer.java:flushAndSyncDB(386)) - Container 2 is synced with bcsId 0.
2019-09-11 07:02:56,284 [EventQueue-IncrementalContainerReportForIncrementalContainerReportHandler] INFO  container.IncrementalContainerReportHandler (AbstractContainerReportHandler.java:updateContainerState(202)) - Moving container #1 to CLOSED state, datanode 1a989eca-a026-4062-a574-e52a85f9a2a4{ip: 192.168.34.12, host: pr-hdds-2106-8t9qr-763259812, networkLocation: /default-rack, certSerialId: null} reported CLOSED replica.
2019-09-11 07:02:56,298 [Command processor thread] INFO  interfaces.Container (KeyValueContainer.java:close(335)) - Container 2 is closed with bcsId 0.
2019-09-11 07:02:56,299 [EventQueue-IncrementalContainerReportForIncrementalContainerReportHandler] INFO  container.IncrementalContainerReportHandler (AbstractContainerReportHandler.java:updateContainerState(202)) - Moving container #2 to CLOSED state, datanode 1a989eca-a026-4062-a574-e52a85f9a2a4{ip: 192.168.34.12, host: pr-hdds-2106-8t9qr-763259812, networkLocation: /default-rack, certSerialId: null} reported CLOSED replica.
2019-09-11 07:02:57,254 [Command processor thread] INFO  interfaces.Container (KeyValueContainer.java:flushAndSyncDB(386)) - Container 1 is synced with bcsId 4.
2019-09-11 07:02:57,254 [Command processor thread] INFO  interfaces.Container (KeyValueContainer.java:flushAndSyncDB(386)) - Container 1 is synced with bcsId 4.
2019-09-11 07:02:57,260 [Command processor thread] INFO  interfaces.Container (KeyValueContainer.java:flushAndSyncDB(386)) - Container 1 is synced with bcsId 4.
2019-09-11 07:02:57,261 [Command processor thread] INFO  interfaces.Container (KeyValueContainer.java:flushAndSyncDB(386)) - Container 1 is synced with bcsId 4.
2019-09-11 07:02:57,270 [Command processor thread] INFO  interfaces.Container (KeyValueContainer.java:close(335)) - Container 1 is closed with bcsId 4.
2019-09-11 07:02:57,270 [Command processor thread] INFO  interfaces.Container (KeyValueContainer.java:close(335)) - Container 1 is closed with bcsId 4.
2019-09-11 07:02:57,271 [Command processor thread] INFO  interfaces.Container (KeyValueContainer.java:flushAndSyncDB(386)) - Container 2 is synced with bcsId 0.
2019-09-11 07:02:57,271 [Command processor thread] INFO  interfaces.Container (KeyValueContainer.java:flushAndSyncDB(386)) - Container 2 is synced with bcsId 0.
2019-09-11 07:02:57,271 [Command processor thread] INFO  interfaces.Container (KeyValueContainer.java:flushAndSyncDB(386)) - Container 2 is synced with bcsId 0.
2019-09-11 07:02:57,271 [Command processor thread] INFO  interfaces.Container (KeyValueContainer.java:flushAndSyncDB(386)) - Container 2 is synced with bcsId 0.
2019-09-11 07:02:57,285 [Command processor thread] INFO  interfaces.Container (KeyValueContainer.java:close(335)) - Container 2 is closed with bcsId 0.
2019-09-11 07:02:57,285 [Command processor thread] INFO  interfaces.Container (KeyValueContainer.java:close(335)) - Container 2 is closed with bcsId 0.
2019-09-11 07:02:57,657 [java.util.concurrent.ThreadPoolExecutor$Worker@634444f[State = -1, empty queue]] WARN  server.GrpcLogAppender (GrpcLogAppender.java:timeoutAppendRequest(200)) - 69a71f03-bd49-4dcf-a91a-b858634f7ca8@group-6779B489C9A8->4bd4e05e-fa44-45f4-99bb-ac21c4078a41-GrpcLogAppender: appendEntries Timeout, request=69a71f03-bd49-4dcf-a91a-b858634f7ca8->4bd4e05e-fa44-45f4-99bb-ac21c4078a41#55-t1, previous=(t:1, i:13), leaderCommit=10, initializing? false, entries: <empty>
2019-09-11 07:02:57,657 [java.util.concurrent.ThreadPoolExecutor$Worker@3775a19a[State = -1, empty queue]] WARN  server.GrpcLogAppender (GrpcLogAppender.java:timeoutAppendRequest(200)) - 69a71f03-bd49-4dcf-a91a-b858634f7ca8@group-6779B489C9A8->1a989eca-a026-4062-a574-e52a85f9a2a4-GrpcLogAppender: appendEntries Timeout, request=69a71f03-bd49-4dcf-a91a-b858634f7ca8->1a989eca-a026-4062-a574-e52a85f9a2a4#55-t1, previous=(t:1, i:13), leaderCommit=10, initializing? false, entries: <empty>
2019-09-11 07:02:58,125 [grpc-default-executor-2] INFO  client.GrpcClientProtocolClient (GrpcClientProtocolClient.java:onNext(264)) - client-8D786902D131->4bd4e05e-fa44-45f4-99bb-ac21c4078a41: receive RaftClientReply:client-8D786902D131->4bd4e05e-fa44-45f4-99bb-ac21c4078a41@group-6779B489C9A8, cid=41, FAILED org.apache.ratis.protocol.NotLeaderException: Server 4bd4e05e-fa44-45f4-99bb-ac21c4078a41@group-6779B489C9A8 is not the leader 69a71f03-bd49-4dcf-a91a-b858634f7ca8:192.168.34.12:43469, logIndex=0, commits[4bd4e05e-fa44-45f4-99bb-ac21c4078a41:c10, 69a71f03-bd49-4dcf-a91a-b858634f7ca8:c10, 1a989eca-a026-4062-a574-e52a85f9a2a4:c6]
2019-09-11 07:02:58,143 [grpc-default-worker-ELG-3-4] WARN  nio.NioEventLoop (NioEventLoop.java:select(786)) - Selector.select() returned prematurely {} times in a row; rebuilding Selector {}.
2019-09-11 07:02:58,143 [grpc-default-worker-ELG-3-4] INFO  nio.NioEventLoop (NioEventLoop.java:rebuildSelector0(396)) - Migrated 4 channel(s) to the new Selector.
2019-09-11 07:03:00,158 [java.util.concurrent.ThreadPoolExecutor$Worker@634444f[State = -1, empty queue]] WARN  server.GrpcLogAppender (GrpcLogAppender.java:timeoutAppendRequest(200)) - 69a71f03-bd49-4dcf-a91a-b858634f7ca8@group-6779B489C9A8->4bd4e05e-fa44-45f4-99bb-ac21c4078a41-GrpcLogAppender: appendEntries Timeout, request=69a71f03-bd49-4dcf-a91a-b858634f7ca8->4bd4e05e-fa44-45f4-99bb-ac21c4078a41#56-t1, previous=(t:1, i:13), leaderCommit=10, initializing? false, entries: <empty>
2019-09-11 07:03:00,158 [java.util.concurrent.ThreadPoolExecutor$Worker@3775a19a[State = -1, empty queue]] WARN  server.GrpcLogAppender (GrpcLogAppender.java:timeoutAppendRequest(200)) - 69a71f03-bd49-4dcf-a91a-b858634f7ca8@group-6779B489C9A8->1a989eca-a026-4062-a574-e52a85f9a2a4-GrpcLogAppender: appendEntries Timeout, request=69a71f03-bd49-4dcf-a91a-b858634f7ca8->1a989eca-a026-4062-a574-e52a85f9a2a4#56-t1, previous=(t:1, i:13), leaderCommit=10, initializing? false, entries: <empty>
2019-09-11 07:03:02,144 [69a71f03-bd49-4dcf-a91a-b858634f7ca8@group-6779B489C9A8-SegmentedRaftLogWorker] WARN  segmented.SegmentedRaftLogWorker (SegmentedRaftLogWorker.java:getFromFuture(90)) - Timeout 10/~
org.apache.ratis.protocol.TimeoutIOException: Timeout 10s: WriteLog:11: (t:1, i:11), STATEMACHINELOGENTRY, client-8D786902D131, cid=41-writeStateMachineData
	at org.apache.ratis.util.IOUtils.getFromFuture(IOUtils.java:87)
	at org.apache.ratis.server.raftlog.segmented.SegmentedRaftLogWorker$StateMachineDataPolicy.getFromFuture(SegmentedRaftLogWorker.java:87)
	at org.apache.ratis.server.raftlog.segmented.SegmentedRaftLogWorker$WriteLog.execute(SegmentedRaftLogWorker.java:477)
	at org.apache.ratis.server.raftlog.segmented.SegmentedRaftLogWorker.run(SegmentedRaftLogWorker.java:289)
	at java.lang.Thread.run(Thread.java:748)
Caused by: java.util.concurrent.TimeoutException
	at java.util.concurrent.CompletableFuture.timedGet(CompletableFuture.java:1771)
	at java.util.concurrent.CompletableFuture.get(CompletableFuture.java:1915)
	at org.apache.ratis.util.IOUtils.getFromFuture(IOUtils.java:79)
	... 4 more
2019-09-11 07:03:02,258 [1a989eca-a026-4062-a574-e52a85f9a2a4@group-6779B489C9A8-SegmentedRaftLogWorker] WARN  segmented.SegmentedRaftLogWorker (SegmentedRaftLogWorker.java:getFromFuture(90)) - Timeout 10/~
org.apache.ratis.protocol.TimeoutIOException: Timeout 10s: WriteLog:12: (t:1, i:12), STATEMACHINELOGENTRY, client-8D786902D131, cid=42-writeStateMachineData
	at org.apache.ratis.util.IOUtils.getFromFuture(IOUtils.java:87)
	at org.apache.ratis.server.raftlog.segmented.SegmentedRaftLogWorker$StateMachineDataPolicy.getFromFuture(SegmentedRaftLogWorker.java:87)
	at org.apache.ratis.server.raftlog.segmented.SegmentedRaftLogWorker$WriteLog.execute(SegmentedRaftLogWorker.java:477)
	at org.apache.ratis.server.raftlog.segmented.SegmentedRaftLogWorker.run(SegmentedRaftLogWorker.java:289)
	at java.lang.Thread.run(Thread.java:748)
Caused by: java.util.concurrent.TimeoutException
	at java.util.concurrent.CompletableFuture.timedGet(CompletableFuture.java:1771)
	at java.util.concurrent.CompletableFuture.get(CompletableFuture.java:1915)
	at org.apache.ratis.util.IOUtils.getFromFuture(IOUtils.java:79)
	... 4 more
2019-09-11 07:03:02,259 [4bd4e05e-fa44-45f4-99bb-ac21c4078a41@group-6779B489C9A8-SegmentedRaftLogWorker] WARN  segmented.SegmentedRaftLogWorker (SegmentedRaftLogWorker.java:getFromFuture(90)) - Timeout 10/~
org.apache.ratis.protocol.TimeoutIOException: Timeout 10s: WriteLog:12: (t:1, i:12), STATEMACHINELOGENTRY, client-8D786902D131, cid=42-writeStateMachineData
	at org.apache.ratis.util.IOUtils.getFromFuture(IOUtils.java:87)
	at org.apache.ratis.server.raftlog.segmented.SegmentedRaftLogWorker$StateMachineDataPolicy.getFromFuture(SegmentedRaftLogWorker.java:87)
	at org.apache.ratis.server.raftlog.segmented.SegmentedRaftLogWorker$WriteLog.execute(SegmentedRaftLogWorker.java:477)
	at org.apache.ratis.server.raftlog.segmented.SegmentedRaftLogWorker.run(SegmentedRaftLogWorker.java:289)
	at java.lang.Thread.run(Thread.java:748)
Caused by: java.util.concurrent.TimeoutException
	at java.util.concurrent.CompletableFuture.timedGet(CompletableFuture.java:1771)
	at java.util.concurrent.CompletableFuture.get(CompletableFuture.java:1915)
	at org.apache.ratis.util.IOUtils.getFromFuture(IOUtils.java:79)
	... 4 more
2019-09-11 07:03:02,658 [java.util.concurrent.ThreadPoolExecutor$Worker@3775a19a[State = -1, empty queue]] WARN  server.GrpcLogAppender (GrpcLogAppender.java:timeoutAppendRequest(200)) - 69a71f03-bd49-4dcf-a91a-b858634f7ca8@group-6779B489C9A8->1a989eca-a026-4062-a574-e52a85f9a2a4-GrpcLogAppender: appendEntries Timeout, request=69a71f03-bd49-4dcf-a91a-b858634f7ca8->1a989eca-a026-4062-a574-e52a85f9a2a4#57-t1, previous=(t:1, i:13), leaderCommit=10, initializing? false, entries: <empty>
2019-09-11 07:03:02,658 [java.util.concurrent.ThreadPoolExecutor$Worker@634444f[State = -1, empty queue]] WARN  server.GrpcLogAppender (GrpcLogAppender.java:timeoutAppendRequest(200)) - 69a71f03-bd49-4dcf-a91a-b858634f7ca8@group-6779B489C9A8->4bd4e05e-fa44-45f4-99bb-ac21c4078a41-GrpcLogAppender: appendEntries Timeout, request=69a71f03-bd49-4dcf-a91a-b858634f7ca8->4bd4e05e-fa44-45f4-99bb-ac21c4078a41#57-t1, previous=(t:1, i:13), leaderCommit=10, initializing? false, entries: <empty>
2019-09-11 07:03:03,180 [grpc-default-executor-2] INFO  client.GrpcClientProtocolClient (GrpcClientProtocolClient.java:onNext(264)) - client-8D786902D131->1a989eca-a026-4062-a574-e52a85f9a2a4: receive RaftClientReply:client-8D786902D131->1a989eca-a026-4062-a574-e52a85f9a2a4@group-6779B489C9A8, cid=41, FAILED org.apache.ratis.protocol.NotLeaderException: Server 1a989eca-a026-4062-a574-e52a85f9a2a4@group-6779B489C9A8 is not the leader 69a71f03-bd49-4dcf-a91a-b858634f7ca8:192.168.34.12:43469, logIndex=0, commits[1a989eca-a026-4062-a574-e52a85f9a2a4:c10, 69a71f03-bd49-4dcf-a91a-b858634f7ca8:c10, 4bd4e05e-fa44-45f4-99bb-ac21c4078a41:c6]
2019-09-11 07:03:05,164 [java.util.concurrent.ThreadPoolExecutor$Worker@3775a19a[State = -1, empty queue]] WARN  server.GrpcLogAppender (GrpcLogAppender.java:timeoutAppendRequest(200)) - 69a71f03-bd49-4dcf-a91a-b858634f7ca8@group-6779B489C9A8->1a989eca-a026-4062-a574-e52a85f9a2a4-GrpcLogAppender: appendEntries Timeout, request=69a71f03-bd49-4dcf-a91a-b858634f7ca8->1a989eca-a026-4062-a574-e52a85f9a2a4#58-t1, previous=(t:1, i:13), leaderCommit=10, initializing? false, entries: <empty>
2019-09-11 07:03:05,164 [java.util.concurrent.ThreadPoolExecutor$Worker@634444f[State = -1, empty queue]] WARN  server.GrpcLogAppender (GrpcLogAppender.java:timeoutAppendRequest(200)) - 69a71f03-bd49-4dcf-a91a-b858634f7ca8@group-6779B489C9A8->4bd4e05e-fa44-45f4-99bb-ac21c4078a41-GrpcLogAppender: appendEntries Timeout, request=69a71f03-bd49-4dcf-a91a-b858634f7ca8->4bd4e05e-fa44-45f4-99bb-ac21c4078a41#58-t1, previous=(t:1, i:13), leaderCommit=10, initializing? false, entries: <empty>
2019-09-11 07:03:07,664 [java.util.concurrent.ThreadPoolExecutor$Worker@3775a19a[State = -1, empty queue]] WARN  server.GrpcLogAppender (GrpcLogAppender.java:timeoutAppendRequest(200)) - 69a71f03-bd49-4dcf-a91a-b858634f7ca8@group-6779B489C9A8->1a989eca-a026-4062-a574-e52a85f9a2a4-GrpcLogAppender: appendEntries Timeout, request=69a71f03-bd49-4dcf-a91a-b858634f7ca8->1a989eca-a026-4062-a574-e52a85f9a2a4#59-t1, previous=(t:1, i:13), leaderCommit=10, initializing? false, entries: <empty>
2019-09-11 07:03:07,664 [java.util.concurrent.ThreadPoolExecutor$Worker@634444f[State = -1, empty queue]] WARN  server.GrpcLogAppender (GrpcLogAppender.java:timeoutAppendRequest(200)) - 69a71f03-bd49-4dcf-a91a-b858634f7ca8@group-6779B489C9A8->4bd4e05e-fa44-45f4-99bb-ac21c4078a41-GrpcLogAppender: appendEntries Timeout, request=69a71f03-bd49-4dcf-a91a-b858634f7ca8->4bd4e05e-fa44-45f4-99bb-ac21c4078a41#59-t1, previous=(t:1, i:13), leaderCommit=10, initializing? false, entries: <empty>
2019-09-11 07:03:08,224 [grpc-default-executor-2] INFO  client.GrpcClientProtocolClient (GrpcClientProtocolClient.java:onNext(264)) - client-8D786902D131->1a989eca-a026-4062-a574-e52a85f9a2a4: receive RaftClientReply:client-8D786902D131->1a989eca-a026-4062-a574-e52a85f9a2a4@group-6779B489C9A8, cid=41, FAILED org.apache.ratis.protocol.NotLeaderException: Server 1a989eca-a026-4062-a574-e52a85f9a2a4@group-6779B489C9A8 is not the leader 69a71f03-bd49-4dcf-a91a-b858634f7ca8:192.168.34.12:43469, logIndex=0, commits[1a989eca-a026-4062-a574-e52a85f9a2a4:c10, 69a71f03-bd49-4dcf-a91a-b858634f7ca8:c10, 4bd4e05e-fa44-45f4-99bb-ac21c4078a41:c6]
2019-09-11 07:03:10,166 [java.util.concurrent.ThreadPoolExecutor$Worker@634444f[State = -1, empty queue]] WARN  server.GrpcLogAppender (GrpcLogAppender.java:timeoutAppendRequest(200)) - 69a71f03-bd49-4dcf-a91a-b858634f7ca8@group-6779B489C9A8->4bd4e05e-fa44-45f4-99bb-ac21c4078a41-GrpcLogAppender: appendEntries Timeout, request=69a71f03-bd49-4dcf-a91a-b858634f7ca8->4bd4e05e-fa44-45f4-99bb-ac21c4078a41#60-t1, previous=(t:1, i:13), leaderCommit=10, initializing? false, entries: <empty>
2019-09-11 07:03:10,166 [java.util.concurrent.ThreadPoolExecutor$Worker@3775a19a[State = -1, empty queue]] WARN  server.GrpcLogAppender (GrpcLogAppender.java:timeoutAppendRequest(200)) - 69a71f03-bd49-4dcf-a91a-b858634f7ca8@group-6779B489C9A8->1a989eca-a026-4062-a574-e52a85f9a2a4-GrpcLogAppender: appendEntries Timeout, request=69a71f03-bd49-4dcf-a91a-b858634f7ca8->1a989eca-a026-4062-a574-e52a85f9a2a4#60-t1, previous=(t:1, i:13), leaderCommit=10, initializing? false, entries: <empty>
2019-09-11 07:03:12,150 [69a71f03-bd49-4dcf-a91a-b858634f7ca8@group-6779B489C9A8-SegmentedRaftLogWorker] WARN  segmented.SegmentedRaftLogWorker (SegmentedRaftLogWorker.java:getFromFuture(90)) - Timeout 11/~
org.apache.ratis.protocol.TimeoutIOException: Timeout 10s: WriteLog:11: (t:1, i:11), STATEMACHINELOGENTRY, client-8D786902D131, cid=41-writeStateMachineData
	at org.apache.ratis.util.IOUtils.getFromFuture(IOUtils.java:87)
	at org.apache.ratis.server.raftlog.segmented.SegmentedRaftLogWorker$StateMachineDataPolicy.getFromFuture(SegmentedRaftLogWorker.java:87)
	at org.apache.ratis.server.raftlog.segmented.SegmentedRaftLogWorker$WriteLog.execute(SegmentedRaftLogWorker.java:477)
	at org.apache.ratis.server.raftlog.segmented.SegmentedRaftLogWorker.run(SegmentedRaftLogWorker.java:289)
	at java.lang.Thread.run(Thread.java:748)
Caused by: java.util.concurrent.TimeoutException
	at java.util.concurrent.CompletableFuture.timedGet(CompletableFuture.java:1771)
	at java.util.concurrent.CompletableFuture.get(CompletableFuture.java:1915)
	at org.apache.ratis.util.IOUtils.getFromFuture(IOUtils.java:79)
	... 4 more
2019-09-11 07:03:12,167 [org.apache.ratis.server.impl.LogAppender$AppenderDaemon$$Lambda$511/1624611919@516e5a75] ERROR ratis.XceiverServerRatis (XceiverServerRatis.java:triggerPipelineClose(568)) - pipeline Action CLOSE  on pipeline PipelineID=b5146873-3458-472b-a3c0-6779b489c9a8.Reason : 69a71f03-bd49-4dcf-a91a-b858634f7ca8 has not seen follower/s 4bd4e05e-fa44-45f4-99bb-ac21c4078a41 for 120182ms 1a989eca-a026-4062-a574-e52a85f9a2a4 for 120182ms
2019-09-11 07:03:12,167 [org.apache.ratis.server.impl.LogAppender$AppenderDaemon$$Lambda$511/1624611919@6a2e7679] ERROR ratis.XceiverServerRatis (XceiverServerRatis.java:triggerPipelineClose(568)) - pipeline Action CLOSE  on pipeline PipelineID=b5146873-3458-472b-a3c0-6779b489c9a8.Reason : 69a71f03-bd49-4dcf-a91a-b858634f7ca8 has not seen follower/s 4bd4e05e-fa44-45f4-99bb-ac21c4078a41 for 120182ms 1a989eca-a026-4062-a574-e52a85f9a2a4 for 120182ms
2019-09-11 07:03:12,259 [1a989eca-a026-4062-a574-e52a85f9a2a4@group-6779B489C9A8-SegmentedRaftLogWorker] WARN  segmented.SegmentedRaftLogWorker (SegmentedRaftLogWorker.java:getFromFuture(90)) - Timeout 11/~
org.apache.ratis.protocol.TimeoutIOException: Timeout 10s: WriteLog:12: (t:1, i:12), STATEMACHINELOGENTRY, client-8D786902D131, cid=42-writeStateMachineData
	at org.apache.ratis.util.IOUtils.getFromFuture(IOUtils.java:87)
	at org.apache.ratis.server.raftlog.segmented.SegmentedRaftLogWorker$StateMachineDataPolicy.getFromFuture(SegmentedRaftLogWorker.java:87)
	at org.apache.ratis.server.raftlog.segmented.SegmentedRaftLogWorker$WriteLog.execute(SegmentedRaftLogWorker.java:477)
	at org.apache.ratis.server.raftlog.segmented.SegmentedRaftLogWorker.run(SegmentedRaftLogWorker.java:289)
	at java.lang.Thread.run(Thread.java:748)
Caused by: java.util.concurrent.TimeoutException
	at java.util.concurrent.CompletableFuture.timedGet(CompletableFuture.java:1771)
	at java.util.concurrent.CompletableFuture.get(CompletableFuture.java:1915)
	at org.apache.ratis.util.IOUtils.getFromFuture(IOUtils.java:79)
	... 4 more
2019-09-11 07:03:12,260 [4bd4e05e-fa44-45f4-99bb-ac21c4078a41@group-6779B489C9A8-SegmentedRaftLogWorker] WARN  segmented.SegmentedRaftLogWorker (SegmentedRaftLogWorker.java:getFromFuture(90)) - Timeout 11/~
org.apache.ratis.protocol.TimeoutIOException: Timeout 10s: WriteLog:12: (t:1, i:12), STATEMACHINELOGENTRY, client-8D786902D131, cid=42-writeStateMachineData
	at org.apache.ratis.util.IOUtils.getFromFuture(IOUtils.java:87)
	at org.apache.ratis.server.raftlog.segmented.SegmentedRaftLogWorker$StateMachineDataPolicy.getFromFuture(SegmentedRaftLogWorker.java:87)
	at org.apache.ratis.server.raftlog.segmented.SegmentedRaftLogWorker$WriteLog.execute(SegmentedRaftLogWorker.java:477)
	at org.apache.ratis.server.raftlog.segmented.SegmentedRaftLogWorker.run(SegmentedRaftLogWorker.java:289)
	at java.lang.Thread.run(Thread.java:748)
Caused by: java.util.concurrent.TimeoutException
	at java.util.concurrent.CompletableFuture.timedGet(CompletableFuture.java:1771)
	at java.util.concurrent.CompletableFuture.get(CompletableFuture.java:1915)
	at org.apache.ratis.util.IOUtils.getFromFuture(IOUtils.java:79)
	... 4 more
2019-09-11 07:03:12,291 [EventQueue-PipelineActionsForPipelineActionHandler] ERROR pipeline.PipelineActionHandler (PipelineActionHandler.java:onMessage(60)) - Received pipeline action CLOSE for Pipeline[ Id: b5146873-3458-472b-a3c0-6779b489c9a8, Nodes: 1a989eca-a026-4062-a574-e52a85f9a2a4{ip: 192.168.34.12, host: pr-hdds-2106-8t9qr-763259812, networkLocation: /default-rack, certSerialId: null}4bd4e05e-fa44-45f4-99bb-ac21c4078a41{ip: 192.168.34.12, host: pr-hdds-2106-8t9qr-763259812, networkLocation: /default-rack, certSerialId: null}69a71f03-bd49-4dcf-a91a-b858634f7ca8{ip: 192.168.34.12, host: pr-hdds-2106-8t9qr-763259812, networkLocation: /default-rack, certSerialId: null}, Type:RATIS, Factor:THREE, State:OPEN] from datanode 69a71f03-bd49-4dcf-a91a-b858634f7ca8{ip: 192.168.34.12, host: pr-hdds-2106-8t9qr-763259812, networkLocation: /default-rack, certSerialId: null}. Reason : 69a71f03-bd49-4dcf-a91a-b858634f7ca8 has not seen follower/s 4bd4e05e-fa44-45f4-99bb-ac21c4078a41 for 120182ms 1a989eca-a026-4062-a574-e52a85f9a2a4 for 120182ms
2019-09-11 07:03:12,292 [EventQueue-PipelineActionsForPipelineActionHandler] INFO  pipeline.SCMPipelineManager (SCMPipelineManager.java:finalizeAndDestroyPipeline(311)) - destroying pipeline:Pipeline[ Id: b5146873-3458-472b-a3c0-6779b489c9a8, Nodes: 1a989eca-a026-4062-a574-e52a85f9a2a4{ip: 192.168.34.12, host: pr-hdds-2106-8t9qr-763259812, networkLocation: /default-rack, certSerialId: null}4bd4e05e-fa44-45f4-99bb-ac21c4078a41{ip: 192.168.34.12, host: pr-hdds-2106-8t9qr-763259812, networkLocation: /default-rack, certSerialId: null}69a71f03-bd49-4dcf-a91a-b858634f7ca8{ip: 192.168.34.12, host: pr-hdds-2106-8t9qr-763259812, networkLocation: /default-rack, certSerialId: null}, Type:RATIS, Factor:THREE, State:OPEN]
2019-09-11 07:03:12,292 [EventQueue-PipelineActionsForPipelineActionHandler] INFO  pipeline.PipelineStateManager (PipelineStateManager.java:finalizePipeline(123)) - Pipeline Pipeline[ Id: b5146873-3458-472b-a3c0-6779b489c9a8, Nodes: 1a989eca-a026-4062-a574-e52a85f9a2a4{ip: 192.168.34.12, host: pr-hdds-2106-8t9qr-763259812, networkLocation: /default-rack, certSerialId: null}4bd4e05e-fa44-45f4-99bb-ac21c4078a41{ip: 192.168.34.12, host: pr-hdds-2106-8t9qr-763259812, networkLocation: /default-rack, certSerialId: null}69a71f03-bd49-4dcf-a91a-b858634f7ca8{ip: 192.168.34.12, host: pr-hdds-2106-8t9qr-763259812, networkLocation: /default-rack, certSerialId: null}, Type:RATIS, Factor:THREE, State:CLOSED] moved to CLOSED state
2019-09-11 07:03:12,293 [EventQueue-CloseContainerForCloseContainerEventHandler] INFO  container.CloseContainerEventHandler (CloseContainerEventHandler.java:onMessage(61)) - Close container Event triggered for container : #3
2019-09-11 07:03:12,294 [EventQueue-CloseContainerForCloseContainerEventHandler] INFO  container.CloseContainerEventHandler (CloseContainerEventHandler.java:onMessage(61)) - Close container Event triggered for container : #4
2019-09-11 07:03:12,666 [java.util.concurrent.ThreadPoolExecutor$Worker@634444f[State = -1, empty queue]] WARN  server.GrpcLogAppender (GrpcLogAppender.java:timeoutAppendRequest(200)) - 69a71f03-bd49-4dcf-a91a-b858634f7ca8@group-6779B489C9A8->4bd4e05e-fa44-45f4-99bb-ac21c4078a41-GrpcLogAppender: appendEntries Timeout, request=69a71f03-bd49-4dcf-a91a-b858634f7ca8->4bd4e05e-fa44-45f4-99bb-ac21c4078a41#61-t1, previous=(t:1, i:13), leaderCommit=10, initializing? false, entries: <empty>
2019-09-11 07:03:12,666 [java.util.concurrent.ThreadPoolExecutor$Worker@3775a19a[State = -1, empty queue]] WARN  server.GrpcLogAppender (GrpcLogAppender.java:timeoutAppendRequest(200)) - 69a71f03-bd49-4dcf-a91a-b858634f7ca8@group-6779B489C9A8->1a989eca-a026-4062-a574-e52a85f9a2a4-GrpcLogAppender: appendEntries Timeout, request=69a71f03-bd49-4dcf-a91a-b858634f7ca8->1a989eca-a026-4062-a574-e52a85f9a2a4#61-t1, previous=(t:1, i:13), leaderCommit=10, initializing? false, entries: <empty>
2019-09-11 07:03:13,276 [grpc-default-executor-4] INFO  client.GrpcClientProtocolClient (GrpcClientProtocolClient.java:onNext(264)) - client-8D786902D131->4bd4e05e-fa44-45f4-99bb-ac21c4078a41: receive RaftClientReply:client-8D786902D131->4bd4e05e-fa44-45f4-99bb-ac21c4078a41@group-6779B489C9A8, cid=41, FAILED org.apache.ratis.protocol.NotLeaderException: Server 4bd4e05e-fa44-45f4-99bb-ac21c4078a41@group-6779B489C9A8 is not the leader 69a71f03-bd49-4dcf-a91a-b858634f7ca8:192.168.34.12:43469, logIndex=0, commits[4bd4e05e-fa44-45f4-99bb-ac21c4078a41:c10, 69a71f03-bd49-4dcf-a91a-b858634f7ca8:c10, 1a989eca-a026-4062-a574-e52a85f9a2a4:c6]
2019-09-11 07:03:14,316 [org.apache.ratis.server.impl.LogAppender$AppenderDaemon$$Lambda$511/1624611919@6a2e7679] ERROR ratis.XceiverServerRatis (XceiverServerRatis.java:triggerPipelineClose(568)) - pipeline Action CLOSE  on pipeline PipelineID=b5146873-3458-472b-a3c0-6779b489c9a8.Reason : 69a71f03-bd49-4dcf-a91a-b858634f7ca8 has not seen follower/s 4bd4e05e-fa44-45f4-99bb-ac21c4078a41 for 122331ms 1a989eca-a026-4062-a574-e52a85f9a2a4 for 122331ms
2019-09-11 07:03:14,316 [org.apache.ratis.server.impl.LogAppender$AppenderDaemon$$Lambda$511/1624611919@516e5a75] ERROR ratis.XceiverServerRatis (XceiverServerRatis.java:triggerPipelineClose(568)) - pipeline Action CLOSE  on pipeline PipelineID=b5146873-3458-472b-a3c0-6779b489c9a8.Reason : 69a71f03-bd49-4dcf-a91a-b858634f7ca8 has not seen follower/s 4bd4e05e-fa44-45f4-99bb-ac21c4078a41 for 122331ms 1a989eca-a026-4062-a574-e52a85f9a2a4 for 122331ms
2019-09-11 07:03:15,167 [java.util.concurrent.ThreadPoolExecutor$Worker@3775a19a[State = -1, empty queue]] WARN  server.GrpcLogAppender (GrpcLogAppender.java:timeoutAppendRequest(200)) - 69a71f03-bd49-4dcf-a91a-b858634f7ca8@group-6779B489C9A8->1a989eca-a026-4062-a574-e52a85f9a2a4-GrpcLogAppender: appendEntries Timeout, request=69a71f03-bd49-4dcf-a91a-b858634f7ca8->1a989eca-a026-4062-a574-e52a85f9a2a4#62-t1, previous=(t:1, i:13), leaderCommit=10, initializing? false, entries: <empty>
2019-09-11 07:03:15,167 [java.util.concurrent.ThreadPoolExecutor$Worker@634444f[State = -1, empty queue]] WARN  server.GrpcLogAppender (GrpcLogAppender.java:timeoutAppendRequest(200)) - 69a71f03-bd49-4dcf-a91a-b858634f7ca8@group-6779B489C9A8->4bd4e05e-fa44-45f4-99bb-ac21c4078a41-GrpcLogAppender: appendEntries Timeout, request=69a71f03-bd49-4dcf-a91a-b858634f7ca8->4bd4e05e-fa44-45f4-99bb-ac21c4078a41#62-t1, previous=(t:1, i:13), leaderCommit=10, initializing? false, entries: <empty>
2019-09-11 07:03:15,317 [EventQueue-PipelineActionsForPipelineActionHandler] ERROR pipeline.PipelineActionHandler (PipelineActionHandler.java:onMessage(60)) - Received pipeline action CLOSE for Pipeline[ Id: b5146873-3458-472b-a3c0-6779b489c9a8, Nodes: 1a989eca-a026-4062-a574-e52a85f9a2a4{ip: 192.168.34.12, host: pr-hdds-2106-8t9qr-763259812, networkLocation: /default-rack, certSerialId: null}4bd4e05e-fa44-45f4-99bb-ac21c4078a41{ip: 192.168.34.12, host: pr-hdds-2106-8t9qr-763259812, networkLocation: /default-rack, certSerialId: null}69a71f03-bd49-4dcf-a91a-b858634f7ca8{ip: 192.168.34.12, host: pr-hdds-2106-8t9qr-763259812, networkLocation: /default-rack, certSerialId: null}, Type:RATIS, Factor:THREE, State:CLOSED] from datanode 69a71f03-bd49-4dcf-a91a-b858634f7ca8{ip: 192.168.34.12, host: pr-hdds-2106-8t9qr-763259812, networkLocation: /default-rack, certSerialId: null}. Reason : 69a71f03-bd49-4dcf-a91a-b858634f7ca8 has not seen follower/s 4bd4e05e-fa44-45f4-99bb-ac21c4078a41 for 122331ms 1a989eca-a026-4062-a574-e52a85f9a2a4 for 122331ms
2019-09-11 07:03:15,317 [EventQueue-PipelineActionsForPipelineActionHandler] INFO  pipeline.SCMPipelineManager (SCMPipelineManager.java:finalizeAndDestroyPipeline(311)) - destroying pipeline:Pipeline[ Id: b5146873-3458-472b-a3c0-6779b489c9a8, Nodes: 1a989eca-a026-4062-a574-e52a85f9a2a4{ip: 192.168.34.12, host: pr-hdds-2106-8t9qr-763259812, networkLocation: /default-rack, certSerialId: null}4bd4e05e-fa44-45f4-99bb-ac21c4078a41{ip: 192.168.34.12, host: pr-hdds-2106-8t9qr-763259812, networkLocation: /default-rack, certSerialId: null}69a71f03-bd49-4dcf-a91a-b858634f7ca8{ip: 192.168.34.12, host: pr-hdds-2106-8t9qr-763259812, networkLocation: /default-rack, certSerialId: null}, Type:RATIS, Factor:THREE, State:CLOSED]
2019-09-11 07:03:16,818 [org.apache.ratis.server.impl.LogAppender$AppenderDaemon$$Lambda$511/1624611919@6a2e7679] ERROR ratis.XceiverServerRatis (XceiverServerRatis.java:triggerPipelineClose(568)) - pipeline Action CLOSE  on pipeline PipelineID=b5146873-3458-472b-a3c0-6779b489c9a8.Reason : 69a71f03-bd49-4dcf-a91a-b858634f7ca8 has not seen follower/s 4bd4e05e-fa44-45f4-99bb-ac21c4078a41 for 124833ms 1a989eca-a026-4062-a574-e52a85f9a2a4 for 124833ms
2019-09-11 07:03:16,818 [org.apache.ratis.server.impl.LogAppender$AppenderDaemon$$Lambda$511/1624611919@516e5a75] ERROR ratis.XceiverServerRatis (XceiverServerRatis.java:triggerPipelineClose(568)) - pipeline Action CLOSE  on pipeline PipelineID=b5146873-3458-472b-a3c0-6779b489c9a8.Reason : 69a71f03-bd49-4dcf-a91a-b858634f7ca8 has not seen follower/s 4bd4e05e-fa44-45f4-99bb-ac21c4078a41 for 124833ms 1a989eca-a026-4062-a574-e52a85f9a2a4 for 124833ms
2019-09-11 07:03:17,317 [java.util.concurrent.ThreadPoolExecutor$Worker@634444f[State = -1, empty queue]] WARN  server.GrpcLogAppender (GrpcLogAppender.java:timeoutAppendRequest(200)) - 69a71f03-bd49-4dcf-a91a-b858634f7ca8@group-6779B489C9A8->4bd4e05e-fa44-45f4-99bb-ac21c4078a41-GrpcLogAppender: appendEntries Timeout, request=69a71f03-bd49-4dcf-a91a-b858634f7ca8->4bd4e05e-fa44-45f4-99bb-ac21c4078a41#63-t1, previous=(t:1, i:13), leaderCommit=10, initializing? false, entries: size=1, first=(t:1, i:14), STATEMACHINELOGENTRY, client-F4F5348F7571, cid=9
2019-09-11 07:03:17,317 [java.util.concurrent.ThreadPoolExecutor$Worker@3775a19a[State = -1, empty queue]] WARN  server.GrpcLogAppender (GrpcLogAppender.java:timeoutAppendRequest(200)) - 69a71f03-bd49-4dcf-a91a-b858634f7ca8@group-6779B489C9A8->1a989eca-a026-4062-a574-e52a85f9a2a4-GrpcLogAppender: appendEntries Timeout, request=69a71f03-bd49-4dcf-a91a-b858634f7ca8->1a989eca-a026-4062-a574-e52a85f9a2a4#63-t1, previous=(t:1, i:13), leaderCommit=10, initializing? false, entries: size=1, first=(t:1, i:14), STATEMACHINELOGENTRY, client-F4F5348F7571, cid=9
2019-09-11 07:03:17,320 [EventQueue-PipelineActionsForPipelineActionHandler] ERROR pipeline.PipelineActionHandler (PipelineActionHandler.java:onMessage(60)) - Received pipeline action CLOSE for Pipeline[ Id: b5146873-3458-472b-a3c0-6779b489c9a8, Nodes: 1a989eca-a026-4062-a574-e52a85f9a2a4{ip: 192.168.34.12, host: pr-hdds-2106-8t9qr-763259812, networkLocation: /default-rack, certSerialId: null}4bd4e05e-fa44-45f4-99bb-ac21c4078a41{ip: 192.168.34.12, host: pr-hdds-2106-8t9qr-763259812, networkLocation: /default-rack, certSerialId: null}69a71f03-bd49-4dcf-a91a-b858634f7ca8{ip: 192.168.34.12, host: pr-hdds-2106-8t9qr-763259812, networkLocation: /default-rack, certSerialId: null}, Type:RATIS, Factor:THREE, State:CLOSED] from datanode 69a71f03-bd49-4dcf-a91a-b858634f7ca8{ip: 192.168.34.12, host: pr-hdds-2106-8t9qr-763259812, networkLocation: /default-rack, certSerialId: null}. Reason : 69a71f03-bd49-4dcf-a91a-b858634f7ca8 has not seen follower/s 4bd4e05e-fa44-45f4-99bb-ac21c4078a41 for 124833ms 1a989eca-a026-4062-a574-e52a85f9a2a4 for 124833ms
2019-09-11 07:03:17,320 [EventQueue-PipelineActionsForPipelineActionHandler] INFO  pipeline.SCMPipelineManager (SCMPipelineManager.java:finalizeAndDestroyPipeline(311)) - destroying pipeline:Pipeline[ Id: b5146873-3458-472b-a3c0-6779b489c9a8, Nodes: 1a989eca-a026-4062-a574-e52a85f9a2a4{ip: 192.168.34.12, host: pr-hdds-2106-8t9qr-763259812, networkLocation: /default-rack, certSerialId: null}4bd4e05e-fa44-45f4-99bb-ac21c4078a41{ip: 192.168.34.12, host: pr-hdds-2106-8t9qr-763259812, networkLocation: /default-rack, certSerialId: null}69a71f03-bd49-4dcf-a91a-b858634f7ca8{ip: 192.168.34.12, host: pr-hdds-2106-8t9qr-763259812, networkLocation: /default-rack, certSerialId: null}, Type:RATIS, Factor:THREE, State:CLOSED]
2019-09-11 07:03:18,349 [grpc-default-executor-4] INFO  client.GrpcClientProtocolClient (GrpcClientProtocolClient.java:onNext(264)) - client-8D786902D131->4bd4e05e-fa44-45f4-99bb-ac21c4078a41: receive RaftClientReply:client-8D786902D131->4bd4e05e-fa44-45f4-99bb-ac21c4078a41@group-6779B489C9A8, cid=41, FAILED org.apache.ratis.protocol.NotLeaderException: Server 4bd4e05e-fa44-45f4-99bb-ac21c4078a41@group-6779B489C9A8 is not the leader 69a71f03-bd49-4dcf-a91a-b858634f7ca8:192.168.34.12:43469, logIndex=0, commits[4bd4e05e-fa44-45f4-99bb-ac21c4078a41:c10, 69a71f03-bd49-4dcf-a91a-b858634f7ca8:c10, 1a989eca-a026-4062-a574-e52a85f9a2a4:c6]
2019-09-11 07:03:19,319 [org.apache.ratis.server.impl.LogAppender$AppenderDaemon$$Lambda$511/1624611919@516e5a75] ERROR ratis.XceiverServerRatis (XceiverServerRatis.java:triggerPipelineClose(568)) - pipeline Action CLOSE  on pipeline PipelineID=b5146873-3458-472b-a3c0-6779b489c9a8.Reason : 69a71f03-bd49-4dcf-a91a-b858634f7ca8 has not seen follower/s 4bd4e05e-fa44-45f4-99bb-ac21c4078a41 for 127334ms 1a989eca-a026-4062-a574-e52a85f9a2a4 for 127334ms
2019-09-11 07:03:19,319 [org.apache.ratis.server.impl.LogAppender$AppenderDaemon$$Lambda$511/1624611919@6a2e7679] ERROR ratis.XceiverServerRatis (XceiverServerRatis.java:triggerPipelineClose(568)) - pipeline Action CLOSE  on pipeline PipelineID=b5146873-3458-472b-a3c0-6779b489c9a8.Reason : 69a71f03-bd49-4dcf-a91a-b858634f7ca8 has not seen follower/s 4bd4e05e-fa44-45f4-99bb-ac21c4078a41 for 127334ms 1a989eca-a026-4062-a574-e52a85f9a2a4 for 127334ms
2019-09-11 07:03:19,817 [java.util.concurrent.ThreadPoolExecutor$Worker@3775a19a[State = -1, empty queue]] WARN  server.GrpcLogAppender (GrpcLogAppender.java:timeoutAppendRequest(200)) - 69a71f03-bd49-4dcf-a91a-b858634f7ca8@group-6779B489C9A8->1a989eca-a026-4062-a574-e52a85f9a2a4-GrpcLogAppender: appendEntries Timeout, request=69a71f03-bd49-4dcf-a91a-b858634f7ca8->1a989eca-a026-4062-a574-e52a85f9a2a4#64-t1, previous=(t:1, i:14), leaderCommit=10, initializing? false, entries: <empty>
2019-09-11 07:03:19,817 [java.util.concurrent.ThreadPoolExecutor$Worker@634444f[State = -1, empty queue]] WARN  server.GrpcLogAppender (GrpcLogAppender.java:timeoutAppendRequest(200)) - 69a71f03-bd49-4dcf-a91a-b858634f7ca8@group-6779B489C9A8->4bd4e05e-fa44-45f4-99bb-ac21c4078a41-GrpcLogAppender: appendEntries Timeout, request=69a71f03-bd49-4dcf-a91a-b858634f7ca8->4bd4e05e-fa44-45f4-99bb-ac21c4078a41#64-t1, previous=(t:1, i:14), leaderCommit=10, initializing? false, entries: <empty>
2019-09-11 07:03:20,319 [EventQueue-PipelineActionsForPipelineActionHandler] ERROR pipeline.PipelineActionHandler (PipelineActionHandler.java:onMessage(60)) - Received pipeline action CLOSE for Pipeline[ Id: b5146873-3458-472b-a3c0-6779b489c9a8, Nodes: 1a989eca-a026-4062-a574-e52a85f9a2a4{ip: 192.168.34.12, host: pr-hdds-2106-8t9qr-763259812, networkLocation: /default-rack, certSerialId: null}4bd4e05e-fa44-45f4-99bb-ac21c4078a41{ip: 192.168.34.12, host: pr-hdds-2106-8t9qr-763259812, networkLocation: /default-rack, certSerialId: null}69a71f03-bd49-4dcf-a91a-b858634f7ca8{ip: 192.168.34.12, host: pr-hdds-2106-8t9qr-763259812, networkLocation: /default-rack, certSerialId: null}, Type:RATIS, Factor:THREE, State:CLOSED] from datanode 69a71f03-bd49-4dcf-a91a-b858634f7ca8{ip: 192.168.34.12, host: pr-hdds-2106-8t9qr-763259812, networkLocation: /default-rack, certSerialId: null}. Reason : 69a71f03-bd49-4dcf-a91a-b858634f7ca8 has not seen follower/s 4bd4e05e-fa44-45f4-99bb-ac21c4078a41 for 127334ms 1a989eca-a026-4062-a574-e52a85f9a2a4 for 127334ms
2019-09-11 07:03:20,320 [EventQueue-PipelineActionsForPipelineActionHandler] INFO  pipeline.SCMPipelineManager (SCMPipelineManager.java:finalizeAndDestroyPipeline(311)) - destroying pipeline:Pipeline[ Id: b5146873-3458-472b-a3c0-6779b489c9a8, Nodes: 1a989eca-a026-4062-a574-e52a85f9a2a4{ip: 192.168.34.12, host: pr-hdds-2106-8t9qr-763259812, networkLocation: /default-rack, certSerialId: null}4bd4e05e-fa44-45f4-99bb-ac21c4078a41{ip: 192.168.34.12, host: pr-hdds-2106-8t9qr-763259812, networkLocation: /default-rack, certSerialId: null}69a71f03-bd49-4dcf-a91a-b858634f7ca8{ip: 192.168.34.12, host: pr-hdds-2106-8t9qr-763259812, networkLocation: /default-rack, certSerialId: null}, Type:RATIS, Factor:THREE, State:CLOSED]
2019-09-11 07:03:21,819 [org.apache.ratis.server.impl.LogAppender$AppenderDaemon$$Lambda$511/1624611919@6a2e7679] ERROR ratis.XceiverServerRatis (XceiverServerRatis.java:triggerPipelineClose(568)) - pipeline Action CLOSE  on pipeline PipelineID=b5146873-3458-472b-a3c0-6779b489c9a8.Reason : 69a71f03-bd49-4dcf-a91a-b858634f7ca8 has not seen follower/s 4bd4e05e-fa44-45f4-99bb-ac21c4078a41 for 129834ms 1a989eca-a026-4062-a574-e52a85f9a2a4 for 129834ms
2019-09-11 07:03:21,820 [org.apache.ratis.server.impl.LogAppender$AppenderDaemon$$Lambda$511/1624611919@516e5a75] ERROR ratis.XceiverServerRatis (XceiverServerRatis.java:triggerPipelineClose(568)) - pipeline Action CLOSE  on pipeline PipelineID=b5146873-3458-472b-a3c0-6779b489c9a8.Reason : 69a71f03-bd49-4dcf-a91a-b858634f7ca8 has not seen follower/s 4bd4e05e-fa44-45f4-99bb-ac21c4078a41 for 129835ms 1a989eca-a026-4062-a574-e52a85f9a2a4 for 129835ms
2019-09-11 07:03:22,152 [69a71f03-bd49-4dcf-a91a-b858634f7ca8@group-6779B489C9A8-SegmentedRaftLogWorker] WARN  segmented.SegmentedRaftLogWorker (SegmentedRaftLogWorker.java:getFromFuture(90)) - Timeout 12/~
org.apache.ratis.protocol.TimeoutIOException: Timeout 10s: WriteLog:11: (t:1, i:11), STATEMACHINELOGENTRY, client-8D786902D131, cid=41-writeStateMachineData
	at org.apache.ratis.util.IOUtils.getFromFuture(IOUtils.java:87)
	at org.apache.ratis.server.raftlog.segmented.SegmentedRaftLogWorker$StateMachineDataPolicy.getFromFuture(SegmentedRaftLogWorker.java:87)
	at org.apache.ratis.server.raftlog.segmented.SegmentedRaftLogWorker$WriteLog.execute(SegmentedRaftLogWorker.java:477)
	at org.apache.ratis.server.raftlog.segmented.SegmentedRaftLogWorker.run(SegmentedRaftLogWorker.java:289)
	at java.lang.Thread.run(Thread.java:748)
Caused by: java.util.concurrent.TimeoutException
	at java.util.concurrent.CompletableFuture.timedGet(CompletableFuture.java:1771)
	at java.util.concurrent.CompletableFuture.get(CompletableFuture.java:1915)
	at org.apache.ratis.util.IOUtils.getFromFuture(IOUtils.java:79)
	... 4 more
2019-09-11 07:03:22,260 [1a989eca-a026-4062-a574-e52a85f9a2a4@group-6779B489C9A8-SegmentedRaftLogWorker] WARN  segmented.SegmentedRaftLogWorker (SegmentedRaftLogWorker.java:getFromFuture(90)) - Timeout 12/~
org.apache.ratis.protocol.TimeoutIOException: Timeout 10s: WriteLog:12: (t:1, i:12), STATEMACHINELOGENTRY, client-8D786902D131, cid=42-writeStateMachineData
	at org.apache.ratis.util.IOUtils.getFromFuture(IOUtils.java:87)
	at org.apache.ratis.server.raftlog.segmented.SegmentedRaftLogWorker$StateMachineDataPolicy.getFromFuture(SegmentedRaftLogWorker.java:87)
	at org.apache.ratis.server.raftlog.segmented.SegmentedRaftLogWorker$WriteLog.execute(SegmentedRaftLogWorker.java:477)
	at org.apache.ratis.server.raftlog.segmented.SegmentedRaftLogWorker.run(SegmentedRaftLogWorker.java:289)
	at java.lang.Thread.run(Thread.java:748)
Caused by: java.util.concurrent.TimeoutException
	at java.util.concurrent.CompletableFuture.timedGet(CompletableFuture.java:1771)
	at java.util.concurrent.CompletableFuture.get(CompletableFuture.java:1915)
	at org.apache.ratis.util.IOUtils.getFromFuture(IOUtils.java:79)
	... 4 more
2019-09-11 07:03:22,260 [4bd4e05e-fa44-45f4-99bb-ac21c4078a41@group-6779B489C9A8-SegmentedRaftLogWorker] WARN  segmented.SegmentedRaftLogWorker (SegmentedRaftLogWorker.java:getFromFuture(90)) - Timeout 12/~
org.apache.ratis.protocol.TimeoutIOException: Timeout 10s: WriteLog:12: (t:1, i:12), STATEMACHINELOGENTRY, client-8D786902D131, cid=42-writeStateMachineData
	at org.apache.ratis.util.IOUtils.getFromFuture(IOUtils.java:87)
	at org.apache.ratis.server.raftlog.segmented.SegmentedRaftLogWorker$StateMachineDataPolicy.getFromFuture(SegmentedRaftLogWorker.java:87)
	at org.apache.ratis.server.raftlog.segmented.SegmentedRaftLogWorker$WriteLog.execute(SegmentedRaftLogWorker.java:477)
	at org.apache.ratis.server.raftlog.segmented.SegmentedRaftLogWorker.run(SegmentedRaftLogWorker.java:289)
	at java.lang.Thread.run(Thread.java:748)
Caused by: java.util.concurrent.TimeoutException
	at java.util.concurrent.CompletableFuture.timedGet(CompletableFuture.java:1771)
	at java.util.concurrent.CompletableFuture.get(CompletableFuture.java:1915)
	at org.apache.ratis.util.IOUtils.getFromFuture(IOUtils.java:79)
	... 4 more
2019-09-11 07:03:22,319 [java.util.concurrent.ThreadPoolExecutor$Worker@3775a19a[State = -1, empty queue]] WARN  server.GrpcLogAppender (GrpcLogAppender.java:timeoutAppendRequest(200)) - 69a71f03-bd49-4dcf-a91a-b858634f7ca8@group-6779B489C9A8->1a989eca-a026-4062-a574-e52a85f9a2a4-GrpcLogAppender: appendEntries Timeout, request=69a71f03-bd49-4dcf-a91a-b858634f7ca8->1a989eca-a026-4062-a574-e52a85f9a2a4#65-t1, previous=(t:1, i:14), leaderCommit=10, initializing? false, entries: <empty>
2019-09-11 07:03:22,319 [java.util.concurrent.ThreadPoolExecutor$Worker@634444f[State = -1, empty queue]] WARN  server.GrpcLogAppender (GrpcLogAppender.java:timeoutAppendRequest(200)) - 69a71f03-bd49-4dcf-a91a-b858634f7ca8@group-6779B489C9A8->4bd4e05e-fa44-45f4-99bb-ac21c4078a41-GrpcLogAppender: appendEntries Timeout, request=69a71f03-bd49-4dcf-a91a-b858634f7ca8->4bd4e05e-fa44-45f4-99bb-ac21c4078a41#65-t1, previous=(t:1, i:14), leaderCommit=10, initializing? false, entries: <empty>
2019-09-11 07:03:22,320 [EventQueue-PipelineActionsForPipelineActionHandler] ERROR pipeline.PipelineActionHandler (PipelineActionHandler.java:onMessage(60)) - Received pipeline action CLOSE for Pipeline[ Id: b5146873-3458-472b-a3c0-6779b489c9a8, Nodes: 1a989eca-a026-4062-a574-e52a85f9a2a4{ip: 192.168.34.12, host: pr-hdds-2106-8t9qr-763259812, networkLocation: /default-rack, certSerialId: null}4bd4e05e-fa44-45f4-99bb-ac21c4078a41{ip: 192.168.34.12, host: pr-hdds-2106-8t9qr-763259812, networkLocation: /default-rack, certSerialId: null}69a71f03-bd49-4dcf-a91a-b858634f7ca8{ip: 192.168.34.12, host: pr-hdds-2106-8t9qr-763259812, networkLocation: /default-rack, certSerialId: null}, Type:RATIS, Factor:THREE, State:CLOSED] from datanode 69a71f03-bd49-4dcf-a91a-b858634f7ca8{ip: 192.168.34.12, host: pr-hdds-2106-8t9qr-763259812, networkLocation: /default-rack, certSerialId: null}. Reason : 69a71f03-bd49-4dcf-a91a-b858634f7ca8 has not seen follower/s 4bd4e05e-fa44-45f4-99bb-ac21c4078a41 for 129834ms 1a989eca-a026-4062-a574-e52a85f9a2a4 for 129834ms
2019-09-11 07:03:22,320 [EventQueue-PipelineActionsForPipelineActionHandler] INFO  pipeline.SCMPipelineManager (SCMPipelineManager.java:finalizeAndDestroyPipeline(311)) - destroying pipeline:Pipeline[ Id: b5146873-3458-472b-a3c0-6779b489c9a8, Nodes: 1a989eca-a026-4062-a574-e52a85f9a2a4{ip: 192.168.34.12, host: pr-hdds-2106-8t9qr-763259812, networkLocation: /default-rack, certSerialId: null}4bd4e05e-fa44-45f4-99bb-ac21c4078a41{ip: 192.168.34.12, host: pr-hdds-2106-8t9qr-763259812, networkLocation: /default-rack, certSerialId: null}69a71f03-bd49-4dcf-a91a-b858634f7ca8{ip: 192.168.34.12, host: pr-hdds-2106-8t9qr-763259812, networkLocation: /default-rack, certSerialId: null}, Type:RATIS, Factor:THREE, State:CLOSED]
2019-09-11 07:03:23,400 [grpc-default-executor-2] INFO  client.GrpcClientProtocolClient (GrpcClientProtocolClient.java:onNext(264)) - client-8D786902D131->1a989eca-a026-4062-a574-e52a85f9a2a4: receive RaftClientReply:client-8D786902D131->1a989eca-a026-4062-a574-e52a85f9a2a4@group-6779B489C9A8, cid=41, FAILED org.apache.ratis.protocol.NotLeaderException: Server 1a989eca-a026-4062-a574-e52a85f9a2a4@group-6779B489C9A8 is not the leader 69a71f03-bd49-4dcf-a91a-b858634f7ca8:192.168.34.12:43469, logIndex=0, commits[1a989eca-a026-4062-a574-e52a85f9a2a4:c10, 69a71f03-bd49-4dcf-a91a-b858634f7ca8:c10, 4bd4e05e-fa44-45f4-99bb-ac21c4078a41:c6]
2019-09-11 07:03:24,320 [org.apache.ratis.server.impl.LogAppender$AppenderDaemon$$Lambda$511/1624611919@6a2e7679] ERROR ratis.XceiverServerRatis (XceiverServerRatis.java:triggerPipelineClose(568)) - pipeline Action CLOSE  on pipeline PipelineID=b5146873-3458-472b-a3c0-6779b489c9a8.Reason : 69a71f03-bd49-4dcf-a91a-b858634f7ca8 has not seen follower/s 4bd4e05e-fa44-45f4-99bb-ac21c4078a41 for 132335ms 1a989eca-a026-4062-a574-e52a85f9a2a4 for 132335ms
2019-09-11 07:03:24,320 [org.apache.ratis.server.impl.LogAppender$AppenderDaemon$$Lambda$511/1624611919@516e5a75] ERROR ratis.XceiverServerRatis (XceiverServerRatis.java:triggerPipelineClose(568)) - pipeline Action CLOSE  on pipeline PipelineID=b5146873-3458-472b-a3c0-6779b489c9a8.Reason : 69a71f03-bd49-4dcf-a91a-b858634f7ca8 has not seen follower/s 4bd4e05e-fa44-45f4-99bb-ac21c4078a41 for 132335ms 1a989eca-a026-4062-a574-e52a85f9a2a4 for 132335ms
2019-09-11 07:03:24,819 [java.util.concurrent.ThreadPoolExecutor$Worker@3775a19a[State = -1, empty queue]] WARN  server.GrpcLogAppender (GrpcLogAppender.java:timeoutAppendRequest(200)) - 69a71f03-bd49-4dcf-a91a-b858634f7ca8@group-6779B489C9A8->1a989eca-a026-4062-a574-e52a85f9a2a4-GrpcLogAppender: appendEntries Timeout, request=69a71f03-bd49-4dcf-a91a-b858634f7ca8->1a989eca-a026-4062-a574-e52a85f9a2a4#66-t1, previous=(t:1, i:14), leaderCommit=10, initializing? false, entries: <empty>
2019-09-11 07:03:24,819 [java.util.concurrent.ThreadPoolExecutor$Worker@634444f[State = -1, empty queue]] WARN  server.GrpcLogAppender (GrpcLogAppender.java:timeoutAppendRequest(200)) - 69a71f03-bd49-4dcf-a91a-b858634f7ca8@group-6779B489C9A8->4bd4e05e-fa44-45f4-99bb-ac21c4078a41-GrpcLogAppender: appendEntries Timeout, request=69a71f03-bd49-4dcf-a91a-b858634f7ca8->4bd4e05e-fa44-45f4-99bb-ac21c4078a41#66-t1, previous=(t:1, i:14), leaderCommit=10, initializing? false, entries: <empty>
2019-09-11 07:03:25,320 [EventQueue-PipelineActionsForPipelineActionHandler] ERROR pipeline.PipelineActionHandler (PipelineActionHandler.java:onMessage(60)) - Received pipeline action CLOSE for Pipeline[ Id: b5146873-3458-472b-a3c0-6779b489c9a8, Nodes: 1a989eca-a026-4062-a574-e52a85f9a2a4{ip: 192.168.34.12, host: pr-hdds-2106-8t9qr-763259812, networkLocation: /default-rack, certSerialId: null}4bd4e05e-fa44-45f4-99bb-ac21c4078a41{ip: 192.168.34.12, host: pr-hdds-2106-8t9qr-763259812, networkLocation: /default-rack, certSerialId: null}69a71f03-bd49-4dcf-a91a-b858634f7ca8{ip: 192.168.34.12, host: pr-hdds-2106-8t9qr-763259812, networkLocation: /default-rack, certSerialId: null}, Type:RATIS, Factor:THREE, State:CLOSED] from datanode 69a71f03-bd49-4dcf-a91a-b858634f7ca8{ip: 192.168.34.12, host: pr-hdds-2106-8t9qr-763259812, networkLocation: /default-rack, certSerialId: null}. Reason : 69a71f03-bd49-4dcf-a91a-b858634f7ca8 has not seen follower/s 4bd4e05e-fa44-45f4-99bb-ac21c4078a41 for 132335ms 1a989eca-a026-4062-a574-e52a85f9a2a4 for 132335ms
2019-09-11 07:03:25,321 [EventQueue-PipelineActionsForPipelineActionHandler] INFO  pipeline.SCMPipelineManager (SCMPipelineManager.java:finalizeAndDestroyPipeline(311)) - destroying pipeline:Pipeline[ Id: b5146873-3458-472b-a3c0-6779b489c9a8, Nodes: 1a989eca-a026-4062-a574-e52a85f9a2a4{ip: 192.168.34.12, host: pr-hdds-2106-8t9qr-763259812, networkLocation: /default-rack, certSerialId: null}4bd4e05e-fa44-45f4-99bb-ac21c4078a41{ip: 192.168.34.12, host: pr-hdds-2106-8t9qr-763259812, networkLocation: /default-rack, certSerialId: null}69a71f03-bd49-4dcf-a91a-b858634f7ca8{ip: 192.168.34.12, host: pr-hdds-2106-8t9qr-763259812, networkLocation: /default-rack, certSerialId: null}, Type:RATIS, Factor:THREE, State:CLOSED]
2019-09-11 07:03:26,823 [org.apache.ratis.server.impl.LogAppender$AppenderDaemon$$Lambda$511/1624611919@516e5a75] ERROR ratis.XceiverServerRatis (XceiverServerRatis.java:triggerPipelineClose(568)) - pipeline Action CLOSE  on pipeline PipelineID=b5146873-3458-472b-a3c0-6779b489c9a8.Reason : 69a71f03-bd49-4dcf-a91a-b858634f7ca8 has not seen follower/s 4bd4e05e-fa44-45f4-99bb-ac21c4078a41 for 134838ms 1a989eca-a026-4062-a574-e52a85f9a2a4 for 134838ms
2019-09-11 07:03:26,823 [org.apache.ratis.server.impl.LogAppender$AppenderDaemon$$Lambda$511/1624611919@6a2e7679] ERROR ratis.XceiverServerRatis (XceiverServerRatis.java:triggerPipelineClose(568)) - pipeline Action CLOSE  on pipeline PipelineID=b5146873-3458-472b-a3c0-6779b489c9a8.Reason : 69a71f03-bd49-4dcf-a91a-b858634f7ca8 has not seen follower/s 4bd4e05e-fa44-45f4-99bb-ac21c4078a41 for 134838ms 1a989eca-a026-4062-a574-e52a85f9a2a4 for 134838ms
2019-09-11 07:03:27,320 [java.util.concurrent.ThreadPoolExecutor$Worker@634444f[State = -1, empty queue]] WARN  server.GrpcLogAppender (GrpcLogAppender.java:timeoutAppendRequest(200)) - 69a71f03-bd49-4dcf-a91a-b858634f7ca8@group-6779B489C9A8->4bd4e05e-fa44-45f4-99bb-ac21c4078a41-GrpcLogAppender: appendEntries Timeout, request=69a71f03-bd49-4dcf-a91a-b858634f7ca8->4bd4e05e-fa44-45f4-99bb-ac21c4078a41#67-t1, previous=(t:1, i:14), leaderCommit=10, initializing? false, entries: <empty>
2019-09-11 07:03:27,320 [java.util.concurrent.ThreadPoolExecutor$Worker@3775a19a[State = -1, empty queue]] WARN  server.GrpcLogAppender (GrpcLogAppender.java:timeoutAppendRequest(200)) - 69a71f03-bd49-4dcf-a91a-b858634f7ca8@group-6779B489C9A8->1a989eca-a026-4062-a574-e52a85f9a2a4-GrpcLogAppender: appendEntries Timeout, request=69a71f03-bd49-4dcf-a91a-b858634f7ca8->1a989eca-a026-4062-a574-e52a85f9a2a4#67-t1, previous=(t:1, i:14), leaderCommit=10, initializing? false, entries: <empty>
2019-09-11 07:03:27,321 [EventQueue-PipelineActionsForPipelineActionHandler] ERROR pipeline.PipelineActionHandler (PipelineActionHandler.java:onMessage(60)) - Received pipeline action CLOSE for Pipeline[ Id: b5146873-3458-472b-a3c0-6779b489c9a8, Nodes: 1a989eca-a026-4062-a574-e52a85f9a2a4{ip: 192.168.34.12, host: pr-hdds-2106-8t9qr-763259812, networkLocation: /default-rack, certSerialId: null}4bd4e05e-fa44-45f4-99bb-ac21c4078a41{ip: 192.168.34.12, host: pr-hdds-2106-8t9qr-763259812, networkLocation: /default-rack, certSerialId: null}69a71f03-bd49-4dcf-a91a-b858634f7ca8{ip: 192.168.34.12, host: pr-hdds-2106-8t9qr-763259812, networkLocation: /default-rack, certSerialId: null}, Type:RATIS, Factor:THREE, State:CLOSED] from datanode 69a71f03-bd49-4dcf-a91a-b858634f7ca8{ip: 192.168.34.12, host: pr-hdds-2106-8t9qr-763259812, networkLocation: /default-rack, certSerialId: null}. Reason : 69a71f03-bd49-4dcf-a91a-b858634f7ca8 has not seen follower/s 4bd4e05e-fa44-45f4-99bb-ac21c4078a41 for 134838ms 1a989eca-a026-4062-a574-e52a85f9a2a4 for 134838ms
2019-09-11 07:03:27,321 [EventQueue-PipelineActionsForPipelineActionHandler] INFO  pipeline.SCMPipelineManager (SCMPipelineManager.java:finalizeAndDestroyPipeline(311)) - destroying pipeline:Pipeline[ Id: b5146873-3458-472b-a3c0-6779b489c9a8, Nodes: 1a989eca-a026-4062-a574-e52a85f9a2a4{ip: 192.168.34.12, host: pr-hdds-2106-8t9qr-763259812, networkLocation: /default-rack, certSerialId: null}4bd4e05e-fa44-45f4-99bb-ac21c4078a41{ip: 192.168.34.12, host: pr-hdds-2106-8t9qr-763259812, networkLocation: /default-rack, certSerialId: null}69a71f03-bd49-4dcf-a91a-b858634f7ca8{ip: 192.168.34.12, host: pr-hdds-2106-8t9qr-763259812, networkLocation: /default-rack, certSerialId: null}, Type:RATIS, Factor:THREE, State:CLOSED]
2019-09-11 07:03:28,452 [grpc-default-executor-2] INFO  client.GrpcClientProtocolClient (GrpcClientProtocolClient.java:onNext(264)) - client-8D786902D131->4bd4e05e-fa44-45f4-99bb-ac21c4078a41: receive RaftClientReply:client-8D786902D131->4bd4e05e-fa44-45f4-99bb-ac21c4078a41@group-6779B489C9A8, cid=41, FAILED org.apache.ratis.protocol.NotLeaderException: Server 4bd4e05e-fa44-45f4-99bb-ac21c4078a41@group-6779B489C9A8 is not the leader 69a71f03-bd49-4dcf-a91a-b858634f7ca8:192.168.34.12:43469, logIndex=0, commits[4bd4e05e-fa44-45f4-99bb-ac21c4078a41:c10, 69a71f03-bd49-4dcf-a91a-b858634f7ca8:c10, 1a989eca-a026-4062-a574-e52a85f9a2a4:c6]
2019-09-11 07:03:29,323 [org.apache.ratis.server.impl.LogAppender$AppenderDaemon$$Lambda$511/1624611919@516e5a75] ERROR ratis.XceiverServerRatis (XceiverServerRatis.java:triggerPipelineClose(568)) - pipeline Action CLOSE  on pipeline PipelineID=b5146873-3458-472b-a3c0-6779b489c9a8.Reason : 69a71f03-bd49-4dcf-a91a-b858634f7ca8 has not seen follower/s 4bd4e05e-fa44-45f4-99bb-ac21c4078a41 for 137338ms 1a989eca-a026-4062-a574-e52a85f9a2a4 for 137338ms
2019-09-11 07:03:29,323 [org.apache.ratis.server.impl.LogAppender$AppenderDaemon$$Lambda$511/1624611919@6a2e7679] ERROR ratis.XceiverServerRatis (XceiverServerRatis.java:triggerPipelineClose(568)) - pipeline Action CLOSE  on pipeline PipelineID=b5146873-3458-472b-a3c0-6779b489c9a8.Reason : 69a71f03-bd49-4dcf-a91a-b858634f7ca8 has not seen follower/s 4bd4e05e-fa44-45f4-99bb-ac21c4078a41 for 137338ms 1a989eca-a026-4062-a574-e52a85f9a2a4 for 137338ms
2019-09-11 07:03:29,822 [java.util.concurrent.ThreadPoolExecutor$Worker@3775a19a[State = -1, empty queue]] WARN  server.GrpcLogAppender (GrpcLogAppender.java:timeoutAppendRequest(200)) - 69a71f03-bd49-4dcf-a91a-b858634f7ca8@group-6779B489C9A8->1a989eca-a026-4062-a574-e52a85f9a2a4-GrpcLogAppender: appendEntries Timeout, request=69a71f03-bd49-4dcf-a91a-b858634f7ca8->1a989eca-a026-4062-a574-e52a85f9a2a4#68-t1, previous=(t:1, i:14), leaderCommit=10, initializing? false, entries: <empty>
2019-09-11 07:03:29,822 [java.util.concurrent.ThreadPoolExecutor$Worker@634444f[State = -1, empty queue]] WARN  server.GrpcLogAppender (GrpcLogAppender.java:timeoutAppendRequest(200)) - 69a71f03-bd49-4dcf-a91a-b858634f7ca8@group-6779B489C9A8->4bd4e05e-fa44-45f4-99bb-ac21c4078a41-GrpcLogAppender: appendEntries Timeout, request=69a71f03-bd49-4dcf-a91a-b858634f7ca8->4bd4e05e-fa44-45f4-99bb-ac21c4078a41#68-t1, previous=(t:1, i:14), leaderCommit=10, initializing? false, entries: <empty>
2019-09-11 07:03:30,320 [EventQueue-PipelineActionsForPipelineActionHandler] ERROR pipeline.PipelineActionHandler (PipelineActionHandler.java:onMessage(60)) - Received pipeline action CLOSE for Pipeline[ Id: b5146873-3458-472b-a3c0-6779b489c9a8, Nodes: 1a989eca-a026-4062-a574-e52a85f9a2a4{ip: 192.168.34.12, host: pr-hdds-2106-8t9qr-763259812, networkLocation: /default-rack, certSerialId: null}4bd4e05e-fa44-45f4-99bb-ac21c4078a41{ip: 192.168.34.12, host: pr-hdds-2106-8t9qr-763259812, networkLocation: /default-rack, certSerialId: null}69a71f03-bd49-4dcf-a91a-b858634f7ca8{ip: 192.168.34.12, host: pr-hdds-2106-8t9qr-763259812, networkLocation: /default-rack, certSerialId: null}, Type:RATIS, Factor:THREE, State:CLOSED] from datanode 69a71f03-bd49-4dcf-a91a-b858634f7ca8{ip: 192.168.34.12, host: pr-hdds-2106-8t9qr-763259812, networkLocation: /default-rack, certSerialId: null}. Reason : 69a71f03-bd49-4dcf-a91a-b858634f7ca8 has not seen follower/s 4bd4e05e-fa44-45f4-99bb-ac21c4078a41 for 137338ms 1a989eca-a026-4062-a574-e52a85f9a2a4 for 137338ms
2019-09-11 07:03:30,320 [EventQueue-PipelineActionsForPipelineActionHandler] INFO  pipeline.SCMPipelineManager (SCMPipelineManager.java:finalizeAndDestroyPipeline(311)) - destroying pipeline:Pipeline[ Id: b5146873-3458-472b-a3c0-6779b489c9a8, Nodes: 1a989eca-a026-4062-a574-e52a85f9a2a4{ip: 192.168.34.12, host: pr-hdds-2106-8t9qr-763259812, networkLocation: /default-rack, certSerialId: null}4bd4e05e-fa44-45f4-99bb-ac21c4078a41{ip: 192.168.34.12, host: pr-hdds-2106-8t9qr-763259812, networkLocation: /default-rack, certSerialId: null}69a71f03-bd49-4dcf-a91a-b858634f7ca8{ip: 192.168.34.12, host: pr-hdds-2106-8t9qr-763259812, networkLocation: /default-rack, certSerialId: null}, Type:RATIS, Factor:THREE, State:CLOSED]
2019-09-11 07:03:31,823 [org.apache.ratis.server.impl.LogAppender$AppenderDaemon$$Lambda$511/1624611919@6a2e7679] ERROR ratis.XceiverServerRatis (XceiverServerRatis.java:triggerPipelineClose(568)) - pipeline Action CLOSE  on pipeline PipelineID=b5146873-3458-472b-a3c0-6779b489c9a8.Reason : 69a71f03-bd49-4dcf-a91a-b858634f7ca8 has not seen follower/s 4bd4e05e-fa44-45f4-99bb-ac21c4078a41 for 139838ms 1a989eca-a026-4062-a574-e52a85f9a2a4 for 139838ms
2019-09-11 07:03:31,824 [org.apache.ratis.server.impl.LogAppender$AppenderDaemon$$Lambda$511/1624611919@516e5a75] ERROR ratis.XceiverServerRatis (XceiverServerRatis.java:triggerPipelineClose(568)) - pipeline Action CLOSE  on pipeline PipelineID=b5146873-3458-472b-a3c0-6779b489c9a8.Reason : 69a71f03-bd49-4dcf-a91a-b858634f7ca8 has not seen follower/s 4bd4e05e-fa44-45f4-99bb-ac21c4078a41 for 139839ms 1a989eca-a026-4062-a574-e52a85f9a2a4 for 139839ms
2019-09-11 07:03:32,154 [69a71f03-bd49-4dcf-a91a-b858634f7ca8@group-6779B489C9A8-SegmentedRaftLogWorker] WARN  segmented.SegmentedRaftLogWorker (SegmentedRaftLogWorker.java:getFromFuture(90)) - Timeout 13/~
org.apache.ratis.protocol.TimeoutIOException: Timeout 10s: WriteLog:11: (t:1, i:11), STATEMACHINELOGENTRY, client-8D786902D131, cid=41-writeStateMachineData
	at org.apache.ratis.util.IOUtils.getFromFuture(IOUtils.java:87)
	at org.apache.ratis.server.raftlog.segmented.SegmentedRaftLogWorker$StateMachineDataPolicy.getFromFuture(SegmentedRaftLogWorker.java:87)
	at org.apache.ratis.server.raftlog.segmented.SegmentedRaftLogWorker$WriteLog.execute(SegmentedRaftLogWorker.java:477)
	at org.apache.ratis.server.raftlog.segmented.SegmentedRaftLogWorker.run(SegmentedRaftLogWorker.java:289)
	at java.lang.Thread.run(Thread.java:748)
Caused by: java.util.concurrent.TimeoutException
	at java.util.concurrent.CompletableFuture.timedGet(CompletableFuture.java:1771)
	at java.util.concurrent.CompletableFuture.get(CompletableFuture.java:1915)
	at org.apache.ratis.util.IOUtils.getFromFuture(IOUtils.java:79)
	... 4 more
2019-09-11 07:03:32,261 [1a989eca-a026-4062-a574-e52a85f9a2a4@group-6779B489C9A8-SegmentedRaftLogWorker] WARN  segmented.SegmentedRaftLogWorker (SegmentedRaftLogWorker.java:getFromFuture(90)) - Timeout 13/~
org.apache.ratis.protocol.TimeoutIOException: Timeout 10s: WriteLog:12: (t:1, i:12), STATEMACHINELOGENTRY, client-8D786902D131, cid=42-writeStateMachineData
	at org.apache.ratis.util.IOUtils.getFromFuture(IOUtils.java:87)
	at org.apache.ratis.server.raftlog.segmented.SegmentedRaftLogWorker$StateMachineDataPolicy.getFromFuture(SegmentedRaftLogWorker.java:87)
	at org.apache.ratis.server.raftlog.segmented.SegmentedRaftLogWorker$WriteLog.execute(SegmentedRaftLogWorker.java:477)
	at org.apache.ratis.server.raftlog.segmented.SegmentedRaftLogWorker.run(SegmentedRaftLogWorker.java:289)
	at java.lang.Thread.run(Thread.java:748)
Caused by: java.util.concurrent.TimeoutException
	at java.util.concurrent.CompletableFuture.timedGet(CompletableFuture.java:1771)
	at java.util.concurrent.CompletableFuture.get(CompletableFuture.java:1915)
	at org.apache.ratis.util.IOUtils.getFromFuture(IOUtils.java:79)
	... 4 more
2019-09-11 07:03:32,261 [4bd4e05e-fa44-45f4-99bb-ac21c4078a41@group-6779B489C9A8-SegmentedRaftLogWorker] WARN  segmented.SegmentedRaftLogWorker (SegmentedRaftLogWorker.java:getFromFuture(90)) - Timeout 13/~
org.apache.ratis.protocol.TimeoutIOException: Timeout 10s: WriteLog:12: (t:1, i:12), STATEMACHINELOGENTRY, client-8D786902D131, cid=42-writeStateMachineData
	at org.apache.ratis.util.IOUtils.getFromFuture(IOUtils.java:87)
	at org.apache.ratis.server.raftlog.segmented.SegmentedRaftLogWorker$StateMachineDataPolicy.getFromFuture(SegmentedRaftLogWorker.java:87)
	at org.apache.ratis.server.raftlog.segmented.SegmentedRaftLogWorker$WriteLog.execute(SegmentedRaftLogWorker.java:477)
	at org.apache.ratis.server.raftlog.segmented.SegmentedRaftLogWorker.run(SegmentedRaftLogWorker.java:289)
	at java.lang.Thread.run(Thread.java:748)
Caused by: java.util.concurrent.TimeoutException
	at java.util.concurrent.CompletableFuture.timedGet(CompletableFuture.java:1771)
	at java.util.concurrent.CompletableFuture.get(CompletableFuture.java:1915)
	at org.apache.ratis.util.IOUtils.getFromFuture(IOUtils.java:79)
	... 4 more
2019-09-11 07:03:32,320 [EventQueue-PipelineActionsForPipelineActionHandler] ERROR pipeline.PipelineActionHandler (PipelineActionHandler.java:onMessage(60)) - Received pipeline action CLOSE for Pipeline[ Id: b5146873-3458-472b-a3c0-6779b489c9a8, Nodes: 1a989eca-a026-4062-a574-e52a85f9a2a4{ip: 192.168.34.12, host: pr-hdds-2106-8t9qr-763259812, networkLocation: /default-rack, certSerialId: null}4bd4e05e-fa44-45f4-99bb-ac21c4078a41{ip: 192.168.34.12, host: pr-hdds-2106-8t9qr-763259812, networkLocation: /default-rack, certSerialId: null}69a71f03-bd49-4dcf-a91a-b858634f7ca8{ip: 192.168.34.12, host: pr-hdds-2106-8t9qr-763259812, networkLocation: /default-rack, certSerialId: null}, Type:RATIS, Factor:THREE, State:CLOSED] from datanode 69a71f03-bd49-4dcf-a91a-b858634f7ca8{ip: 192.168.34.12, host: pr-hdds-2106-8t9qr-763259812, networkLocation: /default-rack, certSerialId: null}. Reason : 69a71f03-bd49-4dcf-a91a-b858634f7ca8 has not seen follower/s 4bd4e05e-fa44-45f4-99bb-ac21c4078a41 for 139838ms 1a989eca-a026-4062-a574-e52a85f9a2a4 for 139838ms
2019-09-11 07:03:32,321 [EventQueue-PipelineActionsForPipelineActionHandler] INFO  pipeline.SCMPipelineManager (SCMPipelineManager.java:finalizeAndDestroyPipeline(311)) - destroying pipeline:Pipeline[ Id: b5146873-3458-472b-a3c0-6779b489c9a8, Nodes: 1a989eca-a026-4062-a574-e52a85f9a2a4{ip: 192.168.34.12, host: pr-hdds-2106-8t9qr-763259812, networkLocation: /default-rack, certSerialId: null}4bd4e05e-fa44-45f4-99bb-ac21c4078a41{ip: 192.168.34.12, host: pr-hdds-2106-8t9qr-763259812, networkLocation: /default-rack, certSerialId: null}69a71f03-bd49-4dcf-a91a-b858634f7ca8{ip: 192.168.34.12, host: pr-hdds-2106-8t9qr-763259812, networkLocation: /default-rack, certSerialId: null}, Type:RATIS, Factor:THREE, State:CLOSED]
2019-09-11 07:03:32,323 [java.util.concurrent.ThreadPoolExecutor$Worker@634444f[State = -1, empty queue]] WARN  server.GrpcLogAppender (GrpcLogAppender.java:timeoutAppendRequest(200)) - 69a71f03-bd49-4dcf-a91a-b858634f7ca8@group-6779B489C9A8->4bd4e05e-fa44-45f4-99bb-ac21c4078a41-GrpcLogAppender: appendEntries Timeout, request=69a71f03-bd49-4dcf-a91a-b858634f7ca8->4bd4e05e-fa44-45f4-99bb-ac21c4078a41#69-t1, previous=(t:1, i:14), leaderCommit=10, initializing? false, entries: <empty>
2019-09-11 07:03:32,323 [java.util.concurrent.ThreadPoolExecutor$Worker@3775a19a[State = -1, empty queue]] WARN  server.GrpcLogAppender (GrpcLogAppender.java:timeoutAppendRequest(200)) - 69a71f03-bd49-4dcf-a91a-b858634f7ca8@group-6779B489C9A8->1a989eca-a026-4062-a574-e52a85f9a2a4-GrpcLogAppender: appendEntries Timeout, request=69a71f03-bd49-4dcf-a91a-b858634f7ca8->1a989eca-a026-4062-a574-e52a85f9a2a4#69-t1, previous=(t:1, i:14), leaderCommit=10, initializing? false, entries: <empty>
2019-09-11 07:03:33,502 [grpc-default-executor-1] INFO  client.GrpcClientProtocolClient (GrpcClientProtocolClient.java:onNext(264)) - client-8D786902D131->1a989eca-a026-4062-a574-e52a85f9a2a4: receive RaftClientReply:client-8D786902D131->1a989eca-a026-4062-a574-e52a85f9a2a4@group-6779B489C9A8, cid=41, FAILED org.apache.ratis.protocol.NotLeaderException: Server 1a989eca-a026-4062-a574-e52a85f9a2a4@group-6779B489C9A8 is not the leader 69a71f03-bd49-4dcf-a91a-b858634f7ca8:192.168.34.12:43469, logIndex=0, commits[1a989eca-a026-4062-a574-e52a85f9a2a4:c10, 69a71f03-bd49-4dcf-a91a-b858634f7ca8:c10, 4bd4e05e-fa44-45f4-99bb-ac21c4078a41:c6]
2019-09-11 07:03:34,324 [org.apache.ratis.server.impl.LogAppender$AppenderDaemon$$Lambda$511/1624611919@6a2e7679] ERROR ratis.XceiverServerRatis (XceiverServerRatis.java:triggerPipelineClose(568)) - pipeline Action CLOSE  on pipeline PipelineID=b5146873-3458-472b-a3c0-6779b489c9a8.Reason : 69a71f03-bd49-4dcf-a91a-b858634f7ca8 has not seen follower/s 4bd4e05e-fa44-45f4-99bb-ac21c4078a41 for 142339ms 1a989eca-a026-4062-a574-e52a85f9a2a4 for 142339ms
2019-09-11 07:03:34,325 [org.apache.ratis.server.impl.LogAppender$AppenderDaemon$$Lambda$511/1624611919@516e5a75] ERROR ratis.XceiverServerRatis (XceiverServerRatis.java:triggerPipelineClose(568)) - pipeline Action CLOSE  on pipeline PipelineID=b5146873-3458-472b-a3c0-6779b489c9a8.Reason : 69a71f03-bd49-4dcf-a91a-b858634f7ca8 has not seen follower/s 4bd4e05e-fa44-45f4-99bb-ac21c4078a41 for 142340ms 1a989eca-a026-4062-a574-e52a85f9a2a4 for 142340ms
2019-09-11 07:03:34,823 [java.util.concurrent.ThreadPoolExecutor$Worker@3775a19a[State = -1, empty queue]] WARN  server.GrpcLogAppender (GrpcLogAppender.java:timeoutAppendRequest(200)) - 69a71f03-bd49-4dcf-a91a-b858634f7ca8@group-6779B489C9A8->1a989eca-a026-4062-a574-e52a85f9a2a4-GrpcLogAppender: appendEntries Timeout, request=69a71f03-bd49-4dcf-a91a-b858634f7ca8->1a989eca-a026-4062-a574-e52a85f9a2a4#70-t1, previous=(t:1, i:14), leaderCommit=10, initializing? false, entries: <empty>
2019-09-11 07:03:34,824 [java.util.concurrent.ThreadPoolExecutor$Worker@634444f[State = -1, empty queue]] WARN  server.GrpcLogAppender (GrpcLogAppender.java:timeoutAppendRequest(200)) - 69a71f03-bd49-4dcf-a91a-b858634f7ca8@group-6779B489C9A8->4bd4e05e-fa44-45f4-99bb-ac21c4078a41-GrpcLogAppender: appendEntries Timeout, request=69a71f03-bd49-4dcf-a91a-b858634f7ca8->4bd4e05e-fa44-45f4-99bb-ac21c4078a41#70-t1, previous=(t:1, i:14), leaderCommit=10, initializing? false, entries: <empty>
2019-09-11 07:03:35,321 [EventQueue-PipelineActionsForPipelineActionHandler] ERROR pipeline.PipelineActionHandler (PipelineActionHandler.java:onMessage(60)) - Received pipeline action CLOSE for Pipeline[ Id: b5146873-3458-472b-a3c0-6779b489c9a8, Nodes: 1a989eca-a026-4062-a574-e52a85f9a2a4{ip: 192.168.34.12, host: pr-hdds-2106-8t9qr-763259812, networkLocation: /default-rack, certSerialId: null}4bd4e05e-fa44-45f4-99bb-ac21c4078a41{ip: 192.168.34.12, host: pr-hdds-2106-8t9qr-763259812, networkLocation: /default-rack, certSerialId: null}69a71f03-bd49-4dcf-a91a-b858634f7ca8{ip: 192.168.34.12, host: pr-hdds-2106-8t9qr-763259812, networkLocation: /default-rack, certSerialId: null}, Type:RATIS, Factor:THREE, State:CLOSED] from datanode 69a71f03-bd49-4dcf-a91a-b858634f7ca8{ip: 192.168.34.12, host: pr-hdds-2106-8t9qr-763259812, networkLocation: /default-rack, certSerialId: null}. Reason : 69a71f03-bd49-4dcf-a91a-b858634f7ca8 has not seen follower/s 4bd4e05e-fa44-45f4-99bb-ac21c4078a41 for 142339ms 1a989eca-a026-4062-a574-e52a85f9a2a4 for 142339ms
2019-09-11 07:03:35,322 [EventQueue-PipelineActionsForPipelineActionHandler] INFO  pipeline.SCMPipelineManager (SCMPipelineManager.java:finalizeAndDestroyPipeline(311)) - destroying pipeline:Pipeline[ Id: b5146873-3458-472b-a3c0-6779b489c9a8, Nodes: 1a989eca-a026-4062-a574-e52a85f9a2a4{ip: 192.168.34.12, host: pr-hdds-2106-8t9qr-763259812, networkLocation: /default-rack, certSerialId: null}4bd4e05e-fa44-45f4-99bb-ac21c4078a41{ip: 192.168.34.12, host: pr-hdds-2106-8t9qr-763259812, networkLocation: /default-rack, certSerialId: null}69a71f03-bd49-4dcf-a91a-b858634f7ca8{ip: 192.168.34.12, host: pr-hdds-2106-8t9qr-763259812, networkLocation: /default-rack, certSerialId: null}, Type:RATIS, Factor:THREE, State:CLOSED]
2019-09-11 07:03:36,825 [org.apache.ratis.server.impl.LogAppender$AppenderDaemon$$Lambda$511/1624611919@6a2e7679] ERROR ratis.XceiverServerRatis (XceiverServerRatis.java:triggerPipelineClose(568)) - pipeline Action CLOSE  on pipeline PipelineID=b5146873-3458-472b-a3c0-6779b489c9a8.Reason : 69a71f03-bd49-4dcf-a91a-b858634f7ca8 has not seen follower/s 4bd4e05e-fa44-45f4-99bb-ac21c4078a41 for 144840ms 1a989eca-a026-4062-a574-e52a85f9a2a4 for 144840ms
2019-09-11 07:03:36,826 [org.apache.ratis.server.impl.LogAppender$AppenderDaemon$$Lambda$511/1624611919@516e5a75] ERROR ratis.XceiverServerRatis (XceiverServerRatis.java:triggerPipelineClose(568)) - pipeline Action CLOSE  on pipeline PipelineID=b5146873-3458-472b-a3c0-6779b489c9a8.Reason : 69a71f03-bd49-4dcf-a91a-b858634f7ca8 has not seen follower/s 4bd4e05e-fa44-45f4-99bb-ac21c4078a41 for 144841ms 1a989eca-a026-4062-a574-e52a85f9a2a4 for 144841ms
2019-09-11 07:03:37,321 [EventQueue-PipelineActionsForPipelineActionHandler] ERROR pipeline.PipelineActionHandler (PipelineActionHandler.java:onMessage(60)) - Received pipeline action CLOSE for Pipeline[ Id: b5146873-3458-472b-a3c0-6779b489c9a8, Nodes: 1a989eca-a026-4062-a574-e52a85f9a2a4{ip: 192.168.34.12, host: pr-hdds-2106-8t9qr-763259812, networkLocation: /default-rack, certSerialId: null}4bd4e05e-fa44-45f4-99bb-ac21c4078a41{ip: 192.168.34.12, host: pr-hdds-2106-8t9qr-763259812, networkLocation: /default-rack, certSerialId: null}69a71f03-bd49-4dcf-a91a-b858634f7ca8{ip: 192.168.34.12, host: pr-hdds-2106-8t9qr-763259812, networkLocation: /default-rack, certSerialId: null}, Type:RATIS, Factor:THREE, State:CLOSED] from datanode 69a71f03-bd49-4dcf-a91a-b858634f7ca8{ip: 192.168.34.12, host: pr-hdds-2106-8t9qr-763259812, networkLocation: /default-rack, certSerialId: null}. Reason : 69a71f03-bd49-4dcf-a91a-b858634f7ca8 has not seen follower/s 4bd4e05e-fa44-45f4-99bb-ac21c4078a41 for 144840ms 1a989eca-a026-4062-a574-e52a85f9a2a4 for 144840ms
2019-09-11 07:03:37,321 [EventQueue-PipelineActionsForPipelineActionHandler] INFO  pipeline.SCMPipelineManager (SCMPipelineManager.java:finalizeAndDestroyPipeline(311)) - destroying pipeline:Pipeline[ Id: b5146873-3458-472b-a3c0-6779b489c9a8, Nodes: 1a989eca-a026-4062-a574-e52a85f9a2a4{ip: 192.168.34.12, host: pr-hdds-2106-8t9qr-763259812, networkLocation: /default-rack, certSerialId: null}4bd4e05e-fa44-45f4-99bb-ac21c4078a41{ip: 192.168.34.12, host: pr-hdds-2106-8t9qr-763259812, networkLocation: /default-rack, certSerialId: null}69a71f03-bd49-4dcf-a91a-b858634f7ca8{ip: 192.168.34.12, host: pr-hdds-2106-8t9qr-763259812, networkLocation: /default-rack, certSerialId: null}, Type:RATIS, Factor:THREE, State:CLOSED]
2019-09-11 07:03:37,324 [java.util.concurrent.ThreadPoolExecutor$Worker@3775a19a[State = -1, empty queue]] WARN  server.GrpcLogAppender (GrpcLogAppender.java:timeoutAppendRequest(200)) - 69a71f03-bd49-4dcf-a91a-b858634f7ca8@group-6779B489C9A8->1a989eca-a026-4062-a574-e52a85f9a2a4-GrpcLogAppender: appendEntries Timeout, request=69a71f03-bd49-4dcf-a91a-b858634f7ca8->1a989eca-a026-4062-a574-e52a85f9a2a4#71-t1, previous=(t:1, i:14), leaderCommit=10, initializing? false, entries: <empty>
2019-09-11 07:03:37,325 [java.util.concurrent.ThreadPoolExecutor$Worker@634444f[State = -1, empty queue]] WARN  server.GrpcLogAppender (GrpcLogAppender.java:timeoutAppendRequest(200)) - 69a71f03-bd49-4dcf-a91a-b858634f7ca8@group-6779B489C9A8->4bd4e05e-fa44-45f4-99bb-ac21c4078a41-GrpcLogAppender: appendEntries Timeout, request=69a71f03-bd49-4dcf-a91a-b858634f7ca8->4bd4e05e-fa44-45f4-99bb-ac21c4078a41#71-t1, previous=(t:1, i:14), leaderCommit=10, initializing? false, entries: <empty>
2019-09-11 07:03:38,572 [grpc-default-executor-1] INFO  client.GrpcClientProtocolClient (GrpcClientProtocolClient.java:onNext(264)) - client-8D786902D131->4bd4e05e-fa44-45f4-99bb-ac21c4078a41: receive RaftClientReply:client-8D786902D131->4bd4e05e-fa44-45f4-99bb-ac21c4078a41@group-6779B489C9A8, cid=41, FAILED org.apache.ratis.protocol.NotLeaderException: Server 4bd4e05e-fa44-45f4-99bb-ac21c4078a41@group-6779B489C9A8 is not the leader 69a71f03-bd49-4dcf-a91a-b858634f7ca8:192.168.34.12:43469, logIndex=0, commits[4bd4e05e-fa44-45f4-99bb-ac21c4078a41:c10, 69a71f03-bd49-4dcf-a91a-b858634f7ca8:c10, 1a989eca-a026-4062-a574-e52a85f9a2a4:c6]
2019-09-11 07:03:39,326 [org.apache.ratis.server.impl.LogAppender$AppenderDaemon$$Lambda$511/1624611919@6a2e7679] ERROR ratis.XceiverServerRatis (XceiverServerRatis.java:triggerPipelineClose(568)) - pipeline Action CLOSE  on pipeline PipelineID=b5146873-3458-472b-a3c0-6779b489c9a8.Reason : 69a71f03-bd49-4dcf-a91a-b858634f7ca8 has not seen follower/s 4bd4e05e-fa44-45f4-99bb-ac21c4078a41 for 147341ms 1a989eca-a026-4062-a574-e52a85f9a2a4 for 147341ms
2019-09-11 07:03:39,327 [org.apache.ratis.server.impl.LogAppender$AppenderDaemon$$Lambda$511/1624611919@516e5a75] ERROR ratis.XceiverServerRatis (XceiverServerRatis.java:triggerPipelineClose(568)) - pipeline Action CLOSE  on pipeline PipelineID=b5146873-3458-472b-a3c0-6779b489c9a8.Reason : 69a71f03-bd49-4dcf-a91a-b858634f7ca8 has not seen follower/s 4bd4e05e-fa44-45f4-99bb-ac21c4078a41 for 147342ms 1a989eca-a026-4062-a574-e52a85f9a2a4 for 147342ms
2019-09-11 07:03:39,825 [java.util.concurrent.ThreadPoolExecutor$Worker@3775a19a[State = -1, empty queue]] WARN  server.GrpcLogAppender (GrpcLogAppender.java:timeoutAppendRequest(200)) - 69a71f03-bd49-4dcf-a91a-b858634f7ca8@group-6779B489C9A8->1a989eca-a026-4062-a574-e52a85f9a2a4-GrpcLogAppender: appendEntries Timeout, request=69a71f03-bd49-4dcf-a91a-b858634f7ca8->1a989eca-a026-4062-a574-e52a85f9a2a4#72-t1, previous=(t:1, i:14), leaderCommit=10, initializing? false, entries: <empty>
2019-09-11 07:03:39,826 [java.util.concurrent.ThreadPoolExecutor$Worker@634444f[State = -1, empty queue]] WARN  server.GrpcLogAppender (GrpcLogAppender.java:timeoutAppendRequest(200)) - 69a71f03-bd49-4dcf-a91a-b858634f7ca8@group-6779B489C9A8->4bd4e05e-fa44-45f4-99bb-ac21c4078a41-GrpcLogAppender: appendEntries Timeout, request=69a71f03-bd49-4dcf-a91a-b858634f7ca8->4bd4e05e-fa44-45f4-99bb-ac21c4078a41#72-t1, previous=(t:1, i:14), leaderCommit=10, initializing? false, entries: <empty>
2019-09-11 07:03:40,321 [EventQueue-PipelineActionsForPipelineActionHandler] ERROR pipeline.PipelineActionHandler (PipelineActionHandler.java:onMessage(60)) - Received pipeline action CLOSE for Pipeline[ Id: b5146873-3458-472b-a3c0-6779b489c9a8, Nodes: 1a989eca-a026-4062-a574-e52a85f9a2a4{ip: 192.168.34.12, host: pr-hdds-2106-8t9qr-763259812, networkLocation: /default-rack, certSerialId: null}4bd4e05e-fa44-45f4-99bb-ac21c4078a41{ip: 192.168.34.12, host: pr-hdds-2106-8t9qr-763259812, networkLocation: /default-rack, certSerialId: null}69a71f03-bd49-4dcf-a91a-b858634f7ca8{ip: 192.168.34.12, host: pr-hdds-2106-8t9qr-763259812, networkLocation: /default-rack, certSerialId: null}, Type:RATIS, Factor:THREE, State:CLOSED] from datanode 69a71f03-bd49-4dcf-a91a-b858634f7ca8{ip: 192.168.34.12, host: pr-hdds-2106-8t9qr-763259812, networkLocation: /default-rack, certSerialId: null}. Reason : 69a71f03-bd49-4dcf-a91a-b858634f7ca8 has not seen follower/s 4bd4e05e-fa44-45f4-99bb-ac21c4078a41 for 147341ms 1a989eca-a026-4062-a574-e52a85f9a2a4 for 147341ms
2019-09-11 07:03:40,322 [EventQueue-PipelineActionsForPipelineActionHandler] INFO  pipeline.SCMPipelineManager (SCMPipelineManager.java:finalizeAndDestroyPipeline(311)) - destroying pipeline:Pipeline[ Id: b5146873-3458-472b-a3c0-6779b489c9a8, Nodes: 1a989eca-a026-4062-a574-e52a85f9a2a4{ip: 192.168.34.12, host: pr-hdds-2106-8t9qr-763259812, networkLocation: /default-rack, certSerialId: null}4bd4e05e-fa44-45f4-99bb-ac21c4078a41{ip: 192.168.34.12, host: pr-hdds-2106-8t9qr-763259812, networkLocation: /default-rack, certSerialId: null}69a71f03-bd49-4dcf-a91a-b858634f7ca8{ip: 192.168.34.12, host: pr-hdds-2106-8t9qr-763259812, networkLocation: /default-rack, certSerialId: null}, Type:RATIS, Factor:THREE, State:CLOSED]
2019-09-11 07:03:41,827 [org.apache.ratis.server.impl.LogAppender$AppenderDaemon$$Lambda$511/1624611919@6a2e7679] ERROR ratis.XceiverServerRatis (XceiverServerRatis.java:triggerPipelineClose(568)) - pipeline Action CLOSE  on pipeline PipelineID=b5146873-3458-472b-a3c0-6779b489c9a8.Reason : 69a71f03-bd49-4dcf-a91a-b858634f7ca8 has not seen follower/s 4bd4e05e-fa44-45f4-99bb-ac21c4078a41 for 149842ms 1a989eca-a026-4062-a574-e52a85f9a2a4 for 149842ms
2019-09-11 07:03:41,827 [org.apache.ratis.server.impl.LogAppender$AppenderDaemon$$Lambda$511/1624611919@516e5a75] ERROR ratis.XceiverServerRatis (XceiverServerRatis.java:triggerPipelineClose(568)) - pipeline Action CLOSE  on pipeline PipelineID=b5146873-3458-472b-a3c0-6779b489c9a8.Reason : 69a71f03-bd49-4dcf-a91a-b858634f7ca8 has not seen follower/s 4bd4e05e-fa44-45f4-99bb-ac21c4078a41 for 149843ms 1a989eca-a026-4062-a574-e52a85f9a2a4 for 149843ms
2019-09-11 07:03:42,156 [69a71f03-bd49-4dcf-a91a-b858634f7ca8@group-6779B489C9A8-SegmentedRaftLogWorker] WARN  segmented.SegmentedRaftLogWorker (SegmentedRaftLogWorker.java:getFromFuture(90)) - Timeout 14/~
org.apache.ratis.protocol.TimeoutIOException: Timeout 10s: WriteLog:11: (t:1, i:11), STATEMACHINELOGENTRY, client-8D786902D131, cid=41-writeStateMachineData
	at org.apache.ratis.util.IOUtils.getFromFuture(IOUtils.java:87)
	at org.apache.ratis.server.raftlog.segmented.SegmentedRaftLogWorker$StateMachineDataPolicy.getFromFuture(SegmentedRaftLogWorker.java:87)
	at org.apache.ratis.server.raftlog.segmented.SegmentedRaftLogWorker$WriteLog.execute(SegmentedRaftLogWorker.java:477)
	at org.apache.ratis.server.raftlog.segmented.SegmentedRaftLogWorker.run(SegmentedRaftLogWorker.java:289)
	at java.lang.Thread.run(Thread.java:748)
Caused by: java.util.concurrent.TimeoutException
	at java.util.concurrent.CompletableFuture.timedGet(CompletableFuture.java:1771)
	at java.util.concurrent.CompletableFuture.get(CompletableFuture.java:1915)
	at org.apache.ratis.util.IOUtils.getFromFuture(IOUtils.java:79)
	... 4 more
2019-09-11 07:03:42,262 [1a989eca-a026-4062-a574-e52a85f9a2a4@group-6779B489C9A8-SegmentedRaftLogWorker] WARN  segmented.SegmentedRaftLogWorker (SegmentedRaftLogWorker.java:getFromFuture(90)) - Timeout 14/~
org.apache.ratis.protocol.TimeoutIOException: Timeout 10s: WriteLog:12: (t:1, i:12), STATEMACHINELOGENTRY, client-8D786902D131, cid=42-writeStateMachineData
	at org.apache.ratis.util.IOUtils.getFromFuture(IOUtils.java:87)
	at org.apache.ratis.server.raftlog.segmented.SegmentedRaftLogWorker$StateMachineDataPolicy.getFromFuture(SegmentedRaftLogWorker.java:87)
	at org.apache.ratis.server.raftlog.segmented.SegmentedRaftLogWorker$WriteLog.execute(SegmentedRaftLogWorker.java:477)
	at org.apache.ratis.server.raftlog.segmented.SegmentedRaftLogWorker.run(SegmentedRaftLogWorker.java:289)
	at java.lang.Thread.run(Thread.java:748)
Caused by: java.util.concurrent.TimeoutException
	at java.util.concurrent.CompletableFuture.timedGet(CompletableFuture.java:1771)
	at java.util.concurrent.CompletableFuture.get(CompletableFuture.java:1915)
	at org.apache.ratis.util.IOUtils.getFromFuture(IOUtils.java:79)
	... 4 more
2019-09-11 07:03:42,262 [4bd4e05e-fa44-45f4-99bb-ac21c4078a41@group-6779B489C9A8-SegmentedRaftLogWorker] WARN  segmented.SegmentedRaftLogWorker (SegmentedRaftLogWorker.java:getFromFuture(90)) - Timeout 14/~
org.apache.ratis.protocol.TimeoutIOException: Timeout 10s: WriteLog:12: (t:1, i:12), STATEMACHINELOGENTRY, client-8D786902D131, cid=42-writeStateMachineData
	at org.apache.ratis.util.IOUtils.getFromFuture(IOUtils.java:87)
	at org.apache.ratis.server.raftlog.segmented.SegmentedRaftLogWorker$StateMachineDataPolicy.getFromFuture(SegmentedRaftLogWorker.java:87)
	at org.apache.ratis.server.raftlog.segmented.SegmentedRaftLogWorker$WriteLog.execute(SegmentedRaftLogWorker.java:477)
	at org.apache.ratis.server.raftlog.segmented.SegmentedRaftLogWorker.run(SegmentedRaftLogWorker.java:289)
	at java.lang.Thread.run(Thread.java:748)
Caused by: java.util.concurrent.TimeoutException
	at java.util.concurrent.CompletableFuture.timedGet(CompletableFuture.java:1771)
	at java.util.concurrent.CompletableFuture.get(CompletableFuture.java:1915)
	at org.apache.ratis.util.IOUtils.getFromFuture(IOUtils.java:79)
	... 4 more
2019-09-11 07:03:42,321 [EventQueue-PipelineActionsForPipelineActionHandler] ERROR pipeline.PipelineActionHandler (PipelineActionHandler.java:onMessage(60)) - Received pipeline action CLOSE for Pipeline[ Id: b5146873-3458-472b-a3c0-6779b489c9a8, Nodes: 1a989eca-a026-4062-a574-e52a85f9a2a4{ip: 192.168.34.12, host: pr-hdds-2106-8t9qr-763259812, networkLocation: /default-rack, certSerialId: null}4bd4e05e-fa44-45f4-99bb-ac21c4078a41{ip: 192.168.34.12, host: pr-hdds-2106-8t9qr-763259812, networkLocation: /default-rack, certSerialId: null}69a71f03-bd49-4dcf-a91a-b858634f7ca8{ip: 192.168.34.12, host: pr-hdds-2106-8t9qr-763259812, networkLocation: /default-rack, certSerialId: null}, Type:RATIS, Factor:THREE, State:CLOSED] from datanode 69a71f03-bd49-4dcf-a91a-b858634f7ca8{ip: 192.168.34.12, host: pr-hdds-2106-8t9qr-763259812, networkLocation: /default-rack, certSerialId: null}. Reason : 69a71f03-bd49-4dcf-a91a-b858634f7ca8 has not seen follower/s 4bd4e05e-fa44-45f4-99bb-ac21c4078a41 for 149842ms 1a989eca-a026-4062-a574-e52a85f9a2a4 for 149842ms
2019-09-11 07:03:42,321 [EventQueue-PipelineActionsForPipelineActionHandler] INFO  pipeline.SCMPipelineManager (SCMPipelineManager.java:finalizeAndDestroyPipeline(311)) - destroying pipeline:Pipeline[ Id: b5146873-3458-472b-a3c0-6779b489c9a8, Nodes: 1a989eca-a026-4062-a574-e52a85f9a2a4{ip: 192.168.34.12, host: pr-hdds-2106-8t9qr-763259812, networkLocation: /default-rack, certSerialId: null}4bd4e05e-fa44-45f4-99bb-ac21c4078a41{ip: 192.168.34.12, host: pr-hdds-2106-8t9qr-763259812, networkLocation: /default-rack, certSerialId: null}69a71f03-bd49-4dcf-a91a-b858634f7ca8{ip: 192.168.34.12, host: pr-hdds-2106-8t9qr-763259812, networkLocation: /default-rack, certSerialId: null}, Type:RATIS, Factor:THREE, State:CLOSED]
2019-09-11 07:03:42,326 [java.util.concurrent.ThreadPoolExecutor$Worker@3775a19a[State = -1, empty queue]] WARN  server.GrpcLogAppender (GrpcLogAppender.java:timeoutAppendRequest(200)) - 69a71f03-bd49-4dcf-a91a-b858634f7ca8@group-6779B489C9A8->1a989eca-a026-4062-a574-e52a85f9a2a4-GrpcLogAppender: appendEntries Timeout, request=69a71f03-bd49-4dcf-a91a-b858634f7ca8->1a989eca-a026-4062-a574-e52a85f9a2a4#73-t1, previous=(t:1, i:14), leaderCommit=10, initializing? false, entries: <empty>
2019-09-11 07:03:42,327 [java.util.concurrent.ThreadPoolExecutor$Worker@634444f[State = -1, empty queue]] WARN  server.GrpcLogAppender (GrpcLogAppender.java:timeoutAppendRequest(200)) - 69a71f03-bd49-4dcf-a91a-b858634f7ca8@group-6779B489C9A8->4bd4e05e-fa44-45f4-99bb-ac21c4078a41-GrpcLogAppender: appendEntries Timeout, request=69a71f03-bd49-4dcf-a91a-b858634f7ca8->4bd4e05e-fa44-45f4-99bb-ac21c4078a41#73-t1, previous=(t:1, i:14), leaderCommit=10, initializing? false, entries: <empty>
2019-09-11 07:03:43,622 [grpc-default-executor-2] INFO  client.GrpcClientProtocolClient (GrpcClientProtocolClient.java:onNext(264)) - client-8D786902D131->4bd4e05e-fa44-45f4-99bb-ac21c4078a41: receive RaftClientReply:client-8D786902D131->4bd4e05e-fa44-45f4-99bb-ac21c4078a41@group-6779B489C9A8, cid=41, FAILED org.apache.ratis.protocol.NotLeaderException: Server 4bd4e05e-fa44-45f4-99bb-ac21c4078a41@group-6779B489C9A8 is not the leader 69a71f03-bd49-4dcf-a91a-b858634f7ca8:192.168.34.12:43469, logIndex=0, commits[4bd4e05e-fa44-45f4-99bb-ac21c4078a41:c10, 69a71f03-bd49-4dcf-a91a-b858634f7ca8:c10, 1a989eca-a026-4062-a574-e52a85f9a2a4:c6]
2019-09-11 07:03:44,327 [org.apache.ratis.server.impl.LogAppender$AppenderDaemon$$Lambda$511/1624611919@6a2e7679] ERROR ratis.XceiverServerRatis (XceiverServerRatis.java:triggerPipelineClose(568)) - pipeline Action CLOSE  on pipeline PipelineID=b5146873-3458-472b-a3c0-6779b489c9a8.Reason : 69a71f03-bd49-4dcf-a91a-b858634f7ca8 has not seen follower/s 4bd4e05e-fa44-45f4-99bb-ac21c4078a41 for 152342ms 1a989eca-a026-4062-a574-e52a85f9a2a4 for 152342ms
2019-09-11 07:03:44,328 [org.apache.ratis.server.impl.LogAppender$AppenderDaemon$$Lambda$511/1624611919@516e5a75] ERROR ratis.XceiverServerRatis (XceiverServerRatis.java:triggerPipelineClose(568)) - pipeline Action CLOSE  on pipeline PipelineID=b5146873-3458-472b-a3c0-6779b489c9a8.Reason : 69a71f03-bd49-4dcf-a91a-b858634f7ca8 has not seen follower/s 4bd4e05e-fa44-45f4-99bb-ac21c4078a41 for 152344ms 1a989eca-a026-4062-a574-e52a85f9a2a4 for 152343ms
2019-09-11 07:03:44,826 [java.util.concurrent.ThreadPoolExecutor$Worker@3775a19a[State = -1, empty queue]] WARN  server.GrpcLogAppender (GrpcLogAppender.java:timeoutAppendRequest(200)) - 69a71f03-bd49-4dcf-a91a-b858634f7ca8@group-6779B489C9A8->1a989eca-a026-4062-a574-e52a85f9a2a4-GrpcLogAppender: appendEntries Timeout, request=69a71f03-bd49-4dcf-a91a-b858634f7ca8->1a989eca-a026-4062-a574-e52a85f9a2a4#74-t1, previous=(t:1, i:14), leaderCommit=10, initializing? false, entries: <empty>
2019-09-11 07:03:44,827 [java.util.concurrent.ThreadPoolExecutor$Worker@634444f[State = -1, empty queue]] WARN  server.GrpcLogAppender (GrpcLogAppender.java:timeoutAppendRequest(200)) - 69a71f03-bd49-4dcf-a91a-b858634f7ca8@group-6779B489C9A8->4bd4e05e-fa44-45f4-99bb-ac21c4078a41-GrpcLogAppender: appendEntries Timeout, request=69a71f03-bd49-4dcf-a91a-b858634f7ca8->4bd4e05e-fa44-45f4-99bb-ac21c4078a41#74-t1, previous=(t:1, i:14), leaderCommit=10, initializing? false, entries: <empty>
2019-09-11 07:03:45,322 [EventQueue-PipelineActionsForPipelineActionHandler] ERROR pipeline.PipelineActionHandler (PipelineActionHandler.java:onMessage(60)) - Received pipeline action CLOSE for Pipeline[ Id: b5146873-3458-472b-a3c0-6779b489c9a8, Nodes: 1a989eca-a026-4062-a574-e52a85f9a2a4{ip: 192.168.34.12, host: pr-hdds-2106-8t9qr-763259812, networkLocation: /default-rack, certSerialId: null}4bd4e05e-fa44-45f4-99bb-ac21c4078a41{ip: 192.168.34.12, host: pr-hdds-2106-8t9qr-763259812, networkLocation: /default-rack, certSerialId: null}69a71f03-bd49-4dcf-a91a-b858634f7ca8{ip: 192.168.34.12, host: pr-hdds-2106-8t9qr-763259812, networkLocation: /default-rack, certSerialId: null}, Type:RATIS, Factor:THREE, State:CLOSED] from datanode 69a71f03-bd49-4dcf-a91a-b858634f7ca8{ip: 192.168.34.12, host: pr-hdds-2106-8t9qr-763259812, networkLocation: /default-rack, certSerialId: null}. Reason : 69a71f03-bd49-4dcf-a91a-b858634f7ca8 has not seen follower/s 4bd4e05e-fa44-45f4-99bb-ac21c4078a41 for 152342ms 1a989eca-a026-4062-a574-e52a85f9a2a4 for 152342ms
2019-09-11 07:03:45,323 [EventQueue-PipelineActionsForPipelineActionHandler] INFO  pipeline.SCMPipelineManager (SCMPipelineManager.java:finalizeAndDestroyPipeline(311)) - destroying pipeline:Pipeline[ Id: b5146873-3458-472b-a3c0-6779b489c9a8, Nodes: 1a989eca-a026-4062-a574-e52a85f9a2a4{ip: 192.168.34.12, host: pr-hdds-2106-8t9qr-763259812, networkLocation: /default-rack, certSerialId: null}4bd4e05e-fa44-45f4-99bb-ac21c4078a41{ip: 192.168.34.12, host: pr-hdds-2106-8t9qr-763259812, networkLocation: /default-rack, certSerialId: null}69a71f03-bd49-4dcf-a91a-b858634f7ca8{ip: 192.168.34.12, host: pr-hdds-2106-8t9qr-763259812, networkLocation: /default-rack, certSerialId: null}, Type:RATIS, Factor:THREE, State:CLOSED]
2019-09-11 07:03:46,828 [org.apache.ratis.server.impl.LogAppender$AppenderDaemon$$Lambda$511/1624611919@6a2e7679] ERROR ratis.XceiverServerRatis (XceiverServerRatis.java:triggerPipelineClose(568)) - pipeline Action CLOSE  on pipeline PipelineID=b5146873-3458-472b-a3c0-6779b489c9a8.Reason : 69a71f03-bd49-4dcf-a91a-b858634f7ca8 has not seen follower/s 4bd4e05e-fa44-45f4-99bb-ac21c4078a41 for 154843ms 1a989eca-a026-4062-a574-e52a85f9a2a4 for 154843ms
2019-09-11 07:03:46,829 [org.apache.ratis.server.impl.LogAppender$AppenderDaemon$$Lambda$511/1624611919@516e5a75] ERROR ratis.XceiverServerRatis (XceiverServerRatis.java:triggerPipelineClose(568)) - pipeline Action CLOSE  on pipeline PipelineID=b5146873-3458-472b-a3c0-6779b489c9a8.Reason : 69a71f03-bd49-4dcf-a91a-b858634f7ca8 has not seen follower/s 4bd4e05e-fa44-45f4-99bb-ac21c4078a41 for 154844ms 1a989eca-a026-4062-a574-e52a85f9a2a4 for 154844ms
2019-09-11 07:03:47,323 [EventQueue-PipelineActionsForPipelineActionHandler] ERROR pipeline.PipelineActionHandler (PipelineActionHandler.java:onMessage(60)) - Received pipeline action CLOSE for Pipeline[ Id: b5146873-3458-472b-a3c0-6779b489c9a8, Nodes: 1a989eca-a026-4062-a574-e52a85f9a2a4{ip: 192.168.34.12, host: pr-hdds-2106-8t9qr-763259812, networkLocation: /default-rack, certSerialId: null}4bd4e05e-fa44-45f4-99bb-ac21c4078a41{ip: 192.168.34.12, host: pr-hdds-2106-8t9qr-763259812, networkLocation: /default-rack, certSerialId: null}69a71f03-bd49-4dcf-a91a-b858634f7ca8{ip: 192.168.34.12, host: pr-hdds-2106-8t9qr-763259812, networkLocation: /default-rack, certSerialId: null}, Type:RATIS, Factor:THREE, State:CLOSED] from datanode 69a71f03-bd49-4dcf-a91a-b858634f7ca8{ip: 192.168.34.12, host: pr-hdds-2106-8t9qr-763259812, networkLocation: /default-rack, certSerialId: null}. Reason : 69a71f03-bd49-4dcf-a91a-b858634f7ca8 has not seen follower/s 4bd4e05e-fa44-45f4-99bb-ac21c4078a41 for 154843ms 1a989eca-a026-4062-a574-e52a85f9a2a4 for 154843ms
2019-09-11 07:03:47,324 [EventQueue-PipelineActionsForPipelineActionHandler] INFO  pipeline.SCMPipelineManager (SCMPipelineManager.java:finalizeAndDestroyPipeline(311)) - destroying pipeline:Pipeline[ Id: b5146873-3458-472b-a3c0-6779b489c9a8, Nodes: 1a989eca-a026-4062-a574-e52a85f9a2a4{ip: 192.168.34.12, host: pr-hdds-2106-8t9qr-763259812, networkLocation: /default-rack, certSerialId: null}4bd4e05e-fa44-45f4-99bb-ac21c4078a41{ip: 192.168.34.12, host: pr-hdds-2106-8t9qr-763259812, networkLocation: /default-rack, certSerialId: null}69a71f03-bd49-4dcf-a91a-b858634f7ca8{ip: 192.168.34.12, host: pr-hdds-2106-8t9qr-763259812, networkLocation: /default-rack, certSerialId: null}, Type:RATIS, Factor:THREE, State:CLOSED]
2019-09-11 07:03:47,327 [java.util.concurrent.ThreadPoolExecutor$Worker@3775a19a[State = -1, empty queue]] WARN  server.GrpcLogAppender (GrpcLogAppender.java:timeoutAppendRequest(200)) - 69a71f03-bd49-4dcf-a91a-b858634f7ca8@group-6779B489C9A8->1a989eca-a026-4062-a574-e52a85f9a2a4-GrpcLogAppender: appendEntries Timeout, request=69a71f03-bd49-4dcf-a91a-b858634f7ca8->1a989eca-a026-4062-a574-e52a85f9a2a4#75-t1, previous=(t:1, i:14), leaderCommit=10, initializing? false, entries: <empty>
2019-09-11 07:03:47,328 [java.util.concurrent.ThreadPoolExecutor$Worker@634444f[State = -1, empty queue]] WARN  server.GrpcLogAppender (GrpcLogAppender.java:timeoutAppendRequest(200)) - 69a71f03-bd49-4dcf-a91a-b858634f7ca8@group-6779B489C9A8->4bd4e05e-fa44-45f4-99bb-ac21c4078a41-GrpcLogAppender: appendEntries Timeout, request=69a71f03-bd49-4dcf-a91a-b858634f7ca8->4bd4e05e-fa44-45f4-99bb-ac21c4078a41#75-t1, previous=(t:1, i:14), leaderCommit=10, initializing? false, entries: <empty>
2019-09-11 07:03:48,702 [grpc-default-executor-2] INFO  client.GrpcClientProtocolClient (GrpcClientProtocolClient.java:onNext(264)) - client-8D786902D131->1a989eca-a026-4062-a574-e52a85f9a2a4: receive RaftClientReply:client-8D786902D131->1a989eca-a026-4062-a574-e52a85f9a2a4@group-6779B489C9A8, cid=41, FAILED org.apache.ratis.protocol.NotLeaderException: Server 1a989eca-a026-4062-a574-e52a85f9a2a4@group-6779B489C9A8 is not the leader 69a71f03-bd49-4dcf-a91a-b858634f7ca8:192.168.34.12:43469, logIndex=0, commits[1a989eca-a026-4062-a574-e52a85f9a2a4:c10, 69a71f03-bd49-4dcf-a91a-b858634f7ca8:c10, 4bd4e05e-fa44-45f4-99bb-ac21c4078a41:c6]
2019-09-11 07:03:49,328 [org.apache.ratis.server.impl.LogAppender$AppenderDaemon$$Lambda$511/1624611919@6a2e7679] ERROR ratis.XceiverServerRatis (XceiverServerRatis.java:triggerPipelineClose(568)) - pipeline Action CLOSE  on pipeline PipelineID=b5146873-3458-472b-a3c0-6779b489c9a8.Reason : 69a71f03-bd49-4dcf-a91a-b858634f7ca8 has not seen follower/s 4bd4e05e-fa44-45f4-99bb-ac21c4078a41 for 157343ms 1a989eca-a026-4062-a574-e52a85f9a2a4 for 157343ms
2019-09-11 07:03:49,329 [org.apache.ratis.server.impl.LogAppender$AppenderDaemon$$Lambda$511/1624611919@516e5a75] ERROR ratis.XceiverServerRatis (XceiverServerRatis.java:triggerPipelineClose(568)) - pipeline Action CLOSE  on pipeline PipelineID=b5146873-3458-472b-a3c0-6779b489c9a8.Reason : 69a71f03-bd49-4dcf-a91a-b858634f7ca8 has not seen follower/s 4bd4e05e-fa44-45f4-99bb-ac21c4078a41 for 157345ms 1a989eca-a026-4062-a574-e52a85f9a2a4 for 157345ms
2019-09-11 07:03:49,827 [java.util.concurrent.ThreadPoolExecutor$Worker@3775a19a[State = -1, empty queue]] WARN  server.GrpcLogAppender (GrpcLogAppender.java:timeoutAppendRequest(200)) - 69a71f03-bd49-4dcf-a91a-b858634f7ca8@group-6779B489C9A8->1a989eca-a026-4062-a574-e52a85f9a2a4-GrpcLogAppender: appendEntries Timeout, request=69a71f03-bd49-4dcf-a91a-b858634f7ca8->1a989eca-a026-4062-a574-e52a85f9a2a4#76-t1, previous=(t:1, i:14), leaderCommit=10, initializing? false, entries: <empty>
2019-09-11 07:03:49,829 [java.util.concurrent.ThreadPoolExecutor$Worker@634444f[State = -1, empty queue]] WARN  server.GrpcLogAppender (GrpcLogAppender.java:timeoutAppendRequest(200)) - 69a71f03-bd49-4dcf-a91a-b858634f7ca8@group-6779B489C9A8->4bd4e05e-fa44-45f4-99bb-ac21c4078a41-GrpcLogAppender: appendEntries Timeout, request=69a71f03-bd49-4dcf-a91a-b858634f7ca8->4bd4e05e-fa44-45f4-99bb-ac21c4078a41#76-t1, previous=(t:1, i:14), leaderCommit=10, initializing? false, entries: <empty>
2019-09-11 07:03:50,322 [EventQueue-PipelineActionsForPipelineActionHandler] ERROR pipeline.PipelineActionHandler (PipelineActionHandler.java:onMessage(60)) - Received pipeline action CLOSE for Pipeline[ Id: b5146873-3458-472b-a3c0-6779b489c9a8, Nodes: 1a989eca-a026-4062-a574-e52a85f9a2a4{ip: 192.168.34.12, host: pr-hdds-2106-8t9qr-763259812, networkLocation: /default-rack, certSerialId: null}4bd4e05e-fa44-45f4-99bb-ac21c4078a41{ip: 192.168.34.12, host: pr-hdds-2106-8t9qr-763259812, networkLocation: /default-rack, certSerialId: null}69a71f03-bd49-4dcf-a91a-b858634f7ca8{ip: 192.168.34.12, host: pr-hdds-2106-8t9qr-763259812, networkLocation: /default-rack, certSerialId: null}, Type:RATIS, Factor:THREE, State:CLOSED] from datanode 69a71f03-bd49-4dcf-a91a-b858634f7ca8{ip: 192.168.34.12, host: pr-hdds-2106-8t9qr-763259812, networkLocation: /default-rack, certSerialId: null}. Reason : 69a71f03-bd49-4dcf-a91a-b858634f7ca8 has not seen follower/s 4bd4e05e-fa44-45f4-99bb-ac21c4078a41 for 157343ms 1a989eca-a026-4062-a574-e52a85f9a2a4 for 157343ms
2019-09-11 07:03:50,323 [EventQueue-PipelineActionsForPipelineActionHandler] INFO  pipeline.SCMPipelineManager (SCMPipelineManager.java:finalizeAndDestroyPipeline(311)) - destroying pipeline:Pipeline[ Id: b5146873-3458-472b-a3c0-6779b489c9a8, Nodes: 1a989eca-a026-4062-a574-e52a85f9a2a4{ip: 192.168.34.12, host: pr-hdds-2106-8t9qr-763259812, networkLocation: /default-rack, certSerialId: null}4bd4e05e-fa44-45f4-99bb-ac21c4078a41{ip: 192.168.34.12, host: pr-hdds-2106-8t9qr-763259812, networkLocation: /default-rack, certSerialId: null}69a71f03-bd49-4dcf-a91a-b858634f7ca8{ip: 192.168.34.12, host: pr-hdds-2106-8t9qr-763259812, networkLocation: /default-rack, certSerialId: null}, Type:RATIS, Factor:THREE, State:CLOSED]
2019-09-11 07:03:51,829 [org.apache.ratis.server.impl.LogAppender$AppenderDaemon$$Lambda$511/1624611919@6a2e7679] ERROR ratis.XceiverServerRatis (XceiverServerRatis.java:triggerPipelineClose(568)) - pipeline Action CLOSE  on pipeline PipelineID=b5146873-3458-472b-a3c0-6779b489c9a8.Reason : 69a71f03-bd49-4dcf-a91a-b858634f7ca8 has not seen follower/s 4bd4e05e-fa44-45f4-99bb-ac21c4078a41 for 159844ms 1a989eca-a026-4062-a574-e52a85f9a2a4 for 159844ms
2019-09-11 07:03:51,830 [org.apache.ratis.server.impl.LogAppender$AppenderDaemon$$Lambda$511/1624611919@516e5a75] ERROR ratis.XceiverServerRatis (XceiverServerRatis.java:triggerPipelineClose(568)) - pipeline Action CLOSE  on pipeline PipelineID=b5146873-3458-472b-a3c0-6779b489c9a8.Reason : 69a71f03-bd49-4dcf-a91a-b858634f7ca8 has not seen follower/s 4bd4e05e-fa44-45f4-99bb-ac21c4078a41 for 159846ms 1a989eca-a026-4062-a574-e52a85f9a2a4 for 159846ms
2019-09-11 07:03:52,157 [69a71f03-bd49-4dcf-a91a-b858634f7ca8@group-6779B489C9A8-SegmentedRaftLogWorker] WARN  segmented.SegmentedRaftLogWorker (SegmentedRaftLogWorker.java:getFromFuture(90)) - Timeout 15/~
org.apache.ratis.protocol.TimeoutIOException: Timeout 10s: WriteLog:11: (t:1, i:11), STATEMACHINELOGENTRY, client-8D786902D131, cid=41-writeStateMachineData
	at org.apache.ratis.util.IOUtils.getFromFuture(IOUtils.java:87)
	at org.apache.ratis.server.raftlog.segmented.SegmentedRaftLogWorker$StateMachineDataPolicy.getFromFuture(SegmentedRaftLogWorker.java:87)
	at org.apache.ratis.server.raftlog.segmented.SegmentedRaftLogWorker$WriteLog.execute(SegmentedRaftLogWorker.java:477)
	at org.apache.ratis.server.raftlog.segmented.SegmentedRaftLogWorker.run(SegmentedRaftLogWorker.java:289)
	at java.lang.Thread.run(Thread.java:748)
Caused by: java.util.concurrent.TimeoutException
	at java.util.concurrent.CompletableFuture.timedGet(CompletableFuture.java:1771)
	at java.util.concurrent.CompletableFuture.get(CompletableFuture.java:1915)
	at org.apache.ratis.util.IOUtils.getFromFuture(IOUtils.java:79)
	... 4 more
2019-09-11 07:03:52,263 [1a989eca-a026-4062-a574-e52a85f9a2a4@group-6779B489C9A8-SegmentedRaftLogWorker] WARN  segmented.SegmentedRaftLogWorker (SegmentedRaftLogWorker.java:getFromFuture(90)) - Timeout 15/~
org.apache.ratis.protocol.TimeoutIOException: Timeout 10s: WriteLog:12: (t:1, i:12), STATEMACHINELOGENTRY, client-8D786902D131, cid=42-writeStateMachineData
	at org.apache.ratis.util.IOUtils.getFromFuture(IOUtils.java:87)
	at org.apache.ratis.server.raftlog.segmented.SegmentedRaftLogWorker$StateMachineDataPolicy.getFromFuture(SegmentedRaftLogWorker.java:87)
	at org.apache.ratis.server.raftlog.segmented.SegmentedRaftLogWorker$WriteLog.execute(SegmentedRaftLogWorker.java:477)
	at org.apache.ratis.server.raftlog.segmented.SegmentedRaftLogWorker.run(SegmentedRaftLogWorker.java:289)
	at java.lang.Thread.run(Thread.java:748)
Caused by: java.util.concurrent.TimeoutException
	at java.util.concurrent.CompletableFuture.timedGet(CompletableFuture.java:1771)
	at java.util.concurrent.CompletableFuture.get(CompletableFuture.java:1915)
	at org.apache.ratis.util.IOUtils.getFromFuture(IOUtils.java:79)
	... 4 more
2019-09-11 07:03:52,290 [4bd4e05e-fa44-45f4-99bb-ac21c4078a41@group-6779B489C9A8-SegmentedRaftLogWorker] WARN  segmented.SegmentedRaftLogWorker (SegmentedRaftLogWorker.java:getFromFuture(90)) - Timeout 15/~
org.apache.ratis.protocol.TimeoutIOException: Timeout 10s: WriteLog:12: (t:1, i:12), STATEMACHINELOGENTRY, client-8D786902D131, cid=42-writeStateMachineData
	at org.apache.ratis.util.IOUtils.getFromFuture(IOUtils.java:87)
	at org.apache.ratis.server.raftlog.segmented.SegmentedRaftLogWorker$StateMachineDataPolicy.getFromFuture(SegmentedRaftLogWorker.java:87)
	at org.apache.ratis.server.raftlog.segmented.SegmentedRaftLogWorker$WriteLog.execute(SegmentedRaftLogWorker.java:477)
	at org.apache.ratis.server.raftlog.segmented.SegmentedRaftLogWorker.run(SegmentedRaftLogWorker.java:289)
	at java.lang.Thread.run(Thread.java:748)
Caused by: java.util.concurrent.TimeoutException
	at java.util.concurrent.CompletableFuture.timedGet(CompletableFuture.java:1771)
	at java.util.concurrent.CompletableFuture.get(CompletableFuture.java:1915)
	at org.apache.ratis.util.IOUtils.getFromFuture(IOUtils.java:79)
	... 4 more
2019-09-11 07:03:52,322 [EventQueue-PipelineActionsForPipelineActionHandler] ERROR pipeline.PipelineActionHandler (PipelineActionHandler.java:onMessage(60)) - Received pipeline action CLOSE for Pipeline[ Id: b5146873-3458-472b-a3c0-6779b489c9a8, Nodes: 1a989eca-a026-4062-a574-e52a85f9a2a4{ip: 192.168.34.12, host: pr-hdds-2106-8t9qr-763259812, networkLocation: /default-rack, certSerialId: null}4bd4e05e-fa44-45f4-99bb-ac21c4078a41{ip: 192.168.34.12, host: pr-hdds-2106-8t9qr-763259812, networkLocation: /default-rack, certSerialId: null}69a71f03-bd49-4dcf-a91a-b858634f7ca8{ip: 192.168.34.12, host: pr-hdds-2106-8t9qr-763259812, networkLocation: /default-rack, certSerialId: null}, Type:RATIS, Factor:THREE, State:CLOSED] from datanode 69a71f03-bd49-4dcf-a91a-b858634f7ca8{ip: 192.168.34.12, host: pr-hdds-2106-8t9qr-763259812, networkLocation: /default-rack, certSerialId: null}. Reason : 69a71f03-bd49-4dcf-a91a-b858634f7ca8 has not seen follower/s 4bd4e05e-fa44-45f4-99bb-ac21c4078a41 for 159844ms 1a989eca-a026-4062-a574-e52a85f9a2a4 for 159844ms
2019-09-11 07:03:52,323 [EventQueue-PipelineActionsForPipelineActionHandler] INFO  pipeline.SCMPipelineManager (SCMPipelineManager.java:finalizeAndDestroyPipeline(311)) - destroying pipeline:Pipeline[ Id: b5146873-3458-472b-a3c0-6779b489c9a8, Nodes: 1a989eca-a026-4062-a574-e52a85f9a2a4{ip: 192.168.34.12, host: pr-hdds-2106-8t9qr-763259812, networkLocation: /default-rack, certSerialId: null}4bd4e05e-fa44-45f4-99bb-ac21c4078a41{ip: 192.168.34.12, host: pr-hdds-2106-8t9qr-763259812, networkLocation: /default-rack, certSerialId: null}69a71f03-bd49-4dcf-a91a-b858634f7ca8{ip: 192.168.34.12, host: pr-hdds-2106-8t9qr-763259812, networkLocation: /default-rack, certSerialId: null}, Type:RATIS, Factor:THREE, State:CLOSED]
2019-09-11 07:03:52,328 [java.util.concurrent.ThreadPoolExecutor$Worker@3775a19a[State = -1, empty queue]] WARN  server.GrpcLogAppender (GrpcLogAppender.java:timeoutAppendRequest(200)) - 69a71f03-bd49-4dcf-a91a-b858634f7ca8@group-6779B489C9A8->1a989eca-a026-4062-a574-e52a85f9a2a4-GrpcLogAppender: appendEntries Timeout, request=69a71f03-bd49-4dcf-a91a-b858634f7ca8->1a989eca-a026-4062-a574-e52a85f9a2a4#77-t1, previous=(t:1, i:14), leaderCommit=10, initializing? false, entries: <empty>
2019-09-11 07:03:52,329 [java.util.concurrent.ThreadPoolExecutor$Worker@634444f[State = -1, empty queue]] WARN  server.GrpcLogAppender (GrpcLogAppender.java:timeoutAppendRequest(200)) - 69a71f03-bd49-4dcf-a91a-b858634f7ca8@group-6779B489C9A8->4bd4e05e-fa44-45f4-99bb-ac21c4078a41-GrpcLogAppender: appendEntries Timeout, request=69a71f03-bd49-4dcf-a91a-b858634f7ca8->4bd4e05e-fa44-45f4-99bb-ac21c4078a41#77-t1, previous=(t:1, i:14), leaderCommit=10, initializing? false, entries: <empty>
2019-09-11 07:03:53,315 [grpc-default-executor-1] INFO  impl.RaftServerProxy (RaftServerProxy.java:addNew(89)) - 1a989eca-a026-4062-a574-e52a85f9a2a4: addNew group-88289BCE3651:[69a71f03-bd49-4dcf-a91a-b858634f7ca8:192.168.34.12:43469, 4bd4e05e-fa44-45f4-99bb-ac21c4078a41:192.168.34.12:36091, 1a989eca-a026-4062-a574-e52a85f9a2a4:192.168.34.12:35514] returns group-88289BCE3651:java.util.concurrent.CompletableFuture@45378413[Not completed]
2019-09-11 07:03:53,315 [grpc-default-executor-4] INFO  impl.RaftServerProxy (RaftServerProxy.java:addNew(89)) - 4bd4e05e-fa44-45f4-99bb-ac21c4078a41: addNew group-88289BCE3651:[69a71f03-bd49-4dcf-a91a-b858634f7ca8:192.168.34.12:43469, 4bd4e05e-fa44-45f4-99bb-ac21c4078a41:192.168.34.12:36091, 1a989eca-a026-4062-a574-e52a85f9a2a4:192.168.34.12:35514] returns group-88289BCE3651:java.util.concurrent.CompletableFuture@5e466e4f[Not completed]
2019-09-11 07:03:53,315 [grpc-default-executor-2] INFO  impl.RaftServerProxy (RaftServerProxy.java:addNew(89)) - 69a71f03-bd49-4dcf-a91a-b858634f7ca8: addNew group-88289BCE3651:[69a71f03-bd49-4dcf-a91a-b858634f7ca8:192.168.34.12:43469, 4bd4e05e-fa44-45f4-99bb-ac21c4078a41:192.168.34.12:36091, 1a989eca-a026-4062-a574-e52a85f9a2a4:192.168.34.12:35514] returns group-88289BCE3651:java.util.concurrent.CompletableFuture@523ddef1[Not completed]
2019-09-11 07:03:53,319 [pool-87-thread-1] INFO  impl.RaftServerImpl (RaftServerImpl.java:<init>(95)) - 4bd4e05e-fa44-45f4-99bb-ac21c4078a41: new RaftServerImpl for group-88289BCE3651:[69a71f03-bd49-4dcf-a91a-b858634f7ca8:192.168.34.12:43469, 4bd4e05e-fa44-45f4-99bb-ac21c4078a41:192.168.34.12:36091, 1a989eca-a026-4062-a574-e52a85f9a2a4:192.168.34.12:35514] with ContainerStateMachine:uninitialized
2019-09-11 07:03:53,319 [pool-87-thread-1] INFO  server.RaftServerConfigKeys (ConfUtils.java:logGet(43)) - raft.server.rpc.timeout.min = 5s (custom)
2019-09-11 07:03:53,319 [pool-27-thread-1] INFO  impl.RaftServerImpl (RaftServerImpl.java:<init>(95)) - 1a989eca-a026-4062-a574-e52a85f9a2a4: new RaftServerImpl for group-88289BCE3651:[69a71f03-bd49-4dcf-a91a-b858634f7ca8:192.168.34.12:43469, 4bd4e05e-fa44-45f4-99bb-ac21c4078a41:192.168.34.12:36091, 1a989eca-a026-4062-a574-e52a85f9a2a4:192.168.34.12:35514] with ContainerStateMachine:uninitialized
2019-09-11 07:03:53,319 [pool-87-thread-1] INFO  server.RaftServerConfigKeys (ConfUtils.java:logGet(43)) - raft.server.rpc.timeout.max = 5200ms (custom)
2019-09-11 07:03:53,319 [pool-27-thread-1] INFO  server.RaftServerConfigKeys (ConfUtils.java:logGet(43)) - raft.server.rpc.timeout.min = 5s (custom)
2019-09-11 07:03:53,319 [pool-87-thread-1] INFO  server.RaftServerConfigKeys (ConfUtils.java:logGet(43)) - raft.server.rpcslowness.timeout = 120s (custom)
2019-09-11 07:03:53,320 [pool-27-thread-1] INFO  server.RaftServerConfigKeys (ConfUtils.java:logGet(43)) - raft.server.rpc.timeout.max = 5200ms (custom)
2019-09-11 07:03:53,320 [pool-87-thread-1] INFO  server.RaftServerConfigKeys (ConfUtils.java:logGet(43)) - raft.server.sleep.deviation.threshold = 300 (default)
2019-09-11 07:03:53,320 [pool-27-thread-1] INFO  server.RaftServerConfigKeys (ConfUtils.java:logGet(43)) - raft.server.rpcslowness.timeout = 120s (custom)
2019-09-11 07:03:53,320 [pool-87-thread-1] INFO  server.RaftServerConfigKeys (ConfUtils.java:logGet(43)) - raft.server.log.appender.install.snapshot.enabled = false (custom)
2019-09-11 07:03:53,320 [pool-27-thread-1] INFO  server.RaftServerConfigKeys (ConfUtils.java:logGet(43)) - raft.server.sleep.deviation.threshold = 300 (default)
2019-09-11 07:03:53,320 [pool-37-thread-1] INFO  impl.RaftServerImpl (RaftServerImpl.java:<init>(95)) - 69a71f03-bd49-4dcf-a91a-b858634f7ca8: new RaftServerImpl for group-88289BCE3651:[69a71f03-bd49-4dcf-a91a-b858634f7ca8:192.168.34.12:43469, 4bd4e05e-fa44-45f4-99bb-ac21c4078a41:192.168.34.12:36091, 1a989eca-a026-4062-a574-e52a85f9a2a4:192.168.34.12:35514] with ContainerStateMachine:uninitialized
2019-09-11 07:03:53,320 [pool-27-thread-1] INFO  server.RaftServerConfigKeys (ConfUtils.java:logGet(43)) - raft.server.log.appender.install.snapshot.enabled = false (custom)
2019-09-11 07:03:53,320 [pool-87-thread-1] INFO  impl.RaftServerImpl (ServerState.java:<init>(103)) - 4bd4e05e-fa44-45f4-99bb-ac21c4078a41@group-88289BCE3651: ConfigurationManager, init=-1: [69a71f03-bd49-4dcf-a91a-b858634f7ca8:192.168.34.12:43469, 4bd4e05e-fa44-45f4-99bb-ac21c4078a41:192.168.34.12:36091, 1a989eca-a026-4062-a574-e52a85f9a2a4:192.168.34.12:35514], old=null, confs=<EMPTY_MAP>
2019-09-11 07:03:53,321 [pool-27-thread-1] INFO  impl.RaftServerImpl (ServerState.java:<init>(103)) - 1a989eca-a026-4062-a574-e52a85f9a2a4@group-88289BCE3651: ConfigurationManager, init=-1: [69a71f03-bd49-4dcf-a91a-b858634f7ca8:192.168.34.12:43469, 4bd4e05e-fa44-45f4-99bb-ac21c4078a41:192.168.34.12:36091, 1a989eca-a026-4062-a574-e52a85f9a2a4:192.168.34.12:35514], old=null, confs=<EMPTY_MAP>
2019-09-11 07:03:53,320 [pool-37-thread-1] INFO  server.RaftServerConfigKeys (ConfUtils.java:logGet(43)) - raft.server.rpc.timeout.min = 5s (custom)
2019-09-11 07:03:53,321 [pool-37-thread-1] INFO  server.RaftServerConfigKeys (ConfUtils.java:logGet(43)) - raft.server.rpc.timeout.max = 5200ms (custom)
2019-09-11 07:03:53,321 [pool-87-thread-1] INFO  server.RaftServerConfigKeys (ConfUtils.java:logGet(43)) - raft.server.storage.dir = [/workdir/hadoop-ozone/integration-test/target/test-dir/MiniOzoneClusterImpl-beba80e5-651a-4af8-b5a8-e6eb83706070/datanode-6/data/ratis] (custom)
2019-09-11 07:03:53,321 [pool-27-thread-1] INFO  server.RaftServerConfigKeys (ConfUtils.java:logGet(43)) - raft.server.storage.dir = [/workdir/hadoop-ozone/integration-test/target/test-dir/MiniOzoneClusterImpl-beba80e5-651a-4af8-b5a8-e6eb83706070/datanode-0/data/ratis] (custom)
2019-09-11 07:03:53,321 [pool-37-thread-1] INFO  server.RaftServerConfigKeys (ConfUtils.java:logGet(43)) - raft.server.rpcslowness.timeout = 120s (custom)
2019-09-11 07:03:53,322 [pool-37-thread-1] INFO  server.RaftServerConfigKeys (ConfUtils.java:logGet(43)) - raft.server.sleep.deviation.threshold = 300 (default)
2019-09-11 07:03:53,322 [pool-87-thread-1] INFO  storage.RaftStorageDirectory (RaftStorageDirectory.java:analyzeStorage(246)) - The storage directory /workdir/hadoop-ozone/integration-test/target/test-dir/MiniOzoneClusterImpl-beba80e5-651a-4af8-b5a8-e6eb83706070/datanode-6/data/ratis/6ec498c6-2b3c-401f-9684-88289bce3651 does not exist. Creating ...
2019-09-11 07:03:53,322 [pool-27-thread-1] INFO  storage.RaftStorageDirectory (RaftStorageDirectory.java:analyzeStorage(246)) - The storage directory /workdir/hadoop-ozone/integration-test/target/test-dir/MiniOzoneClusterImpl-beba80e5-651a-4af8-b5a8-e6eb83706070/datanode-0/data/ratis/6ec498c6-2b3c-401f-9684-88289bce3651 does not exist. Creating ...
2019-09-11 07:03:53,322 [pool-37-thread-1] INFO  server.RaftServerConfigKeys (ConfUtils.java:logGet(43)) - raft.server.log.appender.install.snapshot.enabled = false (custom)
2019-09-11 07:03:53,322 [pool-37-thread-1] INFO  impl.RaftServerImpl (ServerState.java:<init>(103)) - 69a71f03-bd49-4dcf-a91a-b858634f7ca8@group-88289BCE3651: ConfigurationManager, init=-1: [69a71f03-bd49-4dcf-a91a-b858634f7ca8:192.168.34.12:43469, 4bd4e05e-fa44-45f4-99bb-ac21c4078a41:192.168.34.12:36091, 1a989eca-a026-4062-a574-e52a85f9a2a4:192.168.34.12:35514], old=null, confs=<EMPTY_MAP>
2019-09-11 07:03:53,322 [pool-37-thread-1] INFO  server.RaftServerConfigKeys (ConfUtils.java:logGet(43)) - raft.server.storage.dir = [/workdir/hadoop-ozone/integration-test/target/test-dir/MiniOzoneClusterImpl-beba80e5-651a-4af8-b5a8-e6eb83706070/datanode-1/data/ratis] (custom)
2019-09-11 07:03:53,323 [pool-37-thread-1] INFO  storage.RaftStorageDirectory (RaftStorageDirectory.java:analyzeStorage(246)) - The storage directory /workdir/hadoop-ozone/integration-test/target/test-dir/MiniOzoneClusterImpl-beba80e5-651a-4af8-b5a8-e6eb83706070/datanode-1/data/ratis/6ec498c6-2b3c-401f-9684-88289bce3651 does not exist. Creating ...
2019-09-11 07:03:53,336 [pool-37-thread-1] INFO  storage.RaftStorageDirectory (RaftStorageDirectory.java:tryLock(328)) - Lock on /workdir/hadoop-ozone/integration-test/target/test-dir/MiniOzoneClusterImpl-beba80e5-651a-4af8-b5a8-e6eb83706070/datanode-1/data/ratis/6ec498c6-2b3c-401f-9684-88289bce3651/in_use.lock acquired by nodename 10795@pr-hdds-2106-8t9qr-763259812
2019-09-11 07:03:53,336 [pool-87-thread-1] INFO  storage.RaftStorageDirectory (RaftStorageDirectory.java:tryLock(328)) - Lock on /workdir/hadoop-ozone/integration-test/target/test-dir/MiniOzoneClusterImpl-beba80e5-651a-4af8-b5a8-e6eb83706070/datanode-6/data/ratis/6ec498c6-2b3c-401f-9684-88289bce3651/in_use.lock acquired by nodename 10795@pr-hdds-2106-8t9qr-763259812
2019-09-11 07:03:53,336 [pool-27-thread-1] INFO  storage.RaftStorageDirectory (RaftStorageDirectory.java:tryLock(328)) - Lock on /workdir/hadoop-ozone/integration-test/target/test-dir/MiniOzoneClusterImpl-beba80e5-651a-4af8-b5a8-e6eb83706070/datanode-0/data/ratis/6ec498c6-2b3c-401f-9684-88289bce3651/in_use.lock acquired by nodename 10795@pr-hdds-2106-8t9qr-763259812
2019-09-11 07:03:53,350 [pool-87-thread-1] INFO  storage.RaftStorage (RaftStorage.java:format(72)) - Storage directory /workdir/hadoop-ozone/integration-test/target/test-dir/MiniOzoneClusterImpl-beba80e5-651a-4af8-b5a8-e6eb83706070/datanode-6/data/ratis/6ec498c6-2b3c-401f-9684-88289bce3651 has been successfully formatted.
2019-09-11 07:03:53,351 [pool-37-thread-1] INFO  storage.RaftStorage (RaftStorage.java:format(72)) - Storage directory /workdir/hadoop-ozone/integration-test/target/test-dir/MiniOzoneClusterImpl-beba80e5-651a-4af8-b5a8-e6eb83706070/datanode-1/data/ratis/6ec498c6-2b3c-401f-9684-88289bce3651 has been successfully formatted.
2019-09-11 07:03:53,351 [pool-27-thread-1] INFO  storage.RaftStorage (RaftStorage.java:format(72)) - Storage directory /workdir/hadoop-ozone/integration-test/target/test-dir/MiniOzoneClusterImpl-beba80e5-651a-4af8-b5a8-e6eb83706070/datanode-0/data/ratis/6ec498c6-2b3c-401f-9684-88289bce3651 has been successfully formatted.
2019-09-11 07:03:53,351 [pool-37-thread-1] INFO  ratis.ContainerStateMachine (ContainerStateMachine.java:loadSnapshot(230)) - group-88289BCE3651: The snapshot info is null. Setting the last applied indexto:(t:0, i:~)
2019-09-11 07:03:53,351 [pool-87-thread-1] INFO  ratis.ContainerStateMachine (ContainerStateMachine.java:loadSnapshot(230)) - group-88289BCE3651: The snapshot info is null. Setting the last applied indexto:(t:0, i:~)
2019-09-11 07:03:53,351 [pool-37-thread-1] INFO  server.RaftServerConfigKeys (ConfUtils.java:logGet(43)) - raft.server.notification.no-leader.timeout = 120s (custom)
2019-09-11 07:03:53,351 [pool-27-thread-1] INFO  ratis.ContainerStateMachine (ContainerStateMachine.java:loadSnapshot(230)) - group-88289BCE3651: The snapshot info is null. Setting the last applied indexto:(t:0, i:~)
2019-09-11 07:03:53,351 [pool-37-thread-1] INFO  server.RaftServerConfigKeys (ConfUtils.java:logGet(43)) - raft.server.log.use.memory = false (default)
2019-09-11 07:03:53,351 [pool-87-thread-1] INFO  server.RaftServerConfigKeys (ConfUtils.java:logGet(43)) - raft.server.notification.no-leader.timeout = 120s (custom)
2019-09-11 07:03:53,351 [pool-27-thread-1] INFO  server.RaftServerConfigKeys (ConfUtils.java:logGet(43)) - raft.server.notification.no-leader.timeout = 120s (custom)
2019-09-11 07:03:53,352 [pool-37-thread-1] INFO  server.RaftServerConfigKeys (ConfUtils.java:logGet(43)) - raft.server.log.purge.gap = 1000000 (custom)
2019-09-11 07:03:53,352 [pool-87-thread-1] INFO  server.RaftServerConfigKeys (ConfUtils.java:logGet(43)) - raft.server.log.use.memory = false (default)
2019-09-11 07:03:53,352 [pool-37-thread-1] INFO  server.RaftServerConfigKeys (ConfUtils.java:logGet(43)) - raft.server.log.appender.buffer.byte-limit = 33554432 (custom)
2019-09-11 07:03:53,352 [pool-27-thread-1] INFO  server.RaftServerConfigKeys (ConfUtils.java:logGet(43)) - raft.server.log.use.memory = false (default)
2019-09-11 07:03:53,352 [pool-37-thread-1] INFO  server.RaftServerConfigKeys (ConfUtils.java:logGet(43)) - raft.server.log.segment.size.max = 1048576 (custom)
2019-09-11 07:03:53,352 [pool-87-thread-1] INFO  server.RaftServerConfigKeys (ConfUtils.java:logGet(43)) - raft.server.log.purge.gap = 1000000 (custom)
2019-09-11 07:03:53,353 [pool-37-thread-1] INFO  server.RaftServerConfigKeys (ConfUtils.java:logGet(43)) - raft.server.log.segment.cache.num.max = 2 (custom)
2019-09-11 07:03:53,352 [pool-27-thread-1] INFO  server.RaftServerConfigKeys (ConfUtils.java:logGet(43)) - raft.server.log.purge.gap = 1000000 (custom)
2019-09-11 07:03:53,353 [pool-37-thread-1] INFO  segmented.SegmentedRaftLogWorker (SegmentedRaftLogWorker.java:<init>(172)) - new 69a71f03-bd49-4dcf-a91a-b858634f7ca8@group-88289BCE3651-SegmentedRaftLogWorker for RaftStorage:Storage Directory /workdir/hadoop-ozone/integration-test/target/test-dir/MiniOzoneClusterImpl-beba80e5-651a-4af8-b5a8-e6eb83706070/datanode-1/data/ratis/6ec498c6-2b3c-401f-9684-88289bce3651
2019-09-11 07:03:53,353 [pool-87-thread-1] INFO  server.RaftServerConfigKeys (ConfUtils.java:logGet(43)) - raft.server.log.appender.buffer.byte-limit = 33554432 (custom)
2019-09-11 07:03:53,353 [pool-37-thread-1] INFO  server.RaftServerConfigKeys (ConfUtils.java:logGet(43)) - raft.server.log.queue.byte-limit = 2147483647 (custom)
2019-09-11 07:03:53,353 [pool-27-thread-1] INFO  server.RaftServerConfigKeys (ConfUtils.java:logGet(43)) - raft.server.log.appender.buffer.byte-limit = 33554432 (custom)
2019-09-11 07:03:53,353 [pool-37-thread-1] INFO  server.RaftServerConfigKeys (ConfUtils.java:logGet(43)) - raft.server.log.queue.element-limit = 1024 (custom)
2019-09-11 07:03:53,353 [pool-87-thread-1] INFO  server.RaftServerConfigKeys (ConfUtils.java:logGet(43)) - raft.server.log.segment.size.max = 1048576 (custom)
2019-09-11 07:03:53,354 [pool-37-thread-1] INFO  server.RaftServerConfigKeys (ConfUtils.java:logGet(43)) - raft.server.log.segment.size.max = 1048576 (custom)
2019-09-11 07:03:53,353 [pool-27-thread-1] INFO  server.RaftServerConfigKeys (ConfUtils.java:logGet(43)) - raft.server.log.segment.size.max = 1048576 (custom)
2019-09-11 07:03:53,354 [pool-37-thread-1] INFO  server.RaftServerConfigKeys (ConfUtils.java:logGet(43)) - raft.server.log.preallocated.size = 16384 (custom)
2019-09-11 07:03:53,354 [pool-87-thread-1] INFO  server.RaftServerConfigKeys (ConfUtils.java:logGet(43)) - raft.server.log.segment.cache.num.max = 2 (custom)
2019-09-11 07:03:53,354 [pool-37-thread-1] INFO  server.RaftServerConfigKeys (ConfUtils.java:logGet(43)) - raft.server.log.write.buffer.size = 33554432 (custom)
2019-09-11 07:03:53,354 [pool-27-thread-1] INFO  server.RaftServerConfigKeys (ConfUtils.java:logGet(43)) - raft.server.log.segment.cache.num.max = 2 (custom)
2019-09-11 07:03:53,354 [pool-37-thread-1] INFO  server.RaftServerConfigKeys (ConfUtils.java:logGet(43)) - raft.server.log.force.sync.num = 128 (default)
2019-09-11 07:03:53,354 [pool-87-thread-1] INFO  segmented.SegmentedRaftLogWorker (SegmentedRaftLogWorker.java:<init>(172)) - new 4bd4e05e-fa44-45f4-99bb-ac21c4078a41@group-88289BCE3651-SegmentedRaftLogWorker for RaftStorage:Storage Directory /workdir/hadoop-ozone/integration-test/target/test-dir/MiniOzoneClusterImpl-beba80e5-651a-4af8-b5a8-e6eb83706070/datanode-6/data/ratis/6ec498c6-2b3c-401f-9684-88289bce3651
2019-09-11 07:03:53,355 [pool-37-thread-1] INFO  server.RaftServerConfigKeys (ConfUtils.java:logGet(43)) - raft.server.log.statemachine.data.sync = true (default)
2019-09-11 07:03:53,355 [pool-27-thread-1] INFO  segmented.SegmentedRaftLogWorker (SegmentedRaftLogWorker.java:<init>(172)) - new 1a989eca-a026-4062-a574-e52a85f9a2a4@group-88289BCE3651-SegmentedRaftLogWorker for RaftStorage:Storage Directory /workdir/hadoop-ozone/integration-test/target/test-dir/MiniOzoneClusterImpl-beba80e5-651a-4af8-b5a8-e6eb83706070/datanode-0/data/ratis/6ec498c6-2b3c-401f-9684-88289bce3651
2019-09-11 07:03:53,355 [pool-37-thread-1] INFO  server.RaftServerConfigKeys (ConfUtils.java:logGet(43)) - raft.server.log.statemachine.data.sync.timeout = 10s (default)
2019-09-11 07:03:53,355 [pool-87-thread-1] INFO  server.RaftServerConfigKeys (ConfUtils.java:logGet(43)) - raft.server.log.queue.byte-limit = 2147483647 (custom)
2019-09-11 07:03:53,355 [pool-37-thread-1] INFO  server.RaftServerConfigKeys (ConfUtils.java:logGet(43)) - raft.server.log.statemachine.data.sync.timeout.retry = -1 (default)
2019-09-11 07:03:53,355 [pool-27-thread-1] INFO  server.RaftServerConfigKeys (ConfUtils.java:logGet(43)) - raft.server.log.queue.byte-limit = 2147483647 (custom)
2019-09-11 07:03:53,356 [pool-37-thread-1] INFO  server.RaftServerConfigKeys (ConfUtils.java:logGet(43)) - raft.server.log.statemachine.data.caching.enabled = true (custom)
2019-09-11 07:03:53,355 [pool-87-thread-1] INFO  server.RaftServerConfigKeys (ConfUtils.java:logGet(43)) - raft.server.log.queue.element-limit = 1024 (custom)
2019-09-11 07:03:53,356 [pool-27-thread-1] INFO  server.RaftServerConfigKeys (ConfUtils.java:logGet(43)) - raft.server.log.queue.element-limit = 1024 (custom)
2019-09-11 07:03:53,356 [pool-87-thread-1] INFO  server.RaftServerConfigKeys (ConfUtils.java:logGet(43)) - raft.server.log.segment.size.max = 1048576 (custom)
2019-09-11 07:03:53,356 [pool-37-thread-1] INFO  segmented.SegmentedRaftLogWorker (SegmentedRaftLogWorker.java:lambda$new$0(132)) - 69a71f03-bd49-4dcf-a91a-b858634f7ca8@group-88289BCE3651-SegmentedRaftLogWorker: flushIndex: setUnconditionally 0 -> -1
2019-09-11 07:03:53,356 [pool-27-thread-1] INFO  server.RaftServerConfigKeys (ConfUtils.java:logGet(43)) - raft.server.log.segment.size.max = 1048576 (custom)
2019-09-11 07:03:53,356 [pool-87-thread-1] INFO  server.RaftServerConfigKeys (ConfUtils.java:logGet(43)) - raft.server.log.preallocated.size = 16384 (custom)
2019-09-11 07:03:53,356 [pool-27-thread-1] INFO  server.RaftServerConfigKeys (ConfUtils.java:logGet(43)) - raft.server.log.preallocated.size = 16384 (custom)
2019-09-11 07:03:53,357 [pool-37-thread-1] INFO  server.RaftServerConfigKeys (ConfUtils.java:logGet(43)) - raft.server.snapshot.auto.trigger.enabled = true (custom)
2019-09-11 07:03:53,357 [pool-87-thread-1] INFO  server.RaftServerConfigKeys (ConfUtils.java:logGet(43)) - raft.server.log.write.buffer.size = 33554432 (custom)
2019-09-11 07:03:53,357 [pool-37-thread-1] INFO  server.RaftServerConfigKeys (ConfUtils.java:logGet(43)) - raft.server.snapshot.auto.trigger.threshold = 10000 (custom)
2019-09-11 07:03:53,357 [pool-27-thread-1] INFO  server.RaftServerConfigKeys (ConfUtils.java:logGet(43)) - raft.server.log.write.buffer.size = 33554432 (custom)
2019-09-11 07:03:53,357 [pool-37-thread-1] INFO  server.RaftServerConfigKeys (ConfUtils.java:logGet(43)) - raft.server.snapshot.retention.num.files = -1 (default)
2019-09-11 07:03:53,357 [pool-87-thread-1] INFO  server.RaftServerConfigKeys (ConfUtils.java:logGet(43)) - raft.server.log.force.sync.num = 128 (default)
2019-09-11 07:03:53,357 [pool-37-thread-1] INFO  server.RaftServerConfigKeys (ConfUtils.java:logGet(43)) - raft.server.retrycache.expirytime = 600000ms (custom)
2019-09-11 07:03:53,357 [pool-27-thread-1] INFO  server.RaftServerConfigKeys (ConfUtils.java:logGet(43)) - raft.server.log.force.sync.num = 128 (default)
2019-09-11 07:03:53,357 [pool-87-thread-1] INFO  server.RaftServerConfigKeys (ConfUtils.java:logGet(43)) - raft.server.log.statemachine.data.sync = true (default)
2019-09-11 07:03:53,358 [pool-27-thread-1] INFO  server.RaftServerConfigKeys (ConfUtils.java:logGet(43)) - raft.server.log.statemachine.data.sync = true (default)
2019-09-11 07:03:53,358 [pool-87-thread-1] INFO  server.RaftServerConfigKeys (ConfUtils.java:logGet(43)) - raft.server.log.statemachine.data.sync.timeout = 10s (default)
2019-09-11 07:03:53,358 [pool-27-thread-1] INFO  server.RaftServerConfigKeys (ConfUtils.java:logGet(43)) - raft.server.log.statemachine.data.sync.timeout = 10s (default)
2019-09-11 07:03:53,358 [pool-87-thread-1] INFO  server.RaftServerConfigKeys (ConfUtils.java:logGet(43)) - raft.server.log.statemachine.data.sync.timeout.retry = -1 (default)
2019-09-11 07:03:53,358 [pool-27-thread-1] INFO  server.RaftServerConfigKeys (ConfUtils.java:logGet(43)) - raft.server.log.statemachine.data.sync.timeout.retry = -1 (default)
2019-09-11 07:03:53,358 [pool-87-thread-1] INFO  server.RaftServerConfigKeys (ConfUtils.java:logGet(43)) - raft.server.log.statemachine.data.caching.enabled = true (custom)
2019-09-11 07:03:53,358 [pool-27-thread-1] INFO  server.RaftServerConfigKeys (ConfUtils.java:logGet(43)) - raft.server.log.statemachine.data.caching.enabled = true (custom)
2019-09-11 07:03:53,359 [pool-87-thread-1] INFO  segmented.SegmentedRaftLogWorker (SegmentedRaftLogWorker.java:lambda$new$0(132)) - 4bd4e05e-fa44-45f4-99bb-ac21c4078a41@group-88289BCE3651-SegmentedRaftLogWorker: flushIndex: setUnconditionally 0 -> -1
2019-09-11 07:03:53,359 [pool-27-thread-1] INFO  segmented.SegmentedRaftLogWorker (SegmentedRaftLogWorker.java:lambda$new$0(132)) - 1a989eca-a026-4062-a574-e52a85f9a2a4@group-88289BCE3651-SegmentedRaftLogWorker: flushIndex: setUnconditionally 0 -> -1
2019-09-11 07:03:53,359 [pool-87-thread-1] INFO  server.RaftServerConfigKeys (ConfUtils.java:logGet(43)) - raft.server.snapshot.auto.trigger.enabled = true (custom)
2019-09-11 07:03:53,359 [pool-87-thread-1] INFO  server.RaftServerConfigKeys (ConfUtils.java:logGet(43)) - raft.server.snapshot.auto.trigger.threshold = 10000 (custom)
2019-09-11 07:03:53,359 [pool-27-thread-1] INFO  server.RaftServerConfigKeys (ConfUtils.java:logGet(43)) - raft.server.snapshot.auto.trigger.enabled = true (custom)
2019-09-11 07:03:53,359 [pool-87-thread-1] INFO  server.RaftServerConfigKeys (ConfUtils.java:logGet(43)) - raft.server.snapshot.retention.num.files = -1 (default)
2019-09-11 07:03:53,359 [pool-27-thread-1] INFO  server.RaftServerConfigKeys (ConfUtils.java:logGet(43)) - raft.server.snapshot.auto.trigger.threshold = 10000 (custom)
2019-09-11 07:03:53,359 [pool-87-thread-1] INFO  server.RaftServerConfigKeys (ConfUtils.java:logGet(43)) - raft.server.retrycache.expirytime = 600000ms (custom)
2019-09-11 07:03:53,359 [pool-27-thread-1] INFO  server.RaftServerConfigKeys (ConfUtils.java:logGet(43)) - raft.server.snapshot.retention.num.files = -1 (default)
2019-09-11 07:03:53,360 [pool-27-thread-1] INFO  server.RaftServerConfigKeys (ConfUtils.java:logGet(43)) - raft.server.retrycache.expirytime = 600000ms (custom)
2019-09-11 07:03:53,361 [pool-37-thread-1] INFO  impl.RaftServerImpl (RaftServerImpl.java:start(185)) - 69a71f03-bd49-4dcf-a91a-b858634f7ca8@group-88289BCE3651: start as a follower, conf=-1: [69a71f03-bd49-4dcf-a91a-b858634f7ca8:192.168.34.12:43469, 4bd4e05e-fa44-45f4-99bb-ac21c4078a41:192.168.34.12:36091, 1a989eca-a026-4062-a574-e52a85f9a2a4:192.168.34.12:35514], old=null
2019-09-11 07:03:53,361 [pool-37-thread-1] INFO  impl.RaftServerImpl (RaftServerImpl.java:setRole(174)) - 69a71f03-bd49-4dcf-a91a-b858634f7ca8@group-88289BCE3651: changes role from      null to FOLLOWER at term 0 for startAsFollower
2019-09-11 07:03:53,361 [pool-37-thread-1] INFO  impl.RoleInfo (RoleInfo.java:updateAndGet(143)) - 69a71f03-bd49-4dcf-a91a-b858634f7ca8: start FollowerState
2019-09-11 07:03:53,362 [pool-37-thread-1] INFO  util.JmxRegister (JmxRegister.java:tryRegister(44)) - Successfully registered JMX Bean with object name Ratis:service=RaftServer,group=group-88289BCE3651,id=69a71f03-bd49-4dcf-a91a-b858634f7ca8
2019-09-11 07:03:53,362 [pool-87-thread-1] INFO  impl.RaftServerImpl (RaftServerImpl.java:start(185)) - 4bd4e05e-fa44-45f4-99bb-ac21c4078a41@group-88289BCE3651: start as a follower, conf=-1: [69a71f03-bd49-4dcf-a91a-b858634f7ca8:192.168.34.12:43469, 4bd4e05e-fa44-45f4-99bb-ac21c4078a41:192.168.34.12:36091, 1a989eca-a026-4062-a574-e52a85f9a2a4:192.168.34.12:35514], old=null
2019-09-11 07:03:53,362 [pool-87-thread-1] INFO  impl.RaftServerImpl (RaftServerImpl.java:setRole(174)) - 4bd4e05e-fa44-45f4-99bb-ac21c4078a41@group-88289BCE3651: changes role from      null to FOLLOWER at term 0 for startAsFollower
2019-09-11 07:03:53,362 [pool-87-thread-1] INFO  impl.RoleInfo (RoleInfo.java:updateAndGet(143)) - 4bd4e05e-fa44-45f4-99bb-ac21c4078a41: start FollowerState
2019-09-11 07:03:53,362 [pool-27-thread-1] INFO  impl.RaftServerImpl (RaftServerImpl.java:start(185)) - 1a989eca-a026-4062-a574-e52a85f9a2a4@group-88289BCE3651: start as a follower, conf=-1: [69a71f03-bd49-4dcf-a91a-b858634f7ca8:192.168.34.12:43469, 4bd4e05e-fa44-45f4-99bb-ac21c4078a41:192.168.34.12:36091, 1a989eca-a026-4062-a574-e52a85f9a2a4:192.168.34.12:35514], old=null
2019-09-11 07:03:53,362 [pool-27-thread-1] INFO  impl.RaftServerImpl (RaftServerImpl.java:setRole(174)) - 1a989eca-a026-4062-a574-e52a85f9a2a4@group-88289BCE3651: changes role from      null to FOLLOWER at term 0 for startAsFollower
2019-09-11 07:03:53,363 [pool-87-thread-1] INFO  util.JmxRegister (JmxRegister.java:tryRegister(44)) - Successfully registered JMX Bean with object name Ratis:service=RaftServer,group=group-88289BCE3651,id=4bd4e05e-fa44-45f4-99bb-ac21c4078a41
2019-09-11 07:03:53,363 [pool-27-thread-1] INFO  impl.RoleInfo (RoleInfo.java:updateAndGet(143)) - 1a989eca-a026-4062-a574-e52a85f9a2a4: start FollowerState
2019-09-11 07:03:53,363 [pool-27-thread-1] INFO  util.JmxRegister (JmxRegister.java:tryRegister(44)) - Successfully registered JMX Bean with object name Ratis:service=RaftServer,group=group-88289BCE3651,id=1a989eca-a026-4062-a574-e52a85f9a2a4
2019-09-11 07:03:53,365 [RatisPipelineUtilsThread] INFO  pipeline.PipelineStateManager (PipelineStateManager.java:addPipeline(56)) - Created pipeline Pipeline[ Id: 6ec498c6-2b3c-401f-9684-88289bce3651, Nodes: 1a989eca-a026-4062-a574-e52a85f9a2a4{ip: 192.168.34.12, host: pr-hdds-2106-8t9qr-763259812, networkLocation: /default-rack, certSerialId: null}4bd4e05e-fa44-45f4-99bb-ac21c4078a41{ip: 192.168.34.12, host: pr-hdds-2106-8t9qr-763259812, networkLocation: /default-rack, certSerialId: null}69a71f03-bd49-4dcf-a91a-b858634f7ca8{ip: 192.168.34.12, host: pr-hdds-2106-8t9qr-763259812, networkLocation: /default-rack, certSerialId: null}, Type:RATIS, Factor:THREE, State:OPEN]
2019-09-11 07:03:53,754 [grpc-default-executor-2] INFO  client.GrpcClientProtocolClient (GrpcClientProtocolClient.java:onNext(264)) - client-8D786902D131->4bd4e05e-fa44-45f4-99bb-ac21c4078a41: receive RaftClientReply:client-8D786902D131->4bd4e05e-fa44-45f4-99bb-ac21c4078a41@group-6779B489C9A8, cid=41, FAILED org.apache.ratis.protocol.NotLeaderException: Server 4bd4e05e-fa44-45f4-99bb-ac21c4078a41@group-6779B489C9A8 is not the leader 69a71f03-bd49-4dcf-a91a-b858634f7ca8:192.168.34.12:43469, logIndex=0, commits[4bd4e05e-fa44-45f4-99bb-ac21c4078a41:c10, 69a71f03-bd49-4dcf-a91a-b858634f7ca8:c10, 1a989eca-a026-4062-a574-e52a85f9a2a4:c6]
2019-09-11 07:03:54,330 [org.apache.ratis.server.impl.LogAppender$AppenderDaemon$$Lambda$511/1624611919@6a2e7679] ERROR ratis.XceiverServerRatis (XceiverServerRatis.java:triggerPipelineClose(568)) - pipeline Action CLOSE  on pipeline PipelineID=b5146873-3458-472b-a3c0-6779b489c9a8.Reason : 69a71f03-bd49-4dcf-a91a-b858634f7ca8 has not seen follower/s 4bd4e05e-fa44-45f4-99bb-ac21c4078a41 for 162345ms 1a989eca-a026-4062-a574-e52a85f9a2a4 for 162345ms
2019-09-11 07:03:54,331 [org.apache.ratis.server.impl.LogAppender$AppenderDaemon$$Lambda$511/1624611919@516e5a75] ERROR ratis.XceiverServerRatis (XceiverServerRatis.java:triggerPipelineClose(568)) - pipeline Action CLOSE  on pipeline PipelineID=b5146873-3458-472b-a3c0-6779b489c9a8.Reason : 69a71f03-bd49-4dcf-a91a-b858634f7ca8 has not seen follower/s 4bd4e05e-fa44-45f4-99bb-ac21c4078a41 for 162346ms 1a989eca-a026-4062-a574-e52a85f9a2a4 for 162346ms
2019-09-11 07:03:54,829 [java.util.concurrent.ThreadPoolExecutor$Worker@3775a19a[State = -1, empty queue]] WARN  server.GrpcLogAppender (GrpcLogAppender.java:timeoutAppendRequest(200)) - 69a71f03-bd49-4dcf-a91a-b858634f7ca8@group-6779B489C9A8->1a989eca-a026-4062-a574-e52a85f9a2a4-GrpcLogAppender: appendEntries Timeout, request=69a71f03-bd49-4dcf-a91a-b858634f7ca8->1a989eca-a026-4062-a574-e52a85f9a2a4#78-t1, previous=(t:1, i:14), leaderCommit=10, initializing? false, entries: <empty>
2019-09-11 07:03:54,830 [java.util.concurrent.ThreadPoolExecutor$Worker@634444f[State = -1, empty queue]] WARN  server.GrpcLogAppender (GrpcLogAppender.java:timeoutAppendRequest(200)) - 69a71f03-bd49-4dcf-a91a-b858634f7ca8@group-6779B489C9A8->4bd4e05e-fa44-45f4-99bb-ac21c4078a41-GrpcLogAppender: appendEntries Timeout, request=69a71f03-bd49-4dcf-a91a-b858634f7ca8->4bd4e05e-fa44-45f4-99bb-ac21c4078a41#78-t1, previous=(t:1, i:14), leaderCommit=10, initializing? false, entries: <empty>
2019-09-11 07:03:55,323 [EventQueue-PipelineActionsForPipelineActionHandler] ERROR pipeline.PipelineActionHandler (PipelineActionHandler.java:onMessage(60)) - Received pipeline action CLOSE for Pipeline[ Id: b5146873-3458-472b-a3c0-6779b489c9a8, Nodes: 1a989eca-a026-4062-a574-e52a85f9a2a4{ip: 192.168.34.12, host: pr-hdds-2106-8t9qr-763259812, networkLocation: /default-rack, certSerialId: null}4bd4e05e-fa44-45f4-99bb-ac21c4078a41{ip: 192.168.34.12, host: pr-hdds-2106-8t9qr-763259812, networkLocation: /default-rack, certSerialId: null}69a71f03-bd49-4dcf-a91a-b858634f7ca8{ip: 192.168.34.12, host: pr-hdds-2106-8t9qr-763259812, networkLocation: /default-rack, certSerialId: null}, Type:RATIS, Factor:THREE, State:CLOSED] from datanode 69a71f03-bd49-4dcf-a91a-b858634f7ca8{ip: 192.168.34.12, host: pr-hdds-2106-8t9qr-763259812, networkLocation: /default-rack, certSerialId: null}. Reason : 69a71f03-bd49-4dcf-a91a-b858634f7ca8 has not seen follower/s 4bd4e05e-fa44-45f4-99bb-ac21c4078a41 for 162345ms 1a989eca-a026-4062-a574-e52a85f9a2a4 for 162345ms
2019-09-11 07:03:55,323 [EventQueue-PipelineActionsForPipelineActionHandler] INFO  pipeline.SCMPipelineManager (SCMPipelineManager.java:finalizeAndDestroyPipeline(311)) - destroying pipeline:Pipeline[ Id: b5146873-3458-472b-a3c0-6779b489c9a8, Nodes: 1a989eca-a026-4062-a574-e52a85f9a2a4{ip: 192.168.34.12, host: pr-hdds-2106-8t9qr-763259812, networkLocation: /default-rack, certSerialId: null}4bd4e05e-fa44-45f4-99bb-ac21c4078a41{ip: 192.168.34.12, host: pr-hdds-2106-8t9qr-763259812, networkLocation: /default-rack, certSerialId: null}69a71f03-bd49-4dcf-a91a-b858634f7ca8{ip: 192.168.34.12, host: pr-hdds-2106-8t9qr-763259812, networkLocation: /default-rack, certSerialId: null}, Type:RATIS, Factor:THREE, State:CLOSED]
2019-09-11 07:03:56,831 [org.apache.ratis.server.impl.LogAppender$AppenderDaemon$$Lambda$511/1624611919@6a2e7679] ERROR ratis.XceiverServerRatis (XceiverServerRatis.java:triggerPipelineClose(568)) - pipeline Action CLOSE  on pipeline PipelineID=b5146873-3458-472b-a3c0-6779b489c9a8.Reason : 69a71f03-bd49-4dcf-a91a-b858634f7ca8 has not seen follower/s 4bd4e05e-fa44-45f4-99bb-ac21c4078a41 for 164846ms 1a989eca-a026-4062-a574-e52a85f9a2a4 for 164846ms
2019-09-11 07:03:56,832 [org.apache.ratis.server.impl.LogAppender$AppenderDaemon$$Lambda$511/1624611919@516e5a75] ERROR ratis.XceiverServerRatis (XceiverServerRatis.java:triggerPipelineClose(568)) - pipeline Action CLOSE  on pipeline PipelineID=b5146873-3458-472b-a3c0-6779b489c9a8.Reason : 69a71f03-bd49-4dcf-a91a-b858634f7ca8 has not seen follower/s 4bd4e05e-fa44-45f4-99bb-ac21c4078a41 for 164847ms 1a989eca-a026-4062-a574-e52a85f9a2a4 for 164847ms
2019-09-11 07:03:57,323 [EventQueue-PipelineActionsForPipelineActionHandler] ERROR pipeline.PipelineActionHandler (PipelineActionHandler.java:onMessage(60)) - Received pipeline action CLOSE for Pipeline[ Id: b5146873-3458-472b-a3c0-6779b489c9a8, Nodes: 1a989eca-a026-4062-a574-e52a85f9a2a4{ip: 192.168.34.12, host: pr-hdds-2106-8t9qr-763259812, networkLocation: /default-rack, certSerialId: null}4bd4e05e-fa44-45f4-99bb-ac21c4078a41{ip: 192.168.34.12, host: pr-hdds-2106-8t9qr-763259812, networkLocation: /default-rack, certSerialId: null}69a71f03-bd49-4dcf-a91a-b858634f7ca8{ip: 192.168.34.12, host: pr-hdds-2106-8t9qr-763259812, networkLocation: /default-rack, certSerialId: null}, Type:RATIS, Factor:THREE, State:CLOSED] from datanode 69a71f03-bd49-4dcf-a91a-b858634f7ca8{ip: 192.168.34.12, host: pr-hdds-2106-8t9qr-763259812, networkLocation: /default-rack, certSerialId: null}. Reason : 69a71f03-bd49-4dcf-a91a-b858634f7ca8 has not seen follower/s 4bd4e05e-fa44-45f4-99bb-ac21c4078a41 for 164846ms 1a989eca-a026-4062-a574-e52a85f9a2a4 for 164846ms
2019-09-11 07:03:57,323 [EventQueue-PipelineActionsForPipelineActionHandler] INFO  pipeline.SCMPipelineManager (SCMPipelineManager.java:finalizeAndDestroyPipeline(311)) - destroying pipeline:Pipeline[ Id: b5146873-3458-472b-a3c0-6779b489c9a8, Nodes: 1a989eca-a026-4062-a574-e52a85f9a2a4{ip: 192.168.34.12, host: pr-hdds-2106-8t9qr-763259812, networkLocation: /default-rack, certSerialId: null}4bd4e05e-fa44-45f4-99bb-ac21c4078a41{ip: 192.168.34.12, host: pr-hdds-2106-8t9qr-763259812, networkLocation: /default-rack, certSerialId: null}69a71f03-bd49-4dcf-a91a-b858634f7ca8{ip: 192.168.34.12, host: pr-hdds-2106-8t9qr-763259812, networkLocation: /default-rack, certSerialId: null}, Type:RATIS, Factor:THREE, State:CLOSED]
2019-09-11 07:03:57,330 [java.util.concurrent.ThreadPoolExecutor$Worker@3775a19a[State = -1, empty queue]] WARN  server.GrpcLogAppender (GrpcLogAppender.java:timeoutAppendRequest(200)) - 69a71f03-bd49-4dcf-a91a-b858634f7ca8@group-6779B489C9A8->1a989eca-a026-4062-a574-e52a85f9a2a4-GrpcLogAppender: appendEntries Timeout, request=69a71f03-bd49-4dcf-a91a-b858634f7ca8->1a989eca-a026-4062-a574-e52a85f9a2a4#79-t1, previous=(t:1, i:14), leaderCommit=10, initializing? false, entries: <empty>
2019-09-11 07:03:57,331 [java.util.concurrent.ThreadPoolExecutor$Worker@634444f[State = -1, empty queue]] WARN  server.GrpcLogAppender (GrpcLogAppender.java:timeoutAppendRequest(200)) - 69a71f03-bd49-4dcf-a91a-b858634f7ca8@group-6779B489C9A8->4bd4e05e-fa44-45f4-99bb-ac21c4078a41-GrpcLogAppender: appendEntries Timeout, request=69a71f03-bd49-4dcf-a91a-b858634f7ca8->4bd4e05e-fa44-45f4-99bb-ac21c4078a41#79-t1, previous=(t:1, i:14), leaderCommit=10, initializing? false, entries: <empty>
2019-09-11 07:03:58,371 [Thread-1327] INFO  impl.FollowerState (FollowerState.java:run(106)) - 69a71f03-bd49-4dcf-a91a-b858634f7ca8:group-88289BCE3651 changes to CANDIDATE, lastRpcTime:5009, electionTimeout:5009ms
2019-09-11 07:03:58,372 [Thread-1327] INFO  impl.RoleInfo (RoleInfo.java:shutdownFollowerState(121)) - 69a71f03-bd49-4dcf-a91a-b858634f7ca8: shutdown FollowerState
2019-09-11 07:03:58,372 [Thread-1327] INFO  impl.RaftServerImpl (RaftServerImpl.java:setRole(174)) - 69a71f03-bd49-4dcf-a91a-b858634f7ca8@group-88289BCE3651: changes role from  FOLLOWER to CANDIDATE at term 0 for changeToCandidate
2019-09-11 07:03:58,373 [Thread-1327] INFO  impl.RoleInfo (RoleInfo.java:updateAndGet(143)) - 69a71f03-bd49-4dcf-a91a-b858634f7ca8: start LeaderElection
2019-09-11 07:03:58,393 [69a71f03-bd49-4dcf-a91a-b858634f7ca8@group-88289BCE3651:LeaderElection11] INFO  impl.LeaderElection (LeaderElection.java:askForVotes(182)) - 69a71f03-bd49-4dcf-a91a-b858634f7ca8@group-88289BCE3651:LeaderElection11: begin an election at term 1 for -1: [69a71f03-bd49-4dcf-a91a-b858634f7ca8:192.168.34.12:43469, 4bd4e05e-fa44-45f4-99bb-ac21c4078a41:192.168.34.12:36091, 1a989eca-a026-4062-a574-e52a85f9a2a4:192.168.34.12:35514], old=null
2019-09-11 07:03:58,398 [grpc-default-executor-4] INFO  impl.RaftServerImpl (RaftServerImpl.java:setRole(174)) - 1a989eca-a026-4062-a574-e52a85f9a2a4@group-88289BCE3651: changes role from  FOLLOWER to FOLLOWER at term 1 for recognizeCandidate:69a71f03-bd49-4dcf-a91a-b858634f7ca8
2019-09-11 07:03:58,398 [grpc-default-executor-2] INFO  impl.RaftServerImpl (RaftServerImpl.java:setRole(174)) - 4bd4e05e-fa44-45f4-99bb-ac21c4078a41@group-88289BCE3651: changes role from  FOLLOWER to FOLLOWER at term 1 for recognizeCandidate:69a71f03-bd49-4dcf-a91a-b858634f7ca8
2019-09-11 07:03:58,399 [grpc-default-executor-4] INFO  impl.RoleInfo (RoleInfo.java:shutdownFollowerState(121)) - 1a989eca-a026-4062-a574-e52a85f9a2a4: shutdown FollowerState
2019-09-11 07:03:58,399 [grpc-default-executor-2] INFO  impl.RoleInfo (RoleInfo.java:shutdownFollowerState(121)) - 4bd4e05e-fa44-45f4-99bb-ac21c4078a41: shutdown FollowerState
2019-09-11 07:03:58,399 [grpc-default-executor-4] INFO  impl.RoleInfo (RoleInfo.java:updateAndGet(143)) - 1a989eca-a026-4062-a574-e52a85f9a2a4: start FollowerState
2019-09-11 07:03:58,399 [Thread-1329] INFO  impl.FollowerState (FollowerState.java:run(115)) - 4bd4e05e-fa44-45f4-99bb-ac21c4078a41: FollowerState was interrupted: java.lang.InterruptedException: sleep interrupted
2019-09-11 07:03:58,399 [grpc-default-executor-2] INFO  impl.RoleInfo (RoleInfo.java:updateAndGet(143)) - 4bd4e05e-fa44-45f4-99bb-ac21c4078a41: start FollowerState
2019-09-11 07:03:58,399 [Thread-1330] INFO  impl.FollowerState (FollowerState.java:run(115)) - 1a989eca-a026-4062-a574-e52a85f9a2a4: FollowerState was interrupted: java.lang.InterruptedException: sleep interrupted
2019-09-11 07:03:58,429 [69a71f03-bd49-4dcf-a91a-b858634f7ca8@group-88289BCE3651:LeaderElection11] INFO  impl.LeaderElection (LeaderElection.java:logAndReturn(56)) - 69a71f03-bd49-4dcf-a91a-b858634f7ca8@group-88289BCE3651:LeaderElection11: Election PASSED; received 1 response(s) [69a71f03-bd49-4dcf-a91a-b858634f7ca8<-1a989eca-a026-4062-a574-e52a85f9a2a4#0:OK-t1] and 0 exception(s); 69a71f03-bd49-4dcf-a91a-b858634f7ca8@group-88289BCE3651:t1, leader=null, voted=69a71f03-bd49-4dcf-a91a-b858634f7ca8, raftlog=69a71f03-bd49-4dcf-a91a-b858634f7ca8@group-88289BCE3651-SegmentedRaftLog:OPENED:c-1,f-1,i0, conf=-1: [69a71f03-bd49-4dcf-a91a-b858634f7ca8:192.168.34.12:43469, 4bd4e05e-fa44-45f4-99bb-ac21c4078a41:192.168.34.12:36091, 1a989eca-a026-4062-a574-e52a85f9a2a4:192.168.34.12:35514], old=null
2019-09-11 07:03:58,429 [69a71f03-bd49-4dcf-a91a-b858634f7ca8@group-88289BCE3651:LeaderElection11] INFO  impl.RoleInfo (RoleInfo.java:shutdownLeaderElection(134)) - 69a71f03-bd49-4dcf-a91a-b858634f7ca8: shutdown LeaderElection
2019-09-11 07:03:58,431 [69a71f03-bd49-4dcf-a91a-b858634f7ca8@group-88289BCE3651:LeaderElection11] INFO  impl.RaftServerImpl (RaftServerImpl.java:setRole(174)) - 69a71f03-bd49-4dcf-a91a-b858634f7ca8@group-88289BCE3651: changes role from CANDIDATE to LEADER at term 1 for changeToLeader
2019-09-11 07:03:58,432 [69a71f03-bd49-4dcf-a91a-b858634f7ca8@group-88289BCE3651:LeaderElection11] INFO  impl.RaftServerImpl (ServerState.java:setLeader(253)) - 69a71f03-bd49-4dcf-a91a-b858634f7ca8@group-88289BCE3651: change Leader from null to 69a71f03-bd49-4dcf-a91a-b858634f7ca8 at term 1 for becomeLeader, leader elected after 5080ms
2019-09-11 07:03:58,432 [69a71f03-bd49-4dcf-a91a-b858634f7ca8@group-88289BCE3651:LeaderElection11] INFO  server.RaftServerConfigKeys (ConfUtils.java:logGet(43)) - raft.server.staging.catchup.gap = 1000 (default)
2019-09-11 07:03:58,432 [69a71f03-bd49-4dcf-a91a-b858634f7ca8@group-88289BCE3651:LeaderElection11] INFO  server.RaftServerConfigKeys (ConfUtils.java:logGet(43)) - raft.server.rpc.sleep.time = 25ms (default)
2019-09-11 07:03:58,432 [69a71f03-bd49-4dcf-a91a-b858634f7ca8@group-88289BCE3651:LeaderElection11] INFO  server.RaftServerConfigKeys (ConfUtils.java:logGet(43)) - raft.server.write.element-limit = 4096 (default)
2019-09-11 07:03:58,433 [69a71f03-bd49-4dcf-a91a-b858634f7ca8@group-88289BCE3651:LeaderElection11] INFO  server.RaftServerConfigKeys (ConfUtils.java:logGet(43)) - raft.server.watch.timeout = 10s (default)
2019-09-11 07:03:58,433 [69a71f03-bd49-4dcf-a91a-b858634f7ca8@group-88289BCE3651:LeaderElection11] INFO  server.RaftServerConfigKeys (ConfUtils.java:logGet(43)) - raft.server.watch.timeout.denomination = 1s (default)
2019-09-11 07:03:58,433 [69a71f03-bd49-4dcf-a91a-b858634f7ca8@group-88289BCE3651:LeaderElection11] INFO  server.RaftServerConfigKeys (ConfUtils.java:logGet(43)) - raft.server.watch.element-limit = 65536 (default)
2019-09-11 07:03:58,437 [69a71f03-bd49-4dcf-a91a-b858634f7ca8@group-88289BCE3651:LeaderElection11] INFO  server.RaftServerConfigKeys (ConfUtils.java:logGet(43)) - raft.server.log.appender.snapshot.chunk.size.max = 16MB (=16777216) (default)
2019-09-11 07:03:58,437 [69a71f03-bd49-4dcf-a91a-b858634f7ca8@group-88289BCE3651:LeaderElection11] INFO  server.RaftServerConfigKeys (ConfUtils.java:logGet(43)) - raft.server.log.appender.buffer.byte-limit = 33554432 (custom)
2019-09-11 07:03:58,437 [69a71f03-bd49-4dcf-a91a-b858634f7ca8@group-88289BCE3651:LeaderElection11] INFO  server.RaftServerConfigKeys (ConfUtils.java:logGet(43)) - raft.server.log.appender.buffer.element-limit = 1 (custom)
2019-09-11 07:03:58,438 [69a71f03-bd49-4dcf-a91a-b858634f7ca8@group-88289BCE3651:LeaderElection11] INFO  grpc.GrpcConfigKeys$Server (ConfUtils.java:logGet(43)) - raft.grpc.server.leader.outstanding.appends.max = 128 (default)
2019-09-11 07:03:58,438 [69a71f03-bd49-4dcf-a91a-b858634f7ca8@group-88289BCE3651:LeaderElection11] INFO  server.RaftServerConfigKeys (ConfUtils.java:logGet(43)) - raft.server.rpc.request.timeout = 3000ms (default)
2019-09-11 07:03:58,438 [69a71f03-bd49-4dcf-a91a-b858634f7ca8@group-88289BCE3651:LeaderElection11] INFO  server.RaftServerConfigKeys (ConfUtils.java:logGet(43)) - raft.server.log.appender.install.snapshot.enabled = false (custom)
2019-09-11 07:03:58,438 [69a71f03-bd49-4dcf-a91a-b858634f7ca8@group-88289BCE3651:LeaderElection11] INFO  server.RaftServerConfigKeys (ConfUtils.java:logGet(43)) - raft.server.log.appender.snapshot.chunk.size.max = 16MB (=16777216) (default)
2019-09-11 07:03:58,439 [69a71f03-bd49-4dcf-a91a-b858634f7ca8@group-88289BCE3651:LeaderElection11] INFO  server.RaftServerConfigKeys (ConfUtils.java:logGet(43)) - raft.server.log.appender.buffer.byte-limit = 33554432 (custom)
2019-09-11 07:03:58,439 [69a71f03-bd49-4dcf-a91a-b858634f7ca8@group-88289BCE3651:LeaderElection11] INFO  server.RaftServerConfigKeys (ConfUtils.java:logGet(43)) - raft.server.log.appender.buffer.element-limit = 1 (custom)
2019-09-11 07:03:58,439 [69a71f03-bd49-4dcf-a91a-b858634f7ca8@group-88289BCE3651:LeaderElection11] INFO  grpc.GrpcConfigKeys$Server (ConfUtils.java:logGet(43)) - raft.grpc.server.leader.outstanding.appends.max = 128 (default)
2019-09-11 07:03:58,439 [69a71f03-bd49-4dcf-a91a-b858634f7ca8@group-88289BCE3651:LeaderElection11] INFO  server.RaftServerConfigKeys (ConfUtils.java:logGet(43)) - raft.server.rpc.request.timeout = 3000ms (default)
2019-09-11 07:03:58,439 [69a71f03-bd49-4dcf-a91a-b858634f7ca8@group-88289BCE3651:LeaderElection11] INFO  server.RaftServerConfigKeys (ConfUtils.java:logGet(43)) - raft.server.log.appender.install.snapshot.enabled = false (custom)
2019-09-11 07:03:58,440 [69a71f03-bd49-4dcf-a91a-b858634f7ca8@group-88289BCE3651:LeaderElection11] INFO  impl.RoleInfo (RoleInfo.java:updateAndGet(143)) - 69a71f03-bd49-4dcf-a91a-b858634f7ca8: start LeaderState
2019-09-11 07:03:58,440 [69a71f03-bd49-4dcf-a91a-b858634f7ca8@group-88289BCE3651:LeaderElection11] INFO  segmented.SegmentedRaftLogWorker (SegmentedRaftLogWorker.java:startLogSegment(380)) - 69a71f03-bd49-4dcf-a91a-b858634f7ca8@group-88289BCE3651-SegmentedRaftLogWorker: Starting segment from index:0
2019-09-11 07:03:58,441 [69a71f03-bd49-4dcf-a91a-b858634f7ca8@group-88289BCE3651:LeaderElection11] INFO  impl.RaftServerImpl (ServerState.java:setRaftConf(354)) - 69a71f03-bd49-4dcf-a91a-b858634f7ca8@group-88289BCE3651: set configuration 0: [69a71f03-bd49-4dcf-a91a-b858634f7ca8:192.168.34.12:43469, 4bd4e05e-fa44-45f4-99bb-ac21c4078a41:192.168.34.12:36091, 1a989eca-a026-4062-a574-e52a85f9a2a4:192.168.34.12:35514], old=null at 0
2019-09-11 07:03:58,475 [grpc-default-executor-2] INFO  impl.RaftServerImpl (ServerState.java:setLeader(253)) - 1a989eca-a026-4062-a574-e52a85f9a2a4@group-88289BCE3651: change Leader from null to 69a71f03-bd49-4dcf-a91a-b858634f7ca8 at term 1 for appendEntries, leader elected after 5123ms
2019-09-11 07:03:58,477 [grpc-default-executor-4] INFO  impl.RaftServerImpl (ServerState.java:setLeader(253)) - 4bd4e05e-fa44-45f4-99bb-ac21c4078a41@group-88289BCE3651: change Leader from null to 69a71f03-bd49-4dcf-a91a-b858634f7ca8 at term 1 for appendEntries, leader elected after 5126ms
2019-09-11 07:03:58,480 [grpc-default-executor-2] INFO  impl.RaftServerImpl (ServerState.java:setRaftConf(354)) - 4bd4e05e-fa44-45f4-99bb-ac21c4078a41@group-88289BCE3651: set configuration 0: [69a71f03-bd49-4dcf-a91a-b858634f7ca8:192.168.34.12:43469, 4bd4e05e-fa44-45f4-99bb-ac21c4078a41:192.168.34.12:36091, 1a989eca-a026-4062-a574-e52a85f9a2a4:192.168.34.12:35514], old=null at 0
2019-09-11 07:03:58,480 [grpc-default-executor-4] INFO  impl.RaftServerImpl (ServerState.java:setRaftConf(354)) - 1a989eca-a026-4062-a574-e52a85f9a2a4@group-88289BCE3651: set configuration 0: [69a71f03-bd49-4dcf-a91a-b858634f7ca8:192.168.34.12:43469, 4bd4e05e-fa44-45f4-99bb-ac21c4078a41:192.168.34.12:36091, 1a989eca-a026-4062-a574-e52a85f9a2a4:192.168.34.12:35514], old=null at 0
2019-09-11 07:03:58,480 [grpc-default-executor-2] INFO  segmented.SegmentedRaftLogWorker (SegmentedRaftLogWorker.java:startLogSegment(380)) - 4bd4e05e-fa44-45f4-99bb-ac21c4078a41@group-88289BCE3651-SegmentedRaftLogWorker: Starting segment from index:0
2019-09-11 07:03:58,480 [grpc-default-executor-4] INFO  segmented.SegmentedRaftLogWorker (SegmentedRaftLogWorker.java:startLogSegment(380)) - 1a989eca-a026-4062-a574-e52a85f9a2a4@group-88289BCE3651-SegmentedRaftLogWorker: Starting segment from index:0
2019-09-11 07:03:58,481 [69a71f03-bd49-4dcf-a91a-b858634f7ca8@group-88289BCE3651-SegmentedRaftLogWorker] INFO  segmented.SegmentedRaftLogWorker (SegmentedRaftLogWorker.java:execute(569)) - 69a71f03-bd49-4dcf-a91a-b858634f7ca8@group-88289BCE3651-SegmentedRaftLogWorker: created new log segment /workdir/hadoop-ozone/integration-test/target/test-dir/MiniOzoneClusterImpl-beba80e5-651a-4af8-b5a8-e6eb83706070/datanode-1/data/ratis/6ec498c6-2b3c-401f-9684-88289bce3651/current/log_inprogress_0
2019-09-11 07:03:58,520 [4bd4e05e-fa44-45f4-99bb-ac21c4078a41@group-88289BCE3651-SegmentedRaftLogWorker] INFO  segmented.SegmentedRaftLogWorker (SegmentedRaftLogWorker.java:execute(569)) - 4bd4e05e-fa44-45f4-99bb-ac21c4078a41@group-88289BCE3651-SegmentedRaftLogWorker: created new log segment /workdir/hadoop-ozone/integration-test/target/test-dir/MiniOzoneClusterImpl-beba80e5-651a-4af8-b5a8-e6eb83706070/datanode-6/data/ratis/6ec498c6-2b3c-401f-9684-88289bce3651/current/log_inprogress_0
2019-09-11 07:03:58,520 [1a989eca-a026-4062-a574-e52a85f9a2a4@group-88289BCE3651-SegmentedRaftLogWorker] INFO  segmented.SegmentedRaftLogWorker (SegmentedRaftLogWorker.java:execute(569)) - 1a989eca-a026-4062-a574-e52a85f9a2a4@group-88289BCE3651-SegmentedRaftLogWorker: created new log segment /workdir/hadoop-ozone/integration-test/target/test-dir/MiniOzoneClusterImpl-beba80e5-651a-4af8-b5a8-e6eb83706070/datanode-0/data/ratis/6ec498c6-2b3c-401f-9684-88289bce3651/current/log_inprogress_0
2019-09-11 07:03:58,807 [grpc-default-executor-4] INFO  client.GrpcClientProtocolClient (GrpcClientProtocolClient.java:onNext(264)) - client-8D786902D131->1a989eca-a026-4062-a574-e52a85f9a2a4: receive RaftClientReply:client-8D786902D131->1a989eca-a026-4062-a574-e52a85f9a2a4@group-6779B489C9A8, cid=41, FAILED org.apache.ratis.protocol.NotLeaderException: Server 1a989eca-a026-4062-a574-e52a85f9a2a4@group-6779B489C9A8 is not the leader 69a71f03-bd49-4dcf-a91a-b858634f7ca8:192.168.34.12:43469, logIndex=0, commits[1a989eca-a026-4062-a574-e52a85f9a2a4:c10, 69a71f03-bd49-4dcf-a91a-b858634f7ca8:c10, 4bd4e05e-fa44-45f4-99bb-ac21c4078a41:c6]
2019-09-11 07:03:59,331 [org.apache.ratis.server.impl.LogAppender$AppenderDaemon$$Lambda$511/1624611919@6a2e7679] ERROR ratis.XceiverServerRatis (XceiverServerRatis.java:triggerPipelineClose(568)) - pipeline Action CLOSE  on pipeline PipelineID=b5146873-3458-472b-a3c0-6779b489c9a8.Reason : 69a71f03-bd49-4dcf-a91a-b858634f7ca8 has not seen follower/s 4bd4e05e-fa44-45f4-99bb-ac21c4078a41 for 167347ms 1a989eca-a026-4062-a574-e52a85f9a2a4 for 167347ms
2019-09-11 07:03:59,332 [org.apache.ratis.server.impl.LogAppender$AppenderDaemon$$Lambda$511/1624611919@516e5a75] ERROR ratis.XceiverServerRatis (XceiverServerRatis.java:triggerPipelineClose(568)) - pipeline Action CLOSE  on pipeline PipelineID=b5146873-3458-472b-a3c0-6779b489c9a8.Reason : 69a71f03-bd49-4dcf-a91a-b858634f7ca8 has not seen follower/s 4bd4e05e-fa44-45f4-99bb-ac21c4078a41 for 167348ms 1a989eca-a026-4062-a574-e52a85f9a2a4 for 167347ms
2019-09-11 07:03:59,830 [java.util.concurrent.ThreadPoolExecutor$Worker@3775a19a[State = -1, empty queue]] WARN  server.GrpcLogAppender (GrpcLogAppender.java:timeoutAppendRequest(200)) - 69a71f03-bd49-4dcf-a91a-b858634f7ca8@group-6779B489C9A8->1a989eca-a026-4062-a574-e52a85f9a2a4-GrpcLogAppender: appendEntries Timeout, request=69a71f03-bd49-4dcf-a91a-b858634f7ca8->1a989eca-a026-4062-a574-e52a85f9a2a4#80-t1, previous=(t:1, i:14), leaderCommit=10, initializing? false, entries: <empty>
2019-09-11 07:03:59,832 [java.util.concurrent.ThreadPoolExecutor$Worker@634444f[State = -1, empty queue]] WARN  server.GrpcLogAppender (GrpcLogAppender.java:timeoutAppendRequest(200)) - 69a71f03-bd49-4dcf-a91a-b858634f7ca8@group-6779B489C9A8->4bd4e05e-fa44-45f4-99bb-ac21c4078a41-GrpcLogAppender: appendEntries Timeout, request=69a71f03-bd49-4dcf-a91a-b858634f7ca8->4bd4e05e-fa44-45f4-99bb-ac21c4078a41#80-t1, previous=(t:1, i:14), leaderCommit=10, initializing? false, entries: <empty>
2019-09-11 07:04:00,323 [EventQueue-PipelineActionsForPipelineActionHandler] ERROR pipeline.PipelineActionHandler (PipelineActionHandler.java:onMessage(60)) - Received pipeline action CLOSE for Pipeline[ Id: b5146873-3458-472b-a3c0-6779b489c9a8, Nodes: 1a989eca-a026-4062-a574-e52a85f9a2a4{ip: 192.168.34.12, host: pr-hdds-2106-8t9qr-763259812, networkLocation: /default-rack, certSerialId: null}4bd4e05e-fa44-45f4-99bb-ac21c4078a41{ip: 192.168.34.12, host: pr-hdds-2106-8t9qr-763259812, networkLocation: /default-rack, certSerialId: null}69a71f03-bd49-4dcf-a91a-b858634f7ca8{ip: 192.168.34.12, host: pr-hdds-2106-8t9qr-763259812, networkLocation: /default-rack, certSerialId: null}, Type:RATIS, Factor:THREE, State:CLOSED] from datanode 69a71f03-bd49-4dcf-a91a-b858634f7ca8{ip: 192.168.34.12, host: pr-hdds-2106-8t9qr-763259812, networkLocation: /default-rack, certSerialId: null}. Reason : 69a71f03-bd49-4dcf-a91a-b858634f7ca8 has not seen follower/s 4bd4e05e-fa44-45f4-99bb-ac21c4078a41 for 167347ms 1a989eca-a026-4062-a574-e52a85f9a2a4 for 167347ms
2019-09-11 07:04:00,323 [EventQueue-PipelineActionsForPipelineActionHandler] INFO  pipeline.SCMPipelineManager (SCMPipelineManager.java:finalizeAndDestroyPipeline(311)) - destroying pipeline:Pipeline[ Id: b5146873-3458-472b-a3c0-6779b489c9a8, Nodes: 1a989eca-a026-4062-a574-e52a85f9a2a4{ip: 192.168.34.12, host: pr-hdds-2106-8t9qr-763259812, networkLocation: /default-rack, certSerialId: null}4bd4e05e-fa44-45f4-99bb-ac21c4078a41{ip: 192.168.34.12, host: pr-hdds-2106-8t9qr-763259812, networkLocation: /default-rack, certSerialId: null}69a71f03-bd49-4dcf-a91a-b858634f7ca8{ip: 192.168.34.12, host: pr-hdds-2106-8t9qr-763259812, networkLocation: /default-rack, certSerialId: null}, Type:RATIS, Factor:THREE, State:CLOSED]
2019-09-11 07:04:01,832 [org.apache.ratis.server.impl.LogAppender$AppenderDaemon$$Lambda$511/1624611919@6a2e7679] ERROR ratis.XceiverServerRatis (XceiverServerRatis.java:triggerPipelineClose(568)) - pipeline Action CLOSE  on pipeline PipelineID=b5146873-3458-472b-a3c0-6779b489c9a8.Reason : 69a71f03-bd49-4dcf-a91a-b858634f7ca8 has not seen follower/s 4bd4e05e-fa44-45f4-99bb-ac21c4078a41 for 169848ms 1a989eca-a026-4062-a574-e52a85f9a2a4 for 169847ms
2019-09-11 07:04:01,833 [org.apache.ratis.server.impl.LogAppender$AppenderDaemon$$Lambda$511/1624611919@516e5a75] ERROR ratis.XceiverServerRatis (XceiverServerRatis.java:triggerPipelineClose(568)) - pipeline Action CLOSE  on pipeline PipelineID=b5146873-3458-472b-a3c0-6779b489c9a8.Reason : 69a71f03-bd49-4dcf-a91a-b858634f7ca8 has not seen follower/s 4bd4e05e-fa44-45f4-99bb-ac21c4078a41 for 169848ms 1a989eca-a026-4062-a574-e52a85f9a2a4 for 169848ms
2019-09-11 07:04:02,158 [69a71f03-bd49-4dcf-a91a-b858634f7ca8@group-6779B489C9A8-SegmentedRaftLogWorker] WARN  segmented.SegmentedRaftLogWorker (SegmentedRaftLogWorker.java:getFromFuture(90)) - Timeout 16/~
org.apache.ratis.protocol.TimeoutIOException: Timeout 10s: WriteLog:11: (t:1, i:11), STATEMACHINELOGENTRY, client-8D786902D131, cid=41-writeStateMachineData
	at org.apache.ratis.util.IOUtils.getFromFuture(IOUtils.java:87)
	at org.apache.ratis.server.raftlog.segmented.SegmentedRaftLogWorker$StateMachineDataPolicy.getFromFuture(SegmentedRaftLogWorker.java:87)
	at org.apache.ratis.server.raftlog.segmented.SegmentedRaftLogWorker$WriteLog.execute(SegmentedRaftLogWorker.java:477)
	at org.apache.ratis.server.raftlog.segmented.SegmentedRaftLogWorker.run(SegmentedRaftLogWorker.java:289)
	at java.lang.Thread.run(Thread.java:748)
Caused by: java.util.concurrent.TimeoutException
	at java.util.concurrent.CompletableFuture.timedGet(CompletableFuture.java:1771)
	at java.util.concurrent.CompletableFuture.get(CompletableFuture.java:1915)
	at org.apache.ratis.util.IOUtils.getFromFuture(IOUtils.java:79)
	... 4 more
2019-09-11 07:04:02,291 [1a989eca-a026-4062-a574-e52a85f9a2a4@group-6779B489C9A8-SegmentedRaftLogWorker] WARN  segmented.SegmentedRaftLogWorker (SegmentedRaftLogWorker.java:getFromFuture(90)) - Timeout 16/~
org.apache.ratis.protocol.TimeoutIOException: Timeout 10s: WriteLog:12: (t:1, i:12), STATEMACHINELOGENTRY, client-8D786902D131, cid=42-writeStateMachineData
	at org.apache.ratis.util.IOUtils.getFromFuture(IOUtils.java:87)
	at org.apache.ratis.server.raftlog.segmented.SegmentedRaftLogWorker$StateMachineDataPolicy.getFromFuture(SegmentedRaftLogWorker.java:87)
	at org.apache.ratis.server.raftlog.segmented.SegmentedRaftLogWorker$WriteLog.execute(SegmentedRaftLogWorker.java:477)
	at org.apache.ratis.server.raftlog.segmented.SegmentedRaftLogWorker.run(SegmentedRaftLogWorker.java:289)
	at java.lang.Thread.run(Thread.java:748)
Caused by: java.util.concurrent.TimeoutException
	at java.util.concurrent.CompletableFuture.timedGet(CompletableFuture.java:1771)
	at java.util.concurrent.CompletableFuture.get(CompletableFuture.java:1915)
	at org.apache.ratis.util.IOUtils.getFromFuture(IOUtils.java:79)
	... 4 more
2019-09-11 07:04:02,291 [4bd4e05e-fa44-45f4-99bb-ac21c4078a41@group-6779B489C9A8-SegmentedRaftLogWorker] WARN  segmented.SegmentedRaftLogWorker (SegmentedRaftLogWorker.java:getFromFuture(90)) - Timeout 16/~
org.apache.ratis.protocol.TimeoutIOException: Timeout 10s: WriteLog:12: (t:1, i:12), STATEMACHINELOGENTRY, client-8D786902D131, cid=42-writeStateMachineData
	at org.apache.ratis.util.IOUtils.getFromFuture(IOUtils.java:87)
	at org.apache.ratis.server.raftlog.segmented.SegmentedRaftLogWorker$StateMachineDataPolicy.getFromFuture(SegmentedRaftLogWorker.java:87)
	at org.apache.ratis.server.raftlog.segmented.SegmentedRaftLogWorker$WriteLog.execute(SegmentedRaftLogWorker.java:477)
	at org.apache.ratis.server.raftlog.segmented.SegmentedRaftLogWorker.run(SegmentedRaftLogWorker.java:289)
	at java.lang.Thread.run(Thread.java:748)
Caused by: java.util.concurrent.TimeoutException
	at java.util.concurrent.CompletableFuture.timedGet(CompletableFuture.java:1771)
	at java.util.concurrent.CompletableFuture.get(CompletableFuture.java:1915)
	at org.apache.ratis.util.IOUtils.getFromFuture(IOUtils.java:79)
	... 4 more
2019-09-11 07:04:02,323 [EventQueue-PipelineActionsForPipelineActionHandler] ERROR pipeline.PipelineActionHandler (PipelineActionHandler.java:onMessage(60)) - Received pipeline action CLOSE for Pipeline[ Id: b5146873-3458-472b-a3c0-6779b489c9a8, Nodes: 1a989eca-a026-4062-a574-e52a85f9a2a4{ip: 192.168.34.12, host: pr-hdds-2106-8t9qr-763259812, networkLocation: /default-rack, certSerialId: null}4bd4e05e-fa44-45f4-99bb-ac21c4078a41{ip: 192.168.34.12, host: pr-hdds-2106-8t9qr-763259812, networkLocation: /default-rack, certSerialId: null}69a71f03-bd49-4dcf-a91a-b858634f7ca8{ip: 192.168.34.12, host: pr-hdds-2106-8t9qr-763259812, networkLocation: /default-rack, certSerialId: null}, Type:RATIS, Factor:THREE, State:CLOSED] from datanode 69a71f03-bd49-4dcf-a91a-b858634f7ca8{ip: 192.168.34.12, host: pr-hdds-2106-8t9qr-763259812, networkLocation: /default-rack, certSerialId: null}. Reason : 69a71f03-bd49-4dcf-a91a-b858634f7ca8 has not seen follower/s 4bd4e05e-fa44-45f4-99bb-ac21c4078a41 for 169848ms 1a989eca-a026-4062-a574-e52a85f9a2a4 for 169847ms
2019-09-11 07:04:02,324 [EventQueue-PipelineActionsForPipelineActionHandler] INFO  pipeline.SCMPipelineManager (SCMPipelineManager.java:finalizeAndDestroyPipeline(311)) - destroying pipeline:Pipeline[ Id: b5146873-3458-472b-a3c0-6779b489c9a8, Nodes: 1a989eca-a026-4062-a574-e52a85f9a2a4{ip: 192.168.34.12, host: pr-hdds-2106-8t9qr-763259812, networkLocation: /default-rack, certSerialId: null}4bd4e05e-fa44-45f4-99bb-ac21c4078a41{ip: 192.168.34.12, host: pr-hdds-2106-8t9qr-763259812, networkLocation: /default-rack, certSerialId: null}69a71f03-bd49-4dcf-a91a-b858634f7ca8{ip: 192.168.34.12, host: pr-hdds-2106-8t9qr-763259812, networkLocation: /default-rack, certSerialId: null}, Type:RATIS, Factor:THREE, State:CLOSED]
2019-09-11 07:04:02,331 [java.util.concurrent.ThreadPoolExecutor$Worker@3775a19a[State = -1, empty queue]] WARN  server.GrpcLogAppender (GrpcLogAppender.java:timeoutAppendRequest(200)) - 69a71f03-bd49-4dcf-a91a-b858634f7ca8@group-6779B489C9A8->1a989eca-a026-4062-a574-e52a85f9a2a4-GrpcLogAppender: appendEntries Timeout, request=69a71f03-bd49-4dcf-a91a-b858634f7ca8->1a989eca-a026-4062-a574-e52a85f9a2a4#81-t1, previous=(t:1, i:14), leaderCommit=10, initializing? false, entries: <empty>
2019-09-11 07:04:02,332 [java.util.concurrent.ThreadPoolExecutor$Worker@634444f[State = -1, empty queue]] WARN  server.GrpcLogAppender (GrpcLogAppender.java:timeoutAppendRequest(200)) - 69a71f03-bd49-4dcf-a91a-b858634f7ca8@group-6779B489C9A8->4bd4e05e-fa44-45f4-99bb-ac21c4078a41-GrpcLogAppender: appendEntries Timeout, request=69a71f03-bd49-4dcf-a91a-b858634f7ca8->4bd4e05e-fa44-45f4-99bb-ac21c4078a41#81-t1, previous=(t:1, i:14), leaderCommit=10, initializing? false, entries: <empty>
2019-09-11 07:04:03,847 [grpc-default-executor-2] INFO  client.GrpcClientProtocolClient (GrpcClientProtocolClient.java:onNext(264)) - client-8D786902D131->4bd4e05e-fa44-45f4-99bb-ac21c4078a41: receive RaftClientReply:client-8D786902D131->4bd4e05e-fa44-45f4-99bb-ac21c4078a41@group-6779B489C9A8, cid=41, FAILED org.apache.ratis.protocol.NotLeaderException: Server 4bd4e05e-fa44-45f4-99bb-ac21c4078a41@group-6779B489C9A8 is not the leader 69a71f03-bd49-4dcf-a91a-b858634f7ca8:192.168.34.12:43469, logIndex=0, commits[4bd4e05e-fa44-45f4-99bb-ac21c4078a41:c10, 69a71f03-bd49-4dcf-a91a-b858634f7ca8:c10, 1a989eca-a026-4062-a574-e52a85f9a2a4:c6]
2019-09-11 07:04:04,334 [org.apache.ratis.server.impl.LogAppender$AppenderDaemon$$Lambda$511/1624611919@516e5a75] ERROR ratis.XceiverServerRatis (XceiverServerRatis.java:triggerPipelineClose(568)) - pipeline Action CLOSE  on pipeline PipelineID=b5146873-3458-472b-a3c0-6779b489c9a8.Reason : 69a71f03-bd49-4dcf-a91a-b858634f7ca8 has not seen follower/s 4bd4e05e-fa44-45f4-99bb-ac21c4078a41 for 172349ms 1a989eca-a026-4062-a574-e52a85f9a2a4 for 172349ms
2019-09-11 07:04:04,334 [org.apache.ratis.server.impl.LogAppender$AppenderDaemon$$Lambda$511/1624611919@6a2e7679] ERROR ratis.XceiverServerRatis (XceiverServerRatis.java:triggerPipelineClose(568)) - pipeline Action CLOSE  on pipeline PipelineID=b5146873-3458-472b-a3c0-6779b489c9a8.Reason : 69a71f03-bd49-4dcf-a91a-b858634f7ca8 has not seen follower/s 4bd4e05e-fa44-45f4-99bb-ac21c4078a41 for 172349ms 1a989eca-a026-4062-a574-e52a85f9a2a4 for 172349ms
2019-09-11 07:04:04,832 [java.util.concurrent.ThreadPoolExecutor$Worker@3775a19a[State = -1, empty queue]] WARN  server.GrpcLogAppender (GrpcLogAppender.java:timeoutAppendRequest(200)) - 69a71f03-bd49-4dcf-a91a-b858634f7ca8@group-6779B489C9A8->1a989eca-a026-4062-a574-e52a85f9a2a4-GrpcLogAppender: appendEntries Timeout, request=69a71f03-bd49-4dcf-a91a-b858634f7ca8->1a989eca-a026-4062-a574-e52a85f9a2a4#82-t1, previous=(t:1, i:14), leaderCommit=10, initializing? false, entries: <empty>
2019-09-11 07:04:04,833 [java.util.concurrent.ThreadPoolExecutor$Worker@634444f[State = -1, empty queue]] WARN  server.GrpcLogAppender (GrpcLogAppender.java:timeoutAppendRequest(200)) - 69a71f03-bd49-4dcf-a91a-b858634f7ca8@group-6779B489C9A8->4bd4e05e-fa44-45f4-99bb-ac21c4078a41-GrpcLogAppender: appendEntries Timeout, request=69a71f03-bd49-4dcf-a91a-b858634f7ca8->4bd4e05e-fa44-45f4-99bb-ac21c4078a41#82-t1, previous=(t:1, i:14), leaderCommit=10, initializing? false, entries: <empty>
2019-09-11 07:04:05,324 [EventQueue-PipelineActionsForPipelineActionHandler] ERROR pipeline.PipelineActionHandler (PipelineActionHandler.java:onMessage(60)) - Received pipeline action CLOSE for Pipeline[ Id: b5146873-3458-472b-a3c0-6779b489c9a8, Nodes: 1a989eca-a026-4062-a574-e52a85f9a2a4{ip: 192.168.34.12, host: pr-hdds-2106-8t9qr-763259812, networkLocation: /default-rack, certSerialId: null}4bd4e05e-fa44-45f4-99bb-ac21c4078a41{ip: 192.168.34.12, host: pr-hdds-2106-8t9qr-763259812, networkLocation: /default-rack, certSerialId: null}69a71f03-bd49-4dcf-a91a-b858634f7ca8{ip: 192.168.34.12, host: pr-hdds-2106-8t9qr-763259812, networkLocation: /default-rack, certSerialId: null}, Type:RATIS, Factor:THREE, State:CLOSED] from datanode 69a71f03-bd49-4dcf-a91a-b858634f7ca8{ip: 192.168.34.12, host: pr-hdds-2106-8t9qr-763259812, networkLocation: /default-rack, certSerialId: null}. Reason : 69a71f03-bd49-4dcf-a91a-b858634f7ca8 has not seen follower/s 4bd4e05e-fa44-45f4-99bb-ac21c4078a41 for 172349ms 1a989eca-a026-4062-a574-e52a85f9a2a4 for 172349ms
2019-09-11 07:04:05,325 [EventQueue-PipelineActionsForPipelineActionHandler] INFO  pipeline.SCMPipelineManager (SCMPipelineManager.java:finalizeAndDestroyPipeline(311)) - destroying pipeline:Pipeline[ Id: b5146873-3458-472b-a3c0-6779b489c9a8, Nodes: 1a989eca-a026-4062-a574-e52a85f9a2a4{ip: 192.168.34.12, host: pr-hdds-2106-8t9qr-763259812, networkLocation: /default-rack, certSerialId: null}4bd4e05e-fa44-45f4-99bb-ac21c4078a41{ip: 192.168.34.12, host: pr-hdds-2106-8t9qr-763259812, networkLocation: /default-rack, certSerialId: null}69a71f03-bd49-4dcf-a91a-b858634f7ca8{ip: 192.168.34.12, host: pr-hdds-2106-8t9qr-763259812, networkLocation: /default-rack, certSerialId: null}, Type:RATIS, Factor:THREE, State:CLOSED]
2019-09-11 07:04:06,834 [org.apache.ratis.server.impl.LogAppender$AppenderDaemon$$Lambda$511/1624611919@6a2e7679] ERROR ratis.XceiverServerRatis (XceiverServerRatis.java:triggerPipelineClose(568)) - pipeline Action CLOSE  on pipeline PipelineID=b5146873-3458-472b-a3c0-6779b489c9a8.Reason : 69a71f03-bd49-4dcf-a91a-b858634f7ca8 has not seen follower/s 4bd4e05e-fa44-45f4-99bb-ac21c4078a41 for 174849ms 1a989eca-a026-4062-a574-e52a85f9a2a4 for 174849ms
2019-09-11 07:04:06,834 [org.apache.ratis.server.impl.LogAppender$AppenderDaemon$$Lambda$511/1624611919@516e5a75] ERROR ratis.XceiverServerRatis (XceiverServerRatis.java:triggerPipelineClose(568)) - pipeline Action CLOSE  on pipeline PipelineID=b5146873-3458-472b-a3c0-6779b489c9a8.Reason : 69a71f03-bd49-4dcf-a91a-b858634f7ca8 has not seen follower/s 4bd4e05e-fa44-45f4-99bb-ac21c4078a41 for 174849ms 1a989eca-a026-4062-a574-e52a85f9a2a4 for 174849ms
2019-09-11 07:04:07,327 [EventQueue-PipelineActionsForPipelineActionHandler] ERROR pipeline.PipelineActionHandler (PipelineActionHandler.java:onMessage(60)) - Received pipeline action CLOSE for Pipeline[ Id: b5146873-3458-472b-a3c0-6779b489c9a8, Nodes: 1a989eca-a026-4062-a574-e52a85f9a2a4{ip: 192.168.34.12, host: pr-hdds-2106-8t9qr-763259812, networkLocation: /default-rack, certSerialId: null}4bd4e05e-fa44-45f4-99bb-ac21c4078a41{ip: 192.168.34.12, host: pr-hdds-2106-8t9qr-763259812, networkLocation: /default-rack, certSerialId: null}69a71f03-bd49-4dcf-a91a-b858634f7ca8{ip: 192.168.34.12, host: pr-hdds-2106-8t9qr-763259812, networkLocation: /default-rack, certSerialId: null}, Type:RATIS, Factor:THREE, State:CLOSED] from datanode 69a71f03-bd49-4dcf-a91a-b858634f7ca8{ip: 192.168.34.12, host: pr-hdds-2106-8t9qr-763259812, networkLocation: /default-rack, certSerialId: null}. Reason : 69a71f03-bd49-4dcf-a91a-b858634f7ca8 has not seen follower/s 4bd4e05e-fa44-45f4-99bb-ac21c4078a41 for 174849ms 1a989eca-a026-4062-a574-e52a85f9a2a4 for 174849ms
2019-09-11 07:04:07,328 [EventQueue-PipelineActionsForPipelineActionHandler] INFO  pipeline.SCMPipelineManager (SCMPipelineManager.java:finalizeAndDestroyPipeline(311)) - destroying pipeline:Pipeline[ Id: b5146873-3458-472b-a3c0-6779b489c9a8, Nodes: 1a989eca-a026-4062-a574-e52a85f9a2a4{ip: 192.168.34.12, host: pr-hdds-2106-8t9qr-763259812, networkLocation: /default-rack, certSerialId: null}4bd4e05e-fa44-45f4-99bb-ac21c4078a41{ip: 192.168.34.12, host: pr-hdds-2106-8t9qr-763259812, networkLocation: /default-rack, certSerialId: null}69a71f03-bd49-4dcf-a91a-b858634f7ca8{ip: 192.168.34.12, host: pr-hdds-2106-8t9qr-763259812, networkLocation: /default-rack, certSerialId: null}, Type:RATIS, Factor:THREE, State:CLOSED]
2019-09-11 07:04:07,334 [java.util.concurrent.ThreadPoolExecutor$Worker@634444f[State = -1, empty queue]] WARN  server.GrpcLogAppender (GrpcLogAppender.java:timeoutAppendRequest(200)) - 69a71f03-bd49-4dcf-a91a-b858634f7ca8@group-6779B489C9A8->4bd4e05e-fa44-45f4-99bb-ac21c4078a41-GrpcLogAppender: appendEntries Timeout, request=69a71f03-bd49-4dcf-a91a-b858634f7ca8->4bd4e05e-fa44-45f4-99bb-ac21c4078a41#83-t1, previous=(t:1, i:14), leaderCommit=10, initializing? false, entries: <empty>
2019-09-11 07:04:07,334 [java.util.concurrent.ThreadPoolExecutor$Worker@3775a19a[State = -1, empty queue]] WARN  server.GrpcLogAppender (GrpcLogAppender.java:timeoutAppendRequest(200)) - 69a71f03-bd49-4dcf-a91a-b858634f7ca8@group-6779B489C9A8->1a989eca-a026-4062-a574-e52a85f9a2a4-GrpcLogAppender: appendEntries Timeout, request=69a71f03-bd49-4dcf-a91a-b858634f7ca8->1a989eca-a026-4062-a574-e52a85f9a2a4#83-t1, previous=(t:1, i:14), leaderCommit=10, initializing? false, entries: <empty>
2019-09-11 07:04:08,897 [grpc-default-executor-4] INFO  client.GrpcClientProtocolClient (GrpcClientProtocolClient.java:onNext(264)) - client-8D786902D131->4bd4e05e-fa44-45f4-99bb-ac21c4078a41: receive RaftClientReply:client-8D786902D131->4bd4e05e-fa44-45f4-99bb-ac21c4078a41@group-6779B489C9A8, cid=41, FAILED org.apache.ratis.protocol.NotLeaderException: Server 4bd4e05e-fa44-45f4-99bb-ac21c4078a41@group-6779B489C9A8 is not the leader 69a71f03-bd49-4dcf-a91a-b858634f7ca8:192.168.34.12:43469, logIndex=0, commits[4bd4e05e-fa44-45f4-99bb-ac21c4078a41:c10, 69a71f03-bd49-4dcf-a91a-b858634f7ca8:c10, 1a989eca-a026-4062-a574-e52a85f9a2a4:c6]
2019-09-11 07:04:09,335 [org.apache.ratis.server.impl.LogAppender$AppenderDaemon$$Lambda$511/1624611919@6a2e7679] ERROR ratis.XceiverServerRatis (XceiverServerRatis.java:triggerPipelineClose(568)) - pipeline Action CLOSE  on pipeline PipelineID=b5146873-3458-472b-a3c0-6779b489c9a8.Reason : 69a71f03-bd49-4dcf-a91a-b858634f7ca8 has not seen follower/s 4bd4e05e-fa44-45f4-99bb-ac21c4078a41 for 177350ms 1a989eca-a026-4062-a574-e52a85f9a2a4 for 177350ms
2019-09-11 07:04:09,335 [org.apache.ratis.server.impl.LogAppender$AppenderDaemon$$Lambda$511/1624611919@516e5a75] ERROR ratis.XceiverServerRatis (XceiverServerRatis.java:triggerPipelineClose(568)) - pipeline Action CLOSE  on pipeline PipelineID=b5146873-3458-472b-a3c0-6779b489c9a8.Reason : 69a71f03-bd49-4dcf-a91a-b858634f7ca8 has not seen follower/s 4bd4e05e-fa44-45f4-99bb-ac21c4078a41 for 177350ms 1a989eca-a026-4062-a574-e52a85f9a2a4 for 177350ms
2019-09-11 07:04:09,834 [java.util.concurrent.ThreadPoolExecutor$Worker@634444f[State = -1, empty queue]] WARN  server.GrpcLogAppender (GrpcLogAppender.java:timeoutAppendRequest(200)) - 69a71f03-bd49-4dcf-a91a-b858634f7ca8@group-6779B489C9A8->4bd4e05e-fa44-45f4-99bb-ac21c4078a41-GrpcLogAppender: appendEntries Timeout, request=69a71f03-bd49-4dcf-a91a-b858634f7ca8->4bd4e05e-fa44-45f4-99bb-ac21c4078a41#84-t1, previous=(t:1, i:14), leaderCommit=10, initializing? false, entries: <empty>
2019-09-11 07:04:09,834 [java.util.concurrent.ThreadPoolExecutor$Worker@3775a19a[State = -1, empty queue]] WARN  server.GrpcLogAppender (GrpcLogAppender.java:timeoutAppendRequest(200)) - 69a71f03-bd49-4dcf-a91a-b858634f7ca8@group-6779B489C9A8->1a989eca-a026-4062-a574-e52a85f9a2a4-GrpcLogAppender: appendEntries Timeout, request=69a71f03-bd49-4dcf-a91a-b858634f7ca8->1a989eca-a026-4062-a574-e52a85f9a2a4#84-t1, previous=(t:1, i:14), leaderCommit=10, initializing? false, entries: <empty>
2019-09-11 07:04:10,326 [EventQueue-PipelineActionsForPipelineActionHandler] ERROR pipeline.PipelineActionHandler (PipelineActionHandler.java:onMessage(60)) - Received pipeline action CLOSE for Pipeline[ Id: b5146873-3458-472b-a3c0-6779b489c9a8, Nodes: 1a989eca-a026-4062-a574-e52a85f9a2a4{ip: 192.168.34.12, host: pr-hdds-2106-8t9qr-763259812, networkLocation: /default-rack, certSerialId: null}4bd4e05e-fa44-45f4-99bb-ac21c4078a41{ip: 192.168.34.12, host: pr-hdds-2106-8t9qr-763259812, networkLocation: /default-rack, certSerialId: null}69a71f03-bd49-4dcf-a91a-b858634f7ca8{ip: 192.168.34.12, host: pr-hdds-2106-8t9qr-763259812, networkLocation: /default-rack, certSerialId: null}, Type:RATIS, Factor:THREE, State:CLOSED] from datanode 69a71f03-bd49-4dcf-a91a-b858634f7ca8{ip: 192.168.34.12, host: pr-hdds-2106-8t9qr-763259812, networkLocation: /default-rack, certSerialId: null}. Reason : 69a71f03-bd49-4dcf-a91a-b858634f7ca8 has not seen follower/s 4bd4e05e-fa44-45f4-99bb-ac21c4078a41 for 177350ms 1a989eca-a026-4062-a574-e52a85f9a2a4 for 177350ms
2019-09-11 07:04:10,326 [EventQueue-PipelineActionsForPipelineActionHandler] INFO  pipeline.SCMPipelineManager (SCMPipelineManager.java:finalizeAndDestroyPipeline(311)) - destroying pipeline:Pipeline[ Id: b5146873-3458-472b-a3c0-6779b489c9a8, Nodes: 1a989eca-a026-4062-a574-e52a85f9a2a4{ip: 192.168.34.12, host: pr-hdds-2106-8t9qr-763259812, networkLocation: /default-rack, certSerialId: null}4bd4e05e-fa44-45f4-99bb-ac21c4078a41{ip: 192.168.34.12, host: pr-hdds-2106-8t9qr-763259812, networkLocation: /default-rack, certSerialId: null}69a71f03-bd49-4dcf-a91a-b858634f7ca8{ip: 192.168.34.12, host: pr-hdds-2106-8t9qr-763259812, networkLocation: /default-rack, certSerialId: null}, Type:RATIS, Factor:THREE, State:CLOSED]
2019-09-11 07:04:11,835 [org.apache.ratis.server.impl.LogAppender$AppenderDaemon$$Lambda$511/1624611919@6a2e7679] ERROR ratis.XceiverServerRatis (XceiverServerRatis.java:triggerPipelineClose(568)) - pipeline Action CLOSE  on pipeline PipelineID=b5146873-3458-472b-a3c0-6779b489c9a8.Reason : 69a71f03-bd49-4dcf-a91a-b858634f7ca8 has not seen follower/s 4bd4e05e-fa44-45f4-99bb-ac21c4078a41 for 179850ms 1a989eca-a026-4062-a574-e52a85f9a2a4 for 179850ms
2019-09-11 07:04:11,835 [org.apache.ratis.server.impl.LogAppender$AppenderDaemon$$Lambda$511/1624611919@516e5a75] ERROR ratis.XceiverServerRatis (XceiverServerRatis.java:triggerPipelineClose(568)) - pipeline Action CLOSE  on pipeline PipelineID=b5146873-3458-472b-a3c0-6779b489c9a8.Reason : 69a71f03-bd49-4dcf-a91a-b858634f7ca8 has not seen follower/s 4bd4e05e-fa44-45f4-99bb-ac21c4078a41 for 179851ms 1a989eca-a026-4062-a574-e52a85f9a2a4 for 179850ms
2019-09-11 07:04:12,160 [69a71f03-bd49-4dcf-a91a-b858634f7ca8@group-6779B489C9A8-SegmentedRaftLogWorker] WARN  segmented.SegmentedRaftLogWorker (SegmentedRaftLogWorker.java:getFromFuture(90)) - Timeout 17/~
org.apache.ratis.protocol.TimeoutIOException: Timeout 10s: WriteLog:11: (t:1, i:11), STATEMACHINELOGENTRY, client-8D786902D131, cid=41-writeStateMachineData
	at org.apache.ratis.util.IOUtils.getFromFuture(IOUtils.java:87)
	at org.apache.ratis.server.raftlog.segmented.SegmentedRaftLogWorker$StateMachineDataPolicy.getFromFuture(SegmentedRaftLogWorker.java:87)
	at org.apache.ratis.server.raftlog.segmented.SegmentedRaftLogWorker$WriteLog.execute(SegmentedRaftLogWorker.java:477)
	at org.apache.ratis.server.raftlog.segmented.SegmentedRaftLogWorker.run(SegmentedRaftLogWorker.java:289)
	at java.lang.Thread.run(Thread.java:748)
Caused by: java.util.concurrent.TimeoutException
	at java.util.concurrent.CompletableFuture.timedGet(CompletableFuture.java:1771)
	at java.util.concurrent.CompletableFuture.get(CompletableFuture.java:1915)
	at org.apache.ratis.util.IOUtils.getFromFuture(IOUtils.java:79)
	... 4 more
2019-09-11 07:04:12,292 [1a989eca-a026-4062-a574-e52a85f9a2a4@group-6779B489C9A8-SegmentedRaftLogWorker] WARN  segmented.SegmentedRaftLogWorker (SegmentedRaftLogWorker.java:getFromFuture(90)) - Timeout 17/~
org.apache.ratis.protocol.TimeoutIOException: Timeout 10s: WriteLog:12: (t:1, i:12), STATEMACHINELOGENTRY, client-8D786902D131, cid=42-writeStateMachineData
	at org.apache.ratis.util.IOUtils.getFromFuture(IOUtils.java:87)
	at org.apache.ratis.server.raftlog.segmented.SegmentedRaftLogWorker$StateMachineDataPolicy.getFromFuture(SegmentedRaftLogWorker.java:87)
	at org.apache.ratis.server.raftlog.segmented.SegmentedRaftLogWorker$WriteLog.execute(SegmentedRaftLogWorker.java:477)
	at org.apache.ratis.server.raftlog.segmented.SegmentedRaftLogWorker.run(SegmentedRaftLogWorker.java:289)
	at java.lang.Thread.run(Thread.java:748)
Caused by: java.util.concurrent.TimeoutException
	at java.util.concurrent.CompletableFuture.timedGet(CompletableFuture.java:1771)
	at java.util.concurrent.CompletableFuture.get(CompletableFuture.java:1915)
	at org.apache.ratis.util.IOUtils.getFromFuture(IOUtils.java:79)
	... 4 more
2019-09-11 07:04:12,292 [4bd4e05e-fa44-45f4-99bb-ac21c4078a41@group-6779B489C9A8-SegmentedRaftLogWorker] WARN  segmented.SegmentedRaftLogWorker (SegmentedRaftLogWorker.java:getFromFuture(90)) - Timeout 17/~
org.apache.ratis.protocol.TimeoutIOException: Timeout 10s: WriteLog:12: (t:1, i:12), STATEMACHINELOGENTRY, client-8D786902D131, cid=42-writeStateMachineData
	at org.apache.ratis.util.IOUtils.getFromFuture(IOUtils.java:87)
	at org.apache.ratis.server.raftlog.segmented.SegmentedRaftLogWorker$StateMachineDataPolicy.getFromFuture(SegmentedRaftLogWorker.java:87)
	at org.apache.ratis.server.raftlog.segmented.SegmentedRaftLogWorker$WriteLog.execute(SegmentedRaftLogWorker.java:477)
	at org.apache.ratis.server.raftlog.segmented.SegmentedRaftLogWorker.run(SegmentedRaftLogWorker.java:289)
	at java.lang.Thread.run(Thread.java:748)
Caused by: java.util.concurrent.TimeoutException
	at java.util.concurrent.CompletableFuture.timedGet(CompletableFuture.java:1771)
	at java.util.concurrent.CompletableFuture.get(CompletableFuture.java:1915)
	at org.apache.ratis.util.IOUtils.getFromFuture(IOUtils.java:79)
	... 4 more
2019-09-11 07:04:12,327 [EventQueue-PipelineActionsForPipelineActionHandler] ERROR pipeline.PipelineActionHandler (PipelineActionHandler.java:onMessage(60)) - Received pipeline action CLOSE for Pipeline[ Id: b5146873-3458-472b-a3c0-6779b489c9a8, Nodes: 1a989eca-a026-4062-a574-e52a85f9a2a4{ip: 192.168.34.12, host: pr-hdds-2106-8t9qr-763259812, networkLocation: /default-rack, certSerialId: null}4bd4e05e-fa44-45f4-99bb-ac21c4078a41{ip: 192.168.34.12, host: pr-hdds-2106-8t9qr-763259812, networkLocation: /default-rack, certSerialId: null}69a71f03-bd49-4dcf-a91a-b858634f7ca8{ip: 192.168.34.12, host: pr-hdds-2106-8t9qr-763259812, networkLocation: /default-rack, certSerialId: null}, Type:RATIS, Factor:THREE, State:CLOSED] from datanode 69a71f03-bd49-4dcf-a91a-b858634f7ca8{ip: 192.168.34.12, host: pr-hdds-2106-8t9qr-763259812, networkLocation: /default-rack, certSerialId: null}. Reason : 69a71f03-bd49-4dcf-a91a-b858634f7ca8 has not seen follower/s 4bd4e05e-fa44-45f4-99bb-ac21c4078a41 for 179851ms 1a989eca-a026-4062-a574-e52a85f9a2a4 for 179850ms
2019-09-11 07:04:12,327 [EventQueue-PipelineActionsForPipelineActionHandler] INFO  pipeline.SCMPipelineManager (SCMPipelineManager.java:finalizeAndDestroyPipeline(311)) - destroying pipeline:Pipeline[ Id: b5146873-3458-472b-a3c0-6779b489c9a8, Nodes: 1a989eca-a026-4062-a574-e52a85f9a2a4{ip: 192.168.34.12, host: pr-hdds-2106-8t9qr-763259812, networkLocation: /default-rack, certSerialId: null}4bd4e05e-fa44-45f4-99bb-ac21c4078a41{ip: 192.168.34.12, host: pr-hdds-2106-8t9qr-763259812, networkLocation: /default-rack, certSerialId: null}69a71f03-bd49-4dcf-a91a-b858634f7ca8{ip: 192.168.34.12, host: pr-hdds-2106-8t9qr-763259812, networkLocation: /default-rack, certSerialId: null}, Type:RATIS, Factor:THREE, State:CLOSED]
2019-09-11 07:04:12,335 [java.util.concurrent.ThreadPoolExecutor$Worker@3775a19a[State = -1, empty queue]] WARN  server.GrpcLogAppender (GrpcLogAppender.java:timeoutAppendRequest(200)) - 69a71f03-bd49-4dcf-a91a-b858634f7ca8@group-6779B489C9A8->1a989eca-a026-4062-a574-e52a85f9a2a4-GrpcLogAppender: appendEntries Timeout, request=69a71f03-bd49-4dcf-a91a-b858634f7ca8->1a989eca-a026-4062-a574-e52a85f9a2a4#85-t1, previous=(t:1, i:14), leaderCommit=10, initializing? false, entries: <empty>
2019-09-11 07:04:12,335 [java.util.concurrent.ThreadPoolExecutor$Worker@634444f[State = -1, empty queue]] WARN  server.GrpcLogAppender (GrpcLogAppender.java:timeoutAppendRequest(200)) - 69a71f03-bd49-4dcf-a91a-b858634f7ca8@group-6779B489C9A8->4bd4e05e-fa44-45f4-99bb-ac21c4078a41-GrpcLogAppender: appendEntries Timeout, request=69a71f03-bd49-4dcf-a91a-b858634f7ca8->4bd4e05e-fa44-45f4-99bb-ac21c4078a41#85-t1, previous=(t:1, i:14), leaderCommit=10, initializing? false, entries: <empty>
2019-09-11 07:04:13,944 [grpc-default-executor-4] INFO  client.GrpcClientProtocolClient (GrpcClientProtocolClient.java:onNext(264)) - client-8D786902D131->1a989eca-a026-4062-a574-e52a85f9a2a4: receive RaftClientReply:client-8D786902D131->1a989eca-a026-4062-a574-e52a85f9a2a4@group-6779B489C9A8, cid=41, FAILED org.apache.ratis.protocol.NotLeaderException: Server 1a989eca-a026-4062-a574-e52a85f9a2a4@group-6779B489C9A8 is not the leader 69a71f03-bd49-4dcf-a91a-b858634f7ca8:192.168.34.12:43469, logIndex=0, commits[1a989eca-a026-4062-a574-e52a85f9a2a4:c10, 69a71f03-bd49-4dcf-a91a-b858634f7ca8:c10, 4bd4e05e-fa44-45f4-99bb-ac21c4078a41:c6]
2019-09-11 07:04:14,335 [org.apache.ratis.server.impl.LogAppender$AppenderDaemon$$Lambda$511/1624611919@6a2e7679] ERROR ratis.XceiverServerRatis (XceiverServerRatis.java:triggerPipelineClose(568)) - pipeline Action CLOSE  on pipeline PipelineID=b5146873-3458-472b-a3c0-6779b489c9a8.Reason : 69a71f03-bd49-4dcf-a91a-b858634f7ca8 has not seen follower/s 4bd4e05e-fa44-45f4-99bb-ac21c4078a41 for 182351ms 1a989eca-a026-4062-a574-e52a85f9a2a4 for 182351ms
2019-09-11 07:04:14,336 [org.apache.ratis.server.impl.LogAppender$AppenderDaemon$$Lambda$511/1624611919@516e5a75] ERROR ratis.XceiverServerRatis (XceiverServerRatis.java:triggerPipelineClose(568)) - pipeline Action CLOSE  on pipeline PipelineID=b5146873-3458-472b-a3c0-6779b489c9a8.Reason : 69a71f03-bd49-4dcf-a91a-b858634f7ca8 has not seen follower/s 4bd4e05e-fa44-45f4-99bb-ac21c4078a41 for 182351ms 1a989eca-a026-4062-a574-e52a85f9a2a4 for 182351ms
2019-09-11 07:04:14,835 [java.util.concurrent.ThreadPoolExecutor$Worker@3775a19a[State = -1, empty queue]] WARN  server.GrpcLogAppender (GrpcLogAppender.java:timeoutAppendRequest(200)) - 69a71f03-bd49-4dcf-a91a-b858634f7ca8@group-6779B489C9A8->1a989eca-a026-4062-a574-e52a85f9a2a4-GrpcLogAppender: appendEntries Timeout, request=69a71f03-bd49-4dcf-a91a-b858634f7ca8->1a989eca-a026-4062-a574-e52a85f9a2a4#86-t1, previous=(t:1, i:14), leaderCommit=10, initializing? false, entries: <empty>
2019-09-11 07:04:14,835 [java.util.concurrent.ThreadPoolExecutor$Worker@634444f[State = -1, empty queue]] WARN  server.GrpcLogAppender (GrpcLogAppender.java:timeoutAppendRequest(200)) - 69a71f03-bd49-4dcf-a91a-b858634f7ca8@group-6779B489C9A8->4bd4e05e-fa44-45f4-99bb-ac21c4078a41-GrpcLogAppender: appendEntries Timeout, request=69a71f03-bd49-4dcf-a91a-b858634f7ca8->4bd4e05e-fa44-45f4-99bb-ac21c4078a41#86-t1, previous=(t:1, i:14), leaderCommit=10, initializing? false, entries: <empty>
2019-09-11 07:04:15,326 [EventQueue-PipelineActionsForPipelineActionHandler] ERROR pipeline.PipelineActionHandler (PipelineActionHandler.java:onMessage(60)) - Received pipeline action CLOSE for Pipeline[ Id: b5146873-3458-472b-a3c0-6779b489c9a8, Nodes: 1a989eca-a026-4062-a574-e52a85f9a2a4{ip: 192.168.34.12, host: pr-hdds-2106-8t9qr-763259812, networkLocation: /default-rack, certSerialId: null}4bd4e05e-fa44-45f4-99bb-ac21c4078a41{ip: 192.168.34.12, host: pr-hdds-2106-8t9qr-763259812, networkLocation: /default-rack, certSerialId: null}69a71f03-bd49-4dcf-a91a-b858634f7ca8{ip: 192.168.34.12, host: pr-hdds-2106-8t9qr-763259812, networkLocation: /default-rack, certSerialId: null}, Type:RATIS, Factor:THREE, State:CLOSED] from datanode 69a71f03-bd49-4dcf-a91a-b858634f7ca8{ip: 192.168.34.12, host: pr-hdds-2106-8t9qr-763259812, networkLocation: /default-rack, certSerialId: null}. Reason : 69a71f03-bd49-4dcf-a91a-b858634f7ca8 has not seen follower/s 4bd4e05e-fa44-45f4-99bb-ac21c4078a41 for 182351ms 1a989eca-a026-4062-a574-e52a85f9a2a4 for 182351ms
2019-09-11 07:04:15,327 [EventQueue-PipelineActionsForPipelineActionHandler] INFO  pipeline.SCMPipelineManager (SCMPipelineManager.java:finalizeAndDestroyPipeline(311)) - destroying pipeline:Pipeline[ Id: b5146873-3458-472b-a3c0-6779b489c9a8, Nodes: 1a989eca-a026-4062-a574-e52a85f9a2a4{ip: 192.168.34.12, host: pr-hdds-2106-8t9qr-763259812, networkLocation: /default-rack, certSerialId: null}4bd4e05e-fa44-45f4-99bb-ac21c4078a41{ip: 192.168.34.12, host: pr-hdds-2106-8t9qr-763259812, networkLocation: /default-rack, certSerialId: null}69a71f03-bd49-4dcf-a91a-b858634f7ca8{ip: 192.168.34.12, host: pr-hdds-2106-8t9qr-763259812, networkLocation: /default-rack, certSerialId: null}, Type:RATIS, Factor:THREE, State:CLOSED]
2019-09-11 07:04:16,836 [org.apache.ratis.server.impl.LogAppender$AppenderDaemon$$Lambda$511/1624611919@6a2e7679] ERROR ratis.XceiverServerRatis (XceiverServerRatis.java:triggerPipelineClose(568)) - pipeline Action CLOSE  on pipeline PipelineID=b5146873-3458-472b-a3c0-6779b489c9a8.Reason : 69a71f03-bd49-4dcf-a91a-b858634f7ca8 has not seen follower/s 4bd4e05e-fa44-45f4-99bb-ac21c4078a41 for 184852ms 1a989eca-a026-4062-a574-e52a85f9a2a4 for 184852ms
2019-09-11 07:04:16,836 [org.apache.ratis.server.impl.LogAppender$AppenderDaemon$$Lambda$511/1624611919@516e5a75] ERROR ratis.XceiverServerRatis (XceiverServerRatis.java:triggerPipelineClose(568)) - pipeline Action CLOSE  on pipeline PipelineID=b5146873-3458-472b-a3c0-6779b489c9a8.Reason : 69a71f03-bd49-4dcf-a91a-b858634f7ca8 has not seen follower/s 4bd4e05e-fa44-45f4-99bb-ac21c4078a41 for 184852ms 1a989eca-a026-4062-a574-e52a85f9a2a4 for 184852ms
2019-09-11 07:04:17,327 [EventQueue-PipelineActionsForPipelineActionHandler] ERROR pipeline.PipelineActionHandler (PipelineActionHandler.java:onMessage(60)) - Received pipeline action CLOSE for Pipeline[ Id: b5146873-3458-472b-a3c0-6779b489c9a8, Nodes: 1a989eca-a026-4062-a574-e52a85f9a2a4{ip: 192.168.34.12, host: pr-hdds-2106-8t9qr-763259812, networkLocation: /default-rack, certSerialId: null}4bd4e05e-fa44-45f4-99bb-ac21c4078a41{ip: 192.168.34.12, host: pr-hdds-2106-8t9qr-763259812, networkLocation: /default-rack, certSerialId: null}69a71f03-bd49-4dcf-a91a-b858634f7ca8{ip: 192.168.34.12, host: pr-hdds-2106-8t9qr-763259812, networkLocation: /default-rack, certSerialId: null}, Type:RATIS, Factor:THREE, State:CLOSED] from datanode 69a71f03-bd49-4dcf-a91a-b858634f7ca8{ip: 192.168.34.12, host: pr-hdds-2106-8t9qr-763259812, networkLocation: /default-rack, certSerialId: null}. Reason : 69a71f03-bd49-4dcf-a91a-b858634f7ca8 has not seen follower/s 4bd4e05e-fa44-45f4-99bb-ac21c4078a41 for 184852ms 1a989eca-a026-4062-a574-e52a85f9a2a4 for 184852ms
2019-09-11 07:04:17,327 [EventQueue-PipelineActionsForPipelineActionHandler] INFO  pipeline.SCMPipelineManager (SCMPipelineManager.java:finalizeAndDestroyPipeline(311)) - destroying pipeline:Pipeline[ Id: b5146873-3458-472b-a3c0-6779b489c9a8, Nodes: 1a989eca-a026-4062-a574-e52a85f9a2a4{ip: 192.168.34.12, host: pr-hdds-2106-8t9qr-763259812, networkLocation: /default-rack, certSerialId: null}4bd4e05e-fa44-45f4-99bb-ac21c4078a41{ip: 192.168.34.12, host: pr-hdds-2106-8t9qr-763259812, networkLocation: /default-rack, certSerialId: null}69a71f03-bd49-4dcf-a91a-b858634f7ca8{ip: 192.168.34.12, host: pr-hdds-2106-8t9qr-763259812, networkLocation: /default-rack, certSerialId: null}, Type:RATIS, Factor:THREE, State:CLOSED]
2019-09-11 07:04:17,335 [java.util.concurrent.ThreadPoolExecutor$Worker@3775a19a[State = -1, empty queue]] WARN  server.GrpcLogAppender (GrpcLogAppender.java:timeoutAppendRequest(200)) - 69a71f03-bd49-4dcf-a91a-b858634f7ca8@group-6779B489C9A8->1a989eca-a026-4062-a574-e52a85f9a2a4-GrpcLogAppender: appendEntries Timeout, request=69a71f03-bd49-4dcf-a91a-b858634f7ca8->1a989eca-a026-4062-a574-e52a85f9a2a4#87-t1, previous=(t:1, i:14), leaderCommit=10, initializing? false, entries: <empty>
2019-09-11 07:04:17,335 [java.util.concurrent.ThreadPoolExecutor$Worker@634444f[State = -1, empty queue]] WARN  server.GrpcLogAppender (GrpcLogAppender.java:timeoutAppendRequest(200)) - 69a71f03-bd49-4dcf-a91a-b858634f7ca8@group-6779B489C9A8->4bd4e05e-fa44-45f4-99bb-ac21c4078a41-GrpcLogAppender: appendEntries Timeout, request=69a71f03-bd49-4dcf-a91a-b858634f7ca8->4bd4e05e-fa44-45f4-99bb-ac21c4078a41#87-t1, previous=(t:1, i:14), leaderCommit=10, initializing? false, entries: <empty>
2019-09-11 07:04:18,301 [grpc-default-executor-2] INFO  impl.RaftServerProxy (RaftServerProxy.java:remove(95)) - 1a989eca-a026-4062-a574-e52a85f9a2a4: remove  FOLLOWER 1a989eca-a026-4062-a574-e52a85f9a2a4@group-6779B489C9A8:t1, leader=69a71f03-bd49-4dcf-a91a-b858634f7ca8, voted=69a71f03-bd49-4dcf-a91a-b858634f7ca8, raftlog=1a989eca-a026-4062-a574-e52a85f9a2a4@group-6779B489C9A8-SegmentedRaftLog:OPENED:c10,f10,i14, conf=0: [69a71f03-bd49-4dcf-a91a-b858634f7ca8:192.168.34.12:43469, 4bd4e05e-fa44-45f4-99bb-ac21c4078a41:192.168.34.12:36091, 1a989eca-a026-4062-a574-e52a85f9a2a4:192.168.34.12:35514], old=null RUNNING
2019-09-11 07:04:18,302 [grpc-default-executor-2] INFO  impl.RaftServerImpl (RaftServerImpl.java:lambda$shutdown$3(251)) - 1a989eca-a026-4062-a574-e52a85f9a2a4@group-6779B489C9A8: shutdown
2019-09-11 07:04:18,303 [grpc-default-executor-2] INFO  util.JmxRegister (JmxRegister.java:unregister(73)) - Successfully un-registered JMX Bean with object name Ratis:service=RaftServer,group=group-6779B489C9A8,id=1a989eca-a026-4062-a574-e52a85f9a2a4
2019-09-11 07:04:18,303 [grpc-default-executor-2] INFO  impl.RoleInfo (RoleInfo.java:shutdownFollowerState(121)) - 1a989eca-a026-4062-a574-e52a85f9a2a4: shutdown FollowerState
2019-09-11 07:04:18,303 [grpc-default-executor-2] INFO  impl.StateMachineUpdater (StateMachineUpdater.java:stopAndJoin(125)) - 1a989eca-a026-4062-a574-e52a85f9a2a4@group-6779B489C9A8-StateMachineUpdater: set stopIndex = 10
2019-09-11 07:04:18,303 [Thread-829] INFO  impl.FollowerState (FollowerState.java:run(115)) - 1a989eca-a026-4062-a574-e52a85f9a2a4: FollowerState was interrupted: java.lang.InterruptedException: sleep interrupted
2019-09-11 07:04:18,304 [1a989eca-a026-4062-a574-e52a85f9a2a4@group-6779B489C9A8-StateMachineUpdater] INFO  ratis.ContainerStateMachine (ContainerStateMachine.java:takeSnapshot(289)) - group-6779B489C9A8: Taking a snapshot at:(t:1, i:6) file /workdir/hadoop-ozone/integration-test/target/test-dir/MiniOzoneClusterImpl-beba80e5-651a-4af8-b5a8-e6eb83706070/datanode-0/data/ratis/b5146873-3458-472b-a3c0-6779b489c9a8/sm/snapshot.1_6
2019-09-11 07:04:18,317 [1a989eca-a026-4062-a574-e52a85f9a2a4@group-6779B489C9A8-StateMachineUpdater] INFO  ratis.ContainerStateMachine (ContainerStateMachine.java:takeSnapshot(300)) - group-6779B489C9A8: Finished taking a snapshot at:(t:1, i:6) file:/workdir/hadoop-ozone/integration-test/target/test-dir/MiniOzoneClusterImpl-beba80e5-651a-4af8-b5a8-e6eb83706070/datanode-0/data/ratis/b5146873-3458-472b-a3c0-6779b489c9a8/sm/snapshot.1_6 time:14
2019-09-11 07:04:18,318 [1a989eca-a026-4062-a574-e52a85f9a2a4@group-6779B489C9A8-StateMachineUpdater] INFO  impl.StateMachineUpdater (StateMachineUpdater.java:takeSnapshot(258)) - 1a989eca-a026-4062-a574-e52a85f9a2a4@group-6779B489C9A8-StateMachineUpdater: Took a snapshot at index 6
2019-09-11 07:04:18,318 [1a989eca-a026-4062-a574-e52a85f9a2a4@group-6779B489C9A8-StateMachineUpdater] INFO  impl.StateMachineUpdater (StateMachineUpdater.java:lambda$new$0(83)) - 1a989eca-a026-4062-a574-e52a85f9a2a4@group-6779B489C9A8-StateMachineUpdater: snapshotIndex: updateIncreasingly -1 -> 6
2019-09-11 07:04:18,318 [1a989eca-a026-4062-a574-e52a85f9a2a4@group-6779B489C9A8-StateMachineUpdater] INFO  ratis.ContainerStateMachine (ContainerStateMachine.java:takeSnapshot(289)) - group-6779B489C9A8: Taking a snapshot at:(t:1, i:6) file /workdir/hadoop-ozone/integration-test/target/test-dir/MiniOzoneClusterImpl-beba80e5-651a-4af8-b5a8-e6eb83706070/datanode-0/data/ratis/b5146873-3458-472b-a3c0-6779b489c9a8/sm/snapshot.1_6
2019-09-11 07:04:18,330 [1a989eca-a026-4062-a574-e52a85f9a2a4@group-6779B489C9A8-StateMachineUpdater] INFO  ratis.ContainerStateMachine (ContainerStateMachine.java:takeSnapshot(300)) - group-6779B489C9A8: Finished taking a snapshot at:(t:1, i:6) file:/workdir/hadoop-ozone/integration-test/target/test-dir/MiniOzoneClusterImpl-beba80e5-651a-4af8-b5a8-e6eb83706070/datanode-0/data/ratis/b5146873-3458-472b-a3c0-6779b489c9a8/sm/snapshot.1_6 time:12
2019-09-11 07:04:18,331 [1a989eca-a026-4062-a574-e52a85f9a2a4@group-6779B489C9A8-StateMachineUpdater] INFO  impl.StateMachineUpdater (StateMachineUpdater.java:takeSnapshot(258)) - 1a989eca-a026-4062-a574-e52a85f9a2a4@group-6779B489C9A8-StateMachineUpdater: Took a snapshot at index 6
2019-09-11 07:04:18,331 [1a989eca-a026-4062-a574-e52a85f9a2a4@group-6779B489C9A8-StateMachineUpdater] INFO  impl.StateMachineUpdater (StateMachineUpdater.java:lambda$new$0(83)) - 1a989eca-a026-4062-a574-e52a85f9a2a4@group-6779B489C9A8-StateMachineUpdater: snapshotIndex: updateIncreasingly 6 -> 6
2019-09-11 07:04:18,331 [grpc-default-executor-2] INFO  impl.RaftServerImpl (ServerState.java:close(385)) - 1a989eca-a026-4062-a574-e52a85f9a2a4@group-6779B489C9A8: closes. applyIndex: 10
2019-09-11 07:04:18,332 [1a989eca-a026-4062-a574-e52a85f9a2a4@group-6779B489C9A8-SegmentedRaftLogWorker] ERROR ratis.XceiverServerRatis (XceiverServerRatis.java:triggerPipelineClose(568)) - pipeline Action CLOSE  on pipeline PipelineID=b5146873-3458-472b-a3c0-6779b489c9a8.Reason : WriteLog:12: (t:1, i:12), STATEMACHINELOGENTRY, client-8D786902D131, cid=42-writeStateMachineData interrupted.
2019-09-11 07:04:18,337 [EventQueue-PipelineActionsForPipelineActionHandler] ERROR pipeline.PipelineActionHandler (PipelineActionHandler.java:onMessage(60)) - Received pipeline action CLOSE for Pipeline[ Id: b5146873-3458-472b-a3c0-6779b489c9a8, Nodes: 1a989eca-a026-4062-a574-e52a85f9a2a4{ip: 192.168.34.12, host: pr-hdds-2106-8t9qr-763259812, networkLocation: /default-rack, certSerialId: null}4bd4e05e-fa44-45f4-99bb-ac21c4078a41{ip: 192.168.34.12, host: pr-hdds-2106-8t9qr-763259812, networkLocation: /default-rack, certSerialId: null}69a71f03-bd49-4dcf-a91a-b858634f7ca8{ip: 192.168.34.12, host: pr-hdds-2106-8t9qr-763259812, networkLocation: /default-rack, certSerialId: null}, Type:RATIS, Factor:THREE, State:CLOSED] from datanode 1a989eca-a026-4062-a574-e52a85f9a2a4{ip: 192.168.34.12, host: pr-hdds-2106-8t9qr-763259812, networkLocation: /default-rack, certSerialId: null}. Reason : WriteLog:12: (t:1, i:12), STATEMACHINELOGENTRY, client-8D786902D131, cid=42-writeStateMachineData interrupted.
2019-09-11 07:04:18,337 [EventQueue-PipelineActionsForPipelineActionHandler] INFO  pipeline.SCMPipelineManager (SCMPipelineManager.java:finalizeAndDestroyPipeline(311)) - destroying pipeline:Pipeline[ Id: b5146873-3458-472b-a3c0-6779b489c9a8, Nodes: 1a989eca-a026-4062-a574-e52a85f9a2a4{ip: 192.168.34.12, host: pr-hdds-2106-8t9qr-763259812, networkLocation: /default-rack, certSerialId: null}4bd4e05e-fa44-45f4-99bb-ac21c4078a41{ip: 192.168.34.12, host: pr-hdds-2106-8t9qr-763259812, networkLocation: /default-rack, certSerialId: null}69a71f03-bd49-4dcf-a91a-b858634f7ca8{ip: 192.168.34.12, host: pr-hdds-2106-8t9qr-763259812, networkLocation: /default-rack, certSerialId: null}, Type:RATIS, Factor:THREE, State:CLOSED]
2019-09-11 07:04:18,347 [grpc-default-executor-2] INFO  segmented.SegmentedRaftLogWorker (SegmentedRaftLogWorker.java:close(228)) - 1a989eca-a026-4062-a574-e52a85f9a2a4@group-6779B489C9A8-SegmentedRaftLogWorker close()
2019-09-11 07:04:18,365 [grpc-default-executor-2] INFO  interfaces.Container (KeyValueContainer.java:flushAndSyncDB(386)) - Container 3 is synced with bcsId 6.
2019-09-11 07:04:18,365 [grpc-default-executor-2] INFO  interfaces.Container (KeyValueContainer.java:flushAndSyncDB(386)) - Container 3 is synced with bcsId 6.
2019-09-11 07:04:18,382 [EventQueue-IncrementalContainerReportForIncrementalContainerReportHandler] INFO  container.IncrementalContainerReportHandler (AbstractContainerReportHandler.java:updateContainerState(169)) - Moving container #3 to QUASI_CLOSED state, datanode 1a989eca-a026-4062-a574-e52a85f9a2a4{ip: 192.168.34.12, host: pr-hdds-2106-8t9qr-763259812, networkLocation: /default-rack, certSerialId: null} reported QUASI_CLOSED replica.
2019-09-11 07:04:18,435 [grpc-default-executor-2] INFO  interfaces.Container (KeyValueContainer.java:flushAndSyncDB(386)) - Container 4 is synced with bcsId 0.
2019-09-11 07:04:18,435 [grpc-default-executor-2] INFO  interfaces.Container (KeyValueContainer.java:flushAndSyncDB(386)) - Container 4 is synced with bcsId 0.
2019-09-11 07:04:18,448 [EventQueue-IncrementalContainerReportForIncrementalContainerReportHandler] INFO  container.IncrementalContainerReportHandler (AbstractContainerReportHandler.java:updateContainerState(169)) - Moving container #4 to QUASI_CLOSED state, datanode 1a989eca-a026-4062-a574-e52a85f9a2a4{ip: 192.168.34.12, host: pr-hdds-2106-8t9qr-763259812, networkLocation: /default-rack, certSerialId: null} reported QUASI_CLOSED replica.
2019-09-11 07:04:18,453 [grpc-default-executor-2] INFO  impl.RaftServerProxy (RaftServerProxy.java:remove(95)) - 4bd4e05e-fa44-45f4-99bb-ac21c4078a41: remove  FOLLOWER 4bd4e05e-fa44-45f4-99bb-ac21c4078a41@group-6779B489C9A8:t1, leader=69a71f03-bd49-4dcf-a91a-b858634f7ca8, voted=69a71f03-bd49-4dcf-a91a-b858634f7ca8, raftlog=4bd4e05e-fa44-45f4-99bb-ac21c4078a41@group-6779B489C9A8-SegmentedRaftLog:OPENED:c10,f10,i14, conf=0: [69a71f03-bd49-4dcf-a91a-b858634f7ca8:192.168.34.12:43469, 4bd4e05e-fa44-45f4-99bb-ac21c4078a41:192.168.34.12:36091, 1a989eca-a026-4062-a574-e52a85f9a2a4:192.168.34.12:35514], old=null RUNNING
2019-09-11 07:04:18,453 [grpc-default-executor-2] INFO  impl.RaftServerImpl (RaftServerImpl.java:lambda$shutdown$3(251)) - 4bd4e05e-fa44-45f4-99bb-ac21c4078a41@group-6779B489C9A8: shutdown
2019-09-11 07:04:18,453 [grpc-default-executor-2] INFO  util.JmxRegister (JmxRegister.java:unregister(73)) - Successfully un-registered JMX Bean with object name Ratis:service=RaftServer,group=group-6779B489C9A8,id=4bd4e05e-fa44-45f4-99bb-ac21c4078a41
2019-09-11 07:04:18,453 [grpc-default-executor-2] INFO  impl.RoleInfo (RoleInfo.java:shutdownFollowerState(121)) - 4bd4e05e-fa44-45f4-99bb-ac21c4078a41: shutdown FollowerState
2019-09-11 07:04:18,454 [grpc-default-executor-2] INFO  impl.StateMachineUpdater (StateMachineUpdater.java:stopAndJoin(125)) - 4bd4e05e-fa44-45f4-99bb-ac21c4078a41@group-6779B489C9A8-StateMachineUpdater: set stopIndex = 10
2019-09-11 07:04:18,454 [Thread-828] INFO  impl.FollowerState (FollowerState.java:run(115)) - 4bd4e05e-fa44-45f4-99bb-ac21c4078a41: FollowerState was interrupted: java.lang.InterruptedException: sleep interrupted
2019-09-11 07:04:18,454 [4bd4e05e-fa44-45f4-99bb-ac21c4078a41@group-6779B489C9A8-StateMachineUpdater] INFO  ratis.ContainerStateMachine (ContainerStateMachine.java:takeSnapshot(289)) - group-6779B489C9A8: Taking a snapshot at:(t:1, i:6) file /workdir/hadoop-ozone/integration-test/target/test-dir/MiniOzoneClusterImpl-beba80e5-651a-4af8-b5a8-e6eb83706070/datanode-6/data/ratis/b5146873-3458-472b-a3c0-6779b489c9a8/sm/snapshot.1_6
2019-09-11 07:04:18,458 [4bd4e05e-fa44-45f4-99bb-ac21c4078a41@group-6779B489C9A8-StateMachineUpdater] INFO  ratis.ContainerStateMachine (ContainerStateMachine.java:takeSnapshot(300)) - group-6779B489C9A8: Finished taking a snapshot at:(t:1, i:6) file:/workdir/hadoop-ozone/integration-test/target/test-dir/MiniOzoneClusterImpl-beba80e5-651a-4af8-b5a8-e6eb83706070/datanode-6/data/ratis/b5146873-3458-472b-a3c0-6779b489c9a8/sm/snapshot.1_6 time:5
2019-09-11 07:04:18,458 [4bd4e05e-fa44-45f4-99bb-ac21c4078a41@group-6779B489C9A8-StateMachineUpdater] INFO  impl.StateMachineUpdater (StateMachineUpdater.java:takeSnapshot(258)) - 4bd4e05e-fa44-45f4-99bb-ac21c4078a41@group-6779B489C9A8-StateMachineUpdater: Took a snapshot at index 6
2019-09-11 07:04:18,459 [4bd4e05e-fa44-45f4-99bb-ac21c4078a41@group-6779B489C9A8-StateMachineUpdater] INFO  impl.StateMachineUpdater (StateMachineUpdater.java:lambda$new$0(83)) - 4bd4e05e-fa44-45f4-99bb-ac21c4078a41@group-6779B489C9A8-StateMachineUpdater: snapshotIndex: updateIncreasingly -1 -> 6
2019-09-11 07:04:18,459 [4bd4e05e-fa44-45f4-99bb-ac21c4078a41@group-6779B489C9A8-StateMachineUpdater] INFO  ratis.ContainerStateMachine (ContainerStateMachine.java:takeSnapshot(289)) - group-6779B489C9A8: Taking a snapshot at:(t:1, i:6) file /workdir/hadoop-ozone/integration-test/target/test-dir/MiniOzoneClusterImpl-beba80e5-651a-4af8-b5a8-e6eb83706070/datanode-6/data/ratis/b5146873-3458-472b-a3c0-6779b489c9a8/sm/snapshot.1_6
2019-09-11 07:04:18,470 [4bd4e05e-fa44-45f4-99bb-ac21c4078a41@group-6779B489C9A8-StateMachineUpdater] INFO  ratis.ContainerStateMachine (ContainerStateMachine.java:takeSnapshot(300)) - group-6779B489C9A8: Finished taking a snapshot at:(t:1, i:6) file:/workdir/hadoop-ozone/integration-test/target/test-dir/MiniOzoneClusterImpl-beba80e5-651a-4af8-b5a8-e6eb83706070/datanode-6/data/ratis/b5146873-3458-472b-a3c0-6779b489c9a8/sm/snapshot.1_6 time:11
2019-09-11 07:04:18,470 [4bd4e05e-fa44-45f4-99bb-ac21c4078a41@group-6779B489C9A8-StateMachineUpdater] INFO  impl.StateMachineUpdater (StateMachineUpdater.java:takeSnapshot(258)) - 4bd4e05e-fa44-45f4-99bb-ac21c4078a41@group-6779B489C9A8-StateMachineUpdater: Took a snapshot at index 6
2019-09-11 07:04:18,470 [4bd4e05e-fa44-45f4-99bb-ac21c4078a41@group-6779B489C9A8-StateMachineUpdater] INFO  impl.StateMachineUpdater (StateMachineUpdater.java:lambda$new$0(83)) - 4bd4e05e-fa44-45f4-99bb-ac21c4078a41@group-6779B489C9A8-StateMachineUpdater: snapshotIndex: updateIncreasingly 6 -> 6
2019-09-11 07:04:18,470 [grpc-default-executor-2] INFO  impl.RaftServerImpl (ServerState.java:close(385)) - 4bd4e05e-fa44-45f4-99bb-ac21c4078a41@group-6779B489C9A8: closes. applyIndex: 10
2019-09-11 07:04:18,471 [4bd4e05e-fa44-45f4-99bb-ac21c4078a41@group-6779B489C9A8-SegmentedRaftLogWorker] ERROR ratis.XceiverServerRatis (XceiverServerRatis.java:triggerPipelineClose(568)) - pipeline Action CLOSE  on pipeline PipelineID=b5146873-3458-472b-a3c0-6779b489c9a8.Reason : WriteLog:12: (t:1, i:12), STATEMACHINELOGENTRY, client-8D786902D131, cid=42-writeStateMachineData interrupted.
2019-09-11 07:04:18,475 [EventQueue-PipelineActionsForPipelineActionHandler] ERROR pipeline.PipelineActionHandler (PipelineActionHandler.java:onMessage(60)) - Received pipeline action CLOSE for Pipeline[ Id: b5146873-3458-472b-a3c0-6779b489c9a8, Nodes: 1a989eca-a026-4062-a574-e52a85f9a2a4{ip: 192.168.34.12, host: pr-hdds-2106-8t9qr-763259812, networkLocation: /default-rack, certSerialId: null}4bd4e05e-fa44-45f4-99bb-ac21c4078a41{ip: 192.168.34.12, host: pr-hdds-2106-8t9qr-763259812, networkLocation: /default-rack, certSerialId: null}69a71f03-bd49-4dcf-a91a-b858634f7ca8{ip: 192.168.34.12, host: pr-hdds-2106-8t9qr-763259812, networkLocation: /default-rack, certSerialId: null}, Type:RATIS, Factor:THREE, State:CLOSED] from datanode 4bd4e05e-fa44-45f4-99bb-ac21c4078a41{ip: 192.168.34.12, host: pr-hdds-2106-8t9qr-763259812, networkLocation: /default-rack, certSerialId: null}. Reason : WriteLog:12: (t:1, i:12), STATEMACHINELOGENTRY, client-8D786902D131, cid=42-writeStateMachineData interrupted.
2019-09-11 07:04:18,475 [EventQueue-PipelineActionsForPipelineActionHandler] INFO  pipeline.SCMPipelineManager (SCMPipelineManager.java:finalizeAndDestroyPipeline(311)) - destroying pipeline:Pipeline[ Id: b5146873-3458-472b-a3c0-6779b489c9a8, Nodes: 1a989eca-a026-4062-a574-e52a85f9a2a4{ip: 192.168.34.12, host: pr-hdds-2106-8t9qr-763259812, networkLocation: /default-rack, certSerialId: null}4bd4e05e-fa44-45f4-99bb-ac21c4078a41{ip: 192.168.34.12, host: pr-hdds-2106-8t9qr-763259812, networkLocation: /default-rack, certSerialId: null}69a71f03-bd49-4dcf-a91a-b858634f7ca8{ip: 192.168.34.12, host: pr-hdds-2106-8t9qr-763259812, networkLocation: /default-rack, certSerialId: null}, Type:RATIS, Factor:THREE, State:CLOSED]
2019-09-11 07:04:18,476 [grpc-default-executor-2] INFO  segmented.SegmentedRaftLogWorker (SegmentedRaftLogWorker.java:close(228)) - 4bd4e05e-fa44-45f4-99bb-ac21c4078a41@group-6779B489C9A8-SegmentedRaftLogWorker close()
2019-09-11 07:04:18,484 [grpc-default-executor-2] INFO  interfaces.Container (KeyValueContainer.java:flushAndSyncDB(386)) - Container 3 is synced with bcsId 6.
2019-09-11 07:04:18,484 [grpc-default-executor-2] INFO  interfaces.Container (KeyValueContainer.java:flushAndSyncDB(386)) - Container 3 is synced with bcsId 6.
2019-09-11 07:04:18,532 [grpc-default-executor-2] INFO  interfaces.Container (KeyValueContainer.java:flushAndSyncDB(386)) - Container 4 is synced with bcsId 0.
2019-09-11 07:04:18,532 [grpc-default-executor-2] INFO  interfaces.Container (KeyValueContainer.java:flushAndSyncDB(386)) - Container 4 is synced with bcsId 0.
2019-09-11 07:04:18,542 [grpc-default-executor-2] INFO  impl.RaftServerProxy (RaftServerProxy.java:remove(95)) - 69a71f03-bd49-4dcf-a91a-b858634f7ca8: remove    LEADER 69a71f03-bd49-4dcf-a91a-b858634f7ca8@group-6779B489C9A8:t1, leader=69a71f03-bd49-4dcf-a91a-b858634f7ca8, voted=69a71f03-bd49-4dcf-a91a-b858634f7ca8, raftlog=69a71f03-bd49-4dcf-a91a-b858634f7ca8@group-6779B489C9A8-SegmentedRaftLog:OPENED:c10,f10,i14, conf=0: [69a71f03-bd49-4dcf-a91a-b858634f7ca8:192.168.34.12:43469, 4bd4e05e-fa44-45f4-99bb-ac21c4078a41:192.168.34.12:36091, 1a989eca-a026-4062-a574-e52a85f9a2a4:192.168.34.12:35514], old=null RUNNING
2019-09-11 07:04:18,542 [grpc-default-executor-2] INFO  impl.RaftServerImpl (RaftServerImpl.java:lambda$shutdown$3(251)) - 69a71f03-bd49-4dcf-a91a-b858634f7ca8@group-6779B489C9A8: shutdown
2019-09-11 07:04:18,543 [grpc-default-executor-2] INFO  util.JmxRegister (JmxRegister.java:unregister(73)) - Successfully un-registered JMX Bean with object name Ratis:service=RaftServer,group=group-6779B489C9A8,id=69a71f03-bd49-4dcf-a91a-b858634f7ca8
2019-09-11 07:04:18,543 [grpc-default-executor-2] INFO  impl.RoleInfo (RoleInfo.java:shutdownLeaderState(104)) - 69a71f03-bd49-4dcf-a91a-b858634f7ca8: shutdown LeaderState
2019-09-11 07:04:18,549 [org.apache.ratis.server.impl.LogAppender$AppenderDaemon$$Lambda$511/1624611919@516e5a75] WARN  server.GrpcLogAppender (GrpcLogAppender.java:mayWait(143)) - 69a71f03-bd49-4dcf-a91a-b858634f7ca8@group-6779B489C9A8->4bd4e05e-fa44-45f4-99bb-ac21c4078a41-GrpcLogAppender: Wait interrupted by java.lang.InterruptedException
2019-09-11 07:04:18,551 [org.apache.ratis.server.impl.LogAppender$AppenderDaemon$$Lambda$511/1624611919@6a2e7679] WARN  server.GrpcLogAppender (GrpcLogAppender.java:mayWait(143)) - 69a71f03-bd49-4dcf-a91a-b858634f7ca8@group-6779B489C9A8->1a989eca-a026-4062-a574-e52a85f9a2a4-GrpcLogAppender: Wait interrupted by java.lang.InterruptedException
2019-09-11 07:04:18,549 [grpc-default-executor-2] INFO  impl.PendingRequests (PendingRequests.java:sendNotLeaderResponses(202)) - 69a71f03-bd49-4dcf-a91a-b858634f7ca8-PendingRequests: sendNotLeaderResponses
2019-09-11 07:04:18,552 [grpc-default-executor-4] INFO  server.GrpcServerProtocolService (GrpcServerProtocolService.java:onCompleted(113)) - 4bd4e05e-fa44-45f4-99bb-ac21c4078a41: Completed APPEND_ENTRIES, lastRequest: 69a71f03-bd49-4dcf-a91a-b858634f7ca8->4bd4e05e-fa44-45f4-99bb-ac21c4078a41#88-t1, previous=(t:1, i:14), leaderCommit=10, initializing? false, entries: <empty>
2019-09-11 07:04:18,552 [grpc-default-executor-1] INFO  server.GrpcServerProtocolService (GrpcServerProtocolService.java:onCompleted(113)) - 1a989eca-a026-4062-a574-e52a85f9a2a4: Completed APPEND_ENTRIES, lastRequest: 69a71f03-bd49-4dcf-a91a-b858634f7ca8->1a989eca-a026-4062-a574-e52a85f9a2a4#88-t1, previous=(t:1, i:14), leaderCommit=10, initializing? false, entries: <empty>
2019-09-11 07:04:18,557 [grpc-default-executor-2] INFO  impl.StateMachineUpdater (StateMachineUpdater.java:stopAndJoin(125)) - 69a71f03-bd49-4dcf-a91a-b858634f7ca8@group-6779B489C9A8-StateMachineUpdater: set stopIndex = 10
2019-09-11 07:04:18,557 [grpc-default-executor-1] INFO  server.GrpcLogAppender (GrpcLogAppender.java:onCompleted(293)) - 69a71f03-bd49-4dcf-a91a-b858634f7ca8@group-6779B489C9A8->4bd4e05e-fa44-45f4-99bb-ac21c4078a41-AppendLogResponseHandler: follower responses appendEntries COMPLETED
2019-09-11 07:04:18,557 [grpc-default-executor-4] INFO  server.GrpcLogAppender (GrpcLogAppender.java:onCompleted(293)) - 69a71f03-bd49-4dcf-a91a-b858634f7ca8@group-6779B489C9A8->1a989eca-a026-4062-a574-e52a85f9a2a4-AppendLogResponseHandler: follower responses appendEntries COMPLETED
2019-09-11 07:04:18,557 [69a71f03-bd49-4dcf-a91a-b858634f7ca8@group-6779B489C9A8-StateMachineUpdater] INFO  ratis.ContainerStateMachine (ContainerStateMachine.java:takeSnapshot(289)) - group-6779B489C9A8: Taking a snapshot at:(t:1, i:10) file /workdir/hadoop-ozone/integration-test/target/test-dir/MiniOzoneClusterImpl-beba80e5-651a-4af8-b5a8-e6eb83706070/datanode-1/data/ratis/b5146873-3458-472b-a3c0-6779b489c9a8/sm/snapshot.1_10
2019-09-11 07:04:18,558 [grpc-default-executor-4] INFO  impl.FollowerInfo (FollowerInfo.java:lambda$new$0(51)) - 69a71f03-bd49-4dcf-a91a-b858634f7ca8@group-6779B489C9A8->1a989eca-a026-4062-a574-e52a85f9a2a4: nextIndex: updateUnconditionally 15 -> 11
2019-09-11 07:04:18,558 [grpc-default-executor-1] INFO  impl.FollowerInfo (FollowerInfo.java:lambda$new$0(51)) - 69a71f03-bd49-4dcf-a91a-b858634f7ca8@group-6779B489C9A8->4bd4e05e-fa44-45f4-99bb-ac21c4078a41: nextIndex: updateUnconditionally 15 -> 11
2019-09-11 07:04:18,561 [grpc-default-executor-8] WARN  server.GrpcLogAppender (LogUtils.java:warn(134)) - 69a71f03-bd49-4dcf-a91a-b858634f7ca8@group-88289BCE3651->1a989eca-a026-4062-a574-e52a85f9a2a4-AppendLogResponseHandler: Failed appendEntries: org.apache.ratis.thirdparty.io.grpc.StatusRuntimeException: UNAVAILABLE: Channel shutdownNow invoked
2019-09-11 07:04:18,561 [grpc-default-executor-7] WARN  server.GrpcLogAppender (LogUtils.java:warn(134)) - 69a71f03-bd49-4dcf-a91a-b858634f7ca8@group-88289BCE3651->4bd4e05e-fa44-45f4-99bb-ac21c4078a41-AppendLogResponseHandler: Failed appendEntries: org.apache.ratis.thirdparty.io.grpc.StatusRuntimeException: UNAVAILABLE: Channel shutdownNow invoked
2019-09-11 07:04:18,561 [grpc-default-executor-8] INFO  impl.FollowerInfo (FollowerInfo.java:lambda$new$0(51)) - 69a71f03-bd49-4dcf-a91a-b858634f7ca8@group-88289BCE3651->1a989eca-a026-4062-a574-e52a85f9a2a4: nextIndex: updateUnconditionally 1 -> 0
2019-09-11 07:04:18,561 [grpc-default-executor-1] WARN  server.GrpcServerProtocolService (LogUtils.java:warn(134)) - 4bd4e05e-fa44-45f4-99bb-ac21c4078a41: installSnapshot onError, lastRequest: 69a71f03-bd49-4dcf-a91a-b858634f7ca8->4bd4e05e-fa44-45f4-99bb-ac21c4078a41#9-t1, previous=(t:1, i:0), leaderCommit=0, initializing? false, entries: <empty>: org.apache.ratis.thirdparty.io.grpc.StatusRuntimeException: CANCELLED: cancelled before receiving half close
2019-09-11 07:04:18,561 [grpc-default-executor-4] WARN  server.GrpcServerProtocolService (LogUtils.java:warn(134)) - 1a989eca-a026-4062-a574-e52a85f9a2a4: installSnapshot onError, lastRequest: 69a71f03-bd49-4dcf-a91a-b858634f7ca8->1a989eca-a026-4062-a574-e52a85f9a2a4#9-t1, previous=(t:1, i:0), leaderCommit=0, initializing? false, entries: <empty>: org.apache.ratis.thirdparty.io.grpc.StatusRuntimeException: CANCELLED: cancelled before receiving half close
2019-09-11 07:04:18,561 [grpc-default-executor-7] INFO  impl.FollowerInfo (FollowerInfo.java:lambda$new$0(51)) - 69a71f03-bd49-4dcf-a91a-b858634f7ca8@group-88289BCE3651->4bd4e05e-fa44-45f4-99bb-ac21c4078a41: nextIndex: updateUnconditionally 1 -> 0
2019-09-11 07:04:18,571 [69a71f03-bd49-4dcf-a91a-b858634f7ca8@group-6779B489C9A8-StateMachineUpdater] INFO  ratis.ContainerStateMachine (ContainerStateMachine.java:takeSnapshot(300)) - group-6779B489C9A8: Finished taking a snapshot at:(t:1, i:10) file:/workdir/hadoop-ozone/integration-test/target/test-dir/MiniOzoneClusterImpl-beba80e5-651a-4af8-b5a8-e6eb83706070/datanode-1/data/ratis/b5146873-3458-472b-a3c0-6779b489c9a8/sm/snapshot.1_10 time:14
2019-09-11 07:04:18,571 [69a71f03-bd49-4dcf-a91a-b858634f7ca8@group-6779B489C9A8-StateMachineUpdater] INFO  impl.StateMachineUpdater (StateMachineUpdater.java:takeSnapshot(258)) - 69a71f03-bd49-4dcf-a91a-b858634f7ca8@group-6779B489C9A8-StateMachineUpdater: Took a snapshot at index 10
2019-09-11 07:04:18,571 [69a71f03-bd49-4dcf-a91a-b858634f7ca8@group-6779B489C9A8-StateMachineUpdater] INFO  impl.StateMachineUpdater (StateMachineUpdater.java:lambda$new$0(83)) - 69a71f03-bd49-4dcf-a91a-b858634f7ca8@group-6779B489C9A8-StateMachineUpdater: snapshotIndex: updateIncreasingly -1 -> 10
2019-09-11 07:04:18,571 [Command processor thread] ERROR commandhandler.CloseContainerCommandHandler (CloseContainerCommandHandler.java:handle(125)) - Can't close container #4
java.io.IOException: org.apache.ratis.protocol.GroupMismatchException: 69a71f03-bd49-4dcf-a91a-b858634f7ca8: group-6779B489C9A8 not found.
	at org.apache.hadoop.ozone.container.common.transport.server.ratis.XceiverServerRatis.submitRequest(XceiverServerRatis.java:495)
	at org.apache.hadoop.ozone.container.common.statemachine.commandhandler.CloseContainerCommandHandler.handle(CloseContainerCommandHandler.java:102)
	at org.apache.hadoop.ozone.container.common.statemachine.commandhandler.CommandDispatcher.handle(CommandDispatcher.java:99)
	at org.apache.hadoop.ozone.container.common.statemachine.DatanodeStateMachine.lambda$initCommandHandlerThread$1(DatanodeStateMachine.java:432)
	at java.lang.Thread.run(Thread.java:748)
Caused by: java.util.concurrent.ExecutionException: org.apache.ratis.protocol.GroupMismatchException: 69a71f03-bd49-4dcf-a91a-b858634f7ca8: group-6779B489C9A8 not found.
	at java.util.concurrent.CompletableFuture.reportGet(CompletableFuture.java:357)
	at java.util.concurrent.CompletableFuture.get(CompletableFuture.java:1895)
	at org.apache.hadoop.ozone.container.common.transport.server.ratis.XceiverServerRatis.submitRequest(XceiverServerRatis.java:493)
	... 4 more
Caused by: org.apache.ratis.protocol.GroupMismatchException: 69a71f03-bd49-4dcf-a91a-b858634f7ca8: group-6779B489C9A8 not found.
	at org.apache.ratis.server.impl.RaftServerProxy$ImplMap.get(RaftServerProxy.java:122)
	at org.apache.ratis.server.impl.RaftServerProxy.getImplFuture(RaftServerProxy.java:269)
	at org.apache.ratis.server.impl.RaftServerProxy.submitRequest(RaftServerProxy.java:327)
	at org.apache.ratis.server.impl.RaftServerProxy.submitClientRequestAsync(RaftServerProxy.java:333)
	... 5 more
2019-09-11 07:04:18,573 [grpc-default-executor-2] INFO  impl.RaftServerImpl (ServerState.java:close(385)) - 69a71f03-bd49-4dcf-a91a-b858634f7ca8@group-6779B489C9A8: closes. applyIndex: 10
2019-09-11 07:04:18,574 [69a71f03-bd49-4dcf-a91a-b858634f7ca8@group-6779B489C9A8-SegmentedRaftLogWorker] ERROR ratis.XceiverServerRatis (XceiverServerRatis.java:triggerPipelineClose(568)) - pipeline Action CLOSE  on pipeline PipelineID=b5146873-3458-472b-a3c0-6779b489c9a8.Reason : WriteLog:11: (t:1, i:11), STATEMACHINELOGENTRY, client-8D786902D131, cid=41-writeStateMachineData interrupted.
2019-09-11 07:04:18,576 [grpc-default-executor-2] INFO  segmented.SegmentedRaftLogWorker (SegmentedRaftLogWorker.java:close(228)) - 69a71f03-bd49-4dcf-a91a-b858634f7ca8@group-6779B489C9A8-SegmentedRaftLogWorker close()
2019-09-11 07:04:18,582 [EventQueue-PipelineActionsForPipelineActionHandler] ERROR pipeline.PipelineActionHandler (PipelineActionHandler.java:onMessage(60)) - Received pipeline action CLOSE for Pipeline[ Id: b5146873-3458-472b-a3c0-6779b489c9a8, Nodes: 1a989eca-a026-4062-a574-e52a85f9a2a4{ip: 192.168.34.12, host: pr-hdds-2106-8t9qr-763259812, networkLocation: /default-rack, certSerialId: null}4bd4e05e-fa44-45f4-99bb-ac21c4078a41{ip: 192.168.34.12, host: pr-hdds-2106-8t9qr-763259812, networkLocation: /default-rack, certSerialId: null}69a71f03-bd49-4dcf-a91a-b858634f7ca8{ip: 192.168.34.12, host: pr-hdds-2106-8t9qr-763259812, networkLocation: /default-rack, certSerialId: null}, Type:RATIS, Factor:THREE, State:CLOSED] from datanode 69a71f03-bd49-4dcf-a91a-b858634f7ca8{ip: 192.168.34.12, host: pr-hdds-2106-8t9qr-763259812, networkLocation: /default-rack, certSerialId: null}. Reason : WriteLog:11: (t:1, i:11), STATEMACHINELOGENTRY, client-8D786902D131, cid=41-writeStateMachineData interrupted.
2019-09-11 07:04:18,582 [EventQueue-PipelineActionsForPipelineActionHandler] INFO  pipeline.SCMPipelineManager (SCMPipelineManager.java:finalizeAndDestroyPipeline(311)) - destroying pipeline:Pipeline[ Id: b5146873-3458-472b-a3c0-6779b489c9a8, Nodes: 1a989eca-a026-4062-a574-e52a85f9a2a4{ip: 192.168.34.12, host: pr-hdds-2106-8t9qr-763259812, networkLocation: /default-rack, certSerialId: null}4bd4e05e-fa44-45f4-99bb-ac21c4078a41{ip: 192.168.34.12, host: pr-hdds-2106-8t9qr-763259812, networkLocation: /default-rack, certSerialId: null}69a71f03-bd49-4dcf-a91a-b858634f7ca8{ip: 192.168.34.12, host: pr-hdds-2106-8t9qr-763259812, networkLocation: /default-rack, certSerialId: null}, Type:RATIS, Factor:THREE, State:CLOSED]
2019-09-11 07:04:18,593 [grpc-default-executor-2] INFO  interfaces.Container (KeyValueContainer.java:flushAndSyncDB(386)) - Container 3 is synced with bcsId 6.
2019-09-11 07:04:18,593 [grpc-default-executor-2] INFO  interfaces.Container (KeyValueContainer.java:flushAndSyncDB(386)) - Container 3 is synced with bcsId 6.
2019-09-11 07:04:18,661 [grpc-default-executor-2] INFO  interfaces.Container (KeyValueContainer.java:flushAndSyncDB(386)) - Container 4 is synced with bcsId 0.
2019-09-11 07:04:18,661 [grpc-default-executor-2] INFO  interfaces.Container (KeyValueContainer.java:flushAndSyncDB(386)) - Container 4 is synced with bcsId 0.
2019-09-11 07:04:18,677 [RatisPipelineUtilsThread] INFO  pipeline.PipelineStateManager (PipelineStateManager.java:removePipeline(108)) - Pipeline Pipeline[ Id: b5146873-3458-472b-a3c0-6779b489c9a8, Nodes: 1a989eca-a026-4062-a574-e52a85f9a2a4{ip: 192.168.34.12, host: pr-hdds-2106-8t9qr-763259812, networkLocation: /default-rack, certSerialId: null}4bd4e05e-fa44-45f4-99bb-ac21c4078a41{ip: 192.168.34.12, host: pr-hdds-2106-8t9qr-763259812, networkLocation: /default-rack, certSerialId: null}69a71f03-bd49-4dcf-a91a-b858634f7ca8{ip: 192.168.34.12, host: pr-hdds-2106-8t9qr-763259812, networkLocation: /default-rack, certSerialId: null}, Type:RATIS, Factor:THREE, State:CLOSED] removed from db
2019-09-11 07:04:19,001 [main] WARN  io.KeyOutputStream (KeyOutputStream.java:handleException(276)) - Encountered exception java.io.IOException: Unexpected Storage Container Exception: java.util.concurrent.CompletionException: java.util.concurrent.CompletionException: org.apache.ratis.protocol.GroupMismatchException: 1a989eca-a026-4062-a574-e52a85f9a2a4: group-6779B489C9A8 not found. on the pipeline Pipeline[ Id: b5146873-3458-472b-a3c0-6779b489c9a8, Nodes: 1a989eca-a026-4062-a574-e52a85f9a2a4{ip: 192.168.34.12, host: pr-hdds-2106-8t9qr-763259812, networkLocation: /default-rack, certSerialId: null}4bd4e05e-fa44-45f4-99bb-ac21c4078a41{ip: 192.168.34.12, host: pr-hdds-2106-8t9qr-763259812, networkLocation: /default-rack, certSerialId: null}69a71f03-bd49-4dcf-a91a-b858634f7ca8{ip: 192.168.34.12, host: pr-hdds-2106-8t9qr-763259812, networkLocation: /default-rack, certSerialId: null}, Type:RATIS, Factor:THREE, State:OPEN]. The last committed block length is 0, uncommitted data length is 150 retry count 0
2019-09-11 07:04:19,053 [grpc-default-executor-2] INFO  client.GrpcClientProtocolClient (GrpcClientProtocolClient.java:onNext(264)) - client-018CB4735F58->1a989eca-a026-4062-a574-e52a85f9a2a4: receive RaftClientReply:client-018CB4735F58->1a989eca-a026-4062-a574-e52a85f9a2a4@group-88289BCE3651, cid=131, FAILED org.apache.ratis.protocol.NotLeaderException: Server 1a989eca-a026-4062-a574-e52a85f9a2a4@group-88289BCE3651 is not the leader 69a71f03-bd49-4dcf-a91a-b858634f7ca8:192.168.34.12:43469, logIndex=0, commits[1a989eca-a026-4062-a574-e52a85f9a2a4:c0, 69a71f03-bd49-4dcf-a91a-b858634f7ca8:c0, 4bd4e05e-fa44-45f4-99bb-ac21c4078a41:c0]
2019-09-11 07:04:19,083 [grpc-default-executor-2] INFO  impl.RaftServerImpl (ServerState.java:setRaftConf(354)) - 1a989eca-a026-4062-a574-e52a85f9a2a4@group-88289BCE3651: set configuration 0: [69a71f03-bd49-4dcf-a91a-b858634f7ca8:192.168.34.12:43469, 4bd4e05e-fa44-45f4-99bb-ac21c4078a41:192.168.34.12:36091, 1a989eca-a026-4062-a574-e52a85f9a2a4:192.168.34.12:35514], old=null at 0
2019-09-11 07:04:19,083 [grpc-default-executor-4] INFO  impl.RaftServerImpl (ServerState.java:setRaftConf(354)) - 4bd4e05e-fa44-45f4-99bb-ac21c4078a41@group-88289BCE3651: set configuration 0: [69a71f03-bd49-4dcf-a91a-b858634f7ca8:192.168.34.12:43469, 4bd4e05e-fa44-45f4-99bb-ac21c4078a41:192.168.34.12:36091, 1a989eca-a026-4062-a574-e52a85f9a2a4:192.168.34.12:35514], old=null at 0
2019-09-11 07:04:19,223 [grpc-default-executor-4] INFO  client.GrpcClientProtocolClient (GrpcClientProtocolClient.java:onNext(264)) - client-018CB4735F58->69a71f03-bd49-4dcf-a91a-b858634f7ca8: receive RaftClientReply:client-018CB4735F58->69a71f03-bd49-4dcf-a91a-b858634f7ca8@group-88289BCE3651, cid=131, SUCCESS, logIndex=1, commits[69a71f03-bd49-4dcf-a91a-b858634f7ca8:c1, 4bd4e05e-fa44-45f4-99bb-ac21c4078a41:c0, 1a989eca-a026-4062-a574-e52a85f9a2a4:c0]
2019-09-11 07:04:19,255 [grpc-default-executor-4] INFO  client.GrpcClientProtocolClient (GrpcClientProtocolClient.java:onNext(264)) - client-018CB4735F58->69a71f03-bd49-4dcf-a91a-b858634f7ca8: receive RaftClientReply:client-018CB4735F58->69a71f03-bd49-4dcf-a91a-b858634f7ca8@group-88289BCE3651, cid=132, SUCCESS, logIndex=3, commits[69a71f03-bd49-4dcf-a91a-b858634f7ca8:c4, 4bd4e05e-fa44-45f4-99bb-ac21c4078a41:c2, 1a989eca-a026-4062-a574-e52a85f9a2a4:c2]
2019-09-11 07:04:19,302 [grpc-default-executor-4] INFO  client.GrpcClientProtocolClient (GrpcClientProtocolClient.java:onNext(264)) - client-018CB4735F58->69a71f03-bd49-4dcf-a91a-b858634f7ca8: receive RaftClientReply:client-018CB4735F58->69a71f03-bd49-4dcf-a91a-b858634f7ca8@group-88289BCE3651, cid=133, SUCCESS, logIndex=4, commits[69a71f03-bd49-4dcf-a91a-b858634f7ca8:c6, 4bd4e05e-fa44-45f4-99bb-ac21c4078a41:c4, 1a989eca-a026-4062-a574-e52a85f9a2a4:c4]
]]></system-out>
    <system-err><![CDATA[Sep 11, 2019 7:04:18 AM org.apache.ratis.thirdparty.io.grpc.internal.SerializingExecutor run
SEVERE: Exception while executing runnable org.apache.ratis.thirdparty.io.grpc.internal.ServerImpl$JumpToApplicationThreadServerStreamListener$1Closed@917fc91
org.apache.ratis.thirdparty.io.grpc.StatusRuntimeException: CANCELLED: call already cancelled
	at org.apache.ratis.thirdparty.io.grpc.Status.asRuntimeException(Status.java:517)
	at org.apache.ratis.thirdparty.io.grpc.stub.ServerCalls$ServerCallStreamObserverImpl.onCompleted(ServerCalls.java:356)
	at org.apache.ratis.grpc.server.GrpcServerProtocolService$ServerRequestStreamObserver.onError(GrpcServerProtocolService.java:121)
	at org.apache.ratis.thirdparty.io.grpc.stub.ServerCalls$StreamingServerCallHandler$StreamingServerCallListener.onCancel(ServerCalls.java:269)
	at org.apache.ratis.thirdparty.io.grpc.internal.ServerCallImpl$ServerStreamListenerImpl.closed(ServerCallImpl.java:293)
	at org.apache.ratis.thirdparty.io.grpc.internal.ServerImpl$JumpToApplicationThreadServerStreamListener$1Closed.runInContext(ServerImpl.java:741)
	at org.apache.ratis.thirdparty.io.grpc.internal.ContextRunnable.run(ContextRunnable.java:37)
	at org.apache.ratis.thirdparty.io.grpc.internal.SerializingExecutor.run(SerializingExecutor.java:123)
	at java.util.concurrent.ThreadPoolExecutor.runWorker(ThreadPoolExecutor.java:1149)
	at java.util.concurrent.ThreadPoolExecutor$Worker.run(ThreadPoolExecutor.java:624)
	at java.lang.Thread.run(Thread.java:748)

Sep 11, 2019 7:04:18 AM org.apache.ratis.thirdparty.io.grpc.internal.SerializingExecutor run
SEVERE: Exception while executing runnable org.apache.ratis.thirdparty.io.grpc.internal.ServerImpl$JumpToApplicationThreadServerStreamListener$1Closed@55b28b55
org.apache.ratis.thirdparty.io.grpc.StatusRuntimeException: CANCELLED: call already cancelled
	at org.apache.ratis.thirdparty.io.grpc.Status.asRuntimeException(Status.java:517)
	at org.apache.ratis.thirdparty.io.grpc.stub.ServerCalls$ServerCallStreamObserverImpl.onCompleted(ServerCalls.java:356)
	at org.apache.ratis.grpc.server.GrpcServerProtocolService$ServerRequestStreamObserver.onError(GrpcServerProtocolService.java:121)
	at org.apache.ratis.thirdparty.io.grpc.stub.ServerCalls$StreamingServerCallHandler$StreamingServerCallListener.onCancel(ServerCalls.java:269)
	at org.apache.ratis.thirdparty.io.grpc.internal.ServerCallImpl$ServerStreamListenerImpl.closed(ServerCallImpl.java:293)
	at org.apache.ratis.thirdparty.io.grpc.internal.ServerImpl$JumpToApplicationThreadServerStreamListener$1Closed.runInContext(ServerImpl.java:741)
	at org.apache.ratis.thirdparty.io.grpc.internal.ContextRunnable.run(ContextRunnable.java:37)
	at org.apache.ratis.thirdparty.io.grpc.internal.SerializingExecutor.run(SerializingExecutor.java:123)
	at java.util.concurrent.ThreadPoolExecutor.runWorker(ThreadPoolExecutor.java:1149)
	at java.util.concurrent.ThreadPoolExecutor$Worker.run(ThreadPoolExecutor.java:624)
	at java.lang.Thread.run(Thread.java:748)

]]></system-err>
  </testcase>
  <testcase name="testFullBufferCondition" classname="org.apache.hadoop.ozone.client.rpc.TestBlockOutputStream" time="0.369"/>
  <testcase name="testBufferCaching" classname="org.apache.hadoop.ozone.client.rpc.TestBlockOutputStream" time="0.256"/>
  <testcase name="testWriteWithExceedingMaxBufferLimit" classname="org.apache.hadoop.ozone.client.rpc.TestBlockOutputStream" time="187.28">
    <failure message="expected:&lt;21&gt; but was:&lt;25&gt;" type="java.lang.AssertionError"><![CDATA[java.lang.AssertionError: expected:<21> but was:<25>
	at org.junit.Assert.fail(Assert.java:88)
	at org.junit.Assert.failNotEquals(Assert.java:743)
	at org.junit.Assert.assertEquals(Assert.java:118)
	at org.junit.Assert.assertEquals(Assert.java:555)
	at org.junit.Assert.assertEquals(Assert.java:542)
	at org.apache.hadoop.ozone.client.rpc.TestBlockOutputStream.testWriteWithExceedingMaxBufferLimit(TestBlockOutputStream.java:614)
	at sun.reflect.NativeMethodAccessorImpl.invoke0(Native Method)
	at sun.reflect.NativeMethodAccessorImpl.invoke(NativeMethodAccessorImpl.java:62)
	at sun.reflect.DelegatingMethodAccessorImpl.invoke(DelegatingMethodAccessorImpl.java:43)
	at java.lang.reflect.Method.invoke(Method.java:498)
	at org.junit.runners.model.FrameworkMethod$1.runReflectiveCall(FrameworkMethod.java:47)
	at org.junit.internal.runners.model.ReflectiveCallable.run(ReflectiveCallable.java:12)
	at org.junit.runners.model.FrameworkMethod.invokeExplosively(FrameworkMethod.java:44)
	at org.junit.internal.runners.statements.InvokeMethod.evaluate(InvokeMethod.java:17)
	at org.junit.runners.ParentRunner.runLeaf(ParentRunner.java:271)
	at org.junit.runners.BlockJUnit4ClassRunner.runChild(BlockJUnit4ClassRunner.java:70)
	at org.junit.runners.BlockJUnit4ClassRunner.runChild(BlockJUnit4ClassRunner.java:50)
	at org.junit.runners.ParentRunner$3.run(ParentRunner.java:238)
	at org.junit.runners.ParentRunner$1.schedule(ParentRunner.java:63)
	at org.junit.runners.ParentRunner.runChildren(ParentRunner.java:236)
	at org.junit.runners.ParentRunner.access$000(ParentRunner.java:53)
	at org.junit.runners.ParentRunner$2.evaluate(ParentRunner.java:229)
	at org.junit.internal.runners.statements.RunBefores.evaluate(RunBefores.java:26)
	at org.junit.internal.runners.statements.RunAfters.evaluate(RunAfters.java:27)
	at org.junit.runners.ParentRunner.run(ParentRunner.java:309)
	at org.apache.maven.surefire.junit4.JUnit4Provider.execute(JUnit4Provider.java:365)
	at org.apache.maven.surefire.junit4.JUnit4Provider.executeWithRerun(JUnit4Provider.java:273)
	at org.apache.maven.surefire.junit4.JUnit4Provider.executeTestSet(JUnit4Provider.java:238)
	at org.apache.maven.surefire.junit4.JUnit4Provider.invoke(JUnit4Provider.java:159)
	at org.apache.maven.surefire.booter.ForkedBooter.invokeProviderInSameClassLoader(ForkedBooter.java:384)
	at org.apache.maven.surefire.booter.ForkedBooter.runSuitesInProcess(ForkedBooter.java:345)
	at org.apache.maven.surefire.booter.ForkedBooter.execute(ForkedBooter.java:126)
	at org.apache.maven.surefire.booter.ForkedBooter.main(ForkedBooter.java:418)
]]></failure>
    <system-out><![CDATA[2019-09-11 07:04:21,321 [grpc-default-executor-1] INFO  impl.RaftServerProxy (RaftServerProxy.java:remove(95)) - 1a989eca-a026-4062-a574-e52a85f9a2a4: remove group-6779B489C9A8:null
2019-09-11 07:04:21,324 [RatisPipelineUtilsThread] WARN  pipeline.RatisPipelineUtils (RatisPipelineUtils.java:destroyPipeline(66)) - Pipeline destroy failed for pipeline=PipelineID=b5146873-3458-472b-a3c0-6779b489c9a8 dn=1a989eca-a026-4062-a574-e52a85f9a2a4{ip: 192.168.34.12, host: pr-hdds-2106-8t9qr-763259812, networkLocation: /default-rack, certSerialId: null}
2019-09-11 07:04:21,327 [grpc-default-executor-1] INFO  impl.RaftServerProxy (RaftServerProxy.java:remove(95)) - 4bd4e05e-fa44-45f4-99bb-ac21c4078a41: remove group-6779B489C9A8:null
2019-09-11 07:04:21,329 [RatisPipelineUtilsThread] WARN  pipeline.RatisPipelineUtils (RatisPipelineUtils.java:destroyPipeline(66)) - Pipeline destroy failed for pipeline=PipelineID=b5146873-3458-472b-a3c0-6779b489c9a8 dn=4bd4e05e-fa44-45f4-99bb-ac21c4078a41{ip: 192.168.34.12, host: pr-hdds-2106-8t9qr-763259812, networkLocation: /default-rack, certSerialId: null}
2019-09-11 07:04:21,332 [grpc-default-executor-1] INFO  impl.RaftServerProxy (RaftServerProxy.java:remove(95)) - 69a71f03-bd49-4dcf-a91a-b858634f7ca8: remove group-6779B489C9A8:null
2019-09-11 07:04:21,333 [RatisPipelineUtilsThread] WARN  pipeline.RatisPipelineUtils (RatisPipelineUtils.java:destroyPipeline(66)) - Pipeline destroy failed for pipeline=PipelineID=b5146873-3458-472b-a3c0-6779b489c9a8 dn=69a71f03-bd49-4dcf-a91a-b858634f7ca8{ip: 192.168.34.12, host: pr-hdds-2106-8t9qr-763259812, networkLocation: /default-rack, certSerialId: null}
2019-09-11 07:04:21,334 [RatisPipelineUtilsThread] ERROR pipeline.SCMPipelineManager (Scheduler.java:lambda$schedule$1(70)) - Destroy pipeline failed for pipeline:Pipeline[ Id: b5146873-3458-472b-a3c0-6779b489c9a8, Nodes: 1a989eca-a026-4062-a574-e52a85f9a2a4{ip: 192.168.34.12, host: pr-hdds-2106-8t9qr-763259812, networkLocation: /default-rack, certSerialId: null}4bd4e05e-fa44-45f4-99bb-ac21c4078a41{ip: 192.168.34.12, host: pr-hdds-2106-8t9qr-763259812, networkLocation: /default-rack, certSerialId: null}69a71f03-bd49-4dcf-a91a-b858634f7ca8{ip: 192.168.34.12, host: pr-hdds-2106-8t9qr-763259812, networkLocation: /default-rack, certSerialId: null}, Type:RATIS, Factor:THREE, State:CLOSED]
org.apache.hadoop.hdds.scm.pipeline.PipelineNotFoundException: PipelineID=b5146873-3458-472b-a3c0-6779b489c9a8 not found
	at org.apache.hadoop.hdds.scm.pipeline.PipelineStateMap.getPipeline(PipelineStateMap.java:132)
	at org.apache.hadoop.hdds.scm.pipeline.PipelineStateMap.removePipeline(PipelineStateMap.java:322)
	at org.apache.hadoop.hdds.scm.pipeline.PipelineStateManager.removePipeline(PipelineStateManager.java:107)
	at org.apache.hadoop.hdds.scm.pipeline.SCMPipelineManager.removePipeline(SCMPipelineManager.java:423)
	at org.apache.hadoop.hdds.scm.pipeline.SCMPipelineManager.destroyPipeline(SCMPipelineManager.java:409)
	at org.apache.hadoop.hdds.scm.pipeline.SCMPipelineManager.lambda$finalizeAndDestroyPipeline$0(SCMPipelineManager.java:318)
	at org.apache.hadoop.utils.Scheduler.lambda$schedule$1(Scheduler.java:68)
	at java.util.concurrent.Executors$RunnableAdapter.call(Executors.java:511)
	at java.util.concurrent.FutureTask.run(FutureTask.java:266)
	at java.util.concurrent.ScheduledThreadPoolExecutor$ScheduledFutureTask.access$201(ScheduledThreadPoolExecutor.java:180)
	at java.util.concurrent.ScheduledThreadPoolExecutor$ScheduledFutureTask.run(ScheduledThreadPoolExecutor.java:293)
	at java.util.concurrent.ThreadPoolExecutor.runWorker(ThreadPoolExecutor.java:1149)
	at java.util.concurrent.ThreadPoolExecutor$Worker.run(ThreadPoolExecutor.java:624)
	at java.lang.Thread.run(Thread.java:748)
2019-09-11 07:04:22,946 [java.util.concurrent.ThreadPoolExecutor$Worker@16e6d60[State = -1, empty queue]] WARN  server.GrpcLogAppender (GrpcLogAppender.java:timeoutAppendRequest(200)) - 69a71f03-bd49-4dcf-a91a-b858634f7ca8@group-88289BCE3651->1a989eca-a026-4062-a574-e52a85f9a2a4-GrpcLogAppender: appendEntries Timeout, request=69a71f03-bd49-4dcf-a91a-b858634f7ca8->1a989eca-a026-4062-a574-e52a85f9a2a4#17-t1, previous=(t:1, i:6), leaderCommit=6, initializing? false, entries: size=1, first=(t:1, i:7), STATEMACHINELOGENTRY, client-018CB4735F58, cid=142
2019-09-11 07:04:22,946 [java.util.concurrent.ThreadPoolExecutor$Worker@5b781eac[State = -1, empty queue]] WARN  server.GrpcLogAppender (GrpcLogAppender.java:timeoutAppendRequest(200)) - 69a71f03-bd49-4dcf-a91a-b858634f7ca8@group-88289BCE3651->4bd4e05e-fa44-45f4-99bb-ac21c4078a41-GrpcLogAppender: appendEntries Timeout, request=69a71f03-bd49-4dcf-a91a-b858634f7ca8->4bd4e05e-fa44-45f4-99bb-ac21c4078a41#17-t1, previous=(t:1, i:6), leaderCommit=6, initializing? false, entries: size=1, first=(t:1, i:7), STATEMACHINELOGENTRY, client-018CB4735F58, cid=142
2019-09-11 07:04:22,947 [java.util.concurrent.ThreadPoolExecutor$Worker@16e6d60[State = -1, empty queue]] WARN  server.GrpcLogAppender (GrpcLogAppender.java:timeoutAppendRequest(200)) - 69a71f03-bd49-4dcf-a91a-b858634f7ca8@group-88289BCE3651->1a989eca-a026-4062-a574-e52a85f9a2a4-GrpcLogAppender: appendEntries Timeout, request=69a71f03-bd49-4dcf-a91a-b858634f7ca8->1a989eca-a026-4062-a574-e52a85f9a2a4#18-t1, previous=(t:1, i:7), leaderCommit=6, initializing? false, entries: size=1, first=(t:1, i:8), STATEMACHINELOGENTRY, client-018CB4735F58, cid=143
2019-09-11 07:04:22,947 [java.util.concurrent.ThreadPoolExecutor$Worker@5b781eac[State = -1, empty queue]] WARN  server.GrpcLogAppender (GrpcLogAppender.java:timeoutAppendRequest(200)) - 69a71f03-bd49-4dcf-a91a-b858634f7ca8@group-88289BCE3651->4bd4e05e-fa44-45f4-99bb-ac21c4078a41-GrpcLogAppender: appendEntries Timeout, request=69a71f03-bd49-4dcf-a91a-b858634f7ca8->4bd4e05e-fa44-45f4-99bb-ac21c4078a41#18-t1, previous=(t:1, i:7), leaderCommit=6, initializing? false, entries: size=1, first=(t:1, i:8), STATEMACHINELOGENTRY, client-018CB4735F58, cid=143
2019-09-11 07:04:22,947 [java.util.concurrent.ThreadPoolExecutor$Worker@16e6d60[State = -1, empty queue]] WARN  server.GrpcLogAppender (GrpcLogAppender.java:timeoutAppendRequest(200)) - 69a71f03-bd49-4dcf-a91a-b858634f7ca8@group-88289BCE3651->1a989eca-a026-4062-a574-e52a85f9a2a4-GrpcLogAppender: appendEntries Timeout, request=69a71f03-bd49-4dcf-a91a-b858634f7ca8->1a989eca-a026-4062-a574-e52a85f9a2a4#19-t1, previous=(t:1, i:8), leaderCommit=6, initializing? false, entries: size=1, first=(t:1, i:9), STATEMACHINELOGENTRY, client-018CB4735F58, cid=144
2019-09-11 07:04:22,947 [java.util.concurrent.ThreadPoolExecutor$Worker@5b781eac[State = -1, empty queue]] WARN  server.GrpcLogAppender (GrpcLogAppender.java:timeoutAppendRequest(200)) - 69a71f03-bd49-4dcf-a91a-b858634f7ca8@group-88289BCE3651->4bd4e05e-fa44-45f4-99bb-ac21c4078a41-GrpcLogAppender: appendEntries Timeout, request=69a71f03-bd49-4dcf-a91a-b858634f7ca8->4bd4e05e-fa44-45f4-99bb-ac21c4078a41#19-t1, previous=(t:1, i:8), leaderCommit=6, initializing? false, entries: size=1, first=(t:1, i:9), STATEMACHINELOGENTRY, client-018CB4735F58, cid=144
2019-09-11 07:04:22,948 [java.util.concurrent.ThreadPoolExecutor$Worker@16e6d60[State = -1, empty queue]] WARN  server.GrpcLogAppender (GrpcLogAppender.java:timeoutAppendRequest(200)) - 69a71f03-bd49-4dcf-a91a-b858634f7ca8@group-88289BCE3651->1a989eca-a026-4062-a574-e52a85f9a2a4-GrpcLogAppender: appendEntries Timeout, request=69a71f03-bd49-4dcf-a91a-b858634f7ca8->1a989eca-a026-4062-a574-e52a85f9a2a4#20-t1, previous=(t:1, i:9), leaderCommit=6, initializing? false, entries: size=1, first=(t:1, i:10), STATEMACHINELOGENTRY, client-018CB4735F58, cid=145
2019-09-11 07:04:22,948 [java.util.concurrent.ThreadPoolExecutor$Worker@5b781eac[State = -1, empty queue]] WARN  server.GrpcLogAppender (GrpcLogAppender.java:timeoutAppendRequest(200)) - 69a71f03-bd49-4dcf-a91a-b858634f7ca8@group-88289BCE3651->4bd4e05e-fa44-45f4-99bb-ac21c4078a41-GrpcLogAppender: appendEntries Timeout, request=69a71f03-bd49-4dcf-a91a-b858634f7ca8->4bd4e05e-fa44-45f4-99bb-ac21c4078a41#20-t1, previous=(t:1, i:9), leaderCommit=6, initializing? false, entries: size=1, first=(t:1, i:10), STATEMACHINELOGENTRY, client-018CB4735F58, cid=145
2019-09-11 07:04:22,948 [java.util.concurrent.ThreadPoolExecutor$Worker@16e6d60[State = -1, empty queue]] WARN  server.GrpcLogAppender (GrpcLogAppender.java:timeoutAppendRequest(200)) - 69a71f03-bd49-4dcf-a91a-b858634f7ca8@group-88289BCE3651->1a989eca-a026-4062-a574-e52a85f9a2a4-GrpcLogAppender: appendEntries Timeout, request=69a71f03-bd49-4dcf-a91a-b858634f7ca8->1a989eca-a026-4062-a574-e52a85f9a2a4#21-t1, previous=(t:1, i:10), leaderCommit=6, initializing? false, entries: size=1, first=(t:1, i:11), STATEMACHINELOGENTRY, client-018CB4735F58, cid=146
2019-09-11 07:04:22,948 [java.util.concurrent.ThreadPoolExecutor$Worker@5b781eac[State = -1, empty queue]] WARN  server.GrpcLogAppender (GrpcLogAppender.java:timeoutAppendRequest(200)) - 69a71f03-bd49-4dcf-a91a-b858634f7ca8@group-88289BCE3651->4bd4e05e-fa44-45f4-99bb-ac21c4078a41-GrpcLogAppender: appendEntries Timeout, request=69a71f03-bd49-4dcf-a91a-b858634f7ca8->4bd4e05e-fa44-45f4-99bb-ac21c4078a41#21-t1, previous=(t:1, i:10), leaderCommit=6, initializing? false, entries: size=1, first=(t:1, i:11), STATEMACHINELOGENTRY, client-018CB4735F58, cid=146
2019-09-11 07:04:22,948 [java.util.concurrent.ThreadPoolExecutor$Worker@16e6d60[State = -1, empty queue]] WARN  server.GrpcLogAppender (GrpcLogAppender.java:timeoutAppendRequest(200)) - 69a71f03-bd49-4dcf-a91a-b858634f7ca8@group-88289BCE3651->1a989eca-a026-4062-a574-e52a85f9a2a4-GrpcLogAppender: appendEntries Timeout, request=69a71f03-bd49-4dcf-a91a-b858634f7ca8->1a989eca-a026-4062-a574-e52a85f9a2a4#22-t1, previous=(t:1, i:11), leaderCommit=6, initializing? false, entries: size=1, first=(t:1, i:12), STATEMACHINELOGENTRY, client-018CB4735F58, cid=147
2019-09-11 07:04:22,948 [java.util.concurrent.ThreadPoolExecutor$Worker@5b781eac[State = -1, empty queue]] WARN  server.GrpcLogAppender (GrpcLogAppender.java:timeoutAppendRequest(200)) - 69a71f03-bd49-4dcf-a91a-b858634f7ca8@group-88289BCE3651->4bd4e05e-fa44-45f4-99bb-ac21c4078a41-GrpcLogAppender: appendEntries Timeout, request=69a71f03-bd49-4dcf-a91a-b858634f7ca8->4bd4e05e-fa44-45f4-99bb-ac21c4078a41#22-t1, previous=(t:1, i:11), leaderCommit=6, initializing? false, entries: size=1, first=(t:1, i:12), STATEMACHINELOGENTRY, client-018CB4735F58, cid=147
2019-09-11 07:04:23,329 [grpc-default-executor-1] INFO  impl.RaftServerProxy (RaftServerProxy.java:remove(95)) - 1a989eca-a026-4062-a574-e52a85f9a2a4: remove group-6779B489C9A8:null
2019-09-11 07:04:23,332 [RatisPipelineUtilsThread] WARN  pipeline.RatisPipelineUtils (RatisPipelineUtils.java:destroyPipeline(66)) - Pipeline destroy failed for pipeline=PipelineID=b5146873-3458-472b-a3c0-6779b489c9a8 dn=1a989eca-a026-4062-a574-e52a85f9a2a4{ip: 192.168.34.12, host: pr-hdds-2106-8t9qr-763259812, networkLocation: /default-rack, certSerialId: null}
2019-09-11 07:04:23,335 [grpc-default-executor-1] INFO  impl.RaftServerProxy (RaftServerProxy.java:remove(95)) - 4bd4e05e-fa44-45f4-99bb-ac21c4078a41: remove group-6779B489C9A8:null
2019-09-11 07:04:23,337 [RatisPipelineUtilsThread] WARN  pipeline.RatisPipelineUtils (RatisPipelineUtils.java:destroyPipeline(66)) - Pipeline destroy failed for pipeline=PipelineID=b5146873-3458-472b-a3c0-6779b489c9a8 dn=4bd4e05e-fa44-45f4-99bb-ac21c4078a41{ip: 192.168.34.12, host: pr-hdds-2106-8t9qr-763259812, networkLocation: /default-rack, certSerialId: null}
2019-09-11 07:04:23,339 [grpc-default-executor-1] INFO  impl.RaftServerProxy (RaftServerProxy.java:remove(95)) - 69a71f03-bd49-4dcf-a91a-b858634f7ca8: remove group-6779B489C9A8:null
2019-09-11 07:04:23,341 [RatisPipelineUtilsThread] WARN  pipeline.RatisPipelineUtils (RatisPipelineUtils.java:destroyPipeline(66)) - Pipeline destroy failed for pipeline=PipelineID=b5146873-3458-472b-a3c0-6779b489c9a8 dn=69a71f03-bd49-4dcf-a91a-b858634f7ca8{ip: 192.168.34.12, host: pr-hdds-2106-8t9qr-763259812, networkLocation: /default-rack, certSerialId: null}
2019-09-11 07:04:23,342 [RatisPipelineUtilsThread] ERROR pipeline.SCMPipelineManager (Scheduler.java:lambda$schedule$1(70)) - Destroy pipeline failed for pipeline:Pipeline[ Id: b5146873-3458-472b-a3c0-6779b489c9a8, Nodes: 1a989eca-a026-4062-a574-e52a85f9a2a4{ip: 192.168.34.12, host: pr-hdds-2106-8t9qr-763259812, networkLocation: /default-rack, certSerialId: null}4bd4e05e-fa44-45f4-99bb-ac21c4078a41{ip: 192.168.34.12, host: pr-hdds-2106-8t9qr-763259812, networkLocation: /default-rack, certSerialId: null}69a71f03-bd49-4dcf-a91a-b858634f7ca8{ip: 192.168.34.12, host: pr-hdds-2106-8t9qr-763259812, networkLocation: /default-rack, certSerialId: null}, Type:RATIS, Factor:THREE, State:CLOSED]
org.apache.hadoop.hdds.scm.pipeline.PipelineNotFoundException: PipelineID=b5146873-3458-472b-a3c0-6779b489c9a8 not found
	at org.apache.hadoop.hdds.scm.pipeline.PipelineStateMap.getPipeline(PipelineStateMap.java:132)
	at org.apache.hadoop.hdds.scm.pipeline.PipelineStateMap.removePipeline(PipelineStateMap.java:322)
	at org.apache.hadoop.hdds.scm.pipeline.PipelineStateManager.removePipeline(PipelineStateManager.java:107)
	at org.apache.hadoop.hdds.scm.pipeline.SCMPipelineManager.removePipeline(SCMPipelineManager.java:423)
	at org.apache.hadoop.hdds.scm.pipeline.SCMPipelineManager.destroyPipeline(SCMPipelineManager.java:409)
	at org.apache.hadoop.hdds.scm.pipeline.SCMPipelineManager.lambda$finalizeAndDestroyPipeline$0(SCMPipelineManager.java:318)
	at org.apache.hadoop.utils.Scheduler.lambda$schedule$1(Scheduler.java:68)
	at java.util.concurrent.Executors$RunnableAdapter.call(Executors.java:511)
	at java.util.concurrent.FutureTask.run(FutureTask.java:266)
	at java.util.concurrent.ScheduledThreadPoolExecutor$ScheduledFutureTask.access$201(ScheduledThreadPoolExecutor.java:180)
	at java.util.concurrent.ScheduledThreadPoolExecutor$ScheduledFutureTask.run(ScheduledThreadPoolExecutor.java:293)
	at java.util.concurrent.ThreadPoolExecutor.runWorker(ThreadPoolExecutor.java:1149)
	at java.util.concurrent.ThreadPoolExecutor$Worker.run(ThreadPoolExecutor.java:624)
	at java.lang.Thread.run(Thread.java:748)
2019-09-11 07:04:24,968 [grpc-default-executor-2] INFO  client.GrpcClientProtocolClient (GrpcClientProtocolClient.java:onNext(264)) - client-018CB4735F58->4bd4e05e-fa44-45f4-99bb-ac21c4078a41: receive RaftClientReply:client-018CB4735F58->4bd4e05e-fa44-45f4-99bb-ac21c4078a41@group-88289BCE3651, cid=142, FAILED org.apache.ratis.protocol.NotLeaderException: Server 4bd4e05e-fa44-45f4-99bb-ac21c4078a41@group-88289BCE3651 is not the leader 69a71f03-bd49-4dcf-a91a-b858634f7ca8:192.168.34.12:43469, logIndex=0, commits[4bd4e05e-fa44-45f4-99bb-ac21c4078a41:c6, 69a71f03-bd49-4dcf-a91a-b858634f7ca8:c6, 1a989eca-a026-4062-a574-e52a85f9a2a4:c4]
2019-09-11 07:04:25,449 [java.util.concurrent.ThreadPoolExecutor$Worker@16e6d60[State = -1, empty queue]] WARN  server.GrpcLogAppender (GrpcLogAppender.java:timeoutAppendRequest(200)) - 69a71f03-bd49-4dcf-a91a-b858634f7ca8@group-88289BCE3651->1a989eca-a026-4062-a574-e52a85f9a2a4-GrpcLogAppender: appendEntries Timeout, request=69a71f03-bd49-4dcf-a91a-b858634f7ca8->1a989eca-a026-4062-a574-e52a85f9a2a4#23-t1, previous=(t:1, i:12), leaderCommit=6, initializing? false, entries: <empty>
2019-09-11 07:04:25,449 [java.util.concurrent.ThreadPoolExecutor$Worker@5b781eac[State = -1, empty queue]] WARN  server.GrpcLogAppender (GrpcLogAppender.java:timeoutAppendRequest(200)) - 69a71f03-bd49-4dcf-a91a-b858634f7ca8@group-88289BCE3651->4bd4e05e-fa44-45f4-99bb-ac21c4078a41-GrpcLogAppender: appendEntries Timeout, request=69a71f03-bd49-4dcf-a91a-b858634f7ca8->4bd4e05e-fa44-45f4-99bb-ac21c4078a41#23-t1, previous=(t:1, i:12), leaderCommit=6, initializing? false, entries: <empty>
2019-09-11 07:04:26,327 [grpc-default-executor-1] INFO  impl.RaftServerProxy (RaftServerProxy.java:remove(95)) - 1a989eca-a026-4062-a574-e52a85f9a2a4: remove group-6779B489C9A8:null
2019-09-11 07:04:26,332 [RatisPipelineUtilsThread] WARN  pipeline.RatisPipelineUtils (RatisPipelineUtils.java:destroyPipeline(66)) - Pipeline destroy failed for pipeline=PipelineID=b5146873-3458-472b-a3c0-6779b489c9a8 dn=1a989eca-a026-4062-a574-e52a85f9a2a4{ip: 192.168.34.12, host: pr-hdds-2106-8t9qr-763259812, networkLocation: /default-rack, certSerialId: null}
2019-09-11 07:04:26,334 [grpc-default-executor-1] INFO  impl.RaftServerProxy (RaftServerProxy.java:remove(95)) - 4bd4e05e-fa44-45f4-99bb-ac21c4078a41: remove group-6779B489C9A8:null
2019-09-11 07:04:26,337 [RatisPipelineUtilsThread] WARN  pipeline.RatisPipelineUtils (RatisPipelineUtils.java:destroyPipeline(66)) - Pipeline destroy failed for pipeline=PipelineID=b5146873-3458-472b-a3c0-6779b489c9a8 dn=4bd4e05e-fa44-45f4-99bb-ac21c4078a41{ip: 192.168.34.12, host: pr-hdds-2106-8t9qr-763259812, networkLocation: /default-rack, certSerialId: null}
2019-09-11 07:04:26,339 [grpc-default-executor-1] INFO  impl.RaftServerProxy (RaftServerProxy.java:remove(95)) - 69a71f03-bd49-4dcf-a91a-b858634f7ca8: remove group-6779B489C9A8:null
2019-09-11 07:04:26,342 [RatisPipelineUtilsThread] WARN  pipeline.RatisPipelineUtils (RatisPipelineUtils.java:destroyPipeline(66)) - Pipeline destroy failed for pipeline=PipelineID=b5146873-3458-472b-a3c0-6779b489c9a8 dn=69a71f03-bd49-4dcf-a91a-b858634f7ca8{ip: 192.168.34.12, host: pr-hdds-2106-8t9qr-763259812, networkLocation: /default-rack, certSerialId: null}
2019-09-11 07:04:26,342 [RatisPipelineUtilsThread] ERROR pipeline.SCMPipelineManager (Scheduler.java:lambda$schedule$1(70)) - Destroy pipeline failed for pipeline:Pipeline[ Id: b5146873-3458-472b-a3c0-6779b489c9a8, Nodes: 1a989eca-a026-4062-a574-e52a85f9a2a4{ip: 192.168.34.12, host: pr-hdds-2106-8t9qr-763259812, networkLocation: /default-rack, certSerialId: null}4bd4e05e-fa44-45f4-99bb-ac21c4078a41{ip: 192.168.34.12, host: pr-hdds-2106-8t9qr-763259812, networkLocation: /default-rack, certSerialId: null}69a71f03-bd49-4dcf-a91a-b858634f7ca8{ip: 192.168.34.12, host: pr-hdds-2106-8t9qr-763259812, networkLocation: /default-rack, certSerialId: null}, Type:RATIS, Factor:THREE, State:CLOSED]
org.apache.hadoop.hdds.scm.pipeline.PipelineNotFoundException: PipelineID=b5146873-3458-472b-a3c0-6779b489c9a8 not found
	at org.apache.hadoop.hdds.scm.pipeline.PipelineStateMap.getPipeline(PipelineStateMap.java:132)
	at org.apache.hadoop.hdds.scm.pipeline.PipelineStateMap.removePipeline(PipelineStateMap.java:322)
	at org.apache.hadoop.hdds.scm.pipeline.PipelineStateManager.removePipeline(PipelineStateManager.java:107)
	at org.apache.hadoop.hdds.scm.pipeline.SCMPipelineManager.removePipeline(SCMPipelineManager.java:423)
	at org.apache.hadoop.hdds.scm.pipeline.SCMPipelineManager.destroyPipeline(SCMPipelineManager.java:409)
	at org.apache.hadoop.hdds.scm.pipeline.SCMPipelineManager.lambda$finalizeAndDestroyPipeline$0(SCMPipelineManager.java:318)
	at org.apache.hadoop.utils.Scheduler.lambda$schedule$1(Scheduler.java:68)
	at java.util.concurrent.Executors$RunnableAdapter.call(Executors.java:511)
	at java.util.concurrent.FutureTask.run(FutureTask.java:266)
	at java.util.concurrent.ScheduledThreadPoolExecutor$ScheduledFutureTask.access$201(ScheduledThreadPoolExecutor.java:180)
	at java.util.concurrent.ScheduledThreadPoolExecutor$ScheduledFutureTask.run(ScheduledThreadPoolExecutor.java:293)
	at java.util.concurrent.ThreadPoolExecutor.runWorker(ThreadPoolExecutor.java:1149)
	at java.util.concurrent.ThreadPoolExecutor$Worker.run(ThreadPoolExecutor.java:624)
	at java.lang.Thread.run(Thread.java:748)
2019-09-11 07:04:27,949 [java.util.concurrent.ThreadPoolExecutor$Worker@5b781eac[State = -1, empty queue]] WARN  server.GrpcLogAppender (GrpcLogAppender.java:timeoutAppendRequest(200)) - 69a71f03-bd49-4dcf-a91a-b858634f7ca8@group-88289BCE3651->4bd4e05e-fa44-45f4-99bb-ac21c4078a41-GrpcLogAppender: appendEntries Timeout, request=69a71f03-bd49-4dcf-a91a-b858634f7ca8->4bd4e05e-fa44-45f4-99bb-ac21c4078a41#24-t1, previous=(t:1, i:12), leaderCommit=6, initializing? false, entries: <empty>
2019-09-11 07:04:27,949 [java.util.concurrent.ThreadPoolExecutor$Worker@16e6d60[State = -1, empty queue]] WARN  server.GrpcLogAppender (GrpcLogAppender.java:timeoutAppendRequest(200)) - 69a71f03-bd49-4dcf-a91a-b858634f7ca8@group-88289BCE3651->1a989eca-a026-4062-a574-e52a85f9a2a4-GrpcLogAppender: appendEntries Timeout, request=69a71f03-bd49-4dcf-a91a-b858634f7ca8->1a989eca-a026-4062-a574-e52a85f9a2a4#24-t1, previous=(t:1, i:12), leaderCommit=6, initializing? false, entries: <empty>
2019-09-11 07:04:28,333 [grpc-default-executor-2] INFO  impl.RaftServerProxy (RaftServerProxy.java:remove(95)) - 1a989eca-a026-4062-a574-e52a85f9a2a4: remove group-6779B489C9A8:null
2019-09-11 07:04:28,338 [RatisPipelineUtilsThread] WARN  pipeline.RatisPipelineUtils (RatisPipelineUtils.java:destroyPipeline(66)) - Pipeline destroy failed for pipeline=PipelineID=b5146873-3458-472b-a3c0-6779b489c9a8 dn=1a989eca-a026-4062-a574-e52a85f9a2a4{ip: 192.168.34.12, host: pr-hdds-2106-8t9qr-763259812, networkLocation: /default-rack, certSerialId: null}
2019-09-11 07:04:28,341 [grpc-default-executor-2] INFO  impl.RaftServerProxy (RaftServerProxy.java:remove(95)) - 4bd4e05e-fa44-45f4-99bb-ac21c4078a41: remove group-6779B489C9A8:null
2019-09-11 07:04:28,344 [RatisPipelineUtilsThread] WARN  pipeline.RatisPipelineUtils (RatisPipelineUtils.java:destroyPipeline(66)) - Pipeline destroy failed for pipeline=PipelineID=b5146873-3458-472b-a3c0-6779b489c9a8 dn=4bd4e05e-fa44-45f4-99bb-ac21c4078a41{ip: 192.168.34.12, host: pr-hdds-2106-8t9qr-763259812, networkLocation: /default-rack, certSerialId: null}
2019-09-11 07:04:28,347 [grpc-default-executor-2] INFO  impl.RaftServerProxy (RaftServerProxy.java:remove(95)) - 69a71f03-bd49-4dcf-a91a-b858634f7ca8: remove group-6779B489C9A8:null
2019-09-11 07:04:28,349 [RatisPipelineUtilsThread] WARN  pipeline.RatisPipelineUtils (RatisPipelineUtils.java:destroyPipeline(66)) - Pipeline destroy failed for pipeline=PipelineID=b5146873-3458-472b-a3c0-6779b489c9a8 dn=69a71f03-bd49-4dcf-a91a-b858634f7ca8{ip: 192.168.34.12, host: pr-hdds-2106-8t9qr-763259812, networkLocation: /default-rack, certSerialId: null}
2019-09-11 07:04:28,349 [RatisPipelineUtilsThread] ERROR pipeline.SCMPipelineManager (Scheduler.java:lambda$schedule$1(70)) - Destroy pipeline failed for pipeline:Pipeline[ Id: b5146873-3458-472b-a3c0-6779b489c9a8, Nodes: 1a989eca-a026-4062-a574-e52a85f9a2a4{ip: 192.168.34.12, host: pr-hdds-2106-8t9qr-763259812, networkLocation: /default-rack, certSerialId: null}4bd4e05e-fa44-45f4-99bb-ac21c4078a41{ip: 192.168.34.12, host: pr-hdds-2106-8t9qr-763259812, networkLocation: /default-rack, certSerialId: null}69a71f03-bd49-4dcf-a91a-b858634f7ca8{ip: 192.168.34.12, host: pr-hdds-2106-8t9qr-763259812, networkLocation: /default-rack, certSerialId: null}, Type:RATIS, Factor:THREE, State:CLOSED]
org.apache.hadoop.hdds.scm.pipeline.PipelineNotFoundException: PipelineID=b5146873-3458-472b-a3c0-6779b489c9a8 not found
	at org.apache.hadoop.hdds.scm.pipeline.PipelineStateMap.getPipeline(PipelineStateMap.java:132)
	at org.apache.hadoop.hdds.scm.pipeline.PipelineStateMap.removePipeline(PipelineStateMap.java:322)
	at org.apache.hadoop.hdds.scm.pipeline.PipelineStateManager.removePipeline(PipelineStateManager.java:107)
	at org.apache.hadoop.hdds.scm.pipeline.SCMPipelineManager.removePipeline(SCMPipelineManager.java:423)
	at org.apache.hadoop.hdds.scm.pipeline.SCMPipelineManager.destroyPipeline(SCMPipelineManager.java:409)
	at org.apache.hadoop.hdds.scm.pipeline.SCMPipelineManager.lambda$finalizeAndDestroyPipeline$0(SCMPipelineManager.java:318)
	at org.apache.hadoop.utils.Scheduler.lambda$schedule$1(Scheduler.java:68)
	at java.util.concurrent.Executors$RunnableAdapter.call(Executors.java:511)
	at java.util.concurrent.FutureTask.run(FutureTask.java:266)
	at java.util.concurrent.ScheduledThreadPoolExecutor$ScheduledFutureTask.access$201(ScheduledThreadPoolExecutor.java:180)
	at java.util.concurrent.ScheduledThreadPoolExecutor$ScheduledFutureTask.run(ScheduledThreadPoolExecutor.java:293)
	at java.util.concurrent.ThreadPoolExecutor.runWorker(ThreadPoolExecutor.java:1149)
	at java.util.concurrent.ThreadPoolExecutor$Worker.run(ThreadPoolExecutor.java:624)
	at java.lang.Thread.run(Thread.java:748)
2019-09-11 07:04:30,018 [grpc-default-executor-2] INFO  client.GrpcClientProtocolClient (GrpcClientProtocolClient.java:onNext(264)) - client-018CB4735F58->4bd4e05e-fa44-45f4-99bb-ac21c4078a41: receive RaftClientReply:client-018CB4735F58->4bd4e05e-fa44-45f4-99bb-ac21c4078a41@group-88289BCE3651, cid=142, FAILED org.apache.ratis.protocol.NotLeaderException: Server 4bd4e05e-fa44-45f4-99bb-ac21c4078a41@group-88289BCE3651 is not the leader 69a71f03-bd49-4dcf-a91a-b858634f7ca8:192.168.34.12:43469, logIndex=0, commits[4bd4e05e-fa44-45f4-99bb-ac21c4078a41:c6, 69a71f03-bd49-4dcf-a91a-b858634f7ca8:c6, 1a989eca-a026-4062-a574-e52a85f9a2a4:c4]
2019-09-11 07:04:30,049 [69a71f03-bd49-4dcf-a91a-b858634f7ca8@group-88289BCE3651-SegmentedRaftLogWorker] WARN  segmented.SegmentedRaftLogWorker (SegmentedRaftLogWorker.java:getFromFuture(90)) - Timeout 0/~
org.apache.ratis.protocol.TimeoutIOException: Timeout 10s: WriteLog:8: (t:1, i:8), STATEMACHINELOGENTRY, client-018CB4735F58, cid=143-writeStateMachineData
	at org.apache.ratis.util.IOUtils.getFromFuture(IOUtils.java:87)
	at org.apache.ratis.server.raftlog.segmented.SegmentedRaftLogWorker$StateMachineDataPolicy.getFromFuture(SegmentedRaftLogWorker.java:87)
	at org.apache.ratis.server.raftlog.segmented.SegmentedRaftLogWorker$WriteLog.execute(SegmentedRaftLogWorker.java:477)
	at org.apache.ratis.server.raftlog.segmented.SegmentedRaftLogWorker.run(SegmentedRaftLogWorker.java:289)
	at java.lang.Thread.run(Thread.java:748)
Caused by: java.util.concurrent.TimeoutException
	at java.util.concurrent.CompletableFuture.timedGet(CompletableFuture.java:1771)
	at java.util.concurrent.CompletableFuture.get(CompletableFuture.java:1915)
	at org.apache.ratis.util.IOUtils.getFromFuture(IOUtils.java:79)
	... 4 more
2019-09-11 07:04:30,049 [4bd4e05e-fa44-45f4-99bb-ac21c4078a41@group-88289BCE3651-SegmentedRaftLogWorker] WARN  segmented.SegmentedRaftLogWorker (SegmentedRaftLogWorker.java:getFromFuture(90)) - Timeout 0/~
org.apache.ratis.protocol.TimeoutIOException: Timeout 10s: WriteLog:10: (t:1, i:10), STATEMACHINELOGENTRY, client-018CB4735F58, cid=145-writeStateMachineData
	at org.apache.ratis.util.IOUtils.getFromFuture(IOUtils.java:87)
	at org.apache.ratis.server.raftlog.segmented.SegmentedRaftLogWorker$StateMachineDataPolicy.getFromFuture(SegmentedRaftLogWorker.java:87)
	at org.apache.ratis.server.raftlog.segmented.SegmentedRaftLogWorker$WriteLog.execute(SegmentedRaftLogWorker.java:477)
	at org.apache.ratis.server.raftlog.segmented.SegmentedRaftLogWorker.run(SegmentedRaftLogWorker.java:289)
	at java.lang.Thread.run(Thread.java:748)
Caused by: java.util.concurrent.TimeoutException
	at java.util.concurrent.CompletableFuture.timedGet(CompletableFuture.java:1771)
	at java.util.concurrent.CompletableFuture.get(CompletableFuture.java:1915)
	at org.apache.ratis.util.IOUtils.getFromFuture(IOUtils.java:79)
	... 4 more
2019-09-11 07:04:30,049 [1a989eca-a026-4062-a574-e52a85f9a2a4@group-88289BCE3651-SegmentedRaftLogWorker] WARN  segmented.SegmentedRaftLogWorker (SegmentedRaftLogWorker.java:getFromFuture(90)) - Timeout 0/~
org.apache.ratis.protocol.TimeoutIOException: Timeout 10s: WriteLog:8: (t:1, i:8), STATEMACHINELOGENTRY, client-018CB4735F58, cid=143-writeStateMachineData
	at org.apache.ratis.util.IOUtils.getFromFuture(IOUtils.java:87)
	at org.apache.ratis.server.raftlog.segmented.SegmentedRaftLogWorker$StateMachineDataPolicy.getFromFuture(SegmentedRaftLogWorker.java:87)
	at org.apache.ratis.server.raftlog.segmented.SegmentedRaftLogWorker$WriteLog.execute(SegmentedRaftLogWorker.java:477)
	at org.apache.ratis.server.raftlog.segmented.SegmentedRaftLogWorker.run(SegmentedRaftLogWorker.java:289)
	at java.lang.Thread.run(Thread.java:748)
Caused by: java.util.concurrent.TimeoutException
	at java.util.concurrent.CompletableFuture.timedGet(CompletableFuture.java:1771)
	at java.util.concurrent.CompletableFuture.get(CompletableFuture.java:1915)
	at org.apache.ratis.util.IOUtils.getFromFuture(IOUtils.java:79)
	... 4 more
2019-09-11 07:04:30,450 [java.util.concurrent.ThreadPoolExecutor$Worker@5b781eac[State = -1, empty queue]] WARN  server.GrpcLogAppender (GrpcLogAppender.java:timeoutAppendRequest(200)) - 69a71f03-bd49-4dcf-a91a-b858634f7ca8@group-88289BCE3651->4bd4e05e-fa44-45f4-99bb-ac21c4078a41-GrpcLogAppender: appendEntries Timeout, request=69a71f03-bd49-4dcf-a91a-b858634f7ca8->4bd4e05e-fa44-45f4-99bb-ac21c4078a41#25-t1, previous=(t:1, i:12), leaderCommit=6, initializing? false, entries: <empty>
2019-09-11 07:04:30,450 [java.util.concurrent.ThreadPoolExecutor$Worker@16e6d60[State = -1, empty queue]] WARN  server.GrpcLogAppender (GrpcLogAppender.java:timeoutAppendRequest(200)) - 69a71f03-bd49-4dcf-a91a-b858634f7ca8@group-88289BCE3651->1a989eca-a026-4062-a574-e52a85f9a2a4-GrpcLogAppender: appendEntries Timeout, request=69a71f03-bd49-4dcf-a91a-b858634f7ca8->1a989eca-a026-4062-a574-e52a85f9a2a4#25-t1, previous=(t:1, i:12), leaderCommit=6, initializing? false, entries: <empty>
2019-09-11 07:04:31,330 [grpc-default-executor-1] INFO  impl.RaftServerProxy (RaftServerProxy.java:remove(95)) - 1a989eca-a026-4062-a574-e52a85f9a2a4: remove group-6779B489C9A8:null
2019-09-11 07:04:31,335 [RatisPipelineUtilsThread] WARN  pipeline.RatisPipelineUtils (RatisPipelineUtils.java:destroyPipeline(66)) - Pipeline destroy failed for pipeline=PipelineID=b5146873-3458-472b-a3c0-6779b489c9a8 dn=1a989eca-a026-4062-a574-e52a85f9a2a4{ip: 192.168.34.12, host: pr-hdds-2106-8t9qr-763259812, networkLocation: /default-rack, certSerialId: null}
2019-09-11 07:04:31,338 [grpc-default-executor-1] INFO  impl.RaftServerProxy (RaftServerProxy.java:remove(95)) - 4bd4e05e-fa44-45f4-99bb-ac21c4078a41: remove group-6779B489C9A8:null
2019-09-11 07:04:31,340 [RatisPipelineUtilsThread] WARN  pipeline.RatisPipelineUtils (RatisPipelineUtils.java:destroyPipeline(66)) - Pipeline destroy failed for pipeline=PipelineID=b5146873-3458-472b-a3c0-6779b489c9a8 dn=4bd4e05e-fa44-45f4-99bb-ac21c4078a41{ip: 192.168.34.12, host: pr-hdds-2106-8t9qr-763259812, networkLocation: /default-rack, certSerialId: null}
2019-09-11 07:04:31,343 [grpc-default-executor-1] INFO  impl.RaftServerProxy (RaftServerProxy.java:remove(95)) - 69a71f03-bd49-4dcf-a91a-b858634f7ca8: remove group-6779B489C9A8:null
2019-09-11 07:04:31,345 [RatisPipelineUtilsThread] WARN  pipeline.RatisPipelineUtils (RatisPipelineUtils.java:destroyPipeline(66)) - Pipeline destroy failed for pipeline=PipelineID=b5146873-3458-472b-a3c0-6779b489c9a8 dn=69a71f03-bd49-4dcf-a91a-b858634f7ca8{ip: 192.168.34.12, host: pr-hdds-2106-8t9qr-763259812, networkLocation: /default-rack, certSerialId: null}
2019-09-11 07:04:31,346 [RatisPipelineUtilsThread] ERROR pipeline.SCMPipelineManager (Scheduler.java:lambda$schedule$1(70)) - Destroy pipeline failed for pipeline:Pipeline[ Id: b5146873-3458-472b-a3c0-6779b489c9a8, Nodes: 1a989eca-a026-4062-a574-e52a85f9a2a4{ip: 192.168.34.12, host: pr-hdds-2106-8t9qr-763259812, networkLocation: /default-rack, certSerialId: null}4bd4e05e-fa44-45f4-99bb-ac21c4078a41{ip: 192.168.34.12, host: pr-hdds-2106-8t9qr-763259812, networkLocation: /default-rack, certSerialId: null}69a71f03-bd49-4dcf-a91a-b858634f7ca8{ip: 192.168.34.12, host: pr-hdds-2106-8t9qr-763259812, networkLocation: /default-rack, certSerialId: null}, Type:RATIS, Factor:THREE, State:CLOSED]
org.apache.hadoop.hdds.scm.pipeline.PipelineNotFoundException: PipelineID=b5146873-3458-472b-a3c0-6779b489c9a8 not found
	at org.apache.hadoop.hdds.scm.pipeline.PipelineStateMap.getPipeline(PipelineStateMap.java:132)
	at org.apache.hadoop.hdds.scm.pipeline.PipelineStateMap.removePipeline(PipelineStateMap.java:322)
	at org.apache.hadoop.hdds.scm.pipeline.PipelineStateManager.removePipeline(PipelineStateManager.java:107)
	at org.apache.hadoop.hdds.scm.pipeline.SCMPipelineManager.removePipeline(SCMPipelineManager.java:423)
	at org.apache.hadoop.hdds.scm.pipeline.SCMPipelineManager.destroyPipeline(SCMPipelineManager.java:409)
	at org.apache.hadoop.hdds.scm.pipeline.SCMPipelineManager.lambda$finalizeAndDestroyPipeline$0(SCMPipelineManager.java:318)
	at org.apache.hadoop.utils.Scheduler.lambda$schedule$1(Scheduler.java:68)
	at java.util.concurrent.Executors$RunnableAdapter.call(Executors.java:511)
	at java.util.concurrent.FutureTask.run(FutureTask.java:266)
	at java.util.concurrent.ScheduledThreadPoolExecutor$ScheduledFutureTask.access$201(ScheduledThreadPoolExecutor.java:180)
	at java.util.concurrent.ScheduledThreadPoolExecutor$ScheduledFutureTask.run(ScheduledThreadPoolExecutor.java:293)
	at java.util.concurrent.ThreadPoolExecutor.runWorker(ThreadPoolExecutor.java:1149)
	at java.util.concurrent.ThreadPoolExecutor$Worker.run(ThreadPoolExecutor.java:624)
	at java.lang.Thread.run(Thread.java:748)
2019-09-11 07:04:32,950 [java.util.concurrent.ThreadPoolExecutor$Worker@5b781eac[State = -1, empty queue]] WARN  server.GrpcLogAppender (GrpcLogAppender.java:timeoutAppendRequest(200)) - 69a71f03-bd49-4dcf-a91a-b858634f7ca8@group-88289BCE3651->4bd4e05e-fa44-45f4-99bb-ac21c4078a41-GrpcLogAppender: appendEntries Timeout, request=69a71f03-bd49-4dcf-a91a-b858634f7ca8->4bd4e05e-fa44-45f4-99bb-ac21c4078a41#26-t1, previous=(t:1, i:12), leaderCommit=6, initializing? false, entries: <empty>
2019-09-11 07:04:32,950 [java.util.concurrent.ThreadPoolExecutor$Worker@16e6d60[State = -1, empty queue]] WARN  server.GrpcLogAppender (GrpcLogAppender.java:timeoutAppendRequest(200)) - 69a71f03-bd49-4dcf-a91a-b858634f7ca8@group-88289BCE3651->1a989eca-a026-4062-a574-e52a85f9a2a4-GrpcLogAppender: appendEntries Timeout, request=69a71f03-bd49-4dcf-a91a-b858634f7ca8->1a989eca-a026-4062-a574-e52a85f9a2a4#26-t1, previous=(t:1, i:12), leaderCommit=6, initializing? false, entries: <empty>
2019-09-11 07:04:33,333 [grpc-default-executor-2] INFO  impl.RaftServerProxy (RaftServerProxy.java:remove(95)) - 1a989eca-a026-4062-a574-e52a85f9a2a4: remove group-6779B489C9A8:null
2019-09-11 07:04:33,338 [RatisPipelineUtilsThread] WARN  pipeline.RatisPipelineUtils (RatisPipelineUtils.java:destroyPipeline(66)) - Pipeline destroy failed for pipeline=PipelineID=b5146873-3458-472b-a3c0-6779b489c9a8 dn=1a989eca-a026-4062-a574-e52a85f9a2a4{ip: 192.168.34.12, host: pr-hdds-2106-8t9qr-763259812, networkLocation: /default-rack, certSerialId: null}
2019-09-11 07:04:33,341 [grpc-default-executor-2] INFO  impl.RaftServerProxy (RaftServerProxy.java:remove(95)) - 4bd4e05e-fa44-45f4-99bb-ac21c4078a41: remove group-6779B489C9A8:null
2019-09-11 07:04:33,343 [RatisPipelineUtilsThread] WARN  pipeline.RatisPipelineUtils (RatisPipelineUtils.java:destroyPipeline(66)) - Pipeline destroy failed for pipeline=PipelineID=b5146873-3458-472b-a3c0-6779b489c9a8 dn=4bd4e05e-fa44-45f4-99bb-ac21c4078a41{ip: 192.168.34.12, host: pr-hdds-2106-8t9qr-763259812, networkLocation: /default-rack, certSerialId: null}
2019-09-11 07:04:33,346 [grpc-default-executor-2] INFO  impl.RaftServerProxy (RaftServerProxy.java:remove(95)) - 69a71f03-bd49-4dcf-a91a-b858634f7ca8: remove group-6779B489C9A8:null
2019-09-11 07:04:33,348 [RatisPipelineUtilsThread] WARN  pipeline.RatisPipelineUtils (RatisPipelineUtils.java:destroyPipeline(66)) - Pipeline destroy failed for pipeline=PipelineID=b5146873-3458-472b-a3c0-6779b489c9a8 dn=69a71f03-bd49-4dcf-a91a-b858634f7ca8{ip: 192.168.34.12, host: pr-hdds-2106-8t9qr-763259812, networkLocation: /default-rack, certSerialId: null}
2019-09-11 07:04:33,348 [RatisPipelineUtilsThread] ERROR pipeline.SCMPipelineManager (Scheduler.java:lambda$schedule$1(70)) - Destroy pipeline failed for pipeline:Pipeline[ Id: b5146873-3458-472b-a3c0-6779b489c9a8, Nodes: 1a989eca-a026-4062-a574-e52a85f9a2a4{ip: 192.168.34.12, host: pr-hdds-2106-8t9qr-763259812, networkLocation: /default-rack, certSerialId: null}4bd4e05e-fa44-45f4-99bb-ac21c4078a41{ip: 192.168.34.12, host: pr-hdds-2106-8t9qr-763259812, networkLocation: /default-rack, certSerialId: null}69a71f03-bd49-4dcf-a91a-b858634f7ca8{ip: 192.168.34.12, host: pr-hdds-2106-8t9qr-763259812, networkLocation: /default-rack, certSerialId: null}, Type:RATIS, Factor:THREE, State:CLOSED]
org.apache.hadoop.hdds.scm.pipeline.PipelineNotFoundException: PipelineID=b5146873-3458-472b-a3c0-6779b489c9a8 not found
	at org.apache.hadoop.hdds.scm.pipeline.PipelineStateMap.getPipeline(PipelineStateMap.java:132)
	at org.apache.hadoop.hdds.scm.pipeline.PipelineStateMap.removePipeline(PipelineStateMap.java:322)
	at org.apache.hadoop.hdds.scm.pipeline.PipelineStateManager.removePipeline(PipelineStateManager.java:107)
	at org.apache.hadoop.hdds.scm.pipeline.SCMPipelineManager.removePipeline(SCMPipelineManager.java:423)
	at org.apache.hadoop.hdds.scm.pipeline.SCMPipelineManager.destroyPipeline(SCMPipelineManager.java:409)
	at org.apache.hadoop.hdds.scm.pipeline.SCMPipelineManager.lambda$finalizeAndDestroyPipeline$0(SCMPipelineManager.java:318)
	at org.apache.hadoop.utils.Scheduler.lambda$schedule$1(Scheduler.java:68)
	at java.util.concurrent.Executors$RunnableAdapter.call(Executors.java:511)
	at java.util.concurrent.FutureTask.run(FutureTask.java:266)
	at java.util.concurrent.ScheduledThreadPoolExecutor$ScheduledFutureTask.access$201(ScheduledThreadPoolExecutor.java:180)
	at java.util.concurrent.ScheduledThreadPoolExecutor$ScheduledFutureTask.run(ScheduledThreadPoolExecutor.java:293)
	at java.util.concurrent.ThreadPoolExecutor.runWorker(ThreadPoolExecutor.java:1149)
	at java.util.concurrent.ThreadPoolExecutor$Worker.run(ThreadPoolExecutor.java:624)
	at java.lang.Thread.run(Thread.java:748)
2019-09-11 07:04:35,060 [grpc-default-executor-2] INFO  client.GrpcClientProtocolClient (GrpcClientProtocolClient.java:onNext(264)) - client-018CB4735F58->1a989eca-a026-4062-a574-e52a85f9a2a4: receive RaftClientReply:client-018CB4735F58->1a989eca-a026-4062-a574-e52a85f9a2a4@group-88289BCE3651, cid=142, FAILED org.apache.ratis.protocol.NotLeaderException: Server 1a989eca-a026-4062-a574-e52a85f9a2a4@group-88289BCE3651 is not the leader 69a71f03-bd49-4dcf-a91a-b858634f7ca8:192.168.34.12:43469, logIndex=0, commits[1a989eca-a026-4062-a574-e52a85f9a2a4:c6, 69a71f03-bd49-4dcf-a91a-b858634f7ca8:c6, 4bd4e05e-fa44-45f4-99bb-ac21c4078a41:c4]
2019-09-11 07:04:35,451 [java.util.concurrent.ThreadPoolExecutor$Worker@16e6d60[State = -1, empty queue]] WARN  server.GrpcLogAppender (GrpcLogAppender.java:timeoutAppendRequest(200)) - 69a71f03-bd49-4dcf-a91a-b858634f7ca8@group-88289BCE3651->1a989eca-a026-4062-a574-e52a85f9a2a4-GrpcLogAppender: appendEntries Timeout, request=69a71f03-bd49-4dcf-a91a-b858634f7ca8->1a989eca-a026-4062-a574-e52a85f9a2a4#27-t1, previous=(t:1, i:12), leaderCommit=6, initializing? false, entries: <empty>
2019-09-11 07:04:35,451 [java.util.concurrent.ThreadPoolExecutor$Worker@5b781eac[State = -1, empty queue]] WARN  server.GrpcLogAppender (GrpcLogAppender.java:timeoutAppendRequest(200)) - 69a71f03-bd49-4dcf-a91a-b858634f7ca8@group-88289BCE3651->4bd4e05e-fa44-45f4-99bb-ac21c4078a41-GrpcLogAppender: appendEntries Timeout, request=69a71f03-bd49-4dcf-a91a-b858634f7ca8->4bd4e05e-fa44-45f4-99bb-ac21c4078a41#27-t1, previous=(t:1, i:12), leaderCommit=6, initializing? false, entries: <empty>
2019-09-11 07:04:36,328 [grpc-default-executor-2] INFO  impl.RaftServerProxy (RaftServerProxy.java:remove(95)) - 1a989eca-a026-4062-a574-e52a85f9a2a4: remove group-6779B489C9A8:null
2019-09-11 07:04:36,332 [RatisPipelineUtilsThread] WARN  pipeline.RatisPipelineUtils (RatisPipelineUtils.java:destroyPipeline(66)) - Pipeline destroy failed for pipeline=PipelineID=b5146873-3458-472b-a3c0-6779b489c9a8 dn=1a989eca-a026-4062-a574-e52a85f9a2a4{ip: 192.168.34.12, host: pr-hdds-2106-8t9qr-763259812, networkLocation: /default-rack, certSerialId: null}
2019-09-11 07:04:36,334 [grpc-default-executor-2] INFO  impl.RaftServerProxy (RaftServerProxy.java:remove(95)) - 4bd4e05e-fa44-45f4-99bb-ac21c4078a41: remove group-6779B489C9A8:null
2019-09-11 07:04:36,337 [RatisPipelineUtilsThread] WARN  pipeline.RatisPipelineUtils (RatisPipelineUtils.java:destroyPipeline(66)) - Pipeline destroy failed for pipeline=PipelineID=b5146873-3458-472b-a3c0-6779b489c9a8 dn=4bd4e05e-fa44-45f4-99bb-ac21c4078a41{ip: 192.168.34.12, host: pr-hdds-2106-8t9qr-763259812, networkLocation: /default-rack, certSerialId: null}
2019-09-11 07:04:36,339 [grpc-default-executor-2] INFO  impl.RaftServerProxy (RaftServerProxy.java:remove(95)) - 69a71f03-bd49-4dcf-a91a-b858634f7ca8: remove group-6779B489C9A8:null
2019-09-11 07:04:36,341 [RatisPipelineUtilsThread] WARN  pipeline.RatisPipelineUtils (RatisPipelineUtils.java:destroyPipeline(66)) - Pipeline destroy failed for pipeline=PipelineID=b5146873-3458-472b-a3c0-6779b489c9a8 dn=69a71f03-bd49-4dcf-a91a-b858634f7ca8{ip: 192.168.34.12, host: pr-hdds-2106-8t9qr-763259812, networkLocation: /default-rack, certSerialId: null}
2019-09-11 07:04:36,342 [RatisPipelineUtilsThread] ERROR pipeline.SCMPipelineManager (Scheduler.java:lambda$schedule$1(70)) - Destroy pipeline failed for pipeline:Pipeline[ Id: b5146873-3458-472b-a3c0-6779b489c9a8, Nodes: 1a989eca-a026-4062-a574-e52a85f9a2a4{ip: 192.168.34.12, host: pr-hdds-2106-8t9qr-763259812, networkLocation: /default-rack, certSerialId: null}4bd4e05e-fa44-45f4-99bb-ac21c4078a41{ip: 192.168.34.12, host: pr-hdds-2106-8t9qr-763259812, networkLocation: /default-rack, certSerialId: null}69a71f03-bd49-4dcf-a91a-b858634f7ca8{ip: 192.168.34.12, host: pr-hdds-2106-8t9qr-763259812, networkLocation: /default-rack, certSerialId: null}, Type:RATIS, Factor:THREE, State:CLOSED]
org.apache.hadoop.hdds.scm.pipeline.PipelineNotFoundException: PipelineID=b5146873-3458-472b-a3c0-6779b489c9a8 not found
	at org.apache.hadoop.hdds.scm.pipeline.PipelineStateMap.getPipeline(PipelineStateMap.java:132)
	at org.apache.hadoop.hdds.scm.pipeline.PipelineStateMap.removePipeline(PipelineStateMap.java:322)
	at org.apache.hadoop.hdds.scm.pipeline.PipelineStateManager.removePipeline(PipelineStateManager.java:107)
	at org.apache.hadoop.hdds.scm.pipeline.SCMPipelineManager.removePipeline(SCMPipelineManager.java:423)
	at org.apache.hadoop.hdds.scm.pipeline.SCMPipelineManager.destroyPipeline(SCMPipelineManager.java:409)
	at org.apache.hadoop.hdds.scm.pipeline.SCMPipelineManager.lambda$finalizeAndDestroyPipeline$0(SCMPipelineManager.java:318)
	at org.apache.hadoop.utils.Scheduler.lambda$schedule$1(Scheduler.java:68)
	at java.util.concurrent.Executors$RunnableAdapter.call(Executors.java:511)
	at java.util.concurrent.FutureTask.run(FutureTask.java:266)
	at java.util.concurrent.ScheduledThreadPoolExecutor$ScheduledFutureTask.access$201(ScheduledThreadPoolExecutor.java:180)
	at java.util.concurrent.ScheduledThreadPoolExecutor$ScheduledFutureTask.run(ScheduledThreadPoolExecutor.java:293)
	at java.util.concurrent.ThreadPoolExecutor.runWorker(ThreadPoolExecutor.java:1149)
	at java.util.concurrent.ThreadPoolExecutor$Worker.run(ThreadPoolExecutor.java:624)
	at java.lang.Thread.run(Thread.java:748)
2019-09-11 07:04:37,951 [java.util.concurrent.ThreadPoolExecutor$Worker@5b781eac[State = -1, empty queue]] WARN  server.GrpcLogAppender (GrpcLogAppender.java:timeoutAppendRequest(200)) - 69a71f03-bd49-4dcf-a91a-b858634f7ca8@group-88289BCE3651->4bd4e05e-fa44-45f4-99bb-ac21c4078a41-GrpcLogAppender: appendEntries Timeout, request=69a71f03-bd49-4dcf-a91a-b858634f7ca8->4bd4e05e-fa44-45f4-99bb-ac21c4078a41#28-t1, previous=(t:1, i:12), leaderCommit=6, initializing? false, entries: <empty>
2019-09-11 07:04:37,951 [java.util.concurrent.ThreadPoolExecutor$Worker@16e6d60[State = -1, empty queue]] WARN  server.GrpcLogAppender (GrpcLogAppender.java:timeoutAppendRequest(200)) - 69a71f03-bd49-4dcf-a91a-b858634f7ca8@group-88289BCE3651->1a989eca-a026-4062-a574-e52a85f9a2a4-GrpcLogAppender: appendEntries Timeout, request=69a71f03-bd49-4dcf-a91a-b858634f7ca8->1a989eca-a026-4062-a574-e52a85f9a2a4#28-t1, previous=(t:1, i:12), leaderCommit=6, initializing? false, entries: <empty>
2019-09-11 07:04:38,326 [grpc-default-executor-1] INFO  impl.RaftServerProxy (RaftServerProxy.java:remove(95)) - 1a989eca-a026-4062-a574-e52a85f9a2a4: remove group-6779B489C9A8:null
2019-09-11 07:04:38,328 [RatisPipelineUtilsThread] WARN  pipeline.RatisPipelineUtils (RatisPipelineUtils.java:destroyPipeline(66)) - Pipeline destroy failed for pipeline=PipelineID=b5146873-3458-472b-a3c0-6779b489c9a8 dn=1a989eca-a026-4062-a574-e52a85f9a2a4{ip: 192.168.34.12, host: pr-hdds-2106-8t9qr-763259812, networkLocation: /default-rack, certSerialId: null}
2019-09-11 07:04:38,331 [grpc-default-executor-1] INFO  impl.RaftServerProxy (RaftServerProxy.java:remove(95)) - 4bd4e05e-fa44-45f4-99bb-ac21c4078a41: remove group-6779B489C9A8:null
2019-09-11 07:04:38,333 [RatisPipelineUtilsThread] WARN  pipeline.RatisPipelineUtils (RatisPipelineUtils.java:destroyPipeline(66)) - Pipeline destroy failed for pipeline=PipelineID=b5146873-3458-472b-a3c0-6779b489c9a8 dn=4bd4e05e-fa44-45f4-99bb-ac21c4078a41{ip: 192.168.34.12, host: pr-hdds-2106-8t9qr-763259812, networkLocation: /default-rack, certSerialId: null}
2019-09-11 07:04:38,336 [grpc-default-executor-1] INFO  impl.RaftServerProxy (RaftServerProxy.java:remove(95)) - 69a71f03-bd49-4dcf-a91a-b858634f7ca8: remove group-6779B489C9A8:null
2019-09-11 07:04:38,339 [RatisPipelineUtilsThread] WARN  pipeline.RatisPipelineUtils (RatisPipelineUtils.java:destroyPipeline(66)) - Pipeline destroy failed for pipeline=PipelineID=b5146873-3458-472b-a3c0-6779b489c9a8 dn=69a71f03-bd49-4dcf-a91a-b858634f7ca8{ip: 192.168.34.12, host: pr-hdds-2106-8t9qr-763259812, networkLocation: /default-rack, certSerialId: null}
2019-09-11 07:04:38,339 [RatisPipelineUtilsThread] ERROR pipeline.SCMPipelineManager (Scheduler.java:lambda$schedule$1(70)) - Destroy pipeline failed for pipeline:Pipeline[ Id: b5146873-3458-472b-a3c0-6779b489c9a8, Nodes: 1a989eca-a026-4062-a574-e52a85f9a2a4{ip: 192.168.34.12, host: pr-hdds-2106-8t9qr-763259812, networkLocation: /default-rack, certSerialId: null}4bd4e05e-fa44-45f4-99bb-ac21c4078a41{ip: 192.168.34.12, host: pr-hdds-2106-8t9qr-763259812, networkLocation: /default-rack, certSerialId: null}69a71f03-bd49-4dcf-a91a-b858634f7ca8{ip: 192.168.34.12, host: pr-hdds-2106-8t9qr-763259812, networkLocation: /default-rack, certSerialId: null}, Type:RATIS, Factor:THREE, State:CLOSED]
org.apache.hadoop.hdds.scm.pipeline.PipelineNotFoundException: PipelineID=b5146873-3458-472b-a3c0-6779b489c9a8 not found
	at org.apache.hadoop.hdds.scm.pipeline.PipelineStateMap.getPipeline(PipelineStateMap.java:132)
	at org.apache.hadoop.hdds.scm.pipeline.PipelineStateMap.removePipeline(PipelineStateMap.java:322)
	at org.apache.hadoop.hdds.scm.pipeline.PipelineStateManager.removePipeline(PipelineStateManager.java:107)
	at org.apache.hadoop.hdds.scm.pipeline.SCMPipelineManager.removePipeline(SCMPipelineManager.java:423)
	at org.apache.hadoop.hdds.scm.pipeline.SCMPipelineManager.destroyPipeline(SCMPipelineManager.java:409)
	at org.apache.hadoop.hdds.scm.pipeline.SCMPipelineManager.lambda$finalizeAndDestroyPipeline$0(SCMPipelineManager.java:318)
	at org.apache.hadoop.utils.Scheduler.lambda$schedule$1(Scheduler.java:68)
	at java.util.concurrent.Executors$RunnableAdapter.call(Executors.java:511)
	at java.util.concurrent.FutureTask.run(FutureTask.java:266)
	at java.util.concurrent.ScheduledThreadPoolExecutor$ScheduledFutureTask.access$201(ScheduledThreadPoolExecutor.java:180)
	at java.util.concurrent.ScheduledThreadPoolExecutor$ScheduledFutureTask.run(ScheduledThreadPoolExecutor.java:293)
	at java.util.concurrent.ThreadPoolExecutor.runWorker(ThreadPoolExecutor.java:1149)
	at java.util.concurrent.ThreadPoolExecutor$Worker.run(ThreadPoolExecutor.java:624)
	at java.lang.Thread.run(Thread.java:748)
2019-09-11 07:04:40,050 [69a71f03-bd49-4dcf-a91a-b858634f7ca8@group-88289BCE3651-SegmentedRaftLogWorker] WARN  segmented.SegmentedRaftLogWorker (SegmentedRaftLogWorker.java:getFromFuture(90)) - Timeout 1/~
org.apache.ratis.protocol.TimeoutIOException: Timeout 10s: WriteLog:8: (t:1, i:8), STATEMACHINELOGENTRY, client-018CB4735F58, cid=143-writeStateMachineData
	at org.apache.ratis.util.IOUtils.getFromFuture(IOUtils.java:87)
	at org.apache.ratis.server.raftlog.segmented.SegmentedRaftLogWorker$StateMachineDataPolicy.getFromFuture(SegmentedRaftLogWorker.java:87)
	at org.apache.ratis.server.raftlog.segmented.SegmentedRaftLogWorker$WriteLog.execute(SegmentedRaftLogWorker.java:477)
	at org.apache.ratis.server.raftlog.segmented.SegmentedRaftLogWorker.run(SegmentedRaftLogWorker.java:289)
	at java.lang.Thread.run(Thread.java:748)
Caused by: java.util.concurrent.TimeoutException
	at java.util.concurrent.CompletableFuture.timedGet(CompletableFuture.java:1771)
	at java.util.concurrent.CompletableFuture.get(CompletableFuture.java:1915)
	at org.apache.ratis.util.IOUtils.getFromFuture(IOUtils.java:79)
	... 4 more
2019-09-11 07:04:40,050 [4bd4e05e-fa44-45f4-99bb-ac21c4078a41@group-88289BCE3651-SegmentedRaftLogWorker] WARN  segmented.SegmentedRaftLogWorker (SegmentedRaftLogWorker.java:getFromFuture(90)) - Timeout 1/~
org.apache.ratis.protocol.TimeoutIOException: Timeout 10s: WriteLog:10: (t:1, i:10), STATEMACHINELOGENTRY, client-018CB4735F58, cid=145-writeStateMachineData
	at org.apache.ratis.util.IOUtils.getFromFuture(IOUtils.java:87)
	at org.apache.ratis.server.raftlog.segmented.SegmentedRaftLogWorker$StateMachineDataPolicy.getFromFuture(SegmentedRaftLogWorker.java:87)
	at org.apache.ratis.server.raftlog.segmented.SegmentedRaftLogWorker$WriteLog.execute(SegmentedRaftLogWorker.java:477)
	at org.apache.ratis.server.raftlog.segmented.SegmentedRaftLogWorker.run(SegmentedRaftLogWorker.java:289)
	at java.lang.Thread.run(Thread.java:748)
Caused by: java.util.concurrent.TimeoutException
	at java.util.concurrent.CompletableFuture.timedGet(CompletableFuture.java:1771)
	at java.util.concurrent.CompletableFuture.get(CompletableFuture.java:1915)
	at org.apache.ratis.util.IOUtils.getFromFuture(IOUtils.java:79)
	... 4 more
2019-09-11 07:04:40,050 [1a989eca-a026-4062-a574-e52a85f9a2a4@group-88289BCE3651-SegmentedRaftLogWorker] WARN  segmented.SegmentedRaftLogWorker (SegmentedRaftLogWorker.java:getFromFuture(90)) - Timeout 1/~
org.apache.ratis.protocol.TimeoutIOException: Timeout 10s: WriteLog:8: (t:1, i:8), STATEMACHINELOGENTRY, client-018CB4735F58, cid=143-writeStateMachineData
	at org.apache.ratis.util.IOUtils.getFromFuture(IOUtils.java:87)
	at org.apache.ratis.server.raftlog.segmented.SegmentedRaftLogWorker$StateMachineDataPolicy.getFromFuture(SegmentedRaftLogWorker.java:87)
	at org.apache.ratis.server.raftlog.segmented.SegmentedRaftLogWorker$WriteLog.execute(SegmentedRaftLogWorker.java:477)
	at org.apache.ratis.server.raftlog.segmented.SegmentedRaftLogWorker.run(SegmentedRaftLogWorker.java:289)
	at java.lang.Thread.run(Thread.java:748)
Caused by: java.util.concurrent.TimeoutException
	at java.util.concurrent.CompletableFuture.timedGet(CompletableFuture.java:1771)
	at java.util.concurrent.CompletableFuture.get(CompletableFuture.java:1915)
	at org.apache.ratis.util.IOUtils.getFromFuture(IOUtils.java:79)
	... 4 more
2019-09-11 07:04:40,092 [grpc-default-executor-2] INFO  client.GrpcClientProtocolClient (GrpcClientProtocolClient.java:onNext(264)) - client-018CB4735F58->4bd4e05e-fa44-45f4-99bb-ac21c4078a41: receive RaftClientReply:client-018CB4735F58->4bd4e05e-fa44-45f4-99bb-ac21c4078a41@group-88289BCE3651, cid=142, FAILED org.apache.ratis.protocol.NotLeaderException: Server 4bd4e05e-fa44-45f4-99bb-ac21c4078a41@group-88289BCE3651 is not the leader 69a71f03-bd49-4dcf-a91a-b858634f7ca8:192.168.34.12:43469, logIndex=0, commits[4bd4e05e-fa44-45f4-99bb-ac21c4078a41:c6, 69a71f03-bd49-4dcf-a91a-b858634f7ca8:c6, 1a989eca-a026-4062-a574-e52a85f9a2a4:c4]
2019-09-11 07:04:40,451 [java.util.concurrent.ThreadPoolExecutor$Worker@5b781eac[State = -1, empty queue]] WARN  server.GrpcLogAppender (GrpcLogAppender.java:timeoutAppendRequest(200)) - 69a71f03-bd49-4dcf-a91a-b858634f7ca8@group-88289BCE3651->4bd4e05e-fa44-45f4-99bb-ac21c4078a41-GrpcLogAppender: appendEntries Timeout, request=69a71f03-bd49-4dcf-a91a-b858634f7ca8->4bd4e05e-fa44-45f4-99bb-ac21c4078a41#29-t1, previous=(t:1, i:12), leaderCommit=6, initializing? false, entries: <empty>
2019-09-11 07:04:40,451 [java.util.concurrent.ThreadPoolExecutor$Worker@16e6d60[State = -1, empty queue]] WARN  server.GrpcLogAppender (GrpcLogAppender.java:timeoutAppendRequest(200)) - 69a71f03-bd49-4dcf-a91a-b858634f7ca8@group-88289BCE3651->1a989eca-a026-4062-a574-e52a85f9a2a4-GrpcLogAppender: appendEntries Timeout, request=69a71f03-bd49-4dcf-a91a-b858634f7ca8->1a989eca-a026-4062-a574-e52a85f9a2a4#29-t1, previous=(t:1, i:12), leaderCommit=6, initializing? false, entries: <empty>
2019-09-11 07:04:41,332 [grpc-default-executor-4] INFO  impl.RaftServerProxy (RaftServerProxy.java:remove(95)) - 1a989eca-a026-4062-a574-e52a85f9a2a4: remove group-6779B489C9A8:null
2019-09-11 07:04:41,336 [RatisPipelineUtilsThread] WARN  pipeline.RatisPipelineUtils (RatisPipelineUtils.java:destroyPipeline(66)) - Pipeline destroy failed for pipeline=PipelineID=b5146873-3458-472b-a3c0-6779b489c9a8 dn=1a989eca-a026-4062-a574-e52a85f9a2a4{ip: 192.168.34.12, host: pr-hdds-2106-8t9qr-763259812, networkLocation: /default-rack, certSerialId: null}
2019-09-11 07:04:41,339 [grpc-default-executor-4] INFO  impl.RaftServerProxy (RaftServerProxy.java:remove(95)) - 4bd4e05e-fa44-45f4-99bb-ac21c4078a41: remove group-6779B489C9A8:null
2019-09-11 07:04:41,341 [RatisPipelineUtilsThread] WARN  pipeline.RatisPipelineUtils (RatisPipelineUtils.java:destroyPipeline(66)) - Pipeline destroy failed for pipeline=PipelineID=b5146873-3458-472b-a3c0-6779b489c9a8 dn=4bd4e05e-fa44-45f4-99bb-ac21c4078a41{ip: 192.168.34.12, host: pr-hdds-2106-8t9qr-763259812, networkLocation: /default-rack, certSerialId: null}
2019-09-11 07:04:41,343 [grpc-default-executor-4] INFO  impl.RaftServerProxy (RaftServerProxy.java:remove(95)) - 69a71f03-bd49-4dcf-a91a-b858634f7ca8: remove group-6779B489C9A8:null
2019-09-11 07:04:41,345 [RatisPipelineUtilsThread] WARN  pipeline.RatisPipelineUtils (RatisPipelineUtils.java:destroyPipeline(66)) - Pipeline destroy failed for pipeline=PipelineID=b5146873-3458-472b-a3c0-6779b489c9a8 dn=69a71f03-bd49-4dcf-a91a-b858634f7ca8{ip: 192.168.34.12, host: pr-hdds-2106-8t9qr-763259812, networkLocation: /default-rack, certSerialId: null}
2019-09-11 07:04:41,346 [RatisPipelineUtilsThread] ERROR pipeline.SCMPipelineManager (Scheduler.java:lambda$schedule$1(70)) - Destroy pipeline failed for pipeline:Pipeline[ Id: b5146873-3458-472b-a3c0-6779b489c9a8, Nodes: 1a989eca-a026-4062-a574-e52a85f9a2a4{ip: 192.168.34.12, host: pr-hdds-2106-8t9qr-763259812, networkLocation: /default-rack, certSerialId: null}4bd4e05e-fa44-45f4-99bb-ac21c4078a41{ip: 192.168.34.12, host: pr-hdds-2106-8t9qr-763259812, networkLocation: /default-rack, certSerialId: null}69a71f03-bd49-4dcf-a91a-b858634f7ca8{ip: 192.168.34.12, host: pr-hdds-2106-8t9qr-763259812, networkLocation: /default-rack, certSerialId: null}, Type:RATIS, Factor:THREE, State:CLOSED]
org.apache.hadoop.hdds.scm.pipeline.PipelineNotFoundException: PipelineID=b5146873-3458-472b-a3c0-6779b489c9a8 not found
	at org.apache.hadoop.hdds.scm.pipeline.PipelineStateMap.getPipeline(PipelineStateMap.java:132)
	at org.apache.hadoop.hdds.scm.pipeline.PipelineStateMap.removePipeline(PipelineStateMap.java:322)
	at org.apache.hadoop.hdds.scm.pipeline.PipelineStateManager.removePipeline(PipelineStateManager.java:107)
	at org.apache.hadoop.hdds.scm.pipeline.SCMPipelineManager.removePipeline(SCMPipelineManager.java:423)
	at org.apache.hadoop.hdds.scm.pipeline.SCMPipelineManager.destroyPipeline(SCMPipelineManager.java:409)
	at org.apache.hadoop.hdds.scm.pipeline.SCMPipelineManager.lambda$finalizeAndDestroyPipeline$0(SCMPipelineManager.java:318)
	at org.apache.hadoop.utils.Scheduler.lambda$schedule$1(Scheduler.java:68)
	at java.util.concurrent.Executors$RunnableAdapter.call(Executors.java:511)
	at java.util.concurrent.FutureTask.run(FutureTask.java:266)
	at java.util.concurrent.ScheduledThreadPoolExecutor$ScheduledFutureTask.access$201(ScheduledThreadPoolExecutor.java:180)
	at java.util.concurrent.ScheduledThreadPoolExecutor$ScheduledFutureTask.run(ScheduledThreadPoolExecutor.java:293)
	at java.util.concurrent.ThreadPoolExecutor.runWorker(ThreadPoolExecutor.java:1149)
	at java.util.concurrent.ThreadPoolExecutor$Worker.run(ThreadPoolExecutor.java:624)
	at java.lang.Thread.run(Thread.java:748)
2019-09-11 07:04:42,951 [java.util.concurrent.ThreadPoolExecutor$Worker@5b781eac[State = -1, empty queue]] WARN  server.GrpcLogAppender (GrpcLogAppender.java:timeoutAppendRequest(200)) - 69a71f03-bd49-4dcf-a91a-b858634f7ca8@group-88289BCE3651->4bd4e05e-fa44-45f4-99bb-ac21c4078a41-GrpcLogAppender: appendEntries Timeout, request=69a71f03-bd49-4dcf-a91a-b858634f7ca8->4bd4e05e-fa44-45f4-99bb-ac21c4078a41#30-t1, previous=(t:1, i:12), leaderCommit=6, initializing? false, entries: <empty>
2019-09-11 07:04:42,951 [java.util.concurrent.ThreadPoolExecutor$Worker@16e6d60[State = -1, empty queue]] WARN  server.GrpcLogAppender (GrpcLogAppender.java:timeoutAppendRequest(200)) - 69a71f03-bd49-4dcf-a91a-b858634f7ca8@group-88289BCE3651->1a989eca-a026-4062-a574-e52a85f9a2a4-GrpcLogAppender: appendEntries Timeout, request=69a71f03-bd49-4dcf-a91a-b858634f7ca8->1a989eca-a026-4062-a574-e52a85f9a2a4#30-t1, previous=(t:1, i:12), leaderCommit=6, initializing? false, entries: <empty>
2019-09-11 07:04:43,328 [grpc-default-executor-4] INFO  impl.RaftServerProxy (RaftServerProxy.java:remove(95)) - 1a989eca-a026-4062-a574-e52a85f9a2a4: remove group-6779B489C9A8:null
2019-09-11 07:04:43,331 [RatisPipelineUtilsThread] WARN  pipeline.RatisPipelineUtils (RatisPipelineUtils.java:destroyPipeline(66)) - Pipeline destroy failed for pipeline=PipelineID=b5146873-3458-472b-a3c0-6779b489c9a8 dn=1a989eca-a026-4062-a574-e52a85f9a2a4{ip: 192.168.34.12, host: pr-hdds-2106-8t9qr-763259812, networkLocation: /default-rack, certSerialId: null}
2019-09-11 07:04:43,333 [grpc-default-executor-4] INFO  impl.RaftServerProxy (RaftServerProxy.java:remove(95)) - 4bd4e05e-fa44-45f4-99bb-ac21c4078a41: remove group-6779B489C9A8:null
2019-09-11 07:04:43,335 [RatisPipelineUtilsThread] WARN  pipeline.RatisPipelineUtils (RatisPipelineUtils.java:destroyPipeline(66)) - Pipeline destroy failed for pipeline=PipelineID=b5146873-3458-472b-a3c0-6779b489c9a8 dn=4bd4e05e-fa44-45f4-99bb-ac21c4078a41{ip: 192.168.34.12, host: pr-hdds-2106-8t9qr-763259812, networkLocation: /default-rack, certSerialId: null}
2019-09-11 07:04:43,337 [grpc-default-executor-4] INFO  impl.RaftServerProxy (RaftServerProxy.java:remove(95)) - 69a71f03-bd49-4dcf-a91a-b858634f7ca8: remove group-6779B489C9A8:null
2019-09-11 07:04:43,339 [RatisPipelineUtilsThread] WARN  pipeline.RatisPipelineUtils (RatisPipelineUtils.java:destroyPipeline(66)) - Pipeline destroy failed for pipeline=PipelineID=b5146873-3458-472b-a3c0-6779b489c9a8 dn=69a71f03-bd49-4dcf-a91a-b858634f7ca8{ip: 192.168.34.12, host: pr-hdds-2106-8t9qr-763259812, networkLocation: /default-rack, certSerialId: null}
2019-09-11 07:04:43,339 [RatisPipelineUtilsThread] ERROR pipeline.SCMPipelineManager (Scheduler.java:lambda$schedule$1(70)) - Destroy pipeline failed for pipeline:Pipeline[ Id: b5146873-3458-472b-a3c0-6779b489c9a8, Nodes: 1a989eca-a026-4062-a574-e52a85f9a2a4{ip: 192.168.34.12, host: pr-hdds-2106-8t9qr-763259812, networkLocation: /default-rack, certSerialId: null}4bd4e05e-fa44-45f4-99bb-ac21c4078a41{ip: 192.168.34.12, host: pr-hdds-2106-8t9qr-763259812, networkLocation: /default-rack, certSerialId: null}69a71f03-bd49-4dcf-a91a-b858634f7ca8{ip: 192.168.34.12, host: pr-hdds-2106-8t9qr-763259812, networkLocation: /default-rack, certSerialId: null}, Type:RATIS, Factor:THREE, State:CLOSED]
org.apache.hadoop.hdds.scm.pipeline.PipelineNotFoundException: PipelineID=b5146873-3458-472b-a3c0-6779b489c9a8 not found
	at org.apache.hadoop.hdds.scm.pipeline.PipelineStateMap.getPipeline(PipelineStateMap.java:132)
	at org.apache.hadoop.hdds.scm.pipeline.PipelineStateMap.removePipeline(PipelineStateMap.java:322)
	at org.apache.hadoop.hdds.scm.pipeline.PipelineStateManager.removePipeline(PipelineStateManager.java:107)
	at org.apache.hadoop.hdds.scm.pipeline.SCMPipelineManager.removePipeline(SCMPipelineManager.java:423)
	at org.apache.hadoop.hdds.scm.pipeline.SCMPipelineManager.destroyPipeline(SCMPipelineManager.java:409)
	at org.apache.hadoop.hdds.scm.pipeline.SCMPipelineManager.lambda$finalizeAndDestroyPipeline$0(SCMPipelineManager.java:318)
	at org.apache.hadoop.utils.Scheduler.lambda$schedule$1(Scheduler.java:68)
	at java.util.concurrent.Executors$RunnableAdapter.call(Executors.java:511)
	at java.util.concurrent.FutureTask.run(FutureTask.java:266)
	at java.util.concurrent.ScheduledThreadPoolExecutor$ScheduledFutureTask.access$201(ScheduledThreadPoolExecutor.java:180)
	at java.util.concurrent.ScheduledThreadPoolExecutor$ScheduledFutureTask.run(ScheduledThreadPoolExecutor.java:293)
	at java.util.concurrent.ThreadPoolExecutor.runWorker(ThreadPoolExecutor.java:1149)
	at java.util.concurrent.ThreadPoolExecutor$Worker.run(ThreadPoolExecutor.java:624)
	at java.lang.Thread.run(Thread.java:748)
2019-09-11 07:04:45,146 [grpc-default-executor-4] INFO  client.GrpcClientProtocolClient (GrpcClientProtocolClient.java:onNext(264)) - client-018CB4735F58->1a989eca-a026-4062-a574-e52a85f9a2a4: receive RaftClientReply:client-018CB4735F58->1a989eca-a026-4062-a574-e52a85f9a2a4@group-88289BCE3651, cid=142, FAILED org.apache.ratis.protocol.NotLeaderException: Server 1a989eca-a026-4062-a574-e52a85f9a2a4@group-88289BCE3651 is not the leader 69a71f03-bd49-4dcf-a91a-b858634f7ca8:192.168.34.12:43469, logIndex=0, commits[1a989eca-a026-4062-a574-e52a85f9a2a4:c6, 69a71f03-bd49-4dcf-a91a-b858634f7ca8:c6, 4bd4e05e-fa44-45f4-99bb-ac21c4078a41:c4]
2019-09-11 07:04:45,452 [java.util.concurrent.ThreadPoolExecutor$Worker@16e6d60[State = -1, empty queue]] WARN  server.GrpcLogAppender (GrpcLogAppender.java:timeoutAppendRequest(200)) - 69a71f03-bd49-4dcf-a91a-b858634f7ca8@group-88289BCE3651->1a989eca-a026-4062-a574-e52a85f9a2a4-GrpcLogAppender: appendEntries Timeout, request=69a71f03-bd49-4dcf-a91a-b858634f7ca8->1a989eca-a026-4062-a574-e52a85f9a2a4#31-t1, previous=(t:1, i:12), leaderCommit=6, initializing? false, entries: <empty>
2019-09-11 07:04:45,452 [java.util.concurrent.ThreadPoolExecutor$Worker@5b781eac[State = -1, empty queue]] WARN  server.GrpcLogAppender (GrpcLogAppender.java:timeoutAppendRequest(200)) - 69a71f03-bd49-4dcf-a91a-b858634f7ca8@group-88289BCE3651->4bd4e05e-fa44-45f4-99bb-ac21c4078a41-GrpcLogAppender: appendEntries Timeout, request=69a71f03-bd49-4dcf-a91a-b858634f7ca8->4bd4e05e-fa44-45f4-99bb-ac21c4078a41#31-t1, previous=(t:1, i:12), leaderCommit=6, initializing? false, entries: <empty>
2019-09-11 07:04:46,329 [grpc-default-executor-4] INFO  impl.RaftServerProxy (RaftServerProxy.java:remove(95)) - 1a989eca-a026-4062-a574-e52a85f9a2a4: remove group-6779B489C9A8:null
2019-09-11 07:04:46,333 [RatisPipelineUtilsThread] WARN  pipeline.RatisPipelineUtils (RatisPipelineUtils.java:destroyPipeline(66)) - Pipeline destroy failed for pipeline=PipelineID=b5146873-3458-472b-a3c0-6779b489c9a8 dn=1a989eca-a026-4062-a574-e52a85f9a2a4{ip: 192.168.34.12, host: pr-hdds-2106-8t9qr-763259812, networkLocation: /default-rack, certSerialId: null}
2019-09-11 07:04:46,336 [grpc-default-executor-4] INFO  impl.RaftServerProxy (RaftServerProxy.java:remove(95)) - 4bd4e05e-fa44-45f4-99bb-ac21c4078a41: remove group-6779B489C9A8:null
2019-09-11 07:04:46,338 [RatisPipelineUtilsThread] WARN  pipeline.RatisPipelineUtils (RatisPipelineUtils.java:destroyPipeline(66)) - Pipeline destroy failed for pipeline=PipelineID=b5146873-3458-472b-a3c0-6779b489c9a8 dn=4bd4e05e-fa44-45f4-99bb-ac21c4078a41{ip: 192.168.34.12, host: pr-hdds-2106-8t9qr-763259812, networkLocation: /default-rack, certSerialId: null}
2019-09-11 07:04:46,340 [grpc-default-executor-4] INFO  impl.RaftServerProxy (RaftServerProxy.java:remove(95)) - 69a71f03-bd49-4dcf-a91a-b858634f7ca8: remove group-6779B489C9A8:null
2019-09-11 07:04:46,342 [RatisPipelineUtilsThread] WARN  pipeline.RatisPipelineUtils (RatisPipelineUtils.java:destroyPipeline(66)) - Pipeline destroy failed for pipeline=PipelineID=b5146873-3458-472b-a3c0-6779b489c9a8 dn=69a71f03-bd49-4dcf-a91a-b858634f7ca8{ip: 192.168.34.12, host: pr-hdds-2106-8t9qr-763259812, networkLocation: /default-rack, certSerialId: null}
2019-09-11 07:04:46,343 [RatisPipelineUtilsThread] ERROR pipeline.SCMPipelineManager (Scheduler.java:lambda$schedule$1(70)) - Destroy pipeline failed for pipeline:Pipeline[ Id: b5146873-3458-472b-a3c0-6779b489c9a8, Nodes: 1a989eca-a026-4062-a574-e52a85f9a2a4{ip: 192.168.34.12, host: pr-hdds-2106-8t9qr-763259812, networkLocation: /default-rack, certSerialId: null}4bd4e05e-fa44-45f4-99bb-ac21c4078a41{ip: 192.168.34.12, host: pr-hdds-2106-8t9qr-763259812, networkLocation: /default-rack, certSerialId: null}69a71f03-bd49-4dcf-a91a-b858634f7ca8{ip: 192.168.34.12, host: pr-hdds-2106-8t9qr-763259812, networkLocation: /default-rack, certSerialId: null}, Type:RATIS, Factor:THREE, State:CLOSED]
org.apache.hadoop.hdds.scm.pipeline.PipelineNotFoundException: PipelineID=b5146873-3458-472b-a3c0-6779b489c9a8 not found
	at org.apache.hadoop.hdds.scm.pipeline.PipelineStateMap.getPipeline(PipelineStateMap.java:132)
	at org.apache.hadoop.hdds.scm.pipeline.PipelineStateMap.removePipeline(PipelineStateMap.java:322)
	at org.apache.hadoop.hdds.scm.pipeline.PipelineStateManager.removePipeline(PipelineStateManager.java:107)
	at org.apache.hadoop.hdds.scm.pipeline.SCMPipelineManager.removePipeline(SCMPipelineManager.java:423)
	at org.apache.hadoop.hdds.scm.pipeline.SCMPipelineManager.destroyPipeline(SCMPipelineManager.java:409)
	at org.apache.hadoop.hdds.scm.pipeline.SCMPipelineManager.lambda$finalizeAndDestroyPipeline$0(SCMPipelineManager.java:318)
	at org.apache.hadoop.utils.Scheduler.lambda$schedule$1(Scheduler.java:68)
	at java.util.concurrent.Executors$RunnableAdapter.call(Executors.java:511)
	at java.util.concurrent.FutureTask.run(FutureTask.java:266)
	at java.util.concurrent.ScheduledThreadPoolExecutor$ScheduledFutureTask.access$201(ScheduledThreadPoolExecutor.java:180)
	at java.util.concurrent.ScheduledThreadPoolExecutor$ScheduledFutureTask.run(ScheduledThreadPoolExecutor.java:293)
	at java.util.concurrent.ThreadPoolExecutor.runWorker(ThreadPoolExecutor.java:1149)
	at java.util.concurrent.ThreadPoolExecutor$Worker.run(ThreadPoolExecutor.java:624)
	at java.lang.Thread.run(Thread.java:748)
2019-09-11 07:04:47,953 [java.util.concurrent.ThreadPoolExecutor$Worker@16e6d60[State = -1, empty queue]] WARN  server.GrpcLogAppender (GrpcLogAppender.java:timeoutAppendRequest(200)) - 69a71f03-bd49-4dcf-a91a-b858634f7ca8@group-88289BCE3651->1a989eca-a026-4062-a574-e52a85f9a2a4-GrpcLogAppender: appendEntries Timeout, request=69a71f03-bd49-4dcf-a91a-b858634f7ca8->1a989eca-a026-4062-a574-e52a85f9a2a4#32-t1, previous=(t:1, i:12), leaderCommit=6, initializing? false, entries: <empty>
2019-09-11 07:04:47,953 [java.util.concurrent.ThreadPoolExecutor$Worker@5b781eac[State = -1, empty queue]] WARN  server.GrpcLogAppender (GrpcLogAppender.java:timeoutAppendRequest(200)) - 69a71f03-bd49-4dcf-a91a-b858634f7ca8@group-88289BCE3651->4bd4e05e-fa44-45f4-99bb-ac21c4078a41-GrpcLogAppender: appendEntries Timeout, request=69a71f03-bd49-4dcf-a91a-b858634f7ca8->4bd4e05e-fa44-45f4-99bb-ac21c4078a41#32-t1, previous=(t:1, i:12), leaderCommit=6, initializing? false, entries: <empty>
2019-09-11 07:04:48,327 [grpc-default-executor-4] INFO  impl.RaftServerProxy (RaftServerProxy.java:remove(95)) - 1a989eca-a026-4062-a574-e52a85f9a2a4: remove group-6779B489C9A8:null
2019-09-11 07:04:48,329 [RatisPipelineUtilsThread] WARN  pipeline.RatisPipelineUtils (RatisPipelineUtils.java:destroyPipeline(66)) - Pipeline destroy failed for pipeline=PipelineID=b5146873-3458-472b-a3c0-6779b489c9a8 dn=1a989eca-a026-4062-a574-e52a85f9a2a4{ip: 192.168.34.12, host: pr-hdds-2106-8t9qr-763259812, networkLocation: /default-rack, certSerialId: null}
2019-09-11 07:04:48,332 [grpc-default-executor-4] INFO  impl.RaftServerProxy (RaftServerProxy.java:remove(95)) - 4bd4e05e-fa44-45f4-99bb-ac21c4078a41: remove group-6779B489C9A8:null
2019-09-11 07:04:48,334 [RatisPipelineUtilsThread] WARN  pipeline.RatisPipelineUtils (RatisPipelineUtils.java:destroyPipeline(66)) - Pipeline destroy failed for pipeline=PipelineID=b5146873-3458-472b-a3c0-6779b489c9a8 dn=4bd4e05e-fa44-45f4-99bb-ac21c4078a41{ip: 192.168.34.12, host: pr-hdds-2106-8t9qr-763259812, networkLocation: /default-rack, certSerialId: null}
2019-09-11 07:04:48,336 [grpc-default-executor-4] INFO  impl.RaftServerProxy (RaftServerProxy.java:remove(95)) - 69a71f03-bd49-4dcf-a91a-b858634f7ca8: remove group-6779B489C9A8:null
2019-09-11 07:04:48,338 [RatisPipelineUtilsThread] WARN  pipeline.RatisPipelineUtils (RatisPipelineUtils.java:destroyPipeline(66)) - Pipeline destroy failed for pipeline=PipelineID=b5146873-3458-472b-a3c0-6779b489c9a8 dn=69a71f03-bd49-4dcf-a91a-b858634f7ca8{ip: 192.168.34.12, host: pr-hdds-2106-8t9qr-763259812, networkLocation: /default-rack, certSerialId: null}
2019-09-11 07:04:48,338 [RatisPipelineUtilsThread] ERROR pipeline.SCMPipelineManager (Scheduler.java:lambda$schedule$1(70)) - Destroy pipeline failed for pipeline:Pipeline[ Id: b5146873-3458-472b-a3c0-6779b489c9a8, Nodes: 1a989eca-a026-4062-a574-e52a85f9a2a4{ip: 192.168.34.12, host: pr-hdds-2106-8t9qr-763259812, networkLocation: /default-rack, certSerialId: null}4bd4e05e-fa44-45f4-99bb-ac21c4078a41{ip: 192.168.34.12, host: pr-hdds-2106-8t9qr-763259812, networkLocation: /default-rack, certSerialId: null}69a71f03-bd49-4dcf-a91a-b858634f7ca8{ip: 192.168.34.12, host: pr-hdds-2106-8t9qr-763259812, networkLocation: /default-rack, certSerialId: null}, Type:RATIS, Factor:THREE, State:CLOSED]
org.apache.hadoop.hdds.scm.pipeline.PipelineNotFoundException: PipelineID=b5146873-3458-472b-a3c0-6779b489c9a8 not found
	at org.apache.hadoop.hdds.scm.pipeline.PipelineStateMap.getPipeline(PipelineStateMap.java:132)
	at org.apache.hadoop.hdds.scm.pipeline.PipelineStateMap.removePipeline(PipelineStateMap.java:322)
	at org.apache.hadoop.hdds.scm.pipeline.PipelineStateManager.removePipeline(PipelineStateManager.java:107)
	at org.apache.hadoop.hdds.scm.pipeline.SCMPipelineManager.removePipeline(SCMPipelineManager.java:423)
	at org.apache.hadoop.hdds.scm.pipeline.SCMPipelineManager.destroyPipeline(SCMPipelineManager.java:409)
	at org.apache.hadoop.hdds.scm.pipeline.SCMPipelineManager.lambda$finalizeAndDestroyPipeline$0(SCMPipelineManager.java:318)
	at org.apache.hadoop.utils.Scheduler.lambda$schedule$1(Scheduler.java:68)
	at java.util.concurrent.Executors$RunnableAdapter.call(Executors.java:511)
	at java.util.concurrent.FutureTask.run(FutureTask.java:266)
	at java.util.concurrent.ScheduledThreadPoolExecutor$ScheduledFutureTask.access$201(ScheduledThreadPoolExecutor.java:180)
	at java.util.concurrent.ScheduledThreadPoolExecutor$ScheduledFutureTask.run(ScheduledThreadPoolExecutor.java:293)
	at java.util.concurrent.ThreadPoolExecutor.runWorker(ThreadPoolExecutor.java:1149)
	at java.util.concurrent.ThreadPoolExecutor$Worker.run(ThreadPoolExecutor.java:624)
	at java.lang.Thread.run(Thread.java:748)
2019-09-11 07:04:50,050 [69a71f03-bd49-4dcf-a91a-b858634f7ca8@group-88289BCE3651-SegmentedRaftLogWorker] WARN  segmented.SegmentedRaftLogWorker (SegmentedRaftLogWorker.java:getFromFuture(90)) - Timeout 2/~
org.apache.ratis.protocol.TimeoutIOException: Timeout 10s: WriteLog:8: (t:1, i:8), STATEMACHINELOGENTRY, client-018CB4735F58, cid=143-writeStateMachineData
	at org.apache.ratis.util.IOUtils.getFromFuture(IOUtils.java:87)
	at org.apache.ratis.server.raftlog.segmented.SegmentedRaftLogWorker$StateMachineDataPolicy.getFromFuture(SegmentedRaftLogWorker.java:87)
	at org.apache.ratis.server.raftlog.segmented.SegmentedRaftLogWorker$WriteLog.execute(SegmentedRaftLogWorker.java:477)
	at org.apache.ratis.server.raftlog.segmented.SegmentedRaftLogWorker.run(SegmentedRaftLogWorker.java:289)
	at java.lang.Thread.run(Thread.java:748)
Caused by: java.util.concurrent.TimeoutException
	at java.util.concurrent.CompletableFuture.timedGet(CompletableFuture.java:1771)
	at java.util.concurrent.CompletableFuture.get(CompletableFuture.java:1915)
	at org.apache.ratis.util.IOUtils.getFromFuture(IOUtils.java:79)
	... 4 more
2019-09-11 07:04:50,051 [1a989eca-a026-4062-a574-e52a85f9a2a4@group-88289BCE3651-SegmentedRaftLogWorker] WARN  segmented.SegmentedRaftLogWorker (SegmentedRaftLogWorker.java:getFromFuture(90)) - Timeout 2/~
org.apache.ratis.protocol.TimeoutIOException: Timeout 10s: WriteLog:8: (t:1, i:8), STATEMACHINELOGENTRY, client-018CB4735F58, cid=143-writeStateMachineData
	at org.apache.ratis.util.IOUtils.getFromFuture(IOUtils.java:87)
	at org.apache.ratis.server.raftlog.segmented.SegmentedRaftLogWorker$StateMachineDataPolicy.getFromFuture(SegmentedRaftLogWorker.java:87)
	at org.apache.ratis.server.raftlog.segmented.SegmentedRaftLogWorker$WriteLog.execute(SegmentedRaftLogWorker.java:477)
	at org.apache.ratis.server.raftlog.segmented.SegmentedRaftLogWorker.run(SegmentedRaftLogWorker.java:289)
	at java.lang.Thread.run(Thread.java:748)
Caused by: java.util.concurrent.TimeoutException
	at java.util.concurrent.CompletableFuture.timedGet(CompletableFuture.java:1771)
	at java.util.concurrent.CompletableFuture.get(CompletableFuture.java:1915)
	at org.apache.ratis.util.IOUtils.getFromFuture(IOUtils.java:79)
	... 4 more
2019-09-11 07:04:50,051 [4bd4e05e-fa44-45f4-99bb-ac21c4078a41@group-88289BCE3651-SegmentedRaftLogWorker] WARN  segmented.SegmentedRaftLogWorker (SegmentedRaftLogWorker.java:getFromFuture(90)) - Timeout 2/~
org.apache.ratis.protocol.TimeoutIOException: Timeout 10s: WriteLog:10: (t:1, i:10), STATEMACHINELOGENTRY, client-018CB4735F58, cid=145-writeStateMachineData
	at org.apache.ratis.util.IOUtils.getFromFuture(IOUtils.java:87)
	at org.apache.ratis.server.raftlog.segmented.SegmentedRaftLogWorker$StateMachineDataPolicy.getFromFuture(SegmentedRaftLogWorker.java:87)
	at org.apache.ratis.server.raftlog.segmented.SegmentedRaftLogWorker$WriteLog.execute(SegmentedRaftLogWorker.java:477)
	at org.apache.ratis.server.raftlog.segmented.SegmentedRaftLogWorker.run(SegmentedRaftLogWorker.java:289)
	at java.lang.Thread.run(Thread.java:748)
Caused by: java.util.concurrent.TimeoutException
	at java.util.concurrent.CompletableFuture.timedGet(CompletableFuture.java:1771)
	at java.util.concurrent.CompletableFuture.get(CompletableFuture.java:1915)
	at org.apache.ratis.util.IOUtils.getFromFuture(IOUtils.java:79)
	... 4 more
2019-09-11 07:04:50,195 [grpc-default-executor-2] INFO  client.GrpcClientProtocolClient (GrpcClientProtocolClient.java:onNext(264)) - client-018CB4735F58->1a989eca-a026-4062-a574-e52a85f9a2a4: receive RaftClientReply:client-018CB4735F58->1a989eca-a026-4062-a574-e52a85f9a2a4@group-88289BCE3651, cid=142, FAILED org.apache.ratis.protocol.NotLeaderException: Server 1a989eca-a026-4062-a574-e52a85f9a2a4@group-88289BCE3651 is not the leader 69a71f03-bd49-4dcf-a91a-b858634f7ca8:192.168.34.12:43469, logIndex=0, commits[1a989eca-a026-4062-a574-e52a85f9a2a4:c6, 69a71f03-bd49-4dcf-a91a-b858634f7ca8:c6, 4bd4e05e-fa44-45f4-99bb-ac21c4078a41:c4]
2019-09-11 07:04:50,453 [java.util.concurrent.ThreadPoolExecutor$Worker@16e6d60[State = -1, empty queue]] WARN  server.GrpcLogAppender (GrpcLogAppender.java:timeoutAppendRequest(200)) - 69a71f03-bd49-4dcf-a91a-b858634f7ca8@group-88289BCE3651->1a989eca-a026-4062-a574-e52a85f9a2a4-GrpcLogAppender: appendEntries Timeout, request=69a71f03-bd49-4dcf-a91a-b858634f7ca8->1a989eca-a026-4062-a574-e52a85f9a2a4#33-t1, previous=(t:1, i:12), leaderCommit=6, initializing? false, entries: <empty>
2019-09-11 07:04:50,453 [java.util.concurrent.ThreadPoolExecutor$Worker@5b781eac[State = -1, empty queue]] WARN  server.GrpcLogAppender (GrpcLogAppender.java:timeoutAppendRequest(200)) - 69a71f03-bd49-4dcf-a91a-b858634f7ca8@group-88289BCE3651->4bd4e05e-fa44-45f4-99bb-ac21c4078a41-GrpcLogAppender: appendEntries Timeout, request=69a71f03-bd49-4dcf-a91a-b858634f7ca8->4bd4e05e-fa44-45f4-99bb-ac21c4078a41#33-t1, previous=(t:1, i:12), leaderCommit=6, initializing? false, entries: <empty>
2019-09-11 07:04:51,328 [grpc-default-executor-2] INFO  impl.RaftServerProxy (RaftServerProxy.java:remove(95)) - 1a989eca-a026-4062-a574-e52a85f9a2a4: remove group-6779B489C9A8:null
2019-09-11 07:04:51,331 [RatisPipelineUtilsThread] WARN  pipeline.RatisPipelineUtils (RatisPipelineUtils.java:destroyPipeline(66)) - Pipeline destroy failed for pipeline=PipelineID=b5146873-3458-472b-a3c0-6779b489c9a8 dn=1a989eca-a026-4062-a574-e52a85f9a2a4{ip: 192.168.34.12, host: pr-hdds-2106-8t9qr-763259812, networkLocation: /default-rack, certSerialId: null}
2019-09-11 07:04:51,334 [grpc-default-executor-2] INFO  impl.RaftServerProxy (RaftServerProxy.java:remove(95)) - 4bd4e05e-fa44-45f4-99bb-ac21c4078a41: remove group-6779B489C9A8:null
2019-09-11 07:04:51,336 [RatisPipelineUtilsThread] WARN  pipeline.RatisPipelineUtils (RatisPipelineUtils.java:destroyPipeline(66)) - Pipeline destroy failed for pipeline=PipelineID=b5146873-3458-472b-a3c0-6779b489c9a8 dn=4bd4e05e-fa44-45f4-99bb-ac21c4078a41{ip: 192.168.34.12, host: pr-hdds-2106-8t9qr-763259812, networkLocation: /default-rack, certSerialId: null}
2019-09-11 07:04:51,339 [grpc-default-executor-2] INFO  impl.RaftServerProxy (RaftServerProxy.java:remove(95)) - 69a71f03-bd49-4dcf-a91a-b858634f7ca8: remove group-6779B489C9A8:null
2019-09-11 07:04:51,341 [RatisPipelineUtilsThread] WARN  pipeline.RatisPipelineUtils (RatisPipelineUtils.java:destroyPipeline(66)) - Pipeline destroy failed for pipeline=PipelineID=b5146873-3458-472b-a3c0-6779b489c9a8 dn=69a71f03-bd49-4dcf-a91a-b858634f7ca8{ip: 192.168.34.12, host: pr-hdds-2106-8t9qr-763259812, networkLocation: /default-rack, certSerialId: null}
2019-09-11 07:04:51,341 [RatisPipelineUtilsThread] ERROR pipeline.SCMPipelineManager (Scheduler.java:lambda$schedule$1(70)) - Destroy pipeline failed for pipeline:Pipeline[ Id: b5146873-3458-472b-a3c0-6779b489c9a8, Nodes: 1a989eca-a026-4062-a574-e52a85f9a2a4{ip: 192.168.34.12, host: pr-hdds-2106-8t9qr-763259812, networkLocation: /default-rack, certSerialId: null}4bd4e05e-fa44-45f4-99bb-ac21c4078a41{ip: 192.168.34.12, host: pr-hdds-2106-8t9qr-763259812, networkLocation: /default-rack, certSerialId: null}69a71f03-bd49-4dcf-a91a-b858634f7ca8{ip: 192.168.34.12, host: pr-hdds-2106-8t9qr-763259812, networkLocation: /default-rack, certSerialId: null}, Type:RATIS, Factor:THREE, State:CLOSED]
org.apache.hadoop.hdds.scm.pipeline.PipelineNotFoundException: PipelineID=b5146873-3458-472b-a3c0-6779b489c9a8 not found
	at org.apache.hadoop.hdds.scm.pipeline.PipelineStateMap.getPipeline(PipelineStateMap.java:132)
	at org.apache.hadoop.hdds.scm.pipeline.PipelineStateMap.removePipeline(PipelineStateMap.java:322)
	at org.apache.hadoop.hdds.scm.pipeline.PipelineStateManager.removePipeline(PipelineStateManager.java:107)
	at org.apache.hadoop.hdds.scm.pipeline.SCMPipelineManager.removePipeline(SCMPipelineManager.java:423)
	at org.apache.hadoop.hdds.scm.pipeline.SCMPipelineManager.destroyPipeline(SCMPipelineManager.java:409)
	at org.apache.hadoop.hdds.scm.pipeline.SCMPipelineManager.lambda$finalizeAndDestroyPipeline$0(SCMPipelineManager.java:318)
	at org.apache.hadoop.utils.Scheduler.lambda$schedule$1(Scheduler.java:68)
	at java.util.concurrent.Executors$RunnableAdapter.call(Executors.java:511)
	at java.util.concurrent.FutureTask.run(FutureTask.java:266)
	at java.util.concurrent.ScheduledThreadPoolExecutor$ScheduledFutureTask.access$201(ScheduledThreadPoolExecutor.java:180)
	at java.util.concurrent.ScheduledThreadPoolExecutor$ScheduledFutureTask.run(ScheduledThreadPoolExecutor.java:293)
	at java.util.concurrent.ThreadPoolExecutor.runWorker(ThreadPoolExecutor.java:1149)
	at java.util.concurrent.ThreadPoolExecutor$Worker.run(ThreadPoolExecutor.java:624)
	at java.lang.Thread.run(Thread.java:748)
2019-09-11 07:04:52,953 [java.util.concurrent.ThreadPoolExecutor$Worker@16e6d60[State = -1, empty queue]] WARN  server.GrpcLogAppender (GrpcLogAppender.java:timeoutAppendRequest(200)) - 69a71f03-bd49-4dcf-a91a-b858634f7ca8@group-88289BCE3651->1a989eca-a026-4062-a574-e52a85f9a2a4-GrpcLogAppender: appendEntries Timeout, request=69a71f03-bd49-4dcf-a91a-b858634f7ca8->1a989eca-a026-4062-a574-e52a85f9a2a4#34-t1, previous=(t:1, i:12), leaderCommit=6, initializing? false, entries: <empty>
2019-09-11 07:04:52,953 [java.util.concurrent.ThreadPoolExecutor$Worker@5b781eac[State = -1, empty queue]] WARN  server.GrpcLogAppender (GrpcLogAppender.java:timeoutAppendRequest(200)) - 69a71f03-bd49-4dcf-a91a-b858634f7ca8@group-88289BCE3651->4bd4e05e-fa44-45f4-99bb-ac21c4078a41-GrpcLogAppender: appendEntries Timeout, request=69a71f03-bd49-4dcf-a91a-b858634f7ca8->4bd4e05e-fa44-45f4-99bb-ac21c4078a41#34-t1, previous=(t:1, i:12), leaderCommit=6, initializing? false, entries: <empty>
2019-09-11 07:04:53,330 [grpc-default-executor-2] INFO  impl.RaftServerProxy (RaftServerProxy.java:remove(95)) - 1a989eca-a026-4062-a574-e52a85f9a2a4: remove group-6779B489C9A8:null
2019-09-11 07:04:53,334 [RatisPipelineUtilsThread] WARN  pipeline.RatisPipelineUtils (RatisPipelineUtils.java:destroyPipeline(66)) - Pipeline destroy failed for pipeline=PipelineID=b5146873-3458-472b-a3c0-6779b489c9a8 dn=1a989eca-a026-4062-a574-e52a85f9a2a4{ip: 192.168.34.12, host: pr-hdds-2106-8t9qr-763259812, networkLocation: /default-rack, certSerialId: null}
2019-09-11 07:04:53,337 [grpc-default-executor-2] INFO  impl.RaftServerProxy (RaftServerProxy.java:remove(95)) - 4bd4e05e-fa44-45f4-99bb-ac21c4078a41: remove group-6779B489C9A8:null
2019-09-11 07:04:53,340 [RatisPipelineUtilsThread] WARN  pipeline.RatisPipelineUtils (RatisPipelineUtils.java:destroyPipeline(66)) - Pipeline destroy failed for pipeline=PipelineID=b5146873-3458-472b-a3c0-6779b489c9a8 dn=4bd4e05e-fa44-45f4-99bb-ac21c4078a41{ip: 192.168.34.12, host: pr-hdds-2106-8t9qr-763259812, networkLocation: /default-rack, certSerialId: null}
2019-09-11 07:04:53,342 [grpc-default-executor-2] INFO  impl.RaftServerProxy (RaftServerProxy.java:remove(95)) - 69a71f03-bd49-4dcf-a91a-b858634f7ca8: remove group-6779B489C9A8:null
2019-09-11 07:04:53,344 [RatisPipelineUtilsThread] WARN  pipeline.RatisPipelineUtils (RatisPipelineUtils.java:destroyPipeline(66)) - Pipeline destroy failed for pipeline=PipelineID=b5146873-3458-472b-a3c0-6779b489c9a8 dn=69a71f03-bd49-4dcf-a91a-b858634f7ca8{ip: 192.168.34.12, host: pr-hdds-2106-8t9qr-763259812, networkLocation: /default-rack, certSerialId: null}
2019-09-11 07:04:53,345 [RatisPipelineUtilsThread] ERROR pipeline.SCMPipelineManager (Scheduler.java:lambda$schedule$1(70)) - Destroy pipeline failed for pipeline:Pipeline[ Id: b5146873-3458-472b-a3c0-6779b489c9a8, Nodes: 1a989eca-a026-4062-a574-e52a85f9a2a4{ip: 192.168.34.12, host: pr-hdds-2106-8t9qr-763259812, networkLocation: /default-rack, certSerialId: null}4bd4e05e-fa44-45f4-99bb-ac21c4078a41{ip: 192.168.34.12, host: pr-hdds-2106-8t9qr-763259812, networkLocation: /default-rack, certSerialId: null}69a71f03-bd49-4dcf-a91a-b858634f7ca8{ip: 192.168.34.12, host: pr-hdds-2106-8t9qr-763259812, networkLocation: /default-rack, certSerialId: null}, Type:RATIS, Factor:THREE, State:CLOSED]
org.apache.hadoop.hdds.scm.pipeline.PipelineNotFoundException: PipelineID=b5146873-3458-472b-a3c0-6779b489c9a8 not found
	at org.apache.hadoop.hdds.scm.pipeline.PipelineStateMap.getPipeline(PipelineStateMap.java:132)
	at org.apache.hadoop.hdds.scm.pipeline.PipelineStateMap.removePipeline(PipelineStateMap.java:322)
	at org.apache.hadoop.hdds.scm.pipeline.PipelineStateManager.removePipeline(PipelineStateManager.java:107)
	at org.apache.hadoop.hdds.scm.pipeline.SCMPipelineManager.removePipeline(SCMPipelineManager.java:423)
	at org.apache.hadoop.hdds.scm.pipeline.SCMPipelineManager.destroyPipeline(SCMPipelineManager.java:409)
	at org.apache.hadoop.hdds.scm.pipeline.SCMPipelineManager.lambda$finalizeAndDestroyPipeline$0(SCMPipelineManager.java:318)
	at org.apache.hadoop.utils.Scheduler.lambda$schedule$1(Scheduler.java:68)
	at java.util.concurrent.Executors$RunnableAdapter.call(Executors.java:511)
	at java.util.concurrent.FutureTask.run(FutureTask.java:266)
	at java.util.concurrent.ScheduledThreadPoolExecutor$ScheduledFutureTask.access$201(ScheduledThreadPoolExecutor.java:180)
	at java.util.concurrent.ScheduledThreadPoolExecutor$ScheduledFutureTask.run(ScheduledThreadPoolExecutor.java:293)
	at java.util.concurrent.ThreadPoolExecutor.runWorker(ThreadPoolExecutor.java:1149)
	at java.util.concurrent.ThreadPoolExecutor$Worker.run(ThreadPoolExecutor.java:624)
	at java.lang.Thread.run(Thread.java:748)
2019-09-11 07:04:55,245 [grpc-default-executor-4] INFO  client.GrpcClientProtocolClient (GrpcClientProtocolClient.java:onNext(264)) - client-018CB4735F58->1a989eca-a026-4062-a574-e52a85f9a2a4: receive RaftClientReply:client-018CB4735F58->1a989eca-a026-4062-a574-e52a85f9a2a4@group-88289BCE3651, cid=142, FAILED org.apache.ratis.protocol.NotLeaderException: Server 1a989eca-a026-4062-a574-e52a85f9a2a4@group-88289BCE3651 is not the leader 69a71f03-bd49-4dcf-a91a-b858634f7ca8:192.168.34.12:43469, logIndex=0, commits[1a989eca-a026-4062-a574-e52a85f9a2a4:c6, 69a71f03-bd49-4dcf-a91a-b858634f7ca8:c6, 4bd4e05e-fa44-45f4-99bb-ac21c4078a41:c4]
2019-09-11 07:04:55,453 [java.util.concurrent.ThreadPoolExecutor$Worker@5b781eac[State = -1, empty queue]] WARN  server.GrpcLogAppender (GrpcLogAppender.java:timeoutAppendRequest(200)) - 69a71f03-bd49-4dcf-a91a-b858634f7ca8@group-88289BCE3651->4bd4e05e-fa44-45f4-99bb-ac21c4078a41-GrpcLogAppender: appendEntries Timeout, request=69a71f03-bd49-4dcf-a91a-b858634f7ca8->4bd4e05e-fa44-45f4-99bb-ac21c4078a41#35-t1, previous=(t:1, i:12), leaderCommit=6, initializing? false, entries: <empty>
2019-09-11 07:04:55,453 [java.util.concurrent.ThreadPoolExecutor$Worker@16e6d60[State = -1, empty queue]] WARN  server.GrpcLogAppender (GrpcLogAppender.java:timeoutAppendRequest(200)) - 69a71f03-bd49-4dcf-a91a-b858634f7ca8@group-88289BCE3651->1a989eca-a026-4062-a574-e52a85f9a2a4-GrpcLogAppender: appendEntries Timeout, request=69a71f03-bd49-4dcf-a91a-b858634f7ca8->1a989eca-a026-4062-a574-e52a85f9a2a4#35-t1, previous=(t:1, i:12), leaderCommit=6, initializing? false, entries: <empty>
2019-09-11 07:04:56,329 [grpc-default-executor-4] INFO  impl.RaftServerProxy (RaftServerProxy.java:remove(95)) - 1a989eca-a026-4062-a574-e52a85f9a2a4: remove group-6779B489C9A8:null
2019-09-11 07:04:56,332 [RatisPipelineUtilsThread] WARN  pipeline.RatisPipelineUtils (RatisPipelineUtils.java:destroyPipeline(66)) - Pipeline destroy failed for pipeline=PipelineID=b5146873-3458-472b-a3c0-6779b489c9a8 dn=1a989eca-a026-4062-a574-e52a85f9a2a4{ip: 192.168.34.12, host: pr-hdds-2106-8t9qr-763259812, networkLocation: /default-rack, certSerialId: null}
2019-09-11 07:04:56,335 [grpc-default-executor-4] INFO  impl.RaftServerProxy (RaftServerProxy.java:remove(95)) - 4bd4e05e-fa44-45f4-99bb-ac21c4078a41: remove group-6779B489C9A8:null
2019-09-11 07:04:56,336 [RatisPipelineUtilsThread] WARN  pipeline.RatisPipelineUtils (RatisPipelineUtils.java:destroyPipeline(66)) - Pipeline destroy failed for pipeline=PipelineID=b5146873-3458-472b-a3c0-6779b489c9a8 dn=4bd4e05e-fa44-45f4-99bb-ac21c4078a41{ip: 192.168.34.12, host: pr-hdds-2106-8t9qr-763259812, networkLocation: /default-rack, certSerialId: null}
2019-09-11 07:04:56,339 [grpc-default-executor-4] INFO  impl.RaftServerProxy (RaftServerProxy.java:remove(95)) - 69a71f03-bd49-4dcf-a91a-b858634f7ca8: remove group-6779B489C9A8:null
2019-09-11 07:04:56,341 [RatisPipelineUtilsThread] WARN  pipeline.RatisPipelineUtils (RatisPipelineUtils.java:destroyPipeline(66)) - Pipeline destroy failed for pipeline=PipelineID=b5146873-3458-472b-a3c0-6779b489c9a8 dn=69a71f03-bd49-4dcf-a91a-b858634f7ca8{ip: 192.168.34.12, host: pr-hdds-2106-8t9qr-763259812, networkLocation: /default-rack, certSerialId: null}
2019-09-11 07:04:56,341 [RatisPipelineUtilsThread] ERROR pipeline.SCMPipelineManager (Scheduler.java:lambda$schedule$1(70)) - Destroy pipeline failed for pipeline:Pipeline[ Id: b5146873-3458-472b-a3c0-6779b489c9a8, Nodes: 1a989eca-a026-4062-a574-e52a85f9a2a4{ip: 192.168.34.12, host: pr-hdds-2106-8t9qr-763259812, networkLocation: /default-rack, certSerialId: null}4bd4e05e-fa44-45f4-99bb-ac21c4078a41{ip: 192.168.34.12, host: pr-hdds-2106-8t9qr-763259812, networkLocation: /default-rack, certSerialId: null}69a71f03-bd49-4dcf-a91a-b858634f7ca8{ip: 192.168.34.12, host: pr-hdds-2106-8t9qr-763259812, networkLocation: /default-rack, certSerialId: null}, Type:RATIS, Factor:THREE, State:CLOSED]
org.apache.hadoop.hdds.scm.pipeline.PipelineNotFoundException: PipelineID=b5146873-3458-472b-a3c0-6779b489c9a8 not found
	at org.apache.hadoop.hdds.scm.pipeline.PipelineStateMap.getPipeline(PipelineStateMap.java:132)
	at org.apache.hadoop.hdds.scm.pipeline.PipelineStateMap.removePipeline(PipelineStateMap.java:322)
	at org.apache.hadoop.hdds.scm.pipeline.PipelineStateManager.removePipeline(PipelineStateManager.java:107)
	at org.apache.hadoop.hdds.scm.pipeline.SCMPipelineManager.removePipeline(SCMPipelineManager.java:423)
	at org.apache.hadoop.hdds.scm.pipeline.SCMPipelineManager.destroyPipeline(SCMPipelineManager.java:409)
	at org.apache.hadoop.hdds.scm.pipeline.SCMPipelineManager.lambda$finalizeAndDestroyPipeline$0(SCMPipelineManager.java:318)
	at org.apache.hadoop.utils.Scheduler.lambda$schedule$1(Scheduler.java:68)
	at java.util.concurrent.Executors$RunnableAdapter.call(Executors.java:511)
	at java.util.concurrent.FutureTask.run(FutureTask.java:266)
	at java.util.concurrent.ScheduledThreadPoolExecutor$ScheduledFutureTask.access$201(ScheduledThreadPoolExecutor.java:180)
	at java.util.concurrent.ScheduledThreadPoolExecutor$ScheduledFutureTask.run(ScheduledThreadPoolExecutor.java:293)
	at java.util.concurrent.ThreadPoolExecutor.runWorker(ThreadPoolExecutor.java:1149)
	at java.util.concurrent.ThreadPoolExecutor$Worker.run(ThreadPoolExecutor.java:624)
	at java.lang.Thread.run(Thread.java:748)
2019-09-11 07:04:57,954 [java.util.concurrent.ThreadPoolExecutor$Worker@5b781eac[State = -1, empty queue]] WARN  server.GrpcLogAppender (GrpcLogAppender.java:timeoutAppendRequest(200)) - 69a71f03-bd49-4dcf-a91a-b858634f7ca8@group-88289BCE3651->4bd4e05e-fa44-45f4-99bb-ac21c4078a41-GrpcLogAppender: appendEntries Timeout, request=69a71f03-bd49-4dcf-a91a-b858634f7ca8->4bd4e05e-fa44-45f4-99bb-ac21c4078a41#36-t1, previous=(t:1, i:12), leaderCommit=6, initializing? false, entries: <empty>
2019-09-11 07:04:57,954 [java.util.concurrent.ThreadPoolExecutor$Worker@16e6d60[State = -1, empty queue]] WARN  server.GrpcLogAppender (GrpcLogAppender.java:timeoutAppendRequest(200)) - 69a71f03-bd49-4dcf-a91a-b858634f7ca8@group-88289BCE3651->1a989eca-a026-4062-a574-e52a85f9a2a4-GrpcLogAppender: appendEntries Timeout, request=69a71f03-bd49-4dcf-a91a-b858634f7ca8->1a989eca-a026-4062-a574-e52a85f9a2a4#36-t1, previous=(t:1, i:12), leaderCommit=6, initializing? false, entries: <empty>
2019-09-11 07:04:58,332 [grpc-default-executor-2] INFO  impl.RaftServerProxy (RaftServerProxy.java:remove(95)) - 1a989eca-a026-4062-a574-e52a85f9a2a4: remove group-6779B489C9A8:null
2019-09-11 07:04:58,337 [RatisPipelineUtilsThread] WARN  pipeline.RatisPipelineUtils (RatisPipelineUtils.java:destroyPipeline(66)) - Pipeline destroy failed for pipeline=PipelineID=b5146873-3458-472b-a3c0-6779b489c9a8 dn=1a989eca-a026-4062-a574-e52a85f9a2a4{ip: 192.168.34.12, host: pr-hdds-2106-8t9qr-763259812, networkLocation: /default-rack, certSerialId: null}
2019-09-11 07:04:58,339 [grpc-default-executor-2] INFO  impl.RaftServerProxy (RaftServerProxy.java:remove(95)) - 4bd4e05e-fa44-45f4-99bb-ac21c4078a41: remove group-6779B489C9A8:null
2019-09-11 07:04:58,341 [RatisPipelineUtilsThread] WARN  pipeline.RatisPipelineUtils (RatisPipelineUtils.java:destroyPipeline(66)) - Pipeline destroy failed for pipeline=PipelineID=b5146873-3458-472b-a3c0-6779b489c9a8 dn=4bd4e05e-fa44-45f4-99bb-ac21c4078a41{ip: 192.168.34.12, host: pr-hdds-2106-8t9qr-763259812, networkLocation: /default-rack, certSerialId: null}
2019-09-11 07:04:58,344 [grpc-default-executor-2] INFO  impl.RaftServerProxy (RaftServerProxy.java:remove(95)) - 69a71f03-bd49-4dcf-a91a-b858634f7ca8: remove group-6779B489C9A8:null
2019-09-11 07:04:58,346 [RatisPipelineUtilsThread] WARN  pipeline.RatisPipelineUtils (RatisPipelineUtils.java:destroyPipeline(66)) - Pipeline destroy failed for pipeline=PipelineID=b5146873-3458-472b-a3c0-6779b489c9a8 dn=69a71f03-bd49-4dcf-a91a-b858634f7ca8{ip: 192.168.34.12, host: pr-hdds-2106-8t9qr-763259812, networkLocation: /default-rack, certSerialId: null}
2019-09-11 07:04:58,346 [RatisPipelineUtilsThread] ERROR pipeline.SCMPipelineManager (Scheduler.java:lambda$schedule$1(70)) - Destroy pipeline failed for pipeline:Pipeline[ Id: b5146873-3458-472b-a3c0-6779b489c9a8, Nodes: 1a989eca-a026-4062-a574-e52a85f9a2a4{ip: 192.168.34.12, host: pr-hdds-2106-8t9qr-763259812, networkLocation: /default-rack, certSerialId: null}4bd4e05e-fa44-45f4-99bb-ac21c4078a41{ip: 192.168.34.12, host: pr-hdds-2106-8t9qr-763259812, networkLocation: /default-rack, certSerialId: null}69a71f03-bd49-4dcf-a91a-b858634f7ca8{ip: 192.168.34.12, host: pr-hdds-2106-8t9qr-763259812, networkLocation: /default-rack, certSerialId: null}, Type:RATIS, Factor:THREE, State:CLOSED]
org.apache.hadoop.hdds.scm.pipeline.PipelineNotFoundException: PipelineID=b5146873-3458-472b-a3c0-6779b489c9a8 not found
	at org.apache.hadoop.hdds.scm.pipeline.PipelineStateMap.getPipeline(PipelineStateMap.java:132)
	at org.apache.hadoop.hdds.scm.pipeline.PipelineStateMap.removePipeline(PipelineStateMap.java:322)
	at org.apache.hadoop.hdds.scm.pipeline.PipelineStateManager.removePipeline(PipelineStateManager.java:107)
	at org.apache.hadoop.hdds.scm.pipeline.SCMPipelineManager.removePipeline(SCMPipelineManager.java:423)
	at org.apache.hadoop.hdds.scm.pipeline.SCMPipelineManager.destroyPipeline(SCMPipelineManager.java:409)
	at org.apache.hadoop.hdds.scm.pipeline.SCMPipelineManager.lambda$finalizeAndDestroyPipeline$0(SCMPipelineManager.java:318)
	at org.apache.hadoop.utils.Scheduler.lambda$schedule$1(Scheduler.java:68)
	at java.util.concurrent.Executors$RunnableAdapter.call(Executors.java:511)
	at java.util.concurrent.FutureTask.run(FutureTask.java:266)
	at java.util.concurrent.ScheduledThreadPoolExecutor$ScheduledFutureTask.access$201(ScheduledThreadPoolExecutor.java:180)
	at java.util.concurrent.ScheduledThreadPoolExecutor$ScheduledFutureTask.run(ScheduledThreadPoolExecutor.java:293)
	at java.util.concurrent.ThreadPoolExecutor.runWorker(ThreadPoolExecutor.java:1149)
	at java.util.concurrent.ThreadPoolExecutor$Worker.run(ThreadPoolExecutor.java:624)
	at java.lang.Thread.run(Thread.java:748)
2019-09-11 07:05:00,052 [69a71f03-bd49-4dcf-a91a-b858634f7ca8@group-88289BCE3651-SegmentedRaftLogWorker] WARN  segmented.SegmentedRaftLogWorker (SegmentedRaftLogWorker.java:getFromFuture(90)) - Timeout 3/~
org.apache.ratis.protocol.TimeoutIOException: Timeout 10s: WriteLog:8: (t:1, i:8), STATEMACHINELOGENTRY, client-018CB4735F58, cid=143-writeStateMachineData
	at org.apache.ratis.util.IOUtils.getFromFuture(IOUtils.java:87)
	at org.apache.ratis.server.raftlog.segmented.SegmentedRaftLogWorker$StateMachineDataPolicy.getFromFuture(SegmentedRaftLogWorker.java:87)
	at org.apache.ratis.server.raftlog.segmented.SegmentedRaftLogWorker$WriteLog.execute(SegmentedRaftLogWorker.java:477)
	at org.apache.ratis.server.raftlog.segmented.SegmentedRaftLogWorker.run(SegmentedRaftLogWorker.java:289)
	at java.lang.Thread.run(Thread.java:748)
Caused by: java.util.concurrent.TimeoutException
	at java.util.concurrent.CompletableFuture.timedGet(CompletableFuture.java:1771)
	at java.util.concurrent.CompletableFuture.get(CompletableFuture.java:1915)
	at org.apache.ratis.util.IOUtils.getFromFuture(IOUtils.java:79)
	... 4 more
2019-09-11 07:05:00,053 [4bd4e05e-fa44-45f4-99bb-ac21c4078a41@group-88289BCE3651-SegmentedRaftLogWorker] WARN  segmented.SegmentedRaftLogWorker (SegmentedRaftLogWorker.java:getFromFuture(90)) - Timeout 3/~
org.apache.ratis.protocol.TimeoutIOException: Timeout 10s: WriteLog:10: (t:1, i:10), STATEMACHINELOGENTRY, client-018CB4735F58, cid=145-writeStateMachineData
	at org.apache.ratis.util.IOUtils.getFromFuture(IOUtils.java:87)
	at org.apache.ratis.server.raftlog.segmented.SegmentedRaftLogWorker$StateMachineDataPolicy.getFromFuture(SegmentedRaftLogWorker.java:87)
	at org.apache.ratis.server.raftlog.segmented.SegmentedRaftLogWorker$WriteLog.execute(SegmentedRaftLogWorker.java:477)
	at org.apache.ratis.server.raftlog.segmented.SegmentedRaftLogWorker.run(SegmentedRaftLogWorker.java:289)
	at java.lang.Thread.run(Thread.java:748)
Caused by: java.util.concurrent.TimeoutException
	at java.util.concurrent.CompletableFuture.timedGet(CompletableFuture.java:1771)
	at java.util.concurrent.CompletableFuture.get(CompletableFuture.java:1915)
	at org.apache.ratis.util.IOUtils.getFromFuture(IOUtils.java:79)
	... 4 more
2019-09-11 07:05:00,053 [1a989eca-a026-4062-a574-e52a85f9a2a4@group-88289BCE3651-SegmentedRaftLogWorker] WARN  segmented.SegmentedRaftLogWorker (SegmentedRaftLogWorker.java:getFromFuture(90)) - Timeout 3/~
org.apache.ratis.protocol.TimeoutIOException: Timeout 10s: WriteLog:8: (t:1, i:8), STATEMACHINELOGENTRY, client-018CB4735F58, cid=143-writeStateMachineData
	at org.apache.ratis.util.IOUtils.getFromFuture(IOUtils.java:87)
	at org.apache.ratis.server.raftlog.segmented.SegmentedRaftLogWorker$StateMachineDataPolicy.getFromFuture(SegmentedRaftLogWorker.java:87)
	at org.apache.ratis.server.raftlog.segmented.SegmentedRaftLogWorker$WriteLog.execute(SegmentedRaftLogWorker.java:477)
	at org.apache.ratis.server.raftlog.segmented.SegmentedRaftLogWorker.run(SegmentedRaftLogWorker.java:289)
	at java.lang.Thread.run(Thread.java:748)
Caused by: java.util.concurrent.TimeoutException
	at java.util.concurrent.CompletableFuture.timedGet(CompletableFuture.java:1771)
	at java.util.concurrent.CompletableFuture.get(CompletableFuture.java:1915)
	at org.apache.ratis.util.IOUtils.getFromFuture(IOUtils.java:79)
	... 4 more
2019-09-11 07:05:00,288 [grpc-default-executor-4] INFO  client.GrpcClientProtocolClient (GrpcClientProtocolClient.java:onNext(264)) - client-018CB4735F58->1a989eca-a026-4062-a574-e52a85f9a2a4: receive RaftClientReply:client-018CB4735F58->1a989eca-a026-4062-a574-e52a85f9a2a4@group-88289BCE3651, cid=142, FAILED org.apache.ratis.protocol.NotLeaderException: Server 1a989eca-a026-4062-a574-e52a85f9a2a4@group-88289BCE3651 is not the leader 69a71f03-bd49-4dcf-a91a-b858634f7ca8:192.168.34.12:43469, logIndex=0, commits[1a989eca-a026-4062-a574-e52a85f9a2a4:c6, 69a71f03-bd49-4dcf-a91a-b858634f7ca8:c6, 4bd4e05e-fa44-45f4-99bb-ac21c4078a41:c4]
2019-09-11 07:05:00,454 [java.util.concurrent.ThreadPoolExecutor$Worker@16e6d60[State = -1, empty queue]] WARN  server.GrpcLogAppender (GrpcLogAppender.java:timeoutAppendRequest(200)) - 69a71f03-bd49-4dcf-a91a-b858634f7ca8@group-88289BCE3651->1a989eca-a026-4062-a574-e52a85f9a2a4-GrpcLogAppender: appendEntries Timeout, request=69a71f03-bd49-4dcf-a91a-b858634f7ca8->1a989eca-a026-4062-a574-e52a85f9a2a4#37-t1, previous=(t:1, i:12), leaderCommit=6, initializing? false, entries: <empty>
2019-09-11 07:05:00,454 [java.util.concurrent.ThreadPoolExecutor$Worker@5b781eac[State = -1, empty queue]] WARN  server.GrpcLogAppender (GrpcLogAppender.java:timeoutAppendRequest(200)) - 69a71f03-bd49-4dcf-a91a-b858634f7ca8@group-88289BCE3651->4bd4e05e-fa44-45f4-99bb-ac21c4078a41-GrpcLogAppender: appendEntries Timeout, request=69a71f03-bd49-4dcf-a91a-b858634f7ca8->4bd4e05e-fa44-45f4-99bb-ac21c4078a41#37-t1, previous=(t:1, i:12), leaderCommit=6, initializing? false, entries: <empty>
2019-09-11 07:05:01,333 [grpc-default-executor-1] INFO  impl.RaftServerProxy (RaftServerProxy.java:remove(95)) - 1a989eca-a026-4062-a574-e52a85f9a2a4: remove group-6779B489C9A8:null
2019-09-11 07:05:01,339 [RatisPipelineUtilsThread] WARN  pipeline.RatisPipelineUtils (RatisPipelineUtils.java:destroyPipeline(66)) - Pipeline destroy failed for pipeline=PipelineID=b5146873-3458-472b-a3c0-6779b489c9a8 dn=1a989eca-a026-4062-a574-e52a85f9a2a4{ip: 192.168.34.12, host: pr-hdds-2106-8t9qr-763259812, networkLocation: /default-rack, certSerialId: null}
2019-09-11 07:05:01,342 [grpc-default-executor-1] INFO  impl.RaftServerProxy (RaftServerProxy.java:remove(95)) - 4bd4e05e-fa44-45f4-99bb-ac21c4078a41: remove group-6779B489C9A8:null
2019-09-11 07:05:01,344 [RatisPipelineUtilsThread] WARN  pipeline.RatisPipelineUtils (RatisPipelineUtils.java:destroyPipeline(66)) - Pipeline destroy failed for pipeline=PipelineID=b5146873-3458-472b-a3c0-6779b489c9a8 dn=4bd4e05e-fa44-45f4-99bb-ac21c4078a41{ip: 192.168.34.12, host: pr-hdds-2106-8t9qr-763259812, networkLocation: /default-rack, certSerialId: null}
2019-09-11 07:05:01,347 [grpc-default-executor-1] INFO  impl.RaftServerProxy (RaftServerProxy.java:remove(95)) - 69a71f03-bd49-4dcf-a91a-b858634f7ca8: remove group-6779B489C9A8:null
2019-09-11 07:05:01,349 [RatisPipelineUtilsThread] WARN  pipeline.RatisPipelineUtils (RatisPipelineUtils.java:destroyPipeline(66)) - Pipeline destroy failed for pipeline=PipelineID=b5146873-3458-472b-a3c0-6779b489c9a8 dn=69a71f03-bd49-4dcf-a91a-b858634f7ca8{ip: 192.168.34.12, host: pr-hdds-2106-8t9qr-763259812, networkLocation: /default-rack, certSerialId: null}
2019-09-11 07:05:01,349 [RatisPipelineUtilsThread] ERROR pipeline.SCMPipelineManager (Scheduler.java:lambda$schedule$1(70)) - Destroy pipeline failed for pipeline:Pipeline[ Id: b5146873-3458-472b-a3c0-6779b489c9a8, Nodes: 1a989eca-a026-4062-a574-e52a85f9a2a4{ip: 192.168.34.12, host: pr-hdds-2106-8t9qr-763259812, networkLocation: /default-rack, certSerialId: null}4bd4e05e-fa44-45f4-99bb-ac21c4078a41{ip: 192.168.34.12, host: pr-hdds-2106-8t9qr-763259812, networkLocation: /default-rack, certSerialId: null}69a71f03-bd49-4dcf-a91a-b858634f7ca8{ip: 192.168.34.12, host: pr-hdds-2106-8t9qr-763259812, networkLocation: /default-rack, certSerialId: null}, Type:RATIS, Factor:THREE, State:CLOSED]
org.apache.hadoop.hdds.scm.pipeline.PipelineNotFoundException: PipelineID=b5146873-3458-472b-a3c0-6779b489c9a8 not found
	at org.apache.hadoop.hdds.scm.pipeline.PipelineStateMap.getPipeline(PipelineStateMap.java:132)
	at org.apache.hadoop.hdds.scm.pipeline.PipelineStateMap.removePipeline(PipelineStateMap.java:322)
	at org.apache.hadoop.hdds.scm.pipeline.PipelineStateManager.removePipeline(PipelineStateManager.java:107)
	at org.apache.hadoop.hdds.scm.pipeline.SCMPipelineManager.removePipeline(SCMPipelineManager.java:423)
	at org.apache.hadoop.hdds.scm.pipeline.SCMPipelineManager.destroyPipeline(SCMPipelineManager.java:409)
	at org.apache.hadoop.hdds.scm.pipeline.SCMPipelineManager.lambda$finalizeAndDestroyPipeline$0(SCMPipelineManager.java:318)
	at org.apache.hadoop.utils.Scheduler.lambda$schedule$1(Scheduler.java:68)
	at java.util.concurrent.Executors$RunnableAdapter.call(Executors.java:511)
	at java.util.concurrent.FutureTask.run(FutureTask.java:266)
	at java.util.concurrent.ScheduledThreadPoolExecutor$ScheduledFutureTask.access$201(ScheduledThreadPoolExecutor.java:180)
	at java.util.concurrent.ScheduledThreadPoolExecutor$ScheduledFutureTask.run(ScheduledThreadPoolExecutor.java:293)
	at java.util.concurrent.ThreadPoolExecutor.runWorker(ThreadPoolExecutor.java:1149)
	at java.util.concurrent.ThreadPoolExecutor$Worker.run(ThreadPoolExecutor.java:624)
	at java.lang.Thread.run(Thread.java:748)
2019-09-11 07:05:02,955 [java.util.concurrent.ThreadPoolExecutor$Worker@16e6d60[State = -1, empty queue]] WARN  server.GrpcLogAppender (GrpcLogAppender.java:timeoutAppendRequest(200)) - 69a71f03-bd49-4dcf-a91a-b858634f7ca8@group-88289BCE3651->1a989eca-a026-4062-a574-e52a85f9a2a4-GrpcLogAppender: appendEntries Timeout, request=69a71f03-bd49-4dcf-a91a-b858634f7ca8->1a989eca-a026-4062-a574-e52a85f9a2a4#38-t1, previous=(t:1, i:12), leaderCommit=6, initializing? false, entries: <empty>
2019-09-11 07:05:02,955 [java.util.concurrent.ThreadPoolExecutor$Worker@5b781eac[State = -1, empty queue]] WARN  server.GrpcLogAppender (GrpcLogAppender.java:timeoutAppendRequest(200)) - 69a71f03-bd49-4dcf-a91a-b858634f7ca8@group-88289BCE3651->4bd4e05e-fa44-45f4-99bb-ac21c4078a41-GrpcLogAppender: appendEntries Timeout, request=69a71f03-bd49-4dcf-a91a-b858634f7ca8->4bd4e05e-fa44-45f4-99bb-ac21c4078a41#38-t1, previous=(t:1, i:12), leaderCommit=6, initializing? false, entries: <empty>
2019-09-11 07:05:03,331 [grpc-default-executor-2] INFO  impl.RaftServerProxy (RaftServerProxy.java:remove(95)) - 1a989eca-a026-4062-a574-e52a85f9a2a4: remove group-6779B489C9A8:null
2019-09-11 07:05:03,334 [RatisPipelineUtilsThread] WARN  pipeline.RatisPipelineUtils (RatisPipelineUtils.java:destroyPipeline(66)) - Pipeline destroy failed for pipeline=PipelineID=b5146873-3458-472b-a3c0-6779b489c9a8 dn=1a989eca-a026-4062-a574-e52a85f9a2a4{ip: 192.168.34.12, host: pr-hdds-2106-8t9qr-763259812, networkLocation: /default-rack, certSerialId: null}
2019-09-11 07:05:03,337 [grpc-default-executor-2] INFO  impl.RaftServerProxy (RaftServerProxy.java:remove(95)) - 4bd4e05e-fa44-45f4-99bb-ac21c4078a41: remove group-6779B489C9A8:null
2019-09-11 07:05:03,340 [RatisPipelineUtilsThread] WARN  pipeline.RatisPipelineUtils (RatisPipelineUtils.java:destroyPipeline(66)) - Pipeline destroy failed for pipeline=PipelineID=b5146873-3458-472b-a3c0-6779b489c9a8 dn=4bd4e05e-fa44-45f4-99bb-ac21c4078a41{ip: 192.168.34.12, host: pr-hdds-2106-8t9qr-763259812, networkLocation: /default-rack, certSerialId: null}
2019-09-11 07:05:03,342 [grpc-default-executor-2] INFO  impl.RaftServerProxy (RaftServerProxy.java:remove(95)) - 69a71f03-bd49-4dcf-a91a-b858634f7ca8: remove group-6779B489C9A8:null
2019-09-11 07:05:03,344 [RatisPipelineUtilsThread] WARN  pipeline.RatisPipelineUtils (RatisPipelineUtils.java:destroyPipeline(66)) - Pipeline destroy failed for pipeline=PipelineID=b5146873-3458-472b-a3c0-6779b489c9a8 dn=69a71f03-bd49-4dcf-a91a-b858634f7ca8{ip: 192.168.34.12, host: pr-hdds-2106-8t9qr-763259812, networkLocation: /default-rack, certSerialId: null}
2019-09-11 07:05:03,345 [RatisPipelineUtilsThread] ERROR pipeline.SCMPipelineManager (Scheduler.java:lambda$schedule$1(70)) - Destroy pipeline failed for pipeline:Pipeline[ Id: b5146873-3458-472b-a3c0-6779b489c9a8, Nodes: 1a989eca-a026-4062-a574-e52a85f9a2a4{ip: 192.168.34.12, host: pr-hdds-2106-8t9qr-763259812, networkLocation: /default-rack, certSerialId: null}4bd4e05e-fa44-45f4-99bb-ac21c4078a41{ip: 192.168.34.12, host: pr-hdds-2106-8t9qr-763259812, networkLocation: /default-rack, certSerialId: null}69a71f03-bd49-4dcf-a91a-b858634f7ca8{ip: 192.168.34.12, host: pr-hdds-2106-8t9qr-763259812, networkLocation: /default-rack, certSerialId: null}, Type:RATIS, Factor:THREE, State:CLOSED]
org.apache.hadoop.hdds.scm.pipeline.PipelineNotFoundException: PipelineID=b5146873-3458-472b-a3c0-6779b489c9a8 not found
	at org.apache.hadoop.hdds.scm.pipeline.PipelineStateMap.getPipeline(PipelineStateMap.java:132)
	at org.apache.hadoop.hdds.scm.pipeline.PipelineStateMap.removePipeline(PipelineStateMap.java:322)
	at org.apache.hadoop.hdds.scm.pipeline.PipelineStateManager.removePipeline(PipelineStateManager.java:107)
	at org.apache.hadoop.hdds.scm.pipeline.SCMPipelineManager.removePipeline(SCMPipelineManager.java:423)
	at org.apache.hadoop.hdds.scm.pipeline.SCMPipelineManager.destroyPipeline(SCMPipelineManager.java:409)
	at org.apache.hadoop.hdds.scm.pipeline.SCMPipelineManager.lambda$finalizeAndDestroyPipeline$0(SCMPipelineManager.java:318)
	at org.apache.hadoop.utils.Scheduler.lambda$schedule$1(Scheduler.java:68)
	at java.util.concurrent.Executors$RunnableAdapter.call(Executors.java:511)
	at java.util.concurrent.FutureTask.run(FutureTask.java:266)
	at java.util.concurrent.ScheduledThreadPoolExecutor$ScheduledFutureTask.access$201(ScheduledThreadPoolExecutor.java:180)
	at java.util.concurrent.ScheduledThreadPoolExecutor$ScheduledFutureTask.run(ScheduledThreadPoolExecutor.java:293)
	at java.util.concurrent.ThreadPoolExecutor.runWorker(ThreadPoolExecutor.java:1149)
	at java.util.concurrent.ThreadPoolExecutor$Worker.run(ThreadPoolExecutor.java:624)
	at java.lang.Thread.run(Thread.java:748)
2019-09-11 07:05:05,347 [grpc-default-executor-2] INFO  client.GrpcClientProtocolClient (GrpcClientProtocolClient.java:onNext(264)) - client-018CB4735F58->4bd4e05e-fa44-45f4-99bb-ac21c4078a41: receive RaftClientReply:client-018CB4735F58->4bd4e05e-fa44-45f4-99bb-ac21c4078a41@group-88289BCE3651, cid=142, FAILED org.apache.ratis.protocol.NotLeaderException: Server 4bd4e05e-fa44-45f4-99bb-ac21c4078a41@group-88289BCE3651 is not the leader 69a71f03-bd49-4dcf-a91a-b858634f7ca8:192.168.34.12:43469, logIndex=0, commits[4bd4e05e-fa44-45f4-99bb-ac21c4078a41:c6, 69a71f03-bd49-4dcf-a91a-b858634f7ca8:c6, 1a989eca-a026-4062-a574-e52a85f9a2a4:c4]
2019-09-11 07:05:05,455 [java.util.concurrent.ThreadPoolExecutor$Worker@5b781eac[State = -1, empty queue]] WARN  server.GrpcLogAppender (GrpcLogAppender.java:timeoutAppendRequest(200)) - 69a71f03-bd49-4dcf-a91a-b858634f7ca8@group-88289BCE3651->4bd4e05e-fa44-45f4-99bb-ac21c4078a41-GrpcLogAppender: appendEntries Timeout, request=69a71f03-bd49-4dcf-a91a-b858634f7ca8->4bd4e05e-fa44-45f4-99bb-ac21c4078a41#39-t1, previous=(t:1, i:12), leaderCommit=6, initializing? false, entries: <empty>
2019-09-11 07:05:05,455 [java.util.concurrent.ThreadPoolExecutor$Worker@16e6d60[State = -1, empty queue]] WARN  server.GrpcLogAppender (GrpcLogAppender.java:timeoutAppendRequest(200)) - 69a71f03-bd49-4dcf-a91a-b858634f7ca8@group-88289BCE3651->1a989eca-a026-4062-a574-e52a85f9a2a4-GrpcLogAppender: appendEntries Timeout, request=69a71f03-bd49-4dcf-a91a-b858634f7ca8->1a989eca-a026-4062-a574-e52a85f9a2a4#39-t1, previous=(t:1, i:12), leaderCommit=6, initializing? false, entries: <empty>
2019-09-11 07:05:06,329 [grpc-default-executor-4] INFO  impl.RaftServerProxy (RaftServerProxy.java:remove(95)) - 1a989eca-a026-4062-a574-e52a85f9a2a4: remove group-6779B489C9A8:null
2019-09-11 07:05:06,333 [RatisPipelineUtilsThread] WARN  pipeline.RatisPipelineUtils (RatisPipelineUtils.java:destroyPipeline(66)) - Pipeline destroy failed for pipeline=PipelineID=b5146873-3458-472b-a3c0-6779b489c9a8 dn=1a989eca-a026-4062-a574-e52a85f9a2a4{ip: 192.168.34.12, host: pr-hdds-2106-8t9qr-763259812, networkLocation: /default-rack, certSerialId: null}
2019-09-11 07:05:06,336 [grpc-default-executor-4] INFO  impl.RaftServerProxy (RaftServerProxy.java:remove(95)) - 4bd4e05e-fa44-45f4-99bb-ac21c4078a41: remove group-6779B489C9A8:null
2019-09-11 07:05:06,338 [RatisPipelineUtilsThread] WARN  pipeline.RatisPipelineUtils (RatisPipelineUtils.java:destroyPipeline(66)) - Pipeline destroy failed for pipeline=PipelineID=b5146873-3458-472b-a3c0-6779b489c9a8 dn=4bd4e05e-fa44-45f4-99bb-ac21c4078a41{ip: 192.168.34.12, host: pr-hdds-2106-8t9qr-763259812, networkLocation: /default-rack, certSerialId: null}
2019-09-11 07:05:06,341 [grpc-default-executor-4] INFO  impl.RaftServerProxy (RaftServerProxy.java:remove(95)) - 69a71f03-bd49-4dcf-a91a-b858634f7ca8: remove group-6779B489C9A8:null
2019-09-11 07:05:06,344 [RatisPipelineUtilsThread] WARN  pipeline.RatisPipelineUtils (RatisPipelineUtils.java:destroyPipeline(66)) - Pipeline destroy failed for pipeline=PipelineID=b5146873-3458-472b-a3c0-6779b489c9a8 dn=69a71f03-bd49-4dcf-a91a-b858634f7ca8{ip: 192.168.34.12, host: pr-hdds-2106-8t9qr-763259812, networkLocation: /default-rack, certSerialId: null}
2019-09-11 07:05:06,344 [RatisPipelineUtilsThread] ERROR pipeline.SCMPipelineManager (Scheduler.java:lambda$schedule$1(70)) - Destroy pipeline failed for pipeline:Pipeline[ Id: b5146873-3458-472b-a3c0-6779b489c9a8, Nodes: 1a989eca-a026-4062-a574-e52a85f9a2a4{ip: 192.168.34.12, host: pr-hdds-2106-8t9qr-763259812, networkLocation: /default-rack, certSerialId: null}4bd4e05e-fa44-45f4-99bb-ac21c4078a41{ip: 192.168.34.12, host: pr-hdds-2106-8t9qr-763259812, networkLocation: /default-rack, certSerialId: null}69a71f03-bd49-4dcf-a91a-b858634f7ca8{ip: 192.168.34.12, host: pr-hdds-2106-8t9qr-763259812, networkLocation: /default-rack, certSerialId: null}, Type:RATIS, Factor:THREE, State:CLOSED]
org.apache.hadoop.hdds.scm.pipeline.PipelineNotFoundException: PipelineID=b5146873-3458-472b-a3c0-6779b489c9a8 not found
	at org.apache.hadoop.hdds.scm.pipeline.PipelineStateMap.getPipeline(PipelineStateMap.java:132)
	at org.apache.hadoop.hdds.scm.pipeline.PipelineStateMap.removePipeline(PipelineStateMap.java:322)
	at org.apache.hadoop.hdds.scm.pipeline.PipelineStateManager.removePipeline(PipelineStateManager.java:107)
	at org.apache.hadoop.hdds.scm.pipeline.SCMPipelineManager.removePipeline(SCMPipelineManager.java:423)
	at org.apache.hadoop.hdds.scm.pipeline.SCMPipelineManager.destroyPipeline(SCMPipelineManager.java:409)
	at org.apache.hadoop.hdds.scm.pipeline.SCMPipelineManager.lambda$finalizeAndDestroyPipeline$0(SCMPipelineManager.java:318)
	at org.apache.hadoop.utils.Scheduler.lambda$schedule$1(Scheduler.java:68)
	at java.util.concurrent.Executors$RunnableAdapter.call(Executors.java:511)
	at java.util.concurrent.FutureTask.run(FutureTask.java:266)
	at java.util.concurrent.ScheduledThreadPoolExecutor$ScheduledFutureTask.access$201(ScheduledThreadPoolExecutor.java:180)
	at java.util.concurrent.ScheduledThreadPoolExecutor$ScheduledFutureTask.run(ScheduledThreadPoolExecutor.java:293)
	at java.util.concurrent.ThreadPoolExecutor.runWorker(ThreadPoolExecutor.java:1149)
	at java.util.concurrent.ThreadPoolExecutor$Worker.run(ThreadPoolExecutor.java:624)
	at java.lang.Thread.run(Thread.java:748)
2019-09-11 07:05:07,956 [java.util.concurrent.ThreadPoolExecutor$Worker@16e6d60[State = -1, empty queue]] WARN  server.GrpcLogAppender (GrpcLogAppender.java:timeoutAppendRequest(200)) - 69a71f03-bd49-4dcf-a91a-b858634f7ca8@group-88289BCE3651->1a989eca-a026-4062-a574-e52a85f9a2a4-GrpcLogAppender: appendEntries Timeout, request=69a71f03-bd49-4dcf-a91a-b858634f7ca8->1a989eca-a026-4062-a574-e52a85f9a2a4#40-t1, previous=(t:1, i:12), leaderCommit=6, initializing? false, entries: <empty>
2019-09-11 07:05:07,956 [java.util.concurrent.ThreadPoolExecutor$Worker@5b781eac[State = -1, empty queue]] WARN  server.GrpcLogAppender (GrpcLogAppender.java:timeoutAppendRequest(200)) - 69a71f03-bd49-4dcf-a91a-b858634f7ca8@group-88289BCE3651->4bd4e05e-fa44-45f4-99bb-ac21c4078a41-GrpcLogAppender: appendEntries Timeout, request=69a71f03-bd49-4dcf-a91a-b858634f7ca8->4bd4e05e-fa44-45f4-99bb-ac21c4078a41#40-t1, previous=(t:1, i:12), leaderCommit=6, initializing? false, entries: <empty>
2019-09-11 07:05:08,337 [grpc-default-executor-2] INFO  impl.RaftServerProxy (RaftServerProxy.java:remove(95)) - 1a989eca-a026-4062-a574-e52a85f9a2a4: remove group-6779B489C9A8:null
2019-09-11 07:05:08,341 [RatisPipelineUtilsThread] WARN  pipeline.RatisPipelineUtils (RatisPipelineUtils.java:destroyPipeline(66)) - Pipeline destroy failed for pipeline=PipelineID=b5146873-3458-472b-a3c0-6779b489c9a8 dn=1a989eca-a026-4062-a574-e52a85f9a2a4{ip: 192.168.34.12, host: pr-hdds-2106-8t9qr-763259812, networkLocation: /default-rack, certSerialId: null}
2019-09-11 07:05:08,344 [grpc-default-executor-2] INFO  impl.RaftServerProxy (RaftServerProxy.java:remove(95)) - 4bd4e05e-fa44-45f4-99bb-ac21c4078a41: remove group-6779B489C9A8:null
2019-09-11 07:05:08,346 [RatisPipelineUtilsThread] WARN  pipeline.RatisPipelineUtils (RatisPipelineUtils.java:destroyPipeline(66)) - Pipeline destroy failed for pipeline=PipelineID=b5146873-3458-472b-a3c0-6779b489c9a8 dn=4bd4e05e-fa44-45f4-99bb-ac21c4078a41{ip: 192.168.34.12, host: pr-hdds-2106-8t9qr-763259812, networkLocation: /default-rack, certSerialId: null}
2019-09-11 07:05:08,348 [grpc-default-executor-2] INFO  impl.RaftServerProxy (RaftServerProxy.java:remove(95)) - 69a71f03-bd49-4dcf-a91a-b858634f7ca8: remove group-6779B489C9A8:null
2019-09-11 07:05:08,350 [RatisPipelineUtilsThread] WARN  pipeline.RatisPipelineUtils (RatisPipelineUtils.java:destroyPipeline(66)) - Pipeline destroy failed for pipeline=PipelineID=b5146873-3458-472b-a3c0-6779b489c9a8 dn=69a71f03-bd49-4dcf-a91a-b858634f7ca8{ip: 192.168.34.12, host: pr-hdds-2106-8t9qr-763259812, networkLocation: /default-rack, certSerialId: null}
2019-09-11 07:05:08,351 [RatisPipelineUtilsThread] ERROR pipeline.SCMPipelineManager (Scheduler.java:lambda$schedule$1(70)) - Destroy pipeline failed for pipeline:Pipeline[ Id: b5146873-3458-472b-a3c0-6779b489c9a8, Nodes: 1a989eca-a026-4062-a574-e52a85f9a2a4{ip: 192.168.34.12, host: pr-hdds-2106-8t9qr-763259812, networkLocation: /default-rack, certSerialId: null}4bd4e05e-fa44-45f4-99bb-ac21c4078a41{ip: 192.168.34.12, host: pr-hdds-2106-8t9qr-763259812, networkLocation: /default-rack, certSerialId: null}69a71f03-bd49-4dcf-a91a-b858634f7ca8{ip: 192.168.34.12, host: pr-hdds-2106-8t9qr-763259812, networkLocation: /default-rack, certSerialId: null}, Type:RATIS, Factor:THREE, State:CLOSED]
org.apache.hadoop.hdds.scm.pipeline.PipelineNotFoundException: PipelineID=b5146873-3458-472b-a3c0-6779b489c9a8 not found
	at org.apache.hadoop.hdds.scm.pipeline.PipelineStateMap.getPipeline(PipelineStateMap.java:132)
	at org.apache.hadoop.hdds.scm.pipeline.PipelineStateMap.removePipeline(PipelineStateMap.java:322)
	at org.apache.hadoop.hdds.scm.pipeline.PipelineStateManager.removePipeline(PipelineStateManager.java:107)
	at org.apache.hadoop.hdds.scm.pipeline.SCMPipelineManager.removePipeline(SCMPipelineManager.java:423)
	at org.apache.hadoop.hdds.scm.pipeline.SCMPipelineManager.destroyPipeline(SCMPipelineManager.java:409)
	at org.apache.hadoop.hdds.scm.pipeline.SCMPipelineManager.lambda$finalizeAndDestroyPipeline$0(SCMPipelineManager.java:318)
	at org.apache.hadoop.utils.Scheduler.lambda$schedule$1(Scheduler.java:68)
	at java.util.concurrent.Executors$RunnableAdapter.call(Executors.java:511)
	at java.util.concurrent.FutureTask.run(FutureTask.java:266)
	at java.util.concurrent.ScheduledThreadPoolExecutor$ScheduledFutureTask.access$201(ScheduledThreadPoolExecutor.java:180)
	at java.util.concurrent.ScheduledThreadPoolExecutor$ScheduledFutureTask.run(ScheduledThreadPoolExecutor.java:293)
	at java.util.concurrent.ThreadPoolExecutor.runWorker(ThreadPoolExecutor.java:1149)
	at java.util.concurrent.ThreadPoolExecutor$Worker.run(ThreadPoolExecutor.java:624)
	at java.lang.Thread.run(Thread.java:748)
2019-09-11 07:05:10,054 [69a71f03-bd49-4dcf-a91a-b858634f7ca8@group-88289BCE3651-SegmentedRaftLogWorker] WARN  segmented.SegmentedRaftLogWorker (SegmentedRaftLogWorker.java:getFromFuture(90)) - Timeout 4/~
org.apache.ratis.protocol.TimeoutIOException: Timeout 10s: WriteLog:8: (t:1, i:8), STATEMACHINELOGENTRY, client-018CB4735F58, cid=143-writeStateMachineData
	at org.apache.ratis.util.IOUtils.getFromFuture(IOUtils.java:87)
	at org.apache.ratis.server.raftlog.segmented.SegmentedRaftLogWorker$StateMachineDataPolicy.getFromFuture(SegmentedRaftLogWorker.java:87)
	at org.apache.ratis.server.raftlog.segmented.SegmentedRaftLogWorker$WriteLog.execute(SegmentedRaftLogWorker.java:477)
	at org.apache.ratis.server.raftlog.segmented.SegmentedRaftLogWorker.run(SegmentedRaftLogWorker.java:289)
	at java.lang.Thread.run(Thread.java:748)
Caused by: java.util.concurrent.TimeoutException
	at java.util.concurrent.CompletableFuture.timedGet(CompletableFuture.java:1771)
	at java.util.concurrent.CompletableFuture.get(CompletableFuture.java:1915)
	at org.apache.ratis.util.IOUtils.getFromFuture(IOUtils.java:79)
	... 4 more
2019-09-11 07:05:10,054 [1a989eca-a026-4062-a574-e52a85f9a2a4@group-88289BCE3651-SegmentedRaftLogWorker] WARN  segmented.SegmentedRaftLogWorker (SegmentedRaftLogWorker.java:getFromFuture(90)) - Timeout 4/~
org.apache.ratis.protocol.TimeoutIOException: Timeout 10s: WriteLog:8: (t:1, i:8), STATEMACHINELOGENTRY, client-018CB4735F58, cid=143-writeStateMachineData
	at org.apache.ratis.util.IOUtils.getFromFuture(IOUtils.java:87)
	at org.apache.ratis.server.raftlog.segmented.SegmentedRaftLogWorker$StateMachineDataPolicy.getFromFuture(SegmentedRaftLogWorker.java:87)
	at org.apache.ratis.server.raftlog.segmented.SegmentedRaftLogWorker$WriteLog.execute(SegmentedRaftLogWorker.java:477)
	at org.apache.ratis.server.raftlog.segmented.SegmentedRaftLogWorker.run(SegmentedRaftLogWorker.java:289)
	at java.lang.Thread.run(Thread.java:748)
Caused by: java.util.concurrent.TimeoutException
	at java.util.concurrent.CompletableFuture.timedGet(CompletableFuture.java:1771)
	at java.util.concurrent.CompletableFuture.get(CompletableFuture.java:1915)
	at org.apache.ratis.util.IOUtils.getFromFuture(IOUtils.java:79)
	... 4 more
2019-09-11 07:05:10,054 [4bd4e05e-fa44-45f4-99bb-ac21c4078a41@group-88289BCE3651-SegmentedRaftLogWorker] WARN  segmented.SegmentedRaftLogWorker (SegmentedRaftLogWorker.java:getFromFuture(90)) - Timeout 4/~
org.apache.ratis.protocol.TimeoutIOException: Timeout 10s: WriteLog:10: (t:1, i:10), STATEMACHINELOGENTRY, client-018CB4735F58, cid=145-writeStateMachineData
	at org.apache.ratis.util.IOUtils.getFromFuture(IOUtils.java:87)
	at org.apache.ratis.server.raftlog.segmented.SegmentedRaftLogWorker$StateMachineDataPolicy.getFromFuture(SegmentedRaftLogWorker.java:87)
	at org.apache.ratis.server.raftlog.segmented.SegmentedRaftLogWorker$WriteLog.execute(SegmentedRaftLogWorker.java:477)
	at org.apache.ratis.server.raftlog.segmented.SegmentedRaftLogWorker.run(SegmentedRaftLogWorker.java:289)
	at java.lang.Thread.run(Thread.java:748)
Caused by: java.util.concurrent.TimeoutException
	at java.util.concurrent.CompletableFuture.timedGet(CompletableFuture.java:1771)
	at java.util.concurrent.CompletableFuture.get(CompletableFuture.java:1915)
	at org.apache.ratis.util.IOUtils.getFromFuture(IOUtils.java:79)
	... 4 more
2019-09-11 07:05:10,407 [grpc-default-executor-4] INFO  client.GrpcClientProtocolClient (GrpcClientProtocolClient.java:onNext(264)) - client-018CB4735F58->1a989eca-a026-4062-a574-e52a85f9a2a4: receive RaftClientReply:client-018CB4735F58->1a989eca-a026-4062-a574-e52a85f9a2a4@group-88289BCE3651, cid=142, FAILED org.apache.ratis.protocol.NotLeaderException: Server 1a989eca-a026-4062-a574-e52a85f9a2a4@group-88289BCE3651 is not the leader 69a71f03-bd49-4dcf-a91a-b858634f7ca8:192.168.34.12:43469, logIndex=0, commits[1a989eca-a026-4062-a574-e52a85f9a2a4:c6, 69a71f03-bd49-4dcf-a91a-b858634f7ca8:c6, 4bd4e05e-fa44-45f4-99bb-ac21c4078a41:c4]
2019-09-11 07:05:10,456 [java.util.concurrent.ThreadPoolExecutor$Worker@5b781eac[State = -1, empty queue]] WARN  server.GrpcLogAppender (GrpcLogAppender.java:timeoutAppendRequest(200)) - 69a71f03-bd49-4dcf-a91a-b858634f7ca8@group-88289BCE3651->4bd4e05e-fa44-45f4-99bb-ac21c4078a41-GrpcLogAppender: appendEntries Timeout, request=69a71f03-bd49-4dcf-a91a-b858634f7ca8->4bd4e05e-fa44-45f4-99bb-ac21c4078a41#41-t1, previous=(t:1, i:12), leaderCommit=6, initializing? false, entries: <empty>
2019-09-11 07:05:10,456 [java.util.concurrent.ThreadPoolExecutor$Worker@16e6d60[State = -1, empty queue]] WARN  server.GrpcLogAppender (GrpcLogAppender.java:timeoutAppendRequest(200)) - 69a71f03-bd49-4dcf-a91a-b858634f7ca8@group-88289BCE3651->1a989eca-a026-4062-a574-e52a85f9a2a4-GrpcLogAppender: appendEntries Timeout, request=69a71f03-bd49-4dcf-a91a-b858634f7ca8->1a989eca-a026-4062-a574-e52a85f9a2a4#41-t1, previous=(t:1, i:12), leaderCommit=6, initializing? false, entries: <empty>
2019-09-11 07:05:11,336 [grpc-default-executor-2] INFO  impl.RaftServerProxy (RaftServerProxy.java:remove(95)) - 1a989eca-a026-4062-a574-e52a85f9a2a4: remove group-6779B489C9A8:null
2019-09-11 07:05:11,341 [RatisPipelineUtilsThread] WARN  pipeline.RatisPipelineUtils (RatisPipelineUtils.java:destroyPipeline(66)) - Pipeline destroy failed for pipeline=PipelineID=b5146873-3458-472b-a3c0-6779b489c9a8 dn=1a989eca-a026-4062-a574-e52a85f9a2a4{ip: 192.168.34.12, host: pr-hdds-2106-8t9qr-763259812, networkLocation: /default-rack, certSerialId: null}
2019-09-11 07:05:11,344 [grpc-default-executor-2] INFO  impl.RaftServerProxy (RaftServerProxy.java:remove(95)) - 4bd4e05e-fa44-45f4-99bb-ac21c4078a41: remove group-6779B489C9A8:null
2019-09-11 07:05:11,346 [RatisPipelineUtilsThread] WARN  pipeline.RatisPipelineUtils (RatisPipelineUtils.java:destroyPipeline(66)) - Pipeline destroy failed for pipeline=PipelineID=b5146873-3458-472b-a3c0-6779b489c9a8 dn=4bd4e05e-fa44-45f4-99bb-ac21c4078a41{ip: 192.168.34.12, host: pr-hdds-2106-8t9qr-763259812, networkLocation: /default-rack, certSerialId: null}
2019-09-11 07:05:11,349 [grpc-default-executor-2] INFO  impl.RaftServerProxy (RaftServerProxy.java:remove(95)) - 69a71f03-bd49-4dcf-a91a-b858634f7ca8: remove group-6779B489C9A8:null
2019-09-11 07:05:11,351 [RatisPipelineUtilsThread] WARN  pipeline.RatisPipelineUtils (RatisPipelineUtils.java:destroyPipeline(66)) - Pipeline destroy failed for pipeline=PipelineID=b5146873-3458-472b-a3c0-6779b489c9a8 dn=69a71f03-bd49-4dcf-a91a-b858634f7ca8{ip: 192.168.34.12, host: pr-hdds-2106-8t9qr-763259812, networkLocation: /default-rack, certSerialId: null}
2019-09-11 07:05:11,352 [RatisPipelineUtilsThread] ERROR pipeline.SCMPipelineManager (Scheduler.java:lambda$schedule$1(70)) - Destroy pipeline failed for pipeline:Pipeline[ Id: b5146873-3458-472b-a3c0-6779b489c9a8, Nodes: 1a989eca-a026-4062-a574-e52a85f9a2a4{ip: 192.168.34.12, host: pr-hdds-2106-8t9qr-763259812, networkLocation: /default-rack, certSerialId: null}4bd4e05e-fa44-45f4-99bb-ac21c4078a41{ip: 192.168.34.12, host: pr-hdds-2106-8t9qr-763259812, networkLocation: /default-rack, certSerialId: null}69a71f03-bd49-4dcf-a91a-b858634f7ca8{ip: 192.168.34.12, host: pr-hdds-2106-8t9qr-763259812, networkLocation: /default-rack, certSerialId: null}, Type:RATIS, Factor:THREE, State:CLOSED]
org.apache.hadoop.hdds.scm.pipeline.PipelineNotFoundException: PipelineID=b5146873-3458-472b-a3c0-6779b489c9a8 not found
	at org.apache.hadoop.hdds.scm.pipeline.PipelineStateMap.getPipeline(PipelineStateMap.java:132)
	at org.apache.hadoop.hdds.scm.pipeline.PipelineStateMap.removePipeline(PipelineStateMap.java:322)
	at org.apache.hadoop.hdds.scm.pipeline.PipelineStateManager.removePipeline(PipelineStateManager.java:107)
	at org.apache.hadoop.hdds.scm.pipeline.SCMPipelineManager.removePipeline(SCMPipelineManager.java:423)
	at org.apache.hadoop.hdds.scm.pipeline.SCMPipelineManager.destroyPipeline(SCMPipelineManager.java:409)
	at org.apache.hadoop.hdds.scm.pipeline.SCMPipelineManager.lambda$finalizeAndDestroyPipeline$0(SCMPipelineManager.java:318)
	at org.apache.hadoop.utils.Scheduler.lambda$schedule$1(Scheduler.java:68)
	at java.util.concurrent.Executors$RunnableAdapter.call(Executors.java:511)
	at java.util.concurrent.FutureTask.run(FutureTask.java:266)
	at java.util.concurrent.ScheduledThreadPoolExecutor$ScheduledFutureTask.access$201(ScheduledThreadPoolExecutor.java:180)
	at java.util.concurrent.ScheduledThreadPoolExecutor$ScheduledFutureTask.run(ScheduledThreadPoolExecutor.java:293)
	at java.util.concurrent.ThreadPoolExecutor.runWorker(ThreadPoolExecutor.java:1149)
	at java.util.concurrent.ThreadPoolExecutor$Worker.run(ThreadPoolExecutor.java:624)
	at java.lang.Thread.run(Thread.java:748)
2019-09-11 07:05:12,957 [java.util.concurrent.ThreadPoolExecutor$Worker@16e6d60[State = -1, empty queue]] WARN  server.GrpcLogAppender (GrpcLogAppender.java:timeoutAppendRequest(200)) - 69a71f03-bd49-4dcf-a91a-b858634f7ca8@group-88289BCE3651->1a989eca-a026-4062-a574-e52a85f9a2a4-GrpcLogAppender: appendEntries Timeout, request=69a71f03-bd49-4dcf-a91a-b858634f7ca8->1a989eca-a026-4062-a574-e52a85f9a2a4#42-t1, previous=(t:1, i:12), leaderCommit=6, initializing? false, entries: <empty>
2019-09-11 07:05:12,957 [java.util.concurrent.ThreadPoolExecutor$Worker@5b781eac[State = -1, empty queue]] WARN  server.GrpcLogAppender (GrpcLogAppender.java:timeoutAppendRequest(200)) - 69a71f03-bd49-4dcf-a91a-b858634f7ca8@group-88289BCE3651->4bd4e05e-fa44-45f4-99bb-ac21c4078a41-GrpcLogAppender: appendEntries Timeout, request=69a71f03-bd49-4dcf-a91a-b858634f7ca8->4bd4e05e-fa44-45f4-99bb-ac21c4078a41#42-t1, previous=(t:1, i:12), leaderCommit=6, initializing? false, entries: <empty>
2019-09-11 07:05:13,336 [grpc-default-executor-2] INFO  impl.RaftServerProxy (RaftServerProxy.java:remove(95)) - 1a989eca-a026-4062-a574-e52a85f9a2a4: remove group-6779B489C9A8:null
2019-09-11 07:05:13,339 [RatisPipelineUtilsThread] WARN  pipeline.RatisPipelineUtils (RatisPipelineUtils.java:destroyPipeline(66)) - Pipeline destroy failed for pipeline=PipelineID=b5146873-3458-472b-a3c0-6779b489c9a8 dn=1a989eca-a026-4062-a574-e52a85f9a2a4{ip: 192.168.34.12, host: pr-hdds-2106-8t9qr-763259812, networkLocation: /default-rack, certSerialId: null}
2019-09-11 07:05:13,343 [grpc-default-executor-2] INFO  impl.RaftServerProxy (RaftServerProxy.java:remove(95)) - 4bd4e05e-fa44-45f4-99bb-ac21c4078a41: remove group-6779B489C9A8:null
2019-09-11 07:05:13,345 [RatisPipelineUtilsThread] WARN  pipeline.RatisPipelineUtils (RatisPipelineUtils.java:destroyPipeline(66)) - Pipeline destroy failed for pipeline=PipelineID=b5146873-3458-472b-a3c0-6779b489c9a8 dn=4bd4e05e-fa44-45f4-99bb-ac21c4078a41{ip: 192.168.34.12, host: pr-hdds-2106-8t9qr-763259812, networkLocation: /default-rack, certSerialId: null}
2019-09-11 07:05:13,347 [grpc-default-executor-2] INFO  impl.RaftServerProxy (RaftServerProxy.java:remove(95)) - 69a71f03-bd49-4dcf-a91a-b858634f7ca8: remove group-6779B489C9A8:null
2019-09-11 07:05:13,349 [RatisPipelineUtilsThread] WARN  pipeline.RatisPipelineUtils (RatisPipelineUtils.java:destroyPipeline(66)) - Pipeline destroy failed for pipeline=PipelineID=b5146873-3458-472b-a3c0-6779b489c9a8 dn=69a71f03-bd49-4dcf-a91a-b858634f7ca8{ip: 192.168.34.12, host: pr-hdds-2106-8t9qr-763259812, networkLocation: /default-rack, certSerialId: null}
2019-09-11 07:05:13,350 [RatisPipelineUtilsThread] ERROR pipeline.SCMPipelineManager (Scheduler.java:lambda$schedule$1(70)) - Destroy pipeline failed for pipeline:Pipeline[ Id: b5146873-3458-472b-a3c0-6779b489c9a8, Nodes: 1a989eca-a026-4062-a574-e52a85f9a2a4{ip: 192.168.34.12, host: pr-hdds-2106-8t9qr-763259812, networkLocation: /default-rack, certSerialId: null}4bd4e05e-fa44-45f4-99bb-ac21c4078a41{ip: 192.168.34.12, host: pr-hdds-2106-8t9qr-763259812, networkLocation: /default-rack, certSerialId: null}69a71f03-bd49-4dcf-a91a-b858634f7ca8{ip: 192.168.34.12, host: pr-hdds-2106-8t9qr-763259812, networkLocation: /default-rack, certSerialId: null}, Type:RATIS, Factor:THREE, State:CLOSED]
org.apache.hadoop.hdds.scm.pipeline.PipelineNotFoundException: PipelineID=b5146873-3458-472b-a3c0-6779b489c9a8 not found
	at org.apache.hadoop.hdds.scm.pipeline.PipelineStateMap.getPipeline(PipelineStateMap.java:132)
	at org.apache.hadoop.hdds.scm.pipeline.PipelineStateMap.removePipeline(PipelineStateMap.java:322)
	at org.apache.hadoop.hdds.scm.pipeline.PipelineStateManager.removePipeline(PipelineStateManager.java:107)
	at org.apache.hadoop.hdds.scm.pipeline.SCMPipelineManager.removePipeline(SCMPipelineManager.java:423)
	at org.apache.hadoop.hdds.scm.pipeline.SCMPipelineManager.destroyPipeline(SCMPipelineManager.java:409)
	at org.apache.hadoop.hdds.scm.pipeline.SCMPipelineManager.lambda$finalizeAndDestroyPipeline$0(SCMPipelineManager.java:318)
	at org.apache.hadoop.utils.Scheduler.lambda$schedule$1(Scheduler.java:68)
	at java.util.concurrent.Executors$RunnableAdapter.call(Executors.java:511)
	at java.util.concurrent.FutureTask.run(FutureTask.java:266)
	at java.util.concurrent.ScheduledThreadPoolExecutor$ScheduledFutureTask.access$201(ScheduledThreadPoolExecutor.java:180)
	at java.util.concurrent.ScheduledThreadPoolExecutor$ScheduledFutureTask.run(ScheduledThreadPoolExecutor.java:293)
	at java.util.concurrent.ThreadPoolExecutor.runWorker(ThreadPoolExecutor.java:1149)
	at java.util.concurrent.ThreadPoolExecutor$Worker.run(ThreadPoolExecutor.java:624)
	at java.lang.Thread.run(Thread.java:748)
2019-09-11 07:05:15,450 [grpc-default-executor-2] INFO  client.GrpcClientProtocolClient (GrpcClientProtocolClient.java:onNext(264)) - client-018CB4735F58->4bd4e05e-fa44-45f4-99bb-ac21c4078a41: receive RaftClientReply:client-018CB4735F58->4bd4e05e-fa44-45f4-99bb-ac21c4078a41@group-88289BCE3651, cid=142, FAILED org.apache.ratis.protocol.NotLeaderException: Server 4bd4e05e-fa44-45f4-99bb-ac21c4078a41@group-88289BCE3651 is not the leader 69a71f03-bd49-4dcf-a91a-b858634f7ca8:192.168.34.12:43469, logIndex=0, commits[4bd4e05e-fa44-45f4-99bb-ac21c4078a41:c6, 69a71f03-bd49-4dcf-a91a-b858634f7ca8:c6, 1a989eca-a026-4062-a574-e52a85f9a2a4:c4]
2019-09-11 07:05:15,463 [java.util.concurrent.ThreadPoolExecutor$Worker@5b781eac[State = -1, empty queue]] WARN  server.GrpcLogAppender (GrpcLogAppender.java:timeoutAppendRequest(200)) - 69a71f03-bd49-4dcf-a91a-b858634f7ca8@group-88289BCE3651->4bd4e05e-fa44-45f4-99bb-ac21c4078a41-GrpcLogAppender: appendEntries Timeout, request=69a71f03-bd49-4dcf-a91a-b858634f7ca8->4bd4e05e-fa44-45f4-99bb-ac21c4078a41#43-t1, previous=(t:1, i:12), leaderCommit=6, initializing? false, entries: <empty>
2019-09-11 07:05:15,463 [java.util.concurrent.ThreadPoolExecutor$Worker@16e6d60[State = -1, empty queue]] WARN  server.GrpcLogAppender (GrpcLogAppender.java:timeoutAppendRequest(200)) - 69a71f03-bd49-4dcf-a91a-b858634f7ca8@group-88289BCE3651->1a989eca-a026-4062-a574-e52a85f9a2a4-GrpcLogAppender: appendEntries Timeout, request=69a71f03-bd49-4dcf-a91a-b858634f7ca8->1a989eca-a026-4062-a574-e52a85f9a2a4#43-t1, previous=(t:1, i:12), leaderCommit=6, initializing? false, entries: <empty>
2019-09-11 07:05:16,333 [grpc-default-executor-4] INFO  impl.RaftServerProxy (RaftServerProxy.java:remove(95)) - 1a989eca-a026-4062-a574-e52a85f9a2a4: remove group-6779B489C9A8:null
2019-09-11 07:05:16,337 [RatisPipelineUtilsThread] WARN  pipeline.RatisPipelineUtils (RatisPipelineUtils.java:destroyPipeline(66)) - Pipeline destroy failed for pipeline=PipelineID=b5146873-3458-472b-a3c0-6779b489c9a8 dn=1a989eca-a026-4062-a574-e52a85f9a2a4{ip: 192.168.34.12, host: pr-hdds-2106-8t9qr-763259812, networkLocation: /default-rack, certSerialId: null}
2019-09-11 07:05:16,340 [grpc-default-executor-4] INFO  impl.RaftServerProxy (RaftServerProxy.java:remove(95)) - 4bd4e05e-fa44-45f4-99bb-ac21c4078a41: remove group-6779B489C9A8:null
2019-09-11 07:05:16,342 [RatisPipelineUtilsThread] WARN  pipeline.RatisPipelineUtils (RatisPipelineUtils.java:destroyPipeline(66)) - Pipeline destroy failed for pipeline=PipelineID=b5146873-3458-472b-a3c0-6779b489c9a8 dn=4bd4e05e-fa44-45f4-99bb-ac21c4078a41{ip: 192.168.34.12, host: pr-hdds-2106-8t9qr-763259812, networkLocation: /default-rack, certSerialId: null}
2019-09-11 07:05:16,345 [grpc-default-executor-4] INFO  impl.RaftServerProxy (RaftServerProxy.java:remove(95)) - 69a71f03-bd49-4dcf-a91a-b858634f7ca8: remove group-6779B489C9A8:null
2019-09-11 07:05:16,347 [RatisPipelineUtilsThread] WARN  pipeline.RatisPipelineUtils (RatisPipelineUtils.java:destroyPipeline(66)) - Pipeline destroy failed for pipeline=PipelineID=b5146873-3458-472b-a3c0-6779b489c9a8 dn=69a71f03-bd49-4dcf-a91a-b858634f7ca8{ip: 192.168.34.12, host: pr-hdds-2106-8t9qr-763259812, networkLocation: /default-rack, certSerialId: null}
2019-09-11 07:05:16,348 [RatisPipelineUtilsThread] ERROR pipeline.SCMPipelineManager (Scheduler.java:lambda$schedule$1(70)) - Destroy pipeline failed for pipeline:Pipeline[ Id: b5146873-3458-472b-a3c0-6779b489c9a8, Nodes: 1a989eca-a026-4062-a574-e52a85f9a2a4{ip: 192.168.34.12, host: pr-hdds-2106-8t9qr-763259812, networkLocation: /default-rack, certSerialId: null}4bd4e05e-fa44-45f4-99bb-ac21c4078a41{ip: 192.168.34.12, host: pr-hdds-2106-8t9qr-763259812, networkLocation: /default-rack, certSerialId: null}69a71f03-bd49-4dcf-a91a-b858634f7ca8{ip: 192.168.34.12, host: pr-hdds-2106-8t9qr-763259812, networkLocation: /default-rack, certSerialId: null}, Type:RATIS, Factor:THREE, State:CLOSED]
org.apache.hadoop.hdds.scm.pipeline.PipelineNotFoundException: PipelineID=b5146873-3458-472b-a3c0-6779b489c9a8 not found
	at org.apache.hadoop.hdds.scm.pipeline.PipelineStateMap.getPipeline(PipelineStateMap.java:132)
	at org.apache.hadoop.hdds.scm.pipeline.PipelineStateMap.removePipeline(PipelineStateMap.java:322)
	at org.apache.hadoop.hdds.scm.pipeline.PipelineStateManager.removePipeline(PipelineStateManager.java:107)
	at org.apache.hadoop.hdds.scm.pipeline.SCMPipelineManager.removePipeline(SCMPipelineManager.java:423)
	at org.apache.hadoop.hdds.scm.pipeline.SCMPipelineManager.destroyPipeline(SCMPipelineManager.java:409)
	at org.apache.hadoop.hdds.scm.pipeline.SCMPipelineManager.lambda$finalizeAndDestroyPipeline$0(SCMPipelineManager.java:318)
	at org.apache.hadoop.utils.Scheduler.lambda$schedule$1(Scheduler.java:68)
	at java.util.concurrent.Executors$RunnableAdapter.call(Executors.java:511)
	at java.util.concurrent.FutureTask.run(FutureTask.java:266)
	at java.util.concurrent.ScheduledThreadPoolExecutor$ScheduledFutureTask.access$201(ScheduledThreadPoolExecutor.java:180)
	at java.util.concurrent.ScheduledThreadPoolExecutor$ScheduledFutureTask.run(ScheduledThreadPoolExecutor.java:293)
	at java.util.concurrent.ThreadPoolExecutor.runWorker(ThreadPoolExecutor.java:1149)
	at java.util.concurrent.ThreadPoolExecutor$Worker.run(ThreadPoolExecutor.java:624)
	at java.lang.Thread.run(Thread.java:748)
2019-09-11 07:05:17,957 [java.util.concurrent.ThreadPoolExecutor$Worker@5b781eac[State = -1, empty queue]] WARN  server.GrpcLogAppender (GrpcLogAppender.java:timeoutAppendRequest(200)) - 69a71f03-bd49-4dcf-a91a-b858634f7ca8@group-88289BCE3651->4bd4e05e-fa44-45f4-99bb-ac21c4078a41-GrpcLogAppender: appendEntries Timeout, request=69a71f03-bd49-4dcf-a91a-b858634f7ca8->4bd4e05e-fa44-45f4-99bb-ac21c4078a41#44-t1, previous=(t:1, i:12), leaderCommit=6, initializing? false, entries: <empty>
2019-09-11 07:05:17,957 [java.util.concurrent.ThreadPoolExecutor$Worker@16e6d60[State = -1, empty queue]] WARN  server.GrpcLogAppender (GrpcLogAppender.java:timeoutAppendRequest(200)) - 69a71f03-bd49-4dcf-a91a-b858634f7ca8@group-88289BCE3651->1a989eca-a026-4062-a574-e52a85f9a2a4-GrpcLogAppender: appendEntries Timeout, request=69a71f03-bd49-4dcf-a91a-b858634f7ca8->1a989eca-a026-4062-a574-e52a85f9a2a4#44-t1, previous=(t:1, i:12), leaderCommit=6, initializing? false, entries: <empty>
2019-09-11 07:05:18,338 [grpc-default-executor-2] INFO  impl.RaftServerProxy (RaftServerProxy.java:remove(95)) - 1a989eca-a026-4062-a574-e52a85f9a2a4: remove group-6779B489C9A8:null
2019-09-11 07:05:18,342 [RatisPipelineUtilsThread] WARN  pipeline.RatisPipelineUtils (RatisPipelineUtils.java:destroyPipeline(66)) - Pipeline destroy failed for pipeline=PipelineID=b5146873-3458-472b-a3c0-6779b489c9a8 dn=1a989eca-a026-4062-a574-e52a85f9a2a4{ip: 192.168.34.12, host: pr-hdds-2106-8t9qr-763259812, networkLocation: /default-rack, certSerialId: null}
2019-09-11 07:05:18,344 [grpc-default-executor-2] INFO  impl.RaftServerProxy (RaftServerProxy.java:remove(95)) - 4bd4e05e-fa44-45f4-99bb-ac21c4078a41: remove group-6779B489C9A8:null
2019-09-11 07:05:18,346 [RatisPipelineUtilsThread] WARN  pipeline.RatisPipelineUtils (RatisPipelineUtils.java:destroyPipeline(66)) - Pipeline destroy failed for pipeline=PipelineID=b5146873-3458-472b-a3c0-6779b489c9a8 dn=4bd4e05e-fa44-45f4-99bb-ac21c4078a41{ip: 192.168.34.12, host: pr-hdds-2106-8t9qr-763259812, networkLocation: /default-rack, certSerialId: null}
2019-09-11 07:05:18,350 [grpc-default-executor-2] INFO  impl.RaftServerProxy (RaftServerProxy.java:remove(95)) - 69a71f03-bd49-4dcf-a91a-b858634f7ca8: remove group-6779B489C9A8:null
2019-09-11 07:05:18,352 [RatisPipelineUtilsThread] WARN  pipeline.RatisPipelineUtils (RatisPipelineUtils.java:destroyPipeline(66)) - Pipeline destroy failed for pipeline=PipelineID=b5146873-3458-472b-a3c0-6779b489c9a8 dn=69a71f03-bd49-4dcf-a91a-b858634f7ca8{ip: 192.168.34.12, host: pr-hdds-2106-8t9qr-763259812, networkLocation: /default-rack, certSerialId: null}
2019-09-11 07:05:18,352 [RatisPipelineUtilsThread] ERROR pipeline.SCMPipelineManager (Scheduler.java:lambda$schedule$1(70)) - Destroy pipeline failed for pipeline:Pipeline[ Id: b5146873-3458-472b-a3c0-6779b489c9a8, Nodes: 1a989eca-a026-4062-a574-e52a85f9a2a4{ip: 192.168.34.12, host: pr-hdds-2106-8t9qr-763259812, networkLocation: /default-rack, certSerialId: null}4bd4e05e-fa44-45f4-99bb-ac21c4078a41{ip: 192.168.34.12, host: pr-hdds-2106-8t9qr-763259812, networkLocation: /default-rack, certSerialId: null}69a71f03-bd49-4dcf-a91a-b858634f7ca8{ip: 192.168.34.12, host: pr-hdds-2106-8t9qr-763259812, networkLocation: /default-rack, certSerialId: null}, Type:RATIS, Factor:THREE, State:CLOSED]
org.apache.hadoop.hdds.scm.pipeline.PipelineNotFoundException: PipelineID=b5146873-3458-472b-a3c0-6779b489c9a8 not found
	at org.apache.hadoop.hdds.scm.pipeline.PipelineStateMap.getPipeline(PipelineStateMap.java:132)
	at org.apache.hadoop.hdds.scm.pipeline.PipelineStateMap.removePipeline(PipelineStateMap.java:322)
	at org.apache.hadoop.hdds.scm.pipeline.PipelineStateManager.removePipeline(PipelineStateManager.java:107)
	at org.apache.hadoop.hdds.scm.pipeline.SCMPipelineManager.removePipeline(SCMPipelineManager.java:423)
	at org.apache.hadoop.hdds.scm.pipeline.SCMPipelineManager.destroyPipeline(SCMPipelineManager.java:409)
	at org.apache.hadoop.hdds.scm.pipeline.SCMPipelineManager.lambda$finalizeAndDestroyPipeline$0(SCMPipelineManager.java:318)
	at org.apache.hadoop.utils.Scheduler.lambda$schedule$1(Scheduler.java:68)
	at java.util.concurrent.Executors$RunnableAdapter.call(Executors.java:511)
	at java.util.concurrent.FutureTask.run(FutureTask.java:266)
	at java.util.concurrent.ScheduledThreadPoolExecutor$ScheduledFutureTask.access$201(ScheduledThreadPoolExecutor.java:180)
	at java.util.concurrent.ScheduledThreadPoolExecutor$ScheduledFutureTask.run(ScheduledThreadPoolExecutor.java:293)
	at java.util.concurrent.ThreadPoolExecutor.runWorker(ThreadPoolExecutor.java:1149)
	at java.util.concurrent.ThreadPoolExecutor$Worker.run(ThreadPoolExecutor.java:624)
	at java.lang.Thread.run(Thread.java:748)
2019-09-11 07:05:20,055 [69a71f03-bd49-4dcf-a91a-b858634f7ca8@group-88289BCE3651-SegmentedRaftLogWorker] WARN  segmented.SegmentedRaftLogWorker (SegmentedRaftLogWorker.java:getFromFuture(90)) - Timeout 5/~
org.apache.ratis.protocol.TimeoutIOException: Timeout 10s: WriteLog:8: (t:1, i:8), STATEMACHINELOGENTRY, client-018CB4735F58, cid=143-writeStateMachineData
	at org.apache.ratis.util.IOUtils.getFromFuture(IOUtils.java:87)
	at org.apache.ratis.server.raftlog.segmented.SegmentedRaftLogWorker$StateMachineDataPolicy.getFromFuture(SegmentedRaftLogWorker.java:87)
	at org.apache.ratis.server.raftlog.segmented.SegmentedRaftLogWorker$WriteLog.execute(SegmentedRaftLogWorker.java:477)
	at org.apache.ratis.server.raftlog.segmented.SegmentedRaftLogWorker.run(SegmentedRaftLogWorker.java:289)
	at java.lang.Thread.run(Thread.java:748)
Caused by: java.util.concurrent.TimeoutException
	at java.util.concurrent.CompletableFuture.timedGet(CompletableFuture.java:1771)
	at java.util.concurrent.CompletableFuture.get(CompletableFuture.java:1915)
	at org.apache.ratis.util.IOUtils.getFromFuture(IOUtils.java:79)
	... 4 more
2019-09-11 07:05:20,055 [4bd4e05e-fa44-45f4-99bb-ac21c4078a41@group-88289BCE3651-SegmentedRaftLogWorker] WARN  segmented.SegmentedRaftLogWorker (SegmentedRaftLogWorker.java:getFromFuture(90)) - Timeout 5/~
org.apache.ratis.protocol.TimeoutIOException: Timeout 10s: WriteLog:10: (t:1, i:10), STATEMACHINELOGENTRY, client-018CB4735F58, cid=145-writeStateMachineData
	at org.apache.ratis.util.IOUtils.getFromFuture(IOUtils.java:87)
	at org.apache.ratis.server.raftlog.segmented.SegmentedRaftLogWorker$StateMachineDataPolicy.getFromFuture(SegmentedRaftLogWorker.java:87)
	at org.apache.ratis.server.raftlog.segmented.SegmentedRaftLogWorker$WriteLog.execute(SegmentedRaftLogWorker.java:477)
	at org.apache.ratis.server.raftlog.segmented.SegmentedRaftLogWorker.run(SegmentedRaftLogWorker.java:289)
	at java.lang.Thread.run(Thread.java:748)
Caused by: java.util.concurrent.TimeoutException
	at java.util.concurrent.CompletableFuture.timedGet(CompletableFuture.java:1771)
	at java.util.concurrent.CompletableFuture.get(CompletableFuture.java:1915)
	at org.apache.ratis.util.IOUtils.getFromFuture(IOUtils.java:79)
	... 4 more
2019-09-11 07:05:20,055 [1a989eca-a026-4062-a574-e52a85f9a2a4@group-88289BCE3651-SegmentedRaftLogWorker] WARN  segmented.SegmentedRaftLogWorker (SegmentedRaftLogWorker.java:getFromFuture(90)) - Timeout 5/~
org.apache.ratis.protocol.TimeoutIOException: Timeout 10s: WriteLog:8: (t:1, i:8), STATEMACHINELOGENTRY, client-018CB4735F58, cid=143-writeStateMachineData
	at org.apache.ratis.util.IOUtils.getFromFuture(IOUtils.java:87)
	at org.apache.ratis.server.raftlog.segmented.SegmentedRaftLogWorker$StateMachineDataPolicy.getFromFuture(SegmentedRaftLogWorker.java:87)
	at org.apache.ratis.server.raftlog.segmented.SegmentedRaftLogWorker$WriteLog.execute(SegmentedRaftLogWorker.java:477)
	at org.apache.ratis.server.raftlog.segmented.SegmentedRaftLogWorker.run(SegmentedRaftLogWorker.java:289)
	at java.lang.Thread.run(Thread.java:748)
Caused by: java.util.concurrent.TimeoutException
	at java.util.concurrent.CompletableFuture.timedGet(CompletableFuture.java:1771)
	at java.util.concurrent.CompletableFuture.get(CompletableFuture.java:1915)
	at org.apache.ratis.util.IOUtils.getFromFuture(IOUtils.java:79)
	... 4 more
2019-09-11 07:05:20,458 [java.util.concurrent.ThreadPoolExecutor$Worker@16e6d60[State = -1, empty queue]] WARN  server.GrpcLogAppender (GrpcLogAppender.java:timeoutAppendRequest(200)) - 69a71f03-bd49-4dcf-a91a-b858634f7ca8@group-88289BCE3651->1a989eca-a026-4062-a574-e52a85f9a2a4-GrpcLogAppender: appendEntries Timeout, request=69a71f03-bd49-4dcf-a91a-b858634f7ca8->1a989eca-a026-4062-a574-e52a85f9a2a4#45-t1, previous=(t:1, i:12), leaderCommit=6, initializing? false, entries: <empty>
2019-09-11 07:05:20,458 [java.util.concurrent.ThreadPoolExecutor$Worker@5b781eac[State = -1, empty queue]] WARN  server.GrpcLogAppender (GrpcLogAppender.java:timeoutAppendRequest(200)) - 69a71f03-bd49-4dcf-a91a-b858634f7ca8@group-88289BCE3651->4bd4e05e-fa44-45f4-99bb-ac21c4078a41-GrpcLogAppender: appendEntries Timeout, request=69a71f03-bd49-4dcf-a91a-b858634f7ca8->4bd4e05e-fa44-45f4-99bb-ac21c4078a41#45-t1, previous=(t:1, i:12), leaderCommit=6, initializing? false, entries: <empty>
2019-09-11 07:05:20,499 [grpc-default-executor-2] INFO  client.GrpcClientProtocolClient (GrpcClientProtocolClient.java:onNext(264)) - client-018CB4735F58->4bd4e05e-fa44-45f4-99bb-ac21c4078a41: receive RaftClientReply:client-018CB4735F58->4bd4e05e-fa44-45f4-99bb-ac21c4078a41@group-88289BCE3651, cid=142, FAILED org.apache.ratis.protocol.NotLeaderException: Server 4bd4e05e-fa44-45f4-99bb-ac21c4078a41@group-88289BCE3651 is not the leader 69a71f03-bd49-4dcf-a91a-b858634f7ca8:192.168.34.12:43469, logIndex=0, commits[4bd4e05e-fa44-45f4-99bb-ac21c4078a41:c6, 69a71f03-bd49-4dcf-a91a-b858634f7ca8:c6, 1a989eca-a026-4062-a574-e52a85f9a2a4:c4]
2019-09-11 07:05:21,334 [grpc-default-executor-2] INFO  impl.RaftServerProxy (RaftServerProxy.java:remove(95)) - 1a989eca-a026-4062-a574-e52a85f9a2a4: remove group-6779B489C9A8:null
2019-09-11 07:05:21,337 [RatisPipelineUtilsThread] WARN  pipeline.RatisPipelineUtils (RatisPipelineUtils.java:destroyPipeline(66)) - Pipeline destroy failed for pipeline=PipelineID=b5146873-3458-472b-a3c0-6779b489c9a8 dn=1a989eca-a026-4062-a574-e52a85f9a2a4{ip: 192.168.34.12, host: pr-hdds-2106-8t9qr-763259812, networkLocation: /default-rack, certSerialId: null}
2019-09-11 07:05:21,340 [grpc-default-executor-2] INFO  impl.RaftServerProxy (RaftServerProxy.java:remove(95)) - 4bd4e05e-fa44-45f4-99bb-ac21c4078a41: remove group-6779B489C9A8:null
2019-09-11 07:05:21,342 [RatisPipelineUtilsThread] WARN  pipeline.RatisPipelineUtils (RatisPipelineUtils.java:destroyPipeline(66)) - Pipeline destroy failed for pipeline=PipelineID=b5146873-3458-472b-a3c0-6779b489c9a8 dn=4bd4e05e-fa44-45f4-99bb-ac21c4078a41{ip: 192.168.34.12, host: pr-hdds-2106-8t9qr-763259812, networkLocation: /default-rack, certSerialId: null}
2019-09-11 07:05:21,344 [grpc-default-executor-2] INFO  impl.RaftServerProxy (RaftServerProxy.java:remove(95)) - 69a71f03-bd49-4dcf-a91a-b858634f7ca8: remove group-6779B489C9A8:null
2019-09-11 07:05:21,346 [RatisPipelineUtilsThread] WARN  pipeline.RatisPipelineUtils (RatisPipelineUtils.java:destroyPipeline(66)) - Pipeline destroy failed for pipeline=PipelineID=b5146873-3458-472b-a3c0-6779b489c9a8 dn=69a71f03-bd49-4dcf-a91a-b858634f7ca8{ip: 192.168.34.12, host: pr-hdds-2106-8t9qr-763259812, networkLocation: /default-rack, certSerialId: null}
2019-09-11 07:05:21,347 [RatisPipelineUtilsThread] ERROR pipeline.SCMPipelineManager (Scheduler.java:lambda$schedule$1(70)) - Destroy pipeline failed for pipeline:Pipeline[ Id: b5146873-3458-472b-a3c0-6779b489c9a8, Nodes: 1a989eca-a026-4062-a574-e52a85f9a2a4{ip: 192.168.34.12, host: pr-hdds-2106-8t9qr-763259812, networkLocation: /default-rack, certSerialId: null}4bd4e05e-fa44-45f4-99bb-ac21c4078a41{ip: 192.168.34.12, host: pr-hdds-2106-8t9qr-763259812, networkLocation: /default-rack, certSerialId: null}69a71f03-bd49-4dcf-a91a-b858634f7ca8{ip: 192.168.34.12, host: pr-hdds-2106-8t9qr-763259812, networkLocation: /default-rack, certSerialId: null}, Type:RATIS, Factor:THREE, State:CLOSED]
org.apache.hadoop.hdds.scm.pipeline.PipelineNotFoundException: PipelineID=b5146873-3458-472b-a3c0-6779b489c9a8 not found
	at org.apache.hadoop.hdds.scm.pipeline.PipelineStateMap.getPipeline(PipelineStateMap.java:132)
	at org.apache.hadoop.hdds.scm.pipeline.PipelineStateMap.removePipeline(PipelineStateMap.java:322)
	at org.apache.hadoop.hdds.scm.pipeline.PipelineStateManager.removePipeline(PipelineStateManager.java:107)
	at org.apache.hadoop.hdds.scm.pipeline.SCMPipelineManager.removePipeline(SCMPipelineManager.java:423)
	at org.apache.hadoop.hdds.scm.pipeline.SCMPipelineManager.destroyPipeline(SCMPipelineManager.java:409)
	at org.apache.hadoop.hdds.scm.pipeline.SCMPipelineManager.lambda$finalizeAndDestroyPipeline$0(SCMPipelineManager.java:318)
	at org.apache.hadoop.utils.Scheduler.lambda$schedule$1(Scheduler.java:68)
	at java.util.concurrent.Executors$RunnableAdapter.call(Executors.java:511)
	at java.util.concurrent.FutureTask.run(FutureTask.java:266)
	at java.util.concurrent.ScheduledThreadPoolExecutor$ScheduledFutureTask.access$201(ScheduledThreadPoolExecutor.java:180)
	at java.util.concurrent.ScheduledThreadPoolExecutor$ScheduledFutureTask.run(ScheduledThreadPoolExecutor.java:293)
	at java.util.concurrent.ThreadPoolExecutor.runWorker(ThreadPoolExecutor.java:1149)
	at java.util.concurrent.ThreadPoolExecutor$Worker.run(ThreadPoolExecutor.java:624)
	at java.lang.Thread.run(Thread.java:748)
2019-09-11 07:05:22,958 [java.util.concurrent.ThreadPoolExecutor$Worker@5b781eac[State = -1, empty queue]] WARN  server.GrpcLogAppender (GrpcLogAppender.java:timeoutAppendRequest(200)) - 69a71f03-bd49-4dcf-a91a-b858634f7ca8@group-88289BCE3651->4bd4e05e-fa44-45f4-99bb-ac21c4078a41-GrpcLogAppender: appendEntries Timeout, request=69a71f03-bd49-4dcf-a91a-b858634f7ca8->4bd4e05e-fa44-45f4-99bb-ac21c4078a41#46-t1, previous=(t:1, i:12), leaderCommit=6, initializing? false, entries: <empty>
2019-09-11 07:05:22,958 [java.util.concurrent.ThreadPoolExecutor$Worker@16e6d60[State = -1, empty queue]] WARN  server.GrpcLogAppender (GrpcLogAppender.java:timeoutAppendRequest(200)) - 69a71f03-bd49-4dcf-a91a-b858634f7ca8@group-88289BCE3651->1a989eca-a026-4062-a574-e52a85f9a2a4-GrpcLogAppender: appendEntries Timeout, request=69a71f03-bd49-4dcf-a91a-b858634f7ca8->1a989eca-a026-4062-a574-e52a85f9a2a4#46-t1, previous=(t:1, i:12), leaderCommit=6, initializing? false, entries: <empty>
2019-09-11 07:05:23,338 [grpc-default-executor-2] INFO  impl.RaftServerProxy (RaftServerProxy.java:remove(95)) - 1a989eca-a026-4062-a574-e52a85f9a2a4: remove group-6779B489C9A8:null
2019-09-11 07:05:23,342 [RatisPipelineUtilsThread] WARN  pipeline.RatisPipelineUtils (RatisPipelineUtils.java:destroyPipeline(66)) - Pipeline destroy failed for pipeline=PipelineID=b5146873-3458-472b-a3c0-6779b489c9a8 dn=1a989eca-a026-4062-a574-e52a85f9a2a4{ip: 192.168.34.12, host: pr-hdds-2106-8t9qr-763259812, networkLocation: /default-rack, certSerialId: null}
2019-09-11 07:05:23,345 [grpc-default-executor-2] INFO  impl.RaftServerProxy (RaftServerProxy.java:remove(95)) - 4bd4e05e-fa44-45f4-99bb-ac21c4078a41: remove group-6779B489C9A8:null
2019-09-11 07:05:23,347 [RatisPipelineUtilsThread] WARN  pipeline.RatisPipelineUtils (RatisPipelineUtils.java:destroyPipeline(66)) - Pipeline destroy failed for pipeline=PipelineID=b5146873-3458-472b-a3c0-6779b489c9a8 dn=4bd4e05e-fa44-45f4-99bb-ac21c4078a41{ip: 192.168.34.12, host: pr-hdds-2106-8t9qr-763259812, networkLocation: /default-rack, certSerialId: null}
2019-09-11 07:05:23,349 [grpc-default-executor-2] INFO  impl.RaftServerProxy (RaftServerProxy.java:remove(95)) - 69a71f03-bd49-4dcf-a91a-b858634f7ca8: remove group-6779B489C9A8:null
2019-09-11 07:05:23,351 [RatisPipelineUtilsThread] WARN  pipeline.RatisPipelineUtils (RatisPipelineUtils.java:destroyPipeline(66)) - Pipeline destroy failed for pipeline=PipelineID=b5146873-3458-472b-a3c0-6779b489c9a8 dn=69a71f03-bd49-4dcf-a91a-b858634f7ca8{ip: 192.168.34.12, host: pr-hdds-2106-8t9qr-763259812, networkLocation: /default-rack, certSerialId: null}
2019-09-11 07:05:23,352 [RatisPipelineUtilsThread] ERROR pipeline.SCMPipelineManager (Scheduler.java:lambda$schedule$1(70)) - Destroy pipeline failed for pipeline:Pipeline[ Id: b5146873-3458-472b-a3c0-6779b489c9a8, Nodes: 1a989eca-a026-4062-a574-e52a85f9a2a4{ip: 192.168.34.12, host: pr-hdds-2106-8t9qr-763259812, networkLocation: /default-rack, certSerialId: null}4bd4e05e-fa44-45f4-99bb-ac21c4078a41{ip: 192.168.34.12, host: pr-hdds-2106-8t9qr-763259812, networkLocation: /default-rack, certSerialId: null}69a71f03-bd49-4dcf-a91a-b858634f7ca8{ip: 192.168.34.12, host: pr-hdds-2106-8t9qr-763259812, networkLocation: /default-rack, certSerialId: null}, Type:RATIS, Factor:THREE, State:CLOSED]
org.apache.hadoop.hdds.scm.pipeline.PipelineNotFoundException: PipelineID=b5146873-3458-472b-a3c0-6779b489c9a8 not found
	at org.apache.hadoop.hdds.scm.pipeline.PipelineStateMap.getPipeline(PipelineStateMap.java:132)
	at org.apache.hadoop.hdds.scm.pipeline.PipelineStateMap.removePipeline(PipelineStateMap.java:322)
	at org.apache.hadoop.hdds.scm.pipeline.PipelineStateManager.removePipeline(PipelineStateManager.java:107)
	at org.apache.hadoop.hdds.scm.pipeline.SCMPipelineManager.removePipeline(SCMPipelineManager.java:423)
	at org.apache.hadoop.hdds.scm.pipeline.SCMPipelineManager.destroyPipeline(SCMPipelineManager.java:409)
	at org.apache.hadoop.hdds.scm.pipeline.SCMPipelineManager.lambda$finalizeAndDestroyPipeline$0(SCMPipelineManager.java:318)
	at org.apache.hadoop.utils.Scheduler.lambda$schedule$1(Scheduler.java:68)
	at java.util.concurrent.Executors$RunnableAdapter.call(Executors.java:511)
	at java.util.concurrent.FutureTask.run(FutureTask.java:266)
	at java.util.concurrent.ScheduledThreadPoolExecutor$ScheduledFutureTask.access$201(ScheduledThreadPoolExecutor.java:180)
	at java.util.concurrent.ScheduledThreadPoolExecutor$ScheduledFutureTask.run(ScheduledThreadPoolExecutor.java:293)
	at java.util.concurrent.ThreadPoolExecutor.runWorker(ThreadPoolExecutor.java:1149)
	at java.util.concurrent.ThreadPoolExecutor$Worker.run(ThreadPoolExecutor.java:624)
	at java.lang.Thread.run(Thread.java:748)
2019-09-11 07:05:24,343 [grpc-default-executor-2] INFO  impl.RaftServerProxy (RaftServerProxy.java:remove(95)) - 1a989eca-a026-4062-a574-e52a85f9a2a4: remove group-6779B489C9A8:null
2019-09-11 07:05:24,346 [RatisPipelineUtilsThread] WARN  pipeline.RatisPipelineUtils (RatisPipelineUtils.java:destroyPipeline(66)) - Pipeline destroy failed for pipeline=PipelineID=b5146873-3458-472b-a3c0-6779b489c9a8 dn=1a989eca-a026-4062-a574-e52a85f9a2a4{ip: 192.168.34.12, host: pr-hdds-2106-8t9qr-763259812, networkLocation: /default-rack, certSerialId: null}
2019-09-11 07:05:24,348 [grpc-default-executor-2] INFO  impl.RaftServerProxy (RaftServerProxy.java:remove(95)) - 4bd4e05e-fa44-45f4-99bb-ac21c4078a41: remove group-6779B489C9A8:null
2019-09-11 07:05:24,351 [RatisPipelineUtilsThread] WARN  pipeline.RatisPipelineUtils (RatisPipelineUtils.java:destroyPipeline(66)) - Pipeline destroy failed for pipeline=PipelineID=b5146873-3458-472b-a3c0-6779b489c9a8 dn=4bd4e05e-fa44-45f4-99bb-ac21c4078a41{ip: 192.168.34.12, host: pr-hdds-2106-8t9qr-763259812, networkLocation: /default-rack, certSerialId: null}
2019-09-11 07:05:24,353 [grpc-default-executor-2] INFO  impl.RaftServerProxy (RaftServerProxy.java:remove(95)) - 69a71f03-bd49-4dcf-a91a-b858634f7ca8: remove group-6779B489C9A8:null
2019-09-11 07:05:24,355 [RatisPipelineUtilsThread] WARN  pipeline.RatisPipelineUtils (RatisPipelineUtils.java:destroyPipeline(66)) - Pipeline destroy failed for pipeline=PipelineID=b5146873-3458-472b-a3c0-6779b489c9a8 dn=69a71f03-bd49-4dcf-a91a-b858634f7ca8{ip: 192.168.34.12, host: pr-hdds-2106-8t9qr-763259812, networkLocation: /default-rack, certSerialId: null}
2019-09-11 07:05:24,355 [RatisPipelineUtilsThread] ERROR pipeline.SCMPipelineManager (Scheduler.java:lambda$schedule$1(70)) - Destroy pipeline failed for pipeline:Pipeline[ Id: b5146873-3458-472b-a3c0-6779b489c9a8, Nodes: 1a989eca-a026-4062-a574-e52a85f9a2a4{ip: 192.168.34.12, host: pr-hdds-2106-8t9qr-763259812, networkLocation: /default-rack, certSerialId: null}4bd4e05e-fa44-45f4-99bb-ac21c4078a41{ip: 192.168.34.12, host: pr-hdds-2106-8t9qr-763259812, networkLocation: /default-rack, certSerialId: null}69a71f03-bd49-4dcf-a91a-b858634f7ca8{ip: 192.168.34.12, host: pr-hdds-2106-8t9qr-763259812, networkLocation: /default-rack, certSerialId: null}, Type:RATIS, Factor:THREE, State:CLOSED]
org.apache.hadoop.hdds.scm.pipeline.PipelineNotFoundException: PipelineID=b5146873-3458-472b-a3c0-6779b489c9a8 not found
	at org.apache.hadoop.hdds.scm.pipeline.PipelineStateMap.getPipeline(PipelineStateMap.java:132)
	at org.apache.hadoop.hdds.scm.pipeline.PipelineStateMap.removePipeline(PipelineStateMap.java:322)
	at org.apache.hadoop.hdds.scm.pipeline.PipelineStateManager.removePipeline(PipelineStateManager.java:107)
	at org.apache.hadoop.hdds.scm.pipeline.SCMPipelineManager.removePipeline(SCMPipelineManager.java:423)
	at org.apache.hadoop.hdds.scm.pipeline.SCMPipelineManager.destroyPipeline(SCMPipelineManager.java:409)
	at org.apache.hadoop.hdds.scm.pipeline.SCMPipelineManager.lambda$finalizeAndDestroyPipeline$0(SCMPipelineManager.java:318)
	at org.apache.hadoop.utils.Scheduler.lambda$schedule$1(Scheduler.java:68)
	at java.util.concurrent.Executors$RunnableAdapter.call(Executors.java:511)
	at java.util.concurrent.FutureTask.run(FutureTask.java:266)
	at java.util.concurrent.ScheduledThreadPoolExecutor$ScheduledFutureTask.access$201(ScheduledThreadPoolExecutor.java:180)
	at java.util.concurrent.ScheduledThreadPoolExecutor$ScheduledFutureTask.run(ScheduledThreadPoolExecutor.java:293)
	at java.util.concurrent.ThreadPoolExecutor.runWorker(ThreadPoolExecutor.java:1149)
	at java.util.concurrent.ThreadPoolExecutor$Worker.run(ThreadPoolExecutor.java:624)
	at java.lang.Thread.run(Thread.java:748)
2019-09-11 07:05:24,478 [grpc-default-executor-2] INFO  impl.RaftServerProxy (RaftServerProxy.java:remove(95)) - 1a989eca-a026-4062-a574-e52a85f9a2a4: remove group-6779B489C9A8:null
2019-09-11 07:05:24,480 [RatisPipelineUtilsThread] WARN  pipeline.RatisPipelineUtils (RatisPipelineUtils.java:destroyPipeline(66)) - Pipeline destroy failed for pipeline=PipelineID=b5146873-3458-472b-a3c0-6779b489c9a8 dn=1a989eca-a026-4062-a574-e52a85f9a2a4{ip: 192.168.34.12, host: pr-hdds-2106-8t9qr-763259812, networkLocation: /default-rack, certSerialId: null}
2019-09-11 07:05:24,483 [grpc-default-executor-2] INFO  impl.RaftServerProxy (RaftServerProxy.java:remove(95)) - 4bd4e05e-fa44-45f4-99bb-ac21c4078a41: remove group-6779B489C9A8:null
2019-09-11 07:05:24,485 [RatisPipelineUtilsThread] WARN  pipeline.RatisPipelineUtils (RatisPipelineUtils.java:destroyPipeline(66)) - Pipeline destroy failed for pipeline=PipelineID=b5146873-3458-472b-a3c0-6779b489c9a8 dn=4bd4e05e-fa44-45f4-99bb-ac21c4078a41{ip: 192.168.34.12, host: pr-hdds-2106-8t9qr-763259812, networkLocation: /default-rack, certSerialId: null}
2019-09-11 07:05:24,487 [grpc-default-executor-2] INFO  impl.RaftServerProxy (RaftServerProxy.java:remove(95)) - 69a71f03-bd49-4dcf-a91a-b858634f7ca8: remove group-6779B489C9A8:null
2019-09-11 07:05:24,489 [RatisPipelineUtilsThread] WARN  pipeline.RatisPipelineUtils (RatisPipelineUtils.java:destroyPipeline(66)) - Pipeline destroy failed for pipeline=PipelineID=b5146873-3458-472b-a3c0-6779b489c9a8 dn=69a71f03-bd49-4dcf-a91a-b858634f7ca8{ip: 192.168.34.12, host: pr-hdds-2106-8t9qr-763259812, networkLocation: /default-rack, certSerialId: null}
2019-09-11 07:05:24,490 [RatisPipelineUtilsThread] ERROR pipeline.SCMPipelineManager (Scheduler.java:lambda$schedule$1(70)) - Destroy pipeline failed for pipeline:Pipeline[ Id: b5146873-3458-472b-a3c0-6779b489c9a8, Nodes: 1a989eca-a026-4062-a574-e52a85f9a2a4{ip: 192.168.34.12, host: pr-hdds-2106-8t9qr-763259812, networkLocation: /default-rack, certSerialId: null}4bd4e05e-fa44-45f4-99bb-ac21c4078a41{ip: 192.168.34.12, host: pr-hdds-2106-8t9qr-763259812, networkLocation: /default-rack, certSerialId: null}69a71f03-bd49-4dcf-a91a-b858634f7ca8{ip: 192.168.34.12, host: pr-hdds-2106-8t9qr-763259812, networkLocation: /default-rack, certSerialId: null}, Type:RATIS, Factor:THREE, State:CLOSED]
org.apache.hadoop.hdds.scm.pipeline.PipelineNotFoundException: PipelineID=b5146873-3458-472b-a3c0-6779b489c9a8 not found
	at org.apache.hadoop.hdds.scm.pipeline.PipelineStateMap.getPipeline(PipelineStateMap.java:132)
	at org.apache.hadoop.hdds.scm.pipeline.PipelineStateMap.removePipeline(PipelineStateMap.java:322)
	at org.apache.hadoop.hdds.scm.pipeline.PipelineStateManager.removePipeline(PipelineStateManager.java:107)
	at org.apache.hadoop.hdds.scm.pipeline.SCMPipelineManager.removePipeline(SCMPipelineManager.java:423)
	at org.apache.hadoop.hdds.scm.pipeline.SCMPipelineManager.destroyPipeline(SCMPipelineManager.java:409)
	at org.apache.hadoop.hdds.scm.pipeline.SCMPipelineManager.lambda$finalizeAndDestroyPipeline$0(SCMPipelineManager.java:318)
	at org.apache.hadoop.utils.Scheduler.lambda$schedule$1(Scheduler.java:68)
	at java.util.concurrent.Executors$RunnableAdapter.call(Executors.java:511)
	at java.util.concurrent.FutureTask.run(FutureTask.java:266)
	at java.util.concurrent.ScheduledThreadPoolExecutor$ScheduledFutureTask.access$201(ScheduledThreadPoolExecutor.java:180)
	at java.util.concurrent.ScheduledThreadPoolExecutor$ScheduledFutureTask.run(ScheduledThreadPoolExecutor.java:293)
	at java.util.concurrent.ThreadPoolExecutor.runWorker(ThreadPoolExecutor.java:1149)
	at java.util.concurrent.ThreadPoolExecutor$Worker.run(ThreadPoolExecutor.java:624)
	at java.lang.Thread.run(Thread.java:748)
2019-09-11 07:05:24,588 [grpc-default-executor-2] INFO  impl.RaftServerProxy (RaftServerProxy.java:remove(95)) - 1a989eca-a026-4062-a574-e52a85f9a2a4: remove group-6779B489C9A8:null
2019-09-11 07:05:24,601 [RatisPipelineUtilsThread] WARN  pipeline.RatisPipelineUtils (RatisPipelineUtils.java:destroyPipeline(66)) - Pipeline destroy failed for pipeline=PipelineID=b5146873-3458-472b-a3c0-6779b489c9a8 dn=1a989eca-a026-4062-a574-e52a85f9a2a4{ip: 192.168.34.12, host: pr-hdds-2106-8t9qr-763259812, networkLocation: /default-rack, certSerialId: null}
2019-09-11 07:05:24,604 [grpc-default-executor-2] INFO  impl.RaftServerProxy (RaftServerProxy.java:remove(95)) - 4bd4e05e-fa44-45f4-99bb-ac21c4078a41: remove group-6779B489C9A8:null
2019-09-11 07:05:24,620 [RatisPipelineUtilsThread] WARN  pipeline.RatisPipelineUtils (RatisPipelineUtils.java:destroyPipeline(66)) - Pipeline destroy failed for pipeline=PipelineID=b5146873-3458-472b-a3c0-6779b489c9a8 dn=4bd4e05e-fa44-45f4-99bb-ac21c4078a41{ip: 192.168.34.12, host: pr-hdds-2106-8t9qr-763259812, networkLocation: /default-rack, certSerialId: null}
2019-09-11 07:05:24,623 [grpc-default-executor-2] INFO  impl.RaftServerProxy (RaftServerProxy.java:remove(95)) - 69a71f03-bd49-4dcf-a91a-b858634f7ca8: remove group-6779B489C9A8:null
2019-09-11 07:05:24,637 [RatisPipelineUtilsThread] WARN  pipeline.RatisPipelineUtils (RatisPipelineUtils.java:destroyPipeline(66)) - Pipeline destroy failed for pipeline=PipelineID=b5146873-3458-472b-a3c0-6779b489c9a8 dn=69a71f03-bd49-4dcf-a91a-b858634f7ca8{ip: 192.168.34.12, host: pr-hdds-2106-8t9qr-763259812, networkLocation: /default-rack, certSerialId: null}
2019-09-11 07:05:24,638 [RatisPipelineUtilsThread] ERROR pipeline.SCMPipelineManager (Scheduler.java:lambda$schedule$1(70)) - Destroy pipeline failed for pipeline:Pipeline[ Id: b5146873-3458-472b-a3c0-6779b489c9a8, Nodes: 1a989eca-a026-4062-a574-e52a85f9a2a4{ip: 192.168.34.12, host: pr-hdds-2106-8t9qr-763259812, networkLocation: /default-rack, certSerialId: null}4bd4e05e-fa44-45f4-99bb-ac21c4078a41{ip: 192.168.34.12, host: pr-hdds-2106-8t9qr-763259812, networkLocation: /default-rack, certSerialId: null}69a71f03-bd49-4dcf-a91a-b858634f7ca8{ip: 192.168.34.12, host: pr-hdds-2106-8t9qr-763259812, networkLocation: /default-rack, certSerialId: null}, Type:RATIS, Factor:THREE, State:CLOSED]
org.apache.hadoop.hdds.scm.pipeline.PipelineNotFoundException: PipelineID=b5146873-3458-472b-a3c0-6779b489c9a8 not found
	at org.apache.hadoop.hdds.scm.pipeline.PipelineStateMap.getPipeline(PipelineStateMap.java:132)
	at org.apache.hadoop.hdds.scm.pipeline.PipelineStateMap.removePipeline(PipelineStateMap.java:322)
	at org.apache.hadoop.hdds.scm.pipeline.PipelineStateManager.removePipeline(PipelineStateManager.java:107)
	at org.apache.hadoop.hdds.scm.pipeline.SCMPipelineManager.removePipeline(SCMPipelineManager.java:423)
	at org.apache.hadoop.hdds.scm.pipeline.SCMPipelineManager.destroyPipeline(SCMPipelineManager.java:409)
	at org.apache.hadoop.hdds.scm.pipeline.SCMPipelineManager.lambda$finalizeAndDestroyPipeline$0(SCMPipelineManager.java:318)
	at org.apache.hadoop.utils.Scheduler.lambda$schedule$1(Scheduler.java:68)
	at java.util.concurrent.Executors$RunnableAdapter.call(Executors.java:511)
	at java.util.concurrent.FutureTask.run(FutureTask.java:266)
	at java.util.concurrent.ScheduledThreadPoolExecutor$ScheduledFutureTask.access$201(ScheduledThreadPoolExecutor.java:180)
	at java.util.concurrent.ScheduledThreadPoolExecutor$ScheduledFutureTask.run(ScheduledThreadPoolExecutor.java:293)
	at java.util.concurrent.ThreadPoolExecutor.runWorker(ThreadPoolExecutor.java:1149)
	at java.util.concurrent.ThreadPoolExecutor$Worker.run(ThreadPoolExecutor.java:624)
	at java.lang.Thread.run(Thread.java:748)
2019-09-11 07:05:25,458 [java.util.concurrent.ThreadPoolExecutor$Worker@16e6d60[State = -1, empty queue]] WARN  server.GrpcLogAppender (GrpcLogAppender.java:timeoutAppendRequest(200)) - 69a71f03-bd49-4dcf-a91a-b858634f7ca8@group-88289BCE3651->1a989eca-a026-4062-a574-e52a85f9a2a4-GrpcLogAppender: appendEntries Timeout, request=69a71f03-bd49-4dcf-a91a-b858634f7ca8->1a989eca-a026-4062-a574-e52a85f9a2a4#47-t1, previous=(t:1, i:12), leaderCommit=6, initializing? false, entries: <empty>
2019-09-11 07:05:25,458 [java.util.concurrent.ThreadPoolExecutor$Worker@5b781eac[State = -1, empty queue]] WARN  server.GrpcLogAppender (GrpcLogAppender.java:timeoutAppendRequest(200)) - 69a71f03-bd49-4dcf-a91a-b858634f7ca8@group-88289BCE3651->4bd4e05e-fa44-45f4-99bb-ac21c4078a41-GrpcLogAppender: appendEntries Timeout, request=69a71f03-bd49-4dcf-a91a-b858634f7ca8->4bd4e05e-fa44-45f4-99bb-ac21c4078a41#47-t1, previous=(t:1, i:12), leaderCommit=6, initializing? false, entries: <empty>
2019-09-11 07:05:25,543 [grpc-default-executor-2] INFO  client.GrpcClientProtocolClient (GrpcClientProtocolClient.java:onNext(264)) - client-018CB4735F58->1a989eca-a026-4062-a574-e52a85f9a2a4: receive RaftClientReply:client-018CB4735F58->1a989eca-a026-4062-a574-e52a85f9a2a4@group-88289BCE3651, cid=142, FAILED org.apache.ratis.protocol.NotLeaderException: Server 1a989eca-a026-4062-a574-e52a85f9a2a4@group-88289BCE3651 is not the leader 69a71f03-bd49-4dcf-a91a-b858634f7ca8:192.168.34.12:43469, logIndex=0, commits[1a989eca-a026-4062-a574-e52a85f9a2a4:c6, 69a71f03-bd49-4dcf-a91a-b858634f7ca8:c6, 4bd4e05e-fa44-45f4-99bb-ac21c4078a41:c4]
2019-09-11 07:05:27,959 [java.util.concurrent.ThreadPoolExecutor$Worker@16e6d60[State = -1, empty queue]] WARN  server.GrpcLogAppender (GrpcLogAppender.java:timeoutAppendRequest(200)) - 69a71f03-bd49-4dcf-a91a-b858634f7ca8@group-88289BCE3651->1a989eca-a026-4062-a574-e52a85f9a2a4-GrpcLogAppender: appendEntries Timeout, request=69a71f03-bd49-4dcf-a91a-b858634f7ca8->1a989eca-a026-4062-a574-e52a85f9a2a4#48-t1, previous=(t:1, i:12), leaderCommit=6, initializing? false, entries: <empty>
2019-09-11 07:05:27,959 [java.util.concurrent.ThreadPoolExecutor$Worker@5b781eac[State = -1, empty queue]] WARN  server.GrpcLogAppender (GrpcLogAppender.java:timeoutAppendRequest(200)) - 69a71f03-bd49-4dcf-a91a-b858634f7ca8@group-88289BCE3651->4bd4e05e-fa44-45f4-99bb-ac21c4078a41-GrpcLogAppender: appendEntries Timeout, request=69a71f03-bd49-4dcf-a91a-b858634f7ca8->4bd4e05e-fa44-45f4-99bb-ac21c4078a41#48-t1, previous=(t:1, i:12), leaderCommit=6, initializing? false, entries: <empty>
2019-09-11 07:05:30,056 [69a71f03-bd49-4dcf-a91a-b858634f7ca8@group-88289BCE3651-SegmentedRaftLogWorker] WARN  segmented.SegmentedRaftLogWorker (SegmentedRaftLogWorker.java:getFromFuture(90)) - Timeout 6/~
org.apache.ratis.protocol.TimeoutIOException: Timeout 10s: WriteLog:8: (t:1, i:8), STATEMACHINELOGENTRY, client-018CB4735F58, cid=143-writeStateMachineData
	at org.apache.ratis.util.IOUtils.getFromFuture(IOUtils.java:87)
	at org.apache.ratis.server.raftlog.segmented.SegmentedRaftLogWorker$StateMachineDataPolicy.getFromFuture(SegmentedRaftLogWorker.java:87)
	at org.apache.ratis.server.raftlog.segmented.SegmentedRaftLogWorker$WriteLog.execute(SegmentedRaftLogWorker.java:477)
	at org.apache.ratis.server.raftlog.segmented.SegmentedRaftLogWorker.run(SegmentedRaftLogWorker.java:289)
	at java.lang.Thread.run(Thread.java:748)
Caused by: java.util.concurrent.TimeoutException
	at java.util.concurrent.CompletableFuture.timedGet(CompletableFuture.java:1771)
	at java.util.concurrent.CompletableFuture.get(CompletableFuture.java:1915)
	at org.apache.ratis.util.IOUtils.getFromFuture(IOUtils.java:79)
	... 4 more
2019-09-11 07:05:30,057 [1a989eca-a026-4062-a574-e52a85f9a2a4@group-88289BCE3651-SegmentedRaftLogWorker] WARN  segmented.SegmentedRaftLogWorker (SegmentedRaftLogWorker.java:getFromFuture(90)) - Timeout 6/~
org.apache.ratis.protocol.TimeoutIOException: Timeout 10s: WriteLog:8: (t:1, i:8), STATEMACHINELOGENTRY, client-018CB4735F58, cid=143-writeStateMachineData
	at org.apache.ratis.util.IOUtils.getFromFuture(IOUtils.java:87)
	at org.apache.ratis.server.raftlog.segmented.SegmentedRaftLogWorker$StateMachineDataPolicy.getFromFuture(SegmentedRaftLogWorker.java:87)
	at org.apache.ratis.server.raftlog.segmented.SegmentedRaftLogWorker$WriteLog.execute(SegmentedRaftLogWorker.java:477)
	at org.apache.ratis.server.raftlog.segmented.SegmentedRaftLogWorker.run(SegmentedRaftLogWorker.java:289)
	at java.lang.Thread.run(Thread.java:748)
Caused by: java.util.concurrent.TimeoutException
	at java.util.concurrent.CompletableFuture.timedGet(CompletableFuture.java:1771)
	at java.util.concurrent.CompletableFuture.get(CompletableFuture.java:1915)
	at org.apache.ratis.util.IOUtils.getFromFuture(IOUtils.java:79)
	... 4 more
2019-09-11 07:05:30,058 [4bd4e05e-fa44-45f4-99bb-ac21c4078a41@group-88289BCE3651-SegmentedRaftLogWorker] WARN  segmented.SegmentedRaftLogWorker (SegmentedRaftLogWorker.java:getFromFuture(90)) - Timeout 6/~
org.apache.ratis.protocol.TimeoutIOException: Timeout 10s: WriteLog:10: (t:1, i:10), STATEMACHINELOGENTRY, client-018CB4735F58, cid=145-writeStateMachineData
	at org.apache.ratis.util.IOUtils.getFromFuture(IOUtils.java:87)
	at org.apache.ratis.server.raftlog.segmented.SegmentedRaftLogWorker$StateMachineDataPolicy.getFromFuture(SegmentedRaftLogWorker.java:87)
	at org.apache.ratis.server.raftlog.segmented.SegmentedRaftLogWorker$WriteLog.execute(SegmentedRaftLogWorker.java:477)
	at org.apache.ratis.server.raftlog.segmented.SegmentedRaftLogWorker.run(SegmentedRaftLogWorker.java:289)
	at java.lang.Thread.run(Thread.java:748)
Caused by: java.util.concurrent.TimeoutException
	at java.util.concurrent.CompletableFuture.timedGet(CompletableFuture.java:1771)
	at java.util.concurrent.CompletableFuture.get(CompletableFuture.java:1915)
	at org.apache.ratis.util.IOUtils.getFromFuture(IOUtils.java:79)
	... 4 more
2019-09-11 07:05:30,459 [java.util.concurrent.ThreadPoolExecutor$Worker@16e6d60[State = -1, empty queue]] WARN  server.GrpcLogAppender (GrpcLogAppender.java:timeoutAppendRequest(200)) - 69a71f03-bd49-4dcf-a91a-b858634f7ca8@group-88289BCE3651->1a989eca-a026-4062-a574-e52a85f9a2a4-GrpcLogAppender: appendEntries Timeout, request=69a71f03-bd49-4dcf-a91a-b858634f7ca8->1a989eca-a026-4062-a574-e52a85f9a2a4#49-t1, previous=(t:1, i:12), leaderCommit=6, initializing? false, entries: <empty>
2019-09-11 07:05:30,459 [java.util.concurrent.ThreadPoolExecutor$Worker@5b781eac[State = -1, empty queue]] WARN  server.GrpcLogAppender (GrpcLogAppender.java:timeoutAppendRequest(200)) - 69a71f03-bd49-4dcf-a91a-b858634f7ca8@group-88289BCE3651->4bd4e05e-fa44-45f4-99bb-ac21c4078a41-GrpcLogAppender: appendEntries Timeout, request=69a71f03-bd49-4dcf-a91a-b858634f7ca8->4bd4e05e-fa44-45f4-99bb-ac21c4078a41#49-t1, previous=(t:1, i:12), leaderCommit=6, initializing? false, entries: <empty>
2019-09-11 07:05:30,590 [grpc-default-executor-2] INFO  client.GrpcClientProtocolClient (GrpcClientProtocolClient.java:onNext(264)) - client-018CB4735F58->1a989eca-a026-4062-a574-e52a85f9a2a4: receive RaftClientReply:client-018CB4735F58->1a989eca-a026-4062-a574-e52a85f9a2a4@group-88289BCE3651, cid=142, FAILED org.apache.ratis.protocol.NotLeaderException: Server 1a989eca-a026-4062-a574-e52a85f9a2a4@group-88289BCE3651 is not the leader 69a71f03-bd49-4dcf-a91a-b858634f7ca8:192.168.34.12:43469, logIndex=0, commits[1a989eca-a026-4062-a574-e52a85f9a2a4:c6, 69a71f03-bd49-4dcf-a91a-b858634f7ca8:c6, 4bd4e05e-fa44-45f4-99bb-ac21c4078a41:c4]
2019-09-11 07:05:32,959 [java.util.concurrent.ThreadPoolExecutor$Worker@5b781eac[State = -1, empty queue]] WARN  server.GrpcLogAppender (GrpcLogAppender.java:timeoutAppendRequest(200)) - 69a71f03-bd49-4dcf-a91a-b858634f7ca8@group-88289BCE3651->4bd4e05e-fa44-45f4-99bb-ac21c4078a41-GrpcLogAppender: appendEntries Timeout, request=69a71f03-bd49-4dcf-a91a-b858634f7ca8->4bd4e05e-fa44-45f4-99bb-ac21c4078a41#50-t1, previous=(t:1, i:12), leaderCommit=6, initializing? false, entries: <empty>
2019-09-11 07:05:32,959 [java.util.concurrent.ThreadPoolExecutor$Worker@16e6d60[State = -1, empty queue]] WARN  server.GrpcLogAppender (GrpcLogAppender.java:timeoutAppendRequest(200)) - 69a71f03-bd49-4dcf-a91a-b858634f7ca8@group-88289BCE3651->1a989eca-a026-4062-a574-e52a85f9a2a4-GrpcLogAppender: appendEntries Timeout, request=69a71f03-bd49-4dcf-a91a-b858634f7ca8->1a989eca-a026-4062-a574-e52a85f9a2a4#50-t1, previous=(t:1, i:12), leaderCommit=6, initializing? false, entries: <empty>
2019-09-11 07:05:35,460 [java.util.concurrent.ThreadPoolExecutor$Worker@5b781eac[State = -1, empty queue]] WARN  server.GrpcLogAppender (GrpcLogAppender.java:timeoutAppendRequest(200)) - 69a71f03-bd49-4dcf-a91a-b858634f7ca8@group-88289BCE3651->4bd4e05e-fa44-45f4-99bb-ac21c4078a41-GrpcLogAppender: appendEntries Timeout, request=69a71f03-bd49-4dcf-a91a-b858634f7ca8->4bd4e05e-fa44-45f4-99bb-ac21c4078a41#51-t1, previous=(t:1, i:12), leaderCommit=6, initializing? false, entries: <empty>
2019-09-11 07:05:35,460 [java.util.concurrent.ThreadPoolExecutor$Worker@16e6d60[State = -1, empty queue]] WARN  server.GrpcLogAppender (GrpcLogAppender.java:timeoutAppendRequest(200)) - 69a71f03-bd49-4dcf-a91a-b858634f7ca8@group-88289BCE3651->1a989eca-a026-4062-a574-e52a85f9a2a4-GrpcLogAppender: appendEntries Timeout, request=69a71f03-bd49-4dcf-a91a-b858634f7ca8->1a989eca-a026-4062-a574-e52a85f9a2a4#51-t1, previous=(t:1, i:12), leaderCommit=6, initializing? false, entries: <empty>
2019-09-11 07:05:35,660 [grpc-default-executor-4] INFO  client.GrpcClientProtocolClient (GrpcClientProtocolClient.java:onNext(264)) - client-018CB4735F58->1a989eca-a026-4062-a574-e52a85f9a2a4: receive RaftClientReply:client-018CB4735F58->1a989eca-a026-4062-a574-e52a85f9a2a4@group-88289BCE3651, cid=142, FAILED org.apache.ratis.protocol.NotLeaderException: Server 1a989eca-a026-4062-a574-e52a85f9a2a4@group-88289BCE3651 is not the leader 69a71f03-bd49-4dcf-a91a-b858634f7ca8:192.168.34.12:43469, logIndex=0, commits[1a989eca-a026-4062-a574-e52a85f9a2a4:c6, 69a71f03-bd49-4dcf-a91a-b858634f7ca8:c6, 4bd4e05e-fa44-45f4-99bb-ac21c4078a41:c4]
2019-09-11 07:05:37,960 [java.util.concurrent.ThreadPoolExecutor$Worker@16e6d60[State = -1, empty queue]] WARN  server.GrpcLogAppender (GrpcLogAppender.java:timeoutAppendRequest(200)) - 69a71f03-bd49-4dcf-a91a-b858634f7ca8@group-88289BCE3651->1a989eca-a026-4062-a574-e52a85f9a2a4-GrpcLogAppender: appendEntries Timeout, request=69a71f03-bd49-4dcf-a91a-b858634f7ca8->1a989eca-a026-4062-a574-e52a85f9a2a4#52-t1, previous=(t:1, i:12), leaderCommit=6, initializing? false, entries: <empty>
2019-09-11 07:05:37,960 [java.util.concurrent.ThreadPoolExecutor$Worker@5b781eac[State = -1, empty queue]] WARN  server.GrpcLogAppender (GrpcLogAppender.java:timeoutAppendRequest(200)) - 69a71f03-bd49-4dcf-a91a-b858634f7ca8@group-88289BCE3651->4bd4e05e-fa44-45f4-99bb-ac21c4078a41-GrpcLogAppender: appendEntries Timeout, request=69a71f03-bd49-4dcf-a91a-b858634f7ca8->4bd4e05e-fa44-45f4-99bb-ac21c4078a41#52-t1, previous=(t:1, i:12), leaderCommit=6, initializing? false, entries: <empty>
2019-09-11 07:05:40,059 [69a71f03-bd49-4dcf-a91a-b858634f7ca8@group-88289BCE3651-SegmentedRaftLogWorker] WARN  segmented.SegmentedRaftLogWorker (SegmentedRaftLogWorker.java:getFromFuture(90)) - Timeout 7/~
org.apache.ratis.protocol.TimeoutIOException: Timeout 10s: WriteLog:8: (t:1, i:8), STATEMACHINELOGENTRY, client-018CB4735F58, cid=143-writeStateMachineData
	at org.apache.ratis.util.IOUtils.getFromFuture(IOUtils.java:87)
	at org.apache.ratis.server.raftlog.segmented.SegmentedRaftLogWorker$StateMachineDataPolicy.getFromFuture(SegmentedRaftLogWorker.java:87)
	at org.apache.ratis.server.raftlog.segmented.SegmentedRaftLogWorker$WriteLog.execute(SegmentedRaftLogWorker.java:477)
	at org.apache.ratis.server.raftlog.segmented.SegmentedRaftLogWorker.run(SegmentedRaftLogWorker.java:289)
	at java.lang.Thread.run(Thread.java:748)
Caused by: java.util.concurrent.TimeoutException
	at java.util.concurrent.CompletableFuture.timedGet(CompletableFuture.java:1771)
	at java.util.concurrent.CompletableFuture.get(CompletableFuture.java:1915)
	at org.apache.ratis.util.IOUtils.getFromFuture(IOUtils.java:79)
	... 4 more
2019-09-11 07:05:40,089 [1a989eca-a026-4062-a574-e52a85f9a2a4@group-88289BCE3651-SegmentedRaftLogWorker] WARN  segmented.SegmentedRaftLogWorker (SegmentedRaftLogWorker.java:getFromFuture(90)) - Timeout 7/~
org.apache.ratis.protocol.TimeoutIOException: Timeout 10s: WriteLog:8: (t:1, i:8), STATEMACHINELOGENTRY, client-018CB4735F58, cid=143-writeStateMachineData
	at org.apache.ratis.util.IOUtils.getFromFuture(IOUtils.java:87)
	at org.apache.ratis.server.raftlog.segmented.SegmentedRaftLogWorker$StateMachineDataPolicy.getFromFuture(SegmentedRaftLogWorker.java:87)
	at org.apache.ratis.server.raftlog.segmented.SegmentedRaftLogWorker$WriteLog.execute(SegmentedRaftLogWorker.java:477)
	at org.apache.ratis.server.raftlog.segmented.SegmentedRaftLogWorker.run(SegmentedRaftLogWorker.java:289)
	at java.lang.Thread.run(Thread.java:748)
Caused by: java.util.concurrent.TimeoutException
	at java.util.concurrent.CompletableFuture.timedGet(CompletableFuture.java:1771)
	at java.util.concurrent.CompletableFuture.get(CompletableFuture.java:1915)
	at org.apache.ratis.util.IOUtils.getFromFuture(IOUtils.java:79)
	... 4 more
2019-09-11 07:05:40,090 [4bd4e05e-fa44-45f4-99bb-ac21c4078a41@group-88289BCE3651-SegmentedRaftLogWorker] WARN  segmented.SegmentedRaftLogWorker (SegmentedRaftLogWorker.java:getFromFuture(90)) - Timeout 7/~
org.apache.ratis.protocol.TimeoutIOException: Timeout 10s: WriteLog:10: (t:1, i:10), STATEMACHINELOGENTRY, client-018CB4735F58, cid=145-writeStateMachineData
	at org.apache.ratis.util.IOUtils.getFromFuture(IOUtils.java:87)
	at org.apache.ratis.server.raftlog.segmented.SegmentedRaftLogWorker$StateMachineDataPolicy.getFromFuture(SegmentedRaftLogWorker.java:87)
	at org.apache.ratis.server.raftlog.segmented.SegmentedRaftLogWorker$WriteLog.execute(SegmentedRaftLogWorker.java:477)
	at org.apache.ratis.server.raftlog.segmented.SegmentedRaftLogWorker.run(SegmentedRaftLogWorker.java:289)
	at java.lang.Thread.run(Thread.java:748)
Caused by: java.util.concurrent.TimeoutException
	at java.util.concurrent.CompletableFuture.timedGet(CompletableFuture.java:1771)
	at java.util.concurrent.CompletableFuture.get(CompletableFuture.java:1915)
	at org.apache.ratis.util.IOUtils.getFromFuture(IOUtils.java:79)
	... 4 more
2019-09-11 07:05:40,461 [java.util.concurrent.ThreadPoolExecutor$Worker@16e6d60[State = -1, empty queue]] WARN  server.GrpcLogAppender (GrpcLogAppender.java:timeoutAppendRequest(200)) - 69a71f03-bd49-4dcf-a91a-b858634f7ca8@group-88289BCE3651->1a989eca-a026-4062-a574-e52a85f9a2a4-GrpcLogAppender: appendEntries Timeout, request=69a71f03-bd49-4dcf-a91a-b858634f7ca8->1a989eca-a026-4062-a574-e52a85f9a2a4#53-t1, previous=(t:1, i:12), leaderCommit=6, initializing? false, entries: <empty>
2019-09-11 07:05:40,461 [java.util.concurrent.ThreadPoolExecutor$Worker@5b781eac[State = -1, empty queue]] WARN  server.GrpcLogAppender (GrpcLogAppender.java:timeoutAppendRequest(200)) - 69a71f03-bd49-4dcf-a91a-b858634f7ca8@group-88289BCE3651->4bd4e05e-fa44-45f4-99bb-ac21c4078a41-GrpcLogAppender: appendEntries Timeout, request=69a71f03-bd49-4dcf-a91a-b858634f7ca8->4bd4e05e-fa44-45f4-99bb-ac21c4078a41#53-t1, previous=(t:1, i:12), leaderCommit=6, initializing? false, entries: <empty>
2019-09-11 07:05:40,714 [grpc-default-executor-4] INFO  client.GrpcClientProtocolClient (GrpcClientProtocolClient.java:onNext(264)) - client-018CB4735F58->4bd4e05e-fa44-45f4-99bb-ac21c4078a41: receive RaftClientReply:client-018CB4735F58->4bd4e05e-fa44-45f4-99bb-ac21c4078a41@group-88289BCE3651, cid=142, FAILED org.apache.ratis.protocol.NotLeaderException: Server 4bd4e05e-fa44-45f4-99bb-ac21c4078a41@group-88289BCE3651 is not the leader 69a71f03-bd49-4dcf-a91a-b858634f7ca8:192.168.34.12:43469, logIndex=0, commits[4bd4e05e-fa44-45f4-99bb-ac21c4078a41:c6, 69a71f03-bd49-4dcf-a91a-b858634f7ca8:c6, 1a989eca-a026-4062-a574-e52a85f9a2a4:c4]
2019-09-11 07:05:42,961 [java.util.concurrent.ThreadPoolExecutor$Worker@16e6d60[State = -1, empty queue]] WARN  server.GrpcLogAppender (GrpcLogAppender.java:timeoutAppendRequest(200)) - 69a71f03-bd49-4dcf-a91a-b858634f7ca8@group-88289BCE3651->1a989eca-a026-4062-a574-e52a85f9a2a4-GrpcLogAppender: appendEntries Timeout, request=69a71f03-bd49-4dcf-a91a-b858634f7ca8->1a989eca-a026-4062-a574-e52a85f9a2a4#54-t1, previous=(t:1, i:12), leaderCommit=6, initializing? false, entries: <empty>
2019-09-11 07:05:42,961 [java.util.concurrent.ThreadPoolExecutor$Worker@5b781eac[State = -1, empty queue]] WARN  server.GrpcLogAppender (GrpcLogAppender.java:timeoutAppendRequest(200)) - 69a71f03-bd49-4dcf-a91a-b858634f7ca8@group-88289BCE3651->4bd4e05e-fa44-45f4-99bb-ac21c4078a41-GrpcLogAppender: appendEntries Timeout, request=69a71f03-bd49-4dcf-a91a-b858634f7ca8->4bd4e05e-fa44-45f4-99bb-ac21c4078a41#54-t1, previous=(t:1, i:12), leaderCommit=6, initializing? false, entries: <empty>
2019-09-11 07:05:45,461 [java.util.concurrent.ThreadPoolExecutor$Worker@5b781eac[State = -1, empty queue]] WARN  server.GrpcLogAppender (GrpcLogAppender.java:timeoutAppendRequest(200)) - 69a71f03-bd49-4dcf-a91a-b858634f7ca8@group-88289BCE3651->4bd4e05e-fa44-45f4-99bb-ac21c4078a41-GrpcLogAppender: appendEntries Timeout, request=69a71f03-bd49-4dcf-a91a-b858634f7ca8->4bd4e05e-fa44-45f4-99bb-ac21c4078a41#55-t1, previous=(t:1, i:12), leaderCommit=6, initializing? false, entries: <empty>
2019-09-11 07:05:45,461 [java.util.concurrent.ThreadPoolExecutor$Worker@16e6d60[State = -1, empty queue]] WARN  server.GrpcLogAppender (GrpcLogAppender.java:timeoutAppendRequest(200)) - 69a71f03-bd49-4dcf-a91a-b858634f7ca8@group-88289BCE3651->1a989eca-a026-4062-a574-e52a85f9a2a4-GrpcLogAppender: appendEntries Timeout, request=69a71f03-bd49-4dcf-a91a-b858634f7ca8->1a989eca-a026-4062-a574-e52a85f9a2a4#55-t1, previous=(t:1, i:12), leaderCommit=6, initializing? false, entries: <empty>
2019-09-11 07:05:45,769 [grpc-default-executor-4] INFO  client.GrpcClientProtocolClient (GrpcClientProtocolClient.java:onNext(264)) - client-018CB4735F58->1a989eca-a026-4062-a574-e52a85f9a2a4: receive RaftClientReply:client-018CB4735F58->1a989eca-a026-4062-a574-e52a85f9a2a4@group-88289BCE3651, cid=142, FAILED org.apache.ratis.protocol.NotLeaderException: Server 1a989eca-a026-4062-a574-e52a85f9a2a4@group-88289BCE3651 is not the leader 69a71f03-bd49-4dcf-a91a-b858634f7ca8:192.168.34.12:43469, logIndex=0, commits[1a989eca-a026-4062-a574-e52a85f9a2a4:c6, 69a71f03-bd49-4dcf-a91a-b858634f7ca8:c6, 4bd4e05e-fa44-45f4-99bb-ac21c4078a41:c4]
2019-09-11 07:05:47,961 [java.util.concurrent.ThreadPoolExecutor$Worker@16e6d60[State = -1, empty queue]] WARN  server.GrpcLogAppender (GrpcLogAppender.java:timeoutAppendRequest(200)) - 69a71f03-bd49-4dcf-a91a-b858634f7ca8@group-88289BCE3651->1a989eca-a026-4062-a574-e52a85f9a2a4-GrpcLogAppender: appendEntries Timeout, request=69a71f03-bd49-4dcf-a91a-b858634f7ca8->1a989eca-a026-4062-a574-e52a85f9a2a4#56-t1, previous=(t:1, i:12), leaderCommit=6, initializing? false, entries: <empty>
2019-09-11 07:05:47,961 [java.util.concurrent.ThreadPoolExecutor$Worker@5b781eac[State = -1, empty queue]] WARN  server.GrpcLogAppender (GrpcLogAppender.java:timeoutAppendRequest(200)) - 69a71f03-bd49-4dcf-a91a-b858634f7ca8@group-88289BCE3651->4bd4e05e-fa44-45f4-99bb-ac21c4078a41-GrpcLogAppender: appendEntries Timeout, request=69a71f03-bd49-4dcf-a91a-b858634f7ca8->4bd4e05e-fa44-45f4-99bb-ac21c4078a41#56-t1, previous=(t:1, i:12), leaderCommit=6, initializing? false, entries: <empty>
2019-09-11 07:05:50,060 [69a71f03-bd49-4dcf-a91a-b858634f7ca8@group-88289BCE3651-SegmentedRaftLogWorker] WARN  segmented.SegmentedRaftLogWorker (SegmentedRaftLogWorker.java:getFromFuture(90)) - Timeout 8/~
org.apache.ratis.protocol.TimeoutIOException: Timeout 10s: WriteLog:8: (t:1, i:8), STATEMACHINELOGENTRY, client-018CB4735F58, cid=143-writeStateMachineData
	at org.apache.ratis.util.IOUtils.getFromFuture(IOUtils.java:87)
	at org.apache.ratis.server.raftlog.segmented.SegmentedRaftLogWorker$StateMachineDataPolicy.getFromFuture(SegmentedRaftLogWorker.java:87)
	at org.apache.ratis.server.raftlog.segmented.SegmentedRaftLogWorker$WriteLog.execute(SegmentedRaftLogWorker.java:477)
	at org.apache.ratis.server.raftlog.segmented.SegmentedRaftLogWorker.run(SegmentedRaftLogWorker.java:289)
	at java.lang.Thread.run(Thread.java:748)
Caused by: java.util.concurrent.TimeoutException
	at java.util.concurrent.CompletableFuture.timedGet(CompletableFuture.java:1771)
	at java.util.concurrent.CompletableFuture.get(CompletableFuture.java:1915)
	at org.apache.ratis.util.IOUtils.getFromFuture(IOUtils.java:79)
	... 4 more
2019-09-11 07:05:50,090 [1a989eca-a026-4062-a574-e52a85f9a2a4@group-88289BCE3651-SegmentedRaftLogWorker] WARN  segmented.SegmentedRaftLogWorker (SegmentedRaftLogWorker.java:getFromFuture(90)) - Timeout 8/~
org.apache.ratis.protocol.TimeoutIOException: Timeout 10s: WriteLog:8: (t:1, i:8), STATEMACHINELOGENTRY, client-018CB4735F58, cid=143-writeStateMachineData
	at org.apache.ratis.util.IOUtils.getFromFuture(IOUtils.java:87)
	at org.apache.ratis.server.raftlog.segmented.SegmentedRaftLogWorker$StateMachineDataPolicy.getFromFuture(SegmentedRaftLogWorker.java:87)
	at org.apache.ratis.server.raftlog.segmented.SegmentedRaftLogWorker$WriteLog.execute(SegmentedRaftLogWorker.java:477)
	at org.apache.ratis.server.raftlog.segmented.SegmentedRaftLogWorker.run(SegmentedRaftLogWorker.java:289)
	at java.lang.Thread.run(Thread.java:748)
Caused by: java.util.concurrent.TimeoutException
	at java.util.concurrent.CompletableFuture.timedGet(CompletableFuture.java:1771)
	at java.util.concurrent.CompletableFuture.get(CompletableFuture.java:1915)
	at org.apache.ratis.util.IOUtils.getFromFuture(IOUtils.java:79)
	... 4 more
2019-09-11 07:05:50,091 [4bd4e05e-fa44-45f4-99bb-ac21c4078a41@group-88289BCE3651-SegmentedRaftLogWorker] WARN  segmented.SegmentedRaftLogWorker (SegmentedRaftLogWorker.java:getFromFuture(90)) - Timeout 8/~
org.apache.ratis.protocol.TimeoutIOException: Timeout 10s: WriteLog:10: (t:1, i:10), STATEMACHINELOGENTRY, client-018CB4735F58, cid=145-writeStateMachineData
	at org.apache.ratis.util.IOUtils.getFromFuture(IOUtils.java:87)
	at org.apache.ratis.server.raftlog.segmented.SegmentedRaftLogWorker$StateMachineDataPolicy.getFromFuture(SegmentedRaftLogWorker.java:87)
	at org.apache.ratis.server.raftlog.segmented.SegmentedRaftLogWorker$WriteLog.execute(SegmentedRaftLogWorker.java:477)
	at org.apache.ratis.server.raftlog.segmented.SegmentedRaftLogWorker.run(SegmentedRaftLogWorker.java:289)
	at java.lang.Thread.run(Thread.java:748)
Caused by: java.util.concurrent.TimeoutException
	at java.util.concurrent.CompletableFuture.timedGet(CompletableFuture.java:1771)
	at java.util.concurrent.CompletableFuture.get(CompletableFuture.java:1915)
	at org.apache.ratis.util.IOUtils.getFromFuture(IOUtils.java:79)
	... 4 more
2019-09-11 07:05:50,462 [java.util.concurrent.ThreadPoolExecutor$Worker@5b781eac[State = -1, empty queue]] WARN  server.GrpcLogAppender (GrpcLogAppender.java:timeoutAppendRequest(200)) - 69a71f03-bd49-4dcf-a91a-b858634f7ca8@group-88289BCE3651->4bd4e05e-fa44-45f4-99bb-ac21c4078a41-GrpcLogAppender: appendEntries Timeout, request=69a71f03-bd49-4dcf-a91a-b858634f7ca8->4bd4e05e-fa44-45f4-99bb-ac21c4078a41#57-t1, previous=(t:1, i:12), leaderCommit=6, initializing? false, entries: <empty>
2019-09-11 07:05:50,462 [java.util.concurrent.ThreadPoolExecutor$Worker@16e6d60[State = -1, empty queue]] WARN  server.GrpcLogAppender (GrpcLogAppender.java:timeoutAppendRequest(200)) - 69a71f03-bd49-4dcf-a91a-b858634f7ca8@group-88289BCE3651->1a989eca-a026-4062-a574-e52a85f9a2a4-GrpcLogAppender: appendEntries Timeout, request=69a71f03-bd49-4dcf-a91a-b858634f7ca8->1a989eca-a026-4062-a574-e52a85f9a2a4#57-t1, previous=(t:1, i:12), leaderCommit=6, initializing? false, entries: <empty>
2019-09-11 07:05:50,819 [grpc-default-executor-2] INFO  client.GrpcClientProtocolClient (GrpcClientProtocolClient.java:onNext(264)) - client-018CB4735F58->4bd4e05e-fa44-45f4-99bb-ac21c4078a41: receive RaftClientReply:client-018CB4735F58->4bd4e05e-fa44-45f4-99bb-ac21c4078a41@group-88289BCE3651, cid=142, FAILED org.apache.ratis.protocol.NotLeaderException: Server 4bd4e05e-fa44-45f4-99bb-ac21c4078a41@group-88289BCE3651 is not the leader 69a71f03-bd49-4dcf-a91a-b858634f7ca8:192.168.34.12:43469, logIndex=0, commits[4bd4e05e-fa44-45f4-99bb-ac21c4078a41:c6, 69a71f03-bd49-4dcf-a91a-b858634f7ca8:c6, 1a989eca-a026-4062-a574-e52a85f9a2a4:c4]
2019-09-11 07:05:52,962 [java.util.concurrent.ThreadPoolExecutor$Worker@16e6d60[State = -1, empty queue]] WARN  server.GrpcLogAppender (GrpcLogAppender.java:timeoutAppendRequest(200)) - 69a71f03-bd49-4dcf-a91a-b858634f7ca8@group-88289BCE3651->1a989eca-a026-4062-a574-e52a85f9a2a4-GrpcLogAppender: appendEntries Timeout, request=69a71f03-bd49-4dcf-a91a-b858634f7ca8->1a989eca-a026-4062-a574-e52a85f9a2a4#58-t1, previous=(t:1, i:12), leaderCommit=6, initializing? false, entries: <empty>
2019-09-11 07:05:52,962 [java.util.concurrent.ThreadPoolExecutor$Worker@5b781eac[State = -1, empty queue]] WARN  server.GrpcLogAppender (GrpcLogAppender.java:timeoutAppendRequest(200)) - 69a71f03-bd49-4dcf-a91a-b858634f7ca8@group-88289BCE3651->4bd4e05e-fa44-45f4-99bb-ac21c4078a41-GrpcLogAppender: appendEntries Timeout, request=69a71f03-bd49-4dcf-a91a-b858634f7ca8->4bd4e05e-fa44-45f4-99bb-ac21c4078a41#58-t1, previous=(t:1, i:12), leaderCommit=6, initializing? false, entries: <empty>
2019-09-11 07:05:55,462 [java.util.concurrent.ThreadPoolExecutor$Worker@16e6d60[State = -1, empty queue]] WARN  server.GrpcLogAppender (GrpcLogAppender.java:timeoutAppendRequest(200)) - 69a71f03-bd49-4dcf-a91a-b858634f7ca8@group-88289BCE3651->1a989eca-a026-4062-a574-e52a85f9a2a4-GrpcLogAppender: appendEntries Timeout, request=69a71f03-bd49-4dcf-a91a-b858634f7ca8->1a989eca-a026-4062-a574-e52a85f9a2a4#59-t1, previous=(t:1, i:12), leaderCommit=6, initializing? false, entries: <empty>
2019-09-11 07:05:55,462 [java.util.concurrent.ThreadPoolExecutor$Worker@5b781eac[State = -1, empty queue]] WARN  server.GrpcLogAppender (GrpcLogAppender.java:timeoutAppendRequest(200)) - 69a71f03-bd49-4dcf-a91a-b858634f7ca8@group-88289BCE3651->4bd4e05e-fa44-45f4-99bb-ac21c4078a41-GrpcLogAppender: appendEntries Timeout, request=69a71f03-bd49-4dcf-a91a-b858634f7ca8->4bd4e05e-fa44-45f4-99bb-ac21c4078a41#59-t1, previous=(t:1, i:12), leaderCommit=6, initializing? false, entries: <empty>
2019-09-11 07:05:55,874 [grpc-default-executor-4] INFO  client.GrpcClientProtocolClient (GrpcClientProtocolClient.java:onNext(264)) - client-018CB4735F58->4bd4e05e-fa44-45f4-99bb-ac21c4078a41: receive RaftClientReply:client-018CB4735F58->4bd4e05e-fa44-45f4-99bb-ac21c4078a41@group-88289BCE3651, cid=142, FAILED org.apache.ratis.protocol.NotLeaderException: Server 4bd4e05e-fa44-45f4-99bb-ac21c4078a41@group-88289BCE3651 is not the leader 69a71f03-bd49-4dcf-a91a-b858634f7ca8:192.168.34.12:43469, logIndex=0, commits[4bd4e05e-fa44-45f4-99bb-ac21c4078a41:c6, 69a71f03-bd49-4dcf-a91a-b858634f7ca8:c6, 1a989eca-a026-4062-a574-e52a85f9a2a4:c4]
2019-09-11 07:05:57,962 [java.util.concurrent.ThreadPoolExecutor$Worker@5b781eac[State = -1, empty queue]] WARN  server.GrpcLogAppender (GrpcLogAppender.java:timeoutAppendRequest(200)) - 69a71f03-bd49-4dcf-a91a-b858634f7ca8@group-88289BCE3651->4bd4e05e-fa44-45f4-99bb-ac21c4078a41-GrpcLogAppender: appendEntries Timeout, request=69a71f03-bd49-4dcf-a91a-b858634f7ca8->4bd4e05e-fa44-45f4-99bb-ac21c4078a41#60-t1, previous=(t:1, i:12), leaderCommit=6, initializing? false, entries: <empty>
2019-09-11 07:05:57,962 [java.util.concurrent.ThreadPoolExecutor$Worker@16e6d60[State = -1, empty queue]] WARN  server.GrpcLogAppender (GrpcLogAppender.java:timeoutAppendRequest(200)) - 69a71f03-bd49-4dcf-a91a-b858634f7ca8@group-88289BCE3651->1a989eca-a026-4062-a574-e52a85f9a2a4-GrpcLogAppender: appendEntries Timeout, request=69a71f03-bd49-4dcf-a91a-b858634f7ca8->1a989eca-a026-4062-a574-e52a85f9a2a4#60-t1, previous=(t:1, i:12), leaderCommit=6, initializing? false, entries: <empty>
2019-09-11 07:06:00,061 [69a71f03-bd49-4dcf-a91a-b858634f7ca8@group-88289BCE3651-SegmentedRaftLogWorker] WARN  segmented.SegmentedRaftLogWorker (SegmentedRaftLogWorker.java:getFromFuture(90)) - Timeout 9/~
org.apache.ratis.protocol.TimeoutIOException: Timeout 10s: WriteLog:8: (t:1, i:8), STATEMACHINELOGENTRY, client-018CB4735F58, cid=143-writeStateMachineData
	at org.apache.ratis.util.IOUtils.getFromFuture(IOUtils.java:87)
	at org.apache.ratis.server.raftlog.segmented.SegmentedRaftLogWorker$StateMachineDataPolicy.getFromFuture(SegmentedRaftLogWorker.java:87)
	at org.apache.ratis.server.raftlog.segmented.SegmentedRaftLogWorker$WriteLog.execute(SegmentedRaftLogWorker.java:477)
	at org.apache.ratis.server.raftlog.segmented.SegmentedRaftLogWorker.run(SegmentedRaftLogWorker.java:289)
	at java.lang.Thread.run(Thread.java:748)
Caused by: java.util.concurrent.TimeoutException
	at java.util.concurrent.CompletableFuture.timedGet(CompletableFuture.java:1771)
	at java.util.concurrent.CompletableFuture.get(CompletableFuture.java:1915)
	at org.apache.ratis.util.IOUtils.getFromFuture(IOUtils.java:79)
	... 4 more
2019-09-11 07:06:00,091 [1a989eca-a026-4062-a574-e52a85f9a2a4@group-88289BCE3651-SegmentedRaftLogWorker] WARN  segmented.SegmentedRaftLogWorker (SegmentedRaftLogWorker.java:getFromFuture(90)) - Timeout 9/~
org.apache.ratis.protocol.TimeoutIOException: Timeout 10s: WriteLog:8: (t:1, i:8), STATEMACHINELOGENTRY, client-018CB4735F58, cid=143-writeStateMachineData
	at org.apache.ratis.util.IOUtils.getFromFuture(IOUtils.java:87)
	at org.apache.ratis.server.raftlog.segmented.SegmentedRaftLogWorker$StateMachineDataPolicy.getFromFuture(SegmentedRaftLogWorker.java:87)
	at org.apache.ratis.server.raftlog.segmented.SegmentedRaftLogWorker$WriteLog.execute(SegmentedRaftLogWorker.java:477)
	at org.apache.ratis.server.raftlog.segmented.SegmentedRaftLogWorker.run(SegmentedRaftLogWorker.java:289)
	at java.lang.Thread.run(Thread.java:748)
Caused by: java.util.concurrent.TimeoutException
	at java.util.concurrent.CompletableFuture.timedGet(CompletableFuture.java:1771)
	at java.util.concurrent.CompletableFuture.get(CompletableFuture.java:1915)
	at org.apache.ratis.util.IOUtils.getFromFuture(IOUtils.java:79)
	... 4 more
2019-09-11 07:06:00,091 [4bd4e05e-fa44-45f4-99bb-ac21c4078a41@group-88289BCE3651-SegmentedRaftLogWorker] WARN  segmented.SegmentedRaftLogWorker (SegmentedRaftLogWorker.java:getFromFuture(90)) - Timeout 9/~
org.apache.ratis.protocol.TimeoutIOException: Timeout 10s: WriteLog:10: (t:1, i:10), STATEMACHINELOGENTRY, client-018CB4735F58, cid=145-writeStateMachineData
	at org.apache.ratis.util.IOUtils.getFromFuture(IOUtils.java:87)
	at org.apache.ratis.server.raftlog.segmented.SegmentedRaftLogWorker$StateMachineDataPolicy.getFromFuture(SegmentedRaftLogWorker.java:87)
	at org.apache.ratis.server.raftlog.segmented.SegmentedRaftLogWorker$WriteLog.execute(SegmentedRaftLogWorker.java:477)
	at org.apache.ratis.server.raftlog.segmented.SegmentedRaftLogWorker.run(SegmentedRaftLogWorker.java:289)
	at java.lang.Thread.run(Thread.java:748)
Caused by: java.util.concurrent.TimeoutException
	at java.util.concurrent.CompletableFuture.timedGet(CompletableFuture.java:1771)
	at java.util.concurrent.CompletableFuture.get(CompletableFuture.java:1915)
	at org.apache.ratis.util.IOUtils.getFromFuture(IOUtils.java:79)
	... 4 more
2019-09-11 07:06:00,463 [java.util.concurrent.ThreadPoolExecutor$Worker@16e6d60[State = -1, empty queue]] WARN  server.GrpcLogAppender (GrpcLogAppender.java:timeoutAppendRequest(200)) - 69a71f03-bd49-4dcf-a91a-b858634f7ca8@group-88289BCE3651->1a989eca-a026-4062-a574-e52a85f9a2a4-GrpcLogAppender: appendEntries Timeout, request=69a71f03-bd49-4dcf-a91a-b858634f7ca8->1a989eca-a026-4062-a574-e52a85f9a2a4#61-t1, previous=(t:1, i:12), leaderCommit=6, initializing? false, entries: <empty>
2019-09-11 07:06:00,463 [java.util.concurrent.ThreadPoolExecutor$Worker@5b781eac[State = -1, empty queue]] WARN  server.GrpcLogAppender (GrpcLogAppender.java:timeoutAppendRequest(200)) - 69a71f03-bd49-4dcf-a91a-b858634f7ca8@group-88289BCE3651->4bd4e05e-fa44-45f4-99bb-ac21c4078a41-GrpcLogAppender: appendEntries Timeout, request=69a71f03-bd49-4dcf-a91a-b858634f7ca8->4bd4e05e-fa44-45f4-99bb-ac21c4078a41#61-t1, previous=(t:1, i:12), leaderCommit=6, initializing? false, entries: <empty>
2019-09-11 07:06:00,933 [grpc-default-executor-2] INFO  client.GrpcClientProtocolClient (GrpcClientProtocolClient.java:onNext(264)) - client-018CB4735F58->1a989eca-a026-4062-a574-e52a85f9a2a4: receive RaftClientReply:client-018CB4735F58->1a989eca-a026-4062-a574-e52a85f9a2a4@group-88289BCE3651, cid=142, FAILED org.apache.ratis.protocol.NotLeaderException: Server 1a989eca-a026-4062-a574-e52a85f9a2a4@group-88289BCE3651 is not the leader 69a71f03-bd49-4dcf-a91a-b858634f7ca8:192.168.34.12:43469, logIndex=0, commits[1a989eca-a026-4062-a574-e52a85f9a2a4:c6, 69a71f03-bd49-4dcf-a91a-b858634f7ca8:c6, 4bd4e05e-fa44-45f4-99bb-ac21c4078a41:c4]
2019-09-11 07:06:02,963 [java.util.concurrent.ThreadPoolExecutor$Worker@5b781eac[State = -1, empty queue]] WARN  server.GrpcLogAppender (GrpcLogAppender.java:timeoutAppendRequest(200)) - 69a71f03-bd49-4dcf-a91a-b858634f7ca8@group-88289BCE3651->4bd4e05e-fa44-45f4-99bb-ac21c4078a41-GrpcLogAppender: appendEntries Timeout, request=69a71f03-bd49-4dcf-a91a-b858634f7ca8->4bd4e05e-fa44-45f4-99bb-ac21c4078a41#62-t1, previous=(t:1, i:12), leaderCommit=6, initializing? false, entries: <empty>
2019-09-11 07:06:02,963 [java.util.concurrent.ThreadPoolExecutor$Worker@16e6d60[State = -1, empty queue]] WARN  server.GrpcLogAppender (GrpcLogAppender.java:timeoutAppendRequest(200)) - 69a71f03-bd49-4dcf-a91a-b858634f7ca8@group-88289BCE3651->1a989eca-a026-4062-a574-e52a85f9a2a4-GrpcLogAppender: appendEntries Timeout, request=69a71f03-bd49-4dcf-a91a-b858634f7ca8->1a989eca-a026-4062-a574-e52a85f9a2a4#62-t1, previous=(t:1, i:12), leaderCommit=6, initializing? false, entries: <empty>
2019-09-11 07:06:05,463 [java.util.concurrent.ThreadPoolExecutor$Worker@5b781eac[State = -1, empty queue]] WARN  server.GrpcLogAppender (GrpcLogAppender.java:timeoutAppendRequest(200)) - 69a71f03-bd49-4dcf-a91a-b858634f7ca8@group-88289BCE3651->4bd4e05e-fa44-45f4-99bb-ac21c4078a41-GrpcLogAppender: appendEntries Timeout, request=69a71f03-bd49-4dcf-a91a-b858634f7ca8->4bd4e05e-fa44-45f4-99bb-ac21c4078a41#63-t1, previous=(t:1, i:12), leaderCommit=6, initializing? false, entries: <empty>
2019-09-11 07:06:05,463 [java.util.concurrent.ThreadPoolExecutor$Worker@16e6d60[State = -1, empty queue]] WARN  server.GrpcLogAppender (GrpcLogAppender.java:timeoutAppendRequest(200)) - 69a71f03-bd49-4dcf-a91a-b858634f7ca8@group-88289BCE3651->1a989eca-a026-4062-a574-e52a85f9a2a4-GrpcLogAppender: appendEntries Timeout, request=69a71f03-bd49-4dcf-a91a-b858634f7ca8->1a989eca-a026-4062-a574-e52a85f9a2a4#63-t1, previous=(t:1, i:12), leaderCommit=6, initializing? false, entries: <empty>
2019-09-11 07:06:05,985 [grpc-default-executor-1] INFO  client.GrpcClientProtocolClient (GrpcClientProtocolClient.java:onNext(264)) - client-018CB4735F58->4bd4e05e-fa44-45f4-99bb-ac21c4078a41: receive RaftClientReply:client-018CB4735F58->4bd4e05e-fa44-45f4-99bb-ac21c4078a41@group-88289BCE3651, cid=142, FAILED org.apache.ratis.protocol.NotLeaderException: Server 4bd4e05e-fa44-45f4-99bb-ac21c4078a41@group-88289BCE3651 is not the leader 69a71f03-bd49-4dcf-a91a-b858634f7ca8:192.168.34.12:43469, logIndex=0, commits[4bd4e05e-fa44-45f4-99bb-ac21c4078a41:c6, 69a71f03-bd49-4dcf-a91a-b858634f7ca8:c6, 1a989eca-a026-4062-a574-e52a85f9a2a4:c4]
2019-09-11 07:06:07,963 [java.util.concurrent.ThreadPoolExecutor$Worker@5b781eac[State = -1, empty queue]] WARN  server.GrpcLogAppender (GrpcLogAppender.java:timeoutAppendRequest(200)) - 69a71f03-bd49-4dcf-a91a-b858634f7ca8@group-88289BCE3651->4bd4e05e-fa44-45f4-99bb-ac21c4078a41-GrpcLogAppender: appendEntries Timeout, request=69a71f03-bd49-4dcf-a91a-b858634f7ca8->4bd4e05e-fa44-45f4-99bb-ac21c4078a41#64-t1, previous=(t:1, i:12), leaderCommit=6, initializing? false, entries: <empty>
2019-09-11 07:06:07,963 [java.util.concurrent.ThreadPoolExecutor$Worker@16e6d60[State = -1, empty queue]] WARN  server.GrpcLogAppender (GrpcLogAppender.java:timeoutAppendRequest(200)) - 69a71f03-bd49-4dcf-a91a-b858634f7ca8@group-88289BCE3651->1a989eca-a026-4062-a574-e52a85f9a2a4-GrpcLogAppender: appendEntries Timeout, request=69a71f03-bd49-4dcf-a91a-b858634f7ca8->1a989eca-a026-4062-a574-e52a85f9a2a4#64-t1, previous=(t:1, i:12), leaderCommit=6, initializing? false, entries: <empty>
2019-09-11 07:06:10,062 [69a71f03-bd49-4dcf-a91a-b858634f7ca8@group-88289BCE3651-SegmentedRaftLogWorker] WARN  segmented.SegmentedRaftLogWorker (SegmentedRaftLogWorker.java:getFromFuture(90)) - Timeout 10/~
org.apache.ratis.protocol.TimeoutIOException: Timeout 10s: WriteLog:8: (t:1, i:8), STATEMACHINELOGENTRY, client-018CB4735F58, cid=143-writeStateMachineData
	at org.apache.ratis.util.IOUtils.getFromFuture(IOUtils.java:87)
	at org.apache.ratis.server.raftlog.segmented.SegmentedRaftLogWorker$StateMachineDataPolicy.getFromFuture(SegmentedRaftLogWorker.java:87)
	at org.apache.ratis.server.raftlog.segmented.SegmentedRaftLogWorker$WriteLog.execute(SegmentedRaftLogWorker.java:477)
	at org.apache.ratis.server.raftlog.segmented.SegmentedRaftLogWorker.run(SegmentedRaftLogWorker.java:289)
	at java.lang.Thread.run(Thread.java:748)
Caused by: java.util.concurrent.TimeoutException
	at java.util.concurrent.CompletableFuture.timedGet(CompletableFuture.java:1771)
	at java.util.concurrent.CompletableFuture.get(CompletableFuture.java:1915)
	at org.apache.ratis.util.IOUtils.getFromFuture(IOUtils.java:79)
	... 4 more
2019-09-11 07:06:10,092 [1a989eca-a026-4062-a574-e52a85f9a2a4@group-88289BCE3651-SegmentedRaftLogWorker] WARN  segmented.SegmentedRaftLogWorker (SegmentedRaftLogWorker.java:getFromFuture(90)) - Timeout 10/~
org.apache.ratis.protocol.TimeoutIOException: Timeout 10s: WriteLog:8: (t:1, i:8), STATEMACHINELOGENTRY, client-018CB4735F58, cid=143-writeStateMachineData
	at org.apache.ratis.util.IOUtils.getFromFuture(IOUtils.java:87)
	at org.apache.ratis.server.raftlog.segmented.SegmentedRaftLogWorker$StateMachineDataPolicy.getFromFuture(SegmentedRaftLogWorker.java:87)
	at org.apache.ratis.server.raftlog.segmented.SegmentedRaftLogWorker$WriteLog.execute(SegmentedRaftLogWorker.java:477)
	at org.apache.ratis.server.raftlog.segmented.SegmentedRaftLogWorker.run(SegmentedRaftLogWorker.java:289)
	at java.lang.Thread.run(Thread.java:748)
Caused by: java.util.concurrent.TimeoutException
	at java.util.concurrent.CompletableFuture.timedGet(CompletableFuture.java:1771)
	at java.util.concurrent.CompletableFuture.get(CompletableFuture.java:1915)
	at org.apache.ratis.util.IOUtils.getFromFuture(IOUtils.java:79)
	... 4 more
2019-09-11 07:06:10,092 [4bd4e05e-fa44-45f4-99bb-ac21c4078a41@group-88289BCE3651-SegmentedRaftLogWorker] WARN  segmented.SegmentedRaftLogWorker (SegmentedRaftLogWorker.java:getFromFuture(90)) - Timeout 10/~
org.apache.ratis.protocol.TimeoutIOException: Timeout 10s: WriteLog:10: (t:1, i:10), STATEMACHINELOGENTRY, client-018CB4735F58, cid=145-writeStateMachineData
	at org.apache.ratis.util.IOUtils.getFromFuture(IOUtils.java:87)
	at org.apache.ratis.server.raftlog.segmented.SegmentedRaftLogWorker$StateMachineDataPolicy.getFromFuture(SegmentedRaftLogWorker.java:87)
	at org.apache.ratis.server.raftlog.segmented.SegmentedRaftLogWorker$WriteLog.execute(SegmentedRaftLogWorker.java:477)
	at org.apache.ratis.server.raftlog.segmented.SegmentedRaftLogWorker.run(SegmentedRaftLogWorker.java:289)
	at java.lang.Thread.run(Thread.java:748)
Caused by: java.util.concurrent.TimeoutException
	at java.util.concurrent.CompletableFuture.timedGet(CompletableFuture.java:1771)
	at java.util.concurrent.CompletableFuture.get(CompletableFuture.java:1915)
	at org.apache.ratis.util.IOUtils.getFromFuture(IOUtils.java:79)
	... 4 more
2019-09-11 07:06:10,464 [java.util.concurrent.ThreadPoolExecutor$Worker@5b781eac[State = -1, empty queue]] WARN  server.GrpcLogAppender (GrpcLogAppender.java:timeoutAppendRequest(200)) - 69a71f03-bd49-4dcf-a91a-b858634f7ca8@group-88289BCE3651->4bd4e05e-fa44-45f4-99bb-ac21c4078a41-GrpcLogAppender: appendEntries Timeout, request=69a71f03-bd49-4dcf-a91a-b858634f7ca8->4bd4e05e-fa44-45f4-99bb-ac21c4078a41#65-t1, previous=(t:1, i:12), leaderCommit=6, initializing? false, entries: <empty>
2019-09-11 07:06:10,464 [java.util.concurrent.ThreadPoolExecutor$Worker@16e6d60[State = -1, empty queue]] WARN  server.GrpcLogAppender (GrpcLogAppender.java:timeoutAppendRequest(200)) - 69a71f03-bd49-4dcf-a91a-b858634f7ca8@group-88289BCE3651->1a989eca-a026-4062-a574-e52a85f9a2a4-GrpcLogAppender: appendEntries Timeout, request=69a71f03-bd49-4dcf-a91a-b858634f7ca8->1a989eca-a026-4062-a574-e52a85f9a2a4#65-t1, previous=(t:1, i:12), leaderCommit=6, initializing? false, entries: <empty>
2019-09-11 07:06:11,028 [grpc-default-executor-1] INFO  client.GrpcClientProtocolClient (GrpcClientProtocolClient.java:onNext(264)) - client-018CB4735F58->1a989eca-a026-4062-a574-e52a85f9a2a4: receive RaftClientReply:client-018CB4735F58->1a989eca-a026-4062-a574-e52a85f9a2a4@group-88289BCE3651, cid=142, FAILED org.apache.ratis.protocol.NotLeaderException: Server 1a989eca-a026-4062-a574-e52a85f9a2a4@group-88289BCE3651 is not the leader 69a71f03-bd49-4dcf-a91a-b858634f7ca8:192.168.34.12:43469, logIndex=0, commits[1a989eca-a026-4062-a574-e52a85f9a2a4:c6, 69a71f03-bd49-4dcf-a91a-b858634f7ca8:c6, 4bd4e05e-fa44-45f4-99bb-ac21c4078a41:c4]
2019-09-11 07:06:12,966 [java.util.concurrent.ThreadPoolExecutor$Worker@16e6d60[State = -1, empty queue]] WARN  server.GrpcLogAppender (GrpcLogAppender.java:timeoutAppendRequest(200)) - 69a71f03-bd49-4dcf-a91a-b858634f7ca8@group-88289BCE3651->1a989eca-a026-4062-a574-e52a85f9a2a4-GrpcLogAppender: appendEntries Timeout, request=69a71f03-bd49-4dcf-a91a-b858634f7ca8->1a989eca-a026-4062-a574-e52a85f9a2a4#66-t1, previous=(t:1, i:12), leaderCommit=6, initializing? false, entries: <empty>
2019-09-11 07:06:12,966 [java.util.concurrent.ThreadPoolExecutor$Worker@5b781eac[State = -1, empty queue]] WARN  server.GrpcLogAppender (GrpcLogAppender.java:timeoutAppendRequest(200)) - 69a71f03-bd49-4dcf-a91a-b858634f7ca8@group-88289BCE3651->4bd4e05e-fa44-45f4-99bb-ac21c4078a41-GrpcLogAppender: appendEntries Timeout, request=69a71f03-bd49-4dcf-a91a-b858634f7ca8->4bd4e05e-fa44-45f4-99bb-ac21c4078a41#66-t1, previous=(t:1, i:12), leaderCommit=6, initializing? false, entries: <empty>
2019-09-11 07:06:15,467 [java.util.concurrent.ThreadPoolExecutor$Worker@16e6d60[State = -1, empty queue]] WARN  server.GrpcLogAppender (GrpcLogAppender.java:timeoutAppendRequest(200)) - 69a71f03-bd49-4dcf-a91a-b858634f7ca8@group-88289BCE3651->1a989eca-a026-4062-a574-e52a85f9a2a4-GrpcLogAppender: appendEntries Timeout, request=69a71f03-bd49-4dcf-a91a-b858634f7ca8->1a989eca-a026-4062-a574-e52a85f9a2a4#67-t1, previous=(t:1, i:12), leaderCommit=6, initializing? false, entries: <empty>
2019-09-11 07:06:15,467 [java.util.concurrent.ThreadPoolExecutor$Worker@5b781eac[State = -1, empty queue]] WARN  server.GrpcLogAppender (GrpcLogAppender.java:timeoutAppendRequest(200)) - 69a71f03-bd49-4dcf-a91a-b858634f7ca8@group-88289BCE3651->4bd4e05e-fa44-45f4-99bb-ac21c4078a41-GrpcLogAppender: appendEntries Timeout, request=69a71f03-bd49-4dcf-a91a-b858634f7ca8->4bd4e05e-fa44-45f4-99bb-ac21c4078a41#67-t1, previous=(t:1, i:12), leaderCommit=6, initializing? false, entries: <empty>
2019-09-11 07:06:16,082 [grpc-default-executor-1] INFO  client.GrpcClientProtocolClient (GrpcClientProtocolClient.java:onNext(264)) - client-018CB4735F58->4bd4e05e-fa44-45f4-99bb-ac21c4078a41: receive RaftClientReply:client-018CB4735F58->4bd4e05e-fa44-45f4-99bb-ac21c4078a41@group-88289BCE3651, cid=142, FAILED org.apache.ratis.protocol.NotLeaderException: Server 4bd4e05e-fa44-45f4-99bb-ac21c4078a41@group-88289BCE3651 is not the leader 69a71f03-bd49-4dcf-a91a-b858634f7ca8:192.168.34.12:43469, logIndex=0, commits[4bd4e05e-fa44-45f4-99bb-ac21c4078a41:c6, 69a71f03-bd49-4dcf-a91a-b858634f7ca8:c6, 1a989eca-a026-4062-a574-e52a85f9a2a4:c4]
2019-09-11 07:06:17,968 [java.util.concurrent.ThreadPoolExecutor$Worker@16e6d60[State = -1, empty queue]] WARN  server.GrpcLogAppender (GrpcLogAppender.java:timeoutAppendRequest(200)) - 69a71f03-bd49-4dcf-a91a-b858634f7ca8@group-88289BCE3651->1a989eca-a026-4062-a574-e52a85f9a2a4-GrpcLogAppender: appendEntries Timeout, request=69a71f03-bd49-4dcf-a91a-b858634f7ca8->1a989eca-a026-4062-a574-e52a85f9a2a4#68-t1, previous=(t:1, i:12), leaderCommit=6, initializing? false, entries: <empty>
2019-09-11 07:06:17,968 [java.util.concurrent.ThreadPoolExecutor$Worker@5b781eac[State = -1, empty queue]] WARN  server.GrpcLogAppender (GrpcLogAppender.java:timeoutAppendRequest(200)) - 69a71f03-bd49-4dcf-a91a-b858634f7ca8@group-88289BCE3651->4bd4e05e-fa44-45f4-99bb-ac21c4078a41-GrpcLogAppender: appendEntries Timeout, request=69a71f03-bd49-4dcf-a91a-b858634f7ca8->4bd4e05e-fa44-45f4-99bb-ac21c4078a41#68-t1, previous=(t:1, i:12), leaderCommit=6, initializing? false, entries: <empty>
2019-09-11 07:06:19,972 [org.apache.ratis.server.impl.LogAppender$AppenderDaemon$$Lambda$511/1624611919@2e68335] ERROR ratis.XceiverServerRatis (XceiverServerRatis.java:triggerPipelineClose(568)) - pipeline Action CLOSE  on pipeline PipelineID=6ec498c6-2b3c-401f-9684-88289bce3651.Reason : 69a71f03-bd49-4dcf-a91a-b858634f7ca8 has not seen follower/s 4bd4e05e-fa44-45f4-99bb-ac21c4078a41 for 120699ms 1a989eca-a026-4062-a574-e52a85f9a2a4 for 120699ms
2019-09-11 07:06:19,972 [org.apache.ratis.server.impl.LogAppender$AppenderDaemon$$Lambda$511/1624611919@2ca26f32] ERROR ratis.XceiverServerRatis (XceiverServerRatis.java:triggerPipelineClose(568)) - pipeline Action CLOSE  on pipeline PipelineID=6ec498c6-2b3c-401f-9684-88289bce3651.Reason : 69a71f03-bd49-4dcf-a91a-b858634f7ca8 has not seen follower/s 4bd4e05e-fa44-45f4-99bb-ac21c4078a41 for 120699ms 1a989eca-a026-4062-a574-e52a85f9a2a4 for 120699ms
2019-09-11 07:06:20,064 [69a71f03-bd49-4dcf-a91a-b858634f7ca8@group-88289BCE3651-SegmentedRaftLogWorker] WARN  segmented.SegmentedRaftLogWorker (SegmentedRaftLogWorker.java:getFromFuture(90)) - Timeout 11/~
org.apache.ratis.protocol.TimeoutIOException: Timeout 10s: WriteLog:8: (t:1, i:8), STATEMACHINELOGENTRY, client-018CB4735F58, cid=143-writeStateMachineData
	at org.apache.ratis.util.IOUtils.getFromFuture(IOUtils.java:87)
	at org.apache.ratis.server.raftlog.segmented.SegmentedRaftLogWorker$StateMachineDataPolicy.getFromFuture(SegmentedRaftLogWorker.java:87)
	at org.apache.ratis.server.raftlog.segmented.SegmentedRaftLogWorker$WriteLog.execute(SegmentedRaftLogWorker.java:477)
	at org.apache.ratis.server.raftlog.segmented.SegmentedRaftLogWorker.run(SegmentedRaftLogWorker.java:289)
	at java.lang.Thread.run(Thread.java:748)
Caused by: java.util.concurrent.TimeoutException
	at java.util.concurrent.CompletableFuture.timedGet(CompletableFuture.java:1771)
	at java.util.concurrent.CompletableFuture.get(CompletableFuture.java:1915)
	at org.apache.ratis.util.IOUtils.getFromFuture(IOUtils.java:79)
	... 4 more
2019-09-11 07:06:20,066 [EventQueue-PipelineActionsForPipelineActionHandler] ERROR pipeline.PipelineActionHandler (PipelineActionHandler.java:onMessage(60)) - Received pipeline action CLOSE for Pipeline[ Id: 6ec498c6-2b3c-401f-9684-88289bce3651, Nodes: 1a989eca-a026-4062-a574-e52a85f9a2a4{ip: 192.168.34.12, host: pr-hdds-2106-8t9qr-763259812, networkLocation: /default-rack, certSerialId: null}4bd4e05e-fa44-45f4-99bb-ac21c4078a41{ip: 192.168.34.12, host: pr-hdds-2106-8t9qr-763259812, networkLocation: /default-rack, certSerialId: null}69a71f03-bd49-4dcf-a91a-b858634f7ca8{ip: 192.168.34.12, host: pr-hdds-2106-8t9qr-763259812, networkLocation: /default-rack, certSerialId: null}, Type:RATIS, Factor:THREE, State:OPEN] from datanode 69a71f03-bd49-4dcf-a91a-b858634f7ca8{ip: 192.168.34.12, host: pr-hdds-2106-8t9qr-763259812, networkLocation: /default-rack, certSerialId: null}. Reason : 69a71f03-bd49-4dcf-a91a-b858634f7ca8 has not seen follower/s 4bd4e05e-fa44-45f4-99bb-ac21c4078a41 for 120699ms 1a989eca-a026-4062-a574-e52a85f9a2a4 for 120699ms
2019-09-11 07:06:20,066 [EventQueue-PipelineActionsForPipelineActionHandler] INFO  pipeline.SCMPipelineManager (SCMPipelineManager.java:finalizeAndDestroyPipeline(311)) - destroying pipeline:Pipeline[ Id: 6ec498c6-2b3c-401f-9684-88289bce3651, Nodes: 1a989eca-a026-4062-a574-e52a85f9a2a4{ip: 192.168.34.12, host: pr-hdds-2106-8t9qr-763259812, networkLocation: /default-rack, certSerialId: null}4bd4e05e-fa44-45f4-99bb-ac21c4078a41{ip: 192.168.34.12, host: pr-hdds-2106-8t9qr-763259812, networkLocation: /default-rack, certSerialId: null}69a71f03-bd49-4dcf-a91a-b858634f7ca8{ip: 192.168.34.12, host: pr-hdds-2106-8t9qr-763259812, networkLocation: /default-rack, certSerialId: null}, Type:RATIS, Factor:THREE, State:OPEN]
2019-09-11 07:06:20,066 [EventQueue-PipelineActionsForPipelineActionHandler] INFO  pipeline.PipelineStateManager (PipelineStateManager.java:finalizePipeline(123)) - Pipeline Pipeline[ Id: 6ec498c6-2b3c-401f-9684-88289bce3651, Nodes: 1a989eca-a026-4062-a574-e52a85f9a2a4{ip: 192.168.34.12, host: pr-hdds-2106-8t9qr-763259812, networkLocation: /default-rack, certSerialId: null}4bd4e05e-fa44-45f4-99bb-ac21c4078a41{ip: 192.168.34.12, host: pr-hdds-2106-8t9qr-763259812, networkLocation: /default-rack, certSerialId: null}69a71f03-bd49-4dcf-a91a-b858634f7ca8{ip: 192.168.34.12, host: pr-hdds-2106-8t9qr-763259812, networkLocation: /default-rack, certSerialId: null}, Type:RATIS, Factor:THREE, State:CLOSED] moved to CLOSED state
2019-09-11 07:06:20,067 [EventQueue-CloseContainerForCloseContainerEventHandler] INFO  container.CloseContainerEventHandler (CloseContainerEventHandler.java:onMessage(61)) - Close container Event triggered for container : #5
2019-09-11 07:06:20,068 [EventQueue-CloseContainerForCloseContainerEventHandler] INFO  container.CloseContainerEventHandler (CloseContainerEventHandler.java:onMessage(61)) - Close container Event triggered for container : #8
2019-09-11 07:06:20,093 [1a989eca-a026-4062-a574-e52a85f9a2a4@group-88289BCE3651-SegmentedRaftLogWorker] WARN  segmented.SegmentedRaftLogWorker (SegmentedRaftLogWorker.java:getFromFuture(90)) - Timeout 11/~
org.apache.ratis.protocol.TimeoutIOException: Timeout 10s: WriteLog:8: (t:1, i:8), STATEMACHINELOGENTRY, client-018CB4735F58, cid=143-writeStateMachineData
	at org.apache.ratis.util.IOUtils.getFromFuture(IOUtils.java:87)
	at org.apache.ratis.server.raftlog.segmented.SegmentedRaftLogWorker$StateMachineDataPolicy.getFromFuture(SegmentedRaftLogWorker.java:87)
	at org.apache.ratis.server.raftlog.segmented.SegmentedRaftLogWorker$WriteLog.execute(SegmentedRaftLogWorker.java:477)
	at org.apache.ratis.server.raftlog.segmented.SegmentedRaftLogWorker.run(SegmentedRaftLogWorker.java:289)
	at java.lang.Thread.run(Thread.java:748)
Caused by: java.util.concurrent.TimeoutException
	at java.util.concurrent.CompletableFuture.timedGet(CompletableFuture.java:1771)
	at java.util.concurrent.CompletableFuture.get(CompletableFuture.java:1915)
	at org.apache.ratis.util.IOUtils.getFromFuture(IOUtils.java:79)
	... 4 more
2019-09-11 07:06:20,093 [4bd4e05e-fa44-45f4-99bb-ac21c4078a41@group-88289BCE3651-SegmentedRaftLogWorker] WARN  segmented.SegmentedRaftLogWorker (SegmentedRaftLogWorker.java:getFromFuture(90)) - Timeout 11/~
org.apache.ratis.protocol.TimeoutIOException: Timeout 10s: WriteLog:10: (t:1, i:10), STATEMACHINELOGENTRY, client-018CB4735F58, cid=145-writeStateMachineData
	at org.apache.ratis.util.IOUtils.getFromFuture(IOUtils.java:87)
	at org.apache.ratis.server.raftlog.segmented.SegmentedRaftLogWorker$StateMachineDataPolicy.getFromFuture(SegmentedRaftLogWorker.java:87)
	at org.apache.ratis.server.raftlog.segmented.SegmentedRaftLogWorker$WriteLog.execute(SegmentedRaftLogWorker.java:477)
	at org.apache.ratis.server.raftlog.segmented.SegmentedRaftLogWorker.run(SegmentedRaftLogWorker.java:289)
	at java.lang.Thread.run(Thread.java:748)
Caused by: java.util.concurrent.TimeoutException
	at java.util.concurrent.CompletableFuture.timedGet(CompletableFuture.java:1771)
	at java.util.concurrent.CompletableFuture.get(CompletableFuture.java:1915)
	at org.apache.ratis.util.IOUtils.getFromFuture(IOUtils.java:79)
	... 4 more
2019-09-11 07:06:20,469 [java.util.concurrent.ThreadPoolExecutor$Worker@16e6d60[State = -1, empty queue]] WARN  server.GrpcLogAppender (GrpcLogAppender.java:timeoutAppendRequest(200)) - 69a71f03-bd49-4dcf-a91a-b858634f7ca8@group-88289BCE3651->1a989eca-a026-4062-a574-e52a85f9a2a4-GrpcLogAppender: appendEntries Timeout, request=69a71f03-bd49-4dcf-a91a-b858634f7ca8->1a989eca-a026-4062-a574-e52a85f9a2a4#69-t1, previous=(t:1, i:12), leaderCommit=6, initializing? false, entries: <empty>
2019-09-11 07:06:20,469 [java.util.concurrent.ThreadPoolExecutor$Worker@5b781eac[State = -1, empty queue]] WARN  server.GrpcLogAppender (GrpcLogAppender.java:timeoutAppendRequest(200)) - 69a71f03-bd49-4dcf-a91a-b858634f7ca8@group-88289BCE3651->4bd4e05e-fa44-45f4-99bb-ac21c4078a41-GrpcLogAppender: appendEntries Timeout, request=69a71f03-bd49-4dcf-a91a-b858634f7ca8->4bd4e05e-fa44-45f4-99bb-ac21c4078a41#69-t1, previous=(t:1, i:12), leaderCommit=6, initializing? false, entries: <empty>
2019-09-11 07:06:21,127 [grpc-default-executor-1] INFO  client.GrpcClientProtocolClient (GrpcClientProtocolClient.java:onNext(264)) - client-018CB4735F58->1a989eca-a026-4062-a574-e52a85f9a2a4: receive RaftClientReply:client-018CB4735F58->1a989eca-a026-4062-a574-e52a85f9a2a4@group-88289BCE3651, cid=142, FAILED org.apache.ratis.protocol.NotLeaderException: Server 1a989eca-a026-4062-a574-e52a85f9a2a4@group-88289BCE3651 is not the leader 69a71f03-bd49-4dcf-a91a-b858634f7ca8:192.168.34.12:43469, logIndex=0, commits[1a989eca-a026-4062-a574-e52a85f9a2a4:c6, 69a71f03-bd49-4dcf-a91a-b858634f7ca8:c6, 4bd4e05e-fa44-45f4-99bb-ac21c4078a41:c4]
2019-09-11 07:06:22,472 [org.apache.ratis.server.impl.LogAppender$AppenderDaemon$$Lambda$511/1624611919@2ca26f32] ERROR ratis.XceiverServerRatis (XceiverServerRatis.java:triggerPipelineClose(568)) - pipeline Action CLOSE  on pipeline PipelineID=6ec498c6-2b3c-401f-9684-88289bce3651.Reason : 69a71f03-bd49-4dcf-a91a-b858634f7ca8 has not seen follower/s 4bd4e05e-fa44-45f4-99bb-ac21c4078a41 for 123199ms 1a989eca-a026-4062-a574-e52a85f9a2a4 for 123199ms
2019-09-11 07:06:22,472 [org.apache.ratis.server.impl.LogAppender$AppenderDaemon$$Lambda$511/1624611919@2e68335] ERROR ratis.XceiverServerRatis (XceiverServerRatis.java:triggerPipelineClose(568)) - pipeline Action CLOSE  on pipeline PipelineID=6ec498c6-2b3c-401f-9684-88289bce3651.Reason : 69a71f03-bd49-4dcf-a91a-b858634f7ca8 has not seen follower/s 4bd4e05e-fa44-45f4-99bb-ac21c4078a41 for 123199ms 1a989eca-a026-4062-a574-e52a85f9a2a4 for 123199ms
2019-09-11 07:06:22,971 [java.util.concurrent.ThreadPoolExecutor$Worker@16e6d60[State = -1, empty queue]] WARN  server.GrpcLogAppender (GrpcLogAppender.java:timeoutAppendRequest(200)) - 69a71f03-bd49-4dcf-a91a-b858634f7ca8@group-88289BCE3651->1a989eca-a026-4062-a574-e52a85f9a2a4-GrpcLogAppender: appendEntries Timeout, request=69a71f03-bd49-4dcf-a91a-b858634f7ca8->1a989eca-a026-4062-a574-e52a85f9a2a4#70-t1, previous=(t:1, i:12), leaderCommit=6, initializing? false, entries: <empty>
2019-09-11 07:06:22,971 [java.util.concurrent.ThreadPoolExecutor$Worker@5b781eac[State = -1, empty queue]] WARN  server.GrpcLogAppender (GrpcLogAppender.java:timeoutAppendRequest(200)) - 69a71f03-bd49-4dcf-a91a-b858634f7ca8@group-88289BCE3651->4bd4e05e-fa44-45f4-99bb-ac21c4078a41-GrpcLogAppender: appendEntries Timeout, request=69a71f03-bd49-4dcf-a91a-b858634f7ca8->4bd4e05e-fa44-45f4-99bb-ac21c4078a41#70-t1, previous=(t:1, i:12), leaderCommit=6, initializing? false, entries: <empty>
2019-09-11 07:06:23,069 [EventQueue-PipelineActionsForPipelineActionHandler] ERROR pipeline.PipelineActionHandler (PipelineActionHandler.java:onMessage(60)) - Received pipeline action CLOSE for Pipeline[ Id: 6ec498c6-2b3c-401f-9684-88289bce3651, Nodes: 1a989eca-a026-4062-a574-e52a85f9a2a4{ip: 192.168.34.12, host: pr-hdds-2106-8t9qr-763259812, networkLocation: /default-rack, certSerialId: null}4bd4e05e-fa44-45f4-99bb-ac21c4078a41{ip: 192.168.34.12, host: pr-hdds-2106-8t9qr-763259812, networkLocation: /default-rack, certSerialId: null}69a71f03-bd49-4dcf-a91a-b858634f7ca8{ip: 192.168.34.12, host: pr-hdds-2106-8t9qr-763259812, networkLocation: /default-rack, certSerialId: null}, Type:RATIS, Factor:THREE, State:CLOSED] from datanode 69a71f03-bd49-4dcf-a91a-b858634f7ca8{ip: 192.168.34.12, host: pr-hdds-2106-8t9qr-763259812, networkLocation: /default-rack, certSerialId: null}. Reason : 69a71f03-bd49-4dcf-a91a-b858634f7ca8 has not seen follower/s 4bd4e05e-fa44-45f4-99bb-ac21c4078a41 for 123199ms 1a989eca-a026-4062-a574-e52a85f9a2a4 for 123199ms
2019-09-11 07:06:23,069 [EventQueue-PipelineActionsForPipelineActionHandler] INFO  pipeline.SCMPipelineManager (SCMPipelineManager.java:finalizeAndDestroyPipeline(311)) - destroying pipeline:Pipeline[ Id: 6ec498c6-2b3c-401f-9684-88289bce3651, Nodes: 1a989eca-a026-4062-a574-e52a85f9a2a4{ip: 192.168.34.12, host: pr-hdds-2106-8t9qr-763259812, networkLocation: /default-rack, certSerialId: null}4bd4e05e-fa44-45f4-99bb-ac21c4078a41{ip: 192.168.34.12, host: pr-hdds-2106-8t9qr-763259812, networkLocation: /default-rack, certSerialId: null}69a71f03-bd49-4dcf-a91a-b858634f7ca8{ip: 192.168.34.12, host: pr-hdds-2106-8t9qr-763259812, networkLocation: /default-rack, certSerialId: null}, Type:RATIS, Factor:THREE, State:CLOSED]
2019-09-11 07:06:23,082 [org.apache.ratis.server.impl.LogAppender$AppenderDaemon$$Lambda$511/1624611919@2ca26f32] ERROR ratis.XceiverServerRatis (XceiverServerRatis.java:triggerPipelineClose(568)) - pipeline Action CLOSE  on pipeline PipelineID=6ec498c6-2b3c-401f-9684-88289bce3651.Reason : 69a71f03-bd49-4dcf-a91a-b858634f7ca8 has not seen follower/s 4bd4e05e-fa44-45f4-99bb-ac21c4078a41 for 123809ms 1a989eca-a026-4062-a574-e52a85f9a2a4 for 123809ms
2019-09-11 07:06:23,082 [org.apache.ratis.server.impl.LogAppender$AppenderDaemon$$Lambda$511/1624611919@2e68335] ERROR ratis.XceiverServerRatis (XceiverServerRatis.java:triggerPipelineClose(568)) - pipeline Action CLOSE  on pipeline PipelineID=6ec498c6-2b3c-401f-9684-88289bce3651.Reason : 69a71f03-bd49-4dcf-a91a-b858634f7ca8 has not seen follower/s 4bd4e05e-fa44-45f4-99bb-ac21c4078a41 for 123809ms 1a989eca-a026-4062-a574-e52a85f9a2a4 for 123809ms
2019-09-11 07:06:24,081 [EventQueue-PipelineActionsForPipelineActionHandler] ERROR pipeline.PipelineActionHandler (PipelineActionHandler.java:onMessage(60)) - Received pipeline action CLOSE for Pipeline[ Id: 6ec498c6-2b3c-401f-9684-88289bce3651, Nodes: 1a989eca-a026-4062-a574-e52a85f9a2a4{ip: 192.168.34.12, host: pr-hdds-2106-8t9qr-763259812, networkLocation: /default-rack, certSerialId: null}4bd4e05e-fa44-45f4-99bb-ac21c4078a41{ip: 192.168.34.12, host: pr-hdds-2106-8t9qr-763259812, networkLocation: /default-rack, certSerialId: null}69a71f03-bd49-4dcf-a91a-b858634f7ca8{ip: 192.168.34.12, host: pr-hdds-2106-8t9qr-763259812, networkLocation: /default-rack, certSerialId: null}, Type:RATIS, Factor:THREE, State:CLOSED] from datanode 69a71f03-bd49-4dcf-a91a-b858634f7ca8{ip: 192.168.34.12, host: pr-hdds-2106-8t9qr-763259812, networkLocation: /default-rack, certSerialId: null}. Reason : 69a71f03-bd49-4dcf-a91a-b858634f7ca8 has not seen follower/s 4bd4e05e-fa44-45f4-99bb-ac21c4078a41 for 123809ms 1a989eca-a026-4062-a574-e52a85f9a2a4 for 123809ms
2019-09-11 07:06:24,082 [EventQueue-PipelineActionsForPipelineActionHandler] INFO  pipeline.SCMPipelineManager (SCMPipelineManager.java:finalizeAndDestroyPipeline(311)) - destroying pipeline:Pipeline[ Id: 6ec498c6-2b3c-401f-9684-88289bce3651, Nodes: 1a989eca-a026-4062-a574-e52a85f9a2a4{ip: 192.168.34.12, host: pr-hdds-2106-8t9qr-763259812, networkLocation: /default-rack, certSerialId: null}4bd4e05e-fa44-45f4-99bb-ac21c4078a41{ip: 192.168.34.12, host: pr-hdds-2106-8t9qr-763259812, networkLocation: /default-rack, certSerialId: null}69a71f03-bd49-4dcf-a91a-b858634f7ca8{ip: 192.168.34.12, host: pr-hdds-2106-8t9qr-763259812, networkLocation: /default-rack, certSerialId: null}, Type:RATIS, Factor:THREE, State:CLOSED]
2019-09-11 07:06:25,472 [java.util.concurrent.ThreadPoolExecutor$Worker@5b781eac[State = -1, empty queue]] WARN  server.GrpcLogAppender (GrpcLogAppender.java:timeoutAppendRequest(200)) - 69a71f03-bd49-4dcf-a91a-b858634f7ca8@group-88289BCE3651->4bd4e05e-fa44-45f4-99bb-ac21c4078a41-GrpcLogAppender: appendEntries Timeout, request=69a71f03-bd49-4dcf-a91a-b858634f7ca8->4bd4e05e-fa44-45f4-99bb-ac21c4078a41#71-t1, previous=(t:1, i:12), leaderCommit=6, initializing? false, entries: <empty>
2019-09-11 07:06:25,472 [java.util.concurrent.ThreadPoolExecutor$Worker@16e6d60[State = -1, empty queue]] WARN  server.GrpcLogAppender (GrpcLogAppender.java:timeoutAppendRequest(200)) - 69a71f03-bd49-4dcf-a91a-b858634f7ca8@group-88289BCE3651->1a989eca-a026-4062-a574-e52a85f9a2a4-GrpcLogAppender: appendEntries Timeout, request=69a71f03-bd49-4dcf-a91a-b858634f7ca8->1a989eca-a026-4062-a574-e52a85f9a2a4#71-t1, previous=(t:1, i:12), leaderCommit=6, initializing? false, entries: <empty>
2019-09-11 07:06:25,583 [org.apache.ratis.server.impl.LogAppender$AppenderDaemon$$Lambda$511/1624611919@2ca26f32] ERROR ratis.XceiverServerRatis (XceiverServerRatis.java:triggerPipelineClose(568)) - pipeline Action CLOSE  on pipeline PipelineID=6ec498c6-2b3c-401f-9684-88289bce3651.Reason : 69a71f03-bd49-4dcf-a91a-b858634f7ca8 has not seen follower/s 4bd4e05e-fa44-45f4-99bb-ac21c4078a41 for 126310ms 1a989eca-a026-4062-a574-e52a85f9a2a4 for 126310ms
2019-09-11 07:06:25,583 [org.apache.ratis.server.impl.LogAppender$AppenderDaemon$$Lambda$511/1624611919@2e68335] ERROR ratis.XceiverServerRatis (XceiverServerRatis.java:triggerPipelineClose(568)) - pipeline Action CLOSE  on pipeline PipelineID=6ec498c6-2b3c-401f-9684-88289bce3651.Reason : 69a71f03-bd49-4dcf-a91a-b858634f7ca8 has not seen follower/s 4bd4e05e-fa44-45f4-99bb-ac21c4078a41 for 126310ms 1a989eca-a026-4062-a574-e52a85f9a2a4 for 126310ms
2019-09-11 07:06:26,081 [EventQueue-PipelineActionsForPipelineActionHandler] ERROR pipeline.PipelineActionHandler (PipelineActionHandler.java:onMessage(60)) - Received pipeline action CLOSE for Pipeline[ Id: 6ec498c6-2b3c-401f-9684-88289bce3651, Nodes: 1a989eca-a026-4062-a574-e52a85f9a2a4{ip: 192.168.34.12, host: pr-hdds-2106-8t9qr-763259812, networkLocation: /default-rack, certSerialId: null}4bd4e05e-fa44-45f4-99bb-ac21c4078a41{ip: 192.168.34.12, host: pr-hdds-2106-8t9qr-763259812, networkLocation: /default-rack, certSerialId: null}69a71f03-bd49-4dcf-a91a-b858634f7ca8{ip: 192.168.34.12, host: pr-hdds-2106-8t9qr-763259812, networkLocation: /default-rack, certSerialId: null}, Type:RATIS, Factor:THREE, State:CLOSED] from datanode 69a71f03-bd49-4dcf-a91a-b858634f7ca8{ip: 192.168.34.12, host: pr-hdds-2106-8t9qr-763259812, networkLocation: /default-rack, certSerialId: null}. Reason : 69a71f03-bd49-4dcf-a91a-b858634f7ca8 has not seen follower/s 4bd4e05e-fa44-45f4-99bb-ac21c4078a41 for 126310ms 1a989eca-a026-4062-a574-e52a85f9a2a4 for 126310ms
2019-09-11 07:06:26,082 [EventQueue-PipelineActionsForPipelineActionHandler] INFO  pipeline.SCMPipelineManager (SCMPipelineManager.java:finalizeAndDestroyPipeline(311)) - destroying pipeline:Pipeline[ Id: 6ec498c6-2b3c-401f-9684-88289bce3651, Nodes: 1a989eca-a026-4062-a574-e52a85f9a2a4{ip: 192.168.34.12, host: pr-hdds-2106-8t9qr-763259812, networkLocation: /default-rack, certSerialId: null}4bd4e05e-fa44-45f4-99bb-ac21c4078a41{ip: 192.168.34.12, host: pr-hdds-2106-8t9qr-763259812, networkLocation: /default-rack, certSerialId: null}69a71f03-bd49-4dcf-a91a-b858634f7ca8{ip: 192.168.34.12, host: pr-hdds-2106-8t9qr-763259812, networkLocation: /default-rack, certSerialId: null}, Type:RATIS, Factor:THREE, State:CLOSED]
2019-09-11 07:06:26,082 [java.util.concurrent.ThreadPoolExecutor$Worker@5b781eac[State = -1, empty queue]] WARN  server.GrpcLogAppender (GrpcLogAppender.java:timeoutAppendRequest(200)) - 69a71f03-bd49-4dcf-a91a-b858634f7ca8@group-88289BCE3651->4bd4e05e-fa44-45f4-99bb-ac21c4078a41-GrpcLogAppender: appendEntries Timeout, request=69a71f03-bd49-4dcf-a91a-b858634f7ca8->4bd4e05e-fa44-45f4-99bb-ac21c4078a41#72-t1, previous=(t:1, i:12), leaderCommit=6, initializing? false, entries: size=1, first=(t:1, i:13), STATEMACHINELOGENTRY, client-F4F5348F7571, cid=16
2019-09-11 07:06:26,082 [java.util.concurrent.ThreadPoolExecutor$Worker@16e6d60[State = -1, empty queue]] WARN  server.GrpcLogAppender (GrpcLogAppender.java:timeoutAppendRequest(200)) - 69a71f03-bd49-4dcf-a91a-b858634f7ca8@group-88289BCE3651->1a989eca-a026-4062-a574-e52a85f9a2a4-GrpcLogAppender: appendEntries Timeout, request=69a71f03-bd49-4dcf-a91a-b858634f7ca8->1a989eca-a026-4062-a574-e52a85f9a2a4#72-t1, previous=(t:1, i:12), leaderCommit=6, initializing? false, entries: size=1, first=(t:1, i:13), STATEMACHINELOGENTRY, client-F4F5348F7571, cid=16
2019-09-11 07:06:26,177 [grpc-default-executor-10] INFO  client.GrpcClientProtocolClient (GrpcClientProtocolClient.java:onNext(264)) - client-018CB4735F58->1a989eca-a026-4062-a574-e52a85f9a2a4: receive RaftClientReply:client-018CB4735F58->1a989eca-a026-4062-a574-e52a85f9a2a4@group-88289BCE3651, cid=142, FAILED org.apache.ratis.protocol.NotLeaderException: Server 1a989eca-a026-4062-a574-e52a85f9a2a4@group-88289BCE3651 is not the leader 69a71f03-bd49-4dcf-a91a-b858634f7ca8:192.168.34.12:43469, logIndex=0, commits[1a989eca-a026-4062-a574-e52a85f9a2a4:c6, 69a71f03-bd49-4dcf-a91a-b858634f7ca8:c6, 4bd4e05e-fa44-45f4-99bb-ac21c4078a41:c4]
2019-09-11 07:06:28,084 [org.apache.ratis.server.impl.LogAppender$AppenderDaemon$$Lambda$511/1624611919@2ca26f32] ERROR ratis.XceiverServerRatis (XceiverServerRatis.java:triggerPipelineClose(568)) - pipeline Action CLOSE  on pipeline PipelineID=6ec498c6-2b3c-401f-9684-88289bce3651.Reason : 69a71f03-bd49-4dcf-a91a-b858634f7ca8 has not seen follower/s 4bd4e05e-fa44-45f4-99bb-ac21c4078a41 for 128811ms 1a989eca-a026-4062-a574-e52a85f9a2a4 for 128811ms
2019-09-11 07:06:28,084 [org.apache.ratis.server.impl.LogAppender$AppenderDaemon$$Lambda$511/1624611919@2e68335] ERROR ratis.XceiverServerRatis (XceiverServerRatis.java:triggerPipelineClose(568)) - pipeline Action CLOSE  on pipeline PipelineID=6ec498c6-2b3c-401f-9684-88289bce3651.Reason : 69a71f03-bd49-4dcf-a91a-b858634f7ca8 has not seen follower/s 4bd4e05e-fa44-45f4-99bb-ac21c4078a41 for 128811ms 1a989eca-a026-4062-a574-e52a85f9a2a4 for 128811ms
2019-09-11 07:06:28,582 [java.util.concurrent.ThreadPoolExecutor$Worker@16e6d60[State = -1, empty queue]] WARN  server.GrpcLogAppender (GrpcLogAppender.java:timeoutAppendRequest(200)) - 69a71f03-bd49-4dcf-a91a-b858634f7ca8@group-88289BCE3651->1a989eca-a026-4062-a574-e52a85f9a2a4-GrpcLogAppender: appendEntries Timeout, request=69a71f03-bd49-4dcf-a91a-b858634f7ca8->1a989eca-a026-4062-a574-e52a85f9a2a4#73-t1, previous=(t:1, i:13), leaderCommit=6, initializing? false, entries: <empty>
2019-09-11 07:06:28,583 [java.util.concurrent.ThreadPoolExecutor$Worker@5b781eac[State = -1, empty queue]] WARN  server.GrpcLogAppender (GrpcLogAppender.java:timeoutAppendRequest(200)) - 69a71f03-bd49-4dcf-a91a-b858634f7ca8@group-88289BCE3651->4bd4e05e-fa44-45f4-99bb-ac21c4078a41-GrpcLogAppender: appendEntries Timeout, request=69a71f03-bd49-4dcf-a91a-b858634f7ca8->4bd4e05e-fa44-45f4-99bb-ac21c4078a41#73-t1, previous=(t:1, i:13), leaderCommit=6, initializing? false, entries: <empty>
2019-09-11 07:06:29,081 [EventQueue-PipelineActionsForPipelineActionHandler] ERROR pipeline.PipelineActionHandler (PipelineActionHandler.java:onMessage(60)) - Received pipeline action CLOSE for Pipeline[ Id: 6ec498c6-2b3c-401f-9684-88289bce3651, Nodes: 1a989eca-a026-4062-a574-e52a85f9a2a4{ip: 192.168.34.12, host: pr-hdds-2106-8t9qr-763259812, networkLocation: /default-rack, certSerialId: null}4bd4e05e-fa44-45f4-99bb-ac21c4078a41{ip: 192.168.34.12, host: pr-hdds-2106-8t9qr-763259812, networkLocation: /default-rack, certSerialId: null}69a71f03-bd49-4dcf-a91a-b858634f7ca8{ip: 192.168.34.12, host: pr-hdds-2106-8t9qr-763259812, networkLocation: /default-rack, certSerialId: null}, Type:RATIS, Factor:THREE, State:CLOSED] from datanode 69a71f03-bd49-4dcf-a91a-b858634f7ca8{ip: 192.168.34.12, host: pr-hdds-2106-8t9qr-763259812, networkLocation: /default-rack, certSerialId: null}. Reason : 69a71f03-bd49-4dcf-a91a-b858634f7ca8 has not seen follower/s 4bd4e05e-fa44-45f4-99bb-ac21c4078a41 for 128811ms 1a989eca-a026-4062-a574-e52a85f9a2a4 for 128811ms
2019-09-11 07:06:29,082 [EventQueue-PipelineActionsForPipelineActionHandler] INFO  pipeline.SCMPipelineManager (SCMPipelineManager.java:finalizeAndDestroyPipeline(311)) - destroying pipeline:Pipeline[ Id: 6ec498c6-2b3c-401f-9684-88289bce3651, Nodes: 1a989eca-a026-4062-a574-e52a85f9a2a4{ip: 192.168.34.12, host: pr-hdds-2106-8t9qr-763259812, networkLocation: /default-rack, certSerialId: null}4bd4e05e-fa44-45f4-99bb-ac21c4078a41{ip: 192.168.34.12, host: pr-hdds-2106-8t9qr-763259812, networkLocation: /default-rack, certSerialId: null}69a71f03-bd49-4dcf-a91a-b858634f7ca8{ip: 192.168.34.12, host: pr-hdds-2106-8t9qr-763259812, networkLocation: /default-rack, certSerialId: null}, Type:RATIS, Factor:THREE, State:CLOSED]
2019-09-11 07:06:30,065 [69a71f03-bd49-4dcf-a91a-b858634f7ca8@group-88289BCE3651-SegmentedRaftLogWorker] WARN  segmented.SegmentedRaftLogWorker (SegmentedRaftLogWorker.java:getFromFuture(90)) - Timeout 12/~
org.apache.ratis.protocol.TimeoutIOException: Timeout 10s: WriteLog:8: (t:1, i:8), STATEMACHINELOGENTRY, client-018CB4735F58, cid=143-writeStateMachineData
	at org.apache.ratis.util.IOUtils.getFromFuture(IOUtils.java:87)
	at org.apache.ratis.server.raftlog.segmented.SegmentedRaftLogWorker$StateMachineDataPolicy.getFromFuture(SegmentedRaftLogWorker.java:87)
	at org.apache.ratis.server.raftlog.segmented.SegmentedRaftLogWorker$WriteLog.execute(SegmentedRaftLogWorker.java:477)
	at org.apache.ratis.server.raftlog.segmented.SegmentedRaftLogWorker.run(SegmentedRaftLogWorker.java:289)
	at java.lang.Thread.run(Thread.java:748)
Caused by: java.util.concurrent.TimeoutException
	at java.util.concurrent.CompletableFuture.timedGet(CompletableFuture.java:1771)
	at java.util.concurrent.CompletableFuture.get(CompletableFuture.java:1915)
	at org.apache.ratis.util.IOUtils.getFromFuture(IOUtils.java:79)
	... 4 more
2019-09-11 07:06:30,094 [1a989eca-a026-4062-a574-e52a85f9a2a4@group-88289BCE3651-SegmentedRaftLogWorker] WARN  segmented.SegmentedRaftLogWorker (SegmentedRaftLogWorker.java:getFromFuture(90)) - Timeout 12/~
org.apache.ratis.protocol.TimeoutIOException: Timeout 10s: WriteLog:8: (t:1, i:8), STATEMACHINELOGENTRY, client-018CB4735F58, cid=143-writeStateMachineData
	at org.apache.ratis.util.IOUtils.getFromFuture(IOUtils.java:87)
	at org.apache.ratis.server.raftlog.segmented.SegmentedRaftLogWorker$StateMachineDataPolicy.getFromFuture(SegmentedRaftLogWorker.java:87)
	at org.apache.ratis.server.raftlog.segmented.SegmentedRaftLogWorker$WriteLog.execute(SegmentedRaftLogWorker.java:477)
	at org.apache.ratis.server.raftlog.segmented.SegmentedRaftLogWorker.run(SegmentedRaftLogWorker.java:289)
	at java.lang.Thread.run(Thread.java:748)
Caused by: java.util.concurrent.TimeoutException
	at java.util.concurrent.CompletableFuture.timedGet(CompletableFuture.java:1771)
	at java.util.concurrent.CompletableFuture.get(CompletableFuture.java:1915)
	at org.apache.ratis.util.IOUtils.getFromFuture(IOUtils.java:79)
	... 4 more
2019-09-11 07:06:30,094 [4bd4e05e-fa44-45f4-99bb-ac21c4078a41@group-88289BCE3651-SegmentedRaftLogWorker] WARN  segmented.SegmentedRaftLogWorker (SegmentedRaftLogWorker.java:getFromFuture(90)) - Timeout 12/~
org.apache.ratis.protocol.TimeoutIOException: Timeout 10s: WriteLog:10: (t:1, i:10), STATEMACHINELOGENTRY, client-018CB4735F58, cid=145-writeStateMachineData
	at org.apache.ratis.util.IOUtils.getFromFuture(IOUtils.java:87)
	at org.apache.ratis.server.raftlog.segmented.SegmentedRaftLogWorker$StateMachineDataPolicy.getFromFuture(SegmentedRaftLogWorker.java:87)
	at org.apache.ratis.server.raftlog.segmented.SegmentedRaftLogWorker$WriteLog.execute(SegmentedRaftLogWorker.java:477)
	at org.apache.ratis.server.raftlog.segmented.SegmentedRaftLogWorker.run(SegmentedRaftLogWorker.java:289)
	at java.lang.Thread.run(Thread.java:748)
Caused by: java.util.concurrent.TimeoutException
	at java.util.concurrent.CompletableFuture.timedGet(CompletableFuture.java:1771)
	at java.util.concurrent.CompletableFuture.get(CompletableFuture.java:1915)
	at org.apache.ratis.util.IOUtils.getFromFuture(IOUtils.java:79)
	... 4 more
2019-09-11 07:06:30,584 [org.apache.ratis.server.impl.LogAppender$AppenderDaemon$$Lambda$511/1624611919@2ca26f32] ERROR ratis.XceiverServerRatis (XceiverServerRatis.java:triggerPipelineClose(568)) - pipeline Action CLOSE  on pipeline PipelineID=6ec498c6-2b3c-401f-9684-88289bce3651.Reason : 69a71f03-bd49-4dcf-a91a-b858634f7ca8 has not seen follower/s 4bd4e05e-fa44-45f4-99bb-ac21c4078a41 for 131312ms 1a989eca-a026-4062-a574-e52a85f9a2a4 for 131312ms
2019-09-11 07:06:30,585 [org.apache.ratis.server.impl.LogAppender$AppenderDaemon$$Lambda$511/1624611919@2e68335] ERROR ratis.XceiverServerRatis (XceiverServerRatis.java:triggerPipelineClose(568)) - pipeline Action CLOSE  on pipeline PipelineID=6ec498c6-2b3c-401f-9684-88289bce3651.Reason : 69a71f03-bd49-4dcf-a91a-b858634f7ca8 has not seen follower/s 4bd4e05e-fa44-45f4-99bb-ac21c4078a41 for 131312ms 1a989eca-a026-4062-a574-e52a85f9a2a4 for 131312ms
2019-09-11 07:06:31,082 [EventQueue-PipelineActionsForPipelineActionHandler] ERROR pipeline.PipelineActionHandler (PipelineActionHandler.java:onMessage(60)) - Received pipeline action CLOSE for Pipeline[ Id: 6ec498c6-2b3c-401f-9684-88289bce3651, Nodes: 1a989eca-a026-4062-a574-e52a85f9a2a4{ip: 192.168.34.12, host: pr-hdds-2106-8t9qr-763259812, networkLocation: /default-rack, certSerialId: null}4bd4e05e-fa44-45f4-99bb-ac21c4078a41{ip: 192.168.34.12, host: pr-hdds-2106-8t9qr-763259812, networkLocation: /default-rack, certSerialId: null}69a71f03-bd49-4dcf-a91a-b858634f7ca8{ip: 192.168.34.12, host: pr-hdds-2106-8t9qr-763259812, networkLocation: /default-rack, certSerialId: null}, Type:RATIS, Factor:THREE, State:CLOSED] from datanode 69a71f03-bd49-4dcf-a91a-b858634f7ca8{ip: 192.168.34.12, host: pr-hdds-2106-8t9qr-763259812, networkLocation: /default-rack, certSerialId: null}. Reason : 69a71f03-bd49-4dcf-a91a-b858634f7ca8 has not seen follower/s 4bd4e05e-fa44-45f4-99bb-ac21c4078a41 for 131312ms 1a989eca-a026-4062-a574-e52a85f9a2a4 for 131312ms
2019-09-11 07:06:31,082 [EventQueue-PipelineActionsForPipelineActionHandler] INFO  pipeline.SCMPipelineManager (SCMPipelineManager.java:finalizeAndDestroyPipeline(311)) - destroying pipeline:Pipeline[ Id: 6ec498c6-2b3c-401f-9684-88289bce3651, Nodes: 1a989eca-a026-4062-a574-e52a85f9a2a4{ip: 192.168.34.12, host: pr-hdds-2106-8t9qr-763259812, networkLocation: /default-rack, certSerialId: null}4bd4e05e-fa44-45f4-99bb-ac21c4078a41{ip: 192.168.34.12, host: pr-hdds-2106-8t9qr-763259812, networkLocation: /default-rack, certSerialId: null}69a71f03-bd49-4dcf-a91a-b858634f7ca8{ip: 192.168.34.12, host: pr-hdds-2106-8t9qr-763259812, networkLocation: /default-rack, certSerialId: null}, Type:RATIS, Factor:THREE, State:CLOSED]
2019-09-11 07:06:31,084 [java.util.concurrent.ThreadPoolExecutor$Worker@16e6d60[State = -1, empty queue]] WARN  server.GrpcLogAppender (GrpcLogAppender.java:timeoutAppendRequest(200)) - 69a71f03-bd49-4dcf-a91a-b858634f7ca8@group-88289BCE3651->1a989eca-a026-4062-a574-e52a85f9a2a4-GrpcLogAppender: appendEntries Timeout, request=69a71f03-bd49-4dcf-a91a-b858634f7ca8->1a989eca-a026-4062-a574-e52a85f9a2a4#74-t1, previous=(t:1, i:13), leaderCommit=6, initializing? false, entries: <empty>
2019-09-11 07:06:31,084 [java.util.concurrent.ThreadPoolExecutor$Worker@5b781eac[State = -1, empty queue]] WARN  server.GrpcLogAppender (GrpcLogAppender.java:timeoutAppendRequest(200)) - 69a71f03-bd49-4dcf-a91a-b858634f7ca8@group-88289BCE3651->4bd4e05e-fa44-45f4-99bb-ac21c4078a41-GrpcLogAppender: appendEntries Timeout, request=69a71f03-bd49-4dcf-a91a-b858634f7ca8->4bd4e05e-fa44-45f4-99bb-ac21c4078a41#74-t1, previous=(t:1, i:13), leaderCommit=6, initializing? false, entries: <empty>
2019-09-11 07:06:31,216 [grpc-default-executor-4] INFO  client.GrpcClientProtocolClient (GrpcClientProtocolClient.java:onNext(264)) - client-018CB4735F58->1a989eca-a026-4062-a574-e52a85f9a2a4: receive RaftClientReply:client-018CB4735F58->1a989eca-a026-4062-a574-e52a85f9a2a4@group-88289BCE3651, cid=142, FAILED org.apache.ratis.protocol.NotLeaderException: Server 1a989eca-a026-4062-a574-e52a85f9a2a4@group-88289BCE3651 is not the leader 69a71f03-bd49-4dcf-a91a-b858634f7ca8:192.168.34.12:43469, logIndex=0, commits[1a989eca-a026-4062-a574-e52a85f9a2a4:c6, 69a71f03-bd49-4dcf-a91a-b858634f7ca8:c6, 4bd4e05e-fa44-45f4-99bb-ac21c4078a41:c4]
2019-09-11 07:06:33,085 [org.apache.ratis.server.impl.LogAppender$AppenderDaemon$$Lambda$511/1624611919@2e68335] ERROR ratis.XceiverServerRatis (XceiverServerRatis.java:triggerPipelineClose(568)) - pipeline Action CLOSE  on pipeline PipelineID=6ec498c6-2b3c-401f-9684-88289bce3651.Reason : 69a71f03-bd49-4dcf-a91a-b858634f7ca8 has not seen follower/s 4bd4e05e-fa44-45f4-99bb-ac21c4078a41 for 133813ms 1a989eca-a026-4062-a574-e52a85f9a2a4 for 133813ms
2019-09-11 07:06:33,085 [org.apache.ratis.server.impl.LogAppender$AppenderDaemon$$Lambda$511/1624611919@2ca26f32] ERROR ratis.XceiverServerRatis (XceiverServerRatis.java:triggerPipelineClose(568)) - pipeline Action CLOSE  on pipeline PipelineID=6ec498c6-2b3c-401f-9684-88289bce3651.Reason : 69a71f03-bd49-4dcf-a91a-b858634f7ca8 has not seen follower/s 4bd4e05e-fa44-45f4-99bb-ac21c4078a41 for 133813ms 1a989eca-a026-4062-a574-e52a85f9a2a4 for 133813ms
2019-09-11 07:06:33,584 [java.util.concurrent.ThreadPoolExecutor$Worker@16e6d60[State = -1, empty queue]] WARN  server.GrpcLogAppender (GrpcLogAppender.java:timeoutAppendRequest(200)) - 69a71f03-bd49-4dcf-a91a-b858634f7ca8@group-88289BCE3651->1a989eca-a026-4062-a574-e52a85f9a2a4-GrpcLogAppender: appendEntries Timeout, request=69a71f03-bd49-4dcf-a91a-b858634f7ca8->1a989eca-a026-4062-a574-e52a85f9a2a4#75-t1, previous=(t:1, i:13), leaderCommit=6, initializing? false, entries: <empty>
2019-09-11 07:06:33,585 [java.util.concurrent.ThreadPoolExecutor$Worker@5b781eac[State = -1, empty queue]] WARN  server.GrpcLogAppender (GrpcLogAppender.java:timeoutAppendRequest(200)) - 69a71f03-bd49-4dcf-a91a-b858634f7ca8@group-88289BCE3651->4bd4e05e-fa44-45f4-99bb-ac21c4078a41-GrpcLogAppender: appendEntries Timeout, request=69a71f03-bd49-4dcf-a91a-b858634f7ca8->4bd4e05e-fa44-45f4-99bb-ac21c4078a41#75-t1, previous=(t:1, i:13), leaderCommit=6, initializing? false, entries: <empty>
2019-09-11 07:06:34,083 [EventQueue-PipelineActionsForPipelineActionHandler] ERROR pipeline.PipelineActionHandler (PipelineActionHandler.java:onMessage(60)) - Received pipeline action CLOSE for Pipeline[ Id: 6ec498c6-2b3c-401f-9684-88289bce3651, Nodes: 1a989eca-a026-4062-a574-e52a85f9a2a4{ip: 192.168.34.12, host: pr-hdds-2106-8t9qr-763259812, networkLocation: /default-rack, certSerialId: null}4bd4e05e-fa44-45f4-99bb-ac21c4078a41{ip: 192.168.34.12, host: pr-hdds-2106-8t9qr-763259812, networkLocation: /default-rack, certSerialId: null}69a71f03-bd49-4dcf-a91a-b858634f7ca8{ip: 192.168.34.12, host: pr-hdds-2106-8t9qr-763259812, networkLocation: /default-rack, certSerialId: null}, Type:RATIS, Factor:THREE, State:CLOSED] from datanode 69a71f03-bd49-4dcf-a91a-b858634f7ca8{ip: 192.168.34.12, host: pr-hdds-2106-8t9qr-763259812, networkLocation: /default-rack, certSerialId: null}. Reason : 69a71f03-bd49-4dcf-a91a-b858634f7ca8 has not seen follower/s 4bd4e05e-fa44-45f4-99bb-ac21c4078a41 for 133813ms 1a989eca-a026-4062-a574-e52a85f9a2a4 for 133813ms
2019-09-11 07:06:34,083 [EventQueue-PipelineActionsForPipelineActionHandler] INFO  pipeline.SCMPipelineManager (SCMPipelineManager.java:finalizeAndDestroyPipeline(311)) - destroying pipeline:Pipeline[ Id: 6ec498c6-2b3c-401f-9684-88289bce3651, Nodes: 1a989eca-a026-4062-a574-e52a85f9a2a4{ip: 192.168.34.12, host: pr-hdds-2106-8t9qr-763259812, networkLocation: /default-rack, certSerialId: null}4bd4e05e-fa44-45f4-99bb-ac21c4078a41{ip: 192.168.34.12, host: pr-hdds-2106-8t9qr-763259812, networkLocation: /default-rack, certSerialId: null}69a71f03-bd49-4dcf-a91a-b858634f7ca8{ip: 192.168.34.12, host: pr-hdds-2106-8t9qr-763259812, networkLocation: /default-rack, certSerialId: null}, Type:RATIS, Factor:THREE, State:CLOSED]
2019-09-11 07:06:35,587 [org.apache.ratis.server.impl.LogAppender$AppenderDaemon$$Lambda$511/1624611919@2e68335] ERROR ratis.XceiverServerRatis (XceiverServerRatis.java:triggerPipelineClose(568)) - pipeline Action CLOSE  on pipeline PipelineID=6ec498c6-2b3c-401f-9684-88289bce3651.Reason : 69a71f03-bd49-4dcf-a91a-b858634f7ca8 has not seen follower/s 4bd4e05e-fa44-45f4-99bb-ac21c4078a41 for 136314ms 1a989eca-a026-4062-a574-e52a85f9a2a4 for 136314ms
2019-09-11 07:06:35,587 [org.apache.ratis.server.impl.LogAppender$AppenderDaemon$$Lambda$511/1624611919@2ca26f32] ERROR ratis.XceiverServerRatis (XceiverServerRatis.java:triggerPipelineClose(568)) - pipeline Action CLOSE  on pipeline PipelineID=6ec498c6-2b3c-401f-9684-88289bce3651.Reason : 69a71f03-bd49-4dcf-a91a-b858634f7ca8 has not seen follower/s 4bd4e05e-fa44-45f4-99bb-ac21c4078a41 for 136314ms 1a989eca-a026-4062-a574-e52a85f9a2a4 for 136314ms
2019-09-11 07:06:36,082 [EventQueue-PipelineActionsForPipelineActionHandler] ERROR pipeline.PipelineActionHandler (PipelineActionHandler.java:onMessage(60)) - Received pipeline action CLOSE for Pipeline[ Id: 6ec498c6-2b3c-401f-9684-88289bce3651, Nodes: 1a989eca-a026-4062-a574-e52a85f9a2a4{ip: 192.168.34.12, host: pr-hdds-2106-8t9qr-763259812, networkLocation: /default-rack, certSerialId: null}4bd4e05e-fa44-45f4-99bb-ac21c4078a41{ip: 192.168.34.12, host: pr-hdds-2106-8t9qr-763259812, networkLocation: /default-rack, certSerialId: null}69a71f03-bd49-4dcf-a91a-b858634f7ca8{ip: 192.168.34.12, host: pr-hdds-2106-8t9qr-763259812, networkLocation: /default-rack, certSerialId: null}, Type:RATIS, Factor:THREE, State:CLOSED] from datanode 69a71f03-bd49-4dcf-a91a-b858634f7ca8{ip: 192.168.34.12, host: pr-hdds-2106-8t9qr-763259812, networkLocation: /default-rack, certSerialId: null}. Reason : 69a71f03-bd49-4dcf-a91a-b858634f7ca8 has not seen follower/s 4bd4e05e-fa44-45f4-99bb-ac21c4078a41 for 136314ms 1a989eca-a026-4062-a574-e52a85f9a2a4 for 136314ms
2019-09-11 07:06:36,082 [EventQueue-PipelineActionsForPipelineActionHandler] INFO  pipeline.SCMPipelineManager (SCMPipelineManager.java:finalizeAndDestroyPipeline(311)) - destroying pipeline:Pipeline[ Id: 6ec498c6-2b3c-401f-9684-88289bce3651, Nodes: 1a989eca-a026-4062-a574-e52a85f9a2a4{ip: 192.168.34.12, host: pr-hdds-2106-8t9qr-763259812, networkLocation: /default-rack, certSerialId: null}4bd4e05e-fa44-45f4-99bb-ac21c4078a41{ip: 192.168.34.12, host: pr-hdds-2106-8t9qr-763259812, networkLocation: /default-rack, certSerialId: null}69a71f03-bd49-4dcf-a91a-b858634f7ca8{ip: 192.168.34.12, host: pr-hdds-2106-8t9qr-763259812, networkLocation: /default-rack, certSerialId: null}, Type:RATIS, Factor:THREE, State:CLOSED]
2019-09-11 07:06:36,085 [java.util.concurrent.ThreadPoolExecutor$Worker@16e6d60[State = -1, empty queue]] WARN  server.GrpcLogAppender (GrpcLogAppender.java:timeoutAppendRequest(200)) - 69a71f03-bd49-4dcf-a91a-b858634f7ca8@group-88289BCE3651->1a989eca-a026-4062-a574-e52a85f9a2a4-GrpcLogAppender: appendEntries Timeout, request=69a71f03-bd49-4dcf-a91a-b858634f7ca8->1a989eca-a026-4062-a574-e52a85f9a2a4#76-t1, previous=(t:1, i:13), leaderCommit=6, initializing? false, entries: <empty>
2019-09-11 07:06:36,085 [java.util.concurrent.ThreadPoolExecutor$Worker@5b781eac[State = -1, empty queue]] WARN  server.GrpcLogAppender (GrpcLogAppender.java:timeoutAppendRequest(200)) - 69a71f03-bd49-4dcf-a91a-b858634f7ca8@group-88289BCE3651->4bd4e05e-fa44-45f4-99bb-ac21c4078a41-GrpcLogAppender: appendEntries Timeout, request=69a71f03-bd49-4dcf-a91a-b858634f7ca8->4bd4e05e-fa44-45f4-99bb-ac21c4078a41#76-t1, previous=(t:1, i:13), leaderCommit=6, initializing? false, entries: <empty>
2019-09-11 07:06:36,262 [grpc-default-executor-10] INFO  client.GrpcClientProtocolClient (GrpcClientProtocolClient.java:onNext(264)) - client-018CB4735F58->4bd4e05e-fa44-45f4-99bb-ac21c4078a41: receive RaftClientReply:client-018CB4735F58->4bd4e05e-fa44-45f4-99bb-ac21c4078a41@group-88289BCE3651, cid=142, FAILED org.apache.ratis.protocol.NotLeaderException: Server 4bd4e05e-fa44-45f4-99bb-ac21c4078a41@group-88289BCE3651 is not the leader 69a71f03-bd49-4dcf-a91a-b858634f7ca8:192.168.34.12:43469, logIndex=0, commits[4bd4e05e-fa44-45f4-99bb-ac21c4078a41:c6, 69a71f03-bd49-4dcf-a91a-b858634f7ca8:c6, 1a989eca-a026-4062-a574-e52a85f9a2a4:c4]
2019-09-11 07:06:38,087 [org.apache.ratis.server.impl.LogAppender$AppenderDaemon$$Lambda$511/1624611919@2ca26f32] ERROR ratis.XceiverServerRatis (XceiverServerRatis.java:triggerPipelineClose(568)) - pipeline Action CLOSE  on pipeline PipelineID=6ec498c6-2b3c-401f-9684-88289bce3651.Reason : 69a71f03-bd49-4dcf-a91a-b858634f7ca8 has not seen follower/s 4bd4e05e-fa44-45f4-99bb-ac21c4078a41 for 138815ms 1a989eca-a026-4062-a574-e52a85f9a2a4 for 138815ms
2019-09-11 07:06:38,087 [org.apache.ratis.server.impl.LogAppender$AppenderDaemon$$Lambda$511/1624611919@2e68335] ERROR ratis.XceiverServerRatis (XceiverServerRatis.java:triggerPipelineClose(568)) - pipeline Action CLOSE  on pipeline PipelineID=6ec498c6-2b3c-401f-9684-88289bce3651.Reason : 69a71f03-bd49-4dcf-a91a-b858634f7ca8 has not seen follower/s 4bd4e05e-fa44-45f4-99bb-ac21c4078a41 for 138815ms 1a989eca-a026-4062-a574-e52a85f9a2a4 for 138815ms
2019-09-11 07:06:38,587 [java.util.concurrent.ThreadPoolExecutor$Worker@16e6d60[State = -1, empty queue]] WARN  server.GrpcLogAppender (GrpcLogAppender.java:timeoutAppendRequest(200)) - 69a71f03-bd49-4dcf-a91a-b858634f7ca8@group-88289BCE3651->1a989eca-a026-4062-a574-e52a85f9a2a4-GrpcLogAppender: appendEntries Timeout, request=69a71f03-bd49-4dcf-a91a-b858634f7ca8->1a989eca-a026-4062-a574-e52a85f9a2a4#77-t1, previous=(t:1, i:13), leaderCommit=6, initializing? false, entries: <empty>
2019-09-11 07:06:38,587 [java.util.concurrent.ThreadPoolExecutor$Worker@5b781eac[State = -1, empty queue]] WARN  server.GrpcLogAppender (GrpcLogAppender.java:timeoutAppendRequest(200)) - 69a71f03-bd49-4dcf-a91a-b858634f7ca8@group-88289BCE3651->4bd4e05e-fa44-45f4-99bb-ac21c4078a41-GrpcLogAppender: appendEntries Timeout, request=69a71f03-bd49-4dcf-a91a-b858634f7ca8->4bd4e05e-fa44-45f4-99bb-ac21c4078a41#77-t1, previous=(t:1, i:13), leaderCommit=6, initializing? false, entries: <empty>
2019-09-11 07:06:39,082 [EventQueue-PipelineActionsForPipelineActionHandler] ERROR pipeline.PipelineActionHandler (PipelineActionHandler.java:onMessage(60)) - Received pipeline action CLOSE for Pipeline[ Id: 6ec498c6-2b3c-401f-9684-88289bce3651, Nodes: 1a989eca-a026-4062-a574-e52a85f9a2a4{ip: 192.168.34.12, host: pr-hdds-2106-8t9qr-763259812, networkLocation: /default-rack, certSerialId: null}4bd4e05e-fa44-45f4-99bb-ac21c4078a41{ip: 192.168.34.12, host: pr-hdds-2106-8t9qr-763259812, networkLocation: /default-rack, certSerialId: null}69a71f03-bd49-4dcf-a91a-b858634f7ca8{ip: 192.168.34.12, host: pr-hdds-2106-8t9qr-763259812, networkLocation: /default-rack, certSerialId: null}, Type:RATIS, Factor:THREE, State:CLOSED] from datanode 69a71f03-bd49-4dcf-a91a-b858634f7ca8{ip: 192.168.34.12, host: pr-hdds-2106-8t9qr-763259812, networkLocation: /default-rack, certSerialId: null}. Reason : 69a71f03-bd49-4dcf-a91a-b858634f7ca8 has not seen follower/s 4bd4e05e-fa44-45f4-99bb-ac21c4078a41 for 138815ms 1a989eca-a026-4062-a574-e52a85f9a2a4 for 138815ms
2019-09-11 07:06:39,083 [EventQueue-PipelineActionsForPipelineActionHandler] INFO  pipeline.SCMPipelineManager (SCMPipelineManager.java:finalizeAndDestroyPipeline(311)) - destroying pipeline:Pipeline[ Id: 6ec498c6-2b3c-401f-9684-88289bce3651, Nodes: 1a989eca-a026-4062-a574-e52a85f9a2a4{ip: 192.168.34.12, host: pr-hdds-2106-8t9qr-763259812, networkLocation: /default-rack, certSerialId: null}4bd4e05e-fa44-45f4-99bb-ac21c4078a41{ip: 192.168.34.12, host: pr-hdds-2106-8t9qr-763259812, networkLocation: /default-rack, certSerialId: null}69a71f03-bd49-4dcf-a91a-b858634f7ca8{ip: 192.168.34.12, host: pr-hdds-2106-8t9qr-763259812, networkLocation: /default-rack, certSerialId: null}, Type:RATIS, Factor:THREE, State:CLOSED]
2019-09-11 07:06:40,066 [69a71f03-bd49-4dcf-a91a-b858634f7ca8@group-88289BCE3651-SegmentedRaftLogWorker] WARN  segmented.SegmentedRaftLogWorker (SegmentedRaftLogWorker.java:getFromFuture(90)) - Timeout 13/~
org.apache.ratis.protocol.TimeoutIOException: Timeout 10s: WriteLog:8: (t:1, i:8), STATEMACHINELOGENTRY, client-018CB4735F58, cid=143-writeStateMachineData
	at org.apache.ratis.util.IOUtils.getFromFuture(IOUtils.java:87)
	at org.apache.ratis.server.raftlog.segmented.SegmentedRaftLogWorker$StateMachineDataPolicy.getFromFuture(SegmentedRaftLogWorker.java:87)
	at org.apache.ratis.server.raftlog.segmented.SegmentedRaftLogWorker$WriteLog.execute(SegmentedRaftLogWorker.java:477)
	at org.apache.ratis.server.raftlog.segmented.SegmentedRaftLogWorker.run(SegmentedRaftLogWorker.java:289)
	at java.lang.Thread.run(Thread.java:748)
Caused by: java.util.concurrent.TimeoutException
	at java.util.concurrent.CompletableFuture.timedGet(CompletableFuture.java:1771)
	at java.util.concurrent.CompletableFuture.get(CompletableFuture.java:1915)
	at org.apache.ratis.util.IOUtils.getFromFuture(IOUtils.java:79)
	... 4 more
2019-09-11 07:06:40,095 [1a989eca-a026-4062-a574-e52a85f9a2a4@group-88289BCE3651-SegmentedRaftLogWorker] WARN  segmented.SegmentedRaftLogWorker (SegmentedRaftLogWorker.java:getFromFuture(90)) - Timeout 13/~
org.apache.ratis.protocol.TimeoutIOException: Timeout 10s: WriteLog:8: (t:1, i:8), STATEMACHINELOGENTRY, client-018CB4735F58, cid=143-writeStateMachineData
	at org.apache.ratis.util.IOUtils.getFromFuture(IOUtils.java:87)
	at org.apache.ratis.server.raftlog.segmented.SegmentedRaftLogWorker$StateMachineDataPolicy.getFromFuture(SegmentedRaftLogWorker.java:87)
	at org.apache.ratis.server.raftlog.segmented.SegmentedRaftLogWorker$WriteLog.execute(SegmentedRaftLogWorker.java:477)
	at org.apache.ratis.server.raftlog.segmented.SegmentedRaftLogWorker.run(SegmentedRaftLogWorker.java:289)
	at java.lang.Thread.run(Thread.java:748)
Caused by: java.util.concurrent.TimeoutException
	at java.util.concurrent.CompletableFuture.timedGet(CompletableFuture.java:1771)
	at java.util.concurrent.CompletableFuture.get(CompletableFuture.java:1915)
	at org.apache.ratis.util.IOUtils.getFromFuture(IOUtils.java:79)
	... 4 more
2019-09-11 07:06:40,095 [4bd4e05e-fa44-45f4-99bb-ac21c4078a41@group-88289BCE3651-SegmentedRaftLogWorker] WARN  segmented.SegmentedRaftLogWorker (SegmentedRaftLogWorker.java:getFromFuture(90)) - Timeout 13/~
org.apache.ratis.protocol.TimeoutIOException: Timeout 10s: WriteLog:10: (t:1, i:10), STATEMACHINELOGENTRY, client-018CB4735F58, cid=145-writeStateMachineData
	at org.apache.ratis.util.IOUtils.getFromFuture(IOUtils.java:87)
	at org.apache.ratis.server.raftlog.segmented.SegmentedRaftLogWorker$StateMachineDataPolicy.getFromFuture(SegmentedRaftLogWorker.java:87)
	at org.apache.ratis.server.raftlog.segmented.SegmentedRaftLogWorker$WriteLog.execute(SegmentedRaftLogWorker.java:477)
	at org.apache.ratis.server.raftlog.segmented.SegmentedRaftLogWorker.run(SegmentedRaftLogWorker.java:289)
	at java.lang.Thread.run(Thread.java:748)
Caused by: java.util.concurrent.TimeoutException
	at java.util.concurrent.CompletableFuture.timedGet(CompletableFuture.java:1771)
	at java.util.concurrent.CompletableFuture.get(CompletableFuture.java:1915)
	at org.apache.ratis.util.IOUtils.getFromFuture(IOUtils.java:79)
	... 4 more
2019-09-11 07:06:40,589 [org.apache.ratis.server.impl.LogAppender$AppenderDaemon$$Lambda$511/1624611919@2ca26f32] ERROR ratis.XceiverServerRatis (XceiverServerRatis.java:triggerPipelineClose(568)) - pipeline Action CLOSE  on pipeline PipelineID=6ec498c6-2b3c-401f-9684-88289bce3651.Reason : 69a71f03-bd49-4dcf-a91a-b858634f7ca8 has not seen follower/s 4bd4e05e-fa44-45f4-99bb-ac21c4078a41 for 141316ms 1a989eca-a026-4062-a574-e52a85f9a2a4 for 141316ms
2019-09-11 07:06:40,589 [org.apache.ratis.server.impl.LogAppender$AppenderDaemon$$Lambda$511/1624611919@2e68335] ERROR ratis.XceiverServerRatis (XceiverServerRatis.java:triggerPipelineClose(568)) - pipeline Action CLOSE  on pipeline PipelineID=6ec498c6-2b3c-401f-9684-88289bce3651.Reason : 69a71f03-bd49-4dcf-a91a-b858634f7ca8 has not seen follower/s 4bd4e05e-fa44-45f4-99bb-ac21c4078a41 for 141316ms 1a989eca-a026-4062-a574-e52a85f9a2a4 for 141316ms
2019-09-11 07:06:41,082 [EventQueue-PipelineActionsForPipelineActionHandler] ERROR pipeline.PipelineActionHandler (PipelineActionHandler.java:onMessage(60)) - Received pipeline action CLOSE for Pipeline[ Id: 6ec498c6-2b3c-401f-9684-88289bce3651, Nodes: 1a989eca-a026-4062-a574-e52a85f9a2a4{ip: 192.168.34.12, host: pr-hdds-2106-8t9qr-763259812, networkLocation: /default-rack, certSerialId: null}4bd4e05e-fa44-45f4-99bb-ac21c4078a41{ip: 192.168.34.12, host: pr-hdds-2106-8t9qr-763259812, networkLocation: /default-rack, certSerialId: null}69a71f03-bd49-4dcf-a91a-b858634f7ca8{ip: 192.168.34.12, host: pr-hdds-2106-8t9qr-763259812, networkLocation: /default-rack, certSerialId: null}, Type:RATIS, Factor:THREE, State:CLOSED] from datanode 69a71f03-bd49-4dcf-a91a-b858634f7ca8{ip: 192.168.34.12, host: pr-hdds-2106-8t9qr-763259812, networkLocation: /default-rack, certSerialId: null}. Reason : 69a71f03-bd49-4dcf-a91a-b858634f7ca8 has not seen follower/s 4bd4e05e-fa44-45f4-99bb-ac21c4078a41 for 141316ms 1a989eca-a026-4062-a574-e52a85f9a2a4 for 141316ms
2019-09-11 07:06:41,082 [EventQueue-PipelineActionsForPipelineActionHandler] INFO  pipeline.SCMPipelineManager (SCMPipelineManager.java:finalizeAndDestroyPipeline(311)) - destroying pipeline:Pipeline[ Id: 6ec498c6-2b3c-401f-9684-88289bce3651, Nodes: 1a989eca-a026-4062-a574-e52a85f9a2a4{ip: 192.168.34.12, host: pr-hdds-2106-8t9qr-763259812, networkLocation: /default-rack, certSerialId: null}4bd4e05e-fa44-45f4-99bb-ac21c4078a41{ip: 192.168.34.12, host: pr-hdds-2106-8t9qr-763259812, networkLocation: /default-rack, certSerialId: null}69a71f03-bd49-4dcf-a91a-b858634f7ca8{ip: 192.168.34.12, host: pr-hdds-2106-8t9qr-763259812, networkLocation: /default-rack, certSerialId: null}, Type:RATIS, Factor:THREE, State:CLOSED]
2019-09-11 07:06:41,087 [java.util.concurrent.ThreadPoolExecutor$Worker@16e6d60[State = -1, empty queue]] WARN  server.GrpcLogAppender (GrpcLogAppender.java:timeoutAppendRequest(200)) - 69a71f03-bd49-4dcf-a91a-b858634f7ca8@group-88289BCE3651->1a989eca-a026-4062-a574-e52a85f9a2a4-GrpcLogAppender: appendEntries Timeout, request=69a71f03-bd49-4dcf-a91a-b858634f7ca8->1a989eca-a026-4062-a574-e52a85f9a2a4#78-t1, previous=(t:1, i:13), leaderCommit=6, initializing? false, entries: <empty>
2019-09-11 07:06:41,087 [java.util.concurrent.ThreadPoolExecutor$Worker@5b781eac[State = -1, empty queue]] WARN  server.GrpcLogAppender (GrpcLogAppender.java:timeoutAppendRequest(200)) - 69a71f03-bd49-4dcf-a91a-b858634f7ca8@group-88289BCE3651->4bd4e05e-fa44-45f4-99bb-ac21c4078a41-GrpcLogAppender: appendEntries Timeout, request=69a71f03-bd49-4dcf-a91a-b858634f7ca8->4bd4e05e-fa44-45f4-99bb-ac21c4078a41#78-t1, previous=(t:1, i:13), leaderCommit=6, initializing? false, entries: <empty>
2019-09-11 07:06:41,305 [grpc-default-executor-1] INFO  client.GrpcClientProtocolClient (GrpcClientProtocolClient.java:onNext(264)) - client-018CB4735F58->4bd4e05e-fa44-45f4-99bb-ac21c4078a41: receive RaftClientReply:client-018CB4735F58->4bd4e05e-fa44-45f4-99bb-ac21c4078a41@group-88289BCE3651, cid=142, FAILED org.apache.ratis.protocol.NotLeaderException: Server 4bd4e05e-fa44-45f4-99bb-ac21c4078a41@group-88289BCE3651 is not the leader 69a71f03-bd49-4dcf-a91a-b858634f7ca8:192.168.34.12:43469, logIndex=0, commits[4bd4e05e-fa44-45f4-99bb-ac21c4078a41:c6, 69a71f03-bd49-4dcf-a91a-b858634f7ca8:c6, 1a989eca-a026-4062-a574-e52a85f9a2a4:c4]
2019-09-11 07:06:43,089 [org.apache.ratis.server.impl.LogAppender$AppenderDaemon$$Lambda$511/1624611919@2e68335] ERROR ratis.XceiverServerRatis (XceiverServerRatis.java:triggerPipelineClose(568)) - pipeline Action CLOSE  on pipeline PipelineID=6ec498c6-2b3c-401f-9684-88289bce3651.Reason : 69a71f03-bd49-4dcf-a91a-b858634f7ca8 has not seen follower/s 4bd4e05e-fa44-45f4-99bb-ac21c4078a41 for 143817ms 1a989eca-a026-4062-a574-e52a85f9a2a4 for 143817ms
2019-09-11 07:06:43,089 [org.apache.ratis.server.impl.LogAppender$AppenderDaemon$$Lambda$511/1624611919@2ca26f32] ERROR ratis.XceiverServerRatis (XceiverServerRatis.java:triggerPipelineClose(568)) - pipeline Action CLOSE  on pipeline PipelineID=6ec498c6-2b3c-401f-9684-88289bce3651.Reason : 69a71f03-bd49-4dcf-a91a-b858634f7ca8 has not seen follower/s 4bd4e05e-fa44-45f4-99bb-ac21c4078a41 for 143817ms 1a989eca-a026-4062-a574-e52a85f9a2a4 for 143817ms
2019-09-11 07:06:43,588 [java.util.concurrent.ThreadPoolExecutor$Worker@16e6d60[State = -1, empty queue]] WARN  server.GrpcLogAppender (GrpcLogAppender.java:timeoutAppendRequest(200)) - 69a71f03-bd49-4dcf-a91a-b858634f7ca8@group-88289BCE3651->1a989eca-a026-4062-a574-e52a85f9a2a4-GrpcLogAppender: appendEntries Timeout, request=69a71f03-bd49-4dcf-a91a-b858634f7ca8->1a989eca-a026-4062-a574-e52a85f9a2a4#79-t1, previous=(t:1, i:13), leaderCommit=6, initializing? false, entries: <empty>
2019-09-11 07:06:43,588 [java.util.concurrent.ThreadPoolExecutor$Worker@5b781eac[State = -1, empty queue]] WARN  server.GrpcLogAppender (GrpcLogAppender.java:timeoutAppendRequest(200)) - 69a71f03-bd49-4dcf-a91a-b858634f7ca8@group-88289BCE3651->4bd4e05e-fa44-45f4-99bb-ac21c4078a41-GrpcLogAppender: appendEntries Timeout, request=69a71f03-bd49-4dcf-a91a-b858634f7ca8->4bd4e05e-fa44-45f4-99bb-ac21c4078a41#79-t1, previous=(t:1, i:13), leaderCommit=6, initializing? false, entries: <empty>
2019-09-11 07:06:44,082 [EventQueue-PipelineActionsForPipelineActionHandler] ERROR pipeline.PipelineActionHandler (PipelineActionHandler.java:onMessage(60)) - Received pipeline action CLOSE for Pipeline[ Id: 6ec498c6-2b3c-401f-9684-88289bce3651, Nodes: 1a989eca-a026-4062-a574-e52a85f9a2a4{ip: 192.168.34.12, host: pr-hdds-2106-8t9qr-763259812, networkLocation: /default-rack, certSerialId: null}4bd4e05e-fa44-45f4-99bb-ac21c4078a41{ip: 192.168.34.12, host: pr-hdds-2106-8t9qr-763259812, networkLocation: /default-rack, certSerialId: null}69a71f03-bd49-4dcf-a91a-b858634f7ca8{ip: 192.168.34.12, host: pr-hdds-2106-8t9qr-763259812, networkLocation: /default-rack, certSerialId: null}, Type:RATIS, Factor:THREE, State:CLOSED] from datanode 69a71f03-bd49-4dcf-a91a-b858634f7ca8{ip: 192.168.34.12, host: pr-hdds-2106-8t9qr-763259812, networkLocation: /default-rack, certSerialId: null}. Reason : 69a71f03-bd49-4dcf-a91a-b858634f7ca8 has not seen follower/s 4bd4e05e-fa44-45f4-99bb-ac21c4078a41 for 143817ms 1a989eca-a026-4062-a574-e52a85f9a2a4 for 143817ms
2019-09-11 07:06:44,083 [EventQueue-PipelineActionsForPipelineActionHandler] INFO  pipeline.SCMPipelineManager (SCMPipelineManager.java:finalizeAndDestroyPipeline(311)) - destroying pipeline:Pipeline[ Id: 6ec498c6-2b3c-401f-9684-88289bce3651, Nodes: 1a989eca-a026-4062-a574-e52a85f9a2a4{ip: 192.168.34.12, host: pr-hdds-2106-8t9qr-763259812, networkLocation: /default-rack, certSerialId: null}4bd4e05e-fa44-45f4-99bb-ac21c4078a41{ip: 192.168.34.12, host: pr-hdds-2106-8t9qr-763259812, networkLocation: /default-rack, certSerialId: null}69a71f03-bd49-4dcf-a91a-b858634f7ca8{ip: 192.168.34.12, host: pr-hdds-2106-8t9qr-763259812, networkLocation: /default-rack, certSerialId: null}, Type:RATIS, Factor:THREE, State:CLOSED]
2019-09-11 07:06:45,591 [org.apache.ratis.server.impl.LogAppender$AppenderDaemon$$Lambda$511/1624611919@2ca26f32] ERROR ratis.XceiverServerRatis (XceiverServerRatis.java:triggerPipelineClose(568)) - pipeline Action CLOSE  on pipeline PipelineID=6ec498c6-2b3c-401f-9684-88289bce3651.Reason : 69a71f03-bd49-4dcf-a91a-b858634f7ca8 has not seen follower/s 4bd4e05e-fa44-45f4-99bb-ac21c4078a41 for 146317ms 1a989eca-a026-4062-a574-e52a85f9a2a4 for 146318ms
2019-09-11 07:06:45,591 [org.apache.ratis.server.impl.LogAppender$AppenderDaemon$$Lambda$511/1624611919@2e68335] ERROR ratis.XceiverServerRatis (XceiverServerRatis.java:triggerPipelineClose(568)) - pipeline Action CLOSE  on pipeline PipelineID=6ec498c6-2b3c-401f-9684-88289bce3651.Reason : 69a71f03-bd49-4dcf-a91a-b858634f7ca8 has not seen follower/s 4bd4e05e-fa44-45f4-99bb-ac21c4078a41 for 146317ms 1a989eca-a026-4062-a574-e52a85f9a2a4 for 146318ms
2019-09-11 07:06:46,081 [EventQueue-PipelineActionsForPipelineActionHandler] ERROR pipeline.PipelineActionHandler (PipelineActionHandler.java:onMessage(60)) - Received pipeline action CLOSE for Pipeline[ Id: 6ec498c6-2b3c-401f-9684-88289bce3651, Nodes: 1a989eca-a026-4062-a574-e52a85f9a2a4{ip: 192.168.34.12, host: pr-hdds-2106-8t9qr-763259812, networkLocation: /default-rack, certSerialId: null}4bd4e05e-fa44-45f4-99bb-ac21c4078a41{ip: 192.168.34.12, host: pr-hdds-2106-8t9qr-763259812, networkLocation: /default-rack, certSerialId: null}69a71f03-bd49-4dcf-a91a-b858634f7ca8{ip: 192.168.34.12, host: pr-hdds-2106-8t9qr-763259812, networkLocation: /default-rack, certSerialId: null}, Type:RATIS, Factor:THREE, State:CLOSED] from datanode 69a71f03-bd49-4dcf-a91a-b858634f7ca8{ip: 192.168.34.12, host: pr-hdds-2106-8t9qr-763259812, networkLocation: /default-rack, certSerialId: null}. Reason : 69a71f03-bd49-4dcf-a91a-b858634f7ca8 has not seen follower/s 4bd4e05e-fa44-45f4-99bb-ac21c4078a41 for 146317ms 1a989eca-a026-4062-a574-e52a85f9a2a4 for 146318ms
2019-09-11 07:06:46,082 [EventQueue-PipelineActionsForPipelineActionHandler] INFO  pipeline.SCMPipelineManager (SCMPipelineManager.java:finalizeAndDestroyPipeline(311)) - destroying pipeline:Pipeline[ Id: 6ec498c6-2b3c-401f-9684-88289bce3651, Nodes: 1a989eca-a026-4062-a574-e52a85f9a2a4{ip: 192.168.34.12, host: pr-hdds-2106-8t9qr-763259812, networkLocation: /default-rack, certSerialId: null}4bd4e05e-fa44-45f4-99bb-ac21c4078a41{ip: 192.168.34.12, host: pr-hdds-2106-8t9qr-763259812, networkLocation: /default-rack, certSerialId: null}69a71f03-bd49-4dcf-a91a-b858634f7ca8{ip: 192.168.34.12, host: pr-hdds-2106-8t9qr-763259812, networkLocation: /default-rack, certSerialId: null}, Type:RATIS, Factor:THREE, State:CLOSED]
2019-09-11 07:06:46,089 [java.util.concurrent.ThreadPoolExecutor$Worker@5b781eac[State = -1, empty queue]] WARN  server.GrpcLogAppender (GrpcLogAppender.java:timeoutAppendRequest(200)) - 69a71f03-bd49-4dcf-a91a-b858634f7ca8@group-88289BCE3651->4bd4e05e-fa44-45f4-99bb-ac21c4078a41-GrpcLogAppender: appendEntries Timeout, request=69a71f03-bd49-4dcf-a91a-b858634f7ca8->4bd4e05e-fa44-45f4-99bb-ac21c4078a41#80-t1, previous=(t:1, i:13), leaderCommit=6, initializing? false, entries: <empty>
2019-09-11 07:06:46,089 [java.util.concurrent.ThreadPoolExecutor$Worker@16e6d60[State = -1, empty queue]] WARN  server.GrpcLogAppender (GrpcLogAppender.java:timeoutAppendRequest(200)) - 69a71f03-bd49-4dcf-a91a-b858634f7ca8@group-88289BCE3651->1a989eca-a026-4062-a574-e52a85f9a2a4-GrpcLogAppender: appendEntries Timeout, request=69a71f03-bd49-4dcf-a91a-b858634f7ca8->1a989eca-a026-4062-a574-e52a85f9a2a4#80-t1, previous=(t:1, i:13), leaderCommit=6, initializing? false, entries: <empty>
2019-09-11 07:06:46,352 [grpc-default-executor-4] INFO  client.GrpcClientProtocolClient (GrpcClientProtocolClient.java:onNext(264)) - client-018CB4735F58->4bd4e05e-fa44-45f4-99bb-ac21c4078a41: receive RaftClientReply:client-018CB4735F58->4bd4e05e-fa44-45f4-99bb-ac21c4078a41@group-88289BCE3651, cid=142, FAILED org.apache.ratis.protocol.NotLeaderException: Server 4bd4e05e-fa44-45f4-99bb-ac21c4078a41@group-88289BCE3651 is not the leader 69a71f03-bd49-4dcf-a91a-b858634f7ca8:192.168.34.12:43469, logIndex=0, commits[4bd4e05e-fa44-45f4-99bb-ac21c4078a41:c6, 69a71f03-bd49-4dcf-a91a-b858634f7ca8:c6, 1a989eca-a026-4062-a574-e52a85f9a2a4:c4]
2019-09-11 07:06:48,091 [org.apache.ratis.server.impl.LogAppender$AppenderDaemon$$Lambda$511/1624611919@2ca26f32] ERROR ratis.XceiverServerRatis (XceiverServerRatis.java:triggerPipelineClose(568)) - pipeline Action CLOSE  on pipeline PipelineID=6ec498c6-2b3c-401f-9684-88289bce3651.Reason : 69a71f03-bd49-4dcf-a91a-b858634f7ca8 has not seen follower/s 4bd4e05e-fa44-45f4-99bb-ac21c4078a41 for 148818ms 1a989eca-a026-4062-a574-e52a85f9a2a4 for 148818ms
2019-09-11 07:06:48,091 [org.apache.ratis.server.impl.LogAppender$AppenderDaemon$$Lambda$511/1624611919@2e68335] ERROR ratis.XceiverServerRatis (XceiverServerRatis.java:triggerPipelineClose(568)) - pipeline Action CLOSE  on pipeline PipelineID=6ec498c6-2b3c-401f-9684-88289bce3651.Reason : 69a71f03-bd49-4dcf-a91a-b858634f7ca8 has not seen follower/s 4bd4e05e-fa44-45f4-99bb-ac21c4078a41 for 148818ms 1a989eca-a026-4062-a574-e52a85f9a2a4 for 148818ms
2019-09-11 07:06:48,590 [java.util.concurrent.ThreadPoolExecutor$Worker@16e6d60[State = -1, empty queue]] WARN  server.GrpcLogAppender (GrpcLogAppender.java:timeoutAppendRequest(200)) - 69a71f03-bd49-4dcf-a91a-b858634f7ca8@group-88289BCE3651->1a989eca-a026-4062-a574-e52a85f9a2a4-GrpcLogAppender: appendEntries Timeout, request=69a71f03-bd49-4dcf-a91a-b858634f7ca8->1a989eca-a026-4062-a574-e52a85f9a2a4#81-t1, previous=(t:1, i:13), leaderCommit=6, initializing? false, entries: <empty>
2019-09-11 07:06:48,590 [java.util.concurrent.ThreadPoolExecutor$Worker@5b781eac[State = -1, empty queue]] WARN  server.GrpcLogAppender (GrpcLogAppender.java:timeoutAppendRequest(200)) - 69a71f03-bd49-4dcf-a91a-b858634f7ca8@group-88289BCE3651->4bd4e05e-fa44-45f4-99bb-ac21c4078a41-GrpcLogAppender: appendEntries Timeout, request=69a71f03-bd49-4dcf-a91a-b858634f7ca8->4bd4e05e-fa44-45f4-99bb-ac21c4078a41#81-t1, previous=(t:1, i:13), leaderCommit=6, initializing? false, entries: <empty>
2019-09-11 07:06:49,082 [EventQueue-PipelineActionsForPipelineActionHandler] ERROR pipeline.PipelineActionHandler (PipelineActionHandler.java:onMessage(60)) - Received pipeline action CLOSE for Pipeline[ Id: 6ec498c6-2b3c-401f-9684-88289bce3651, Nodes: 1a989eca-a026-4062-a574-e52a85f9a2a4{ip: 192.168.34.12, host: pr-hdds-2106-8t9qr-763259812, networkLocation: /default-rack, certSerialId: null}4bd4e05e-fa44-45f4-99bb-ac21c4078a41{ip: 192.168.34.12, host: pr-hdds-2106-8t9qr-763259812, networkLocation: /default-rack, certSerialId: null}69a71f03-bd49-4dcf-a91a-b858634f7ca8{ip: 192.168.34.12, host: pr-hdds-2106-8t9qr-763259812, networkLocation: /default-rack, certSerialId: null}, Type:RATIS, Factor:THREE, State:CLOSED] from datanode 69a71f03-bd49-4dcf-a91a-b858634f7ca8{ip: 192.168.34.12, host: pr-hdds-2106-8t9qr-763259812, networkLocation: /default-rack, certSerialId: null}. Reason : 69a71f03-bd49-4dcf-a91a-b858634f7ca8 has not seen follower/s 4bd4e05e-fa44-45f4-99bb-ac21c4078a41 for 148818ms 1a989eca-a026-4062-a574-e52a85f9a2a4 for 148818ms
2019-09-11 07:06:49,083 [EventQueue-PipelineActionsForPipelineActionHandler] INFO  pipeline.SCMPipelineManager (SCMPipelineManager.java:finalizeAndDestroyPipeline(311)) - destroying pipeline:Pipeline[ Id: 6ec498c6-2b3c-401f-9684-88289bce3651, Nodes: 1a989eca-a026-4062-a574-e52a85f9a2a4{ip: 192.168.34.12, host: pr-hdds-2106-8t9qr-763259812, networkLocation: /default-rack, certSerialId: null}4bd4e05e-fa44-45f4-99bb-ac21c4078a41{ip: 192.168.34.12, host: pr-hdds-2106-8t9qr-763259812, networkLocation: /default-rack, certSerialId: null}69a71f03-bd49-4dcf-a91a-b858634f7ca8{ip: 192.168.34.12, host: pr-hdds-2106-8t9qr-763259812, networkLocation: /default-rack, certSerialId: null}, Type:RATIS, Factor:THREE, State:CLOSED]
2019-09-11 07:06:50,068 [69a71f03-bd49-4dcf-a91a-b858634f7ca8@group-88289BCE3651-SegmentedRaftLogWorker] WARN  segmented.SegmentedRaftLogWorker (SegmentedRaftLogWorker.java:getFromFuture(90)) - Timeout 14/~
org.apache.ratis.protocol.TimeoutIOException: Timeout 10s: WriteLog:8: (t:1, i:8), STATEMACHINELOGENTRY, client-018CB4735F58, cid=143-writeStateMachineData
	at org.apache.ratis.util.IOUtils.getFromFuture(IOUtils.java:87)
	at org.apache.ratis.server.raftlog.segmented.SegmentedRaftLogWorker$StateMachineDataPolicy.getFromFuture(SegmentedRaftLogWorker.java:87)
	at org.apache.ratis.server.raftlog.segmented.SegmentedRaftLogWorker$WriteLog.execute(SegmentedRaftLogWorker.java:477)
	at org.apache.ratis.server.raftlog.segmented.SegmentedRaftLogWorker.run(SegmentedRaftLogWorker.java:289)
	at java.lang.Thread.run(Thread.java:748)
Caused by: java.util.concurrent.TimeoutException
	at java.util.concurrent.CompletableFuture.timedGet(CompletableFuture.java:1771)
	at java.util.concurrent.CompletableFuture.get(CompletableFuture.java:1915)
	at org.apache.ratis.util.IOUtils.getFromFuture(IOUtils.java:79)
	... 4 more
2019-09-11 07:06:50,096 [1a989eca-a026-4062-a574-e52a85f9a2a4@group-88289BCE3651-SegmentedRaftLogWorker] WARN  segmented.SegmentedRaftLogWorker (SegmentedRaftLogWorker.java:getFromFuture(90)) - Timeout 14/~
org.apache.ratis.protocol.TimeoutIOException: Timeout 10s: WriteLog:8: (t:1, i:8), STATEMACHINELOGENTRY, client-018CB4735F58, cid=143-writeStateMachineData
	at org.apache.ratis.util.IOUtils.getFromFuture(IOUtils.java:87)
	at org.apache.ratis.server.raftlog.segmented.SegmentedRaftLogWorker$StateMachineDataPolicy.getFromFuture(SegmentedRaftLogWorker.java:87)
	at org.apache.ratis.server.raftlog.segmented.SegmentedRaftLogWorker$WriteLog.execute(SegmentedRaftLogWorker.java:477)
	at org.apache.ratis.server.raftlog.segmented.SegmentedRaftLogWorker.run(SegmentedRaftLogWorker.java:289)
	at java.lang.Thread.run(Thread.java:748)
Caused by: java.util.concurrent.TimeoutException
	at java.util.concurrent.CompletableFuture.timedGet(CompletableFuture.java:1771)
	at java.util.concurrent.CompletableFuture.get(CompletableFuture.java:1915)
	at org.apache.ratis.util.IOUtils.getFromFuture(IOUtils.java:79)
	... 4 more
2019-09-11 07:06:50,096 [4bd4e05e-fa44-45f4-99bb-ac21c4078a41@group-88289BCE3651-SegmentedRaftLogWorker] WARN  segmented.SegmentedRaftLogWorker (SegmentedRaftLogWorker.java:getFromFuture(90)) - Timeout 14/~
org.apache.ratis.protocol.TimeoutIOException: Timeout 10s: WriteLog:10: (t:1, i:10), STATEMACHINELOGENTRY, client-018CB4735F58, cid=145-writeStateMachineData
	at org.apache.ratis.util.IOUtils.getFromFuture(IOUtils.java:87)
	at org.apache.ratis.server.raftlog.segmented.SegmentedRaftLogWorker$StateMachineDataPolicy.getFromFuture(SegmentedRaftLogWorker.java:87)
	at org.apache.ratis.server.raftlog.segmented.SegmentedRaftLogWorker$WriteLog.execute(SegmentedRaftLogWorker.java:477)
	at org.apache.ratis.server.raftlog.segmented.SegmentedRaftLogWorker.run(SegmentedRaftLogWorker.java:289)
	at java.lang.Thread.run(Thread.java:748)
Caused by: java.util.concurrent.TimeoutException
	at java.util.concurrent.CompletableFuture.timedGet(CompletableFuture.java:1771)
	at java.util.concurrent.CompletableFuture.get(CompletableFuture.java:1915)
	at org.apache.ratis.util.IOUtils.getFromFuture(IOUtils.java:79)
	... 4 more
2019-09-11 07:06:50,591 [org.apache.ratis.server.impl.LogAppender$AppenderDaemon$$Lambda$511/1624611919@2e68335] ERROR ratis.XceiverServerRatis (XceiverServerRatis.java:triggerPipelineClose(568)) - pipeline Action CLOSE  on pipeline PipelineID=6ec498c6-2b3c-401f-9684-88289bce3651.Reason : 69a71f03-bd49-4dcf-a91a-b858634f7ca8 has not seen follower/s 4bd4e05e-fa44-45f4-99bb-ac21c4078a41 for 151319ms 1a989eca-a026-4062-a574-e52a85f9a2a4 for 151318ms
2019-09-11 07:06:50,592 [org.apache.ratis.server.impl.LogAppender$AppenderDaemon$$Lambda$511/1624611919@2ca26f32] ERROR ratis.XceiverServerRatis (XceiverServerRatis.java:triggerPipelineClose(568)) - pipeline Action CLOSE  on pipeline PipelineID=6ec498c6-2b3c-401f-9684-88289bce3651.Reason : 69a71f03-bd49-4dcf-a91a-b858634f7ca8 has not seen follower/s 4bd4e05e-fa44-45f4-99bb-ac21c4078a41 for 151319ms 1a989eca-a026-4062-a574-e52a85f9a2a4 for 151319ms
2019-09-11 07:06:51,083 [EventQueue-PipelineActionsForPipelineActionHandler] ERROR pipeline.PipelineActionHandler (PipelineActionHandler.java:onMessage(60)) - Received pipeline action CLOSE for Pipeline[ Id: 6ec498c6-2b3c-401f-9684-88289bce3651, Nodes: 1a989eca-a026-4062-a574-e52a85f9a2a4{ip: 192.168.34.12, host: pr-hdds-2106-8t9qr-763259812, networkLocation: /default-rack, certSerialId: null}4bd4e05e-fa44-45f4-99bb-ac21c4078a41{ip: 192.168.34.12, host: pr-hdds-2106-8t9qr-763259812, networkLocation: /default-rack, certSerialId: null}69a71f03-bd49-4dcf-a91a-b858634f7ca8{ip: 192.168.34.12, host: pr-hdds-2106-8t9qr-763259812, networkLocation: /default-rack, certSerialId: null}, Type:RATIS, Factor:THREE, State:CLOSED] from datanode 69a71f03-bd49-4dcf-a91a-b858634f7ca8{ip: 192.168.34.12, host: pr-hdds-2106-8t9qr-763259812, networkLocation: /default-rack, certSerialId: null}. Reason : 69a71f03-bd49-4dcf-a91a-b858634f7ca8 has not seen follower/s 4bd4e05e-fa44-45f4-99bb-ac21c4078a41 for 151319ms 1a989eca-a026-4062-a574-e52a85f9a2a4 for 151318ms
2019-09-11 07:06:51,083 [EventQueue-PipelineActionsForPipelineActionHandler] INFO  pipeline.SCMPipelineManager (SCMPipelineManager.java:finalizeAndDestroyPipeline(311)) - destroying pipeline:Pipeline[ Id: 6ec498c6-2b3c-401f-9684-88289bce3651, Nodes: 1a989eca-a026-4062-a574-e52a85f9a2a4{ip: 192.168.34.12, host: pr-hdds-2106-8t9qr-763259812, networkLocation: /default-rack, certSerialId: null}4bd4e05e-fa44-45f4-99bb-ac21c4078a41{ip: 192.168.34.12, host: pr-hdds-2106-8t9qr-763259812, networkLocation: /default-rack, certSerialId: null}69a71f03-bd49-4dcf-a91a-b858634f7ca8{ip: 192.168.34.12, host: pr-hdds-2106-8t9qr-763259812, networkLocation: /default-rack, certSerialId: null}, Type:RATIS, Factor:THREE, State:CLOSED]
2019-09-11 07:06:51,090 [java.util.concurrent.ThreadPoolExecutor$Worker@5b781eac[State = -1, empty queue]] WARN  server.GrpcLogAppender (GrpcLogAppender.java:timeoutAppendRequest(200)) - 69a71f03-bd49-4dcf-a91a-b858634f7ca8@group-88289BCE3651->4bd4e05e-fa44-45f4-99bb-ac21c4078a41-GrpcLogAppender: appendEntries Timeout, request=69a71f03-bd49-4dcf-a91a-b858634f7ca8->4bd4e05e-fa44-45f4-99bb-ac21c4078a41#82-t1, previous=(t:1, i:13), leaderCommit=6, initializing? false, entries: <empty>
2019-09-11 07:06:51,091 [java.util.concurrent.ThreadPoolExecutor$Worker@16e6d60[State = -1, empty queue]] WARN  server.GrpcLogAppender (GrpcLogAppender.java:timeoutAppendRequest(200)) - 69a71f03-bd49-4dcf-a91a-b858634f7ca8@group-88289BCE3651->1a989eca-a026-4062-a574-e52a85f9a2a4-GrpcLogAppender: appendEntries Timeout, request=69a71f03-bd49-4dcf-a91a-b858634f7ca8->1a989eca-a026-4062-a574-e52a85f9a2a4#82-t1, previous=(t:1, i:13), leaderCommit=6, initializing? false, entries: <empty>
2019-09-11 07:06:51,407 [grpc-default-executor-1] INFO  client.GrpcClientProtocolClient (GrpcClientProtocolClient.java:onNext(264)) - client-018CB4735F58->1a989eca-a026-4062-a574-e52a85f9a2a4: receive RaftClientReply:client-018CB4735F58->1a989eca-a026-4062-a574-e52a85f9a2a4@group-88289BCE3651, cid=142, FAILED org.apache.ratis.protocol.NotLeaderException: Server 1a989eca-a026-4062-a574-e52a85f9a2a4@group-88289BCE3651 is not the leader 69a71f03-bd49-4dcf-a91a-b858634f7ca8:192.168.34.12:43469, logIndex=0, commits[1a989eca-a026-4062-a574-e52a85f9a2a4:c6, 69a71f03-bd49-4dcf-a91a-b858634f7ca8:c6, 4bd4e05e-fa44-45f4-99bb-ac21c4078a41:c4]
2019-09-11 07:06:53,092 [org.apache.ratis.server.impl.LogAppender$AppenderDaemon$$Lambda$511/1624611919@2ca26f32] ERROR ratis.XceiverServerRatis (XceiverServerRatis.java:triggerPipelineClose(568)) - pipeline Action CLOSE  on pipeline PipelineID=6ec498c6-2b3c-401f-9684-88289bce3651.Reason : 69a71f03-bd49-4dcf-a91a-b858634f7ca8 has not seen follower/s 4bd4e05e-fa44-45f4-99bb-ac21c4078a41 for 153820ms 1a989eca-a026-4062-a574-e52a85f9a2a4 for 153820ms
2019-09-11 07:06:53,092 [org.apache.ratis.server.impl.LogAppender$AppenderDaemon$$Lambda$511/1624611919@2e68335] ERROR ratis.XceiverServerRatis (XceiverServerRatis.java:triggerPipelineClose(568)) - pipeline Action CLOSE  on pipeline PipelineID=6ec498c6-2b3c-401f-9684-88289bce3651.Reason : 69a71f03-bd49-4dcf-a91a-b858634f7ca8 has not seen follower/s 4bd4e05e-fa44-45f4-99bb-ac21c4078a41 for 153820ms 1a989eca-a026-4062-a574-e52a85f9a2a4 for 153820ms
2019-09-11 07:06:53,591 [java.util.concurrent.ThreadPoolExecutor$Worker@5b781eac[State = -1, empty queue]] WARN  server.GrpcLogAppender (GrpcLogAppender.java:timeoutAppendRequest(200)) - 69a71f03-bd49-4dcf-a91a-b858634f7ca8@group-88289BCE3651->4bd4e05e-fa44-45f4-99bb-ac21c4078a41-GrpcLogAppender: appendEntries Timeout, request=69a71f03-bd49-4dcf-a91a-b858634f7ca8->4bd4e05e-fa44-45f4-99bb-ac21c4078a41#83-t1, previous=(t:1, i:13), leaderCommit=6, initializing? false, entries: <empty>
2019-09-11 07:06:53,591 [java.util.concurrent.ThreadPoolExecutor$Worker@16e6d60[State = -1, empty queue]] WARN  server.GrpcLogAppender (GrpcLogAppender.java:timeoutAppendRequest(200)) - 69a71f03-bd49-4dcf-a91a-b858634f7ca8@group-88289BCE3651->1a989eca-a026-4062-a574-e52a85f9a2a4-GrpcLogAppender: appendEntries Timeout, request=69a71f03-bd49-4dcf-a91a-b858634f7ca8->1a989eca-a026-4062-a574-e52a85f9a2a4#83-t1, previous=(t:1, i:13), leaderCommit=6, initializing? false, entries: <empty>
2019-09-11 07:06:54,084 [EventQueue-PipelineActionsForPipelineActionHandler] ERROR pipeline.PipelineActionHandler (PipelineActionHandler.java:onMessage(60)) - Received pipeline action CLOSE for Pipeline[ Id: 6ec498c6-2b3c-401f-9684-88289bce3651, Nodes: 1a989eca-a026-4062-a574-e52a85f9a2a4{ip: 192.168.34.12, host: pr-hdds-2106-8t9qr-763259812, networkLocation: /default-rack, certSerialId: null}4bd4e05e-fa44-45f4-99bb-ac21c4078a41{ip: 192.168.34.12, host: pr-hdds-2106-8t9qr-763259812, networkLocation: /default-rack, certSerialId: null}69a71f03-bd49-4dcf-a91a-b858634f7ca8{ip: 192.168.34.12, host: pr-hdds-2106-8t9qr-763259812, networkLocation: /default-rack, certSerialId: null}, Type:RATIS, Factor:THREE, State:CLOSED] from datanode 69a71f03-bd49-4dcf-a91a-b858634f7ca8{ip: 192.168.34.12, host: pr-hdds-2106-8t9qr-763259812, networkLocation: /default-rack, certSerialId: null}. Reason : 69a71f03-bd49-4dcf-a91a-b858634f7ca8 has not seen follower/s 4bd4e05e-fa44-45f4-99bb-ac21c4078a41 for 153820ms 1a989eca-a026-4062-a574-e52a85f9a2a4 for 153820ms
2019-09-11 07:06:54,085 [EventQueue-PipelineActionsForPipelineActionHandler] INFO  pipeline.SCMPipelineManager (SCMPipelineManager.java:finalizeAndDestroyPipeline(311)) - destroying pipeline:Pipeline[ Id: 6ec498c6-2b3c-401f-9684-88289bce3651, Nodes: 1a989eca-a026-4062-a574-e52a85f9a2a4{ip: 192.168.34.12, host: pr-hdds-2106-8t9qr-763259812, networkLocation: /default-rack, certSerialId: null}4bd4e05e-fa44-45f4-99bb-ac21c4078a41{ip: 192.168.34.12, host: pr-hdds-2106-8t9qr-763259812, networkLocation: /default-rack, certSerialId: null}69a71f03-bd49-4dcf-a91a-b858634f7ca8{ip: 192.168.34.12, host: pr-hdds-2106-8t9qr-763259812, networkLocation: /default-rack, certSerialId: null}, Type:RATIS, Factor:THREE, State:CLOSED]
2019-09-11 07:06:55,593 [org.apache.ratis.server.impl.LogAppender$AppenderDaemon$$Lambda$511/1624611919@2e68335] ERROR ratis.XceiverServerRatis (XceiverServerRatis.java:triggerPipelineClose(568)) - pipeline Action CLOSE  on pipeline PipelineID=6ec498c6-2b3c-401f-9684-88289bce3651.Reason : 69a71f03-bd49-4dcf-a91a-b858634f7ca8 has not seen follower/s 4bd4e05e-fa44-45f4-99bb-ac21c4078a41 for 156320ms 1a989eca-a026-4062-a574-e52a85f9a2a4 for 156320ms
2019-09-11 07:06:55,593 [org.apache.ratis.server.impl.LogAppender$AppenderDaemon$$Lambda$511/1624611919@2ca26f32] ERROR ratis.XceiverServerRatis (XceiverServerRatis.java:triggerPipelineClose(568)) - pipeline Action CLOSE  on pipeline PipelineID=6ec498c6-2b3c-401f-9684-88289bce3651.Reason : 69a71f03-bd49-4dcf-a91a-b858634f7ca8 has not seen follower/s 4bd4e05e-fa44-45f4-99bb-ac21c4078a41 for 156321ms 1a989eca-a026-4062-a574-e52a85f9a2a4 for 156321ms
2019-09-11 07:06:56,085 [EventQueue-PipelineActionsForPipelineActionHandler] ERROR pipeline.PipelineActionHandler (PipelineActionHandler.java:onMessage(60)) - Received pipeline action CLOSE for Pipeline[ Id: 6ec498c6-2b3c-401f-9684-88289bce3651, Nodes: 1a989eca-a026-4062-a574-e52a85f9a2a4{ip: 192.168.34.12, host: pr-hdds-2106-8t9qr-763259812, networkLocation: /default-rack, certSerialId: null}4bd4e05e-fa44-45f4-99bb-ac21c4078a41{ip: 192.168.34.12, host: pr-hdds-2106-8t9qr-763259812, networkLocation: /default-rack, certSerialId: null}69a71f03-bd49-4dcf-a91a-b858634f7ca8{ip: 192.168.34.12, host: pr-hdds-2106-8t9qr-763259812, networkLocation: /default-rack, certSerialId: null}, Type:RATIS, Factor:THREE, State:CLOSED] from datanode 69a71f03-bd49-4dcf-a91a-b858634f7ca8{ip: 192.168.34.12, host: pr-hdds-2106-8t9qr-763259812, networkLocation: /default-rack, certSerialId: null}. Reason : 69a71f03-bd49-4dcf-a91a-b858634f7ca8 has not seen follower/s 4bd4e05e-fa44-45f4-99bb-ac21c4078a41 for 156320ms 1a989eca-a026-4062-a574-e52a85f9a2a4 for 156320ms
2019-09-11 07:06:56,085 [EventQueue-PipelineActionsForPipelineActionHandler] INFO  pipeline.SCMPipelineManager (SCMPipelineManager.java:finalizeAndDestroyPipeline(311)) - destroying pipeline:Pipeline[ Id: 6ec498c6-2b3c-401f-9684-88289bce3651, Nodes: 1a989eca-a026-4062-a574-e52a85f9a2a4{ip: 192.168.34.12, host: pr-hdds-2106-8t9qr-763259812, networkLocation: /default-rack, certSerialId: null}4bd4e05e-fa44-45f4-99bb-ac21c4078a41{ip: 192.168.34.12, host: pr-hdds-2106-8t9qr-763259812, networkLocation: /default-rack, certSerialId: null}69a71f03-bd49-4dcf-a91a-b858634f7ca8{ip: 192.168.34.12, host: pr-hdds-2106-8t9qr-763259812, networkLocation: /default-rack, certSerialId: null}, Type:RATIS, Factor:THREE, State:CLOSED]
2019-09-11 07:06:56,092 [java.util.concurrent.ThreadPoolExecutor$Worker@5b781eac[State = -1, empty queue]] WARN  server.GrpcLogAppender (GrpcLogAppender.java:timeoutAppendRequest(200)) - 69a71f03-bd49-4dcf-a91a-b858634f7ca8@group-88289BCE3651->4bd4e05e-fa44-45f4-99bb-ac21c4078a41-GrpcLogAppender: appendEntries Timeout, request=69a71f03-bd49-4dcf-a91a-b858634f7ca8->4bd4e05e-fa44-45f4-99bb-ac21c4078a41#84-t1, previous=(t:1, i:13), leaderCommit=6, initializing? false, entries: <empty>
2019-09-11 07:06:56,092 [java.util.concurrent.ThreadPoolExecutor$Worker@16e6d60[State = -1, empty queue]] WARN  server.GrpcLogAppender (GrpcLogAppender.java:timeoutAppendRequest(200)) - 69a71f03-bd49-4dcf-a91a-b858634f7ca8@group-88289BCE3651->1a989eca-a026-4062-a574-e52a85f9a2a4-GrpcLogAppender: appendEntries Timeout, request=69a71f03-bd49-4dcf-a91a-b858634f7ca8->1a989eca-a026-4062-a574-e52a85f9a2a4#84-t1, previous=(t:1, i:13), leaderCommit=6, initializing? false, entries: <empty>
2019-09-11 07:06:56,462 [grpc-default-executor-10] INFO  client.GrpcClientProtocolClient (GrpcClientProtocolClient.java:onNext(264)) - client-018CB4735F58->1a989eca-a026-4062-a574-e52a85f9a2a4: receive RaftClientReply:client-018CB4735F58->1a989eca-a026-4062-a574-e52a85f9a2a4@group-88289BCE3651, cid=142, FAILED org.apache.ratis.protocol.NotLeaderException: Server 1a989eca-a026-4062-a574-e52a85f9a2a4@group-88289BCE3651 is not the leader 69a71f03-bd49-4dcf-a91a-b858634f7ca8:192.168.34.12:43469, logIndex=0, commits[1a989eca-a026-4062-a574-e52a85f9a2a4:c6, 69a71f03-bd49-4dcf-a91a-b858634f7ca8:c6, 4bd4e05e-fa44-45f4-99bb-ac21c4078a41:c4]
2019-09-11 07:06:58,093 [org.apache.ratis.server.impl.LogAppender$AppenderDaemon$$Lambda$511/1624611919@2e68335] ERROR ratis.XceiverServerRatis (XceiverServerRatis.java:triggerPipelineClose(568)) - pipeline Action CLOSE  on pipeline PipelineID=6ec498c6-2b3c-401f-9684-88289bce3651.Reason : 69a71f03-bd49-4dcf-a91a-b858634f7ca8 has not seen follower/s 4bd4e05e-fa44-45f4-99bb-ac21c4078a41 for 158821ms 1a989eca-a026-4062-a574-e52a85f9a2a4 for 158821ms
2019-09-11 07:06:58,094 [org.apache.ratis.server.impl.LogAppender$AppenderDaemon$$Lambda$511/1624611919@2ca26f32] ERROR ratis.XceiverServerRatis (XceiverServerRatis.java:triggerPipelineClose(568)) - pipeline Action CLOSE  on pipeline PipelineID=6ec498c6-2b3c-401f-9684-88289bce3651.Reason : 69a71f03-bd49-4dcf-a91a-b858634f7ca8 has not seen follower/s 4bd4e05e-fa44-45f4-99bb-ac21c4078a41 for 158822ms 1a989eca-a026-4062-a574-e52a85f9a2a4 for 158822ms
2019-09-11 07:06:58,593 [java.util.concurrent.ThreadPoolExecutor$Worker@5b781eac[State = -1, empty queue]] WARN  server.GrpcLogAppender (GrpcLogAppender.java:timeoutAppendRequest(200)) - 69a71f03-bd49-4dcf-a91a-b858634f7ca8@group-88289BCE3651->4bd4e05e-fa44-45f4-99bb-ac21c4078a41-GrpcLogAppender: appendEntries Timeout, request=69a71f03-bd49-4dcf-a91a-b858634f7ca8->4bd4e05e-fa44-45f4-99bb-ac21c4078a41#85-t1, previous=(t:1, i:13), leaderCommit=6, initializing? false, entries: <empty>
2019-09-11 07:06:58,593 [java.util.concurrent.ThreadPoolExecutor$Worker@16e6d60[State = -1, empty queue]] WARN  server.GrpcLogAppender (GrpcLogAppender.java:timeoutAppendRequest(200)) - 69a71f03-bd49-4dcf-a91a-b858634f7ca8@group-88289BCE3651->1a989eca-a026-4062-a574-e52a85f9a2a4-GrpcLogAppender: appendEntries Timeout, request=69a71f03-bd49-4dcf-a91a-b858634f7ca8->1a989eca-a026-4062-a574-e52a85f9a2a4#85-t1, previous=(t:1, i:13), leaderCommit=6, initializing? false, entries: <empty>
2019-09-11 07:06:59,087 [EventQueue-PipelineActionsForPipelineActionHandler] ERROR pipeline.PipelineActionHandler (PipelineActionHandler.java:onMessage(60)) - Received pipeline action CLOSE for Pipeline[ Id: 6ec498c6-2b3c-401f-9684-88289bce3651, Nodes: 1a989eca-a026-4062-a574-e52a85f9a2a4{ip: 192.168.34.12, host: pr-hdds-2106-8t9qr-763259812, networkLocation: /default-rack, certSerialId: null}4bd4e05e-fa44-45f4-99bb-ac21c4078a41{ip: 192.168.34.12, host: pr-hdds-2106-8t9qr-763259812, networkLocation: /default-rack, certSerialId: null}69a71f03-bd49-4dcf-a91a-b858634f7ca8{ip: 192.168.34.12, host: pr-hdds-2106-8t9qr-763259812, networkLocation: /default-rack, certSerialId: null}, Type:RATIS, Factor:THREE, State:CLOSED] from datanode 69a71f03-bd49-4dcf-a91a-b858634f7ca8{ip: 192.168.34.12, host: pr-hdds-2106-8t9qr-763259812, networkLocation: /default-rack, certSerialId: null}. Reason : 69a71f03-bd49-4dcf-a91a-b858634f7ca8 has not seen follower/s 4bd4e05e-fa44-45f4-99bb-ac21c4078a41 for 158821ms 1a989eca-a026-4062-a574-e52a85f9a2a4 for 158821ms
2019-09-11 07:06:59,088 [EventQueue-PipelineActionsForPipelineActionHandler] INFO  pipeline.SCMPipelineManager (SCMPipelineManager.java:finalizeAndDestroyPipeline(311)) - destroying pipeline:Pipeline[ Id: 6ec498c6-2b3c-401f-9684-88289bce3651, Nodes: 1a989eca-a026-4062-a574-e52a85f9a2a4{ip: 192.168.34.12, host: pr-hdds-2106-8t9qr-763259812, networkLocation: /default-rack, certSerialId: null}4bd4e05e-fa44-45f4-99bb-ac21c4078a41{ip: 192.168.34.12, host: pr-hdds-2106-8t9qr-763259812, networkLocation: /default-rack, certSerialId: null}69a71f03-bd49-4dcf-a91a-b858634f7ca8{ip: 192.168.34.12, host: pr-hdds-2106-8t9qr-763259812, networkLocation: /default-rack, certSerialId: null}, Type:RATIS, Factor:THREE, State:CLOSED]
2019-09-11 07:07:00,069 [69a71f03-bd49-4dcf-a91a-b858634f7ca8@group-88289BCE3651-SegmentedRaftLogWorker] WARN  segmented.SegmentedRaftLogWorker (SegmentedRaftLogWorker.java:getFromFuture(90)) - Timeout 15/~
org.apache.ratis.protocol.TimeoutIOException: Timeout 10s: WriteLog:8: (t:1, i:8), STATEMACHINELOGENTRY, client-018CB4735F58, cid=143-writeStateMachineData
	at org.apache.ratis.util.IOUtils.getFromFuture(IOUtils.java:87)
	at org.apache.ratis.server.raftlog.segmented.SegmentedRaftLogWorker$StateMachineDataPolicy.getFromFuture(SegmentedRaftLogWorker.java:87)
	at org.apache.ratis.server.raftlog.segmented.SegmentedRaftLogWorker$WriteLog.execute(SegmentedRaftLogWorker.java:477)
	at org.apache.ratis.server.raftlog.segmented.SegmentedRaftLogWorker.run(SegmentedRaftLogWorker.java:289)
	at java.lang.Thread.run(Thread.java:748)
Caused by: java.util.concurrent.TimeoutException
	at java.util.concurrent.CompletableFuture.timedGet(CompletableFuture.java:1771)
	at java.util.concurrent.CompletableFuture.get(CompletableFuture.java:1915)
	at org.apache.ratis.util.IOUtils.getFromFuture(IOUtils.java:79)
	... 4 more
2019-09-11 07:07:00,096 [1a989eca-a026-4062-a574-e52a85f9a2a4@group-88289BCE3651-SegmentedRaftLogWorker] WARN  segmented.SegmentedRaftLogWorker (SegmentedRaftLogWorker.java:getFromFuture(90)) - Timeout 15/~
org.apache.ratis.protocol.TimeoutIOException: Timeout 10s: WriteLog:8: (t:1, i:8), STATEMACHINELOGENTRY, client-018CB4735F58, cid=143-writeStateMachineData
	at org.apache.ratis.util.IOUtils.getFromFuture(IOUtils.java:87)
	at org.apache.ratis.server.raftlog.segmented.SegmentedRaftLogWorker$StateMachineDataPolicy.getFromFuture(SegmentedRaftLogWorker.java:87)
	at org.apache.ratis.server.raftlog.segmented.SegmentedRaftLogWorker$WriteLog.execute(SegmentedRaftLogWorker.java:477)
	at org.apache.ratis.server.raftlog.segmented.SegmentedRaftLogWorker.run(SegmentedRaftLogWorker.java:289)
	at java.lang.Thread.run(Thread.java:748)
Caused by: java.util.concurrent.TimeoutException
	at java.util.concurrent.CompletableFuture.timedGet(CompletableFuture.java:1771)
	at java.util.concurrent.CompletableFuture.get(CompletableFuture.java:1915)
	at org.apache.ratis.util.IOUtils.getFromFuture(IOUtils.java:79)
	... 4 more
2019-09-11 07:07:00,113 [4bd4e05e-fa44-45f4-99bb-ac21c4078a41@group-88289BCE3651-SegmentedRaftLogWorker] WARN  segmented.SegmentedRaftLogWorker (SegmentedRaftLogWorker.java:getFromFuture(90)) - Timeout 15/~
org.apache.ratis.protocol.TimeoutIOException: Timeout 10s: WriteLog:10: (t:1, i:10), STATEMACHINELOGENTRY, client-018CB4735F58, cid=145-writeStateMachineData
	at org.apache.ratis.util.IOUtils.getFromFuture(IOUtils.java:87)
	at org.apache.ratis.server.raftlog.segmented.SegmentedRaftLogWorker$StateMachineDataPolicy.getFromFuture(SegmentedRaftLogWorker.java:87)
	at org.apache.ratis.server.raftlog.segmented.SegmentedRaftLogWorker$WriteLog.execute(SegmentedRaftLogWorker.java:477)
	at org.apache.ratis.server.raftlog.segmented.SegmentedRaftLogWorker.run(SegmentedRaftLogWorker.java:289)
	at java.lang.Thread.run(Thread.java:748)
Caused by: java.util.concurrent.TimeoutException
	at java.util.concurrent.CompletableFuture.timedGet(CompletableFuture.java:1771)
	at java.util.concurrent.CompletableFuture.get(CompletableFuture.java:1915)
	at org.apache.ratis.util.IOUtils.getFromFuture(IOUtils.java:79)
	... 4 more
2019-09-11 07:07:00,595 [org.apache.ratis.server.impl.LogAppender$AppenderDaemon$$Lambda$511/1624611919@2e68335] ERROR ratis.XceiverServerRatis (XceiverServerRatis.java:triggerPipelineClose(568)) - pipeline Action CLOSE  on pipeline PipelineID=6ec498c6-2b3c-401f-9684-88289bce3651.Reason : 69a71f03-bd49-4dcf-a91a-b858634f7ca8 has not seen follower/s 4bd4e05e-fa44-45f4-99bb-ac21c4078a41 for 161322ms 1a989eca-a026-4062-a574-e52a85f9a2a4 for 161322ms
2019-09-11 07:07:00,595 [org.apache.ratis.server.impl.LogAppender$AppenderDaemon$$Lambda$511/1624611919@2ca26f32] ERROR ratis.XceiverServerRatis (XceiverServerRatis.java:triggerPipelineClose(568)) - pipeline Action CLOSE  on pipeline PipelineID=6ec498c6-2b3c-401f-9684-88289bce3651.Reason : 69a71f03-bd49-4dcf-a91a-b858634f7ca8 has not seen follower/s 4bd4e05e-fa44-45f4-99bb-ac21c4078a41 for 161322ms 1a989eca-a026-4062-a574-e52a85f9a2a4 for 161322ms
2019-09-11 07:07:01,087 [EventQueue-PipelineActionsForPipelineActionHandler] ERROR pipeline.PipelineActionHandler (PipelineActionHandler.java:onMessage(60)) - Received pipeline action CLOSE for Pipeline[ Id: 6ec498c6-2b3c-401f-9684-88289bce3651, Nodes: 1a989eca-a026-4062-a574-e52a85f9a2a4{ip: 192.168.34.12, host: pr-hdds-2106-8t9qr-763259812, networkLocation: /default-rack, certSerialId: null}4bd4e05e-fa44-45f4-99bb-ac21c4078a41{ip: 192.168.34.12, host: pr-hdds-2106-8t9qr-763259812, networkLocation: /default-rack, certSerialId: null}69a71f03-bd49-4dcf-a91a-b858634f7ca8{ip: 192.168.34.12, host: pr-hdds-2106-8t9qr-763259812, networkLocation: /default-rack, certSerialId: null}, Type:RATIS, Factor:THREE, State:CLOSED] from datanode 69a71f03-bd49-4dcf-a91a-b858634f7ca8{ip: 192.168.34.12, host: pr-hdds-2106-8t9qr-763259812, networkLocation: /default-rack, certSerialId: null}. Reason : 69a71f03-bd49-4dcf-a91a-b858634f7ca8 has not seen follower/s 4bd4e05e-fa44-45f4-99bb-ac21c4078a41 for 161322ms 1a989eca-a026-4062-a574-e52a85f9a2a4 for 161322ms
2019-09-11 07:07:01,087 [EventQueue-PipelineActionsForPipelineActionHandler] INFO  pipeline.SCMPipelineManager (SCMPipelineManager.java:finalizeAndDestroyPipeline(311)) - destroying pipeline:Pipeline[ Id: 6ec498c6-2b3c-401f-9684-88289bce3651, Nodes: 1a989eca-a026-4062-a574-e52a85f9a2a4{ip: 192.168.34.12, host: pr-hdds-2106-8t9qr-763259812, networkLocation: /default-rack, certSerialId: null}4bd4e05e-fa44-45f4-99bb-ac21c4078a41{ip: 192.168.34.12, host: pr-hdds-2106-8t9qr-763259812, networkLocation: /default-rack, certSerialId: null}69a71f03-bd49-4dcf-a91a-b858634f7ca8{ip: 192.168.34.12, host: pr-hdds-2106-8t9qr-763259812, networkLocation: /default-rack, certSerialId: null}, Type:RATIS, Factor:THREE, State:CLOSED]
2019-09-11 07:07:01,093 [java.util.concurrent.ThreadPoolExecutor$Worker@5b781eac[State = -1, empty queue]] WARN  server.GrpcLogAppender (GrpcLogAppender.java:timeoutAppendRequest(200)) - 69a71f03-bd49-4dcf-a91a-b858634f7ca8@group-88289BCE3651->4bd4e05e-fa44-45f4-99bb-ac21c4078a41-GrpcLogAppender: appendEntries Timeout, request=69a71f03-bd49-4dcf-a91a-b858634f7ca8->4bd4e05e-fa44-45f4-99bb-ac21c4078a41#86-t1, previous=(t:1, i:13), leaderCommit=6, initializing? false, entries: <empty>
2019-09-11 07:07:01,094 [java.util.concurrent.ThreadPoolExecutor$Worker@16e6d60[State = -1, empty queue]] WARN  server.GrpcLogAppender (GrpcLogAppender.java:timeoutAppendRequest(200)) - 69a71f03-bd49-4dcf-a91a-b858634f7ca8@group-88289BCE3651->1a989eca-a026-4062-a574-e52a85f9a2a4-GrpcLogAppender: appendEntries Timeout, request=69a71f03-bd49-4dcf-a91a-b858634f7ca8->1a989eca-a026-4062-a574-e52a85f9a2a4#86-t1, previous=(t:1, i:13), leaderCommit=6, initializing? false, entries: <empty>
2019-09-11 07:07:01,507 [grpc-default-executor-10] INFO  client.GrpcClientProtocolClient (GrpcClientProtocolClient.java:onNext(264)) - client-018CB4735F58->4bd4e05e-fa44-45f4-99bb-ac21c4078a41: receive RaftClientReply:client-018CB4735F58->4bd4e05e-fa44-45f4-99bb-ac21c4078a41@group-88289BCE3651, cid=142, FAILED org.apache.ratis.protocol.NotLeaderException: Server 4bd4e05e-fa44-45f4-99bb-ac21c4078a41@group-88289BCE3651 is not the leader 69a71f03-bd49-4dcf-a91a-b858634f7ca8:192.168.34.12:43469, logIndex=0, commits[4bd4e05e-fa44-45f4-99bb-ac21c4078a41:c6, 69a71f03-bd49-4dcf-a91a-b858634f7ca8:c6, 1a989eca-a026-4062-a574-e52a85f9a2a4:c4]
2019-09-11 07:07:03,095 [org.apache.ratis.server.impl.LogAppender$AppenderDaemon$$Lambda$511/1624611919@2e68335] ERROR ratis.XceiverServerRatis (XceiverServerRatis.java:triggerPipelineClose(568)) - pipeline Action CLOSE  on pipeline PipelineID=6ec498c6-2b3c-401f-9684-88289bce3651.Reason : 69a71f03-bd49-4dcf-a91a-b858634f7ca8 has not seen follower/s 4bd4e05e-fa44-45f4-99bb-ac21c4078a41 for 163823ms 1a989eca-a026-4062-a574-e52a85f9a2a4 for 163822ms
2019-09-11 07:07:03,098 [org.apache.ratis.server.impl.LogAppender$AppenderDaemon$$Lambda$511/1624611919@2ca26f32] ERROR ratis.XceiverServerRatis (XceiverServerRatis.java:triggerPipelineClose(568)) - pipeline Action CLOSE  on pipeline PipelineID=6ec498c6-2b3c-401f-9684-88289bce3651.Reason : 69a71f03-bd49-4dcf-a91a-b858634f7ca8 has not seen follower/s 4bd4e05e-fa44-45f4-99bb-ac21c4078a41 for 163826ms 1a989eca-a026-4062-a574-e52a85f9a2a4 for 163825ms
2019-09-11 07:07:03,594 [java.util.concurrent.ThreadPoolExecutor$Worker@5b781eac[State = -1, empty queue]] WARN  server.GrpcLogAppender (GrpcLogAppender.java:timeoutAppendRequest(200)) - 69a71f03-bd49-4dcf-a91a-b858634f7ca8@group-88289BCE3651->4bd4e05e-fa44-45f4-99bb-ac21c4078a41-GrpcLogAppender: appendEntries Timeout, request=69a71f03-bd49-4dcf-a91a-b858634f7ca8->4bd4e05e-fa44-45f4-99bb-ac21c4078a41#87-t1, previous=(t:1, i:13), leaderCommit=6, initializing? false, entries: <empty>
2019-09-11 07:07:03,595 [java.util.concurrent.ThreadPoolExecutor$Worker@16e6d60[State = -1, empty queue]] WARN  server.GrpcLogAppender (GrpcLogAppender.java:timeoutAppendRequest(200)) - 69a71f03-bd49-4dcf-a91a-b858634f7ca8@group-88289BCE3651->1a989eca-a026-4062-a574-e52a85f9a2a4-GrpcLogAppender: appendEntries Timeout, request=69a71f03-bd49-4dcf-a91a-b858634f7ca8->1a989eca-a026-4062-a574-e52a85f9a2a4#87-t1, previous=(t:1, i:13), leaderCommit=6, initializing? false, entries: <empty>
2019-09-11 07:07:04,087 [EventQueue-PipelineActionsForPipelineActionHandler] ERROR pipeline.PipelineActionHandler (PipelineActionHandler.java:onMessage(60)) - Received pipeline action CLOSE for Pipeline[ Id: 6ec498c6-2b3c-401f-9684-88289bce3651, Nodes: 1a989eca-a026-4062-a574-e52a85f9a2a4{ip: 192.168.34.12, host: pr-hdds-2106-8t9qr-763259812, networkLocation: /default-rack, certSerialId: null}4bd4e05e-fa44-45f4-99bb-ac21c4078a41{ip: 192.168.34.12, host: pr-hdds-2106-8t9qr-763259812, networkLocation: /default-rack, certSerialId: null}69a71f03-bd49-4dcf-a91a-b858634f7ca8{ip: 192.168.34.12, host: pr-hdds-2106-8t9qr-763259812, networkLocation: /default-rack, certSerialId: null}, Type:RATIS, Factor:THREE, State:CLOSED] from datanode 69a71f03-bd49-4dcf-a91a-b858634f7ca8{ip: 192.168.34.12, host: pr-hdds-2106-8t9qr-763259812, networkLocation: /default-rack, certSerialId: null}. Reason : 69a71f03-bd49-4dcf-a91a-b858634f7ca8 has not seen follower/s 4bd4e05e-fa44-45f4-99bb-ac21c4078a41 for 163823ms 1a989eca-a026-4062-a574-e52a85f9a2a4 for 163822ms
2019-09-11 07:07:04,087 [EventQueue-PipelineActionsForPipelineActionHandler] INFO  pipeline.SCMPipelineManager (SCMPipelineManager.java:finalizeAndDestroyPipeline(311)) - destroying pipeline:Pipeline[ Id: 6ec498c6-2b3c-401f-9684-88289bce3651, Nodes: 1a989eca-a026-4062-a574-e52a85f9a2a4{ip: 192.168.34.12, host: pr-hdds-2106-8t9qr-763259812, networkLocation: /default-rack, certSerialId: null}4bd4e05e-fa44-45f4-99bb-ac21c4078a41{ip: 192.168.34.12, host: pr-hdds-2106-8t9qr-763259812, networkLocation: /default-rack, certSerialId: null}69a71f03-bd49-4dcf-a91a-b858634f7ca8{ip: 192.168.34.12, host: pr-hdds-2106-8t9qr-763259812, networkLocation: /default-rack, certSerialId: null}, Type:RATIS, Factor:THREE, State:CLOSED]
2019-09-11 07:07:05,596 [org.apache.ratis.server.impl.LogAppender$AppenderDaemon$$Lambda$511/1624611919@2e68335] ERROR ratis.XceiverServerRatis (XceiverServerRatis.java:triggerPipelineClose(568)) - pipeline Action CLOSE  on pipeline PipelineID=6ec498c6-2b3c-401f-9684-88289bce3651.Reason : 69a71f03-bd49-4dcf-a91a-b858634f7ca8 has not seen follower/s 4bd4e05e-fa44-45f4-99bb-ac21c4078a41 for 166323ms 1a989eca-a026-4062-a574-e52a85f9a2a4 for 166323ms
2019-09-11 07:07:05,599 [org.apache.ratis.server.impl.LogAppender$AppenderDaemon$$Lambda$511/1624611919@2ca26f32] ERROR ratis.XceiverServerRatis (XceiverServerRatis.java:triggerPipelineClose(568)) - pipeline Action CLOSE  on pipeline PipelineID=6ec498c6-2b3c-401f-9684-88289bce3651.Reason : 69a71f03-bd49-4dcf-a91a-b858634f7ca8 has not seen follower/s 4bd4e05e-fa44-45f4-99bb-ac21c4078a41 for 166326ms 1a989eca-a026-4062-a574-e52a85f9a2a4 for 166326ms
2019-09-11 07:07:06,087 [EventQueue-PipelineActionsForPipelineActionHandler] ERROR pipeline.PipelineActionHandler (PipelineActionHandler.java:onMessage(60)) - Received pipeline action CLOSE for Pipeline[ Id: 6ec498c6-2b3c-401f-9684-88289bce3651, Nodes: 1a989eca-a026-4062-a574-e52a85f9a2a4{ip: 192.168.34.12, host: pr-hdds-2106-8t9qr-763259812, networkLocation: /default-rack, certSerialId: null}4bd4e05e-fa44-45f4-99bb-ac21c4078a41{ip: 192.168.34.12, host: pr-hdds-2106-8t9qr-763259812, networkLocation: /default-rack, certSerialId: null}69a71f03-bd49-4dcf-a91a-b858634f7ca8{ip: 192.168.34.12, host: pr-hdds-2106-8t9qr-763259812, networkLocation: /default-rack, certSerialId: null}, Type:RATIS, Factor:THREE, State:CLOSED] from datanode 69a71f03-bd49-4dcf-a91a-b858634f7ca8{ip: 192.168.34.12, host: pr-hdds-2106-8t9qr-763259812, networkLocation: /default-rack, certSerialId: null}. Reason : 69a71f03-bd49-4dcf-a91a-b858634f7ca8 has not seen follower/s 4bd4e05e-fa44-45f4-99bb-ac21c4078a41 for 166323ms 1a989eca-a026-4062-a574-e52a85f9a2a4 for 166323ms
2019-09-11 07:07:06,087 [EventQueue-PipelineActionsForPipelineActionHandler] INFO  pipeline.SCMPipelineManager (SCMPipelineManager.java:finalizeAndDestroyPipeline(311)) - destroying pipeline:Pipeline[ Id: 6ec498c6-2b3c-401f-9684-88289bce3651, Nodes: 1a989eca-a026-4062-a574-e52a85f9a2a4{ip: 192.168.34.12, host: pr-hdds-2106-8t9qr-763259812, networkLocation: /default-rack, certSerialId: null}4bd4e05e-fa44-45f4-99bb-ac21c4078a41{ip: 192.168.34.12, host: pr-hdds-2106-8t9qr-763259812, networkLocation: /default-rack, certSerialId: null}69a71f03-bd49-4dcf-a91a-b858634f7ca8{ip: 192.168.34.12, host: pr-hdds-2106-8t9qr-763259812, networkLocation: /default-rack, certSerialId: null}, Type:RATIS, Factor:THREE, State:CLOSED]
2019-09-11 07:07:06,095 [java.util.concurrent.ThreadPoolExecutor$Worker@5b781eac[State = -1, empty queue]] WARN  server.GrpcLogAppender (GrpcLogAppender.java:timeoutAppendRequest(200)) - 69a71f03-bd49-4dcf-a91a-b858634f7ca8@group-88289BCE3651->4bd4e05e-fa44-45f4-99bb-ac21c4078a41-GrpcLogAppender: appendEntries Timeout, request=69a71f03-bd49-4dcf-a91a-b858634f7ca8->4bd4e05e-fa44-45f4-99bb-ac21c4078a41#88-t1, previous=(t:1, i:13), leaderCommit=6, initializing? false, entries: <empty>
2019-09-11 07:07:06,098 [java.util.concurrent.ThreadPoolExecutor$Worker@16e6d60[State = -1, empty queue]] WARN  server.GrpcLogAppender (GrpcLogAppender.java:timeoutAppendRequest(200)) - 69a71f03-bd49-4dcf-a91a-b858634f7ca8@group-88289BCE3651->1a989eca-a026-4062-a574-e52a85f9a2a4-GrpcLogAppender: appendEntries Timeout, request=69a71f03-bd49-4dcf-a91a-b858634f7ca8->1a989eca-a026-4062-a574-e52a85f9a2a4#88-t1, previous=(t:1, i:13), leaderCommit=6, initializing? false, entries: <empty>
2019-09-11 07:07:06,561 [grpc-default-executor-1] INFO  client.GrpcClientProtocolClient (GrpcClientProtocolClient.java:onNext(264)) - client-018CB4735F58->4bd4e05e-fa44-45f4-99bb-ac21c4078a41: receive RaftClientReply:client-018CB4735F58->4bd4e05e-fa44-45f4-99bb-ac21c4078a41@group-88289BCE3651, cid=142, FAILED org.apache.ratis.protocol.NotLeaderException: Server 4bd4e05e-fa44-45f4-99bb-ac21c4078a41@group-88289BCE3651 is not the leader 69a71f03-bd49-4dcf-a91a-b858634f7ca8:192.168.34.12:43469, logIndex=0, commits[4bd4e05e-fa44-45f4-99bb-ac21c4078a41:c6, 69a71f03-bd49-4dcf-a91a-b858634f7ca8:c6, 1a989eca-a026-4062-a574-e52a85f9a2a4:c4]
2019-09-11 07:07:08,097 [org.apache.ratis.server.impl.LogAppender$AppenderDaemon$$Lambda$511/1624611919@2e68335] ERROR ratis.XceiverServerRatis (XceiverServerRatis.java:triggerPipelineClose(568)) - pipeline Action CLOSE  on pipeline PipelineID=6ec498c6-2b3c-401f-9684-88289bce3651.Reason : 69a71f03-bd49-4dcf-a91a-b858634f7ca8 has not seen follower/s 4bd4e05e-fa44-45f4-99bb-ac21c4078a41 for 168824ms 1a989eca-a026-4062-a574-e52a85f9a2a4 for 168824ms
2019-09-11 07:07:08,099 [org.apache.ratis.server.impl.LogAppender$AppenderDaemon$$Lambda$511/1624611919@2ca26f32] ERROR ratis.XceiverServerRatis (XceiverServerRatis.java:triggerPipelineClose(568)) - pipeline Action CLOSE  on pipeline PipelineID=6ec498c6-2b3c-401f-9684-88289bce3651.Reason : 69a71f03-bd49-4dcf-a91a-b858634f7ca8 has not seen follower/s 4bd4e05e-fa44-45f4-99bb-ac21c4078a41 for 168827ms 1a989eca-a026-4062-a574-e52a85f9a2a4 for 168827ms
2019-09-11 07:07:08,596 [java.util.concurrent.ThreadPoolExecutor$Worker@5b781eac[State = -1, empty queue]] WARN  server.GrpcLogAppender (GrpcLogAppender.java:timeoutAppendRequest(200)) - 69a71f03-bd49-4dcf-a91a-b858634f7ca8@group-88289BCE3651->4bd4e05e-fa44-45f4-99bb-ac21c4078a41-GrpcLogAppender: appendEntries Timeout, request=69a71f03-bd49-4dcf-a91a-b858634f7ca8->4bd4e05e-fa44-45f4-99bb-ac21c4078a41#89-t1, previous=(t:1, i:13), leaderCommit=6, initializing? false, entries: <empty>
2019-09-11 07:07:08,599 [java.util.concurrent.ThreadPoolExecutor$Worker@16e6d60[State = -1, empty queue]] WARN  server.GrpcLogAppender (GrpcLogAppender.java:timeoutAppendRequest(200)) - 69a71f03-bd49-4dcf-a91a-b858634f7ca8@group-88289BCE3651->1a989eca-a026-4062-a574-e52a85f9a2a4-GrpcLogAppender: appendEntries Timeout, request=69a71f03-bd49-4dcf-a91a-b858634f7ca8->1a989eca-a026-4062-a574-e52a85f9a2a4#89-t1, previous=(t:1, i:13), leaderCommit=6, initializing? false, entries: <empty>
2019-09-11 07:07:09,087 [EventQueue-PipelineActionsForPipelineActionHandler] ERROR pipeline.PipelineActionHandler (PipelineActionHandler.java:onMessage(60)) - Received pipeline action CLOSE for Pipeline[ Id: 6ec498c6-2b3c-401f-9684-88289bce3651, Nodes: 1a989eca-a026-4062-a574-e52a85f9a2a4{ip: 192.168.34.12, host: pr-hdds-2106-8t9qr-763259812, networkLocation: /default-rack, certSerialId: null}4bd4e05e-fa44-45f4-99bb-ac21c4078a41{ip: 192.168.34.12, host: pr-hdds-2106-8t9qr-763259812, networkLocation: /default-rack, certSerialId: null}69a71f03-bd49-4dcf-a91a-b858634f7ca8{ip: 192.168.34.12, host: pr-hdds-2106-8t9qr-763259812, networkLocation: /default-rack, certSerialId: null}, Type:RATIS, Factor:THREE, State:CLOSED] from datanode 69a71f03-bd49-4dcf-a91a-b858634f7ca8{ip: 192.168.34.12, host: pr-hdds-2106-8t9qr-763259812, networkLocation: /default-rack, certSerialId: null}. Reason : 69a71f03-bd49-4dcf-a91a-b858634f7ca8 has not seen follower/s 4bd4e05e-fa44-45f4-99bb-ac21c4078a41 for 168824ms 1a989eca-a026-4062-a574-e52a85f9a2a4 for 168824ms
2019-09-11 07:07:09,088 [EventQueue-PipelineActionsForPipelineActionHandler] INFO  pipeline.SCMPipelineManager (SCMPipelineManager.java:finalizeAndDestroyPipeline(311)) - destroying pipeline:Pipeline[ Id: 6ec498c6-2b3c-401f-9684-88289bce3651, Nodes: 1a989eca-a026-4062-a574-e52a85f9a2a4{ip: 192.168.34.12, host: pr-hdds-2106-8t9qr-763259812, networkLocation: /default-rack, certSerialId: null}4bd4e05e-fa44-45f4-99bb-ac21c4078a41{ip: 192.168.34.12, host: pr-hdds-2106-8t9qr-763259812, networkLocation: /default-rack, certSerialId: null}69a71f03-bd49-4dcf-a91a-b858634f7ca8{ip: 192.168.34.12, host: pr-hdds-2106-8t9qr-763259812, networkLocation: /default-rack, certSerialId: null}, Type:RATIS, Factor:THREE, State:CLOSED]
2019-09-11 07:07:10,071 [69a71f03-bd49-4dcf-a91a-b858634f7ca8@group-88289BCE3651-SegmentedRaftLogWorker] WARN  segmented.SegmentedRaftLogWorker (SegmentedRaftLogWorker.java:getFromFuture(90)) - Timeout 16/~
org.apache.ratis.protocol.TimeoutIOException: Timeout 10s: WriteLog:8: (t:1, i:8), STATEMACHINELOGENTRY, client-018CB4735F58, cid=143-writeStateMachineData
	at org.apache.ratis.util.IOUtils.getFromFuture(IOUtils.java:87)
	at org.apache.ratis.server.raftlog.segmented.SegmentedRaftLogWorker$StateMachineDataPolicy.getFromFuture(SegmentedRaftLogWorker.java:87)
	at org.apache.ratis.server.raftlog.segmented.SegmentedRaftLogWorker$WriteLog.execute(SegmentedRaftLogWorker.java:477)
	at org.apache.ratis.server.raftlog.segmented.SegmentedRaftLogWorker.run(SegmentedRaftLogWorker.java:289)
	at java.lang.Thread.run(Thread.java:748)
Caused by: java.util.concurrent.TimeoutException
	at java.util.concurrent.CompletableFuture.timedGet(CompletableFuture.java:1771)
	at java.util.concurrent.CompletableFuture.get(CompletableFuture.java:1915)
	at org.apache.ratis.util.IOUtils.getFromFuture(IOUtils.java:79)
	... 4 more
2019-09-11 07:07:10,119 [1a989eca-a026-4062-a574-e52a85f9a2a4@group-88289BCE3651-SegmentedRaftLogWorker] WARN  segmented.SegmentedRaftLogWorker (SegmentedRaftLogWorker.java:getFromFuture(90)) - Timeout 16/~
org.apache.ratis.protocol.TimeoutIOException: Timeout 10s: WriteLog:8: (t:1, i:8), STATEMACHINELOGENTRY, client-018CB4735F58, cid=143-writeStateMachineData
	at org.apache.ratis.util.IOUtils.getFromFuture(IOUtils.java:87)
	at org.apache.ratis.server.raftlog.segmented.SegmentedRaftLogWorker$StateMachineDataPolicy.getFromFuture(SegmentedRaftLogWorker.java:87)
	at org.apache.ratis.server.raftlog.segmented.SegmentedRaftLogWorker$WriteLog.execute(SegmentedRaftLogWorker.java:477)
	at org.apache.ratis.server.raftlog.segmented.SegmentedRaftLogWorker.run(SegmentedRaftLogWorker.java:289)
	at java.lang.Thread.run(Thread.java:748)
Caused by: java.util.concurrent.TimeoutException
	at java.util.concurrent.CompletableFuture.timedGet(CompletableFuture.java:1771)
	at java.util.concurrent.CompletableFuture.get(CompletableFuture.java:1915)
	at org.apache.ratis.util.IOUtils.getFromFuture(IOUtils.java:79)
	... 4 more
2019-09-11 07:07:10,120 [4bd4e05e-fa44-45f4-99bb-ac21c4078a41@group-88289BCE3651-SegmentedRaftLogWorker] WARN  segmented.SegmentedRaftLogWorker (SegmentedRaftLogWorker.java:getFromFuture(90)) - Timeout 16/~
org.apache.ratis.protocol.TimeoutIOException: Timeout 10s: WriteLog:10: (t:1, i:10), STATEMACHINELOGENTRY, client-018CB4735F58, cid=145-writeStateMachineData
	at org.apache.ratis.util.IOUtils.getFromFuture(IOUtils.java:87)
	at org.apache.ratis.server.raftlog.segmented.SegmentedRaftLogWorker$StateMachineDataPolicy.getFromFuture(SegmentedRaftLogWorker.java:87)
	at org.apache.ratis.server.raftlog.segmented.SegmentedRaftLogWorker$WriteLog.execute(SegmentedRaftLogWorker.java:477)
	at org.apache.ratis.server.raftlog.segmented.SegmentedRaftLogWorker.run(SegmentedRaftLogWorker.java:289)
	at java.lang.Thread.run(Thread.java:748)
Caused by: java.util.concurrent.TimeoutException
	at java.util.concurrent.CompletableFuture.timedGet(CompletableFuture.java:1771)
	at java.util.concurrent.CompletableFuture.get(CompletableFuture.java:1915)
	at org.apache.ratis.util.IOUtils.getFromFuture(IOUtils.java:79)
	... 4 more
2019-09-11 07:07:10,598 [org.apache.ratis.server.impl.LogAppender$AppenderDaemon$$Lambda$511/1624611919@2e68335] ERROR ratis.XceiverServerRatis (XceiverServerRatis.java:triggerPipelineClose(568)) - pipeline Action CLOSE  on pipeline PipelineID=6ec498c6-2b3c-401f-9684-88289bce3651.Reason : 69a71f03-bd49-4dcf-a91a-b858634f7ca8 has not seen follower/s 4bd4e05e-fa44-45f4-99bb-ac21c4078a41 for 171326ms 1a989eca-a026-4062-a574-e52a85f9a2a4 for 171326ms
2019-09-11 07:07:10,600 [org.apache.ratis.server.impl.LogAppender$AppenderDaemon$$Lambda$511/1624611919@2ca26f32] ERROR ratis.XceiverServerRatis (XceiverServerRatis.java:triggerPipelineClose(568)) - pipeline Action CLOSE  on pipeline PipelineID=6ec498c6-2b3c-401f-9684-88289bce3651.Reason : 69a71f03-bd49-4dcf-a91a-b858634f7ca8 has not seen follower/s 4bd4e05e-fa44-45f4-99bb-ac21c4078a41 for 171327ms 1a989eca-a026-4062-a574-e52a85f9a2a4 for 171327ms
2019-09-11 07:07:11,088 [EventQueue-PipelineActionsForPipelineActionHandler] ERROR pipeline.PipelineActionHandler (PipelineActionHandler.java:onMessage(60)) - Received pipeline action CLOSE for Pipeline[ Id: 6ec498c6-2b3c-401f-9684-88289bce3651, Nodes: 1a989eca-a026-4062-a574-e52a85f9a2a4{ip: 192.168.34.12, host: pr-hdds-2106-8t9qr-763259812, networkLocation: /default-rack, certSerialId: null}4bd4e05e-fa44-45f4-99bb-ac21c4078a41{ip: 192.168.34.12, host: pr-hdds-2106-8t9qr-763259812, networkLocation: /default-rack, certSerialId: null}69a71f03-bd49-4dcf-a91a-b858634f7ca8{ip: 192.168.34.12, host: pr-hdds-2106-8t9qr-763259812, networkLocation: /default-rack, certSerialId: null}, Type:RATIS, Factor:THREE, State:CLOSED] from datanode 69a71f03-bd49-4dcf-a91a-b858634f7ca8{ip: 192.168.34.12, host: pr-hdds-2106-8t9qr-763259812, networkLocation: /default-rack, certSerialId: null}. Reason : 69a71f03-bd49-4dcf-a91a-b858634f7ca8 has not seen follower/s 4bd4e05e-fa44-45f4-99bb-ac21c4078a41 for 171326ms 1a989eca-a026-4062-a574-e52a85f9a2a4 for 171326ms
2019-09-11 07:07:11,088 [EventQueue-PipelineActionsForPipelineActionHandler] INFO  pipeline.SCMPipelineManager (SCMPipelineManager.java:finalizeAndDestroyPipeline(311)) - destroying pipeline:Pipeline[ Id: 6ec498c6-2b3c-401f-9684-88289bce3651, Nodes: 1a989eca-a026-4062-a574-e52a85f9a2a4{ip: 192.168.34.12, host: pr-hdds-2106-8t9qr-763259812, networkLocation: /default-rack, certSerialId: null}4bd4e05e-fa44-45f4-99bb-ac21c4078a41{ip: 192.168.34.12, host: pr-hdds-2106-8t9qr-763259812, networkLocation: /default-rack, certSerialId: null}69a71f03-bd49-4dcf-a91a-b858634f7ca8{ip: 192.168.34.12, host: pr-hdds-2106-8t9qr-763259812, networkLocation: /default-rack, certSerialId: null}, Type:RATIS, Factor:THREE, State:CLOSED]
2019-09-11 07:07:11,097 [java.util.concurrent.ThreadPoolExecutor$Worker@5b781eac[State = -1, empty queue]] WARN  server.GrpcLogAppender (GrpcLogAppender.java:timeoutAppendRequest(200)) - 69a71f03-bd49-4dcf-a91a-b858634f7ca8@group-88289BCE3651->4bd4e05e-fa44-45f4-99bb-ac21c4078a41-GrpcLogAppender: appendEntries Timeout, request=69a71f03-bd49-4dcf-a91a-b858634f7ca8->4bd4e05e-fa44-45f4-99bb-ac21c4078a41#90-t1, previous=(t:1, i:13), leaderCommit=6, initializing? false, entries: <empty>
2019-09-11 07:07:11,099 [java.util.concurrent.ThreadPoolExecutor$Worker@16e6d60[State = -1, empty queue]] WARN  server.GrpcLogAppender (GrpcLogAppender.java:timeoutAppendRequest(200)) - 69a71f03-bd49-4dcf-a91a-b858634f7ca8@group-88289BCE3651->1a989eca-a026-4062-a574-e52a85f9a2a4-GrpcLogAppender: appendEntries Timeout, request=69a71f03-bd49-4dcf-a91a-b858634f7ca8->1a989eca-a026-4062-a574-e52a85f9a2a4#90-t1, previous=(t:1, i:13), leaderCommit=6, initializing? false, entries: <empty>
2019-09-11 07:07:11,647 [grpc-default-executor-1] INFO  client.GrpcClientProtocolClient (GrpcClientProtocolClient.java:onNext(264)) - client-018CB4735F58->1a989eca-a026-4062-a574-e52a85f9a2a4: receive RaftClientReply:client-018CB4735F58->1a989eca-a026-4062-a574-e52a85f9a2a4@group-88289BCE3651, cid=142, FAILED org.apache.ratis.protocol.NotLeaderException: Server 1a989eca-a026-4062-a574-e52a85f9a2a4@group-88289BCE3651 is not the leader 69a71f03-bd49-4dcf-a91a-b858634f7ca8:192.168.34.12:43469, logIndex=0, commits[1a989eca-a026-4062-a574-e52a85f9a2a4:c6, 69a71f03-bd49-4dcf-a91a-b858634f7ca8:c6, 4bd4e05e-fa44-45f4-99bb-ac21c4078a41:c4]
2019-09-11 07:07:13,099 [org.apache.ratis.server.impl.LogAppender$AppenderDaemon$$Lambda$511/1624611919@2e68335] ERROR ratis.XceiverServerRatis (XceiverServerRatis.java:triggerPipelineClose(568)) - pipeline Action CLOSE  on pipeline PipelineID=6ec498c6-2b3c-401f-9684-88289bce3651.Reason : 69a71f03-bd49-4dcf-a91a-b858634f7ca8 has not seen follower/s 4bd4e05e-fa44-45f4-99bb-ac21c4078a41 for 173826ms 1a989eca-a026-4062-a574-e52a85f9a2a4 for 173826ms
2019-09-11 07:07:13,100 [org.apache.ratis.server.impl.LogAppender$AppenderDaemon$$Lambda$511/1624611919@2ca26f32] ERROR ratis.XceiverServerRatis (XceiverServerRatis.java:triggerPipelineClose(568)) - pipeline Action CLOSE  on pipeline PipelineID=6ec498c6-2b3c-401f-9684-88289bce3651.Reason : 69a71f03-bd49-4dcf-a91a-b858634f7ca8 has not seen follower/s 4bd4e05e-fa44-45f4-99bb-ac21c4078a41 for 173828ms 1a989eca-a026-4062-a574-e52a85f9a2a4 for 173828ms
2019-09-11 07:07:13,598 [java.util.concurrent.ThreadPoolExecutor$Worker@5b781eac[State = -1, empty queue]] WARN  server.GrpcLogAppender (GrpcLogAppender.java:timeoutAppendRequest(200)) - 69a71f03-bd49-4dcf-a91a-b858634f7ca8@group-88289BCE3651->4bd4e05e-fa44-45f4-99bb-ac21c4078a41-GrpcLogAppender: appendEntries Timeout, request=69a71f03-bd49-4dcf-a91a-b858634f7ca8->4bd4e05e-fa44-45f4-99bb-ac21c4078a41#91-t1, previous=(t:1, i:13), leaderCommit=6, initializing? false, entries: <empty>
2019-09-11 07:07:13,600 [java.util.concurrent.ThreadPoolExecutor$Worker@16e6d60[State = -1, empty queue]] WARN  server.GrpcLogAppender (GrpcLogAppender.java:timeoutAppendRequest(200)) - 69a71f03-bd49-4dcf-a91a-b858634f7ca8@group-88289BCE3651->1a989eca-a026-4062-a574-e52a85f9a2a4-GrpcLogAppender: appendEntries Timeout, request=69a71f03-bd49-4dcf-a91a-b858634f7ca8->1a989eca-a026-4062-a574-e52a85f9a2a4#91-t1, previous=(t:1, i:13), leaderCommit=6, initializing? false, entries: <empty>
2019-09-11 07:07:14,089 [EventQueue-PipelineActionsForPipelineActionHandler] ERROR pipeline.PipelineActionHandler (PipelineActionHandler.java:onMessage(60)) - Received pipeline action CLOSE for Pipeline[ Id: 6ec498c6-2b3c-401f-9684-88289bce3651, Nodes: 1a989eca-a026-4062-a574-e52a85f9a2a4{ip: 192.168.34.12, host: pr-hdds-2106-8t9qr-763259812, networkLocation: /default-rack, certSerialId: null}4bd4e05e-fa44-45f4-99bb-ac21c4078a41{ip: 192.168.34.12, host: pr-hdds-2106-8t9qr-763259812, networkLocation: /default-rack, certSerialId: null}69a71f03-bd49-4dcf-a91a-b858634f7ca8{ip: 192.168.34.12, host: pr-hdds-2106-8t9qr-763259812, networkLocation: /default-rack, certSerialId: null}, Type:RATIS, Factor:THREE, State:CLOSED] from datanode 69a71f03-bd49-4dcf-a91a-b858634f7ca8{ip: 192.168.34.12, host: pr-hdds-2106-8t9qr-763259812, networkLocation: /default-rack, certSerialId: null}. Reason : 69a71f03-bd49-4dcf-a91a-b858634f7ca8 has not seen follower/s 4bd4e05e-fa44-45f4-99bb-ac21c4078a41 for 173826ms 1a989eca-a026-4062-a574-e52a85f9a2a4 for 173826ms
2019-09-11 07:07:14,090 [EventQueue-PipelineActionsForPipelineActionHandler] INFO  pipeline.SCMPipelineManager (SCMPipelineManager.java:finalizeAndDestroyPipeline(311)) - destroying pipeline:Pipeline[ Id: 6ec498c6-2b3c-401f-9684-88289bce3651, Nodes: 1a989eca-a026-4062-a574-e52a85f9a2a4{ip: 192.168.34.12, host: pr-hdds-2106-8t9qr-763259812, networkLocation: /default-rack, certSerialId: null}4bd4e05e-fa44-45f4-99bb-ac21c4078a41{ip: 192.168.34.12, host: pr-hdds-2106-8t9qr-763259812, networkLocation: /default-rack, certSerialId: null}69a71f03-bd49-4dcf-a91a-b858634f7ca8{ip: 192.168.34.12, host: pr-hdds-2106-8t9qr-763259812, networkLocation: /default-rack, certSerialId: null}, Type:RATIS, Factor:THREE, State:CLOSED]
2019-09-11 07:07:15,600 [org.apache.ratis.server.impl.LogAppender$AppenderDaemon$$Lambda$511/1624611919@2e68335] ERROR ratis.XceiverServerRatis (XceiverServerRatis.java:triggerPipelineClose(568)) - pipeline Action CLOSE  on pipeline PipelineID=6ec498c6-2b3c-401f-9684-88289bce3651.Reason : 69a71f03-bd49-4dcf-a91a-b858634f7ca8 has not seen follower/s 4bd4e05e-fa44-45f4-99bb-ac21c4078a41 for 176327ms 1a989eca-a026-4062-a574-e52a85f9a2a4 for 176327ms
2019-09-11 07:07:15,601 [org.apache.ratis.server.impl.LogAppender$AppenderDaemon$$Lambda$511/1624611919@2ca26f32] ERROR ratis.XceiverServerRatis (XceiverServerRatis.java:triggerPipelineClose(568)) - pipeline Action CLOSE  on pipeline PipelineID=6ec498c6-2b3c-401f-9684-88289bce3651.Reason : 69a71f03-bd49-4dcf-a91a-b858634f7ca8 has not seen follower/s 4bd4e05e-fa44-45f4-99bb-ac21c4078a41 for 176329ms 1a989eca-a026-4062-a574-e52a85f9a2a4 for 176329ms
2019-09-11 07:07:16,090 [EventQueue-PipelineActionsForPipelineActionHandler] ERROR pipeline.PipelineActionHandler (PipelineActionHandler.java:onMessage(60)) - Received pipeline action CLOSE for Pipeline[ Id: 6ec498c6-2b3c-401f-9684-88289bce3651, Nodes: 1a989eca-a026-4062-a574-e52a85f9a2a4{ip: 192.168.34.12, host: pr-hdds-2106-8t9qr-763259812, networkLocation: /default-rack, certSerialId: null}4bd4e05e-fa44-45f4-99bb-ac21c4078a41{ip: 192.168.34.12, host: pr-hdds-2106-8t9qr-763259812, networkLocation: /default-rack, certSerialId: null}69a71f03-bd49-4dcf-a91a-b858634f7ca8{ip: 192.168.34.12, host: pr-hdds-2106-8t9qr-763259812, networkLocation: /default-rack, certSerialId: null}, Type:RATIS, Factor:THREE, State:CLOSED] from datanode 69a71f03-bd49-4dcf-a91a-b858634f7ca8{ip: 192.168.34.12, host: pr-hdds-2106-8t9qr-763259812, networkLocation: /default-rack, certSerialId: null}. Reason : 69a71f03-bd49-4dcf-a91a-b858634f7ca8 has not seen follower/s 4bd4e05e-fa44-45f4-99bb-ac21c4078a41 for 176327ms 1a989eca-a026-4062-a574-e52a85f9a2a4 for 176327ms
2019-09-11 07:07:16,090 [EventQueue-PipelineActionsForPipelineActionHandler] INFO  pipeline.SCMPipelineManager (SCMPipelineManager.java:finalizeAndDestroyPipeline(311)) - destroying pipeline:Pipeline[ Id: 6ec498c6-2b3c-401f-9684-88289bce3651, Nodes: 1a989eca-a026-4062-a574-e52a85f9a2a4{ip: 192.168.34.12, host: pr-hdds-2106-8t9qr-763259812, networkLocation: /default-rack, certSerialId: null}4bd4e05e-fa44-45f4-99bb-ac21c4078a41{ip: 192.168.34.12, host: pr-hdds-2106-8t9qr-763259812, networkLocation: /default-rack, certSerialId: null}69a71f03-bd49-4dcf-a91a-b858634f7ca8{ip: 192.168.34.12, host: pr-hdds-2106-8t9qr-763259812, networkLocation: /default-rack, certSerialId: null}, Type:RATIS, Factor:THREE, State:CLOSED]
2019-09-11 07:07:16,099 [java.util.concurrent.ThreadPoolExecutor$Worker@5b781eac[State = -1, empty queue]] WARN  server.GrpcLogAppender (GrpcLogAppender.java:timeoutAppendRequest(200)) - 69a71f03-bd49-4dcf-a91a-b858634f7ca8@group-88289BCE3651->4bd4e05e-fa44-45f4-99bb-ac21c4078a41-GrpcLogAppender: appendEntries Timeout, request=69a71f03-bd49-4dcf-a91a-b858634f7ca8->4bd4e05e-fa44-45f4-99bb-ac21c4078a41#92-t1, previous=(t:1, i:13), leaderCommit=6, initializing? false, entries: <empty>
2019-09-11 07:07:16,100 [java.util.concurrent.ThreadPoolExecutor$Worker@16e6d60[State = -1, empty queue]] WARN  server.GrpcLogAppender (GrpcLogAppender.java:timeoutAppendRequest(200)) - 69a71f03-bd49-4dcf-a91a-b858634f7ca8@group-88289BCE3651->1a989eca-a026-4062-a574-e52a85f9a2a4-GrpcLogAppender: appendEntries Timeout, request=69a71f03-bd49-4dcf-a91a-b858634f7ca8->1a989eca-a026-4062-a574-e52a85f9a2a4#92-t1, previous=(t:1, i:13), leaderCommit=6, initializing? false, entries: <empty>
2019-09-11 07:07:16,712 [grpc-default-executor-10] INFO  client.GrpcClientProtocolClient (GrpcClientProtocolClient.java:onNext(264)) - client-018CB4735F58->1a989eca-a026-4062-a574-e52a85f9a2a4: receive RaftClientReply:client-018CB4735F58->1a989eca-a026-4062-a574-e52a85f9a2a4@group-88289BCE3651, cid=142, FAILED org.apache.ratis.protocol.NotLeaderException: Server 1a989eca-a026-4062-a574-e52a85f9a2a4@group-88289BCE3651 is not the leader 69a71f03-bd49-4dcf-a91a-b858634f7ca8:192.168.34.12:43469, logIndex=0, commits[1a989eca-a026-4062-a574-e52a85f9a2a4:c6, 69a71f03-bd49-4dcf-a91a-b858634f7ca8:c6, 4bd4e05e-fa44-45f4-99bb-ac21c4078a41:c4]
2019-09-11 07:07:18,101 [org.apache.ratis.server.impl.LogAppender$AppenderDaemon$$Lambda$511/1624611919@2e68335] ERROR ratis.XceiverServerRatis (XceiverServerRatis.java:triggerPipelineClose(568)) - pipeline Action CLOSE  on pipeline PipelineID=6ec498c6-2b3c-401f-9684-88289bce3651.Reason : 69a71f03-bd49-4dcf-a91a-b858634f7ca8 has not seen follower/s 4bd4e05e-fa44-45f4-99bb-ac21c4078a41 for 178828ms 1a989eca-a026-4062-a574-e52a85f9a2a4 for 178828ms
2019-09-11 07:07:18,102 [org.apache.ratis.server.impl.LogAppender$AppenderDaemon$$Lambda$511/1624611919@2ca26f32] ERROR ratis.XceiverServerRatis (XceiverServerRatis.java:triggerPipelineClose(568)) - pipeline Action CLOSE  on pipeline PipelineID=6ec498c6-2b3c-401f-9684-88289bce3651.Reason : 69a71f03-bd49-4dcf-a91a-b858634f7ca8 has not seen follower/s 4bd4e05e-fa44-45f4-99bb-ac21c4078a41 for 178830ms 1a989eca-a026-4062-a574-e52a85f9a2a4 for 178829ms
2019-09-11 07:07:18,600 [java.util.concurrent.ThreadPoolExecutor$Worker@5b781eac[State = -1, empty queue]] WARN  server.GrpcLogAppender (GrpcLogAppender.java:timeoutAppendRequest(200)) - 69a71f03-bd49-4dcf-a91a-b858634f7ca8@group-88289BCE3651->4bd4e05e-fa44-45f4-99bb-ac21c4078a41-GrpcLogAppender: appendEntries Timeout, request=69a71f03-bd49-4dcf-a91a-b858634f7ca8->4bd4e05e-fa44-45f4-99bb-ac21c4078a41#93-t1, previous=(t:1, i:13), leaderCommit=6, initializing? false, entries: <empty>
2019-09-11 07:07:18,601 [java.util.concurrent.ThreadPoolExecutor$Worker@16e6d60[State = -1, empty queue]] WARN  server.GrpcLogAppender (GrpcLogAppender.java:timeoutAppendRequest(200)) - 69a71f03-bd49-4dcf-a91a-b858634f7ca8@group-88289BCE3651->1a989eca-a026-4062-a574-e52a85f9a2a4-GrpcLogAppender: appendEntries Timeout, request=69a71f03-bd49-4dcf-a91a-b858634f7ca8->1a989eca-a026-4062-a574-e52a85f9a2a4#93-t1, previous=(t:1, i:13), leaderCommit=6, initializing? false, entries: <empty>
2019-09-11 07:07:19,090 [EventQueue-PipelineActionsForPipelineActionHandler] ERROR pipeline.PipelineActionHandler (PipelineActionHandler.java:onMessage(60)) - Received pipeline action CLOSE for Pipeline[ Id: 6ec498c6-2b3c-401f-9684-88289bce3651, Nodes: 1a989eca-a026-4062-a574-e52a85f9a2a4{ip: 192.168.34.12, host: pr-hdds-2106-8t9qr-763259812, networkLocation: /default-rack, certSerialId: null}4bd4e05e-fa44-45f4-99bb-ac21c4078a41{ip: 192.168.34.12, host: pr-hdds-2106-8t9qr-763259812, networkLocation: /default-rack, certSerialId: null}69a71f03-bd49-4dcf-a91a-b858634f7ca8{ip: 192.168.34.12, host: pr-hdds-2106-8t9qr-763259812, networkLocation: /default-rack, certSerialId: null}, Type:RATIS, Factor:THREE, State:CLOSED] from datanode 69a71f03-bd49-4dcf-a91a-b858634f7ca8{ip: 192.168.34.12, host: pr-hdds-2106-8t9qr-763259812, networkLocation: /default-rack, certSerialId: null}. Reason : 69a71f03-bd49-4dcf-a91a-b858634f7ca8 has not seen follower/s 4bd4e05e-fa44-45f4-99bb-ac21c4078a41 for 178828ms 1a989eca-a026-4062-a574-e52a85f9a2a4 for 178828ms
2019-09-11 07:07:19,090 [EventQueue-PipelineActionsForPipelineActionHandler] INFO  pipeline.SCMPipelineManager (SCMPipelineManager.java:finalizeAndDestroyPipeline(311)) - destroying pipeline:Pipeline[ Id: 6ec498c6-2b3c-401f-9684-88289bce3651, Nodes: 1a989eca-a026-4062-a574-e52a85f9a2a4{ip: 192.168.34.12, host: pr-hdds-2106-8t9qr-763259812, networkLocation: /default-rack, certSerialId: null}4bd4e05e-fa44-45f4-99bb-ac21c4078a41{ip: 192.168.34.12, host: pr-hdds-2106-8t9qr-763259812, networkLocation: /default-rack, certSerialId: null}69a71f03-bd49-4dcf-a91a-b858634f7ca8{ip: 192.168.34.12, host: pr-hdds-2106-8t9qr-763259812, networkLocation: /default-rack, certSerialId: null}, Type:RATIS, Factor:THREE, State:CLOSED]
2019-09-11 07:07:20,073 [69a71f03-bd49-4dcf-a91a-b858634f7ca8@group-88289BCE3651-SegmentedRaftLogWorker] WARN  segmented.SegmentedRaftLogWorker (SegmentedRaftLogWorker.java:getFromFuture(90)) - Timeout 17/~
org.apache.ratis.protocol.TimeoutIOException: Timeout 10s: WriteLog:8: (t:1, i:8), STATEMACHINELOGENTRY, client-018CB4735F58, cid=143-writeStateMachineData
	at org.apache.ratis.util.IOUtils.getFromFuture(IOUtils.java:87)
	at org.apache.ratis.server.raftlog.segmented.SegmentedRaftLogWorker$StateMachineDataPolicy.getFromFuture(SegmentedRaftLogWorker.java:87)
	at org.apache.ratis.server.raftlog.segmented.SegmentedRaftLogWorker$WriteLog.execute(SegmentedRaftLogWorker.java:477)
	at org.apache.ratis.server.raftlog.segmented.SegmentedRaftLogWorker.run(SegmentedRaftLogWorker.java:289)
	at java.lang.Thread.run(Thread.java:748)
Caused by: java.util.concurrent.TimeoutException
	at java.util.concurrent.CompletableFuture.timedGet(CompletableFuture.java:1771)
	at java.util.concurrent.CompletableFuture.get(CompletableFuture.java:1915)
	at org.apache.ratis.util.IOUtils.getFromFuture(IOUtils.java:79)
	... 4 more
2019-09-11 07:07:20,120 [1a989eca-a026-4062-a574-e52a85f9a2a4@group-88289BCE3651-SegmentedRaftLogWorker] WARN  segmented.SegmentedRaftLogWorker (SegmentedRaftLogWorker.java:getFromFuture(90)) - Timeout 17/~
org.apache.ratis.protocol.TimeoutIOException: Timeout 10s: WriteLog:8: (t:1, i:8), STATEMACHINELOGENTRY, client-018CB4735F58, cid=143-writeStateMachineData
	at org.apache.ratis.util.IOUtils.getFromFuture(IOUtils.java:87)
	at org.apache.ratis.server.raftlog.segmented.SegmentedRaftLogWorker$StateMachineDataPolicy.getFromFuture(SegmentedRaftLogWorker.java:87)
	at org.apache.ratis.server.raftlog.segmented.SegmentedRaftLogWorker$WriteLog.execute(SegmentedRaftLogWorker.java:477)
	at org.apache.ratis.server.raftlog.segmented.SegmentedRaftLogWorker.run(SegmentedRaftLogWorker.java:289)
	at java.lang.Thread.run(Thread.java:748)
Caused by: java.util.concurrent.TimeoutException
	at java.util.concurrent.CompletableFuture.timedGet(CompletableFuture.java:1771)
	at java.util.concurrent.CompletableFuture.get(CompletableFuture.java:1915)
	at org.apache.ratis.util.IOUtils.getFromFuture(IOUtils.java:79)
	... 4 more
2019-09-11 07:07:20,121 [4bd4e05e-fa44-45f4-99bb-ac21c4078a41@group-88289BCE3651-SegmentedRaftLogWorker] WARN  segmented.SegmentedRaftLogWorker (SegmentedRaftLogWorker.java:getFromFuture(90)) - Timeout 17/~
org.apache.ratis.protocol.TimeoutIOException: Timeout 10s: WriteLog:10: (t:1, i:10), STATEMACHINELOGENTRY, client-018CB4735F58, cid=145-writeStateMachineData
	at org.apache.ratis.util.IOUtils.getFromFuture(IOUtils.java:87)
	at org.apache.ratis.server.raftlog.segmented.SegmentedRaftLogWorker$StateMachineDataPolicy.getFromFuture(SegmentedRaftLogWorker.java:87)
	at org.apache.ratis.server.raftlog.segmented.SegmentedRaftLogWorker$WriteLog.execute(SegmentedRaftLogWorker.java:477)
	at org.apache.ratis.server.raftlog.segmented.SegmentedRaftLogWorker.run(SegmentedRaftLogWorker.java:289)
	at java.lang.Thread.run(Thread.java:748)
Caused by: java.util.concurrent.TimeoutException
	at java.util.concurrent.CompletableFuture.timedGet(CompletableFuture.java:1771)
	at java.util.concurrent.CompletableFuture.get(CompletableFuture.java:1915)
	at org.apache.ratis.util.IOUtils.getFromFuture(IOUtils.java:79)
	... 4 more
2019-09-11 07:07:20,602 [org.apache.ratis.server.impl.LogAppender$AppenderDaemon$$Lambda$511/1624611919@2e68335] ERROR ratis.XceiverServerRatis (XceiverServerRatis.java:triggerPipelineClose(568)) - pipeline Action CLOSE  on pipeline PipelineID=6ec498c6-2b3c-401f-9684-88289bce3651.Reason : 69a71f03-bd49-4dcf-a91a-b858634f7ca8 has not seen follower/s 4bd4e05e-fa44-45f4-99bb-ac21c4078a41 for 181329ms 1a989eca-a026-4062-a574-e52a85f9a2a4 for 181329ms
2019-09-11 07:07:20,603 [org.apache.ratis.server.impl.LogAppender$AppenderDaemon$$Lambda$511/1624611919@2ca26f32] ERROR ratis.XceiverServerRatis (XceiverServerRatis.java:triggerPipelineClose(568)) - pipeline Action CLOSE  on pipeline PipelineID=6ec498c6-2b3c-401f-9684-88289bce3651.Reason : 69a71f03-bd49-4dcf-a91a-b858634f7ca8 has not seen follower/s 4bd4e05e-fa44-45f4-99bb-ac21c4078a41 for 181330ms 1a989eca-a026-4062-a574-e52a85f9a2a4 for 181330ms
2019-09-11 07:07:21,090 [EventQueue-PipelineActionsForPipelineActionHandler] ERROR pipeline.PipelineActionHandler (PipelineActionHandler.java:onMessage(60)) - Received pipeline action CLOSE for Pipeline[ Id: 6ec498c6-2b3c-401f-9684-88289bce3651, Nodes: 1a989eca-a026-4062-a574-e52a85f9a2a4{ip: 192.168.34.12, host: pr-hdds-2106-8t9qr-763259812, networkLocation: /default-rack, certSerialId: null}4bd4e05e-fa44-45f4-99bb-ac21c4078a41{ip: 192.168.34.12, host: pr-hdds-2106-8t9qr-763259812, networkLocation: /default-rack, certSerialId: null}69a71f03-bd49-4dcf-a91a-b858634f7ca8{ip: 192.168.34.12, host: pr-hdds-2106-8t9qr-763259812, networkLocation: /default-rack, certSerialId: null}, Type:RATIS, Factor:THREE, State:CLOSED] from datanode 69a71f03-bd49-4dcf-a91a-b858634f7ca8{ip: 192.168.34.12, host: pr-hdds-2106-8t9qr-763259812, networkLocation: /default-rack, certSerialId: null}. Reason : 69a71f03-bd49-4dcf-a91a-b858634f7ca8 has not seen follower/s 4bd4e05e-fa44-45f4-99bb-ac21c4078a41 for 181329ms 1a989eca-a026-4062-a574-e52a85f9a2a4 for 181329ms
2019-09-11 07:07:21,090 [EventQueue-PipelineActionsForPipelineActionHandler] INFO  pipeline.SCMPipelineManager (SCMPipelineManager.java:finalizeAndDestroyPipeline(311)) - destroying pipeline:Pipeline[ Id: 6ec498c6-2b3c-401f-9684-88289bce3651, Nodes: 1a989eca-a026-4062-a574-e52a85f9a2a4{ip: 192.168.34.12, host: pr-hdds-2106-8t9qr-763259812, networkLocation: /default-rack, certSerialId: null}4bd4e05e-fa44-45f4-99bb-ac21c4078a41{ip: 192.168.34.12, host: pr-hdds-2106-8t9qr-763259812, networkLocation: /default-rack, certSerialId: null}69a71f03-bd49-4dcf-a91a-b858634f7ca8{ip: 192.168.34.12, host: pr-hdds-2106-8t9qr-763259812, networkLocation: /default-rack, certSerialId: null}, Type:RATIS, Factor:THREE, State:CLOSED]
2019-09-11 07:07:21,100 [java.util.concurrent.ThreadPoolExecutor$Worker@5b781eac[State = -1, empty queue]] WARN  server.GrpcLogAppender (GrpcLogAppender.java:timeoutAppendRequest(200)) - 69a71f03-bd49-4dcf-a91a-b858634f7ca8@group-88289BCE3651->4bd4e05e-fa44-45f4-99bb-ac21c4078a41-GrpcLogAppender: appendEntries Timeout, request=69a71f03-bd49-4dcf-a91a-b858634f7ca8->4bd4e05e-fa44-45f4-99bb-ac21c4078a41#94-t1, previous=(t:1, i:13), leaderCommit=6, initializing? false, entries: <empty>
2019-09-11 07:07:21,102 [java.util.concurrent.ThreadPoolExecutor$Worker@16e6d60[State = -1, empty queue]] WARN  server.GrpcLogAppender (GrpcLogAppender.java:timeoutAppendRequest(200)) - 69a71f03-bd49-4dcf-a91a-b858634f7ca8@group-88289BCE3651->1a989eca-a026-4062-a574-e52a85f9a2a4-GrpcLogAppender: appendEntries Timeout, request=69a71f03-bd49-4dcf-a91a-b858634f7ca8->1a989eca-a026-4062-a574-e52a85f9a2a4#94-t1, previous=(t:1, i:13), leaderCommit=6, initializing? false, entries: <empty>
2019-09-11 07:07:21,765 [grpc-default-executor-10] INFO  client.GrpcClientProtocolClient (GrpcClientProtocolClient.java:onNext(264)) - client-018CB4735F58->4bd4e05e-fa44-45f4-99bb-ac21c4078a41: receive RaftClientReply:client-018CB4735F58->4bd4e05e-fa44-45f4-99bb-ac21c4078a41@group-88289BCE3651, cid=142, FAILED org.apache.ratis.protocol.NotLeaderException: Server 4bd4e05e-fa44-45f4-99bb-ac21c4078a41@group-88289BCE3651 is not the leader 69a71f03-bd49-4dcf-a91a-b858634f7ca8:192.168.34.12:43469, logIndex=0, commits[4bd4e05e-fa44-45f4-99bb-ac21c4078a41:c6, 69a71f03-bd49-4dcf-a91a-b858634f7ca8:c6, 1a989eca-a026-4062-a574-e52a85f9a2a4:c4]
2019-09-11 07:07:23,103 [org.apache.ratis.server.impl.LogAppender$AppenderDaemon$$Lambda$511/1624611919@2e68335] ERROR ratis.XceiverServerRatis (XceiverServerRatis.java:triggerPipelineClose(568)) - pipeline Action CLOSE  on pipeline PipelineID=6ec498c6-2b3c-401f-9684-88289bce3651.Reason : 69a71f03-bd49-4dcf-a91a-b858634f7ca8 has not seen follower/s 4bd4e05e-fa44-45f4-99bb-ac21c4078a41 for 183830ms 1a989eca-a026-4062-a574-e52a85f9a2a4 for 183830ms
2019-09-11 07:07:23,103 [org.apache.ratis.server.impl.LogAppender$AppenderDaemon$$Lambda$511/1624611919@2ca26f32] ERROR ratis.XceiverServerRatis (XceiverServerRatis.java:triggerPipelineClose(568)) - pipeline Action CLOSE  on pipeline PipelineID=6ec498c6-2b3c-401f-9684-88289bce3651.Reason : 69a71f03-bd49-4dcf-a91a-b858634f7ca8 has not seen follower/s 4bd4e05e-fa44-45f4-99bb-ac21c4078a41 for 183831ms 1a989eca-a026-4062-a574-e52a85f9a2a4 for 183831ms
2019-09-11 07:07:23,601 [java.util.concurrent.ThreadPoolExecutor$Worker@5b781eac[State = -1, empty queue]] WARN  server.GrpcLogAppender (GrpcLogAppender.java:timeoutAppendRequest(200)) - 69a71f03-bd49-4dcf-a91a-b858634f7ca8@group-88289BCE3651->4bd4e05e-fa44-45f4-99bb-ac21c4078a41-GrpcLogAppender: appendEntries Timeout, request=69a71f03-bd49-4dcf-a91a-b858634f7ca8->4bd4e05e-fa44-45f4-99bb-ac21c4078a41#95-t1, previous=(t:1, i:13), leaderCommit=6, initializing? false, entries: <empty>
2019-09-11 07:07:23,603 [java.util.concurrent.ThreadPoolExecutor$Worker@16e6d60[State = -1, empty queue]] WARN  server.GrpcLogAppender (GrpcLogAppender.java:timeoutAppendRequest(200)) - 69a71f03-bd49-4dcf-a91a-b858634f7ca8@group-88289BCE3651->1a989eca-a026-4062-a574-e52a85f9a2a4-GrpcLogAppender: appendEntries Timeout, request=69a71f03-bd49-4dcf-a91a-b858634f7ca8->1a989eca-a026-4062-a574-e52a85f9a2a4#95-t1, previous=(t:1, i:13), leaderCommit=6, initializing? false, entries: <empty>
2019-09-11 07:07:24,090 [EventQueue-PipelineActionsForPipelineActionHandler] ERROR pipeline.PipelineActionHandler (PipelineActionHandler.java:onMessage(60)) - Received pipeline action CLOSE for Pipeline[ Id: 6ec498c6-2b3c-401f-9684-88289bce3651, Nodes: 1a989eca-a026-4062-a574-e52a85f9a2a4{ip: 192.168.34.12, host: pr-hdds-2106-8t9qr-763259812, networkLocation: /default-rack, certSerialId: null}4bd4e05e-fa44-45f4-99bb-ac21c4078a41{ip: 192.168.34.12, host: pr-hdds-2106-8t9qr-763259812, networkLocation: /default-rack, certSerialId: null}69a71f03-bd49-4dcf-a91a-b858634f7ca8{ip: 192.168.34.12, host: pr-hdds-2106-8t9qr-763259812, networkLocation: /default-rack, certSerialId: null}, Type:RATIS, Factor:THREE, State:CLOSED] from datanode 69a71f03-bd49-4dcf-a91a-b858634f7ca8{ip: 192.168.34.12, host: pr-hdds-2106-8t9qr-763259812, networkLocation: /default-rack, certSerialId: null}. Reason : 69a71f03-bd49-4dcf-a91a-b858634f7ca8 has not seen follower/s 4bd4e05e-fa44-45f4-99bb-ac21c4078a41 for 183830ms 1a989eca-a026-4062-a574-e52a85f9a2a4 for 183830ms
2019-09-11 07:07:24,090 [EventQueue-PipelineActionsForPipelineActionHandler] INFO  pipeline.SCMPipelineManager (SCMPipelineManager.java:finalizeAndDestroyPipeline(311)) - destroying pipeline:Pipeline[ Id: 6ec498c6-2b3c-401f-9684-88289bce3651, Nodes: 1a989eca-a026-4062-a574-e52a85f9a2a4{ip: 192.168.34.12, host: pr-hdds-2106-8t9qr-763259812, networkLocation: /default-rack, certSerialId: null}4bd4e05e-fa44-45f4-99bb-ac21c4078a41{ip: 192.168.34.12, host: pr-hdds-2106-8t9qr-763259812, networkLocation: /default-rack, certSerialId: null}69a71f03-bd49-4dcf-a91a-b858634f7ca8{ip: 192.168.34.12, host: pr-hdds-2106-8t9qr-763259812, networkLocation: /default-rack, certSerialId: null}, Type:RATIS, Factor:THREE, State:CLOSED]
2019-09-11 07:07:25,605 [org.apache.ratis.server.impl.LogAppender$AppenderDaemon$$Lambda$511/1624611919@2e68335] ERROR ratis.XceiverServerRatis (XceiverServerRatis.java:triggerPipelineClose(568)) - pipeline Action CLOSE  on pipeline PipelineID=6ec498c6-2b3c-401f-9684-88289bce3651.Reason : 69a71f03-bd49-4dcf-a91a-b858634f7ca8 has not seen follower/s 4bd4e05e-fa44-45f4-99bb-ac21c4078a41 for 186332ms 1a989eca-a026-4062-a574-e52a85f9a2a4 for 186332ms
2019-09-11 07:07:25,605 [org.apache.ratis.server.impl.LogAppender$AppenderDaemon$$Lambda$511/1624611919@2ca26f32] ERROR ratis.XceiverServerRatis (XceiverServerRatis.java:triggerPipelineClose(568)) - pipeline Action CLOSE  on pipeline PipelineID=6ec498c6-2b3c-401f-9684-88289bce3651.Reason : 69a71f03-bd49-4dcf-a91a-b858634f7ca8 has not seen follower/s 4bd4e05e-fa44-45f4-99bb-ac21c4078a41 for 186332ms 1a989eca-a026-4062-a574-e52a85f9a2a4 for 186332ms
2019-09-11 07:07:26,077 [grpc-default-executor-10] INFO  impl.RaftServerProxy (RaftServerProxy.java:remove(95)) - 1a989eca-a026-4062-a574-e52a85f9a2a4: remove  FOLLOWER 1a989eca-a026-4062-a574-e52a85f9a2a4@group-88289BCE3651:t1, leader=69a71f03-bd49-4dcf-a91a-b858634f7ca8, voted=69a71f03-bd49-4dcf-a91a-b858634f7ca8, raftlog=1a989eca-a026-4062-a574-e52a85f9a2a4@group-88289BCE3651-SegmentedRaftLog:OPENED:c6,f6,i13, conf=0: [69a71f03-bd49-4dcf-a91a-b858634f7ca8:192.168.34.12:43469, 4bd4e05e-fa44-45f4-99bb-ac21c4078a41:192.168.34.12:36091, 1a989eca-a026-4062-a574-e52a85f9a2a4:192.168.34.12:35514], old=null RUNNING
2019-09-11 07:07:26,078 [grpc-default-executor-10] INFO  impl.RaftServerImpl (RaftServerImpl.java:lambda$shutdown$3(251)) - 1a989eca-a026-4062-a574-e52a85f9a2a4@group-88289BCE3651: shutdown
2019-09-11 07:07:26,079 [grpc-default-executor-10] INFO  util.JmxRegister (JmxRegister.java:unregister(73)) - Successfully un-registered JMX Bean with object name Ratis:service=RaftServer,group=group-88289BCE3651,id=1a989eca-a026-4062-a574-e52a85f9a2a4
2019-09-11 07:07:26,079 [grpc-default-executor-10] INFO  impl.RoleInfo (RoleInfo.java:shutdownFollowerState(121)) - 1a989eca-a026-4062-a574-e52a85f9a2a4: shutdown FollowerState
2019-09-11 07:07:26,079 [grpc-default-executor-10] INFO  impl.StateMachineUpdater (StateMachineUpdater.java:stopAndJoin(125)) - 1a989eca-a026-4062-a574-e52a85f9a2a4@group-88289BCE3651-StateMachineUpdater: set stopIndex = 6
2019-09-11 07:07:26,079 [Thread-1347] INFO  impl.FollowerState (FollowerState.java:run(115)) - 1a989eca-a026-4062-a574-e52a85f9a2a4: FollowerState was interrupted: java.lang.InterruptedException: sleep interrupted
2019-09-11 07:07:26,080 [1a989eca-a026-4062-a574-e52a85f9a2a4@group-88289BCE3651-StateMachineUpdater] INFO  ratis.ContainerStateMachine (ContainerStateMachine.java:takeSnapshot(289)) - group-88289BCE3651: Taking a snapshot at:(t:1, i:4) file /workdir/hadoop-ozone/integration-test/target/test-dir/MiniOzoneClusterImpl-beba80e5-651a-4af8-b5a8-e6eb83706070/datanode-0/data/ratis/6ec498c6-2b3c-401f-9684-88289bce3651/sm/snapshot.1_4
2019-09-11 07:07:26,090 [EventQueue-PipelineActionsForPipelineActionHandler] ERROR pipeline.PipelineActionHandler (PipelineActionHandler.java:onMessage(60)) - Received pipeline action CLOSE for Pipeline[ Id: 6ec498c6-2b3c-401f-9684-88289bce3651, Nodes: 1a989eca-a026-4062-a574-e52a85f9a2a4{ip: 192.168.34.12, host: pr-hdds-2106-8t9qr-763259812, networkLocation: /default-rack, certSerialId: null}4bd4e05e-fa44-45f4-99bb-ac21c4078a41{ip: 192.168.34.12, host: pr-hdds-2106-8t9qr-763259812, networkLocation: /default-rack, certSerialId: null}69a71f03-bd49-4dcf-a91a-b858634f7ca8{ip: 192.168.34.12, host: pr-hdds-2106-8t9qr-763259812, networkLocation: /default-rack, certSerialId: null}, Type:RATIS, Factor:THREE, State:CLOSED] from datanode 69a71f03-bd49-4dcf-a91a-b858634f7ca8{ip: 192.168.34.12, host: pr-hdds-2106-8t9qr-763259812, networkLocation: /default-rack, certSerialId: null}. Reason : 69a71f03-bd49-4dcf-a91a-b858634f7ca8 has not seen follower/s 4bd4e05e-fa44-45f4-99bb-ac21c4078a41 for 186332ms 1a989eca-a026-4062-a574-e52a85f9a2a4 for 186332ms
2019-09-11 07:07:26,090 [EventQueue-PipelineActionsForPipelineActionHandler] INFO  pipeline.SCMPipelineManager (SCMPipelineManager.java:finalizeAndDestroyPipeline(311)) - destroying pipeline:Pipeline[ Id: 6ec498c6-2b3c-401f-9684-88289bce3651, Nodes: 1a989eca-a026-4062-a574-e52a85f9a2a4{ip: 192.168.34.12, host: pr-hdds-2106-8t9qr-763259812, networkLocation: /default-rack, certSerialId: null}4bd4e05e-fa44-45f4-99bb-ac21c4078a41{ip: 192.168.34.12, host: pr-hdds-2106-8t9qr-763259812, networkLocation: /default-rack, certSerialId: null}69a71f03-bd49-4dcf-a91a-b858634f7ca8{ip: 192.168.34.12, host: pr-hdds-2106-8t9qr-763259812, networkLocation: /default-rack, certSerialId: null}, Type:RATIS, Factor:THREE, State:CLOSED]
2019-09-11 07:07:26,093 [1a989eca-a026-4062-a574-e52a85f9a2a4@group-88289BCE3651-StateMachineUpdater] INFO  ratis.ContainerStateMachine (ContainerStateMachine.java:takeSnapshot(300)) - group-88289BCE3651: Finished taking a snapshot at:(t:1, i:4) file:/workdir/hadoop-ozone/integration-test/target/test-dir/MiniOzoneClusterImpl-beba80e5-651a-4af8-b5a8-e6eb83706070/datanode-0/data/ratis/6ec498c6-2b3c-401f-9684-88289bce3651/sm/snapshot.1_4 time:13
2019-09-11 07:07:26,093 [1a989eca-a026-4062-a574-e52a85f9a2a4@group-88289BCE3651-StateMachineUpdater] INFO  impl.StateMachineUpdater (StateMachineUpdater.java:takeSnapshot(258)) - 1a989eca-a026-4062-a574-e52a85f9a2a4@group-88289BCE3651-StateMachineUpdater: Took a snapshot at index 4
2019-09-11 07:07:26,093 [1a989eca-a026-4062-a574-e52a85f9a2a4@group-88289BCE3651-StateMachineUpdater] INFO  impl.StateMachineUpdater (StateMachineUpdater.java:lambda$new$0(83)) - 1a989eca-a026-4062-a574-e52a85f9a2a4@group-88289BCE3651-StateMachineUpdater: snapshotIndex: updateIncreasingly -1 -> 4
2019-09-11 07:07:26,094 [1a989eca-a026-4062-a574-e52a85f9a2a4@group-88289BCE3651-StateMachineUpdater] INFO  ratis.ContainerStateMachine (ContainerStateMachine.java:takeSnapshot(289)) - group-88289BCE3651: Taking a snapshot at:(t:1, i:4) file /workdir/hadoop-ozone/integration-test/target/test-dir/MiniOzoneClusterImpl-beba80e5-651a-4af8-b5a8-e6eb83706070/datanode-0/data/ratis/6ec498c6-2b3c-401f-9684-88289bce3651/sm/snapshot.1_4
2019-09-11 07:07:26,102 [java.util.concurrent.ThreadPoolExecutor$Worker@5b781eac[State = -1, empty queue]] WARN  server.GrpcLogAppender (GrpcLogAppender.java:timeoutAppendRequest(200)) - 69a71f03-bd49-4dcf-a91a-b858634f7ca8@group-88289BCE3651->4bd4e05e-fa44-45f4-99bb-ac21c4078a41-GrpcLogAppender: appendEntries Timeout, request=69a71f03-bd49-4dcf-a91a-b858634f7ca8->4bd4e05e-fa44-45f4-99bb-ac21c4078a41#96-t1, previous=(t:1, i:13), leaderCommit=6, initializing? false, entries: <empty>
2019-09-11 07:07:26,103 [java.util.concurrent.ThreadPoolExecutor$Worker@16e6d60[State = -1, empty queue]] WARN  server.GrpcLogAppender (GrpcLogAppender.java:timeoutAppendRequest(200)) - 69a71f03-bd49-4dcf-a91a-b858634f7ca8@group-88289BCE3651->1a989eca-a026-4062-a574-e52a85f9a2a4-GrpcLogAppender: appendEntries Timeout, request=69a71f03-bd49-4dcf-a91a-b858634f7ca8->1a989eca-a026-4062-a574-e52a85f9a2a4#96-t1, previous=(t:1, i:13), leaderCommit=6, initializing? false, entries: <empty>
2019-09-11 07:07:26,107 [1a989eca-a026-4062-a574-e52a85f9a2a4@group-88289BCE3651-StateMachineUpdater] INFO  ratis.ContainerStateMachine (ContainerStateMachine.java:takeSnapshot(300)) - group-88289BCE3651: Finished taking a snapshot at:(t:1, i:4) file:/workdir/hadoop-ozone/integration-test/target/test-dir/MiniOzoneClusterImpl-beba80e5-651a-4af8-b5a8-e6eb83706070/datanode-0/data/ratis/6ec498c6-2b3c-401f-9684-88289bce3651/sm/snapshot.1_4 time:13
2019-09-11 07:07:26,107 [1a989eca-a026-4062-a574-e52a85f9a2a4@group-88289BCE3651-StateMachineUpdater] INFO  impl.StateMachineUpdater (StateMachineUpdater.java:takeSnapshot(258)) - 1a989eca-a026-4062-a574-e52a85f9a2a4@group-88289BCE3651-StateMachineUpdater: Took a snapshot at index 4
2019-09-11 07:07:26,107 [1a989eca-a026-4062-a574-e52a85f9a2a4@group-88289BCE3651-StateMachineUpdater] INFO  impl.StateMachineUpdater (StateMachineUpdater.java:lambda$new$0(83)) - 1a989eca-a026-4062-a574-e52a85f9a2a4@group-88289BCE3651-StateMachineUpdater: snapshotIndex: updateIncreasingly 4 -> 4
2019-09-11 07:07:26,108 [grpc-default-executor-10] INFO  impl.RaftServerImpl (ServerState.java:close(385)) - 1a989eca-a026-4062-a574-e52a85f9a2a4@group-88289BCE3651: closes. applyIndex: 6
2019-09-11 07:07:26,109 [1a989eca-a026-4062-a574-e52a85f9a2a4@group-88289BCE3651-SegmentedRaftLogWorker] ERROR ratis.XceiverServerRatis (XceiverServerRatis.java:triggerPipelineClose(568)) - pipeline Action CLOSE  on pipeline PipelineID=6ec498c6-2b3c-401f-9684-88289bce3651.Reason : WriteLog:8: (t:1, i:8), STATEMACHINELOGENTRY, client-018CB4735F58, cid=143-writeStateMachineData interrupted.
2019-09-11 07:07:26,113 [EventQueue-PipelineActionsForPipelineActionHandler] ERROR pipeline.PipelineActionHandler (PipelineActionHandler.java:onMessage(60)) - Received pipeline action CLOSE for Pipeline[ Id: 6ec498c6-2b3c-401f-9684-88289bce3651, Nodes: 1a989eca-a026-4062-a574-e52a85f9a2a4{ip: 192.168.34.12, host: pr-hdds-2106-8t9qr-763259812, networkLocation: /default-rack, certSerialId: null}4bd4e05e-fa44-45f4-99bb-ac21c4078a41{ip: 192.168.34.12, host: pr-hdds-2106-8t9qr-763259812, networkLocation: /default-rack, certSerialId: null}69a71f03-bd49-4dcf-a91a-b858634f7ca8{ip: 192.168.34.12, host: pr-hdds-2106-8t9qr-763259812, networkLocation: /default-rack, certSerialId: null}, Type:RATIS, Factor:THREE, State:CLOSED] from datanode 1a989eca-a026-4062-a574-e52a85f9a2a4{ip: 192.168.34.12, host: pr-hdds-2106-8t9qr-763259812, networkLocation: /default-rack, certSerialId: null}. Reason : WriteLog:8: (t:1, i:8), STATEMACHINELOGENTRY, client-018CB4735F58, cid=143-writeStateMachineData interrupted.
2019-09-11 07:07:26,113 [EventQueue-PipelineActionsForPipelineActionHandler] INFO  pipeline.SCMPipelineManager (SCMPipelineManager.java:finalizeAndDestroyPipeline(311)) - destroying pipeline:Pipeline[ Id: 6ec498c6-2b3c-401f-9684-88289bce3651, Nodes: 1a989eca-a026-4062-a574-e52a85f9a2a4{ip: 192.168.34.12, host: pr-hdds-2106-8t9qr-763259812, networkLocation: /default-rack, certSerialId: null}4bd4e05e-fa44-45f4-99bb-ac21c4078a41{ip: 192.168.34.12, host: pr-hdds-2106-8t9qr-763259812, networkLocation: /default-rack, certSerialId: null}69a71f03-bd49-4dcf-a91a-b858634f7ca8{ip: 192.168.34.12, host: pr-hdds-2106-8t9qr-763259812, networkLocation: /default-rack, certSerialId: null}, Type:RATIS, Factor:THREE, State:CLOSED]
2019-09-11 07:07:26,123 [grpc-default-executor-10] INFO  segmented.SegmentedRaftLogWorker (SegmentedRaftLogWorker.java:close(228)) - 1a989eca-a026-4062-a574-e52a85f9a2a4@group-88289BCE3651-SegmentedRaftLogWorker close()
2019-09-11 07:07:26,141 [grpc-default-executor-10] INFO  interfaces.Container (KeyValueContainer.java:flushAndSyncDB(386)) - Container 5 is synced with bcsId 4.
2019-09-11 07:07:26,141 [grpc-default-executor-10] INFO  interfaces.Container (KeyValueContainer.java:flushAndSyncDB(386)) - Container 5 is synced with bcsId 4.
2019-09-11 07:07:26,158 [EventQueue-IncrementalContainerReportForIncrementalContainerReportHandler] INFO  container.IncrementalContainerReportHandler (AbstractContainerReportHandler.java:updateContainerState(169)) - Moving container #5 to QUASI_CLOSED state, datanode 1a989eca-a026-4062-a574-e52a85f9a2a4{ip: 192.168.34.12, host: pr-hdds-2106-8t9qr-763259812, networkLocation: /default-rack, certSerialId: null} reported QUASI_CLOSED replica.
2019-09-11 07:07:26,205 [grpc-default-executor-10] INFO  interfaces.Container (KeyValueContainer.java:flushAndSyncDB(386)) - Container 8 is synced with bcsId 0.
2019-09-11 07:07:26,205 [grpc-default-executor-10] INFO  interfaces.Container (KeyValueContainer.java:flushAndSyncDB(386)) - Container 8 is synced with bcsId 0.
2019-09-11 07:07:26,211 [EventQueue-IncrementalContainerReportForIncrementalContainerReportHandler] INFO  container.IncrementalContainerReportHandler (AbstractContainerReportHandler.java:updateContainerState(169)) - Moving container #8 to QUASI_CLOSED state, datanode 1a989eca-a026-4062-a574-e52a85f9a2a4{ip: 192.168.34.12, host: pr-hdds-2106-8t9qr-763259812, networkLocation: /default-rack, certSerialId: null} reported QUASI_CLOSED replica.
2019-09-11 07:07:26,215 [grpc-default-executor-10] INFO  impl.RaftServerProxy (RaftServerProxy.java:remove(95)) - 4bd4e05e-fa44-45f4-99bb-ac21c4078a41: remove  FOLLOWER 4bd4e05e-fa44-45f4-99bb-ac21c4078a41@group-88289BCE3651:t1, leader=69a71f03-bd49-4dcf-a91a-b858634f7ca8, voted=69a71f03-bd49-4dcf-a91a-b858634f7ca8, raftlog=4bd4e05e-fa44-45f4-99bb-ac21c4078a41@group-88289BCE3651-SegmentedRaftLog:OPENED:c6,f6,i13, conf=0: [69a71f03-bd49-4dcf-a91a-b858634f7ca8:192.168.34.12:43469, 4bd4e05e-fa44-45f4-99bb-ac21c4078a41:192.168.34.12:36091, 1a989eca-a026-4062-a574-e52a85f9a2a4:192.168.34.12:35514], old=null RUNNING
2019-09-11 07:07:26,216 [grpc-default-executor-10] INFO  impl.RaftServerImpl (RaftServerImpl.java:lambda$shutdown$3(251)) - 4bd4e05e-fa44-45f4-99bb-ac21c4078a41@group-88289BCE3651: shutdown
2019-09-11 07:07:26,216 [grpc-default-executor-10] INFO  util.JmxRegister (JmxRegister.java:unregister(73)) - Successfully un-registered JMX Bean with object name Ratis:service=RaftServer,group=group-88289BCE3651,id=4bd4e05e-fa44-45f4-99bb-ac21c4078a41
2019-09-11 07:07:26,216 [grpc-default-executor-10] INFO  impl.RoleInfo (RoleInfo.java:shutdownFollowerState(121)) - 4bd4e05e-fa44-45f4-99bb-ac21c4078a41: shutdown FollowerState
2019-09-11 07:07:26,216 [grpc-default-executor-10] INFO  impl.StateMachineUpdater (StateMachineUpdater.java:stopAndJoin(125)) - 4bd4e05e-fa44-45f4-99bb-ac21c4078a41@group-88289BCE3651-StateMachineUpdater: set stopIndex = 6
2019-09-11 07:07:26,216 [Thread-1348] INFO  impl.FollowerState (FollowerState.java:run(115)) - 4bd4e05e-fa44-45f4-99bb-ac21c4078a41: FollowerState was interrupted: java.lang.InterruptedException: sleep interrupted
2019-09-11 07:07:26,216 [4bd4e05e-fa44-45f4-99bb-ac21c4078a41@group-88289BCE3651-StateMachineUpdater] INFO  ratis.ContainerStateMachine (ContainerStateMachine.java:takeSnapshot(289)) - group-88289BCE3651: Taking a snapshot at:(t:1, i:4) file /workdir/hadoop-ozone/integration-test/target/test-dir/MiniOzoneClusterImpl-beba80e5-651a-4af8-b5a8-e6eb83706070/datanode-6/data/ratis/6ec498c6-2b3c-401f-9684-88289bce3651/sm/snapshot.1_4
2019-09-11 07:07:26,223 [4bd4e05e-fa44-45f4-99bb-ac21c4078a41@group-88289BCE3651-StateMachineUpdater] INFO  ratis.ContainerStateMachine (ContainerStateMachine.java:takeSnapshot(300)) - group-88289BCE3651: Finished taking a snapshot at:(t:1, i:4) file:/workdir/hadoop-ozone/integration-test/target/test-dir/MiniOzoneClusterImpl-beba80e5-651a-4af8-b5a8-e6eb83706070/datanode-6/data/ratis/6ec498c6-2b3c-401f-9684-88289bce3651/sm/snapshot.1_4 time:6
2019-09-11 07:07:26,223 [4bd4e05e-fa44-45f4-99bb-ac21c4078a41@group-88289BCE3651-StateMachineUpdater] INFO  impl.StateMachineUpdater (StateMachineUpdater.java:takeSnapshot(258)) - 4bd4e05e-fa44-45f4-99bb-ac21c4078a41@group-88289BCE3651-StateMachineUpdater: Took a snapshot at index 4
2019-09-11 07:07:26,223 [4bd4e05e-fa44-45f4-99bb-ac21c4078a41@group-88289BCE3651-StateMachineUpdater] INFO  impl.StateMachineUpdater (StateMachineUpdater.java:lambda$new$0(83)) - 4bd4e05e-fa44-45f4-99bb-ac21c4078a41@group-88289BCE3651-StateMachineUpdater: snapshotIndex: updateIncreasingly -1 -> 4
2019-09-11 07:07:26,223 [4bd4e05e-fa44-45f4-99bb-ac21c4078a41@group-88289BCE3651-StateMachineUpdater] INFO  ratis.ContainerStateMachine (ContainerStateMachine.java:takeSnapshot(289)) - group-88289BCE3651: Taking a snapshot at:(t:1, i:4) file /workdir/hadoop-ozone/integration-test/target/test-dir/MiniOzoneClusterImpl-beba80e5-651a-4af8-b5a8-e6eb83706070/datanode-6/data/ratis/6ec498c6-2b3c-401f-9684-88289bce3651/sm/snapshot.1_4
2019-09-11 07:07:26,236 [4bd4e05e-fa44-45f4-99bb-ac21c4078a41@group-88289BCE3651-StateMachineUpdater] INFO  ratis.ContainerStateMachine (ContainerStateMachine.java:takeSnapshot(300)) - group-88289BCE3651: Finished taking a snapshot at:(t:1, i:4) file:/workdir/hadoop-ozone/integration-test/target/test-dir/MiniOzoneClusterImpl-beba80e5-651a-4af8-b5a8-e6eb83706070/datanode-6/data/ratis/6ec498c6-2b3c-401f-9684-88289bce3651/sm/snapshot.1_4 time:12
2019-09-11 07:07:26,236 [4bd4e05e-fa44-45f4-99bb-ac21c4078a41@group-88289BCE3651-StateMachineUpdater] INFO  impl.StateMachineUpdater (StateMachineUpdater.java:takeSnapshot(258)) - 4bd4e05e-fa44-45f4-99bb-ac21c4078a41@group-88289BCE3651-StateMachineUpdater: Took a snapshot at index 4
2019-09-11 07:07:26,236 [4bd4e05e-fa44-45f4-99bb-ac21c4078a41@group-88289BCE3651-StateMachineUpdater] INFO  impl.StateMachineUpdater (StateMachineUpdater.java:lambda$new$0(83)) - 4bd4e05e-fa44-45f4-99bb-ac21c4078a41@group-88289BCE3651-StateMachineUpdater: snapshotIndex: updateIncreasingly 4 -> 4
2019-09-11 07:07:26,236 [grpc-default-executor-10] INFO  impl.RaftServerImpl (ServerState.java:close(385)) - 4bd4e05e-fa44-45f4-99bb-ac21c4078a41@group-88289BCE3651: closes. applyIndex: 6
2019-09-11 07:07:26,237 [4bd4e05e-fa44-45f4-99bb-ac21c4078a41@group-88289BCE3651-SegmentedRaftLogWorker] ERROR ratis.XceiverServerRatis (XceiverServerRatis.java:triggerPipelineClose(568)) - pipeline Action CLOSE  on pipeline PipelineID=6ec498c6-2b3c-401f-9684-88289bce3651.Reason : WriteLog:10: (t:1, i:10), STATEMACHINELOGENTRY, client-018CB4735F58, cid=145-writeStateMachineData interrupted.
2019-09-11 07:07:26,240 [EventQueue-PipelineActionsForPipelineActionHandler] ERROR pipeline.PipelineActionHandler (PipelineActionHandler.java:onMessage(60)) - Received pipeline action CLOSE for Pipeline[ Id: 6ec498c6-2b3c-401f-9684-88289bce3651, Nodes: 1a989eca-a026-4062-a574-e52a85f9a2a4{ip: 192.168.34.12, host: pr-hdds-2106-8t9qr-763259812, networkLocation: /default-rack, certSerialId: null}4bd4e05e-fa44-45f4-99bb-ac21c4078a41{ip: 192.168.34.12, host: pr-hdds-2106-8t9qr-763259812, networkLocation: /default-rack, certSerialId: null}69a71f03-bd49-4dcf-a91a-b858634f7ca8{ip: 192.168.34.12, host: pr-hdds-2106-8t9qr-763259812, networkLocation: /default-rack, certSerialId: null}, Type:RATIS, Factor:THREE, State:CLOSED] from datanode 4bd4e05e-fa44-45f4-99bb-ac21c4078a41{ip: 192.168.34.12, host: pr-hdds-2106-8t9qr-763259812, networkLocation: /default-rack, certSerialId: null}. Reason : WriteLog:10: (t:1, i:10), STATEMACHINELOGENTRY, client-018CB4735F58, cid=145-writeStateMachineData interrupted.
2019-09-11 07:07:26,240 [EventQueue-PipelineActionsForPipelineActionHandler] INFO  pipeline.SCMPipelineManager (SCMPipelineManager.java:finalizeAndDestroyPipeline(311)) - destroying pipeline:Pipeline[ Id: 6ec498c6-2b3c-401f-9684-88289bce3651, Nodes: 1a989eca-a026-4062-a574-e52a85f9a2a4{ip: 192.168.34.12, host: pr-hdds-2106-8t9qr-763259812, networkLocation: /default-rack, certSerialId: null}4bd4e05e-fa44-45f4-99bb-ac21c4078a41{ip: 192.168.34.12, host: pr-hdds-2106-8t9qr-763259812, networkLocation: /default-rack, certSerialId: null}69a71f03-bd49-4dcf-a91a-b858634f7ca8{ip: 192.168.34.12, host: pr-hdds-2106-8t9qr-763259812, networkLocation: /default-rack, certSerialId: null}, Type:RATIS, Factor:THREE, State:CLOSED]
2019-09-11 07:07:26,249 [grpc-default-executor-10] INFO  segmented.SegmentedRaftLogWorker (SegmentedRaftLogWorker.java:close(228)) - 4bd4e05e-fa44-45f4-99bb-ac21c4078a41@group-88289BCE3651-SegmentedRaftLogWorker close()
2019-09-11 07:07:26,265 [grpc-default-executor-10] INFO  interfaces.Container (KeyValueContainer.java:flushAndSyncDB(386)) - Container 5 is synced with bcsId 4.
2019-09-11 07:07:26,265 [grpc-default-executor-10] INFO  interfaces.Container (KeyValueContainer.java:flushAndSyncDB(386)) - Container 5 is synced with bcsId 4.
2019-09-11 07:07:26,316 [grpc-default-executor-10] INFO  interfaces.Container (KeyValueContainer.java:flushAndSyncDB(386)) - Container 8 is synced with bcsId 0.
2019-09-11 07:07:26,317 [grpc-default-executor-10] INFO  interfaces.Container (KeyValueContainer.java:flushAndSyncDB(386)) - Container 8 is synced with bcsId 0.
2019-09-11 07:07:26,328 [grpc-default-executor-10] INFO  impl.RaftServerProxy (RaftServerProxy.java:remove(95)) - 69a71f03-bd49-4dcf-a91a-b858634f7ca8: remove    LEADER 69a71f03-bd49-4dcf-a91a-b858634f7ca8@group-88289BCE3651:t1, leader=69a71f03-bd49-4dcf-a91a-b858634f7ca8, voted=69a71f03-bd49-4dcf-a91a-b858634f7ca8, raftlog=69a71f03-bd49-4dcf-a91a-b858634f7ca8@group-88289BCE3651-SegmentedRaftLog:OPENED:c6,f6,i13, conf=0: [69a71f03-bd49-4dcf-a91a-b858634f7ca8:192.168.34.12:43469, 4bd4e05e-fa44-45f4-99bb-ac21c4078a41:192.168.34.12:36091, 1a989eca-a026-4062-a574-e52a85f9a2a4:192.168.34.12:35514], old=null RUNNING
2019-09-11 07:07:26,328 [grpc-default-executor-10] INFO  impl.RaftServerImpl (RaftServerImpl.java:lambda$shutdown$3(251)) - 69a71f03-bd49-4dcf-a91a-b858634f7ca8@group-88289BCE3651: shutdown
2019-09-11 07:07:26,328 [grpc-default-executor-10] INFO  util.JmxRegister (JmxRegister.java:unregister(73)) - Successfully un-registered JMX Bean with object name Ratis:service=RaftServer,group=group-88289BCE3651,id=69a71f03-bd49-4dcf-a91a-b858634f7ca8
2019-09-11 07:07:26,328 [grpc-default-executor-10] INFO  impl.RoleInfo (RoleInfo.java:shutdownLeaderState(104)) - 69a71f03-bd49-4dcf-a91a-b858634f7ca8: shutdown LeaderState
2019-09-11 07:07:26,333 [org.apache.ratis.server.impl.LogAppender$AppenderDaemon$$Lambda$511/1624611919@2e68335] WARN  server.GrpcLogAppender (GrpcLogAppender.java:mayWait(143)) - 69a71f03-bd49-4dcf-a91a-b858634f7ca8@group-88289BCE3651->4bd4e05e-fa44-45f4-99bb-ac21c4078a41-GrpcLogAppender: Wait interrupted by java.lang.InterruptedException
2019-09-11 07:07:26,333 [org.apache.ratis.server.impl.LogAppender$AppenderDaemon$$Lambda$511/1624611919@2ca26f32] WARN  server.GrpcLogAppender (GrpcLogAppender.java:mayWait(143)) - 69a71f03-bd49-4dcf-a91a-b858634f7ca8@group-88289BCE3651->1a989eca-a026-4062-a574-e52a85f9a2a4-GrpcLogAppender: Wait interrupted by java.lang.InterruptedException
2019-09-11 07:07:26,333 [grpc-default-executor-10] INFO  impl.PendingRequests (PendingRequests.java:sendNotLeaderResponses(202)) - 69a71f03-bd49-4dcf-a91a-b858634f7ca8-PendingRequests: sendNotLeaderResponses
2019-09-11 07:07:26,334 [grpc-default-executor-9] INFO  server.GrpcServerProtocolService (GrpcServerProtocolService.java:onCompleted(113)) - 4bd4e05e-fa44-45f4-99bb-ac21c4078a41: Completed APPEND_ENTRIES, lastRequest: 69a71f03-bd49-4dcf-a91a-b858634f7ca8->4bd4e05e-fa44-45f4-99bb-ac21c4078a41#97-t1, previous=(t:1, i:13), leaderCommit=6, initializing? false, entries: <empty>
2019-09-11 07:07:26,334 [grpc-default-executor-1] INFO  server.GrpcServerProtocolService (GrpcServerProtocolService.java:onCompleted(113)) - 1a989eca-a026-4062-a574-e52a85f9a2a4: Completed APPEND_ENTRIES, lastRequest: 69a71f03-bd49-4dcf-a91a-b858634f7ca8->1a989eca-a026-4062-a574-e52a85f9a2a4#97-t1, previous=(t:1, i:13), leaderCommit=6, initializing? false, entries: <empty>
2019-09-11 07:07:26,335 [grpc-default-executor-1] INFO  server.GrpcLogAppender (GrpcLogAppender.java:onCompleted(293)) - 69a71f03-bd49-4dcf-a91a-b858634f7ca8@group-88289BCE3651->4bd4e05e-fa44-45f4-99bb-ac21c4078a41-AppendLogResponseHandler: follower responses appendEntries COMPLETED
2019-09-11 07:07:26,335 [grpc-default-executor-9] INFO  server.GrpcLogAppender (GrpcLogAppender.java:onCompleted(293)) - 69a71f03-bd49-4dcf-a91a-b858634f7ca8@group-88289BCE3651->1a989eca-a026-4062-a574-e52a85f9a2a4-AppendLogResponseHandler: follower responses appendEntries COMPLETED
2019-09-11 07:07:26,340 [grpc-default-executor-1] INFO  impl.FollowerInfo (FollowerInfo.java:lambda$new$0(51)) - 69a71f03-bd49-4dcf-a91a-b858634f7ca8@group-88289BCE3651->4bd4e05e-fa44-45f4-99bb-ac21c4078a41: nextIndex: updateUnconditionally 14 -> 7
2019-09-11 07:07:26,341 [69a71f03-bd49-4dcf-a91a-b858634f7ca8@group-88289BCE3651-StateMachineUpdater] INFO  ratis.ContainerStateMachine (ContainerStateMachine.java:takeSnapshot(289)) - group-88289BCE3651: Taking a snapshot at:(t:1, i:6) file /workdir/hadoop-ozone/integration-test/target/test-dir/MiniOzoneClusterImpl-beba80e5-651a-4af8-b5a8-e6eb83706070/datanode-1/data/ratis/6ec498c6-2b3c-401f-9684-88289bce3651/sm/snapshot.1_6
2019-09-11 07:07:26,340 [grpc-default-executor-10] INFO  impl.StateMachineUpdater (StateMachineUpdater.java:stopAndJoin(125)) - 69a71f03-bd49-4dcf-a91a-b858634f7ca8@group-88289BCE3651-StateMachineUpdater: set stopIndex = 6
2019-09-11 07:07:26,341 [grpc-default-executor-9] INFO  impl.FollowerInfo (FollowerInfo.java:lambda$new$0(51)) - 69a71f03-bd49-4dcf-a91a-b858634f7ca8@group-88289BCE3651->1a989eca-a026-4062-a574-e52a85f9a2a4: nextIndex: updateUnconditionally 14 -> 7
2019-09-11 07:07:26,353 [69a71f03-bd49-4dcf-a91a-b858634f7ca8@group-88289BCE3651-StateMachineUpdater] INFO  ratis.ContainerStateMachine (ContainerStateMachine.java:takeSnapshot(300)) - group-88289BCE3651: Finished taking a snapshot at:(t:1, i:6) file:/workdir/hadoop-ozone/integration-test/target/test-dir/MiniOzoneClusterImpl-beba80e5-651a-4af8-b5a8-e6eb83706070/datanode-1/data/ratis/6ec498c6-2b3c-401f-9684-88289bce3651/sm/snapshot.1_6 time:12
2019-09-11 07:07:26,353 [69a71f03-bd49-4dcf-a91a-b858634f7ca8@group-88289BCE3651-StateMachineUpdater] INFO  impl.StateMachineUpdater (StateMachineUpdater.java:takeSnapshot(258)) - 69a71f03-bd49-4dcf-a91a-b858634f7ca8@group-88289BCE3651-StateMachineUpdater: Took a snapshot at index 6
2019-09-11 07:07:26,353 [69a71f03-bd49-4dcf-a91a-b858634f7ca8@group-88289BCE3651-StateMachineUpdater] INFO  impl.StateMachineUpdater (StateMachineUpdater.java:lambda$new$0(83)) - 69a71f03-bd49-4dcf-a91a-b858634f7ca8@group-88289BCE3651-StateMachineUpdater: snapshotIndex: updateIncreasingly -1 -> 6
2019-09-11 07:07:26,353 [grpc-default-executor-10] INFO  impl.RaftServerImpl (ServerState.java:close(385)) - 69a71f03-bd49-4dcf-a91a-b858634f7ca8@group-88289BCE3651: closes. applyIndex: 6
2019-09-11 07:07:26,354 [Command processor thread] ERROR commandhandler.CloseContainerCommandHandler (CloseContainerCommandHandler.java:handle(125)) - Can't close container #8
java.io.IOException: org.apache.ratis.protocol.GroupMismatchException: 69a71f03-bd49-4dcf-a91a-b858634f7ca8: group-88289BCE3651 not found.
	at org.apache.hadoop.ozone.container.common.transport.server.ratis.XceiverServerRatis.submitRequest(XceiverServerRatis.java:495)
	at org.apache.hadoop.ozone.container.common.statemachine.commandhandler.CloseContainerCommandHandler.handle(CloseContainerCommandHandler.java:102)
	at org.apache.hadoop.ozone.container.common.statemachine.commandhandler.CommandDispatcher.handle(CommandDispatcher.java:99)
	at org.apache.hadoop.ozone.container.common.statemachine.DatanodeStateMachine.lambda$initCommandHandlerThread$1(DatanodeStateMachine.java:432)
	at java.lang.Thread.run(Thread.java:748)
Caused by: java.util.concurrent.ExecutionException: org.apache.ratis.protocol.GroupMismatchException: 69a71f03-bd49-4dcf-a91a-b858634f7ca8: group-88289BCE3651 not found.
	at java.util.concurrent.CompletableFuture.reportGet(CompletableFuture.java:357)
	at java.util.concurrent.CompletableFuture.get(CompletableFuture.java:1895)
	at org.apache.hadoop.ozone.container.common.transport.server.ratis.XceiverServerRatis.submitRequest(XceiverServerRatis.java:493)
	... 4 more
Caused by: org.apache.ratis.protocol.GroupMismatchException: 69a71f03-bd49-4dcf-a91a-b858634f7ca8: group-88289BCE3651 not found.
	at org.apache.ratis.server.impl.RaftServerProxy$ImplMap.get(RaftServerProxy.java:122)
	at org.apache.ratis.server.impl.RaftServerProxy.getImplFuture(RaftServerProxy.java:269)
	at org.apache.ratis.server.impl.RaftServerProxy.submitRequest(RaftServerProxy.java:327)
	at org.apache.ratis.server.impl.RaftServerProxy.submitClientRequestAsync(RaftServerProxy.java:333)
	... 5 more
2019-09-11 07:07:26,354 [69a71f03-bd49-4dcf-a91a-b858634f7ca8@group-88289BCE3651-SegmentedRaftLogWorker] ERROR ratis.XceiverServerRatis (XceiverServerRatis.java:triggerPipelineClose(568)) - pipeline Action CLOSE  on pipeline PipelineID=6ec498c6-2b3c-401f-9684-88289bce3651.Reason : WriteLog:8: (t:1, i:8), STATEMACHINELOGENTRY, client-018CB4735F58, cid=143-writeStateMachineData interrupted.
2019-09-11 07:07:26,355 [EventQueue-PipelineActionsForPipelineActionHandler] ERROR pipeline.PipelineActionHandler (PipelineActionHandler.java:onMessage(60)) - Received pipeline action CLOSE for Pipeline[ Id: 6ec498c6-2b3c-401f-9684-88289bce3651, Nodes: 1a989eca-a026-4062-a574-e52a85f9a2a4{ip: 192.168.34.12, host: pr-hdds-2106-8t9qr-763259812, networkLocation: /default-rack, certSerialId: null}4bd4e05e-fa44-45f4-99bb-ac21c4078a41{ip: 192.168.34.12, host: pr-hdds-2106-8t9qr-763259812, networkLocation: /default-rack, certSerialId: null}69a71f03-bd49-4dcf-a91a-b858634f7ca8{ip: 192.168.34.12, host: pr-hdds-2106-8t9qr-763259812, networkLocation: /default-rack, certSerialId: null}, Type:RATIS, Factor:THREE, State:CLOSED] from datanode 69a71f03-bd49-4dcf-a91a-b858634f7ca8{ip: 192.168.34.12, host: pr-hdds-2106-8t9qr-763259812, networkLocation: /default-rack, certSerialId: null}. Reason : WriteLog:8: (t:1, i:8), STATEMACHINELOGENTRY, client-018CB4735F58, cid=143-writeStateMachineData interrupted.
2019-09-11 07:07:26,357 [EventQueue-PipelineActionsForPipelineActionHandler] INFO  pipeline.SCMPipelineManager (SCMPipelineManager.java:finalizeAndDestroyPipeline(311)) - destroying pipeline:Pipeline[ Id: 6ec498c6-2b3c-401f-9684-88289bce3651, Nodes: 1a989eca-a026-4062-a574-e52a85f9a2a4{ip: 192.168.34.12, host: pr-hdds-2106-8t9qr-763259812, networkLocation: /default-rack, certSerialId: null}4bd4e05e-fa44-45f4-99bb-ac21c4078a41{ip: 192.168.34.12, host: pr-hdds-2106-8t9qr-763259812, networkLocation: /default-rack, certSerialId: null}69a71f03-bd49-4dcf-a91a-b858634f7ca8{ip: 192.168.34.12, host: pr-hdds-2106-8t9qr-763259812, networkLocation: /default-rack, certSerialId: null}, Type:RATIS, Factor:THREE, State:CLOSED]
2019-09-11 07:07:26,369 [grpc-default-executor-10] INFO  segmented.SegmentedRaftLogWorker (SegmentedRaftLogWorker.java:close(228)) - 69a71f03-bd49-4dcf-a91a-b858634f7ca8@group-88289BCE3651-SegmentedRaftLogWorker close()
2019-09-11 07:07:26,382 [grpc-default-executor-10] INFO  interfaces.Container (KeyValueContainer.java:flushAndSyncDB(386)) - Container 5 is synced with bcsId 4.
2019-09-11 07:07:26,382 [grpc-default-executor-10] INFO  interfaces.Container (KeyValueContainer.java:flushAndSyncDB(386)) - Container 5 is synced with bcsId 4.
2019-09-11 07:07:26,455 [grpc-default-executor-10] INFO  interfaces.Container (KeyValueContainer.java:flushAndSyncDB(386)) - Container 8 is synced with bcsId 0.
2019-09-11 07:07:26,455 [grpc-default-executor-10] INFO  interfaces.Container (KeyValueContainer.java:flushAndSyncDB(386)) - Container 8 is synced with bcsId 0.
2019-09-11 07:07:26,471 [RatisPipelineUtilsThread] INFO  pipeline.PipelineStateManager (PipelineStateManager.java:removePipeline(108)) - Pipeline Pipeline[ Id: 6ec498c6-2b3c-401f-9684-88289bce3651, Nodes: 1a989eca-a026-4062-a574-e52a85f9a2a4{ip: 192.168.34.12, host: pr-hdds-2106-8t9qr-763259812, networkLocation: /default-rack, certSerialId: null}4bd4e05e-fa44-45f4-99bb-ac21c4078a41{ip: 192.168.34.12, host: pr-hdds-2106-8t9qr-763259812, networkLocation: /default-rack, certSerialId: null}69a71f03-bd49-4dcf-a91a-b858634f7ca8{ip: 192.168.34.12, host: pr-hdds-2106-8t9qr-763259812, networkLocation: /default-rack, certSerialId: null}, Type:RATIS, Factor:THREE, State:CLOSED] removed from db
2019-09-11 07:07:26,485 [grpc-default-executor-10] INFO  impl.RaftServerProxy (RaftServerProxy.java:addNew(89)) - 69a71f03-bd49-4dcf-a91a-b858634f7ca8: addNew group-84BBB83FFBBF:[69a71f03-bd49-4dcf-a91a-b858634f7ca8:192.168.34.12:43469, 4bd4e05e-fa44-45f4-99bb-ac21c4078a41:192.168.34.12:36091, 1a989eca-a026-4062-a574-e52a85f9a2a4:192.168.34.12:35514] returns group-84BBB83FFBBF:java.util.concurrent.CompletableFuture@7df20fca[Not completed]
2019-09-11 07:07:26,485 [grpc-default-executor-9] INFO  impl.RaftServerProxy (RaftServerProxy.java:addNew(89)) - 4bd4e05e-fa44-45f4-99bb-ac21c4078a41: addNew group-84BBB83FFBBF:[69a71f03-bd49-4dcf-a91a-b858634f7ca8:192.168.34.12:43469, 4bd4e05e-fa44-45f4-99bb-ac21c4078a41:192.168.34.12:36091, 1a989eca-a026-4062-a574-e52a85f9a2a4:192.168.34.12:35514] returns group-84BBB83FFBBF:java.util.concurrent.CompletableFuture@15a0c97f[Not completed]
2019-09-11 07:07:26,485 [grpc-default-executor-1] INFO  impl.RaftServerProxy (RaftServerProxy.java:addNew(89)) - 1a989eca-a026-4062-a574-e52a85f9a2a4: addNew group-84BBB83FFBBF:[69a71f03-bd49-4dcf-a91a-b858634f7ca8:192.168.34.12:43469, 4bd4e05e-fa44-45f4-99bb-ac21c4078a41:192.168.34.12:36091, 1a989eca-a026-4062-a574-e52a85f9a2a4:192.168.34.12:35514] returns group-84BBB83FFBBF:java.util.concurrent.CompletableFuture@60e66c36[Not completed]
2019-09-11 07:07:26,488 [pool-37-thread-1] INFO  impl.RaftServerImpl (RaftServerImpl.java:<init>(95)) - 69a71f03-bd49-4dcf-a91a-b858634f7ca8: new RaftServerImpl for group-84BBB83FFBBF:[69a71f03-bd49-4dcf-a91a-b858634f7ca8:192.168.34.12:43469, 4bd4e05e-fa44-45f4-99bb-ac21c4078a41:192.168.34.12:36091, 1a989eca-a026-4062-a574-e52a85f9a2a4:192.168.34.12:35514] with ContainerStateMachine:uninitialized
2019-09-11 07:07:26,488 [pool-37-thread-1] INFO  server.RaftServerConfigKeys (ConfUtils.java:logGet(43)) - raft.server.rpc.timeout.min = 5s (custom)
2019-09-11 07:07:26,488 [pool-37-thread-1] INFO  server.RaftServerConfigKeys (ConfUtils.java:logGet(43)) - raft.server.rpc.timeout.max = 5200ms (custom)
2019-09-11 07:07:26,488 [pool-37-thread-1] INFO  server.RaftServerConfigKeys (ConfUtils.java:logGet(43)) - raft.server.rpcslowness.timeout = 120s (custom)
2019-09-11 07:07:26,489 [pool-37-thread-1] INFO  server.RaftServerConfigKeys (ConfUtils.java:logGet(43)) - raft.server.sleep.deviation.threshold = 300 (default)
2019-09-11 07:07:26,489 [pool-27-thread-1] INFO  impl.RaftServerImpl (RaftServerImpl.java:<init>(95)) - 1a989eca-a026-4062-a574-e52a85f9a2a4: new RaftServerImpl for group-84BBB83FFBBF:[69a71f03-bd49-4dcf-a91a-b858634f7ca8:192.168.34.12:43469, 4bd4e05e-fa44-45f4-99bb-ac21c4078a41:192.168.34.12:36091, 1a989eca-a026-4062-a574-e52a85f9a2a4:192.168.34.12:35514] with ContainerStateMachine:uninitialized
2019-09-11 07:07:26,489 [pool-37-thread-1] INFO  server.RaftServerConfigKeys (ConfUtils.java:logGet(43)) - raft.server.log.appender.install.snapshot.enabled = false (custom)
2019-09-11 07:07:26,489 [pool-27-thread-1] INFO  server.RaftServerConfigKeys (ConfUtils.java:logGet(43)) - raft.server.rpc.timeout.min = 5s (custom)
2019-09-11 07:07:26,489 [pool-37-thread-1] INFO  impl.RaftServerImpl (ServerState.java:<init>(103)) - 69a71f03-bd49-4dcf-a91a-b858634f7ca8@group-84BBB83FFBBF: ConfigurationManager, init=-1: [69a71f03-bd49-4dcf-a91a-b858634f7ca8:192.168.34.12:43469, 4bd4e05e-fa44-45f4-99bb-ac21c4078a41:192.168.34.12:36091, 1a989eca-a026-4062-a574-e52a85f9a2a4:192.168.34.12:35514], old=null, confs=<EMPTY_MAP>
2019-09-11 07:07:26,489 [pool-27-thread-1] INFO  server.RaftServerConfigKeys (ConfUtils.java:logGet(43)) - raft.server.rpc.timeout.max = 5200ms (custom)
2019-09-11 07:07:26,489 [pool-87-thread-1] INFO  impl.RaftServerImpl (RaftServerImpl.java:<init>(95)) - 4bd4e05e-fa44-45f4-99bb-ac21c4078a41: new RaftServerImpl for group-84BBB83FFBBF:[69a71f03-bd49-4dcf-a91a-b858634f7ca8:192.168.34.12:43469, 4bd4e05e-fa44-45f4-99bb-ac21c4078a41:192.168.34.12:36091, 1a989eca-a026-4062-a574-e52a85f9a2a4:192.168.34.12:35514] with ContainerStateMachine:uninitialized
2019-09-11 07:07:26,489 [pool-37-thread-1] INFO  server.RaftServerConfigKeys (ConfUtils.java:logGet(43)) - raft.server.storage.dir = [/workdir/hadoop-ozone/integration-test/target/test-dir/MiniOzoneClusterImpl-beba80e5-651a-4af8-b5a8-e6eb83706070/datanode-1/data/ratis] (custom)
2019-09-11 07:07:26,489 [pool-27-thread-1] INFO  server.RaftServerConfigKeys (ConfUtils.java:logGet(43)) - raft.server.rpcslowness.timeout = 120s (custom)
2019-09-11 07:07:26,490 [pool-87-thread-1] INFO  server.RaftServerConfigKeys (ConfUtils.java:logGet(43)) - raft.server.rpc.timeout.min = 5s (custom)
2019-09-11 07:07:26,490 [pool-27-thread-1] INFO  server.RaftServerConfigKeys (ConfUtils.java:logGet(43)) - raft.server.sleep.deviation.threshold = 300 (default)
2019-09-11 07:07:26,490 [pool-37-thread-1] INFO  storage.RaftStorageDirectory (RaftStorageDirectory.java:analyzeStorage(246)) - The storage directory /workdir/hadoop-ozone/integration-test/target/test-dir/MiniOzoneClusterImpl-beba80e5-651a-4af8-b5a8-e6eb83706070/datanode-1/data/ratis/88650d52-d3c1-4e1d-8267-84bbb83ffbbf does not exist. Creating ...
2019-09-11 07:07:26,490 [pool-87-thread-1] INFO  server.RaftServerConfigKeys (ConfUtils.java:logGet(43)) - raft.server.rpc.timeout.max = 5200ms (custom)
2019-09-11 07:07:26,490 [pool-27-thread-1] INFO  server.RaftServerConfigKeys (ConfUtils.java:logGet(43)) - raft.server.log.appender.install.snapshot.enabled = false (custom)
2019-09-11 07:07:26,490 [pool-87-thread-1] INFO  server.RaftServerConfigKeys (ConfUtils.java:logGet(43)) - raft.server.rpcslowness.timeout = 120s (custom)
2019-09-11 07:07:26,491 [pool-27-thread-1] INFO  impl.RaftServerImpl (ServerState.java:<init>(103)) - 1a989eca-a026-4062-a574-e52a85f9a2a4@group-84BBB83FFBBF: ConfigurationManager, init=-1: [69a71f03-bd49-4dcf-a91a-b858634f7ca8:192.168.34.12:43469, 4bd4e05e-fa44-45f4-99bb-ac21c4078a41:192.168.34.12:36091, 1a989eca-a026-4062-a574-e52a85f9a2a4:192.168.34.12:35514], old=null, confs=<EMPTY_MAP>
2019-09-11 07:07:26,491 [pool-87-thread-1] INFO  server.RaftServerConfigKeys (ConfUtils.java:logGet(43)) - raft.server.sleep.deviation.threshold = 300 (default)
2019-09-11 07:07:26,491 [pool-27-thread-1] INFO  server.RaftServerConfigKeys (ConfUtils.java:logGet(43)) - raft.server.storage.dir = [/workdir/hadoop-ozone/integration-test/target/test-dir/MiniOzoneClusterImpl-beba80e5-651a-4af8-b5a8-e6eb83706070/datanode-0/data/ratis] (custom)
2019-09-11 07:07:26,491 [pool-87-thread-1] INFO  server.RaftServerConfigKeys (ConfUtils.java:logGet(43)) - raft.server.log.appender.install.snapshot.enabled = false (custom)
2019-09-11 07:07:26,491 [pool-87-thread-1] INFO  impl.RaftServerImpl (ServerState.java:<init>(103)) - 4bd4e05e-fa44-45f4-99bb-ac21c4078a41@group-84BBB83FFBBF: ConfigurationManager, init=-1: [69a71f03-bd49-4dcf-a91a-b858634f7ca8:192.168.34.12:43469, 4bd4e05e-fa44-45f4-99bb-ac21c4078a41:192.168.34.12:36091, 1a989eca-a026-4062-a574-e52a85f9a2a4:192.168.34.12:35514], old=null, confs=<EMPTY_MAP>
2019-09-11 07:07:26,491 [pool-27-thread-1] INFO  storage.RaftStorageDirectory (RaftStorageDirectory.java:analyzeStorage(246)) - The storage directory /workdir/hadoop-ozone/integration-test/target/test-dir/MiniOzoneClusterImpl-beba80e5-651a-4af8-b5a8-e6eb83706070/datanode-0/data/ratis/88650d52-d3c1-4e1d-8267-84bbb83ffbbf does not exist. Creating ...
2019-09-11 07:07:26,491 [pool-87-thread-1] INFO  server.RaftServerConfigKeys (ConfUtils.java:logGet(43)) - raft.server.storage.dir = [/workdir/hadoop-ozone/integration-test/target/test-dir/MiniOzoneClusterImpl-beba80e5-651a-4af8-b5a8-e6eb83706070/datanode-6/data/ratis] (custom)
2019-09-11 07:07:26,492 [pool-87-thread-1] INFO  storage.RaftStorageDirectory (RaftStorageDirectory.java:analyzeStorage(246)) - The storage directory /workdir/hadoop-ozone/integration-test/target/test-dir/MiniOzoneClusterImpl-beba80e5-651a-4af8-b5a8-e6eb83706070/datanode-6/data/ratis/88650d52-d3c1-4e1d-8267-84bbb83ffbbf does not exist. Creating ...
2019-09-11 07:07:26,504 [pool-87-thread-1] INFO  storage.RaftStorageDirectory (RaftStorageDirectory.java:tryLock(328)) - Lock on /workdir/hadoop-ozone/integration-test/target/test-dir/MiniOzoneClusterImpl-beba80e5-651a-4af8-b5a8-e6eb83706070/datanode-6/data/ratis/88650d52-d3c1-4e1d-8267-84bbb83ffbbf/in_use.lock acquired by nodename 10795@pr-hdds-2106-8t9qr-763259812
2019-09-11 07:07:26,504 [pool-27-thread-1] INFO  storage.RaftStorageDirectory (RaftStorageDirectory.java:tryLock(328)) - Lock on /workdir/hadoop-ozone/integration-test/target/test-dir/MiniOzoneClusterImpl-beba80e5-651a-4af8-b5a8-e6eb83706070/datanode-0/data/ratis/88650d52-d3c1-4e1d-8267-84bbb83ffbbf/in_use.lock acquired by nodename 10795@pr-hdds-2106-8t9qr-763259812
2019-09-11 07:07:26,504 [pool-37-thread-1] INFO  storage.RaftStorageDirectory (RaftStorageDirectory.java:tryLock(328)) - Lock on /workdir/hadoop-ozone/integration-test/target/test-dir/MiniOzoneClusterImpl-beba80e5-651a-4af8-b5a8-e6eb83706070/datanode-1/data/ratis/88650d52-d3c1-4e1d-8267-84bbb83ffbbf/in_use.lock acquired by nodename 10795@pr-hdds-2106-8t9qr-763259812
2019-09-11 07:07:26,518 [pool-37-thread-1] INFO  storage.RaftStorage (RaftStorage.java:format(72)) - Storage directory /workdir/hadoop-ozone/integration-test/target/test-dir/MiniOzoneClusterImpl-beba80e5-651a-4af8-b5a8-e6eb83706070/datanode-1/data/ratis/88650d52-d3c1-4e1d-8267-84bbb83ffbbf has been successfully formatted.
2019-09-11 07:07:26,518 [pool-87-thread-1] INFO  storage.RaftStorage (RaftStorage.java:format(72)) - Storage directory /workdir/hadoop-ozone/integration-test/target/test-dir/MiniOzoneClusterImpl-beba80e5-651a-4af8-b5a8-e6eb83706070/datanode-6/data/ratis/88650d52-d3c1-4e1d-8267-84bbb83ffbbf has been successfully formatted.
2019-09-11 07:07:26,518 [pool-27-thread-1] INFO  storage.RaftStorage (RaftStorage.java:format(72)) - Storage directory /workdir/hadoop-ozone/integration-test/target/test-dir/MiniOzoneClusterImpl-beba80e5-651a-4af8-b5a8-e6eb83706070/datanode-0/data/ratis/88650d52-d3c1-4e1d-8267-84bbb83ffbbf has been successfully formatted.
2019-09-11 07:07:26,518 [pool-87-thread-1] INFO  ratis.ContainerStateMachine (ContainerStateMachine.java:loadSnapshot(230)) - group-84BBB83FFBBF: The snapshot info is null. Setting the last applied indexto:(t:0, i:~)
2019-09-11 07:07:26,518 [pool-37-thread-1] INFO  ratis.ContainerStateMachine (ContainerStateMachine.java:loadSnapshot(230)) - group-84BBB83FFBBF: The snapshot info is null. Setting the last applied indexto:(t:0, i:~)
2019-09-11 07:07:26,518 [pool-87-thread-1] INFO  server.RaftServerConfigKeys (ConfUtils.java:logGet(43)) - raft.server.notification.no-leader.timeout = 120s (custom)
2019-09-11 07:07:26,518 [pool-27-thread-1] INFO  ratis.ContainerStateMachine (ContainerStateMachine.java:loadSnapshot(230)) - group-84BBB83FFBBF: The snapshot info is null. Setting the last applied indexto:(t:0, i:~)
2019-09-11 07:07:26,519 [pool-87-thread-1] INFO  server.RaftServerConfigKeys (ConfUtils.java:logGet(43)) - raft.server.log.use.memory = false (default)
2019-09-11 07:07:26,519 [pool-37-thread-1] INFO  server.RaftServerConfigKeys (ConfUtils.java:logGet(43)) - raft.server.notification.no-leader.timeout = 120s (custom)
2019-09-11 07:07:26,519 [pool-87-thread-1] INFO  server.RaftServerConfigKeys (ConfUtils.java:logGet(43)) - raft.server.log.purge.gap = 1000000 (custom)
2019-09-11 07:07:26,519 [pool-27-thread-1] INFO  server.RaftServerConfigKeys (ConfUtils.java:logGet(43)) - raft.server.notification.no-leader.timeout = 120s (custom)
2019-09-11 07:07:26,519 [pool-87-thread-1] INFO  server.RaftServerConfigKeys (ConfUtils.java:logGet(43)) - raft.server.log.appender.buffer.byte-limit = 33554432 (custom)
2019-09-11 07:07:26,519 [pool-37-thread-1] INFO  server.RaftServerConfigKeys (ConfUtils.java:logGet(43)) - raft.server.log.use.memory = false (default)
2019-09-11 07:07:26,519 [pool-87-thread-1] INFO  server.RaftServerConfigKeys (ConfUtils.java:logGet(43)) - raft.server.log.segment.size.max = 1048576 (custom)
2019-09-11 07:07:26,519 [pool-27-thread-1] INFO  server.RaftServerConfigKeys (ConfUtils.java:logGet(43)) - raft.server.log.use.memory = false (default)
2019-09-11 07:07:26,520 [pool-87-thread-1] INFO  server.RaftServerConfigKeys (ConfUtils.java:logGet(43)) - raft.server.log.segment.cache.num.max = 2 (custom)
2019-09-11 07:07:26,520 [pool-37-thread-1] INFO  server.RaftServerConfigKeys (ConfUtils.java:logGet(43)) - raft.server.log.purge.gap = 1000000 (custom)
2019-09-11 07:07:26,520 [pool-87-thread-1] INFO  segmented.SegmentedRaftLogWorker (SegmentedRaftLogWorker.java:<init>(172)) - new 4bd4e05e-fa44-45f4-99bb-ac21c4078a41@group-84BBB83FFBBF-SegmentedRaftLogWorker for RaftStorage:Storage Directory /workdir/hadoop-ozone/integration-test/target/test-dir/MiniOzoneClusterImpl-beba80e5-651a-4af8-b5a8-e6eb83706070/datanode-6/data/ratis/88650d52-d3c1-4e1d-8267-84bbb83ffbbf
2019-09-11 07:07:26,520 [pool-27-thread-1] INFO  server.RaftServerConfigKeys (ConfUtils.java:logGet(43)) - raft.server.log.purge.gap = 1000000 (custom)
2019-09-11 07:07:26,520 [pool-87-thread-1] INFO  server.RaftServerConfigKeys (ConfUtils.java:logGet(43)) - raft.server.log.queue.byte-limit = 2147483647 (custom)
2019-09-11 07:07:26,520 [pool-37-thread-1] INFO  server.RaftServerConfigKeys (ConfUtils.java:logGet(43)) - raft.server.log.appender.buffer.byte-limit = 33554432 (custom)
2019-09-11 07:07:26,521 [pool-87-thread-1] INFO  server.RaftServerConfigKeys (ConfUtils.java:logGet(43)) - raft.server.log.queue.element-limit = 1024 (custom)
2019-09-11 07:07:26,520 [pool-27-thread-1] INFO  server.RaftServerConfigKeys (ConfUtils.java:logGet(43)) - raft.server.log.appender.buffer.byte-limit = 33554432 (custom)
2019-09-11 07:07:26,521 [pool-87-thread-1] INFO  server.RaftServerConfigKeys (ConfUtils.java:logGet(43)) - raft.server.log.segment.size.max = 1048576 (custom)
2019-09-11 07:07:26,521 [pool-37-thread-1] INFO  server.RaftServerConfigKeys (ConfUtils.java:logGet(43)) - raft.server.log.segment.size.max = 1048576 (custom)
2019-09-11 07:07:26,521 [pool-87-thread-1] INFO  server.RaftServerConfigKeys (ConfUtils.java:logGet(43)) - raft.server.log.preallocated.size = 16384 (custom)
2019-09-11 07:07:26,521 [pool-27-thread-1] INFO  server.RaftServerConfigKeys (ConfUtils.java:logGet(43)) - raft.server.log.segment.size.max = 1048576 (custom)
2019-09-11 07:07:26,521 [pool-87-thread-1] INFO  server.RaftServerConfigKeys (ConfUtils.java:logGet(43)) - raft.server.log.write.buffer.size = 33554432 (custom)
2019-09-11 07:07:26,521 [pool-37-thread-1] INFO  server.RaftServerConfigKeys (ConfUtils.java:logGet(43)) - raft.server.log.segment.cache.num.max = 2 (custom)
2019-09-11 07:07:26,522 [pool-87-thread-1] INFO  server.RaftServerConfigKeys (ConfUtils.java:logGet(43)) - raft.server.log.force.sync.num = 128 (default)
2019-09-11 07:07:26,521 [pool-27-thread-1] INFO  server.RaftServerConfigKeys (ConfUtils.java:logGet(43)) - raft.server.log.segment.cache.num.max = 2 (custom)
2019-09-11 07:07:26,522 [pool-87-thread-1] INFO  server.RaftServerConfigKeys (ConfUtils.java:logGet(43)) - raft.server.log.statemachine.data.sync = true (default)
2019-09-11 07:07:26,522 [pool-37-thread-1] INFO  segmented.SegmentedRaftLogWorker (SegmentedRaftLogWorker.java:<init>(172)) - new 69a71f03-bd49-4dcf-a91a-b858634f7ca8@group-84BBB83FFBBF-SegmentedRaftLogWorker for RaftStorage:Storage Directory /workdir/hadoop-ozone/integration-test/target/test-dir/MiniOzoneClusterImpl-beba80e5-651a-4af8-b5a8-e6eb83706070/datanode-1/data/ratis/88650d52-d3c1-4e1d-8267-84bbb83ffbbf
2019-09-11 07:07:26,522 [pool-87-thread-1] INFO  server.RaftServerConfigKeys (ConfUtils.java:logGet(43)) - raft.server.log.statemachine.data.sync.timeout = 10s (default)
2019-09-11 07:07:26,522 [pool-27-thread-1] INFO  segmented.SegmentedRaftLogWorker (SegmentedRaftLogWorker.java:<init>(172)) - new 1a989eca-a026-4062-a574-e52a85f9a2a4@group-84BBB83FFBBF-SegmentedRaftLogWorker for RaftStorage:Storage Directory /workdir/hadoop-ozone/integration-test/target/test-dir/MiniOzoneClusterImpl-beba80e5-651a-4af8-b5a8-e6eb83706070/datanode-0/data/ratis/88650d52-d3c1-4e1d-8267-84bbb83ffbbf
2019-09-11 07:07:26,522 [pool-87-thread-1] INFO  server.RaftServerConfigKeys (ConfUtils.java:logGet(43)) - raft.server.log.statemachine.data.sync.timeout.retry = -1 (default)
2019-09-11 07:07:26,522 [pool-37-thread-1] INFO  server.RaftServerConfigKeys (ConfUtils.java:logGet(43)) - raft.server.log.queue.byte-limit = 2147483647 (custom)
2019-09-11 07:07:26,523 [pool-87-thread-1] INFO  server.RaftServerConfigKeys (ConfUtils.java:logGet(43)) - raft.server.log.statemachine.data.caching.enabled = true (custom)
2019-09-11 07:07:26,522 [pool-27-thread-1] INFO  server.RaftServerConfigKeys (ConfUtils.java:logGet(43)) - raft.server.log.queue.byte-limit = 2147483647 (custom)
2019-09-11 07:07:26,523 [pool-27-thread-1] INFO  server.RaftServerConfigKeys (ConfUtils.java:logGet(43)) - raft.server.log.queue.element-limit = 1024 (custom)
2019-09-11 07:07:26,523 [pool-37-thread-1] INFO  server.RaftServerConfigKeys (ConfUtils.java:logGet(43)) - raft.server.log.queue.element-limit = 1024 (custom)
2019-09-11 07:07:26,523 [pool-87-thread-1] INFO  segmented.SegmentedRaftLogWorker (SegmentedRaftLogWorker.java:lambda$new$0(132)) - 4bd4e05e-fa44-45f4-99bb-ac21c4078a41@group-84BBB83FFBBF-SegmentedRaftLogWorker: flushIndex: setUnconditionally 0 -> -1
2019-09-11 07:07:26,523 [pool-27-thread-1] INFO  server.RaftServerConfigKeys (ConfUtils.java:logGet(43)) - raft.server.log.segment.size.max = 1048576 (custom)
2019-09-11 07:07:26,523 [pool-37-thread-1] INFO  server.RaftServerConfigKeys (ConfUtils.java:logGet(43)) - raft.server.log.segment.size.max = 1048576 (custom)
2019-09-11 07:07:26,524 [pool-87-thread-1] INFO  server.RaftServerConfigKeys (ConfUtils.java:logGet(43)) - raft.server.snapshot.auto.trigger.enabled = true (custom)
2019-09-11 07:07:26,523 [pool-27-thread-1] INFO  server.RaftServerConfigKeys (ConfUtils.java:logGet(43)) - raft.server.log.preallocated.size = 16384 (custom)
2019-09-11 07:07:26,524 [pool-87-thread-1] INFO  server.RaftServerConfigKeys (ConfUtils.java:logGet(43)) - raft.server.snapshot.auto.trigger.threshold = 10000 (custom)
2019-09-11 07:07:26,524 [pool-37-thread-1] INFO  server.RaftServerConfigKeys (ConfUtils.java:logGet(43)) - raft.server.log.preallocated.size = 16384 (custom)
2019-09-11 07:07:26,524 [pool-87-thread-1] INFO  server.RaftServerConfigKeys (ConfUtils.java:logGet(43)) - raft.server.snapshot.retention.num.files = -1 (default)
2019-09-11 07:07:26,524 [pool-27-thread-1] INFO  server.RaftServerConfigKeys (ConfUtils.java:logGet(43)) - raft.server.log.write.buffer.size = 33554432 (custom)
2019-09-11 07:07:26,524 [pool-87-thread-1] INFO  server.RaftServerConfigKeys (ConfUtils.java:logGet(43)) - raft.server.retrycache.expirytime = 600000ms (custom)
2019-09-11 07:07:26,524 [pool-37-thread-1] INFO  server.RaftServerConfigKeys (ConfUtils.java:logGet(43)) - raft.server.log.write.buffer.size = 33554432 (custom)
2019-09-11 07:07:26,524 [pool-27-thread-1] INFO  server.RaftServerConfigKeys (ConfUtils.java:logGet(43)) - raft.server.log.force.sync.num = 128 (default)
2019-09-11 07:07:26,525 [pool-37-thread-1] INFO  server.RaftServerConfigKeys (ConfUtils.java:logGet(43)) - raft.server.log.force.sync.num = 128 (default)
2019-09-11 07:07:26,525 [pool-27-thread-1] INFO  server.RaftServerConfigKeys (ConfUtils.java:logGet(43)) - raft.server.log.statemachine.data.sync = true (default)
2019-09-11 07:07:26,525 [pool-37-thread-1] INFO  server.RaftServerConfigKeys (ConfUtils.java:logGet(43)) - raft.server.log.statemachine.data.sync = true (default)
2019-09-11 07:07:26,525 [pool-27-thread-1] INFO  server.RaftServerConfigKeys (ConfUtils.java:logGet(43)) - raft.server.log.statemachine.data.sync.timeout = 10s (default)
2019-09-11 07:07:26,525 [pool-37-thread-1] INFO  server.RaftServerConfigKeys (ConfUtils.java:logGet(43)) - raft.server.log.statemachine.data.sync.timeout = 10s (default)
2019-09-11 07:07:26,525 [pool-27-thread-1] INFO  server.RaftServerConfigKeys (ConfUtils.java:logGet(43)) - raft.server.log.statemachine.data.sync.timeout.retry = -1 (default)
2019-09-11 07:07:26,526 [pool-37-thread-1] INFO  server.RaftServerConfigKeys (ConfUtils.java:logGet(43)) - raft.server.log.statemachine.data.sync.timeout.retry = -1 (default)
2019-09-11 07:07:26,526 [pool-27-thread-1] INFO  server.RaftServerConfigKeys (ConfUtils.java:logGet(43)) - raft.server.log.statemachine.data.caching.enabled = true (custom)
2019-09-11 07:07:26,526 [pool-37-thread-1] INFO  server.RaftServerConfigKeys (ConfUtils.java:logGet(43)) - raft.server.log.statemachine.data.caching.enabled = true (custom)
2019-09-11 07:07:26,526 [pool-27-thread-1] INFO  segmented.SegmentedRaftLogWorker (SegmentedRaftLogWorker.java:lambda$new$0(132)) - 1a989eca-a026-4062-a574-e52a85f9a2a4@group-84BBB83FFBBF-SegmentedRaftLogWorker: flushIndex: setUnconditionally 0 -> -1
2019-09-11 07:07:26,526 [pool-37-thread-1] INFO  segmented.SegmentedRaftLogWorker (SegmentedRaftLogWorker.java:lambda$new$0(132)) - 69a71f03-bd49-4dcf-a91a-b858634f7ca8@group-84BBB83FFBBF-SegmentedRaftLogWorker: flushIndex: setUnconditionally 0 -> -1
2019-09-11 07:07:26,526 [pool-27-thread-1] INFO  server.RaftServerConfigKeys (ConfUtils.java:logGet(43)) - raft.server.snapshot.auto.trigger.enabled = true (custom)
2019-09-11 07:07:26,526 [pool-27-thread-1] INFO  server.RaftServerConfigKeys (ConfUtils.java:logGet(43)) - raft.server.snapshot.auto.trigger.threshold = 10000 (custom)
2019-09-11 07:07:26,527 [pool-37-thread-1] INFO  server.RaftServerConfigKeys (ConfUtils.java:logGet(43)) - raft.server.snapshot.auto.trigger.enabled = true (custom)
2019-09-11 07:07:26,527 [pool-27-thread-1] INFO  server.RaftServerConfigKeys (ConfUtils.java:logGet(43)) - raft.server.snapshot.retention.num.files = -1 (default)
2019-09-11 07:07:26,527 [pool-37-thread-1] INFO  server.RaftServerConfigKeys (ConfUtils.java:logGet(43)) - raft.server.snapshot.auto.trigger.threshold = 10000 (custom)
2019-09-11 07:07:26,527 [pool-27-thread-1] INFO  server.RaftServerConfigKeys (ConfUtils.java:logGet(43)) - raft.server.retrycache.expirytime = 600000ms (custom)
2019-09-11 07:07:26,527 [pool-37-thread-1] INFO  server.RaftServerConfigKeys (ConfUtils.java:logGet(43)) - raft.server.snapshot.retention.num.files = -1 (default)
2019-09-11 07:07:26,527 [pool-37-thread-1] INFO  server.RaftServerConfigKeys (ConfUtils.java:logGet(43)) - raft.server.retrycache.expirytime = 600000ms (custom)
2019-09-11 07:07:26,527 [pool-87-thread-1] INFO  impl.RaftServerImpl (RaftServerImpl.java:start(185)) - 4bd4e05e-fa44-45f4-99bb-ac21c4078a41@group-84BBB83FFBBF: start as a follower, conf=-1: [69a71f03-bd49-4dcf-a91a-b858634f7ca8:192.168.34.12:43469, 4bd4e05e-fa44-45f4-99bb-ac21c4078a41:192.168.34.12:36091, 1a989eca-a026-4062-a574-e52a85f9a2a4:192.168.34.12:35514], old=null
2019-09-11 07:07:26,528 [pool-87-thread-1] INFO  impl.RaftServerImpl (RaftServerImpl.java:setRole(174)) - 4bd4e05e-fa44-45f4-99bb-ac21c4078a41@group-84BBB83FFBBF: changes role from      null to FOLLOWER at term 0 for startAsFollower
2019-09-11 07:07:26,528 [pool-87-thread-1] INFO  impl.RoleInfo (RoleInfo.java:updateAndGet(143)) - 4bd4e05e-fa44-45f4-99bb-ac21c4078a41: start FollowerState
2019-09-11 07:07:26,545 [pool-87-thread-1] INFO  util.JmxRegister (JmxRegister.java:tryRegister(44)) - Successfully registered JMX Bean with object name Ratis:service=RaftServer,group=group-84BBB83FFBBF,id=4bd4e05e-fa44-45f4-99bb-ac21c4078a41
2019-09-11 07:07:26,553 [pool-27-thread-1] INFO  impl.RaftServerImpl (RaftServerImpl.java:start(185)) - 1a989eca-a026-4062-a574-e52a85f9a2a4@group-84BBB83FFBBF: start as a follower, conf=-1: [69a71f03-bd49-4dcf-a91a-b858634f7ca8:192.168.34.12:43469, 4bd4e05e-fa44-45f4-99bb-ac21c4078a41:192.168.34.12:36091, 1a989eca-a026-4062-a574-e52a85f9a2a4:192.168.34.12:35514], old=null
2019-09-11 07:07:26,553 [pool-27-thread-1] INFO  impl.RaftServerImpl (RaftServerImpl.java:setRole(174)) - 1a989eca-a026-4062-a574-e52a85f9a2a4@group-84BBB83FFBBF: changes role from      null to FOLLOWER at term 0 for startAsFollower
2019-09-11 07:07:26,554 [pool-27-thread-1] INFO  impl.RoleInfo (RoleInfo.java:updateAndGet(143)) - 1a989eca-a026-4062-a574-e52a85f9a2a4: start FollowerState
2019-09-11 07:07:26,554 [pool-27-thread-1] INFO  util.JmxRegister (JmxRegister.java:tryRegister(44)) - Successfully registered JMX Bean with object name Ratis:service=RaftServer,group=group-84BBB83FFBBF,id=1a989eca-a026-4062-a574-e52a85f9a2a4
2019-09-11 07:07:26,554 [pool-37-thread-1] INFO  impl.RaftServerImpl (RaftServerImpl.java:start(185)) - 69a71f03-bd49-4dcf-a91a-b858634f7ca8@group-84BBB83FFBBF: start as a follower, conf=-1: [69a71f03-bd49-4dcf-a91a-b858634f7ca8:192.168.34.12:43469, 4bd4e05e-fa44-45f4-99bb-ac21c4078a41:192.168.34.12:36091, 1a989eca-a026-4062-a574-e52a85f9a2a4:192.168.34.12:35514], old=null
2019-09-11 07:07:26,555 [pool-37-thread-1] INFO  impl.RaftServerImpl (RaftServerImpl.java:setRole(174)) - 69a71f03-bd49-4dcf-a91a-b858634f7ca8@group-84BBB83FFBBF: changes role from      null to FOLLOWER at term 0 for startAsFollower
2019-09-11 07:07:26,555 [pool-37-thread-1] INFO  impl.RoleInfo (RoleInfo.java:updateAndGet(143)) - 69a71f03-bd49-4dcf-a91a-b858634f7ca8: start FollowerState
2019-09-11 07:07:26,555 [pool-37-thread-1] INFO  util.JmxRegister (JmxRegister.java:tryRegister(44)) - Successfully registered JMX Bean with object name Ratis:service=RaftServer,group=group-84BBB83FFBBF,id=69a71f03-bd49-4dcf-a91a-b858634f7ca8
2019-09-11 07:07:26,558 [RatisPipelineUtilsThread] INFO  pipeline.PipelineStateManager (PipelineStateManager.java:addPipeline(56)) - Created pipeline Pipeline[ Id: 88650d52-d3c1-4e1d-8267-84bbb83ffbbf, Nodes: 1a989eca-a026-4062-a574-e52a85f9a2a4{ip: 192.168.34.12, host: pr-hdds-2106-8t9qr-763259812, networkLocation: /default-rack, certSerialId: null}4bd4e05e-fa44-45f4-99bb-ac21c4078a41{ip: 192.168.34.12, host: pr-hdds-2106-8t9qr-763259812, networkLocation: /default-rack, certSerialId: null}69a71f03-bd49-4dcf-a91a-b858634f7ca8{ip: 192.168.34.12, host: pr-hdds-2106-8t9qr-763259812, networkLocation: /default-rack, certSerialId: null}, Type:RATIS, Factor:THREE, State:OPEN]
2019-09-11 07:07:26,828 [main] WARN  io.KeyOutputStream (KeyOutputStream.java:handleException(276)) - Encountered exception java.io.IOException: Unexpected Storage Container Exception: java.util.concurrent.CompletionException: java.util.concurrent.CompletionException: org.apache.ratis.protocol.GroupMismatchException: 1a989eca-a026-4062-a574-e52a85f9a2a4: group-88289BCE3651 not found. on the pipeline Pipeline[ Id: 6ec498c6-2b3c-401f-9684-88289bce3651, Nodes: 1a989eca-a026-4062-a574-e52a85f9a2a4{ip: 192.168.34.12, host: pr-hdds-2106-8t9qr-763259812, networkLocation: /default-rack, certSerialId: null}4bd4e05e-fa44-45f4-99bb-ac21c4078a41{ip: 192.168.34.12, host: pr-hdds-2106-8t9qr-763259812, networkLocation: /default-rack, certSerialId: null}69a71f03-bd49-4dcf-a91a-b858634f7ca8{ip: 192.168.34.12, host: pr-hdds-2106-8t9qr-763259812, networkLocation: /default-rack, certSerialId: null}, Type:RATIS, Factor:THREE, State:OPEN]. The last committed block length is 0, uncommitted data length is 400 retry count 0
2019-09-11 07:07:26,869 [grpc-default-executor-9] INFO  client.GrpcClientProtocolClient (GrpcClientProtocolClient.java:onNext(264)) - client-A503D4ACBBB7->4c5e8cae-e55b-44cf-b344-3cfd90360d1c: receive RaftClientReply:client-A503D4ACBBB7->4c5e8cae-e55b-44cf-b344-3cfd90360d1c@group-1D4869C76D47, cid=241, FAILED org.apache.ratis.protocol.NotLeaderException: Server 4c5e8cae-e55b-44cf-b344-3cfd90360d1c@group-1D4869C76D47 is not the leader 548ef58d-0813-4bb4-b0f6-d848f58c5bdc:192.168.34.12:44959, logIndex=0, commits[4c5e8cae-e55b-44cf-b344-3cfd90360d1c:c16, 548ef58d-0813-4bb4-b0f6-d848f58c5bdc:c16, 2e82d22b-ac66-49c5-b2bf-a7bd3965c0d4:c16]
2019-09-11 07:07:27,063 [grpc-default-executor-9] INFO  client.GrpcClientProtocolClient (GrpcClientProtocolClient.java:onNext(264)) - client-A503D4ACBBB7->548ef58d-0813-4bb4-b0f6-d848f58c5bdc: receive RaftClientReply:client-A503D4ACBBB7->548ef58d-0813-4bb4-b0f6-d848f58c5bdc@group-1D4869C76D47, cid=241, SUCCESS, logIndex=17, commits[548ef58d-0813-4bb4-b0f6-d848f58c5bdc:c17, 4c5e8cae-e55b-44cf-b344-3cfd90360d1c:c16, 2e82d22b-ac66-49c5-b2bf-a7bd3965c0d4:c16]
2019-09-11 07:07:27,092 [grpc-default-executor-10] INFO  client.GrpcClientProtocolClient (GrpcClientProtocolClient.java:onNext(264)) - client-A503D4ACBBB7->548ef58d-0813-4bb4-b0f6-d848f58c5bdc: receive RaftClientReply:client-A503D4ACBBB7->548ef58d-0813-4bb4-b0f6-d848f58c5bdc@group-1D4869C76D47, cid=242, SUCCESS, logIndex=19, commits[548ef58d-0813-4bb4-b0f6-d848f58c5bdc:c20, 4c5e8cae-e55b-44cf-b344-3cfd90360d1c:c18, 2e82d22b-ac66-49c5-b2bf-a7bd3965c0d4:c18]
2019-09-11 07:07:27,124 [grpc-default-executor-9] INFO  client.GrpcClientProtocolClient (GrpcClientProtocolClient.java:onNext(264)) - client-A503D4ACBBB7->548ef58d-0813-4bb4-b0f6-d848f58c5bdc: receive RaftClientReply:client-A503D4ACBBB7->548ef58d-0813-4bb4-b0f6-d848f58c5bdc@group-1D4869C76D47, cid=243, SUCCESS, logIndex=20, commits[548ef58d-0813-4bb4-b0f6-d848f58c5bdc:c27, 4c5e8cae-e55b-44cf-b344-3cfd90360d1c:c24, 2e82d22b-ac66-49c5-b2bf-a7bd3965c0d4:c24]
2019-09-11 07:07:27,127 [grpc-default-executor-9] INFO  client.GrpcClientProtocolClient (GrpcClientProtocolClient.java:onNext(264)) - client-A503D4ACBBB7->548ef58d-0813-4bb4-b0f6-d848f58c5bdc: receive RaftClientReply:client-A503D4ACBBB7->548ef58d-0813-4bb4-b0f6-d848f58c5bdc@group-1D4869C76D47, cid=244, SUCCESS, logIndex=21, commits[548ef58d-0813-4bb4-b0f6-d848f58c5bdc:c27, 4c5e8cae-e55b-44cf-b344-3cfd90360d1c:c24, 2e82d22b-ac66-49c5-b2bf-a7bd3965c0d4:c24]
2019-09-11 07:07:27,128 [grpc-default-executor-9] INFO  client.GrpcClientProtocolClient (GrpcClientProtocolClient.java:onNext(264)) - client-A503D4ACBBB7->548ef58d-0813-4bb4-b0f6-d848f58c5bdc: receive RaftClientReply:client-A503D4ACBBB7->548ef58d-0813-4bb4-b0f6-d848f58c5bdc@group-1D4869C76D47, cid=245, SUCCESS, logIndex=22, commits[548ef58d-0813-4bb4-b0f6-d848f58c5bdc:c27, 4c5e8cae-e55b-44cf-b344-3cfd90360d1c:c24, 2e82d22b-ac66-49c5-b2bf-a7bd3965c0d4:c24]
2019-09-11 07:07:27,204 [grpc-default-executor-9] INFO  client.GrpcClientProtocolClient (GrpcClientProtocolClient.java:onNext(264)) - client-A503D4ACBBB7->548ef58d-0813-4bb4-b0f6-d848f58c5bdc: receive RaftClientReply:client-A503D4ACBBB7->548ef58d-0813-4bb4-b0f6-d848f58c5bdc@group-1D4869C76D47, cid=246, SUCCESS, logIndex=23, commits[548ef58d-0813-4bb4-b0f6-d848f58c5bdc:c27, 4c5e8cae-e55b-44cf-b344-3cfd90360d1c:c24, 2e82d22b-ac66-49c5-b2bf-a7bd3965c0d4:c24]
]]></system-out>
  </testcase>
</testsuite>