<?xml version="1.0" encoding="UTF-8"?>
<testsuite xmlns:xsi="http://www.w3.org/2001/XMLSchema-instance" xsi:noNamespaceSchemaLocation="https://maven.apache.org/surefire/maven-surefire-plugin/xsd/surefire-test-report.xsd" name="org.apache.hadoop.ozone.client.rpc.TestBlockOutputStreamWithFailures" time="670.096" tests="8" errors="0" skipped="0" failures="1">
  <properties>
    <property name="awt.toolkit" value="sun.awt.X11.XToolkit"/>
    <property name="file.encoding.pkg" value="sun.io"/>
    <property name="java.specification.version" value="1.8"/>
    <property name="sun.cpu.isalist" value=""/>
    <property name="sun.jnu.encoding" value="UTF-8"/>
    <property name="java.class.path" value="/workdir/hadoop-ozone/integration-test/target/test-classes:/workdir/hadoop-ozone/integration-test/target/classes:/home/user/.m2/repository/org/apache/hadoop/hadoop-ozone-common/0.5.0-SNAPSHOT/hadoop-ozone-common-0.5.0-SNAPSHOT.jar:/home/user/.m2/repository/org/apache/commons/commons-compress/1.4.1/commons-compress-1.4.1.jar:/home/user/.m2/repository/org/tukaani/xz/1.0/xz-1.0.jar:/home/user/.m2/repository/org/apache/hadoop/hadoop-common/3.2.0/hadoop-common-3.2.0.jar:/home/user/.m2/repository/org/apache/hadoop/hadoop-hdfs/3.2.0/hadoop-hdfs-3.2.0.jar:/home/user/.m2/repository/org/apache/hadoop/hadoop-hdfs-client/3.2.0/hadoop-hdfs-client-3.2.0.jar:/home/user/.m2/repository/com/fasterxml/jackson/core/jackson-annotations/2.9.5/jackson-annotations-2.9.5.jar:/home/user/.m2/repository/org/apache/hadoop/hadoop-hdds-common/0.5.0-SNAPSHOT/hadoop-hdds-common-0.5.0-SNAPSHOT.jar:/home/user/.m2/repository/javax/annotation/javax.annotation-api/1.2/javax.annotation-api-1.2.jar:/home/user/.m2/repository/org/apache/ratis/ratis-server/0.4.0-2337318-SNAPSHOT/ratis-server-0.4.0-2337318-SNAPSHOT.jar:/home/user/.m2/repository/org/apache/ratis/ratis-thirdparty-misc/0.2.0/ratis-thirdparty-misc-0.2.0.jar:/home/user/.m2/repository/org/apache/ratis/ratis-proto/0.4.0-2337318-SNAPSHOT/ratis-proto-0.4.0-2337318-SNAPSHOT.jar:/home/user/.m2/repository/org/apache/ratis/ratis-common/0.4.0-2337318-SNAPSHOT/ratis-common-0.4.0-2337318-SNAPSHOT.jar:/home/user/.m2/repository/org/apache/ratis/ratis-client/0.4.0-2337318-SNAPSHOT/ratis-client-0.4.0-2337318-SNAPSHOT.jar:/home/user/.m2/repository/org/apache/ratis/ratis-metrics/0.4.0-2337318-SNAPSHOT/ratis-metrics-0.4.0-2337318-SNAPSHOT.jar:/home/user/.m2/repository/org/apache/ratis/ratis-netty/0.4.0-2337318-SNAPSHOT/ratis-netty-0.4.0-2337318-SNAPSHOT.jar:/home/user/.m2/repository/org/apache/ratis/ratis-grpc/0.4.0-2337318-SNAPSHOT/ratis-grpc-0.4.0-2337318-SNAPSHOT.jar:/home/user/.m2/repository/org/rocksdb/rocksdbjni/6.0.1/rocksdbjni-6.0.1.jar:/home/user/.m2/repository/org/apache/logging/log4j/log4j-api/2.11.0/log4j-api-2.11.0.jar:/home/user/.m2/repository/org/apache/logging/log4j/log4j-core/2.11.0/log4j-core-2.11.0.jar:/home/user/.m2/repository/com/lmax/disruptor/3.4.2/disruptor-3.4.2.jar:/home/user/.m2/repository/org/apache/commons/commons-pool2/2.6.0/commons-pool2-2.6.0.jar:/home/user/.m2/repository/org/bouncycastle/bcpkix-jdk15on/1.60/bcpkix-jdk15on-1.60.jar:/home/user/.m2/repository/commons-validator/commons-validator/1.6/commons-validator-1.6.jar:/home/user/.m2/repository/commons-digester/commons-digester/1.8.1/commons-digester-1.8.1.jar:/home/user/.m2/repository/io/jaegertracing/jaeger-client/0.33.1/jaeger-client-0.33.1.jar:/home/user/.m2/repository/io/jaegertracing/jaeger-thrift/0.33.1/jaeger-thrift-0.33.1.jar:/home/user/.m2/repository/org/apache/thrift/libthrift/0.11.0/libthrift-0.11.0.jar:/home/user/.m2/repository/com/squareup/okhttp3/okhttp/3.9.0/okhttp-3.9.0.jar:/home/user/.m2/repository/com/squareup/okio/okio/1.13.0/okio-1.13.0.jar:/home/user/.m2/repository/io/jaegertracing/jaeger-core/0.33.1/jaeger-core-0.33.1.jar:/home/user/.m2/repository/io/jaegertracing/jaeger-tracerresolver/0.33.1/jaeger-tracerresolver-0.33.1.jar:/home/user/.m2/repository/io/opentracing/contrib/opentracing-tracerresolver/0.1.5/opentracing-tracerresolver-0.1.5.jar:/home/user/.m2/repository/io/opentracing/opentracing-util/0.31.0/opentracing-util-0.31.0.jar:/home/user/.m2/repository/io/opentracing/opentracing-api/0.31.0/opentracing-api-0.31.0.jar:/home/user/.m2/repository/io/opentracing/opentracing-noop/0.31.0/opentracing-noop-0.31.0.jar:/home/user/.m2/repository/org/apache/hadoop/hadoop-hdds-server-framework/0.5.0-SNAPSHOT/hadoop-hdds-server-framework-0.5.0-SNAPSHOT.jar:/home/user/.m2/repository/org/apache/hadoop/hadoop-hdds-container-service/0.5.0-SNAPSHOT/hadoop-hdds-container-service-0.5.0-SNAPSHOT.jar:/home/user/.m2/repository/org/apache/hadoop/hadoop-hdds-client/0.5.0-SNAPSHOT/hadoop-hdds-client-0.5.0-SNAPSHOT.jar:/home/user/.m2/repository/org/apache/hadoop/hadoop-hdds-tools/0.5.0-SNAPSHOT/hadoop-hdds-tools-0.5.0-SNAPSHOT.jar:/home/user/.m2/repository/org/apache/hadoop/hadoop-hdds-server-scm/0.5.0-SNAPSHOT/hadoop-hdds-server-scm-0.5.0-SNAPSHOT.jar:/home/user/.m2/repository/org/apache/hadoop/hadoop-hdds-docs/0.5.0-SNAPSHOT/hadoop-hdds-docs-0.5.0-SNAPSHOT.jar:/home/user/.m2/repository/com/sun/xml/bind/jaxb-impl/2.3.0.1/jaxb-impl-2.3.0.1.jar:/home/user/.m2/repository/com/sun/xml/bind/jaxb-core/2.3.0.1/jaxb-core-2.3.0.1.jar:/home/user/.m2/repository/javax/xml/bind/jaxb-api/2.3.0/jaxb-api-2.3.0.jar:/home/user/.m2/repository/javax/activation/activation/1.1.1/activation-1.1.1.jar:/home/user/.m2/repository/io/dropwizard/metrics/metrics-core/3.2.4/metrics-core-3.2.4.jar:/home/user/.m2/repository/org/hamcrest/hamcrest-all/1.3/hamcrest-all-1.3.jar:/home/user/.m2/repository/org/bouncycastle/bcprov-jdk15on/1.60/bcprov-jdk15on-1.60.jar:/home/user/.m2/repository/info/picocli/picocli/3.9.6/picocli-3.9.6.jar:/home/user/.m2/repository/com/google/protobuf/protobuf-java/2.5.0/protobuf-java-2.5.0.jar:/home/user/.m2/repository/com/google/guava/guava/11.0.2/guava-11.0.2.jar:/home/user/.m2/repository/org/apache/hadoop/hadoop-ozone-ozone-manager/0.5.0-SNAPSHOT/hadoop-ozone-ozone-manager-0.5.0-SNAPSHOT.jar:/home/user/.m2/repository/org/apache/hadoop/hadoop-minikdc/3.2.0/hadoop-minikdc-3.2.0.jar:/home/user/.m2/repository/commons-io/commons-io/2.5/commons-io-2.5.jar:/home/user/.m2/repository/org/apache/kerby/kerb-simplekdc/1.0.1/kerb-simplekdc-1.0.1.jar:/home/user/.m2/repository/org/apache/kerby/kerb-client/1.0.1/kerb-client-1.0.1.jar:/home/user/.m2/repository/org/apache/kerby/kerby-config/1.0.1/kerby-config-1.0.1.jar:/home/user/.m2/repository/org/apache/kerby/kerb-core/1.0.1/kerb-core-1.0.1.jar:/home/user/.m2/repository/org/apache/kerby/kerby-pkix/1.0.1/kerby-pkix-1.0.1.jar:/home/user/.m2/repository/org/apache/kerby/kerby-asn1/1.0.1/kerby-asn1-1.0.1.jar:/home/user/.m2/repository/org/apache/kerby/kerby-util/1.0.1/kerby-util-1.0.1.jar:/home/user/.m2/repository/org/apache/kerby/kerb-common/1.0.1/kerb-common-1.0.1.jar:/home/user/.m2/repository/org/apache/kerby/kerb-crypto/1.0.1/kerb-crypto-1.0.1.jar:/home/user/.m2/repository/org/apache/kerby/kerb-util/1.0.1/kerb-util-1.0.1.jar:/home/user/.m2/repository/org/apache/kerby/token-provider/1.0.1/token-provider-1.0.1.jar:/home/user/.m2/repository/org/apache/kerby/kerb-admin/1.0.1/kerb-admin-1.0.1.jar:/home/user/.m2/repository/org/apache/kerby/kerb-server/1.0.1/kerb-server-1.0.1.jar:/home/user/.m2/repository/org/apache/kerby/kerb-identity/1.0.1/kerb-identity-1.0.1.jar:/home/user/.m2/repository/org/apache/kerby/kerby-xdr/1.0.1/kerby-xdr-1.0.1.jar:/home/user/.m2/repository/org/slf4j/slf4j-log4j12/1.7.25/slf4j-log4j12-1.7.25.jar:/home/user/.m2/repository/org/apache/hadoop/hadoop-ozone-s3gateway/0.5.0-SNAPSHOT/hadoop-ozone-s3gateway-0.5.0-SNAPSHOT.jar:/home/user/.m2/repository/org/jboss/weld/servlet/weld-servlet/2.4.7.Final/weld-servlet-2.4.7.Final.jar:/home/user/.m2/repository/org/glassfish/jersey/containers/jersey-container-servlet-core/2.27/jersey-container-servlet-core-2.27.jar:/home/user/.m2/repository/org/glassfish/hk2/external/javax.inject/2.5.0-b42/javax.inject-2.5.0-b42.jar:/home/user/.m2/repository/org/glassfish/jersey/core/jersey-common/2.27/jersey-common-2.27.jar:/home/user/.m2/repository/org/glassfish/hk2/osgi-resource-locator/1.0.1/osgi-resource-locator-1.0.1.jar:/home/user/.m2/repository/javax/ws/rs/javax.ws.rs-api/2.1/javax.ws.rs-api-2.1.jar:/home/user/.m2/repository/org/glassfish/jersey/ext/cdi/jersey-cdi1x/2.27/jersey-cdi1x-2.27.jar:/home/user/.m2/repository/org/glassfish/jersey/inject/jersey-hk2/2.27/jersey-hk2-2.27.jar:/home/user/.m2/repository/org/glassfish/hk2/hk2-locator/2.5.0-b42/hk2-locator-2.5.0-b42.jar:/home/user/.m2/repository/org/javassist/javassist/3.22.0-CR2/javassist-3.22.0-CR2.jar:/home/user/.m2/repository/org/glassfish/hk2/hk2-api/2.5.0/hk2-api-2.5.0.jar:/home/user/.m2/repository/org/glassfish/hk2/external/jakarta.inject/2.5.0/jakarta.inject-2.5.0.jar:/home/user/.m2/repository/org/glassfish/hk2/hk2-utils/2.5.0/hk2-utils-2.5.0.jar:/home/user/.m2/repository/jakarta/annotation/jakarta.annotation-api/1.3.4/jakarta.annotation-api-1.3.4.jar:/home/user/.m2/repository/org/glassfish/hk2/external/aopalliance-repackaged/2.5.0/aopalliance-repackaged-2.5.0.jar:/home/user/.m2/repository/com/fasterxml/jackson/dataformat/jackson-dataformat-xml/2.9.0/jackson-dataformat-xml-2.9.0.jar:/home/user/.m2/repository/com/fasterxml/jackson/core/jackson-core/2.9.5/jackson-core-2.9.5.jar:/home/user/.m2/repository/com/fasterxml/jackson/module/jackson-module-jaxb-annotations/2.9.5/jackson-module-jaxb-annotations-2.9.5.jar:/home/user/.m2/repository/javax/enterprise/cdi-api/1.2/cdi-api-1.2.jar:/home/user/.m2/repository/javax/el/javax.el-api/3.0.0/javax.el-api-3.0.0.jar:/home/user/.m2/repository/javax/interceptor/javax.interceptor-api/1.2/javax.interceptor-api-1.2.jar:/home/user/.m2/repository/javax/inject/javax.inject/1/javax.inject-1.jar:/home/user/.m2/repository/org/apache/hadoop/hadoop-ozone-csi/0.5.0-SNAPSHOT/hadoop-ozone-csi-0.5.0-SNAPSHOT.jar:/home/user/.m2/repository/com/google/protobuf/protobuf-java-util/3.5.1/protobuf-java-util-3.5.1.jar:/home/user/.m2/repository/org/apache/hadoop/hadoop-hdds-config/0.5.0-SNAPSHOT/hadoop-hdds-config-0.5.0-SNAPSHOT.jar:/home/user/.m2/repository/io/grpc/grpc-netty/1.17.1/grpc-netty-1.17.1.jar:/home/user/.m2/repository/io/grpc/grpc-core/1.17.1/grpc-core-1.17.1.jar:/home/user/.m2/repository/io/grpc/grpc-context/1.17.1/grpc-context-1.17.1.jar:/home/user/.m2/repository/com/google/errorprone/error_prone_annotations/2.2.0/error_prone_annotations-2.2.0.jar:/home/user/.m2/repository/org/codehaus/mojo/animal-sniffer-annotations/1.17/animal-sniffer-annotations-1.17.jar:/home/user/.m2/repository/io/opencensus/opencensus-api/0.17.0/opencensus-api-0.17.0.jar:/home/user/.m2/repository/io/opencensus/opencensus-contrib-grpc-metrics/0.17.0/opencensus-contrib-grpc-metrics-0.17.0.jar:/home/user/.m2/repository/io/netty/netty-codec-http2/4.1.30.Final/netty-codec-http2-4.1.30.Final.jar:/home/user/.m2/repository/io/netty/netty-codec-http/4.1.30.Final/netty-codec-http-4.1.30.Final.jar:/home/user/.m2/repository/io/netty/netty-codec/4.1.30.Final/netty-codec-4.1.30.Final.jar:/home/user/.m2/repository/io/netty/netty-handler/4.1.30.Final/netty-handler-4.1.30.Final.jar:/home/user/.m2/repository/io/netty/netty-handler-proxy/4.1.30.Final/netty-handler-proxy-4.1.30.Final.jar:/home/user/.m2/repository/io/netty/netty-codec-socks/4.1.30.Final/netty-codec-socks-4.1.30.Final.jar:/home/user/.m2/repository/io/netty/netty-transport-native-epoll/4.1.30.Final/netty-transport-native-epoll-4.1.30.Final.jar:/home/user/.m2/repository/io/netty/netty-common/4.1.30.Final/netty-common-4.1.30.Final.jar:/home/user/.m2/repository/io/netty/netty-buffer/4.1.30.Final/netty-buffer-4.1.30.Final.jar:/home/user/.m2/repository/io/netty/netty-transport/4.1.30.Final/netty-transport-4.1.30.Final.jar:/home/user/.m2/repository/io/netty/netty-resolver/4.1.30.Final/netty-resolver-4.1.30.Final.jar:/home/user/.m2/repository/io/netty/netty-transport-native-unix-common/4.1.30.Final/netty-transport-native-unix-common-4.1.30.Final.jar:/home/user/.m2/repository/io/grpc/grpc-protobuf/1.17.1/grpc-protobuf-1.17.1.jar:/home/user/.m2/repository/com/google/api/grpc/proto-google-common-protos/1.0.0/proto-google-common-protos-1.0.0.jar:/home/user/.m2/repository/io/grpc/grpc-protobuf-lite/1.17.1/grpc-protobuf-lite-1.17.1.jar:/home/user/.m2/repository/io/grpc/grpc-stub/1.17.1/grpc-stub-1.17.1.jar:/home/user/.m2/repository/org/apache/hadoop/hadoop-ozone-recon/0.5.0-SNAPSHOT/hadoop-ozone-recon-0.5.0-SNAPSHOT.jar:/home/user/.m2/repository/org/apache/hadoop/hadoop-ozone-reconcodegen/0.5.0-SNAPSHOT/hadoop-ozone-reconcodegen-0.5.0-SNAPSHOT.jar:/home/user/.m2/repository/com/google/inject/extensions/guice-multibindings/4.0/guice-multibindings-4.0.jar:/home/user/.m2/repository/com/google/inject/guice/4.0/guice-4.0.jar:/home/user/.m2/repository/aopalliance/aopalliance/1.0/aopalliance-1.0.jar:/home/user/.m2/repository/com/google/inject/extensions/guice-servlet/4.0/guice-servlet-4.0.jar:/home/user/.m2/repository/org/glassfish/jersey/containers/jersey-container-servlet/2.27/jersey-container-servlet-2.27.jar:/home/user/.m2/repository/org/glassfish/hk2/guice-bridge/2.5.0/guice-bridge-2.5.0.jar:/home/user/.m2/repository/org/glassfish/jersey/core/jersey-server/2.27/jersey-server-2.27.jar:/home/user/.m2/repository/org/glassfish/jersey/core/jersey-client/2.27/jersey-client-2.27.jar:/home/user/.m2/repository/org/glassfish/jersey/media/jersey-media-jaxb/2.27/jersey-media-jaxb-2.27.jar:/home/user/.m2/repository/javax/validation/validation-api/1.1.0.Final/validation-api-1.1.0.Final.jar:/home/user/.m2/repository/org/glassfish/jersey/media/jersey-media-json-jackson/2.27/jersey-media-json-jackson-2.27.jar:/home/user/.m2/repository/org/glassfish/jersey/ext/jersey-entity-filtering/2.27/jersey-entity-filtering-2.27.jar:/home/user/.m2/repository/com/google/inject/extensions/guice-assistedinject/4.0/guice-assistedinject-4.0.jar:/home/user/.m2/repository/org/jooq/jooq/3.11.10/jooq-3.11.10.jar:/home/user/.m2/repository/org/jooq/jooq-meta/3.11.10/jooq-meta-3.11.10.jar:/home/user/.m2/repository/org/jooq/jooq-codegen/3.11.10/jooq-codegen-3.11.10.jar:/home/user/.m2/repository/com/jolbox/bonecp/0.8.0.RELEASE/bonecp-0.8.0.RELEASE.jar:/home/user/.m2/repository/org/xerial/sqlite-jdbc/3.25.2/sqlite-jdbc-3.25.2.jar:/home/user/.m2/repository/org/springframework/spring-jdbc/5.1.3.RELEASE/spring-jdbc-5.1.3.RELEASE.jar:/home/user/.m2/repository/org/springframework/spring-beans/5.1.3.RELEASE/spring-beans-5.1.3.RELEASE.jar:/home/user/.m2/repository/org/springframework/spring-core/5.1.3.RELEASE/spring-core-5.1.3.RELEASE.jar:/home/user/.m2/repository/org/springframework/spring-jcl/5.1.3.RELEASE/spring-jcl-5.1.3.RELEASE.jar:/home/user/.m2/repository/org/springframework/spring-tx/5.1.3.RELEASE/spring-tx-5.1.3.RELEASE.jar:/home/user/.m2/repository/org/apache/hadoop/hadoop-ozone-client/0.5.0-SNAPSHOT/hadoop-ozone-client-0.5.0-SNAPSHOT.jar:/home/user/.m2/repository/commons-lang/commons-lang/2.6/commons-lang-2.6.jar:/home/user/.m2/repository/org/apache/hadoop/hadoop-ozone-ozone-manager/0.5.0-SNAPSHOT/hadoop-ozone-ozone-manager-0.5.0-SNAPSHOT-tests.jar:/home/user/.m2/repository/junit/junit/4.11/junit-4.11.jar:/home/user/.m2/repository/org/hamcrest/hamcrest-core/1.3/hamcrest-core-1.3.jar:/home/user/.m2/repository/org/openjdk/jmh/jmh-core/1.19/jmh-core-1.19.jar:/home/user/.m2/repository/net/sf/jopt-simple/jopt-simple/4.6/jopt-simple-4.6.jar:/home/user/.m2/repository/org/apache/commons/commons-math3/3.1.1/commons-math3-3.1.1.jar:/home/user/.m2/repository/org/openjdk/jmh/jmh-generator-annprocess/1.19/jmh-generator-annprocess-1.19.jar:/home/user/.m2/repository/org/mockito/mockito-all/1.8.5/mockito-all-1.8.5.jar:/home/user/.m2/repository/org/apache/hadoop/hadoop-kms/3.2.0/hadoop-kms-3.2.0.jar:/home/user/.m2/repository/org/apache/hadoop/hadoop-auth/3.2.0/hadoop-auth-3.2.0.jar:/home/user/.m2/repository/com/nimbusds/nimbus-jose-jwt/4.41.1/nimbus-jose-jwt-4.41.1.jar:/home/user/.m2/repository/com/github/stephenc/jcip/jcip-annotations/1.0-1/jcip-annotations-1.0-1.jar:/home/user/.m2/repository/net/minidev/json-smart/2.3/json-smart-2.3.jar:/home/user/.m2/repository/net/minidev/accessors-smart/1.2/accessors-smart-1.2.jar:/home/user/.m2/repository/org/ow2/asm/asm/5.0.4/asm-5.0.4.jar:/home/user/.m2/repository/org/apache/curator/curator-framework/2.12.0/curator-framework-2.12.0.jar:/home/user/.m2/repository/com/sun/jersey/jersey-core/1.19/jersey-core-1.19.jar:/home/user/.m2/repository/javax/ws/rs/jsr311-api/1.1.1/jsr311-api-1.1.1.jar:/home/user/.m2/repository/com/sun/jersey/jersey-server/1.19/jersey-server-1.19.jar:/home/user/.m2/repository/javax/servlet/javax.servlet-api/3.1.0/javax.servlet-api-3.1.0.jar:/home/user/.m2/repository/org/eclipse/jetty/jetty-server/9.3.24.v20180605/jetty-server-9.3.24.v20180605.jar:/home/user/.m2/repository/org/eclipse/jetty/jetty-http/9.3.24.v20180605/jetty-http-9.3.24.v20180605.jar:/home/user/.m2/repository/org/eclipse/jetty/jetty-io/9.3.24.v20180605/jetty-io-9.3.24.v20180605.jar:/home/user/.m2/repository/org/eclipse/jetty/jetty-webapp/9.3.24.v20180605/jetty-webapp-9.3.24.v20180605.jar:/home/user/.m2/repository/org/eclipse/jetty/jetty-xml/9.3.24.v20180605/jetty-xml-9.3.24.v20180605.jar:/home/user/.m2/repository/log4j/log4j/1.2.17/log4j-1.2.17.jar:/home/user/.m2/repository/org/slf4j/slf4j-api/1.7.25/slf4j-api-1.7.25.jar:/home/user/.m2/repository/org/slf4j/jul-to-slf4j/1.7.25/jul-to-slf4j-1.7.25.jar:/home/user/.m2/repository/org/eclipse/jetty/jetty-util/9.3.24.v20180605/jetty-util-9.3.24.v20180605.jar:/home/user/.m2/repository/com/fasterxml/jackson/core/jackson-databind/2.9.5/jackson-databind-2.9.5.jar:/home/user/.m2/repository/org/apache/hadoop/hadoop-kms/3.2.0/hadoop-kms-3.2.0-tests.jar:/home/user/.m2/repository/org/apache/hadoop/hadoop-hdds-server-scm/0.5.0-SNAPSHOT/hadoop-hdds-server-scm-0.5.0-SNAPSHOT-tests.jar:/home/user/.m2/repository/org/apache/hadoop/hadoop-hdds-container-service/0.5.0-SNAPSHOT/hadoop-hdds-container-service-0.5.0-SNAPSHOT-tests.jar:/home/user/.m2/repository/org/yaml/snakeyaml/1.16/snakeyaml-1.16.jar:/home/user/.m2/repository/org/apache/hadoop/hadoop-common/3.2.0/hadoop-common-3.2.0-tests.jar:/home/user/.m2/repository/org/apache/hadoop/hadoop-annotations/3.2.0/hadoop-annotations-3.2.0.jar:/usr/lib/jvm/java-1.8-openjdk/jre/../lib/tools.jar:/home/user/.m2/repository/commons-cli/commons-cli/1.2/commons-cli-1.2.jar:/home/user/.m2/repository/org/apache/httpcomponents/httpclient/4.5.2/httpclient-4.5.2.jar:/home/user/.m2/repository/org/apache/httpcomponents/httpcore/4.4.4/httpcore-4.4.4.jar:/home/user/.m2/repository/commons-codec/commons-codec/1.11/commons-codec-1.11.jar:/home/user/.m2/repository/commons-net/commons-net/3.6/commons-net-3.6.jar:/home/user/.m2/repository/commons-collections/commons-collections/3.2.2/commons-collections-3.2.2.jar:/home/user/.m2/repository/org/eclipse/jetty/jetty-servlet/9.3.24.v20180605/jetty-servlet-9.3.24.v20180605.jar:/home/user/.m2/repository/org/eclipse/jetty/jetty-security/9.3.24.v20180605/jetty-security-9.3.24.v20180605.jar:/home/user/.m2/repository/javax/servlet/jsp/jsp-api/2.1/jsp-api-2.1.jar:/home/user/.m2/repository/com/sun/jersey/jersey-servlet/1.19/jersey-servlet-1.19.jar:/home/user/.m2/repository/com/sun/jersey/jersey-json/1.19/jersey-json-1.19.jar:/home/user/.m2/repository/org/codehaus/jettison/jettison/1.1/jettison-1.1.jar:/home/user/.m2/repository/org/codehaus/jackson/jackson-core-asl/1.9.13/jackson-core-asl-1.9.13.jar:/home/user/.m2/repository/org/codehaus/jackson/jackson-mapper-asl/1.9.13/jackson-mapper-asl-1.9.13.jar:/home/user/.m2/repository/org/codehaus/jackson/jackson-jaxrs/1.9.13/jackson-jaxrs-1.9.13.jar:/home/user/.m2/repository/org/codehaus/jackson/jackson-xc/1.9.13/jackson-xc-1.9.13.jar:/home/user/.m2/repository/commons-logging/commons-logging/1.1.3/commons-logging-1.1.3.jar:/home/user/.m2/repository/commons-beanutils/commons-beanutils/1.9.3/commons-beanutils-1.9.3.jar:/home/user/.m2/repository/org/apache/commons/commons-configuration2/2.1.1/commons-configuration2-2.1.1.jar:/home/user/.m2/repository/org/apache/commons/commons-lang3/3.7/commons-lang3-3.7.jar:/home/user/.m2/repository/org/apache/commons/commons-text/1.4/commons-text-1.4.jar:/home/user/.m2/repository/org/apache/avro/avro/1.7.7/avro-1.7.7.jar:/home/user/.m2/repository/com/thoughtworks/paranamer/paranamer/2.3/paranamer-2.3.jar:/home/user/.m2/repository/org/xerial/snappy/snappy-java/1.0.5/snappy-java-1.0.5.jar:/home/user/.m2/repository/com/google/re2j/re2j/1.1/re2j-1.1.jar:/home/user/.m2/repository/com/google/code/gson/gson/2.2.4/gson-2.2.4.jar:/home/user/.m2/repository/com/jcraft/jsch/0.1.54/jsch-0.1.54.jar:/home/user/.m2/repository/org/apache/curator/curator-client/2.12.0/curator-client-2.12.0.jar:/home/user/.m2/repository/org/apache/curator/curator-recipes/2.12.0/curator-recipes-2.12.0.jar:/home/user/.m2/repository/com/google/code/findbugs/jsr305/3.0.0/jsr305-3.0.0.jar:/home/user/.m2/repository/org/apache/htrace/htrace-core4/4.1.0-incubating/htrace-core4-4.1.0-incubating.jar:/home/user/.m2/repository/org/apache/zookeeper/zookeeper/3.4.13/zookeeper-3.4.13.jar:/home/user/.m2/repository/org/apache/yetus/audience-annotations/0.5.0/audience-annotations-0.5.0.jar:/home/user/.m2/repository/org/codehaus/woodstox/stax2-api/3.1.4/stax2-api-3.1.4.jar:/home/user/.m2/repository/com/fasterxml/woodstox/woodstox-core/5.0.3/woodstox-core-5.0.3.jar:/home/user/.m2/repository/dnsjava/dnsjava/2.1.7/dnsjava-2.1.7.jar:/home/user/.m2/repository/org/apache/hadoop/hadoop-hdfs/3.2.0/hadoop-hdfs-3.2.0-tests.jar:/home/user/.m2/repository/org/eclipse/jetty/jetty-util-ajax/9.3.24.v20180605/jetty-util-ajax-9.3.24.v20180605.jar:/home/user/.m2/repository/commons-daemon/commons-daemon/1.0.13/commons-daemon-1.0.13.jar:/home/user/.m2/repository/io/netty/netty/3.10.5.Final/netty-3.10.5.Final.jar:/home/user/.m2/repository/io/netty/netty-all/4.0.52.Final/netty-all-4.0.52.Final.jar:/home/user/.m2/repository/org/fusesource/leveldbjni/leveldbjni-all/1.8/leveldbjni-all-1.8.jar:"/>
    <property name="java.vm.vendor" value="IcedTea"/>
    <property name="sun.arch.data.model" value="64"/>
    <property name="test.build.dir" value="/workdir/hadoop-ozone/integration-test/target/test-dir"/>
    <property name="test.cache.data" value=""/>
    <property name="java.vendor.url" value="https://icedtea.classpath.org"/>
    <property name="user.timezone" value=""/>
    <property name="java.vm.specification.version" value="1.8"/>
    <property name="os.name" value="Linux"/>
    <property name="test.build.data" value="/workdir/hadoop-ozone/integration-test/target/test-dir"/>
    <property name="user.country" value="US"/>
    <property name="sun.java.launcher" value="SUN_STANDARD"/>
    <property name="sun.boot.library.path" value="/usr/lib/jvm/java-1.8-openjdk/jre/lib/amd64"/>
    <property name="sun.java.command" value="/workdir/hadoop-ozone/integration-test/target/surefire/surefirebooter2131585032696636270.jar /workdir/hadoop-ozone/integration-test/target/surefire 2019-08-28T23-45-55_607-jvmRun1 surefire4366857399226166309tmp surefire_208893293735402585472tmp"/>
    <property name="test" value="!TestMiniChaosOzoneCluster"/>
    <property name="surefire.test.class.path" value="/workdir/hadoop-ozone/integration-test/target/test-classes:/workdir/hadoop-ozone/integration-test/target/classes:/home/user/.m2/repository/org/apache/hadoop/hadoop-ozone-common/0.5.0-SNAPSHOT/hadoop-ozone-common-0.5.0-SNAPSHOT.jar:/home/user/.m2/repository/org/apache/commons/commons-compress/1.4.1/commons-compress-1.4.1.jar:/home/user/.m2/repository/org/tukaani/xz/1.0/xz-1.0.jar:/home/user/.m2/repository/org/apache/hadoop/hadoop-common/3.2.0/hadoop-common-3.2.0.jar:/home/user/.m2/repository/org/apache/hadoop/hadoop-hdfs/3.2.0/hadoop-hdfs-3.2.0.jar:/home/user/.m2/repository/org/apache/hadoop/hadoop-hdfs-client/3.2.0/hadoop-hdfs-client-3.2.0.jar:/home/user/.m2/repository/com/fasterxml/jackson/core/jackson-annotations/2.9.5/jackson-annotations-2.9.5.jar:/home/user/.m2/repository/org/apache/hadoop/hadoop-hdds-common/0.5.0-SNAPSHOT/hadoop-hdds-common-0.5.0-SNAPSHOT.jar:/home/user/.m2/repository/javax/annotation/javax.annotation-api/1.2/javax.annotation-api-1.2.jar:/home/user/.m2/repository/org/apache/ratis/ratis-server/0.4.0-2337318-SNAPSHOT/ratis-server-0.4.0-2337318-SNAPSHOT.jar:/home/user/.m2/repository/org/apache/ratis/ratis-thirdparty-misc/0.2.0/ratis-thirdparty-misc-0.2.0.jar:/home/user/.m2/repository/org/apache/ratis/ratis-proto/0.4.0-2337318-SNAPSHOT/ratis-proto-0.4.0-2337318-SNAPSHOT.jar:/home/user/.m2/repository/org/apache/ratis/ratis-common/0.4.0-2337318-SNAPSHOT/ratis-common-0.4.0-2337318-SNAPSHOT.jar:/home/user/.m2/repository/org/apache/ratis/ratis-client/0.4.0-2337318-SNAPSHOT/ratis-client-0.4.0-2337318-SNAPSHOT.jar:/home/user/.m2/repository/org/apache/ratis/ratis-metrics/0.4.0-2337318-SNAPSHOT/ratis-metrics-0.4.0-2337318-SNAPSHOT.jar:/home/user/.m2/repository/org/apache/ratis/ratis-netty/0.4.0-2337318-SNAPSHOT/ratis-netty-0.4.0-2337318-SNAPSHOT.jar:/home/user/.m2/repository/org/apache/ratis/ratis-grpc/0.4.0-2337318-SNAPSHOT/ratis-grpc-0.4.0-2337318-SNAPSHOT.jar:/home/user/.m2/repository/org/rocksdb/rocksdbjni/6.0.1/rocksdbjni-6.0.1.jar:/home/user/.m2/repository/org/apache/logging/log4j/log4j-api/2.11.0/log4j-api-2.11.0.jar:/home/user/.m2/repository/org/apache/logging/log4j/log4j-core/2.11.0/log4j-core-2.11.0.jar:/home/user/.m2/repository/com/lmax/disruptor/3.4.2/disruptor-3.4.2.jar:/home/user/.m2/repository/org/apache/commons/commons-pool2/2.6.0/commons-pool2-2.6.0.jar:/home/user/.m2/repository/org/bouncycastle/bcpkix-jdk15on/1.60/bcpkix-jdk15on-1.60.jar:/home/user/.m2/repository/commons-validator/commons-validator/1.6/commons-validator-1.6.jar:/home/user/.m2/repository/commons-digester/commons-digester/1.8.1/commons-digester-1.8.1.jar:/home/user/.m2/repository/io/jaegertracing/jaeger-client/0.33.1/jaeger-client-0.33.1.jar:/home/user/.m2/repository/io/jaegertracing/jaeger-thrift/0.33.1/jaeger-thrift-0.33.1.jar:/home/user/.m2/repository/org/apache/thrift/libthrift/0.11.0/libthrift-0.11.0.jar:/home/user/.m2/repository/com/squareup/okhttp3/okhttp/3.9.0/okhttp-3.9.0.jar:/home/user/.m2/repository/com/squareup/okio/okio/1.13.0/okio-1.13.0.jar:/home/user/.m2/repository/io/jaegertracing/jaeger-core/0.33.1/jaeger-core-0.33.1.jar:/home/user/.m2/repository/io/jaegertracing/jaeger-tracerresolver/0.33.1/jaeger-tracerresolver-0.33.1.jar:/home/user/.m2/repository/io/opentracing/contrib/opentracing-tracerresolver/0.1.5/opentracing-tracerresolver-0.1.5.jar:/home/user/.m2/repository/io/opentracing/opentracing-util/0.31.0/opentracing-util-0.31.0.jar:/home/user/.m2/repository/io/opentracing/opentracing-api/0.31.0/opentracing-api-0.31.0.jar:/home/user/.m2/repository/io/opentracing/opentracing-noop/0.31.0/opentracing-noop-0.31.0.jar:/home/user/.m2/repository/org/apache/hadoop/hadoop-hdds-server-framework/0.5.0-SNAPSHOT/hadoop-hdds-server-framework-0.5.0-SNAPSHOT.jar:/home/user/.m2/repository/org/apache/hadoop/hadoop-hdds-container-service/0.5.0-SNAPSHOT/hadoop-hdds-container-service-0.5.0-SNAPSHOT.jar:/home/user/.m2/repository/org/apache/hadoop/hadoop-hdds-client/0.5.0-SNAPSHOT/hadoop-hdds-client-0.5.0-SNAPSHOT.jar:/home/user/.m2/repository/org/apache/hadoop/hadoop-hdds-tools/0.5.0-SNAPSHOT/hadoop-hdds-tools-0.5.0-SNAPSHOT.jar:/home/user/.m2/repository/org/apache/hadoop/hadoop-hdds-server-scm/0.5.0-SNAPSHOT/hadoop-hdds-server-scm-0.5.0-SNAPSHOT.jar:/home/user/.m2/repository/org/apache/hadoop/hadoop-hdds-docs/0.5.0-SNAPSHOT/hadoop-hdds-docs-0.5.0-SNAPSHOT.jar:/home/user/.m2/repository/com/sun/xml/bind/jaxb-impl/2.3.0.1/jaxb-impl-2.3.0.1.jar:/home/user/.m2/repository/com/sun/xml/bind/jaxb-core/2.3.0.1/jaxb-core-2.3.0.1.jar:/home/user/.m2/repository/javax/xml/bind/jaxb-api/2.3.0/jaxb-api-2.3.0.jar:/home/user/.m2/repository/javax/activation/activation/1.1.1/activation-1.1.1.jar:/home/user/.m2/repository/io/dropwizard/metrics/metrics-core/3.2.4/metrics-core-3.2.4.jar:/home/user/.m2/repository/org/hamcrest/hamcrest-all/1.3/hamcrest-all-1.3.jar:/home/user/.m2/repository/org/bouncycastle/bcprov-jdk15on/1.60/bcprov-jdk15on-1.60.jar:/home/user/.m2/repository/info/picocli/picocli/3.9.6/picocli-3.9.6.jar:/home/user/.m2/repository/com/google/protobuf/protobuf-java/2.5.0/protobuf-java-2.5.0.jar:/home/user/.m2/repository/com/google/guava/guava/11.0.2/guava-11.0.2.jar:/home/user/.m2/repository/org/apache/hadoop/hadoop-ozone-ozone-manager/0.5.0-SNAPSHOT/hadoop-ozone-ozone-manager-0.5.0-SNAPSHOT.jar:/home/user/.m2/repository/org/apache/hadoop/hadoop-minikdc/3.2.0/hadoop-minikdc-3.2.0.jar:/home/user/.m2/repository/commons-io/commons-io/2.5/commons-io-2.5.jar:/home/user/.m2/repository/org/apache/kerby/kerb-simplekdc/1.0.1/kerb-simplekdc-1.0.1.jar:/home/user/.m2/repository/org/apache/kerby/kerb-client/1.0.1/kerb-client-1.0.1.jar:/home/user/.m2/repository/org/apache/kerby/kerby-config/1.0.1/kerby-config-1.0.1.jar:/home/user/.m2/repository/org/apache/kerby/kerb-core/1.0.1/kerb-core-1.0.1.jar:/home/user/.m2/repository/org/apache/kerby/kerby-pkix/1.0.1/kerby-pkix-1.0.1.jar:/home/user/.m2/repository/org/apache/kerby/kerby-asn1/1.0.1/kerby-asn1-1.0.1.jar:/home/user/.m2/repository/org/apache/kerby/kerby-util/1.0.1/kerby-util-1.0.1.jar:/home/user/.m2/repository/org/apache/kerby/kerb-common/1.0.1/kerb-common-1.0.1.jar:/home/user/.m2/repository/org/apache/kerby/kerb-crypto/1.0.1/kerb-crypto-1.0.1.jar:/home/user/.m2/repository/org/apache/kerby/kerb-util/1.0.1/kerb-util-1.0.1.jar:/home/user/.m2/repository/org/apache/kerby/token-provider/1.0.1/token-provider-1.0.1.jar:/home/user/.m2/repository/org/apache/kerby/kerb-admin/1.0.1/kerb-admin-1.0.1.jar:/home/user/.m2/repository/org/apache/kerby/kerb-server/1.0.1/kerb-server-1.0.1.jar:/home/user/.m2/repository/org/apache/kerby/kerb-identity/1.0.1/kerb-identity-1.0.1.jar:/home/user/.m2/repository/org/apache/kerby/kerby-xdr/1.0.1/kerby-xdr-1.0.1.jar:/home/user/.m2/repository/org/slf4j/slf4j-log4j12/1.7.25/slf4j-log4j12-1.7.25.jar:/home/user/.m2/repository/org/apache/hadoop/hadoop-ozone-s3gateway/0.5.0-SNAPSHOT/hadoop-ozone-s3gateway-0.5.0-SNAPSHOT.jar:/home/user/.m2/repository/org/jboss/weld/servlet/weld-servlet/2.4.7.Final/weld-servlet-2.4.7.Final.jar:/home/user/.m2/repository/org/glassfish/jersey/containers/jersey-container-servlet-core/2.27/jersey-container-servlet-core-2.27.jar:/home/user/.m2/repository/org/glassfish/hk2/external/javax.inject/2.5.0-b42/javax.inject-2.5.0-b42.jar:/home/user/.m2/repository/org/glassfish/jersey/core/jersey-common/2.27/jersey-common-2.27.jar:/home/user/.m2/repository/org/glassfish/hk2/osgi-resource-locator/1.0.1/osgi-resource-locator-1.0.1.jar:/home/user/.m2/repository/javax/ws/rs/javax.ws.rs-api/2.1/javax.ws.rs-api-2.1.jar:/home/user/.m2/repository/org/glassfish/jersey/ext/cdi/jersey-cdi1x/2.27/jersey-cdi1x-2.27.jar:/home/user/.m2/repository/org/glassfish/jersey/inject/jersey-hk2/2.27/jersey-hk2-2.27.jar:/home/user/.m2/repository/org/glassfish/hk2/hk2-locator/2.5.0-b42/hk2-locator-2.5.0-b42.jar:/home/user/.m2/repository/org/javassist/javassist/3.22.0-CR2/javassist-3.22.0-CR2.jar:/home/user/.m2/repository/org/glassfish/hk2/hk2-api/2.5.0/hk2-api-2.5.0.jar:/home/user/.m2/repository/org/glassfish/hk2/external/jakarta.inject/2.5.0/jakarta.inject-2.5.0.jar:/home/user/.m2/repository/org/glassfish/hk2/hk2-utils/2.5.0/hk2-utils-2.5.0.jar:/home/user/.m2/repository/jakarta/annotation/jakarta.annotation-api/1.3.4/jakarta.annotation-api-1.3.4.jar:/home/user/.m2/repository/org/glassfish/hk2/external/aopalliance-repackaged/2.5.0/aopalliance-repackaged-2.5.0.jar:/home/user/.m2/repository/com/fasterxml/jackson/dataformat/jackson-dataformat-xml/2.9.0/jackson-dataformat-xml-2.9.0.jar:/home/user/.m2/repository/com/fasterxml/jackson/core/jackson-core/2.9.5/jackson-core-2.9.5.jar:/home/user/.m2/repository/com/fasterxml/jackson/module/jackson-module-jaxb-annotations/2.9.5/jackson-module-jaxb-annotations-2.9.5.jar:/home/user/.m2/repository/javax/enterprise/cdi-api/1.2/cdi-api-1.2.jar:/home/user/.m2/repository/javax/el/javax.el-api/3.0.0/javax.el-api-3.0.0.jar:/home/user/.m2/repository/javax/interceptor/javax.interceptor-api/1.2/javax.interceptor-api-1.2.jar:/home/user/.m2/repository/javax/inject/javax.inject/1/javax.inject-1.jar:/home/user/.m2/repository/org/apache/hadoop/hadoop-ozone-csi/0.5.0-SNAPSHOT/hadoop-ozone-csi-0.5.0-SNAPSHOT.jar:/home/user/.m2/repository/com/google/protobuf/protobuf-java-util/3.5.1/protobuf-java-util-3.5.1.jar:/home/user/.m2/repository/org/apache/hadoop/hadoop-hdds-config/0.5.0-SNAPSHOT/hadoop-hdds-config-0.5.0-SNAPSHOT.jar:/home/user/.m2/repository/io/grpc/grpc-netty/1.17.1/grpc-netty-1.17.1.jar:/home/user/.m2/repository/io/grpc/grpc-core/1.17.1/grpc-core-1.17.1.jar:/home/user/.m2/repository/io/grpc/grpc-context/1.17.1/grpc-context-1.17.1.jar:/home/user/.m2/repository/com/google/errorprone/error_prone_annotations/2.2.0/error_prone_annotations-2.2.0.jar:/home/user/.m2/repository/org/codehaus/mojo/animal-sniffer-annotations/1.17/animal-sniffer-annotations-1.17.jar:/home/user/.m2/repository/io/opencensus/opencensus-api/0.17.0/opencensus-api-0.17.0.jar:/home/user/.m2/repository/io/opencensus/opencensus-contrib-grpc-metrics/0.17.0/opencensus-contrib-grpc-metrics-0.17.0.jar:/home/user/.m2/repository/io/netty/netty-codec-http2/4.1.30.Final/netty-codec-http2-4.1.30.Final.jar:/home/user/.m2/repository/io/netty/netty-codec-http/4.1.30.Final/netty-codec-http-4.1.30.Final.jar:/home/user/.m2/repository/io/netty/netty-codec/4.1.30.Final/netty-codec-4.1.30.Final.jar:/home/user/.m2/repository/io/netty/netty-handler/4.1.30.Final/netty-handler-4.1.30.Final.jar:/home/user/.m2/repository/io/netty/netty-handler-proxy/4.1.30.Final/netty-handler-proxy-4.1.30.Final.jar:/home/user/.m2/repository/io/netty/netty-codec-socks/4.1.30.Final/netty-codec-socks-4.1.30.Final.jar:/home/user/.m2/repository/io/netty/netty-transport-native-epoll/4.1.30.Final/netty-transport-native-epoll-4.1.30.Final.jar:/home/user/.m2/repository/io/netty/netty-common/4.1.30.Final/netty-common-4.1.30.Final.jar:/home/user/.m2/repository/io/netty/netty-buffer/4.1.30.Final/netty-buffer-4.1.30.Final.jar:/home/user/.m2/repository/io/netty/netty-transport/4.1.30.Final/netty-transport-4.1.30.Final.jar:/home/user/.m2/repository/io/netty/netty-resolver/4.1.30.Final/netty-resolver-4.1.30.Final.jar:/home/user/.m2/repository/io/netty/netty-transport-native-unix-common/4.1.30.Final/netty-transport-native-unix-common-4.1.30.Final.jar:/home/user/.m2/repository/io/grpc/grpc-protobuf/1.17.1/grpc-protobuf-1.17.1.jar:/home/user/.m2/repository/com/google/api/grpc/proto-google-common-protos/1.0.0/proto-google-common-protos-1.0.0.jar:/home/user/.m2/repository/io/grpc/grpc-protobuf-lite/1.17.1/grpc-protobuf-lite-1.17.1.jar:/home/user/.m2/repository/io/grpc/grpc-stub/1.17.1/grpc-stub-1.17.1.jar:/home/user/.m2/repository/org/apache/hadoop/hadoop-ozone-recon/0.5.0-SNAPSHOT/hadoop-ozone-recon-0.5.0-SNAPSHOT.jar:/home/user/.m2/repository/org/apache/hadoop/hadoop-ozone-reconcodegen/0.5.0-SNAPSHOT/hadoop-ozone-reconcodegen-0.5.0-SNAPSHOT.jar:/home/user/.m2/repository/com/google/inject/extensions/guice-multibindings/4.0/guice-multibindings-4.0.jar:/home/user/.m2/repository/com/google/inject/guice/4.0/guice-4.0.jar:/home/user/.m2/repository/aopalliance/aopalliance/1.0/aopalliance-1.0.jar:/home/user/.m2/repository/com/google/inject/extensions/guice-servlet/4.0/guice-servlet-4.0.jar:/home/user/.m2/repository/org/glassfish/jersey/containers/jersey-container-servlet/2.27/jersey-container-servlet-2.27.jar:/home/user/.m2/repository/org/glassfish/hk2/guice-bridge/2.5.0/guice-bridge-2.5.0.jar:/home/user/.m2/repository/org/glassfish/jersey/core/jersey-server/2.27/jersey-server-2.27.jar:/home/user/.m2/repository/org/glassfish/jersey/core/jersey-client/2.27/jersey-client-2.27.jar:/home/user/.m2/repository/org/glassfish/jersey/media/jersey-media-jaxb/2.27/jersey-media-jaxb-2.27.jar:/home/user/.m2/repository/javax/validation/validation-api/1.1.0.Final/validation-api-1.1.0.Final.jar:/home/user/.m2/repository/org/glassfish/jersey/media/jersey-media-json-jackson/2.27/jersey-media-json-jackson-2.27.jar:/home/user/.m2/repository/org/glassfish/jersey/ext/jersey-entity-filtering/2.27/jersey-entity-filtering-2.27.jar:/home/user/.m2/repository/com/google/inject/extensions/guice-assistedinject/4.0/guice-assistedinject-4.0.jar:/home/user/.m2/repository/org/jooq/jooq/3.11.10/jooq-3.11.10.jar:/home/user/.m2/repository/org/jooq/jooq-meta/3.11.10/jooq-meta-3.11.10.jar:/home/user/.m2/repository/org/jooq/jooq-codegen/3.11.10/jooq-codegen-3.11.10.jar:/home/user/.m2/repository/com/jolbox/bonecp/0.8.0.RELEASE/bonecp-0.8.0.RELEASE.jar:/home/user/.m2/repository/org/xerial/sqlite-jdbc/3.25.2/sqlite-jdbc-3.25.2.jar:/home/user/.m2/repository/org/springframework/spring-jdbc/5.1.3.RELEASE/spring-jdbc-5.1.3.RELEASE.jar:/home/user/.m2/repository/org/springframework/spring-beans/5.1.3.RELEASE/spring-beans-5.1.3.RELEASE.jar:/home/user/.m2/repository/org/springframework/spring-core/5.1.3.RELEASE/spring-core-5.1.3.RELEASE.jar:/home/user/.m2/repository/org/springframework/spring-jcl/5.1.3.RELEASE/spring-jcl-5.1.3.RELEASE.jar:/home/user/.m2/repository/org/springframework/spring-tx/5.1.3.RELEASE/spring-tx-5.1.3.RELEASE.jar:/home/user/.m2/repository/org/apache/hadoop/hadoop-ozone-client/0.5.0-SNAPSHOT/hadoop-ozone-client-0.5.0-SNAPSHOT.jar:/home/user/.m2/repository/commons-lang/commons-lang/2.6/commons-lang-2.6.jar:/home/user/.m2/repository/org/apache/hadoop/hadoop-ozone-ozone-manager/0.5.0-SNAPSHOT/hadoop-ozone-ozone-manager-0.5.0-SNAPSHOT-tests.jar:/home/user/.m2/repository/junit/junit/4.11/junit-4.11.jar:/home/user/.m2/repository/org/hamcrest/hamcrest-core/1.3/hamcrest-core-1.3.jar:/home/user/.m2/repository/org/openjdk/jmh/jmh-core/1.19/jmh-core-1.19.jar:/home/user/.m2/repository/net/sf/jopt-simple/jopt-simple/4.6/jopt-simple-4.6.jar:/home/user/.m2/repository/org/apache/commons/commons-math3/3.1.1/commons-math3-3.1.1.jar:/home/user/.m2/repository/org/openjdk/jmh/jmh-generator-annprocess/1.19/jmh-generator-annprocess-1.19.jar:/home/user/.m2/repository/org/mockito/mockito-all/1.8.5/mockito-all-1.8.5.jar:/home/user/.m2/repository/org/apache/hadoop/hadoop-kms/3.2.0/hadoop-kms-3.2.0.jar:/home/user/.m2/repository/org/apache/hadoop/hadoop-auth/3.2.0/hadoop-auth-3.2.0.jar:/home/user/.m2/repository/com/nimbusds/nimbus-jose-jwt/4.41.1/nimbus-jose-jwt-4.41.1.jar:/home/user/.m2/repository/com/github/stephenc/jcip/jcip-annotations/1.0-1/jcip-annotations-1.0-1.jar:/home/user/.m2/repository/net/minidev/json-smart/2.3/json-smart-2.3.jar:/home/user/.m2/repository/net/minidev/accessors-smart/1.2/accessors-smart-1.2.jar:/home/user/.m2/repository/org/ow2/asm/asm/5.0.4/asm-5.0.4.jar:/home/user/.m2/repository/org/apache/curator/curator-framework/2.12.0/curator-framework-2.12.0.jar:/home/user/.m2/repository/com/sun/jersey/jersey-core/1.19/jersey-core-1.19.jar:/home/user/.m2/repository/javax/ws/rs/jsr311-api/1.1.1/jsr311-api-1.1.1.jar:/home/user/.m2/repository/com/sun/jersey/jersey-server/1.19/jersey-server-1.19.jar:/home/user/.m2/repository/javax/servlet/javax.servlet-api/3.1.0/javax.servlet-api-3.1.0.jar:/home/user/.m2/repository/org/eclipse/jetty/jetty-server/9.3.24.v20180605/jetty-server-9.3.24.v20180605.jar:/home/user/.m2/repository/org/eclipse/jetty/jetty-http/9.3.24.v20180605/jetty-http-9.3.24.v20180605.jar:/home/user/.m2/repository/org/eclipse/jetty/jetty-io/9.3.24.v20180605/jetty-io-9.3.24.v20180605.jar:/home/user/.m2/repository/org/eclipse/jetty/jetty-webapp/9.3.24.v20180605/jetty-webapp-9.3.24.v20180605.jar:/home/user/.m2/repository/org/eclipse/jetty/jetty-xml/9.3.24.v20180605/jetty-xml-9.3.24.v20180605.jar:/home/user/.m2/repository/log4j/log4j/1.2.17/log4j-1.2.17.jar:/home/user/.m2/repository/org/slf4j/slf4j-api/1.7.25/slf4j-api-1.7.25.jar:/home/user/.m2/repository/org/slf4j/jul-to-slf4j/1.7.25/jul-to-slf4j-1.7.25.jar:/home/user/.m2/repository/org/eclipse/jetty/jetty-util/9.3.24.v20180605/jetty-util-9.3.24.v20180605.jar:/home/user/.m2/repository/com/fasterxml/jackson/core/jackson-databind/2.9.5/jackson-databind-2.9.5.jar:/home/user/.m2/repository/org/apache/hadoop/hadoop-kms/3.2.0/hadoop-kms-3.2.0-tests.jar:/home/user/.m2/repository/org/apache/hadoop/hadoop-hdds-server-scm/0.5.0-SNAPSHOT/hadoop-hdds-server-scm-0.5.0-SNAPSHOT-tests.jar:/home/user/.m2/repository/org/apache/hadoop/hadoop-hdds-container-service/0.5.0-SNAPSHOT/hadoop-hdds-container-service-0.5.0-SNAPSHOT-tests.jar:/home/user/.m2/repository/org/yaml/snakeyaml/1.16/snakeyaml-1.16.jar:/home/user/.m2/repository/org/apache/hadoop/hadoop-common/3.2.0/hadoop-common-3.2.0-tests.jar:/home/user/.m2/repository/org/apache/hadoop/hadoop-annotations/3.2.0/hadoop-annotations-3.2.0.jar:/usr/lib/jvm/java-1.8-openjdk/jre/../lib/tools.jar:/home/user/.m2/repository/commons-cli/commons-cli/1.2/commons-cli-1.2.jar:/home/user/.m2/repository/org/apache/httpcomponents/httpclient/4.5.2/httpclient-4.5.2.jar:/home/user/.m2/repository/org/apache/httpcomponents/httpcore/4.4.4/httpcore-4.4.4.jar:/home/user/.m2/repository/commons-codec/commons-codec/1.11/commons-codec-1.11.jar:/home/user/.m2/repository/commons-net/commons-net/3.6/commons-net-3.6.jar:/home/user/.m2/repository/commons-collections/commons-collections/3.2.2/commons-collections-3.2.2.jar:/home/user/.m2/repository/org/eclipse/jetty/jetty-servlet/9.3.24.v20180605/jetty-servlet-9.3.24.v20180605.jar:/home/user/.m2/repository/org/eclipse/jetty/jetty-security/9.3.24.v20180605/jetty-security-9.3.24.v20180605.jar:/home/user/.m2/repository/javax/servlet/jsp/jsp-api/2.1/jsp-api-2.1.jar:/home/user/.m2/repository/com/sun/jersey/jersey-servlet/1.19/jersey-servlet-1.19.jar:/home/user/.m2/repository/com/sun/jersey/jersey-json/1.19/jersey-json-1.19.jar:/home/user/.m2/repository/org/codehaus/jettison/jettison/1.1/jettison-1.1.jar:/home/user/.m2/repository/org/codehaus/jackson/jackson-core-asl/1.9.13/jackson-core-asl-1.9.13.jar:/home/user/.m2/repository/org/codehaus/jackson/jackson-mapper-asl/1.9.13/jackson-mapper-asl-1.9.13.jar:/home/user/.m2/repository/org/codehaus/jackson/jackson-jaxrs/1.9.13/jackson-jaxrs-1.9.13.jar:/home/user/.m2/repository/org/codehaus/jackson/jackson-xc/1.9.13/jackson-xc-1.9.13.jar:/home/user/.m2/repository/commons-logging/commons-logging/1.1.3/commons-logging-1.1.3.jar:/home/user/.m2/repository/commons-beanutils/commons-beanutils/1.9.3/commons-beanutils-1.9.3.jar:/home/user/.m2/repository/org/apache/commons/commons-configuration2/2.1.1/commons-configuration2-2.1.1.jar:/home/user/.m2/repository/org/apache/commons/commons-lang3/3.7/commons-lang3-3.7.jar:/home/user/.m2/repository/org/apache/commons/commons-text/1.4/commons-text-1.4.jar:/home/user/.m2/repository/org/apache/avro/avro/1.7.7/avro-1.7.7.jar:/home/user/.m2/repository/com/thoughtworks/paranamer/paranamer/2.3/paranamer-2.3.jar:/home/user/.m2/repository/org/xerial/snappy/snappy-java/1.0.5/snappy-java-1.0.5.jar:/home/user/.m2/repository/com/google/re2j/re2j/1.1/re2j-1.1.jar:/home/user/.m2/repository/com/google/code/gson/gson/2.2.4/gson-2.2.4.jar:/home/user/.m2/repository/com/jcraft/jsch/0.1.54/jsch-0.1.54.jar:/home/user/.m2/repository/org/apache/curator/curator-client/2.12.0/curator-client-2.12.0.jar:/home/user/.m2/repository/org/apache/curator/curator-recipes/2.12.0/curator-recipes-2.12.0.jar:/home/user/.m2/repository/com/google/code/findbugs/jsr305/3.0.0/jsr305-3.0.0.jar:/home/user/.m2/repository/org/apache/htrace/htrace-core4/4.1.0-incubating/htrace-core4-4.1.0-incubating.jar:/home/user/.m2/repository/org/apache/zookeeper/zookeeper/3.4.13/zookeeper-3.4.13.jar:/home/user/.m2/repository/org/apache/yetus/audience-annotations/0.5.0/audience-annotations-0.5.0.jar:/home/user/.m2/repository/org/codehaus/woodstox/stax2-api/3.1.4/stax2-api-3.1.4.jar:/home/user/.m2/repository/com/fasterxml/woodstox/woodstox-core/5.0.3/woodstox-core-5.0.3.jar:/home/user/.m2/repository/dnsjava/dnsjava/2.1.7/dnsjava-2.1.7.jar:/home/user/.m2/repository/org/apache/hadoop/hadoop-hdfs/3.2.0/hadoop-hdfs-3.2.0-tests.jar:/home/user/.m2/repository/org/eclipse/jetty/jetty-util-ajax/9.3.24.v20180605/jetty-util-ajax-9.3.24.v20180605.jar:/home/user/.m2/repository/commons-daemon/commons-daemon/1.0.13/commons-daemon-1.0.13.jar:/home/user/.m2/repository/io/netty/netty/3.10.5.Final/netty-3.10.5.Final.jar:/home/user/.m2/repository/io/netty/netty-all/4.0.52.Final/netty-all-4.0.52.Final.jar:/home/user/.m2/repository/org/fusesource/leveldbjni/leveldbjni-all/1.8/leveldbjni-all-1.8.jar:"/>
    <property name="sun.cpu.endian" value="little"/>
    <property name="user.home" value="/home/user"/>
    <property name="user.language" value="en"/>
    <property name="java.specification.vendor" value="Oracle Corporation"/>
    <property name="java.home" value="/usr/lib/jvm/java-1.8-openjdk/jre"/>
    <property name="java.security.krb5.conf" value="/workdir/hadoop-ozone/integration-test/target/test-classes/krb5.conf"/>
    <property name="basedir" value="/workdir/hadoop-ozone/integration-test"/>
    <property name="file.separator" value="/"/>
    <property name="line.separator" value="&#10;"/>
    <property name="java.vm.specification.vendor" value="Oracle Corporation"/>
    <property name="java.specification.name" value="Java Platform API Specification"/>
    <property name="java.awt.graphicsenv" value="sun.awt.X11GraphicsEnvironment"/>
    <property name="surefire.real.class.path" value="/workdir/hadoop-ozone/integration-test/target/surefire/surefirebooter2131585032696636270.jar"/>
    <property name="hadoop.log.dir" value="/workdir/hadoop-ozone/integration-test/target/log"/>
    <property name="sun.boot.class.path" value="/usr/lib/jvm/java-1.8-openjdk/jre/lib/resources.jar:/usr/lib/jvm/java-1.8-openjdk/jre/lib/rt.jar:/usr/lib/jvm/java-1.8-openjdk/jre/lib/sunrsasign.jar:/usr/lib/jvm/java-1.8-openjdk/jre/lib/jsse.jar:/usr/lib/jvm/java-1.8-openjdk/jre/lib/jce.jar:/usr/lib/jvm/java-1.8-openjdk/jre/lib/charsets.jar:/usr/lib/jvm/java-1.8-openjdk/jre/lib/jfr.jar:/usr/lib/jvm/java-1.8-openjdk/jre/classes"/>
    <property name="sun.management.compiler" value="HotSpot 64-Bit Tiered Compilers"/>
    <property name="java.runtime.version" value="1.8.0_212-b04"/>
    <property name="java.net.preferIPv4Stack" value="true"/>
    <property name="user.name" value="jenkins1000"/>
    <property name="path.separator" value=":"/>
    <property name="java.security.egd" value="file:///dev/urandom"/>
    <property name="os.version" value="3.10.0-957.12.2.el7.x86_64"/>
    <property name="java.endorsed.dirs" value="/usr/lib/jvm/java-1.8-openjdk/jre/lib/endorsed"/>
    <property name="java.runtime.name" value="OpenJDK Runtime Environment"/>
    <property name="file.encoding" value="UTF-8"/>
    <property name="java.vm.name" value="OpenJDK 64-Bit Server VM"/>
    <property name="test.build.webapps" value=""/>
    <property name="localRepository" value="/home/user/.m2/repository"/>
    <property name="java.vendor.url.bug" value="https://icedtea.classpath.org/bugzilla"/>
    <property name="java.io.tmpdir" value="/tmp"/>
    <property name="require.test.libhadoop" value=""/>
    <property name="java.version" value="1.8.0_212"/>
    <property name="user.dir" value="/workdir/hadoop-ozone/integration-test"/>
    <property name="os.arch" value="amd64"/>
    <property name="java.vm.specification.name" value="Java Virtual Machine Specification"/>
    <property name="test.build.classes" value="/workdir/hadoop-ozone/integration-test/target/test-classes"/>
    <property name="java.awt.printerjob" value="sun.print.PSPrinterJob"/>
    <property name="sun.os.patch.level" value="unknown"/>
    <property name="hadoop.tmp.dir" value="/workdir/hadoop-ozone/integration-test/target/tmp"/>
    <property name="java.library.path" value="/usr/lib/jvm/java-1.8-openjdk/jre/lib/amd64/server:/usr/lib/jvm/java-1.8-openjdk/jre/lib/amd64:/usr/lib/jvm/java-1.8-openjdk/jre/../lib/amd64:/workdir/hadoop-ozone/integration-test/target/native/target/usr/local/lib:/workdir/hadoop-ozone/integration-test/../../hadoop-common-project/hadoop-common/target/native/target/usr/local/lib:/usr/java/packages/lib/amd64:/usr/lib64:/lib64:/lib:/usr/lib"/>
    <property name="java.vm.info" value="mixed mode"/>
    <property name="java.vendor" value="IcedTea"/>
    <property name="java.vm.version" value="25.212-b04"/>
    <property name="java.ext.dirs" value="/usr/lib/jvm/java-1.8-openjdk/jre/lib/ext:/usr/java/packages/lib/ext"/>
    <property name="sun.io.unicode.encoding" value="UnicodeLittle"/>
    <property name="java.class.version" value="52.0"/>
  </properties>
  <testcase name="test2DatanodesFailure" classname="org.apache.hadoop.ozone.client.rpc.TestBlockOutputStreamWithFailures" time="43.403"/>
  <testcase name="testDatanodeFailureWithPreAllocation" classname="org.apache.hadoop.ozone.client.rpc.TestBlockOutputStreamWithFailures" time="225.589"/>
  <testcase name="testDatanodeFailureWithSingleNodeRatis" classname="org.apache.hadoop.ozone.client.rpc.TestBlockOutputStreamWithFailures" time="223.797"/>
  <testcase name="testWatchForCommitWithSingleNodeRatis" classname="org.apache.hadoop.ozone.client.rpc.TestBlockOutputStreamWithFailures" time="34.084"/>
  <testcase name="testWatchForCommitDatanodeFailure" classname="org.apache.hadoop.ozone.client.rpc.TestBlockOutputStreamWithFailures" time="37.339">
    <failure message="expected:&lt;2&gt; but was:&lt;3&gt;" type="java.lang.AssertionError"><![CDATA[java.lang.AssertionError: expected:<2> but was:<3>
	at org.junit.Assert.fail(Assert.java:88)
	at org.junit.Assert.failNotEquals(Assert.java:743)
	at org.junit.Assert.assertEquals(Assert.java:118)
	at org.junit.Assert.assertEquals(Assert.java:555)
	at org.junit.Assert.assertEquals(Assert.java:542)
	at org.apache.hadoop.ozone.client.rpc.TestBlockOutputStreamWithFailures.testWatchForCommitDatanodeFailure(TestBlockOutputStreamWithFailures.java:366)
	at sun.reflect.NativeMethodAccessorImpl.invoke0(Native Method)
	at sun.reflect.NativeMethodAccessorImpl.invoke(NativeMethodAccessorImpl.java:62)
	at sun.reflect.DelegatingMethodAccessorImpl.invoke(DelegatingMethodAccessorImpl.java:43)
	at java.lang.reflect.Method.invoke(Method.java:498)
	at org.junit.runners.model.FrameworkMethod$1.runReflectiveCall(FrameworkMethod.java:47)
	at org.junit.internal.runners.model.ReflectiveCallable.run(ReflectiveCallable.java:12)
	at org.junit.runners.model.FrameworkMethod.invokeExplosively(FrameworkMethod.java:44)
	at org.junit.internal.runners.statements.InvokeMethod.evaluate(InvokeMethod.java:17)
	at org.junit.internal.runners.statements.RunBefores.evaluate(RunBefores.java:26)
	at org.junit.internal.runners.statements.RunAfters.evaluate(RunAfters.java:27)
	at org.junit.runners.ParentRunner.runLeaf(ParentRunner.java:271)
	at org.junit.runners.BlockJUnit4ClassRunner.runChild(BlockJUnit4ClassRunner.java:70)
	at org.junit.runners.BlockJUnit4ClassRunner.runChild(BlockJUnit4ClassRunner.java:50)
	at org.junit.runners.ParentRunner$3.run(ParentRunner.java:238)
	at org.junit.runners.ParentRunner$1.schedule(ParentRunner.java:63)
	at org.junit.runners.ParentRunner.runChildren(ParentRunner.java:236)
	at org.junit.runners.ParentRunner.access$000(ParentRunner.java:53)
	at org.junit.runners.ParentRunner$2.evaluate(ParentRunner.java:229)
	at org.junit.runners.ParentRunner.run(ParentRunner.java:309)
	at org.apache.maven.surefire.junit4.JUnit4Provider.execute(JUnit4Provider.java:365)
	at org.apache.maven.surefire.junit4.JUnit4Provider.executeWithRerun(JUnit4Provider.java:273)
	at org.apache.maven.surefire.junit4.JUnit4Provider.executeTestSet(JUnit4Provider.java:238)
	at org.apache.maven.surefire.junit4.JUnit4Provider.invoke(JUnit4Provider.java:159)
	at org.apache.maven.surefire.booter.ForkedBooter.invokeProviderInSameClassLoader(ForkedBooter.java:384)
	at org.apache.maven.surefire.booter.ForkedBooter.runSuitesInProcess(ForkedBooter.java:345)
	at org.apache.maven.surefire.booter.ForkedBooter.execute(ForkedBooter.java:126)
	at org.apache.maven.surefire.booter.ForkedBooter.main(ForkedBooter.java:418)
]]></failure>
    <system-out><![CDATA[2019-08-29 00:13:01,659 [main] WARN  server.ServerUtils (ServerUtils.java:getScmDbDir(155)) - ozone.scm.db.dirs is not configured. We recommend adding this setting. Falling back to ozone.metadata.dirs instead.
2019-08-29 00:13:01,674 [main] WARN  server.ServerUtils (ServerUtils.java:getScmDbDir(155)) - ozone.scm.db.dirs is not configured. We recommend adding this setting. Falling back to ozone.metadata.dirs instead.
2019-08-29 00:13:01,675 [main] WARN  server.ServerUtils (ServerUtils.java:getScmDbDir(155)) - ozone.scm.db.dirs is not configured. We recommend adding this setting. Falling back to ozone.metadata.dirs instead.
2019-08-29 00:13:01,676 [main] INFO  db.DBStoreBuilder (DBStoreBuilder.java:addTable(110)) - using custom profile for table: deletedBlocks
2019-08-29 00:13:01,676 [main] INFO  db.DBStoreBuilder (DBStoreBuilder.java:processTables(161)) - Using default column profile:DBProfile.DISK for Table:deletedBlocks
2019-08-29 00:13:01,676 [main] INFO  db.DBStoreBuilder (DBStoreBuilder.java:addTable(110)) - using custom profile for table: validCerts
2019-08-29 00:13:01,676 [main] INFO  db.DBStoreBuilder (DBStoreBuilder.java:processTables(161)) - Using default column profile:DBProfile.DISK for Table:validCerts
2019-08-29 00:13:01,676 [main] INFO  db.DBStoreBuilder (DBStoreBuilder.java:addTable(110)) - using custom profile for table: revokedCerts
2019-08-29 00:13:01,677 [main] INFO  db.DBStoreBuilder (DBStoreBuilder.java:processTables(161)) - Using default column profile:DBProfile.DISK for Table:revokedCerts
2019-08-29 00:13:01,677 [main] INFO  db.DBStoreBuilder (DBStoreBuilder.java:addTable(110)) - using custom profile for table: default
2019-08-29 00:13:01,677 [main] INFO  db.DBStoreBuilder (DBStoreBuilder.java:processTables(167)) - Using default column profile:DBProfile.DISK for Table:default
2019-08-29 00:13:01,677 [main] INFO  db.DBStoreBuilder (DBStoreBuilder.java:getDbProfile(198)) - Using default options. DBProfile.DISK
2019-08-29 00:13:01,855 [main] INFO  net.NodeSchemaLoader (NodeSchemaLoader.java:loadSchemaFromFile(125)) - Loading file from sun.misc.CompoundEnumeration@20349058
2019-08-29 00:13:01,856 [main] INFO  net.NodeSchemaLoader (NodeSchemaLoader.java:loadSchema(171)) - Loading network topology layer schema file
2019-08-29 00:13:01,862 [main] INFO  node.SCMNodeManager (SCMNodeManager.java:<init>(121)) - Entering startup safe mode.
2019-08-29 00:13:01,862 [main] INFO  algorithms.ContainerPlacementPolicyFactory (ContainerPlacementPolicyFactory.java:getPolicy(55)) - Create container placement policy of type org.apache.hadoop.hdds.scm.container.placement.algorithms.SCMContainerPlacementRandom
2019-08-29 00:13:01,863 [main] WARN  server.ServerUtils (ServerUtils.java:getScmDbDir(155)) - ozone.scm.db.dirs is not configured. We recommend adding this setting. Falling back to ozone.metadata.dirs instead.
2019-08-29 00:13:01,911 [main] INFO  pipeline.SCMPipelineManager (SCMPipelineManager.java:initializePipelineState(126)) - No pipeline exists in current db
2019-08-29 00:13:01,911 [main] WARN  server.ServerUtils (ServerUtils.java:getScmDbDir(155)) - ozone.scm.db.dirs is not configured. We recommend adding this setting. Falling back to ozone.metadata.dirs instead.
2019-08-29 00:13:01,954 [main] WARN  events.EventQueue (EventQueue.java:fireEvent(175)) - No event handler registered for event TypedEvent{payloadType=SafeModeStatus, name='SafeModeStatus'}
2019-08-29 00:13:01,955 [main] INFO  ipc.CallQueueManager (CallQueueManager.java:<init>(84)) - Using callQueue: class java.util.concurrent.LinkedBlockingQueue, queueCapacity: 2000, scheduler: class org.apache.hadoop.ipc.DefaultRpcScheduler, ipcBackoff: false.
2019-08-29 00:13:01,956 [Socket Reader #1 for port 44980] INFO  ipc.Server (Server.java:run(1074)) - Starting Socket Reader #1 for port 44980
2019-08-29 00:13:01,958 [main] INFO  ipc.CallQueueManager (CallQueueManager.java:<init>(84)) - Using callQueue: class java.util.concurrent.LinkedBlockingQueue, queueCapacity: 2000, scheduler: class org.apache.hadoop.ipc.DefaultRpcScheduler, ipcBackoff: false.
2019-08-29 00:13:01,959 [Socket Reader #1 for port 34241] INFO  ipc.Server (Server.java:run(1074)) - Starting Socket Reader #1 for port 34241
2019-08-29 00:13:01,960 [main] INFO  ipc.CallQueueManager (CallQueueManager.java:<init>(84)) - Using callQueue: class java.util.concurrent.LinkedBlockingQueue, queueCapacity: 2000, scheduler: class org.apache.hadoop.ipc.DefaultRpcScheduler, ipcBackoff: false.
2019-08-29 00:13:01,960 [Socket Reader #1 for port 37077] INFO  ipc.Server (Server.java:run(1074)) - Starting Socket Reader #1 for port 37077
2019-08-29 00:13:01,963 [main] INFO  hdfs.DFSUtil (DFSUtil.java:httpServerTemplateForNNAndJN(1641)) - Starting Web-server for scm at: http://0.0.0.0:0
2019-08-29 00:13:01,965 [main] INFO  server.AuthenticationFilter (AuthenticationFilter.java:constructSecretProvider(240)) - Unable to initialize FileSignerSecretProvider, falling back to use random secrets.
2019-08-29 00:13:01,966 [main] WARN  http.HttpRequestLog (HttpRequestLog.java:getRequestLog(97)) - Jetty request log can only be enabled using Log4j
2019-08-29 00:13:01,968 [main] INFO  http.HttpServer2 (HttpServer2.java:addGlobalFilter(975)) - Added global filter 'safety' (class=org.apache.hadoop.http.HttpServer2$QuotingInputFilter)
2019-08-29 00:13:01,969 [main] INFO  http.HttpServer2 (HttpServer2.java:addFilter(948)) - Added filter static_user_filter (class=org.apache.hadoop.http.lib.StaticUserWebFilter$StaticUserFilter) to context scm
2019-08-29 00:13:01,969 [main] INFO  http.HttpServer2 (HttpServer2.java:addFilter(958)) - Added filter static_user_filter (class=org.apache.hadoop.http.lib.StaticUserWebFilter$StaticUserFilter) to context static
2019-08-29 00:13:01,969 [main] INFO  http.HttpServer2 (HttpServer2.java:addFilter(958)) - Added filter static_user_filter (class=org.apache.hadoop.http.lib.StaticUserWebFilter$StaticUserFilter) to context logs
2019-08-29 00:13:01,972 [main] INFO  server.StorageContainerManager (StorageContainerManager.java:start(759)) - StorageContainerLocationProtocol RPC server is listening at /0.0.0.0:37077
2019-08-29 00:13:01,974 [main] WARN  impl.MetricsConfig (MetricsConfig.java:loadFirst(134)) - Cannot locate configuration: tried hadoop-metrics2-storagecontainermanager.properties,hadoop-metrics2.properties
2019-08-29 00:13:01,976 [main] INFO  impl.MetricsSystemImpl (MetricsSystemImpl.java:startTimer(374)) - Scheduled Metric snapshot period at 10 second(s).
2019-08-29 00:13:01,976 [main] INFO  impl.MetricsSystemImpl (MetricsSystemImpl.java:start(191)) - StorageContainerManager metrics system started
2019-08-29 00:13:02,056 [main] INFO  server.SCMClientProtocolServer (SCMClientProtocolServer.java:start(151)) - RPC server for Client  is listening at /0.0.0.0:37077
2019-08-29 00:13:02,057 [IPC Server Responder] INFO  ipc.Server (Server.java:run(1314)) - IPC Server Responder: starting
2019-08-29 00:13:02,057 [IPC Server listener on 37077] INFO  ipc.Server (Server.java:run(1153)) - IPC Server listener on 37077: starting
2019-08-29 00:13:02,060 [main] INFO  server.StorageContainerManager (StorageContainerManager.java:start(769)) - ScmBlockLocationProtocol RPC server is listening at /127.0.0.1:34241
2019-08-29 00:13:02,060 [main] INFO  server.SCMBlockProtocolServer (SCMBlockProtocolServer.java:start(141)) - RPC server for Block Protocol is listening at /127.0.0.1:34241
2019-08-29 00:13:02,060 [IPC Server Responder] INFO  ipc.Server (Server.java:run(1314)) - IPC Server Responder: starting
2019-08-29 00:13:02,060 [IPC Server listener on 34241] INFO  ipc.Server (Server.java:run(1153)) - IPC Server listener on 34241: starting
2019-08-29 00:13:02,063 [main] INFO  server.StorageContainerManager (StorageContainerManager.java:start(773)) - ScmDatanodeProtocl RPC server is listening at /0.0.0.0:44980
2019-08-29 00:13:02,063 [main] INFO  server.SCMDatanodeProtocolServer (SCMDatanodeProtocolServer.java:start(191)) - RPC server for DataNodes is listening at /0.0.0.0:44980
2019-08-29 00:13:02,063 [IPC Server Responder] INFO  ipc.Server (Server.java:run(1314)) - IPC Server Responder: starting
2019-08-29 00:13:02,063 [IPC Server listener on 44980] INFO  ipc.Server (Server.java:run(1153)) - IPC Server listener on 44980: starting
2019-08-29 00:13:02,066 [main] INFO  http.HttpServer2 (HttpServer2.java:bindListener(1191)) - Jetty bound to port 34621
2019-08-29 00:13:02,066 [main] INFO  server.Server (Server.java:doStart(351)) - jetty-9.3.24.v20180605, build timestamp: 2018-06-05T17:11:56Z, git hash: 84205aa28f11a4f31f2a3b86d1bba2cc8ab69827
2019-08-29 00:13:02,067 [main] INFO  handler.ContextHandler (ContextHandler.java:doStart(781)) - Started o.e.j.s.ServletContextHandler@8641b7d{/logs,file:///workdir/hadoop-ozone/integration-test/target/log,AVAILABLE}
2019-08-29 00:13:02,068 [main] INFO  handler.ContextHandler (ContextHandler.java:doStart(781)) - Started o.e.j.s.ServletContextHandler@3fb450d7{/static,file:///workdir/hadoop-ozone/integration-test/target/test-classes/webapps/static,AVAILABLE}
2019-08-29 00:13:02,072 [main] INFO  handler.ContextHandler (ContextHandler.java:doStart(781)) - Started o.e.j.w.WebAppContext@6b70d1fb{/,file:///workdir/hadoop-ozone/integration-test/target/test-classes/webapps/scm/,AVAILABLE}{/scm}
2019-08-29 00:13:02,072 [main] INFO  server.AbstractConnector (AbstractConnector.java:doStart(278)) - Started ServerConnector@3002e397{HTTP/1.1,[http/1.1]}{0.0.0.0:34621}
2019-08-29 00:13:02,073 [main] INFO  server.Server (Server.java:doStart(419)) - Started @527896ms
2019-08-29 00:13:02,075 [main] INFO  server.BaseHttpServer (BaseHttpServer.java:updateConnectorAddress(226)) - HTTP server of SCM is listening at http://0.0.0.0:34621
2019-08-29 00:13:02,076 [main] WARN  server.ServerUtils (ServerUtils.java:getDBPath(232)) - ozone.om.db.dirs is not configured. We recommend adding this setting. Falling back to ozone.metadata.dirs instead.
2019-08-29 00:13:02,076 [org.apache.hadoop.util.JvmPauseMonitor$Monitor@38159384] INFO  util.JvmPauseMonitor (JvmPauseMonitor.java:run(188)) - Starting JVM pause monitor
2019-08-29 00:13:02,088 [main] WARN  server.ServerUtils (ServerUtils.java:getDBPath(232)) - ozone.om.db.dirs is not configured. We recommend adding this setting. Falling back to ozone.metadata.dirs instead.
2019-08-29 00:13:02,089 [main] WARN  server.ServerUtils (ServerUtils.java:getDBPath(232)) - ozone.om.db.dirs is not configured. We recommend adding this setting. Falling back to ozone.metadata.dirs instead.
2019-08-29 00:13:02,089 [main] INFO  om.OzoneManager (OzoneManager.java:setOMNodeDetails(645)) - OM Service ID is not set. Setting it to the default ID: omServiceIdDefault
2019-08-29 00:13:02,089 [main] INFO  om.OzoneManager (OzoneManager.java:setOMNodeDetails(651)) - OM Node ID is not set. Setting it to the OmStorage's OmID: 40dce94b-245d-4d5f-a293-130cfab55326
2019-08-29 00:13:02,089 [main] INFO  om.OzoneManager (OzoneManager.java:loadOMHAConfigs(602)) - Found matching OM address with OMServiceId: null, OMNodeId: null, RPC Address: localhost:0 and Ratis port: 9872
2019-08-29 00:13:02,092 | INFO  | SCMAudit | user=jenkins1000 | ip=127.0.0.1 | op=GET_SCM_INFO null | ret=SUCCESS |  
2019-08-29 00:13:02,093 [main] WARN  server.ServerUtils (ServerUtils.java:getDBPath(232)) - ozone.om.db.dirs is not configured. We recommend adding this setting. Falling back to ozone.metadata.dirs instead.
2019-08-29 00:13:02,094 [main] INFO  db.DBStoreBuilder (DBStoreBuilder.java:addTable(110)) - using custom profile for table: userTable
2019-08-29 00:13:02,094 [main] INFO  db.DBStoreBuilder (DBStoreBuilder.java:processTables(161)) - Using default column profile:DBProfile.DISK for Table:userTable
2019-08-29 00:13:02,094 [main] INFO  db.DBStoreBuilder (DBStoreBuilder.java:addTable(110)) - using custom profile for table: volumeTable
2019-08-29 00:13:02,094 [main] INFO  db.DBStoreBuilder (DBStoreBuilder.java:processTables(161)) - Using default column profile:DBProfile.DISK for Table:volumeTable
2019-08-29 00:13:02,095 [main] INFO  db.DBStoreBuilder (DBStoreBuilder.java:addTable(110)) - using custom profile for table: bucketTable
2019-08-29 00:13:02,095 [main] INFO  db.DBStoreBuilder (DBStoreBuilder.java:processTables(161)) - Using default column profile:DBProfile.DISK for Table:bucketTable
2019-08-29 00:13:02,095 [main] INFO  db.DBStoreBuilder (DBStoreBuilder.java:addTable(110)) - using custom profile for table: keyTable
2019-08-29 00:13:02,095 [main] INFO  db.DBStoreBuilder (DBStoreBuilder.java:processTables(161)) - Using default column profile:DBProfile.DISK for Table:keyTable
2019-08-29 00:13:02,095 [main] INFO  db.DBStoreBuilder (DBStoreBuilder.java:addTable(110)) - using custom profile for table: deletedTable
2019-08-29 00:13:02,095 [main] INFO  db.DBStoreBuilder (DBStoreBuilder.java:processTables(161)) - Using default column profile:DBProfile.DISK for Table:deletedTable
2019-08-29 00:13:02,095 [main] INFO  db.DBStoreBuilder (DBStoreBuilder.java:addTable(110)) - using custom profile for table: openKeyTable
2019-08-29 00:13:02,096 [main] INFO  db.DBStoreBuilder (DBStoreBuilder.java:processTables(161)) - Using default column profile:DBProfile.DISK for Table:openKeyTable
2019-08-29 00:13:02,096 [main] INFO  db.DBStoreBuilder (DBStoreBuilder.java:addTable(110)) - using custom profile for table: s3Table
2019-08-29 00:13:02,096 [main] INFO  db.DBStoreBuilder (DBStoreBuilder.java:processTables(161)) - Using default column profile:DBProfile.DISK for Table:s3Table
2019-08-29 00:13:02,096 [main] INFO  db.DBStoreBuilder (DBStoreBuilder.java:addTable(110)) - using custom profile for table: multipartInfoTable
2019-08-29 00:13:02,096 [main] INFO  db.DBStoreBuilder (DBStoreBuilder.java:processTables(161)) - Using default column profile:DBProfile.DISK for Table:multipartInfoTable
2019-08-29 00:13:02,096 [main] INFO  db.DBStoreBuilder (DBStoreBuilder.java:addTable(110)) - using custom profile for table: dTokenTable
2019-08-29 00:13:02,096 [main] INFO  db.DBStoreBuilder (DBStoreBuilder.java:processTables(161)) - Using default column profile:DBProfile.DISK for Table:dTokenTable
2019-08-29 00:13:02,097 [main] INFO  db.DBStoreBuilder (DBStoreBuilder.java:addTable(110)) - using custom profile for table: s3SecretTable
2019-08-29 00:13:02,097 [main] INFO  db.DBStoreBuilder (DBStoreBuilder.java:processTables(161)) - Using default column profile:DBProfile.DISK for Table:s3SecretTable
2019-08-29 00:13:02,097 [main] INFO  db.DBStoreBuilder (DBStoreBuilder.java:addTable(110)) - using custom profile for table: prefixTable
2019-08-29 00:13:02,097 [main] INFO  db.DBStoreBuilder (DBStoreBuilder.java:processTables(161)) - Using default column profile:DBProfile.DISK for Table:prefixTable
2019-08-29 00:13:02,097 [main] INFO  db.DBStoreBuilder (DBStoreBuilder.java:addTable(110)) - using custom profile for table: default
2019-08-29 00:13:02,097 [main] INFO  db.DBStoreBuilder (DBStoreBuilder.java:processTables(167)) - Using default column profile:DBProfile.DISK for Table:default
2019-08-29 00:13:02,098 [main] INFO  db.DBStoreBuilder (DBStoreBuilder.java:getDbProfile(198)) - Using default options. DBProfile.DISK
2019-08-29 00:13:02,766 [main] INFO  ipc.CallQueueManager (CallQueueManager.java:<init>(84)) - Using callQueue: class java.util.concurrent.LinkedBlockingQueue, queueCapacity: 2000, scheduler: class org.apache.hadoop.ipc.DefaultRpcScheduler, ipcBackoff: false.
2019-08-29 00:13:02,767 [Socket Reader #1 for port 41014] INFO  ipc.Server (Server.java:run(1074)) - Starting Socket Reader #1 for port 41014
2019-08-29 00:13:02,784 [main] INFO  om.OzoneManager (OzoneManager.java:start(1256)) - OzoneManager RPC server is listening at localhost/127.0.0.1:41014
2019-08-29 00:13:02,784 [main] INFO  impl.MetricsSystemImpl (MetricsSystemImpl.java:init(158)) - OzoneManager metrics system started (again)
2019-08-29 00:13:02,785 [IPC Server Responder] INFO  ipc.Server (Server.java:run(1314)) - IPC Server Responder: starting
2019-08-29 00:13:02,785 [IPC Server listener on 41014] INFO  ipc.Server (Server.java:run(1153)) - IPC Server listener on 41014: starting
2019-08-29 00:13:02,790 [main] INFO  hdfs.DFSUtil (DFSUtil.java:httpServerTemplateForNNAndJN(1641)) - Starting Web-server for ozoneManager at: http://0.0.0.0:0
2019-08-29 00:13:02,792 [main] INFO  server.AuthenticationFilter (AuthenticationFilter.java:constructSecretProvider(240)) - Unable to initialize FileSignerSecretProvider, falling back to use random secrets.
2019-08-29 00:13:02,793 [main] WARN  http.HttpRequestLog (HttpRequestLog.java:getRequestLog(97)) - Jetty request log can only be enabled using Log4j
2019-08-29 00:13:02,795 [main] INFO  http.HttpServer2 (HttpServer2.java:addGlobalFilter(975)) - Added global filter 'safety' (class=org.apache.hadoop.http.HttpServer2$QuotingInputFilter)
2019-08-29 00:13:02,796 [main] INFO  http.HttpServer2 (HttpServer2.java:addFilter(948)) - Added filter static_user_filter (class=org.apache.hadoop.http.lib.StaticUserWebFilter$StaticUserFilter) to context ozoneManager
2019-08-29 00:13:02,796 [main] INFO  http.HttpServer2 (HttpServer2.java:addFilter(958)) - Added filter static_user_filter (class=org.apache.hadoop.http.lib.StaticUserWebFilter$StaticUserFilter) to context logs
2019-08-29 00:13:02,796 [main] INFO  http.HttpServer2 (HttpServer2.java:addFilter(958)) - Added filter static_user_filter (class=org.apache.hadoop.http.lib.StaticUserWebFilter$StaticUserFilter) to context static
2019-08-29 00:13:02,797 [main] INFO  http.HttpServer2 (HttpServer2.java:bindListener(1191)) - Jetty bound to port 41245
2019-08-29 00:13:02,798 [main] INFO  server.Server (Server.java:doStart(351)) - jetty-9.3.24.v20180605, build timestamp: 2018-06-05T17:11:56Z, git hash: 84205aa28f11a4f31f2a3b86d1bba2cc8ab69827
2019-08-29 00:13:02,799 [main] INFO  handler.ContextHandler (ContextHandler.java:doStart(781)) - Started o.e.j.s.ServletContextHandler@2b999ee8{/logs,file:///workdir/hadoop-ozone/integration-test/target/log,AVAILABLE}
2019-08-29 00:13:02,800 [main] INFO  handler.ContextHandler (ContextHandler.java:doStart(781)) - Started o.e.j.s.ServletContextHandler@29bbc391{/static,file:///workdir/hadoop-ozone/integration-test/target/test-classes/webapps/static,AVAILABLE}
2019-08-29 00:13:02,805 [main] INFO  handler.ContextHandler (ContextHandler.java:doStart(781)) - Started o.e.j.w.WebAppContext@2726a511{/,file:///workdir/hadoop-ozone/integration-test/target/test-classes/webapps/ozoneManager/,AVAILABLE}{/ozoneManager}
2019-08-29 00:13:02,806 [main] INFO  server.AbstractConnector (AbstractConnector.java:doStart(278)) - Started ServerConnector@72c9ebfa{HTTP/1.1,[http/1.1]}{0.0.0.0:41245}
2019-08-29 00:13:02,807 [main] INFO  server.Server (Server.java:doStart(419)) - Started @528630ms
2019-08-29 00:13:02,808 [main] INFO  server.BaseHttpServer (BaseHttpServer.java:updateConnectorAddress(226)) - HTTP server of OZONEMANAGER is listening at http://0.0.0.0:41245
2019-08-29 00:13:02,826 [main] INFO  impl.MetricsSystemImpl (MetricsSystemImpl.java:init(158)) - HddsDatanode metrics system started (again)
2019-08-29 00:13:02,828 [main] INFO  ozone.HddsDatanodeService (HddsDatanodeService.java:start(190)) - HddsDatanodeService host:pr-hdds-2053-lkbb5-4073252909 ip:192.168.5.155
2019-08-29 00:13:02,835 [main] INFO  volume.HddsVolume (HddsVolume.java:<init>(176)) - Creating Volume: /workdir/hadoop-ozone/integration-test/target/test-dir/MiniOzoneClusterImpl-3c083a2a-a42b-42af-b78a-3f3e8042569f/datanode-0/data/containers/hdds of  storage type : DISK and capacity : 1482555576320
2019-08-29 00:13:02,835 [main] INFO  volume.VolumeSet (VolumeSet.java:initializeVolumeSet(170)) - Added Volume : /workdir/hadoop-ozone/integration-test/target/test-dir/MiniOzoneClusterImpl-3c083a2a-a42b-42af-b78a-3f3e8042569f/datanode-0/data/containers/hdds to VolumeSet
2019-08-29 00:13:02,836 [main] INFO  volume.ThrottledAsyncChecker (ThrottledAsyncChecker.java:schedule(140)) - Scheduling a check for org.apache.hadoop.ozone.container.common.volume.HddsVolume@5012c571
2019-08-29 00:13:02,836 [main] INFO  volume.HddsVolumeChecker (HddsVolumeChecker.java:checkAllVolumes(203)) - Scheduled health check for volume org.apache.hadoop.ozone.container.common.volume.HddsVolume@5012c571
2019-08-29 00:13:02,853 [main] INFO  impl.RaftServerProxy (ConfUtils.java:logGet(43)) - raft.rpc.type = GRPC (default)
2019-08-29 00:13:02,853 [main] INFO  grpc.GrpcFactory (GrpcFactory.java:checkPooledByteBufAllocatorUseCacheForAllThreads(45)) - PERFORMANCE WARNING: useCacheForAllThreads is true that may cause Netty to create a lot garbage objects and, as a result, trigger GC.
	It is recommended to disable useCacheForAllThreads by setting -Dorg.apache.ratis.thirdparty.io.netty.allocator.useCacheForAllThreads=false in command line.
2019-08-29 00:13:02,853 [main] INFO  grpc.GrpcConfigKeys$Server (ConfUtils.java:logGet(43)) - raft.grpc.server.port = 0 (default)
2019-08-29 00:13:02,853 [main] INFO  server.GrpcService (ConfUtils.java:logGet(43)) - raft.grpc.message.size.max = 33570816 (custom)
2019-08-29 00:13:02,854 [main] INFO  server.RaftServerConfigKeys (ConfUtils.java:logGet(43)) - raft.server.log.appender.buffer.byte-limit = 33554432 (custom)
2019-08-29 00:13:02,854 [main] INFO  server.GrpcService (ConfUtils.java:logGet(43)) - raft.grpc.flow.control.window = 1MB (=1048576) (default)
2019-08-29 00:13:02,854 [main] INFO  server.RaftServerConfigKeys (ConfUtils.java:logGet(43)) - raft.server.rpc.request.timeout = 3000ms (default)
2019-08-29 00:13:02,855 [main] INFO  server.RaftServerConfigKeys (ConfUtils.java:logGet(43)) - raft.server.storage.dir = [/workdir/hadoop-ozone/integration-test/target/test-dir/MiniOzoneClusterImpl-3c083a2a-a42b-42af-b78a-3f3e8042569f/datanode-0/data/ratis] (custom)
2019-08-29 00:13:02,856 [main] INFO  hdfs.DFSUtil (DFSUtil.java:httpServerTemplateForNNAndJN(1641)) - Starting Web-server for hddsDatanode at: http://0.0.0.0:0
2019-08-29 00:13:02,857 [main] INFO  server.AuthenticationFilter (AuthenticationFilter.java:constructSecretProvider(240)) - Unable to initialize FileSignerSecretProvider, falling back to use random secrets.
2019-08-29 00:13:02,858 [main] WARN  http.HttpRequestLog (HttpRequestLog.java:getRequestLog(97)) - Jetty request log can only be enabled using Log4j
2019-08-29 00:13:02,859 [main] INFO  http.HttpServer2 (HttpServer2.java:addGlobalFilter(975)) - Added global filter 'safety' (class=org.apache.hadoop.http.HttpServer2$QuotingInputFilter)
2019-08-29 00:13:02,860 [main] INFO  http.HttpServer2 (HttpServer2.java:addFilter(948)) - Added filter static_user_filter (class=org.apache.hadoop.http.lib.StaticUserWebFilter$StaticUserFilter) to context hddsDatanode
2019-08-29 00:13:02,860 [main] INFO  http.HttpServer2 (HttpServer2.java:addFilter(958)) - Added filter static_user_filter (class=org.apache.hadoop.http.lib.StaticUserWebFilter$StaticUserFilter) to context static
2019-08-29 00:13:02,860 [main] INFO  http.HttpServer2 (HttpServer2.java:addFilter(958)) - Added filter static_user_filter (class=org.apache.hadoop.http.lib.StaticUserWebFilter$StaticUserFilter) to context logs
2019-08-29 00:13:02,861 [main] INFO  http.HttpServer2 (HttpServer2.java:bindListener(1191)) - Jetty bound to port 36504
2019-08-29 00:13:02,861 [main] INFO  server.Server (Server.java:doStart(351)) - jetty-9.3.24.v20180605, build timestamp: 2018-06-05T17:11:56Z, git hash: 84205aa28f11a4f31f2a3b86d1bba2cc8ab69827
2019-08-29 00:13:02,863 [main] INFO  handler.ContextHandler (ContextHandler.java:doStart(781)) - Started o.e.j.s.ServletContextHandler@58d4238e{/logs,file:///workdir/hadoop-ozone/integration-test/target/log,AVAILABLE}
2019-08-29 00:13:02,863 [main] INFO  handler.ContextHandler (ContextHandler.java:doStart(781)) - Started o.e.j.s.ServletContextHandler@36478bce{/static,jar:file:/home/user/.m2/repository/org/apache/hadoop/hadoop-hdds-container-service/0.5.0-SNAPSHOT/hadoop-hdds-container-service-0.5.0-SNAPSHOT.jar!/webapps/static,AVAILABLE}
2019-08-29 00:13:02,895 [main] INFO  handler.ContextHandler (ContextHandler.java:doStart(781)) - Started o.e.j.w.WebAppContext@78b03788{/,file:///tmp/jetty-0.0.0.0-36504-hddsDatanode-_-any-6478029601709193221.dir/webapp/,AVAILABLE}{/hddsDatanode}
2019-08-29 00:13:02,896 [main] INFO  server.AbstractConnector (AbstractConnector.java:doStart(278)) - Started ServerConnector@3f5dfe69{HTTP/1.1,[http/1.1]}{0.0.0.0:36504}
2019-08-29 00:13:02,897 [main] INFO  server.Server (Server.java:doStart(419)) - Started @528720ms
2019-08-29 00:13:02,898 [main] INFO  server.BaseHttpServer (BaseHttpServer.java:updateConnectorAddress(226)) - HTTP server of HDDSDATANODE is listening at http://0.0.0.0:36504
2019-08-29 00:13:02,898 [main] INFO  impl.MetricsSystemImpl (MetricsSystemImpl.java:init(158)) - HddsDatanode metrics system started (again)
2019-08-29 00:13:02,900 [main] INFO  ozone.HddsDatanodeService (HddsDatanodeService.java:start(190)) - HddsDatanodeService host:pr-hdds-2053-lkbb5-4073252909 ip:192.168.5.155
2019-08-29 00:13:02,900 [org.apache.hadoop.util.JvmPauseMonitor$Monitor@4cbaabdc] INFO  util.JvmPauseMonitor (JvmPauseMonitor.java:run(188)) - Starting JVM pause monitor
2019-08-29 00:13:02,902 [Datanode State Machine Thread - 0] INFO  datanode.InitDatanodeState (InitDatanodeState.java:persistContainerDatanodeDetails(140)) - DatanodeDetails is persisted to /workdir/hadoop-ozone/integration-test/target/test-dir/MiniOzoneClusterImpl-3c083a2a-a42b-42af-b78a-3f3e8042569f/datanode-0/meta/datanode.id
2019-08-29 00:13:02,905 [main] INFO  volume.HddsVolume (HddsVolume.java:<init>(176)) - Creating Volume: /workdir/hadoop-ozone/integration-test/target/test-dir/MiniOzoneClusterImpl-3c083a2a-a42b-42af-b78a-3f3e8042569f/datanode-1/data/containers/hdds of  storage type : DISK and capacity : 1482555576320
2019-08-29 00:13:02,906 [main] INFO  volume.VolumeSet (VolumeSet.java:initializeVolumeSet(170)) - Added Volume : /workdir/hadoop-ozone/integration-test/target/test-dir/MiniOzoneClusterImpl-3c083a2a-a42b-42af-b78a-3f3e8042569f/datanode-1/data/containers/hdds to VolumeSet
2019-08-29 00:13:02,906 [main] INFO  volume.ThrottledAsyncChecker (ThrottledAsyncChecker.java:schedule(140)) - Scheduling a check for org.apache.hadoop.ozone.container.common.volume.HddsVolume@a91119b
2019-08-29 00:13:02,906 [main] INFO  volume.HddsVolumeChecker (HddsVolumeChecker.java:checkAllVolumes(203)) - Scheduled health check for volume org.apache.hadoop.ozone.container.common.volume.HddsVolume@a91119b
2019-08-29 00:13:02,919 [main] INFO  impl.RaftServerProxy (ConfUtils.java:logGet(43)) - raft.rpc.type = GRPC (default)
2019-08-29 00:13:02,920 [main] INFO  grpc.GrpcFactory (GrpcFactory.java:checkPooledByteBufAllocatorUseCacheForAllThreads(45)) - PERFORMANCE WARNING: useCacheForAllThreads is true that may cause Netty to create a lot garbage objects and, as a result, trigger GC.
	It is recommended to disable useCacheForAllThreads by setting -Dorg.apache.ratis.thirdparty.io.netty.allocator.useCacheForAllThreads=false in command line.
2019-08-29 00:13:02,920 [main] INFO  grpc.GrpcConfigKeys$Server (ConfUtils.java:logGet(43)) - raft.grpc.server.port = 0 (default)
2019-08-29 00:13:02,920 [main] INFO  server.GrpcService (ConfUtils.java:logGet(43)) - raft.grpc.message.size.max = 33570816 (custom)
2019-08-29 00:13:02,920 [main] INFO  server.RaftServerConfigKeys (ConfUtils.java:logGet(43)) - raft.server.log.appender.buffer.byte-limit = 33554432 (custom)
2019-08-29 00:13:02,920 [main] INFO  server.GrpcService (ConfUtils.java:logGet(43)) - raft.grpc.flow.control.window = 1MB (=1048576) (default)
2019-08-29 00:13:02,921 [main] INFO  server.RaftServerConfigKeys (ConfUtils.java:logGet(43)) - raft.server.rpc.request.timeout = 3000ms (default)
2019-08-29 00:13:02,921 [main] INFO  server.RaftServerConfigKeys (ConfUtils.java:logGet(43)) - raft.server.storage.dir = [/workdir/hadoop-ozone/integration-test/target/test-dir/MiniOzoneClusterImpl-3c083a2a-a42b-42af-b78a-3f3e8042569f/datanode-1/data/ratis] (custom)
2019-08-29 00:13:02,922 [main] INFO  hdfs.DFSUtil (DFSUtil.java:httpServerTemplateForNNAndJN(1641)) - Starting Web-server for hddsDatanode at: http://0.0.0.0:0
2019-08-29 00:13:02,923 [main] INFO  server.AuthenticationFilter (AuthenticationFilter.java:constructSecretProvider(240)) - Unable to initialize FileSignerSecretProvider, falling back to use random secrets.
2019-08-29 00:13:02,924 [main] WARN  http.HttpRequestLog (HttpRequestLog.java:getRequestLog(97)) - Jetty request log can only be enabled using Log4j
2019-08-29 00:13:02,925 [main] INFO  http.HttpServer2 (HttpServer2.java:addGlobalFilter(975)) - Added global filter 'safety' (class=org.apache.hadoop.http.HttpServer2$QuotingInputFilter)
2019-08-29 00:13:02,925 [main] INFO  http.HttpServer2 (HttpServer2.java:addFilter(948)) - Added filter static_user_filter (class=org.apache.hadoop.http.lib.StaticUserWebFilter$StaticUserFilter) to context hddsDatanode
2019-08-29 00:13:02,925 [main] INFO  http.HttpServer2 (HttpServer2.java:addFilter(958)) - Added filter static_user_filter (class=org.apache.hadoop.http.lib.StaticUserWebFilter$StaticUserFilter) to context static
2019-08-29 00:13:02,925 [main] INFO  http.HttpServer2 (HttpServer2.java:addFilter(958)) - Added filter static_user_filter (class=org.apache.hadoop.http.lib.StaticUserWebFilter$StaticUserFilter) to context logs
2019-08-29 00:13:02,926 [main] INFO  http.HttpServer2 (HttpServer2.java:bindListener(1191)) - Jetty bound to port 36484
2019-08-29 00:13:02,926 [main] INFO  server.Server (Server.java:doStart(351)) - jetty-9.3.24.v20180605, build timestamp: 2018-06-05T17:11:56Z, git hash: 84205aa28f11a4f31f2a3b86d1bba2cc8ab69827
2019-08-29 00:13:02,928 [main] INFO  handler.ContextHandler (ContextHandler.java:doStart(781)) - Started o.e.j.s.ServletContextHandler@51e8d066{/logs,file:///workdir/hadoop-ozone/integration-test/target/log,AVAILABLE}
2019-08-29 00:13:02,928 [main] INFO  handler.ContextHandler (ContextHandler.java:doStart(781)) - Started o.e.j.s.ServletContextHandler@27898e13{/static,jar:file:/home/user/.m2/repository/org/apache/hadoop/hadoop-hdds-container-service/0.5.0-SNAPSHOT/hadoop-hdds-container-service-0.5.0-SNAPSHOT.jar!/webapps/static,AVAILABLE}
2019-08-29 00:13:02,955 [main] INFO  handler.ContextHandler (ContextHandler.java:doStart(781)) - Started o.e.j.w.WebAppContext@7781263c{/,file:///tmp/jetty-0.0.0.0-36484-hddsDatanode-_-any-3971792972850669489.dir/webapp/,AVAILABLE}{/hddsDatanode}
2019-08-29 00:13:02,955 [main] INFO  server.AbstractConnector (AbstractConnector.java:doStart(278)) - Started ServerConnector@5fdd97c1{HTTP/1.1,[http/1.1]}{0.0.0.0:36484}
2019-08-29 00:13:02,956 [main] INFO  server.Server (Server.java:doStart(419)) - Started @528779ms
2019-08-29 00:13:02,957 [main] INFO  server.BaseHttpServer (BaseHttpServer.java:updateConnectorAddress(226)) - HTTP server of HDDSDATANODE is listening at http://0.0.0.0:36484
2019-08-29 00:13:02,957 [main] INFO  impl.MetricsSystemImpl (MetricsSystemImpl.java:init(158)) - HddsDatanode metrics system started (again)
2019-08-29 00:13:02,960 [main] INFO  ozone.HddsDatanodeService (HddsDatanodeService.java:start(190)) - HddsDatanodeService host:pr-hdds-2053-lkbb5-4073252909 ip:192.168.5.155
2019-08-29 00:13:02,960 [org.apache.hadoop.util.JvmPauseMonitor$Monitor@9be30f3] INFO  util.JvmPauseMonitor (JvmPauseMonitor.java:run(188)) - Starting JVM pause monitor
2019-08-29 00:13:02,961 [Datanode State Machine Thread - 0] INFO  datanode.InitDatanodeState (InitDatanodeState.java:persistContainerDatanodeDetails(140)) - DatanodeDetails is persisted to /workdir/hadoop-ozone/integration-test/target/test-dir/MiniOzoneClusterImpl-3c083a2a-a42b-42af-b78a-3f3e8042569f/datanode-1/meta/datanode.id
2019-08-29 00:13:02,965 [main] INFO  volume.HddsVolume (HddsVolume.java:<init>(176)) - Creating Volume: /workdir/hadoop-ozone/integration-test/target/test-dir/MiniOzoneClusterImpl-3c083a2a-a42b-42af-b78a-3f3e8042569f/datanode-2/data/containers/hdds of  storage type : DISK and capacity : 1482555576320
2019-08-29 00:13:02,965 [main] INFO  volume.VolumeSet (VolumeSet.java:initializeVolumeSet(170)) - Added Volume : /workdir/hadoop-ozone/integration-test/target/test-dir/MiniOzoneClusterImpl-3c083a2a-a42b-42af-b78a-3f3e8042569f/datanode-2/data/containers/hdds to VolumeSet
2019-08-29 00:13:02,965 [main] INFO  volume.ThrottledAsyncChecker (ThrottledAsyncChecker.java:schedule(140)) - Scheduling a check for org.apache.hadoop.ozone.container.common.volume.HddsVolume@6169be09
2019-08-29 00:13:02,966 [main] INFO  volume.HddsVolumeChecker (HddsVolumeChecker.java:checkAllVolumes(203)) - Scheduled health check for volume org.apache.hadoop.ozone.container.common.volume.HddsVolume@6169be09
2019-08-29 00:13:02,978 [main] INFO  impl.RaftServerProxy (ConfUtils.java:logGet(43)) - raft.rpc.type = GRPC (default)
2019-08-29 00:13:02,979 [main] INFO  grpc.GrpcFactory (GrpcFactory.java:checkPooledByteBufAllocatorUseCacheForAllThreads(45)) - PERFORMANCE WARNING: useCacheForAllThreads is true that may cause Netty to create a lot garbage objects and, as a result, trigger GC.
	It is recommended to disable useCacheForAllThreads by setting -Dorg.apache.ratis.thirdparty.io.netty.allocator.useCacheForAllThreads=false in command line.
2019-08-29 00:13:02,979 [main] INFO  grpc.GrpcConfigKeys$Server (ConfUtils.java:logGet(43)) - raft.grpc.server.port = 0 (default)
2019-08-29 00:13:02,979 [main] INFO  server.GrpcService (ConfUtils.java:logGet(43)) - raft.grpc.message.size.max = 33570816 (custom)
2019-08-29 00:13:02,979 [main] INFO  server.RaftServerConfigKeys (ConfUtils.java:logGet(43)) - raft.server.log.appender.buffer.byte-limit = 33554432 (custom)
2019-08-29 00:13:02,979 [main] INFO  server.GrpcService (ConfUtils.java:logGet(43)) - raft.grpc.flow.control.window = 1MB (=1048576) (default)
2019-08-29 00:13:02,980 [main] INFO  server.RaftServerConfigKeys (ConfUtils.java:logGet(43)) - raft.server.rpc.request.timeout = 3000ms (default)
2019-08-29 00:13:02,980 [main] INFO  server.RaftServerConfigKeys (ConfUtils.java:logGet(43)) - raft.server.storage.dir = [/workdir/hadoop-ozone/integration-test/target/test-dir/MiniOzoneClusterImpl-3c083a2a-a42b-42af-b78a-3f3e8042569f/datanode-2/data/ratis] (custom)
2019-08-29 00:13:02,981 [main] INFO  hdfs.DFSUtil (DFSUtil.java:httpServerTemplateForNNAndJN(1641)) - Starting Web-server for hddsDatanode at: http://0.0.0.0:0
2019-08-29 00:13:02,982 [main] INFO  server.AuthenticationFilter (AuthenticationFilter.java:constructSecretProvider(240)) - Unable to initialize FileSignerSecretProvider, falling back to use random secrets.
2019-08-29 00:13:02,983 [main] WARN  http.HttpRequestLog (HttpRequestLog.java:getRequestLog(97)) - Jetty request log can only be enabled using Log4j
2019-08-29 00:13:02,984 [main] INFO  http.HttpServer2 (HttpServer2.java:addGlobalFilter(975)) - Added global filter 'safety' (class=org.apache.hadoop.http.HttpServer2$QuotingInputFilter)
2019-08-29 00:13:02,984 [main] INFO  http.HttpServer2 (HttpServer2.java:addFilter(948)) - Added filter static_user_filter (class=org.apache.hadoop.http.lib.StaticUserWebFilter$StaticUserFilter) to context hddsDatanode
2019-08-29 00:13:02,985 [main] INFO  http.HttpServer2 (HttpServer2.java:addFilter(958)) - Added filter static_user_filter (class=org.apache.hadoop.http.lib.StaticUserWebFilter$StaticUserFilter) to context logs
2019-08-29 00:13:02,985 [main] INFO  http.HttpServer2 (HttpServer2.java:addFilter(958)) - Added filter static_user_filter (class=org.apache.hadoop.http.lib.StaticUserWebFilter$StaticUserFilter) to context static
2019-08-29 00:13:02,985 [main] INFO  http.HttpServer2 (HttpServer2.java:bindListener(1191)) - Jetty bound to port 40204
2019-08-29 00:13:02,985 [main] INFO  server.Server (Server.java:doStart(351)) - jetty-9.3.24.v20180605, build timestamp: 2018-06-05T17:11:56Z, git hash: 84205aa28f11a4f31f2a3b86d1bba2cc8ab69827
2019-08-29 00:13:02,987 [main] INFO  handler.ContextHandler (ContextHandler.java:doStart(781)) - Started o.e.j.s.ServletContextHandler@7b9e25bd{/logs,file:///workdir/hadoop-ozone/integration-test/target/log,AVAILABLE}
2019-08-29 00:13:02,987 [main] INFO  handler.ContextHandler (ContextHandler.java:doStart(781)) - Started o.e.j.s.ServletContextHandler@37e7c4cc{/static,jar:file:/home/user/.m2/repository/org/apache/hadoop/hadoop-hdds-container-service/0.5.0-SNAPSHOT/hadoop-hdds-container-service-0.5.0-SNAPSHOT.jar!/webapps/static,AVAILABLE}
2019-08-29 00:13:03,014 [main] INFO  handler.ContextHandler (ContextHandler.java:doStart(781)) - Started o.e.j.w.WebAppContext@34c76167{/,file:///tmp/jetty-0.0.0.0-40204-hddsDatanode-_-any-7772074978749439045.dir/webapp/,AVAILABLE}{/hddsDatanode}
2019-08-29 00:13:03,014 [main] INFO  server.AbstractConnector (AbstractConnector.java:doStart(278)) - Started ServerConnector@30b3d899{HTTP/1.1,[http/1.1]}{0.0.0.0:40204}
2019-08-29 00:13:03,015 [main] INFO  server.Server (Server.java:doStart(419)) - Started @528837ms
2019-08-29 00:13:03,016 [main] INFO  server.BaseHttpServer (BaseHttpServer.java:updateConnectorAddress(226)) - HTTP server of HDDSDATANODE is listening at http://0.0.0.0:40204
2019-08-29 00:13:03,016 [main] INFO  impl.MetricsSystemImpl (MetricsSystemImpl.java:init(158)) - HddsDatanode metrics system started (again)
2019-08-29 00:13:03,019 [main] INFO  ozone.HddsDatanodeService (HddsDatanodeService.java:start(190)) - HddsDatanodeService host:pr-hdds-2053-lkbb5-4073252909 ip:192.168.5.155
2019-08-29 00:13:03,019 [org.apache.hadoop.util.JvmPauseMonitor$Monitor@5e51d18f] INFO  util.JvmPauseMonitor (JvmPauseMonitor.java:run(188)) - Starting JVM pause monitor
2019-08-29 00:13:03,020 [Datanode State Machine Thread - 0] INFO  datanode.InitDatanodeState (InitDatanodeState.java:persistContainerDatanodeDetails(140)) - DatanodeDetails is persisted to /workdir/hadoop-ozone/integration-test/target/test-dir/MiniOzoneClusterImpl-3c083a2a-a42b-42af-b78a-3f3e8042569f/datanode-2/meta/datanode.id
2019-08-29 00:13:03,024 [main] INFO  volume.HddsVolume (HddsVolume.java:<init>(176)) - Creating Volume: /workdir/hadoop-ozone/integration-test/target/test-dir/MiniOzoneClusterImpl-3c083a2a-a42b-42af-b78a-3f3e8042569f/datanode-3/data/containers/hdds of  storage type : DISK and capacity : 1482555576320
2019-08-29 00:13:03,025 [main] INFO  volume.VolumeSet (VolumeSet.java:initializeVolumeSet(170)) - Added Volume : /workdir/hadoop-ozone/integration-test/target/test-dir/MiniOzoneClusterImpl-3c083a2a-a42b-42af-b78a-3f3e8042569f/datanode-3/data/containers/hdds to VolumeSet
2019-08-29 00:13:03,025 [main] INFO  volume.ThrottledAsyncChecker (ThrottledAsyncChecker.java:schedule(140)) - Scheduling a check for org.apache.hadoop.ozone.container.common.volume.HddsVolume@ceb7701
2019-08-29 00:13:03,025 [main] INFO  volume.HddsVolumeChecker (HddsVolumeChecker.java:checkAllVolumes(203)) - Scheduled health check for volume org.apache.hadoop.ozone.container.common.volume.HddsVolume@ceb7701
2019-08-29 00:13:03,038 [main] INFO  impl.RaftServerProxy (ConfUtils.java:logGet(43)) - raft.rpc.type = GRPC (default)
2019-08-29 00:13:03,038 [main] INFO  grpc.GrpcFactory (GrpcFactory.java:checkPooledByteBufAllocatorUseCacheForAllThreads(45)) - PERFORMANCE WARNING: useCacheForAllThreads is true that may cause Netty to create a lot garbage objects and, as a result, trigger GC.
	It is recommended to disable useCacheForAllThreads by setting -Dorg.apache.ratis.thirdparty.io.netty.allocator.useCacheForAllThreads=false in command line.
2019-08-29 00:13:03,038 [main] INFO  grpc.GrpcConfigKeys$Server (ConfUtils.java:logGet(43)) - raft.grpc.server.port = 0 (default)
2019-08-29 00:13:03,038 [main] INFO  server.GrpcService (ConfUtils.java:logGet(43)) - raft.grpc.message.size.max = 33570816 (custom)
2019-08-29 00:13:03,039 [main] INFO  server.RaftServerConfigKeys (ConfUtils.java:logGet(43)) - raft.server.log.appender.buffer.byte-limit = 33554432 (custom)
2019-08-29 00:13:03,039 [main] INFO  server.GrpcService (ConfUtils.java:logGet(43)) - raft.grpc.flow.control.window = 1MB (=1048576) (default)
2019-08-29 00:13:03,039 [main] INFO  server.RaftServerConfigKeys (ConfUtils.java:logGet(43)) - raft.server.rpc.request.timeout = 3000ms (default)
2019-08-29 00:13:03,039 [main] INFO  server.RaftServerConfigKeys (ConfUtils.java:logGet(43)) - raft.server.storage.dir = [/workdir/hadoop-ozone/integration-test/target/test-dir/MiniOzoneClusterImpl-3c083a2a-a42b-42af-b78a-3f3e8042569f/datanode-3/data/ratis] (custom)
2019-08-29 00:13:03,041 [main] INFO  hdfs.DFSUtil (DFSUtil.java:httpServerTemplateForNNAndJN(1641)) - Starting Web-server for hddsDatanode at: http://0.0.0.0:0
2019-08-29 00:13:03,042 [main] INFO  server.AuthenticationFilter (AuthenticationFilter.java:constructSecretProvider(240)) - Unable to initialize FileSignerSecretProvider, falling back to use random secrets.
2019-08-29 00:13:03,042 [main] WARN  http.HttpRequestLog (HttpRequestLog.java:getRequestLog(97)) - Jetty request log can only be enabled using Log4j
2019-08-29 00:13:03,043 [main] INFO  http.HttpServer2 (HttpServer2.java:addGlobalFilter(975)) - Added global filter 'safety' (class=org.apache.hadoop.http.HttpServer2$QuotingInputFilter)
2019-08-29 00:13:03,044 [main] INFO  http.HttpServer2 (HttpServer2.java:addFilter(948)) - Added filter static_user_filter (class=org.apache.hadoop.http.lib.StaticUserWebFilter$StaticUserFilter) to context hddsDatanode
2019-08-29 00:13:03,044 [main] INFO  http.HttpServer2 (HttpServer2.java:addFilter(958)) - Added filter static_user_filter (class=org.apache.hadoop.http.lib.StaticUserWebFilter$StaticUserFilter) to context static
2019-08-29 00:13:03,044 [main] INFO  http.HttpServer2 (HttpServer2.java:addFilter(958)) - Added filter static_user_filter (class=org.apache.hadoop.http.lib.StaticUserWebFilter$StaticUserFilter) to context logs
2019-08-29 00:13:03,045 [main] INFO  http.HttpServer2 (HttpServer2.java:bindListener(1191)) - Jetty bound to port 44528
2019-08-29 00:13:03,045 [main] INFO  server.Server (Server.java:doStart(351)) - jetty-9.3.24.v20180605, build timestamp: 2018-06-05T17:11:56Z, git hash: 84205aa28f11a4f31f2a3b86d1bba2cc8ab69827
2019-08-29 00:13:03,046 [main] INFO  handler.ContextHandler (ContextHandler.java:doStart(781)) - Started o.e.j.s.ServletContextHandler@61b60600{/logs,file:///workdir/hadoop-ozone/integration-test/target/log,AVAILABLE}
2019-08-29 00:13:03,047 [main] INFO  handler.ContextHandler (ContextHandler.java:doStart(781)) - Started o.e.j.s.ServletContextHandler@340afaf8{/static,jar:file:/home/user/.m2/repository/org/apache/hadoop/hadoop-hdds-container-service/0.5.0-SNAPSHOT/hadoop-hdds-container-service-0.5.0-SNAPSHOT.jar!/webapps/static,AVAILABLE}
2019-08-29 00:13:03,073 [main] INFO  handler.ContextHandler (ContextHandler.java:doStart(781)) - Started o.e.j.w.WebAppContext@26b3c9a2{/,file:///tmp/jetty-0.0.0.0-44528-hddsDatanode-_-any-4214267150706362805.dir/webapp/,AVAILABLE}{/hddsDatanode}
2019-08-29 00:13:03,073 [main] INFO  server.AbstractConnector (AbstractConnector.java:doStart(278)) - Started ServerConnector@241b971f{HTTP/1.1,[http/1.1]}{0.0.0.0:44528}
2019-08-29 00:13:03,075 [main] INFO  server.Server (Server.java:doStart(419)) - Started @528897ms
2019-08-29 00:13:03,076 [main] INFO  server.BaseHttpServer (BaseHttpServer.java:updateConnectorAddress(226)) - HTTP server of HDDSDATANODE is listening at http://0.0.0.0:44528
2019-08-29 00:13:03,076 [main] INFO  impl.MetricsSystemImpl (MetricsSystemImpl.java:init(158)) - HddsDatanode metrics system started (again)
2019-08-29 00:13:03,078 [org.apache.hadoop.util.JvmPauseMonitor$Monitor@1b129f70] INFO  util.JvmPauseMonitor (JvmPauseMonitor.java:run(188)) - Starting JVM pause monitor
2019-08-29 00:13:03,079 [main] INFO  ozone.HddsDatanodeService (HddsDatanodeService.java:start(190)) - HddsDatanodeService host:pr-hdds-2053-lkbb5-4073252909 ip:192.168.5.155
2019-08-29 00:13:03,080 [Datanode State Machine Thread - 0] INFO  datanode.InitDatanodeState (InitDatanodeState.java:persistContainerDatanodeDetails(140)) - DatanodeDetails is persisted to /workdir/hadoop-ozone/integration-test/target/test-dir/MiniOzoneClusterImpl-3c083a2a-a42b-42af-b78a-3f3e8042569f/datanode-3/meta/datanode.id
2019-08-29 00:13:03,085 [main] INFO  volume.HddsVolume (HddsVolume.java:<init>(176)) - Creating Volume: /workdir/hadoop-ozone/integration-test/target/test-dir/MiniOzoneClusterImpl-3c083a2a-a42b-42af-b78a-3f3e8042569f/datanode-4/data/containers/hdds of  storage type : DISK and capacity : 1482555576320
2019-08-29 00:13:03,085 [main] INFO  volume.VolumeSet (VolumeSet.java:initializeVolumeSet(170)) - Added Volume : /workdir/hadoop-ozone/integration-test/target/test-dir/MiniOzoneClusterImpl-3c083a2a-a42b-42af-b78a-3f3e8042569f/datanode-4/data/containers/hdds to VolumeSet
2019-08-29 00:13:03,085 [main] INFO  volume.ThrottledAsyncChecker (ThrottledAsyncChecker.java:schedule(140)) - Scheduling a check for org.apache.hadoop.ozone.container.common.volume.HddsVolume@9b367c8
2019-08-29 00:13:03,086 [main] INFO  volume.HddsVolumeChecker (HddsVolumeChecker.java:checkAllVolumes(203)) - Scheduled health check for volume org.apache.hadoop.ozone.container.common.volume.HddsVolume@9b367c8
2019-08-29 00:13:03,098 [main] INFO  impl.RaftServerProxy (ConfUtils.java:logGet(43)) - raft.rpc.type = GRPC (default)
2019-08-29 00:13:03,098 [main] INFO  grpc.GrpcFactory (GrpcFactory.java:checkPooledByteBufAllocatorUseCacheForAllThreads(45)) - PERFORMANCE WARNING: useCacheForAllThreads is true that may cause Netty to create a lot garbage objects and, as a result, trigger GC.
	It is recommended to disable useCacheForAllThreads by setting -Dorg.apache.ratis.thirdparty.io.netty.allocator.useCacheForAllThreads=false in command line.
2019-08-29 00:13:03,098 [main] INFO  grpc.GrpcConfigKeys$Server (ConfUtils.java:logGet(43)) - raft.grpc.server.port = 0 (default)
2019-08-29 00:13:03,099 [main] INFO  server.GrpcService (ConfUtils.java:logGet(43)) - raft.grpc.message.size.max = 33570816 (custom)
2019-08-29 00:13:03,099 [main] INFO  server.RaftServerConfigKeys (ConfUtils.java:logGet(43)) - raft.server.log.appender.buffer.byte-limit = 33554432 (custom)
2019-08-29 00:13:03,099 [main] INFO  server.GrpcService (ConfUtils.java:logGet(43)) - raft.grpc.flow.control.window = 1MB (=1048576) (default)
2019-08-29 00:13:03,099 [main] INFO  server.RaftServerConfigKeys (ConfUtils.java:logGet(43)) - raft.server.rpc.request.timeout = 3000ms (default)
2019-08-29 00:13:03,100 [main] INFO  server.RaftServerConfigKeys (ConfUtils.java:logGet(43)) - raft.server.storage.dir = [/workdir/hadoop-ozone/integration-test/target/test-dir/MiniOzoneClusterImpl-3c083a2a-a42b-42af-b78a-3f3e8042569f/datanode-4/data/ratis] (custom)
2019-08-29 00:13:03,101 [main] INFO  hdfs.DFSUtil (DFSUtil.java:httpServerTemplateForNNAndJN(1641)) - Starting Web-server for hddsDatanode at: http://0.0.0.0:0
2019-08-29 00:13:03,102 [main] INFO  server.AuthenticationFilter (AuthenticationFilter.java:constructSecretProvider(240)) - Unable to initialize FileSignerSecretProvider, falling back to use random secrets.
2019-08-29 00:13:03,103 [main] WARN  http.HttpRequestLog (HttpRequestLog.java:getRequestLog(97)) - Jetty request log can only be enabled using Log4j
2019-08-29 00:13:03,104 [main] INFO  http.HttpServer2 (HttpServer2.java:addGlobalFilter(975)) - Added global filter 'safety' (class=org.apache.hadoop.http.HttpServer2$QuotingInputFilter)
2019-08-29 00:13:03,104 [main] INFO  http.HttpServer2 (HttpServer2.java:addFilter(948)) - Added filter static_user_filter (class=org.apache.hadoop.http.lib.StaticUserWebFilter$StaticUserFilter) to context hddsDatanode
2019-08-29 00:13:03,104 [main] INFO  http.HttpServer2 (HttpServer2.java:addFilter(958)) - Added filter static_user_filter (class=org.apache.hadoop.http.lib.StaticUserWebFilter$StaticUserFilter) to context static
2019-08-29 00:13:03,104 [main] INFO  http.HttpServer2 (HttpServer2.java:addFilter(958)) - Added filter static_user_filter (class=org.apache.hadoop.http.lib.StaticUserWebFilter$StaticUserFilter) to context logs
2019-08-29 00:13:03,105 [main] INFO  http.HttpServer2 (HttpServer2.java:bindListener(1191)) - Jetty bound to port 41004
2019-08-29 00:13:03,105 [main] INFO  server.Server (Server.java:doStart(351)) - jetty-9.3.24.v20180605, build timestamp: 2018-06-05T17:11:56Z, git hash: 84205aa28f11a4f31f2a3b86d1bba2cc8ab69827
2019-08-29 00:13:03,107 [main] INFO  handler.ContextHandler (ContextHandler.java:doStart(781)) - Started o.e.j.s.ServletContextHandler@403364e9{/logs,file:///workdir/hadoop-ozone/integration-test/target/log,AVAILABLE}
2019-08-29 00:13:03,107 [main] INFO  handler.ContextHandler (ContextHandler.java:doStart(781)) - Started o.e.j.s.ServletContextHandler@2fde9469{/static,jar:file:/home/user/.m2/repository/org/apache/hadoop/hadoop-hdds-container-service/0.5.0-SNAPSHOT/hadoop-hdds-container-service-0.5.0-SNAPSHOT.jar!/webapps/static,AVAILABLE}
2019-08-29 00:13:03,134 [main] INFO  handler.ContextHandler (ContextHandler.java:doStart(781)) - Started o.e.j.w.WebAppContext@34f7b44f{/,file:///tmp/jetty-0.0.0.0-41004-hddsDatanode-_-any-4910023389058776826.dir/webapp/,AVAILABLE}{/hddsDatanode}
2019-08-29 00:13:03,134 [main] INFO  server.AbstractConnector (AbstractConnector.java:doStart(278)) - Started ServerConnector@5403907{HTTP/1.1,[http/1.1]}{0.0.0.0:41004}
2019-08-29 00:13:03,135 [main] INFO  server.Server (Server.java:doStart(419)) - Started @528958ms
2019-08-29 00:13:03,136 [main] INFO  server.BaseHttpServer (BaseHttpServer.java:updateConnectorAddress(226)) - HTTP server of HDDSDATANODE is listening at http://0.0.0.0:41004
2019-08-29 00:13:03,137 [main] INFO  impl.MetricsSystemImpl (MetricsSystemImpl.java:init(158)) - HddsDatanode metrics system started (again)
2019-08-29 00:13:03,140 [org.apache.hadoop.util.JvmPauseMonitor$Monitor@23993c8a] INFO  util.JvmPauseMonitor (JvmPauseMonitor.java:run(188)) - Starting JVM pause monitor
2019-08-29 00:13:03,140 [main] INFO  ozone.HddsDatanodeService (HddsDatanodeService.java:start(190)) - HddsDatanodeService host:pr-hdds-2053-lkbb5-4073252909 ip:192.168.5.155
2019-08-29 00:13:03,140 [Datanode State Machine Thread - 0] INFO  datanode.InitDatanodeState (InitDatanodeState.java:persistContainerDatanodeDetails(140)) - DatanodeDetails is persisted to /workdir/hadoop-ozone/integration-test/target/test-dir/MiniOzoneClusterImpl-3c083a2a-a42b-42af-b78a-3f3e8042569f/datanode-4/meta/datanode.id
2019-08-29 00:13:03,145 [main] INFO  volume.HddsVolume (HddsVolume.java:<init>(176)) - Creating Volume: /workdir/hadoop-ozone/integration-test/target/test-dir/MiniOzoneClusterImpl-3c083a2a-a42b-42af-b78a-3f3e8042569f/datanode-5/data/containers/hdds of  storage type : DISK and capacity : 1482555576320
2019-08-29 00:13:03,145 [main] INFO  volume.VolumeSet (VolumeSet.java:initializeVolumeSet(170)) - Added Volume : /workdir/hadoop-ozone/integration-test/target/test-dir/MiniOzoneClusterImpl-3c083a2a-a42b-42af-b78a-3f3e8042569f/datanode-5/data/containers/hdds to VolumeSet
2019-08-29 00:13:03,146 [main] INFO  volume.ThrottledAsyncChecker (ThrottledAsyncChecker.java:schedule(140)) - Scheduling a check for org.apache.hadoop.ozone.container.common.volume.HddsVolume@7d50f2a8
2019-08-29 00:13:03,146 [main] INFO  volume.HddsVolumeChecker (HddsVolumeChecker.java:checkAllVolumes(203)) - Scheduled health check for volume org.apache.hadoop.ozone.container.common.volume.HddsVolume@7d50f2a8
2019-08-29 00:13:03,159 [main] INFO  impl.RaftServerProxy (ConfUtils.java:logGet(43)) - raft.rpc.type = GRPC (default)
2019-08-29 00:13:03,159 [main] INFO  grpc.GrpcFactory (GrpcFactory.java:checkPooledByteBufAllocatorUseCacheForAllThreads(45)) - PERFORMANCE WARNING: useCacheForAllThreads is true that may cause Netty to create a lot garbage objects and, as a result, trigger GC.
	It is recommended to disable useCacheForAllThreads by setting -Dorg.apache.ratis.thirdparty.io.netty.allocator.useCacheForAllThreads=false in command line.
2019-08-29 00:13:03,160 [main] INFO  grpc.GrpcConfigKeys$Server (ConfUtils.java:logGet(43)) - raft.grpc.server.port = 0 (default)
2019-08-29 00:13:03,160 [main] INFO  server.GrpcService (ConfUtils.java:logGet(43)) - raft.grpc.message.size.max = 33570816 (custom)
2019-08-29 00:13:03,160 [main] INFO  server.RaftServerConfigKeys (ConfUtils.java:logGet(43)) - raft.server.log.appender.buffer.byte-limit = 33554432 (custom)
2019-08-29 00:13:03,160 [main] INFO  server.GrpcService (ConfUtils.java:logGet(43)) - raft.grpc.flow.control.window = 1MB (=1048576) (default)
2019-08-29 00:13:03,160 [main] INFO  server.RaftServerConfigKeys (ConfUtils.java:logGet(43)) - raft.server.rpc.request.timeout = 3000ms (default)
2019-08-29 00:13:03,161 [main] INFO  server.RaftServerConfigKeys (ConfUtils.java:logGet(43)) - raft.server.storage.dir = [/workdir/hadoop-ozone/integration-test/target/test-dir/MiniOzoneClusterImpl-3c083a2a-a42b-42af-b78a-3f3e8042569f/datanode-5/data/ratis] (custom)
2019-08-29 00:13:03,162 [main] INFO  hdfs.DFSUtil (DFSUtil.java:httpServerTemplateForNNAndJN(1641)) - Starting Web-server for hddsDatanode at: http://0.0.0.0:0
2019-08-29 00:13:03,163 [main] INFO  server.AuthenticationFilter (AuthenticationFilter.java:constructSecretProvider(240)) - Unable to initialize FileSignerSecretProvider, falling back to use random secrets.
2019-08-29 00:13:03,164 [main] WARN  http.HttpRequestLog (HttpRequestLog.java:getRequestLog(97)) - Jetty request log can only be enabled using Log4j
2019-08-29 00:13:03,165 [main] INFO  http.HttpServer2 (HttpServer2.java:addGlobalFilter(975)) - Added global filter 'safety' (class=org.apache.hadoop.http.HttpServer2$QuotingInputFilter)
2019-08-29 00:13:03,165 [main] INFO  http.HttpServer2 (HttpServer2.java:addFilter(948)) - Added filter static_user_filter (class=org.apache.hadoop.http.lib.StaticUserWebFilter$StaticUserFilter) to context hddsDatanode
2019-08-29 00:13:03,165 [main] INFO  http.HttpServer2 (HttpServer2.java:addFilter(958)) - Added filter static_user_filter (class=org.apache.hadoop.http.lib.StaticUserWebFilter$StaticUserFilter) to context logs
2019-08-29 00:13:03,166 [main] INFO  http.HttpServer2 (HttpServer2.java:addFilter(958)) - Added filter static_user_filter (class=org.apache.hadoop.http.lib.StaticUserWebFilter$StaticUserFilter) to context static
2019-08-29 00:13:03,166 [main] INFO  http.HttpServer2 (HttpServer2.java:bindListener(1191)) - Jetty bound to port 43467
2019-08-29 00:13:03,166 [main] INFO  server.Server (Server.java:doStart(351)) - jetty-9.3.24.v20180605, build timestamp: 2018-06-05T17:11:56Z, git hash: 84205aa28f11a4f31f2a3b86d1bba2cc8ab69827
2019-08-29 00:13:03,168 [main] INFO  handler.ContextHandler (ContextHandler.java:doStart(781)) - Started o.e.j.s.ServletContextHandler@7af327e3{/logs,file:///workdir/hadoop-ozone/integration-test/target/log,AVAILABLE}
2019-08-29 00:13:03,168 [main] INFO  handler.ContextHandler (ContextHandler.java:doStart(781)) - Started o.e.j.s.ServletContextHandler@35563e4c{/static,jar:file:/home/user/.m2/repository/org/apache/hadoop/hadoop-hdds-container-service/0.5.0-SNAPSHOT/hadoop-hdds-container-service-0.5.0-SNAPSHOT.jar!/webapps/static,AVAILABLE}
2019-08-29 00:13:03,195 [main] INFO  handler.ContextHandler (ContextHandler.java:doStart(781)) - Started o.e.j.w.WebAppContext@4f811029{/,file:///tmp/jetty-0.0.0.0-43467-hddsDatanode-_-any-5840879738511637479.dir/webapp/,AVAILABLE}{/hddsDatanode}
2019-08-29 00:13:03,195 [main] INFO  server.AbstractConnector (AbstractConnector.java:doStart(278)) - Started ServerConnector@7f2b584b{HTTP/1.1,[http/1.1]}{0.0.0.0:43467}
2019-08-29 00:13:03,197 [main] INFO  server.Server (Server.java:doStart(419)) - Started @529020ms
2019-08-29 00:13:03,198 [main] INFO  server.BaseHttpServer (BaseHttpServer.java:updateConnectorAddress(226)) - HTTP server of HDDSDATANODE is listening at http://0.0.0.0:43467
2019-08-29 00:13:03,198 [main] INFO  impl.MetricsSystemImpl (MetricsSystemImpl.java:init(158)) - HddsDatanode metrics system started (again)
2019-08-29 00:13:03,201 [main] INFO  ozone.HddsDatanodeService (HddsDatanodeService.java:start(190)) - HddsDatanodeService host:pr-hdds-2053-lkbb5-4073252909 ip:192.168.5.155
2019-08-29 00:13:03,201 [org.apache.hadoop.util.JvmPauseMonitor$Monitor@50da11b9] INFO  util.JvmPauseMonitor (JvmPauseMonitor.java:run(188)) - Starting JVM pause monitor
2019-08-29 00:13:03,202 [Datanode State Machine Thread - 0] INFO  datanode.InitDatanodeState (InitDatanodeState.java:persistContainerDatanodeDetails(140)) - DatanodeDetails is persisted to /workdir/hadoop-ozone/integration-test/target/test-dir/MiniOzoneClusterImpl-3c083a2a-a42b-42af-b78a-3f3e8042569f/datanode-5/meta/datanode.id
2019-08-29 00:13:03,207 [main] INFO  volume.HddsVolume (HddsVolume.java:<init>(176)) - Creating Volume: /workdir/hadoop-ozone/integration-test/target/test-dir/MiniOzoneClusterImpl-3c083a2a-a42b-42af-b78a-3f3e8042569f/datanode-6/data/containers/hdds of  storage type : DISK and capacity : 1482555576320
2019-08-29 00:13:03,207 [main] INFO  volume.VolumeSet (VolumeSet.java:initializeVolumeSet(170)) - Added Volume : /workdir/hadoop-ozone/integration-test/target/test-dir/MiniOzoneClusterImpl-3c083a2a-a42b-42af-b78a-3f3e8042569f/datanode-6/data/containers/hdds to VolumeSet
2019-08-29 00:13:03,208 [main] INFO  volume.ThrottledAsyncChecker (ThrottledAsyncChecker.java:schedule(140)) - Scheduling a check for org.apache.hadoop.ozone.container.common.volume.HddsVolume@3bbb8c16
2019-08-29 00:13:03,208 [main] INFO  volume.HddsVolumeChecker (HddsVolumeChecker.java:checkAllVolumes(203)) - Scheduled health check for volume org.apache.hadoop.ozone.container.common.volume.HddsVolume@3bbb8c16
2019-08-29 00:13:03,221 [main] INFO  impl.RaftServerProxy (ConfUtils.java:logGet(43)) - raft.rpc.type = GRPC (default)
2019-08-29 00:13:03,221 [main] INFO  grpc.GrpcFactory (GrpcFactory.java:checkPooledByteBufAllocatorUseCacheForAllThreads(45)) - PERFORMANCE WARNING: useCacheForAllThreads is true that may cause Netty to create a lot garbage objects and, as a result, trigger GC.
	It is recommended to disable useCacheForAllThreads by setting -Dorg.apache.ratis.thirdparty.io.netty.allocator.useCacheForAllThreads=false in command line.
2019-08-29 00:13:03,221 [main] INFO  grpc.GrpcConfigKeys$Server (ConfUtils.java:logGet(43)) - raft.grpc.server.port = 0 (default)
2019-08-29 00:13:03,222 [main] INFO  server.GrpcService (ConfUtils.java:logGet(43)) - raft.grpc.message.size.max = 33570816 (custom)
2019-08-29 00:13:03,222 [main] INFO  server.RaftServerConfigKeys (ConfUtils.java:logGet(43)) - raft.server.log.appender.buffer.byte-limit = 33554432 (custom)
2019-08-29 00:13:03,222 [main] INFO  server.GrpcService (ConfUtils.java:logGet(43)) - raft.grpc.flow.control.window = 1MB (=1048576) (default)
2019-08-29 00:13:03,222 [main] INFO  server.RaftServerConfigKeys (ConfUtils.java:logGet(43)) - raft.server.rpc.request.timeout = 3000ms (default)
2019-08-29 00:13:03,223 [main] INFO  server.RaftServerConfigKeys (ConfUtils.java:logGet(43)) - raft.server.storage.dir = [/workdir/hadoop-ozone/integration-test/target/test-dir/MiniOzoneClusterImpl-3c083a2a-a42b-42af-b78a-3f3e8042569f/datanode-6/data/ratis] (custom)
2019-08-29 00:13:03,224 [main] INFO  hdfs.DFSUtil (DFSUtil.java:httpServerTemplateForNNAndJN(1641)) - Starting Web-server for hddsDatanode at: http://0.0.0.0:0
2019-08-29 00:13:03,225 [main] INFO  server.AuthenticationFilter (AuthenticationFilter.java:constructSecretProvider(240)) - Unable to initialize FileSignerSecretProvider, falling back to use random secrets.
2019-08-29 00:13:03,225 [main] WARN  http.HttpRequestLog (HttpRequestLog.java:getRequestLog(97)) - Jetty request log can only be enabled using Log4j
2019-08-29 00:13:03,226 [main] INFO  http.HttpServer2 (HttpServer2.java:addGlobalFilter(975)) - Added global filter 'safety' (class=org.apache.hadoop.http.HttpServer2$QuotingInputFilter)
2019-08-29 00:13:03,227 [main] INFO  http.HttpServer2 (HttpServer2.java:addFilter(948)) - Added filter static_user_filter (class=org.apache.hadoop.http.lib.StaticUserWebFilter$StaticUserFilter) to context hddsDatanode
2019-08-29 00:13:03,227 [main] INFO  http.HttpServer2 (HttpServer2.java:addFilter(958)) - Added filter static_user_filter (class=org.apache.hadoop.http.lib.StaticUserWebFilter$StaticUserFilter) to context static
2019-08-29 00:13:03,227 [main] INFO  http.HttpServer2 (HttpServer2.java:addFilter(958)) - Added filter static_user_filter (class=org.apache.hadoop.http.lib.StaticUserWebFilter$StaticUserFilter) to context logs
2019-08-29 00:13:03,228 [main] INFO  http.HttpServer2 (HttpServer2.java:bindListener(1191)) - Jetty bound to port 38371
2019-08-29 00:13:03,228 [main] INFO  server.Server (Server.java:doStart(351)) - jetty-9.3.24.v20180605, build timestamp: 2018-06-05T17:11:56Z, git hash: 84205aa28f11a4f31f2a3b86d1bba2cc8ab69827
2019-08-29 00:13:03,229 [main] INFO  handler.ContextHandler (ContextHandler.java:doStart(781)) - Started o.e.j.s.ServletContextHandler@4703c998{/logs,file:///workdir/hadoop-ozone/integration-test/target/log,AVAILABLE}
2019-08-29 00:13:03,230 [main] INFO  handler.ContextHandler (ContextHandler.java:doStart(781)) - Started o.e.j.s.ServletContextHandler@6d874695{/static,jar:file:/home/user/.m2/repository/org/apache/hadoop/hadoop-hdds-container-service/0.5.0-SNAPSHOT/hadoop-hdds-container-service-0.5.0-SNAPSHOT.jar!/webapps/static,AVAILABLE}
2019-08-29 00:13:03,256 [main] INFO  handler.ContextHandler (ContextHandler.java:doStart(781)) - Started o.e.j.w.WebAppContext@5fb5ad40{/,file:///tmp/jetty-0.0.0.0-38371-hddsDatanode-_-any-5816906125059682013.dir/webapp/,AVAILABLE}{/hddsDatanode}
2019-08-29 00:13:03,257 [main] INFO  server.AbstractConnector (AbstractConnector.java:doStart(278)) - Started ServerConnector@615439f7{HTTP/1.1,[http/1.1]}{0.0.0.0:38371}
2019-08-29 00:13:03,264 [main] INFO  server.Server (Server.java:doStart(419)) - Started @529087ms
2019-08-29 00:13:03,265 [main] INFO  server.BaseHttpServer (BaseHttpServer.java:updateConnectorAddress(226)) - HTTP server of HDDSDATANODE is listening at http://0.0.0.0:38371
2019-08-29 00:13:03,265 [main] INFO  ozone.MiniOzoneClusterImpl (MiniOzoneClusterImpl.java:lambda$waitForClusterToBeReady$0(140)) - Waiting for cluster to be ready. Got 0 of 7 DN Heartbeats.
2019-08-29 00:13:03,266 [org.apache.hadoop.util.JvmPauseMonitor$Monitor@8e221f1] INFO  util.JvmPauseMonitor (JvmPauseMonitor.java:run(188)) - Starting JVM pause monitor
2019-08-29 00:13:03,268 [Datanode State Machine Thread - 0] INFO  datanode.InitDatanodeState (InitDatanodeState.java:persistContainerDatanodeDetails(140)) - DatanodeDetails is persisted to /workdir/hadoop-ozone/integration-test/target/test-dir/MiniOzoneClusterImpl-3c083a2a-a42b-42af-b78a-3f3e8042569f/datanode-6/meta/datanode.id
2019-08-29 00:13:04,265 [main] INFO  ozone.MiniOzoneClusterImpl (MiniOzoneClusterImpl.java:lambda$waitForClusterToBeReady$0(140)) - Waiting for cluster to be ready. Got 0 of 7 DN Heartbeats.
2019-08-29 00:13:04,906 | INFO  | SCMAudit | user=jenkins1000 | ip=192.168.5.155 | op=GET_VERSION null | ret=SUCCESS |  
2019-08-29 00:13:04,922 [Datanode State Machine Thread - 0] INFO  ozoneimpl.OzoneContainer (OzoneContainer.java:start(201)) - Attempting to start container services.
2019-08-29 00:13:04,922 [Datanode State Machine Thread - 0] INFO  ozoneimpl.OzoneContainer (OzoneContainer.java:startContainerScrub(175)) - Background container scrubber has been disabled by hdds.containerscrub.enabled
2019-08-29 00:13:04,922 [Datanode State Machine Thread - 0] INFO  ratis.XceiverServerRatis (XceiverServerRatis.java:start(393)) - Starting XceiverServerRatis b00ef5df-dfe4-4d1e-9e05-2ba8895fcbfa at port 0
2019-08-29 00:13:04,929 [Datanode State Machine Thread - 0] INFO  impl.RaftServerProxy (RaftServerProxy.java:lambda$start$3(299)) - b00ef5df-dfe4-4d1e-9e05-2ba8895fcbfa: start RPC server
2019-08-29 00:13:04,931 [Datanode State Machine Thread - 0] INFO  server.GrpcService (GrpcService.java:startImpl(149)) - b00ef5df-dfe4-4d1e-9e05-2ba8895fcbfa: GrpcService started, listening on 0.0.0.0/0.0.0.0:42302
2019-08-29 00:13:04,931 [Datanode State Machine Thread - 0] INFO  ratis.XceiverServerRatis (XceiverServerRatis.java:start(403)) - XceiverServerRatis b00ef5df-dfe4-4d1e-9e05-2ba8895fcbfa is started using port 42302
2019-08-29 00:13:04,937 [Datanode State Machine Thread - 0] INFO  server.XceiverServerGrpc (XceiverServerGrpc.java:start(163)) - XceiverServerGrpc b00ef5df-dfe4-4d1e-9e05-2ba8895fcbfa is started using port 41512
2019-08-29 00:13:04,960 | INFO  | SCMAudit | user=jenkins1000 | ip=192.168.5.155 | op=GET_VERSION null | ret=SUCCESS |  
2019-08-29 00:13:04,976 [Datanode State Machine Thread - 0] INFO  ozoneimpl.OzoneContainer (OzoneContainer.java:start(201)) - Attempting to start container services.
2019-08-29 00:13:04,976 [Datanode State Machine Thread - 0] INFO  ozoneimpl.OzoneContainer (OzoneContainer.java:startContainerScrub(175)) - Background container scrubber has been disabled by hdds.containerscrub.enabled
2019-08-29 00:13:04,977 [Datanode State Machine Thread - 0] INFO  ratis.XceiverServerRatis (XceiverServerRatis.java:start(393)) - Starting XceiverServerRatis 5ffd9840-560f-4b42-b626-c678e699dff7 at port 0
2019-08-29 00:13:04,983 [Datanode State Machine Thread - 0] INFO  impl.RaftServerProxy (RaftServerProxy.java:lambda$start$3(299)) - 5ffd9840-560f-4b42-b626-c678e699dff7: start RPC server
2019-08-29 00:13:04,985 [Datanode State Machine Thread - 0] INFO  server.GrpcService (GrpcService.java:startImpl(149)) - 5ffd9840-560f-4b42-b626-c678e699dff7: GrpcService started, listening on 0.0.0.0/0.0.0.0:33879
2019-08-29 00:13:04,986 [Datanode State Machine Thread - 0] INFO  ratis.XceiverServerRatis (XceiverServerRatis.java:start(403)) - XceiverServerRatis 5ffd9840-560f-4b42-b626-c678e699dff7 is started using port 33879
2019-08-29 00:13:04,986 [Datanode State Machine Thread - 0] INFO  server.XceiverServerGrpc (XceiverServerGrpc.java:start(163)) - XceiverServerGrpc 5ffd9840-560f-4b42-b626-c678e699dff7 is started using port 42377
2019-08-29 00:13:05,020 | INFO  | SCMAudit | user=jenkins1000 | ip=192.168.5.155 | op=GET_VERSION null | ret=SUCCESS |  
2019-08-29 00:13:05,032 [Datanode State Machine Thread - 0] INFO  ozoneimpl.OzoneContainer (OzoneContainer.java:start(201)) - Attempting to start container services.
2019-08-29 00:13:05,033 [Datanode State Machine Thread - 0] INFO  ozoneimpl.OzoneContainer (OzoneContainer.java:startContainerScrub(175)) - Background container scrubber has been disabled by hdds.containerscrub.enabled
2019-08-29 00:13:05,033 [Datanode State Machine Thread - 0] INFO  ratis.XceiverServerRatis (XceiverServerRatis.java:start(393)) - Starting XceiverServerRatis ca0bbee5-09c3-476f-9e60-5d34583977c9 at port 0
2019-08-29 00:13:05,039 [Datanode State Machine Thread - 0] INFO  impl.RaftServerProxy (RaftServerProxy.java:lambda$start$3(299)) - ca0bbee5-09c3-476f-9e60-5d34583977c9: start RPC server
2019-08-29 00:13:05,040 [Datanode State Machine Thread - 0] INFO  server.GrpcService (GrpcService.java:startImpl(149)) - ca0bbee5-09c3-476f-9e60-5d34583977c9: GrpcService started, listening on 0.0.0.0/0.0.0.0:41534
2019-08-29 00:13:05,040 [Datanode State Machine Thread - 0] INFO  ratis.XceiverServerRatis (XceiverServerRatis.java:start(403)) - XceiverServerRatis ca0bbee5-09c3-476f-9e60-5d34583977c9 is started using port 41534
2019-08-29 00:13:05,043 [Datanode State Machine Thread - 0] INFO  server.XceiverServerGrpc (XceiverServerGrpc.java:start(163)) - XceiverServerGrpc ca0bbee5-09c3-476f-9e60-5d34583977c9 is started using port 35448
2019-08-29 00:13:05,079 | INFO  | SCMAudit | user=jenkins1000 | ip=192.168.5.155 | op=GET_VERSION null | ret=SUCCESS |  
2019-08-29 00:13:05,091 [Datanode State Machine Thread - 0] INFO  ozoneimpl.OzoneContainer (OzoneContainer.java:start(201)) - Attempting to start container services.
2019-08-29 00:13:05,091 [Datanode State Machine Thread - 0] INFO  ozoneimpl.OzoneContainer (OzoneContainer.java:startContainerScrub(175)) - Background container scrubber has been disabled by hdds.containerscrub.enabled
2019-08-29 00:13:05,092 [Datanode State Machine Thread - 0] INFO  ratis.XceiverServerRatis (XceiverServerRatis.java:start(393)) - Starting XceiverServerRatis 8e43d282-58ca-4330-8134-d5621fdf2dd0 at port 0
2019-08-29 00:13:05,098 [Datanode State Machine Thread - 0] INFO  impl.RaftServerProxy (RaftServerProxy.java:lambda$start$3(299)) - 8e43d282-58ca-4330-8134-d5621fdf2dd0: start RPC server
2019-08-29 00:13:05,099 [Datanode State Machine Thread - 0] INFO  server.GrpcService (GrpcService.java:startImpl(149)) - 8e43d282-58ca-4330-8134-d5621fdf2dd0: GrpcService started, listening on 0.0.0.0/0.0.0.0:32795
2019-08-29 00:13:05,099 [Datanode State Machine Thread - 0] INFO  ratis.XceiverServerRatis (XceiverServerRatis.java:start(403)) - XceiverServerRatis 8e43d282-58ca-4330-8134-d5621fdf2dd0 is started using port 32795
2019-08-29 00:13:05,100 [Datanode State Machine Thread - 0] INFO  server.XceiverServerGrpc (XceiverServerGrpc.java:start(163)) - XceiverServerGrpc 8e43d282-58ca-4330-8134-d5621fdf2dd0 is started using port 44041
2019-08-29 00:13:05,140 | INFO  | SCMAudit | user=jenkins1000 | ip=192.168.5.155 | op=GET_VERSION null | ret=SUCCESS |  
2019-08-29 00:13:05,153 [Datanode State Machine Thread - 0] INFO  ozoneimpl.OzoneContainer (OzoneContainer.java:start(201)) - Attempting to start container services.
2019-08-29 00:13:05,153 [Datanode State Machine Thread - 0] INFO  ozoneimpl.OzoneContainer (OzoneContainer.java:startContainerScrub(175)) - Background container scrubber has been disabled by hdds.containerscrub.enabled
2019-08-29 00:13:05,154 [Datanode State Machine Thread - 0] INFO  ratis.XceiverServerRatis (XceiverServerRatis.java:start(393)) - Starting XceiverServerRatis ab1f4f63-5220-4744-95d6-24db2fd27225 at port 0
2019-08-29 00:13:05,160 [Datanode State Machine Thread - 0] INFO  impl.RaftServerProxy (RaftServerProxy.java:lambda$start$3(299)) - ab1f4f63-5220-4744-95d6-24db2fd27225: start RPC server
2019-08-29 00:13:05,163 [Datanode State Machine Thread - 0] INFO  server.GrpcService (GrpcService.java:startImpl(149)) - ab1f4f63-5220-4744-95d6-24db2fd27225: GrpcService started, listening on 0.0.0.0/0.0.0.0:45611
2019-08-29 00:13:05,164 [Datanode State Machine Thread - 0] INFO  ratis.XceiverServerRatis (XceiverServerRatis.java:start(403)) - XceiverServerRatis ab1f4f63-5220-4744-95d6-24db2fd27225 is started using port 45611
2019-08-29 00:13:05,164 [Datanode State Machine Thread - 0] INFO  server.XceiverServerGrpc (XceiverServerGrpc.java:start(163)) - XceiverServerGrpc ab1f4f63-5220-4744-95d6-24db2fd27225 is started using port 42819
2019-08-29 00:13:05,202 | INFO  | SCMAudit | user=jenkins1000 | ip=192.168.5.155 | op=GET_VERSION null | ret=SUCCESS |  
2019-08-29 00:13:05,216 [Datanode State Machine Thread - 0] INFO  ozoneimpl.OzoneContainer (OzoneContainer.java:start(201)) - Attempting to start container services.
2019-08-29 00:13:05,216 [Datanode State Machine Thread - 0] INFO  ozoneimpl.OzoneContainer (OzoneContainer.java:startContainerScrub(175)) - Background container scrubber has been disabled by hdds.containerscrub.enabled
2019-08-29 00:13:05,216 [Datanode State Machine Thread - 0] INFO  ratis.XceiverServerRatis (XceiverServerRatis.java:start(393)) - Starting XceiverServerRatis 6f6426e5-ce14-4107-b742-6d33e6b5f757 at port 0
2019-08-29 00:13:05,221 [Datanode State Machine Thread - 0] INFO  impl.RaftServerProxy (RaftServerProxy.java:lambda$start$3(299)) - 6f6426e5-ce14-4107-b742-6d33e6b5f757: start RPC server
2019-08-29 00:13:05,222 [Datanode State Machine Thread - 0] INFO  server.GrpcService (GrpcService.java:startImpl(149)) - 6f6426e5-ce14-4107-b742-6d33e6b5f757: GrpcService started, listening on 0.0.0.0/0.0.0.0:40533
2019-08-29 00:13:05,222 [Datanode State Machine Thread - 0] INFO  ratis.XceiverServerRatis (XceiverServerRatis.java:start(403)) - XceiverServerRatis 6f6426e5-ce14-4107-b742-6d33e6b5f757 is started using port 40533
2019-08-29 00:13:05,222 [Datanode State Machine Thread - 0] INFO  server.XceiverServerGrpc (XceiverServerGrpc.java:start(163)) - XceiverServerGrpc 6f6426e5-ce14-4107-b742-6d33e6b5f757 is started using port 46507
2019-08-29 00:13:05,267 [main] INFO  ozone.MiniOzoneClusterImpl (MiniOzoneClusterImpl.java:lambda$waitForClusterToBeReady$0(140)) - Waiting for cluster to be ready. Got 0 of 7 DN Heartbeats.
2019-08-29 00:13:05,267 | INFO  | SCMAudit | user=jenkins1000 | ip=192.168.5.155 | op=GET_VERSION null | ret=SUCCESS |  
2019-08-29 00:13:05,281 [Datanode State Machine Thread - 0] INFO  ozoneimpl.OzoneContainer (OzoneContainer.java:start(201)) - Attempting to start container services.
2019-08-29 00:13:05,282 [Datanode State Machine Thread - 0] INFO  ozoneimpl.OzoneContainer (OzoneContainer.java:startContainerScrub(175)) - Background container scrubber has been disabled by hdds.containerscrub.enabled
2019-08-29 00:13:05,282 [Datanode State Machine Thread - 0] INFO  ratis.XceiverServerRatis (XceiverServerRatis.java:start(393)) - Starting XceiverServerRatis f23e32b5-1859-4d8d-ab6e-3ad369251285 at port 0
2019-08-29 00:13:05,287 [Datanode State Machine Thread - 0] INFO  impl.RaftServerProxy (RaftServerProxy.java:lambda$start$3(299)) - f23e32b5-1859-4d8d-ab6e-3ad369251285: start RPC server
2019-08-29 00:13:05,288 [Datanode State Machine Thread - 0] INFO  server.GrpcService (GrpcService.java:startImpl(149)) - f23e32b5-1859-4d8d-ab6e-3ad369251285: GrpcService started, listening on 0.0.0.0/0.0.0.0:43339
2019-08-29 00:13:05,288 [Datanode State Machine Thread - 0] INFO  ratis.XceiverServerRatis (XceiverServerRatis.java:start(403)) - XceiverServerRatis f23e32b5-1859-4d8d-ab6e-3ad369251285 is started using port 43339
2019-08-29 00:13:05,292 [Datanode State Machine Thread - 0] INFO  server.XceiverServerGrpc (XceiverServerGrpc.java:start(163)) - XceiverServerGrpc f23e32b5-1859-4d8d-ab6e-3ad369251285 is started using port 44690
2019-08-29 00:13:06,267 [main] INFO  ozone.MiniOzoneClusterImpl (MiniOzoneClusterImpl.java:lambda$waitForClusterToBeReady$0(140)) - Waiting for cluster to be ready. Got 0 of 7 DN Heartbeats.
2019-08-29 00:13:06,906 [IPC Server handler 6 on 44980] INFO  net.NetworkTopology (NetworkTopologyImpl.java:add(110)) - Added a new node: /default-rack/b00ef5df-dfe4-4d1e-9e05-2ba8895fcbfa
2019-08-29 00:13:06,908 [IPC Server handler 6 on 44980] INFO  node.SCMNodeManager (SCMNodeManager.java:register(273)) - Registered Data node : b00ef5df-dfe4-4d1e-9e05-2ba8895fcbfa{ip: 192.168.5.155, host: pr-hdds-2053-lkbb5-4073252909, networkLocation: /default-rack, certSerialId: null}
2019-08-29 00:13:06,909 [EventQueue-NodeRegistrationContainerReportForDataNodeSafeModeRule] INFO  safemode.SCMSafeModeManager (DataNodeSafeModeRule.java:process(71)) - SCM in safe mode. 1 DataNodes registered, 1 required.
2019-08-29 00:13:06,909 | INFO  | SCMAudit | user=jenkins1000 | ip=192.168.5.155 | op=REGISTER {datanodeDetails=b00ef5df-dfe4-4d1e-9e05-2ba8895fcbfa{ip: 192.168.5.155, host: pr-hdds-2053-lkbb5-4073252909, networkLocation: /default-rack, certSerialId: null}} | ret=SUCCESS |  
2019-08-29 00:13:06,911 [EventQueue-NodeRegistrationContainerReportForDataNodeSafeModeRule] INFO  safemode.SCMSafeModeManager (SCMSafeModeManager.java:validateSafeModeExitRules(177)) - ScmSafeModeManager, all rules are successfully validated
2019-08-29 00:13:06,911 [EventQueue-NodeRegistrationContainerReportForDataNodeSafeModeRule] INFO  safemode.SCMSafeModeManager (SCMSafeModeManager.java:exitSafeMode(193)) - SCM exiting safe mode.
2019-08-29 00:13:06,918 [grpc-default-executor-1] INFO  impl.RaftServerProxy (RaftServerProxy.java:addNew(89)) - b00ef5df-dfe4-4d1e-9e05-2ba8895fcbfa: addNew group-C574E3E46227:[b00ef5df-dfe4-4d1e-9e05-2ba8895fcbfa:192.168.5.155:42302] returns group-C574E3E46227:java.util.concurrent.CompletableFuture@5f9ea1a7[Not completed]
2019-08-29 00:13:06,920 [pool-409-thread-1] INFO  impl.RaftServerImpl (RaftServerImpl.java:<init>(93)) - b00ef5df-dfe4-4d1e-9e05-2ba8895fcbfa: new RaftServerImpl for group-C574E3E46227:[b00ef5df-dfe4-4d1e-9e05-2ba8895fcbfa:192.168.5.155:42302] with ContainerStateMachine:uninitialized
2019-08-29 00:13:06,920 [pool-409-thread-1] INFO  server.RaftServerConfigKeys (ConfUtils.java:logGet(43)) - raft.server.rpc.timeout.min = 5s (custom)
2019-08-29 00:13:06,920 [pool-409-thread-1] INFO  server.RaftServerConfigKeys (ConfUtils.java:logGet(43)) - raft.server.rpc.timeout.max = 5200ms (custom)
2019-08-29 00:13:06,920 [pool-409-thread-1] INFO  server.RaftServerConfigKeys (ConfUtils.java:logGet(43)) - raft.server.rpcslowness.timeout = 120s (custom)
2019-08-29 00:13:06,920 [pool-409-thread-1] INFO  server.RaftServerConfigKeys (ConfUtils.java:logGet(43)) - raft.server.sleep.deviation.threshold = 300 (default)
2019-08-29 00:13:06,920 [pool-409-thread-1] INFO  server.RaftServerConfigKeys (ConfUtils.java:logGet(43)) - raft.server.log.appender.install.snapshot.enabled = false (custom)
2019-08-29 00:13:06,921 [pool-409-thread-1] INFO  impl.RaftServerImpl (ServerState.java:<init>(105)) - b00ef5df-dfe4-4d1e-9e05-2ba8895fcbfa:group-C574E3E46227 ConfigurationManager, init=-1: [b00ef5df-dfe4-4d1e-9e05-2ba8895fcbfa:192.168.5.155:42302], old=null, confs=<EMPTY_MAP>
2019-08-29 00:13:06,921 [pool-409-thread-1] INFO  server.RaftServerConfigKeys (ConfUtils.java:logGet(43)) - raft.server.storage.dir = [/workdir/hadoop-ozone/integration-test/target/test-dir/MiniOzoneClusterImpl-3c083a2a-a42b-42af-b78a-3f3e8042569f/datanode-0/data/ratis] (custom)
2019-08-29 00:13:06,921 [pool-409-thread-1] INFO  storage.RaftStorageDirectory (RaftStorageDirectory.java:analyzeStorage(246)) - The storage directory /workdir/hadoop-ozone/integration-test/target/test-dir/MiniOzoneClusterImpl-3c083a2a-a42b-42af-b78a-3f3e8042569f/datanode-0/data/ratis/2db875d4-60a0-4a28-bfb4-c574e3e46227 does not exist. Creating ...
2019-08-29 00:13:06,935 [pool-409-thread-1] INFO  storage.RaftStorageDirectory (RaftStorageDirectory.java:tryLock(328)) - Lock on /workdir/hadoop-ozone/integration-test/target/test-dir/MiniOzoneClusterImpl-3c083a2a-a42b-42af-b78a-3f3e8042569f/datanode-0/data/ratis/2db875d4-60a0-4a28-bfb4-c574e3e46227/in_use.lock acquired by nodename 28920@pr-hdds-2053-lkbb5-4073252909
2019-08-29 00:13:06,946 [pool-409-thread-1] INFO  storage.RaftStorage (RaftStorage.java:format(72)) - Storage directory /workdir/hadoop-ozone/integration-test/target/test-dir/MiniOzoneClusterImpl-3c083a2a-a42b-42af-b78a-3f3e8042569f/datanode-0/data/ratis/2db875d4-60a0-4a28-bfb4-c574e3e46227 has been successfully formatted.
2019-08-29 00:13:06,947 [pool-409-thread-1] INFO  ratis.ContainerStateMachine (ContainerStateMachine.java:loadSnapshot(227)) - group-C574E3E46227: The snapshot info is null. Setting the last applied indexto:(t:0, i:~)
2019-08-29 00:13:06,947 [pool-409-thread-1] INFO  server.RaftServerConfigKeys (ConfUtils.java:logGet(43)) - raft.server.leader.election.timeout = 120s (custom)
2019-08-29 00:13:06,947 [pool-409-thread-1] INFO  server.RaftServerConfigKeys (ConfUtils.java:logGet(43)) - raft.server.log.use.memory = false (default)
2019-08-29 00:13:06,947 [pool-409-thread-1] INFO  server.RaftServerConfigKeys (ConfUtils.java:logGet(43)) - raft.server.log.purge.gap = 1000000 (custom)
2019-08-29 00:13:06,947 [pool-409-thread-1] INFO  server.RaftServerConfigKeys (ConfUtils.java:logGet(43)) - raft.server.log.appender.buffer.byte-limit = 33554432 (custom)
2019-08-29 00:13:06,947 [pool-409-thread-1] INFO  server.RaftServerConfigKeys (ConfUtils.java:logGet(43)) - raft.server.log.segment.size.max = 1048576 (custom)
2019-08-29 00:13:06,947 [pool-409-thread-1] INFO  server.RaftServerConfigKeys (ConfUtils.java:logGet(43)) - raft.server.log.segment.cache.num.max = 2 (custom)
2019-08-29 00:13:06,948 [pool-409-thread-1] INFO  segmented.SegmentedRaftLogWorker (SegmentedRaftLogWorker.java:<init>(172)) - new b00ef5df-dfe4-4d1e-9e05-2ba8895fcbfa-SegmentedRaftLogWorker:Storage Directory /workdir/hadoop-ozone/integration-test/target/test-dir/MiniOzoneClusterImpl-3c083a2a-a42b-42af-b78a-3f3e8042569f/datanode-0/data/ratis/2db875d4-60a0-4a28-bfb4-c574e3e46227 for RaftStorage:Storage Directory /workdir/hadoop-ozone/integration-test/target/test-dir/MiniOzoneClusterImpl-3c083a2a-a42b-42af-b78a-3f3e8042569f/datanode-0/data/ratis/2db875d4-60a0-4a28-bfb4-c574e3e46227
2019-08-29 00:13:06,948 [pool-409-thread-1] INFO  server.RaftServerConfigKeys (ConfUtils.java:logGet(43)) - raft.server.log.queue.byte-limit = 2147483647 (custom)
2019-08-29 00:13:06,948 [pool-409-thread-1] INFO  server.RaftServerConfigKeys (ConfUtils.java:logGet(43)) - raft.server.log.queue.element-limit = 1024 (custom)
2019-08-29 00:13:06,948 [pool-409-thread-1] INFO  server.RaftServerConfigKeys (ConfUtils.java:logGet(43)) - raft.server.log.segment.size.max = 1048576 (custom)
2019-08-29 00:13:06,948 [pool-409-thread-1] INFO  server.RaftServerConfigKeys (ConfUtils.java:logGet(43)) - raft.server.log.preallocated.size = 16384 (custom)
2019-08-29 00:13:06,949 [pool-409-thread-1] INFO  server.RaftServerConfigKeys (ConfUtils.java:logGet(43)) - raft.server.log.write.buffer.size = 33554432 (custom)
2019-08-29 00:13:06,949 [pool-409-thread-1] INFO  server.RaftServerConfigKeys (ConfUtils.java:logGet(43)) - raft.server.log.force.sync.num = 128 (default)
2019-08-29 00:13:06,949 [pool-409-thread-1] INFO  server.RaftServerConfigKeys (ConfUtils.java:logGet(43)) - raft.server.log.statemachine.data.sync = true (default)
2019-08-29 00:13:06,949 [pool-409-thread-1] INFO  server.RaftServerConfigKeys (ConfUtils.java:logGet(43)) - raft.server.log.statemachine.data.sync.timeout = 10s (default)
2019-08-29 00:13:06,949 [pool-409-thread-1] INFO  server.RaftServerConfigKeys (ConfUtils.java:logGet(43)) - raft.server.log.statemachine.data.sync.timeout.retry = -1 (default)
2019-08-29 00:13:06,949 [pool-409-thread-1] INFO  server.RaftServerConfigKeys (ConfUtils.java:logGet(43)) - raft.server.log.statemachine.data.caching.enabled = true (custom)
2019-08-29 00:13:06,950 [pool-409-thread-1] INFO  segmented.SegmentedRaftLogWorker (SegmentedRaftLogWorker.java:lambda$new$0(132)) - b00ef5df-dfe4-4d1e-9e05-2ba8895fcbfa-SegmentedRaftLogWorker:Storage Directory /workdir/hadoop-ozone/integration-test/target/test-dir/MiniOzoneClusterImpl-3c083a2a-a42b-42af-b78a-3f3e8042569f/datanode-0/data/ratis/2db875d4-60a0-4a28-bfb4-c574e3e46227: flushIndex: setUnconditionally 0 -> -1
2019-08-29 00:13:06,950 [pool-409-thread-1] INFO  server.RaftServerConfigKeys (ConfUtils.java:logGet(43)) - raft.server.snapshot.auto.trigger.enabled = true (custom)
2019-08-29 00:13:06,950 [pool-409-thread-1] INFO  server.RaftServerConfigKeys (ConfUtils.java:logGet(43)) - raft.server.snapshot.auto.trigger.threshold = 10000 (custom)
2019-08-29 00:13:06,950 [pool-409-thread-1] INFO  server.RaftServerConfigKeys (ConfUtils.java:logGet(43)) - raft.server.retrycache.expirytime = 600000ms (custom)
2019-08-29 00:13:06,950 [pool-409-thread-1] INFO  impl.RaftServerImpl (RaftServerImpl.java:start(180)) - b00ef5df-dfe4-4d1e-9e05-2ba8895fcbfa: start group-C574E3E46227
2019-08-29 00:13:06,950 [pool-409-thread-1] INFO  impl.RaftServerImpl (RaftServerImpl.java:setRole(171)) - b00ef5df-dfe4-4d1e-9e05-2ba8895fcbfa:group-C574E3E46227 changes role from null to FOLLOWER at term 0 for startAsFollower
2019-08-29 00:13:06,951 [pool-409-thread-1] INFO  impl.RoleInfo (RoleInfo.java:updateAndGet(143)) - b00ef5df-dfe4-4d1e-9e05-2ba8895fcbfa: start FollowerState
2019-08-29 00:13:06,951 [pool-409-thread-1] INFO  util.JmxRegister (JmxRegister.java:tryRegister(44)) - Successfully registered JMX Bean with object name Ratis:service=RaftServer,group=group-C574E3E46227,id=b00ef5df-dfe4-4d1e-9e05-2ba8895fcbfa
2019-08-29 00:13:06,953 [RatisPipelineUtilsThread] INFO  pipeline.PipelineStateManager (PipelineStateManager.java:addPipeline(56)) - Created pipeline Pipeline[ Id: 2db875d4-60a0-4a28-bfb4-c574e3e46227, Nodes: b00ef5df-dfe4-4d1e-9e05-2ba8895fcbfa{ip: 192.168.5.155, host: pr-hdds-2053-lkbb5-4073252909, networkLocation: /default-rack, certSerialId: null}, Type:RATIS, Factor:ONE, State:OPEN]
2019-08-29 00:13:06,961 [IPC Server handler 2 on 44980] INFO  net.NetworkTopology (NetworkTopologyImpl.java:add(110)) - Added a new node: /default-rack/5ffd9840-560f-4b42-b626-c678e699dff7
2019-08-29 00:13:06,961 [IPC Server handler 2 on 44980] INFO  node.SCMNodeManager (SCMNodeManager.java:register(273)) - Registered Data node : 5ffd9840-560f-4b42-b626-c678e699dff7{ip: 192.168.5.155, host: pr-hdds-2053-lkbb5-4073252909, networkLocation: /default-rack, certSerialId: null}
2019-08-29 00:13:06,961 | INFO  | SCMAudit | user=jenkins1000 | ip=192.168.5.155 | op=REGISTER {datanodeDetails=5ffd9840-560f-4b42-b626-c678e699dff7{ip: 192.168.5.155, host: pr-hdds-2053-lkbb5-4073252909, networkLocation: /default-rack, certSerialId: null}} | ret=SUCCESS |  
2019-08-29 00:13:06,967 [grpc-default-executor-1] INFO  impl.RaftServerProxy (RaftServerProxy.java:addNew(89)) - 5ffd9840-560f-4b42-b626-c678e699dff7: addNew group-9F6C7DA456A4:[5ffd9840-560f-4b42-b626-c678e699dff7:192.168.5.155:33879] returns group-9F6C7DA456A4:java.util.concurrent.CompletableFuture@d7e1086[Not completed]
2019-08-29 00:13:06,968 [pool-419-thread-1] INFO  impl.RaftServerImpl (RaftServerImpl.java:<init>(93)) - 5ffd9840-560f-4b42-b626-c678e699dff7: new RaftServerImpl for group-9F6C7DA456A4:[5ffd9840-560f-4b42-b626-c678e699dff7:192.168.5.155:33879] with ContainerStateMachine:uninitialized
2019-08-29 00:13:06,968 [pool-419-thread-1] INFO  server.RaftServerConfigKeys (ConfUtils.java:logGet(43)) - raft.server.rpc.timeout.min = 5s (custom)
2019-08-29 00:13:06,968 [pool-419-thread-1] INFO  server.RaftServerConfigKeys (ConfUtils.java:logGet(43)) - raft.server.rpc.timeout.max = 5200ms (custom)
2019-08-29 00:13:06,968 [pool-419-thread-1] INFO  server.RaftServerConfigKeys (ConfUtils.java:logGet(43)) - raft.server.rpcslowness.timeout = 120s (custom)
2019-08-29 00:13:06,968 [pool-419-thread-1] INFO  server.RaftServerConfigKeys (ConfUtils.java:logGet(43)) - raft.server.sleep.deviation.threshold = 300 (default)
2019-08-29 00:13:06,969 [pool-419-thread-1] INFO  server.RaftServerConfigKeys (ConfUtils.java:logGet(43)) - raft.server.log.appender.install.snapshot.enabled = false (custom)
2019-08-29 00:13:06,969 [pool-419-thread-1] INFO  impl.RaftServerImpl (ServerState.java:<init>(105)) - 5ffd9840-560f-4b42-b626-c678e699dff7:group-9F6C7DA456A4 ConfigurationManager, init=-1: [5ffd9840-560f-4b42-b626-c678e699dff7:192.168.5.155:33879], old=null, confs=<EMPTY_MAP>
2019-08-29 00:13:06,969 [pool-419-thread-1] INFO  server.RaftServerConfigKeys (ConfUtils.java:logGet(43)) - raft.server.storage.dir = [/workdir/hadoop-ozone/integration-test/target/test-dir/MiniOzoneClusterImpl-3c083a2a-a42b-42af-b78a-3f3e8042569f/datanode-1/data/ratis] (custom)
2019-08-29 00:13:06,969 [pool-419-thread-1] INFO  storage.RaftStorageDirectory (RaftStorageDirectory.java:analyzeStorage(246)) - The storage directory /workdir/hadoop-ozone/integration-test/target/test-dir/MiniOzoneClusterImpl-3c083a2a-a42b-42af-b78a-3f3e8042569f/datanode-1/data/ratis/65a19bec-6cf9-4268-9770-9f6c7da456a4 does not exist. Creating ...
2019-08-29 00:13:06,981 [pool-419-thread-1] INFO  storage.RaftStorageDirectory (RaftStorageDirectory.java:tryLock(328)) - Lock on /workdir/hadoop-ozone/integration-test/target/test-dir/MiniOzoneClusterImpl-3c083a2a-a42b-42af-b78a-3f3e8042569f/datanode-1/data/ratis/65a19bec-6cf9-4268-9770-9f6c7da456a4/in_use.lock acquired by nodename 28920@pr-hdds-2053-lkbb5-4073252909
2019-08-29 00:13:06,993 [pool-419-thread-1] INFO  storage.RaftStorage (RaftStorage.java:format(72)) - Storage directory /workdir/hadoop-ozone/integration-test/target/test-dir/MiniOzoneClusterImpl-3c083a2a-a42b-42af-b78a-3f3e8042569f/datanode-1/data/ratis/65a19bec-6cf9-4268-9770-9f6c7da456a4 has been successfully formatted.
2019-08-29 00:13:06,993 [pool-419-thread-1] INFO  ratis.ContainerStateMachine (ContainerStateMachine.java:loadSnapshot(227)) - group-9F6C7DA456A4: The snapshot info is null. Setting the last applied indexto:(t:0, i:~)
2019-08-29 00:13:06,993 [pool-419-thread-1] INFO  server.RaftServerConfigKeys (ConfUtils.java:logGet(43)) - raft.server.leader.election.timeout = 120s (custom)
2019-08-29 00:13:06,993 [pool-419-thread-1] INFO  server.RaftServerConfigKeys (ConfUtils.java:logGet(43)) - raft.server.log.use.memory = false (default)
2019-08-29 00:13:06,993 [pool-419-thread-1] INFO  server.RaftServerConfigKeys (ConfUtils.java:logGet(43)) - raft.server.log.purge.gap = 1000000 (custom)
2019-08-29 00:13:06,993 [pool-419-thread-1] INFO  server.RaftServerConfigKeys (ConfUtils.java:logGet(43)) - raft.server.log.appender.buffer.byte-limit = 33554432 (custom)
2019-08-29 00:13:06,994 [pool-419-thread-1] INFO  server.RaftServerConfigKeys (ConfUtils.java:logGet(43)) - raft.server.log.segment.size.max = 1048576 (custom)
2019-08-29 00:13:06,994 [pool-419-thread-1] INFO  server.RaftServerConfigKeys (ConfUtils.java:logGet(43)) - raft.server.log.segment.cache.num.max = 2 (custom)
2019-08-29 00:13:06,994 [pool-419-thread-1] INFO  segmented.SegmentedRaftLogWorker (SegmentedRaftLogWorker.java:<init>(172)) - new 5ffd9840-560f-4b42-b626-c678e699dff7-SegmentedRaftLogWorker:Storage Directory /workdir/hadoop-ozone/integration-test/target/test-dir/MiniOzoneClusterImpl-3c083a2a-a42b-42af-b78a-3f3e8042569f/datanode-1/data/ratis/65a19bec-6cf9-4268-9770-9f6c7da456a4 for RaftStorage:Storage Directory /workdir/hadoop-ozone/integration-test/target/test-dir/MiniOzoneClusterImpl-3c083a2a-a42b-42af-b78a-3f3e8042569f/datanode-1/data/ratis/65a19bec-6cf9-4268-9770-9f6c7da456a4
2019-08-29 00:13:06,994 [pool-419-thread-1] INFO  server.RaftServerConfigKeys (ConfUtils.java:logGet(43)) - raft.server.log.queue.byte-limit = 2147483647 (custom)
2019-08-29 00:13:06,994 [pool-419-thread-1] INFO  server.RaftServerConfigKeys (ConfUtils.java:logGet(43)) - raft.server.log.queue.element-limit = 1024 (custom)
2019-08-29 00:13:06,994 [pool-419-thread-1] INFO  server.RaftServerConfigKeys (ConfUtils.java:logGet(43)) - raft.server.log.segment.size.max = 1048576 (custom)
2019-08-29 00:13:06,995 [pool-419-thread-1] INFO  server.RaftServerConfigKeys (ConfUtils.java:logGet(43)) - raft.server.log.preallocated.size = 16384 (custom)
2019-08-29 00:13:06,995 [pool-419-thread-1] INFO  server.RaftServerConfigKeys (ConfUtils.java:logGet(43)) - raft.server.log.write.buffer.size = 33554432 (custom)
2019-08-29 00:13:06,995 [pool-419-thread-1] INFO  server.RaftServerConfigKeys (ConfUtils.java:logGet(43)) - raft.server.log.force.sync.num = 128 (default)
2019-08-29 00:13:06,995 [pool-419-thread-1] INFO  server.RaftServerConfigKeys (ConfUtils.java:logGet(43)) - raft.server.log.statemachine.data.sync = true (default)
2019-08-29 00:13:06,995 [pool-419-thread-1] INFO  server.RaftServerConfigKeys (ConfUtils.java:logGet(43)) - raft.server.log.statemachine.data.sync.timeout = 10s (default)
2019-08-29 00:13:06,995 [pool-419-thread-1] INFO  server.RaftServerConfigKeys (ConfUtils.java:logGet(43)) - raft.server.log.statemachine.data.sync.timeout.retry = -1 (default)
2019-08-29 00:13:06,996 [pool-419-thread-1] INFO  server.RaftServerConfigKeys (ConfUtils.java:logGet(43)) - raft.server.log.statemachine.data.caching.enabled = true (custom)
2019-08-29 00:13:06,996 [pool-419-thread-1] INFO  segmented.SegmentedRaftLogWorker (SegmentedRaftLogWorker.java:lambda$new$0(132)) - 5ffd9840-560f-4b42-b626-c678e699dff7-SegmentedRaftLogWorker:Storage Directory /workdir/hadoop-ozone/integration-test/target/test-dir/MiniOzoneClusterImpl-3c083a2a-a42b-42af-b78a-3f3e8042569f/datanode-1/data/ratis/65a19bec-6cf9-4268-9770-9f6c7da456a4: flushIndex: setUnconditionally 0 -> -1
2019-08-29 00:13:06,996 [pool-419-thread-1] INFO  server.RaftServerConfigKeys (ConfUtils.java:logGet(43)) - raft.server.snapshot.auto.trigger.enabled = true (custom)
2019-08-29 00:13:06,996 [pool-419-thread-1] INFO  server.RaftServerConfigKeys (ConfUtils.java:logGet(43)) - raft.server.snapshot.auto.trigger.threshold = 10000 (custom)
2019-08-29 00:13:06,996 [pool-419-thread-1] INFO  server.RaftServerConfigKeys (ConfUtils.java:logGet(43)) - raft.server.retrycache.expirytime = 600000ms (custom)
2019-08-29 00:13:06,996 [pool-419-thread-1] INFO  impl.RaftServerImpl (RaftServerImpl.java:start(180)) - 5ffd9840-560f-4b42-b626-c678e699dff7: start group-9F6C7DA456A4
2019-08-29 00:13:06,997 [pool-419-thread-1] INFO  impl.RaftServerImpl (RaftServerImpl.java:setRole(171)) - 5ffd9840-560f-4b42-b626-c678e699dff7:group-9F6C7DA456A4 changes role from null to FOLLOWER at term 0 for startAsFollower
2019-08-29 00:13:06,997 [pool-419-thread-1] INFO  impl.RoleInfo (RoleInfo.java:updateAndGet(143)) - 5ffd9840-560f-4b42-b626-c678e699dff7: start FollowerState
2019-08-29 00:13:06,997 [pool-419-thread-1] INFO  util.JmxRegister (JmxRegister.java:tryRegister(44)) - Successfully registered JMX Bean with object name Ratis:service=RaftServer,group=group-9F6C7DA456A4,id=5ffd9840-560f-4b42-b626-c678e699dff7
2019-08-29 00:13:06,999 [RatisPipelineUtilsThread] INFO  pipeline.PipelineStateManager (PipelineStateManager.java:addPipeline(56)) - Created pipeline Pipeline[ Id: 65a19bec-6cf9-4268-9770-9f6c7da456a4, Nodes: 5ffd9840-560f-4b42-b626-c678e699dff7{ip: 192.168.5.155, host: pr-hdds-2053-lkbb5-4073252909, networkLocation: /default-rack, certSerialId: null}, Type:RATIS, Factor:ONE, State:OPEN]
2019-08-29 00:13:07,021 [IPC Server handler 5 on 44980] INFO  net.NetworkTopology (NetworkTopologyImpl.java:add(110)) - Added a new node: /default-rack/ca0bbee5-09c3-476f-9e60-5d34583977c9
2019-08-29 00:13:07,021 [IPC Server handler 5 on 44980] INFO  node.SCMNodeManager (SCMNodeManager.java:register(273)) - Registered Data node : ca0bbee5-09c3-476f-9e60-5d34583977c9{ip: 192.168.5.155, host: pr-hdds-2053-lkbb5-4073252909, networkLocation: /default-rack, certSerialId: null}
2019-08-29 00:13:07,021 | INFO  | SCMAudit | user=jenkins1000 | ip=192.168.5.155 | op=REGISTER {datanodeDetails=ca0bbee5-09c3-476f-9e60-5d34583977c9{ip: 192.168.5.155, host: pr-hdds-2053-lkbb5-4073252909, networkLocation: /default-rack, certSerialId: null}} | ret=SUCCESS |  
2019-08-29 00:13:07,027 [grpc-default-executor-1] INFO  impl.RaftServerProxy (RaftServerProxy.java:addNew(89)) - ca0bbee5-09c3-476f-9e60-5d34583977c9: addNew group-2BED4CBECA1F:[ca0bbee5-09c3-476f-9e60-5d34583977c9:192.168.5.155:41534] returns group-2BED4CBECA1F:java.util.concurrent.CompletableFuture@50e260d3[Not completed]
2019-08-29 00:13:07,029 [pool-429-thread-1] INFO  impl.RaftServerImpl (RaftServerImpl.java:<init>(93)) - ca0bbee5-09c3-476f-9e60-5d34583977c9: new RaftServerImpl for group-2BED4CBECA1F:[ca0bbee5-09c3-476f-9e60-5d34583977c9:192.168.5.155:41534] with ContainerStateMachine:uninitialized
2019-08-29 00:13:07,029 [pool-429-thread-1] INFO  server.RaftServerConfigKeys (ConfUtils.java:logGet(43)) - raft.server.rpc.timeout.min = 5s (custom)
2019-08-29 00:13:07,029 [pool-429-thread-1] INFO  server.RaftServerConfigKeys (ConfUtils.java:logGet(43)) - raft.server.rpc.timeout.max = 5200ms (custom)
2019-08-29 00:13:07,029 [pool-429-thread-1] INFO  server.RaftServerConfigKeys (ConfUtils.java:logGet(43)) - raft.server.rpcslowness.timeout = 120s (custom)
2019-08-29 00:13:07,029 [pool-429-thread-1] INFO  server.RaftServerConfigKeys (ConfUtils.java:logGet(43)) - raft.server.sleep.deviation.threshold = 300 (default)
2019-08-29 00:13:07,029 [pool-429-thread-1] INFO  server.RaftServerConfigKeys (ConfUtils.java:logGet(43)) - raft.server.log.appender.install.snapshot.enabled = false (custom)
2019-08-29 00:13:07,029 [pool-429-thread-1] INFO  impl.RaftServerImpl (ServerState.java:<init>(105)) - ca0bbee5-09c3-476f-9e60-5d34583977c9:group-2BED4CBECA1F ConfigurationManager, init=-1: [ca0bbee5-09c3-476f-9e60-5d34583977c9:192.168.5.155:41534], old=null, confs=<EMPTY_MAP>
2019-08-29 00:13:07,029 [pool-429-thread-1] INFO  server.RaftServerConfigKeys (ConfUtils.java:logGet(43)) - raft.server.storage.dir = [/workdir/hadoop-ozone/integration-test/target/test-dir/MiniOzoneClusterImpl-3c083a2a-a42b-42af-b78a-3f3e8042569f/datanode-2/data/ratis] (custom)
2019-08-29 00:13:07,030 [pool-429-thread-1] INFO  storage.RaftStorageDirectory (RaftStorageDirectory.java:analyzeStorage(246)) - The storage directory /workdir/hadoop-ozone/integration-test/target/test-dir/MiniOzoneClusterImpl-3c083a2a-a42b-42af-b78a-3f3e8042569f/datanode-2/data/ratis/6a06d6e1-9c73-4798-b6a3-2bed4cbeca1f does not exist. Creating ...
2019-08-29 00:13:07,041 [pool-429-thread-1] INFO  storage.RaftStorageDirectory (RaftStorageDirectory.java:tryLock(328)) - Lock on /workdir/hadoop-ozone/integration-test/target/test-dir/MiniOzoneClusterImpl-3c083a2a-a42b-42af-b78a-3f3e8042569f/datanode-2/data/ratis/6a06d6e1-9c73-4798-b6a3-2bed4cbeca1f/in_use.lock acquired by nodename 28920@pr-hdds-2053-lkbb5-4073252909
2019-08-29 00:13:07,046 [pool-429-thread-1] INFO  storage.RaftStorage (RaftStorage.java:format(72)) - Storage directory /workdir/hadoop-ozone/integration-test/target/test-dir/MiniOzoneClusterImpl-3c083a2a-a42b-42af-b78a-3f3e8042569f/datanode-2/data/ratis/6a06d6e1-9c73-4798-b6a3-2bed4cbeca1f has been successfully formatted.
2019-08-29 00:13:07,046 [pool-429-thread-1] INFO  ratis.ContainerStateMachine (ContainerStateMachine.java:loadSnapshot(227)) - group-2BED4CBECA1F: The snapshot info is null. Setting the last applied indexto:(t:0, i:~)
2019-08-29 00:13:07,046 [pool-429-thread-1] INFO  server.RaftServerConfigKeys (ConfUtils.java:logGet(43)) - raft.server.leader.election.timeout = 120s (custom)
2019-08-29 00:13:07,046 [pool-429-thread-1] INFO  server.RaftServerConfigKeys (ConfUtils.java:logGet(43)) - raft.server.log.use.memory = false (default)
2019-08-29 00:13:07,046 [pool-429-thread-1] INFO  server.RaftServerConfigKeys (ConfUtils.java:logGet(43)) - raft.server.log.purge.gap = 1000000 (custom)
2019-08-29 00:13:07,046 [pool-429-thread-1] INFO  server.RaftServerConfigKeys (ConfUtils.java:logGet(43)) - raft.server.log.appender.buffer.byte-limit = 33554432 (custom)
2019-08-29 00:13:07,046 [pool-429-thread-1] INFO  server.RaftServerConfigKeys (ConfUtils.java:logGet(43)) - raft.server.log.segment.size.max = 1048576 (custom)
2019-08-29 00:13:07,047 [pool-429-thread-1] INFO  server.RaftServerConfigKeys (ConfUtils.java:logGet(43)) - raft.server.log.segment.cache.num.max = 2 (custom)
2019-08-29 00:13:07,047 [pool-429-thread-1] INFO  segmented.SegmentedRaftLogWorker (SegmentedRaftLogWorker.java:<init>(172)) - new ca0bbee5-09c3-476f-9e60-5d34583977c9-SegmentedRaftLogWorker:Storage Directory /workdir/hadoop-ozone/integration-test/target/test-dir/MiniOzoneClusterImpl-3c083a2a-a42b-42af-b78a-3f3e8042569f/datanode-2/data/ratis/6a06d6e1-9c73-4798-b6a3-2bed4cbeca1f for RaftStorage:Storage Directory /workdir/hadoop-ozone/integration-test/target/test-dir/MiniOzoneClusterImpl-3c083a2a-a42b-42af-b78a-3f3e8042569f/datanode-2/data/ratis/6a06d6e1-9c73-4798-b6a3-2bed4cbeca1f
2019-08-29 00:13:07,047 [pool-429-thread-1] INFO  server.RaftServerConfigKeys (ConfUtils.java:logGet(43)) - raft.server.log.queue.byte-limit = 2147483647 (custom)
2019-08-29 00:13:07,047 [pool-429-thread-1] INFO  server.RaftServerConfigKeys (ConfUtils.java:logGet(43)) - raft.server.log.queue.element-limit = 1024 (custom)
2019-08-29 00:13:07,047 [pool-429-thread-1] INFO  server.RaftServerConfigKeys (ConfUtils.java:logGet(43)) - raft.server.log.segment.size.max = 1048576 (custom)
2019-08-29 00:13:07,047 [pool-429-thread-1] INFO  server.RaftServerConfigKeys (ConfUtils.java:logGet(43)) - raft.server.log.preallocated.size = 16384 (custom)
2019-08-29 00:13:07,047 [pool-429-thread-1] INFO  server.RaftServerConfigKeys (ConfUtils.java:logGet(43)) - raft.server.log.write.buffer.size = 33554432 (custom)
2019-08-29 00:13:07,047 [pool-429-thread-1] INFO  server.RaftServerConfigKeys (ConfUtils.java:logGet(43)) - raft.server.log.force.sync.num = 128 (default)
2019-08-29 00:13:07,047 [pool-429-thread-1] INFO  server.RaftServerConfigKeys (ConfUtils.java:logGet(43)) - raft.server.log.statemachine.data.sync = true (default)
2019-08-29 00:13:07,048 [pool-429-thread-1] INFO  server.RaftServerConfigKeys (ConfUtils.java:logGet(43)) - raft.server.log.statemachine.data.sync.timeout = 10s (default)
2019-08-29 00:13:07,048 [pool-429-thread-1] INFO  server.RaftServerConfigKeys (ConfUtils.java:logGet(43)) - raft.server.log.statemachine.data.sync.timeout.retry = -1 (default)
2019-08-29 00:13:07,048 [pool-429-thread-1] INFO  server.RaftServerConfigKeys (ConfUtils.java:logGet(43)) - raft.server.log.statemachine.data.caching.enabled = true (custom)
2019-08-29 00:13:07,048 [pool-429-thread-1] INFO  segmented.SegmentedRaftLogWorker (SegmentedRaftLogWorker.java:lambda$new$0(132)) - ca0bbee5-09c3-476f-9e60-5d34583977c9-SegmentedRaftLogWorker:Storage Directory /workdir/hadoop-ozone/integration-test/target/test-dir/MiniOzoneClusterImpl-3c083a2a-a42b-42af-b78a-3f3e8042569f/datanode-2/data/ratis/6a06d6e1-9c73-4798-b6a3-2bed4cbeca1f: flushIndex: setUnconditionally 0 -> -1
2019-08-29 00:13:07,048 [pool-429-thread-1] INFO  server.RaftServerConfigKeys (ConfUtils.java:logGet(43)) - raft.server.snapshot.auto.trigger.enabled = true (custom)
2019-08-29 00:13:07,048 [pool-429-thread-1] INFO  server.RaftServerConfigKeys (ConfUtils.java:logGet(43)) - raft.server.snapshot.auto.trigger.threshold = 10000 (custom)
2019-08-29 00:13:07,049 [pool-429-thread-1] INFO  server.RaftServerConfigKeys (ConfUtils.java:logGet(43)) - raft.server.retrycache.expirytime = 600000ms (custom)
2019-08-29 00:13:07,049 [pool-429-thread-1] INFO  impl.RaftServerImpl (RaftServerImpl.java:start(180)) - ca0bbee5-09c3-476f-9e60-5d34583977c9: start group-2BED4CBECA1F
2019-08-29 00:13:07,049 [pool-429-thread-1] INFO  impl.RaftServerImpl (RaftServerImpl.java:setRole(171)) - ca0bbee5-09c3-476f-9e60-5d34583977c9:group-2BED4CBECA1F changes role from null to FOLLOWER at term 0 for startAsFollower
2019-08-29 00:13:07,049 [pool-429-thread-1] INFO  impl.RoleInfo (RoleInfo.java:updateAndGet(143)) - ca0bbee5-09c3-476f-9e60-5d34583977c9: start FollowerState
2019-08-29 00:13:07,049 [pool-429-thread-1] INFO  util.JmxRegister (JmxRegister.java:tryRegister(44)) - Successfully registered JMX Bean with object name Ratis:service=RaftServer,group=group-2BED4CBECA1F,id=ca0bbee5-09c3-476f-9e60-5d34583977c9
2019-08-29 00:13:07,051 [RatisPipelineUtilsThread] INFO  pipeline.PipelineStateManager (PipelineStateManager.java:addPipeline(56)) - Created pipeline Pipeline[ Id: 6a06d6e1-9c73-4798-b6a3-2bed4cbeca1f, Nodes: ca0bbee5-09c3-476f-9e60-5d34583977c9{ip: 192.168.5.155, host: pr-hdds-2053-lkbb5-4073252909, networkLocation: /default-rack, certSerialId: null}, Type:RATIS, Factor:ONE, State:OPEN]
2019-08-29 00:13:07,060 [grpc-default-executor-8] INFO  impl.RaftServerProxy (RaftServerProxy.java:addNew(89)) - b00ef5df-dfe4-4d1e-9e05-2ba8895fcbfa: addNew group-3FF470AB4F1E:[5ffd9840-560f-4b42-b626-c678e699dff7:192.168.5.155:33879, ca0bbee5-09c3-476f-9e60-5d34583977c9:192.168.5.155:41534, b00ef5df-dfe4-4d1e-9e05-2ba8895fcbfa:192.168.5.155:42302] returns group-3FF470AB4F1E:java.util.concurrent.CompletableFuture@2d79f699[Not completed]
2019-08-29 00:13:07,061 [grpc-default-executor-1] INFO  impl.RaftServerProxy (RaftServerProxy.java:addNew(89)) - 5ffd9840-560f-4b42-b626-c678e699dff7: addNew group-3FF470AB4F1E:[5ffd9840-560f-4b42-b626-c678e699dff7:192.168.5.155:33879, ca0bbee5-09c3-476f-9e60-5d34583977c9:192.168.5.155:41534, b00ef5df-dfe4-4d1e-9e05-2ba8895fcbfa:192.168.5.155:42302] returns group-3FF470AB4F1E:java.util.concurrent.CompletableFuture@32e51961[Not completed]
2019-08-29 00:13:07,061 [grpc-default-executor-8] INFO  impl.RaftServerProxy (RaftServerProxy.java:addNew(89)) - ca0bbee5-09c3-476f-9e60-5d34583977c9: addNew group-3FF470AB4F1E:[5ffd9840-560f-4b42-b626-c678e699dff7:192.168.5.155:33879, ca0bbee5-09c3-476f-9e60-5d34583977c9:192.168.5.155:41534, b00ef5df-dfe4-4d1e-9e05-2ba8895fcbfa:192.168.5.155:42302] returns group-3FF470AB4F1E:java.util.concurrent.CompletableFuture@57f40aaa[Not completed]
2019-08-29 00:13:07,064 [pool-409-thread-1] INFO  impl.RaftServerImpl (RaftServerImpl.java:<init>(93)) - b00ef5df-dfe4-4d1e-9e05-2ba8895fcbfa: new RaftServerImpl for group-3FF470AB4F1E:[5ffd9840-560f-4b42-b626-c678e699dff7:192.168.5.155:33879, ca0bbee5-09c3-476f-9e60-5d34583977c9:192.168.5.155:41534, b00ef5df-dfe4-4d1e-9e05-2ba8895fcbfa:192.168.5.155:42302] with ContainerStateMachine:uninitialized
2019-08-29 00:13:07,064 [pool-409-thread-1] INFO  server.RaftServerConfigKeys (ConfUtils.java:logGet(43)) - raft.server.rpc.timeout.min = 5s (custom)
2019-08-29 00:13:07,064 [pool-409-thread-1] INFO  server.RaftServerConfigKeys (ConfUtils.java:logGet(43)) - raft.server.rpc.timeout.max = 5200ms (custom)
2019-08-29 00:13:07,064 [pool-409-thread-1] INFO  server.RaftServerConfigKeys (ConfUtils.java:logGet(43)) - raft.server.rpcslowness.timeout = 120s (custom)
2019-08-29 00:13:07,065 [pool-419-thread-1] INFO  impl.RaftServerImpl (RaftServerImpl.java:<init>(93)) - 5ffd9840-560f-4b42-b626-c678e699dff7: new RaftServerImpl for group-3FF470AB4F1E:[5ffd9840-560f-4b42-b626-c678e699dff7:192.168.5.155:33879, ca0bbee5-09c3-476f-9e60-5d34583977c9:192.168.5.155:41534, b00ef5df-dfe4-4d1e-9e05-2ba8895fcbfa:192.168.5.155:42302] with ContainerStateMachine:uninitialized
2019-08-29 00:13:07,065 [pool-409-thread-1] INFO  server.RaftServerConfigKeys (ConfUtils.java:logGet(43)) - raft.server.sleep.deviation.threshold = 300 (default)
2019-08-29 00:13:07,065 [pool-419-thread-1] INFO  server.RaftServerConfigKeys (ConfUtils.java:logGet(43)) - raft.server.rpc.timeout.min = 5s (custom)
2019-08-29 00:13:07,065 [pool-409-thread-1] INFO  server.RaftServerConfigKeys (ConfUtils.java:logGet(43)) - raft.server.log.appender.install.snapshot.enabled = false (custom)
2019-08-29 00:13:07,065 [pool-419-thread-1] INFO  server.RaftServerConfigKeys (ConfUtils.java:logGet(43)) - raft.server.rpc.timeout.max = 5200ms (custom)
2019-08-29 00:13:07,065 [pool-409-thread-1] INFO  impl.RaftServerImpl (ServerState.java:<init>(105)) - b00ef5df-dfe4-4d1e-9e05-2ba8895fcbfa:group-3FF470AB4F1E ConfigurationManager, init=-1: [5ffd9840-560f-4b42-b626-c678e699dff7:192.168.5.155:33879, ca0bbee5-09c3-476f-9e60-5d34583977c9:192.168.5.155:41534, b00ef5df-dfe4-4d1e-9e05-2ba8895fcbfa:192.168.5.155:42302], old=null, confs=<EMPTY_MAP>
2019-08-29 00:13:07,065 [pool-429-thread-1] INFO  impl.RaftServerImpl (RaftServerImpl.java:<init>(93)) - ca0bbee5-09c3-476f-9e60-5d34583977c9: new RaftServerImpl for group-3FF470AB4F1E:[5ffd9840-560f-4b42-b626-c678e699dff7:192.168.5.155:33879, ca0bbee5-09c3-476f-9e60-5d34583977c9:192.168.5.155:41534, b00ef5df-dfe4-4d1e-9e05-2ba8895fcbfa:192.168.5.155:42302] with ContainerStateMachine:uninitialized
2019-08-29 00:13:07,065 [pool-409-thread-1] INFO  server.RaftServerConfigKeys (ConfUtils.java:logGet(43)) - raft.server.storage.dir = [/workdir/hadoop-ozone/integration-test/target/test-dir/MiniOzoneClusterImpl-3c083a2a-a42b-42af-b78a-3f3e8042569f/datanode-0/data/ratis] (custom)
2019-08-29 00:13:07,065 [pool-419-thread-1] INFO  server.RaftServerConfigKeys (ConfUtils.java:logGet(43)) - raft.server.rpcslowness.timeout = 120s (custom)
2019-08-29 00:13:07,065 [pool-429-thread-1] INFO  server.RaftServerConfigKeys (ConfUtils.java:logGet(43)) - raft.server.rpc.timeout.min = 5s (custom)
2019-08-29 00:13:07,066 [pool-419-thread-1] INFO  server.RaftServerConfigKeys (ConfUtils.java:logGet(43)) - raft.server.sleep.deviation.threshold = 300 (default)
2019-08-29 00:13:07,066 [pool-409-thread-1] INFO  storage.RaftStorageDirectory (RaftStorageDirectory.java:analyzeStorage(246)) - The storage directory /workdir/hadoop-ozone/integration-test/target/test-dir/MiniOzoneClusterImpl-3c083a2a-a42b-42af-b78a-3f3e8042569f/datanode-0/data/ratis/a7ff0b15-756b-42ba-82b6-3ff470ab4f1e does not exist. Creating ...
2019-08-29 00:13:07,066 [pool-429-thread-1] INFO  server.RaftServerConfigKeys (ConfUtils.java:logGet(43)) - raft.server.rpc.timeout.max = 5200ms (custom)
2019-08-29 00:13:07,066 [pool-419-thread-1] INFO  server.RaftServerConfigKeys (ConfUtils.java:logGet(43)) - raft.server.log.appender.install.snapshot.enabled = false (custom)
2019-08-29 00:13:07,066 [pool-429-thread-1] INFO  server.RaftServerConfigKeys (ConfUtils.java:logGet(43)) - raft.server.rpcslowness.timeout = 120s (custom)
2019-08-29 00:13:07,066 [pool-419-thread-1] INFO  impl.RaftServerImpl (ServerState.java:<init>(105)) - 5ffd9840-560f-4b42-b626-c678e699dff7:group-3FF470AB4F1E ConfigurationManager, init=-1: [5ffd9840-560f-4b42-b626-c678e699dff7:192.168.5.155:33879, ca0bbee5-09c3-476f-9e60-5d34583977c9:192.168.5.155:41534, b00ef5df-dfe4-4d1e-9e05-2ba8895fcbfa:192.168.5.155:42302], old=null, confs=<EMPTY_MAP>
2019-08-29 00:13:07,066 [pool-429-thread-1] INFO  server.RaftServerConfigKeys (ConfUtils.java:logGet(43)) - raft.server.sleep.deviation.threshold = 300 (default)
2019-08-29 00:13:07,066 [pool-419-thread-1] INFO  server.RaftServerConfigKeys (ConfUtils.java:logGet(43)) - raft.server.storage.dir = [/workdir/hadoop-ozone/integration-test/target/test-dir/MiniOzoneClusterImpl-3c083a2a-a42b-42af-b78a-3f3e8042569f/datanode-1/data/ratis] (custom)
2019-08-29 00:13:07,067 [pool-429-thread-1] INFO  server.RaftServerConfigKeys (ConfUtils.java:logGet(43)) - raft.server.log.appender.install.snapshot.enabled = false (custom)
2019-08-29 00:13:07,067 [pool-429-thread-1] INFO  impl.RaftServerImpl (ServerState.java:<init>(105)) - ca0bbee5-09c3-476f-9e60-5d34583977c9:group-3FF470AB4F1E ConfigurationManager, init=-1: [5ffd9840-560f-4b42-b626-c678e699dff7:192.168.5.155:33879, ca0bbee5-09c3-476f-9e60-5d34583977c9:192.168.5.155:41534, b00ef5df-dfe4-4d1e-9e05-2ba8895fcbfa:192.168.5.155:42302], old=null, confs=<EMPTY_MAP>
2019-08-29 00:13:07,067 [pool-419-thread-1] INFO  storage.RaftStorageDirectory (RaftStorageDirectory.java:analyzeStorage(246)) - The storage directory /workdir/hadoop-ozone/integration-test/target/test-dir/MiniOzoneClusterImpl-3c083a2a-a42b-42af-b78a-3f3e8042569f/datanode-1/data/ratis/a7ff0b15-756b-42ba-82b6-3ff470ab4f1e does not exist. Creating ...
2019-08-29 00:13:07,067 [pool-429-thread-1] INFO  server.RaftServerConfigKeys (ConfUtils.java:logGet(43)) - raft.server.storage.dir = [/workdir/hadoop-ozone/integration-test/target/test-dir/MiniOzoneClusterImpl-3c083a2a-a42b-42af-b78a-3f3e8042569f/datanode-2/data/ratis] (custom)
2019-08-29 00:13:07,067 [pool-429-thread-1] INFO  storage.RaftStorageDirectory (RaftStorageDirectory.java:analyzeStorage(246)) - The storage directory /workdir/hadoop-ozone/integration-test/target/test-dir/MiniOzoneClusterImpl-3c083a2a-a42b-42af-b78a-3f3e8042569f/datanode-2/data/ratis/a7ff0b15-756b-42ba-82b6-3ff470ab4f1e does not exist. Creating ...
2019-08-29 00:13:07,078 [pool-429-thread-1] INFO  storage.RaftStorageDirectory (RaftStorageDirectory.java:tryLock(328)) - Lock on /workdir/hadoop-ozone/integration-test/target/test-dir/MiniOzoneClusterImpl-3c083a2a-a42b-42af-b78a-3f3e8042569f/datanode-2/data/ratis/a7ff0b15-756b-42ba-82b6-3ff470ab4f1e/in_use.lock acquired by nodename 28920@pr-hdds-2053-lkbb5-4073252909
2019-08-29 00:13:07,078 [pool-409-thread-1] INFO  storage.RaftStorageDirectory (RaftStorageDirectory.java:tryLock(328)) - Lock on /workdir/hadoop-ozone/integration-test/target/test-dir/MiniOzoneClusterImpl-3c083a2a-a42b-42af-b78a-3f3e8042569f/datanode-0/data/ratis/a7ff0b15-756b-42ba-82b6-3ff470ab4f1e/in_use.lock acquired by nodename 28920@pr-hdds-2053-lkbb5-4073252909
2019-08-29 00:13:07,078 [pool-419-thread-1] INFO  storage.RaftStorageDirectory (RaftStorageDirectory.java:tryLock(328)) - Lock on /workdir/hadoop-ozone/integration-test/target/test-dir/MiniOzoneClusterImpl-3c083a2a-a42b-42af-b78a-3f3e8042569f/datanode-1/data/ratis/a7ff0b15-756b-42ba-82b6-3ff470ab4f1e/in_use.lock acquired by nodename 28920@pr-hdds-2053-lkbb5-4073252909
2019-08-29 00:13:07,079 [IPC Server handler 0 on 44980] INFO  net.NetworkTopology (NetworkTopologyImpl.java:add(110)) - Added a new node: /default-rack/8e43d282-58ca-4330-8134-d5621fdf2dd0
2019-08-29 00:13:07,080 [IPC Server handler 0 on 44980] INFO  node.SCMNodeManager (SCMNodeManager.java:register(273)) - Registered Data node : 8e43d282-58ca-4330-8134-d5621fdf2dd0{ip: 192.168.5.155, host: pr-hdds-2053-lkbb5-4073252909, networkLocation: /default-rack, certSerialId: null}
2019-08-29 00:13:07,080 | INFO  | SCMAudit | user=jenkins1000 | ip=192.168.5.155 | op=REGISTER {datanodeDetails=8e43d282-58ca-4330-8134-d5621fdf2dd0{ip: 192.168.5.155, host: pr-hdds-2053-lkbb5-4073252909, networkLocation: /default-rack, certSerialId: null}} | ret=SUCCESS |  
2019-08-29 00:13:07,091 [pool-409-thread-1] INFO  storage.RaftStorage (RaftStorage.java:format(72)) - Storage directory /workdir/hadoop-ozone/integration-test/target/test-dir/MiniOzoneClusterImpl-3c083a2a-a42b-42af-b78a-3f3e8042569f/datanode-0/data/ratis/a7ff0b15-756b-42ba-82b6-3ff470ab4f1e has been successfully formatted.
2019-08-29 00:13:07,091 [pool-419-thread-1] INFO  storage.RaftStorage (RaftStorage.java:format(72)) - Storage directory /workdir/hadoop-ozone/integration-test/target/test-dir/MiniOzoneClusterImpl-3c083a2a-a42b-42af-b78a-3f3e8042569f/datanode-1/data/ratis/a7ff0b15-756b-42ba-82b6-3ff470ab4f1e has been successfully formatted.
2019-08-29 00:13:07,091 [pool-429-thread-1] INFO  storage.RaftStorage (RaftStorage.java:format(72)) - Storage directory /workdir/hadoop-ozone/integration-test/target/test-dir/MiniOzoneClusterImpl-3c083a2a-a42b-42af-b78a-3f3e8042569f/datanode-2/data/ratis/a7ff0b15-756b-42ba-82b6-3ff470ab4f1e has been successfully formatted.
2019-08-29 00:13:07,092 [pool-419-thread-1] INFO  ratis.ContainerStateMachine (ContainerStateMachine.java:loadSnapshot(227)) - group-3FF470AB4F1E: The snapshot info is null. Setting the last applied indexto:(t:0, i:~)
2019-08-29 00:13:07,092 [pool-409-thread-1] INFO  ratis.ContainerStateMachine (ContainerStateMachine.java:loadSnapshot(227)) - group-3FF470AB4F1E: The snapshot info is null. Setting the last applied indexto:(t:0, i:~)
2019-08-29 00:13:07,092 [pool-419-thread-1] INFO  server.RaftServerConfigKeys (ConfUtils.java:logGet(43)) - raft.server.leader.election.timeout = 120s (custom)
2019-08-29 00:13:07,092 [pool-429-thread-1] INFO  ratis.ContainerStateMachine (ContainerStateMachine.java:loadSnapshot(227)) - group-3FF470AB4F1E: The snapshot info is null. Setting the last applied indexto:(t:0, i:~)
2019-08-29 00:13:07,092 [pool-419-thread-1] INFO  server.RaftServerConfigKeys (ConfUtils.java:logGet(43)) - raft.server.log.use.memory = false (default)
2019-08-29 00:13:07,092 [pool-409-thread-1] INFO  server.RaftServerConfigKeys (ConfUtils.java:logGet(43)) - raft.server.leader.election.timeout = 120s (custom)
2019-08-29 00:13:07,092 [pool-419-thread-1] INFO  server.RaftServerConfigKeys (ConfUtils.java:logGet(43)) - raft.server.log.purge.gap = 1000000 (custom)
2019-08-29 00:13:07,092 [pool-429-thread-1] INFO  server.RaftServerConfigKeys (ConfUtils.java:logGet(43)) - raft.server.leader.election.timeout = 120s (custom)
2019-08-29 00:13:07,093 [pool-419-thread-1] INFO  server.RaftServerConfigKeys (ConfUtils.java:logGet(43)) - raft.server.log.appender.buffer.byte-limit = 33554432 (custom)
2019-08-29 00:13:07,092 [pool-409-thread-1] INFO  server.RaftServerConfigKeys (ConfUtils.java:logGet(43)) - raft.server.log.use.memory = false (default)
2019-08-29 00:13:07,093 [pool-419-thread-1] INFO  server.RaftServerConfigKeys (ConfUtils.java:logGet(43)) - raft.server.log.segment.size.max = 1048576 (custom)
2019-08-29 00:13:07,093 [pool-429-thread-1] INFO  server.RaftServerConfigKeys (ConfUtils.java:logGet(43)) - raft.server.log.use.memory = false (default)
2019-08-29 00:13:07,093 [pool-419-thread-1] INFO  server.RaftServerConfigKeys (ConfUtils.java:logGet(43)) - raft.server.log.segment.cache.num.max = 2 (custom)
2019-08-29 00:13:07,093 [pool-409-thread-1] INFO  server.RaftServerConfigKeys (ConfUtils.java:logGet(43)) - raft.server.log.purge.gap = 1000000 (custom)
2019-08-29 00:13:07,093 [pool-419-thread-1] INFO  segmented.SegmentedRaftLogWorker (SegmentedRaftLogWorker.java:<init>(172)) - new 5ffd9840-560f-4b42-b626-c678e699dff7-SegmentedRaftLogWorker:Storage Directory /workdir/hadoop-ozone/integration-test/target/test-dir/MiniOzoneClusterImpl-3c083a2a-a42b-42af-b78a-3f3e8042569f/datanode-1/data/ratis/a7ff0b15-756b-42ba-82b6-3ff470ab4f1e for RaftStorage:Storage Directory /workdir/hadoop-ozone/integration-test/target/test-dir/MiniOzoneClusterImpl-3c083a2a-a42b-42af-b78a-3f3e8042569f/datanode-1/data/ratis/a7ff0b15-756b-42ba-82b6-3ff470ab4f1e
2019-08-29 00:13:07,093 [pool-429-thread-1] INFO  server.RaftServerConfigKeys (ConfUtils.java:logGet(43)) - raft.server.log.purge.gap = 1000000 (custom)
2019-08-29 00:13:07,094 [pool-419-thread-1] INFO  server.RaftServerConfigKeys (ConfUtils.java:logGet(43)) - raft.server.log.queue.byte-limit = 2147483647 (custom)
2019-08-29 00:13:07,094 [pool-409-thread-1] INFO  server.RaftServerConfigKeys (ConfUtils.java:logGet(43)) - raft.server.log.appender.buffer.byte-limit = 33554432 (custom)
2019-08-29 00:13:07,094 [pool-419-thread-1] INFO  server.RaftServerConfigKeys (ConfUtils.java:logGet(43)) - raft.server.log.queue.element-limit = 1024 (custom)
2019-08-29 00:13:07,094 [pool-429-thread-1] INFO  server.RaftServerConfigKeys (ConfUtils.java:logGet(43)) - raft.server.log.appender.buffer.byte-limit = 33554432 (custom)
2019-08-29 00:13:07,094 [pool-419-thread-1] INFO  server.RaftServerConfigKeys (ConfUtils.java:logGet(43)) - raft.server.log.segment.size.max = 1048576 (custom)
2019-08-29 00:13:07,094 [pool-409-thread-1] INFO  server.RaftServerConfigKeys (ConfUtils.java:logGet(43)) - raft.server.log.segment.size.max = 1048576 (custom)
2019-08-29 00:13:07,095 [pool-419-thread-1] INFO  server.RaftServerConfigKeys (ConfUtils.java:logGet(43)) - raft.server.log.preallocated.size = 16384 (custom)
2019-08-29 00:13:07,094 [pool-429-thread-1] INFO  server.RaftServerConfigKeys (ConfUtils.java:logGet(43)) - raft.server.log.segment.size.max = 1048576 (custom)
2019-08-29 00:13:07,095 [pool-419-thread-1] INFO  server.RaftServerConfigKeys (ConfUtils.java:logGet(43)) - raft.server.log.write.buffer.size = 33554432 (custom)
2019-08-29 00:13:07,095 [pool-409-thread-1] INFO  server.RaftServerConfigKeys (ConfUtils.java:logGet(43)) - raft.server.log.segment.cache.num.max = 2 (custom)
2019-08-29 00:13:07,095 [pool-419-thread-1] INFO  server.RaftServerConfigKeys (ConfUtils.java:logGet(43)) - raft.server.log.force.sync.num = 128 (default)
2019-08-29 00:13:07,095 [pool-419-thread-1] INFO  server.RaftServerConfigKeys (ConfUtils.java:logGet(43)) - raft.server.log.statemachine.data.sync = true (default)
2019-08-29 00:13:07,095 [pool-429-thread-1] INFO  server.RaftServerConfigKeys (ConfUtils.java:logGet(43)) - raft.server.log.segment.cache.num.max = 2 (custom)
2019-08-29 00:13:07,096 [pool-419-thread-1] INFO  server.RaftServerConfigKeys (ConfUtils.java:logGet(43)) - raft.server.log.statemachine.data.sync.timeout = 10s (default)
2019-08-29 00:13:07,096 [pool-419-thread-1] INFO  server.RaftServerConfigKeys (ConfUtils.java:logGet(43)) - raft.server.log.statemachine.data.sync.timeout.retry = -1 (default)
2019-08-29 00:13:07,095 [pool-409-thread-1] INFO  segmented.SegmentedRaftLogWorker (SegmentedRaftLogWorker.java:<init>(172)) - new b00ef5df-dfe4-4d1e-9e05-2ba8895fcbfa-SegmentedRaftLogWorker:Storage Directory /workdir/hadoop-ozone/integration-test/target/test-dir/MiniOzoneClusterImpl-3c083a2a-a42b-42af-b78a-3f3e8042569f/datanode-0/data/ratis/a7ff0b15-756b-42ba-82b6-3ff470ab4f1e for RaftStorage:Storage Directory /workdir/hadoop-ozone/integration-test/target/test-dir/MiniOzoneClusterImpl-3c083a2a-a42b-42af-b78a-3f3e8042569f/datanode-0/data/ratis/a7ff0b15-756b-42ba-82b6-3ff470ab4f1e
2019-08-29 00:13:07,096 [pool-419-thread-1] INFO  server.RaftServerConfigKeys (ConfUtils.java:logGet(43)) - raft.server.log.statemachine.data.caching.enabled = true (custom)
2019-08-29 00:13:07,096 [pool-429-thread-1] INFO  segmented.SegmentedRaftLogWorker (SegmentedRaftLogWorker.java:<init>(172)) - new ca0bbee5-09c3-476f-9e60-5d34583977c9-SegmentedRaftLogWorker:Storage Directory /workdir/hadoop-ozone/integration-test/target/test-dir/MiniOzoneClusterImpl-3c083a2a-a42b-42af-b78a-3f3e8042569f/datanode-2/data/ratis/a7ff0b15-756b-42ba-82b6-3ff470ab4f1e for RaftStorage:Storage Directory /workdir/hadoop-ozone/integration-test/target/test-dir/MiniOzoneClusterImpl-3c083a2a-a42b-42af-b78a-3f3e8042569f/datanode-2/data/ratis/a7ff0b15-756b-42ba-82b6-3ff470ab4f1e
2019-08-29 00:13:07,096 [pool-409-thread-1] INFO  server.RaftServerConfigKeys (ConfUtils.java:logGet(43)) - raft.server.log.queue.byte-limit = 2147483647 (custom)
2019-08-29 00:13:07,096 [pool-429-thread-1] INFO  server.RaftServerConfigKeys (ConfUtils.java:logGet(43)) - raft.server.log.queue.byte-limit = 2147483647 (custom)
2019-08-29 00:13:07,096 [pool-419-thread-1] INFO  segmented.SegmentedRaftLogWorker (SegmentedRaftLogWorker.java:lambda$new$0(132)) - 5ffd9840-560f-4b42-b626-c678e699dff7-SegmentedRaftLogWorker:Storage Directory /workdir/hadoop-ozone/integration-test/target/test-dir/MiniOzoneClusterImpl-3c083a2a-a42b-42af-b78a-3f3e8042569f/datanode-1/data/ratis/a7ff0b15-756b-42ba-82b6-3ff470ab4f1e: flushIndex: setUnconditionally 0 -> -1
2019-08-29 00:13:07,097 [pool-429-thread-1] INFO  server.RaftServerConfigKeys (ConfUtils.java:logGet(43)) - raft.server.log.queue.element-limit = 1024 (custom)
2019-08-29 00:13:07,097 [pool-409-thread-1] INFO  server.RaftServerConfigKeys (ConfUtils.java:logGet(43)) - raft.server.log.queue.element-limit = 1024 (custom)
2019-08-29 00:13:07,097 [pool-429-thread-1] INFO  server.RaftServerConfigKeys (ConfUtils.java:logGet(43)) - raft.server.log.segment.size.max = 1048576 (custom)
2019-08-29 00:13:07,097 [pool-419-thread-1] INFO  server.RaftServerConfigKeys (ConfUtils.java:logGet(43)) - raft.server.snapshot.auto.trigger.enabled = true (custom)
2019-08-29 00:13:07,097 [pool-429-thread-1] INFO  server.RaftServerConfigKeys (ConfUtils.java:logGet(43)) - raft.server.log.preallocated.size = 16384 (custom)
2019-08-29 00:13:07,098 [pool-429-thread-1] INFO  server.RaftServerConfigKeys (ConfUtils.java:logGet(43)) - raft.server.log.write.buffer.size = 33554432 (custom)
2019-08-29 00:13:07,097 [pool-409-thread-1] INFO  server.RaftServerConfigKeys (ConfUtils.java:logGet(43)) - raft.server.log.segment.size.max = 1048576 (custom)
2019-08-29 00:13:07,098 [pool-429-thread-1] INFO  server.RaftServerConfigKeys (ConfUtils.java:logGet(43)) - raft.server.log.force.sync.num = 128 (default)
2019-08-29 00:13:07,098 [pool-419-thread-1] INFO  server.RaftServerConfigKeys (ConfUtils.java:logGet(43)) - raft.server.snapshot.auto.trigger.threshold = 10000 (custom)
2019-08-29 00:13:07,098 [pool-429-thread-1] INFO  server.RaftServerConfigKeys (ConfUtils.java:logGet(43)) - raft.server.log.statemachine.data.sync = true (default)
2019-08-29 00:13:07,098 [pool-409-thread-1] INFO  server.RaftServerConfigKeys (ConfUtils.java:logGet(43)) - raft.server.log.preallocated.size = 16384 (custom)
2019-08-29 00:13:07,099 [pool-429-thread-1] INFO  server.RaftServerConfigKeys (ConfUtils.java:logGet(43)) - raft.server.log.statemachine.data.sync.timeout = 10s (default)
2019-08-29 00:13:07,099 [pool-429-thread-1] INFO  server.RaftServerConfigKeys (ConfUtils.java:logGet(43)) - raft.server.log.statemachine.data.sync.timeout.retry = -1 (default)
2019-08-29 00:13:07,098 [pool-419-thread-1] INFO  server.RaftServerConfigKeys (ConfUtils.java:logGet(43)) - raft.server.retrycache.expirytime = 600000ms (custom)
2019-08-29 00:13:07,099 [pool-429-thread-1] INFO  server.RaftServerConfigKeys (ConfUtils.java:logGet(43)) - raft.server.log.statemachine.data.caching.enabled = true (custom)
2019-08-29 00:13:07,099 [pool-409-thread-1] INFO  server.RaftServerConfigKeys (ConfUtils.java:logGet(43)) - raft.server.log.write.buffer.size = 33554432 (custom)
2019-08-29 00:13:07,099 [pool-419-thread-1] INFO  impl.RaftServerImpl (RaftServerImpl.java:start(180)) - 5ffd9840-560f-4b42-b626-c678e699dff7: start group-3FF470AB4F1E
2019-08-29 00:13:07,100 [pool-429-thread-1] INFO  segmented.SegmentedRaftLogWorker (SegmentedRaftLogWorker.java:lambda$new$0(132)) - ca0bbee5-09c3-476f-9e60-5d34583977c9-SegmentedRaftLogWorker:Storage Directory /workdir/hadoop-ozone/integration-test/target/test-dir/MiniOzoneClusterImpl-3c083a2a-a42b-42af-b78a-3f3e8042569f/datanode-2/data/ratis/a7ff0b15-756b-42ba-82b6-3ff470ab4f1e: flushIndex: setUnconditionally 0 -> -1
2019-08-29 00:13:07,100 [pool-409-thread-1] INFO  server.RaftServerConfigKeys (ConfUtils.java:logGet(43)) - raft.server.log.force.sync.num = 128 (default)
2019-08-29 00:13:07,100 [pool-419-thread-1] INFO  impl.RaftServerImpl (RaftServerImpl.java:setRole(171)) - 5ffd9840-560f-4b42-b626-c678e699dff7:group-3FF470AB4F1E changes role from null to FOLLOWER at term 0 for startAsFollower
2019-08-29 00:13:07,100 [pool-429-thread-1] INFO  server.RaftServerConfigKeys (ConfUtils.java:logGet(43)) - raft.server.snapshot.auto.trigger.enabled = true (custom)
2019-08-29 00:13:07,100 [pool-409-thread-1] INFO  server.RaftServerConfigKeys (ConfUtils.java:logGet(43)) - raft.server.log.statemachine.data.sync = true (default)
2019-08-29 00:13:07,100 [pool-429-thread-1] INFO  server.RaftServerConfigKeys (ConfUtils.java:logGet(43)) - raft.server.snapshot.auto.trigger.threshold = 10000 (custom)
2019-08-29 00:13:07,100 [pool-419-thread-1] INFO  impl.RoleInfo (RoleInfo.java:updateAndGet(143)) - 5ffd9840-560f-4b42-b626-c678e699dff7: start FollowerState
2019-08-29 00:13:07,101 [pool-429-thread-1] INFO  server.RaftServerConfigKeys (ConfUtils.java:logGet(43)) - raft.server.retrycache.expirytime = 600000ms (custom)
2019-08-29 00:13:07,100 [pool-409-thread-1] INFO  server.RaftServerConfigKeys (ConfUtils.java:logGet(43)) - raft.server.log.statemachine.data.sync.timeout = 10s (default)
2019-08-29 00:13:07,110 [pool-419-thread-1] INFO  util.JmxRegister (JmxRegister.java:tryRegister(44)) - Successfully registered JMX Bean with object name Ratis:service=RaftServer,group=group-3FF470AB4F1E,id=5ffd9840-560f-4b42-b626-c678e699dff7
2019-08-29 00:13:07,111 [pool-409-thread-1] INFO  server.RaftServerConfigKeys (ConfUtils.java:logGet(43)) - raft.server.log.statemachine.data.sync.timeout.retry = -1 (default)
2019-08-29 00:13:07,111 [pool-429-thread-1] INFO  impl.RaftServerImpl (RaftServerImpl.java:start(180)) - ca0bbee5-09c3-476f-9e60-5d34583977c9: start group-3FF470AB4F1E
2019-08-29 00:13:07,117 [pool-409-thread-1] INFO  server.RaftServerConfigKeys (ConfUtils.java:logGet(43)) - raft.server.log.statemachine.data.caching.enabled = true (custom)
2019-08-29 00:13:07,117 [pool-429-thread-1] INFO  impl.RaftServerImpl (RaftServerImpl.java:setRole(171)) - ca0bbee5-09c3-476f-9e60-5d34583977c9:group-3FF470AB4F1E changes role from null to FOLLOWER at term 0 for startAsFollower
2019-08-29 00:13:07,117 [pool-429-thread-1] INFO  impl.RoleInfo (RoleInfo.java:updateAndGet(143)) - ca0bbee5-09c3-476f-9e60-5d34583977c9: start FollowerState
2019-08-29 00:13:07,117 [pool-409-thread-1] INFO  segmented.SegmentedRaftLogWorker (SegmentedRaftLogWorker.java:lambda$new$0(132)) - b00ef5df-dfe4-4d1e-9e05-2ba8895fcbfa-SegmentedRaftLogWorker:Storage Directory /workdir/hadoop-ozone/integration-test/target/test-dir/MiniOzoneClusterImpl-3c083a2a-a42b-42af-b78a-3f3e8042569f/datanode-0/data/ratis/a7ff0b15-756b-42ba-82b6-3ff470ab4f1e: flushIndex: setUnconditionally 0 -> -1
2019-08-29 00:13:07,118 [pool-429-thread-1] INFO  util.JmxRegister (JmxRegister.java:tryRegister(44)) - Successfully registered JMX Bean with object name Ratis:service=RaftServer,group=group-3FF470AB4F1E,id=ca0bbee5-09c3-476f-9e60-5d34583977c9
2019-08-29 00:13:07,118 [pool-409-thread-1] INFO  server.RaftServerConfigKeys (ConfUtils.java:logGet(43)) - raft.server.snapshot.auto.trigger.enabled = true (custom)
2019-08-29 00:13:07,118 [pool-409-thread-1] INFO  server.RaftServerConfigKeys (ConfUtils.java:logGet(43)) - raft.server.snapshot.auto.trigger.threshold = 10000 (custom)
2019-08-29 00:13:07,118 [pool-409-thread-1] INFO  server.RaftServerConfigKeys (ConfUtils.java:logGet(43)) - raft.server.retrycache.expirytime = 600000ms (custom)
2019-08-29 00:13:07,119 [pool-409-thread-1] INFO  impl.RaftServerImpl (RaftServerImpl.java:start(180)) - b00ef5df-dfe4-4d1e-9e05-2ba8895fcbfa: start group-3FF470AB4F1E
2019-08-29 00:13:07,119 [pool-409-thread-1] INFO  impl.RaftServerImpl (RaftServerImpl.java:setRole(171)) - b00ef5df-dfe4-4d1e-9e05-2ba8895fcbfa:group-3FF470AB4F1E changes role from null to FOLLOWER at term 0 for startAsFollower
2019-08-29 00:13:07,119 [pool-409-thread-1] INFO  impl.RoleInfo (RoleInfo.java:updateAndGet(143)) - b00ef5df-dfe4-4d1e-9e05-2ba8895fcbfa: start FollowerState
2019-08-29 00:13:07,119 [pool-409-thread-1] INFO  util.JmxRegister (JmxRegister.java:tryRegister(44)) - Successfully registered JMX Bean with object name Ratis:service=RaftServer,group=group-3FF470AB4F1E,id=b00ef5df-dfe4-4d1e-9e05-2ba8895fcbfa
2019-08-29 00:13:07,121 [RatisPipelineUtilsThread] INFO  pipeline.PipelineStateManager (PipelineStateManager.java:addPipeline(56)) - Created pipeline Pipeline[ Id: a7ff0b15-756b-42ba-82b6-3ff470ab4f1e, Nodes: 5ffd9840-560f-4b42-b626-c678e699dff7{ip: 192.168.5.155, host: pr-hdds-2053-lkbb5-4073252909, networkLocation: /default-rack, certSerialId: null}b00ef5df-dfe4-4d1e-9e05-2ba8895fcbfa{ip: 192.168.5.155, host: pr-hdds-2053-lkbb5-4073252909, networkLocation: /default-rack, certSerialId: null}ca0bbee5-09c3-476f-9e60-5d34583977c9{ip: 192.168.5.155, host: pr-hdds-2053-lkbb5-4073252909, networkLocation: /default-rack, certSerialId: null}, Type:RATIS, Factor:THREE, State:OPEN]
2019-08-29 00:13:07,141 [IPC Server handler 1 on 44980] INFO  net.NetworkTopology (NetworkTopologyImpl.java:add(110)) - Added a new node: /default-rack/ab1f4f63-5220-4744-95d6-24db2fd27225
2019-08-29 00:13:07,141 [IPC Server handler 1 on 44980] INFO  node.SCMNodeManager (SCMNodeManager.java:register(273)) - Registered Data node : ab1f4f63-5220-4744-95d6-24db2fd27225{ip: 192.168.5.155, host: pr-hdds-2053-lkbb5-4073252909, networkLocation: /default-rack, certSerialId: null}
2019-08-29 00:13:07,142 | INFO  | SCMAudit | user=jenkins1000 | ip=192.168.5.155 | op=REGISTER {datanodeDetails=ab1f4f63-5220-4744-95d6-24db2fd27225{ip: 192.168.5.155, host: pr-hdds-2053-lkbb5-4073252909, networkLocation: /default-rack, certSerialId: null}} | ret=SUCCESS |  
2019-08-29 00:13:07,149 [grpc-default-executor-8] INFO  impl.RaftServerProxy (RaftServerProxy.java:addNew(89)) - 8e43d282-58ca-4330-8134-d5621fdf2dd0: addNew group-A2433840220E:[8e43d282-58ca-4330-8134-d5621fdf2dd0:192.168.5.155:32795] returns group-A2433840220E:java.util.concurrent.CompletableFuture@4d5609d6[Not completed]
2019-08-29 00:13:07,151 [pool-439-thread-1] INFO  impl.RaftServerImpl (RaftServerImpl.java:<init>(93)) - 8e43d282-58ca-4330-8134-d5621fdf2dd0: new RaftServerImpl for group-A2433840220E:[8e43d282-58ca-4330-8134-d5621fdf2dd0:192.168.5.155:32795] with ContainerStateMachine:uninitialized
2019-08-29 00:13:07,151 [pool-439-thread-1] INFO  server.RaftServerConfigKeys (ConfUtils.java:logGet(43)) - raft.server.rpc.timeout.min = 5s (custom)
2019-08-29 00:13:07,151 [pool-439-thread-1] INFO  server.RaftServerConfigKeys (ConfUtils.java:logGet(43)) - raft.server.rpc.timeout.max = 5200ms (custom)
2019-08-29 00:13:07,152 [pool-439-thread-1] INFO  server.RaftServerConfigKeys (ConfUtils.java:logGet(43)) - raft.server.rpcslowness.timeout = 120s (custom)
2019-08-29 00:13:07,152 [pool-439-thread-1] INFO  server.RaftServerConfigKeys (ConfUtils.java:logGet(43)) - raft.server.sleep.deviation.threshold = 300 (default)
2019-08-29 00:13:07,152 [pool-439-thread-1] INFO  server.RaftServerConfigKeys (ConfUtils.java:logGet(43)) - raft.server.log.appender.install.snapshot.enabled = false (custom)
2019-08-29 00:13:07,152 [pool-439-thread-1] INFO  impl.RaftServerImpl (ServerState.java:<init>(105)) - 8e43d282-58ca-4330-8134-d5621fdf2dd0:group-A2433840220E ConfigurationManager, init=-1: [8e43d282-58ca-4330-8134-d5621fdf2dd0:192.168.5.155:32795], old=null, confs=<EMPTY_MAP>
2019-08-29 00:13:07,152 [pool-439-thread-1] INFO  server.RaftServerConfigKeys (ConfUtils.java:logGet(43)) - raft.server.storage.dir = [/workdir/hadoop-ozone/integration-test/target/test-dir/MiniOzoneClusterImpl-3c083a2a-a42b-42af-b78a-3f3e8042569f/datanode-3/data/ratis] (custom)
2019-08-29 00:13:07,153 [pool-439-thread-1] INFO  storage.RaftStorageDirectory (RaftStorageDirectory.java:analyzeStorage(246)) - The storage directory /workdir/hadoop-ozone/integration-test/target/test-dir/MiniOzoneClusterImpl-3c083a2a-a42b-42af-b78a-3f3e8042569f/datanode-3/data/ratis/be7793d4-3deb-4e57-af9c-a2433840220e does not exist. Creating ...
2019-08-29 00:13:07,165 [pool-439-thread-1] INFO  storage.RaftStorageDirectory (RaftStorageDirectory.java:tryLock(328)) - Lock on /workdir/hadoop-ozone/integration-test/target/test-dir/MiniOzoneClusterImpl-3c083a2a-a42b-42af-b78a-3f3e8042569f/datanode-3/data/ratis/be7793d4-3deb-4e57-af9c-a2433840220e/in_use.lock acquired by nodename 28920@pr-hdds-2053-lkbb5-4073252909
2019-08-29 00:13:07,181 [pool-439-thread-1] INFO  storage.RaftStorage (RaftStorage.java:format(72)) - Storage directory /workdir/hadoop-ozone/integration-test/target/test-dir/MiniOzoneClusterImpl-3c083a2a-a42b-42af-b78a-3f3e8042569f/datanode-3/data/ratis/be7793d4-3deb-4e57-af9c-a2433840220e has been successfully formatted.
2019-08-29 00:13:07,181 [pool-439-thread-1] INFO  ratis.ContainerStateMachine (ContainerStateMachine.java:loadSnapshot(227)) - group-A2433840220E: The snapshot info is null. Setting the last applied indexto:(t:0, i:~)
2019-08-29 00:13:07,182 [pool-439-thread-1] INFO  server.RaftServerConfigKeys (ConfUtils.java:logGet(43)) - raft.server.leader.election.timeout = 120s (custom)
2019-08-29 00:13:07,182 [pool-439-thread-1] INFO  server.RaftServerConfigKeys (ConfUtils.java:logGet(43)) - raft.server.log.use.memory = false (default)
2019-08-29 00:13:07,182 [pool-439-thread-1] INFO  server.RaftServerConfigKeys (ConfUtils.java:logGet(43)) - raft.server.log.purge.gap = 1000000 (custom)
2019-08-29 00:13:07,182 [pool-439-thread-1] INFO  server.RaftServerConfigKeys (ConfUtils.java:logGet(43)) - raft.server.log.appender.buffer.byte-limit = 33554432 (custom)
2019-08-29 00:13:07,182 [pool-439-thread-1] INFO  server.RaftServerConfigKeys (ConfUtils.java:logGet(43)) - raft.server.log.segment.size.max = 1048576 (custom)
2019-08-29 00:13:07,183 [pool-439-thread-1] INFO  server.RaftServerConfigKeys (ConfUtils.java:logGet(43)) - raft.server.log.segment.cache.num.max = 2 (custom)
2019-08-29 00:13:07,183 [pool-439-thread-1] INFO  segmented.SegmentedRaftLogWorker (SegmentedRaftLogWorker.java:<init>(172)) - new 8e43d282-58ca-4330-8134-d5621fdf2dd0-SegmentedRaftLogWorker:Storage Directory /workdir/hadoop-ozone/integration-test/target/test-dir/MiniOzoneClusterImpl-3c083a2a-a42b-42af-b78a-3f3e8042569f/datanode-3/data/ratis/be7793d4-3deb-4e57-af9c-a2433840220e for RaftStorage:Storage Directory /workdir/hadoop-ozone/integration-test/target/test-dir/MiniOzoneClusterImpl-3c083a2a-a42b-42af-b78a-3f3e8042569f/datanode-3/data/ratis/be7793d4-3deb-4e57-af9c-a2433840220e
2019-08-29 00:13:07,183 [pool-439-thread-1] INFO  server.RaftServerConfigKeys (ConfUtils.java:logGet(43)) - raft.server.log.queue.byte-limit = 2147483647 (custom)
2019-08-29 00:13:07,183 [pool-439-thread-1] INFO  server.RaftServerConfigKeys (ConfUtils.java:logGet(43)) - raft.server.log.queue.element-limit = 1024 (custom)
2019-08-29 00:13:07,184 [pool-439-thread-1] INFO  server.RaftServerConfigKeys (ConfUtils.java:logGet(43)) - raft.server.log.segment.size.max = 1048576 (custom)
2019-08-29 00:13:07,184 [pool-439-thread-1] INFO  server.RaftServerConfigKeys (ConfUtils.java:logGet(43)) - raft.server.log.preallocated.size = 16384 (custom)
2019-08-29 00:13:07,184 [pool-439-thread-1] INFO  server.RaftServerConfigKeys (ConfUtils.java:logGet(43)) - raft.server.log.write.buffer.size = 33554432 (custom)
2019-08-29 00:13:07,184 [pool-439-thread-1] INFO  server.RaftServerConfigKeys (ConfUtils.java:logGet(43)) - raft.server.log.force.sync.num = 128 (default)
2019-08-29 00:13:07,184 [pool-439-thread-1] INFO  server.RaftServerConfigKeys (ConfUtils.java:logGet(43)) - raft.server.log.statemachine.data.sync = true (default)
2019-08-29 00:13:07,185 [pool-439-thread-1] INFO  server.RaftServerConfigKeys (ConfUtils.java:logGet(43)) - raft.server.log.statemachine.data.sync.timeout = 10s (default)
2019-08-29 00:13:07,185 [pool-439-thread-1] INFO  server.RaftServerConfigKeys (ConfUtils.java:logGet(43)) - raft.server.log.statemachine.data.sync.timeout.retry = -1 (default)
2019-08-29 00:13:07,185 [pool-439-thread-1] INFO  server.RaftServerConfigKeys (ConfUtils.java:logGet(43)) - raft.server.log.statemachine.data.caching.enabled = true (custom)
2019-08-29 00:13:07,186 [pool-439-thread-1] INFO  segmented.SegmentedRaftLogWorker (SegmentedRaftLogWorker.java:lambda$new$0(132)) - 8e43d282-58ca-4330-8134-d5621fdf2dd0-SegmentedRaftLogWorker:Storage Directory /workdir/hadoop-ozone/integration-test/target/test-dir/MiniOzoneClusterImpl-3c083a2a-a42b-42af-b78a-3f3e8042569f/datanode-3/data/ratis/be7793d4-3deb-4e57-af9c-a2433840220e: flushIndex: setUnconditionally 0 -> -1
2019-08-29 00:13:07,186 [pool-439-thread-1] INFO  server.RaftServerConfigKeys (ConfUtils.java:logGet(43)) - raft.server.snapshot.auto.trigger.enabled = true (custom)
2019-08-29 00:13:07,186 [pool-439-thread-1] INFO  server.RaftServerConfigKeys (ConfUtils.java:logGet(43)) - raft.server.snapshot.auto.trigger.threshold = 10000 (custom)
2019-08-29 00:13:07,186 [pool-439-thread-1] INFO  server.RaftServerConfigKeys (ConfUtils.java:logGet(43)) - raft.server.retrycache.expirytime = 600000ms (custom)
2019-08-29 00:13:07,186 [pool-439-thread-1] INFO  impl.RaftServerImpl (RaftServerImpl.java:start(180)) - 8e43d282-58ca-4330-8134-d5621fdf2dd0: start group-A2433840220E
2019-08-29 00:13:07,187 [pool-439-thread-1] INFO  impl.RaftServerImpl (RaftServerImpl.java:setRole(171)) - 8e43d282-58ca-4330-8134-d5621fdf2dd0:group-A2433840220E changes role from null to FOLLOWER at term 0 for startAsFollower
2019-08-29 00:13:07,187 [pool-439-thread-1] INFO  impl.RoleInfo (RoleInfo.java:updateAndGet(143)) - 8e43d282-58ca-4330-8134-d5621fdf2dd0: start FollowerState
2019-08-29 00:13:07,187 [pool-439-thread-1] INFO  util.JmxRegister (JmxRegister.java:tryRegister(44)) - Successfully registered JMX Bean with object name Ratis:service=RaftServer,group=group-A2433840220E,id=8e43d282-58ca-4330-8134-d5621fdf2dd0
2019-08-29 00:13:07,189 [RatisPipelineUtilsThread] INFO  pipeline.PipelineStateManager (PipelineStateManager.java:addPipeline(56)) - Created pipeline Pipeline[ Id: be7793d4-3deb-4e57-af9c-a2433840220e, Nodes: 8e43d282-58ca-4330-8134-d5621fdf2dd0{ip: 192.168.5.155, host: pr-hdds-2053-lkbb5-4073252909, networkLocation: /default-rack, certSerialId: null}, Type:RATIS, Factor:ONE, State:OPEN]
2019-08-29 00:13:07,197 [grpc-default-executor-8] INFO  impl.RaftServerProxy (RaftServerProxy.java:addNew(89)) - ab1f4f63-5220-4744-95d6-24db2fd27225: addNew group-D68BE58F7E0B:[ab1f4f63-5220-4744-95d6-24db2fd27225:192.168.5.155:45611] returns group-D68BE58F7E0B:java.util.concurrent.CompletableFuture@34fd97c9[Not completed]
2019-08-29 00:13:07,198 [pool-449-thread-1] INFO  impl.RaftServerImpl (RaftServerImpl.java:<init>(93)) - ab1f4f63-5220-4744-95d6-24db2fd27225: new RaftServerImpl for group-D68BE58F7E0B:[ab1f4f63-5220-4744-95d6-24db2fd27225:192.168.5.155:45611] with ContainerStateMachine:uninitialized
2019-08-29 00:13:07,198 [pool-449-thread-1] INFO  server.RaftServerConfigKeys (ConfUtils.java:logGet(43)) - raft.server.rpc.timeout.min = 5s (custom)
2019-08-29 00:13:07,198 [pool-449-thread-1] INFO  server.RaftServerConfigKeys (ConfUtils.java:logGet(43)) - raft.server.rpc.timeout.max = 5200ms (custom)
2019-08-29 00:13:07,198 [pool-449-thread-1] INFO  server.RaftServerConfigKeys (ConfUtils.java:logGet(43)) - raft.server.rpcslowness.timeout = 120s (custom)
2019-08-29 00:13:07,198 [pool-449-thread-1] INFO  server.RaftServerConfigKeys (ConfUtils.java:logGet(43)) - raft.server.sleep.deviation.threshold = 300 (default)
2019-08-29 00:13:07,198 [pool-449-thread-1] INFO  server.RaftServerConfigKeys (ConfUtils.java:logGet(43)) - raft.server.log.appender.install.snapshot.enabled = false (custom)
2019-08-29 00:13:07,198 [pool-449-thread-1] INFO  impl.RaftServerImpl (ServerState.java:<init>(105)) - ab1f4f63-5220-4744-95d6-24db2fd27225:group-D68BE58F7E0B ConfigurationManager, init=-1: [ab1f4f63-5220-4744-95d6-24db2fd27225:192.168.5.155:45611], old=null, confs=<EMPTY_MAP>
2019-08-29 00:13:07,199 [pool-449-thread-1] INFO  server.RaftServerConfigKeys (ConfUtils.java:logGet(43)) - raft.server.storage.dir = [/workdir/hadoop-ozone/integration-test/target/test-dir/MiniOzoneClusterImpl-3c083a2a-a42b-42af-b78a-3f3e8042569f/datanode-4/data/ratis] (custom)
2019-08-29 00:13:07,199 [pool-449-thread-1] INFO  storage.RaftStorageDirectory (RaftStorageDirectory.java:analyzeStorage(246)) - The storage directory /workdir/hadoop-ozone/integration-test/target/test-dir/MiniOzoneClusterImpl-3c083a2a-a42b-42af-b78a-3f3e8042569f/datanode-4/data/ratis/c67a0c4a-b172-4636-b3dc-d68be58f7e0b does not exist. Creating ...
2019-08-29 00:13:07,203 [IPC Server handler 3 on 44980] INFO  net.NetworkTopology (NetworkTopologyImpl.java:add(110)) - Added a new node: /default-rack/6f6426e5-ce14-4107-b742-6d33e6b5f757
2019-08-29 00:13:07,203 [IPC Server handler 3 on 44980] INFO  node.SCMNodeManager (SCMNodeManager.java:register(273)) - Registered Data node : 6f6426e5-ce14-4107-b742-6d33e6b5f757{ip: 192.168.5.155, host: pr-hdds-2053-lkbb5-4073252909, networkLocation: /default-rack, certSerialId: null}
2019-08-29 00:13:07,203 | INFO  | SCMAudit | user=jenkins1000 | ip=192.168.5.155 | op=REGISTER {datanodeDetails=6f6426e5-ce14-4107-b742-6d33e6b5f757{ip: 192.168.5.155, host: pr-hdds-2053-lkbb5-4073252909, networkLocation: /default-rack, certSerialId: null}} | ret=SUCCESS |  
2019-08-29 00:13:07,210 [pool-449-thread-1] INFO  storage.RaftStorageDirectory (RaftStorageDirectory.java:tryLock(328)) - Lock on /workdir/hadoop-ozone/integration-test/target/test-dir/MiniOzoneClusterImpl-3c083a2a-a42b-42af-b78a-3f3e8042569f/datanode-4/data/ratis/c67a0c4a-b172-4636-b3dc-d68be58f7e0b/in_use.lock acquired by nodename 28920@pr-hdds-2053-lkbb5-4073252909
2019-08-29 00:13:07,235 [pool-449-thread-1] INFO  storage.RaftStorage (RaftStorage.java:format(72)) - Storage directory /workdir/hadoop-ozone/integration-test/target/test-dir/MiniOzoneClusterImpl-3c083a2a-a42b-42af-b78a-3f3e8042569f/datanode-4/data/ratis/c67a0c4a-b172-4636-b3dc-d68be58f7e0b has been successfully formatted.
2019-08-29 00:13:07,235 [pool-449-thread-1] INFO  ratis.ContainerStateMachine (ContainerStateMachine.java:loadSnapshot(227)) - group-D68BE58F7E0B: The snapshot info is null. Setting the last applied indexto:(t:0, i:~)
2019-08-29 00:13:07,235 [pool-449-thread-1] INFO  server.RaftServerConfigKeys (ConfUtils.java:logGet(43)) - raft.server.leader.election.timeout = 120s (custom)
2019-08-29 00:13:07,235 [pool-449-thread-1] INFO  server.RaftServerConfigKeys (ConfUtils.java:logGet(43)) - raft.server.log.use.memory = false (default)
2019-08-29 00:13:07,235 [pool-449-thread-1] INFO  server.RaftServerConfigKeys (ConfUtils.java:logGet(43)) - raft.server.log.purge.gap = 1000000 (custom)
2019-08-29 00:13:07,235 [pool-449-thread-1] INFO  server.RaftServerConfigKeys (ConfUtils.java:logGet(43)) - raft.server.log.appender.buffer.byte-limit = 33554432 (custom)
2019-08-29 00:13:07,236 [pool-449-thread-1] INFO  server.RaftServerConfigKeys (ConfUtils.java:logGet(43)) - raft.server.log.segment.size.max = 1048576 (custom)
2019-08-29 00:13:07,236 [pool-449-thread-1] INFO  server.RaftServerConfigKeys (ConfUtils.java:logGet(43)) - raft.server.log.segment.cache.num.max = 2 (custom)
2019-08-29 00:13:07,236 [pool-449-thread-1] INFO  segmented.SegmentedRaftLogWorker (SegmentedRaftLogWorker.java:<init>(172)) - new ab1f4f63-5220-4744-95d6-24db2fd27225-SegmentedRaftLogWorker:Storage Directory /workdir/hadoop-ozone/integration-test/target/test-dir/MiniOzoneClusterImpl-3c083a2a-a42b-42af-b78a-3f3e8042569f/datanode-4/data/ratis/c67a0c4a-b172-4636-b3dc-d68be58f7e0b for RaftStorage:Storage Directory /workdir/hadoop-ozone/integration-test/target/test-dir/MiniOzoneClusterImpl-3c083a2a-a42b-42af-b78a-3f3e8042569f/datanode-4/data/ratis/c67a0c4a-b172-4636-b3dc-d68be58f7e0b
2019-08-29 00:13:07,236 [pool-449-thread-1] INFO  server.RaftServerConfigKeys (ConfUtils.java:logGet(43)) - raft.server.log.queue.byte-limit = 2147483647 (custom)
2019-08-29 00:13:07,236 [pool-449-thread-1] INFO  server.RaftServerConfigKeys (ConfUtils.java:logGet(43)) - raft.server.log.queue.element-limit = 1024 (custom)
2019-08-29 00:13:07,236 [pool-449-thread-1] INFO  server.RaftServerConfigKeys (ConfUtils.java:logGet(43)) - raft.server.log.segment.size.max = 1048576 (custom)
2019-08-29 00:13:07,237 [pool-449-thread-1] INFO  server.RaftServerConfigKeys (ConfUtils.java:logGet(43)) - raft.server.log.preallocated.size = 16384 (custom)
2019-08-29 00:13:07,237 [pool-449-thread-1] INFO  server.RaftServerConfigKeys (ConfUtils.java:logGet(43)) - raft.server.log.write.buffer.size = 33554432 (custom)
2019-08-29 00:13:07,237 [pool-449-thread-1] INFO  server.RaftServerConfigKeys (ConfUtils.java:logGet(43)) - raft.server.log.force.sync.num = 128 (default)
2019-08-29 00:13:07,237 [pool-449-thread-1] INFO  server.RaftServerConfigKeys (ConfUtils.java:logGet(43)) - raft.server.log.statemachine.data.sync = true (default)
2019-08-29 00:13:07,237 [pool-449-thread-1] INFO  server.RaftServerConfigKeys (ConfUtils.java:logGet(43)) - raft.server.log.statemachine.data.sync.timeout = 10s (default)
2019-08-29 00:13:07,237 [pool-449-thread-1] INFO  server.RaftServerConfigKeys (ConfUtils.java:logGet(43)) - raft.server.log.statemachine.data.sync.timeout.retry = -1 (default)
2019-08-29 00:13:07,237 [pool-449-thread-1] INFO  server.RaftServerConfigKeys (ConfUtils.java:logGet(43)) - raft.server.log.statemachine.data.caching.enabled = true (custom)
2019-08-29 00:13:07,238 [pool-449-thread-1] INFO  segmented.SegmentedRaftLogWorker (SegmentedRaftLogWorker.java:lambda$new$0(132)) - ab1f4f63-5220-4744-95d6-24db2fd27225-SegmentedRaftLogWorker:Storage Directory /workdir/hadoop-ozone/integration-test/target/test-dir/MiniOzoneClusterImpl-3c083a2a-a42b-42af-b78a-3f3e8042569f/datanode-4/data/ratis/c67a0c4a-b172-4636-b3dc-d68be58f7e0b: flushIndex: setUnconditionally 0 -> -1
2019-08-29 00:13:07,238 [pool-449-thread-1] INFO  server.RaftServerConfigKeys (ConfUtils.java:logGet(43)) - raft.server.snapshot.auto.trigger.enabled = true (custom)
2019-08-29 00:13:07,238 [pool-449-thread-1] INFO  server.RaftServerConfigKeys (ConfUtils.java:logGet(43)) - raft.server.snapshot.auto.trigger.threshold = 10000 (custom)
2019-08-29 00:13:07,238 [pool-449-thread-1] INFO  server.RaftServerConfigKeys (ConfUtils.java:logGet(43)) - raft.server.retrycache.expirytime = 600000ms (custom)
2019-08-29 00:13:07,238 [pool-449-thread-1] INFO  impl.RaftServerImpl (RaftServerImpl.java:start(180)) - ab1f4f63-5220-4744-95d6-24db2fd27225: start group-D68BE58F7E0B
2019-08-29 00:13:07,239 [pool-449-thread-1] INFO  impl.RaftServerImpl (RaftServerImpl.java:setRole(171)) - ab1f4f63-5220-4744-95d6-24db2fd27225:group-D68BE58F7E0B changes role from null to FOLLOWER at term 0 for startAsFollower
2019-08-29 00:13:07,239 [pool-449-thread-1] INFO  impl.RoleInfo (RoleInfo.java:updateAndGet(143)) - ab1f4f63-5220-4744-95d6-24db2fd27225: start FollowerState
2019-08-29 00:13:07,239 [pool-449-thread-1] INFO  util.JmxRegister (JmxRegister.java:tryRegister(44)) - Successfully registered JMX Bean with object name Ratis:service=RaftServer,group=group-D68BE58F7E0B,id=ab1f4f63-5220-4744-95d6-24db2fd27225
2019-08-29 00:13:07,241 [RatisPipelineUtilsThread] INFO  pipeline.PipelineStateManager (PipelineStateManager.java:addPipeline(56)) - Created pipeline Pipeline[ Id: c67a0c4a-b172-4636-b3dc-d68be58f7e0b, Nodes: ab1f4f63-5220-4744-95d6-24db2fd27225{ip: 192.168.5.155, host: pr-hdds-2053-lkbb5-4073252909, networkLocation: /default-rack, certSerialId: null}, Type:RATIS, Factor:ONE, State:OPEN]
2019-08-29 00:13:07,247 [grpc-default-executor-8] INFO  impl.RaftServerProxy (RaftServerProxy.java:addNew(89)) - 6f6426e5-ce14-4107-b742-6d33e6b5f757: addNew group-338FA014E808:[6f6426e5-ce14-4107-b742-6d33e6b5f757:192.168.5.155:40533] returns group-338FA014E808:java.util.concurrent.CompletableFuture@604f8d96[Not completed]
2019-08-29 00:13:07,248 [pool-459-thread-1] INFO  impl.RaftServerImpl (RaftServerImpl.java:<init>(93)) - 6f6426e5-ce14-4107-b742-6d33e6b5f757: new RaftServerImpl for group-338FA014E808:[6f6426e5-ce14-4107-b742-6d33e6b5f757:192.168.5.155:40533] with ContainerStateMachine:uninitialized
2019-08-29 00:13:07,248 [pool-459-thread-1] INFO  server.RaftServerConfigKeys (ConfUtils.java:logGet(43)) - raft.server.rpc.timeout.min = 5s (custom)
2019-08-29 00:13:07,248 [pool-459-thread-1] INFO  server.RaftServerConfigKeys (ConfUtils.java:logGet(43)) - raft.server.rpc.timeout.max = 5200ms (custom)
2019-08-29 00:13:07,248 [pool-459-thread-1] INFO  server.RaftServerConfigKeys (ConfUtils.java:logGet(43)) - raft.server.rpcslowness.timeout = 120s (custom)
2019-08-29 00:13:07,248 [pool-459-thread-1] INFO  server.RaftServerConfigKeys (ConfUtils.java:logGet(43)) - raft.server.sleep.deviation.threshold = 300 (default)
2019-08-29 00:13:07,248 [pool-459-thread-1] INFO  server.RaftServerConfigKeys (ConfUtils.java:logGet(43)) - raft.server.log.appender.install.snapshot.enabled = false (custom)
2019-08-29 00:13:07,249 [pool-459-thread-1] INFO  impl.RaftServerImpl (ServerState.java:<init>(105)) - 6f6426e5-ce14-4107-b742-6d33e6b5f757:group-338FA014E808 ConfigurationManager, init=-1: [6f6426e5-ce14-4107-b742-6d33e6b5f757:192.168.5.155:40533], old=null, confs=<EMPTY_MAP>
2019-08-29 00:13:07,249 [pool-459-thread-1] INFO  server.RaftServerConfigKeys (ConfUtils.java:logGet(43)) - raft.server.storage.dir = [/workdir/hadoop-ozone/integration-test/target/test-dir/MiniOzoneClusterImpl-3c083a2a-a42b-42af-b78a-3f3e8042569f/datanode-5/data/ratis] (custom)
2019-08-29 00:13:07,249 [pool-459-thread-1] INFO  storage.RaftStorageDirectory (RaftStorageDirectory.java:analyzeStorage(246)) - The storage directory /workdir/hadoop-ozone/integration-test/target/test-dir/MiniOzoneClusterImpl-3c083a2a-a42b-42af-b78a-3f3e8042569f/datanode-5/data/ratis/4691d09e-afe5-41e0-bf3b-338fa014e808 does not exist. Creating ...
2019-08-29 00:13:07,262 [pool-459-thread-1] INFO  storage.RaftStorageDirectory (RaftStorageDirectory.java:tryLock(328)) - Lock on /workdir/hadoop-ozone/integration-test/target/test-dir/MiniOzoneClusterImpl-3c083a2a-a42b-42af-b78a-3f3e8042569f/datanode-5/data/ratis/4691d09e-afe5-41e0-bf3b-338fa014e808/in_use.lock acquired by nodename 28920@pr-hdds-2053-lkbb5-4073252909
2019-08-29 00:13:07,267 [IPC Server handler 4 on 44980] INFO  net.NetworkTopology (NetworkTopologyImpl.java:add(110)) - Added a new node: /default-rack/f23e32b5-1859-4d8d-ab6e-3ad369251285
2019-08-29 00:13:07,267 [IPC Server handler 4 on 44980] INFO  node.SCMNodeManager (SCMNodeManager.java:register(273)) - Registered Data node : f23e32b5-1859-4d8d-ab6e-3ad369251285{ip: 192.168.5.155, host: pr-hdds-2053-lkbb5-4073252909, networkLocation: /default-rack, certSerialId: null}
2019-08-29 00:13:07,267 | INFO  | SCMAudit | user=jenkins1000 | ip=192.168.5.155 | op=REGISTER {datanodeDetails=f23e32b5-1859-4d8d-ab6e-3ad369251285{ip: 192.168.5.155, host: pr-hdds-2053-lkbb5-4073252909, networkLocation: /default-rack, certSerialId: null}} | ret=SUCCESS |  
2019-08-29 00:13:07,268 [main] INFO  ozone.MiniOzoneClusterImpl (MiniOzoneClusterImpl.java:lambda$waitForClusterToBeReady$0(140)) - Cluster is ready. Got 7 of 7 DN Heartbeats.
2019-08-29 00:13:07,275 [pool-459-thread-1] INFO  storage.RaftStorage (RaftStorage.java:format(72)) - Storage directory /workdir/hadoop-ozone/integration-test/target/test-dir/MiniOzoneClusterImpl-3c083a2a-a42b-42af-b78a-3f3e8042569f/datanode-5/data/ratis/4691d09e-afe5-41e0-bf3b-338fa014e808 has been successfully formatted.
2019-08-29 00:13:07,276 [pool-459-thread-1] INFO  ratis.ContainerStateMachine (ContainerStateMachine.java:loadSnapshot(227)) - group-338FA014E808: The snapshot info is null. Setting the last applied indexto:(t:0, i:~)
2019-08-29 00:13:07,276 [pool-459-thread-1] INFO  server.RaftServerConfigKeys (ConfUtils.java:logGet(43)) - raft.server.leader.election.timeout = 120s (custom)
2019-08-29 00:13:07,276 [pool-459-thread-1] INFO  server.RaftServerConfigKeys (ConfUtils.java:logGet(43)) - raft.server.log.use.memory = false (default)
2019-08-29 00:13:07,276 [pool-459-thread-1] INFO  server.RaftServerConfigKeys (ConfUtils.java:logGet(43)) - raft.server.log.purge.gap = 1000000 (custom)
2019-08-29 00:13:07,276 [pool-459-thread-1] INFO  server.RaftServerConfigKeys (ConfUtils.java:logGet(43)) - raft.server.log.appender.buffer.byte-limit = 33554432 (custom)
2019-08-29 00:13:07,276 [pool-459-thread-1] INFO  server.RaftServerConfigKeys (ConfUtils.java:logGet(43)) - raft.server.log.segment.size.max = 1048576 (custom)
2019-08-29 00:13:07,276 [pool-459-thread-1] INFO  server.RaftServerConfigKeys (ConfUtils.java:logGet(43)) - raft.server.log.segment.cache.num.max = 2 (custom)
2019-08-29 00:13:07,276 [pool-459-thread-1] INFO  segmented.SegmentedRaftLogWorker (SegmentedRaftLogWorker.java:<init>(172)) - new 6f6426e5-ce14-4107-b742-6d33e6b5f757-SegmentedRaftLogWorker:Storage Directory /workdir/hadoop-ozone/integration-test/target/test-dir/MiniOzoneClusterImpl-3c083a2a-a42b-42af-b78a-3f3e8042569f/datanode-5/data/ratis/4691d09e-afe5-41e0-bf3b-338fa014e808 for RaftStorage:Storage Directory /workdir/hadoop-ozone/integration-test/target/test-dir/MiniOzoneClusterImpl-3c083a2a-a42b-42af-b78a-3f3e8042569f/datanode-5/data/ratis/4691d09e-afe5-41e0-bf3b-338fa014e808
2019-08-29 00:13:07,279 [pool-459-thread-1] INFO  server.RaftServerConfigKeys (ConfUtils.java:logGet(43)) - raft.server.log.queue.byte-limit = 2147483647 (custom)
2019-08-29 00:13:07,279 [pool-459-thread-1] INFO  server.RaftServerConfigKeys (ConfUtils.java:logGet(43)) - raft.server.log.queue.element-limit = 1024 (custom)
2019-08-29 00:13:07,279 [pool-459-thread-1] INFO  server.RaftServerConfigKeys (ConfUtils.java:logGet(43)) - raft.server.log.segment.size.max = 1048576 (custom)
2019-08-29 00:13:07,279 [pool-459-thread-1] INFO  server.RaftServerConfigKeys (ConfUtils.java:logGet(43)) - raft.server.log.preallocated.size = 16384 (custom)
2019-08-29 00:13:07,279 [pool-459-thread-1] INFO  server.RaftServerConfigKeys (ConfUtils.java:logGet(43)) - raft.server.log.write.buffer.size = 33554432 (custom)
2019-08-29 00:13:07,279 [pool-459-thread-1] INFO  server.RaftServerConfigKeys (ConfUtils.java:logGet(43)) - raft.server.log.force.sync.num = 128 (default)
2019-08-29 00:13:07,279 [pool-459-thread-1] INFO  server.RaftServerConfigKeys (ConfUtils.java:logGet(43)) - raft.server.log.statemachine.data.sync = true (default)
2019-08-29 00:13:07,284 [pool-459-thread-1] INFO  server.RaftServerConfigKeys (ConfUtils.java:logGet(43)) - raft.server.log.statemachine.data.sync.timeout = 10s (default)
2019-08-29 00:13:07,286 [pool-459-thread-1] INFO  server.RaftServerConfigKeys (ConfUtils.java:logGet(43)) - raft.server.log.statemachine.data.sync.timeout.retry = -1 (default)
2019-08-29 00:13:07,293 [pool-459-thread-1] INFO  server.RaftServerConfigKeys (ConfUtils.java:logGet(43)) - raft.server.log.statemachine.data.caching.enabled = true (custom)
2019-08-29 00:13:07,294 [pool-459-thread-1] INFO  segmented.SegmentedRaftLogWorker (SegmentedRaftLogWorker.java:lambda$new$0(132)) - 6f6426e5-ce14-4107-b742-6d33e6b5f757-SegmentedRaftLogWorker:Storage Directory /workdir/hadoop-ozone/integration-test/target/test-dir/MiniOzoneClusterImpl-3c083a2a-a42b-42af-b78a-3f3e8042569f/datanode-5/data/ratis/4691d09e-afe5-41e0-bf3b-338fa014e808: flushIndex: setUnconditionally 0 -> -1
2019-08-29 00:13:07,294 [pool-459-thread-1] INFO  server.RaftServerConfigKeys (ConfUtils.java:logGet(43)) - raft.server.snapshot.auto.trigger.enabled = true (custom)
2019-08-29 00:13:07,294 [pool-459-thread-1] INFO  server.RaftServerConfigKeys (ConfUtils.java:logGet(43)) - raft.server.snapshot.auto.trigger.threshold = 10000 (custom)
2019-08-29 00:13:07,294 [pool-459-thread-1] INFO  server.RaftServerConfigKeys (ConfUtils.java:logGet(43)) - raft.server.retrycache.expirytime = 600000ms (custom)
2019-08-29 00:13:07,294 [pool-459-thread-1] INFO  impl.RaftServerImpl (RaftServerImpl.java:start(180)) - 6f6426e5-ce14-4107-b742-6d33e6b5f757: start group-338FA014E808
2019-08-29 00:13:07,294 [pool-459-thread-1] INFO  impl.RaftServerImpl (RaftServerImpl.java:setRole(171)) - 6f6426e5-ce14-4107-b742-6d33e6b5f757:group-338FA014E808 changes role from null to FOLLOWER at term 0 for startAsFollower
2019-08-29 00:13:07,295 [pool-459-thread-1] INFO  impl.RoleInfo (RoleInfo.java:updateAndGet(143)) - 6f6426e5-ce14-4107-b742-6d33e6b5f757: start FollowerState
2019-08-29 00:13:07,295 [pool-459-thread-1] INFO  util.JmxRegister (JmxRegister.java:tryRegister(44)) - Successfully registered JMX Bean with object name Ratis:service=RaftServer,group=group-338FA014E808,id=6f6426e5-ce14-4107-b742-6d33e6b5f757
2019-08-29 00:13:07,296 [main] INFO  rpc.RpcClient (RpcClient.java:createVolume(293)) - Creating Volume: testblockoutputstream, with jenkins1000 as owner.
2019-08-29 00:13:07,297 [RatisPipelineUtilsThread] INFO  pipeline.PipelineStateManager (PipelineStateManager.java:addPipeline(56)) - Created pipeline Pipeline[ Id: 4691d09e-afe5-41e0-bf3b-338fa014e808, Nodes: 6f6426e5-ce14-4107-b742-6d33e6b5f757{ip: 192.168.5.155, host: pr-hdds-2053-lkbb5-4073252909, networkLocation: /default-rack, certSerialId: null}, Type:RATIS, Factor:ONE, State:OPEN]
2019-08-29 00:13:07,297 | INFO  | OMAudit | user=jenkins1000 | ip=127.0.0.1 | op=CREATE_VOLUME {admin=jenkins1000, owner=jenkins1000, volume=testblockoutputstream, creationTime=1567037587297, quotaInBytes=1152921504606846976} | ret=SUCCESS |  
2019-08-29 00:13:07,308 | INFO  | OMAudit | user=jenkins1000 | ip=127.0.0.1 | op=READ_VOLUME {volume=testblockoutputstream} | ret=SUCCESS |  
2019-08-29 00:13:07,309 [main] INFO  rpc.RpcClient (RpcClient.java:createBucket(432)) - Creating Bucket: testblockoutputstream/testblockoutputstream, with Versioning false and Storage Type set to DISK and Encryption set to false 
2019-08-29 00:13:07,311 [grpc-default-executor-8] INFO  impl.RaftServerProxy (RaftServerProxy.java:addNew(89)) - f23e32b5-1859-4d8d-ab6e-3ad369251285: addNew group-4E53D21EDC07:[f23e32b5-1859-4d8d-ab6e-3ad369251285:192.168.5.155:43339] returns group-4E53D21EDC07:java.util.concurrent.CompletableFuture@b77e2d1[Not completed]
2019-08-29 00:13:07,313 | INFO  | OMAudit | user=jenkins1000 | ip=127.0.0.1 | op=CREATE_BUCKET {volume=testblockoutputstream, bucket=testblockoutputstream, acls=[user:jenkins1000:a[ACCESS], group:default:a[ACCESS]], isVersionEnabled=false, storageType=DISK, creationTime=0} | ret=SUCCESS |  
2019-08-29 00:13:07,313 [pool-469-thread-1] INFO  impl.RaftServerImpl (RaftServerImpl.java:<init>(93)) - f23e32b5-1859-4d8d-ab6e-3ad369251285: new RaftServerImpl for group-4E53D21EDC07:[f23e32b5-1859-4d8d-ab6e-3ad369251285:192.168.5.155:43339] with ContainerStateMachine:uninitialized
2019-08-29 00:13:07,313 [pool-469-thread-1] INFO  server.RaftServerConfigKeys (ConfUtils.java:logGet(43)) - raft.server.rpc.timeout.min = 5s (custom)
2019-08-29 00:13:07,314 [pool-469-thread-1] INFO  server.RaftServerConfigKeys (ConfUtils.java:logGet(43)) - raft.server.rpc.timeout.max = 5200ms (custom)
2019-08-29 00:13:07,314 [pool-469-thread-1] INFO  server.RaftServerConfigKeys (ConfUtils.java:logGet(43)) - raft.server.rpcslowness.timeout = 120s (custom)
2019-08-29 00:13:07,314 [pool-469-thread-1] INFO  server.RaftServerConfigKeys (ConfUtils.java:logGet(43)) - raft.server.sleep.deviation.threshold = 300 (default)
2019-08-29 00:13:07,314 [pool-469-thread-1] INFO  server.RaftServerConfigKeys (ConfUtils.java:logGet(43)) - raft.server.log.appender.install.snapshot.enabled = false (custom)
2019-08-29 00:13:07,314 [pool-469-thread-1] INFO  impl.RaftServerImpl (ServerState.java:<init>(105)) - f23e32b5-1859-4d8d-ab6e-3ad369251285:group-4E53D21EDC07 ConfigurationManager, init=-1: [f23e32b5-1859-4d8d-ab6e-3ad369251285:192.168.5.155:43339], old=null, confs=<EMPTY_MAP>
2019-08-29 00:13:07,314 [pool-469-thread-1] INFO  server.RaftServerConfigKeys (ConfUtils.java:logGet(43)) - raft.server.storage.dir = [/workdir/hadoop-ozone/integration-test/target/test-dir/MiniOzoneClusterImpl-3c083a2a-a42b-42af-b78a-3f3e8042569f/datanode-6/data/ratis] (custom)
2019-08-29 00:13:07,314 | INFO  | OMAudit | user=jenkins1000 | ip=127.0.0.1 | op=READ_VOLUME {volume=testblockoutputstream} | ret=SUCCESS |  
2019-08-29 00:13:07,315 [pool-469-thread-1] INFO  storage.RaftStorageDirectory (RaftStorageDirectory.java:analyzeStorage(246)) - The storage directory /workdir/hadoop-ozone/integration-test/target/test-dir/MiniOzoneClusterImpl-3c083a2a-a42b-42af-b78a-3f3e8042569f/datanode-6/data/ratis/7627eb59-ac0f-4658-a5e8-4e53d21edc07 does not exist. Creating ...
2019-08-29 00:13:07,316 | INFO  | OMAudit | user=jenkins1000 | ip=127.0.0.1 | op=READ_BUCKET {volume=testblockoutputstream, bucket=testblockoutputstream} | ret=SUCCESS |  
2019-08-29 00:13:07,327 [pool-469-thread-1] INFO  storage.RaftStorageDirectory (RaftStorageDirectory.java:tryLock(328)) - Lock on /workdir/hadoop-ozone/integration-test/target/test-dir/MiniOzoneClusterImpl-3c083a2a-a42b-42af-b78a-3f3e8042569f/datanode-6/data/ratis/7627eb59-ac0f-4658-a5e8-4e53d21edc07/in_use.lock acquired by nodename 28920@pr-hdds-2053-lkbb5-4073252909
2019-08-29 00:13:07,340 [pool-469-thread-1] INFO  storage.RaftStorage (RaftStorage.java:format(72)) - Storage directory /workdir/hadoop-ozone/integration-test/target/test-dir/MiniOzoneClusterImpl-3c083a2a-a42b-42af-b78a-3f3e8042569f/datanode-6/data/ratis/7627eb59-ac0f-4658-a5e8-4e53d21edc07 has been successfully formatted.
2019-08-29 00:13:07,340 [pool-469-thread-1] INFO  ratis.ContainerStateMachine (ContainerStateMachine.java:loadSnapshot(227)) - group-4E53D21EDC07: The snapshot info is null. Setting the last applied indexto:(t:0, i:~)
2019-08-29 00:13:07,340 [pool-469-thread-1] INFO  server.RaftServerConfigKeys (ConfUtils.java:logGet(43)) - raft.server.leader.election.timeout = 120s (custom)
2019-08-29 00:13:07,341 [pool-469-thread-1] INFO  server.RaftServerConfigKeys (ConfUtils.java:logGet(43)) - raft.server.log.use.memory = false (default)
2019-08-29 00:13:07,341 [pool-469-thread-1] INFO  server.RaftServerConfigKeys (ConfUtils.java:logGet(43)) - raft.server.log.purge.gap = 1000000 (custom)
2019-08-29 00:13:07,341 [pool-469-thread-1] INFO  server.RaftServerConfigKeys (ConfUtils.java:logGet(43)) - raft.server.log.appender.buffer.byte-limit = 33554432 (custom)
2019-08-29 00:13:07,341 [pool-469-thread-1] INFO  server.RaftServerConfigKeys (ConfUtils.java:logGet(43)) - raft.server.log.segment.size.max = 1048576 (custom)
2019-08-29 00:13:07,341 [pool-469-thread-1] INFO  server.RaftServerConfigKeys (ConfUtils.java:logGet(43)) - raft.server.log.segment.cache.num.max = 2 (custom)
2019-08-29 00:13:07,341 [pool-469-thread-1] INFO  segmented.SegmentedRaftLogWorker (SegmentedRaftLogWorker.java:<init>(172)) - new f23e32b5-1859-4d8d-ab6e-3ad369251285-SegmentedRaftLogWorker:Storage Directory /workdir/hadoop-ozone/integration-test/target/test-dir/MiniOzoneClusterImpl-3c083a2a-a42b-42af-b78a-3f3e8042569f/datanode-6/data/ratis/7627eb59-ac0f-4658-a5e8-4e53d21edc07 for RaftStorage:Storage Directory /workdir/hadoop-ozone/integration-test/target/test-dir/MiniOzoneClusterImpl-3c083a2a-a42b-42af-b78a-3f3e8042569f/datanode-6/data/ratis/7627eb59-ac0f-4658-a5e8-4e53d21edc07
2019-08-29 00:13:07,341 [pool-469-thread-1] INFO  server.RaftServerConfigKeys (ConfUtils.java:logGet(43)) - raft.server.log.queue.byte-limit = 2147483647 (custom)
2019-08-29 00:13:07,342 [pool-469-thread-1] INFO  server.RaftServerConfigKeys (ConfUtils.java:logGet(43)) - raft.server.log.queue.element-limit = 1024 (custom)
2019-08-29 00:13:07,342 [pool-469-thread-1] INFO  server.RaftServerConfigKeys (ConfUtils.java:logGet(43)) - raft.server.log.segment.size.max = 1048576 (custom)
2019-08-29 00:13:07,342 [pool-469-thread-1] INFO  server.RaftServerConfigKeys (ConfUtils.java:logGet(43)) - raft.server.log.preallocated.size = 16384 (custom)
2019-08-29 00:13:07,342 [pool-469-thread-1] INFO  server.RaftServerConfigKeys (ConfUtils.java:logGet(43)) - raft.server.log.write.buffer.size = 33554432 (custom)
2019-08-29 00:13:07,342 [pool-469-thread-1] INFO  server.RaftServerConfigKeys (ConfUtils.java:logGet(43)) - raft.server.log.force.sync.num = 128 (default)
2019-08-29 00:13:07,342 [pool-469-thread-1] INFO  server.RaftServerConfigKeys (ConfUtils.java:logGet(43)) - raft.server.log.statemachine.data.sync = true (default)
2019-08-29 00:13:07,342 [pool-469-thread-1] INFO  server.RaftServerConfigKeys (ConfUtils.java:logGet(43)) - raft.server.log.statemachine.data.sync.timeout = 10s (default)
2019-08-29 00:13:07,343 [pool-469-thread-1] INFO  server.RaftServerConfigKeys (ConfUtils.java:logGet(43)) - raft.server.log.statemachine.data.sync.timeout.retry = -1 (default)
2019-08-29 00:13:07,343 [pool-469-thread-1] INFO  server.RaftServerConfigKeys (ConfUtils.java:logGet(43)) - raft.server.log.statemachine.data.caching.enabled = true (custom)
2019-08-29 00:13:07,343 [pool-469-thread-1] INFO  segmented.SegmentedRaftLogWorker (SegmentedRaftLogWorker.java:lambda$new$0(132)) - f23e32b5-1859-4d8d-ab6e-3ad369251285-SegmentedRaftLogWorker:Storage Directory /workdir/hadoop-ozone/integration-test/target/test-dir/MiniOzoneClusterImpl-3c083a2a-a42b-42af-b78a-3f3e8042569f/datanode-6/data/ratis/7627eb59-ac0f-4658-a5e8-4e53d21edc07: flushIndex: setUnconditionally 0 -> -1
2019-08-29 00:13:07,344 [pool-469-thread-1] INFO  server.RaftServerConfigKeys (ConfUtils.java:logGet(43)) - raft.server.snapshot.auto.trigger.enabled = true (custom)
2019-08-29 00:13:07,344 [pool-469-thread-1] INFO  server.RaftServerConfigKeys (ConfUtils.java:logGet(43)) - raft.server.snapshot.auto.trigger.threshold = 10000 (custom)
2019-08-29 00:13:07,344 [pool-469-thread-1] INFO  server.RaftServerConfigKeys (ConfUtils.java:logGet(43)) - raft.server.retrycache.expirytime = 600000ms (custom)
2019-08-29 00:13:07,344 [pool-469-thread-1] INFO  impl.RaftServerImpl (RaftServerImpl.java:start(180)) - f23e32b5-1859-4d8d-ab6e-3ad369251285: start group-4E53D21EDC07
2019-08-29 00:13:07,344 [pool-469-thread-1] INFO  impl.RaftServerImpl (RaftServerImpl.java:setRole(171)) - f23e32b5-1859-4d8d-ab6e-3ad369251285:group-4E53D21EDC07 changes role from null to FOLLOWER at term 0 for startAsFollower
2019-08-29 00:13:07,344 [pool-469-thread-1] INFO  impl.RoleInfo (RoleInfo.java:updateAndGet(143)) - f23e32b5-1859-4d8d-ab6e-3ad369251285: start FollowerState
2019-08-29 00:13:07,345 [pool-469-thread-1] INFO  util.JmxRegister (JmxRegister.java:tryRegister(44)) - Successfully registered JMX Bean with object name Ratis:service=RaftServer,group=group-4E53D21EDC07,id=f23e32b5-1859-4d8d-ab6e-3ad369251285
2019-08-29 00:13:07,347 [RatisPipelineUtilsThread] INFO  pipeline.PipelineStateManager (PipelineStateManager.java:addPipeline(56)) - Created pipeline Pipeline[ Id: 7627eb59-ac0f-4658-a5e8-4e53d21edc07, Nodes: f23e32b5-1859-4d8d-ab6e-3ad369251285{ip: 192.168.5.155, host: pr-hdds-2053-lkbb5-4073252909, networkLocation: /default-rack, certSerialId: null}, Type:RATIS, Factor:ONE, State:OPEN]
2019-08-29 00:13:07,360 [grpc-default-executor-7] INFO  impl.RaftServerProxy (RaftServerProxy.java:addNew(89)) - 8e43d282-58ca-4330-8134-d5621fdf2dd0: addNew group-CA5537E5D5C4:[8e43d282-58ca-4330-8134-d5621fdf2dd0:192.168.5.155:32795, 6f6426e5-ce14-4107-b742-6d33e6b5f757:192.168.5.155:40533, ab1f4f63-5220-4744-95d6-24db2fd27225:192.168.5.155:45611] returns group-CA5537E5D5C4:java.util.concurrent.CompletableFuture@77383fb9[Not completed]
2019-08-29 00:13:07,360 [grpc-default-executor-1] INFO  impl.RaftServerProxy (RaftServerProxy.java:addNew(89)) - 6f6426e5-ce14-4107-b742-6d33e6b5f757: addNew group-CA5537E5D5C4:[8e43d282-58ca-4330-8134-d5621fdf2dd0:192.168.5.155:32795, 6f6426e5-ce14-4107-b742-6d33e6b5f757:192.168.5.155:40533, ab1f4f63-5220-4744-95d6-24db2fd27225:192.168.5.155:45611] returns group-CA5537E5D5C4:java.util.concurrent.CompletableFuture@67bbc024[Not completed]
2019-08-29 00:13:07,360 [grpc-default-executor-8] INFO  impl.RaftServerProxy (RaftServerProxy.java:addNew(89)) - ab1f4f63-5220-4744-95d6-24db2fd27225: addNew group-CA5537E5D5C4:[8e43d282-58ca-4330-8134-d5621fdf2dd0:192.168.5.155:32795, 6f6426e5-ce14-4107-b742-6d33e6b5f757:192.168.5.155:40533, ab1f4f63-5220-4744-95d6-24db2fd27225:192.168.5.155:45611] returns group-CA5537E5D5C4:java.util.concurrent.CompletableFuture@fe81221[Not completed]
2019-08-29 00:13:07,361 [pool-459-thread-1] INFO  impl.RaftServerImpl (RaftServerImpl.java:<init>(93)) - 6f6426e5-ce14-4107-b742-6d33e6b5f757: new RaftServerImpl for group-CA5537E5D5C4:[8e43d282-58ca-4330-8134-d5621fdf2dd0:192.168.5.155:32795, 6f6426e5-ce14-4107-b742-6d33e6b5f757:192.168.5.155:40533, ab1f4f63-5220-4744-95d6-24db2fd27225:192.168.5.155:45611] with ContainerStateMachine:uninitialized
2019-08-29 00:13:07,361 [pool-459-thread-1] INFO  server.RaftServerConfigKeys (ConfUtils.java:logGet(43)) - raft.server.rpc.timeout.min = 5s (custom)
2019-08-29 00:13:07,361 [pool-459-thread-1] INFO  server.RaftServerConfigKeys (ConfUtils.java:logGet(43)) - raft.server.rpc.timeout.max = 5200ms (custom)
2019-08-29 00:13:07,361 [pool-459-thread-1] INFO  server.RaftServerConfigKeys (ConfUtils.java:logGet(43)) - raft.server.rpcslowness.timeout = 120s (custom)
2019-08-29 00:13:07,361 [pool-459-thread-1] INFO  server.RaftServerConfigKeys (ConfUtils.java:logGet(43)) - raft.server.sleep.deviation.threshold = 300 (default)
2019-08-29 00:13:07,361 [pool-449-thread-1] INFO  impl.RaftServerImpl (RaftServerImpl.java:<init>(93)) - ab1f4f63-5220-4744-95d6-24db2fd27225: new RaftServerImpl for group-CA5537E5D5C4:[8e43d282-58ca-4330-8134-d5621fdf2dd0:192.168.5.155:32795, 6f6426e5-ce14-4107-b742-6d33e6b5f757:192.168.5.155:40533, ab1f4f63-5220-4744-95d6-24db2fd27225:192.168.5.155:45611] with ContainerStateMachine:uninitialized
2019-08-29 00:13:07,362 [pool-459-thread-1] INFO  server.RaftServerConfigKeys (ConfUtils.java:logGet(43)) - raft.server.log.appender.install.snapshot.enabled = false (custom)
2019-08-29 00:13:07,362 [pool-449-thread-1] INFO  server.RaftServerConfigKeys (ConfUtils.java:logGet(43)) - raft.server.rpc.timeout.min = 5s (custom)
2019-08-29 00:13:07,362 [pool-459-thread-1] INFO  impl.RaftServerImpl (ServerState.java:<init>(105)) - 6f6426e5-ce14-4107-b742-6d33e6b5f757:group-CA5537E5D5C4 ConfigurationManager, init=-1: [8e43d282-58ca-4330-8134-d5621fdf2dd0:192.168.5.155:32795, 6f6426e5-ce14-4107-b742-6d33e6b5f757:192.168.5.155:40533, ab1f4f63-5220-4744-95d6-24db2fd27225:192.168.5.155:45611], old=null, confs=<EMPTY_MAP>
2019-08-29 00:13:07,362 [pool-449-thread-1] INFO  server.RaftServerConfigKeys (ConfUtils.java:logGet(43)) - raft.server.rpc.timeout.max = 5200ms (custom)
2019-08-29 00:13:07,362 [pool-439-thread-1] INFO  impl.RaftServerImpl (RaftServerImpl.java:<init>(93)) - 8e43d282-58ca-4330-8134-d5621fdf2dd0: new RaftServerImpl for group-CA5537E5D5C4:[8e43d282-58ca-4330-8134-d5621fdf2dd0:192.168.5.155:32795, 6f6426e5-ce14-4107-b742-6d33e6b5f757:192.168.5.155:40533, ab1f4f63-5220-4744-95d6-24db2fd27225:192.168.5.155:45611] with ContainerStateMachine:uninitialized
2019-08-29 00:13:07,362 [pool-459-thread-1] INFO  server.RaftServerConfigKeys (ConfUtils.java:logGet(43)) - raft.server.storage.dir = [/workdir/hadoop-ozone/integration-test/target/test-dir/MiniOzoneClusterImpl-3c083a2a-a42b-42af-b78a-3f3e8042569f/datanode-5/data/ratis] (custom)
2019-08-29 00:13:07,362 [pool-439-thread-1] INFO  server.RaftServerConfigKeys (ConfUtils.java:logGet(43)) - raft.server.rpc.timeout.min = 5s (custom)
2019-08-29 00:13:07,362 [pool-449-thread-1] INFO  server.RaftServerConfigKeys (ConfUtils.java:logGet(43)) - raft.server.rpcslowness.timeout = 120s (custom)
2019-08-29 00:13:07,363 [pool-459-thread-1] INFO  storage.RaftStorageDirectory (RaftStorageDirectory.java:analyzeStorage(246)) - The storage directory /workdir/hadoop-ozone/integration-test/target/test-dir/MiniOzoneClusterImpl-3c083a2a-a42b-42af-b78a-3f3e8042569f/datanode-5/data/ratis/4206a6aa-f3e2-44a4-85cf-ca5537e5d5c4 does not exist. Creating ...
2019-08-29 00:13:07,363 [pool-439-thread-1] INFO  server.RaftServerConfigKeys (ConfUtils.java:logGet(43)) - raft.server.rpc.timeout.max = 5200ms (custom)
2019-08-29 00:13:07,363 [pool-449-thread-1] INFO  server.RaftServerConfigKeys (ConfUtils.java:logGet(43)) - raft.server.sleep.deviation.threshold = 300 (default)
2019-08-29 00:13:07,363 [pool-439-thread-1] INFO  server.RaftServerConfigKeys (ConfUtils.java:logGet(43)) - raft.server.rpcslowness.timeout = 120s (custom)
2019-08-29 00:13:07,363 [pool-449-thread-1] INFO  server.RaftServerConfigKeys (ConfUtils.java:logGet(43)) - raft.server.log.appender.install.snapshot.enabled = false (custom)
2019-08-29 00:13:07,364 [pool-439-thread-1] INFO  server.RaftServerConfigKeys (ConfUtils.java:logGet(43)) - raft.server.sleep.deviation.threshold = 300 (default)
2019-08-29 00:13:07,364 [pool-449-thread-1] INFO  impl.RaftServerImpl (ServerState.java:<init>(105)) - ab1f4f63-5220-4744-95d6-24db2fd27225:group-CA5537E5D5C4 ConfigurationManager, init=-1: [8e43d282-58ca-4330-8134-d5621fdf2dd0:192.168.5.155:32795, 6f6426e5-ce14-4107-b742-6d33e6b5f757:192.168.5.155:40533, ab1f4f63-5220-4744-95d6-24db2fd27225:192.168.5.155:45611], old=null, confs=<EMPTY_MAP>
2019-08-29 00:13:07,364 [pool-439-thread-1] INFO  server.RaftServerConfigKeys (ConfUtils.java:logGet(43)) - raft.server.log.appender.install.snapshot.enabled = false (custom)
2019-08-29 00:13:07,364 [pool-449-thread-1] INFO  server.RaftServerConfigKeys (ConfUtils.java:logGet(43)) - raft.server.storage.dir = [/workdir/hadoop-ozone/integration-test/target/test-dir/MiniOzoneClusterImpl-3c083a2a-a42b-42af-b78a-3f3e8042569f/datanode-4/data/ratis] (custom)
2019-08-29 00:13:07,364 [pool-439-thread-1] INFO  impl.RaftServerImpl (ServerState.java:<init>(105)) - 8e43d282-58ca-4330-8134-d5621fdf2dd0:group-CA5537E5D5C4 ConfigurationManager, init=-1: [8e43d282-58ca-4330-8134-d5621fdf2dd0:192.168.5.155:32795, 6f6426e5-ce14-4107-b742-6d33e6b5f757:192.168.5.155:40533, ab1f4f63-5220-4744-95d6-24db2fd27225:192.168.5.155:45611], old=null, confs=<EMPTY_MAP>
2019-08-29 00:13:07,364 [pool-449-thread-1] INFO  storage.RaftStorageDirectory (RaftStorageDirectory.java:analyzeStorage(246)) - The storage directory /workdir/hadoop-ozone/integration-test/target/test-dir/MiniOzoneClusterImpl-3c083a2a-a42b-42af-b78a-3f3e8042569f/datanode-4/data/ratis/4206a6aa-f3e2-44a4-85cf-ca5537e5d5c4 does not exist. Creating ...
2019-08-29 00:13:07,364 [pool-439-thread-1] INFO  server.RaftServerConfigKeys (ConfUtils.java:logGet(43)) - raft.server.storage.dir = [/workdir/hadoop-ozone/integration-test/target/test-dir/MiniOzoneClusterImpl-3c083a2a-a42b-42af-b78a-3f3e8042569f/datanode-3/data/ratis] (custom)
2019-08-29 00:13:07,365 [pool-439-thread-1] INFO  storage.RaftStorageDirectory (RaftStorageDirectory.java:analyzeStorage(246)) - The storage directory /workdir/hadoop-ozone/integration-test/target/test-dir/MiniOzoneClusterImpl-3c083a2a-a42b-42af-b78a-3f3e8042569f/datanode-3/data/ratis/4206a6aa-f3e2-44a4-85cf-ca5537e5d5c4 does not exist. Creating ...
2019-08-29 00:13:07,376 [pool-439-thread-1] INFO  storage.RaftStorageDirectory (RaftStorageDirectory.java:tryLock(328)) - Lock on /workdir/hadoop-ozone/integration-test/target/test-dir/MiniOzoneClusterImpl-3c083a2a-a42b-42af-b78a-3f3e8042569f/datanode-3/data/ratis/4206a6aa-f3e2-44a4-85cf-ca5537e5d5c4/in_use.lock acquired by nodename 28920@pr-hdds-2053-lkbb5-4073252909
2019-08-29 00:13:07,376 [pool-449-thread-1] INFO  storage.RaftStorageDirectory (RaftStorageDirectory.java:tryLock(328)) - Lock on /workdir/hadoop-ozone/integration-test/target/test-dir/MiniOzoneClusterImpl-3c083a2a-a42b-42af-b78a-3f3e8042569f/datanode-4/data/ratis/4206a6aa-f3e2-44a4-85cf-ca5537e5d5c4/in_use.lock acquired by nodename 28920@pr-hdds-2053-lkbb5-4073252909
2019-08-29 00:13:07,376 [pool-459-thread-1] INFO  storage.RaftStorageDirectory (RaftStorageDirectory.java:tryLock(328)) - Lock on /workdir/hadoop-ozone/integration-test/target/test-dir/MiniOzoneClusterImpl-3c083a2a-a42b-42af-b78a-3f3e8042569f/datanode-5/data/ratis/4206a6aa-f3e2-44a4-85cf-ca5537e5d5c4/in_use.lock acquired by nodename 28920@pr-hdds-2053-lkbb5-4073252909
2019-08-29 00:13:07,390 [pool-439-thread-1] INFO  storage.RaftStorage (RaftStorage.java:format(72)) - Storage directory /workdir/hadoop-ozone/integration-test/target/test-dir/MiniOzoneClusterImpl-3c083a2a-a42b-42af-b78a-3f3e8042569f/datanode-3/data/ratis/4206a6aa-f3e2-44a4-85cf-ca5537e5d5c4 has been successfully formatted.
2019-08-29 00:13:07,390 [pool-449-thread-1] INFO  storage.RaftStorage (RaftStorage.java:format(72)) - Storage directory /workdir/hadoop-ozone/integration-test/target/test-dir/MiniOzoneClusterImpl-3c083a2a-a42b-42af-b78a-3f3e8042569f/datanode-4/data/ratis/4206a6aa-f3e2-44a4-85cf-ca5537e5d5c4 has been successfully formatted.
2019-08-29 00:13:07,390 [pool-459-thread-1] INFO  storage.RaftStorage (RaftStorage.java:format(72)) - Storage directory /workdir/hadoop-ozone/integration-test/target/test-dir/MiniOzoneClusterImpl-3c083a2a-a42b-42af-b78a-3f3e8042569f/datanode-5/data/ratis/4206a6aa-f3e2-44a4-85cf-ca5537e5d5c4 has been successfully formatted.
2019-08-29 00:13:07,390 [pool-449-thread-1] INFO  ratis.ContainerStateMachine (ContainerStateMachine.java:loadSnapshot(227)) - group-CA5537E5D5C4: The snapshot info is null. Setting the last applied indexto:(t:0, i:~)
2019-08-29 00:13:07,390 [pool-439-thread-1] INFO  ratis.ContainerStateMachine (ContainerStateMachine.java:loadSnapshot(227)) - group-CA5537E5D5C4: The snapshot info is null. Setting the last applied indexto:(t:0, i:~)
2019-08-29 00:13:07,390 [pool-449-thread-1] INFO  server.RaftServerConfigKeys (ConfUtils.java:logGet(43)) - raft.server.leader.election.timeout = 120s (custom)
2019-08-29 00:13:07,390 [pool-459-thread-1] INFO  ratis.ContainerStateMachine (ContainerStateMachine.java:loadSnapshot(227)) - group-CA5537E5D5C4: The snapshot info is null. Setting the last applied indexto:(t:0, i:~)
2019-08-29 00:13:07,391 [pool-449-thread-1] INFO  server.RaftServerConfigKeys (ConfUtils.java:logGet(43)) - raft.server.log.use.memory = false (default)
2019-08-29 00:13:07,390 [pool-439-thread-1] INFO  server.RaftServerConfigKeys (ConfUtils.java:logGet(43)) - raft.server.leader.election.timeout = 120s (custom)
2019-08-29 00:13:07,391 [pool-449-thread-1] INFO  server.RaftServerConfigKeys (ConfUtils.java:logGet(43)) - raft.server.log.purge.gap = 1000000 (custom)
2019-08-29 00:13:07,391 [pool-459-thread-1] INFO  server.RaftServerConfigKeys (ConfUtils.java:logGet(43)) - raft.server.leader.election.timeout = 120s (custom)
2019-08-29 00:13:07,391 [pool-449-thread-1] INFO  server.RaftServerConfigKeys (ConfUtils.java:logGet(43)) - raft.server.log.appender.buffer.byte-limit = 33554432 (custom)
2019-08-29 00:13:07,391 [pool-439-thread-1] INFO  server.RaftServerConfigKeys (ConfUtils.java:logGet(43)) - raft.server.log.use.memory = false (default)
2019-08-29 00:13:07,391 [pool-449-thread-1] INFO  server.RaftServerConfigKeys (ConfUtils.java:logGet(43)) - raft.server.log.segment.size.max = 1048576 (custom)
2019-08-29 00:13:07,391 [pool-459-thread-1] INFO  server.RaftServerConfigKeys (ConfUtils.java:logGet(43)) - raft.server.log.use.memory = false (default)
2019-08-29 00:13:07,392 [pool-449-thread-1] INFO  server.RaftServerConfigKeys (ConfUtils.java:logGet(43)) - raft.server.log.segment.cache.num.max = 2 (custom)
2019-08-29 00:13:07,392 [pool-439-thread-1] INFO  server.RaftServerConfigKeys (ConfUtils.java:logGet(43)) - raft.server.log.purge.gap = 1000000 (custom)
2019-08-29 00:13:07,392 [pool-449-thread-1] INFO  segmented.SegmentedRaftLogWorker (SegmentedRaftLogWorker.java:<init>(172)) - new ab1f4f63-5220-4744-95d6-24db2fd27225-SegmentedRaftLogWorker:Storage Directory /workdir/hadoop-ozone/integration-test/target/test-dir/MiniOzoneClusterImpl-3c083a2a-a42b-42af-b78a-3f3e8042569f/datanode-4/data/ratis/4206a6aa-f3e2-44a4-85cf-ca5537e5d5c4 for RaftStorage:Storage Directory /workdir/hadoop-ozone/integration-test/target/test-dir/MiniOzoneClusterImpl-3c083a2a-a42b-42af-b78a-3f3e8042569f/datanode-4/data/ratis/4206a6aa-f3e2-44a4-85cf-ca5537e5d5c4
2019-08-29 00:13:07,392 [pool-459-thread-1] INFO  server.RaftServerConfigKeys (ConfUtils.java:logGet(43)) - raft.server.log.purge.gap = 1000000 (custom)
2019-08-29 00:13:07,392 [pool-449-thread-1] INFO  server.RaftServerConfigKeys (ConfUtils.java:logGet(43)) - raft.server.log.queue.byte-limit = 2147483647 (custom)
2019-08-29 00:13:07,392 [pool-439-thread-1] INFO  server.RaftServerConfigKeys (ConfUtils.java:logGet(43)) - raft.server.log.appender.buffer.byte-limit = 33554432 (custom)
2019-08-29 00:13:07,393 [pool-449-thread-1] INFO  server.RaftServerConfigKeys (ConfUtils.java:logGet(43)) - raft.server.log.queue.element-limit = 1024 (custom)
2019-08-29 00:13:07,392 [pool-459-thread-1] INFO  server.RaftServerConfigKeys (ConfUtils.java:logGet(43)) - raft.server.log.appender.buffer.byte-limit = 33554432 (custom)
2019-08-29 00:13:07,393 [pool-449-thread-1] INFO  server.RaftServerConfigKeys (ConfUtils.java:logGet(43)) - raft.server.log.segment.size.max = 1048576 (custom)
2019-08-29 00:13:07,393 [pool-439-thread-1] INFO  server.RaftServerConfigKeys (ConfUtils.java:logGet(43)) - raft.server.log.segment.size.max = 1048576 (custom)
2019-08-29 00:13:07,393 [pool-449-thread-1] INFO  server.RaftServerConfigKeys (ConfUtils.java:logGet(43)) - raft.server.log.preallocated.size = 16384 (custom)
2019-08-29 00:13:07,393 [pool-459-thread-1] INFO  server.RaftServerConfigKeys (ConfUtils.java:logGet(43)) - raft.server.log.segment.size.max = 1048576 (custom)
2019-08-29 00:13:07,393 [pool-449-thread-1] INFO  server.RaftServerConfigKeys (ConfUtils.java:logGet(43)) - raft.server.log.write.buffer.size = 33554432 (custom)
2019-08-29 00:13:07,393 [pool-439-thread-1] INFO  server.RaftServerConfigKeys (ConfUtils.java:logGet(43)) - raft.server.log.segment.cache.num.max = 2 (custom)
2019-08-29 00:13:07,394 [pool-449-thread-1] INFO  server.RaftServerConfigKeys (ConfUtils.java:logGet(43)) - raft.server.log.force.sync.num = 128 (default)
2019-08-29 00:13:07,394 [pool-449-thread-1] INFO  server.RaftServerConfigKeys (ConfUtils.java:logGet(43)) - raft.server.log.statemachine.data.sync = true (default)
2019-08-29 00:13:07,394 [pool-459-thread-1] INFO  server.RaftServerConfigKeys (ConfUtils.java:logGet(43)) - raft.server.log.segment.cache.num.max = 2 (custom)
2019-08-29 00:13:07,394 [pool-449-thread-1] INFO  server.RaftServerConfigKeys (ConfUtils.java:logGet(43)) - raft.server.log.statemachine.data.sync.timeout = 10s (default)
2019-08-29 00:13:07,394 [pool-439-thread-1] INFO  segmented.SegmentedRaftLogWorker (SegmentedRaftLogWorker.java:<init>(172)) - new 8e43d282-58ca-4330-8134-d5621fdf2dd0-SegmentedRaftLogWorker:Storage Directory /workdir/hadoop-ozone/integration-test/target/test-dir/MiniOzoneClusterImpl-3c083a2a-a42b-42af-b78a-3f3e8042569f/datanode-3/data/ratis/4206a6aa-f3e2-44a4-85cf-ca5537e5d5c4 for RaftStorage:Storage Directory /workdir/hadoop-ozone/integration-test/target/test-dir/MiniOzoneClusterImpl-3c083a2a-a42b-42af-b78a-3f3e8042569f/datanode-3/data/ratis/4206a6aa-f3e2-44a4-85cf-ca5537e5d5c4
2019-08-29 00:13:07,394 [pool-449-thread-1] INFO  server.RaftServerConfigKeys (ConfUtils.java:logGet(43)) - raft.server.log.statemachine.data.sync.timeout.retry = -1 (default)
2019-08-29 00:13:07,394 [pool-459-thread-1] INFO  segmented.SegmentedRaftLogWorker (SegmentedRaftLogWorker.java:<init>(172)) - new 6f6426e5-ce14-4107-b742-6d33e6b5f757-SegmentedRaftLogWorker:Storage Directory /workdir/hadoop-ozone/integration-test/target/test-dir/MiniOzoneClusterImpl-3c083a2a-a42b-42af-b78a-3f3e8042569f/datanode-5/data/ratis/4206a6aa-f3e2-44a4-85cf-ca5537e5d5c4 for RaftStorage:Storage Directory /workdir/hadoop-ozone/integration-test/target/test-dir/MiniOzoneClusterImpl-3c083a2a-a42b-42af-b78a-3f3e8042569f/datanode-5/data/ratis/4206a6aa-f3e2-44a4-85cf-ca5537e5d5c4
2019-08-29 00:13:07,395 [pool-449-thread-1] INFO  server.RaftServerConfigKeys (ConfUtils.java:logGet(43)) - raft.server.log.statemachine.data.caching.enabled = true (custom)
2019-08-29 00:13:07,395 [pool-439-thread-1] INFO  server.RaftServerConfigKeys (ConfUtils.java:logGet(43)) - raft.server.log.queue.byte-limit = 2147483647 (custom)
2019-08-29 00:13:07,395 [pool-459-thread-1] INFO  server.RaftServerConfigKeys (ConfUtils.java:logGet(43)) - raft.server.log.queue.byte-limit = 2147483647 (custom)
2019-08-29 00:13:07,395 [pool-449-thread-1] INFO  segmented.SegmentedRaftLogWorker (SegmentedRaftLogWorker.java:lambda$new$0(132)) - ab1f4f63-5220-4744-95d6-24db2fd27225-SegmentedRaftLogWorker:Storage Directory /workdir/hadoop-ozone/integration-test/target/test-dir/MiniOzoneClusterImpl-3c083a2a-a42b-42af-b78a-3f3e8042569f/datanode-4/data/ratis/4206a6aa-f3e2-44a4-85cf-ca5537e5d5c4: flushIndex: setUnconditionally 0 -> -1
2019-08-29 00:13:07,395 [pool-439-thread-1] INFO  server.RaftServerConfigKeys (ConfUtils.java:logGet(43)) - raft.server.log.queue.element-limit = 1024 (custom)
2019-08-29 00:13:07,395 [pool-459-thread-1] INFO  server.RaftServerConfigKeys (ConfUtils.java:logGet(43)) - raft.server.log.queue.element-limit = 1024 (custom)
2019-08-29 00:13:07,396 [pool-439-thread-1] INFO  server.RaftServerConfigKeys (ConfUtils.java:logGet(43)) - raft.server.log.segment.size.max = 1048576 (custom)
2019-08-29 00:13:07,396 [pool-449-thread-1] INFO  server.RaftServerConfigKeys (ConfUtils.java:logGet(43)) - raft.server.snapshot.auto.trigger.enabled = true (custom)
2019-08-29 00:13:07,396 [pool-439-thread-1] INFO  server.RaftServerConfigKeys (ConfUtils.java:logGet(43)) - raft.server.log.preallocated.size = 16384 (custom)
2019-08-29 00:13:07,396 [pool-459-thread-1] INFO  server.RaftServerConfigKeys (ConfUtils.java:logGet(43)) - raft.server.log.segment.size.max = 1048576 (custom)
2019-08-29 00:13:07,396 [pool-439-thread-1] INFO  server.RaftServerConfigKeys (ConfUtils.java:logGet(43)) - raft.server.log.write.buffer.size = 33554432 (custom)
2019-08-29 00:13:07,396 [pool-449-thread-1] INFO  server.RaftServerConfigKeys (ConfUtils.java:logGet(43)) - raft.server.snapshot.auto.trigger.threshold = 10000 (custom)
2019-08-29 00:13:07,396 [pool-439-thread-1] INFO  server.RaftServerConfigKeys (ConfUtils.java:logGet(43)) - raft.server.log.force.sync.num = 128 (default)
2019-08-29 00:13:07,396 [pool-459-thread-1] INFO  server.RaftServerConfigKeys (ConfUtils.java:logGet(43)) - raft.server.log.preallocated.size = 16384 (custom)
2019-08-29 00:13:07,397 [pool-439-thread-1] INFO  server.RaftServerConfigKeys (ConfUtils.java:logGet(43)) - raft.server.log.statemachine.data.sync = true (default)
2019-08-29 00:13:07,397 [pool-449-thread-1] INFO  server.RaftServerConfigKeys (ConfUtils.java:logGet(43)) - raft.server.retrycache.expirytime = 600000ms (custom)
2019-08-29 00:13:07,397 [pool-439-thread-1] INFO  server.RaftServerConfigKeys (ConfUtils.java:logGet(43)) - raft.server.log.statemachine.data.sync.timeout = 10s (default)
2019-08-29 00:13:07,397 [pool-439-thread-1] INFO  server.RaftServerConfigKeys (ConfUtils.java:logGet(43)) - raft.server.log.statemachine.data.sync.timeout.retry = -1 (default)
2019-08-29 00:13:07,397 [pool-459-thread-1] INFO  server.RaftServerConfigKeys (ConfUtils.java:logGet(43)) - raft.server.log.write.buffer.size = 33554432 (custom)
2019-08-29 00:13:07,397 [pool-439-thread-1] INFO  server.RaftServerConfigKeys (ConfUtils.java:logGet(43)) - raft.server.log.statemachine.data.caching.enabled = true (custom)
2019-08-29 00:13:07,397 [pool-449-thread-1] INFO  impl.RaftServerImpl (RaftServerImpl.java:start(180)) - ab1f4f63-5220-4744-95d6-24db2fd27225: start group-CA5537E5D5C4
2019-08-29 00:13:07,398 [pool-439-thread-1] INFO  segmented.SegmentedRaftLogWorker (SegmentedRaftLogWorker.java:lambda$new$0(132)) - 8e43d282-58ca-4330-8134-d5621fdf2dd0-SegmentedRaftLogWorker:Storage Directory /workdir/hadoop-ozone/integration-test/target/test-dir/MiniOzoneClusterImpl-3c083a2a-a42b-42af-b78a-3f3e8042569f/datanode-3/data/ratis/4206a6aa-f3e2-44a4-85cf-ca5537e5d5c4: flushIndex: setUnconditionally 0 -> -1
2019-08-29 00:13:07,398 [pool-459-thread-1] INFO  server.RaftServerConfigKeys (ConfUtils.java:logGet(43)) - raft.server.log.force.sync.num = 128 (default)
2019-08-29 00:13:07,398 [pool-439-thread-1] INFO  server.RaftServerConfigKeys (ConfUtils.java:logGet(43)) - raft.server.snapshot.auto.trigger.enabled = true (custom)
2019-08-29 00:13:07,398 [pool-439-thread-1] INFO  server.RaftServerConfigKeys (ConfUtils.java:logGet(43)) - raft.server.snapshot.auto.trigger.threshold = 10000 (custom)
2019-08-29 00:13:07,398 [pool-439-thread-1] INFO  server.RaftServerConfigKeys (ConfUtils.java:logGet(43)) - raft.server.retrycache.expirytime = 600000ms (custom)
2019-08-29 00:13:07,398 [pool-449-thread-1] INFO  impl.RaftServerImpl (RaftServerImpl.java:setRole(171)) - ab1f4f63-5220-4744-95d6-24db2fd27225:group-CA5537E5D5C4 changes role from null to FOLLOWER at term 0 for startAsFollower
2019-08-29 00:13:07,399 [pool-439-thread-1] INFO  impl.RaftServerImpl (RaftServerImpl.java:start(180)) - 8e43d282-58ca-4330-8134-d5621fdf2dd0: start group-CA5537E5D5C4
2019-08-29 00:13:07,398 [pool-459-thread-1] INFO  server.RaftServerConfigKeys (ConfUtils.java:logGet(43)) - raft.server.log.statemachine.data.sync = true (default)
2019-08-29 00:13:07,399 [pool-439-thread-1] INFO  impl.RaftServerImpl (RaftServerImpl.java:setRole(171)) - 8e43d282-58ca-4330-8134-d5621fdf2dd0:group-CA5537E5D5C4 changes role from null to FOLLOWER at term 0 for startAsFollower
2019-08-29 00:13:07,399 [pool-449-thread-1] INFO  impl.RoleInfo (RoleInfo.java:updateAndGet(143)) - ab1f4f63-5220-4744-95d6-24db2fd27225: start FollowerState
2019-08-29 00:13:07,399 [pool-439-thread-1] INFO  impl.RoleInfo (RoleInfo.java:updateAndGet(143)) - 8e43d282-58ca-4330-8134-d5621fdf2dd0: start FollowerState
2019-08-29 00:13:07,399 [pool-459-thread-1] INFO  server.RaftServerConfigKeys (ConfUtils.java:logGet(43)) - raft.server.log.statemachine.data.sync.timeout = 10s (default)
2019-08-29 00:13:07,399 [pool-459-thread-1] INFO  server.RaftServerConfigKeys (ConfUtils.java:logGet(43)) - raft.server.log.statemachine.data.sync.timeout.retry = -1 (default)
2019-08-29 00:13:07,399 [pool-439-thread-1] INFO  util.JmxRegister (JmxRegister.java:tryRegister(44)) - Successfully registered JMX Bean with object name Ratis:service=RaftServer,group=group-CA5537E5D5C4,id=8e43d282-58ca-4330-8134-d5621fdf2dd0
2019-08-29 00:13:07,399 [pool-449-thread-1] INFO  util.JmxRegister (JmxRegister.java:tryRegister(44)) - Successfully registered JMX Bean with object name Ratis:service=RaftServer,group=group-CA5537E5D5C4,id=ab1f4f63-5220-4744-95d6-24db2fd27225
2019-08-29 00:13:07,400 [pool-459-thread-1] INFO  server.RaftServerConfigKeys (ConfUtils.java:logGet(43)) - raft.server.log.statemachine.data.caching.enabled = true (custom)
2019-08-29 00:13:07,400 [pool-459-thread-1] INFO  segmented.SegmentedRaftLogWorker (SegmentedRaftLogWorker.java:lambda$new$0(132)) - 6f6426e5-ce14-4107-b742-6d33e6b5f757-SegmentedRaftLogWorker:Storage Directory /workdir/hadoop-ozone/integration-test/target/test-dir/MiniOzoneClusterImpl-3c083a2a-a42b-42af-b78a-3f3e8042569f/datanode-5/data/ratis/4206a6aa-f3e2-44a4-85cf-ca5537e5d5c4: flushIndex: setUnconditionally 0 -> -1
2019-08-29 00:13:07,400 [pool-459-thread-1] INFO  server.RaftServerConfigKeys (ConfUtils.java:logGet(43)) - raft.server.snapshot.auto.trigger.enabled = true (custom)
2019-08-29 00:13:07,401 [pool-459-thread-1] INFO  server.RaftServerConfigKeys (ConfUtils.java:logGet(43)) - raft.server.snapshot.auto.trigger.threshold = 10000 (custom)
2019-08-29 00:13:07,401 [pool-459-thread-1] INFO  server.RaftServerConfigKeys (ConfUtils.java:logGet(43)) - raft.server.retrycache.expirytime = 600000ms (custom)
2019-08-29 00:13:07,401 [pool-459-thread-1] INFO  impl.RaftServerImpl (RaftServerImpl.java:start(180)) - 6f6426e5-ce14-4107-b742-6d33e6b5f757: start group-CA5537E5D5C4
2019-08-29 00:13:07,401 [pool-459-thread-1] INFO  impl.RaftServerImpl (RaftServerImpl.java:setRole(171)) - 6f6426e5-ce14-4107-b742-6d33e6b5f757:group-CA5537E5D5C4 changes role from null to FOLLOWER at term 0 for startAsFollower
2019-08-29 00:13:07,401 [pool-459-thread-1] INFO  impl.RoleInfo (RoleInfo.java:updateAndGet(143)) - 6f6426e5-ce14-4107-b742-6d33e6b5f757: start FollowerState
2019-08-29 00:13:07,402 [pool-459-thread-1] INFO  util.JmxRegister (JmxRegister.java:tryRegister(44)) - Successfully registered JMX Bean with object name Ratis:service=RaftServer,group=group-CA5537E5D5C4,id=6f6426e5-ce14-4107-b742-6d33e6b5f757
2019-08-29 00:13:07,404 [RatisPipelineUtilsThread] INFO  pipeline.PipelineStateManager (PipelineStateManager.java:addPipeline(56)) - Created pipeline Pipeline[ Id: 4206a6aa-f3e2-44a4-85cf-ca5537e5d5c4, Nodes: 6f6426e5-ce14-4107-b742-6d33e6b5f757{ip: 192.168.5.155, host: pr-hdds-2053-lkbb5-4073252909, networkLocation: /default-rack, certSerialId: null}8e43d282-58ca-4330-8134-d5621fdf2dd0{ip: 192.168.5.155, host: pr-hdds-2053-lkbb5-4073252909, networkLocation: /default-rack, certSerialId: null}ab1f4f63-5220-4744-95d6-24db2fd27225{ip: 192.168.5.155, host: pr-hdds-2053-lkbb5-4073252909, networkLocation: /default-rack, certSerialId: null}, Type:RATIS, Factor:THREE, State:OPEN]
2019-08-29 00:13:07,407 | INFO  | SCMAudit | user=jenkins1000 | ip=127.0.0.1 | op=ALLOCATE_BLOCK {owner=40dce94b-245d-4d5f-a293-130cfab55326, size=800, type=RATIS, factor=THREE} | ret=SUCCESS |  
2019-08-29 00:13:07,411 | INFO  | OMAudit | user=jenkins1000 | ip=127.0.0.1 | op=ALLOCATE_KEY {volume=testblockoutputstream, bucket=testblockoutputstream, key=bbb54df3-57ef-4a65-ba2d-4c95e6aac7b0, dataSize=0, replicationType=RATIS, replicationFactor=THREE, keyLocationInfo=null} | ret=SUCCESS |  
2019-08-29 00:13:07,422 [grpc-default-executor-1] INFO  client.GrpcClientProtocolClient (GrpcClientProtocolClient.java:onNext(255)) - client-19B02BC8B223->6f6426e5-ce14-4107-b742-6d33e6b5f757: receive RaftClientReply:client-19B02BC8B223->6f6426e5-ce14-4107-b742-6d33e6b5f757@group-CA5537E5D5C4, cid=175, FAILED org.apache.ratis.protocol.NotLeaderException: Server 6f6426e5-ce14-4107-b742-6d33e6b5f757 is not the leader (null). Request must be sent to leader., logIndex=0, commits[6f6426e5-ce14-4107-b742-6d33e6b5f757:c-1]
2019-08-29 00:13:08,439 [grpc-default-executor-1] INFO  client.GrpcClientProtocolClient (GrpcClientProtocolClient.java:onNext(255)) - client-19B02BC8B223->8e43d282-58ca-4330-8134-d5621fdf2dd0: receive RaftClientReply:client-19B02BC8B223->8e43d282-58ca-4330-8134-d5621fdf2dd0@group-CA5537E5D5C4, cid=175, FAILED org.apache.ratis.protocol.NotLeaderException: Server 8e43d282-58ca-4330-8134-d5621fdf2dd0 is not the leader (null). Request must be sent to leader., logIndex=0, commits[8e43d282-58ca-4330-8134-d5621fdf2dd0:c-1]
2019-08-29 00:13:08,902 | INFO  | SCMAudit | user=jenkins1000 | ip=192.168.5.155 | op=SEND_HEARTBEAT {datanodeUUID=b00ef5df-dfe4-4d1e-9e05-2ba8895fcbfa, command=[]} | ret=SUCCESS |  
2019-08-29 00:13:08,960 | INFO  | SCMAudit | user=jenkins1000 | ip=192.168.5.155 | op=SEND_HEARTBEAT {datanodeUUID=5ffd9840-560f-4b42-b626-c678e699dff7, command=[]} | ret=SUCCESS |  
2019-08-29 00:13:09,020 | INFO  | SCMAudit | user=jenkins1000 | ip=192.168.5.155 | op=SEND_HEARTBEAT {datanodeUUID=ca0bbee5-09c3-476f-9e60-5d34583977c9, command=[]} | ret=SUCCESS |  
2019-08-29 00:13:09,079 | INFO  | SCMAudit | user=jenkins1000 | ip=192.168.5.155 | op=SEND_HEARTBEAT {datanodeUUID=8e43d282-58ca-4330-8134-d5621fdf2dd0, command=[]} | ret=SUCCESS |  
2019-08-29 00:13:09,141 | INFO  | SCMAudit | user=jenkins1000 | ip=192.168.5.155 | op=SEND_HEARTBEAT {datanodeUUID=ab1f4f63-5220-4744-95d6-24db2fd27225, command=[]} | ret=SUCCESS |  
2019-08-29 00:13:09,203 | INFO  | SCMAudit | user=jenkins1000 | ip=192.168.5.155 | op=SEND_HEARTBEAT {datanodeUUID=6f6426e5-ce14-4107-b742-6d33e6b5f757, command=[]} | ret=SUCCESS |  
2019-08-29 00:13:09,267 | INFO  | SCMAudit | user=jenkins1000 | ip=192.168.5.155 | op=SEND_HEARTBEAT {datanodeUUID=f23e32b5-1859-4d8d-ab6e-3ad369251285, command=[]} | ret=SUCCESS |  
2019-08-29 00:13:09,448 [grpc-default-executor-1] INFO  client.GrpcClientProtocolClient (GrpcClientProtocolClient.java:onNext(255)) - client-19B02BC8B223->6f6426e5-ce14-4107-b742-6d33e6b5f757: receive RaftClientReply:client-19B02BC8B223->6f6426e5-ce14-4107-b742-6d33e6b5f757@group-CA5537E5D5C4, cid=175, FAILED org.apache.ratis.protocol.NotLeaderException: Server 6f6426e5-ce14-4107-b742-6d33e6b5f757 is not the leader (null). Request must be sent to leader., logIndex=0, commits[6f6426e5-ce14-4107-b742-6d33e6b5f757:c-1]
2019-08-29 00:13:09,902 | INFO  | SCMAudit | user=jenkins1000 | ip=192.168.5.155 | op=SEND_HEARTBEAT {datanodeUUID=b00ef5df-dfe4-4d1e-9e05-2ba8895fcbfa, command=[]} | ret=SUCCESS |  
2019-08-29 00:13:09,912 [Thread-3283] INFO  container.ReplicationManager (ReplicationManager.java:start(152)) - Starting Replication Monitor Thread.
2019-08-29 00:13:09,916 [ReplicationMonitor] INFO  container.ReplicationManager (ReplicationManager.java:run(215)) - Replication Monitor Thread took 0 milliseconds for processing 1 containers.
2019-08-29 00:13:09,960 | INFO  | SCMAudit | user=jenkins1000 | ip=192.168.5.155 | op=SEND_HEARTBEAT {datanodeUUID=5ffd9840-560f-4b42-b626-c678e699dff7, command=[]} | ret=SUCCESS |  
2019-08-29 00:13:10,020 | INFO  | SCMAudit | user=jenkins1000 | ip=192.168.5.155 | op=SEND_HEARTBEAT {datanodeUUID=ca0bbee5-09c3-476f-9e60-5d34583977c9, command=[]} | ret=SUCCESS |  
2019-08-29 00:13:10,079 | INFO  | SCMAudit | user=jenkins1000 | ip=192.168.5.155 | op=SEND_HEARTBEAT {datanodeUUID=8e43d282-58ca-4330-8134-d5621fdf2dd0, command=[]} | ret=SUCCESS |  
2019-08-29 00:13:10,140 | INFO  | SCMAudit | user=jenkins1000 | ip=192.168.5.155 | op=SEND_HEARTBEAT {datanodeUUID=ab1f4f63-5220-4744-95d6-24db2fd27225, command=[]} | ret=SUCCESS |  
2019-08-29 00:13:10,203 | INFO  | SCMAudit | user=jenkins1000 | ip=192.168.5.155 | op=SEND_HEARTBEAT {datanodeUUID=6f6426e5-ce14-4107-b742-6d33e6b5f757, command=[]} | ret=SUCCESS |  
2019-08-29 00:13:10,267 | INFO  | SCMAudit | user=jenkins1000 | ip=192.168.5.155 | op=SEND_HEARTBEAT {datanodeUUID=f23e32b5-1859-4d8d-ab6e-3ad369251285, command=[]} | ret=SUCCESS |  
2019-08-29 00:13:10,460 [grpc-default-executor-8] INFO  client.GrpcClientProtocolClient (GrpcClientProtocolClient.java:onNext(255)) - client-19B02BC8B223->ab1f4f63-5220-4744-95d6-24db2fd27225: receive RaftClientReply:client-19B02BC8B223->ab1f4f63-5220-4744-95d6-24db2fd27225@group-CA5537E5D5C4, cid=175, FAILED org.apache.ratis.protocol.NotLeaderException: Server ab1f4f63-5220-4744-95d6-24db2fd27225 is not the leader (null). Request must be sent to leader., logIndex=0, commits[ab1f4f63-5220-4744-95d6-24db2fd27225:c-1]
2019-08-29 00:13:10,902 | INFO  | SCMAudit | user=jenkins1000 | ip=192.168.5.155 | op=SEND_HEARTBEAT {datanodeUUID=b00ef5df-dfe4-4d1e-9e05-2ba8895fcbfa, command=[]} | ret=SUCCESS |  
2019-08-29 00:13:10,960 | INFO  | SCMAudit | user=jenkins1000 | ip=192.168.5.155 | op=SEND_HEARTBEAT {datanodeUUID=5ffd9840-560f-4b42-b626-c678e699dff7, command=[]} | ret=SUCCESS |  
2019-08-29 00:13:11,020 | INFO  | SCMAudit | user=jenkins1000 | ip=192.168.5.155 | op=SEND_HEARTBEAT {datanodeUUID=ca0bbee5-09c3-476f-9e60-5d34583977c9, command=[]} | ret=SUCCESS |  
2019-08-29 00:13:11,079 | INFO  | SCMAudit | user=jenkins1000 | ip=192.168.5.155 | op=SEND_HEARTBEAT {datanodeUUID=8e43d282-58ca-4330-8134-d5621fdf2dd0, command=[]} | ret=SUCCESS |  
2019-08-29 00:13:11,141 | INFO  | SCMAudit | user=jenkins1000 | ip=192.168.5.155 | op=SEND_HEARTBEAT {datanodeUUID=ab1f4f63-5220-4744-95d6-24db2fd27225, command=[]} | ret=SUCCESS |  
2019-08-29 00:13:11,203 | INFO  | SCMAudit | user=jenkins1000 | ip=192.168.5.155 | op=SEND_HEARTBEAT {datanodeUUID=6f6426e5-ce14-4107-b742-6d33e6b5f757, command=[]} | ret=SUCCESS |  
2019-08-29 00:13:11,267 | INFO  | SCMAudit | user=jenkins1000 | ip=192.168.5.155 | op=SEND_HEARTBEAT {datanodeUUID=f23e32b5-1859-4d8d-ab6e-3ad369251285, command=[]} | ret=SUCCESS |  
2019-08-29 00:13:11,471 [grpc-default-executor-8] INFO  client.GrpcClientProtocolClient (GrpcClientProtocolClient.java:onNext(255)) - client-19B02BC8B223->6f6426e5-ce14-4107-b742-6d33e6b5f757: receive RaftClientReply:client-19B02BC8B223->6f6426e5-ce14-4107-b742-6d33e6b5f757@group-CA5537E5D5C4, cid=175, FAILED org.apache.ratis.protocol.NotLeaderException: Server 6f6426e5-ce14-4107-b742-6d33e6b5f757 is not the leader (null). Request must be sent to leader., logIndex=0, commits[6f6426e5-ce14-4107-b742-6d33e6b5f757:c-1]
2019-08-29 00:13:11,902 | INFO  | SCMAudit | user=jenkins1000 | ip=192.168.5.155 | op=SEND_HEARTBEAT {datanodeUUID=b00ef5df-dfe4-4d1e-9e05-2ba8895fcbfa, command=[]} | ret=SUCCESS |  
2019-08-29 00:13:11,960 | INFO  | SCMAudit | user=jenkins1000 | ip=192.168.5.155 | op=SEND_HEARTBEAT {datanodeUUID=5ffd9840-560f-4b42-b626-c678e699dff7, command=[]} | ret=SUCCESS |  
2019-08-29 00:13:12,020 | INFO  | SCMAudit | user=jenkins1000 | ip=192.168.5.155 | op=SEND_HEARTBEAT {datanodeUUID=ca0bbee5-09c3-476f-9e60-5d34583977c9, command=[]} | ret=SUCCESS |  
2019-08-29 00:13:12,037 [Thread-3285] INFO  impl.FollowerState (FollowerState.java:run(106)) - b00ef5df-dfe4-4d1e-9e05-2ba8895fcbfa:group-C574E3E46227 changes to CANDIDATE, lastRpcTime:5086, electionTimeout:5086ms
2019-08-29 00:13:12,037 [Thread-3285] INFO  impl.RoleInfo (RoleInfo.java:shutdownFollowerState(121)) - b00ef5df-dfe4-4d1e-9e05-2ba8895fcbfa: shutdown FollowerState
2019-08-29 00:13:12,038 [Thread-3285] INFO  impl.RaftServerImpl (RaftServerImpl.java:setRole(171)) - b00ef5df-dfe4-4d1e-9e05-2ba8895fcbfa:group-C574E3E46227 changes role from FOLLOWER to CANDIDATE at term 0 for changeToCandidate
2019-08-29 00:13:12,038 [Thread-3285] INFO  impl.RoleInfo (RoleInfo.java:updateAndGet(143)) - b00ef5df-dfe4-4d1e-9e05-2ba8895fcbfa: start LeaderElection
2019-08-29 00:13:12,057 [Thread-3291] INFO  impl.FollowerState (FollowerState.java:run(106)) - ca0bbee5-09c3-476f-9e60-5d34583977c9:group-2BED4CBECA1F changes to CANDIDATE, lastRpcTime:5007, electionTimeout:5007ms
2019-08-29 00:13:12,057 [Thread-3288] INFO  impl.FollowerState (FollowerState.java:run(106)) - 5ffd9840-560f-4b42-b626-c678e699dff7:group-9F6C7DA456A4 changes to CANDIDATE, lastRpcTime:5060, electionTimeout:5056ms
2019-08-29 00:13:12,057 [Thread-3291] INFO  impl.RoleInfo (RoleInfo.java:shutdownFollowerState(121)) - ca0bbee5-09c3-476f-9e60-5d34583977c9: shutdown FollowerState
2019-08-29 00:13:12,057 [Thread-3288] INFO  impl.RoleInfo (RoleInfo.java:shutdownFollowerState(121)) - 5ffd9840-560f-4b42-b626-c678e699dff7: shutdown FollowerState
2019-08-29 00:13:12,057 [Thread-3291] INFO  impl.RaftServerImpl (RaftServerImpl.java:setRole(171)) - ca0bbee5-09c3-476f-9e60-5d34583977c9:group-2BED4CBECA1F changes role from FOLLOWER to CANDIDATE at term 0 for changeToCandidate
2019-08-29 00:13:12,057 [Thread-3288] INFO  impl.RaftServerImpl (RaftServerImpl.java:setRole(171)) - 5ffd9840-560f-4b42-b626-c678e699dff7:group-9F6C7DA456A4 changes role from FOLLOWER to CANDIDATE at term 0 for changeToCandidate
2019-08-29 00:13:12,058 [Thread-3291] INFO  impl.RoleInfo (RoleInfo.java:updateAndGet(143)) - ca0bbee5-09c3-476f-9e60-5d34583977c9: start LeaderElection
2019-08-29 00:13:12,058 [Thread-3288] INFO  impl.RoleInfo (RoleInfo.java:updateAndGet(143)) - 5ffd9840-560f-4b42-b626-c678e699dff7: start LeaderElection
2019-08-29 00:13:12,071 [b00ef5df-dfe4-4d1e-9e05-2ba8895fcbfa:group-C574E3E46227:LeaderElection52] INFO  impl.LeaderElection (LeaderElection.java:askForVotes(181)) - b00ef5df-dfe4-4d1e-9e05-2ba8895fcbfa:group-C574E3E46227:LeaderElection52: begin an election at term 1 for -1: [b00ef5df-dfe4-4d1e-9e05-2ba8895fcbfa:192.168.5.155:42302], old=null
2019-08-29 00:13:12,071 [ca0bbee5-09c3-476f-9e60-5d34583977c9:group-2BED4CBECA1F:LeaderElection53] INFO  impl.LeaderElection (LeaderElection.java:askForVotes(181)) - ca0bbee5-09c3-476f-9e60-5d34583977c9:group-2BED4CBECA1F:LeaderElection53: begin an election at term 1 for -1: [ca0bbee5-09c3-476f-9e60-5d34583977c9:192.168.5.155:41534], old=null
2019-08-29 00:13:12,071 [5ffd9840-560f-4b42-b626-c678e699dff7:group-9F6C7DA456A4:LeaderElection54] INFO  impl.LeaderElection (LeaderElection.java:askForVotes(181)) - 5ffd9840-560f-4b42-b626-c678e699dff7:group-9F6C7DA456A4:LeaderElection54: begin an election at term 1 for -1: [5ffd9840-560f-4b42-b626-c678e699dff7:192.168.5.155:33879], old=null
2019-08-29 00:13:12,072 [ca0bbee5-09c3-476f-9e60-5d34583977c9:group-2BED4CBECA1F:LeaderElection53] INFO  impl.RoleInfo (RoleInfo.java:shutdownLeaderElection(134)) - ca0bbee5-09c3-476f-9e60-5d34583977c9: shutdown LeaderElection
2019-08-29 00:13:12,072 [ca0bbee5-09c3-476f-9e60-5d34583977c9:group-2BED4CBECA1F:LeaderElection53] INFO  impl.RaftServerImpl (RaftServerImpl.java:setRole(171)) - ca0bbee5-09c3-476f-9e60-5d34583977c9:group-2BED4CBECA1F changes role from CANDIDATE to LEADER at term 1 for changeToLeader
2019-08-29 00:13:12,072 [b00ef5df-dfe4-4d1e-9e05-2ba8895fcbfa:group-C574E3E46227:LeaderElection52] INFO  impl.RoleInfo (RoleInfo.java:shutdownLeaderElection(134)) - b00ef5df-dfe4-4d1e-9e05-2ba8895fcbfa: shutdown LeaderElection
2019-08-29 00:13:12,072 [ca0bbee5-09c3-476f-9e60-5d34583977c9:group-2BED4CBECA1F:LeaderElection53] INFO  impl.RaftServerImpl (ServerState.java:setLeader(263)) - ca0bbee5-09c3-476f-9e60-5d34583977c9:group-2BED4CBECA1F change Leader from null to ca0bbee5-09c3-476f-9e60-5d34583977c9 at term 1 for becomeLeader, leader elected after 5026ms
2019-08-29 00:13:12,072 [5ffd9840-560f-4b42-b626-c678e699dff7:group-9F6C7DA456A4:LeaderElection54] INFO  impl.RoleInfo (RoleInfo.java:shutdownLeaderElection(134)) - 5ffd9840-560f-4b42-b626-c678e699dff7: shutdown LeaderElection
2019-08-29 00:13:12,072 [ca0bbee5-09c3-476f-9e60-5d34583977c9:group-2BED4CBECA1F:LeaderElection53] INFO  server.RaftServerConfigKeys (ConfUtils.java:logGet(43)) - raft.server.staging.catchup.gap = 1000 (default)
2019-08-29 00:13:12,072 [b00ef5df-dfe4-4d1e-9e05-2ba8895fcbfa:group-C574E3E46227:LeaderElection52] INFO  impl.RaftServerImpl (RaftServerImpl.java:setRole(171)) - b00ef5df-dfe4-4d1e-9e05-2ba8895fcbfa:group-C574E3E46227 changes role from CANDIDATE to LEADER at term 1 for changeToLeader
2019-08-29 00:13:12,073 [ca0bbee5-09c3-476f-9e60-5d34583977c9:group-2BED4CBECA1F:LeaderElection53] INFO  server.RaftServerConfigKeys (ConfUtils.java:logGet(43)) - raft.server.rpc.sleep.time = 25ms (default)
2019-08-29 00:13:12,073 [5ffd9840-560f-4b42-b626-c678e699dff7:group-9F6C7DA456A4:LeaderElection54] INFO  impl.RaftServerImpl (RaftServerImpl.java:setRole(171)) - 5ffd9840-560f-4b42-b626-c678e699dff7:group-9F6C7DA456A4 changes role from CANDIDATE to LEADER at term 1 for changeToLeader
2019-08-29 00:13:12,073 [ca0bbee5-09c3-476f-9e60-5d34583977c9:group-2BED4CBECA1F:LeaderElection53] INFO  server.RaftServerConfigKeys (ConfUtils.java:logGet(43)) - raft.server.write.element-limit = 4096 (default)
2019-08-29 00:13:12,073 [b00ef5df-dfe4-4d1e-9e05-2ba8895fcbfa:group-C574E3E46227:LeaderElection52] INFO  impl.RaftServerImpl (ServerState.java:setLeader(263)) - b00ef5df-dfe4-4d1e-9e05-2ba8895fcbfa:group-C574E3E46227 change Leader from null to b00ef5df-dfe4-4d1e-9e05-2ba8895fcbfa at term 1 for becomeLeader, leader elected after 5126ms
2019-08-29 00:13:12,073 [ca0bbee5-09c3-476f-9e60-5d34583977c9:group-2BED4CBECA1F:LeaderElection53] INFO  server.RaftServerConfigKeys (ConfUtils.java:logGet(43)) - raft.server.watch.timeout = 10s (default)
2019-08-29 00:13:12,073 [5ffd9840-560f-4b42-b626-c678e699dff7:group-9F6C7DA456A4:LeaderElection54] INFO  impl.RaftServerImpl (ServerState.java:setLeader(263)) - 5ffd9840-560f-4b42-b626-c678e699dff7:group-9F6C7DA456A4 change Leader from null to 5ffd9840-560f-4b42-b626-c678e699dff7 at term 1 for becomeLeader, leader elected after 5080ms
2019-08-29 00:13:12,074 [ca0bbee5-09c3-476f-9e60-5d34583977c9:group-2BED4CBECA1F:LeaderElection53] INFO  server.RaftServerConfigKeys (ConfUtils.java:logGet(43)) - raft.server.watch.timeout.denomination = 1s (default)
2019-08-29 00:13:12,074 [ca0bbee5-09c3-476f-9e60-5d34583977c9:group-2BED4CBECA1F:LeaderElection53] INFO  server.RaftServerConfigKeys (ConfUtils.java:logGet(43)) - raft.server.watch.element-limit = 65536 (default)
2019-08-29 00:13:12,074 [b00ef5df-dfe4-4d1e-9e05-2ba8895fcbfa:group-C574E3E46227:LeaderElection52] INFO  server.RaftServerConfigKeys (ConfUtils.java:logGet(43)) - raft.server.staging.catchup.gap = 1000 (default)
2019-08-29 00:13:12,074 [ca0bbee5-09c3-476f-9e60-5d34583977c9:group-2BED4CBECA1F:LeaderElection53] INFO  impl.RoleInfo (RoleInfo.java:updateAndGet(143)) - ca0bbee5-09c3-476f-9e60-5d34583977c9: start LeaderState
2019-08-29 00:13:12,074 [5ffd9840-560f-4b42-b626-c678e699dff7:group-9F6C7DA456A4:LeaderElection54] INFO  server.RaftServerConfigKeys (ConfUtils.java:logGet(43)) - raft.server.staging.catchup.gap = 1000 (default)
2019-08-29 00:13:12,074 [b00ef5df-dfe4-4d1e-9e05-2ba8895fcbfa:group-C574E3E46227:LeaderElection52] INFO  server.RaftServerConfigKeys (ConfUtils.java:logGet(43)) - raft.server.rpc.sleep.time = 25ms (default)
2019-08-29 00:13:12,075 [5ffd9840-560f-4b42-b626-c678e699dff7:group-9F6C7DA456A4:LeaderElection54] INFO  server.RaftServerConfigKeys (ConfUtils.java:logGet(43)) - raft.server.rpc.sleep.time = 25ms (default)
2019-08-29 00:13:12,075 [ca0bbee5-09c3-476f-9e60-5d34583977c9:group-2BED4CBECA1F:LeaderElection53] INFO  segmented.SegmentedRaftLogWorker (SegmentedRaftLogWorker.java:startLogSegment(380)) - ca0bbee5-09c3-476f-9e60-5d34583977c9-SegmentedRaftLogWorker:Storage Directory /workdir/hadoop-ozone/integration-test/target/test-dir/MiniOzoneClusterImpl-3c083a2a-a42b-42af-b78a-3f3e8042569f/datanode-2/data/ratis/6a06d6e1-9c73-4798-b6a3-2bed4cbeca1f: Starting segment from index:0
2019-08-29 00:13:12,075 [5ffd9840-560f-4b42-b626-c678e699dff7:group-9F6C7DA456A4:LeaderElection54] INFO  server.RaftServerConfigKeys (ConfUtils.java:logGet(43)) - raft.server.write.element-limit = 4096 (default)
2019-08-29 00:13:12,075 [b00ef5df-dfe4-4d1e-9e05-2ba8895fcbfa:group-C574E3E46227:LeaderElection52] INFO  server.RaftServerConfigKeys (ConfUtils.java:logGet(43)) - raft.server.write.element-limit = 4096 (default)
2019-08-29 00:13:12,075 [5ffd9840-560f-4b42-b626-c678e699dff7:group-9F6C7DA456A4:LeaderElection54] INFO  server.RaftServerConfigKeys (ConfUtils.java:logGet(43)) - raft.server.watch.timeout = 10s (default)
2019-08-29 00:13:12,076 [b00ef5df-dfe4-4d1e-9e05-2ba8895fcbfa:group-C574E3E46227:LeaderElection52] INFO  server.RaftServerConfigKeys (ConfUtils.java:logGet(43)) - raft.server.watch.timeout = 10s (default)
2019-08-29 00:13:12,076 [ca0bbee5-09c3-476f-9e60-5d34583977c9:group-2BED4CBECA1F:LeaderElection53] INFO  impl.RaftServerImpl (ServerState.java:setRaftConf(361)) - ca0bbee5-09c3-476f-9e60-5d34583977c9:group-2BED4CBECA1F set configuration 0: [ca0bbee5-09c3-476f-9e60-5d34583977c9:192.168.5.155:41534], old=null at 0
2019-08-29 00:13:12,076 [b00ef5df-dfe4-4d1e-9e05-2ba8895fcbfa:group-C574E3E46227:LeaderElection52] INFO  server.RaftServerConfigKeys (ConfUtils.java:logGet(43)) - raft.server.watch.timeout.denomination = 1s (default)
2019-08-29 00:13:12,076 [5ffd9840-560f-4b42-b626-c678e699dff7:group-9F6C7DA456A4:LeaderElection54] INFO  server.RaftServerConfigKeys (ConfUtils.java:logGet(43)) - raft.server.watch.timeout.denomination = 1s (default)
2019-08-29 00:13:12,113 [b00ef5df-dfe4-4d1e-9e05-2ba8895fcbfa:group-C574E3E46227:LeaderElection52] INFO  server.RaftServerConfigKeys (ConfUtils.java:logGet(43)) - raft.server.watch.element-limit = 65536 (default)
2019-08-29 00:13:12,113 | INFO  | SCMAudit | user=jenkins1000 | ip=192.168.5.155 | op=SEND_HEARTBEAT {datanodeUUID=8e43d282-58ca-4330-8134-d5621fdf2dd0, command=[]} | ret=SUCCESS |  
2019-08-29 00:13:12,113 [5ffd9840-560f-4b42-b626-c678e699dff7:group-9F6C7DA456A4:LeaderElection54] INFO  server.RaftServerConfigKeys (ConfUtils.java:logGet(43)) - raft.server.watch.element-limit = 65536 (default)
2019-08-29 00:13:12,113 [b00ef5df-dfe4-4d1e-9e05-2ba8895fcbfa:group-C574E3E46227:LeaderElection52] INFO  impl.RoleInfo (RoleInfo.java:updateAndGet(143)) - b00ef5df-dfe4-4d1e-9e05-2ba8895fcbfa: start LeaderState
2019-08-29 00:13:12,113 [5ffd9840-560f-4b42-b626-c678e699dff7:group-9F6C7DA456A4:LeaderElection54] INFO  impl.RoleInfo (RoleInfo.java:updateAndGet(143)) - 5ffd9840-560f-4b42-b626-c678e699dff7: start LeaderState
2019-08-29 00:13:12,114 [b00ef5df-dfe4-4d1e-9e05-2ba8895fcbfa:group-C574E3E46227:LeaderElection52] INFO  segmented.SegmentedRaftLogWorker (SegmentedRaftLogWorker.java:startLogSegment(380)) - b00ef5df-dfe4-4d1e-9e05-2ba8895fcbfa-SegmentedRaftLogWorker:Storage Directory /workdir/hadoop-ozone/integration-test/target/test-dir/MiniOzoneClusterImpl-3c083a2a-a42b-42af-b78a-3f3e8042569f/datanode-0/data/ratis/2db875d4-60a0-4a28-bfb4-c574e3e46227: Starting segment from index:0
2019-08-29 00:13:12,114 [5ffd9840-560f-4b42-b626-c678e699dff7:group-9F6C7DA456A4:LeaderElection54] INFO  segmented.SegmentedRaftLogWorker (SegmentedRaftLogWorker.java:startLogSegment(380)) - 5ffd9840-560f-4b42-b626-c678e699dff7-SegmentedRaftLogWorker:Storage Directory /workdir/hadoop-ozone/integration-test/target/test-dir/MiniOzoneClusterImpl-3c083a2a-a42b-42af-b78a-3f3e8042569f/datanode-1/data/ratis/65a19bec-6cf9-4268-9770-9f6c7da456a4: Starting segment from index:0
2019-08-29 00:13:12,114 [b00ef5df-dfe4-4d1e-9e05-2ba8895fcbfa:group-C574E3E46227:LeaderElection52] INFO  impl.RaftServerImpl (ServerState.java:setRaftConf(361)) - b00ef5df-dfe4-4d1e-9e05-2ba8895fcbfa:group-C574E3E46227 set configuration 0: [b00ef5df-dfe4-4d1e-9e05-2ba8895fcbfa:192.168.5.155:42302], old=null at 0
2019-08-29 00:13:12,115 [5ffd9840-560f-4b42-b626-c678e699dff7:group-9F6C7DA456A4:LeaderElection54] INFO  impl.RaftServerImpl (ServerState.java:setRaftConf(361)) - 5ffd9840-560f-4b42-b626-c678e699dff7:group-9F6C7DA456A4 set configuration 0: [5ffd9840-560f-4b42-b626-c678e699dff7:192.168.5.155:33879], old=null at 0
2019-08-29 00:13:12,164 [ca0bbee5-09c3-476f-9e60-5d34583977c9-SegmentedRaftLogWorker:Storage Directory /workdir/hadoop-ozone/integration-test/target/test-dir/MiniOzoneClusterImpl-3c083a2a-a42b-42af-b78a-3f3e8042569f/datanode-2/data/ratis/6a06d6e1-9c73-4798-b6a3-2bed4cbeca1f] INFO  segmented.SegmentedRaftLogWorker (SegmentedRaftLogWorker.java:execute(569)) - ca0bbee5-09c3-476f-9e60-5d34583977c9-SegmentedRaftLogWorker:Storage Directory /workdir/hadoop-ozone/integration-test/target/test-dir/MiniOzoneClusterImpl-3c083a2a-a42b-42af-b78a-3f3e8042569f/datanode-2/data/ratis/6a06d6e1-9c73-4798-b6a3-2bed4cbeca1f: created new log segment /workdir/hadoop-ozone/integration-test/target/test-dir/MiniOzoneClusterImpl-3c083a2a-a42b-42af-b78a-3f3e8042569f/datanode-2/data/ratis/6a06d6e1-9c73-4798-b6a3-2bed4cbeca1f/current/log_inprogress_0
2019-08-29 00:13:12,167 | INFO  | SCMAudit | user=jenkins1000 | ip=192.168.5.155 | op=SEND_HEARTBEAT {datanodeUUID=ab1f4f63-5220-4744-95d6-24db2fd27225, command=[]} | ret=SUCCESS |  
2019-08-29 00:13:12,175 [5ffd9840-560f-4b42-b626-c678e699dff7-SegmentedRaftLogWorker:Storage Directory /workdir/hadoop-ozone/integration-test/target/test-dir/MiniOzoneClusterImpl-3c083a2a-a42b-42af-b78a-3f3e8042569f/datanode-1/data/ratis/65a19bec-6cf9-4268-9770-9f6c7da456a4] INFO  segmented.SegmentedRaftLogWorker (SegmentedRaftLogWorker.java:execute(569)) - 5ffd9840-560f-4b42-b626-c678e699dff7-SegmentedRaftLogWorker:Storage Directory /workdir/hadoop-ozone/integration-test/target/test-dir/MiniOzoneClusterImpl-3c083a2a-a42b-42af-b78a-3f3e8042569f/datanode-1/data/ratis/65a19bec-6cf9-4268-9770-9f6c7da456a4: created new log segment /workdir/hadoop-ozone/integration-test/target/test-dir/MiniOzoneClusterImpl-3c083a2a-a42b-42af-b78a-3f3e8042569f/datanode-1/data/ratis/65a19bec-6cf9-4268-9770-9f6c7da456a4/current/log_inprogress_0
2019-08-29 00:13:12,175 [b00ef5df-dfe4-4d1e-9e05-2ba8895fcbfa-SegmentedRaftLogWorker:Storage Directory /workdir/hadoop-ozone/integration-test/target/test-dir/MiniOzoneClusterImpl-3c083a2a-a42b-42af-b78a-3f3e8042569f/datanode-0/data/ratis/2db875d4-60a0-4a28-bfb4-c574e3e46227] INFO  segmented.SegmentedRaftLogWorker (SegmentedRaftLogWorker.java:execute(569)) - b00ef5df-dfe4-4d1e-9e05-2ba8895fcbfa-SegmentedRaftLogWorker:Storage Directory /workdir/hadoop-ozone/integration-test/target/test-dir/MiniOzoneClusterImpl-3c083a2a-a42b-42af-b78a-3f3e8042569f/datanode-0/data/ratis/2db875d4-60a0-4a28-bfb4-c574e3e46227: created new log segment /workdir/hadoop-ozone/integration-test/target/test-dir/MiniOzoneClusterImpl-3c083a2a-a42b-42af-b78a-3f3e8042569f/datanode-0/data/ratis/2db875d4-60a0-4a28-bfb4-c574e3e46227/current/log_inprogress_0
2019-08-29 00:13:12,188 [Thread-3294] INFO  impl.FollowerState (FollowerState.java:run(106)) - 5ffd9840-560f-4b42-b626-c678e699dff7:group-3FF470AB4F1E changes to CANDIDATE, lastRpcTime:5087, electionTimeout:5087ms
2019-08-29 00:13:12,188 [Thread-3294] INFO  impl.RoleInfo (RoleInfo.java:shutdownFollowerState(121)) - 5ffd9840-560f-4b42-b626-c678e699dff7: shutdown FollowerState
2019-08-29 00:13:12,188 [Thread-3294] INFO  impl.RaftServerImpl (RaftServerImpl.java:setRole(171)) - 5ffd9840-560f-4b42-b626-c678e699dff7:group-3FF470AB4F1E changes role from FOLLOWER to CANDIDATE at term 0 for changeToCandidate
2019-08-29 00:13:12,188 [Thread-3294] INFO  impl.RoleInfo (RoleInfo.java:updateAndGet(143)) - 5ffd9840-560f-4b42-b626-c678e699dff7: start LeaderElection
2019-08-29 00:13:12,197 [5ffd9840-560f-4b42-b626-c678e699dff7:group-3FF470AB4F1E:LeaderElection55] INFO  impl.LeaderElection (LeaderElection.java:askForVotes(181)) - 5ffd9840-560f-4b42-b626-c678e699dff7:group-3FF470AB4F1E:LeaderElection55: begin an election at term 1 for -1: [5ffd9840-560f-4b42-b626-c678e699dff7:192.168.5.155:33879, ca0bbee5-09c3-476f-9e60-5d34583977c9:192.168.5.155:41534, b00ef5df-dfe4-4d1e-9e05-2ba8895fcbfa:192.168.5.155:42302], old=null
2019-08-29 00:13:12,209 | INFO  | SCMAudit | user=jenkins1000 | ip=192.168.5.155 | op=SEND_HEARTBEAT {datanodeUUID=6f6426e5-ce14-4107-b742-6d33e6b5f757, command=[]} | ret=SUCCESS |  
2019-08-29 00:13:12,211 [grpc-default-executor-1] INFO  impl.RaftServerImpl (RaftServerImpl.java:setRole(171)) - b00ef5df-dfe4-4d1e-9e05-2ba8895fcbfa:group-3FF470AB4F1E changes role from FOLLOWER to FOLLOWER at term 1 for recognizeCandidate:5ffd9840-560f-4b42-b626-c678e699dff7
2019-08-29 00:13:12,212 [grpc-default-executor-1] INFO  impl.RoleInfo (RoleInfo.java:shutdownFollowerState(121)) - b00ef5df-dfe4-4d1e-9e05-2ba8895fcbfa: shutdown FollowerState
2019-08-29 00:13:12,212 [grpc-default-executor-8] INFO  impl.RaftServerImpl (RaftServerImpl.java:setRole(171)) - ca0bbee5-09c3-476f-9e60-5d34583977c9:group-3FF470AB4F1E changes role from FOLLOWER to FOLLOWER at term 1 for recognizeCandidate:5ffd9840-560f-4b42-b626-c678e699dff7
2019-08-29 00:13:12,212 [grpc-default-executor-8] INFO  impl.RoleInfo (RoleInfo.java:shutdownFollowerState(121)) - ca0bbee5-09c3-476f-9e60-5d34583977c9: shutdown FollowerState
2019-08-29 00:13:12,212 [Thread-3300] INFO  impl.FollowerState (FollowerState.java:run(114)) - b00ef5df-dfe4-4d1e-9e05-2ba8895fcbfa: FollowerState was interrupted: java.lang.InterruptedException: sleep interrupted
2019-08-29 00:13:12,212 [grpc-default-executor-1] INFO  impl.RoleInfo (RoleInfo.java:updateAndGet(143)) - b00ef5df-dfe4-4d1e-9e05-2ba8895fcbfa: start FollowerState
2019-08-29 00:13:12,212 [Thread-3297] INFO  impl.FollowerState (FollowerState.java:run(114)) - ca0bbee5-09c3-476f-9e60-5d34583977c9: FollowerState was interrupted: java.lang.InterruptedException: sleep interrupted
2019-08-29 00:13:12,212 [grpc-default-executor-8] INFO  impl.RoleInfo (RoleInfo.java:updateAndGet(143)) - ca0bbee5-09c3-476f-9e60-5d34583977c9: start FollowerState
2019-08-29 00:13:12,223 [5ffd9840-560f-4b42-b626-c678e699dff7:group-3FF470AB4F1E:LeaderElection55] INFO  impl.LeaderElection (LeaderElection.java:logAndReturn(56)) - 5ffd9840-560f-4b42-b626-c678e699dff7:group-3FF470AB4F1E:LeaderElection55: Election PASSED; received 1 response(s) [5ffd9840-560f-4b42-b626-c678e699dff7<-ca0bbee5-09c3-476f-9e60-5d34583977c9#0:OK-t1] and 0 exception(s); 5ffd9840-560f-4b42-b626-c678e699dff7:t1, leader=null, voted=5ffd9840-560f-4b42-b626-c678e699dff7, raftlog=5ffd9840-560f-4b42-b626-c678e699dff7-SegmentedRaftLog:OPENED:c-1,f-1,i0, conf=-1: [5ffd9840-560f-4b42-b626-c678e699dff7:192.168.5.155:33879, ca0bbee5-09c3-476f-9e60-5d34583977c9:192.168.5.155:41534, b00ef5df-dfe4-4d1e-9e05-2ba8895fcbfa:192.168.5.155:42302], old=null
2019-08-29 00:13:12,223 [5ffd9840-560f-4b42-b626-c678e699dff7:group-3FF470AB4F1E:LeaderElection55] INFO  impl.RoleInfo (RoleInfo.java:shutdownLeaderElection(134)) - 5ffd9840-560f-4b42-b626-c678e699dff7: shutdown LeaderElection
2019-08-29 00:13:12,223 [5ffd9840-560f-4b42-b626-c678e699dff7:group-3FF470AB4F1E:LeaderElection55] INFO  impl.RaftServerImpl (RaftServerImpl.java:setRole(171)) - 5ffd9840-560f-4b42-b626-c678e699dff7:group-3FF470AB4F1E changes role from CANDIDATE to LEADER at term 1 for changeToLeader
2019-08-29 00:13:12,223 [5ffd9840-560f-4b42-b626-c678e699dff7:group-3FF470AB4F1E:LeaderElection55] INFO  impl.RaftServerImpl (ServerState.java:setLeader(263)) - 5ffd9840-560f-4b42-b626-c678e699dff7:group-3FF470AB4F1E change Leader from null to 5ffd9840-560f-4b42-b626-c678e699dff7 at term 1 for becomeLeader, leader elected after 5131ms
2019-08-29 00:13:12,223 [5ffd9840-560f-4b42-b626-c678e699dff7:group-3FF470AB4F1E:LeaderElection55] INFO  server.RaftServerConfigKeys (ConfUtils.java:logGet(43)) - raft.server.staging.catchup.gap = 1000 (default)
2019-08-29 00:13:12,224 [5ffd9840-560f-4b42-b626-c678e699dff7:group-3FF470AB4F1E:LeaderElection55] INFO  server.RaftServerConfigKeys (ConfUtils.java:logGet(43)) - raft.server.rpc.sleep.time = 25ms (default)
2019-08-29 00:13:12,224 [5ffd9840-560f-4b42-b626-c678e699dff7:group-3FF470AB4F1E:LeaderElection55] INFO  server.RaftServerConfigKeys (ConfUtils.java:logGet(43)) - raft.server.write.element-limit = 4096 (default)
2019-08-29 00:13:12,224 [5ffd9840-560f-4b42-b626-c678e699dff7:group-3FF470AB4F1E:LeaderElection55] INFO  server.RaftServerConfigKeys (ConfUtils.java:logGet(43)) - raft.server.watch.timeout = 10s (default)
2019-08-29 00:13:12,224 [5ffd9840-560f-4b42-b626-c678e699dff7:group-3FF470AB4F1E:LeaderElection55] INFO  server.RaftServerConfigKeys (ConfUtils.java:logGet(43)) - raft.server.watch.timeout.denomination = 1s (default)
2019-08-29 00:13:12,224 [5ffd9840-560f-4b42-b626-c678e699dff7:group-3FF470AB4F1E:LeaderElection55] INFO  server.RaftServerConfigKeys (ConfUtils.java:logGet(43)) - raft.server.watch.element-limit = 65536 (default)
2019-08-29 00:13:12,225 [5ffd9840-560f-4b42-b626-c678e699dff7:group-3FF470AB4F1E:LeaderElection55] INFO  server.RaftServerConfigKeys (ConfUtils.java:logGet(43)) - raft.server.log.appender.snapshot.chunk.size.max = 16MB (=16777216) (default)
2019-08-29 00:13:12,225 [5ffd9840-560f-4b42-b626-c678e699dff7:group-3FF470AB4F1E:LeaderElection55] INFO  server.RaftServerConfigKeys (ConfUtils.java:logGet(43)) - raft.server.log.appender.buffer.byte-limit = 33554432 (custom)
2019-08-29 00:13:12,225 [5ffd9840-560f-4b42-b626-c678e699dff7:group-3FF470AB4F1E:LeaderElection55] INFO  server.RaftServerConfigKeys (ConfUtils.java:logGet(43)) - raft.server.log.appender.buffer.element-limit = 1 (custom)
2019-08-29 00:13:12,225 [5ffd9840-560f-4b42-b626-c678e699dff7:group-3FF470AB4F1E:LeaderElection55] INFO  grpc.GrpcConfigKeys$Server (ConfUtils.java:logGet(43)) - raft.grpc.server.leader.outstanding.appends.max = 128 (default)
2019-08-29 00:13:12,225 [5ffd9840-560f-4b42-b626-c678e699dff7:group-3FF470AB4F1E:LeaderElection55] INFO  server.RaftServerConfigKeys (ConfUtils.java:logGet(43)) - raft.server.rpc.request.timeout = 3000ms (default)
2019-08-29 00:13:12,226 [5ffd9840-560f-4b42-b626-c678e699dff7:group-3FF470AB4F1E:LeaderElection55] INFO  server.RaftServerConfigKeys (ConfUtils.java:logGet(43)) - raft.server.log.appender.install.snapshot.enabled = false (custom)
2019-08-29 00:13:12,226 [5ffd9840-560f-4b42-b626-c678e699dff7:group-3FF470AB4F1E:LeaderElection55] INFO  server.RaftServerConfigKeys (ConfUtils.java:logGet(43)) - raft.server.log.appender.snapshot.chunk.size.max = 16MB (=16777216) (default)
2019-08-29 00:13:12,226 [5ffd9840-560f-4b42-b626-c678e699dff7:group-3FF470AB4F1E:LeaderElection55] INFO  server.RaftServerConfigKeys (ConfUtils.java:logGet(43)) - raft.server.log.appender.buffer.byte-limit = 33554432 (custom)
2019-08-29 00:13:12,226 [5ffd9840-560f-4b42-b626-c678e699dff7:group-3FF470AB4F1E:LeaderElection55] INFO  server.RaftServerConfigKeys (ConfUtils.java:logGet(43)) - raft.server.log.appender.buffer.element-limit = 1 (custom)
2019-08-29 00:13:12,226 [5ffd9840-560f-4b42-b626-c678e699dff7:group-3FF470AB4F1E:LeaderElection55] INFO  grpc.GrpcConfigKeys$Server (ConfUtils.java:logGet(43)) - raft.grpc.server.leader.outstanding.appends.max = 128 (default)
2019-08-29 00:13:12,227 [5ffd9840-560f-4b42-b626-c678e699dff7:group-3FF470AB4F1E:LeaderElection55] INFO  server.RaftServerConfigKeys (ConfUtils.java:logGet(43)) - raft.server.rpc.request.timeout = 3000ms (default)
2019-08-29 00:13:12,227 [5ffd9840-560f-4b42-b626-c678e699dff7:group-3FF470AB4F1E:LeaderElection55] INFO  server.RaftServerConfigKeys (ConfUtils.java:logGet(43)) - raft.server.log.appender.install.snapshot.enabled = false (custom)
2019-08-29 00:13:12,227 [5ffd9840-560f-4b42-b626-c678e699dff7:group-3FF470AB4F1E:LeaderElection55] INFO  impl.RoleInfo (RoleInfo.java:updateAndGet(143)) - 5ffd9840-560f-4b42-b626-c678e699dff7: start LeaderState
2019-08-29 00:13:12,227 [5ffd9840-560f-4b42-b626-c678e699dff7:group-3FF470AB4F1E:LeaderElection55] INFO  segmented.SegmentedRaftLogWorker (SegmentedRaftLogWorker.java:startLogSegment(380)) - 5ffd9840-560f-4b42-b626-c678e699dff7-SegmentedRaftLogWorker:Storage Directory /workdir/hadoop-ozone/integration-test/target/test-dir/MiniOzoneClusterImpl-3c083a2a-a42b-42af-b78a-3f3e8042569f/datanode-1/data/ratis/a7ff0b15-756b-42ba-82b6-3ff470ab4f1e: Starting segment from index:0
2019-08-29 00:13:12,228 [5ffd9840-560f-4b42-b626-c678e699dff7:group-3FF470AB4F1E:LeaderElection55] INFO  impl.RaftServerImpl (ServerState.java:setRaftConf(361)) - 5ffd9840-560f-4b42-b626-c678e699dff7:group-3FF470AB4F1E set configuration 0: [5ffd9840-560f-4b42-b626-c678e699dff7:192.168.5.155:33879, ca0bbee5-09c3-476f-9e60-5d34583977c9:192.168.5.155:41534, b00ef5df-dfe4-4d1e-9e05-2ba8895fcbfa:192.168.5.155:42302], old=null at 0
2019-08-29 00:13:12,271 [Thread-3303] INFO  impl.FollowerState (FollowerState.java:run(106)) - 8e43d282-58ca-4330-8134-d5621fdf2dd0:group-A2433840220E changes to CANDIDATE, lastRpcTime:5084, electionTimeout:5070ms
2019-08-29 00:13:12,272 [Thread-3303] INFO  impl.RoleInfo (RoleInfo.java:shutdownFollowerState(121)) - 8e43d282-58ca-4330-8134-d5621fdf2dd0: shutdown FollowerState
2019-08-29 00:13:12,272 [Thread-3303] INFO  impl.RaftServerImpl (RaftServerImpl.java:setRole(171)) - 8e43d282-58ca-4330-8134-d5621fdf2dd0:group-A2433840220E changes role from FOLLOWER to CANDIDATE at term 0 for changeToCandidate
2019-08-29 00:13:12,272 [Thread-3303] INFO  impl.RoleInfo (RoleInfo.java:updateAndGet(143)) - 8e43d282-58ca-4330-8134-d5621fdf2dd0: start LeaderElection
2019-08-29 00:13:12,272 | INFO  | SCMAudit | user=jenkins1000 | ip=192.168.5.155 | op=SEND_HEARTBEAT {datanodeUUID=f23e32b5-1859-4d8d-ab6e-3ad369251285, command=[]} | ret=SUCCESS |  
2019-08-29 00:13:12,278 [grpc-default-executor-8] INFO  impl.RaftServerImpl (ServerState.java:setLeader(263)) - ca0bbee5-09c3-476f-9e60-5d34583977c9:group-3FF470AB4F1E change Leader from null to 5ffd9840-560f-4b42-b626-c678e699dff7 at term 1 for appendEntries, leader elected after 5185ms
2019-08-29 00:13:12,278 [grpc-default-executor-1] INFO  impl.RaftServerImpl (ServerState.java:setLeader(263)) - b00ef5df-dfe4-4d1e-9e05-2ba8895fcbfa:group-3FF470AB4F1E change Leader from null to 5ffd9840-560f-4b42-b626-c678e699dff7 at term 1 for appendEntries, leader elected after 5186ms
2019-08-29 00:13:12,288 [5ffd9840-560f-4b42-b626-c678e699dff7-SegmentedRaftLogWorker:Storage Directory /workdir/hadoop-ozone/integration-test/target/test-dir/MiniOzoneClusterImpl-3c083a2a-a42b-42af-b78a-3f3e8042569f/datanode-1/data/ratis/a7ff0b15-756b-42ba-82b6-3ff470ab4f1e] INFO  segmented.SegmentedRaftLogWorker (SegmentedRaftLogWorker.java:execute(569)) - 5ffd9840-560f-4b42-b626-c678e699dff7-SegmentedRaftLogWorker:Storage Directory /workdir/hadoop-ozone/integration-test/target/test-dir/MiniOzoneClusterImpl-3c083a2a-a42b-42af-b78a-3f3e8042569f/datanode-1/data/ratis/a7ff0b15-756b-42ba-82b6-3ff470ab4f1e: created new log segment /workdir/hadoop-ozone/integration-test/target/test-dir/MiniOzoneClusterImpl-3c083a2a-a42b-42af-b78a-3f3e8042569f/datanode-1/data/ratis/a7ff0b15-756b-42ba-82b6-3ff470ab4f1e/current/log_inprogress_0
2019-08-29 00:13:12,288 [8e43d282-58ca-4330-8134-d5621fdf2dd0:group-A2433840220E:LeaderElection56] INFO  impl.LeaderElection (LeaderElection.java:askForVotes(181)) - 8e43d282-58ca-4330-8134-d5621fdf2dd0:group-A2433840220E:LeaderElection56: begin an election at term 1 for -1: [8e43d282-58ca-4330-8134-d5621fdf2dd0:192.168.5.155:32795], old=null
2019-08-29 00:13:12,289 [8e43d282-58ca-4330-8134-d5621fdf2dd0:group-A2433840220E:LeaderElection56] INFO  impl.RoleInfo (RoleInfo.java:shutdownLeaderElection(134)) - 8e43d282-58ca-4330-8134-d5621fdf2dd0: shutdown LeaderElection
2019-08-29 00:13:12,289 [8e43d282-58ca-4330-8134-d5621fdf2dd0:group-A2433840220E:LeaderElection56] INFO  impl.RaftServerImpl (RaftServerImpl.java:setRole(171)) - 8e43d282-58ca-4330-8134-d5621fdf2dd0:group-A2433840220E changes role from CANDIDATE to LEADER at term 1 for changeToLeader
2019-08-29 00:13:12,289 [8e43d282-58ca-4330-8134-d5621fdf2dd0:group-A2433840220E:LeaderElection56] INFO  impl.RaftServerImpl (ServerState.java:setLeader(263)) - 8e43d282-58ca-4330-8134-d5621fdf2dd0:group-A2433840220E change Leader from null to 8e43d282-58ca-4330-8134-d5621fdf2dd0 at term 1 for becomeLeader, leader elected after 5107ms
2019-08-29 00:13:12,289 [8e43d282-58ca-4330-8134-d5621fdf2dd0:group-A2433840220E:LeaderElection56] INFO  server.RaftServerConfigKeys (ConfUtils.java:logGet(43)) - raft.server.staging.catchup.gap = 1000 (default)
2019-08-29 00:13:12,289 [8e43d282-58ca-4330-8134-d5621fdf2dd0:group-A2433840220E:LeaderElection56] INFO  server.RaftServerConfigKeys (ConfUtils.java:logGet(43)) - raft.server.rpc.sleep.time = 25ms (default)
2019-08-29 00:13:12,290 [8e43d282-58ca-4330-8134-d5621fdf2dd0:group-A2433840220E:LeaderElection56] INFO  server.RaftServerConfigKeys (ConfUtils.java:logGet(43)) - raft.server.write.element-limit = 4096 (default)
2019-08-29 00:13:12,290 [8e43d282-58ca-4330-8134-d5621fdf2dd0:group-A2433840220E:LeaderElection56] INFO  server.RaftServerConfigKeys (ConfUtils.java:logGet(43)) - raft.server.watch.timeout = 10s (default)
2019-08-29 00:13:12,290 [8e43d282-58ca-4330-8134-d5621fdf2dd0:group-A2433840220E:LeaderElection56] INFO  server.RaftServerConfigKeys (ConfUtils.java:logGet(43)) - raft.server.watch.timeout.denomination = 1s (default)
2019-08-29 00:13:12,294 [grpc-default-executor-1] INFO  impl.RaftServerImpl (ServerState.java:setRaftConf(361)) - ca0bbee5-09c3-476f-9e60-5d34583977c9:group-3FF470AB4F1E set configuration 0: [5ffd9840-560f-4b42-b626-c678e699dff7:192.168.5.155:33879, ca0bbee5-09c3-476f-9e60-5d34583977c9:192.168.5.155:41534, b00ef5df-dfe4-4d1e-9e05-2ba8895fcbfa:192.168.5.155:42302], old=null at 0
2019-08-29 00:13:12,299 [grpc-default-executor-8] INFO  impl.RaftServerImpl (ServerState.java:setRaftConf(361)) - b00ef5df-dfe4-4d1e-9e05-2ba8895fcbfa:group-3FF470AB4F1E set configuration 0: [5ffd9840-560f-4b42-b626-c678e699dff7:192.168.5.155:33879, ca0bbee5-09c3-476f-9e60-5d34583977c9:192.168.5.155:41534, b00ef5df-dfe4-4d1e-9e05-2ba8895fcbfa:192.168.5.155:42302], old=null at 0
2019-08-29 00:13:12,295 [8e43d282-58ca-4330-8134-d5621fdf2dd0:group-A2433840220E:LeaderElection56] INFO  server.RaftServerConfigKeys (ConfUtils.java:logGet(43)) - raft.server.watch.element-limit = 65536 (default)
2019-08-29 00:13:12,299 [grpc-default-executor-8] INFO  segmented.SegmentedRaftLogWorker (SegmentedRaftLogWorker.java:startLogSegment(380)) - b00ef5df-dfe4-4d1e-9e05-2ba8895fcbfa-SegmentedRaftLogWorker:Storage Directory /workdir/hadoop-ozone/integration-test/target/test-dir/MiniOzoneClusterImpl-3c083a2a-a42b-42af-b78a-3f3e8042569f/datanode-0/data/ratis/a7ff0b15-756b-42ba-82b6-3ff470ab4f1e: Starting segment from index:0
2019-08-29 00:13:12,299 [grpc-default-executor-1] INFO  segmented.SegmentedRaftLogWorker (SegmentedRaftLogWorker.java:startLogSegment(380)) - ca0bbee5-09c3-476f-9e60-5d34583977c9-SegmentedRaftLogWorker:Storage Directory /workdir/hadoop-ozone/integration-test/target/test-dir/MiniOzoneClusterImpl-3c083a2a-a42b-42af-b78a-3f3e8042569f/datanode-2/data/ratis/a7ff0b15-756b-42ba-82b6-3ff470ab4f1e: Starting segment from index:0
2019-08-29 00:13:12,300 [8e43d282-58ca-4330-8134-d5621fdf2dd0:group-A2433840220E:LeaderElection56] INFO  impl.RoleInfo (RoleInfo.java:updateAndGet(143)) - 8e43d282-58ca-4330-8134-d5621fdf2dd0: start LeaderState
2019-08-29 00:13:12,300 [8e43d282-58ca-4330-8134-d5621fdf2dd0:group-A2433840220E:LeaderElection56] INFO  segmented.SegmentedRaftLogWorker (SegmentedRaftLogWorker.java:startLogSegment(380)) - 8e43d282-58ca-4330-8134-d5621fdf2dd0-SegmentedRaftLogWorker:Storage Directory /workdir/hadoop-ozone/integration-test/target/test-dir/MiniOzoneClusterImpl-3c083a2a-a42b-42af-b78a-3f3e8042569f/datanode-3/data/ratis/be7793d4-3deb-4e57-af9c-a2433840220e: Starting segment from index:0
2019-08-29 00:13:12,301 [8e43d282-58ca-4330-8134-d5621fdf2dd0:group-A2433840220E:LeaderElection56] INFO  impl.RaftServerImpl (ServerState.java:setRaftConf(361)) - 8e43d282-58ca-4330-8134-d5621fdf2dd0:group-A2433840220E set configuration 0: [8e43d282-58ca-4330-8134-d5621fdf2dd0:192.168.5.155:32795], old=null at 0
2019-08-29 00:13:12,359 [8e43d282-58ca-4330-8134-d5621fdf2dd0-SegmentedRaftLogWorker:Storage Directory /workdir/hadoop-ozone/integration-test/target/test-dir/MiniOzoneClusterImpl-3c083a2a-a42b-42af-b78a-3f3e8042569f/datanode-3/data/ratis/be7793d4-3deb-4e57-af9c-a2433840220e] INFO  segmented.SegmentedRaftLogWorker (SegmentedRaftLogWorker.java:execute(569)) - 8e43d282-58ca-4330-8134-d5621fdf2dd0-SegmentedRaftLogWorker:Storage Directory /workdir/hadoop-ozone/integration-test/target/test-dir/MiniOzoneClusterImpl-3c083a2a-a42b-42af-b78a-3f3e8042569f/datanode-3/data/ratis/be7793d4-3deb-4e57-af9c-a2433840220e: created new log segment /workdir/hadoop-ozone/integration-test/target/test-dir/MiniOzoneClusterImpl-3c083a2a-a42b-42af-b78a-3f3e8042569f/datanode-3/data/ratis/be7793d4-3deb-4e57-af9c-a2433840220e/current/log_inprogress_0
2019-08-29 00:13:12,359 [ca0bbee5-09c3-476f-9e60-5d34583977c9-SegmentedRaftLogWorker:Storage Directory /workdir/hadoop-ozone/integration-test/target/test-dir/MiniOzoneClusterImpl-3c083a2a-a42b-42af-b78a-3f3e8042569f/datanode-2/data/ratis/a7ff0b15-756b-42ba-82b6-3ff470ab4f1e] INFO  segmented.SegmentedRaftLogWorker (SegmentedRaftLogWorker.java:execute(569)) - ca0bbee5-09c3-476f-9e60-5d34583977c9-SegmentedRaftLogWorker:Storage Directory /workdir/hadoop-ozone/integration-test/target/test-dir/MiniOzoneClusterImpl-3c083a2a-a42b-42af-b78a-3f3e8042569f/datanode-2/data/ratis/a7ff0b15-756b-42ba-82b6-3ff470ab4f1e: created new log segment /workdir/hadoop-ozone/integration-test/target/test-dir/MiniOzoneClusterImpl-3c083a2a-a42b-42af-b78a-3f3e8042569f/datanode-2/data/ratis/a7ff0b15-756b-42ba-82b6-3ff470ab4f1e/current/log_inprogress_0
2019-08-29 00:13:12,359 [b00ef5df-dfe4-4d1e-9e05-2ba8895fcbfa-SegmentedRaftLogWorker:Storage Directory /workdir/hadoop-ozone/integration-test/target/test-dir/MiniOzoneClusterImpl-3c083a2a-a42b-42af-b78a-3f3e8042569f/datanode-0/data/ratis/a7ff0b15-756b-42ba-82b6-3ff470ab4f1e] INFO  segmented.SegmentedRaftLogWorker (SegmentedRaftLogWorker.java:execute(569)) - b00ef5df-dfe4-4d1e-9e05-2ba8895fcbfa-SegmentedRaftLogWorker:Storage Directory /workdir/hadoop-ozone/integration-test/target/test-dir/MiniOzoneClusterImpl-3c083a2a-a42b-42af-b78a-3f3e8042569f/datanode-0/data/ratis/a7ff0b15-756b-42ba-82b6-3ff470ab4f1e: created new log segment /workdir/hadoop-ozone/integration-test/target/test-dir/MiniOzoneClusterImpl-3c083a2a-a42b-42af-b78a-3f3e8042569f/datanode-0/data/ratis/a7ff0b15-756b-42ba-82b6-3ff470ab4f1e/current/log_inprogress_0
2019-08-29 00:13:12,372 [Thread-3306] INFO  impl.FollowerState (FollowerState.java:run(106)) - ab1f4f63-5220-4744-95d6-24db2fd27225:group-D68BE58F7E0B changes to CANDIDATE, lastRpcTime:5133, electionTimeout:5133ms
2019-08-29 00:13:12,372 [Thread-3306] INFO  impl.RoleInfo (RoleInfo.java:shutdownFollowerState(121)) - ab1f4f63-5220-4744-95d6-24db2fd27225: shutdown FollowerState
2019-08-29 00:13:12,373 [Thread-3306] INFO  impl.RaftServerImpl (RaftServerImpl.java:setRole(171)) - ab1f4f63-5220-4744-95d6-24db2fd27225:group-D68BE58F7E0B changes role from FOLLOWER to CANDIDATE at term 0 for changeToCandidate
2019-08-29 00:13:12,373 [Thread-3306] INFO  impl.RoleInfo (RoleInfo.java:updateAndGet(143)) - ab1f4f63-5220-4744-95d6-24db2fd27225: start LeaderElection
2019-08-29 00:13:12,384 [Thread-3314] INFO  impl.FollowerState (FollowerState.java:run(106)) - f23e32b5-1859-4d8d-ab6e-3ad369251285:group-4E53D21EDC07 changes to CANDIDATE, lastRpcTime:5039, electionTimeout:5039ms
2019-08-29 00:13:12,384 [Thread-3314] INFO  impl.RoleInfo (RoleInfo.java:shutdownFollowerState(121)) - f23e32b5-1859-4d8d-ab6e-3ad369251285: shutdown FollowerState
2019-08-29 00:13:12,384 [Thread-3314] INFO  impl.RaftServerImpl (RaftServerImpl.java:setRole(171)) - f23e32b5-1859-4d8d-ab6e-3ad369251285:group-4E53D21EDC07 changes role from FOLLOWER to CANDIDATE at term 0 for changeToCandidate
2019-08-29 00:13:12,384 [Thread-3314] INFO  impl.RoleInfo (RoleInfo.java:updateAndGet(143)) - f23e32b5-1859-4d8d-ab6e-3ad369251285: start LeaderElection
2019-08-29 00:13:12,384 [Thread-3311] INFO  impl.FollowerState (FollowerState.java:run(106)) - 6f6426e5-ce14-4107-b742-6d33e6b5f757:group-338FA014E808 changes to CANDIDATE, lastRpcTime:5089, electionTimeout:5089ms
2019-08-29 00:13:12,384 [Thread-3311] INFO  impl.RoleInfo (RoleInfo.java:shutdownFollowerState(121)) - 6f6426e5-ce14-4107-b742-6d33e6b5f757: shutdown FollowerState
2019-08-29 00:13:12,384 [Thread-3311] INFO  impl.RaftServerImpl (RaftServerImpl.java:setRole(171)) - 6f6426e5-ce14-4107-b742-6d33e6b5f757:group-338FA014E808 changes role from FOLLOWER to CANDIDATE at term 0 for changeToCandidate
2019-08-29 00:13:12,386 [Thread-3311] INFO  impl.RoleInfo (RoleInfo.java:updateAndGet(143)) - 6f6426e5-ce14-4107-b742-6d33e6b5f757: start LeaderElection
2019-08-29 00:13:12,389 [ab1f4f63-5220-4744-95d6-24db2fd27225:group-D68BE58F7E0B:LeaderElection57] INFO  impl.LeaderElection (LeaderElection.java:askForVotes(181)) - ab1f4f63-5220-4744-95d6-24db2fd27225:group-D68BE58F7E0B:LeaderElection57: begin an election at term 1 for -1: [ab1f4f63-5220-4744-95d6-24db2fd27225:192.168.5.155:45611], old=null
2019-08-29 00:13:12,389 [ab1f4f63-5220-4744-95d6-24db2fd27225:group-D68BE58F7E0B:LeaderElection57] INFO  impl.RoleInfo (RoleInfo.java:shutdownLeaderElection(134)) - ab1f4f63-5220-4744-95d6-24db2fd27225: shutdown LeaderElection
2019-08-29 00:13:12,389 [ab1f4f63-5220-4744-95d6-24db2fd27225:group-D68BE58F7E0B:LeaderElection57] INFO  impl.RaftServerImpl (RaftServerImpl.java:setRole(171)) - ab1f4f63-5220-4744-95d6-24db2fd27225:group-D68BE58F7E0B changes role from CANDIDATE to LEADER at term 1 for changeToLeader
2019-08-29 00:13:12,389 [ab1f4f63-5220-4744-95d6-24db2fd27225:group-D68BE58F7E0B:LeaderElection57] INFO  impl.RaftServerImpl (ServerState.java:setLeader(263)) - ab1f4f63-5220-4744-95d6-24db2fd27225:group-D68BE58F7E0B change Leader from null to ab1f4f63-5220-4744-95d6-24db2fd27225 at term 1 for becomeLeader, leader elected after 5154ms
2019-08-29 00:13:12,390 [ab1f4f63-5220-4744-95d6-24db2fd27225:group-D68BE58F7E0B:LeaderElection57] INFO  server.RaftServerConfigKeys (ConfUtils.java:logGet(43)) - raft.server.staging.catchup.gap = 1000 (default)
2019-08-29 00:13:12,390 [ab1f4f63-5220-4744-95d6-24db2fd27225:group-D68BE58F7E0B:LeaderElection57] INFO  server.RaftServerConfigKeys (ConfUtils.java:logGet(43)) - raft.server.rpc.sleep.time = 25ms (default)
2019-08-29 00:13:12,390 [ab1f4f63-5220-4744-95d6-24db2fd27225:group-D68BE58F7E0B:LeaderElection57] INFO  server.RaftServerConfigKeys (ConfUtils.java:logGet(43)) - raft.server.write.element-limit = 4096 (default)
2019-08-29 00:13:12,390 [ab1f4f63-5220-4744-95d6-24db2fd27225:group-D68BE58F7E0B:LeaderElection57] INFO  server.RaftServerConfigKeys (ConfUtils.java:logGet(43)) - raft.server.watch.timeout = 10s (default)
2019-08-29 00:13:12,390 [ab1f4f63-5220-4744-95d6-24db2fd27225:group-D68BE58F7E0B:LeaderElection57] INFO  server.RaftServerConfigKeys (ConfUtils.java:logGet(43)) - raft.server.watch.timeout.denomination = 1s (default)
2019-08-29 00:13:12,391 [ab1f4f63-5220-4744-95d6-24db2fd27225:group-D68BE58F7E0B:LeaderElection57] INFO  server.RaftServerConfigKeys (ConfUtils.java:logGet(43)) - raft.server.watch.element-limit = 65536 (default)
2019-08-29 00:13:12,391 [ab1f4f63-5220-4744-95d6-24db2fd27225:group-D68BE58F7E0B:LeaderElection57] INFO  impl.RoleInfo (RoleInfo.java:updateAndGet(143)) - ab1f4f63-5220-4744-95d6-24db2fd27225: start LeaderState
2019-08-29 00:13:12,391 [ab1f4f63-5220-4744-95d6-24db2fd27225:group-D68BE58F7E0B:LeaderElection57] INFO  segmented.SegmentedRaftLogWorker (SegmentedRaftLogWorker.java:startLogSegment(380)) - ab1f4f63-5220-4744-95d6-24db2fd27225-SegmentedRaftLogWorker:Storage Directory /workdir/hadoop-ozone/integration-test/target/test-dir/MiniOzoneClusterImpl-3c083a2a-a42b-42af-b78a-3f3e8042569f/datanode-4/data/ratis/c67a0c4a-b172-4636-b3dc-d68be58f7e0b: Starting segment from index:0
2019-08-29 00:13:12,392 [ab1f4f63-5220-4744-95d6-24db2fd27225:group-D68BE58F7E0B:LeaderElection57] INFO  impl.RaftServerImpl (ServerState.java:setRaftConf(361)) - ab1f4f63-5220-4744-95d6-24db2fd27225:group-D68BE58F7E0B set configuration 0: [ab1f4f63-5220-4744-95d6-24db2fd27225:192.168.5.155:45611], old=null at 0
2019-08-29 00:13:12,429 [6f6426e5-ce14-4107-b742-6d33e6b5f757:group-338FA014E808:LeaderElection59] INFO  impl.LeaderElection (LeaderElection.java:askForVotes(181)) - 6f6426e5-ce14-4107-b742-6d33e6b5f757:group-338FA014E808:LeaderElection59: begin an election at term 1 for -1: [6f6426e5-ce14-4107-b742-6d33e6b5f757:192.168.5.155:40533], old=null
2019-08-29 00:13:12,429 [f23e32b5-1859-4d8d-ab6e-3ad369251285:group-4E53D21EDC07:LeaderElection58] INFO  impl.LeaderElection (LeaderElection.java:askForVotes(181)) - f23e32b5-1859-4d8d-ab6e-3ad369251285:group-4E53D21EDC07:LeaderElection58: begin an election at term 1 for -1: [f23e32b5-1859-4d8d-ab6e-3ad369251285:192.168.5.155:43339], old=null
2019-08-29 00:13:12,429 [6f6426e5-ce14-4107-b742-6d33e6b5f757:group-338FA014E808:LeaderElection59] INFO  impl.RoleInfo (RoleInfo.java:shutdownLeaderElection(134)) - 6f6426e5-ce14-4107-b742-6d33e6b5f757: shutdown LeaderElection
2019-08-29 00:13:12,429 [f23e32b5-1859-4d8d-ab6e-3ad369251285:group-4E53D21EDC07:LeaderElection58] INFO  impl.RoleInfo (RoleInfo.java:shutdownLeaderElection(134)) - f23e32b5-1859-4d8d-ab6e-3ad369251285: shutdown LeaderElection
2019-08-29 00:13:12,429 [6f6426e5-ce14-4107-b742-6d33e6b5f757:group-338FA014E808:LeaderElection59] INFO  impl.RaftServerImpl (RaftServerImpl.java:setRole(171)) - 6f6426e5-ce14-4107-b742-6d33e6b5f757:group-338FA014E808 changes role from CANDIDATE to LEADER at term 1 for changeToLeader
2019-08-29 00:13:12,429 [f23e32b5-1859-4d8d-ab6e-3ad369251285:group-4E53D21EDC07:LeaderElection58] INFO  impl.RaftServerImpl (RaftServerImpl.java:setRole(171)) - f23e32b5-1859-4d8d-ab6e-3ad369251285:group-4E53D21EDC07 changes role from CANDIDATE to LEADER at term 1 for changeToLeader
2019-08-29 00:13:12,429 [6f6426e5-ce14-4107-b742-6d33e6b5f757:group-338FA014E808:LeaderElection59] INFO  impl.RaftServerImpl (ServerState.java:setLeader(263)) - 6f6426e5-ce14-4107-b742-6d33e6b5f757:group-338FA014E808 change Leader from null to 6f6426e5-ce14-4107-b742-6d33e6b5f757 at term 1 for becomeLeader, leader elected after 5153ms
2019-08-29 00:13:12,430 [f23e32b5-1859-4d8d-ab6e-3ad369251285:group-4E53D21EDC07:LeaderElection58] INFO  impl.RaftServerImpl (ServerState.java:setLeader(263)) - f23e32b5-1859-4d8d-ab6e-3ad369251285:group-4E53D21EDC07 change Leader from null to f23e32b5-1859-4d8d-ab6e-3ad369251285 at term 1 for becomeLeader, leader elected after 5089ms
2019-08-29 00:13:12,430 [6f6426e5-ce14-4107-b742-6d33e6b5f757:group-338FA014E808:LeaderElection59] INFO  server.RaftServerConfigKeys (ConfUtils.java:logGet(43)) - raft.server.staging.catchup.gap = 1000 (default)
2019-08-29 00:13:12,430 [f23e32b5-1859-4d8d-ab6e-3ad369251285:group-4E53D21EDC07:LeaderElection58] INFO  server.RaftServerConfigKeys (ConfUtils.java:logGet(43)) - raft.server.staging.catchup.gap = 1000 (default)
2019-08-29 00:13:12,430 [6f6426e5-ce14-4107-b742-6d33e6b5f757:group-338FA014E808:LeaderElection59] INFO  server.RaftServerConfigKeys (ConfUtils.java:logGet(43)) - raft.server.rpc.sleep.time = 25ms (default)
2019-08-29 00:13:12,430 [f23e32b5-1859-4d8d-ab6e-3ad369251285:group-4E53D21EDC07:LeaderElection58] INFO  server.RaftServerConfigKeys (ConfUtils.java:logGet(43)) - raft.server.rpc.sleep.time = 25ms (default)
2019-08-29 00:13:12,430 [6f6426e5-ce14-4107-b742-6d33e6b5f757:group-338FA014E808:LeaderElection59] INFO  server.RaftServerConfigKeys (ConfUtils.java:logGet(43)) - raft.server.write.element-limit = 4096 (default)
2019-08-29 00:13:12,430 [f23e32b5-1859-4d8d-ab6e-3ad369251285:group-4E53D21EDC07:LeaderElection58] INFO  server.RaftServerConfigKeys (ConfUtils.java:logGet(43)) - raft.server.write.element-limit = 4096 (default)
2019-08-29 00:13:12,431 [6f6426e5-ce14-4107-b742-6d33e6b5f757:group-338FA014E808:LeaderElection59] INFO  server.RaftServerConfigKeys (ConfUtils.java:logGet(43)) - raft.server.watch.timeout = 10s (default)
2019-08-29 00:13:12,431 [f23e32b5-1859-4d8d-ab6e-3ad369251285:group-4E53D21EDC07:LeaderElection58] INFO  server.RaftServerConfigKeys (ConfUtils.java:logGet(43)) - raft.server.watch.timeout = 10s (default)
2019-08-29 00:13:12,431 [6f6426e5-ce14-4107-b742-6d33e6b5f757:group-338FA014E808:LeaderElection59] INFO  server.RaftServerConfigKeys (ConfUtils.java:logGet(43)) - raft.server.watch.timeout.denomination = 1s (default)
2019-08-29 00:13:12,431 [f23e32b5-1859-4d8d-ab6e-3ad369251285:group-4E53D21EDC07:LeaderElection58] INFO  server.RaftServerConfigKeys (ConfUtils.java:logGet(43)) - raft.server.watch.timeout.denomination = 1s (default)
2019-08-29 00:13:12,431 [6f6426e5-ce14-4107-b742-6d33e6b5f757:group-338FA014E808:LeaderElection59] INFO  server.RaftServerConfigKeys (ConfUtils.java:logGet(43)) - raft.server.watch.element-limit = 65536 (default)
2019-08-29 00:13:12,431 [f23e32b5-1859-4d8d-ab6e-3ad369251285:group-4E53D21EDC07:LeaderElection58] INFO  server.RaftServerConfigKeys (ConfUtils.java:logGet(43)) - raft.server.watch.element-limit = 65536 (default)
2019-08-29 00:13:12,432 [6f6426e5-ce14-4107-b742-6d33e6b5f757:group-338FA014E808:LeaderElection59] INFO  impl.RoleInfo (RoleInfo.java:updateAndGet(143)) - 6f6426e5-ce14-4107-b742-6d33e6b5f757: start LeaderState
2019-08-29 00:13:12,432 [f23e32b5-1859-4d8d-ab6e-3ad369251285:group-4E53D21EDC07:LeaderElection58] INFO  impl.RoleInfo (RoleInfo.java:updateAndGet(143)) - f23e32b5-1859-4d8d-ab6e-3ad369251285: start LeaderState
2019-08-29 00:13:12,432 [6f6426e5-ce14-4107-b742-6d33e6b5f757:group-338FA014E808:LeaderElection59] INFO  segmented.SegmentedRaftLogWorker (SegmentedRaftLogWorker.java:startLogSegment(380)) - 6f6426e5-ce14-4107-b742-6d33e6b5f757-SegmentedRaftLogWorker:Storage Directory /workdir/hadoop-ozone/integration-test/target/test-dir/MiniOzoneClusterImpl-3c083a2a-a42b-42af-b78a-3f3e8042569f/datanode-5/data/ratis/4691d09e-afe5-41e0-bf3b-338fa014e808: Starting segment from index:0
2019-08-29 00:13:12,432 [f23e32b5-1859-4d8d-ab6e-3ad369251285:group-4E53D21EDC07:LeaderElection58] INFO  segmented.SegmentedRaftLogWorker (SegmentedRaftLogWorker.java:startLogSegment(380)) - f23e32b5-1859-4d8d-ab6e-3ad369251285-SegmentedRaftLogWorker:Storage Directory /workdir/hadoop-ozone/integration-test/target/test-dir/MiniOzoneClusterImpl-3c083a2a-a42b-42af-b78a-3f3e8042569f/datanode-6/data/ratis/7627eb59-ac0f-4658-a5e8-4e53d21edc07: Starting segment from index:0
2019-08-29 00:13:12,433 [6f6426e5-ce14-4107-b742-6d33e6b5f757:group-338FA014E808:LeaderElection59] INFO  impl.RaftServerImpl (ServerState.java:setRaftConf(361)) - 6f6426e5-ce14-4107-b742-6d33e6b5f757:group-338FA014E808 set configuration 0: [6f6426e5-ce14-4107-b742-6d33e6b5f757:192.168.5.155:40533], old=null at 0
2019-08-29 00:13:12,472 [Thread-3323] INFO  impl.FollowerState (FollowerState.java:run(106)) - 6f6426e5-ce14-4107-b742-6d33e6b5f757:group-CA5537E5D5C4 changes to CANDIDATE, lastRpcTime:5070, electionTimeout:5059ms
2019-08-29 00:13:12,472 [ab1f4f63-5220-4744-95d6-24db2fd27225-SegmentedRaftLogWorker:Storage Directory /workdir/hadoop-ozone/integration-test/target/test-dir/MiniOzoneClusterImpl-3c083a2a-a42b-42af-b78a-3f3e8042569f/datanode-4/data/ratis/c67a0c4a-b172-4636-b3dc-d68be58f7e0b] INFO  segmented.SegmentedRaftLogWorker (SegmentedRaftLogWorker.java:execute(569)) - ab1f4f63-5220-4744-95d6-24db2fd27225-SegmentedRaftLogWorker:Storage Directory /workdir/hadoop-ozone/integration-test/target/test-dir/MiniOzoneClusterImpl-3c083a2a-a42b-42af-b78a-3f3e8042569f/datanode-4/data/ratis/c67a0c4a-b172-4636-b3dc-d68be58f7e0b: created new log segment /workdir/hadoop-ozone/integration-test/target/test-dir/MiniOzoneClusterImpl-3c083a2a-a42b-42af-b78a-3f3e8042569f/datanode-4/data/ratis/c67a0c4a-b172-4636-b3dc-d68be58f7e0b/current/log_inprogress_0
2019-08-29 00:13:12,473 [f23e32b5-1859-4d8d-ab6e-3ad369251285:group-4E53D21EDC07:LeaderElection58] INFO  impl.RaftServerImpl (ServerState.java:setRaftConf(361)) - f23e32b5-1859-4d8d-ab6e-3ad369251285:group-4E53D21EDC07 set configuration 0: [f23e32b5-1859-4d8d-ab6e-3ad369251285:192.168.5.155:43339], old=null at 0
2019-08-29 00:13:12,472 [Thread-3323] INFO  impl.RoleInfo (RoleInfo.java:shutdownFollowerState(121)) - 6f6426e5-ce14-4107-b742-6d33e6b5f757: shutdown FollowerState
2019-08-29 00:13:12,513 [6f6426e5-ce14-4107-b742-6d33e6b5f757-SegmentedRaftLogWorker:Storage Directory /workdir/hadoop-ozone/integration-test/target/test-dir/MiniOzoneClusterImpl-3c083a2a-a42b-42af-b78a-3f3e8042569f/datanode-5/data/ratis/4691d09e-afe5-41e0-bf3b-338fa014e808] INFO  segmented.SegmentedRaftLogWorker (SegmentedRaftLogWorker.java:execute(569)) - 6f6426e5-ce14-4107-b742-6d33e6b5f757-SegmentedRaftLogWorker:Storage Directory /workdir/hadoop-ozone/integration-test/target/test-dir/MiniOzoneClusterImpl-3c083a2a-a42b-42af-b78a-3f3e8042569f/datanode-5/data/ratis/4691d09e-afe5-41e0-bf3b-338fa014e808: created new log segment /workdir/hadoop-ozone/integration-test/target/test-dir/MiniOzoneClusterImpl-3c083a2a-a42b-42af-b78a-3f3e8042569f/datanode-5/data/ratis/4691d09e-afe5-41e0-bf3b-338fa014e808/current/log_inprogress_0
2019-08-29 00:13:12,513 [Thread-3323] INFO  impl.RaftServerImpl (RaftServerImpl.java:setRole(171)) - 6f6426e5-ce14-4107-b742-6d33e6b5f757:group-CA5537E5D5C4 changes role from FOLLOWER to CANDIDATE at term 0 for changeToCandidate
2019-08-29 00:13:12,514 [Thread-3323] INFO  impl.RoleInfo (RoleInfo.java:updateAndGet(143)) - 6f6426e5-ce14-4107-b742-6d33e6b5f757: start LeaderElection
2019-08-29 00:13:12,524 [f23e32b5-1859-4d8d-ab6e-3ad369251285-SegmentedRaftLogWorker:Storage Directory /workdir/hadoop-ozone/integration-test/target/test-dir/MiniOzoneClusterImpl-3c083a2a-a42b-42af-b78a-3f3e8042569f/datanode-6/data/ratis/7627eb59-ac0f-4658-a5e8-4e53d21edc07] INFO  segmented.SegmentedRaftLogWorker (SegmentedRaftLogWorker.java:execute(569)) - f23e32b5-1859-4d8d-ab6e-3ad369251285-SegmentedRaftLogWorker:Storage Directory /workdir/hadoop-ozone/integration-test/target/test-dir/MiniOzoneClusterImpl-3c083a2a-a42b-42af-b78a-3f3e8042569f/datanode-6/data/ratis/7627eb59-ac0f-4658-a5e8-4e53d21edc07: created new log segment /workdir/hadoop-ozone/integration-test/target/test-dir/MiniOzoneClusterImpl-3c083a2a-a42b-42af-b78a-3f3e8042569f/datanode-6/data/ratis/7627eb59-ac0f-4658-a5e8-4e53d21edc07/current/log_inprogress_0
2019-08-29 00:13:12,524 [6f6426e5-ce14-4107-b742-6d33e6b5f757:group-CA5537E5D5C4:LeaderElection60] INFO  impl.LeaderElection (LeaderElection.java:askForVotes(181)) - 6f6426e5-ce14-4107-b742-6d33e6b5f757:group-CA5537E5D5C4:LeaderElection60: begin an election at term 1 for -1: [8e43d282-58ca-4330-8134-d5621fdf2dd0:192.168.5.155:32795, 6f6426e5-ce14-4107-b742-6d33e6b5f757:192.168.5.155:40533, ab1f4f63-5220-4744-95d6-24db2fd27225:192.168.5.155:45611], old=null
2019-08-29 00:13:12,525 [grpc-default-executor-1] INFO  client.GrpcClientProtocolClient (GrpcClientProtocolClient.java:onNext(255)) - client-19B02BC8B223->8e43d282-58ca-4330-8134-d5621fdf2dd0: receive RaftClientReply:client-19B02BC8B223->8e43d282-58ca-4330-8134-d5621fdf2dd0@group-CA5537E5D5C4, cid=175, FAILED org.apache.ratis.protocol.NotLeaderException: Server 8e43d282-58ca-4330-8134-d5621fdf2dd0 is not the leader (null). Request must be sent to leader., logIndex=0, commits[8e43d282-58ca-4330-8134-d5621fdf2dd0:c-1]
2019-08-29 00:13:12,530 [grpc-default-executor-7] INFO  impl.RaftServerImpl (RaftServerImpl.java:setRole(171)) - ab1f4f63-5220-4744-95d6-24db2fd27225:group-CA5537E5D5C4 changes role from FOLLOWER to FOLLOWER at term 1 for recognizeCandidate:6f6426e5-ce14-4107-b742-6d33e6b5f757
2019-08-29 00:13:12,530 [grpc-default-executor-7] INFO  impl.RoleInfo (RoleInfo.java:shutdownFollowerState(121)) - ab1f4f63-5220-4744-95d6-24db2fd27225: shutdown FollowerState
2019-08-29 00:13:12,531 [grpc-default-executor-7] INFO  impl.RoleInfo (RoleInfo.java:updateAndGet(143)) - ab1f4f63-5220-4744-95d6-24db2fd27225: start FollowerState
2019-08-29 00:13:12,531 [Thread-3318] INFO  impl.FollowerState (FollowerState.java:run(114)) - ab1f4f63-5220-4744-95d6-24db2fd27225: FollowerState was interrupted: java.lang.InterruptedException: sleep interrupted
2019-08-29 00:13:12,533 [grpc-default-executor-6] INFO  impl.RaftServerImpl (RaftServerImpl.java:setRole(171)) - 8e43d282-58ca-4330-8134-d5621fdf2dd0:group-CA5537E5D5C4 changes role from FOLLOWER to FOLLOWER at term 1 for recognizeCandidate:6f6426e5-ce14-4107-b742-6d33e6b5f757
2019-08-29 00:13:12,533 [grpc-default-executor-6] INFO  impl.RoleInfo (RoleInfo.java:shutdownFollowerState(121)) - 8e43d282-58ca-4330-8134-d5621fdf2dd0: shutdown FollowerState
2019-08-29 00:13:12,534 [grpc-default-executor-6] INFO  impl.RoleInfo (RoleInfo.java:updateAndGet(143)) - 8e43d282-58ca-4330-8134-d5621fdf2dd0: start FollowerState
2019-08-29 00:13:12,534 [Thread-3319] INFO  impl.FollowerState (FollowerState.java:run(114)) - 8e43d282-58ca-4330-8134-d5621fdf2dd0: FollowerState was interrupted: java.lang.InterruptedException: sleep interrupted
2019-08-29 00:13:12,537 [6f6426e5-ce14-4107-b742-6d33e6b5f757:group-CA5537E5D5C4:LeaderElection60] INFO  impl.LeaderElection (LeaderElection.java:logAndReturn(56)) - 6f6426e5-ce14-4107-b742-6d33e6b5f757:group-CA5537E5D5C4:LeaderElection60: Election PASSED; received 1 response(s) [6f6426e5-ce14-4107-b742-6d33e6b5f757<-ab1f4f63-5220-4744-95d6-24db2fd27225#0:OK-t1] and 0 exception(s); 6f6426e5-ce14-4107-b742-6d33e6b5f757:t1, leader=null, voted=6f6426e5-ce14-4107-b742-6d33e6b5f757, raftlog=6f6426e5-ce14-4107-b742-6d33e6b5f757-SegmentedRaftLog:OPENED:c-1,f-1,i0, conf=-1: [8e43d282-58ca-4330-8134-d5621fdf2dd0:192.168.5.155:32795, 6f6426e5-ce14-4107-b742-6d33e6b5f757:192.168.5.155:40533, ab1f4f63-5220-4744-95d6-24db2fd27225:192.168.5.155:45611], old=null
2019-08-29 00:13:12,537 [6f6426e5-ce14-4107-b742-6d33e6b5f757:group-CA5537E5D5C4:LeaderElection60] INFO  impl.RoleInfo (RoleInfo.java:shutdownLeaderElection(134)) - 6f6426e5-ce14-4107-b742-6d33e6b5f757: shutdown LeaderElection
2019-08-29 00:13:12,537 [6f6426e5-ce14-4107-b742-6d33e6b5f757:group-CA5537E5D5C4:LeaderElection60] INFO  impl.RaftServerImpl (RaftServerImpl.java:setRole(171)) - 6f6426e5-ce14-4107-b742-6d33e6b5f757:group-CA5537E5D5C4 changes role from CANDIDATE to LEADER at term 1 for changeToLeader
2019-08-29 00:13:12,538 [6f6426e5-ce14-4107-b742-6d33e6b5f757:group-CA5537E5D5C4:LeaderElection60] INFO  impl.RaftServerImpl (ServerState.java:setLeader(263)) - 6f6426e5-ce14-4107-b742-6d33e6b5f757:group-CA5537E5D5C4 change Leader from null to 6f6426e5-ce14-4107-b742-6d33e6b5f757 at term 1 for becomeLeader, leader elected after 5146ms
2019-08-29 00:13:12,538 [6f6426e5-ce14-4107-b742-6d33e6b5f757:group-CA5537E5D5C4:LeaderElection60] INFO  server.RaftServerConfigKeys (ConfUtils.java:logGet(43)) - raft.server.staging.catchup.gap = 1000 (default)
2019-08-29 00:13:12,538 [6f6426e5-ce14-4107-b742-6d33e6b5f757:group-CA5537E5D5C4:LeaderElection60] INFO  server.RaftServerConfigKeys (ConfUtils.java:logGet(43)) - raft.server.rpc.sleep.time = 25ms (default)
2019-08-29 00:13:12,538 [6f6426e5-ce14-4107-b742-6d33e6b5f757:group-CA5537E5D5C4:LeaderElection60] INFO  server.RaftServerConfigKeys (ConfUtils.java:logGet(43)) - raft.server.write.element-limit = 4096 (default)
2019-08-29 00:13:12,538 [6f6426e5-ce14-4107-b742-6d33e6b5f757:group-CA5537E5D5C4:LeaderElection60] INFO  server.RaftServerConfigKeys (ConfUtils.java:logGet(43)) - raft.server.watch.timeout = 10s (default)
2019-08-29 00:13:12,538 [6f6426e5-ce14-4107-b742-6d33e6b5f757:group-CA5537E5D5C4:LeaderElection60] INFO  server.RaftServerConfigKeys (ConfUtils.java:logGet(43)) - raft.server.watch.timeout.denomination = 1s (default)
2019-08-29 00:13:12,538 [6f6426e5-ce14-4107-b742-6d33e6b5f757:group-CA5537E5D5C4:LeaderElection60] INFO  server.RaftServerConfigKeys (ConfUtils.java:logGet(43)) - raft.server.watch.element-limit = 65536 (default)
2019-08-29 00:13:12,539 [6f6426e5-ce14-4107-b742-6d33e6b5f757:group-CA5537E5D5C4:LeaderElection60] INFO  server.RaftServerConfigKeys (ConfUtils.java:logGet(43)) - raft.server.log.appender.snapshot.chunk.size.max = 16MB (=16777216) (default)
2019-08-29 00:13:12,539 [6f6426e5-ce14-4107-b742-6d33e6b5f757:group-CA5537E5D5C4:LeaderElection60] INFO  server.RaftServerConfigKeys (ConfUtils.java:logGet(43)) - raft.server.log.appender.buffer.byte-limit = 33554432 (custom)
2019-08-29 00:13:12,539 [6f6426e5-ce14-4107-b742-6d33e6b5f757:group-CA5537E5D5C4:LeaderElection60] INFO  server.RaftServerConfigKeys (ConfUtils.java:logGet(43)) - raft.server.log.appender.buffer.element-limit = 1 (custom)
2019-08-29 00:13:12,539 [6f6426e5-ce14-4107-b742-6d33e6b5f757:group-CA5537E5D5C4:LeaderElection60] INFO  grpc.GrpcConfigKeys$Server (ConfUtils.java:logGet(43)) - raft.grpc.server.leader.outstanding.appends.max = 128 (default)
2019-08-29 00:13:12,540 [6f6426e5-ce14-4107-b742-6d33e6b5f757:group-CA5537E5D5C4:LeaderElection60] INFO  server.RaftServerConfigKeys (ConfUtils.java:logGet(43)) - raft.server.rpc.request.timeout = 3000ms (default)
2019-08-29 00:13:12,540 [6f6426e5-ce14-4107-b742-6d33e6b5f757:group-CA5537E5D5C4:LeaderElection60] INFO  server.RaftServerConfigKeys (ConfUtils.java:logGet(43)) - raft.server.log.appender.install.snapshot.enabled = false (custom)
2019-08-29 00:13:12,540 [6f6426e5-ce14-4107-b742-6d33e6b5f757:group-CA5537E5D5C4:LeaderElection60] INFO  server.RaftServerConfigKeys (ConfUtils.java:logGet(43)) - raft.server.log.appender.snapshot.chunk.size.max = 16MB (=16777216) (default)
2019-08-29 00:13:12,540 [6f6426e5-ce14-4107-b742-6d33e6b5f757:group-CA5537E5D5C4:LeaderElection60] INFO  server.RaftServerConfigKeys (ConfUtils.java:logGet(43)) - raft.server.log.appender.buffer.byte-limit = 33554432 (custom)
2019-08-29 00:13:12,540 [6f6426e5-ce14-4107-b742-6d33e6b5f757:group-CA5537E5D5C4:LeaderElection60] INFO  server.RaftServerConfigKeys (ConfUtils.java:logGet(43)) - raft.server.log.appender.buffer.element-limit = 1 (custom)
2019-08-29 00:13:12,540 [6f6426e5-ce14-4107-b742-6d33e6b5f757:group-CA5537E5D5C4:LeaderElection60] INFO  grpc.GrpcConfigKeys$Server (ConfUtils.java:logGet(43)) - raft.grpc.server.leader.outstanding.appends.max = 128 (default)
2019-08-29 00:13:12,541 [6f6426e5-ce14-4107-b742-6d33e6b5f757:group-CA5537E5D5C4:LeaderElection60] INFO  server.RaftServerConfigKeys (ConfUtils.java:logGet(43)) - raft.server.rpc.request.timeout = 3000ms (default)
2019-08-29 00:13:12,541 [6f6426e5-ce14-4107-b742-6d33e6b5f757:group-CA5537E5D5C4:LeaderElection60] INFO  server.RaftServerConfigKeys (ConfUtils.java:logGet(43)) - raft.server.log.appender.install.snapshot.enabled = false (custom)
2019-08-29 00:13:12,541 [6f6426e5-ce14-4107-b742-6d33e6b5f757:group-CA5537E5D5C4:LeaderElection60] INFO  impl.RoleInfo (RoleInfo.java:updateAndGet(143)) - 6f6426e5-ce14-4107-b742-6d33e6b5f757: start LeaderState
2019-08-29 00:13:12,541 [6f6426e5-ce14-4107-b742-6d33e6b5f757:group-CA5537E5D5C4:LeaderElection60] INFO  segmented.SegmentedRaftLogWorker (SegmentedRaftLogWorker.java:startLogSegment(380)) - 6f6426e5-ce14-4107-b742-6d33e6b5f757-SegmentedRaftLogWorker:Storage Directory /workdir/hadoop-ozone/integration-test/target/test-dir/MiniOzoneClusterImpl-3c083a2a-a42b-42af-b78a-3f3e8042569f/datanode-5/data/ratis/4206a6aa-f3e2-44a4-85cf-ca5537e5d5c4: Starting segment from index:0
2019-08-29 00:13:12,542 [6f6426e5-ce14-4107-b742-6d33e6b5f757:group-CA5537E5D5C4:LeaderElection60] INFO  impl.RaftServerImpl (ServerState.java:setRaftConf(361)) - 6f6426e5-ce14-4107-b742-6d33e6b5f757:group-CA5537E5D5C4 set configuration 0: [8e43d282-58ca-4330-8134-d5621fdf2dd0:192.168.5.155:32795, 6f6426e5-ce14-4107-b742-6d33e6b5f757:192.168.5.155:40533, ab1f4f63-5220-4744-95d6-24db2fd27225:192.168.5.155:45611], old=null at 0
2019-08-29 00:13:12,571 [grpc-default-executor-7] INFO  impl.RaftServerImpl (ServerState.java:setLeader(263)) - 8e43d282-58ca-4330-8134-d5621fdf2dd0:group-CA5537E5D5C4 change Leader from null to 6f6426e5-ce14-4107-b742-6d33e6b5f757 at term 1 for appendEntries, leader elected after 5180ms
2019-08-29 00:13:12,574 [grpc-default-executor-6] INFO  impl.RaftServerImpl (ServerState.java:setLeader(263)) - ab1f4f63-5220-4744-95d6-24db2fd27225:group-CA5537E5D5C4 change Leader from null to 6f6426e5-ce14-4107-b742-6d33e6b5f757 at term 1 for appendEntries, leader elected after 5183ms
2019-08-29 00:13:12,576 [grpc-default-executor-6] INFO  impl.RaftServerImpl (ServerState.java:setRaftConf(361)) - 8e43d282-58ca-4330-8134-d5621fdf2dd0:group-CA5537E5D5C4 set configuration 0: [8e43d282-58ca-4330-8134-d5621fdf2dd0:192.168.5.155:32795, 6f6426e5-ce14-4107-b742-6d33e6b5f757:192.168.5.155:40533, ab1f4f63-5220-4744-95d6-24db2fd27225:192.168.5.155:45611], old=null at 0
2019-08-29 00:13:12,576 [grpc-default-executor-7] INFO  impl.RaftServerImpl (ServerState.java:setRaftConf(361)) - ab1f4f63-5220-4744-95d6-24db2fd27225:group-CA5537E5D5C4 set configuration 0: [8e43d282-58ca-4330-8134-d5621fdf2dd0:192.168.5.155:32795, 6f6426e5-ce14-4107-b742-6d33e6b5f757:192.168.5.155:40533, ab1f4f63-5220-4744-95d6-24db2fd27225:192.168.5.155:45611], old=null at 0
2019-08-29 00:13:12,576 [grpc-default-executor-6] INFO  segmented.SegmentedRaftLogWorker (SegmentedRaftLogWorker.java:startLogSegment(380)) - 8e43d282-58ca-4330-8134-d5621fdf2dd0-SegmentedRaftLogWorker:Storage Directory /workdir/hadoop-ozone/integration-test/target/test-dir/MiniOzoneClusterImpl-3c083a2a-a42b-42af-b78a-3f3e8042569f/datanode-3/data/ratis/4206a6aa-f3e2-44a4-85cf-ca5537e5d5c4: Starting segment from index:0
2019-08-29 00:13:12,576 [grpc-default-executor-7] INFO  segmented.SegmentedRaftLogWorker (SegmentedRaftLogWorker.java:startLogSegment(380)) - ab1f4f63-5220-4744-95d6-24db2fd27225-SegmentedRaftLogWorker:Storage Directory /workdir/hadoop-ozone/integration-test/target/test-dir/MiniOzoneClusterImpl-3c083a2a-a42b-42af-b78a-3f3e8042569f/datanode-4/data/ratis/4206a6aa-f3e2-44a4-85cf-ca5537e5d5c4: Starting segment from index:0
2019-08-29 00:13:12,583 [6f6426e5-ce14-4107-b742-6d33e6b5f757-SegmentedRaftLogWorker:Storage Directory /workdir/hadoop-ozone/integration-test/target/test-dir/MiniOzoneClusterImpl-3c083a2a-a42b-42af-b78a-3f3e8042569f/datanode-5/data/ratis/4206a6aa-f3e2-44a4-85cf-ca5537e5d5c4] INFO  segmented.SegmentedRaftLogWorker (SegmentedRaftLogWorker.java:execute(569)) - 6f6426e5-ce14-4107-b742-6d33e6b5f757-SegmentedRaftLogWorker:Storage Directory /workdir/hadoop-ozone/integration-test/target/test-dir/MiniOzoneClusterImpl-3c083a2a-a42b-42af-b78a-3f3e8042569f/datanode-5/data/ratis/4206a6aa-f3e2-44a4-85cf-ca5537e5d5c4: created new log segment /workdir/hadoop-ozone/integration-test/target/test-dir/MiniOzoneClusterImpl-3c083a2a-a42b-42af-b78a-3f3e8042569f/datanode-5/data/ratis/4206a6aa-f3e2-44a4-85cf-ca5537e5d5c4/current/log_inprogress_0
2019-08-29 00:13:12,613 [ab1f4f63-5220-4744-95d6-24db2fd27225-SegmentedRaftLogWorker:Storage Directory /workdir/hadoop-ozone/integration-test/target/test-dir/MiniOzoneClusterImpl-3c083a2a-a42b-42af-b78a-3f3e8042569f/datanode-4/data/ratis/4206a6aa-f3e2-44a4-85cf-ca5537e5d5c4] INFO  segmented.SegmentedRaftLogWorker (SegmentedRaftLogWorker.java:execute(569)) - ab1f4f63-5220-4744-95d6-24db2fd27225-SegmentedRaftLogWorker:Storage Directory /workdir/hadoop-ozone/integration-test/target/test-dir/MiniOzoneClusterImpl-3c083a2a-a42b-42af-b78a-3f3e8042569f/datanode-4/data/ratis/4206a6aa-f3e2-44a4-85cf-ca5537e5d5c4: created new log segment /workdir/hadoop-ozone/integration-test/target/test-dir/MiniOzoneClusterImpl-3c083a2a-a42b-42af-b78a-3f3e8042569f/datanode-4/data/ratis/4206a6aa-f3e2-44a4-85cf-ca5537e5d5c4/current/log_inprogress_0
2019-08-29 00:13:12,617 [8e43d282-58ca-4330-8134-d5621fdf2dd0-SegmentedRaftLogWorker:Storage Directory /workdir/hadoop-ozone/integration-test/target/test-dir/MiniOzoneClusterImpl-3c083a2a-a42b-42af-b78a-3f3e8042569f/datanode-3/data/ratis/4206a6aa-f3e2-44a4-85cf-ca5537e5d5c4] INFO  segmented.SegmentedRaftLogWorker (SegmentedRaftLogWorker.java:execute(569)) - 8e43d282-58ca-4330-8134-d5621fdf2dd0-SegmentedRaftLogWorker:Storage Directory /workdir/hadoop-ozone/integration-test/target/test-dir/MiniOzoneClusterImpl-3c083a2a-a42b-42af-b78a-3f3e8042569f/datanode-3/data/ratis/4206a6aa-f3e2-44a4-85cf-ca5537e5d5c4: created new log segment /workdir/hadoop-ozone/integration-test/target/test-dir/MiniOzoneClusterImpl-3c083a2a-a42b-42af-b78a-3f3e8042569f/datanode-3/data/ratis/4206a6aa-f3e2-44a4-85cf-ca5537e5d5c4/current/log_inprogress_0
2019-08-29 00:13:12,902 | INFO  | SCMAudit | user=jenkins1000 | ip=192.168.5.155 | op=SEND_HEARTBEAT {datanodeUUID=b00ef5df-dfe4-4d1e-9e05-2ba8895fcbfa, command=[]} | ret=SUCCESS |  
2019-08-29 00:13:12,961 | INFO  | SCMAudit | user=jenkins1000 | ip=192.168.5.155 | op=SEND_HEARTBEAT {datanodeUUID=5ffd9840-560f-4b42-b626-c678e699dff7, command=[]} | ret=SUCCESS |  
2019-08-29 00:13:13,020 | INFO  | SCMAudit | user=jenkins1000 | ip=192.168.5.155 | op=SEND_HEARTBEAT {datanodeUUID=ca0bbee5-09c3-476f-9e60-5d34583977c9, command=[]} | ret=SUCCESS |  
2019-08-29 00:13:13,113 | INFO  | SCMAudit | user=jenkins1000 | ip=192.168.5.155 | op=SEND_HEARTBEAT {datanodeUUID=8e43d282-58ca-4330-8134-d5621fdf2dd0, command=[]} | ret=SUCCESS |  
2019-08-29 00:13:13,164 | INFO  | SCMAudit | user=jenkins1000 | ip=192.168.5.155 | op=SEND_HEARTBEAT {datanodeUUID=ab1f4f63-5220-4744-95d6-24db2fd27225, command=[]} | ret=SUCCESS |  
2019-08-29 00:13:13,209 | INFO  | SCMAudit | user=jenkins1000 | ip=192.168.5.155 | op=SEND_HEARTBEAT {datanodeUUID=6f6426e5-ce14-4107-b742-6d33e6b5f757, command=[]} | ret=SUCCESS |  
2019-08-29 00:13:13,272 | INFO  | SCMAudit | user=jenkins1000 | ip=192.168.5.155 | op=SEND_HEARTBEAT {datanodeUUID=f23e32b5-1859-4d8d-ab6e-3ad369251285, command=[]} | ret=SUCCESS |  
2019-08-29 00:13:13,536 [grpc-default-executor-7] INFO  client.GrpcClientProtocolClient (GrpcClientProtocolClient.java:onNext(255)) - client-19B02BC8B223->ab1f4f63-5220-4744-95d6-24db2fd27225: receive RaftClientReply:client-19B02BC8B223->ab1f4f63-5220-4744-95d6-24db2fd27225@group-CA5537E5D5C4, cid=175, FAILED org.apache.ratis.protocol.NotLeaderException: Server ab1f4f63-5220-4744-95d6-24db2fd27225 is not the leader (6f6426e5-ce14-4107-b742-6d33e6b5f757:192.168.5.155:40533). Request must be sent to leader., logIndex=0, commits[ab1f4f63-5220-4744-95d6-24db2fd27225:c-1, 8e43d282-58ca-4330-8134-d5621fdf2dd0:c-1, 6f6426e5-ce14-4107-b742-6d33e6b5f757:c-1]
2019-08-29 00:13:13,680 | INFO  | DNAudit | user=null | ip=null | op=WRITE_CHUNK {blockData=conID: 1 locID: 102697375328305166 bcsId: 0} | ret=SUCCESS |  
2019-08-29 00:13:13,680 | INFO  | DNAudit | user=null | ip=null | op=WRITE_CHUNK {blockData=conID: 1 locID: 102697375328305166 bcsId: 0} | ret=SUCCESS |  
2019-08-29 00:13:13,680 | INFO  | DNAudit | user=null | ip=null | op=WRITE_CHUNK {blockData=conID: 1 locID: 102697375328305166 bcsId: 0} | ret=SUCCESS |  
2019-08-29 00:13:13,680 | INFO  | SCMAudit | user=jenkins1000 | ip=192.168.5.155 | op=SEND_HEARTBEAT {datanodeUUID=6f6426e5-ce14-4107-b742-6d33e6b5f757, command=[]} | ret=SUCCESS |  
2019-08-29 00:13:13,681 | INFO  | SCMAudit | user=jenkins1000 | ip=192.168.5.155 | op=SEND_HEARTBEAT {datanodeUUID=8e43d282-58ca-4330-8134-d5621fdf2dd0, command=[]} | ret=SUCCESS |  
2019-08-29 00:13:13,681 | INFO  | SCMAudit | user=jenkins1000 | ip=192.168.5.155 | op=SEND_HEARTBEAT {datanodeUUID=ab1f4f63-5220-4744-95d6-24db2fd27225, command=[]} | ret=SUCCESS |  
2019-08-29 00:13:13,708 | INFO  | DNAudit | user=null | ip=null | op=WRITE_CHUNK {blockData=conID: 1 locID: 102697375328305166 bcsId: 0} | ret=SUCCESS |  
2019-08-29 00:13:13,713 [grpc-default-executor-7] INFO  client.GrpcClientProtocolClient (GrpcClientProtocolClient.java:onNext(255)) - client-19B02BC8B223->6f6426e5-ce14-4107-b742-6d33e6b5f757: receive RaftClientReply:client-19B02BC8B223->6f6426e5-ce14-4107-b742-6d33e6b5f757@group-CA5537E5D5C4, cid=175, SUCCESS, logIndex=1, commits[6f6426e5-ce14-4107-b742-6d33e6b5f757:c1, 8e43d282-58ca-4330-8134-d5621fdf2dd0:c0, ab1f4f63-5220-4744-95d6-24db2fd27225:c0]
2019-08-29 00:13:13,715 | INFO  | DNAudit | user=null | ip=null | op=WRITE_CHUNK {blockData=conID: 1 locID: 102697375328305166 bcsId: 0} | ret=SUCCESS |  
2019-08-29 00:13:13,720 | INFO  | DNAudit | user=null | ip=null | op=WRITE_CHUNK {blockData=conID: 1 locID: 102697375328305166 bcsId: 0} | ret=SUCCESS |  
2019-08-29 00:13:13,720 | INFO  | DNAudit | user=null | ip=null | op=WRITE_CHUNK {blockData=conID: 1 locID: 102697375328305166 bcsId: 0} | ret=SUCCESS |  
2019-08-29 00:13:13,721 | INFO  | DNAudit | user=null | ip=null | op=WRITE_CHUNK {blockData=conID: 1 locID: 102697375328305166 bcsId: 0} | ret=SUCCESS |  
2019-08-29 00:13:13,722 | INFO  | DNAudit | user=null | ip=null | op=WRITE_CHUNK {blockData=conID: 1 locID: 102697375328305166 bcsId: 0} | ret=SUCCESS |  
2019-08-29 00:13:13,722 | INFO  | DNAudit | user=null | ip=null | op=WRITE_CHUNK {blockData=conID: 1 locID: 102697375328305166 bcsId: 0} | ret=SUCCESS |  
2019-08-29 00:13:13,722 | INFO  | DNAudit | user=null | ip=null | op=WRITE_CHUNK {blockData=conID: 1 locID: 102697375328305166 bcsId: 0} | ret=SUCCESS |  
2019-08-29 00:13:13,722 | INFO  | DNAudit | user=null | ip=null | op=WRITE_CHUNK {blockData=conID: 1 locID: 102697375328305166 bcsId: 0} | ret=SUCCESS |  
2019-08-29 00:13:13,723 | INFO  | DNAudit | user=null | ip=null | op=WRITE_CHUNK {blockData=conID: 1 locID: 102697375328305166 bcsId: 0} | ret=SUCCESS |  
2019-08-29 00:13:13,724 | INFO  | DNAudit | user=null | ip=null | op=WRITE_CHUNK {blockData=conID: 1 locID: 102697375328305166 bcsId: 0} | ret=SUCCESS |  
2019-08-29 00:13:13,724 | INFO  | DNAudit | user=null | ip=null | op=WRITE_CHUNK {blockData=conID: 1 locID: 102697375328305166 bcsId: 0} | ret=SUCCESS |  
2019-08-29 00:13:13,733 | INFO  | DNAudit | user=null | ip=null | op=WRITE_CHUNK {blockData=conID: 1 locID: 102697375328305166 bcsId: 0} | ret=SUCCESS |  
2019-08-29 00:13:13,740 | INFO  | DNAudit | user=null | ip=null | op=WRITE_CHUNK {blockData=conID: 1 locID: 102697375328305166 bcsId: 0} | ret=SUCCESS |  
2019-08-29 00:13:13,737 [grpc-default-executor-7] INFO  client.GrpcClientProtocolClient (GrpcClientProtocolClient.java:onNext(255)) - client-19B02BC8B223->6f6426e5-ce14-4107-b742-6d33e6b5f757: receive RaftClientReply:client-19B02BC8B223->6f6426e5-ce14-4107-b742-6d33e6b5f757@group-CA5537E5D5C4, cid=176, SUCCESS, logIndex=3, commits[6f6426e5-ce14-4107-b742-6d33e6b5f757:c4, 8e43d282-58ca-4330-8134-d5621fdf2dd0:c1, ab1f4f63-5220-4744-95d6-24db2fd27225:c1]
2019-08-29 00:13:13,740 | INFO  | DNAudit | user=null | ip=null | op=WRITE_CHUNK {blockData=conID: 1 locID: 102697375328305166 bcsId: 0} | ret=SUCCESS |  
2019-08-29 00:13:13,797 | INFO  | DNAudit | user=null | ip=null | op=PUT_BLOCK {blockData=[blockId=conID: 1 locID: 102697375328305166 bcsId: 0,size=200]} | ret=SUCCESS |  
2019-08-29 00:13:13,798 | INFO  | DNAudit | user=null | ip=null | op=WRITE_CHUNK {blockData=conID: 1 locID: 102697375328305166 bcsId: 0} | ret=SUCCESS |  
2019-08-29 00:13:13,798 | INFO  | DNAudit | user=null | ip=null | op=WRITE_CHUNK {blockData=conID: 1 locID: 102697375328305166 bcsId: 0} | ret=SUCCESS |  
2019-08-29 00:13:13,799 [grpc-default-executor-7] INFO  client.GrpcClientProtocolClient (GrpcClientProtocolClient.java:onNext(255)) - client-19B02BC8B223->6f6426e5-ce14-4107-b742-6d33e6b5f757: receive RaftClientReply:client-19B02BC8B223->6f6426e5-ce14-4107-b742-6d33e6b5f757@group-CA5537E5D5C4, cid=177, SUCCESS, logIndex=4, commits[6f6426e5-ce14-4107-b742-6d33e6b5f757:c11, 8e43d282-58ca-4330-8134-d5621fdf2dd0:c7, ab1f4f63-5220-4744-95d6-24db2fd27225:c7]
2019-08-29 00:13:13,800 [grpc-default-executor-7] INFO  client.GrpcClientProtocolClient (GrpcClientProtocolClient.java:onNext(255)) - client-19B02BC8B223->6f6426e5-ce14-4107-b742-6d33e6b5f757: receive RaftClientReply:client-19B02BC8B223->6f6426e5-ce14-4107-b742-6d33e6b5f757@group-CA5537E5D5C4, cid=178, SUCCESS, logIndex=5, commits[6f6426e5-ce14-4107-b742-6d33e6b5f757:c11, 8e43d282-58ca-4330-8134-d5621fdf2dd0:c7, ab1f4f63-5220-4744-95d6-24db2fd27225:c7]
2019-08-29 00:13:13,800 [grpc-default-executor-7] INFO  client.GrpcClientProtocolClient (GrpcClientProtocolClient.java:onNext(255)) - client-19B02BC8B223->6f6426e5-ce14-4107-b742-6d33e6b5f757: receive RaftClientReply:client-19B02BC8B223->6f6426e5-ce14-4107-b742-6d33e6b5f757@group-CA5537E5D5C4, cid=179, SUCCESS, logIndex=6, commits[6f6426e5-ce14-4107-b742-6d33e6b5f757:c11, 8e43d282-58ca-4330-8134-d5621fdf2dd0:c7, ab1f4f63-5220-4744-95d6-24db2fd27225:c7]
2019-08-29 00:13:13,865 | INFO  | DNAudit | user=null | ip=null | op=PUT_BLOCK {blockData=[blockId=conID: 1 locID: 102697375328305166 bcsId: 0,size=200]} | ret=SUCCESS |  
2019-08-29 00:13:13,865 | INFO  | DNAudit | user=null | ip=null | op=WRITE_CHUNK {blockData=conID: 1 locID: 102697375328305166 bcsId: 0} | ret=SUCCESS |  
2019-08-29 00:13:13,866 | INFO  | DNAudit | user=null | ip=null | op=WRITE_CHUNK {blockData=conID: 1 locID: 102697375328305166 bcsId: 0} | ret=SUCCESS |  
2019-08-29 00:13:13,902 | INFO  | SCMAudit | user=jenkins1000 | ip=192.168.5.155 | op=SEND_HEARTBEAT {datanodeUUID=b00ef5df-dfe4-4d1e-9e05-2ba8895fcbfa, command=[]} | ret=SUCCESS |  
2019-08-29 00:13:13,923 | INFO  | DNAudit | user=null | ip=null | op=PUT_BLOCK {blockData=[blockId=conID: 1 locID: 102697375328305166 bcsId: 0,size=200]} | ret=SUCCESS |  
2019-08-29 00:13:13,923 | INFO  | DNAudit | user=null | ip=null | op=PUT_BLOCK {blockData=[blockId=conID: 1 locID: 102697375328305166 bcsId: 0,size=400]} | ret=SUCCESS |  
2019-08-29 00:13:13,923 | INFO  | DNAudit | user=null | ip=null | op=PUT_BLOCK {blockData=[blockId=conID: 1 locID: 102697375328305166 bcsId: 0,size=400]} | ret=SUCCESS |  
2019-08-29 00:13:13,923 | INFO  | DNAudit | user=null | ip=null | op=WRITE_CHUNK {blockData=conID: 1 locID: 102697375328305166 bcsId: 0} | ret=SUCCESS |  
2019-08-29 00:13:13,924 | INFO  | DNAudit | user=null | ip=null | op=WRITE_CHUNK {blockData=conID: 1 locID: 102697375328305166 bcsId: 0} | ret=SUCCESS |  
2019-08-29 00:13:13,925 | INFO  | DNAudit | user=null | ip=null | op=PUT_BLOCK {blockData=[blockId=conID: 1 locID: 102697375328305166 bcsId: 0,size=400]} | ret=SUCCESS |  
2019-08-29 00:13:13,924 [grpc-default-executor-7] INFO  client.GrpcClientProtocolClient (GrpcClientProtocolClient.java:onNext(255)) - client-19B02BC8B223->6f6426e5-ce14-4107-b742-6d33e6b5f757: receive RaftClientReply:client-19B02BC8B223->6f6426e5-ce14-4107-b742-6d33e6b5f757@group-CA5537E5D5C4, cid=180, SUCCESS, logIndex=7, commits[6f6426e5-ce14-4107-b742-6d33e6b5f757:c11, 8e43d282-58ca-4330-8134-d5621fdf2dd0:c7, ab1f4f63-5220-4744-95d6-24db2fd27225:c7]
2019-08-29 00:13:13,928 | INFO  | DNAudit | user=null | ip=null | op=WRITE_CHUNK {blockData=conID: 1 locID: 102697375328305166 bcsId: 7} | ret=SUCCESS |  
2019-08-29 00:13:13,929 | INFO  | DNAudit | user=null | ip=null | op=WRITE_CHUNK {blockData=conID: 1 locID: 102697375328305166 bcsId: 7} | ret=SUCCESS |  
2019-08-29 00:13:13,929 | INFO  | DNAudit | user=null | ip=null | op=WRITE_CHUNK {blockData=conID: 1 locID: 102697375328305166 bcsId: 7} | ret=SUCCESS |  
2019-08-29 00:13:13,942 | INFO  | DNAudit | user=null | ip=null | op=WRITE_CHUNK {blockData=conID: 1 locID: 102697375328305166 bcsId: 7} | ret=SUCCESS |  
2019-08-29 00:13:13,943 | INFO  | DNAudit | user=null | ip=null | op=PUT_BLOCK {blockData=[blockId=conID: 1 locID: 102697375328305166 bcsId: 0,size=450]} | ret=SUCCESS |  
2019-08-29 00:13:13,943 [grpc-default-executor-1] INFO  client.GrpcClientProtocolClient (GrpcClientProtocolClient.java:onNext(255)) - client-19B02BC8B223->6f6426e5-ce14-4107-b742-6d33e6b5f757: receive RaftClientReply:client-19B02BC8B223->6f6426e5-ce14-4107-b742-6d33e6b5f757@group-CA5537E5D5C4, cid=181, SUCCESS, logIndex=12, commits[6f6426e5-ce14-4107-b742-6d33e6b5f757:c13, 8e43d282-58ca-4330-8134-d5621fdf2dd0:c11, ab1f4f63-5220-4744-95d6-24db2fd27225:c11]
2019-08-29 00:13:13,944 [grpc-default-executor-1] INFO  client.GrpcClientProtocolClient (GrpcClientProtocolClient.java:onNext(255)) - client-19B02BC8B223->6f6426e5-ce14-4107-b742-6d33e6b5f757: receive RaftClientReply:client-19B02BC8B223->6f6426e5-ce14-4107-b742-6d33e6b5f757@group-CA5537E5D5C4, cid=182, SUCCESS, logIndex=13, commits[6f6426e5-ce14-4107-b742-6d33e6b5f757:c13, 8e43d282-58ca-4330-8134-d5621fdf2dd0:c11, ab1f4f63-5220-4744-95d6-24db2fd27225:c11]
2019-08-29 00:13:13,959 | INFO  | DNAudit | user=null | ip=null | op=WRITE_CHUNK {blockData=conID: 1 locID: 102697375328305166 bcsId: 7} | ret=SUCCESS |  
2019-08-29 00:13:13,959 | INFO  | DNAudit | user=null | ip=null | op=WRITE_CHUNK {blockData=conID: 1 locID: 102697375328305166 bcsId: 7} | ret=SUCCESS |  
2019-08-29 00:13:13,963 | INFO  | DNAudit | user=null | ip=null | op=PUT_BLOCK {blockData=[blockId=conID: 1 locID: 102697375328305166 bcsId: 0,size=450]} | ret=SUCCESS |  
2019-08-29 00:13:13,963 | INFO  | DNAudit | user=null | ip=null | op=PUT_BLOCK {blockData=[blockId=conID: 1 locID: 102697375328305166 bcsId: 0,size=450]} | ret=SUCCESS |  
2019-08-29 00:13:13,964 | INFO  | SCMAudit | user=jenkins1000 | ip=192.168.5.155 | op=SEND_HEARTBEAT {datanodeUUID=5ffd9840-560f-4b42-b626-c678e699dff7, command=[]} | ret=SUCCESS |  
2019-08-29 00:13:13,964 [grpc-default-executor-1] INFO  client.GrpcClientProtocolClient (GrpcClientProtocolClient.java:onNext(255)) - client-19B02BC8B223->6f6426e5-ce14-4107-b742-6d33e6b5f757: receive RaftClientReply:client-19B02BC8B223->6f6426e5-ce14-4107-b742-6d33e6b5f757@group-CA5537E5D5C4, cid=183, SUCCESS, logIndex=0, commits[6f6426e5-ce14-4107-b742-6d33e6b5f757:c14, 8e43d282-58ca-4330-8134-d5621fdf2dd0:c13, ab1f4f63-5220-4744-95d6-24db2fd27225:c13]
2019-08-29 00:13:14,021 | INFO  | SCMAudit | user=jenkins1000 | ip=192.168.5.155 | op=SEND_HEARTBEAT {datanodeUUID=ca0bbee5-09c3-476f-9e60-5d34583977c9, command=[]} | ret=SUCCESS |  
2019-08-29 00:13:14,272 | INFO  | SCMAudit | user=jenkins1000 | ip=192.168.5.155 | op=SEND_HEARTBEAT {datanodeUUID=f23e32b5-1859-4d8d-ab6e-3ad369251285, command=[]} | ret=SUCCESS |  
2019-08-29 00:13:14,679 [Datanode State Machine Thread - 0] INFO  statemachine.DatanodeStateMachine (DatanodeStateMachine.java:lambda$startDaemon$0(350)) - Ozone container server started.
2019-08-29 00:13:14,680 | INFO  | SCMAudit | user=jenkins1000 | ip=192.168.5.155 | op=SEND_HEARTBEAT {datanodeUUID=8e43d282-58ca-4330-8134-d5621fdf2dd0, command=[]} | ret=SUCCESS |  
2019-08-29 00:13:14,680 | INFO  | SCMAudit | user=jenkins1000 | ip=192.168.5.155 | op=SEND_HEARTBEAT {datanodeUUID=ab1f4f63-5220-4744-95d6-24db2fd27225, command=[]} | ret=SUCCESS |  
2019-08-29 00:13:14,902 | INFO  | SCMAudit | user=jenkins1000 | ip=192.168.5.155 | op=SEND_HEARTBEAT {datanodeUUID=b00ef5df-dfe4-4d1e-9e05-2ba8895fcbfa, command=[]} | ret=SUCCESS |  
2019-08-29 00:13:14,967 | INFO  | SCMAudit | user=jenkins1000 | ip=192.168.5.155 | op=SEND_HEARTBEAT {datanodeUUID=5ffd9840-560f-4b42-b626-c678e699dff7, command=[]} | ret=SUCCESS |  
2019-08-29 00:13:15,021 | INFO  | SCMAudit | user=jenkins1000 | ip=192.168.5.155 | op=SEND_HEARTBEAT {datanodeUUID=ca0bbee5-09c3-476f-9e60-5d34583977c9, command=[]} | ret=SUCCESS |  
2019-08-29 00:13:15,273 | INFO  | SCMAudit | user=jenkins1000 | ip=192.168.5.155 | op=SEND_HEARTBEAT {datanodeUUID=f23e32b5-1859-4d8d-ab6e-3ad369251285, command=[]} | ret=SUCCESS |  
2019-08-29 00:13:15,680 | INFO  | SCMAudit | user=jenkins1000 | ip=192.168.5.155 | op=SEND_HEARTBEAT {datanodeUUID=8e43d282-58ca-4330-8134-d5621fdf2dd0, command=[]} | ret=SUCCESS |  
2019-08-29 00:13:15,680 | INFO  | SCMAudit | user=jenkins1000 | ip=192.168.5.155 | op=SEND_HEARTBEAT {datanodeUUID=ab1f4f63-5220-4744-95d6-24db2fd27225, command=[]} | ret=SUCCESS |  
2019-08-29 00:13:15,902 | INFO  | SCMAudit | user=jenkins1000 | ip=192.168.5.155 | op=SEND_HEARTBEAT {datanodeUUID=b00ef5df-dfe4-4d1e-9e05-2ba8895fcbfa, command=[]} | ret=SUCCESS |  
2019-08-29 00:13:15,967 | INFO  | SCMAudit | user=jenkins1000 | ip=192.168.5.155 | op=SEND_HEARTBEAT {datanodeUUID=5ffd9840-560f-4b42-b626-c678e699dff7, command=[]} | ret=SUCCESS |  
2019-08-29 00:13:16,021 | INFO  | SCMAudit | user=jenkins1000 | ip=192.168.5.155 | op=SEND_HEARTBEAT {datanodeUUID=ca0bbee5-09c3-476f-9e60-5d34583977c9, command=[]} | ret=SUCCESS |  
2019-08-29 00:13:16,274 | INFO  | SCMAudit | user=jenkins1000 | ip=192.168.5.155 | op=SEND_HEARTBEAT {datanodeUUID=f23e32b5-1859-4d8d-ab6e-3ad369251285, command=[]} | ret=SUCCESS |  
2019-08-29 00:13:16,680 | INFO  | SCMAudit | user=jenkins1000 | ip=192.168.5.155 | op=SEND_HEARTBEAT {datanodeUUID=ab1f4f63-5220-4744-95d6-24db2fd27225, command=[]} | ret=SUCCESS |  
2019-08-29 00:13:16,680 | INFO  | SCMAudit | user=jenkins1000 | ip=192.168.5.155 | op=SEND_HEARTBEAT {datanodeUUID=8e43d282-58ca-4330-8134-d5621fdf2dd0, command=[]} | ret=SUCCESS |  
2019-08-29 00:13:16,903 | INFO  | SCMAudit | user=jenkins1000 | ip=192.168.5.155 | op=SEND_HEARTBEAT {datanodeUUID=b00ef5df-dfe4-4d1e-9e05-2ba8895fcbfa, command=[]} | ret=SUCCESS |  
2019-08-29 00:13:16,967 | INFO  | SCMAudit | user=jenkins1000 | ip=192.168.5.155 | op=SEND_HEARTBEAT {datanodeUUID=5ffd9840-560f-4b42-b626-c678e699dff7, command=[]} | ret=SUCCESS |  
2019-08-29 00:13:17,021 | INFO  | SCMAudit | user=jenkins1000 | ip=192.168.5.155 | op=SEND_HEARTBEAT {datanodeUUID=ca0bbee5-09c3-476f-9e60-5d34583977c9, command=[]} | ret=SUCCESS |  
2019-08-29 00:13:17,274 | INFO  | SCMAudit | user=jenkins1000 | ip=192.168.5.155 | op=SEND_HEARTBEAT {datanodeUUID=f23e32b5-1859-4d8d-ab6e-3ad369251285, command=[]} | ret=SUCCESS |  
2019-08-29 00:13:17,680 | INFO  | SCMAudit | user=jenkins1000 | ip=192.168.5.155 | op=SEND_HEARTBEAT {datanodeUUID=ab1f4f63-5220-4744-95d6-24db2fd27225, command=[]} | ret=SUCCESS |  
2019-08-29 00:13:17,680 | INFO  | SCMAudit | user=jenkins1000 | ip=192.168.5.155 | op=SEND_HEARTBEAT {datanodeUUID=8e43d282-58ca-4330-8134-d5621fdf2dd0, command=[]} | ret=SUCCESS |  
2019-08-29 00:13:17,903 | INFO  | SCMAudit | user=jenkins1000 | ip=192.168.5.155 | op=SEND_HEARTBEAT {datanodeUUID=b00ef5df-dfe4-4d1e-9e05-2ba8895fcbfa, command=[]} | ret=SUCCESS |  
2019-08-29 00:13:17,967 | INFO  | SCMAudit | user=jenkins1000 | ip=192.168.5.155 | op=SEND_HEARTBEAT {datanodeUUID=5ffd9840-560f-4b42-b626-c678e699dff7, command=[]} | ret=SUCCESS |  
2019-08-29 00:13:18,021 | INFO  | SCMAudit | user=jenkins1000 | ip=192.168.5.155 | op=SEND_HEARTBEAT {datanodeUUID=ca0bbee5-09c3-476f-9e60-5d34583977c9, command=[]} | ret=SUCCESS |  
2019-08-29 00:13:18,274 | INFO  | SCMAudit | user=jenkins1000 | ip=192.168.5.155 | op=SEND_HEARTBEAT {datanodeUUID=f23e32b5-1859-4d8d-ab6e-3ad369251285, command=[]} | ret=SUCCESS |  
2019-08-29 00:13:18,681 | INFO  | SCMAudit | user=jenkins1000 | ip=192.168.5.155 | op=SEND_HEARTBEAT {datanodeUUID=ab1f4f63-5220-4744-95d6-24db2fd27225, command=[]} | ret=SUCCESS |  
2019-08-29 00:13:18,681 | INFO  | SCMAudit | user=jenkins1000 | ip=192.168.5.155 | op=SEND_HEARTBEAT {datanodeUUID=8e43d282-58ca-4330-8134-d5621fdf2dd0, command=[]} | ret=SUCCESS |  
2019-08-29 00:13:18,683 [EventQueue-StaleNodeForStaleNodeHandler] INFO  node.StaleNodeHandler (StaleNodeHandler.java:onMessage(58)) - Datanode 6f6426e5-ce14-4107-b742-6d33e6b5f757{ip: 192.168.5.155, host: pr-hdds-2053-lkbb5-4073252909, networkLocation: /default-rack, certSerialId: null} moved to stale state. Finalizing its pipelines [PipelineID=4206a6aa-f3e2-44a4-85cf-ca5537e5d5c4, PipelineID=4691d09e-afe5-41e0-bf3b-338fa014e808]
2019-08-29 00:13:18,683 [EventQueue-StaleNodeForStaleNodeHandler] INFO  pipeline.SCMPipelineManager (SCMPipelineManager.java:finalizeAndDestroyPipeline(309)) - destroying pipeline:Pipeline[ Id: 4206a6aa-f3e2-44a4-85cf-ca5537e5d5c4, Nodes: 6f6426e5-ce14-4107-b742-6d33e6b5f757{ip: 192.168.5.155, host: pr-hdds-2053-lkbb5-4073252909, networkLocation: /default-rack, certSerialId: null}8e43d282-58ca-4330-8134-d5621fdf2dd0{ip: 192.168.5.155, host: pr-hdds-2053-lkbb5-4073252909, networkLocation: /default-rack, certSerialId: null}ab1f4f63-5220-4744-95d6-24db2fd27225{ip: 192.168.5.155, host: pr-hdds-2053-lkbb5-4073252909, networkLocation: /default-rack, certSerialId: null}, Type:RATIS, Factor:THREE, State:OPEN]
2019-08-29 00:13:18,683 [EventQueue-StaleNodeForStaleNodeHandler] INFO  pipeline.PipelineStateManager (PipelineStateManager.java:finalizePipeline(123)) - Pipeline Pipeline[ Id: 4206a6aa-f3e2-44a4-85cf-ca5537e5d5c4, Nodes: 6f6426e5-ce14-4107-b742-6d33e6b5f757{ip: 192.168.5.155, host: pr-hdds-2053-lkbb5-4073252909, networkLocation: /default-rack, certSerialId: null}8e43d282-58ca-4330-8134-d5621fdf2dd0{ip: 192.168.5.155, host: pr-hdds-2053-lkbb5-4073252909, networkLocation: /default-rack, certSerialId: null}ab1f4f63-5220-4744-95d6-24db2fd27225{ip: 192.168.5.155, host: pr-hdds-2053-lkbb5-4073252909, networkLocation: /default-rack, certSerialId: null}, Type:RATIS, Factor:THREE, State:CLOSED] moved to CLOSED state
2019-08-29 00:13:18,684 [EventQueue-CloseContainerForCloseContainerEventHandler] INFO  container.CloseContainerEventHandler (CloseContainerEventHandler.java:onMessage(61)) - Close container Event triggered for container : #1
2019-08-29 00:13:18,684 [EventQueue-StaleNodeForStaleNodeHandler] INFO  pipeline.SCMPipelineManager (SCMPipelineManager.java:finalizeAndDestroyPipeline(309)) - destroying pipeline:Pipeline[ Id: 4691d09e-afe5-41e0-bf3b-338fa014e808, Nodes: 6f6426e5-ce14-4107-b742-6d33e6b5f757{ip: 192.168.5.155, host: pr-hdds-2053-lkbb5-4073252909, networkLocation: /default-rack, certSerialId: null}, Type:RATIS, Factor:ONE, State:OPEN]
2019-08-29 00:13:18,684 [EventQueue-StaleNodeForStaleNodeHandler] INFO  pipeline.PipelineStateManager (PipelineStateManager.java:finalizePipeline(123)) - Pipeline Pipeline[ Id: 4691d09e-afe5-41e0-bf3b-338fa014e808, Nodes: 6f6426e5-ce14-4107-b742-6d33e6b5f757{ip: 192.168.5.155, host: pr-hdds-2053-lkbb5-4073252909, networkLocation: /default-rack, certSerialId: null}, Type:RATIS, Factor:ONE, State:CLOSED] moved to CLOSED state
2019-08-29 00:13:18,903 | INFO  | SCMAudit | user=jenkins1000 | ip=192.168.5.155 | op=SEND_HEARTBEAT {datanodeUUID=b00ef5df-dfe4-4d1e-9e05-2ba8895fcbfa, command=[]} | ret=SUCCESS |  
2019-08-29 00:13:18,966 [main] INFO  ozoneimpl.OzoneContainer (OzoneContainer.java:stop(215)) - Attempting to stop container services.
2019-08-29 00:13:18,967 | INFO  | SCMAudit | user=jenkins1000 | ip=192.168.5.155 | op=SEND_HEARTBEAT {datanodeUUID=5ffd9840-560f-4b42-b626-c678e699dff7, command=[]} | ret=SUCCESS |  
2019-08-29 00:13:18,967 [main] INFO  impl.RaftServerProxy (RaftServerProxy.java:lambda$close$4(314)) - 6f6426e5-ce14-4107-b742-6d33e6b5f757: close
2019-08-29 00:13:18,967 [main] INFO  impl.RaftServerImpl (RaftServerImpl.java:lambda$shutdown$3(245)) - 6f6426e5-ce14-4107-b742-6d33e6b5f757: shutdown group-CA5537E5D5C4
2019-08-29 00:13:18,968 [main] INFO  util.JmxRegister (JmxRegister.java:unregister(73)) - Successfully un-registered JMX Bean with object name Ratis:service=RaftServer,group=group-CA5537E5D5C4,id=6f6426e5-ce14-4107-b742-6d33e6b5f757
2019-08-29 00:13:18,968 [main] INFO  impl.RoleInfo (RoleInfo.java:shutdownLeaderState(104)) - 6f6426e5-ce14-4107-b742-6d33e6b5f757: shutdown LeaderState
2019-08-29 00:13:18,973 [main] INFO  impl.PendingRequests (PendingRequests.java:sendNotLeaderResponses(202)) - 6f6426e5-ce14-4107-b742-6d33e6b5f757-PendingRequests: sendNotLeaderResponses
2019-08-29 00:13:18,973 [grpc-default-executor-1] INFO  server.GrpcServerProtocolService (GrpcServerProtocolService.java:onCompleted(104)) - 8e43d282-58ca-4330-8134-d5621fdf2dd0: appendEntries completed
2019-08-29 00:13:18,973 [org.apache.ratis.server.impl.LogAppender$AppenderDaemon$$Lambda$513/1837297001@32be2631] WARN  server.GrpcLogAppender (GrpcLogAppender.java:mayWait(143)) - GrpcLogAppender(6f6426e5-ce14-4107-b742-6d33e6b5f757->ab1f4f63-5220-4744-95d6-24db2fd27225): Wait interrupted by java.lang.InterruptedException
2019-08-29 00:13:18,977 [main] INFO  impl.StateMachineUpdater (StateMachineUpdater.java:stopAndJoin(115)) - StateMachineUpdater:6f6426e5-ce14-4107-b742-6d33e6b5f757:group-CA5537E5D5C4: set stopIndex = 15
2019-08-29 00:13:18,977 [grpc-default-executor-7] INFO  server.GrpcServerProtocolService (GrpcServerProtocolService.java:onCompleted(104)) - ab1f4f63-5220-4744-95d6-24db2fd27225: appendEntries completed
2019-08-29 00:13:18,977 [grpc-default-executor-1] INFO  server.GrpcLogAppender (GrpcLogAppender.java:onCompleted(292)) - 6f6426e5-ce14-4107-b742-6d33e6b5f757->8e43d282-58ca-4330-8134-d5621fdf2dd0: follower responses appendEntries COMPLETED
2019-08-29 00:13:18,977 [StateMachineUpdater:6f6426e5-ce14-4107-b742-6d33e6b5f757:group-CA5537E5D5C4] INFO  ratis.ContainerStateMachine (ContainerStateMachine.java:takeSnapshot(284)) - group-CA5537E5D5C4: Taking a snapshot at:(t:1, i:13) file /workdir/hadoop-ozone/integration-test/target/test-dir/MiniOzoneClusterImpl-3c083a2a-a42b-42af-b78a-3f3e8042569f/datanode-5/data/ratis/4206a6aa-f3e2-44a4-85cf-ca5537e5d5c4/sm/snapshot.1_13
2019-08-29 00:13:18,978 [grpc-default-executor-8] INFO  server.GrpcLogAppender (GrpcLogAppender.java:onCompleted(292)) - 6f6426e5-ce14-4107-b742-6d33e6b5f757->ab1f4f63-5220-4744-95d6-24db2fd27225: follower responses appendEntries COMPLETED
2019-08-29 00:13:18,978 [grpc-default-executor-1] INFO  impl.FollowerInfo (FollowerInfo.java:lambda$new$0(50)) - 6f6426e5-ce14-4107-b742-6d33e6b5f757->8e43d282-58ca-4330-8134-d5621fdf2dd0: nextIndex: updateUnconditionally 16 -> 15
2019-08-29 00:13:18,978 [grpc-default-executor-8] INFO  impl.FollowerInfo (FollowerInfo.java:lambda$new$0(50)) - 6f6426e5-ce14-4107-b742-6d33e6b5f757->ab1f4f63-5220-4744-95d6-24db2fd27225: nextIndex: updateUnconditionally 16 -> 15
2019-08-29 00:13:18,992 [StateMachineUpdater:6f6426e5-ce14-4107-b742-6d33e6b5f757:group-CA5537E5D5C4] INFO  ratis.ContainerStateMachine (ContainerStateMachine.java:takeSnapshot(295)) - group-CA5537E5D5C4: Finished taking a snapshot at:(t:1, i:13) file:/workdir/hadoop-ozone/integration-test/target/test-dir/MiniOzoneClusterImpl-3c083a2a-a42b-42af-b78a-3f3e8042569f/datanode-5/data/ratis/4206a6aa-f3e2-44a4-85cf-ca5537e5d5c4/sm/snapshot.1_13 time:14
2019-08-29 00:13:18,992 [StateMachineUpdater:6f6426e5-ce14-4107-b742-6d33e6b5f757:group-CA5537E5D5C4] INFO  impl.StateMachineUpdater (StateMachineUpdater.java:takeSnapshot(242)) - StateMachineUpdater:6f6426e5-ce14-4107-b742-6d33e6b5f757:group-CA5537E5D5C4: Took a snapshot at index 13
2019-08-29 00:13:18,992 [StateMachineUpdater:6f6426e5-ce14-4107-b742-6d33e6b5f757:group-CA5537E5D5C4] INFO  impl.StateMachineUpdater (StateMachineUpdater.java:lambda$new$0(80)) - StateMachineUpdater:6f6426e5-ce14-4107-b742-6d33e6b5f757:group-CA5537E5D5C4: snapshotIndex: updateIncreasingly -1 -> 13
2019-08-29 00:13:18,992 [main] INFO  impl.RaftServerImpl (ServerState.java:close(394)) - 6f6426e5-ce14-4107-b742-6d33e6b5f757:group-CA5537E5D5C4 closes. The last applied log index is 15
2019-08-29 00:13:18,993 [6f6426e5-ce14-4107-b742-6d33e6b5f757-SegmentedRaftLogWorker:Storage Directory /workdir/hadoop-ozone/integration-test/target/test-dir/MiniOzoneClusterImpl-3c083a2a-a42b-42af-b78a-3f3e8042569f/datanode-5/data/ratis/4206a6aa-f3e2-44a4-85cf-ca5537e5d5c4] INFO  segmented.SegmentedRaftLogWorker (SegmentedRaftLogWorker.java:run(313)) - 6f6426e5-ce14-4107-b742-6d33e6b5f757-SegmentedRaftLogWorker:Storage Directory /workdir/hadoop-ozone/integration-test/target/test-dir/MiniOzoneClusterImpl-3c083a2a-a42b-42af-b78a-3f3e8042569f/datanode-5/data/ratis/4206a6aa-f3e2-44a4-85cf-ca5537e5d5c4 was interrupted, exiting. There are 0 tasks remaining in the queue.
2019-08-29 00:13:18,995 [main] INFO  segmented.SegmentedRaftLogWorker (SegmentedRaftLogWorker.java:close(228)) - 6f6426e5-ce14-4107-b742-6d33e6b5f757-SegmentedRaftLogWorker:Storage Directory /workdir/hadoop-ozone/integration-test/target/test-dir/MiniOzoneClusterImpl-3c083a2a-a42b-42af-b78a-3f3e8042569f/datanode-5/data/ratis/4206a6aa-f3e2-44a4-85cf-ca5537e5d5c4 close()
2019-08-29 00:13:18,998 [main] INFO  impl.RaftServerImpl (RaftServerImpl.java:lambda$shutdown$3(245)) - 6f6426e5-ce14-4107-b742-6d33e6b5f757: shutdown group-338FA014E808
2019-08-29 00:13:18,999 [main] INFO  util.JmxRegister (JmxRegister.java:unregister(73)) - Successfully un-registered JMX Bean with object name Ratis:service=RaftServer,group=group-338FA014E808,id=6f6426e5-ce14-4107-b742-6d33e6b5f757
2019-08-29 00:13:18,999 [main] INFO  impl.RoleInfo (RoleInfo.java:shutdownLeaderState(104)) - 6f6426e5-ce14-4107-b742-6d33e6b5f757: shutdown LeaderState
2019-08-29 00:13:18,999 [main] INFO  impl.PendingRequests (PendingRequests.java:sendNotLeaderResponses(202)) - 6f6426e5-ce14-4107-b742-6d33e6b5f757-PendingRequests: sendNotLeaderResponses
2019-08-29 00:13:19,000 [main] INFO  impl.StateMachineUpdater (StateMachineUpdater.java:stopAndJoin(115)) - StateMachineUpdater:6f6426e5-ce14-4107-b742-6d33e6b5f757:group-338FA014E808: set stopIndex = 0
2019-08-29 00:13:19,000 [main] INFO  impl.RaftServerImpl (ServerState.java:close(394)) - 6f6426e5-ce14-4107-b742-6d33e6b5f757:group-338FA014E808 closes. The last applied log index is 0
2019-08-29 00:13:19,001 [6f6426e5-ce14-4107-b742-6d33e6b5f757-SegmentedRaftLogWorker:Storage Directory /workdir/hadoop-ozone/integration-test/target/test-dir/MiniOzoneClusterImpl-3c083a2a-a42b-42af-b78a-3f3e8042569f/datanode-5/data/ratis/4691d09e-afe5-41e0-bf3b-338fa014e808] INFO  segmented.SegmentedRaftLogWorker (SegmentedRaftLogWorker.java:run(313)) - 6f6426e5-ce14-4107-b742-6d33e6b5f757-SegmentedRaftLogWorker:Storage Directory /workdir/hadoop-ozone/integration-test/target/test-dir/MiniOzoneClusterImpl-3c083a2a-a42b-42af-b78a-3f3e8042569f/datanode-5/data/ratis/4691d09e-afe5-41e0-bf3b-338fa014e808 was interrupted, exiting. There are 0 tasks remaining in the queue.
2019-08-29 00:13:19,003 [main] INFO  segmented.SegmentedRaftLogWorker (SegmentedRaftLogWorker.java:close(228)) - 6f6426e5-ce14-4107-b742-6d33e6b5f757-SegmentedRaftLogWorker:Storage Directory /workdir/hadoop-ozone/integration-test/target/test-dir/MiniOzoneClusterImpl-3c083a2a-a42b-42af-b78a-3f3e8042569f/datanode-5/data/ratis/4691d09e-afe5-41e0-bf3b-338fa014e808 close()
2019-08-29 00:13:19,006 [main] INFO  server.GrpcService (GrpcService.java:closeImpl(155)) - 6f6426e5-ce14-4107-b742-6d33e6b5f757: shutdown server with port 40533 now
2019-08-29 00:13:19,007 [grpc-default-executor-1] WARN  client.GrpcClientProtocolService (LogUtils.java:warn(134)) - 4-UnorderedRequestStreamObserver4: onError: org.apache.ratis.thirdparty.io.grpc.StatusRuntimeException: CANCELLED: cancelled before receiving half close
2019-08-29 00:13:19,007 [main] INFO  server.GrpcService (GrpcService.java:closeImpl(163)) - 6f6426e5-ce14-4107-b742-6d33e6b5f757: shutdown server with port 40533 successfully
2019-08-29 00:13:19,011 [refreshUsed-/workdir/hadoop-ozone/integration-test/target/test-dir/MiniOzoneClusterImpl-3c083a2a-a42b-42af-b78a-3f3e8042569f/datanode-5/data/containers] WARN  fs.CachingGetSpaceUsed (CachingGetSpaceUsed.java:run(183)) - Thread Interrupted waiting to refresh disk information: sleep interrupted
2019-08-29 00:13:19,022 | INFO  | SCMAudit | user=jenkins1000 | ip=192.168.5.155 | op=SEND_HEARTBEAT {datanodeUUID=ca0bbee5-09c3-476f-9e60-5d34583977c9, command=[]} | ret=SUCCESS |  
2019-08-29 00:13:19,028 [main] INFO  utils.BackgroundService (BackgroundService.java:shutdown(148)) - Shutting down service BlockDeletingService
2019-08-29 00:13:19,034 [main] INFO  statemachine.DatanodeStateMachine (DatanodeStateMachine.java:stopDaemon(395)) - Ozone container server stopped.
2019-08-29 00:13:19,035 [main] INFO  handler.ContextHandler (ContextHandler.java:doStop(910)) - Stopped o.e.j.w.WebAppContext@4f811029{/,null,UNAVAILABLE}{/hddsDatanode}
2019-08-29 00:13:19,036 [main] INFO  server.AbstractConnector (AbstractConnector.java:doStop(318)) - Stopped ServerConnector@7f2b584b{HTTP/1.1,[http/1.1]}{0.0.0.0:0}
2019-08-29 00:13:19,036 [main] INFO  handler.ContextHandler (ContextHandler.java:doStop(910)) - Stopped o.e.j.s.ServletContextHandler@35563e4c{/static,jar:file:/home/user/.m2/repository/org/apache/hadoop/hadoop-hdds-container-service/0.5.0-SNAPSHOT/hadoop-hdds-container-service-0.5.0-SNAPSHOT.jar!/webapps/static,UNAVAILABLE}
2019-08-29 00:13:19,036 [main] INFO  handler.ContextHandler (ContextHandler.java:doStop(910)) - Stopped o.e.j.s.ServletContextHandler@7af327e3{/logs,file:///workdir/hadoop-ozone/integration-test/target/log,UNAVAILABLE}
2019-08-29 00:13:19,274 | INFO  | SCMAudit | user=jenkins1000 | ip=192.168.5.155 | op=SEND_HEARTBEAT {datanodeUUID=f23e32b5-1859-4d8d-ab6e-3ad369251285, command=[]} | ret=SUCCESS |  
2019-08-29 00:13:19,681 | INFO  | SCMAudit | user=jenkins1000 | ip=192.168.5.155 | op=SEND_HEARTBEAT {datanodeUUID=8e43d282-58ca-4330-8134-d5621fdf2dd0, command=[commandType: closeContainerCommand closeContainerCommandProto { containerID: 1 pipelineID { id: "4206a6aa-f3e2-44a4-85cf-ca5537e5d5c4" } cmdId: 1 force: false } ]} | ret=SUCCESS |  
2019-08-29 00:13:19,681 | INFO  | SCMAudit | user=jenkins1000 | ip=192.168.5.155 | op=SEND_HEARTBEAT {datanodeUUID=ab1f4f63-5220-4744-95d6-24db2fd27225, command=[commandType: closeContainerCommand closeContainerCommandProto { containerID: 1 pipelineID { id: "4206a6aa-f3e2-44a4-85cf-ca5537e5d5c4" } cmdId: 1 force: false } ]} | ret=SUCCESS |  
2019-08-29 00:13:19,903 | INFO  | SCMAudit | user=jenkins1000 | ip=192.168.5.155 | op=SEND_HEARTBEAT {datanodeUUID=b00ef5df-dfe4-4d1e-9e05-2ba8895fcbfa, command=[]} | ret=SUCCESS |  
2019-08-29 00:13:19,967 | INFO  | SCMAudit | user=jenkins1000 | ip=192.168.5.155 | op=SEND_HEARTBEAT {datanodeUUID=5ffd9840-560f-4b42-b626-c678e699dff7, command=[]} | ret=SUCCESS |  
2019-08-29 00:13:20,022 | INFO  | SCMAudit | user=jenkins1000 | ip=192.168.5.155 | op=SEND_HEARTBEAT {datanodeUUID=ca0bbee5-09c3-476f-9e60-5d34583977c9, command=[]} | ret=SUCCESS |  
2019-08-29 00:13:20,274 | INFO  | SCMAudit | user=jenkins1000 | ip=192.168.5.155 | op=SEND_HEARTBEAT {datanodeUUID=f23e32b5-1859-4d8d-ab6e-3ad369251285, command=[]} | ret=SUCCESS |  
2019-08-29 00:13:20,681 | INFO  | SCMAudit | user=jenkins1000 | ip=192.168.5.155 | op=SEND_HEARTBEAT {datanodeUUID=ab1f4f63-5220-4744-95d6-24db2fd27225, command=[]} | ret=SUCCESS |  
2019-08-29 00:13:20,681 | INFO  | SCMAudit | user=jenkins1000 | ip=192.168.5.155 | op=SEND_HEARTBEAT {datanodeUUID=8e43d282-58ca-4330-8134-d5621fdf2dd0, command=[]} | ret=SUCCESS |  
2019-08-29 00:13:20,903 | INFO  | SCMAudit | user=jenkins1000 | ip=192.168.5.155 | op=SEND_HEARTBEAT {datanodeUUID=b00ef5df-dfe4-4d1e-9e05-2ba8895fcbfa, command=[]} | ret=SUCCESS |  
2019-08-29 00:13:20,967 | INFO  | SCMAudit | user=jenkins1000 | ip=192.168.5.155 | op=SEND_HEARTBEAT {datanodeUUID=5ffd9840-560f-4b42-b626-c678e699dff7, command=[]} | ret=SUCCESS |  
2019-08-29 00:13:21,022 | INFO  | SCMAudit | user=jenkins1000 | ip=192.168.5.155 | op=SEND_HEARTBEAT {datanodeUUID=ca0bbee5-09c3-476f-9e60-5d34583977c9, command=[]} | ret=SUCCESS |  
2019-08-29 00:13:21,050 [grpc-default-executor-8] INFO  client.GrpcClientProtocolClient (GrpcClientProtocolClient.java:onNext(255)) - client-19B02BC8B223->8e43d282-58ca-4330-8134-d5621fdf2dd0: receive RaftClientReply:client-19B02BC8B223->8e43d282-58ca-4330-8134-d5621fdf2dd0@group-CA5537E5D5C4, cid=184, FAILED org.apache.ratis.protocol.NotLeaderException: Server 8e43d282-58ca-4330-8134-d5621fdf2dd0 is not the leader (6f6426e5-ce14-4107-b742-6d33e6b5f757:192.168.5.155:40533). Request must be sent to leader., logIndex=0, commits[8e43d282-58ca-4330-8134-d5621fdf2dd0:c15, 6f6426e5-ce14-4107-b742-6d33e6b5f757:c15, ab1f4f63-5220-4744-95d6-24db2fd27225:c13]
2019-08-29 00:13:21,274 | INFO  | SCMAudit | user=jenkins1000 | ip=192.168.5.155 | op=SEND_HEARTBEAT {datanodeUUID=f23e32b5-1859-4d8d-ab6e-3ad369251285, command=[]} | ret=SUCCESS |  
2019-08-29 00:13:21,681 | INFO  | SCMAudit | user=jenkins1000 | ip=192.168.5.155 | op=SEND_HEARTBEAT {datanodeUUID=ab1f4f63-5220-4744-95d6-24db2fd27225, command=[]} | ret=SUCCESS |  
2019-08-29 00:13:21,681 | INFO  | SCMAudit | user=jenkins1000 | ip=192.168.5.155 | op=SEND_HEARTBEAT {datanodeUUID=8e43d282-58ca-4330-8134-d5621fdf2dd0, command=[]} | ret=SUCCESS |  
2019-08-29 00:13:21,697 | INFO  | SCMAudit | user=jenkins1000 | ip=192.168.5.155 | op=SEND_HEARTBEAT {datanodeUUID=8e43d282-58ca-4330-8134-d5621fdf2dd0, command=[]} | ret=SUCCESS |  
2019-08-29 00:13:21,697 | INFO  | SCMAudit | user=jenkins1000 | ip=192.168.5.155 | op=SEND_HEARTBEAT {datanodeUUID=ab1f4f63-5220-4744-95d6-24db2fd27225, command=[]} | ret=SUCCESS |  
2019-08-29 00:13:21,903 | INFO  | SCMAudit | user=jenkins1000 | ip=192.168.5.155 | op=SEND_HEARTBEAT {datanodeUUID=b00ef5df-dfe4-4d1e-9e05-2ba8895fcbfa, command=[]} | ret=SUCCESS |  
2019-08-29 00:13:21,967 | INFO  | SCMAudit | user=jenkins1000 | ip=192.168.5.155 | op=SEND_HEARTBEAT {datanodeUUID=5ffd9840-560f-4b42-b626-c678e699dff7, command=[]} | ret=SUCCESS |  
2019-08-29 00:13:22,022 | INFO  | SCMAudit | user=jenkins1000 | ip=192.168.5.155 | op=SEND_HEARTBEAT {datanodeUUID=ca0bbee5-09c3-476f-9e60-5d34583977c9, command=[]} | ret=SUCCESS |  
2019-08-29 00:13:22,064 [grpc-default-executor-8] INFO  client.GrpcClientProtocolClient (GrpcClientProtocolClient.java:onNext(255)) - client-19B02BC8B223->8e43d282-58ca-4330-8134-d5621fdf2dd0: receive RaftClientReply:client-19B02BC8B223->8e43d282-58ca-4330-8134-d5621fdf2dd0@group-CA5537E5D5C4, cid=184, FAILED org.apache.ratis.protocol.NotLeaderException: Server 8e43d282-58ca-4330-8134-d5621fdf2dd0 is not the leader (6f6426e5-ce14-4107-b742-6d33e6b5f757:192.168.5.155:40533). Request must be sent to leader., logIndex=0, commits[8e43d282-58ca-4330-8134-d5621fdf2dd0:c15, 6f6426e5-ce14-4107-b742-6d33e6b5f757:c15, ab1f4f63-5220-4744-95d6-24db2fd27225:c13]
2019-08-29 00:13:22,274 | INFO  | SCMAudit | user=jenkins1000 | ip=192.168.5.155 | op=SEND_HEARTBEAT {datanodeUUID=f23e32b5-1859-4d8d-ab6e-3ad369251285, command=[]} | ret=SUCCESS |  
2019-08-29 00:13:22,692 [Thread-3376] INFO  impl.FollowerState (FollowerState.java:run(106)) - 8e43d282-58ca-4330-8134-d5621fdf2dd0:group-CA5537E5D5C4 changes to CANDIDATE, lastRpcTime:6227, electionTimeout:5007ms
2019-08-29 00:13:22,693 [Thread-3376] INFO  impl.RoleInfo (RoleInfo.java:shutdownFollowerState(121)) - 8e43d282-58ca-4330-8134-d5621fdf2dd0: shutdown FollowerState
2019-08-29 00:13:22,693 [Thread-3376] INFO  impl.RaftServerImpl (RaftServerImpl.java:setRole(171)) - 8e43d282-58ca-4330-8134-d5621fdf2dd0:group-CA5537E5D5C4 changes role from FOLLOWER to CANDIDATE at term 1 for changeToCandidate
2019-08-29 00:13:22,694 [Thread-3376] INFO  impl.RoleInfo (RoleInfo.java:updateAndGet(143)) - 8e43d282-58ca-4330-8134-d5621fdf2dd0: start LeaderElection
2019-08-29 00:13:22,701 [8e43d282-58ca-4330-8134-d5621fdf2dd0:group-CA5537E5D5C4:LeaderElection61] INFO  impl.RaftServerImpl (ServerState.java:setLeader(263)) - 8e43d282-58ca-4330-8134-d5621fdf2dd0:group-CA5537E5D5C4 change Leader from 6f6426e5-ce14-4107-b742-6d33e6b5f757 to null at term 1 for initElection
2019-08-29 00:13:22,702 | INFO  | SCMAudit | user=jenkins1000 | ip=192.168.5.155 | op=SEND_HEARTBEAT {datanodeUUID=ab1f4f63-5220-4744-95d6-24db2fd27225, command=[]} | ret=SUCCESS |  
2019-08-29 00:13:22,702 | INFO  | SCMAudit | user=jenkins1000 | ip=192.168.5.155 | op=SEND_HEARTBEAT {datanodeUUID=8e43d282-58ca-4330-8134-d5621fdf2dd0, command=[]} | ret=SUCCESS |  
2019-08-29 00:13:22,715 [8e43d282-58ca-4330-8134-d5621fdf2dd0:group-CA5537E5D5C4:LeaderElection61] INFO  impl.LeaderElection (LeaderElection.java:askForVotes(181)) - 8e43d282-58ca-4330-8134-d5621fdf2dd0:group-CA5537E5D5C4:LeaderElection61: begin an election at term 2 for 0: [8e43d282-58ca-4330-8134-d5621fdf2dd0:192.168.5.155:32795, 6f6426e5-ce14-4107-b742-6d33e6b5f757:192.168.5.155:40533, ab1f4f63-5220-4744-95d6-24db2fd27225:192.168.5.155:45611], old=null
2019-08-29 00:13:22,718 [8e43d282-58ca-4330-8134-d5621fdf2dd0:group-CA5537E5D5C4:LeaderElection61] INFO  impl.LeaderElection (LogUtils.java:infoOrTrace(149)) - 8e43d282-58ca-4330-8134-d5621fdf2dd0:group-CA5537E5D5C4:LeaderElection61 got exception when requesting votes: {}
java.util.concurrent.ExecutionException: org.apache.ratis.thirdparty.io.grpc.StatusRuntimeException: UNAVAILABLE: io exception
	at java.util.concurrent.FutureTask.report(FutureTask.java:122)
	at java.util.concurrent.FutureTask.get(FutureTask.java:192)
	at org.apache.ratis.server.impl.LeaderElection.waitForResults(LeaderElection.java:262)
	at org.apache.ratis.server.impl.LeaderElection.askForVotes(LeaderElection.java:200)
	at org.apache.ratis.server.impl.LeaderElection.run(LeaderElection.java:130)
	at java.lang.Thread.run(Thread.java:748)
Caused by: org.apache.ratis.thirdparty.io.grpc.StatusRuntimeException: UNAVAILABLE: io exception
	at org.apache.ratis.thirdparty.io.grpc.stub.ClientCalls.toStatusRuntimeException(ClientCalls.java:233)
	at org.apache.ratis.thirdparty.io.grpc.stub.ClientCalls.getUnchecked(ClientCalls.java:214)
	at org.apache.ratis.thirdparty.io.grpc.stub.ClientCalls.blockingUnaryCall(ClientCalls.java:139)
	at org.apache.ratis.proto.grpc.RaftServerProtocolServiceGrpc$RaftServerProtocolServiceBlockingStub.requestVote(RaftServerProtocolServiceGrpc.java:265)
	at org.apache.ratis.grpc.server.GrpcServerProtocolClient.requestVote(GrpcServerProtocolClient.java:83)
	at org.apache.ratis.grpc.server.GrpcService.requestVote(GrpcService.java:195)
	at org.apache.ratis.server.impl.LeaderElection.lambda$submitRequests$1(LeaderElection.java:237)
	at java.util.concurrent.FutureTask.run(FutureTask.java:266)
	at java.util.concurrent.Executors$RunnableAdapter.call(Executors.java:511)
	at java.util.concurrent.FutureTask.run(FutureTask.java:266)
	at java.util.concurrent.ThreadPoolExecutor.runWorker(ThreadPoolExecutor.java:1149)
	at java.util.concurrent.ThreadPoolExecutor$Worker.run(ThreadPoolExecutor.java:624)
	... 1 more
Caused by: org.apache.ratis.thirdparty.io.netty.channel.AbstractChannel$AnnotatedConnectException: Connection refused: /192.168.5.155:40533
	at sun.nio.ch.SocketChannelImpl.checkConnect(Native Method)
	at sun.nio.ch.SocketChannelImpl.finishConnect(SocketChannelImpl.java:717)
	at org.apache.ratis.thirdparty.io.netty.channel.socket.nio.NioSocketChannel.doFinishConnect(NioSocketChannel.java:327)
	at org.apache.ratis.thirdparty.io.netty.channel.nio.AbstractNioChannel$AbstractNioUnsafe.finishConnect(AbstractNioChannel.java:340)
	at org.apache.ratis.thirdparty.io.netty.channel.nio.NioEventLoop.processSelectedKey(NioEventLoop.java:632)
	at org.apache.ratis.thirdparty.io.netty.channel.nio.NioEventLoop.processSelectedKeysOptimized(NioEventLoop.java:579)
	at org.apache.ratis.thirdparty.io.netty.channel.nio.NioEventLoop.processSelectedKeys(NioEventLoop.java:496)
	at org.apache.ratis.thirdparty.io.netty.channel.nio.NioEventLoop.run(NioEventLoop.java:458)
	at org.apache.ratis.thirdparty.io.netty.util.concurrent.SingleThreadEventExecutor$5.run(SingleThreadEventExecutor.java:897)
	at org.apache.ratis.thirdparty.io.netty.util.concurrent.FastThreadLocalRunnable.run(FastThreadLocalRunnable.java:30)
	... 1 more
Caused by: java.net.ConnectException: Connection refused
	... 11 more
2019-08-29 00:13:22,723 [grpc-default-executor-1] INFO  impl.RaftServerImpl (ServerState.java:setLeader(263)) - ab1f4f63-5220-4744-95d6-24db2fd27225:group-CA5537E5D5C4 change Leader from 6f6426e5-ce14-4107-b742-6d33e6b5f757 to null at term 2 for updateCurrentTerm
2019-08-29 00:13:22,723 [grpc-default-executor-1] INFO  impl.RaftServerImpl (RaftServerImpl.java:setRole(171)) - ab1f4f63-5220-4744-95d6-24db2fd27225:group-CA5537E5D5C4 changes role from FOLLOWER to FOLLOWER at term 2 for recognizeCandidate:8e43d282-58ca-4330-8134-d5621fdf2dd0
2019-08-29 00:13:22,723 [grpc-default-executor-1] INFO  impl.RoleInfo (RoleInfo.java:shutdownFollowerState(121)) - ab1f4f63-5220-4744-95d6-24db2fd27225: shutdown FollowerState
2019-08-29 00:13:22,723 [grpc-default-executor-1] INFO  impl.RoleInfo (RoleInfo.java:updateAndGet(143)) - ab1f4f63-5220-4744-95d6-24db2fd27225: start FollowerState
2019-08-29 00:13:22,724 [Thread-3375] INFO  impl.FollowerState (FollowerState.java:run(114)) - ab1f4f63-5220-4744-95d6-24db2fd27225: FollowerState was interrupted: java.lang.InterruptedException: sleep interrupted
2019-08-29 00:13:22,740 [8e43d282-58ca-4330-8134-d5621fdf2dd0:group-CA5537E5D5C4:LeaderElection61] INFO  impl.LeaderElection (LeaderElection.java:logAndReturn(56)) - 8e43d282-58ca-4330-8134-d5621fdf2dd0:group-CA5537E5D5C4:LeaderElection61: Election PASSED; received 1 response(s) [8e43d282-58ca-4330-8134-d5621fdf2dd0<-ab1f4f63-5220-4744-95d6-24db2fd27225#0:OK-t2] and 1 exception(s); 8e43d282-58ca-4330-8134-d5621fdf2dd0:t2, leader=null, voted=8e43d282-58ca-4330-8134-d5621fdf2dd0, raftlog=8e43d282-58ca-4330-8134-d5621fdf2dd0-SegmentedRaftLog:OPENED:c15,f15,i15, conf=0: [8e43d282-58ca-4330-8134-d5621fdf2dd0:192.168.5.155:32795, 6f6426e5-ce14-4107-b742-6d33e6b5f757:192.168.5.155:40533, ab1f4f63-5220-4744-95d6-24db2fd27225:192.168.5.155:45611], old=null
2019-08-29 00:13:22,740 [8e43d282-58ca-4330-8134-d5621fdf2dd0:group-CA5537E5D5C4:LeaderElection61] INFO  impl.LeaderElection (LogUtils.java:infoOrTrace(149)) -   Exception 0: {}
java.util.concurrent.ExecutionException: org.apache.ratis.thirdparty.io.grpc.StatusRuntimeException: UNAVAILABLE: io exception
	at java.util.concurrent.FutureTask.report(FutureTask.java:122)
	at java.util.concurrent.FutureTask.get(FutureTask.java:192)
	at org.apache.ratis.server.impl.LeaderElection.waitForResults(LeaderElection.java:262)
	at org.apache.ratis.server.impl.LeaderElection.askForVotes(LeaderElection.java:200)
	at org.apache.ratis.server.impl.LeaderElection.run(LeaderElection.java:130)
	at java.lang.Thread.run(Thread.java:748)
Caused by: org.apache.ratis.thirdparty.io.grpc.StatusRuntimeException: UNAVAILABLE: io exception
	at org.apache.ratis.thirdparty.io.grpc.stub.ClientCalls.toStatusRuntimeException(ClientCalls.java:233)
	at org.apache.ratis.thirdparty.io.grpc.stub.ClientCalls.getUnchecked(ClientCalls.java:214)
	at org.apache.ratis.thirdparty.io.grpc.stub.ClientCalls.blockingUnaryCall(ClientCalls.java:139)
	at org.apache.ratis.proto.grpc.RaftServerProtocolServiceGrpc$RaftServerProtocolServiceBlockingStub.requestVote(RaftServerProtocolServiceGrpc.java:265)
	at org.apache.ratis.grpc.server.GrpcServerProtocolClient.requestVote(GrpcServerProtocolClient.java:83)
	at org.apache.ratis.grpc.server.GrpcService.requestVote(GrpcService.java:195)
	at org.apache.ratis.server.impl.LeaderElection.lambda$submitRequests$1(LeaderElection.java:237)
	at java.util.concurrent.FutureTask.run(FutureTask.java:266)
	at java.util.concurrent.Executors$RunnableAdapter.call(Executors.java:511)
	at java.util.concurrent.FutureTask.run(FutureTask.java:266)
	at java.util.concurrent.ThreadPoolExecutor.runWorker(ThreadPoolExecutor.java:1149)
	at java.util.concurrent.ThreadPoolExecutor$Worker.run(ThreadPoolExecutor.java:624)
	... 1 more
Caused by: org.apache.ratis.thirdparty.io.netty.channel.AbstractChannel$AnnotatedConnectException: Connection refused: /192.168.5.155:40533
	at sun.nio.ch.SocketChannelImpl.checkConnect(Native Method)
	at sun.nio.ch.SocketChannelImpl.finishConnect(SocketChannelImpl.java:717)
	at org.apache.ratis.thirdparty.io.netty.channel.socket.nio.NioSocketChannel.doFinishConnect(NioSocketChannel.java:327)
	at org.apache.ratis.thirdparty.io.netty.channel.nio.AbstractNioChannel$AbstractNioUnsafe.finishConnect(AbstractNioChannel.java:340)
	at org.apache.ratis.thirdparty.io.netty.channel.nio.NioEventLoop.processSelectedKey(NioEventLoop.java:632)
	at org.apache.ratis.thirdparty.io.netty.channel.nio.NioEventLoop.processSelectedKeysOptimized(NioEventLoop.java:579)
	at org.apache.ratis.thirdparty.io.netty.channel.nio.NioEventLoop.processSelectedKeys(NioEventLoop.java:496)
	at org.apache.ratis.thirdparty.io.netty.channel.nio.NioEventLoop.run(NioEventLoop.java:458)
	at org.apache.ratis.thirdparty.io.netty.util.concurrent.SingleThreadEventExecutor$5.run(SingleThreadEventExecutor.java:897)
	at org.apache.ratis.thirdparty.io.netty.util.concurrent.FastThreadLocalRunnable.run(FastThreadLocalRunnable.java:30)
	... 1 more
Caused by: java.net.ConnectException: Connection refused
	... 11 more
2019-08-29 00:13:22,741 [8e43d282-58ca-4330-8134-d5621fdf2dd0:group-CA5537E5D5C4:LeaderElection61] INFO  impl.RoleInfo (RoleInfo.java:shutdownLeaderElection(134)) - 8e43d282-58ca-4330-8134-d5621fdf2dd0: shutdown LeaderElection
2019-08-29 00:13:22,741 [8e43d282-58ca-4330-8134-d5621fdf2dd0:group-CA5537E5D5C4:LeaderElection61] INFO  impl.RaftServerImpl (RaftServerImpl.java:setRole(171)) - 8e43d282-58ca-4330-8134-d5621fdf2dd0:group-CA5537E5D5C4 changes role from CANDIDATE to LEADER at term 2 for changeToLeader
2019-08-29 00:13:22,741 [8e43d282-58ca-4330-8134-d5621fdf2dd0:group-CA5537E5D5C4:LeaderElection61] INFO  impl.RaftServerImpl (ServerState.java:setLeader(263)) - 8e43d282-58ca-4330-8134-d5621fdf2dd0:group-CA5537E5D5C4 change Leader from null to 8e43d282-58ca-4330-8134-d5621fdf2dd0 at term 2 for becomeLeader, leader elected after 40ms
2019-08-29 00:13:22,741 [8e43d282-58ca-4330-8134-d5621fdf2dd0:group-CA5537E5D5C4:LeaderElection61] INFO  server.RaftServerConfigKeys (ConfUtils.java:logGet(43)) - raft.server.staging.catchup.gap = 1000 (default)
2019-08-29 00:13:22,742 [8e43d282-58ca-4330-8134-d5621fdf2dd0:group-CA5537E5D5C4:LeaderElection61] INFO  server.RaftServerConfigKeys (ConfUtils.java:logGet(43)) - raft.server.rpc.sleep.time = 25ms (default)
2019-08-29 00:13:22,742 [8e43d282-58ca-4330-8134-d5621fdf2dd0:group-CA5537E5D5C4:LeaderElection61] INFO  server.RaftServerConfigKeys (ConfUtils.java:logGet(43)) - raft.server.write.element-limit = 4096 (default)
2019-08-29 00:13:22,742 [8e43d282-58ca-4330-8134-d5621fdf2dd0:group-CA5537E5D5C4:LeaderElection61] INFO  server.RaftServerConfigKeys (ConfUtils.java:logGet(43)) - raft.server.watch.timeout = 10s (default)
2019-08-29 00:13:22,742 [8e43d282-58ca-4330-8134-d5621fdf2dd0:group-CA5537E5D5C4:LeaderElection61] INFO  server.RaftServerConfigKeys (ConfUtils.java:logGet(43)) - raft.server.watch.timeout.denomination = 1s (default)
2019-08-29 00:13:22,742 [8e43d282-58ca-4330-8134-d5621fdf2dd0:group-CA5537E5D5C4:LeaderElection61] INFO  server.RaftServerConfigKeys (ConfUtils.java:logGet(43)) - raft.server.watch.element-limit = 65536 (default)
2019-08-29 00:13:22,743 [8e43d282-58ca-4330-8134-d5621fdf2dd0:group-CA5537E5D5C4:LeaderElection61] INFO  server.RaftServerConfigKeys (ConfUtils.java:logGet(43)) - raft.server.log.appender.snapshot.chunk.size.max = 16MB (=16777216) (default)
2019-08-29 00:13:22,743 [8e43d282-58ca-4330-8134-d5621fdf2dd0:group-CA5537E5D5C4:LeaderElection61] INFO  server.RaftServerConfigKeys (ConfUtils.java:logGet(43)) - raft.server.log.appender.buffer.byte-limit = 33554432 (custom)
2019-08-29 00:13:22,743 [8e43d282-58ca-4330-8134-d5621fdf2dd0:group-CA5537E5D5C4:LeaderElection61] INFO  server.RaftServerConfigKeys (ConfUtils.java:logGet(43)) - raft.server.log.appender.buffer.element-limit = 1 (custom)
2019-08-29 00:13:22,743 [8e43d282-58ca-4330-8134-d5621fdf2dd0:group-CA5537E5D5C4:LeaderElection61] INFO  grpc.GrpcConfigKeys$Server (ConfUtils.java:logGet(43)) - raft.grpc.server.leader.outstanding.appends.max = 128 (default)
2019-08-29 00:13:22,744 [8e43d282-58ca-4330-8134-d5621fdf2dd0:group-CA5537E5D5C4:LeaderElection61] INFO  server.RaftServerConfigKeys (ConfUtils.java:logGet(43)) - raft.server.rpc.request.timeout = 3000ms (default)
2019-08-29 00:13:22,744 [8e43d282-58ca-4330-8134-d5621fdf2dd0:group-CA5537E5D5C4:LeaderElection61] INFO  server.RaftServerConfigKeys (ConfUtils.java:logGet(43)) - raft.server.log.appender.install.snapshot.enabled = false (custom)
2019-08-29 00:13:22,744 [8e43d282-58ca-4330-8134-d5621fdf2dd0:group-CA5537E5D5C4:LeaderElection61] INFO  server.RaftServerConfigKeys (ConfUtils.java:logGet(43)) - raft.server.log.appender.snapshot.chunk.size.max = 16MB (=16777216) (default)
2019-08-29 00:13:22,744 [8e43d282-58ca-4330-8134-d5621fdf2dd0:group-CA5537E5D5C4:LeaderElection61] INFO  server.RaftServerConfigKeys (ConfUtils.java:logGet(43)) - raft.server.log.appender.buffer.byte-limit = 33554432 (custom)
2019-08-29 00:13:22,744 [8e43d282-58ca-4330-8134-d5621fdf2dd0:group-CA5537E5D5C4:LeaderElection61] INFO  server.RaftServerConfigKeys (ConfUtils.java:logGet(43)) - raft.server.log.appender.buffer.element-limit = 1 (custom)
2019-08-29 00:13:22,745 [8e43d282-58ca-4330-8134-d5621fdf2dd0:group-CA5537E5D5C4:LeaderElection61] INFO  grpc.GrpcConfigKeys$Server (ConfUtils.java:logGet(43)) - raft.grpc.server.leader.outstanding.appends.max = 128 (default)
2019-08-29 00:13:22,745 [8e43d282-58ca-4330-8134-d5621fdf2dd0:group-CA5537E5D5C4:LeaderElection61] INFO  server.RaftServerConfigKeys (ConfUtils.java:logGet(43)) - raft.server.rpc.request.timeout = 3000ms (default)
2019-08-29 00:13:22,745 [8e43d282-58ca-4330-8134-d5621fdf2dd0:group-CA5537E5D5C4:LeaderElection61] INFO  server.RaftServerConfigKeys (ConfUtils.java:logGet(43)) - raft.server.log.appender.install.snapshot.enabled = false (custom)
2019-08-29 00:13:22,745 [8e43d282-58ca-4330-8134-d5621fdf2dd0:group-CA5537E5D5C4:LeaderElection61] INFO  impl.RoleInfo (RoleInfo.java:updateAndGet(143)) - 8e43d282-58ca-4330-8134-d5621fdf2dd0: start LeaderState
2019-08-29 00:13:22,745 [8e43d282-58ca-4330-8134-d5621fdf2dd0:group-CA5537E5D5C4:LeaderElection61] INFO  segmented.SegmentedRaftLogWorker (SegmentedRaftLogWorker.java:rollLogSegment(385)) - 8e43d282-58ca-4330-8134-d5621fdf2dd0-SegmentedRaftLogWorker:Storage Directory /workdir/hadoop-ozone/integration-test/target/test-dir/MiniOzoneClusterImpl-3c083a2a-a42b-42af-b78a-3f3e8042569f/datanode-3/data/ratis/4206a6aa-f3e2-44a4-85cf-ca5537e5d5c4: Rolling segment log-0_15 to index:15
2019-08-29 00:13:22,746 [8e43d282-58ca-4330-8134-d5621fdf2dd0-SegmentedRaftLogWorker:Storage Directory /workdir/hadoop-ozone/integration-test/target/test-dir/MiniOzoneClusterImpl-3c083a2a-a42b-42af-b78a-3f3e8042569f/datanode-3/data/ratis/4206a6aa-f3e2-44a4-85cf-ca5537e5d5c4] INFO  segmented.SegmentedRaftLogWorker (SegmentedRaftLogWorker.java:execute(526)) - 8e43d282-58ca-4330-8134-d5621fdf2dd0-SegmentedRaftLogWorker:Storage Directory /workdir/hadoop-ozone/integration-test/target/test-dir/MiniOzoneClusterImpl-3c083a2a-a42b-42af-b78a-3f3e8042569f/datanode-3/data/ratis/4206a6aa-f3e2-44a4-85cf-ca5537e5d5c4: Rolled log segment from /workdir/hadoop-ozone/integration-test/target/test-dir/MiniOzoneClusterImpl-3c083a2a-a42b-42af-b78a-3f3e8042569f/datanode-3/data/ratis/4206a6aa-f3e2-44a4-85cf-ca5537e5d5c4/current/log_inprogress_0 to /workdir/hadoop-ozone/integration-test/target/test-dir/MiniOzoneClusterImpl-3c083a2a-a42b-42af-b78a-3f3e8042569f/datanode-3/data/ratis/4206a6aa-f3e2-44a4-85cf-ca5537e5d5c4/current/log_0-15
2019-08-29 00:13:22,747 [8e43d282-58ca-4330-8134-d5621fdf2dd0:group-CA5537E5D5C4:LeaderElection61] INFO  impl.RaftServerImpl (ServerState.java:setRaftConf(361)) - 8e43d282-58ca-4330-8134-d5621fdf2dd0:group-CA5537E5D5C4 set configuration 16: [8e43d282-58ca-4330-8134-d5621fdf2dd0:192.168.5.155:32795, 6f6426e5-ce14-4107-b742-6d33e6b5f757:192.168.5.155:40533, ab1f4f63-5220-4744-95d6-24db2fd27225:192.168.5.155:45611], old=null at 16
2019-08-29 00:13:22,747 [grpc-default-executor-1] WARN  server.GrpcLogAppender (LogUtils.java:warn(134)) - 8e43d282-58ca-4330-8134-d5621fdf2dd0->6f6426e5-ce14-4107-b742-6d33e6b5f757: Failed appendEntries: org.apache.ratis.thirdparty.io.grpc.StatusRuntimeException: UNAVAILABLE: io exception
2019-08-29 00:13:22,747 [grpc-default-executor-1] INFO  impl.FollowerInfo (FollowerInfo.java:lambda$new$0(50)) - 8e43d282-58ca-4330-8134-d5621fdf2dd0->6f6426e5-ce14-4107-b742-6d33e6b5f757: nextIndex: updateUnconditionally 16 -> 1
2019-08-29 00:13:22,748 [grpc-default-executor-7] INFO  impl.RaftServerImpl (ServerState.java:setLeader(263)) - ab1f4f63-5220-4744-95d6-24db2fd27225:group-CA5537E5D5C4 change Leader from null to 8e43d282-58ca-4330-8134-d5621fdf2dd0 at term 2 for appendEntries, leader elected after 24ms
2019-08-29 00:13:22,750 [grpc-default-executor-7] INFO  impl.RaftServerImpl (ServerState.java:setRaftConf(361)) - ab1f4f63-5220-4744-95d6-24db2fd27225:group-CA5537E5D5C4 set configuration 16: [8e43d282-58ca-4330-8134-d5621fdf2dd0:192.168.5.155:32795, 6f6426e5-ce14-4107-b742-6d33e6b5f757:192.168.5.155:40533, ab1f4f63-5220-4744-95d6-24db2fd27225:192.168.5.155:45611], old=null at 16
2019-08-29 00:13:22,751 [grpc-default-executor-7] INFO  segmented.SegmentedRaftLogWorker (SegmentedRaftLogWorker.java:rollLogSegment(385)) - ab1f4f63-5220-4744-95d6-24db2fd27225-SegmentedRaftLogWorker:Storage Directory /workdir/hadoop-ozone/integration-test/target/test-dir/MiniOzoneClusterImpl-3c083a2a-a42b-42af-b78a-3f3e8042569f/datanode-4/data/ratis/4206a6aa-f3e2-44a4-85cf-ca5537e5d5c4: Rolling segment log-0_15 to index:15
2019-08-29 00:13:22,751 [ab1f4f63-5220-4744-95d6-24db2fd27225-SegmentedRaftLogWorker:Storage Directory /workdir/hadoop-ozone/integration-test/target/test-dir/MiniOzoneClusterImpl-3c083a2a-a42b-42af-b78a-3f3e8042569f/datanode-4/data/ratis/4206a6aa-f3e2-44a4-85cf-ca5537e5d5c4] INFO  segmented.SegmentedRaftLogWorker (SegmentedRaftLogWorker.java:execute(526)) - ab1f4f63-5220-4744-95d6-24db2fd27225-SegmentedRaftLogWorker:Storage Directory /workdir/hadoop-ozone/integration-test/target/test-dir/MiniOzoneClusterImpl-3c083a2a-a42b-42af-b78a-3f3e8042569f/datanode-4/data/ratis/4206a6aa-f3e2-44a4-85cf-ca5537e5d5c4: Rolled log segment from /workdir/hadoop-ozone/integration-test/target/test-dir/MiniOzoneClusterImpl-3c083a2a-a42b-42af-b78a-3f3e8042569f/datanode-4/data/ratis/4206a6aa-f3e2-44a4-85cf-ca5537e5d5c4/current/log_inprogress_0 to /workdir/hadoop-ozone/integration-test/target/test-dir/MiniOzoneClusterImpl-3c083a2a-a42b-42af-b78a-3f3e8042569f/datanode-4/data/ratis/4206a6aa-f3e2-44a4-85cf-ca5537e5d5c4/current/log_0-15
2019-08-29 00:13:22,799 [8e43d282-58ca-4330-8134-d5621fdf2dd0-SegmentedRaftLogWorker:Storage Directory /workdir/hadoop-ozone/integration-test/target/test-dir/MiniOzoneClusterImpl-3c083a2a-a42b-42af-b78a-3f3e8042569f/datanode-3/data/ratis/4206a6aa-f3e2-44a4-85cf-ca5537e5d5c4] INFO  segmented.SegmentedRaftLogWorker (SegmentedRaftLogWorker.java:execute(569)) - 8e43d282-58ca-4330-8134-d5621fdf2dd0-SegmentedRaftLogWorker:Storage Directory /workdir/hadoop-ozone/integration-test/target/test-dir/MiniOzoneClusterImpl-3c083a2a-a42b-42af-b78a-3f3e8042569f/datanode-3/data/ratis/4206a6aa-f3e2-44a4-85cf-ca5537e5d5c4: created new log segment /workdir/hadoop-ozone/integration-test/target/test-dir/MiniOzoneClusterImpl-3c083a2a-a42b-42af-b78a-3f3e8042569f/datanode-3/data/ratis/4206a6aa-f3e2-44a4-85cf-ca5537e5d5c4/current/log_inprogress_16
2019-08-29 00:13:22,799 [ab1f4f63-5220-4744-95d6-24db2fd27225-SegmentedRaftLogWorker:Storage Directory /workdir/hadoop-ozone/integration-test/target/test-dir/MiniOzoneClusterImpl-3c083a2a-a42b-42af-b78a-3f3e8042569f/datanode-4/data/ratis/4206a6aa-f3e2-44a4-85cf-ca5537e5d5c4] INFO  segmented.SegmentedRaftLogWorker (SegmentedRaftLogWorker.java:execute(569)) - ab1f4f63-5220-4744-95d6-24db2fd27225-SegmentedRaftLogWorker:Storage Directory /workdir/hadoop-ozone/integration-test/target/test-dir/MiniOzoneClusterImpl-3c083a2a-a42b-42af-b78a-3f3e8042569f/datanode-4/data/ratis/4206a6aa-f3e2-44a4-85cf-ca5537e5d5c4: created new log segment /workdir/hadoop-ozone/integration-test/target/test-dir/MiniOzoneClusterImpl-3c083a2a-a42b-42af-b78a-3f3e8042569f/datanode-4/data/ratis/4206a6aa-f3e2-44a4-85cf-ca5537e5d5c4/current/log_inprogress_16
2019-08-29 00:13:22,817 | INFO  | DNAudit | user=null | ip=null | op=READ_CHUNK {blockData=conID: 1 locID: 102697375328305166 bcsId: 0} | ret=SUCCESS |  
2019-08-29 00:13:22,819 [grpc-default-executor-8] WARN  server.GrpcLogAppender (LogUtils.java:warn(134)) - 8e43d282-58ca-4330-8134-d5621fdf2dd0->6f6426e5-ce14-4107-b742-6d33e6b5f757: Failed appendEntries: org.apache.ratis.thirdparty.io.grpc.StatusRuntimeException: UNAVAILABLE: io exception
2019-08-29 00:13:22,820 [grpc-default-executor-8] INFO  impl.FollowerInfo (FollowerInfo.java:lambda$new$0(50)) - 8e43d282-58ca-4330-8134-d5621fdf2dd0->6f6426e5-ce14-4107-b742-6d33e6b5f757: nextIndex: updateUnconditionally 2 -> 1
2019-08-29 00:13:22,842 [grpc-default-executor-8] WARN  server.GrpcLogAppender (LogUtils.java:warn(134)) - 8e43d282-58ca-4330-8134-d5621fdf2dd0->6f6426e5-ce14-4107-b742-6d33e6b5f757: Failed appendEntries: org.apache.ratis.thirdparty.io.grpc.StatusRuntimeException: UNAVAILABLE: io exception
2019-08-29 00:13:22,842 [grpc-default-executor-8] INFO  impl.FollowerInfo (FollowerInfo.java:lambda$new$0(50)) - 8e43d282-58ca-4330-8134-d5621fdf2dd0->6f6426e5-ce14-4107-b742-6d33e6b5f757: nextIndex: updateUnconditionally 2 -> 1
2019-08-29 00:13:22,903 | INFO  | SCMAudit | user=jenkins1000 | ip=192.168.5.155 | op=SEND_HEARTBEAT {datanodeUUID=b00ef5df-dfe4-4d1e-9e05-2ba8895fcbfa, command=[]} | ret=SUCCESS |  
2019-08-29 00:13:22,967 | INFO  | SCMAudit | user=jenkins1000 | ip=192.168.5.155 | op=SEND_HEARTBEAT {datanodeUUID=5ffd9840-560f-4b42-b626-c678e699dff7, command=[]} | ret=SUCCESS |  
2019-08-29 00:13:23,022 | INFO  | SCMAudit | user=jenkins1000 | ip=192.168.5.155 | op=SEND_HEARTBEAT {datanodeUUID=ca0bbee5-09c3-476f-9e60-5d34583977c9, command=[]} | ret=SUCCESS |  
2019-08-29 00:13:23,076 [grpc-default-executor-8] INFO  client.GrpcClientProtocolClient (GrpcClientProtocolClient.java:onNext(255)) - client-19B02BC8B223->ab1f4f63-5220-4744-95d6-24db2fd27225: receive RaftClientReply:client-19B02BC8B223->ab1f4f63-5220-4744-95d6-24db2fd27225@group-CA5537E5D5C4, cid=184, FAILED org.apache.ratis.protocol.NotLeaderException: Server ab1f4f63-5220-4744-95d6-24db2fd27225 is not the leader (8e43d282-58ca-4330-8134-d5621fdf2dd0:192.168.5.155:32795). Request must be sent to leader., logIndex=0, commits[ab1f4f63-5220-4744-95d6-24db2fd27225:c16, 8e43d282-58ca-4330-8134-d5621fdf2dd0:c16, 6f6426e5-ce14-4107-b742-6d33e6b5f757:c15]
2019-08-29 00:13:23,081 | ERROR | DNAudit | user=null | ip=null | op=WRITE_CHUNK {blockData=conID: 1 locID: 102697375328305166 bcsId: 13} | ret=FAILURE | org.apache.hadoop.hdds.scm.container.common.helpers.ContainerNotOpenException: Container 1 in CLOSING state
	at org.apache.hadoop.ozone.container.common.impl.HddsDispatcher.validateContainerCommand(HddsDispatcher.java:408)
	at org.apache.hadoop.ozone.container.common.transport.server.ratis.ContainerStateMachine.startTransaction(ContainerStateMachine.java:310) 
2019-08-29 00:13:23,087 [grpc-default-executor-8] INFO  client.GrpcClientProtocolClient (GrpcClientProtocolClient.java:onNext(255)) - client-19B02BC8B223->8e43d282-58ca-4330-8134-d5621fdf2dd0: receive RaftClientReply:client-19B02BC8B223->8e43d282-58ca-4330-8134-d5621fdf2dd0@group-CA5537E5D5C4, cid=184, FAILED org.apache.ratis.protocol.StateMachineException: org.apache.hadoop.hdds.scm.container.common.helpers.ContainerNotOpenException from Server 8e43d282-58ca-4330-8134-d5621fdf2dd0: Container 1 in CLOSING state, logIndex=0, commits[8e43d282-58ca-4330-8134-d5621fdf2dd0:c17, 6f6426e5-ce14-4107-b742-6d33e6b5f757:c15, ab1f4f63-5220-4744-95d6-24db2fd27225:c16]
2019-08-29 00:13:23,088 | ERROR | DNAudit | user=null | ip=null | op=WRITE_CHUNK {blockData=conID: 1 locID: 102697375328305166 bcsId: 13} | ret=FAILURE | org.apache.hadoop.hdds.scm.container.common.helpers.ContainerNotOpenException: Container 1 in CLOSING state
	at org.apache.hadoop.ozone.container.common.impl.HddsDispatcher.validateContainerCommand(HddsDispatcher.java:408)
	at org.apache.hadoop.ozone.container.common.transport.server.ratis.ContainerStateMachine.startTransaction(ContainerStateMachine.java:310) 
2019-08-29 00:13:23,094 [grpc-default-executor-8] INFO  client.GrpcClientProtocolClient (GrpcClientProtocolClient.java:onNext(255)) - client-19B02BC8B223->8e43d282-58ca-4330-8134-d5621fdf2dd0: receive RaftClientReply:client-19B02BC8B223->8e43d282-58ca-4330-8134-d5621fdf2dd0@group-CA5537E5D5C4, cid=185, FAILED org.apache.ratis.protocol.StateMachineException: org.apache.hadoop.hdds.scm.container.common.helpers.ContainerNotOpenException from Server 8e43d282-58ca-4330-8134-d5621fdf2dd0: Container 1 in CLOSING state, logIndex=0, commits[8e43d282-58ca-4330-8134-d5621fdf2dd0:c17, 6f6426e5-ce14-4107-b742-6d33e6b5f757:c15, ab1f4f63-5220-4744-95d6-24db2fd27225:c16]
2019-08-29 00:13:23,094 | ERROR | DNAudit | user=null | ip=null | op=PUT_BLOCK {blockData=[blockId=conID: 1 locID: 102697375328305166 bcsId: 0,size=650]} | ret=FAILURE | org.apache.hadoop.hdds.scm.container.common.helpers.ContainerNotOpenException: Container 1 in CLOSING state
	at org.apache.hadoop.ozone.container.common.impl.HddsDispatcher.validateContainerCommand(HddsDispatcher.java:408)
	at org.apache.hadoop.ozone.container.common.transport.server.ratis.ContainerStateMachine.startTransaction(ContainerStateMachine.java:310) 
2019-08-29 00:13:23,095 | ERROR | DNAudit | user=null | ip=null | op=WRITE_CHUNK {blockData=conID: 1 locID: 102697375328305166 bcsId: 13} | ret=FAILURE | org.apache.hadoop.hdds.scm.container.common.helpers.ContainerNotOpenException: Container 1 in CLOSING state
	at org.apache.hadoop.ozone.container.common.impl.HddsDispatcher.validateContainerCommand(HddsDispatcher.java:408)
	at org.apache.hadoop.ozone.container.common.transport.server.ratis.ContainerStateMachine.startTransaction(ContainerStateMachine.java:310) 
2019-08-29 00:13:23,101 [grpc-default-executor-8] INFO  client.GrpcClientProtocolClient (GrpcClientProtocolClient.java:onNext(255)) - client-19B02BC8B223->8e43d282-58ca-4330-8134-d5621fdf2dd0: receive RaftClientReply:client-19B02BC8B223->8e43d282-58ca-4330-8134-d5621fdf2dd0@group-CA5537E5D5C4, cid=186, FAILED org.apache.ratis.protocol.StateMachineException: org.apache.hadoop.hdds.scm.container.common.helpers.ContainerNotOpenException from Server 8e43d282-58ca-4330-8134-d5621fdf2dd0: Container 1 in CLOSING state, logIndex=0, commits[8e43d282-58ca-4330-8134-d5621fdf2dd0:c17, 6f6426e5-ce14-4107-b742-6d33e6b5f757:c15, ab1f4f63-5220-4744-95d6-24db2fd27225:c16]
2019-08-29 00:13:23,102 | ERROR | DNAudit | user=null | ip=null | op=WRITE_CHUNK {blockData=conID: 1 locID: 102697375328305166 bcsId: 13} | ret=FAILURE | org.apache.hadoop.hdds.scm.container.common.helpers.ContainerNotOpenException: Container 1 in CLOSING state
	at org.apache.hadoop.ozone.container.common.impl.HddsDispatcher.validateContainerCommand(HddsDispatcher.java:408)
	at org.apache.hadoop.ozone.container.common.transport.server.ratis.ContainerStateMachine.startTransaction(ContainerStateMachine.java:310) 
2019-08-29 00:13:23,103 [grpc-default-executor-8] INFO  client.GrpcClientProtocolClient (GrpcClientProtocolClient.java:onNext(255)) - client-19B02BC8B223->8e43d282-58ca-4330-8134-d5621fdf2dd0: receive RaftClientReply:client-19B02BC8B223->8e43d282-58ca-4330-8134-d5621fdf2dd0@group-CA5537E5D5C4, cid=187, FAILED org.apache.ratis.protocol.StateMachineException: org.apache.hadoop.hdds.scm.container.common.helpers.ContainerNotOpenException from Server 8e43d282-58ca-4330-8134-d5621fdf2dd0: Container 1 in CLOSING state, logIndex=0, commits[8e43d282-58ca-4330-8134-d5621fdf2dd0:c17, 6f6426e5-ce14-4107-b742-6d33e6b5f757:c15, ab1f4f63-5220-4744-95d6-24db2fd27225:c16]
2019-08-29 00:13:23,109 [grpc-default-executor-8] INFO  client.GrpcClientProtocolClient (GrpcClientProtocolClient.java:onNext(255)) - client-19B02BC8B223->8e43d282-58ca-4330-8134-d5621fdf2dd0: receive RaftClientReply:client-19B02BC8B223->8e43d282-58ca-4330-8134-d5621fdf2dd0@group-CA5537E5D5C4, cid=188, FAILED org.apache.ratis.protocol.StateMachineException: org.apache.hadoop.hdds.scm.container.common.helpers.ContainerNotOpenException from Server 8e43d282-58ca-4330-8134-d5621fdf2dd0: Container 1 in CLOSING state, logIndex=0, commits[8e43d282-58ca-4330-8134-d5621fdf2dd0:c17, 6f6426e5-ce14-4107-b742-6d33e6b5f757:c15, ab1f4f63-5220-4744-95d6-24db2fd27225:c16]
2019-08-29 00:13:23,108 | ERROR | DNAudit | user=null | ip=null | op=PUT_BLOCK {blockData=[blockId=conID: 1 locID: 102697375328305166 bcsId: 0,size=800]} | ret=FAILURE | org.apache.hadoop.hdds.scm.container.common.helpers.ContainerNotOpenException: Container 1 in CLOSING state
	at org.apache.hadoop.ozone.container.common.impl.HddsDispatcher.validateContainerCommand(HddsDispatcher.java:408)
	at org.apache.hadoop.ozone.container.common.transport.server.ratis.ContainerStateMachine.startTransaction(ContainerStateMachine.java:310) 
2019-08-29 00:13:23,119 [grpc-default-executor-1] INFO  client.GrpcClientProtocolClient (GrpcClientProtocolClient.java:onNext(255)) - client-19B02BC8B223->8e43d282-58ca-4330-8134-d5621fdf2dd0: receive RaftClientReply:client-19B02BC8B223->8e43d282-58ca-4330-8134-d5621fdf2dd0@group-CA5537E5D5C4, cid=189, FAILED org.apache.ratis.protocol.StateMachineException: org.apache.hadoop.hdds.scm.container.common.helpers.ContainerNotOpenException from Server 8e43d282-58ca-4330-8134-d5621fdf2dd0: Container 1 in CLOSING state, logIndex=0, commits[8e43d282-58ca-4330-8134-d5621fdf2dd0:c17, 6f6426e5-ce14-4107-b742-6d33e6b5f757:c15, ab1f4f63-5220-4744-95d6-24db2fd27225:c16]
2019-08-29 00:13:23,144 | INFO  | SCMAudit | user=jenkins1000 | ip=127.0.0.1 | op=ALLOCATE_BLOCK {owner=40dce94b-245d-4d5f-a293-130cfab55326, size=800, type=RATIS, factor=THREE} | ret=SUCCESS |  
2019-08-29 00:13:23,145 | INFO  | OMAudit | user=jenkins1000 | ip=127.0.0.1 | op=ALLOCATE_BLOCK {volume=testblockoutputstream, bucket=testblockoutputstream, key=bbb54df3-57ef-4a65-ba2d-4c95e6aac7b0, dataSize=0, replicationType=null, replicationFactor=null, keyLocationInfo=null, clientID=102697375322406925} | ret=SUCCESS |  
2019-08-29 00:13:23,275 | INFO  | SCMAudit | user=jenkins1000 | ip=192.168.5.155 | op=SEND_HEARTBEAT {datanodeUUID=f23e32b5-1859-4d8d-ab6e-3ad369251285, command=[]} | ret=SUCCESS |  
2019-08-29 00:13:23,282 | INFO  | DNAudit | user=null | ip=null | op=WRITE_CHUNK {blockData=conID: 2 locID: 102697376359579663 bcsId: 0} | ret=SUCCESS |  
2019-08-29 00:13:23,282 | INFO  | DNAudit | user=null | ip=null | op=WRITE_CHUNK {blockData=conID: 2 locID: 102697376359579663 bcsId: 0} | ret=SUCCESS |  
2019-08-29 00:13:23,282 | INFO  | SCMAudit | user=jenkins1000 | ip=192.168.5.155 | op=SEND_HEARTBEAT {datanodeUUID=b00ef5df-dfe4-4d1e-9e05-2ba8895fcbfa, command=[]} | ret=SUCCESS |  
2019-08-29 00:13:23,282 | INFO  | DNAudit | user=null | ip=null | op=WRITE_CHUNK {blockData=conID: 2 locID: 102697376359579663 bcsId: 0} | ret=SUCCESS |  
2019-08-29 00:13:23,283 | INFO  | SCMAudit | user=jenkins1000 | ip=192.168.5.155 | op=SEND_HEARTBEAT {datanodeUUID=5ffd9840-560f-4b42-b626-c678e699dff7, command=[]} | ret=SUCCESS |  
2019-08-29 00:13:23,283 | INFO  | SCMAudit | user=jenkins1000 | ip=192.168.5.155 | op=SEND_HEARTBEAT {datanodeUUID=ca0bbee5-09c3-476f-9e60-5d34583977c9, command=[]} | ret=SUCCESS |  
2019-08-29 00:13:23,296 | INFO  | DNAudit | user=null | ip=null | op=WRITE_CHUNK {blockData=conID: 2 locID: 102697376359579663 bcsId: 0} | ret=SUCCESS |  
2019-08-29 00:13:23,300 [grpc-default-executor-1] INFO  client.GrpcClientProtocolClient (GrpcClientProtocolClient.java:onNext(255)) - client-E061EF951A05->5ffd9840-560f-4b42-b626-c678e699dff7: receive RaftClientReply:client-E061EF951A05->5ffd9840-560f-4b42-b626-c678e699dff7@group-3FF470AB4F1E, cid=190, SUCCESS, logIndex=1, commits[5ffd9840-560f-4b42-b626-c678e699dff7:c1, ca0bbee5-09c3-476f-9e60-5d34583977c9:c0, b00ef5df-dfe4-4d1e-9e05-2ba8895fcbfa:c0]
2019-08-29 00:13:23,306 | INFO  | DNAudit | user=null | ip=null | op=WRITE_CHUNK {blockData=conID: 2 locID: 102697376359579663 bcsId: 0} | ret=SUCCESS |  
2019-08-29 00:13:23,307 | INFO  | DNAudit | user=null | ip=null | op=WRITE_CHUNK {blockData=conID: 2 locID: 102697376359579663 bcsId: 0} | ret=SUCCESS |  
2019-08-29 00:13:23,307 | INFO  | DNAudit | user=null | ip=null | op=WRITE_CHUNK {blockData=conID: 2 locID: 102697376359579663 bcsId: 0} | ret=SUCCESS |  
2019-08-29 00:13:23,308 | INFO  | DNAudit | user=null | ip=null | op=WRITE_CHUNK {blockData=conID: 2 locID: 102697376359579663 bcsId: 0} | ret=SUCCESS |  
2019-08-29 00:13:23,308 | INFO  | DNAudit | user=null | ip=null | op=WRITE_CHUNK {blockData=conID: 2 locID: 102697376359579663 bcsId: 0} | ret=SUCCESS |  
2019-08-29 00:13:23,308 | INFO  | DNAudit | user=null | ip=null | op=WRITE_CHUNK {blockData=conID: 2 locID: 102697376359579663 bcsId: 0} | ret=SUCCESS |  
2019-08-29 00:13:23,309 | INFO  | DNAudit | user=null | ip=null | op=WRITE_CHUNK {blockData=conID: 2 locID: 102697376359579663 bcsId: 0} | ret=SUCCESS |  
2019-08-29 00:13:23,309 | INFO  | DNAudit | user=null | ip=null | op=WRITE_CHUNK {blockData=conID: 2 locID: 102697376359579663 bcsId: 0} | ret=SUCCESS |  
2019-08-29 00:13:23,309 | INFO  | DNAudit | user=null | ip=null | op=WRITE_CHUNK {blockData=conID: 2 locID: 102697376359579663 bcsId: 0} | ret=SUCCESS |  
2019-08-29 00:13:23,310 | INFO  | DNAudit | user=null | ip=null | op=WRITE_CHUNK {blockData=conID: 2 locID: 102697376359579663 bcsId: 0} | ret=SUCCESS |  
2019-08-29 00:13:23,310 | INFO  | DNAudit | user=null | ip=null | op=WRITE_CHUNK {blockData=conID: 2 locID: 102697376359579663 bcsId: 0} | ret=SUCCESS |  
2019-08-29 00:13:23,320 | INFO  | DNAudit | user=null | ip=null | op=WRITE_CHUNK {blockData=conID: 2 locID: 102697376359579663 bcsId: 0} | ret=SUCCESS |  
2019-08-29 00:13:23,324 | INFO  | DNAudit | user=null | ip=null | op=WRITE_CHUNK {blockData=conID: 2 locID: 102697376359579663 bcsId: 0} | ret=SUCCESS |  
2019-08-29 00:13:23,325 [grpc-default-executor-1] INFO  client.GrpcClientProtocolClient (GrpcClientProtocolClient.java:onNext(255)) - client-E061EF951A05->5ffd9840-560f-4b42-b626-c678e699dff7: receive RaftClientReply:client-E061EF951A05->5ffd9840-560f-4b42-b626-c678e699dff7@group-3FF470AB4F1E, cid=191, SUCCESS, logIndex=3, commits[5ffd9840-560f-4b42-b626-c678e699dff7:c4, ca0bbee5-09c3-476f-9e60-5d34583977c9:c1, b00ef5df-dfe4-4d1e-9e05-2ba8895fcbfa:c1]
2019-08-29 00:13:23,335 | INFO  | DNAudit | user=null | ip=null | op=WRITE_CHUNK {blockData=conID: 2 locID: 102697376359579663 bcsId: 0} | ret=SUCCESS |  
2019-08-29 00:13:23,367 | INFO  | DNAudit | user=null | ip=null | op=PUT_BLOCK {blockData=[blockId=conID: 2 locID: 102697376359579663 bcsId: 0,size=200]} | ret=SUCCESS |  
2019-08-29 00:13:23,368 | INFO  | DNAudit | user=null | ip=null | op=WRITE_CHUNK {blockData=conID: 2 locID: 102697376359579663 bcsId: 0} | ret=SUCCESS |  
2019-08-29 00:13:23,369 | INFO  | DNAudit | user=null | ip=null | op=WRITE_CHUNK {blockData=conID: 2 locID: 102697376359579663 bcsId: 0} | ret=SUCCESS |  
2019-08-29 00:13:23,368 [grpc-default-executor-1] INFO  client.GrpcClientProtocolClient (GrpcClientProtocolClient.java:onNext(255)) - client-E061EF951A05->5ffd9840-560f-4b42-b626-c678e699dff7: receive RaftClientReply:client-E061EF951A05->5ffd9840-560f-4b42-b626-c678e699dff7@group-3FF470AB4F1E, cid=192, SUCCESS, logIndex=4, commits[5ffd9840-560f-4b42-b626-c678e699dff7:c12, ca0bbee5-09c3-476f-9e60-5d34583977c9:c7, b00ef5df-dfe4-4d1e-9e05-2ba8895fcbfa:c7]
2019-08-29 00:13:23,370 [grpc-default-executor-1] INFO  client.GrpcClientProtocolClient (GrpcClientProtocolClient.java:onNext(255)) - client-E061EF951A05->5ffd9840-560f-4b42-b626-c678e699dff7: receive RaftClientReply:client-E061EF951A05->5ffd9840-560f-4b42-b626-c678e699dff7@group-3FF470AB4F1E, cid=193, SUCCESS, logIndex=5, commits[5ffd9840-560f-4b42-b626-c678e699dff7:c12, ca0bbee5-09c3-476f-9e60-5d34583977c9:c7, b00ef5df-dfe4-4d1e-9e05-2ba8895fcbfa:c7]
2019-08-29 00:13:23,370 [grpc-default-executor-1] INFO  client.GrpcClientProtocolClient (GrpcClientProtocolClient.java:onNext(255)) - client-E061EF951A05->5ffd9840-560f-4b42-b626-c678e699dff7: receive RaftClientReply:client-E061EF951A05->5ffd9840-560f-4b42-b626-c678e699dff7@group-3FF470AB4F1E, cid=194, SUCCESS, logIndex=6, commits[5ffd9840-560f-4b42-b626-c678e699dff7:c12, ca0bbee5-09c3-476f-9e60-5d34583977c9:c7, b00ef5df-dfe4-4d1e-9e05-2ba8895fcbfa:c7]
2019-08-29 00:13:23,423 | INFO  | DNAudit | user=null | ip=null | op=PUT_BLOCK {blockData=[blockId=conID: 2 locID: 102697376359579663 bcsId: 0,size=200]} | ret=SUCCESS |  
2019-08-29 00:13:23,423 | INFO  | DNAudit | user=null | ip=null | op=WRITE_CHUNK {blockData=conID: 2 locID: 102697376359579663 bcsId: 0} | ret=SUCCESS |  
2019-08-29 00:13:23,424 | INFO  | DNAudit | user=null | ip=null | op=WRITE_CHUNK {blockData=conID: 2 locID: 102697376359579663 bcsId: 0} | ret=SUCCESS |  
2019-08-29 00:13:23,483 | INFO  | DNAudit | user=null | ip=null | op=PUT_BLOCK {blockData=[blockId=conID: 2 locID: 102697376359579663 bcsId: 0,size=400]} | ret=SUCCESS |  
2019-08-29 00:13:23,483 | INFO  | DNAudit | user=null | ip=null | op=PUT_BLOCK {blockData=[blockId=conID: 2 locID: 102697376359579663 bcsId: 0,size=400]} | ret=SUCCESS |  
2019-08-29 00:13:23,483 | INFO  | DNAudit | user=null | ip=null | op=PUT_BLOCK {blockData=[blockId=conID: 2 locID: 102697376359579663 bcsId: 0,size=200]} | ret=SUCCESS |  
2019-08-29 00:13:23,484 | INFO  | DNAudit | user=null | ip=null | op=WRITE_CHUNK {blockData=conID: 2 locID: 102697376359579663 bcsId: 0} | ret=SUCCESS |  
2019-08-29 00:13:23,484 | INFO  | DNAudit | user=null | ip=null | op=WRITE_CHUNK {blockData=conID: 2 locID: 102697376359579663 bcsId: 0} | ret=SUCCESS |  
2019-08-29 00:13:23,485 | INFO  | DNAudit | user=null | ip=null | op=PUT_BLOCK {blockData=[blockId=conID: 2 locID: 102697376359579663 bcsId: 0,size=400]} | ret=SUCCESS |  
2019-08-29 00:13:23,485 [grpc-default-executor-1] INFO  client.GrpcClientProtocolClient (GrpcClientProtocolClient.java:onNext(255)) - client-E061EF951A05->5ffd9840-560f-4b42-b626-c678e699dff7: receive RaftClientReply:client-E061EF951A05->5ffd9840-560f-4b42-b626-c678e699dff7@group-3FF470AB4F1E, cid=195, SUCCESS, logIndex=7, commits[5ffd9840-560f-4b42-b626-c678e699dff7:c12, ca0bbee5-09c3-476f-9e60-5d34583977c9:c7, b00ef5df-dfe4-4d1e-9e05-2ba8895fcbfa:c7]
2019-08-29 00:13:23,488 | INFO  | DNAudit | user=null | ip=null | op=WRITE_CHUNK {blockData=conID: 2 locID: 102697376359579663 bcsId: 7} | ret=SUCCESS |  
2019-08-29 00:13:23,489 | INFO  | DNAudit | user=null | ip=null | op=WRITE_CHUNK {blockData=conID: 2 locID: 102697376359579663 bcsId: 7} | ret=SUCCESS |  
2019-08-29 00:13:23,490 | INFO  | DNAudit | user=null | ip=null | op=WRITE_CHUNK {blockData=conID: 2 locID: 102697376359579663 bcsId: 7} | ret=SUCCESS |  
2019-08-29 00:13:23,511 | INFO  | DNAudit | user=null | ip=null | op=WRITE_CHUNK {blockData=conID: 2 locID: 102697376359579663 bcsId: 7} | ret=SUCCESS |  
2019-08-29 00:13:23,512 | INFO  | DNAudit | user=null | ip=null | op=PUT_BLOCK {blockData=[blockId=conID: 2 locID: 102697376359579663 bcsId: 0,size=450]} | ret=SUCCESS |  
2019-08-29 00:13:23,512 [grpc-default-executor-7] INFO  client.GrpcClientProtocolClient (GrpcClientProtocolClient.java:onNext(255)) - client-E061EF951A05->5ffd9840-560f-4b42-b626-c678e699dff7: receive RaftClientReply:client-E061EF951A05->5ffd9840-560f-4b42-b626-c678e699dff7@group-3FF470AB4F1E, cid=196, SUCCESS, logIndex=13, commits[5ffd9840-560f-4b42-b626-c678e699dff7:c14, ca0bbee5-09c3-476f-9e60-5d34583977c9:c12, b00ef5df-dfe4-4d1e-9e05-2ba8895fcbfa:c12]
2019-08-29 00:13:23,513 [grpc-default-executor-7] INFO  client.GrpcClientProtocolClient (GrpcClientProtocolClient.java:onNext(255)) - client-E061EF951A05->5ffd9840-560f-4b42-b626-c678e699dff7: receive RaftClientReply:client-E061EF951A05->5ffd9840-560f-4b42-b626-c678e699dff7@group-3FF470AB4F1E, cid=197, SUCCESS, logIndex=14, commits[5ffd9840-560f-4b42-b626-c678e699dff7:c14, ca0bbee5-09c3-476f-9e60-5d34583977c9:c12, b00ef5df-dfe4-4d1e-9e05-2ba8895fcbfa:c12]
2019-08-29 00:13:23,523 | INFO  | DNAudit | user=null | ip=null | op=WRITE_CHUNK {blockData=conID: 2 locID: 102697376359579663 bcsId: 7} | ret=SUCCESS |  
2019-08-29 00:13:23,523 | INFO  | DNAudit | user=null | ip=null | op=WRITE_CHUNK {blockData=conID: 2 locID: 102697376359579663 bcsId: 7} | ret=SUCCESS |  
2019-08-29 00:13:23,523 | INFO  | DNAudit | user=null | ip=null | op=PUT_BLOCK {blockData=[blockId=conID: 2 locID: 102697376359579663 bcsId: 0,size=450]} | ret=SUCCESS |  
2019-08-29 00:13:23,524 | INFO  | DNAudit | user=null | ip=null | op=PUT_BLOCK {blockData=[blockId=conID: 2 locID: 102697376359579663 bcsId: 0,size=450]} | ret=SUCCESS |  
2019-08-29 00:13:23,527 [grpc-default-executor-7] INFO  client.GrpcClientProtocolClient (GrpcClientProtocolClient.java:onNext(255)) - client-E061EF951A05->5ffd9840-560f-4b42-b626-c678e699dff7: receive RaftClientReply:client-E061EF951A05->5ffd9840-560f-4b42-b626-c678e699dff7@group-3FF470AB4F1E, cid=198, SUCCESS, logIndex=0, commits[5ffd9840-560f-4b42-b626-c678e699dff7:c15, ca0bbee5-09c3-476f-9e60-5d34583977c9:c14, b00ef5df-dfe4-4d1e-9e05-2ba8895fcbfa:c14]
2019-08-29 00:13:23,528 [main] INFO  ozone.MiniOzoneClusterImpl (MiniOzoneClusterImpl.java:shutdown(307)) - Shutting down the Mini Ozone Cluster
2019-08-29 00:13:23,528 | INFO  | SCMAudit | user=null | ip=null | op=GET_SCM_INFO null | ret=SUCCESS |  
2019-08-29 00:13:23,528 [main] INFO  ozone.MiniOzoneClusterImpl (MiniOzoneClusterImpl.java:stop(322)) - Stopping the Mini Ozone Cluster
2019-08-29 00:13:23,528 [main] INFO  ozone.MiniOzoneClusterImpl (MiniOzoneClusterImpl.java:stop(324)) - Stopping the OzoneManager
2019-08-29 00:13:23,528 [main] INFO  ipc.Server (Server.java:stop(3082)) - Stopping server on 41014
2019-08-29 00:13:23,535 [IPC Server listener on 41014] INFO  ipc.Server (Server.java:run(1185)) - Stopping IPC Server listener on 41014
2019-08-29 00:13:23,539 [main] INFO  ratis.OzoneManagerDoubleBuffer (OzoneManagerDoubleBuffer.java:stop(248)) - Stopping OMDoubleBuffer flush thread
2019-08-29 00:13:23,539 [IPC Server Responder] INFO  ipc.Server (Server.java:run(1319)) - Stopping IPC Server Responder
2019-08-29 00:13:23,543 [OMDoubleBufferFlushThread] INFO  ratis.OzoneManagerDoubleBuffer (OzoneManagerDoubleBuffer.java:flushTransactions(191)) - OMDoubleBuffer flush thread OMDoubleBufferFlushThread is interrupted and will exit. OMDoubleBufferFlushThread
2019-08-29 00:13:23,551 [main] INFO  utils.BackgroundService (BackgroundService.java:shutdown(148)) - Shutting down service KeyDeletingService
2019-08-29 00:13:23,552 [main] INFO  handler.ContextHandler (ContextHandler.java:doStop(910)) - Stopped o.e.j.w.WebAppContext@2726a511{/,null,UNAVAILABLE}{/ozoneManager}
2019-08-29 00:13:23,553 [main] INFO  server.AbstractConnector (AbstractConnector.java:doStop(318)) - Stopped ServerConnector@72c9ebfa{HTTP/1.1,[http/1.1]}{0.0.0.0:0}
2019-08-29 00:13:23,553 [main] INFO  handler.ContextHandler (ContextHandler.java:doStop(910)) - Stopped o.e.j.s.ServletContextHandler@29bbc391{/static,file:///workdir/hadoop-ozone/integration-test/target/test-classes/webapps/static,UNAVAILABLE}
2019-08-29 00:13:23,554 [main] INFO  handler.ContextHandler (ContextHandler.java:doStop(910)) - Stopped o.e.j.s.ServletContextHandler@2b999ee8{/logs,file:///workdir/hadoop-ozone/integration-test/target/log,UNAVAILABLE}
2019-08-29 00:13:23,556 [main] INFO  ozone.MiniOzoneClusterImpl (MiniOzoneClusterImpl.java:stop(330)) - Shutting the HddsDatanodes
2019-08-29 00:13:23,702 [Datanode State Machine Thread - 0] INFO  statemachine.DatanodeStateMachine (DatanodeStateMachine.java:lambda$startDaemon$0(350)) - Ozone container server started.
2019-08-29 00:13:23,702 | INFO  | SCMAudit | user=jenkins1000 | ip=192.168.5.155 | op=SEND_HEARTBEAT {datanodeUUID=8e43d282-58ca-4330-8134-d5621fdf2dd0, command=[]} | ret=SUCCESS |  
2019-08-29 00:13:24,275 | INFO  | SCMAudit | user=jenkins1000 | ip=192.168.5.155 | op=SEND_HEARTBEAT {datanodeUUID=f23e32b5-1859-4d8d-ab6e-3ad369251285, command=[]} | ret=SUCCESS |  
2019-08-29 00:13:24,282 [Datanode State Machine Thread - 0] INFO  statemachine.DatanodeStateMachine (DatanodeStateMachine.java:lambda$startDaemon$0(350)) - Ozone container server started.
2019-08-29 00:13:24,283 | INFO  | SCMAudit | user=jenkins1000 | ip=192.168.5.155 | op=SEND_HEARTBEAT {datanodeUUID=b00ef5df-dfe4-4d1e-9e05-2ba8895fcbfa, command=[]} | ret=SUCCESS |  
2019-08-29 00:13:24,283 | INFO  | SCMAudit | user=jenkins1000 | ip=192.168.5.155 | op=SEND_HEARTBEAT {datanodeUUID=ca0bbee5-09c3-476f-9e60-5d34583977c9, command=[]} | ret=SUCCESS |  
2019-08-29 00:13:24,702 | INFO  | SCMAudit | user=jenkins1000 | ip=192.168.5.155 | op=SEND_HEARTBEAT {datanodeUUID=8e43d282-58ca-4330-8134-d5621fdf2dd0, command=[]} | ret=SUCCESS |  
2019-08-29 00:13:25,275 | INFO  | SCMAudit | user=jenkins1000 | ip=192.168.5.155 | op=SEND_HEARTBEAT {datanodeUUID=f23e32b5-1859-4d8d-ab6e-3ad369251285, command=[]} | ret=SUCCESS |  
2019-08-29 00:13:25,283 | INFO  | SCMAudit | user=jenkins1000 | ip=192.168.5.155 | op=SEND_HEARTBEAT {datanodeUUID=b00ef5df-dfe4-4d1e-9e05-2ba8895fcbfa, command=[]} | ret=SUCCESS |  
2019-08-29 00:13:25,283 | INFO  | SCMAudit | user=jenkins1000 | ip=192.168.5.155 | op=SEND_HEARTBEAT {datanodeUUID=ca0bbee5-09c3-476f-9e60-5d34583977c9, command=[]} | ret=SUCCESS |  
2019-08-29 00:13:25,343 [grpc-default-executor-1] WARN  server.GrpcLogAppender (LogUtils.java:warn(134)) - 8e43d282-58ca-4330-8134-d5621fdf2dd0->6f6426e5-ce14-4107-b742-6d33e6b5f757: Failed appendEntries: org.apache.ratis.thirdparty.io.grpc.StatusRuntimeException: UNAVAILABLE: io exception
2019-08-29 00:13:25,343 [grpc-default-executor-1] INFO  impl.FollowerInfo (FollowerInfo.java:lambda$new$0(50)) - 8e43d282-58ca-4330-8134-d5621fdf2dd0->6f6426e5-ce14-4107-b742-6d33e6b5f757: nextIndex: updateUnconditionally 1 -> 0
2019-08-29 00:13:25,701 | INFO  | SCMAudit | user=jenkins1000 | ip=192.168.5.155 | op=SEND_HEARTBEAT {datanodeUUID=8e43d282-58ca-4330-8134-d5621fdf2dd0, command=[]} | ret=SUCCESS |  
2019-08-29 00:13:26,275 | INFO  | SCMAudit | user=jenkins1000 | ip=192.168.5.155 | op=SEND_HEARTBEAT {datanodeUUID=f23e32b5-1859-4d8d-ab6e-3ad369251285, command=[]} | ret=SUCCESS |  
2019-08-29 00:13:26,283 | INFO  | SCMAudit | user=jenkins1000 | ip=192.168.5.155 | op=SEND_HEARTBEAT {datanodeUUID=b00ef5df-dfe4-4d1e-9e05-2ba8895fcbfa, command=[]} | ret=SUCCESS |  
2019-08-29 00:13:26,283 | INFO  | SCMAudit | user=jenkins1000 | ip=192.168.5.155 | op=SEND_HEARTBEAT {datanodeUUID=ca0bbee5-09c3-476f-9e60-5d34583977c9, command=[]} | ret=SUCCESS |  
2019-08-29 00:13:26,702 | INFO  | SCMAudit | user=jenkins1000 | ip=192.168.5.155 | op=SEND_HEARTBEAT {datanodeUUID=8e43d282-58ca-4330-8134-d5621fdf2dd0, command=[]} | ret=SUCCESS |  
2019-08-29 00:13:27,275 | INFO  | SCMAudit | user=jenkins1000 | ip=192.168.5.155 | op=SEND_HEARTBEAT {datanodeUUID=f23e32b5-1859-4d8d-ab6e-3ad369251285, command=[]} | ret=SUCCESS |  
2019-08-29 00:13:27,283 | INFO  | SCMAudit | user=jenkins1000 | ip=192.168.5.155 | op=SEND_HEARTBEAT {datanodeUUID=ca0bbee5-09c3-476f-9e60-5d34583977c9, command=[]} | ret=SUCCESS |  
2019-08-29 00:13:27,283 | INFO  | SCMAudit | user=jenkins1000 | ip=192.168.5.155 | op=SEND_HEARTBEAT {datanodeUUID=b00ef5df-dfe4-4d1e-9e05-2ba8895fcbfa, command=[]} | ret=SUCCESS |  
2019-08-29 00:13:27,702 | INFO  | SCMAudit | user=jenkins1000 | ip=192.168.5.155 | op=SEND_HEARTBEAT {datanodeUUID=8e43d282-58ca-4330-8134-d5621fdf2dd0, command=[]} | ret=SUCCESS |  
2019-08-29 00:13:27,795 [EventQueue-StaleNodeForStaleNodeHandler] INFO  node.StaleNodeHandler (StaleNodeHandler.java:onMessage(58)) - Datanode ab1f4f63-5220-4744-95d6-24db2fd27225{ip: 192.168.5.155, host: pr-hdds-2053-lkbb5-4073252909, networkLocation: /default-rack, certSerialId: null} moved to stale state. Finalizing its pipelines [PipelineID=4206a6aa-f3e2-44a4-85cf-ca5537e5d5c4, PipelineID=c67a0c4a-b172-4636-b3dc-d68be58f7e0b]
2019-08-29 00:13:27,795 [EventQueue-StaleNodeForStaleNodeHandler] INFO  pipeline.SCMPipelineManager (SCMPipelineManager.java:finalizeAndDestroyPipeline(309)) - destroying pipeline:Pipeline[ Id: 4206a6aa-f3e2-44a4-85cf-ca5537e5d5c4, Nodes: 6f6426e5-ce14-4107-b742-6d33e6b5f757{ip: 192.168.5.155, host: pr-hdds-2053-lkbb5-4073252909, networkLocation: /default-rack, certSerialId: null}8e43d282-58ca-4330-8134-d5621fdf2dd0{ip: 192.168.5.155, host: pr-hdds-2053-lkbb5-4073252909, networkLocation: /default-rack, certSerialId: null}ab1f4f63-5220-4744-95d6-24db2fd27225{ip: 192.168.5.155, host: pr-hdds-2053-lkbb5-4073252909, networkLocation: /default-rack, certSerialId: null}, Type:RATIS, Factor:THREE, State:CLOSED]
2019-08-29 00:13:27,795 [EventQueue-StaleNodeForStaleNodeHandler] INFO  pipeline.SCMPipelineManager (SCMPipelineManager.java:finalizeAndDestroyPipeline(309)) - destroying pipeline:Pipeline[ Id: c67a0c4a-b172-4636-b3dc-d68be58f7e0b, Nodes: ab1f4f63-5220-4744-95d6-24db2fd27225{ip: 192.168.5.155, host: pr-hdds-2053-lkbb5-4073252909, networkLocation: /default-rack, certSerialId: null}, Type:RATIS, Factor:ONE, State:OPEN]
2019-08-29 00:13:27,796 [EventQueue-StaleNodeForStaleNodeHandler] INFO  pipeline.PipelineStateManager (PipelineStateManager.java:finalizePipeline(123)) - Pipeline Pipeline[ Id: c67a0c4a-b172-4636-b3dc-d68be58f7e0b, Nodes: ab1f4f63-5220-4744-95d6-24db2fd27225{ip: 192.168.5.155, host: pr-hdds-2053-lkbb5-4073252909, networkLocation: /default-rack, certSerialId: null}, Type:RATIS, Factor:ONE, State:CLOSED] moved to CLOSED state
2019-08-29 00:13:27,843 [grpc-default-executor-8] WARN  server.GrpcLogAppender (LogUtils.java:warn(134)) - 8e43d282-58ca-4330-8134-d5621fdf2dd0->6f6426e5-ce14-4107-b742-6d33e6b5f757: Failed appendEntries: org.apache.ratis.thirdparty.io.grpc.StatusRuntimeException: UNAVAILABLE: io exception
2019-08-29 00:13:27,844 [grpc-default-executor-8] INFO  impl.FollowerInfo (FollowerInfo.java:lambda$new$0(50)) - 8e43d282-58ca-4330-8134-d5621fdf2dd0->6f6426e5-ce14-4107-b742-6d33e6b5f757: nextIndex: updateUnconditionally 0 -> 0
2019-08-29 00:13:28,275 | INFO  | SCMAudit | user=jenkins1000 | ip=192.168.5.155 | op=SEND_HEARTBEAT {datanodeUUID=f23e32b5-1859-4d8d-ab6e-3ad369251285, command=[]} | ret=SUCCESS |  
2019-08-29 00:13:28,283 | INFO  | SCMAudit | user=jenkins1000 | ip=192.168.5.155 | op=SEND_HEARTBEAT {datanodeUUID=b00ef5df-dfe4-4d1e-9e05-2ba8895fcbfa, command=[]} | ret=SUCCESS |  
2019-08-29 00:13:28,283 | INFO  | SCMAudit | user=jenkins1000 | ip=192.168.5.155 | op=SEND_HEARTBEAT {datanodeUUID=ca0bbee5-09c3-476f-9e60-5d34583977c9, command=[]} | ret=SUCCESS |  
2019-08-29 00:13:28,295 [EventQueue-StaleNodeForStaleNodeHandler] INFO  node.StaleNodeHandler (StaleNodeHandler.java:onMessage(58)) - Datanode 5ffd9840-560f-4b42-b626-c678e699dff7{ip: 192.168.5.155, host: pr-hdds-2053-lkbb5-4073252909, networkLocation: /default-rack, certSerialId: null} moved to stale state. Finalizing its pipelines [PipelineID=65a19bec-6cf9-4268-9770-9f6c7da456a4, PipelineID=a7ff0b15-756b-42ba-82b6-3ff470ab4f1e]
2019-08-29 00:13:28,295 [EventQueue-StaleNodeForStaleNodeHandler] INFO  pipeline.SCMPipelineManager (SCMPipelineManager.java:finalizeAndDestroyPipeline(309)) - destroying pipeline:Pipeline[ Id: 65a19bec-6cf9-4268-9770-9f6c7da456a4, Nodes: 5ffd9840-560f-4b42-b626-c678e699dff7{ip: 192.168.5.155, host: pr-hdds-2053-lkbb5-4073252909, networkLocation: /default-rack, certSerialId: null}, Type:RATIS, Factor:ONE, State:OPEN]
2019-08-29 00:13:28,296 [EventQueue-StaleNodeForStaleNodeHandler] INFO  pipeline.PipelineStateManager (PipelineStateManager.java:finalizePipeline(123)) - Pipeline Pipeline[ Id: 65a19bec-6cf9-4268-9770-9f6c7da456a4, Nodes: 5ffd9840-560f-4b42-b626-c678e699dff7{ip: 192.168.5.155, host: pr-hdds-2053-lkbb5-4073252909, networkLocation: /default-rack, certSerialId: null}, Type:RATIS, Factor:ONE, State:CLOSED] moved to CLOSED state
2019-08-29 00:13:28,296 [EventQueue-StaleNodeForStaleNodeHandler] INFO  pipeline.SCMPipelineManager (SCMPipelineManager.java:finalizeAndDestroyPipeline(309)) - destroying pipeline:Pipeline[ Id: a7ff0b15-756b-42ba-82b6-3ff470ab4f1e, Nodes: 5ffd9840-560f-4b42-b626-c678e699dff7{ip: 192.168.5.155, host: pr-hdds-2053-lkbb5-4073252909, networkLocation: /default-rack, certSerialId: null}b00ef5df-dfe4-4d1e-9e05-2ba8895fcbfa{ip: 192.168.5.155, host: pr-hdds-2053-lkbb5-4073252909, networkLocation: /default-rack, certSerialId: null}ca0bbee5-09c3-476f-9e60-5d34583977c9{ip: 192.168.5.155, host: pr-hdds-2053-lkbb5-4073252909, networkLocation: /default-rack, certSerialId: null}, Type:RATIS, Factor:THREE, State:OPEN]
2019-08-29 00:13:28,296 [EventQueue-StaleNodeForStaleNodeHandler] INFO  pipeline.PipelineStateManager (PipelineStateManager.java:finalizePipeline(123)) - Pipeline Pipeline[ Id: a7ff0b15-756b-42ba-82b6-3ff470ab4f1e, Nodes: 5ffd9840-560f-4b42-b626-c678e699dff7{ip: 192.168.5.155, host: pr-hdds-2053-lkbb5-4073252909, networkLocation: /default-rack, certSerialId: null}b00ef5df-dfe4-4d1e-9e05-2ba8895fcbfa{ip: 192.168.5.155, host: pr-hdds-2053-lkbb5-4073252909, networkLocation: /default-rack, certSerialId: null}ca0bbee5-09c3-476f-9e60-5d34583977c9{ip: 192.168.5.155, host: pr-hdds-2053-lkbb5-4073252909, networkLocation: /default-rack, certSerialId: null}, Type:RATIS, Factor:THREE, State:CLOSED] moved to CLOSED state
2019-08-29 00:13:28,297 [EventQueue-CloseContainerForCloseContainerEventHandler] INFO  container.CloseContainerEventHandler (CloseContainerEventHandler.java:onMessage(61)) - Close container Event triggered for container : #2
2019-08-29 00:13:28,557 [ForkJoinPool.commonPool-worker-1] INFO  ozoneimpl.OzoneContainer (OzoneContainer.java:stop(215)) - Attempting to stop container services.
2019-08-29 00:13:28,557 [main] INFO  ozoneimpl.OzoneContainer (OzoneContainer.java:stop(215)) - Attempting to stop container services.
2019-08-29 00:13:28,558 [ForkJoinPool.commonPool-worker-1] INFO  impl.RaftServerProxy (RaftServerProxy.java:lambda$close$4(314)) - 5ffd9840-560f-4b42-b626-c678e699dff7: close
2019-08-29 00:13:28,558 [main] INFO  impl.RaftServerProxy (RaftServerProxy.java:lambda$close$4(314)) - ab1f4f63-5220-4744-95d6-24db2fd27225: close
2019-08-29 00:13:28,558 [ForkJoinPool.commonPool-worker-1] INFO  impl.RaftServerImpl (RaftServerImpl.java:lambda$shutdown$3(245)) - 5ffd9840-560f-4b42-b626-c678e699dff7: shutdown group-9F6C7DA456A4
2019-08-29 00:13:28,559 [main] INFO  impl.RaftServerImpl (RaftServerImpl.java:lambda$shutdown$3(245)) - ab1f4f63-5220-4744-95d6-24db2fd27225: shutdown group-CA5537E5D5C4
2019-08-29 00:13:28,559 [ForkJoinPool.commonPool-worker-1] INFO  util.JmxRegister (JmxRegister.java:unregister(73)) - Successfully un-registered JMX Bean with object name Ratis:service=RaftServer,group=group-9F6C7DA456A4,id=5ffd9840-560f-4b42-b626-c678e699dff7
2019-08-29 00:13:28,559 [main] INFO  util.JmxRegister (JmxRegister.java:unregister(73)) - Successfully un-registered JMX Bean with object name Ratis:service=RaftServer,group=group-CA5537E5D5C4,id=ab1f4f63-5220-4744-95d6-24db2fd27225
2019-08-29 00:13:28,559 [ForkJoinPool.commonPool-worker-1] INFO  impl.RoleInfo (RoleInfo.java:shutdownLeaderState(104)) - 5ffd9840-560f-4b42-b626-c678e699dff7: shutdown LeaderState
2019-08-29 00:13:28,560 [main] INFO  impl.RoleInfo (RoleInfo.java:shutdownFollowerState(121)) - ab1f4f63-5220-4744-95d6-24db2fd27225: shutdown FollowerState
2019-08-29 00:13:28,560 [ForkJoinPool.commonPool-worker-1] INFO  impl.PendingRequests (PendingRequests.java:sendNotLeaderResponses(202)) - 5ffd9840-560f-4b42-b626-c678e699dff7-PendingRequests: sendNotLeaderResponses
2019-08-29 00:13:28,560 [main] INFO  impl.StateMachineUpdater (StateMachineUpdater.java:stopAndJoin(115)) - StateMachineUpdater:ab1f4f63-5220-4744-95d6-24db2fd27225:group-CA5537E5D5C4: set stopIndex = 17
2019-08-29 00:13:28,560 [ForkJoinPool.commonPool-worker-1] INFO  impl.StateMachineUpdater (StateMachineUpdater.java:stopAndJoin(115)) - StateMachineUpdater:5ffd9840-560f-4b42-b626-c678e699dff7:group-9F6C7DA456A4: set stopIndex = 0
2019-08-29 00:13:28,561 [ForkJoinPool.commonPool-worker-1] INFO  impl.RaftServerImpl (ServerState.java:close(394)) - 5ffd9840-560f-4b42-b626-c678e699dff7:group-9F6C7DA456A4 closes. The last applied log index is 0
2019-08-29 00:13:28,560 [Thread-3464] INFO  impl.FollowerState (FollowerState.java:run(114)) - ab1f4f63-5220-4744-95d6-24db2fd27225: FollowerState was interrupted: java.lang.InterruptedException: sleep interrupted
2019-08-29 00:13:28,561 [5ffd9840-560f-4b42-b626-c678e699dff7-SegmentedRaftLogWorker:Storage Directory /workdir/hadoop-ozone/integration-test/target/test-dir/MiniOzoneClusterImpl-3c083a2a-a42b-42af-b78a-3f3e8042569f/datanode-1/data/ratis/65a19bec-6cf9-4268-9770-9f6c7da456a4] INFO  segmented.SegmentedRaftLogWorker (SegmentedRaftLogWorker.java:run(313)) - 5ffd9840-560f-4b42-b626-c678e699dff7-SegmentedRaftLogWorker:Storage Directory /workdir/hadoop-ozone/integration-test/target/test-dir/MiniOzoneClusterImpl-3c083a2a-a42b-42af-b78a-3f3e8042569f/datanode-1/data/ratis/65a19bec-6cf9-4268-9770-9f6c7da456a4 was interrupted, exiting. There are 0 tasks remaining in the queue.
2019-08-29 00:13:28,560 [StateMachineUpdater:ab1f4f63-5220-4744-95d6-24db2fd27225:group-CA5537E5D5C4] INFO  ratis.ContainerStateMachine (ContainerStateMachine.java:takeSnapshot(284)) - group-CA5537E5D5C4: Taking a snapshot at:(t:1, i:13) file /workdir/hadoop-ozone/integration-test/target/test-dir/MiniOzoneClusterImpl-3c083a2a-a42b-42af-b78a-3f3e8042569f/datanode-4/data/ratis/4206a6aa-f3e2-44a4-85cf-ca5537e5d5c4/sm/snapshot.1_13
2019-08-29 00:13:28,566 [ForkJoinPool.commonPool-worker-1] INFO  segmented.SegmentedRaftLogWorker (SegmentedRaftLogWorker.java:close(228)) - 5ffd9840-560f-4b42-b626-c678e699dff7-SegmentedRaftLogWorker:Storage Directory /workdir/hadoop-ozone/integration-test/target/test-dir/MiniOzoneClusterImpl-3c083a2a-a42b-42af-b78a-3f3e8042569f/datanode-1/data/ratis/65a19bec-6cf9-4268-9770-9f6c7da456a4 close()
2019-08-29 00:13:28,569 [ForkJoinPool.commonPool-worker-1] INFO  impl.RaftServerImpl (RaftServerImpl.java:lambda$shutdown$3(245)) - 5ffd9840-560f-4b42-b626-c678e699dff7: shutdown group-3FF470AB4F1E
2019-08-29 00:13:28,569 [ForkJoinPool.commonPool-worker-1] INFO  util.JmxRegister (JmxRegister.java:unregister(73)) - Successfully un-registered JMX Bean with object name Ratis:service=RaftServer,group=group-3FF470AB4F1E,id=5ffd9840-560f-4b42-b626-c678e699dff7
2019-08-29 00:13:28,569 [ForkJoinPool.commonPool-worker-1] INFO  impl.RoleInfo (RoleInfo.java:shutdownLeaderState(104)) - 5ffd9840-560f-4b42-b626-c678e699dff7: shutdown LeaderState
2019-08-29 00:13:28,573 [ForkJoinPool.commonPool-worker-1] INFO  impl.PendingRequests (PendingRequests.java:sendNotLeaderResponses(202)) - 5ffd9840-560f-4b42-b626-c678e699dff7-PendingRequests: sendNotLeaderResponses
2019-08-29 00:13:28,573 [org.apache.ratis.server.impl.LogAppender$AppenderDaemon$$Lambda$513/1837297001@2c22be08] WARN  server.GrpcLogAppender (GrpcLogAppender.java:mayWait(143)) - GrpcLogAppender(5ffd9840-560f-4b42-b626-c678e699dff7->b00ef5df-dfe4-4d1e-9e05-2ba8895fcbfa): Wait interrupted by java.lang.InterruptedException
2019-08-29 00:13:28,574 [ForkJoinPool.commonPool-worker-1] INFO  impl.StateMachineUpdater (StateMachineUpdater.java:stopAndJoin(115)) - StateMachineUpdater:5ffd9840-560f-4b42-b626-c678e699dff7:group-3FF470AB4F1E: set stopIndex = 16
2019-08-29 00:13:28,573 [org.apache.ratis.server.impl.LogAppender$AppenderDaemon$$Lambda$513/1837297001@69202d48] WARN  server.GrpcLogAppender (GrpcLogAppender.java:mayWait(143)) - GrpcLogAppender(5ffd9840-560f-4b42-b626-c678e699dff7->ca0bbee5-09c3-476f-9e60-5d34583977c9): Wait interrupted by java.lang.InterruptedException
2019-08-29 00:13:28,575 [StateMachineUpdater:5ffd9840-560f-4b42-b626-c678e699dff7:group-3FF470AB4F1E] INFO  ratis.ContainerStateMachine (ContainerStateMachine.java:takeSnapshot(284)) - group-3FF470AB4F1E: Taking a snapshot at:(t:1, i:14) file /workdir/hadoop-ozone/integration-test/target/test-dir/MiniOzoneClusterImpl-3c083a2a-a42b-42af-b78a-3f3e8042569f/datanode-1/data/ratis/a7ff0b15-756b-42ba-82b6-3ff470ab4f1e/sm/snapshot.1_14
2019-08-29 00:13:28,575 [grpc-default-executor-8] INFO  server.GrpcServerProtocolService (GrpcServerProtocolService.java:onCompleted(104)) - b00ef5df-dfe4-4d1e-9e05-2ba8895fcbfa: appendEntries completed
2019-08-29 00:13:28,575 [grpc-default-executor-1] INFO  server.GrpcServerProtocolService (GrpcServerProtocolService.java:onCompleted(104)) - ca0bbee5-09c3-476f-9e60-5d34583977c9: appendEntries completed
2019-08-29 00:13:28,575 [grpc-default-executor-1] INFO  server.GrpcLogAppender (GrpcLogAppender.java:onCompleted(292)) - 5ffd9840-560f-4b42-b626-c678e699dff7->b00ef5df-dfe4-4d1e-9e05-2ba8895fcbfa: follower responses appendEntries COMPLETED
2019-08-29 00:13:28,575 [grpc-default-executor-8] INFO  server.GrpcLogAppender (GrpcLogAppender.java:onCompleted(292)) - 5ffd9840-560f-4b42-b626-c678e699dff7->ca0bbee5-09c3-476f-9e60-5d34583977c9: follower responses appendEntries COMPLETED
2019-08-29 00:13:28,576 [grpc-default-executor-1] INFO  impl.FollowerInfo (FollowerInfo.java:lambda$new$0(50)) - 5ffd9840-560f-4b42-b626-c678e699dff7->b00ef5df-dfe4-4d1e-9e05-2ba8895fcbfa: nextIndex: updateUnconditionally 17 -> 16
2019-08-29 00:13:28,576 [grpc-default-executor-8] INFO  impl.FollowerInfo (FollowerInfo.java:lambda$new$0(50)) - 5ffd9840-560f-4b42-b626-c678e699dff7->ca0bbee5-09c3-476f-9e60-5d34583977c9: nextIndex: updateUnconditionally 17 -> 16
2019-08-29 00:13:28,604 [StateMachineUpdater:5ffd9840-560f-4b42-b626-c678e699dff7:group-3FF470AB4F1E] INFO  ratis.ContainerStateMachine (ContainerStateMachine.java:takeSnapshot(295)) - group-3FF470AB4F1E: Finished taking a snapshot at:(t:1, i:14) file:/workdir/hadoop-ozone/integration-test/target/test-dir/MiniOzoneClusterImpl-3c083a2a-a42b-42af-b78a-3f3e8042569f/datanode-1/data/ratis/a7ff0b15-756b-42ba-82b6-3ff470ab4f1e/sm/snapshot.1_14 time:30
2019-08-29 00:13:28,605 [StateMachineUpdater:5ffd9840-560f-4b42-b626-c678e699dff7:group-3FF470AB4F1E] INFO  impl.StateMachineUpdater (StateMachineUpdater.java:takeSnapshot(242)) - StateMachineUpdater:5ffd9840-560f-4b42-b626-c678e699dff7:group-3FF470AB4F1E: Took a snapshot at index 14
2019-08-29 00:13:28,604 [StateMachineUpdater:ab1f4f63-5220-4744-95d6-24db2fd27225:group-CA5537E5D5C4] INFO  ratis.ContainerStateMachine (ContainerStateMachine.java:takeSnapshot(295)) - group-CA5537E5D5C4: Finished taking a snapshot at:(t:1, i:13) file:/workdir/hadoop-ozone/integration-test/target/test-dir/MiniOzoneClusterImpl-3c083a2a-a42b-42af-b78a-3f3e8042569f/datanode-4/data/ratis/4206a6aa-f3e2-44a4-85cf-ca5537e5d5c4/sm/snapshot.1_13 time:44
2019-08-29 00:13:28,605 [StateMachineUpdater:5ffd9840-560f-4b42-b626-c678e699dff7:group-3FF470AB4F1E] INFO  impl.StateMachineUpdater (StateMachineUpdater.java:lambda$new$0(80)) - StateMachineUpdater:5ffd9840-560f-4b42-b626-c678e699dff7:group-3FF470AB4F1E: snapshotIndex: updateIncreasingly -1 -> 14
2019-08-29 00:13:28,605 [StateMachineUpdater:ab1f4f63-5220-4744-95d6-24db2fd27225:group-CA5537E5D5C4] INFO  impl.StateMachineUpdater (StateMachineUpdater.java:takeSnapshot(242)) - StateMachineUpdater:ab1f4f63-5220-4744-95d6-24db2fd27225:group-CA5537E5D5C4: Took a snapshot at index 13
2019-08-29 00:13:28,605 [StateMachineUpdater:ab1f4f63-5220-4744-95d6-24db2fd27225:group-CA5537E5D5C4] INFO  impl.StateMachineUpdater (StateMachineUpdater.java:lambda$new$0(80)) - StateMachineUpdater:ab1f4f63-5220-4744-95d6-24db2fd27225:group-CA5537E5D5C4: snapshotIndex: updateIncreasingly -1 -> 13
2019-08-29 00:13:28,605 [ForkJoinPool.commonPool-worker-1] INFO  impl.RaftServerImpl (ServerState.java:close(394)) - 5ffd9840-560f-4b42-b626-c678e699dff7:group-3FF470AB4F1E closes. The last applied log index is 16
2019-08-29 00:13:28,605 [main] INFO  impl.RaftServerImpl (ServerState.java:close(394)) - ab1f4f63-5220-4744-95d6-24db2fd27225:group-CA5537E5D5C4 closes. The last applied log index is 17
2019-08-29 00:13:28,606 [5ffd9840-560f-4b42-b626-c678e699dff7-SegmentedRaftLogWorker:Storage Directory /workdir/hadoop-ozone/integration-test/target/test-dir/MiniOzoneClusterImpl-3c083a2a-a42b-42af-b78a-3f3e8042569f/datanode-1/data/ratis/a7ff0b15-756b-42ba-82b6-3ff470ab4f1e] INFO  segmented.SegmentedRaftLogWorker (SegmentedRaftLogWorker.java:run(313)) - 5ffd9840-560f-4b42-b626-c678e699dff7-SegmentedRaftLogWorker:Storage Directory /workdir/hadoop-ozone/integration-test/target/test-dir/MiniOzoneClusterImpl-3c083a2a-a42b-42af-b78a-3f3e8042569f/datanode-1/data/ratis/a7ff0b15-756b-42ba-82b6-3ff470ab4f1e was interrupted, exiting. There are 0 tasks remaining in the queue.
2019-08-29 00:13:28,606 [ab1f4f63-5220-4744-95d6-24db2fd27225-SegmentedRaftLogWorker:Storage Directory /workdir/hadoop-ozone/integration-test/target/test-dir/MiniOzoneClusterImpl-3c083a2a-a42b-42af-b78a-3f3e8042569f/datanode-4/data/ratis/4206a6aa-f3e2-44a4-85cf-ca5537e5d5c4] INFO  segmented.SegmentedRaftLogWorker (SegmentedRaftLogWorker.java:run(313)) - ab1f4f63-5220-4744-95d6-24db2fd27225-SegmentedRaftLogWorker:Storage Directory /workdir/hadoop-ozone/integration-test/target/test-dir/MiniOzoneClusterImpl-3c083a2a-a42b-42af-b78a-3f3e8042569f/datanode-4/data/ratis/4206a6aa-f3e2-44a4-85cf-ca5537e5d5c4 was interrupted, exiting. There are 0 tasks remaining in the queue.
2019-08-29 00:13:28,608 [ForkJoinPool.commonPool-worker-1] INFO  segmented.SegmentedRaftLogWorker (SegmentedRaftLogWorker.java:close(228)) - 5ffd9840-560f-4b42-b626-c678e699dff7-SegmentedRaftLogWorker:Storage Directory /workdir/hadoop-ozone/integration-test/target/test-dir/MiniOzoneClusterImpl-3c083a2a-a42b-42af-b78a-3f3e8042569f/datanode-1/data/ratis/a7ff0b15-756b-42ba-82b6-3ff470ab4f1e close()
2019-08-29 00:13:28,610 [main] INFO  segmented.SegmentedRaftLogWorker (SegmentedRaftLogWorker.java:close(228)) - ab1f4f63-5220-4744-95d6-24db2fd27225-SegmentedRaftLogWorker:Storage Directory /workdir/hadoop-ozone/integration-test/target/test-dir/MiniOzoneClusterImpl-3c083a2a-a42b-42af-b78a-3f3e8042569f/datanode-4/data/ratis/4206a6aa-f3e2-44a4-85cf-ca5537e5d5c4 close()
2019-08-29 00:13:28,614 [ForkJoinPool.commonPool-worker-1] INFO  server.GrpcService (GrpcService.java:closeImpl(155)) - 5ffd9840-560f-4b42-b626-c678e699dff7: shutdown server with port 33879 now
2019-08-29 00:13:28,618 [main] INFO  impl.RaftServerImpl (RaftServerImpl.java:lambda$shutdown$3(245)) - ab1f4f63-5220-4744-95d6-24db2fd27225: shutdown group-D68BE58F7E0B
2019-08-29 00:13:28,619 [main] INFO  util.JmxRegister (JmxRegister.java:unregister(73)) - Successfully un-registered JMX Bean with object name Ratis:service=RaftServer,group=group-D68BE58F7E0B,id=ab1f4f63-5220-4744-95d6-24db2fd27225
2019-08-29 00:13:28,619 [ForkJoinPool.commonPool-worker-1] INFO  server.GrpcService (GrpcService.java:closeImpl(163)) - 5ffd9840-560f-4b42-b626-c678e699dff7: shutdown server with port 33879 successfully
2019-08-29 00:13:28,619 [grpc-default-executor-1] WARN  client.GrpcClientProtocolService (LogUtils.java:warn(134)) - 1-UnorderedRequestStreamObserver1: onError: org.apache.ratis.thirdparty.io.grpc.StatusRuntimeException: CANCELLED: cancelled before receiving half close
2019-08-29 00:13:28,619 [main] INFO  impl.RoleInfo (RoleInfo.java:shutdownLeaderState(104)) - ab1f4f63-5220-4744-95d6-24db2fd27225: shutdown LeaderState
2019-08-29 00:13:28,620 [main] INFO  impl.PendingRequests (PendingRequests.java:sendNotLeaderResponses(202)) - ab1f4f63-5220-4744-95d6-24db2fd27225-PendingRequests: sendNotLeaderResponses
2019-08-29 00:13:28,621 [main] INFO  impl.StateMachineUpdater (StateMachineUpdater.java:stopAndJoin(115)) - StateMachineUpdater:ab1f4f63-5220-4744-95d6-24db2fd27225:group-D68BE58F7E0B: set stopIndex = 0
2019-08-29 00:13:28,621 [main] INFO  impl.RaftServerImpl (ServerState.java:close(394)) - ab1f4f63-5220-4744-95d6-24db2fd27225:group-D68BE58F7E0B closes. The last applied log index is 0
2019-08-29 00:13:28,622 [ab1f4f63-5220-4744-95d6-24db2fd27225-SegmentedRaftLogWorker:Storage Directory /workdir/hadoop-ozone/integration-test/target/test-dir/MiniOzoneClusterImpl-3c083a2a-a42b-42af-b78a-3f3e8042569f/datanode-4/data/ratis/c67a0c4a-b172-4636-b3dc-d68be58f7e0b] INFO  segmented.SegmentedRaftLogWorker (SegmentedRaftLogWorker.java:run(313)) - ab1f4f63-5220-4744-95d6-24db2fd27225-SegmentedRaftLogWorker:Storage Directory /workdir/hadoop-ozone/integration-test/target/test-dir/MiniOzoneClusterImpl-3c083a2a-a42b-42af-b78a-3f3e8042569f/datanode-4/data/ratis/c67a0c4a-b172-4636-b3dc-d68be58f7e0b was interrupted, exiting. There are 0 tasks remaining in the queue.
2019-08-29 00:13:28,624 [main] INFO  segmented.SegmentedRaftLogWorker (SegmentedRaftLogWorker.java:close(228)) - ab1f4f63-5220-4744-95d6-24db2fd27225-SegmentedRaftLogWorker:Storage Directory /workdir/hadoop-ozone/integration-test/target/test-dir/MiniOzoneClusterImpl-3c083a2a-a42b-42af-b78a-3f3e8042569f/datanode-4/data/ratis/c67a0c4a-b172-4636-b3dc-d68be58f7e0b close()
2019-08-29 00:13:28,628 [main] INFO  server.GrpcService (GrpcService.java:closeImpl(155)) - ab1f4f63-5220-4744-95d6-24db2fd27225: shutdown server with port 45611 now
2019-08-29 00:13:28,629 [main] INFO  server.GrpcService (GrpcService.java:closeImpl(163)) - ab1f4f63-5220-4744-95d6-24db2fd27225: shutdown server with port 45611 successfully
2019-08-29 00:13:28,629 [grpc-default-executor-7] WARN  server.GrpcLogAppender (LogUtils.java:warn(134)) - 8e43d282-58ca-4330-8134-d5621fdf2dd0->ab1f4f63-5220-4744-95d6-24db2fd27225: Failed appendEntries: org.apache.ratis.thirdparty.io.grpc.StatusRuntimeException: CANCELLED: HTTP/2 error code: CANCEL
Received Rst Stream
2019-08-29 00:13:28,629 [grpc-default-executor-8] WARN  server.GrpcServerProtocolService (LogUtils.java:warn(134)) - ab1f4f63-5220-4744-95d6-24db2fd27225: appendEntries onError: org.apache.ratis.thirdparty.io.grpc.StatusRuntimeException: CANCELLED: cancelled before receiving half close
2019-08-29 00:13:28,630 [grpc-default-executor-7] INFO  impl.FollowerInfo (FollowerInfo.java:lambda$new$0(50)) - 8e43d282-58ca-4330-8134-d5621fdf2dd0->ab1f4f63-5220-4744-95d6-24db2fd27225: nextIndex: updateUnconditionally 18 -> 17
2019-08-29 00:13:28,630 [refreshUsed-/workdir/hadoop-ozone/integration-test/target/test-dir/MiniOzoneClusterImpl-3c083a2a-a42b-42af-b78a-3f3e8042569f/datanode-1/data/containers] WARN  fs.CachingGetSpaceUsed (CachingGetSpaceUsed.java:run(183)) - Thread Interrupted waiting to refresh disk information: sleep interrupted
2019-08-29 00:13:28,632 [refreshUsed-/workdir/hadoop-ozone/integration-test/target/test-dir/MiniOzoneClusterImpl-3c083a2a-a42b-42af-b78a-3f3e8042569f/datanode-4/data/containers] WARN  fs.CachingGetSpaceUsed (CachingGetSpaceUsed.java:run(183)) - Thread Interrupted waiting to refresh disk information: sleep interrupted
2019-08-29 00:13:28,650 [main] INFO  utils.BackgroundService (BackgroundService.java:shutdown(148)) - Shutting down service BlockDeletingService
2019-08-29 00:13:28,650 [ForkJoinPool.commonPool-worker-1] INFO  utils.BackgroundService (BackgroundService.java:shutdown(148)) - Shutting down service BlockDeletingService
2019-08-29 00:13:28,658 [main] INFO  statemachine.DatanodeStateMachine (DatanodeStateMachine.java:stopDaemon(395)) - Ozone container server stopped.
2019-08-29 00:13:28,660 [ForkJoinPool.commonPool-worker-1] INFO  statemachine.DatanodeStateMachine (DatanodeStateMachine.java:stopDaemon(395)) - Ozone container server stopped.
2019-08-29 00:13:28,664 [main] INFO  handler.ContextHandler (ContextHandler.java:doStop(910)) - Stopped o.e.j.w.WebAppContext@34f7b44f{/,null,UNAVAILABLE}{/hddsDatanode}
2019-08-29 00:13:28,665 [ForkJoinPool.commonPool-worker-1] INFO  handler.ContextHandler (ContextHandler.java:doStop(910)) - Stopped o.e.j.w.WebAppContext@7781263c{/,null,UNAVAILABLE}{/hddsDatanode}
2019-08-29 00:13:28,666 [main] INFO  server.AbstractConnector (AbstractConnector.java:doStop(318)) - Stopped ServerConnector@5403907{HTTP/1.1,[http/1.1]}{0.0.0.0:0}
2019-08-29 00:13:28,666 [ForkJoinPool.commonPool-worker-1] INFO  server.AbstractConnector (AbstractConnector.java:doStop(318)) - Stopped ServerConnector@5fdd97c1{HTTP/1.1,[http/1.1]}{0.0.0.0:0}
2019-08-29 00:13:28,666 [main] INFO  handler.ContextHandler (ContextHandler.java:doStop(910)) - Stopped o.e.j.s.ServletContextHandler@2fde9469{/static,jar:file:/home/user/.m2/repository/org/apache/hadoop/hadoop-hdds-container-service/0.5.0-SNAPSHOT/hadoop-hdds-container-service-0.5.0-SNAPSHOT.jar!/webapps/static,UNAVAILABLE}
2019-08-29 00:13:28,668 [ForkJoinPool.commonPool-worker-1] INFO  handler.ContextHandler (ContextHandler.java:doStop(910)) - Stopped o.e.j.s.ServletContextHandler@27898e13{/static,jar:file:/home/user/.m2/repository/org/apache/hadoop/hadoop-hdds-container-service/0.5.0-SNAPSHOT/hadoop-hdds-container-service-0.5.0-SNAPSHOT.jar!/webapps/static,UNAVAILABLE}
2019-08-29 00:13:28,668 [main] INFO  handler.ContextHandler (ContextHandler.java:doStop(910)) - Stopped o.e.j.s.ServletContextHandler@403364e9{/logs,file:///workdir/hadoop-ozone/integration-test/target/log,UNAVAILABLE}
2019-08-29 00:13:28,670 [ForkJoinPool.commonPool-worker-1] INFO  handler.ContextHandler (ContextHandler.java:doStop(910)) - Stopped o.e.j.s.ServletContextHandler@51e8d066{/logs,file:///workdir/hadoop-ozone/integration-test/target/log,UNAVAILABLE}
2019-08-29 00:13:28,701 [Datanode State Machine Thread - 0] INFO  statemachine.DatanodeStateMachine (DatanodeStateMachine.java:lambda$startDaemon$0(350)) - Ozone container server started.
2019-08-29 00:13:29,283 [Datanode State Machine Thread - 0] INFO  statemachine.DatanodeStateMachine (DatanodeStateMachine.java:lambda$startDaemon$0(350)) - Ozone container server started.
2019-08-29 00:13:29,284 | INFO  | SCMAudit | user=jenkins1000 | ip=192.168.5.155 | op=SEND_HEARTBEAT {datanodeUUID=f23e32b5-1859-4d8d-ab6e-3ad369251285, command=[]} | ret=SUCCESS |  
2019-08-29 00:13:29,285 | INFO  | SCMAudit | user=jenkins1000 | ip=192.168.5.155 | op=SEND_HEARTBEAT {datanodeUUID=b00ef5df-dfe4-4d1e-9e05-2ba8895fcbfa, command=[commandType: closeContainerCommand closeContainerCommandProto { containerID: 2 pipelineID { id: "a7ff0b15-756b-42ba-82b6-3ff470ab4f1e" } cmdId: 2 force: false } ]} | ret=SUCCESS |  
2019-08-29 00:13:30,276 | INFO  | SCMAudit | user=jenkins1000 | ip=192.168.5.155 | op=SEND_HEARTBEAT {datanodeUUID=f23e32b5-1859-4d8d-ab6e-3ad369251285, command=[]} | ret=SUCCESS |  
2019-08-29 00:13:30,284 | INFO  | SCMAudit | user=jenkins1000 | ip=192.168.5.155 | op=SEND_HEARTBEAT {datanodeUUID=b00ef5df-dfe4-4d1e-9e05-2ba8895fcbfa, command=[]} | ret=SUCCESS |  
2019-08-29 00:13:30,300 | INFO  | SCMAudit | user=jenkins1000 | ip=192.168.5.155 | op=SEND_HEARTBEAT {datanodeUUID=b00ef5df-dfe4-4d1e-9e05-2ba8895fcbfa, command=[]} | ret=SUCCESS |  
2019-08-29 00:13:30,335 [grpc-default-executor-8] WARN  server.GrpcLogAppender (LogUtils.java:warn(134)) - 8e43d282-58ca-4330-8134-d5621fdf2dd0->ab1f4f63-5220-4744-95d6-24db2fd27225: Failed appendEntries: org.apache.ratis.thirdparty.io.grpc.StatusRuntimeException: UNAVAILABLE: io exception
2019-08-29 00:13:30,336 [grpc-default-executor-8] INFO  impl.FollowerInfo (FollowerInfo.java:lambda$new$0(50)) - 8e43d282-58ca-4330-8134-d5621fdf2dd0->ab1f4f63-5220-4744-95d6-24db2fd27225: nextIndex: updateUnconditionally 17 -> 16
2019-08-29 00:13:30,344 [grpc-default-executor-1] WARN  server.GrpcLogAppender (LogUtils.java:warn(134)) - 8e43d282-58ca-4330-8134-d5621fdf2dd0->6f6426e5-ce14-4107-b742-6d33e6b5f757: Failed appendEntries: org.apache.ratis.thirdparty.io.grpc.StatusRuntimeException: UNAVAILABLE: io exception
2019-08-29 00:13:30,345 [grpc-default-executor-1] INFO  impl.FollowerInfo (FollowerInfo.java:lambda$new$0(50)) - 8e43d282-58ca-4330-8134-d5621fdf2dd0->6f6426e5-ce14-4107-b742-6d33e6b5f757: nextIndex: updateUnconditionally 0 -> 0
2019-08-29 00:13:31,276 | INFO  | SCMAudit | user=jenkins1000 | ip=192.168.5.155 | op=SEND_HEARTBEAT {datanodeUUID=f23e32b5-1859-4d8d-ab6e-3ad369251285, command=[]} | ret=SUCCESS |  
2019-08-29 00:13:31,300 | INFO  | SCMAudit | user=jenkins1000 | ip=192.168.5.155 | op=SEND_HEARTBEAT {datanodeUUID=b00ef5df-dfe4-4d1e-9e05-2ba8895fcbfa, command=[]} | ret=SUCCESS |  
2019-08-29 00:13:32,276 | INFO  | SCMAudit | user=jenkins1000 | ip=192.168.5.155 | op=SEND_HEARTBEAT {datanodeUUID=f23e32b5-1859-4d8d-ab6e-3ad369251285, command=[]} | ret=SUCCESS |  
2019-08-29 00:13:32,300 | INFO  | SCMAudit | user=jenkins1000 | ip=192.168.5.155 | op=SEND_HEARTBEAT {datanodeUUID=b00ef5df-dfe4-4d1e-9e05-2ba8895fcbfa, command=[]} | ret=SUCCESS |  
2019-08-29 00:13:32,801 [EventQueue-StaleNodeForStaleNodeHandler] INFO  node.StaleNodeHandler (StaleNodeHandler.java:onMessage(58)) - Datanode 8e43d282-58ca-4330-8134-d5621fdf2dd0{ip: 192.168.5.155, host: pr-hdds-2053-lkbb5-4073252909, networkLocation: /default-rack, certSerialId: null} moved to stale state. Finalizing its pipelines [PipelineID=4206a6aa-f3e2-44a4-85cf-ca5537e5d5c4, PipelineID=be7793d4-3deb-4e57-af9c-a2433840220e]
2019-08-29 00:13:32,801 [EventQueue-StaleNodeForStaleNodeHandler] INFO  pipeline.SCMPipelineManager (SCMPipelineManager.java:finalizeAndDestroyPipeline(309)) - destroying pipeline:Pipeline[ Id: 4206a6aa-f3e2-44a4-85cf-ca5537e5d5c4, Nodes: 6f6426e5-ce14-4107-b742-6d33e6b5f757{ip: 192.168.5.155, host: pr-hdds-2053-lkbb5-4073252909, networkLocation: /default-rack, certSerialId: null}8e43d282-58ca-4330-8134-d5621fdf2dd0{ip: 192.168.5.155, host: pr-hdds-2053-lkbb5-4073252909, networkLocation: /default-rack, certSerialId: null}ab1f4f63-5220-4744-95d6-24db2fd27225{ip: 192.168.5.155, host: pr-hdds-2053-lkbb5-4073252909, networkLocation: /default-rack, certSerialId: null}, Type:RATIS, Factor:THREE, State:CLOSED]
2019-08-29 00:13:32,801 [EventQueue-StaleNodeForStaleNodeHandler] INFO  pipeline.SCMPipelineManager (SCMPipelineManager.java:finalizeAndDestroyPipeline(309)) - destroying pipeline:Pipeline[ Id: be7793d4-3deb-4e57-af9c-a2433840220e, Nodes: 8e43d282-58ca-4330-8134-d5621fdf2dd0{ip: 192.168.5.155, host: pr-hdds-2053-lkbb5-4073252909, networkLocation: /default-rack, certSerialId: null}, Type:RATIS, Factor:ONE, State:OPEN]
2019-08-29 00:13:32,801 [EventQueue-StaleNodeForStaleNodeHandler] INFO  pipeline.PipelineStateManager (PipelineStateManager.java:finalizePipeline(123)) - Pipeline Pipeline[ Id: be7793d4-3deb-4e57-af9c-a2433840220e, Nodes: 8e43d282-58ca-4330-8134-d5621fdf2dd0{ip: 192.168.5.155, host: pr-hdds-2053-lkbb5-4073252909, networkLocation: /default-rack, certSerialId: null}, Type:RATIS, Factor:ONE, State:CLOSED] moved to CLOSED state
2019-08-29 00:13:32,835 [grpc-default-executor-7] WARN  server.GrpcLogAppender (LogUtils.java:warn(134)) - 8e43d282-58ca-4330-8134-d5621fdf2dd0->ab1f4f63-5220-4744-95d6-24db2fd27225: Failed appendEntries: org.apache.ratis.thirdparty.io.grpc.StatusRuntimeException: UNAVAILABLE: io exception
2019-08-29 00:13:32,835 [grpc-default-executor-7] INFO  impl.FollowerInfo (FollowerInfo.java:lambda$new$0(50)) - 8e43d282-58ca-4330-8134-d5621fdf2dd0->ab1f4f63-5220-4744-95d6-24db2fd27225: nextIndex: updateUnconditionally 16 -> 15
2019-08-29 00:13:32,844 [grpc-default-executor-1] WARN  server.GrpcLogAppender (LogUtils.java:warn(134)) - 8e43d282-58ca-4330-8134-d5621fdf2dd0->6f6426e5-ce14-4107-b742-6d33e6b5f757: Failed appendEntries: org.apache.ratis.thirdparty.io.grpc.StatusRuntimeException: UNAVAILABLE: io exception
2019-08-29 00:13:32,844 [grpc-default-executor-1] INFO  impl.FollowerInfo (FollowerInfo.java:lambda$new$0(50)) - 8e43d282-58ca-4330-8134-d5621fdf2dd0->6f6426e5-ce14-4107-b742-6d33e6b5f757: nextIndex: updateUnconditionally 0 -> 0
2019-08-29 00:13:33,276 | INFO  | SCMAudit | user=jenkins1000 | ip=192.168.5.155 | op=SEND_HEARTBEAT {datanodeUUID=f23e32b5-1859-4d8d-ab6e-3ad369251285, command=[]} | ret=SUCCESS |  
2019-08-29 00:13:33,300 | INFO  | SCMAudit | user=jenkins1000 | ip=192.168.5.155 | op=SEND_HEARTBEAT {datanodeUUID=b00ef5df-dfe4-4d1e-9e05-2ba8895fcbfa, command=[]} | ret=SUCCESS |  
2019-08-29 00:13:33,301 [EventQueue-StaleNodeForStaleNodeHandler] INFO  node.StaleNodeHandler (StaleNodeHandler.java:onMessage(58)) - Datanode ca0bbee5-09c3-476f-9e60-5d34583977c9{ip: 192.168.5.155, host: pr-hdds-2053-lkbb5-4073252909, networkLocation: /default-rack, certSerialId: null} moved to stale state. Finalizing its pipelines [PipelineID=6a06d6e1-9c73-4798-b6a3-2bed4cbeca1f, PipelineID=a7ff0b15-756b-42ba-82b6-3ff470ab4f1e]
2019-08-29 00:13:33,302 [EventQueue-StaleNodeForStaleNodeHandler] INFO  pipeline.SCMPipelineManager (SCMPipelineManager.java:finalizeAndDestroyPipeline(309)) - destroying pipeline:Pipeline[ Id: 6a06d6e1-9c73-4798-b6a3-2bed4cbeca1f, Nodes: ca0bbee5-09c3-476f-9e60-5d34583977c9{ip: 192.168.5.155, host: pr-hdds-2053-lkbb5-4073252909, networkLocation: /default-rack, certSerialId: null}, Type:RATIS, Factor:ONE, State:OPEN]
2019-08-29 00:13:33,302 [EventQueue-StaleNodeForStaleNodeHandler] INFO  pipeline.PipelineStateManager (PipelineStateManager.java:finalizePipeline(123)) - Pipeline Pipeline[ Id: 6a06d6e1-9c73-4798-b6a3-2bed4cbeca1f, Nodes: ca0bbee5-09c3-476f-9e60-5d34583977c9{ip: 192.168.5.155, host: pr-hdds-2053-lkbb5-4073252909, networkLocation: /default-rack, certSerialId: null}, Type:RATIS, Factor:ONE, State:CLOSED] moved to CLOSED state
2019-08-29 00:13:33,302 [EventQueue-StaleNodeForStaleNodeHandler] INFO  pipeline.SCMPipelineManager (SCMPipelineManager.java:finalizeAndDestroyPipeline(309)) - destroying pipeline:Pipeline[ Id: a7ff0b15-756b-42ba-82b6-3ff470ab4f1e, Nodes: 5ffd9840-560f-4b42-b626-c678e699dff7{ip: 192.168.5.155, host: pr-hdds-2053-lkbb5-4073252909, networkLocation: /default-rack, certSerialId: null}b00ef5df-dfe4-4d1e-9e05-2ba8895fcbfa{ip: 192.168.5.155, host: pr-hdds-2053-lkbb5-4073252909, networkLocation: /default-rack, certSerialId: null}ca0bbee5-09c3-476f-9e60-5d34583977c9{ip: 192.168.5.155, host: pr-hdds-2053-lkbb5-4073252909, networkLocation: /default-rack, certSerialId: null}, Type:RATIS, Factor:THREE, State:CLOSED]
2019-08-29 00:13:33,671 [main] INFO  ozoneimpl.OzoneContainer (OzoneContainer.java:stop(215)) - Attempting to stop container services.
2019-08-29 00:13:33,672 [main] INFO  impl.RaftServerProxy (RaftServerProxy.java:lambda$close$4(314)) - 8e43d282-58ca-4330-8134-d5621fdf2dd0: close
2019-08-29 00:13:33,672 [ForkJoinPool.commonPool-worker-1] INFO  ozoneimpl.OzoneContainer (OzoneContainer.java:stop(215)) - Attempting to stop container services.
2019-08-29 00:13:33,672 [main] INFO  impl.RaftServerImpl (RaftServerImpl.java:lambda$shutdown$3(245)) - 8e43d282-58ca-4330-8134-d5621fdf2dd0: shutdown group-CA5537E5D5C4
2019-08-29 00:13:33,673 [ForkJoinPool.commonPool-worker-1] INFO  impl.RaftServerProxy (RaftServerProxy.java:lambda$close$4(314)) - ca0bbee5-09c3-476f-9e60-5d34583977c9: close
2019-08-29 00:13:33,673 [main] INFO  util.JmxRegister (JmxRegister.java:unregister(73)) - Successfully un-registered JMX Bean with object name Ratis:service=RaftServer,group=group-CA5537E5D5C4,id=8e43d282-58ca-4330-8134-d5621fdf2dd0
2019-08-29 00:13:33,673 [ForkJoinPool.commonPool-worker-1] INFO  impl.RaftServerImpl (RaftServerImpl.java:lambda$shutdown$3(245)) - ca0bbee5-09c3-476f-9e60-5d34583977c9: shutdown group-2BED4CBECA1F
2019-08-29 00:13:33,673 [main] INFO  impl.RoleInfo (RoleInfo.java:shutdownLeaderState(104)) - 8e43d282-58ca-4330-8134-d5621fdf2dd0: shutdown LeaderState
2019-08-29 00:13:33,674 [ForkJoinPool.commonPool-worker-1] INFO  util.JmxRegister (JmxRegister.java:unregister(73)) - Successfully un-registered JMX Bean with object name Ratis:service=RaftServer,group=group-2BED4CBECA1F,id=ca0bbee5-09c3-476f-9e60-5d34583977c9
2019-08-29 00:13:33,678 [org.apache.ratis.server.impl.LogAppender$AppenderDaemon$$Lambda$513/1837297001@2d65915d] WARN  server.GrpcLogAppender (GrpcLogAppender.java:mayWait(143)) - GrpcLogAppender(8e43d282-58ca-4330-8134-d5621fdf2dd0->ab1f4f63-5220-4744-95d6-24db2fd27225): Wait interrupted by java.lang.InterruptedException
2019-08-29 00:13:33,678 [main] INFO  impl.PendingRequests (PendingRequests.java:sendNotLeaderResponses(202)) - 8e43d282-58ca-4330-8134-d5621fdf2dd0-PendingRequests: sendNotLeaderResponses
2019-08-29 00:13:33,678 [org.apache.ratis.server.impl.LogAppender$AppenderDaemon$$Lambda$513/1837297001@65824bb] WARN  server.GrpcLogAppender (GrpcLogAppender.java:mayWait(143)) - GrpcLogAppender(8e43d282-58ca-4330-8134-d5621fdf2dd0->6f6426e5-ce14-4107-b742-6d33e6b5f757): Wait interrupted by java.lang.InterruptedException
2019-08-29 00:13:33,678 [ForkJoinPool.commonPool-worker-1] INFO  impl.RoleInfo (RoleInfo.java:shutdownLeaderState(104)) - ca0bbee5-09c3-476f-9e60-5d34583977c9: shutdown LeaderState
2019-08-29 00:13:33,679 [StateMachineUpdater:8e43d282-58ca-4330-8134-d5621fdf2dd0:group-CA5537E5D5C4] INFO  ratis.ContainerStateMachine (ContainerStateMachine.java:takeSnapshot(284)) - group-CA5537E5D5C4: Taking a snapshot at:(t:1, i:13) file /workdir/hadoop-ozone/integration-test/target/test-dir/MiniOzoneClusterImpl-3c083a2a-a42b-42af-b78a-3f3e8042569f/datanode-3/data/ratis/4206a6aa-f3e2-44a4-85cf-ca5537e5d5c4/sm/snapshot.1_13
2019-08-29 00:13:33,679 [main] INFO  impl.StateMachineUpdater (StateMachineUpdater.java:stopAndJoin(115)) - StateMachineUpdater:8e43d282-58ca-4330-8134-d5621fdf2dd0:group-CA5537E5D5C4: set stopIndex = 17
2019-08-29 00:13:33,679 [ForkJoinPool.commonPool-worker-1] INFO  impl.PendingRequests (PendingRequests.java:sendNotLeaderResponses(202)) - ca0bbee5-09c3-476f-9e60-5d34583977c9-PendingRequests: sendNotLeaderResponses
2019-08-29 00:13:33,680 [ForkJoinPool.commonPool-worker-1] INFO  impl.StateMachineUpdater (StateMachineUpdater.java:stopAndJoin(115)) - StateMachineUpdater:ca0bbee5-09c3-476f-9e60-5d34583977c9:group-2BED4CBECA1F: set stopIndex = 0
2019-08-29 00:13:33,680 [ForkJoinPool.commonPool-worker-1] INFO  impl.RaftServerImpl (ServerState.java:close(394)) - ca0bbee5-09c3-476f-9e60-5d34583977c9:group-2BED4CBECA1F closes. The last applied log index is 0
2019-08-29 00:13:33,680 [ca0bbee5-09c3-476f-9e60-5d34583977c9-SegmentedRaftLogWorker:Storage Directory /workdir/hadoop-ozone/integration-test/target/test-dir/MiniOzoneClusterImpl-3c083a2a-a42b-42af-b78a-3f3e8042569f/datanode-2/data/ratis/6a06d6e1-9c73-4798-b6a3-2bed4cbeca1f] INFO  segmented.SegmentedRaftLogWorker (SegmentedRaftLogWorker.java:run(313)) - ca0bbee5-09c3-476f-9e60-5d34583977c9-SegmentedRaftLogWorker:Storage Directory /workdir/hadoop-ozone/integration-test/target/test-dir/MiniOzoneClusterImpl-3c083a2a-a42b-42af-b78a-3f3e8042569f/datanode-2/data/ratis/6a06d6e1-9c73-4798-b6a3-2bed4cbeca1f was interrupted, exiting. There are 0 tasks remaining in the queue.
2019-08-29 00:13:33,682 [ForkJoinPool.commonPool-worker-1] INFO  segmented.SegmentedRaftLogWorker (SegmentedRaftLogWorker.java:close(228)) - ca0bbee5-09c3-476f-9e60-5d34583977c9-SegmentedRaftLogWorker:Storage Directory /workdir/hadoop-ozone/integration-test/target/test-dir/MiniOzoneClusterImpl-3c083a2a-a42b-42af-b78a-3f3e8042569f/datanode-2/data/ratis/6a06d6e1-9c73-4798-b6a3-2bed4cbeca1f close()
2019-08-29 00:13:33,685 [ForkJoinPool.commonPool-worker-1] INFO  impl.RaftServerImpl (RaftServerImpl.java:lambda$shutdown$3(245)) - ca0bbee5-09c3-476f-9e60-5d34583977c9: shutdown group-3FF470AB4F1E
2019-08-29 00:13:33,685 [ForkJoinPool.commonPool-worker-1] INFO  util.JmxRegister (JmxRegister.java:unregister(73)) - Successfully un-registered JMX Bean with object name Ratis:service=RaftServer,group=group-3FF470AB4F1E,id=ca0bbee5-09c3-476f-9e60-5d34583977c9
2019-08-29 00:13:33,686 [ForkJoinPool.commonPool-worker-1] INFO  impl.RoleInfo (RoleInfo.java:shutdownFollowerState(121)) - ca0bbee5-09c3-476f-9e60-5d34583977c9: shutdown FollowerState
2019-08-29 00:13:33,686 [ForkJoinPool.commonPool-worker-1] INFO  impl.StateMachineUpdater (StateMachineUpdater.java:stopAndJoin(115)) - StateMachineUpdater:ca0bbee5-09c3-476f-9e60-5d34583977c9:group-3FF470AB4F1E: set stopIndex = 16
2019-08-29 00:13:33,686 [Thread-3351] INFO  impl.FollowerState (FollowerState.java:run(114)) - ca0bbee5-09c3-476f-9e60-5d34583977c9: FollowerState was interrupted: java.lang.InterruptedException: sleep interrupted
2019-08-29 00:13:33,686 [StateMachineUpdater:ca0bbee5-09c3-476f-9e60-5d34583977c9:group-3FF470AB4F1E] INFO  ratis.ContainerStateMachine (ContainerStateMachine.java:takeSnapshot(284)) - group-3FF470AB4F1E: Taking a snapshot at:(t:1, i:14) file /workdir/hadoop-ozone/integration-test/target/test-dir/MiniOzoneClusterImpl-3c083a2a-a42b-42af-b78a-3f3e8042569f/datanode-2/data/ratis/a7ff0b15-756b-42ba-82b6-3ff470ab4f1e/sm/snapshot.1_14
2019-08-29 00:13:33,691 [StateMachineUpdater:ca0bbee5-09c3-476f-9e60-5d34583977c9:group-3FF470AB4F1E] INFO  ratis.ContainerStateMachine (ContainerStateMachine.java:takeSnapshot(295)) - group-3FF470AB4F1E: Finished taking a snapshot at:(t:1, i:14) file:/workdir/hadoop-ozone/integration-test/target/test-dir/MiniOzoneClusterImpl-3c083a2a-a42b-42af-b78a-3f3e8042569f/datanode-2/data/ratis/a7ff0b15-756b-42ba-82b6-3ff470ab4f1e/sm/snapshot.1_14 time:5
2019-08-29 00:13:33,691 [StateMachineUpdater:8e43d282-58ca-4330-8134-d5621fdf2dd0:group-CA5537E5D5C4] INFO  ratis.ContainerStateMachine (ContainerStateMachine.java:takeSnapshot(295)) - group-CA5537E5D5C4: Finished taking a snapshot at:(t:1, i:13) file:/workdir/hadoop-ozone/integration-test/target/test-dir/MiniOzoneClusterImpl-3c083a2a-a42b-42af-b78a-3f3e8042569f/datanode-3/data/ratis/4206a6aa-f3e2-44a4-85cf-ca5537e5d5c4/sm/snapshot.1_13 time:13
2019-08-29 00:13:33,691 [StateMachineUpdater:ca0bbee5-09c3-476f-9e60-5d34583977c9:group-3FF470AB4F1E] INFO  impl.StateMachineUpdater (StateMachineUpdater.java:takeSnapshot(242)) - StateMachineUpdater:ca0bbee5-09c3-476f-9e60-5d34583977c9:group-3FF470AB4F1E: Took a snapshot at index 14
2019-08-29 00:13:33,691 [StateMachineUpdater:8e43d282-58ca-4330-8134-d5621fdf2dd0:group-CA5537E5D5C4] INFO  impl.StateMachineUpdater (StateMachineUpdater.java:takeSnapshot(242)) - StateMachineUpdater:8e43d282-58ca-4330-8134-d5621fdf2dd0:group-CA5537E5D5C4: Took a snapshot at index 13
2019-08-29 00:13:33,691 [StateMachineUpdater:ca0bbee5-09c3-476f-9e60-5d34583977c9:group-3FF470AB4F1E] INFO  impl.StateMachineUpdater (StateMachineUpdater.java:lambda$new$0(80)) - StateMachineUpdater:ca0bbee5-09c3-476f-9e60-5d34583977c9:group-3FF470AB4F1E: snapshotIndex: updateIncreasingly -1 -> 14
2019-08-29 00:13:33,691 [StateMachineUpdater:8e43d282-58ca-4330-8134-d5621fdf2dd0:group-CA5537E5D5C4] INFO  impl.StateMachineUpdater (StateMachineUpdater.java:lambda$new$0(80)) - StateMachineUpdater:8e43d282-58ca-4330-8134-d5621fdf2dd0:group-CA5537E5D5C4: snapshotIndex: updateIncreasingly -1 -> 13
2019-08-29 00:13:33,692 [main] INFO  impl.RaftServerImpl (ServerState.java:close(394)) - 8e43d282-58ca-4330-8134-d5621fdf2dd0:group-CA5537E5D5C4 closes. The last applied log index is 17
2019-08-29 00:13:33,692 [ForkJoinPool.commonPool-worker-1] INFO  impl.RaftServerImpl (ServerState.java:close(394)) - ca0bbee5-09c3-476f-9e60-5d34583977c9:group-3FF470AB4F1E closes. The last applied log index is 16
2019-08-29 00:13:33,692 [8e43d282-58ca-4330-8134-d5621fdf2dd0-SegmentedRaftLogWorker:Storage Directory /workdir/hadoop-ozone/integration-test/target/test-dir/MiniOzoneClusterImpl-3c083a2a-a42b-42af-b78a-3f3e8042569f/datanode-3/data/ratis/4206a6aa-f3e2-44a4-85cf-ca5537e5d5c4] INFO  segmented.SegmentedRaftLogWorker (SegmentedRaftLogWorker.java:run(313)) - 8e43d282-58ca-4330-8134-d5621fdf2dd0-SegmentedRaftLogWorker:Storage Directory /workdir/hadoop-ozone/integration-test/target/test-dir/MiniOzoneClusterImpl-3c083a2a-a42b-42af-b78a-3f3e8042569f/datanode-3/data/ratis/4206a6aa-f3e2-44a4-85cf-ca5537e5d5c4 was interrupted, exiting. There are 0 tasks remaining in the queue.
2019-08-29 00:13:33,692 [ca0bbee5-09c3-476f-9e60-5d34583977c9-SegmentedRaftLogWorker:Storage Directory /workdir/hadoop-ozone/integration-test/target/test-dir/MiniOzoneClusterImpl-3c083a2a-a42b-42af-b78a-3f3e8042569f/datanode-2/data/ratis/a7ff0b15-756b-42ba-82b6-3ff470ab4f1e] INFO  segmented.SegmentedRaftLogWorker (SegmentedRaftLogWorker.java:run(313)) - ca0bbee5-09c3-476f-9e60-5d34583977c9-SegmentedRaftLogWorker:Storage Directory /workdir/hadoop-ozone/integration-test/target/test-dir/MiniOzoneClusterImpl-3c083a2a-a42b-42af-b78a-3f3e8042569f/datanode-2/data/ratis/a7ff0b15-756b-42ba-82b6-3ff470ab4f1e was interrupted, exiting. There are 0 tasks remaining in the queue.
2019-08-29 00:13:33,694 [main] INFO  segmented.SegmentedRaftLogWorker (SegmentedRaftLogWorker.java:close(228)) - 8e43d282-58ca-4330-8134-d5621fdf2dd0-SegmentedRaftLogWorker:Storage Directory /workdir/hadoop-ozone/integration-test/target/test-dir/MiniOzoneClusterImpl-3c083a2a-a42b-42af-b78a-3f3e8042569f/datanode-3/data/ratis/4206a6aa-f3e2-44a4-85cf-ca5537e5d5c4 close()
2019-08-29 00:13:33,695 [ForkJoinPool.commonPool-worker-1] INFO  segmented.SegmentedRaftLogWorker (SegmentedRaftLogWorker.java:close(228)) - ca0bbee5-09c3-476f-9e60-5d34583977c9-SegmentedRaftLogWorker:Storage Directory /workdir/hadoop-ozone/integration-test/target/test-dir/MiniOzoneClusterImpl-3c083a2a-a42b-42af-b78a-3f3e8042569f/datanode-2/data/ratis/a7ff0b15-756b-42ba-82b6-3ff470ab4f1e close()
2019-08-29 00:13:33,697 [main] INFO  impl.RaftServerImpl (RaftServerImpl.java:lambda$shutdown$3(245)) - 8e43d282-58ca-4330-8134-d5621fdf2dd0: shutdown group-A2433840220E
2019-08-29 00:13:33,699 [ForkJoinPool.commonPool-worker-1] INFO  server.GrpcService (GrpcService.java:closeImpl(155)) - ca0bbee5-09c3-476f-9e60-5d34583977c9: shutdown server with port 41534 now
2019-08-29 00:13:33,700 [main] INFO  util.JmxRegister (JmxRegister.java:unregister(73)) - Successfully un-registered JMX Bean with object name Ratis:service=RaftServer,group=group-A2433840220E,id=8e43d282-58ca-4330-8134-d5621fdf2dd0
2019-08-29 00:13:33,701 [ForkJoinPool.commonPool-worker-1] INFO  server.GrpcService (GrpcService.java:closeImpl(163)) - ca0bbee5-09c3-476f-9e60-5d34583977c9: shutdown server with port 41534 successfully
2019-08-29 00:13:33,701 [main] INFO  impl.RoleInfo (RoleInfo.java:shutdownLeaderState(104)) - 8e43d282-58ca-4330-8134-d5621fdf2dd0: shutdown LeaderState
2019-08-29 00:13:33,702 [main] INFO  impl.PendingRequests (PendingRequests.java:sendNotLeaderResponses(202)) - 8e43d282-58ca-4330-8134-d5621fdf2dd0-PendingRequests: sendNotLeaderResponses
2019-08-29 00:13:33,702 [main] INFO  impl.StateMachineUpdater (StateMachineUpdater.java:stopAndJoin(115)) - StateMachineUpdater:8e43d282-58ca-4330-8134-d5621fdf2dd0:group-A2433840220E: set stopIndex = 0
2019-08-29 00:13:33,702 [main] INFO  impl.RaftServerImpl (ServerState.java:close(394)) - 8e43d282-58ca-4330-8134-d5621fdf2dd0:group-A2433840220E closes. The last applied log index is 0
2019-08-29 00:13:33,703 [refreshUsed-/workdir/hadoop-ozone/integration-test/target/test-dir/MiniOzoneClusterImpl-3c083a2a-a42b-42af-b78a-3f3e8042569f/datanode-2/data/containers] WARN  fs.CachingGetSpaceUsed (CachingGetSpaceUsed.java:run(183)) - Thread Interrupted waiting to refresh disk information: sleep interrupted
2019-08-29 00:13:33,703 [8e43d282-58ca-4330-8134-d5621fdf2dd0-SegmentedRaftLogWorker:Storage Directory /workdir/hadoop-ozone/integration-test/target/test-dir/MiniOzoneClusterImpl-3c083a2a-a42b-42af-b78a-3f3e8042569f/datanode-3/data/ratis/be7793d4-3deb-4e57-af9c-a2433840220e] INFO  segmented.SegmentedRaftLogWorker (SegmentedRaftLogWorker.java:run(313)) - 8e43d282-58ca-4330-8134-d5621fdf2dd0-SegmentedRaftLogWorker:Storage Directory /workdir/hadoop-ozone/integration-test/target/test-dir/MiniOzoneClusterImpl-3c083a2a-a42b-42af-b78a-3f3e8042569f/datanode-3/data/ratis/be7793d4-3deb-4e57-af9c-a2433840220e was interrupted, exiting. There are 0 tasks remaining in the queue.
2019-08-29 00:13:33,704 [main] INFO  segmented.SegmentedRaftLogWorker (SegmentedRaftLogWorker.java:close(228)) - 8e43d282-58ca-4330-8134-d5621fdf2dd0-SegmentedRaftLogWorker:Storage Directory /workdir/hadoop-ozone/integration-test/target/test-dir/MiniOzoneClusterImpl-3c083a2a-a42b-42af-b78a-3f3e8042569f/datanode-3/data/ratis/be7793d4-3deb-4e57-af9c-a2433840220e close()
2019-08-29 00:13:33,706 [main] INFO  server.GrpcService (GrpcService.java:closeImpl(155)) - 8e43d282-58ca-4330-8134-d5621fdf2dd0: shutdown server with port 32795 now
2019-08-29 00:13:33,708 [main] INFO  server.GrpcService (GrpcService.java:closeImpl(163)) - 8e43d282-58ca-4330-8134-d5621fdf2dd0: shutdown server with port 32795 successfully
2019-08-29 00:13:33,709 [refreshUsed-/workdir/hadoop-ozone/integration-test/target/test-dir/MiniOzoneClusterImpl-3c083a2a-a42b-42af-b78a-3f3e8042569f/datanode-3/data/containers] WARN  fs.CachingGetSpaceUsed (CachingGetSpaceUsed.java:run(183)) - Thread Interrupted waiting to refresh disk information: sleep interrupted
2019-08-29 00:13:33,721 [ForkJoinPool.commonPool-worker-1] INFO  utils.BackgroundService (BackgroundService.java:shutdown(148)) - Shutting down service BlockDeletingService
2019-08-29 00:13:33,721 [main] INFO  utils.BackgroundService (BackgroundService.java:shutdown(148)) - Shutting down service BlockDeletingService
2019-08-29 00:13:33,725 [ForkJoinPool.commonPool-worker-1] INFO  statemachine.DatanodeStateMachine (DatanodeStateMachine.java:stopDaemon(395)) - Ozone container server stopped.
2019-08-29 00:13:33,726 [main] INFO  statemachine.DatanodeStateMachine (DatanodeStateMachine.java:stopDaemon(395)) - Ozone container server stopped.
2019-08-29 00:13:33,729 [ForkJoinPool.commonPool-worker-1] INFO  handler.ContextHandler (ContextHandler.java:doStop(910)) - Stopped o.e.j.w.WebAppContext@34c76167{/,null,UNAVAILABLE}{/hddsDatanode}
2019-08-29 00:13:33,729 [main] INFO  handler.ContextHandler (ContextHandler.java:doStop(910)) - Stopped o.e.j.w.WebAppContext@26b3c9a2{/,null,UNAVAILABLE}{/hddsDatanode}
2019-08-29 00:13:33,729 [ForkJoinPool.commonPool-worker-1] INFO  server.AbstractConnector (AbstractConnector.java:doStop(318)) - Stopped ServerConnector@30b3d899{HTTP/1.1,[http/1.1]}{0.0.0.0:0}
2019-08-29 00:13:33,729 [main] INFO  server.AbstractConnector (AbstractConnector.java:doStop(318)) - Stopped ServerConnector@241b971f{HTTP/1.1,[http/1.1]}{0.0.0.0:0}
2019-08-29 00:13:33,731 [ForkJoinPool.commonPool-worker-1] INFO  handler.ContextHandler (ContextHandler.java:doStop(910)) - Stopped o.e.j.s.ServletContextHandler@37e7c4cc{/static,jar:file:/home/user/.m2/repository/org/apache/hadoop/hadoop-hdds-container-service/0.5.0-SNAPSHOT/hadoop-hdds-container-service-0.5.0-SNAPSHOT.jar!/webapps/static,UNAVAILABLE}
2019-08-29 00:13:33,731 [main] INFO  handler.ContextHandler (ContextHandler.java:doStop(910)) - Stopped o.e.j.s.ServletContextHandler@340afaf8{/static,jar:file:/home/user/.m2/repository/org/apache/hadoop/hadoop-hdds-container-service/0.5.0-SNAPSHOT/hadoop-hdds-container-service-0.5.0-SNAPSHOT.jar!/webapps/static,UNAVAILABLE}
2019-08-29 00:13:33,732 [ForkJoinPool.commonPool-worker-1] INFO  handler.ContextHandler (ContextHandler.java:doStop(910)) - Stopped o.e.j.s.ServletContextHandler@7b9e25bd{/logs,file:///workdir/hadoop-ozone/integration-test/target/log,UNAVAILABLE}
2019-08-29 00:13:33,732 [main] INFO  handler.ContextHandler (ContextHandler.java:doStop(910)) - Stopped o.e.j.s.ServletContextHandler@61b60600{/logs,file:///workdir/hadoop-ozone/integration-test/target/log,UNAVAILABLE}
2019-08-29 00:13:34,275 [Datanode State Machine Thread - 0] INFO  statemachine.DatanodeStateMachine (DatanodeStateMachine.java:lambda$startDaemon$0(350)) - Ozone container server started.
2019-08-29 00:13:34,299 [Datanode State Machine Thread - 0] INFO  statemachine.DatanodeStateMachine (DatanodeStateMachine.java:lambda$startDaemon$0(350)) - Ozone container server started.
2019-08-29 00:13:37,768 [Thread-3350] INFO  impl.FollowerState (FollowerState.java:run(106)) - b00ef5df-dfe4-4d1e-9e05-2ba8895fcbfa:group-3FF470AB4F1E changes to CANDIDATE, lastRpcTime:9237, electionTimeout:5167ms
2019-08-29 00:13:37,768 [Thread-3350] INFO  impl.RoleInfo (RoleInfo.java:shutdownFollowerState(121)) - b00ef5df-dfe4-4d1e-9e05-2ba8895fcbfa: shutdown FollowerState
2019-08-29 00:13:37,768 [Thread-3350] INFO  impl.RaftServerImpl (RaftServerImpl.java:setRole(171)) - b00ef5df-dfe4-4d1e-9e05-2ba8895fcbfa:group-3FF470AB4F1E changes role from FOLLOWER to CANDIDATE at term 1 for changeToCandidate
2019-08-29 00:13:37,768 [Thread-3350] INFO  impl.RoleInfo (RoleInfo.java:updateAndGet(143)) - b00ef5df-dfe4-4d1e-9e05-2ba8895fcbfa: start LeaderElection
2019-08-29 00:13:37,771 [b00ef5df-dfe4-4d1e-9e05-2ba8895fcbfa:group-3FF470AB4F1E:LeaderElection62] INFO  impl.RaftServerImpl (ServerState.java:setLeader(263)) - b00ef5df-dfe4-4d1e-9e05-2ba8895fcbfa:group-3FF470AB4F1E change Leader from 5ffd9840-560f-4b42-b626-c678e699dff7 to null at term 1 for initElection
2019-08-29 00:13:37,794 [b00ef5df-dfe4-4d1e-9e05-2ba8895fcbfa:group-3FF470AB4F1E:LeaderElection62] INFO  impl.LeaderElection (LeaderElection.java:askForVotes(181)) - b00ef5df-dfe4-4d1e-9e05-2ba8895fcbfa:group-3FF470AB4F1E:LeaderElection62: begin an election at term 2 for 0: [5ffd9840-560f-4b42-b626-c678e699dff7:192.168.5.155:33879, ca0bbee5-09c3-476f-9e60-5d34583977c9:192.168.5.155:41534, b00ef5df-dfe4-4d1e-9e05-2ba8895fcbfa:192.168.5.155:42302], old=null
2019-08-29 00:13:37,796 [b00ef5df-dfe4-4d1e-9e05-2ba8895fcbfa:group-3FF470AB4F1E:LeaderElection62] INFO  impl.LeaderElection (LogUtils.java:infoOrTrace(149)) - b00ef5df-dfe4-4d1e-9e05-2ba8895fcbfa:group-3FF470AB4F1E:LeaderElection62 got exception when requesting votes: {}
java.util.concurrent.ExecutionException: org.apache.ratis.thirdparty.io.grpc.StatusRuntimeException: UNAVAILABLE: io exception
	at java.util.concurrent.FutureTask.report(FutureTask.java:122)
	at java.util.concurrent.FutureTask.get(FutureTask.java:192)
	at org.apache.ratis.server.impl.LeaderElection.waitForResults(LeaderElection.java:262)
	at org.apache.ratis.server.impl.LeaderElection.askForVotes(LeaderElection.java:200)
	at org.apache.ratis.server.impl.LeaderElection.run(LeaderElection.java:130)
	at java.lang.Thread.run(Thread.java:748)
Caused by: org.apache.ratis.thirdparty.io.grpc.StatusRuntimeException: UNAVAILABLE: io exception
	at org.apache.ratis.thirdparty.io.grpc.stub.ClientCalls.toStatusRuntimeException(ClientCalls.java:233)
	at org.apache.ratis.thirdparty.io.grpc.stub.ClientCalls.getUnchecked(ClientCalls.java:214)
	at org.apache.ratis.thirdparty.io.grpc.stub.ClientCalls.blockingUnaryCall(ClientCalls.java:139)
	at org.apache.ratis.proto.grpc.RaftServerProtocolServiceGrpc$RaftServerProtocolServiceBlockingStub.requestVote(RaftServerProtocolServiceGrpc.java:265)
	at org.apache.ratis.grpc.server.GrpcServerProtocolClient.requestVote(GrpcServerProtocolClient.java:83)
	at org.apache.ratis.grpc.server.GrpcService.requestVote(GrpcService.java:195)
	at org.apache.ratis.server.impl.LeaderElection.lambda$submitRequests$1(LeaderElection.java:237)
	at java.util.concurrent.FutureTask.run(FutureTask.java:266)
	at java.util.concurrent.Executors$RunnableAdapter.call(Executors.java:511)
	at java.util.concurrent.FutureTask.run(FutureTask.java:266)
	at java.util.concurrent.ThreadPoolExecutor.runWorker(ThreadPoolExecutor.java:1149)
	at java.util.concurrent.ThreadPoolExecutor$Worker.run(ThreadPoolExecutor.java:624)
	... 1 more
Caused by: org.apache.ratis.thirdparty.io.netty.channel.AbstractChannel$AnnotatedConnectException: Connection refused: /192.168.5.155:33879
	at sun.nio.ch.SocketChannelImpl.checkConnect(Native Method)
	at sun.nio.ch.SocketChannelImpl.finishConnect(SocketChannelImpl.java:717)
	at org.apache.ratis.thirdparty.io.netty.channel.socket.nio.NioSocketChannel.doFinishConnect(NioSocketChannel.java:327)
	at org.apache.ratis.thirdparty.io.netty.channel.nio.AbstractNioChannel$AbstractNioUnsafe.finishConnect(AbstractNioChannel.java:340)
	at org.apache.ratis.thirdparty.io.netty.channel.nio.NioEventLoop.processSelectedKey(NioEventLoop.java:632)
	at org.apache.ratis.thirdparty.io.netty.channel.nio.NioEventLoop.processSelectedKeysOptimized(NioEventLoop.java:579)
	at org.apache.ratis.thirdparty.io.netty.channel.nio.NioEventLoop.processSelectedKeys(NioEventLoop.java:496)
	at org.apache.ratis.thirdparty.io.netty.channel.nio.NioEventLoop.run(NioEventLoop.java:458)
	at org.apache.ratis.thirdparty.io.netty.util.concurrent.SingleThreadEventExecutor$5.run(SingleThreadEventExecutor.java:897)
	at org.apache.ratis.thirdparty.io.netty.util.concurrent.FastThreadLocalRunnable.run(FastThreadLocalRunnable.java:30)
	... 1 more
Caused by: java.net.ConnectException: Connection refused
	... 11 more
2019-08-29 00:13:37,798 [b00ef5df-dfe4-4d1e-9e05-2ba8895fcbfa:group-3FF470AB4F1E:LeaderElection62] INFO  impl.LeaderElection (LogUtils.java:infoOrTrace(149)) - b00ef5df-dfe4-4d1e-9e05-2ba8895fcbfa:group-3FF470AB4F1E:LeaderElection62 got exception when requesting votes: {}
java.util.concurrent.ExecutionException: org.apache.ratis.thirdparty.io.grpc.StatusRuntimeException: UNAVAILABLE: io exception
	at java.util.concurrent.FutureTask.report(FutureTask.java:122)
	at java.util.concurrent.FutureTask.get(FutureTask.java:192)
	at org.apache.ratis.server.impl.LeaderElection.waitForResults(LeaderElection.java:262)
	at org.apache.ratis.server.impl.LeaderElection.askForVotes(LeaderElection.java:200)
	at org.apache.ratis.server.impl.LeaderElection.run(LeaderElection.java:130)
	at java.lang.Thread.run(Thread.java:748)
Caused by: org.apache.ratis.thirdparty.io.grpc.StatusRuntimeException: UNAVAILABLE: io exception
	at org.apache.ratis.thirdparty.io.grpc.stub.ClientCalls.toStatusRuntimeException(ClientCalls.java:233)
	at org.apache.ratis.thirdparty.io.grpc.stub.ClientCalls.getUnchecked(ClientCalls.java:214)
	at org.apache.ratis.thirdparty.io.grpc.stub.ClientCalls.blockingUnaryCall(ClientCalls.java:139)
	at org.apache.ratis.proto.grpc.RaftServerProtocolServiceGrpc$RaftServerProtocolServiceBlockingStub.requestVote(RaftServerProtocolServiceGrpc.java:265)
	at org.apache.ratis.grpc.server.GrpcServerProtocolClient.requestVote(GrpcServerProtocolClient.java:83)
	at org.apache.ratis.grpc.server.GrpcService.requestVote(GrpcService.java:195)
	at org.apache.ratis.server.impl.LeaderElection.lambda$submitRequests$1(LeaderElection.java:237)
	at java.util.concurrent.FutureTask.run(FutureTask.java:266)
	at java.util.concurrent.Executors$RunnableAdapter.call(Executors.java:511)
	at java.util.concurrent.FutureTask.run(FutureTask.java:266)
	at java.util.concurrent.ThreadPoolExecutor.runWorker(ThreadPoolExecutor.java:1149)
	at java.util.concurrent.ThreadPoolExecutor$Worker.run(ThreadPoolExecutor.java:624)
	... 1 more
Caused by: org.apache.ratis.thirdparty.io.netty.channel.AbstractChannel$AnnotatedConnectException: Connection refused: /192.168.5.155:41534
	at sun.nio.ch.SocketChannelImpl.checkConnect(Native Method)
	at sun.nio.ch.SocketChannelImpl.finishConnect(SocketChannelImpl.java:717)
	at org.apache.ratis.thirdparty.io.netty.channel.socket.nio.NioSocketChannel.doFinishConnect(NioSocketChannel.java:327)
	at org.apache.ratis.thirdparty.io.netty.channel.nio.AbstractNioChannel$AbstractNioUnsafe.finishConnect(AbstractNioChannel.java:340)
	at org.apache.ratis.thirdparty.io.netty.channel.nio.NioEventLoop.processSelectedKey(NioEventLoop.java:632)
	at org.apache.ratis.thirdparty.io.netty.channel.nio.NioEventLoop.processSelectedKeysOptimized(NioEventLoop.java:579)
	at org.apache.ratis.thirdparty.io.netty.channel.nio.NioEventLoop.processSelectedKeys(NioEventLoop.java:496)
	at org.apache.ratis.thirdparty.io.netty.channel.nio.NioEventLoop.run(NioEventLoop.java:458)
	at org.apache.ratis.thirdparty.io.netty.util.concurrent.SingleThreadEventExecutor$5.run(SingleThreadEventExecutor.java:897)
	at org.apache.ratis.thirdparty.io.netty.util.concurrent.FastThreadLocalRunnable.run(FastThreadLocalRunnable.java:30)
	... 1 more
Caused by: java.net.ConnectException: Connection refused
	... 11 more
2019-08-29 00:13:37,800 [b00ef5df-dfe4-4d1e-9e05-2ba8895fcbfa:group-3FF470AB4F1E:LeaderElection62] INFO  impl.LeaderElection (LeaderElection.java:logAndReturn(56)) - b00ef5df-dfe4-4d1e-9e05-2ba8895fcbfa:group-3FF470AB4F1E:LeaderElection62: Election REJECTED; received 0 response(s) [] and 2 exception(s); b00ef5df-dfe4-4d1e-9e05-2ba8895fcbfa:t2, leader=null, voted=b00ef5df-dfe4-4d1e-9e05-2ba8895fcbfa, raftlog=b00ef5df-dfe4-4d1e-9e05-2ba8895fcbfa-SegmentedRaftLog:OPENED:c16,f16,i16, conf=0: [5ffd9840-560f-4b42-b626-c678e699dff7:192.168.5.155:33879, ca0bbee5-09c3-476f-9e60-5d34583977c9:192.168.5.155:41534, b00ef5df-dfe4-4d1e-9e05-2ba8895fcbfa:192.168.5.155:42302], old=null
2019-08-29 00:13:37,800 [b00ef5df-dfe4-4d1e-9e05-2ba8895fcbfa:group-3FF470AB4F1E:LeaderElection62] INFO  impl.LeaderElection (LogUtils.java:infoOrTrace(149)) -   Exception 0: {}
java.util.concurrent.ExecutionException: org.apache.ratis.thirdparty.io.grpc.StatusRuntimeException: UNAVAILABLE: io exception
	at java.util.concurrent.FutureTask.report(FutureTask.java:122)
	at java.util.concurrent.FutureTask.get(FutureTask.java:192)
	at org.apache.ratis.server.impl.LeaderElection.waitForResults(LeaderElection.java:262)
	at org.apache.ratis.server.impl.LeaderElection.askForVotes(LeaderElection.java:200)
	at org.apache.ratis.server.impl.LeaderElection.run(LeaderElection.java:130)
	at java.lang.Thread.run(Thread.java:748)
Caused by: org.apache.ratis.thirdparty.io.grpc.StatusRuntimeException: UNAVAILABLE: io exception
	at org.apache.ratis.thirdparty.io.grpc.stub.ClientCalls.toStatusRuntimeException(ClientCalls.java:233)
	at org.apache.ratis.thirdparty.io.grpc.stub.ClientCalls.getUnchecked(ClientCalls.java:214)
	at org.apache.ratis.thirdparty.io.grpc.stub.ClientCalls.blockingUnaryCall(ClientCalls.java:139)
	at org.apache.ratis.proto.grpc.RaftServerProtocolServiceGrpc$RaftServerProtocolServiceBlockingStub.requestVote(RaftServerProtocolServiceGrpc.java:265)
	at org.apache.ratis.grpc.server.GrpcServerProtocolClient.requestVote(GrpcServerProtocolClient.java:83)
	at org.apache.ratis.grpc.server.GrpcService.requestVote(GrpcService.java:195)
	at org.apache.ratis.server.impl.LeaderElection.lambda$submitRequests$1(LeaderElection.java:237)
	at java.util.concurrent.FutureTask.run(FutureTask.java:266)
	at java.util.concurrent.Executors$RunnableAdapter.call(Executors.java:511)
	at java.util.concurrent.FutureTask.run(FutureTask.java:266)
	at java.util.concurrent.ThreadPoolExecutor.runWorker(ThreadPoolExecutor.java:1149)
	at java.util.concurrent.ThreadPoolExecutor$Worker.run(ThreadPoolExecutor.java:624)
	... 1 more
Caused by: org.apache.ratis.thirdparty.io.netty.channel.AbstractChannel$AnnotatedConnectException: Connection refused: /192.168.5.155:33879
	at sun.nio.ch.SocketChannelImpl.checkConnect(Native Method)
	at sun.nio.ch.SocketChannelImpl.finishConnect(SocketChannelImpl.java:717)
	at org.apache.ratis.thirdparty.io.netty.channel.socket.nio.NioSocketChannel.doFinishConnect(NioSocketChannel.java:327)
	at org.apache.ratis.thirdparty.io.netty.channel.nio.AbstractNioChannel$AbstractNioUnsafe.finishConnect(AbstractNioChannel.java:340)
	at org.apache.ratis.thirdparty.io.netty.channel.nio.NioEventLoop.processSelectedKey(NioEventLoop.java:632)
	at org.apache.ratis.thirdparty.io.netty.channel.nio.NioEventLoop.processSelectedKeysOptimized(NioEventLoop.java:579)
	at org.apache.ratis.thirdparty.io.netty.channel.nio.NioEventLoop.processSelectedKeys(NioEventLoop.java:496)
	at org.apache.ratis.thirdparty.io.netty.channel.nio.NioEventLoop.run(NioEventLoop.java:458)
	at org.apache.ratis.thirdparty.io.netty.util.concurrent.SingleThreadEventExecutor$5.run(SingleThreadEventExecutor.java:897)
	at org.apache.ratis.thirdparty.io.netty.util.concurrent.FastThreadLocalRunnable.run(FastThreadLocalRunnable.java:30)
	... 1 more
Caused by: java.net.ConnectException: Connection refused
	... 11 more
2019-08-29 00:13:37,801 [b00ef5df-dfe4-4d1e-9e05-2ba8895fcbfa:group-3FF470AB4F1E:LeaderElection62] INFO  impl.LeaderElection (LogUtils.java:infoOrTrace(149)) -   Exception 1: {}
java.util.concurrent.ExecutionException: org.apache.ratis.thirdparty.io.grpc.StatusRuntimeException: UNAVAILABLE: io exception
	at java.util.concurrent.FutureTask.report(FutureTask.java:122)
	at java.util.concurrent.FutureTask.get(FutureTask.java:192)
	at org.apache.ratis.server.impl.LeaderElection.waitForResults(LeaderElection.java:262)
	at org.apache.ratis.server.impl.LeaderElection.askForVotes(LeaderElection.java:200)
	at org.apache.ratis.server.impl.LeaderElection.run(LeaderElection.java:130)
	at java.lang.Thread.run(Thread.java:748)
Caused by: org.apache.ratis.thirdparty.io.grpc.StatusRuntimeException: UNAVAILABLE: io exception
	at org.apache.ratis.thirdparty.io.grpc.stub.ClientCalls.toStatusRuntimeException(ClientCalls.java:233)
	at org.apache.ratis.thirdparty.io.grpc.stub.ClientCalls.getUnchecked(ClientCalls.java:214)
	at org.apache.ratis.thirdparty.io.grpc.stub.ClientCalls.blockingUnaryCall(ClientCalls.java:139)
	at org.apache.ratis.proto.grpc.RaftServerProtocolServiceGrpc$RaftServerProtocolServiceBlockingStub.requestVote(RaftServerProtocolServiceGrpc.java:265)
	at org.apache.ratis.grpc.server.GrpcServerProtocolClient.requestVote(GrpcServerProtocolClient.java:83)
	at org.apache.ratis.grpc.server.GrpcService.requestVote(GrpcService.java:195)
	at org.apache.ratis.server.impl.LeaderElection.lambda$submitRequests$1(LeaderElection.java:237)
	at java.util.concurrent.FutureTask.run(FutureTask.java:266)
	at java.util.concurrent.Executors$RunnableAdapter.call(Executors.java:511)
	at java.util.concurrent.FutureTask.run(FutureTask.java:266)
	at java.util.concurrent.ThreadPoolExecutor.runWorker(ThreadPoolExecutor.java:1149)
	at java.util.concurrent.ThreadPoolExecutor$Worker.run(ThreadPoolExecutor.java:624)
	... 1 more
Caused by: org.apache.ratis.thirdparty.io.netty.channel.AbstractChannel$AnnotatedConnectException: Connection refused: /192.168.5.155:41534
	at sun.nio.ch.SocketChannelImpl.checkConnect(Native Method)
	at sun.nio.ch.SocketChannelImpl.finishConnect(SocketChannelImpl.java:717)
	at org.apache.ratis.thirdparty.io.netty.channel.socket.nio.NioSocketChannel.doFinishConnect(NioSocketChannel.java:327)
	at org.apache.ratis.thirdparty.io.netty.channel.nio.AbstractNioChannel$AbstractNioUnsafe.finishConnect(AbstractNioChannel.java:340)
	at org.apache.ratis.thirdparty.io.netty.channel.nio.NioEventLoop.processSelectedKey(NioEventLoop.java:632)
	at org.apache.ratis.thirdparty.io.netty.channel.nio.NioEventLoop.processSelectedKeysOptimized(NioEventLoop.java:579)
	at org.apache.ratis.thirdparty.io.netty.channel.nio.NioEventLoop.processSelectedKeys(NioEventLoop.java:496)
	at org.apache.ratis.thirdparty.io.netty.channel.nio.NioEventLoop.run(NioEventLoop.java:458)
	at org.apache.ratis.thirdparty.io.netty.util.concurrent.SingleThreadEventExecutor$5.run(SingleThreadEventExecutor.java:897)
	at org.apache.ratis.thirdparty.io.netty.util.concurrent.FastThreadLocalRunnable.run(FastThreadLocalRunnable.java:30)
	... 1 more
Caused by: java.net.ConnectException: Connection refused
	... 11 more
2019-08-29 00:13:37,801 [b00ef5df-dfe4-4d1e-9e05-2ba8895fcbfa:group-3FF470AB4F1E:LeaderElection62] INFO  impl.RaftServerImpl (RaftServerImpl.java:setRole(171)) - b00ef5df-dfe4-4d1e-9e05-2ba8895fcbfa:group-3FF470AB4F1E changes role from CANDIDATE to FOLLOWER at term 2 for DISCOVERED_A_NEW_TERM
2019-08-29 00:13:37,801 [b00ef5df-dfe4-4d1e-9e05-2ba8895fcbfa:group-3FF470AB4F1E:LeaderElection62] INFO  impl.RoleInfo (RoleInfo.java:shutdownLeaderElection(134)) - b00ef5df-dfe4-4d1e-9e05-2ba8895fcbfa: shutdown LeaderElection
2019-08-29 00:13:37,801 [b00ef5df-dfe4-4d1e-9e05-2ba8895fcbfa:group-3FF470AB4F1E:LeaderElection62] INFO  impl.RoleInfo (RoleInfo.java:updateAndGet(143)) - b00ef5df-dfe4-4d1e-9e05-2ba8895fcbfa: start FollowerState
2019-08-29 00:13:38,308 [EventQueue-StaleNodeForStaleNodeHandler] INFO  node.StaleNodeHandler (StaleNodeHandler.java:onMessage(58)) - Datanode f23e32b5-1859-4d8d-ab6e-3ad369251285{ip: 192.168.5.155, host: pr-hdds-2053-lkbb5-4073252909, networkLocation: /default-rack, certSerialId: null} moved to stale state. Finalizing its pipelines [PipelineID=7627eb59-ac0f-4658-a5e8-4e53d21edc07]
2019-08-29 00:13:38,309 [EventQueue-StaleNodeForStaleNodeHandler] INFO  pipeline.SCMPipelineManager (SCMPipelineManager.java:finalizeAndDestroyPipeline(309)) - destroying pipeline:Pipeline[ Id: 7627eb59-ac0f-4658-a5e8-4e53d21edc07, Nodes: f23e32b5-1859-4d8d-ab6e-3ad369251285{ip: 192.168.5.155, host: pr-hdds-2053-lkbb5-4073252909, networkLocation: /default-rack, certSerialId: null}, Type:RATIS, Factor:ONE, State:OPEN]
2019-08-29 00:13:38,309 [EventQueue-StaleNodeForStaleNodeHandler] INFO  pipeline.PipelineStateManager (PipelineStateManager.java:finalizePipeline(123)) - Pipeline Pipeline[ Id: 7627eb59-ac0f-4658-a5e8-4e53d21edc07, Nodes: f23e32b5-1859-4d8d-ab6e-3ad369251285{ip: 192.168.5.155, host: pr-hdds-2053-lkbb5-4073252909, networkLocation: /default-rack, certSerialId: null}, Type:RATIS, Factor:ONE, State:CLOSED] moved to CLOSED state
2019-08-29 00:13:38,309 [EventQueue-StaleNodeForStaleNodeHandler] INFO  node.StaleNodeHandler (StaleNodeHandler.java:onMessage(58)) - Datanode b00ef5df-dfe4-4d1e-9e05-2ba8895fcbfa{ip: 192.168.5.155, host: pr-hdds-2053-lkbb5-4073252909, networkLocation: /default-rack, certSerialId: null} moved to stale state. Finalizing its pipelines [PipelineID=2db875d4-60a0-4a28-bfb4-c574e3e46227, PipelineID=a7ff0b15-756b-42ba-82b6-3ff470ab4f1e]
2019-08-29 00:13:38,309 [EventQueue-StaleNodeForStaleNodeHandler] INFO  pipeline.SCMPipelineManager (SCMPipelineManager.java:finalizeAndDestroyPipeline(309)) - destroying pipeline:Pipeline[ Id: 2db875d4-60a0-4a28-bfb4-c574e3e46227, Nodes: b00ef5df-dfe4-4d1e-9e05-2ba8895fcbfa{ip: 192.168.5.155, host: pr-hdds-2053-lkbb5-4073252909, networkLocation: /default-rack, certSerialId: null}, Type:RATIS, Factor:ONE, State:OPEN]
2019-08-29 00:13:38,310 [EventQueue-StaleNodeForStaleNodeHandler] INFO  pipeline.PipelineStateManager (PipelineStateManager.java:finalizePipeline(123)) - Pipeline Pipeline[ Id: 2db875d4-60a0-4a28-bfb4-c574e3e46227, Nodes: b00ef5df-dfe4-4d1e-9e05-2ba8895fcbfa{ip: 192.168.5.155, host: pr-hdds-2053-lkbb5-4073252909, networkLocation: /default-rack, certSerialId: null}, Type:RATIS, Factor:ONE, State:CLOSED] moved to CLOSED state
2019-08-29 00:13:38,310 [EventQueue-StaleNodeForStaleNodeHandler] INFO  pipeline.SCMPipelineManager (SCMPipelineManager.java:finalizeAndDestroyPipeline(309)) - destroying pipeline:Pipeline[ Id: a7ff0b15-756b-42ba-82b6-3ff470ab4f1e, Nodes: 5ffd9840-560f-4b42-b626-c678e699dff7{ip: 192.168.5.155, host: pr-hdds-2053-lkbb5-4073252909, networkLocation: /default-rack, certSerialId: null}b00ef5df-dfe4-4d1e-9e05-2ba8895fcbfa{ip: 192.168.5.155, host: pr-hdds-2053-lkbb5-4073252909, networkLocation: /default-rack, certSerialId: null}ca0bbee5-09c3-476f-9e60-5d34583977c9{ip: 192.168.5.155, host: pr-hdds-2053-lkbb5-4073252909, networkLocation: /default-rack, certSerialId: null}, Type:RATIS, Factor:THREE, State:CLOSED]
2019-08-29 00:13:38,733 [ForkJoinPool.commonPool-worker-1] INFO  ozoneimpl.OzoneContainer (OzoneContainer.java:stop(215)) - Attempting to stop container services.
2019-08-29 00:13:38,733 [main] INFO  ozoneimpl.OzoneContainer (OzoneContainer.java:stop(215)) - Attempting to stop container services.
2019-08-29 00:13:38,734 [ForkJoinPool.commonPool-worker-1] INFO  impl.RaftServerProxy (RaftServerProxy.java:lambda$close$4(314)) - b00ef5df-dfe4-4d1e-9e05-2ba8895fcbfa: close
2019-08-29 00:13:38,734 [main] INFO  impl.RaftServerProxy (RaftServerProxy.java:lambda$close$4(314)) - f23e32b5-1859-4d8d-ab6e-3ad369251285: close
2019-08-29 00:13:38,734 [ForkJoinPool.commonPool-worker-1] INFO  impl.RaftServerImpl (RaftServerImpl.java:lambda$shutdown$3(245)) - b00ef5df-dfe4-4d1e-9e05-2ba8895fcbfa: shutdown group-C574E3E46227
2019-08-29 00:13:38,735 [main] INFO  impl.RaftServerImpl (RaftServerImpl.java:lambda$shutdown$3(245)) - f23e32b5-1859-4d8d-ab6e-3ad369251285: shutdown group-4E53D21EDC07
2019-08-29 00:13:38,735 [ForkJoinPool.commonPool-worker-1] INFO  util.JmxRegister (JmxRegister.java:unregister(73)) - Successfully un-registered JMX Bean with object name Ratis:service=RaftServer,group=group-C574E3E46227,id=b00ef5df-dfe4-4d1e-9e05-2ba8895fcbfa
2019-08-29 00:13:38,735 [main] INFO  util.JmxRegister (JmxRegister.java:unregister(73)) - Successfully un-registered JMX Bean with object name Ratis:service=RaftServer,group=group-4E53D21EDC07,id=f23e32b5-1859-4d8d-ab6e-3ad369251285
2019-08-29 00:13:38,736 [ForkJoinPool.commonPool-worker-1] INFO  impl.RoleInfo (RoleInfo.java:shutdownLeaderState(104)) - b00ef5df-dfe4-4d1e-9e05-2ba8895fcbfa: shutdown LeaderState
2019-08-29 00:13:38,736 [main] INFO  impl.RoleInfo (RoleInfo.java:shutdownLeaderState(104)) - f23e32b5-1859-4d8d-ab6e-3ad369251285: shutdown LeaderState
2019-08-29 00:13:38,737 [ForkJoinPool.commonPool-worker-1] INFO  impl.PendingRequests (PendingRequests.java:sendNotLeaderResponses(202)) - b00ef5df-dfe4-4d1e-9e05-2ba8895fcbfa-PendingRequests: sendNotLeaderResponses
2019-08-29 00:13:38,737 [main] INFO  impl.PendingRequests (PendingRequests.java:sendNotLeaderResponses(202)) - f23e32b5-1859-4d8d-ab6e-3ad369251285-PendingRequests: sendNotLeaderResponses
2019-08-29 00:13:38,738 [ForkJoinPool.commonPool-worker-1] INFO  impl.StateMachineUpdater (StateMachineUpdater.java:stopAndJoin(115)) - StateMachineUpdater:b00ef5df-dfe4-4d1e-9e05-2ba8895fcbfa:group-C574E3E46227: set stopIndex = 0
2019-08-29 00:13:38,738 [main] INFO  impl.StateMachineUpdater (StateMachineUpdater.java:stopAndJoin(115)) - StateMachineUpdater:f23e32b5-1859-4d8d-ab6e-3ad369251285:group-4E53D21EDC07: set stopIndex = 0
2019-08-29 00:13:38,739 [main] INFO  impl.RaftServerImpl (ServerState.java:close(394)) - f23e32b5-1859-4d8d-ab6e-3ad369251285:group-4E53D21EDC07 closes. The last applied log index is 0
2019-08-29 00:13:38,739 [ForkJoinPool.commonPool-worker-1] INFO  impl.RaftServerImpl (ServerState.java:close(394)) - b00ef5df-dfe4-4d1e-9e05-2ba8895fcbfa:group-C574E3E46227 closes. The last applied log index is 0
2019-08-29 00:13:38,740 [f23e32b5-1859-4d8d-ab6e-3ad369251285-SegmentedRaftLogWorker:Storage Directory /workdir/hadoop-ozone/integration-test/target/test-dir/MiniOzoneClusterImpl-3c083a2a-a42b-42af-b78a-3f3e8042569f/datanode-6/data/ratis/7627eb59-ac0f-4658-a5e8-4e53d21edc07] INFO  segmented.SegmentedRaftLogWorker (SegmentedRaftLogWorker.java:run(313)) - f23e32b5-1859-4d8d-ab6e-3ad369251285-SegmentedRaftLogWorker:Storage Directory /workdir/hadoop-ozone/integration-test/target/test-dir/MiniOzoneClusterImpl-3c083a2a-a42b-42af-b78a-3f3e8042569f/datanode-6/data/ratis/7627eb59-ac0f-4658-a5e8-4e53d21edc07 was interrupted, exiting. There are 0 tasks remaining in the queue.
2019-08-29 00:13:38,740 [b00ef5df-dfe4-4d1e-9e05-2ba8895fcbfa-SegmentedRaftLogWorker:Storage Directory /workdir/hadoop-ozone/integration-test/target/test-dir/MiniOzoneClusterImpl-3c083a2a-a42b-42af-b78a-3f3e8042569f/datanode-0/data/ratis/2db875d4-60a0-4a28-bfb4-c574e3e46227] INFO  segmented.SegmentedRaftLogWorker (SegmentedRaftLogWorker.java:run(313)) - b00ef5df-dfe4-4d1e-9e05-2ba8895fcbfa-SegmentedRaftLogWorker:Storage Directory /workdir/hadoop-ozone/integration-test/target/test-dir/MiniOzoneClusterImpl-3c083a2a-a42b-42af-b78a-3f3e8042569f/datanode-0/data/ratis/2db875d4-60a0-4a28-bfb4-c574e3e46227 was interrupted, exiting. There are 0 tasks remaining in the queue.
2019-08-29 00:13:38,743 [main] INFO  segmented.SegmentedRaftLogWorker (SegmentedRaftLogWorker.java:close(228)) - f23e32b5-1859-4d8d-ab6e-3ad369251285-SegmentedRaftLogWorker:Storage Directory /workdir/hadoop-ozone/integration-test/target/test-dir/MiniOzoneClusterImpl-3c083a2a-a42b-42af-b78a-3f3e8042569f/datanode-6/data/ratis/7627eb59-ac0f-4658-a5e8-4e53d21edc07 close()
2019-08-29 00:13:38,744 [ForkJoinPool.commonPool-worker-1] INFO  segmented.SegmentedRaftLogWorker (SegmentedRaftLogWorker.java:close(228)) - b00ef5df-dfe4-4d1e-9e05-2ba8895fcbfa-SegmentedRaftLogWorker:Storage Directory /workdir/hadoop-ozone/integration-test/target/test-dir/MiniOzoneClusterImpl-3c083a2a-a42b-42af-b78a-3f3e8042569f/datanode-0/data/ratis/2db875d4-60a0-4a28-bfb4-c574e3e46227 close()
2019-08-29 00:13:38,747 [main] INFO  server.GrpcService (GrpcService.java:closeImpl(155)) - f23e32b5-1859-4d8d-ab6e-3ad369251285: shutdown server with port 43339 now
2019-08-29 00:13:38,757 [ForkJoinPool.commonPool-worker-1] INFO  impl.RaftServerImpl (RaftServerImpl.java:lambda$shutdown$3(245)) - b00ef5df-dfe4-4d1e-9e05-2ba8895fcbfa: shutdown group-3FF470AB4F1E
2019-08-29 00:13:38,758 [main] INFO  server.GrpcService (GrpcService.java:closeImpl(163)) - f23e32b5-1859-4d8d-ab6e-3ad369251285: shutdown server with port 43339 successfully
2019-08-29 00:13:38,758 [ForkJoinPool.commonPool-worker-1] INFO  util.JmxRegister (JmxRegister.java:unregister(73)) - Successfully un-registered JMX Bean with object name Ratis:service=RaftServer,group=group-3FF470AB4F1E,id=b00ef5df-dfe4-4d1e-9e05-2ba8895fcbfa
2019-08-29 00:13:38,758 [ForkJoinPool.commonPool-worker-1] INFO  impl.RoleInfo (RoleInfo.java:shutdownFollowerState(121)) - b00ef5df-dfe4-4d1e-9e05-2ba8895fcbfa: shutdown FollowerState
2019-08-29 00:13:38,759 [ForkJoinPool.commonPool-worker-1] INFO  impl.StateMachineUpdater (StateMachineUpdater.java:stopAndJoin(115)) - StateMachineUpdater:b00ef5df-dfe4-4d1e-9e05-2ba8895fcbfa:group-3FF470AB4F1E: set stopIndex = 16
2019-08-29 00:13:38,759 [StateMachineUpdater:b00ef5df-dfe4-4d1e-9e05-2ba8895fcbfa:group-3FF470AB4F1E] INFO  ratis.ContainerStateMachine (ContainerStateMachine.java:takeSnapshot(284)) - group-3FF470AB4F1E: Taking a snapshot at:(t:1, i:14) file /workdir/hadoop-ozone/integration-test/target/test-dir/MiniOzoneClusterImpl-3c083a2a-a42b-42af-b78a-3f3e8042569f/datanode-0/data/ratis/a7ff0b15-756b-42ba-82b6-3ff470ab4f1e/sm/snapshot.1_14
2019-08-29 00:13:38,759 [Thread-3552] INFO  impl.FollowerState (FollowerState.java:run(114)) - b00ef5df-dfe4-4d1e-9e05-2ba8895fcbfa: FollowerState was interrupted: java.lang.InterruptedException: sleep interrupted
2019-08-29 00:13:38,762 [refreshUsed-/workdir/hadoop-ozone/integration-test/target/test-dir/MiniOzoneClusterImpl-3c083a2a-a42b-42af-b78a-3f3e8042569f/datanode-6/data/containers] WARN  fs.CachingGetSpaceUsed (CachingGetSpaceUsed.java:run(183)) - Thread Interrupted waiting to refresh disk information: sleep interrupted
2019-08-29 00:13:38,783 [main] INFO  utils.BackgroundService (BackgroundService.java:shutdown(148)) - Shutting down service BlockDeletingService
2019-08-29 00:13:38,786 [StateMachineUpdater:b00ef5df-dfe4-4d1e-9e05-2ba8895fcbfa:group-3FF470AB4F1E] INFO  ratis.ContainerStateMachine (ContainerStateMachine.java:takeSnapshot(295)) - group-3FF470AB4F1E: Finished taking a snapshot at:(t:1, i:14) file:/workdir/hadoop-ozone/integration-test/target/test-dir/MiniOzoneClusterImpl-3c083a2a-a42b-42af-b78a-3f3e8042569f/datanode-0/data/ratis/a7ff0b15-756b-42ba-82b6-3ff470ab4f1e/sm/snapshot.1_14 time:27
2019-08-29 00:13:38,786 [StateMachineUpdater:b00ef5df-dfe4-4d1e-9e05-2ba8895fcbfa:group-3FF470AB4F1E] INFO  impl.StateMachineUpdater (StateMachineUpdater.java:takeSnapshot(242)) - StateMachineUpdater:b00ef5df-dfe4-4d1e-9e05-2ba8895fcbfa:group-3FF470AB4F1E: Took a snapshot at index 14
2019-08-29 00:13:38,787 [main] INFO  statemachine.DatanodeStateMachine (DatanodeStateMachine.java:stopDaemon(395)) - Ozone container server stopped.
2019-08-29 00:13:38,787 [StateMachineUpdater:b00ef5df-dfe4-4d1e-9e05-2ba8895fcbfa:group-3FF470AB4F1E] INFO  impl.StateMachineUpdater (StateMachineUpdater.java:lambda$new$0(80)) - StateMachineUpdater:b00ef5df-dfe4-4d1e-9e05-2ba8895fcbfa:group-3FF470AB4F1E: snapshotIndex: updateIncreasingly -1 -> 14
2019-08-29 00:13:38,788 [ForkJoinPool.commonPool-worker-1] INFO  impl.RaftServerImpl (ServerState.java:close(394)) - b00ef5df-dfe4-4d1e-9e05-2ba8895fcbfa:group-3FF470AB4F1E closes. The last applied log index is 16
2019-08-29 00:13:38,789 [main] INFO  handler.ContextHandler (ContextHandler.java:doStop(910)) - Stopped o.e.j.w.WebAppContext@5fb5ad40{/,null,UNAVAILABLE}{/hddsDatanode}
2019-08-29 00:13:38,789 [b00ef5df-dfe4-4d1e-9e05-2ba8895fcbfa-SegmentedRaftLogWorker:Storage Directory /workdir/hadoop-ozone/integration-test/target/test-dir/MiniOzoneClusterImpl-3c083a2a-a42b-42af-b78a-3f3e8042569f/datanode-0/data/ratis/a7ff0b15-756b-42ba-82b6-3ff470ab4f1e] INFO  segmented.SegmentedRaftLogWorker (SegmentedRaftLogWorker.java:run(313)) - b00ef5df-dfe4-4d1e-9e05-2ba8895fcbfa-SegmentedRaftLogWorker:Storage Directory /workdir/hadoop-ozone/integration-test/target/test-dir/MiniOzoneClusterImpl-3c083a2a-a42b-42af-b78a-3f3e8042569f/datanode-0/data/ratis/a7ff0b15-756b-42ba-82b6-3ff470ab4f1e was interrupted, exiting. There are 0 tasks remaining in the queue.
2019-08-29 00:13:38,790 [ForkJoinPool.commonPool-worker-1] INFO  segmented.SegmentedRaftLogWorker (SegmentedRaftLogWorker.java:close(228)) - b00ef5df-dfe4-4d1e-9e05-2ba8895fcbfa-SegmentedRaftLogWorker:Storage Directory /workdir/hadoop-ozone/integration-test/target/test-dir/MiniOzoneClusterImpl-3c083a2a-a42b-42af-b78a-3f3e8042569f/datanode-0/data/ratis/a7ff0b15-756b-42ba-82b6-3ff470ab4f1e close()
2019-08-29 00:13:38,791 [main] INFO  server.AbstractConnector (AbstractConnector.java:doStop(318)) - Stopped ServerConnector@615439f7{HTTP/1.1,[http/1.1]}{0.0.0.0:0}
2019-08-29 00:13:38,793 [ForkJoinPool.commonPool-worker-1] INFO  server.GrpcService (GrpcService.java:closeImpl(155)) - b00ef5df-dfe4-4d1e-9e05-2ba8895fcbfa: shutdown server with port 42302 now
2019-08-29 00:13:38,793 [main] INFO  handler.ContextHandler (ContextHandler.java:doStop(910)) - Stopped o.e.j.s.ServletContextHandler@6d874695{/static,jar:file:/home/user/.m2/repository/org/apache/hadoop/hadoop-hdds-container-service/0.5.0-SNAPSHOT/hadoop-hdds-container-service-0.5.0-SNAPSHOT.jar!/webapps/static,UNAVAILABLE}
2019-08-29 00:13:38,793 [ForkJoinPool.commonPool-worker-1] INFO  server.GrpcService (GrpcService.java:closeImpl(163)) - b00ef5df-dfe4-4d1e-9e05-2ba8895fcbfa: shutdown server with port 42302 successfully
2019-08-29 00:13:38,794 [main] INFO  handler.ContextHandler (ContextHandler.java:doStop(910)) - Stopped o.e.j.s.ServletContextHandler@4703c998{/logs,file:///workdir/hadoop-ozone/integration-test/target/log,UNAVAILABLE}
2019-08-29 00:13:38,796 [refreshUsed-/workdir/hadoop-ozone/integration-test/target/test-dir/MiniOzoneClusterImpl-3c083a2a-a42b-42af-b78a-3f3e8042569f/datanode-0/data/containers] WARN  fs.CachingGetSpaceUsed (CachingGetSpaceUsed.java:run(183)) - Thread Interrupted waiting to refresh disk information: sleep interrupted
2019-08-29 00:13:38,815 [ForkJoinPool.commonPool-worker-1] INFO  utils.BackgroundService (BackgroundService.java:shutdown(148)) - Shutting down service BlockDeletingService
2019-08-29 00:13:38,818 [ForkJoinPool.commonPool-worker-1] INFO  statemachine.DatanodeStateMachine (DatanodeStateMachine.java:stopDaemon(395)) - Ozone container server stopped.
2019-08-29 00:13:38,821 [ForkJoinPool.commonPool-worker-1] INFO  handler.ContextHandler (ContextHandler.java:doStop(910)) - Stopped o.e.j.w.WebAppContext@78b03788{/,null,UNAVAILABLE}{/hddsDatanode}
2019-08-29 00:13:38,822 [ForkJoinPool.commonPool-worker-1] INFO  server.AbstractConnector (AbstractConnector.java:doStop(318)) - Stopped ServerConnector@3f5dfe69{HTTP/1.1,[http/1.1]}{0.0.0.0:0}
2019-08-29 00:13:38,823 [ForkJoinPool.commonPool-worker-1] INFO  handler.ContextHandler (ContextHandler.java:doStop(910)) - Stopped o.e.j.s.ServletContextHandler@36478bce{/static,jar:file:/home/user/.m2/repository/org/apache/hadoop/hadoop-hdds-container-service/0.5.0-SNAPSHOT/hadoop-hdds-container-service-0.5.0-SNAPSHOT.jar!/webapps/static,UNAVAILABLE}
2019-08-29 00:13:38,824 [ForkJoinPool.commonPool-worker-1] INFO  handler.ContextHandler (ContextHandler.java:doStop(910)) - Stopped o.e.j.s.ServletContextHandler@58d4238e{/logs,file:///workdir/hadoop-ozone/integration-test/target/log,UNAVAILABLE}
2019-08-29 00:13:38,825 [main] INFO  ozone.MiniOzoneClusterImpl (MiniOzoneClusterImpl.java:stop(339)) - Stopping the StorageContainerManager
2019-08-29 00:13:38,826 [main] INFO  server.StorageContainerManager (StorageContainerManager.java:stop(797)) - Stopping Replication Manager Service.
2019-08-29 00:13:38,826 [main] INFO  container.ReplicationManager (ReplicationManager.java:stop(193)) - Stopping Replication Monitor Thread.
2019-08-29 00:13:38,826 [main] INFO  server.StorageContainerManager (StorageContainerManager.java:stop(804)) - Stopping Lease Manager of the command watchers
2019-08-29 00:13:38,826 [main] INFO  server.StorageContainerManager (StorageContainerManager.java:stop(811)) - Stopping datanode service RPC server
2019-08-29 00:13:38,826 [main] INFO  server.SCMDatanodeProtocolServer (SCMDatanodeProtocolServer.java:stop(367)) - Stopping the RPC server for DataNodes
2019-08-29 00:13:38,827 [main] INFO  ipc.Server (Server.java:stop(3082)) - Stopping server on 44980
2019-08-29 00:13:38,829 [IPC Server listener on 44980] INFO  ipc.Server (Server.java:run(1185)) - Stopping IPC Server listener on 44980
2019-08-29 00:13:38,829 [IPC Server Responder] INFO  ipc.Server (Server.java:run(1319)) - Stopping IPC Server Responder
2019-08-29 00:13:38,909 [SCM Heartbeat Processing Thread - 0] WARN  node.NodeStateManager (NodeStateManager.java:scheduleNextHealthCheck(646)) - Current Thread is interrupted, shutting down HB processing thread for Node Manager.
2019-08-29 00:13:38,909 [main] INFO  server.StorageContainerManager (StorageContainerManager.java:stop(819)) - Stopping block service RPC server
2019-08-29 00:13:38,910 [main] INFO  server.SCMBlockProtocolServer (SCMBlockProtocolServer.java:stop(149)) - Stopping the RPC server for Block Protocol
2019-08-29 00:13:38,910 [main] INFO  ipc.Server (Server.java:stop(3082)) - Stopping server on 34241
2019-08-29 00:13:38,912 [IPC Server listener on 34241] INFO  ipc.Server (Server.java:run(1185)) - Stopping IPC Server listener on 34241
2019-08-29 00:13:38,912 [main] INFO  server.StorageContainerManager (StorageContainerManager.java:stop(826)) - Stopping the StorageContainerLocationProtocol RPC server
2019-08-29 00:13:38,913 [main] INFO  server.SCMClientProtocolServer (SCMClientProtocolServer.java:stop(159)) - Stopping the RPC server for Client Protocol
2019-08-29 00:13:38,912 [IPC Server Responder] INFO  ipc.Server (Server.java:run(1319)) - Stopping IPC Server Responder
2019-08-29 00:13:38,914 [main] INFO  ipc.Server (Server.java:stop(3082)) - Stopping server on 37077
2019-08-29 00:13:38,916 [IPC Server listener on 37077] INFO  ipc.Server (Server.java:run(1185)) - Stopping IPC Server listener on 37077
2019-08-29 00:13:38,917 [main] INFO  server.StorageContainerManager (StorageContainerManager.java:stop(833)) - Stopping Storage Container Manager HTTP server.
2019-08-29 00:13:38,917 [IPC Server Responder] INFO  ipc.Server (Server.java:run(1319)) - Stopping IPC Server Responder
2019-08-29 00:13:38,918 [main] INFO  handler.ContextHandler (ContextHandler.java:doStop(910)) - Stopped o.e.j.w.WebAppContext@6b70d1fb{/,null,UNAVAILABLE}{/scm}
2019-08-29 00:13:38,918 [main] INFO  server.AbstractConnector (AbstractConnector.java:doStop(318)) - Stopped ServerConnector@3002e397{HTTP/1.1,[http/1.1]}{0.0.0.0:0}
2019-08-29 00:13:38,919 [main] INFO  handler.ContextHandler (ContextHandler.java:doStop(910)) - Stopped o.e.j.s.ServletContextHandler@3fb450d7{/static,file:///workdir/hadoop-ozone/integration-test/target/test-classes/webapps/static,UNAVAILABLE}
2019-08-29 00:13:38,919 [main] INFO  handler.ContextHandler (ContextHandler.java:doStop(910)) - Stopped o.e.j.s.ServletContextHandler@8641b7d{/logs,file:///workdir/hadoop-ozone/integration-test/target/log,UNAVAILABLE}
2019-08-29 00:13:38,920 [main] INFO  server.StorageContainerManager (StorageContainerManager.java:stop(844)) - Stopping Block Manager Service.
2019-08-29 00:13:38,920 [main] INFO  utils.BackgroundService (BackgroundService.java:shutdown(148)) - Shutting down service SCMBlockDeletingService
2019-08-29 00:13:38,920 [main] INFO  utils.BackgroundService (BackgroundService.java:shutdown(148)) - Shutting down service SCMBlockDeletingService
2019-08-29 00:13:38,921 [main] INFO  server.StorageContainerManager (StorageContainerManager.java:stop(866)) - Stopping SCM Event Queue.
2019-08-29 00:13:38,925 [main] INFO  impl.MetricsSystemImpl (MetricsSystemImpl.java:stop(210)) - Stopping HddsDatanode metrics system...
2019-08-29 00:13:38,935 [main] INFO  impl.MetricsSystemImpl (MetricsSystemImpl.java:stop(216)) - HddsDatanode metrics system stopped.
]]></system-out>
  </testcase>
  <testcase name="testFailureWithPrimeSizedData" classname="org.apache.hadoop.ozone.client.rpc.TestBlockOutputStreamWithFailures" time="33.652"/>
  <testcase name="testWatchForCommitWithCloseContainerException" classname="org.apache.hadoop.ozone.client.rpc.TestBlockOutputStreamWithFailures" time="34.711"/>
  <testcase name="testExceptionDuringClose" classname="org.apache.hadoop.ozone.client.rpc.TestBlockOutputStreamWithFailures" time="37.272"/>
</testsuite>