<?xml version="1.0" encoding="UTF-8"?>
<testsuite xmlns:xsi="http://www.w3.org/2001/XMLSchema-instance" xsi:noNamespaceSchemaLocation="https://maven.apache.org/surefire/maven-surefire-plugin/xsd/surefire-test-report.xsd" name="org.apache.hadoop.ozone.client.rpc.Test2WayCommitInRatis" time="37.333" tests="1" errors="1" skipped="0" failures="0">
  <properties>
    <property name="awt.toolkit" value="sun.awt.X11.XToolkit"/>
    <property name="file.encoding.pkg" value="sun.io"/>
    <property name="java.specification.version" value="1.8"/>
    <property name="sun.cpu.isalist" value=""/>
    <property name="sun.jnu.encoding" value="UTF-8"/>
    <property name="java.class.path" value="/workdir/hadoop-ozone/integration-test/target/test-classes:/workdir/hadoop-ozone/integration-test/target/classes:/home/user/.m2/repository/org/apache/hadoop/hadoop-ozone-common/0.5.0-SNAPSHOT/hadoop-ozone-common-0.5.0-SNAPSHOT.jar:/home/user/.m2/repository/org/apache/commons/commons-compress/1.4.1/commons-compress-1.4.1.jar:/home/user/.m2/repository/org/tukaani/xz/1.0/xz-1.0.jar:/home/user/.m2/repository/org/apache/hadoop/hadoop-common/3.2.0/hadoop-common-3.2.0.jar:/home/user/.m2/repository/org/apache/hadoop/hadoop-hdfs/3.2.0/hadoop-hdfs-3.2.0.jar:/home/user/.m2/repository/org/apache/hadoop/hadoop-hdfs-client/3.2.0/hadoop-hdfs-client-3.2.0.jar:/home/user/.m2/repository/com/fasterxml/jackson/core/jackson-annotations/2.9.9/jackson-annotations-2.9.9.jar:/home/user/.m2/repository/org/apache/hadoop/hadoop-hdds-common/0.5.0-SNAPSHOT/hadoop-hdds-common-0.5.0-SNAPSHOT.jar:/home/user/.m2/repository/javax/annotation/javax.annotation-api/1.2/javax.annotation-api-1.2.jar:/home/user/.m2/repository/org/apache/ratis/ratis-server/0.4.0/ratis-server-0.4.0.jar:/home/user/.m2/repository/org/apache/ratis/ratis-thirdparty-misc/0.2.0/ratis-thirdparty-misc-0.2.0.jar:/home/user/.m2/repository/org/apache/ratis/ratis-proto/0.4.0/ratis-proto-0.4.0.jar:/home/user/.m2/repository/org/apache/ratis/ratis-common/0.4.0/ratis-common-0.4.0.jar:/home/user/.m2/repository/org/apache/ratis/ratis-client/0.4.0/ratis-client-0.4.0.jar:/home/user/.m2/repository/org/apache/ratis/ratis-metrics/0.4.0/ratis-metrics-0.4.0.jar:/home/user/.m2/repository/com/github/joshelser/dropwizard-metrics-hadoop-metrics2-reporter/0.1.2/dropwizard-metrics-hadoop-metrics2-reporter-0.1.2.jar:/home/user/.m2/repository/io/dropwizard/metrics/metrics-jvm/3.2.5/metrics-jvm-3.2.5.jar:/home/user/.m2/repository/io/dropwizard/metrics/metrics-ganglia/3.2.5/metrics-ganglia-3.2.5.jar:/home/user/.m2/repository/info/ganglia/gmetric4j/gmetric4j/1.0.7/gmetric4j-1.0.7.jar:/home/user/.m2/repository/org/apache/ratis/ratis-netty/0.4.0/ratis-netty-0.4.0.jar:/home/user/.m2/repository/org/apache/ratis/ratis-grpc/0.4.0/ratis-grpc-0.4.0.jar:/home/user/.m2/repository/org/rocksdb/rocksdbjni/6.0.1/rocksdbjni-6.0.1.jar:/home/user/.m2/repository/org/apache/logging/log4j/log4j-api/2.11.0/log4j-api-2.11.0.jar:/home/user/.m2/repository/org/apache/logging/log4j/log4j-core/2.11.0/log4j-core-2.11.0.jar:/home/user/.m2/repository/com/lmax/disruptor/3.4.2/disruptor-3.4.2.jar:/home/user/.m2/repository/org/apache/commons/commons-pool2/2.6.0/commons-pool2-2.6.0.jar:/home/user/.m2/repository/org/bouncycastle/bcpkix-jdk15on/1.60/bcpkix-jdk15on-1.60.jar:/home/user/.m2/repository/commons-validator/commons-validator/1.6/commons-validator-1.6.jar:/home/user/.m2/repository/commons-digester/commons-digester/1.8.1/commons-digester-1.8.1.jar:/home/user/.m2/repository/io/jaegertracing/jaeger-client/0.34.0/jaeger-client-0.34.0.jar:/home/user/.m2/repository/io/jaegertracing/jaeger-thrift/0.34.0/jaeger-thrift-0.34.0.jar:/home/user/.m2/repository/org/apache/thrift/libthrift/0.12.0/libthrift-0.12.0.jar:/home/user/.m2/repository/com/squareup/okhttp3/okhttp/3.9.0/okhttp-3.9.0.jar:/home/user/.m2/repository/com/squareup/okio/okio/1.13.0/okio-1.13.0.jar:/home/user/.m2/repository/io/jaegertracing/jaeger-core/0.34.0/jaeger-core-0.34.0.jar:/home/user/.m2/repository/io/jaegertracing/jaeger-tracerresolver/0.34.0/jaeger-tracerresolver-0.34.0.jar:/home/user/.m2/repository/io/opentracing/contrib/opentracing-tracerresolver/0.1.5/opentracing-tracerresolver-0.1.5.jar:/home/user/.m2/repository/io/opentracing/opentracing-util/0.31.0/opentracing-util-0.31.0.jar:/home/user/.m2/repository/io/opentracing/opentracing-api/0.31.0/opentracing-api-0.31.0.jar:/home/user/.m2/repository/io/opentracing/opentracing-noop/0.31.0/opentracing-noop-0.31.0.jar:/home/user/.m2/repository/org/apache/hadoop/hadoop-hdds-server-framework/0.5.0-SNAPSHOT/hadoop-hdds-server-framework-0.5.0-SNAPSHOT.jar:/home/user/.m2/repository/org/apache/hadoop/hadoop-hdds-container-service/0.5.0-SNAPSHOT/hadoop-hdds-container-service-0.5.0-SNAPSHOT.jar:/home/user/.m2/repository/org/apache/hadoop/hadoop-hdds-client/0.5.0-SNAPSHOT/hadoop-hdds-client-0.5.0-SNAPSHOT.jar:/home/user/.m2/repository/org/apache/hadoop/hadoop-hdds-tools/0.5.0-SNAPSHOT/hadoop-hdds-tools-0.5.0-SNAPSHOT.jar:/home/user/.m2/repository/org/apache/hadoop/hadoop-hdds-server-scm/0.5.0-SNAPSHOT/hadoop-hdds-server-scm-0.5.0-SNAPSHOT.jar:/home/user/.m2/repository/org/apache/hadoop/hadoop-hdds-docs/0.5.0-SNAPSHOT/hadoop-hdds-docs-0.5.0-SNAPSHOT.jar:/home/user/.m2/repository/io/dropwizard/metrics/metrics-core/3.2.4/metrics-core-3.2.4.jar:/home/user/.m2/repository/org/hamcrest/hamcrest-all/1.3/hamcrest-all-1.3.jar:/home/user/.m2/repository/org/bouncycastle/bcprov-jdk15on/1.60/bcprov-jdk15on-1.60.jar:/home/user/.m2/repository/info/picocli/picocli/3.9.6/picocli-3.9.6.jar:/home/user/.m2/repository/com/google/protobuf/protobuf-java/2.5.0/protobuf-java-2.5.0.jar:/home/user/.m2/repository/com/google/guava/guava/11.0.2/guava-11.0.2.jar:/home/user/.m2/repository/org/apache/hadoop/hadoop-ozone-ozone-manager/0.5.0-SNAPSHOT/hadoop-ozone-ozone-manager-0.5.0-SNAPSHOT.jar:/home/user/.m2/repository/org/apache/hadoop/hadoop-minikdc/3.2.0/hadoop-minikdc-3.2.0.jar:/home/user/.m2/repository/commons-io/commons-io/2.5/commons-io-2.5.jar:/home/user/.m2/repository/org/apache/kerby/kerb-simplekdc/1.0.1/kerb-simplekdc-1.0.1.jar:/home/user/.m2/repository/org/apache/kerby/kerb-client/1.0.1/kerb-client-1.0.1.jar:/home/user/.m2/repository/org/apache/kerby/kerby-config/1.0.1/kerby-config-1.0.1.jar:/home/user/.m2/repository/org/apache/kerby/kerb-core/1.0.1/kerb-core-1.0.1.jar:/home/user/.m2/repository/org/apache/kerby/kerby-pkix/1.0.1/kerby-pkix-1.0.1.jar:/home/user/.m2/repository/org/apache/kerby/kerby-asn1/1.0.1/kerby-asn1-1.0.1.jar:/home/user/.m2/repository/org/apache/kerby/kerby-util/1.0.1/kerby-util-1.0.1.jar:/home/user/.m2/repository/org/apache/kerby/kerb-common/1.0.1/kerb-common-1.0.1.jar:/home/user/.m2/repository/org/apache/kerby/kerb-crypto/1.0.1/kerb-crypto-1.0.1.jar:/home/user/.m2/repository/org/apache/kerby/kerb-util/1.0.1/kerb-util-1.0.1.jar:/home/user/.m2/repository/org/apache/kerby/token-provider/1.0.1/token-provider-1.0.1.jar:/home/user/.m2/repository/org/apache/kerby/kerb-admin/1.0.1/kerb-admin-1.0.1.jar:/home/user/.m2/repository/org/apache/kerby/kerb-server/1.0.1/kerb-server-1.0.1.jar:/home/user/.m2/repository/org/apache/kerby/kerb-identity/1.0.1/kerb-identity-1.0.1.jar:/home/user/.m2/repository/org/apache/kerby/kerby-xdr/1.0.1/kerby-xdr-1.0.1.jar:/home/user/.m2/repository/org/slf4j/slf4j-log4j12/1.7.25/slf4j-log4j12-1.7.25.jar:/home/user/.m2/repository/org/apache/hadoop/hadoop-ozone-s3gateway/0.5.0-SNAPSHOT/hadoop-ozone-s3gateway-0.5.0-SNAPSHOT.jar:/home/user/.m2/repository/org/jboss/weld/servlet/weld-servlet/2.4.7.Final/weld-servlet-2.4.7.Final.jar:/home/user/.m2/repository/org/glassfish/jersey/containers/jersey-container-servlet-core/2.27/jersey-container-servlet-core-2.27.jar:/home/user/.m2/repository/org/glassfish/hk2/external/javax.inject/2.5.0-b42/javax.inject-2.5.0-b42.jar:/home/user/.m2/repository/org/glassfish/jersey/core/jersey-common/2.27/jersey-common-2.27.jar:/home/user/.m2/repository/org/glassfish/hk2/osgi-resource-locator/1.0.1/osgi-resource-locator-1.0.1.jar:/home/user/.m2/repository/javax/ws/rs/javax.ws.rs-api/2.1/javax.ws.rs-api-2.1.jar:/home/user/.m2/repository/org/glassfish/jersey/ext/cdi/jersey-cdi1x/2.27/jersey-cdi1x-2.27.jar:/home/user/.m2/repository/org/glassfish/jersey/inject/jersey-hk2/2.27/jersey-hk2-2.27.jar:/home/user/.m2/repository/org/glassfish/hk2/hk2-locator/2.5.0-b42/hk2-locator-2.5.0-b42.jar:/home/user/.m2/repository/org/javassist/javassist/3.22.0-CR2/javassist-3.22.0-CR2.jar:/home/user/.m2/repository/org/glassfish/hk2/hk2-api/2.5.0/hk2-api-2.5.0.jar:/home/user/.m2/repository/org/glassfish/hk2/external/jakarta.inject/2.5.0/jakarta.inject-2.5.0.jar:/home/user/.m2/repository/org/glassfish/hk2/hk2-utils/2.5.0/hk2-utils-2.5.0.jar:/home/user/.m2/repository/jakarta/annotation/jakarta.annotation-api/1.3.4/jakarta.annotation-api-1.3.4.jar:/home/user/.m2/repository/org/glassfish/hk2/external/aopalliance-repackaged/2.5.0/aopalliance-repackaged-2.5.0.jar:/home/user/.m2/repository/com/fasterxml/jackson/dataformat/jackson-dataformat-xml/2.9.0/jackson-dataformat-xml-2.9.0.jar:/home/user/.m2/repository/com/fasterxml/jackson/core/jackson-core/2.9.9/jackson-core-2.9.9.jar:/home/user/.m2/repository/com/fasterxml/jackson/module/jackson-module-jaxb-annotations/2.9.9/jackson-module-jaxb-annotations-2.9.9.jar:/home/user/.m2/repository/javax/enterprise/cdi-api/1.2/cdi-api-1.2.jar:/home/user/.m2/repository/javax/el/javax.el-api/3.0.0/javax.el-api-3.0.0.jar:/home/user/.m2/repository/javax/interceptor/javax.interceptor-api/1.2/javax.interceptor-api-1.2.jar:/home/user/.m2/repository/javax/inject/javax.inject/1/javax.inject-1.jar:/home/user/.m2/repository/com/sun/xml/bind/jaxb-impl/2.3.0.1/jaxb-impl-2.3.0.1.jar:/home/user/.m2/repository/com/sun/xml/bind/jaxb-core/2.3.0.1/jaxb-core-2.3.0.1.jar:/home/user/.m2/repository/javax/xml/bind/jaxb-api/2.3.0/jaxb-api-2.3.0.jar:/home/user/.m2/repository/javax/activation/activation/1.1.1/activation-1.1.1.jar:/home/user/.m2/repository/org/apache/hadoop/hadoop-ozone-csi/0.5.0-SNAPSHOT/hadoop-ozone-csi-0.5.0-SNAPSHOT.jar:/home/user/.m2/repository/com/google/protobuf/protobuf-java-util/3.5.1/protobuf-java-util-3.5.1.jar:/home/user/.m2/repository/org/apache/hadoop/hadoop-hdds-config/0.5.0-SNAPSHOT/hadoop-hdds-config-0.5.0-SNAPSHOT.jar:/home/user/.m2/repository/io/grpc/grpc-netty/1.17.1/grpc-netty-1.17.1.jar:/home/user/.m2/repository/io/grpc/grpc-core/1.17.1/grpc-core-1.17.1.jar:/home/user/.m2/repository/io/grpc/grpc-context/1.17.1/grpc-context-1.17.1.jar:/home/user/.m2/repository/com/google/errorprone/error_prone_annotations/2.2.0/error_prone_annotations-2.2.0.jar:/home/user/.m2/repository/org/codehaus/mojo/animal-sniffer-annotations/1.17/animal-sniffer-annotations-1.17.jar:/home/user/.m2/repository/io/opencensus/opencensus-api/0.17.0/opencensus-api-0.17.0.jar:/home/user/.m2/repository/io/opencensus/opencensus-contrib-grpc-metrics/0.17.0/opencensus-contrib-grpc-metrics-0.17.0.jar:/home/user/.m2/repository/io/netty/netty-codec-http2/4.1.30.Final/netty-codec-http2-4.1.30.Final.jar:/home/user/.m2/repository/io/netty/netty-codec-http/4.1.30.Final/netty-codec-http-4.1.30.Final.jar:/home/user/.m2/repository/io/netty/netty-codec/4.1.30.Final/netty-codec-4.1.30.Final.jar:/home/user/.m2/repository/io/netty/netty-handler/4.1.30.Final/netty-handler-4.1.30.Final.jar:/home/user/.m2/repository/io/netty/netty-handler-proxy/4.1.30.Final/netty-handler-proxy-4.1.30.Final.jar:/home/user/.m2/repository/io/netty/netty-codec-socks/4.1.30.Final/netty-codec-socks-4.1.30.Final.jar:/home/user/.m2/repository/io/netty/netty-transport-native-epoll/4.1.30.Final/netty-transport-native-epoll-4.1.30.Final.jar:/home/user/.m2/repository/io/netty/netty-common/4.1.30.Final/netty-common-4.1.30.Final.jar:/home/user/.m2/repository/io/netty/netty-buffer/4.1.30.Final/netty-buffer-4.1.30.Final.jar:/home/user/.m2/repository/io/netty/netty-transport/4.1.30.Final/netty-transport-4.1.30.Final.jar:/home/user/.m2/repository/io/netty/netty-resolver/4.1.30.Final/netty-resolver-4.1.30.Final.jar:/home/user/.m2/repository/io/netty/netty-transport-native-unix-common/4.1.30.Final/netty-transport-native-unix-common-4.1.30.Final.jar:/home/user/.m2/repository/io/grpc/grpc-protobuf/1.17.1/grpc-protobuf-1.17.1.jar:/home/user/.m2/repository/com/google/api/grpc/proto-google-common-protos/1.0.0/proto-google-common-protos-1.0.0.jar:/home/user/.m2/repository/io/grpc/grpc-protobuf-lite/1.17.1/grpc-protobuf-lite-1.17.1.jar:/home/user/.m2/repository/io/grpc/grpc-stub/1.17.1/grpc-stub-1.17.1.jar:/home/user/.m2/repository/org/apache/hadoop/hadoop-ozone-recon/0.5.0-SNAPSHOT/hadoop-ozone-recon-0.5.0-SNAPSHOT.jar:/home/user/.m2/repository/org/apache/hadoop/hadoop-ozone-reconcodegen/0.5.0-SNAPSHOT/hadoop-ozone-reconcodegen-0.5.0-SNAPSHOT.jar:/home/user/.m2/repository/com/google/inject/extensions/guice-multibindings/4.0/guice-multibindings-4.0.jar:/home/user/.m2/repository/com/google/inject/guice/4.0/guice-4.0.jar:/home/user/.m2/repository/aopalliance/aopalliance/1.0/aopalliance-1.0.jar:/home/user/.m2/repository/com/google/inject/extensions/guice-servlet/4.0/guice-servlet-4.0.jar:/home/user/.m2/repository/org/glassfish/jersey/containers/jersey-container-servlet/2.27/jersey-container-servlet-2.27.jar:/home/user/.m2/repository/org/glassfish/hk2/guice-bridge/2.5.0/guice-bridge-2.5.0.jar:/home/user/.m2/repository/org/glassfish/jersey/core/jersey-server/2.27/jersey-server-2.27.jar:/home/user/.m2/repository/org/glassfish/jersey/core/jersey-client/2.27/jersey-client-2.27.jar:/home/user/.m2/repository/org/glassfish/jersey/media/jersey-media-jaxb/2.27/jersey-media-jaxb-2.27.jar:/home/user/.m2/repository/javax/validation/validation-api/1.1.0.Final/validation-api-1.1.0.Final.jar:/home/user/.m2/repository/org/glassfish/jersey/media/jersey-media-json-jackson/2.27/jersey-media-json-jackson-2.27.jar:/home/user/.m2/repository/org/glassfish/jersey/ext/jersey-entity-filtering/2.27/jersey-entity-filtering-2.27.jar:/home/user/.m2/repository/com/google/inject/extensions/guice-assistedinject/4.0/guice-assistedinject-4.0.jar:/home/user/.m2/repository/org/jooq/jooq/3.11.10/jooq-3.11.10.jar:/home/user/.m2/repository/org/jooq/jooq-meta/3.11.10/jooq-meta-3.11.10.jar:/home/user/.m2/repository/org/jooq/jooq-codegen/3.11.10/jooq-codegen-3.11.10.jar:/home/user/.m2/repository/com/jolbox/bonecp/0.8.0.RELEASE/bonecp-0.8.0.RELEASE.jar:/home/user/.m2/repository/org/xerial/sqlite-jdbc/3.25.2/sqlite-jdbc-3.25.2.jar:/home/user/.m2/repository/org/springframework/spring-jdbc/5.1.3.RELEASE/spring-jdbc-5.1.3.RELEASE.jar:/home/user/.m2/repository/org/springframework/spring-beans/5.1.3.RELEASE/spring-beans-5.1.3.RELEASE.jar:/home/user/.m2/repository/org/springframework/spring-core/5.1.3.RELEASE/spring-core-5.1.3.RELEASE.jar:/home/user/.m2/repository/org/springframework/spring-jcl/5.1.3.RELEASE/spring-jcl-5.1.3.RELEASE.jar:/home/user/.m2/repository/org/springframework/spring-tx/5.1.3.RELEASE/spring-tx-5.1.3.RELEASE.jar:/home/user/.m2/repository/org/apache/hadoop/hadoop-ozone-client/0.5.0-SNAPSHOT/hadoop-ozone-client-0.5.0-SNAPSHOT.jar:/home/user/.m2/repository/commons-lang/commons-lang/2.6/commons-lang-2.6.jar:/home/user/.m2/repository/org/apache/hadoop/hadoop-ozone-ozone-manager/0.5.0-SNAPSHOT/hadoop-ozone-ozone-manager-0.5.0-SNAPSHOT-tests.jar:/home/user/.m2/repository/junit/junit/4.11/junit-4.11.jar:/home/user/.m2/repository/org/hamcrest/hamcrest-core/1.3/hamcrest-core-1.3.jar:/home/user/.m2/repository/org/openjdk/jmh/jmh-core/1.19/jmh-core-1.19.jar:/home/user/.m2/repository/net/sf/jopt-simple/jopt-simple/4.6/jopt-simple-4.6.jar:/home/user/.m2/repository/org/apache/commons/commons-math3/3.1.1/commons-math3-3.1.1.jar:/home/user/.m2/repository/org/openjdk/jmh/jmh-generator-annprocess/1.19/jmh-generator-annprocess-1.19.jar:/home/user/.m2/repository/org/mockito/mockito-all/1.8.5/mockito-all-1.8.5.jar:/home/user/.m2/repository/org/apache/hadoop/hadoop-kms/3.2.0/hadoop-kms-3.2.0.jar:/home/user/.m2/repository/org/apache/hadoop/hadoop-auth/3.2.0/hadoop-auth-3.2.0.jar:/home/user/.m2/repository/com/nimbusds/nimbus-jose-jwt/4.41.1/nimbus-jose-jwt-4.41.1.jar:/home/user/.m2/repository/com/github/stephenc/jcip/jcip-annotations/1.0-1/jcip-annotations-1.0-1.jar:/home/user/.m2/repository/net/minidev/json-smart/2.3/json-smart-2.3.jar:/home/user/.m2/repository/net/minidev/accessors-smart/1.2/accessors-smart-1.2.jar:/home/user/.m2/repository/org/ow2/asm/asm/5.0.4/asm-5.0.4.jar:/home/user/.m2/repository/org/apache/curator/curator-framework/2.12.0/curator-framework-2.12.0.jar:/home/user/.m2/repository/com/sun/jersey/jersey-core/1.19/jersey-core-1.19.jar:/home/user/.m2/repository/javax/ws/rs/jsr311-api/1.1.1/jsr311-api-1.1.1.jar:/home/user/.m2/repository/com/sun/jersey/jersey-server/1.19/jersey-server-1.19.jar:/home/user/.m2/repository/javax/servlet/javax.servlet-api/3.1.0/javax.servlet-api-3.1.0.jar:/home/user/.m2/repository/org/eclipse/jetty/jetty-server/9.3.25.v20180904/jetty-server-9.3.25.v20180904.jar:/home/user/.m2/repository/org/eclipse/jetty/jetty-http/9.3.25.v20180904/jetty-http-9.3.25.v20180904.jar:/home/user/.m2/repository/org/eclipse/jetty/jetty-io/9.3.25.v20180904/jetty-io-9.3.25.v20180904.jar:/home/user/.m2/repository/org/eclipse/jetty/jetty-webapp/9.3.25.v20180904/jetty-webapp-9.3.25.v20180904.jar:/home/user/.m2/repository/org/eclipse/jetty/jetty-xml/9.3.25.v20180904/jetty-xml-9.3.25.v20180904.jar:/home/user/.m2/repository/log4j/log4j/1.2.17/log4j-1.2.17.jar:/home/user/.m2/repository/org/slf4j/slf4j-api/1.7.25/slf4j-api-1.7.25.jar:/home/user/.m2/repository/org/slf4j/jul-to-slf4j/1.7.25/jul-to-slf4j-1.7.25.jar:/home/user/.m2/repository/org/eclipse/jetty/jetty-util/9.3.25.v20180904/jetty-util-9.3.25.v20180904.jar:/home/user/.m2/repository/com/fasterxml/jackson/core/jackson-databind/2.9.9/jackson-databind-2.9.9.jar:/home/user/.m2/repository/org/apache/hadoop/hadoop-kms/3.2.0/hadoop-kms-3.2.0-tests.jar:/home/user/.m2/repository/org/apache/hadoop/hadoop-hdds-server-scm/0.5.0-SNAPSHOT/hadoop-hdds-server-scm-0.5.0-SNAPSHOT-tests.jar:/home/user/.m2/repository/org/apache/hadoop/hadoop-hdds-container-service/0.5.0-SNAPSHOT/hadoop-hdds-container-service-0.5.0-SNAPSHOT-tests.jar:/home/user/.m2/repository/org/yaml/snakeyaml/1.16/snakeyaml-1.16.jar:/home/user/.m2/repository/org/apache/hadoop/hadoop-common/3.2.0/hadoop-common-3.2.0-tests.jar:/home/user/.m2/repository/org/apache/hadoop/hadoop-annotations/3.2.0/hadoop-annotations-3.2.0.jar:/usr/lib/jvm/java-1.8-openjdk/jre/../lib/tools.jar:/home/user/.m2/repository/commons-cli/commons-cli/1.2/commons-cli-1.2.jar:/home/user/.m2/repository/org/apache/httpcomponents/httpclient/4.5.2/httpclient-4.5.2.jar:/home/user/.m2/repository/org/apache/httpcomponents/httpcore/4.4.4/httpcore-4.4.4.jar:/home/user/.m2/repository/commons-codec/commons-codec/1.11/commons-codec-1.11.jar:/home/user/.m2/repository/commons-net/commons-net/3.6/commons-net-3.6.jar:/home/user/.m2/repository/commons-collections/commons-collections/3.2.2/commons-collections-3.2.2.jar:/home/user/.m2/repository/org/eclipse/jetty/jetty-servlet/9.3.25.v20180904/jetty-servlet-9.3.25.v20180904.jar:/home/user/.m2/repository/org/eclipse/jetty/jetty-security/9.3.25.v20180904/jetty-security-9.3.25.v20180904.jar:/home/user/.m2/repository/javax/servlet/jsp/jsp-api/2.1/jsp-api-2.1.jar:/home/user/.m2/repository/com/sun/jersey/jersey-servlet/1.19/jersey-servlet-1.19.jar:/home/user/.m2/repository/com/sun/jersey/jersey-json/1.19/jersey-json-1.19.jar:/home/user/.m2/repository/org/codehaus/jettison/jettison/1.1/jettison-1.1.jar:/home/user/.m2/repository/org/codehaus/jackson/jackson-core-asl/1.9.13/jackson-core-asl-1.9.13.jar:/home/user/.m2/repository/org/codehaus/jackson/jackson-mapper-asl/1.9.13/jackson-mapper-asl-1.9.13.jar:/home/user/.m2/repository/org/codehaus/jackson/jackson-jaxrs/1.9.13/jackson-jaxrs-1.9.13.jar:/home/user/.m2/repository/org/codehaus/jackson/jackson-xc/1.9.13/jackson-xc-1.9.13.jar:/home/user/.m2/repository/commons-logging/commons-logging/1.1.3/commons-logging-1.1.3.jar:/home/user/.m2/repository/commons-beanutils/commons-beanutils/1.9.4/commons-beanutils-1.9.4.jar:/home/user/.m2/repository/org/apache/commons/commons-configuration2/2.1.1/commons-configuration2-2.1.1.jar:/home/user/.m2/repository/org/apache/commons/commons-lang3/3.7/commons-lang3-3.7.jar:/home/user/.m2/repository/org/apache/commons/commons-text/1.4/commons-text-1.4.jar:/home/user/.m2/repository/org/apache/avro/avro/1.7.7/avro-1.7.7.jar:/home/user/.m2/repository/com/thoughtworks/paranamer/paranamer/2.3/paranamer-2.3.jar:/home/user/.m2/repository/org/xerial/snappy/snappy-java/1.0.5/snappy-java-1.0.5.jar:/home/user/.m2/repository/com/google/re2j/re2j/1.1/re2j-1.1.jar:/home/user/.m2/repository/com/google/code/gson/gson/2.2.4/gson-2.2.4.jar:/home/user/.m2/repository/com/jcraft/jsch/0.1.54/jsch-0.1.54.jar:/home/user/.m2/repository/org/apache/curator/curator-client/2.12.0/curator-client-2.12.0.jar:/home/user/.m2/repository/org/apache/curator/curator-recipes/2.12.0/curator-recipes-2.12.0.jar:/home/user/.m2/repository/com/google/code/findbugs/jsr305/3.0.0/jsr305-3.0.0.jar:/home/user/.m2/repository/org/apache/htrace/htrace-core4/4.1.0-incubating/htrace-core4-4.1.0-incubating.jar:/home/user/.m2/repository/org/apache/zookeeper/zookeeper/3.4.13/zookeeper-3.4.13.jar:/home/user/.m2/repository/jline/jline/0.9.94/jline-0.9.94.jar:/home/user/.m2/repository/org/apache/yetus/audience-annotations/0.5.0/audience-annotations-0.5.0.jar:/home/user/.m2/repository/org/codehaus/woodstox/stax2-api/3.1.4/stax2-api-3.1.4.jar:/home/user/.m2/repository/com/fasterxml/woodstox/woodstox-core/5.0.3/woodstox-core-5.0.3.jar:/home/user/.m2/repository/dnsjava/dnsjava/2.1.7/dnsjava-2.1.7.jar:/home/user/.m2/repository/org/apache/hadoop/hadoop-hdfs/3.2.0/hadoop-hdfs-3.2.0-tests.jar:/home/user/.m2/repository/org/eclipse/jetty/jetty-util-ajax/9.3.25.v20180904/jetty-util-ajax-9.3.25.v20180904.jar:/home/user/.m2/repository/commons-daemon/commons-daemon/1.0.13/commons-daemon-1.0.13.jar:/home/user/.m2/repository/io/netty/netty/3.10.5.Final/netty-3.10.5.Final.jar:/home/user/.m2/repository/io/netty/netty-all/4.0.52.Final/netty-all-4.0.52.Final.jar:/home/user/.m2/repository/org/fusesource/leveldbjni/leveldbjni-all/1.8/leveldbjni-all-1.8.jar:"/>
    <property name="java.vm.vendor" value="IcedTea"/>
    <property name="sun.arch.data.model" value="64"/>
    <property name="test.build.dir" value="/workdir/hadoop-ozone/integration-test/target/test-dir"/>
    <property name="test.cache.data" value=""/>
    <property name="java.vendor.url" value="https://icedtea.classpath.org"/>
    <property name="user.timezone" value=""/>
    <property name="java.vm.specification.version" value="1.8"/>
    <property name="os.name" value="Linux"/>
    <property name="test.build.data" value="/workdir/hadoop-ozone/integration-test/target/test-dir"/>
    <property name="user.country" value="US"/>
    <property name="sun.java.launcher" value="SUN_STANDARD"/>
    <property name="sun.boot.library.path" value="/usr/lib/jvm/java-1.8-openjdk/jre/lib/amd64"/>
    <property name="sun.java.command" value="/workdir/hadoop-ozone/integration-test/target/surefire/surefirebooter3648011085978056331.jar /workdir/hadoop-ozone/integration-test/target/surefire 2019-09-23T11-32-29_302-jvmRun1 surefire7884438902417271134tmp surefire_453083507999492189392tmp"/>
    <property name="test" value="!TestMiniChaosOzoneCluster"/>
    <property name="surefire.test.class.path" value="/workdir/hadoop-ozone/integration-test/target/test-classes:/workdir/hadoop-ozone/integration-test/target/classes:/home/user/.m2/repository/org/apache/hadoop/hadoop-ozone-common/0.5.0-SNAPSHOT/hadoop-ozone-common-0.5.0-SNAPSHOT.jar:/home/user/.m2/repository/org/apache/commons/commons-compress/1.4.1/commons-compress-1.4.1.jar:/home/user/.m2/repository/org/tukaani/xz/1.0/xz-1.0.jar:/home/user/.m2/repository/org/apache/hadoop/hadoop-common/3.2.0/hadoop-common-3.2.0.jar:/home/user/.m2/repository/org/apache/hadoop/hadoop-hdfs/3.2.0/hadoop-hdfs-3.2.0.jar:/home/user/.m2/repository/org/apache/hadoop/hadoop-hdfs-client/3.2.0/hadoop-hdfs-client-3.2.0.jar:/home/user/.m2/repository/com/fasterxml/jackson/core/jackson-annotations/2.9.9/jackson-annotations-2.9.9.jar:/home/user/.m2/repository/org/apache/hadoop/hadoop-hdds-common/0.5.0-SNAPSHOT/hadoop-hdds-common-0.5.0-SNAPSHOT.jar:/home/user/.m2/repository/javax/annotation/javax.annotation-api/1.2/javax.annotation-api-1.2.jar:/home/user/.m2/repository/org/apache/ratis/ratis-server/0.4.0/ratis-server-0.4.0.jar:/home/user/.m2/repository/org/apache/ratis/ratis-thirdparty-misc/0.2.0/ratis-thirdparty-misc-0.2.0.jar:/home/user/.m2/repository/org/apache/ratis/ratis-proto/0.4.0/ratis-proto-0.4.0.jar:/home/user/.m2/repository/org/apache/ratis/ratis-common/0.4.0/ratis-common-0.4.0.jar:/home/user/.m2/repository/org/apache/ratis/ratis-client/0.4.0/ratis-client-0.4.0.jar:/home/user/.m2/repository/org/apache/ratis/ratis-metrics/0.4.0/ratis-metrics-0.4.0.jar:/home/user/.m2/repository/com/github/joshelser/dropwizard-metrics-hadoop-metrics2-reporter/0.1.2/dropwizard-metrics-hadoop-metrics2-reporter-0.1.2.jar:/home/user/.m2/repository/io/dropwizard/metrics/metrics-jvm/3.2.5/metrics-jvm-3.2.5.jar:/home/user/.m2/repository/io/dropwizard/metrics/metrics-ganglia/3.2.5/metrics-ganglia-3.2.5.jar:/home/user/.m2/repository/info/ganglia/gmetric4j/gmetric4j/1.0.7/gmetric4j-1.0.7.jar:/home/user/.m2/repository/org/apache/ratis/ratis-netty/0.4.0/ratis-netty-0.4.0.jar:/home/user/.m2/repository/org/apache/ratis/ratis-grpc/0.4.0/ratis-grpc-0.4.0.jar:/home/user/.m2/repository/org/rocksdb/rocksdbjni/6.0.1/rocksdbjni-6.0.1.jar:/home/user/.m2/repository/org/apache/logging/log4j/log4j-api/2.11.0/log4j-api-2.11.0.jar:/home/user/.m2/repository/org/apache/logging/log4j/log4j-core/2.11.0/log4j-core-2.11.0.jar:/home/user/.m2/repository/com/lmax/disruptor/3.4.2/disruptor-3.4.2.jar:/home/user/.m2/repository/org/apache/commons/commons-pool2/2.6.0/commons-pool2-2.6.0.jar:/home/user/.m2/repository/org/bouncycastle/bcpkix-jdk15on/1.60/bcpkix-jdk15on-1.60.jar:/home/user/.m2/repository/commons-validator/commons-validator/1.6/commons-validator-1.6.jar:/home/user/.m2/repository/commons-digester/commons-digester/1.8.1/commons-digester-1.8.1.jar:/home/user/.m2/repository/io/jaegertracing/jaeger-client/0.34.0/jaeger-client-0.34.0.jar:/home/user/.m2/repository/io/jaegertracing/jaeger-thrift/0.34.0/jaeger-thrift-0.34.0.jar:/home/user/.m2/repository/org/apache/thrift/libthrift/0.12.0/libthrift-0.12.0.jar:/home/user/.m2/repository/com/squareup/okhttp3/okhttp/3.9.0/okhttp-3.9.0.jar:/home/user/.m2/repository/com/squareup/okio/okio/1.13.0/okio-1.13.0.jar:/home/user/.m2/repository/io/jaegertracing/jaeger-core/0.34.0/jaeger-core-0.34.0.jar:/home/user/.m2/repository/io/jaegertracing/jaeger-tracerresolver/0.34.0/jaeger-tracerresolver-0.34.0.jar:/home/user/.m2/repository/io/opentracing/contrib/opentracing-tracerresolver/0.1.5/opentracing-tracerresolver-0.1.5.jar:/home/user/.m2/repository/io/opentracing/opentracing-util/0.31.0/opentracing-util-0.31.0.jar:/home/user/.m2/repository/io/opentracing/opentracing-api/0.31.0/opentracing-api-0.31.0.jar:/home/user/.m2/repository/io/opentracing/opentracing-noop/0.31.0/opentracing-noop-0.31.0.jar:/home/user/.m2/repository/org/apache/hadoop/hadoop-hdds-server-framework/0.5.0-SNAPSHOT/hadoop-hdds-server-framework-0.5.0-SNAPSHOT.jar:/home/user/.m2/repository/org/apache/hadoop/hadoop-hdds-container-service/0.5.0-SNAPSHOT/hadoop-hdds-container-service-0.5.0-SNAPSHOT.jar:/home/user/.m2/repository/org/apache/hadoop/hadoop-hdds-client/0.5.0-SNAPSHOT/hadoop-hdds-client-0.5.0-SNAPSHOT.jar:/home/user/.m2/repository/org/apache/hadoop/hadoop-hdds-tools/0.5.0-SNAPSHOT/hadoop-hdds-tools-0.5.0-SNAPSHOT.jar:/home/user/.m2/repository/org/apache/hadoop/hadoop-hdds-server-scm/0.5.0-SNAPSHOT/hadoop-hdds-server-scm-0.5.0-SNAPSHOT.jar:/home/user/.m2/repository/org/apache/hadoop/hadoop-hdds-docs/0.5.0-SNAPSHOT/hadoop-hdds-docs-0.5.0-SNAPSHOT.jar:/home/user/.m2/repository/io/dropwizard/metrics/metrics-core/3.2.4/metrics-core-3.2.4.jar:/home/user/.m2/repository/org/hamcrest/hamcrest-all/1.3/hamcrest-all-1.3.jar:/home/user/.m2/repository/org/bouncycastle/bcprov-jdk15on/1.60/bcprov-jdk15on-1.60.jar:/home/user/.m2/repository/info/picocli/picocli/3.9.6/picocli-3.9.6.jar:/home/user/.m2/repository/com/google/protobuf/protobuf-java/2.5.0/protobuf-java-2.5.0.jar:/home/user/.m2/repository/com/google/guava/guava/11.0.2/guava-11.0.2.jar:/home/user/.m2/repository/org/apache/hadoop/hadoop-ozone-ozone-manager/0.5.0-SNAPSHOT/hadoop-ozone-ozone-manager-0.5.0-SNAPSHOT.jar:/home/user/.m2/repository/org/apache/hadoop/hadoop-minikdc/3.2.0/hadoop-minikdc-3.2.0.jar:/home/user/.m2/repository/commons-io/commons-io/2.5/commons-io-2.5.jar:/home/user/.m2/repository/org/apache/kerby/kerb-simplekdc/1.0.1/kerb-simplekdc-1.0.1.jar:/home/user/.m2/repository/org/apache/kerby/kerb-client/1.0.1/kerb-client-1.0.1.jar:/home/user/.m2/repository/org/apache/kerby/kerby-config/1.0.1/kerby-config-1.0.1.jar:/home/user/.m2/repository/org/apache/kerby/kerb-core/1.0.1/kerb-core-1.0.1.jar:/home/user/.m2/repository/org/apache/kerby/kerby-pkix/1.0.1/kerby-pkix-1.0.1.jar:/home/user/.m2/repository/org/apache/kerby/kerby-asn1/1.0.1/kerby-asn1-1.0.1.jar:/home/user/.m2/repository/org/apache/kerby/kerby-util/1.0.1/kerby-util-1.0.1.jar:/home/user/.m2/repository/org/apache/kerby/kerb-common/1.0.1/kerb-common-1.0.1.jar:/home/user/.m2/repository/org/apache/kerby/kerb-crypto/1.0.1/kerb-crypto-1.0.1.jar:/home/user/.m2/repository/org/apache/kerby/kerb-util/1.0.1/kerb-util-1.0.1.jar:/home/user/.m2/repository/org/apache/kerby/token-provider/1.0.1/token-provider-1.0.1.jar:/home/user/.m2/repository/org/apache/kerby/kerb-admin/1.0.1/kerb-admin-1.0.1.jar:/home/user/.m2/repository/org/apache/kerby/kerb-server/1.0.1/kerb-server-1.0.1.jar:/home/user/.m2/repository/org/apache/kerby/kerb-identity/1.0.1/kerb-identity-1.0.1.jar:/home/user/.m2/repository/org/apache/kerby/kerby-xdr/1.0.1/kerby-xdr-1.0.1.jar:/home/user/.m2/repository/org/slf4j/slf4j-log4j12/1.7.25/slf4j-log4j12-1.7.25.jar:/home/user/.m2/repository/org/apache/hadoop/hadoop-ozone-s3gateway/0.5.0-SNAPSHOT/hadoop-ozone-s3gateway-0.5.0-SNAPSHOT.jar:/home/user/.m2/repository/org/jboss/weld/servlet/weld-servlet/2.4.7.Final/weld-servlet-2.4.7.Final.jar:/home/user/.m2/repository/org/glassfish/jersey/containers/jersey-container-servlet-core/2.27/jersey-container-servlet-core-2.27.jar:/home/user/.m2/repository/org/glassfish/hk2/external/javax.inject/2.5.0-b42/javax.inject-2.5.0-b42.jar:/home/user/.m2/repository/org/glassfish/jersey/core/jersey-common/2.27/jersey-common-2.27.jar:/home/user/.m2/repository/org/glassfish/hk2/osgi-resource-locator/1.0.1/osgi-resource-locator-1.0.1.jar:/home/user/.m2/repository/javax/ws/rs/javax.ws.rs-api/2.1/javax.ws.rs-api-2.1.jar:/home/user/.m2/repository/org/glassfish/jersey/ext/cdi/jersey-cdi1x/2.27/jersey-cdi1x-2.27.jar:/home/user/.m2/repository/org/glassfish/jersey/inject/jersey-hk2/2.27/jersey-hk2-2.27.jar:/home/user/.m2/repository/org/glassfish/hk2/hk2-locator/2.5.0-b42/hk2-locator-2.5.0-b42.jar:/home/user/.m2/repository/org/javassist/javassist/3.22.0-CR2/javassist-3.22.0-CR2.jar:/home/user/.m2/repository/org/glassfish/hk2/hk2-api/2.5.0/hk2-api-2.5.0.jar:/home/user/.m2/repository/org/glassfish/hk2/external/jakarta.inject/2.5.0/jakarta.inject-2.5.0.jar:/home/user/.m2/repository/org/glassfish/hk2/hk2-utils/2.5.0/hk2-utils-2.5.0.jar:/home/user/.m2/repository/jakarta/annotation/jakarta.annotation-api/1.3.4/jakarta.annotation-api-1.3.4.jar:/home/user/.m2/repository/org/glassfish/hk2/external/aopalliance-repackaged/2.5.0/aopalliance-repackaged-2.5.0.jar:/home/user/.m2/repository/com/fasterxml/jackson/dataformat/jackson-dataformat-xml/2.9.0/jackson-dataformat-xml-2.9.0.jar:/home/user/.m2/repository/com/fasterxml/jackson/core/jackson-core/2.9.9/jackson-core-2.9.9.jar:/home/user/.m2/repository/com/fasterxml/jackson/module/jackson-module-jaxb-annotations/2.9.9/jackson-module-jaxb-annotations-2.9.9.jar:/home/user/.m2/repository/javax/enterprise/cdi-api/1.2/cdi-api-1.2.jar:/home/user/.m2/repository/javax/el/javax.el-api/3.0.0/javax.el-api-3.0.0.jar:/home/user/.m2/repository/javax/interceptor/javax.interceptor-api/1.2/javax.interceptor-api-1.2.jar:/home/user/.m2/repository/javax/inject/javax.inject/1/javax.inject-1.jar:/home/user/.m2/repository/com/sun/xml/bind/jaxb-impl/2.3.0.1/jaxb-impl-2.3.0.1.jar:/home/user/.m2/repository/com/sun/xml/bind/jaxb-core/2.3.0.1/jaxb-core-2.3.0.1.jar:/home/user/.m2/repository/javax/xml/bind/jaxb-api/2.3.0/jaxb-api-2.3.0.jar:/home/user/.m2/repository/javax/activation/activation/1.1.1/activation-1.1.1.jar:/home/user/.m2/repository/org/apache/hadoop/hadoop-ozone-csi/0.5.0-SNAPSHOT/hadoop-ozone-csi-0.5.0-SNAPSHOT.jar:/home/user/.m2/repository/com/google/protobuf/protobuf-java-util/3.5.1/protobuf-java-util-3.5.1.jar:/home/user/.m2/repository/org/apache/hadoop/hadoop-hdds-config/0.5.0-SNAPSHOT/hadoop-hdds-config-0.5.0-SNAPSHOT.jar:/home/user/.m2/repository/io/grpc/grpc-netty/1.17.1/grpc-netty-1.17.1.jar:/home/user/.m2/repository/io/grpc/grpc-core/1.17.1/grpc-core-1.17.1.jar:/home/user/.m2/repository/io/grpc/grpc-context/1.17.1/grpc-context-1.17.1.jar:/home/user/.m2/repository/com/google/errorprone/error_prone_annotations/2.2.0/error_prone_annotations-2.2.0.jar:/home/user/.m2/repository/org/codehaus/mojo/animal-sniffer-annotations/1.17/animal-sniffer-annotations-1.17.jar:/home/user/.m2/repository/io/opencensus/opencensus-api/0.17.0/opencensus-api-0.17.0.jar:/home/user/.m2/repository/io/opencensus/opencensus-contrib-grpc-metrics/0.17.0/opencensus-contrib-grpc-metrics-0.17.0.jar:/home/user/.m2/repository/io/netty/netty-codec-http2/4.1.30.Final/netty-codec-http2-4.1.30.Final.jar:/home/user/.m2/repository/io/netty/netty-codec-http/4.1.30.Final/netty-codec-http-4.1.30.Final.jar:/home/user/.m2/repository/io/netty/netty-codec/4.1.30.Final/netty-codec-4.1.30.Final.jar:/home/user/.m2/repository/io/netty/netty-handler/4.1.30.Final/netty-handler-4.1.30.Final.jar:/home/user/.m2/repository/io/netty/netty-handler-proxy/4.1.30.Final/netty-handler-proxy-4.1.30.Final.jar:/home/user/.m2/repository/io/netty/netty-codec-socks/4.1.30.Final/netty-codec-socks-4.1.30.Final.jar:/home/user/.m2/repository/io/netty/netty-transport-native-epoll/4.1.30.Final/netty-transport-native-epoll-4.1.30.Final.jar:/home/user/.m2/repository/io/netty/netty-common/4.1.30.Final/netty-common-4.1.30.Final.jar:/home/user/.m2/repository/io/netty/netty-buffer/4.1.30.Final/netty-buffer-4.1.30.Final.jar:/home/user/.m2/repository/io/netty/netty-transport/4.1.30.Final/netty-transport-4.1.30.Final.jar:/home/user/.m2/repository/io/netty/netty-resolver/4.1.30.Final/netty-resolver-4.1.30.Final.jar:/home/user/.m2/repository/io/netty/netty-transport-native-unix-common/4.1.30.Final/netty-transport-native-unix-common-4.1.30.Final.jar:/home/user/.m2/repository/io/grpc/grpc-protobuf/1.17.1/grpc-protobuf-1.17.1.jar:/home/user/.m2/repository/com/google/api/grpc/proto-google-common-protos/1.0.0/proto-google-common-protos-1.0.0.jar:/home/user/.m2/repository/io/grpc/grpc-protobuf-lite/1.17.1/grpc-protobuf-lite-1.17.1.jar:/home/user/.m2/repository/io/grpc/grpc-stub/1.17.1/grpc-stub-1.17.1.jar:/home/user/.m2/repository/org/apache/hadoop/hadoop-ozone-recon/0.5.0-SNAPSHOT/hadoop-ozone-recon-0.5.0-SNAPSHOT.jar:/home/user/.m2/repository/org/apache/hadoop/hadoop-ozone-reconcodegen/0.5.0-SNAPSHOT/hadoop-ozone-reconcodegen-0.5.0-SNAPSHOT.jar:/home/user/.m2/repository/com/google/inject/extensions/guice-multibindings/4.0/guice-multibindings-4.0.jar:/home/user/.m2/repository/com/google/inject/guice/4.0/guice-4.0.jar:/home/user/.m2/repository/aopalliance/aopalliance/1.0/aopalliance-1.0.jar:/home/user/.m2/repository/com/google/inject/extensions/guice-servlet/4.0/guice-servlet-4.0.jar:/home/user/.m2/repository/org/glassfish/jersey/containers/jersey-container-servlet/2.27/jersey-container-servlet-2.27.jar:/home/user/.m2/repository/org/glassfish/hk2/guice-bridge/2.5.0/guice-bridge-2.5.0.jar:/home/user/.m2/repository/org/glassfish/jersey/core/jersey-server/2.27/jersey-server-2.27.jar:/home/user/.m2/repository/org/glassfish/jersey/core/jersey-client/2.27/jersey-client-2.27.jar:/home/user/.m2/repository/org/glassfish/jersey/media/jersey-media-jaxb/2.27/jersey-media-jaxb-2.27.jar:/home/user/.m2/repository/javax/validation/validation-api/1.1.0.Final/validation-api-1.1.0.Final.jar:/home/user/.m2/repository/org/glassfish/jersey/media/jersey-media-json-jackson/2.27/jersey-media-json-jackson-2.27.jar:/home/user/.m2/repository/org/glassfish/jersey/ext/jersey-entity-filtering/2.27/jersey-entity-filtering-2.27.jar:/home/user/.m2/repository/com/google/inject/extensions/guice-assistedinject/4.0/guice-assistedinject-4.0.jar:/home/user/.m2/repository/org/jooq/jooq/3.11.10/jooq-3.11.10.jar:/home/user/.m2/repository/org/jooq/jooq-meta/3.11.10/jooq-meta-3.11.10.jar:/home/user/.m2/repository/org/jooq/jooq-codegen/3.11.10/jooq-codegen-3.11.10.jar:/home/user/.m2/repository/com/jolbox/bonecp/0.8.0.RELEASE/bonecp-0.8.0.RELEASE.jar:/home/user/.m2/repository/org/xerial/sqlite-jdbc/3.25.2/sqlite-jdbc-3.25.2.jar:/home/user/.m2/repository/org/springframework/spring-jdbc/5.1.3.RELEASE/spring-jdbc-5.1.3.RELEASE.jar:/home/user/.m2/repository/org/springframework/spring-beans/5.1.3.RELEASE/spring-beans-5.1.3.RELEASE.jar:/home/user/.m2/repository/org/springframework/spring-core/5.1.3.RELEASE/spring-core-5.1.3.RELEASE.jar:/home/user/.m2/repository/org/springframework/spring-jcl/5.1.3.RELEASE/spring-jcl-5.1.3.RELEASE.jar:/home/user/.m2/repository/org/springframework/spring-tx/5.1.3.RELEASE/spring-tx-5.1.3.RELEASE.jar:/home/user/.m2/repository/org/apache/hadoop/hadoop-ozone-client/0.5.0-SNAPSHOT/hadoop-ozone-client-0.5.0-SNAPSHOT.jar:/home/user/.m2/repository/commons-lang/commons-lang/2.6/commons-lang-2.6.jar:/home/user/.m2/repository/org/apache/hadoop/hadoop-ozone-ozone-manager/0.5.0-SNAPSHOT/hadoop-ozone-ozone-manager-0.5.0-SNAPSHOT-tests.jar:/home/user/.m2/repository/junit/junit/4.11/junit-4.11.jar:/home/user/.m2/repository/org/hamcrest/hamcrest-core/1.3/hamcrest-core-1.3.jar:/home/user/.m2/repository/org/openjdk/jmh/jmh-core/1.19/jmh-core-1.19.jar:/home/user/.m2/repository/net/sf/jopt-simple/jopt-simple/4.6/jopt-simple-4.6.jar:/home/user/.m2/repository/org/apache/commons/commons-math3/3.1.1/commons-math3-3.1.1.jar:/home/user/.m2/repository/org/openjdk/jmh/jmh-generator-annprocess/1.19/jmh-generator-annprocess-1.19.jar:/home/user/.m2/repository/org/mockito/mockito-all/1.8.5/mockito-all-1.8.5.jar:/home/user/.m2/repository/org/apache/hadoop/hadoop-kms/3.2.0/hadoop-kms-3.2.0.jar:/home/user/.m2/repository/org/apache/hadoop/hadoop-auth/3.2.0/hadoop-auth-3.2.0.jar:/home/user/.m2/repository/com/nimbusds/nimbus-jose-jwt/4.41.1/nimbus-jose-jwt-4.41.1.jar:/home/user/.m2/repository/com/github/stephenc/jcip/jcip-annotations/1.0-1/jcip-annotations-1.0-1.jar:/home/user/.m2/repository/net/minidev/json-smart/2.3/json-smart-2.3.jar:/home/user/.m2/repository/net/minidev/accessors-smart/1.2/accessors-smart-1.2.jar:/home/user/.m2/repository/org/ow2/asm/asm/5.0.4/asm-5.0.4.jar:/home/user/.m2/repository/org/apache/curator/curator-framework/2.12.0/curator-framework-2.12.0.jar:/home/user/.m2/repository/com/sun/jersey/jersey-core/1.19/jersey-core-1.19.jar:/home/user/.m2/repository/javax/ws/rs/jsr311-api/1.1.1/jsr311-api-1.1.1.jar:/home/user/.m2/repository/com/sun/jersey/jersey-server/1.19/jersey-server-1.19.jar:/home/user/.m2/repository/javax/servlet/javax.servlet-api/3.1.0/javax.servlet-api-3.1.0.jar:/home/user/.m2/repository/org/eclipse/jetty/jetty-server/9.3.25.v20180904/jetty-server-9.3.25.v20180904.jar:/home/user/.m2/repository/org/eclipse/jetty/jetty-http/9.3.25.v20180904/jetty-http-9.3.25.v20180904.jar:/home/user/.m2/repository/org/eclipse/jetty/jetty-io/9.3.25.v20180904/jetty-io-9.3.25.v20180904.jar:/home/user/.m2/repository/org/eclipse/jetty/jetty-webapp/9.3.25.v20180904/jetty-webapp-9.3.25.v20180904.jar:/home/user/.m2/repository/org/eclipse/jetty/jetty-xml/9.3.25.v20180904/jetty-xml-9.3.25.v20180904.jar:/home/user/.m2/repository/log4j/log4j/1.2.17/log4j-1.2.17.jar:/home/user/.m2/repository/org/slf4j/slf4j-api/1.7.25/slf4j-api-1.7.25.jar:/home/user/.m2/repository/org/slf4j/jul-to-slf4j/1.7.25/jul-to-slf4j-1.7.25.jar:/home/user/.m2/repository/org/eclipse/jetty/jetty-util/9.3.25.v20180904/jetty-util-9.3.25.v20180904.jar:/home/user/.m2/repository/com/fasterxml/jackson/core/jackson-databind/2.9.9/jackson-databind-2.9.9.jar:/home/user/.m2/repository/org/apache/hadoop/hadoop-kms/3.2.0/hadoop-kms-3.2.0-tests.jar:/home/user/.m2/repository/org/apache/hadoop/hadoop-hdds-server-scm/0.5.0-SNAPSHOT/hadoop-hdds-server-scm-0.5.0-SNAPSHOT-tests.jar:/home/user/.m2/repository/org/apache/hadoop/hadoop-hdds-container-service/0.5.0-SNAPSHOT/hadoop-hdds-container-service-0.5.0-SNAPSHOT-tests.jar:/home/user/.m2/repository/org/yaml/snakeyaml/1.16/snakeyaml-1.16.jar:/home/user/.m2/repository/org/apache/hadoop/hadoop-common/3.2.0/hadoop-common-3.2.0-tests.jar:/home/user/.m2/repository/org/apache/hadoop/hadoop-annotations/3.2.0/hadoop-annotations-3.2.0.jar:/usr/lib/jvm/java-1.8-openjdk/jre/../lib/tools.jar:/home/user/.m2/repository/commons-cli/commons-cli/1.2/commons-cli-1.2.jar:/home/user/.m2/repository/org/apache/httpcomponents/httpclient/4.5.2/httpclient-4.5.2.jar:/home/user/.m2/repository/org/apache/httpcomponents/httpcore/4.4.4/httpcore-4.4.4.jar:/home/user/.m2/repository/commons-codec/commons-codec/1.11/commons-codec-1.11.jar:/home/user/.m2/repository/commons-net/commons-net/3.6/commons-net-3.6.jar:/home/user/.m2/repository/commons-collections/commons-collections/3.2.2/commons-collections-3.2.2.jar:/home/user/.m2/repository/org/eclipse/jetty/jetty-servlet/9.3.25.v20180904/jetty-servlet-9.3.25.v20180904.jar:/home/user/.m2/repository/org/eclipse/jetty/jetty-security/9.3.25.v20180904/jetty-security-9.3.25.v20180904.jar:/home/user/.m2/repository/javax/servlet/jsp/jsp-api/2.1/jsp-api-2.1.jar:/home/user/.m2/repository/com/sun/jersey/jersey-servlet/1.19/jersey-servlet-1.19.jar:/home/user/.m2/repository/com/sun/jersey/jersey-json/1.19/jersey-json-1.19.jar:/home/user/.m2/repository/org/codehaus/jettison/jettison/1.1/jettison-1.1.jar:/home/user/.m2/repository/org/codehaus/jackson/jackson-core-asl/1.9.13/jackson-core-asl-1.9.13.jar:/home/user/.m2/repository/org/codehaus/jackson/jackson-mapper-asl/1.9.13/jackson-mapper-asl-1.9.13.jar:/home/user/.m2/repository/org/codehaus/jackson/jackson-jaxrs/1.9.13/jackson-jaxrs-1.9.13.jar:/home/user/.m2/repository/org/codehaus/jackson/jackson-xc/1.9.13/jackson-xc-1.9.13.jar:/home/user/.m2/repository/commons-logging/commons-logging/1.1.3/commons-logging-1.1.3.jar:/home/user/.m2/repository/commons-beanutils/commons-beanutils/1.9.4/commons-beanutils-1.9.4.jar:/home/user/.m2/repository/org/apache/commons/commons-configuration2/2.1.1/commons-configuration2-2.1.1.jar:/home/user/.m2/repository/org/apache/commons/commons-lang3/3.7/commons-lang3-3.7.jar:/home/user/.m2/repository/org/apache/commons/commons-text/1.4/commons-text-1.4.jar:/home/user/.m2/repository/org/apache/avro/avro/1.7.7/avro-1.7.7.jar:/home/user/.m2/repository/com/thoughtworks/paranamer/paranamer/2.3/paranamer-2.3.jar:/home/user/.m2/repository/org/xerial/snappy/snappy-java/1.0.5/snappy-java-1.0.5.jar:/home/user/.m2/repository/com/google/re2j/re2j/1.1/re2j-1.1.jar:/home/user/.m2/repository/com/google/code/gson/gson/2.2.4/gson-2.2.4.jar:/home/user/.m2/repository/com/jcraft/jsch/0.1.54/jsch-0.1.54.jar:/home/user/.m2/repository/org/apache/curator/curator-client/2.12.0/curator-client-2.12.0.jar:/home/user/.m2/repository/org/apache/curator/curator-recipes/2.12.0/curator-recipes-2.12.0.jar:/home/user/.m2/repository/com/google/code/findbugs/jsr305/3.0.0/jsr305-3.0.0.jar:/home/user/.m2/repository/org/apache/htrace/htrace-core4/4.1.0-incubating/htrace-core4-4.1.0-incubating.jar:/home/user/.m2/repository/org/apache/zookeeper/zookeeper/3.4.13/zookeeper-3.4.13.jar:/home/user/.m2/repository/jline/jline/0.9.94/jline-0.9.94.jar:/home/user/.m2/repository/org/apache/yetus/audience-annotations/0.5.0/audience-annotations-0.5.0.jar:/home/user/.m2/repository/org/codehaus/woodstox/stax2-api/3.1.4/stax2-api-3.1.4.jar:/home/user/.m2/repository/com/fasterxml/woodstox/woodstox-core/5.0.3/woodstox-core-5.0.3.jar:/home/user/.m2/repository/dnsjava/dnsjava/2.1.7/dnsjava-2.1.7.jar:/home/user/.m2/repository/org/apache/hadoop/hadoop-hdfs/3.2.0/hadoop-hdfs-3.2.0-tests.jar:/home/user/.m2/repository/org/eclipse/jetty/jetty-util-ajax/9.3.25.v20180904/jetty-util-ajax-9.3.25.v20180904.jar:/home/user/.m2/repository/commons-daemon/commons-daemon/1.0.13/commons-daemon-1.0.13.jar:/home/user/.m2/repository/io/netty/netty/3.10.5.Final/netty-3.10.5.Final.jar:/home/user/.m2/repository/io/netty/netty-all/4.0.52.Final/netty-all-4.0.52.Final.jar:/home/user/.m2/repository/org/fusesource/leveldbjni/leveldbjni-all/1.8/leveldbjni-all-1.8.jar:"/>
    <property name="sun.cpu.endian" value="little"/>
    <property name="user.home" value="/home/user"/>
    <property name="user.language" value="en"/>
    <property name="java.specification.vendor" value="Oracle Corporation"/>
    <property name="java.home" value="/usr/lib/jvm/java-1.8-openjdk/jre"/>
    <property name="java.security.krb5.conf" value="/workdir/hadoop-ozone/integration-test/target/test-classes/krb5.conf"/>
    <property name="basedir" value="/workdir/hadoop-ozone/integration-test"/>
    <property name="file.separator" value="/"/>
    <property name="line.separator" value="&#10;"/>
    <property name="java.vm.specification.vendor" value="Oracle Corporation"/>
    <property name="java.specification.name" value="Java Platform API Specification"/>
    <property name="java.awt.graphicsenv" value="sun.awt.X11GraphicsEnvironment"/>
    <property name="surefire.real.class.path" value="/workdir/hadoop-ozone/integration-test/target/surefire/surefirebooter3648011085978056331.jar"/>
    <property name="hadoop.log.dir" value="/workdir/hadoop-ozone/integration-test/target/log"/>
    <property name="sun.boot.class.path" value="/usr/lib/jvm/java-1.8-openjdk/jre/lib/resources.jar:/usr/lib/jvm/java-1.8-openjdk/jre/lib/rt.jar:/usr/lib/jvm/java-1.8-openjdk/jre/lib/sunrsasign.jar:/usr/lib/jvm/java-1.8-openjdk/jre/lib/jsse.jar:/usr/lib/jvm/java-1.8-openjdk/jre/lib/jce.jar:/usr/lib/jvm/java-1.8-openjdk/jre/lib/charsets.jar:/usr/lib/jvm/java-1.8-openjdk/jre/lib/jfr.jar:/usr/lib/jvm/java-1.8-openjdk/jre/classes"/>
    <property name="sun.management.compiler" value="HotSpot 64-Bit Tiered Compilers"/>
    <property name="java.runtime.version" value="1.8.0_212-b04"/>
    <property name="java.net.preferIPv4Stack" value="true"/>
    <property name="user.name" value="jenkins1000"/>
    <property name="path.separator" value=":"/>
    <property name="java.security.egd" value="file:///dev/urandom"/>
    <property name="os.version" value="3.10.0-957.12.2.el7.x86_64"/>
    <property name="java.endorsed.dirs" value="/usr/lib/jvm/java-1.8-openjdk/jre/lib/endorsed"/>
    <property name="java.runtime.name" value="OpenJDK Runtime Environment"/>
    <property name="file.encoding" value="UTF-8"/>
    <property name="java.vm.name" value="OpenJDK 64-Bit Server VM"/>
    <property name="test.build.webapps" value=""/>
    <property name="localRepository" value="/home/user/.m2/repository"/>
    <property name="java.vendor.url.bug" value="https://icedtea.classpath.org/bugzilla"/>
    <property name="java.io.tmpdir" value="/tmp"/>
    <property name="require.test.libhadoop" value=""/>
    <property name="java.version" value="1.8.0_212"/>
    <property name="user.dir" value="/workdir/hadoop-ozone/integration-test"/>
    <property name="os.arch" value="amd64"/>
    <property name="java.vm.specification.name" value="Java Virtual Machine Specification"/>
    <property name="test.build.classes" value="/workdir/hadoop-ozone/integration-test/target/test-classes"/>
    <property name="java.awt.printerjob" value="sun.print.PSPrinterJob"/>
    <property name="sun.os.patch.level" value="unknown"/>
    <property name="hadoop.tmp.dir" value="/workdir/hadoop-ozone/integration-test/target/tmp"/>
    <property name="java.library.path" value="/usr/lib/jvm/java-1.8-openjdk/jre/lib/amd64/server:/usr/lib/jvm/java-1.8-openjdk/jre/lib/amd64:/usr/lib/jvm/java-1.8-openjdk/jre/../lib/amd64:/workdir/hadoop-ozone/integration-test/target/native/target/usr/local/lib:/workdir/hadoop-ozone/integration-test/../../hadoop-common-project/hadoop-common/target/native/target/usr/local/lib:/usr/java/packages/lib/amd64:/usr/lib64:/lib64:/lib:/usr/lib"/>
    <property name="java.vm.info" value="mixed mode"/>
    <property name="java.vendor" value="IcedTea"/>
    <property name="java.vm.version" value="25.212-b04"/>
    <property name="java.ext.dirs" value="/usr/lib/jvm/java-1.8-openjdk/jre/lib/ext:/usr/java/packages/lib/ext"/>
    <property name="sun.io.unicode.encoding" value="UnicodeLittle"/>
    <property name="java.class.version" value="52.0"/>
  </properties>
  <testcase name="test2WayCommitForRetryfailure" classname="org.apache.hadoop.ozone.client.rpc.Test2WayCommitInRatis" time="37.273">
    <error message="org.apache.ratis.protocol.RaftRetryFailureException: Failed RaftClientRequest:client-A0D371FC6ABB-&gt;2c1c6a22-1f7e-4072-aba0-ada314196a09@group-43D52F5C57FC, cid=14, seq=2*, RW, org.apache.hadoop.hdds.scm.XceiverClientRatis$$Lambda$326/673412242@231085d8 for 20 attempts with RetryLimited(maxAttempts=20, sleepTime=1000ms)" type="java.util.concurrent.ExecutionException">java.util.concurrent.ExecutionException: org.apache.ratis.protocol.RaftRetryFailureException: Failed RaftClientRequest:client-A0D371FC6ABB->2c1c6a22-1f7e-4072-aba0-ada314196a09@group-43D52F5C57FC, cid=14, seq=2*, RW, org.apache.hadoop.hdds.scm.XceiverClientRatis$$Lambda$326/673412242@231085d8 for 20 attempts with RetryLimited(maxAttempts=20, sleepTime=1000ms)
	at java.util.concurrent.CompletableFuture.reportGet(CompletableFuture.java:357)
	at java.util.concurrent.CompletableFuture.get(CompletableFuture.java:1895)
	at org.apache.hadoop.ozone.client.rpc.Test2WayCommitInRatis.test2WayCommitForRetryfailure(Test2WayCommitInRatis.java:144)
	at sun.reflect.NativeMethodAccessorImpl.invoke0(Native Method)
	at sun.reflect.NativeMethodAccessorImpl.invoke(NativeMethodAccessorImpl.java:62)
	at sun.reflect.DelegatingMethodAccessorImpl.invoke(DelegatingMethodAccessorImpl.java:43)
	at java.lang.reflect.Method.invoke(Method.java:498)
	at org.junit.runners.model.FrameworkMethod$1.runReflectiveCall(FrameworkMethod.java:47)
	at org.junit.internal.runners.model.ReflectiveCallable.run(ReflectiveCallable.java:12)
	at org.junit.runners.model.FrameworkMethod.invokeExplosively(FrameworkMethod.java:44)
	at org.junit.internal.runners.statements.InvokeMethod.evaluate(InvokeMethod.java:17)
	at org.junit.runners.ParentRunner.runLeaf(ParentRunner.java:271)
	at org.junit.runners.BlockJUnit4ClassRunner.runChild(BlockJUnit4ClassRunner.java:70)
	at org.junit.runners.BlockJUnit4ClassRunner.runChild(BlockJUnit4ClassRunner.java:50)
	at org.junit.runners.ParentRunner$3.run(ParentRunner.java:238)
	at org.junit.runners.ParentRunner$1.schedule(ParentRunner.java:63)
	at org.junit.runners.ParentRunner.runChildren(ParentRunner.java:236)
	at org.junit.runners.ParentRunner.access$000(ParentRunner.java:53)
	at org.junit.runners.ParentRunner$2.evaluate(ParentRunner.java:229)
	at org.junit.runners.ParentRunner.run(ParentRunner.java:309)
	at org.apache.maven.surefire.junit4.JUnit4Provider.execute(JUnit4Provider.java:365)
	at org.apache.maven.surefire.junit4.JUnit4Provider.executeWithRerun(JUnit4Provider.java:273)
	at org.apache.maven.surefire.junit4.JUnit4Provider.executeTestSet(JUnit4Provider.java:238)
	at org.apache.maven.surefire.junit4.JUnit4Provider.invoke(JUnit4Provider.java:159)
	at org.apache.maven.surefire.booter.ForkedBooter.invokeProviderInSameClassLoader(ForkedBooter.java:384)
	at org.apache.maven.surefire.booter.ForkedBooter.runSuitesInProcess(ForkedBooter.java:345)
	at org.apache.maven.surefire.booter.ForkedBooter.execute(ForkedBooter.java:126)
	at org.apache.maven.surefire.booter.ForkedBooter.main(ForkedBooter.java:418)
Caused by: org.apache.ratis.protocol.RaftRetryFailureException: Failed RaftClientRequest:client-A0D371FC6ABB->2c1c6a22-1f7e-4072-aba0-ada314196a09@group-43D52F5C57FC, cid=14, seq=2*, RW, org.apache.hadoop.hdds.scm.XceiverClientRatis$$Lambda$326/673412242@231085d8 for 20 attempts with RetryLimited(maxAttempts=20, sleepTime=1000ms)
	at org.apache.ratis.client.impl.RaftClientImpl.noMoreRetries(RaftClientImpl.java:271)
	at org.apache.ratis.client.impl.OrderedAsync.handleAsyncRetryFailure(OrderedAsync.java:138)
	at org.apache.ratis.client.impl.OrderedAsync.lambda$sendRequest$10(OrderedAsync.java:230)
	at java.util.concurrent.CompletableFuture.uniExceptionally(CompletableFuture.java:870)
	at java.util.concurrent.CompletableFuture$UniExceptionally.tryFire(CompletableFuture.java:852)
	at java.util.concurrent.CompletableFuture.postComplete(CompletableFuture.java:474)
	at java.util.concurrent.CompletableFuture.completeExceptionally(CompletableFuture.java:1977)
	at org.apache.ratis.grpc.client.GrpcClientProtocolClient$AsyncStreamObservers.completeReplyExceptionally(GrpcClientProtocolClient.java:339)
	at org.apache.ratis.grpc.client.GrpcClientProtocolClient$AsyncStreamObservers.access$000(GrpcClientProtocolClient.java:255)
	at org.apache.ratis.grpc.client.GrpcClientProtocolClient$AsyncStreamObservers$1.onNext(GrpcClientProtocolClient.java:267)
	at org.apache.ratis.grpc.client.GrpcClientProtocolClient$AsyncStreamObservers$1.onNext(GrpcClientProtocolClient.java:258)
	at org.apache.ratis.thirdparty.io.grpc.stub.ClientCalls$StreamObserverToCallListenerAdapter.onMessage(ClientCalls.java:421)
	at org.apache.ratis.thirdparty.io.grpc.ForwardingClientCallListener.onMessage(ForwardingClientCallListener.java:33)
	at org.apache.ratis.thirdparty.io.grpc.ForwardingClientCallListener.onMessage(ForwardingClientCallListener.java:33)
	at org.apache.ratis.thirdparty.io.grpc.internal.ClientCallImpl$ClientStreamListenerImpl$1MessagesAvailable.runInContext(ClientCallImpl.java:519)
	at org.apache.ratis.thirdparty.io.grpc.internal.ContextRunnable.run(ContextRunnable.java:37)
	at org.apache.ratis.thirdparty.io.grpc.internal.SerializingExecutor.run(SerializingExecutor.java:123)
	at java.util.concurrent.ThreadPoolExecutor.runWorker(ThreadPoolExecutor.java:1149)
	at java.util.concurrent.ThreadPoolExecutor$Worker.run(ThreadPoolExecutor.java:624)
	at java.lang.Thread.run(Thread.java:748)
Caused by: org.apache.ratis.protocol.NotLeaderException: Server 2c1c6a22-1f7e-4072-aba0-ada314196a09@group-43D52F5C57FC is not the leader
	at org.apache.ratis.client.impl.ClientProtoUtils.toRaftClientReply(ClientProtoUtils.java:243)
	at org.apache.ratis.grpc.client.GrpcClientProtocolClient$AsyncStreamObservers$1.onNext(GrpcClientProtocolClient.java:263)
	... 10 more
</error>
    <system-out><![CDATA[2019-09-23 12:15:02,424 [main] WARN  server.ServerUtils (ServerUtils.java:getScmDbDir(145)) - ozone.scm.db.dirs is not configured. We recommend adding this setting. Falling back to ozone.metadata.dirs instead.
2019-09-23 12:15:02,882 [main] WARN  server.ServerUtils (ServerUtils.java:getScmDbDir(145)) - ozone.scm.db.dirs is not configured. We recommend adding this setting. Falling back to ozone.metadata.dirs instead.
2019-09-23 12:15:02,886 [main] WARN  server.ServerUtils (ServerUtils.java:getScmDbDir(145)) - ozone.scm.db.dirs is not configured. We recommend adding this setting. Falling back to ozone.metadata.dirs instead.
2019-09-23 12:15:02,907 [main] INFO  util.log (Log.java:initialized(192)) - Logging initialized @1600ms
2019-09-23 12:15:03,009 [main] INFO  db.DBStoreBuilder (DBStoreBuilder.java:addTable(110)) - using custom profile for table: deletedBlocks
2019-09-23 12:15:03,009 [main] INFO  db.DBStoreBuilder (DBStoreBuilder.java:processTables(161)) - Using default column profile:DBProfile.DISK for Table:deletedBlocks
2019-09-23 12:15:03,010 [main] INFO  db.DBStoreBuilder (DBStoreBuilder.java:addTable(110)) - using custom profile for table: validCerts
2019-09-23 12:15:03,010 [main] INFO  db.DBStoreBuilder (DBStoreBuilder.java:processTables(161)) - Using default column profile:DBProfile.DISK for Table:validCerts
2019-09-23 12:15:03,010 [main] INFO  db.DBStoreBuilder (DBStoreBuilder.java:addTable(110)) - using custom profile for table: revokedCerts
2019-09-23 12:15:03,011 [main] INFO  db.DBStoreBuilder (DBStoreBuilder.java:processTables(161)) - Using default column profile:DBProfile.DISK for Table:revokedCerts
2019-09-23 12:15:03,022 [main] INFO  db.DBStoreBuilder (DBStoreBuilder.java:addTable(110)) - using custom profile for table: default
2019-09-23 12:15:03,022 [main] INFO  db.DBStoreBuilder (DBStoreBuilder.java:processTables(167)) - Using default column profile:DBProfile.DISK for Table:default
2019-09-23 12:15:03,023 [main] INFO  db.DBStoreBuilder (DBStoreBuilder.java:getDbProfile(198)) - Using default options. DBProfile.DISK
2019-09-23 12:15:03,285 [main] INFO  net.NodeSchemaLoader (NodeSchemaLoader.java:loadSchemaFromFile(125)) - Loading file from sun.misc.CompoundEnumeration@77888435
2019-09-23 12:15:03,286 [main] INFO  net.NodeSchemaLoader (NodeSchemaLoader.java:loadSchema(171)) - Loading network topology layer schema file
2019-09-23 12:15:03,353 [main] WARN  server.ServerUtils (ServerUtils.java:sanitizeUserArgs(70)) - ozone.scm.stale.node.interval value = 300000 is larger than max = 100000 based on the key value of ozone.scm.heartbeat.thread.interval, reset to the max value 100000.
2019-09-23 12:15:03,355 [main] WARN  server.ServerUtils (ServerUtils.java:sanitizeUserArgs(70)) - ozone.scm.stale.node.interval value = 300000 is larger than max = 100000 based on the key value of ozone.scm.heartbeat.thread.interval, reset to the max value 100000.
2019-09-23 12:15:03,357 [main] INFO  node.SCMNodeManager (SCMNodeManager.java:<init>(114)) - Entering startup safe mode.
2019-09-23 12:15:03,426 [main] INFO  algorithms.ContainerPlacementPolicyFactory (ContainerPlacementPolicyFactory.java:getPolicy(57)) - Create container placement policy of type org.apache.hadoop.hdds.scm.container.placement.algorithms.SCMContainerPlacementRandom
2019-09-23 12:15:03,440 [main] WARN  server.ServerUtils (ServerUtils.java:getScmDbDir(145)) - ozone.scm.db.dirs is not configured. We recommend adding this setting. Falling back to ozone.metadata.dirs instead.
2019-09-23 12:15:03,496 [main] INFO  pipeline.SCMPipelineManager (SCMPipelineManager.java:initializePipelineState(132)) - No pipeline exists in current db
2019-09-23 12:15:03,499 [main] WARN  server.ServerUtils (ServerUtils.java:getScmDbDir(145)) - ozone.scm.db.dirs is not configured. We recommend adding this setting. Falling back to ozone.metadata.dirs instead.
2019-09-23 12:15:03,617 [main] WARN  events.EventQueue (EventQueue.java:fireEvent(183)) - No event handler registered for event TypedEvent{payloadType=SafeModeStatus, name='SafeModeStatus'}
2019-09-23 12:15:03,980 [main] INFO  ipc.CallQueueManager (CallQueueManager.java:<init>(84)) - Using callQueue: class java.util.concurrent.LinkedBlockingQueue, queueCapacity: 2000, scheduler: class org.apache.hadoop.ipc.DefaultRpcScheduler, ipcBackoff: false.
2019-09-23 12:15:04,008 [Socket Reader #1 for port 45978] INFO  ipc.Server (Server.java:run(1074)) - Starting Socket Reader #1 for port 45978
2019-09-23 12:15:04,136 [main] INFO  ipc.CallQueueManager (CallQueueManager.java:<init>(84)) - Using callQueue: class java.util.concurrent.LinkedBlockingQueue, queueCapacity: 2000, scheduler: class org.apache.hadoop.ipc.DefaultRpcScheduler, ipcBackoff: false.
2019-09-23 12:15:04,137 [Socket Reader #1 for port 43296] INFO  ipc.Server (Server.java:run(1074)) - Starting Socket Reader #1 for port 43296
2019-09-23 12:15:04,147 [main] INFO  ipc.CallQueueManager (CallQueueManager.java:<init>(84)) - Using callQueue: class java.util.concurrent.LinkedBlockingQueue, queueCapacity: 2000, scheduler: class org.apache.hadoop.ipc.DefaultRpcScheduler, ipcBackoff: false.
2019-09-23 12:15:04,148 [Socket Reader #1 for port 33156] INFO  ipc.Server (Server.java:run(1074)) - Starting Socket Reader #1 for port 33156
2019-09-23 12:15:04,171 [main] INFO  hdfs.DFSUtil (DFSUtil.java:httpServerTemplateForNNAndJN(1641)) - Starting Web-server for scm at: http://0.0.0.0:0
2019-09-23 12:15:04,329 [main] INFO  server.AuthenticationFilter (AuthenticationFilter.java:constructSecretProvider(240)) - Unable to initialize FileSignerSecretProvider, falling back to use random secrets.
2019-09-23 12:15:04,337 [main] WARN  http.HttpRequestLog (HttpRequestLog.java:getRequestLog(97)) - Jetty request log can only be enabled using Log4j
2019-09-23 12:15:04,345 [main] INFO  http.HttpServer2 (HttpServer2.java:addGlobalFilter(975)) - Added global filter 'safety' (class=org.apache.hadoop.http.HttpServer2$QuotingInputFilter)
2019-09-23 12:15:04,347 [main] INFO  http.HttpServer2 (HttpServer2.java:addFilter(948)) - Added filter static_user_filter (class=org.apache.hadoop.http.lib.StaticUserWebFilter$StaticUserFilter) to context scm
2019-09-23 12:15:04,348 [main] INFO  http.HttpServer2 (HttpServer2.java:addFilter(958)) - Added filter static_user_filter (class=org.apache.hadoop.http.lib.StaticUserWebFilter$StaticUserFilter) to context logs
2019-09-23 12:15:04,348 [main] INFO  http.HttpServer2 (HttpServer2.java:addFilter(958)) - Added filter static_user_filter (class=org.apache.hadoop.http.lib.StaticUserWebFilter$StaticUserFilter) to context static
2019-09-23 12:15:04,378 [main] INFO  server.StorageContainerManager (StorageContainerManager.java:start(770)) - StorageContainerLocationProtocol RPC server is listening at /0.0.0.0:33156
2019-09-23 12:15:04,445 [main] WARN  impl.MetricsConfig (MetricsConfig.java:loadFirst(134)) - Cannot locate configuration: tried hadoop-metrics2-storagecontainermanager.properties,hadoop-metrics2.properties
2019-09-23 12:15:04,458 [main] INFO  impl.MetricsSystemImpl (MetricsSystemImpl.java:startTimer(374)) - Scheduled Metric snapshot period at 10 second(s).
2019-09-23 12:15:04,458 [main] INFO  impl.MetricsSystemImpl (MetricsSystemImpl.java:start(191)) - StorageContainerManager metrics system started
2019-09-23 12:15:04,686 [main] INFO  server.SCMClientProtocolServer (SCMClientProtocolServer.java:start(150)) - RPC server for Client  is listening at /0.0.0.0:33156
2019-09-23 12:15:04,687 [IPC Server listener on 33156] INFO  ipc.Server (Server.java:run(1153)) - IPC Server listener on 33156: starting
2019-09-23 12:15:04,687 [IPC Server Responder] INFO  ipc.Server (Server.java:run(1314)) - IPC Server Responder: starting
2019-09-23 12:15:04,689 [main] INFO  server.StorageContainerManager (StorageContainerManager.java:start(780)) - ScmBlockLocationProtocol RPC server is listening at /0.0.0.0:43296
2019-09-23 12:15:04,690 [main] INFO  server.SCMBlockProtocolServer (SCMBlockProtocolServer.java:start(146)) - RPC server for Block Protocol is listening at /0.0.0.0:43296
2019-09-23 12:15:04,691 [IPC Server Responder] INFO  ipc.Server (Server.java:run(1314)) - IPC Server Responder: starting
2019-09-23 12:15:04,691 [IPC Server listener on 43296] INFO  ipc.Server (Server.java:run(1153)) - IPC Server listener on 43296: starting
2019-09-23 12:15:04,693 [main] INFO  server.StorageContainerManager (StorageContainerManager.java:start(784)) - ScmDatanodeProtocl RPC server is listening at /0.0.0.0:45978
2019-09-23 12:15:04,693 [main] INFO  server.SCMDatanodeProtocolServer (SCMDatanodeProtocolServer.java:start(191)) - RPC server for DataNodes is listening at /0.0.0.0:45978
2019-09-23 12:15:04,693 [IPC Server Responder] INFO  ipc.Server (Server.java:run(1314)) - IPC Server Responder: starting
2019-09-23 12:15:04,694 [IPC Server listener on 45978] INFO  ipc.Server (Server.java:run(1153)) - IPC Server listener on 45978: starting
2019-09-23 12:15:04,697 [main] INFO  http.HttpServer2 (HttpServer2.java:bindListener(1191)) - Jetty bound to port 33972
2019-09-23 12:15:04,698 [main] INFO  server.Server (Server.java:doStart(351)) - jetty-9.3.25.v20180904, build timestamp: 2018-09-04T21:11:46Z, git hash: 3ce520221d0240229c862b122d2b06c12a625732
2019-09-23 12:15:04,733 [main] INFO  handler.ContextHandler (ContextHandler.java:doStart(781)) - Started o.e.j.s.ServletContextHandler@3e821657{/logs,file:///workdir/hadoop-ozone/integration-test/target/log,AVAILABLE}
2019-09-23 12:15:04,734 [main] INFO  handler.ContextHandler (ContextHandler.java:doStart(781)) - Started o.e.j.s.ServletContextHandler@71cf1b07{/static,file:///workdir/hadoop-ozone/integration-test/target/test-classes/webapps/static,AVAILABLE}
2019-09-23 12:15:04,766 [main] INFO  handler.ContextHandler (ContextHandler.java:doStart(781)) - Started o.e.j.w.WebAppContext@69f63d95{/,file:///workdir/hadoop-ozone/integration-test/target/test-classes/webapps/scm/,AVAILABLE}{/scm}
2019-09-23 12:15:04,772 [main] INFO  server.AbstractConnector (AbstractConnector.java:doStart(278)) - Started ServerConnector@72c927f1{HTTP/1.1,[http/1.1]}{0.0.0.0:33972}
2019-09-23 12:15:04,772 [main] INFO  server.Server (Server.java:doStart(419)) - Started @3465ms
2019-09-23 12:15:04,774 [main] INFO  impl.MetricsSinkAdapter (MetricsSinkAdapter.java:start(204)) - Sink prometheus started
2019-09-23 12:15:04,774 [main] INFO  impl.MetricsSystemImpl (MetricsSystemImpl.java:registerSink(301)) - Registered sink prometheus
2019-09-23 12:15:04,777 [main] INFO  server.BaseHttpServer (BaseHttpServer.java:updateConnectorAddress(215)) - HTTP server of SCM is listening at http://0.0.0.0:33972
2019-09-23 12:15:04,785 [org.apache.hadoop.util.JvmPauseMonitor$Monitor@532721fd] INFO  util.JvmPauseMonitor (JvmPauseMonitor.java:run(188)) - Starting JVM pause monitor
2019-09-23 12:15:04,790 [main] WARN  server.ServerUtils (ServerUtils.java:getDBPath(222)) - ozone.om.db.dirs is not configured. We recommend adding this setting. Falling back to ozone.metadata.dirs instead.
2019-09-23 12:15:04,892 [main] WARN  server.ServerUtils (ServerUtils.java:getDBPath(222)) - ozone.om.db.dirs is not configured. We recommend adding this setting. Falling back to ozone.metadata.dirs instead.
2019-09-23 12:15:04,892 [main] WARN  server.ServerUtils (ServerUtils.java:getDBPath(222)) - ozone.om.db.dirs is not configured. We recommend adding this setting. Falling back to ozone.metadata.dirs instead.
2019-09-23 12:15:04,893 [main] INFO  om.OzoneManager (OzoneManager.java:setOMNodeDetails(652)) - OM Service ID is not set. Setting it to the default ID: omServiceIdDefault
2019-09-23 12:15:04,894 [main] INFO  om.OzoneManager (OzoneManager.java:setOMNodeDetails(658)) - OM Node ID is not set. Setting it to the OmStorage's OmID: cdc29cd6-ca8f-4328-b33f-c07a34969240
2019-09-23 12:15:04,895 [main] INFO  om.OzoneManager (OzoneManager.java:loadOMHAConfigs(609)) - Found matching OM address with OMServiceId: null, OMNodeId: null, RPC Address: localhost:0 and Ratis port: 9872
2019-09-23 12:15:05,589 [main] WARN  server.ServerUtils (ServerUtils.java:getDBPath(222)) - ozone.om.db.dirs is not configured. We recommend adding this setting. Falling back to ozone.metadata.dirs instead.
2019-09-23 12:15:05,596 [main] INFO  db.DBStoreBuilder (DBStoreBuilder.java:addTable(110)) - using custom profile for table: userTable
2019-09-23 12:15:05,596 [main] INFO  db.DBStoreBuilder (DBStoreBuilder.java:processTables(161)) - Using default column profile:DBProfile.DISK for Table:userTable
2019-09-23 12:15:05,597 [main] INFO  db.DBStoreBuilder (DBStoreBuilder.java:addTable(110)) - using custom profile for table: volumeTable
2019-09-23 12:15:05,597 [main] INFO  db.DBStoreBuilder (DBStoreBuilder.java:processTables(161)) - Using default column profile:DBProfile.DISK for Table:volumeTable
2019-09-23 12:15:05,597 [main] INFO  db.DBStoreBuilder (DBStoreBuilder.java:addTable(110)) - using custom profile for table: bucketTable
2019-09-23 12:15:05,598 [main] INFO  db.DBStoreBuilder (DBStoreBuilder.java:processTables(161)) - Using default column profile:DBProfile.DISK for Table:bucketTable
2019-09-23 12:15:05,598 [main] INFO  db.DBStoreBuilder (DBStoreBuilder.java:addTable(110)) - using custom profile for table: keyTable
2019-09-23 12:15:05,598 [main] INFO  db.DBStoreBuilder (DBStoreBuilder.java:processTables(161)) - Using default column profile:DBProfile.DISK for Table:keyTable
2019-09-23 12:15:05,598 [main] INFO  db.DBStoreBuilder (DBStoreBuilder.java:addTable(110)) - using custom profile for table: deletedTable
2019-09-23 12:15:05,599 [main] INFO  db.DBStoreBuilder (DBStoreBuilder.java:processTables(161)) - Using default column profile:DBProfile.DISK for Table:deletedTable
2019-09-23 12:15:05,599 [main] INFO  db.DBStoreBuilder (DBStoreBuilder.java:addTable(110)) - using custom profile for table: openKeyTable
2019-09-23 12:15:05,599 [main] INFO  db.DBStoreBuilder (DBStoreBuilder.java:processTables(161)) - Using default column profile:DBProfile.DISK for Table:openKeyTable
2019-09-23 12:15:05,599 [main] INFO  db.DBStoreBuilder (DBStoreBuilder.java:addTable(110)) - using custom profile for table: s3Table
2019-09-23 12:15:05,599 [main] INFO  db.DBStoreBuilder (DBStoreBuilder.java:processTables(161)) - Using default column profile:DBProfile.DISK for Table:s3Table
2019-09-23 12:15:05,600 [main] INFO  db.DBStoreBuilder (DBStoreBuilder.java:addTable(110)) - using custom profile for table: multipartInfoTable
2019-09-23 12:15:05,600 [main] INFO  db.DBStoreBuilder (DBStoreBuilder.java:processTables(161)) - Using default column profile:DBProfile.DISK for Table:multipartInfoTable
2019-09-23 12:15:05,600 [main] INFO  db.DBStoreBuilder (DBStoreBuilder.java:addTable(110)) - using custom profile for table: dTokenTable
2019-09-23 12:15:05,600 [main] INFO  db.DBStoreBuilder (DBStoreBuilder.java:processTables(161)) - Using default column profile:DBProfile.DISK for Table:dTokenTable
2019-09-23 12:15:05,601 [main] INFO  db.DBStoreBuilder (DBStoreBuilder.java:addTable(110)) - using custom profile for table: s3SecretTable
2019-09-23 12:15:05,601 [main] INFO  db.DBStoreBuilder (DBStoreBuilder.java:processTables(161)) - Using default column profile:DBProfile.DISK for Table:s3SecretTable
2019-09-23 12:15:05,601 [main] INFO  db.DBStoreBuilder (DBStoreBuilder.java:addTable(110)) - using custom profile for table: prefixTable
2019-09-23 12:15:05,601 [main] INFO  db.DBStoreBuilder (DBStoreBuilder.java:processTables(161)) - Using default column profile:DBProfile.DISK for Table:prefixTable
2019-09-23 12:15:05,602 [main] INFO  db.DBStoreBuilder (DBStoreBuilder.java:addTable(110)) - using custom profile for table: default
2019-09-23 12:15:05,602 [main] INFO  db.DBStoreBuilder (DBStoreBuilder.java:processTables(167)) - Using default column profile:DBProfile.DISK for Table:default
2019-09-23 12:15:05,602 [main] INFO  db.DBStoreBuilder (DBStoreBuilder.java:getDbProfile(198)) - Using default options. DBProfile.DISK
2019-09-23 12:15:07,083 [main] INFO  ipc.CallQueueManager (CallQueueManager.java:<init>(84)) - Using callQueue: class java.util.concurrent.LinkedBlockingQueue, queueCapacity: 2000, scheduler: class org.apache.hadoop.ipc.DefaultRpcScheduler, ipcBackoff: false.
2019-09-23 12:15:07,084 [Socket Reader #1 for port 45791] INFO  ipc.Server (Server.java:run(1074)) - Starting Socket Reader #1 for port 45791
2019-09-23 12:15:07,105 [main] INFO  om.OzoneManager (OzoneManager.java:start(1243)) - OzoneManager RPC server is listening at localhost/127.0.0.1:45791
2019-09-23 12:15:07,105 [main] INFO  impl.MetricsSystemImpl (MetricsSystemImpl.java:init(158)) - OzoneManager metrics system started (again)
2019-09-23 12:15:07,106 [IPC Server Responder] INFO  ipc.Server (Server.java:run(1314)) - IPC Server Responder: starting
2019-09-23 12:15:07,107 [IPC Server listener on 45791] INFO  ipc.Server (Server.java:run(1153)) - IPC Server listener on 45791: starting
2019-09-23 12:15:07,112 [main] INFO  hdfs.DFSUtil (DFSUtil.java:httpServerTemplateForNNAndJN(1641)) - Starting Web-server for ozoneManager at: http://0.0.0.0:0
2019-09-23 12:15:07,114 [main] INFO  server.AuthenticationFilter (AuthenticationFilter.java:constructSecretProvider(240)) - Unable to initialize FileSignerSecretProvider, falling back to use random secrets.
2019-09-23 12:15:07,115 [main] WARN  http.HttpRequestLog (HttpRequestLog.java:getRequestLog(97)) - Jetty request log can only be enabled using Log4j
2019-09-23 12:15:07,117 [main] INFO  http.HttpServer2 (HttpServer2.java:addGlobalFilter(975)) - Added global filter 'safety' (class=org.apache.hadoop.http.HttpServer2$QuotingInputFilter)
2019-09-23 12:15:07,118 [main] INFO  http.HttpServer2 (HttpServer2.java:addFilter(948)) - Added filter static_user_filter (class=org.apache.hadoop.http.lib.StaticUserWebFilter$StaticUserFilter) to context ozoneManager
2019-09-23 12:15:07,119 [main] INFO  http.HttpServer2 (HttpServer2.java:addFilter(958)) - Added filter static_user_filter (class=org.apache.hadoop.http.lib.StaticUserWebFilter$StaticUserFilter) to context logs
2019-09-23 12:15:07,119 [main] INFO  http.HttpServer2 (HttpServer2.java:addFilter(958)) - Added filter static_user_filter (class=org.apache.hadoop.http.lib.StaticUserWebFilter$StaticUserFilter) to context static
2019-09-23 12:15:07,121 [main] INFO  http.HttpServer2 (HttpServer2.java:bindListener(1191)) - Jetty bound to port 40674
2019-09-23 12:15:07,121 [main] INFO  server.Server (Server.java:doStart(351)) - jetty-9.3.25.v20180904, build timestamp: 2018-09-04T21:11:46Z, git hash: 3ce520221d0240229c862b122d2b06c12a625732
2019-09-23 12:15:07,124 [main] INFO  handler.ContextHandler (ContextHandler.java:doStart(781)) - Started o.e.j.s.ServletContextHandler@7bde1f3a{/logs,file:///workdir/hadoop-ozone/integration-test/target/log,AVAILABLE}
2019-09-23 12:15:07,125 [main] INFO  handler.ContextHandler (ContextHandler.java:doStart(781)) - Started o.e.j.s.ServletContextHandler@67dba613{/static,file:///workdir/hadoop-ozone/integration-test/target/test-classes/webapps/static,AVAILABLE}
2019-09-23 12:15:07,132 [main] INFO  handler.ContextHandler (ContextHandler.java:doStart(781)) - Started o.e.j.w.WebAppContext@1a5f7e7c{/,file:///workdir/hadoop-ozone/integration-test/target/test-classes/webapps/ozoneManager/,AVAILABLE}{/ozoneManager}
2019-09-23 12:15:07,134 [main] INFO  server.AbstractConnector (AbstractConnector.java:doStart(278)) - Started ServerConnector@5b22b970{HTTP/1.1,[http/1.1]}{0.0.0.0:40674}
2019-09-23 12:15:07,135 [main] INFO  server.Server (Server.java:doStart(419)) - Started @5828ms
2019-09-23 12:15:07,135 [main] WARN  impl.MetricsSystemImpl (MetricsSystemImpl.java:register(276)) - Sink prometheus already exists!
2019-09-23 12:15:07,137 [main] INFO  server.BaseHttpServer (BaseHttpServer.java:updateConnectorAddress(215)) - HTTP server of OZONEMANAGER is listening at http://0.0.0.0:40674
2019-09-23 12:15:07,455 [main] INFO  impl.MetricsSystemImpl (MetricsSystemImpl.java:init(158)) - HddsDatanode metrics system started (again)
2019-09-23 12:15:07,504 [main] INFO  ozone.HddsDatanodeService (HddsDatanodeService.java:start(184)) - HddsDatanodeService host:pr-hdds-2067-85gxf-3223273056 ip:192.168.34.25
2019-09-23 12:15:07,550 [main] INFO  volume.HddsVolume (HddsVolume.java:<init>(176)) - Creating Volume: /workdir/hadoop-ozone/integration-test/target/test-dir/MiniOzoneClusterImpl-32207017-7822-4caf-b7bd-0faf8cfdfdb9/datanode-0/data/containers/hdds of  storage type : DISK and capacity : 1482555576320
2019-09-23 12:15:07,552 [main] INFO  volume.VolumeSet (VolumeSet.java:initializeVolumeSet(170)) - Added Volume : /workdir/hadoop-ozone/integration-test/target/test-dir/MiniOzoneClusterImpl-32207017-7822-4caf-b7bd-0faf8cfdfdb9/datanode-0/data/containers/hdds to VolumeSet
2019-09-23 12:15:07,562 [main] INFO  volume.ThrottledAsyncChecker (ThrottledAsyncChecker.java:schedule(139)) - Scheduling a check for org.apache.hadoop.ozone.container.common.volume.HddsVolume@3fdecce
2019-09-23 12:15:07,587 [main] INFO  volume.HddsVolumeChecker (HddsVolumeChecker.java:checkAllVolumes(202)) - Scheduled health check for volume org.apache.hadoop.ozone.container.common.volume.HddsVolume@3fdecce
2019-09-23 12:15:07,706 [main] INFO  impl.RaftServerProxy (ConfUtils.java:logGet(43)) - raft.rpc.type = GRPC (default)
2019-09-23 12:15:07,774 [main] INFO  grpc.GrpcFactory (GrpcFactory.java:checkPooledByteBufAllocatorUseCacheForAllThreads(45)) - PERFORMANCE WARNING: useCacheForAllThreads is true that may cause Netty to create a lot garbage objects and, as a result, trigger GC.
	It is recommended to disable useCacheForAllThreads by setting -Dorg.apache.ratis.thirdparty.io.netty.allocator.useCacheForAllThreads=false in command line.
2019-09-23 12:15:07,778 [main] INFO  grpc.GrpcConfigKeys$Server (ConfUtils.java:logGet(43)) - raft.grpc.server.port = 0 (default)
2019-09-23 12:15:07,779 [main] INFO  server.GrpcService (ConfUtils.java:logGet(43)) - raft.grpc.message.size.max = 33570816 (custom)
2019-09-23 12:15:07,781 [main] INFO  server.RaftServerConfigKeys (ConfUtils.java:logGet(43)) - raft.server.log.appender.buffer.byte-limit = 33554432 (custom)
2019-09-23 12:15:07,782 [main] INFO  server.GrpcService (ConfUtils.java:logGet(43)) - raft.grpc.flow.control.window = 1MB (=1048576) (default)
2019-09-23 12:15:07,782 [main] INFO  server.RaftServerConfigKeys (ConfUtils.java:logGet(43)) - raft.server.rpc.request.timeout = 3000ms (default)
2019-09-23 12:15:07,943 [main] INFO  server.RaftServerConfigKeys (ConfUtils.java:logGet(43)) - raft.server.storage.dir = [/workdir/hadoop-ozone/integration-test/target/test-dir/MiniOzoneClusterImpl-32207017-7822-4caf-b7bd-0faf8cfdfdb9/datanode-0/data/ratis] (custom)
2019-09-23 12:15:07,995 [main] INFO  hdfs.DFSUtil (DFSUtil.java:httpServerTemplateForNNAndJN(1641)) - Starting Web-server for hddsDatanode at: http://0.0.0.0:0
2019-09-23 12:15:07,999 [main] INFO  server.AuthenticationFilter (AuthenticationFilter.java:constructSecretProvider(240)) - Unable to initialize FileSignerSecretProvider, falling back to use random secrets.
2019-09-23 12:15:08,000 [main] WARN  http.HttpRequestLog (HttpRequestLog.java:getRequestLog(97)) - Jetty request log can only be enabled using Log4j
2019-09-23 12:15:08,002 [main] INFO  http.HttpServer2 (HttpServer2.java:addGlobalFilter(975)) - Added global filter 'safety' (class=org.apache.hadoop.http.HttpServer2$QuotingInputFilter)
2019-09-23 12:15:08,003 [main] INFO  http.HttpServer2 (HttpServer2.java:addFilter(948)) - Added filter static_user_filter (class=org.apache.hadoop.http.lib.StaticUserWebFilter$StaticUserFilter) to context hddsDatanode
2019-09-23 12:15:08,003 [main] INFO  http.HttpServer2 (HttpServer2.java:addFilter(958)) - Added filter static_user_filter (class=org.apache.hadoop.http.lib.StaticUserWebFilter$StaticUserFilter) to context logs
2019-09-23 12:15:08,003 [main] INFO  http.HttpServer2 (HttpServer2.java:addFilter(958)) - Added filter static_user_filter (class=org.apache.hadoop.http.lib.StaticUserWebFilter$StaticUserFilter) to context static
2019-09-23 12:15:08,005 [main] INFO  http.HttpServer2 (HttpServer2.java:bindListener(1191)) - Jetty bound to port 38304
2019-09-23 12:15:08,005 [main] INFO  server.Server (Server.java:doStart(351)) - jetty-9.3.25.v20180904, build timestamp: 2018-09-04T21:11:46Z, git hash: 3ce520221d0240229c862b122d2b06c12a625732
2019-09-23 12:15:08,008 [main] INFO  handler.ContextHandler (ContextHandler.java:doStart(781)) - Started o.e.j.s.ServletContextHandler@6d1dcdff{/logs,file:///workdir/hadoop-ozone/integration-test/target/log,AVAILABLE}
2019-09-23 12:15:08,009 [main] INFO  handler.ContextHandler (ContextHandler.java:doStart(781)) - Started o.e.j.s.ServletContextHandler@7ff35a3f{/static,jar:file:/home/user/.m2/repository/org/apache/hadoop/hadoop-hdds-container-service/0.5.0-SNAPSHOT/hadoop-hdds-container-service-0.5.0-SNAPSHOT.jar!/webapps/static,AVAILABLE}
2019-09-23 12:15:08,052 [main] INFO  handler.ContextHandler (ContextHandler.java:doStart(781)) - Started o.e.j.w.WebAppContext@a66e580{/,file:///tmp/jetty-0.0.0.0-38304-hddsDatanode-_-any-2001550842217604260.dir/webapp/,AVAILABLE}{/hddsDatanode}
2019-09-23 12:15:08,054 [main] INFO  server.AbstractConnector (AbstractConnector.java:doStart(278)) - Started ServerConnector@5b852b49{HTTP/1.1,[http/1.1]}{0.0.0.0:38304}
2019-09-23 12:15:08,055 [main] INFO  server.Server (Server.java:doStart(419)) - Started @6748ms
2019-09-23 12:15:08,055 [main] WARN  impl.MetricsSystemImpl (MetricsSystemImpl.java:register(276)) - Sink prometheus already exists!
2019-09-23 12:15:08,056 [main] INFO  server.BaseHttpServer (BaseHttpServer.java:updateConnectorAddress(215)) - HTTP server of HDDSDATANODE is listening at http://0.0.0.0:38304
2019-09-23 12:15:08,058 [main] INFO  impl.MetricsSystemImpl (MetricsSystemImpl.java:init(158)) - HddsDatanode metrics system started (again)
2019-09-23 12:15:08,063 [main] INFO  ozone.HddsDatanodeService (HddsDatanodeService.java:start(184)) - HddsDatanodeService host:pr-hdds-2067-85gxf-3223273056 ip:192.168.34.25
2019-09-23 12:15:08,065 [org.apache.hadoop.util.JvmPauseMonitor$Monitor@2d4a9da4] INFO  util.JvmPauseMonitor (JvmPauseMonitor.java:run(188)) - Starting JVM pause monitor
2019-09-23 12:15:08,074 [main] INFO  volume.HddsVolume (HddsVolume.java:<init>(176)) - Creating Volume: /workdir/hadoop-ozone/integration-test/target/test-dir/MiniOzoneClusterImpl-32207017-7822-4caf-b7bd-0faf8cfdfdb9/datanode-1/data/containers/hdds of  storage type : DISK and capacity : 1482555576320
2019-09-23 12:15:08,075 [main] INFO  volume.VolumeSet (VolumeSet.java:initializeVolumeSet(170)) - Added Volume : /workdir/hadoop-ozone/integration-test/target/test-dir/MiniOzoneClusterImpl-32207017-7822-4caf-b7bd-0faf8cfdfdb9/datanode-1/data/containers/hdds to VolumeSet
2019-09-23 12:15:08,075 [main] INFO  volume.ThrottledAsyncChecker (ThrottledAsyncChecker.java:schedule(139)) - Scheduling a check for org.apache.hadoop.ozone.container.common.volume.HddsVolume@5bc28f40
2019-09-23 12:15:08,076 [main] INFO  volume.HddsVolumeChecker (HddsVolumeChecker.java:checkAllVolumes(202)) - Scheduled health check for volume org.apache.hadoop.ozone.container.common.volume.HddsVolume@5bc28f40
2019-09-23 12:15:08,095 [main] INFO  impl.RaftServerProxy (ConfUtils.java:logGet(43)) - raft.rpc.type = GRPC (default)
2019-09-23 12:15:08,095 [main] INFO  grpc.GrpcFactory (GrpcFactory.java:checkPooledByteBufAllocatorUseCacheForAllThreads(45)) - PERFORMANCE WARNING: useCacheForAllThreads is true that may cause Netty to create a lot garbage objects and, as a result, trigger GC.
	It is recommended to disable useCacheForAllThreads by setting -Dorg.apache.ratis.thirdparty.io.netty.allocator.useCacheForAllThreads=false in command line.
2019-09-23 12:15:08,095 [main] INFO  grpc.GrpcConfigKeys$Server (ConfUtils.java:logGet(43)) - raft.grpc.server.port = 0 (default)
2019-09-23 12:15:08,096 [main] INFO  server.GrpcService (ConfUtils.java:logGet(43)) - raft.grpc.message.size.max = 33570816 (custom)
2019-09-23 12:15:08,096 [main] INFO  server.RaftServerConfigKeys (ConfUtils.java:logGet(43)) - raft.server.log.appender.buffer.byte-limit = 33554432 (custom)
2019-09-23 12:15:08,096 [main] INFO  server.GrpcService (ConfUtils.java:logGet(43)) - raft.grpc.flow.control.window = 1MB (=1048576) (default)
2019-09-23 12:15:08,097 [main] INFO  server.RaftServerConfigKeys (ConfUtils.java:logGet(43)) - raft.server.rpc.request.timeout = 3000ms (default)
2019-09-23 12:15:08,098 [main] INFO  server.RaftServerConfigKeys (ConfUtils.java:logGet(43)) - raft.server.storage.dir = [/workdir/hadoop-ozone/integration-test/target/test-dir/MiniOzoneClusterImpl-32207017-7822-4caf-b7bd-0faf8cfdfdb9/datanode-1/data/ratis] (custom)
2019-09-23 12:15:08,100 [main] INFO  hdfs.DFSUtil (DFSUtil.java:httpServerTemplateForNNAndJN(1641)) - Starting Web-server for hddsDatanode at: http://0.0.0.0:0
2019-09-23 12:15:08,102 [main] INFO  server.AuthenticationFilter (AuthenticationFilter.java:constructSecretProvider(240)) - Unable to initialize FileSignerSecretProvider, falling back to use random secrets.
2019-09-23 12:15:08,103 [main] WARN  http.HttpRequestLog (HttpRequestLog.java:getRequestLog(97)) - Jetty request log can only be enabled using Log4j
2019-09-23 12:15:08,105 [main] INFO  http.HttpServer2 (HttpServer2.java:addGlobalFilter(975)) - Added global filter 'safety' (class=org.apache.hadoop.http.HttpServer2$QuotingInputFilter)
2019-09-23 12:15:08,105 [main] INFO  http.HttpServer2 (HttpServer2.java:addFilter(948)) - Added filter static_user_filter (class=org.apache.hadoop.http.lib.StaticUserWebFilter$StaticUserFilter) to context hddsDatanode
2019-09-23 12:15:08,106 [main] INFO  http.HttpServer2 (HttpServer2.java:addFilter(958)) - Added filter static_user_filter (class=org.apache.hadoop.http.lib.StaticUserWebFilter$StaticUserFilter) to context static
2019-09-23 12:15:08,106 [main] INFO  http.HttpServer2 (HttpServer2.java:addFilter(958)) - Added filter static_user_filter (class=org.apache.hadoop.http.lib.StaticUserWebFilter$StaticUserFilter) to context logs
2019-09-23 12:15:08,107 [main] INFO  http.HttpServer2 (HttpServer2.java:bindListener(1191)) - Jetty bound to port 35674
2019-09-23 12:15:08,107 [main] INFO  server.Server (Server.java:doStart(351)) - jetty-9.3.25.v20180904, build timestamp: 2018-09-04T21:11:46Z, git hash: 3ce520221d0240229c862b122d2b06c12a625732
2019-09-23 12:15:08,113 [main] INFO  handler.ContextHandler (ContextHandler.java:doStart(781)) - Started o.e.j.s.ServletContextHandler@6cd64ee8{/logs,file:///workdir/hadoop-ozone/integration-test/target/log,AVAILABLE}
2019-09-23 12:15:08,113 [main] INFO  handler.ContextHandler (ContextHandler.java:doStart(781)) - Started o.e.j.s.ServletContextHandler@2f1d0bbc{/static,jar:file:/home/user/.m2/repository/org/apache/hadoop/hadoop-hdds-container-service/0.5.0-SNAPSHOT/hadoop-hdds-container-service-0.5.0-SNAPSHOT.jar!/webapps/static,AVAILABLE}
2019-09-23 12:15:08,141 [main] INFO  handler.ContextHandler (ContextHandler.java:doStart(781)) - Started o.e.j.w.WebAppContext@59072e9d{/,file:///tmp/jetty-0.0.0.0-35674-hddsDatanode-_-any-7643989549981864682.dir/webapp/,AVAILABLE}{/hddsDatanode}
2019-09-23 12:15:08,142 [main] INFO  server.AbstractConnector (AbstractConnector.java:doStart(278)) - Started ServerConnector@58472096{HTTP/1.1,[http/1.1]}{0.0.0.0:35674}
2019-09-23 12:15:08,143 [main] INFO  server.Server (Server.java:doStart(419)) - Started @6836ms
2019-09-23 12:15:08,143 [main] WARN  impl.MetricsSystemImpl (MetricsSystemImpl.java:register(276)) - Sink prometheus already exists!
2019-09-23 12:15:08,145 [main] INFO  server.BaseHttpServer (BaseHttpServer.java:updateConnectorAddress(215)) - HTTP server of HDDSDATANODE is listening at http://0.0.0.0:35674
2019-09-23 12:15:08,145 [main] INFO  impl.MetricsSystemImpl (MetricsSystemImpl.java:init(158)) - HddsDatanode metrics system started (again)
2019-09-23 12:15:08,148 [main] INFO  ozone.HddsDatanodeService (HddsDatanodeService.java:start(184)) - HddsDatanodeService host:pr-hdds-2067-85gxf-3223273056 ip:192.168.34.25
2019-09-23 12:15:08,149 [org.apache.hadoop.util.JvmPauseMonitor$Monitor@57e99bfb] INFO  util.JvmPauseMonitor (JvmPauseMonitor.java:run(188)) - Starting JVM pause monitor
2019-09-23 12:15:08,158 [main] INFO  volume.HddsVolume (HddsVolume.java:<init>(176)) - Creating Volume: /workdir/hadoop-ozone/integration-test/target/test-dir/MiniOzoneClusterImpl-32207017-7822-4caf-b7bd-0faf8cfdfdb9/datanode-2/data/containers/hdds of  storage type : DISK and capacity : 1482555576320
2019-09-23 12:15:08,158 [main] INFO  volume.VolumeSet (VolumeSet.java:initializeVolumeSet(170)) - Added Volume : /workdir/hadoop-ozone/integration-test/target/test-dir/MiniOzoneClusterImpl-32207017-7822-4caf-b7bd-0faf8cfdfdb9/datanode-2/data/containers/hdds to VolumeSet
2019-09-23 12:15:08,159 [main] INFO  volume.ThrottledAsyncChecker (ThrottledAsyncChecker.java:schedule(139)) - Scheduling a check for org.apache.hadoop.ozone.container.common.volume.HddsVolume@7baf1f5a
2019-09-23 12:15:08,159 [main] INFO  volume.HddsVolumeChecker (HddsVolumeChecker.java:checkAllVolumes(202)) - Scheduled health check for volume org.apache.hadoop.ozone.container.common.volume.HddsVolume@7baf1f5a
2019-09-23 12:15:08,173 [main] INFO  impl.RaftServerProxy (ConfUtils.java:logGet(43)) - raft.rpc.type = GRPC (default)
2019-09-23 12:15:08,174 [main] INFO  grpc.GrpcFactory (GrpcFactory.java:checkPooledByteBufAllocatorUseCacheForAllThreads(45)) - PERFORMANCE WARNING: useCacheForAllThreads is true that may cause Netty to create a lot garbage objects and, as a result, trigger GC.
	It is recommended to disable useCacheForAllThreads by setting -Dorg.apache.ratis.thirdparty.io.netty.allocator.useCacheForAllThreads=false in command line.
2019-09-23 12:15:08,174 [main] INFO  grpc.GrpcConfigKeys$Server (ConfUtils.java:logGet(43)) - raft.grpc.server.port = 0 (default)
2019-09-23 12:15:08,174 [main] INFO  server.GrpcService (ConfUtils.java:logGet(43)) - raft.grpc.message.size.max = 33570816 (custom)
2019-09-23 12:15:08,174 [main] INFO  server.RaftServerConfigKeys (ConfUtils.java:logGet(43)) - raft.server.log.appender.buffer.byte-limit = 33554432 (custom)
2019-09-23 12:15:08,175 [main] INFO  server.GrpcService (ConfUtils.java:logGet(43)) - raft.grpc.flow.control.window = 1MB (=1048576) (default)
2019-09-23 12:15:08,175 [main] INFO  server.RaftServerConfigKeys (ConfUtils.java:logGet(43)) - raft.server.rpc.request.timeout = 3000ms (default)
2019-09-23 12:15:08,175 [main] INFO  server.RaftServerConfigKeys (ConfUtils.java:logGet(43)) - raft.server.storage.dir = [/workdir/hadoop-ozone/integration-test/target/test-dir/MiniOzoneClusterImpl-32207017-7822-4caf-b7bd-0faf8cfdfdb9/datanode-2/data/ratis] (custom)
2019-09-23 12:15:08,178 [main] INFO  hdfs.DFSUtil (DFSUtil.java:httpServerTemplateForNNAndJN(1641)) - Starting Web-server for hddsDatanode at: http://0.0.0.0:0
2019-09-23 12:15:08,180 [main] INFO  server.AuthenticationFilter (AuthenticationFilter.java:constructSecretProvider(240)) - Unable to initialize FileSignerSecretProvider, falling back to use random secrets.
2019-09-23 12:15:08,181 [main] WARN  http.HttpRequestLog (HttpRequestLog.java:getRequestLog(97)) - Jetty request log can only be enabled using Log4j
2019-09-23 12:15:08,183 [main] INFO  http.HttpServer2 (HttpServer2.java:addGlobalFilter(975)) - Added global filter 'safety' (class=org.apache.hadoop.http.HttpServer2$QuotingInputFilter)
2019-09-23 12:15:08,184 [main] INFO  http.HttpServer2 (HttpServer2.java:addFilter(948)) - Added filter static_user_filter (class=org.apache.hadoop.http.lib.StaticUserWebFilter$StaticUserFilter) to context hddsDatanode
2019-09-23 12:15:08,184 [main] INFO  http.HttpServer2 (HttpServer2.java:addFilter(958)) - Added filter static_user_filter (class=org.apache.hadoop.http.lib.StaticUserWebFilter$StaticUserFilter) to context logs
2019-09-23 12:15:08,184 [main] INFO  http.HttpServer2 (HttpServer2.java:addFilter(958)) - Added filter static_user_filter (class=org.apache.hadoop.http.lib.StaticUserWebFilter$StaticUserFilter) to context static
2019-09-23 12:15:08,185 [main] INFO  http.HttpServer2 (HttpServer2.java:bindListener(1191)) - Jetty bound to port 46659
2019-09-23 12:15:08,185 [main] INFO  server.Server (Server.java:doStart(351)) - jetty-9.3.25.v20180904, build timestamp: 2018-09-04T21:11:46Z, git hash: 3ce520221d0240229c862b122d2b06c12a625732
2019-09-23 12:15:08,185 [Datanode State Machine Thread - 0] INFO  datanode.InitDatanodeState (InitDatanodeState.java:persistContainerDatanodeDetails(140)) - DatanodeDetails is persisted to /workdir/hadoop-ozone/integration-test/target/test-dir/MiniOzoneClusterImpl-32207017-7822-4caf-b7bd-0faf8cfdfdb9/datanode-0/meta/datanode.id
2019-09-23 12:15:08,190 [main] INFO  handler.ContextHandler (ContextHandler.java:doStart(781)) - Started o.e.j.s.ServletContextHandler@28da7d11{/logs,file:///workdir/hadoop-ozone/integration-test/target/log,AVAILABLE}
2019-09-23 12:15:08,190 [Datanode State Machine Thread - 0] INFO  datanode.InitDatanodeState (InitDatanodeState.java:persistContainerDatanodeDetails(140)) - DatanodeDetails is persisted to /workdir/hadoop-ozone/integration-test/target/test-dir/MiniOzoneClusterImpl-32207017-7822-4caf-b7bd-0faf8cfdfdb9/datanode-1/meta/datanode.id
2019-09-23 12:15:08,191 [main] INFO  handler.ContextHandler (ContextHandler.java:doStart(781)) - Started o.e.j.s.ServletContextHandler@5624657a{/static,jar:file:/home/user/.m2/repository/org/apache/hadoop/hadoop-hdds-container-service/0.5.0-SNAPSHOT/hadoop-hdds-container-service-0.5.0-SNAPSHOT.jar!/webapps/static,AVAILABLE}
2019-09-23 12:15:08,234 [main] INFO  handler.ContextHandler (ContextHandler.java:doStart(781)) - Started o.e.j.w.WebAppContext@5dd903be{/,file:///tmp/jetty-0.0.0.0-46659-hddsDatanode-_-any-2276401777047034074.dir/webapp/,AVAILABLE}{/hddsDatanode}
2019-09-23 12:15:08,236 [main] INFO  server.AbstractConnector (AbstractConnector.java:doStart(278)) - Started ServerConnector@12e0f1cb{HTTP/1.1,[http/1.1]}{0.0.0.0:46659}
2019-09-23 12:15:08,237 [main] INFO  server.Server (Server.java:doStart(419)) - Started @6931ms
2019-09-23 12:15:08,238 [main] WARN  impl.MetricsSystemImpl (MetricsSystemImpl.java:register(276)) - Sink prometheus already exists!
2019-09-23 12:15:08,239 [main] INFO  server.BaseHttpServer (BaseHttpServer.java:updateConnectorAddress(215)) - HTTP server of HDDSDATANODE is listening at http://0.0.0.0:46659
2019-09-23 12:15:08,239 [main] INFO  impl.MetricsSystemImpl (MetricsSystemImpl.java:init(158)) - HddsDatanode metrics system started (again)
2019-09-23 12:15:08,243 [org.apache.hadoop.util.JvmPauseMonitor$Monitor@5ff6d1d8] INFO  util.JvmPauseMonitor (JvmPauseMonitor.java:run(188)) - Starting JVM pause monitor
2019-09-23 12:15:08,244 [main] INFO  ozone.HddsDatanodeService (HddsDatanodeService.java:start(184)) - HddsDatanodeService host:pr-hdds-2067-85gxf-3223273056 ip:192.168.34.25
2019-09-23 12:15:08,247 [Datanode State Machine Thread - 0] INFO  datanode.InitDatanodeState (InitDatanodeState.java:persistContainerDatanodeDetails(140)) - DatanodeDetails is persisted to /workdir/hadoop-ozone/integration-test/target/test-dir/MiniOzoneClusterImpl-32207017-7822-4caf-b7bd-0faf8cfdfdb9/datanode-2/meta/datanode.id
2019-09-23 12:15:08,256 [main] INFO  volume.HddsVolume (HddsVolume.java:<init>(176)) - Creating Volume: /workdir/hadoop-ozone/integration-test/target/test-dir/MiniOzoneClusterImpl-32207017-7822-4caf-b7bd-0faf8cfdfdb9/datanode-3/data/containers/hdds of  storage type : DISK and capacity : 1482555576320
2019-09-23 12:15:08,256 [main] INFO  volume.VolumeSet (VolumeSet.java:initializeVolumeSet(170)) - Added Volume : /workdir/hadoop-ozone/integration-test/target/test-dir/MiniOzoneClusterImpl-32207017-7822-4caf-b7bd-0faf8cfdfdb9/datanode-3/data/containers/hdds to VolumeSet
2019-09-23 12:15:08,257 [main] INFO  volume.ThrottledAsyncChecker (ThrottledAsyncChecker.java:schedule(139)) - Scheduling a check for org.apache.hadoop.ozone.container.common.volume.HddsVolume@6540cf1d
2019-09-23 12:15:08,257 [main] INFO  volume.HddsVolumeChecker (HddsVolumeChecker.java:checkAllVolumes(202)) - Scheduled health check for volume org.apache.hadoop.ozone.container.common.volume.HddsVolume@6540cf1d
2019-09-23 12:15:08,273 [main] INFO  impl.RaftServerProxy (ConfUtils.java:logGet(43)) - raft.rpc.type = GRPC (default)
2019-09-23 12:15:08,273 [main] INFO  grpc.GrpcFactory (GrpcFactory.java:checkPooledByteBufAllocatorUseCacheForAllThreads(45)) - PERFORMANCE WARNING: useCacheForAllThreads is true that may cause Netty to create a lot garbage objects and, as a result, trigger GC.
	It is recommended to disable useCacheForAllThreads by setting -Dorg.apache.ratis.thirdparty.io.netty.allocator.useCacheForAllThreads=false in command line.
2019-09-23 12:15:08,273 [main] INFO  grpc.GrpcConfigKeys$Server (ConfUtils.java:logGet(43)) - raft.grpc.server.port = 0 (default)
2019-09-23 12:15:08,273 [main] INFO  server.GrpcService (ConfUtils.java:logGet(43)) - raft.grpc.message.size.max = 33570816 (custom)
2019-09-23 12:15:08,274 [main] INFO  server.RaftServerConfigKeys (ConfUtils.java:logGet(43)) - raft.server.log.appender.buffer.byte-limit = 33554432 (custom)
2019-09-23 12:15:08,274 [main] INFO  server.GrpcService (ConfUtils.java:logGet(43)) - raft.grpc.flow.control.window = 1MB (=1048576) (default)
2019-09-23 12:15:08,274 [main] INFO  server.RaftServerConfigKeys (ConfUtils.java:logGet(43)) - raft.server.rpc.request.timeout = 3000ms (default)
2019-09-23 12:15:08,275 [main] INFO  server.RaftServerConfigKeys (ConfUtils.java:logGet(43)) - raft.server.storage.dir = [/workdir/hadoop-ozone/integration-test/target/test-dir/MiniOzoneClusterImpl-32207017-7822-4caf-b7bd-0faf8cfdfdb9/datanode-3/data/ratis] (custom)
2019-09-23 12:15:08,277 [main] INFO  hdfs.DFSUtil (DFSUtil.java:httpServerTemplateForNNAndJN(1641)) - Starting Web-server for hddsDatanode at: http://0.0.0.0:0
2019-09-23 12:15:08,278 [main] INFO  server.AuthenticationFilter (AuthenticationFilter.java:constructSecretProvider(240)) - Unable to initialize FileSignerSecretProvider, falling back to use random secrets.
2019-09-23 12:15:08,279 [main] WARN  http.HttpRequestLog (HttpRequestLog.java:getRequestLog(97)) - Jetty request log can only be enabled using Log4j
2019-09-23 12:15:08,281 [main] INFO  http.HttpServer2 (HttpServer2.java:addGlobalFilter(975)) - Added global filter 'safety' (class=org.apache.hadoop.http.HttpServer2$QuotingInputFilter)
2019-09-23 12:15:08,281 [main] INFO  http.HttpServer2 (HttpServer2.java:addFilter(948)) - Added filter static_user_filter (class=org.apache.hadoop.http.lib.StaticUserWebFilter$StaticUserFilter) to context hddsDatanode
2019-09-23 12:15:08,281 [main] INFO  http.HttpServer2 (HttpServer2.java:addFilter(958)) - Added filter static_user_filter (class=org.apache.hadoop.http.lib.StaticUserWebFilter$StaticUserFilter) to context static
2019-09-23 12:15:08,282 [main] INFO  http.HttpServer2 (HttpServer2.java:addFilter(958)) - Added filter static_user_filter (class=org.apache.hadoop.http.lib.StaticUserWebFilter$StaticUserFilter) to context logs
2019-09-23 12:15:08,283 [main] INFO  http.HttpServer2 (HttpServer2.java:bindListener(1191)) - Jetty bound to port 46378
2019-09-23 12:15:08,283 [main] INFO  server.Server (Server.java:doStart(351)) - jetty-9.3.25.v20180904, build timestamp: 2018-09-04T21:11:46Z, git hash: 3ce520221d0240229c862b122d2b06c12a625732
2019-09-23 12:15:08,287 [main] INFO  handler.ContextHandler (ContextHandler.java:doStart(781)) - Started o.e.j.s.ServletContextHandler@378cfecf{/logs,file:///workdir/hadoop-ozone/integration-test/target/log,AVAILABLE}
2019-09-23 12:15:08,287 [main] INFO  handler.ContextHandler (ContextHandler.java:doStart(781)) - Started o.e.j.s.ServletContextHandler@5e7c141d{/static,jar:file:/home/user/.m2/repository/org/apache/hadoop/hadoop-hdds-container-service/0.5.0-SNAPSHOT/hadoop-hdds-container-service-0.5.0-SNAPSHOT.jar!/webapps/static,AVAILABLE}
2019-09-23 12:15:08,334 [main] INFO  handler.ContextHandler (ContextHandler.java:doStart(781)) - Started o.e.j.w.WebAppContext@437486cd{/,file:///tmp/jetty-0.0.0.0-46378-hddsDatanode-_-any-2685101368185987476.dir/webapp/,AVAILABLE}{/hddsDatanode}
2019-09-23 12:15:08,335 [main] INFO  server.AbstractConnector (AbstractConnector.java:doStart(278)) - Started ServerConnector@15b642b9{HTTP/1.1,[http/1.1]}{0.0.0.0:46378}
2019-09-23 12:15:08,336 [main] INFO  server.Server (Server.java:doStart(419)) - Started @7029ms
2019-09-23 12:15:08,336 [main] WARN  impl.MetricsSystemImpl (MetricsSystemImpl.java:register(276)) - Sink prometheus already exists!
2019-09-23 12:15:08,337 [main] INFO  server.BaseHttpServer (BaseHttpServer.java:updateConnectorAddress(215)) - HTTP server of HDDSDATANODE is listening at http://0.0.0.0:46378
2019-09-23 12:15:08,337 [main] INFO  impl.MetricsSystemImpl (MetricsSystemImpl.java:init(158)) - HddsDatanode metrics system started (again)
2019-09-23 12:15:08,341 [main] INFO  ozone.HddsDatanodeService (HddsDatanodeService.java:start(184)) - HddsDatanodeService host:pr-hdds-2067-85gxf-3223273056 ip:192.168.34.25
2019-09-23 12:15:08,341 [org.apache.hadoop.util.JvmPauseMonitor$Monitor@1686dde0] INFO  util.JvmPauseMonitor (JvmPauseMonitor.java:run(188)) - Starting JVM pause monitor
2019-09-23 12:15:08,345 [Datanode State Machine Thread - 0] INFO  datanode.InitDatanodeState (InitDatanodeState.java:persistContainerDatanodeDetails(140)) - DatanodeDetails is persisted to /workdir/hadoop-ozone/integration-test/target/test-dir/MiniOzoneClusterImpl-32207017-7822-4caf-b7bd-0faf8cfdfdb9/datanode-3/meta/datanode.id
2019-09-23 12:15:08,350 [main] INFO  volume.HddsVolume (HddsVolume.java:<init>(176)) - Creating Volume: /workdir/hadoop-ozone/integration-test/target/test-dir/MiniOzoneClusterImpl-32207017-7822-4caf-b7bd-0faf8cfdfdb9/datanode-4/data/containers/hdds of  storage type : DISK and capacity : 1482555576320
2019-09-23 12:15:08,350 [main] INFO  volume.VolumeSet (VolumeSet.java:initializeVolumeSet(170)) - Added Volume : /workdir/hadoop-ozone/integration-test/target/test-dir/MiniOzoneClusterImpl-32207017-7822-4caf-b7bd-0faf8cfdfdb9/datanode-4/data/containers/hdds to VolumeSet
2019-09-23 12:15:08,350 [main] INFO  volume.ThrottledAsyncChecker (ThrottledAsyncChecker.java:schedule(139)) - Scheduling a check for org.apache.hadoop.ozone.container.common.volume.HddsVolume@1687eb01
2019-09-23 12:15:08,351 [main] INFO  volume.HddsVolumeChecker (HddsVolumeChecker.java:checkAllVolumes(202)) - Scheduled health check for volume org.apache.hadoop.ozone.container.common.volume.HddsVolume@1687eb01
2019-09-23 12:15:08,364 [main] INFO  impl.RaftServerProxy (ConfUtils.java:logGet(43)) - raft.rpc.type = GRPC (default)
2019-09-23 12:15:08,364 [main] INFO  grpc.GrpcFactory (GrpcFactory.java:checkPooledByteBufAllocatorUseCacheForAllThreads(45)) - PERFORMANCE WARNING: useCacheForAllThreads is true that may cause Netty to create a lot garbage objects and, as a result, trigger GC.
	It is recommended to disable useCacheForAllThreads by setting -Dorg.apache.ratis.thirdparty.io.netty.allocator.useCacheForAllThreads=false in command line.
2019-09-23 12:15:08,364 [main] INFO  grpc.GrpcConfigKeys$Server (ConfUtils.java:logGet(43)) - raft.grpc.server.port = 0 (default)
2019-09-23 12:15:08,364 [main] INFO  server.GrpcService (ConfUtils.java:logGet(43)) - raft.grpc.message.size.max = 33570816 (custom)
2019-09-23 12:15:08,365 [main] INFO  server.RaftServerConfigKeys (ConfUtils.java:logGet(43)) - raft.server.log.appender.buffer.byte-limit = 33554432 (custom)
2019-09-23 12:15:08,365 [main] INFO  server.GrpcService (ConfUtils.java:logGet(43)) - raft.grpc.flow.control.window = 1MB (=1048576) (default)
2019-09-23 12:15:08,365 [main] INFO  server.RaftServerConfigKeys (ConfUtils.java:logGet(43)) - raft.server.rpc.request.timeout = 3000ms (default)
2019-09-23 12:15:08,366 [main] INFO  server.RaftServerConfigKeys (ConfUtils.java:logGet(43)) - raft.server.storage.dir = [/workdir/hadoop-ozone/integration-test/target/test-dir/MiniOzoneClusterImpl-32207017-7822-4caf-b7bd-0faf8cfdfdb9/datanode-4/data/ratis] (custom)
2019-09-23 12:15:08,367 [main] INFO  hdfs.DFSUtil (DFSUtil.java:httpServerTemplateForNNAndJN(1641)) - Starting Web-server for hddsDatanode at: http://0.0.0.0:0
2019-09-23 12:15:08,369 [main] INFO  server.AuthenticationFilter (AuthenticationFilter.java:constructSecretProvider(240)) - Unable to initialize FileSignerSecretProvider, falling back to use random secrets.
2019-09-23 12:15:08,370 [main] WARN  http.HttpRequestLog (HttpRequestLog.java:getRequestLog(97)) - Jetty request log can only be enabled using Log4j
2019-09-23 12:15:08,373 [main] INFO  http.HttpServer2 (HttpServer2.java:addGlobalFilter(975)) - Added global filter 'safety' (class=org.apache.hadoop.http.HttpServer2$QuotingInputFilter)
2019-09-23 12:15:08,374 [main] INFO  http.HttpServer2 (HttpServer2.java:addFilter(948)) - Added filter static_user_filter (class=org.apache.hadoop.http.lib.StaticUserWebFilter$StaticUserFilter) to context hddsDatanode
2019-09-23 12:15:08,375 [main] INFO  http.HttpServer2 (HttpServer2.java:addFilter(958)) - Added filter static_user_filter (class=org.apache.hadoop.http.lib.StaticUserWebFilter$StaticUserFilter) to context static
2019-09-23 12:15:08,375 [main] INFO  http.HttpServer2 (HttpServer2.java:addFilter(958)) - Added filter static_user_filter (class=org.apache.hadoop.http.lib.StaticUserWebFilter$StaticUserFilter) to context logs
2019-09-23 12:15:08,376 [main] INFO  http.HttpServer2 (HttpServer2.java:bindListener(1191)) - Jetty bound to port 43000
2019-09-23 12:15:08,377 [main] INFO  server.Server (Server.java:doStart(351)) - jetty-9.3.25.v20180904, build timestamp: 2018-09-04T21:11:46Z, git hash: 3ce520221d0240229c862b122d2b06c12a625732
2019-09-23 12:15:08,380 [main] INFO  handler.ContextHandler (ContextHandler.java:doStart(781)) - Started o.e.j.s.ServletContextHandler@1dc3502b{/logs,file:///workdir/hadoop-ozone/integration-test/target/log,AVAILABLE}
2019-09-23 12:15:08,381 [main] INFO  handler.ContextHandler (ContextHandler.java:doStart(781)) - Started o.e.j.s.ServletContextHandler@67e13bd0{/static,jar:file:/home/user/.m2/repository/org/apache/hadoop/hadoop-hdds-container-service/0.5.0-SNAPSHOT/hadoop-hdds-container-service-0.5.0-SNAPSHOT.jar!/webapps/static,AVAILABLE}
2019-09-23 12:15:08,431 [main] INFO  handler.ContextHandler (ContextHandler.java:doStart(781)) - Started o.e.j.w.WebAppContext@eac3a26{/,file:///tmp/jetty-0.0.0.0-43000-hddsDatanode-_-any-76214880317200482.dir/webapp/,AVAILABLE}{/hddsDatanode}
2019-09-23 12:15:08,433 [main] INFO  server.AbstractConnector (AbstractConnector.java:doStart(278)) - Started ServerConnector@10b1a751{HTTP/1.1,[http/1.1]}{0.0.0.0:43000}
2019-09-23 12:15:08,433 [main] INFO  server.Server (Server.java:doStart(419)) - Started @7126ms
2019-09-23 12:15:08,433 [main] WARN  impl.MetricsSystemImpl (MetricsSystemImpl.java:register(276)) - Sink prometheus already exists!
2019-09-23 12:15:08,434 [main] INFO  server.BaseHttpServer (BaseHttpServer.java:updateConnectorAddress(215)) - HTTP server of HDDSDATANODE is listening at http://0.0.0.0:43000
2019-09-23 12:15:08,435 [main] INFO  impl.MetricsSystemImpl (MetricsSystemImpl.java:init(158)) - HddsDatanode metrics system started (again)
2019-09-23 12:15:08,440 [org.apache.hadoop.util.JvmPauseMonitor$Monitor@29329bd8] INFO  util.JvmPauseMonitor (JvmPauseMonitor.java:run(188)) - Starting JVM pause monitor
2019-09-23 12:15:08,440 [main] INFO  ozone.HddsDatanodeService (HddsDatanodeService.java:start(184)) - HddsDatanodeService host:pr-hdds-2067-85gxf-3223273056 ip:192.168.34.25
2019-09-23 12:15:08,443 [Datanode State Machine Thread - 0] INFO  datanode.InitDatanodeState (InitDatanodeState.java:persistContainerDatanodeDetails(140)) - DatanodeDetails is persisted to /workdir/hadoop-ozone/integration-test/target/test-dir/MiniOzoneClusterImpl-32207017-7822-4caf-b7bd-0faf8cfdfdb9/datanode-4/meta/datanode.id
2019-09-23 12:15:08,450 [main] INFO  volume.HddsVolume (HddsVolume.java:<init>(176)) - Creating Volume: /workdir/hadoop-ozone/integration-test/target/test-dir/MiniOzoneClusterImpl-32207017-7822-4caf-b7bd-0faf8cfdfdb9/datanode-5/data/containers/hdds of  storage type : DISK and capacity : 1482555576320
2019-09-23 12:15:08,450 [main] INFO  volume.VolumeSet (VolumeSet.java:initializeVolumeSet(170)) - Added Volume : /workdir/hadoop-ozone/integration-test/target/test-dir/MiniOzoneClusterImpl-32207017-7822-4caf-b7bd-0faf8cfdfdb9/datanode-5/data/containers/hdds to VolumeSet
2019-09-23 12:15:08,451 [main] INFO  volume.ThrottledAsyncChecker (ThrottledAsyncChecker.java:schedule(139)) - Scheduling a check for org.apache.hadoop.ozone.container.common.volume.HddsVolume@6f911326
2019-09-23 12:15:08,451 [main] INFO  volume.HddsVolumeChecker (HddsVolumeChecker.java:checkAllVolumes(202)) - Scheduled health check for volume org.apache.hadoop.ozone.container.common.volume.HddsVolume@6f911326
2019-09-23 12:15:08,483 [main] INFO  impl.RaftServerProxy (ConfUtils.java:logGet(43)) - raft.rpc.type = GRPC (default)
2019-09-23 12:15:08,484 [main] INFO  grpc.GrpcFactory (GrpcFactory.java:checkPooledByteBufAllocatorUseCacheForAllThreads(45)) - PERFORMANCE WARNING: useCacheForAllThreads is true that may cause Netty to create a lot garbage objects and, as a result, trigger GC.
	It is recommended to disable useCacheForAllThreads by setting -Dorg.apache.ratis.thirdparty.io.netty.allocator.useCacheForAllThreads=false in command line.
2019-09-23 12:15:08,484 [main] INFO  grpc.GrpcConfigKeys$Server (ConfUtils.java:logGet(43)) - raft.grpc.server.port = 0 (default)
2019-09-23 12:15:08,484 [main] INFO  server.GrpcService (ConfUtils.java:logGet(43)) - raft.grpc.message.size.max = 33570816 (custom)
2019-09-23 12:15:08,485 [main] INFO  server.RaftServerConfigKeys (ConfUtils.java:logGet(43)) - raft.server.log.appender.buffer.byte-limit = 33554432 (custom)
2019-09-23 12:15:08,485 [main] INFO  server.GrpcService (ConfUtils.java:logGet(43)) - raft.grpc.flow.control.window = 1MB (=1048576) (default)
2019-09-23 12:15:08,485 [main] INFO  server.RaftServerConfigKeys (ConfUtils.java:logGet(43)) - raft.server.rpc.request.timeout = 3000ms (default)
2019-09-23 12:15:08,486 [main] INFO  server.RaftServerConfigKeys (ConfUtils.java:logGet(43)) - raft.server.storage.dir = [/workdir/hadoop-ozone/integration-test/target/test-dir/MiniOzoneClusterImpl-32207017-7822-4caf-b7bd-0faf8cfdfdb9/datanode-5/data/ratis] (custom)
2019-09-23 12:15:08,488 [main] INFO  hdfs.DFSUtil (DFSUtil.java:httpServerTemplateForNNAndJN(1641)) - Starting Web-server for hddsDatanode at: http://0.0.0.0:0
2019-09-23 12:15:08,490 [main] INFO  server.AuthenticationFilter (AuthenticationFilter.java:constructSecretProvider(240)) - Unable to initialize FileSignerSecretProvider, falling back to use random secrets.
2019-09-23 12:15:08,492 [main] WARN  http.HttpRequestLog (HttpRequestLog.java:getRequestLog(97)) - Jetty request log can only be enabled using Log4j
2019-09-23 12:15:08,494 [main] INFO  http.HttpServer2 (HttpServer2.java:addGlobalFilter(975)) - Added global filter 'safety' (class=org.apache.hadoop.http.HttpServer2$QuotingInputFilter)
2019-09-23 12:15:08,495 [main] INFO  http.HttpServer2 (HttpServer2.java:addFilter(948)) - Added filter static_user_filter (class=org.apache.hadoop.http.lib.StaticUserWebFilter$StaticUserFilter) to context hddsDatanode
2019-09-23 12:15:08,495 [main] INFO  http.HttpServer2 (HttpServer2.java:addFilter(958)) - Added filter static_user_filter (class=org.apache.hadoop.http.lib.StaticUserWebFilter$StaticUserFilter) to context logs
2019-09-23 12:15:08,495 [main] INFO  http.HttpServer2 (HttpServer2.java:addFilter(958)) - Added filter static_user_filter (class=org.apache.hadoop.http.lib.StaticUserWebFilter$StaticUserFilter) to context static
2019-09-23 12:15:08,496 [main] INFO  http.HttpServer2 (HttpServer2.java:bindListener(1191)) - Jetty bound to port 34540
2019-09-23 12:15:08,496 [main] INFO  server.Server (Server.java:doStart(351)) - jetty-9.3.25.v20180904, build timestamp: 2018-09-04T21:11:46Z, git hash: 3ce520221d0240229c862b122d2b06c12a625732
2019-09-23 12:15:08,498 [main] INFO  handler.ContextHandler (ContextHandler.java:doStart(781)) - Started o.e.j.s.ServletContextHandler@6cf0a747{/logs,file:///workdir/hadoop-ozone/integration-test/target/log,AVAILABLE}
2019-09-23 12:15:08,499 [main] INFO  handler.ContextHandler (ContextHandler.java:doStart(781)) - Started o.e.j.s.ServletContextHandler@7e53339{/static,jar:file:/home/user/.m2/repository/org/apache/hadoop/hadoop-hdds-container-service/0.5.0-SNAPSHOT/hadoop-hdds-container-service-0.5.0-SNAPSHOT.jar!/webapps/static,AVAILABLE}
2019-09-23 12:15:08,529 [main] INFO  handler.ContextHandler (ContextHandler.java:doStart(781)) - Started o.e.j.w.WebAppContext@17143b3b{/,file:///tmp/jetty-0.0.0.0-34540-hddsDatanode-_-any-5337570291600288009.dir/webapp/,AVAILABLE}{/hddsDatanode}
2019-09-23 12:15:08,529 [main] INFO  server.AbstractConnector (AbstractConnector.java:doStart(278)) - Started ServerConnector@100c8b75{HTTP/1.1,[http/1.1]}{0.0.0.0:34540}
2019-09-23 12:15:08,531 [main] INFO  server.Server (Server.java:doStart(419)) - Started @7224ms
2019-09-23 12:15:08,531 [main] WARN  impl.MetricsSystemImpl (MetricsSystemImpl.java:register(276)) - Sink prometheus already exists!
2019-09-23 12:15:08,531 [main] INFO  server.BaseHttpServer (BaseHttpServer.java:updateConnectorAddress(215)) - HTTP server of HDDSDATANODE is listening at http://0.0.0.0:34540
2019-09-23 12:15:08,532 [main] INFO  impl.MetricsSystemImpl (MetricsSystemImpl.java:init(158)) - HddsDatanode metrics system started (again)
2019-09-23 12:15:08,537 [org.apache.hadoop.util.JvmPauseMonitor$Monitor@25059774] INFO  util.JvmPauseMonitor (JvmPauseMonitor.java:run(188)) - Starting JVM pause monitor
2019-09-23 12:15:08,537 [main] INFO  ozone.HddsDatanodeService (HddsDatanodeService.java:start(184)) - HddsDatanodeService host:pr-hdds-2067-85gxf-3223273056 ip:192.168.34.25
2019-09-23 12:15:08,541 [Datanode State Machine Thread - 0] INFO  datanode.InitDatanodeState (InitDatanodeState.java:persistContainerDatanodeDetails(140)) - DatanodeDetails is persisted to /workdir/hadoop-ozone/integration-test/target/test-dir/MiniOzoneClusterImpl-32207017-7822-4caf-b7bd-0faf8cfdfdb9/datanode-5/meta/datanode.id
2019-09-23 12:15:08,546 [main] INFO  volume.HddsVolume (HddsVolume.java:<init>(176)) - Creating Volume: /workdir/hadoop-ozone/integration-test/target/test-dir/MiniOzoneClusterImpl-32207017-7822-4caf-b7bd-0faf8cfdfdb9/datanode-6/data/containers/hdds of  storage type : DISK and capacity : 1482555576320
2019-09-23 12:15:08,547 [main] INFO  volume.VolumeSet (VolumeSet.java:initializeVolumeSet(170)) - Added Volume : /workdir/hadoop-ozone/integration-test/target/test-dir/MiniOzoneClusterImpl-32207017-7822-4caf-b7bd-0faf8cfdfdb9/datanode-6/data/containers/hdds to VolumeSet
2019-09-23 12:15:08,547 [main] INFO  volume.ThrottledAsyncChecker (ThrottledAsyncChecker.java:schedule(139)) - Scheduling a check for org.apache.hadoop.ozone.container.common.volume.HddsVolume@7ab34619
2019-09-23 12:15:08,547 [main] INFO  volume.HddsVolumeChecker (HddsVolumeChecker.java:checkAllVolumes(202)) - Scheduled health check for volume org.apache.hadoop.ozone.container.common.volume.HddsVolume@7ab34619
2019-09-23 12:15:08,563 [main] INFO  impl.RaftServerProxy (ConfUtils.java:logGet(43)) - raft.rpc.type = GRPC (default)
2019-09-23 12:15:08,563 [main] INFO  grpc.GrpcFactory (GrpcFactory.java:checkPooledByteBufAllocatorUseCacheForAllThreads(45)) - PERFORMANCE WARNING: useCacheForAllThreads is true that may cause Netty to create a lot garbage objects and, as a result, trigger GC.
	It is recommended to disable useCacheForAllThreads by setting -Dorg.apache.ratis.thirdparty.io.netty.allocator.useCacheForAllThreads=false in command line.
2019-09-23 12:15:08,563 [main] INFO  grpc.GrpcConfigKeys$Server (ConfUtils.java:logGet(43)) - raft.grpc.server.port = 0 (default)
2019-09-23 12:15:08,563 [main] INFO  server.GrpcService (ConfUtils.java:logGet(43)) - raft.grpc.message.size.max = 33570816 (custom)
2019-09-23 12:15:08,563 [main] INFO  server.RaftServerConfigKeys (ConfUtils.java:logGet(43)) - raft.server.log.appender.buffer.byte-limit = 33554432 (custom)
2019-09-23 12:15:08,564 [main] INFO  server.GrpcService (ConfUtils.java:logGet(43)) - raft.grpc.flow.control.window = 1MB (=1048576) (default)
2019-09-23 12:15:08,564 [main] INFO  server.RaftServerConfigKeys (ConfUtils.java:logGet(43)) - raft.server.rpc.request.timeout = 3000ms (default)
2019-09-23 12:15:08,564 [main] INFO  server.RaftServerConfigKeys (ConfUtils.java:logGet(43)) - raft.server.storage.dir = [/workdir/hadoop-ozone/integration-test/target/test-dir/MiniOzoneClusterImpl-32207017-7822-4caf-b7bd-0faf8cfdfdb9/datanode-6/data/ratis] (custom)
2019-09-23 12:15:08,566 [main] INFO  hdfs.DFSUtil (DFSUtil.java:httpServerTemplateForNNAndJN(1641)) - Starting Web-server for hddsDatanode at: http://0.0.0.0:0
2019-09-23 12:15:08,567 [main] INFO  server.AuthenticationFilter (AuthenticationFilter.java:constructSecretProvider(240)) - Unable to initialize FileSignerSecretProvider, falling back to use random secrets.
2019-09-23 12:15:08,568 [main] WARN  http.HttpRequestLog (HttpRequestLog.java:getRequestLog(97)) - Jetty request log can only be enabled using Log4j
2019-09-23 12:15:08,569 [main] INFO  http.HttpServer2 (HttpServer2.java:addGlobalFilter(975)) - Added global filter 'safety' (class=org.apache.hadoop.http.HttpServer2$QuotingInputFilter)
2019-09-23 12:15:08,570 [main] INFO  http.HttpServer2 (HttpServer2.java:addFilter(948)) - Added filter static_user_filter (class=org.apache.hadoop.http.lib.StaticUserWebFilter$StaticUserFilter) to context hddsDatanode
2019-09-23 12:15:08,570 [main] INFO  http.HttpServer2 (HttpServer2.java:addFilter(958)) - Added filter static_user_filter (class=org.apache.hadoop.http.lib.StaticUserWebFilter$StaticUserFilter) to context logs
2019-09-23 12:15:08,570 [main] INFO  http.HttpServer2 (HttpServer2.java:addFilter(958)) - Added filter static_user_filter (class=org.apache.hadoop.http.lib.StaticUserWebFilter$StaticUserFilter) to context static
2019-09-23 12:15:08,571 [main] INFO  http.HttpServer2 (HttpServer2.java:bindListener(1191)) - Jetty bound to port 37719
2019-09-23 12:15:08,571 [main] INFO  server.Server (Server.java:doStart(351)) - jetty-9.3.25.v20180904, build timestamp: 2018-09-04T21:11:46Z, git hash: 3ce520221d0240229c862b122d2b06c12a625732
2019-09-23 12:15:08,573 [main] INFO  handler.ContextHandler (ContextHandler.java:doStart(781)) - Started o.e.j.s.ServletContextHandler@34780cd9{/logs,file:///workdir/hadoop-ozone/integration-test/target/log,AVAILABLE}
2019-09-23 12:15:08,573 [main] INFO  handler.ContextHandler (ContextHandler.java:doStart(781)) - Started o.e.j.s.ServletContextHandler@7c8c70d6{/static,jar:file:/home/user/.m2/repository/org/apache/hadoop/hadoop-hdds-container-service/0.5.0-SNAPSHOT/hadoop-hdds-container-service-0.5.0-SNAPSHOT.jar!/webapps/static,AVAILABLE}
2019-09-23 12:15:08,603 [main] INFO  handler.ContextHandler (ContextHandler.java:doStart(781)) - Started o.e.j.w.WebAppContext@625dfff3{/,file:///tmp/jetty-0.0.0.0-37719-hddsDatanode-_-any-2059178451050239498.dir/webapp/,AVAILABLE}{/hddsDatanode}
2019-09-23 12:15:08,603 [main] INFO  server.AbstractConnector (AbstractConnector.java:doStart(278)) - Started ServerConnector@26350ea2{HTTP/1.1,[http/1.1]}{0.0.0.0:37719}
2019-09-23 12:15:08,604 [main] INFO  server.Server (Server.java:doStart(419)) - Started @7297ms
2019-09-23 12:15:08,604 [main] WARN  impl.MetricsSystemImpl (MetricsSystemImpl.java:register(276)) - Sink prometheus already exists!
2019-09-23 12:15:08,605 [main] INFO  server.BaseHttpServer (BaseHttpServer.java:updateConnectorAddress(215)) - HTTP server of HDDSDATANODE is listening at http://0.0.0.0:37719
2019-09-23 12:15:08,609 [org.apache.hadoop.util.JvmPauseMonitor$Monitor@4688720c] INFO  util.JvmPauseMonitor (JvmPauseMonitor.java:run(188)) - Starting JVM pause monitor
2019-09-23 12:15:08,609 [main] INFO  ozone.MiniOzoneClusterImpl (MiniOzoneClusterImpl.java:lambda$waitForClusterToBeReady$0(147)) - Waiting for cluster to be ready. Got 0 of 7 DN Heartbeats.
2019-09-23 12:15:08,613 [Datanode State Machine Thread - 0] INFO  datanode.InitDatanodeState (InitDatanodeState.java:persistContainerDatanodeDetails(140)) - DatanodeDetails is persisted to /workdir/hadoop-ozone/integration-test/target/test-dir/MiniOzoneClusterImpl-32207017-7822-4caf-b7bd-0faf8cfdfdb9/datanode-6/meta/datanode.id
2019-09-23 12:15:09,610 [main] INFO  ozone.MiniOzoneClusterImpl (MiniOzoneClusterImpl.java:lambda$waitForClusterToBeReady$0(147)) - Waiting for cluster to be ready. Got 0 of 7 DN Heartbeats.
2019-09-23 12:15:10,145 [Datanode State Machine Thread - 0] INFO  ozoneimpl.OzoneContainer (OzoneContainer.java:start(217)) - Attempting to start container services.
2019-09-23 12:15:10,150 [Datanode State Machine Thread - 0] INFO  ozoneimpl.OzoneContainer (OzoneContainer.java:startContainerScrub(179)) - Background container scanner has been disabled.
2019-09-23 12:15:10,151 [Datanode State Machine Thread - 0] INFO  ratis.XceiverServerRatis (XceiverServerRatis.java:start(411)) - Starting XceiverServerRatis 2c1c6a22-1f7e-4072-aba0-ada314196a09 at port 0
2019-09-23 12:15:10,183 [Datanode State Machine Thread - 0] INFO  impl.RaftServerProxy (RaftServerProxy.java:lambda$start$3(299)) - 2c1c6a22-1f7e-4072-aba0-ada314196a09: start RPC server
2019-09-23 12:15:10,196 [Datanode State Machine Thread - 0] INFO  ozoneimpl.OzoneContainer (OzoneContainer.java:start(217)) - Attempting to start container services.
2019-09-23 12:15:10,204 [Datanode State Machine Thread - 0] INFO  ozoneimpl.OzoneContainer (OzoneContainer.java:startContainerScrub(179)) - Background container scanner has been disabled.
2019-09-23 12:15:10,204 [Datanode State Machine Thread - 0] INFO  ratis.XceiverServerRatis (XceiverServerRatis.java:start(411)) - Starting XceiverServerRatis b4923e46-e34f-46ff-a37a-54ebe4f79e2f at port 0
2019-09-23 12:15:10,212 [Datanode State Machine Thread - 0] INFO  impl.RaftServerProxy (RaftServerProxy.java:lambda$start$3(299)) - b4923e46-e34f-46ff-a37a-54ebe4f79e2f: start RPC server
2019-09-23 12:15:10,311 [Datanode State Machine Thread - 0] INFO  ozoneimpl.OzoneContainer (OzoneContainer.java:start(217)) - Attempting to start container services.
2019-09-23 12:15:10,317 [Datanode State Machine Thread - 0] INFO  ozoneimpl.OzoneContainer (OzoneContainer.java:startContainerScrub(179)) - Background container scanner has been disabled.
2019-09-23 12:15:10,317 [Datanode State Machine Thread - 0] INFO  ratis.XceiverServerRatis (XceiverServerRatis.java:start(411)) - Starting XceiverServerRatis 3e2532f3-4ffe-4b5b-9b4c-3a50415e056c at port 0
2019-09-23 12:15:10,329 [Datanode State Machine Thread - 0] INFO  impl.RaftServerProxy (RaftServerProxy.java:lambda$start$3(299)) - 3e2532f3-4ffe-4b5b-9b4c-3a50415e056c: start RPC server
2019-09-23 12:15:10,329 [Datanode State Machine Thread - 0] INFO  server.GrpcService (GrpcService.java:startImpl(158)) - b4923e46-e34f-46ff-a37a-54ebe4f79e2f: GrpcService started, listening on 0.0.0.0/0.0.0.0:34255
2019-09-23 12:15:10,329 [Datanode State Machine Thread - 0] INFO  server.GrpcService (GrpcService.java:startImpl(158)) - 2c1c6a22-1f7e-4072-aba0-ada314196a09: GrpcService started, listening on 0.0.0.0/0.0.0.0:35632
2019-09-23 12:15:10,330 [Datanode State Machine Thread - 0] INFO  ratis.XceiverServerRatis (XceiverServerRatis.java:start(421)) - XceiverServerRatis b4923e46-e34f-46ff-a37a-54ebe4f79e2f is started using port 34255
2019-09-23 12:15:10,330 [Datanode State Machine Thread - 0] INFO  ratis.XceiverServerRatis (XceiverServerRatis.java:start(421)) - XceiverServerRatis 2c1c6a22-1f7e-4072-aba0-ada314196a09 is started using port 35632
2019-09-23 12:15:10,333 [Datanode State Machine Thread - 0] INFO  server.GrpcService (GrpcService.java:startImpl(158)) - 3e2532f3-4ffe-4b5b-9b4c-3a50415e056c: GrpcService started, listening on 0.0.0.0/0.0.0.0:44052
2019-09-23 12:15:10,333 [Datanode State Machine Thread - 0] INFO  ratis.XceiverServerRatis (XceiverServerRatis.java:start(421)) - XceiverServerRatis 3e2532f3-4ffe-4b5b-9b4c-3a50415e056c is started using port 44052
2019-09-23 12:15:10,341 [Datanode State Machine Thread - 0] INFO  server.XceiverServerGrpc (XceiverServerGrpc.java:start(149)) - XceiverServerGrpc 2c1c6a22-1f7e-4072-aba0-ada314196a09 is started using port 35760
2019-09-23 12:15:10,342 [Datanode State Machine Thread - 0] INFO  server.XceiverServerGrpc (XceiverServerGrpc.java:start(149)) - XceiverServerGrpc b4923e46-e34f-46ff-a37a-54ebe4f79e2f is started using port 39880
2019-09-23 12:15:10,341 [Datanode State Machine Thread - 0] INFO  server.XceiverServerGrpc (XceiverServerGrpc.java:start(149)) - XceiverServerGrpc 3e2532f3-4ffe-4b5b-9b4c-3a50415e056c is started using port 37198
2019-09-23 12:15:10,415 [Datanode State Machine Thread - 0] INFO  ozoneimpl.OzoneContainer (OzoneContainer.java:start(217)) - Attempting to start container services.
2019-09-23 12:15:10,415 [Datanode State Machine Thread - 0] INFO  ozoneimpl.OzoneContainer (OzoneContainer.java:startContainerScrub(179)) - Background container scanner has been disabled.
2019-09-23 12:15:10,415 [Datanode State Machine Thread - 0] INFO  ratis.XceiverServerRatis (XceiverServerRatis.java:start(411)) - Starting XceiverServerRatis fb4a87eb-4fe4-437b-9043-b3384983251d at port 0
2019-09-23 12:15:10,422 [Datanode State Machine Thread - 0] INFO  impl.RaftServerProxy (RaftServerProxy.java:lambda$start$3(299)) - fb4a87eb-4fe4-437b-9043-b3384983251d: start RPC server
2019-09-23 12:15:10,426 [Datanode State Machine Thread - 0] INFO  server.GrpcService (GrpcService.java:startImpl(158)) - fb4a87eb-4fe4-437b-9043-b3384983251d: GrpcService started, listening on 0.0.0.0/0.0.0.0:34345
2019-09-23 12:15:10,426 [Datanode State Machine Thread - 0] INFO  ratis.XceiverServerRatis (XceiverServerRatis.java:start(421)) - XceiverServerRatis fb4a87eb-4fe4-437b-9043-b3384983251d is started using port 34345
2019-09-23 12:15:10,429 [Datanode State Machine Thread - 0] INFO  server.XceiverServerGrpc (XceiverServerGrpc.java:start(149)) - XceiverServerGrpc fb4a87eb-4fe4-437b-9043-b3384983251d is started using port 37771
2019-09-23 12:15:10,498 [Datanode State Machine Thread - 0] INFO  ozoneimpl.OzoneContainer (OzoneContainer.java:start(217)) - Attempting to start container services.
2019-09-23 12:15:10,499 [Datanode State Machine Thread - 0] INFO  ozoneimpl.OzoneContainer (OzoneContainer.java:startContainerScrub(179)) - Background container scanner has been disabled.
2019-09-23 12:15:10,499 [Datanode State Machine Thread - 0] INFO  ratis.XceiverServerRatis (XceiverServerRatis.java:start(411)) - Starting XceiverServerRatis 620e03eb-5792-43a0-abc3-57f3598042a0 at port 0
2019-09-23 12:15:10,505 [Datanode State Machine Thread - 0] INFO  impl.RaftServerProxy (RaftServerProxy.java:lambda$start$3(299)) - 620e03eb-5792-43a0-abc3-57f3598042a0: start RPC server
2019-09-23 12:15:10,508 [Datanode State Machine Thread - 0] INFO  server.GrpcService (GrpcService.java:startImpl(158)) - 620e03eb-5792-43a0-abc3-57f3598042a0: GrpcService started, listening on 0.0.0.0/0.0.0.0:41511
2019-09-23 12:15:10,509 [Datanode State Machine Thread - 0] INFO  ratis.XceiverServerRatis (XceiverServerRatis.java:start(421)) - XceiverServerRatis 620e03eb-5792-43a0-abc3-57f3598042a0 is started using port 41511
2019-09-23 12:15:10,511 [Datanode State Machine Thread - 0] INFO  server.XceiverServerGrpc (XceiverServerGrpc.java:start(149)) - XceiverServerGrpc 620e03eb-5792-43a0-abc3-57f3598042a0 is started using port 45417
2019-09-23 12:15:10,600 [Datanode State Machine Thread - 0] INFO  ozoneimpl.OzoneContainer (OzoneContainer.java:start(217)) - Attempting to start container services.
2019-09-23 12:15:10,600 [Datanode State Machine Thread - 0] INFO  ozoneimpl.OzoneContainer (OzoneContainer.java:startContainerScrub(179)) - Background container scanner has been disabled.
2019-09-23 12:15:10,600 [Datanode State Machine Thread - 0] INFO  ratis.XceiverServerRatis (XceiverServerRatis.java:start(411)) - Starting XceiverServerRatis 4ddde203-cad5-4bc5-8096-7cd0d56f8dde at port 0
2019-09-23 12:15:10,607 [Datanode State Machine Thread - 0] INFO  impl.RaftServerProxy (RaftServerProxy.java:lambda$start$3(299)) - 4ddde203-cad5-4bc5-8096-7cd0d56f8dde: start RPC server
2019-09-23 12:15:10,612 [main] INFO  ozone.MiniOzoneClusterImpl (MiniOzoneClusterImpl.java:lambda$waitForClusterToBeReady$0(147)) - Waiting for cluster to be ready. Got 0 of 7 DN Heartbeats.
2019-09-23 12:15:10,614 [Datanode State Machine Thread - 0] INFO  server.GrpcService (GrpcService.java:startImpl(158)) - 4ddde203-cad5-4bc5-8096-7cd0d56f8dde: GrpcService started, listening on 0.0.0.0/0.0.0.0:40657
2019-09-23 12:15:10,614 [Datanode State Machine Thread - 0] INFO  ratis.XceiverServerRatis (XceiverServerRatis.java:start(421)) - XceiverServerRatis 4ddde203-cad5-4bc5-8096-7cd0d56f8dde is started using port 40657
2019-09-23 12:15:10,618 [Datanode State Machine Thread - 0] INFO  server.XceiverServerGrpc (XceiverServerGrpc.java:start(149)) - XceiverServerGrpc 4ddde203-cad5-4bc5-8096-7cd0d56f8dde is started using port 46021
2019-09-23 12:15:10,674 [Datanode State Machine Thread - 0] INFO  ozoneimpl.OzoneContainer (OzoneContainer.java:start(217)) - Attempting to start container services.
2019-09-23 12:15:10,674 [Datanode State Machine Thread - 0] INFO  ozoneimpl.OzoneContainer (OzoneContainer.java:startContainerScrub(179)) - Background container scanner has been disabled.
2019-09-23 12:15:10,674 [Datanode State Machine Thread - 0] INFO  ratis.XceiverServerRatis (XceiverServerRatis.java:start(411)) - Starting XceiverServerRatis fd76b1b9-3975-4c1b-a674-541739890adb at port 0
2019-09-23 12:15:10,682 [Datanode State Machine Thread - 0] INFO  impl.RaftServerProxy (RaftServerProxy.java:lambda$start$3(299)) - fd76b1b9-3975-4c1b-a674-541739890adb: start RPC server
2019-09-23 12:15:10,687 [Datanode State Machine Thread - 0] INFO  server.GrpcService (GrpcService.java:startImpl(158)) - fd76b1b9-3975-4c1b-a674-541739890adb: GrpcService started, listening on 0.0.0.0/0.0.0.0:37018
2019-09-23 12:15:10,687 [Datanode State Machine Thread - 0] INFO  ratis.XceiverServerRatis (XceiverServerRatis.java:start(421)) - XceiverServerRatis fd76b1b9-3975-4c1b-a674-541739890adb is started using port 37018
2019-09-23 12:15:10,690 [Datanode State Machine Thread - 0] INFO  server.XceiverServerGrpc (XceiverServerGrpc.java:start(149)) - XceiverServerGrpc fd76b1b9-3975-4c1b-a674-541739890adb is started using port 41767
2019-09-23 12:15:11,612 [main] INFO  ozone.MiniOzoneClusterImpl (MiniOzoneClusterImpl.java:lambda$waitForClusterToBeReady$0(147)) - Waiting for cluster to be ready. Got 0 of 7 DN Heartbeats.
2019-09-23 12:15:12,106 [IPC Server handler 10 on 45978] INFO  net.NetworkTopology (NetworkTopologyImpl.java:add(111)) - Added a new node: /default-rack/2c1c6a22-1f7e-4072-aba0-ada314196a09
2019-09-23 12:15:12,107 [IPC Server handler 10 on 45978] INFO  node.SCMNodeManager (SCMNodeManager.java:register(266)) - Registered Data node : 2c1c6a22-1f7e-4072-aba0-ada314196a09{ip: 192.168.34.25, host: pr-hdds-2067-85gxf-3223273056, networkLocation: /default-rack, certSerialId: null}
2019-09-23 12:15:12,113 [EventQueue-NodeRegistrationContainerReportForDataNodeSafeModeRule] INFO  safemode.SCMSafeModeManager (DataNodeSafeModeRule.java:process(71)) - SCM in safe mode. 1 DataNodes registered, 1 required.
2019-09-23 12:15:12,114 [EventQueue-NodeRegistrationContainerReportForDataNodeSafeModeRule] INFO  safemode.SCMSafeModeManager (SCMSafeModeManager.java:validateSafeModeExitRules(177)) - ScmSafeModeManager, all rules are successfully validated
2019-09-23 12:15:12,114 [EventQueue-NodeRegistrationContainerReportForDataNodeSafeModeRule] INFO  safemode.SCMSafeModeManager (SCMSafeModeManager.java:exitSafeMode(193)) - SCM exiting safe mode.
2019-09-23 12:15:12,154 [IPC Server handler 1 on 45978] INFO  net.NetworkTopology (NetworkTopologyImpl.java:add(111)) - Added a new node: /default-rack/b4923e46-e34f-46ff-a37a-54ebe4f79e2f
2019-09-23 12:15:12,155 [IPC Server handler 1 on 45978] INFO  node.SCMNodeManager (SCMNodeManager.java:register(266)) - Registered Data node : b4923e46-e34f-46ff-a37a-54ebe4f79e2f{ip: 192.168.34.25, host: pr-hdds-2067-85gxf-3223273056, networkLocation: /default-rack, certSerialId: null}
2019-09-23 12:15:12,247 [IPC Server handler 11 on 45978] INFO  net.NetworkTopology (NetworkTopologyImpl.java:add(111)) - Added a new node: /default-rack/3e2532f3-4ffe-4b5b-9b4c-3a50415e056c
2019-09-23 12:15:12,247 [IPC Server handler 11 on 45978] INFO  node.SCMNodeManager (SCMNodeManager.java:register(266)) - Registered Data node : 3e2532f3-4ffe-4b5b-9b4c-3a50415e056c{ip: 192.168.34.25, host: pr-hdds-2067-85gxf-3223273056, networkLocation: /default-rack, certSerialId: null}
2019-09-23 12:15:12,345 [IPC Server handler 4 on 45978] INFO  net.NetworkTopology (NetworkTopologyImpl.java:add(111)) - Added a new node: /default-rack/fb4a87eb-4fe4-437b-9043-b3384983251d
2019-09-23 12:15:12,345 [IPC Server handler 4 on 45978] INFO  node.SCMNodeManager (SCMNodeManager.java:register(266)) - Registered Data node : fb4a87eb-4fe4-437b-9043-b3384983251d{ip: 192.168.34.25, host: pr-hdds-2067-85gxf-3223273056, networkLocation: /default-rack, certSerialId: null}
2019-09-23 12:15:12,444 [IPC Server handler 9 on 45978] INFO  net.NetworkTopology (NetworkTopologyImpl.java:add(111)) - Added a new node: /default-rack/620e03eb-5792-43a0-abc3-57f3598042a0
2019-09-23 12:15:12,444 [IPC Server handler 9 on 45978] INFO  node.SCMNodeManager (SCMNodeManager.java:register(266)) - Registered Data node : 620e03eb-5792-43a0-abc3-57f3598042a0{ip: 192.168.34.25, host: pr-hdds-2067-85gxf-3223273056, networkLocation: /default-rack, certSerialId: null}
2019-09-23 12:15:12,542 [IPC Server handler 2 on 45978] INFO  net.NetworkTopology (NetworkTopologyImpl.java:add(111)) - Added a new node: /default-rack/4ddde203-cad5-4bc5-8096-7cd0d56f8dde
2019-09-23 12:15:12,542 [IPC Server handler 2 on 45978] INFO  node.SCMNodeManager (SCMNodeManager.java:register(266)) - Registered Data node : 4ddde203-cad5-4bc5-8096-7cd0d56f8dde{ip: 192.168.34.25, host: pr-hdds-2067-85gxf-3223273056, networkLocation: /default-rack, certSerialId: null}
2019-09-23 12:15:12,613 [main] INFO  ozone.MiniOzoneClusterImpl (MiniOzoneClusterImpl.java:lambda$waitForClusterToBeReady$0(147)) - Waiting for cluster to be ready. Got 6 of 7 DN Heartbeats.
2019-09-23 12:15:12,613 [IPC Server handler 8 on 45978] INFO  net.NetworkTopology (NetworkTopologyImpl.java:add(111)) - Added a new node: /default-rack/fd76b1b9-3975-4c1b-a674-541739890adb
2019-09-23 12:15:12,614 [IPC Server handler 8 on 45978] INFO  node.SCMNodeManager (SCMNodeManager.java:register(266)) - Registered Data node : fd76b1b9-3975-4c1b-a674-541739890adb{ip: 192.168.34.25, host: pr-hdds-2067-85gxf-3223273056, networkLocation: /default-rack, certSerialId: null}
2019-09-23 12:15:12,645 [grpc-default-executor-0] INFO  impl.RaftServerProxy (RaftServerProxy.java:addNew(89)) - 2c1c6a22-1f7e-4072-aba0-ada314196a09: addNew group-951E889C5B6F:[2c1c6a22-1f7e-4072-aba0-ada314196a09:192.168.34.25:35632] returns group-951E889C5B6F:java.util.concurrent.CompletableFuture@462072ad[Not completed]
2019-09-23 12:15:12,676 [pool-27-thread-1] INFO  impl.RaftServerImpl (RaftServerImpl.java:<init>(95)) - 2c1c6a22-1f7e-4072-aba0-ada314196a09: new RaftServerImpl for group-951E889C5B6F:[2c1c6a22-1f7e-4072-aba0-ada314196a09:192.168.34.25:35632] with ContainerStateMachine:uninitialized
2019-09-23 12:15:12,678 [pool-27-thread-1] INFO  server.RaftServerConfigKeys (ConfUtils.java:logGet(43)) - raft.server.rpc.timeout.min = 5s (custom)
2019-09-23 12:15:12,680 [pool-27-thread-1] INFO  server.RaftServerConfigKeys (ConfUtils.java:logGet(43)) - raft.server.rpc.timeout.max = 5200ms (custom)
2019-09-23 12:15:12,681 [pool-27-thread-1] INFO  server.RaftServerConfigKeys (ConfUtils.java:logGet(43)) - raft.server.rpcslowness.timeout = 120s (custom)
2019-09-23 12:15:12,682 [pool-27-thread-1] INFO  server.RaftServerConfigKeys (ConfUtils.java:logGet(43)) - raft.server.sleep.deviation.threshold = 300 (default)
2019-09-23 12:15:12,683 [pool-27-thread-1] INFO  server.RaftServerConfigKeys (ConfUtils.java:logGet(43)) - raft.server.log.appender.install.snapshot.enabled = false (custom)
2019-09-23 12:15:12,693 [pool-27-thread-1] INFO  impl.RaftServerImpl (ServerState.java:<init>(103)) - 2c1c6a22-1f7e-4072-aba0-ada314196a09@group-951E889C5B6F: ConfigurationManager, init=-1: [2c1c6a22-1f7e-4072-aba0-ada314196a09:192.168.34.25:35632], old=null, confs=<EMPTY_MAP>
2019-09-23 12:15:12,693 [pool-27-thread-1] INFO  server.RaftServerConfigKeys (ConfUtils.java:logGet(43)) - raft.server.storage.dir = [/workdir/hadoop-ozone/integration-test/target/test-dir/MiniOzoneClusterImpl-32207017-7822-4caf-b7bd-0faf8cfdfdb9/datanode-0/data/ratis] (custom)
2019-09-23 12:15:12,704 [pool-27-thread-1] INFO  storage.RaftStorageDirectory (RaftStorageDirectory.java:analyzeStorage(246)) - The storage directory /workdir/hadoop-ozone/integration-test/target/test-dir/MiniOzoneClusterImpl-32207017-7822-4caf-b7bd-0faf8cfdfdb9/datanode-0/data/ratis/c4319400-e6e9-43f2-8429-951e889c5b6f does not exist. Creating ...
2019-09-23 12:15:12,766 [pool-27-thread-1] INFO  storage.RaftStorageDirectory (RaftStorageDirectory.java:tryLock(328)) - Lock on /workdir/hadoop-ozone/integration-test/target/test-dir/MiniOzoneClusterImpl-32207017-7822-4caf-b7bd-0faf8cfdfdb9/datanode-0/data/ratis/c4319400-e6e9-43f2-8429-951e889c5b6f/in_use.lock acquired by nodename 23499@pr-hdds-2067-85gxf-3223273056
2019-09-23 12:15:12,832 [pool-27-thread-1] INFO  storage.RaftStorage (RaftStorage.java:format(72)) - Storage directory /workdir/hadoop-ozone/integration-test/target/test-dir/MiniOzoneClusterImpl-32207017-7822-4caf-b7bd-0faf8cfdfdb9/datanode-0/data/ratis/c4319400-e6e9-43f2-8429-951e889c5b6f has been successfully formatted.
2019-09-23 12:15:12,835 [pool-27-thread-1] INFO  ratis.ContainerStateMachine (ContainerStateMachine.java:loadSnapshot(230)) - group-951E889C5B6F: The snapshot info is null. Setting the last applied indexto:(t:0, i:~)
2019-09-23 12:15:12,835 [pool-27-thread-1] INFO  server.RaftServerConfigKeys (ConfUtils.java:logGet(43)) - raft.server.notification.no-leader.timeout = 120s (custom)
2019-09-23 12:15:12,837 [pool-27-thread-1] INFO  server.RaftServerConfigKeys (ConfUtils.java:logGet(43)) - raft.server.log.use.memory = false (default)
2019-09-23 12:15:12,844 [pool-27-thread-1] INFO  server.RaftServerConfigKeys (ConfUtils.java:logGet(43)) - raft.server.log.purge.gap = 1000000 (custom)
2019-09-23 12:15:12,844 [pool-27-thread-1] INFO  server.RaftServerConfigKeys (ConfUtils.java:logGet(43)) - raft.server.log.appender.buffer.byte-limit = 33554432 (custom)
2019-09-23 12:15:12,846 [pool-27-thread-1] INFO  server.RaftServerConfigKeys (ConfUtils.java:logGet(43)) - raft.server.log.segment.size.max = 1048576 (custom)
2019-09-23 12:15:12,850 [pool-27-thread-1] INFO  server.RaftServerConfigKeys (ConfUtils.java:logGet(43)) - raft.server.log.segment.cache.num.max = 2 (custom)
2019-09-23 12:15:12,856 [pool-27-thread-1] INFO  segmented.SegmentedRaftLogWorker (SegmentedRaftLogWorker.java:<init>(172)) - new 2c1c6a22-1f7e-4072-aba0-ada314196a09@group-951E889C5B6F-SegmentedRaftLogWorker for RaftStorage:Storage Directory /workdir/hadoop-ozone/integration-test/target/test-dir/MiniOzoneClusterImpl-32207017-7822-4caf-b7bd-0faf8cfdfdb9/datanode-0/data/ratis/c4319400-e6e9-43f2-8429-951e889c5b6f
2019-09-23 12:15:12,857 [pool-27-thread-1] INFO  impl.MetricsSystemImpl (MetricsSystemImpl.java:init(158)) - ratis metrics system started (again)
2019-09-23 12:15:12,864 [pool-27-thread-1] INFO  metrics.MetricRegistries (MetricRegistriesLoader.java:load(64)) - Loaded MetricRegistries class org.apache.ratis.metrics.impl.MetricRegistriesImpl
2019-09-23 12:15:12,891 [pool-27-thread-1] INFO  server.RaftServerConfigKeys (ConfUtils.java:logGet(43)) - raft.server.log.queue.byte-limit = 2147483647 (custom)
2019-09-23 12:15:12,892 [pool-27-thread-1] INFO  server.RaftServerConfigKeys (ConfUtils.java:logGet(43)) - raft.server.log.queue.element-limit = 1024 (custom)
2019-09-23 12:15:12,895 [pool-27-thread-1] INFO  server.RaftServerConfigKeys (ConfUtils.java:logGet(43)) - raft.server.log.segment.size.max = 1048576 (custom)
2019-09-23 12:15:12,895 [pool-27-thread-1] INFO  server.RaftServerConfigKeys (ConfUtils.java:logGet(43)) - raft.server.log.preallocated.size = 16384 (custom)
2019-09-23 12:15:12,896 [pool-27-thread-1] INFO  server.RaftServerConfigKeys (ConfUtils.java:logGet(43)) - raft.server.log.write.buffer.size = 33554432 (custom)
2019-09-23 12:15:12,896 [pool-27-thread-1] INFO  server.RaftServerConfigKeys (ConfUtils.java:logGet(43)) - raft.server.log.force.sync.num = 128 (default)
2019-09-23 12:15:12,897 [pool-27-thread-1] INFO  server.RaftServerConfigKeys (ConfUtils.java:logGet(43)) - raft.server.log.statemachine.data.sync = true (default)
2019-09-23 12:15:12,897 [pool-27-thread-1] INFO  server.RaftServerConfigKeys (ConfUtils.java:logGet(43)) - raft.server.log.statemachine.data.sync.timeout = 10s (default)
2019-09-23 12:15:12,898 [pool-27-thread-1] INFO  server.RaftServerConfigKeys (ConfUtils.java:logGet(43)) - raft.server.log.statemachine.data.sync.timeout.retry = -1 (default)
2019-09-23 12:15:12,905 [pool-27-thread-1] INFO  server.RaftServerConfigKeys (ConfUtils.java:logGet(43)) - raft.server.log.statemachine.data.caching.enabled = true (custom)
2019-09-23 12:15:12,910 [pool-27-thread-1] INFO  segmented.SegmentedRaftLogWorker (SegmentedRaftLogWorker.java:lambda$new$0(132)) - 2c1c6a22-1f7e-4072-aba0-ada314196a09@group-951E889C5B6F-SegmentedRaftLogWorker: flushIndex: setUnconditionally 0 -> -1
2019-09-23 12:15:12,914 [pool-27-thread-1] INFO  server.RaftServerConfigKeys (ConfUtils.java:logGet(43)) - raft.server.snapshot.auto.trigger.enabled = true (custom)
2019-09-23 12:15:12,915 [pool-27-thread-1] INFO  server.RaftServerConfigKeys (ConfUtils.java:logGet(43)) - raft.server.snapshot.auto.trigger.threshold = 10000 (custom)
2019-09-23 12:15:12,915 [pool-27-thread-1] INFO  server.RaftServerConfigKeys (ConfUtils.java:logGet(43)) - raft.server.snapshot.retention.num.files = 5 (custom)
2019-09-23 12:15:12,916 [pool-27-thread-1] INFO  server.RaftServerConfigKeys (ConfUtils.java:logGet(43)) - raft.server.retrycache.expirytime = 600000ms (custom)
2019-09-23 12:15:12,942 [pool-27-thread-1] INFO  impl.RaftServerImpl (RaftServerImpl.java:start(185)) - 2c1c6a22-1f7e-4072-aba0-ada314196a09@group-951E889C5B6F: start as a follower, conf=-1: [2c1c6a22-1f7e-4072-aba0-ada314196a09:192.168.34.25:35632], old=null
2019-09-23 12:15:12,944 [pool-27-thread-1] INFO  impl.RaftServerImpl (RaftServerImpl.java:setRole(174)) - 2c1c6a22-1f7e-4072-aba0-ada314196a09@group-951E889C5B6F: changes role from      null to FOLLOWER at term 0 for startAsFollower
2019-09-23 12:15:12,945 [pool-27-thread-1] INFO  impl.RoleInfo (RoleInfo.java:updateAndGet(143)) - 2c1c6a22-1f7e-4072-aba0-ada314196a09: start FollowerState
2019-09-23 12:15:12,948 [pool-27-thread-1] INFO  util.JmxRegister (JmxRegister.java:tryRegister(44)) - Successfully registered JMX Bean with object name Ratis:service=RaftServer,group=group-951E889C5B6F,id=2c1c6a22-1f7e-4072-aba0-ada314196a09
2019-09-23 12:15:13,042 [RatisPipelineUtilsThread] INFO  pipeline.PipelineStateManager (PipelineStateManager.java:addPipeline(56)) - Created pipeline Pipeline[ Id: c4319400-e6e9-43f2-8429-951e889c5b6f, Nodes: 2c1c6a22-1f7e-4072-aba0-ada314196a09{ip: 192.168.34.25, host: pr-hdds-2067-85gxf-3223273056, networkLocation: /default-rack, certSerialId: null}, Type:RATIS, Factor:ONE, State:OPEN]
2019-09-23 12:15:13,073 [grpc-default-executor-0] INFO  impl.RaftServerProxy (RaftServerProxy.java:addNew(89)) - fd76b1b9-3975-4c1b-a674-541739890adb: addNew group-60C685553D31:[fd76b1b9-3975-4c1b-a674-541739890adb:192.168.34.25:37018] returns group-60C685553D31:java.util.concurrent.CompletableFuture@17cf7b82[Not completed]
2019-09-23 12:15:13,134 [pool-87-thread-1] INFO  impl.RaftServerImpl (RaftServerImpl.java:<init>(95)) - fd76b1b9-3975-4c1b-a674-541739890adb: new RaftServerImpl for group-60C685553D31:[fd76b1b9-3975-4c1b-a674-541739890adb:192.168.34.25:37018] with ContainerStateMachine:uninitialized
2019-09-23 12:15:13,135 [pool-87-thread-1] INFO  server.RaftServerConfigKeys (ConfUtils.java:logGet(43)) - raft.server.rpc.timeout.min = 5s (custom)
2019-09-23 12:15:13,135 [pool-87-thread-1] INFO  server.RaftServerConfigKeys (ConfUtils.java:logGet(43)) - raft.server.rpc.timeout.max = 5200ms (custom)
2019-09-23 12:15:13,135 [pool-87-thread-1] INFO  server.RaftServerConfigKeys (ConfUtils.java:logGet(43)) - raft.server.rpcslowness.timeout = 120s (custom)
2019-09-23 12:15:13,135 [pool-87-thread-1] INFO  server.RaftServerConfigKeys (ConfUtils.java:logGet(43)) - raft.server.sleep.deviation.threshold = 300 (default)
2019-09-23 12:15:13,135 [pool-87-thread-1] INFO  server.RaftServerConfigKeys (ConfUtils.java:logGet(43)) - raft.server.log.appender.install.snapshot.enabled = false (custom)
2019-09-23 12:15:13,136 [pool-87-thread-1] INFO  impl.RaftServerImpl (ServerState.java:<init>(103)) - fd76b1b9-3975-4c1b-a674-541739890adb@group-60C685553D31: ConfigurationManager, init=-1: [fd76b1b9-3975-4c1b-a674-541739890adb:192.168.34.25:37018], old=null, confs=<EMPTY_MAP>
2019-09-23 12:15:13,136 [pool-87-thread-1] INFO  server.RaftServerConfigKeys (ConfUtils.java:logGet(43)) - raft.server.storage.dir = [/workdir/hadoop-ozone/integration-test/target/test-dir/MiniOzoneClusterImpl-32207017-7822-4caf-b7bd-0faf8cfdfdb9/datanode-6/data/ratis] (custom)
2019-09-23 12:15:13,136 [pool-87-thread-1] INFO  storage.RaftStorageDirectory (RaftStorageDirectory.java:analyzeStorage(246)) - The storage directory /workdir/hadoop-ozone/integration-test/target/test-dir/MiniOzoneClusterImpl-32207017-7822-4caf-b7bd-0faf8cfdfdb9/datanode-6/data/ratis/48512433-19e4-463d-8d9b-60c685553d31 does not exist. Creating ...
2019-09-23 12:15:13,195 [pool-87-thread-1] INFO  storage.RaftStorageDirectory (RaftStorageDirectory.java:tryLock(328)) - Lock on /workdir/hadoop-ozone/integration-test/target/test-dir/MiniOzoneClusterImpl-32207017-7822-4caf-b7bd-0faf8cfdfdb9/datanode-6/data/ratis/48512433-19e4-463d-8d9b-60c685553d31/in_use.lock acquired by nodename 23499@pr-hdds-2067-85gxf-3223273056
2019-09-23 12:15:13,250 [pool-87-thread-1] INFO  storage.RaftStorage (RaftStorage.java:format(72)) - Storage directory /workdir/hadoop-ozone/integration-test/target/test-dir/MiniOzoneClusterImpl-32207017-7822-4caf-b7bd-0faf8cfdfdb9/datanode-6/data/ratis/48512433-19e4-463d-8d9b-60c685553d31 has been successfully formatted.
2019-09-23 12:15:13,252 [pool-87-thread-1] INFO  ratis.ContainerStateMachine (ContainerStateMachine.java:loadSnapshot(230)) - group-60C685553D31: The snapshot info is null. Setting the last applied indexto:(t:0, i:~)
2019-09-23 12:15:13,253 [pool-87-thread-1] INFO  server.RaftServerConfigKeys (ConfUtils.java:logGet(43)) - raft.server.notification.no-leader.timeout = 120s (custom)
2019-09-23 12:15:13,254 [pool-87-thread-1] INFO  server.RaftServerConfigKeys (ConfUtils.java:logGet(43)) - raft.server.log.use.memory = false (default)
2019-09-23 12:15:13,254 [pool-87-thread-1] INFO  server.RaftServerConfigKeys (ConfUtils.java:logGet(43)) - raft.server.log.purge.gap = 1000000 (custom)
2019-09-23 12:15:13,254 [pool-87-thread-1] INFO  server.RaftServerConfigKeys (ConfUtils.java:logGet(43)) - raft.server.log.appender.buffer.byte-limit = 33554432 (custom)
2019-09-23 12:15:13,254 [pool-87-thread-1] INFO  server.RaftServerConfigKeys (ConfUtils.java:logGet(43)) - raft.server.log.segment.size.max = 1048576 (custom)
2019-09-23 12:15:13,255 [pool-87-thread-1] INFO  server.RaftServerConfigKeys (ConfUtils.java:logGet(43)) - raft.server.log.segment.cache.num.max = 2 (custom)
2019-09-23 12:15:13,255 [pool-87-thread-1] INFO  segmented.SegmentedRaftLogWorker (SegmentedRaftLogWorker.java:<init>(172)) - new fd76b1b9-3975-4c1b-a674-541739890adb@group-60C685553D31-SegmentedRaftLogWorker for RaftStorage:Storage Directory /workdir/hadoop-ozone/integration-test/target/test-dir/MiniOzoneClusterImpl-32207017-7822-4caf-b7bd-0faf8cfdfdb9/datanode-6/data/ratis/48512433-19e4-463d-8d9b-60c685553d31
2019-09-23 12:15:13,263 [pool-87-thread-1] INFO  server.RaftServerConfigKeys (ConfUtils.java:logGet(43)) - raft.server.log.queue.byte-limit = 2147483647 (custom)
2019-09-23 12:15:13,264 [pool-87-thread-1] INFO  server.RaftServerConfigKeys (ConfUtils.java:logGet(43)) - raft.server.log.queue.element-limit = 1024 (custom)
2019-09-23 12:15:13,264 [pool-87-thread-1] INFO  server.RaftServerConfigKeys (ConfUtils.java:logGet(43)) - raft.server.log.segment.size.max = 1048576 (custom)
2019-09-23 12:15:13,264 [pool-87-thread-1] INFO  server.RaftServerConfigKeys (ConfUtils.java:logGet(43)) - raft.server.log.preallocated.size = 16384 (custom)
2019-09-23 12:15:13,264 [pool-87-thread-1] INFO  server.RaftServerConfigKeys (ConfUtils.java:logGet(43)) - raft.server.log.write.buffer.size = 33554432 (custom)
2019-09-23 12:15:13,265 [pool-87-thread-1] INFO  server.RaftServerConfigKeys (ConfUtils.java:logGet(43)) - raft.server.log.force.sync.num = 128 (default)
2019-09-23 12:15:13,265 [pool-87-thread-1] INFO  server.RaftServerConfigKeys (ConfUtils.java:logGet(43)) - raft.server.log.statemachine.data.sync = true (default)
2019-09-23 12:15:13,265 [pool-87-thread-1] INFO  server.RaftServerConfigKeys (ConfUtils.java:logGet(43)) - raft.server.log.statemachine.data.sync.timeout = 10s (default)
2019-09-23 12:15:13,265 [pool-87-thread-1] INFO  server.RaftServerConfigKeys (ConfUtils.java:logGet(43)) - raft.server.log.statemachine.data.sync.timeout.retry = -1 (default)
2019-09-23 12:15:13,266 [pool-87-thread-1] INFO  server.RaftServerConfigKeys (ConfUtils.java:logGet(43)) - raft.server.log.statemachine.data.caching.enabled = true (custom)
2019-09-23 12:15:13,266 [pool-87-thread-1] INFO  segmented.SegmentedRaftLogWorker (SegmentedRaftLogWorker.java:lambda$new$0(132)) - fd76b1b9-3975-4c1b-a674-541739890adb@group-60C685553D31-SegmentedRaftLogWorker: flushIndex: setUnconditionally 0 -> -1
2019-09-23 12:15:13,267 [pool-87-thread-1] INFO  server.RaftServerConfigKeys (ConfUtils.java:logGet(43)) - raft.server.snapshot.auto.trigger.enabled = true (custom)
2019-09-23 12:15:13,267 [pool-87-thread-1] INFO  server.RaftServerConfigKeys (ConfUtils.java:logGet(43)) - raft.server.snapshot.auto.trigger.threshold = 10000 (custom)
2019-09-23 12:15:13,267 [pool-87-thread-1] INFO  server.RaftServerConfigKeys (ConfUtils.java:logGet(43)) - raft.server.snapshot.retention.num.files = 5 (custom)
2019-09-23 12:15:13,267 [pool-87-thread-1] INFO  server.RaftServerConfigKeys (ConfUtils.java:logGet(43)) - raft.server.retrycache.expirytime = 600000ms (custom)
2019-09-23 12:15:13,274 [pool-87-thread-1] INFO  impl.RaftServerImpl (RaftServerImpl.java:start(185)) - fd76b1b9-3975-4c1b-a674-541739890adb@group-60C685553D31: start as a follower, conf=-1: [fd76b1b9-3975-4c1b-a674-541739890adb:192.168.34.25:37018], old=null
2019-09-23 12:15:13,274 [pool-87-thread-1] INFO  impl.RaftServerImpl (RaftServerImpl.java:setRole(174)) - fd76b1b9-3975-4c1b-a674-541739890adb@group-60C685553D31: changes role from      null to FOLLOWER at term 0 for startAsFollower
2019-09-23 12:15:13,274 [pool-87-thread-1] INFO  impl.RoleInfo (RoleInfo.java:updateAndGet(143)) - fd76b1b9-3975-4c1b-a674-541739890adb: start FollowerState
2019-09-23 12:15:13,276 [pool-87-thread-1] INFO  util.JmxRegister (JmxRegister.java:tryRegister(44)) - Successfully registered JMX Bean with object name Ratis:service=RaftServer,group=group-60C685553D31,id=fd76b1b9-3975-4c1b-a674-541739890adb
2019-09-23 12:15:13,293 [RatisPipelineUtilsThread] INFO  pipeline.PipelineStateManager (PipelineStateManager.java:addPipeline(56)) - Created pipeline Pipeline[ Id: 48512433-19e4-463d-8d9b-60c685553d31, Nodes: fd76b1b9-3975-4c1b-a674-541739890adb{ip: 192.168.34.25, host: pr-hdds-2067-85gxf-3223273056, networkLocation: /default-rack, certSerialId: null}, Type:RATIS, Factor:ONE, State:OPEN]
2019-09-23 12:15:13,320 [grpc-default-executor-1] INFO  impl.RaftServerProxy (RaftServerProxy.java:addNew(89)) - 620e03eb-5792-43a0-abc3-57f3598042a0: addNew group-6FB6C8B34E80:[620e03eb-5792-43a0-abc3-57f3598042a0:192.168.34.25:41511] returns group-6FB6C8B34E80:java.util.concurrent.CompletableFuture@14a24099[Not completed]
2019-09-23 12:15:13,351 [pool-67-thread-1] INFO  impl.RaftServerImpl (RaftServerImpl.java:<init>(95)) - 620e03eb-5792-43a0-abc3-57f3598042a0: new RaftServerImpl for group-6FB6C8B34E80:[620e03eb-5792-43a0-abc3-57f3598042a0:192.168.34.25:41511] with ContainerStateMachine:uninitialized
2019-09-23 12:15:13,351 [pool-67-thread-1] INFO  server.RaftServerConfigKeys (ConfUtils.java:logGet(43)) - raft.server.rpc.timeout.min = 5s (custom)
2019-09-23 12:15:13,352 [pool-67-thread-1] INFO  server.RaftServerConfigKeys (ConfUtils.java:logGet(43)) - raft.server.rpc.timeout.max = 5200ms (custom)
2019-09-23 12:15:13,352 [pool-67-thread-1] INFO  server.RaftServerConfigKeys (ConfUtils.java:logGet(43)) - raft.server.rpcslowness.timeout = 120s (custom)
2019-09-23 12:15:13,352 [pool-67-thread-1] INFO  server.RaftServerConfigKeys (ConfUtils.java:logGet(43)) - raft.server.sleep.deviation.threshold = 300 (default)
2019-09-23 12:15:13,352 [pool-67-thread-1] INFO  server.RaftServerConfigKeys (ConfUtils.java:logGet(43)) - raft.server.log.appender.install.snapshot.enabled = false (custom)
2019-09-23 12:15:13,352 [pool-67-thread-1] INFO  impl.RaftServerImpl (ServerState.java:<init>(103)) - 620e03eb-5792-43a0-abc3-57f3598042a0@group-6FB6C8B34E80: ConfigurationManager, init=-1: [620e03eb-5792-43a0-abc3-57f3598042a0:192.168.34.25:41511], old=null, confs=<EMPTY_MAP>
2019-09-23 12:15:13,353 [pool-67-thread-1] INFO  server.RaftServerConfigKeys (ConfUtils.java:logGet(43)) - raft.server.storage.dir = [/workdir/hadoop-ozone/integration-test/target/test-dir/MiniOzoneClusterImpl-32207017-7822-4caf-b7bd-0faf8cfdfdb9/datanode-4/data/ratis] (custom)
2019-09-23 12:15:13,353 [pool-67-thread-1] INFO  storage.RaftStorageDirectory (RaftStorageDirectory.java:analyzeStorage(246)) - The storage directory /workdir/hadoop-ozone/integration-test/target/test-dir/MiniOzoneClusterImpl-32207017-7822-4caf-b7bd-0faf8cfdfdb9/datanode-4/data/ratis/e8847c4a-4770-46d4-999f-6fb6c8b34e80 does not exist. Creating ...
2019-09-23 12:15:13,423 [pool-67-thread-1] INFO  storage.RaftStorageDirectory (RaftStorageDirectory.java:tryLock(328)) - Lock on /workdir/hadoop-ozone/integration-test/target/test-dir/MiniOzoneClusterImpl-32207017-7822-4caf-b7bd-0faf8cfdfdb9/datanode-4/data/ratis/e8847c4a-4770-46d4-999f-6fb6c8b34e80/in_use.lock acquired by nodename 23499@pr-hdds-2067-85gxf-3223273056
2019-09-23 12:15:13,477 [pool-67-thread-1] INFO  storage.RaftStorage (RaftStorage.java:format(72)) - Storage directory /workdir/hadoop-ozone/integration-test/target/test-dir/MiniOzoneClusterImpl-32207017-7822-4caf-b7bd-0faf8cfdfdb9/datanode-4/data/ratis/e8847c4a-4770-46d4-999f-6fb6c8b34e80 has been successfully formatted.
2019-09-23 12:15:13,478 [pool-67-thread-1] INFO  ratis.ContainerStateMachine (ContainerStateMachine.java:loadSnapshot(230)) - group-6FB6C8B34E80: The snapshot info is null. Setting the last applied indexto:(t:0, i:~)
2019-09-23 12:15:13,478 [pool-67-thread-1] INFO  server.RaftServerConfigKeys (ConfUtils.java:logGet(43)) - raft.server.notification.no-leader.timeout = 120s (custom)
2019-09-23 12:15:13,478 [pool-67-thread-1] INFO  server.RaftServerConfigKeys (ConfUtils.java:logGet(43)) - raft.server.log.use.memory = false (default)
2019-09-23 12:15:13,478 [pool-67-thread-1] INFO  server.RaftServerConfigKeys (ConfUtils.java:logGet(43)) - raft.server.log.purge.gap = 1000000 (custom)
2019-09-23 12:15:13,478 [pool-67-thread-1] INFO  server.RaftServerConfigKeys (ConfUtils.java:logGet(43)) - raft.server.log.appender.buffer.byte-limit = 33554432 (custom)
2019-09-23 12:15:13,478 [pool-67-thread-1] INFO  server.RaftServerConfigKeys (ConfUtils.java:logGet(43)) - raft.server.log.segment.size.max = 1048576 (custom)
2019-09-23 12:15:13,478 [pool-67-thread-1] INFO  server.RaftServerConfigKeys (ConfUtils.java:logGet(43)) - raft.server.log.segment.cache.num.max = 2 (custom)
2019-09-23 12:15:13,479 [pool-67-thread-1] INFO  segmented.SegmentedRaftLogWorker (SegmentedRaftLogWorker.java:<init>(172)) - new 620e03eb-5792-43a0-abc3-57f3598042a0@group-6FB6C8B34E80-SegmentedRaftLogWorker for RaftStorage:Storage Directory /workdir/hadoop-ozone/integration-test/target/test-dir/MiniOzoneClusterImpl-32207017-7822-4caf-b7bd-0faf8cfdfdb9/datanode-4/data/ratis/e8847c4a-4770-46d4-999f-6fb6c8b34e80
2019-09-23 12:15:13,524 [pool-67-thread-1] INFO  server.RaftServerConfigKeys (ConfUtils.java:logGet(43)) - raft.server.log.queue.byte-limit = 2147483647 (custom)
2019-09-23 12:15:13,524 [pool-67-thread-1] INFO  server.RaftServerConfigKeys (ConfUtils.java:logGet(43)) - raft.server.log.queue.element-limit = 1024 (custom)
2019-09-23 12:15:13,525 [pool-67-thread-1] INFO  server.RaftServerConfigKeys (ConfUtils.java:logGet(43)) - raft.server.log.segment.size.max = 1048576 (custom)
2019-09-23 12:15:13,525 [pool-67-thread-1] INFO  server.RaftServerConfigKeys (ConfUtils.java:logGet(43)) - raft.server.log.preallocated.size = 16384 (custom)
2019-09-23 12:15:13,525 [pool-67-thread-1] INFO  server.RaftServerConfigKeys (ConfUtils.java:logGet(43)) - raft.server.log.write.buffer.size = 33554432 (custom)
2019-09-23 12:15:13,525 [pool-67-thread-1] INFO  server.RaftServerConfigKeys (ConfUtils.java:logGet(43)) - raft.server.log.force.sync.num = 128 (default)
2019-09-23 12:15:13,525 [pool-67-thread-1] INFO  server.RaftServerConfigKeys (ConfUtils.java:logGet(43)) - raft.server.log.statemachine.data.sync = true (default)
2019-09-23 12:15:13,525 [pool-67-thread-1] INFO  server.RaftServerConfigKeys (ConfUtils.java:logGet(43)) - raft.server.log.statemachine.data.sync.timeout = 10s (default)
2019-09-23 12:15:13,526 [pool-67-thread-1] INFO  server.RaftServerConfigKeys (ConfUtils.java:logGet(43)) - raft.server.log.statemachine.data.sync.timeout.retry = -1 (default)
2019-09-23 12:15:13,526 [pool-67-thread-1] INFO  server.RaftServerConfigKeys (ConfUtils.java:logGet(43)) - raft.server.log.statemachine.data.caching.enabled = true (custom)
2019-09-23 12:15:13,526 [pool-67-thread-1] INFO  segmented.SegmentedRaftLogWorker (SegmentedRaftLogWorker.java:lambda$new$0(132)) - 620e03eb-5792-43a0-abc3-57f3598042a0@group-6FB6C8B34E80-SegmentedRaftLogWorker: flushIndex: setUnconditionally 0 -> -1
2019-09-23 12:15:13,526 [pool-67-thread-1] INFO  server.RaftServerConfigKeys (ConfUtils.java:logGet(43)) - raft.server.snapshot.auto.trigger.enabled = true (custom)
2019-09-23 12:15:13,527 [pool-67-thread-1] INFO  server.RaftServerConfigKeys (ConfUtils.java:logGet(43)) - raft.server.snapshot.auto.trigger.threshold = 10000 (custom)
2019-09-23 12:15:13,527 [pool-67-thread-1] INFO  server.RaftServerConfigKeys (ConfUtils.java:logGet(43)) - raft.server.snapshot.retention.num.files = 5 (custom)
2019-09-23 12:15:13,527 [pool-67-thread-1] INFO  server.RaftServerConfigKeys (ConfUtils.java:logGet(43)) - raft.server.retrycache.expirytime = 600000ms (custom)
2019-09-23 12:15:13,531 [pool-67-thread-1] INFO  impl.RaftServerImpl (RaftServerImpl.java:start(185)) - 620e03eb-5792-43a0-abc3-57f3598042a0@group-6FB6C8B34E80: start as a follower, conf=-1: [620e03eb-5792-43a0-abc3-57f3598042a0:192.168.34.25:41511], old=null
2019-09-23 12:15:13,531 [pool-67-thread-1] INFO  impl.RaftServerImpl (RaftServerImpl.java:setRole(174)) - 620e03eb-5792-43a0-abc3-57f3598042a0@group-6FB6C8B34E80: changes role from      null to FOLLOWER at term 0 for startAsFollower
2019-09-23 12:15:13,531 [pool-67-thread-1] INFO  impl.RoleInfo (RoleInfo.java:updateAndGet(143)) - 620e03eb-5792-43a0-abc3-57f3598042a0: start FollowerState
2019-09-23 12:15:13,531 [pool-67-thread-1] INFO  util.JmxRegister (JmxRegister.java:tryRegister(44)) - Successfully registered JMX Bean with object name Ratis:service=RaftServer,group=group-6FB6C8B34E80,id=620e03eb-5792-43a0-abc3-57f3598042a0
2019-09-23 12:15:13,545 [RatisPipelineUtilsThread] INFO  pipeline.PipelineStateManager (PipelineStateManager.java:addPipeline(56)) - Created pipeline Pipeline[ Id: e8847c4a-4770-46d4-999f-6fb6c8b34e80, Nodes: 620e03eb-5792-43a0-abc3-57f3598042a0{ip: 192.168.34.25, host: pr-hdds-2067-85gxf-3223273056, networkLocation: /default-rack, certSerialId: null}, Type:RATIS, Factor:ONE, State:OPEN]
2019-09-23 12:15:13,569 [grpc-default-executor-1] INFO  impl.RaftServerProxy (RaftServerProxy.java:addNew(89)) - 4ddde203-cad5-4bc5-8096-7cd0d56f8dde: addNew group-35426ECD9A21:[4ddde203-cad5-4bc5-8096-7cd0d56f8dde:192.168.34.25:40657] returns group-35426ECD9A21:java.util.concurrent.CompletableFuture@6220cd31[Not completed]
2019-09-23 12:15:13,573 [pool-77-thread-1] INFO  impl.RaftServerImpl (RaftServerImpl.java:<init>(95)) - 4ddde203-cad5-4bc5-8096-7cd0d56f8dde: new RaftServerImpl for group-35426ECD9A21:[4ddde203-cad5-4bc5-8096-7cd0d56f8dde:192.168.34.25:40657] with ContainerStateMachine:uninitialized
2019-09-23 12:15:13,573 [pool-77-thread-1] INFO  server.RaftServerConfigKeys (ConfUtils.java:logGet(43)) - raft.server.rpc.timeout.min = 5s (custom)
2019-09-23 12:15:13,573 [pool-77-thread-1] INFO  server.RaftServerConfigKeys (ConfUtils.java:logGet(43)) - raft.server.rpc.timeout.max = 5200ms (custom)
2019-09-23 12:15:13,573 [pool-77-thread-1] INFO  server.RaftServerConfigKeys (ConfUtils.java:logGet(43)) - raft.server.rpcslowness.timeout = 120s (custom)
2019-09-23 12:15:13,574 [pool-77-thread-1] INFO  server.RaftServerConfigKeys (ConfUtils.java:logGet(43)) - raft.server.sleep.deviation.threshold = 300 (default)
2019-09-23 12:15:13,574 [pool-77-thread-1] INFO  server.RaftServerConfigKeys (ConfUtils.java:logGet(43)) - raft.server.log.appender.install.snapshot.enabled = false (custom)
2019-09-23 12:15:13,574 [pool-77-thread-1] INFO  impl.RaftServerImpl (ServerState.java:<init>(103)) - 4ddde203-cad5-4bc5-8096-7cd0d56f8dde@group-35426ECD9A21: ConfigurationManager, init=-1: [4ddde203-cad5-4bc5-8096-7cd0d56f8dde:192.168.34.25:40657], old=null, confs=<EMPTY_MAP>
2019-09-23 12:15:13,574 [pool-77-thread-1] INFO  server.RaftServerConfigKeys (ConfUtils.java:logGet(43)) - raft.server.storage.dir = [/workdir/hadoop-ozone/integration-test/target/test-dir/MiniOzoneClusterImpl-32207017-7822-4caf-b7bd-0faf8cfdfdb9/datanode-5/data/ratis] (custom)
2019-09-23 12:15:13,574 [pool-77-thread-1] INFO  storage.RaftStorageDirectory (RaftStorageDirectory.java:analyzeStorage(246)) - The storage directory /workdir/hadoop-ozone/integration-test/target/test-dir/MiniOzoneClusterImpl-32207017-7822-4caf-b7bd-0faf8cfdfdb9/datanode-5/data/ratis/1be75b8a-3b85-44fd-afbf-35426ecd9a21 does not exist. Creating ...
2019-09-23 12:15:13,613 [main] INFO  ozone.MiniOzoneClusterImpl (MiniOzoneClusterImpl.java:lambda$waitForClusterToBeReady$0(147)) - Cluster is ready. Got 7 of 7 DN Heartbeats.
2019-09-23 12:15:13,661 [pool-77-thread-1] INFO  storage.RaftStorageDirectory (RaftStorageDirectory.java:tryLock(328)) - Lock on /workdir/hadoop-ozone/integration-test/target/test-dir/MiniOzoneClusterImpl-32207017-7822-4caf-b7bd-0faf8cfdfdb9/datanode-5/data/ratis/1be75b8a-3b85-44fd-afbf-35426ecd9a21/in_use.lock acquired by nodename 23499@pr-hdds-2067-85gxf-3223273056
2019-09-23 12:15:13,682 [pool-77-thread-1] INFO  storage.RaftStorage (RaftStorage.java:format(72)) - Storage directory /workdir/hadoop-ozone/integration-test/target/test-dir/MiniOzoneClusterImpl-32207017-7822-4caf-b7bd-0faf8cfdfdb9/datanode-5/data/ratis/1be75b8a-3b85-44fd-afbf-35426ecd9a21 has been successfully formatted.
2019-09-23 12:15:13,682 [pool-77-thread-1] INFO  ratis.ContainerStateMachine (ContainerStateMachine.java:loadSnapshot(230)) - group-35426ECD9A21: The snapshot info is null. Setting the last applied indexto:(t:0, i:~)
2019-09-23 12:15:13,683 [pool-77-thread-1] INFO  server.RaftServerConfigKeys (ConfUtils.java:logGet(43)) - raft.server.notification.no-leader.timeout = 120s (custom)
2019-09-23 12:15:13,683 [pool-77-thread-1] INFO  server.RaftServerConfigKeys (ConfUtils.java:logGet(43)) - raft.server.log.use.memory = false (default)
2019-09-23 12:15:13,683 [pool-77-thread-1] INFO  server.RaftServerConfigKeys (ConfUtils.java:logGet(43)) - raft.server.log.purge.gap = 1000000 (custom)
2019-09-23 12:15:13,683 [pool-77-thread-1] INFO  server.RaftServerConfigKeys (ConfUtils.java:logGet(43)) - raft.server.log.appender.buffer.byte-limit = 33554432 (custom)
2019-09-23 12:15:13,684 [pool-77-thread-1] INFO  server.RaftServerConfigKeys (ConfUtils.java:logGet(43)) - raft.server.log.segment.size.max = 1048576 (custom)
2019-09-23 12:15:13,684 [pool-77-thread-1] INFO  server.RaftServerConfigKeys (ConfUtils.java:logGet(43)) - raft.server.log.segment.cache.num.max = 2 (custom)
2019-09-23 12:15:13,684 [pool-77-thread-1] INFO  segmented.SegmentedRaftLogWorker (SegmentedRaftLogWorker.java:<init>(172)) - new 4ddde203-cad5-4bc5-8096-7cd0d56f8dde@group-35426ECD9A21-SegmentedRaftLogWorker for RaftStorage:Storage Directory /workdir/hadoop-ozone/integration-test/target/test-dir/MiniOzoneClusterImpl-32207017-7822-4caf-b7bd-0faf8cfdfdb9/datanode-5/data/ratis/1be75b8a-3b85-44fd-afbf-35426ecd9a21
2019-09-23 12:15:13,694 [pool-77-thread-1] INFO  server.RaftServerConfigKeys (ConfUtils.java:logGet(43)) - raft.server.log.queue.byte-limit = 2147483647 (custom)
2019-09-23 12:15:13,694 [pool-77-thread-1] INFO  server.RaftServerConfigKeys (ConfUtils.java:logGet(43)) - raft.server.log.queue.element-limit = 1024 (custom)
2019-09-23 12:15:13,694 [pool-77-thread-1] INFO  server.RaftServerConfigKeys (ConfUtils.java:logGet(43)) - raft.server.log.segment.size.max = 1048576 (custom)
2019-09-23 12:15:13,695 [pool-77-thread-1] INFO  server.RaftServerConfigKeys (ConfUtils.java:logGet(43)) - raft.server.log.preallocated.size = 16384 (custom)
2019-09-23 12:15:13,695 [pool-77-thread-1] INFO  server.RaftServerConfigKeys (ConfUtils.java:logGet(43)) - raft.server.log.write.buffer.size = 33554432 (custom)
2019-09-23 12:15:13,695 [pool-77-thread-1] INFO  server.RaftServerConfigKeys (ConfUtils.java:logGet(43)) - raft.server.log.force.sync.num = 128 (default)
2019-09-23 12:15:13,695 [pool-77-thread-1] INFO  server.RaftServerConfigKeys (ConfUtils.java:logGet(43)) - raft.server.log.statemachine.data.sync = true (default)
2019-09-23 12:15:13,695 [pool-77-thread-1] INFO  server.RaftServerConfigKeys (ConfUtils.java:logGet(43)) - raft.server.log.statemachine.data.sync.timeout = 10s (default)
2019-09-23 12:15:13,696 [pool-77-thread-1] INFO  server.RaftServerConfigKeys (ConfUtils.java:logGet(43)) - raft.server.log.statemachine.data.sync.timeout.retry = -1 (default)
2019-09-23 12:15:13,696 [pool-77-thread-1] INFO  server.RaftServerConfigKeys (ConfUtils.java:logGet(43)) - raft.server.log.statemachine.data.caching.enabled = true (custom)
2019-09-23 12:15:13,696 [pool-77-thread-1] INFO  segmented.SegmentedRaftLogWorker (SegmentedRaftLogWorker.java:lambda$new$0(132)) - 4ddde203-cad5-4bc5-8096-7cd0d56f8dde@group-35426ECD9A21-SegmentedRaftLogWorker: flushIndex: setUnconditionally 0 -> -1
2019-09-23 12:15:13,697 [pool-77-thread-1] INFO  server.RaftServerConfigKeys (ConfUtils.java:logGet(43)) - raft.server.snapshot.auto.trigger.enabled = true (custom)
2019-09-23 12:15:13,697 [pool-77-thread-1] INFO  server.RaftServerConfigKeys (ConfUtils.java:logGet(43)) - raft.server.snapshot.auto.trigger.threshold = 10000 (custom)
2019-09-23 12:15:13,697 [pool-77-thread-1] INFO  server.RaftServerConfigKeys (ConfUtils.java:logGet(43)) - raft.server.snapshot.retention.num.files = 5 (custom)
2019-09-23 12:15:13,697 [pool-77-thread-1] INFO  server.RaftServerConfigKeys (ConfUtils.java:logGet(43)) - raft.server.retrycache.expirytime = 600000ms (custom)
2019-09-23 12:15:13,704 [pool-77-thread-1] INFO  impl.RaftServerImpl (RaftServerImpl.java:start(185)) - 4ddde203-cad5-4bc5-8096-7cd0d56f8dde@group-35426ECD9A21: start as a follower, conf=-1: [4ddde203-cad5-4bc5-8096-7cd0d56f8dde:192.168.34.25:40657], old=null
2019-09-23 12:15:13,704 [pool-77-thread-1] INFO  impl.RaftServerImpl (RaftServerImpl.java:setRole(174)) - 4ddde203-cad5-4bc5-8096-7cd0d56f8dde@group-35426ECD9A21: changes role from      null to FOLLOWER at term 0 for startAsFollower
2019-09-23 12:15:13,705 [pool-77-thread-1] INFO  impl.RoleInfo (RoleInfo.java:updateAndGet(143)) - 4ddde203-cad5-4bc5-8096-7cd0d56f8dde: start FollowerState
2019-09-23 12:15:13,705 [pool-77-thread-1] INFO  util.JmxRegister (JmxRegister.java:tryRegister(44)) - Successfully registered JMX Bean with object name Ratis:service=RaftServer,group=group-35426ECD9A21,id=4ddde203-cad5-4bc5-8096-7cd0d56f8dde
2019-09-23 12:15:13,721 [RatisPipelineUtilsThread] INFO  pipeline.PipelineStateManager (PipelineStateManager.java:addPipeline(56)) - Created pipeline Pipeline[ Id: 1be75b8a-3b85-44fd-afbf-35426ecd9a21, Nodes: 4ddde203-cad5-4bc5-8096-7cd0d56f8dde{ip: 192.168.34.25, host: pr-hdds-2067-85gxf-3223273056, networkLocation: /default-rack, certSerialId: null}, Type:RATIS, Factor:ONE, State:OPEN]
2019-09-23 12:15:13,744 [grpc-default-executor-1] INFO  impl.RaftServerProxy (RaftServerProxy.java:addNew(89)) - fb4a87eb-4fe4-437b-9043-b3384983251d: addNew group-009A1EF989F4:[fb4a87eb-4fe4-437b-9043-b3384983251d:192.168.34.25:34345] returns group-009A1EF989F4:java.util.concurrent.CompletableFuture@35b0b5ed[Not completed]
2019-09-23 12:15:13,750 [pool-57-thread-1] INFO  impl.RaftServerImpl (RaftServerImpl.java:<init>(95)) - fb4a87eb-4fe4-437b-9043-b3384983251d: new RaftServerImpl for group-009A1EF989F4:[fb4a87eb-4fe4-437b-9043-b3384983251d:192.168.34.25:34345] with ContainerStateMachine:uninitialized
2019-09-23 12:15:13,751 [pool-57-thread-1] INFO  server.RaftServerConfigKeys (ConfUtils.java:logGet(43)) - raft.server.rpc.timeout.min = 5s (custom)
2019-09-23 12:15:13,751 [pool-57-thread-1] INFO  server.RaftServerConfigKeys (ConfUtils.java:logGet(43)) - raft.server.rpc.timeout.max = 5200ms (custom)
2019-09-23 12:15:13,758 [pool-57-thread-1] INFO  server.RaftServerConfigKeys (ConfUtils.java:logGet(43)) - raft.server.rpcslowness.timeout = 120s (custom)
2019-09-23 12:15:13,760 [pool-57-thread-1] INFO  server.RaftServerConfigKeys (ConfUtils.java:logGet(43)) - raft.server.sleep.deviation.threshold = 300 (default)
2019-09-23 12:15:13,760 [pool-57-thread-1] INFO  server.RaftServerConfigKeys (ConfUtils.java:logGet(43)) - raft.server.log.appender.install.snapshot.enabled = false (custom)
2019-09-23 12:15:13,760 [pool-57-thread-1] INFO  impl.RaftServerImpl (ServerState.java:<init>(103)) - fb4a87eb-4fe4-437b-9043-b3384983251d@group-009A1EF989F4: ConfigurationManager, init=-1: [fb4a87eb-4fe4-437b-9043-b3384983251d:192.168.34.25:34345], old=null, confs=<EMPTY_MAP>
2019-09-23 12:15:13,760 [pool-57-thread-1] INFO  server.RaftServerConfigKeys (ConfUtils.java:logGet(43)) - raft.server.storage.dir = [/workdir/hadoop-ozone/integration-test/target/test-dir/MiniOzoneClusterImpl-32207017-7822-4caf-b7bd-0faf8cfdfdb9/datanode-3/data/ratis] (custom)
2019-09-23 12:15:13,761 [pool-57-thread-1] INFO  storage.RaftStorageDirectory (RaftStorageDirectory.java:analyzeStorage(246)) - The storage directory /workdir/hadoop-ozone/integration-test/target/test-dir/MiniOzoneClusterImpl-32207017-7822-4caf-b7bd-0faf8cfdfdb9/datanode-3/data/ratis/de585d9b-09fb-4364-b3af-009a1ef989f4 does not exist. Creating ...
2019-09-23 12:15:13,821 [pool-57-thread-1] INFO  storage.RaftStorageDirectory (RaftStorageDirectory.java:tryLock(328)) - Lock on /workdir/hadoop-ozone/integration-test/target/test-dir/MiniOzoneClusterImpl-32207017-7822-4caf-b7bd-0faf8cfdfdb9/datanode-3/data/ratis/de585d9b-09fb-4364-b3af-009a1ef989f4/in_use.lock acquired by nodename 23499@pr-hdds-2067-85gxf-3223273056
2019-09-23 12:15:13,887 [pool-57-thread-1] INFO  storage.RaftStorage (RaftStorage.java:format(72)) - Storage directory /workdir/hadoop-ozone/integration-test/target/test-dir/MiniOzoneClusterImpl-32207017-7822-4caf-b7bd-0faf8cfdfdb9/datanode-3/data/ratis/de585d9b-09fb-4364-b3af-009a1ef989f4 has been successfully formatted.
2019-09-23 12:15:13,888 [pool-57-thread-1] INFO  ratis.ContainerStateMachine (ContainerStateMachine.java:loadSnapshot(230)) - group-009A1EF989F4: The snapshot info is null. Setting the last applied indexto:(t:0, i:~)
2019-09-23 12:15:13,888 [pool-57-thread-1] INFO  server.RaftServerConfigKeys (ConfUtils.java:logGet(43)) - raft.server.notification.no-leader.timeout = 120s (custom)
2019-09-23 12:15:13,888 [pool-57-thread-1] INFO  server.RaftServerConfigKeys (ConfUtils.java:logGet(43)) - raft.server.log.use.memory = false (default)
2019-09-23 12:15:13,888 [pool-57-thread-1] INFO  server.RaftServerConfigKeys (ConfUtils.java:logGet(43)) - raft.server.log.purge.gap = 1000000 (custom)
2019-09-23 12:15:13,888 [pool-57-thread-1] INFO  server.RaftServerConfigKeys (ConfUtils.java:logGet(43)) - raft.server.log.appender.buffer.byte-limit = 33554432 (custom)
2019-09-23 12:15:13,888 [pool-57-thread-1] INFO  server.RaftServerConfigKeys (ConfUtils.java:logGet(43)) - raft.server.log.segment.size.max = 1048576 (custom)
2019-09-23 12:15:13,888 [pool-57-thread-1] INFO  server.RaftServerConfigKeys (ConfUtils.java:logGet(43)) - raft.server.log.segment.cache.num.max = 2 (custom)
2019-09-23 12:15:13,888 [pool-57-thread-1] INFO  segmented.SegmentedRaftLogWorker (SegmentedRaftLogWorker.java:<init>(172)) - new fb4a87eb-4fe4-437b-9043-b3384983251d@group-009A1EF989F4-SegmentedRaftLogWorker for RaftStorage:Storage Directory /workdir/hadoop-ozone/integration-test/target/test-dir/MiniOzoneClusterImpl-32207017-7822-4caf-b7bd-0faf8cfdfdb9/datanode-3/data/ratis/de585d9b-09fb-4364-b3af-009a1ef989f4
2019-09-23 12:15:13,892 [pool-57-thread-1] INFO  server.RaftServerConfigKeys (ConfUtils.java:logGet(43)) - raft.server.log.queue.byte-limit = 2147483647 (custom)
2019-09-23 12:15:13,892 [pool-57-thread-1] INFO  server.RaftServerConfigKeys (ConfUtils.java:logGet(43)) - raft.server.log.queue.element-limit = 1024 (custom)
2019-09-23 12:15:13,892 [pool-57-thread-1] INFO  server.RaftServerConfigKeys (ConfUtils.java:logGet(43)) - raft.server.log.segment.size.max = 1048576 (custom)
2019-09-23 12:15:13,892 [pool-57-thread-1] INFO  server.RaftServerConfigKeys (ConfUtils.java:logGet(43)) - raft.server.log.preallocated.size = 16384 (custom)
2019-09-23 12:15:13,892 [pool-57-thread-1] INFO  server.RaftServerConfigKeys (ConfUtils.java:logGet(43)) - raft.server.log.write.buffer.size = 33554432 (custom)
2019-09-23 12:15:13,892 [pool-57-thread-1] INFO  server.RaftServerConfigKeys (ConfUtils.java:logGet(43)) - raft.server.log.force.sync.num = 128 (default)
2019-09-23 12:15:13,892 [pool-57-thread-1] INFO  server.RaftServerConfigKeys (ConfUtils.java:logGet(43)) - raft.server.log.statemachine.data.sync = true (default)
2019-09-23 12:15:13,893 [pool-57-thread-1] INFO  server.RaftServerConfigKeys (ConfUtils.java:logGet(43)) - raft.server.log.statemachine.data.sync.timeout = 10s (default)
2019-09-23 12:15:13,893 [pool-57-thread-1] INFO  server.RaftServerConfigKeys (ConfUtils.java:logGet(43)) - raft.server.log.statemachine.data.sync.timeout.retry = -1 (default)
2019-09-23 12:15:13,893 [pool-57-thread-1] INFO  server.RaftServerConfigKeys (ConfUtils.java:logGet(43)) - raft.server.log.statemachine.data.caching.enabled = true (custom)
2019-09-23 12:15:13,893 [pool-57-thread-1] INFO  segmented.SegmentedRaftLogWorker (SegmentedRaftLogWorker.java:lambda$new$0(132)) - fb4a87eb-4fe4-437b-9043-b3384983251d@group-009A1EF989F4-SegmentedRaftLogWorker: flushIndex: setUnconditionally 0 -> -1
2019-09-23 12:15:13,893 [pool-57-thread-1] INFO  server.RaftServerConfigKeys (ConfUtils.java:logGet(43)) - raft.server.snapshot.auto.trigger.enabled = true (custom)
2019-09-23 12:15:13,894 [pool-57-thread-1] INFO  server.RaftServerConfigKeys (ConfUtils.java:logGet(43)) - raft.server.snapshot.auto.trigger.threshold = 10000 (custom)
2019-09-23 12:15:13,894 [pool-57-thread-1] INFO  server.RaftServerConfigKeys (ConfUtils.java:logGet(43)) - raft.server.snapshot.retention.num.files = 5 (custom)
2019-09-23 12:15:13,894 [pool-57-thread-1] INFO  server.RaftServerConfigKeys (ConfUtils.java:logGet(43)) - raft.server.retrycache.expirytime = 600000ms (custom)
2019-09-23 12:15:13,897 [pool-57-thread-1] INFO  impl.RaftServerImpl (RaftServerImpl.java:start(185)) - fb4a87eb-4fe4-437b-9043-b3384983251d@group-009A1EF989F4: start as a follower, conf=-1: [fb4a87eb-4fe4-437b-9043-b3384983251d:192.168.34.25:34345], old=null
2019-09-23 12:15:13,897 [pool-57-thread-1] INFO  impl.RaftServerImpl (RaftServerImpl.java:setRole(174)) - fb4a87eb-4fe4-437b-9043-b3384983251d@group-009A1EF989F4: changes role from      null to FOLLOWER at term 0 for startAsFollower
2019-09-23 12:15:13,897 [pool-57-thread-1] INFO  impl.RoleInfo (RoleInfo.java:updateAndGet(143)) - fb4a87eb-4fe4-437b-9043-b3384983251d: start FollowerState
2019-09-23 12:15:13,897 [pool-57-thread-1] INFO  util.JmxRegister (JmxRegister.java:tryRegister(44)) - Successfully registered JMX Bean with object name Ratis:service=RaftServer,group=group-009A1EF989F4,id=fb4a87eb-4fe4-437b-9043-b3384983251d
2019-09-23 12:15:13,910 [RatisPipelineUtilsThread] INFO  pipeline.PipelineStateManager (PipelineStateManager.java:addPipeline(56)) - Created pipeline Pipeline[ Id: de585d9b-09fb-4364-b3af-009a1ef989f4, Nodes: fb4a87eb-4fe4-437b-9043-b3384983251d{ip: 192.168.34.25, host: pr-hdds-2067-85gxf-3223273056, networkLocation: /default-rack, certSerialId: null}, Type:RATIS, Factor:ONE, State:OPEN]
2019-09-23 12:15:13,938 [grpc-default-executor-1] INFO  impl.RaftServerProxy (RaftServerProxy.java:addNew(89)) - b4923e46-e34f-46ff-a37a-54ebe4f79e2f: addNew group-D840EAEAF91D:[b4923e46-e34f-46ff-a37a-54ebe4f79e2f:192.168.34.25:34255] returns group-D840EAEAF91D:java.util.concurrent.CompletableFuture@1d1aef6[Not completed]
2019-09-23 12:15:13,940 [pool-37-thread-1] INFO  impl.RaftServerImpl (RaftServerImpl.java:<init>(95)) - b4923e46-e34f-46ff-a37a-54ebe4f79e2f: new RaftServerImpl for group-D840EAEAF91D:[b4923e46-e34f-46ff-a37a-54ebe4f79e2f:192.168.34.25:34255] with ContainerStateMachine:uninitialized
2019-09-23 12:15:13,940 [pool-37-thread-1] INFO  server.RaftServerConfigKeys (ConfUtils.java:logGet(43)) - raft.server.rpc.timeout.min = 5s (custom)
2019-09-23 12:15:13,940 [pool-37-thread-1] INFO  server.RaftServerConfigKeys (ConfUtils.java:logGet(43)) - raft.server.rpc.timeout.max = 5200ms (custom)
2019-09-23 12:15:13,941 [pool-37-thread-1] INFO  server.RaftServerConfigKeys (ConfUtils.java:logGet(43)) - raft.server.rpcslowness.timeout = 120s (custom)
2019-09-23 12:15:13,941 [pool-37-thread-1] INFO  server.RaftServerConfigKeys (ConfUtils.java:logGet(43)) - raft.server.sleep.deviation.threshold = 300 (default)
2019-09-23 12:15:13,941 [pool-37-thread-1] INFO  server.RaftServerConfigKeys (ConfUtils.java:logGet(43)) - raft.server.log.appender.install.snapshot.enabled = false (custom)
2019-09-23 12:15:13,941 [pool-37-thread-1] INFO  impl.RaftServerImpl (ServerState.java:<init>(103)) - b4923e46-e34f-46ff-a37a-54ebe4f79e2f@group-D840EAEAF91D: ConfigurationManager, init=-1: [b4923e46-e34f-46ff-a37a-54ebe4f79e2f:192.168.34.25:34255], old=null, confs=<EMPTY_MAP>
2019-09-23 12:15:13,941 [pool-37-thread-1] INFO  server.RaftServerConfigKeys (ConfUtils.java:logGet(43)) - raft.server.storage.dir = [/workdir/hadoop-ozone/integration-test/target/test-dir/MiniOzoneClusterImpl-32207017-7822-4caf-b7bd-0faf8cfdfdb9/datanode-1/data/ratis] (custom)
2019-09-23 12:15:13,941 [pool-37-thread-1] INFO  storage.RaftStorageDirectory (RaftStorageDirectory.java:analyzeStorage(246)) - The storage directory /workdir/hadoop-ozone/integration-test/target/test-dir/MiniOzoneClusterImpl-32207017-7822-4caf-b7bd-0faf8cfdfdb9/datanode-1/data/ratis/c39a2cd8-d080-4d46-b766-d840eaeaf91d does not exist. Creating ...
2019-09-23 12:15:13,997 [pool-37-thread-1] INFO  storage.RaftStorageDirectory (RaftStorageDirectory.java:tryLock(328)) - Lock on /workdir/hadoop-ozone/integration-test/target/test-dir/MiniOzoneClusterImpl-32207017-7822-4caf-b7bd-0faf8cfdfdb9/datanode-1/data/ratis/c39a2cd8-d080-4d46-b766-d840eaeaf91d/in_use.lock acquired by nodename 23499@pr-hdds-2067-85gxf-3223273056
2019-09-23 12:15:14,061 [pool-37-thread-1] INFO  storage.RaftStorage (RaftStorage.java:format(72)) - Storage directory /workdir/hadoop-ozone/integration-test/target/test-dir/MiniOzoneClusterImpl-32207017-7822-4caf-b7bd-0faf8cfdfdb9/datanode-1/data/ratis/c39a2cd8-d080-4d46-b766-d840eaeaf91d has been successfully formatted.
2019-09-23 12:15:14,064 [pool-37-thread-1] INFO  ratis.ContainerStateMachine (ContainerStateMachine.java:loadSnapshot(230)) - group-D840EAEAF91D: The snapshot info is null. Setting the last applied indexto:(t:0, i:~)
2019-09-23 12:15:14,064 [pool-37-thread-1] INFO  server.RaftServerConfigKeys (ConfUtils.java:logGet(43)) - raft.server.notification.no-leader.timeout = 120s (custom)
2019-09-23 12:15:14,065 [pool-37-thread-1] INFO  server.RaftServerConfigKeys (ConfUtils.java:logGet(43)) - raft.server.log.use.memory = false (default)
2019-09-23 12:15:14,065 [pool-37-thread-1] INFO  server.RaftServerConfigKeys (ConfUtils.java:logGet(43)) - raft.server.log.purge.gap = 1000000 (custom)
2019-09-23 12:15:14,065 [pool-37-thread-1] INFO  server.RaftServerConfigKeys (ConfUtils.java:logGet(43)) - raft.server.log.appender.buffer.byte-limit = 33554432 (custom)
2019-09-23 12:15:14,079 [pool-37-thread-1] INFO  server.RaftServerConfigKeys (ConfUtils.java:logGet(43)) - raft.server.log.segment.size.max = 1048576 (custom)
2019-09-23 12:15:14,079 [pool-37-thread-1] INFO  server.RaftServerConfigKeys (ConfUtils.java:logGet(43)) - raft.server.log.segment.cache.num.max = 2 (custom)
2019-09-23 12:15:14,079 [pool-37-thread-1] INFO  segmented.SegmentedRaftLogWorker (SegmentedRaftLogWorker.java:<init>(172)) - new b4923e46-e34f-46ff-a37a-54ebe4f79e2f@group-D840EAEAF91D-SegmentedRaftLogWorker for RaftStorage:Storage Directory /workdir/hadoop-ozone/integration-test/target/test-dir/MiniOzoneClusterImpl-32207017-7822-4caf-b7bd-0faf8cfdfdb9/datanode-1/data/ratis/c39a2cd8-d080-4d46-b766-d840eaeaf91d
2019-09-23 12:15:14,083 [pool-37-thread-1] INFO  server.RaftServerConfigKeys (ConfUtils.java:logGet(43)) - raft.server.log.queue.byte-limit = 2147483647 (custom)
2019-09-23 12:15:14,083 [pool-37-thread-1] INFO  server.RaftServerConfigKeys (ConfUtils.java:logGet(43)) - raft.server.log.queue.element-limit = 1024 (custom)
2019-09-23 12:15:14,083 [pool-37-thread-1] INFO  server.RaftServerConfigKeys (ConfUtils.java:logGet(43)) - raft.server.log.segment.size.max = 1048576 (custom)
2019-09-23 12:15:14,083 [pool-37-thread-1] INFO  server.RaftServerConfigKeys (ConfUtils.java:logGet(43)) - raft.server.log.preallocated.size = 16384 (custom)
2019-09-23 12:15:14,083 [pool-37-thread-1] INFO  server.RaftServerConfigKeys (ConfUtils.java:logGet(43)) - raft.server.log.write.buffer.size = 33554432 (custom)
2019-09-23 12:15:14,084 [pool-37-thread-1] INFO  server.RaftServerConfigKeys (ConfUtils.java:logGet(43)) - raft.server.log.force.sync.num = 128 (default)
2019-09-23 12:15:14,084 [pool-37-thread-1] INFO  server.RaftServerConfigKeys (ConfUtils.java:logGet(43)) - raft.server.log.statemachine.data.sync = true (default)
2019-09-23 12:15:14,084 [pool-37-thread-1] INFO  server.RaftServerConfigKeys (ConfUtils.java:logGet(43)) - raft.server.log.statemachine.data.sync.timeout = 10s (default)
2019-09-23 12:15:14,084 [pool-37-thread-1] INFO  server.RaftServerConfigKeys (ConfUtils.java:logGet(43)) - raft.server.log.statemachine.data.sync.timeout.retry = -1 (default)
2019-09-23 12:15:14,084 [pool-37-thread-1] INFO  server.RaftServerConfigKeys (ConfUtils.java:logGet(43)) - raft.server.log.statemachine.data.caching.enabled = true (custom)
2019-09-23 12:15:14,085 [pool-37-thread-1] INFO  segmented.SegmentedRaftLogWorker (SegmentedRaftLogWorker.java:lambda$new$0(132)) - b4923e46-e34f-46ff-a37a-54ebe4f79e2f@group-D840EAEAF91D-SegmentedRaftLogWorker: flushIndex: setUnconditionally 0 -> -1
2019-09-23 12:15:14,085 [pool-37-thread-1] INFO  server.RaftServerConfigKeys (ConfUtils.java:logGet(43)) - raft.server.snapshot.auto.trigger.enabled = true (custom)
2019-09-23 12:15:14,085 [pool-37-thread-1] INFO  server.RaftServerConfigKeys (ConfUtils.java:logGet(43)) - raft.server.snapshot.auto.trigger.threshold = 10000 (custom)
2019-09-23 12:15:14,085 [pool-37-thread-1] INFO  server.RaftServerConfigKeys (ConfUtils.java:logGet(43)) - raft.server.snapshot.retention.num.files = 5 (custom)
2019-09-23 12:15:14,085 [pool-37-thread-1] INFO  server.RaftServerConfigKeys (ConfUtils.java:logGet(43)) - raft.server.retrycache.expirytime = 600000ms (custom)
2019-09-23 12:15:14,089 [pool-37-thread-1] INFO  impl.RaftServerImpl (RaftServerImpl.java:start(185)) - b4923e46-e34f-46ff-a37a-54ebe4f79e2f@group-D840EAEAF91D: start as a follower, conf=-1: [b4923e46-e34f-46ff-a37a-54ebe4f79e2f:192.168.34.25:34255], old=null
2019-09-23 12:15:14,089 [pool-37-thread-1] INFO  impl.RaftServerImpl (RaftServerImpl.java:setRole(174)) - b4923e46-e34f-46ff-a37a-54ebe4f79e2f@group-D840EAEAF91D: changes role from      null to FOLLOWER at term 0 for startAsFollower
2019-09-23 12:15:14,089 [pool-37-thread-1] INFO  impl.RoleInfo (RoleInfo.java:updateAndGet(143)) - b4923e46-e34f-46ff-a37a-54ebe4f79e2f: start FollowerState
2019-09-23 12:15:14,090 [pool-37-thread-1] INFO  util.JmxRegister (JmxRegister.java:tryRegister(44)) - Successfully registered JMX Bean with object name Ratis:service=RaftServer,group=group-D840EAEAF91D,id=b4923e46-e34f-46ff-a37a-54ebe4f79e2f
2019-09-23 12:15:14,104 [RatisPipelineUtilsThread] INFO  pipeline.PipelineStateManager (PipelineStateManager.java:addPipeline(56)) - Created pipeline Pipeline[ Id: c39a2cd8-d080-4d46-b766-d840eaeaf91d, Nodes: b4923e46-e34f-46ff-a37a-54ebe4f79e2f{ip: 192.168.34.25, host: pr-hdds-2067-85gxf-3223273056, networkLocation: /default-rack, certSerialId: null}, Type:RATIS, Factor:ONE, State:OPEN]
2019-09-23 12:15:14,120 [grpc-default-executor-1] INFO  impl.RaftServerProxy (RaftServerProxy.java:addNew(89)) - 3e2532f3-4ffe-4b5b-9b4c-3a50415e056c: addNew group-BB29CFC91FAC:[3e2532f3-4ffe-4b5b-9b4c-3a50415e056c:192.168.34.25:44052] returns group-BB29CFC91FAC:java.util.concurrent.CompletableFuture@1734f991[Not completed]
2019-09-23 12:15:14,124 [pool-47-thread-1] INFO  impl.RaftServerImpl (RaftServerImpl.java:<init>(95)) - 3e2532f3-4ffe-4b5b-9b4c-3a50415e056c: new RaftServerImpl for group-BB29CFC91FAC:[3e2532f3-4ffe-4b5b-9b4c-3a50415e056c:192.168.34.25:44052] with ContainerStateMachine:uninitialized
2019-09-23 12:15:14,124 [pool-47-thread-1] INFO  server.RaftServerConfigKeys (ConfUtils.java:logGet(43)) - raft.server.rpc.timeout.min = 5s (custom)
2019-09-23 12:15:14,124 [pool-47-thread-1] INFO  server.RaftServerConfigKeys (ConfUtils.java:logGet(43)) - raft.server.rpc.timeout.max = 5200ms (custom)
2019-09-23 12:15:14,124 [pool-47-thread-1] INFO  server.RaftServerConfigKeys (ConfUtils.java:logGet(43)) - raft.server.rpcslowness.timeout = 120s (custom)
2019-09-23 12:15:14,124 [pool-47-thread-1] INFO  server.RaftServerConfigKeys (ConfUtils.java:logGet(43)) - raft.server.sleep.deviation.threshold = 300 (default)
2019-09-23 12:15:14,125 [pool-47-thread-1] INFO  server.RaftServerConfigKeys (ConfUtils.java:logGet(43)) - raft.server.log.appender.install.snapshot.enabled = false (custom)
2019-09-23 12:15:14,125 [pool-47-thread-1] INFO  impl.RaftServerImpl (ServerState.java:<init>(103)) - 3e2532f3-4ffe-4b5b-9b4c-3a50415e056c@group-BB29CFC91FAC: ConfigurationManager, init=-1: [3e2532f3-4ffe-4b5b-9b4c-3a50415e056c:192.168.34.25:44052], old=null, confs=<EMPTY_MAP>
2019-09-23 12:15:14,125 [pool-47-thread-1] INFO  server.RaftServerConfigKeys (ConfUtils.java:logGet(43)) - raft.server.storage.dir = [/workdir/hadoop-ozone/integration-test/target/test-dir/MiniOzoneClusterImpl-32207017-7822-4caf-b7bd-0faf8cfdfdb9/datanode-2/data/ratis] (custom)
2019-09-23 12:15:14,125 [pool-47-thread-1] INFO  storage.RaftStorageDirectory (RaftStorageDirectory.java:analyzeStorage(246)) - The storage directory /workdir/hadoop-ozone/integration-test/target/test-dir/MiniOzoneClusterImpl-32207017-7822-4caf-b7bd-0faf8cfdfdb9/datanode-2/data/ratis/aceb0351-8815-4d96-a855-bb29cfc91fac does not exist. Creating ...
2019-09-23 12:15:14,175 [pool-47-thread-1] INFO  storage.RaftStorageDirectory (RaftStorageDirectory.java:tryLock(328)) - Lock on /workdir/hadoop-ozone/integration-test/target/test-dir/MiniOzoneClusterImpl-32207017-7822-4caf-b7bd-0faf8cfdfdb9/datanode-2/data/ratis/aceb0351-8815-4d96-a855-bb29cfc91fac/in_use.lock acquired by nodename 23499@pr-hdds-2067-85gxf-3223273056
2019-09-23 12:15:14,185 [main] INFO  rpc.RpcClient (RpcClient.java:createVolume(276)) - Creating Volume: watchforcommithandlingtest, with jenkins1000 as owner.
2019-09-23 12:15:14,232 [pool-47-thread-1] INFO  storage.RaftStorage (RaftStorage.java:format(72)) - Storage directory /workdir/hadoop-ozone/integration-test/target/test-dir/MiniOzoneClusterImpl-32207017-7822-4caf-b7bd-0faf8cfdfdb9/datanode-2/data/ratis/aceb0351-8815-4d96-a855-bb29cfc91fac has been successfully formatted.
2019-09-23 12:15:14,233 [pool-47-thread-1] INFO  ratis.ContainerStateMachine (ContainerStateMachine.java:loadSnapshot(230)) - group-BB29CFC91FAC: The snapshot info is null. Setting the last applied indexto:(t:0, i:~)
2019-09-23 12:15:14,233 [pool-47-thread-1] INFO  server.RaftServerConfigKeys (ConfUtils.java:logGet(43)) - raft.server.notification.no-leader.timeout = 120s (custom)
2019-09-23 12:15:14,233 [pool-47-thread-1] INFO  server.RaftServerConfigKeys (ConfUtils.java:logGet(43)) - raft.server.log.use.memory = false (default)
2019-09-23 12:15:14,233 [pool-47-thread-1] INFO  server.RaftServerConfigKeys (ConfUtils.java:logGet(43)) - raft.server.log.purge.gap = 1000000 (custom)
2019-09-23 12:15:14,234 [pool-47-thread-1] INFO  server.RaftServerConfigKeys (ConfUtils.java:logGet(43)) - raft.server.log.appender.buffer.byte-limit = 33554432 (custom)
2019-09-23 12:15:14,234 [pool-47-thread-1] INFO  server.RaftServerConfigKeys (ConfUtils.java:logGet(43)) - raft.server.log.segment.size.max = 1048576 (custom)
2019-09-23 12:15:14,235 [pool-47-thread-1] INFO  server.RaftServerConfigKeys (ConfUtils.java:logGet(43)) - raft.server.log.segment.cache.num.max = 2 (custom)
2019-09-23 12:15:14,235 [pool-47-thread-1] INFO  segmented.SegmentedRaftLogWorker (SegmentedRaftLogWorker.java:<init>(172)) - new 3e2532f3-4ffe-4b5b-9b4c-3a50415e056c@group-BB29CFC91FAC-SegmentedRaftLogWorker for RaftStorage:Storage Directory /workdir/hadoop-ozone/integration-test/target/test-dir/MiniOzoneClusterImpl-32207017-7822-4caf-b7bd-0faf8cfdfdb9/datanode-2/data/ratis/aceb0351-8815-4d96-a855-bb29cfc91fac
2019-09-23 12:15:14,238 [pool-47-thread-1] INFO  server.RaftServerConfigKeys (ConfUtils.java:logGet(43)) - raft.server.log.queue.byte-limit = 2147483647 (custom)
2019-09-23 12:15:14,239 [pool-47-thread-1] INFO  server.RaftServerConfigKeys (ConfUtils.java:logGet(43)) - raft.server.log.queue.element-limit = 1024 (custom)
2019-09-23 12:15:14,239 [pool-47-thread-1] INFO  server.RaftServerConfigKeys (ConfUtils.java:logGet(43)) - raft.server.log.segment.size.max = 1048576 (custom)
2019-09-23 12:15:14,239 [pool-47-thread-1] INFO  server.RaftServerConfigKeys (ConfUtils.java:logGet(43)) - raft.server.log.preallocated.size = 16384 (custom)
2019-09-23 12:15:14,239 [pool-47-thread-1] INFO  server.RaftServerConfigKeys (ConfUtils.java:logGet(43)) - raft.server.log.write.buffer.size = 33554432 (custom)
2019-09-23 12:15:14,239 [pool-47-thread-1] INFO  server.RaftServerConfigKeys (ConfUtils.java:logGet(43)) - raft.server.log.force.sync.num = 128 (default)
2019-09-23 12:15:14,240 [pool-47-thread-1] INFO  server.RaftServerConfigKeys (ConfUtils.java:logGet(43)) - raft.server.log.statemachine.data.sync = true (default)
2019-09-23 12:15:14,240 [pool-47-thread-1] INFO  server.RaftServerConfigKeys (ConfUtils.java:logGet(43)) - raft.server.log.statemachine.data.sync.timeout = 10s (default)
2019-09-23 12:15:14,240 [pool-47-thread-1] INFO  server.RaftServerConfigKeys (ConfUtils.java:logGet(43)) - raft.server.log.statemachine.data.sync.timeout.retry = -1 (default)
2019-09-23 12:15:14,240 [pool-47-thread-1] INFO  server.RaftServerConfigKeys (ConfUtils.java:logGet(43)) - raft.server.log.statemachine.data.caching.enabled = true (custom)
2019-09-23 12:15:14,240 [pool-47-thread-1] INFO  segmented.SegmentedRaftLogWorker (SegmentedRaftLogWorker.java:lambda$new$0(132)) - 3e2532f3-4ffe-4b5b-9b4c-3a50415e056c@group-BB29CFC91FAC-SegmentedRaftLogWorker: flushIndex: setUnconditionally 0 -> -1
2019-09-23 12:15:14,241 [pool-47-thread-1] INFO  server.RaftServerConfigKeys (ConfUtils.java:logGet(43)) - raft.server.snapshot.auto.trigger.enabled = true (custom)
2019-09-23 12:15:14,241 [pool-47-thread-1] INFO  server.RaftServerConfigKeys (ConfUtils.java:logGet(43)) - raft.server.snapshot.auto.trigger.threshold = 10000 (custom)
2019-09-23 12:15:14,241 [pool-47-thread-1] INFO  server.RaftServerConfigKeys (ConfUtils.java:logGet(43)) - raft.server.snapshot.retention.num.files = 5 (custom)
2019-09-23 12:15:14,241 [pool-47-thread-1] INFO  server.RaftServerConfigKeys (ConfUtils.java:logGet(43)) - raft.server.retrycache.expirytime = 600000ms (custom)
2019-09-23 12:15:14,247 [pool-47-thread-1] INFO  impl.RaftServerImpl (RaftServerImpl.java:start(185)) - 3e2532f3-4ffe-4b5b-9b4c-3a50415e056c@group-BB29CFC91FAC: start as a follower, conf=-1: [3e2532f3-4ffe-4b5b-9b4c-3a50415e056c:192.168.34.25:44052], old=null
2019-09-23 12:15:14,247 [pool-47-thread-1] INFO  impl.RaftServerImpl (RaftServerImpl.java:setRole(174)) - 3e2532f3-4ffe-4b5b-9b4c-3a50415e056c@group-BB29CFC91FAC: changes role from      null to FOLLOWER at term 0 for startAsFollower
2019-09-23 12:15:14,248 [pool-47-thread-1] INFO  impl.RoleInfo (RoleInfo.java:updateAndGet(143)) - 3e2532f3-4ffe-4b5b-9b4c-3a50415e056c: start FollowerState
2019-09-23 12:15:14,248 [pool-47-thread-1] INFO  util.JmxRegister (JmxRegister.java:tryRegister(44)) - Successfully registered JMX Bean with object name Ratis:service=RaftServer,group=group-BB29CFC91FAC,id=3e2532f3-4ffe-4b5b-9b4c-3a50415e056c
2019-09-23 12:15:14,266 [RatisPipelineUtilsThread] INFO  pipeline.PipelineStateManager (PipelineStateManager.java:addPipeline(56)) - Created pipeline Pipeline[ Id: aceb0351-8815-4d96-a855-bb29cfc91fac, Nodes: 3e2532f3-4ffe-4b5b-9b4c-3a50415e056c{ip: 192.168.34.25, host: pr-hdds-2067-85gxf-3223273056, networkLocation: /default-rack, certSerialId: null}, Type:RATIS, Factor:ONE, State:OPEN]
2019-09-23 12:15:14,300 [grpc-default-executor-2] INFO  impl.RaftServerProxy (RaftServerProxy.java:addNew(89)) - 2c1c6a22-1f7e-4072-aba0-ada314196a09: addNew group-43D52F5C57FC:[fd76b1b9-3975-4c1b-a674-541739890adb:192.168.34.25:37018, 620e03eb-5792-43a0-abc3-57f3598042a0:192.168.34.25:41511, 2c1c6a22-1f7e-4072-aba0-ada314196a09:192.168.34.25:35632] returns group-43D52F5C57FC:java.util.concurrent.CompletableFuture@5ff4368d[Not completed]
2019-09-23 12:15:14,301 [pool-27-thread-1] INFO  impl.RaftServerImpl (RaftServerImpl.java:<init>(95)) - 2c1c6a22-1f7e-4072-aba0-ada314196a09: new RaftServerImpl for group-43D52F5C57FC:[fd76b1b9-3975-4c1b-a674-541739890adb:192.168.34.25:37018, 620e03eb-5792-43a0-abc3-57f3598042a0:192.168.34.25:41511, 2c1c6a22-1f7e-4072-aba0-ada314196a09:192.168.34.25:35632] with ContainerStateMachine:uninitialized
2019-09-23 12:15:14,302 [pool-27-thread-1] INFO  server.RaftServerConfigKeys (ConfUtils.java:logGet(43)) - raft.server.rpc.timeout.min = 5s (custom)
2019-09-23 12:15:14,304 [pool-27-thread-1] INFO  server.RaftServerConfigKeys (ConfUtils.java:logGet(43)) - raft.server.rpc.timeout.max = 5200ms (custom)
2019-09-23 12:15:14,304 [pool-27-thread-1] INFO  server.RaftServerConfigKeys (ConfUtils.java:logGet(43)) - raft.server.rpcslowness.timeout = 120s (custom)
2019-09-23 12:15:14,304 [pool-27-thread-1] INFO  server.RaftServerConfigKeys (ConfUtils.java:logGet(43)) - raft.server.sleep.deviation.threshold = 300 (default)
2019-09-23 12:15:14,304 [pool-27-thread-1] INFO  server.RaftServerConfigKeys (ConfUtils.java:logGet(43)) - raft.server.log.appender.install.snapshot.enabled = false (custom)
2019-09-23 12:15:14,304 [grpc-default-executor-2] INFO  impl.RaftServerProxy (RaftServerProxy.java:addNew(89)) - fd76b1b9-3975-4c1b-a674-541739890adb: addNew group-43D52F5C57FC:[fd76b1b9-3975-4c1b-a674-541739890adb:192.168.34.25:37018, 620e03eb-5792-43a0-abc3-57f3598042a0:192.168.34.25:41511, 2c1c6a22-1f7e-4072-aba0-ada314196a09:192.168.34.25:35632] returns group-43D52F5C57FC:java.util.concurrent.CompletableFuture@2d22e601[Not completed]
2019-09-23 12:15:14,304 [pool-27-thread-1] INFO  impl.RaftServerImpl (ServerState.java:<init>(103)) - 2c1c6a22-1f7e-4072-aba0-ada314196a09@group-43D52F5C57FC: ConfigurationManager, init=-1: [fd76b1b9-3975-4c1b-a674-541739890adb:192.168.34.25:37018, 620e03eb-5792-43a0-abc3-57f3598042a0:192.168.34.25:41511, 2c1c6a22-1f7e-4072-aba0-ada314196a09:192.168.34.25:35632], old=null, confs=<EMPTY_MAP>
2019-09-23 12:15:14,304 [pool-27-thread-1] INFO  server.RaftServerConfigKeys (ConfUtils.java:logGet(43)) - raft.server.storage.dir = [/workdir/hadoop-ozone/integration-test/target/test-dir/MiniOzoneClusterImpl-32207017-7822-4caf-b7bd-0faf8cfdfdb9/datanode-0/data/ratis] (custom)
2019-09-23 12:15:14,305 [pool-27-thread-1] INFO  storage.RaftStorageDirectory (RaftStorageDirectory.java:analyzeStorage(246)) - The storage directory /workdir/hadoop-ozone/integration-test/target/test-dir/MiniOzoneClusterImpl-32207017-7822-4caf-b7bd-0faf8cfdfdb9/datanode-0/data/ratis/b5e278f0-6099-4257-8263-43d52f5c57fc does not exist. Creating ...
2019-09-23 12:15:14,306 [pool-87-thread-1] INFO  impl.RaftServerImpl (RaftServerImpl.java:<init>(95)) - fd76b1b9-3975-4c1b-a674-541739890adb: new RaftServerImpl for group-43D52F5C57FC:[fd76b1b9-3975-4c1b-a674-541739890adb:192.168.34.25:37018, 620e03eb-5792-43a0-abc3-57f3598042a0:192.168.34.25:41511, 2c1c6a22-1f7e-4072-aba0-ada314196a09:192.168.34.25:35632] with ContainerStateMachine:uninitialized
2019-09-23 12:15:14,308 [pool-87-thread-1] INFO  server.RaftServerConfigKeys (ConfUtils.java:logGet(43)) - raft.server.rpc.timeout.min = 5s (custom)
2019-09-23 12:15:14,308 [pool-87-thread-1] INFO  server.RaftServerConfigKeys (ConfUtils.java:logGet(43)) - raft.server.rpc.timeout.max = 5200ms (custom)
2019-09-23 12:15:14,308 [pool-87-thread-1] INFO  server.RaftServerConfigKeys (ConfUtils.java:logGet(43)) - raft.server.rpcslowness.timeout = 120s (custom)
2019-09-23 12:15:14,308 [grpc-default-executor-2] INFO  impl.RaftServerProxy (RaftServerProxy.java:addNew(89)) - 620e03eb-5792-43a0-abc3-57f3598042a0: addNew group-43D52F5C57FC:[fd76b1b9-3975-4c1b-a674-541739890adb:192.168.34.25:37018, 620e03eb-5792-43a0-abc3-57f3598042a0:192.168.34.25:41511, 2c1c6a22-1f7e-4072-aba0-ada314196a09:192.168.34.25:35632] returns group-43D52F5C57FC:java.util.concurrent.CompletableFuture@2b26b840[Not completed]
2019-09-23 12:15:14,308 [pool-87-thread-1] INFO  server.RaftServerConfigKeys (ConfUtils.java:logGet(43)) - raft.server.sleep.deviation.threshold = 300 (default)
2019-09-23 12:15:14,309 [pool-87-thread-1] INFO  server.RaftServerConfigKeys (ConfUtils.java:logGet(43)) - raft.server.log.appender.install.snapshot.enabled = false (custom)
2019-09-23 12:15:14,309 [pool-87-thread-1] INFO  impl.RaftServerImpl (ServerState.java:<init>(103)) - fd76b1b9-3975-4c1b-a674-541739890adb@group-43D52F5C57FC: ConfigurationManager, init=-1: [fd76b1b9-3975-4c1b-a674-541739890adb:192.168.34.25:37018, 620e03eb-5792-43a0-abc3-57f3598042a0:192.168.34.25:41511, 2c1c6a22-1f7e-4072-aba0-ada314196a09:192.168.34.25:35632], old=null, confs=<EMPTY_MAP>
2019-09-23 12:15:14,309 [pool-87-thread-1] INFO  server.RaftServerConfigKeys (ConfUtils.java:logGet(43)) - raft.server.storage.dir = [/workdir/hadoop-ozone/integration-test/target/test-dir/MiniOzoneClusterImpl-32207017-7822-4caf-b7bd-0faf8cfdfdb9/datanode-6/data/ratis] (custom)
2019-09-23 12:15:14,310 [pool-87-thread-1] INFO  storage.RaftStorageDirectory (RaftStorageDirectory.java:analyzeStorage(246)) - The storage directory /workdir/hadoop-ozone/integration-test/target/test-dir/MiniOzoneClusterImpl-32207017-7822-4caf-b7bd-0faf8cfdfdb9/datanode-6/data/ratis/b5e278f0-6099-4257-8263-43d52f5c57fc does not exist. Creating ...
2019-09-23 12:15:14,310 [pool-67-thread-1] INFO  impl.RaftServerImpl (RaftServerImpl.java:<init>(95)) - 620e03eb-5792-43a0-abc3-57f3598042a0: new RaftServerImpl for group-43D52F5C57FC:[fd76b1b9-3975-4c1b-a674-541739890adb:192.168.34.25:37018, 620e03eb-5792-43a0-abc3-57f3598042a0:192.168.34.25:41511, 2c1c6a22-1f7e-4072-aba0-ada314196a09:192.168.34.25:35632] with ContainerStateMachine:uninitialized
2019-09-23 12:15:14,310 [pool-67-thread-1] INFO  server.RaftServerConfigKeys (ConfUtils.java:logGet(43)) - raft.server.rpc.timeout.min = 5s (custom)
2019-09-23 12:15:14,310 [pool-67-thread-1] INFO  server.RaftServerConfigKeys (ConfUtils.java:logGet(43)) - raft.server.rpc.timeout.max = 5200ms (custom)
2019-09-23 12:15:14,311 [pool-67-thread-1] INFO  server.RaftServerConfigKeys (ConfUtils.java:logGet(43)) - raft.server.rpcslowness.timeout = 120s (custom)
2019-09-23 12:15:14,311 [pool-67-thread-1] INFO  server.RaftServerConfigKeys (ConfUtils.java:logGet(43)) - raft.server.sleep.deviation.threshold = 300 (default)
2019-09-23 12:15:14,311 [pool-67-thread-1] INFO  server.RaftServerConfigKeys (ConfUtils.java:logGet(43)) - raft.server.log.appender.install.snapshot.enabled = false (custom)
2019-09-23 12:15:14,311 [pool-67-thread-1] INFO  impl.RaftServerImpl (ServerState.java:<init>(103)) - 620e03eb-5792-43a0-abc3-57f3598042a0@group-43D52F5C57FC: ConfigurationManager, init=-1: [fd76b1b9-3975-4c1b-a674-541739890adb:192.168.34.25:37018, 620e03eb-5792-43a0-abc3-57f3598042a0:192.168.34.25:41511, 2c1c6a22-1f7e-4072-aba0-ada314196a09:192.168.34.25:35632], old=null, confs=<EMPTY_MAP>
2019-09-23 12:15:14,311 [pool-67-thread-1] INFO  server.RaftServerConfigKeys (ConfUtils.java:logGet(43)) - raft.server.storage.dir = [/workdir/hadoop-ozone/integration-test/target/test-dir/MiniOzoneClusterImpl-32207017-7822-4caf-b7bd-0faf8cfdfdb9/datanode-4/data/ratis] (custom)
2019-09-23 12:15:14,312 [pool-67-thread-1] INFO  storage.RaftStorageDirectory (RaftStorageDirectory.java:analyzeStorage(246)) - The storage directory /workdir/hadoop-ozone/integration-test/target/test-dir/MiniOzoneClusterImpl-32207017-7822-4caf-b7bd-0faf8cfdfdb9/datanode-4/data/ratis/b5e278f0-6099-4257-8263-43d52f5c57fc does not exist. Creating ...
2019-09-23 12:15:14,338 [IPC Server handler 13 on 45791] INFO  volume.OMVolumeCreateRequest (OMVolumeCreateRequest.java:validateAndUpdateCache(189)) - created volume:watchforcommithandlingtest for user:jenkins1000
2019-09-23 12:15:14,364 [pool-67-thread-1] INFO  storage.RaftStorageDirectory (RaftStorageDirectory.java:tryLock(328)) - Lock on /workdir/hadoop-ozone/integration-test/target/test-dir/MiniOzoneClusterImpl-32207017-7822-4caf-b7bd-0faf8cfdfdb9/datanode-4/data/ratis/b5e278f0-6099-4257-8263-43d52f5c57fc/in_use.lock acquired by nodename 23499@pr-hdds-2067-85gxf-3223273056
2019-09-23 12:15:14,364 [pool-27-thread-1] INFO  storage.RaftStorageDirectory (RaftStorageDirectory.java:tryLock(328)) - Lock on /workdir/hadoop-ozone/integration-test/target/test-dir/MiniOzoneClusterImpl-32207017-7822-4caf-b7bd-0faf8cfdfdb9/datanode-0/data/ratis/b5e278f0-6099-4257-8263-43d52f5c57fc/in_use.lock acquired by nodename 23499@pr-hdds-2067-85gxf-3223273056
2019-09-23 12:15:14,364 [pool-87-thread-1] INFO  storage.RaftStorageDirectory (RaftStorageDirectory.java:tryLock(328)) - Lock on /workdir/hadoop-ozone/integration-test/target/test-dir/MiniOzoneClusterImpl-32207017-7822-4caf-b7bd-0faf8cfdfdb9/datanode-6/data/ratis/b5e278f0-6099-4257-8263-43d52f5c57fc/in_use.lock acquired by nodename 23499@pr-hdds-2067-85gxf-3223273056
2019-09-23 12:15:14,369 [main] INFO  rpc.RpcClient (RpcClient.java:createBucket(415)) - Creating Bucket: watchforcommithandlingtest/watchforcommithandlingtest, with Versioning false and Storage Type set to DISK and Encryption set to false 
2019-09-23 12:15:14,404 [main] INFO  ozone.MiniOzoneClusterImpl (MiniOzoneClusterImpl.java:getStorageContainerLocationClient(234)) - Creating StorageContainerLocationProtocol RPC client with address /0.0.0.0:33156
2019-09-23 12:15:14,430 [pool-27-thread-1] INFO  storage.RaftStorage (RaftStorage.java:format(72)) - Storage directory /workdir/hadoop-ozone/integration-test/target/test-dir/MiniOzoneClusterImpl-32207017-7822-4caf-b7bd-0faf8cfdfdb9/datanode-0/data/ratis/b5e278f0-6099-4257-8263-43d52f5c57fc has been successfully formatted.
2019-09-23 12:15:14,430 [pool-87-thread-1] INFO  storage.RaftStorage (RaftStorage.java:format(72)) - Storage directory /workdir/hadoop-ozone/integration-test/target/test-dir/MiniOzoneClusterImpl-32207017-7822-4caf-b7bd-0faf8cfdfdb9/datanode-6/data/ratis/b5e278f0-6099-4257-8263-43d52f5c57fc has been successfully formatted.
2019-09-23 12:15:14,430 [pool-67-thread-1] INFO  storage.RaftStorage (RaftStorage.java:format(72)) - Storage directory /workdir/hadoop-ozone/integration-test/target/test-dir/MiniOzoneClusterImpl-32207017-7822-4caf-b7bd-0faf8cfdfdb9/datanode-4/data/ratis/b5e278f0-6099-4257-8263-43d52f5c57fc has been successfully formatted.
2019-09-23 12:15:14,431 [pool-27-thread-1] INFO  ratis.ContainerStateMachine (ContainerStateMachine.java:loadSnapshot(230)) - group-43D52F5C57FC: The snapshot info is null. Setting the last applied indexto:(t:0, i:~)
2019-09-23 12:15:14,431 [pool-67-thread-1] INFO  ratis.ContainerStateMachine (ContainerStateMachine.java:loadSnapshot(230)) - group-43D52F5C57FC: The snapshot info is null. Setting the last applied indexto:(t:0, i:~)
2019-09-23 12:15:14,431 [pool-87-thread-1] INFO  ratis.ContainerStateMachine (ContainerStateMachine.java:loadSnapshot(230)) - group-43D52F5C57FC: The snapshot info is null. Setting the last applied indexto:(t:0, i:~)
2019-09-23 12:15:14,431 [pool-67-thread-1] INFO  server.RaftServerConfigKeys (ConfUtils.java:logGet(43)) - raft.server.notification.no-leader.timeout = 120s (custom)
2019-09-23 12:15:14,431 [pool-27-thread-1] INFO  server.RaftServerConfigKeys (ConfUtils.java:logGet(43)) - raft.server.notification.no-leader.timeout = 120s (custom)
2019-09-23 12:15:14,431 [pool-67-thread-1] INFO  server.RaftServerConfigKeys (ConfUtils.java:logGet(43)) - raft.server.log.use.memory = false (default)
2019-09-23 12:15:14,431 [pool-87-thread-1] INFO  server.RaftServerConfigKeys (ConfUtils.java:logGet(43)) - raft.server.notification.no-leader.timeout = 120s (custom)
2019-09-23 12:15:14,432 [pool-67-thread-1] INFO  server.RaftServerConfigKeys (ConfUtils.java:logGet(43)) - raft.server.log.purge.gap = 1000000 (custom)
2019-09-23 12:15:14,431 [pool-27-thread-1] INFO  server.RaftServerConfigKeys (ConfUtils.java:logGet(43)) - raft.server.log.use.memory = false (default)
2019-09-23 12:15:14,432 [pool-67-thread-1] INFO  server.RaftServerConfigKeys (ConfUtils.java:logGet(43)) - raft.server.log.appender.buffer.byte-limit = 33554432 (custom)
2019-09-23 12:15:14,432 [pool-87-thread-1] INFO  server.RaftServerConfigKeys (ConfUtils.java:logGet(43)) - raft.server.log.use.memory = false (default)
2019-09-23 12:15:14,432 [pool-67-thread-1] INFO  server.RaftServerConfigKeys (ConfUtils.java:logGet(43)) - raft.server.log.segment.size.max = 1048576 (custom)
2019-09-23 12:15:14,432 [pool-27-thread-1] INFO  server.RaftServerConfigKeys (ConfUtils.java:logGet(43)) - raft.server.log.purge.gap = 1000000 (custom)
2019-09-23 12:15:14,433 [pool-67-thread-1] INFO  server.RaftServerConfigKeys (ConfUtils.java:logGet(43)) - raft.server.log.segment.cache.num.max = 2 (custom)
2019-09-23 12:15:14,432 [pool-87-thread-1] INFO  server.RaftServerConfigKeys (ConfUtils.java:logGet(43)) - raft.server.log.purge.gap = 1000000 (custom)
2019-09-23 12:15:14,433 [pool-67-thread-1] INFO  segmented.SegmentedRaftLogWorker (SegmentedRaftLogWorker.java:<init>(172)) - new 620e03eb-5792-43a0-abc3-57f3598042a0@group-43D52F5C57FC-SegmentedRaftLogWorker for RaftStorage:Storage Directory /workdir/hadoop-ozone/integration-test/target/test-dir/MiniOzoneClusterImpl-32207017-7822-4caf-b7bd-0faf8cfdfdb9/datanode-4/data/ratis/b5e278f0-6099-4257-8263-43d52f5c57fc
2019-09-23 12:15:14,433 [pool-27-thread-1] INFO  server.RaftServerConfigKeys (ConfUtils.java:logGet(43)) - raft.server.log.appender.buffer.byte-limit = 33554432 (custom)
2019-09-23 12:15:14,433 [pool-67-thread-1] INFO  server.RaftServerConfigKeys (ConfUtils.java:logGet(43)) - raft.server.log.queue.byte-limit = 2147483647 (custom)
2019-09-23 12:15:14,433 [pool-87-thread-1] INFO  server.RaftServerConfigKeys (ConfUtils.java:logGet(43)) - raft.server.log.appender.buffer.byte-limit = 33554432 (custom)
2019-09-23 12:15:14,433 [pool-67-thread-1] INFO  server.RaftServerConfigKeys (ConfUtils.java:logGet(43)) - raft.server.log.queue.element-limit = 1024 (custom)
2019-09-23 12:15:14,433 [pool-27-thread-1] INFO  server.RaftServerConfigKeys (ConfUtils.java:logGet(43)) - raft.server.log.segment.size.max = 1048576 (custom)
2019-09-23 12:15:14,434 [pool-67-thread-1] INFO  server.RaftServerConfigKeys (ConfUtils.java:logGet(43)) - raft.server.log.segment.size.max = 1048576 (custom)
2019-09-23 12:15:14,434 [pool-87-thread-1] INFO  server.RaftServerConfigKeys (ConfUtils.java:logGet(43)) - raft.server.log.segment.size.max = 1048576 (custom)
2019-09-23 12:15:14,434 [pool-67-thread-1] INFO  server.RaftServerConfigKeys (ConfUtils.java:logGet(43)) - raft.server.log.preallocated.size = 16384 (custom)
2019-09-23 12:15:14,434 [pool-27-thread-1] INFO  server.RaftServerConfigKeys (ConfUtils.java:logGet(43)) - raft.server.log.segment.cache.num.max = 2 (custom)
2019-09-23 12:15:14,435 [pool-67-thread-1] INFO  server.RaftServerConfigKeys (ConfUtils.java:logGet(43)) - raft.server.log.write.buffer.size = 33554432 (custom)
2019-09-23 12:15:14,434 [pool-87-thread-1] INFO  server.RaftServerConfigKeys (ConfUtils.java:logGet(43)) - raft.server.log.segment.cache.num.max = 2 (custom)
2019-09-23 12:15:14,435 [pool-67-thread-1] INFO  server.RaftServerConfigKeys (ConfUtils.java:logGet(43)) - raft.server.log.force.sync.num = 128 (default)
2019-09-23 12:15:14,435 [pool-27-thread-1] INFO  segmented.SegmentedRaftLogWorker (SegmentedRaftLogWorker.java:<init>(172)) - new 2c1c6a22-1f7e-4072-aba0-ada314196a09@group-43D52F5C57FC-SegmentedRaftLogWorker for RaftStorage:Storage Directory /workdir/hadoop-ozone/integration-test/target/test-dir/MiniOzoneClusterImpl-32207017-7822-4caf-b7bd-0faf8cfdfdb9/datanode-0/data/ratis/b5e278f0-6099-4257-8263-43d52f5c57fc
2019-09-23 12:15:14,435 [pool-67-thread-1] INFO  server.RaftServerConfigKeys (ConfUtils.java:logGet(43)) - raft.server.log.statemachine.data.sync = true (default)
2019-09-23 12:15:14,435 [pool-87-thread-1] INFO  segmented.SegmentedRaftLogWorker (SegmentedRaftLogWorker.java:<init>(172)) - new fd76b1b9-3975-4c1b-a674-541739890adb@group-43D52F5C57FC-SegmentedRaftLogWorker for RaftStorage:Storage Directory /workdir/hadoop-ozone/integration-test/target/test-dir/MiniOzoneClusterImpl-32207017-7822-4caf-b7bd-0faf8cfdfdb9/datanode-6/data/ratis/b5e278f0-6099-4257-8263-43d52f5c57fc
2019-09-23 12:15:14,436 [pool-67-thread-1] INFO  server.RaftServerConfigKeys (ConfUtils.java:logGet(43)) - raft.server.log.statemachine.data.sync.timeout = 10s (default)
2019-09-23 12:15:14,435 [pool-27-thread-1] INFO  server.RaftServerConfigKeys (ConfUtils.java:logGet(43)) - raft.server.log.queue.byte-limit = 2147483647 (custom)
2019-09-23 12:15:14,436 [pool-67-thread-1] INFO  server.RaftServerConfigKeys (ConfUtils.java:logGet(43)) - raft.server.log.statemachine.data.sync.timeout.retry = -1 (default)
2019-09-23 12:15:14,436 [pool-87-thread-1] INFO  server.RaftServerConfigKeys (ConfUtils.java:logGet(43)) - raft.server.log.queue.byte-limit = 2147483647 (custom)
2019-09-23 12:15:14,436 [pool-67-thread-1] INFO  server.RaftServerConfigKeys (ConfUtils.java:logGet(43)) - raft.server.log.statemachine.data.caching.enabled = true (custom)
2019-09-23 12:15:14,436 [pool-27-thread-1] INFO  server.RaftServerConfigKeys (ConfUtils.java:logGet(43)) - raft.server.log.queue.element-limit = 1024 (custom)
2019-09-23 12:15:14,436 [pool-87-thread-1] INFO  server.RaftServerConfigKeys (ConfUtils.java:logGet(43)) - raft.server.log.queue.element-limit = 1024 (custom)
2019-09-23 12:15:14,437 [pool-67-thread-1] INFO  segmented.SegmentedRaftLogWorker (SegmentedRaftLogWorker.java:lambda$new$0(132)) - 620e03eb-5792-43a0-abc3-57f3598042a0@group-43D52F5C57FC-SegmentedRaftLogWorker: flushIndex: setUnconditionally 0 -> -1
2019-09-23 12:15:14,437 [pool-27-thread-1] INFO  server.RaftServerConfigKeys (ConfUtils.java:logGet(43)) - raft.server.log.segment.size.max = 1048576 (custom)
2019-09-23 12:15:14,437 [pool-87-thread-1] INFO  server.RaftServerConfigKeys (ConfUtils.java:logGet(43)) - raft.server.log.segment.size.max = 1048576 (custom)
2019-09-23 12:15:14,437 [pool-27-thread-1] INFO  server.RaftServerConfigKeys (ConfUtils.java:logGet(43)) - raft.server.log.preallocated.size = 16384 (custom)
2019-09-23 12:15:14,437 [pool-67-thread-1] INFO  server.RaftServerConfigKeys (ConfUtils.java:logGet(43)) - raft.server.snapshot.auto.trigger.enabled = true (custom)
2019-09-23 12:15:14,438 [pool-27-thread-1] INFO  server.RaftServerConfigKeys (ConfUtils.java:logGet(43)) - raft.server.log.write.buffer.size = 33554432 (custom)
2019-09-23 12:15:14,437 [pool-87-thread-1] INFO  server.RaftServerConfigKeys (ConfUtils.java:logGet(43)) - raft.server.log.preallocated.size = 16384 (custom)
2019-09-23 12:15:14,438 [pool-27-thread-1] INFO  server.RaftServerConfigKeys (ConfUtils.java:logGet(43)) - raft.server.log.force.sync.num = 128 (default)
2019-09-23 12:15:14,438 [pool-67-thread-1] INFO  server.RaftServerConfigKeys (ConfUtils.java:logGet(43)) - raft.server.snapshot.auto.trigger.threshold = 10000 (custom)
2019-09-23 12:15:14,438 [pool-27-thread-1] INFO  server.RaftServerConfigKeys (ConfUtils.java:logGet(43)) - raft.server.log.statemachine.data.sync = true (default)
2019-09-23 12:15:14,438 [pool-87-thread-1] INFO  server.RaftServerConfigKeys (ConfUtils.java:logGet(43)) - raft.server.log.write.buffer.size = 33554432 (custom)
2019-09-23 12:15:14,439 [pool-27-thread-1] INFO  server.RaftServerConfigKeys (ConfUtils.java:logGet(43)) - raft.server.log.statemachine.data.sync.timeout = 10s (default)
2019-09-23 12:15:14,438 [pool-67-thread-1] INFO  server.RaftServerConfigKeys (ConfUtils.java:logGet(43)) - raft.server.snapshot.retention.num.files = 5 (custom)
2019-09-23 12:15:14,439 [pool-27-thread-1] INFO  server.RaftServerConfigKeys (ConfUtils.java:logGet(43)) - raft.server.log.statemachine.data.sync.timeout.retry = -1 (default)
2019-09-23 12:15:14,439 [pool-87-thread-1] INFO  server.RaftServerConfigKeys (ConfUtils.java:logGet(43)) - raft.server.log.force.sync.num = 128 (default)
2019-09-23 12:15:14,439 [pool-27-thread-1] INFO  server.RaftServerConfigKeys (ConfUtils.java:logGet(43)) - raft.server.log.statemachine.data.caching.enabled = true (custom)
2019-09-23 12:15:14,439 [pool-67-thread-1] INFO  server.RaftServerConfigKeys (ConfUtils.java:logGet(43)) - raft.server.retrycache.expirytime = 600000ms (custom)
2019-09-23 12:15:14,440 [pool-87-thread-1] INFO  server.RaftServerConfigKeys (ConfUtils.java:logGet(43)) - raft.server.log.statemachine.data.sync = true (default)
2019-09-23 12:15:14,440 [pool-27-thread-1] INFO  segmented.SegmentedRaftLogWorker (SegmentedRaftLogWorker.java:lambda$new$0(132)) - 2c1c6a22-1f7e-4072-aba0-ada314196a09@group-43D52F5C57FC-SegmentedRaftLogWorker: flushIndex: setUnconditionally 0 -> -1
2019-09-23 12:15:14,440 [pool-87-thread-1] INFO  server.RaftServerConfigKeys (ConfUtils.java:logGet(43)) - raft.server.log.statemachine.data.sync.timeout = 10s (default)
2019-09-23 12:15:14,440 [pool-27-thread-1] INFO  server.RaftServerConfigKeys (ConfUtils.java:logGet(43)) - raft.server.snapshot.auto.trigger.enabled = true (custom)
2019-09-23 12:15:14,440 [pool-87-thread-1] INFO  server.RaftServerConfigKeys (ConfUtils.java:logGet(43)) - raft.server.log.statemachine.data.sync.timeout.retry = -1 (default)
2019-09-23 12:15:14,443 [pool-27-thread-1] INFO  server.RaftServerConfigKeys (ConfUtils.java:logGet(43)) - raft.server.snapshot.auto.trigger.threshold = 10000 (custom)
2019-09-23 12:15:14,443 [pool-87-thread-1] INFO  server.RaftServerConfigKeys (ConfUtils.java:logGet(43)) - raft.server.log.statemachine.data.caching.enabled = true (custom)
2019-09-23 12:15:14,443 [pool-27-thread-1] INFO  server.RaftServerConfigKeys (ConfUtils.java:logGet(43)) - raft.server.snapshot.retention.num.files = 5 (custom)
2019-09-23 12:15:14,443 [pool-87-thread-1] INFO  segmented.SegmentedRaftLogWorker (SegmentedRaftLogWorker.java:lambda$new$0(132)) - fd76b1b9-3975-4c1b-a674-541739890adb@group-43D52F5C57FC-SegmentedRaftLogWorker: flushIndex: setUnconditionally 0 -> -1
2019-09-23 12:15:14,444 [pool-27-thread-1] INFO  server.RaftServerConfigKeys (ConfUtils.java:logGet(43)) - raft.server.retrycache.expirytime = 600000ms (custom)
2019-09-23 12:15:14,444 [pool-87-thread-1] INFO  server.RaftServerConfigKeys (ConfUtils.java:logGet(43)) - raft.server.snapshot.auto.trigger.enabled = true (custom)
2019-09-23 12:15:14,444 [pool-87-thread-1] INFO  server.RaftServerConfigKeys (ConfUtils.java:logGet(43)) - raft.server.snapshot.auto.trigger.threshold = 10000 (custom)
2019-09-23 12:15:14,444 [pool-87-thread-1] INFO  server.RaftServerConfigKeys (ConfUtils.java:logGet(43)) - raft.server.snapshot.retention.num.files = 5 (custom)
2019-09-23 12:15:14,445 [pool-87-thread-1] INFO  server.RaftServerConfigKeys (ConfUtils.java:logGet(43)) - raft.server.retrycache.expirytime = 600000ms (custom)
2019-09-23 12:15:14,445 [pool-67-thread-1] INFO  impl.RaftServerImpl (RaftServerImpl.java:start(185)) - 620e03eb-5792-43a0-abc3-57f3598042a0@group-43D52F5C57FC: start as a follower, conf=-1: [fd76b1b9-3975-4c1b-a674-541739890adb:192.168.34.25:37018, 620e03eb-5792-43a0-abc3-57f3598042a0:192.168.34.25:41511, 2c1c6a22-1f7e-4072-aba0-ada314196a09:192.168.34.25:35632], old=null
2019-09-23 12:15:14,446 [pool-67-thread-1] INFO  impl.RaftServerImpl (RaftServerImpl.java:setRole(174)) - 620e03eb-5792-43a0-abc3-57f3598042a0@group-43D52F5C57FC: changes role from      null to FOLLOWER at term 0 for startAsFollower
2019-09-23 12:15:14,446 [pool-67-thread-1] INFO  impl.RoleInfo (RoleInfo.java:updateAndGet(143)) - 620e03eb-5792-43a0-abc3-57f3598042a0: start FollowerState
2019-09-23 12:15:14,446 [pool-67-thread-1] INFO  util.JmxRegister (JmxRegister.java:tryRegister(44)) - Successfully registered JMX Bean with object name Ratis:service=RaftServer,group=group-43D52F5C57FC,id=620e03eb-5792-43a0-abc3-57f3598042a0
2019-09-23 12:15:14,448 [pool-27-thread-1] INFO  impl.RaftServerImpl (RaftServerImpl.java:start(185)) - 2c1c6a22-1f7e-4072-aba0-ada314196a09@group-43D52F5C57FC: start as a follower, conf=-1: [fd76b1b9-3975-4c1b-a674-541739890adb:192.168.34.25:37018, 620e03eb-5792-43a0-abc3-57f3598042a0:192.168.34.25:41511, 2c1c6a22-1f7e-4072-aba0-ada314196a09:192.168.34.25:35632], old=null
2019-09-23 12:15:14,448 [pool-27-thread-1] INFO  impl.RaftServerImpl (RaftServerImpl.java:setRole(174)) - 2c1c6a22-1f7e-4072-aba0-ada314196a09@group-43D52F5C57FC: changes role from      null to FOLLOWER at term 0 for startAsFollower
2019-09-23 12:15:14,448 [pool-27-thread-1] INFO  impl.RoleInfo (RoleInfo.java:updateAndGet(143)) - 2c1c6a22-1f7e-4072-aba0-ada314196a09: start FollowerState
2019-09-23 12:15:14,449 [pool-27-thread-1] INFO  util.JmxRegister (JmxRegister.java:tryRegister(44)) - Successfully registered JMX Bean with object name Ratis:service=RaftServer,group=group-43D52F5C57FC,id=2c1c6a22-1f7e-4072-aba0-ada314196a09
2019-09-23 12:15:14,451 [pool-87-thread-1] INFO  impl.RaftServerImpl (RaftServerImpl.java:start(185)) - fd76b1b9-3975-4c1b-a674-541739890adb@group-43D52F5C57FC: start as a follower, conf=-1: [fd76b1b9-3975-4c1b-a674-541739890adb:192.168.34.25:37018, 620e03eb-5792-43a0-abc3-57f3598042a0:192.168.34.25:41511, 2c1c6a22-1f7e-4072-aba0-ada314196a09:192.168.34.25:35632], old=null
2019-09-23 12:15:14,451 [pool-87-thread-1] INFO  impl.RaftServerImpl (RaftServerImpl.java:setRole(174)) - fd76b1b9-3975-4c1b-a674-541739890adb@group-43D52F5C57FC: changes role from      null to FOLLOWER at term 0 for startAsFollower
2019-09-23 12:15:14,453 [pool-87-thread-1] INFO  impl.RoleInfo (RoleInfo.java:updateAndGet(143)) - fd76b1b9-3975-4c1b-a674-541739890adb: start FollowerState
2019-09-23 12:15:14,455 [pool-87-thread-1] INFO  util.JmxRegister (JmxRegister.java:tryRegister(44)) - Successfully registered JMX Bean with object name Ratis:service=RaftServer,group=group-43D52F5C57FC,id=fd76b1b9-3975-4c1b-a674-541739890adb
2019-09-23 12:15:14,474 [RatisPipelineUtilsThread] INFO  pipeline.PipelineStateManager (PipelineStateManager.java:addPipeline(56)) - Created pipeline Pipeline[ Id: b5e278f0-6099-4257-8263-43d52f5c57fc, Nodes: fd76b1b9-3975-4c1b-a674-541739890adb{ip: 192.168.34.25, host: pr-hdds-2067-85gxf-3223273056, networkLocation: /default-rack, certSerialId: null}2c1c6a22-1f7e-4072-aba0-ada314196a09{ip: 192.168.34.25, host: pr-hdds-2067-85gxf-3223273056, networkLocation: /default-rack, certSerialId: null}620e03eb-5792-43a0-abc3-57f3598042a0{ip: 192.168.34.25, host: pr-hdds-2067-85gxf-3223273056, networkLocation: /default-rack, certSerialId: null}, Type:RATIS, Factor:THREE, State:OPEN]
2019-09-23 12:15:14,534 [grpc-default-executor-1] INFO  impl.RaftServerProxy (RaftServerProxy.java:addNew(89)) - fb4a87eb-4fe4-437b-9043-b3384983251d: addNew group-DC78406225F1:[b4923e46-e34f-46ff-a37a-54ebe4f79e2f:192.168.34.25:34255, fb4a87eb-4fe4-437b-9043-b3384983251d:192.168.34.25:34345, 4ddde203-cad5-4bc5-8096-7cd0d56f8dde:192.168.34.25:40657] returns group-DC78406225F1:java.util.concurrent.CompletableFuture@6211a09e[Not completed]
2019-09-23 12:15:14,547 [grpc-default-executor-1] INFO  impl.RaftServerProxy (RaftServerProxy.java:addNew(89)) - 4ddde203-cad5-4bc5-8096-7cd0d56f8dde: addNew group-DC78406225F1:[b4923e46-e34f-46ff-a37a-54ebe4f79e2f:192.168.34.25:34255, fb4a87eb-4fe4-437b-9043-b3384983251d:192.168.34.25:34345, 4ddde203-cad5-4bc5-8096-7cd0d56f8dde:192.168.34.25:40657] returns group-DC78406225F1:java.util.concurrent.CompletableFuture@5259353c[Not completed]
2019-09-23 12:15:14,547 [grpc-default-executor-0] INFO  impl.RaftServerProxy (RaftServerProxy.java:addNew(89)) - b4923e46-e34f-46ff-a37a-54ebe4f79e2f: addNew group-DC78406225F1:[b4923e46-e34f-46ff-a37a-54ebe4f79e2f:192.168.34.25:34255, fb4a87eb-4fe4-437b-9043-b3384983251d:192.168.34.25:34345, 4ddde203-cad5-4bc5-8096-7cd0d56f8dde:192.168.34.25:40657] returns group-DC78406225F1:java.util.concurrent.CompletableFuture@6054b05a[Not completed]
2019-09-23 12:15:14,701 [pool-37-thread-1] INFO  impl.RaftServerImpl (RaftServerImpl.java:<init>(95)) - b4923e46-e34f-46ff-a37a-54ebe4f79e2f: new RaftServerImpl for group-DC78406225F1:[b4923e46-e34f-46ff-a37a-54ebe4f79e2f:192.168.34.25:34255, fb4a87eb-4fe4-437b-9043-b3384983251d:192.168.34.25:34345, 4ddde203-cad5-4bc5-8096-7cd0d56f8dde:192.168.34.25:40657] with ContainerStateMachine:uninitialized
2019-09-23 12:15:14,701 [pool-37-thread-1] INFO  server.RaftServerConfigKeys (ConfUtils.java:logGet(43)) - raft.server.rpc.timeout.min = 5s (custom)
2019-09-23 12:15:14,701 [pool-37-thread-1] INFO  server.RaftServerConfigKeys (ConfUtils.java:logGet(43)) - raft.server.rpc.timeout.max = 5200ms (custom)
2019-09-23 12:15:14,702 [pool-37-thread-1] INFO  server.RaftServerConfigKeys (ConfUtils.java:logGet(43)) - raft.server.rpcslowness.timeout = 120s (custom)
2019-09-23 12:15:14,702 [pool-37-thread-1] INFO  server.RaftServerConfigKeys (ConfUtils.java:logGet(43)) - raft.server.sleep.deviation.threshold = 300 (default)
2019-09-23 12:15:14,702 [pool-37-thread-1] INFO  server.RaftServerConfigKeys (ConfUtils.java:logGet(43)) - raft.server.log.appender.install.snapshot.enabled = false (custom)
2019-09-23 12:15:14,702 [pool-37-thread-1] INFO  impl.RaftServerImpl (ServerState.java:<init>(103)) - b4923e46-e34f-46ff-a37a-54ebe4f79e2f@group-DC78406225F1: ConfigurationManager, init=-1: [b4923e46-e34f-46ff-a37a-54ebe4f79e2f:192.168.34.25:34255, fb4a87eb-4fe4-437b-9043-b3384983251d:192.168.34.25:34345, 4ddde203-cad5-4bc5-8096-7cd0d56f8dde:192.168.34.25:40657], old=null, confs=<EMPTY_MAP>
2019-09-23 12:15:14,702 [pool-37-thread-1] INFO  server.RaftServerConfigKeys (ConfUtils.java:logGet(43)) - raft.server.storage.dir = [/workdir/hadoop-ozone/integration-test/target/test-dir/MiniOzoneClusterImpl-32207017-7822-4caf-b7bd-0faf8cfdfdb9/datanode-1/data/ratis] (custom)
2019-09-23 12:15:14,702 [pool-77-thread-1] INFO  impl.RaftServerImpl (RaftServerImpl.java:<init>(95)) - 4ddde203-cad5-4bc5-8096-7cd0d56f8dde: new RaftServerImpl for group-DC78406225F1:[b4923e46-e34f-46ff-a37a-54ebe4f79e2f:192.168.34.25:34255, fb4a87eb-4fe4-437b-9043-b3384983251d:192.168.34.25:34345, 4ddde203-cad5-4bc5-8096-7cd0d56f8dde:192.168.34.25:40657] with ContainerStateMachine:uninitialized
2019-09-23 12:15:14,702 [pool-37-thread-1] INFO  storage.RaftStorageDirectory (RaftStorageDirectory.java:analyzeStorage(246)) - The storage directory /workdir/hadoop-ozone/integration-test/target/test-dir/MiniOzoneClusterImpl-32207017-7822-4caf-b7bd-0faf8cfdfdb9/datanode-1/data/ratis/bfe2dc92-a1c6-438c-a221-dc78406225f1 does not exist. Creating ...
2019-09-23 12:15:14,703 [pool-77-thread-1] INFO  server.RaftServerConfigKeys (ConfUtils.java:logGet(43)) - raft.server.rpc.timeout.min = 5s (custom)
2019-09-23 12:15:14,703 [pool-77-thread-1] INFO  server.RaftServerConfigKeys (ConfUtils.java:logGet(43)) - raft.server.rpc.timeout.max = 5200ms (custom)
2019-09-23 12:15:14,703 [pool-77-thread-1] INFO  server.RaftServerConfigKeys (ConfUtils.java:logGet(43)) - raft.server.rpcslowness.timeout = 120s (custom)
2019-09-23 12:15:14,703 [pool-77-thread-1] INFO  server.RaftServerConfigKeys (ConfUtils.java:logGet(43)) - raft.server.sleep.deviation.threshold = 300 (default)
2019-09-23 12:15:14,703 [pool-77-thread-1] INFO  server.RaftServerConfigKeys (ConfUtils.java:logGet(43)) - raft.server.log.appender.install.snapshot.enabled = false (custom)
2019-09-23 12:15:14,704 [pool-77-thread-1] INFO  impl.RaftServerImpl (ServerState.java:<init>(103)) - 4ddde203-cad5-4bc5-8096-7cd0d56f8dde@group-DC78406225F1: ConfigurationManager, init=-1: [b4923e46-e34f-46ff-a37a-54ebe4f79e2f:192.168.34.25:34255, fb4a87eb-4fe4-437b-9043-b3384983251d:192.168.34.25:34345, 4ddde203-cad5-4bc5-8096-7cd0d56f8dde:192.168.34.25:40657], old=null, confs=<EMPTY_MAP>
2019-09-23 12:15:14,704 [pool-57-thread-1] INFO  impl.RaftServerImpl (RaftServerImpl.java:<init>(95)) - fb4a87eb-4fe4-437b-9043-b3384983251d: new RaftServerImpl for group-DC78406225F1:[b4923e46-e34f-46ff-a37a-54ebe4f79e2f:192.168.34.25:34255, fb4a87eb-4fe4-437b-9043-b3384983251d:192.168.34.25:34345, 4ddde203-cad5-4bc5-8096-7cd0d56f8dde:192.168.34.25:40657] with ContainerStateMachine:uninitialized
2019-09-23 12:15:14,704 [pool-77-thread-1] INFO  server.RaftServerConfigKeys (ConfUtils.java:logGet(43)) - raft.server.storage.dir = [/workdir/hadoop-ozone/integration-test/target/test-dir/MiniOzoneClusterImpl-32207017-7822-4caf-b7bd-0faf8cfdfdb9/datanode-5/data/ratis] (custom)
2019-09-23 12:15:14,704 [pool-57-thread-1] INFO  server.RaftServerConfigKeys (ConfUtils.java:logGet(43)) - raft.server.rpc.timeout.min = 5s (custom)
2019-09-23 12:15:14,704 [pool-57-thread-1] INFO  server.RaftServerConfigKeys (ConfUtils.java:logGet(43)) - raft.server.rpc.timeout.max = 5200ms (custom)
2019-09-23 12:15:14,704 [pool-77-thread-1] INFO  storage.RaftStorageDirectory (RaftStorageDirectory.java:analyzeStorage(246)) - The storage directory /workdir/hadoop-ozone/integration-test/target/test-dir/MiniOzoneClusterImpl-32207017-7822-4caf-b7bd-0faf8cfdfdb9/datanode-5/data/ratis/bfe2dc92-a1c6-438c-a221-dc78406225f1 does not exist. Creating ...
2019-09-23 12:15:14,704 [pool-57-thread-1] INFO  server.RaftServerConfigKeys (ConfUtils.java:logGet(43)) - raft.server.rpcslowness.timeout = 120s (custom)
2019-09-23 12:15:14,705 [pool-57-thread-1] INFO  server.RaftServerConfigKeys (ConfUtils.java:logGet(43)) - raft.server.sleep.deviation.threshold = 300 (default)
2019-09-23 12:15:14,705 [pool-57-thread-1] INFO  server.RaftServerConfigKeys (ConfUtils.java:logGet(43)) - raft.server.log.appender.install.snapshot.enabled = false (custom)
2019-09-23 12:15:14,705 [pool-57-thread-1] INFO  impl.RaftServerImpl (ServerState.java:<init>(103)) - fb4a87eb-4fe4-437b-9043-b3384983251d@group-DC78406225F1: ConfigurationManager, init=-1: [b4923e46-e34f-46ff-a37a-54ebe4f79e2f:192.168.34.25:34255, fb4a87eb-4fe4-437b-9043-b3384983251d:192.168.34.25:34345, 4ddde203-cad5-4bc5-8096-7cd0d56f8dde:192.168.34.25:40657], old=null, confs=<EMPTY_MAP>
2019-09-23 12:15:14,705 [pool-57-thread-1] INFO  server.RaftServerConfigKeys (ConfUtils.java:logGet(43)) - raft.server.storage.dir = [/workdir/hadoop-ozone/integration-test/target/test-dir/MiniOzoneClusterImpl-32207017-7822-4caf-b7bd-0faf8cfdfdb9/datanode-3/data/ratis] (custom)
2019-09-23 12:15:14,706 [pool-57-thread-1] INFO  storage.RaftStorageDirectory (RaftStorageDirectory.java:analyzeStorage(246)) - The storage directory /workdir/hadoop-ozone/integration-test/target/test-dir/MiniOzoneClusterImpl-32207017-7822-4caf-b7bd-0faf8cfdfdb9/datanode-3/data/ratis/bfe2dc92-a1c6-438c-a221-dc78406225f1 does not exist. Creating ...
2019-09-23 12:15:14,758 [pool-77-thread-1] INFO  storage.RaftStorageDirectory (RaftStorageDirectory.java:tryLock(328)) - Lock on /workdir/hadoop-ozone/integration-test/target/test-dir/MiniOzoneClusterImpl-32207017-7822-4caf-b7bd-0faf8cfdfdb9/datanode-5/data/ratis/bfe2dc92-a1c6-438c-a221-dc78406225f1/in_use.lock acquired by nodename 23499@pr-hdds-2067-85gxf-3223273056
2019-09-23 12:15:14,758 [pool-37-thread-1] INFO  storage.RaftStorageDirectory (RaftStorageDirectory.java:tryLock(328)) - Lock on /workdir/hadoop-ozone/integration-test/target/test-dir/MiniOzoneClusterImpl-32207017-7822-4caf-b7bd-0faf8cfdfdb9/datanode-1/data/ratis/bfe2dc92-a1c6-438c-a221-dc78406225f1/in_use.lock acquired by nodename 23499@pr-hdds-2067-85gxf-3223273056
2019-09-23 12:15:14,758 [pool-57-thread-1] INFO  storage.RaftStorageDirectory (RaftStorageDirectory.java:tryLock(328)) - Lock on /workdir/hadoop-ozone/integration-test/target/test-dir/MiniOzoneClusterImpl-32207017-7822-4caf-b7bd-0faf8cfdfdb9/datanode-3/data/ratis/bfe2dc92-a1c6-438c-a221-dc78406225f1/in_use.lock acquired by nodename 23499@pr-hdds-2067-85gxf-3223273056
2019-09-23 12:15:14,821 [pool-57-thread-1] INFO  storage.RaftStorage (RaftStorage.java:format(72)) - Storage directory /workdir/hadoop-ozone/integration-test/target/test-dir/MiniOzoneClusterImpl-32207017-7822-4caf-b7bd-0faf8cfdfdb9/datanode-3/data/ratis/bfe2dc92-a1c6-438c-a221-dc78406225f1 has been successfully formatted.
2019-09-23 12:15:14,821 [pool-37-thread-1] INFO  storage.RaftStorage (RaftStorage.java:format(72)) - Storage directory /workdir/hadoop-ozone/integration-test/target/test-dir/MiniOzoneClusterImpl-32207017-7822-4caf-b7bd-0faf8cfdfdb9/datanode-1/data/ratis/bfe2dc92-a1c6-438c-a221-dc78406225f1 has been successfully formatted.
2019-09-23 12:15:14,821 [pool-77-thread-1] INFO  storage.RaftStorage (RaftStorage.java:format(72)) - Storage directory /workdir/hadoop-ozone/integration-test/target/test-dir/MiniOzoneClusterImpl-32207017-7822-4caf-b7bd-0faf8cfdfdb9/datanode-5/data/ratis/bfe2dc92-a1c6-438c-a221-dc78406225f1 has been successfully formatted.
2019-09-23 12:15:14,821 [pool-57-thread-1] INFO  ratis.ContainerStateMachine (ContainerStateMachine.java:loadSnapshot(230)) - group-DC78406225F1: The snapshot info is null. Setting the last applied indexto:(t:0, i:~)
2019-09-23 12:15:14,822 [pool-77-thread-1] INFO  ratis.ContainerStateMachine (ContainerStateMachine.java:loadSnapshot(230)) - group-DC78406225F1: The snapshot info is null. Setting the last applied indexto:(t:0, i:~)
2019-09-23 12:15:14,821 [pool-37-thread-1] INFO  ratis.ContainerStateMachine (ContainerStateMachine.java:loadSnapshot(230)) - group-DC78406225F1: The snapshot info is null. Setting the last applied indexto:(t:0, i:~)
2019-09-23 12:15:14,822 [pool-77-thread-1] INFO  server.RaftServerConfigKeys (ConfUtils.java:logGet(43)) - raft.server.notification.no-leader.timeout = 120s (custom)
2019-09-23 12:15:14,822 [pool-57-thread-1] INFO  server.RaftServerConfigKeys (ConfUtils.java:logGet(43)) - raft.server.notification.no-leader.timeout = 120s (custom)
2019-09-23 12:15:14,822 [pool-77-thread-1] INFO  server.RaftServerConfigKeys (ConfUtils.java:logGet(43)) - raft.server.log.use.memory = false (default)
2019-09-23 12:15:14,822 [pool-37-thread-1] INFO  server.RaftServerConfigKeys (ConfUtils.java:logGet(43)) - raft.server.notification.no-leader.timeout = 120s (custom)
2019-09-23 12:15:14,822 [pool-77-thread-1] INFO  server.RaftServerConfigKeys (ConfUtils.java:logGet(43)) - raft.server.log.purge.gap = 1000000 (custom)
2019-09-23 12:15:14,822 [pool-57-thread-1] INFO  server.RaftServerConfigKeys (ConfUtils.java:logGet(43)) - raft.server.log.use.memory = false (default)
2019-09-23 12:15:14,823 [pool-77-thread-1] INFO  server.RaftServerConfigKeys (ConfUtils.java:logGet(43)) - raft.server.log.appender.buffer.byte-limit = 33554432 (custom)
2019-09-23 12:15:14,822 [pool-37-thread-1] INFO  server.RaftServerConfigKeys (ConfUtils.java:logGet(43)) - raft.server.log.use.memory = false (default)
2019-09-23 12:15:14,823 [pool-77-thread-1] INFO  server.RaftServerConfigKeys (ConfUtils.java:logGet(43)) - raft.server.log.segment.size.max = 1048576 (custom)
2019-09-23 12:15:14,823 [pool-57-thread-1] INFO  server.RaftServerConfigKeys (ConfUtils.java:logGet(43)) - raft.server.log.purge.gap = 1000000 (custom)
2019-09-23 12:15:14,823 [pool-77-thread-1] INFO  server.RaftServerConfigKeys (ConfUtils.java:logGet(43)) - raft.server.log.segment.cache.num.max = 2 (custom)
2019-09-23 12:15:14,823 [pool-37-thread-1] INFO  server.RaftServerConfigKeys (ConfUtils.java:logGet(43)) - raft.server.log.purge.gap = 1000000 (custom)
2019-09-23 12:15:14,824 [pool-77-thread-1] INFO  segmented.SegmentedRaftLogWorker (SegmentedRaftLogWorker.java:<init>(172)) - new 4ddde203-cad5-4bc5-8096-7cd0d56f8dde@group-DC78406225F1-SegmentedRaftLogWorker for RaftStorage:Storage Directory /workdir/hadoop-ozone/integration-test/target/test-dir/MiniOzoneClusterImpl-32207017-7822-4caf-b7bd-0faf8cfdfdb9/datanode-5/data/ratis/bfe2dc92-a1c6-438c-a221-dc78406225f1
2019-09-23 12:15:14,823 [pool-57-thread-1] INFO  server.RaftServerConfigKeys (ConfUtils.java:logGet(43)) - raft.server.log.appender.buffer.byte-limit = 33554432 (custom)
2019-09-23 12:15:14,824 [pool-77-thread-1] INFO  server.RaftServerConfigKeys (ConfUtils.java:logGet(43)) - raft.server.log.queue.byte-limit = 2147483647 (custom)
2019-09-23 12:15:14,824 [pool-37-thread-1] INFO  server.RaftServerConfigKeys (ConfUtils.java:logGet(43)) - raft.server.log.appender.buffer.byte-limit = 33554432 (custom)
2019-09-23 12:15:14,824 [pool-77-thread-1] INFO  server.RaftServerConfigKeys (ConfUtils.java:logGet(43)) - raft.server.log.queue.element-limit = 1024 (custom)
2019-09-23 12:15:14,824 [pool-57-thread-1] INFO  server.RaftServerConfigKeys (ConfUtils.java:logGet(43)) - raft.server.log.segment.size.max = 1048576 (custom)
2019-09-23 12:15:14,825 [pool-77-thread-1] INFO  server.RaftServerConfigKeys (ConfUtils.java:logGet(43)) - raft.server.log.segment.size.max = 1048576 (custom)
2019-09-23 12:15:14,824 [pool-37-thread-1] INFO  server.RaftServerConfigKeys (ConfUtils.java:logGet(43)) - raft.server.log.segment.size.max = 1048576 (custom)
2019-09-23 12:15:14,825 [pool-77-thread-1] INFO  server.RaftServerConfigKeys (ConfUtils.java:logGet(43)) - raft.server.log.preallocated.size = 16384 (custom)
2019-09-23 12:15:14,825 [pool-57-thread-1] INFO  server.RaftServerConfigKeys (ConfUtils.java:logGet(43)) - raft.server.log.segment.cache.num.max = 2 (custom)
2019-09-23 12:15:14,825 [pool-77-thread-1] INFO  server.RaftServerConfigKeys (ConfUtils.java:logGet(43)) - raft.server.log.write.buffer.size = 33554432 (custom)
2019-09-23 12:15:14,825 [pool-77-thread-1] INFO  server.RaftServerConfigKeys (ConfUtils.java:logGet(43)) - raft.server.log.force.sync.num = 128 (default)
2019-09-23 12:15:14,825 [pool-37-thread-1] INFO  server.RaftServerConfigKeys (ConfUtils.java:logGet(43)) - raft.server.log.segment.cache.num.max = 2 (custom)
2019-09-23 12:15:14,826 [pool-77-thread-1] INFO  server.RaftServerConfigKeys (ConfUtils.java:logGet(43)) - raft.server.log.statemachine.data.sync = true (default)
2019-09-23 12:15:14,825 [pool-57-thread-1] INFO  segmented.SegmentedRaftLogWorker (SegmentedRaftLogWorker.java:<init>(172)) - new fb4a87eb-4fe4-437b-9043-b3384983251d@group-DC78406225F1-SegmentedRaftLogWorker for RaftStorage:Storage Directory /workdir/hadoop-ozone/integration-test/target/test-dir/MiniOzoneClusterImpl-32207017-7822-4caf-b7bd-0faf8cfdfdb9/datanode-3/data/ratis/bfe2dc92-a1c6-438c-a221-dc78406225f1
2019-09-23 12:15:14,826 [pool-77-thread-1] INFO  server.RaftServerConfigKeys (ConfUtils.java:logGet(43)) - raft.server.log.statemachine.data.sync.timeout = 10s (default)
2019-09-23 12:15:14,826 [pool-77-thread-1] INFO  server.RaftServerConfigKeys (ConfUtils.java:logGet(43)) - raft.server.log.statemachine.data.sync.timeout.retry = -1 (default)
2019-09-23 12:15:14,826 [pool-37-thread-1] INFO  segmented.SegmentedRaftLogWorker (SegmentedRaftLogWorker.java:<init>(172)) - new b4923e46-e34f-46ff-a37a-54ebe4f79e2f@group-DC78406225F1-SegmentedRaftLogWorker for RaftStorage:Storage Directory /workdir/hadoop-ozone/integration-test/target/test-dir/MiniOzoneClusterImpl-32207017-7822-4caf-b7bd-0faf8cfdfdb9/datanode-1/data/ratis/bfe2dc92-a1c6-438c-a221-dc78406225f1
2019-09-23 12:15:14,827 [pool-77-thread-1] INFO  server.RaftServerConfigKeys (ConfUtils.java:logGet(43)) - raft.server.log.statemachine.data.caching.enabled = true (custom)
2019-09-23 12:15:14,826 [pool-57-thread-1] INFO  server.RaftServerConfigKeys (ConfUtils.java:logGet(43)) - raft.server.log.queue.byte-limit = 2147483647 (custom)
2019-09-23 12:15:14,827 [pool-37-thread-1] INFO  server.RaftServerConfigKeys (ConfUtils.java:logGet(43)) - raft.server.log.queue.byte-limit = 2147483647 (custom)
2019-09-23 12:15:14,827 [pool-77-thread-1] INFO  segmented.SegmentedRaftLogWorker (SegmentedRaftLogWorker.java:lambda$new$0(132)) - 4ddde203-cad5-4bc5-8096-7cd0d56f8dde@group-DC78406225F1-SegmentedRaftLogWorker: flushIndex: setUnconditionally 0 -> -1
2019-09-23 12:15:14,827 [pool-57-thread-1] INFO  server.RaftServerConfigKeys (ConfUtils.java:logGet(43)) - raft.server.log.queue.element-limit = 1024 (custom)
2019-09-23 12:15:14,827 [pool-37-thread-1] INFO  server.RaftServerConfigKeys (ConfUtils.java:logGet(43)) - raft.server.log.queue.element-limit = 1024 (custom)
2019-09-23 12:15:14,828 [pool-57-thread-1] INFO  server.RaftServerConfigKeys (ConfUtils.java:logGet(43)) - raft.server.log.segment.size.max = 1048576 (custom)
2019-09-23 12:15:14,828 [pool-77-thread-1] INFO  server.RaftServerConfigKeys (ConfUtils.java:logGet(43)) - raft.server.snapshot.auto.trigger.enabled = true (custom)
2019-09-23 12:15:14,828 [pool-57-thread-1] INFO  server.RaftServerConfigKeys (ConfUtils.java:logGet(43)) - raft.server.log.preallocated.size = 16384 (custom)
2019-09-23 12:15:14,828 [pool-37-thread-1] INFO  server.RaftServerConfigKeys (ConfUtils.java:logGet(43)) - raft.server.log.segment.size.max = 1048576 (custom)
2019-09-23 12:15:14,828 [pool-57-thread-1] INFO  server.RaftServerConfigKeys (ConfUtils.java:logGet(43)) - raft.server.log.write.buffer.size = 33554432 (custom)
2019-09-23 12:15:14,828 [pool-77-thread-1] INFO  server.RaftServerConfigKeys (ConfUtils.java:logGet(43)) - raft.server.snapshot.auto.trigger.threshold = 10000 (custom)
2019-09-23 12:15:14,829 [pool-57-thread-1] INFO  server.RaftServerConfigKeys (ConfUtils.java:logGet(43)) - raft.server.log.force.sync.num = 128 (default)
2019-09-23 12:15:14,829 [pool-37-thread-1] INFO  server.RaftServerConfigKeys (ConfUtils.java:logGet(43)) - raft.server.log.preallocated.size = 16384 (custom)
2019-09-23 12:15:14,829 [pool-57-thread-1] INFO  server.RaftServerConfigKeys (ConfUtils.java:logGet(43)) - raft.server.log.statemachine.data.sync = true (default)
2019-09-23 12:15:14,829 [pool-77-thread-1] INFO  server.RaftServerConfigKeys (ConfUtils.java:logGet(43)) - raft.server.snapshot.retention.num.files = 5 (custom)
2019-09-23 12:15:14,829 [pool-57-thread-1] INFO  server.RaftServerConfigKeys (ConfUtils.java:logGet(43)) - raft.server.log.statemachine.data.sync.timeout = 10s (default)
2019-09-23 12:15:14,829 [pool-37-thread-1] INFO  server.RaftServerConfigKeys (ConfUtils.java:logGet(43)) - raft.server.log.write.buffer.size = 33554432 (custom)
2019-09-23 12:15:14,830 [pool-57-thread-1] INFO  server.RaftServerConfigKeys (ConfUtils.java:logGet(43)) - raft.server.log.statemachine.data.sync.timeout.retry = -1 (default)
2019-09-23 12:15:14,830 [pool-77-thread-1] INFO  server.RaftServerConfigKeys (ConfUtils.java:logGet(43)) - raft.server.retrycache.expirytime = 600000ms (custom)
2019-09-23 12:15:14,830 [pool-57-thread-1] INFO  server.RaftServerConfigKeys (ConfUtils.java:logGet(43)) - raft.server.log.statemachine.data.caching.enabled = true (custom)
2019-09-23 12:15:14,830 [pool-37-thread-1] INFO  server.RaftServerConfigKeys (ConfUtils.java:logGet(43)) - raft.server.log.force.sync.num = 128 (default)
2019-09-23 12:15:14,830 [pool-37-thread-1] INFO  server.RaftServerConfigKeys (ConfUtils.java:logGet(43)) - raft.server.log.statemachine.data.sync = true (default)
2019-09-23 12:15:14,830 [pool-57-thread-1] INFO  segmented.SegmentedRaftLogWorker (SegmentedRaftLogWorker.java:lambda$new$0(132)) - fb4a87eb-4fe4-437b-9043-b3384983251d@group-DC78406225F1-SegmentedRaftLogWorker: flushIndex: setUnconditionally 0 -> -1
2019-09-23 12:15:14,831 [pool-37-thread-1] INFO  server.RaftServerConfigKeys (ConfUtils.java:logGet(43)) - raft.server.log.statemachine.data.sync.timeout = 10s (default)
2019-09-23 12:15:14,831 [pool-37-thread-1] INFO  server.RaftServerConfigKeys (ConfUtils.java:logGet(43)) - raft.server.log.statemachine.data.sync.timeout.retry = -1 (default)
2019-09-23 12:15:14,831 [pool-57-thread-1] INFO  server.RaftServerConfigKeys (ConfUtils.java:logGet(43)) - raft.server.snapshot.auto.trigger.enabled = true (custom)
2019-09-23 12:15:14,831 [pool-37-thread-1] INFO  server.RaftServerConfigKeys (ConfUtils.java:logGet(43)) - raft.server.log.statemachine.data.caching.enabled = true (custom)
2019-09-23 12:15:14,831 [pool-57-thread-1] INFO  server.RaftServerConfigKeys (ConfUtils.java:logGet(43)) - raft.server.snapshot.auto.trigger.threshold = 10000 (custom)
2019-09-23 12:15:14,831 [pool-57-thread-1] INFO  server.RaftServerConfigKeys (ConfUtils.java:logGet(43)) - raft.server.snapshot.retention.num.files = 5 (custom)
2019-09-23 12:15:14,831 [pool-37-thread-1] INFO  segmented.SegmentedRaftLogWorker (SegmentedRaftLogWorker.java:lambda$new$0(132)) - b4923e46-e34f-46ff-a37a-54ebe4f79e2f@group-DC78406225F1-SegmentedRaftLogWorker: flushIndex: setUnconditionally 0 -> -1
2019-09-23 12:15:14,832 [pool-57-thread-1] INFO  server.RaftServerConfigKeys (ConfUtils.java:logGet(43)) - raft.server.retrycache.expirytime = 600000ms (custom)
2019-09-23 12:15:14,832 [pool-37-thread-1] INFO  server.RaftServerConfigKeys (ConfUtils.java:logGet(43)) - raft.server.snapshot.auto.trigger.enabled = true (custom)
2019-09-23 12:15:14,832 [pool-37-thread-1] INFO  server.RaftServerConfigKeys (ConfUtils.java:logGet(43)) - raft.server.snapshot.auto.trigger.threshold = 10000 (custom)
2019-09-23 12:15:14,832 [pool-37-thread-1] INFO  server.RaftServerConfigKeys (ConfUtils.java:logGet(43)) - raft.server.snapshot.retention.num.files = 5 (custom)
2019-09-23 12:15:14,832 [pool-37-thread-1] INFO  server.RaftServerConfigKeys (ConfUtils.java:logGet(43)) - raft.server.retrycache.expirytime = 600000ms (custom)
2019-09-23 12:15:14,835 [pool-77-thread-1] INFO  impl.RaftServerImpl (RaftServerImpl.java:start(185)) - 4ddde203-cad5-4bc5-8096-7cd0d56f8dde@group-DC78406225F1: start as a follower, conf=-1: [b4923e46-e34f-46ff-a37a-54ebe4f79e2f:192.168.34.25:34255, fb4a87eb-4fe4-437b-9043-b3384983251d:192.168.34.25:34345, 4ddde203-cad5-4bc5-8096-7cd0d56f8dde:192.168.34.25:40657], old=null
2019-09-23 12:15:14,835 [pool-77-thread-1] INFO  impl.RaftServerImpl (RaftServerImpl.java:setRole(174)) - 4ddde203-cad5-4bc5-8096-7cd0d56f8dde@group-DC78406225F1: changes role from      null to FOLLOWER at term 0 for startAsFollower
2019-09-23 12:15:14,835 [pool-77-thread-1] INFO  impl.RoleInfo (RoleInfo.java:updateAndGet(143)) - 4ddde203-cad5-4bc5-8096-7cd0d56f8dde: start FollowerState
2019-09-23 12:15:14,836 [pool-77-thread-1] INFO  util.JmxRegister (JmxRegister.java:tryRegister(44)) - Successfully registered JMX Bean with object name Ratis:service=RaftServer,group=group-DC78406225F1,id=4ddde203-cad5-4bc5-8096-7cd0d56f8dde
2019-09-23 12:15:14,836 [pool-57-thread-1] INFO  impl.RaftServerImpl (RaftServerImpl.java:start(185)) - fb4a87eb-4fe4-437b-9043-b3384983251d@group-DC78406225F1: start as a follower, conf=-1: [b4923e46-e34f-46ff-a37a-54ebe4f79e2f:192.168.34.25:34255, fb4a87eb-4fe4-437b-9043-b3384983251d:192.168.34.25:34345, 4ddde203-cad5-4bc5-8096-7cd0d56f8dde:192.168.34.25:40657], old=null
2019-09-23 12:15:14,836 [pool-37-thread-1] INFO  impl.RaftServerImpl (RaftServerImpl.java:start(185)) - b4923e46-e34f-46ff-a37a-54ebe4f79e2f@group-DC78406225F1: start as a follower, conf=-1: [b4923e46-e34f-46ff-a37a-54ebe4f79e2f:192.168.34.25:34255, fb4a87eb-4fe4-437b-9043-b3384983251d:192.168.34.25:34345, 4ddde203-cad5-4bc5-8096-7cd0d56f8dde:192.168.34.25:40657], old=null
2019-09-23 12:15:14,836 [pool-57-thread-1] INFO  impl.RaftServerImpl (RaftServerImpl.java:setRole(174)) - fb4a87eb-4fe4-437b-9043-b3384983251d@group-DC78406225F1: changes role from      null to FOLLOWER at term 0 for startAsFollower
2019-09-23 12:15:14,837 [pool-37-thread-1] INFO  impl.RaftServerImpl (RaftServerImpl.java:setRole(174)) - b4923e46-e34f-46ff-a37a-54ebe4f79e2f@group-DC78406225F1: changes role from      null to FOLLOWER at term 0 for startAsFollower
2019-09-23 12:15:14,837 [pool-57-thread-1] INFO  impl.RoleInfo (RoleInfo.java:updateAndGet(143)) - fb4a87eb-4fe4-437b-9043-b3384983251d: start FollowerState
2019-09-23 12:15:14,837 [pool-37-thread-1] INFO  impl.RoleInfo (RoleInfo.java:updateAndGet(143)) - b4923e46-e34f-46ff-a37a-54ebe4f79e2f: start FollowerState
2019-09-23 12:15:14,837 [pool-57-thread-1] INFO  util.JmxRegister (JmxRegister.java:tryRegister(44)) - Successfully registered JMX Bean with object name Ratis:service=RaftServer,group=group-DC78406225F1,id=fb4a87eb-4fe4-437b-9043-b3384983251d
2019-09-23 12:15:14,837 [pool-37-thread-1] INFO  util.JmxRegister (JmxRegister.java:tryRegister(44)) - Successfully registered JMX Bean with object name Ratis:service=RaftServer,group=group-DC78406225F1,id=b4923e46-e34f-46ff-a37a-54ebe4f79e2f
2019-09-23 12:15:14,858 [RatisPipelineUtilsThread] INFO  pipeline.PipelineStateManager (PipelineStateManager.java:addPipeline(56)) - Created pipeline Pipeline[ Id: bfe2dc92-a1c6-438c-a221-dc78406225f1, Nodes: 4ddde203-cad5-4bc5-8096-7cd0d56f8dde{ip: 192.168.34.25, host: pr-hdds-2067-85gxf-3223273056, networkLocation: /default-rack, certSerialId: null}fb4a87eb-4fe4-437b-9043-b3384983251d{ip: 192.168.34.25, host: pr-hdds-2067-85gxf-3223273056, networkLocation: /default-rack, certSerialId: null}b4923e46-e34f-46ff-a37a-54ebe4f79e2f{ip: 192.168.34.25, host: pr-hdds-2067-85gxf-3223273056, networkLocation: /default-rack, certSerialId: null}, Type:RATIS, Factor:THREE, State:OPEN]
2019-09-23 12:15:15,261 [Thread-238] INFO  container.ReplicationManager (ReplicationManager.java:start(162)) - Starting Replication Monitor Thread.
2019-09-23 12:15:15,298 [ReplicationMonitor] INFO  container.ReplicationManager (ReplicationManager.java:run(225)) - Replication Monitor Thread took 35 milliseconds for processing 1 containers.
2019-09-23 12:15:15,306 [main] INFO  impl.MetricsSystemImpl (MetricsSystemImpl.java:init(158)) - XceiverClientMetrics metrics system started (again)
2019-09-23 12:15:18,105 [Thread-240] INFO  impl.FollowerState (FollowerState.java:run(106)) - 2c1c6a22-1f7e-4072-aba0-ada314196a09:group-951E889C5B6F changes to CANDIDATE, lastRpcTime:5160, electionTimeout:5159ms
2019-09-23 12:15:18,108 [Thread-240] INFO  impl.RoleInfo (RoleInfo.java:shutdownFollowerState(121)) - 2c1c6a22-1f7e-4072-aba0-ada314196a09: shutdown FollowerState
2019-09-23 12:15:18,108 [Thread-240] INFO  impl.RaftServerImpl (RaftServerImpl.java:setRole(174)) - 2c1c6a22-1f7e-4072-aba0-ada314196a09@group-951E889C5B6F: changes role from  FOLLOWER to CANDIDATE at term 0 for changeToCandidate
2019-09-23 12:15:18,116 [Thread-240] INFO  impl.RoleInfo (RoleInfo.java:updateAndGet(143)) - 2c1c6a22-1f7e-4072-aba0-ada314196a09: start LeaderElection
2019-09-23 12:15:18,173 [2c1c6a22-1f7e-4072-aba0-ada314196a09@group-951E889C5B6F:LeaderElection1] INFO  impl.LeaderElection (LeaderElection.java:askForVotes(182)) - 2c1c6a22-1f7e-4072-aba0-ada314196a09@group-951E889C5B6F:LeaderElection1: begin an election at term 1 for -1: [2c1c6a22-1f7e-4072-aba0-ada314196a09:192.168.34.25:35632], old=null
2019-09-23 12:15:18,175 [2c1c6a22-1f7e-4072-aba0-ada314196a09@group-951E889C5B6F:LeaderElection1] INFO  impl.RoleInfo (RoleInfo.java:shutdownLeaderElection(134)) - 2c1c6a22-1f7e-4072-aba0-ada314196a09: shutdown LeaderElection
2019-09-23 12:15:18,176 [2c1c6a22-1f7e-4072-aba0-ada314196a09@group-951E889C5B6F:LeaderElection1] INFO  impl.RaftServerImpl (RaftServerImpl.java:setRole(174)) - 2c1c6a22-1f7e-4072-aba0-ada314196a09@group-951E889C5B6F: changes role from CANDIDATE to LEADER at term 1 for changeToLeader
2019-09-23 12:15:18,176 [2c1c6a22-1f7e-4072-aba0-ada314196a09@group-951E889C5B6F:LeaderElection1] INFO  impl.RaftServerImpl (ServerState.java:setLeader(253)) - 2c1c6a22-1f7e-4072-aba0-ada314196a09@group-951E889C5B6F: change Leader from null to 2c1c6a22-1f7e-4072-aba0-ada314196a09 at term 1 for becomeLeader, leader elected after 5341ms
2019-09-23 12:15:18,186 [2c1c6a22-1f7e-4072-aba0-ada314196a09@group-951E889C5B6F:LeaderElection1] INFO  server.RaftServerConfigKeys (ConfUtils.java:logGet(43)) - raft.server.staging.catchup.gap = 1000 (default)
2019-09-23 12:15:18,186 [2c1c6a22-1f7e-4072-aba0-ada314196a09@group-951E889C5B6F:LeaderElection1] INFO  server.RaftServerConfigKeys (ConfUtils.java:logGet(43)) - raft.server.rpc.sleep.time = 25ms (default)
2019-09-23 12:15:18,190 [2c1c6a22-1f7e-4072-aba0-ada314196a09@group-951E889C5B6F:LeaderElection1] INFO  server.RaftServerConfigKeys (ConfUtils.java:logGet(43)) - raft.server.write.element-limit = 4096 (default)
2019-09-23 12:15:18,193 [2c1c6a22-1f7e-4072-aba0-ada314196a09@group-951E889C5B6F:LeaderElection1] INFO  server.RaftServerConfigKeys (ConfUtils.java:logGet(43)) - raft.server.watch.timeout = 10s (default)
2019-09-23 12:15:18,193 [2c1c6a22-1f7e-4072-aba0-ada314196a09@group-951E889C5B6F:LeaderElection1] INFO  server.RaftServerConfigKeys (ConfUtils.java:logGet(43)) - raft.server.watch.timeout.denomination = 1s (default)
2019-09-23 12:15:18,195 [2c1c6a22-1f7e-4072-aba0-ada314196a09@group-951E889C5B6F:LeaderElection1] INFO  server.RaftServerConfigKeys (ConfUtils.java:logGet(43)) - raft.server.watch.element-limit = 65536 (default)
2019-09-23 12:15:18,208 [2c1c6a22-1f7e-4072-aba0-ada314196a09@group-951E889C5B6F:LeaderElection1] INFO  impl.RoleInfo (RoleInfo.java:updateAndGet(143)) - 2c1c6a22-1f7e-4072-aba0-ada314196a09: start LeaderState
2019-09-23 12:15:18,235 [2c1c6a22-1f7e-4072-aba0-ada314196a09@group-951E889C5B6F:LeaderElection1] INFO  segmented.SegmentedRaftLogWorker (SegmentedRaftLogWorker.java:startLogSegment(380)) - 2c1c6a22-1f7e-4072-aba0-ada314196a09@group-951E889C5B6F-SegmentedRaftLogWorker: Starting segment from index:0
2019-09-23 12:15:18,244 [2c1c6a22-1f7e-4072-aba0-ada314196a09@group-951E889C5B6F:LeaderElection1] INFO  impl.RaftServerImpl (ServerState.java:setRaftConf(354)) - 2c1c6a22-1f7e-4072-aba0-ada314196a09@group-951E889C5B6F: set configuration 0: [2c1c6a22-1f7e-4072-aba0-ada314196a09:192.168.34.25:35632], old=null at 0
2019-09-23 12:15:18,360 [Thread-243] INFO  impl.FollowerState (FollowerState.java:run(106)) - fd76b1b9-3975-4c1b-a674-541739890adb:group-60C685553D31 changes to CANDIDATE, lastRpcTime:5086, electionTimeout:5084ms
2019-09-23 12:15:18,363 [Thread-243] INFO  impl.RoleInfo (RoleInfo.java:shutdownFollowerState(121)) - fd76b1b9-3975-4c1b-a674-541739890adb: shutdown FollowerState
2019-09-23 12:15:18,363 [Thread-243] INFO  impl.RaftServerImpl (RaftServerImpl.java:setRole(174)) - fd76b1b9-3975-4c1b-a674-541739890adb@group-60C685553D31: changes role from  FOLLOWER to CANDIDATE at term 0 for changeToCandidate
2019-09-23 12:15:18,363 [Thread-243] INFO  impl.RoleInfo (RoleInfo.java:updateAndGet(143)) - fd76b1b9-3975-4c1b-a674-541739890adb: start LeaderElection
2019-09-23 12:15:18,408 [fd76b1b9-3975-4c1b-a674-541739890adb@group-60C685553D31:LeaderElection2] INFO  impl.LeaderElection (LeaderElection.java:askForVotes(182)) - fd76b1b9-3975-4c1b-a674-541739890adb@group-60C685553D31:LeaderElection2: begin an election at term 1 for -1: [fd76b1b9-3975-4c1b-a674-541739890adb:192.168.34.25:37018], old=null
2019-09-23 12:15:18,431 [fd76b1b9-3975-4c1b-a674-541739890adb@group-60C685553D31:LeaderElection2] INFO  impl.RoleInfo (RoleInfo.java:shutdownLeaderElection(134)) - fd76b1b9-3975-4c1b-a674-541739890adb: shutdown LeaderElection
2019-09-23 12:15:18,432 [fd76b1b9-3975-4c1b-a674-541739890adb@group-60C685553D31:LeaderElection2] INFO  impl.RaftServerImpl (RaftServerImpl.java:setRole(174)) - fd76b1b9-3975-4c1b-a674-541739890adb@group-60C685553D31: changes role from CANDIDATE to LEADER at term 1 for changeToLeader
2019-09-23 12:15:18,432 [fd76b1b9-3975-4c1b-a674-541739890adb@group-60C685553D31:LeaderElection2] INFO  impl.RaftServerImpl (ServerState.java:setLeader(253)) - fd76b1b9-3975-4c1b-a674-541739890adb@group-60C685553D31: change Leader from null to fd76b1b9-3975-4c1b-a674-541739890adb at term 1 for becomeLeader, leader elected after 5178ms
2019-09-23 12:15:18,434 [fd76b1b9-3975-4c1b-a674-541739890adb@group-60C685553D31:LeaderElection2] INFO  server.RaftServerConfigKeys (ConfUtils.java:logGet(43)) - raft.server.staging.catchup.gap = 1000 (default)
2019-09-23 12:15:18,434 [fd76b1b9-3975-4c1b-a674-541739890adb@group-60C685553D31:LeaderElection2] INFO  server.RaftServerConfigKeys (ConfUtils.java:logGet(43)) - raft.server.rpc.sleep.time = 25ms (default)
2019-09-23 12:15:18,434 [fd76b1b9-3975-4c1b-a674-541739890adb@group-60C685553D31:LeaderElection2] INFO  server.RaftServerConfigKeys (ConfUtils.java:logGet(43)) - raft.server.write.element-limit = 4096 (default)
2019-09-23 12:15:18,434 [fd76b1b9-3975-4c1b-a674-541739890adb@group-60C685553D31:LeaderElection2] INFO  server.RaftServerConfigKeys (ConfUtils.java:logGet(43)) - raft.server.watch.timeout = 10s (default)
2019-09-23 12:15:18,435 [fd76b1b9-3975-4c1b-a674-541739890adb@group-60C685553D31:LeaderElection2] INFO  server.RaftServerConfigKeys (ConfUtils.java:logGet(43)) - raft.server.watch.timeout.denomination = 1s (default)
2019-09-23 12:15:18,435 [fd76b1b9-3975-4c1b-a674-541739890adb@group-60C685553D31:LeaderElection2] INFO  server.RaftServerConfigKeys (ConfUtils.java:logGet(43)) - raft.server.watch.element-limit = 65536 (default)
2019-09-23 12:15:18,438 [fd76b1b9-3975-4c1b-a674-541739890adb@group-60C685553D31:LeaderElection2] INFO  impl.RoleInfo (RoleInfo.java:updateAndGet(143)) - fd76b1b9-3975-4c1b-a674-541739890adb: start LeaderState
2019-09-23 12:15:18,438 [fd76b1b9-3975-4c1b-a674-541739890adb@group-60C685553D31:LeaderElection2] INFO  segmented.SegmentedRaftLogWorker (SegmentedRaftLogWorker.java:startLogSegment(380)) - fd76b1b9-3975-4c1b-a674-541739890adb@group-60C685553D31-SegmentedRaftLogWorker: Starting segment from index:0
2019-09-23 12:15:18,439 [fd76b1b9-3975-4c1b-a674-541739890adb@group-60C685553D31:LeaderElection2] INFO  impl.RaftServerImpl (ServerState.java:setRaftConf(354)) - fd76b1b9-3975-4c1b-a674-541739890adb@group-60C685553D31: set configuration 0: [fd76b1b9-3975-4c1b-a674-541739890adb:192.168.34.25:37018], old=null at 0
2019-09-23 12:15:18,479 [2c1c6a22-1f7e-4072-aba0-ada314196a09@group-951E889C5B6F-SegmentedRaftLogWorker] INFO  segmented.SegmentedRaftLogWorker (SegmentedRaftLogWorker.java:execute(569)) - 2c1c6a22-1f7e-4072-aba0-ada314196a09@group-951E889C5B6F-SegmentedRaftLogWorker: created new log segment /workdir/hadoop-ozone/integration-test/target/test-dir/MiniOzoneClusterImpl-32207017-7822-4caf-b7bd-0faf8cfdfdb9/datanode-0/data/ratis/c4319400-e6e9-43f2-8429-951e889c5b6f/current/log_inprogress_0
2019-09-23 12:15:18,489 [fd76b1b9-3975-4c1b-a674-541739890adb@group-60C685553D31-SegmentedRaftLogWorker] INFO  segmented.SegmentedRaftLogWorker (SegmentedRaftLogWorker.java:execute(569)) - fd76b1b9-3975-4c1b-a674-541739890adb@group-60C685553D31-SegmentedRaftLogWorker: created new log segment /workdir/hadoop-ozone/integration-test/target/test-dir/MiniOzoneClusterImpl-32207017-7822-4caf-b7bd-0faf8cfdfdb9/datanode-6/data/ratis/48512433-19e4-463d-8d9b-60c685553d31/current/log_inprogress_0
2019-09-23 12:15:18,579 [Thread-246] INFO  impl.FollowerState (FollowerState.java:run(106)) - 620e03eb-5792-43a0-abc3-57f3598042a0:group-6FB6C8B34E80 changes to CANDIDATE, lastRpcTime:5047, electionTimeout:5047ms
2019-09-23 12:15:18,579 [Thread-246] INFO  impl.RoleInfo (RoleInfo.java:shutdownFollowerState(121)) - 620e03eb-5792-43a0-abc3-57f3598042a0: shutdown FollowerState
2019-09-23 12:15:18,579 [Thread-246] INFO  impl.RaftServerImpl (RaftServerImpl.java:setRole(174)) - 620e03eb-5792-43a0-abc3-57f3598042a0@group-6FB6C8B34E80: changes role from  FOLLOWER to CANDIDATE at term 0 for changeToCandidate
2019-09-23 12:15:18,579 [Thread-246] INFO  impl.RoleInfo (RoleInfo.java:updateAndGet(143)) - 620e03eb-5792-43a0-abc3-57f3598042a0: start LeaderElection
2019-09-23 12:15:18,627 [620e03eb-5792-43a0-abc3-57f3598042a0@group-6FB6C8B34E80:LeaderElection3] INFO  impl.LeaderElection (LeaderElection.java:askForVotes(182)) - 620e03eb-5792-43a0-abc3-57f3598042a0@group-6FB6C8B34E80:LeaderElection3: begin an election at term 1 for -1: [620e03eb-5792-43a0-abc3-57f3598042a0:192.168.34.25:41511], old=null
2019-09-23 12:15:18,627 [620e03eb-5792-43a0-abc3-57f3598042a0@group-6FB6C8B34E80:LeaderElection3] INFO  impl.RoleInfo (RoleInfo.java:shutdownLeaderElection(134)) - 620e03eb-5792-43a0-abc3-57f3598042a0: shutdown LeaderElection
2019-09-23 12:15:18,628 [620e03eb-5792-43a0-abc3-57f3598042a0@group-6FB6C8B34E80:LeaderElection3] INFO  impl.RaftServerImpl (RaftServerImpl.java:setRole(174)) - 620e03eb-5792-43a0-abc3-57f3598042a0@group-6FB6C8B34E80: changes role from CANDIDATE to LEADER at term 1 for changeToLeader
2019-09-23 12:15:18,628 [620e03eb-5792-43a0-abc3-57f3598042a0@group-6FB6C8B34E80:LeaderElection3] INFO  impl.RaftServerImpl (ServerState.java:setLeader(253)) - 620e03eb-5792-43a0-abc3-57f3598042a0@group-6FB6C8B34E80: change Leader from null to 620e03eb-5792-43a0-abc3-57f3598042a0 at term 1 for becomeLeader, leader elected after 5149ms
2019-09-23 12:15:18,630 [620e03eb-5792-43a0-abc3-57f3598042a0@group-6FB6C8B34E80:LeaderElection3] INFO  server.RaftServerConfigKeys (ConfUtils.java:logGet(43)) - raft.server.staging.catchup.gap = 1000 (default)
2019-09-23 12:15:18,630 [620e03eb-5792-43a0-abc3-57f3598042a0@group-6FB6C8B34E80:LeaderElection3] INFO  server.RaftServerConfigKeys (ConfUtils.java:logGet(43)) - raft.server.rpc.sleep.time = 25ms (default)
2019-09-23 12:15:18,630 [620e03eb-5792-43a0-abc3-57f3598042a0@group-6FB6C8B34E80:LeaderElection3] INFO  server.RaftServerConfigKeys (ConfUtils.java:logGet(43)) - raft.server.write.element-limit = 4096 (default)
2019-09-23 12:15:18,630 [620e03eb-5792-43a0-abc3-57f3598042a0@group-6FB6C8B34E80:LeaderElection3] INFO  server.RaftServerConfigKeys (ConfUtils.java:logGet(43)) - raft.server.watch.timeout = 10s (default)
2019-09-23 12:15:18,630 [620e03eb-5792-43a0-abc3-57f3598042a0@group-6FB6C8B34E80:LeaderElection3] INFO  server.RaftServerConfigKeys (ConfUtils.java:logGet(43)) - raft.server.watch.timeout.denomination = 1s (default)
2019-09-23 12:15:18,630 [620e03eb-5792-43a0-abc3-57f3598042a0@group-6FB6C8B34E80:LeaderElection3] INFO  server.RaftServerConfigKeys (ConfUtils.java:logGet(43)) - raft.server.watch.element-limit = 65536 (default)
2019-09-23 12:15:18,633 [620e03eb-5792-43a0-abc3-57f3598042a0@group-6FB6C8B34E80:LeaderElection3] INFO  impl.RoleInfo (RoleInfo.java:updateAndGet(143)) - 620e03eb-5792-43a0-abc3-57f3598042a0: start LeaderState
2019-09-23 12:15:18,633 [620e03eb-5792-43a0-abc3-57f3598042a0@group-6FB6C8B34E80:LeaderElection3] INFO  segmented.SegmentedRaftLogWorker (SegmentedRaftLogWorker.java:startLogSegment(380)) - 620e03eb-5792-43a0-abc3-57f3598042a0@group-6FB6C8B34E80-SegmentedRaftLogWorker: Starting segment from index:0
2019-09-23 12:15:18,634 [620e03eb-5792-43a0-abc3-57f3598042a0@group-6FB6C8B34E80:LeaderElection3] INFO  impl.RaftServerImpl (ServerState.java:setRaftConf(354)) - 620e03eb-5792-43a0-abc3-57f3598042a0@group-6FB6C8B34E80: set configuration 0: [620e03eb-5792-43a0-abc3-57f3598042a0:192.168.34.25:41511], old=null at 0
2019-09-23 12:15:18,686 [620e03eb-5792-43a0-abc3-57f3598042a0@group-6FB6C8B34E80-SegmentedRaftLogWorker] INFO  segmented.SegmentedRaftLogWorker (SegmentedRaftLogWorker.java:execute(569)) - 620e03eb-5792-43a0-abc3-57f3598042a0@group-6FB6C8B34E80-SegmentedRaftLogWorker: created new log segment /workdir/hadoop-ozone/integration-test/target/test-dir/MiniOzoneClusterImpl-32207017-7822-4caf-b7bd-0faf8cfdfdb9/datanode-4/data/ratis/e8847c4a-4770-46d4-999f-6fb6c8b34e80/current/log_inprogress_0
2019-09-23 12:15:18,884 [Thread-249] INFO  impl.FollowerState (FollowerState.java:run(106)) - 4ddde203-cad5-4bc5-8096-7cd0d56f8dde:group-35426ECD9A21 changes to CANDIDATE, lastRpcTime:5179, electionTimeout:5179ms
2019-09-23 12:15:18,885 [Thread-249] INFO  impl.RoleInfo (RoleInfo.java:shutdownFollowerState(121)) - 4ddde203-cad5-4bc5-8096-7cd0d56f8dde: shutdown FollowerState
2019-09-23 12:15:18,885 [Thread-249] INFO  impl.RaftServerImpl (RaftServerImpl.java:setRole(174)) - 4ddde203-cad5-4bc5-8096-7cd0d56f8dde@group-35426ECD9A21: changes role from  FOLLOWER to CANDIDATE at term 0 for changeToCandidate
2019-09-23 12:15:18,885 [Thread-249] INFO  impl.RoleInfo (RoleInfo.java:updateAndGet(143)) - 4ddde203-cad5-4bc5-8096-7cd0d56f8dde: start LeaderElection
2019-09-23 12:15:18,906 [4ddde203-cad5-4bc5-8096-7cd0d56f8dde@group-35426ECD9A21:LeaderElection4] INFO  impl.LeaderElection (LeaderElection.java:askForVotes(182)) - 4ddde203-cad5-4bc5-8096-7cd0d56f8dde@group-35426ECD9A21:LeaderElection4: begin an election at term 1 for -1: [4ddde203-cad5-4bc5-8096-7cd0d56f8dde:192.168.34.25:40657], old=null
2019-09-23 12:15:18,906 [4ddde203-cad5-4bc5-8096-7cd0d56f8dde@group-35426ECD9A21:LeaderElection4] INFO  impl.RoleInfo (RoleInfo.java:shutdownLeaderElection(134)) - 4ddde203-cad5-4bc5-8096-7cd0d56f8dde: shutdown LeaderElection
2019-09-23 12:15:18,907 [4ddde203-cad5-4bc5-8096-7cd0d56f8dde@group-35426ECD9A21:LeaderElection4] INFO  impl.RaftServerImpl (RaftServerImpl.java:setRole(174)) - 4ddde203-cad5-4bc5-8096-7cd0d56f8dde@group-35426ECD9A21: changes role from CANDIDATE to LEADER at term 1 for changeToLeader
2019-09-23 12:15:18,907 [4ddde203-cad5-4bc5-8096-7cd0d56f8dde@group-35426ECD9A21:LeaderElection4] INFO  impl.RaftServerImpl (ServerState.java:setLeader(253)) - 4ddde203-cad5-4bc5-8096-7cd0d56f8dde@group-35426ECD9A21: change Leader from null to 4ddde203-cad5-4bc5-8096-7cd0d56f8dde at term 1 for becomeLeader, leader elected after 5224ms
2019-09-23 12:15:18,909 [4ddde203-cad5-4bc5-8096-7cd0d56f8dde@group-35426ECD9A21:LeaderElection4] INFO  server.RaftServerConfigKeys (ConfUtils.java:logGet(43)) - raft.server.staging.catchup.gap = 1000 (default)
2019-09-23 12:15:18,909 [4ddde203-cad5-4bc5-8096-7cd0d56f8dde@group-35426ECD9A21:LeaderElection4] INFO  server.RaftServerConfigKeys (ConfUtils.java:logGet(43)) - raft.server.rpc.sleep.time = 25ms (default)
2019-09-23 12:15:18,909 [4ddde203-cad5-4bc5-8096-7cd0d56f8dde@group-35426ECD9A21:LeaderElection4] INFO  server.RaftServerConfigKeys (ConfUtils.java:logGet(43)) - raft.server.write.element-limit = 4096 (default)
2019-09-23 12:15:18,909 [4ddde203-cad5-4bc5-8096-7cd0d56f8dde@group-35426ECD9A21:LeaderElection4] INFO  server.RaftServerConfigKeys (ConfUtils.java:logGet(43)) - raft.server.watch.timeout = 10s (default)
2019-09-23 12:15:18,910 [4ddde203-cad5-4bc5-8096-7cd0d56f8dde@group-35426ECD9A21:LeaderElection4] INFO  server.RaftServerConfigKeys (ConfUtils.java:logGet(43)) - raft.server.watch.timeout.denomination = 1s (default)
2019-09-23 12:15:18,910 [4ddde203-cad5-4bc5-8096-7cd0d56f8dde@group-35426ECD9A21:LeaderElection4] INFO  server.RaftServerConfigKeys (ConfUtils.java:logGet(43)) - raft.server.watch.element-limit = 65536 (default)
2019-09-23 12:15:18,913 [4ddde203-cad5-4bc5-8096-7cd0d56f8dde@group-35426ECD9A21:LeaderElection4] INFO  impl.RoleInfo (RoleInfo.java:updateAndGet(143)) - 4ddde203-cad5-4bc5-8096-7cd0d56f8dde: start LeaderState
2019-09-23 12:15:18,913 [4ddde203-cad5-4bc5-8096-7cd0d56f8dde@group-35426ECD9A21:LeaderElection4] INFO  segmented.SegmentedRaftLogWorker (SegmentedRaftLogWorker.java:startLogSegment(380)) - 4ddde203-cad5-4bc5-8096-7cd0d56f8dde@group-35426ECD9A21-SegmentedRaftLogWorker: Starting segment from index:0
2019-09-23 12:15:18,914 [4ddde203-cad5-4bc5-8096-7cd0d56f8dde@group-35426ECD9A21:LeaderElection4] INFO  impl.RaftServerImpl (ServerState.java:setRaftConf(354)) - 4ddde203-cad5-4bc5-8096-7cd0d56f8dde@group-35426ECD9A21: set configuration 0: [4ddde203-cad5-4bc5-8096-7cd0d56f8dde:192.168.34.25:40657], old=null at 0
2019-09-23 12:15:18,981 [4ddde203-cad5-4bc5-8096-7cd0d56f8dde@group-35426ECD9A21-SegmentedRaftLogWorker] INFO  segmented.SegmentedRaftLogWorker (SegmentedRaftLogWorker.java:execute(569)) - 4ddde203-cad5-4bc5-8096-7cd0d56f8dde@group-35426ECD9A21-SegmentedRaftLogWorker: created new log segment /workdir/hadoop-ozone/integration-test/target/test-dir/MiniOzoneClusterImpl-32207017-7822-4caf-b7bd-0faf8cfdfdb9/datanode-5/data/ratis/1be75b8a-3b85-44fd-afbf-35426ecd9a21/current/log_inprogress_0
2019-09-23 12:15:19,073 [Thread-253] INFO  impl.FollowerState (FollowerState.java:run(106)) - fb4a87eb-4fe4-437b-9043-b3384983251d:group-009A1EF989F4 changes to CANDIDATE, lastRpcTime:5175, electionTimeout:5175ms
2019-09-23 12:15:19,073 [Thread-253] INFO  impl.RoleInfo (RoleInfo.java:shutdownFollowerState(121)) - fb4a87eb-4fe4-437b-9043-b3384983251d: shutdown FollowerState
2019-09-23 12:15:19,073 [Thread-253] INFO  impl.RaftServerImpl (RaftServerImpl.java:setRole(174)) - fb4a87eb-4fe4-437b-9043-b3384983251d@group-009A1EF989F4: changes role from  FOLLOWER to CANDIDATE at term 0 for changeToCandidate
2019-09-23 12:15:19,073 [Thread-253] INFO  impl.RoleInfo (RoleInfo.java:updateAndGet(143)) - fb4a87eb-4fe4-437b-9043-b3384983251d: start LeaderElection
2019-09-23 12:15:19,108 [fb4a87eb-4fe4-437b-9043-b3384983251d@group-009A1EF989F4:LeaderElection5] INFO  impl.LeaderElection (LeaderElection.java:askForVotes(182)) - fb4a87eb-4fe4-437b-9043-b3384983251d@group-009A1EF989F4:LeaderElection5: begin an election at term 1 for -1: [fb4a87eb-4fe4-437b-9043-b3384983251d:192.168.34.25:34345], old=null
2019-09-23 12:15:19,108 [fb4a87eb-4fe4-437b-9043-b3384983251d@group-009A1EF989F4:LeaderElection5] INFO  impl.RoleInfo (RoleInfo.java:shutdownLeaderElection(134)) - fb4a87eb-4fe4-437b-9043-b3384983251d: shutdown LeaderElection
2019-09-23 12:15:19,108 [fb4a87eb-4fe4-437b-9043-b3384983251d@group-009A1EF989F4:LeaderElection5] INFO  impl.RaftServerImpl (RaftServerImpl.java:setRole(174)) - fb4a87eb-4fe4-437b-9043-b3384983251d@group-009A1EF989F4: changes role from CANDIDATE to LEADER at term 1 for changeToLeader
2019-09-23 12:15:19,108 [fb4a87eb-4fe4-437b-9043-b3384983251d@group-009A1EF989F4:LeaderElection5] INFO  impl.RaftServerImpl (ServerState.java:setLeader(253)) - fb4a87eb-4fe4-437b-9043-b3384983251d@group-009A1EF989F4: change Leader from null to fb4a87eb-4fe4-437b-9043-b3384983251d at term 1 for becomeLeader, leader elected after 5220ms
2019-09-23 12:15:19,110 [fb4a87eb-4fe4-437b-9043-b3384983251d@group-009A1EF989F4:LeaderElection5] INFO  server.RaftServerConfigKeys (ConfUtils.java:logGet(43)) - raft.server.staging.catchup.gap = 1000 (default)
2019-09-23 12:15:19,110 [fb4a87eb-4fe4-437b-9043-b3384983251d@group-009A1EF989F4:LeaderElection5] INFO  server.RaftServerConfigKeys (ConfUtils.java:logGet(43)) - raft.server.rpc.sleep.time = 25ms (default)
2019-09-23 12:15:19,111 [fb4a87eb-4fe4-437b-9043-b3384983251d@group-009A1EF989F4:LeaderElection5] INFO  server.RaftServerConfigKeys (ConfUtils.java:logGet(43)) - raft.server.write.element-limit = 4096 (default)
2019-09-23 12:15:19,111 [fb4a87eb-4fe4-437b-9043-b3384983251d@group-009A1EF989F4:LeaderElection5] INFO  server.RaftServerConfigKeys (ConfUtils.java:logGet(43)) - raft.server.watch.timeout = 10s (default)
2019-09-23 12:15:19,111 [fb4a87eb-4fe4-437b-9043-b3384983251d@group-009A1EF989F4:LeaderElection5] INFO  server.RaftServerConfigKeys (ConfUtils.java:logGet(43)) - raft.server.watch.timeout.denomination = 1s (default)
2019-09-23 12:15:19,111 [fb4a87eb-4fe4-437b-9043-b3384983251d@group-009A1EF989F4:LeaderElection5] INFO  server.RaftServerConfigKeys (ConfUtils.java:logGet(43)) - raft.server.watch.element-limit = 65536 (default)
2019-09-23 12:15:19,114 [fb4a87eb-4fe4-437b-9043-b3384983251d@group-009A1EF989F4:LeaderElection5] INFO  impl.RoleInfo (RoleInfo.java:updateAndGet(143)) - fb4a87eb-4fe4-437b-9043-b3384983251d: start LeaderState
2019-09-23 12:15:19,114 [fb4a87eb-4fe4-437b-9043-b3384983251d@group-009A1EF989F4:LeaderElection5] INFO  segmented.SegmentedRaftLogWorker (SegmentedRaftLogWorker.java:startLogSegment(380)) - fb4a87eb-4fe4-437b-9043-b3384983251d@group-009A1EF989F4-SegmentedRaftLogWorker: Starting segment from index:0
2019-09-23 12:15:19,115 [fb4a87eb-4fe4-437b-9043-b3384983251d@group-009A1EF989F4:LeaderElection5] INFO  impl.RaftServerImpl (ServerState.java:setRaftConf(354)) - fb4a87eb-4fe4-437b-9043-b3384983251d@group-009A1EF989F4: set configuration 0: [fb4a87eb-4fe4-437b-9043-b3384983251d:192.168.34.25:34345], old=null at 0
2019-09-23 12:15:19,157 [Thread-257] INFO  impl.FollowerState (FollowerState.java:run(106)) - b4923e46-e34f-46ff-a37a-54ebe4f79e2f:group-D840EAEAF91D changes to CANDIDATE, lastRpcTime:5065, electionTimeout:5027ms
2019-09-23 12:15:19,157 [Thread-257] INFO  impl.RoleInfo (RoleInfo.java:shutdownFollowerState(121)) - b4923e46-e34f-46ff-a37a-54ebe4f79e2f: shutdown FollowerState
2019-09-23 12:15:19,158 [Thread-257] INFO  impl.RaftServerImpl (RaftServerImpl.java:setRole(174)) - b4923e46-e34f-46ff-a37a-54ebe4f79e2f@group-D840EAEAF91D: changes role from  FOLLOWER to CANDIDATE at term 0 for changeToCandidate
2019-09-23 12:15:19,158 [Thread-257] INFO  impl.RoleInfo (RoleInfo.java:updateAndGet(143)) - b4923e46-e34f-46ff-a37a-54ebe4f79e2f: start LeaderElection
2019-09-23 12:15:19,202 [fb4a87eb-4fe4-437b-9043-b3384983251d@group-009A1EF989F4-SegmentedRaftLogWorker] INFO  segmented.SegmentedRaftLogWorker (SegmentedRaftLogWorker.java:execute(569)) - fb4a87eb-4fe4-437b-9043-b3384983251d@group-009A1EF989F4-SegmentedRaftLogWorker: created new log segment /workdir/hadoop-ozone/integration-test/target/test-dir/MiniOzoneClusterImpl-32207017-7822-4caf-b7bd-0faf8cfdfdb9/datanode-3/data/ratis/de585d9b-09fb-4364-b3af-009a1ef989f4/current/log_inprogress_0
2019-09-23 12:15:19,202 [b4923e46-e34f-46ff-a37a-54ebe4f79e2f@group-D840EAEAF91D:LeaderElection6] INFO  impl.LeaderElection (LeaderElection.java:askForVotes(182)) - b4923e46-e34f-46ff-a37a-54ebe4f79e2f@group-D840EAEAF91D:LeaderElection6: begin an election at term 1 for -1: [b4923e46-e34f-46ff-a37a-54ebe4f79e2f:192.168.34.25:34255], old=null
2019-09-23 12:15:19,202 [b4923e46-e34f-46ff-a37a-54ebe4f79e2f@group-D840EAEAF91D:LeaderElection6] INFO  impl.RoleInfo (RoleInfo.java:shutdownLeaderElection(134)) - b4923e46-e34f-46ff-a37a-54ebe4f79e2f: shutdown LeaderElection
2019-09-23 12:15:19,203 [b4923e46-e34f-46ff-a37a-54ebe4f79e2f@group-D840EAEAF91D:LeaderElection6] INFO  impl.RaftServerImpl (RaftServerImpl.java:setRole(174)) - b4923e46-e34f-46ff-a37a-54ebe4f79e2f@group-D840EAEAF91D: changes role from CANDIDATE to LEADER at term 1 for changeToLeader
2019-09-23 12:15:19,203 [b4923e46-e34f-46ff-a37a-54ebe4f79e2f@group-D840EAEAF91D:LeaderElection6] INFO  impl.RaftServerImpl (ServerState.java:setLeader(253)) - b4923e46-e34f-46ff-a37a-54ebe4f79e2f@group-D840EAEAF91D: change Leader from null to b4923e46-e34f-46ff-a37a-54ebe4f79e2f at term 1 for becomeLeader, leader elected after 5138ms
2019-09-23 12:15:19,204 [b4923e46-e34f-46ff-a37a-54ebe4f79e2f@group-D840EAEAF91D:LeaderElection6] INFO  server.RaftServerConfigKeys (ConfUtils.java:logGet(43)) - raft.server.staging.catchup.gap = 1000 (default)
2019-09-23 12:15:19,205 [b4923e46-e34f-46ff-a37a-54ebe4f79e2f@group-D840EAEAF91D:LeaderElection6] INFO  server.RaftServerConfigKeys (ConfUtils.java:logGet(43)) - raft.server.rpc.sleep.time = 25ms (default)
2019-09-23 12:15:19,205 [b4923e46-e34f-46ff-a37a-54ebe4f79e2f@group-D840EAEAF91D:LeaderElection6] INFO  server.RaftServerConfigKeys (ConfUtils.java:logGet(43)) - raft.server.write.element-limit = 4096 (default)
2019-09-23 12:15:19,205 [b4923e46-e34f-46ff-a37a-54ebe4f79e2f@group-D840EAEAF91D:LeaderElection6] INFO  server.RaftServerConfigKeys (ConfUtils.java:logGet(43)) - raft.server.watch.timeout = 10s (default)
2019-09-23 12:15:19,205 [b4923e46-e34f-46ff-a37a-54ebe4f79e2f@group-D840EAEAF91D:LeaderElection6] INFO  server.RaftServerConfigKeys (ConfUtils.java:logGet(43)) - raft.server.watch.timeout.denomination = 1s (default)
2019-09-23 12:15:19,205 [b4923e46-e34f-46ff-a37a-54ebe4f79e2f@group-D840EAEAF91D:LeaderElection6] INFO  server.RaftServerConfigKeys (ConfUtils.java:logGet(43)) - raft.server.watch.element-limit = 65536 (default)
2019-09-23 12:15:19,209 [b4923e46-e34f-46ff-a37a-54ebe4f79e2f@group-D840EAEAF91D:LeaderElection6] INFO  impl.RoleInfo (RoleInfo.java:updateAndGet(143)) - b4923e46-e34f-46ff-a37a-54ebe4f79e2f: start LeaderState
2019-09-23 12:15:19,209 [b4923e46-e34f-46ff-a37a-54ebe4f79e2f@group-D840EAEAF91D:LeaderElection6] INFO  segmented.SegmentedRaftLogWorker (SegmentedRaftLogWorker.java:startLogSegment(380)) - b4923e46-e34f-46ff-a37a-54ebe4f79e2f@group-D840EAEAF91D-SegmentedRaftLogWorker: Starting segment from index:0
2019-09-23 12:15:19,209 [b4923e46-e34f-46ff-a37a-54ebe4f79e2f@group-D840EAEAF91D:LeaderElection6] INFO  impl.RaftServerImpl (ServerState.java:setRaftConf(354)) - b4923e46-e34f-46ff-a37a-54ebe4f79e2f@group-D840EAEAF91D: set configuration 0: [b4923e46-e34f-46ff-a37a-54ebe4f79e2f:192.168.34.25:34255], old=null at 0
2019-09-23 12:15:19,263 [b4923e46-e34f-46ff-a37a-54ebe4f79e2f@group-D840EAEAF91D-SegmentedRaftLogWorker] INFO  segmented.SegmentedRaftLogWorker (SegmentedRaftLogWorker.java:execute(569)) - b4923e46-e34f-46ff-a37a-54ebe4f79e2f@group-D840EAEAF91D-SegmentedRaftLogWorker: created new log segment /workdir/hadoop-ozone/integration-test/target/test-dir/MiniOzoneClusterImpl-32207017-7822-4caf-b7bd-0faf8cfdfdb9/datanode-1/data/ratis/c39a2cd8-d080-4d46-b766-d840eaeaf91d/current/log_inprogress_0
2019-09-23 12:15:19,346 [Thread-261] INFO  impl.FollowerState (FollowerState.java:run(106)) - 3e2532f3-4ffe-4b5b-9b4c-3a50415e056c:group-BB29CFC91FAC changes to CANDIDATE, lastRpcTime:5098, electionTimeout:5098ms
2019-09-23 12:15:19,346 [Thread-261] INFO  impl.RoleInfo (RoleInfo.java:shutdownFollowerState(121)) - 3e2532f3-4ffe-4b5b-9b4c-3a50415e056c: shutdown FollowerState
2019-09-23 12:15:19,346 [Thread-261] INFO  impl.RaftServerImpl (RaftServerImpl.java:setRole(174)) - 3e2532f3-4ffe-4b5b-9b4c-3a50415e056c@group-BB29CFC91FAC: changes role from  FOLLOWER to CANDIDATE at term 0 for changeToCandidate
2019-09-23 12:15:19,347 [Thread-261] INFO  impl.RoleInfo (RoleInfo.java:updateAndGet(143)) - 3e2532f3-4ffe-4b5b-9b4c-3a50415e056c: start LeaderElection
2019-09-23 12:15:19,373 [3e2532f3-4ffe-4b5b-9b4c-3a50415e056c@group-BB29CFC91FAC:LeaderElection7] INFO  impl.LeaderElection (LeaderElection.java:askForVotes(182)) - 3e2532f3-4ffe-4b5b-9b4c-3a50415e056c@group-BB29CFC91FAC:LeaderElection7: begin an election at term 1 for -1: [3e2532f3-4ffe-4b5b-9b4c-3a50415e056c:192.168.34.25:44052], old=null
2019-09-23 12:15:19,373 [3e2532f3-4ffe-4b5b-9b4c-3a50415e056c@group-BB29CFC91FAC:LeaderElection7] INFO  impl.RoleInfo (RoleInfo.java:shutdownLeaderElection(134)) - 3e2532f3-4ffe-4b5b-9b4c-3a50415e056c: shutdown LeaderElection
2019-09-23 12:15:19,373 [3e2532f3-4ffe-4b5b-9b4c-3a50415e056c@group-BB29CFC91FAC:LeaderElection7] INFO  impl.RaftServerImpl (RaftServerImpl.java:setRole(174)) - 3e2532f3-4ffe-4b5b-9b4c-3a50415e056c@group-BB29CFC91FAC: changes role from CANDIDATE to LEADER at term 1 for changeToLeader
2019-09-23 12:15:19,373 [3e2532f3-4ffe-4b5b-9b4c-3a50415e056c@group-BB29CFC91FAC:LeaderElection7] INFO  impl.RaftServerImpl (ServerState.java:setLeader(253)) - 3e2532f3-4ffe-4b5b-9b4c-3a50415e056c@group-BB29CFC91FAC: change Leader from null to 3e2532f3-4ffe-4b5b-9b4c-3a50415e056c at term 1 for becomeLeader, leader elected after 5140ms
2019-09-23 12:15:19,375 [3e2532f3-4ffe-4b5b-9b4c-3a50415e056c@group-BB29CFC91FAC:LeaderElection7] INFO  server.RaftServerConfigKeys (ConfUtils.java:logGet(43)) - raft.server.staging.catchup.gap = 1000 (default)
2019-09-23 12:15:19,375 [3e2532f3-4ffe-4b5b-9b4c-3a50415e056c@group-BB29CFC91FAC:LeaderElection7] INFO  server.RaftServerConfigKeys (ConfUtils.java:logGet(43)) - raft.server.rpc.sleep.time = 25ms (default)
2019-09-23 12:15:19,376 [3e2532f3-4ffe-4b5b-9b4c-3a50415e056c@group-BB29CFC91FAC:LeaderElection7] INFO  server.RaftServerConfigKeys (ConfUtils.java:logGet(43)) - raft.server.write.element-limit = 4096 (default)
2019-09-23 12:15:19,376 [3e2532f3-4ffe-4b5b-9b4c-3a50415e056c@group-BB29CFC91FAC:LeaderElection7] INFO  server.RaftServerConfigKeys (ConfUtils.java:logGet(43)) - raft.server.watch.timeout = 10s (default)
2019-09-23 12:15:19,376 [3e2532f3-4ffe-4b5b-9b4c-3a50415e056c@group-BB29CFC91FAC:LeaderElection7] INFO  server.RaftServerConfigKeys (ConfUtils.java:logGet(43)) - raft.server.watch.timeout.denomination = 1s (default)
2019-09-23 12:15:19,376 [3e2532f3-4ffe-4b5b-9b4c-3a50415e056c@group-BB29CFC91FAC:LeaderElection7] INFO  server.RaftServerConfigKeys (ConfUtils.java:logGet(43)) - raft.server.watch.element-limit = 65536 (default)
2019-09-23 12:15:19,379 [3e2532f3-4ffe-4b5b-9b4c-3a50415e056c@group-BB29CFC91FAC:LeaderElection7] INFO  impl.RoleInfo (RoleInfo.java:updateAndGet(143)) - 3e2532f3-4ffe-4b5b-9b4c-3a50415e056c: start LeaderState
2019-09-23 12:15:19,380 [3e2532f3-4ffe-4b5b-9b4c-3a50415e056c@group-BB29CFC91FAC:LeaderElection7] INFO  segmented.SegmentedRaftLogWorker (SegmentedRaftLogWorker.java:startLogSegment(380)) - 3e2532f3-4ffe-4b5b-9b4c-3a50415e056c@group-BB29CFC91FAC-SegmentedRaftLogWorker: Starting segment from index:0
2019-09-23 12:15:19,380 [3e2532f3-4ffe-4b5b-9b4c-3a50415e056c@group-BB29CFC91FAC:LeaderElection7] INFO  impl.RaftServerImpl (ServerState.java:setRaftConf(354)) - 3e2532f3-4ffe-4b5b-9b4c-3a50415e056c@group-BB29CFC91FAC: set configuration 0: [3e2532f3-4ffe-4b5b-9b4c-3a50415e056c:192.168.34.25:44052], old=null at 0
2019-09-23 12:15:19,456 [3e2532f3-4ffe-4b5b-9b4c-3a50415e056c@group-BB29CFC91FAC-SegmentedRaftLogWorker] INFO  segmented.SegmentedRaftLogWorker (SegmentedRaftLogWorker.java:execute(569)) - 3e2532f3-4ffe-4b5b-9b4c-3a50415e056c@group-BB29CFC91FAC-SegmentedRaftLogWorker: created new log segment /workdir/hadoop-ozone/integration-test/target/test-dir/MiniOzoneClusterImpl-32207017-7822-4caf-b7bd-0faf8cfdfdb9/datanode-2/data/ratis/aceb0351-8815-4d96-a855-bb29cfc91fac/current/log_inprogress_0
2019-09-23 12:15:19,529 [Thread-270] INFO  impl.FollowerState (FollowerState.java:run(106)) - fd76b1b9-3975-4c1b-a674-541739890adb:group-43D52F5C57FC changes to CANDIDATE, lastRpcTime:5075, electionTimeout:5073ms
2019-09-23 12:15:19,529 [Thread-270] INFO  impl.RoleInfo (RoleInfo.java:shutdownFollowerState(121)) - fd76b1b9-3975-4c1b-a674-541739890adb: shutdown FollowerState
2019-09-23 12:15:19,529 [Thread-270] INFO  impl.RaftServerImpl (RaftServerImpl.java:setRole(174)) - fd76b1b9-3975-4c1b-a674-541739890adb@group-43D52F5C57FC: changes role from  FOLLOWER to CANDIDATE at term 0 for changeToCandidate
2019-09-23 12:15:19,532 [Thread-270] INFO  impl.RoleInfo (RoleInfo.java:updateAndGet(143)) - fd76b1b9-3975-4c1b-a674-541739890adb: start LeaderElection
2019-09-23 12:15:19,565 [fd76b1b9-3975-4c1b-a674-541739890adb@group-43D52F5C57FC:LeaderElection8] INFO  impl.LeaderElection (LeaderElection.java:askForVotes(182)) - fd76b1b9-3975-4c1b-a674-541739890adb@group-43D52F5C57FC:LeaderElection8: begin an election at term 1 for -1: [fd76b1b9-3975-4c1b-a674-541739890adb:192.168.34.25:37018, 620e03eb-5792-43a0-abc3-57f3598042a0:192.168.34.25:41511, 2c1c6a22-1f7e-4072-aba0-ada314196a09:192.168.34.25:35632], old=null
2019-09-23 12:15:19,585 [Thread-266] INFO  impl.FollowerState (FollowerState.java:run(106)) - 620e03eb-5792-43a0-abc3-57f3598042a0:group-43D52F5C57FC changes to CANDIDATE, lastRpcTime:5139, electionTimeout:5138ms
2019-09-23 12:15:19,585 [Thread-266] INFO  impl.RoleInfo (RoleInfo.java:shutdownFollowerState(121)) - 620e03eb-5792-43a0-abc3-57f3598042a0: shutdown FollowerState
2019-09-23 12:15:19,586 [Thread-266] INFO  impl.RaftServerImpl (RaftServerImpl.java:setRole(174)) - 620e03eb-5792-43a0-abc3-57f3598042a0@group-43D52F5C57FC: changes role from  FOLLOWER to CANDIDATE at term 0 for changeToCandidate
2019-09-23 12:15:19,586 [Thread-266] INFO  impl.RoleInfo (RoleInfo.java:updateAndGet(143)) - 620e03eb-5792-43a0-abc3-57f3598042a0: start LeaderElection
2019-09-23 12:15:19,602 [grpc-default-executor-1] INFO  impl.RaftServerImpl (RaftServerImpl.java:setRole(174)) - 2c1c6a22-1f7e-4072-aba0-ada314196a09@group-43D52F5C57FC: changes role from  FOLLOWER to FOLLOWER at term 1 for recognizeCandidate:fd76b1b9-3975-4c1b-a674-541739890adb
2019-09-23 12:15:19,602 [grpc-default-executor-1] INFO  impl.RoleInfo (RoleInfo.java:shutdownFollowerState(121)) - 2c1c6a22-1f7e-4072-aba0-ada314196a09: shutdown FollowerState
2019-09-23 12:15:19,602 [grpc-default-executor-1] INFO  impl.RoleInfo (RoleInfo.java:updateAndGet(143)) - 2c1c6a22-1f7e-4072-aba0-ada314196a09: start FollowerState
2019-09-23 12:15:19,603 [Thread-268] INFO  impl.FollowerState (FollowerState.java:run(115)) - 2c1c6a22-1f7e-4072-aba0-ada314196a09: FollowerState was interrupted: java.lang.InterruptedException: sleep interrupted
2019-09-23 12:15:19,623 [620e03eb-5792-43a0-abc3-57f3598042a0@group-43D52F5C57FC:LeaderElection9] INFO  impl.LeaderElection (LeaderElection.java:askForVotes(182)) - 620e03eb-5792-43a0-abc3-57f3598042a0@group-43D52F5C57FC:LeaderElection9: begin an election at term 1 for -1: [fd76b1b9-3975-4c1b-a674-541739890adb:192.168.34.25:37018, 620e03eb-5792-43a0-abc3-57f3598042a0:192.168.34.25:41511, 2c1c6a22-1f7e-4072-aba0-ada314196a09:192.168.34.25:35632], old=null
2019-09-23 12:15:19,643 [fd76b1b9-3975-4c1b-a674-541739890adb@group-43D52F5C57FC:LeaderElection8] INFO  impl.LeaderElection (LeaderElection.java:logAndReturn(56)) - fd76b1b9-3975-4c1b-a674-541739890adb@group-43D52F5C57FC:LeaderElection8: Election PASSED; received 2 response(s) [fd76b1b9-3975-4c1b-a674-541739890adb<-620e03eb-5792-43a0-abc3-57f3598042a0#0:FAIL-t1, fd76b1b9-3975-4c1b-a674-541739890adb<-2c1c6a22-1f7e-4072-aba0-ada314196a09#0:OK-t1] and 0 exception(s); fd76b1b9-3975-4c1b-a674-541739890adb@group-43D52F5C57FC:t1, leader=null, voted=fd76b1b9-3975-4c1b-a674-541739890adb, raftlog=fd76b1b9-3975-4c1b-a674-541739890adb@group-43D52F5C57FC-SegmentedRaftLog:OPENED:c-1,f-1,i0, conf=-1: [fd76b1b9-3975-4c1b-a674-541739890adb:192.168.34.25:37018, 620e03eb-5792-43a0-abc3-57f3598042a0:192.168.34.25:41511, 2c1c6a22-1f7e-4072-aba0-ada314196a09:192.168.34.25:35632], old=null
2019-09-23 12:15:19,643 [fd76b1b9-3975-4c1b-a674-541739890adb@group-43D52F5C57FC:LeaderElection8] INFO  impl.RoleInfo (RoleInfo.java:shutdownLeaderElection(134)) - fd76b1b9-3975-4c1b-a674-541739890adb: shutdown LeaderElection
2019-09-23 12:15:19,643 [fd76b1b9-3975-4c1b-a674-541739890adb@group-43D52F5C57FC:LeaderElection8] INFO  impl.RaftServerImpl (RaftServerImpl.java:setRole(174)) - fd76b1b9-3975-4c1b-a674-541739890adb@group-43D52F5C57FC: changes role from CANDIDATE to LEADER at term 1 for changeToLeader
2019-09-23 12:15:19,647 [fd76b1b9-3975-4c1b-a674-541739890adb@group-43D52F5C57FC:LeaderElection8] INFO  impl.RaftServerImpl (ServerState.java:setLeader(253)) - fd76b1b9-3975-4c1b-a674-541739890adb@group-43D52F5C57FC: change Leader from null to fd76b1b9-3975-4c1b-a674-541739890adb at term 1 for becomeLeader, leader elected after 5215ms
2019-09-23 12:15:19,647 [fd76b1b9-3975-4c1b-a674-541739890adb@group-43D52F5C57FC:LeaderElection8] INFO  server.RaftServerConfigKeys (ConfUtils.java:logGet(43)) - raft.server.staging.catchup.gap = 1000 (default)
2019-09-23 12:15:19,647 [fd76b1b9-3975-4c1b-a674-541739890adb@group-43D52F5C57FC:LeaderElection8] INFO  server.RaftServerConfigKeys (ConfUtils.java:logGet(43)) - raft.server.rpc.sleep.time = 25ms (default)
2019-09-23 12:15:19,653 [fd76b1b9-3975-4c1b-a674-541739890adb@group-43D52F5C57FC:LeaderElection8] INFO  server.RaftServerConfigKeys (ConfUtils.java:logGet(43)) - raft.server.write.element-limit = 4096 (default)
2019-09-23 12:15:19,653 [fd76b1b9-3975-4c1b-a674-541739890adb@group-43D52F5C57FC:LeaderElection8] INFO  server.RaftServerConfigKeys (ConfUtils.java:logGet(43)) - raft.server.watch.timeout = 10s (default)
2019-09-23 12:15:19,653 [fd76b1b9-3975-4c1b-a674-541739890adb@group-43D52F5C57FC:LeaderElection8] INFO  server.RaftServerConfigKeys (ConfUtils.java:logGet(43)) - raft.server.watch.timeout.denomination = 1s (default)
2019-09-23 12:15:19,653 [fd76b1b9-3975-4c1b-a674-541739890adb@group-43D52F5C57FC:LeaderElection8] INFO  server.RaftServerConfigKeys (ConfUtils.java:logGet(43)) - raft.server.watch.element-limit = 65536 (default)
2019-09-23 12:15:19,661 [fd76b1b9-3975-4c1b-a674-541739890adb@group-43D52F5C57FC:LeaderElection8] INFO  server.RaftServerConfigKeys (ConfUtils.java:logGet(43)) - raft.server.log.appender.snapshot.chunk.size.max = 16MB (=16777216) (default)
2019-09-23 12:15:19,661 [fd76b1b9-3975-4c1b-a674-541739890adb@group-43D52F5C57FC:LeaderElection8] INFO  server.RaftServerConfigKeys (ConfUtils.java:logGet(43)) - raft.server.log.appender.buffer.byte-limit = 33554432 (custom)
2019-09-23 12:15:19,662 [fd76b1b9-3975-4c1b-a674-541739890adb@group-43D52F5C57FC:LeaderElection8] INFO  server.RaftServerConfigKeys (ConfUtils.java:logGet(43)) - raft.server.log.appender.buffer.element-limit = 1 (custom)
2019-09-23 12:15:19,665 [fd76b1b9-3975-4c1b-a674-541739890adb@group-43D52F5C57FC:LeaderElection8] INFO  grpc.GrpcConfigKeys$Server (ConfUtils.java:logGet(43)) - raft.grpc.server.leader.outstanding.appends.max = 128 (default)
2019-09-23 12:15:19,667 [fd76b1b9-3975-4c1b-a674-541739890adb@group-43D52F5C57FC:LeaderElection8] INFO  server.RaftServerConfigKeys (ConfUtils.java:logGet(43)) - raft.server.rpc.request.timeout = 3000ms (default)
2019-09-23 12:15:19,667 [fd76b1b9-3975-4c1b-a674-541739890adb@group-43D52F5C57FC:LeaderElection8] INFO  server.RaftServerConfigKeys (ConfUtils.java:logGet(43)) - raft.server.log.appender.install.snapshot.enabled = false (custom)
2019-09-23 12:15:19,668 [fd76b1b9-3975-4c1b-a674-541739890adb@group-43D52F5C57FC:LeaderElection8] INFO  server.RaftServerConfigKeys (ConfUtils.java:logGet(43)) - raft.server.log.appender.snapshot.chunk.size.max = 16MB (=16777216) (default)
2019-09-23 12:15:19,668 [fd76b1b9-3975-4c1b-a674-541739890adb@group-43D52F5C57FC:LeaderElection8] INFO  server.RaftServerConfigKeys (ConfUtils.java:logGet(43)) - raft.server.log.appender.buffer.byte-limit = 33554432 (custom)
2019-09-23 12:15:19,668 [fd76b1b9-3975-4c1b-a674-541739890adb@group-43D52F5C57FC:LeaderElection8] INFO  server.RaftServerConfigKeys (ConfUtils.java:logGet(43)) - raft.server.log.appender.buffer.element-limit = 1 (custom)
2019-09-23 12:15:19,668 [fd76b1b9-3975-4c1b-a674-541739890adb@group-43D52F5C57FC:LeaderElection8] INFO  grpc.GrpcConfigKeys$Server (ConfUtils.java:logGet(43)) - raft.grpc.server.leader.outstanding.appends.max = 128 (default)
2019-09-23 12:15:19,669 [fd76b1b9-3975-4c1b-a674-541739890adb@group-43D52F5C57FC:LeaderElection8] INFO  server.RaftServerConfigKeys (ConfUtils.java:logGet(43)) - raft.server.rpc.request.timeout = 3000ms (default)
2019-09-23 12:15:19,669 [fd76b1b9-3975-4c1b-a674-541739890adb@group-43D52F5C57FC:LeaderElection8] INFO  server.RaftServerConfigKeys (ConfUtils.java:logGet(43)) - raft.server.log.appender.install.snapshot.enabled = false (custom)
2019-09-23 12:15:19,670 [fd76b1b9-3975-4c1b-a674-541739890adb@group-43D52F5C57FC:LeaderElection8] INFO  impl.RoleInfo (RoleInfo.java:updateAndGet(143)) - fd76b1b9-3975-4c1b-a674-541739890adb: start LeaderState
2019-09-23 12:15:19,670 [fd76b1b9-3975-4c1b-a674-541739890adb@group-43D52F5C57FC:LeaderElection8] INFO  segmented.SegmentedRaftLogWorker (SegmentedRaftLogWorker.java:startLogSegment(380)) - fd76b1b9-3975-4c1b-a674-541739890adb@group-43D52F5C57FC-SegmentedRaftLogWorker: Starting segment from index:0
2019-09-23 12:15:19,671 [fd76b1b9-3975-4c1b-a674-541739890adb@group-43D52F5C57FC:LeaderElection8] INFO  impl.RaftServerImpl (ServerState.java:setRaftConf(354)) - fd76b1b9-3975-4c1b-a674-541739890adb@group-43D52F5C57FC: set configuration 0: [fd76b1b9-3975-4c1b-a674-541739890adb:192.168.34.25:37018, 620e03eb-5792-43a0-abc3-57f3598042a0:192.168.34.25:41511, 2c1c6a22-1f7e-4072-aba0-ada314196a09:192.168.34.25:35632], old=null at 0
2019-09-23 12:15:19,709 [grpc-default-executor-0] INFO  impl.RaftServerImpl (RaftServerImpl.java:requestVote(758)) - fd76b1b9-3975-4c1b-a674-541739890adb@group-43D52F5C57FC-   LEADER: Withhold vote from candidate 620e03eb-5792-43a0-abc3-57f3598042a0 with term 1. State: leader=fd76b1b9-3975-4c1b-a674-541739890adb, term=1, lastRpcElapsed=null
2019-09-23 12:15:19,713 [620e03eb-5792-43a0-abc3-57f3598042a0@group-43D52F5C57FC:LeaderElection9] INFO  impl.LeaderElection (LeaderElection.java:logAndReturn(56)) - 620e03eb-5792-43a0-abc3-57f3598042a0@group-43D52F5C57FC:LeaderElection9: Election REJECTED; received 2 response(s) [620e03eb-5792-43a0-abc3-57f3598042a0<-fd76b1b9-3975-4c1b-a674-541739890adb#0:FAIL-t1, 620e03eb-5792-43a0-abc3-57f3598042a0<-2c1c6a22-1f7e-4072-aba0-ada314196a09#0:FAIL-t1] and 0 exception(s); 620e03eb-5792-43a0-abc3-57f3598042a0@group-43D52F5C57FC:t1, leader=null, voted=620e03eb-5792-43a0-abc3-57f3598042a0, raftlog=620e03eb-5792-43a0-abc3-57f3598042a0@group-43D52F5C57FC-SegmentedRaftLog:OPENED:c-1,f-1,i0, conf=-1: [fd76b1b9-3975-4c1b-a674-541739890adb:192.168.34.25:37018, 620e03eb-5792-43a0-abc3-57f3598042a0:192.168.34.25:41511, 2c1c6a22-1f7e-4072-aba0-ada314196a09:192.168.34.25:35632], old=null
2019-09-23 12:15:19,714 [620e03eb-5792-43a0-abc3-57f3598042a0@group-43D52F5C57FC:LeaderElection9] INFO  impl.RaftServerImpl (RaftServerImpl.java:setRole(174)) - 620e03eb-5792-43a0-abc3-57f3598042a0@group-43D52F5C57FC: changes role from CANDIDATE to FOLLOWER at term 1 for DISCOVERED_A_NEW_TERM
2019-09-23 12:15:19,714 [620e03eb-5792-43a0-abc3-57f3598042a0@group-43D52F5C57FC:LeaderElection9] INFO  impl.RoleInfo (RoleInfo.java:shutdownLeaderElection(134)) - 620e03eb-5792-43a0-abc3-57f3598042a0: shutdown LeaderElection
2019-09-23 12:15:19,717 [620e03eb-5792-43a0-abc3-57f3598042a0@group-43D52F5C57FC:LeaderElection9] INFO  impl.RoleInfo (RoleInfo.java:updateAndGet(143)) - 620e03eb-5792-43a0-abc3-57f3598042a0: start FollowerState
2019-09-23 12:15:19,738 [grpc-default-executor-0] INFO  impl.RaftServerImpl (ServerState.java:setLeader(253)) - 2c1c6a22-1f7e-4072-aba0-ada314196a09@group-43D52F5C57FC: change Leader from null to fd76b1b9-3975-4c1b-a674-541739890adb at term 1 for appendEntries, leader elected after 5306ms
2019-09-23 12:15:19,739 [grpc-default-executor-1] INFO  impl.RaftServerImpl (ServerState.java:setLeader(253)) - 620e03eb-5792-43a0-abc3-57f3598042a0@group-43D52F5C57FC: change Leader from null to fd76b1b9-3975-4c1b-a674-541739890adb at term 1 for appendEntries, leader elected after 5306ms
2019-09-23 12:15:19,751 [fd76b1b9-3975-4c1b-a674-541739890adb@group-43D52F5C57FC-SegmentedRaftLogWorker] INFO  segmented.SegmentedRaftLogWorker (SegmentedRaftLogWorker.java:execute(569)) - fd76b1b9-3975-4c1b-a674-541739890adb@group-43D52F5C57FC-SegmentedRaftLogWorker: created new log segment /workdir/hadoop-ozone/integration-test/target/test-dir/MiniOzoneClusterImpl-32207017-7822-4caf-b7bd-0faf8cfdfdb9/datanode-6/data/ratis/b5e278f0-6099-4257-8263-43d52f5c57fc/current/log_inprogress_0
2019-09-23 12:15:19,768 [grpc-default-executor-0] INFO  impl.RaftServerImpl (ServerState.java:setRaftConf(354)) - 620e03eb-5792-43a0-abc3-57f3598042a0@group-43D52F5C57FC: set configuration 0: [fd76b1b9-3975-4c1b-a674-541739890adb:192.168.34.25:37018, 620e03eb-5792-43a0-abc3-57f3598042a0:192.168.34.25:41511, 2c1c6a22-1f7e-4072-aba0-ada314196a09:192.168.34.25:35632], old=null at 0
2019-09-23 12:15:19,768 [grpc-default-executor-1] INFO  impl.RaftServerImpl (ServerState.java:setRaftConf(354)) - 2c1c6a22-1f7e-4072-aba0-ada314196a09@group-43D52F5C57FC: set configuration 0: [fd76b1b9-3975-4c1b-a674-541739890adb:192.168.34.25:37018, 620e03eb-5792-43a0-abc3-57f3598042a0:192.168.34.25:41511, 2c1c6a22-1f7e-4072-aba0-ada314196a09:192.168.34.25:35632], old=null at 0
2019-09-23 12:15:19,768 [grpc-default-executor-0] INFO  segmented.SegmentedRaftLogWorker (SegmentedRaftLogWorker.java:startLogSegment(380)) - 620e03eb-5792-43a0-abc3-57f3598042a0@group-43D52F5C57FC-SegmentedRaftLogWorker: Starting segment from index:0
2019-09-23 12:15:19,769 [grpc-default-executor-1] INFO  segmented.SegmentedRaftLogWorker (SegmentedRaftLogWorker.java:startLogSegment(380)) - 2c1c6a22-1f7e-4072-aba0-ada314196a09@group-43D52F5C57FC-SegmentedRaftLogWorker: Starting segment from index:0
2019-09-23 12:15:19,852 [2c1c6a22-1f7e-4072-aba0-ada314196a09@group-43D52F5C57FC-SegmentedRaftLogWorker] INFO  segmented.SegmentedRaftLogWorker (SegmentedRaftLogWorker.java:execute(569)) - 2c1c6a22-1f7e-4072-aba0-ada314196a09@group-43D52F5C57FC-SegmentedRaftLogWorker: created new log segment /workdir/hadoop-ozone/integration-test/target/test-dir/MiniOzoneClusterImpl-32207017-7822-4caf-b7bd-0faf8cfdfdb9/datanode-0/data/ratis/b5e278f0-6099-4257-8263-43d52f5c57fc/current/log_inprogress_0
2019-09-23 12:15:19,852 [620e03eb-5792-43a0-abc3-57f3598042a0@group-43D52F5C57FC-SegmentedRaftLogWorker] INFO  segmented.SegmentedRaftLogWorker (SegmentedRaftLogWorker.java:execute(569)) - 620e03eb-5792-43a0-abc3-57f3598042a0@group-43D52F5C57FC-SegmentedRaftLogWorker: created new log segment /workdir/hadoop-ozone/integration-test/target/test-dir/MiniOzoneClusterImpl-32207017-7822-4caf-b7bd-0faf8cfdfdb9/datanode-4/data/ratis/b5e278f0-6099-4257-8263-43d52f5c57fc/current/log_inprogress_0
2019-09-23 12:15:19,894 [Thread-275] INFO  impl.FollowerState (FollowerState.java:run(106)) - 4ddde203-cad5-4bc5-8096-7cd0d56f8dde:group-DC78406225F1 changes to CANDIDATE, lastRpcTime:5058, electionTimeout:5058ms
2019-09-23 12:15:19,894 [Thread-275] INFO  impl.RoleInfo (RoleInfo.java:shutdownFollowerState(121)) - 4ddde203-cad5-4bc5-8096-7cd0d56f8dde: shutdown FollowerState
2019-09-23 12:15:19,894 [Thread-275] INFO  impl.RaftServerImpl (RaftServerImpl.java:setRole(174)) - 4ddde203-cad5-4bc5-8096-7cd0d56f8dde@group-DC78406225F1: changes role from  FOLLOWER to CANDIDATE at term 0 for changeToCandidate
2019-09-23 12:15:19,894 [Thread-275] INFO  impl.RoleInfo (RoleInfo.java:updateAndGet(143)) - 4ddde203-cad5-4bc5-8096-7cd0d56f8dde: start LeaderElection
2019-09-23 12:15:19,966 [4ddde203-cad5-4bc5-8096-7cd0d56f8dde@group-DC78406225F1:LeaderElection10] INFO  impl.LeaderElection (LeaderElection.java:askForVotes(182)) - 4ddde203-cad5-4bc5-8096-7cd0d56f8dde@group-DC78406225F1:LeaderElection10: begin an election at term 1 for -1: [b4923e46-e34f-46ff-a37a-54ebe4f79e2f:192.168.34.25:34255, fb4a87eb-4fe4-437b-9043-b3384983251d:192.168.34.25:34345, 4ddde203-cad5-4bc5-8096-7cd0d56f8dde:192.168.34.25:40657], old=null
2019-09-23 12:15:19,984 [grpc-default-executor-1] INFO  impl.RaftServerImpl (RaftServerImpl.java:setRole(174)) - b4923e46-e34f-46ff-a37a-54ebe4f79e2f@group-DC78406225F1: changes role from  FOLLOWER to FOLLOWER at term 1 for recognizeCandidate:4ddde203-cad5-4bc5-8096-7cd0d56f8dde
2019-09-23 12:15:19,984 [grpc-default-executor-0] INFO  impl.RaftServerImpl (RaftServerImpl.java:setRole(174)) - fb4a87eb-4fe4-437b-9043-b3384983251d@group-DC78406225F1: changes role from  FOLLOWER to FOLLOWER at term 1 for recognizeCandidate:4ddde203-cad5-4bc5-8096-7cd0d56f8dde
2019-09-23 12:15:19,985 [grpc-default-executor-1] INFO  impl.RoleInfo (RoleInfo.java:shutdownFollowerState(121)) - b4923e46-e34f-46ff-a37a-54ebe4f79e2f: shutdown FollowerState
2019-09-23 12:15:19,985 [grpc-default-executor-0] INFO  impl.RoleInfo (RoleInfo.java:shutdownFollowerState(121)) - fb4a87eb-4fe4-437b-9043-b3384983251d: shutdown FollowerState
2019-09-23 12:15:19,985 [grpc-default-executor-1] INFO  impl.RoleInfo (RoleInfo.java:updateAndGet(143)) - b4923e46-e34f-46ff-a37a-54ebe4f79e2f: start FollowerState
2019-09-23 12:15:19,985 [Thread-277] INFO  impl.FollowerState (FollowerState.java:run(115)) - fb4a87eb-4fe4-437b-9043-b3384983251d: FollowerState was interrupted: java.lang.InterruptedException: sleep interrupted
2019-09-23 12:15:19,985 [Thread-278] INFO  impl.FollowerState (FollowerState.java:run(115)) - b4923e46-e34f-46ff-a37a-54ebe4f79e2f: FollowerState was interrupted: java.lang.InterruptedException: sleep interrupted
2019-09-23 12:15:19,985 [grpc-default-executor-0] INFO  impl.RoleInfo (RoleInfo.java:updateAndGet(143)) - fb4a87eb-4fe4-437b-9043-b3384983251d: start FollowerState
2019-09-23 12:15:20,057 [4ddde203-cad5-4bc5-8096-7cd0d56f8dde@group-DC78406225F1:LeaderElection10] INFO  impl.LeaderElection (LeaderElection.java:logAndReturn(56)) - 4ddde203-cad5-4bc5-8096-7cd0d56f8dde@group-DC78406225F1:LeaderElection10: Election PASSED; received 1 response(s) [4ddde203-cad5-4bc5-8096-7cd0d56f8dde<-b4923e46-e34f-46ff-a37a-54ebe4f79e2f#0:OK-t1] and 0 exception(s); 4ddde203-cad5-4bc5-8096-7cd0d56f8dde@group-DC78406225F1:t1, leader=null, voted=4ddde203-cad5-4bc5-8096-7cd0d56f8dde, raftlog=4ddde203-cad5-4bc5-8096-7cd0d56f8dde@group-DC78406225F1-SegmentedRaftLog:OPENED:c-1,f-1,i0, conf=-1: [b4923e46-e34f-46ff-a37a-54ebe4f79e2f:192.168.34.25:34255, fb4a87eb-4fe4-437b-9043-b3384983251d:192.168.34.25:34345, 4ddde203-cad5-4bc5-8096-7cd0d56f8dde:192.168.34.25:40657], old=null
2019-09-23 12:15:20,057 [4ddde203-cad5-4bc5-8096-7cd0d56f8dde@group-DC78406225F1:LeaderElection10] INFO  impl.RoleInfo (RoleInfo.java:shutdownLeaderElection(134)) - 4ddde203-cad5-4bc5-8096-7cd0d56f8dde: shutdown LeaderElection
2019-09-23 12:15:20,065 [4ddde203-cad5-4bc5-8096-7cd0d56f8dde@group-DC78406225F1:LeaderElection10] INFO  impl.RaftServerImpl (RaftServerImpl.java:setRole(174)) - 4ddde203-cad5-4bc5-8096-7cd0d56f8dde@group-DC78406225F1: changes role from CANDIDATE to LEADER at term 1 for changeToLeader
2019-09-23 12:15:20,065 [4ddde203-cad5-4bc5-8096-7cd0d56f8dde@group-DC78406225F1:LeaderElection10] INFO  impl.RaftServerImpl (ServerState.java:setLeader(253)) - 4ddde203-cad5-4bc5-8096-7cd0d56f8dde@group-DC78406225F1: change Leader from null to 4ddde203-cad5-4bc5-8096-7cd0d56f8dde at term 1 for becomeLeader, leader elected after 5243ms
2019-09-23 12:15:20,065 [4ddde203-cad5-4bc5-8096-7cd0d56f8dde@group-DC78406225F1:LeaderElection10] INFO  server.RaftServerConfigKeys (ConfUtils.java:logGet(43)) - raft.server.staging.catchup.gap = 1000 (default)
2019-09-23 12:15:20,066 [4ddde203-cad5-4bc5-8096-7cd0d56f8dde@group-DC78406225F1:LeaderElection10] INFO  server.RaftServerConfigKeys (ConfUtils.java:logGet(43)) - raft.server.rpc.sleep.time = 25ms (default)
2019-09-23 12:15:20,066 [4ddde203-cad5-4bc5-8096-7cd0d56f8dde@group-DC78406225F1:LeaderElection10] INFO  server.RaftServerConfigKeys (ConfUtils.java:logGet(43)) - raft.server.write.element-limit = 4096 (default)
2019-09-23 12:15:20,066 [4ddde203-cad5-4bc5-8096-7cd0d56f8dde@group-DC78406225F1:LeaderElection10] INFO  server.RaftServerConfigKeys (ConfUtils.java:logGet(43)) - raft.server.watch.timeout = 10s (default)
2019-09-23 12:15:20,066 [4ddde203-cad5-4bc5-8096-7cd0d56f8dde@group-DC78406225F1:LeaderElection10] INFO  server.RaftServerConfigKeys (ConfUtils.java:logGet(43)) - raft.server.watch.timeout.denomination = 1s (default)
2019-09-23 12:15:20,067 [4ddde203-cad5-4bc5-8096-7cd0d56f8dde@group-DC78406225F1:LeaderElection10] INFO  server.RaftServerConfigKeys (ConfUtils.java:logGet(43)) - raft.server.watch.element-limit = 65536 (default)
2019-09-23 12:15:20,071 [4ddde203-cad5-4bc5-8096-7cd0d56f8dde@group-DC78406225F1:LeaderElection10] INFO  server.RaftServerConfigKeys (ConfUtils.java:logGet(43)) - raft.server.log.appender.snapshot.chunk.size.max = 16MB (=16777216) (default)
2019-09-23 12:15:20,071 [4ddde203-cad5-4bc5-8096-7cd0d56f8dde@group-DC78406225F1:LeaderElection10] INFO  server.RaftServerConfigKeys (ConfUtils.java:logGet(43)) - raft.server.log.appender.buffer.byte-limit = 33554432 (custom)
2019-09-23 12:15:20,072 [4ddde203-cad5-4bc5-8096-7cd0d56f8dde@group-DC78406225F1:LeaderElection10] INFO  server.RaftServerConfigKeys (ConfUtils.java:logGet(43)) - raft.server.log.appender.buffer.element-limit = 1 (custom)
2019-09-23 12:15:20,072 [4ddde203-cad5-4bc5-8096-7cd0d56f8dde@group-DC78406225F1:LeaderElection10] INFO  grpc.GrpcConfigKeys$Server (ConfUtils.java:logGet(43)) - raft.grpc.server.leader.outstanding.appends.max = 128 (default)
2019-09-23 12:15:20,072 [4ddde203-cad5-4bc5-8096-7cd0d56f8dde@group-DC78406225F1:LeaderElection10] INFO  server.RaftServerConfigKeys (ConfUtils.java:logGet(43)) - raft.server.rpc.request.timeout = 3000ms (default)
2019-09-23 12:15:20,073 [4ddde203-cad5-4bc5-8096-7cd0d56f8dde@group-DC78406225F1:LeaderElection10] INFO  server.RaftServerConfigKeys (ConfUtils.java:logGet(43)) - raft.server.log.appender.install.snapshot.enabled = false (custom)
2019-09-23 12:15:20,073 [4ddde203-cad5-4bc5-8096-7cd0d56f8dde@group-DC78406225F1:LeaderElection10] INFO  server.RaftServerConfigKeys (ConfUtils.java:logGet(43)) - raft.server.log.appender.snapshot.chunk.size.max = 16MB (=16777216) (default)
2019-09-23 12:15:20,073 [4ddde203-cad5-4bc5-8096-7cd0d56f8dde@group-DC78406225F1:LeaderElection10] INFO  server.RaftServerConfigKeys (ConfUtils.java:logGet(43)) - raft.server.log.appender.buffer.byte-limit = 33554432 (custom)
2019-09-23 12:15:20,074 [4ddde203-cad5-4bc5-8096-7cd0d56f8dde@group-DC78406225F1:LeaderElection10] INFO  server.RaftServerConfigKeys (ConfUtils.java:logGet(43)) - raft.server.log.appender.buffer.element-limit = 1 (custom)
2019-09-23 12:15:20,074 [4ddde203-cad5-4bc5-8096-7cd0d56f8dde@group-DC78406225F1:LeaderElection10] INFO  grpc.GrpcConfigKeys$Server (ConfUtils.java:logGet(43)) - raft.grpc.server.leader.outstanding.appends.max = 128 (default)
2019-09-23 12:15:20,074 [4ddde203-cad5-4bc5-8096-7cd0d56f8dde@group-DC78406225F1:LeaderElection10] INFO  server.RaftServerConfigKeys (ConfUtils.java:logGet(43)) - raft.server.rpc.request.timeout = 3000ms (default)
2019-09-23 12:15:20,075 [4ddde203-cad5-4bc5-8096-7cd0d56f8dde@group-DC78406225F1:LeaderElection10] INFO  server.RaftServerConfigKeys (ConfUtils.java:logGet(43)) - raft.server.log.appender.install.snapshot.enabled = false (custom)
2019-09-23 12:15:20,075 [4ddde203-cad5-4bc5-8096-7cd0d56f8dde@group-DC78406225F1:LeaderElection10] INFO  impl.RoleInfo (RoleInfo.java:updateAndGet(143)) - 4ddde203-cad5-4bc5-8096-7cd0d56f8dde: start LeaderState
2019-09-23 12:15:20,075 [4ddde203-cad5-4bc5-8096-7cd0d56f8dde@group-DC78406225F1:LeaderElection10] INFO  segmented.SegmentedRaftLogWorker (SegmentedRaftLogWorker.java:startLogSegment(380)) - 4ddde203-cad5-4bc5-8096-7cd0d56f8dde@group-DC78406225F1-SegmentedRaftLogWorker: Starting segment from index:0
2019-09-23 12:15:20,077 [4ddde203-cad5-4bc5-8096-7cd0d56f8dde@group-DC78406225F1:LeaderElection10] INFO  impl.RaftServerImpl (ServerState.java:setRaftConf(354)) - 4ddde203-cad5-4bc5-8096-7cd0d56f8dde@group-DC78406225F1: set configuration 0: [b4923e46-e34f-46ff-a37a-54ebe4f79e2f:192.168.34.25:34255, fb4a87eb-4fe4-437b-9043-b3384983251d:192.168.34.25:34345, 4ddde203-cad5-4bc5-8096-7cd0d56f8dde:192.168.34.25:40657], old=null at 0
2019-09-23 12:15:20,111 [grpc-default-executor-1] INFO  impl.RaftServerImpl (ServerState.java:setLeader(253)) - fb4a87eb-4fe4-437b-9043-b3384983251d@group-DC78406225F1: change Leader from null to 4ddde203-cad5-4bc5-8096-7cd0d56f8dde at term 1 for appendEntries, leader elected after 5289ms
2019-09-23 12:15:20,111 [grpc-default-executor-0] INFO  impl.RaftServerImpl (ServerState.java:setLeader(253)) - b4923e46-e34f-46ff-a37a-54ebe4f79e2f@group-DC78406225F1: change Leader from null to 4ddde203-cad5-4bc5-8096-7cd0d56f8dde at term 1 for appendEntries, leader elected after 5289ms
2019-09-23 12:15:20,118 [grpc-default-executor-0] INFO  impl.RaftServerImpl (ServerState.java:setRaftConf(354)) - fb4a87eb-4fe4-437b-9043-b3384983251d@group-DC78406225F1: set configuration 0: [b4923e46-e34f-46ff-a37a-54ebe4f79e2f:192.168.34.25:34255, fb4a87eb-4fe4-437b-9043-b3384983251d:192.168.34.25:34345, 4ddde203-cad5-4bc5-8096-7cd0d56f8dde:192.168.34.25:40657], old=null at 0
2019-09-23 12:15:20,118 [grpc-default-executor-1] INFO  impl.RaftServerImpl (ServerState.java:setRaftConf(354)) - b4923e46-e34f-46ff-a37a-54ebe4f79e2f@group-DC78406225F1: set configuration 0: [b4923e46-e34f-46ff-a37a-54ebe4f79e2f:192.168.34.25:34255, fb4a87eb-4fe4-437b-9043-b3384983251d:192.168.34.25:34345, 4ddde203-cad5-4bc5-8096-7cd0d56f8dde:192.168.34.25:40657], old=null at 0
2019-09-23 12:15:20,118 [grpc-default-executor-0] INFO  segmented.SegmentedRaftLogWorker (SegmentedRaftLogWorker.java:startLogSegment(380)) - fb4a87eb-4fe4-437b-9043-b3384983251d@group-DC78406225F1-SegmentedRaftLogWorker: Starting segment from index:0
2019-09-23 12:15:20,118 [grpc-default-executor-1] INFO  segmented.SegmentedRaftLogWorker (SegmentedRaftLogWorker.java:startLogSegment(380)) - b4923e46-e34f-46ff-a37a-54ebe4f79e2f@group-DC78406225F1-SegmentedRaftLogWorker: Starting segment from index:0
2019-09-23 12:15:20,166 [4ddde203-cad5-4bc5-8096-7cd0d56f8dde@group-DC78406225F1-SegmentedRaftLogWorker] INFO  segmented.SegmentedRaftLogWorker (SegmentedRaftLogWorker.java:execute(569)) - 4ddde203-cad5-4bc5-8096-7cd0d56f8dde@group-DC78406225F1-SegmentedRaftLogWorker: created new log segment /workdir/hadoop-ozone/integration-test/target/test-dir/MiniOzoneClusterImpl-32207017-7822-4caf-b7bd-0faf8cfdfdb9/datanode-5/data/ratis/bfe2dc92-a1c6-438c-a221-dc78406225f1/current/log_inprogress_0
2019-09-23 12:15:20,190 [fb4a87eb-4fe4-437b-9043-b3384983251d@group-DC78406225F1-SegmentedRaftLogWorker] INFO  segmented.SegmentedRaftLogWorker (SegmentedRaftLogWorker.java:execute(569)) - fb4a87eb-4fe4-437b-9043-b3384983251d@group-DC78406225F1-SegmentedRaftLogWorker: created new log segment /workdir/hadoop-ozone/integration-test/target/test-dir/MiniOzoneClusterImpl-32207017-7822-4caf-b7bd-0faf8cfdfdb9/datanode-3/data/ratis/bfe2dc92-a1c6-438c-a221-dc78406225f1/current/log_inprogress_0
2019-09-23 12:15:20,190 [b4923e46-e34f-46ff-a37a-54ebe4f79e2f@group-DC78406225F1-SegmentedRaftLogWorker] INFO  segmented.SegmentedRaftLogWorker (SegmentedRaftLogWorker.java:execute(569)) - b4923e46-e34f-46ff-a37a-54ebe4f79e2f@group-DC78406225F1-SegmentedRaftLogWorker: created new log segment /workdir/hadoop-ozone/integration-test/target/test-dir/MiniOzoneClusterImpl-32207017-7822-4caf-b7bd-0faf8cfdfdb9/datanode-1/data/ratis/bfe2dc92-a1c6-438c-a221-dc78406225f1/current/log_inprogress_0
2019-09-23 12:15:22,209 [Datanode State Machine Thread - 0] INFO  statemachine.DatanodeStateMachine (DatanodeStateMachine.java:lambda$startDaemon$0(350)) - Ozone container server started.
2019-09-23 12:15:26,258 [main] INFO  ozoneimpl.OzoneContainer (OzoneContainer.java:stop(231)) - Attempting to stop container services.
2019-09-23 12:15:26,259 [main] INFO  impl.RaftServerProxy (RaftServerProxy.java:lambda$close$4(314)) - fd76b1b9-3975-4c1b-a674-541739890adb: close
2019-09-23 12:15:26,262 [main] INFO  impl.RaftServerImpl (RaftServerImpl.java:lambda$shutdown$3(251)) - fd76b1b9-3975-4c1b-a674-541739890adb@group-60C685553D31: shutdown
2019-09-23 12:15:26,262 [ForkJoinPool.commonPool-worker-0] INFO  impl.RaftServerImpl (RaftServerImpl.java:lambda$shutdown$3(251)) - fd76b1b9-3975-4c1b-a674-541739890adb@group-43D52F5C57FC: shutdown
2019-09-23 12:15:26,262 [main] INFO  util.JmxRegister (JmxRegister.java:unregister(73)) - Successfully un-registered JMX Bean with object name Ratis:service=RaftServer,group=group-60C685553D31,id=fd76b1b9-3975-4c1b-a674-541739890adb
2019-09-23 12:15:26,263 [ForkJoinPool.commonPool-worker-0] INFO  util.JmxRegister (JmxRegister.java:unregister(73)) - Successfully un-registered JMX Bean with object name Ratis:service=RaftServer,group=group-43D52F5C57FC,id=fd76b1b9-3975-4c1b-a674-541739890adb
2019-09-23 12:15:26,263 [main] INFO  impl.RoleInfo (RoleInfo.java:shutdownLeaderState(104)) - fd76b1b9-3975-4c1b-a674-541739890adb: shutdown LeaderState
2019-09-23 12:15:26,263 [ForkJoinPool.commonPool-worker-0] INFO  impl.RoleInfo (RoleInfo.java:shutdownLeaderState(104)) - fd76b1b9-3975-4c1b-a674-541739890adb: shutdown LeaderState
2019-09-23 12:15:26,264 [main] INFO  impl.PendingRequests (PendingRequests.java:sendNotLeaderResponses(202)) - fd76b1b9-3975-4c1b-a674-541739890adb-PendingRequests: sendNotLeaderResponses
2019-09-23 12:15:26,269 [org.apache.ratis.server.impl.LogAppender$AppenderDaemon$$Lambda$465/220934713@13971088] WARN  server.GrpcLogAppender (GrpcLogAppender.java:mayWait(143)) - fd76b1b9-3975-4c1b-a674-541739890adb@group-43D52F5C57FC->620e03eb-5792-43a0-abc3-57f3598042a0-GrpcLogAppender: Wait interrupted by java.lang.InterruptedException
2019-09-23 12:15:26,269 [org.apache.ratis.server.impl.LogAppender$AppenderDaemon$$Lambda$465/220934713@376f2615] WARN  server.GrpcLogAppender (GrpcLogAppender.java:mayWait(143)) - fd76b1b9-3975-4c1b-a674-541739890adb@group-43D52F5C57FC->2c1c6a22-1f7e-4072-aba0-ada314196a09-GrpcLogAppender: Wait interrupted by java.lang.InterruptedException
2019-09-23 12:15:26,269 [ForkJoinPool.commonPool-worker-0] INFO  impl.PendingRequests (PendingRequests.java:sendNotLeaderResponses(202)) - fd76b1b9-3975-4c1b-a674-541739890adb-PendingRequests: sendNotLeaderResponses
2019-09-23 12:15:26,286 [main] INFO  impl.StateMachineUpdater (StateMachineUpdater.java:stopAndJoin(125)) - fd76b1b9-3975-4c1b-a674-541739890adb@group-60C685553D31-StateMachineUpdater: set stopIndex = 0
2019-09-23 12:15:26,286 [ForkJoinPool.commonPool-worker-0] INFO  impl.StateMachineUpdater (StateMachineUpdater.java:stopAndJoin(125)) - fd76b1b9-3975-4c1b-a674-541739890adb@group-43D52F5C57FC-StateMachineUpdater: set stopIndex = 2
2019-09-23 12:15:26,288 [grpc-default-executor-1] INFO  server.GrpcServerProtocolService (GrpcServerProtocolService.java:onCompleted(113)) - 2c1c6a22-1f7e-4072-aba0-ada314196a09: Completed APPEND_ENTRIES, lastRequest: fd76b1b9-3975-4c1b-a674-541739890adb->2c1c6a22-1f7e-4072-aba0-ada314196a09#5-t1, previous=(t:1, i:2), leaderCommit=2, initializing? false, entries: <empty>
2019-09-23 12:15:26,288 [grpc-default-executor-0] INFO  server.GrpcServerProtocolService (GrpcServerProtocolService.java:onCompleted(113)) - 620e03eb-5792-43a0-abc3-57f3598042a0: Completed APPEND_ENTRIES, lastRequest: fd76b1b9-3975-4c1b-a674-541739890adb->620e03eb-5792-43a0-abc3-57f3598042a0#5-t1, previous=(t:1, i:2), leaderCommit=2, initializing? false, entries: <empty>
2019-09-23 12:15:26,290 [fd76b1b9-3975-4c1b-a674-541739890adb@group-43D52F5C57FC-StateMachineUpdater] INFO  ratis.ContainerStateMachine (ContainerStateMachine.java:takeSnapshot(289)) - group-43D52F5C57FC: Taking a snapshot at:(t:1, i:2) file /workdir/hadoop-ozone/integration-test/target/test-dir/MiniOzoneClusterImpl-32207017-7822-4caf-b7bd-0faf8cfdfdb9/datanode-6/data/ratis/b5e278f0-6099-4257-8263-43d52f5c57fc/sm/snapshot.1_2
2019-09-23 12:15:26,291 [main] INFO  impl.RaftServerImpl (ServerState.java:close(385)) - fd76b1b9-3975-4c1b-a674-541739890adb@group-60C685553D31: closes. applyIndex: 0
2019-09-23 12:15:26,294 [grpc-default-executor-2] INFO  server.GrpcLogAppender (GrpcLogAppender.java:onCompleted(293)) - fd76b1b9-3975-4c1b-a674-541739890adb@group-43D52F5C57FC->2c1c6a22-1f7e-4072-aba0-ada314196a09-AppendLogResponseHandler: follower responses appendEntries COMPLETED
2019-09-23 12:15:26,299 [grpc-default-executor-1] INFO  server.GrpcLogAppender (GrpcLogAppender.java:onCompleted(293)) - fd76b1b9-3975-4c1b-a674-541739890adb@group-43D52F5C57FC->620e03eb-5792-43a0-abc3-57f3598042a0-AppendLogResponseHandler: follower responses appendEntries COMPLETED
2019-09-23 12:15:26,302 [grpc-default-executor-1] INFO  impl.FollowerInfo (FollowerInfo.java:lambda$new$0(51)) - fd76b1b9-3975-4c1b-a674-541739890adb@group-43D52F5C57FC->620e03eb-5792-43a0-abc3-57f3598042a0: nextIndex: updateUnconditionally 3 -> 2
2019-09-23 12:15:26,304 [fd76b1b9-3975-4c1b-a674-541739890adb@group-60C685553D31-SegmentedRaftLogWorker] INFO  segmented.SegmentedRaftLogWorker (SegmentedRaftLogWorker.java:run(313)) - fd76b1b9-3975-4c1b-a674-541739890adb@group-60C685553D31-SegmentedRaftLogWorker was interrupted, exiting. There are 0 tasks remaining in the queue.
2019-09-23 12:15:26,302 [grpc-default-executor-2] INFO  impl.FollowerInfo (FollowerInfo.java:lambda$new$0(51)) - fd76b1b9-3975-4c1b-a674-541739890adb@group-43D52F5C57FC->2c1c6a22-1f7e-4072-aba0-ada314196a09: nextIndex: updateUnconditionally 3 -> 2
2019-09-23 12:15:26,306 [main] INFO  segmented.SegmentedRaftLogWorker (SegmentedRaftLogWorker.java:close(228)) - fd76b1b9-3975-4c1b-a674-541739890adb@group-60C685553D31-SegmentedRaftLogWorker close()
2019-09-23 12:15:26,452 [fd76b1b9-3975-4c1b-a674-541739890adb@group-43D52F5C57FC-StateMachineUpdater] INFO  ratis.ContainerStateMachine (ContainerStateMachine.java:takeSnapshot(300)) - group-43D52F5C57FC: Finished taking a snapshot at:(t:1, i:2) file:/workdir/hadoop-ozone/integration-test/target/test-dir/MiniOzoneClusterImpl-32207017-7822-4caf-b7bd-0faf8cfdfdb9/datanode-6/data/ratis/b5e278f0-6099-4257-8263-43d52f5c57fc/sm/snapshot.1_2 time:166
2019-09-23 12:15:26,454 [fd76b1b9-3975-4c1b-a674-541739890adb@group-43D52F5C57FC-StateMachineUpdater] INFO  impl.StateMachineUpdater (StateMachineUpdater.java:takeSnapshot(258)) - fd76b1b9-3975-4c1b-a674-541739890adb@group-43D52F5C57FC-StateMachineUpdater: Took a snapshot at index 2
2019-09-23 12:15:26,455 [fd76b1b9-3975-4c1b-a674-541739890adb@group-43D52F5C57FC-StateMachineUpdater] INFO  impl.StateMachineUpdater (StateMachineUpdater.java:lambda$new$0(83)) - fd76b1b9-3975-4c1b-a674-541739890adb@group-43D52F5C57FC-StateMachineUpdater: snapshotIndex: updateIncreasingly -1 -> 2
2019-09-23 12:15:26,468 [ForkJoinPool.commonPool-worker-0] INFO  impl.RaftServerImpl (ServerState.java:close(385)) - fd76b1b9-3975-4c1b-a674-541739890adb@group-43D52F5C57FC: closes. applyIndex: 2
2019-09-23 12:15:26,468 [fd76b1b9-3975-4c1b-a674-541739890adb@group-43D52F5C57FC-SegmentedRaftLogWorker] INFO  segmented.SegmentedRaftLogWorker (SegmentedRaftLogWorker.java:run(313)) - fd76b1b9-3975-4c1b-a674-541739890adb@group-43D52F5C57FC-SegmentedRaftLogWorker was interrupted, exiting. There are 0 tasks remaining in the queue.
2019-09-23 12:15:26,470 [ForkJoinPool.commonPool-worker-0] INFO  segmented.SegmentedRaftLogWorker (SegmentedRaftLogWorker.java:close(228)) - fd76b1b9-3975-4c1b-a674-541739890adb@group-43D52F5C57FC-SegmentedRaftLogWorker close()
2019-09-23 12:15:26,475 [main] INFO  server.GrpcService (GrpcService.java:closeImpl(164)) - fd76b1b9-3975-4c1b-a674-541739890adb: shutdown server with port 37018 now
2019-09-23 12:15:26,478 [main] INFO  server.GrpcService (GrpcService.java:closeImpl(172)) - fd76b1b9-3975-4c1b-a674-541739890adb: shutdown server with port 37018 successfully
2019-09-23 12:15:26,481 [refreshUsed-/workdir/hadoop-ozone/integration-test/target/test-dir/MiniOzoneClusterImpl-32207017-7822-4caf-b7bd-0faf8cfdfdb9/datanode-6/data/containers] WARN  fs.CachingGetSpaceUsed (CachingGetSpaceUsed.java:run(183)) - Thread Interrupted waiting to refresh disk information: sleep interrupted
2019-09-23 12:15:26,501 [main] INFO  utils.BackgroundService (BackgroundService.java:shutdown(148)) - Shutting down service BlockDeletingService
2019-09-23 12:15:26,507 [main] INFO  statemachine.DatanodeStateMachine (DatanodeStateMachine.java:stopDaemon(395)) - Ozone container server stopped.
2019-09-23 12:15:26,510 [main] INFO  handler.ContextHandler (ContextHandler.java:doStop(910)) - Stopped o.e.j.w.WebAppContext@625dfff3{/,null,UNAVAILABLE}{/hddsDatanode}
2019-09-23 12:15:26,516 [main] INFO  server.AbstractConnector (AbstractConnector.java:doStop(318)) - Stopped ServerConnector@26350ea2{HTTP/1.1,[http/1.1]}{0.0.0.0:0}
2019-09-23 12:15:26,517 [main] INFO  handler.ContextHandler (ContextHandler.java:doStop(910)) - Stopped o.e.j.s.ServletContextHandler@7c8c70d6{/static,jar:file:/home/user/.m2/repository/org/apache/hadoop/hadoop-hdds-container-service/0.5.0-SNAPSHOT/hadoop-hdds-container-service-0.5.0-SNAPSHOT.jar!/webapps/static,UNAVAILABLE}
2019-09-23 12:15:26,517 [main] INFO  handler.ContextHandler (ContextHandler.java:doStop(910)) - Stopped o.e.j.s.ServletContextHandler@34780cd9{/logs,file:///workdir/hadoop-ozone/integration-test/target/log,UNAVAILABLE}
2019-09-23 12:15:34,879 [Thread-311] INFO  impl.FollowerState (FollowerState.java:run(106)) - 2c1c6a22-1f7e-4072-aba0-ada314196a09:group-43D52F5C57FC changes to CANDIDATE, lastRpcTime:9233, electionTimeout:5128ms
2019-09-23 12:15:34,880 [Thread-311] INFO  impl.RoleInfo (RoleInfo.java:shutdownFollowerState(121)) - 2c1c6a22-1f7e-4072-aba0-ada314196a09: shutdown FollowerState
2019-09-23 12:15:34,880 [Thread-311] INFO  impl.RaftServerImpl (RaftServerImpl.java:setRole(174)) - 2c1c6a22-1f7e-4072-aba0-ada314196a09@group-43D52F5C57FC: changes role from  FOLLOWER to CANDIDATE at term 1 for changeToCandidate
2019-09-23 12:15:34,881 [Thread-311] INFO  impl.RoleInfo (RoleInfo.java:updateAndGet(143)) - 2c1c6a22-1f7e-4072-aba0-ada314196a09: start LeaderElection
2019-09-23 12:15:34,883 [2c1c6a22-1f7e-4072-aba0-ada314196a09@group-43D52F5C57FC:LeaderElection11] INFO  impl.RaftServerImpl (ServerState.java:setLeader(253)) - 2c1c6a22-1f7e-4072-aba0-ada314196a09@group-43D52F5C57FC: change Leader from fd76b1b9-3975-4c1b-a674-541739890adb to null at term 1 for initElection
2019-09-23 12:15:34,917 [Thread-317] INFO  impl.FollowerState (FollowerState.java:run(106)) - 620e03eb-5792-43a0-abc3-57f3598042a0:group-43D52F5C57FC changes to CANDIDATE, lastRpcTime:9271, electionTimeout:5070ms
2019-09-23 12:15:34,918 [Thread-317] INFO  impl.RoleInfo (RoleInfo.java:shutdownFollowerState(121)) - 620e03eb-5792-43a0-abc3-57f3598042a0: shutdown FollowerState
2019-09-23 12:15:34,918 [Thread-317] INFO  impl.RaftServerImpl (RaftServerImpl.java:setRole(174)) - 620e03eb-5792-43a0-abc3-57f3598042a0@group-43D52F5C57FC: changes role from  FOLLOWER to CANDIDATE at term 1 for changeToCandidate
2019-09-23 12:15:34,918 [Thread-317] INFO  impl.RoleInfo (RoleInfo.java:updateAndGet(143)) - 620e03eb-5792-43a0-abc3-57f3598042a0: start LeaderElection
2019-09-23 12:15:34,920 [620e03eb-5792-43a0-abc3-57f3598042a0@group-43D52F5C57FC:LeaderElection12] INFO  impl.RaftServerImpl (ServerState.java:setLeader(253)) - 620e03eb-5792-43a0-abc3-57f3598042a0@group-43D52F5C57FC: change Leader from fd76b1b9-3975-4c1b-a674-541739890adb to null at term 1 for initElection
2019-09-23 12:15:37,918 [620e03eb-5792-43a0-abc3-57f3598042a0@group-43D52F5C57FC:LeaderElection12] INFO  impl.LeaderElection (LeaderElection.java:askForVotes(182)) - 620e03eb-5792-43a0-abc3-57f3598042a0@group-43D52F5C57FC:LeaderElection12: begin an election at term 2 for 0: [fd76b1b9-3975-4c1b-a674-541739890adb:192.168.34.25:37018, 620e03eb-5792-43a0-abc3-57f3598042a0:192.168.34.25:41511, 2c1c6a22-1f7e-4072-aba0-ada314196a09:192.168.34.25:35632], old=null
2019-09-23 12:15:37,918 [2c1c6a22-1f7e-4072-aba0-ada314196a09@group-43D52F5C57FC:LeaderElection11] INFO  impl.LeaderElection (LeaderElection.java:askForVotes(182)) - 2c1c6a22-1f7e-4072-aba0-ada314196a09@group-43D52F5C57FC:LeaderElection11: begin an election at term 2 for 0: [fd76b1b9-3975-4c1b-a674-541739890adb:192.168.34.25:37018, 620e03eb-5792-43a0-abc3-57f3598042a0:192.168.34.25:41511, 2c1c6a22-1f7e-4072-aba0-ada314196a09:192.168.34.25:35632], old=null
2019-09-23 12:15:37,934 [2c1c6a22-1f7e-4072-aba0-ada314196a09@group-43D52F5C57FC:LeaderElection11] INFO  impl.LeaderElection (LogUtils.java:infoOrTrace(149)) - 2c1c6a22-1f7e-4072-aba0-ada314196a09@group-43D52F5C57FC:LeaderElection11 got exception when requesting votes: {}
java.util.concurrent.ExecutionException: org.apache.ratis.thirdparty.io.grpc.StatusRuntimeException: UNAVAILABLE: io exception
	at java.util.concurrent.FutureTask.report(FutureTask.java:122)
	at java.util.concurrent.FutureTask.get(FutureTask.java:192)
	at org.apache.ratis.server.impl.LeaderElection.waitForResults(LeaderElection.java:263)
	at org.apache.ratis.server.impl.LeaderElection.askForVotes(LeaderElection.java:201)
	at org.apache.ratis.server.impl.LeaderElection.run(LeaderElection.java:133)
	at java.lang.Thread.run(Thread.java:748)
Caused by: org.apache.ratis.thirdparty.io.grpc.StatusRuntimeException: UNAVAILABLE: io exception
	at org.apache.ratis.thirdparty.io.grpc.stub.ClientCalls.toStatusRuntimeException(ClientCalls.java:233)
	at org.apache.ratis.thirdparty.io.grpc.stub.ClientCalls.getUnchecked(ClientCalls.java:214)
	at org.apache.ratis.thirdparty.io.grpc.stub.ClientCalls.blockingUnaryCall(ClientCalls.java:139)
	at org.apache.ratis.proto.grpc.RaftServerProtocolServiceGrpc$RaftServerProtocolServiceBlockingStub.requestVote(RaftServerProtocolServiceGrpc.java:265)
	at org.apache.ratis.grpc.server.GrpcServerProtocolClient.requestVote(GrpcServerProtocolClient.java:90)
	at org.apache.ratis.grpc.server.GrpcService.requestVote(GrpcService.java:204)
	at org.apache.ratis.server.impl.LeaderElection.lambda$submitRequests$1(LeaderElection.java:238)
	at java.util.concurrent.FutureTask.run(FutureTask.java:266)
	at java.util.concurrent.Executors$RunnableAdapter.call(Executors.java:511)
	at java.util.concurrent.FutureTask.run(FutureTask.java:266)
	at java.util.concurrent.ThreadPoolExecutor.runWorker(ThreadPoolExecutor.java:1149)
	at java.util.concurrent.ThreadPoolExecutor$Worker.run(ThreadPoolExecutor.java:624)
	... 1 more
Caused by: org.apache.ratis.thirdparty.io.netty.channel.AbstractChannel$AnnotatedConnectException: Connection refused: /192.168.34.25:37018
	at sun.nio.ch.SocketChannelImpl.checkConnect(Native Method)
	at sun.nio.ch.SocketChannelImpl.finishConnect(SocketChannelImpl.java:717)
	at org.apache.ratis.thirdparty.io.netty.channel.socket.nio.NioSocketChannel.doFinishConnect(NioSocketChannel.java:327)
	at org.apache.ratis.thirdparty.io.netty.channel.nio.AbstractNioChannel$AbstractNioUnsafe.finishConnect(AbstractNioChannel.java:340)
	at org.apache.ratis.thirdparty.io.netty.channel.nio.NioEventLoop.processSelectedKey(NioEventLoop.java:632)
	at org.apache.ratis.thirdparty.io.netty.channel.nio.NioEventLoop.processSelectedKeysOptimized(NioEventLoop.java:579)
	at org.apache.ratis.thirdparty.io.netty.channel.nio.NioEventLoop.processSelectedKeys(NioEventLoop.java:496)
	at org.apache.ratis.thirdparty.io.netty.channel.nio.NioEventLoop.run(NioEventLoop.java:458)
	at org.apache.ratis.thirdparty.io.netty.util.concurrent.SingleThreadEventExecutor$5.run(SingleThreadEventExecutor.java:897)
	at org.apache.ratis.thirdparty.io.netty.util.concurrent.FastThreadLocalRunnable.run(FastThreadLocalRunnable.java:30)
	... 1 more
Caused by: java.net.ConnectException: Connection refused
	... 11 more
2019-09-23 12:15:37,934 [620e03eb-5792-43a0-abc3-57f3598042a0@group-43D52F5C57FC:LeaderElection12] INFO  impl.LeaderElection (LogUtils.java:infoOrTrace(149)) - 620e03eb-5792-43a0-abc3-57f3598042a0@group-43D52F5C57FC:LeaderElection12 got exception when requesting votes: {}
java.util.concurrent.ExecutionException: org.apache.ratis.thirdparty.io.grpc.StatusRuntimeException: UNAVAILABLE: io exception
	at java.util.concurrent.FutureTask.report(FutureTask.java:122)
	at java.util.concurrent.FutureTask.get(FutureTask.java:192)
	at org.apache.ratis.server.impl.LeaderElection.waitForResults(LeaderElection.java:263)
	at org.apache.ratis.server.impl.LeaderElection.askForVotes(LeaderElection.java:201)
	at org.apache.ratis.server.impl.LeaderElection.run(LeaderElection.java:133)
	at java.lang.Thread.run(Thread.java:748)
Caused by: org.apache.ratis.thirdparty.io.grpc.StatusRuntimeException: UNAVAILABLE: io exception
	at org.apache.ratis.thirdparty.io.grpc.stub.ClientCalls.toStatusRuntimeException(ClientCalls.java:233)
	at org.apache.ratis.thirdparty.io.grpc.stub.ClientCalls.getUnchecked(ClientCalls.java:214)
	at org.apache.ratis.thirdparty.io.grpc.stub.ClientCalls.blockingUnaryCall(ClientCalls.java:139)
	at org.apache.ratis.proto.grpc.RaftServerProtocolServiceGrpc$RaftServerProtocolServiceBlockingStub.requestVote(RaftServerProtocolServiceGrpc.java:265)
	at org.apache.ratis.grpc.server.GrpcServerProtocolClient.requestVote(GrpcServerProtocolClient.java:90)
	at org.apache.ratis.grpc.server.GrpcService.requestVote(GrpcService.java:204)
	at org.apache.ratis.server.impl.LeaderElection.lambda$submitRequests$1(LeaderElection.java:238)
	at java.util.concurrent.FutureTask.run(FutureTask.java:266)
	at java.util.concurrent.Executors$RunnableAdapter.call(Executors.java:511)
	at java.util.concurrent.FutureTask.run(FutureTask.java:266)
	at java.util.concurrent.ThreadPoolExecutor.runWorker(ThreadPoolExecutor.java:1149)
	at java.util.concurrent.ThreadPoolExecutor$Worker.run(ThreadPoolExecutor.java:624)
	... 1 more
Caused by: org.apache.ratis.thirdparty.io.netty.channel.AbstractChannel$AnnotatedConnectException: Connection refused: /192.168.34.25:37018
	at sun.nio.ch.SocketChannelImpl.checkConnect(Native Method)
	at sun.nio.ch.SocketChannelImpl.finishConnect(SocketChannelImpl.java:717)
	at org.apache.ratis.thirdparty.io.netty.channel.socket.nio.NioSocketChannel.doFinishConnect(NioSocketChannel.java:327)
	at org.apache.ratis.thirdparty.io.netty.channel.nio.AbstractNioChannel$AbstractNioUnsafe.finishConnect(AbstractNioChannel.java:340)
	at org.apache.ratis.thirdparty.io.netty.channel.nio.NioEventLoop.processSelectedKey(NioEventLoop.java:632)
	at org.apache.ratis.thirdparty.io.netty.channel.nio.NioEventLoop.processSelectedKeysOptimized(NioEventLoop.java:579)
	at org.apache.ratis.thirdparty.io.netty.channel.nio.NioEventLoop.processSelectedKeys(NioEventLoop.java:496)
	at org.apache.ratis.thirdparty.io.netty.channel.nio.NioEventLoop.run(NioEventLoop.java:458)
	at org.apache.ratis.thirdparty.io.netty.util.concurrent.SingleThreadEventExecutor$5.run(SingleThreadEventExecutor.java:897)
	at org.apache.ratis.thirdparty.io.netty.util.concurrent.FastThreadLocalRunnable.run(FastThreadLocalRunnable.java:30)
	... 1 more
Caused by: java.net.ConnectException: Connection refused
	... 11 more
2019-09-23 12:15:37,940 [2c1c6a22-1f7e-4072-aba0-ada314196a09@group-43D52F5C57FC:LeaderElection11] INFO  impl.LeaderElection (LeaderElection.java:logAndReturn(56)) - 2c1c6a22-1f7e-4072-aba0-ada314196a09@group-43D52F5C57FC:LeaderElection11: Election REJECTED; received 1 response(s) [2c1c6a22-1f7e-4072-aba0-ada314196a09<-620e03eb-5792-43a0-abc3-57f3598042a0#0:FAIL-t2] and 1 exception(s); 2c1c6a22-1f7e-4072-aba0-ada314196a09@group-43D52F5C57FC:t2, leader=null, voted=2c1c6a22-1f7e-4072-aba0-ada314196a09, raftlog=2c1c6a22-1f7e-4072-aba0-ada314196a09@group-43D52F5C57FC-SegmentedRaftLog:OPENED:c2,f2,i2, conf=0: [fd76b1b9-3975-4c1b-a674-541739890adb:192.168.34.25:37018, 620e03eb-5792-43a0-abc3-57f3598042a0:192.168.34.25:41511, 2c1c6a22-1f7e-4072-aba0-ada314196a09:192.168.34.25:35632], old=null
2019-09-23 12:15:37,942 [620e03eb-5792-43a0-abc3-57f3598042a0@group-43D52F5C57FC:LeaderElection12] INFO  impl.LeaderElection (LeaderElection.java:logAndReturn(56)) - 620e03eb-5792-43a0-abc3-57f3598042a0@group-43D52F5C57FC:LeaderElection12: Election REJECTED; received 1 response(s) [620e03eb-5792-43a0-abc3-57f3598042a0<-2c1c6a22-1f7e-4072-aba0-ada314196a09#0:FAIL-t2] and 1 exception(s); 620e03eb-5792-43a0-abc3-57f3598042a0@group-43D52F5C57FC:t2, leader=null, voted=620e03eb-5792-43a0-abc3-57f3598042a0, raftlog=620e03eb-5792-43a0-abc3-57f3598042a0@group-43D52F5C57FC-SegmentedRaftLog:OPENED:c2,f2,i2, conf=0: [fd76b1b9-3975-4c1b-a674-541739890adb:192.168.34.25:37018, 620e03eb-5792-43a0-abc3-57f3598042a0:192.168.34.25:41511, 2c1c6a22-1f7e-4072-aba0-ada314196a09:192.168.34.25:35632], old=null
2019-09-23 12:15:37,943 [2c1c6a22-1f7e-4072-aba0-ada314196a09@group-43D52F5C57FC:LeaderElection11] INFO  impl.LeaderElection (LogUtils.java:infoOrTrace(149)) -   Exception 0: {}
java.util.concurrent.ExecutionException: org.apache.ratis.thirdparty.io.grpc.StatusRuntimeException: UNAVAILABLE: io exception
	at java.util.concurrent.FutureTask.report(FutureTask.java:122)
	at java.util.concurrent.FutureTask.get(FutureTask.java:192)
	at org.apache.ratis.server.impl.LeaderElection.waitForResults(LeaderElection.java:263)
	at org.apache.ratis.server.impl.LeaderElection.askForVotes(LeaderElection.java:201)
	at org.apache.ratis.server.impl.LeaderElection.run(LeaderElection.java:133)
	at java.lang.Thread.run(Thread.java:748)
Caused by: org.apache.ratis.thirdparty.io.grpc.StatusRuntimeException: UNAVAILABLE: io exception
	at org.apache.ratis.thirdparty.io.grpc.stub.ClientCalls.toStatusRuntimeException(ClientCalls.java:233)
	at org.apache.ratis.thirdparty.io.grpc.stub.ClientCalls.getUnchecked(ClientCalls.java:214)
	at org.apache.ratis.thirdparty.io.grpc.stub.ClientCalls.blockingUnaryCall(ClientCalls.java:139)
	at org.apache.ratis.proto.grpc.RaftServerProtocolServiceGrpc$RaftServerProtocolServiceBlockingStub.requestVote(RaftServerProtocolServiceGrpc.java:265)
	at org.apache.ratis.grpc.server.GrpcServerProtocolClient.requestVote(GrpcServerProtocolClient.java:90)
	at org.apache.ratis.grpc.server.GrpcService.requestVote(GrpcService.java:204)
	at org.apache.ratis.server.impl.LeaderElection.lambda$submitRequests$1(LeaderElection.java:238)
	at java.util.concurrent.FutureTask.run(FutureTask.java:266)
	at java.util.concurrent.Executors$RunnableAdapter.call(Executors.java:511)
	at java.util.concurrent.FutureTask.run(FutureTask.java:266)
	at java.util.concurrent.ThreadPoolExecutor.runWorker(ThreadPoolExecutor.java:1149)
	at java.util.concurrent.ThreadPoolExecutor$Worker.run(ThreadPoolExecutor.java:624)
	... 1 more
Caused by: org.apache.ratis.thirdparty.io.netty.channel.AbstractChannel$AnnotatedConnectException: Connection refused: /192.168.34.25:37018
	at sun.nio.ch.SocketChannelImpl.checkConnect(Native Method)
	at sun.nio.ch.SocketChannelImpl.finishConnect(SocketChannelImpl.java:717)
	at org.apache.ratis.thirdparty.io.netty.channel.socket.nio.NioSocketChannel.doFinishConnect(NioSocketChannel.java:327)
	at org.apache.ratis.thirdparty.io.netty.channel.nio.AbstractNioChannel$AbstractNioUnsafe.finishConnect(AbstractNioChannel.java:340)
	at org.apache.ratis.thirdparty.io.netty.channel.nio.NioEventLoop.processSelectedKey(NioEventLoop.java:632)
	at org.apache.ratis.thirdparty.io.netty.channel.nio.NioEventLoop.processSelectedKeysOptimized(NioEventLoop.java:579)
	at org.apache.ratis.thirdparty.io.netty.channel.nio.NioEventLoop.processSelectedKeys(NioEventLoop.java:496)
	at org.apache.ratis.thirdparty.io.netty.channel.nio.NioEventLoop.run(NioEventLoop.java:458)
	at org.apache.ratis.thirdparty.io.netty.util.concurrent.SingleThreadEventExecutor$5.run(SingleThreadEventExecutor.java:897)
	at org.apache.ratis.thirdparty.io.netty.util.concurrent.FastThreadLocalRunnable.run(FastThreadLocalRunnable.java:30)
	... 1 more
Caused by: java.net.ConnectException: Connection refused
	... 11 more
2019-09-23 12:15:37,943 [620e03eb-5792-43a0-abc3-57f3598042a0@group-43D52F5C57FC:LeaderElection12] INFO  impl.LeaderElection (LogUtils.java:infoOrTrace(149)) -   Exception 0: {}
java.util.concurrent.ExecutionException: org.apache.ratis.thirdparty.io.grpc.StatusRuntimeException: UNAVAILABLE: io exception
	at java.util.concurrent.FutureTask.report(FutureTask.java:122)
	at java.util.concurrent.FutureTask.get(FutureTask.java:192)
	at org.apache.ratis.server.impl.LeaderElection.waitForResults(LeaderElection.java:263)
	at org.apache.ratis.server.impl.LeaderElection.askForVotes(LeaderElection.java:201)
	at org.apache.ratis.server.impl.LeaderElection.run(LeaderElection.java:133)
	at java.lang.Thread.run(Thread.java:748)
Caused by: org.apache.ratis.thirdparty.io.grpc.StatusRuntimeException: UNAVAILABLE: io exception
	at org.apache.ratis.thirdparty.io.grpc.stub.ClientCalls.toStatusRuntimeException(ClientCalls.java:233)
	at org.apache.ratis.thirdparty.io.grpc.stub.ClientCalls.getUnchecked(ClientCalls.java:214)
	at org.apache.ratis.thirdparty.io.grpc.stub.ClientCalls.blockingUnaryCall(ClientCalls.java:139)
	at org.apache.ratis.proto.grpc.RaftServerProtocolServiceGrpc$RaftServerProtocolServiceBlockingStub.requestVote(RaftServerProtocolServiceGrpc.java:265)
	at org.apache.ratis.grpc.server.GrpcServerProtocolClient.requestVote(GrpcServerProtocolClient.java:90)
	at org.apache.ratis.grpc.server.GrpcService.requestVote(GrpcService.java:204)
	at org.apache.ratis.server.impl.LeaderElection.lambda$submitRequests$1(LeaderElection.java:238)
	at java.util.concurrent.FutureTask.run(FutureTask.java:266)
	at java.util.concurrent.Executors$RunnableAdapter.call(Executors.java:511)
	at java.util.concurrent.FutureTask.run(FutureTask.java:266)
	at java.util.concurrent.ThreadPoolExecutor.runWorker(ThreadPoolExecutor.java:1149)
	at java.util.concurrent.ThreadPoolExecutor$Worker.run(ThreadPoolExecutor.java:624)
	... 1 more
Caused by: org.apache.ratis.thirdparty.io.netty.channel.AbstractChannel$AnnotatedConnectException: Connection refused: /192.168.34.25:37018
	at sun.nio.ch.SocketChannelImpl.checkConnect(Native Method)
	at sun.nio.ch.SocketChannelImpl.finishConnect(SocketChannelImpl.java:717)
	at org.apache.ratis.thirdparty.io.netty.channel.socket.nio.NioSocketChannel.doFinishConnect(NioSocketChannel.java:327)
	at org.apache.ratis.thirdparty.io.netty.channel.nio.AbstractNioChannel$AbstractNioUnsafe.finishConnect(AbstractNioChannel.java:340)
	at org.apache.ratis.thirdparty.io.netty.channel.nio.NioEventLoop.processSelectedKey(NioEventLoop.java:632)
	at org.apache.ratis.thirdparty.io.netty.channel.nio.NioEventLoop.processSelectedKeysOptimized(NioEventLoop.java:579)
	at org.apache.ratis.thirdparty.io.netty.channel.nio.NioEventLoop.processSelectedKeys(NioEventLoop.java:496)
	at org.apache.ratis.thirdparty.io.netty.channel.nio.NioEventLoop.run(NioEventLoop.java:458)
	at org.apache.ratis.thirdparty.io.netty.util.concurrent.SingleThreadEventExecutor$5.run(SingleThreadEventExecutor.java:897)
	at org.apache.ratis.thirdparty.io.netty.util.concurrent.FastThreadLocalRunnable.run(FastThreadLocalRunnable.java:30)
	... 1 more
Caused by: java.net.ConnectException: Connection refused
	... 11 more
2019-09-23 12:15:37,946 [2c1c6a22-1f7e-4072-aba0-ada314196a09@group-43D52F5C57FC:LeaderElection11] INFO  impl.RaftServerImpl (RaftServerImpl.java:setRole(174)) - 2c1c6a22-1f7e-4072-aba0-ada314196a09@group-43D52F5C57FC: changes role from CANDIDATE to FOLLOWER at term 2 for DISCOVERED_A_NEW_TERM
2019-09-23 12:15:37,947 [620e03eb-5792-43a0-abc3-57f3598042a0@group-43D52F5C57FC:LeaderElection12] INFO  impl.RaftServerImpl (RaftServerImpl.java:setRole(174)) - 620e03eb-5792-43a0-abc3-57f3598042a0@group-43D52F5C57FC: changes role from CANDIDATE to FOLLOWER at term 2 for DISCOVERED_A_NEW_TERM
2019-09-23 12:15:37,947 [2c1c6a22-1f7e-4072-aba0-ada314196a09@group-43D52F5C57FC:LeaderElection11] INFO  impl.RoleInfo (RoleInfo.java:shutdownLeaderElection(134)) - 2c1c6a22-1f7e-4072-aba0-ada314196a09: shutdown LeaderElection
2019-09-23 12:15:37,947 [620e03eb-5792-43a0-abc3-57f3598042a0@group-43D52F5C57FC:LeaderElection12] INFO  impl.RoleInfo (RoleInfo.java:shutdownLeaderElection(134)) - 620e03eb-5792-43a0-abc3-57f3598042a0: shutdown LeaderElection
2019-09-23 12:15:37,948 [2c1c6a22-1f7e-4072-aba0-ada314196a09@group-43D52F5C57FC:LeaderElection11] INFO  impl.RoleInfo (RoleInfo.java:updateAndGet(143)) - 2c1c6a22-1f7e-4072-aba0-ada314196a09: start FollowerState
2019-09-23 12:15:37,948 [620e03eb-5792-43a0-abc3-57f3598042a0@group-43D52F5C57FC:LeaderElection12] INFO  impl.RoleInfo (RoleInfo.java:updateAndGet(143)) - 620e03eb-5792-43a0-abc3-57f3598042a0: start FollowerState
]]></system-out>
    <system-err><![CDATA[ERROR StatusLogger No Log4j 2 configuration file found. Using default configuration (logging only errors to the console), or user programmatically provided configurations. Set system property 'log4j2.debug' to show Log4j 2 internal initialization logging. See https://logging.apache.org/log4j/2.x/manual/configuration.html for instructions on how to configure Log4j 2
]]></system-err>
  </testcase>
</testsuite>