<?xml version="1.0" encoding="UTF-8"?>
<testsuite xmlns:xsi="http://www.w3.org/2001/XMLSchema-instance" xsi:noNamespaceSchemaLocation="https://maven.apache.org/surefire/maven-surefire-plugin/xsd/surefire-test-report.xsd" name="org.apache.hadoop.ozone.client.rpc.TestBlockOutputStreamWithFailures" time="710.064" tests="8" errors="1" skipped="0" failures="1">
  <properties>
    <property name="awt.toolkit" value="sun.awt.X11.XToolkit"/>
    <property name="file.encoding.pkg" value="sun.io"/>
    <property name="java.specification.version" value="1.8"/>
    <property name="sun.cpu.isalist" value=""/>
    <property name="sun.jnu.encoding" value="UTF-8"/>
    <property name="java.class.path" value="/workdir/hadoop-ozone/integration-test/target/test-classes:/workdir/hadoop-ozone/integration-test/target/classes:/home/user/.m2/repository/org/apache/hadoop/hadoop-ozone-common/0.5.0-SNAPSHOT/hadoop-ozone-common-0.5.0-SNAPSHOT.jar:/home/user/.m2/repository/org/apache/commons/commons-compress/1.4.1/commons-compress-1.4.1.jar:/home/user/.m2/repository/org/tukaani/xz/1.0/xz-1.0.jar:/home/user/.m2/repository/org/apache/hadoop/hadoop-common/3.2.0/hadoop-common-3.2.0.jar:/home/user/.m2/repository/org/apache/hadoop/hadoop-hdfs/3.2.0/hadoop-hdfs-3.2.0.jar:/home/user/.m2/repository/org/apache/hadoop/hadoop-hdfs-client/3.2.0/hadoop-hdfs-client-3.2.0.jar:/home/user/.m2/repository/com/fasterxml/jackson/core/jackson-annotations/2.9.5/jackson-annotations-2.9.5.jar:/home/user/.m2/repository/org/apache/hadoop/hadoop-hdds-common/0.5.0-SNAPSHOT/hadoop-hdds-common-0.5.0-SNAPSHOT.jar:/home/user/.m2/repository/javax/annotation/javax.annotation-api/1.2/javax.annotation-api-1.2.jar:/home/user/.m2/repository/org/apache/ratis/ratis-server/0.4.0-2337318-SNAPSHOT/ratis-server-0.4.0-2337318-SNAPSHOT.jar:/home/user/.m2/repository/org/apache/ratis/ratis-thirdparty-misc/0.2.0/ratis-thirdparty-misc-0.2.0.jar:/home/user/.m2/repository/org/apache/ratis/ratis-proto/0.4.0-2337318-SNAPSHOT/ratis-proto-0.4.0-2337318-SNAPSHOT.jar:/home/user/.m2/repository/org/apache/ratis/ratis-common/0.4.0-2337318-SNAPSHOT/ratis-common-0.4.0-2337318-SNAPSHOT.jar:/home/user/.m2/repository/org/apache/ratis/ratis-client/0.4.0-2337318-SNAPSHOT/ratis-client-0.4.0-2337318-SNAPSHOT.jar:/home/user/.m2/repository/org/apache/ratis/ratis-metrics/0.4.0-2337318-SNAPSHOT/ratis-metrics-0.4.0-2337318-SNAPSHOT.jar:/home/user/.m2/repository/org/apache/ratis/ratis-netty/0.4.0-2337318-SNAPSHOT/ratis-netty-0.4.0-2337318-SNAPSHOT.jar:/home/user/.m2/repository/org/apache/ratis/ratis-grpc/0.4.0-2337318-SNAPSHOT/ratis-grpc-0.4.0-2337318-SNAPSHOT.jar:/home/user/.m2/repository/org/rocksdb/rocksdbjni/6.0.1/rocksdbjni-6.0.1.jar:/home/user/.m2/repository/org/apache/logging/log4j/log4j-api/2.11.0/log4j-api-2.11.0.jar:/home/user/.m2/repository/org/apache/logging/log4j/log4j-core/2.11.0/log4j-core-2.11.0.jar:/home/user/.m2/repository/com/lmax/disruptor/3.4.2/disruptor-3.4.2.jar:/home/user/.m2/repository/org/apache/commons/commons-pool2/2.6.0/commons-pool2-2.6.0.jar:/home/user/.m2/repository/org/bouncycastle/bcpkix-jdk15on/1.60/bcpkix-jdk15on-1.60.jar:/home/user/.m2/repository/commons-validator/commons-validator/1.6/commons-validator-1.6.jar:/home/user/.m2/repository/commons-digester/commons-digester/1.8.1/commons-digester-1.8.1.jar:/home/user/.m2/repository/io/jaegertracing/jaeger-client/0.33.1/jaeger-client-0.33.1.jar:/home/user/.m2/repository/io/jaegertracing/jaeger-thrift/0.33.1/jaeger-thrift-0.33.1.jar:/home/user/.m2/repository/org/apache/thrift/libthrift/0.11.0/libthrift-0.11.0.jar:/home/user/.m2/repository/com/squareup/okhttp3/okhttp/3.9.0/okhttp-3.9.0.jar:/home/user/.m2/repository/com/squareup/okio/okio/1.13.0/okio-1.13.0.jar:/home/user/.m2/repository/io/jaegertracing/jaeger-core/0.33.1/jaeger-core-0.33.1.jar:/home/user/.m2/repository/io/jaegertracing/jaeger-tracerresolver/0.33.1/jaeger-tracerresolver-0.33.1.jar:/home/user/.m2/repository/io/opentracing/contrib/opentracing-tracerresolver/0.1.5/opentracing-tracerresolver-0.1.5.jar:/home/user/.m2/repository/io/opentracing/opentracing-util/0.31.0/opentracing-util-0.31.0.jar:/home/user/.m2/repository/io/opentracing/opentracing-api/0.31.0/opentracing-api-0.31.0.jar:/home/user/.m2/repository/io/opentracing/opentracing-noop/0.31.0/opentracing-noop-0.31.0.jar:/home/user/.m2/repository/org/apache/hadoop/hadoop-hdds-server-framework/0.5.0-SNAPSHOT/hadoop-hdds-server-framework-0.5.0-SNAPSHOT.jar:/home/user/.m2/repository/org/apache/hadoop/hadoop-hdds-container-service/0.5.0-SNAPSHOT/hadoop-hdds-container-service-0.5.0-SNAPSHOT.jar:/home/user/.m2/repository/org/apache/hadoop/hadoop-hdds-client/0.5.0-SNAPSHOT/hadoop-hdds-client-0.5.0-SNAPSHOT.jar:/home/user/.m2/repository/org/apache/hadoop/hadoop-hdds-tools/0.5.0-SNAPSHOT/hadoop-hdds-tools-0.5.0-SNAPSHOT.jar:/home/user/.m2/repository/org/apache/hadoop/hadoop-hdds-server-scm/0.5.0-SNAPSHOT/hadoop-hdds-server-scm-0.5.0-SNAPSHOT.jar:/home/user/.m2/repository/org/apache/hadoop/hadoop-hdds-docs/0.5.0-SNAPSHOT/hadoop-hdds-docs-0.5.0-SNAPSHOT.jar:/home/user/.m2/repository/io/dropwizard/metrics/metrics-core/3.2.4/metrics-core-3.2.4.jar:/home/user/.m2/repository/org/hamcrest/hamcrest-all/1.3/hamcrest-all-1.3.jar:/home/user/.m2/repository/org/bouncycastle/bcprov-jdk15on/1.60/bcprov-jdk15on-1.60.jar:/home/user/.m2/repository/info/picocli/picocli/3.9.6/picocli-3.9.6.jar:/home/user/.m2/repository/com/google/protobuf/protobuf-java/2.5.0/protobuf-java-2.5.0.jar:/home/user/.m2/repository/com/google/guava/guava/11.0.2/guava-11.0.2.jar:/home/user/.m2/repository/org/apache/hadoop/hadoop-ozone-ozone-manager/0.5.0-SNAPSHOT/hadoop-ozone-ozone-manager-0.5.0-SNAPSHOT.jar:/home/user/.m2/repository/org/apache/hadoop/hadoop-minikdc/3.2.0/hadoop-minikdc-3.2.0.jar:/home/user/.m2/repository/commons-io/commons-io/2.5/commons-io-2.5.jar:/home/user/.m2/repository/org/apache/kerby/kerb-simplekdc/1.0.1/kerb-simplekdc-1.0.1.jar:/home/user/.m2/repository/org/apache/kerby/kerb-client/1.0.1/kerb-client-1.0.1.jar:/home/user/.m2/repository/org/apache/kerby/kerby-config/1.0.1/kerby-config-1.0.1.jar:/home/user/.m2/repository/org/apache/kerby/kerb-core/1.0.1/kerb-core-1.0.1.jar:/home/user/.m2/repository/org/apache/kerby/kerby-pkix/1.0.1/kerby-pkix-1.0.1.jar:/home/user/.m2/repository/org/apache/kerby/kerby-asn1/1.0.1/kerby-asn1-1.0.1.jar:/home/user/.m2/repository/org/apache/kerby/kerby-util/1.0.1/kerby-util-1.0.1.jar:/home/user/.m2/repository/org/apache/kerby/kerb-common/1.0.1/kerb-common-1.0.1.jar:/home/user/.m2/repository/org/apache/kerby/kerb-crypto/1.0.1/kerb-crypto-1.0.1.jar:/home/user/.m2/repository/org/apache/kerby/kerb-util/1.0.1/kerb-util-1.0.1.jar:/home/user/.m2/repository/org/apache/kerby/token-provider/1.0.1/token-provider-1.0.1.jar:/home/user/.m2/repository/org/apache/kerby/kerb-admin/1.0.1/kerb-admin-1.0.1.jar:/home/user/.m2/repository/org/apache/kerby/kerb-server/1.0.1/kerb-server-1.0.1.jar:/home/user/.m2/repository/org/apache/kerby/kerb-identity/1.0.1/kerb-identity-1.0.1.jar:/home/user/.m2/repository/org/apache/kerby/kerby-xdr/1.0.1/kerby-xdr-1.0.1.jar:/home/user/.m2/repository/org/slf4j/slf4j-log4j12/1.7.25/slf4j-log4j12-1.7.25.jar:/home/user/.m2/repository/org/apache/hadoop/hadoop-ozone-objectstore-service/0.5.0-SNAPSHOT/hadoop-ozone-objectstore-service-0.5.0-SNAPSHOT.jar:/home/user/.m2/repository/org/apache/hadoop/hadoop-ozone-s3gateway/0.5.0-SNAPSHOT/hadoop-ozone-s3gateway-0.5.0-SNAPSHOT.jar:/home/user/.m2/repository/org/jboss/weld/servlet/weld-servlet/2.4.7.Final/weld-servlet-2.4.7.Final.jar:/home/user/.m2/repository/org/glassfish/jersey/containers/jersey-container-servlet-core/2.27/jersey-container-servlet-core-2.27.jar:/home/user/.m2/repository/org/glassfish/hk2/external/javax.inject/2.5.0-b42/javax.inject-2.5.0-b42.jar:/home/user/.m2/repository/org/glassfish/jersey/core/jersey-common/2.27/jersey-common-2.27.jar:/home/user/.m2/repository/org/glassfish/hk2/osgi-resource-locator/1.0.1/osgi-resource-locator-1.0.1.jar:/home/user/.m2/repository/javax/ws/rs/javax.ws.rs-api/2.1/javax.ws.rs-api-2.1.jar:/home/user/.m2/repository/org/glassfish/jersey/ext/cdi/jersey-cdi1x/2.27/jersey-cdi1x-2.27.jar:/home/user/.m2/repository/org/glassfish/jersey/inject/jersey-hk2/2.27/jersey-hk2-2.27.jar:/home/user/.m2/repository/org/glassfish/hk2/hk2-locator/2.5.0-b42/hk2-locator-2.5.0-b42.jar:/home/user/.m2/repository/org/javassist/javassist/3.22.0-CR2/javassist-3.22.0-CR2.jar:/home/user/.m2/repository/org/glassfish/hk2/hk2-api/2.5.0/hk2-api-2.5.0.jar:/home/user/.m2/repository/org/glassfish/hk2/external/jakarta.inject/2.5.0/jakarta.inject-2.5.0.jar:/home/user/.m2/repository/org/glassfish/hk2/hk2-utils/2.5.0/hk2-utils-2.5.0.jar:/home/user/.m2/repository/jakarta/annotation/jakarta.annotation-api/1.3.4/jakarta.annotation-api-1.3.4.jar:/home/user/.m2/repository/org/glassfish/hk2/external/aopalliance-repackaged/2.5.0/aopalliance-repackaged-2.5.0.jar:/home/user/.m2/repository/com/fasterxml/jackson/dataformat/jackson-dataformat-xml/2.9.0/jackson-dataformat-xml-2.9.0.jar:/home/user/.m2/repository/com/fasterxml/jackson/core/jackson-core/2.9.5/jackson-core-2.9.5.jar:/home/user/.m2/repository/com/fasterxml/jackson/module/jackson-module-jaxb-annotations/2.9.5/jackson-module-jaxb-annotations-2.9.5.jar:/home/user/.m2/repository/javax/enterprise/cdi-api/1.2/cdi-api-1.2.jar:/home/user/.m2/repository/javax/el/javax.el-api/3.0.0/javax.el-api-3.0.0.jar:/home/user/.m2/repository/javax/interceptor/javax.interceptor-api/1.2/javax.interceptor-api-1.2.jar:/home/user/.m2/repository/javax/inject/javax.inject/1/javax.inject-1.jar:/home/user/.m2/repository/com/sun/xml/bind/jaxb-impl/2.3.0.1/jaxb-impl-2.3.0.1.jar:/home/user/.m2/repository/com/sun/xml/bind/jaxb-core/2.3.0.1/jaxb-core-2.3.0.1.jar:/home/user/.m2/repository/javax/xml/bind/jaxb-api/2.3.0/jaxb-api-2.3.0.jar:/home/user/.m2/repository/javax/activation/activation/1.1.1/activation-1.1.1.jar:/home/user/.m2/repository/org/apache/hadoop/hadoop-ozone-csi/0.5.0-SNAPSHOT/hadoop-ozone-csi-0.5.0-SNAPSHOT.jar:/home/user/.m2/repository/com/google/protobuf/protobuf-java-util/3.5.1/protobuf-java-util-3.5.1.jar:/home/user/.m2/repository/org/apache/hadoop/hadoop-hdds-config/0.5.0-SNAPSHOT/hadoop-hdds-config-0.5.0-SNAPSHOT.jar:/home/user/.m2/repository/io/grpc/grpc-netty/1.17.1/grpc-netty-1.17.1.jar:/home/user/.m2/repository/io/grpc/grpc-core/1.17.1/grpc-core-1.17.1.jar:/home/user/.m2/repository/io/grpc/grpc-context/1.17.1/grpc-context-1.17.1.jar:/home/user/.m2/repository/com/google/errorprone/error_prone_annotations/2.2.0/error_prone_annotations-2.2.0.jar:/home/user/.m2/repository/org/codehaus/mojo/animal-sniffer-annotations/1.17/animal-sniffer-annotations-1.17.jar:/home/user/.m2/repository/io/opencensus/opencensus-api/0.17.0/opencensus-api-0.17.0.jar:/home/user/.m2/repository/io/opencensus/opencensus-contrib-grpc-metrics/0.17.0/opencensus-contrib-grpc-metrics-0.17.0.jar:/home/user/.m2/repository/io/netty/netty-codec-http2/4.1.30.Final/netty-codec-http2-4.1.30.Final.jar:/home/user/.m2/repository/io/netty/netty-codec-http/4.1.30.Final/netty-codec-http-4.1.30.Final.jar:/home/user/.m2/repository/io/netty/netty-codec/4.1.30.Final/netty-codec-4.1.30.Final.jar:/home/user/.m2/repository/io/netty/netty-handler/4.1.30.Final/netty-handler-4.1.30.Final.jar:/home/user/.m2/repository/io/netty/netty-handler-proxy/4.1.30.Final/netty-handler-proxy-4.1.30.Final.jar:/home/user/.m2/repository/io/netty/netty-codec-socks/4.1.30.Final/netty-codec-socks-4.1.30.Final.jar:/home/user/.m2/repository/io/netty/netty-transport-native-epoll/4.1.30.Final/netty-transport-native-epoll-4.1.30.Final.jar:/home/user/.m2/repository/io/netty/netty-common/4.1.30.Final/netty-common-4.1.30.Final.jar:/home/user/.m2/repository/io/netty/netty-buffer/4.1.30.Final/netty-buffer-4.1.30.Final.jar:/home/user/.m2/repository/io/netty/netty-transport/4.1.30.Final/netty-transport-4.1.30.Final.jar:/home/user/.m2/repository/io/netty/netty-resolver/4.1.30.Final/netty-resolver-4.1.30.Final.jar:/home/user/.m2/repository/io/netty/netty-transport-native-unix-common/4.1.30.Final/netty-transport-native-unix-common-4.1.30.Final.jar:/home/user/.m2/repository/io/grpc/grpc-protobuf/1.17.1/grpc-protobuf-1.17.1.jar:/home/user/.m2/repository/com/google/api/grpc/proto-google-common-protos/1.0.0/proto-google-common-protos-1.0.0.jar:/home/user/.m2/repository/io/grpc/grpc-protobuf-lite/1.17.1/grpc-protobuf-lite-1.17.1.jar:/home/user/.m2/repository/io/grpc/grpc-stub/1.17.1/grpc-stub-1.17.1.jar:/home/user/.m2/repository/org/apache/hadoop/hadoop-ozone-recon/0.5.0-SNAPSHOT/hadoop-ozone-recon-0.5.0-SNAPSHOT.jar:/home/user/.m2/repository/org/apache/hadoop/hadoop-ozone-reconcodegen/0.5.0-SNAPSHOT/hadoop-ozone-reconcodegen-0.5.0-SNAPSHOT.jar:/home/user/.m2/repository/com/google/inject/extensions/guice-multibindings/4.0/guice-multibindings-4.0.jar:/home/user/.m2/repository/com/google/inject/guice/4.0/guice-4.0.jar:/home/user/.m2/repository/aopalliance/aopalliance/1.0/aopalliance-1.0.jar:/home/user/.m2/repository/com/google/inject/extensions/guice-servlet/4.0/guice-servlet-4.0.jar:/home/user/.m2/repository/org/glassfish/jersey/containers/jersey-container-servlet/2.27/jersey-container-servlet-2.27.jar:/home/user/.m2/repository/org/glassfish/hk2/guice-bridge/2.5.0/guice-bridge-2.5.0.jar:/home/user/.m2/repository/org/glassfish/jersey/core/jersey-server/2.27/jersey-server-2.27.jar:/home/user/.m2/repository/org/glassfish/jersey/core/jersey-client/2.27/jersey-client-2.27.jar:/home/user/.m2/repository/org/glassfish/jersey/media/jersey-media-jaxb/2.27/jersey-media-jaxb-2.27.jar:/home/user/.m2/repository/javax/validation/validation-api/1.1.0.Final/validation-api-1.1.0.Final.jar:/home/user/.m2/repository/org/glassfish/jersey/media/jersey-media-json-jackson/2.27/jersey-media-json-jackson-2.27.jar:/home/user/.m2/repository/org/glassfish/jersey/ext/jersey-entity-filtering/2.27/jersey-entity-filtering-2.27.jar:/home/user/.m2/repository/com/google/inject/extensions/guice-assistedinject/4.0/guice-assistedinject-4.0.jar:/home/user/.m2/repository/org/jooq/jooq/3.11.10/jooq-3.11.10.jar:/home/user/.m2/repository/org/jooq/jooq-meta/3.11.10/jooq-meta-3.11.10.jar:/home/user/.m2/repository/org/jooq/jooq-codegen/3.11.10/jooq-codegen-3.11.10.jar:/home/user/.m2/repository/com/jolbox/bonecp/0.8.0.RELEASE/bonecp-0.8.0.RELEASE.jar:/home/user/.m2/repository/org/xerial/sqlite-jdbc/3.25.2/sqlite-jdbc-3.25.2.jar:/home/user/.m2/repository/org/springframework/spring-jdbc/5.1.3.RELEASE/spring-jdbc-5.1.3.RELEASE.jar:/home/user/.m2/repository/org/springframework/spring-beans/5.1.3.RELEASE/spring-beans-5.1.3.RELEASE.jar:/home/user/.m2/repository/org/springframework/spring-core/5.1.3.RELEASE/spring-core-5.1.3.RELEASE.jar:/home/user/.m2/repository/org/springframework/spring-jcl/5.1.3.RELEASE/spring-jcl-5.1.3.RELEASE.jar:/home/user/.m2/repository/org/springframework/spring-tx/5.1.3.RELEASE/spring-tx-5.1.3.RELEASE.jar:/home/user/.m2/repository/org/apache/hadoop/hadoop-ozone-client/0.5.0-SNAPSHOT/hadoop-ozone-client-0.5.0-SNAPSHOT.jar:/home/user/.m2/repository/commons-lang/commons-lang/2.6/commons-lang-2.6.jar:/home/user/.m2/repository/org/apache/hadoop/hadoop-ozone-ozone-manager/0.5.0-SNAPSHOT/hadoop-ozone-ozone-manager-0.5.0-SNAPSHOT-tests.jar:/home/user/.m2/repository/junit/junit/4.11/junit-4.11.jar:/home/user/.m2/repository/org/hamcrest/hamcrest-core/1.3/hamcrest-core-1.3.jar:/home/user/.m2/repository/org/openjdk/jmh/jmh-core/1.19/jmh-core-1.19.jar:/home/user/.m2/repository/net/sf/jopt-simple/jopt-simple/4.6/jopt-simple-4.6.jar:/home/user/.m2/repository/org/apache/commons/commons-math3/3.1.1/commons-math3-3.1.1.jar:/home/user/.m2/repository/org/openjdk/jmh/jmh-generator-annprocess/1.19/jmh-generator-annprocess-1.19.jar:/home/user/.m2/repository/org/mockito/mockito-all/1.8.5/mockito-all-1.8.5.jar:/home/user/.m2/repository/org/apache/hadoop/hadoop-kms/3.2.0/hadoop-kms-3.2.0.jar:/home/user/.m2/repository/org/apache/hadoop/hadoop-auth/3.2.0/hadoop-auth-3.2.0.jar:/home/user/.m2/repository/com/nimbusds/nimbus-jose-jwt/4.41.1/nimbus-jose-jwt-4.41.1.jar:/home/user/.m2/repository/com/github/stephenc/jcip/jcip-annotations/1.0-1/jcip-annotations-1.0-1.jar:/home/user/.m2/repository/net/minidev/json-smart/2.3/json-smart-2.3.jar:/home/user/.m2/repository/net/minidev/accessors-smart/1.2/accessors-smart-1.2.jar:/home/user/.m2/repository/org/ow2/asm/asm/5.0.4/asm-5.0.4.jar:/home/user/.m2/repository/org/apache/curator/curator-framework/2.12.0/curator-framework-2.12.0.jar:/home/user/.m2/repository/com/sun/jersey/jersey-core/1.19/jersey-core-1.19.jar:/home/user/.m2/repository/javax/ws/rs/jsr311-api/1.1.1/jsr311-api-1.1.1.jar:/home/user/.m2/repository/com/sun/jersey/jersey-server/1.19/jersey-server-1.19.jar:/home/user/.m2/repository/javax/servlet/javax.servlet-api/3.1.0/javax.servlet-api-3.1.0.jar:/home/user/.m2/repository/org/eclipse/jetty/jetty-server/9.3.24.v20180605/jetty-server-9.3.24.v20180605.jar:/home/user/.m2/repository/org/eclipse/jetty/jetty-http/9.3.24.v20180605/jetty-http-9.3.24.v20180605.jar:/home/user/.m2/repository/org/eclipse/jetty/jetty-io/9.3.24.v20180605/jetty-io-9.3.24.v20180605.jar:/home/user/.m2/repository/org/eclipse/jetty/jetty-webapp/9.3.24.v20180605/jetty-webapp-9.3.24.v20180605.jar:/home/user/.m2/repository/org/eclipse/jetty/jetty-xml/9.3.24.v20180605/jetty-xml-9.3.24.v20180605.jar:/home/user/.m2/repository/log4j/log4j/1.2.17/log4j-1.2.17.jar:/home/user/.m2/repository/org/slf4j/slf4j-api/1.7.25/slf4j-api-1.7.25.jar:/home/user/.m2/repository/org/slf4j/jul-to-slf4j/1.7.25/jul-to-slf4j-1.7.25.jar:/home/user/.m2/repository/org/eclipse/jetty/jetty-util/9.3.24.v20180605/jetty-util-9.3.24.v20180605.jar:/home/user/.m2/repository/com/fasterxml/jackson/core/jackson-databind/2.9.5/jackson-databind-2.9.5.jar:/home/user/.m2/repository/org/apache/hadoop/hadoop-kms/3.2.0/hadoop-kms-3.2.0-tests.jar:/home/user/.m2/repository/org/apache/hadoop/hadoop-hdds-server-scm/0.5.0-SNAPSHOT/hadoop-hdds-server-scm-0.5.0-SNAPSHOT-tests.jar:/home/user/.m2/repository/org/apache/hadoop/hadoop-hdds-container-service/0.5.0-SNAPSHOT/hadoop-hdds-container-service-0.5.0-SNAPSHOT-tests.jar:/home/user/.m2/repository/org/yaml/snakeyaml/1.16/snakeyaml-1.16.jar:/home/user/.m2/repository/org/apache/hadoop/hadoop-common/3.2.0/hadoop-common-3.2.0-tests.jar:/home/user/.m2/repository/org/apache/hadoop/hadoop-annotations/3.2.0/hadoop-annotations-3.2.0.jar:/usr/lib/jvm/java-1.8-openjdk/jre/../lib/tools.jar:/home/user/.m2/repository/commons-cli/commons-cli/1.2/commons-cli-1.2.jar:/home/user/.m2/repository/org/apache/httpcomponents/httpclient/4.5.2/httpclient-4.5.2.jar:/home/user/.m2/repository/org/apache/httpcomponents/httpcore/4.4.4/httpcore-4.4.4.jar:/home/user/.m2/repository/commons-codec/commons-codec/1.11/commons-codec-1.11.jar:/home/user/.m2/repository/commons-net/commons-net/3.6/commons-net-3.6.jar:/home/user/.m2/repository/commons-collections/commons-collections/3.2.2/commons-collections-3.2.2.jar:/home/user/.m2/repository/org/eclipse/jetty/jetty-servlet/9.3.24.v20180605/jetty-servlet-9.3.24.v20180605.jar:/home/user/.m2/repository/org/eclipse/jetty/jetty-security/9.3.24.v20180605/jetty-security-9.3.24.v20180605.jar:/home/user/.m2/repository/javax/servlet/jsp/jsp-api/2.1/jsp-api-2.1.jar:/home/user/.m2/repository/com/sun/jersey/jersey-servlet/1.19/jersey-servlet-1.19.jar:/home/user/.m2/repository/com/sun/jersey/jersey-json/1.19/jersey-json-1.19.jar:/home/user/.m2/repository/org/codehaus/jettison/jettison/1.1/jettison-1.1.jar:/home/user/.m2/repository/org/codehaus/jackson/jackson-core-asl/1.9.13/jackson-core-asl-1.9.13.jar:/home/user/.m2/repository/org/codehaus/jackson/jackson-mapper-asl/1.9.13/jackson-mapper-asl-1.9.13.jar:/home/user/.m2/repository/org/codehaus/jackson/jackson-jaxrs/1.9.13/jackson-jaxrs-1.9.13.jar:/home/user/.m2/repository/org/codehaus/jackson/jackson-xc/1.9.13/jackson-xc-1.9.13.jar:/home/user/.m2/repository/commons-logging/commons-logging/1.1.3/commons-logging-1.1.3.jar:/home/user/.m2/repository/commons-beanutils/commons-beanutils/1.9.3/commons-beanutils-1.9.3.jar:/home/user/.m2/repository/org/apache/commons/commons-configuration2/2.1.1/commons-configuration2-2.1.1.jar:/home/user/.m2/repository/org/apache/commons/commons-lang3/3.7/commons-lang3-3.7.jar:/home/user/.m2/repository/org/apache/commons/commons-text/1.4/commons-text-1.4.jar:/home/user/.m2/repository/org/apache/avro/avro/1.7.7/avro-1.7.7.jar:/home/user/.m2/repository/com/thoughtworks/paranamer/paranamer/2.3/paranamer-2.3.jar:/home/user/.m2/repository/org/xerial/snappy/snappy-java/1.0.5/snappy-java-1.0.5.jar:/home/user/.m2/repository/com/google/re2j/re2j/1.1/re2j-1.1.jar:/home/user/.m2/repository/com/google/code/gson/gson/2.2.4/gson-2.2.4.jar:/home/user/.m2/repository/com/jcraft/jsch/0.1.54/jsch-0.1.54.jar:/home/user/.m2/repository/org/apache/curator/curator-client/2.12.0/curator-client-2.12.0.jar:/home/user/.m2/repository/org/apache/curator/curator-recipes/2.12.0/curator-recipes-2.12.0.jar:/home/user/.m2/repository/com/google/code/findbugs/jsr305/3.0.0/jsr305-3.0.0.jar:/home/user/.m2/repository/org/apache/htrace/htrace-core4/4.1.0-incubating/htrace-core4-4.1.0-incubating.jar:/home/user/.m2/repository/org/apache/zookeeper/zookeeper/3.4.13/zookeeper-3.4.13.jar:/home/user/.m2/repository/org/apache/yetus/audience-annotations/0.5.0/audience-annotations-0.5.0.jar:/home/user/.m2/repository/org/codehaus/woodstox/stax2-api/3.1.4/stax2-api-3.1.4.jar:/home/user/.m2/repository/com/fasterxml/woodstox/woodstox-core/5.0.3/woodstox-core-5.0.3.jar:/home/user/.m2/repository/dnsjava/dnsjava/2.1.7/dnsjava-2.1.7.jar:/home/user/.m2/repository/org/apache/hadoop/hadoop-hdfs/3.2.0/hadoop-hdfs-3.2.0-tests.jar:/home/user/.m2/repository/org/eclipse/jetty/jetty-util-ajax/9.3.24.v20180605/jetty-util-ajax-9.3.24.v20180605.jar:/home/user/.m2/repository/commons-daemon/commons-daemon/1.0.13/commons-daemon-1.0.13.jar:/home/user/.m2/repository/io/netty/netty/3.10.5.Final/netty-3.10.5.Final.jar:/home/user/.m2/repository/io/netty/netty-all/4.0.52.Final/netty-all-4.0.52.Final.jar:/home/user/.m2/repository/org/fusesource/leveldbjni/leveldbjni-all/1.8/leveldbjni-all-1.8.jar:"/>
    <property name="java.vm.vendor" value="IcedTea"/>
    <property name="sun.arch.data.model" value="64"/>
    <property name="test.build.dir" value="/workdir/hadoop-ozone/integration-test/target/test-dir"/>
    <property name="test.cache.data" value=""/>
    <property name="java.vendor.url" value="https://icedtea.classpath.org"/>
    <property name="user.timezone" value=""/>
    <property name="java.vm.specification.version" value="1.8"/>
    <property name="os.name" value="Linux"/>
    <property name="test.build.data" value="/workdir/hadoop-ozone/integration-test/target/test-dir"/>
    <property name="user.country" value="US"/>
    <property name="sun.java.launcher" value="SUN_STANDARD"/>
    <property name="sun.boot.library.path" value="/usr/lib/jvm/java-1.8-openjdk/jre/lib/amd64"/>
    <property name="sun.java.command" value="/workdir/hadoop-ozone/integration-test/target/surefire/surefirebooter1905937554307987959.jar /workdir/hadoop-ozone/integration-test/target/surefire 2019-09-05T09-02-34_320-jvmRun1 surefire5476009363076847902tmp surefire_208298009014801861581tmp"/>
    <property name="test" value="!TestMiniChaosOzoneCluster"/>
    <property name="surefire.test.class.path" value="/workdir/hadoop-ozone/integration-test/target/test-classes:/workdir/hadoop-ozone/integration-test/target/classes:/home/user/.m2/repository/org/apache/hadoop/hadoop-ozone-common/0.5.0-SNAPSHOT/hadoop-ozone-common-0.5.0-SNAPSHOT.jar:/home/user/.m2/repository/org/apache/commons/commons-compress/1.4.1/commons-compress-1.4.1.jar:/home/user/.m2/repository/org/tukaani/xz/1.0/xz-1.0.jar:/home/user/.m2/repository/org/apache/hadoop/hadoop-common/3.2.0/hadoop-common-3.2.0.jar:/home/user/.m2/repository/org/apache/hadoop/hadoop-hdfs/3.2.0/hadoop-hdfs-3.2.0.jar:/home/user/.m2/repository/org/apache/hadoop/hadoop-hdfs-client/3.2.0/hadoop-hdfs-client-3.2.0.jar:/home/user/.m2/repository/com/fasterxml/jackson/core/jackson-annotations/2.9.5/jackson-annotations-2.9.5.jar:/home/user/.m2/repository/org/apache/hadoop/hadoop-hdds-common/0.5.0-SNAPSHOT/hadoop-hdds-common-0.5.0-SNAPSHOT.jar:/home/user/.m2/repository/javax/annotation/javax.annotation-api/1.2/javax.annotation-api-1.2.jar:/home/user/.m2/repository/org/apache/ratis/ratis-server/0.4.0-2337318-SNAPSHOT/ratis-server-0.4.0-2337318-SNAPSHOT.jar:/home/user/.m2/repository/org/apache/ratis/ratis-thirdparty-misc/0.2.0/ratis-thirdparty-misc-0.2.0.jar:/home/user/.m2/repository/org/apache/ratis/ratis-proto/0.4.0-2337318-SNAPSHOT/ratis-proto-0.4.0-2337318-SNAPSHOT.jar:/home/user/.m2/repository/org/apache/ratis/ratis-common/0.4.0-2337318-SNAPSHOT/ratis-common-0.4.0-2337318-SNAPSHOT.jar:/home/user/.m2/repository/org/apache/ratis/ratis-client/0.4.0-2337318-SNAPSHOT/ratis-client-0.4.0-2337318-SNAPSHOT.jar:/home/user/.m2/repository/org/apache/ratis/ratis-metrics/0.4.0-2337318-SNAPSHOT/ratis-metrics-0.4.0-2337318-SNAPSHOT.jar:/home/user/.m2/repository/org/apache/ratis/ratis-netty/0.4.0-2337318-SNAPSHOT/ratis-netty-0.4.0-2337318-SNAPSHOT.jar:/home/user/.m2/repository/org/apache/ratis/ratis-grpc/0.4.0-2337318-SNAPSHOT/ratis-grpc-0.4.0-2337318-SNAPSHOT.jar:/home/user/.m2/repository/org/rocksdb/rocksdbjni/6.0.1/rocksdbjni-6.0.1.jar:/home/user/.m2/repository/org/apache/logging/log4j/log4j-api/2.11.0/log4j-api-2.11.0.jar:/home/user/.m2/repository/org/apache/logging/log4j/log4j-core/2.11.0/log4j-core-2.11.0.jar:/home/user/.m2/repository/com/lmax/disruptor/3.4.2/disruptor-3.4.2.jar:/home/user/.m2/repository/org/apache/commons/commons-pool2/2.6.0/commons-pool2-2.6.0.jar:/home/user/.m2/repository/org/bouncycastle/bcpkix-jdk15on/1.60/bcpkix-jdk15on-1.60.jar:/home/user/.m2/repository/commons-validator/commons-validator/1.6/commons-validator-1.6.jar:/home/user/.m2/repository/commons-digester/commons-digester/1.8.1/commons-digester-1.8.1.jar:/home/user/.m2/repository/io/jaegertracing/jaeger-client/0.33.1/jaeger-client-0.33.1.jar:/home/user/.m2/repository/io/jaegertracing/jaeger-thrift/0.33.1/jaeger-thrift-0.33.1.jar:/home/user/.m2/repository/org/apache/thrift/libthrift/0.11.0/libthrift-0.11.0.jar:/home/user/.m2/repository/com/squareup/okhttp3/okhttp/3.9.0/okhttp-3.9.0.jar:/home/user/.m2/repository/com/squareup/okio/okio/1.13.0/okio-1.13.0.jar:/home/user/.m2/repository/io/jaegertracing/jaeger-core/0.33.1/jaeger-core-0.33.1.jar:/home/user/.m2/repository/io/jaegertracing/jaeger-tracerresolver/0.33.1/jaeger-tracerresolver-0.33.1.jar:/home/user/.m2/repository/io/opentracing/contrib/opentracing-tracerresolver/0.1.5/opentracing-tracerresolver-0.1.5.jar:/home/user/.m2/repository/io/opentracing/opentracing-util/0.31.0/opentracing-util-0.31.0.jar:/home/user/.m2/repository/io/opentracing/opentracing-api/0.31.0/opentracing-api-0.31.0.jar:/home/user/.m2/repository/io/opentracing/opentracing-noop/0.31.0/opentracing-noop-0.31.0.jar:/home/user/.m2/repository/org/apache/hadoop/hadoop-hdds-server-framework/0.5.0-SNAPSHOT/hadoop-hdds-server-framework-0.5.0-SNAPSHOT.jar:/home/user/.m2/repository/org/apache/hadoop/hadoop-hdds-container-service/0.5.0-SNAPSHOT/hadoop-hdds-container-service-0.5.0-SNAPSHOT.jar:/home/user/.m2/repository/org/apache/hadoop/hadoop-hdds-client/0.5.0-SNAPSHOT/hadoop-hdds-client-0.5.0-SNAPSHOT.jar:/home/user/.m2/repository/org/apache/hadoop/hadoop-hdds-tools/0.5.0-SNAPSHOT/hadoop-hdds-tools-0.5.0-SNAPSHOT.jar:/home/user/.m2/repository/org/apache/hadoop/hadoop-hdds-server-scm/0.5.0-SNAPSHOT/hadoop-hdds-server-scm-0.5.0-SNAPSHOT.jar:/home/user/.m2/repository/org/apache/hadoop/hadoop-hdds-docs/0.5.0-SNAPSHOT/hadoop-hdds-docs-0.5.0-SNAPSHOT.jar:/home/user/.m2/repository/io/dropwizard/metrics/metrics-core/3.2.4/metrics-core-3.2.4.jar:/home/user/.m2/repository/org/hamcrest/hamcrest-all/1.3/hamcrest-all-1.3.jar:/home/user/.m2/repository/org/bouncycastle/bcprov-jdk15on/1.60/bcprov-jdk15on-1.60.jar:/home/user/.m2/repository/info/picocli/picocli/3.9.6/picocli-3.9.6.jar:/home/user/.m2/repository/com/google/protobuf/protobuf-java/2.5.0/protobuf-java-2.5.0.jar:/home/user/.m2/repository/com/google/guava/guava/11.0.2/guava-11.0.2.jar:/home/user/.m2/repository/org/apache/hadoop/hadoop-ozone-ozone-manager/0.5.0-SNAPSHOT/hadoop-ozone-ozone-manager-0.5.0-SNAPSHOT.jar:/home/user/.m2/repository/org/apache/hadoop/hadoop-minikdc/3.2.0/hadoop-minikdc-3.2.0.jar:/home/user/.m2/repository/commons-io/commons-io/2.5/commons-io-2.5.jar:/home/user/.m2/repository/org/apache/kerby/kerb-simplekdc/1.0.1/kerb-simplekdc-1.0.1.jar:/home/user/.m2/repository/org/apache/kerby/kerb-client/1.0.1/kerb-client-1.0.1.jar:/home/user/.m2/repository/org/apache/kerby/kerby-config/1.0.1/kerby-config-1.0.1.jar:/home/user/.m2/repository/org/apache/kerby/kerb-core/1.0.1/kerb-core-1.0.1.jar:/home/user/.m2/repository/org/apache/kerby/kerby-pkix/1.0.1/kerby-pkix-1.0.1.jar:/home/user/.m2/repository/org/apache/kerby/kerby-asn1/1.0.1/kerby-asn1-1.0.1.jar:/home/user/.m2/repository/org/apache/kerby/kerby-util/1.0.1/kerby-util-1.0.1.jar:/home/user/.m2/repository/org/apache/kerby/kerb-common/1.0.1/kerb-common-1.0.1.jar:/home/user/.m2/repository/org/apache/kerby/kerb-crypto/1.0.1/kerb-crypto-1.0.1.jar:/home/user/.m2/repository/org/apache/kerby/kerb-util/1.0.1/kerb-util-1.0.1.jar:/home/user/.m2/repository/org/apache/kerby/token-provider/1.0.1/token-provider-1.0.1.jar:/home/user/.m2/repository/org/apache/kerby/kerb-admin/1.0.1/kerb-admin-1.0.1.jar:/home/user/.m2/repository/org/apache/kerby/kerb-server/1.0.1/kerb-server-1.0.1.jar:/home/user/.m2/repository/org/apache/kerby/kerb-identity/1.0.1/kerb-identity-1.0.1.jar:/home/user/.m2/repository/org/apache/kerby/kerby-xdr/1.0.1/kerby-xdr-1.0.1.jar:/home/user/.m2/repository/org/slf4j/slf4j-log4j12/1.7.25/slf4j-log4j12-1.7.25.jar:/home/user/.m2/repository/org/apache/hadoop/hadoop-ozone-objectstore-service/0.5.0-SNAPSHOT/hadoop-ozone-objectstore-service-0.5.0-SNAPSHOT.jar:/home/user/.m2/repository/org/apache/hadoop/hadoop-ozone-s3gateway/0.5.0-SNAPSHOT/hadoop-ozone-s3gateway-0.5.0-SNAPSHOT.jar:/home/user/.m2/repository/org/jboss/weld/servlet/weld-servlet/2.4.7.Final/weld-servlet-2.4.7.Final.jar:/home/user/.m2/repository/org/glassfish/jersey/containers/jersey-container-servlet-core/2.27/jersey-container-servlet-core-2.27.jar:/home/user/.m2/repository/org/glassfish/hk2/external/javax.inject/2.5.0-b42/javax.inject-2.5.0-b42.jar:/home/user/.m2/repository/org/glassfish/jersey/core/jersey-common/2.27/jersey-common-2.27.jar:/home/user/.m2/repository/org/glassfish/hk2/osgi-resource-locator/1.0.1/osgi-resource-locator-1.0.1.jar:/home/user/.m2/repository/javax/ws/rs/javax.ws.rs-api/2.1/javax.ws.rs-api-2.1.jar:/home/user/.m2/repository/org/glassfish/jersey/ext/cdi/jersey-cdi1x/2.27/jersey-cdi1x-2.27.jar:/home/user/.m2/repository/org/glassfish/jersey/inject/jersey-hk2/2.27/jersey-hk2-2.27.jar:/home/user/.m2/repository/org/glassfish/hk2/hk2-locator/2.5.0-b42/hk2-locator-2.5.0-b42.jar:/home/user/.m2/repository/org/javassist/javassist/3.22.0-CR2/javassist-3.22.0-CR2.jar:/home/user/.m2/repository/org/glassfish/hk2/hk2-api/2.5.0/hk2-api-2.5.0.jar:/home/user/.m2/repository/org/glassfish/hk2/external/jakarta.inject/2.5.0/jakarta.inject-2.5.0.jar:/home/user/.m2/repository/org/glassfish/hk2/hk2-utils/2.5.0/hk2-utils-2.5.0.jar:/home/user/.m2/repository/jakarta/annotation/jakarta.annotation-api/1.3.4/jakarta.annotation-api-1.3.4.jar:/home/user/.m2/repository/org/glassfish/hk2/external/aopalliance-repackaged/2.5.0/aopalliance-repackaged-2.5.0.jar:/home/user/.m2/repository/com/fasterxml/jackson/dataformat/jackson-dataformat-xml/2.9.0/jackson-dataformat-xml-2.9.0.jar:/home/user/.m2/repository/com/fasterxml/jackson/core/jackson-core/2.9.5/jackson-core-2.9.5.jar:/home/user/.m2/repository/com/fasterxml/jackson/module/jackson-module-jaxb-annotations/2.9.5/jackson-module-jaxb-annotations-2.9.5.jar:/home/user/.m2/repository/javax/enterprise/cdi-api/1.2/cdi-api-1.2.jar:/home/user/.m2/repository/javax/el/javax.el-api/3.0.0/javax.el-api-3.0.0.jar:/home/user/.m2/repository/javax/interceptor/javax.interceptor-api/1.2/javax.interceptor-api-1.2.jar:/home/user/.m2/repository/javax/inject/javax.inject/1/javax.inject-1.jar:/home/user/.m2/repository/com/sun/xml/bind/jaxb-impl/2.3.0.1/jaxb-impl-2.3.0.1.jar:/home/user/.m2/repository/com/sun/xml/bind/jaxb-core/2.3.0.1/jaxb-core-2.3.0.1.jar:/home/user/.m2/repository/javax/xml/bind/jaxb-api/2.3.0/jaxb-api-2.3.0.jar:/home/user/.m2/repository/javax/activation/activation/1.1.1/activation-1.1.1.jar:/home/user/.m2/repository/org/apache/hadoop/hadoop-ozone-csi/0.5.0-SNAPSHOT/hadoop-ozone-csi-0.5.0-SNAPSHOT.jar:/home/user/.m2/repository/com/google/protobuf/protobuf-java-util/3.5.1/protobuf-java-util-3.5.1.jar:/home/user/.m2/repository/org/apache/hadoop/hadoop-hdds-config/0.5.0-SNAPSHOT/hadoop-hdds-config-0.5.0-SNAPSHOT.jar:/home/user/.m2/repository/io/grpc/grpc-netty/1.17.1/grpc-netty-1.17.1.jar:/home/user/.m2/repository/io/grpc/grpc-core/1.17.1/grpc-core-1.17.1.jar:/home/user/.m2/repository/io/grpc/grpc-context/1.17.1/grpc-context-1.17.1.jar:/home/user/.m2/repository/com/google/errorprone/error_prone_annotations/2.2.0/error_prone_annotations-2.2.0.jar:/home/user/.m2/repository/org/codehaus/mojo/animal-sniffer-annotations/1.17/animal-sniffer-annotations-1.17.jar:/home/user/.m2/repository/io/opencensus/opencensus-api/0.17.0/opencensus-api-0.17.0.jar:/home/user/.m2/repository/io/opencensus/opencensus-contrib-grpc-metrics/0.17.0/opencensus-contrib-grpc-metrics-0.17.0.jar:/home/user/.m2/repository/io/netty/netty-codec-http2/4.1.30.Final/netty-codec-http2-4.1.30.Final.jar:/home/user/.m2/repository/io/netty/netty-codec-http/4.1.30.Final/netty-codec-http-4.1.30.Final.jar:/home/user/.m2/repository/io/netty/netty-codec/4.1.30.Final/netty-codec-4.1.30.Final.jar:/home/user/.m2/repository/io/netty/netty-handler/4.1.30.Final/netty-handler-4.1.30.Final.jar:/home/user/.m2/repository/io/netty/netty-handler-proxy/4.1.30.Final/netty-handler-proxy-4.1.30.Final.jar:/home/user/.m2/repository/io/netty/netty-codec-socks/4.1.30.Final/netty-codec-socks-4.1.30.Final.jar:/home/user/.m2/repository/io/netty/netty-transport-native-epoll/4.1.30.Final/netty-transport-native-epoll-4.1.30.Final.jar:/home/user/.m2/repository/io/netty/netty-common/4.1.30.Final/netty-common-4.1.30.Final.jar:/home/user/.m2/repository/io/netty/netty-buffer/4.1.30.Final/netty-buffer-4.1.30.Final.jar:/home/user/.m2/repository/io/netty/netty-transport/4.1.30.Final/netty-transport-4.1.30.Final.jar:/home/user/.m2/repository/io/netty/netty-resolver/4.1.30.Final/netty-resolver-4.1.30.Final.jar:/home/user/.m2/repository/io/netty/netty-transport-native-unix-common/4.1.30.Final/netty-transport-native-unix-common-4.1.30.Final.jar:/home/user/.m2/repository/io/grpc/grpc-protobuf/1.17.1/grpc-protobuf-1.17.1.jar:/home/user/.m2/repository/com/google/api/grpc/proto-google-common-protos/1.0.0/proto-google-common-protos-1.0.0.jar:/home/user/.m2/repository/io/grpc/grpc-protobuf-lite/1.17.1/grpc-protobuf-lite-1.17.1.jar:/home/user/.m2/repository/io/grpc/grpc-stub/1.17.1/grpc-stub-1.17.1.jar:/home/user/.m2/repository/org/apache/hadoop/hadoop-ozone-recon/0.5.0-SNAPSHOT/hadoop-ozone-recon-0.5.0-SNAPSHOT.jar:/home/user/.m2/repository/org/apache/hadoop/hadoop-ozone-reconcodegen/0.5.0-SNAPSHOT/hadoop-ozone-reconcodegen-0.5.0-SNAPSHOT.jar:/home/user/.m2/repository/com/google/inject/extensions/guice-multibindings/4.0/guice-multibindings-4.0.jar:/home/user/.m2/repository/com/google/inject/guice/4.0/guice-4.0.jar:/home/user/.m2/repository/aopalliance/aopalliance/1.0/aopalliance-1.0.jar:/home/user/.m2/repository/com/google/inject/extensions/guice-servlet/4.0/guice-servlet-4.0.jar:/home/user/.m2/repository/org/glassfish/jersey/containers/jersey-container-servlet/2.27/jersey-container-servlet-2.27.jar:/home/user/.m2/repository/org/glassfish/hk2/guice-bridge/2.5.0/guice-bridge-2.5.0.jar:/home/user/.m2/repository/org/glassfish/jersey/core/jersey-server/2.27/jersey-server-2.27.jar:/home/user/.m2/repository/org/glassfish/jersey/core/jersey-client/2.27/jersey-client-2.27.jar:/home/user/.m2/repository/org/glassfish/jersey/media/jersey-media-jaxb/2.27/jersey-media-jaxb-2.27.jar:/home/user/.m2/repository/javax/validation/validation-api/1.1.0.Final/validation-api-1.1.0.Final.jar:/home/user/.m2/repository/org/glassfish/jersey/media/jersey-media-json-jackson/2.27/jersey-media-json-jackson-2.27.jar:/home/user/.m2/repository/org/glassfish/jersey/ext/jersey-entity-filtering/2.27/jersey-entity-filtering-2.27.jar:/home/user/.m2/repository/com/google/inject/extensions/guice-assistedinject/4.0/guice-assistedinject-4.0.jar:/home/user/.m2/repository/org/jooq/jooq/3.11.10/jooq-3.11.10.jar:/home/user/.m2/repository/org/jooq/jooq-meta/3.11.10/jooq-meta-3.11.10.jar:/home/user/.m2/repository/org/jooq/jooq-codegen/3.11.10/jooq-codegen-3.11.10.jar:/home/user/.m2/repository/com/jolbox/bonecp/0.8.0.RELEASE/bonecp-0.8.0.RELEASE.jar:/home/user/.m2/repository/org/xerial/sqlite-jdbc/3.25.2/sqlite-jdbc-3.25.2.jar:/home/user/.m2/repository/org/springframework/spring-jdbc/5.1.3.RELEASE/spring-jdbc-5.1.3.RELEASE.jar:/home/user/.m2/repository/org/springframework/spring-beans/5.1.3.RELEASE/spring-beans-5.1.3.RELEASE.jar:/home/user/.m2/repository/org/springframework/spring-core/5.1.3.RELEASE/spring-core-5.1.3.RELEASE.jar:/home/user/.m2/repository/org/springframework/spring-jcl/5.1.3.RELEASE/spring-jcl-5.1.3.RELEASE.jar:/home/user/.m2/repository/org/springframework/spring-tx/5.1.3.RELEASE/spring-tx-5.1.3.RELEASE.jar:/home/user/.m2/repository/org/apache/hadoop/hadoop-ozone-client/0.5.0-SNAPSHOT/hadoop-ozone-client-0.5.0-SNAPSHOT.jar:/home/user/.m2/repository/commons-lang/commons-lang/2.6/commons-lang-2.6.jar:/home/user/.m2/repository/org/apache/hadoop/hadoop-ozone-ozone-manager/0.5.0-SNAPSHOT/hadoop-ozone-ozone-manager-0.5.0-SNAPSHOT-tests.jar:/home/user/.m2/repository/junit/junit/4.11/junit-4.11.jar:/home/user/.m2/repository/org/hamcrest/hamcrest-core/1.3/hamcrest-core-1.3.jar:/home/user/.m2/repository/org/openjdk/jmh/jmh-core/1.19/jmh-core-1.19.jar:/home/user/.m2/repository/net/sf/jopt-simple/jopt-simple/4.6/jopt-simple-4.6.jar:/home/user/.m2/repository/org/apache/commons/commons-math3/3.1.1/commons-math3-3.1.1.jar:/home/user/.m2/repository/org/openjdk/jmh/jmh-generator-annprocess/1.19/jmh-generator-annprocess-1.19.jar:/home/user/.m2/repository/org/mockito/mockito-all/1.8.5/mockito-all-1.8.5.jar:/home/user/.m2/repository/org/apache/hadoop/hadoop-kms/3.2.0/hadoop-kms-3.2.0.jar:/home/user/.m2/repository/org/apache/hadoop/hadoop-auth/3.2.0/hadoop-auth-3.2.0.jar:/home/user/.m2/repository/com/nimbusds/nimbus-jose-jwt/4.41.1/nimbus-jose-jwt-4.41.1.jar:/home/user/.m2/repository/com/github/stephenc/jcip/jcip-annotations/1.0-1/jcip-annotations-1.0-1.jar:/home/user/.m2/repository/net/minidev/json-smart/2.3/json-smart-2.3.jar:/home/user/.m2/repository/net/minidev/accessors-smart/1.2/accessors-smart-1.2.jar:/home/user/.m2/repository/org/ow2/asm/asm/5.0.4/asm-5.0.4.jar:/home/user/.m2/repository/org/apache/curator/curator-framework/2.12.0/curator-framework-2.12.0.jar:/home/user/.m2/repository/com/sun/jersey/jersey-core/1.19/jersey-core-1.19.jar:/home/user/.m2/repository/javax/ws/rs/jsr311-api/1.1.1/jsr311-api-1.1.1.jar:/home/user/.m2/repository/com/sun/jersey/jersey-server/1.19/jersey-server-1.19.jar:/home/user/.m2/repository/javax/servlet/javax.servlet-api/3.1.0/javax.servlet-api-3.1.0.jar:/home/user/.m2/repository/org/eclipse/jetty/jetty-server/9.3.24.v20180605/jetty-server-9.3.24.v20180605.jar:/home/user/.m2/repository/org/eclipse/jetty/jetty-http/9.3.24.v20180605/jetty-http-9.3.24.v20180605.jar:/home/user/.m2/repository/org/eclipse/jetty/jetty-io/9.3.24.v20180605/jetty-io-9.3.24.v20180605.jar:/home/user/.m2/repository/org/eclipse/jetty/jetty-webapp/9.3.24.v20180605/jetty-webapp-9.3.24.v20180605.jar:/home/user/.m2/repository/org/eclipse/jetty/jetty-xml/9.3.24.v20180605/jetty-xml-9.3.24.v20180605.jar:/home/user/.m2/repository/log4j/log4j/1.2.17/log4j-1.2.17.jar:/home/user/.m2/repository/org/slf4j/slf4j-api/1.7.25/slf4j-api-1.7.25.jar:/home/user/.m2/repository/org/slf4j/jul-to-slf4j/1.7.25/jul-to-slf4j-1.7.25.jar:/home/user/.m2/repository/org/eclipse/jetty/jetty-util/9.3.24.v20180605/jetty-util-9.3.24.v20180605.jar:/home/user/.m2/repository/com/fasterxml/jackson/core/jackson-databind/2.9.5/jackson-databind-2.9.5.jar:/home/user/.m2/repository/org/apache/hadoop/hadoop-kms/3.2.0/hadoop-kms-3.2.0-tests.jar:/home/user/.m2/repository/org/apache/hadoop/hadoop-hdds-server-scm/0.5.0-SNAPSHOT/hadoop-hdds-server-scm-0.5.0-SNAPSHOT-tests.jar:/home/user/.m2/repository/org/apache/hadoop/hadoop-hdds-container-service/0.5.0-SNAPSHOT/hadoop-hdds-container-service-0.5.0-SNAPSHOT-tests.jar:/home/user/.m2/repository/org/yaml/snakeyaml/1.16/snakeyaml-1.16.jar:/home/user/.m2/repository/org/apache/hadoop/hadoop-common/3.2.0/hadoop-common-3.2.0-tests.jar:/home/user/.m2/repository/org/apache/hadoop/hadoop-annotations/3.2.0/hadoop-annotations-3.2.0.jar:/usr/lib/jvm/java-1.8-openjdk/jre/../lib/tools.jar:/home/user/.m2/repository/commons-cli/commons-cli/1.2/commons-cli-1.2.jar:/home/user/.m2/repository/org/apache/httpcomponents/httpclient/4.5.2/httpclient-4.5.2.jar:/home/user/.m2/repository/org/apache/httpcomponents/httpcore/4.4.4/httpcore-4.4.4.jar:/home/user/.m2/repository/commons-codec/commons-codec/1.11/commons-codec-1.11.jar:/home/user/.m2/repository/commons-net/commons-net/3.6/commons-net-3.6.jar:/home/user/.m2/repository/commons-collections/commons-collections/3.2.2/commons-collections-3.2.2.jar:/home/user/.m2/repository/org/eclipse/jetty/jetty-servlet/9.3.24.v20180605/jetty-servlet-9.3.24.v20180605.jar:/home/user/.m2/repository/org/eclipse/jetty/jetty-security/9.3.24.v20180605/jetty-security-9.3.24.v20180605.jar:/home/user/.m2/repository/javax/servlet/jsp/jsp-api/2.1/jsp-api-2.1.jar:/home/user/.m2/repository/com/sun/jersey/jersey-servlet/1.19/jersey-servlet-1.19.jar:/home/user/.m2/repository/com/sun/jersey/jersey-json/1.19/jersey-json-1.19.jar:/home/user/.m2/repository/org/codehaus/jettison/jettison/1.1/jettison-1.1.jar:/home/user/.m2/repository/org/codehaus/jackson/jackson-core-asl/1.9.13/jackson-core-asl-1.9.13.jar:/home/user/.m2/repository/org/codehaus/jackson/jackson-mapper-asl/1.9.13/jackson-mapper-asl-1.9.13.jar:/home/user/.m2/repository/org/codehaus/jackson/jackson-jaxrs/1.9.13/jackson-jaxrs-1.9.13.jar:/home/user/.m2/repository/org/codehaus/jackson/jackson-xc/1.9.13/jackson-xc-1.9.13.jar:/home/user/.m2/repository/commons-logging/commons-logging/1.1.3/commons-logging-1.1.3.jar:/home/user/.m2/repository/commons-beanutils/commons-beanutils/1.9.3/commons-beanutils-1.9.3.jar:/home/user/.m2/repository/org/apache/commons/commons-configuration2/2.1.1/commons-configuration2-2.1.1.jar:/home/user/.m2/repository/org/apache/commons/commons-lang3/3.7/commons-lang3-3.7.jar:/home/user/.m2/repository/org/apache/commons/commons-text/1.4/commons-text-1.4.jar:/home/user/.m2/repository/org/apache/avro/avro/1.7.7/avro-1.7.7.jar:/home/user/.m2/repository/com/thoughtworks/paranamer/paranamer/2.3/paranamer-2.3.jar:/home/user/.m2/repository/org/xerial/snappy/snappy-java/1.0.5/snappy-java-1.0.5.jar:/home/user/.m2/repository/com/google/re2j/re2j/1.1/re2j-1.1.jar:/home/user/.m2/repository/com/google/code/gson/gson/2.2.4/gson-2.2.4.jar:/home/user/.m2/repository/com/jcraft/jsch/0.1.54/jsch-0.1.54.jar:/home/user/.m2/repository/org/apache/curator/curator-client/2.12.0/curator-client-2.12.0.jar:/home/user/.m2/repository/org/apache/curator/curator-recipes/2.12.0/curator-recipes-2.12.0.jar:/home/user/.m2/repository/com/google/code/findbugs/jsr305/3.0.0/jsr305-3.0.0.jar:/home/user/.m2/repository/org/apache/htrace/htrace-core4/4.1.0-incubating/htrace-core4-4.1.0-incubating.jar:/home/user/.m2/repository/org/apache/zookeeper/zookeeper/3.4.13/zookeeper-3.4.13.jar:/home/user/.m2/repository/org/apache/yetus/audience-annotations/0.5.0/audience-annotations-0.5.0.jar:/home/user/.m2/repository/org/codehaus/woodstox/stax2-api/3.1.4/stax2-api-3.1.4.jar:/home/user/.m2/repository/com/fasterxml/woodstox/woodstox-core/5.0.3/woodstox-core-5.0.3.jar:/home/user/.m2/repository/dnsjava/dnsjava/2.1.7/dnsjava-2.1.7.jar:/home/user/.m2/repository/org/apache/hadoop/hadoop-hdfs/3.2.0/hadoop-hdfs-3.2.0-tests.jar:/home/user/.m2/repository/org/eclipse/jetty/jetty-util-ajax/9.3.24.v20180605/jetty-util-ajax-9.3.24.v20180605.jar:/home/user/.m2/repository/commons-daemon/commons-daemon/1.0.13/commons-daemon-1.0.13.jar:/home/user/.m2/repository/io/netty/netty/3.10.5.Final/netty-3.10.5.Final.jar:/home/user/.m2/repository/io/netty/netty-all/4.0.52.Final/netty-all-4.0.52.Final.jar:/home/user/.m2/repository/org/fusesource/leveldbjni/leveldbjni-all/1.8/leveldbjni-all-1.8.jar:"/>
    <property name="sun.cpu.endian" value="little"/>
    <property name="user.home" value="/home/user"/>
    <property name="user.language" value="en"/>
    <property name="java.specification.vendor" value="Oracle Corporation"/>
    <property name="java.home" value="/usr/lib/jvm/java-1.8-openjdk/jre"/>
    <property name="java.security.krb5.conf" value="/workdir/hadoop-ozone/integration-test/target/test-classes/krb5.conf"/>
    <property name="basedir" value="/workdir/hadoop-ozone/integration-test"/>
    <property name="file.separator" value="/"/>
    <property name="line.separator" value="&#10;"/>
    <property name="java.vm.specification.vendor" value="Oracle Corporation"/>
    <property name="java.specification.name" value="Java Platform API Specification"/>
    <property name="java.awt.graphicsenv" value="sun.awt.X11GraphicsEnvironment"/>
    <property name="surefire.real.class.path" value="/workdir/hadoop-ozone/integration-test/target/surefire/surefirebooter1905937554307987959.jar"/>
    <property name="hadoop.log.dir" value="/workdir/hadoop-ozone/integration-test/target/log"/>
    <property name="sun.boot.class.path" value="/usr/lib/jvm/java-1.8-openjdk/jre/lib/resources.jar:/usr/lib/jvm/java-1.8-openjdk/jre/lib/rt.jar:/usr/lib/jvm/java-1.8-openjdk/jre/lib/sunrsasign.jar:/usr/lib/jvm/java-1.8-openjdk/jre/lib/jsse.jar:/usr/lib/jvm/java-1.8-openjdk/jre/lib/jce.jar:/usr/lib/jvm/java-1.8-openjdk/jre/lib/charsets.jar:/usr/lib/jvm/java-1.8-openjdk/jre/lib/jfr.jar:/usr/lib/jvm/java-1.8-openjdk/jre/classes"/>
    <property name="sun.management.compiler" value="HotSpot 64-Bit Tiered Compilers"/>
    <property name="java.runtime.version" value="1.8.0_212-b04"/>
    <property name="java.net.preferIPv4Stack" value="true"/>
    <property name="user.name" value="jenkins1000"/>
    <property name="path.separator" value=":"/>
    <property name="java.security.egd" value="file:///dev/urandom"/>
    <property name="os.version" value="3.10.0-957.12.2.el7.x86_64"/>
    <property name="java.endorsed.dirs" value="/usr/lib/jvm/java-1.8-openjdk/jre/lib/endorsed"/>
    <property name="java.runtime.name" value="OpenJDK Runtime Environment"/>
    <property name="file.encoding" value="UTF-8"/>
    <property name="java.vm.name" value="OpenJDK 64-Bit Server VM"/>
    <property name="test.build.webapps" value=""/>
    <property name="localRepository" value="/home/user/.m2/repository"/>
    <property name="java.vendor.url.bug" value="https://icedtea.classpath.org/bugzilla"/>
    <property name="java.io.tmpdir" value="/tmp"/>
    <property name="require.test.libhadoop" value=""/>
    <property name="java.version" value="1.8.0_212"/>
    <property name="user.dir" value="/workdir/hadoop-ozone/integration-test"/>
    <property name="os.arch" value="amd64"/>
    <property name="java.vm.specification.name" value="Java Virtual Machine Specification"/>
    <property name="test.build.classes" value="/workdir/hadoop-ozone/integration-test/target/test-classes"/>
    <property name="java.awt.printerjob" value="sun.print.PSPrinterJob"/>
    <property name="sun.os.patch.level" value="unknown"/>
    <property name="hadoop.tmp.dir" value="/workdir/hadoop-ozone/integration-test/target/tmp"/>
    <property name="java.library.path" value="/usr/lib/jvm/java-1.8-openjdk/jre/lib/amd64/server:/usr/lib/jvm/java-1.8-openjdk/jre/lib/amd64:/usr/lib/jvm/java-1.8-openjdk/jre/../lib/amd64:/workdir/hadoop-ozone/integration-test/target/native/target/usr/local/lib:/workdir/hadoop-ozone/integration-test/../../hadoop-common-project/hadoop-common/target/native/target/usr/local/lib:/usr/java/packages/lib/amd64:/usr/lib64:/lib64:/lib:/usr/lib"/>
    <property name="java.vm.info" value="mixed mode"/>
    <property name="java.vendor" value="IcedTea"/>
    <property name="java.vm.version" value="25.212-b04"/>
    <property name="java.ext.dirs" value="/usr/lib/jvm/java-1.8-openjdk/jre/lib/ext:/usr/java/packages/lib/ext"/>
    <property name="sun.io.unicode.encoding" value="UnicodeLittle"/>
    <property name="java.class.version" value="52.0"/>
  </properties>
  <testcase name="test2DatanodesFailure" classname="org.apache.hadoop.ozone.client.rpc.TestBlockOutputStreamWithFailures" time="48.583">
    <error message="Allocated 0 blocks. Requested 1 blocks" type="INTERNAL_ERROR org.apache.hadoop.ozone.om.exceptions.OMException">INTERNAL_ERROR org.apache.hadoop.ozone.om.exceptions.OMException: Allocated 0 blocks. Requested 1 blocks
	at org.apache.hadoop.ozone.om.protocolPB.OzoneManagerProtocolClientSideTranslatorPB.handleError(OzoneManagerProtocolClientSideTranslatorPB.java:725)
	at org.apache.hadoop.ozone.om.protocolPB.OzoneManagerProtocolClientSideTranslatorPB.allocateBlock(OzoneManagerProtocolClientSideTranslatorPB.java:757)
	at org.apache.hadoop.ozone.client.io.BlockOutputStreamEntryPool.allocateNewBlock(BlockOutputStreamEntryPool.java:248)
	at org.apache.hadoop.ozone.client.io.BlockOutputStreamEntryPool.allocateBlockIfNeeded(BlockOutputStreamEntryPool.java:296)
	at org.apache.hadoop.ozone.client.io.KeyOutputStream.handleWrite(KeyOutputStream.java:201)
	at org.apache.hadoop.ozone.client.io.KeyOutputStream.handleRetry(KeyOutputStream.java:376)
	at org.apache.hadoop.ozone.client.io.KeyOutputStream.handleException(KeyOutputStream.java:325)
	at org.apache.hadoop.ozone.client.io.KeyOutputStream.handleFlushOrClose(KeyOutputStream.java:448)
	at org.apache.hadoop.ozone.client.io.KeyOutputStream.flush(KeyOutputStream.java:396)
	at org.apache.hadoop.ozone.client.io.OzoneOutputStream.flush(OzoneOutputStream.java:54)
	at org.apache.hadoop.ozone.client.rpc.TestBlockOutputStreamWithFailures.test2DatanodesFailure(TestBlockOutputStreamWithFailures.java:502)
	at sun.reflect.NativeMethodAccessorImpl.invoke0(Native Method)
	at sun.reflect.NativeMethodAccessorImpl.invoke(NativeMethodAccessorImpl.java:62)
	at sun.reflect.DelegatingMethodAccessorImpl.invoke(DelegatingMethodAccessorImpl.java:43)
	at java.lang.reflect.Method.invoke(Method.java:498)
	at org.junit.runners.model.FrameworkMethod$1.runReflectiveCall(FrameworkMethod.java:47)
	at org.junit.internal.runners.model.ReflectiveCallable.run(ReflectiveCallable.java:12)
	at org.junit.runners.model.FrameworkMethod.invokeExplosively(FrameworkMethod.java:44)
	at org.junit.internal.runners.statements.InvokeMethod.evaluate(InvokeMethod.java:17)
	at org.junit.internal.runners.statements.RunBefores.evaluate(RunBefores.java:26)
	at org.junit.internal.runners.statements.RunAfters.evaluate(RunAfters.java:27)
	at org.junit.runners.ParentRunner.runLeaf(ParentRunner.java:271)
	at org.junit.runners.BlockJUnit4ClassRunner.runChild(BlockJUnit4ClassRunner.java:70)
	at org.junit.runners.BlockJUnit4ClassRunner.runChild(BlockJUnit4ClassRunner.java:50)
	at org.junit.runners.ParentRunner$3.run(ParentRunner.java:238)
	at org.junit.runners.ParentRunner$1.schedule(ParentRunner.java:63)
	at org.junit.runners.ParentRunner.runChildren(ParentRunner.java:236)
	at org.junit.runners.ParentRunner.access$000(ParentRunner.java:53)
	at org.junit.runners.ParentRunner$2.evaluate(ParentRunner.java:229)
	at org.junit.runners.ParentRunner.run(ParentRunner.java:309)
	at org.apache.maven.surefire.junit4.JUnit4Provider.execute(JUnit4Provider.java:365)
	at org.apache.maven.surefire.junit4.JUnit4Provider.executeWithRerun(JUnit4Provider.java:273)
	at org.apache.maven.surefire.junit4.JUnit4Provider.executeTestSet(JUnit4Provider.java:238)
	at org.apache.maven.surefire.junit4.JUnit4Provider.invoke(JUnit4Provider.java:159)
	at org.apache.maven.surefire.booter.ForkedBooter.invokeProviderInSameClassLoader(ForkedBooter.java:384)
	at org.apache.maven.surefire.booter.ForkedBooter.runSuitesInProcess(ForkedBooter.java:345)
	at org.apache.maven.surefire.booter.ForkedBooter.execute(ForkedBooter.java:126)
	at org.apache.maven.surefire.booter.ForkedBooter.main(ForkedBooter.java:418)
</error>
    <system-out><![CDATA[2019-09-05 09:12:47,961 [main] WARN  server.ServerUtils (ServerUtils.java:getScmDbDir(145)) - ozone.scm.db.dirs is not configured. We recommend adding this setting. Falling back to ozone.metadata.dirs instead.
2019-09-05 09:12:48,129 [main] WARN  server.ServerUtils (ServerUtils.java:getScmDbDir(145)) - ozone.scm.db.dirs is not configured. We recommend adding this setting. Falling back to ozone.metadata.dirs instead.
2019-09-05 09:12:48,132 [main] WARN  server.ServerUtils (ServerUtils.java:getScmDbDir(145)) - ozone.scm.db.dirs is not configured. We recommend adding this setting. Falling back to ozone.metadata.dirs instead.
2019-09-05 09:12:48,150 [main] INFO  util.log (Log.java:initialized(192)) - Logging initialized @937ms
2019-09-05 09:12:48,246 [main] INFO  db.DBStoreBuilder (DBStoreBuilder.java:addTable(110)) - using custom profile for table: deletedBlocks
2019-09-05 09:12:48,246 [main] INFO  db.DBStoreBuilder (DBStoreBuilder.java:processTables(161)) - Using default column profile:DBProfile.DISK for Table:deletedBlocks
2019-09-05 09:12:48,246 [main] INFO  db.DBStoreBuilder (DBStoreBuilder.java:addTable(110)) - using custom profile for table: validCerts
2019-09-05 09:12:48,246 [main] INFO  db.DBStoreBuilder (DBStoreBuilder.java:processTables(161)) - Using default column profile:DBProfile.DISK for Table:validCerts
2019-09-05 09:12:48,247 [main] INFO  db.DBStoreBuilder (DBStoreBuilder.java:addTable(110)) - using custom profile for table: revokedCerts
2019-09-05 09:12:48,247 [main] INFO  db.DBStoreBuilder (DBStoreBuilder.java:processTables(161)) - Using default column profile:DBProfile.DISK for Table:revokedCerts
2019-09-05 09:12:48,257 [main] INFO  db.DBStoreBuilder (DBStoreBuilder.java:addTable(110)) - using custom profile for table: default
2019-09-05 09:12:48,257 [main] INFO  db.DBStoreBuilder (DBStoreBuilder.java:processTables(167)) - Using default column profile:DBProfile.DISK for Table:default
2019-09-05 09:12:48,258 [main] INFO  db.DBStoreBuilder (DBStoreBuilder.java:getDbProfile(198)) - Using default options. DBProfile.DISK
2019-09-05 09:12:48,613 [main] INFO  net.NodeSchemaLoader (NodeSchemaLoader.java:loadSchemaFromFile(125)) - Loading file from sun.misc.CompoundEnumeration@5f058f00
2019-09-05 09:12:48,616 [main] INFO  net.NodeSchemaLoader (NodeSchemaLoader.java:loadSchema(171)) - Loading network topology layer schema file
2019-09-05 09:12:48,690 [main] INFO  node.SCMNodeManager (SCMNodeManager.java:<init>(121)) - Entering startup safe mode.
2019-09-05 09:12:48,767 [main] INFO  algorithms.ContainerPlacementPolicyFactory (ContainerPlacementPolicyFactory.java:getPolicy(56)) - Create container placement policy of type org.apache.hadoop.hdds.scm.container.placement.algorithms.SCMContainerPlacementRandom
2019-09-05 09:12:48,782 [main] WARN  server.ServerUtils (ServerUtils.java:getScmDbDir(145)) - ozone.scm.db.dirs is not configured. We recommend adding this setting. Falling back to ozone.metadata.dirs instead.
2019-09-05 09:12:48,968 [main] INFO  pipeline.SCMPipelineManager (SCMPipelineManager.java:initializePipelineState(126)) - No pipeline exists in current db
2019-09-05 09:12:48,970 [main] WARN  server.ServerUtils (ServerUtils.java:getScmDbDir(145)) - ozone.scm.db.dirs is not configured. We recommend adding this setting. Falling back to ozone.metadata.dirs instead.
2019-09-05 09:12:49,170 [main] WARN  events.EventQueue (EventQueue.java:fireEvent(175)) - No event handler registered for event TypedEvent{payloadType=SafeModeStatus, name='SafeModeStatus'}
2019-09-05 09:12:49,689 [main] INFO  ipc.CallQueueManager (CallQueueManager.java:<init>(84)) - Using callQueue: class java.util.concurrent.LinkedBlockingQueue, queueCapacity: 2000, scheduler: class org.apache.hadoop.ipc.DefaultRpcScheduler, ipcBackoff: false.
2019-09-05 09:12:49,996 [Socket Reader #1 for port 36706] INFO  ipc.Server (Server.java:run(1074)) - Starting Socket Reader #1 for port 36706
2019-09-05 09:12:50,024 [main] INFO  ipc.CallQueueManager (CallQueueManager.java:<init>(84)) - Using callQueue: class java.util.concurrent.LinkedBlockingQueue, queueCapacity: 2000, scheduler: class org.apache.hadoop.ipc.DefaultRpcScheduler, ipcBackoff: false.
2019-09-05 09:12:50,025 [Socket Reader #1 for port 46606] INFO  ipc.Server (Server.java:run(1074)) - Starting Socket Reader #1 for port 46606
2019-09-05 09:12:50,033 [main] INFO  ipc.CallQueueManager (CallQueueManager.java:<init>(84)) - Using callQueue: class java.util.concurrent.LinkedBlockingQueue, queueCapacity: 2000, scheduler: class org.apache.hadoop.ipc.DefaultRpcScheduler, ipcBackoff: false.
2019-09-05 09:12:50,034 [Socket Reader #1 for port 37659] INFO  ipc.Server (Server.java:run(1074)) - Starting Socket Reader #1 for port 37659
2019-09-05 09:12:50,056 [main] INFO  hdfs.DFSUtil (DFSUtil.java:httpServerTemplateForNNAndJN(1641)) - Starting Web-server for scm at: http://0.0.0.0:0
2019-09-05 09:12:50,218 [main] INFO  server.AuthenticationFilter (AuthenticationFilter.java:constructSecretProvider(240)) - Unable to initialize FileSignerSecretProvider, falling back to use random secrets.
2019-09-05 09:12:50,228 [main] WARN  http.HttpRequestLog (HttpRequestLog.java:getRequestLog(97)) - Jetty request log can only be enabled using Log4j
2019-09-05 09:12:50,237 [main] INFO  http.HttpServer2 (HttpServer2.java:addGlobalFilter(975)) - Added global filter 'safety' (class=org.apache.hadoop.http.HttpServer2$QuotingInputFilter)
2019-09-05 09:12:50,240 [main] INFO  http.HttpServer2 (HttpServer2.java:addFilter(948)) - Added filter static_user_filter (class=org.apache.hadoop.http.lib.StaticUserWebFilter$StaticUserFilter) to context scm
2019-09-05 09:12:50,240 [main] INFO  http.HttpServer2 (HttpServer2.java:addFilter(958)) - Added filter static_user_filter (class=org.apache.hadoop.http.lib.StaticUserWebFilter$StaticUserFilter) to context logs
2019-09-05 09:12:50,240 [main] INFO  http.HttpServer2 (HttpServer2.java:addFilter(958)) - Added filter static_user_filter (class=org.apache.hadoop.http.lib.StaticUserWebFilter$StaticUserFilter) to context static
2019-09-05 09:12:50,273 [main] INFO  server.StorageContainerManager (StorageContainerManager.java:start(759)) - StorageContainerLocationProtocol RPC server is listening at /0.0.0.0:37659
2019-09-05 09:12:50,344 [main] WARN  impl.MetricsConfig (MetricsConfig.java:loadFirst(134)) - Cannot locate configuration: tried hadoop-metrics2-storagecontainermanager.properties,hadoop-metrics2.properties
2019-09-05 09:12:50,358 [main] INFO  impl.MetricsSystemImpl (MetricsSystemImpl.java:startTimer(374)) - Scheduled Metric snapshot period at 10 second(s).
2019-09-05 09:12:50,358 [main] INFO  impl.MetricsSystemImpl (MetricsSystemImpl.java:start(191)) - StorageContainerManager metrics system started
2019-09-05 09:12:50,615 [main] INFO  server.SCMClientProtocolServer (SCMClientProtocolServer.java:start(151)) - RPC server for Client  is listening at /0.0.0.0:37659
2019-09-05 09:12:50,616 [IPC Server listener on 37659] INFO  ipc.Server (Server.java:run(1153)) - IPC Server listener on 37659: starting
2019-09-05 09:12:50,616 [IPC Server Responder] INFO  ipc.Server (Server.java:run(1314)) - IPC Server Responder: starting
2019-09-05 09:12:50,619 [main] INFO  server.StorageContainerManager (StorageContainerManager.java:start(769)) - ScmBlockLocationProtocol RPC server is listening at /0.0.0.0:46606
2019-09-05 09:12:50,619 [main] INFO  server.SCMBlockProtocolServer (SCMBlockProtocolServer.java:start(140)) - RPC server for Block Protocol is listening at /0.0.0.0:46606
2019-09-05 09:12:50,619 [IPC Server Responder] INFO  ipc.Server (Server.java:run(1314)) - IPC Server Responder: starting
2019-09-05 09:12:50,620 [IPC Server listener on 46606] INFO  ipc.Server (Server.java:run(1153)) - IPC Server listener on 46606: starting
2019-09-05 09:12:50,622 [main] INFO  server.StorageContainerManager (StorageContainerManager.java:start(773)) - ScmDatanodeProtocl RPC server is listening at /0.0.0.0:36706
2019-09-05 09:12:50,622 [main] INFO  server.SCMDatanodeProtocolServer (SCMDatanodeProtocolServer.java:start(191)) - RPC server for DataNodes is listening at /0.0.0.0:36706
2019-09-05 09:12:50,622 [IPC Server Responder] INFO  ipc.Server (Server.java:run(1314)) - IPC Server Responder: starting
2019-09-05 09:12:50,622 [IPC Server listener on 36706] INFO  ipc.Server (Server.java:run(1153)) - IPC Server listener on 36706: starting
2019-09-05 09:12:50,626 [main] INFO  http.HttpServer2 (HttpServer2.java:bindListener(1191)) - Jetty bound to port 38326
2019-09-05 09:12:50,628 [main] INFO  server.Server (Server.java:doStart(351)) - jetty-9.3.24.v20180605, build timestamp: 2018-06-05T17:11:56Z, git hash: 84205aa28f11a4f31f2a3b86d1bba2cc8ab69827
2019-09-05 09:12:50,666 [main] INFO  handler.ContextHandler (ContextHandler.java:doStart(781)) - Started o.e.j.s.ServletContextHandler@5286c33a{/logs,file:///workdir/hadoop-ozone/integration-test/target/log,AVAILABLE}
2019-09-05 09:12:50,667 [main] INFO  handler.ContextHandler (ContextHandler.java:doStart(781)) - Started o.e.j.s.ServletContextHandler@5c530d1e{/static,file:///workdir/hadoop-ozone/integration-test/target/test-classes/webapps/static,AVAILABLE}
2019-09-05 09:12:50,701 [main] INFO  handler.ContextHandler (ContextHandler.java:doStart(781)) - Started o.e.j.w.WebAppContext@48f5bde6{/,file:///workdir/hadoop-ozone/integration-test/target/test-classes/webapps/scm/,AVAILABLE}{/scm}
2019-09-05 09:12:50,706 [main] INFO  server.AbstractConnector (AbstractConnector.java:doStart(278)) - Started ServerConnector@6d511b5f{HTTP/1.1,[http/1.1]}{0.0.0.0:38326}
2019-09-05 09:12:50,707 [main] INFO  server.Server (Server.java:doStart(419)) - Started @3494ms
2019-09-05 09:12:50,709 [main] INFO  server.BaseHttpServer (BaseHttpServer.java:updateConnectorAddress(213)) - HTTP server of SCM is listening at http://0.0.0.0:38326
2019-09-05 09:12:50,718 [org.apache.hadoop.util.JvmPauseMonitor$Monitor@3b1bb3ab] INFO  util.JvmPauseMonitor (JvmPauseMonitor.java:run(188)) - Starting JVM pause monitor
2019-09-05 09:12:50,723 [main] WARN  server.ServerUtils (ServerUtils.java:getDBPath(222)) - ozone.om.db.dirs is not configured. We recommend adding this setting. Falling back to ozone.metadata.dirs instead.
2019-09-05 09:12:50,861 [main] WARN  server.ServerUtils (ServerUtils.java:getDBPath(222)) - ozone.om.db.dirs is not configured. We recommend adding this setting. Falling back to ozone.metadata.dirs instead.
2019-09-05 09:12:50,861 [main] WARN  server.ServerUtils (ServerUtils.java:getDBPath(222)) - ozone.om.db.dirs is not configured. We recommend adding this setting. Falling back to ozone.metadata.dirs instead.
2019-09-05 09:12:50,862 [main] INFO  om.OzoneManager (OzoneManager.java:setOMNodeDetails(645)) - OM Service ID is not set. Setting it to the default ID: omServiceIdDefault
2019-09-05 09:12:50,863 [main] INFO  om.OzoneManager (OzoneManager.java:setOMNodeDetails(651)) - OM Node ID is not set. Setting it to the OmStorage's OmID: 540e0109-0e28-4c24-9b8e-506c8aabff86
2019-09-05 09:12:50,864 [main] INFO  om.OzoneManager (OzoneManager.java:loadOMHAConfigs(602)) - Found matching OM address with OMServiceId: null, OMNodeId: null, RPC Address: localhost:0 and Ratis port: 9872
2019-09-05 09:12:51,124 | INFO  | SCMAudit | user=jenkins1000 | ip=192.168.69.66 | op=GET_SCM_INFO null | ret=SUCCESS |  
2019-09-05 09:12:51,584 [main] WARN  server.ServerUtils (ServerUtils.java:getDBPath(222)) - ozone.om.db.dirs is not configured. We recommend adding this setting. Falling back to ozone.metadata.dirs instead.
2019-09-05 09:12:51,591 [main] INFO  db.DBStoreBuilder (DBStoreBuilder.java:addTable(110)) - using custom profile for table: userTable
2019-09-05 09:12:51,591 [main] INFO  db.DBStoreBuilder (DBStoreBuilder.java:processTables(161)) - Using default column profile:DBProfile.DISK for Table:userTable
2019-09-05 09:12:51,592 [main] INFO  db.DBStoreBuilder (DBStoreBuilder.java:addTable(110)) - using custom profile for table: volumeTable
2019-09-05 09:12:51,592 [main] INFO  db.DBStoreBuilder (DBStoreBuilder.java:processTables(161)) - Using default column profile:DBProfile.DISK for Table:volumeTable
2019-09-05 09:12:51,592 [main] INFO  db.DBStoreBuilder (DBStoreBuilder.java:addTable(110)) - using custom profile for table: bucketTable
2019-09-05 09:12:51,592 [main] INFO  db.DBStoreBuilder (DBStoreBuilder.java:processTables(161)) - Using default column profile:DBProfile.DISK for Table:bucketTable
2019-09-05 09:12:51,593 [main] INFO  db.DBStoreBuilder (DBStoreBuilder.java:addTable(110)) - using custom profile for table: keyTable
2019-09-05 09:12:51,593 [main] INFO  db.DBStoreBuilder (DBStoreBuilder.java:processTables(161)) - Using default column profile:DBProfile.DISK for Table:keyTable
2019-09-05 09:12:51,593 [main] INFO  db.DBStoreBuilder (DBStoreBuilder.java:addTable(110)) - using custom profile for table: deletedTable
2019-09-05 09:12:51,594 [main] INFO  db.DBStoreBuilder (DBStoreBuilder.java:processTables(161)) - Using default column profile:DBProfile.DISK for Table:deletedTable
2019-09-05 09:12:51,594 [main] INFO  db.DBStoreBuilder (DBStoreBuilder.java:addTable(110)) - using custom profile for table: openKeyTable
2019-09-05 09:12:51,594 [main] INFO  db.DBStoreBuilder (DBStoreBuilder.java:processTables(161)) - Using default column profile:DBProfile.DISK for Table:openKeyTable
2019-09-05 09:12:51,594 [main] INFO  db.DBStoreBuilder (DBStoreBuilder.java:addTable(110)) - using custom profile for table: s3Table
2019-09-05 09:12:51,595 [main] INFO  db.DBStoreBuilder (DBStoreBuilder.java:processTables(161)) - Using default column profile:DBProfile.DISK for Table:s3Table
2019-09-05 09:12:51,595 [main] INFO  db.DBStoreBuilder (DBStoreBuilder.java:addTable(110)) - using custom profile for table: multipartInfoTable
2019-09-05 09:12:51,595 [main] INFO  db.DBStoreBuilder (DBStoreBuilder.java:processTables(161)) - Using default column profile:DBProfile.DISK for Table:multipartInfoTable
2019-09-05 09:12:51,595 [main] INFO  db.DBStoreBuilder (DBStoreBuilder.java:addTable(110)) - using custom profile for table: dTokenTable
2019-09-05 09:12:51,596 [main] INFO  db.DBStoreBuilder (DBStoreBuilder.java:processTables(161)) - Using default column profile:DBProfile.DISK for Table:dTokenTable
2019-09-05 09:12:51,596 [main] INFO  db.DBStoreBuilder (DBStoreBuilder.java:addTable(110)) - using custom profile for table: s3SecretTable
2019-09-05 09:12:51,596 [main] INFO  db.DBStoreBuilder (DBStoreBuilder.java:processTables(161)) - Using default column profile:DBProfile.DISK for Table:s3SecretTable
2019-09-05 09:12:51,596 [main] INFO  db.DBStoreBuilder (DBStoreBuilder.java:addTable(110)) - using custom profile for table: prefixTable
2019-09-05 09:12:51,597 [main] INFO  db.DBStoreBuilder (DBStoreBuilder.java:processTables(161)) - Using default column profile:DBProfile.DISK for Table:prefixTable
2019-09-05 09:12:51,597 [main] INFO  db.DBStoreBuilder (DBStoreBuilder.java:addTable(110)) - using custom profile for table: default
2019-09-05 09:12:51,597 [main] INFO  db.DBStoreBuilder (DBStoreBuilder.java:processTables(167)) - Using default column profile:DBProfile.DISK for Table:default
2019-09-05 09:12:51,597 [main] INFO  db.DBStoreBuilder (DBStoreBuilder.java:getDbProfile(198)) - Using default options. DBProfile.DISK
2019-09-05 09:12:52,497 [main] INFO  ipc.CallQueueManager (CallQueueManager.java:<init>(84)) - Using callQueue: class java.util.concurrent.LinkedBlockingQueue, queueCapacity: 2000, scheduler: class org.apache.hadoop.ipc.DefaultRpcScheduler, ipcBackoff: false.
2019-09-05 09:12:52,498 [Socket Reader #1 for port 44343] INFO  ipc.Server (Server.java:run(1074)) - Starting Socket Reader #1 for port 44343
2019-09-05 09:12:52,519 [main] INFO  om.OzoneManager (OzoneManager.java:start(1256)) - OzoneManager RPC server is listening at localhost/127.0.0.1:44343
2019-09-05 09:12:52,519 [main] INFO  impl.MetricsSystemImpl (MetricsSystemImpl.java:init(158)) - OzoneManager metrics system started (again)
2019-09-05 09:12:52,521 [IPC Server Responder] INFO  ipc.Server (Server.java:run(1314)) - IPC Server Responder: starting
2019-09-05 09:12:52,521 [IPC Server listener on 44343] INFO  ipc.Server (Server.java:run(1153)) - IPC Server listener on 44343: starting
2019-09-05 09:12:52,729 [main] INFO  hdfs.DFSUtil (DFSUtil.java:httpServerTemplateForNNAndJN(1641)) - Starting Web-server for ozoneManager at: http://0.0.0.0:0
2019-09-05 09:12:52,731 [main] INFO  server.AuthenticationFilter (AuthenticationFilter.java:constructSecretProvider(240)) - Unable to initialize FileSignerSecretProvider, falling back to use random secrets.
2019-09-05 09:12:52,732 [main] WARN  http.HttpRequestLog (HttpRequestLog.java:getRequestLog(97)) - Jetty request log can only be enabled using Log4j
2019-09-05 09:12:52,741 [main] INFO  http.HttpServer2 (HttpServer2.java:addGlobalFilter(975)) - Added global filter 'safety' (class=org.apache.hadoop.http.HttpServer2$QuotingInputFilter)
2019-09-05 09:12:52,743 [main] INFO  http.HttpServer2 (HttpServer2.java:addFilter(948)) - Added filter static_user_filter (class=org.apache.hadoop.http.lib.StaticUserWebFilter$StaticUserFilter) to context ozoneManager
2019-09-05 09:12:52,744 [main] INFO  http.HttpServer2 (HttpServer2.java:addFilter(958)) - Added filter static_user_filter (class=org.apache.hadoop.http.lib.StaticUserWebFilter$StaticUserFilter) to context static
2019-09-05 09:12:52,744 [main] INFO  http.HttpServer2 (HttpServer2.java:addFilter(958)) - Added filter static_user_filter (class=org.apache.hadoop.http.lib.StaticUserWebFilter$StaticUserFilter) to context logs
2019-09-05 09:12:52,747 [main] INFO  http.HttpServer2 (HttpServer2.java:bindListener(1191)) - Jetty bound to port 32858
2019-09-05 09:12:52,747 [main] INFO  server.Server (Server.java:doStart(351)) - jetty-9.3.24.v20180605, build timestamp: 2018-06-05T17:11:56Z, git hash: 84205aa28f11a4f31f2a3b86d1bba2cc8ab69827
2019-09-05 09:12:52,750 [main] INFO  handler.ContextHandler (ContextHandler.java:doStart(781)) - Started o.e.j.s.ServletContextHandler@49dbaaf3{/logs,file:///workdir/hadoop-ozone/integration-test/target/log,AVAILABLE}
2019-09-05 09:12:52,751 [main] INFO  handler.ContextHandler (ContextHandler.java:doStart(781)) - Started o.e.j.s.ServletContextHandler@736f3e9e{/static,file:///workdir/hadoop-ozone/integration-test/target/test-classes/webapps/static,AVAILABLE}
2019-09-05 09:12:52,758 [main] INFO  handler.ContextHandler (ContextHandler.java:doStart(781)) - Started o.e.j.w.WebAppContext@40d10481{/,file:///workdir/hadoop-ozone/integration-test/target/test-classes/webapps/ozoneManager/,AVAILABLE}{/ozoneManager}
2019-09-05 09:12:52,759 [main] INFO  server.AbstractConnector (AbstractConnector.java:doStart(278)) - Started ServerConnector@60dd3c23{HTTP/1.1,[http/1.1]}{0.0.0.0:32858}
2019-09-05 09:12:52,760 [main] INFO  server.Server (Server.java:doStart(419)) - Started @5547ms
2019-09-05 09:12:52,761 [main] INFO  server.BaseHttpServer (BaseHttpServer.java:updateConnectorAddress(213)) - HTTP server of OZONEMANAGER is listening at http://0.0.0.0:32858
2019-09-05 09:12:52,943 [main] INFO  impl.MetricsSystemImpl (MetricsSystemImpl.java:init(158)) - HddsDatanode metrics system started (again)
2019-09-05 09:12:53,050 [main] INFO  ozone.HddsDatanodeService (HddsDatanodeService.java:start(184)) - HddsDatanodeService host:pr-hdds-1571-bldfb-3674279559 ip:192.168.69.66
2019-09-05 09:12:53,088 [main] INFO  volume.HddsVolume (HddsVolume.java:<init>(176)) - Creating Volume: /workdir/hadoop-ozone/integration-test/target/test-dir/MiniOzoneClusterImpl-2067a7df-0bd0-4e68-a777-bbcd763ebdf2/datanode-0/data/containers/hdds of  storage type : DISK and capacity : 1482555576320
2019-09-05 09:12:53,091 [main] INFO  volume.VolumeSet (VolumeSet.java:initializeVolumeSet(170)) - Added Volume : /workdir/hadoop-ozone/integration-test/target/test-dir/MiniOzoneClusterImpl-2067a7df-0bd0-4e68-a777-bbcd763ebdf2/datanode-0/data/containers/hdds to VolumeSet
2019-09-05 09:12:53,094 [main] INFO  volume.ThrottledAsyncChecker (ThrottledAsyncChecker.java:schedule(140)) - Scheduling a check for org.apache.hadoop.ozone.container.common.volume.HddsVolume@116a2108
2019-09-05 09:12:53,113 [main] INFO  volume.HddsVolumeChecker (HddsVolumeChecker.java:checkAllVolumes(203)) - Scheduled health check for volume org.apache.hadoop.ozone.container.common.volume.HddsVolume@116a2108
2019-09-05 09:12:53,251 [main] INFO  impl.RaftServerProxy (ConfUtils.java:logGet(43)) - raft.rpc.type = GRPC (default)
2019-09-05 09:12:53,324 [main] INFO  grpc.GrpcFactory (GrpcFactory.java:checkPooledByteBufAllocatorUseCacheForAllThreads(45)) - PERFORMANCE WARNING: useCacheForAllThreads is true that may cause Netty to create a lot garbage objects and, as a result, trigger GC.
	It is recommended to disable useCacheForAllThreads by setting -Dorg.apache.ratis.thirdparty.io.netty.allocator.useCacheForAllThreads=false in command line.
2019-09-05 09:12:53,329 [main] INFO  grpc.GrpcConfigKeys$Server (ConfUtils.java:logGet(43)) - raft.grpc.server.port = 0 (default)
2019-09-05 09:12:53,330 [main] INFO  server.GrpcService (ConfUtils.java:logGet(43)) - raft.grpc.message.size.max = 33570816 (custom)
2019-09-05 09:12:53,331 [main] INFO  server.RaftServerConfigKeys (ConfUtils.java:logGet(43)) - raft.server.log.appender.buffer.byte-limit = 33554432 (custom)
2019-09-05 09:12:53,332 [main] INFO  server.GrpcService (ConfUtils.java:logGet(43)) - raft.grpc.flow.control.window = 1MB (=1048576) (default)
2019-09-05 09:12:53,333 [main] INFO  server.RaftServerConfigKeys (ConfUtils.java:logGet(43)) - raft.server.rpc.request.timeout = 3000ms (default)
2019-09-05 09:12:53,500 [main] INFO  server.RaftServerConfigKeys (ConfUtils.java:logGet(43)) - raft.server.storage.dir = [/workdir/hadoop-ozone/integration-test/target/test-dir/MiniOzoneClusterImpl-2067a7df-0bd0-4e68-a777-bbcd763ebdf2/datanode-0/data/ratis] (custom)
2019-09-05 09:12:53,546 [main] INFO  replication.SimpleContainerDownloader (SimpleContainerDownloader.java:<init>(72)) - Starting container downloader service to copy containers to replicate.
2019-09-05 09:12:53,565 [main] INFO  hdfs.DFSUtil (DFSUtil.java:httpServerTemplateForNNAndJN(1641)) - Starting Web-server for hddsDatanode at: http://0.0.0.0:0
2019-09-05 09:12:53,569 [main] INFO  server.AuthenticationFilter (AuthenticationFilter.java:constructSecretProvider(240)) - Unable to initialize FileSignerSecretProvider, falling back to use random secrets.
2019-09-05 09:12:53,570 [main] WARN  http.HttpRequestLog (HttpRequestLog.java:getRequestLog(97)) - Jetty request log can only be enabled using Log4j
2019-09-05 09:12:53,573 [main] INFO  http.HttpServer2 (HttpServer2.java:addGlobalFilter(975)) - Added global filter 'safety' (class=org.apache.hadoop.http.HttpServer2$QuotingInputFilter)
2019-09-05 09:12:53,574 [main] INFO  http.HttpServer2 (HttpServer2.java:addFilter(948)) - Added filter static_user_filter (class=org.apache.hadoop.http.lib.StaticUserWebFilter$StaticUserFilter) to context hddsDatanode
2019-09-05 09:12:53,574 [main] INFO  http.HttpServer2 (HttpServer2.java:addFilter(958)) - Added filter static_user_filter (class=org.apache.hadoop.http.lib.StaticUserWebFilter$StaticUserFilter) to context logs
2019-09-05 09:12:53,574 [main] INFO  http.HttpServer2 (HttpServer2.java:addFilter(958)) - Added filter static_user_filter (class=org.apache.hadoop.http.lib.StaticUserWebFilter$StaticUserFilter) to context static
2019-09-05 09:12:53,576 [main] INFO  http.HttpServer2 (HttpServer2.java:bindListener(1191)) - Jetty bound to port 38445
2019-09-05 09:12:53,576 [main] INFO  server.Server (Server.java:doStart(351)) - jetty-9.3.24.v20180605, build timestamp: 2018-06-05T17:11:56Z, git hash: 84205aa28f11a4f31f2a3b86d1bba2cc8ab69827
2019-09-05 09:12:53,579 [main] INFO  handler.ContextHandler (ContextHandler.java:doStart(781)) - Started o.e.j.s.ServletContextHandler@1457fde{/logs,file:///workdir/hadoop-ozone/integration-test/target/log,AVAILABLE}
2019-09-05 09:12:53,579 [main] INFO  handler.ContextHandler (ContextHandler.java:doStart(781)) - Started o.e.j.s.ServletContextHandler@17fa1336{/static,jar:file:/home/user/.m2/repository/org/apache/hadoop/hadoop-hdds-container-service/0.5.0-SNAPSHOT/hadoop-hdds-container-service-0.5.0-SNAPSHOT.jar!/webapps/static,AVAILABLE}
2019-09-05 09:12:53,621 [main] INFO  handler.ContextHandler (ContextHandler.java:doStart(781)) - Started o.e.j.w.WebAppContext@7b306b9f{/,file:///tmp/jetty-0.0.0.0-38445-hddsDatanode-_-any-1566633313646210399.dir/webapp/,AVAILABLE}{/hddsDatanode}
2019-09-05 09:12:53,622 [main] INFO  server.AbstractConnector (AbstractConnector.java:doStart(278)) - Started ServerConnector@142213d5{HTTP/1.1,[http/1.1]}{0.0.0.0:38445}
2019-09-05 09:12:53,624 [main] INFO  server.Server (Server.java:doStart(419)) - Started @6410ms
2019-09-05 09:12:53,625 [main] INFO  server.BaseHttpServer (BaseHttpServer.java:updateConnectorAddress(213)) - HTTP server of HDDSDATANODE is listening at http://0.0.0.0:38445
2019-09-05 09:12:54,826 | INFO  | ObjectStoreRestHttpServer | Listening HDDS REST traffic on /0.0.0.0:40463 |  
2019-09-05 09:12:54,828 [main] INFO  ozone.HddsDatanodeService (HddsDatanodeService.java:startPlugins(395)) - Started plug-in org.apache.hadoop.ozone.web.OzoneHddsDatanodeService@3375ebd3
2019-09-05 09:12:54,830 [main] INFO  impl.MetricsSystemImpl (MetricsSystemImpl.java:init(158)) - HddsDatanode metrics system started (again)
2019-09-05 09:12:54,834 [main] INFO  ozone.HddsDatanodeService (HddsDatanodeService.java:start(184)) - HddsDatanodeService host:pr-hdds-1571-bldfb-3674279559 ip:192.168.69.66
2019-09-05 09:12:54,836 [org.apache.hadoop.util.JvmPauseMonitor$Monitor@6ed448b4] INFO  util.JvmPauseMonitor (JvmPauseMonitor.java:run(188)) - Starting JVM pause monitor
2019-09-05 09:12:54,843 [main] INFO  volume.HddsVolume (HddsVolume.java:<init>(176)) - Creating Volume: /workdir/hadoop-ozone/integration-test/target/test-dir/MiniOzoneClusterImpl-2067a7df-0bd0-4e68-a777-bbcd763ebdf2/datanode-1/data/containers/hdds of  storage type : DISK and capacity : 1482555576320
2019-09-05 09:12:54,844 [main] INFO  volume.VolumeSet (VolumeSet.java:initializeVolumeSet(170)) - Added Volume : /workdir/hadoop-ozone/integration-test/target/test-dir/MiniOzoneClusterImpl-2067a7df-0bd0-4e68-a777-bbcd763ebdf2/datanode-1/data/containers/hdds to VolumeSet
2019-09-05 09:12:54,845 [main] INFO  volume.ThrottledAsyncChecker (ThrottledAsyncChecker.java:schedule(140)) - Scheduling a check for org.apache.hadoop.ozone.container.common.volume.HddsVolume@643ba1ed
2019-09-05 09:12:54,846 [main] INFO  volume.HddsVolumeChecker (HddsVolumeChecker.java:checkAllVolumes(203)) - Scheduled health check for volume org.apache.hadoop.ozone.container.common.volume.HddsVolume@643ba1ed
2019-09-05 09:12:54,865 [main] INFO  impl.RaftServerProxy (ConfUtils.java:logGet(43)) - raft.rpc.type = GRPC (default)
2019-09-05 09:12:54,865 [main] INFO  grpc.GrpcFactory (GrpcFactory.java:checkPooledByteBufAllocatorUseCacheForAllThreads(45)) - PERFORMANCE WARNING: useCacheForAllThreads is true that may cause Netty to create a lot garbage objects and, as a result, trigger GC.
	It is recommended to disable useCacheForAllThreads by setting -Dorg.apache.ratis.thirdparty.io.netty.allocator.useCacheForAllThreads=false in command line.
2019-09-05 09:12:54,865 [main] INFO  grpc.GrpcConfigKeys$Server (ConfUtils.java:logGet(43)) - raft.grpc.server.port = 0 (default)
2019-09-05 09:12:54,866 [main] INFO  server.GrpcService (ConfUtils.java:logGet(43)) - raft.grpc.message.size.max = 33570816 (custom)
2019-09-05 09:12:54,866 [main] INFO  server.RaftServerConfigKeys (ConfUtils.java:logGet(43)) - raft.server.log.appender.buffer.byte-limit = 33554432 (custom)
2019-09-05 09:12:54,866 [main] INFO  server.GrpcService (ConfUtils.java:logGet(43)) - raft.grpc.flow.control.window = 1MB (=1048576) (default)
2019-09-05 09:12:54,867 [main] INFO  server.RaftServerConfigKeys (ConfUtils.java:logGet(43)) - raft.server.rpc.request.timeout = 3000ms (default)
2019-09-05 09:12:54,867 [main] INFO  server.RaftServerConfigKeys (ConfUtils.java:logGet(43)) - raft.server.storage.dir = [/workdir/hadoop-ozone/integration-test/target/test-dir/MiniOzoneClusterImpl-2067a7df-0bd0-4e68-a777-bbcd763ebdf2/datanode-1/data/ratis] (custom)
2019-09-05 09:12:54,868 [main] INFO  replication.SimpleContainerDownloader (SimpleContainerDownloader.java:<init>(72)) - Starting container downloader service to copy containers to replicate.
2019-09-05 09:12:54,869 [main] INFO  hdfs.DFSUtil (DFSUtil.java:httpServerTemplateForNNAndJN(1641)) - Starting Web-server for hddsDatanode at: http://0.0.0.0:0
2019-09-05 09:12:54,872 [main] INFO  server.AuthenticationFilter (AuthenticationFilter.java:constructSecretProvider(240)) - Unable to initialize FileSignerSecretProvider, falling back to use random secrets.
2019-09-05 09:12:54,873 [main] WARN  http.HttpRequestLog (HttpRequestLog.java:getRequestLog(97)) - Jetty request log can only be enabled using Log4j
2019-09-05 09:12:54,876 [main] INFO  http.HttpServer2 (HttpServer2.java:addGlobalFilter(975)) - Added global filter 'safety' (class=org.apache.hadoop.http.HttpServer2$QuotingInputFilter)
2019-09-05 09:12:54,877 [main] INFO  http.HttpServer2 (HttpServer2.java:addFilter(948)) - Added filter static_user_filter (class=org.apache.hadoop.http.lib.StaticUserWebFilter$StaticUserFilter) to context hddsDatanode
2019-09-05 09:12:54,877 [main] INFO  http.HttpServer2 (HttpServer2.java:addFilter(958)) - Added filter static_user_filter (class=org.apache.hadoop.http.lib.StaticUserWebFilter$StaticUserFilter) to context static
2019-09-05 09:12:54,878 [main] INFO  http.HttpServer2 (HttpServer2.java:addFilter(958)) - Added filter static_user_filter (class=org.apache.hadoop.http.lib.StaticUserWebFilter$StaticUserFilter) to context logs
2019-09-05 09:12:54,879 [main] INFO  http.HttpServer2 (HttpServer2.java:bindListener(1191)) - Jetty bound to port 36259
2019-09-05 09:12:54,879 [main] INFO  server.Server (Server.java:doStart(351)) - jetty-9.3.24.v20180605, build timestamp: 2018-06-05T17:11:56Z, git hash: 84205aa28f11a4f31f2a3b86d1bba2cc8ab69827
2019-09-05 09:12:54,883 [main] INFO  handler.ContextHandler (ContextHandler.java:doStart(781)) - Started o.e.j.s.ServletContextHandler@22ead351{/logs,file:///workdir/hadoop-ozone/integration-test/target/log,AVAILABLE}
2019-09-05 09:12:54,884 [main] INFO  handler.ContextHandler (ContextHandler.java:doStart(781)) - Started o.e.j.s.ServletContextHandler@43d65a81{/static,jar:file:/home/user/.m2/repository/org/apache/hadoop/hadoop-hdds-container-service/0.5.0-SNAPSHOT/hadoop-hdds-container-service-0.5.0-SNAPSHOT.jar!/webapps/static,AVAILABLE}
2019-09-05 09:12:54,928 [main] INFO  handler.ContextHandler (ContextHandler.java:doStart(781)) - Started o.e.j.w.WebAppContext@1f536481{/,file:///tmp/jetty-0.0.0.0-36259-hddsDatanode-_-any-6512546170596211719.dir/webapp/,AVAILABLE}{/hddsDatanode}
2019-09-05 09:12:54,930 [main] INFO  server.AbstractConnector (AbstractConnector.java:doStart(278)) - Started ServerConnector@5ce2889e{HTTP/1.1,[http/1.1]}{0.0.0.0:36259}
2019-09-05 09:12:54,931 [main] INFO  server.Server (Server.java:doStart(419)) - Started @7718ms
2019-09-05 09:12:54,932 [main] INFO  server.BaseHttpServer (BaseHttpServer.java:updateConnectorAddress(213)) - HTTP server of HDDSDATANODE is listening at http://0.0.0.0:36259
2019-09-05 09:12:54,974 [Datanode State Machine Thread - 0] INFO  datanode.InitDatanodeState (InitDatanodeState.java:persistContainerDatanodeDetails(140)) - DatanodeDetails is persisted to /workdir/hadoop-ozone/integration-test/target/test-dir/MiniOzoneClusterImpl-2067a7df-0bd0-4e68-a777-bbcd763ebdf2/datanode-0/meta/datanode.id
2019-09-05 09:12:55,099 | INFO  | ObjectStoreRestHttpServer | Listening HDDS REST traffic on /0.0.0.0:38392 |  
2019-09-05 09:12:55,099 [main] INFO  ozone.HddsDatanodeService (HddsDatanodeService.java:startPlugins(395)) - Started plug-in org.apache.hadoop.ozone.web.OzoneHddsDatanodeService@2faa55bb
2019-09-05 09:12:55,100 [main] INFO  impl.MetricsSystemImpl (MetricsSystemImpl.java:init(158)) - HddsDatanode metrics system started (again)
2019-09-05 09:12:55,102 [org.apache.hadoop.util.JvmPauseMonitor$Monitor@fe701bb] INFO  util.JvmPauseMonitor (JvmPauseMonitor.java:run(188)) - Starting JVM pause monitor
2019-09-05 09:12:55,102 [main] INFO  ozone.HddsDatanodeService (HddsDatanodeService.java:start(184)) - HddsDatanodeService host:pr-hdds-1571-bldfb-3674279559 ip:192.168.69.66
2019-09-05 09:12:55,107 [Datanode State Machine Thread - 0] INFO  datanode.InitDatanodeState (InitDatanodeState.java:persistContainerDatanodeDetails(140)) - DatanodeDetails is persisted to /workdir/hadoop-ozone/integration-test/target/test-dir/MiniOzoneClusterImpl-2067a7df-0bd0-4e68-a777-bbcd763ebdf2/datanode-1/meta/datanode.id
2019-09-05 09:12:55,113 [main] INFO  volume.HddsVolume (HddsVolume.java:<init>(176)) - Creating Volume: /workdir/hadoop-ozone/integration-test/target/test-dir/MiniOzoneClusterImpl-2067a7df-0bd0-4e68-a777-bbcd763ebdf2/datanode-2/data/containers/hdds of  storage type : DISK and capacity : 1482555576320
2019-09-05 09:12:55,113 [main] INFO  volume.VolumeSet (VolumeSet.java:initializeVolumeSet(170)) - Added Volume : /workdir/hadoop-ozone/integration-test/target/test-dir/MiniOzoneClusterImpl-2067a7df-0bd0-4e68-a777-bbcd763ebdf2/datanode-2/data/containers/hdds to VolumeSet
2019-09-05 09:12:55,113 [main] INFO  volume.ThrottledAsyncChecker (ThrottledAsyncChecker.java:schedule(140)) - Scheduling a check for org.apache.hadoop.ozone.container.common.volume.HddsVolume@374c40ba
2019-09-05 09:12:55,114 [main] INFO  volume.HddsVolumeChecker (HddsVolumeChecker.java:checkAllVolumes(203)) - Scheduled health check for volume org.apache.hadoop.ozone.container.common.volume.HddsVolume@374c40ba
2019-09-05 09:12:55,131 [main] INFO  impl.RaftServerProxy (ConfUtils.java:logGet(43)) - raft.rpc.type = GRPC (default)
2019-09-05 09:12:55,131 [main] INFO  grpc.GrpcFactory (GrpcFactory.java:checkPooledByteBufAllocatorUseCacheForAllThreads(45)) - PERFORMANCE WARNING: useCacheForAllThreads is true that may cause Netty to create a lot garbage objects and, as a result, trigger GC.
	It is recommended to disable useCacheForAllThreads by setting -Dorg.apache.ratis.thirdparty.io.netty.allocator.useCacheForAllThreads=false in command line.
2019-09-05 09:12:55,131 [main] INFO  grpc.GrpcConfigKeys$Server (ConfUtils.java:logGet(43)) - raft.grpc.server.port = 0 (default)
2019-09-05 09:12:55,132 [main] INFO  server.GrpcService (ConfUtils.java:logGet(43)) - raft.grpc.message.size.max = 33570816 (custom)
2019-09-05 09:12:55,132 [main] INFO  server.RaftServerConfigKeys (ConfUtils.java:logGet(43)) - raft.server.log.appender.buffer.byte-limit = 33554432 (custom)
2019-09-05 09:12:55,132 [main] INFO  server.GrpcService (ConfUtils.java:logGet(43)) - raft.grpc.flow.control.window = 1MB (=1048576) (default)
2019-09-05 09:12:55,132 [main] INFO  server.RaftServerConfigKeys (ConfUtils.java:logGet(43)) - raft.server.rpc.request.timeout = 3000ms (default)
2019-09-05 09:12:55,133 [main] INFO  server.RaftServerConfigKeys (ConfUtils.java:logGet(43)) - raft.server.storage.dir = [/workdir/hadoop-ozone/integration-test/target/test-dir/MiniOzoneClusterImpl-2067a7df-0bd0-4e68-a777-bbcd763ebdf2/datanode-2/data/ratis] (custom)
2019-09-05 09:12:55,134 [main] INFO  replication.SimpleContainerDownloader (SimpleContainerDownloader.java:<init>(72)) - Starting container downloader service to copy containers to replicate.
2019-09-05 09:12:55,135 [main] INFO  hdfs.DFSUtil (DFSUtil.java:httpServerTemplateForNNAndJN(1641)) - Starting Web-server for hddsDatanode at: http://0.0.0.0:0
2019-09-05 09:12:55,137 [main] INFO  server.AuthenticationFilter (AuthenticationFilter.java:constructSecretProvider(240)) - Unable to initialize FileSignerSecretProvider, falling back to use random secrets.
2019-09-05 09:12:55,137 [main] WARN  http.HttpRequestLog (HttpRequestLog.java:getRequestLog(97)) - Jetty request log can only be enabled using Log4j
2019-09-05 09:12:55,139 [main] INFO  http.HttpServer2 (HttpServer2.java:addGlobalFilter(975)) - Added global filter 'safety' (class=org.apache.hadoop.http.HttpServer2$QuotingInputFilter)
2019-09-05 09:12:55,140 [main] INFO  http.HttpServer2 (HttpServer2.java:addFilter(948)) - Added filter static_user_filter (class=org.apache.hadoop.http.lib.StaticUserWebFilter$StaticUserFilter) to context hddsDatanode
2019-09-05 09:12:55,140 [main] INFO  http.HttpServer2 (HttpServer2.java:addFilter(958)) - Added filter static_user_filter (class=org.apache.hadoop.http.lib.StaticUserWebFilter$StaticUserFilter) to context logs
2019-09-05 09:12:55,140 [main] INFO  http.HttpServer2 (HttpServer2.java:addFilter(958)) - Added filter static_user_filter (class=org.apache.hadoop.http.lib.StaticUserWebFilter$StaticUserFilter) to context static
2019-09-05 09:12:55,141 [main] INFO  http.HttpServer2 (HttpServer2.java:bindListener(1191)) - Jetty bound to port 42726
2019-09-05 09:12:55,141 [main] INFO  server.Server (Server.java:doStart(351)) - jetty-9.3.24.v20180605, build timestamp: 2018-06-05T17:11:56Z, git hash: 84205aa28f11a4f31f2a3b86d1bba2cc8ab69827
2019-09-05 09:12:55,143 [main] INFO  handler.ContextHandler (ContextHandler.java:doStart(781)) - Started o.e.j.s.ServletContextHandler@448c92fc{/logs,file:///workdir/hadoop-ozone/integration-test/target/log,AVAILABLE}
2019-09-05 09:12:55,143 [main] INFO  handler.ContextHandler (ContextHandler.java:doStart(781)) - Started o.e.j.s.ServletContextHandler@17c0274c{/static,jar:file:/home/user/.m2/repository/org/apache/hadoop/hadoop-hdds-container-service/0.5.0-SNAPSHOT/hadoop-hdds-container-service-0.5.0-SNAPSHOT.jar!/webapps/static,AVAILABLE}
2019-09-05 09:12:55,171 [main] INFO  handler.ContextHandler (ContextHandler.java:doStart(781)) - Started o.e.j.w.WebAppContext@6cc64028{/,file:///tmp/jetty-0.0.0.0-42726-hddsDatanode-_-any-3712739588080663277.dir/webapp/,AVAILABLE}{/hddsDatanode}
2019-09-05 09:12:55,172 [main] INFO  server.AbstractConnector (AbstractConnector.java:doStart(278)) - Started ServerConnector@291a4791{HTTP/1.1,[http/1.1]}{0.0.0.0:42726}
2019-09-05 09:12:55,172 [main] INFO  server.Server (Server.java:doStart(419)) - Started @7959ms
2019-09-05 09:12:55,173 [main] INFO  server.BaseHttpServer (BaseHttpServer.java:updateConnectorAddress(213)) - HTTP server of HDDSDATANODE is listening at http://0.0.0.0:42726
2019-09-05 09:12:55,318 | INFO  | ObjectStoreRestHttpServer | Listening HDDS REST traffic on /0.0.0.0:44513 |  
2019-09-05 09:12:55,318 [main] INFO  ozone.HddsDatanodeService (HddsDatanodeService.java:startPlugins(395)) - Started plug-in org.apache.hadoop.ozone.web.OzoneHddsDatanodeService@62a6674f
2019-09-05 09:12:55,319 [main] INFO  impl.MetricsSystemImpl (MetricsSystemImpl.java:init(158)) - HddsDatanode metrics system started (again)
2019-09-05 09:12:55,322 [main] INFO  ozone.HddsDatanodeService (HddsDatanodeService.java:start(184)) - HddsDatanodeService host:pr-hdds-1571-bldfb-3674279559 ip:192.168.69.66
2019-09-05 09:12:55,322 [org.apache.hadoop.util.JvmPauseMonitor$Monitor@70f4db37] INFO  util.JvmPauseMonitor (JvmPauseMonitor.java:run(188)) - Starting JVM pause monitor
2019-09-05 09:12:55,325 [Datanode State Machine Thread - 0] INFO  datanode.InitDatanodeState (InitDatanodeState.java:persistContainerDatanodeDetails(140)) - DatanodeDetails is persisted to /workdir/hadoop-ozone/integration-test/target/test-dir/MiniOzoneClusterImpl-2067a7df-0bd0-4e68-a777-bbcd763ebdf2/datanode-2/meta/datanode.id
2019-09-05 09:12:55,330 [main] INFO  volume.HddsVolume (HddsVolume.java:<init>(176)) - Creating Volume: /workdir/hadoop-ozone/integration-test/target/test-dir/MiniOzoneClusterImpl-2067a7df-0bd0-4e68-a777-bbcd763ebdf2/datanode-3/data/containers/hdds of  storage type : DISK and capacity : 1482555576320
2019-09-05 09:12:55,330 [main] INFO  volume.VolumeSet (VolumeSet.java:initializeVolumeSet(170)) - Added Volume : /workdir/hadoop-ozone/integration-test/target/test-dir/MiniOzoneClusterImpl-2067a7df-0bd0-4e68-a777-bbcd763ebdf2/datanode-3/data/containers/hdds to VolumeSet
2019-09-05 09:12:55,330 [main] INFO  volume.ThrottledAsyncChecker (ThrottledAsyncChecker.java:schedule(140)) - Scheduling a check for org.apache.hadoop.ozone.container.common.volume.HddsVolume@740b9a50
2019-09-05 09:12:55,331 [main] INFO  volume.HddsVolumeChecker (HddsVolumeChecker.java:checkAllVolumes(203)) - Scheduled health check for volume org.apache.hadoop.ozone.container.common.volume.HddsVolume@740b9a50
2019-09-05 09:12:55,345 [main] INFO  impl.RaftServerProxy (ConfUtils.java:logGet(43)) - raft.rpc.type = GRPC (default)
2019-09-05 09:12:55,346 [main] INFO  grpc.GrpcFactory (GrpcFactory.java:checkPooledByteBufAllocatorUseCacheForAllThreads(45)) - PERFORMANCE WARNING: useCacheForAllThreads is true that may cause Netty to create a lot garbage objects and, as a result, trigger GC.
	It is recommended to disable useCacheForAllThreads by setting -Dorg.apache.ratis.thirdparty.io.netty.allocator.useCacheForAllThreads=false in command line.
2019-09-05 09:12:55,346 [main] INFO  grpc.GrpcConfigKeys$Server (ConfUtils.java:logGet(43)) - raft.grpc.server.port = 0 (default)
2019-09-05 09:12:55,346 [main] INFO  server.GrpcService (ConfUtils.java:logGet(43)) - raft.grpc.message.size.max = 33570816 (custom)
2019-09-05 09:12:55,346 [main] INFO  server.RaftServerConfigKeys (ConfUtils.java:logGet(43)) - raft.server.log.appender.buffer.byte-limit = 33554432 (custom)
2019-09-05 09:12:55,347 [main] INFO  server.GrpcService (ConfUtils.java:logGet(43)) - raft.grpc.flow.control.window = 1MB (=1048576) (default)
2019-09-05 09:12:55,347 [main] INFO  server.RaftServerConfigKeys (ConfUtils.java:logGet(43)) - raft.server.rpc.request.timeout = 3000ms (default)
2019-09-05 09:12:55,347 [main] INFO  server.RaftServerConfigKeys (ConfUtils.java:logGet(43)) - raft.server.storage.dir = [/workdir/hadoop-ozone/integration-test/target/test-dir/MiniOzoneClusterImpl-2067a7df-0bd0-4e68-a777-bbcd763ebdf2/datanode-3/data/ratis] (custom)
2019-09-05 09:12:55,348 [main] INFO  replication.SimpleContainerDownloader (SimpleContainerDownloader.java:<init>(72)) - Starting container downloader service to copy containers to replicate.
2019-09-05 09:12:55,349 [main] INFO  hdfs.DFSUtil (DFSUtil.java:httpServerTemplateForNNAndJN(1641)) - Starting Web-server for hddsDatanode at: http://0.0.0.0:0
2019-09-05 09:12:55,351 [main] INFO  server.AuthenticationFilter (AuthenticationFilter.java:constructSecretProvider(240)) - Unable to initialize FileSignerSecretProvider, falling back to use random secrets.
2019-09-05 09:12:55,351 [main] WARN  http.HttpRequestLog (HttpRequestLog.java:getRequestLog(97)) - Jetty request log can only be enabled using Log4j
2019-09-05 09:12:55,352 [main] INFO  http.HttpServer2 (HttpServer2.java:addGlobalFilter(975)) - Added global filter 'safety' (class=org.apache.hadoop.http.HttpServer2$QuotingInputFilter)
2019-09-05 09:12:55,353 [main] INFO  http.HttpServer2 (HttpServer2.java:addFilter(948)) - Added filter static_user_filter (class=org.apache.hadoop.http.lib.StaticUserWebFilter$StaticUserFilter) to context hddsDatanode
2019-09-05 09:12:55,353 [main] INFO  http.HttpServer2 (HttpServer2.java:addFilter(958)) - Added filter static_user_filter (class=org.apache.hadoop.http.lib.StaticUserWebFilter$StaticUserFilter) to context static
2019-09-05 09:12:55,353 [main] INFO  http.HttpServer2 (HttpServer2.java:addFilter(958)) - Added filter static_user_filter (class=org.apache.hadoop.http.lib.StaticUserWebFilter$StaticUserFilter) to context logs
2019-09-05 09:12:55,354 [main] INFO  http.HttpServer2 (HttpServer2.java:bindListener(1191)) - Jetty bound to port 33807
2019-09-05 09:12:55,354 [main] INFO  server.Server (Server.java:doStart(351)) - jetty-9.3.24.v20180605, build timestamp: 2018-06-05T17:11:56Z, git hash: 84205aa28f11a4f31f2a3b86d1bba2cc8ab69827
2019-09-05 09:12:55,358 [main] INFO  handler.ContextHandler (ContextHandler.java:doStart(781)) - Started o.e.j.s.ServletContextHandler@130cfc47{/logs,file:///workdir/hadoop-ozone/integration-test/target/log,AVAILABLE}
2019-09-05 09:12:55,358 [main] INFO  handler.ContextHandler (ContextHandler.java:doStart(781)) - Started o.e.j.s.ServletContextHandler@2b6fb197{/static,jar:file:/home/user/.m2/repository/org/apache/hadoop/hadoop-hdds-container-service/0.5.0-SNAPSHOT/hadoop-hdds-container-service-0.5.0-SNAPSHOT.jar!/webapps/static,AVAILABLE}
2019-09-05 09:12:55,387 [main] INFO  handler.ContextHandler (ContextHandler.java:doStart(781)) - Started o.e.j.w.WebAppContext@1332dec4{/,file:///tmp/jetty-0.0.0.0-33807-hddsDatanode-_-any-2435134279807143310.dir/webapp/,AVAILABLE}{/hddsDatanode}
2019-09-05 09:12:55,388 [main] INFO  server.AbstractConnector (AbstractConnector.java:doStart(278)) - Started ServerConnector@544e3679{HTTP/1.1,[http/1.1]}{0.0.0.0:33807}
2019-09-05 09:12:55,389 [main] INFO  server.Server (Server.java:doStart(419)) - Started @8175ms
2019-09-05 09:12:55,389 [main] INFO  server.BaseHttpServer (BaseHttpServer.java:updateConnectorAddress(213)) - HTTP server of HDDSDATANODE is listening at http://0.0.0.0:33807
2019-09-05 09:12:55,530 | INFO  | ObjectStoreRestHttpServer | Listening HDDS REST traffic on /0.0.0.0:41890 |  
2019-09-05 09:12:55,530 [main] INFO  ozone.HddsDatanodeService (HddsDatanodeService.java:startPlugins(395)) - Started plug-in org.apache.hadoop.ozone.web.OzoneHddsDatanodeService@7f22687e
2019-09-05 09:12:55,530 [main] INFO  impl.MetricsSystemImpl (MetricsSystemImpl.java:init(158)) - HddsDatanode metrics system started (again)
2019-09-05 09:12:55,533 [org.apache.hadoop.util.JvmPauseMonitor$Monitor@4187f2f0] INFO  util.JvmPauseMonitor (JvmPauseMonitor.java:run(188)) - Starting JVM pause monitor
2019-09-05 09:12:55,534 [main] INFO  ozone.HddsDatanodeService (HddsDatanodeService.java:start(184)) - HddsDatanodeService host:pr-hdds-1571-bldfb-3674279559 ip:192.168.69.66
2019-09-05 09:12:55,535 [Datanode State Machine Thread - 0] INFO  datanode.InitDatanodeState (InitDatanodeState.java:persistContainerDatanodeDetails(140)) - DatanodeDetails is persisted to /workdir/hadoop-ozone/integration-test/target/test-dir/MiniOzoneClusterImpl-2067a7df-0bd0-4e68-a777-bbcd763ebdf2/datanode-3/meta/datanode.id
2019-09-05 09:12:55,542 [main] INFO  volume.HddsVolume (HddsVolume.java:<init>(176)) - Creating Volume: /workdir/hadoop-ozone/integration-test/target/test-dir/MiniOzoneClusterImpl-2067a7df-0bd0-4e68-a777-bbcd763ebdf2/datanode-4/data/containers/hdds of  storage type : DISK and capacity : 1482555576320
2019-09-05 09:12:55,542 [main] INFO  volume.VolumeSet (VolumeSet.java:initializeVolumeSet(170)) - Added Volume : /workdir/hadoop-ozone/integration-test/target/test-dir/MiniOzoneClusterImpl-2067a7df-0bd0-4e68-a777-bbcd763ebdf2/datanode-4/data/containers/hdds to VolumeSet
2019-09-05 09:12:55,543 [main] INFO  volume.ThrottledAsyncChecker (ThrottledAsyncChecker.java:schedule(140)) - Scheduling a check for org.apache.hadoop.ozone.container.common.volume.HddsVolume@34f7b44f
2019-09-05 09:12:55,543 [main] INFO  volume.HddsVolumeChecker (HddsVolumeChecker.java:checkAllVolumes(203)) - Scheduled health check for volume org.apache.hadoop.ozone.container.common.volume.HddsVolume@34f7b44f
2019-09-05 09:12:55,558 [main] INFO  impl.RaftServerProxy (ConfUtils.java:logGet(43)) - raft.rpc.type = GRPC (default)
2019-09-05 09:12:55,558 [main] INFO  grpc.GrpcFactory (GrpcFactory.java:checkPooledByteBufAllocatorUseCacheForAllThreads(45)) - PERFORMANCE WARNING: useCacheForAllThreads is true that may cause Netty to create a lot garbage objects and, as a result, trigger GC.
	It is recommended to disable useCacheForAllThreads by setting -Dorg.apache.ratis.thirdparty.io.netty.allocator.useCacheForAllThreads=false in command line.
2019-09-05 09:12:55,558 [main] INFO  grpc.GrpcConfigKeys$Server (ConfUtils.java:logGet(43)) - raft.grpc.server.port = 0 (default)
2019-09-05 09:12:55,558 [main] INFO  server.GrpcService (ConfUtils.java:logGet(43)) - raft.grpc.message.size.max = 33570816 (custom)
2019-09-05 09:12:55,559 [main] INFO  server.RaftServerConfigKeys (ConfUtils.java:logGet(43)) - raft.server.log.appender.buffer.byte-limit = 33554432 (custom)
2019-09-05 09:12:55,559 [main] INFO  server.GrpcService (ConfUtils.java:logGet(43)) - raft.grpc.flow.control.window = 1MB (=1048576) (default)
2019-09-05 09:12:55,559 [main] INFO  server.RaftServerConfigKeys (ConfUtils.java:logGet(43)) - raft.server.rpc.request.timeout = 3000ms (default)
2019-09-05 09:12:55,559 [main] INFO  server.RaftServerConfigKeys (ConfUtils.java:logGet(43)) - raft.server.storage.dir = [/workdir/hadoop-ozone/integration-test/target/test-dir/MiniOzoneClusterImpl-2067a7df-0bd0-4e68-a777-bbcd763ebdf2/datanode-4/data/ratis] (custom)
2019-09-05 09:12:55,560 [main] INFO  replication.SimpleContainerDownloader (SimpleContainerDownloader.java:<init>(72)) - Starting container downloader service to copy containers to replicate.
2019-09-05 09:12:55,561 [main] INFO  hdfs.DFSUtil (DFSUtil.java:httpServerTemplateForNNAndJN(1641)) - Starting Web-server for hddsDatanode at: http://0.0.0.0:0
2019-09-05 09:12:55,563 [main] INFO  server.AuthenticationFilter (AuthenticationFilter.java:constructSecretProvider(240)) - Unable to initialize FileSignerSecretProvider, falling back to use random secrets.
2019-09-05 09:12:55,563 [main] WARN  http.HttpRequestLog (HttpRequestLog.java:getRequestLog(97)) - Jetty request log can only be enabled using Log4j
2019-09-05 09:12:55,564 [main] INFO  http.HttpServer2 (HttpServer2.java:addGlobalFilter(975)) - Added global filter 'safety' (class=org.apache.hadoop.http.HttpServer2$QuotingInputFilter)
2019-09-05 09:12:55,565 [main] INFO  http.HttpServer2 (HttpServer2.java:addFilter(948)) - Added filter static_user_filter (class=org.apache.hadoop.http.lib.StaticUserWebFilter$StaticUserFilter) to context hddsDatanode
2019-09-05 09:12:55,565 [main] INFO  http.HttpServer2 (HttpServer2.java:addFilter(958)) - Added filter static_user_filter (class=org.apache.hadoop.http.lib.StaticUserWebFilter$StaticUserFilter) to context logs
2019-09-05 09:12:55,565 [main] INFO  http.HttpServer2 (HttpServer2.java:addFilter(958)) - Added filter static_user_filter (class=org.apache.hadoop.http.lib.StaticUserWebFilter$StaticUserFilter) to context static
2019-09-05 09:12:55,566 [main] INFO  http.HttpServer2 (HttpServer2.java:bindListener(1191)) - Jetty bound to port 37472
2019-09-05 09:12:55,566 [main] INFO  server.Server (Server.java:doStart(351)) - jetty-9.3.24.v20180605, build timestamp: 2018-06-05T17:11:56Z, git hash: 84205aa28f11a4f31f2a3b86d1bba2cc8ab69827
2019-09-05 09:12:55,568 [main] INFO  handler.ContextHandler (ContextHandler.java:doStart(781)) - Started o.e.j.s.ServletContextHandler@191ec193{/logs,file:///workdir/hadoop-ozone/integration-test/target/log,AVAILABLE}
2019-09-05 09:12:55,569 [main] INFO  handler.ContextHandler (ContextHandler.java:doStart(781)) - Started o.e.j.s.ServletContextHandler@1c7f9861{/static,jar:file:/home/user/.m2/repository/org/apache/hadoop/hadoop-hdds-container-service/0.5.0-SNAPSHOT/hadoop-hdds-container-service-0.5.0-SNAPSHOT.jar!/webapps/static,AVAILABLE}
2019-09-05 09:12:55,597 [main] INFO  handler.ContextHandler (ContextHandler.java:doStart(781)) - Started o.e.j.w.WebAppContext@4eb9ae4d{/,file:///tmp/jetty-0.0.0.0-37472-hddsDatanode-_-any-5921954454020001642.dir/webapp/,AVAILABLE}{/hddsDatanode}
2019-09-05 09:12:55,597 [main] INFO  server.AbstractConnector (AbstractConnector.java:doStart(278)) - Started ServerConnector@5520f675{HTTP/1.1,[http/1.1]}{0.0.0.0:37472}
2019-09-05 09:12:55,598 [main] INFO  server.Server (Server.java:doStart(419)) - Started @8385ms
2019-09-05 09:12:55,599 [main] INFO  server.BaseHttpServer (BaseHttpServer.java:updateConnectorAddress(213)) - HTTP server of HDDSDATANODE is listening at http://0.0.0.0:37472
2019-09-05 09:12:55,793 | INFO  | ObjectStoreRestHttpServer | Listening HDDS REST traffic on /0.0.0.0:45927 |  
2019-09-05 09:12:55,794 [main] INFO  ozone.HddsDatanodeService (HddsDatanodeService.java:startPlugins(395)) - Started plug-in org.apache.hadoop.ozone.web.OzoneHddsDatanodeService@4662752a
2019-09-05 09:12:55,794 [main] INFO  impl.MetricsSystemImpl (MetricsSystemImpl.java:init(158)) - HddsDatanode metrics system started (again)
2019-09-05 09:12:55,808 [org.apache.hadoop.util.JvmPauseMonitor$Monitor@4d4141ac] INFO  util.JvmPauseMonitor (JvmPauseMonitor.java:run(188)) - Starting JVM pause monitor
2019-09-05 09:12:55,809 [main] INFO  ozone.HddsDatanodeService (HddsDatanodeService.java:start(184)) - HddsDatanodeService host:pr-hdds-1571-bldfb-3674279559 ip:192.168.69.66
2019-09-05 09:12:55,811 [Datanode State Machine Thread - 0] INFO  datanode.InitDatanodeState (InitDatanodeState.java:persistContainerDatanodeDetails(140)) - DatanodeDetails is persisted to /workdir/hadoop-ozone/integration-test/target/test-dir/MiniOzoneClusterImpl-2067a7df-0bd0-4e68-a777-bbcd763ebdf2/datanode-4/meta/datanode.id
2019-09-05 09:12:55,818 [main] INFO  volume.HddsVolume (HddsVolume.java:<init>(176)) - Creating Volume: /workdir/hadoop-ozone/integration-test/target/test-dir/MiniOzoneClusterImpl-2067a7df-0bd0-4e68-a777-bbcd763ebdf2/datanode-5/data/containers/hdds of  storage type : DISK and capacity : 1482555576320
2019-09-05 09:12:55,823 [main] INFO  volume.VolumeSet (VolumeSet.java:initializeVolumeSet(170)) - Added Volume : /workdir/hadoop-ozone/integration-test/target/test-dir/MiniOzoneClusterImpl-2067a7df-0bd0-4e68-a777-bbcd763ebdf2/datanode-5/data/containers/hdds to VolumeSet
2019-09-05 09:12:55,825 [main] INFO  volume.ThrottledAsyncChecker (ThrottledAsyncChecker.java:schedule(140)) - Scheduling a check for org.apache.hadoop.ozone.container.common.volume.HddsVolume@10a907ec
2019-09-05 09:12:55,825 [main] INFO  volume.HddsVolumeChecker (HddsVolumeChecker.java:checkAllVolumes(203)) - Scheduled health check for volume org.apache.hadoop.ozone.container.common.volume.HddsVolume@10a907ec
2019-09-05 09:12:55,840 [main] INFO  impl.RaftServerProxy (ConfUtils.java:logGet(43)) - raft.rpc.type = GRPC (default)
2019-09-05 09:12:55,840 [main] INFO  grpc.GrpcFactory (GrpcFactory.java:checkPooledByteBufAllocatorUseCacheForAllThreads(45)) - PERFORMANCE WARNING: useCacheForAllThreads is true that may cause Netty to create a lot garbage objects and, as a result, trigger GC.
	It is recommended to disable useCacheForAllThreads by setting -Dorg.apache.ratis.thirdparty.io.netty.allocator.useCacheForAllThreads=false in command line.
2019-09-05 09:12:55,840 [main] INFO  grpc.GrpcConfigKeys$Server (ConfUtils.java:logGet(43)) - raft.grpc.server.port = 0 (default)
2019-09-05 09:12:55,841 [main] INFO  server.GrpcService (ConfUtils.java:logGet(43)) - raft.grpc.message.size.max = 33570816 (custom)
2019-09-05 09:12:55,841 [main] INFO  server.RaftServerConfigKeys (ConfUtils.java:logGet(43)) - raft.server.log.appender.buffer.byte-limit = 33554432 (custom)
2019-09-05 09:12:55,841 [main] INFO  server.GrpcService (ConfUtils.java:logGet(43)) - raft.grpc.flow.control.window = 1MB (=1048576) (default)
2019-09-05 09:12:55,841 [main] INFO  server.RaftServerConfigKeys (ConfUtils.java:logGet(43)) - raft.server.rpc.request.timeout = 3000ms (default)
2019-09-05 09:12:55,842 [main] INFO  server.RaftServerConfigKeys (ConfUtils.java:logGet(43)) - raft.server.storage.dir = [/workdir/hadoop-ozone/integration-test/target/test-dir/MiniOzoneClusterImpl-2067a7df-0bd0-4e68-a777-bbcd763ebdf2/datanode-5/data/ratis] (custom)
2019-09-05 09:12:55,842 [main] INFO  replication.SimpleContainerDownloader (SimpleContainerDownloader.java:<init>(72)) - Starting container downloader service to copy containers to replicate.
2019-09-05 09:12:55,843 [main] INFO  hdfs.DFSUtil (DFSUtil.java:httpServerTemplateForNNAndJN(1641)) - Starting Web-server for hddsDatanode at: http://0.0.0.0:0
2019-09-05 09:12:55,846 [main] INFO  server.AuthenticationFilter (AuthenticationFilter.java:constructSecretProvider(240)) - Unable to initialize FileSignerSecretProvider, falling back to use random secrets.
2019-09-05 09:12:55,846 [main] WARN  http.HttpRequestLog (HttpRequestLog.java:getRequestLog(97)) - Jetty request log can only be enabled using Log4j
2019-09-05 09:12:55,849 [main] INFO  http.HttpServer2 (HttpServer2.java:addGlobalFilter(975)) - Added global filter 'safety' (class=org.apache.hadoop.http.HttpServer2$QuotingInputFilter)
2019-09-05 09:12:55,850 [main] INFO  http.HttpServer2 (HttpServer2.java:addFilter(948)) - Added filter static_user_filter (class=org.apache.hadoop.http.lib.StaticUserWebFilter$StaticUserFilter) to context hddsDatanode
2019-09-05 09:12:55,851 [main] INFO  http.HttpServer2 (HttpServer2.java:addFilter(958)) - Added filter static_user_filter (class=org.apache.hadoop.http.lib.StaticUserWebFilter$StaticUserFilter) to context static
2019-09-05 09:12:55,851 [main] INFO  http.HttpServer2 (HttpServer2.java:addFilter(958)) - Added filter static_user_filter (class=org.apache.hadoop.http.lib.StaticUserWebFilter$StaticUserFilter) to context logs
2019-09-05 09:12:55,852 [main] INFO  http.HttpServer2 (HttpServer2.java:bindListener(1191)) - Jetty bound to port 36231
2019-09-05 09:12:55,853 [main] INFO  server.Server (Server.java:doStart(351)) - jetty-9.3.24.v20180605, build timestamp: 2018-06-05T17:11:56Z, git hash: 84205aa28f11a4f31f2a3b86d1bba2cc8ab69827
2019-09-05 09:12:55,855 [main] INFO  handler.ContextHandler (ContextHandler.java:doStart(781)) - Started o.e.j.s.ServletContextHandler@4f5c30b1{/logs,file:///workdir/hadoop-ozone/integration-test/target/log,AVAILABLE}
2019-09-05 09:12:55,856 [main] INFO  handler.ContextHandler (ContextHandler.java:doStart(781)) - Started o.e.j.s.ServletContextHandler@5d7f8467{/static,jar:file:/home/user/.m2/repository/org/apache/hadoop/hadoop-hdds-container-service/0.5.0-SNAPSHOT/hadoop-hdds-container-service-0.5.0-SNAPSHOT.jar!/webapps/static,AVAILABLE}
2019-09-05 09:12:55,901 [main] INFO  handler.ContextHandler (ContextHandler.java:doStart(781)) - Started o.e.j.w.WebAppContext@2a484710{/,file:///tmp/jetty-0.0.0.0-36231-hddsDatanode-_-any-5757247243127566774.dir/webapp/,AVAILABLE}{/hddsDatanode}
2019-09-05 09:12:55,903 [main] INFO  server.AbstractConnector (AbstractConnector.java:doStart(278)) - Started ServerConnector@661e1399{HTTP/1.1,[http/1.1]}{0.0.0.0:36231}
2019-09-05 09:12:55,903 [main] INFO  server.Server (Server.java:doStart(419)) - Started @8690ms
2019-09-05 09:12:55,904 [main] INFO  server.BaseHttpServer (BaseHttpServer.java:updateConnectorAddress(213)) - HTTP server of HDDSDATANODE is listening at http://0.0.0.0:36231
2019-09-05 09:12:56,049 | INFO  | ObjectStoreRestHttpServer | Listening HDDS REST traffic on /0.0.0.0:42779 |  
2019-09-05 09:12:56,050 [main] INFO  ozone.HddsDatanodeService (HddsDatanodeService.java:startPlugins(395)) - Started plug-in org.apache.hadoop.ozone.web.OzoneHddsDatanodeService@6e8f2094
2019-09-05 09:12:56,050 [main] INFO  impl.MetricsSystemImpl (MetricsSystemImpl.java:init(158)) - HddsDatanode metrics system started (again)
2019-09-05 09:12:56,054 [main] INFO  ozone.HddsDatanodeService (HddsDatanodeService.java:start(184)) - HddsDatanodeService host:pr-hdds-1571-bldfb-3674279559 ip:192.168.69.66
2019-09-05 09:12:56,054 [org.apache.hadoop.util.JvmPauseMonitor$Monitor@4dd9a11a] INFO  util.JvmPauseMonitor (JvmPauseMonitor.java:run(188)) - Starting JVM pause monitor
2019-09-05 09:12:56,057 [Datanode State Machine Thread - 0] INFO  datanode.InitDatanodeState (InitDatanodeState.java:persistContainerDatanodeDetails(140)) - DatanodeDetails is persisted to /workdir/hadoop-ozone/integration-test/target/test-dir/MiniOzoneClusterImpl-2067a7df-0bd0-4e68-a777-bbcd763ebdf2/datanode-5/meta/datanode.id
2019-09-05 09:12:56,063 [main] INFO  volume.HddsVolume (HddsVolume.java:<init>(176)) - Creating Volume: /workdir/hadoop-ozone/integration-test/target/test-dir/MiniOzoneClusterImpl-2067a7df-0bd0-4e68-a777-bbcd763ebdf2/datanode-6/data/containers/hdds of  storage type : DISK and capacity : 1482555576320
2019-09-05 09:12:56,063 [main] INFO  volume.VolumeSet (VolumeSet.java:initializeVolumeSet(170)) - Added Volume : /workdir/hadoop-ozone/integration-test/target/test-dir/MiniOzoneClusterImpl-2067a7df-0bd0-4e68-a777-bbcd763ebdf2/datanode-6/data/containers/hdds to VolumeSet
2019-09-05 09:12:56,063 [main] INFO  volume.ThrottledAsyncChecker (ThrottledAsyncChecker.java:schedule(140)) - Scheduling a check for org.apache.hadoop.ozone.container.common.volume.HddsVolume@638afcaa
2019-09-05 09:12:56,064 [main] INFO  volume.HddsVolumeChecker (HddsVolumeChecker.java:checkAllVolumes(203)) - Scheduled health check for volume org.apache.hadoop.ozone.container.common.volume.HddsVolume@638afcaa
2019-09-05 09:12:56,078 [main] INFO  impl.RaftServerProxy (ConfUtils.java:logGet(43)) - raft.rpc.type = GRPC (default)
2019-09-05 09:12:56,079 [main] INFO  grpc.GrpcFactory (GrpcFactory.java:checkPooledByteBufAllocatorUseCacheForAllThreads(45)) - PERFORMANCE WARNING: useCacheForAllThreads is true that may cause Netty to create a lot garbage objects and, as a result, trigger GC.
	It is recommended to disable useCacheForAllThreads by setting -Dorg.apache.ratis.thirdparty.io.netty.allocator.useCacheForAllThreads=false in command line.
2019-09-05 09:12:56,079 [main] INFO  grpc.GrpcConfigKeys$Server (ConfUtils.java:logGet(43)) - raft.grpc.server.port = 0 (default)
2019-09-05 09:12:56,079 [main] INFO  server.GrpcService (ConfUtils.java:logGet(43)) - raft.grpc.message.size.max = 33570816 (custom)
2019-09-05 09:12:56,079 [main] INFO  server.RaftServerConfigKeys (ConfUtils.java:logGet(43)) - raft.server.log.appender.buffer.byte-limit = 33554432 (custom)
2019-09-05 09:12:56,080 [main] INFO  server.GrpcService (ConfUtils.java:logGet(43)) - raft.grpc.flow.control.window = 1MB (=1048576) (default)
2019-09-05 09:12:56,080 [main] INFO  server.RaftServerConfigKeys (ConfUtils.java:logGet(43)) - raft.server.rpc.request.timeout = 3000ms (default)
2019-09-05 09:12:56,080 [main] INFO  server.RaftServerConfigKeys (ConfUtils.java:logGet(43)) - raft.server.storage.dir = [/workdir/hadoop-ozone/integration-test/target/test-dir/MiniOzoneClusterImpl-2067a7df-0bd0-4e68-a777-bbcd763ebdf2/datanode-6/data/ratis] (custom)
2019-09-05 09:12:56,081 [main] INFO  replication.SimpleContainerDownloader (SimpleContainerDownloader.java:<init>(72)) - Starting container downloader service to copy containers to replicate.
2019-09-05 09:12:56,082 [main] INFO  hdfs.DFSUtil (DFSUtil.java:httpServerTemplateForNNAndJN(1641)) - Starting Web-server for hddsDatanode at: http://0.0.0.0:0
2019-09-05 09:12:56,083 [main] INFO  server.AuthenticationFilter (AuthenticationFilter.java:constructSecretProvider(240)) - Unable to initialize FileSignerSecretProvider, falling back to use random secrets.
2019-09-05 09:12:56,084 [main] WARN  http.HttpRequestLog (HttpRequestLog.java:getRequestLog(97)) - Jetty request log can only be enabled using Log4j
2019-09-05 09:12:56,085 [main] INFO  http.HttpServer2 (HttpServer2.java:addGlobalFilter(975)) - Added global filter 'safety' (class=org.apache.hadoop.http.HttpServer2$QuotingInputFilter)
2019-09-05 09:12:56,086 [main] INFO  http.HttpServer2 (HttpServer2.java:addFilter(948)) - Added filter static_user_filter (class=org.apache.hadoop.http.lib.StaticUserWebFilter$StaticUserFilter) to context hddsDatanode
2019-09-05 09:12:56,086 [main] INFO  http.HttpServer2 (HttpServer2.java:addFilter(958)) - Added filter static_user_filter (class=org.apache.hadoop.http.lib.StaticUserWebFilter$StaticUserFilter) to context static
2019-09-05 09:12:56,086 [main] INFO  http.HttpServer2 (HttpServer2.java:addFilter(958)) - Added filter static_user_filter (class=org.apache.hadoop.http.lib.StaticUserWebFilter$StaticUserFilter) to context logs
2019-09-05 09:12:56,087 [main] INFO  http.HttpServer2 (HttpServer2.java:bindListener(1191)) - Jetty bound to port 40567
2019-09-05 09:12:56,087 [main] INFO  server.Server (Server.java:doStart(351)) - jetty-9.3.24.v20180605, build timestamp: 2018-06-05T17:11:56Z, git hash: 84205aa28f11a4f31f2a3b86d1bba2cc8ab69827
2019-09-05 09:12:56,088 [main] INFO  handler.ContextHandler (ContextHandler.java:doStart(781)) - Started o.e.j.s.ServletContextHandler@11bfffb3{/logs,file:///workdir/hadoop-ozone/integration-test/target/log,AVAILABLE}
2019-09-05 09:12:56,089 [main] INFO  handler.ContextHandler (ContextHandler.java:doStart(781)) - Started o.e.j.s.ServletContextHandler@1c6e3ff9{/static,jar:file:/home/user/.m2/repository/org/apache/hadoop/hadoop-hdds-container-service/0.5.0-SNAPSHOT/hadoop-hdds-container-service-0.5.0-SNAPSHOT.jar!/webapps/static,AVAILABLE}
2019-09-05 09:12:56,131 [main] INFO  handler.ContextHandler (ContextHandler.java:doStart(781)) - Started o.e.j.w.WebAppContext@2eebce87{/,file:///tmp/jetty-0.0.0.0-40567-hddsDatanode-_-any-6384446308737161779.dir/webapp/,AVAILABLE}{/hddsDatanode}
2019-09-05 09:12:56,133 [main] INFO  server.AbstractConnector (AbstractConnector.java:doStart(278)) - Started ServerConnector@6ee37ca7{HTTP/1.1,[http/1.1]}{0.0.0.0:40567}
2019-09-05 09:12:56,133 [main] INFO  server.Server (Server.java:doStart(419)) - Started @8920ms
2019-09-05 09:12:56,134 [main] INFO  server.BaseHttpServer (BaseHttpServer.java:updateConnectorAddress(213)) - HTTP server of HDDSDATANODE is listening at http://0.0.0.0:40567
2019-09-05 09:12:56,256 | INFO  | ObjectStoreRestHttpServer | Listening HDDS REST traffic on /0.0.0.0:38999 |  
2019-09-05 09:12:56,256 [main] INFO  ozone.HddsDatanodeService (HddsDatanodeService.java:startPlugins(395)) - Started plug-in org.apache.hadoop.ozone.web.OzoneHddsDatanodeService@56ec6960
2019-09-05 09:12:56,258 [main] INFO  ozone.MiniOzoneClusterImpl (MiniOzoneClusterImpl.java:lambda$waitForClusterToBeReady$0(142)) - Waiting for cluster to be ready. Got 0 of 7 DN Heartbeats.
2019-09-05 09:12:56,259 [org.apache.hadoop.util.JvmPauseMonitor$Monitor@15f36422] INFO  util.JvmPauseMonitor (JvmPauseMonitor.java:run(188)) - Starting JVM pause monitor
2019-09-05 09:12:56,260 [Datanode State Machine Thread - 0] INFO  datanode.InitDatanodeState (InitDatanodeState.java:persistContainerDatanodeDetails(140)) - DatanodeDetails is persisted to /workdir/hadoop-ozone/integration-test/target/test-dir/MiniOzoneClusterImpl-2067a7df-0bd0-4e68-a777-bbcd763ebdf2/datanode-6/meta/datanode.id
2019-09-05 09:12:56,873 | INFO  | SCMAudit | user=jenkins1000 | ip=192.168.69.66 | op=GET_VERSION null | ret=SUCCESS |  
2019-09-05 09:12:56,906 [Datanode State Machine Thread - 0] INFO  ozoneimpl.OzoneContainer (OzoneContainer.java:start(186)) - Attempting to start container services.
2019-09-05 09:12:56,908 [Datanode State Machine Thread - 0] INFO  ozoneimpl.OzoneContainer (OzoneContainer.java:startContainerScrub(160)) - Background container scrubber has been disabled by hdds.containerscrub.enabled
2019-09-05 09:12:56,909 [Datanode State Machine Thread - 0] INFO  ratis.XceiverServerRatis (XceiverServerRatis.java:start(404)) - Starting XceiverServerRatis afe4f488-87af-436a-a91b-00d083bcaf9f at port 0
2019-09-05 09:12:56,925 [Datanode State Machine Thread - 0] INFO  impl.RaftServerProxy (RaftServerProxy.java:lambda$start$3(299)) - afe4f488-87af-436a-a91b-00d083bcaf9f: start RPC server
2019-09-05 09:12:57,081 [Datanode State Machine Thread - 0] INFO  server.GrpcService (GrpcService.java:startImpl(149)) - afe4f488-87af-436a-a91b-00d083bcaf9f: GrpcService started, listening on 0.0.0.0/0.0.0.0:37081
2019-09-05 09:12:57,083 [Datanode State Machine Thread - 0] INFO  ratis.XceiverServerRatis (XceiverServerRatis.java:start(414)) - XceiverServerRatis afe4f488-87af-436a-a91b-00d083bcaf9f is started using port 37081
2019-09-05 09:12:57,086 [Datanode State Machine Thread - 0] INFO  server.XceiverServerGrpc (XceiverServerGrpc.java:start(163)) - XceiverServerGrpc afe4f488-87af-436a-a91b-00d083bcaf9f is started using port 36939
2019-09-05 09:12:57,105 | INFO  | SCMAudit | user=jenkins1000 | ip=192.168.69.66 | op=GET_VERSION null | ret=SUCCESS |  
2019-09-05 09:12:57,215 [Datanode State Machine Thread - 0] INFO  ozoneimpl.OzoneContainer (OzoneContainer.java:start(186)) - Attempting to start container services.
2019-09-05 09:12:57,217 [Datanode State Machine Thread - 0] INFO  ozoneimpl.OzoneContainer (OzoneContainer.java:startContainerScrub(160)) - Background container scrubber has been disabled by hdds.containerscrub.enabled
2019-09-05 09:12:57,218 [Datanode State Machine Thread - 0] INFO  ratis.XceiverServerRatis (XceiverServerRatis.java:start(404)) - Starting XceiverServerRatis b7723663-b5a7-4cec-8abb-1432ee42201a at port 0
2019-09-05 09:12:57,228 [Datanode State Machine Thread - 0] INFO  impl.RaftServerProxy (RaftServerProxy.java:lambda$start$3(299)) - b7723663-b5a7-4cec-8abb-1432ee42201a: start RPC server
2019-09-05 09:12:57,231 [Datanode State Machine Thread - 0] INFO  server.GrpcService (GrpcService.java:startImpl(149)) - b7723663-b5a7-4cec-8abb-1432ee42201a: GrpcService started, listening on 0.0.0.0/0.0.0.0:45839
2019-09-05 09:12:57,231 [Datanode State Machine Thread - 0] INFO  ratis.XceiverServerRatis (XceiverServerRatis.java:start(414)) - XceiverServerRatis b7723663-b5a7-4cec-8abb-1432ee42201a is started using port 45839
2019-09-05 09:12:57,233 [Datanode State Machine Thread - 0] INFO  server.XceiverServerGrpc (XceiverServerGrpc.java:start(163)) - XceiverServerGrpc b7723663-b5a7-4cec-8abb-1432ee42201a is started using port 39385
2019-09-05 09:12:57,259 [main] INFO  ozone.MiniOzoneClusterImpl (MiniOzoneClusterImpl.java:lambda$waitForClusterToBeReady$0(142)) - Waiting for cluster to be ready. Got 0 of 7 DN Heartbeats.
2019-09-05 09:12:57,325 | INFO  | SCMAudit | user=jenkins1000 | ip=192.168.69.66 | op=GET_VERSION null | ret=SUCCESS |  
2019-09-05 09:12:57,536 | INFO  | SCMAudit | user=jenkins1000 | ip=192.168.69.66 | op=GET_VERSION null | ret=SUCCESS |  
2019-09-05 09:12:57,715 [Datanode State Machine Thread - 0] INFO  ozoneimpl.OzoneContainer (OzoneContainer.java:start(186)) - Attempting to start container services.
2019-09-05 09:12:57,715 [Datanode State Machine Thread - 0] INFO  ozoneimpl.OzoneContainer (OzoneContainer.java:start(186)) - Attempting to start container services.
2019-09-05 09:12:57,721 [Datanode State Machine Thread - 0] INFO  ozoneimpl.OzoneContainer (OzoneContainer.java:startContainerScrub(160)) - Background container scrubber has been disabled by hdds.containerscrub.enabled
2019-09-05 09:12:57,720 [Datanode State Machine Thread - 0] INFO  ozoneimpl.OzoneContainer (OzoneContainer.java:startContainerScrub(160)) - Background container scrubber has been disabled by hdds.containerscrub.enabled
2019-09-05 09:12:57,721 [Datanode State Machine Thread - 0] INFO  ratis.XceiverServerRatis (XceiverServerRatis.java:start(404)) - Starting XceiverServerRatis 9925e697-233b-49ae-b622-0cc1839cd635 at port 0
2019-09-05 09:12:57,721 [Datanode State Machine Thread - 0] INFO  ratis.XceiverServerRatis (XceiverServerRatis.java:start(404)) - Starting XceiverServerRatis b742561a-6a32-4271-84e4-b9553f9c6759 at port 0
2019-09-05 09:12:57,733 [Datanode State Machine Thread - 0] INFO  impl.RaftServerProxy (RaftServerProxy.java:lambda$start$3(299)) - b742561a-6a32-4271-84e4-b9553f9c6759: start RPC server
2019-09-05 09:12:57,733 [Datanode State Machine Thread - 0] INFO  impl.RaftServerProxy (RaftServerProxy.java:lambda$start$3(299)) - 9925e697-233b-49ae-b622-0cc1839cd635: start RPC server
2019-09-05 09:12:57,739 [Datanode State Machine Thread - 0] INFO  server.GrpcService (GrpcService.java:startImpl(149)) - 9925e697-233b-49ae-b622-0cc1839cd635: GrpcService started, listening on 0.0.0.0/0.0.0.0:39635
2019-09-05 09:12:57,739 [Datanode State Machine Thread - 0] INFO  server.GrpcService (GrpcService.java:startImpl(149)) - b742561a-6a32-4271-84e4-b9553f9c6759: GrpcService started, listening on 0.0.0.0/0.0.0.0:42969
2019-09-05 09:12:57,739 [Datanode State Machine Thread - 0] INFO  ratis.XceiverServerRatis (XceiverServerRatis.java:start(414)) - XceiverServerRatis 9925e697-233b-49ae-b622-0cc1839cd635 is started using port 39635
2019-09-05 09:12:57,739 [Datanode State Machine Thread - 0] INFO  ratis.XceiverServerRatis (XceiverServerRatis.java:start(414)) - XceiverServerRatis b742561a-6a32-4271-84e4-b9553f9c6759 is started using port 42969
2019-09-05 09:12:57,744 [Datanode State Machine Thread - 0] INFO  server.XceiverServerGrpc (XceiverServerGrpc.java:start(163)) - XceiverServerGrpc 9925e697-233b-49ae-b622-0cc1839cd635 is started using port 41477
2019-09-05 09:12:57,744 [Datanode State Machine Thread - 0] INFO  server.XceiverServerGrpc (XceiverServerGrpc.java:start(163)) - XceiverServerGrpc b742561a-6a32-4271-84e4-b9553f9c6759 is started using port 40287
2019-09-05 09:12:57,810 | INFO  | SCMAudit | user=jenkins1000 | ip=192.168.69.66 | op=GET_VERSION null | ret=SUCCESS |  
2019-09-05 09:12:57,833 [Datanode State Machine Thread - 0] INFO  ozoneimpl.OzoneContainer (OzoneContainer.java:start(186)) - Attempting to start container services.
2019-09-05 09:12:57,833 [Datanode State Machine Thread - 0] INFO  ozoneimpl.OzoneContainer (OzoneContainer.java:startContainerScrub(160)) - Background container scrubber has been disabled by hdds.containerscrub.enabled
2019-09-05 09:12:57,833 [Datanode State Machine Thread - 0] INFO  ratis.XceiverServerRatis (XceiverServerRatis.java:start(404)) - Starting XceiverServerRatis 527ba554-0cdc-49d1-b9e7-3a69dcc23a2c at port 0
2019-09-05 09:12:57,840 [Datanode State Machine Thread - 0] INFO  impl.RaftServerProxy (RaftServerProxy.java:lambda$start$3(299)) - 527ba554-0cdc-49d1-b9e7-3a69dcc23a2c: start RPC server
2019-09-05 09:12:57,843 [Datanode State Machine Thread - 0] INFO  server.GrpcService (GrpcService.java:startImpl(149)) - 527ba554-0cdc-49d1-b9e7-3a69dcc23a2c: GrpcService started, listening on 0.0.0.0/0.0.0.0:34995
2019-09-05 09:12:57,844 [Datanode State Machine Thread - 0] INFO  ratis.XceiverServerRatis (XceiverServerRatis.java:start(414)) - XceiverServerRatis 527ba554-0cdc-49d1-b9e7-3a69dcc23a2c is started using port 34995
2019-09-05 09:12:57,847 [Datanode State Machine Thread - 0] INFO  server.XceiverServerGrpc (XceiverServerGrpc.java:start(163)) - XceiverServerGrpc 527ba554-0cdc-49d1-b9e7-3a69dcc23a2c is started using port 39092
2019-09-05 09:12:58,058 | INFO  | SCMAudit | user=jenkins1000 | ip=192.168.69.66 | op=GET_VERSION null | ret=SUCCESS |  
2019-09-05 09:12:58,077 [Datanode State Machine Thread - 0] INFO  ozoneimpl.OzoneContainer (OzoneContainer.java:start(186)) - Attempting to start container services.
2019-09-05 09:12:58,077 [Datanode State Machine Thread - 0] INFO  ozoneimpl.OzoneContainer (OzoneContainer.java:startContainerScrub(160)) - Background container scrubber has been disabled by hdds.containerscrub.enabled
2019-09-05 09:12:58,077 [Datanode State Machine Thread - 0] INFO  ratis.XceiverServerRatis (XceiverServerRatis.java:start(404)) - Starting XceiverServerRatis 74b14207-bfad-43c2-8870-3362b92740be at port 0
2019-09-05 09:12:58,084 [Datanode State Machine Thread - 0] INFO  impl.RaftServerProxy (RaftServerProxy.java:lambda$start$3(299)) - 74b14207-bfad-43c2-8870-3362b92740be: start RPC server
2019-09-05 09:12:58,088 [Datanode State Machine Thread - 0] INFO  server.GrpcService (GrpcService.java:startImpl(149)) - 74b14207-bfad-43c2-8870-3362b92740be: GrpcService started, listening on 0.0.0.0/0.0.0.0:43315
2019-09-05 09:12:58,089 [Datanode State Machine Thread - 0] INFO  ratis.XceiverServerRatis (XceiverServerRatis.java:start(414)) - XceiverServerRatis 74b14207-bfad-43c2-8870-3362b92740be is started using port 43315
2019-09-05 09:12:58,092 [Datanode State Machine Thread - 0] INFO  server.XceiverServerGrpc (XceiverServerGrpc.java:start(163)) - XceiverServerGrpc 74b14207-bfad-43c2-8870-3362b92740be is started using port 41323
2019-09-05 09:12:58,261 [main] INFO  ozone.MiniOzoneClusterImpl (MiniOzoneClusterImpl.java:lambda$waitForClusterToBeReady$0(142)) - Waiting for cluster to be ready. Got 0 of 7 DN Heartbeats.
2019-09-05 09:12:58,262 | INFO  | SCMAudit | user=jenkins1000 | ip=192.168.69.66 | op=GET_VERSION null | ret=SUCCESS |  
2019-09-05 09:12:58,279 [Datanode State Machine Thread - 0] INFO  ozoneimpl.OzoneContainer (OzoneContainer.java:start(186)) - Attempting to start container services.
2019-09-05 09:12:58,279 [Datanode State Machine Thread - 0] INFO  ozoneimpl.OzoneContainer (OzoneContainer.java:startContainerScrub(160)) - Background container scrubber has been disabled by hdds.containerscrub.enabled
2019-09-05 09:12:58,279 [Datanode State Machine Thread - 0] INFO  ratis.XceiverServerRatis (XceiverServerRatis.java:start(404)) - Starting XceiverServerRatis 6f15dda3-1033-4118-bbd5-e00bc2779eb3 at port 0
2019-09-05 09:12:58,283 [Datanode State Machine Thread - 0] INFO  impl.RaftServerProxy (RaftServerProxy.java:lambda$start$3(299)) - 6f15dda3-1033-4118-bbd5-e00bc2779eb3: start RPC server
2019-09-05 09:12:58,287 [Datanode State Machine Thread - 0] INFO  server.GrpcService (GrpcService.java:startImpl(149)) - 6f15dda3-1033-4118-bbd5-e00bc2779eb3: GrpcService started, listening on 0.0.0.0/0.0.0.0:35370
2019-09-05 09:12:58,287 [Datanode State Machine Thread - 0] INFO  ratis.XceiverServerRatis (XceiverServerRatis.java:start(414)) - XceiverServerRatis 6f15dda3-1033-4118-bbd5-e00bc2779eb3 is started using port 35370
2019-09-05 09:12:58,291 [Datanode State Machine Thread - 0] INFO  server.XceiverServerGrpc (XceiverServerGrpc.java:start(163)) - XceiverServerGrpc 6f15dda3-1033-4118-bbd5-e00bc2779eb3 is started using port 36228
2019-09-05 09:12:58,892 [IPC Server handler 1 on 36706] INFO  net.NetworkTopology (NetworkTopologyImpl.java:add(110)) - Added a new node: /default-rack/afe4f488-87af-436a-a91b-00d083bcaf9f
2019-09-05 09:12:58,892 [IPC Server handler 1 on 36706] INFO  node.SCMNodeManager (SCMNodeManager.java:register(273)) - Registered Data node : afe4f488-87af-436a-a91b-00d083bcaf9f{ip: 192.168.69.66, host: pr-hdds-1571-bldfb-3674279559, networkLocation: /default-rack, certSerialId: null}
2019-09-05 09:12:58,897 [EventQueue-NodeRegistrationContainerReportForDataNodeSafeModeRule] INFO  safemode.SCMSafeModeManager (DataNodeSafeModeRule.java:process(71)) - SCM in safe mode. 1 DataNodes registered, 1 required.
2019-09-05 09:12:58,897 [EventQueue-NodeRegistrationContainerReportForDataNodeSafeModeRule] INFO  safemode.SCMSafeModeManager (SCMSafeModeManager.java:validateSafeModeExitRules(177)) - ScmSafeModeManager, all rules are successfully validated
2019-09-05 09:12:58,897 [EventQueue-NodeRegistrationContainerReportForDataNodeSafeModeRule] INFO  safemode.SCMSafeModeManager (SCMSafeModeManager.java:exitSafeMode(193)) - SCM exiting safe mode.
2019-09-05 09:12:58,904 | INFO  | SCMAudit | user=jenkins1000 | ip=192.168.69.66 | op=REGISTER {datanodeDetails=afe4f488-87af-436a-a91b-00d083bcaf9f{ip: 192.168.69.66, host: pr-hdds-1571-bldfb-3674279559, networkLocation: /default-rack, certSerialId: null}} | ret=SUCCESS |  
2019-09-05 09:12:59,106 [IPC Server handler 2 on 36706] INFO  net.NetworkTopology (NetworkTopologyImpl.java:add(110)) - Added a new node: /default-rack/b7723663-b5a7-4cec-8abb-1432ee42201a
2019-09-05 09:12:59,107 [IPC Server handler 2 on 36706] INFO  node.SCMNodeManager (SCMNodeManager.java:register(273)) - Registered Data node : b7723663-b5a7-4cec-8abb-1432ee42201a{ip: 192.168.69.66, host: pr-hdds-1571-bldfb-3674279559, networkLocation: /default-rack, certSerialId: null}
2019-09-05 09:12:59,107 | INFO  | SCMAudit | user=jenkins1000 | ip=192.168.69.66 | op=REGISTER {datanodeDetails=b7723663-b5a7-4cec-8abb-1432ee42201a{ip: 192.168.69.66, host: pr-hdds-1571-bldfb-3674279559, networkLocation: /default-rack, certSerialId: null}} | ret=SUCCESS |  
2019-09-05 09:12:59,671 [main] INFO  ozone.MiniOzoneClusterImpl (MiniOzoneClusterImpl.java:lambda$waitForClusterToBeReady$0(142)) - Waiting for cluster to be ready. Got 2 of 7 DN Heartbeats.
2019-09-05 09:12:59,695 [IPC Server handler 3 on 36706] INFO  net.NetworkTopology (NetworkTopologyImpl.java:add(110)) - Added a new node: /default-rack/9925e697-233b-49ae-b622-0cc1839cd635
2019-09-05 09:12:59,697 [IPC Server handler 6 on 36706] INFO  net.NetworkTopology (NetworkTopologyImpl.java:add(110)) - Added a new node: /default-rack/b742561a-6a32-4271-84e4-b9553f9c6759
2019-09-05 09:12:59,719 [IPC Server handler 3 on 36706] INFO  node.SCMNodeManager (SCMNodeManager.java:register(273)) - Registered Data node : 9925e697-233b-49ae-b622-0cc1839cd635{ip: 192.168.69.66, host: pr-hdds-1571-bldfb-3674279559, networkLocation: /default-rack, certSerialId: null}
2019-09-05 09:12:59,719 [IPC Server handler 6 on 36706] INFO  node.SCMNodeManager (SCMNodeManager.java:register(273)) - Registered Data node : b742561a-6a32-4271-84e4-b9553f9c6759{ip: 192.168.69.66, host: pr-hdds-1571-bldfb-3674279559, networkLocation: /default-rack, certSerialId: null}
2019-09-05 09:12:59,720 | INFO  | SCMAudit | user=jenkins1000 | ip=192.168.69.66 | op=REGISTER {datanodeDetails=9925e697-233b-49ae-b622-0cc1839cd635{ip: 192.168.69.66, host: pr-hdds-1571-bldfb-3674279559, networkLocation: /default-rack, certSerialId: null}} | ret=SUCCESS |  
2019-09-05 09:12:59,720 | INFO  | SCMAudit | user=jenkins1000 | ip=192.168.69.66 | op=REGISTER {datanodeDetails=b742561a-6a32-4271-84e4-b9553f9c6759{ip: 192.168.69.66, host: pr-hdds-1571-bldfb-3674279559, networkLocation: /default-rack, certSerialId: null}} | ret=SUCCESS |  
2019-09-05 09:12:59,812 [IPC Server handler 1 on 36706] INFO  net.NetworkTopology (NetworkTopologyImpl.java:add(110)) - Added a new node: /default-rack/527ba554-0cdc-49d1-b9e7-3a69dcc23a2c
2019-09-05 09:12:59,812 [IPC Server handler 1 on 36706] INFO  node.SCMNodeManager (SCMNodeManager.java:register(273)) - Registered Data node : 527ba554-0cdc-49d1-b9e7-3a69dcc23a2c{ip: 192.168.69.66, host: pr-hdds-1571-bldfb-3674279559, networkLocation: /default-rack, certSerialId: null}
2019-09-05 09:12:59,813 | INFO  | SCMAudit | user=jenkins1000 | ip=192.168.69.66 | op=REGISTER {datanodeDetails=527ba554-0cdc-49d1-b9e7-3a69dcc23a2c{ip: 192.168.69.66, host: pr-hdds-1571-bldfb-3674279559, networkLocation: /default-rack, certSerialId: null}} | ret=SUCCESS |  
2019-09-05 09:12:59,902 [grpc-default-executor-0] INFO  impl.RaftServerProxy (RaftServerProxy.java:addNew(89)) - afe4f488-87af-436a-a91b-00d083bcaf9f: addNew group-9601AB6D53BD:[afe4f488-87af-436a-a91b-00d083bcaf9f:192.168.69.66:37081] returns group-9601AB6D53BD:java.util.concurrent.CompletableFuture@70ed098[Not completed]
2019-09-05 09:12:59,923 [pool-27-thread-1] INFO  impl.RaftServerImpl (RaftServerImpl.java:<init>(93)) - afe4f488-87af-436a-a91b-00d083bcaf9f: new RaftServerImpl for group-9601AB6D53BD:[afe4f488-87af-436a-a91b-00d083bcaf9f:192.168.69.66:37081] with ContainerStateMachine:uninitialized
2019-09-05 09:12:59,925 [pool-27-thread-1] INFO  server.RaftServerConfigKeys (ConfUtils.java:logGet(43)) - raft.server.rpc.timeout.min = 5s (custom)
2019-09-05 09:12:59,927 [pool-27-thread-1] INFO  server.RaftServerConfigKeys (ConfUtils.java:logGet(43)) - raft.server.rpc.timeout.max = 5200ms (custom)
2019-09-05 09:12:59,927 [pool-27-thread-1] INFO  server.RaftServerConfigKeys (ConfUtils.java:logGet(43)) - raft.server.rpcslowness.timeout = 120s (custom)
2019-09-05 09:12:59,928 [pool-27-thread-1] INFO  server.RaftServerConfigKeys (ConfUtils.java:logGet(43)) - raft.server.sleep.deviation.threshold = 300 (default)
2019-09-05 09:12:59,929 [pool-27-thread-1] INFO  server.RaftServerConfigKeys (ConfUtils.java:logGet(43)) - raft.server.log.appender.install.snapshot.enabled = false (custom)
2019-09-05 09:12:59,938 [pool-27-thread-1] INFO  impl.RaftServerImpl (ServerState.java:<init>(105)) - afe4f488-87af-436a-a91b-00d083bcaf9f:group-9601AB6D53BD ConfigurationManager, init=-1: [afe4f488-87af-436a-a91b-00d083bcaf9f:192.168.69.66:37081], old=null, confs=<EMPTY_MAP>
2019-09-05 09:12:59,938 [pool-27-thread-1] INFO  server.RaftServerConfigKeys (ConfUtils.java:logGet(43)) - raft.server.storage.dir = [/workdir/hadoop-ozone/integration-test/target/test-dir/MiniOzoneClusterImpl-2067a7df-0bd0-4e68-a777-bbcd763ebdf2/datanode-0/data/ratis] (custom)
2019-09-05 09:12:59,947 [pool-27-thread-1] INFO  storage.RaftStorageDirectory (RaftStorageDirectory.java:analyzeStorage(246)) - The storage directory /workdir/hadoop-ozone/integration-test/target/test-dir/MiniOzoneClusterImpl-2067a7df-0bd0-4e68-a777-bbcd763ebdf2/datanode-0/data/ratis/12684622-1cf6-476a-8c12-9601ab6d53bd does not exist. Creating ...
2019-09-05 09:12:59,969 [pool-27-thread-1] INFO  storage.RaftStorageDirectory (RaftStorageDirectory.java:tryLock(328)) - Lock on /workdir/hadoop-ozone/integration-test/target/test-dir/MiniOzoneClusterImpl-2067a7df-0bd0-4e68-a777-bbcd763ebdf2/datanode-0/data/ratis/12684622-1cf6-476a-8c12-9601ab6d53bd/in_use.lock acquired by nodename 17063@pr-hdds-1571-bldfb-3674279559
2019-09-05 09:12:59,990 [pool-27-thread-1] INFO  storage.RaftStorage (RaftStorage.java:format(72)) - Storage directory /workdir/hadoop-ozone/integration-test/target/test-dir/MiniOzoneClusterImpl-2067a7df-0bd0-4e68-a777-bbcd763ebdf2/datanode-0/data/ratis/12684622-1cf6-476a-8c12-9601ab6d53bd has been successfully formatted.
2019-09-05 09:12:59,992 [pool-27-thread-1] INFO  ratis.ContainerStateMachine (ContainerStateMachine.java:loadSnapshot(226)) - group-9601AB6D53BD: The snapshot info is null. Setting the last applied indexto:(t:0, i:~)
2019-09-05 09:12:59,992 [pool-27-thread-1] INFO  server.RaftServerConfigKeys (ConfUtils.java:logGet(43)) - raft.server.leader.election.timeout = 120s (custom)
2019-09-05 09:12:59,995 [pool-27-thread-1] INFO  server.RaftServerConfigKeys (ConfUtils.java:logGet(43)) - raft.server.log.use.memory = false (default)
2019-09-05 09:13:00,000 [pool-27-thread-1] INFO  server.RaftServerConfigKeys (ConfUtils.java:logGet(43)) - raft.server.log.purge.gap = 1000000 (custom)
2019-09-05 09:13:00,001 [pool-27-thread-1] INFO  server.RaftServerConfigKeys (ConfUtils.java:logGet(43)) - raft.server.log.appender.buffer.byte-limit = 33554432 (custom)
2019-09-05 09:13:00,002 [pool-27-thread-1] INFO  server.RaftServerConfigKeys (ConfUtils.java:logGet(43)) - raft.server.log.segment.size.max = 1048576 (custom)
2019-09-05 09:13:00,007 [pool-27-thread-1] INFO  server.RaftServerConfigKeys (ConfUtils.java:logGet(43)) - raft.server.log.segment.cache.num.max = 2 (custom)
2019-09-05 09:13:00,013 [pool-27-thread-1] INFO  segmented.SegmentedRaftLogWorker (SegmentedRaftLogWorker.java:<init>(172)) - new afe4f488-87af-436a-a91b-00d083bcaf9f-SegmentedRaftLogWorker:Storage Directory /workdir/hadoop-ozone/integration-test/target/test-dir/MiniOzoneClusterImpl-2067a7df-0bd0-4e68-a777-bbcd763ebdf2/datanode-0/data/ratis/12684622-1cf6-476a-8c12-9601ab6d53bd for RaftStorage:Storage Directory /workdir/hadoop-ozone/integration-test/target/test-dir/MiniOzoneClusterImpl-2067a7df-0bd0-4e68-a777-bbcd763ebdf2/datanode-0/data/ratis/12684622-1cf6-476a-8c12-9601ab6d53bd
2019-09-05 09:13:00,025 [pool-27-thread-1] INFO  server.RaftServerConfigKeys (ConfUtils.java:logGet(43)) - raft.server.log.queue.byte-limit = 2147483647 (custom)
2019-09-05 09:13:00,025 [pool-27-thread-1] INFO  server.RaftServerConfigKeys (ConfUtils.java:logGet(43)) - raft.server.log.queue.element-limit = 1024 (custom)
2019-09-05 09:13:00,030 [pool-27-thread-1] INFO  server.RaftServerConfigKeys (ConfUtils.java:logGet(43)) - raft.server.log.segment.size.max = 1048576 (custom)
2019-09-05 09:13:00,031 [pool-27-thread-1] INFO  server.RaftServerConfigKeys (ConfUtils.java:logGet(43)) - raft.server.log.preallocated.size = 16384 (custom)
2019-09-05 09:13:00,031 [pool-27-thread-1] INFO  server.RaftServerConfigKeys (ConfUtils.java:logGet(43)) - raft.server.log.write.buffer.size = 33554432 (custom)
2019-09-05 09:13:00,031 [pool-27-thread-1] INFO  server.RaftServerConfigKeys (ConfUtils.java:logGet(43)) - raft.server.log.force.sync.num = 128 (default)
2019-09-05 09:13:00,032 [pool-27-thread-1] INFO  server.RaftServerConfigKeys (ConfUtils.java:logGet(43)) - raft.server.log.statemachine.data.sync = true (default)
2019-09-05 09:13:00,033 [pool-27-thread-1] INFO  server.RaftServerConfigKeys (ConfUtils.java:logGet(43)) - raft.server.log.statemachine.data.sync.timeout = 10s (default)
2019-09-05 09:13:00,033 [pool-27-thread-1] INFO  server.RaftServerConfigKeys (ConfUtils.java:logGet(43)) - raft.server.log.statemachine.data.sync.timeout.retry = -1 (default)
2019-09-05 09:13:00,041 [pool-27-thread-1] INFO  server.RaftServerConfigKeys (ConfUtils.java:logGet(43)) - raft.server.log.statemachine.data.caching.enabled = true (custom)
2019-09-05 09:13:00,046 [pool-27-thread-1] INFO  segmented.SegmentedRaftLogWorker (SegmentedRaftLogWorker.java:lambda$new$0(132)) - afe4f488-87af-436a-a91b-00d083bcaf9f-SegmentedRaftLogWorker:Storage Directory /workdir/hadoop-ozone/integration-test/target/test-dir/MiniOzoneClusterImpl-2067a7df-0bd0-4e68-a777-bbcd763ebdf2/datanode-0/data/ratis/12684622-1cf6-476a-8c12-9601ab6d53bd: flushIndex: setUnconditionally 0 -> -1
2019-09-05 09:13:00,050 [pool-27-thread-1] INFO  server.RaftServerConfigKeys (ConfUtils.java:logGet(43)) - raft.server.snapshot.auto.trigger.enabled = true (custom)
2019-09-05 09:13:00,051 [pool-27-thread-1] INFO  server.RaftServerConfigKeys (ConfUtils.java:logGet(43)) - raft.server.snapshot.auto.trigger.threshold = 10000 (custom)
2019-09-05 09:13:00,051 [pool-27-thread-1] INFO  server.RaftServerConfigKeys (ConfUtils.java:logGet(43)) - raft.server.retrycache.expirytime = 600000ms (custom)
2019-09-05 09:13:00,059 [IPC Server handler 2 on 36706] INFO  net.NetworkTopology (NetworkTopologyImpl.java:add(110)) - Added a new node: /default-rack/74b14207-bfad-43c2-8870-3362b92740be
2019-09-05 09:13:00,060 [IPC Server handler 2 on 36706] INFO  node.SCMNodeManager (SCMNodeManager.java:register(273)) - Registered Data node : 74b14207-bfad-43c2-8870-3362b92740be{ip: 192.168.69.66, host: pr-hdds-1571-bldfb-3674279559, networkLocation: /default-rack, certSerialId: null}
2019-09-05 09:13:00,060 | INFO  | SCMAudit | user=jenkins1000 | ip=192.168.69.66 | op=REGISTER {datanodeDetails=74b14207-bfad-43c2-8870-3362b92740be{ip: 192.168.69.66, host: pr-hdds-1571-bldfb-3674279559, networkLocation: /default-rack, certSerialId: null}} | ret=SUCCESS |  
2019-09-05 09:13:00,078 [pool-27-thread-1] INFO  impl.RaftServerImpl (RaftServerImpl.java:start(180)) - afe4f488-87af-436a-a91b-00d083bcaf9f: start group-9601AB6D53BD
2019-09-05 09:13:00,079 [pool-27-thread-1] INFO  impl.RaftServerImpl (RaftServerImpl.java:setRole(171)) - afe4f488-87af-436a-a91b-00d083bcaf9f:group-9601AB6D53BD changes role from null to FOLLOWER at term 0 for startAsFollower
2019-09-05 09:13:00,081 [pool-27-thread-1] INFO  impl.RoleInfo (RoleInfo.java:updateAndGet(143)) - afe4f488-87af-436a-a91b-00d083bcaf9f: start FollowerState
2019-09-05 09:13:00,083 [pool-27-thread-1] INFO  util.JmxRegister (JmxRegister.java:tryRegister(44)) - Successfully registered JMX Bean with object name Ratis:service=RaftServer,group=group-9601AB6D53BD,id=afe4f488-87af-436a-a91b-00d083bcaf9f
2019-09-05 09:13:00,141 [RatisPipelineUtilsThread] INFO  pipeline.PipelineStateManager (PipelineStateManager.java:addPipeline(56)) - Created pipeline Pipeline[ Id: 12684622-1cf6-476a-8c12-9601ab6d53bd, Nodes: afe4f488-87af-436a-a91b-00d083bcaf9f{ip: 192.168.69.66, host: pr-hdds-1571-bldfb-3674279559, networkLocation: /default-rack, certSerialId: null}, Type:RATIS, Factor:ONE, State:OPEN]
2019-09-05 09:13:00,167 [grpc-default-executor-0] INFO  impl.RaftServerProxy (RaftServerProxy.java:addNew(89)) - 527ba554-0cdc-49d1-b9e7-3a69dcc23a2c: addNew group-CACDFB05E34A:[527ba554-0cdc-49d1-b9e7-3a69dcc23a2c:192.168.69.66:34995] returns group-CACDFB05E34A:java.util.concurrent.CompletableFuture@68e1d796[Not completed]
2019-09-05 09:13:00,212 [pool-71-thread-1] INFO  impl.RaftServerImpl (RaftServerImpl.java:<init>(93)) - 527ba554-0cdc-49d1-b9e7-3a69dcc23a2c: new RaftServerImpl for group-CACDFB05E34A:[527ba554-0cdc-49d1-b9e7-3a69dcc23a2c:192.168.69.66:34995] with ContainerStateMachine:uninitialized
2019-09-05 09:13:00,213 [pool-71-thread-1] INFO  server.RaftServerConfigKeys (ConfUtils.java:logGet(43)) - raft.server.rpc.timeout.min = 5s (custom)
2019-09-05 09:13:00,213 [pool-71-thread-1] INFO  server.RaftServerConfigKeys (ConfUtils.java:logGet(43)) - raft.server.rpc.timeout.max = 5200ms (custom)
2019-09-05 09:13:00,213 [pool-71-thread-1] INFO  server.RaftServerConfigKeys (ConfUtils.java:logGet(43)) - raft.server.rpcslowness.timeout = 120s (custom)
2019-09-05 09:13:00,213 [pool-71-thread-1] INFO  server.RaftServerConfigKeys (ConfUtils.java:logGet(43)) - raft.server.sleep.deviation.threshold = 300 (default)
2019-09-05 09:13:00,213 [pool-71-thread-1] INFO  server.RaftServerConfigKeys (ConfUtils.java:logGet(43)) - raft.server.log.appender.install.snapshot.enabled = false (custom)
2019-09-05 09:13:00,214 [pool-71-thread-1] INFO  impl.RaftServerImpl (ServerState.java:<init>(105)) - 527ba554-0cdc-49d1-b9e7-3a69dcc23a2c:group-CACDFB05E34A ConfigurationManager, init=-1: [527ba554-0cdc-49d1-b9e7-3a69dcc23a2c:192.168.69.66:34995], old=null, confs=<EMPTY_MAP>
2019-09-05 09:13:00,214 [pool-71-thread-1] INFO  server.RaftServerConfigKeys (ConfUtils.java:logGet(43)) - raft.server.storage.dir = [/workdir/hadoop-ozone/integration-test/target/test-dir/MiniOzoneClusterImpl-2067a7df-0bd0-4e68-a777-bbcd763ebdf2/datanode-4/data/ratis] (custom)
2019-09-05 09:13:00,214 [pool-71-thread-1] INFO  storage.RaftStorageDirectory (RaftStorageDirectory.java:analyzeStorage(246)) - The storage directory /workdir/hadoop-ozone/integration-test/target/test-dir/MiniOzoneClusterImpl-2067a7df-0bd0-4e68-a777-bbcd763ebdf2/datanode-4/data/ratis/2fd8da09-370d-4ad6-84ca-cacdfb05e34a does not exist. Creating ...
2019-09-05 09:13:00,243 [pool-71-thread-1] INFO  storage.RaftStorageDirectory (RaftStorageDirectory.java:tryLock(328)) - Lock on /workdir/hadoop-ozone/integration-test/target/test-dir/MiniOzoneClusterImpl-2067a7df-0bd0-4e68-a777-bbcd763ebdf2/datanode-4/data/ratis/2fd8da09-370d-4ad6-84ca-cacdfb05e34a/in_use.lock acquired by nodename 17063@pr-hdds-1571-bldfb-3674279559
2019-09-05 09:13:00,260 [pool-71-thread-1] INFO  storage.RaftStorage (RaftStorage.java:format(72)) - Storage directory /workdir/hadoop-ozone/integration-test/target/test-dir/MiniOzoneClusterImpl-2067a7df-0bd0-4e68-a777-bbcd763ebdf2/datanode-4/data/ratis/2fd8da09-370d-4ad6-84ca-cacdfb05e34a has been successfully formatted.
2019-09-05 09:13:00,262 [pool-71-thread-1] INFO  ratis.ContainerStateMachine (ContainerStateMachine.java:loadSnapshot(226)) - group-CACDFB05E34A: The snapshot info is null. Setting the last applied indexto:(t:0, i:~)
2019-09-05 09:13:00,264 [pool-71-thread-1] INFO  server.RaftServerConfigKeys (ConfUtils.java:logGet(43)) - raft.server.leader.election.timeout = 120s (custom)
2019-09-05 09:13:00,264 [IPC Server handler 8 on 36706] INFO  net.NetworkTopology (NetworkTopologyImpl.java:add(110)) - Added a new node: /default-rack/6f15dda3-1033-4118-bbd5-e00bc2779eb3
2019-09-05 09:13:00,264 [pool-71-thread-1] INFO  server.RaftServerConfigKeys (ConfUtils.java:logGet(43)) - raft.server.log.use.memory = false (default)
2019-09-05 09:13:00,265 [IPC Server handler 8 on 36706] INFO  node.SCMNodeManager (SCMNodeManager.java:register(273)) - Registered Data node : 6f15dda3-1033-4118-bbd5-e00bc2779eb3{ip: 192.168.69.66, host: pr-hdds-1571-bldfb-3674279559, networkLocation: /default-rack, certSerialId: null}
2019-09-05 09:13:00,265 [pool-71-thread-1] INFO  server.RaftServerConfigKeys (ConfUtils.java:logGet(43)) - raft.server.log.purge.gap = 1000000 (custom)
2019-09-05 09:13:00,265 | INFO  | SCMAudit | user=jenkins1000 | ip=192.168.69.66 | op=REGISTER {datanodeDetails=6f15dda3-1033-4118-bbd5-e00bc2779eb3{ip: 192.168.69.66, host: pr-hdds-1571-bldfb-3674279559, networkLocation: /default-rack, certSerialId: null}} | ret=SUCCESS |  
2019-09-05 09:13:00,265 [pool-71-thread-1] INFO  server.RaftServerConfigKeys (ConfUtils.java:logGet(43)) - raft.server.log.appender.buffer.byte-limit = 33554432 (custom)
2019-09-05 09:13:00,265 [pool-71-thread-1] INFO  server.RaftServerConfigKeys (ConfUtils.java:logGet(43)) - raft.server.log.segment.size.max = 1048576 (custom)
2019-09-05 09:13:00,266 [pool-71-thread-1] INFO  server.RaftServerConfigKeys (ConfUtils.java:logGet(43)) - raft.server.log.segment.cache.num.max = 2 (custom)
2019-09-05 09:13:00,266 [pool-71-thread-1] INFO  segmented.SegmentedRaftLogWorker (SegmentedRaftLogWorker.java:<init>(172)) - new 527ba554-0cdc-49d1-b9e7-3a69dcc23a2c-SegmentedRaftLogWorker:Storage Directory /workdir/hadoop-ozone/integration-test/target/test-dir/MiniOzoneClusterImpl-2067a7df-0bd0-4e68-a777-bbcd763ebdf2/datanode-4/data/ratis/2fd8da09-370d-4ad6-84ca-cacdfb05e34a for RaftStorage:Storage Directory /workdir/hadoop-ozone/integration-test/target/test-dir/MiniOzoneClusterImpl-2067a7df-0bd0-4e68-a777-bbcd763ebdf2/datanode-4/data/ratis/2fd8da09-370d-4ad6-84ca-cacdfb05e34a
2019-09-05 09:13:00,267 [pool-71-thread-1] INFO  server.RaftServerConfigKeys (ConfUtils.java:logGet(43)) - raft.server.log.queue.byte-limit = 2147483647 (custom)
2019-09-05 09:13:00,268 [pool-71-thread-1] INFO  server.RaftServerConfigKeys (ConfUtils.java:logGet(43)) - raft.server.log.queue.element-limit = 1024 (custom)
2019-09-05 09:13:00,268 [pool-71-thread-1] INFO  server.RaftServerConfigKeys (ConfUtils.java:logGet(43)) - raft.server.log.segment.size.max = 1048576 (custom)
2019-09-05 09:13:00,268 [pool-71-thread-1] INFO  server.RaftServerConfigKeys (ConfUtils.java:logGet(43)) - raft.server.log.preallocated.size = 16384 (custom)
2019-09-05 09:13:00,269 [pool-71-thread-1] INFO  server.RaftServerConfigKeys (ConfUtils.java:logGet(43)) - raft.server.log.write.buffer.size = 33554432 (custom)
2019-09-05 09:13:00,269 [pool-71-thread-1] INFO  server.RaftServerConfigKeys (ConfUtils.java:logGet(43)) - raft.server.log.force.sync.num = 128 (default)
2019-09-05 09:13:00,269 [pool-71-thread-1] INFO  server.RaftServerConfigKeys (ConfUtils.java:logGet(43)) - raft.server.log.statemachine.data.sync = true (default)
2019-09-05 09:13:00,269 [pool-71-thread-1] INFO  server.RaftServerConfigKeys (ConfUtils.java:logGet(43)) - raft.server.log.statemachine.data.sync.timeout = 10s (default)
2019-09-05 09:13:00,270 [pool-71-thread-1] INFO  server.RaftServerConfigKeys (ConfUtils.java:logGet(43)) - raft.server.log.statemachine.data.sync.timeout.retry = -1 (default)
2019-09-05 09:13:00,270 [pool-71-thread-1] INFO  server.RaftServerConfigKeys (ConfUtils.java:logGet(43)) - raft.server.log.statemachine.data.caching.enabled = true (custom)
2019-09-05 09:13:00,271 [pool-71-thread-1] INFO  segmented.SegmentedRaftLogWorker (SegmentedRaftLogWorker.java:lambda$new$0(132)) - 527ba554-0cdc-49d1-b9e7-3a69dcc23a2c-SegmentedRaftLogWorker:Storage Directory /workdir/hadoop-ozone/integration-test/target/test-dir/MiniOzoneClusterImpl-2067a7df-0bd0-4e68-a777-bbcd763ebdf2/datanode-4/data/ratis/2fd8da09-370d-4ad6-84ca-cacdfb05e34a: flushIndex: setUnconditionally 0 -> -1
2019-09-05 09:13:00,271 [pool-71-thread-1] INFO  server.RaftServerConfigKeys (ConfUtils.java:logGet(43)) - raft.server.snapshot.auto.trigger.enabled = true (custom)
2019-09-05 09:13:00,271 [pool-71-thread-1] INFO  server.RaftServerConfigKeys (ConfUtils.java:logGet(43)) - raft.server.snapshot.auto.trigger.threshold = 10000 (custom)
2019-09-05 09:13:00,272 [pool-71-thread-1] INFO  server.RaftServerConfigKeys (ConfUtils.java:logGet(43)) - raft.server.retrycache.expirytime = 600000ms (custom)
2019-09-05 09:13:00,272 [pool-71-thread-1] INFO  impl.RaftServerImpl (RaftServerImpl.java:start(180)) - 527ba554-0cdc-49d1-b9e7-3a69dcc23a2c: start group-CACDFB05E34A
2019-09-05 09:13:00,272 [pool-71-thread-1] INFO  impl.RaftServerImpl (RaftServerImpl.java:setRole(171)) - 527ba554-0cdc-49d1-b9e7-3a69dcc23a2c:group-CACDFB05E34A changes role from null to FOLLOWER at term 0 for startAsFollower
2019-09-05 09:13:00,272 [pool-71-thread-1] INFO  impl.RoleInfo (RoleInfo.java:updateAndGet(143)) - 527ba554-0cdc-49d1-b9e7-3a69dcc23a2c: start FollowerState
2019-09-05 09:13:00,274 [pool-71-thread-1] INFO  util.JmxRegister (JmxRegister.java:tryRegister(44)) - Successfully registered JMX Bean with object name Ratis:service=RaftServer,group=group-CACDFB05E34A,id=527ba554-0cdc-49d1-b9e7-3a69dcc23a2c
2019-09-05 09:13:00,291 [RatisPipelineUtilsThread] INFO  pipeline.PipelineStateManager (PipelineStateManager.java:addPipeline(56)) - Created pipeline Pipeline[ Id: 2fd8da09-370d-4ad6-84ca-cacdfb05e34a, Nodes: 527ba554-0cdc-49d1-b9e7-3a69dcc23a2c{ip: 192.168.69.66, host: pr-hdds-1571-bldfb-3674279559, networkLocation: /default-rack, certSerialId: null}, Type:RATIS, Factor:ONE, State:OPEN]
2019-09-05 09:13:00,321 [grpc-default-executor-1] INFO  impl.RaftServerProxy (RaftServerProxy.java:addNew(89)) - 74b14207-bfad-43c2-8870-3362b92740be: addNew group-7138D2A4900A:[74b14207-bfad-43c2-8870-3362b92740be:192.168.69.66:43315] returns group-7138D2A4900A:java.util.concurrent.CompletableFuture@a6ec2a0[Not completed]
2019-09-05 09:13:00,341 [pool-82-thread-1] INFO  impl.RaftServerImpl (RaftServerImpl.java:<init>(93)) - 74b14207-bfad-43c2-8870-3362b92740be: new RaftServerImpl for group-7138D2A4900A:[74b14207-bfad-43c2-8870-3362b92740be:192.168.69.66:43315] with ContainerStateMachine:uninitialized
2019-09-05 09:13:00,341 [pool-82-thread-1] INFO  server.RaftServerConfigKeys (ConfUtils.java:logGet(43)) - raft.server.rpc.timeout.min = 5s (custom)
2019-09-05 09:13:00,341 [pool-82-thread-1] INFO  server.RaftServerConfigKeys (ConfUtils.java:logGet(43)) - raft.server.rpc.timeout.max = 5200ms (custom)
2019-09-05 09:13:00,341 [pool-82-thread-1] INFO  server.RaftServerConfigKeys (ConfUtils.java:logGet(43)) - raft.server.rpcslowness.timeout = 120s (custom)
2019-09-05 09:13:00,341 [pool-82-thread-1] INFO  server.RaftServerConfigKeys (ConfUtils.java:logGet(43)) - raft.server.sleep.deviation.threshold = 300 (default)
2019-09-05 09:13:00,342 [pool-82-thread-1] INFO  server.RaftServerConfigKeys (ConfUtils.java:logGet(43)) - raft.server.log.appender.install.snapshot.enabled = false (custom)
2019-09-05 09:13:00,342 [pool-82-thread-1] INFO  impl.RaftServerImpl (ServerState.java:<init>(105)) - 74b14207-bfad-43c2-8870-3362b92740be:group-7138D2A4900A ConfigurationManager, init=-1: [74b14207-bfad-43c2-8870-3362b92740be:192.168.69.66:43315], old=null, confs=<EMPTY_MAP>
2019-09-05 09:13:00,342 [pool-82-thread-1] INFO  server.RaftServerConfigKeys (ConfUtils.java:logGet(43)) - raft.server.storage.dir = [/workdir/hadoop-ozone/integration-test/target/test-dir/MiniOzoneClusterImpl-2067a7df-0bd0-4e68-a777-bbcd763ebdf2/datanode-5/data/ratis] (custom)
2019-09-05 09:13:00,342 [pool-82-thread-1] INFO  storage.RaftStorageDirectory (RaftStorageDirectory.java:analyzeStorage(246)) - The storage directory /workdir/hadoop-ozone/integration-test/target/test-dir/MiniOzoneClusterImpl-2067a7df-0bd0-4e68-a777-bbcd763ebdf2/datanode-5/data/ratis/d9de7a7f-c4d7-4063-b188-7138d2a4900a does not exist. Creating ...
2019-09-05 09:13:00,364 [pool-82-thread-1] INFO  storage.RaftStorageDirectory (RaftStorageDirectory.java:tryLock(328)) - Lock on /workdir/hadoop-ozone/integration-test/target/test-dir/MiniOzoneClusterImpl-2067a7df-0bd0-4e68-a777-bbcd763ebdf2/datanode-5/data/ratis/d9de7a7f-c4d7-4063-b188-7138d2a4900a/in_use.lock acquired by nodename 17063@pr-hdds-1571-bldfb-3674279559
2019-09-05 09:13:00,384 [pool-82-thread-1] INFO  storage.RaftStorage (RaftStorage.java:format(72)) - Storage directory /workdir/hadoop-ozone/integration-test/target/test-dir/MiniOzoneClusterImpl-2067a7df-0bd0-4e68-a777-bbcd763ebdf2/datanode-5/data/ratis/d9de7a7f-c4d7-4063-b188-7138d2a4900a has been successfully formatted.
2019-09-05 09:13:00,384 [pool-82-thread-1] INFO  ratis.ContainerStateMachine (ContainerStateMachine.java:loadSnapshot(226)) - group-7138D2A4900A: The snapshot info is null. Setting the last applied indexto:(t:0, i:~)
2019-09-05 09:13:00,384 [pool-82-thread-1] INFO  server.RaftServerConfigKeys (ConfUtils.java:logGet(43)) - raft.server.leader.election.timeout = 120s (custom)
2019-09-05 09:13:00,385 [pool-82-thread-1] INFO  server.RaftServerConfigKeys (ConfUtils.java:logGet(43)) - raft.server.log.use.memory = false (default)
2019-09-05 09:13:00,385 [pool-82-thread-1] INFO  server.RaftServerConfigKeys (ConfUtils.java:logGet(43)) - raft.server.log.purge.gap = 1000000 (custom)
2019-09-05 09:13:00,385 [pool-82-thread-1] INFO  server.RaftServerConfigKeys (ConfUtils.java:logGet(43)) - raft.server.log.appender.buffer.byte-limit = 33554432 (custom)
2019-09-05 09:13:00,385 [pool-82-thread-1] INFO  server.RaftServerConfigKeys (ConfUtils.java:logGet(43)) - raft.server.log.segment.size.max = 1048576 (custom)
2019-09-05 09:13:00,386 [pool-82-thread-1] INFO  server.RaftServerConfigKeys (ConfUtils.java:logGet(43)) - raft.server.log.segment.cache.num.max = 2 (custom)
2019-09-05 09:13:00,386 [pool-82-thread-1] INFO  segmented.SegmentedRaftLogWorker (SegmentedRaftLogWorker.java:<init>(172)) - new 74b14207-bfad-43c2-8870-3362b92740be-SegmentedRaftLogWorker:Storage Directory /workdir/hadoop-ozone/integration-test/target/test-dir/MiniOzoneClusterImpl-2067a7df-0bd0-4e68-a777-bbcd763ebdf2/datanode-5/data/ratis/d9de7a7f-c4d7-4063-b188-7138d2a4900a for RaftStorage:Storage Directory /workdir/hadoop-ozone/integration-test/target/test-dir/MiniOzoneClusterImpl-2067a7df-0bd0-4e68-a777-bbcd763ebdf2/datanode-5/data/ratis/d9de7a7f-c4d7-4063-b188-7138d2a4900a
2019-09-05 09:13:00,386 [pool-82-thread-1] INFO  server.RaftServerConfigKeys (ConfUtils.java:logGet(43)) - raft.server.log.queue.byte-limit = 2147483647 (custom)
2019-09-05 09:13:00,386 [pool-82-thread-1] INFO  server.RaftServerConfigKeys (ConfUtils.java:logGet(43)) - raft.server.log.queue.element-limit = 1024 (custom)
2019-09-05 09:13:00,387 [pool-82-thread-1] INFO  server.RaftServerConfigKeys (ConfUtils.java:logGet(43)) - raft.server.log.segment.size.max = 1048576 (custom)
2019-09-05 09:13:00,387 [pool-82-thread-1] INFO  server.RaftServerConfigKeys (ConfUtils.java:logGet(43)) - raft.server.log.preallocated.size = 16384 (custom)
2019-09-05 09:13:00,388 [pool-82-thread-1] INFO  server.RaftServerConfigKeys (ConfUtils.java:logGet(43)) - raft.server.log.write.buffer.size = 33554432 (custom)
2019-09-05 09:13:00,388 [pool-82-thread-1] INFO  server.RaftServerConfigKeys (ConfUtils.java:logGet(43)) - raft.server.log.force.sync.num = 128 (default)
2019-09-05 09:13:00,388 [pool-82-thread-1] INFO  server.RaftServerConfigKeys (ConfUtils.java:logGet(43)) - raft.server.log.statemachine.data.sync = true (default)
2019-09-05 09:13:00,388 [pool-82-thread-1] INFO  server.RaftServerConfigKeys (ConfUtils.java:logGet(43)) - raft.server.log.statemachine.data.sync.timeout = 10s (default)
2019-09-05 09:13:00,389 [pool-82-thread-1] INFO  server.RaftServerConfigKeys (ConfUtils.java:logGet(43)) - raft.server.log.statemachine.data.sync.timeout.retry = -1 (default)
2019-09-05 09:13:00,389 [pool-82-thread-1] INFO  server.RaftServerConfigKeys (ConfUtils.java:logGet(43)) - raft.server.log.statemachine.data.caching.enabled = true (custom)
2019-09-05 09:13:00,390 [pool-82-thread-1] INFO  segmented.SegmentedRaftLogWorker (SegmentedRaftLogWorker.java:lambda$new$0(132)) - 74b14207-bfad-43c2-8870-3362b92740be-SegmentedRaftLogWorker:Storage Directory /workdir/hadoop-ozone/integration-test/target/test-dir/MiniOzoneClusterImpl-2067a7df-0bd0-4e68-a777-bbcd763ebdf2/datanode-5/data/ratis/d9de7a7f-c4d7-4063-b188-7138d2a4900a: flushIndex: setUnconditionally 0 -> -1
2019-09-05 09:13:00,390 [pool-82-thread-1] INFO  server.RaftServerConfigKeys (ConfUtils.java:logGet(43)) - raft.server.snapshot.auto.trigger.enabled = true (custom)
2019-09-05 09:13:00,391 [pool-82-thread-1] INFO  server.RaftServerConfigKeys (ConfUtils.java:logGet(43)) - raft.server.snapshot.auto.trigger.threshold = 10000 (custom)
2019-09-05 09:13:00,391 [pool-82-thread-1] INFO  server.RaftServerConfigKeys (ConfUtils.java:logGet(43)) - raft.server.retrycache.expirytime = 600000ms (custom)
2019-09-05 09:13:00,391 [pool-82-thread-1] INFO  impl.RaftServerImpl (RaftServerImpl.java:start(180)) - 74b14207-bfad-43c2-8870-3362b92740be: start group-7138D2A4900A
2019-09-05 09:13:00,391 [pool-82-thread-1] INFO  impl.RaftServerImpl (RaftServerImpl.java:setRole(171)) - 74b14207-bfad-43c2-8870-3362b92740be:group-7138D2A4900A changes role from null to FOLLOWER at term 0 for startAsFollower
2019-09-05 09:13:00,392 [pool-82-thread-1] INFO  impl.RoleInfo (RoleInfo.java:updateAndGet(143)) - 74b14207-bfad-43c2-8870-3362b92740be: start FollowerState
2019-09-05 09:13:00,392 [pool-82-thread-1] INFO  util.JmxRegister (JmxRegister.java:tryRegister(44)) - Successfully registered JMX Bean with object name Ratis:service=RaftServer,group=group-7138D2A4900A,id=74b14207-bfad-43c2-8870-3362b92740be
2019-09-05 09:13:00,409 [RatisPipelineUtilsThread] INFO  pipeline.PipelineStateManager (PipelineStateManager.java:addPipeline(56)) - Created pipeline Pipeline[ Id: d9de7a7f-c4d7-4063-b188-7138d2a4900a, Nodes: 74b14207-bfad-43c2-8870-3362b92740be{ip: 192.168.69.66, host: pr-hdds-1571-bldfb-3674279559, networkLocation: /default-rack, certSerialId: null}, Type:RATIS, Factor:ONE, State:OPEN]
2019-09-05 09:13:00,437 [grpc-default-executor-1] INFO  impl.RaftServerProxy (RaftServerProxy.java:addNew(89)) - 6f15dda3-1033-4118-bbd5-e00bc2779eb3: addNew group-1E0A9FCC5A76:[6f15dda3-1033-4118-bbd5-e00bc2779eb3:192.168.69.66:35370] returns group-1E0A9FCC5A76:java.util.concurrent.CompletableFuture@6550eb0[Not completed]
2019-09-05 09:13:00,442 [pool-93-thread-1] INFO  impl.RaftServerImpl (RaftServerImpl.java:<init>(93)) - 6f15dda3-1033-4118-bbd5-e00bc2779eb3: new RaftServerImpl for group-1E0A9FCC5A76:[6f15dda3-1033-4118-bbd5-e00bc2779eb3:192.168.69.66:35370] with ContainerStateMachine:uninitialized
2019-09-05 09:13:00,442 [pool-93-thread-1] INFO  server.RaftServerConfigKeys (ConfUtils.java:logGet(43)) - raft.server.rpc.timeout.min = 5s (custom)
2019-09-05 09:13:00,442 [pool-93-thread-1] INFO  server.RaftServerConfigKeys (ConfUtils.java:logGet(43)) - raft.server.rpc.timeout.max = 5200ms (custom)
2019-09-05 09:13:00,442 [pool-93-thread-1] INFO  server.RaftServerConfigKeys (ConfUtils.java:logGet(43)) - raft.server.rpcslowness.timeout = 120s (custom)
2019-09-05 09:13:00,442 [pool-93-thread-1] INFO  server.RaftServerConfigKeys (ConfUtils.java:logGet(43)) - raft.server.sleep.deviation.threshold = 300 (default)
2019-09-05 09:13:00,443 [pool-93-thread-1] INFO  server.RaftServerConfigKeys (ConfUtils.java:logGet(43)) - raft.server.log.appender.install.snapshot.enabled = false (custom)
2019-09-05 09:13:00,443 [pool-93-thread-1] INFO  impl.RaftServerImpl (ServerState.java:<init>(105)) - 6f15dda3-1033-4118-bbd5-e00bc2779eb3:group-1E0A9FCC5A76 ConfigurationManager, init=-1: [6f15dda3-1033-4118-bbd5-e00bc2779eb3:192.168.69.66:35370], old=null, confs=<EMPTY_MAP>
2019-09-05 09:13:00,443 [pool-93-thread-1] INFO  server.RaftServerConfigKeys (ConfUtils.java:logGet(43)) - raft.server.storage.dir = [/workdir/hadoop-ozone/integration-test/target/test-dir/MiniOzoneClusterImpl-2067a7df-0bd0-4e68-a777-bbcd763ebdf2/datanode-6/data/ratis] (custom)
2019-09-05 09:13:00,444 [pool-93-thread-1] INFO  storage.RaftStorageDirectory (RaftStorageDirectory.java:analyzeStorage(246)) - The storage directory /workdir/hadoop-ozone/integration-test/target/test-dir/MiniOzoneClusterImpl-2067a7df-0bd0-4e68-a777-bbcd763ebdf2/datanode-6/data/ratis/3b80c5e4-b7d5-4712-85a5-1e0a9fcc5a76 does not exist. Creating ...
2019-09-05 09:13:00,466 [pool-93-thread-1] INFO  storage.RaftStorageDirectory (RaftStorageDirectory.java:tryLock(328)) - Lock on /workdir/hadoop-ozone/integration-test/target/test-dir/MiniOzoneClusterImpl-2067a7df-0bd0-4e68-a777-bbcd763ebdf2/datanode-6/data/ratis/3b80c5e4-b7d5-4712-85a5-1e0a9fcc5a76/in_use.lock acquired by nodename 17063@pr-hdds-1571-bldfb-3674279559
2019-09-05 09:13:00,491 [pool-93-thread-1] INFO  storage.RaftStorage (RaftStorage.java:format(72)) - Storage directory /workdir/hadoop-ozone/integration-test/target/test-dir/MiniOzoneClusterImpl-2067a7df-0bd0-4e68-a777-bbcd763ebdf2/datanode-6/data/ratis/3b80c5e4-b7d5-4712-85a5-1e0a9fcc5a76 has been successfully formatted.
2019-09-05 09:13:00,492 [pool-93-thread-1] INFO  ratis.ContainerStateMachine (ContainerStateMachine.java:loadSnapshot(226)) - group-1E0A9FCC5A76: The snapshot info is null. Setting the last applied indexto:(t:0, i:~)
2019-09-05 09:13:00,492 [pool-93-thread-1] INFO  server.RaftServerConfigKeys (ConfUtils.java:logGet(43)) - raft.server.leader.election.timeout = 120s (custom)
2019-09-05 09:13:00,492 [pool-93-thread-1] INFO  server.RaftServerConfigKeys (ConfUtils.java:logGet(43)) - raft.server.log.use.memory = false (default)
2019-09-05 09:13:00,492 [pool-93-thread-1] INFO  server.RaftServerConfigKeys (ConfUtils.java:logGet(43)) - raft.server.log.purge.gap = 1000000 (custom)
2019-09-05 09:13:00,493 [pool-93-thread-1] INFO  server.RaftServerConfigKeys (ConfUtils.java:logGet(43)) - raft.server.log.appender.buffer.byte-limit = 33554432 (custom)
2019-09-05 09:13:00,493 [pool-93-thread-1] INFO  server.RaftServerConfigKeys (ConfUtils.java:logGet(43)) - raft.server.log.segment.size.max = 1048576 (custom)
2019-09-05 09:13:00,493 [pool-93-thread-1] INFO  server.RaftServerConfigKeys (ConfUtils.java:logGet(43)) - raft.server.log.segment.cache.num.max = 2 (custom)
2019-09-05 09:13:00,493 [pool-93-thread-1] INFO  segmented.SegmentedRaftLogWorker (SegmentedRaftLogWorker.java:<init>(172)) - new 6f15dda3-1033-4118-bbd5-e00bc2779eb3-SegmentedRaftLogWorker:Storage Directory /workdir/hadoop-ozone/integration-test/target/test-dir/MiniOzoneClusterImpl-2067a7df-0bd0-4e68-a777-bbcd763ebdf2/datanode-6/data/ratis/3b80c5e4-b7d5-4712-85a5-1e0a9fcc5a76 for RaftStorage:Storage Directory /workdir/hadoop-ozone/integration-test/target/test-dir/MiniOzoneClusterImpl-2067a7df-0bd0-4e68-a777-bbcd763ebdf2/datanode-6/data/ratis/3b80c5e4-b7d5-4712-85a5-1e0a9fcc5a76
2019-09-05 09:13:00,493 [pool-93-thread-1] INFO  server.RaftServerConfigKeys (ConfUtils.java:logGet(43)) - raft.server.log.queue.byte-limit = 2147483647 (custom)
2019-09-05 09:13:00,493 [pool-93-thread-1] INFO  server.RaftServerConfigKeys (ConfUtils.java:logGet(43)) - raft.server.log.queue.element-limit = 1024 (custom)
2019-09-05 09:13:00,494 [pool-93-thread-1] INFO  server.RaftServerConfigKeys (ConfUtils.java:logGet(43)) - raft.server.log.segment.size.max = 1048576 (custom)
2019-09-05 09:13:00,494 [pool-93-thread-1] INFO  server.RaftServerConfigKeys (ConfUtils.java:logGet(43)) - raft.server.log.preallocated.size = 16384 (custom)
2019-09-05 09:13:00,494 [pool-93-thread-1] INFO  server.RaftServerConfigKeys (ConfUtils.java:logGet(43)) - raft.server.log.write.buffer.size = 33554432 (custom)
2019-09-05 09:13:00,494 [pool-93-thread-1] INFO  server.RaftServerConfigKeys (ConfUtils.java:logGet(43)) - raft.server.log.force.sync.num = 128 (default)
2019-09-05 09:13:00,494 [pool-93-thread-1] INFO  server.RaftServerConfigKeys (ConfUtils.java:logGet(43)) - raft.server.log.statemachine.data.sync = true (default)
2019-09-05 09:13:00,495 [pool-93-thread-1] INFO  server.RaftServerConfigKeys (ConfUtils.java:logGet(43)) - raft.server.log.statemachine.data.sync.timeout = 10s (default)
2019-09-05 09:13:00,495 [pool-93-thread-1] INFO  server.RaftServerConfigKeys (ConfUtils.java:logGet(43)) - raft.server.log.statemachine.data.sync.timeout.retry = -1 (default)
2019-09-05 09:13:00,495 [pool-93-thread-1] INFO  server.RaftServerConfigKeys (ConfUtils.java:logGet(43)) - raft.server.log.statemachine.data.caching.enabled = true (custom)
2019-09-05 09:13:00,495 [pool-93-thread-1] INFO  segmented.SegmentedRaftLogWorker (SegmentedRaftLogWorker.java:lambda$new$0(132)) - 6f15dda3-1033-4118-bbd5-e00bc2779eb3-SegmentedRaftLogWorker:Storage Directory /workdir/hadoop-ozone/integration-test/target/test-dir/MiniOzoneClusterImpl-2067a7df-0bd0-4e68-a777-bbcd763ebdf2/datanode-6/data/ratis/3b80c5e4-b7d5-4712-85a5-1e0a9fcc5a76: flushIndex: setUnconditionally 0 -> -1
2019-09-05 09:13:00,496 [pool-93-thread-1] INFO  server.RaftServerConfigKeys (ConfUtils.java:logGet(43)) - raft.server.snapshot.auto.trigger.enabled = true (custom)
2019-09-05 09:13:00,496 [pool-93-thread-1] INFO  server.RaftServerConfigKeys (ConfUtils.java:logGet(43)) - raft.server.snapshot.auto.trigger.threshold = 10000 (custom)
2019-09-05 09:13:00,496 [pool-93-thread-1] INFO  server.RaftServerConfigKeys (ConfUtils.java:logGet(43)) - raft.server.retrycache.expirytime = 600000ms (custom)
2019-09-05 09:13:00,497 [pool-93-thread-1] INFO  impl.RaftServerImpl (RaftServerImpl.java:start(180)) - 6f15dda3-1033-4118-bbd5-e00bc2779eb3: start group-1E0A9FCC5A76
2019-09-05 09:13:00,497 [pool-93-thread-1] INFO  impl.RaftServerImpl (RaftServerImpl.java:setRole(171)) - 6f15dda3-1033-4118-bbd5-e00bc2779eb3:group-1E0A9FCC5A76 changes role from null to FOLLOWER at term 0 for startAsFollower
2019-09-05 09:13:00,497 [pool-93-thread-1] INFO  impl.RoleInfo (RoleInfo.java:updateAndGet(143)) - 6f15dda3-1033-4118-bbd5-e00bc2779eb3: start FollowerState
2019-09-05 09:13:00,497 [pool-93-thread-1] INFO  util.JmxRegister (JmxRegister.java:tryRegister(44)) - Successfully registered JMX Bean with object name Ratis:service=RaftServer,group=group-1E0A9FCC5A76,id=6f15dda3-1033-4118-bbd5-e00bc2779eb3
2019-09-05 09:13:00,516 [RatisPipelineUtilsThread] INFO  pipeline.PipelineStateManager (PipelineStateManager.java:addPipeline(56)) - Created pipeline Pipeline[ Id: 3b80c5e4-b7d5-4712-85a5-1e0a9fcc5a76, Nodes: 6f15dda3-1033-4118-bbd5-e00bc2779eb3{ip: 192.168.69.66, host: pr-hdds-1571-bldfb-3674279559, networkLocation: /default-rack, certSerialId: null}, Type:RATIS, Factor:ONE, State:OPEN]
2019-09-05 09:13:00,541 [grpc-default-executor-1] INFO  impl.RaftServerProxy (RaftServerProxy.java:addNew(89)) - b7723663-b5a7-4cec-8abb-1432ee42201a: addNew group-88EB7CE59053:[b7723663-b5a7-4cec-8abb-1432ee42201a:192.168.69.66:45839] returns group-88EB7CE59053:java.util.concurrent.CompletableFuture@2b7c37d4[Not completed]
2019-09-05 09:13:00,544 [pool-38-thread-1] INFO  impl.RaftServerImpl (RaftServerImpl.java:<init>(93)) - b7723663-b5a7-4cec-8abb-1432ee42201a: new RaftServerImpl for group-88EB7CE59053:[b7723663-b5a7-4cec-8abb-1432ee42201a:192.168.69.66:45839] with ContainerStateMachine:uninitialized
2019-09-05 09:13:00,544 [pool-38-thread-1] INFO  server.RaftServerConfigKeys (ConfUtils.java:logGet(43)) - raft.server.rpc.timeout.min = 5s (custom)
2019-09-05 09:13:00,545 [pool-38-thread-1] INFO  server.RaftServerConfigKeys (ConfUtils.java:logGet(43)) - raft.server.rpc.timeout.max = 5200ms (custom)
2019-09-05 09:13:00,545 [pool-38-thread-1] INFO  server.RaftServerConfigKeys (ConfUtils.java:logGet(43)) - raft.server.rpcslowness.timeout = 120s (custom)
2019-09-05 09:13:00,545 [pool-38-thread-1] INFO  server.RaftServerConfigKeys (ConfUtils.java:logGet(43)) - raft.server.sleep.deviation.threshold = 300 (default)
2019-09-05 09:13:00,545 [pool-38-thread-1] INFO  server.RaftServerConfigKeys (ConfUtils.java:logGet(43)) - raft.server.log.appender.install.snapshot.enabled = false (custom)
2019-09-05 09:13:00,545 [pool-38-thread-1] INFO  impl.RaftServerImpl (ServerState.java:<init>(105)) - b7723663-b5a7-4cec-8abb-1432ee42201a:group-88EB7CE59053 ConfigurationManager, init=-1: [b7723663-b5a7-4cec-8abb-1432ee42201a:192.168.69.66:45839], old=null, confs=<EMPTY_MAP>
2019-09-05 09:13:00,545 [pool-38-thread-1] INFO  server.RaftServerConfigKeys (ConfUtils.java:logGet(43)) - raft.server.storage.dir = [/workdir/hadoop-ozone/integration-test/target/test-dir/MiniOzoneClusterImpl-2067a7df-0bd0-4e68-a777-bbcd763ebdf2/datanode-1/data/ratis] (custom)
2019-09-05 09:13:00,546 [pool-38-thread-1] INFO  storage.RaftStorageDirectory (RaftStorageDirectory.java:analyzeStorage(246)) - The storage directory /workdir/hadoop-ozone/integration-test/target/test-dir/MiniOzoneClusterImpl-2067a7df-0bd0-4e68-a777-bbcd763ebdf2/datanode-1/data/ratis/ca9742b2-ea55-4cb3-80b4-88eb7ce59053 does not exist. Creating ...
2019-09-05 09:13:00,571 [pool-38-thread-1] INFO  storage.RaftStorageDirectory (RaftStorageDirectory.java:tryLock(328)) - Lock on /workdir/hadoop-ozone/integration-test/target/test-dir/MiniOzoneClusterImpl-2067a7df-0bd0-4e68-a777-bbcd763ebdf2/datanode-1/data/ratis/ca9742b2-ea55-4cb3-80b4-88eb7ce59053/in_use.lock acquired by nodename 17063@pr-hdds-1571-bldfb-3674279559
2019-09-05 09:13:00,602 [pool-38-thread-1] INFO  storage.RaftStorage (RaftStorage.java:format(72)) - Storage directory /workdir/hadoop-ozone/integration-test/target/test-dir/MiniOzoneClusterImpl-2067a7df-0bd0-4e68-a777-bbcd763ebdf2/datanode-1/data/ratis/ca9742b2-ea55-4cb3-80b4-88eb7ce59053 has been successfully formatted.
2019-09-05 09:13:00,602 [pool-38-thread-1] INFO  ratis.ContainerStateMachine (ContainerStateMachine.java:loadSnapshot(226)) - group-88EB7CE59053: The snapshot info is null. Setting the last applied indexto:(t:0, i:~)
2019-09-05 09:13:00,602 [pool-38-thread-1] INFO  server.RaftServerConfigKeys (ConfUtils.java:logGet(43)) - raft.server.leader.election.timeout = 120s (custom)
2019-09-05 09:13:00,603 [pool-38-thread-1] INFO  server.RaftServerConfigKeys (ConfUtils.java:logGet(43)) - raft.server.log.use.memory = false (default)
2019-09-05 09:13:00,603 [pool-38-thread-1] INFO  server.RaftServerConfigKeys (ConfUtils.java:logGet(43)) - raft.server.log.purge.gap = 1000000 (custom)
2019-09-05 09:13:00,603 [pool-38-thread-1] INFO  server.RaftServerConfigKeys (ConfUtils.java:logGet(43)) - raft.server.log.appender.buffer.byte-limit = 33554432 (custom)
2019-09-05 09:13:00,603 [pool-38-thread-1] INFO  server.RaftServerConfigKeys (ConfUtils.java:logGet(43)) - raft.server.log.segment.size.max = 1048576 (custom)
2019-09-05 09:13:00,603 [pool-38-thread-1] INFO  server.RaftServerConfigKeys (ConfUtils.java:logGet(43)) - raft.server.log.segment.cache.num.max = 2 (custom)
2019-09-05 09:13:00,603 [pool-38-thread-1] INFO  segmented.SegmentedRaftLogWorker (SegmentedRaftLogWorker.java:<init>(172)) - new b7723663-b5a7-4cec-8abb-1432ee42201a-SegmentedRaftLogWorker:Storage Directory /workdir/hadoop-ozone/integration-test/target/test-dir/MiniOzoneClusterImpl-2067a7df-0bd0-4e68-a777-bbcd763ebdf2/datanode-1/data/ratis/ca9742b2-ea55-4cb3-80b4-88eb7ce59053 for RaftStorage:Storage Directory /workdir/hadoop-ozone/integration-test/target/test-dir/MiniOzoneClusterImpl-2067a7df-0bd0-4e68-a777-bbcd763ebdf2/datanode-1/data/ratis/ca9742b2-ea55-4cb3-80b4-88eb7ce59053
2019-09-05 09:13:00,604 [pool-38-thread-1] INFO  server.RaftServerConfigKeys (ConfUtils.java:logGet(43)) - raft.server.log.queue.byte-limit = 2147483647 (custom)
2019-09-05 09:13:00,604 [pool-38-thread-1] INFO  server.RaftServerConfigKeys (ConfUtils.java:logGet(43)) - raft.server.log.queue.element-limit = 1024 (custom)
2019-09-05 09:13:00,604 [pool-38-thread-1] INFO  server.RaftServerConfigKeys (ConfUtils.java:logGet(43)) - raft.server.log.segment.size.max = 1048576 (custom)
2019-09-05 09:13:00,604 [pool-38-thread-1] INFO  server.RaftServerConfigKeys (ConfUtils.java:logGet(43)) - raft.server.log.preallocated.size = 16384 (custom)
2019-09-05 09:13:00,604 [pool-38-thread-1] INFO  server.RaftServerConfigKeys (ConfUtils.java:logGet(43)) - raft.server.log.write.buffer.size = 33554432 (custom)
2019-09-05 09:13:00,605 [pool-38-thread-1] INFO  server.RaftServerConfigKeys (ConfUtils.java:logGet(43)) - raft.server.log.force.sync.num = 128 (default)
2019-09-05 09:13:00,605 [pool-38-thread-1] INFO  server.RaftServerConfigKeys (ConfUtils.java:logGet(43)) - raft.server.log.statemachine.data.sync = true (default)
2019-09-05 09:13:00,605 [pool-38-thread-1] INFO  server.RaftServerConfigKeys (ConfUtils.java:logGet(43)) - raft.server.log.statemachine.data.sync.timeout = 10s (default)
2019-09-05 09:13:00,605 [pool-38-thread-1] INFO  server.RaftServerConfigKeys (ConfUtils.java:logGet(43)) - raft.server.log.statemachine.data.sync.timeout.retry = -1 (default)
2019-09-05 09:13:00,605 [pool-38-thread-1] INFO  server.RaftServerConfigKeys (ConfUtils.java:logGet(43)) - raft.server.log.statemachine.data.caching.enabled = true (custom)
2019-09-05 09:13:00,606 [pool-38-thread-1] INFO  segmented.SegmentedRaftLogWorker (SegmentedRaftLogWorker.java:lambda$new$0(132)) - b7723663-b5a7-4cec-8abb-1432ee42201a-SegmentedRaftLogWorker:Storage Directory /workdir/hadoop-ozone/integration-test/target/test-dir/MiniOzoneClusterImpl-2067a7df-0bd0-4e68-a777-bbcd763ebdf2/datanode-1/data/ratis/ca9742b2-ea55-4cb3-80b4-88eb7ce59053: flushIndex: setUnconditionally 0 -> -1
2019-09-05 09:13:00,606 [pool-38-thread-1] INFO  server.RaftServerConfigKeys (ConfUtils.java:logGet(43)) - raft.server.snapshot.auto.trigger.enabled = true (custom)
2019-09-05 09:13:00,606 [pool-38-thread-1] INFO  server.RaftServerConfigKeys (ConfUtils.java:logGet(43)) - raft.server.snapshot.auto.trigger.threshold = 10000 (custom)
2019-09-05 09:13:00,607 [pool-38-thread-1] INFO  server.RaftServerConfigKeys (ConfUtils.java:logGet(43)) - raft.server.retrycache.expirytime = 600000ms (custom)
2019-09-05 09:13:00,607 [pool-38-thread-1] INFO  impl.RaftServerImpl (RaftServerImpl.java:start(180)) - b7723663-b5a7-4cec-8abb-1432ee42201a: start group-88EB7CE59053
2019-09-05 09:13:00,607 [pool-38-thread-1] INFO  impl.RaftServerImpl (RaftServerImpl.java:setRole(171)) - b7723663-b5a7-4cec-8abb-1432ee42201a:group-88EB7CE59053 changes role from null to FOLLOWER at term 0 for startAsFollower
2019-09-05 09:13:00,607 [pool-38-thread-1] INFO  impl.RoleInfo (RoleInfo.java:updateAndGet(143)) - b7723663-b5a7-4cec-8abb-1432ee42201a: start FollowerState
2019-09-05 09:13:00,607 [pool-38-thread-1] INFO  util.JmxRegister (JmxRegister.java:tryRegister(44)) - Successfully registered JMX Bean with object name Ratis:service=RaftServer,group=group-88EB7CE59053,id=b7723663-b5a7-4cec-8abb-1432ee42201a
2019-09-05 09:13:00,622 [RatisPipelineUtilsThread] INFO  pipeline.PipelineStateManager (PipelineStateManager.java:addPipeline(56)) - Created pipeline Pipeline[ Id: ca9742b2-ea55-4cb3-80b4-88eb7ce59053, Nodes: b7723663-b5a7-4cec-8abb-1432ee42201a{ip: 192.168.69.66, host: pr-hdds-1571-bldfb-3674279559, networkLocation: /default-rack, certSerialId: null}, Type:RATIS, Factor:ONE, State:OPEN]
2019-09-05 09:13:00,643 [grpc-default-executor-1] INFO  impl.RaftServerProxy (RaftServerProxy.java:addNew(89)) - 9925e697-233b-49ae-b622-0cc1839cd635: addNew group-4E02FD02EC24:[9925e697-233b-49ae-b622-0cc1839cd635:192.168.69.66:39635] returns group-4E02FD02EC24:java.util.concurrent.CompletableFuture@65bab1ed[Not completed]
2019-09-05 09:13:00,646 [pool-49-thread-1] INFO  impl.RaftServerImpl (RaftServerImpl.java:<init>(93)) - 9925e697-233b-49ae-b622-0cc1839cd635: new RaftServerImpl for group-4E02FD02EC24:[9925e697-233b-49ae-b622-0cc1839cd635:192.168.69.66:39635] with ContainerStateMachine:uninitialized
2019-09-05 09:13:00,646 [pool-49-thread-1] INFO  server.RaftServerConfigKeys (ConfUtils.java:logGet(43)) - raft.server.rpc.timeout.min = 5s (custom)
2019-09-05 09:13:00,647 [pool-49-thread-1] INFO  server.RaftServerConfigKeys (ConfUtils.java:logGet(43)) - raft.server.rpc.timeout.max = 5200ms (custom)
2019-09-05 09:13:00,647 [pool-49-thread-1] INFO  server.RaftServerConfigKeys (ConfUtils.java:logGet(43)) - raft.server.rpcslowness.timeout = 120s (custom)
2019-09-05 09:13:00,647 [pool-49-thread-1] INFO  server.RaftServerConfigKeys (ConfUtils.java:logGet(43)) - raft.server.sleep.deviation.threshold = 300 (default)
2019-09-05 09:13:00,647 [pool-49-thread-1] INFO  server.RaftServerConfigKeys (ConfUtils.java:logGet(43)) - raft.server.log.appender.install.snapshot.enabled = false (custom)
2019-09-05 09:13:00,647 [pool-49-thread-1] INFO  impl.RaftServerImpl (ServerState.java:<init>(105)) - 9925e697-233b-49ae-b622-0cc1839cd635:group-4E02FD02EC24 ConfigurationManager, init=-1: [9925e697-233b-49ae-b622-0cc1839cd635:192.168.69.66:39635], old=null, confs=<EMPTY_MAP>
2019-09-05 09:13:00,647 [pool-49-thread-1] INFO  server.RaftServerConfigKeys (ConfUtils.java:logGet(43)) - raft.server.storage.dir = [/workdir/hadoop-ozone/integration-test/target/test-dir/MiniOzoneClusterImpl-2067a7df-0bd0-4e68-a777-bbcd763ebdf2/datanode-2/data/ratis] (custom)
2019-09-05 09:13:00,648 [pool-49-thread-1] INFO  storage.RaftStorageDirectory (RaftStorageDirectory.java:analyzeStorage(246)) - The storage directory /workdir/hadoop-ozone/integration-test/target/test-dir/MiniOzoneClusterImpl-2067a7df-0bd0-4e68-a777-bbcd763ebdf2/datanode-2/data/ratis/0272b8a5-0821-4454-802b-4e02fd02ec24 does not exist. Creating ...
2019-09-05 09:13:00,676 [main] INFO  ozone.MiniOzoneClusterImpl (MiniOzoneClusterImpl.java:lambda$waitForClusterToBeReady$0(142)) - Cluster is ready. Got 7 of 7 DN Heartbeats.
2019-09-05 09:13:00,677 [pool-49-thread-1] INFO  storage.RaftStorageDirectory (RaftStorageDirectory.java:tryLock(328)) - Lock on /workdir/hadoop-ozone/integration-test/target/test-dir/MiniOzoneClusterImpl-2067a7df-0bd0-4e68-a777-bbcd763ebdf2/datanode-2/data/ratis/0272b8a5-0821-4454-802b-4e02fd02ec24/in_use.lock acquired by nodename 17063@pr-hdds-1571-bldfb-3674279559
2019-09-05 09:13:00,703 [pool-49-thread-1] INFO  storage.RaftStorage (RaftStorage.java:format(72)) - Storage directory /workdir/hadoop-ozone/integration-test/target/test-dir/MiniOzoneClusterImpl-2067a7df-0bd0-4e68-a777-bbcd763ebdf2/datanode-2/data/ratis/0272b8a5-0821-4454-802b-4e02fd02ec24 has been successfully formatted.
2019-09-05 09:13:00,703 [pool-49-thread-1] INFO  ratis.ContainerStateMachine (ContainerStateMachine.java:loadSnapshot(226)) - group-4E02FD02EC24: The snapshot info is null. Setting the last applied indexto:(t:0, i:~)
2019-09-05 09:13:00,703 [pool-49-thread-1] INFO  server.RaftServerConfigKeys (ConfUtils.java:logGet(43)) - raft.server.leader.election.timeout = 120s (custom)
2019-09-05 09:13:00,704 [pool-49-thread-1] INFO  server.RaftServerConfigKeys (ConfUtils.java:logGet(43)) - raft.server.log.use.memory = false (default)
2019-09-05 09:13:00,704 [pool-49-thread-1] INFO  server.RaftServerConfigKeys (ConfUtils.java:logGet(43)) - raft.server.log.purge.gap = 1000000 (custom)
2019-09-05 09:13:00,704 [pool-49-thread-1] INFO  server.RaftServerConfigKeys (ConfUtils.java:logGet(43)) - raft.server.log.appender.buffer.byte-limit = 33554432 (custom)
2019-09-05 09:13:00,704 [pool-49-thread-1] INFO  server.RaftServerConfigKeys (ConfUtils.java:logGet(43)) - raft.server.log.segment.size.max = 1048576 (custom)
2019-09-05 09:13:00,704 [pool-49-thread-1] INFO  server.RaftServerConfigKeys (ConfUtils.java:logGet(43)) - raft.server.log.segment.cache.num.max = 2 (custom)
2019-09-05 09:13:00,704 [pool-49-thread-1] INFO  segmented.SegmentedRaftLogWorker (SegmentedRaftLogWorker.java:<init>(172)) - new 9925e697-233b-49ae-b622-0cc1839cd635-SegmentedRaftLogWorker:Storage Directory /workdir/hadoop-ozone/integration-test/target/test-dir/MiniOzoneClusterImpl-2067a7df-0bd0-4e68-a777-bbcd763ebdf2/datanode-2/data/ratis/0272b8a5-0821-4454-802b-4e02fd02ec24 for RaftStorage:Storage Directory /workdir/hadoop-ozone/integration-test/target/test-dir/MiniOzoneClusterImpl-2067a7df-0bd0-4e68-a777-bbcd763ebdf2/datanode-2/data/ratis/0272b8a5-0821-4454-802b-4e02fd02ec24
2019-09-05 09:13:00,705 [pool-49-thread-1] INFO  server.RaftServerConfigKeys (ConfUtils.java:logGet(43)) - raft.server.log.queue.byte-limit = 2147483647 (custom)
2019-09-05 09:13:00,705 [pool-49-thread-1] INFO  server.RaftServerConfigKeys (ConfUtils.java:logGet(43)) - raft.server.log.queue.element-limit = 1024 (custom)
2019-09-05 09:13:00,705 [pool-49-thread-1] INFO  server.RaftServerConfigKeys (ConfUtils.java:logGet(43)) - raft.server.log.segment.size.max = 1048576 (custom)
2019-09-05 09:13:00,705 [pool-49-thread-1] INFO  server.RaftServerConfigKeys (ConfUtils.java:logGet(43)) - raft.server.log.preallocated.size = 16384 (custom)
2019-09-05 09:13:00,705 [pool-49-thread-1] INFO  server.RaftServerConfigKeys (ConfUtils.java:logGet(43)) - raft.server.log.write.buffer.size = 33554432 (custom)
2019-09-05 09:13:00,705 [pool-49-thread-1] INFO  server.RaftServerConfigKeys (ConfUtils.java:logGet(43)) - raft.server.log.force.sync.num = 128 (default)
2019-09-05 09:13:00,706 [pool-49-thread-1] INFO  server.RaftServerConfigKeys (ConfUtils.java:logGet(43)) - raft.server.log.statemachine.data.sync = true (default)
2019-09-05 09:13:00,706 [pool-49-thread-1] INFO  server.RaftServerConfigKeys (ConfUtils.java:logGet(43)) - raft.server.log.statemachine.data.sync.timeout = 10s (default)
2019-09-05 09:13:00,706 [pool-49-thread-1] INFO  server.RaftServerConfigKeys (ConfUtils.java:logGet(43)) - raft.server.log.statemachine.data.sync.timeout.retry = -1 (default)
2019-09-05 09:13:00,706 [pool-49-thread-1] INFO  server.RaftServerConfigKeys (ConfUtils.java:logGet(43)) - raft.server.log.statemachine.data.caching.enabled = true (custom)
2019-09-05 09:13:00,707 [pool-49-thread-1] INFO  segmented.SegmentedRaftLogWorker (SegmentedRaftLogWorker.java:lambda$new$0(132)) - 9925e697-233b-49ae-b622-0cc1839cd635-SegmentedRaftLogWorker:Storage Directory /workdir/hadoop-ozone/integration-test/target/test-dir/MiniOzoneClusterImpl-2067a7df-0bd0-4e68-a777-bbcd763ebdf2/datanode-2/data/ratis/0272b8a5-0821-4454-802b-4e02fd02ec24: flushIndex: setUnconditionally 0 -> -1
2019-09-05 09:13:00,707 [pool-49-thread-1] INFO  server.RaftServerConfigKeys (ConfUtils.java:logGet(43)) - raft.server.snapshot.auto.trigger.enabled = true (custom)
2019-09-05 09:13:00,707 [pool-49-thread-1] INFO  server.RaftServerConfigKeys (ConfUtils.java:logGet(43)) - raft.server.snapshot.auto.trigger.threshold = 10000 (custom)
2019-09-05 09:13:00,707 [pool-49-thread-1] INFO  server.RaftServerConfigKeys (ConfUtils.java:logGet(43)) - raft.server.retrycache.expirytime = 600000ms (custom)
2019-09-05 09:13:00,708 [pool-49-thread-1] INFO  impl.RaftServerImpl (RaftServerImpl.java:start(180)) - 9925e697-233b-49ae-b622-0cc1839cd635: start group-4E02FD02EC24
2019-09-05 09:13:00,708 [pool-49-thread-1] INFO  impl.RaftServerImpl (RaftServerImpl.java:setRole(171)) - 9925e697-233b-49ae-b622-0cc1839cd635:group-4E02FD02EC24 changes role from null to FOLLOWER at term 0 for startAsFollower
2019-09-05 09:13:00,708 [pool-49-thread-1] INFO  impl.RoleInfo (RoleInfo.java:updateAndGet(143)) - 9925e697-233b-49ae-b622-0cc1839cd635: start FollowerState
2019-09-05 09:13:00,708 [pool-49-thread-1] INFO  util.JmxRegister (JmxRegister.java:tryRegister(44)) - Successfully registered JMX Bean with object name Ratis:service=RaftServer,group=group-4E02FD02EC24,id=9925e697-233b-49ae-b622-0cc1839cd635
2019-09-05 09:13:00,724 [RatisPipelineUtilsThread] INFO  pipeline.PipelineStateManager (PipelineStateManager.java:addPipeline(56)) - Created pipeline Pipeline[ Id: 0272b8a5-0821-4454-802b-4e02fd02ec24, Nodes: 9925e697-233b-49ae-b622-0cc1839cd635{ip: 192.168.69.66, host: pr-hdds-1571-bldfb-3674279559, networkLocation: /default-rack, certSerialId: null}, Type:RATIS, Factor:ONE, State:OPEN]
2019-09-05 09:13:00,749 [grpc-default-executor-1] INFO  impl.RaftServerProxy (RaftServerProxy.java:addNew(89)) - b742561a-6a32-4271-84e4-b9553f9c6759: addNew group-6E88AAF486D4:[b742561a-6a32-4271-84e4-b9553f9c6759:192.168.69.66:42969] returns group-6E88AAF486D4:java.util.concurrent.CompletableFuture@689e947d[Not completed]
2019-09-05 09:13:00,753 [pool-60-thread-1] INFO  impl.RaftServerImpl (RaftServerImpl.java:<init>(93)) - b742561a-6a32-4271-84e4-b9553f9c6759: new RaftServerImpl for group-6E88AAF486D4:[b742561a-6a32-4271-84e4-b9553f9c6759:192.168.69.66:42969] with ContainerStateMachine:uninitialized
2019-09-05 09:13:00,753 [pool-60-thread-1] INFO  server.RaftServerConfigKeys (ConfUtils.java:logGet(43)) - raft.server.rpc.timeout.min = 5s (custom)
2019-09-05 09:13:00,753 [pool-60-thread-1] INFO  server.RaftServerConfigKeys (ConfUtils.java:logGet(43)) - raft.server.rpc.timeout.max = 5200ms (custom)
2019-09-05 09:13:00,753 [pool-60-thread-1] INFO  server.RaftServerConfigKeys (ConfUtils.java:logGet(43)) - raft.server.rpcslowness.timeout = 120s (custom)
2019-09-05 09:13:00,753 [pool-60-thread-1] INFO  server.RaftServerConfigKeys (ConfUtils.java:logGet(43)) - raft.server.sleep.deviation.threshold = 300 (default)
2019-09-05 09:13:00,753 [pool-60-thread-1] INFO  server.RaftServerConfigKeys (ConfUtils.java:logGet(43)) - raft.server.log.appender.install.snapshot.enabled = false (custom)
2019-09-05 09:13:00,753 [pool-60-thread-1] INFO  impl.RaftServerImpl (ServerState.java:<init>(105)) - b742561a-6a32-4271-84e4-b9553f9c6759:group-6E88AAF486D4 ConfigurationManager, init=-1: [b742561a-6a32-4271-84e4-b9553f9c6759:192.168.69.66:42969], old=null, confs=<EMPTY_MAP>
2019-09-05 09:13:00,754 [pool-60-thread-1] INFO  server.RaftServerConfigKeys (ConfUtils.java:logGet(43)) - raft.server.storage.dir = [/workdir/hadoop-ozone/integration-test/target/test-dir/MiniOzoneClusterImpl-2067a7df-0bd0-4e68-a777-bbcd763ebdf2/datanode-3/data/ratis] (custom)
2019-09-05 09:13:00,754 [pool-60-thread-1] INFO  storage.RaftStorageDirectory (RaftStorageDirectory.java:analyzeStorage(246)) - The storage directory /workdir/hadoop-ozone/integration-test/target/test-dir/MiniOzoneClusterImpl-2067a7df-0bd0-4e68-a777-bbcd763ebdf2/datanode-3/data/ratis/dffb1b8e-7a3d-4046-8b8d-6e88aaf486d4 does not exist. Creating ...
2019-09-05 09:13:00,837 [pool-60-thread-1] INFO  storage.RaftStorageDirectory (RaftStorageDirectory.java:tryLock(328)) - Lock on /workdir/hadoop-ozone/integration-test/target/test-dir/MiniOzoneClusterImpl-2067a7df-0bd0-4e68-a777-bbcd763ebdf2/datanode-3/data/ratis/dffb1b8e-7a3d-4046-8b8d-6e88aaf486d4/in_use.lock acquired by nodename 17063@pr-hdds-1571-bldfb-3674279559
2019-09-05 09:13:00,855 | INFO  | SCMAudit | user=jenkins1000 | ip=192.168.69.66 | op=SEND_HEARTBEAT {datanodeUUID=afe4f488-87af-436a-a91b-00d083bcaf9f, command=[]} | ret=SUCCESS |  
2019-09-05 09:13:00,866 [pool-60-thread-1] INFO  storage.RaftStorage (RaftStorage.java:format(72)) - Storage directory /workdir/hadoop-ozone/integration-test/target/test-dir/MiniOzoneClusterImpl-2067a7df-0bd0-4e68-a777-bbcd763ebdf2/datanode-3/data/ratis/dffb1b8e-7a3d-4046-8b8d-6e88aaf486d4 has been successfully formatted.
2019-09-05 09:13:00,867 [pool-60-thread-1] INFO  ratis.ContainerStateMachine (ContainerStateMachine.java:loadSnapshot(226)) - group-6E88AAF486D4: The snapshot info is null. Setting the last applied indexto:(t:0, i:~)
2019-09-05 09:13:00,867 [pool-60-thread-1] INFO  server.RaftServerConfigKeys (ConfUtils.java:logGet(43)) - raft.server.leader.election.timeout = 120s (custom)
2019-09-05 09:13:00,867 [pool-60-thread-1] INFO  server.RaftServerConfigKeys (ConfUtils.java:logGet(43)) - raft.server.log.use.memory = false (default)
2019-09-05 09:13:00,867 [pool-60-thread-1] INFO  server.RaftServerConfigKeys (ConfUtils.java:logGet(43)) - raft.server.log.purge.gap = 1000000 (custom)
2019-09-05 09:13:00,867 [pool-60-thread-1] INFO  server.RaftServerConfigKeys (ConfUtils.java:logGet(43)) - raft.server.log.appender.buffer.byte-limit = 33554432 (custom)
2019-09-05 09:13:00,868 [pool-60-thread-1] INFO  server.RaftServerConfigKeys (ConfUtils.java:logGet(43)) - raft.server.log.segment.size.max = 1048576 (custom)
2019-09-05 09:13:00,868 [pool-60-thread-1] INFO  server.RaftServerConfigKeys (ConfUtils.java:logGet(43)) - raft.server.log.segment.cache.num.max = 2 (custom)
2019-09-05 09:13:00,868 [pool-60-thread-1] INFO  segmented.SegmentedRaftLogWorker (SegmentedRaftLogWorker.java:<init>(172)) - new b742561a-6a32-4271-84e4-b9553f9c6759-SegmentedRaftLogWorker:Storage Directory /workdir/hadoop-ozone/integration-test/target/test-dir/MiniOzoneClusterImpl-2067a7df-0bd0-4e68-a777-bbcd763ebdf2/datanode-3/data/ratis/dffb1b8e-7a3d-4046-8b8d-6e88aaf486d4 for RaftStorage:Storage Directory /workdir/hadoop-ozone/integration-test/target/test-dir/MiniOzoneClusterImpl-2067a7df-0bd0-4e68-a777-bbcd763ebdf2/datanode-3/data/ratis/dffb1b8e-7a3d-4046-8b8d-6e88aaf486d4
2019-09-05 09:13:00,868 [pool-60-thread-1] INFO  server.RaftServerConfigKeys (ConfUtils.java:logGet(43)) - raft.server.log.queue.byte-limit = 2147483647 (custom)
2019-09-05 09:13:00,868 [pool-60-thread-1] INFO  server.RaftServerConfigKeys (ConfUtils.java:logGet(43)) - raft.server.log.queue.element-limit = 1024 (custom)
2019-09-05 09:13:00,868 [pool-60-thread-1] INFO  server.RaftServerConfigKeys (ConfUtils.java:logGet(43)) - raft.server.log.segment.size.max = 1048576 (custom)
2019-09-05 09:13:00,869 [pool-60-thread-1] INFO  server.RaftServerConfigKeys (ConfUtils.java:logGet(43)) - raft.server.log.preallocated.size = 16384 (custom)
2019-09-05 09:13:00,869 [pool-60-thread-1] INFO  server.RaftServerConfigKeys (ConfUtils.java:logGet(43)) - raft.server.log.write.buffer.size = 33554432 (custom)
2019-09-05 09:13:00,869 [pool-60-thread-1] INFO  server.RaftServerConfigKeys (ConfUtils.java:logGet(43)) - raft.server.log.force.sync.num = 128 (default)
2019-09-05 09:13:00,869 [pool-60-thread-1] INFO  server.RaftServerConfigKeys (ConfUtils.java:logGet(43)) - raft.server.log.statemachine.data.sync = true (default)
2019-09-05 09:13:00,869 [pool-60-thread-1] INFO  server.RaftServerConfigKeys (ConfUtils.java:logGet(43)) - raft.server.log.statemachine.data.sync.timeout = 10s (default)
2019-09-05 09:13:00,869 [pool-60-thread-1] INFO  server.RaftServerConfigKeys (ConfUtils.java:logGet(43)) - raft.server.log.statemachine.data.sync.timeout.retry = -1 (default)
2019-09-05 09:13:00,869 [pool-60-thread-1] INFO  server.RaftServerConfigKeys (ConfUtils.java:logGet(43)) - raft.server.log.statemachine.data.caching.enabled = true (custom)
2019-09-05 09:13:00,870 [pool-60-thread-1] INFO  segmented.SegmentedRaftLogWorker (SegmentedRaftLogWorker.java:lambda$new$0(132)) - b742561a-6a32-4271-84e4-b9553f9c6759-SegmentedRaftLogWorker:Storage Directory /workdir/hadoop-ozone/integration-test/target/test-dir/MiniOzoneClusterImpl-2067a7df-0bd0-4e68-a777-bbcd763ebdf2/datanode-3/data/ratis/dffb1b8e-7a3d-4046-8b8d-6e88aaf486d4: flushIndex: setUnconditionally 0 -> -1
2019-09-05 09:13:00,870 [pool-60-thread-1] INFO  server.RaftServerConfigKeys (ConfUtils.java:logGet(43)) - raft.server.snapshot.auto.trigger.enabled = true (custom)
2019-09-05 09:13:00,870 [pool-60-thread-1] INFO  server.RaftServerConfigKeys (ConfUtils.java:logGet(43)) - raft.server.snapshot.auto.trigger.threshold = 10000 (custom)
2019-09-05 09:13:00,870 [pool-60-thread-1] INFO  server.RaftServerConfigKeys (ConfUtils.java:logGet(43)) - raft.server.retrycache.expirytime = 600000ms (custom)
2019-09-05 09:13:00,870 [pool-60-thread-1] INFO  impl.RaftServerImpl (RaftServerImpl.java:start(180)) - b742561a-6a32-4271-84e4-b9553f9c6759: start group-6E88AAF486D4
2019-09-05 09:13:00,871 [pool-60-thread-1] INFO  impl.RaftServerImpl (RaftServerImpl.java:setRole(171)) - b742561a-6a32-4271-84e4-b9553f9c6759:group-6E88AAF486D4 changes role from null to FOLLOWER at term 0 for startAsFollower
2019-09-05 09:13:00,871 [pool-60-thread-1] INFO  impl.RoleInfo (RoleInfo.java:updateAndGet(143)) - b742561a-6a32-4271-84e4-b9553f9c6759: start FollowerState
2019-09-05 09:13:00,871 [pool-60-thread-1] INFO  util.JmxRegister (JmxRegister.java:tryRegister(44)) - Successfully registered JMX Bean with object name Ratis:service=RaftServer,group=group-6E88AAF486D4,id=b742561a-6a32-4271-84e4-b9553f9c6759
2019-09-05 09:13:00,890 [RatisPipelineUtilsThread] INFO  pipeline.PipelineStateManager (PipelineStateManager.java:addPipeline(56)) - Created pipeline Pipeline[ Id: dffb1b8e-7a3d-4046-8b8d-6e88aaf486d4, Nodes: b742561a-6a32-4271-84e4-b9553f9c6759{ip: 192.168.69.66, host: pr-hdds-1571-bldfb-3674279559, networkLocation: /default-rack, certSerialId: null}, Type:RATIS, Factor:ONE, State:OPEN]
2019-09-05 09:13:00,927 [grpc-default-executor-2] INFO  impl.RaftServerProxy (RaftServerProxy.java:addNew(89)) - 527ba554-0cdc-49d1-b9e7-3a69dcc23a2c: addNew group-94041074BC02:[afe4f488-87af-436a-a91b-00d083bcaf9f:192.168.69.66:37081, 527ba554-0cdc-49d1-b9e7-3a69dcc23a2c:192.168.69.66:34995, 74b14207-bfad-43c2-8870-3362b92740be:192.168.69.66:43315] returns group-94041074BC02:java.util.concurrent.CompletableFuture@137e0650[Not completed]
2019-09-05 09:13:00,937 [grpc-default-executor-0] INFO  impl.RaftServerProxy (RaftServerProxy.java:addNew(89)) - 74b14207-bfad-43c2-8870-3362b92740be: addNew group-94041074BC02:[afe4f488-87af-436a-a91b-00d083bcaf9f:192.168.69.66:37081, 527ba554-0cdc-49d1-b9e7-3a69dcc23a2c:192.168.69.66:34995, 74b14207-bfad-43c2-8870-3362b92740be:192.168.69.66:43315] returns group-94041074BC02:java.util.concurrent.CompletableFuture@2490a791[Not completed]
2019-09-05 09:13:00,939 [pool-71-thread-1] INFO  impl.RaftServerImpl (RaftServerImpl.java:<init>(93)) - 527ba554-0cdc-49d1-b9e7-3a69dcc23a2c: new RaftServerImpl for group-94041074BC02:[afe4f488-87af-436a-a91b-00d083bcaf9f:192.168.69.66:37081, 527ba554-0cdc-49d1-b9e7-3a69dcc23a2c:192.168.69.66:34995, 74b14207-bfad-43c2-8870-3362b92740be:192.168.69.66:43315] with ContainerStateMachine:uninitialized
2019-09-05 09:13:00,939 [pool-71-thread-1] INFO  server.RaftServerConfigKeys (ConfUtils.java:logGet(43)) - raft.server.rpc.timeout.min = 5s (custom)
2019-09-05 09:13:00,939 [pool-71-thread-1] INFO  server.RaftServerConfigKeys (ConfUtils.java:logGet(43)) - raft.server.rpc.timeout.max = 5200ms (custom)
2019-09-05 09:13:00,939 [pool-71-thread-1] INFO  server.RaftServerConfigKeys (ConfUtils.java:logGet(43)) - raft.server.rpcslowness.timeout = 120s (custom)
2019-09-05 09:13:00,939 [pool-71-thread-1] INFO  server.RaftServerConfigKeys (ConfUtils.java:logGet(43)) - raft.server.sleep.deviation.threshold = 300 (default)
2019-09-05 09:13:00,942 [pool-71-thread-1] INFO  server.RaftServerConfigKeys (ConfUtils.java:logGet(43)) - raft.server.log.appender.install.snapshot.enabled = false (custom)
2019-09-05 09:13:00,942 [pool-82-thread-1] INFO  impl.RaftServerImpl (RaftServerImpl.java:<init>(93)) - 74b14207-bfad-43c2-8870-3362b92740be: new RaftServerImpl for group-94041074BC02:[afe4f488-87af-436a-a91b-00d083bcaf9f:192.168.69.66:37081, 527ba554-0cdc-49d1-b9e7-3a69dcc23a2c:192.168.69.66:34995, 74b14207-bfad-43c2-8870-3362b92740be:192.168.69.66:43315] with ContainerStateMachine:uninitialized
2019-09-05 09:13:00,942 [pool-71-thread-1] INFO  impl.RaftServerImpl (ServerState.java:<init>(105)) - 527ba554-0cdc-49d1-b9e7-3a69dcc23a2c:group-94041074BC02 ConfigurationManager, init=-1: [afe4f488-87af-436a-a91b-00d083bcaf9f:192.168.69.66:37081, 527ba554-0cdc-49d1-b9e7-3a69dcc23a2c:192.168.69.66:34995, 74b14207-bfad-43c2-8870-3362b92740be:192.168.69.66:43315], old=null, confs=<EMPTY_MAP>
2019-09-05 09:13:00,942 [pool-82-thread-1] INFO  server.RaftServerConfigKeys (ConfUtils.java:logGet(43)) - raft.server.rpc.timeout.min = 5s (custom)
2019-09-05 09:13:00,942 [pool-71-thread-1] INFO  server.RaftServerConfigKeys (ConfUtils.java:logGet(43)) - raft.server.storage.dir = [/workdir/hadoop-ozone/integration-test/target/test-dir/MiniOzoneClusterImpl-2067a7df-0bd0-4e68-a777-bbcd763ebdf2/datanode-4/data/ratis] (custom)
2019-09-05 09:13:00,942 [pool-82-thread-1] INFO  server.RaftServerConfigKeys (ConfUtils.java:logGet(43)) - raft.server.rpc.timeout.max = 5200ms (custom)
2019-09-05 09:13:00,942 [pool-82-thread-1] INFO  server.RaftServerConfigKeys (ConfUtils.java:logGet(43)) - raft.server.rpcslowness.timeout = 120s (custom)
2019-09-05 09:13:00,942 [grpc-default-executor-0] INFO  impl.RaftServerProxy (RaftServerProxy.java:addNew(89)) - afe4f488-87af-436a-a91b-00d083bcaf9f: addNew group-94041074BC02:[afe4f488-87af-436a-a91b-00d083bcaf9f:192.168.69.66:37081, 527ba554-0cdc-49d1-b9e7-3a69dcc23a2c:192.168.69.66:34995, 74b14207-bfad-43c2-8870-3362b92740be:192.168.69.66:43315] returns group-94041074BC02:java.util.concurrent.CompletableFuture@42ab89f2[Not completed]
2019-09-05 09:13:00,942 [pool-71-thread-1] INFO  storage.RaftStorageDirectory (RaftStorageDirectory.java:analyzeStorage(246)) - The storage directory /workdir/hadoop-ozone/integration-test/target/test-dir/MiniOzoneClusterImpl-2067a7df-0bd0-4e68-a777-bbcd763ebdf2/datanode-4/data/ratis/da7252f0-29be-4006-b3df-94041074bc02 does not exist. Creating ...
2019-09-05 09:13:00,942 [pool-82-thread-1] INFO  server.RaftServerConfigKeys (ConfUtils.java:logGet(43)) - raft.server.sleep.deviation.threshold = 300 (default)
2019-09-05 09:13:00,943 [pool-82-thread-1] INFO  server.RaftServerConfigKeys (ConfUtils.java:logGet(43)) - raft.server.log.appender.install.snapshot.enabled = false (custom)
2019-09-05 09:13:00,943 [pool-82-thread-1] INFO  impl.RaftServerImpl (ServerState.java:<init>(105)) - 74b14207-bfad-43c2-8870-3362b92740be:group-94041074BC02 ConfigurationManager, init=-1: [afe4f488-87af-436a-a91b-00d083bcaf9f:192.168.69.66:37081, 527ba554-0cdc-49d1-b9e7-3a69dcc23a2c:192.168.69.66:34995, 74b14207-bfad-43c2-8870-3362b92740be:192.168.69.66:43315], old=null, confs=<EMPTY_MAP>
2019-09-05 09:13:00,943 [pool-82-thread-1] INFO  server.RaftServerConfigKeys (ConfUtils.java:logGet(43)) - raft.server.storage.dir = [/workdir/hadoop-ozone/integration-test/target/test-dir/MiniOzoneClusterImpl-2067a7df-0bd0-4e68-a777-bbcd763ebdf2/datanode-5/data/ratis] (custom)
2019-09-05 09:13:00,943 [pool-82-thread-1] INFO  storage.RaftStorageDirectory (RaftStorageDirectory.java:analyzeStorage(246)) - The storage directory /workdir/hadoop-ozone/integration-test/target/test-dir/MiniOzoneClusterImpl-2067a7df-0bd0-4e68-a777-bbcd763ebdf2/datanode-5/data/ratis/da7252f0-29be-4006-b3df-94041074bc02 does not exist. Creating ...
2019-09-05 09:13:00,943 [pool-27-thread-1] INFO  impl.RaftServerImpl (RaftServerImpl.java:<init>(93)) - afe4f488-87af-436a-a91b-00d083bcaf9f: new RaftServerImpl for group-94041074BC02:[afe4f488-87af-436a-a91b-00d083bcaf9f:192.168.69.66:37081, 527ba554-0cdc-49d1-b9e7-3a69dcc23a2c:192.168.69.66:34995, 74b14207-bfad-43c2-8870-3362b92740be:192.168.69.66:43315] with ContainerStateMachine:uninitialized
2019-09-05 09:13:00,943 [pool-27-thread-1] INFO  server.RaftServerConfigKeys (ConfUtils.java:logGet(43)) - raft.server.rpc.timeout.min = 5s (custom)
2019-09-05 09:13:00,944 [pool-27-thread-1] INFO  server.RaftServerConfigKeys (ConfUtils.java:logGet(43)) - raft.server.rpc.timeout.max = 5200ms (custom)
2019-09-05 09:13:00,944 [pool-27-thread-1] INFO  server.RaftServerConfigKeys (ConfUtils.java:logGet(43)) - raft.server.rpcslowness.timeout = 120s (custom)
2019-09-05 09:13:00,944 [pool-27-thread-1] INFO  server.RaftServerConfigKeys (ConfUtils.java:logGet(43)) - raft.server.sleep.deviation.threshold = 300 (default)
2019-09-05 09:13:00,944 [pool-27-thread-1] INFO  server.RaftServerConfigKeys (ConfUtils.java:logGet(43)) - raft.server.log.appender.install.snapshot.enabled = false (custom)
2019-09-05 09:13:00,944 [pool-27-thread-1] INFO  impl.RaftServerImpl (ServerState.java:<init>(105)) - afe4f488-87af-436a-a91b-00d083bcaf9f:group-94041074BC02 ConfigurationManager, init=-1: [afe4f488-87af-436a-a91b-00d083bcaf9f:192.168.69.66:37081, 527ba554-0cdc-49d1-b9e7-3a69dcc23a2c:192.168.69.66:34995, 74b14207-bfad-43c2-8870-3362b92740be:192.168.69.66:43315], old=null, confs=<EMPTY_MAP>
2019-09-05 09:13:00,944 [pool-27-thread-1] INFO  server.RaftServerConfigKeys (ConfUtils.java:logGet(43)) - raft.server.storage.dir = [/workdir/hadoop-ozone/integration-test/target/test-dir/MiniOzoneClusterImpl-2067a7df-0bd0-4e68-a777-bbcd763ebdf2/datanode-0/data/ratis] (custom)
2019-09-05 09:13:00,944 [pool-27-thread-1] INFO  storage.RaftStorageDirectory (RaftStorageDirectory.java:analyzeStorage(246)) - The storage directory /workdir/hadoop-ozone/integration-test/target/test-dir/MiniOzoneClusterImpl-2067a7df-0bd0-4e68-a777-bbcd763ebdf2/datanode-0/data/ratis/da7252f0-29be-4006-b3df-94041074bc02 does not exist. Creating ...
2019-09-05 09:13:00,963 [pool-82-thread-1] INFO  storage.RaftStorageDirectory (RaftStorageDirectory.java:tryLock(328)) - Lock on /workdir/hadoop-ozone/integration-test/target/test-dir/MiniOzoneClusterImpl-2067a7df-0bd0-4e68-a777-bbcd763ebdf2/datanode-5/data/ratis/da7252f0-29be-4006-b3df-94041074bc02/in_use.lock acquired by nodename 17063@pr-hdds-1571-bldfb-3674279559
2019-09-05 09:13:00,963 [pool-27-thread-1] INFO  storage.RaftStorageDirectory (RaftStorageDirectory.java:tryLock(328)) - Lock on /workdir/hadoop-ozone/integration-test/target/test-dir/MiniOzoneClusterImpl-2067a7df-0bd0-4e68-a777-bbcd763ebdf2/datanode-0/data/ratis/da7252f0-29be-4006-b3df-94041074bc02/in_use.lock acquired by nodename 17063@pr-hdds-1571-bldfb-3674279559
2019-09-05 09:13:00,963 [pool-71-thread-1] INFO  storage.RaftStorageDirectory (RaftStorageDirectory.java:tryLock(328)) - Lock on /workdir/hadoop-ozone/integration-test/target/test-dir/MiniOzoneClusterImpl-2067a7df-0bd0-4e68-a777-bbcd763ebdf2/datanode-4/data/ratis/da7252f0-29be-4006-b3df-94041074bc02/in_use.lock acquired by nodename 17063@pr-hdds-1571-bldfb-3674279559
2019-09-05 09:13:00,997 [pool-82-thread-1] INFO  storage.RaftStorage (RaftStorage.java:format(72)) - Storage directory /workdir/hadoop-ozone/integration-test/target/test-dir/MiniOzoneClusterImpl-2067a7df-0bd0-4e68-a777-bbcd763ebdf2/datanode-5/data/ratis/da7252f0-29be-4006-b3df-94041074bc02 has been successfully formatted.
2019-09-05 09:13:00,997 [pool-27-thread-1] INFO  storage.RaftStorage (RaftStorage.java:format(72)) - Storage directory /workdir/hadoop-ozone/integration-test/target/test-dir/MiniOzoneClusterImpl-2067a7df-0bd0-4e68-a777-bbcd763ebdf2/datanode-0/data/ratis/da7252f0-29be-4006-b3df-94041074bc02 has been successfully formatted.
2019-09-05 09:13:00,997 [pool-71-thread-1] INFO  storage.RaftStorage (RaftStorage.java:format(72)) - Storage directory /workdir/hadoop-ozone/integration-test/target/test-dir/MiniOzoneClusterImpl-2067a7df-0bd0-4e68-a777-bbcd763ebdf2/datanode-4/data/ratis/da7252f0-29be-4006-b3df-94041074bc02 has been successfully formatted.
2019-09-05 09:13:00,997 [pool-82-thread-1] INFO  ratis.ContainerStateMachine (ContainerStateMachine.java:loadSnapshot(226)) - group-94041074BC02: The snapshot info is null. Setting the last applied indexto:(t:0, i:~)
2019-09-05 09:13:00,997 [pool-27-thread-1] INFO  ratis.ContainerStateMachine (ContainerStateMachine.java:loadSnapshot(226)) - group-94041074BC02: The snapshot info is null. Setting the last applied indexto:(t:0, i:~)
2019-09-05 09:13:00,997 [pool-82-thread-1] INFO  server.RaftServerConfigKeys (ConfUtils.java:logGet(43)) - raft.server.leader.election.timeout = 120s (custom)
2019-09-05 09:13:00,997 [pool-71-thread-1] INFO  ratis.ContainerStateMachine (ContainerStateMachine.java:loadSnapshot(226)) - group-94041074BC02: The snapshot info is null. Setting the last applied indexto:(t:0, i:~)
2019-09-05 09:13:00,997 [pool-82-thread-1] INFO  server.RaftServerConfigKeys (ConfUtils.java:logGet(43)) - raft.server.log.use.memory = false (default)
2019-09-05 09:13:00,997 [pool-27-thread-1] INFO  server.RaftServerConfigKeys (ConfUtils.java:logGet(43)) - raft.server.leader.election.timeout = 120s (custom)
2019-09-05 09:13:00,998 [pool-82-thread-1] INFO  server.RaftServerConfigKeys (ConfUtils.java:logGet(43)) - raft.server.log.purge.gap = 1000000 (custom)
2019-09-05 09:13:00,998 [pool-71-thread-1] INFO  server.RaftServerConfigKeys (ConfUtils.java:logGet(43)) - raft.server.leader.election.timeout = 120s (custom)
2019-09-05 09:13:00,998 [pool-82-thread-1] INFO  server.RaftServerConfigKeys (ConfUtils.java:logGet(43)) - raft.server.log.appender.buffer.byte-limit = 33554432 (custom)
2019-09-05 09:13:00,998 [pool-27-thread-1] INFO  server.RaftServerConfigKeys (ConfUtils.java:logGet(43)) - raft.server.log.use.memory = false (default)
2019-09-05 09:13:00,998 [pool-82-thread-1] INFO  server.RaftServerConfigKeys (ConfUtils.java:logGet(43)) - raft.server.log.segment.size.max = 1048576 (custom)
2019-09-05 09:13:00,998 [pool-71-thread-1] INFO  server.RaftServerConfigKeys (ConfUtils.java:logGet(43)) - raft.server.log.use.memory = false (default)
2019-09-05 09:13:00,998 [pool-82-thread-1] INFO  server.RaftServerConfigKeys (ConfUtils.java:logGet(43)) - raft.server.log.segment.cache.num.max = 2 (custom)
2019-09-05 09:13:00,998 [pool-27-thread-1] INFO  server.RaftServerConfigKeys (ConfUtils.java:logGet(43)) - raft.server.log.purge.gap = 1000000 (custom)
2019-09-05 09:13:00,998 [pool-82-thread-1] INFO  segmented.SegmentedRaftLogWorker (SegmentedRaftLogWorker.java:<init>(172)) - new 74b14207-bfad-43c2-8870-3362b92740be-SegmentedRaftLogWorker:Storage Directory /workdir/hadoop-ozone/integration-test/target/test-dir/MiniOzoneClusterImpl-2067a7df-0bd0-4e68-a777-bbcd763ebdf2/datanode-5/data/ratis/da7252f0-29be-4006-b3df-94041074bc02 for RaftStorage:Storage Directory /workdir/hadoop-ozone/integration-test/target/test-dir/MiniOzoneClusterImpl-2067a7df-0bd0-4e68-a777-bbcd763ebdf2/datanode-5/data/ratis/da7252f0-29be-4006-b3df-94041074bc02
2019-09-05 09:13:00,998 [pool-71-thread-1] INFO  server.RaftServerConfigKeys (ConfUtils.java:logGet(43)) - raft.server.log.purge.gap = 1000000 (custom)
2019-09-05 09:13:00,999 [pool-82-thread-1] INFO  server.RaftServerConfigKeys (ConfUtils.java:logGet(43)) - raft.server.log.queue.byte-limit = 2147483647 (custom)
2019-09-05 09:13:00,998 [pool-27-thread-1] INFO  server.RaftServerConfigKeys (ConfUtils.java:logGet(43)) - raft.server.log.appender.buffer.byte-limit = 33554432 (custom)
2019-09-05 09:13:01,000 [pool-82-thread-1] INFO  server.RaftServerConfigKeys (ConfUtils.java:logGet(43)) - raft.server.log.queue.element-limit = 1024 (custom)
2019-09-05 09:13:00,999 [pool-71-thread-1] INFO  server.RaftServerConfigKeys (ConfUtils.java:logGet(43)) - raft.server.log.appender.buffer.byte-limit = 33554432 (custom)
2019-09-05 09:13:01,001 [pool-82-thread-1] INFO  server.RaftServerConfigKeys (ConfUtils.java:logGet(43)) - raft.server.log.segment.size.max = 1048576 (custom)
2019-09-05 09:13:01,000 [pool-27-thread-1] INFO  server.RaftServerConfigKeys (ConfUtils.java:logGet(43)) - raft.server.log.segment.size.max = 1048576 (custom)
2019-09-05 09:13:01,001 [pool-82-thread-1] INFO  server.RaftServerConfigKeys (ConfUtils.java:logGet(43)) - raft.server.log.preallocated.size = 16384 (custom)
2019-09-05 09:13:01,001 [pool-71-thread-1] INFO  server.RaftServerConfigKeys (ConfUtils.java:logGet(43)) - raft.server.log.segment.size.max = 1048576 (custom)
2019-09-05 09:13:01,001 [pool-82-thread-1] INFO  server.RaftServerConfigKeys (ConfUtils.java:logGet(43)) - raft.server.log.write.buffer.size = 33554432 (custom)
2019-09-05 09:13:01,001 [pool-27-thread-1] INFO  server.RaftServerConfigKeys (ConfUtils.java:logGet(43)) - raft.server.log.segment.cache.num.max = 2 (custom)
2019-09-05 09:13:01,001 [pool-82-thread-1] INFO  server.RaftServerConfigKeys (ConfUtils.java:logGet(43)) - raft.server.log.force.sync.num = 128 (default)
2019-09-05 09:13:01,001 [pool-71-thread-1] INFO  server.RaftServerConfigKeys (ConfUtils.java:logGet(43)) - raft.server.log.segment.cache.num.max = 2 (custom)
2019-09-05 09:13:01,001 [pool-82-thread-1] INFO  server.RaftServerConfigKeys (ConfUtils.java:logGet(43)) - raft.server.log.statemachine.data.sync = true (default)
2019-09-05 09:13:01,001 [pool-27-thread-1] INFO  segmented.SegmentedRaftLogWorker (SegmentedRaftLogWorker.java:<init>(172)) - new afe4f488-87af-436a-a91b-00d083bcaf9f-SegmentedRaftLogWorker:Storage Directory /workdir/hadoop-ozone/integration-test/target/test-dir/MiniOzoneClusterImpl-2067a7df-0bd0-4e68-a777-bbcd763ebdf2/datanode-0/data/ratis/da7252f0-29be-4006-b3df-94041074bc02 for RaftStorage:Storage Directory /workdir/hadoop-ozone/integration-test/target/test-dir/MiniOzoneClusterImpl-2067a7df-0bd0-4e68-a777-bbcd763ebdf2/datanode-0/data/ratis/da7252f0-29be-4006-b3df-94041074bc02
2019-09-05 09:13:01,002 [pool-82-thread-1] INFO  server.RaftServerConfigKeys (ConfUtils.java:logGet(43)) - raft.server.log.statemachine.data.sync.timeout = 10s (default)
2019-09-05 09:13:01,002 [pool-71-thread-1] INFO  segmented.SegmentedRaftLogWorker (SegmentedRaftLogWorker.java:<init>(172)) - new 527ba554-0cdc-49d1-b9e7-3a69dcc23a2c-SegmentedRaftLogWorker:Storage Directory /workdir/hadoop-ozone/integration-test/target/test-dir/MiniOzoneClusterImpl-2067a7df-0bd0-4e68-a777-bbcd763ebdf2/datanode-4/data/ratis/da7252f0-29be-4006-b3df-94041074bc02 for RaftStorage:Storage Directory /workdir/hadoop-ozone/integration-test/target/test-dir/MiniOzoneClusterImpl-2067a7df-0bd0-4e68-a777-bbcd763ebdf2/datanode-4/data/ratis/da7252f0-29be-4006-b3df-94041074bc02
2019-09-05 09:13:01,002 [pool-82-thread-1] INFO  server.RaftServerConfigKeys (ConfUtils.java:logGet(43)) - raft.server.log.statemachine.data.sync.timeout.retry = -1 (default)
2019-09-05 09:13:01,002 [pool-27-thread-1] INFO  server.RaftServerConfigKeys (ConfUtils.java:logGet(43)) - raft.server.log.queue.byte-limit = 2147483647 (custom)
2019-09-05 09:13:01,005 [pool-82-thread-1] INFO  server.RaftServerConfigKeys (ConfUtils.java:logGet(43)) - raft.server.log.statemachine.data.caching.enabled = true (custom)
2019-09-05 09:13:01,003 [pool-71-thread-1] INFO  server.RaftServerConfigKeys (ConfUtils.java:logGet(43)) - raft.server.log.queue.byte-limit = 2147483647 (custom)
2019-09-05 09:13:01,005 [pool-27-thread-1] INFO  server.RaftServerConfigKeys (ConfUtils.java:logGet(43)) - raft.server.log.queue.element-limit = 1024 (custom)
2019-09-05 09:13:01,005 [pool-82-thread-1] INFO  segmented.SegmentedRaftLogWorker (SegmentedRaftLogWorker.java:lambda$new$0(132)) - 74b14207-bfad-43c2-8870-3362b92740be-SegmentedRaftLogWorker:Storage Directory /workdir/hadoop-ozone/integration-test/target/test-dir/MiniOzoneClusterImpl-2067a7df-0bd0-4e68-a777-bbcd763ebdf2/datanode-5/data/ratis/da7252f0-29be-4006-b3df-94041074bc02: flushIndex: setUnconditionally 0 -> -1
2019-09-05 09:13:01,005 [pool-71-thread-1] INFO  server.RaftServerConfigKeys (ConfUtils.java:logGet(43)) - raft.server.log.queue.element-limit = 1024 (custom)
2019-09-05 09:13:01,005 [pool-27-thread-1] INFO  server.RaftServerConfigKeys (ConfUtils.java:logGet(43)) - raft.server.log.segment.size.max = 1048576 (custom)
2019-09-05 09:13:01,005 [pool-71-thread-1] INFO  server.RaftServerConfigKeys (ConfUtils.java:logGet(43)) - raft.server.log.segment.size.max = 1048576 (custom)
2019-09-05 09:13:01,005 [pool-82-thread-1] INFO  server.RaftServerConfigKeys (ConfUtils.java:logGet(43)) - raft.server.snapshot.auto.trigger.enabled = true (custom)
2019-09-05 09:13:01,006 [pool-71-thread-1] INFO  server.RaftServerConfigKeys (ConfUtils.java:logGet(43)) - raft.server.log.preallocated.size = 16384 (custom)
2019-09-05 09:13:01,006 [pool-27-thread-1] INFO  server.RaftServerConfigKeys (ConfUtils.java:logGet(43)) - raft.server.log.preallocated.size = 16384 (custom)
2019-09-05 09:13:01,006 [pool-71-thread-1] INFO  server.RaftServerConfigKeys (ConfUtils.java:logGet(43)) - raft.server.log.write.buffer.size = 33554432 (custom)
2019-09-05 09:13:01,006 [pool-82-thread-1] INFO  server.RaftServerConfigKeys (ConfUtils.java:logGet(43)) - raft.server.snapshot.auto.trigger.threshold = 10000 (custom)
2019-09-05 09:13:01,006 [pool-71-thread-1] INFO  server.RaftServerConfigKeys (ConfUtils.java:logGet(43)) - raft.server.log.force.sync.num = 128 (default)
2019-09-05 09:13:01,006 [pool-27-thread-1] INFO  server.RaftServerConfigKeys (ConfUtils.java:logGet(43)) - raft.server.log.write.buffer.size = 33554432 (custom)
2019-09-05 09:13:01,006 [pool-71-thread-1] INFO  server.RaftServerConfigKeys (ConfUtils.java:logGet(43)) - raft.server.log.statemachine.data.sync = true (default)
2019-09-05 09:13:01,006 [pool-82-thread-1] INFO  server.RaftServerConfigKeys (ConfUtils.java:logGet(43)) - raft.server.retrycache.expirytime = 600000ms (custom)
2019-09-05 09:13:01,006 [pool-71-thread-1] INFO  server.RaftServerConfigKeys (ConfUtils.java:logGet(43)) - raft.server.log.statemachine.data.sync.timeout = 10s (default)
2019-09-05 09:13:01,006 [pool-27-thread-1] INFO  server.RaftServerConfigKeys (ConfUtils.java:logGet(43)) - raft.server.log.force.sync.num = 128 (default)
2019-09-05 09:13:01,007 [pool-71-thread-1] INFO  server.RaftServerConfigKeys (ConfUtils.java:logGet(43)) - raft.server.log.statemachine.data.sync.timeout.retry = -1 (default)
2019-09-05 09:13:01,007 [pool-82-thread-1] INFO  impl.RaftServerImpl (RaftServerImpl.java:start(180)) - 74b14207-bfad-43c2-8870-3362b92740be: start group-94041074BC02
2019-09-05 09:13:01,007 [pool-71-thread-1] INFO  server.RaftServerConfigKeys (ConfUtils.java:logGet(43)) - raft.server.log.statemachine.data.caching.enabled = true (custom)
2019-09-05 09:13:01,007 [pool-27-thread-1] INFO  server.RaftServerConfigKeys (ConfUtils.java:logGet(43)) - raft.server.log.statemachine.data.sync = true (default)
2019-09-05 09:13:01,007 [pool-82-thread-1] INFO  impl.RaftServerImpl (RaftServerImpl.java:setRole(171)) - 74b14207-bfad-43c2-8870-3362b92740be:group-94041074BC02 changes role from null to FOLLOWER at term 0 for startAsFollower
2019-09-05 09:13:01,007 [pool-71-thread-1] INFO  segmented.SegmentedRaftLogWorker (SegmentedRaftLogWorker.java:lambda$new$0(132)) - 527ba554-0cdc-49d1-b9e7-3a69dcc23a2c-SegmentedRaftLogWorker:Storage Directory /workdir/hadoop-ozone/integration-test/target/test-dir/MiniOzoneClusterImpl-2067a7df-0bd0-4e68-a777-bbcd763ebdf2/datanode-4/data/ratis/da7252f0-29be-4006-b3df-94041074bc02: flushIndex: setUnconditionally 0 -> -1
2019-09-05 09:13:01,007 [pool-27-thread-1] INFO  server.RaftServerConfigKeys (ConfUtils.java:logGet(43)) - raft.server.log.statemachine.data.sync.timeout = 10s (default)
2019-09-05 09:13:01,007 [pool-82-thread-1] INFO  impl.RoleInfo (RoleInfo.java:updateAndGet(143)) - 74b14207-bfad-43c2-8870-3362b92740be: start FollowerState
2019-09-05 09:13:01,007 [pool-71-thread-1] INFO  server.RaftServerConfigKeys (ConfUtils.java:logGet(43)) - raft.server.snapshot.auto.trigger.enabled = true (custom)
2019-09-05 09:13:01,007 [pool-27-thread-1] INFO  server.RaftServerConfigKeys (ConfUtils.java:logGet(43)) - raft.server.log.statemachine.data.sync.timeout.retry = -1 (default)
2019-09-05 09:13:01,007 [pool-71-thread-1] INFO  server.RaftServerConfigKeys (ConfUtils.java:logGet(43)) - raft.server.snapshot.auto.trigger.threshold = 10000 (custom)
2019-09-05 09:13:01,008 [pool-27-thread-1] INFO  server.RaftServerConfigKeys (ConfUtils.java:logGet(43)) - raft.server.log.statemachine.data.caching.enabled = true (custom)
2019-09-05 09:13:01,008 [pool-71-thread-1] INFO  server.RaftServerConfigKeys (ConfUtils.java:logGet(43)) - raft.server.retrycache.expirytime = 600000ms (custom)
2019-09-05 09:13:01,008 [pool-82-thread-1] INFO  util.JmxRegister (JmxRegister.java:tryRegister(44)) - Successfully registered JMX Bean with object name Ratis:service=RaftServer,group=group-94041074BC02,id=74b14207-bfad-43c2-8870-3362b92740be
2019-09-05 09:13:01,008 [pool-71-thread-1] INFO  impl.RaftServerImpl (RaftServerImpl.java:start(180)) - 527ba554-0cdc-49d1-b9e7-3a69dcc23a2c: start group-94041074BC02
2019-09-05 09:13:01,008 [pool-27-thread-1] INFO  segmented.SegmentedRaftLogWorker (SegmentedRaftLogWorker.java:lambda$new$0(132)) - afe4f488-87af-436a-a91b-00d083bcaf9f-SegmentedRaftLogWorker:Storage Directory /workdir/hadoop-ozone/integration-test/target/test-dir/MiniOzoneClusterImpl-2067a7df-0bd0-4e68-a777-bbcd763ebdf2/datanode-0/data/ratis/da7252f0-29be-4006-b3df-94041074bc02: flushIndex: setUnconditionally 0 -> -1
2019-09-05 09:13:01,008 [pool-71-thread-1] INFO  impl.RaftServerImpl (RaftServerImpl.java:setRole(171)) - 527ba554-0cdc-49d1-b9e7-3a69dcc23a2c:group-94041074BC02 changes role from null to FOLLOWER at term 0 for startAsFollower
2019-09-05 09:13:01,008 [pool-27-thread-1] INFO  server.RaftServerConfigKeys (ConfUtils.java:logGet(43)) - raft.server.snapshot.auto.trigger.enabled = true (custom)
2019-09-05 09:13:01,008 [pool-71-thread-1] INFO  impl.RoleInfo (RoleInfo.java:updateAndGet(143)) - 527ba554-0cdc-49d1-b9e7-3a69dcc23a2c: start FollowerState
2019-09-05 09:13:01,008 [pool-27-thread-1] INFO  server.RaftServerConfigKeys (ConfUtils.java:logGet(43)) - raft.server.snapshot.auto.trigger.threshold = 10000 (custom)
2019-09-05 09:13:01,009 [pool-27-thread-1] INFO  server.RaftServerConfigKeys (ConfUtils.java:logGet(43)) - raft.server.retrycache.expirytime = 600000ms (custom)
2019-09-05 09:13:01,009 [pool-71-thread-1] INFO  util.JmxRegister (JmxRegister.java:tryRegister(44)) - Successfully registered JMX Bean with object name Ratis:service=RaftServer,group=group-94041074BC02,id=527ba554-0cdc-49d1-b9e7-3a69dcc23a2c
2019-09-05 09:13:01,009 [pool-27-thread-1] INFO  impl.RaftServerImpl (RaftServerImpl.java:start(180)) - afe4f488-87af-436a-a91b-00d083bcaf9f: start group-94041074BC02
2019-09-05 09:13:01,009 [pool-27-thread-1] INFO  impl.RaftServerImpl (RaftServerImpl.java:setRole(171)) - afe4f488-87af-436a-a91b-00d083bcaf9f:group-94041074BC02 changes role from null to FOLLOWER at term 0 for startAsFollower
2019-09-05 09:13:01,009 [pool-27-thread-1] INFO  impl.RoleInfo (RoleInfo.java:updateAndGet(143)) - afe4f488-87af-436a-a91b-00d083bcaf9f: start FollowerState
2019-09-05 09:13:01,010 [pool-27-thread-1] INFO  util.JmxRegister (JmxRegister.java:tryRegister(44)) - Successfully registered JMX Bean with object name Ratis:service=RaftServer,group=group-94041074BC02,id=afe4f488-87af-436a-a91b-00d083bcaf9f
2019-09-05 09:13:01,029 [RatisPipelineUtilsThread] INFO  pipeline.PipelineStateManager (PipelineStateManager.java:addPipeline(56)) - Created pipeline Pipeline[ Id: da7252f0-29be-4006-b3df-94041074bc02, Nodes: afe4f488-87af-436a-a91b-00d083bcaf9f{ip: 192.168.69.66, host: pr-hdds-1571-bldfb-3674279559, networkLocation: /default-rack, certSerialId: null}527ba554-0cdc-49d1-b9e7-3a69dcc23a2c{ip: 192.168.69.66, host: pr-hdds-1571-bldfb-3674279559, networkLocation: /default-rack, certSerialId: null}74b14207-bfad-43c2-8870-3362b92740be{ip: 192.168.69.66, host: pr-hdds-1571-bldfb-3674279559, networkLocation: /default-rack, certSerialId: null}, Type:RATIS, Factor:THREE, State:OPEN]
2019-09-05 09:13:01,060 [grpc-default-executor-0] INFO  impl.RaftServerProxy (RaftServerProxy.java:addNew(89)) - b7723663-b5a7-4cec-8abb-1432ee42201a: addNew group-0C4BBA31F7F7:[9925e697-233b-49ae-b622-0cc1839cd635:192.168.69.66:39635, b7723663-b5a7-4cec-8abb-1432ee42201a:192.168.69.66:45839, 6f15dda3-1033-4118-bbd5-e00bc2779eb3:192.168.69.66:35370] returns group-0C4BBA31F7F7:java.util.concurrent.CompletableFuture@75d156c0[Not completed]
2019-09-05 09:13:01,060 [grpc-default-executor-1] INFO  impl.RaftServerProxy (RaftServerProxy.java:addNew(89)) - 9925e697-233b-49ae-b622-0cc1839cd635: addNew group-0C4BBA31F7F7:[9925e697-233b-49ae-b622-0cc1839cd635:192.168.69.66:39635, b7723663-b5a7-4cec-8abb-1432ee42201a:192.168.69.66:45839, 6f15dda3-1033-4118-bbd5-e00bc2779eb3:192.168.69.66:35370] returns group-0C4BBA31F7F7:java.util.concurrent.CompletableFuture@748e540b[Not completed]
2019-09-05 09:13:01,060 [grpc-default-executor-2] INFO  impl.RaftServerProxy (RaftServerProxy.java:addNew(89)) - 6f15dda3-1033-4118-bbd5-e00bc2779eb3: addNew group-0C4BBA31F7F7:[9925e697-233b-49ae-b622-0cc1839cd635:192.168.69.66:39635, b7723663-b5a7-4cec-8abb-1432ee42201a:192.168.69.66:45839, 6f15dda3-1033-4118-bbd5-e00bc2779eb3:192.168.69.66:35370] returns group-0C4BBA31F7F7:java.util.concurrent.CompletableFuture@52430c6b[Not completed]
2019-09-05 09:13:01,064 [pool-38-thread-1] INFO  impl.RaftServerImpl (RaftServerImpl.java:<init>(93)) - b7723663-b5a7-4cec-8abb-1432ee42201a: new RaftServerImpl for group-0C4BBA31F7F7:[9925e697-233b-49ae-b622-0cc1839cd635:192.168.69.66:39635, b7723663-b5a7-4cec-8abb-1432ee42201a:192.168.69.66:45839, 6f15dda3-1033-4118-bbd5-e00bc2779eb3:192.168.69.66:35370] with ContainerStateMachine:uninitialized
2019-09-05 09:13:01,064 [pool-38-thread-1] INFO  server.RaftServerConfigKeys (ConfUtils.java:logGet(43)) - raft.server.rpc.timeout.min = 5s (custom)
2019-09-05 09:13:01,064 [pool-38-thread-1] INFO  server.RaftServerConfigKeys (ConfUtils.java:logGet(43)) - raft.server.rpc.timeout.max = 5200ms (custom)
2019-09-05 09:13:01,064 [pool-38-thread-1] INFO  server.RaftServerConfigKeys (ConfUtils.java:logGet(43)) - raft.server.rpcslowness.timeout = 120s (custom)
2019-09-05 09:13:01,064 [pool-38-thread-1] INFO  server.RaftServerConfigKeys (ConfUtils.java:logGet(43)) - raft.server.sleep.deviation.threshold = 300 (default)
2019-09-05 09:13:01,064 [pool-38-thread-1] INFO  server.RaftServerConfigKeys (ConfUtils.java:logGet(43)) - raft.server.log.appender.install.snapshot.enabled = false (custom)
2019-09-05 09:13:01,065 [pool-38-thread-1] INFO  impl.RaftServerImpl (ServerState.java:<init>(105)) - b7723663-b5a7-4cec-8abb-1432ee42201a:group-0C4BBA31F7F7 ConfigurationManager, init=-1: [9925e697-233b-49ae-b622-0cc1839cd635:192.168.69.66:39635, b7723663-b5a7-4cec-8abb-1432ee42201a:192.168.69.66:45839, 6f15dda3-1033-4118-bbd5-e00bc2779eb3:192.168.69.66:35370], old=null, confs=<EMPTY_MAP>
2019-09-05 09:13:01,065 [pool-49-thread-1] INFO  impl.RaftServerImpl (RaftServerImpl.java:<init>(93)) - 9925e697-233b-49ae-b622-0cc1839cd635: new RaftServerImpl for group-0C4BBA31F7F7:[9925e697-233b-49ae-b622-0cc1839cd635:192.168.69.66:39635, b7723663-b5a7-4cec-8abb-1432ee42201a:192.168.69.66:45839, 6f15dda3-1033-4118-bbd5-e00bc2779eb3:192.168.69.66:35370] with ContainerStateMachine:uninitialized
2019-09-05 09:13:01,065 [pool-38-thread-1] INFO  server.RaftServerConfigKeys (ConfUtils.java:logGet(43)) - raft.server.storage.dir = [/workdir/hadoop-ozone/integration-test/target/test-dir/MiniOzoneClusterImpl-2067a7df-0bd0-4e68-a777-bbcd763ebdf2/datanode-1/data/ratis] (custom)
2019-09-05 09:13:01,065 [pool-49-thread-1] INFO  server.RaftServerConfigKeys (ConfUtils.java:logGet(43)) - raft.server.rpc.timeout.min = 5s (custom)
2019-09-05 09:13:01,065 [pool-49-thread-1] INFO  server.RaftServerConfigKeys (ConfUtils.java:logGet(43)) - raft.server.rpc.timeout.max = 5200ms (custom)
2019-09-05 09:13:01,065 [pool-38-thread-1] INFO  storage.RaftStorageDirectory (RaftStorageDirectory.java:analyzeStorage(246)) - The storage directory /workdir/hadoop-ozone/integration-test/target/test-dir/MiniOzoneClusterImpl-2067a7df-0bd0-4e68-a777-bbcd763ebdf2/datanode-1/data/ratis/0cd31c84-2c81-4d0d-b4cd-0c4bba31f7f7 does not exist. Creating ...
2019-09-05 09:13:01,065 [pool-49-thread-1] INFO  server.RaftServerConfigKeys (ConfUtils.java:logGet(43)) - raft.server.rpcslowness.timeout = 120s (custom)
2019-09-05 09:13:01,066 [pool-49-thread-1] INFO  server.RaftServerConfigKeys (ConfUtils.java:logGet(43)) - raft.server.sleep.deviation.threshold = 300 (default)
2019-09-05 09:13:01,066 [pool-49-thread-1] INFO  server.RaftServerConfigKeys (ConfUtils.java:logGet(43)) - raft.server.log.appender.install.snapshot.enabled = false (custom)
2019-09-05 09:13:01,066 [pool-49-thread-1] INFO  impl.RaftServerImpl (ServerState.java:<init>(105)) - 9925e697-233b-49ae-b622-0cc1839cd635:group-0C4BBA31F7F7 ConfigurationManager, init=-1: [9925e697-233b-49ae-b622-0cc1839cd635:192.168.69.66:39635, b7723663-b5a7-4cec-8abb-1432ee42201a:192.168.69.66:45839, 6f15dda3-1033-4118-bbd5-e00bc2779eb3:192.168.69.66:35370], old=null, confs=<EMPTY_MAP>
2019-09-05 09:13:01,066 [pool-93-thread-1] INFO  impl.RaftServerImpl (RaftServerImpl.java:<init>(93)) - 6f15dda3-1033-4118-bbd5-e00bc2779eb3: new RaftServerImpl for group-0C4BBA31F7F7:[9925e697-233b-49ae-b622-0cc1839cd635:192.168.69.66:39635, b7723663-b5a7-4cec-8abb-1432ee42201a:192.168.69.66:45839, 6f15dda3-1033-4118-bbd5-e00bc2779eb3:192.168.69.66:35370] with ContainerStateMachine:uninitialized
2019-09-05 09:13:01,066 [pool-49-thread-1] INFO  server.RaftServerConfigKeys (ConfUtils.java:logGet(43)) - raft.server.storage.dir = [/workdir/hadoop-ozone/integration-test/target/test-dir/MiniOzoneClusterImpl-2067a7df-0bd0-4e68-a777-bbcd763ebdf2/datanode-2/data/ratis] (custom)
2019-09-05 09:13:01,066 [pool-93-thread-1] INFO  server.RaftServerConfigKeys (ConfUtils.java:logGet(43)) - raft.server.rpc.timeout.min = 5s (custom)
2019-09-05 09:13:01,067 [pool-93-thread-1] INFO  server.RaftServerConfigKeys (ConfUtils.java:logGet(43)) - raft.server.rpc.timeout.max = 5200ms (custom)
2019-09-05 09:13:01,067 [pool-49-thread-1] INFO  storage.RaftStorageDirectory (RaftStorageDirectory.java:analyzeStorage(246)) - The storage directory /workdir/hadoop-ozone/integration-test/target/test-dir/MiniOzoneClusterImpl-2067a7df-0bd0-4e68-a777-bbcd763ebdf2/datanode-2/data/ratis/0cd31c84-2c81-4d0d-b4cd-0c4bba31f7f7 does not exist. Creating ...
2019-09-05 09:13:01,067 [pool-93-thread-1] INFO  server.RaftServerConfigKeys (ConfUtils.java:logGet(43)) - raft.server.rpcslowness.timeout = 120s (custom)
2019-09-05 09:13:01,067 [pool-93-thread-1] INFO  server.RaftServerConfigKeys (ConfUtils.java:logGet(43)) - raft.server.sleep.deviation.threshold = 300 (default)
2019-09-05 09:13:01,067 [pool-93-thread-1] INFO  server.RaftServerConfigKeys (ConfUtils.java:logGet(43)) - raft.server.log.appender.install.snapshot.enabled = false (custom)
2019-09-05 09:13:01,068 [pool-93-thread-1] INFO  impl.RaftServerImpl (ServerState.java:<init>(105)) - 6f15dda3-1033-4118-bbd5-e00bc2779eb3:group-0C4BBA31F7F7 ConfigurationManager, init=-1: [9925e697-233b-49ae-b622-0cc1839cd635:192.168.69.66:39635, b7723663-b5a7-4cec-8abb-1432ee42201a:192.168.69.66:45839, 6f15dda3-1033-4118-bbd5-e00bc2779eb3:192.168.69.66:35370], old=null, confs=<EMPTY_MAP>
2019-09-05 09:13:01,068 [pool-93-thread-1] INFO  server.RaftServerConfigKeys (ConfUtils.java:logGet(43)) - raft.server.storage.dir = [/workdir/hadoop-ozone/integration-test/target/test-dir/MiniOzoneClusterImpl-2067a7df-0bd0-4e68-a777-bbcd763ebdf2/datanode-6/data/ratis] (custom)
2019-09-05 09:13:01,068 [pool-93-thread-1] INFO  storage.RaftStorageDirectory (RaftStorageDirectory.java:analyzeStorage(246)) - The storage directory /workdir/hadoop-ozone/integration-test/target/test-dir/MiniOzoneClusterImpl-2067a7df-0bd0-4e68-a777-bbcd763ebdf2/datanode-6/data/ratis/0cd31c84-2c81-4d0d-b4cd-0c4bba31f7f7 does not exist. Creating ...
2019-09-05 09:13:01,090 [pool-38-thread-1] INFO  storage.RaftStorageDirectory (RaftStorageDirectory.java:tryLock(328)) - Lock on /workdir/hadoop-ozone/integration-test/target/test-dir/MiniOzoneClusterImpl-2067a7df-0bd0-4e68-a777-bbcd763ebdf2/datanode-1/data/ratis/0cd31c84-2c81-4d0d-b4cd-0c4bba31f7f7/in_use.lock acquired by nodename 17063@pr-hdds-1571-bldfb-3674279559
2019-09-05 09:13:01,090 [pool-93-thread-1] INFO  storage.RaftStorageDirectory (RaftStorageDirectory.java:tryLock(328)) - Lock on /workdir/hadoop-ozone/integration-test/target/test-dir/MiniOzoneClusterImpl-2067a7df-0bd0-4e68-a777-bbcd763ebdf2/datanode-6/data/ratis/0cd31c84-2c81-4d0d-b4cd-0c4bba31f7f7/in_use.lock acquired by nodename 17063@pr-hdds-1571-bldfb-3674279559
2019-09-05 09:13:01,090 [pool-49-thread-1] INFO  storage.RaftStorageDirectory (RaftStorageDirectory.java:tryLock(328)) - Lock on /workdir/hadoop-ozone/integration-test/target/test-dir/MiniOzoneClusterImpl-2067a7df-0bd0-4e68-a777-bbcd763ebdf2/datanode-2/data/ratis/0cd31c84-2c81-4d0d-b4cd-0c4bba31f7f7/in_use.lock acquired by nodename 17063@pr-hdds-1571-bldfb-3674279559
2019-09-05 09:13:01,102 [main] INFO  rpc.RpcClient (RpcClient.java:createVolume(293)) - Creating Volume: testblockoutputstream, with jenkins1000 as owner.
2019-09-05 09:13:01,107 | INFO  | SCMAudit | user=jenkins1000 | ip=192.168.69.66 | op=SEND_HEARTBEAT {datanodeUUID=b7723663-b5a7-4cec-8abb-1432ee42201a, command=[]} | ret=SUCCESS |  
2019-09-05 09:13:01,115 [pool-49-thread-1] INFO  storage.RaftStorage (RaftStorage.java:format(72)) - Storage directory /workdir/hadoop-ozone/integration-test/target/test-dir/MiniOzoneClusterImpl-2067a7df-0bd0-4e68-a777-bbcd763ebdf2/datanode-2/data/ratis/0cd31c84-2c81-4d0d-b4cd-0c4bba31f7f7 has been successfully formatted.
2019-09-05 09:13:01,115 [pool-38-thread-1] INFO  storage.RaftStorage (RaftStorage.java:format(72)) - Storage directory /workdir/hadoop-ozone/integration-test/target/test-dir/MiniOzoneClusterImpl-2067a7df-0bd0-4e68-a777-bbcd763ebdf2/datanode-1/data/ratis/0cd31c84-2c81-4d0d-b4cd-0c4bba31f7f7 has been successfully formatted.
2019-09-05 09:13:01,115 [pool-93-thread-1] INFO  storage.RaftStorage (RaftStorage.java:format(72)) - Storage directory /workdir/hadoop-ozone/integration-test/target/test-dir/MiniOzoneClusterImpl-2067a7df-0bd0-4e68-a777-bbcd763ebdf2/datanode-6/data/ratis/0cd31c84-2c81-4d0d-b4cd-0c4bba31f7f7 has been successfully formatted.
2019-09-05 09:13:01,115 [pool-49-thread-1] INFO  ratis.ContainerStateMachine (ContainerStateMachine.java:loadSnapshot(226)) - group-0C4BBA31F7F7: The snapshot info is null. Setting the last applied indexto:(t:0, i:~)
2019-09-05 09:13:01,116 [pool-38-thread-1] INFO  ratis.ContainerStateMachine (ContainerStateMachine.java:loadSnapshot(226)) - group-0C4BBA31F7F7: The snapshot info is null. Setting the last applied indexto:(t:0, i:~)
2019-09-05 09:13:01,116 [pool-49-thread-1] INFO  server.RaftServerConfigKeys (ConfUtils.java:logGet(43)) - raft.server.leader.election.timeout = 120s (custom)
2019-09-05 09:13:01,116 [pool-93-thread-1] INFO  ratis.ContainerStateMachine (ContainerStateMachine.java:loadSnapshot(226)) - group-0C4BBA31F7F7: The snapshot info is null. Setting the last applied indexto:(t:0, i:~)
2019-09-05 09:13:01,116 [pool-49-thread-1] INFO  server.RaftServerConfigKeys (ConfUtils.java:logGet(43)) - raft.server.log.use.memory = false (default)
2019-09-05 09:13:01,116 [pool-38-thread-1] INFO  server.RaftServerConfigKeys (ConfUtils.java:logGet(43)) - raft.server.leader.election.timeout = 120s (custom)
2019-09-05 09:13:01,116 [pool-49-thread-1] INFO  server.RaftServerConfigKeys (ConfUtils.java:logGet(43)) - raft.server.log.purge.gap = 1000000 (custom)
2019-09-05 09:13:01,116 [pool-93-thread-1] INFO  server.RaftServerConfigKeys (ConfUtils.java:logGet(43)) - raft.server.leader.election.timeout = 120s (custom)
2019-09-05 09:13:01,116 [pool-49-thread-1] INFO  server.RaftServerConfigKeys (ConfUtils.java:logGet(43)) - raft.server.log.appender.buffer.byte-limit = 33554432 (custom)
2019-09-05 09:13:01,116 [pool-38-thread-1] INFO  server.RaftServerConfigKeys (ConfUtils.java:logGet(43)) - raft.server.log.use.memory = false (default)
2019-09-05 09:13:01,117 [pool-49-thread-1] INFO  server.RaftServerConfigKeys (ConfUtils.java:logGet(43)) - raft.server.log.segment.size.max = 1048576 (custom)
2019-09-05 09:13:01,116 [pool-93-thread-1] INFO  server.RaftServerConfigKeys (ConfUtils.java:logGet(43)) - raft.server.log.use.memory = false (default)
2019-09-05 09:13:01,117 [pool-49-thread-1] INFO  server.RaftServerConfigKeys (ConfUtils.java:logGet(43)) - raft.server.log.segment.cache.num.max = 2 (custom)
2019-09-05 09:13:01,117 [pool-38-thread-1] INFO  server.RaftServerConfigKeys (ConfUtils.java:logGet(43)) - raft.server.log.purge.gap = 1000000 (custom)
2019-09-05 09:13:01,117 [pool-49-thread-1] INFO  segmented.SegmentedRaftLogWorker (SegmentedRaftLogWorker.java:<init>(172)) - new 9925e697-233b-49ae-b622-0cc1839cd635-SegmentedRaftLogWorker:Storage Directory /workdir/hadoop-ozone/integration-test/target/test-dir/MiniOzoneClusterImpl-2067a7df-0bd0-4e68-a777-bbcd763ebdf2/datanode-2/data/ratis/0cd31c84-2c81-4d0d-b4cd-0c4bba31f7f7 for RaftStorage:Storage Directory /workdir/hadoop-ozone/integration-test/target/test-dir/MiniOzoneClusterImpl-2067a7df-0bd0-4e68-a777-bbcd763ebdf2/datanode-2/data/ratis/0cd31c84-2c81-4d0d-b4cd-0c4bba31f7f7
2019-09-05 09:13:01,117 [pool-93-thread-1] INFO  server.RaftServerConfigKeys (ConfUtils.java:logGet(43)) - raft.server.log.purge.gap = 1000000 (custom)
2019-09-05 09:13:01,117 [pool-49-thread-1] INFO  server.RaftServerConfigKeys (ConfUtils.java:logGet(43)) - raft.server.log.queue.byte-limit = 2147483647 (custom)
2019-09-05 09:13:01,117 [pool-38-thread-1] INFO  server.RaftServerConfigKeys (ConfUtils.java:logGet(43)) - raft.server.log.appender.buffer.byte-limit = 33554432 (custom)
2019-09-05 09:13:01,119 [pool-49-thread-1] INFO  server.RaftServerConfigKeys (ConfUtils.java:logGet(43)) - raft.server.log.queue.element-limit = 1024 (custom)
2019-09-05 09:13:01,117 [pool-93-thread-1] INFO  server.RaftServerConfigKeys (ConfUtils.java:logGet(43)) - raft.server.log.appender.buffer.byte-limit = 33554432 (custom)
2019-09-05 09:13:01,119 [pool-49-thread-1] INFO  server.RaftServerConfigKeys (ConfUtils.java:logGet(43)) - raft.server.log.segment.size.max = 1048576 (custom)
2019-09-05 09:13:01,119 [pool-93-thread-1] INFO  server.RaftServerConfigKeys (ConfUtils.java:logGet(43)) - raft.server.log.segment.size.max = 1048576 (custom)
2019-09-05 09:13:01,119 [pool-38-thread-1] INFO  server.RaftServerConfigKeys (ConfUtils.java:logGet(43)) - raft.server.log.segment.size.max = 1048576 (custom)
2019-09-05 09:13:01,120 [pool-93-thread-1] INFO  server.RaftServerConfigKeys (ConfUtils.java:logGet(43)) - raft.server.log.segment.cache.num.max = 2 (custom)
2019-09-05 09:13:01,119 [pool-49-thread-1] INFO  server.RaftServerConfigKeys (ConfUtils.java:logGet(43)) - raft.server.log.preallocated.size = 16384 (custom)
2019-09-05 09:13:01,120 [pool-93-thread-1] INFO  segmented.SegmentedRaftLogWorker (SegmentedRaftLogWorker.java:<init>(172)) - new 6f15dda3-1033-4118-bbd5-e00bc2779eb3-SegmentedRaftLogWorker:Storage Directory /workdir/hadoop-ozone/integration-test/target/test-dir/MiniOzoneClusterImpl-2067a7df-0bd0-4e68-a777-bbcd763ebdf2/datanode-6/data/ratis/0cd31c84-2c81-4d0d-b4cd-0c4bba31f7f7 for RaftStorage:Storage Directory /workdir/hadoop-ozone/integration-test/target/test-dir/MiniOzoneClusterImpl-2067a7df-0bd0-4e68-a777-bbcd763ebdf2/datanode-6/data/ratis/0cd31c84-2c81-4d0d-b4cd-0c4bba31f7f7
2019-09-05 09:13:01,120 [pool-38-thread-1] INFO  server.RaftServerConfigKeys (ConfUtils.java:logGet(43)) - raft.server.log.segment.cache.num.max = 2 (custom)
2019-09-05 09:13:01,120 [pool-93-thread-1] INFO  server.RaftServerConfigKeys (ConfUtils.java:logGet(43)) - raft.server.log.queue.byte-limit = 2147483647 (custom)
2019-09-05 09:13:01,120 [pool-49-thread-1] INFO  server.RaftServerConfigKeys (ConfUtils.java:logGet(43)) - raft.server.log.write.buffer.size = 33554432 (custom)
2019-09-05 09:13:01,122 [pool-93-thread-1] INFO  server.RaftServerConfigKeys (ConfUtils.java:logGet(43)) - raft.server.log.queue.element-limit = 1024 (custom)
2019-09-05 09:13:01,122 [pool-38-thread-1] INFO  segmented.SegmentedRaftLogWorker (SegmentedRaftLogWorker.java:<init>(172)) - new b7723663-b5a7-4cec-8abb-1432ee42201a-SegmentedRaftLogWorker:Storage Directory /workdir/hadoop-ozone/integration-test/target/test-dir/MiniOzoneClusterImpl-2067a7df-0bd0-4e68-a777-bbcd763ebdf2/datanode-1/data/ratis/0cd31c84-2c81-4d0d-b4cd-0c4bba31f7f7 for RaftStorage:Storage Directory /workdir/hadoop-ozone/integration-test/target/test-dir/MiniOzoneClusterImpl-2067a7df-0bd0-4e68-a777-bbcd763ebdf2/datanode-1/data/ratis/0cd31c84-2c81-4d0d-b4cd-0c4bba31f7f7
2019-09-05 09:13:01,122 [pool-93-thread-1] INFO  server.RaftServerConfigKeys (ConfUtils.java:logGet(43)) - raft.server.log.segment.size.max = 1048576 (custom)
2019-09-05 09:13:01,122 [pool-49-thread-1] INFO  server.RaftServerConfigKeys (ConfUtils.java:logGet(43)) - raft.server.log.force.sync.num = 128 (default)
2019-09-05 09:13:01,122 [pool-93-thread-1] INFO  server.RaftServerConfigKeys (ConfUtils.java:logGet(43)) - raft.server.log.preallocated.size = 16384 (custom)
2019-09-05 09:13:01,122 [pool-38-thread-1] INFO  server.RaftServerConfigKeys (ConfUtils.java:logGet(43)) - raft.server.log.queue.byte-limit = 2147483647 (custom)
2019-09-05 09:13:01,124 [pool-93-thread-1] INFO  server.RaftServerConfigKeys (ConfUtils.java:logGet(43)) - raft.server.log.write.buffer.size = 33554432 (custom)
2019-09-05 09:13:01,124 [pool-49-thread-1] INFO  server.RaftServerConfigKeys (ConfUtils.java:logGet(43)) - raft.server.log.statemachine.data.sync = true (default)
2019-09-05 09:13:01,124 [pool-93-thread-1] INFO  server.RaftServerConfigKeys (ConfUtils.java:logGet(43)) - raft.server.log.force.sync.num = 128 (default)
2019-09-05 09:13:01,124 [pool-49-thread-1] INFO  server.RaftServerConfigKeys (ConfUtils.java:logGet(43)) - raft.server.log.statemachine.data.sync.timeout = 10s (default)
2019-09-05 09:13:01,124 [pool-38-thread-1] INFO  server.RaftServerConfigKeys (ConfUtils.java:logGet(43)) - raft.server.log.queue.element-limit = 1024 (custom)
2019-09-05 09:13:01,125 [pool-49-thread-1] INFO  server.RaftServerConfigKeys (ConfUtils.java:logGet(43)) - raft.server.log.statemachine.data.sync.timeout.retry = -1 (default)
2019-09-05 09:13:01,124 [pool-93-thread-1] INFO  server.RaftServerConfigKeys (ConfUtils.java:logGet(43)) - raft.server.log.statemachine.data.sync = true (default)
2019-09-05 09:13:01,125 [pool-49-thread-1] INFO  server.RaftServerConfigKeys (ConfUtils.java:logGet(43)) - raft.server.log.statemachine.data.caching.enabled = true (custom)
2019-09-05 09:13:01,125 [pool-38-thread-1] INFO  server.RaftServerConfigKeys (ConfUtils.java:logGet(43)) - raft.server.log.segment.size.max = 1048576 (custom)
2019-09-05 09:13:01,125 [pool-93-thread-1] INFO  server.RaftServerConfigKeys (ConfUtils.java:logGet(43)) - raft.server.log.statemachine.data.sync.timeout = 10s (default)
2019-09-05 09:13:01,125 [pool-38-thread-1] INFO  server.RaftServerConfigKeys (ConfUtils.java:logGet(43)) - raft.server.log.preallocated.size = 16384 (custom)
2019-09-05 09:13:01,125 [pool-93-thread-1] INFO  server.RaftServerConfigKeys (ConfUtils.java:logGet(43)) - raft.server.log.statemachine.data.sync.timeout.retry = -1 (default)
2019-09-05 09:13:01,126 [pool-49-thread-1] INFO  segmented.SegmentedRaftLogWorker (SegmentedRaftLogWorker.java:lambda$new$0(132)) - 9925e697-233b-49ae-b622-0cc1839cd635-SegmentedRaftLogWorker:Storage Directory /workdir/hadoop-ozone/integration-test/target/test-dir/MiniOzoneClusterImpl-2067a7df-0bd0-4e68-a777-bbcd763ebdf2/datanode-2/data/ratis/0cd31c84-2c81-4d0d-b4cd-0c4bba31f7f7: flushIndex: setUnconditionally 0 -> -1
2019-09-05 09:13:01,126 [pool-38-thread-1] INFO  server.RaftServerConfigKeys (ConfUtils.java:logGet(43)) - raft.server.log.write.buffer.size = 33554432 (custom)
2019-09-05 09:13:01,126 [pool-93-thread-1] INFO  server.RaftServerConfigKeys (ConfUtils.java:logGet(43)) - raft.server.log.statemachine.data.caching.enabled = true (custom)
2019-09-05 09:13:01,126 [pool-38-thread-1] INFO  server.RaftServerConfigKeys (ConfUtils.java:logGet(43)) - raft.server.log.force.sync.num = 128 (default)
2019-09-05 09:13:01,126 [pool-49-thread-1] INFO  server.RaftServerConfigKeys (ConfUtils.java:logGet(43)) - raft.server.snapshot.auto.trigger.enabled = true (custom)
2019-09-05 09:13:01,126 [pool-93-thread-1] INFO  segmented.SegmentedRaftLogWorker (SegmentedRaftLogWorker.java:lambda$new$0(132)) - 6f15dda3-1033-4118-bbd5-e00bc2779eb3-SegmentedRaftLogWorker:Storage Directory /workdir/hadoop-ozone/integration-test/target/test-dir/MiniOzoneClusterImpl-2067a7df-0bd0-4e68-a777-bbcd763ebdf2/datanode-6/data/ratis/0cd31c84-2c81-4d0d-b4cd-0c4bba31f7f7: flushIndex: setUnconditionally 0 -> -1
2019-09-05 09:13:01,126 [pool-38-thread-1] INFO  server.RaftServerConfigKeys (ConfUtils.java:logGet(43)) - raft.server.log.statemachine.data.sync = true (default)
2019-09-05 09:13:01,126 [pool-49-thread-1] INFO  server.RaftServerConfigKeys (ConfUtils.java:logGet(43)) - raft.server.snapshot.auto.trigger.threshold = 10000 (custom)
2019-09-05 09:13:01,127 [pool-93-thread-1] INFO  server.RaftServerConfigKeys (ConfUtils.java:logGet(43)) - raft.server.snapshot.auto.trigger.enabled = true (custom)
2019-09-05 09:13:01,127 [pool-38-thread-1] INFO  server.RaftServerConfigKeys (ConfUtils.java:logGet(43)) - raft.server.log.statemachine.data.sync.timeout = 10s (default)
2019-09-05 09:13:01,127 [pool-93-thread-1] INFO  server.RaftServerConfigKeys (ConfUtils.java:logGet(43)) - raft.server.snapshot.auto.trigger.threshold = 10000 (custom)
2019-09-05 09:13:01,127 [pool-49-thread-1] INFO  server.RaftServerConfigKeys (ConfUtils.java:logGet(43)) - raft.server.retrycache.expirytime = 600000ms (custom)
2019-09-05 09:13:01,127 [pool-93-thread-1] INFO  server.RaftServerConfigKeys (ConfUtils.java:logGet(43)) - raft.server.retrycache.expirytime = 600000ms (custom)
2019-09-05 09:13:01,127 [pool-38-thread-1] INFO  server.RaftServerConfigKeys (ConfUtils.java:logGet(43)) - raft.server.log.statemachine.data.sync.timeout.retry = -1 (default)
2019-09-05 09:13:01,127 [pool-93-thread-1] INFO  impl.RaftServerImpl (RaftServerImpl.java:start(180)) - 6f15dda3-1033-4118-bbd5-e00bc2779eb3: start group-0C4BBA31F7F7
2019-09-05 09:13:01,127 [pool-49-thread-1] INFO  impl.RaftServerImpl (RaftServerImpl.java:start(180)) - 9925e697-233b-49ae-b622-0cc1839cd635: start group-0C4BBA31F7F7
2019-09-05 09:13:01,128 [pool-93-thread-1] INFO  impl.RaftServerImpl (RaftServerImpl.java:setRole(171)) - 6f15dda3-1033-4118-bbd5-e00bc2779eb3:group-0C4BBA31F7F7 changes role from null to FOLLOWER at term 0 for startAsFollower
2019-09-05 09:13:01,128 [pool-38-thread-1] INFO  server.RaftServerConfigKeys (ConfUtils.java:logGet(43)) - raft.server.log.statemachine.data.caching.enabled = true (custom)
2019-09-05 09:13:01,128 [pool-93-thread-1] INFO  impl.RoleInfo (RoleInfo.java:updateAndGet(143)) - 6f15dda3-1033-4118-bbd5-e00bc2779eb3: start FollowerState
2019-09-05 09:13:01,128 [pool-49-thread-1] INFO  impl.RaftServerImpl (RaftServerImpl.java:setRole(171)) - 9925e697-233b-49ae-b622-0cc1839cd635:group-0C4BBA31F7F7 changes role from null to FOLLOWER at term 0 for startAsFollower
2019-09-05 09:13:01,128 [pool-38-thread-1] INFO  segmented.SegmentedRaftLogWorker (SegmentedRaftLogWorker.java:lambda$new$0(132)) - b7723663-b5a7-4cec-8abb-1432ee42201a-SegmentedRaftLogWorker:Storage Directory /workdir/hadoop-ozone/integration-test/target/test-dir/MiniOzoneClusterImpl-2067a7df-0bd0-4e68-a777-bbcd763ebdf2/datanode-1/data/ratis/0cd31c84-2c81-4d0d-b4cd-0c4bba31f7f7: flushIndex: setUnconditionally 0 -> -1
2019-09-05 09:13:01,128 [pool-49-thread-1] INFO  impl.RoleInfo (RoleInfo.java:updateAndGet(143)) - 9925e697-233b-49ae-b622-0cc1839cd635: start FollowerState
2019-09-05 09:13:01,129 [pool-93-thread-1] INFO  util.JmxRegister (JmxRegister.java:tryRegister(44)) - Successfully registered JMX Bean with object name Ratis:service=RaftServer,group=group-0C4BBA31F7F7,id=6f15dda3-1033-4118-bbd5-e00bc2779eb3
2019-09-05 09:13:01,129 [pool-38-thread-1] INFO  server.RaftServerConfigKeys (ConfUtils.java:logGet(43)) - raft.server.snapshot.auto.trigger.enabled = true (custom)
2019-09-05 09:13:01,129 [pool-38-thread-1] INFO  server.RaftServerConfigKeys (ConfUtils.java:logGet(43)) - raft.server.snapshot.auto.trigger.threshold = 10000 (custom)
2019-09-05 09:13:01,129 [pool-38-thread-1] INFO  server.RaftServerConfigKeys (ConfUtils.java:logGet(43)) - raft.server.retrycache.expirytime = 600000ms (custom)
2019-09-05 09:13:01,129 [pool-38-thread-1] INFO  impl.RaftServerImpl (RaftServerImpl.java:start(180)) - b7723663-b5a7-4cec-8abb-1432ee42201a: start group-0C4BBA31F7F7
2019-09-05 09:13:01,130 [pool-38-thread-1] INFO  impl.RaftServerImpl (RaftServerImpl.java:setRole(171)) - b7723663-b5a7-4cec-8abb-1432ee42201a:group-0C4BBA31F7F7 changes role from null to FOLLOWER at term 0 for startAsFollower
2019-09-05 09:13:01,130 [pool-38-thread-1] INFO  impl.RoleInfo (RoleInfo.java:updateAndGet(143)) - b7723663-b5a7-4cec-8abb-1432ee42201a: start FollowerState
2019-09-05 09:13:01,129 [pool-49-thread-1] INFO  util.JmxRegister (JmxRegister.java:tryRegister(44)) - Successfully registered JMX Bean with object name Ratis:service=RaftServer,group=group-0C4BBA31F7F7,id=9925e697-233b-49ae-b622-0cc1839cd635
2019-09-05 09:13:01,130 [pool-38-thread-1] INFO  util.JmxRegister (JmxRegister.java:tryRegister(44)) - Successfully registered JMX Bean with object name Ratis:service=RaftServer,group=group-0C4BBA31F7F7,id=b7723663-b5a7-4cec-8abb-1432ee42201a
2019-09-05 09:13:01,149 [RatisPipelineUtilsThread] INFO  pipeline.PipelineStateManager (PipelineStateManager.java:addPipeline(56)) - Created pipeline Pipeline[ Id: 0cd31c84-2c81-4d0d-b4cd-0c4bba31f7f7, Nodes: 6f15dda3-1033-4118-bbd5-e00bc2779eb3{ip: 192.168.69.66, host: pr-hdds-1571-bldfb-3674279559, networkLocation: /default-rack, certSerialId: null}b7723663-b5a7-4cec-8abb-1432ee42201a{ip: 192.168.69.66, host: pr-hdds-1571-bldfb-3674279559, networkLocation: /default-rack, certSerialId: null}9925e697-233b-49ae-b622-0cc1839cd635{ip: 192.168.69.66, host: pr-hdds-1571-bldfb-3674279559, networkLocation: /default-rack, certSerialId: null}, Type:RATIS, Factor:THREE, State:OPEN]
2019-09-05 09:13:01,149 | INFO  | OMAudit | user=jenkins1000 | ip=127.0.0.1 | op=CREATE_VOLUME {admin=jenkins1000, owner=jenkins1000, volume=testblockoutputstream, creationTime=1567674781129, quotaInBytes=1152921504606846976} | ret=SUCCESS |  
2019-09-05 09:13:01,177 | INFO  | OMAudit | user=jenkins1000 | ip=127.0.0.1 | op=READ_VOLUME {volume=testblockoutputstream} | ret=SUCCESS |  
2019-09-05 09:13:01,185 [main] INFO  rpc.RpcClient (RpcClient.java:createBucket(432)) - Creating Bucket: testblockoutputstream/testblockoutputstream, with Versioning false and Storage Type set to DISK and Encryption set to false 
2019-09-05 09:13:01,201 | INFO  | OMAudit | user=jenkins1000 | ip=127.0.0.1 | op=CREATE_BUCKET {volume=testblockoutputstream, bucket=testblockoutputstream, acls=[user:jenkins1000:a[ACCESS], group:default:a[ACCESS]], isVersionEnabled=false, storageType=DISK, creationTime=0} | ret=SUCCESS |  
2019-09-05 09:13:01,203 [main] INFO  impl.MetricsSystemImpl (MetricsSystemImpl.java:init(158)) - XceiverClientMetrics metrics system started (again)
2019-09-05 09:13:01,214 | INFO  | OMAudit | user=jenkins1000 | ip=127.0.0.1 | op=READ_VOLUME {volume=testblockoutputstream} | ret=SUCCESS |  
2019-09-05 09:13:01,220 | INFO  | OMAudit | user=jenkins1000 | ip=127.0.0.1 | op=READ_BUCKET {volume=testblockoutputstream, bucket=testblockoutputstream} | ret=SUCCESS |  
2019-09-05 09:13:01,341 | INFO  | SCMAudit | user=jenkins1000 | ip=192.168.69.66 | op=ALLOCATE_BLOCK {owner=540e0109-0e28-4c24-9b8e-506c8aabff86, size=800, type=RATIS, factor=THREE} | ret=SUCCESS |  
2019-09-05 09:13:01,373 | INFO  | OMAudit | user=jenkins1000 | ip=127.0.0.1 | op=ALLOCATE_KEY {volume=testblockoutputstream, bucket=testblockoutputstream, key=395bc5cf-27cd-4376-9d5a-563df6962976, dataSize=0, replicationType=RATIS, replicationFactor=THREE, keyLocationInfo=null} | ret=SUCCESS |  
2019-09-05 09:13:01,493 [grpc-default-executor-2] INFO  client.GrpcClientProtocolClient (GrpcClientProtocolClient.java:onNext(255)) - client-A679407C5E1E->6f15dda3-1033-4118-bbd5-e00bc2779eb3: receive RaftClientReply:client-A679407C5E1E->6f15dda3-1033-4118-bbd5-e00bc2779eb3@group-0C4BBA31F7F7, cid=13, FAILED org.apache.ratis.protocol.NotLeaderException: Server 6f15dda3-1033-4118-bbd5-e00bc2779eb3 is not the leader (null). Request must be sent to leader., logIndex=0, commits[6f15dda3-1033-4118-bbd5-e00bc2779eb3:c-1]
2019-09-05 09:13:01,675 | INFO  | SCMAudit | user=jenkins1000 | ip=192.168.69.66 | op=SEND_HEARTBEAT {datanodeUUID=9925e697-233b-49ae-b622-0cc1839cd635, command=[]} | ret=SUCCESS |  
2019-09-05 09:13:01,675 | INFO  | SCMAudit | user=jenkins1000 | ip=192.168.69.66 | op=SEND_HEARTBEAT {datanodeUUID=b742561a-6a32-4271-84e4-b9553f9c6759, command=[]} | ret=SUCCESS |  
2019-09-05 09:13:01,812 | INFO  | SCMAudit | user=jenkins1000 | ip=192.168.69.66 | op=SEND_HEARTBEAT {datanodeUUID=527ba554-0cdc-49d1-b9e7-3a69dcc23a2c, command=[]} | ret=SUCCESS |  
2019-09-05 09:13:01,840 | INFO  | SCMAudit | user=jenkins1000 | ip=192.168.69.66 | op=SEND_HEARTBEAT {datanodeUUID=afe4f488-87af-436a-a91b-00d083bcaf9f, command=[]} | ret=SUCCESS |  
2019-09-05 09:13:01,899 [Thread-237] INFO  container.ReplicationManager (ReplicationManager.java:start(151)) - Starting Replication Monitor Thread.
2019-09-05 09:13:01,904 [ReplicationMonitor] INFO  container.ReplicationManager (ReplicationManager.java:run(214)) - Replication Monitor Thread took 3 milliseconds for processing 1 containers.
2019-09-05 09:13:02,059 | INFO  | SCMAudit | user=jenkins1000 | ip=192.168.69.66 | op=SEND_HEARTBEAT {datanodeUUID=74b14207-bfad-43c2-8870-3362b92740be, command=[]} | ret=SUCCESS |  
2019-09-05 09:13:02,108 | INFO  | SCMAudit | user=jenkins1000 | ip=192.168.69.66 | op=SEND_HEARTBEAT {datanodeUUID=b7723663-b5a7-4cec-8abb-1432ee42201a, command=[]} | ret=SUCCESS |  
2019-09-05 09:13:02,263 | INFO  | SCMAudit | user=jenkins1000 | ip=192.168.69.66 | op=SEND_HEARTBEAT {datanodeUUID=6f15dda3-1033-4118-bbd5-e00bc2779eb3, command=[]} | ret=SUCCESS |  
2019-09-05 09:13:02,530 [grpc-default-executor-1] INFO  client.GrpcClientProtocolClient (GrpcClientProtocolClient.java:onNext(255)) - client-A679407C5E1E->b7723663-b5a7-4cec-8abb-1432ee42201a: receive RaftClientReply:client-A679407C5E1E->b7723663-b5a7-4cec-8abb-1432ee42201a@group-0C4BBA31F7F7, cid=13, FAILED org.apache.ratis.protocol.NotLeaderException: Server b7723663-b5a7-4cec-8abb-1432ee42201a is not the leader (null). Request must be sent to leader., logIndex=0, commits[b7723663-b5a7-4cec-8abb-1432ee42201a:c-1]
2019-09-05 09:13:02,677 | INFO  | SCMAudit | user=jenkins1000 | ip=192.168.69.66 | op=SEND_HEARTBEAT {datanodeUUID=b742561a-6a32-4271-84e4-b9553f9c6759, command=[]} | ret=SUCCESS |  
2019-09-05 09:13:02,677 | INFO  | SCMAudit | user=jenkins1000 | ip=192.168.69.66 | op=SEND_HEARTBEAT {datanodeUUID=9925e697-233b-49ae-b622-0cc1839cd635, command=[]} | ret=SUCCESS |  
2019-09-05 09:13:02,812 | INFO  | SCMAudit | user=jenkins1000 | ip=192.168.69.66 | op=SEND_HEARTBEAT {datanodeUUID=527ba554-0cdc-49d1-b9e7-3a69dcc23a2c, command=[]} | ret=SUCCESS |  
2019-09-05 09:13:02,839 | INFO  | SCMAudit | user=jenkins1000 | ip=192.168.69.66 | op=SEND_HEARTBEAT {datanodeUUID=afe4f488-87af-436a-a91b-00d083bcaf9f, command=[]} | ret=SUCCESS |  
2019-09-05 09:13:03,059 | INFO  | SCMAudit | user=jenkins1000 | ip=192.168.69.66 | op=SEND_HEARTBEAT {datanodeUUID=74b14207-bfad-43c2-8870-3362b92740be, command=[]} | ret=SUCCESS |  
2019-09-05 09:13:03,108 | INFO  | SCMAudit | user=jenkins1000 | ip=192.168.69.66 | op=SEND_HEARTBEAT {datanodeUUID=b7723663-b5a7-4cec-8abb-1432ee42201a, command=[]} | ret=SUCCESS |  
2019-09-05 09:13:03,262 | INFO  | SCMAudit | user=jenkins1000 | ip=192.168.69.66 | op=SEND_HEARTBEAT {datanodeUUID=6f15dda3-1033-4118-bbd5-e00bc2779eb3, command=[]} | ret=SUCCESS |  
2019-09-05 09:13:03,551 [grpc-default-executor-1] INFO  client.GrpcClientProtocolClient (GrpcClientProtocolClient.java:onNext(255)) - client-A679407C5E1E->6f15dda3-1033-4118-bbd5-e00bc2779eb3: receive RaftClientReply:client-A679407C5E1E->6f15dda3-1033-4118-bbd5-e00bc2779eb3@group-0C4BBA31F7F7, cid=13, FAILED org.apache.ratis.protocol.NotLeaderException: Server 6f15dda3-1033-4118-bbd5-e00bc2779eb3 is not the leader (null). Request must be sent to leader., logIndex=0, commits[6f15dda3-1033-4118-bbd5-e00bc2779eb3:c-1]
2019-09-05 09:13:03,687 | INFO  | SCMAudit | user=jenkins1000 | ip=192.168.69.66 | op=SEND_HEARTBEAT {datanodeUUID=b742561a-6a32-4271-84e4-b9553f9c6759, command=[]} | ret=SUCCESS |  
2019-09-05 09:13:03,687 | INFO  | SCMAudit | user=jenkins1000 | ip=192.168.69.66 | op=SEND_HEARTBEAT {datanodeUUID=9925e697-233b-49ae-b622-0cc1839cd635, command=[]} | ret=SUCCESS |  
2019-09-05 09:13:03,810 | INFO  | SCMAudit | user=jenkins1000 | ip=192.168.69.66 | op=SEND_HEARTBEAT {datanodeUUID=527ba554-0cdc-49d1-b9e7-3a69dcc23a2c, command=[]} | ret=SUCCESS |  
2019-09-05 09:13:03,838 | INFO  | SCMAudit | user=jenkins1000 | ip=192.168.69.66 | op=SEND_HEARTBEAT {datanodeUUID=afe4f488-87af-436a-a91b-00d083bcaf9f, command=[]} | ret=SUCCESS |  
2019-09-05 09:13:04,056 | INFO  | SCMAudit | user=jenkins1000 | ip=192.168.69.66 | op=SEND_HEARTBEAT {datanodeUUID=74b14207-bfad-43c2-8870-3362b92740be, command=[]} | ret=SUCCESS |  
2019-09-05 09:13:04,105 | INFO  | SCMAudit | user=jenkins1000 | ip=192.168.69.66 | op=SEND_HEARTBEAT {datanodeUUID=b7723663-b5a7-4cec-8abb-1432ee42201a, command=[]} | ret=SUCCESS |  
2019-09-05 09:13:04,261 | INFO  | SCMAudit | user=jenkins1000 | ip=192.168.69.66 | op=SEND_HEARTBEAT {datanodeUUID=6f15dda3-1033-4118-bbd5-e00bc2779eb3, command=[]} | ret=SUCCESS |  
2019-09-05 09:13:04,571 [grpc-default-executor-1] INFO  client.GrpcClientProtocolClient (GrpcClientProtocolClient.java:onNext(255)) - client-A679407C5E1E->b7723663-b5a7-4cec-8abb-1432ee42201a: receive RaftClientReply:client-A679407C5E1E->b7723663-b5a7-4cec-8abb-1432ee42201a@group-0C4BBA31F7F7, cid=13, FAILED org.apache.ratis.protocol.NotLeaderException: Server b7723663-b5a7-4cec-8abb-1432ee42201a is not the leader (null). Request must be sent to leader., logIndex=0, commits[b7723663-b5a7-4cec-8abb-1432ee42201a:c-1]
2019-09-05 09:13:04,672 | INFO  | SCMAudit | user=jenkins1000 | ip=192.168.69.66 | op=SEND_HEARTBEAT {datanodeUUID=b742561a-6a32-4271-84e4-b9553f9c6759, command=[]} | ret=SUCCESS |  
2019-09-05 09:13:04,687 | INFO  | SCMAudit | user=jenkins1000 | ip=192.168.69.66 | op=SEND_HEARTBEAT {datanodeUUID=9925e697-233b-49ae-b622-0cc1839cd635, command=[]} | ret=SUCCESS |  
2019-09-05 09:13:04,810 | INFO  | SCMAudit | user=jenkins1000 | ip=192.168.69.66 | op=SEND_HEARTBEAT {datanodeUUID=527ba554-0cdc-49d1-b9e7-3a69dcc23a2c, command=[]} | ret=SUCCESS |  
2019-09-05 09:13:04,839 | INFO  | SCMAudit | user=jenkins1000 | ip=192.168.69.66 | op=SEND_HEARTBEAT {datanodeUUID=afe4f488-87af-436a-a91b-00d083bcaf9f, command=[]} | ret=SUCCESS |  
2019-09-05 09:13:05,056 | INFO  | SCMAudit | user=jenkins1000 | ip=192.168.69.66 | op=SEND_HEARTBEAT {datanodeUUID=74b14207-bfad-43c2-8870-3362b92740be, command=[]} | ret=SUCCESS |  
2019-09-05 09:13:05,101 [Thread-239] INFO  impl.FollowerState (FollowerState.java:run(106)) - afe4f488-87af-436a-a91b-00d083bcaf9f:group-9601AB6D53BD changes to CANDIDATE, lastRpcTime:5021, electionTimeout:5020ms
2019-09-05 09:13:05,105 [Thread-239] INFO  impl.RoleInfo (RoleInfo.java:shutdownFollowerState(121)) - afe4f488-87af-436a-a91b-00d083bcaf9f: shutdown FollowerState
2019-09-05 09:13:05,105 [Thread-239] INFO  impl.RaftServerImpl (RaftServerImpl.java:setRole(171)) - afe4f488-87af-436a-a91b-00d083bcaf9f:group-9601AB6D53BD changes role from FOLLOWER to CANDIDATE at term 0 for changeToCandidate
2019-09-05 09:13:05,105 | INFO  | SCMAudit | user=jenkins1000 | ip=192.168.69.66 | op=SEND_HEARTBEAT {datanodeUUID=b7723663-b5a7-4cec-8abb-1432ee42201a, command=[]} | ret=SUCCESS |  
2019-09-05 09:13:05,111 [Thread-239] INFO  impl.RoleInfo (RoleInfo.java:updateAndGet(143)) - afe4f488-87af-436a-a91b-00d083bcaf9f: start LeaderElection
2019-09-05 09:13:05,139 [afe4f488-87af-436a-a91b-00d083bcaf9f:group-9601AB6D53BD:LeaderElection1] INFO  impl.LeaderElection (LeaderElection.java:askForVotes(181)) - afe4f488-87af-436a-a91b-00d083bcaf9f:group-9601AB6D53BD:LeaderElection1: begin an election at term 1 for -1: [afe4f488-87af-436a-a91b-00d083bcaf9f:192.168.69.66:37081], old=null
2019-09-05 09:13:05,142 [afe4f488-87af-436a-a91b-00d083bcaf9f:group-9601AB6D53BD:LeaderElection1] INFO  impl.RoleInfo (RoleInfo.java:shutdownLeaderElection(134)) - afe4f488-87af-436a-a91b-00d083bcaf9f: shutdown LeaderElection
2019-09-05 09:13:05,143 [afe4f488-87af-436a-a91b-00d083bcaf9f:group-9601AB6D53BD:LeaderElection1] INFO  impl.RaftServerImpl (RaftServerImpl.java:setRole(171)) - afe4f488-87af-436a-a91b-00d083bcaf9f:group-9601AB6D53BD changes role from CANDIDATE to LEADER at term 1 for changeToLeader
2019-09-05 09:13:05,143 [afe4f488-87af-436a-a91b-00d083bcaf9f:group-9601AB6D53BD:LeaderElection1] INFO  impl.RaftServerImpl (ServerState.java:setLeader(263)) - afe4f488-87af-436a-a91b-00d083bcaf9f:group-9601AB6D53BD change Leader from null to afe4f488-87af-436a-a91b-00d083bcaf9f at term 1 for becomeLeader, leader elected after 5150ms
2019-09-05 09:13:05,150 [afe4f488-87af-436a-a91b-00d083bcaf9f:group-9601AB6D53BD:LeaderElection1] INFO  server.RaftServerConfigKeys (ConfUtils.java:logGet(43)) - raft.server.staging.catchup.gap = 1000 (default)
2019-09-05 09:13:05,150 [afe4f488-87af-436a-a91b-00d083bcaf9f:group-9601AB6D53BD:LeaderElection1] INFO  server.RaftServerConfigKeys (ConfUtils.java:logGet(43)) - raft.server.rpc.sleep.time = 25ms (default)
2019-09-05 09:13:05,153 [afe4f488-87af-436a-a91b-00d083bcaf9f:group-9601AB6D53BD:LeaderElection1] INFO  server.RaftServerConfigKeys (ConfUtils.java:logGet(43)) - raft.server.write.element-limit = 4096 (default)
2019-09-05 09:13:05,155 [afe4f488-87af-436a-a91b-00d083bcaf9f:group-9601AB6D53BD:LeaderElection1] INFO  server.RaftServerConfigKeys (ConfUtils.java:logGet(43)) - raft.server.watch.timeout = 10s (default)
2019-09-05 09:13:05,155 [afe4f488-87af-436a-a91b-00d083bcaf9f:group-9601AB6D53BD:LeaderElection1] INFO  server.RaftServerConfigKeys (ConfUtils.java:logGet(43)) - raft.server.watch.timeout.denomination = 1s (default)
2019-09-05 09:13:05,156 [afe4f488-87af-436a-a91b-00d083bcaf9f:group-9601AB6D53BD:LeaderElection1] INFO  server.RaftServerConfigKeys (ConfUtils.java:logGet(43)) - raft.server.watch.element-limit = 65536 (default)
2019-09-05 09:13:05,164 [afe4f488-87af-436a-a91b-00d083bcaf9f:group-9601AB6D53BD:LeaderElection1] INFO  impl.RoleInfo (RoleInfo.java:updateAndGet(143)) - afe4f488-87af-436a-a91b-00d083bcaf9f: start LeaderState
2019-09-05 09:13:05,185 [afe4f488-87af-436a-a91b-00d083bcaf9f:group-9601AB6D53BD:LeaderElection1] INFO  segmented.SegmentedRaftLogWorker (SegmentedRaftLogWorker.java:startLogSegment(380)) - afe4f488-87af-436a-a91b-00d083bcaf9f-SegmentedRaftLogWorker:Storage Directory /workdir/hadoop-ozone/integration-test/target/test-dir/MiniOzoneClusterImpl-2067a7df-0bd0-4e68-a777-bbcd763ebdf2/datanode-0/data/ratis/12684622-1cf6-476a-8c12-9601ab6d53bd: Starting segment from index:0
2019-09-05 09:13:05,192 [afe4f488-87af-436a-a91b-00d083bcaf9f:group-9601AB6D53BD:LeaderElection1] INFO  impl.RaftServerImpl (ServerState.java:setRaftConf(361)) - afe4f488-87af-436a-a91b-00d083bcaf9f:group-9601AB6D53BD set configuration 0: [afe4f488-87af-436a-a91b-00d083bcaf9f:192.168.69.66:37081], old=null at 0
2019-09-05 09:13:05,261 | INFO  | SCMAudit | user=jenkins1000 | ip=192.168.69.66 | op=SEND_HEARTBEAT {datanodeUUID=6f15dda3-1033-4118-bbd5-e00bc2779eb3, command=[]} | ret=SUCCESS |  
2019-09-05 09:13:05,284 [Thread-242] INFO  impl.FollowerState (FollowerState.java:run(106)) - 527ba554-0cdc-49d1-b9e7-3a69dcc23a2c:group-CACDFB05E34A changes to CANDIDATE, lastRpcTime:5011, electionTimeout:5010ms
2019-09-05 09:13:05,287 [Thread-242] INFO  impl.RoleInfo (RoleInfo.java:shutdownFollowerState(121)) - 527ba554-0cdc-49d1-b9e7-3a69dcc23a2c: shutdown FollowerState
2019-09-05 09:13:05,287 [Thread-242] INFO  impl.RaftServerImpl (RaftServerImpl.java:setRole(171)) - 527ba554-0cdc-49d1-b9e7-3a69dcc23a2c:group-CACDFB05E34A changes role from FOLLOWER to CANDIDATE at term 0 for changeToCandidate
2019-09-05 09:13:05,287 [Thread-242] INFO  impl.RoleInfo (RoleInfo.java:updateAndGet(143)) - 527ba554-0cdc-49d1-b9e7-3a69dcc23a2c: start LeaderElection
2019-09-05 09:13:05,309 [527ba554-0cdc-49d1-b9e7-3a69dcc23a2c:group-CACDFB05E34A:LeaderElection2] INFO  impl.LeaderElection (LeaderElection.java:askForVotes(181)) - 527ba554-0cdc-49d1-b9e7-3a69dcc23a2c:group-CACDFB05E34A:LeaderElection2: begin an election at term 1 for -1: [527ba554-0cdc-49d1-b9e7-3a69dcc23a2c:192.168.69.66:34995], old=null
2019-09-05 09:13:05,311 [527ba554-0cdc-49d1-b9e7-3a69dcc23a2c:group-CACDFB05E34A:LeaderElection2] INFO  impl.RoleInfo (RoleInfo.java:shutdownLeaderElection(134)) - 527ba554-0cdc-49d1-b9e7-3a69dcc23a2c: shutdown LeaderElection
2019-09-05 09:13:05,311 [527ba554-0cdc-49d1-b9e7-3a69dcc23a2c:group-CACDFB05E34A:LeaderElection2] INFO  impl.RaftServerImpl (RaftServerImpl.java:setRole(171)) - 527ba554-0cdc-49d1-b9e7-3a69dcc23a2c:group-CACDFB05E34A changes role from CANDIDATE to LEADER at term 1 for changeToLeader
2019-09-05 09:13:05,311 [527ba554-0cdc-49d1-b9e7-3a69dcc23a2c:group-CACDFB05E34A:LeaderElection2] INFO  impl.RaftServerImpl (ServerState.java:setLeader(263)) - 527ba554-0cdc-49d1-b9e7-3a69dcc23a2c:group-CACDFB05E34A change Leader from null to 527ba554-0cdc-49d1-b9e7-3a69dcc23a2c at term 1 for becomeLeader, leader elected after 5047ms
2019-09-05 09:13:05,313 [527ba554-0cdc-49d1-b9e7-3a69dcc23a2c:group-CACDFB05E34A:LeaderElection2] INFO  server.RaftServerConfigKeys (ConfUtils.java:logGet(43)) - raft.server.staging.catchup.gap = 1000 (default)
2019-09-05 09:13:05,313 [527ba554-0cdc-49d1-b9e7-3a69dcc23a2c:group-CACDFB05E34A:LeaderElection2] INFO  server.RaftServerConfigKeys (ConfUtils.java:logGet(43)) - raft.server.rpc.sleep.time = 25ms (default)
2019-09-05 09:13:05,313 [527ba554-0cdc-49d1-b9e7-3a69dcc23a2c:group-CACDFB05E34A:LeaderElection2] INFO  server.RaftServerConfigKeys (ConfUtils.java:logGet(43)) - raft.server.write.element-limit = 4096 (default)
2019-09-05 09:13:05,313 [527ba554-0cdc-49d1-b9e7-3a69dcc23a2c:group-CACDFB05E34A:LeaderElection2] INFO  server.RaftServerConfigKeys (ConfUtils.java:logGet(43)) - raft.server.watch.timeout = 10s (default)
2019-09-05 09:13:05,314 [527ba554-0cdc-49d1-b9e7-3a69dcc23a2c:group-CACDFB05E34A:LeaderElection2] INFO  server.RaftServerConfigKeys (ConfUtils.java:logGet(43)) - raft.server.watch.timeout.denomination = 1s (default)
2019-09-05 09:13:05,314 [527ba554-0cdc-49d1-b9e7-3a69dcc23a2c:group-CACDFB05E34A:LeaderElection2] INFO  server.RaftServerConfigKeys (ConfUtils.java:logGet(43)) - raft.server.watch.element-limit = 65536 (default)
2019-09-05 09:13:05,314 [527ba554-0cdc-49d1-b9e7-3a69dcc23a2c:group-CACDFB05E34A:LeaderElection2] INFO  impl.RoleInfo (RoleInfo.java:updateAndGet(143)) - 527ba554-0cdc-49d1-b9e7-3a69dcc23a2c: start LeaderState
2019-09-05 09:13:05,315 [527ba554-0cdc-49d1-b9e7-3a69dcc23a2c:group-CACDFB05E34A:LeaderElection2] INFO  segmented.SegmentedRaftLogWorker (SegmentedRaftLogWorker.java:startLogSegment(380)) - 527ba554-0cdc-49d1-b9e7-3a69dcc23a2c-SegmentedRaftLogWorker:Storage Directory /workdir/hadoop-ozone/integration-test/target/test-dir/MiniOzoneClusterImpl-2067a7df-0bd0-4e68-a777-bbcd763ebdf2/datanode-4/data/ratis/2fd8da09-370d-4ad6-84ca-cacdfb05e34a: Starting segment from index:0
2019-09-05 09:13:05,316 [527ba554-0cdc-49d1-b9e7-3a69dcc23a2c:group-CACDFB05E34A:LeaderElection2] INFO  impl.RaftServerImpl (ServerState.java:setRaftConf(361)) - 527ba554-0cdc-49d1-b9e7-3a69dcc23a2c:group-CACDFB05E34A set configuration 0: [527ba554-0cdc-49d1-b9e7-3a69dcc23a2c:192.168.69.66:34995], old=null at 0
2019-09-05 09:13:05,421 [afe4f488-87af-436a-a91b-00d083bcaf9f-SegmentedRaftLogWorker:Storage Directory /workdir/hadoop-ozone/integration-test/target/test-dir/MiniOzoneClusterImpl-2067a7df-0bd0-4e68-a777-bbcd763ebdf2/datanode-0/data/ratis/12684622-1cf6-476a-8c12-9601ab6d53bd] INFO  segmented.SegmentedRaftLogWorker (SegmentedRaftLogWorker.java:execute(569)) - afe4f488-87af-436a-a91b-00d083bcaf9f-SegmentedRaftLogWorker:Storage Directory /workdir/hadoop-ozone/integration-test/target/test-dir/MiniOzoneClusterImpl-2067a7df-0bd0-4e68-a777-bbcd763ebdf2/datanode-0/data/ratis/12684622-1cf6-476a-8c12-9601ab6d53bd: created new log segment /workdir/hadoop-ozone/integration-test/target/test-dir/MiniOzoneClusterImpl-2067a7df-0bd0-4e68-a777-bbcd763ebdf2/datanode-0/data/ratis/12684622-1cf6-476a-8c12-9601ab6d53bd/current/log_inprogress_0
2019-09-05 09:13:05,421 [527ba554-0cdc-49d1-b9e7-3a69dcc23a2c-SegmentedRaftLogWorker:Storage Directory /workdir/hadoop-ozone/integration-test/target/test-dir/MiniOzoneClusterImpl-2067a7df-0bd0-4e68-a777-bbcd763ebdf2/datanode-4/data/ratis/2fd8da09-370d-4ad6-84ca-cacdfb05e34a] INFO  segmented.SegmentedRaftLogWorker (SegmentedRaftLogWorker.java:execute(569)) - 527ba554-0cdc-49d1-b9e7-3a69dcc23a2c-SegmentedRaftLogWorker:Storage Directory /workdir/hadoop-ozone/integration-test/target/test-dir/MiniOzoneClusterImpl-2067a7df-0bd0-4e68-a777-bbcd763ebdf2/datanode-4/data/ratis/2fd8da09-370d-4ad6-84ca-cacdfb05e34a: created new log segment /workdir/hadoop-ozone/integration-test/target/test-dir/MiniOzoneClusterImpl-2067a7df-0bd0-4e68-a777-bbcd763ebdf2/datanode-4/data/ratis/2fd8da09-370d-4ad6-84ca-cacdfb05e34a/current/log_inprogress_0
2019-09-05 09:13:05,522 [Thread-248] INFO  impl.FollowerState (FollowerState.java:run(106)) - 6f15dda3-1033-4118-bbd5-e00bc2779eb3:group-1E0A9FCC5A76 changes to CANDIDATE, lastRpcTime:5025, electionTimeout:5023ms
2019-09-05 09:13:05,524 [Thread-248] INFO  impl.RoleInfo (RoleInfo.java:shutdownFollowerState(121)) - 6f15dda3-1033-4118-bbd5-e00bc2779eb3: shutdown FollowerState
2019-09-05 09:13:05,524 [Thread-248] INFO  impl.RaftServerImpl (RaftServerImpl.java:setRole(171)) - 6f15dda3-1033-4118-bbd5-e00bc2779eb3:group-1E0A9FCC5A76 changes role from FOLLOWER to CANDIDATE at term 0 for changeToCandidate
2019-09-05 09:13:05,525 [Thread-248] INFO  impl.RoleInfo (RoleInfo.java:updateAndGet(143)) - 6f15dda3-1033-4118-bbd5-e00bc2779eb3: start LeaderElection
2019-09-05 09:13:05,538 [Thread-245] INFO  impl.FollowerState (FollowerState.java:run(106)) - 74b14207-bfad-43c2-8870-3362b92740be:group-7138D2A4900A changes to CANDIDATE, lastRpcTime:5146, electionTimeout:5146ms
2019-09-05 09:13:05,546 [Thread-245] INFO  impl.RoleInfo (RoleInfo.java:shutdownFollowerState(121)) - 74b14207-bfad-43c2-8870-3362b92740be: shutdown FollowerState
2019-09-05 09:13:05,546 [Thread-245] INFO  impl.RaftServerImpl (RaftServerImpl.java:setRole(171)) - 74b14207-bfad-43c2-8870-3362b92740be:group-7138D2A4900A changes role from FOLLOWER to CANDIDATE at term 0 for changeToCandidate
2019-09-05 09:13:05,546 [Thread-245] INFO  impl.RoleInfo (RoleInfo.java:updateAndGet(143)) - 74b14207-bfad-43c2-8870-3362b92740be: start LeaderElection
2019-09-05 09:13:05,568 [6f15dda3-1033-4118-bbd5-e00bc2779eb3:group-1E0A9FCC5A76:LeaderElection3] INFO  impl.LeaderElection (LeaderElection.java:askForVotes(181)) - 6f15dda3-1033-4118-bbd5-e00bc2779eb3:group-1E0A9FCC5A76:LeaderElection3: begin an election at term 1 for -1: [6f15dda3-1033-4118-bbd5-e00bc2779eb3:192.168.69.66:35370], old=null
2019-09-05 09:13:05,568 [74b14207-bfad-43c2-8870-3362b92740be:group-7138D2A4900A:LeaderElection4] INFO  impl.LeaderElection (LeaderElection.java:askForVotes(181)) - 74b14207-bfad-43c2-8870-3362b92740be:group-7138D2A4900A:LeaderElection4: begin an election at term 1 for -1: [74b14207-bfad-43c2-8870-3362b92740be:192.168.69.66:43315], old=null
2019-09-05 09:13:05,570 [6f15dda3-1033-4118-bbd5-e00bc2779eb3:group-1E0A9FCC5A76:LeaderElection3] INFO  impl.RoleInfo (RoleInfo.java:shutdownLeaderElection(134)) - 6f15dda3-1033-4118-bbd5-e00bc2779eb3: shutdown LeaderElection
2019-09-05 09:13:05,570 [74b14207-bfad-43c2-8870-3362b92740be:group-7138D2A4900A:LeaderElection4] INFO  impl.RoleInfo (RoleInfo.java:shutdownLeaderElection(134)) - 74b14207-bfad-43c2-8870-3362b92740be: shutdown LeaderElection
2019-09-05 09:13:05,570 [6f15dda3-1033-4118-bbd5-e00bc2779eb3:group-1E0A9FCC5A76:LeaderElection3] INFO  impl.RaftServerImpl (RaftServerImpl.java:setRole(171)) - 6f15dda3-1033-4118-bbd5-e00bc2779eb3:group-1E0A9FCC5A76 changes role from CANDIDATE to LEADER at term 1 for changeToLeader
2019-09-05 09:13:05,571 [74b14207-bfad-43c2-8870-3362b92740be:group-7138D2A4900A:LeaderElection4] INFO  impl.RaftServerImpl (RaftServerImpl.java:setRole(171)) - 74b14207-bfad-43c2-8870-3362b92740be:group-7138D2A4900A changes role from CANDIDATE to LEADER at term 1 for changeToLeader
2019-09-05 09:13:05,571 [6f15dda3-1033-4118-bbd5-e00bc2779eb3:group-1E0A9FCC5A76:LeaderElection3] INFO  impl.RaftServerImpl (ServerState.java:setLeader(263)) - 6f15dda3-1033-4118-bbd5-e00bc2779eb3:group-1E0A9FCC5A76 change Leader from null to 6f15dda3-1033-4118-bbd5-e00bc2779eb3 at term 1 for becomeLeader, leader elected after 5078ms
2019-09-05 09:13:05,571 [74b14207-bfad-43c2-8870-3362b92740be:group-7138D2A4900A:LeaderElection4] INFO  impl.RaftServerImpl (ServerState.java:setLeader(263)) - 74b14207-bfad-43c2-8870-3362b92740be:group-7138D2A4900A change Leader from null to 74b14207-bfad-43c2-8870-3362b92740be at term 1 for becomeLeader, leader elected after 5186ms
2019-09-05 09:13:05,573 [6f15dda3-1033-4118-bbd5-e00bc2779eb3:group-1E0A9FCC5A76:LeaderElection3] INFO  server.RaftServerConfigKeys (ConfUtils.java:logGet(43)) - raft.server.staging.catchup.gap = 1000 (default)
2019-09-05 09:13:05,574 [74b14207-bfad-43c2-8870-3362b92740be:group-7138D2A4900A:LeaderElection4] INFO  server.RaftServerConfigKeys (ConfUtils.java:logGet(43)) - raft.server.staging.catchup.gap = 1000 (default)
2019-09-05 09:13:05,574 [6f15dda3-1033-4118-bbd5-e00bc2779eb3:group-1E0A9FCC5A76:LeaderElection3] INFO  server.RaftServerConfigKeys (ConfUtils.java:logGet(43)) - raft.server.rpc.sleep.time = 25ms (default)
2019-09-05 09:13:05,575 [74b14207-bfad-43c2-8870-3362b92740be:group-7138D2A4900A:LeaderElection4] INFO  server.RaftServerConfigKeys (ConfUtils.java:logGet(43)) - raft.server.rpc.sleep.time = 25ms (default)
2019-09-05 09:13:05,575 [6f15dda3-1033-4118-bbd5-e00bc2779eb3:group-1E0A9FCC5A76:LeaderElection3] INFO  server.RaftServerConfigKeys (ConfUtils.java:logGet(43)) - raft.server.write.element-limit = 4096 (default)
2019-09-05 09:13:05,575 [74b14207-bfad-43c2-8870-3362b92740be:group-7138D2A4900A:LeaderElection4] INFO  server.RaftServerConfigKeys (ConfUtils.java:logGet(43)) - raft.server.write.element-limit = 4096 (default)
2019-09-05 09:13:05,575 [6f15dda3-1033-4118-bbd5-e00bc2779eb3:group-1E0A9FCC5A76:LeaderElection3] INFO  server.RaftServerConfigKeys (ConfUtils.java:logGet(43)) - raft.server.watch.timeout = 10s (default)
2019-09-05 09:13:05,575 [74b14207-bfad-43c2-8870-3362b92740be:group-7138D2A4900A:LeaderElection4] INFO  server.RaftServerConfigKeys (ConfUtils.java:logGet(43)) - raft.server.watch.timeout = 10s (default)
2019-09-05 09:13:05,576 [6f15dda3-1033-4118-bbd5-e00bc2779eb3:group-1E0A9FCC5A76:LeaderElection3] INFO  server.RaftServerConfigKeys (ConfUtils.java:logGet(43)) - raft.server.watch.timeout.denomination = 1s (default)
2019-09-05 09:13:05,576 [74b14207-bfad-43c2-8870-3362b92740be:group-7138D2A4900A:LeaderElection4] INFO  server.RaftServerConfigKeys (ConfUtils.java:logGet(43)) - raft.server.watch.timeout.denomination = 1s (default)
2019-09-05 09:13:05,576 [6f15dda3-1033-4118-bbd5-e00bc2779eb3:group-1E0A9FCC5A76:LeaderElection3] INFO  server.RaftServerConfigKeys (ConfUtils.java:logGet(43)) - raft.server.watch.element-limit = 65536 (default)
2019-09-05 09:13:05,576 [74b14207-bfad-43c2-8870-3362b92740be:group-7138D2A4900A:LeaderElection4] INFO  server.RaftServerConfigKeys (ConfUtils.java:logGet(43)) - raft.server.watch.element-limit = 65536 (default)
2019-09-05 09:13:05,578 [6f15dda3-1033-4118-bbd5-e00bc2779eb3:group-1E0A9FCC5A76:LeaderElection3] INFO  impl.RoleInfo (RoleInfo.java:updateAndGet(143)) - 6f15dda3-1033-4118-bbd5-e00bc2779eb3: start LeaderState
2019-09-05 09:13:05,578 [74b14207-bfad-43c2-8870-3362b92740be:group-7138D2A4900A:LeaderElection4] INFO  impl.RoleInfo (RoleInfo.java:updateAndGet(143)) - 74b14207-bfad-43c2-8870-3362b92740be: start LeaderState
2019-09-05 09:13:05,578 [6f15dda3-1033-4118-bbd5-e00bc2779eb3:group-1E0A9FCC5A76:LeaderElection3] INFO  segmented.SegmentedRaftLogWorker (SegmentedRaftLogWorker.java:startLogSegment(380)) - 6f15dda3-1033-4118-bbd5-e00bc2779eb3-SegmentedRaftLogWorker:Storage Directory /workdir/hadoop-ozone/integration-test/target/test-dir/MiniOzoneClusterImpl-2067a7df-0bd0-4e68-a777-bbcd763ebdf2/datanode-6/data/ratis/3b80c5e4-b7d5-4712-85a5-1e0a9fcc5a76: Starting segment from index:0
2019-09-05 09:13:05,579 [74b14207-bfad-43c2-8870-3362b92740be:group-7138D2A4900A:LeaderElection4] INFO  segmented.SegmentedRaftLogWorker (SegmentedRaftLogWorker.java:startLogSegment(380)) - 74b14207-bfad-43c2-8870-3362b92740be-SegmentedRaftLogWorker:Storage Directory /workdir/hadoop-ozone/integration-test/target/test-dir/MiniOzoneClusterImpl-2067a7df-0bd0-4e68-a777-bbcd763ebdf2/datanode-5/data/ratis/d9de7a7f-c4d7-4063-b188-7138d2a4900a: Starting segment from index:0
2019-09-05 09:13:05,579 [6f15dda3-1033-4118-bbd5-e00bc2779eb3:group-1E0A9FCC5A76:LeaderElection3] INFO  impl.RaftServerImpl (ServerState.java:setRaftConf(361)) - 6f15dda3-1033-4118-bbd5-e00bc2779eb3:group-1E0A9FCC5A76 set configuration 0: [6f15dda3-1033-4118-bbd5-e00bc2779eb3:192.168.69.66:35370], old=null at 0
2019-09-05 09:13:05,622 [74b14207-bfad-43c2-8870-3362b92740be:group-7138D2A4900A:LeaderElection4] INFO  impl.RaftServerImpl (ServerState.java:setRaftConf(361)) - 74b14207-bfad-43c2-8870-3362b92740be:group-7138D2A4900A set configuration 0: [74b14207-bfad-43c2-8870-3362b92740be:192.168.69.66:43315], old=null at 0
2019-09-05 09:13:05,638 [grpc-default-executor-1] INFO  client.GrpcClientProtocolClient (GrpcClientProtocolClient.java:onNext(255)) - client-A679407C5E1E->9925e697-233b-49ae-b622-0cc1839cd635: receive RaftClientReply:client-A679407C5E1E->9925e697-233b-49ae-b622-0cc1839cd635@group-0C4BBA31F7F7, cid=13, FAILED org.apache.ratis.protocol.NotLeaderException: Server 9925e697-233b-49ae-b622-0cc1839cd635 is not the leader (null). Request must be sent to leader., logIndex=0, commits[9925e697-233b-49ae-b622-0cc1839cd635:c-1]
2019-09-05 09:13:05,659 [6f15dda3-1033-4118-bbd5-e00bc2779eb3-SegmentedRaftLogWorker:Storage Directory /workdir/hadoop-ozone/integration-test/target/test-dir/MiniOzoneClusterImpl-2067a7df-0bd0-4e68-a777-bbcd763ebdf2/datanode-6/data/ratis/3b80c5e4-b7d5-4712-85a5-1e0a9fcc5a76] INFO  segmented.SegmentedRaftLogWorker (SegmentedRaftLogWorker.java:execute(569)) - 6f15dda3-1033-4118-bbd5-e00bc2779eb3-SegmentedRaftLogWorker:Storage Directory /workdir/hadoop-ozone/integration-test/target/test-dir/MiniOzoneClusterImpl-2067a7df-0bd0-4e68-a777-bbcd763ebdf2/datanode-6/data/ratis/3b80c5e4-b7d5-4712-85a5-1e0a9fcc5a76: created new log segment /workdir/hadoop-ozone/integration-test/target/test-dir/MiniOzoneClusterImpl-2067a7df-0bd0-4e68-a777-bbcd763ebdf2/datanode-6/data/ratis/3b80c5e4-b7d5-4712-85a5-1e0a9fcc5a76/current/log_inprogress_0
2019-09-05 09:13:05,659 [74b14207-bfad-43c2-8870-3362b92740be-SegmentedRaftLogWorker:Storage Directory /workdir/hadoop-ozone/integration-test/target/test-dir/MiniOzoneClusterImpl-2067a7df-0bd0-4e68-a777-bbcd763ebdf2/datanode-5/data/ratis/d9de7a7f-c4d7-4063-b188-7138d2a4900a] INFO  segmented.SegmentedRaftLogWorker (SegmentedRaftLogWorker.java:execute(569)) - 74b14207-bfad-43c2-8870-3362b92740be-SegmentedRaftLogWorker:Storage Directory /workdir/hadoop-ozone/integration-test/target/test-dir/MiniOzoneClusterImpl-2067a7df-0bd0-4e68-a777-bbcd763ebdf2/datanode-5/data/ratis/d9de7a7f-c4d7-4063-b188-7138d2a4900a: created new log segment /workdir/hadoop-ozone/integration-test/target/test-dir/MiniOzoneClusterImpl-2067a7df-0bd0-4e68-a777-bbcd763ebdf2/datanode-5/data/ratis/d9de7a7f-c4d7-4063-b188-7138d2a4900a/current/log_inprogress_0
2019-09-05 09:13:05,672 | INFO  | SCMAudit | user=jenkins1000 | ip=192.168.69.66 | op=SEND_HEARTBEAT {datanodeUUID=b742561a-6a32-4271-84e4-b9553f9c6759, command=[]} | ret=SUCCESS |  
2019-09-05 09:13:05,687 | INFO  | SCMAudit | user=jenkins1000 | ip=192.168.69.66 | op=SEND_HEARTBEAT {datanodeUUID=9925e697-233b-49ae-b622-0cc1839cd635, command=[]} | ret=SUCCESS |  
2019-09-05 09:13:05,795 [Thread-251] INFO  impl.FollowerState (FollowerState.java:run(106)) - b7723663-b5a7-4cec-8abb-1432ee42201a:group-88EB7CE59053 changes to CANDIDATE, lastRpcTime:5187, electionTimeout:5187ms
2019-09-05 09:13:05,798 [Thread-251] INFO  impl.RoleInfo (RoleInfo.java:shutdownFollowerState(121)) - b7723663-b5a7-4cec-8abb-1432ee42201a: shutdown FollowerState
2019-09-05 09:13:05,798 [Thread-251] INFO  impl.RaftServerImpl (RaftServerImpl.java:setRole(171)) - b7723663-b5a7-4cec-8abb-1432ee42201a:group-88EB7CE59053 changes role from FOLLOWER to CANDIDATE at term 0 for changeToCandidate
2019-09-05 09:13:05,798 [Thread-251] INFO  impl.RoleInfo (RoleInfo.java:updateAndGet(143)) - b7723663-b5a7-4cec-8abb-1432ee42201a: start LeaderElection
2019-09-05 09:13:05,803 [Thread-254] INFO  impl.FollowerState (FollowerState.java:run(106)) - 9925e697-233b-49ae-b622-0cc1839cd635:group-4E02FD02EC24 changes to CANDIDATE, lastRpcTime:5095, electionTimeout:5092ms
2019-09-05 09:13:05,805 [Thread-254] INFO  impl.RoleInfo (RoleInfo.java:shutdownFollowerState(121)) - 9925e697-233b-49ae-b622-0cc1839cd635: shutdown FollowerState
2019-09-05 09:13:05,805 [Thread-254] INFO  impl.RaftServerImpl (RaftServerImpl.java:setRole(171)) - 9925e697-233b-49ae-b622-0cc1839cd635:group-4E02FD02EC24 changes role from FOLLOWER to CANDIDATE at term 0 for changeToCandidate
2019-09-05 09:13:05,806 [Thread-254] INFO  impl.RoleInfo (RoleInfo.java:updateAndGet(143)) - 9925e697-233b-49ae-b622-0cc1839cd635: start LeaderElection
2019-09-05 09:13:05,812 | INFO  | SCMAudit | user=jenkins1000 | ip=192.168.69.66 | op=SEND_HEARTBEAT {datanodeUUID=527ba554-0cdc-49d1-b9e7-3a69dcc23a2c, command=[]} | ret=SUCCESS |  
2019-09-05 09:13:05,824 [b7723663-b5a7-4cec-8abb-1432ee42201a:group-88EB7CE59053:LeaderElection5] INFO  impl.LeaderElection (LeaderElection.java:askForVotes(181)) - b7723663-b5a7-4cec-8abb-1432ee42201a:group-88EB7CE59053:LeaderElection5: begin an election at term 1 for -1: [b7723663-b5a7-4cec-8abb-1432ee42201a:192.168.69.66:45839], old=null
2019-09-05 09:13:05,824 [9925e697-233b-49ae-b622-0cc1839cd635:group-4E02FD02EC24:LeaderElection6] INFO  impl.LeaderElection (LeaderElection.java:askForVotes(181)) - 9925e697-233b-49ae-b622-0cc1839cd635:group-4E02FD02EC24:LeaderElection6: begin an election at term 1 for -1: [9925e697-233b-49ae-b622-0cc1839cd635:192.168.69.66:39635], old=null
2019-09-05 09:13:05,824 [b7723663-b5a7-4cec-8abb-1432ee42201a:group-88EB7CE59053:LeaderElection5] INFO  impl.RoleInfo (RoleInfo.java:shutdownLeaderElection(134)) - b7723663-b5a7-4cec-8abb-1432ee42201a: shutdown LeaderElection
2019-09-05 09:13:05,825 [9925e697-233b-49ae-b622-0cc1839cd635:group-4E02FD02EC24:LeaderElection6] INFO  impl.RoleInfo (RoleInfo.java:shutdownLeaderElection(134)) - 9925e697-233b-49ae-b622-0cc1839cd635: shutdown LeaderElection
2019-09-05 09:13:05,825 [b7723663-b5a7-4cec-8abb-1432ee42201a:group-88EB7CE59053:LeaderElection5] INFO  impl.RaftServerImpl (RaftServerImpl.java:setRole(171)) - b7723663-b5a7-4cec-8abb-1432ee42201a:group-88EB7CE59053 changes role from CANDIDATE to LEADER at term 1 for changeToLeader
2019-09-05 09:13:05,825 [9925e697-233b-49ae-b622-0cc1839cd635:group-4E02FD02EC24:LeaderElection6] INFO  impl.RaftServerImpl (RaftServerImpl.java:setRole(171)) - 9925e697-233b-49ae-b622-0cc1839cd635:group-4E02FD02EC24 changes role from CANDIDATE to LEADER at term 1 for changeToLeader
2019-09-05 09:13:05,825 [b7723663-b5a7-4cec-8abb-1432ee42201a:group-88EB7CE59053:LeaderElection5] INFO  impl.RaftServerImpl (ServerState.java:setLeader(263)) - b7723663-b5a7-4cec-8abb-1432ee42201a:group-88EB7CE59053 change Leader from null to b7723663-b5a7-4cec-8abb-1432ee42201a at term 1 for becomeLeader, leader elected after 5222ms
2019-09-05 09:13:05,825 [9925e697-233b-49ae-b622-0cc1839cd635:group-4E02FD02EC24:LeaderElection6] INFO  impl.RaftServerImpl (ServerState.java:setLeader(263)) - 9925e697-233b-49ae-b622-0cc1839cd635:group-4E02FD02EC24 change Leader from null to 9925e697-233b-49ae-b622-0cc1839cd635 at term 1 for becomeLeader, leader elected after 5121ms
2019-09-05 09:13:05,827 [b7723663-b5a7-4cec-8abb-1432ee42201a:group-88EB7CE59053:LeaderElection5] INFO  server.RaftServerConfigKeys (ConfUtils.java:logGet(43)) - raft.server.staging.catchup.gap = 1000 (default)
2019-09-05 09:13:05,828 [9925e697-233b-49ae-b622-0cc1839cd635:group-4E02FD02EC24:LeaderElection6] INFO  server.RaftServerConfigKeys (ConfUtils.java:logGet(43)) - raft.server.staging.catchup.gap = 1000 (default)
2019-09-05 09:13:05,829 [b7723663-b5a7-4cec-8abb-1432ee42201a:group-88EB7CE59053:LeaderElection5] INFO  server.RaftServerConfigKeys (ConfUtils.java:logGet(43)) - raft.server.rpc.sleep.time = 25ms (default)
2019-09-05 09:13:05,829 [9925e697-233b-49ae-b622-0cc1839cd635:group-4E02FD02EC24:LeaderElection6] INFO  server.RaftServerConfigKeys (ConfUtils.java:logGet(43)) - raft.server.rpc.sleep.time = 25ms (default)
2019-09-05 09:13:05,829 [b7723663-b5a7-4cec-8abb-1432ee42201a:group-88EB7CE59053:LeaderElection5] INFO  server.RaftServerConfigKeys (ConfUtils.java:logGet(43)) - raft.server.write.element-limit = 4096 (default)
2019-09-05 09:13:05,829 [9925e697-233b-49ae-b622-0cc1839cd635:group-4E02FD02EC24:LeaderElection6] INFO  server.RaftServerConfigKeys (ConfUtils.java:logGet(43)) - raft.server.write.element-limit = 4096 (default)
2019-09-05 09:13:05,829 [b7723663-b5a7-4cec-8abb-1432ee42201a:group-88EB7CE59053:LeaderElection5] INFO  server.RaftServerConfigKeys (ConfUtils.java:logGet(43)) - raft.server.watch.timeout = 10s (default)
2019-09-05 09:13:05,829 [9925e697-233b-49ae-b622-0cc1839cd635:group-4E02FD02EC24:LeaderElection6] INFO  server.RaftServerConfigKeys (ConfUtils.java:logGet(43)) - raft.server.watch.timeout = 10s (default)
2019-09-05 09:13:05,830 [b7723663-b5a7-4cec-8abb-1432ee42201a:group-88EB7CE59053:LeaderElection5] INFO  server.RaftServerConfigKeys (ConfUtils.java:logGet(43)) - raft.server.watch.timeout.denomination = 1s (default)
2019-09-05 09:13:05,830 [9925e697-233b-49ae-b622-0cc1839cd635:group-4E02FD02EC24:LeaderElection6] INFO  server.RaftServerConfigKeys (ConfUtils.java:logGet(43)) - raft.server.watch.timeout.denomination = 1s (default)
2019-09-05 09:13:05,830 [b7723663-b5a7-4cec-8abb-1432ee42201a:group-88EB7CE59053:LeaderElection5] INFO  server.RaftServerConfigKeys (ConfUtils.java:logGet(43)) - raft.server.watch.element-limit = 65536 (default)
2019-09-05 09:13:05,830 [9925e697-233b-49ae-b622-0cc1839cd635:group-4E02FD02EC24:LeaderElection6] INFO  server.RaftServerConfigKeys (ConfUtils.java:logGet(43)) - raft.server.watch.element-limit = 65536 (default)
2019-09-05 09:13:05,830 [b7723663-b5a7-4cec-8abb-1432ee42201a:group-88EB7CE59053:LeaderElection5] INFO  impl.RoleInfo (RoleInfo.java:updateAndGet(143)) - b7723663-b5a7-4cec-8abb-1432ee42201a: start LeaderState
2019-09-05 09:13:05,831 [9925e697-233b-49ae-b622-0cc1839cd635:group-4E02FD02EC24:LeaderElection6] INFO  impl.RoleInfo (RoleInfo.java:updateAndGet(143)) - 9925e697-233b-49ae-b622-0cc1839cd635: start LeaderState
2019-09-05 09:13:05,831 [b7723663-b5a7-4cec-8abb-1432ee42201a:group-88EB7CE59053:LeaderElection5] INFO  segmented.SegmentedRaftLogWorker (SegmentedRaftLogWorker.java:startLogSegment(380)) - b7723663-b5a7-4cec-8abb-1432ee42201a-SegmentedRaftLogWorker:Storage Directory /workdir/hadoop-ozone/integration-test/target/test-dir/MiniOzoneClusterImpl-2067a7df-0bd0-4e68-a777-bbcd763ebdf2/datanode-1/data/ratis/ca9742b2-ea55-4cb3-80b4-88eb7ce59053: Starting segment from index:0
2019-09-05 09:13:05,831 [9925e697-233b-49ae-b622-0cc1839cd635:group-4E02FD02EC24:LeaderElection6] INFO  segmented.SegmentedRaftLogWorker (SegmentedRaftLogWorker.java:startLogSegment(380)) - 9925e697-233b-49ae-b622-0cc1839cd635-SegmentedRaftLogWorker:Storage Directory /workdir/hadoop-ozone/integration-test/target/test-dir/MiniOzoneClusterImpl-2067a7df-0bd0-4e68-a777-bbcd763ebdf2/datanode-2/data/ratis/0272b8a5-0821-4454-802b-4e02fd02ec24: Starting segment from index:0
2019-09-05 09:13:05,831 [b7723663-b5a7-4cec-8abb-1432ee42201a:group-88EB7CE59053:LeaderElection5] INFO  impl.RaftServerImpl (ServerState.java:setRaftConf(361)) - b7723663-b5a7-4cec-8abb-1432ee42201a:group-88EB7CE59053 set configuration 0: [b7723663-b5a7-4cec-8abb-1432ee42201a:192.168.69.66:45839], old=null at 0
2019-09-05 09:13:05,867 [9925e697-233b-49ae-b622-0cc1839cd635:group-4E02FD02EC24:LeaderElection6] INFO  impl.RaftServerImpl (ServerState.java:setRaftConf(361)) - 9925e697-233b-49ae-b622-0cc1839cd635:group-4E02FD02EC24 set configuration 0: [9925e697-233b-49ae-b622-0cc1839cd635:192.168.69.66:39635], old=null at 0
2019-09-05 09:13:05,870 | INFO  | SCMAudit | user=jenkins1000 | ip=192.168.69.66 | op=SEND_HEARTBEAT {datanodeUUID=afe4f488-87af-436a-a91b-00d083bcaf9f, command=[]} | ret=SUCCESS |  
2019-09-05 09:13:05,885 [9925e697-233b-49ae-b622-0cc1839cd635-SegmentedRaftLogWorker:Storage Directory /workdir/hadoop-ozone/integration-test/target/test-dir/MiniOzoneClusterImpl-2067a7df-0bd0-4e68-a777-bbcd763ebdf2/datanode-2/data/ratis/0272b8a5-0821-4454-802b-4e02fd02ec24] INFO  segmented.SegmentedRaftLogWorker (SegmentedRaftLogWorker.java:execute(569)) - 9925e697-233b-49ae-b622-0cc1839cd635-SegmentedRaftLogWorker:Storage Directory /workdir/hadoop-ozone/integration-test/target/test-dir/MiniOzoneClusterImpl-2067a7df-0bd0-4e68-a777-bbcd763ebdf2/datanode-2/data/ratis/0272b8a5-0821-4454-802b-4e02fd02ec24: created new log segment /workdir/hadoop-ozone/integration-test/target/test-dir/MiniOzoneClusterImpl-2067a7df-0bd0-4e68-a777-bbcd763ebdf2/datanode-2/data/ratis/0272b8a5-0821-4454-802b-4e02fd02ec24/current/log_inprogress_0
2019-09-05 09:13:05,885 [b7723663-b5a7-4cec-8abb-1432ee42201a-SegmentedRaftLogWorker:Storage Directory /workdir/hadoop-ozone/integration-test/target/test-dir/MiniOzoneClusterImpl-2067a7df-0bd0-4e68-a777-bbcd763ebdf2/datanode-1/data/ratis/ca9742b2-ea55-4cb3-80b4-88eb7ce59053] INFO  segmented.SegmentedRaftLogWorker (SegmentedRaftLogWorker.java:execute(569)) - b7723663-b5a7-4cec-8abb-1432ee42201a-SegmentedRaftLogWorker:Storage Directory /workdir/hadoop-ozone/integration-test/target/test-dir/MiniOzoneClusterImpl-2067a7df-0bd0-4e68-a777-bbcd763ebdf2/datanode-1/data/ratis/ca9742b2-ea55-4cb3-80b4-88eb7ce59053: created new log segment /workdir/hadoop-ozone/integration-test/target/test-dir/MiniOzoneClusterImpl-2067a7df-0bd0-4e68-a777-bbcd763ebdf2/datanode-1/data/ratis/ca9742b2-ea55-4cb3-80b4-88eb7ce59053/current/log_inprogress_0
2019-09-05 09:13:06,012 [Thread-258] INFO  impl.FollowerState (FollowerState.java:run(106)) - b742561a-6a32-4271-84e4-b9553f9c6759:group-6E88AAF486D4 changes to CANDIDATE, lastRpcTime:5141, electionTimeout:5141ms
2019-09-05 09:13:06,015 [Thread-258] INFO  impl.RoleInfo (RoleInfo.java:shutdownFollowerState(121)) - b742561a-6a32-4271-84e4-b9553f9c6759: shutdown FollowerState
2019-09-05 09:13:06,015 [Thread-258] INFO  impl.RaftServerImpl (RaftServerImpl.java:setRole(171)) - b742561a-6a32-4271-84e4-b9553f9c6759:group-6E88AAF486D4 changes role from FOLLOWER to CANDIDATE at term 0 for changeToCandidate
2019-09-05 09:13:06,015 [Thread-258] INFO  impl.RoleInfo (RoleInfo.java:updateAndGet(143)) - b742561a-6a32-4271-84e4-b9553f9c6759: start LeaderElection
2019-09-05 09:13:06,036 [b742561a-6a32-4271-84e4-b9553f9c6759:group-6E88AAF486D4:LeaderElection7] INFO  impl.LeaderElection (LeaderElection.java:askForVotes(181)) - b742561a-6a32-4271-84e4-b9553f9c6759:group-6E88AAF486D4:LeaderElection7: begin an election at term 1 for -1: [b742561a-6a32-4271-84e4-b9553f9c6759:192.168.69.66:42969], old=null
2019-09-05 09:13:06,038 [b742561a-6a32-4271-84e4-b9553f9c6759:group-6E88AAF486D4:LeaderElection7] INFO  impl.RoleInfo (RoleInfo.java:shutdownLeaderElection(134)) - b742561a-6a32-4271-84e4-b9553f9c6759: shutdown LeaderElection
2019-09-05 09:13:06,038 [b742561a-6a32-4271-84e4-b9553f9c6759:group-6E88AAF486D4:LeaderElection7] INFO  impl.RaftServerImpl (RaftServerImpl.java:setRole(171)) - b742561a-6a32-4271-84e4-b9553f9c6759:group-6E88AAF486D4 changes role from CANDIDATE to LEADER at term 1 for changeToLeader
2019-09-05 09:13:06,038 [b742561a-6a32-4271-84e4-b9553f9c6759:group-6E88AAF486D4:LeaderElection7] INFO  impl.RaftServerImpl (ServerState.java:setLeader(263)) - b742561a-6a32-4271-84e4-b9553f9c6759:group-6E88AAF486D4 change Leader from null to b742561a-6a32-4271-84e4-b9553f9c6759 at term 1 for becomeLeader, leader elected after 5170ms
2019-09-05 09:13:06,039 [b742561a-6a32-4271-84e4-b9553f9c6759:group-6E88AAF486D4:LeaderElection7] INFO  server.RaftServerConfigKeys (ConfUtils.java:logGet(43)) - raft.server.staging.catchup.gap = 1000 (default)
2019-09-05 09:13:06,039 [b742561a-6a32-4271-84e4-b9553f9c6759:group-6E88AAF486D4:LeaderElection7] INFO  server.RaftServerConfigKeys (ConfUtils.java:logGet(43)) - raft.server.rpc.sleep.time = 25ms (default)
2019-09-05 09:13:06,039 [b742561a-6a32-4271-84e4-b9553f9c6759:group-6E88AAF486D4:LeaderElection7] INFO  server.RaftServerConfigKeys (ConfUtils.java:logGet(43)) - raft.server.write.element-limit = 4096 (default)
2019-09-05 09:13:06,040 [b742561a-6a32-4271-84e4-b9553f9c6759:group-6E88AAF486D4:LeaderElection7] INFO  server.RaftServerConfigKeys (ConfUtils.java:logGet(43)) - raft.server.watch.timeout = 10s (default)
2019-09-05 09:13:06,040 [b742561a-6a32-4271-84e4-b9553f9c6759:group-6E88AAF486D4:LeaderElection7] INFO  server.RaftServerConfigKeys (ConfUtils.java:logGet(43)) - raft.server.watch.timeout.denomination = 1s (default)
2019-09-05 09:13:06,040 [b742561a-6a32-4271-84e4-b9553f9c6759:group-6E88AAF486D4:LeaderElection7] INFO  server.RaftServerConfigKeys (ConfUtils.java:logGet(43)) - raft.server.watch.element-limit = 65536 (default)
2019-09-05 09:13:06,040 [b742561a-6a32-4271-84e4-b9553f9c6759:group-6E88AAF486D4:LeaderElection7] INFO  impl.RoleInfo (RoleInfo.java:updateAndGet(143)) - b742561a-6a32-4271-84e4-b9553f9c6759: start LeaderState
2019-09-05 09:13:06,040 [b742561a-6a32-4271-84e4-b9553f9c6759:group-6E88AAF486D4:LeaderElection7] INFO  segmented.SegmentedRaftLogWorker (SegmentedRaftLogWorker.java:startLogSegment(380)) - b742561a-6a32-4271-84e4-b9553f9c6759-SegmentedRaftLogWorker:Storage Directory /workdir/hadoop-ozone/integration-test/target/test-dir/MiniOzoneClusterImpl-2067a7df-0bd0-4e68-a777-bbcd763ebdf2/datanode-3/data/ratis/dffb1b8e-7a3d-4046-8b8d-6e88aaf486d4: Starting segment from index:0
2019-09-05 09:13:06,041 [b742561a-6a32-4271-84e4-b9553f9c6759:group-6E88AAF486D4:LeaderElection7] INFO  impl.RaftServerImpl (ServerState.java:setRaftConf(361)) - b742561a-6a32-4271-84e4-b9553f9c6759:group-6E88AAF486D4 set configuration 0: [b742561a-6a32-4271-84e4-b9553f9c6759:192.168.69.66:42969], old=null at 0
2019-09-05 09:13:06,071 | INFO  | SCMAudit | user=jenkins1000 | ip=192.168.69.66 | op=SEND_HEARTBEAT {datanodeUUID=74b14207-bfad-43c2-8870-3362b92740be, command=[]} | ret=SUCCESS |  
2019-09-05 09:13:06,100 [b742561a-6a32-4271-84e4-b9553f9c6759-SegmentedRaftLogWorker:Storage Directory /workdir/hadoop-ozone/integration-test/target/test-dir/MiniOzoneClusterImpl-2067a7df-0bd0-4e68-a777-bbcd763ebdf2/datanode-3/data/ratis/dffb1b8e-7a3d-4046-8b8d-6e88aaf486d4] INFO  segmented.SegmentedRaftLogWorker (SegmentedRaftLogWorker.java:execute(569)) - b742561a-6a32-4271-84e4-b9553f9c6759-SegmentedRaftLogWorker:Storage Directory /workdir/hadoop-ozone/integration-test/target/test-dir/MiniOzoneClusterImpl-2067a7df-0bd0-4e68-a777-bbcd763ebdf2/datanode-3/data/ratis/dffb1b8e-7a3d-4046-8b8d-6e88aaf486d4: created new log segment /workdir/hadoop-ozone/integration-test/target/test-dir/MiniOzoneClusterImpl-2067a7df-0bd0-4e68-a777-bbcd763ebdf2/datanode-3/data/ratis/dffb1b8e-7a3d-4046-8b8d-6e88aaf486d4/current/log_inprogress_0
2019-09-05 09:13:06,105 | INFO  | SCMAudit | user=jenkins1000 | ip=192.168.69.66 | op=SEND_HEARTBEAT {datanodeUUID=b7723663-b5a7-4cec-8abb-1432ee42201a, command=[]} | ret=SUCCESS |  
2019-09-05 09:13:06,138 [Thread-268] INFO  impl.FollowerState (FollowerState.java:run(106)) - afe4f488-87af-436a-a91b-00d083bcaf9f:group-94041074BC02 changes to CANDIDATE, lastRpcTime:5128, electionTimeout:5128ms
2019-09-05 09:13:06,138 [Thread-268] INFO  impl.RoleInfo (RoleInfo.java:shutdownFollowerState(121)) - afe4f488-87af-436a-a91b-00d083bcaf9f: shutdown FollowerState
2019-09-05 09:13:06,138 [Thread-268] INFO  impl.RaftServerImpl (RaftServerImpl.java:setRole(171)) - afe4f488-87af-436a-a91b-00d083bcaf9f:group-94041074BC02 changes role from FOLLOWER to CANDIDATE at term 0 for changeToCandidate
2019-09-05 09:13:06,138 [Thread-268] INFO  impl.RoleInfo (RoleInfo.java:updateAndGet(143)) - afe4f488-87af-436a-a91b-00d083bcaf9f: start LeaderElection
2019-09-05 09:13:06,161 [Thread-274] INFO  impl.FollowerState (FollowerState.java:run(106)) - 9925e697-233b-49ae-b622-0cc1839cd635:group-0C4BBA31F7F7 changes to CANDIDATE, lastRpcTime:5032, electionTimeout:5032ms
2019-09-05 09:13:06,164 [Thread-274] INFO  impl.RoleInfo (RoleInfo.java:shutdownFollowerState(121)) - 9925e697-233b-49ae-b622-0cc1839cd635: shutdown FollowerState
2019-09-05 09:13:06,164 [Thread-274] INFO  impl.RaftServerImpl (RaftServerImpl.java:setRole(171)) - 9925e697-233b-49ae-b622-0cc1839cd635:group-0C4BBA31F7F7 changes role from FOLLOWER to CANDIDATE at term 0 for changeToCandidate
2019-09-05 09:13:06,164 [Thread-274] INFO  impl.RoleInfo (RoleInfo.java:updateAndGet(143)) - 9925e697-233b-49ae-b622-0cc1839cd635: start LeaderElection
2019-09-05 09:13:06,168 [afe4f488-87af-436a-a91b-00d083bcaf9f:group-94041074BC02:LeaderElection8] INFO  impl.LeaderElection (LeaderElection.java:askForVotes(181)) - afe4f488-87af-436a-a91b-00d083bcaf9f:group-94041074BC02:LeaderElection8: begin an election at term 1 for -1: [afe4f488-87af-436a-a91b-00d083bcaf9f:192.168.69.66:37081, 527ba554-0cdc-49d1-b9e7-3a69dcc23a2c:192.168.69.66:34995, 74b14207-bfad-43c2-8870-3362b92740be:192.168.69.66:43315], old=null
2019-09-05 09:13:06,173 [Thread-264] INFO  impl.FollowerState (FollowerState.java:run(106)) - 527ba554-0cdc-49d1-b9e7-3a69dcc23a2c:group-94041074BC02 changes to CANDIDATE, lastRpcTime:5164, electionTimeout:5164ms
2019-09-05 09:13:06,173 [Thread-264] INFO  impl.RoleInfo (RoleInfo.java:shutdownFollowerState(121)) - 527ba554-0cdc-49d1-b9e7-3a69dcc23a2c: shutdown FollowerState
2019-09-05 09:13:06,173 [Thread-264] INFO  impl.RaftServerImpl (RaftServerImpl.java:setRole(171)) - 527ba554-0cdc-49d1-b9e7-3a69dcc23a2c:group-94041074BC02 changes role from FOLLOWER to CANDIDATE at term 0 for changeToCandidate
2019-09-05 09:13:06,173 [Thread-264] INFO  impl.RoleInfo (RoleInfo.java:updateAndGet(143)) - 527ba554-0cdc-49d1-b9e7-3a69dcc23a2c: start LeaderElection
2019-09-05 09:13:06,195 [Thread-262] INFO  impl.FollowerState (FollowerState.java:run(106)) - 74b14207-bfad-43c2-8870-3362b92740be:group-94041074BC02 changes to CANDIDATE, lastRpcTime:5187, electionTimeout:5182ms
2019-09-05 09:13:06,195 [9925e697-233b-49ae-b622-0cc1839cd635:group-0C4BBA31F7F7:LeaderElection9] INFO  impl.LeaderElection (LeaderElection.java:askForVotes(181)) - 9925e697-233b-49ae-b622-0cc1839cd635:group-0C4BBA31F7F7:LeaderElection9: begin an election at term 1 for -1: [9925e697-233b-49ae-b622-0cc1839cd635:192.168.69.66:39635, b7723663-b5a7-4cec-8abb-1432ee42201a:192.168.69.66:45839, 6f15dda3-1033-4118-bbd5-e00bc2779eb3:192.168.69.66:35370], old=null
2019-09-05 09:13:06,195 [Thread-262] INFO  impl.RoleInfo (RoleInfo.java:shutdownFollowerState(121)) - 74b14207-bfad-43c2-8870-3362b92740be: shutdown FollowerState
2019-09-05 09:13:06,195 [Thread-262] INFO  impl.RaftServerImpl (RaftServerImpl.java:setRole(171)) - 74b14207-bfad-43c2-8870-3362b92740be:group-94041074BC02 changes role from FOLLOWER to CANDIDATE at term 0 for changeToCandidate
2019-09-05 09:13:06,196 [Thread-262] INFO  impl.RoleInfo (RoleInfo.java:updateAndGet(143)) - 74b14207-bfad-43c2-8870-3362b92740be: start LeaderElection
2019-09-05 09:13:06,212 [527ba554-0cdc-49d1-b9e7-3a69dcc23a2c:group-94041074BC02:LeaderElection10] INFO  impl.LeaderElection (LeaderElection.java:askForVotes(181)) - 527ba554-0cdc-49d1-b9e7-3a69dcc23a2c:group-94041074BC02:LeaderElection10: begin an election at term 1 for -1: [afe4f488-87af-436a-a91b-00d083bcaf9f:192.168.69.66:37081, 527ba554-0cdc-49d1-b9e7-3a69dcc23a2c:192.168.69.66:34995, 74b14207-bfad-43c2-8870-3362b92740be:192.168.69.66:43315], old=null
2019-09-05 09:13:06,222 [grpc-default-executor-1] INFO  impl.RaftServerImpl (RaftServerImpl.java:setRole(171)) - 6f15dda3-1033-4118-bbd5-e00bc2779eb3:group-0C4BBA31F7F7 changes role from FOLLOWER to FOLLOWER at term 1 for recognizeCandidate:9925e697-233b-49ae-b622-0cc1839cd635
2019-09-05 09:13:06,222 [grpc-default-executor-1] INFO  impl.RoleInfo (RoleInfo.java:shutdownFollowerState(121)) - 6f15dda3-1033-4118-bbd5-e00bc2779eb3: shutdown FollowerState
2019-09-05 09:13:06,222 [grpc-default-executor-2] INFO  impl.RaftServerImpl (RaftServerImpl.java:setRole(171)) - b7723663-b5a7-4cec-8abb-1432ee42201a:group-0C4BBA31F7F7 changes role from FOLLOWER to FOLLOWER at term 1 for recognizeCandidate:9925e697-233b-49ae-b622-0cc1839cd635
2019-09-05 09:13:06,222 [grpc-default-executor-1] INFO  impl.RoleInfo (RoleInfo.java:updateAndGet(143)) - 6f15dda3-1033-4118-bbd5-e00bc2779eb3: start FollowerState
2019-09-05 09:13:06,223 [Thread-273] INFO  impl.FollowerState (FollowerState.java:run(114)) - 6f15dda3-1033-4118-bbd5-e00bc2779eb3: FollowerState was interrupted: java.lang.InterruptedException: sleep interrupted
2019-09-05 09:13:06,223 [grpc-default-executor-2] INFO  impl.RoleInfo (RoleInfo.java:shutdownFollowerState(121)) - b7723663-b5a7-4cec-8abb-1432ee42201a: shutdown FollowerState
2019-09-05 09:13:06,225 [grpc-default-executor-2] INFO  impl.RoleInfo (RoleInfo.java:updateAndGet(143)) - b7723663-b5a7-4cec-8abb-1432ee42201a: start FollowerState
2019-09-05 09:13:06,225 [Thread-277] INFO  impl.FollowerState (FollowerState.java:run(114)) - b7723663-b5a7-4cec-8abb-1432ee42201a: FollowerState was interrupted: java.lang.InterruptedException: sleep interrupted
2019-09-05 09:13:06,256 [74b14207-bfad-43c2-8870-3362b92740be:group-94041074BC02:LeaderElection11] INFO  impl.LeaderElection (LeaderElection.java:askForVotes(181)) - 74b14207-bfad-43c2-8870-3362b92740be:group-94041074BC02:LeaderElection11: begin an election at term 1 for -1: [afe4f488-87af-436a-a91b-00d083bcaf9f:192.168.69.66:37081, 527ba554-0cdc-49d1-b9e7-3a69dcc23a2c:192.168.69.66:34995, 74b14207-bfad-43c2-8870-3362b92740be:192.168.69.66:43315], old=null
2019-09-05 09:13:06,260 | INFO  | SCMAudit | user=jenkins1000 | ip=192.168.69.66 | op=SEND_HEARTBEAT {datanodeUUID=6f15dda3-1033-4118-bbd5-e00bc2779eb3, command=[]} | ret=SUCCESS |  
2019-09-05 09:13:06,263 [afe4f488-87af-436a-a91b-00d083bcaf9f:group-94041074BC02:LeaderElection8] INFO  impl.LeaderElection (LeaderElection.java:logAndReturn(56)) - afe4f488-87af-436a-a91b-00d083bcaf9f:group-94041074BC02:LeaderElection8: Election REJECTED; received 2 response(s) [afe4f488-87af-436a-a91b-00d083bcaf9f<-527ba554-0cdc-49d1-b9e7-3a69dcc23a2c#0:FAIL-t1, afe4f488-87af-436a-a91b-00d083bcaf9f<-74b14207-bfad-43c2-8870-3362b92740be#0:FAIL-t1] and 0 exception(s); afe4f488-87af-436a-a91b-00d083bcaf9f:t1, leader=null, voted=afe4f488-87af-436a-a91b-00d083bcaf9f, raftlog=afe4f488-87af-436a-a91b-00d083bcaf9f-SegmentedRaftLog:OPENED:c-1,f-1,i0, conf=-1: [afe4f488-87af-436a-a91b-00d083bcaf9f:192.168.69.66:37081, 527ba554-0cdc-49d1-b9e7-3a69dcc23a2c:192.168.69.66:34995, 74b14207-bfad-43c2-8870-3362b92740be:192.168.69.66:43315], old=null
2019-09-05 09:13:06,263 [527ba554-0cdc-49d1-b9e7-3a69dcc23a2c:group-94041074BC02:LeaderElection10] INFO  impl.LeaderElection (LeaderElection.java:logAndReturn(56)) - 527ba554-0cdc-49d1-b9e7-3a69dcc23a2c:group-94041074BC02:LeaderElection10: Election REJECTED; received 2 response(s) [527ba554-0cdc-49d1-b9e7-3a69dcc23a2c<-afe4f488-87af-436a-a91b-00d083bcaf9f#0:FAIL-t1, 527ba554-0cdc-49d1-b9e7-3a69dcc23a2c<-74b14207-bfad-43c2-8870-3362b92740be#0:FAIL-t1] and 0 exception(s); 527ba554-0cdc-49d1-b9e7-3a69dcc23a2c:t1, leader=null, voted=527ba554-0cdc-49d1-b9e7-3a69dcc23a2c, raftlog=527ba554-0cdc-49d1-b9e7-3a69dcc23a2c-SegmentedRaftLog:OPENED:c-1,f-1,i0, conf=-1: [afe4f488-87af-436a-a91b-00d083bcaf9f:192.168.69.66:37081, 527ba554-0cdc-49d1-b9e7-3a69dcc23a2c:192.168.69.66:34995, 74b14207-bfad-43c2-8870-3362b92740be:192.168.69.66:43315], old=null
2019-09-05 09:13:06,264 [afe4f488-87af-436a-a91b-00d083bcaf9f:group-94041074BC02:LeaderElection8] INFO  impl.RaftServerImpl (RaftServerImpl.java:setRole(171)) - afe4f488-87af-436a-a91b-00d083bcaf9f:group-94041074BC02 changes role from CANDIDATE to FOLLOWER at term 1 for DISCOVERED_A_NEW_TERM
2019-09-05 09:13:06,265 [527ba554-0cdc-49d1-b9e7-3a69dcc23a2c:group-94041074BC02:LeaderElection10] INFO  impl.RaftServerImpl (RaftServerImpl.java:setRole(171)) - 527ba554-0cdc-49d1-b9e7-3a69dcc23a2c:group-94041074BC02 changes role from CANDIDATE to FOLLOWER at term 1 for DISCOVERED_A_NEW_TERM
2019-09-05 09:13:06,269 [afe4f488-87af-436a-a91b-00d083bcaf9f:group-94041074BC02:LeaderElection8] INFO  impl.RoleInfo (RoleInfo.java:shutdownLeaderElection(134)) - afe4f488-87af-436a-a91b-00d083bcaf9f: shutdown LeaderElection
2019-09-05 09:13:06,270 [527ba554-0cdc-49d1-b9e7-3a69dcc23a2c:group-94041074BC02:LeaderElection10] INFO  impl.RoleInfo (RoleInfo.java:shutdownLeaderElection(134)) - 527ba554-0cdc-49d1-b9e7-3a69dcc23a2c: shutdown LeaderElection
2019-09-05 09:13:06,271 [afe4f488-87af-436a-a91b-00d083bcaf9f:group-94041074BC02:LeaderElection8] INFO  impl.RoleInfo (RoleInfo.java:updateAndGet(143)) - afe4f488-87af-436a-a91b-00d083bcaf9f: start FollowerState
2019-09-05 09:13:06,271 [527ba554-0cdc-49d1-b9e7-3a69dcc23a2c:group-94041074BC02:LeaderElection10] INFO  impl.RoleInfo (RoleInfo.java:updateAndGet(143)) - 527ba554-0cdc-49d1-b9e7-3a69dcc23a2c: start FollowerState
2019-09-05 09:13:06,277 [9925e697-233b-49ae-b622-0cc1839cd635:group-0C4BBA31F7F7:LeaderElection9] INFO  impl.LeaderElection (LeaderElection.java:logAndReturn(56)) - 9925e697-233b-49ae-b622-0cc1839cd635:group-0C4BBA31F7F7:LeaderElection9: Election PASSED; received 1 response(s) [9925e697-233b-49ae-b622-0cc1839cd635<-6f15dda3-1033-4118-bbd5-e00bc2779eb3#0:OK-t1] and 0 exception(s); 9925e697-233b-49ae-b622-0cc1839cd635:t1, leader=null, voted=9925e697-233b-49ae-b622-0cc1839cd635, raftlog=9925e697-233b-49ae-b622-0cc1839cd635-SegmentedRaftLog:OPENED:c-1,f-1,i0, conf=-1: [9925e697-233b-49ae-b622-0cc1839cd635:192.168.69.66:39635, b7723663-b5a7-4cec-8abb-1432ee42201a:192.168.69.66:45839, 6f15dda3-1033-4118-bbd5-e00bc2779eb3:192.168.69.66:35370], old=null
2019-09-05 09:13:06,277 [9925e697-233b-49ae-b622-0cc1839cd635:group-0C4BBA31F7F7:LeaderElection9] INFO  impl.RoleInfo (RoleInfo.java:shutdownLeaderElection(134)) - 9925e697-233b-49ae-b622-0cc1839cd635: shutdown LeaderElection
2019-09-05 09:13:06,280 [9925e697-233b-49ae-b622-0cc1839cd635:group-0C4BBA31F7F7:LeaderElection9] INFO  impl.RaftServerImpl (RaftServerImpl.java:setRole(171)) - 9925e697-233b-49ae-b622-0cc1839cd635:group-0C4BBA31F7F7 changes role from CANDIDATE to LEADER at term 1 for changeToLeader
2019-09-05 09:13:06,280 [9925e697-233b-49ae-b622-0cc1839cd635:group-0C4BBA31F7F7:LeaderElection9] INFO  impl.RaftServerImpl (ServerState.java:setLeader(263)) - 9925e697-233b-49ae-b622-0cc1839cd635:group-0C4BBA31F7F7 change Leader from null to 9925e697-233b-49ae-b622-0cc1839cd635 at term 1 for becomeLeader, leader elected after 5164ms
2019-09-05 09:13:06,280 [9925e697-233b-49ae-b622-0cc1839cd635:group-0C4BBA31F7F7:LeaderElection9] INFO  server.RaftServerConfigKeys (ConfUtils.java:logGet(43)) - raft.server.staging.catchup.gap = 1000 (default)
2019-09-05 09:13:06,280 [9925e697-233b-49ae-b622-0cc1839cd635:group-0C4BBA31F7F7:LeaderElection9] INFO  server.RaftServerConfigKeys (ConfUtils.java:logGet(43)) - raft.server.rpc.sleep.time = 25ms (default)
2019-09-05 09:13:06,280 [9925e697-233b-49ae-b622-0cc1839cd635:group-0C4BBA31F7F7:LeaderElection9] INFO  server.RaftServerConfigKeys (ConfUtils.java:logGet(43)) - raft.server.write.element-limit = 4096 (default)
2019-09-05 09:13:06,280 [9925e697-233b-49ae-b622-0cc1839cd635:group-0C4BBA31F7F7:LeaderElection9] INFO  server.RaftServerConfigKeys (ConfUtils.java:logGet(43)) - raft.server.watch.timeout = 10s (default)
2019-09-05 09:13:06,281 [9925e697-233b-49ae-b622-0cc1839cd635:group-0C4BBA31F7F7:LeaderElection9] INFO  server.RaftServerConfigKeys (ConfUtils.java:logGet(43)) - raft.server.watch.timeout.denomination = 1s (default)
2019-09-05 09:13:06,282 [9925e697-233b-49ae-b622-0cc1839cd635:group-0C4BBA31F7F7:LeaderElection9] INFO  server.RaftServerConfigKeys (ConfUtils.java:logGet(43)) - raft.server.watch.element-limit = 65536 (default)
2019-09-05 09:13:06,284 [74b14207-bfad-43c2-8870-3362b92740be:group-94041074BC02:LeaderElection11] INFO  impl.LeaderElection (LeaderElection.java:logAndReturn(56)) - 74b14207-bfad-43c2-8870-3362b92740be:group-94041074BC02:LeaderElection11: Election REJECTED; received 2 response(s) [74b14207-bfad-43c2-8870-3362b92740be<-afe4f488-87af-436a-a91b-00d083bcaf9f#0:FAIL-t1, 74b14207-bfad-43c2-8870-3362b92740be<-527ba554-0cdc-49d1-b9e7-3a69dcc23a2c#0:FAIL-t1] and 0 exception(s); 74b14207-bfad-43c2-8870-3362b92740be:t1, leader=null, voted=74b14207-bfad-43c2-8870-3362b92740be, raftlog=74b14207-bfad-43c2-8870-3362b92740be-SegmentedRaftLog:OPENED:c-1,f-1,i0, conf=-1: [afe4f488-87af-436a-a91b-00d083bcaf9f:192.168.69.66:37081, 527ba554-0cdc-49d1-b9e7-3a69dcc23a2c:192.168.69.66:34995, 74b14207-bfad-43c2-8870-3362b92740be:192.168.69.66:43315], old=null
2019-09-05 09:13:06,285 [74b14207-bfad-43c2-8870-3362b92740be:group-94041074BC02:LeaderElection11] INFO  impl.RaftServerImpl (RaftServerImpl.java:setRole(171)) - 74b14207-bfad-43c2-8870-3362b92740be:group-94041074BC02 changes role from CANDIDATE to FOLLOWER at term 1 for DISCOVERED_A_NEW_TERM
2019-09-05 09:13:06,286 [74b14207-bfad-43c2-8870-3362b92740be:group-94041074BC02:LeaderElection11] INFO  impl.RoleInfo (RoleInfo.java:shutdownLeaderElection(134)) - 74b14207-bfad-43c2-8870-3362b92740be: shutdown LeaderElection
2019-09-05 09:13:06,288 [74b14207-bfad-43c2-8870-3362b92740be:group-94041074BC02:LeaderElection11] INFO  impl.RoleInfo (RoleInfo.java:updateAndGet(143)) - 74b14207-bfad-43c2-8870-3362b92740be: start FollowerState
2019-09-05 09:13:06,290 [9925e697-233b-49ae-b622-0cc1839cd635:group-0C4BBA31F7F7:LeaderElection9] INFO  server.RaftServerConfigKeys (ConfUtils.java:logGet(43)) - raft.server.log.appender.snapshot.chunk.size.max = 16MB (=16777216) (default)
2019-09-05 09:13:06,291 [9925e697-233b-49ae-b622-0cc1839cd635:group-0C4BBA31F7F7:LeaderElection9] INFO  server.RaftServerConfigKeys (ConfUtils.java:logGet(43)) - raft.server.log.appender.buffer.byte-limit = 33554432 (custom)
2019-09-05 09:13:06,291 [9925e697-233b-49ae-b622-0cc1839cd635:group-0C4BBA31F7F7:LeaderElection9] INFO  server.RaftServerConfigKeys (ConfUtils.java:logGet(43)) - raft.server.log.appender.buffer.element-limit = 1 (custom)
2019-09-05 09:13:06,294 [9925e697-233b-49ae-b622-0cc1839cd635:group-0C4BBA31F7F7:LeaderElection9] INFO  grpc.GrpcConfigKeys$Server (ConfUtils.java:logGet(43)) - raft.grpc.server.leader.outstanding.appends.max = 128 (default)
2019-09-05 09:13:06,296 [9925e697-233b-49ae-b622-0cc1839cd635:group-0C4BBA31F7F7:LeaderElection9] INFO  server.RaftServerConfigKeys (ConfUtils.java:logGet(43)) - raft.server.rpc.request.timeout = 3000ms (default)
2019-09-05 09:13:06,296 [9925e697-233b-49ae-b622-0cc1839cd635:group-0C4BBA31F7F7:LeaderElection9] INFO  server.RaftServerConfigKeys (ConfUtils.java:logGet(43)) - raft.server.log.appender.install.snapshot.enabled = false (custom)
2019-09-05 09:13:06,296 [9925e697-233b-49ae-b622-0cc1839cd635:group-0C4BBA31F7F7:LeaderElection9] INFO  server.RaftServerConfigKeys (ConfUtils.java:logGet(43)) - raft.server.log.appender.snapshot.chunk.size.max = 16MB (=16777216) (default)
2019-09-05 09:13:06,296 [9925e697-233b-49ae-b622-0cc1839cd635:group-0C4BBA31F7F7:LeaderElection9] INFO  server.RaftServerConfigKeys (ConfUtils.java:logGet(43)) - raft.server.log.appender.buffer.byte-limit = 33554432 (custom)
2019-09-05 09:13:06,296 [9925e697-233b-49ae-b622-0cc1839cd635:group-0C4BBA31F7F7:LeaderElection9] INFO  server.RaftServerConfigKeys (ConfUtils.java:logGet(43)) - raft.server.log.appender.buffer.element-limit = 1 (custom)
2019-09-05 09:13:06,296 [9925e697-233b-49ae-b622-0cc1839cd635:group-0C4BBA31F7F7:LeaderElection9] INFO  grpc.GrpcConfigKeys$Server (ConfUtils.java:logGet(43)) - raft.grpc.server.leader.outstanding.appends.max = 128 (default)
2019-09-05 09:13:06,297 [9925e697-233b-49ae-b622-0cc1839cd635:group-0C4BBA31F7F7:LeaderElection9] INFO  server.RaftServerConfigKeys (ConfUtils.java:logGet(43)) - raft.server.rpc.request.timeout = 3000ms (default)
2019-09-05 09:13:06,297 [9925e697-233b-49ae-b622-0cc1839cd635:group-0C4BBA31F7F7:LeaderElection9] INFO  server.RaftServerConfigKeys (ConfUtils.java:logGet(43)) - raft.server.log.appender.install.snapshot.enabled = false (custom)
2019-09-05 09:13:06,298 [9925e697-233b-49ae-b622-0cc1839cd635:group-0C4BBA31F7F7:LeaderElection9] INFO  impl.RoleInfo (RoleInfo.java:updateAndGet(143)) - 9925e697-233b-49ae-b622-0cc1839cd635: start LeaderState
2019-09-05 09:13:06,298 [9925e697-233b-49ae-b622-0cc1839cd635:group-0C4BBA31F7F7:LeaderElection9] INFO  segmented.SegmentedRaftLogWorker (SegmentedRaftLogWorker.java:startLogSegment(380)) - 9925e697-233b-49ae-b622-0cc1839cd635-SegmentedRaftLogWorker:Storage Directory /workdir/hadoop-ozone/integration-test/target/test-dir/MiniOzoneClusterImpl-2067a7df-0bd0-4e68-a777-bbcd763ebdf2/datanode-2/data/ratis/0cd31c84-2c81-4d0d-b4cd-0c4bba31f7f7: Starting segment from index:0
2019-09-05 09:13:06,299 [9925e697-233b-49ae-b622-0cc1839cd635:group-0C4BBA31F7F7:LeaderElection9] INFO  impl.RaftServerImpl (ServerState.java:setRaftConf(361)) - 9925e697-233b-49ae-b622-0cc1839cd635:group-0C4BBA31F7F7 set configuration 0: [9925e697-233b-49ae-b622-0cc1839cd635:192.168.69.66:39635, b7723663-b5a7-4cec-8abb-1432ee42201a:192.168.69.66:45839, 6f15dda3-1033-4118-bbd5-e00bc2779eb3:192.168.69.66:35370], old=null at 0
2019-09-05 09:13:06,345 [grpc-default-executor-1] INFO  impl.RaftServerImpl (ServerState.java:setLeader(263)) - b7723663-b5a7-4cec-8abb-1432ee42201a:group-0C4BBA31F7F7 change Leader from null to 9925e697-233b-49ae-b622-0cc1839cd635 at term 1 for appendEntries, leader elected after 5227ms
2019-09-05 09:13:06,347 [grpc-default-executor-2] INFO  impl.RaftServerImpl (ServerState.java:setLeader(263)) - 6f15dda3-1033-4118-bbd5-e00bc2779eb3:group-0C4BBA31F7F7 change Leader from null to 9925e697-233b-49ae-b622-0cc1839cd635 at term 1 for appendEntries, leader elected after 5230ms
2019-09-05 09:13:06,373 [9925e697-233b-49ae-b622-0cc1839cd635-SegmentedRaftLogWorker:Storage Directory /workdir/hadoop-ozone/integration-test/target/test-dir/MiniOzoneClusterImpl-2067a7df-0bd0-4e68-a777-bbcd763ebdf2/datanode-2/data/ratis/0cd31c84-2c81-4d0d-b4cd-0c4bba31f7f7] INFO  segmented.SegmentedRaftLogWorker (SegmentedRaftLogWorker.java:execute(569)) - 9925e697-233b-49ae-b622-0cc1839cd635-SegmentedRaftLogWorker:Storage Directory /workdir/hadoop-ozone/integration-test/target/test-dir/MiniOzoneClusterImpl-2067a7df-0bd0-4e68-a777-bbcd763ebdf2/datanode-2/data/ratis/0cd31c84-2c81-4d0d-b4cd-0c4bba31f7f7: created new log segment /workdir/hadoop-ozone/integration-test/target/test-dir/MiniOzoneClusterImpl-2067a7df-0bd0-4e68-a777-bbcd763ebdf2/datanode-2/data/ratis/0cd31c84-2c81-4d0d-b4cd-0c4bba31f7f7/current/log_inprogress_0
2019-09-05 09:13:06,376 [grpc-default-executor-1] INFO  impl.RaftServerImpl (ServerState.java:setRaftConf(361)) - b7723663-b5a7-4cec-8abb-1432ee42201a:group-0C4BBA31F7F7 set configuration 0: [9925e697-233b-49ae-b622-0cc1839cd635:192.168.69.66:39635, b7723663-b5a7-4cec-8abb-1432ee42201a:192.168.69.66:45839, 6f15dda3-1033-4118-bbd5-e00bc2779eb3:192.168.69.66:35370], old=null at 0
2019-09-05 09:13:06,376 [grpc-default-executor-2] INFO  impl.RaftServerImpl (ServerState.java:setRaftConf(361)) - 6f15dda3-1033-4118-bbd5-e00bc2779eb3:group-0C4BBA31F7F7 set configuration 0: [9925e697-233b-49ae-b622-0cc1839cd635:192.168.69.66:39635, b7723663-b5a7-4cec-8abb-1432ee42201a:192.168.69.66:45839, 6f15dda3-1033-4118-bbd5-e00bc2779eb3:192.168.69.66:35370], old=null at 0
2019-09-05 09:13:06,379 [grpc-default-executor-1] INFO  segmented.SegmentedRaftLogWorker (SegmentedRaftLogWorker.java:startLogSegment(380)) - b7723663-b5a7-4cec-8abb-1432ee42201a-SegmentedRaftLogWorker:Storage Directory /workdir/hadoop-ozone/integration-test/target/test-dir/MiniOzoneClusterImpl-2067a7df-0bd0-4e68-a777-bbcd763ebdf2/datanode-1/data/ratis/0cd31c84-2c81-4d0d-b4cd-0c4bba31f7f7: Starting segment from index:0
2019-09-05 09:13:06,379 [grpc-default-executor-2] INFO  segmented.SegmentedRaftLogWorker (SegmentedRaftLogWorker.java:startLogSegment(380)) - 6f15dda3-1033-4118-bbd5-e00bc2779eb3-SegmentedRaftLogWorker:Storage Directory /workdir/hadoop-ozone/integration-test/target/test-dir/MiniOzoneClusterImpl-2067a7df-0bd0-4e68-a777-bbcd763ebdf2/datanode-6/data/ratis/0cd31c84-2c81-4d0d-b4cd-0c4bba31f7f7: Starting segment from index:0
2019-09-05 09:13:06,432 [6f15dda3-1033-4118-bbd5-e00bc2779eb3-SegmentedRaftLogWorker:Storage Directory /workdir/hadoop-ozone/integration-test/target/test-dir/MiniOzoneClusterImpl-2067a7df-0bd0-4e68-a777-bbcd763ebdf2/datanode-6/data/ratis/0cd31c84-2c81-4d0d-b4cd-0c4bba31f7f7] INFO  segmented.SegmentedRaftLogWorker (SegmentedRaftLogWorker.java:execute(569)) - 6f15dda3-1033-4118-bbd5-e00bc2779eb3-SegmentedRaftLogWorker:Storage Directory /workdir/hadoop-ozone/integration-test/target/test-dir/MiniOzoneClusterImpl-2067a7df-0bd0-4e68-a777-bbcd763ebdf2/datanode-6/data/ratis/0cd31c84-2c81-4d0d-b4cd-0c4bba31f7f7: created new log segment /workdir/hadoop-ozone/integration-test/target/test-dir/MiniOzoneClusterImpl-2067a7df-0bd0-4e68-a777-bbcd763ebdf2/datanode-6/data/ratis/0cd31c84-2c81-4d0d-b4cd-0c4bba31f7f7/current/log_inprogress_0
2019-09-05 09:13:06,432 [b7723663-b5a7-4cec-8abb-1432ee42201a-SegmentedRaftLogWorker:Storage Directory /workdir/hadoop-ozone/integration-test/target/test-dir/MiniOzoneClusterImpl-2067a7df-0bd0-4e68-a777-bbcd763ebdf2/datanode-1/data/ratis/0cd31c84-2c81-4d0d-b4cd-0c4bba31f7f7] INFO  segmented.SegmentedRaftLogWorker (SegmentedRaftLogWorker.java:execute(569)) - b7723663-b5a7-4cec-8abb-1432ee42201a-SegmentedRaftLogWorker:Storage Directory /workdir/hadoop-ozone/integration-test/target/test-dir/MiniOzoneClusterImpl-2067a7df-0bd0-4e68-a777-bbcd763ebdf2/datanode-1/data/ratis/0cd31c84-2c81-4d0d-b4cd-0c4bba31f7f7: created new log segment /workdir/hadoop-ozone/integration-test/target/test-dir/MiniOzoneClusterImpl-2067a7df-0bd0-4e68-a777-bbcd763ebdf2/datanode-1/data/ratis/0cd31c84-2c81-4d0d-b4cd-0c4bba31f7f7/current/log_inprogress_0
2019-09-05 09:13:06,657 [grpc-default-executor-2] INFO  client.GrpcClientProtocolClient (GrpcClientProtocolClient.java:onNext(255)) - client-A679407C5E1E->b7723663-b5a7-4cec-8abb-1432ee42201a: receive RaftClientReply:client-A679407C5E1E->b7723663-b5a7-4cec-8abb-1432ee42201a@group-0C4BBA31F7F7, cid=13, FAILED org.apache.ratis.protocol.NotLeaderException: Server b7723663-b5a7-4cec-8abb-1432ee42201a is not the leader (9925e697-233b-49ae-b622-0cc1839cd635:192.168.69.66:39635). Request must be sent to leader., logIndex=0, commits[b7723663-b5a7-4cec-8abb-1432ee42201a:c-1, 9925e697-233b-49ae-b622-0cc1839cd635:c-1, 6f15dda3-1033-4118-bbd5-e00bc2779eb3:c-1]
2019-09-05 09:13:06,671 | INFO  | SCMAudit | user=jenkins1000 | ip=192.168.69.66 | op=SEND_HEARTBEAT {datanodeUUID=b742561a-6a32-4271-84e4-b9553f9c6759, command=[]} | ret=SUCCESS |  
2019-09-05 09:13:06,688 | INFO  | SCMAudit | user=jenkins1000 | ip=192.168.69.66 | op=SEND_HEARTBEAT {datanodeUUID=9925e697-233b-49ae-b622-0cc1839cd635, command=[]} | ret=SUCCESS |  
2019-09-05 09:13:06,811 | INFO  | SCMAudit | user=jenkins1000 | ip=192.168.69.66 | op=SEND_HEARTBEAT {datanodeUUID=527ba554-0cdc-49d1-b9e7-3a69dcc23a2c, command=[]} | ret=SUCCESS |  
2019-09-05 09:13:06,868 | INFO  | SCMAudit | user=jenkins1000 | ip=192.168.69.66 | op=SEND_HEARTBEAT {datanodeUUID=afe4f488-87af-436a-a91b-00d083bcaf9f, command=[]} | ret=SUCCESS |  
2019-09-05 09:13:06,995 | INFO  | SCMAudit | user=jenkins1000 | ip=192.168.69.66 | op=SEND_HEARTBEAT {datanodeUUID=b7723663-b5a7-4cec-8abb-1432ee42201a, command=[]} | ret=SUCCESS |  
2019-09-05 09:13:06,995 | INFO  | SCMAudit | user=jenkins1000 | ip=192.168.69.66 | op=SEND_HEARTBEAT {datanodeUUID=6f15dda3-1033-4118-bbd5-e00bc2779eb3, command=[]} | ret=SUCCESS |  
2019-09-05 09:13:06,996 | INFO  | SCMAudit | user=jenkins1000 | ip=192.168.69.66 | op=SEND_HEARTBEAT {datanodeUUID=9925e697-233b-49ae-b622-0cc1839cd635, command=[]} | ret=SUCCESS |  
2019-09-05 09:13:07,019 | INFO  | DNAudit | user=null | ip=null | op=WRITE_CHUNK {blockData=conID: 1 locID: 102739134469767169 bcsId: 0} | ret=SUCCESS |  
2019-09-05 09:13:07,019 | INFO  | DNAudit | user=null | ip=null | op=WRITE_CHUNK {blockData=conID: 1 locID: 102739134469767169 bcsId: 0} | ret=SUCCESS |  
2019-09-05 09:13:07,019 | INFO  | DNAudit | user=null | ip=null | op=WRITE_CHUNK {blockData=conID: 1 locID: 102739134469767169 bcsId: 0} | ret=SUCCESS |  
2019-09-05 09:13:07,029 | INFO  | DNAudit | user=null | ip=null | op=WRITE_CHUNK {blockData=conID: 1 locID: 102739134469767169 bcsId: 0} | ret=SUCCESS |  
2019-09-05 09:13:07,041 | INFO  | DNAudit | user=null | ip=null | op=WRITE_CHUNK {blockData=conID: 1 locID: 102739134469767169 bcsId: 0} | ret=SUCCESS |  
2019-09-05 09:13:07,043 | INFO  | DNAudit | user=null | ip=null | op=WRITE_CHUNK {blockData=conID: 1 locID: 102739134469767169 bcsId: 0} | ret=SUCCESS |  
2019-09-05 09:13:07,043 [grpc-default-executor-1] INFO  client.GrpcClientProtocolClient (GrpcClientProtocolClient.java:onNext(255)) - client-A679407C5E1E->9925e697-233b-49ae-b622-0cc1839cd635: receive RaftClientReply:client-A679407C5E1E->9925e697-233b-49ae-b622-0cc1839cd635@group-0C4BBA31F7F7, cid=13, SUCCESS, logIndex=1, commits[9925e697-233b-49ae-b622-0cc1839cd635:c1, b7723663-b5a7-4cec-8abb-1432ee42201a:c0, 6f15dda3-1033-4118-bbd5-e00bc2779eb3:c0]
2019-09-05 09:13:07,055 | INFO  | DNAudit | user=null | ip=null | op=WRITE_CHUNK {blockData=conID: 1 locID: 102739134469767169 bcsId: 0} | ret=SUCCESS |  
2019-09-05 09:13:07,056 | INFO  | DNAudit | user=null | ip=null | op=WRITE_CHUNK {blockData=conID: 1 locID: 102739134469767169 bcsId: 0} | ret=SUCCESS |  
2019-09-05 09:13:07,056 | INFO  | DNAudit | user=null | ip=null | op=WRITE_CHUNK {blockData=conID: 1 locID: 102739134469767169 bcsId: 0} | ret=SUCCESS |  
2019-09-05 09:13:07,063 | INFO  | DNAudit | user=null | ip=null | op=WRITE_CHUNK {blockData=conID: 1 locID: 102739134469767169 bcsId: 0} | ret=SUCCESS |  
2019-09-05 09:13:07,065 | INFO  | DNAudit | user=null | ip=null | op=WRITE_CHUNK {blockData=conID: 1 locID: 102739134469767169 bcsId: 0} | ret=SUCCESS |  
2019-09-05 09:13:07,069 | INFO  | DNAudit | user=null | ip=null | op=WRITE_CHUNK {blockData=conID: 1 locID: 102739134469767169 bcsId: 0} | ret=SUCCESS |  
2019-09-05 09:13:07,069 | INFO  | DNAudit | user=null | ip=null | op=WRITE_CHUNK {blockData=conID: 1 locID: 102739134469767169 bcsId: 0} | ret=SUCCESS |  
2019-09-05 09:13:07,072 | INFO  | DNAudit | user=null | ip=null | op=WRITE_CHUNK {blockData=conID: 1 locID: 102739134469767169 bcsId: 0} | ret=SUCCESS |  
2019-09-05 09:13:07,074 | INFO  | SCMAudit | user=jenkins1000 | ip=192.168.69.66 | op=SEND_HEARTBEAT {datanodeUUID=74b14207-bfad-43c2-8870-3362b92740be, command=[]} | ret=SUCCESS |  
2019-09-05 09:13:07,075 [grpc-default-executor-2] INFO  client.GrpcClientProtocolClient (GrpcClientProtocolClient.java:onNext(255)) - client-A679407C5E1E->9925e697-233b-49ae-b622-0cc1839cd635: receive RaftClientReply:client-A679407C5E1E->9925e697-233b-49ae-b622-0cc1839cd635@group-0C4BBA31F7F7, cid=14, SUCCESS, logIndex=3, commits[9925e697-233b-49ae-b622-0cc1839cd635:c3, b7723663-b5a7-4cec-8abb-1432ee42201a:c2, 6f15dda3-1033-4118-bbd5-e00bc2779eb3:c2]
2019-09-05 09:13:07,079 | INFO  | DNAudit | user=null | ip=null | op=WRITE_CHUNK {blockData=conID: 1 locID: 102739134469767169 bcsId: 0} | ret=SUCCESS |  
2019-09-05 09:13:07,079 | INFO  | DNAudit | user=null | ip=null | op=WRITE_CHUNK {blockData=conID: 1 locID: 102739134469767169 bcsId: 0} | ret=SUCCESS |  
2019-09-05 09:13:07,095 | INFO  | DNAudit | user=null | ip=null | op=WRITE_CHUNK {blockData=conID: 1 locID: 102739134469767169 bcsId: 0} | ret=SUCCESS |  
2019-09-05 09:13:07,096 | INFO  | DNAudit | user=null | ip=null | op=WRITE_CHUNK {blockData=conID: 1 locID: 102739134469767169 bcsId: 0} | ret=SUCCESS |  
2019-09-05 09:13:07,243 | INFO  | DNAudit | user=null | ip=null | op=PUT_BLOCK {blockData=[blockId=conID: 1 locID: 102739134469767169 bcsId: 0,size=200]} | ret=SUCCESS |  
2019-09-05 09:13:07,246 | INFO  | DNAudit | user=null | ip=null | op=WRITE_CHUNK {blockData=conID: 1 locID: 102739134469767169 bcsId: 0} | ret=SUCCESS |  
2019-09-05 09:13:07,247 | INFO  | DNAudit | user=null | ip=null | op=WRITE_CHUNK {blockData=conID: 1 locID: 102739134469767169 bcsId: 0} | ret=SUCCESS |  
2019-09-05 09:13:07,249 [grpc-default-executor-3] INFO  client.GrpcClientProtocolClient (GrpcClientProtocolClient.java:onNext(255)) - client-A679407C5E1E->9925e697-233b-49ae-b622-0cc1839cd635: receive RaftClientReply:client-A679407C5E1E->9925e697-233b-49ae-b622-0cc1839cd635@group-0C4BBA31F7F7, cid=15, SUCCESS, logIndex=4, commits[9925e697-233b-49ae-b622-0cc1839cd635:c12, b7723663-b5a7-4cec-8abb-1432ee42201a:c9, 6f15dda3-1033-4118-bbd5-e00bc2779eb3:c9]
2019-09-05 09:13:07,252 [grpc-default-executor-3] INFO  client.GrpcClientProtocolClient (GrpcClientProtocolClient.java:onNext(255)) - client-A679407C5E1E->9925e697-233b-49ae-b622-0cc1839cd635: receive RaftClientReply:client-A679407C5E1E->9925e697-233b-49ae-b622-0cc1839cd635@group-0C4BBA31F7F7, cid=16, SUCCESS, logIndex=5, commits[9925e697-233b-49ae-b622-0cc1839cd635:c12, b7723663-b5a7-4cec-8abb-1432ee42201a:c9, 6f15dda3-1033-4118-bbd5-e00bc2779eb3:c9]
2019-09-05 09:13:07,253 [grpc-default-executor-3] INFO  client.GrpcClientProtocolClient (GrpcClientProtocolClient.java:onNext(255)) - client-A679407C5E1E->9925e697-233b-49ae-b622-0cc1839cd635: receive RaftClientReply:client-A679407C5E1E->9925e697-233b-49ae-b622-0cc1839cd635@group-0C4BBA31F7F7, cid=17, SUCCESS, logIndex=7, commits[9925e697-233b-49ae-b622-0cc1839cd635:c12, b7723663-b5a7-4cec-8abb-1432ee42201a:c9, 6f15dda3-1033-4118-bbd5-e00bc2779eb3:c9]
2019-09-05 09:13:07,387 | INFO  | DNAudit | user=null | ip=null | op=PUT_BLOCK {blockData=[blockId=conID: 1 locID: 102739134469767169 bcsId: 0,size=200]} | ret=SUCCESS |  
2019-09-05 09:13:07,388 | INFO  | DNAudit | user=null | ip=null | op=WRITE_CHUNK {blockData=conID: 1 locID: 102739134469767169 bcsId: 0} | ret=SUCCESS |  
2019-09-05 09:13:07,389 | INFO  | DNAudit | user=null | ip=null | op=WRITE_CHUNK {blockData=conID: 1 locID: 102739134469767169 bcsId: 0} | ret=SUCCESS |  
2019-09-05 09:13:07,496 | INFO  | DNAudit | user=null | ip=null | op=PUT_BLOCK {blockData=[blockId=conID: 1 locID: 102739134469767169 bcsId: 0,size=400]} | ret=SUCCESS |  
2019-09-05 09:13:07,496 | INFO  | DNAudit | user=null | ip=null | op=PUT_BLOCK {blockData=[blockId=conID: 1 locID: 102739134469767169 bcsId: 0,size=400]} | ret=SUCCESS |  
2019-09-05 09:13:07,506 | INFO  | DNAudit | user=null | ip=null | op=PUT_BLOCK {blockData=[blockId=conID: 1 locID: 102739134469767169 bcsId: 0,size=200]} | ret=SUCCESS |  
2019-09-05 09:13:07,507 [grpc-default-executor-3] INFO  client.GrpcClientProtocolClient (GrpcClientProtocolClient.java:onNext(255)) - client-A679407C5E1E->9925e697-233b-49ae-b622-0cc1839cd635: receive RaftClientReply:client-A679407C5E1E->9925e697-233b-49ae-b622-0cc1839cd635@group-0C4BBA31F7F7, cid=18, SUCCESS, logIndex=8, commits[9925e697-233b-49ae-b622-0cc1839cd635:c12, b7723663-b5a7-4cec-8abb-1432ee42201a:c9, 6f15dda3-1033-4118-bbd5-e00bc2779eb3:c9]
2019-09-05 09:13:07,507 | INFO  | DNAudit | user=null | ip=null | op=WRITE_CHUNK {blockData=conID: 1 locID: 102739134469767169 bcsId: 0} | ret=SUCCESS |  
2019-09-05 09:13:07,508 | INFO  | DNAudit | user=null | ip=null | op=WRITE_CHUNK {blockData=conID: 1 locID: 102739134469767169 bcsId: 0} | ret=SUCCESS |  
2019-09-05 09:13:07,512 | INFO  | DNAudit | user=null | ip=null | op=PUT_BLOCK {blockData=[blockId=conID: 1 locID: 102739134469767169 bcsId: 0,size=400]} | ret=SUCCESS |  
2019-09-05 09:13:07,520 | INFO  | DNAudit | user=null | ip=null | op=WRITE_CHUNK {blockData=conID: 1 locID: 102739134469767169 bcsId: 8} | ret=SUCCESS |  
2019-09-05 09:13:07,522 | INFO  | DNAudit | user=null | ip=null | op=WRITE_CHUNK {blockData=conID: 1 locID: 102739134469767169 bcsId: 8} | ret=SUCCESS |  
2019-09-05 09:13:07,523 | INFO  | DNAudit | user=null | ip=null | op=WRITE_CHUNK {blockData=conID: 1 locID: 102739134469767169 bcsId: 8} | ret=SUCCESS |  
2019-09-05 09:13:07,532 | INFO  | DNAudit | user=null | ip=null | op=WRITE_CHUNK {blockData=conID: 1 locID: 102739134469767169 bcsId: 8} | ret=SUCCESS |  
2019-09-05 09:13:07,533 | INFO  | DNAudit | user=null | ip=null | op=PUT_BLOCK {blockData=[blockId=conID: 1 locID: 102739134469767169 bcsId: 0,size=450]} | ret=SUCCESS |  
2019-09-05 09:13:07,534 [grpc-default-executor-1] INFO  client.GrpcClientProtocolClient (GrpcClientProtocolClient.java:onNext(255)) - client-A679407C5E1E->9925e697-233b-49ae-b622-0cc1839cd635: receive RaftClientReply:client-A679407C5E1E->9925e697-233b-49ae-b622-0cc1839cd635@group-0C4BBA31F7F7, cid=19, SUCCESS, logIndex=13, commits[9925e697-233b-49ae-b622-0cc1839cd635:c14, b7723663-b5a7-4cec-8abb-1432ee42201a:c12, 6f15dda3-1033-4118-bbd5-e00bc2779eb3:c12]
2019-09-05 09:13:07,535 [grpc-default-executor-1] INFO  client.GrpcClientProtocolClient (GrpcClientProtocolClient.java:onNext(255)) - client-A679407C5E1E->9925e697-233b-49ae-b622-0cc1839cd635: receive RaftClientReply:client-A679407C5E1E->9925e697-233b-49ae-b622-0cc1839cd635@group-0C4BBA31F7F7, cid=20, SUCCESS, logIndex=14, commits[9925e697-233b-49ae-b622-0cc1839cd635:c14, b7723663-b5a7-4cec-8abb-1432ee42201a:c12, 6f15dda3-1033-4118-bbd5-e00bc2779eb3:c12]
2019-09-05 09:13:07,543 | INFO  | DNAudit | user=null | ip=null | op=WRITE_CHUNK {blockData=conID: 1 locID: 102739134469767169 bcsId: 8} | ret=SUCCESS |  
2019-09-05 09:13:07,543 | INFO  | DNAudit | user=null | ip=null | op=WRITE_CHUNK {blockData=conID: 1 locID: 102739134469767169 bcsId: 8} | ret=SUCCESS |  
2019-09-05 09:13:07,547 | INFO  | DNAudit | user=null | ip=null | op=PUT_BLOCK {blockData=[blockId=conID: 1 locID: 102739134469767169 bcsId: 0,size=450]} | ret=SUCCESS |  
2019-09-05 09:13:07,559 | INFO  | DNAudit | user=null | ip=null | op=PUT_BLOCK {blockData=[blockId=conID: 1 locID: 102739134469767169 bcsId: 0,size=450]} | ret=SUCCESS |  
2019-09-05 09:13:07,560 [grpc-default-executor-1] INFO  client.GrpcClientProtocolClient (GrpcClientProtocolClient.java:onNext(255)) - client-A679407C5E1E->9925e697-233b-49ae-b622-0cc1839cd635: receive RaftClientReply:client-A679407C5E1E->9925e697-233b-49ae-b622-0cc1839cd635@group-0C4BBA31F7F7, cid=21, SUCCESS, logIndex=0, commits[9925e697-233b-49ae-b622-0cc1839cd635:c16, b7723663-b5a7-4cec-8abb-1432ee42201a:c14, 6f15dda3-1033-4118-bbd5-e00bc2779eb3:c14]
2019-09-05 09:13:07,561 [main] INFO  datanode.ObjectStoreHandler (ObjectStoreHandler.java:close(155)) - Closing ObjectStoreHandler.
2019-09-05 09:13:07,563 [main] INFO  ozone.HddsDatanodeService (HddsDatanodeService.java:stop(451)) - Stopped plug-in org.apache.hadoop.ozone.web.OzoneHddsDatanodeService@56ec6960
2019-09-05 09:13:07,672 | INFO  | SCMAudit | user=jenkins1000 | ip=192.168.69.66 | op=SEND_HEARTBEAT {datanodeUUID=b742561a-6a32-4271-84e4-b9553f9c6759, command=[]} | ret=SUCCESS |  
2019-09-05 09:13:07,811 | INFO  | SCMAudit | user=jenkins1000 | ip=192.168.69.66 | op=SEND_HEARTBEAT {datanodeUUID=527ba554-0cdc-49d1-b9e7-3a69dcc23a2c, command=[]} | ret=SUCCESS |  
2019-09-05 09:13:07,868 | INFO  | SCMAudit | user=jenkins1000 | ip=192.168.69.66 | op=SEND_HEARTBEAT {datanodeUUID=afe4f488-87af-436a-a91b-00d083bcaf9f, command=[]} | ret=SUCCESS |  
2019-09-05 09:13:07,977 [Datanode State Machine Thread - 0] INFO  statemachine.DatanodeStateMachine (DatanodeStateMachine.java:lambda$startDaemon$0(350)) - Ozone container server started.
2019-09-05 09:13:07,979 | INFO  | SCMAudit | user=jenkins1000 | ip=192.168.69.66 | op=SEND_HEARTBEAT {datanodeUUID=9925e697-233b-49ae-b622-0cc1839cd635, command=[]} | ret=SUCCESS |  
2019-09-05 09:13:07,979 | INFO  | SCMAudit | user=jenkins1000 | ip=192.168.69.66 | op=SEND_HEARTBEAT {datanodeUUID=b7723663-b5a7-4cec-8abb-1432ee42201a, command=[]} | ret=SUCCESS |  
2019-09-05 09:13:08,074 | INFO  | SCMAudit | user=jenkins1000 | ip=192.168.69.66 | op=SEND_HEARTBEAT {datanodeUUID=74b14207-bfad-43c2-8870-3362b92740be, command=[]} | ret=SUCCESS |  
2019-09-05 09:13:08,672 | INFO  | SCMAudit | user=jenkins1000 | ip=192.168.69.66 | op=SEND_HEARTBEAT {datanodeUUID=b742561a-6a32-4271-84e4-b9553f9c6759, command=[]} | ret=SUCCESS |  
2019-09-05 09:13:08,812 | INFO  | SCMAudit | user=jenkins1000 | ip=192.168.69.66 | op=SEND_HEARTBEAT {datanodeUUID=527ba554-0cdc-49d1-b9e7-3a69dcc23a2c, command=[]} | ret=SUCCESS |  
2019-09-05 09:13:08,868 | INFO  | SCMAudit | user=jenkins1000 | ip=192.168.69.66 | op=SEND_HEARTBEAT {datanodeUUID=afe4f488-87af-436a-a91b-00d083bcaf9f, command=[]} | ret=SUCCESS |  
2019-09-05 09:13:08,982 | INFO  | SCMAudit | user=jenkins1000 | ip=192.168.69.66 | op=SEND_HEARTBEAT {datanodeUUID=b7723663-b5a7-4cec-8abb-1432ee42201a, command=[]} | ret=SUCCESS |  
2019-09-05 09:13:08,982 | INFO  | SCMAudit | user=jenkins1000 | ip=192.168.69.66 | op=SEND_HEARTBEAT {datanodeUUID=9925e697-233b-49ae-b622-0cc1839cd635, command=[]} | ret=SUCCESS |  
2019-09-05 09:13:09,074 | INFO  | SCMAudit | user=jenkins1000 | ip=192.168.69.66 | op=SEND_HEARTBEAT {datanodeUUID=74b14207-bfad-43c2-8870-3362b92740be, command=[]} | ret=SUCCESS |  
2019-09-05 09:13:09,672 | INFO  | SCMAudit | user=jenkins1000 | ip=192.168.69.66 | op=SEND_HEARTBEAT {datanodeUUID=b742561a-6a32-4271-84e4-b9553f9c6759, command=[]} | ret=SUCCESS |  
2019-09-05 09:13:09,812 | INFO  | SCMAudit | user=jenkins1000 | ip=192.168.69.66 | op=SEND_HEARTBEAT {datanodeUUID=527ba554-0cdc-49d1-b9e7-3a69dcc23a2c, command=[]} | ret=SUCCESS |  
2019-09-05 09:13:09,868 | INFO  | SCMAudit | user=jenkins1000 | ip=192.168.69.66 | op=SEND_HEARTBEAT {datanodeUUID=afe4f488-87af-436a-a91b-00d083bcaf9f, command=[]} | ret=SUCCESS |  
2019-09-05 09:13:09,981 | INFO  | SCMAudit | user=jenkins1000 | ip=192.168.69.66 | op=SEND_HEARTBEAT {datanodeUUID=b7723663-b5a7-4cec-8abb-1432ee42201a, command=[]} | ret=SUCCESS |  
2019-09-05 09:13:09,981 | INFO  | SCMAudit | user=jenkins1000 | ip=192.168.69.66 | op=SEND_HEARTBEAT {datanodeUUID=9925e697-233b-49ae-b622-0cc1839cd635, command=[]} | ret=SUCCESS |  
2019-09-05 09:13:10,074 | INFO  | SCMAudit | user=jenkins1000 | ip=192.168.69.66 | op=SEND_HEARTBEAT {datanodeUUID=74b14207-bfad-43c2-8870-3362b92740be, command=[]} | ret=SUCCESS |  
2019-09-05 09:13:10,672 | INFO  | SCMAudit | user=jenkins1000 | ip=192.168.69.66 | op=SEND_HEARTBEAT {datanodeUUID=b742561a-6a32-4271-84e4-b9553f9c6759, command=[]} | ret=SUCCESS |  
2019-09-05 09:13:10,811 | INFO  | SCMAudit | user=jenkins1000 | ip=192.168.69.66 | op=SEND_HEARTBEAT {datanodeUUID=527ba554-0cdc-49d1-b9e7-3a69dcc23a2c, command=[]} | ret=SUCCESS |  
2019-09-05 09:13:10,868 | INFO  | SCMAudit | user=jenkins1000 | ip=192.168.69.66 | op=SEND_HEARTBEAT {datanodeUUID=afe4f488-87af-436a-a91b-00d083bcaf9f, command=[]} | ret=SUCCESS |  
2019-09-05 09:13:10,981 | INFO  | SCMAudit | user=jenkins1000 | ip=192.168.69.66 | op=SEND_HEARTBEAT {datanodeUUID=9925e697-233b-49ae-b622-0cc1839cd635, command=[]} | ret=SUCCESS |  
2019-09-05 09:13:10,981 | INFO  | SCMAudit | user=jenkins1000 | ip=192.168.69.66 | op=SEND_HEARTBEAT {datanodeUUID=b7723663-b5a7-4cec-8abb-1432ee42201a, command=[]} | ret=SUCCESS |  
2019-09-05 09:13:11,074 | INFO  | SCMAudit | user=jenkins1000 | ip=192.168.69.66 | op=SEND_HEARTBEAT {datanodeUUID=74b14207-bfad-43c2-8870-3362b92740be, command=[]} | ret=SUCCESS |  
2019-09-05 09:13:11,334 [Thread-328] INFO  impl.FollowerState (FollowerState.java:run(106)) - 74b14207-bfad-43c2-8870-3362b92740be:group-94041074BC02 changes to CANDIDATE, lastRpcTime:5046, electionTimeout:5045ms
2019-09-05 09:13:11,335 [Thread-328] INFO  impl.RoleInfo (RoleInfo.java:shutdownFollowerState(121)) - 74b14207-bfad-43c2-8870-3362b92740be: shutdown FollowerState
2019-09-05 09:13:11,335 [Thread-328] INFO  impl.RaftServerImpl (RaftServerImpl.java:setRole(171)) - 74b14207-bfad-43c2-8870-3362b92740be:group-94041074BC02 changes role from FOLLOWER to CANDIDATE at term 1 for changeToCandidate
2019-09-05 09:13:11,335 [Thread-328] INFO  impl.RoleInfo (RoleInfo.java:updateAndGet(143)) - 74b14207-bfad-43c2-8870-3362b92740be: start LeaderElection
2019-09-05 09:13:11,356 [74b14207-bfad-43c2-8870-3362b92740be:group-94041074BC02:LeaderElection12] INFO  impl.LeaderElection (LeaderElection.java:askForVotes(181)) - 74b14207-bfad-43c2-8870-3362b92740be:group-94041074BC02:LeaderElection12: begin an election at term 2 for -1: [afe4f488-87af-436a-a91b-00d083bcaf9f:192.168.69.66:37081, 527ba554-0cdc-49d1-b9e7-3a69dcc23a2c:192.168.69.66:34995, 74b14207-bfad-43c2-8870-3362b92740be:192.168.69.66:43315], old=null
2019-09-05 09:13:11,363 [grpc-default-executor-1] INFO  impl.RaftServerImpl (RaftServerImpl.java:setRole(171)) - 527ba554-0cdc-49d1-b9e7-3a69dcc23a2c:group-94041074BC02 changes role from FOLLOWER to FOLLOWER at term 2 for recognizeCandidate:74b14207-bfad-43c2-8870-3362b92740be
2019-09-05 09:13:11,363 [grpc-default-executor-3] INFO  impl.RaftServerImpl (RaftServerImpl.java:setRole(171)) - afe4f488-87af-436a-a91b-00d083bcaf9f:group-94041074BC02 changes role from FOLLOWER to FOLLOWER at term 2 for recognizeCandidate:74b14207-bfad-43c2-8870-3362b92740be
2019-09-05 09:13:11,363 [grpc-default-executor-1] INFO  impl.RoleInfo (RoleInfo.java:shutdownFollowerState(121)) - 527ba554-0cdc-49d1-b9e7-3a69dcc23a2c: shutdown FollowerState
2019-09-05 09:13:11,364 [grpc-default-executor-3] INFO  impl.RoleInfo (RoleInfo.java:shutdownFollowerState(121)) - afe4f488-87af-436a-a91b-00d083bcaf9f: shutdown FollowerState
2019-09-05 09:13:11,364 [Thread-326] INFO  impl.FollowerState (FollowerState.java:run(114)) - 527ba554-0cdc-49d1-b9e7-3a69dcc23a2c: FollowerState was interrupted: java.lang.InterruptedException: sleep interrupted
2019-09-05 09:13:11,364 [grpc-default-executor-3] INFO  impl.RoleInfo (RoleInfo.java:updateAndGet(143)) - afe4f488-87af-436a-a91b-00d083bcaf9f: start FollowerState
2019-09-05 09:13:11,364 [grpc-default-executor-1] INFO  impl.RoleInfo (RoleInfo.java:updateAndGet(143)) - 527ba554-0cdc-49d1-b9e7-3a69dcc23a2c: start FollowerState
2019-09-05 09:13:11,364 [Thread-325] INFO  impl.FollowerState (FollowerState.java:run(114)) - afe4f488-87af-436a-a91b-00d083bcaf9f: FollowerState was interrupted: java.lang.InterruptedException: sleep interrupted
2019-09-05 09:13:11,391 [74b14207-bfad-43c2-8870-3362b92740be:group-94041074BC02:LeaderElection12] INFO  impl.LeaderElection (LeaderElection.java:logAndReturn(56)) - 74b14207-bfad-43c2-8870-3362b92740be:group-94041074BC02:LeaderElection12: Election PASSED; received 1 response(s) [74b14207-bfad-43c2-8870-3362b92740be<-527ba554-0cdc-49d1-b9e7-3a69dcc23a2c#0:OK-t2] and 0 exception(s); 74b14207-bfad-43c2-8870-3362b92740be:t2, leader=null, voted=74b14207-bfad-43c2-8870-3362b92740be, raftlog=74b14207-bfad-43c2-8870-3362b92740be-SegmentedRaftLog:OPENED:c-1,f-1,i0, conf=-1: [afe4f488-87af-436a-a91b-00d083bcaf9f:192.168.69.66:37081, 527ba554-0cdc-49d1-b9e7-3a69dcc23a2c:192.168.69.66:34995, 74b14207-bfad-43c2-8870-3362b92740be:192.168.69.66:43315], old=null
2019-09-05 09:13:11,391 [74b14207-bfad-43c2-8870-3362b92740be:group-94041074BC02:LeaderElection12] INFO  impl.RoleInfo (RoleInfo.java:shutdownLeaderElection(134)) - 74b14207-bfad-43c2-8870-3362b92740be: shutdown LeaderElection
2019-09-05 09:13:11,402 [74b14207-bfad-43c2-8870-3362b92740be:group-94041074BC02:LeaderElection12] INFO  impl.RaftServerImpl (RaftServerImpl.java:setRole(171)) - 74b14207-bfad-43c2-8870-3362b92740be:group-94041074BC02 changes role from CANDIDATE to LEADER at term 2 for changeToLeader
2019-09-05 09:13:11,402 [74b14207-bfad-43c2-8870-3362b92740be:group-94041074BC02:LeaderElection12] INFO  impl.RaftServerImpl (ServerState.java:setLeader(263)) - 74b14207-bfad-43c2-8870-3362b92740be:group-94041074BC02 change Leader from null to 74b14207-bfad-43c2-8870-3362b92740be at term 2 for becomeLeader, leader elected after 10405ms
2019-09-05 09:13:11,403 [74b14207-bfad-43c2-8870-3362b92740be:group-94041074BC02:LeaderElection12] INFO  server.RaftServerConfigKeys (ConfUtils.java:logGet(43)) - raft.server.staging.catchup.gap = 1000 (default)
2019-09-05 09:13:11,403 [74b14207-bfad-43c2-8870-3362b92740be:group-94041074BC02:LeaderElection12] INFO  server.RaftServerConfigKeys (ConfUtils.java:logGet(43)) - raft.server.rpc.sleep.time = 25ms (default)
2019-09-05 09:13:11,403 [74b14207-bfad-43c2-8870-3362b92740be:group-94041074BC02:LeaderElection12] INFO  server.RaftServerConfigKeys (ConfUtils.java:logGet(43)) - raft.server.write.element-limit = 4096 (default)
2019-09-05 09:13:11,403 [74b14207-bfad-43c2-8870-3362b92740be:group-94041074BC02:LeaderElection12] INFO  server.RaftServerConfigKeys (ConfUtils.java:logGet(43)) - raft.server.watch.timeout = 10s (default)
2019-09-05 09:13:11,403 [74b14207-bfad-43c2-8870-3362b92740be:group-94041074BC02:LeaderElection12] INFO  server.RaftServerConfigKeys (ConfUtils.java:logGet(43)) - raft.server.watch.timeout.denomination = 1s (default)
2019-09-05 09:13:11,404 [74b14207-bfad-43c2-8870-3362b92740be:group-94041074BC02:LeaderElection12] INFO  server.RaftServerConfigKeys (ConfUtils.java:logGet(43)) - raft.server.watch.element-limit = 65536 (default)
2019-09-05 09:13:11,404 [74b14207-bfad-43c2-8870-3362b92740be:group-94041074BC02:LeaderElection12] INFO  server.RaftServerConfigKeys (ConfUtils.java:logGet(43)) - raft.server.log.appender.snapshot.chunk.size.max = 16MB (=16777216) (default)
2019-09-05 09:13:11,404 [74b14207-bfad-43c2-8870-3362b92740be:group-94041074BC02:LeaderElection12] INFO  server.RaftServerConfigKeys (ConfUtils.java:logGet(43)) - raft.server.log.appender.buffer.byte-limit = 33554432 (custom)
2019-09-05 09:13:11,405 [74b14207-bfad-43c2-8870-3362b92740be:group-94041074BC02:LeaderElection12] INFO  server.RaftServerConfigKeys (ConfUtils.java:logGet(43)) - raft.server.log.appender.buffer.element-limit = 1 (custom)
2019-09-05 09:13:11,405 [74b14207-bfad-43c2-8870-3362b92740be:group-94041074BC02:LeaderElection12] INFO  grpc.GrpcConfigKeys$Server (ConfUtils.java:logGet(43)) - raft.grpc.server.leader.outstanding.appends.max = 128 (default)
2019-09-05 09:13:11,405 [74b14207-bfad-43c2-8870-3362b92740be:group-94041074BC02:LeaderElection12] INFO  server.RaftServerConfigKeys (ConfUtils.java:logGet(43)) - raft.server.rpc.request.timeout = 3000ms (default)
2019-09-05 09:13:11,406 [74b14207-bfad-43c2-8870-3362b92740be:group-94041074BC02:LeaderElection12] INFO  server.RaftServerConfigKeys (ConfUtils.java:logGet(43)) - raft.server.log.appender.install.snapshot.enabled = false (custom)
2019-09-05 09:13:11,406 [74b14207-bfad-43c2-8870-3362b92740be:group-94041074BC02:LeaderElection12] INFO  server.RaftServerConfigKeys (ConfUtils.java:logGet(43)) - raft.server.log.appender.snapshot.chunk.size.max = 16MB (=16777216) (default)
2019-09-05 09:13:11,406 [74b14207-bfad-43c2-8870-3362b92740be:group-94041074BC02:LeaderElection12] INFO  server.RaftServerConfigKeys (ConfUtils.java:logGet(43)) - raft.server.log.appender.buffer.byte-limit = 33554432 (custom)
2019-09-05 09:13:11,406 [74b14207-bfad-43c2-8870-3362b92740be:group-94041074BC02:LeaderElection12] INFO  server.RaftServerConfigKeys (ConfUtils.java:logGet(43)) - raft.server.log.appender.buffer.element-limit = 1 (custom)
2019-09-05 09:13:11,407 [74b14207-bfad-43c2-8870-3362b92740be:group-94041074BC02:LeaderElection12] INFO  grpc.GrpcConfigKeys$Server (ConfUtils.java:logGet(43)) - raft.grpc.server.leader.outstanding.appends.max = 128 (default)
2019-09-05 09:13:11,407 [74b14207-bfad-43c2-8870-3362b92740be:group-94041074BC02:LeaderElection12] INFO  server.RaftServerConfigKeys (ConfUtils.java:logGet(43)) - raft.server.rpc.request.timeout = 3000ms (default)
2019-09-05 09:13:11,407 [74b14207-bfad-43c2-8870-3362b92740be:group-94041074BC02:LeaderElection12] INFO  server.RaftServerConfigKeys (ConfUtils.java:logGet(43)) - raft.server.log.appender.install.snapshot.enabled = false (custom)
2019-09-05 09:13:11,408 [74b14207-bfad-43c2-8870-3362b92740be:group-94041074BC02:LeaderElection12] INFO  impl.RoleInfo (RoleInfo.java:updateAndGet(143)) - 74b14207-bfad-43c2-8870-3362b92740be: start LeaderState
2019-09-05 09:13:11,408 [74b14207-bfad-43c2-8870-3362b92740be:group-94041074BC02:LeaderElection12] INFO  segmented.SegmentedRaftLogWorker (SegmentedRaftLogWorker.java:startLogSegment(380)) - 74b14207-bfad-43c2-8870-3362b92740be-SegmentedRaftLogWorker:Storage Directory /workdir/hadoop-ozone/integration-test/target/test-dir/MiniOzoneClusterImpl-2067a7df-0bd0-4e68-a777-bbcd763ebdf2/datanode-5/data/ratis/da7252f0-29be-4006-b3df-94041074bc02: Starting segment from index:0
2019-09-05 09:13:11,409 [74b14207-bfad-43c2-8870-3362b92740be:group-94041074BC02:LeaderElection12] INFO  impl.RaftServerImpl (ServerState.java:setRaftConf(361)) - 74b14207-bfad-43c2-8870-3362b92740be:group-94041074BC02 set configuration 0: [afe4f488-87af-436a-a91b-00d083bcaf9f:192.168.69.66:37081, 527ba554-0cdc-49d1-b9e7-3a69dcc23a2c:192.168.69.66:34995, 74b14207-bfad-43c2-8870-3362b92740be:192.168.69.66:43315], old=null at 0
2019-09-05 09:13:11,413 [grpc-default-executor-3] INFO  impl.RaftServerImpl (ServerState.java:setLeader(263)) - afe4f488-87af-436a-a91b-00d083bcaf9f:group-94041074BC02 change Leader from null to 74b14207-bfad-43c2-8870-3362b92740be at term 2 for appendEntries, leader elected after 10416ms
2019-09-05 09:13:11,443 [grpc-default-executor-3] INFO  impl.RaftServerImpl (ServerState.java:setLeader(263)) - 527ba554-0cdc-49d1-b9e7-3a69dcc23a2c:group-94041074BC02 change Leader from null to 74b14207-bfad-43c2-8870-3362b92740be at term 2 for appendEntries, leader elected after 10445ms
2019-09-05 09:13:11,446 [grpc-default-executor-3] INFO  impl.RaftServerImpl (ServerState.java:setRaftConf(361)) - afe4f488-87af-436a-a91b-00d083bcaf9f:group-94041074BC02 set configuration 0: [afe4f488-87af-436a-a91b-00d083bcaf9f:192.168.69.66:37081, 527ba554-0cdc-49d1-b9e7-3a69dcc23a2c:192.168.69.66:34995, 74b14207-bfad-43c2-8870-3362b92740be:192.168.69.66:43315], old=null at 0
2019-09-05 09:13:11,446 [grpc-default-executor-3] INFO  segmented.SegmentedRaftLogWorker (SegmentedRaftLogWorker.java:startLogSegment(380)) - afe4f488-87af-436a-a91b-00d083bcaf9f-SegmentedRaftLogWorker:Storage Directory /workdir/hadoop-ozone/integration-test/target/test-dir/MiniOzoneClusterImpl-2067a7df-0bd0-4e68-a777-bbcd763ebdf2/datanode-0/data/ratis/da7252f0-29be-4006-b3df-94041074bc02: Starting segment from index:0
2019-09-05 09:13:11,447 [grpc-default-executor-1] INFO  impl.RaftServerImpl (ServerState.java:setRaftConf(361)) - 527ba554-0cdc-49d1-b9e7-3a69dcc23a2c:group-94041074BC02 set configuration 0: [afe4f488-87af-436a-a91b-00d083bcaf9f:192.168.69.66:37081, 527ba554-0cdc-49d1-b9e7-3a69dcc23a2c:192.168.69.66:34995, 74b14207-bfad-43c2-8870-3362b92740be:192.168.69.66:43315], old=null at 0
2019-09-05 09:13:11,447 [grpc-default-executor-1] INFO  segmented.SegmentedRaftLogWorker (SegmentedRaftLogWorker.java:startLogSegment(380)) - 527ba554-0cdc-49d1-b9e7-3a69dcc23a2c-SegmentedRaftLogWorker:Storage Directory /workdir/hadoop-ozone/integration-test/target/test-dir/MiniOzoneClusterImpl-2067a7df-0bd0-4e68-a777-bbcd763ebdf2/datanode-4/data/ratis/da7252f0-29be-4006-b3df-94041074bc02: Starting segment from index:0
2019-09-05 09:13:11,455 [74b14207-bfad-43c2-8870-3362b92740be-SegmentedRaftLogWorker:Storage Directory /workdir/hadoop-ozone/integration-test/target/test-dir/MiniOzoneClusterImpl-2067a7df-0bd0-4e68-a777-bbcd763ebdf2/datanode-5/data/ratis/da7252f0-29be-4006-b3df-94041074bc02] INFO  segmented.SegmentedRaftLogWorker (SegmentedRaftLogWorker.java:execute(569)) - 74b14207-bfad-43c2-8870-3362b92740be-SegmentedRaftLogWorker:Storage Directory /workdir/hadoop-ozone/integration-test/target/test-dir/MiniOzoneClusterImpl-2067a7df-0bd0-4e68-a777-bbcd763ebdf2/datanode-5/data/ratis/da7252f0-29be-4006-b3df-94041074bc02: created new log segment /workdir/hadoop-ozone/integration-test/target/test-dir/MiniOzoneClusterImpl-2067a7df-0bd0-4e68-a777-bbcd763ebdf2/datanode-5/data/ratis/da7252f0-29be-4006-b3df-94041074bc02/current/log_inprogress_0
2019-09-05 09:13:11,502 [afe4f488-87af-436a-a91b-00d083bcaf9f-SegmentedRaftLogWorker:Storage Directory /workdir/hadoop-ozone/integration-test/target/test-dir/MiniOzoneClusterImpl-2067a7df-0bd0-4e68-a777-bbcd763ebdf2/datanode-0/data/ratis/da7252f0-29be-4006-b3df-94041074bc02] INFO  segmented.SegmentedRaftLogWorker (SegmentedRaftLogWorker.java:execute(569)) - afe4f488-87af-436a-a91b-00d083bcaf9f-SegmentedRaftLogWorker:Storage Directory /workdir/hadoop-ozone/integration-test/target/test-dir/MiniOzoneClusterImpl-2067a7df-0bd0-4e68-a777-bbcd763ebdf2/datanode-0/data/ratis/da7252f0-29be-4006-b3df-94041074bc02: created new log segment /workdir/hadoop-ozone/integration-test/target/test-dir/MiniOzoneClusterImpl-2067a7df-0bd0-4e68-a777-bbcd763ebdf2/datanode-0/data/ratis/da7252f0-29be-4006-b3df-94041074bc02/current/log_inprogress_0
2019-09-05 09:13:11,502 [527ba554-0cdc-49d1-b9e7-3a69dcc23a2c-SegmentedRaftLogWorker:Storage Directory /workdir/hadoop-ozone/integration-test/target/test-dir/MiniOzoneClusterImpl-2067a7df-0bd0-4e68-a777-bbcd763ebdf2/datanode-4/data/ratis/da7252f0-29be-4006-b3df-94041074bc02] INFO  segmented.SegmentedRaftLogWorker (SegmentedRaftLogWorker.java:execute(569)) - 527ba554-0cdc-49d1-b9e7-3a69dcc23a2c-SegmentedRaftLogWorker:Storage Directory /workdir/hadoop-ozone/integration-test/target/test-dir/MiniOzoneClusterImpl-2067a7df-0bd0-4e68-a777-bbcd763ebdf2/datanode-4/data/ratis/da7252f0-29be-4006-b3df-94041074bc02: created new log segment /workdir/hadoop-ozone/integration-test/target/test-dir/MiniOzoneClusterImpl-2067a7df-0bd0-4e68-a777-bbcd763ebdf2/datanode-4/data/ratis/da7252f0-29be-4006-b3df-94041074bc02/current/log_inprogress_0
2019-09-05 09:13:11,672 | INFO  | SCMAudit | user=jenkins1000 | ip=192.168.69.66 | op=SEND_HEARTBEAT {datanodeUUID=b742561a-6a32-4271-84e4-b9553f9c6759, command=[]} | ret=SUCCESS |  
2019-09-05 09:13:11,812 | INFO  | SCMAudit | user=jenkins1000 | ip=192.168.69.66 | op=SEND_HEARTBEAT {datanodeUUID=527ba554-0cdc-49d1-b9e7-3a69dcc23a2c, command=[]} | ret=SUCCESS |  
2019-09-05 09:13:11,868 | INFO  | SCMAudit | user=jenkins1000 | ip=192.168.69.66 | op=SEND_HEARTBEAT {datanodeUUID=afe4f488-87af-436a-a91b-00d083bcaf9f, command=[]} | ret=SUCCESS |  
2019-09-05 09:13:11,981 | INFO  | SCMAudit | user=jenkins1000 | ip=192.168.69.66 | op=SEND_HEARTBEAT {datanodeUUID=9925e697-233b-49ae-b622-0cc1839cd635, command=[]} | ret=SUCCESS |  
2019-09-05 09:13:11,981 | INFO  | SCMAudit | user=jenkins1000 | ip=192.168.69.66 | op=SEND_HEARTBEAT {datanodeUUID=b7723663-b5a7-4cec-8abb-1432ee42201a, command=[]} | ret=SUCCESS |  
2019-09-05 09:13:12,041 [EventQueue-StaleNodeForStaleNodeHandler] INFO  node.StaleNodeHandler (StaleNodeHandler.java:onMessage(58)) - Datanode 6f15dda3-1033-4118-bbd5-e00bc2779eb3{ip: 192.168.69.66, host: pr-hdds-1571-bldfb-3674279559, networkLocation: /default-rack, certSerialId: null} moved to stale state. Finalizing its pipelines [PipelineID=3b80c5e4-b7d5-4712-85a5-1e0a9fcc5a76, PipelineID=0cd31c84-2c81-4d0d-b4cd-0c4bba31f7f7]
2019-09-05 09:13:12,044 [EventQueue-StaleNodeForStaleNodeHandler] INFO  pipeline.SCMPipelineManager (SCMPipelineManager.java:finalizeAndDestroyPipeline(309)) - destroying pipeline:Pipeline[ Id: 3b80c5e4-b7d5-4712-85a5-1e0a9fcc5a76, Nodes: 6f15dda3-1033-4118-bbd5-e00bc2779eb3{ip: 192.168.69.66, host: pr-hdds-1571-bldfb-3674279559, networkLocation: /default-rack, certSerialId: null}, Type:RATIS, Factor:ONE, State:OPEN]
2019-09-05 09:13:12,046 [EventQueue-StaleNodeForStaleNodeHandler] INFO  pipeline.PipelineStateManager (PipelineStateManager.java:finalizePipeline(123)) - Pipeline Pipeline[ Id: 3b80c5e4-b7d5-4712-85a5-1e0a9fcc5a76, Nodes: 6f15dda3-1033-4118-bbd5-e00bc2779eb3{ip: 192.168.69.66, host: pr-hdds-1571-bldfb-3674279559, networkLocation: /default-rack, certSerialId: null}, Type:RATIS, Factor:ONE, State:CLOSED] moved to CLOSED state
2019-09-05 09:13:12,047 [EventQueue-StaleNodeForStaleNodeHandler] INFO  pipeline.SCMPipelineManager (SCMPipelineManager.java:finalizeAndDestroyPipeline(309)) - destroying pipeline:Pipeline[ Id: 0cd31c84-2c81-4d0d-b4cd-0c4bba31f7f7, Nodes: 6f15dda3-1033-4118-bbd5-e00bc2779eb3{ip: 192.168.69.66, host: pr-hdds-1571-bldfb-3674279559, networkLocation: /default-rack, certSerialId: null}b7723663-b5a7-4cec-8abb-1432ee42201a{ip: 192.168.69.66, host: pr-hdds-1571-bldfb-3674279559, networkLocation: /default-rack, certSerialId: null}9925e697-233b-49ae-b622-0cc1839cd635{ip: 192.168.69.66, host: pr-hdds-1571-bldfb-3674279559, networkLocation: /default-rack, certSerialId: null}, Type:RATIS, Factor:THREE, State:OPEN]
2019-09-05 09:13:12,048 [EventQueue-StaleNodeForStaleNodeHandler] INFO  pipeline.PipelineStateManager (PipelineStateManager.java:finalizePipeline(123)) - Pipeline Pipeline[ Id: 0cd31c84-2c81-4d0d-b4cd-0c4bba31f7f7, Nodes: 6f15dda3-1033-4118-bbd5-e00bc2779eb3{ip: 192.168.69.66, host: pr-hdds-1571-bldfb-3674279559, networkLocation: /default-rack, certSerialId: null}b7723663-b5a7-4cec-8abb-1432ee42201a{ip: 192.168.69.66, host: pr-hdds-1571-bldfb-3674279559, networkLocation: /default-rack, certSerialId: null}9925e697-233b-49ae-b622-0cc1839cd635{ip: 192.168.69.66, host: pr-hdds-1571-bldfb-3674279559, networkLocation: /default-rack, certSerialId: null}, Type:RATIS, Factor:THREE, State:CLOSED] moved to CLOSED state
2019-09-05 09:13:12,048 [EventQueue-CloseContainerForCloseContainerEventHandler] INFO  container.CloseContainerEventHandler (CloseContainerEventHandler.java:onMessage(61)) - Close container Event triggered for container : #1
2019-09-05 09:13:12,074 | INFO  | SCMAudit | user=jenkins1000 | ip=192.168.69.66 | op=SEND_HEARTBEAT {datanodeUUID=74b14207-bfad-43c2-8870-3362b92740be, command=[]} | ret=SUCCESS |  
2019-09-05 09:13:12,565 [main] INFO  ozoneimpl.OzoneContainer (OzoneContainer.java:stop(199)) - Attempting to stop container services.
2019-09-05 09:13:12,576 [main] INFO  impl.RaftServerProxy (RaftServerProxy.java:lambda$close$4(314)) - 6f15dda3-1033-4118-bbd5-e00bc2779eb3: close
2019-09-05 09:13:12,578 [main] INFO  impl.RaftServerImpl (RaftServerImpl.java:lambda$shutdown$3(245)) - 6f15dda3-1033-4118-bbd5-e00bc2779eb3: shutdown group-1E0A9FCC5A76
2019-09-05 09:13:12,578 [main] INFO  util.JmxRegister (JmxRegister.java:unregister(73)) - Successfully un-registered JMX Bean with object name Ratis:service=RaftServer,group=group-1E0A9FCC5A76,id=6f15dda3-1033-4118-bbd5-e00bc2779eb3
2019-09-05 09:13:12,578 [ForkJoinPool.commonPool-worker-1] INFO  impl.RaftServerImpl (RaftServerImpl.java:lambda$shutdown$3(245)) - 6f15dda3-1033-4118-bbd5-e00bc2779eb3: shutdown group-0C4BBA31F7F7
2019-09-05 09:13:12,578 [main] INFO  impl.RoleInfo (RoleInfo.java:shutdownLeaderState(104)) - 6f15dda3-1033-4118-bbd5-e00bc2779eb3: shutdown LeaderState
2019-09-05 09:13:12,578 [ForkJoinPool.commonPool-worker-1] INFO  util.JmxRegister (JmxRegister.java:unregister(73)) - Successfully un-registered JMX Bean with object name Ratis:service=RaftServer,group=group-0C4BBA31F7F7,id=6f15dda3-1033-4118-bbd5-e00bc2779eb3
2019-09-05 09:13:12,579 [ForkJoinPool.commonPool-worker-1] INFO  impl.RoleInfo (RoleInfo.java:shutdownFollowerState(121)) - 6f15dda3-1033-4118-bbd5-e00bc2779eb3: shutdown FollowerState
2019-09-05 09:13:12,579 [main] INFO  impl.PendingRequests (PendingRequests.java:sendNotLeaderResponses(202)) - 6f15dda3-1033-4118-bbd5-e00bc2779eb3-PendingRequests: sendNotLeaderResponses
2019-09-05 09:13:12,579 [Thread-321] INFO  impl.FollowerState (FollowerState.java:run(114)) - 6f15dda3-1033-4118-bbd5-e00bc2779eb3: FollowerState was interrupted: java.lang.InterruptedException: sleep interrupted
2019-09-05 09:13:12,579 [ForkJoinPool.commonPool-worker-1] INFO  impl.StateMachineUpdater (StateMachineUpdater.java:stopAndJoin(115)) - StateMachineUpdater:6f15dda3-1033-4118-bbd5-e00bc2779eb3:group-0C4BBA31F7F7: set stopIndex = 16
2019-09-05 09:13:12,579 [StateMachineUpdater:6f15dda3-1033-4118-bbd5-e00bc2779eb3:group-0C4BBA31F7F7] INFO  ratis.ContainerStateMachine (ContainerStateMachine.java:takeSnapshot(283)) - group-0C4BBA31F7F7: Taking a snapshot at:(t:1, i:14) file /workdir/hadoop-ozone/integration-test/target/test-dir/MiniOzoneClusterImpl-2067a7df-0bd0-4e68-a777-bbcd763ebdf2/datanode-6/data/ratis/0cd31c84-2c81-4d0d-b4cd-0c4bba31f7f7/sm/snapshot.1_14
2019-09-05 09:13:12,583 [main] INFO  impl.StateMachineUpdater (StateMachineUpdater.java:stopAndJoin(115)) - StateMachineUpdater:6f15dda3-1033-4118-bbd5-e00bc2779eb3:group-1E0A9FCC5A76: set stopIndex = 0
2019-09-05 09:13:12,584 [main] INFO  impl.RaftServerImpl (ServerState.java:close(394)) - 6f15dda3-1033-4118-bbd5-e00bc2779eb3:group-1E0A9FCC5A76 closes. The last applied log index is 0
2019-09-05 09:13:12,586 [6f15dda3-1033-4118-bbd5-e00bc2779eb3-SegmentedRaftLogWorker:Storage Directory /workdir/hadoop-ozone/integration-test/target/test-dir/MiniOzoneClusterImpl-2067a7df-0bd0-4e68-a777-bbcd763ebdf2/datanode-6/data/ratis/3b80c5e4-b7d5-4712-85a5-1e0a9fcc5a76] INFO  segmented.SegmentedRaftLogWorker (SegmentedRaftLogWorker.java:run(313)) - 6f15dda3-1033-4118-bbd5-e00bc2779eb3-SegmentedRaftLogWorker:Storage Directory /workdir/hadoop-ozone/integration-test/target/test-dir/MiniOzoneClusterImpl-2067a7df-0bd0-4e68-a777-bbcd763ebdf2/datanode-6/data/ratis/3b80c5e4-b7d5-4712-85a5-1e0a9fcc5a76 was interrupted, exiting. There are 0 tasks remaining in the queue.
2019-09-05 09:13:12,588 [main] INFO  segmented.SegmentedRaftLogWorker (SegmentedRaftLogWorker.java:close(228)) - 6f15dda3-1033-4118-bbd5-e00bc2779eb3-SegmentedRaftLogWorker:Storage Directory /workdir/hadoop-ozone/integration-test/target/test-dir/MiniOzoneClusterImpl-2067a7df-0bd0-4e68-a777-bbcd763ebdf2/datanode-6/data/ratis/3b80c5e4-b7d5-4712-85a5-1e0a9fcc5a76 close()
2019-09-05 09:13:12,617 [StateMachineUpdater:6f15dda3-1033-4118-bbd5-e00bc2779eb3:group-0C4BBA31F7F7] INFO  ratis.ContainerStateMachine (ContainerStateMachine.java:takeSnapshot(294)) - group-0C4BBA31F7F7: Finished taking a snapshot at:(t:1, i:14) file:/workdir/hadoop-ozone/integration-test/target/test-dir/MiniOzoneClusterImpl-2067a7df-0bd0-4e68-a777-bbcd763ebdf2/datanode-6/data/ratis/0cd31c84-2c81-4d0d-b4cd-0c4bba31f7f7/sm/snapshot.1_14 time:37
2019-09-05 09:13:12,617 [StateMachineUpdater:6f15dda3-1033-4118-bbd5-e00bc2779eb3:group-0C4BBA31F7F7] INFO  impl.StateMachineUpdater (StateMachineUpdater.java:takeSnapshot(242)) - StateMachineUpdater:6f15dda3-1033-4118-bbd5-e00bc2779eb3:group-0C4BBA31F7F7: Took a snapshot at index 14
2019-09-05 09:13:12,617 [StateMachineUpdater:6f15dda3-1033-4118-bbd5-e00bc2779eb3:group-0C4BBA31F7F7] INFO  impl.StateMachineUpdater (StateMachineUpdater.java:lambda$new$0(80)) - StateMachineUpdater:6f15dda3-1033-4118-bbd5-e00bc2779eb3:group-0C4BBA31F7F7: snapshotIndex: updateIncreasingly -1 -> 14
2019-09-05 09:13:12,620 [ForkJoinPool.commonPool-worker-1] INFO  impl.RaftServerImpl (ServerState.java:close(394)) - 6f15dda3-1033-4118-bbd5-e00bc2779eb3:group-0C4BBA31F7F7 closes. The last applied log index is 16
2019-09-05 09:13:12,621 [6f15dda3-1033-4118-bbd5-e00bc2779eb3-SegmentedRaftLogWorker:Storage Directory /workdir/hadoop-ozone/integration-test/target/test-dir/MiniOzoneClusterImpl-2067a7df-0bd0-4e68-a777-bbcd763ebdf2/datanode-6/data/ratis/0cd31c84-2c81-4d0d-b4cd-0c4bba31f7f7] INFO  segmented.SegmentedRaftLogWorker (SegmentedRaftLogWorker.java:run(313)) - 6f15dda3-1033-4118-bbd5-e00bc2779eb3-SegmentedRaftLogWorker:Storage Directory /workdir/hadoop-ozone/integration-test/target/test-dir/MiniOzoneClusterImpl-2067a7df-0bd0-4e68-a777-bbcd763ebdf2/datanode-6/data/ratis/0cd31c84-2c81-4d0d-b4cd-0c4bba31f7f7 was interrupted, exiting. There are 0 tasks remaining in the queue.
2019-09-05 09:13:12,623 [ForkJoinPool.commonPool-worker-1] INFO  segmented.SegmentedRaftLogWorker (SegmentedRaftLogWorker.java:close(228)) - 6f15dda3-1033-4118-bbd5-e00bc2779eb3-SegmentedRaftLogWorker:Storage Directory /workdir/hadoop-ozone/integration-test/target/test-dir/MiniOzoneClusterImpl-2067a7df-0bd0-4e68-a777-bbcd763ebdf2/datanode-6/data/ratis/0cd31c84-2c81-4d0d-b4cd-0c4bba31f7f7 close()
2019-09-05 09:13:12,626 [main] INFO  server.GrpcService (GrpcService.java:closeImpl(155)) - 6f15dda3-1033-4118-bbd5-e00bc2779eb3: shutdown server with port 35370 now
2019-09-05 09:13:12,632 [main] INFO  server.GrpcService (GrpcService.java:closeImpl(163)) - 6f15dda3-1033-4118-bbd5-e00bc2779eb3: shutdown server with port 35370 successfully
2019-09-05 09:13:12,632 [grpc-default-executor-1] WARN  server.GrpcServerProtocolService (LogUtils.java:warn(134)) - 6f15dda3-1033-4118-bbd5-e00bc2779eb3: appendEntries onError: org.apache.ratis.thirdparty.io.grpc.StatusRuntimeException: CANCELLED: cancelled before receiving half close
2019-09-05 09:13:12,633 [grpc-default-executor-1] WARN  server.GrpcLogAppender (LogUtils.java:warn(134)) - 9925e697-233b-49ae-b622-0cc1839cd635->6f15dda3-1033-4118-bbd5-e00bc2779eb3: Failed appendEntries: org.apache.ratis.thirdparty.io.grpc.StatusRuntimeException: CANCELLED: HTTP/2 error code: CANCEL
Received Rst Stream
2019-09-05 09:13:12,637 [grpc-default-executor-1] INFO  impl.FollowerInfo (FollowerInfo.java:lambda$new$0(50)) - 9925e697-233b-49ae-b622-0cc1839cd635->6f15dda3-1033-4118-bbd5-e00bc2779eb3: nextIndex: updateUnconditionally 17 -> 16
2019-09-05 09:13:12,637 [main] INFO  utils.BackgroundService (BackgroundService.java:shutdown(148)) - Shutting down service BlockDeletingService
2019-09-05 09:13:12,639 [refreshUsed-/workdir/hadoop-ozone/integration-test/target/test-dir/MiniOzoneClusterImpl-2067a7df-0bd0-4e68-a777-bbcd763ebdf2/datanode-6/data/containers] WARN  fs.CachingGetSpaceUsed (CachingGetSpaceUsed.java:run(183)) - Thread Interrupted waiting to refresh disk information: sleep interrupted
2019-09-05 09:13:12,655 [main] INFO  statemachine.DatanodeStateMachine (DatanodeStateMachine.java:stopDaemon(395)) - Ozone container server stopped.
2019-09-05 09:13:12,662 [main] INFO  handler.ContextHandler (ContextHandler.java:doStop(910)) - Stopped o.e.j.w.WebAppContext@2eebce87{/,null,UNAVAILABLE}{/hddsDatanode}
2019-09-05 09:13:12,667 [main] INFO  server.AbstractConnector (AbstractConnector.java:doStop(318)) - Stopped ServerConnector@6ee37ca7{HTTP/1.1,[http/1.1]}{0.0.0.0:0}
2019-09-05 09:13:12,667 [main] INFO  handler.ContextHandler (ContextHandler.java:doStop(910)) - Stopped o.e.j.s.ServletContextHandler@1c6e3ff9{/static,jar:file:/home/user/.m2/repository/org/apache/hadoop/hadoop-hdds-container-service/0.5.0-SNAPSHOT/hadoop-hdds-container-service-0.5.0-SNAPSHOT.jar!/webapps/static,UNAVAILABLE}
2019-09-05 09:13:12,667 [main] INFO  handler.ContextHandler (ContextHandler.java:doStop(910)) - Stopped o.e.j.s.ServletContextHandler@11bfffb3{/logs,file:///workdir/hadoop-ozone/integration-test/target/log,UNAVAILABLE}
2019-09-05 09:13:12,669 [main] INFO  datanode.ObjectStoreHandler (ObjectStoreHandler.java:close(155)) - Closing ObjectStoreHandler.
2019-09-05 09:13:12,669 [main] INFO  ozone.HddsDatanodeService (HddsDatanodeService.java:stop(451)) - Stopped plug-in org.apache.hadoop.ozone.web.OzoneHddsDatanodeService@2faa55bb
2019-09-05 09:13:12,672 | INFO  | SCMAudit | user=jenkins1000 | ip=192.168.69.66 | op=SEND_HEARTBEAT {datanodeUUID=b742561a-6a32-4271-84e4-b9553f9c6759, command=[]} | ret=SUCCESS |  
2019-09-05 09:13:12,812 | INFO  | SCMAudit | user=jenkins1000 | ip=192.168.69.66 | op=SEND_HEARTBEAT {datanodeUUID=527ba554-0cdc-49d1-b9e7-3a69dcc23a2c, command=[]} | ret=SUCCESS |  
2019-09-05 09:13:12,868 | INFO  | SCMAudit | user=jenkins1000 | ip=192.168.69.66 | op=SEND_HEARTBEAT {datanodeUUID=afe4f488-87af-436a-a91b-00d083bcaf9f, command=[]} | ret=SUCCESS |  
2019-09-05 09:13:12,979 [Datanode State Machine Thread - 0] INFO  statemachine.DatanodeStateMachine (DatanodeStateMachine.java:lambda$startDaemon$0(350)) - Ozone container server started.
2019-09-05 09:13:13,020 | INFO  | SCMAudit | user=jenkins1000 | ip=192.168.69.66 | op=SEND_HEARTBEAT {datanodeUUID=9925e697-233b-49ae-b622-0cc1839cd635, command=[commandType: closeContainerCommand closeContainerCommandProto { containerID: 1 pipelineID { id: "0cd31c84-2c81-4d0d-b4cd-0c4bba31f7f7" } cmdId: 1 force: false } ]} | ret=SUCCESS |  
2019-09-05 09:13:13,074 | INFO  | SCMAudit | user=jenkins1000 | ip=192.168.69.66 | op=SEND_HEARTBEAT {datanodeUUID=74b14207-bfad-43c2-8870-3362b92740be, command=[]} | ret=SUCCESS |  
2019-09-05 09:13:13,672 | INFO  | SCMAudit | user=jenkins1000 | ip=192.168.69.66 | op=SEND_HEARTBEAT {datanodeUUID=b742561a-6a32-4271-84e4-b9553f9c6759, command=[]} | ret=SUCCESS |  
2019-09-05 09:13:13,812 | INFO  | SCMAudit | user=jenkins1000 | ip=192.168.69.66 | op=SEND_HEARTBEAT {datanodeUUID=527ba554-0cdc-49d1-b9e7-3a69dcc23a2c, command=[]} | ret=SUCCESS |  
2019-09-05 09:13:13,868 | INFO  | SCMAudit | user=jenkins1000 | ip=192.168.69.66 | op=SEND_HEARTBEAT {datanodeUUID=afe4f488-87af-436a-a91b-00d083bcaf9f, command=[]} | ret=SUCCESS |  
2019-09-05 09:13:13,981 | INFO  | SCMAudit | user=jenkins1000 | ip=192.168.69.66 | op=SEND_HEARTBEAT {datanodeUUID=9925e697-233b-49ae-b622-0cc1839cd635, command=[]} | ret=SUCCESS |  
2019-09-05 09:13:14,074 | INFO  | SCMAudit | user=jenkins1000 | ip=192.168.69.66 | op=SEND_HEARTBEAT {datanodeUUID=74b14207-bfad-43c2-8870-3362b92740be, command=[]} | ret=SUCCESS |  
2019-09-05 09:13:14,672 | INFO  | SCMAudit | user=jenkins1000 | ip=192.168.69.66 | op=SEND_HEARTBEAT {datanodeUUID=b742561a-6a32-4271-84e4-b9553f9c6759, command=[]} | ret=SUCCESS |  
2019-09-05 09:13:14,813 | INFO  | SCMAudit | user=jenkins1000 | ip=192.168.69.66 | op=SEND_HEARTBEAT {datanodeUUID=527ba554-0cdc-49d1-b9e7-3a69dcc23a2c, command=[]} | ret=SUCCESS |  
2019-09-05 09:13:14,868 | INFO  | SCMAudit | user=jenkins1000 | ip=192.168.69.66 | op=SEND_HEARTBEAT {datanodeUUID=afe4f488-87af-436a-a91b-00d083bcaf9f, command=[]} | ret=SUCCESS |  
2019-09-05 09:13:14,981 | INFO  | SCMAudit | user=jenkins1000 | ip=192.168.69.66 | op=SEND_HEARTBEAT {datanodeUUID=9925e697-233b-49ae-b622-0cc1839cd635, command=[]} | ret=SUCCESS |  
2019-09-05 09:13:15,063 | INFO  | SCMAudit | user=jenkins1000 | ip=192.168.69.66 | op=SEND_HEARTBEAT {datanodeUUID=9925e697-233b-49ae-b622-0cc1839cd635, command=[]} | ret=SUCCESS |  
2019-09-05 09:13:15,073 | INFO  | SCMAudit | user=jenkins1000 | ip=192.168.69.66 | op=SEND_HEARTBEAT {datanodeUUID=74b14207-bfad-43c2-8870-3362b92740be, command=[]} | ret=SUCCESS |  
2019-09-05 09:13:15,076 [grpc-default-executor-2] WARN  server.GrpcLogAppender (LogUtils.java:warn(134)) - 9925e697-233b-49ae-b622-0cc1839cd635->6f15dda3-1033-4118-bbd5-e00bc2779eb3: Failed appendEntries: org.apache.ratis.thirdparty.io.grpc.StatusRuntimeException: UNAVAILABLE: io exception
2019-09-05 09:13:15,078 [grpc-default-executor-2] INFO  impl.FollowerInfo (FollowerInfo.java:lambda$new$0(50)) - 9925e697-233b-49ae-b622-0cc1839cd635->6f15dda3-1033-4118-bbd5-e00bc2779eb3: nextIndex: updateUnconditionally 16 -> 15
2019-09-05 09:13:15,090 [grpc-default-executor-3] WARN  server.GrpcLogAppender (LogUtils.java:warn(134)) - 9925e697-233b-49ae-b622-0cc1839cd635->6f15dda3-1033-4118-bbd5-e00bc2779eb3: Failed appendEntries: org.apache.ratis.thirdparty.io.grpc.StatusRuntimeException: UNAVAILABLE: io exception
2019-09-05 09:13:15,093 [grpc-default-executor-3] INFO  impl.FollowerInfo (FollowerInfo.java:lambda$new$0(50)) - 9925e697-233b-49ae-b622-0cc1839cd635->6f15dda3-1033-4118-bbd5-e00bc2779eb3: nextIndex: updateUnconditionally 16 -> 15
2019-09-05 09:13:15,097 [RatisApplyTransactionExecutor 1] INFO  interfaces.Container (KeyValueContainer.java:flushAndSyncDB(382)) - Container 1 is synced with bcsId 14.
2019-09-05 09:13:15,097 [RatisApplyTransactionExecutor 1] INFO  interfaces.Container (KeyValueContainer.java:flushAndSyncDB(382)) - Container 1 is synced with bcsId 14.
2019-09-05 09:13:15,176 | INFO  | DNAudit | user=null | ip=null | op=CLOSE_CONTAINER {containerID=1} | ret=SUCCESS |  
2019-09-05 09:13:15,178 | INFO  | SCMAudit | user=jenkins1000 | ip=192.168.69.66 | op=SEND_HEARTBEAT {datanodeUUID=9925e697-233b-49ae-b622-0cc1839cd635, command=[]} | ret=SUCCESS |  
2019-09-05 09:13:15,178 [EventQueue-IncrementalContainerReportForIncrementalContainerReportHandler] INFO  container.IncrementalContainerReportHandler (AbstractContainerReportHandler.java:updateContainerState(176)) - Moving container #1 to CLOSED state, datanode 9925e697-233b-49ae-b622-0cc1839cd635{ip: 192.168.69.66, host: pr-hdds-1571-bldfb-3674279559, networkLocation: /default-rack, certSerialId: null} reported CLOSED replica.
2019-09-05 09:13:15,229 [RatisApplyTransactionExecutor 1] INFO  interfaces.Container (KeyValueContainer.java:flushAndSyncDB(382)) - Container 1 is synced with bcsId 14.
2019-09-05 09:13:15,232 [RatisApplyTransactionExecutor 1] INFO  interfaces.Container (KeyValueContainer.java:flushAndSyncDB(382)) - Container 1 is synced with bcsId 14.
2019-09-05 09:13:15,287 | INFO  | DNAudit | user=null | ip=null | op=CLOSE_CONTAINER {containerID=1} | ret=SUCCESS |  
2019-09-05 09:13:15,672 | INFO  | SCMAudit | user=jenkins1000 | ip=192.168.69.66 | op=SEND_HEARTBEAT {datanodeUUID=b742561a-6a32-4271-84e4-b9553f9c6759, command=[]} | ret=SUCCESS |  
2019-09-05 09:13:15,813 | INFO  | SCMAudit | user=jenkins1000 | ip=192.168.69.66 | op=SEND_HEARTBEAT {datanodeUUID=527ba554-0cdc-49d1-b9e7-3a69dcc23a2c, command=[]} | ret=SUCCESS |  
2019-09-05 09:13:15,868 | INFO  | SCMAudit | user=jenkins1000 | ip=192.168.69.66 | op=SEND_HEARTBEAT {datanodeUUID=afe4f488-87af-436a-a91b-00d083bcaf9f, command=[]} | ret=SUCCESS |  
2019-09-05 09:13:16,073 | INFO  | SCMAudit | user=jenkins1000 | ip=192.168.69.66 | op=SEND_HEARTBEAT {datanodeUUID=74b14207-bfad-43c2-8870-3362b92740be, command=[]} | ret=SUCCESS |  
2019-09-05 09:13:16,175 | INFO  | SCMAudit | user=jenkins1000 | ip=192.168.69.66 | op=SEND_HEARTBEAT {datanodeUUID=9925e697-233b-49ae-b622-0cc1839cd635, command=[]} | ret=SUCCESS |  
2019-09-05 09:13:16,672 | INFO  | SCMAudit | user=jenkins1000 | ip=192.168.69.66 | op=SEND_HEARTBEAT {datanodeUUID=b742561a-6a32-4271-84e4-b9553f9c6759, command=[]} | ret=SUCCESS |  
2019-09-05 09:13:16,813 | INFO  | SCMAudit | user=jenkins1000 | ip=192.168.69.66 | op=SEND_HEARTBEAT {datanodeUUID=527ba554-0cdc-49d1-b9e7-3a69dcc23a2c, command=[]} | ret=SUCCESS |  
2019-09-05 09:13:16,868 | INFO  | SCMAudit | user=jenkins1000 | ip=192.168.69.66 | op=SEND_HEARTBEAT {datanodeUUID=afe4f488-87af-436a-a91b-00d083bcaf9f, command=[]} | ret=SUCCESS |  
2019-09-05 09:13:17,052 [EventQueue-StaleNodeForStaleNodeHandler] INFO  node.StaleNodeHandler (StaleNodeHandler.java:onMessage(58)) - Datanode b7723663-b5a7-4cec-8abb-1432ee42201a{ip: 192.168.69.66, host: pr-hdds-1571-bldfb-3674279559, networkLocation: /default-rack, certSerialId: null} moved to stale state. Finalizing its pipelines [PipelineID=ca9742b2-ea55-4cb3-80b4-88eb7ce59053, PipelineID=0cd31c84-2c81-4d0d-b4cd-0c4bba31f7f7]
2019-09-05 09:13:17,052 [EventQueue-StaleNodeForStaleNodeHandler] INFO  pipeline.SCMPipelineManager (SCMPipelineManager.java:finalizeAndDestroyPipeline(309)) - destroying pipeline:Pipeline[ Id: ca9742b2-ea55-4cb3-80b4-88eb7ce59053, Nodes: b7723663-b5a7-4cec-8abb-1432ee42201a{ip: 192.168.69.66, host: pr-hdds-1571-bldfb-3674279559, networkLocation: /default-rack, certSerialId: null}, Type:RATIS, Factor:ONE, State:OPEN]
2019-09-05 09:13:17,053 [EventQueue-StaleNodeForStaleNodeHandler] INFO  pipeline.PipelineStateManager (PipelineStateManager.java:finalizePipeline(123)) - Pipeline Pipeline[ Id: ca9742b2-ea55-4cb3-80b4-88eb7ce59053, Nodes: b7723663-b5a7-4cec-8abb-1432ee42201a{ip: 192.168.69.66, host: pr-hdds-1571-bldfb-3674279559, networkLocation: /default-rack, certSerialId: null}, Type:RATIS, Factor:ONE, State:CLOSED] moved to CLOSED state
2019-09-05 09:13:17,053 [EventQueue-StaleNodeForStaleNodeHandler] INFO  pipeline.SCMPipelineManager (SCMPipelineManager.java:finalizeAndDestroyPipeline(309)) - destroying pipeline:Pipeline[ Id: 0cd31c84-2c81-4d0d-b4cd-0c4bba31f7f7, Nodes: 6f15dda3-1033-4118-bbd5-e00bc2779eb3{ip: 192.168.69.66, host: pr-hdds-1571-bldfb-3674279559, networkLocation: /default-rack, certSerialId: null}b7723663-b5a7-4cec-8abb-1432ee42201a{ip: 192.168.69.66, host: pr-hdds-1571-bldfb-3674279559, networkLocation: /default-rack, certSerialId: null}9925e697-233b-49ae-b622-0cc1839cd635{ip: 192.168.69.66, host: pr-hdds-1571-bldfb-3674279559, networkLocation: /default-rack, certSerialId: null}, Type:RATIS, Factor:THREE, State:CLOSED]
2019-09-05 09:13:17,074 | INFO  | SCMAudit | user=jenkins1000 | ip=192.168.69.66 | op=SEND_HEARTBEAT {datanodeUUID=74b14207-bfad-43c2-8870-3362b92740be, command=[]} | ret=SUCCESS |  
2019-09-05 09:13:17,175 | INFO  | SCMAudit | user=jenkins1000 | ip=192.168.69.66 | op=SEND_HEARTBEAT {datanodeUUID=9925e697-233b-49ae-b622-0cc1839cd635, command=[]} | ret=SUCCESS |  
2019-09-05 09:13:17,598 [grpc-default-executor-1] WARN  server.GrpcLogAppender (LogUtils.java:warn(134)) - 9925e697-233b-49ae-b622-0cc1839cd635->6f15dda3-1033-4118-bbd5-e00bc2779eb3: Failed appendEntries: org.apache.ratis.thirdparty.io.grpc.StatusRuntimeException: UNAVAILABLE: io exception
2019-09-05 09:13:17,601 [grpc-default-executor-1] INFO  impl.FollowerInfo (FollowerInfo.java:lambda$new$0(50)) - 9925e697-233b-49ae-b622-0cc1839cd635->6f15dda3-1033-4118-bbd5-e00bc2779eb3: nextIndex: updateUnconditionally 15 -> 14
2019-09-05 09:13:17,670 [main] INFO  ozoneimpl.OzoneContainer (OzoneContainer.java:stop(199)) - Attempting to stop container services.
2019-09-05 09:13:17,670 [main] INFO  impl.RaftServerProxy (RaftServerProxy.java:lambda$close$4(314)) - b7723663-b5a7-4cec-8abb-1432ee42201a: close
2019-09-05 09:13:17,670 [main] INFO  impl.RaftServerImpl (RaftServerImpl.java:lambda$shutdown$3(245)) - b7723663-b5a7-4cec-8abb-1432ee42201a: shutdown group-88EB7CE59053
2019-09-05 09:13:17,671 [main] INFO  util.JmxRegister (JmxRegister.java:unregister(73)) - Successfully un-registered JMX Bean with object name Ratis:service=RaftServer,group=group-88EB7CE59053,id=b7723663-b5a7-4cec-8abb-1432ee42201a
2019-09-05 09:13:17,671 [main] INFO  impl.RoleInfo (RoleInfo.java:shutdownLeaderState(104)) - b7723663-b5a7-4cec-8abb-1432ee42201a: shutdown LeaderState
2019-09-05 09:13:17,671 [main] INFO  impl.PendingRequests (PendingRequests.java:sendNotLeaderResponses(202)) - b7723663-b5a7-4cec-8abb-1432ee42201a-PendingRequests: sendNotLeaderResponses
2019-09-05 09:13:17,672 | INFO  | SCMAudit | user=jenkins1000 | ip=192.168.69.66 | op=SEND_HEARTBEAT {datanodeUUID=b742561a-6a32-4271-84e4-b9553f9c6759, command=[]} | ret=SUCCESS |  
2019-09-05 09:13:17,672 [main] INFO  impl.StateMachineUpdater (StateMachineUpdater.java:stopAndJoin(115)) - StateMachineUpdater:b7723663-b5a7-4cec-8abb-1432ee42201a:group-88EB7CE59053: set stopIndex = 0
2019-09-05 09:13:17,672 [main] INFO  impl.RaftServerImpl (ServerState.java:close(394)) - b7723663-b5a7-4cec-8abb-1432ee42201a:group-88EB7CE59053 closes. The last applied log index is 0
2019-09-05 09:13:17,672 [b7723663-b5a7-4cec-8abb-1432ee42201a-SegmentedRaftLogWorker:Storage Directory /workdir/hadoop-ozone/integration-test/target/test-dir/MiniOzoneClusterImpl-2067a7df-0bd0-4e68-a777-bbcd763ebdf2/datanode-1/data/ratis/ca9742b2-ea55-4cb3-80b4-88eb7ce59053] INFO  segmented.SegmentedRaftLogWorker (SegmentedRaftLogWorker.java:run(313)) - b7723663-b5a7-4cec-8abb-1432ee42201a-SegmentedRaftLogWorker:Storage Directory /workdir/hadoop-ozone/integration-test/target/test-dir/MiniOzoneClusterImpl-2067a7df-0bd0-4e68-a777-bbcd763ebdf2/datanode-1/data/ratis/ca9742b2-ea55-4cb3-80b4-88eb7ce59053 was interrupted, exiting. There are 0 tasks remaining in the queue.
2019-09-05 09:13:17,675 [main] INFO  segmented.SegmentedRaftLogWorker (SegmentedRaftLogWorker.java:close(228)) - b7723663-b5a7-4cec-8abb-1432ee42201a-SegmentedRaftLogWorker:Storage Directory /workdir/hadoop-ozone/integration-test/target/test-dir/MiniOzoneClusterImpl-2067a7df-0bd0-4e68-a777-bbcd763ebdf2/datanode-1/data/ratis/ca9742b2-ea55-4cb3-80b4-88eb7ce59053 close()
2019-09-05 09:13:17,677 [main] INFO  impl.RaftServerImpl (RaftServerImpl.java:lambda$shutdown$3(245)) - b7723663-b5a7-4cec-8abb-1432ee42201a: shutdown group-0C4BBA31F7F7
2019-09-05 09:13:17,677 [main] INFO  util.JmxRegister (JmxRegister.java:unregister(73)) - Successfully un-registered JMX Bean with object name Ratis:service=RaftServer,group=group-0C4BBA31F7F7,id=b7723663-b5a7-4cec-8abb-1432ee42201a
2019-09-05 09:13:17,677 [main] INFO  impl.RoleInfo (RoleInfo.java:shutdownFollowerState(121)) - b7723663-b5a7-4cec-8abb-1432ee42201a: shutdown FollowerState
2019-09-05 09:13:17,678 [main] INFO  impl.StateMachineUpdater (StateMachineUpdater.java:stopAndJoin(115)) - StateMachineUpdater:b7723663-b5a7-4cec-8abb-1432ee42201a:group-0C4BBA31F7F7: set stopIndex = 18
2019-09-05 09:13:17,678 [StateMachineUpdater:b7723663-b5a7-4cec-8abb-1432ee42201a:group-0C4BBA31F7F7] INFO  ratis.ContainerStateMachine (ContainerStateMachine.java:takeSnapshot(283)) - group-0C4BBA31F7F7: Taking a snapshot at:(t:1, i:17) file /workdir/hadoop-ozone/integration-test/target/test-dir/MiniOzoneClusterImpl-2067a7df-0bd0-4e68-a777-bbcd763ebdf2/datanode-1/data/ratis/0cd31c84-2c81-4d0d-b4cd-0c4bba31f7f7/sm/snapshot.1_17
2019-09-05 09:13:17,678 [Thread-322] INFO  impl.FollowerState (FollowerState.java:run(114)) - b7723663-b5a7-4cec-8abb-1432ee42201a: FollowerState was interrupted: java.lang.InterruptedException: sleep interrupted
2019-09-05 09:13:17,813 | INFO  | SCMAudit | user=jenkins1000 | ip=192.168.69.66 | op=SEND_HEARTBEAT {datanodeUUID=527ba554-0cdc-49d1-b9e7-3a69dcc23a2c, command=[]} | ret=SUCCESS |  
2019-09-05 09:13:17,868 | INFO  | SCMAudit | user=jenkins1000 | ip=192.168.69.66 | op=SEND_HEARTBEAT {datanodeUUID=afe4f488-87af-436a-a91b-00d083bcaf9f, command=[]} | ret=SUCCESS |  
2019-09-05 09:13:18,074 | INFO  | SCMAudit | user=jenkins1000 | ip=192.168.69.66 | op=SEND_HEARTBEAT {datanodeUUID=74b14207-bfad-43c2-8870-3362b92740be, command=[]} | ret=SUCCESS |  
2019-09-05 09:13:18,106 [StateMachineUpdater:b7723663-b5a7-4cec-8abb-1432ee42201a:group-0C4BBA31F7F7] INFO  ratis.ContainerStateMachine (ContainerStateMachine.java:takeSnapshot(294)) - group-0C4BBA31F7F7: Finished taking a snapshot at:(t:1, i:17) file:/workdir/hadoop-ozone/integration-test/target/test-dir/MiniOzoneClusterImpl-2067a7df-0bd0-4e68-a777-bbcd763ebdf2/datanode-1/data/ratis/0cd31c84-2c81-4d0d-b4cd-0c4bba31f7f7/sm/snapshot.1_17 time:428
2019-09-05 09:13:18,106 [StateMachineUpdater:b7723663-b5a7-4cec-8abb-1432ee42201a:group-0C4BBA31F7F7] INFO  impl.StateMachineUpdater (StateMachineUpdater.java:takeSnapshot(242)) - StateMachineUpdater:b7723663-b5a7-4cec-8abb-1432ee42201a:group-0C4BBA31F7F7: Took a snapshot at index 17
2019-09-05 09:13:18,106 [StateMachineUpdater:b7723663-b5a7-4cec-8abb-1432ee42201a:group-0C4BBA31F7F7] INFO  impl.StateMachineUpdater (StateMachineUpdater.java:lambda$new$0(80)) - StateMachineUpdater:b7723663-b5a7-4cec-8abb-1432ee42201a:group-0C4BBA31F7F7: snapshotIndex: updateIncreasingly -1 -> 17
2019-09-05 09:13:18,107 [main] INFO  impl.RaftServerImpl (ServerState.java:close(394)) - b7723663-b5a7-4cec-8abb-1432ee42201a:group-0C4BBA31F7F7 closes. The last applied log index is 18
2019-09-05 09:13:18,108 [b7723663-b5a7-4cec-8abb-1432ee42201a-SegmentedRaftLogWorker:Storage Directory /workdir/hadoop-ozone/integration-test/target/test-dir/MiniOzoneClusterImpl-2067a7df-0bd0-4e68-a777-bbcd763ebdf2/datanode-1/data/ratis/0cd31c84-2c81-4d0d-b4cd-0c4bba31f7f7] INFO  segmented.SegmentedRaftLogWorker (SegmentedRaftLogWorker.java:run(313)) - b7723663-b5a7-4cec-8abb-1432ee42201a-SegmentedRaftLogWorker:Storage Directory /workdir/hadoop-ozone/integration-test/target/test-dir/MiniOzoneClusterImpl-2067a7df-0bd0-4e68-a777-bbcd763ebdf2/datanode-1/data/ratis/0cd31c84-2c81-4d0d-b4cd-0c4bba31f7f7 was interrupted, exiting. There are 0 tasks remaining in the queue.
2019-09-05 09:13:18,111 [main] INFO  segmented.SegmentedRaftLogWorker (SegmentedRaftLogWorker.java:close(228)) - b7723663-b5a7-4cec-8abb-1432ee42201a-SegmentedRaftLogWorker:Storage Directory /workdir/hadoop-ozone/integration-test/target/test-dir/MiniOzoneClusterImpl-2067a7df-0bd0-4e68-a777-bbcd763ebdf2/datanode-1/data/ratis/0cd31c84-2c81-4d0d-b4cd-0c4bba31f7f7 close()
2019-09-05 09:13:18,115 [main] INFO  server.GrpcService (GrpcService.java:closeImpl(155)) - b7723663-b5a7-4cec-8abb-1432ee42201a: shutdown server with port 45839 now
2019-09-05 09:13:18,116 [grpc-default-executor-3] WARN  server.GrpcServerProtocolService (LogUtils.java:warn(134)) - b7723663-b5a7-4cec-8abb-1432ee42201a: appendEntries onError: org.apache.ratis.thirdparty.io.grpc.StatusRuntimeException: CANCELLED: cancelled before receiving half close
2019-09-05 09:13:18,117 [main] INFO  server.GrpcService (GrpcService.java:closeImpl(163)) - b7723663-b5a7-4cec-8abb-1432ee42201a: shutdown server with port 45839 successfully
2019-09-05 09:13:18,118 [grpc-default-executor-1] WARN  server.GrpcLogAppender (LogUtils.java:warn(134)) - 9925e697-233b-49ae-b622-0cc1839cd635->b7723663-b5a7-4cec-8abb-1432ee42201a: Failed appendEntries: org.apache.ratis.thirdparty.io.grpc.StatusRuntimeException: CANCELLED: HTTP/2 error code: CANCEL
Received Rst Stream
2019-09-05 09:13:18,119 [grpc-default-executor-1] INFO  impl.FollowerInfo (FollowerInfo.java:lambda$new$0(50)) - 9925e697-233b-49ae-b622-0cc1839cd635->b7723663-b5a7-4cec-8abb-1432ee42201a: nextIndex: updateUnconditionally 19 -> 18
2019-09-05 09:13:18,119 [main] INFO  utils.BackgroundService (BackgroundService.java:shutdown(148)) - Shutting down service BlockDeletingService
2019-09-05 09:13:18,121 [refreshUsed-/workdir/hadoop-ozone/integration-test/target/test-dir/MiniOzoneClusterImpl-2067a7df-0bd0-4e68-a777-bbcd763ebdf2/datanode-1/data/containers] WARN  fs.CachingGetSpaceUsed (CachingGetSpaceUsed.java:run(183)) - Thread Interrupted waiting to refresh disk information: sleep interrupted
2019-09-05 09:13:18,140 [main] INFO  statemachine.DatanodeStateMachine (DatanodeStateMachine.java:stopDaemon(395)) - Ozone container server stopped.
2019-09-05 09:13:18,141 [main] INFO  handler.ContextHandler (ContextHandler.java:doStop(910)) - Stopped o.e.j.w.WebAppContext@1f536481{/,null,UNAVAILABLE}{/hddsDatanode}
2019-09-05 09:13:18,142 [main] INFO  server.AbstractConnector (AbstractConnector.java:doStop(318)) - Stopped ServerConnector@5ce2889e{HTTP/1.1,[http/1.1]}{0.0.0.0:0}
2019-09-05 09:13:18,142 [main] INFO  handler.ContextHandler (ContextHandler.java:doStop(910)) - Stopped o.e.j.s.ServletContextHandler@43d65a81{/static,jar:file:/home/user/.m2/repository/org/apache/hadoop/hadoop-hdds-container-service/0.5.0-SNAPSHOT/hadoop-hdds-container-service-0.5.0-SNAPSHOT.jar!/webapps/static,UNAVAILABLE}
2019-09-05 09:13:18,142 [main] INFO  handler.ContextHandler (ContextHandler.java:doStop(910)) - Stopped o.e.j.s.ServletContextHandler@22ead351{/logs,file:///workdir/hadoop-ozone/integration-test/target/log,UNAVAILABLE}
2019-09-05 09:13:18,146 | ERROR | DNAudit | user=null | ip=null | op=WRITE_CHUNK {blockData=conID: 1 locID: 102739134469767169 bcsId: 14} | ret=FAILURE | org.apache.hadoop.hdds.scm.container.common.helpers.ContainerNotOpenException: Container 1 in CLOSED state
	at org.apache.hadoop.ozone.container.common.impl.HddsDispatcher.validateContainerCommand(HddsDispatcher.java:408)
	at org.apache.hadoop.ozone.container.common.transport.server.ratis.ContainerStateMachine.startTransaction(ContainerStateMachine.java:309) 
2019-09-05 09:13:18,167 | ERROR | DNAudit | user=null | ip=null | op=WRITE_CHUNK {blockData=conID: 1 locID: 102739134469767169 bcsId: 14} | ret=FAILURE | org.apache.hadoop.hdds.scm.container.common.helpers.ContainerNotOpenException: Container 1 in CLOSED state
	at org.apache.hadoop.ozone.container.common.impl.HddsDispatcher.validateContainerCommand(HddsDispatcher.java:408)
	at org.apache.hadoop.ozone.container.common.transport.server.ratis.ContainerStateMachine.startTransaction(ContainerStateMachine.java:309) 
2019-09-05 09:13:18,172 | ERROR | DNAudit | user=null | ip=null | op=PUT_BLOCK {blockData=[blockId=conID: 1 locID: 102739134469767169 bcsId: 0,size=650]} | ret=FAILURE | org.apache.hadoop.hdds.scm.container.common.helpers.ContainerNotOpenException: Container 1 in CLOSED state
	at org.apache.hadoop.ozone.container.common.impl.HddsDispatcher.validateContainerCommand(HddsDispatcher.java:408)
	at org.apache.hadoop.ozone.container.common.transport.server.ratis.ContainerStateMachine.startTransaction(ContainerStateMachine.java:309) 
2019-09-05 09:13:18,176 | INFO  | SCMAudit | user=jenkins1000 | ip=192.168.69.66 | op=SEND_HEARTBEAT {datanodeUUID=9925e697-233b-49ae-b622-0cc1839cd635, command=[]} | ret=SUCCESS |  
2019-09-05 09:13:18,176 [grpc-default-executor-3] INFO  client.GrpcClientProtocolClient (GrpcClientProtocolClient.java:onNext(255)) - client-A679407C5E1E->9925e697-233b-49ae-b622-0cc1839cd635: receive RaftClientReply:client-A679407C5E1E->9925e697-233b-49ae-b622-0cc1839cd635@group-0C4BBA31F7F7, cid=22, FAILED org.apache.ratis.protocol.StateMachineException: org.apache.hadoop.hdds.scm.container.common.helpers.ContainerNotOpenException from Server 9925e697-233b-49ae-b622-0cc1839cd635: Container 1 in CLOSED state, logIndex=0, commits[9925e697-233b-49ae-b622-0cc1839cd635:c18, b7723663-b5a7-4cec-8abb-1432ee42201a:c18, 6f15dda3-1033-4118-bbd5-e00bc2779eb3:c16]
2019-09-05 09:13:18,175 | ERROR | DNAudit | user=null | ip=null | op=WRITE_CHUNK {blockData=conID: 1 locID: 102739134469767169 bcsId: 14} | ret=FAILURE | org.apache.hadoop.hdds.scm.container.common.helpers.ContainerNotOpenException: Container 1 in CLOSED state
	at org.apache.hadoop.ozone.container.common.impl.HddsDispatcher.validateContainerCommand(HddsDispatcher.java:408)
	at org.apache.hadoop.ozone.container.common.transport.server.ratis.ContainerStateMachine.startTransaction(ContainerStateMachine.java:309) 
2019-09-05 09:13:18,178 [grpc-default-executor-3] INFO  client.GrpcClientProtocolClient (GrpcClientProtocolClient.java:onNext(255)) - client-A679407C5E1E->9925e697-233b-49ae-b622-0cc1839cd635: receive RaftClientReply:client-A679407C5E1E->9925e697-233b-49ae-b622-0cc1839cd635@group-0C4BBA31F7F7, cid=23, FAILED org.apache.ratis.protocol.StateMachineException: org.apache.hadoop.hdds.scm.container.common.helpers.ContainerNotOpenException from Server 9925e697-233b-49ae-b622-0cc1839cd635: Container 1 in CLOSED state, logIndex=0, commits[9925e697-233b-49ae-b622-0cc1839cd635:c18, b7723663-b5a7-4cec-8abb-1432ee42201a:c18, 6f15dda3-1033-4118-bbd5-e00bc2779eb3:c16]
2019-09-05 09:13:18,179 | ERROR | DNAudit | user=null | ip=null | op=WRITE_CHUNK {blockData=conID: 1 locID: 102739134469767169 bcsId: 14} | ret=FAILURE | org.apache.hadoop.hdds.scm.container.common.helpers.ContainerNotOpenException: Container 1 in CLOSED state
	at org.apache.hadoop.ozone.container.common.impl.HddsDispatcher.validateContainerCommand(HddsDispatcher.java:408)
	at org.apache.hadoop.ozone.container.common.transport.server.ratis.ContainerStateMachine.startTransaction(ContainerStateMachine.java:309) 
2019-09-05 09:13:18,181 [grpc-default-executor-3] INFO  client.GrpcClientProtocolClient (GrpcClientProtocolClient.java:onNext(255)) - client-A679407C5E1E->9925e697-233b-49ae-b622-0cc1839cd635: receive RaftClientReply:client-A679407C5E1E->9925e697-233b-49ae-b622-0cc1839cd635@group-0C4BBA31F7F7, cid=24, FAILED org.apache.ratis.protocol.StateMachineException: org.apache.hadoop.hdds.scm.container.common.helpers.ContainerNotOpenException from Server 9925e697-233b-49ae-b622-0cc1839cd635: Container 1 in CLOSED state, logIndex=0, commits[9925e697-233b-49ae-b622-0cc1839cd635:c18, b7723663-b5a7-4cec-8abb-1432ee42201a:c18, 6f15dda3-1033-4118-bbd5-e00bc2779eb3:c16]
2019-09-05 09:13:18,182 | ERROR | DNAudit | user=null | ip=null | op=PUT_BLOCK {blockData=[blockId=conID: 1 locID: 102739134469767169 bcsId: 0,size=800]} | ret=FAILURE | org.apache.hadoop.hdds.scm.container.common.helpers.ContainerNotOpenException: Container 1 in CLOSED state
	at org.apache.hadoop.ozone.container.common.impl.HddsDispatcher.validateContainerCommand(HddsDispatcher.java:408)
	at org.apache.hadoop.ozone.container.common.transport.server.ratis.ContainerStateMachine.startTransaction(ContainerStateMachine.java:309) 
2019-09-05 09:13:18,183 [grpc-default-executor-3] INFO  client.GrpcClientProtocolClient (GrpcClientProtocolClient.java:onNext(255)) - client-A679407C5E1E->9925e697-233b-49ae-b622-0cc1839cd635: receive RaftClientReply:client-A679407C5E1E->9925e697-233b-49ae-b622-0cc1839cd635@group-0C4BBA31F7F7, cid=25, FAILED org.apache.ratis.protocol.StateMachineException: org.apache.hadoop.hdds.scm.container.common.helpers.ContainerNotOpenException from Server 9925e697-233b-49ae-b622-0cc1839cd635: Container 1 in CLOSED state, logIndex=0, commits[9925e697-233b-49ae-b622-0cc1839cd635:c18, b7723663-b5a7-4cec-8abb-1432ee42201a:c18, 6f15dda3-1033-4118-bbd5-e00bc2779eb3:c16]
2019-09-05 09:13:18,185 [grpc-default-executor-3] INFO  client.GrpcClientProtocolClient (GrpcClientProtocolClient.java:onNext(255)) - client-A679407C5E1E->9925e697-233b-49ae-b622-0cc1839cd635: receive RaftClientReply:client-A679407C5E1E->9925e697-233b-49ae-b622-0cc1839cd635@group-0C4BBA31F7F7, cid=26, FAILED org.apache.ratis.protocol.StateMachineException: org.apache.hadoop.hdds.scm.container.common.helpers.ContainerNotOpenException from Server 9925e697-233b-49ae-b622-0cc1839cd635: Container 1 in CLOSED state, logIndex=0, commits[9925e697-233b-49ae-b622-0cc1839cd635:c18, b7723663-b5a7-4cec-8abb-1432ee42201a:c18, 6f15dda3-1033-4118-bbd5-e00bc2779eb3:c16]
2019-09-05 09:13:18,187 [grpc-default-executor-3] INFO  client.GrpcClientProtocolClient (GrpcClientProtocolClient.java:onNext(255)) - client-A679407C5E1E->9925e697-233b-49ae-b622-0cc1839cd635: receive RaftClientReply:client-A679407C5E1E->9925e697-233b-49ae-b622-0cc1839cd635@group-0C4BBA31F7F7, cid=27, FAILED org.apache.ratis.protocol.StateMachineException: org.apache.hadoop.hdds.scm.container.common.helpers.ContainerNotOpenException from Server 9925e697-233b-49ae-b622-0cc1839cd635: Container 1 in CLOSED state, logIndex=0, commits[9925e697-233b-49ae-b622-0cc1839cd635:c18, b7723663-b5a7-4cec-8abb-1432ee42201a:c18, 6f15dda3-1033-4118-bbd5-e00bc2779eb3:c16]
2019-09-05 09:13:18,213 | INFO  | SCMAudit | user=jenkins1000 | ip=192.168.69.66 | op=ALLOCATE_BLOCK {owner=540e0109-0e28-4c24-9b8e-506c8aabff86, size=800, type=RATIS, factor=THREE} | ret=SUCCESS |  
2019-09-05 09:13:18,215 | INFO  | OMAudit | user=jenkins1000 | ip=127.0.0.1 | op=ALLOCATE_BLOCK {volume=testblockoutputstream, bucket=testblockoutputstream, key=395bc5cf-27cd-4376-9d5a-563df6962976, dataSize=0, replicationType=null, replicationFactor=null, keyLocationInfo=null, clientID=102739134463082496} | ret=SUCCESS |  
2019-09-05 09:13:18,227 [grpc-default-executor-3] INFO  client.GrpcClientProtocolClient (GrpcClientProtocolClient.java:onNext(255)) - client-AFC9857B6074->afe4f488-87af-436a-a91b-00d083bcaf9f: receive RaftClientReply:client-AFC9857B6074->afe4f488-87af-436a-a91b-00d083bcaf9f@group-94041074BC02, cid=28, FAILED org.apache.ratis.protocol.NotLeaderException: Server afe4f488-87af-436a-a91b-00d083bcaf9f is not the leader (74b14207-bfad-43c2-8870-3362b92740be:192.168.69.66:43315). Request must be sent to leader., logIndex=0, commits[afe4f488-87af-436a-a91b-00d083bcaf9f:c0, 527ba554-0cdc-49d1-b9e7-3a69dcc23a2c:c0, 74b14207-bfad-43c2-8870-3362b92740be:c0]
2019-09-05 09:13:18,419 | INFO  | DNAudit | user=null | ip=null | op=WRITE_CHUNK {blockData=conID: 2 locID: 102739135575687170 bcsId: 0} | ret=SUCCESS |  
2019-09-05 09:13:18,419 | INFO  | DNAudit | user=null | ip=null | op=WRITE_CHUNK {blockData=conID: 2 locID: 102739135575687170 bcsId: 0} | ret=SUCCESS |  
2019-09-05 09:13:18,419 | INFO  | DNAudit | user=null | ip=null | op=WRITE_CHUNK {blockData=conID: 2 locID: 102739135575687170 bcsId: 0} | ret=SUCCESS |  
2019-09-05 09:13:18,420 | INFO  | SCMAudit | user=jenkins1000 | ip=192.168.69.66 | op=SEND_HEARTBEAT {datanodeUUID=527ba554-0cdc-49d1-b9e7-3a69dcc23a2c, command=[]} | ret=SUCCESS |  
2019-09-05 09:13:18,421 | INFO  | SCMAudit | user=jenkins1000 | ip=192.168.69.66 | op=SEND_HEARTBEAT {datanodeUUID=afe4f488-87af-436a-a91b-00d083bcaf9f, command=[]} | ret=SUCCESS |  
2019-09-05 09:13:18,421 | INFO  | SCMAudit | user=jenkins1000 | ip=192.168.69.66 | op=SEND_HEARTBEAT {datanodeUUID=74b14207-bfad-43c2-8870-3362b92740be, command=[]} | ret=SUCCESS |  
2019-09-05 09:13:18,439 | INFO  | DNAudit | user=null | ip=null | op=WRITE_CHUNK {blockData=conID: 2 locID: 102739135575687170 bcsId: 0} | ret=SUCCESS |  
2019-09-05 09:13:18,450 [grpc-default-executor-1] INFO  client.GrpcClientProtocolClient (GrpcClientProtocolClient.java:onNext(255)) - client-AFC9857B6074->74b14207-bfad-43c2-8870-3362b92740be: receive RaftClientReply:client-AFC9857B6074->74b14207-bfad-43c2-8870-3362b92740be@group-94041074BC02, cid=28, SUCCESS, logIndex=1, commits[74b14207-bfad-43c2-8870-3362b92740be:c1, afe4f488-87af-436a-a91b-00d083bcaf9f:c0, 527ba554-0cdc-49d1-b9e7-3a69dcc23a2c:c0]
2019-09-05 09:13:18,455 | INFO  | DNAudit | user=null | ip=null | op=WRITE_CHUNK {blockData=conID: 2 locID: 102739135575687170 bcsId: 0} | ret=SUCCESS |  
2019-09-05 09:13:18,455 | INFO  | DNAudit | user=null | ip=null | op=WRITE_CHUNK {blockData=conID: 2 locID: 102739135575687170 bcsId: 0} | ret=SUCCESS |  
2019-09-05 09:13:18,457 | INFO  | DNAudit | user=null | ip=null | op=WRITE_CHUNK {blockData=conID: 2 locID: 102739135575687170 bcsId: 0} | ret=SUCCESS |  
2019-09-05 09:13:18,458 | INFO  | DNAudit | user=null | ip=null | op=WRITE_CHUNK {blockData=conID: 2 locID: 102739135575687170 bcsId: 0} | ret=SUCCESS |  
2019-09-05 09:13:18,458 | INFO  | DNAudit | user=null | ip=null | op=WRITE_CHUNK {blockData=conID: 2 locID: 102739135575687170 bcsId: 0} | ret=SUCCESS |  
2019-09-05 09:13:18,460 | INFO  | DNAudit | user=null | ip=null | op=WRITE_CHUNK {blockData=conID: 2 locID: 102739135575687170 bcsId: 0} | ret=SUCCESS |  
2019-09-05 09:13:18,467 | INFO  | DNAudit | user=null | ip=null | op=WRITE_CHUNK {blockData=conID: 2 locID: 102739135575687170 bcsId: 0} | ret=SUCCESS |  
2019-09-05 09:13:18,468 | INFO  | DNAudit | user=null | ip=null | op=WRITE_CHUNK {blockData=conID: 2 locID: 102739135575687170 bcsId: 0} | ret=SUCCESS |  
2019-09-05 09:13:18,468 | INFO  | DNAudit | user=null | ip=null | op=WRITE_CHUNK {blockData=conID: 2 locID: 102739135575687170 bcsId: 0} | ret=SUCCESS |  
2019-09-05 09:13:18,469 | INFO  | DNAudit | user=null | ip=null | op=WRITE_CHUNK {blockData=conID: 2 locID: 102739135575687170 bcsId: 0} | ret=SUCCESS |  
2019-09-05 09:13:18,469 | INFO  | DNAudit | user=null | ip=null | op=WRITE_CHUNK {blockData=conID: 2 locID: 102739135575687170 bcsId: 0} | ret=SUCCESS |  
2019-09-05 09:13:18,484 | INFO  | DNAudit | user=null | ip=null | op=WRITE_CHUNK {blockData=conID: 2 locID: 102739135575687170 bcsId: 0} | ret=SUCCESS |  
2019-09-05 09:13:18,488 [grpc-default-executor-2] INFO  client.GrpcClientProtocolClient (GrpcClientProtocolClient.java:onNext(255)) - client-AFC9857B6074->74b14207-bfad-43c2-8870-3362b92740be: receive RaftClientReply:client-AFC9857B6074->74b14207-bfad-43c2-8870-3362b92740be@group-94041074BC02, cid=29, SUCCESS, logIndex=3, commits[74b14207-bfad-43c2-8870-3362b92740be:c4, afe4f488-87af-436a-a91b-00d083bcaf9f:c2, 527ba554-0cdc-49d1-b9e7-3a69dcc23a2c:c2]
2019-09-05 09:13:18,498 | INFO  | DNAudit | user=null | ip=null | op=WRITE_CHUNK {blockData=conID: 2 locID: 102739135575687170 bcsId: 0} | ret=SUCCESS |  
2019-09-05 09:13:18,498 | INFO  | DNAudit | user=null | ip=null | op=WRITE_CHUNK {blockData=conID: 2 locID: 102739135575687170 bcsId: 0} | ret=SUCCESS |  
2019-09-05 09:13:18,627 | INFO  | DNAudit | user=null | ip=null | op=PUT_BLOCK {blockData=[blockId=conID: 2 locID: 102739135575687170 bcsId: 0,size=200]} | ret=SUCCESS |  
2019-09-05 09:13:18,628 | INFO  | DNAudit | user=null | ip=null | op=WRITE_CHUNK {blockData=conID: 2 locID: 102739135575687170 bcsId: 0} | ret=SUCCESS |  
2019-09-05 09:13:18,630 [grpc-default-executor-2] INFO  client.GrpcClientProtocolClient (GrpcClientProtocolClient.java:onNext(255)) - client-AFC9857B6074->74b14207-bfad-43c2-8870-3362b92740be: receive RaftClientReply:client-AFC9857B6074->74b14207-bfad-43c2-8870-3362b92740be@group-94041074BC02, cid=30, SUCCESS, logIndex=4, commits[74b14207-bfad-43c2-8870-3362b92740be:c12, afe4f488-87af-436a-a91b-00d083bcaf9f:c7, 527ba554-0cdc-49d1-b9e7-3a69dcc23a2c:c7]
2019-09-05 09:13:18,631 [grpc-default-executor-2] INFO  client.GrpcClientProtocolClient (GrpcClientProtocolClient.java:onNext(255)) - client-AFC9857B6074->74b14207-bfad-43c2-8870-3362b92740be: receive RaftClientReply:client-AFC9857B6074->74b14207-bfad-43c2-8870-3362b92740be@group-94041074BC02, cid=31, SUCCESS, logIndex=5, commits[74b14207-bfad-43c2-8870-3362b92740be:c12, afe4f488-87af-436a-a91b-00d083bcaf9f:c7, 527ba554-0cdc-49d1-b9e7-3a69dcc23a2c:c7]
2019-09-05 09:13:18,639 | INFO  | DNAudit | user=null | ip=null | op=WRITE_CHUNK {blockData=conID: 2 locID: 102739135575687170 bcsId: 0} | ret=SUCCESS |  
2019-09-05 09:13:18,644 [grpc-default-executor-2] INFO  client.GrpcClientProtocolClient (GrpcClientProtocolClient.java:onNext(255)) - client-AFC9857B6074->74b14207-bfad-43c2-8870-3362b92740be: receive RaftClientReply:client-AFC9857B6074->74b14207-bfad-43c2-8870-3362b92740be@group-94041074BC02, cid=32, SUCCESS, logIndex=6, commits[74b14207-bfad-43c2-8870-3362b92740be:c12, afe4f488-87af-436a-a91b-00d083bcaf9f:c7, 527ba554-0cdc-49d1-b9e7-3a69dcc23a2c:c7]
2019-09-05 09:13:18,672 | INFO  | SCMAudit | user=jenkins1000 | ip=192.168.69.66 | op=SEND_HEARTBEAT {datanodeUUID=b742561a-6a32-4271-84e4-b9553f9c6759, command=[]} | ret=SUCCESS |  
2019-09-05 09:13:18,710 | INFO  | DNAudit | user=null | ip=null | op=PUT_BLOCK {blockData=[blockId=conID: 2 locID: 102739135575687170 bcsId: 0,size=200]} | ret=SUCCESS |  
2019-09-05 09:13:18,711 | INFO  | DNAudit | user=null | ip=null | op=WRITE_CHUNK {blockData=conID: 2 locID: 102739135575687170 bcsId: 0} | ret=SUCCESS |  
2019-09-05 09:13:18,711 | INFO  | DNAudit | user=null | ip=null | op=WRITE_CHUNK {blockData=conID: 2 locID: 102739135575687170 bcsId: 0} | ret=SUCCESS |  
2019-09-05 09:13:18,797 | INFO  | DNAudit | user=null | ip=null | op=PUT_BLOCK {blockData=[blockId=conID: 2 locID: 102739135575687170 bcsId: 0,size=400]} | ret=SUCCESS |  
2019-09-05 09:13:18,797 | INFO  | DNAudit | user=null | ip=null | op=PUT_BLOCK {blockData=[blockId=conID: 2 locID: 102739135575687170 bcsId: 0,size=400]} | ret=SUCCESS |  
2019-09-05 09:13:18,800 [grpc-default-executor-2] INFO  client.GrpcClientProtocolClient (GrpcClientProtocolClient.java:onNext(255)) - client-AFC9857B6074->74b14207-bfad-43c2-8870-3362b92740be: receive RaftClientReply:client-AFC9857B6074->74b14207-bfad-43c2-8870-3362b92740be@group-94041074BC02, cid=33, SUCCESS, logIndex=7, commits[74b14207-bfad-43c2-8870-3362b92740be:c12, afe4f488-87af-436a-a91b-00d083bcaf9f:c7, 527ba554-0cdc-49d1-b9e7-3a69dcc23a2c:c7]
2019-09-05 09:13:18,805 | INFO  | DNAudit | user=null | ip=null | op=WRITE_CHUNK {blockData=conID: 2 locID: 102739135575687170 bcsId: 7} | ret=SUCCESS |  
2019-09-05 09:13:18,806 | INFO  | DNAudit | user=null | ip=null | op=WRITE_CHUNK {blockData=conID: 2 locID: 102739135575687170 bcsId: 7} | ret=SUCCESS |  
2019-09-05 09:13:18,807 | INFO  | DNAudit | user=null | ip=null | op=WRITE_CHUNK {blockData=conID: 2 locID: 102739135575687170 bcsId: 7} | ret=SUCCESS |  
2019-09-05 09:13:18,852 | INFO  | DNAudit | user=null | ip=null | op=PUT_BLOCK {blockData=[blockId=conID: 2 locID: 102739135575687170 bcsId: 0,size=200]} | ret=SUCCESS |  
2019-09-05 09:13:18,852 | INFO  | DNAudit | user=null | ip=null | op=WRITE_CHUNK {blockData=conID: 2 locID: 102739135575687170 bcsId: 0} | ret=SUCCESS |  
2019-09-05 09:13:18,853 | INFO  | DNAudit | user=null | ip=null | op=WRITE_CHUNK {blockData=conID: 2 locID: 102739135575687170 bcsId: 0} | ret=SUCCESS |  
2019-09-05 09:13:18,857 | INFO  | DNAudit | user=null | ip=null | op=PUT_BLOCK {blockData=[blockId=conID: 2 locID: 102739135575687170 bcsId: 0,size=400]} | ret=SUCCESS |  
2019-09-05 09:13:18,866 | INFO  | DNAudit | user=null | ip=null | op=WRITE_CHUNK {blockData=conID: 2 locID: 102739135575687170 bcsId: 7} | ret=SUCCESS |  
2019-09-05 09:13:18,869 [grpc-default-executor-2] INFO  client.GrpcClientProtocolClient (GrpcClientProtocolClient.java:onNext(255)) - client-AFC9857B6074->74b14207-bfad-43c2-8870-3362b92740be: receive RaftClientReply:client-AFC9857B6074->74b14207-bfad-43c2-8870-3362b92740be@group-94041074BC02, cid=34, SUCCESS, logIndex=13, commits[74b14207-bfad-43c2-8870-3362b92740be:c13, afe4f488-87af-436a-a91b-00d083bcaf9f:c12, 527ba554-0cdc-49d1-b9e7-3a69dcc23a2c:c12]
2019-09-05 09:13:18,905 | INFO  | DNAudit | user=null | ip=null | op=WRITE_CHUNK {blockData=conID: 2 locID: 102739135575687170 bcsId: 7} | ret=SUCCESS |  
2019-09-05 09:13:18,905 | INFO  | DNAudit | user=null | ip=null | op=WRITE_CHUNK {blockData=conID: 2 locID: 102739135575687170 bcsId: 7} | ret=SUCCESS |  
2019-09-05 09:13:18,905 | INFO  | DNAudit | user=null | ip=null | op=PUT_BLOCK {blockData=[blockId=conID: 2 locID: 102739135575687170 bcsId: 0,size=450]} | ret=SUCCESS |  
2019-09-05 09:13:18,908 [grpc-default-executor-2] INFO  client.GrpcClientProtocolClient (GrpcClientProtocolClient.java:onNext(255)) - client-AFC9857B6074->74b14207-bfad-43c2-8870-3362b92740be: receive RaftClientReply:client-AFC9857B6074->74b14207-bfad-43c2-8870-3362b92740be@group-94041074BC02, cid=35, SUCCESS, logIndex=14, commits[74b14207-bfad-43c2-8870-3362b92740be:c14, afe4f488-87af-436a-a91b-00d083bcaf9f:c12, 527ba554-0cdc-49d1-b9e7-3a69dcc23a2c:c12]
2019-09-05 09:13:19,176 | INFO  | SCMAudit | user=jenkins1000 | ip=192.168.69.66 | op=SEND_HEARTBEAT {datanodeUUID=9925e697-233b-49ae-b622-0cc1839cd635, command=[]} | ret=SUCCESS |  
2019-09-05 09:13:19,418 | INFO  | SCMAudit | user=jenkins1000 | ip=192.168.69.66 | op=SEND_HEARTBEAT {datanodeUUID=74b14207-bfad-43c2-8870-3362b92740be, command=[]} | ret=SUCCESS |  
2019-09-05 09:13:19,418 | INFO  | SCMAudit | user=jenkins1000 | ip=192.168.69.66 | op=SEND_HEARTBEAT {datanodeUUID=527ba554-0cdc-49d1-b9e7-3a69dcc23a2c, command=[]} | ret=SUCCESS |  
2019-09-05 09:13:19,418 | INFO  | SCMAudit | user=jenkins1000 | ip=192.168.69.66 | op=SEND_HEARTBEAT {datanodeUUID=afe4f488-87af-436a-a91b-00d083bcaf9f, command=[]} | ret=SUCCESS |  
2019-09-05 09:13:19,672 | INFO  | SCMAudit | user=jenkins1000 | ip=192.168.69.66 | op=SEND_HEARTBEAT {datanodeUUID=b742561a-6a32-4271-84e4-b9553f9c6759, command=[]} | ret=SUCCESS |  
2019-09-05 09:13:19,913 [main] WARN  scm.XceiverClientRatis (XceiverClientRatis.java:watchForCommit(262)) - 3 way commit failed on pipeline Pipeline[ Id: da7252f0-29be-4006-b3df-94041074bc02, Nodes: afe4f488-87af-436a-a91b-00d083bcaf9f{ip: 192.168.69.66, host: pr-hdds-1571-bldfb-3674279559, networkLocation: /default-rack, certSerialId: null}527ba554-0cdc-49d1-b9e7-3a69dcc23a2c{ip: 192.168.69.66, host: pr-hdds-1571-bldfb-3674279559, networkLocation: /default-rack, certSerialId: null}74b14207-bfad-43c2-8870-3362b92740be{ip: 192.168.69.66, host: pr-hdds-1571-bldfb-3674279559, networkLocation: /default-rack, certSerialId: null}, Type:RATIS, Factor:THREE, State:OPEN]
java.util.concurrent.TimeoutException
	at java.util.concurrent.CompletableFuture.timedGet(CompletableFuture.java:1771)
	at java.util.concurrent.CompletableFuture.get(CompletableFuture.java:1915)
	at org.apache.hadoop.hdds.scm.XceiverClientRatis.watchForCommit(XceiverClientRatis.java:259)
	at org.apache.hadoop.hdds.scm.storage.CommitWatcher.watchForCommit(CommitWatcher.java:194)
	at org.apache.hadoop.hdds.scm.storage.CommitWatcher.watchOnLastIndex(CommitWatcher.java:157)
	at org.apache.hadoop.hdds.scm.storage.BlockOutputStream.watchForCommit(BlockOutputStream.java:347)
	at org.apache.hadoop.hdds.scm.storage.BlockOutputStream.handleFlush(BlockOutputStream.java:479)
	at org.apache.hadoop.hdds.scm.storage.BlockOutputStream.flush(BlockOutputStream.java:428)
	at org.apache.hadoop.ozone.client.io.BlockOutputStreamEntry.flush(BlockOutputStreamEntry.java:136)
	at org.apache.hadoop.ozone.client.io.KeyOutputStream.handleFlushOrClose(KeyOutputStream.java:442)
	at org.apache.hadoop.ozone.client.io.KeyOutputStream.flush(KeyOutputStream.java:396)
	at org.apache.hadoop.ozone.client.io.OzoneOutputStream.flush(OzoneOutputStream.java:54)
	at org.apache.hadoop.ozone.client.rpc.TestBlockOutputStreamWithFailures.test2DatanodesFailure(TestBlockOutputStreamWithFailures.java:502)
	at sun.reflect.NativeMethodAccessorImpl.invoke0(Native Method)
	at sun.reflect.NativeMethodAccessorImpl.invoke(NativeMethodAccessorImpl.java:62)
	at sun.reflect.DelegatingMethodAccessorImpl.invoke(DelegatingMethodAccessorImpl.java:43)
	at java.lang.reflect.Method.invoke(Method.java:498)
	at org.junit.runners.model.FrameworkMethod$1.runReflectiveCall(FrameworkMethod.java:47)
	at org.junit.internal.runners.model.ReflectiveCallable.run(ReflectiveCallable.java:12)
	at org.junit.runners.model.FrameworkMethod.invokeExplosively(FrameworkMethod.java:44)
	at org.junit.internal.runners.statements.InvokeMethod.evaluate(InvokeMethod.java:17)
	at org.junit.internal.runners.statements.RunBefores.evaluate(RunBefores.java:26)
	at org.junit.internal.runners.statements.RunAfters.evaluate(RunAfters.java:27)
	at org.junit.runners.ParentRunner.runLeaf(ParentRunner.java:271)
	at org.junit.runners.BlockJUnit4ClassRunner.runChild(BlockJUnit4ClassRunner.java:70)
	at org.junit.runners.BlockJUnit4ClassRunner.runChild(BlockJUnit4ClassRunner.java:50)
	at org.junit.runners.ParentRunner$3.run(ParentRunner.java:238)
	at org.junit.runners.ParentRunner$1.schedule(ParentRunner.java:63)
	at org.junit.runners.ParentRunner.runChildren(ParentRunner.java:236)
	at org.junit.runners.ParentRunner.access$000(ParentRunner.java:53)
	at org.junit.runners.ParentRunner$2.evaluate(ParentRunner.java:229)
	at org.junit.runners.ParentRunner.run(ParentRunner.java:309)
	at org.apache.maven.surefire.junit4.JUnit4Provider.execute(JUnit4Provider.java:365)
	at org.apache.maven.surefire.junit4.JUnit4Provider.executeWithRerun(JUnit4Provider.java:273)
	at org.apache.maven.surefire.junit4.JUnit4Provider.executeTestSet(JUnit4Provider.java:238)
	at org.apache.maven.surefire.junit4.JUnit4Provider.invoke(JUnit4Provider.java:159)
	at org.apache.maven.surefire.booter.ForkedBooter.invokeProviderInSameClassLoader(ForkedBooter.java:384)
	at org.apache.maven.surefire.booter.ForkedBooter.runSuitesInProcess(ForkedBooter.java:345)
	at org.apache.maven.surefire.booter.ForkedBooter.execute(ForkedBooter.java:126)
	at org.apache.maven.surefire.booter.ForkedBooter.main(ForkedBooter.java:418)
2019-09-05 09:13:20,107 [grpc-default-executor-1] WARN  server.GrpcLogAppender (LogUtils.java:warn(134)) - 9925e697-233b-49ae-b622-0cc1839cd635->6f15dda3-1033-4118-bbd5-e00bc2779eb3: Failed appendEntries: org.apache.ratis.thirdparty.io.grpc.StatusRuntimeException: UNAVAILABLE: io exception
2019-09-05 09:13:20,107 [grpc-default-executor-0] WARN  server.GrpcLogAppender (LogUtils.java:warn(134)) - 9925e697-233b-49ae-b622-0cc1839cd635->b7723663-b5a7-4cec-8abb-1432ee42201a: Failed appendEntries: org.apache.ratis.thirdparty.io.grpc.StatusRuntimeException: UNAVAILABLE: io exception
2019-09-05 09:13:20,111 [grpc-default-executor-1] INFO  impl.FollowerInfo (FollowerInfo.java:lambda$new$0(50)) - 9925e697-233b-49ae-b622-0cc1839cd635->6f15dda3-1033-4118-bbd5-e00bc2779eb3: nextIndex: updateUnconditionally 14 -> 13
2019-09-05 09:13:20,111 [grpc-default-executor-0] INFO  impl.FollowerInfo (FollowerInfo.java:lambda$new$0(50)) - 9925e697-233b-49ae-b622-0cc1839cd635->b7723663-b5a7-4cec-8abb-1432ee42201a: nextIndex: updateUnconditionally 18 -> 17
2019-09-05 09:13:20,176 | INFO  | SCMAudit | user=jenkins1000 | ip=192.168.69.66 | op=SEND_HEARTBEAT {datanodeUUID=9925e697-233b-49ae-b622-0cc1839cd635, command=[]} | ret=SUCCESS |  
2019-09-05 09:13:20,418 | INFO  | SCMAudit | user=jenkins1000 | ip=192.168.69.66 | op=SEND_HEARTBEAT {datanodeUUID=afe4f488-87af-436a-a91b-00d083bcaf9f, command=[]} | ret=SUCCESS |  
2019-09-05 09:13:20,418 | INFO  | SCMAudit | user=jenkins1000 | ip=192.168.69.66 | op=SEND_HEARTBEAT {datanodeUUID=74b14207-bfad-43c2-8870-3362b92740be, command=[]} | ret=SUCCESS |  
2019-09-05 09:13:20,419 | INFO  | SCMAudit | user=jenkins1000 | ip=192.168.69.66 | op=SEND_HEARTBEAT {datanodeUUID=527ba554-0cdc-49d1-b9e7-3a69dcc23a2c, command=[]} | ret=SUCCESS |  
2019-09-05 09:13:20,672 | INFO  | SCMAudit | user=jenkins1000 | ip=192.168.69.66 | op=SEND_HEARTBEAT {datanodeUUID=b742561a-6a32-4271-84e4-b9553f9c6759, command=[]} | ret=SUCCESS |  
2019-09-05 09:13:20,917 [main] WARN  storage.CommitWatcher (CommitWatcher.java:watchForCommit(203)) - watchForCommit failed for index 14
java.util.concurrent.TimeoutException
	at java.util.concurrent.CompletableFuture.timedGet(CompletableFuture.java:1771)
	at java.util.concurrent.CompletableFuture.get(CompletableFuture.java:1915)
	at org.apache.hadoop.hdds.scm.XceiverClientRatis.watchForCommit(XceiverClientRatis.java:268)
	at org.apache.hadoop.hdds.scm.storage.CommitWatcher.watchForCommit(CommitWatcher.java:194)
	at org.apache.hadoop.hdds.scm.storage.CommitWatcher.watchOnLastIndex(CommitWatcher.java:157)
	at org.apache.hadoop.hdds.scm.storage.BlockOutputStream.watchForCommit(BlockOutputStream.java:347)
	at org.apache.hadoop.hdds.scm.storage.BlockOutputStream.handleFlush(BlockOutputStream.java:479)
	at org.apache.hadoop.hdds.scm.storage.BlockOutputStream.flush(BlockOutputStream.java:428)
	at org.apache.hadoop.ozone.client.io.BlockOutputStreamEntry.flush(BlockOutputStreamEntry.java:136)
	at org.apache.hadoop.ozone.client.io.KeyOutputStream.handleFlushOrClose(KeyOutputStream.java:442)
	at org.apache.hadoop.ozone.client.io.KeyOutputStream.flush(KeyOutputStream.java:396)
	at org.apache.hadoop.ozone.client.io.OzoneOutputStream.flush(OzoneOutputStream.java:54)
	at org.apache.hadoop.ozone.client.rpc.TestBlockOutputStreamWithFailures.test2DatanodesFailure(TestBlockOutputStreamWithFailures.java:502)
	at sun.reflect.NativeMethodAccessorImpl.invoke0(Native Method)
	at sun.reflect.NativeMethodAccessorImpl.invoke(NativeMethodAccessorImpl.java:62)
	at sun.reflect.DelegatingMethodAccessorImpl.invoke(DelegatingMethodAccessorImpl.java:43)
	at java.lang.reflect.Method.invoke(Method.java:498)
	at org.junit.runners.model.FrameworkMethod$1.runReflectiveCall(FrameworkMethod.java:47)
	at org.junit.internal.runners.model.ReflectiveCallable.run(ReflectiveCallable.java:12)
	at org.junit.runners.model.FrameworkMethod.invokeExplosively(FrameworkMethod.java:44)
	at org.junit.internal.runners.statements.InvokeMethod.evaluate(InvokeMethod.java:17)
	at org.junit.internal.runners.statements.RunBefores.evaluate(RunBefores.java:26)
	at org.junit.internal.runners.statements.RunAfters.evaluate(RunAfters.java:27)
	at org.junit.runners.ParentRunner.runLeaf(ParentRunner.java:271)
	at org.junit.runners.BlockJUnit4ClassRunner.runChild(BlockJUnit4ClassRunner.java:70)
	at org.junit.runners.BlockJUnit4ClassRunner.runChild(BlockJUnit4ClassRunner.java:50)
	at org.junit.runners.ParentRunner$3.run(ParentRunner.java:238)
	at org.junit.runners.ParentRunner$1.schedule(ParentRunner.java:63)
	at org.junit.runners.ParentRunner.runChildren(ParentRunner.java:236)
	at org.junit.runners.ParentRunner.access$000(ParentRunner.java:53)
	at org.junit.runners.ParentRunner$2.evaluate(ParentRunner.java:229)
	at org.junit.runners.ParentRunner.run(ParentRunner.java:309)
	at org.apache.maven.surefire.junit4.JUnit4Provider.execute(JUnit4Provider.java:365)
	at org.apache.maven.surefire.junit4.JUnit4Provider.executeWithRerun(JUnit4Provider.java:273)
	at org.apache.maven.surefire.junit4.JUnit4Provider.executeTestSet(JUnit4Provider.java:238)
	at org.apache.maven.surefire.junit4.JUnit4Provider.invoke(JUnit4Provider.java:159)
	at org.apache.maven.surefire.booter.ForkedBooter.invokeProviderInSameClassLoader(ForkedBooter.java:384)
	at org.apache.maven.surefire.booter.ForkedBooter.runSuitesInProcess(ForkedBooter.java:345)
	at org.apache.maven.surefire.booter.ForkedBooter.execute(ForkedBooter.java:126)
	at org.apache.maven.surefire.booter.ForkedBooter.main(ForkedBooter.java:418)
2019-09-05 09:13:20,918 [main] WARN  io.KeyOutputStream (KeyOutputStream.java:handleException(276)) - Encountered exception java.io.IOException: Unexpected Storage Container Exception: java.io.IOException: Unexpected Storage Container Exception: java.util.concurrent.TimeoutException on the pipeline Pipeline[ Id: da7252f0-29be-4006-b3df-94041074bc02, Nodes: afe4f488-87af-436a-a91b-00d083bcaf9f{ip: 192.168.69.66, host: pr-hdds-1571-bldfb-3674279559, networkLocation: /default-rack, certSerialId: null}527ba554-0cdc-49d1-b9e7-3a69dcc23a2c{ip: 192.168.69.66, host: pr-hdds-1571-bldfb-3674279559, networkLocation: /default-rack, certSerialId: null}74b14207-bfad-43c2-8870-3362b92740be{ip: 192.168.69.66, host: pr-hdds-1571-bldfb-3674279559, networkLocation: /default-rack, certSerialId: null}, Type:RATIS, Factor:THREE, State:OPEN]. The last committed block length is 400, uncommitted data length is 50 retry count 0
2019-09-05 09:13:20,928 [IPC Server handler 0 on 46606] WARN  block.BlockManagerImpl (BlockManagerImpl.java:allocateBlock(192)) - Pipeline creation failed for type:RATIS factor:THREE. Retrying get pipelines call once.
org.apache.hadoop.hdds.scm.pipeline.InsufficientDatanodesException: Cannot create pipeline of factor 3 using 2 nodes.
	at org.apache.hadoop.hdds.scm.pipeline.RatisPipelineProvider.create(RatisPipelineProvider.java:151)
	at org.apache.hadoop.hdds.scm.pipeline.PipelineFactory.create(PipelineFactory.java:57)
	at org.apache.hadoop.hdds.scm.pipeline.SCMPipelineManager.createPipeline(SCMPipelineManager.java:149)
	at org.apache.hadoop.hdds.scm.block.BlockManagerImpl.allocateBlock(BlockManagerImpl.java:190)
	at org.apache.hadoop.hdds.scm.server.SCMBlockProtocolServer.allocateBlock(SCMBlockProtocolServer.java:175)
	at org.apache.hadoop.ozone.protocolPB.ScmBlockLocationProtocolServerSideTranslatorPB.allocateScmBlock(ScmBlockLocationProtocolServerSideTranslatorPB.java:153)
	at org.apache.hadoop.ozone.protocolPB.ScmBlockLocationProtocolServerSideTranslatorPB.send(ScmBlockLocationProtocolServerSideTranslatorPB.java:112)
	at org.apache.hadoop.hdds.protocol.proto.ScmBlockLocationProtocolProtos$ScmBlockLocationProtocolService$2.callBlockingMethod(ScmBlockLocationProtocolProtos.java:13157)
	at org.apache.hadoop.ipc.ProtobufRpcEngine$Server$ProtoBufRpcInvoker.call(ProtobufRpcEngine.java:524)
	at org.apache.hadoop.ipc.RPC$Server.call(RPC.java:1025)
	at org.apache.hadoop.ipc.Server$RpcCall.run(Server.java:876)
	at org.apache.hadoop.ipc.Server$RpcCall.run(Server.java:822)
	at java.security.AccessController.doPrivileged(Native Method)
	at javax.security.auth.Subject.doAs(Subject.java:422)
	at org.apache.hadoop.security.UserGroupInformation.doAs(UserGroupInformation.java:1730)
	at org.apache.hadoop.ipc.Server$Handler.run(Server.java:2682)
2019-09-05 09:13:20,929 [IPC Server handler 0 on 46606] INFO  block.BlockManagerImpl (BlockManagerImpl.java:allocateBlock(198)) - Could not find available pipeline of type:RATIS and factor:THREE even after retrying
2019-09-05 09:13:20,929 [IPC Server handler 0 on 46606] ERROR block.BlockManagerImpl (BlockManagerImpl.java:allocateBlock(222)) - Unable to allocate a block for the size: 800, type: RATIS, factor: THREE
2019-09-05 09:13:20,930 | INFO  | SCMAudit | user=jenkins1000 | ip=192.168.69.66 | op=ALLOCATE_BLOCK {owner=540e0109-0e28-4c24-9b8e-506c8aabff86, size=800, type=RATIS, factor=THREE} | ret=SUCCESS |  
2019-09-05 09:13:20,935 | ERROR | OMAudit | user=jenkins1000 | ip=127.0.0.1 | op=ALLOCATE_BLOCK {volume=testblockoutputstream, bucket=testblockoutputstream, key=395bc5cf-27cd-4376-9d5a-563df6962976, dataSize=0, replicationType=null, replicationFactor=null, keyLocationInfo=null, clientID=102739134463082496} | ret=FAILURE | org.apache.hadoop.hdds.scm.exceptions.SCMException: Allocated 0 blocks. Requested 1 blocks
	at org.apache.hadoop.hdds.scm.protocolPB.ScmBlockLocationProtocolClientSideTranslatorPB.handleError(ScmBlockLocationProtocolClientSideTranslatorPB.java:118)
	at org.apache.hadoop.hdds.scm.protocolPB.ScmBlockLocationProtocolClientSideTranslatorPB.allocateBlock(ScmBlockLocationProtocolClientSideTranslatorPB.java:156) 
2019-09-05 09:13:20,941 [main] ERROR io.BlockOutputStreamEntryPool (BlockOutputStreamEntryPool.java:allocateBlockIfNeeded(299)) - Try to allocate more blocks for write failed, already allocated 0 blocks for this write.
INTERNAL_ERROR org.apache.hadoop.ozone.om.exceptions.OMException: Allocated 0 blocks. Requested 1 blocks
	at org.apache.hadoop.ozone.om.protocolPB.OzoneManagerProtocolClientSideTranslatorPB.handleError(OzoneManagerProtocolClientSideTranslatorPB.java:725)
	at org.apache.hadoop.ozone.om.protocolPB.OzoneManagerProtocolClientSideTranslatorPB.allocateBlock(OzoneManagerProtocolClientSideTranslatorPB.java:757)
	at org.apache.hadoop.ozone.client.io.BlockOutputStreamEntryPool.allocateNewBlock(BlockOutputStreamEntryPool.java:248)
	at org.apache.hadoop.ozone.client.io.BlockOutputStreamEntryPool.allocateBlockIfNeeded(BlockOutputStreamEntryPool.java:296)
	at org.apache.hadoop.ozone.client.io.KeyOutputStream.handleWrite(KeyOutputStream.java:201)
	at org.apache.hadoop.ozone.client.io.KeyOutputStream.handleRetry(KeyOutputStream.java:376)
	at org.apache.hadoop.ozone.client.io.KeyOutputStream.handleException(KeyOutputStream.java:325)
	at org.apache.hadoop.ozone.client.io.KeyOutputStream.handleFlushOrClose(KeyOutputStream.java:448)
	at org.apache.hadoop.ozone.client.io.KeyOutputStream.flush(KeyOutputStream.java:396)
	at org.apache.hadoop.ozone.client.io.OzoneOutputStream.flush(OzoneOutputStream.java:54)
	at org.apache.hadoop.ozone.client.rpc.TestBlockOutputStreamWithFailures.test2DatanodesFailure(TestBlockOutputStreamWithFailures.java:502)
	at sun.reflect.NativeMethodAccessorImpl.invoke0(Native Method)
	at sun.reflect.NativeMethodAccessorImpl.invoke(NativeMethodAccessorImpl.java:62)
	at sun.reflect.DelegatingMethodAccessorImpl.invoke(DelegatingMethodAccessorImpl.java:43)
	at java.lang.reflect.Method.invoke(Method.java:498)
	at org.junit.runners.model.FrameworkMethod$1.runReflectiveCall(FrameworkMethod.java:47)
	at org.junit.internal.runners.model.ReflectiveCallable.run(ReflectiveCallable.java:12)
	at org.junit.runners.model.FrameworkMethod.invokeExplosively(FrameworkMethod.java:44)
	at org.junit.internal.runners.statements.InvokeMethod.evaluate(InvokeMethod.java:17)
	at org.junit.internal.runners.statements.RunBefores.evaluate(RunBefores.java:26)
	at org.junit.internal.runners.statements.RunAfters.evaluate(RunAfters.java:27)
	at org.junit.runners.ParentRunner.runLeaf(ParentRunner.java:271)
	at org.junit.runners.BlockJUnit4ClassRunner.runChild(BlockJUnit4ClassRunner.java:70)
	at org.junit.runners.BlockJUnit4ClassRunner.runChild(BlockJUnit4ClassRunner.java:50)
	at org.junit.runners.ParentRunner$3.run(ParentRunner.java:238)
	at org.junit.runners.ParentRunner$1.schedule(ParentRunner.java:63)
	at org.junit.runners.ParentRunner.runChildren(ParentRunner.java:236)
	at org.junit.runners.ParentRunner.access$000(ParentRunner.java:53)
	at org.junit.runners.ParentRunner$2.evaluate(ParentRunner.java:229)
	at org.junit.runners.ParentRunner.run(ParentRunner.java:309)
	at org.apache.maven.surefire.junit4.JUnit4Provider.execute(JUnit4Provider.java:365)
	at org.apache.maven.surefire.junit4.JUnit4Provider.executeWithRerun(JUnit4Provider.java:273)
	at org.apache.maven.surefire.junit4.JUnit4Provider.executeTestSet(JUnit4Provider.java:238)
	at org.apache.maven.surefire.junit4.JUnit4Provider.invoke(JUnit4Provider.java:159)
	at org.apache.maven.surefire.booter.ForkedBooter.invokeProviderInSameClassLoader(ForkedBooter.java:384)
	at org.apache.maven.surefire.booter.ForkedBooter.runSuitesInProcess(ForkedBooter.java:345)
	at org.apache.maven.surefire.booter.ForkedBooter.execute(ForkedBooter.java:126)
	at org.apache.maven.surefire.booter.ForkedBooter.main(ForkedBooter.java:418)
2019-09-05 09:13:20,942 [main] INFO  ozone.MiniOzoneClusterImpl (MiniOzoneClusterImpl.java:shutdown(321)) - Shutting down the Mini Ozone Cluster
2019-09-05 09:13:20,943 | INFO  | SCMAudit | user=null | ip=null | op=GET_SCM_INFO null | ret=SUCCESS |  
2019-09-05 09:13:20,943 [main] INFO  ozone.MiniOzoneClusterImpl (MiniOzoneClusterImpl.java:stop(336)) - Stopping the Mini Ozone Cluster
2019-09-05 09:13:20,943 [main] INFO  ozone.MiniOzoneClusterImpl (MiniOzoneClusterImpl.java:stop(338)) - Stopping the OzoneManager
2019-09-05 09:13:20,943 [main] INFO  ipc.Server (Server.java:stop(3082)) - Stopping server on 44343
2019-09-05 09:13:20,963 [IPC Server listener on 44343] INFO  ipc.Server (Server.java:run(1185)) - Stopping IPC Server listener on 44343
2019-09-05 09:13:20,965 [IPC Server Responder] INFO  ipc.Server (Server.java:run(1319)) - Stopping IPC Server Responder
2019-09-05 09:13:20,963 [main] INFO  ratis.OzoneManagerDoubleBuffer (OzoneManagerDoubleBuffer.java:stop(248)) - Stopping OMDoubleBuffer flush thread
2019-09-05 09:13:20,976 [OMDoubleBufferFlushThread] INFO  ratis.OzoneManagerDoubleBuffer (OzoneManagerDoubleBuffer.java:flushTransactions(191)) - OMDoubleBuffer flush thread OMDoubleBufferFlushThread is interrupted and will exit. OMDoubleBufferFlushThread
2019-09-05 09:13:20,978 [main] INFO  utils.BackgroundService (BackgroundService.java:shutdown(148)) - Shutting down service KeyDeletingService
2019-09-05 09:13:20,979 [main] INFO  handler.ContextHandler (ContextHandler.java:doStop(910)) - Stopped o.e.j.w.WebAppContext@40d10481{/,null,UNAVAILABLE}{/ozoneManager}
2019-09-05 09:13:20,980 [main] INFO  server.AbstractConnector (AbstractConnector.java:doStop(318)) - Stopped ServerConnector@60dd3c23{HTTP/1.1,[http/1.1]}{0.0.0.0:0}
2019-09-05 09:13:20,980 [main] INFO  handler.ContextHandler (ContextHandler.java:doStop(910)) - Stopped o.e.j.s.ServletContextHandler@736f3e9e{/static,file:///workdir/hadoop-ozone/integration-test/target/test-classes/webapps/static,UNAVAILABLE}
2019-09-05 09:13:20,980 [main] INFO  handler.ContextHandler (ContextHandler.java:doStop(910)) - Stopped o.e.j.s.ServletContextHandler@49dbaaf3{/logs,file:///workdir/hadoop-ozone/integration-test/target/log,UNAVAILABLE}
2019-09-05 09:13:20,984 [main] INFO  ozone.MiniOzoneClusterImpl (MiniOzoneClusterImpl.java:stop(344)) - Shutting the HddsDatanodes
2019-09-05 09:13:20,985 [main] INFO  datanode.ObjectStoreHandler (ObjectStoreHandler.java:close(155)) - Closing ObjectStoreHandler.
2019-09-05 09:13:20,985 [ForkJoinPool.commonPool-worker-1] INFO  datanode.ObjectStoreHandler (ObjectStoreHandler.java:close(155)) - Closing ObjectStoreHandler.
2019-09-05 09:13:20,987 [main] INFO  ozone.HddsDatanodeService (HddsDatanodeService.java:stop(451)) - Stopped plug-in org.apache.hadoop.ozone.web.OzoneHddsDatanodeService@4662752a
2019-09-05 09:13:20,987 [ForkJoinPool.commonPool-worker-1] INFO  ozone.HddsDatanodeService (HddsDatanodeService.java:stop(451)) - Stopped plug-in org.apache.hadoop.ozone.web.OzoneHddsDatanodeService@62a6674f
2019-09-05 09:13:21,174 [Datanode State Machine Thread - 0] INFO  statemachine.DatanodeStateMachine (DatanodeStateMachine.java:lambda$startDaemon$0(350)) - Ozone container server started.
2019-09-05 09:13:21,412 | INFO  | DNAudit | user=null | ip=null | op=PUT_BLOCK {blockData=[blockId=conID: 2 locID: 102739135575687170 bcsId: 0,size=450]} | ret=SUCCESS |  
2019-09-05 09:13:21,416 | INFO  | DNAudit | user=null | ip=null | op=PUT_BLOCK {blockData=[blockId=conID: 2 locID: 102739135575687170 bcsId: 0,size=450]} | ret=SUCCESS |  
2019-09-05 09:13:21,417 [grpc-default-executor-1] INFO  client.GrpcClientProtocolClient (GrpcClientProtocolClient.java:onNext(255)) - client-AFC9857B6074->74b14207-bfad-43c2-8870-3362b92740be: receive RaftClientReply:client-AFC9857B6074->74b14207-bfad-43c2-8870-3362b92740be@group-94041074BC02, cid=37, SUCCESS, logIndex=0, commits[74b14207-bfad-43c2-8870-3362b92740be:c16, afe4f488-87af-436a-a91b-00d083bcaf9f:c13, 527ba554-0cdc-49d1-b9e7-3a69dcc23a2c:c16]
2019-09-05 09:13:21,417 [Datanode State Machine Thread - 0] INFO  statemachine.DatanodeStateMachine (DatanodeStateMachine.java:lambda$startDaemon$0(350)) - Ozone container server started.
2019-09-05 09:13:21,417 | INFO  | SCMAudit | user=jenkins1000 | ip=192.168.69.66 | op=SEND_HEARTBEAT {datanodeUUID=74b14207-bfad-43c2-8870-3362b92740be, command=[]} | ret=SUCCESS |  
2019-09-05 09:13:21,417 | INFO  | SCMAudit | user=jenkins1000 | ip=192.168.69.66 | op=SEND_HEARTBEAT {datanodeUUID=afe4f488-87af-436a-a91b-00d083bcaf9f, command=[]} | ret=SUCCESS |  
2019-09-05 09:13:21,418 [grpc-default-executor-1] INFO  client.GrpcClientProtocolClient (GrpcClientProtocolClient.java:onNext(255)) - client-AFC9857B6074->74b14207-bfad-43c2-8870-3362b92740be: receive RaftClientReply:client-AFC9857B6074->74b14207-bfad-43c2-8870-3362b92740be@group-94041074BC02, cid=36, SUCCESS, logIndex=0, commits[74b14207-bfad-43c2-8870-3362b92740be:c16, afe4f488-87af-436a-a91b-00d083bcaf9f:c16, 527ba554-0cdc-49d1-b9e7-3a69dcc23a2c:c16]
2019-09-05 09:13:21,672 | INFO  | SCMAudit | user=jenkins1000 | ip=192.168.69.66 | op=SEND_HEARTBEAT {datanodeUUID=b742561a-6a32-4271-84e4-b9553f9c6759, command=[]} | ret=SUCCESS |  
2019-09-05 09:13:22,417 | INFO  | SCMAudit | user=jenkins1000 | ip=192.168.69.66 | op=SEND_HEARTBEAT {datanodeUUID=afe4f488-87af-436a-a91b-00d083bcaf9f, command=[]} | ret=SUCCESS |  
2019-09-05 09:13:22,417 | INFO  | SCMAudit | user=jenkins1000 | ip=192.168.69.66 | op=SEND_HEARTBEAT {datanodeUUID=74b14207-bfad-43c2-8870-3362b92740be, command=[]} | ret=SUCCESS |  
2019-09-05 09:13:22,605 [grpc-default-executor-3] WARN  server.GrpcLogAppender (LogUtils.java:warn(134)) - 9925e697-233b-49ae-b622-0cc1839cd635->6f15dda3-1033-4118-bbd5-e00bc2779eb3: Failed appendEntries: org.apache.ratis.thirdparty.io.grpc.StatusRuntimeException: UNAVAILABLE: io exception
2019-09-05 09:13:22,608 [grpc-default-executor-3] INFO  impl.FollowerInfo (FollowerInfo.java:lambda$new$0(50)) - 9925e697-233b-49ae-b622-0cc1839cd635->6f15dda3-1033-4118-bbd5-e00bc2779eb3: nextIndex: updateUnconditionally 13 -> 12
2019-09-05 09:13:22,612 [grpc-default-executor-0] WARN  server.GrpcLogAppender (LogUtils.java:warn(134)) - 9925e697-233b-49ae-b622-0cc1839cd635->b7723663-b5a7-4cec-8abb-1432ee42201a: Failed appendEntries: org.apache.ratis.thirdparty.io.grpc.StatusRuntimeException: UNAVAILABLE: io exception
2019-09-05 09:13:22,613 [grpc-default-executor-0] INFO  impl.FollowerInfo (FollowerInfo.java:lambda$new$0(50)) - 9925e697-233b-49ae-b622-0cc1839cd635->b7723663-b5a7-4cec-8abb-1432ee42201a: nextIndex: updateUnconditionally 17 -> 16
2019-09-05 09:13:22,672 | INFO  | SCMAudit | user=jenkins1000 | ip=192.168.69.66 | op=SEND_HEARTBEAT {datanodeUUID=b742561a-6a32-4271-84e4-b9553f9c6759, command=[]} | ret=SUCCESS |  
2019-09-05 09:13:23,418 | INFO  | SCMAudit | user=jenkins1000 | ip=192.168.69.66 | op=SEND_HEARTBEAT {datanodeUUID=74b14207-bfad-43c2-8870-3362b92740be, command=[]} | ret=SUCCESS |  
2019-09-05 09:13:23,418 | INFO  | SCMAudit | user=jenkins1000 | ip=192.168.69.66 | op=SEND_HEARTBEAT {datanodeUUID=afe4f488-87af-436a-a91b-00d083bcaf9f, command=[]} | ret=SUCCESS |  
2019-09-05 09:13:23,672 | INFO  | SCMAudit | user=jenkins1000 | ip=192.168.69.66 | op=SEND_HEARTBEAT {datanodeUUID=b742561a-6a32-4271-84e4-b9553f9c6759, command=[]} | ret=SUCCESS |  
2019-09-05 09:13:24,417 | INFO  | SCMAudit | user=jenkins1000 | ip=192.168.69.66 | op=SEND_HEARTBEAT {datanodeUUID=afe4f488-87af-436a-a91b-00d083bcaf9f, command=[]} | ret=SUCCESS |  
2019-09-05 09:13:24,417 | INFO  | SCMAudit | user=jenkins1000 | ip=192.168.69.66 | op=SEND_HEARTBEAT {datanodeUUID=74b14207-bfad-43c2-8870-3362b92740be, command=[]} | ret=SUCCESS |  
2019-09-05 09:13:24,672 | INFO  | SCMAudit | user=jenkins1000 | ip=192.168.69.66 | op=SEND_HEARTBEAT {datanodeUUID=b742561a-6a32-4271-84e4-b9553f9c6759, command=[]} | ret=SUCCESS |  
2019-09-05 09:13:25,109 [grpc-default-executor-3] WARN  server.GrpcLogAppender (LogUtils.java:warn(134)) - 9925e697-233b-49ae-b622-0cc1839cd635->6f15dda3-1033-4118-bbd5-e00bc2779eb3: Failed appendEntries: org.apache.ratis.thirdparty.io.grpc.StatusRuntimeException: UNAVAILABLE: io exception
2019-09-05 09:13:25,112 [grpc-default-executor-3] INFO  impl.FollowerInfo (FollowerInfo.java:lambda$new$0(50)) - 9925e697-233b-49ae-b622-0cc1839cd635->6f15dda3-1033-4118-bbd5-e00bc2779eb3: nextIndex: updateUnconditionally 12 -> 11
2019-09-05 09:13:25,115 [grpc-default-executor-1] WARN  server.GrpcLogAppender (LogUtils.java:warn(134)) - 9925e697-233b-49ae-b622-0cc1839cd635->b7723663-b5a7-4cec-8abb-1432ee42201a: Failed appendEntries: org.apache.ratis.thirdparty.io.grpc.StatusRuntimeException: UNAVAILABLE: io exception
2019-09-05 09:13:25,117 [grpc-default-executor-1] INFO  impl.FollowerInfo (FollowerInfo.java:lambda$new$0(50)) - 9925e697-233b-49ae-b622-0cc1839cd635->b7723663-b5a7-4cec-8abb-1432ee42201a: nextIndex: updateUnconditionally 16 -> 15
2019-09-05 09:13:25,271 [EventQueue-StaleNodeForStaleNodeHandler] INFO  node.StaleNodeHandler (StaleNodeHandler.java:onMessage(58)) - Datanode 9925e697-233b-49ae-b622-0cc1839cd635{ip: 192.168.69.66, host: pr-hdds-1571-bldfb-3674279559, networkLocation: /default-rack, certSerialId: null} moved to stale state. Finalizing its pipelines [PipelineID=0cd31c84-2c81-4d0d-b4cd-0c4bba31f7f7, PipelineID=0272b8a5-0821-4454-802b-4e02fd02ec24]
2019-09-05 09:13:25,271 [EventQueue-StaleNodeForStaleNodeHandler] INFO  pipeline.SCMPipelineManager (SCMPipelineManager.java:finalizeAndDestroyPipeline(309)) - destroying pipeline:Pipeline[ Id: 0cd31c84-2c81-4d0d-b4cd-0c4bba31f7f7, Nodes: 6f15dda3-1033-4118-bbd5-e00bc2779eb3{ip: 192.168.69.66, host: pr-hdds-1571-bldfb-3674279559, networkLocation: /default-rack, certSerialId: null}b7723663-b5a7-4cec-8abb-1432ee42201a{ip: 192.168.69.66, host: pr-hdds-1571-bldfb-3674279559, networkLocation: /default-rack, certSerialId: null}9925e697-233b-49ae-b622-0cc1839cd635{ip: 192.168.69.66, host: pr-hdds-1571-bldfb-3674279559, networkLocation: /default-rack, certSerialId: null}, Type:RATIS, Factor:THREE, State:CLOSED]
2019-09-05 09:13:25,272 [EventQueue-StaleNodeForStaleNodeHandler] INFO  pipeline.SCMPipelineManager (SCMPipelineManager.java:finalizeAndDestroyPipeline(309)) - destroying pipeline:Pipeline[ Id: 0272b8a5-0821-4454-802b-4e02fd02ec24, Nodes: 9925e697-233b-49ae-b622-0cc1839cd635{ip: 192.168.69.66, host: pr-hdds-1571-bldfb-3674279559, networkLocation: /default-rack, certSerialId: null}, Type:RATIS, Factor:ONE, State:OPEN]
2019-09-05 09:13:25,272 [EventQueue-StaleNodeForStaleNodeHandler] INFO  pipeline.PipelineStateManager (PipelineStateManager.java:finalizePipeline(123)) - Pipeline Pipeline[ Id: 0272b8a5-0821-4454-802b-4e02fd02ec24, Nodes: 9925e697-233b-49ae-b622-0cc1839cd635{ip: 192.168.69.66, host: pr-hdds-1571-bldfb-3674279559, networkLocation: /default-rack, certSerialId: null}, Type:RATIS, Factor:ONE, State:CLOSED] moved to CLOSED state
2019-09-05 09:13:25,418 | INFO  | SCMAudit | user=jenkins1000 | ip=192.168.69.66 | op=SEND_HEARTBEAT {datanodeUUID=afe4f488-87af-436a-a91b-00d083bcaf9f, command=[]} | ret=SUCCESS |  
2019-09-05 09:13:25,418 | INFO  | SCMAudit | user=jenkins1000 | ip=192.168.69.66 | op=SEND_HEARTBEAT {datanodeUUID=74b14207-bfad-43c2-8870-3362b92740be, command=[]} | ret=SUCCESS |  
2019-09-05 09:13:25,472 [EventQueue-StaleNodeForStaleNodeHandler] INFO  node.StaleNodeHandler (StaleNodeHandler.java:onMessage(58)) - Datanode 527ba554-0cdc-49d1-b9e7-3a69dcc23a2c{ip: 192.168.69.66, host: pr-hdds-1571-bldfb-3674279559, networkLocation: /default-rack, certSerialId: null} moved to stale state. Finalizing its pipelines [PipelineID=2fd8da09-370d-4ad6-84ca-cacdfb05e34a, PipelineID=da7252f0-29be-4006-b3df-94041074bc02]
2019-09-05 09:13:25,472 [EventQueue-StaleNodeForStaleNodeHandler] INFO  pipeline.SCMPipelineManager (SCMPipelineManager.java:finalizeAndDestroyPipeline(309)) - destroying pipeline:Pipeline[ Id: 2fd8da09-370d-4ad6-84ca-cacdfb05e34a, Nodes: 527ba554-0cdc-49d1-b9e7-3a69dcc23a2c{ip: 192.168.69.66, host: pr-hdds-1571-bldfb-3674279559, networkLocation: /default-rack, certSerialId: null}, Type:RATIS, Factor:ONE, State:OPEN]
2019-09-05 09:13:25,472 [EventQueue-StaleNodeForStaleNodeHandler] INFO  pipeline.PipelineStateManager (PipelineStateManager.java:finalizePipeline(123)) - Pipeline Pipeline[ Id: 2fd8da09-370d-4ad6-84ca-cacdfb05e34a, Nodes: 527ba554-0cdc-49d1-b9e7-3a69dcc23a2c{ip: 192.168.69.66, host: pr-hdds-1571-bldfb-3674279559, networkLocation: /default-rack, certSerialId: null}, Type:RATIS, Factor:ONE, State:CLOSED] moved to CLOSED state
2019-09-05 09:13:25,473 [EventQueue-StaleNodeForStaleNodeHandler] INFO  pipeline.SCMPipelineManager (SCMPipelineManager.java:finalizeAndDestroyPipeline(309)) - destroying pipeline:Pipeline[ Id: da7252f0-29be-4006-b3df-94041074bc02, Nodes: afe4f488-87af-436a-a91b-00d083bcaf9f{ip: 192.168.69.66, host: pr-hdds-1571-bldfb-3674279559, networkLocation: /default-rack, certSerialId: null}527ba554-0cdc-49d1-b9e7-3a69dcc23a2c{ip: 192.168.69.66, host: pr-hdds-1571-bldfb-3674279559, networkLocation: /default-rack, certSerialId: null}74b14207-bfad-43c2-8870-3362b92740be{ip: 192.168.69.66, host: pr-hdds-1571-bldfb-3674279559, networkLocation: /default-rack, certSerialId: null}, Type:RATIS, Factor:THREE, State:OPEN]
2019-09-05 09:13:25,473 [EventQueue-StaleNodeForStaleNodeHandler] INFO  pipeline.PipelineStateManager (PipelineStateManager.java:finalizePipeline(123)) - Pipeline Pipeline[ Id: da7252f0-29be-4006-b3df-94041074bc02, Nodes: afe4f488-87af-436a-a91b-00d083bcaf9f{ip: 192.168.69.66, host: pr-hdds-1571-bldfb-3674279559, networkLocation: /default-rack, certSerialId: null}527ba554-0cdc-49d1-b9e7-3a69dcc23a2c{ip: 192.168.69.66, host: pr-hdds-1571-bldfb-3674279559, networkLocation: /default-rack, certSerialId: null}74b14207-bfad-43c2-8870-3362b92740be{ip: 192.168.69.66, host: pr-hdds-1571-bldfb-3674279559, networkLocation: /default-rack, certSerialId: null}, Type:RATIS, Factor:THREE, State:CLOSED] moved to CLOSED state
2019-09-05 09:13:25,473 [EventQueue-CloseContainerForCloseContainerEventHandler] INFO  container.CloseContainerEventHandler (CloseContainerEventHandler.java:onMessage(61)) - Close container Event triggered for container : #2
2019-09-05 09:13:25,671 | INFO  | SCMAudit | user=jenkins1000 | ip=192.168.69.66 | op=SEND_HEARTBEAT {datanodeUUID=b742561a-6a32-4271-84e4-b9553f9c6759, command=[]} | ret=SUCCESS |  
2019-09-05 09:13:25,989 [main] INFO  ozoneimpl.OzoneContainer (OzoneContainer.java:stop(199)) - Attempting to stop container services.
2019-09-05 09:13:25,989 [ForkJoinPool.commonPool-worker-1] INFO  ozoneimpl.OzoneContainer (OzoneContainer.java:stop(199)) - Attempting to stop container services.
2019-09-05 09:13:25,990 [main] INFO  impl.RaftServerProxy (RaftServerProxy.java:lambda$close$4(314)) - 527ba554-0cdc-49d1-b9e7-3a69dcc23a2c: close
2019-09-05 09:13:25,990 [ForkJoinPool.commonPool-worker-1] INFO  impl.RaftServerProxy (RaftServerProxy.java:lambda$close$4(314)) - 9925e697-233b-49ae-b622-0cc1839cd635: close
2019-09-05 09:13:25,990 [main] INFO  impl.RaftServerImpl (RaftServerImpl.java:lambda$shutdown$3(245)) - 527ba554-0cdc-49d1-b9e7-3a69dcc23a2c: shutdown group-CACDFB05E34A
2019-09-05 09:13:25,990 [ForkJoinPool.commonPool-worker-1] INFO  impl.RaftServerImpl (RaftServerImpl.java:lambda$shutdown$3(245)) - 9925e697-233b-49ae-b622-0cc1839cd635: shutdown group-0C4BBA31F7F7
2019-09-05 09:13:25,991 [main] INFO  util.JmxRegister (JmxRegister.java:unregister(73)) - Successfully un-registered JMX Bean with object name Ratis:service=RaftServer,group=group-CACDFB05E34A,id=527ba554-0cdc-49d1-b9e7-3a69dcc23a2c
2019-09-05 09:13:25,991 [ForkJoinPool.commonPool-worker-1] INFO  util.JmxRegister (JmxRegister.java:unregister(73)) - Successfully un-registered JMX Bean with object name Ratis:service=RaftServer,group=group-0C4BBA31F7F7,id=9925e697-233b-49ae-b622-0cc1839cd635
2019-09-05 09:13:25,991 [main] INFO  impl.RoleInfo (RoleInfo.java:shutdownLeaderState(104)) - 527ba554-0cdc-49d1-b9e7-3a69dcc23a2c: shutdown LeaderState
2019-09-05 09:13:25,991 [ForkJoinPool.commonPool-worker-1] INFO  impl.RoleInfo (RoleInfo.java:shutdownLeaderState(104)) - 9925e697-233b-49ae-b622-0cc1839cd635: shutdown LeaderState
2019-09-05 09:13:25,992 [main] INFO  impl.PendingRequests (PendingRequests.java:sendNotLeaderResponses(202)) - 527ba554-0cdc-49d1-b9e7-3a69dcc23a2c-PendingRequests: sendNotLeaderResponses
2019-09-05 09:13:25,998 [org.apache.ratis.server.impl.LogAppender$AppenderDaemon$$Lambda$481/1773278204@2a26a4d7] WARN  server.GrpcLogAppender (GrpcLogAppender.java:mayWait(143)) - GrpcLogAppender(9925e697-233b-49ae-b622-0cc1839cd635->6f15dda3-1033-4118-bbd5-e00bc2779eb3): Wait interrupted by java.lang.InterruptedException
2019-09-05 09:13:25,998 [org.apache.ratis.server.impl.LogAppender$AppenderDaemon$$Lambda$481/1773278204@5448a51e] WARN  server.GrpcLogAppender (GrpcLogAppender.java:mayWait(143)) - GrpcLogAppender(9925e697-233b-49ae-b622-0cc1839cd635->b7723663-b5a7-4cec-8abb-1432ee42201a): Wait interrupted by java.lang.InterruptedException
2019-09-05 09:13:25,996 [ForkJoinPool.commonPool-worker-1] INFO  impl.PendingRequests (PendingRequests.java:sendNotLeaderResponses(202)) - 9925e697-233b-49ae-b622-0cc1839cd635-PendingRequests: sendNotLeaderResponses
2019-09-05 09:13:25,998 [main] INFO  impl.StateMachineUpdater (StateMachineUpdater.java:stopAndJoin(115)) - StateMachineUpdater:527ba554-0cdc-49d1-b9e7-3a69dcc23a2c:group-CACDFB05E34A: set stopIndex = 0
2019-09-05 09:13:25,999 [main] INFO  impl.RaftServerImpl (ServerState.java:close(394)) - 527ba554-0cdc-49d1-b9e7-3a69dcc23a2c:group-CACDFB05E34A closes. The last applied log index is 0
2019-09-05 09:13:26,000 [527ba554-0cdc-49d1-b9e7-3a69dcc23a2c-SegmentedRaftLogWorker:Storage Directory /workdir/hadoop-ozone/integration-test/target/test-dir/MiniOzoneClusterImpl-2067a7df-0bd0-4e68-a777-bbcd763ebdf2/datanode-4/data/ratis/2fd8da09-370d-4ad6-84ca-cacdfb05e34a] INFO  segmented.SegmentedRaftLogWorker (SegmentedRaftLogWorker.java:run(313)) - 527ba554-0cdc-49d1-b9e7-3a69dcc23a2c-SegmentedRaftLogWorker:Storage Directory /workdir/hadoop-ozone/integration-test/target/test-dir/MiniOzoneClusterImpl-2067a7df-0bd0-4e68-a777-bbcd763ebdf2/datanode-4/data/ratis/2fd8da09-370d-4ad6-84ca-cacdfb05e34a was interrupted, exiting. There are 0 tasks remaining in the queue.
2019-09-05 09:13:26,002 [main] INFO  segmented.SegmentedRaftLogWorker (SegmentedRaftLogWorker.java:close(228)) - 527ba554-0cdc-49d1-b9e7-3a69dcc23a2c-SegmentedRaftLogWorker:Storage Directory /workdir/hadoop-ozone/integration-test/target/test-dir/MiniOzoneClusterImpl-2067a7df-0bd0-4e68-a777-bbcd763ebdf2/datanode-4/data/ratis/2fd8da09-370d-4ad6-84ca-cacdfb05e34a close()
2019-09-05 09:13:26,004 [main] INFO  impl.RaftServerImpl (RaftServerImpl.java:lambda$shutdown$3(245)) - 527ba554-0cdc-49d1-b9e7-3a69dcc23a2c: shutdown group-94041074BC02
2019-09-05 09:13:26,007 [main] INFO  util.JmxRegister (JmxRegister.java:unregister(73)) - Successfully un-registered JMX Bean with object name Ratis:service=RaftServer,group=group-94041074BC02,id=527ba554-0cdc-49d1-b9e7-3a69dcc23a2c
2019-09-05 09:13:26,007 [main] INFO  impl.RoleInfo (RoleInfo.java:shutdownFollowerState(121)) - 527ba554-0cdc-49d1-b9e7-3a69dcc23a2c: shutdown FollowerState
2019-09-05 09:13:26,007 [StateMachineUpdater:9925e697-233b-49ae-b622-0cc1839cd635:group-0C4BBA31F7F7] INFO  ratis.ContainerStateMachine (ContainerStateMachine.java:takeSnapshot(283)) - group-0C4BBA31F7F7: Taking a snapshot at:(t:1, i:18) file /workdir/hadoop-ozone/integration-test/target/test-dir/MiniOzoneClusterImpl-2067a7df-0bd0-4e68-a777-bbcd763ebdf2/datanode-2/data/ratis/0cd31c84-2c81-4d0d-b4cd-0c4bba31f7f7/sm/snapshot.1_18
2019-09-05 09:13:26,007 [Thread-398] INFO  impl.FollowerState (FollowerState.java:run(114)) - 527ba554-0cdc-49d1-b9e7-3a69dcc23a2c: FollowerState was interrupted: java.lang.InterruptedException: sleep interrupted
2019-09-05 09:13:26,007 [StateMachineUpdater:527ba554-0cdc-49d1-b9e7-3a69dcc23a2c:group-94041074BC02] INFO  ratis.ContainerStateMachine (ContainerStateMachine.java:takeSnapshot(283)) - group-94041074BC02: Taking a snapshot at:(t:2, i:16) file /workdir/hadoop-ozone/integration-test/target/test-dir/MiniOzoneClusterImpl-2067a7df-0bd0-4e68-a777-bbcd763ebdf2/datanode-4/data/ratis/da7252f0-29be-4006-b3df-94041074bc02/sm/snapshot.2_16
2019-09-05 09:13:26,007 [main] INFO  impl.StateMachineUpdater (StateMachineUpdater.java:stopAndJoin(115)) - StateMachineUpdater:527ba554-0cdc-49d1-b9e7-3a69dcc23a2c:group-94041074BC02: set stopIndex = 16
2019-09-05 09:13:26,007 [ForkJoinPool.commonPool-worker-1] INFO  impl.StateMachineUpdater (StateMachineUpdater.java:stopAndJoin(115)) - StateMachineUpdater:9925e697-233b-49ae-b622-0cc1839cd635:group-0C4BBA31F7F7: set stopIndex = 18
2019-09-05 09:13:26,045 [StateMachineUpdater:9925e697-233b-49ae-b622-0cc1839cd635:group-0C4BBA31F7F7] INFO  ratis.ContainerStateMachine (ContainerStateMachine.java:takeSnapshot(294)) - group-0C4BBA31F7F7: Finished taking a snapshot at:(t:1, i:18) file:/workdir/hadoop-ozone/integration-test/target/test-dir/MiniOzoneClusterImpl-2067a7df-0bd0-4e68-a777-bbcd763ebdf2/datanode-2/data/ratis/0cd31c84-2c81-4d0d-b4cd-0c4bba31f7f7/sm/snapshot.1_18 time:37
2019-09-05 09:13:26,045 [StateMachineUpdater:527ba554-0cdc-49d1-b9e7-3a69dcc23a2c:group-94041074BC02] INFO  ratis.ContainerStateMachine (ContainerStateMachine.java:takeSnapshot(294)) - group-94041074BC02: Finished taking a snapshot at:(t:2, i:16) file:/workdir/hadoop-ozone/integration-test/target/test-dir/MiniOzoneClusterImpl-2067a7df-0bd0-4e68-a777-bbcd763ebdf2/datanode-4/data/ratis/da7252f0-29be-4006-b3df-94041074bc02/sm/snapshot.2_16 time:37
2019-09-05 09:13:26,045 [StateMachineUpdater:9925e697-233b-49ae-b622-0cc1839cd635:group-0C4BBA31F7F7] INFO  impl.StateMachineUpdater (StateMachineUpdater.java:takeSnapshot(242)) - StateMachineUpdater:9925e697-233b-49ae-b622-0cc1839cd635:group-0C4BBA31F7F7: Took a snapshot at index 18
2019-09-05 09:13:26,045 [StateMachineUpdater:527ba554-0cdc-49d1-b9e7-3a69dcc23a2c:group-94041074BC02] INFO  impl.StateMachineUpdater (StateMachineUpdater.java:takeSnapshot(242)) - StateMachineUpdater:527ba554-0cdc-49d1-b9e7-3a69dcc23a2c:group-94041074BC02: Took a snapshot at index 16
2019-09-05 09:13:26,045 [StateMachineUpdater:9925e697-233b-49ae-b622-0cc1839cd635:group-0C4BBA31F7F7] INFO  impl.StateMachineUpdater (StateMachineUpdater.java:lambda$new$0(80)) - StateMachineUpdater:9925e697-233b-49ae-b622-0cc1839cd635:group-0C4BBA31F7F7: snapshotIndex: updateIncreasingly -1 -> 18
2019-09-05 09:13:26,045 [StateMachineUpdater:527ba554-0cdc-49d1-b9e7-3a69dcc23a2c:group-94041074BC02] INFO  impl.StateMachineUpdater (StateMachineUpdater.java:lambda$new$0(80)) - StateMachineUpdater:527ba554-0cdc-49d1-b9e7-3a69dcc23a2c:group-94041074BC02: snapshotIndex: updateIncreasingly -1 -> 16
2019-09-05 09:13:26,046 [ForkJoinPool.commonPool-worker-1] INFO  impl.RaftServerImpl (ServerState.java:close(394)) - 9925e697-233b-49ae-b622-0cc1839cd635:group-0C4BBA31F7F7 closes. The last applied log index is 18
2019-09-05 09:13:26,046 [main] INFO  impl.RaftServerImpl (ServerState.java:close(394)) - 527ba554-0cdc-49d1-b9e7-3a69dcc23a2c:group-94041074BC02 closes. The last applied log index is 16
2019-09-05 09:13:26,046 [9925e697-233b-49ae-b622-0cc1839cd635-SegmentedRaftLogWorker:Storage Directory /workdir/hadoop-ozone/integration-test/target/test-dir/MiniOzoneClusterImpl-2067a7df-0bd0-4e68-a777-bbcd763ebdf2/datanode-2/data/ratis/0cd31c84-2c81-4d0d-b4cd-0c4bba31f7f7] INFO  segmented.SegmentedRaftLogWorker (SegmentedRaftLogWorker.java:run(313)) - 9925e697-233b-49ae-b622-0cc1839cd635-SegmentedRaftLogWorker:Storage Directory /workdir/hadoop-ozone/integration-test/target/test-dir/MiniOzoneClusterImpl-2067a7df-0bd0-4e68-a777-bbcd763ebdf2/datanode-2/data/ratis/0cd31c84-2c81-4d0d-b4cd-0c4bba31f7f7 was interrupted, exiting. There are 0 tasks remaining in the queue.
2019-09-05 09:13:26,047 [527ba554-0cdc-49d1-b9e7-3a69dcc23a2c-SegmentedRaftLogWorker:Storage Directory /workdir/hadoop-ozone/integration-test/target/test-dir/MiniOzoneClusterImpl-2067a7df-0bd0-4e68-a777-bbcd763ebdf2/datanode-4/data/ratis/da7252f0-29be-4006-b3df-94041074bc02] INFO  segmented.SegmentedRaftLogWorker (SegmentedRaftLogWorker.java:run(313)) - 527ba554-0cdc-49d1-b9e7-3a69dcc23a2c-SegmentedRaftLogWorker:Storage Directory /workdir/hadoop-ozone/integration-test/target/test-dir/MiniOzoneClusterImpl-2067a7df-0bd0-4e68-a777-bbcd763ebdf2/datanode-4/data/ratis/da7252f0-29be-4006-b3df-94041074bc02 was interrupted, exiting. There are 0 tasks remaining in the queue.
2019-09-05 09:13:26,050 [main] INFO  segmented.SegmentedRaftLogWorker (SegmentedRaftLogWorker.java:close(228)) - 527ba554-0cdc-49d1-b9e7-3a69dcc23a2c-SegmentedRaftLogWorker:Storage Directory /workdir/hadoop-ozone/integration-test/target/test-dir/MiniOzoneClusterImpl-2067a7df-0bd0-4e68-a777-bbcd763ebdf2/datanode-4/data/ratis/da7252f0-29be-4006-b3df-94041074bc02 close()
2019-09-05 09:13:26,058 [ForkJoinPool.commonPool-worker-1] INFO  segmented.SegmentedRaftLogWorker (SegmentedRaftLogWorker.java:close(228)) - 9925e697-233b-49ae-b622-0cc1839cd635-SegmentedRaftLogWorker:Storage Directory /workdir/hadoop-ozone/integration-test/target/test-dir/MiniOzoneClusterImpl-2067a7df-0bd0-4e68-a777-bbcd763ebdf2/datanode-2/data/ratis/0cd31c84-2c81-4d0d-b4cd-0c4bba31f7f7 close()
2019-09-05 09:13:26,058 [main] INFO  server.GrpcService (GrpcService.java:closeImpl(155)) - 527ba554-0cdc-49d1-b9e7-3a69dcc23a2c: shutdown server with port 34995 now
2019-09-05 09:13:26,061 [grpc-default-executor-3] WARN  server.GrpcServerProtocolService (LogUtils.java:warn(134)) - 527ba554-0cdc-49d1-b9e7-3a69dcc23a2c: appendEntries onError: org.apache.ratis.thirdparty.io.grpc.StatusRuntimeException: CANCELLED: cancelled before receiving half close
2019-09-05 09:13:26,068 [grpc-default-executor-0] WARN  server.GrpcLogAppender (LogUtils.java:warn(134)) - 74b14207-bfad-43c2-8870-3362b92740be->527ba554-0cdc-49d1-b9e7-3a69dcc23a2c: Failed appendEntries: org.apache.ratis.thirdparty.io.grpc.StatusRuntimeException: CANCELLED: HTTP/2 error code: CANCEL
Received Rst Stream
2019-09-05 09:13:26,068 [main] INFO  server.GrpcService (GrpcService.java:closeImpl(163)) - 527ba554-0cdc-49d1-b9e7-3a69dcc23a2c: shutdown server with port 34995 successfully
2019-09-05 09:13:26,068 [ForkJoinPool.commonPool-worker-1] INFO  impl.RaftServerImpl (RaftServerImpl.java:lambda$shutdown$3(245)) - 9925e697-233b-49ae-b622-0cc1839cd635: shutdown group-4E02FD02EC24
2019-09-05 09:13:26,069 [grpc-default-executor-0] INFO  impl.FollowerInfo (FollowerInfo.java:lambda$new$0(50)) - 74b14207-bfad-43c2-8870-3362b92740be->527ba554-0cdc-49d1-b9e7-3a69dcc23a2c: nextIndex: updateUnconditionally 17 -> 16
2019-09-05 09:13:26,069 [ForkJoinPool.commonPool-worker-1] INFO  util.JmxRegister (JmxRegister.java:unregister(73)) - Successfully un-registered JMX Bean with object name Ratis:service=RaftServer,group=group-4E02FD02EC24,id=9925e697-233b-49ae-b622-0cc1839cd635
2019-09-05 09:13:26,069 [ForkJoinPool.commonPool-worker-1] INFO  impl.RoleInfo (RoleInfo.java:shutdownLeaderState(104)) - 9925e697-233b-49ae-b622-0cc1839cd635: shutdown LeaderState
2019-09-05 09:13:26,070 [main] INFO  utils.BackgroundService (BackgroundService.java:shutdown(148)) - Shutting down service BlockDeletingService
2019-09-05 09:13:26,070 [ForkJoinPool.commonPool-worker-1] INFO  impl.PendingRequests (PendingRequests.java:sendNotLeaderResponses(202)) - 9925e697-233b-49ae-b622-0cc1839cd635-PendingRequests: sendNotLeaderResponses
2019-09-05 09:13:26,073 [ForkJoinPool.commonPool-worker-1] INFO  impl.StateMachineUpdater (StateMachineUpdater.java:stopAndJoin(115)) - StateMachineUpdater:9925e697-233b-49ae-b622-0cc1839cd635:group-4E02FD02EC24: set stopIndex = 0
2019-09-05 09:13:26,073 [ForkJoinPool.commonPool-worker-1] INFO  impl.RaftServerImpl (ServerState.java:close(394)) - 9925e697-233b-49ae-b622-0cc1839cd635:group-4E02FD02EC24 closes. The last applied log index is 0
2019-09-05 09:13:26,073 [refreshUsed-/workdir/hadoop-ozone/integration-test/target/test-dir/MiniOzoneClusterImpl-2067a7df-0bd0-4e68-a777-bbcd763ebdf2/datanode-4/data/containers] WARN  fs.CachingGetSpaceUsed (CachingGetSpaceUsed.java:run(183)) - Thread Interrupted waiting to refresh disk information: sleep interrupted
2019-09-05 09:13:26,075 [9925e697-233b-49ae-b622-0cc1839cd635-SegmentedRaftLogWorker:Storage Directory /workdir/hadoop-ozone/integration-test/target/test-dir/MiniOzoneClusterImpl-2067a7df-0bd0-4e68-a777-bbcd763ebdf2/datanode-2/data/ratis/0272b8a5-0821-4454-802b-4e02fd02ec24] INFO  segmented.SegmentedRaftLogWorker (SegmentedRaftLogWorker.java:run(313)) - 9925e697-233b-49ae-b622-0cc1839cd635-SegmentedRaftLogWorker:Storage Directory /workdir/hadoop-ozone/integration-test/target/test-dir/MiniOzoneClusterImpl-2067a7df-0bd0-4e68-a777-bbcd763ebdf2/datanode-2/data/ratis/0272b8a5-0821-4454-802b-4e02fd02ec24 was interrupted, exiting. There are 0 tasks remaining in the queue.
2019-09-05 09:13:26,077 [ForkJoinPool.commonPool-worker-1] INFO  segmented.SegmentedRaftLogWorker (SegmentedRaftLogWorker.java:close(228)) - 9925e697-233b-49ae-b622-0cc1839cd635-SegmentedRaftLogWorker:Storage Directory /workdir/hadoop-ozone/integration-test/target/test-dir/MiniOzoneClusterImpl-2067a7df-0bd0-4e68-a777-bbcd763ebdf2/datanode-2/data/ratis/0272b8a5-0821-4454-802b-4e02fd02ec24 close()
2019-09-05 09:13:26,080 [ForkJoinPool.commonPool-worker-1] INFO  server.GrpcService (GrpcService.java:closeImpl(155)) - 9925e697-233b-49ae-b622-0cc1839cd635: shutdown server with port 39635 now
2019-09-05 09:13:26,083 [ForkJoinPool.commonPool-worker-1] INFO  server.GrpcService (GrpcService.java:closeImpl(163)) - 9925e697-233b-49ae-b622-0cc1839cd635: shutdown server with port 39635 successfully
2019-09-05 09:13:26,087 [grpc-default-executor-3] WARN  client.GrpcClientProtocolService (LogUtils.java:warn(134)) - 2-UnorderedRequestStreamObserver2: onError: org.apache.ratis.thirdparty.io.grpc.StatusRuntimeException: CANCELLED: cancelled before receiving half close
2019-09-05 09:13:26,087 [ForkJoinPool.commonPool-worker-1] INFO  utils.BackgroundService (BackgroundService.java:shutdown(148)) - Shutting down service BlockDeletingService
2019-09-05 09:13:26,088 [refreshUsed-/workdir/hadoop-ozone/integration-test/target/test-dir/MiniOzoneClusterImpl-2067a7df-0bd0-4e68-a777-bbcd763ebdf2/datanode-2/data/containers] WARN  fs.CachingGetSpaceUsed (CachingGetSpaceUsed.java:run(183)) - Thread Interrupted waiting to refresh disk information: sleep interrupted
2019-09-05 09:13:26,105 [main] INFO  statemachine.DatanodeStateMachine (DatanodeStateMachine.java:stopDaemon(395)) - Ozone container server stopped.
2019-09-05 09:13:26,107 [main] INFO  handler.ContextHandler (ContextHandler.java:doStop(910)) - Stopped o.e.j.w.WebAppContext@4eb9ae4d{/,null,UNAVAILABLE}{/hddsDatanode}
2019-09-05 09:13:26,110 [ForkJoinPool.commonPool-worker-1] INFO  statemachine.DatanodeStateMachine (DatanodeStateMachine.java:stopDaemon(395)) - Ozone container server stopped.
2019-09-05 09:13:26,111 [main] INFO  server.AbstractConnector (AbstractConnector.java:doStop(318)) - Stopped ServerConnector@5520f675{HTTP/1.1,[http/1.1]}{0.0.0.0:0}
2019-09-05 09:13:26,113 [main] INFO  handler.ContextHandler (ContextHandler.java:doStop(910)) - Stopped o.e.j.s.ServletContextHandler@1c7f9861{/static,jar:file:/home/user/.m2/repository/org/apache/hadoop/hadoop-hdds-container-service/0.5.0-SNAPSHOT/hadoop-hdds-container-service-0.5.0-SNAPSHOT.jar!/webapps/static,UNAVAILABLE}
2019-09-05 09:13:26,114 [ForkJoinPool.commonPool-worker-1] INFO  handler.ContextHandler (ContextHandler.java:doStop(910)) - Stopped o.e.j.w.WebAppContext@6cc64028{/,null,UNAVAILABLE}{/hddsDatanode}
2019-09-05 09:13:26,114 [main] INFO  handler.ContextHandler (ContextHandler.java:doStop(910)) - Stopped o.e.j.s.ServletContextHandler@191ec193{/logs,file:///workdir/hadoop-ozone/integration-test/target/log,UNAVAILABLE}
2019-09-05 09:13:26,114 [ForkJoinPool.commonPool-worker-1] INFO  server.AbstractConnector (AbstractConnector.java:doStop(318)) - Stopped ServerConnector@291a4791{HTTP/1.1,[http/1.1]}{0.0.0.0:0}
2019-09-05 09:13:26,115 [ForkJoinPool.commonPool-worker-1] INFO  handler.ContextHandler (ContextHandler.java:doStop(910)) - Stopped o.e.j.s.ServletContextHandler@17c0274c{/static,jar:file:/home/user/.m2/repository/org/apache/hadoop/hadoop-hdds-container-service/0.5.0-SNAPSHOT/hadoop-hdds-container-service-0.5.0-SNAPSHOT.jar!/webapps/static,UNAVAILABLE}
2019-09-05 09:13:26,115 [main] INFO  datanode.ObjectStoreHandler (ObjectStoreHandler.java:close(155)) - Closing ObjectStoreHandler.
2019-09-05 09:13:26,116 [ForkJoinPool.commonPool-worker-1] INFO  handler.ContextHandler (ContextHandler.java:doStop(910)) - Stopped o.e.j.s.ServletContextHandler@448c92fc{/logs,file:///workdir/hadoop-ozone/integration-test/target/log,UNAVAILABLE}
2019-09-05 09:13:26,117 [main] INFO  ozone.HddsDatanodeService (HddsDatanodeService.java:stop(451)) - Stopped plug-in org.apache.hadoop.ozone.web.OzoneHddsDatanodeService@7f22687e
2019-09-05 09:13:26,117 [ForkJoinPool.commonPool-worker-1] INFO  datanode.ObjectStoreHandler (ObjectStoreHandler.java:close(155)) - Closing ObjectStoreHandler.
2019-09-05 09:13:26,117 [ForkJoinPool.commonPool-worker-1] INFO  ozone.HddsDatanodeService (HddsDatanodeService.java:stop(451)) - Stopped plug-in org.apache.hadoop.ozone.web.OzoneHddsDatanodeService@3375ebd3
2019-09-05 09:13:26,417 [Datanode State Machine Thread - 0] INFO  statemachine.DatanodeStateMachine (DatanodeStateMachine.java:lambda$startDaemon$0(350)) - Ozone container server started.
2019-09-05 09:13:26,424 | INFO  | SCMAudit | user=jenkins1000 | ip=192.168.69.66 | op=SEND_HEARTBEAT {datanodeUUID=74b14207-bfad-43c2-8870-3362b92740be, command=[commandType: closeContainerCommand closeContainerCommandProto { containerID: 2 pipelineID { id: "da7252f0-29be-4006-b3df-94041074bc02" } cmdId: 2 force: false } ]} | ret=SUCCESS |  
2019-09-05 09:13:26,425 [grpc-default-executor-1] WARN  server.GrpcLogAppender (LogUtils.java:warn(134)) - 74b14207-bfad-43c2-8870-3362b92740be->527ba554-0cdc-49d1-b9e7-3a69dcc23a2c: Failed appendEntries: org.apache.ratis.thirdparty.io.grpc.StatusRuntimeException: UNAVAILABLE: io exception
2019-09-05 09:13:26,427 [grpc-default-executor-1] INFO  impl.FollowerInfo (FollowerInfo.java:lambda$new$0(50)) - 74b14207-bfad-43c2-8870-3362b92740be->527ba554-0cdc-49d1-b9e7-3a69dcc23a2c: nextIndex: updateUnconditionally 16 -> 15
2019-09-05 09:13:26,670 [Datanode State Machine Thread - 0] INFO  statemachine.DatanodeStateMachine (DatanodeStateMachine.java:lambda$startDaemon$0(350)) - Ozone container server started.
2019-09-05 09:13:27,419 | INFO  | SCMAudit | user=jenkins1000 | ip=192.168.69.66 | op=SEND_HEARTBEAT {datanodeUUID=74b14207-bfad-43c2-8870-3362b92740be, command=[]} | ret=SUCCESS |  
2019-09-05 09:13:27,451 | INFO  | SCMAudit | user=jenkins1000 | ip=192.168.69.66 | op=SEND_HEARTBEAT {datanodeUUID=74b14207-bfad-43c2-8870-3362b92740be, command=[]} | ret=SUCCESS |  
2019-09-05 09:13:27,454 [grpc-default-executor-0] WARN  server.GrpcLogAppender (LogUtils.java:warn(134)) - 74b14207-bfad-43c2-8870-3362b92740be->527ba554-0cdc-49d1-b9e7-3a69dcc23a2c: Failed appendEntries: org.apache.ratis.thirdparty.io.grpc.StatusRuntimeException: UNAVAILABLE: io exception
2019-09-05 09:13:27,457 [grpc-default-executor-0] INFO  impl.FollowerInfo (FollowerInfo.java:lambda$new$0(50)) - 74b14207-bfad-43c2-8870-3362b92740be->527ba554-0cdc-49d1-b9e7-3a69dcc23a2c: nextIndex: updateUnconditionally 16 -> 15
2019-09-05 09:13:27,466 [grpc-default-executor-1] WARN  server.GrpcLogAppender (LogUtils.java:warn(134)) - 74b14207-bfad-43c2-8870-3362b92740be->527ba554-0cdc-49d1-b9e7-3a69dcc23a2c: Failed appendEntries: org.apache.ratis.thirdparty.io.grpc.StatusRuntimeException: UNAVAILABLE: io exception
2019-09-05 09:13:27,468 [grpc-default-executor-1] INFO  impl.FollowerInfo (FollowerInfo.java:lambda$new$0(50)) - 74b14207-bfad-43c2-8870-3362b92740be->527ba554-0cdc-49d1-b9e7-3a69dcc23a2c: nextIndex: updateUnconditionally 16 -> 15
2019-09-05 09:13:27,482 [grpc-default-executor-0] WARN  server.GrpcLogAppender (LogUtils.java:warn(134)) - 74b14207-bfad-43c2-8870-3362b92740be->527ba554-0cdc-49d1-b9e7-3a69dcc23a2c: Failed appendEntries: org.apache.ratis.thirdparty.io.grpc.StatusRuntimeException: UNAVAILABLE: io exception
2019-09-05 09:13:27,484 [grpc-default-executor-0] INFO  impl.FollowerInfo (FollowerInfo.java:lambda$new$0(50)) - 74b14207-bfad-43c2-8870-3362b92740be->527ba554-0cdc-49d1-b9e7-3a69dcc23a2c: nextIndex: updateUnconditionally 16 -> 15
2019-09-05 09:13:27,491 [RatisApplyTransactionExecutor 2] INFO  interfaces.Container (KeyValueContainer.java:flushAndSyncDB(382)) - Container 2 is synced with bcsId 14.
2019-09-05 09:13:27,491 [RatisApplyTransactionExecutor 2] INFO  interfaces.Container (KeyValueContainer.java:flushAndSyncDB(382)) - Container 2 is synced with bcsId 14.
2019-09-05 09:13:27,514 | INFO  | DNAudit | user=null | ip=null | op=CLOSE_CONTAINER {containerID=2} | ret=SUCCESS |  
2019-09-05 09:13:27,515 [EventQueue-IncrementalContainerReportForIncrementalContainerReportHandler] INFO  container.IncrementalContainerReportHandler (AbstractContainerReportHandler.java:updateContainerState(176)) - Moving container #2 to CLOSED state, datanode 74b14207-bfad-43c2-8870-3362b92740be{ip: 192.168.69.66, host: pr-hdds-1571-bldfb-3674279559, networkLocation: /default-rack, certSerialId: null} reported CLOSED replica.
2019-09-05 09:13:27,516 | INFO  | SCMAudit | user=jenkins1000 | ip=192.168.69.66 | op=SEND_HEARTBEAT {datanodeUUID=74b14207-bfad-43c2-8870-3362b92740be, command=[]} | ret=SUCCESS |  
2019-09-05 09:13:27,531 [RatisApplyTransactionExecutor 2] INFO  interfaces.Container (KeyValueContainer.java:flushAndSyncDB(382)) - Container 2 is synced with bcsId 14.
2019-09-05 09:13:27,531 [RatisApplyTransactionExecutor 2] INFO  interfaces.Container (KeyValueContainer.java:flushAndSyncDB(382)) - Container 2 is synced with bcsId 14.
2019-09-05 09:13:27,552 | INFO  | DNAudit | user=null | ip=null | op=CLOSE_CONTAINER {containerID=2} | ret=SUCCESS |  
2019-09-05 09:13:28,516 | INFO  | SCMAudit | user=jenkins1000 | ip=192.168.69.66 | op=SEND_HEARTBEAT {datanodeUUID=74b14207-bfad-43c2-8870-3362b92740be, command=[]} | ret=SUCCESS |  
2019-09-05 09:13:29,516 | INFO  | SCMAudit | user=jenkins1000 | ip=192.168.69.66 | op=SEND_HEARTBEAT {datanodeUUID=74b14207-bfad-43c2-8870-3362b92740be, command=[]} | ret=SUCCESS |  
2019-09-05 09:13:29,984 [grpc-default-executor-3] WARN  server.GrpcLogAppender (LogUtils.java:warn(134)) - 74b14207-bfad-43c2-8870-3362b92740be->527ba554-0cdc-49d1-b9e7-3a69dcc23a2c: Failed appendEntries: org.apache.ratis.thirdparty.io.grpc.StatusRuntimeException: UNAVAILABLE: io exception
2019-09-05 09:13:29,986 [grpc-default-executor-3] INFO  impl.FollowerInfo (FollowerInfo.java:lambda$new$0(50)) - 74b14207-bfad-43c2-8870-3362b92740be->527ba554-0cdc-49d1-b9e7-3a69dcc23a2c: nextIndex: updateUnconditionally 15 -> 14
2019-09-05 09:13:30,480 [EventQueue-StaleNodeForStaleNodeHandler] INFO  node.StaleNodeHandler (StaleNodeHandler.java:onMessage(58)) - Datanode afe4f488-87af-436a-a91b-00d083bcaf9f{ip: 192.168.69.66, host: pr-hdds-1571-bldfb-3674279559, networkLocation: /default-rack, certSerialId: null} moved to stale state. Finalizing its pipelines [PipelineID=12684622-1cf6-476a-8c12-9601ab6d53bd, PipelineID=da7252f0-29be-4006-b3df-94041074bc02]
2019-09-05 09:13:30,481 [EventQueue-StaleNodeForStaleNodeHandler] INFO  pipeline.SCMPipelineManager (SCMPipelineManager.java:finalizeAndDestroyPipeline(309)) - destroying pipeline:Pipeline[ Id: 12684622-1cf6-476a-8c12-9601ab6d53bd, Nodes: afe4f488-87af-436a-a91b-00d083bcaf9f{ip: 192.168.69.66, host: pr-hdds-1571-bldfb-3674279559, networkLocation: /default-rack, certSerialId: null}, Type:RATIS, Factor:ONE, State:OPEN]
2019-09-05 09:13:30,481 [EventQueue-StaleNodeForStaleNodeHandler] INFO  pipeline.PipelineStateManager (PipelineStateManager.java:finalizePipeline(123)) - Pipeline Pipeline[ Id: 12684622-1cf6-476a-8c12-9601ab6d53bd, Nodes: afe4f488-87af-436a-a91b-00d083bcaf9f{ip: 192.168.69.66, host: pr-hdds-1571-bldfb-3674279559, networkLocation: /default-rack, certSerialId: null}, Type:RATIS, Factor:ONE, State:CLOSED] moved to CLOSED state
2019-09-05 09:13:30,482 [EventQueue-StaleNodeForStaleNodeHandler] INFO  pipeline.SCMPipelineManager (SCMPipelineManager.java:finalizeAndDestroyPipeline(309)) - destroying pipeline:Pipeline[ Id: da7252f0-29be-4006-b3df-94041074bc02, Nodes: afe4f488-87af-436a-a91b-00d083bcaf9f{ip: 192.168.69.66, host: pr-hdds-1571-bldfb-3674279559, networkLocation: /default-rack, certSerialId: null}527ba554-0cdc-49d1-b9e7-3a69dcc23a2c{ip: 192.168.69.66, host: pr-hdds-1571-bldfb-3674279559, networkLocation: /default-rack, certSerialId: null}74b14207-bfad-43c2-8870-3362b92740be{ip: 192.168.69.66, host: pr-hdds-1571-bldfb-3674279559, networkLocation: /default-rack, certSerialId: null}, Type:RATIS, Factor:THREE, State:CLOSED]
2019-09-05 09:13:30,517 | INFO  | SCMAudit | user=jenkins1000 | ip=192.168.69.66 | op=SEND_HEARTBEAT {datanodeUUID=74b14207-bfad-43c2-8870-3362b92740be, command=[]} | ret=SUCCESS |  
2019-09-05 09:13:30,681 [EventQueue-StaleNodeForStaleNodeHandler] INFO  node.StaleNodeHandler (StaleNodeHandler.java:onMessage(58)) - Datanode b742561a-6a32-4271-84e4-b9553f9c6759{ip: 192.168.69.66, host: pr-hdds-1571-bldfb-3674279559, networkLocation: /default-rack, certSerialId: null} moved to stale state. Finalizing its pipelines [PipelineID=dffb1b8e-7a3d-4046-8b8d-6e88aaf486d4]
2019-09-05 09:13:30,681 [EventQueue-StaleNodeForStaleNodeHandler] INFO  pipeline.SCMPipelineManager (SCMPipelineManager.java:finalizeAndDestroyPipeline(309)) - destroying pipeline:Pipeline[ Id: dffb1b8e-7a3d-4046-8b8d-6e88aaf486d4, Nodes: b742561a-6a32-4271-84e4-b9553f9c6759{ip: 192.168.69.66, host: pr-hdds-1571-bldfb-3674279559, networkLocation: /default-rack, certSerialId: null}, Type:RATIS, Factor:ONE, State:OPEN]
2019-09-05 09:13:30,682 [EventQueue-StaleNodeForStaleNodeHandler] INFO  pipeline.PipelineStateManager (PipelineStateManager.java:finalizePipeline(123)) - Pipeline Pipeline[ Id: dffb1b8e-7a3d-4046-8b8d-6e88aaf486d4, Nodes: b742561a-6a32-4271-84e4-b9553f9c6759{ip: 192.168.69.66, host: pr-hdds-1571-bldfb-3674279559, networkLocation: /default-rack, certSerialId: null}, Type:RATIS, Factor:ONE, State:CLOSED] moved to CLOSED state
2019-09-05 09:13:31,118 [main] INFO  ozoneimpl.OzoneContainer (OzoneContainer.java:stop(199)) - Attempting to stop container services.
2019-09-05 09:13:31,118 [ForkJoinPool.commonPool-worker-1] INFO  ozoneimpl.OzoneContainer (OzoneContainer.java:stop(199)) - Attempting to stop container services.
2019-09-05 09:13:31,118 [main] INFO  impl.RaftServerProxy (RaftServerProxy.java:lambda$close$4(314)) - b742561a-6a32-4271-84e4-b9553f9c6759: close
2019-09-05 09:13:31,119 [ForkJoinPool.commonPool-worker-1] INFO  impl.RaftServerProxy (RaftServerProxy.java:lambda$close$4(314)) - afe4f488-87af-436a-a91b-00d083bcaf9f: close
2019-09-05 09:13:31,119 [main] INFO  impl.RaftServerImpl (RaftServerImpl.java:lambda$shutdown$3(245)) - b742561a-6a32-4271-84e4-b9553f9c6759: shutdown group-6E88AAF486D4
2019-09-05 09:13:31,119 [ForkJoinPool.commonPool-worker-1] INFO  impl.RaftServerImpl (RaftServerImpl.java:lambda$shutdown$3(245)) - afe4f488-87af-436a-a91b-00d083bcaf9f: shutdown group-9601AB6D53BD
2019-09-05 09:13:31,119 [main] INFO  util.JmxRegister (JmxRegister.java:unregister(73)) - Successfully un-registered JMX Bean with object name Ratis:service=RaftServer,group=group-6E88AAF486D4,id=b742561a-6a32-4271-84e4-b9553f9c6759
2019-09-05 09:13:31,119 [ForkJoinPool.commonPool-worker-1] INFO  util.JmxRegister (JmxRegister.java:unregister(73)) - Successfully un-registered JMX Bean with object name Ratis:service=RaftServer,group=group-9601AB6D53BD,id=afe4f488-87af-436a-a91b-00d083bcaf9f
2019-09-05 09:13:31,120 [main] INFO  impl.RoleInfo (RoleInfo.java:shutdownLeaderState(104)) - b742561a-6a32-4271-84e4-b9553f9c6759: shutdown LeaderState
2019-09-05 09:13:31,120 [ForkJoinPool.commonPool-worker-1] INFO  impl.RoleInfo (RoleInfo.java:shutdownLeaderState(104)) - afe4f488-87af-436a-a91b-00d083bcaf9f: shutdown LeaderState
2019-09-05 09:13:31,120 [main] INFO  impl.PendingRequests (PendingRequests.java:sendNotLeaderResponses(202)) - b742561a-6a32-4271-84e4-b9553f9c6759-PendingRequests: sendNotLeaderResponses
2019-09-05 09:13:31,120 [ForkJoinPool.commonPool-worker-1] INFO  impl.PendingRequests (PendingRequests.java:sendNotLeaderResponses(202)) - afe4f488-87af-436a-a91b-00d083bcaf9f-PendingRequests: sendNotLeaderResponses
2019-09-05 09:13:31,121 [main] INFO  impl.StateMachineUpdater (StateMachineUpdater.java:stopAndJoin(115)) - StateMachineUpdater:b742561a-6a32-4271-84e4-b9553f9c6759:group-6E88AAF486D4: set stopIndex = 0
2019-09-05 09:13:31,121 [ForkJoinPool.commonPool-worker-1] INFO  impl.StateMachineUpdater (StateMachineUpdater.java:stopAndJoin(115)) - StateMachineUpdater:afe4f488-87af-436a-a91b-00d083bcaf9f:group-9601AB6D53BD: set stopIndex = 0
2019-09-05 09:13:31,121 [main] INFO  impl.RaftServerImpl (ServerState.java:close(394)) - b742561a-6a32-4271-84e4-b9553f9c6759:group-6E88AAF486D4 closes. The last applied log index is 0
2019-09-05 09:13:31,121 [ForkJoinPool.commonPool-worker-1] INFO  impl.RaftServerImpl (ServerState.java:close(394)) - afe4f488-87af-436a-a91b-00d083bcaf9f:group-9601AB6D53BD closes. The last applied log index is 0
2019-09-05 09:13:31,122 [b742561a-6a32-4271-84e4-b9553f9c6759-SegmentedRaftLogWorker:Storage Directory /workdir/hadoop-ozone/integration-test/target/test-dir/MiniOzoneClusterImpl-2067a7df-0bd0-4e68-a777-bbcd763ebdf2/datanode-3/data/ratis/dffb1b8e-7a3d-4046-8b8d-6e88aaf486d4] INFO  segmented.SegmentedRaftLogWorker (SegmentedRaftLogWorker.java:run(313)) - b742561a-6a32-4271-84e4-b9553f9c6759-SegmentedRaftLogWorker:Storage Directory /workdir/hadoop-ozone/integration-test/target/test-dir/MiniOzoneClusterImpl-2067a7df-0bd0-4e68-a777-bbcd763ebdf2/datanode-3/data/ratis/dffb1b8e-7a3d-4046-8b8d-6e88aaf486d4 was interrupted, exiting. There are 0 tasks remaining in the queue.
2019-09-05 09:13:31,122 [afe4f488-87af-436a-a91b-00d083bcaf9f-SegmentedRaftLogWorker:Storage Directory /workdir/hadoop-ozone/integration-test/target/test-dir/MiniOzoneClusterImpl-2067a7df-0bd0-4e68-a777-bbcd763ebdf2/datanode-0/data/ratis/12684622-1cf6-476a-8c12-9601ab6d53bd] INFO  segmented.SegmentedRaftLogWorker (SegmentedRaftLogWorker.java:run(313)) - afe4f488-87af-436a-a91b-00d083bcaf9f-SegmentedRaftLogWorker:Storage Directory /workdir/hadoop-ozone/integration-test/target/test-dir/MiniOzoneClusterImpl-2067a7df-0bd0-4e68-a777-bbcd763ebdf2/datanode-0/data/ratis/12684622-1cf6-476a-8c12-9601ab6d53bd was interrupted, exiting. There are 0 tasks remaining in the queue.
2019-09-05 09:13:31,124 [main] INFO  segmented.SegmentedRaftLogWorker (SegmentedRaftLogWorker.java:close(228)) - b742561a-6a32-4271-84e4-b9553f9c6759-SegmentedRaftLogWorker:Storage Directory /workdir/hadoop-ozone/integration-test/target/test-dir/MiniOzoneClusterImpl-2067a7df-0bd0-4e68-a777-bbcd763ebdf2/datanode-3/data/ratis/dffb1b8e-7a3d-4046-8b8d-6e88aaf486d4 close()
2019-09-05 09:13:31,126 [ForkJoinPool.commonPool-worker-1] INFO  segmented.SegmentedRaftLogWorker (SegmentedRaftLogWorker.java:close(228)) - afe4f488-87af-436a-a91b-00d083bcaf9f-SegmentedRaftLogWorker:Storage Directory /workdir/hadoop-ozone/integration-test/target/test-dir/MiniOzoneClusterImpl-2067a7df-0bd0-4e68-a777-bbcd763ebdf2/datanode-0/data/ratis/12684622-1cf6-476a-8c12-9601ab6d53bd close()
2019-09-05 09:13:31,128 [main] INFO  server.GrpcService (GrpcService.java:closeImpl(155)) - b742561a-6a32-4271-84e4-b9553f9c6759: shutdown server with port 42969 now
2019-09-05 09:13:31,133 [ForkJoinPool.commonPool-worker-1] INFO  impl.RaftServerImpl (RaftServerImpl.java:lambda$shutdown$3(245)) - afe4f488-87af-436a-a91b-00d083bcaf9f: shutdown group-94041074BC02
2019-09-05 09:13:31,135 [ForkJoinPool.commonPool-worker-1] INFO  util.JmxRegister (JmxRegister.java:unregister(73)) - Successfully un-registered JMX Bean with object name Ratis:service=RaftServer,group=group-94041074BC02,id=afe4f488-87af-436a-a91b-00d083bcaf9f
2019-09-05 09:13:31,135 [main] INFO  server.GrpcService (GrpcService.java:closeImpl(163)) - b742561a-6a32-4271-84e4-b9553f9c6759: shutdown server with port 42969 successfully
2019-09-05 09:13:31,135 [ForkJoinPool.commonPool-worker-1] INFO  impl.RoleInfo (RoleInfo.java:shutdownFollowerState(121)) - afe4f488-87af-436a-a91b-00d083bcaf9f: shutdown FollowerState
2019-09-05 09:13:31,135 [ForkJoinPool.commonPool-worker-1] INFO  impl.StateMachineUpdater (StateMachineUpdater.java:stopAndJoin(115)) - StateMachineUpdater:afe4f488-87af-436a-a91b-00d083bcaf9f:group-94041074BC02: set stopIndex = 18
2019-09-05 09:13:31,136 [StateMachineUpdater:afe4f488-87af-436a-a91b-00d083bcaf9f:group-94041074BC02] INFO  ratis.ContainerStateMachine (ContainerStateMachine.java:takeSnapshot(283)) - group-94041074BC02: Taking a snapshot at:(t:2, i:17) file /workdir/hadoop-ozone/integration-test/target/test-dir/MiniOzoneClusterImpl-2067a7df-0bd0-4e68-a777-bbcd763ebdf2/datanode-0/data/ratis/da7252f0-29be-4006-b3df-94041074bc02/sm/snapshot.2_17
2019-09-05 09:13:31,136 [Thread-399] INFO  impl.FollowerState (FollowerState.java:run(114)) - afe4f488-87af-436a-a91b-00d083bcaf9f: FollowerState was interrupted: java.lang.InterruptedException: sleep interrupted
2019-09-05 09:13:31,141 [main] INFO  utils.BackgroundService (BackgroundService.java:shutdown(148)) - Shutting down service BlockDeletingService
2019-09-05 09:13:31,144 [refreshUsed-/workdir/hadoop-ozone/integration-test/target/test-dir/MiniOzoneClusterImpl-2067a7df-0bd0-4e68-a777-bbcd763ebdf2/datanode-3/data/containers] WARN  fs.CachingGetSpaceUsed (CachingGetSpaceUsed.java:run(183)) - Thread Interrupted waiting to refresh disk information: sleep interrupted
2019-09-05 09:13:31,157 [main] INFO  statemachine.DatanodeStateMachine (DatanodeStateMachine.java:stopDaemon(395)) - Ozone container server stopped.
2019-09-05 09:13:31,158 [main] INFO  handler.ContextHandler (ContextHandler.java:doStop(910)) - Stopped o.e.j.w.WebAppContext@1332dec4{/,null,UNAVAILABLE}{/hddsDatanode}
2019-09-05 09:13:31,158 [main] INFO  server.AbstractConnector (AbstractConnector.java:doStop(318)) - Stopped ServerConnector@544e3679{HTTP/1.1,[http/1.1]}{0.0.0.0:0}
2019-09-05 09:13:31,159 [main] INFO  handler.ContextHandler (ContextHandler.java:doStop(910)) - Stopped o.e.j.s.ServletContextHandler@2b6fb197{/static,jar:file:/home/user/.m2/repository/org/apache/hadoop/hadoop-hdds-container-service/0.5.0-SNAPSHOT/hadoop-hdds-container-service-0.5.0-SNAPSHOT.jar!/webapps/static,UNAVAILABLE}
2019-09-05 09:13:31,159 [main] INFO  handler.ContextHandler (ContextHandler.java:doStop(910)) - Stopped o.e.j.s.ServletContextHandler@130cfc47{/logs,file:///workdir/hadoop-ozone/integration-test/target/log,UNAVAILABLE}
2019-09-05 09:13:31,160 [main] INFO  datanode.ObjectStoreHandler (ObjectStoreHandler.java:close(155)) - Closing ObjectStoreHandler.
2019-09-05 09:13:31,160 [main] INFO  ozone.HddsDatanodeService (HddsDatanodeService.java:stop(451)) - Stopped plug-in org.apache.hadoop.ozone.web.OzoneHddsDatanodeService@6e8f2094
2019-09-05 09:13:31,177 [StateMachineUpdater:afe4f488-87af-436a-a91b-00d083bcaf9f:group-94041074BC02] INFO  ratis.ContainerStateMachine (ContainerStateMachine.java:takeSnapshot(294)) - group-94041074BC02: Finished taking a snapshot at:(t:2, i:17) file:/workdir/hadoop-ozone/integration-test/target/test-dir/MiniOzoneClusterImpl-2067a7df-0bd0-4e68-a777-bbcd763ebdf2/datanode-0/data/ratis/da7252f0-29be-4006-b3df-94041074bc02/sm/snapshot.2_17 time:41
2019-09-05 09:13:31,177 [StateMachineUpdater:afe4f488-87af-436a-a91b-00d083bcaf9f:group-94041074BC02] INFO  impl.StateMachineUpdater (StateMachineUpdater.java:takeSnapshot(242)) - StateMachineUpdater:afe4f488-87af-436a-a91b-00d083bcaf9f:group-94041074BC02: Took a snapshot at index 17
2019-09-05 09:13:31,177 [StateMachineUpdater:afe4f488-87af-436a-a91b-00d083bcaf9f:group-94041074BC02] INFO  impl.StateMachineUpdater (StateMachineUpdater.java:lambda$new$0(80)) - StateMachineUpdater:afe4f488-87af-436a-a91b-00d083bcaf9f:group-94041074BC02: snapshotIndex: updateIncreasingly -1 -> 17
2019-09-05 09:13:31,177 [ForkJoinPool.commonPool-worker-1] INFO  impl.RaftServerImpl (ServerState.java:close(394)) - afe4f488-87af-436a-a91b-00d083bcaf9f:group-94041074BC02 closes. The last applied log index is 18
2019-09-05 09:13:31,178 [afe4f488-87af-436a-a91b-00d083bcaf9f-SegmentedRaftLogWorker:Storage Directory /workdir/hadoop-ozone/integration-test/target/test-dir/MiniOzoneClusterImpl-2067a7df-0bd0-4e68-a777-bbcd763ebdf2/datanode-0/data/ratis/da7252f0-29be-4006-b3df-94041074bc02] INFO  segmented.SegmentedRaftLogWorker (SegmentedRaftLogWorker.java:run(313)) - afe4f488-87af-436a-a91b-00d083bcaf9f-SegmentedRaftLogWorker:Storage Directory /workdir/hadoop-ozone/integration-test/target/test-dir/MiniOzoneClusterImpl-2067a7df-0bd0-4e68-a777-bbcd763ebdf2/datanode-0/data/ratis/da7252f0-29be-4006-b3df-94041074bc02 was interrupted, exiting. There are 0 tasks remaining in the queue.
2019-09-05 09:13:31,178 [ForkJoinPool.commonPool-worker-1] INFO  segmented.SegmentedRaftLogWorker (SegmentedRaftLogWorker.java:close(228)) - afe4f488-87af-436a-a91b-00d083bcaf9f-SegmentedRaftLogWorker:Storage Directory /workdir/hadoop-ozone/integration-test/target/test-dir/MiniOzoneClusterImpl-2067a7df-0bd0-4e68-a777-bbcd763ebdf2/datanode-0/data/ratis/da7252f0-29be-4006-b3df-94041074bc02 close()
2019-09-05 09:13:31,179 [ForkJoinPool.commonPool-worker-1] INFO  server.GrpcService (GrpcService.java:closeImpl(155)) - afe4f488-87af-436a-a91b-00d083bcaf9f: shutdown server with port 37081 now
2019-09-05 09:13:31,180 [grpc-default-executor-0] WARN  server.GrpcServerProtocolService (LogUtils.java:warn(134)) - afe4f488-87af-436a-a91b-00d083bcaf9f: appendEntries onError: org.apache.ratis.thirdparty.io.grpc.StatusRuntimeException: CANCELLED: cancelled before receiving half close
2019-09-05 09:13:31,182 [ForkJoinPool.commonPool-worker-1] INFO  server.GrpcService (GrpcService.java:closeImpl(163)) - afe4f488-87af-436a-a91b-00d083bcaf9f: shutdown server with port 37081 successfully
2019-09-05 09:13:31,182 [grpc-default-executor-3] WARN  server.GrpcLogAppender (LogUtils.java:warn(134)) - 74b14207-bfad-43c2-8870-3362b92740be->afe4f488-87af-436a-a91b-00d083bcaf9f: Failed appendEntries: org.apache.ratis.thirdparty.io.grpc.StatusRuntimeException: CANCELLED: HTTP/2 error code: CANCEL
Received Rst Stream
2019-09-05 09:13:31,183 [grpc-default-executor-3] INFO  impl.FollowerInfo (FollowerInfo.java:lambda$new$0(50)) - 74b14207-bfad-43c2-8870-3362b92740be->afe4f488-87af-436a-a91b-00d083bcaf9f: nextIndex: updateUnconditionally 19 -> 18
2019-09-05 09:13:31,183 [ForkJoinPool.commonPool-worker-1] INFO  utils.BackgroundService (BackgroundService.java:shutdown(148)) - Shutting down service BlockDeletingService
2019-09-05 09:13:31,184 [refreshUsed-/workdir/hadoop-ozone/integration-test/target/test-dir/MiniOzoneClusterImpl-2067a7df-0bd0-4e68-a777-bbcd763ebdf2/datanode-0/data/containers] WARN  fs.CachingGetSpaceUsed (CachingGetSpaceUsed.java:run(183)) - Thread Interrupted waiting to refresh disk information: sleep interrupted
2019-09-05 09:13:31,202 [ForkJoinPool.commonPool-worker-1] INFO  statemachine.DatanodeStateMachine (DatanodeStateMachine.java:stopDaemon(395)) - Ozone container server stopped.
2019-09-05 09:13:31,205 [ForkJoinPool.commonPool-worker-1] INFO  handler.ContextHandler (ContextHandler.java:doStop(910)) - Stopped o.e.j.w.WebAppContext@7b306b9f{/,null,UNAVAILABLE}{/hddsDatanode}
2019-09-05 09:13:31,206 [ForkJoinPool.commonPool-worker-1] INFO  server.AbstractConnector (AbstractConnector.java:doStop(318)) - Stopped ServerConnector@142213d5{HTTP/1.1,[http/1.1]}{0.0.0.0:0}
2019-09-05 09:13:31,206 [ForkJoinPool.commonPool-worker-1] INFO  handler.ContextHandler (ContextHandler.java:doStop(910)) - Stopped o.e.j.s.ServletContextHandler@17fa1336{/static,jar:file:/home/user/.m2/repository/org/apache/hadoop/hadoop-hdds-container-service/0.5.0-SNAPSHOT/hadoop-hdds-container-service-0.5.0-SNAPSHOT.jar!/webapps/static,UNAVAILABLE}
2019-09-05 09:13:31,207 [ForkJoinPool.commonPool-worker-1] INFO  handler.ContextHandler (ContextHandler.java:doStop(910)) - Stopped o.e.j.s.ServletContextHandler@1457fde{/logs,file:///workdir/hadoop-ozone/integration-test/target/log,UNAVAILABLE}
2019-09-05 09:13:31,515 [Datanode State Machine Thread - 0] INFO  statemachine.DatanodeStateMachine (DatanodeStateMachine.java:lambda$startDaemon$0(350)) - Ozone container server started.
2019-09-05 09:13:32,485 [grpc-default-executor-1] WARN  server.GrpcLogAppender (LogUtils.java:warn(134)) - 74b14207-bfad-43c2-8870-3362b92740be->527ba554-0cdc-49d1-b9e7-3a69dcc23a2c: Failed appendEntries: org.apache.ratis.thirdparty.io.grpc.StatusRuntimeException: UNAVAILABLE: io exception
2019-09-05 09:13:32,485 [grpc-default-executor-2] WARN  server.GrpcLogAppender (LogUtils.java:warn(134)) - 74b14207-bfad-43c2-8870-3362b92740be->afe4f488-87af-436a-a91b-00d083bcaf9f: Failed appendEntries: org.apache.ratis.thirdparty.io.grpc.StatusRuntimeException: UNAVAILABLE: io exception
2019-09-05 09:13:32,487 [grpc-default-executor-1] INFO  impl.FollowerInfo (FollowerInfo.java:lambda$new$0(50)) - 74b14207-bfad-43c2-8870-3362b92740be->527ba554-0cdc-49d1-b9e7-3a69dcc23a2c: nextIndex: updateUnconditionally 14 -> 13
2019-09-05 09:13:32,487 [grpc-default-executor-2] INFO  impl.FollowerInfo (FollowerInfo.java:lambda$new$0(50)) - 74b14207-bfad-43c2-8870-3362b92740be->afe4f488-87af-436a-a91b-00d083bcaf9f: nextIndex: updateUnconditionally 18 -> 17
2019-09-05 09:13:34,987 [grpc-default-executor-4] WARN  server.GrpcLogAppender (LogUtils.java:warn(134)) - 74b14207-bfad-43c2-8870-3362b92740be->527ba554-0cdc-49d1-b9e7-3a69dcc23a2c: Failed appendEntries: org.apache.ratis.thirdparty.io.grpc.StatusRuntimeException: UNAVAILABLE: io exception
2019-09-05 09:13:34,987 [grpc-default-executor-5] WARN  server.GrpcLogAppender (LogUtils.java:warn(134)) - 74b14207-bfad-43c2-8870-3362b92740be->afe4f488-87af-436a-a91b-00d083bcaf9f: Failed appendEntries: org.apache.ratis.thirdparty.io.grpc.StatusRuntimeException: UNAVAILABLE: io exception
2019-09-05 09:13:34,990 [grpc-default-executor-4] INFO  impl.FollowerInfo (FollowerInfo.java:lambda$new$0(50)) - 74b14207-bfad-43c2-8870-3362b92740be->527ba554-0cdc-49d1-b9e7-3a69dcc23a2c: nextIndex: updateUnconditionally 13 -> 12
2019-09-05 09:13:34,990 [grpc-default-executor-5] INFO  impl.FollowerInfo (FollowerInfo.java:lambda$new$0(50)) - 74b14207-bfad-43c2-8870-3362b92740be->afe4f488-87af-436a-a91b-00d083bcaf9f: nextIndex: updateUnconditionally 17 -> 16
2019-09-05 09:13:35,591 [EventQueue-StaleNodeForStaleNodeHandler] INFO  node.StaleNodeHandler (StaleNodeHandler.java:onMessage(58)) - Datanode 74b14207-bfad-43c2-8870-3362b92740be{ip: 192.168.69.66, host: pr-hdds-1571-bldfb-3674279559, networkLocation: /default-rack, certSerialId: null} moved to stale state. Finalizing its pipelines [PipelineID=da7252f0-29be-4006-b3df-94041074bc02, PipelineID=d9de7a7f-c4d7-4063-b188-7138d2a4900a]
2019-09-05 09:13:35,592 [EventQueue-StaleNodeForStaleNodeHandler] INFO  pipeline.SCMPipelineManager (SCMPipelineManager.java:finalizeAndDestroyPipeline(309)) - destroying pipeline:Pipeline[ Id: da7252f0-29be-4006-b3df-94041074bc02, Nodes: afe4f488-87af-436a-a91b-00d083bcaf9f{ip: 192.168.69.66, host: pr-hdds-1571-bldfb-3674279559, networkLocation: /default-rack, certSerialId: null}527ba554-0cdc-49d1-b9e7-3a69dcc23a2c{ip: 192.168.69.66, host: pr-hdds-1571-bldfb-3674279559, networkLocation: /default-rack, certSerialId: null}74b14207-bfad-43c2-8870-3362b92740be{ip: 192.168.69.66, host: pr-hdds-1571-bldfb-3674279559, networkLocation: /default-rack, certSerialId: null}, Type:RATIS, Factor:THREE, State:CLOSED]
2019-09-05 09:13:35,592 [EventQueue-StaleNodeForStaleNodeHandler] INFO  pipeline.SCMPipelineManager (SCMPipelineManager.java:finalizeAndDestroyPipeline(309)) - destroying pipeline:Pipeline[ Id: d9de7a7f-c4d7-4063-b188-7138d2a4900a, Nodes: 74b14207-bfad-43c2-8870-3362b92740be{ip: 192.168.69.66, host: pr-hdds-1571-bldfb-3674279559, networkLocation: /default-rack, certSerialId: null}, Type:RATIS, Factor:ONE, State:OPEN]
2019-09-05 09:13:35,592 [EventQueue-StaleNodeForStaleNodeHandler] INFO  pipeline.PipelineStateManager (PipelineStateManager.java:finalizePipeline(123)) - Pipeline Pipeline[ Id: d9de7a7f-c4d7-4063-b188-7138d2a4900a, Nodes: 74b14207-bfad-43c2-8870-3362b92740be{ip: 192.168.69.66, host: pr-hdds-1571-bldfb-3674279559, networkLocation: /default-rack, certSerialId: null}, Type:RATIS, Factor:ONE, State:CLOSED] moved to CLOSED state
2019-09-05 09:13:36,162 [main] INFO  ozoneimpl.OzoneContainer (OzoneContainer.java:stop(199)) - Attempting to stop container services.
2019-09-05 09:13:36,163 [main] INFO  impl.RaftServerProxy (RaftServerProxy.java:lambda$close$4(314)) - 74b14207-bfad-43c2-8870-3362b92740be: close
2019-09-05 09:13:36,164 [main] INFO  impl.RaftServerImpl (RaftServerImpl.java:lambda$shutdown$3(245)) - 74b14207-bfad-43c2-8870-3362b92740be: shutdown group-94041074BC02
2019-09-05 09:13:36,164 [ForkJoinPool.commonPool-worker-0] INFO  impl.RaftServerImpl (RaftServerImpl.java:lambda$shutdown$3(245)) - 74b14207-bfad-43c2-8870-3362b92740be: shutdown group-7138D2A4900A
2019-09-05 09:13:36,164 [main] INFO  util.JmxRegister (JmxRegister.java:unregister(73)) - Successfully un-registered JMX Bean with object name Ratis:service=RaftServer,group=group-94041074BC02,id=74b14207-bfad-43c2-8870-3362b92740be
2019-09-05 09:13:36,164 [ForkJoinPool.commonPool-worker-0] INFO  util.JmxRegister (JmxRegister.java:unregister(73)) - Successfully un-registered JMX Bean with object name Ratis:service=RaftServer,group=group-7138D2A4900A,id=74b14207-bfad-43c2-8870-3362b92740be
2019-09-05 09:13:36,165 [main] INFO  impl.RoleInfo (RoleInfo.java:shutdownLeaderState(104)) - 74b14207-bfad-43c2-8870-3362b92740be: shutdown LeaderState
2019-09-05 09:13:36,165 [ForkJoinPool.commonPool-worker-0] INFO  impl.RoleInfo (RoleInfo.java:shutdownLeaderState(104)) - 74b14207-bfad-43c2-8870-3362b92740be: shutdown LeaderState
2019-09-05 09:13:36,170 [main] INFO  impl.PendingRequests (PendingRequests.java:sendNotLeaderResponses(202)) - 74b14207-bfad-43c2-8870-3362b92740be-PendingRequests: sendNotLeaderResponses
2019-09-05 09:13:36,170 [org.apache.ratis.server.impl.LogAppender$AppenderDaemon$$Lambda$481/1773278204@99e7534] WARN  server.GrpcLogAppender (GrpcLogAppender.java:mayWait(143)) - GrpcLogAppender(74b14207-bfad-43c2-8870-3362b92740be->afe4f488-87af-436a-a91b-00d083bcaf9f): Wait interrupted by java.lang.InterruptedException
2019-09-05 09:13:36,170 [ForkJoinPool.commonPool-worker-0] INFO  impl.PendingRequests (PendingRequests.java:sendNotLeaderResponses(202)) - 74b14207-bfad-43c2-8870-3362b92740be-PendingRequests: sendNotLeaderResponses
2019-09-05 09:13:36,170 [org.apache.ratis.server.impl.LogAppender$AppenderDaemon$$Lambda$481/1773278204@4c9cea63] WARN  server.GrpcLogAppender (GrpcLogAppender.java:mayWait(143)) - GrpcLogAppender(74b14207-bfad-43c2-8870-3362b92740be->527ba554-0cdc-49d1-b9e7-3a69dcc23a2c): Wait interrupted by java.lang.InterruptedException
2019-09-05 09:13:36,173 [ForkJoinPool.commonPool-worker-0] INFO  impl.StateMachineUpdater (StateMachineUpdater.java:stopAndJoin(115)) - StateMachineUpdater:74b14207-bfad-43c2-8870-3362b92740be:group-7138D2A4900A: set stopIndex = 0
2019-09-05 09:13:36,173 [main] INFO  impl.StateMachineUpdater (StateMachineUpdater.java:stopAndJoin(115)) - StateMachineUpdater:74b14207-bfad-43c2-8870-3362b92740be:group-94041074BC02: set stopIndex = 18
2019-09-05 09:13:36,174 [ForkJoinPool.commonPool-worker-0] INFO  impl.RaftServerImpl (ServerState.java:close(394)) - 74b14207-bfad-43c2-8870-3362b92740be:group-7138D2A4900A closes. The last applied log index is 0
2019-09-05 09:13:36,174 [StateMachineUpdater:74b14207-bfad-43c2-8870-3362b92740be:group-94041074BC02] INFO  ratis.ContainerStateMachine (ContainerStateMachine.java:takeSnapshot(283)) - group-94041074BC02: Taking a snapshot at:(t:2, i:18) file /workdir/hadoop-ozone/integration-test/target/test-dir/MiniOzoneClusterImpl-2067a7df-0bd0-4e68-a777-bbcd763ebdf2/datanode-5/data/ratis/da7252f0-29be-4006-b3df-94041074bc02/sm/snapshot.2_18
2019-09-05 09:13:36,175 [74b14207-bfad-43c2-8870-3362b92740be-SegmentedRaftLogWorker:Storage Directory /workdir/hadoop-ozone/integration-test/target/test-dir/MiniOzoneClusterImpl-2067a7df-0bd0-4e68-a777-bbcd763ebdf2/datanode-5/data/ratis/d9de7a7f-c4d7-4063-b188-7138d2a4900a] INFO  segmented.SegmentedRaftLogWorker (SegmentedRaftLogWorker.java:run(313)) - 74b14207-bfad-43c2-8870-3362b92740be-SegmentedRaftLogWorker:Storage Directory /workdir/hadoop-ozone/integration-test/target/test-dir/MiniOzoneClusterImpl-2067a7df-0bd0-4e68-a777-bbcd763ebdf2/datanode-5/data/ratis/d9de7a7f-c4d7-4063-b188-7138d2a4900a was interrupted, exiting. There are 0 tasks remaining in the queue.
2019-09-05 09:13:36,175 [ForkJoinPool.commonPool-worker-0] INFO  segmented.SegmentedRaftLogWorker (SegmentedRaftLogWorker.java:close(228)) - 74b14207-bfad-43c2-8870-3362b92740be-SegmentedRaftLogWorker:Storage Directory /workdir/hadoop-ozone/integration-test/target/test-dir/MiniOzoneClusterImpl-2067a7df-0bd0-4e68-a777-bbcd763ebdf2/datanode-5/data/ratis/d9de7a7f-c4d7-4063-b188-7138d2a4900a close()
2019-09-05 09:13:36,209 [StateMachineUpdater:74b14207-bfad-43c2-8870-3362b92740be:group-94041074BC02] INFO  ratis.ContainerStateMachine (ContainerStateMachine.java:takeSnapshot(294)) - group-94041074BC02: Finished taking a snapshot at:(t:2, i:18) file:/workdir/hadoop-ozone/integration-test/target/test-dir/MiniOzoneClusterImpl-2067a7df-0bd0-4e68-a777-bbcd763ebdf2/datanode-5/data/ratis/da7252f0-29be-4006-b3df-94041074bc02/sm/snapshot.2_18 time:36
2019-09-05 09:13:36,210 [StateMachineUpdater:74b14207-bfad-43c2-8870-3362b92740be:group-94041074BC02] INFO  impl.StateMachineUpdater (StateMachineUpdater.java:takeSnapshot(242)) - StateMachineUpdater:74b14207-bfad-43c2-8870-3362b92740be:group-94041074BC02: Took a snapshot at index 18
2019-09-05 09:13:36,210 [StateMachineUpdater:74b14207-bfad-43c2-8870-3362b92740be:group-94041074BC02] INFO  impl.StateMachineUpdater (StateMachineUpdater.java:lambda$new$0(80)) - StateMachineUpdater:74b14207-bfad-43c2-8870-3362b92740be:group-94041074BC02: snapshotIndex: updateIncreasingly -1 -> 18
2019-09-05 09:13:36,210 [main] INFO  impl.RaftServerImpl (ServerState.java:close(394)) - 74b14207-bfad-43c2-8870-3362b92740be:group-94041074BC02 closes. The last applied log index is 18
2019-09-05 09:13:36,211 [74b14207-bfad-43c2-8870-3362b92740be-SegmentedRaftLogWorker:Storage Directory /workdir/hadoop-ozone/integration-test/target/test-dir/MiniOzoneClusterImpl-2067a7df-0bd0-4e68-a777-bbcd763ebdf2/datanode-5/data/ratis/da7252f0-29be-4006-b3df-94041074bc02] INFO  segmented.SegmentedRaftLogWorker (SegmentedRaftLogWorker.java:run(313)) - 74b14207-bfad-43c2-8870-3362b92740be-SegmentedRaftLogWorker:Storage Directory /workdir/hadoop-ozone/integration-test/target/test-dir/MiniOzoneClusterImpl-2067a7df-0bd0-4e68-a777-bbcd763ebdf2/datanode-5/data/ratis/da7252f0-29be-4006-b3df-94041074bc02 was interrupted, exiting. There are 0 tasks remaining in the queue.
2019-09-05 09:13:36,211 [main] INFO  segmented.SegmentedRaftLogWorker (SegmentedRaftLogWorker.java:close(228)) - 74b14207-bfad-43c2-8870-3362b92740be-SegmentedRaftLogWorker:Storage Directory /workdir/hadoop-ozone/integration-test/target/test-dir/MiniOzoneClusterImpl-2067a7df-0bd0-4e68-a777-bbcd763ebdf2/datanode-5/data/ratis/da7252f0-29be-4006-b3df-94041074bc02 close()
2019-09-05 09:13:36,214 [main] INFO  server.GrpcService (GrpcService.java:closeImpl(155)) - 74b14207-bfad-43c2-8870-3362b92740be: shutdown server with port 43315 now
2019-09-05 09:13:36,219 [grpc-default-executor-4] WARN  client.GrpcClientProtocolService (LogUtils.java:warn(134)) - 1-UnorderedRequestStreamObserver1: onError: org.apache.ratis.thirdparty.io.grpc.StatusRuntimeException: CANCELLED: cancelled before receiving half close
2019-09-05 09:13:36,221 [main] INFO  server.GrpcService (GrpcService.java:closeImpl(163)) - 74b14207-bfad-43c2-8870-3362b92740be: shutdown server with port 43315 successfully
2019-09-05 09:13:36,225 [main] INFO  utils.BackgroundService (BackgroundService.java:shutdown(148)) - Shutting down service BlockDeletingService
2019-09-05 09:13:36,229 [refreshUsed-/workdir/hadoop-ozone/integration-test/target/test-dir/MiniOzoneClusterImpl-2067a7df-0bd0-4e68-a777-bbcd763ebdf2/datanode-5/data/containers] WARN  fs.CachingGetSpaceUsed (CachingGetSpaceUsed.java:run(183)) - Thread Interrupted waiting to refresh disk information: sleep interrupted
2019-09-05 09:13:36,242 [main] INFO  statemachine.DatanodeStateMachine (DatanodeStateMachine.java:stopDaemon(395)) - Ozone container server stopped.
2019-09-05 09:13:36,243 [main] INFO  handler.ContextHandler (ContextHandler.java:doStop(910)) - Stopped o.e.j.w.WebAppContext@2a484710{/,null,UNAVAILABLE}{/hddsDatanode}
2019-09-05 09:13:36,244 [main] INFO  server.AbstractConnector (AbstractConnector.java:doStop(318)) - Stopped ServerConnector@661e1399{HTTP/1.1,[http/1.1]}{0.0.0.0:0}
2019-09-05 09:13:36,244 [main] INFO  handler.ContextHandler (ContextHandler.java:doStop(910)) - Stopped o.e.j.s.ServletContextHandler@5d7f8467{/static,jar:file:/home/user/.m2/repository/org/apache/hadoop/hadoop-hdds-container-service/0.5.0-SNAPSHOT/hadoop-hdds-container-service-0.5.0-SNAPSHOT.jar!/webapps/static,UNAVAILABLE}
2019-09-05 09:13:36,245 [main] INFO  handler.ContextHandler (ContextHandler.java:doStop(910)) - Stopped o.e.j.s.ServletContextHandler@4f5c30b1{/logs,file:///workdir/hadoop-ozone/integration-test/target/log,UNAVAILABLE}
2019-09-05 09:13:36,246 [main] INFO  ozone.MiniOzoneClusterImpl (MiniOzoneClusterImpl.java:stop(353)) - Stopping the StorageContainerManager
2019-09-05 09:13:36,246 [main] INFO  server.StorageContainerManager (StorageContainerManager.java:stop(797)) - Stopping Replication Manager Service.
2019-09-05 09:13:36,246 [main] INFO  container.ReplicationManager (ReplicationManager.java:stop(192)) - Stopping Replication Monitor Thread.
2019-09-05 09:13:36,246 [main] INFO  server.StorageContainerManager (StorageContainerManager.java:stop(804)) - Stopping Lease Manager of the command watchers
2019-09-05 09:13:36,247 [main] INFO  server.StorageContainerManager (StorageContainerManager.java:stop(811)) - Stopping datanode service RPC server
2019-09-05 09:13:36,247 [main] INFO  server.SCMDatanodeProtocolServer (SCMDatanodeProtocolServer.java:stop(367)) - Stopping the RPC server for DataNodes
2019-09-05 09:13:36,247 [main] INFO  ipc.Server (Server.java:stop(3082)) - Stopping server on 36706
2019-09-05 09:13:36,248 [IPC Server listener on 36706] INFO  ipc.Server (Server.java:run(1185)) - Stopping IPC Server listener on 36706
2019-09-05 09:13:36,248 [IPC Server Responder] INFO  ipc.Server (Server.java:run(1319)) - Stopping IPC Server Responder
2019-09-05 09:13:36,292 [SCM Heartbeat Processing Thread - 0] WARN  node.NodeStateManager (NodeStateManager.java:scheduleNextHealthCheck(655)) - Current Thread is interrupted, shutting down HB processing thread for Node Manager.
2019-09-05 09:13:36,292 [main] INFO  server.StorageContainerManager (StorageContainerManager.java:stop(819)) - Stopping block service RPC server
2019-09-05 09:13:36,293 [main] INFO  server.SCMBlockProtocolServer (SCMBlockProtocolServer.java:stop(148)) - Stopping the RPC server for Block Protocol
2019-09-05 09:13:36,293 [main] INFO  ipc.Server (Server.java:stop(3082)) - Stopping server on 46606
2019-09-05 09:13:36,294 [IPC Server listener on 46606] INFO  ipc.Server (Server.java:run(1185)) - Stopping IPC Server listener on 46606
2019-09-05 09:13:36,294 [main] INFO  server.StorageContainerManager (StorageContainerManager.java:stop(826)) - Stopping the StorageContainerLocationProtocol RPC server
2019-09-05 09:13:36,294 [IPC Server Responder] INFO  ipc.Server (Server.java:run(1319)) - Stopping IPC Server Responder
2019-09-05 09:13:36,295 [main] INFO  server.SCMClientProtocolServer (SCMClientProtocolServer.java:stop(159)) - Stopping the RPC server for Client Protocol
2019-09-05 09:13:36,295 [main] INFO  ipc.Server (Server.java:stop(3082)) - Stopping server on 37659
2019-09-05 09:13:36,296 [IPC Server listener on 37659] INFO  ipc.Server (Server.java:run(1185)) - Stopping IPC Server listener on 37659
2019-09-05 09:13:36,296 [main] INFO  server.StorageContainerManager (StorageContainerManager.java:stop(833)) - Stopping Storage Container Manager HTTP server.
2019-09-05 09:13:36,297 [IPC Server Responder] INFO  ipc.Server (Server.java:run(1319)) - Stopping IPC Server Responder
2019-09-05 09:13:36,297 [main] INFO  handler.ContextHandler (ContextHandler.java:doStop(910)) - Stopped o.e.j.w.WebAppContext@48f5bde6{/,null,UNAVAILABLE}{/scm}
2019-09-05 09:13:36,299 [main] INFO  server.AbstractConnector (AbstractConnector.java:doStop(318)) - Stopped ServerConnector@6d511b5f{HTTP/1.1,[http/1.1]}{0.0.0.0:0}
2019-09-05 09:13:36,299 [main] INFO  handler.ContextHandler (ContextHandler.java:doStop(910)) - Stopped o.e.j.s.ServletContextHandler@5c530d1e{/static,file:///workdir/hadoop-ozone/integration-test/target/test-classes/webapps/static,UNAVAILABLE}
2019-09-05 09:13:36,300 [main] INFO  handler.ContextHandler (ContextHandler.java:doStop(910)) - Stopped o.e.j.s.ServletContextHandler@5286c33a{/logs,file:///workdir/hadoop-ozone/integration-test/target/log,UNAVAILABLE}
2019-09-05 09:13:36,301 [main] INFO  server.StorageContainerManager (StorageContainerManager.java:stop(844)) - Stopping Block Manager Service.
2019-09-05 09:13:36,301 [main] INFO  utils.BackgroundService (BackgroundService.java:shutdown(148)) - Shutting down service SCMBlockDeletingService
2019-09-05 09:13:36,302 [main] INFO  utils.BackgroundService (BackgroundService.java:shutdown(148)) - Shutting down service SCMBlockDeletingService
2019-09-05 09:13:36,302 [main] INFO  server.StorageContainerManager (StorageContainerManager.java:stop(866)) - Stopping SCM Event Queue.
2019-09-05 09:13:36,309 [main] INFO  impl.MetricsSystemImpl (MetricsSystemImpl.java:stop(210)) - Stopping XceiverClientMetrics metrics system...
2019-09-05 09:13:36,315 [main] INFO  impl.MetricsSystemImpl (MetricsSystemImpl.java:stop(216)) - XceiverClientMetrics metrics system stopped.
]]></system-out>
    <system-err><![CDATA[Sep 05, 2019 9:12:53 AM com.sun.jersey.server.impl.application.WebApplicationImpl _initiate
INFO: Initiating Jersey application, version 'Jersey: 1.19 02/11/2015 03:25 AM'
Sep 05, 2019 9:12:54 AM com.sun.jersey.server.impl.application.WebApplicationImpl _initiate
INFO: Initiating Jersey application, version 'Jersey: 1.19 02/11/2015 03:25 AM'
Sep 05, 2019 9:12:55 AM com.sun.jersey.server.impl.application.WebApplicationImpl _initiate
INFO: Initiating Jersey application, version 'Jersey: 1.19 02/11/2015 03:25 AM'
Sep 05, 2019 9:12:55 AM com.sun.jersey.server.impl.application.WebApplicationImpl _initiate
INFO: Initiating Jersey application, version 'Jersey: 1.19 02/11/2015 03:25 AM'
Sep 05, 2019 9:12:55 AM com.sun.jersey.server.impl.application.WebApplicationImpl _initiate
INFO: Initiating Jersey application, version 'Jersey: 1.19 02/11/2015 03:25 AM'
Sep 05, 2019 9:12:55 AM com.sun.jersey.server.impl.application.WebApplicationImpl _initiate
INFO: Initiating Jersey application, version 'Jersey: 1.19 02/11/2015 03:25 AM'
Sep 05, 2019 9:12:56 AM com.sun.jersey.server.impl.application.WebApplicationImpl _initiate
INFO: Initiating Jersey application, version 'Jersey: 1.19 02/11/2015 03:25 AM'
]]></system-err>
  </testcase>
  <testcase name="testDatanodeFailureWithPreAllocation" classname="org.apache.hadoop.ozone.client.rpc.TestBlockOutputStreamWithFailures" time="228.228"/>
  <testcase name="testDatanodeFailureWithSingleNodeRatis" classname="org.apache.hadoop.ozone.client.rpc.TestBlockOutputStreamWithFailures" time="225.68"/>
  <testcase name="testWatchForCommitWithSingleNodeRatis" classname="org.apache.hadoop.ozone.client.rpc.TestBlockOutputStreamWithFailures" time="36.607"/>
  <testcase name="testWatchForCommitDatanodeFailure" classname="org.apache.hadoop.ozone.client.rpc.TestBlockOutputStreamWithFailures" time="46.808">
    <failure message="expected:&lt;2&gt; but was:&lt;3&gt;" type="java.lang.AssertionError"><![CDATA[java.lang.AssertionError: expected:<2> but was:<3>
	at org.junit.Assert.fail(Assert.java:88)
	at org.junit.Assert.failNotEquals(Assert.java:743)
	at org.junit.Assert.assertEquals(Assert.java:118)
	at org.junit.Assert.assertEquals(Assert.java:555)
	at org.junit.Assert.assertEquals(Assert.java:542)
	at org.apache.hadoop.ozone.client.rpc.TestBlockOutputStreamWithFailures.testWatchForCommitDatanodeFailure(TestBlockOutputStreamWithFailures.java:366)
	at sun.reflect.NativeMethodAccessorImpl.invoke0(Native Method)
	at sun.reflect.NativeMethodAccessorImpl.invoke(NativeMethodAccessorImpl.java:62)
	at sun.reflect.DelegatingMethodAccessorImpl.invoke(DelegatingMethodAccessorImpl.java:43)
	at java.lang.reflect.Method.invoke(Method.java:498)
	at org.junit.runners.model.FrameworkMethod$1.runReflectiveCall(FrameworkMethod.java:47)
	at org.junit.internal.runners.model.ReflectiveCallable.run(ReflectiveCallable.java:12)
	at org.junit.runners.model.FrameworkMethod.invokeExplosively(FrameworkMethod.java:44)
	at org.junit.internal.runners.statements.InvokeMethod.evaluate(InvokeMethod.java:17)
	at org.junit.internal.runners.statements.RunBefores.evaluate(RunBefores.java:26)
	at org.junit.internal.runners.statements.RunAfters.evaluate(RunAfters.java:27)
	at org.junit.runners.ParentRunner.runLeaf(ParentRunner.java:271)
	at org.junit.runners.BlockJUnit4ClassRunner.runChild(BlockJUnit4ClassRunner.java:70)
	at org.junit.runners.BlockJUnit4ClassRunner.runChild(BlockJUnit4ClassRunner.java:50)
	at org.junit.runners.ParentRunner$3.run(ParentRunner.java:238)
	at org.junit.runners.ParentRunner$1.schedule(ParentRunner.java:63)
	at org.junit.runners.ParentRunner.runChildren(ParentRunner.java:236)
	at org.junit.runners.ParentRunner.access$000(ParentRunner.java:53)
	at org.junit.runners.ParentRunner$2.evaluate(ParentRunner.java:229)
	at org.junit.runners.ParentRunner.run(ParentRunner.java:309)
	at org.apache.maven.surefire.junit4.JUnit4Provider.execute(JUnit4Provider.java:365)
	at org.apache.maven.surefire.junit4.JUnit4Provider.executeWithRerun(JUnit4Provider.java:273)
	at org.apache.maven.surefire.junit4.JUnit4Provider.executeTestSet(JUnit4Provider.java:238)
	at org.apache.maven.surefire.junit4.JUnit4Provider.invoke(JUnit4Provider.java:159)
	at org.apache.maven.surefire.booter.ForkedBooter.invokeProviderInSameClassLoader(ForkedBooter.java:384)
	at org.apache.maven.surefire.booter.ForkedBooter.runSuitesInProcess(ForkedBooter.java:345)
	at org.apache.maven.surefire.booter.ForkedBooter.execute(ForkedBooter.java:126)
	at org.apache.maven.surefire.booter.ForkedBooter.main(ForkedBooter.java:418)
]]></failure>
    <system-out><![CDATA[2019-09-05 09:21:46,898 [main] WARN  server.ServerUtils (ServerUtils.java:getScmDbDir(145)) - ozone.scm.db.dirs is not configured. We recommend adding this setting. Falling back to ozone.metadata.dirs instead.
2019-09-05 09:21:46,944 [main] WARN  server.ServerUtils (ServerUtils.java:getScmDbDir(145)) - ozone.scm.db.dirs is not configured. We recommend adding this setting. Falling back to ozone.metadata.dirs instead.
2019-09-05 09:21:46,944 [main] WARN  server.ServerUtils (ServerUtils.java:getScmDbDir(145)) - ozone.scm.db.dirs is not configured. We recommend adding this setting. Falling back to ozone.metadata.dirs instead.
2019-09-05 09:21:46,945 [main] INFO  db.DBStoreBuilder (DBStoreBuilder.java:addTable(110)) - using custom profile for table: deletedBlocks
2019-09-05 09:21:46,945 [main] INFO  db.DBStoreBuilder (DBStoreBuilder.java:processTables(161)) - Using default column profile:DBProfile.DISK for Table:deletedBlocks
2019-09-05 09:21:46,945 [main] INFO  db.DBStoreBuilder (DBStoreBuilder.java:addTable(110)) - using custom profile for table: validCerts
2019-09-05 09:21:46,946 [main] INFO  db.DBStoreBuilder (DBStoreBuilder.java:processTables(161)) - Using default column profile:DBProfile.DISK for Table:validCerts
2019-09-05 09:21:46,946 [main] INFO  db.DBStoreBuilder (DBStoreBuilder.java:addTable(110)) - using custom profile for table: revokedCerts
2019-09-05 09:21:46,946 [main] INFO  db.DBStoreBuilder (DBStoreBuilder.java:processTables(161)) - Using default column profile:DBProfile.DISK for Table:revokedCerts
2019-09-05 09:21:46,946 [main] INFO  db.DBStoreBuilder (DBStoreBuilder.java:addTable(110)) - using custom profile for table: default
2019-09-05 09:21:46,947 [main] INFO  db.DBStoreBuilder (DBStoreBuilder.java:processTables(167)) - Using default column profile:DBProfile.DISK for Table:default
2019-09-05 09:21:46,947 [main] INFO  db.DBStoreBuilder (DBStoreBuilder.java:getDbProfile(198)) - Using default options. DBProfile.DISK
2019-09-05 09:21:47,340 [main] INFO  net.NodeSchemaLoader (NodeSchemaLoader.java:loadSchemaFromFile(125)) - Loading file from sun.misc.CompoundEnumeration@454f6cc5
2019-09-05 09:21:47,340 [main] INFO  net.NodeSchemaLoader (NodeSchemaLoader.java:loadSchema(171)) - Loading network topology layer schema file
2019-09-05 09:21:47,344 [main] INFO  node.SCMNodeManager (SCMNodeManager.java:<init>(121)) - Entering startup safe mode.
2019-09-05 09:21:47,345 [main] INFO  algorithms.ContainerPlacementPolicyFactory (ContainerPlacementPolicyFactory.java:getPolicy(56)) - Create container placement policy of type org.apache.hadoop.hdds.scm.container.placement.algorithms.SCMContainerPlacementRandom
2019-09-05 09:21:47,345 [main] WARN  server.ServerUtils (ServerUtils.java:getScmDbDir(145)) - ozone.scm.db.dirs is not configured. We recommend adding this setting. Falling back to ozone.metadata.dirs instead.
2019-09-05 09:21:47,507 [main] INFO  pipeline.SCMPipelineManager (SCMPipelineManager.java:initializePipelineState(126)) - No pipeline exists in current db
2019-09-05 09:21:47,507 [main] WARN  server.ServerUtils (ServerUtils.java:getScmDbDir(145)) - ozone.scm.db.dirs is not configured. We recommend adding this setting. Falling back to ozone.metadata.dirs instead.
2019-09-05 09:21:47,598 [main] WARN  events.EventQueue (EventQueue.java:fireEvent(175)) - No event handler registered for event TypedEvent{payloadType=SafeModeStatus, name='SafeModeStatus'}
2019-09-05 09:21:47,599 [main] INFO  ipc.CallQueueManager (CallQueueManager.java:<init>(84)) - Using callQueue: class java.util.concurrent.LinkedBlockingQueue, queueCapacity: 2000, scheduler: class org.apache.hadoop.ipc.DefaultRpcScheduler, ipcBackoff: false.
2019-09-05 09:21:47,599 [Socket Reader #1 for port 39170] INFO  ipc.Server (Server.java:run(1074)) - Starting Socket Reader #1 for port 39170
2019-09-05 09:21:47,603 [main] INFO  ipc.CallQueueManager (CallQueueManager.java:<init>(84)) - Using callQueue: class java.util.concurrent.LinkedBlockingQueue, queueCapacity: 2000, scheduler: class org.apache.hadoop.ipc.DefaultRpcScheduler, ipcBackoff: false.
2019-09-05 09:21:47,604 [Socket Reader #1 for port 39318] INFO  ipc.Server (Server.java:run(1074)) - Starting Socket Reader #1 for port 39318
2019-09-05 09:21:47,605 [main] INFO  ipc.CallQueueManager (CallQueueManager.java:<init>(84)) - Using callQueue: class java.util.concurrent.LinkedBlockingQueue, queueCapacity: 2000, scheduler: class org.apache.hadoop.ipc.DefaultRpcScheduler, ipcBackoff: false.
2019-09-05 09:21:47,606 [Socket Reader #1 for port 42920] INFO  ipc.Server (Server.java:run(1074)) - Starting Socket Reader #1 for port 42920
2019-09-05 09:21:47,608 [main] INFO  hdfs.DFSUtil (DFSUtil.java:httpServerTemplateForNNAndJN(1641)) - Starting Web-server for scm at: http://0.0.0.0:0
2019-09-05 09:21:47,610 [main] INFO  server.AuthenticationFilter (AuthenticationFilter.java:constructSecretProvider(240)) - Unable to initialize FileSignerSecretProvider, falling back to use random secrets.
2019-09-05 09:21:47,610 [main] WARN  http.HttpRequestLog (HttpRequestLog.java:getRequestLog(97)) - Jetty request log can only be enabled using Log4j
2019-09-05 09:21:47,612 [main] INFO  http.HttpServer2 (HttpServer2.java:addGlobalFilter(975)) - Added global filter 'safety' (class=org.apache.hadoop.http.HttpServer2$QuotingInputFilter)
2019-09-05 09:21:47,613 [main] INFO  http.HttpServer2 (HttpServer2.java:addFilter(948)) - Added filter static_user_filter (class=org.apache.hadoop.http.lib.StaticUserWebFilter$StaticUserFilter) to context scm
2019-09-05 09:21:47,613 [main] INFO  http.HttpServer2 (HttpServer2.java:addFilter(958)) - Added filter static_user_filter (class=org.apache.hadoop.http.lib.StaticUserWebFilter$StaticUserFilter) to context logs
2019-09-05 09:21:47,613 [main] INFO  http.HttpServer2 (HttpServer2.java:addFilter(958)) - Added filter static_user_filter (class=org.apache.hadoop.http.lib.StaticUserWebFilter$StaticUserFilter) to context static
2019-09-05 09:21:47,615 [main] INFO  server.StorageContainerManager (StorageContainerManager.java:start(759)) - StorageContainerLocationProtocol RPC server is listening at /0.0.0.0:42920
2019-09-05 09:21:47,617 [main] WARN  impl.MetricsConfig (MetricsConfig.java:loadFirst(134)) - Cannot locate configuration: tried hadoop-metrics2-storagecontainermanager.properties,hadoop-metrics2.properties
2019-09-05 09:21:47,617 [main] INFO  impl.MetricsSystemImpl (MetricsSystemImpl.java:startTimer(374)) - Scheduled Metric snapshot period at 10 second(s).
2019-09-05 09:21:47,618 [main] INFO  impl.MetricsSystemImpl (MetricsSystemImpl.java:start(191)) - StorageContainerManager metrics system started
2019-09-05 09:21:47,680 [main] INFO  server.SCMClientProtocolServer (SCMClientProtocolServer.java:start(151)) - RPC server for Client  is listening at /0.0.0.0:42920
2019-09-05 09:21:47,681 [IPC Server Responder] INFO  ipc.Server (Server.java:run(1314)) - IPC Server Responder: starting
2019-09-05 09:21:47,681 [IPC Server listener on 42920] INFO  ipc.Server (Server.java:run(1153)) - IPC Server listener on 42920: starting
2019-09-05 09:21:47,684 [main] INFO  server.StorageContainerManager (StorageContainerManager.java:start(769)) - ScmBlockLocationProtocol RPC server is listening at /0.0.0.0:39318
2019-09-05 09:21:47,684 [main] INFO  server.SCMBlockProtocolServer (SCMBlockProtocolServer.java:start(140)) - RPC server for Block Protocol is listening at /0.0.0.0:39318
2019-09-05 09:21:47,685 [IPC Server Responder] INFO  ipc.Server (Server.java:run(1314)) - IPC Server Responder: starting
2019-09-05 09:21:47,685 [IPC Server listener on 39318] INFO  ipc.Server (Server.java:run(1153)) - IPC Server listener on 39318: starting
2019-09-05 09:21:47,688 [main] INFO  server.StorageContainerManager (StorageContainerManager.java:start(773)) - ScmDatanodeProtocl RPC server is listening at /0.0.0.0:39170
2019-09-05 09:21:47,688 [main] INFO  server.SCMDatanodeProtocolServer (SCMDatanodeProtocolServer.java:start(191)) - RPC server for DataNodes is listening at /0.0.0.0:39170
2019-09-05 09:21:47,689 [IPC Server Responder] INFO  ipc.Server (Server.java:run(1314)) - IPC Server Responder: starting
2019-09-05 09:21:47,690 [IPC Server listener on 39170] INFO  ipc.Server (Server.java:run(1153)) - IPC Server listener on 39170: starting
2019-09-05 09:21:47,693 [main] INFO  http.HttpServer2 (HttpServer2.java:bindListener(1191)) - Jetty bound to port 40331
2019-09-05 09:21:47,693 [main] INFO  server.Server (Server.java:doStart(351)) - jetty-9.3.24.v20180605, build timestamp: 2018-06-05T17:11:56Z, git hash: 84205aa28f11a4f31f2a3b86d1bba2cc8ab69827
2019-09-05 09:21:47,695 [main] INFO  handler.ContextHandler (ContextHandler.java:doStart(781)) - Started o.e.j.s.ServletContextHandler@a8964c1{/logs,file:///workdir/hadoop-ozone/integration-test/target/log,AVAILABLE}
2019-09-05 09:21:47,696 [main] INFO  handler.ContextHandler (ContextHandler.java:doStart(781)) - Started o.e.j.s.ServletContextHandler@16c3388e{/static,file:///workdir/hadoop-ozone/integration-test/target/test-classes/webapps/static,AVAILABLE}
2019-09-05 09:21:47,701 [main] INFO  handler.ContextHandler (ContextHandler.java:doStart(781)) - Started o.e.j.w.WebAppContext@7fec6c2f{/,file:///workdir/hadoop-ozone/integration-test/target/test-classes/webapps/scm/,AVAILABLE}{/scm}
2019-09-05 09:21:47,701 [main] INFO  server.AbstractConnector (AbstractConnector.java:doStart(278)) - Started ServerConnector@67e12e28{HTTP/1.1,[http/1.1]}{0.0.0.0:40331}
2019-09-05 09:21:47,702 [main] INFO  server.Server (Server.java:doStart(419)) - Started @540489ms
2019-09-05 09:21:47,703 [main] INFO  server.BaseHttpServer (BaseHttpServer.java:updateConnectorAddress(213)) - HTTP server of SCM is listening at http://0.0.0.0:40331
2019-09-05 09:21:47,704 [main] WARN  server.ServerUtils (ServerUtils.java:getDBPath(222)) - ozone.om.db.dirs is not configured. We recommend adding this setting. Falling back to ozone.metadata.dirs instead.
2019-09-05 09:21:47,704 [org.apache.hadoop.util.JvmPauseMonitor$Monitor@96271d8] INFO  util.JvmPauseMonitor (JvmPauseMonitor.java:run(188)) - Starting JVM pause monitor
2019-09-05 09:21:47,720 [main] WARN  server.ServerUtils (ServerUtils.java:getDBPath(222)) - ozone.om.db.dirs is not configured. We recommend adding this setting. Falling back to ozone.metadata.dirs instead.
2019-09-05 09:21:47,720 [main] WARN  server.ServerUtils (ServerUtils.java:getDBPath(222)) - ozone.om.db.dirs is not configured. We recommend adding this setting. Falling back to ozone.metadata.dirs instead.
2019-09-05 09:21:47,721 [main] INFO  om.OzoneManager (OzoneManager.java:setOMNodeDetails(645)) - OM Service ID is not set. Setting it to the default ID: omServiceIdDefault
2019-09-05 09:21:47,721 [main] INFO  om.OzoneManager (OzoneManager.java:setOMNodeDetails(651)) - OM Node ID is not set. Setting it to the OmStorage's OmID: f6059876-cea7-4cf5-892b-4dd99c8aa763
2019-09-05 09:21:47,721 [main] INFO  om.OzoneManager (OzoneManager.java:loadOMHAConfigs(602)) - Found matching OM address with OMServiceId: null, OMNodeId: null, RPC Address: localhost:0 and Ratis port: 9872
2019-09-05 09:21:47,725 | INFO  | SCMAudit | user=jenkins1000 | ip=192.168.69.66 | op=GET_SCM_INFO null | ret=SUCCESS |  
2019-09-05 09:21:47,727 [main] WARN  server.ServerUtils (ServerUtils.java:getDBPath(222)) - ozone.om.db.dirs is not configured. We recommend adding this setting. Falling back to ozone.metadata.dirs instead.
2019-09-05 09:21:47,727 [main] INFO  db.DBStoreBuilder (DBStoreBuilder.java:addTable(110)) - using custom profile for table: userTable
2019-09-05 09:21:47,727 [main] INFO  db.DBStoreBuilder (DBStoreBuilder.java:processTables(161)) - Using default column profile:DBProfile.DISK for Table:userTable
2019-09-05 09:21:47,727 [main] INFO  db.DBStoreBuilder (DBStoreBuilder.java:addTable(110)) - using custom profile for table: volumeTable
2019-09-05 09:21:47,728 [main] INFO  db.DBStoreBuilder (DBStoreBuilder.java:processTables(161)) - Using default column profile:DBProfile.DISK for Table:volumeTable
2019-09-05 09:21:47,728 [main] INFO  db.DBStoreBuilder (DBStoreBuilder.java:addTable(110)) - using custom profile for table: bucketTable
2019-09-05 09:21:47,728 [main] INFO  db.DBStoreBuilder (DBStoreBuilder.java:processTables(161)) - Using default column profile:DBProfile.DISK for Table:bucketTable
2019-09-05 09:21:47,728 [main] INFO  db.DBStoreBuilder (DBStoreBuilder.java:addTable(110)) - using custom profile for table: keyTable
2019-09-05 09:21:47,728 [main] INFO  db.DBStoreBuilder (DBStoreBuilder.java:processTables(161)) - Using default column profile:DBProfile.DISK for Table:keyTable
2019-09-05 09:21:47,728 [main] INFO  db.DBStoreBuilder (DBStoreBuilder.java:addTable(110)) - using custom profile for table: deletedTable
2019-09-05 09:21:47,729 [main] INFO  db.DBStoreBuilder (DBStoreBuilder.java:processTables(161)) - Using default column profile:DBProfile.DISK for Table:deletedTable
2019-09-05 09:21:47,729 [main] INFO  db.DBStoreBuilder (DBStoreBuilder.java:addTable(110)) - using custom profile for table: openKeyTable
2019-09-05 09:21:47,729 [main] INFO  db.DBStoreBuilder (DBStoreBuilder.java:processTables(161)) - Using default column profile:DBProfile.DISK for Table:openKeyTable
2019-09-05 09:21:47,729 [main] INFO  db.DBStoreBuilder (DBStoreBuilder.java:addTable(110)) - using custom profile for table: s3Table
2019-09-05 09:21:47,729 [main] INFO  db.DBStoreBuilder (DBStoreBuilder.java:processTables(161)) - Using default column profile:DBProfile.DISK for Table:s3Table
2019-09-05 09:21:47,729 [main] INFO  db.DBStoreBuilder (DBStoreBuilder.java:addTable(110)) - using custom profile for table: multipartInfoTable
2019-09-05 09:21:47,729 [main] INFO  db.DBStoreBuilder (DBStoreBuilder.java:processTables(161)) - Using default column profile:DBProfile.DISK for Table:multipartInfoTable
2019-09-05 09:21:47,730 [main] INFO  db.DBStoreBuilder (DBStoreBuilder.java:addTable(110)) - using custom profile for table: dTokenTable
2019-09-05 09:21:47,730 [main] INFO  db.DBStoreBuilder (DBStoreBuilder.java:processTables(161)) - Using default column profile:DBProfile.DISK for Table:dTokenTable
2019-09-05 09:21:47,730 [main] INFO  db.DBStoreBuilder (DBStoreBuilder.java:addTable(110)) - using custom profile for table: s3SecretTable
2019-09-05 09:21:47,730 [main] INFO  db.DBStoreBuilder (DBStoreBuilder.java:processTables(161)) - Using default column profile:DBProfile.DISK for Table:s3SecretTable
2019-09-05 09:21:47,730 [main] INFO  db.DBStoreBuilder (DBStoreBuilder.java:addTable(110)) - using custom profile for table: prefixTable
2019-09-05 09:21:47,730 [main] INFO  db.DBStoreBuilder (DBStoreBuilder.java:processTables(161)) - Using default column profile:DBProfile.DISK for Table:prefixTable
2019-09-05 09:21:47,731 [main] INFO  db.DBStoreBuilder (DBStoreBuilder.java:addTable(110)) - using custom profile for table: default
2019-09-05 09:21:47,731 [main] INFO  db.DBStoreBuilder (DBStoreBuilder.java:processTables(167)) - Using default column profile:DBProfile.DISK for Table:default
2019-09-05 09:21:47,731 [main] INFO  db.DBStoreBuilder (DBStoreBuilder.java:getDbProfile(198)) - Using default options. DBProfile.DISK
2019-09-05 09:21:48,548 [main] INFO  ipc.CallQueueManager (CallQueueManager.java:<init>(84)) - Using callQueue: class java.util.concurrent.LinkedBlockingQueue, queueCapacity: 2000, scheduler: class org.apache.hadoop.ipc.DefaultRpcScheduler, ipcBackoff: false.
2019-09-05 09:21:48,549 [Socket Reader #1 for port 46830] INFO  ipc.Server (Server.java:run(1074)) - Starting Socket Reader #1 for port 46830
2019-09-05 09:21:48,561 [main] INFO  om.OzoneManager (OzoneManager.java:start(1256)) - OzoneManager RPC server is listening at localhost/127.0.0.1:46830
2019-09-05 09:21:48,562 [main] INFO  impl.MetricsSystemImpl (MetricsSystemImpl.java:init(158)) - OzoneManager metrics system started (again)
2019-09-05 09:21:48,562 [IPC Server listener on 46830] INFO  ipc.Server (Server.java:run(1153)) - IPC Server listener on 46830: starting
2019-09-05 09:21:48,562 [IPC Server Responder] INFO  ipc.Server (Server.java:run(1314)) - IPC Server Responder: starting
2019-09-05 09:21:48,567 [main] INFO  hdfs.DFSUtil (DFSUtil.java:httpServerTemplateForNNAndJN(1641)) - Starting Web-server for ozoneManager at: http://0.0.0.0:0
2019-09-05 09:21:48,568 [main] INFO  server.AuthenticationFilter (AuthenticationFilter.java:constructSecretProvider(240)) - Unable to initialize FileSignerSecretProvider, falling back to use random secrets.
2019-09-05 09:21:48,569 [main] WARN  http.HttpRequestLog (HttpRequestLog.java:getRequestLog(97)) - Jetty request log can only be enabled using Log4j
2019-09-05 09:21:48,571 [main] INFO  http.HttpServer2 (HttpServer2.java:addGlobalFilter(975)) - Added global filter 'safety' (class=org.apache.hadoop.http.HttpServer2$QuotingInputFilter)
2019-09-05 09:21:48,572 [main] INFO  http.HttpServer2 (HttpServer2.java:addFilter(948)) - Added filter static_user_filter (class=org.apache.hadoop.http.lib.StaticUserWebFilter$StaticUserFilter) to context ozoneManager
2019-09-05 09:21:48,572 [main] INFO  http.HttpServer2 (HttpServer2.java:addFilter(958)) - Added filter static_user_filter (class=org.apache.hadoop.http.lib.StaticUserWebFilter$StaticUserFilter) to context static
2019-09-05 09:21:48,572 [main] INFO  http.HttpServer2 (HttpServer2.java:addFilter(958)) - Added filter static_user_filter (class=org.apache.hadoop.http.lib.StaticUserWebFilter$StaticUserFilter) to context logs
2019-09-05 09:21:48,573 [main] INFO  http.HttpServer2 (HttpServer2.java:bindListener(1191)) - Jetty bound to port 41901
2019-09-05 09:21:48,573 [main] INFO  server.Server (Server.java:doStart(351)) - jetty-9.3.24.v20180605, build timestamp: 2018-06-05T17:11:56Z, git hash: 84205aa28f11a4f31f2a3b86d1bba2cc8ab69827
2019-09-05 09:21:48,575 [main] INFO  handler.ContextHandler (ContextHandler.java:doStart(781)) - Started o.e.j.s.ServletContextHandler@11c372e9{/logs,file:///workdir/hadoop-ozone/integration-test/target/log,AVAILABLE}
2019-09-05 09:21:48,575 [main] INFO  handler.ContextHandler (ContextHandler.java:doStart(781)) - Started o.e.j.s.ServletContextHandler@73418044{/static,file:///workdir/hadoop-ozone/integration-test/target/test-classes/webapps/static,AVAILABLE}
2019-09-05 09:21:48,578 [main] INFO  handler.ContextHandler (ContextHandler.java:doStart(781)) - Started o.e.j.w.WebAppContext@46f3d0f7{/,file:///workdir/hadoop-ozone/integration-test/target/test-classes/webapps/ozoneManager/,AVAILABLE}{/ozoneManager}
2019-09-05 09:21:48,579 [main] INFO  server.AbstractConnector (AbstractConnector.java:doStart(278)) - Started ServerConnector@592fbd8{HTTP/1.1,[http/1.1]}{0.0.0.0:41901}
2019-09-05 09:21:48,580 [main] INFO  server.Server (Server.java:doStart(419)) - Started @541367ms
2019-09-05 09:21:48,580 [main] INFO  server.BaseHttpServer (BaseHttpServer.java:updateConnectorAddress(213)) - HTTP server of OZONEMANAGER is listening at http://0.0.0.0:41901
2019-09-05 09:21:48,598 [main] INFO  impl.MetricsSystemImpl (MetricsSystemImpl.java:init(158)) - HddsDatanode metrics system started (again)
2019-09-05 09:21:48,601 [main] INFO  ozone.HddsDatanodeService (HddsDatanodeService.java:start(184)) - HddsDatanodeService host:pr-hdds-1571-bldfb-3674279559 ip:192.168.69.66
2019-09-05 09:21:48,609 [main] INFO  volume.HddsVolume (HddsVolume.java:<init>(176)) - Creating Volume: /workdir/hadoop-ozone/integration-test/target/test-dir/MiniOzoneClusterImpl-b9007246-1341-44ba-8eb7-22f06fb20b9c/datanode-0/data/containers/hdds of  storage type : DISK and capacity : 1482555576320
2019-09-05 09:21:48,610 [main] INFO  volume.VolumeSet (VolumeSet.java:initializeVolumeSet(170)) - Added Volume : /workdir/hadoop-ozone/integration-test/target/test-dir/MiniOzoneClusterImpl-b9007246-1341-44ba-8eb7-22f06fb20b9c/datanode-0/data/containers/hdds to VolumeSet
2019-09-05 09:21:48,610 [main] INFO  volume.ThrottledAsyncChecker (ThrottledAsyncChecker.java:schedule(140)) - Scheduling a check for org.apache.hadoop.ozone.container.common.volume.HddsVolume@60f70c9e
2019-09-05 09:21:48,611 [main] INFO  volume.HddsVolumeChecker (HddsVolumeChecker.java:checkAllVolumes(203)) - Scheduled health check for volume org.apache.hadoop.ozone.container.common.volume.HddsVolume@60f70c9e
2019-09-05 09:21:48,627 [main] INFO  impl.RaftServerProxy (ConfUtils.java:logGet(43)) - raft.rpc.type = GRPC (default)
2019-09-05 09:21:48,627 [main] INFO  grpc.GrpcFactory (GrpcFactory.java:checkPooledByteBufAllocatorUseCacheForAllThreads(45)) - PERFORMANCE WARNING: useCacheForAllThreads is true that may cause Netty to create a lot garbage objects and, as a result, trigger GC.
	It is recommended to disable useCacheForAllThreads by setting -Dorg.apache.ratis.thirdparty.io.netty.allocator.useCacheForAllThreads=false in command line.
2019-09-05 09:21:48,628 [main] INFO  grpc.GrpcConfigKeys$Server (ConfUtils.java:logGet(43)) - raft.grpc.server.port = 0 (default)
2019-09-05 09:21:48,628 [main] INFO  server.GrpcService (ConfUtils.java:logGet(43)) - raft.grpc.message.size.max = 33570816 (custom)
2019-09-05 09:21:48,628 [main] INFO  server.RaftServerConfigKeys (ConfUtils.java:logGet(43)) - raft.server.log.appender.buffer.byte-limit = 33554432 (custom)
2019-09-05 09:21:48,628 [main] INFO  server.GrpcService (ConfUtils.java:logGet(43)) - raft.grpc.flow.control.window = 1MB (=1048576) (default)
2019-09-05 09:21:48,629 [main] INFO  server.RaftServerConfigKeys (ConfUtils.java:logGet(43)) - raft.server.rpc.request.timeout = 3000ms (default)
2019-09-05 09:21:48,629 [main] INFO  server.RaftServerConfigKeys (ConfUtils.java:logGet(43)) - raft.server.storage.dir = [/workdir/hadoop-ozone/integration-test/target/test-dir/MiniOzoneClusterImpl-b9007246-1341-44ba-8eb7-22f06fb20b9c/datanode-0/data/ratis] (custom)
2019-09-05 09:21:48,630 [main] INFO  replication.SimpleContainerDownloader (SimpleContainerDownloader.java:<init>(72)) - Starting container downloader service to copy containers to replicate.
2019-09-05 09:21:48,631 [main] INFO  hdfs.DFSUtil (DFSUtil.java:httpServerTemplateForNNAndJN(1641)) - Starting Web-server for hddsDatanode at: http://0.0.0.0:0
2019-09-05 09:21:48,632 [main] INFO  server.AuthenticationFilter (AuthenticationFilter.java:constructSecretProvider(240)) - Unable to initialize FileSignerSecretProvider, falling back to use random secrets.
2019-09-05 09:21:48,632 [main] WARN  http.HttpRequestLog (HttpRequestLog.java:getRequestLog(97)) - Jetty request log can only be enabled using Log4j
2019-09-05 09:21:48,634 [main] INFO  http.HttpServer2 (HttpServer2.java:addGlobalFilter(975)) - Added global filter 'safety' (class=org.apache.hadoop.http.HttpServer2$QuotingInputFilter)
2019-09-05 09:21:48,635 [main] INFO  http.HttpServer2 (HttpServer2.java:addFilter(948)) - Added filter static_user_filter (class=org.apache.hadoop.http.lib.StaticUserWebFilter$StaticUserFilter) to context hddsDatanode
2019-09-05 09:21:48,635 [main] INFO  http.HttpServer2 (HttpServer2.java:addFilter(958)) - Added filter static_user_filter (class=org.apache.hadoop.http.lib.StaticUserWebFilter$StaticUserFilter) to context static
2019-09-05 09:21:48,635 [main] INFO  http.HttpServer2 (HttpServer2.java:addFilter(958)) - Added filter static_user_filter (class=org.apache.hadoop.http.lib.StaticUserWebFilter$StaticUserFilter) to context logs
2019-09-05 09:21:48,636 [main] INFO  http.HttpServer2 (HttpServer2.java:bindListener(1191)) - Jetty bound to port 34976
2019-09-05 09:21:48,636 [main] INFO  server.Server (Server.java:doStart(351)) - jetty-9.3.24.v20180605, build timestamp: 2018-06-05T17:11:56Z, git hash: 84205aa28f11a4f31f2a3b86d1bba2cc8ab69827
2019-09-05 09:21:48,637 [main] INFO  handler.ContextHandler (ContextHandler.java:doStart(781)) - Started o.e.j.s.ServletContextHandler@470fc16c{/logs,file:///workdir/hadoop-ozone/integration-test/target/log,AVAILABLE}
2019-09-05 09:21:48,638 [main] INFO  handler.ContextHandler (ContextHandler.java:doStart(781)) - Started o.e.j.s.ServletContextHandler@56dae6{/static,jar:file:/home/user/.m2/repository/org/apache/hadoop/hadoop-hdds-container-service/0.5.0-SNAPSHOT/hadoop-hdds-container-service-0.5.0-SNAPSHOT.jar!/webapps/static,AVAILABLE}
2019-09-05 09:21:48,672 [main] INFO  handler.ContextHandler (ContextHandler.java:doStart(781)) - Started o.e.j.w.WebAppContext@38f7a20{/,file:///tmp/jetty-0.0.0.0-34976-hddsDatanode-_-any-5280226986555343.dir/webapp/,AVAILABLE}{/hddsDatanode}
2019-09-05 09:21:48,672 [main] INFO  server.AbstractConnector (AbstractConnector.java:doStart(278)) - Started ServerConnector@2c39c520{HTTP/1.1,[http/1.1]}{0.0.0.0:34976}
2019-09-05 09:21:48,673 [main] INFO  server.Server (Server.java:doStart(419)) - Started @541460ms
2019-09-05 09:21:48,674 [main] INFO  server.BaseHttpServer (BaseHttpServer.java:updateConnectorAddress(213)) - HTTP server of HDDSDATANODE is listening at http://0.0.0.0:34976
2019-09-05 09:21:48,789 | INFO  | ObjectStoreRestHttpServer | Listening HDDS REST traffic on /0.0.0.0:36020 |  
2019-09-05 09:21:48,789 [main] INFO  ozone.HddsDatanodeService (HddsDatanodeService.java:startPlugins(395)) - Started plug-in org.apache.hadoop.ozone.web.OzoneHddsDatanodeService@b7b26c6
2019-09-05 09:21:48,789 [main] INFO  impl.MetricsSystemImpl (MetricsSystemImpl.java:init(158)) - HddsDatanode metrics system started (again)
2019-09-05 09:21:48,791 [main] INFO  ozone.HddsDatanodeService (HddsDatanodeService.java:start(184)) - HddsDatanodeService host:pr-hdds-1571-bldfb-3674279559 ip:192.168.69.66
2019-09-05 09:21:48,792 [org.apache.hadoop.util.JvmPauseMonitor$Monitor@6ca4451e] INFO  util.JvmPauseMonitor (JvmPauseMonitor.java:run(188)) - Starting JVM pause monitor
2019-09-05 09:21:48,793 [Datanode State Machine Thread - 0] INFO  datanode.InitDatanodeState (InitDatanodeState.java:persistContainerDatanodeDetails(140)) - DatanodeDetails is persisted to /workdir/hadoop-ozone/integration-test/target/test-dir/MiniOzoneClusterImpl-b9007246-1341-44ba-8eb7-22f06fb20b9c/datanode-0/meta/datanode.id
2019-09-05 09:21:48,801 [main] INFO  volume.HddsVolume (HddsVolume.java:<init>(176)) - Creating Volume: /workdir/hadoop-ozone/integration-test/target/test-dir/MiniOzoneClusterImpl-b9007246-1341-44ba-8eb7-22f06fb20b9c/datanode-1/data/containers/hdds of  storage type : DISK and capacity : 1482555576320
2019-09-05 09:21:48,801 [main] INFO  volume.VolumeSet (VolumeSet.java:initializeVolumeSet(170)) - Added Volume : /workdir/hadoop-ozone/integration-test/target/test-dir/MiniOzoneClusterImpl-b9007246-1341-44ba-8eb7-22f06fb20b9c/datanode-1/data/containers/hdds to VolumeSet
2019-09-05 09:21:48,802 [main] INFO  volume.ThrottledAsyncChecker (ThrottledAsyncChecker.java:schedule(140)) - Scheduling a check for org.apache.hadoop.ozone.container.common.volume.HddsVolume@2ff2a096
2019-09-05 09:21:48,802 [main] INFO  volume.HddsVolumeChecker (HddsVolumeChecker.java:checkAllVolumes(203)) - Scheduled health check for volume org.apache.hadoop.ozone.container.common.volume.HddsVolume@2ff2a096
2019-09-05 09:21:48,818 [main] INFO  impl.RaftServerProxy (ConfUtils.java:logGet(43)) - raft.rpc.type = GRPC (default)
2019-09-05 09:21:48,818 [main] INFO  grpc.GrpcFactory (GrpcFactory.java:checkPooledByteBufAllocatorUseCacheForAllThreads(45)) - PERFORMANCE WARNING: useCacheForAllThreads is true that may cause Netty to create a lot garbage objects and, as a result, trigger GC.
	It is recommended to disable useCacheForAllThreads by setting -Dorg.apache.ratis.thirdparty.io.netty.allocator.useCacheForAllThreads=false in command line.
2019-09-05 09:21:48,818 [main] INFO  grpc.GrpcConfigKeys$Server (ConfUtils.java:logGet(43)) - raft.grpc.server.port = 0 (default)
2019-09-05 09:21:48,819 [main] INFO  server.GrpcService (ConfUtils.java:logGet(43)) - raft.grpc.message.size.max = 33570816 (custom)
2019-09-05 09:21:48,819 [main] INFO  server.RaftServerConfigKeys (ConfUtils.java:logGet(43)) - raft.server.log.appender.buffer.byte-limit = 33554432 (custom)
2019-09-05 09:21:48,819 [main] INFO  server.GrpcService (ConfUtils.java:logGet(43)) - raft.grpc.flow.control.window = 1MB (=1048576) (default)
2019-09-05 09:21:48,819 [main] INFO  server.RaftServerConfigKeys (ConfUtils.java:logGet(43)) - raft.server.rpc.request.timeout = 3000ms (default)
2019-09-05 09:21:48,820 [main] INFO  server.RaftServerConfigKeys (ConfUtils.java:logGet(43)) - raft.server.storage.dir = [/workdir/hadoop-ozone/integration-test/target/test-dir/MiniOzoneClusterImpl-b9007246-1341-44ba-8eb7-22f06fb20b9c/datanode-1/data/ratis] (custom)
2019-09-05 09:21:48,820 [main] INFO  replication.SimpleContainerDownloader (SimpleContainerDownloader.java:<init>(72)) - Starting container downloader service to copy containers to replicate.
2019-09-05 09:21:48,821 [main] INFO  hdfs.DFSUtil (DFSUtil.java:httpServerTemplateForNNAndJN(1641)) - Starting Web-server for hddsDatanode at: http://0.0.0.0:0
2019-09-05 09:21:48,823 [main] INFO  server.AuthenticationFilter (AuthenticationFilter.java:constructSecretProvider(240)) - Unable to initialize FileSignerSecretProvider, falling back to use random secrets.
2019-09-05 09:21:48,823 [main] WARN  http.HttpRequestLog (HttpRequestLog.java:getRequestLog(97)) - Jetty request log can only be enabled using Log4j
2019-09-05 09:21:48,825 [main] INFO  http.HttpServer2 (HttpServer2.java:addGlobalFilter(975)) - Added global filter 'safety' (class=org.apache.hadoop.http.HttpServer2$QuotingInputFilter)
2019-09-05 09:21:48,825 [main] INFO  http.HttpServer2 (HttpServer2.java:addFilter(948)) - Added filter static_user_filter (class=org.apache.hadoop.http.lib.StaticUserWebFilter$StaticUserFilter) to context hddsDatanode
2019-09-05 09:21:48,826 [main] INFO  http.HttpServer2 (HttpServer2.java:addFilter(958)) - Added filter static_user_filter (class=org.apache.hadoop.http.lib.StaticUserWebFilter$StaticUserFilter) to context logs
2019-09-05 09:21:48,826 [main] INFO  http.HttpServer2 (HttpServer2.java:addFilter(958)) - Added filter static_user_filter (class=org.apache.hadoop.http.lib.StaticUserWebFilter$StaticUserFilter) to context static
2019-09-05 09:21:48,827 [main] INFO  http.HttpServer2 (HttpServer2.java:bindListener(1191)) - Jetty bound to port 34591
2019-09-05 09:21:48,827 [main] INFO  server.Server (Server.java:doStart(351)) - jetty-9.3.24.v20180605, build timestamp: 2018-06-05T17:11:56Z, git hash: 84205aa28f11a4f31f2a3b86d1bba2cc8ab69827
2019-09-05 09:21:48,828 [main] INFO  handler.ContextHandler (ContextHandler.java:doStart(781)) - Started o.e.j.s.ServletContextHandler@58c48a23{/logs,file:///workdir/hadoop-ozone/integration-test/target/log,AVAILABLE}
2019-09-05 09:21:48,829 [main] INFO  handler.ContextHandler (ContextHandler.java:doStart(781)) - Started o.e.j.s.ServletContextHandler@179e8859{/static,jar:file:/home/user/.m2/repository/org/apache/hadoop/hadoop-hdds-container-service/0.5.0-SNAPSHOT/hadoop-hdds-container-service-0.5.0-SNAPSHOT.jar!/webapps/static,AVAILABLE}
2019-09-05 09:21:48,864 [main] INFO  handler.ContextHandler (ContextHandler.java:doStart(781)) - Started o.e.j.w.WebAppContext@3c5d183{/,file:///tmp/jetty-0.0.0.0-34591-hddsDatanode-_-any-7979682695020126069.dir/webapp/,AVAILABLE}{/hddsDatanode}
2019-09-05 09:21:48,864 [main] INFO  server.AbstractConnector (AbstractConnector.java:doStart(278)) - Started ServerConnector@471b7c9c{HTTP/1.1,[http/1.1]}{0.0.0.0:34591}
2019-09-05 09:21:48,865 [main] INFO  server.Server (Server.java:doStart(419)) - Started @541651ms
2019-09-05 09:21:48,866 [main] INFO  server.BaseHttpServer (BaseHttpServer.java:updateConnectorAddress(213)) - HTTP server of HDDSDATANODE is listening at http://0.0.0.0:34591
2019-09-05 09:21:48,993 | INFO  | ObjectStoreRestHttpServer | Listening HDDS REST traffic on /0.0.0.0:41625 |  
2019-09-05 09:21:48,993 [main] INFO  ozone.HddsDatanodeService (HddsDatanodeService.java:startPlugins(395)) - Started plug-in org.apache.hadoop.ozone.web.OzoneHddsDatanodeService@293988dc
2019-09-05 09:21:48,994 [main] INFO  impl.MetricsSystemImpl (MetricsSystemImpl.java:init(158)) - HddsDatanode metrics system started (again)
2019-09-05 09:21:48,997 [main] INFO  ozone.HddsDatanodeService (HddsDatanodeService.java:start(184)) - HddsDatanodeService host:pr-hdds-1571-bldfb-3674279559 ip:192.168.69.66
2019-09-05 09:21:48,997 [org.apache.hadoop.util.JvmPauseMonitor$Monitor@5f23f829] INFO  util.JvmPauseMonitor (JvmPauseMonitor.java:run(188)) - Starting JVM pause monitor
2019-09-05 09:21:48,999 [Datanode State Machine Thread - 0] INFO  datanode.InitDatanodeState (InitDatanodeState.java:persistContainerDatanodeDetails(140)) - DatanodeDetails is persisted to /workdir/hadoop-ozone/integration-test/target/test-dir/MiniOzoneClusterImpl-b9007246-1341-44ba-8eb7-22f06fb20b9c/datanode-1/meta/datanode.id
2019-09-05 09:21:49,006 [main] INFO  volume.HddsVolume (HddsVolume.java:<init>(176)) - Creating Volume: /workdir/hadoop-ozone/integration-test/target/test-dir/MiniOzoneClusterImpl-b9007246-1341-44ba-8eb7-22f06fb20b9c/datanode-2/data/containers/hdds of  storage type : DISK and capacity : 1482555576320
2019-09-05 09:21:49,007 [main] INFO  volume.VolumeSet (VolumeSet.java:initializeVolumeSet(170)) - Added Volume : /workdir/hadoop-ozone/integration-test/target/test-dir/MiniOzoneClusterImpl-b9007246-1341-44ba-8eb7-22f06fb20b9c/datanode-2/data/containers/hdds to VolumeSet
2019-09-05 09:21:49,007 [main] INFO  volume.ThrottledAsyncChecker (ThrottledAsyncChecker.java:schedule(140)) - Scheduling a check for org.apache.hadoop.ozone.container.common.volume.HddsVolume@35fddea2
2019-09-05 09:21:49,008 [main] INFO  volume.HddsVolumeChecker (HddsVolumeChecker.java:checkAllVolumes(203)) - Scheduled health check for volume org.apache.hadoop.ozone.container.common.volume.HddsVolume@35fddea2
2019-09-05 09:21:49,026 [main] INFO  impl.RaftServerProxy (ConfUtils.java:logGet(43)) - raft.rpc.type = GRPC (default)
2019-09-05 09:21:49,026 [main] INFO  grpc.GrpcFactory (GrpcFactory.java:checkPooledByteBufAllocatorUseCacheForAllThreads(45)) - PERFORMANCE WARNING: useCacheForAllThreads is true that may cause Netty to create a lot garbage objects and, as a result, trigger GC.
	It is recommended to disable useCacheForAllThreads by setting -Dorg.apache.ratis.thirdparty.io.netty.allocator.useCacheForAllThreads=false in command line.
2019-09-05 09:21:49,026 [main] INFO  grpc.GrpcConfigKeys$Server (ConfUtils.java:logGet(43)) - raft.grpc.server.port = 0 (default)
2019-09-05 09:21:49,026 [main] INFO  server.GrpcService (ConfUtils.java:logGet(43)) - raft.grpc.message.size.max = 33570816 (custom)
2019-09-05 09:21:49,027 [main] INFO  server.RaftServerConfigKeys (ConfUtils.java:logGet(43)) - raft.server.log.appender.buffer.byte-limit = 33554432 (custom)
2019-09-05 09:21:49,027 [main] INFO  server.GrpcService (ConfUtils.java:logGet(43)) - raft.grpc.flow.control.window = 1MB (=1048576) (default)
2019-09-05 09:21:49,027 [main] INFO  server.RaftServerConfigKeys (ConfUtils.java:logGet(43)) - raft.server.rpc.request.timeout = 3000ms (default)
2019-09-05 09:21:49,028 [main] INFO  server.RaftServerConfigKeys (ConfUtils.java:logGet(43)) - raft.server.storage.dir = [/workdir/hadoop-ozone/integration-test/target/test-dir/MiniOzoneClusterImpl-b9007246-1341-44ba-8eb7-22f06fb20b9c/datanode-2/data/ratis] (custom)
2019-09-05 09:21:49,028 [main] INFO  replication.SimpleContainerDownloader (SimpleContainerDownloader.java:<init>(72)) - Starting container downloader service to copy containers to replicate.
2019-09-05 09:21:49,029 [main] INFO  hdfs.DFSUtil (DFSUtil.java:httpServerTemplateForNNAndJN(1641)) - Starting Web-server for hddsDatanode at: http://0.0.0.0:0
2019-09-05 09:21:49,031 [main] INFO  server.AuthenticationFilter (AuthenticationFilter.java:constructSecretProvider(240)) - Unable to initialize FileSignerSecretProvider, falling back to use random secrets.
2019-09-05 09:21:49,031 [main] WARN  http.HttpRequestLog (HttpRequestLog.java:getRequestLog(97)) - Jetty request log can only be enabled using Log4j
2019-09-05 09:21:49,033 [main] INFO  http.HttpServer2 (HttpServer2.java:addGlobalFilter(975)) - Added global filter 'safety' (class=org.apache.hadoop.http.HttpServer2$QuotingInputFilter)
2019-09-05 09:21:49,033 [main] INFO  http.HttpServer2 (HttpServer2.java:addFilter(948)) - Added filter static_user_filter (class=org.apache.hadoop.http.lib.StaticUserWebFilter$StaticUserFilter) to context hddsDatanode
2019-09-05 09:21:49,033 [main] INFO  http.HttpServer2 (HttpServer2.java:addFilter(958)) - Added filter static_user_filter (class=org.apache.hadoop.http.lib.StaticUserWebFilter$StaticUserFilter) to context static
2019-09-05 09:21:49,033 [main] INFO  http.HttpServer2 (HttpServer2.java:addFilter(958)) - Added filter static_user_filter (class=org.apache.hadoop.http.lib.StaticUserWebFilter$StaticUserFilter) to context logs
2019-09-05 09:21:49,034 [main] INFO  http.HttpServer2 (HttpServer2.java:bindListener(1191)) - Jetty bound to port 45874
2019-09-05 09:21:49,034 [main] INFO  server.Server (Server.java:doStart(351)) - jetty-9.3.24.v20180605, build timestamp: 2018-06-05T17:11:56Z, git hash: 84205aa28f11a4f31f2a3b86d1bba2cc8ab69827
2019-09-05 09:21:49,035 [main] INFO  handler.ContextHandler (ContextHandler.java:doStart(781)) - Started o.e.j.s.ServletContextHandler@561b4c61{/logs,file:///workdir/hadoop-ozone/integration-test/target/log,AVAILABLE}
2019-09-05 09:21:49,036 [main] INFO  handler.ContextHandler (ContextHandler.java:doStart(781)) - Started o.e.j.s.ServletContextHandler@63fef83c{/static,jar:file:/home/user/.m2/repository/org/apache/hadoop/hadoop-hdds-container-service/0.5.0-SNAPSHOT/hadoop-hdds-container-service-0.5.0-SNAPSHOT.jar!/webapps/static,AVAILABLE}
2019-09-05 09:21:49,063 [main] INFO  handler.ContextHandler (ContextHandler.java:doStart(781)) - Started o.e.j.w.WebAppContext@26c349fc{/,file:///tmp/jetty-0.0.0.0-45874-hddsDatanode-_-any-8685601305250640058.dir/webapp/,AVAILABLE}{/hddsDatanode}
2019-09-05 09:21:49,063 [main] INFO  server.AbstractConnector (AbstractConnector.java:doStart(278)) - Started ServerConnector@54d0d561{HTTP/1.1,[http/1.1]}{0.0.0.0:45874}
2019-09-05 09:21:49,063 [main] INFO  server.Server (Server.java:doStart(419)) - Started @541850ms
2019-09-05 09:21:49,065 [main] INFO  server.BaseHttpServer (BaseHttpServer.java:updateConnectorAddress(213)) - HTTP server of HDDSDATANODE is listening at http://0.0.0.0:45874
2019-09-05 09:21:49,176 | INFO  | ObjectStoreRestHttpServer | Listening HDDS REST traffic on /0.0.0.0:35739 |  
2019-09-05 09:21:49,176 [main] INFO  ozone.HddsDatanodeService (HddsDatanodeService.java:startPlugins(395)) - Started plug-in org.apache.hadoop.ozone.web.OzoneHddsDatanodeService@5d87c8af
2019-09-05 09:21:49,177 [main] INFO  impl.MetricsSystemImpl (MetricsSystemImpl.java:init(158)) - HddsDatanode metrics system started (again)
2019-09-05 09:21:49,180 [org.apache.hadoop.util.JvmPauseMonitor$Monitor@f102a0b] INFO  util.JvmPauseMonitor (JvmPauseMonitor.java:run(188)) - Starting JVM pause monitor
2019-09-05 09:21:49,180 [main] INFO  ozone.HddsDatanodeService (HddsDatanodeService.java:start(184)) - HddsDatanodeService host:pr-hdds-1571-bldfb-3674279559 ip:192.168.69.66
2019-09-05 09:21:49,181 [Datanode State Machine Thread - 0] INFO  datanode.InitDatanodeState (InitDatanodeState.java:persistContainerDatanodeDetails(140)) - DatanodeDetails is persisted to /workdir/hadoop-ozone/integration-test/target/test-dir/MiniOzoneClusterImpl-b9007246-1341-44ba-8eb7-22f06fb20b9c/datanode-2/meta/datanode.id
2019-09-05 09:21:49,189 [main] INFO  volume.HddsVolume (HddsVolume.java:<init>(176)) - Creating Volume: /workdir/hadoop-ozone/integration-test/target/test-dir/MiniOzoneClusterImpl-b9007246-1341-44ba-8eb7-22f06fb20b9c/datanode-3/data/containers/hdds of  storage type : DISK and capacity : 1482555576320
2019-09-05 09:21:49,190 [main] INFO  volume.VolumeSet (VolumeSet.java:initializeVolumeSet(170)) - Added Volume : /workdir/hadoop-ozone/integration-test/target/test-dir/MiniOzoneClusterImpl-b9007246-1341-44ba-8eb7-22f06fb20b9c/datanode-3/data/containers/hdds to VolumeSet
2019-09-05 09:21:49,190 [main] INFO  volume.ThrottledAsyncChecker (ThrottledAsyncChecker.java:schedule(140)) - Scheduling a check for org.apache.hadoop.ozone.container.common.volume.HddsVolume@4dbeae45
2019-09-05 09:21:49,190 [main] INFO  volume.HddsVolumeChecker (HddsVolumeChecker.java:checkAllVolumes(203)) - Scheduled health check for volume org.apache.hadoop.ozone.container.common.volume.HddsVolume@4dbeae45
2019-09-05 09:21:49,203 [main] INFO  impl.RaftServerProxy (ConfUtils.java:logGet(43)) - raft.rpc.type = GRPC (default)
2019-09-05 09:21:49,203 [main] INFO  grpc.GrpcFactory (GrpcFactory.java:checkPooledByteBufAllocatorUseCacheForAllThreads(45)) - PERFORMANCE WARNING: useCacheForAllThreads is true that may cause Netty to create a lot garbage objects and, as a result, trigger GC.
	It is recommended to disable useCacheForAllThreads by setting -Dorg.apache.ratis.thirdparty.io.netty.allocator.useCacheForAllThreads=false in command line.
2019-09-05 09:21:49,203 [main] INFO  grpc.GrpcConfigKeys$Server (ConfUtils.java:logGet(43)) - raft.grpc.server.port = 0 (default)
2019-09-05 09:21:49,203 [main] INFO  server.GrpcService (ConfUtils.java:logGet(43)) - raft.grpc.message.size.max = 33570816 (custom)
2019-09-05 09:21:49,203 [main] INFO  server.RaftServerConfigKeys (ConfUtils.java:logGet(43)) - raft.server.log.appender.buffer.byte-limit = 33554432 (custom)
2019-09-05 09:21:49,204 [main] INFO  server.GrpcService (ConfUtils.java:logGet(43)) - raft.grpc.flow.control.window = 1MB (=1048576) (default)
2019-09-05 09:21:49,204 [main] INFO  server.RaftServerConfigKeys (ConfUtils.java:logGet(43)) - raft.server.rpc.request.timeout = 3000ms (default)
2019-09-05 09:21:49,204 [main] INFO  server.RaftServerConfigKeys (ConfUtils.java:logGet(43)) - raft.server.storage.dir = [/workdir/hadoop-ozone/integration-test/target/test-dir/MiniOzoneClusterImpl-b9007246-1341-44ba-8eb7-22f06fb20b9c/datanode-3/data/ratis] (custom)
2019-09-05 09:21:49,205 [main] INFO  replication.SimpleContainerDownloader (SimpleContainerDownloader.java:<init>(72)) - Starting container downloader service to copy containers to replicate.
2019-09-05 09:21:49,206 [main] INFO  hdfs.DFSUtil (DFSUtil.java:httpServerTemplateForNNAndJN(1641)) - Starting Web-server for hddsDatanode at: http://0.0.0.0:0
2019-09-05 09:21:49,207 [main] INFO  server.AuthenticationFilter (AuthenticationFilter.java:constructSecretProvider(240)) - Unable to initialize FileSignerSecretProvider, falling back to use random secrets.
2019-09-05 09:21:49,207 [main] WARN  http.HttpRequestLog (HttpRequestLog.java:getRequestLog(97)) - Jetty request log can only be enabled using Log4j
2019-09-05 09:21:49,208 [main] INFO  http.HttpServer2 (HttpServer2.java:addGlobalFilter(975)) - Added global filter 'safety' (class=org.apache.hadoop.http.HttpServer2$QuotingInputFilter)
2019-09-05 09:21:49,209 [main] INFO  http.HttpServer2 (HttpServer2.java:addFilter(948)) - Added filter static_user_filter (class=org.apache.hadoop.http.lib.StaticUserWebFilter$StaticUserFilter) to context hddsDatanode
2019-09-05 09:21:49,209 [main] INFO  http.HttpServer2 (HttpServer2.java:addFilter(958)) - Added filter static_user_filter (class=org.apache.hadoop.http.lib.StaticUserWebFilter$StaticUserFilter) to context static
2019-09-05 09:21:49,209 [main] INFO  http.HttpServer2 (HttpServer2.java:addFilter(958)) - Added filter static_user_filter (class=org.apache.hadoop.http.lib.StaticUserWebFilter$StaticUserFilter) to context logs
2019-09-05 09:21:49,210 [main] INFO  http.HttpServer2 (HttpServer2.java:bindListener(1191)) - Jetty bound to port 42077
2019-09-05 09:21:49,210 [main] INFO  server.Server (Server.java:doStart(351)) - jetty-9.3.24.v20180605, build timestamp: 2018-06-05T17:11:56Z, git hash: 84205aa28f11a4f31f2a3b86d1bba2cc8ab69827
2019-09-05 09:21:49,211 [main] INFO  handler.ContextHandler (ContextHandler.java:doStart(781)) - Started o.e.j.s.ServletContextHandler@10f64bc3{/logs,file:///workdir/hadoop-ozone/integration-test/target/log,AVAILABLE}
2019-09-05 09:21:49,212 [main] INFO  handler.ContextHandler (ContextHandler.java:doStart(781)) - Started o.e.j.s.ServletContextHandler@1be15455{/static,jar:file:/home/user/.m2/repository/org/apache/hadoop/hadoop-hdds-container-service/0.5.0-SNAPSHOT/hadoop-hdds-container-service-0.5.0-SNAPSHOT.jar!/webapps/static,AVAILABLE}
2019-09-05 09:21:49,239 [main] INFO  handler.ContextHandler (ContextHandler.java:doStart(781)) - Started o.e.j.w.WebAppContext@1b3a1e42{/,file:///tmp/jetty-0.0.0.0-42077-hddsDatanode-_-any-8476770567980009015.dir/webapp/,AVAILABLE}{/hddsDatanode}
2019-09-05 09:21:49,240 [main] INFO  server.AbstractConnector (AbstractConnector.java:doStart(278)) - Started ServerConnector@41030c21{HTTP/1.1,[http/1.1]}{0.0.0.0:42077}
2019-09-05 09:21:49,240 [main] INFO  server.Server (Server.java:doStart(419)) - Started @542027ms
2019-09-05 09:21:49,241 [main] INFO  server.BaseHttpServer (BaseHttpServer.java:updateConnectorAddress(213)) - HTTP server of HDDSDATANODE is listening at http://0.0.0.0:42077
2019-09-05 09:21:49,615 | INFO  | ObjectStoreRestHttpServer | Listening HDDS REST traffic on /0.0.0.0:37529 |  
2019-09-05 09:21:49,615 [main] INFO  ozone.HddsDatanodeService (HddsDatanodeService.java:startPlugins(395)) - Started plug-in org.apache.hadoop.ozone.web.OzoneHddsDatanodeService@a05727b
2019-09-05 09:21:49,615 [main] INFO  impl.MetricsSystemImpl (MetricsSystemImpl.java:init(158)) - HddsDatanode metrics system started (again)
2019-09-05 09:21:49,618 [org.apache.hadoop.util.JvmPauseMonitor$Monitor@23f0b713] INFO  util.JvmPauseMonitor (JvmPauseMonitor.java:run(188)) - Starting JVM pause monitor
2019-09-05 09:21:49,618 [main] INFO  ozone.HddsDatanodeService (HddsDatanodeService.java:start(184)) - HddsDatanodeService host:pr-hdds-1571-bldfb-3674279559 ip:192.168.69.66
2019-09-05 09:21:49,620 [Datanode State Machine Thread - 0] INFO  datanode.InitDatanodeState (InitDatanodeState.java:persistContainerDatanodeDetails(140)) - DatanodeDetails is persisted to /workdir/hadoop-ozone/integration-test/target/test-dir/MiniOzoneClusterImpl-b9007246-1341-44ba-8eb7-22f06fb20b9c/datanode-3/meta/datanode.id
2019-09-05 09:21:49,629 [main] INFO  volume.HddsVolume (HddsVolume.java:<init>(176)) - Creating Volume: /workdir/hadoop-ozone/integration-test/target/test-dir/MiniOzoneClusterImpl-b9007246-1341-44ba-8eb7-22f06fb20b9c/datanode-4/data/containers/hdds of  storage type : DISK and capacity : 1482555576320
2019-09-05 09:21:49,629 [main] INFO  volume.VolumeSet (VolumeSet.java:initializeVolumeSet(170)) - Added Volume : /workdir/hadoop-ozone/integration-test/target/test-dir/MiniOzoneClusterImpl-b9007246-1341-44ba-8eb7-22f06fb20b9c/datanode-4/data/containers/hdds to VolumeSet
2019-09-05 09:21:49,629 [main] INFO  volume.ThrottledAsyncChecker (ThrottledAsyncChecker.java:schedule(140)) - Scheduling a check for org.apache.hadoop.ozone.container.common.volume.HddsVolume@59a49dbc
2019-09-05 09:21:49,629 [main] INFO  volume.HddsVolumeChecker (HddsVolumeChecker.java:checkAllVolumes(203)) - Scheduled health check for volume org.apache.hadoop.ozone.container.common.volume.HddsVolume@59a49dbc
2019-09-05 09:21:49,641 [main] INFO  impl.RaftServerProxy (ConfUtils.java:logGet(43)) - raft.rpc.type = GRPC (default)
2019-09-05 09:21:49,642 [main] INFO  grpc.GrpcFactory (GrpcFactory.java:checkPooledByteBufAllocatorUseCacheForAllThreads(45)) - PERFORMANCE WARNING: useCacheForAllThreads is true that may cause Netty to create a lot garbage objects and, as a result, trigger GC.
	It is recommended to disable useCacheForAllThreads by setting -Dorg.apache.ratis.thirdparty.io.netty.allocator.useCacheForAllThreads=false in command line.
2019-09-05 09:21:49,642 [main] INFO  grpc.GrpcConfigKeys$Server (ConfUtils.java:logGet(43)) - raft.grpc.server.port = 0 (default)
2019-09-05 09:21:49,642 [main] INFO  server.GrpcService (ConfUtils.java:logGet(43)) - raft.grpc.message.size.max = 33570816 (custom)
2019-09-05 09:21:49,642 [main] INFO  server.RaftServerConfigKeys (ConfUtils.java:logGet(43)) - raft.server.log.appender.buffer.byte-limit = 33554432 (custom)
2019-09-05 09:21:49,642 [main] INFO  server.GrpcService (ConfUtils.java:logGet(43)) - raft.grpc.flow.control.window = 1MB (=1048576) (default)
2019-09-05 09:21:49,642 [main] INFO  server.RaftServerConfigKeys (ConfUtils.java:logGet(43)) - raft.server.rpc.request.timeout = 3000ms (default)
2019-09-05 09:21:49,643 [main] INFO  server.RaftServerConfigKeys (ConfUtils.java:logGet(43)) - raft.server.storage.dir = [/workdir/hadoop-ozone/integration-test/target/test-dir/MiniOzoneClusterImpl-b9007246-1341-44ba-8eb7-22f06fb20b9c/datanode-4/data/ratis] (custom)
2019-09-05 09:21:49,643 [main] INFO  replication.SimpleContainerDownloader (SimpleContainerDownloader.java:<init>(72)) - Starting container downloader service to copy containers to replicate.
2019-09-05 09:21:49,644 [main] INFO  hdfs.DFSUtil (DFSUtil.java:httpServerTemplateForNNAndJN(1641)) - Starting Web-server for hddsDatanode at: http://0.0.0.0:0
2019-09-05 09:21:49,646 [main] INFO  server.AuthenticationFilter (AuthenticationFilter.java:constructSecretProvider(240)) - Unable to initialize FileSignerSecretProvider, falling back to use random secrets.
2019-09-05 09:21:49,646 [main] WARN  http.HttpRequestLog (HttpRequestLog.java:getRequestLog(97)) - Jetty request log can only be enabled using Log4j
2019-09-05 09:21:49,649 [main] INFO  http.HttpServer2 (HttpServer2.java:addGlobalFilter(975)) - Added global filter 'safety' (class=org.apache.hadoop.http.HttpServer2$QuotingInputFilter)
2019-09-05 09:21:49,649 [main] INFO  http.HttpServer2 (HttpServer2.java:addFilter(948)) - Added filter static_user_filter (class=org.apache.hadoop.http.lib.StaticUserWebFilter$StaticUserFilter) to context hddsDatanode
2019-09-05 09:21:49,650 [main] INFO  http.HttpServer2 (HttpServer2.java:addFilter(958)) - Added filter static_user_filter (class=org.apache.hadoop.http.lib.StaticUserWebFilter$StaticUserFilter) to context static
2019-09-05 09:21:49,650 [main] INFO  http.HttpServer2 (HttpServer2.java:addFilter(958)) - Added filter static_user_filter (class=org.apache.hadoop.http.lib.StaticUserWebFilter$StaticUserFilter) to context logs
2019-09-05 09:21:49,651 [main] INFO  http.HttpServer2 (HttpServer2.java:bindListener(1191)) - Jetty bound to port 38682
2019-09-05 09:21:49,651 [main] INFO  server.Server (Server.java:doStart(351)) - jetty-9.3.24.v20180605, build timestamp: 2018-06-05T17:11:56Z, git hash: 84205aa28f11a4f31f2a3b86d1bba2cc8ab69827
2019-09-05 09:21:49,653 [main] INFO  handler.ContextHandler (ContextHandler.java:doStart(781)) - Started o.e.j.s.ServletContextHandler@35fd987b{/logs,file:///workdir/hadoop-ozone/integration-test/target/log,AVAILABLE}
2019-09-05 09:21:49,654 [main] INFO  handler.ContextHandler (ContextHandler.java:doStart(781)) - Started o.e.j.s.ServletContextHandler@ab5f1d5{/static,jar:file:/home/user/.m2/repository/org/apache/hadoop/hadoop-hdds-container-service/0.5.0-SNAPSHOT/hadoop-hdds-container-service-0.5.0-SNAPSHOT.jar!/webapps/static,AVAILABLE}
2019-09-05 09:21:49,687 [main] INFO  handler.ContextHandler (ContextHandler.java:doStart(781)) - Started o.e.j.w.WebAppContext@19984625{/,file:///tmp/jetty-0.0.0.0-38682-hddsDatanode-_-any-6167097418781621438.dir/webapp/,AVAILABLE}{/hddsDatanode}
2019-09-05 09:21:49,687 [main] INFO  server.AbstractConnector (AbstractConnector.java:doStart(278)) - Started ServerConnector@4e293c35{HTTP/1.1,[http/1.1]}{0.0.0.0:38682}
2019-09-05 09:21:49,689 [main] INFO  server.Server (Server.java:doStart(419)) - Started @542476ms
2019-09-05 09:21:49,690 [main] INFO  server.BaseHttpServer (BaseHttpServer.java:updateConnectorAddress(213)) - HTTP server of HDDSDATANODE is listening at http://0.0.0.0:38682
2019-09-05 09:21:49,801 | INFO  | ObjectStoreRestHttpServer | Listening HDDS REST traffic on /0.0.0.0:33102 |  
2019-09-05 09:21:49,801 [main] INFO  ozone.HddsDatanodeService (HddsDatanodeService.java:startPlugins(395)) - Started plug-in org.apache.hadoop.ozone.web.OzoneHddsDatanodeService@4dfe14d4
2019-09-05 09:21:49,801 [main] INFO  impl.MetricsSystemImpl (MetricsSystemImpl.java:init(158)) - HddsDatanode metrics system started (again)
2019-09-05 09:21:49,804 [org.apache.hadoop.util.JvmPauseMonitor$Monitor@67517003] INFO  util.JvmPauseMonitor (JvmPauseMonitor.java:run(188)) - Starting JVM pause monitor
2019-09-05 09:21:49,804 [main] INFO  ozone.HddsDatanodeService (HddsDatanodeService.java:start(184)) - HddsDatanodeService host:pr-hdds-1571-bldfb-3674279559 ip:192.168.69.66
2019-09-05 09:21:49,806 [Datanode State Machine Thread - 0] INFO  datanode.InitDatanodeState (InitDatanodeState.java:persistContainerDatanodeDetails(140)) - DatanodeDetails is persisted to /workdir/hadoop-ozone/integration-test/target/test-dir/MiniOzoneClusterImpl-b9007246-1341-44ba-8eb7-22f06fb20b9c/datanode-4/meta/datanode.id
2019-09-05 09:21:49,816 [main] INFO  volume.HddsVolume (HddsVolume.java:<init>(176)) - Creating Volume: /workdir/hadoop-ozone/integration-test/target/test-dir/MiniOzoneClusterImpl-b9007246-1341-44ba-8eb7-22f06fb20b9c/datanode-5/data/containers/hdds of  storage type : DISK and capacity : 1482555576320
2019-09-05 09:21:49,816 [main] INFO  volume.VolumeSet (VolumeSet.java:initializeVolumeSet(170)) - Added Volume : /workdir/hadoop-ozone/integration-test/target/test-dir/MiniOzoneClusterImpl-b9007246-1341-44ba-8eb7-22f06fb20b9c/datanode-5/data/containers/hdds to VolumeSet
2019-09-05 09:21:49,816 [main] INFO  volume.ThrottledAsyncChecker (ThrottledAsyncChecker.java:schedule(140)) - Scheduling a check for org.apache.hadoop.ozone.container.common.volume.HddsVolume@7ec63b9a
2019-09-05 09:21:49,817 [main] INFO  volume.HddsVolumeChecker (HddsVolumeChecker.java:checkAllVolumes(203)) - Scheduled health check for volume org.apache.hadoop.ozone.container.common.volume.HddsVolume@7ec63b9a
2019-09-05 09:21:49,830 [main] INFO  impl.RaftServerProxy (ConfUtils.java:logGet(43)) - raft.rpc.type = GRPC (default)
2019-09-05 09:21:49,830 [main] INFO  grpc.GrpcFactory (GrpcFactory.java:checkPooledByteBufAllocatorUseCacheForAllThreads(45)) - PERFORMANCE WARNING: useCacheForAllThreads is true that may cause Netty to create a lot garbage objects and, as a result, trigger GC.
	It is recommended to disable useCacheForAllThreads by setting -Dorg.apache.ratis.thirdparty.io.netty.allocator.useCacheForAllThreads=false in command line.
2019-09-05 09:21:49,831 [main] INFO  grpc.GrpcConfigKeys$Server (ConfUtils.java:logGet(43)) - raft.grpc.server.port = 0 (default)
2019-09-05 09:21:49,831 [main] INFO  server.GrpcService (ConfUtils.java:logGet(43)) - raft.grpc.message.size.max = 33570816 (custom)
2019-09-05 09:21:49,831 [main] INFO  server.RaftServerConfigKeys (ConfUtils.java:logGet(43)) - raft.server.log.appender.buffer.byte-limit = 33554432 (custom)
2019-09-05 09:21:49,831 [main] INFO  server.GrpcService (ConfUtils.java:logGet(43)) - raft.grpc.flow.control.window = 1MB (=1048576) (default)
2019-09-05 09:21:49,831 [main] INFO  server.RaftServerConfigKeys (ConfUtils.java:logGet(43)) - raft.server.rpc.request.timeout = 3000ms (default)
2019-09-05 09:21:49,832 [main] INFO  server.RaftServerConfigKeys (ConfUtils.java:logGet(43)) - raft.server.storage.dir = [/workdir/hadoop-ozone/integration-test/target/test-dir/MiniOzoneClusterImpl-b9007246-1341-44ba-8eb7-22f06fb20b9c/datanode-5/data/ratis] (custom)
2019-09-05 09:21:49,832 [main] INFO  replication.SimpleContainerDownloader (SimpleContainerDownloader.java:<init>(72)) - Starting container downloader service to copy containers to replicate.
2019-09-05 09:21:49,833 [main] INFO  hdfs.DFSUtil (DFSUtil.java:httpServerTemplateForNNAndJN(1641)) - Starting Web-server for hddsDatanode at: http://0.0.0.0:0
2019-09-05 09:21:49,834 [main] INFO  server.AuthenticationFilter (AuthenticationFilter.java:constructSecretProvider(240)) - Unable to initialize FileSignerSecretProvider, falling back to use random secrets.
2019-09-05 09:21:49,834 [main] WARN  http.HttpRequestLog (HttpRequestLog.java:getRequestLog(97)) - Jetty request log can only be enabled using Log4j
2019-09-05 09:21:49,836 [main] INFO  http.HttpServer2 (HttpServer2.java:addGlobalFilter(975)) - Added global filter 'safety' (class=org.apache.hadoop.http.HttpServer2$QuotingInputFilter)
2019-09-05 09:21:49,836 [main] INFO  http.HttpServer2 (HttpServer2.java:addFilter(948)) - Added filter static_user_filter (class=org.apache.hadoop.http.lib.StaticUserWebFilter$StaticUserFilter) to context hddsDatanode
2019-09-05 09:21:49,836 [main] INFO  http.HttpServer2 (HttpServer2.java:addFilter(958)) - Added filter static_user_filter (class=org.apache.hadoop.http.lib.StaticUserWebFilter$StaticUserFilter) to context static
2019-09-05 09:21:49,836 [main] INFO  http.HttpServer2 (HttpServer2.java:addFilter(958)) - Added filter static_user_filter (class=org.apache.hadoop.http.lib.StaticUserWebFilter$StaticUserFilter) to context logs
2019-09-05 09:21:49,837 [main] INFO  http.HttpServer2 (HttpServer2.java:bindListener(1191)) - Jetty bound to port 40971
2019-09-05 09:21:49,837 [main] INFO  server.Server (Server.java:doStart(351)) - jetty-9.3.24.v20180605, build timestamp: 2018-06-05T17:11:56Z, git hash: 84205aa28f11a4f31f2a3b86d1bba2cc8ab69827
2019-09-05 09:21:49,839 [main] INFO  handler.ContextHandler (ContextHandler.java:doStart(781)) - Started o.e.j.s.ServletContextHandler@340f4723{/logs,file:///workdir/hadoop-ozone/integration-test/target/log,AVAILABLE}
2019-09-05 09:21:49,839 [main] INFO  handler.ContextHandler (ContextHandler.java:doStart(781)) - Started o.e.j.s.ServletContextHandler@347074a9{/static,jar:file:/home/user/.m2/repository/org/apache/hadoop/hadoop-hdds-container-service/0.5.0-SNAPSHOT/hadoop-hdds-container-service-0.5.0-SNAPSHOT.jar!/webapps/static,AVAILABLE}
2019-09-05 09:21:49,866 [main] INFO  handler.ContextHandler (ContextHandler.java:doStart(781)) - Started o.e.j.w.WebAppContext@7abeaed0{/,file:///tmp/jetty-0.0.0.0-40971-hddsDatanode-_-any-9080411570516443974.dir/webapp/,AVAILABLE}{/hddsDatanode}
2019-09-05 09:21:49,866 [main] INFO  server.AbstractConnector (AbstractConnector.java:doStart(278)) - Started ServerConnector@490e1017{HTTP/1.1,[http/1.1]}{0.0.0.0:40971}
2019-09-05 09:21:49,867 [main] INFO  server.Server (Server.java:doStart(419)) - Started @542654ms
2019-09-05 09:21:49,868 [main] INFO  server.BaseHttpServer (BaseHttpServer.java:updateConnectorAddress(213)) - HTTP server of HDDSDATANODE is listening at http://0.0.0.0:40971
2019-09-05 09:21:49,980 | INFO  | ObjectStoreRestHttpServer | Listening HDDS REST traffic on /0.0.0.0:37823 |  
2019-09-05 09:21:49,980 [main] INFO  ozone.HddsDatanodeService (HddsDatanodeService.java:startPlugins(395)) - Started plug-in org.apache.hadoop.ozone.web.OzoneHddsDatanodeService@53c68ea5
2019-09-05 09:21:49,981 [main] INFO  impl.MetricsSystemImpl (MetricsSystemImpl.java:init(158)) - HddsDatanode metrics system started (again)
2019-09-05 09:21:49,985 [org.apache.hadoop.util.JvmPauseMonitor$Monitor@437c00d6] INFO  util.JvmPauseMonitor (JvmPauseMonitor.java:run(188)) - Starting JVM pause monitor
2019-09-05 09:21:49,985 [main] INFO  ozone.HddsDatanodeService (HddsDatanodeService.java:start(184)) - HddsDatanodeService host:pr-hdds-1571-bldfb-3674279559 ip:192.168.69.66
2019-09-05 09:21:49,986 [Datanode State Machine Thread - 0] INFO  datanode.InitDatanodeState (InitDatanodeState.java:persistContainerDatanodeDetails(140)) - DatanodeDetails is persisted to /workdir/hadoop-ozone/integration-test/target/test-dir/MiniOzoneClusterImpl-b9007246-1341-44ba-8eb7-22f06fb20b9c/datanode-5/meta/datanode.id
2019-09-05 09:21:49,996 [main] INFO  volume.HddsVolume (HddsVolume.java:<init>(176)) - Creating Volume: /workdir/hadoop-ozone/integration-test/target/test-dir/MiniOzoneClusterImpl-b9007246-1341-44ba-8eb7-22f06fb20b9c/datanode-6/data/containers/hdds of  storage type : DISK and capacity : 1482555576320
2019-09-05 09:21:49,996 [main] INFO  volume.VolumeSet (VolumeSet.java:initializeVolumeSet(170)) - Added Volume : /workdir/hadoop-ozone/integration-test/target/test-dir/MiniOzoneClusterImpl-b9007246-1341-44ba-8eb7-22f06fb20b9c/datanode-6/data/containers/hdds to VolumeSet
2019-09-05 09:21:49,996 [main] INFO  volume.ThrottledAsyncChecker (ThrottledAsyncChecker.java:schedule(140)) - Scheduling a check for org.apache.hadoop.ozone.container.common.volume.HddsVolume@7b1d3a05
2019-09-05 09:21:49,997 [main] INFO  volume.HddsVolumeChecker (HddsVolumeChecker.java:checkAllVolumes(203)) - Scheduled health check for volume org.apache.hadoop.ozone.container.common.volume.HddsVolume@7b1d3a05
2019-09-05 09:21:50,016 [main] INFO  impl.RaftServerProxy (ConfUtils.java:logGet(43)) - raft.rpc.type = GRPC (default)
2019-09-05 09:21:50,017 [main] INFO  grpc.GrpcFactory (GrpcFactory.java:checkPooledByteBufAllocatorUseCacheForAllThreads(45)) - PERFORMANCE WARNING: useCacheForAllThreads is true that may cause Netty to create a lot garbage objects and, as a result, trigger GC.
	It is recommended to disable useCacheForAllThreads by setting -Dorg.apache.ratis.thirdparty.io.netty.allocator.useCacheForAllThreads=false in command line.
2019-09-05 09:21:50,017 [main] INFO  grpc.GrpcConfigKeys$Server (ConfUtils.java:logGet(43)) - raft.grpc.server.port = 0 (default)
2019-09-05 09:21:50,017 [main] INFO  server.GrpcService (ConfUtils.java:logGet(43)) - raft.grpc.message.size.max = 33570816 (custom)
2019-09-05 09:21:50,017 [main] INFO  server.RaftServerConfigKeys (ConfUtils.java:logGet(43)) - raft.server.log.appender.buffer.byte-limit = 33554432 (custom)
2019-09-05 09:21:50,018 [main] INFO  server.GrpcService (ConfUtils.java:logGet(43)) - raft.grpc.flow.control.window = 1MB (=1048576) (default)
2019-09-05 09:21:50,018 [main] INFO  server.RaftServerConfigKeys (ConfUtils.java:logGet(43)) - raft.server.rpc.request.timeout = 3000ms (default)
2019-09-05 09:21:50,018 [main] INFO  server.RaftServerConfigKeys (ConfUtils.java:logGet(43)) - raft.server.storage.dir = [/workdir/hadoop-ozone/integration-test/target/test-dir/MiniOzoneClusterImpl-b9007246-1341-44ba-8eb7-22f06fb20b9c/datanode-6/data/ratis] (custom)
2019-09-05 09:21:50,019 [main] INFO  replication.SimpleContainerDownloader (SimpleContainerDownloader.java:<init>(72)) - Starting container downloader service to copy containers to replicate.
2019-09-05 09:21:50,020 [main] INFO  hdfs.DFSUtil (DFSUtil.java:httpServerTemplateForNNAndJN(1641)) - Starting Web-server for hddsDatanode at: http://0.0.0.0:0
2019-09-05 09:21:50,021 [main] INFO  server.AuthenticationFilter (AuthenticationFilter.java:constructSecretProvider(240)) - Unable to initialize FileSignerSecretProvider, falling back to use random secrets.
2019-09-05 09:21:50,021 [main] WARN  http.HttpRequestLog (HttpRequestLog.java:getRequestLog(97)) - Jetty request log can only be enabled using Log4j
2019-09-05 09:21:50,023 [main] INFO  http.HttpServer2 (HttpServer2.java:addGlobalFilter(975)) - Added global filter 'safety' (class=org.apache.hadoop.http.HttpServer2$QuotingInputFilter)
2019-09-05 09:21:50,023 [main] INFO  http.HttpServer2 (HttpServer2.java:addFilter(948)) - Added filter static_user_filter (class=org.apache.hadoop.http.lib.StaticUserWebFilter$StaticUserFilter) to context hddsDatanode
2019-09-05 09:21:50,023 [main] INFO  http.HttpServer2 (HttpServer2.java:addFilter(958)) - Added filter static_user_filter (class=org.apache.hadoop.http.lib.StaticUserWebFilter$StaticUserFilter) to context logs
2019-09-05 09:21:50,023 [main] INFO  http.HttpServer2 (HttpServer2.java:addFilter(958)) - Added filter static_user_filter (class=org.apache.hadoop.http.lib.StaticUserWebFilter$StaticUserFilter) to context static
2019-09-05 09:21:50,024 [main] INFO  http.HttpServer2 (HttpServer2.java:bindListener(1191)) - Jetty bound to port 45268
2019-09-05 09:21:50,024 [main] INFO  server.Server (Server.java:doStart(351)) - jetty-9.3.24.v20180605, build timestamp: 2018-06-05T17:11:56Z, git hash: 84205aa28f11a4f31f2a3b86d1bba2cc8ab69827
2019-09-05 09:21:50,026 [main] INFO  handler.ContextHandler (ContextHandler.java:doStart(781)) - Started o.e.j.s.ServletContextHandler@52aa84ef{/logs,file:///workdir/hadoop-ozone/integration-test/target/log,AVAILABLE}
2019-09-05 09:21:50,026 [main] INFO  handler.ContextHandler (ContextHandler.java:doStart(781)) - Started o.e.j.s.ServletContextHandler@5ea9f2f3{/static,jar:file:/home/user/.m2/repository/org/apache/hadoop/hadoop-hdds-container-service/0.5.0-SNAPSHOT/hadoop-hdds-container-service-0.5.0-SNAPSHOT.jar!/webapps/static,AVAILABLE}
2019-09-05 09:21:50,053 [main] INFO  handler.ContextHandler (ContextHandler.java:doStart(781)) - Started o.e.j.w.WebAppContext@679f3e12{/,file:///tmp/jetty-0.0.0.0-45268-hddsDatanode-_-any-6087261973932099172.dir/webapp/,AVAILABLE}{/hddsDatanode}
2019-09-05 09:21:50,054 [main] INFO  server.AbstractConnector (AbstractConnector.java:doStart(278)) - Started ServerConnector@5b285847{HTTP/1.1,[http/1.1]}{0.0.0.0:45268}
2019-09-05 09:21:50,062 [main] INFO  server.Server (Server.java:doStart(419)) - Started @542849ms
2019-09-05 09:21:50,063 [main] INFO  server.BaseHttpServer (BaseHttpServer.java:updateConnectorAddress(213)) - HTTP server of HDDSDATANODE is listening at http://0.0.0.0:45268
2019-09-05 09:21:50,188 | INFO  | ObjectStoreRestHttpServer | Listening HDDS REST traffic on /0.0.0.0:33286 |  
2019-09-05 09:21:50,188 [main] INFO  ozone.HddsDatanodeService (HddsDatanodeService.java:startPlugins(395)) - Started plug-in org.apache.hadoop.ozone.web.OzoneHddsDatanodeService@20bc6f4d
2019-09-05 09:21:50,189 [main] INFO  ozone.MiniOzoneClusterImpl (MiniOzoneClusterImpl.java:lambda$waitForClusterToBeReady$0(142)) - Waiting for cluster to be ready. Got 0 of 7 DN Heartbeats.
2019-09-05 09:21:50,190 [org.apache.hadoop.util.JvmPauseMonitor$Monitor@3e8f40f1] INFO  util.JvmPauseMonitor (JvmPauseMonitor.java:run(188)) - Starting JVM pause monitor
2019-09-05 09:21:50,192 [Datanode State Machine Thread - 0] INFO  datanode.InitDatanodeState (InitDatanodeState.java:persistContainerDatanodeDetails(140)) - DatanodeDetails is persisted to /workdir/hadoop-ozone/integration-test/target/test-dir/MiniOzoneClusterImpl-b9007246-1341-44ba-8eb7-22f06fb20b9c/datanode-6/meta/datanode.id
2019-09-05 09:21:50,800 | INFO  | SCMAudit | user=jenkins1000 | ip=192.168.69.66 | op=GET_VERSION null | ret=SUCCESS |  
2019-09-05 09:21:50,876 [Datanode State Machine Thread - 0] INFO  ozoneimpl.OzoneContainer (OzoneContainer.java:start(186)) - Attempting to start container services.
2019-09-05 09:21:50,877 [Datanode State Machine Thread - 0] INFO  ozoneimpl.OzoneContainer (OzoneContainer.java:startContainerScrub(160)) - Background container scrubber has been disabled by hdds.containerscrub.enabled
2019-09-05 09:21:50,877 [Datanode State Machine Thread - 0] INFO  ratis.XceiverServerRatis (XceiverServerRatis.java:start(404)) - Starting XceiverServerRatis 6f14a04a-44e3-4557-80c9-ddee849029a0 at port 0
2019-09-05 09:21:50,885 [Datanode State Machine Thread - 0] INFO  impl.RaftServerProxy (RaftServerProxy.java:lambda$start$3(299)) - 6f14a04a-44e3-4557-80c9-ddee849029a0: start RPC server
2019-09-05 09:21:50,888 [Datanode State Machine Thread - 0] INFO  server.GrpcService (GrpcService.java:startImpl(149)) - 6f14a04a-44e3-4557-80c9-ddee849029a0: GrpcService started, listening on 0.0.0.0/0.0.0.0:37354
2019-09-05 09:21:50,888 [Datanode State Machine Thread - 0] INFO  ratis.XceiverServerRatis (XceiverServerRatis.java:start(414)) - XceiverServerRatis 6f14a04a-44e3-4557-80c9-ddee849029a0 is started using port 37354
2019-09-05 09:21:50,890 [Datanode State Machine Thread - 0] INFO  server.XceiverServerGrpc (XceiverServerGrpc.java:start(163)) - XceiverServerGrpc 6f14a04a-44e3-4557-80c9-ddee849029a0 is started using port 34398
2019-09-05 09:21:50,999 | INFO  | SCMAudit | user=jenkins1000 | ip=192.168.69.66 | op=GET_VERSION null | ret=SUCCESS |  
2019-09-05 09:21:51,015 [Datanode State Machine Thread - 0] INFO  ozoneimpl.OzoneContainer (OzoneContainer.java:start(186)) - Attempting to start container services.
2019-09-05 09:21:51,015 [Datanode State Machine Thread - 0] INFO  ozoneimpl.OzoneContainer (OzoneContainer.java:startContainerScrub(160)) - Background container scrubber has been disabled by hdds.containerscrub.enabled
2019-09-05 09:21:51,015 [Datanode State Machine Thread - 0] INFO  ratis.XceiverServerRatis (XceiverServerRatis.java:start(404)) - Starting XceiverServerRatis 07be2058-8bf0-4303-a72a-c3b15076ab0b at port 0
2019-09-05 09:21:51,020 [Datanode State Machine Thread - 0] INFO  impl.RaftServerProxy (RaftServerProxy.java:lambda$start$3(299)) - 07be2058-8bf0-4303-a72a-c3b15076ab0b: start RPC server
2019-09-05 09:21:51,021 [Datanode State Machine Thread - 0] INFO  server.GrpcService (GrpcService.java:startImpl(149)) - 07be2058-8bf0-4303-a72a-c3b15076ab0b: GrpcService started, listening on 0.0.0.0/0.0.0.0:45326
2019-09-05 09:21:51,021 [Datanode State Machine Thread - 0] INFO  ratis.XceiverServerRatis (XceiverServerRatis.java:start(414)) - XceiverServerRatis 07be2058-8bf0-4303-a72a-c3b15076ab0b is started using port 45326
2019-09-05 09:21:51,021 [Datanode State Machine Thread - 0] INFO  server.XceiverServerGrpc (XceiverServerGrpc.java:start(163)) - XceiverServerGrpc 07be2058-8bf0-4303-a72a-c3b15076ab0b is started using port 34479
2019-09-05 09:21:51,180 | INFO  | SCMAudit | user=jenkins1000 | ip=192.168.69.66 | op=GET_VERSION null | ret=SUCCESS |  
2019-09-05 09:21:51,189 [main] INFO  ozone.MiniOzoneClusterImpl (MiniOzoneClusterImpl.java:lambda$waitForClusterToBeReady$0(142)) - Waiting for cluster to be ready. Got 0 of 7 DN Heartbeats.
2019-09-05 09:21:51,243 [Datanode State Machine Thread - 0] INFO  ozoneimpl.OzoneContainer (OzoneContainer.java:start(186)) - Attempting to start container services.
2019-09-05 09:21:51,243 [Datanode State Machine Thread - 0] INFO  ozoneimpl.OzoneContainer (OzoneContainer.java:startContainerScrub(160)) - Background container scrubber has been disabled by hdds.containerscrub.enabled
2019-09-05 09:21:51,243 [Datanode State Machine Thread - 0] INFO  ratis.XceiverServerRatis (XceiverServerRatis.java:start(404)) - Starting XceiverServerRatis a4e26f5e-71d2-4796-80a4-c2297629d93f at port 0
2019-09-05 09:21:51,250 [Datanode State Machine Thread - 0] INFO  impl.RaftServerProxy (RaftServerProxy.java:lambda$start$3(299)) - a4e26f5e-71d2-4796-80a4-c2297629d93f: start RPC server
2019-09-05 09:21:51,251 [Datanode State Machine Thread - 0] INFO  server.GrpcService (GrpcService.java:startImpl(149)) - a4e26f5e-71d2-4796-80a4-c2297629d93f: GrpcService started, listening on 0.0.0.0/0.0.0.0:34336
2019-09-05 09:21:51,251 [Datanode State Machine Thread - 0] INFO  ratis.XceiverServerRatis (XceiverServerRatis.java:start(414)) - XceiverServerRatis a4e26f5e-71d2-4796-80a4-c2297629d93f is started using port 34336
2019-09-05 09:21:51,251 [Datanode State Machine Thread - 0] INFO  server.XceiverServerGrpc (XceiverServerGrpc.java:start(163)) - XceiverServerGrpc a4e26f5e-71d2-4796-80a4-c2297629d93f is started using port 40889
2019-09-05 09:21:51,619 | INFO  | SCMAudit | user=jenkins1000 | ip=192.168.69.66 | op=GET_VERSION null | ret=SUCCESS |  
2019-09-05 09:21:51,653 [Datanode State Machine Thread - 0] INFO  ozoneimpl.OzoneContainer (OzoneContainer.java:start(186)) - Attempting to start container services.
2019-09-05 09:21:51,653 [Datanode State Machine Thread - 0] INFO  ozoneimpl.OzoneContainer (OzoneContainer.java:startContainerScrub(160)) - Background container scrubber has been disabled by hdds.containerscrub.enabled
2019-09-05 09:21:51,654 [Datanode State Machine Thread - 0] INFO  ratis.XceiverServerRatis (XceiverServerRatis.java:start(404)) - Starting XceiverServerRatis a3cbdde1-725c-4ca4-8d7a-a782c47315d1 at port 0
2019-09-05 09:21:51,660 [Datanode State Machine Thread - 0] INFO  impl.RaftServerProxy (RaftServerProxy.java:lambda$start$3(299)) - a3cbdde1-725c-4ca4-8d7a-a782c47315d1: start RPC server
2019-09-05 09:21:51,662 [Datanode State Machine Thread - 0] INFO  server.GrpcService (GrpcService.java:startImpl(149)) - a3cbdde1-725c-4ca4-8d7a-a782c47315d1: GrpcService started, listening on 0.0.0.0/0.0.0.0:43393
2019-09-05 09:21:51,663 [Datanode State Machine Thread - 0] INFO  ratis.XceiverServerRatis (XceiverServerRatis.java:start(414)) - XceiverServerRatis a3cbdde1-725c-4ca4-8d7a-a782c47315d1 is started using port 43393
2019-09-05 09:21:51,663 [Datanode State Machine Thread - 0] INFO  server.XceiverServerGrpc (XceiverServerGrpc.java:start(163)) - XceiverServerGrpc a3cbdde1-725c-4ca4-8d7a-a782c47315d1 is started using port 32825
2019-09-05 09:21:51,805 | INFO  | SCMAudit | user=jenkins1000 | ip=192.168.69.66 | op=GET_VERSION null | ret=SUCCESS |  
2019-09-05 09:21:51,821 [Datanode State Machine Thread - 0] INFO  ozoneimpl.OzoneContainer (OzoneContainer.java:start(186)) - Attempting to start container services.
2019-09-05 09:21:51,821 [Datanode State Machine Thread - 0] INFO  ozoneimpl.OzoneContainer (OzoneContainer.java:startContainerScrub(160)) - Background container scrubber has been disabled by hdds.containerscrub.enabled
2019-09-05 09:21:51,821 [Datanode State Machine Thread - 0] INFO  ratis.XceiverServerRatis (XceiverServerRatis.java:start(404)) - Starting XceiverServerRatis 4b28f000-a8b5-4c6a-8a19-100693708a3e at port 0
2019-09-05 09:21:51,827 [Datanode State Machine Thread - 0] INFO  impl.RaftServerProxy (RaftServerProxy.java:lambda$start$3(299)) - 4b28f000-a8b5-4c6a-8a19-100693708a3e: start RPC server
2019-09-05 09:21:51,828 [Datanode State Machine Thread - 0] INFO  server.GrpcService (GrpcService.java:startImpl(149)) - 4b28f000-a8b5-4c6a-8a19-100693708a3e: GrpcService started, listening on 0.0.0.0/0.0.0.0:34429
2019-09-05 09:21:51,828 [Datanode State Machine Thread - 0] INFO  ratis.XceiverServerRatis (XceiverServerRatis.java:start(414)) - XceiverServerRatis 4b28f000-a8b5-4c6a-8a19-100693708a3e is started using port 34429
2019-09-05 09:21:51,828 [Datanode State Machine Thread - 0] INFO  server.XceiverServerGrpc (XceiverServerGrpc.java:start(163)) - XceiverServerGrpc 4b28f000-a8b5-4c6a-8a19-100693708a3e is started using port 38061
2019-09-05 09:21:51,985 | INFO  | SCMAudit | user=jenkins1000 | ip=192.168.69.66 | op=GET_VERSION null | ret=SUCCESS |  
2019-09-05 09:21:52,013 [Datanode State Machine Thread - 0] INFO  ozoneimpl.OzoneContainer (OzoneContainer.java:start(186)) - Attempting to start container services.
2019-09-05 09:21:52,014 [Datanode State Machine Thread - 0] INFO  ozoneimpl.OzoneContainer (OzoneContainer.java:startContainerScrub(160)) - Background container scrubber has been disabled by hdds.containerscrub.enabled
2019-09-05 09:21:52,014 [Datanode State Machine Thread - 0] INFO  ratis.XceiverServerRatis (XceiverServerRatis.java:start(404)) - Starting XceiverServerRatis b2a92dac-af4e-4db5-a88e-fdb3e4195e5b at port 0
2019-09-05 09:21:52,019 [Datanode State Machine Thread - 0] INFO  impl.RaftServerProxy (RaftServerProxy.java:lambda$start$3(299)) - b2a92dac-af4e-4db5-a88e-fdb3e4195e5b: start RPC server
2019-09-05 09:21:52,020 [Datanode State Machine Thread - 0] INFO  server.GrpcService (GrpcService.java:startImpl(149)) - b2a92dac-af4e-4db5-a88e-fdb3e4195e5b: GrpcService started, listening on 0.0.0.0/0.0.0.0:38400
2019-09-05 09:21:52,020 [Datanode State Machine Thread - 0] INFO  ratis.XceiverServerRatis (XceiverServerRatis.java:start(414)) - XceiverServerRatis b2a92dac-af4e-4db5-a88e-fdb3e4195e5b is started using port 38400
2019-09-05 09:21:52,020 [Datanode State Machine Thread - 0] INFO  server.XceiverServerGrpc (XceiverServerGrpc.java:start(163)) - XceiverServerGrpc b2a92dac-af4e-4db5-a88e-fdb3e4195e5b is started using port 35298
2019-09-05 09:21:52,190 [main] INFO  ozone.MiniOzoneClusterImpl (MiniOzoneClusterImpl.java:lambda$waitForClusterToBeReady$0(142)) - Waiting for cluster to be ready. Got 0 of 7 DN Heartbeats.
2019-09-05 09:21:52,190 | INFO  | SCMAudit | user=jenkins1000 | ip=192.168.69.66 | op=GET_VERSION null | ret=SUCCESS |  
2019-09-05 09:21:52,223 [Datanode State Machine Thread - 0] INFO  ozoneimpl.OzoneContainer (OzoneContainer.java:start(186)) - Attempting to start container services.
2019-09-05 09:21:52,223 [Datanode State Machine Thread - 0] INFO  ozoneimpl.OzoneContainer (OzoneContainer.java:startContainerScrub(160)) - Background container scrubber has been disabled by hdds.containerscrub.enabled
2019-09-05 09:21:52,223 [Datanode State Machine Thread - 0] INFO  ratis.XceiverServerRatis (XceiverServerRatis.java:start(404)) - Starting XceiverServerRatis 24fa834e-354b-4f91-9ef9-44eeb31eb01b at port 0
2019-09-05 09:21:52,229 [Datanode State Machine Thread - 0] INFO  impl.RaftServerProxy (RaftServerProxy.java:lambda$start$3(299)) - 24fa834e-354b-4f91-9ef9-44eeb31eb01b: start RPC server
2019-09-05 09:21:52,230 [Datanode State Machine Thread - 0] INFO  server.GrpcService (GrpcService.java:startImpl(149)) - 24fa834e-354b-4f91-9ef9-44eeb31eb01b: GrpcService started, listening on 0.0.0.0/0.0.0.0:42350
2019-09-05 09:21:52,230 [Datanode State Machine Thread - 0] INFO  ratis.XceiverServerRatis (XceiverServerRatis.java:start(414)) - XceiverServerRatis 24fa834e-354b-4f91-9ef9-44eeb31eb01b is started using port 42350
2019-09-05 09:21:52,239 [Datanode State Machine Thread - 0] INFO  server.XceiverServerGrpc (XceiverServerGrpc.java:start(163)) - XceiverServerGrpc 24fa834e-354b-4f91-9ef9-44eeb31eb01b is started using port 33820
2019-09-05 09:21:52,796 [IPC Server handler 0 on 39170] INFO  net.NetworkTopology (NetworkTopologyImpl.java:add(110)) - Added a new node: /default-rack/6f14a04a-44e3-4557-80c9-ddee849029a0
2019-09-05 09:21:52,798 [IPC Server handler 0 on 39170] INFO  node.SCMNodeManager (SCMNodeManager.java:register(273)) - Registered Data node : 6f14a04a-44e3-4557-80c9-ddee849029a0{ip: 192.168.69.66, host: pr-hdds-1571-bldfb-3674279559, networkLocation: /default-rack, certSerialId: null}
2019-09-05 09:21:52,799 | INFO  | SCMAudit | user=jenkins1000 | ip=192.168.69.66 | op=REGISTER {datanodeDetails=6f14a04a-44e3-4557-80c9-ddee849029a0{ip: 192.168.69.66, host: pr-hdds-1571-bldfb-3674279559, networkLocation: /default-rack, certSerialId: null}} | ret=SUCCESS |  
2019-09-05 09:21:52,799 [EventQueue-NodeRegistrationContainerReportForDataNodeSafeModeRule] INFO  safemode.SCMSafeModeManager (DataNodeSafeModeRule.java:process(71)) - SCM in safe mode. 1 DataNodes registered, 1 required.
2019-09-05 09:21:52,801 [EventQueue-NodeRegistrationContainerReportForDataNodeSafeModeRule] INFO  safemode.SCMSafeModeManager (SCMSafeModeManager.java:validateSafeModeExitRules(177)) - ScmSafeModeManager, all rules are successfully validated
2019-09-05 09:21:52,801 [EventQueue-NodeRegistrationContainerReportForDataNodeSafeModeRule] INFO  safemode.SCMSafeModeManager (SCMSafeModeManager.java:exitSafeMode(193)) - SCM exiting safe mode.
2019-09-05 09:21:52,824 [grpc-default-executor-8] INFO  impl.RaftServerProxy (RaftServerProxy.java:addNew(89)) - 6f14a04a-44e3-4557-80c9-ddee849029a0: addNew group-170C5CBF9D77:[6f14a04a-44e3-4557-80c9-ddee849029a0:192.168.69.66:37354] returns group-170C5CBF9D77:java.util.concurrent.CompletableFuture@4f6e3762[Not completed]
2019-09-05 09:21:52,826 [pool-439-thread-1] INFO  impl.RaftServerImpl (RaftServerImpl.java:<init>(93)) - 6f14a04a-44e3-4557-80c9-ddee849029a0: new RaftServerImpl for group-170C5CBF9D77:[6f14a04a-44e3-4557-80c9-ddee849029a0:192.168.69.66:37354] with ContainerStateMachine:uninitialized
2019-09-05 09:21:52,827 [pool-439-thread-1] INFO  server.RaftServerConfigKeys (ConfUtils.java:logGet(43)) - raft.server.rpc.timeout.min = 5s (custom)
2019-09-05 09:21:52,827 [pool-439-thread-1] INFO  server.RaftServerConfigKeys (ConfUtils.java:logGet(43)) - raft.server.rpc.timeout.max = 5200ms (custom)
2019-09-05 09:21:52,827 [pool-439-thread-1] INFO  server.RaftServerConfigKeys (ConfUtils.java:logGet(43)) - raft.server.rpcslowness.timeout = 120s (custom)
2019-09-05 09:21:52,827 [pool-439-thread-1] INFO  server.RaftServerConfigKeys (ConfUtils.java:logGet(43)) - raft.server.sleep.deviation.threshold = 300 (default)
2019-09-05 09:21:52,827 [pool-439-thread-1] INFO  server.RaftServerConfigKeys (ConfUtils.java:logGet(43)) - raft.server.log.appender.install.snapshot.enabled = false (custom)
2019-09-05 09:21:52,827 [pool-439-thread-1] INFO  impl.RaftServerImpl (ServerState.java:<init>(105)) - 6f14a04a-44e3-4557-80c9-ddee849029a0:group-170C5CBF9D77 ConfigurationManager, init=-1: [6f14a04a-44e3-4557-80c9-ddee849029a0:192.168.69.66:37354], old=null, confs=<EMPTY_MAP>
2019-09-05 09:21:52,828 [pool-439-thread-1] INFO  server.RaftServerConfigKeys (ConfUtils.java:logGet(43)) - raft.server.storage.dir = [/workdir/hadoop-ozone/integration-test/target/test-dir/MiniOzoneClusterImpl-b9007246-1341-44ba-8eb7-22f06fb20b9c/datanode-0/data/ratis] (custom)
2019-09-05 09:21:52,828 [pool-439-thread-1] INFO  storage.RaftStorageDirectory (RaftStorageDirectory.java:analyzeStorage(246)) - The storage directory /workdir/hadoop-ozone/integration-test/target/test-dir/MiniOzoneClusterImpl-b9007246-1341-44ba-8eb7-22f06fb20b9c/datanode-0/data/ratis/3c6d96ac-1a02-4552-9db7-170c5cbf9d77 does not exist. Creating ...
2019-09-05 09:21:52,848 [pool-439-thread-1] INFO  storage.RaftStorageDirectory (RaftStorageDirectory.java:tryLock(328)) - Lock on /workdir/hadoop-ozone/integration-test/target/test-dir/MiniOzoneClusterImpl-b9007246-1341-44ba-8eb7-22f06fb20b9c/datanode-0/data/ratis/3c6d96ac-1a02-4552-9db7-170c5cbf9d77/in_use.lock acquired by nodename 17063@pr-hdds-1571-bldfb-3674279559
2019-09-05 09:21:52,874 [pool-439-thread-1] INFO  storage.RaftStorage (RaftStorage.java:format(72)) - Storage directory /workdir/hadoop-ozone/integration-test/target/test-dir/MiniOzoneClusterImpl-b9007246-1341-44ba-8eb7-22f06fb20b9c/datanode-0/data/ratis/3c6d96ac-1a02-4552-9db7-170c5cbf9d77 has been successfully formatted.
2019-09-05 09:21:52,874 [pool-439-thread-1] INFO  ratis.ContainerStateMachine (ContainerStateMachine.java:loadSnapshot(226)) - group-170C5CBF9D77: The snapshot info is null. Setting the last applied indexto:(t:0, i:~)
2019-09-05 09:21:52,874 [pool-439-thread-1] INFO  server.RaftServerConfigKeys (ConfUtils.java:logGet(43)) - raft.server.leader.election.timeout = 120s (custom)
2019-09-05 09:21:52,874 [pool-439-thread-1] INFO  server.RaftServerConfigKeys (ConfUtils.java:logGet(43)) - raft.server.log.use.memory = false (default)
2019-09-05 09:21:52,875 [pool-439-thread-1] INFO  server.RaftServerConfigKeys (ConfUtils.java:logGet(43)) - raft.server.log.purge.gap = 1000000 (custom)
2019-09-05 09:21:52,875 [pool-439-thread-1] INFO  server.RaftServerConfigKeys (ConfUtils.java:logGet(43)) - raft.server.log.appender.buffer.byte-limit = 33554432 (custom)
2019-09-05 09:21:52,875 [pool-439-thread-1] INFO  server.RaftServerConfigKeys (ConfUtils.java:logGet(43)) - raft.server.log.segment.size.max = 1048576 (custom)
2019-09-05 09:21:52,875 [pool-439-thread-1] INFO  server.RaftServerConfigKeys (ConfUtils.java:logGet(43)) - raft.server.log.segment.cache.num.max = 2 (custom)
2019-09-05 09:21:52,875 [pool-439-thread-1] INFO  segmented.SegmentedRaftLogWorker (SegmentedRaftLogWorker.java:<init>(172)) - new 6f14a04a-44e3-4557-80c9-ddee849029a0-SegmentedRaftLogWorker:Storage Directory /workdir/hadoop-ozone/integration-test/target/test-dir/MiniOzoneClusterImpl-b9007246-1341-44ba-8eb7-22f06fb20b9c/datanode-0/data/ratis/3c6d96ac-1a02-4552-9db7-170c5cbf9d77 for RaftStorage:Storage Directory /workdir/hadoop-ozone/integration-test/target/test-dir/MiniOzoneClusterImpl-b9007246-1341-44ba-8eb7-22f06fb20b9c/datanode-0/data/ratis/3c6d96ac-1a02-4552-9db7-170c5cbf9d77
2019-09-05 09:21:52,875 [pool-439-thread-1] INFO  server.RaftServerConfigKeys (ConfUtils.java:logGet(43)) - raft.server.log.queue.byte-limit = 2147483647 (custom)
2019-09-05 09:21:52,875 [pool-439-thread-1] INFO  server.RaftServerConfigKeys (ConfUtils.java:logGet(43)) - raft.server.log.queue.element-limit = 1024 (custom)
2019-09-05 09:21:52,876 [pool-439-thread-1] INFO  server.RaftServerConfigKeys (ConfUtils.java:logGet(43)) - raft.server.log.segment.size.max = 1048576 (custom)
2019-09-05 09:21:52,876 [pool-439-thread-1] INFO  server.RaftServerConfigKeys (ConfUtils.java:logGet(43)) - raft.server.log.preallocated.size = 16384 (custom)
2019-09-05 09:21:52,876 [pool-439-thread-1] INFO  server.RaftServerConfigKeys (ConfUtils.java:logGet(43)) - raft.server.log.write.buffer.size = 33554432 (custom)
2019-09-05 09:21:52,876 [pool-439-thread-1] INFO  server.RaftServerConfigKeys (ConfUtils.java:logGet(43)) - raft.server.log.force.sync.num = 128 (default)
2019-09-05 09:21:52,876 [pool-439-thread-1] INFO  server.RaftServerConfigKeys (ConfUtils.java:logGet(43)) - raft.server.log.statemachine.data.sync = true (default)
2019-09-05 09:21:52,876 [pool-439-thread-1] INFO  server.RaftServerConfigKeys (ConfUtils.java:logGet(43)) - raft.server.log.statemachine.data.sync.timeout = 10s (default)
2019-09-05 09:21:52,876 [pool-439-thread-1] INFO  server.RaftServerConfigKeys (ConfUtils.java:logGet(43)) - raft.server.log.statemachine.data.sync.timeout.retry = -1 (default)
2019-09-05 09:21:52,877 [pool-439-thread-1] INFO  server.RaftServerConfigKeys (ConfUtils.java:logGet(43)) - raft.server.log.statemachine.data.caching.enabled = true (custom)
2019-09-05 09:21:52,877 [pool-439-thread-1] INFO  segmented.SegmentedRaftLogWorker (SegmentedRaftLogWorker.java:lambda$new$0(132)) - 6f14a04a-44e3-4557-80c9-ddee849029a0-SegmentedRaftLogWorker:Storage Directory /workdir/hadoop-ozone/integration-test/target/test-dir/MiniOzoneClusterImpl-b9007246-1341-44ba-8eb7-22f06fb20b9c/datanode-0/data/ratis/3c6d96ac-1a02-4552-9db7-170c5cbf9d77: flushIndex: setUnconditionally 0 -> -1
2019-09-05 09:21:52,877 [pool-439-thread-1] INFO  server.RaftServerConfigKeys (ConfUtils.java:logGet(43)) - raft.server.snapshot.auto.trigger.enabled = true (custom)
2019-09-05 09:21:52,877 [pool-439-thread-1] INFO  server.RaftServerConfigKeys (ConfUtils.java:logGet(43)) - raft.server.snapshot.auto.trigger.threshold = 10000 (custom)
2019-09-05 09:21:52,878 [pool-439-thread-1] INFO  server.RaftServerConfigKeys (ConfUtils.java:logGet(43)) - raft.server.retrycache.expirytime = 600000ms (custom)
2019-09-05 09:21:52,878 [pool-439-thread-1] INFO  impl.RaftServerImpl (RaftServerImpl.java:start(180)) - 6f14a04a-44e3-4557-80c9-ddee849029a0: start group-170C5CBF9D77
2019-09-05 09:21:52,878 [pool-439-thread-1] INFO  impl.RaftServerImpl (RaftServerImpl.java:setRole(171)) - 6f14a04a-44e3-4557-80c9-ddee849029a0:group-170C5CBF9D77 changes role from null to FOLLOWER at term 0 for startAsFollower
2019-09-05 09:21:52,878 [pool-439-thread-1] INFO  impl.RoleInfo (RoleInfo.java:updateAndGet(143)) - 6f14a04a-44e3-4557-80c9-ddee849029a0: start FollowerState
2019-09-05 09:21:52,879 [pool-439-thread-1] INFO  util.JmxRegister (JmxRegister.java:tryRegister(44)) - Successfully registered JMX Bean with object name Ratis:service=RaftServer,group=group-170C5CBF9D77,id=6f14a04a-44e3-4557-80c9-ddee849029a0
2019-09-05 09:21:52,882 [RatisPipelineUtilsThread] INFO  pipeline.PipelineStateManager (PipelineStateManager.java:addPipeline(56)) - Created pipeline Pipeline[ Id: 3c6d96ac-1a02-4552-9db7-170c5cbf9d77, Nodes: 6f14a04a-44e3-4557-80c9-ddee849029a0{ip: 192.168.69.66, host: pr-hdds-1571-bldfb-3674279559, networkLocation: /default-rack, certSerialId: null}, Type:RATIS, Factor:ONE, State:OPEN]
2019-09-05 09:21:52,999 [IPC Server handler 3 on 39170] INFO  net.NetworkTopology (NetworkTopologyImpl.java:add(110)) - Added a new node: /default-rack/07be2058-8bf0-4303-a72a-c3b15076ab0b
2019-09-05 09:21:52,999 [IPC Server handler 3 on 39170] INFO  node.SCMNodeManager (SCMNodeManager.java:register(273)) - Registered Data node : 07be2058-8bf0-4303-a72a-c3b15076ab0b{ip: 192.168.69.66, host: pr-hdds-1571-bldfb-3674279559, networkLocation: /default-rack, certSerialId: null}
2019-09-05 09:21:52,999 | INFO  | SCMAudit | user=jenkins1000 | ip=192.168.69.66 | op=REGISTER {datanodeDetails=07be2058-8bf0-4303-a72a-c3b15076ab0b{ip: 192.168.69.66, host: pr-hdds-1571-bldfb-3674279559, networkLocation: /default-rack, certSerialId: null}} | ret=SUCCESS |  
2019-09-05 09:21:53,006 [grpc-default-executor-8] INFO  impl.RaftServerProxy (RaftServerProxy.java:addNew(89)) - 07be2058-8bf0-4303-a72a-c3b15076ab0b: addNew group-F280F9F1D8C3:[07be2058-8bf0-4303-a72a-c3b15076ab0b:192.168.69.66:45326] returns group-F280F9F1D8C3:java.util.concurrent.CompletableFuture@49a50991[Not completed]
2019-09-05 09:21:53,007 [pool-450-thread-1] INFO  impl.RaftServerImpl (RaftServerImpl.java:<init>(93)) - 07be2058-8bf0-4303-a72a-c3b15076ab0b: new RaftServerImpl for group-F280F9F1D8C3:[07be2058-8bf0-4303-a72a-c3b15076ab0b:192.168.69.66:45326] with ContainerStateMachine:uninitialized
2019-09-05 09:21:53,007 [pool-450-thread-1] INFO  server.RaftServerConfigKeys (ConfUtils.java:logGet(43)) - raft.server.rpc.timeout.min = 5s (custom)
2019-09-05 09:21:53,007 [pool-450-thread-1] INFO  server.RaftServerConfigKeys (ConfUtils.java:logGet(43)) - raft.server.rpc.timeout.max = 5200ms (custom)
2019-09-05 09:21:53,007 [pool-450-thread-1] INFO  server.RaftServerConfigKeys (ConfUtils.java:logGet(43)) - raft.server.rpcslowness.timeout = 120s (custom)
2019-09-05 09:21:53,007 [pool-450-thread-1] INFO  server.RaftServerConfigKeys (ConfUtils.java:logGet(43)) - raft.server.sleep.deviation.threshold = 300 (default)
2019-09-05 09:21:53,007 [pool-450-thread-1] INFO  server.RaftServerConfigKeys (ConfUtils.java:logGet(43)) - raft.server.log.appender.install.snapshot.enabled = false (custom)
2019-09-05 09:21:53,008 [pool-450-thread-1] INFO  impl.RaftServerImpl (ServerState.java:<init>(105)) - 07be2058-8bf0-4303-a72a-c3b15076ab0b:group-F280F9F1D8C3 ConfigurationManager, init=-1: [07be2058-8bf0-4303-a72a-c3b15076ab0b:192.168.69.66:45326], old=null, confs=<EMPTY_MAP>
2019-09-05 09:21:53,008 [pool-450-thread-1] INFO  server.RaftServerConfigKeys (ConfUtils.java:logGet(43)) - raft.server.storage.dir = [/workdir/hadoop-ozone/integration-test/target/test-dir/MiniOzoneClusterImpl-b9007246-1341-44ba-8eb7-22f06fb20b9c/datanode-1/data/ratis] (custom)
2019-09-05 09:21:53,008 [pool-450-thread-1] INFO  storage.RaftStorageDirectory (RaftStorageDirectory.java:analyzeStorage(246)) - The storage directory /workdir/hadoop-ozone/integration-test/target/test-dir/MiniOzoneClusterImpl-b9007246-1341-44ba-8eb7-22f06fb20b9c/datanode-1/data/ratis/fd3cb5d0-e3d2-4fac-a4ce-f280f9f1d8c3 does not exist. Creating ...
2019-09-05 09:21:53,066 [pool-450-thread-1] INFO  storage.RaftStorageDirectory (RaftStorageDirectory.java:tryLock(328)) - Lock on /workdir/hadoop-ozone/integration-test/target/test-dir/MiniOzoneClusterImpl-b9007246-1341-44ba-8eb7-22f06fb20b9c/datanode-1/data/ratis/fd3cb5d0-e3d2-4fac-a4ce-f280f9f1d8c3/in_use.lock acquired by nodename 17063@pr-hdds-1571-bldfb-3674279559
2019-09-05 09:21:53,116 [pool-450-thread-1] INFO  storage.RaftStorage (RaftStorage.java:format(72)) - Storage directory /workdir/hadoop-ozone/integration-test/target/test-dir/MiniOzoneClusterImpl-b9007246-1341-44ba-8eb7-22f06fb20b9c/datanode-1/data/ratis/fd3cb5d0-e3d2-4fac-a4ce-f280f9f1d8c3 has been successfully formatted.
2019-09-05 09:21:53,116 [pool-450-thread-1] INFO  ratis.ContainerStateMachine (ContainerStateMachine.java:loadSnapshot(226)) - group-F280F9F1D8C3: The snapshot info is null. Setting the last applied indexto:(t:0, i:~)
2019-09-05 09:21:53,116 [pool-450-thread-1] INFO  server.RaftServerConfigKeys (ConfUtils.java:logGet(43)) - raft.server.leader.election.timeout = 120s (custom)
2019-09-05 09:21:53,117 [pool-450-thread-1] INFO  server.RaftServerConfigKeys (ConfUtils.java:logGet(43)) - raft.server.log.use.memory = false (default)
2019-09-05 09:21:53,117 [pool-450-thread-1] INFO  server.RaftServerConfigKeys (ConfUtils.java:logGet(43)) - raft.server.log.purge.gap = 1000000 (custom)
2019-09-05 09:21:53,117 [pool-450-thread-1] INFO  server.RaftServerConfigKeys (ConfUtils.java:logGet(43)) - raft.server.log.appender.buffer.byte-limit = 33554432 (custom)
2019-09-05 09:21:53,117 [pool-450-thread-1] INFO  server.RaftServerConfigKeys (ConfUtils.java:logGet(43)) - raft.server.log.segment.size.max = 1048576 (custom)
2019-09-05 09:21:53,117 [pool-450-thread-1] INFO  server.RaftServerConfigKeys (ConfUtils.java:logGet(43)) - raft.server.log.segment.cache.num.max = 2 (custom)
2019-09-05 09:21:53,117 [pool-450-thread-1] INFO  segmented.SegmentedRaftLogWorker (SegmentedRaftLogWorker.java:<init>(172)) - new 07be2058-8bf0-4303-a72a-c3b15076ab0b-SegmentedRaftLogWorker:Storage Directory /workdir/hadoop-ozone/integration-test/target/test-dir/MiniOzoneClusterImpl-b9007246-1341-44ba-8eb7-22f06fb20b9c/datanode-1/data/ratis/fd3cb5d0-e3d2-4fac-a4ce-f280f9f1d8c3 for RaftStorage:Storage Directory /workdir/hadoop-ozone/integration-test/target/test-dir/MiniOzoneClusterImpl-b9007246-1341-44ba-8eb7-22f06fb20b9c/datanode-1/data/ratis/fd3cb5d0-e3d2-4fac-a4ce-f280f9f1d8c3
2019-09-05 09:21:53,117 [pool-450-thread-1] INFO  server.RaftServerConfigKeys (ConfUtils.java:logGet(43)) - raft.server.log.queue.byte-limit = 2147483647 (custom)
2019-09-05 09:21:53,117 [pool-450-thread-1] INFO  server.RaftServerConfigKeys (ConfUtils.java:logGet(43)) - raft.server.log.queue.element-limit = 1024 (custom)
2019-09-05 09:21:53,118 [pool-450-thread-1] INFO  server.RaftServerConfigKeys (ConfUtils.java:logGet(43)) - raft.server.log.segment.size.max = 1048576 (custom)
2019-09-05 09:21:53,118 [pool-450-thread-1] INFO  server.RaftServerConfigKeys (ConfUtils.java:logGet(43)) - raft.server.log.preallocated.size = 16384 (custom)
2019-09-05 09:21:53,118 [pool-450-thread-1] INFO  server.RaftServerConfigKeys (ConfUtils.java:logGet(43)) - raft.server.log.write.buffer.size = 33554432 (custom)
2019-09-05 09:21:53,118 [pool-450-thread-1] INFO  server.RaftServerConfigKeys (ConfUtils.java:logGet(43)) - raft.server.log.force.sync.num = 128 (default)
2019-09-05 09:21:53,118 [pool-450-thread-1] INFO  server.RaftServerConfigKeys (ConfUtils.java:logGet(43)) - raft.server.log.statemachine.data.sync = true (default)
2019-09-05 09:21:53,118 [pool-450-thread-1] INFO  server.RaftServerConfigKeys (ConfUtils.java:logGet(43)) - raft.server.log.statemachine.data.sync.timeout = 10s (default)
2019-09-05 09:21:53,118 [pool-450-thread-1] INFO  server.RaftServerConfigKeys (ConfUtils.java:logGet(43)) - raft.server.log.statemachine.data.sync.timeout.retry = -1 (default)
2019-09-05 09:21:53,118 [pool-450-thread-1] INFO  server.RaftServerConfigKeys (ConfUtils.java:logGet(43)) - raft.server.log.statemachine.data.caching.enabled = true (custom)
2019-09-05 09:21:53,118 [pool-450-thread-1] INFO  segmented.SegmentedRaftLogWorker (SegmentedRaftLogWorker.java:lambda$new$0(132)) - 07be2058-8bf0-4303-a72a-c3b15076ab0b-SegmentedRaftLogWorker:Storage Directory /workdir/hadoop-ozone/integration-test/target/test-dir/MiniOzoneClusterImpl-b9007246-1341-44ba-8eb7-22f06fb20b9c/datanode-1/data/ratis/fd3cb5d0-e3d2-4fac-a4ce-f280f9f1d8c3: flushIndex: setUnconditionally 0 -> -1
2019-09-05 09:21:53,119 [pool-450-thread-1] INFO  server.RaftServerConfigKeys (ConfUtils.java:logGet(43)) - raft.server.snapshot.auto.trigger.enabled = true (custom)
2019-09-05 09:21:53,119 [pool-450-thread-1] INFO  server.RaftServerConfigKeys (ConfUtils.java:logGet(43)) - raft.server.snapshot.auto.trigger.threshold = 10000 (custom)
2019-09-05 09:21:53,119 [pool-450-thread-1] INFO  server.RaftServerConfigKeys (ConfUtils.java:logGet(43)) - raft.server.retrycache.expirytime = 600000ms (custom)
2019-09-05 09:21:53,119 [pool-450-thread-1] INFO  impl.RaftServerImpl (RaftServerImpl.java:start(180)) - 07be2058-8bf0-4303-a72a-c3b15076ab0b: start group-F280F9F1D8C3
2019-09-05 09:21:53,119 [pool-450-thread-1] INFO  impl.RaftServerImpl (RaftServerImpl.java:setRole(171)) - 07be2058-8bf0-4303-a72a-c3b15076ab0b:group-F280F9F1D8C3 changes role from null to FOLLOWER at term 0 for startAsFollower
2019-09-05 09:21:53,119 [pool-450-thread-1] INFO  impl.RoleInfo (RoleInfo.java:updateAndGet(143)) - 07be2058-8bf0-4303-a72a-c3b15076ab0b: start FollowerState
2019-09-05 09:21:53,120 [pool-450-thread-1] INFO  util.JmxRegister (JmxRegister.java:tryRegister(44)) - Successfully registered JMX Bean with object name Ratis:service=RaftServer,group=group-F280F9F1D8C3,id=07be2058-8bf0-4303-a72a-c3b15076ab0b
2019-09-05 09:21:53,122 [RatisPipelineUtilsThread] INFO  pipeline.PipelineStateManager (PipelineStateManager.java:addPipeline(56)) - Created pipeline Pipeline[ Id: fd3cb5d0-e3d2-4fac-a4ce-f280f9f1d8c3, Nodes: 07be2058-8bf0-4303-a72a-c3b15076ab0b{ip: 192.168.69.66, host: pr-hdds-1571-bldfb-3674279559, networkLocation: /default-rack, certSerialId: null}, Type:RATIS, Factor:ONE, State:OPEN]
2019-09-05 09:21:53,181 [IPC Server handler 4 on 39170] INFO  net.NetworkTopology (NetworkTopologyImpl.java:add(110)) - Added a new node: /default-rack/a4e26f5e-71d2-4796-80a4-c2297629d93f
2019-09-05 09:21:53,181 [IPC Server handler 4 on 39170] INFO  node.SCMNodeManager (SCMNodeManager.java:register(273)) - Registered Data node : a4e26f5e-71d2-4796-80a4-c2297629d93f{ip: 192.168.69.66, host: pr-hdds-1571-bldfb-3674279559, networkLocation: /default-rack, certSerialId: null}
2019-09-05 09:21:53,181 | INFO  | SCMAudit | user=jenkins1000 | ip=192.168.69.66 | op=REGISTER {datanodeDetails=a4e26f5e-71d2-4796-80a4-c2297629d93f{ip: 192.168.69.66, host: pr-hdds-1571-bldfb-3674279559, networkLocation: /default-rack, certSerialId: null}} | ret=SUCCESS |  
2019-09-05 09:21:53,187 [grpc-default-executor-8] INFO  impl.RaftServerProxy (RaftServerProxy.java:addNew(89)) - a4e26f5e-71d2-4796-80a4-c2297629d93f: addNew group-6B302D767DB6:[a4e26f5e-71d2-4796-80a4-c2297629d93f:192.168.69.66:34336] returns group-6B302D767DB6:java.util.concurrent.CompletableFuture@2c634901[Not completed]
2019-09-05 09:21:53,188 [pool-461-thread-1] INFO  impl.RaftServerImpl (RaftServerImpl.java:<init>(93)) - a4e26f5e-71d2-4796-80a4-c2297629d93f: new RaftServerImpl for group-6B302D767DB6:[a4e26f5e-71d2-4796-80a4-c2297629d93f:192.168.69.66:34336] with ContainerStateMachine:uninitialized
2019-09-05 09:21:53,189 [pool-461-thread-1] INFO  server.RaftServerConfigKeys (ConfUtils.java:logGet(43)) - raft.server.rpc.timeout.min = 5s (custom)
2019-09-05 09:21:53,189 [pool-461-thread-1] INFO  server.RaftServerConfigKeys (ConfUtils.java:logGet(43)) - raft.server.rpc.timeout.max = 5200ms (custom)
2019-09-05 09:21:53,189 [pool-461-thread-1] INFO  server.RaftServerConfigKeys (ConfUtils.java:logGet(43)) - raft.server.rpcslowness.timeout = 120s (custom)
2019-09-05 09:21:53,189 [pool-461-thread-1] INFO  server.RaftServerConfigKeys (ConfUtils.java:logGet(43)) - raft.server.sleep.deviation.threshold = 300 (default)
2019-09-05 09:21:53,189 [pool-461-thread-1] INFO  server.RaftServerConfigKeys (ConfUtils.java:logGet(43)) - raft.server.log.appender.install.snapshot.enabled = false (custom)
2019-09-05 09:21:53,189 [pool-461-thread-1] INFO  impl.RaftServerImpl (ServerState.java:<init>(105)) - a4e26f5e-71d2-4796-80a4-c2297629d93f:group-6B302D767DB6 ConfigurationManager, init=-1: [a4e26f5e-71d2-4796-80a4-c2297629d93f:192.168.69.66:34336], old=null, confs=<EMPTY_MAP>
2019-09-05 09:21:53,189 [pool-461-thread-1] INFO  server.RaftServerConfigKeys (ConfUtils.java:logGet(43)) - raft.server.storage.dir = [/workdir/hadoop-ozone/integration-test/target/test-dir/MiniOzoneClusterImpl-b9007246-1341-44ba-8eb7-22f06fb20b9c/datanode-2/data/ratis] (custom)
2019-09-05 09:21:53,190 [pool-461-thread-1] INFO  storage.RaftStorageDirectory (RaftStorageDirectory.java:analyzeStorage(246)) - The storage directory /workdir/hadoop-ozone/integration-test/target/test-dir/MiniOzoneClusterImpl-b9007246-1341-44ba-8eb7-22f06fb20b9c/datanode-2/data/ratis/c7d7e988-4c5c-485e-a4ed-6b302d767db6 does not exist. Creating ...
2019-09-05 09:21:53,190 [main] INFO  ozone.MiniOzoneClusterImpl (MiniOzoneClusterImpl.java:lambda$waitForClusterToBeReady$0(142)) - Waiting for cluster to be ready. Got 3 of 7 DN Heartbeats.
2019-09-05 09:21:53,214 [pool-461-thread-1] INFO  storage.RaftStorageDirectory (RaftStorageDirectory.java:tryLock(328)) - Lock on /workdir/hadoop-ozone/integration-test/target/test-dir/MiniOzoneClusterImpl-b9007246-1341-44ba-8eb7-22f06fb20b9c/datanode-2/data/ratis/c7d7e988-4c5c-485e-a4ed-6b302d767db6/in_use.lock acquired by nodename 17063@pr-hdds-1571-bldfb-3674279559
2019-09-05 09:21:53,247 [pool-461-thread-1] INFO  storage.RaftStorage (RaftStorage.java:format(72)) - Storage directory /workdir/hadoop-ozone/integration-test/target/test-dir/MiniOzoneClusterImpl-b9007246-1341-44ba-8eb7-22f06fb20b9c/datanode-2/data/ratis/c7d7e988-4c5c-485e-a4ed-6b302d767db6 has been successfully formatted.
2019-09-05 09:21:53,247 [pool-461-thread-1] INFO  ratis.ContainerStateMachine (ContainerStateMachine.java:loadSnapshot(226)) - group-6B302D767DB6: The snapshot info is null. Setting the last applied indexto:(t:0, i:~)
2019-09-05 09:21:53,248 [pool-461-thread-1] INFO  server.RaftServerConfigKeys (ConfUtils.java:logGet(43)) - raft.server.leader.election.timeout = 120s (custom)
2019-09-05 09:21:53,248 [pool-461-thread-1] INFO  server.RaftServerConfigKeys (ConfUtils.java:logGet(43)) - raft.server.log.use.memory = false (default)
2019-09-05 09:21:53,248 [pool-461-thread-1] INFO  server.RaftServerConfigKeys (ConfUtils.java:logGet(43)) - raft.server.log.purge.gap = 1000000 (custom)
2019-09-05 09:21:53,248 [pool-461-thread-1] INFO  server.RaftServerConfigKeys (ConfUtils.java:logGet(43)) - raft.server.log.appender.buffer.byte-limit = 33554432 (custom)
2019-09-05 09:21:53,249 [pool-461-thread-1] INFO  server.RaftServerConfigKeys (ConfUtils.java:logGet(43)) - raft.server.log.segment.size.max = 1048576 (custom)
2019-09-05 09:21:53,249 [pool-461-thread-1] INFO  server.RaftServerConfigKeys (ConfUtils.java:logGet(43)) - raft.server.log.segment.cache.num.max = 2 (custom)
2019-09-05 09:21:53,249 [pool-461-thread-1] INFO  segmented.SegmentedRaftLogWorker (SegmentedRaftLogWorker.java:<init>(172)) - new a4e26f5e-71d2-4796-80a4-c2297629d93f-SegmentedRaftLogWorker:Storage Directory /workdir/hadoop-ozone/integration-test/target/test-dir/MiniOzoneClusterImpl-b9007246-1341-44ba-8eb7-22f06fb20b9c/datanode-2/data/ratis/c7d7e988-4c5c-485e-a4ed-6b302d767db6 for RaftStorage:Storage Directory /workdir/hadoop-ozone/integration-test/target/test-dir/MiniOzoneClusterImpl-b9007246-1341-44ba-8eb7-22f06fb20b9c/datanode-2/data/ratis/c7d7e988-4c5c-485e-a4ed-6b302d767db6
2019-09-05 09:21:53,250 [pool-461-thread-1] INFO  server.RaftServerConfigKeys (ConfUtils.java:logGet(43)) - raft.server.log.queue.byte-limit = 2147483647 (custom)
2019-09-05 09:21:53,250 [pool-461-thread-1] INFO  server.RaftServerConfigKeys (ConfUtils.java:logGet(43)) - raft.server.log.queue.element-limit = 1024 (custom)
2019-09-05 09:21:53,250 [pool-461-thread-1] INFO  server.RaftServerConfigKeys (ConfUtils.java:logGet(43)) - raft.server.log.segment.size.max = 1048576 (custom)
2019-09-05 09:21:53,251 [pool-461-thread-1] INFO  server.RaftServerConfigKeys (ConfUtils.java:logGet(43)) - raft.server.log.preallocated.size = 16384 (custom)
2019-09-05 09:21:53,251 [pool-461-thread-1] INFO  server.RaftServerConfigKeys (ConfUtils.java:logGet(43)) - raft.server.log.write.buffer.size = 33554432 (custom)
2019-09-05 09:21:53,251 [pool-461-thread-1] INFO  server.RaftServerConfigKeys (ConfUtils.java:logGet(43)) - raft.server.log.force.sync.num = 128 (default)
2019-09-05 09:21:53,251 [pool-461-thread-1] INFO  server.RaftServerConfigKeys (ConfUtils.java:logGet(43)) - raft.server.log.statemachine.data.sync = true (default)
2019-09-05 09:21:53,251 [pool-461-thread-1] INFO  server.RaftServerConfigKeys (ConfUtils.java:logGet(43)) - raft.server.log.statemachine.data.sync.timeout = 10s (default)
2019-09-05 09:21:53,251 [pool-461-thread-1] INFO  server.RaftServerConfigKeys (ConfUtils.java:logGet(43)) - raft.server.log.statemachine.data.sync.timeout.retry = -1 (default)
2019-09-05 09:21:53,252 [pool-461-thread-1] INFO  server.RaftServerConfigKeys (ConfUtils.java:logGet(43)) - raft.server.log.statemachine.data.caching.enabled = true (custom)
2019-09-05 09:21:53,252 [pool-461-thread-1] INFO  segmented.SegmentedRaftLogWorker (SegmentedRaftLogWorker.java:lambda$new$0(132)) - a4e26f5e-71d2-4796-80a4-c2297629d93f-SegmentedRaftLogWorker:Storage Directory /workdir/hadoop-ozone/integration-test/target/test-dir/MiniOzoneClusterImpl-b9007246-1341-44ba-8eb7-22f06fb20b9c/datanode-2/data/ratis/c7d7e988-4c5c-485e-a4ed-6b302d767db6: flushIndex: setUnconditionally 0 -> -1
2019-09-05 09:21:53,252 [pool-461-thread-1] INFO  server.RaftServerConfigKeys (ConfUtils.java:logGet(43)) - raft.server.snapshot.auto.trigger.enabled = true (custom)
2019-09-05 09:21:53,252 [pool-461-thread-1] INFO  server.RaftServerConfigKeys (ConfUtils.java:logGet(43)) - raft.server.snapshot.auto.trigger.threshold = 10000 (custom)
2019-09-05 09:21:53,253 [pool-461-thread-1] INFO  server.RaftServerConfigKeys (ConfUtils.java:logGet(43)) - raft.server.retrycache.expirytime = 600000ms (custom)
2019-09-05 09:21:53,253 [pool-461-thread-1] INFO  impl.RaftServerImpl (RaftServerImpl.java:start(180)) - a4e26f5e-71d2-4796-80a4-c2297629d93f: start group-6B302D767DB6
2019-09-05 09:21:53,253 [pool-461-thread-1] INFO  impl.RaftServerImpl (RaftServerImpl.java:setRole(171)) - a4e26f5e-71d2-4796-80a4-c2297629d93f:group-6B302D767DB6 changes role from null to FOLLOWER at term 0 for startAsFollower
2019-09-05 09:21:53,253 [pool-461-thread-1] INFO  impl.RoleInfo (RoleInfo.java:updateAndGet(143)) - a4e26f5e-71d2-4796-80a4-c2297629d93f: start FollowerState
2019-09-05 09:21:53,253 [pool-461-thread-1] INFO  util.JmxRegister (JmxRegister.java:tryRegister(44)) - Successfully registered JMX Bean with object name Ratis:service=RaftServer,group=group-6B302D767DB6,id=a4e26f5e-71d2-4796-80a4-c2297629d93f
2019-09-05 09:21:53,256 [RatisPipelineUtilsThread] INFO  pipeline.PipelineStateManager (PipelineStateManager.java:addPipeline(56)) - Created pipeline Pipeline[ Id: c7d7e988-4c5c-485e-a4ed-6b302d767db6, Nodes: a4e26f5e-71d2-4796-80a4-c2297629d93f{ip: 192.168.69.66, host: pr-hdds-1571-bldfb-3674279559, networkLocation: /default-rack, certSerialId: null}, Type:RATIS, Factor:ONE, State:OPEN]
2019-09-05 09:21:53,267 [grpc-default-executor-6] INFO  impl.RaftServerProxy (RaftServerProxy.java:addNew(89)) - a4e26f5e-71d2-4796-80a4-c2297629d93f: addNew group-D2EF0FD8E838:[a4e26f5e-71d2-4796-80a4-c2297629d93f:192.168.69.66:34336, 6f14a04a-44e3-4557-80c9-ddee849029a0:192.168.69.66:37354, 07be2058-8bf0-4303-a72a-c3b15076ab0b:192.168.69.66:45326] returns group-D2EF0FD8E838:java.util.concurrent.CompletableFuture@2f4827f6[Not completed]
2019-09-05 09:21:53,267 [grpc-default-executor-8] INFO  impl.RaftServerProxy (RaftServerProxy.java:addNew(89)) - 07be2058-8bf0-4303-a72a-c3b15076ab0b: addNew group-D2EF0FD8E838:[a4e26f5e-71d2-4796-80a4-c2297629d93f:192.168.69.66:34336, 6f14a04a-44e3-4557-80c9-ddee849029a0:192.168.69.66:37354, 07be2058-8bf0-4303-a72a-c3b15076ab0b:192.168.69.66:45326] returns group-D2EF0FD8E838:java.util.concurrent.CompletableFuture@4d320632[Not completed]
2019-09-05 09:21:53,267 [grpc-default-executor-7] INFO  impl.RaftServerProxy (RaftServerProxy.java:addNew(89)) - 6f14a04a-44e3-4557-80c9-ddee849029a0: addNew group-D2EF0FD8E838:[a4e26f5e-71d2-4796-80a4-c2297629d93f:192.168.69.66:34336, 6f14a04a-44e3-4557-80c9-ddee849029a0:192.168.69.66:37354, 07be2058-8bf0-4303-a72a-c3b15076ab0b:192.168.69.66:45326] returns group-D2EF0FD8E838:java.util.concurrent.CompletableFuture@3030a22[Not completed]
2019-09-05 09:21:53,268 [pool-439-thread-1] INFO  impl.RaftServerImpl (RaftServerImpl.java:<init>(93)) - 6f14a04a-44e3-4557-80c9-ddee849029a0: new RaftServerImpl for group-D2EF0FD8E838:[a4e26f5e-71d2-4796-80a4-c2297629d93f:192.168.69.66:34336, 6f14a04a-44e3-4557-80c9-ddee849029a0:192.168.69.66:37354, 07be2058-8bf0-4303-a72a-c3b15076ab0b:192.168.69.66:45326] with ContainerStateMachine:uninitialized
2019-09-05 09:21:53,269 [pool-439-thread-1] INFO  server.RaftServerConfigKeys (ConfUtils.java:logGet(43)) - raft.server.rpc.timeout.min = 5s (custom)
2019-09-05 09:21:53,269 [pool-439-thread-1] INFO  server.RaftServerConfigKeys (ConfUtils.java:logGet(43)) - raft.server.rpc.timeout.max = 5200ms (custom)
2019-09-05 09:21:53,269 [pool-439-thread-1] INFO  server.RaftServerConfigKeys (ConfUtils.java:logGet(43)) - raft.server.rpcslowness.timeout = 120s (custom)
2019-09-05 09:21:53,269 [pool-439-thread-1] INFO  server.RaftServerConfigKeys (ConfUtils.java:logGet(43)) - raft.server.sleep.deviation.threshold = 300 (default)
2019-09-05 09:21:53,269 [pool-439-thread-1] INFO  server.RaftServerConfigKeys (ConfUtils.java:logGet(43)) - raft.server.log.appender.install.snapshot.enabled = false (custom)
2019-09-05 09:21:53,269 [pool-461-thread-1] INFO  impl.RaftServerImpl (RaftServerImpl.java:<init>(93)) - a4e26f5e-71d2-4796-80a4-c2297629d93f: new RaftServerImpl for group-D2EF0FD8E838:[a4e26f5e-71d2-4796-80a4-c2297629d93f:192.168.69.66:34336, 6f14a04a-44e3-4557-80c9-ddee849029a0:192.168.69.66:37354, 07be2058-8bf0-4303-a72a-c3b15076ab0b:192.168.69.66:45326] with ContainerStateMachine:uninitialized
2019-09-05 09:21:53,269 [pool-439-thread-1] INFO  impl.RaftServerImpl (ServerState.java:<init>(105)) - 6f14a04a-44e3-4557-80c9-ddee849029a0:group-D2EF0FD8E838 ConfigurationManager, init=-1: [a4e26f5e-71d2-4796-80a4-c2297629d93f:192.168.69.66:34336, 6f14a04a-44e3-4557-80c9-ddee849029a0:192.168.69.66:37354, 07be2058-8bf0-4303-a72a-c3b15076ab0b:192.168.69.66:45326], old=null, confs=<EMPTY_MAP>
2019-09-05 09:21:53,270 [pool-461-thread-1] INFO  server.RaftServerConfigKeys (ConfUtils.java:logGet(43)) - raft.server.rpc.timeout.min = 5s (custom)
2019-09-05 09:21:53,270 [pool-450-thread-1] INFO  impl.RaftServerImpl (RaftServerImpl.java:<init>(93)) - 07be2058-8bf0-4303-a72a-c3b15076ab0b: new RaftServerImpl for group-D2EF0FD8E838:[a4e26f5e-71d2-4796-80a4-c2297629d93f:192.168.69.66:34336, 6f14a04a-44e3-4557-80c9-ddee849029a0:192.168.69.66:37354, 07be2058-8bf0-4303-a72a-c3b15076ab0b:192.168.69.66:45326] with ContainerStateMachine:uninitialized
2019-09-05 09:21:53,270 [pool-439-thread-1] INFO  server.RaftServerConfigKeys (ConfUtils.java:logGet(43)) - raft.server.storage.dir = [/workdir/hadoop-ozone/integration-test/target/test-dir/MiniOzoneClusterImpl-b9007246-1341-44ba-8eb7-22f06fb20b9c/datanode-0/data/ratis] (custom)
2019-09-05 09:21:53,270 [pool-450-thread-1] INFO  server.RaftServerConfigKeys (ConfUtils.java:logGet(43)) - raft.server.rpc.timeout.min = 5s (custom)
2019-09-05 09:21:53,270 [pool-461-thread-1] INFO  server.RaftServerConfigKeys (ConfUtils.java:logGet(43)) - raft.server.rpc.timeout.max = 5200ms (custom)
2019-09-05 09:21:53,270 [pool-450-thread-1] INFO  server.RaftServerConfigKeys (ConfUtils.java:logGet(43)) - raft.server.rpc.timeout.max = 5200ms (custom)
2019-09-05 09:21:53,271 [pool-461-thread-1] INFO  server.RaftServerConfigKeys (ConfUtils.java:logGet(43)) - raft.server.rpcslowness.timeout = 120s (custom)
2019-09-05 09:21:53,271 [pool-439-thread-1] INFO  storage.RaftStorageDirectory (RaftStorageDirectory.java:analyzeStorage(246)) - The storage directory /workdir/hadoop-ozone/integration-test/target/test-dir/MiniOzoneClusterImpl-b9007246-1341-44ba-8eb7-22f06fb20b9c/datanode-0/data/ratis/c4074c19-c9a1-482a-9745-d2ef0fd8e838 does not exist. Creating ...
2019-09-05 09:21:53,271 [pool-461-thread-1] INFO  server.RaftServerConfigKeys (ConfUtils.java:logGet(43)) - raft.server.sleep.deviation.threshold = 300 (default)
2019-09-05 09:21:53,271 [pool-461-thread-1] INFO  server.RaftServerConfigKeys (ConfUtils.java:logGet(43)) - raft.server.log.appender.install.snapshot.enabled = false (custom)
2019-09-05 09:21:53,271 [pool-450-thread-1] INFO  server.RaftServerConfigKeys (ConfUtils.java:logGet(43)) - raft.server.rpcslowness.timeout = 120s (custom)
2019-09-05 09:21:53,272 [pool-461-thread-1] INFO  impl.RaftServerImpl (ServerState.java:<init>(105)) - a4e26f5e-71d2-4796-80a4-c2297629d93f:group-D2EF0FD8E838 ConfigurationManager, init=-1: [a4e26f5e-71d2-4796-80a4-c2297629d93f:192.168.69.66:34336, 6f14a04a-44e3-4557-80c9-ddee849029a0:192.168.69.66:37354, 07be2058-8bf0-4303-a72a-c3b15076ab0b:192.168.69.66:45326], old=null, confs=<EMPTY_MAP>
2019-09-05 09:21:53,272 [pool-450-thread-1] INFO  server.RaftServerConfigKeys (ConfUtils.java:logGet(43)) - raft.server.sleep.deviation.threshold = 300 (default)
2019-09-05 09:21:53,272 [pool-461-thread-1] INFO  server.RaftServerConfigKeys (ConfUtils.java:logGet(43)) - raft.server.storage.dir = [/workdir/hadoop-ozone/integration-test/target/test-dir/MiniOzoneClusterImpl-b9007246-1341-44ba-8eb7-22f06fb20b9c/datanode-2/data/ratis] (custom)
2019-09-05 09:21:53,272 [pool-450-thread-1] INFO  server.RaftServerConfigKeys (ConfUtils.java:logGet(43)) - raft.server.log.appender.install.snapshot.enabled = false (custom)
2019-09-05 09:21:53,272 [pool-450-thread-1] INFO  impl.RaftServerImpl (ServerState.java:<init>(105)) - 07be2058-8bf0-4303-a72a-c3b15076ab0b:group-D2EF0FD8E838 ConfigurationManager, init=-1: [a4e26f5e-71d2-4796-80a4-c2297629d93f:192.168.69.66:34336, 6f14a04a-44e3-4557-80c9-ddee849029a0:192.168.69.66:37354, 07be2058-8bf0-4303-a72a-c3b15076ab0b:192.168.69.66:45326], old=null, confs=<EMPTY_MAP>
2019-09-05 09:21:53,272 [pool-450-thread-1] INFO  server.RaftServerConfigKeys (ConfUtils.java:logGet(43)) - raft.server.storage.dir = [/workdir/hadoop-ozone/integration-test/target/test-dir/MiniOzoneClusterImpl-b9007246-1341-44ba-8eb7-22f06fb20b9c/datanode-1/data/ratis] (custom)
2019-09-05 09:21:53,272 [pool-461-thread-1] INFO  storage.RaftStorageDirectory (RaftStorageDirectory.java:analyzeStorage(246)) - The storage directory /workdir/hadoop-ozone/integration-test/target/test-dir/MiniOzoneClusterImpl-b9007246-1341-44ba-8eb7-22f06fb20b9c/datanode-2/data/ratis/c4074c19-c9a1-482a-9745-d2ef0fd8e838 does not exist. Creating ...
2019-09-05 09:21:53,273 [pool-450-thread-1] INFO  storage.RaftStorageDirectory (RaftStorageDirectory.java:analyzeStorage(246)) - The storage directory /workdir/hadoop-ozone/integration-test/target/test-dir/MiniOzoneClusterImpl-b9007246-1341-44ba-8eb7-22f06fb20b9c/datanode-1/data/ratis/c4074c19-c9a1-482a-9745-d2ef0fd8e838 does not exist. Creating ...
2019-09-05 09:21:53,296 [pool-461-thread-1] INFO  storage.RaftStorageDirectory (RaftStorageDirectory.java:tryLock(328)) - Lock on /workdir/hadoop-ozone/integration-test/target/test-dir/MiniOzoneClusterImpl-b9007246-1341-44ba-8eb7-22f06fb20b9c/datanode-2/data/ratis/c4074c19-c9a1-482a-9745-d2ef0fd8e838/in_use.lock acquired by nodename 17063@pr-hdds-1571-bldfb-3674279559
2019-09-05 09:21:53,296 [pool-439-thread-1] INFO  storage.RaftStorageDirectory (RaftStorageDirectory.java:tryLock(328)) - Lock on /workdir/hadoop-ozone/integration-test/target/test-dir/MiniOzoneClusterImpl-b9007246-1341-44ba-8eb7-22f06fb20b9c/datanode-0/data/ratis/c4074c19-c9a1-482a-9745-d2ef0fd8e838/in_use.lock acquired by nodename 17063@pr-hdds-1571-bldfb-3674279559
2019-09-05 09:21:53,296 [pool-450-thread-1] INFO  storage.RaftStorageDirectory (RaftStorageDirectory.java:tryLock(328)) - Lock on /workdir/hadoop-ozone/integration-test/target/test-dir/MiniOzoneClusterImpl-b9007246-1341-44ba-8eb7-22f06fb20b9c/datanode-1/data/ratis/c4074c19-c9a1-482a-9745-d2ef0fd8e838/in_use.lock acquired by nodename 17063@pr-hdds-1571-bldfb-3674279559
2019-09-05 09:21:53,316 [pool-439-thread-1] INFO  storage.RaftStorage (RaftStorage.java:format(72)) - Storage directory /workdir/hadoop-ozone/integration-test/target/test-dir/MiniOzoneClusterImpl-b9007246-1341-44ba-8eb7-22f06fb20b9c/datanode-0/data/ratis/c4074c19-c9a1-482a-9745-d2ef0fd8e838 has been successfully formatted.
2019-09-05 09:21:53,316 [pool-461-thread-1] INFO  storage.RaftStorage (RaftStorage.java:format(72)) - Storage directory /workdir/hadoop-ozone/integration-test/target/test-dir/MiniOzoneClusterImpl-b9007246-1341-44ba-8eb7-22f06fb20b9c/datanode-2/data/ratis/c4074c19-c9a1-482a-9745-d2ef0fd8e838 has been successfully formatted.
2019-09-05 09:21:53,316 [pool-450-thread-1] INFO  storage.RaftStorage (RaftStorage.java:format(72)) - Storage directory /workdir/hadoop-ozone/integration-test/target/test-dir/MiniOzoneClusterImpl-b9007246-1341-44ba-8eb7-22f06fb20b9c/datanode-1/data/ratis/c4074c19-c9a1-482a-9745-d2ef0fd8e838 has been successfully formatted.
2019-09-05 09:21:53,316 [pool-439-thread-1] INFO  ratis.ContainerStateMachine (ContainerStateMachine.java:loadSnapshot(226)) - group-D2EF0FD8E838: The snapshot info is null. Setting the last applied indexto:(t:0, i:~)
2019-09-05 09:21:53,316 [pool-461-thread-1] INFO  ratis.ContainerStateMachine (ContainerStateMachine.java:loadSnapshot(226)) - group-D2EF0FD8E838: The snapshot info is null. Setting the last applied indexto:(t:0, i:~)
2019-09-05 09:21:53,316 [pool-450-thread-1] INFO  ratis.ContainerStateMachine (ContainerStateMachine.java:loadSnapshot(226)) - group-D2EF0FD8E838: The snapshot info is null. Setting the last applied indexto:(t:0, i:~)
2019-09-05 09:21:53,316 [pool-461-thread-1] INFO  server.RaftServerConfigKeys (ConfUtils.java:logGet(43)) - raft.server.leader.election.timeout = 120s (custom)
2019-09-05 09:21:53,316 [pool-439-thread-1] INFO  server.RaftServerConfigKeys (ConfUtils.java:logGet(43)) - raft.server.leader.election.timeout = 120s (custom)
2019-09-05 09:21:53,317 [pool-461-thread-1] INFO  server.RaftServerConfigKeys (ConfUtils.java:logGet(43)) - raft.server.log.use.memory = false (default)
2019-09-05 09:21:53,317 [pool-450-thread-1] INFO  server.RaftServerConfigKeys (ConfUtils.java:logGet(43)) - raft.server.leader.election.timeout = 120s (custom)
2019-09-05 09:21:53,317 [pool-461-thread-1] INFO  server.RaftServerConfigKeys (ConfUtils.java:logGet(43)) - raft.server.log.purge.gap = 1000000 (custom)
2019-09-05 09:21:53,317 [pool-439-thread-1] INFO  server.RaftServerConfigKeys (ConfUtils.java:logGet(43)) - raft.server.log.use.memory = false (default)
2019-09-05 09:21:53,317 [pool-461-thread-1] INFO  server.RaftServerConfigKeys (ConfUtils.java:logGet(43)) - raft.server.log.appender.buffer.byte-limit = 33554432 (custom)
2019-09-05 09:21:53,317 [pool-450-thread-1] INFO  server.RaftServerConfigKeys (ConfUtils.java:logGet(43)) - raft.server.log.use.memory = false (default)
2019-09-05 09:21:53,318 [pool-461-thread-1] INFO  server.RaftServerConfigKeys (ConfUtils.java:logGet(43)) - raft.server.log.segment.size.max = 1048576 (custom)
2019-09-05 09:21:53,317 [pool-439-thread-1] INFO  server.RaftServerConfigKeys (ConfUtils.java:logGet(43)) - raft.server.log.purge.gap = 1000000 (custom)
2019-09-05 09:21:53,318 [pool-461-thread-1] INFO  server.RaftServerConfigKeys (ConfUtils.java:logGet(43)) - raft.server.log.segment.cache.num.max = 2 (custom)
2019-09-05 09:21:53,318 [pool-450-thread-1] INFO  server.RaftServerConfigKeys (ConfUtils.java:logGet(43)) - raft.server.log.purge.gap = 1000000 (custom)
2019-09-05 09:21:53,318 [pool-461-thread-1] INFO  segmented.SegmentedRaftLogWorker (SegmentedRaftLogWorker.java:<init>(172)) - new a4e26f5e-71d2-4796-80a4-c2297629d93f-SegmentedRaftLogWorker:Storage Directory /workdir/hadoop-ozone/integration-test/target/test-dir/MiniOzoneClusterImpl-b9007246-1341-44ba-8eb7-22f06fb20b9c/datanode-2/data/ratis/c4074c19-c9a1-482a-9745-d2ef0fd8e838 for RaftStorage:Storage Directory /workdir/hadoop-ozone/integration-test/target/test-dir/MiniOzoneClusterImpl-b9007246-1341-44ba-8eb7-22f06fb20b9c/datanode-2/data/ratis/c4074c19-c9a1-482a-9745-d2ef0fd8e838
2019-09-05 09:21:53,318 [pool-439-thread-1] INFO  server.RaftServerConfigKeys (ConfUtils.java:logGet(43)) - raft.server.log.appender.buffer.byte-limit = 33554432 (custom)
2019-09-05 09:21:53,318 [pool-461-thread-1] INFO  server.RaftServerConfigKeys (ConfUtils.java:logGet(43)) - raft.server.log.queue.byte-limit = 2147483647 (custom)
2019-09-05 09:21:53,318 [pool-450-thread-1] INFO  server.RaftServerConfigKeys (ConfUtils.java:logGet(43)) - raft.server.log.appender.buffer.byte-limit = 33554432 (custom)
2019-09-05 09:21:53,319 [pool-461-thread-1] INFO  server.RaftServerConfigKeys (ConfUtils.java:logGet(43)) - raft.server.log.queue.element-limit = 1024 (custom)
2019-09-05 09:21:53,319 [pool-439-thread-1] INFO  server.RaftServerConfigKeys (ConfUtils.java:logGet(43)) - raft.server.log.segment.size.max = 1048576 (custom)
2019-09-05 09:21:53,319 [pool-461-thread-1] INFO  server.RaftServerConfigKeys (ConfUtils.java:logGet(43)) - raft.server.log.segment.size.max = 1048576 (custom)
2019-09-05 09:21:53,319 [pool-450-thread-1] INFO  server.RaftServerConfigKeys (ConfUtils.java:logGet(43)) - raft.server.log.segment.size.max = 1048576 (custom)
2019-09-05 09:21:53,319 [pool-461-thread-1] INFO  server.RaftServerConfigKeys (ConfUtils.java:logGet(43)) - raft.server.log.preallocated.size = 16384 (custom)
2019-09-05 09:21:53,319 [pool-439-thread-1] INFO  server.RaftServerConfigKeys (ConfUtils.java:logGet(43)) - raft.server.log.segment.cache.num.max = 2 (custom)
2019-09-05 09:21:53,319 [pool-461-thread-1] INFO  server.RaftServerConfigKeys (ConfUtils.java:logGet(43)) - raft.server.log.write.buffer.size = 33554432 (custom)
2019-09-05 09:21:53,320 [pool-461-thread-1] INFO  server.RaftServerConfigKeys (ConfUtils.java:logGet(43)) - raft.server.log.force.sync.num = 128 (default)
2019-09-05 09:21:53,319 [pool-450-thread-1] INFO  server.RaftServerConfigKeys (ConfUtils.java:logGet(43)) - raft.server.log.segment.cache.num.max = 2 (custom)
2019-09-05 09:21:53,320 [pool-461-thread-1] INFO  server.RaftServerConfigKeys (ConfUtils.java:logGet(43)) - raft.server.log.statemachine.data.sync = true (default)
2019-09-05 09:21:53,320 [pool-461-thread-1] INFO  server.RaftServerConfigKeys (ConfUtils.java:logGet(43)) - raft.server.log.statemachine.data.sync.timeout = 10s (default)
2019-09-05 09:21:53,320 [pool-439-thread-1] INFO  segmented.SegmentedRaftLogWorker (SegmentedRaftLogWorker.java:<init>(172)) - new 6f14a04a-44e3-4557-80c9-ddee849029a0-SegmentedRaftLogWorker:Storage Directory /workdir/hadoop-ozone/integration-test/target/test-dir/MiniOzoneClusterImpl-b9007246-1341-44ba-8eb7-22f06fb20b9c/datanode-0/data/ratis/c4074c19-c9a1-482a-9745-d2ef0fd8e838 for RaftStorage:Storage Directory /workdir/hadoop-ozone/integration-test/target/test-dir/MiniOzoneClusterImpl-b9007246-1341-44ba-8eb7-22f06fb20b9c/datanode-0/data/ratis/c4074c19-c9a1-482a-9745-d2ef0fd8e838
2019-09-05 09:21:53,320 [pool-461-thread-1] INFO  server.RaftServerConfigKeys (ConfUtils.java:logGet(43)) - raft.server.log.statemachine.data.sync.timeout.retry = -1 (default)
2019-09-05 09:21:53,320 [pool-450-thread-1] INFO  segmented.SegmentedRaftLogWorker (SegmentedRaftLogWorker.java:<init>(172)) - new 07be2058-8bf0-4303-a72a-c3b15076ab0b-SegmentedRaftLogWorker:Storage Directory /workdir/hadoop-ozone/integration-test/target/test-dir/MiniOzoneClusterImpl-b9007246-1341-44ba-8eb7-22f06fb20b9c/datanode-1/data/ratis/c4074c19-c9a1-482a-9745-d2ef0fd8e838 for RaftStorage:Storage Directory /workdir/hadoop-ozone/integration-test/target/test-dir/MiniOzoneClusterImpl-b9007246-1341-44ba-8eb7-22f06fb20b9c/datanode-1/data/ratis/c4074c19-c9a1-482a-9745-d2ef0fd8e838
2019-09-05 09:21:53,321 [pool-461-thread-1] INFO  server.RaftServerConfigKeys (ConfUtils.java:logGet(43)) - raft.server.log.statemachine.data.caching.enabled = true (custom)
2019-09-05 09:21:53,321 [pool-439-thread-1] INFO  server.RaftServerConfigKeys (ConfUtils.java:logGet(43)) - raft.server.log.queue.byte-limit = 2147483647 (custom)
2019-09-05 09:21:53,321 [pool-450-thread-1] INFO  server.RaftServerConfigKeys (ConfUtils.java:logGet(43)) - raft.server.log.queue.byte-limit = 2147483647 (custom)
2019-09-05 09:21:53,321 [pool-439-thread-1] INFO  server.RaftServerConfigKeys (ConfUtils.java:logGet(43)) - raft.server.log.queue.element-limit = 1024 (custom)
2019-09-05 09:21:53,321 [pool-461-thread-1] INFO  segmented.SegmentedRaftLogWorker (SegmentedRaftLogWorker.java:lambda$new$0(132)) - a4e26f5e-71d2-4796-80a4-c2297629d93f-SegmentedRaftLogWorker:Storage Directory /workdir/hadoop-ozone/integration-test/target/test-dir/MiniOzoneClusterImpl-b9007246-1341-44ba-8eb7-22f06fb20b9c/datanode-2/data/ratis/c4074c19-c9a1-482a-9745-d2ef0fd8e838: flushIndex: setUnconditionally 0 -> -1
2019-09-05 09:21:53,321 [pool-439-thread-1] INFO  server.RaftServerConfigKeys (ConfUtils.java:logGet(43)) - raft.server.log.segment.size.max = 1048576 (custom)
2019-09-05 09:21:53,321 [pool-450-thread-1] INFO  server.RaftServerConfigKeys (ConfUtils.java:logGet(43)) - raft.server.log.queue.element-limit = 1024 (custom)
2019-09-05 09:21:53,322 [pool-461-thread-1] INFO  server.RaftServerConfigKeys (ConfUtils.java:logGet(43)) - raft.server.snapshot.auto.trigger.enabled = true (custom)
2019-09-05 09:21:53,322 [pool-439-thread-1] INFO  server.RaftServerConfigKeys (ConfUtils.java:logGet(43)) - raft.server.log.preallocated.size = 16384 (custom)
2019-09-05 09:21:53,322 [pool-461-thread-1] INFO  server.RaftServerConfigKeys (ConfUtils.java:logGet(43)) - raft.server.snapshot.auto.trigger.threshold = 10000 (custom)
2019-09-05 09:21:53,322 [pool-450-thread-1] INFO  server.RaftServerConfigKeys (ConfUtils.java:logGet(43)) - raft.server.log.segment.size.max = 1048576 (custom)
2019-09-05 09:21:53,322 [pool-461-thread-1] INFO  server.RaftServerConfigKeys (ConfUtils.java:logGet(43)) - raft.server.retrycache.expirytime = 600000ms (custom)
2019-09-05 09:21:53,322 [pool-439-thread-1] INFO  server.RaftServerConfigKeys (ConfUtils.java:logGet(43)) - raft.server.log.write.buffer.size = 33554432 (custom)
2019-09-05 09:21:53,323 [pool-461-thread-1] INFO  impl.RaftServerImpl (RaftServerImpl.java:start(180)) - a4e26f5e-71d2-4796-80a4-c2297629d93f: start group-D2EF0FD8E838
2019-09-05 09:21:53,322 [pool-450-thread-1] INFO  server.RaftServerConfigKeys (ConfUtils.java:logGet(43)) - raft.server.log.preallocated.size = 16384 (custom)
2019-09-05 09:21:53,323 [pool-461-thread-1] INFO  impl.RaftServerImpl (RaftServerImpl.java:setRole(171)) - a4e26f5e-71d2-4796-80a4-c2297629d93f:group-D2EF0FD8E838 changes role from null to FOLLOWER at term 0 for startAsFollower
2019-09-05 09:21:53,323 [pool-439-thread-1] INFO  server.RaftServerConfigKeys (ConfUtils.java:logGet(43)) - raft.server.log.force.sync.num = 128 (default)
2019-09-05 09:21:53,323 [pool-461-thread-1] INFO  impl.RoleInfo (RoleInfo.java:updateAndGet(143)) - a4e26f5e-71d2-4796-80a4-c2297629d93f: start FollowerState
2019-09-05 09:21:53,323 [pool-450-thread-1] INFO  server.RaftServerConfigKeys (ConfUtils.java:logGet(43)) - raft.server.log.write.buffer.size = 33554432 (custom)
2019-09-05 09:21:53,323 [pool-439-thread-1] INFO  server.RaftServerConfigKeys (ConfUtils.java:logGet(43)) - raft.server.log.statemachine.data.sync = true (default)
2019-09-05 09:21:53,323 [pool-450-thread-1] INFO  server.RaftServerConfigKeys (ConfUtils.java:logGet(43)) - raft.server.log.force.sync.num = 128 (default)
2019-09-05 09:21:53,324 [pool-461-thread-1] INFO  util.JmxRegister (JmxRegister.java:tryRegister(44)) - Successfully registered JMX Bean with object name Ratis:service=RaftServer,group=group-D2EF0FD8E838,id=a4e26f5e-71d2-4796-80a4-c2297629d93f
2019-09-05 09:21:53,324 [pool-450-thread-1] INFO  server.RaftServerConfigKeys (ConfUtils.java:logGet(43)) - raft.server.log.statemachine.data.sync = true (default)
2019-09-05 09:21:53,324 [pool-439-thread-1] INFO  server.RaftServerConfigKeys (ConfUtils.java:logGet(43)) - raft.server.log.statemachine.data.sync.timeout = 10s (default)
2019-09-05 09:21:53,324 [pool-450-thread-1] INFO  server.RaftServerConfigKeys (ConfUtils.java:logGet(43)) - raft.server.log.statemachine.data.sync.timeout = 10s (default)
2019-09-05 09:21:53,324 [pool-439-thread-1] INFO  server.RaftServerConfigKeys (ConfUtils.java:logGet(43)) - raft.server.log.statemachine.data.sync.timeout.retry = -1 (default)
2019-09-05 09:21:53,324 [pool-450-thread-1] INFO  server.RaftServerConfigKeys (ConfUtils.java:logGet(43)) - raft.server.log.statemachine.data.sync.timeout.retry = -1 (default)
2019-09-05 09:21:53,324 [pool-439-thread-1] INFO  server.RaftServerConfigKeys (ConfUtils.java:logGet(43)) - raft.server.log.statemachine.data.caching.enabled = true (custom)
2019-09-05 09:21:53,324 [pool-450-thread-1] INFO  server.RaftServerConfigKeys (ConfUtils.java:logGet(43)) - raft.server.log.statemachine.data.caching.enabled = true (custom)
2019-09-05 09:21:53,325 [pool-450-thread-1] INFO  segmented.SegmentedRaftLogWorker (SegmentedRaftLogWorker.java:lambda$new$0(132)) - 07be2058-8bf0-4303-a72a-c3b15076ab0b-SegmentedRaftLogWorker:Storage Directory /workdir/hadoop-ozone/integration-test/target/test-dir/MiniOzoneClusterImpl-b9007246-1341-44ba-8eb7-22f06fb20b9c/datanode-1/data/ratis/c4074c19-c9a1-482a-9745-d2ef0fd8e838: flushIndex: setUnconditionally 0 -> -1
2019-09-05 09:21:53,325 [pool-439-thread-1] INFO  segmented.SegmentedRaftLogWorker (SegmentedRaftLogWorker.java:lambda$new$0(132)) - 6f14a04a-44e3-4557-80c9-ddee849029a0-SegmentedRaftLogWorker:Storage Directory /workdir/hadoop-ozone/integration-test/target/test-dir/MiniOzoneClusterImpl-b9007246-1341-44ba-8eb7-22f06fb20b9c/datanode-0/data/ratis/c4074c19-c9a1-482a-9745-d2ef0fd8e838: flushIndex: setUnconditionally 0 -> -1
2019-09-05 09:21:53,325 [pool-450-thread-1] INFO  server.RaftServerConfigKeys (ConfUtils.java:logGet(43)) - raft.server.snapshot.auto.trigger.enabled = true (custom)
2019-09-05 09:21:53,325 [pool-450-thread-1] INFO  server.RaftServerConfigKeys (ConfUtils.java:logGet(43)) - raft.server.snapshot.auto.trigger.threshold = 10000 (custom)
2019-09-05 09:21:53,325 [pool-439-thread-1] INFO  server.RaftServerConfigKeys (ConfUtils.java:logGet(43)) - raft.server.snapshot.auto.trigger.enabled = true (custom)
2019-09-05 09:21:53,325 [pool-450-thread-1] INFO  server.RaftServerConfigKeys (ConfUtils.java:logGet(43)) - raft.server.retrycache.expirytime = 600000ms (custom)
2019-09-05 09:21:53,325 [pool-439-thread-1] INFO  server.RaftServerConfigKeys (ConfUtils.java:logGet(43)) - raft.server.snapshot.auto.trigger.threshold = 10000 (custom)
2019-09-05 09:21:53,325 [pool-450-thread-1] INFO  impl.RaftServerImpl (RaftServerImpl.java:start(180)) - 07be2058-8bf0-4303-a72a-c3b15076ab0b: start group-D2EF0FD8E838
2019-09-05 09:21:53,326 [pool-439-thread-1] INFO  server.RaftServerConfigKeys (ConfUtils.java:logGet(43)) - raft.server.retrycache.expirytime = 600000ms (custom)
2019-09-05 09:21:53,326 [pool-450-thread-1] INFO  impl.RaftServerImpl (RaftServerImpl.java:setRole(171)) - 07be2058-8bf0-4303-a72a-c3b15076ab0b:group-D2EF0FD8E838 changes role from null to FOLLOWER at term 0 for startAsFollower
2019-09-05 09:21:53,326 [pool-439-thread-1] INFO  impl.RaftServerImpl (RaftServerImpl.java:start(180)) - 6f14a04a-44e3-4557-80c9-ddee849029a0: start group-D2EF0FD8E838
2019-09-05 09:21:53,326 [pool-450-thread-1] INFO  impl.RoleInfo (RoleInfo.java:updateAndGet(143)) - 07be2058-8bf0-4303-a72a-c3b15076ab0b: start FollowerState
2019-09-05 09:21:53,326 [pool-439-thread-1] INFO  impl.RaftServerImpl (RaftServerImpl.java:setRole(171)) - 6f14a04a-44e3-4557-80c9-ddee849029a0:group-D2EF0FD8E838 changes role from null to FOLLOWER at term 0 for startAsFollower
2019-09-05 09:21:53,326 [pool-439-thread-1] INFO  impl.RoleInfo (RoleInfo.java:updateAndGet(143)) - 6f14a04a-44e3-4557-80c9-ddee849029a0: start FollowerState
2019-09-05 09:21:53,337 [pool-450-thread-1] INFO  util.JmxRegister (JmxRegister.java:tryRegister(44)) - Successfully registered JMX Bean with object name Ratis:service=RaftServer,group=group-D2EF0FD8E838,id=07be2058-8bf0-4303-a72a-c3b15076ab0b
2019-09-05 09:21:53,337 [pool-439-thread-1] INFO  util.JmxRegister (JmxRegister.java:tryRegister(44)) - Successfully registered JMX Bean with object name Ratis:service=RaftServer,group=group-D2EF0FD8E838,id=6f14a04a-44e3-4557-80c9-ddee849029a0
2019-09-05 09:21:53,348 [RatisPipelineUtilsThread] INFO  pipeline.PipelineStateManager (PipelineStateManager.java:addPipeline(56)) - Created pipeline Pipeline[ Id: c4074c19-c9a1-482a-9745-d2ef0fd8e838, Nodes: 07be2058-8bf0-4303-a72a-c3b15076ab0b{ip: 192.168.69.66, host: pr-hdds-1571-bldfb-3674279559, networkLocation: /default-rack, certSerialId: null}a4e26f5e-71d2-4796-80a4-c2297629d93f{ip: 192.168.69.66, host: pr-hdds-1571-bldfb-3674279559, networkLocation: /default-rack, certSerialId: null}6f14a04a-44e3-4557-80c9-ddee849029a0{ip: 192.168.69.66, host: pr-hdds-1571-bldfb-3674279559, networkLocation: /default-rack, certSerialId: null}, Type:RATIS, Factor:THREE, State:OPEN]
2019-09-05 09:21:53,620 [IPC Server handler 6 on 39170] INFO  net.NetworkTopology (NetworkTopologyImpl.java:add(110)) - Added a new node: /default-rack/a3cbdde1-725c-4ca4-8d7a-a782c47315d1
2019-09-05 09:21:53,620 [IPC Server handler 6 on 39170] INFO  node.SCMNodeManager (SCMNodeManager.java:register(273)) - Registered Data node : a3cbdde1-725c-4ca4-8d7a-a782c47315d1{ip: 192.168.69.66, host: pr-hdds-1571-bldfb-3674279559, networkLocation: /default-rack, certSerialId: null}
2019-09-05 09:21:53,620 | INFO  | SCMAudit | user=jenkins1000 | ip=192.168.69.66 | op=REGISTER {datanodeDetails=a3cbdde1-725c-4ca4-8d7a-a782c47315d1{ip: 192.168.69.66, host: pr-hdds-1571-bldfb-3674279559, networkLocation: /default-rack, certSerialId: null}} | ret=SUCCESS |  
2019-09-05 09:21:53,630 [grpc-default-executor-7] INFO  impl.RaftServerProxy (RaftServerProxy.java:addNew(89)) - a3cbdde1-725c-4ca4-8d7a-a782c47315d1: addNew group-CC4594B06F2D:[a3cbdde1-725c-4ca4-8d7a-a782c47315d1:192.168.69.66:43393] returns group-CC4594B06F2D:java.util.concurrent.CompletableFuture@4391f1f2[Not completed]
2019-09-05 09:21:53,632 [pool-472-thread-1] INFO  impl.RaftServerImpl (RaftServerImpl.java:<init>(93)) - a3cbdde1-725c-4ca4-8d7a-a782c47315d1: new RaftServerImpl for group-CC4594B06F2D:[a3cbdde1-725c-4ca4-8d7a-a782c47315d1:192.168.69.66:43393] with ContainerStateMachine:uninitialized
2019-09-05 09:21:53,632 [pool-472-thread-1] INFO  server.RaftServerConfigKeys (ConfUtils.java:logGet(43)) - raft.server.rpc.timeout.min = 5s (custom)
2019-09-05 09:21:53,633 [pool-472-thread-1] INFO  server.RaftServerConfigKeys (ConfUtils.java:logGet(43)) - raft.server.rpc.timeout.max = 5200ms (custom)
2019-09-05 09:21:53,633 [pool-472-thread-1] INFO  server.RaftServerConfigKeys (ConfUtils.java:logGet(43)) - raft.server.rpcslowness.timeout = 120s (custom)
2019-09-05 09:21:53,633 [pool-472-thread-1] INFO  server.RaftServerConfigKeys (ConfUtils.java:logGet(43)) - raft.server.sleep.deviation.threshold = 300 (default)
2019-09-05 09:21:53,633 [pool-472-thread-1] INFO  server.RaftServerConfigKeys (ConfUtils.java:logGet(43)) - raft.server.log.appender.install.snapshot.enabled = false (custom)
2019-09-05 09:21:53,633 [pool-472-thread-1] INFO  impl.RaftServerImpl (ServerState.java:<init>(105)) - a3cbdde1-725c-4ca4-8d7a-a782c47315d1:group-CC4594B06F2D ConfigurationManager, init=-1: [a3cbdde1-725c-4ca4-8d7a-a782c47315d1:192.168.69.66:43393], old=null, confs=<EMPTY_MAP>
2019-09-05 09:21:53,634 [pool-472-thread-1] INFO  server.RaftServerConfigKeys (ConfUtils.java:logGet(43)) - raft.server.storage.dir = [/workdir/hadoop-ozone/integration-test/target/test-dir/MiniOzoneClusterImpl-b9007246-1341-44ba-8eb7-22f06fb20b9c/datanode-3/data/ratis] (custom)
2019-09-05 09:21:53,634 [pool-472-thread-1] INFO  storage.RaftStorageDirectory (RaftStorageDirectory.java:analyzeStorage(246)) - The storage directory /workdir/hadoop-ozone/integration-test/target/test-dir/MiniOzoneClusterImpl-b9007246-1341-44ba-8eb7-22f06fb20b9c/datanode-3/data/ratis/0820d340-4766-4abd-9305-cc4594b06f2d does not exist. Creating ...
2019-09-05 09:21:53,652 [pool-472-thread-1] INFO  storage.RaftStorageDirectory (RaftStorageDirectory.java:tryLock(328)) - Lock on /workdir/hadoop-ozone/integration-test/target/test-dir/MiniOzoneClusterImpl-b9007246-1341-44ba-8eb7-22f06fb20b9c/datanode-3/data/ratis/0820d340-4766-4abd-9305-cc4594b06f2d/in_use.lock acquired by nodename 17063@pr-hdds-1571-bldfb-3674279559
2019-09-05 09:21:53,674 [pool-472-thread-1] INFO  storage.RaftStorage (RaftStorage.java:format(72)) - Storage directory /workdir/hadoop-ozone/integration-test/target/test-dir/MiniOzoneClusterImpl-b9007246-1341-44ba-8eb7-22f06fb20b9c/datanode-3/data/ratis/0820d340-4766-4abd-9305-cc4594b06f2d has been successfully formatted.
2019-09-05 09:21:53,674 [pool-472-thread-1] INFO  ratis.ContainerStateMachine (ContainerStateMachine.java:loadSnapshot(226)) - group-CC4594B06F2D: The snapshot info is null. Setting the last applied indexto:(t:0, i:~)
2019-09-05 09:21:53,674 [pool-472-thread-1] INFO  server.RaftServerConfigKeys (ConfUtils.java:logGet(43)) - raft.server.leader.election.timeout = 120s (custom)
2019-09-05 09:21:53,674 [pool-472-thread-1] INFO  server.RaftServerConfigKeys (ConfUtils.java:logGet(43)) - raft.server.log.use.memory = false (default)
2019-09-05 09:21:53,674 [pool-472-thread-1] INFO  server.RaftServerConfigKeys (ConfUtils.java:logGet(43)) - raft.server.log.purge.gap = 1000000 (custom)
2019-09-05 09:21:53,675 [pool-472-thread-1] INFO  server.RaftServerConfigKeys (ConfUtils.java:logGet(43)) - raft.server.log.appender.buffer.byte-limit = 33554432 (custom)
2019-09-05 09:21:53,675 [pool-472-thread-1] INFO  server.RaftServerConfigKeys (ConfUtils.java:logGet(43)) - raft.server.log.segment.size.max = 1048576 (custom)
2019-09-05 09:21:53,675 [pool-472-thread-1] INFO  server.RaftServerConfigKeys (ConfUtils.java:logGet(43)) - raft.server.log.segment.cache.num.max = 2 (custom)
2019-09-05 09:21:53,675 [pool-472-thread-1] INFO  segmented.SegmentedRaftLogWorker (SegmentedRaftLogWorker.java:<init>(172)) - new a3cbdde1-725c-4ca4-8d7a-a782c47315d1-SegmentedRaftLogWorker:Storage Directory /workdir/hadoop-ozone/integration-test/target/test-dir/MiniOzoneClusterImpl-b9007246-1341-44ba-8eb7-22f06fb20b9c/datanode-3/data/ratis/0820d340-4766-4abd-9305-cc4594b06f2d for RaftStorage:Storage Directory /workdir/hadoop-ozone/integration-test/target/test-dir/MiniOzoneClusterImpl-b9007246-1341-44ba-8eb7-22f06fb20b9c/datanode-3/data/ratis/0820d340-4766-4abd-9305-cc4594b06f2d
2019-09-05 09:21:53,675 [pool-472-thread-1] INFO  server.RaftServerConfigKeys (ConfUtils.java:logGet(43)) - raft.server.log.queue.byte-limit = 2147483647 (custom)
2019-09-05 09:21:53,676 [pool-472-thread-1] INFO  server.RaftServerConfigKeys (ConfUtils.java:logGet(43)) - raft.server.log.queue.element-limit = 1024 (custom)
2019-09-05 09:21:53,676 [pool-472-thread-1] INFO  server.RaftServerConfigKeys (ConfUtils.java:logGet(43)) - raft.server.log.segment.size.max = 1048576 (custom)
2019-09-05 09:21:53,676 [pool-472-thread-1] INFO  server.RaftServerConfigKeys (ConfUtils.java:logGet(43)) - raft.server.log.preallocated.size = 16384 (custom)
2019-09-05 09:21:53,677 [pool-472-thread-1] INFO  server.RaftServerConfigKeys (ConfUtils.java:logGet(43)) - raft.server.log.write.buffer.size = 33554432 (custom)
2019-09-05 09:21:53,677 [pool-472-thread-1] INFO  server.RaftServerConfigKeys (ConfUtils.java:logGet(43)) - raft.server.log.force.sync.num = 128 (default)
2019-09-05 09:21:53,677 [pool-472-thread-1] INFO  server.RaftServerConfigKeys (ConfUtils.java:logGet(43)) - raft.server.log.statemachine.data.sync = true (default)
2019-09-05 09:21:53,677 [pool-472-thread-1] INFO  server.RaftServerConfigKeys (ConfUtils.java:logGet(43)) - raft.server.log.statemachine.data.sync.timeout = 10s (default)
2019-09-05 09:21:53,677 [pool-472-thread-1] INFO  server.RaftServerConfigKeys (ConfUtils.java:logGet(43)) - raft.server.log.statemachine.data.sync.timeout.retry = -1 (default)
2019-09-05 09:21:53,678 [pool-472-thread-1] INFO  server.RaftServerConfigKeys (ConfUtils.java:logGet(43)) - raft.server.log.statemachine.data.caching.enabled = true (custom)
2019-09-05 09:21:53,679 [pool-472-thread-1] INFO  segmented.SegmentedRaftLogWorker (SegmentedRaftLogWorker.java:lambda$new$0(132)) - a3cbdde1-725c-4ca4-8d7a-a782c47315d1-SegmentedRaftLogWorker:Storage Directory /workdir/hadoop-ozone/integration-test/target/test-dir/MiniOzoneClusterImpl-b9007246-1341-44ba-8eb7-22f06fb20b9c/datanode-3/data/ratis/0820d340-4766-4abd-9305-cc4594b06f2d: flushIndex: setUnconditionally 0 -> -1
2019-09-05 09:21:53,679 [pool-472-thread-1] INFO  server.RaftServerConfigKeys (ConfUtils.java:logGet(43)) - raft.server.snapshot.auto.trigger.enabled = true (custom)
2019-09-05 09:21:53,679 [pool-472-thread-1] INFO  server.RaftServerConfigKeys (ConfUtils.java:logGet(43)) - raft.server.snapshot.auto.trigger.threshold = 10000 (custom)
2019-09-05 09:21:53,680 [pool-472-thread-1] INFO  server.RaftServerConfigKeys (ConfUtils.java:logGet(43)) - raft.server.retrycache.expirytime = 600000ms (custom)
2019-09-05 09:21:53,680 [pool-472-thread-1] INFO  impl.RaftServerImpl (RaftServerImpl.java:start(180)) - a3cbdde1-725c-4ca4-8d7a-a782c47315d1: start group-CC4594B06F2D
2019-09-05 09:21:53,680 [pool-472-thread-1] INFO  impl.RaftServerImpl (RaftServerImpl.java:setRole(171)) - a3cbdde1-725c-4ca4-8d7a-a782c47315d1:group-CC4594B06F2D changes role from null to FOLLOWER at term 0 for startAsFollower
2019-09-05 09:21:53,680 [pool-472-thread-1] INFO  impl.RoleInfo (RoleInfo.java:updateAndGet(143)) - a3cbdde1-725c-4ca4-8d7a-a782c47315d1: start FollowerState
2019-09-05 09:21:53,680 [pool-472-thread-1] INFO  util.JmxRegister (JmxRegister.java:tryRegister(44)) - Successfully registered JMX Bean with object name Ratis:service=RaftServer,group=group-CC4594B06F2D,id=a3cbdde1-725c-4ca4-8d7a-a782c47315d1
2019-09-05 09:21:53,683 [RatisPipelineUtilsThread] INFO  pipeline.PipelineStateManager (PipelineStateManager.java:addPipeline(56)) - Created pipeline Pipeline[ Id: 0820d340-4766-4abd-9305-cc4594b06f2d, Nodes: a3cbdde1-725c-4ca4-8d7a-a782c47315d1{ip: 192.168.69.66, host: pr-hdds-1571-bldfb-3674279559, networkLocation: /default-rack, certSerialId: null}, Type:RATIS, Factor:ONE, State:OPEN]
2019-09-05 09:21:53,806 [IPC Server handler 1 on 39170] INFO  net.NetworkTopology (NetworkTopologyImpl.java:add(110)) - Added a new node: /default-rack/4b28f000-a8b5-4c6a-8a19-100693708a3e
2019-09-05 09:21:53,806 [IPC Server handler 1 on 39170] INFO  node.SCMNodeManager (SCMNodeManager.java:register(273)) - Registered Data node : 4b28f000-a8b5-4c6a-8a19-100693708a3e{ip: 192.168.69.66, host: pr-hdds-1571-bldfb-3674279559, networkLocation: /default-rack, certSerialId: null}
2019-09-05 09:21:53,806 | INFO  | SCMAudit | user=jenkins1000 | ip=192.168.69.66 | op=REGISTER {datanodeDetails=4b28f000-a8b5-4c6a-8a19-100693708a3e{ip: 192.168.69.66, host: pr-hdds-1571-bldfb-3674279559, networkLocation: /default-rack, certSerialId: null}} | ret=SUCCESS |  
2019-09-05 09:21:53,813 [grpc-default-executor-7] INFO  impl.RaftServerProxy (RaftServerProxy.java:addNew(89)) - 4b28f000-a8b5-4c6a-8a19-100693708a3e: addNew group-E3993E31E87A:[4b28f000-a8b5-4c6a-8a19-100693708a3e:192.168.69.66:34429] returns group-E3993E31E87A:java.util.concurrent.CompletableFuture@4a14a316[Not completed]
2019-09-05 09:21:53,815 [pool-483-thread-1] INFO  impl.RaftServerImpl (RaftServerImpl.java:<init>(93)) - 4b28f000-a8b5-4c6a-8a19-100693708a3e: new RaftServerImpl for group-E3993E31E87A:[4b28f000-a8b5-4c6a-8a19-100693708a3e:192.168.69.66:34429] with ContainerStateMachine:uninitialized
2019-09-05 09:21:53,815 [pool-483-thread-1] INFO  server.RaftServerConfigKeys (ConfUtils.java:logGet(43)) - raft.server.rpc.timeout.min = 5s (custom)
2019-09-05 09:21:53,815 [pool-483-thread-1] INFO  server.RaftServerConfigKeys (ConfUtils.java:logGet(43)) - raft.server.rpc.timeout.max = 5200ms (custom)
2019-09-05 09:21:53,815 [pool-483-thread-1] INFO  server.RaftServerConfigKeys (ConfUtils.java:logGet(43)) - raft.server.rpcslowness.timeout = 120s (custom)
2019-09-05 09:21:53,815 [pool-483-thread-1] INFO  server.RaftServerConfigKeys (ConfUtils.java:logGet(43)) - raft.server.sleep.deviation.threshold = 300 (default)
2019-09-05 09:21:53,815 [pool-483-thread-1] INFO  server.RaftServerConfigKeys (ConfUtils.java:logGet(43)) - raft.server.log.appender.install.snapshot.enabled = false (custom)
2019-09-05 09:21:53,816 [pool-483-thread-1] INFO  impl.RaftServerImpl (ServerState.java:<init>(105)) - 4b28f000-a8b5-4c6a-8a19-100693708a3e:group-E3993E31E87A ConfigurationManager, init=-1: [4b28f000-a8b5-4c6a-8a19-100693708a3e:192.168.69.66:34429], old=null, confs=<EMPTY_MAP>
2019-09-05 09:21:53,816 [pool-483-thread-1] INFO  server.RaftServerConfigKeys (ConfUtils.java:logGet(43)) - raft.server.storage.dir = [/workdir/hadoop-ozone/integration-test/target/test-dir/MiniOzoneClusterImpl-b9007246-1341-44ba-8eb7-22f06fb20b9c/datanode-4/data/ratis] (custom)
2019-09-05 09:21:53,816 [pool-483-thread-1] INFO  storage.RaftStorageDirectory (RaftStorageDirectory.java:analyzeStorage(246)) - The storage directory /workdir/hadoop-ozone/integration-test/target/test-dir/MiniOzoneClusterImpl-b9007246-1341-44ba-8eb7-22f06fb20b9c/datanode-4/data/ratis/a2793707-3d34-4f6c-a51b-e3993e31e87a does not exist. Creating ...
2019-09-05 09:21:53,845 [pool-483-thread-1] INFO  storage.RaftStorageDirectory (RaftStorageDirectory.java:tryLock(328)) - Lock on /workdir/hadoop-ozone/integration-test/target/test-dir/MiniOzoneClusterImpl-b9007246-1341-44ba-8eb7-22f06fb20b9c/datanode-4/data/ratis/a2793707-3d34-4f6c-a51b-e3993e31e87a/in_use.lock acquired by nodename 17063@pr-hdds-1571-bldfb-3674279559
2019-09-05 09:21:53,870 [pool-483-thread-1] INFO  storage.RaftStorage (RaftStorage.java:format(72)) - Storage directory /workdir/hadoop-ozone/integration-test/target/test-dir/MiniOzoneClusterImpl-b9007246-1341-44ba-8eb7-22f06fb20b9c/datanode-4/data/ratis/a2793707-3d34-4f6c-a51b-e3993e31e87a has been successfully formatted.
2019-09-05 09:21:53,870 [pool-483-thread-1] INFO  ratis.ContainerStateMachine (ContainerStateMachine.java:loadSnapshot(226)) - group-E3993E31E87A: The snapshot info is null. Setting the last applied indexto:(t:0, i:~)
2019-09-05 09:21:53,871 [pool-483-thread-1] INFO  server.RaftServerConfigKeys (ConfUtils.java:logGet(43)) - raft.server.leader.election.timeout = 120s (custom)
2019-09-05 09:21:53,871 [pool-483-thread-1] INFO  server.RaftServerConfigKeys (ConfUtils.java:logGet(43)) - raft.server.log.use.memory = false (default)
2019-09-05 09:21:53,871 [pool-483-thread-1] INFO  server.RaftServerConfigKeys (ConfUtils.java:logGet(43)) - raft.server.log.purge.gap = 1000000 (custom)
2019-09-05 09:21:53,871 [pool-483-thread-1] INFO  server.RaftServerConfigKeys (ConfUtils.java:logGet(43)) - raft.server.log.appender.buffer.byte-limit = 33554432 (custom)
2019-09-05 09:21:53,871 [pool-483-thread-1] INFO  server.RaftServerConfigKeys (ConfUtils.java:logGet(43)) - raft.server.log.segment.size.max = 1048576 (custom)
2019-09-05 09:21:53,871 [pool-483-thread-1] INFO  server.RaftServerConfigKeys (ConfUtils.java:logGet(43)) - raft.server.log.segment.cache.num.max = 2 (custom)
2019-09-05 09:21:53,871 [pool-483-thread-1] INFO  segmented.SegmentedRaftLogWorker (SegmentedRaftLogWorker.java:<init>(172)) - new 4b28f000-a8b5-4c6a-8a19-100693708a3e-SegmentedRaftLogWorker:Storage Directory /workdir/hadoop-ozone/integration-test/target/test-dir/MiniOzoneClusterImpl-b9007246-1341-44ba-8eb7-22f06fb20b9c/datanode-4/data/ratis/a2793707-3d34-4f6c-a51b-e3993e31e87a for RaftStorage:Storage Directory /workdir/hadoop-ozone/integration-test/target/test-dir/MiniOzoneClusterImpl-b9007246-1341-44ba-8eb7-22f06fb20b9c/datanode-4/data/ratis/a2793707-3d34-4f6c-a51b-e3993e31e87a
2019-09-05 09:21:53,872 [pool-483-thread-1] INFO  server.RaftServerConfigKeys (ConfUtils.java:logGet(43)) - raft.server.log.queue.byte-limit = 2147483647 (custom)
2019-09-05 09:21:53,872 [pool-483-thread-1] INFO  server.RaftServerConfigKeys (ConfUtils.java:logGet(43)) - raft.server.log.queue.element-limit = 1024 (custom)
2019-09-05 09:21:53,872 [pool-483-thread-1] INFO  server.RaftServerConfigKeys (ConfUtils.java:logGet(43)) - raft.server.log.segment.size.max = 1048576 (custom)
2019-09-05 09:21:53,872 [pool-483-thread-1] INFO  server.RaftServerConfigKeys (ConfUtils.java:logGet(43)) - raft.server.log.preallocated.size = 16384 (custom)
2019-09-05 09:21:53,872 [pool-483-thread-1] INFO  server.RaftServerConfigKeys (ConfUtils.java:logGet(43)) - raft.server.log.write.buffer.size = 33554432 (custom)
2019-09-05 09:21:53,872 [pool-483-thread-1] INFO  server.RaftServerConfigKeys (ConfUtils.java:logGet(43)) - raft.server.log.force.sync.num = 128 (default)
2019-09-05 09:21:53,873 [pool-483-thread-1] INFO  server.RaftServerConfigKeys (ConfUtils.java:logGet(43)) - raft.server.log.statemachine.data.sync = true (default)
2019-09-05 09:21:53,873 [pool-483-thread-1] INFO  server.RaftServerConfigKeys (ConfUtils.java:logGet(43)) - raft.server.log.statemachine.data.sync.timeout = 10s (default)
2019-09-05 09:21:53,873 [pool-483-thread-1] INFO  server.RaftServerConfigKeys (ConfUtils.java:logGet(43)) - raft.server.log.statemachine.data.sync.timeout.retry = -1 (default)
2019-09-05 09:21:53,873 [pool-483-thread-1] INFO  server.RaftServerConfigKeys (ConfUtils.java:logGet(43)) - raft.server.log.statemachine.data.caching.enabled = true (custom)
2019-09-05 09:21:53,873 [pool-483-thread-1] INFO  segmented.SegmentedRaftLogWorker (SegmentedRaftLogWorker.java:lambda$new$0(132)) - 4b28f000-a8b5-4c6a-8a19-100693708a3e-SegmentedRaftLogWorker:Storage Directory /workdir/hadoop-ozone/integration-test/target/test-dir/MiniOzoneClusterImpl-b9007246-1341-44ba-8eb7-22f06fb20b9c/datanode-4/data/ratis/a2793707-3d34-4f6c-a51b-e3993e31e87a: flushIndex: setUnconditionally 0 -> -1
2019-09-05 09:21:53,874 [pool-483-thread-1] INFO  server.RaftServerConfigKeys (ConfUtils.java:logGet(43)) - raft.server.snapshot.auto.trigger.enabled = true (custom)
2019-09-05 09:21:53,874 [pool-483-thread-1] INFO  server.RaftServerConfigKeys (ConfUtils.java:logGet(43)) - raft.server.snapshot.auto.trigger.threshold = 10000 (custom)
2019-09-05 09:21:53,874 [pool-483-thread-1] INFO  server.RaftServerConfigKeys (ConfUtils.java:logGet(43)) - raft.server.retrycache.expirytime = 600000ms (custom)
2019-09-05 09:21:53,874 [pool-483-thread-1] INFO  impl.RaftServerImpl (RaftServerImpl.java:start(180)) - 4b28f000-a8b5-4c6a-8a19-100693708a3e: start group-E3993E31E87A
2019-09-05 09:21:53,874 [pool-483-thread-1] INFO  impl.RaftServerImpl (RaftServerImpl.java:setRole(171)) - 4b28f000-a8b5-4c6a-8a19-100693708a3e:group-E3993E31E87A changes role from null to FOLLOWER at term 0 for startAsFollower
2019-09-05 09:21:53,875 [pool-483-thread-1] INFO  impl.RoleInfo (RoleInfo.java:updateAndGet(143)) - 4b28f000-a8b5-4c6a-8a19-100693708a3e: start FollowerState
2019-09-05 09:21:53,875 [pool-483-thread-1] INFO  util.JmxRegister (JmxRegister.java:tryRegister(44)) - Successfully registered JMX Bean with object name Ratis:service=RaftServer,group=group-E3993E31E87A,id=4b28f000-a8b5-4c6a-8a19-100693708a3e
2019-09-05 09:21:53,877 [RatisPipelineUtilsThread] INFO  pipeline.PipelineStateManager (PipelineStateManager.java:addPipeline(56)) - Created pipeline Pipeline[ Id: a2793707-3d34-4f6c-a51b-e3993e31e87a, Nodes: 4b28f000-a8b5-4c6a-8a19-100693708a3e{ip: 192.168.69.66, host: pr-hdds-1571-bldfb-3674279559, networkLocation: /default-rack, certSerialId: null}, Type:RATIS, Factor:ONE, State:OPEN]
2019-09-05 09:21:53,986 [IPC Server handler 2 on 39170] INFO  net.NetworkTopology (NetworkTopologyImpl.java:add(110)) - Added a new node: /default-rack/b2a92dac-af4e-4db5-a88e-fdb3e4195e5b
2019-09-05 09:21:53,986 [IPC Server handler 2 on 39170] INFO  node.SCMNodeManager (SCMNodeManager.java:register(273)) - Registered Data node : b2a92dac-af4e-4db5-a88e-fdb3e4195e5b{ip: 192.168.69.66, host: pr-hdds-1571-bldfb-3674279559, networkLocation: /default-rack, certSerialId: null}
2019-09-05 09:21:53,989 | INFO  | SCMAudit | user=jenkins1000 | ip=192.168.69.66 | op=REGISTER {datanodeDetails=b2a92dac-af4e-4db5-a88e-fdb3e4195e5b{ip: 192.168.69.66, host: pr-hdds-1571-bldfb-3674279559, networkLocation: /default-rack, certSerialId: null}} | ret=SUCCESS |  
2019-09-05 09:21:53,996 [grpc-default-executor-7] INFO  impl.RaftServerProxy (RaftServerProxy.java:addNew(89)) - b2a92dac-af4e-4db5-a88e-fdb3e4195e5b: addNew group-F41C6B952E9D:[b2a92dac-af4e-4db5-a88e-fdb3e4195e5b:192.168.69.66:38400] returns group-F41C6B952E9D:java.util.concurrent.CompletableFuture@67b9b8cd[Not completed]
2019-09-05 09:21:53,997 [pool-494-thread-1] INFO  impl.RaftServerImpl (RaftServerImpl.java:<init>(93)) - b2a92dac-af4e-4db5-a88e-fdb3e4195e5b: new RaftServerImpl for group-F41C6B952E9D:[b2a92dac-af4e-4db5-a88e-fdb3e4195e5b:192.168.69.66:38400] with ContainerStateMachine:uninitialized
2019-09-05 09:21:53,998 [pool-494-thread-1] INFO  server.RaftServerConfigKeys (ConfUtils.java:logGet(43)) - raft.server.rpc.timeout.min = 5s (custom)
2019-09-05 09:21:53,998 [pool-494-thread-1] INFO  server.RaftServerConfigKeys (ConfUtils.java:logGet(43)) - raft.server.rpc.timeout.max = 5200ms (custom)
2019-09-05 09:21:53,998 [pool-494-thread-1] INFO  server.RaftServerConfigKeys (ConfUtils.java:logGet(43)) - raft.server.rpcslowness.timeout = 120s (custom)
2019-09-05 09:21:53,998 [pool-494-thread-1] INFO  server.RaftServerConfigKeys (ConfUtils.java:logGet(43)) - raft.server.sleep.deviation.threshold = 300 (default)
2019-09-05 09:21:53,998 [pool-494-thread-1] INFO  server.RaftServerConfigKeys (ConfUtils.java:logGet(43)) - raft.server.log.appender.install.snapshot.enabled = false (custom)
2019-09-05 09:21:53,998 [pool-494-thread-1] INFO  impl.RaftServerImpl (ServerState.java:<init>(105)) - b2a92dac-af4e-4db5-a88e-fdb3e4195e5b:group-F41C6B952E9D ConfigurationManager, init=-1: [b2a92dac-af4e-4db5-a88e-fdb3e4195e5b:192.168.69.66:38400], old=null, confs=<EMPTY_MAP>
2019-09-05 09:21:53,999 [pool-494-thread-1] INFO  server.RaftServerConfigKeys (ConfUtils.java:logGet(43)) - raft.server.storage.dir = [/workdir/hadoop-ozone/integration-test/target/test-dir/MiniOzoneClusterImpl-b9007246-1341-44ba-8eb7-22f06fb20b9c/datanode-5/data/ratis] (custom)
2019-09-05 09:21:53,999 [pool-494-thread-1] INFO  storage.RaftStorageDirectory (RaftStorageDirectory.java:analyzeStorage(246)) - The storage directory /workdir/hadoop-ozone/integration-test/target/test-dir/MiniOzoneClusterImpl-b9007246-1341-44ba-8eb7-22f06fb20b9c/datanode-5/data/ratis/4249fafc-3574-4a40-85db-f41c6b952e9d does not exist. Creating ...
2019-09-05 09:21:54,017 [pool-494-thread-1] INFO  storage.RaftStorageDirectory (RaftStorageDirectory.java:tryLock(328)) - Lock on /workdir/hadoop-ozone/integration-test/target/test-dir/MiniOzoneClusterImpl-b9007246-1341-44ba-8eb7-22f06fb20b9c/datanode-5/data/ratis/4249fafc-3574-4a40-85db-f41c6b952e9d/in_use.lock acquired by nodename 17063@pr-hdds-1571-bldfb-3674279559
2019-09-05 09:21:54,035 [pool-494-thread-1] INFO  storage.RaftStorage (RaftStorage.java:format(72)) - Storage directory /workdir/hadoop-ozone/integration-test/target/test-dir/MiniOzoneClusterImpl-b9007246-1341-44ba-8eb7-22f06fb20b9c/datanode-5/data/ratis/4249fafc-3574-4a40-85db-f41c6b952e9d has been successfully formatted.
2019-09-05 09:21:54,035 [pool-494-thread-1] INFO  ratis.ContainerStateMachine (ContainerStateMachine.java:loadSnapshot(226)) - group-F41C6B952E9D: The snapshot info is null. Setting the last applied indexto:(t:0, i:~)
2019-09-05 09:21:54,036 [pool-494-thread-1] INFO  server.RaftServerConfigKeys (ConfUtils.java:logGet(43)) - raft.server.leader.election.timeout = 120s (custom)
2019-09-05 09:21:54,036 [pool-494-thread-1] INFO  server.RaftServerConfigKeys (ConfUtils.java:logGet(43)) - raft.server.log.use.memory = false (default)
2019-09-05 09:21:54,036 [pool-494-thread-1] INFO  server.RaftServerConfigKeys (ConfUtils.java:logGet(43)) - raft.server.log.purge.gap = 1000000 (custom)
2019-09-05 09:21:54,036 [pool-494-thread-1] INFO  server.RaftServerConfigKeys (ConfUtils.java:logGet(43)) - raft.server.log.appender.buffer.byte-limit = 33554432 (custom)
2019-09-05 09:21:54,036 [pool-494-thread-1] INFO  server.RaftServerConfigKeys (ConfUtils.java:logGet(43)) - raft.server.log.segment.size.max = 1048576 (custom)
2019-09-05 09:21:54,036 [pool-494-thread-1] INFO  server.RaftServerConfigKeys (ConfUtils.java:logGet(43)) - raft.server.log.segment.cache.num.max = 2 (custom)
2019-09-05 09:21:54,037 [pool-494-thread-1] INFO  segmented.SegmentedRaftLogWorker (SegmentedRaftLogWorker.java:<init>(172)) - new b2a92dac-af4e-4db5-a88e-fdb3e4195e5b-SegmentedRaftLogWorker:Storage Directory /workdir/hadoop-ozone/integration-test/target/test-dir/MiniOzoneClusterImpl-b9007246-1341-44ba-8eb7-22f06fb20b9c/datanode-5/data/ratis/4249fafc-3574-4a40-85db-f41c6b952e9d for RaftStorage:Storage Directory /workdir/hadoop-ozone/integration-test/target/test-dir/MiniOzoneClusterImpl-b9007246-1341-44ba-8eb7-22f06fb20b9c/datanode-5/data/ratis/4249fafc-3574-4a40-85db-f41c6b952e9d
2019-09-05 09:21:54,037 [pool-494-thread-1] INFO  server.RaftServerConfigKeys (ConfUtils.java:logGet(43)) - raft.server.log.queue.byte-limit = 2147483647 (custom)
2019-09-05 09:21:54,037 [pool-494-thread-1] INFO  server.RaftServerConfigKeys (ConfUtils.java:logGet(43)) - raft.server.log.queue.element-limit = 1024 (custom)
2019-09-05 09:21:54,037 [pool-494-thread-1] INFO  server.RaftServerConfigKeys (ConfUtils.java:logGet(43)) - raft.server.log.segment.size.max = 1048576 (custom)
2019-09-05 09:21:54,037 [pool-494-thread-1] INFO  server.RaftServerConfigKeys (ConfUtils.java:logGet(43)) - raft.server.log.preallocated.size = 16384 (custom)
2019-09-05 09:21:54,037 [pool-494-thread-1] INFO  server.RaftServerConfigKeys (ConfUtils.java:logGet(43)) - raft.server.log.write.buffer.size = 33554432 (custom)
2019-09-05 09:21:54,038 [pool-494-thread-1] INFO  server.RaftServerConfigKeys (ConfUtils.java:logGet(43)) - raft.server.log.force.sync.num = 128 (default)
2019-09-05 09:21:54,038 [pool-494-thread-1] INFO  server.RaftServerConfigKeys (ConfUtils.java:logGet(43)) - raft.server.log.statemachine.data.sync = true (default)
2019-09-05 09:21:54,038 [pool-494-thread-1] INFO  server.RaftServerConfigKeys (ConfUtils.java:logGet(43)) - raft.server.log.statemachine.data.sync.timeout = 10s (default)
2019-09-05 09:21:54,038 [pool-494-thread-1] INFO  server.RaftServerConfigKeys (ConfUtils.java:logGet(43)) - raft.server.log.statemachine.data.sync.timeout.retry = -1 (default)
2019-09-05 09:21:54,038 [pool-494-thread-1] INFO  server.RaftServerConfigKeys (ConfUtils.java:logGet(43)) - raft.server.log.statemachine.data.caching.enabled = true (custom)
2019-09-05 09:21:54,039 [pool-494-thread-1] INFO  segmented.SegmentedRaftLogWorker (SegmentedRaftLogWorker.java:lambda$new$0(132)) - b2a92dac-af4e-4db5-a88e-fdb3e4195e5b-SegmentedRaftLogWorker:Storage Directory /workdir/hadoop-ozone/integration-test/target/test-dir/MiniOzoneClusterImpl-b9007246-1341-44ba-8eb7-22f06fb20b9c/datanode-5/data/ratis/4249fafc-3574-4a40-85db-f41c6b952e9d: flushIndex: setUnconditionally 0 -> -1
2019-09-05 09:21:54,039 [pool-494-thread-1] INFO  server.RaftServerConfigKeys (ConfUtils.java:logGet(43)) - raft.server.snapshot.auto.trigger.enabled = true (custom)
2019-09-05 09:21:54,039 [pool-494-thread-1] INFO  server.RaftServerConfigKeys (ConfUtils.java:logGet(43)) - raft.server.snapshot.auto.trigger.threshold = 10000 (custom)
2019-09-05 09:21:54,039 [pool-494-thread-1] INFO  server.RaftServerConfigKeys (ConfUtils.java:logGet(43)) - raft.server.retrycache.expirytime = 600000ms (custom)
2019-09-05 09:21:54,039 [pool-494-thread-1] INFO  impl.RaftServerImpl (RaftServerImpl.java:start(180)) - b2a92dac-af4e-4db5-a88e-fdb3e4195e5b: start group-F41C6B952E9D
2019-09-05 09:21:54,040 [pool-494-thread-1] INFO  impl.RaftServerImpl (RaftServerImpl.java:setRole(171)) - b2a92dac-af4e-4db5-a88e-fdb3e4195e5b:group-F41C6B952E9D changes role from null to FOLLOWER at term 0 for startAsFollower
2019-09-05 09:21:54,040 [pool-494-thread-1] INFO  impl.RoleInfo (RoleInfo.java:updateAndGet(143)) - b2a92dac-af4e-4db5-a88e-fdb3e4195e5b: start FollowerState
2019-09-05 09:21:54,040 [pool-494-thread-1] INFO  util.JmxRegister (JmxRegister.java:tryRegister(44)) - Successfully registered JMX Bean with object name Ratis:service=RaftServer,group=group-F41C6B952E9D,id=b2a92dac-af4e-4db5-a88e-fdb3e4195e5b
2019-09-05 09:21:54,042 [RatisPipelineUtilsThread] INFO  pipeline.PipelineStateManager (PipelineStateManager.java:addPipeline(56)) - Created pipeline Pipeline[ Id: 4249fafc-3574-4a40-85db-f41c6b952e9d, Nodes: b2a92dac-af4e-4db5-a88e-fdb3e4195e5b{ip: 192.168.69.66, host: pr-hdds-1571-bldfb-3674279559, networkLocation: /default-rack, certSerialId: null}, Type:RATIS, Factor:ONE, State:OPEN]
2019-09-05 09:21:54,071 [grpc-default-executor-6] INFO  impl.RaftServerProxy (RaftServerProxy.java:addNew(89)) - 4b28f000-a8b5-4c6a-8a19-100693708a3e: addNew group-C62AFDFBBC30:[4b28f000-a8b5-4c6a-8a19-100693708a3e:192.168.69.66:34429, b2a92dac-af4e-4db5-a88e-fdb3e4195e5b:192.168.69.66:38400, a3cbdde1-725c-4ca4-8d7a-a782c47315d1:192.168.69.66:43393] returns group-C62AFDFBBC30:java.util.concurrent.CompletableFuture@72f595f5[Not completed]
2019-09-05 09:21:54,071 [grpc-default-executor-8] INFO  impl.RaftServerProxy (RaftServerProxy.java:addNew(89)) - a3cbdde1-725c-4ca4-8d7a-a782c47315d1: addNew group-C62AFDFBBC30:[4b28f000-a8b5-4c6a-8a19-100693708a3e:192.168.69.66:34429, b2a92dac-af4e-4db5-a88e-fdb3e4195e5b:192.168.69.66:38400, a3cbdde1-725c-4ca4-8d7a-a782c47315d1:192.168.69.66:43393] returns group-C62AFDFBBC30:java.util.concurrent.CompletableFuture@61457d30[Not completed]
2019-09-05 09:21:54,071 [grpc-default-executor-7] INFO  impl.RaftServerProxy (RaftServerProxy.java:addNew(89)) - b2a92dac-af4e-4db5-a88e-fdb3e4195e5b: addNew group-C62AFDFBBC30:[4b28f000-a8b5-4c6a-8a19-100693708a3e:192.168.69.66:34429, b2a92dac-af4e-4db5-a88e-fdb3e4195e5b:192.168.69.66:38400, a3cbdde1-725c-4ca4-8d7a-a782c47315d1:192.168.69.66:43393] returns group-C62AFDFBBC30:java.util.concurrent.CompletableFuture@38823f1e[Not completed]
2019-09-05 09:21:54,072 [pool-472-thread-1] INFO  impl.RaftServerImpl (RaftServerImpl.java:<init>(93)) - a3cbdde1-725c-4ca4-8d7a-a782c47315d1: new RaftServerImpl for group-C62AFDFBBC30:[4b28f000-a8b5-4c6a-8a19-100693708a3e:192.168.69.66:34429, b2a92dac-af4e-4db5-a88e-fdb3e4195e5b:192.168.69.66:38400, a3cbdde1-725c-4ca4-8d7a-a782c47315d1:192.168.69.66:43393] with ContainerStateMachine:uninitialized
2019-09-05 09:21:54,072 [pool-472-thread-1] INFO  server.RaftServerConfigKeys (ConfUtils.java:logGet(43)) - raft.server.rpc.timeout.min = 5s (custom)
2019-09-05 09:21:54,072 [pool-472-thread-1] INFO  server.RaftServerConfigKeys (ConfUtils.java:logGet(43)) - raft.server.rpc.timeout.max = 5200ms (custom)
2019-09-05 09:21:54,072 [pool-472-thread-1] INFO  server.RaftServerConfigKeys (ConfUtils.java:logGet(43)) - raft.server.rpcslowness.timeout = 120s (custom)
2019-09-05 09:21:54,073 [pool-472-thread-1] INFO  server.RaftServerConfigKeys (ConfUtils.java:logGet(43)) - raft.server.sleep.deviation.threshold = 300 (default)
2019-09-05 09:21:54,073 [pool-494-thread-1] INFO  impl.RaftServerImpl (RaftServerImpl.java:<init>(93)) - b2a92dac-af4e-4db5-a88e-fdb3e4195e5b: new RaftServerImpl for group-C62AFDFBBC30:[4b28f000-a8b5-4c6a-8a19-100693708a3e:192.168.69.66:34429, b2a92dac-af4e-4db5-a88e-fdb3e4195e5b:192.168.69.66:38400, a3cbdde1-725c-4ca4-8d7a-a782c47315d1:192.168.69.66:43393] with ContainerStateMachine:uninitialized
2019-09-05 09:21:54,073 [pool-472-thread-1] INFO  server.RaftServerConfigKeys (ConfUtils.java:logGet(43)) - raft.server.log.appender.install.snapshot.enabled = false (custom)
2019-09-05 09:21:54,073 [pool-494-thread-1] INFO  server.RaftServerConfigKeys (ConfUtils.java:logGet(43)) - raft.server.rpc.timeout.min = 5s (custom)
2019-09-05 09:21:54,073 [pool-472-thread-1] INFO  impl.RaftServerImpl (ServerState.java:<init>(105)) - a3cbdde1-725c-4ca4-8d7a-a782c47315d1:group-C62AFDFBBC30 ConfigurationManager, init=-1: [4b28f000-a8b5-4c6a-8a19-100693708a3e:192.168.69.66:34429, b2a92dac-af4e-4db5-a88e-fdb3e4195e5b:192.168.69.66:38400, a3cbdde1-725c-4ca4-8d7a-a782c47315d1:192.168.69.66:43393], old=null, confs=<EMPTY_MAP>
2019-09-05 09:21:54,073 [pool-483-thread-1] INFO  impl.RaftServerImpl (RaftServerImpl.java:<init>(93)) - 4b28f000-a8b5-4c6a-8a19-100693708a3e: new RaftServerImpl for group-C62AFDFBBC30:[4b28f000-a8b5-4c6a-8a19-100693708a3e:192.168.69.66:34429, b2a92dac-af4e-4db5-a88e-fdb3e4195e5b:192.168.69.66:38400, a3cbdde1-725c-4ca4-8d7a-a782c47315d1:192.168.69.66:43393] with ContainerStateMachine:uninitialized
2019-09-05 09:21:54,073 [pool-494-thread-1] INFO  server.RaftServerConfigKeys (ConfUtils.java:logGet(43)) - raft.server.rpc.timeout.max = 5200ms (custom)
2019-09-05 09:21:54,073 [pool-483-thread-1] INFO  server.RaftServerConfigKeys (ConfUtils.java:logGet(43)) - raft.server.rpc.timeout.min = 5s (custom)
2019-09-05 09:21:54,074 [pool-483-thread-1] INFO  server.RaftServerConfigKeys (ConfUtils.java:logGet(43)) - raft.server.rpc.timeout.max = 5200ms (custom)
2019-09-05 09:21:54,073 [pool-472-thread-1] INFO  server.RaftServerConfigKeys (ConfUtils.java:logGet(43)) - raft.server.storage.dir = [/workdir/hadoop-ozone/integration-test/target/test-dir/MiniOzoneClusterImpl-b9007246-1341-44ba-8eb7-22f06fb20b9c/datanode-3/data/ratis] (custom)
2019-09-05 09:21:54,074 [pool-483-thread-1] INFO  server.RaftServerConfigKeys (ConfUtils.java:logGet(43)) - raft.server.rpcslowness.timeout = 120s (custom)
2019-09-05 09:21:54,074 [pool-494-thread-1] INFO  server.RaftServerConfigKeys (ConfUtils.java:logGet(43)) - raft.server.rpcslowness.timeout = 120s (custom)
2019-09-05 09:21:54,074 [pool-472-thread-1] INFO  storage.RaftStorageDirectory (RaftStorageDirectory.java:analyzeStorage(246)) - The storage directory /workdir/hadoop-ozone/integration-test/target/test-dir/MiniOzoneClusterImpl-b9007246-1341-44ba-8eb7-22f06fb20b9c/datanode-3/data/ratis/9c326d90-2798-4275-bb30-c62afdfbbc30 does not exist. Creating ...
2019-09-05 09:21:54,074 [pool-483-thread-1] INFO  server.RaftServerConfigKeys (ConfUtils.java:logGet(43)) - raft.server.sleep.deviation.threshold = 300 (default)
2019-09-05 09:21:54,074 [pool-494-thread-1] INFO  server.RaftServerConfigKeys (ConfUtils.java:logGet(43)) - raft.server.sleep.deviation.threshold = 300 (default)
2019-09-05 09:21:54,075 [pool-483-thread-1] INFO  server.RaftServerConfigKeys (ConfUtils.java:logGet(43)) - raft.server.log.appender.install.snapshot.enabled = false (custom)
2019-09-05 09:21:54,075 [pool-494-thread-1] INFO  server.RaftServerConfigKeys (ConfUtils.java:logGet(43)) - raft.server.log.appender.install.snapshot.enabled = false (custom)
2019-09-05 09:21:54,075 [pool-483-thread-1] INFO  impl.RaftServerImpl (ServerState.java:<init>(105)) - 4b28f000-a8b5-4c6a-8a19-100693708a3e:group-C62AFDFBBC30 ConfigurationManager, init=-1: [4b28f000-a8b5-4c6a-8a19-100693708a3e:192.168.69.66:34429, b2a92dac-af4e-4db5-a88e-fdb3e4195e5b:192.168.69.66:38400, a3cbdde1-725c-4ca4-8d7a-a782c47315d1:192.168.69.66:43393], old=null, confs=<EMPTY_MAP>
2019-09-05 09:21:54,075 [pool-494-thread-1] INFO  impl.RaftServerImpl (ServerState.java:<init>(105)) - b2a92dac-af4e-4db5-a88e-fdb3e4195e5b:group-C62AFDFBBC30 ConfigurationManager, init=-1: [4b28f000-a8b5-4c6a-8a19-100693708a3e:192.168.69.66:34429, b2a92dac-af4e-4db5-a88e-fdb3e4195e5b:192.168.69.66:38400, a3cbdde1-725c-4ca4-8d7a-a782c47315d1:192.168.69.66:43393], old=null, confs=<EMPTY_MAP>
2019-09-05 09:21:54,075 [pool-483-thread-1] INFO  server.RaftServerConfigKeys (ConfUtils.java:logGet(43)) - raft.server.storage.dir = [/workdir/hadoop-ozone/integration-test/target/test-dir/MiniOzoneClusterImpl-b9007246-1341-44ba-8eb7-22f06fb20b9c/datanode-4/data/ratis] (custom)
2019-09-05 09:21:54,075 [pool-494-thread-1] INFO  server.RaftServerConfigKeys (ConfUtils.java:logGet(43)) - raft.server.storage.dir = [/workdir/hadoop-ozone/integration-test/target/test-dir/MiniOzoneClusterImpl-b9007246-1341-44ba-8eb7-22f06fb20b9c/datanode-5/data/ratis] (custom)
2019-09-05 09:21:54,076 [pool-483-thread-1] INFO  storage.RaftStorageDirectory (RaftStorageDirectory.java:analyzeStorage(246)) - The storage directory /workdir/hadoop-ozone/integration-test/target/test-dir/MiniOzoneClusterImpl-b9007246-1341-44ba-8eb7-22f06fb20b9c/datanode-4/data/ratis/9c326d90-2798-4275-bb30-c62afdfbbc30 does not exist. Creating ...
2019-09-05 09:21:54,076 [pool-494-thread-1] INFO  storage.RaftStorageDirectory (RaftStorageDirectory.java:analyzeStorage(246)) - The storage directory /workdir/hadoop-ozone/integration-test/target/test-dir/MiniOzoneClusterImpl-b9007246-1341-44ba-8eb7-22f06fb20b9c/datanode-5/data/ratis/9c326d90-2798-4275-bb30-c62afdfbbc30 does not exist. Creating ...
2019-09-05 09:21:54,094 [pool-483-thread-1] INFO  storage.RaftStorageDirectory (RaftStorageDirectory.java:tryLock(328)) - Lock on /workdir/hadoop-ozone/integration-test/target/test-dir/MiniOzoneClusterImpl-b9007246-1341-44ba-8eb7-22f06fb20b9c/datanode-4/data/ratis/9c326d90-2798-4275-bb30-c62afdfbbc30/in_use.lock acquired by nodename 17063@pr-hdds-1571-bldfb-3674279559
2019-09-05 09:21:54,094 [pool-472-thread-1] INFO  storage.RaftStorageDirectory (RaftStorageDirectory.java:tryLock(328)) - Lock on /workdir/hadoop-ozone/integration-test/target/test-dir/MiniOzoneClusterImpl-b9007246-1341-44ba-8eb7-22f06fb20b9c/datanode-3/data/ratis/9c326d90-2798-4275-bb30-c62afdfbbc30/in_use.lock acquired by nodename 17063@pr-hdds-1571-bldfb-3674279559
2019-09-05 09:21:54,094 [pool-494-thread-1] INFO  storage.RaftStorageDirectory (RaftStorageDirectory.java:tryLock(328)) - Lock on /workdir/hadoop-ozone/integration-test/target/test-dir/MiniOzoneClusterImpl-b9007246-1341-44ba-8eb7-22f06fb20b9c/datanode-5/data/ratis/9c326d90-2798-4275-bb30-c62afdfbbc30/in_use.lock acquired by nodename 17063@pr-hdds-1571-bldfb-3674279559
2019-09-05 09:21:54,131 [pool-483-thread-1] INFO  storage.RaftStorage (RaftStorage.java:format(72)) - Storage directory /workdir/hadoop-ozone/integration-test/target/test-dir/MiniOzoneClusterImpl-b9007246-1341-44ba-8eb7-22f06fb20b9c/datanode-4/data/ratis/9c326d90-2798-4275-bb30-c62afdfbbc30 has been successfully formatted.
2019-09-05 09:21:54,131 [pool-494-thread-1] INFO  storage.RaftStorage (RaftStorage.java:format(72)) - Storage directory /workdir/hadoop-ozone/integration-test/target/test-dir/MiniOzoneClusterImpl-b9007246-1341-44ba-8eb7-22f06fb20b9c/datanode-5/data/ratis/9c326d90-2798-4275-bb30-c62afdfbbc30 has been successfully formatted.
2019-09-05 09:21:54,131 [pool-472-thread-1] INFO  storage.RaftStorage (RaftStorage.java:format(72)) - Storage directory /workdir/hadoop-ozone/integration-test/target/test-dir/MiniOzoneClusterImpl-b9007246-1341-44ba-8eb7-22f06fb20b9c/datanode-3/data/ratis/9c326d90-2798-4275-bb30-c62afdfbbc30 has been successfully formatted.
2019-09-05 09:21:54,132 [pool-483-thread-1] INFO  ratis.ContainerStateMachine (ContainerStateMachine.java:loadSnapshot(226)) - group-C62AFDFBBC30: The snapshot info is null. Setting the last applied indexto:(t:0, i:~)
2019-09-05 09:21:54,132 [pool-472-thread-1] INFO  ratis.ContainerStateMachine (ContainerStateMachine.java:loadSnapshot(226)) - group-C62AFDFBBC30: The snapshot info is null. Setting the last applied indexto:(t:0, i:~)
2019-09-05 09:21:54,132 [pool-494-thread-1] INFO  ratis.ContainerStateMachine (ContainerStateMachine.java:loadSnapshot(226)) - group-C62AFDFBBC30: The snapshot info is null. Setting the last applied indexto:(t:0, i:~)
2019-09-05 09:21:54,132 [pool-472-thread-1] INFO  server.RaftServerConfigKeys (ConfUtils.java:logGet(43)) - raft.server.leader.election.timeout = 120s (custom)
2019-09-05 09:21:54,132 [pool-483-thread-1] INFO  server.RaftServerConfigKeys (ConfUtils.java:logGet(43)) - raft.server.leader.election.timeout = 120s (custom)
2019-09-05 09:21:54,132 [pool-472-thread-1] INFO  server.RaftServerConfigKeys (ConfUtils.java:logGet(43)) - raft.server.log.use.memory = false (default)
2019-09-05 09:21:54,132 [pool-494-thread-1] INFO  server.RaftServerConfigKeys (ConfUtils.java:logGet(43)) - raft.server.leader.election.timeout = 120s (custom)
2019-09-05 09:21:54,133 [pool-472-thread-1] INFO  server.RaftServerConfigKeys (ConfUtils.java:logGet(43)) - raft.server.log.purge.gap = 1000000 (custom)
2019-09-05 09:21:54,132 [pool-483-thread-1] INFO  server.RaftServerConfigKeys (ConfUtils.java:logGet(43)) - raft.server.log.use.memory = false (default)
2019-09-05 09:21:54,133 [pool-472-thread-1] INFO  server.RaftServerConfigKeys (ConfUtils.java:logGet(43)) - raft.server.log.appender.buffer.byte-limit = 33554432 (custom)
2019-09-05 09:21:54,133 [pool-494-thread-1] INFO  server.RaftServerConfigKeys (ConfUtils.java:logGet(43)) - raft.server.log.use.memory = false (default)
2019-09-05 09:21:54,133 [pool-472-thread-1] INFO  server.RaftServerConfigKeys (ConfUtils.java:logGet(43)) - raft.server.log.segment.size.max = 1048576 (custom)
2019-09-05 09:21:54,133 [pool-483-thread-1] INFO  server.RaftServerConfigKeys (ConfUtils.java:logGet(43)) - raft.server.log.purge.gap = 1000000 (custom)
2019-09-05 09:21:54,133 [pool-472-thread-1] INFO  server.RaftServerConfigKeys (ConfUtils.java:logGet(43)) - raft.server.log.segment.cache.num.max = 2 (custom)
2019-09-05 09:21:54,133 [pool-494-thread-1] INFO  server.RaftServerConfigKeys (ConfUtils.java:logGet(43)) - raft.server.log.purge.gap = 1000000 (custom)
2019-09-05 09:21:54,134 [pool-472-thread-1] INFO  segmented.SegmentedRaftLogWorker (SegmentedRaftLogWorker.java:<init>(172)) - new a3cbdde1-725c-4ca4-8d7a-a782c47315d1-SegmentedRaftLogWorker:Storage Directory /workdir/hadoop-ozone/integration-test/target/test-dir/MiniOzoneClusterImpl-b9007246-1341-44ba-8eb7-22f06fb20b9c/datanode-3/data/ratis/9c326d90-2798-4275-bb30-c62afdfbbc30 for RaftStorage:Storage Directory /workdir/hadoop-ozone/integration-test/target/test-dir/MiniOzoneClusterImpl-b9007246-1341-44ba-8eb7-22f06fb20b9c/datanode-3/data/ratis/9c326d90-2798-4275-bb30-c62afdfbbc30
2019-09-05 09:21:54,133 [pool-483-thread-1] INFO  server.RaftServerConfigKeys (ConfUtils.java:logGet(43)) - raft.server.log.appender.buffer.byte-limit = 33554432 (custom)
2019-09-05 09:21:54,134 [pool-472-thread-1] INFO  server.RaftServerConfigKeys (ConfUtils.java:logGet(43)) - raft.server.log.queue.byte-limit = 2147483647 (custom)
2019-09-05 09:21:54,134 [pool-494-thread-1] INFO  server.RaftServerConfigKeys (ConfUtils.java:logGet(43)) - raft.server.log.appender.buffer.byte-limit = 33554432 (custom)
2019-09-05 09:21:54,134 [pool-472-thread-1] INFO  server.RaftServerConfigKeys (ConfUtils.java:logGet(43)) - raft.server.log.queue.element-limit = 1024 (custom)
2019-09-05 09:21:54,134 [pool-483-thread-1] INFO  server.RaftServerConfigKeys (ConfUtils.java:logGet(43)) - raft.server.log.segment.size.max = 1048576 (custom)
2019-09-05 09:21:54,134 [pool-472-thread-1] INFO  server.RaftServerConfigKeys (ConfUtils.java:logGet(43)) - raft.server.log.segment.size.max = 1048576 (custom)
2019-09-05 09:21:54,134 [pool-494-thread-1] INFO  server.RaftServerConfigKeys (ConfUtils.java:logGet(43)) - raft.server.log.segment.size.max = 1048576 (custom)
2019-09-05 09:21:54,135 [pool-472-thread-1] INFO  server.RaftServerConfigKeys (ConfUtils.java:logGet(43)) - raft.server.log.preallocated.size = 16384 (custom)
2019-09-05 09:21:54,135 [pool-483-thread-1] INFO  server.RaftServerConfigKeys (ConfUtils.java:logGet(43)) - raft.server.log.segment.cache.num.max = 2 (custom)
2019-09-05 09:21:54,135 [pool-472-thread-1] INFO  server.RaftServerConfigKeys (ConfUtils.java:logGet(43)) - raft.server.log.write.buffer.size = 33554432 (custom)
2019-09-05 09:21:54,135 [pool-494-thread-1] INFO  server.RaftServerConfigKeys (ConfUtils.java:logGet(43)) - raft.server.log.segment.cache.num.max = 2 (custom)
2019-09-05 09:21:54,135 [pool-472-thread-1] INFO  server.RaftServerConfigKeys (ConfUtils.java:logGet(43)) - raft.server.log.force.sync.num = 128 (default)
2019-09-05 09:21:54,135 [pool-483-thread-1] INFO  segmented.SegmentedRaftLogWorker (SegmentedRaftLogWorker.java:<init>(172)) - new 4b28f000-a8b5-4c6a-8a19-100693708a3e-SegmentedRaftLogWorker:Storage Directory /workdir/hadoop-ozone/integration-test/target/test-dir/MiniOzoneClusterImpl-b9007246-1341-44ba-8eb7-22f06fb20b9c/datanode-4/data/ratis/9c326d90-2798-4275-bb30-c62afdfbbc30 for RaftStorage:Storage Directory /workdir/hadoop-ozone/integration-test/target/test-dir/MiniOzoneClusterImpl-b9007246-1341-44ba-8eb7-22f06fb20b9c/datanode-4/data/ratis/9c326d90-2798-4275-bb30-c62afdfbbc30
2019-09-05 09:21:54,135 [pool-472-thread-1] INFO  server.RaftServerConfigKeys (ConfUtils.java:logGet(43)) - raft.server.log.statemachine.data.sync = true (default)
2019-09-05 09:21:54,135 [pool-494-thread-1] INFO  segmented.SegmentedRaftLogWorker (SegmentedRaftLogWorker.java:<init>(172)) - new b2a92dac-af4e-4db5-a88e-fdb3e4195e5b-SegmentedRaftLogWorker:Storage Directory /workdir/hadoop-ozone/integration-test/target/test-dir/MiniOzoneClusterImpl-b9007246-1341-44ba-8eb7-22f06fb20b9c/datanode-5/data/ratis/9c326d90-2798-4275-bb30-c62afdfbbc30 for RaftStorage:Storage Directory /workdir/hadoop-ozone/integration-test/target/test-dir/MiniOzoneClusterImpl-b9007246-1341-44ba-8eb7-22f06fb20b9c/datanode-5/data/ratis/9c326d90-2798-4275-bb30-c62afdfbbc30
2019-09-05 09:21:54,136 [pool-472-thread-1] INFO  server.RaftServerConfigKeys (ConfUtils.java:logGet(43)) - raft.server.log.statemachine.data.sync.timeout = 10s (default)
2019-09-05 09:21:54,136 [pool-483-thread-1] INFO  server.RaftServerConfigKeys (ConfUtils.java:logGet(43)) - raft.server.log.queue.byte-limit = 2147483647 (custom)
2019-09-05 09:21:54,136 [pool-472-thread-1] INFO  server.RaftServerConfigKeys (ConfUtils.java:logGet(43)) - raft.server.log.statemachine.data.sync.timeout.retry = -1 (default)
2019-09-05 09:21:54,136 [pool-494-thread-1] INFO  server.RaftServerConfigKeys (ConfUtils.java:logGet(43)) - raft.server.log.queue.byte-limit = 2147483647 (custom)
2019-09-05 09:21:54,136 [pool-472-thread-1] INFO  server.RaftServerConfigKeys (ConfUtils.java:logGet(43)) - raft.server.log.statemachine.data.caching.enabled = true (custom)
2019-09-05 09:21:54,136 [pool-483-thread-1] INFO  server.RaftServerConfigKeys (ConfUtils.java:logGet(43)) - raft.server.log.queue.element-limit = 1024 (custom)
2019-09-05 09:21:54,136 [pool-494-thread-1] INFO  server.RaftServerConfigKeys (ConfUtils.java:logGet(43)) - raft.server.log.queue.element-limit = 1024 (custom)
2019-09-05 09:21:54,137 [pool-483-thread-1] INFO  server.RaftServerConfigKeys (ConfUtils.java:logGet(43)) - raft.server.log.segment.size.max = 1048576 (custom)
2019-09-05 09:21:54,137 [pool-472-thread-1] INFO  segmented.SegmentedRaftLogWorker (SegmentedRaftLogWorker.java:lambda$new$0(132)) - a3cbdde1-725c-4ca4-8d7a-a782c47315d1-SegmentedRaftLogWorker:Storage Directory /workdir/hadoop-ozone/integration-test/target/test-dir/MiniOzoneClusterImpl-b9007246-1341-44ba-8eb7-22f06fb20b9c/datanode-3/data/ratis/9c326d90-2798-4275-bb30-c62afdfbbc30: flushIndex: setUnconditionally 0 -> -1
2019-09-05 09:21:54,137 [pool-483-thread-1] INFO  server.RaftServerConfigKeys (ConfUtils.java:logGet(43)) - raft.server.log.preallocated.size = 16384 (custom)
2019-09-05 09:21:54,137 [pool-494-thread-1] INFO  server.RaftServerConfigKeys (ConfUtils.java:logGet(43)) - raft.server.log.segment.size.max = 1048576 (custom)
2019-09-05 09:21:54,137 [pool-472-thread-1] INFO  server.RaftServerConfigKeys (ConfUtils.java:logGet(43)) - raft.server.snapshot.auto.trigger.enabled = true (custom)
2019-09-05 09:21:54,137 [pool-483-thread-1] INFO  server.RaftServerConfigKeys (ConfUtils.java:logGet(43)) - raft.server.log.write.buffer.size = 33554432 (custom)
2019-09-05 09:21:54,137 [pool-472-thread-1] INFO  server.RaftServerConfigKeys (ConfUtils.java:logGet(43)) - raft.server.snapshot.auto.trigger.threshold = 10000 (custom)
2019-09-05 09:21:54,137 [pool-494-thread-1] INFO  server.RaftServerConfigKeys (ConfUtils.java:logGet(43)) - raft.server.log.preallocated.size = 16384 (custom)
2019-09-05 09:21:54,138 [pool-472-thread-1] INFO  server.RaftServerConfigKeys (ConfUtils.java:logGet(43)) - raft.server.retrycache.expirytime = 600000ms (custom)
2019-09-05 09:21:54,137 [pool-483-thread-1] INFO  server.RaftServerConfigKeys (ConfUtils.java:logGet(43)) - raft.server.log.force.sync.num = 128 (default)
2019-09-05 09:21:54,138 [pool-472-thread-1] INFO  impl.RaftServerImpl (RaftServerImpl.java:start(180)) - a3cbdde1-725c-4ca4-8d7a-a782c47315d1: start group-C62AFDFBBC30
2019-09-05 09:21:54,138 [pool-494-thread-1] INFO  server.RaftServerConfigKeys (ConfUtils.java:logGet(43)) - raft.server.log.write.buffer.size = 33554432 (custom)
2019-09-05 09:21:54,138 [pool-472-thread-1] INFO  impl.RaftServerImpl (RaftServerImpl.java:setRole(171)) - a3cbdde1-725c-4ca4-8d7a-a782c47315d1:group-C62AFDFBBC30 changes role from null to FOLLOWER at term 0 for startAsFollower
2019-09-05 09:21:54,138 [pool-483-thread-1] INFO  server.RaftServerConfigKeys (ConfUtils.java:logGet(43)) - raft.server.log.statemachine.data.sync = true (default)
2019-09-05 09:21:54,138 [pool-472-thread-1] INFO  impl.RoleInfo (RoleInfo.java:updateAndGet(143)) - a3cbdde1-725c-4ca4-8d7a-a782c47315d1: start FollowerState
2019-09-05 09:21:54,138 [pool-494-thread-1] INFO  server.RaftServerConfigKeys (ConfUtils.java:logGet(43)) - raft.server.log.force.sync.num = 128 (default)
2019-09-05 09:21:54,138 [pool-483-thread-1] INFO  server.RaftServerConfigKeys (ConfUtils.java:logGet(43)) - raft.server.log.statemachine.data.sync.timeout = 10s (default)
2019-09-05 09:21:54,139 [pool-494-thread-1] INFO  server.RaftServerConfigKeys (ConfUtils.java:logGet(43)) - raft.server.log.statemachine.data.sync = true (default)
2019-09-05 09:21:54,139 [pool-472-thread-1] INFO  util.JmxRegister (JmxRegister.java:tryRegister(44)) - Successfully registered JMX Bean with object name Ratis:service=RaftServer,group=group-C62AFDFBBC30,id=a3cbdde1-725c-4ca4-8d7a-a782c47315d1
2019-09-05 09:21:54,139 [pool-483-thread-1] INFO  server.RaftServerConfigKeys (ConfUtils.java:logGet(43)) - raft.server.log.statemachine.data.sync.timeout.retry = -1 (default)
2019-09-05 09:21:54,139 [pool-494-thread-1] INFO  server.RaftServerConfigKeys (ConfUtils.java:logGet(43)) - raft.server.log.statemachine.data.sync.timeout = 10s (default)
2019-09-05 09:21:54,139 [pool-483-thread-1] INFO  server.RaftServerConfigKeys (ConfUtils.java:logGet(43)) - raft.server.log.statemachine.data.caching.enabled = true (custom)
2019-09-05 09:21:54,139 [pool-494-thread-1] INFO  server.RaftServerConfigKeys (ConfUtils.java:logGet(43)) - raft.server.log.statemachine.data.sync.timeout.retry = -1 (default)
2019-09-05 09:21:54,139 [pool-494-thread-1] INFO  server.RaftServerConfigKeys (ConfUtils.java:logGet(43)) - raft.server.log.statemachine.data.caching.enabled = true (custom)
2019-09-05 09:21:54,140 [pool-483-thread-1] INFO  segmented.SegmentedRaftLogWorker (SegmentedRaftLogWorker.java:lambda$new$0(132)) - 4b28f000-a8b5-4c6a-8a19-100693708a3e-SegmentedRaftLogWorker:Storage Directory /workdir/hadoop-ozone/integration-test/target/test-dir/MiniOzoneClusterImpl-b9007246-1341-44ba-8eb7-22f06fb20b9c/datanode-4/data/ratis/9c326d90-2798-4275-bb30-c62afdfbbc30: flushIndex: setUnconditionally 0 -> -1
2019-09-05 09:21:54,140 [pool-494-thread-1] INFO  segmented.SegmentedRaftLogWorker (SegmentedRaftLogWorker.java:lambda$new$0(132)) - b2a92dac-af4e-4db5-a88e-fdb3e4195e5b-SegmentedRaftLogWorker:Storage Directory /workdir/hadoop-ozone/integration-test/target/test-dir/MiniOzoneClusterImpl-b9007246-1341-44ba-8eb7-22f06fb20b9c/datanode-5/data/ratis/9c326d90-2798-4275-bb30-c62afdfbbc30: flushIndex: setUnconditionally 0 -> -1
2019-09-05 09:21:54,140 [pool-483-thread-1] INFO  server.RaftServerConfigKeys (ConfUtils.java:logGet(43)) - raft.server.snapshot.auto.trigger.enabled = true (custom)
2019-09-05 09:21:54,140 [pool-483-thread-1] INFO  server.RaftServerConfigKeys (ConfUtils.java:logGet(43)) - raft.server.snapshot.auto.trigger.threshold = 10000 (custom)
2019-09-05 09:21:54,140 [pool-494-thread-1] INFO  server.RaftServerConfigKeys (ConfUtils.java:logGet(43)) - raft.server.snapshot.auto.trigger.enabled = true (custom)
2019-09-05 09:21:54,140 [pool-483-thread-1] INFO  server.RaftServerConfigKeys (ConfUtils.java:logGet(43)) - raft.server.retrycache.expirytime = 600000ms (custom)
2019-09-05 09:21:54,140 [pool-494-thread-1] INFO  server.RaftServerConfigKeys (ConfUtils.java:logGet(43)) - raft.server.snapshot.auto.trigger.threshold = 10000 (custom)
2019-09-05 09:21:54,141 [pool-483-thread-1] INFO  impl.RaftServerImpl (RaftServerImpl.java:start(180)) - 4b28f000-a8b5-4c6a-8a19-100693708a3e: start group-C62AFDFBBC30
2019-09-05 09:21:54,141 [pool-494-thread-1] INFO  server.RaftServerConfigKeys (ConfUtils.java:logGet(43)) - raft.server.retrycache.expirytime = 600000ms (custom)
2019-09-05 09:21:54,141 [pool-483-thread-1] INFO  impl.RaftServerImpl (RaftServerImpl.java:setRole(171)) - 4b28f000-a8b5-4c6a-8a19-100693708a3e:group-C62AFDFBBC30 changes role from null to FOLLOWER at term 0 for startAsFollower
2019-09-05 09:21:54,141 [pool-494-thread-1] INFO  impl.RaftServerImpl (RaftServerImpl.java:start(180)) - b2a92dac-af4e-4db5-a88e-fdb3e4195e5b: start group-C62AFDFBBC30
2019-09-05 09:21:54,141 [pool-483-thread-1] INFO  impl.RoleInfo (RoleInfo.java:updateAndGet(143)) - 4b28f000-a8b5-4c6a-8a19-100693708a3e: start FollowerState
2019-09-05 09:21:54,141 [pool-494-thread-1] INFO  impl.RaftServerImpl (RaftServerImpl.java:setRole(171)) - b2a92dac-af4e-4db5-a88e-fdb3e4195e5b:group-C62AFDFBBC30 changes role from null to FOLLOWER at term 0 for startAsFollower
2019-09-05 09:21:54,141 [pool-494-thread-1] INFO  impl.RoleInfo (RoleInfo.java:updateAndGet(143)) - b2a92dac-af4e-4db5-a88e-fdb3e4195e5b: start FollowerState
2019-09-05 09:21:54,141 [pool-483-thread-1] INFO  util.JmxRegister (JmxRegister.java:tryRegister(44)) - Successfully registered JMX Bean with object name Ratis:service=RaftServer,group=group-C62AFDFBBC30,id=4b28f000-a8b5-4c6a-8a19-100693708a3e
2019-09-05 09:21:54,142 [pool-494-thread-1] INFO  util.JmxRegister (JmxRegister.java:tryRegister(44)) - Successfully registered JMX Bean with object name Ratis:service=RaftServer,group=group-C62AFDFBBC30,id=b2a92dac-af4e-4db5-a88e-fdb3e4195e5b
2019-09-05 09:21:54,145 [RatisPipelineUtilsThread] INFO  pipeline.PipelineStateManager (PipelineStateManager.java:addPipeline(56)) - Created pipeline Pipeline[ Id: 9c326d90-2798-4275-bb30-c62afdfbbc30, Nodes: b2a92dac-af4e-4db5-a88e-fdb3e4195e5b{ip: 192.168.69.66, host: pr-hdds-1571-bldfb-3674279559, networkLocation: /default-rack, certSerialId: null}4b28f000-a8b5-4c6a-8a19-100693708a3e{ip: 192.168.69.66, host: pr-hdds-1571-bldfb-3674279559, networkLocation: /default-rack, certSerialId: null}a3cbdde1-725c-4ca4-8d7a-a782c47315d1{ip: 192.168.69.66, host: pr-hdds-1571-bldfb-3674279559, networkLocation: /default-rack, certSerialId: null}, Type:RATIS, Factor:THREE, State:OPEN]
2019-09-05 09:21:54,191 [IPC Server handler 6 on 39170] INFO  net.NetworkTopology (NetworkTopologyImpl.java:add(110)) - Added a new node: /default-rack/24fa834e-354b-4f91-9ef9-44eeb31eb01b
2019-09-05 09:21:54,191 [main] INFO  ozone.MiniOzoneClusterImpl (MiniOzoneClusterImpl.java:lambda$waitForClusterToBeReady$0(142)) - Cluster is ready. Got 7 of 7 DN Heartbeats.
2019-09-05 09:21:54,191 [IPC Server handler 6 on 39170] INFO  node.SCMNodeManager (SCMNodeManager.java:register(273)) - Registered Data node : 24fa834e-354b-4f91-9ef9-44eeb31eb01b{ip: 192.168.69.66, host: pr-hdds-1571-bldfb-3674279559, networkLocation: /default-rack, certSerialId: null}
2019-09-05 09:21:54,192 | INFO  | SCMAudit | user=jenkins1000 | ip=192.168.69.66 | op=REGISTER {datanodeDetails=24fa834e-354b-4f91-9ef9-44eeb31eb01b{ip: 192.168.69.66, host: pr-hdds-1571-bldfb-3674279559, networkLocation: /default-rack, certSerialId: null}} | ret=SUCCESS |  
2019-09-05 09:21:54,202 [grpc-default-executor-7] INFO  impl.RaftServerProxy (RaftServerProxy.java:addNew(89)) - 24fa834e-354b-4f91-9ef9-44eeb31eb01b: addNew group-EDAFC1D27606:[24fa834e-354b-4f91-9ef9-44eeb31eb01b:192.168.69.66:42350] returns group-EDAFC1D27606:java.util.concurrent.CompletableFuture@23e513a2[Not completed]
2019-09-05 09:21:54,204 [pool-505-thread-1] INFO  impl.RaftServerImpl (RaftServerImpl.java:<init>(93)) - 24fa834e-354b-4f91-9ef9-44eeb31eb01b: new RaftServerImpl for group-EDAFC1D27606:[24fa834e-354b-4f91-9ef9-44eeb31eb01b:192.168.69.66:42350] with ContainerStateMachine:uninitialized
2019-09-05 09:21:54,205 [pool-505-thread-1] INFO  server.RaftServerConfigKeys (ConfUtils.java:logGet(43)) - raft.server.rpc.timeout.min = 5s (custom)
2019-09-05 09:21:54,206 [pool-505-thread-1] INFO  server.RaftServerConfigKeys (ConfUtils.java:logGet(43)) - raft.server.rpc.timeout.max = 5200ms (custom)
2019-09-05 09:21:54,206 [pool-505-thread-1] INFO  server.RaftServerConfigKeys (ConfUtils.java:logGet(43)) - raft.server.rpcslowness.timeout = 120s (custom)
2019-09-05 09:21:54,206 [pool-505-thread-1] INFO  server.RaftServerConfigKeys (ConfUtils.java:logGet(43)) - raft.server.sleep.deviation.threshold = 300 (default)
2019-09-05 09:21:54,206 [pool-505-thread-1] INFO  server.RaftServerConfigKeys (ConfUtils.java:logGet(43)) - raft.server.log.appender.install.snapshot.enabled = false (custom)
2019-09-05 09:21:54,206 [pool-505-thread-1] INFO  impl.RaftServerImpl (ServerState.java:<init>(105)) - 24fa834e-354b-4f91-9ef9-44eeb31eb01b:group-EDAFC1D27606 ConfigurationManager, init=-1: [24fa834e-354b-4f91-9ef9-44eeb31eb01b:192.168.69.66:42350], old=null, confs=<EMPTY_MAP>
2019-09-05 09:21:54,208 [pool-505-thread-1] INFO  server.RaftServerConfigKeys (ConfUtils.java:logGet(43)) - raft.server.storage.dir = [/workdir/hadoop-ozone/integration-test/target/test-dir/MiniOzoneClusterImpl-b9007246-1341-44ba-8eb7-22f06fb20b9c/datanode-6/data/ratis] (custom)
2019-09-05 09:21:54,216 [pool-505-thread-1] INFO  storage.RaftStorageDirectory (RaftStorageDirectory.java:analyzeStorage(246)) - The storage directory /workdir/hadoop-ozone/integration-test/target/test-dir/MiniOzoneClusterImpl-b9007246-1341-44ba-8eb7-22f06fb20b9c/datanode-6/data/ratis/ebffa0c0-e50b-4743-81fd-edafc1d27606 does not exist. Creating ...
2019-09-05 09:21:54,219 [main] INFO  rpc.RpcClient (RpcClient.java:createVolume(293)) - Creating Volume: testblockoutputstream, with jenkins1000 as owner.
2019-09-05 09:21:54,221 | INFO  | OMAudit | user=jenkins1000 | ip=127.0.0.1 | op=CREATE_VOLUME {admin=jenkins1000, owner=jenkins1000, volume=testblockoutputstream, creationTime=1567675314221, quotaInBytes=1152921504606846976} | ret=SUCCESS |  
2019-09-05 09:21:54,230 | INFO  | OMAudit | user=jenkins1000 | ip=127.0.0.1 | op=READ_VOLUME {volume=testblockoutputstream} | ret=SUCCESS |  
2019-09-05 09:21:54,230 [main] INFO  rpc.RpcClient (RpcClient.java:createBucket(432)) - Creating Bucket: testblockoutputstream/testblockoutputstream, with Versioning false and Storage Type set to DISK and Encryption set to false 
2019-09-05 09:21:54,233 | INFO  | OMAudit | user=jenkins1000 | ip=127.0.0.1 | op=CREATE_BUCKET {volume=testblockoutputstream, bucket=testblockoutputstream, acls=[user:jenkins1000:a[ACCESS], group:default:a[ACCESS]], isVersionEnabled=false, storageType=DISK, creationTime=0} | ret=SUCCESS |  
2019-09-05 09:21:54,234 | INFO  | OMAudit | user=jenkins1000 | ip=127.0.0.1 | op=READ_VOLUME {volume=testblockoutputstream} | ret=SUCCESS |  
2019-09-05 09:21:54,236 | INFO  | OMAudit | user=jenkins1000 | ip=127.0.0.1 | op=READ_BUCKET {volume=testblockoutputstream, bucket=testblockoutputstream} | ret=SUCCESS |  
2019-09-05 09:21:54,240 [pool-505-thread-1] INFO  storage.RaftStorageDirectory (RaftStorageDirectory.java:tryLock(328)) - Lock on /workdir/hadoop-ozone/integration-test/target/test-dir/MiniOzoneClusterImpl-b9007246-1341-44ba-8eb7-22f06fb20b9c/datanode-6/data/ratis/ebffa0c0-e50b-4743-81fd-edafc1d27606/in_use.lock acquired by nodename 17063@pr-hdds-1571-bldfb-3674279559
2019-09-05 09:21:54,266 [pool-505-thread-1] INFO  storage.RaftStorage (RaftStorage.java:format(72)) - Storage directory /workdir/hadoop-ozone/integration-test/target/test-dir/MiniOzoneClusterImpl-b9007246-1341-44ba-8eb7-22f06fb20b9c/datanode-6/data/ratis/ebffa0c0-e50b-4743-81fd-edafc1d27606 has been successfully formatted.
2019-09-05 09:21:54,266 [pool-505-thread-1] INFO  ratis.ContainerStateMachine (ContainerStateMachine.java:loadSnapshot(226)) - group-EDAFC1D27606: The snapshot info is null. Setting the last applied indexto:(t:0, i:~)
2019-09-05 09:21:54,267 [pool-505-thread-1] INFO  server.RaftServerConfigKeys (ConfUtils.java:logGet(43)) - raft.server.leader.election.timeout = 120s (custom)
2019-09-05 09:21:54,267 [pool-505-thread-1] INFO  server.RaftServerConfigKeys (ConfUtils.java:logGet(43)) - raft.server.log.use.memory = false (default)
2019-09-05 09:21:54,267 [pool-505-thread-1] INFO  server.RaftServerConfigKeys (ConfUtils.java:logGet(43)) - raft.server.log.purge.gap = 1000000 (custom)
2019-09-05 09:21:54,267 [pool-505-thread-1] INFO  server.RaftServerConfigKeys (ConfUtils.java:logGet(43)) - raft.server.log.appender.buffer.byte-limit = 33554432 (custom)
2019-09-05 09:21:54,267 [pool-505-thread-1] INFO  server.RaftServerConfigKeys (ConfUtils.java:logGet(43)) - raft.server.log.segment.size.max = 1048576 (custom)
2019-09-05 09:21:54,267 [pool-505-thread-1] INFO  server.RaftServerConfigKeys (ConfUtils.java:logGet(43)) - raft.server.log.segment.cache.num.max = 2 (custom)
2019-09-05 09:21:54,267 [pool-505-thread-1] INFO  segmented.SegmentedRaftLogWorker (SegmentedRaftLogWorker.java:<init>(172)) - new 24fa834e-354b-4f91-9ef9-44eeb31eb01b-SegmentedRaftLogWorker:Storage Directory /workdir/hadoop-ozone/integration-test/target/test-dir/MiniOzoneClusterImpl-b9007246-1341-44ba-8eb7-22f06fb20b9c/datanode-6/data/ratis/ebffa0c0-e50b-4743-81fd-edafc1d27606 for RaftStorage:Storage Directory /workdir/hadoop-ozone/integration-test/target/test-dir/MiniOzoneClusterImpl-b9007246-1341-44ba-8eb7-22f06fb20b9c/datanode-6/data/ratis/ebffa0c0-e50b-4743-81fd-edafc1d27606
2019-09-05 09:21:54,268 [pool-505-thread-1] INFO  server.RaftServerConfigKeys (ConfUtils.java:logGet(43)) - raft.server.log.queue.byte-limit = 2147483647 (custom)
2019-09-05 09:21:54,268 [pool-505-thread-1] INFO  server.RaftServerConfigKeys (ConfUtils.java:logGet(43)) - raft.server.log.queue.element-limit = 1024 (custom)
2019-09-05 09:21:54,268 [pool-505-thread-1] INFO  server.RaftServerConfigKeys (ConfUtils.java:logGet(43)) - raft.server.log.segment.size.max = 1048576 (custom)
2019-09-05 09:21:54,268 [pool-505-thread-1] INFO  server.RaftServerConfigKeys (ConfUtils.java:logGet(43)) - raft.server.log.preallocated.size = 16384 (custom)
2019-09-05 09:21:54,268 [pool-505-thread-1] INFO  server.RaftServerConfigKeys (ConfUtils.java:logGet(43)) - raft.server.log.write.buffer.size = 33554432 (custom)
2019-09-05 09:21:54,268 [pool-505-thread-1] INFO  server.RaftServerConfigKeys (ConfUtils.java:logGet(43)) - raft.server.log.force.sync.num = 128 (default)
2019-09-05 09:21:54,269 [pool-505-thread-1] INFO  server.RaftServerConfigKeys (ConfUtils.java:logGet(43)) - raft.server.log.statemachine.data.sync = true (default)
2019-09-05 09:21:54,269 [pool-505-thread-1] INFO  server.RaftServerConfigKeys (ConfUtils.java:logGet(43)) - raft.server.log.statemachine.data.sync.timeout = 10s (default)
2019-09-05 09:21:54,269 [pool-505-thread-1] INFO  server.RaftServerConfigKeys (ConfUtils.java:logGet(43)) - raft.server.log.statemachine.data.sync.timeout.retry = -1 (default)
2019-09-05 09:21:54,269 [pool-505-thread-1] INFO  server.RaftServerConfigKeys (ConfUtils.java:logGet(43)) - raft.server.log.statemachine.data.caching.enabled = true (custom)
2019-09-05 09:21:54,269 [pool-505-thread-1] INFO  segmented.SegmentedRaftLogWorker (SegmentedRaftLogWorker.java:lambda$new$0(132)) - 24fa834e-354b-4f91-9ef9-44eeb31eb01b-SegmentedRaftLogWorker:Storage Directory /workdir/hadoop-ozone/integration-test/target/test-dir/MiniOzoneClusterImpl-b9007246-1341-44ba-8eb7-22f06fb20b9c/datanode-6/data/ratis/ebffa0c0-e50b-4743-81fd-edafc1d27606: flushIndex: setUnconditionally 0 -> -1
2019-09-05 09:21:54,270 [pool-505-thread-1] INFO  server.RaftServerConfigKeys (ConfUtils.java:logGet(43)) - raft.server.snapshot.auto.trigger.enabled = true (custom)
2019-09-05 09:21:54,270 [pool-505-thread-1] INFO  server.RaftServerConfigKeys (ConfUtils.java:logGet(43)) - raft.server.snapshot.auto.trigger.threshold = 10000 (custom)
2019-09-05 09:21:54,270 [pool-505-thread-1] INFO  server.RaftServerConfigKeys (ConfUtils.java:logGet(43)) - raft.server.retrycache.expirytime = 600000ms (custom)
2019-09-05 09:21:54,270 [pool-505-thread-1] INFO  impl.RaftServerImpl (RaftServerImpl.java:start(180)) - 24fa834e-354b-4f91-9ef9-44eeb31eb01b: start group-EDAFC1D27606
2019-09-05 09:21:54,270 [pool-505-thread-1] INFO  impl.RaftServerImpl (RaftServerImpl.java:setRole(171)) - 24fa834e-354b-4f91-9ef9-44eeb31eb01b:group-EDAFC1D27606 changes role from null to FOLLOWER at term 0 for startAsFollower
2019-09-05 09:21:54,271 [pool-505-thread-1] INFO  impl.RoleInfo (RoleInfo.java:updateAndGet(143)) - 24fa834e-354b-4f91-9ef9-44eeb31eb01b: start FollowerState
2019-09-05 09:21:54,271 [pool-505-thread-1] INFO  util.JmxRegister (JmxRegister.java:tryRegister(44)) - Successfully registered JMX Bean with object name Ratis:service=RaftServer,group=group-EDAFC1D27606,id=24fa834e-354b-4f91-9ef9-44eeb31eb01b
2019-09-05 09:21:54,273 [RatisPipelineUtilsThread] INFO  pipeline.PipelineStateManager (PipelineStateManager.java:addPipeline(56)) - Created pipeline Pipeline[ Id: ebffa0c0-e50b-4743-81fd-edafc1d27606, Nodes: 24fa834e-354b-4f91-9ef9-44eeb31eb01b{ip: 192.168.69.66, host: pr-hdds-1571-bldfb-3674279559, networkLocation: /default-rack, certSerialId: null}, Type:RATIS, Factor:ONE, State:OPEN]
2019-09-05 09:21:54,275 | INFO  | SCMAudit | user=jenkins1000 | ip=192.168.69.66 | op=ALLOCATE_BLOCK {owner=f6059876-cea7-4cf5-892b-4dd99c8aa763, size=800, type=RATIS, factor=THREE} | ret=SUCCESS |  
2019-09-05 09:21:54,279 | INFO  | OMAudit | user=jenkins1000 | ip=127.0.0.1 | op=ALLOCATE_KEY {volume=testblockoutputstream, bucket=testblockoutputstream, key=732a29da-d2b5-4905-ba3f-6ba5943814c7, dataSize=0, replicationType=RATIS, replicationFactor=THREE, keyLocationInfo=null} | ret=SUCCESS |  
2019-09-05 09:21:54,290 [grpc-default-executor-7] INFO  client.GrpcClientProtocolClient (GrpcClientProtocolClient.java:onNext(255)) - client-E86B2320BE0F->b2a92dac-af4e-4db5-a88e-fdb3e4195e5b: receive RaftClientReply:client-E86B2320BE0F->b2a92dac-af4e-4db5-a88e-fdb3e4195e5b@group-C62AFDFBBC30, cid=175, FAILED org.apache.ratis.protocol.NotLeaderException: Server b2a92dac-af4e-4db5-a88e-fdb3e4195e5b is not the leader (null). Request must be sent to leader., logIndex=0, commits[b2a92dac-af4e-4db5-a88e-fdb3e4195e5b:c-1]
2019-09-05 09:21:54,792 | INFO  | SCMAudit | user=jenkins1000 | ip=192.168.69.66 | op=SEND_HEARTBEAT {datanodeUUID=6f14a04a-44e3-4557-80c9-ddee849029a0, command=[]} | ret=SUCCESS |  
2019-09-05 09:21:54,998 | INFO  | SCMAudit | user=jenkins1000 | ip=192.168.69.66 | op=SEND_HEARTBEAT {datanodeUUID=07be2058-8bf0-4303-a72a-c3b15076ab0b, command=[]} | ret=SUCCESS |  
2019-09-05 09:21:55,180 | INFO  | SCMAudit | user=jenkins1000 | ip=192.168.69.66 | op=SEND_HEARTBEAT {datanodeUUID=a4e26f5e-71d2-4796-80a4-c2297629d93f, command=[]} | ret=SUCCESS |  
2019-09-05 09:21:55,310 [grpc-default-executor-7] INFO  client.GrpcClientProtocolClient (GrpcClientProtocolClient.java:onNext(255)) - client-E86B2320BE0F->a3cbdde1-725c-4ca4-8d7a-a782c47315d1: receive RaftClientReply:client-E86B2320BE0F->a3cbdde1-725c-4ca4-8d7a-a782c47315d1@group-C62AFDFBBC30, cid=175, FAILED org.apache.ratis.protocol.NotLeaderException: Server a3cbdde1-725c-4ca4-8d7a-a782c47315d1 is not the leader (null). Request must be sent to leader., logIndex=0, commits[a3cbdde1-725c-4ca4-8d7a-a782c47315d1:c-1]
2019-09-05 09:21:55,619 | INFO  | SCMAudit | user=jenkins1000 | ip=192.168.69.66 | op=SEND_HEARTBEAT {datanodeUUID=a3cbdde1-725c-4ca4-8d7a-a782c47315d1, command=[]} | ret=SUCCESS |  
2019-09-05 09:21:55,792 | INFO  | SCMAudit | user=jenkins1000 | ip=192.168.69.66 | op=SEND_HEARTBEAT {datanodeUUID=6f14a04a-44e3-4557-80c9-ddee849029a0, command=[]} | ret=SUCCESS |  
2019-09-05 09:21:55,805 | INFO  | SCMAudit | user=jenkins1000 | ip=192.168.69.66 | op=SEND_HEARTBEAT {datanodeUUID=4b28f000-a8b5-4c6a-8a19-100693708a3e, command=[]} | ret=SUCCESS |  
2019-09-05 09:21:55,807 [Thread-3304] INFO  container.ReplicationManager (ReplicationManager.java:start(151)) - Starting Replication Monitor Thread.
2019-09-05 09:21:55,812 [ReplicationMonitor] INFO  container.ReplicationManager (ReplicationManager.java:run(214)) - Replication Monitor Thread took 0 milliseconds for processing 1 containers.
2019-09-05 09:21:55,986 | INFO  | SCMAudit | user=jenkins1000 | ip=192.168.69.66 | op=SEND_HEARTBEAT {datanodeUUID=b2a92dac-af4e-4db5-a88e-fdb3e4195e5b, command=[]} | ret=SUCCESS |  
2019-09-05 09:21:55,998 | INFO  | SCMAudit | user=jenkins1000 | ip=192.168.69.66 | op=SEND_HEARTBEAT {datanodeUUID=07be2058-8bf0-4303-a72a-c3b15076ab0b, command=[]} | ret=SUCCESS |  
2019-09-05 09:21:56,180 | INFO  | SCMAudit | user=jenkins1000 | ip=192.168.69.66 | op=SEND_HEARTBEAT {datanodeUUID=a4e26f5e-71d2-4796-80a4-c2297629d93f, command=[]} | ret=SUCCESS |  
2019-09-05 09:21:56,190 | INFO  | SCMAudit | user=jenkins1000 | ip=192.168.69.66 | op=SEND_HEARTBEAT {datanodeUUID=24fa834e-354b-4f91-9ef9-44eeb31eb01b, command=[]} | ret=SUCCESS |  
2019-09-05 09:21:56,318 [grpc-default-executor-8] INFO  client.GrpcClientProtocolClient (GrpcClientProtocolClient.java:onNext(255)) - client-E86B2320BE0F->b2a92dac-af4e-4db5-a88e-fdb3e4195e5b: receive RaftClientReply:client-E86B2320BE0F->b2a92dac-af4e-4db5-a88e-fdb3e4195e5b@group-C62AFDFBBC30, cid=175, FAILED org.apache.ratis.protocol.NotLeaderException: Server b2a92dac-af4e-4db5-a88e-fdb3e4195e5b is not the leader (null). Request must be sent to leader., logIndex=0, commits[b2a92dac-af4e-4db5-a88e-fdb3e4195e5b:c-1]
2019-09-05 09:21:56,620 | INFO  | SCMAudit | user=jenkins1000 | ip=192.168.69.66 | op=SEND_HEARTBEAT {datanodeUUID=a3cbdde1-725c-4ca4-8d7a-a782c47315d1, command=[]} | ret=SUCCESS |  
2019-09-05 09:21:56,792 | INFO  | SCMAudit | user=jenkins1000 | ip=192.168.69.66 | op=SEND_HEARTBEAT {datanodeUUID=6f14a04a-44e3-4557-80c9-ddee849029a0, command=[]} | ret=SUCCESS |  
2019-09-05 09:21:56,805 | INFO  | SCMAudit | user=jenkins1000 | ip=192.168.69.66 | op=SEND_HEARTBEAT {datanodeUUID=4b28f000-a8b5-4c6a-8a19-100693708a3e, command=[]} | ret=SUCCESS |  
2019-09-05 09:21:56,986 | INFO  | SCMAudit | user=jenkins1000 | ip=192.168.69.66 | op=SEND_HEARTBEAT {datanodeUUID=b2a92dac-af4e-4db5-a88e-fdb3e4195e5b, command=[]} | ret=SUCCESS |  
2019-09-05 09:21:56,999 | INFO  | SCMAudit | user=jenkins1000 | ip=192.168.69.66 | op=SEND_HEARTBEAT {datanodeUUID=07be2058-8bf0-4303-a72a-c3b15076ab0b, command=[]} | ret=SUCCESS |  
2019-09-05 09:21:57,180 | INFO  | SCMAudit | user=jenkins1000 | ip=192.168.69.66 | op=SEND_HEARTBEAT {datanodeUUID=a4e26f5e-71d2-4796-80a4-c2297629d93f, command=[]} | ret=SUCCESS |  
2019-09-05 09:21:57,190 | INFO  | SCMAudit | user=jenkins1000 | ip=192.168.69.66 | op=SEND_HEARTBEAT {datanodeUUID=24fa834e-354b-4f91-9ef9-44eeb31eb01b, command=[]} | ret=SUCCESS |  
2019-09-05 09:21:57,332 [grpc-default-executor-7] INFO  client.GrpcClientProtocolClient (GrpcClientProtocolClient.java:onNext(255)) - client-E86B2320BE0F->4b28f000-a8b5-4c6a-8a19-100693708a3e: receive RaftClientReply:client-E86B2320BE0F->4b28f000-a8b5-4c6a-8a19-100693708a3e@group-C62AFDFBBC30, cid=175, FAILED org.apache.ratis.protocol.NotLeaderException: Server 4b28f000-a8b5-4c6a-8a19-100693708a3e is not the leader (null). Request must be sent to leader., logIndex=0, commits[4b28f000-a8b5-4c6a-8a19-100693708a3e:c-1]
2019-09-05 09:21:57,619 | INFO  | SCMAudit | user=jenkins1000 | ip=192.168.69.66 | op=SEND_HEARTBEAT {datanodeUUID=a3cbdde1-725c-4ca4-8d7a-a782c47315d1, command=[]} | ret=SUCCESS |  
2019-09-05 09:21:57,793 | INFO  | SCMAudit | user=jenkins1000 | ip=192.168.69.66 | op=SEND_HEARTBEAT {datanodeUUID=6f14a04a-44e3-4557-80c9-ddee849029a0, command=[]} | ret=SUCCESS |  
2019-09-05 09:21:57,805 | INFO  | SCMAudit | user=jenkins1000 | ip=192.168.69.66 | op=SEND_HEARTBEAT {datanodeUUID=4b28f000-a8b5-4c6a-8a19-100693708a3e, command=[]} | ret=SUCCESS |  
2019-09-05 09:21:57,971 [Thread-3306] INFO  impl.FollowerState (FollowerState.java:run(106)) - 6f14a04a-44e3-4557-80c9-ddee849029a0:group-170C5CBF9D77 changes to CANDIDATE, lastRpcTime:5092, electionTimeout:5092ms
2019-09-05 09:21:57,971 [Thread-3306] INFO  impl.RoleInfo (RoleInfo.java:shutdownFollowerState(121)) - 6f14a04a-44e3-4557-80c9-ddee849029a0: shutdown FollowerState
2019-09-05 09:21:57,971 [Thread-3306] INFO  impl.RaftServerImpl (RaftServerImpl.java:setRole(171)) - 6f14a04a-44e3-4557-80c9-ddee849029a0:group-170C5CBF9D77 changes role from FOLLOWER to CANDIDATE at term 0 for changeToCandidate
2019-09-05 09:21:57,971 [Thread-3306] INFO  impl.RoleInfo (RoleInfo.java:updateAndGet(143)) - 6f14a04a-44e3-4557-80c9-ddee849029a0: start LeaderElection
2019-09-05 09:21:57,986 | INFO  | SCMAudit | user=jenkins1000 | ip=192.168.69.66 | op=SEND_HEARTBEAT {datanodeUUID=b2a92dac-af4e-4db5-a88e-fdb3e4195e5b, command=[]} | ret=SUCCESS |  
2019-09-05 09:21:57,996 [6f14a04a-44e3-4557-80c9-ddee849029a0:group-170C5CBF9D77:LeaderElection55] INFO  impl.LeaderElection (LeaderElection.java:askForVotes(181)) - 6f14a04a-44e3-4557-80c9-ddee849029a0:group-170C5CBF9D77:LeaderElection55: begin an election at term 1 for -1: [6f14a04a-44e3-4557-80c9-ddee849029a0:192.168.69.66:37354], old=null
2019-09-05 09:21:57,996 [6f14a04a-44e3-4557-80c9-ddee849029a0:group-170C5CBF9D77:LeaderElection55] INFO  impl.RoleInfo (RoleInfo.java:shutdownLeaderElection(134)) - 6f14a04a-44e3-4557-80c9-ddee849029a0: shutdown LeaderElection
2019-09-05 09:21:57,996 [6f14a04a-44e3-4557-80c9-ddee849029a0:group-170C5CBF9D77:LeaderElection55] INFO  impl.RaftServerImpl (RaftServerImpl.java:setRole(171)) - 6f14a04a-44e3-4557-80c9-ddee849029a0:group-170C5CBF9D77 changes role from CANDIDATE to LEADER at term 1 for changeToLeader
2019-09-05 09:21:57,996 [6f14a04a-44e3-4557-80c9-ddee849029a0:group-170C5CBF9D77:LeaderElection55] INFO  impl.RaftServerImpl (ServerState.java:setLeader(263)) - 6f14a04a-44e3-4557-80c9-ddee849029a0:group-170C5CBF9D77 change Leader from null to 6f14a04a-44e3-4557-80c9-ddee849029a0 at term 1 for becomeLeader, leader elected after 5122ms
2019-09-05 09:21:57,996 [6f14a04a-44e3-4557-80c9-ddee849029a0:group-170C5CBF9D77:LeaderElection55] INFO  server.RaftServerConfigKeys (ConfUtils.java:logGet(43)) - raft.server.staging.catchup.gap = 1000 (default)
2019-09-05 09:21:57,997 [6f14a04a-44e3-4557-80c9-ddee849029a0:group-170C5CBF9D77:LeaderElection55] INFO  server.RaftServerConfigKeys (ConfUtils.java:logGet(43)) - raft.server.rpc.sleep.time = 25ms (default)
2019-09-05 09:21:57,997 [6f14a04a-44e3-4557-80c9-ddee849029a0:group-170C5CBF9D77:LeaderElection55] INFO  server.RaftServerConfigKeys (ConfUtils.java:logGet(43)) - raft.server.write.element-limit = 4096 (default)
2019-09-05 09:21:57,997 [6f14a04a-44e3-4557-80c9-ddee849029a0:group-170C5CBF9D77:LeaderElection55] INFO  server.RaftServerConfigKeys (ConfUtils.java:logGet(43)) - raft.server.watch.timeout = 10s (default)
2019-09-05 09:21:57,997 [6f14a04a-44e3-4557-80c9-ddee849029a0:group-170C5CBF9D77:LeaderElection55] INFO  server.RaftServerConfigKeys (ConfUtils.java:logGet(43)) - raft.server.watch.timeout.denomination = 1s (default)
2019-09-05 09:21:57,997 [6f14a04a-44e3-4557-80c9-ddee849029a0:group-170C5CBF9D77:LeaderElection55] INFO  server.RaftServerConfigKeys (ConfUtils.java:logGet(43)) - raft.server.watch.element-limit = 65536 (default)
2019-09-05 09:21:57,998 [6f14a04a-44e3-4557-80c9-ddee849029a0:group-170C5CBF9D77:LeaderElection55] INFO  impl.RoleInfo (RoleInfo.java:updateAndGet(143)) - 6f14a04a-44e3-4557-80c9-ddee849029a0: start LeaderState
2019-09-05 09:21:57,998 [6f14a04a-44e3-4557-80c9-ddee849029a0:group-170C5CBF9D77:LeaderElection55] INFO  segmented.SegmentedRaftLogWorker (SegmentedRaftLogWorker.java:startLogSegment(380)) - 6f14a04a-44e3-4557-80c9-ddee849029a0-SegmentedRaftLogWorker:Storage Directory /workdir/hadoop-ozone/integration-test/target/test-dir/MiniOzoneClusterImpl-b9007246-1341-44ba-8eb7-22f06fb20b9c/datanode-0/data/ratis/3c6d96ac-1a02-4552-9db7-170c5cbf9d77: Starting segment from index:0
2019-09-05 09:21:57,999 [6f14a04a-44e3-4557-80c9-ddee849029a0:group-170C5CBF9D77:LeaderElection55] INFO  impl.RaftServerImpl (ServerState.java:setRaftConf(361)) - 6f14a04a-44e3-4557-80c9-ddee849029a0:group-170C5CBF9D77 set configuration 0: [6f14a04a-44e3-4557-80c9-ddee849029a0:192.168.69.66:37354], old=null at 0
2019-09-05 09:21:57,999 | INFO  | SCMAudit | user=jenkins1000 | ip=192.168.69.66 | op=SEND_HEARTBEAT {datanodeUUID=07be2058-8bf0-4303-a72a-c3b15076ab0b, command=[]} | ret=SUCCESS |  
2019-09-05 09:21:58,042 [6f14a04a-44e3-4557-80c9-ddee849029a0-SegmentedRaftLogWorker:Storage Directory /workdir/hadoop-ozone/integration-test/target/test-dir/MiniOzoneClusterImpl-b9007246-1341-44ba-8eb7-22f06fb20b9c/datanode-0/data/ratis/3c6d96ac-1a02-4552-9db7-170c5cbf9d77] INFO  segmented.SegmentedRaftLogWorker (SegmentedRaftLogWorker.java:execute(569)) - 6f14a04a-44e3-4557-80c9-ddee849029a0-SegmentedRaftLogWorker:Storage Directory /workdir/hadoop-ozone/integration-test/target/test-dir/MiniOzoneClusterImpl-b9007246-1341-44ba-8eb7-22f06fb20b9c/datanode-0/data/ratis/3c6d96ac-1a02-4552-9db7-170c5cbf9d77: created new log segment /workdir/hadoop-ozone/integration-test/target/test-dir/MiniOzoneClusterImpl-b9007246-1341-44ba-8eb7-22f06fb20b9c/datanode-0/data/ratis/3c6d96ac-1a02-4552-9db7-170c5cbf9d77/current/log_inprogress_0
2019-09-05 09:21:58,180 | INFO  | SCMAudit | user=jenkins1000 | ip=192.168.69.66 | op=SEND_HEARTBEAT {datanodeUUID=a4e26f5e-71d2-4796-80a4-c2297629d93f, command=[]} | ret=SUCCESS |  
2019-09-05 09:21:58,190 | INFO  | SCMAudit | user=jenkins1000 | ip=192.168.69.66 | op=SEND_HEARTBEAT {datanodeUUID=24fa834e-354b-4f91-9ef9-44eeb31eb01b, command=[]} | ret=SUCCESS |  
2019-09-05 09:21:58,275 [Thread-3309] INFO  impl.FollowerState (FollowerState.java:run(106)) - 07be2058-8bf0-4303-a72a-c3b15076ab0b:group-F280F9F1D8C3 changes to CANDIDATE, lastRpcTime:5155, electionTimeout:5155ms
2019-09-05 09:21:58,275 [Thread-3309] INFO  impl.RoleInfo (RoleInfo.java:shutdownFollowerState(121)) - 07be2058-8bf0-4303-a72a-c3b15076ab0b: shutdown FollowerState
2019-09-05 09:21:58,275 [Thread-3309] INFO  impl.RaftServerImpl (RaftServerImpl.java:setRole(171)) - 07be2058-8bf0-4303-a72a-c3b15076ab0b:group-F280F9F1D8C3 changes role from FOLLOWER to CANDIDATE at term 0 for changeToCandidate
2019-09-05 09:21:58,275 [Thread-3309] INFO  impl.RoleInfo (RoleInfo.java:updateAndGet(143)) - 07be2058-8bf0-4303-a72a-c3b15076ab0b: start LeaderElection
2019-09-05 09:21:58,276 [Thread-3312] INFO  impl.FollowerState (FollowerState.java:run(106)) - a4e26f5e-71d2-4796-80a4-c2297629d93f:group-6B302D767DB6 changes to CANDIDATE, lastRpcTime:5022, electionTimeout:5022ms
2019-09-05 09:21:58,276 [Thread-3312] INFO  impl.RoleInfo (RoleInfo.java:shutdownFollowerState(121)) - a4e26f5e-71d2-4796-80a4-c2297629d93f: shutdown FollowerState
2019-09-05 09:21:58,276 [Thread-3312] INFO  impl.RaftServerImpl (RaftServerImpl.java:setRole(171)) - a4e26f5e-71d2-4796-80a4-c2297629d93f:group-6B302D767DB6 changes role from FOLLOWER to CANDIDATE at term 0 for changeToCandidate
2019-09-05 09:21:58,279 [Thread-3312] INFO  impl.RoleInfo (RoleInfo.java:updateAndGet(143)) - a4e26f5e-71d2-4796-80a4-c2297629d93f: start LeaderElection
2019-09-05 09:21:58,305 [a4e26f5e-71d2-4796-80a4-c2297629d93f:group-6B302D767DB6:LeaderElection57] INFO  impl.LeaderElection (LeaderElection.java:askForVotes(181)) - a4e26f5e-71d2-4796-80a4-c2297629d93f:group-6B302D767DB6:LeaderElection57: begin an election at term 1 for -1: [a4e26f5e-71d2-4796-80a4-c2297629d93f:192.168.69.66:34336], old=null
2019-09-05 09:21:58,306 [07be2058-8bf0-4303-a72a-c3b15076ab0b:group-F280F9F1D8C3:LeaderElection56] INFO  impl.LeaderElection (LeaderElection.java:askForVotes(181)) - 07be2058-8bf0-4303-a72a-c3b15076ab0b:group-F280F9F1D8C3:LeaderElection56: begin an election at term 1 for -1: [07be2058-8bf0-4303-a72a-c3b15076ab0b:192.168.69.66:45326], old=null
2019-09-05 09:21:58,306 [a4e26f5e-71d2-4796-80a4-c2297629d93f:group-6B302D767DB6:LeaderElection57] INFO  impl.RoleInfo (RoleInfo.java:shutdownLeaderElection(134)) - a4e26f5e-71d2-4796-80a4-c2297629d93f: shutdown LeaderElection
2019-09-05 09:21:58,306 [07be2058-8bf0-4303-a72a-c3b15076ab0b:group-F280F9F1D8C3:LeaderElection56] INFO  impl.RoleInfo (RoleInfo.java:shutdownLeaderElection(134)) - 07be2058-8bf0-4303-a72a-c3b15076ab0b: shutdown LeaderElection
2019-09-05 09:21:58,306 [a4e26f5e-71d2-4796-80a4-c2297629d93f:group-6B302D767DB6:LeaderElection57] INFO  impl.RaftServerImpl (RaftServerImpl.java:setRole(171)) - a4e26f5e-71d2-4796-80a4-c2297629d93f:group-6B302D767DB6 changes role from CANDIDATE to LEADER at term 1 for changeToLeader
2019-09-05 09:21:58,306 [07be2058-8bf0-4303-a72a-c3b15076ab0b:group-F280F9F1D8C3:LeaderElection56] INFO  impl.RaftServerImpl (RaftServerImpl.java:setRole(171)) - 07be2058-8bf0-4303-a72a-c3b15076ab0b:group-F280F9F1D8C3 changes role from CANDIDATE to LEADER at term 1 for changeToLeader
2019-09-05 09:21:58,306 [a4e26f5e-71d2-4796-80a4-c2297629d93f:group-6B302D767DB6:LeaderElection57] INFO  impl.RaftServerImpl (ServerState.java:setLeader(263)) - a4e26f5e-71d2-4796-80a4-c2297629d93f:group-6B302D767DB6 change Leader from null to a4e26f5e-71d2-4796-80a4-c2297629d93f at term 1 for becomeLeader, leader elected after 5058ms
2019-09-05 09:21:58,306 [07be2058-8bf0-4303-a72a-c3b15076ab0b:group-F280F9F1D8C3:LeaderElection56] INFO  impl.RaftServerImpl (ServerState.java:setLeader(263)) - 07be2058-8bf0-4303-a72a-c3b15076ab0b:group-F280F9F1D8C3 change Leader from null to 07be2058-8bf0-4303-a72a-c3b15076ab0b at term 1 for becomeLeader, leader elected after 5189ms
2019-09-05 09:21:58,306 [a4e26f5e-71d2-4796-80a4-c2297629d93f:group-6B302D767DB6:LeaderElection57] INFO  server.RaftServerConfigKeys (ConfUtils.java:logGet(43)) - raft.server.staging.catchup.gap = 1000 (default)
2019-09-05 09:21:58,307 [07be2058-8bf0-4303-a72a-c3b15076ab0b:group-F280F9F1D8C3:LeaderElection56] INFO  server.RaftServerConfigKeys (ConfUtils.java:logGet(43)) - raft.server.staging.catchup.gap = 1000 (default)
2019-09-05 09:21:58,307 [a4e26f5e-71d2-4796-80a4-c2297629d93f:group-6B302D767DB6:LeaderElection57] INFO  server.RaftServerConfigKeys (ConfUtils.java:logGet(43)) - raft.server.rpc.sleep.time = 25ms (default)
2019-09-05 09:21:58,307 [07be2058-8bf0-4303-a72a-c3b15076ab0b:group-F280F9F1D8C3:LeaderElection56] INFO  server.RaftServerConfigKeys (ConfUtils.java:logGet(43)) - raft.server.rpc.sleep.time = 25ms (default)
2019-09-05 09:21:58,307 [a4e26f5e-71d2-4796-80a4-c2297629d93f:group-6B302D767DB6:LeaderElection57] INFO  server.RaftServerConfigKeys (ConfUtils.java:logGet(43)) - raft.server.write.element-limit = 4096 (default)
2019-09-05 09:21:58,307 [07be2058-8bf0-4303-a72a-c3b15076ab0b:group-F280F9F1D8C3:LeaderElection56] INFO  server.RaftServerConfigKeys (ConfUtils.java:logGet(43)) - raft.server.write.element-limit = 4096 (default)
2019-09-05 09:21:58,307 [a4e26f5e-71d2-4796-80a4-c2297629d93f:group-6B302D767DB6:LeaderElection57] INFO  server.RaftServerConfigKeys (ConfUtils.java:logGet(43)) - raft.server.watch.timeout = 10s (default)
2019-09-05 09:21:58,307 [07be2058-8bf0-4303-a72a-c3b15076ab0b:group-F280F9F1D8C3:LeaderElection56] INFO  server.RaftServerConfigKeys (ConfUtils.java:logGet(43)) - raft.server.watch.timeout = 10s (default)
2019-09-05 09:21:58,307 [a4e26f5e-71d2-4796-80a4-c2297629d93f:group-6B302D767DB6:LeaderElection57] INFO  server.RaftServerConfigKeys (ConfUtils.java:logGet(43)) - raft.server.watch.timeout.denomination = 1s (default)
2019-09-05 09:21:58,308 [07be2058-8bf0-4303-a72a-c3b15076ab0b:group-F280F9F1D8C3:LeaderElection56] INFO  server.RaftServerConfigKeys (ConfUtils.java:logGet(43)) - raft.server.watch.timeout.denomination = 1s (default)
2019-09-05 09:21:58,308 [a4e26f5e-71d2-4796-80a4-c2297629d93f:group-6B302D767DB6:LeaderElection57] INFO  server.RaftServerConfigKeys (ConfUtils.java:logGet(43)) - raft.server.watch.element-limit = 65536 (default)
2019-09-05 09:21:58,308 [07be2058-8bf0-4303-a72a-c3b15076ab0b:group-F280F9F1D8C3:LeaderElection56] INFO  server.RaftServerConfigKeys (ConfUtils.java:logGet(43)) - raft.server.watch.element-limit = 65536 (default)
2019-09-05 09:21:58,308 [a4e26f5e-71d2-4796-80a4-c2297629d93f:group-6B302D767DB6:LeaderElection57] INFO  impl.RoleInfo (RoleInfo.java:updateAndGet(143)) - a4e26f5e-71d2-4796-80a4-c2297629d93f: start LeaderState
2019-09-05 09:21:58,308 [07be2058-8bf0-4303-a72a-c3b15076ab0b:group-F280F9F1D8C3:LeaderElection56] INFO  impl.RoleInfo (RoleInfo.java:updateAndGet(143)) - 07be2058-8bf0-4303-a72a-c3b15076ab0b: start LeaderState
2019-09-05 09:21:58,308 [a4e26f5e-71d2-4796-80a4-c2297629d93f:group-6B302D767DB6:LeaderElection57] INFO  segmented.SegmentedRaftLogWorker (SegmentedRaftLogWorker.java:startLogSegment(380)) - a4e26f5e-71d2-4796-80a4-c2297629d93f-SegmentedRaftLogWorker:Storage Directory /workdir/hadoop-ozone/integration-test/target/test-dir/MiniOzoneClusterImpl-b9007246-1341-44ba-8eb7-22f06fb20b9c/datanode-2/data/ratis/c7d7e988-4c5c-485e-a4ed-6b302d767db6: Starting segment from index:0
2019-09-05 09:21:58,308 [07be2058-8bf0-4303-a72a-c3b15076ab0b:group-F280F9F1D8C3:LeaderElection56] INFO  segmented.SegmentedRaftLogWorker (SegmentedRaftLogWorker.java:startLogSegment(380)) - 07be2058-8bf0-4303-a72a-c3b15076ab0b-SegmentedRaftLogWorker:Storage Directory /workdir/hadoop-ozone/integration-test/target/test-dir/MiniOzoneClusterImpl-b9007246-1341-44ba-8eb7-22f06fb20b9c/datanode-1/data/ratis/fd3cb5d0-e3d2-4fac-a4ce-f280f9f1d8c3: Starting segment from index:0
2019-09-05 09:21:58,309 [a4e26f5e-71d2-4796-80a4-c2297629d93f:group-6B302D767DB6:LeaderElection57] INFO  impl.RaftServerImpl (ServerState.java:setRaftConf(361)) - a4e26f5e-71d2-4796-80a4-c2297629d93f:group-6B302D767DB6 set configuration 0: [a4e26f5e-71d2-4796-80a4-c2297629d93f:192.168.69.66:34336], old=null at 0
2019-09-05 09:21:58,337 [07be2058-8bf0-4303-a72a-c3b15076ab0b:group-F280F9F1D8C3:LeaderElection56] INFO  impl.RaftServerImpl (ServerState.java:setRaftConf(361)) - 07be2058-8bf0-4303-a72a-c3b15076ab0b:group-F280F9F1D8C3 set configuration 0: [07be2058-8bf0-4303-a72a-c3b15076ab0b:192.168.69.66:45326], old=null at 0
2019-09-05 09:21:58,368 [a4e26f5e-71d2-4796-80a4-c2297629d93f-SegmentedRaftLogWorker:Storage Directory /workdir/hadoop-ozone/integration-test/target/test-dir/MiniOzoneClusterImpl-b9007246-1341-44ba-8eb7-22f06fb20b9c/datanode-2/data/ratis/c7d7e988-4c5c-485e-a4ed-6b302d767db6] INFO  segmented.SegmentedRaftLogWorker (SegmentedRaftLogWorker.java:execute(569)) - a4e26f5e-71d2-4796-80a4-c2297629d93f-SegmentedRaftLogWorker:Storage Directory /workdir/hadoop-ozone/integration-test/target/test-dir/MiniOzoneClusterImpl-b9007246-1341-44ba-8eb7-22f06fb20b9c/datanode-2/data/ratis/c7d7e988-4c5c-485e-a4ed-6b302d767db6: created new log segment /workdir/hadoop-ozone/integration-test/target/test-dir/MiniOzoneClusterImpl-b9007246-1341-44ba-8eb7-22f06fb20b9c/datanode-2/data/ratis/c7d7e988-4c5c-485e-a4ed-6b302d767db6/current/log_inprogress_0
2019-09-05 09:21:58,374 [grpc-default-executor-8] INFO  client.GrpcClientProtocolClient (GrpcClientProtocolClient.java:onNext(255)) - client-E86B2320BE0F->a3cbdde1-725c-4ca4-8d7a-a782c47315d1: receive RaftClientReply:client-E86B2320BE0F->a3cbdde1-725c-4ca4-8d7a-a782c47315d1@group-C62AFDFBBC30, cid=175, FAILED org.apache.ratis.protocol.NotLeaderException: Server a3cbdde1-725c-4ca4-8d7a-a782c47315d1 is not the leader (null). Request must be sent to leader., logIndex=0, commits[a3cbdde1-725c-4ca4-8d7a-a782c47315d1:c-1]
2019-09-05 09:21:58,381 [07be2058-8bf0-4303-a72a-c3b15076ab0b-SegmentedRaftLogWorker:Storage Directory /workdir/hadoop-ozone/integration-test/target/test-dir/MiniOzoneClusterImpl-b9007246-1341-44ba-8eb7-22f06fb20b9c/datanode-1/data/ratis/fd3cb5d0-e3d2-4fac-a4ce-f280f9f1d8c3] INFO  segmented.SegmentedRaftLogWorker (SegmentedRaftLogWorker.java:execute(569)) - 07be2058-8bf0-4303-a72a-c3b15076ab0b-SegmentedRaftLogWorker:Storage Directory /workdir/hadoop-ozone/integration-test/target/test-dir/MiniOzoneClusterImpl-b9007246-1341-44ba-8eb7-22f06fb20b9c/datanode-1/data/ratis/fd3cb5d0-e3d2-4fac-a4ce-f280f9f1d8c3: created new log segment /workdir/hadoop-ozone/integration-test/target/test-dir/MiniOzoneClusterImpl-b9007246-1341-44ba-8eb7-22f06fb20b9c/datanode-1/data/ratis/fd3cb5d0-e3d2-4fac-a4ce-f280f9f1d8c3/current/log_inprogress_0
2019-09-05 09:21:58,431 [Thread-3315] INFO  impl.FollowerState (FollowerState.java:run(106)) - a4e26f5e-71d2-4796-80a4-c2297629d93f:group-D2EF0FD8E838 changes to CANDIDATE, lastRpcTime:5107, electionTimeout:5107ms
2019-09-05 09:21:58,431 [Thread-3315] INFO  impl.RoleInfo (RoleInfo.java:shutdownFollowerState(121)) - a4e26f5e-71d2-4796-80a4-c2297629d93f: shutdown FollowerState
2019-09-05 09:21:58,431 [Thread-3315] INFO  impl.RaftServerImpl (RaftServerImpl.java:setRole(171)) - a4e26f5e-71d2-4796-80a4-c2297629d93f:group-D2EF0FD8E838 changes role from FOLLOWER to CANDIDATE at term 0 for changeToCandidate
2019-09-05 09:21:58,431 [Thread-3315] INFO  impl.RoleInfo (RoleInfo.java:updateAndGet(143)) - a4e26f5e-71d2-4796-80a4-c2297629d93f: start LeaderElection
2019-09-05 09:21:58,439 [Thread-3319] INFO  impl.FollowerState (FollowerState.java:run(106)) - 07be2058-8bf0-4303-a72a-c3b15076ab0b:group-D2EF0FD8E838 changes to CANDIDATE, lastRpcTime:5112, electionTimeout:5102ms
2019-09-05 09:21:58,439 [Thread-3319] INFO  impl.RoleInfo (RoleInfo.java:shutdownFollowerState(121)) - 07be2058-8bf0-4303-a72a-c3b15076ab0b: shutdown FollowerState
2019-09-05 09:21:58,439 [Thread-3319] INFO  impl.RaftServerImpl (RaftServerImpl.java:setRole(171)) - 07be2058-8bf0-4303-a72a-c3b15076ab0b:group-D2EF0FD8E838 changes role from FOLLOWER to CANDIDATE at term 0 for changeToCandidate
2019-09-05 09:21:58,439 [Thread-3319] INFO  impl.RoleInfo (RoleInfo.java:updateAndGet(143)) - 07be2058-8bf0-4303-a72a-c3b15076ab0b: start LeaderElection
2019-09-05 09:21:58,491 [a4e26f5e-71d2-4796-80a4-c2297629d93f:group-D2EF0FD8E838:LeaderElection58] INFO  impl.LeaderElection (LeaderElection.java:askForVotes(181)) - a4e26f5e-71d2-4796-80a4-c2297629d93f:group-D2EF0FD8E838:LeaderElection58: begin an election at term 1 for -1: [a4e26f5e-71d2-4796-80a4-c2297629d93f:192.168.69.66:34336, 6f14a04a-44e3-4557-80c9-ddee849029a0:192.168.69.66:37354, 07be2058-8bf0-4303-a72a-c3b15076ab0b:192.168.69.66:45326], old=null
2019-09-05 09:21:58,491 [07be2058-8bf0-4303-a72a-c3b15076ab0b:group-D2EF0FD8E838:LeaderElection59] INFO  impl.LeaderElection (LeaderElection.java:askForVotes(181)) - 07be2058-8bf0-4303-a72a-c3b15076ab0b:group-D2EF0FD8E838:LeaderElection59: begin an election at term 1 for -1: [a4e26f5e-71d2-4796-80a4-c2297629d93f:192.168.69.66:34336, 6f14a04a-44e3-4557-80c9-ddee849029a0:192.168.69.66:37354, 07be2058-8bf0-4303-a72a-c3b15076ab0b:192.168.69.66:45326], old=null
2019-09-05 09:21:58,498 [grpc-default-executor-7] INFO  impl.RaftServerImpl (RaftServerImpl.java:setRole(171)) - 6f14a04a-44e3-4557-80c9-ddee849029a0:group-D2EF0FD8E838 changes role from FOLLOWER to FOLLOWER at term 1 for recognizeCandidate:a4e26f5e-71d2-4796-80a4-c2297629d93f
2019-09-05 09:21:58,505 [grpc-default-executor-7] INFO  impl.RoleInfo (RoleInfo.java:shutdownFollowerState(121)) - 6f14a04a-44e3-4557-80c9-ddee849029a0: shutdown FollowerState
2019-09-05 09:21:58,505 [grpc-default-executor-7] INFO  impl.RoleInfo (RoleInfo.java:updateAndGet(143)) - 6f14a04a-44e3-4557-80c9-ddee849029a0: start FollowerState
2019-09-05 09:21:58,530 [a4e26f5e-71d2-4796-80a4-c2297629d93f:group-D2EF0FD8E838:LeaderElection58] INFO  impl.LeaderElection (LeaderElection.java:logAndReturn(56)) - a4e26f5e-71d2-4796-80a4-c2297629d93f:group-D2EF0FD8E838:LeaderElection58: Election PASSED; received 2 response(s) [a4e26f5e-71d2-4796-80a4-c2297629d93f<-6f14a04a-44e3-4557-80c9-ddee849029a0#0:OK-t1, a4e26f5e-71d2-4796-80a4-c2297629d93f<-07be2058-8bf0-4303-a72a-c3b15076ab0b#0:FAIL-t1] and 0 exception(s); a4e26f5e-71d2-4796-80a4-c2297629d93f:t1, leader=null, voted=a4e26f5e-71d2-4796-80a4-c2297629d93f, raftlog=a4e26f5e-71d2-4796-80a4-c2297629d93f-SegmentedRaftLog:OPENED:c-1,f-1,i0, conf=-1: [a4e26f5e-71d2-4796-80a4-c2297629d93f:192.168.69.66:34336, 6f14a04a-44e3-4557-80c9-ddee849029a0:192.168.69.66:37354, 07be2058-8bf0-4303-a72a-c3b15076ab0b:192.168.69.66:45326], old=null
2019-09-05 09:21:58,530 [07be2058-8bf0-4303-a72a-c3b15076ab0b:group-D2EF0FD8E838:LeaderElection59] INFO  impl.LeaderElection (LeaderElection.java:logAndReturn(56)) - 07be2058-8bf0-4303-a72a-c3b15076ab0b:group-D2EF0FD8E838:LeaderElection59: Election REJECTED; received 2 response(s) [07be2058-8bf0-4303-a72a-c3b15076ab0b<-a4e26f5e-71d2-4796-80a4-c2297629d93f#0:FAIL-t1, 07be2058-8bf0-4303-a72a-c3b15076ab0b<-6f14a04a-44e3-4557-80c9-ddee849029a0#0:FAIL-t1] and 0 exception(s); 07be2058-8bf0-4303-a72a-c3b15076ab0b:t1, leader=null, voted=07be2058-8bf0-4303-a72a-c3b15076ab0b, raftlog=07be2058-8bf0-4303-a72a-c3b15076ab0b-SegmentedRaftLog:OPENED:c-1,f-1,i0, conf=-1: [a4e26f5e-71d2-4796-80a4-c2297629d93f:192.168.69.66:34336, 6f14a04a-44e3-4557-80c9-ddee849029a0:192.168.69.66:37354, 07be2058-8bf0-4303-a72a-c3b15076ab0b:192.168.69.66:45326], old=null
2019-09-05 09:21:58,530 [a4e26f5e-71d2-4796-80a4-c2297629d93f:group-D2EF0FD8E838:LeaderElection58] INFO  impl.RoleInfo (RoleInfo.java:shutdownLeaderElection(134)) - a4e26f5e-71d2-4796-80a4-c2297629d93f: shutdown LeaderElection
2019-09-05 09:21:58,530 [07be2058-8bf0-4303-a72a-c3b15076ab0b:group-D2EF0FD8E838:LeaderElection59] INFO  impl.RaftServerImpl (RaftServerImpl.java:setRole(171)) - 07be2058-8bf0-4303-a72a-c3b15076ab0b:group-D2EF0FD8E838 changes role from CANDIDATE to FOLLOWER at term 1 for DISCOVERED_A_NEW_TERM
2019-09-05 09:21:58,530 [a4e26f5e-71d2-4796-80a4-c2297629d93f:group-D2EF0FD8E838:LeaderElection58] INFO  impl.RaftServerImpl (RaftServerImpl.java:setRole(171)) - a4e26f5e-71d2-4796-80a4-c2297629d93f:group-D2EF0FD8E838 changes role from CANDIDATE to LEADER at term 1 for changeToLeader
2019-09-05 09:21:58,530 [07be2058-8bf0-4303-a72a-c3b15076ab0b:group-D2EF0FD8E838:LeaderElection59] INFO  impl.RoleInfo (RoleInfo.java:shutdownLeaderElection(134)) - 07be2058-8bf0-4303-a72a-c3b15076ab0b: shutdown LeaderElection
2019-09-05 09:21:58,530 [a4e26f5e-71d2-4796-80a4-c2297629d93f:group-D2EF0FD8E838:LeaderElection58] INFO  impl.RaftServerImpl (ServerState.java:setLeader(263)) - a4e26f5e-71d2-4796-80a4-c2297629d93f:group-D2EF0FD8E838 change Leader from null to a4e26f5e-71d2-4796-80a4-c2297629d93f at term 1 for becomeLeader, leader elected after 5213ms
2019-09-05 09:21:58,531 [07be2058-8bf0-4303-a72a-c3b15076ab0b:group-D2EF0FD8E838:LeaderElection59] INFO  impl.RoleInfo (RoleInfo.java:updateAndGet(143)) - 07be2058-8bf0-4303-a72a-c3b15076ab0b: start FollowerState
2019-09-05 09:21:58,531 [a4e26f5e-71d2-4796-80a4-c2297629d93f:group-D2EF0FD8E838:LeaderElection58] INFO  server.RaftServerConfigKeys (ConfUtils.java:logGet(43)) - raft.server.staging.catchup.gap = 1000 (default)
2019-09-05 09:21:58,531 [a4e26f5e-71d2-4796-80a4-c2297629d93f:group-D2EF0FD8E838:LeaderElection58] INFO  server.RaftServerConfigKeys (ConfUtils.java:logGet(43)) - raft.server.rpc.sleep.time = 25ms (default)
2019-09-05 09:21:58,531 [a4e26f5e-71d2-4796-80a4-c2297629d93f:group-D2EF0FD8E838:LeaderElection58] INFO  server.RaftServerConfigKeys (ConfUtils.java:logGet(43)) - raft.server.write.element-limit = 4096 (default)
2019-09-05 09:21:58,531 [a4e26f5e-71d2-4796-80a4-c2297629d93f:group-D2EF0FD8E838:LeaderElection58] INFO  server.RaftServerConfigKeys (ConfUtils.java:logGet(43)) - raft.server.watch.timeout = 10s (default)
2019-09-05 09:21:58,531 [a4e26f5e-71d2-4796-80a4-c2297629d93f:group-D2EF0FD8E838:LeaderElection58] INFO  server.RaftServerConfigKeys (ConfUtils.java:logGet(43)) - raft.server.watch.timeout.denomination = 1s (default)
2019-09-05 09:21:58,531 [a4e26f5e-71d2-4796-80a4-c2297629d93f:group-D2EF0FD8E838:LeaderElection58] INFO  server.RaftServerConfigKeys (ConfUtils.java:logGet(43)) - raft.server.watch.element-limit = 65536 (default)
2019-09-05 09:21:58,532 [a4e26f5e-71d2-4796-80a4-c2297629d93f:group-D2EF0FD8E838:LeaderElection58] INFO  server.RaftServerConfigKeys (ConfUtils.java:logGet(43)) - raft.server.log.appender.snapshot.chunk.size.max = 16MB (=16777216) (default)
2019-09-05 09:21:58,532 [a4e26f5e-71d2-4796-80a4-c2297629d93f:group-D2EF0FD8E838:LeaderElection58] INFO  server.RaftServerConfigKeys (ConfUtils.java:logGet(43)) - raft.server.log.appender.buffer.byte-limit = 33554432 (custom)
2019-09-05 09:21:58,532 [a4e26f5e-71d2-4796-80a4-c2297629d93f:group-D2EF0FD8E838:LeaderElection58] INFO  server.RaftServerConfigKeys (ConfUtils.java:logGet(43)) - raft.server.log.appender.buffer.element-limit = 1 (custom)
2019-09-05 09:21:58,532 [a4e26f5e-71d2-4796-80a4-c2297629d93f:group-D2EF0FD8E838:LeaderElection58] INFO  grpc.GrpcConfigKeys$Server (ConfUtils.java:logGet(43)) - raft.grpc.server.leader.outstanding.appends.max = 128 (default)
2019-09-05 09:21:58,532 [a4e26f5e-71d2-4796-80a4-c2297629d93f:group-D2EF0FD8E838:LeaderElection58] INFO  server.RaftServerConfigKeys (ConfUtils.java:logGet(43)) - raft.server.rpc.request.timeout = 3000ms (default)
2019-09-05 09:21:58,532 [a4e26f5e-71d2-4796-80a4-c2297629d93f:group-D2EF0FD8E838:LeaderElection58] INFO  server.RaftServerConfigKeys (ConfUtils.java:logGet(43)) - raft.server.log.appender.install.snapshot.enabled = false (custom)
2019-09-05 09:21:58,533 [a4e26f5e-71d2-4796-80a4-c2297629d93f:group-D2EF0FD8E838:LeaderElection58] INFO  server.RaftServerConfigKeys (ConfUtils.java:logGet(43)) - raft.server.log.appender.snapshot.chunk.size.max = 16MB (=16777216) (default)
2019-09-05 09:21:58,533 [a4e26f5e-71d2-4796-80a4-c2297629d93f:group-D2EF0FD8E838:LeaderElection58] INFO  server.RaftServerConfigKeys (ConfUtils.java:logGet(43)) - raft.server.log.appender.buffer.byte-limit = 33554432 (custom)
2019-09-05 09:21:58,533 [a4e26f5e-71d2-4796-80a4-c2297629d93f:group-D2EF0FD8E838:LeaderElection58] INFO  server.RaftServerConfigKeys (ConfUtils.java:logGet(43)) - raft.server.log.appender.buffer.element-limit = 1 (custom)
2019-09-05 09:21:58,533 [a4e26f5e-71d2-4796-80a4-c2297629d93f:group-D2EF0FD8E838:LeaderElection58] INFO  grpc.GrpcConfigKeys$Server (ConfUtils.java:logGet(43)) - raft.grpc.server.leader.outstanding.appends.max = 128 (default)
2019-09-05 09:21:58,533 [a4e26f5e-71d2-4796-80a4-c2297629d93f:group-D2EF0FD8E838:LeaderElection58] INFO  server.RaftServerConfigKeys (ConfUtils.java:logGet(43)) - raft.server.rpc.request.timeout = 3000ms (default)
2019-09-05 09:21:58,533 [a4e26f5e-71d2-4796-80a4-c2297629d93f:group-D2EF0FD8E838:LeaderElection58] INFO  server.RaftServerConfigKeys (ConfUtils.java:logGet(43)) - raft.server.log.appender.install.snapshot.enabled = false (custom)
2019-09-05 09:21:58,533 [a4e26f5e-71d2-4796-80a4-c2297629d93f:group-D2EF0FD8E838:LeaderElection58] INFO  impl.RoleInfo (RoleInfo.java:updateAndGet(143)) - a4e26f5e-71d2-4796-80a4-c2297629d93f: start LeaderState
2019-09-05 09:21:58,534 [a4e26f5e-71d2-4796-80a4-c2297629d93f:group-D2EF0FD8E838:LeaderElection58] INFO  segmented.SegmentedRaftLogWorker (SegmentedRaftLogWorker.java:startLogSegment(380)) - a4e26f5e-71d2-4796-80a4-c2297629d93f-SegmentedRaftLogWorker:Storage Directory /workdir/hadoop-ozone/integration-test/target/test-dir/MiniOzoneClusterImpl-b9007246-1341-44ba-8eb7-22f06fb20b9c/datanode-2/data/ratis/c4074c19-c9a1-482a-9745-d2ef0fd8e838: Starting segment from index:0
2019-09-05 09:21:58,534 [a4e26f5e-71d2-4796-80a4-c2297629d93f:group-D2EF0FD8E838:LeaderElection58] INFO  impl.RaftServerImpl (ServerState.java:setRaftConf(361)) - a4e26f5e-71d2-4796-80a4-c2297629d93f:group-D2EF0FD8E838 set configuration 0: [a4e26f5e-71d2-4796-80a4-c2297629d93f:192.168.69.66:34336, 6f14a04a-44e3-4557-80c9-ddee849029a0:192.168.69.66:37354, 07be2058-8bf0-4303-a72a-c3b15076ab0b:192.168.69.66:45326], old=null at 0
2019-09-05 09:21:58,535 [grpc-default-executor-4] INFO  impl.RaftServerImpl (ServerState.java:setLeader(263)) - 6f14a04a-44e3-4557-80c9-ddee849029a0:group-D2EF0FD8E838 change Leader from null to a4e26f5e-71d2-4796-80a4-c2297629d93f at term 1 for appendEntries, leader elected after 5219ms
2019-09-05 09:21:58,535 [grpc-default-executor-7] INFO  impl.RaftServerImpl (ServerState.java:setLeader(263)) - 07be2058-8bf0-4303-a72a-c3b15076ab0b:group-D2EF0FD8E838 change Leader from null to a4e26f5e-71d2-4796-80a4-c2297629d93f at term 1 for appendEntries, leader elected after 5218ms
2019-09-05 09:21:58,537 [grpc-default-executor-7] INFO  impl.RaftServerImpl (ServerState.java:setRaftConf(361)) - 6f14a04a-44e3-4557-80c9-ddee849029a0:group-D2EF0FD8E838 set configuration 0: [a4e26f5e-71d2-4796-80a4-c2297629d93f:192.168.69.66:34336, 6f14a04a-44e3-4557-80c9-ddee849029a0:192.168.69.66:37354, 07be2058-8bf0-4303-a72a-c3b15076ab0b:192.168.69.66:45326], old=null at 0
2019-09-05 09:21:58,537 [grpc-default-executor-7] INFO  segmented.SegmentedRaftLogWorker (SegmentedRaftLogWorker.java:startLogSegment(380)) - 6f14a04a-44e3-4557-80c9-ddee849029a0-SegmentedRaftLogWorker:Storage Directory /workdir/hadoop-ozone/integration-test/target/test-dir/MiniOzoneClusterImpl-b9007246-1341-44ba-8eb7-22f06fb20b9c/datanode-0/data/ratis/c4074c19-c9a1-482a-9745-d2ef0fd8e838: Starting segment from index:0
2019-09-05 09:21:58,537 [grpc-default-executor-4] INFO  impl.RaftServerImpl (ServerState.java:setRaftConf(361)) - 07be2058-8bf0-4303-a72a-c3b15076ab0b:group-D2EF0FD8E838 set configuration 0: [a4e26f5e-71d2-4796-80a4-c2297629d93f:192.168.69.66:34336, 6f14a04a-44e3-4557-80c9-ddee849029a0:192.168.69.66:37354, 07be2058-8bf0-4303-a72a-c3b15076ab0b:192.168.69.66:45326], old=null at 0
2019-09-05 09:21:58,538 [grpc-default-executor-4] INFO  segmented.SegmentedRaftLogWorker (SegmentedRaftLogWorker.java:startLogSegment(380)) - 07be2058-8bf0-4303-a72a-c3b15076ab0b-SegmentedRaftLogWorker:Storage Directory /workdir/hadoop-ozone/integration-test/target/test-dir/MiniOzoneClusterImpl-b9007246-1341-44ba-8eb7-22f06fb20b9c/datanode-1/data/ratis/c4074c19-c9a1-482a-9745-d2ef0fd8e838: Starting segment from index:0
2019-09-05 09:21:58,598 [a4e26f5e-71d2-4796-80a4-c2297629d93f-SegmentedRaftLogWorker:Storage Directory /workdir/hadoop-ozone/integration-test/target/test-dir/MiniOzoneClusterImpl-b9007246-1341-44ba-8eb7-22f06fb20b9c/datanode-2/data/ratis/c4074c19-c9a1-482a-9745-d2ef0fd8e838] INFO  segmented.SegmentedRaftLogWorker (SegmentedRaftLogWorker.java:execute(569)) - a4e26f5e-71d2-4796-80a4-c2297629d93f-SegmentedRaftLogWorker:Storage Directory /workdir/hadoop-ozone/integration-test/target/test-dir/MiniOzoneClusterImpl-b9007246-1341-44ba-8eb7-22f06fb20b9c/datanode-2/data/ratis/c4074c19-c9a1-482a-9745-d2ef0fd8e838: created new log segment /workdir/hadoop-ozone/integration-test/target/test-dir/MiniOzoneClusterImpl-b9007246-1341-44ba-8eb7-22f06fb20b9c/datanode-2/data/ratis/c4074c19-c9a1-482a-9745-d2ef0fd8e838/current/log_inprogress_0
2019-09-05 09:21:58,615 [07be2058-8bf0-4303-a72a-c3b15076ab0b-SegmentedRaftLogWorker:Storage Directory /workdir/hadoop-ozone/integration-test/target/test-dir/MiniOzoneClusterImpl-b9007246-1341-44ba-8eb7-22f06fb20b9c/datanode-1/data/ratis/c4074c19-c9a1-482a-9745-d2ef0fd8e838] INFO  segmented.SegmentedRaftLogWorker (SegmentedRaftLogWorker.java:execute(569)) - 07be2058-8bf0-4303-a72a-c3b15076ab0b-SegmentedRaftLogWorker:Storage Directory /workdir/hadoop-ozone/integration-test/target/test-dir/MiniOzoneClusterImpl-b9007246-1341-44ba-8eb7-22f06fb20b9c/datanode-1/data/ratis/c4074c19-c9a1-482a-9745-d2ef0fd8e838: created new log segment /workdir/hadoop-ozone/integration-test/target/test-dir/MiniOzoneClusterImpl-b9007246-1341-44ba-8eb7-22f06fb20b9c/datanode-1/data/ratis/c4074c19-c9a1-482a-9745-d2ef0fd8e838/current/log_inprogress_0
2019-09-05 09:21:58,615 [6f14a04a-44e3-4557-80c9-ddee849029a0-SegmentedRaftLogWorker:Storage Directory /workdir/hadoop-ozone/integration-test/target/test-dir/MiniOzoneClusterImpl-b9007246-1341-44ba-8eb7-22f06fb20b9c/datanode-0/data/ratis/c4074c19-c9a1-482a-9745-d2ef0fd8e838] INFO  segmented.SegmentedRaftLogWorker (SegmentedRaftLogWorker.java:execute(569)) - 6f14a04a-44e3-4557-80c9-ddee849029a0-SegmentedRaftLogWorker:Storage Directory /workdir/hadoop-ozone/integration-test/target/test-dir/MiniOzoneClusterImpl-b9007246-1341-44ba-8eb7-22f06fb20b9c/datanode-0/data/ratis/c4074c19-c9a1-482a-9745-d2ef0fd8e838: created new log segment /workdir/hadoop-ozone/integration-test/target/test-dir/MiniOzoneClusterImpl-b9007246-1341-44ba-8eb7-22f06fb20b9c/datanode-0/data/ratis/c4074c19-c9a1-482a-9745-d2ef0fd8e838/current/log_inprogress_0
2019-09-05 09:21:58,619 | INFO  | SCMAudit | user=jenkins1000 | ip=192.168.69.66 | op=SEND_HEARTBEAT {datanodeUUID=a3cbdde1-725c-4ca4-8d7a-a782c47315d1, command=[]} | ret=SUCCESS |  
2019-09-05 09:21:58,751 [Thread-3324] INFO  impl.FollowerState (FollowerState.java:run(106)) - a3cbdde1-725c-4ca4-8d7a-a782c47315d1:group-CC4594B06F2D changes to CANDIDATE, lastRpcTime:5070, electionTimeout:5070ms
2019-09-05 09:21:58,751 [Thread-3324] INFO  impl.RoleInfo (RoleInfo.java:shutdownFollowerState(121)) - a3cbdde1-725c-4ca4-8d7a-a782c47315d1: shutdown FollowerState
2019-09-05 09:21:58,751 [Thread-3324] INFO  impl.RaftServerImpl (RaftServerImpl.java:setRole(171)) - a3cbdde1-725c-4ca4-8d7a-a782c47315d1:group-CC4594B06F2D changes role from FOLLOWER to CANDIDATE at term 0 for changeToCandidate
2019-09-05 09:21:58,751 [Thread-3324] INFO  impl.RoleInfo (RoleInfo.java:updateAndGet(143)) - a3cbdde1-725c-4ca4-8d7a-a782c47315d1: start LeaderElection
2019-09-05 09:21:58,792 | INFO  | SCMAudit | user=jenkins1000 | ip=192.168.69.66 | op=SEND_HEARTBEAT {datanodeUUID=6f14a04a-44e3-4557-80c9-ddee849029a0, command=[]} | ret=SUCCESS |  
2019-09-05 09:21:58,805 | INFO  | SCMAudit | user=jenkins1000 | ip=192.168.69.66 | op=SEND_HEARTBEAT {datanodeUUID=4b28f000-a8b5-4c6a-8a19-100693708a3e, command=[]} | ret=SUCCESS |  
2019-09-05 09:21:58,807 [a3cbdde1-725c-4ca4-8d7a-a782c47315d1:group-CC4594B06F2D:LeaderElection60] INFO  impl.LeaderElection (LeaderElection.java:askForVotes(181)) - a3cbdde1-725c-4ca4-8d7a-a782c47315d1:group-CC4594B06F2D:LeaderElection60: begin an election at term 1 for -1: [a3cbdde1-725c-4ca4-8d7a-a782c47315d1:192.168.69.66:43393], old=null
2019-09-05 09:21:58,807 [a3cbdde1-725c-4ca4-8d7a-a782c47315d1:group-CC4594B06F2D:LeaderElection60] INFO  impl.RoleInfo (RoleInfo.java:shutdownLeaderElection(134)) - a3cbdde1-725c-4ca4-8d7a-a782c47315d1: shutdown LeaderElection
2019-09-05 09:21:58,807 [a3cbdde1-725c-4ca4-8d7a-a782c47315d1:group-CC4594B06F2D:LeaderElection60] INFO  impl.RaftServerImpl (RaftServerImpl.java:setRole(171)) - a3cbdde1-725c-4ca4-8d7a-a782c47315d1:group-CC4594B06F2D changes role from CANDIDATE to LEADER at term 1 for changeToLeader
2019-09-05 09:21:58,807 [a3cbdde1-725c-4ca4-8d7a-a782c47315d1:group-CC4594B06F2D:LeaderElection60] INFO  impl.RaftServerImpl (ServerState.java:setLeader(263)) - a3cbdde1-725c-4ca4-8d7a-a782c47315d1:group-CC4594B06F2D change Leader from null to a3cbdde1-725c-4ca4-8d7a-a782c47315d1 at term 1 for becomeLeader, leader elected after 5132ms
2019-09-05 09:21:58,807 [a3cbdde1-725c-4ca4-8d7a-a782c47315d1:group-CC4594B06F2D:LeaderElection60] INFO  server.RaftServerConfigKeys (ConfUtils.java:logGet(43)) - raft.server.staging.catchup.gap = 1000 (default)
2019-09-05 09:21:58,807 [a3cbdde1-725c-4ca4-8d7a-a782c47315d1:group-CC4594B06F2D:LeaderElection60] INFO  server.RaftServerConfigKeys (ConfUtils.java:logGet(43)) - raft.server.rpc.sleep.time = 25ms (default)
2019-09-05 09:21:58,807 [a3cbdde1-725c-4ca4-8d7a-a782c47315d1:group-CC4594B06F2D:LeaderElection60] INFO  server.RaftServerConfigKeys (ConfUtils.java:logGet(43)) - raft.server.write.element-limit = 4096 (default)
2019-09-05 09:21:58,808 [a3cbdde1-725c-4ca4-8d7a-a782c47315d1:group-CC4594B06F2D:LeaderElection60] INFO  server.RaftServerConfigKeys (ConfUtils.java:logGet(43)) - raft.server.watch.timeout = 10s (default)
2019-09-05 09:21:58,808 [a3cbdde1-725c-4ca4-8d7a-a782c47315d1:group-CC4594B06F2D:LeaderElection60] INFO  server.RaftServerConfigKeys (ConfUtils.java:logGet(43)) - raft.server.watch.timeout.denomination = 1s (default)
2019-09-05 09:21:58,808 [a3cbdde1-725c-4ca4-8d7a-a782c47315d1:group-CC4594B06F2D:LeaderElection60] INFO  server.RaftServerConfigKeys (ConfUtils.java:logGet(43)) - raft.server.watch.element-limit = 65536 (default)
2019-09-05 09:21:58,808 [a3cbdde1-725c-4ca4-8d7a-a782c47315d1:group-CC4594B06F2D:LeaderElection60] INFO  impl.RoleInfo (RoleInfo.java:updateAndGet(143)) - a3cbdde1-725c-4ca4-8d7a-a782c47315d1: start LeaderState
2019-09-05 09:21:58,808 [a3cbdde1-725c-4ca4-8d7a-a782c47315d1:group-CC4594B06F2D:LeaderElection60] INFO  segmented.SegmentedRaftLogWorker (SegmentedRaftLogWorker.java:startLogSegment(380)) - a3cbdde1-725c-4ca4-8d7a-a782c47315d1-SegmentedRaftLogWorker:Storage Directory /workdir/hadoop-ozone/integration-test/target/test-dir/MiniOzoneClusterImpl-b9007246-1341-44ba-8eb7-22f06fb20b9c/datanode-3/data/ratis/0820d340-4766-4abd-9305-cc4594b06f2d: Starting segment from index:0
2019-09-05 09:21:58,809 [a3cbdde1-725c-4ca4-8d7a-a782c47315d1:group-CC4594B06F2D:LeaderElection60] INFO  impl.RaftServerImpl (ServerState.java:setRaftConf(361)) - a3cbdde1-725c-4ca4-8d7a-a782c47315d1:group-CC4594B06F2D set configuration 0: [a3cbdde1-725c-4ca4-8d7a-a782c47315d1:192.168.69.66:43393], old=null at 0
2019-09-05 09:21:58,857 [a3cbdde1-725c-4ca4-8d7a-a782c47315d1-SegmentedRaftLogWorker:Storage Directory /workdir/hadoop-ozone/integration-test/target/test-dir/MiniOzoneClusterImpl-b9007246-1341-44ba-8eb7-22f06fb20b9c/datanode-3/data/ratis/0820d340-4766-4abd-9305-cc4594b06f2d] INFO  segmented.SegmentedRaftLogWorker (SegmentedRaftLogWorker.java:execute(569)) - a3cbdde1-725c-4ca4-8d7a-a782c47315d1-SegmentedRaftLogWorker:Storage Directory /workdir/hadoop-ozone/integration-test/target/test-dir/MiniOzoneClusterImpl-b9007246-1341-44ba-8eb7-22f06fb20b9c/datanode-3/data/ratis/0820d340-4766-4abd-9305-cc4594b06f2d: created new log segment /workdir/hadoop-ozone/integration-test/target/test-dir/MiniOzoneClusterImpl-b9007246-1341-44ba-8eb7-22f06fb20b9c/datanode-3/data/ratis/0820d340-4766-4abd-9305-cc4594b06f2d/current/log_inprogress_0
2019-09-05 09:21:58,901 [Thread-3327] INFO  impl.FollowerState (FollowerState.java:run(106)) - 4b28f000-a8b5-4c6a-8a19-100693708a3e:group-E3993E31E87A changes to CANDIDATE, lastRpcTime:5026, electionTimeout:5026ms
2019-09-05 09:21:58,901 [Thread-3327] INFO  impl.RoleInfo (RoleInfo.java:shutdownFollowerState(121)) - 4b28f000-a8b5-4c6a-8a19-100693708a3e: shutdown FollowerState
2019-09-05 09:21:58,901 [Thread-3327] INFO  impl.RaftServerImpl (RaftServerImpl.java:setRole(171)) - 4b28f000-a8b5-4c6a-8a19-100693708a3e:group-E3993E31E87A changes role from FOLLOWER to CANDIDATE at term 0 for changeToCandidate
2019-09-05 09:21:58,902 [Thread-3327] INFO  impl.RoleInfo (RoleInfo.java:updateAndGet(143)) - 4b28f000-a8b5-4c6a-8a19-100693708a3e: start LeaderElection
2019-09-05 09:21:58,932 [4b28f000-a8b5-4c6a-8a19-100693708a3e:group-E3993E31E87A:LeaderElection61] INFO  impl.LeaderElection (LeaderElection.java:askForVotes(181)) - 4b28f000-a8b5-4c6a-8a19-100693708a3e:group-E3993E31E87A:LeaderElection61: begin an election at term 1 for -1: [4b28f000-a8b5-4c6a-8a19-100693708a3e:192.168.69.66:34429], old=null
2019-09-05 09:21:58,933 [4b28f000-a8b5-4c6a-8a19-100693708a3e:group-E3993E31E87A:LeaderElection61] INFO  impl.RoleInfo (RoleInfo.java:shutdownLeaderElection(134)) - 4b28f000-a8b5-4c6a-8a19-100693708a3e: shutdown LeaderElection
2019-09-05 09:21:58,933 [4b28f000-a8b5-4c6a-8a19-100693708a3e:group-E3993E31E87A:LeaderElection61] INFO  impl.RaftServerImpl (RaftServerImpl.java:setRole(171)) - 4b28f000-a8b5-4c6a-8a19-100693708a3e:group-E3993E31E87A changes role from CANDIDATE to LEADER at term 1 for changeToLeader
2019-09-05 09:21:58,933 [4b28f000-a8b5-4c6a-8a19-100693708a3e:group-E3993E31E87A:LeaderElection61] INFO  impl.RaftServerImpl (ServerState.java:setLeader(263)) - 4b28f000-a8b5-4c6a-8a19-100693708a3e:group-E3993E31E87A change Leader from null to 4b28f000-a8b5-4c6a-8a19-100693708a3e at term 1 for becomeLeader, leader elected after 5062ms
2019-09-05 09:21:58,933 [4b28f000-a8b5-4c6a-8a19-100693708a3e:group-E3993E31E87A:LeaderElection61] INFO  server.RaftServerConfigKeys (ConfUtils.java:logGet(43)) - raft.server.staging.catchup.gap = 1000 (default)
2019-09-05 09:21:58,933 [4b28f000-a8b5-4c6a-8a19-100693708a3e:group-E3993E31E87A:LeaderElection61] INFO  server.RaftServerConfigKeys (ConfUtils.java:logGet(43)) - raft.server.rpc.sleep.time = 25ms (default)
2019-09-05 09:21:58,933 [4b28f000-a8b5-4c6a-8a19-100693708a3e:group-E3993E31E87A:LeaderElection61] INFO  server.RaftServerConfigKeys (ConfUtils.java:logGet(43)) - raft.server.write.element-limit = 4096 (default)
2019-09-05 09:21:58,933 [4b28f000-a8b5-4c6a-8a19-100693708a3e:group-E3993E31E87A:LeaderElection61] INFO  server.RaftServerConfigKeys (ConfUtils.java:logGet(43)) - raft.server.watch.timeout = 10s (default)
2019-09-05 09:21:58,934 [4b28f000-a8b5-4c6a-8a19-100693708a3e:group-E3993E31E87A:LeaderElection61] INFO  server.RaftServerConfigKeys (ConfUtils.java:logGet(43)) - raft.server.watch.timeout.denomination = 1s (default)
2019-09-05 09:21:58,934 [4b28f000-a8b5-4c6a-8a19-100693708a3e:group-E3993E31E87A:LeaderElection61] INFO  server.RaftServerConfigKeys (ConfUtils.java:logGet(43)) - raft.server.watch.element-limit = 65536 (default)
2019-09-05 09:21:58,934 [4b28f000-a8b5-4c6a-8a19-100693708a3e:group-E3993E31E87A:LeaderElection61] INFO  impl.RoleInfo (RoleInfo.java:updateAndGet(143)) - 4b28f000-a8b5-4c6a-8a19-100693708a3e: start LeaderState
2019-09-05 09:21:58,934 [4b28f000-a8b5-4c6a-8a19-100693708a3e:group-E3993E31E87A:LeaderElection61] INFO  segmented.SegmentedRaftLogWorker (SegmentedRaftLogWorker.java:startLogSegment(380)) - 4b28f000-a8b5-4c6a-8a19-100693708a3e-SegmentedRaftLogWorker:Storage Directory /workdir/hadoop-ozone/integration-test/target/test-dir/MiniOzoneClusterImpl-b9007246-1341-44ba-8eb7-22f06fb20b9c/datanode-4/data/ratis/a2793707-3d34-4f6c-a51b-e3993e31e87a: Starting segment from index:0
2019-09-05 09:21:58,935 [4b28f000-a8b5-4c6a-8a19-100693708a3e:group-E3993E31E87A:LeaderElection61] INFO  impl.RaftServerImpl (ServerState.java:setRaftConf(361)) - 4b28f000-a8b5-4c6a-8a19-100693708a3e:group-E3993E31E87A set configuration 0: [4b28f000-a8b5-4c6a-8a19-100693708a3e:192.168.69.66:34429], old=null at 0
2019-09-05 09:21:58,983 [4b28f000-a8b5-4c6a-8a19-100693708a3e-SegmentedRaftLogWorker:Storage Directory /workdir/hadoop-ozone/integration-test/target/test-dir/MiniOzoneClusterImpl-b9007246-1341-44ba-8eb7-22f06fb20b9c/datanode-4/data/ratis/a2793707-3d34-4f6c-a51b-e3993e31e87a] INFO  segmented.SegmentedRaftLogWorker (SegmentedRaftLogWorker.java:execute(569)) - 4b28f000-a8b5-4c6a-8a19-100693708a3e-SegmentedRaftLogWorker:Storage Directory /workdir/hadoop-ozone/integration-test/target/test-dir/MiniOzoneClusterImpl-b9007246-1341-44ba-8eb7-22f06fb20b9c/datanode-4/data/ratis/a2793707-3d34-4f6c-a51b-e3993e31e87a: created new log segment /workdir/hadoop-ozone/integration-test/target/test-dir/MiniOzoneClusterImpl-b9007246-1341-44ba-8eb7-22f06fb20b9c/datanode-4/data/ratis/a2793707-3d34-4f6c-a51b-e3993e31e87a/current/log_inprogress_0
2019-09-05 09:21:58,986 | INFO  | SCMAudit | user=jenkins1000 | ip=192.168.69.66 | op=SEND_HEARTBEAT {datanodeUUID=b2a92dac-af4e-4db5-a88e-fdb3e4195e5b, command=[]} | ret=SUCCESS |  
2019-09-05 09:21:58,999 | INFO  | SCMAudit | user=jenkins1000 | ip=192.168.69.66 | op=SEND_HEARTBEAT {datanodeUUID=07be2058-8bf0-4303-a72a-c3b15076ab0b, command=[]} | ret=SUCCESS |  
2019-09-05 09:21:59,174 [Thread-3330] INFO  impl.FollowerState (FollowerState.java:run(106)) - b2a92dac-af4e-4db5-a88e-fdb3e4195e5b:group-F41C6B952E9D changes to CANDIDATE, lastRpcTime:5134, electionTimeout:5134ms
2019-09-05 09:21:59,175 [Thread-3330] INFO  impl.RoleInfo (RoleInfo.java:shutdownFollowerState(121)) - b2a92dac-af4e-4db5-a88e-fdb3e4195e5b: shutdown FollowerState
2019-09-05 09:21:59,175 [Thread-3330] INFO  impl.RaftServerImpl (RaftServerImpl.java:setRole(171)) - b2a92dac-af4e-4db5-a88e-fdb3e4195e5b:group-F41C6B952E9D changes role from FOLLOWER to CANDIDATE at term 0 for changeToCandidate
2019-09-05 09:21:59,175 [Thread-3330] INFO  impl.RoleInfo (RoleInfo.java:updateAndGet(143)) - b2a92dac-af4e-4db5-a88e-fdb3e4195e5b: start LeaderElection
2019-09-05 09:21:59,182 | INFO  | SCMAudit | user=jenkins1000 | ip=192.168.69.66 | op=SEND_HEARTBEAT {datanodeUUID=a4e26f5e-71d2-4796-80a4-c2297629d93f, command=[]} | ret=SUCCESS |  
2019-09-05 09:21:59,190 | INFO  | SCMAudit | user=jenkins1000 | ip=192.168.69.66 | op=SEND_HEARTBEAT {datanodeUUID=24fa834e-354b-4f91-9ef9-44eeb31eb01b, command=[]} | ret=SUCCESS |  
2019-09-05 09:21:59,200 [b2a92dac-af4e-4db5-a88e-fdb3e4195e5b:group-F41C6B952E9D:LeaderElection62] INFO  impl.LeaderElection (LeaderElection.java:askForVotes(181)) - b2a92dac-af4e-4db5-a88e-fdb3e4195e5b:group-F41C6B952E9D:LeaderElection62: begin an election at term 1 for -1: [b2a92dac-af4e-4db5-a88e-fdb3e4195e5b:192.168.69.66:38400], old=null
2019-09-05 09:21:59,200 [b2a92dac-af4e-4db5-a88e-fdb3e4195e5b:group-F41C6B952E9D:LeaderElection62] INFO  impl.RoleInfo (RoleInfo.java:shutdownLeaderElection(134)) - b2a92dac-af4e-4db5-a88e-fdb3e4195e5b: shutdown LeaderElection
2019-09-05 09:21:59,200 [b2a92dac-af4e-4db5-a88e-fdb3e4195e5b:group-F41C6B952E9D:LeaderElection62] INFO  impl.RaftServerImpl (RaftServerImpl.java:setRole(171)) - b2a92dac-af4e-4db5-a88e-fdb3e4195e5b:group-F41C6B952E9D changes role from CANDIDATE to LEADER at term 1 for changeToLeader
2019-09-05 09:21:59,200 [b2a92dac-af4e-4db5-a88e-fdb3e4195e5b:group-F41C6B952E9D:LeaderElection62] INFO  impl.RaftServerImpl (ServerState.java:setLeader(263)) - b2a92dac-af4e-4db5-a88e-fdb3e4195e5b:group-F41C6B952E9D change Leader from null to b2a92dac-af4e-4db5-a88e-fdb3e4195e5b at term 1 for becomeLeader, leader elected after 5164ms
2019-09-05 09:21:59,200 [b2a92dac-af4e-4db5-a88e-fdb3e4195e5b:group-F41C6B952E9D:LeaderElection62] INFO  server.RaftServerConfigKeys (ConfUtils.java:logGet(43)) - raft.server.staging.catchup.gap = 1000 (default)
2019-09-05 09:21:59,201 [b2a92dac-af4e-4db5-a88e-fdb3e4195e5b:group-F41C6B952E9D:LeaderElection62] INFO  server.RaftServerConfigKeys (ConfUtils.java:logGet(43)) - raft.server.rpc.sleep.time = 25ms (default)
2019-09-05 09:21:59,201 [b2a92dac-af4e-4db5-a88e-fdb3e4195e5b:group-F41C6B952E9D:LeaderElection62] INFO  server.RaftServerConfigKeys (ConfUtils.java:logGet(43)) - raft.server.write.element-limit = 4096 (default)
2019-09-05 09:21:59,201 [b2a92dac-af4e-4db5-a88e-fdb3e4195e5b:group-F41C6B952E9D:LeaderElection62] INFO  server.RaftServerConfigKeys (ConfUtils.java:logGet(43)) - raft.server.watch.timeout = 10s (default)
2019-09-05 09:21:59,201 [b2a92dac-af4e-4db5-a88e-fdb3e4195e5b:group-F41C6B952E9D:LeaderElection62] INFO  server.RaftServerConfigKeys (ConfUtils.java:logGet(43)) - raft.server.watch.timeout.denomination = 1s (default)
2019-09-05 09:21:59,201 [b2a92dac-af4e-4db5-a88e-fdb3e4195e5b:group-F41C6B952E9D:LeaderElection62] INFO  server.RaftServerConfigKeys (ConfUtils.java:logGet(43)) - raft.server.watch.element-limit = 65536 (default)
2019-09-05 09:21:59,201 [b2a92dac-af4e-4db5-a88e-fdb3e4195e5b:group-F41C6B952E9D:LeaderElection62] INFO  impl.RoleInfo (RoleInfo.java:updateAndGet(143)) - b2a92dac-af4e-4db5-a88e-fdb3e4195e5b: start LeaderState
2019-09-05 09:21:59,202 [b2a92dac-af4e-4db5-a88e-fdb3e4195e5b:group-F41C6B952E9D:LeaderElection62] INFO  segmented.SegmentedRaftLogWorker (SegmentedRaftLogWorker.java:startLogSegment(380)) - b2a92dac-af4e-4db5-a88e-fdb3e4195e5b-SegmentedRaftLogWorker:Storage Directory /workdir/hadoop-ozone/integration-test/target/test-dir/MiniOzoneClusterImpl-b9007246-1341-44ba-8eb7-22f06fb20b9c/datanode-5/data/ratis/4249fafc-3574-4a40-85db-f41c6b952e9d: Starting segment from index:0
2019-09-05 09:21:59,202 [b2a92dac-af4e-4db5-a88e-fdb3e4195e5b:group-F41C6B952E9D:LeaderElection62] INFO  impl.RaftServerImpl (ServerState.java:setRaftConf(361)) - b2a92dac-af4e-4db5-a88e-fdb3e4195e5b:group-F41C6B952E9D set configuration 0: [b2a92dac-af4e-4db5-a88e-fdb3e4195e5b:192.168.69.66:38400], old=null at 0
2019-09-05 09:21:59,250 [b2a92dac-af4e-4db5-a88e-fdb3e4195e5b-SegmentedRaftLogWorker:Storage Directory /workdir/hadoop-ozone/integration-test/target/test-dir/MiniOzoneClusterImpl-b9007246-1341-44ba-8eb7-22f06fb20b9c/datanode-5/data/ratis/4249fafc-3574-4a40-85db-f41c6b952e9d] INFO  segmented.SegmentedRaftLogWorker (SegmentedRaftLogWorker.java:execute(569)) - b2a92dac-af4e-4db5-a88e-fdb3e4195e5b-SegmentedRaftLogWorker:Storage Directory /workdir/hadoop-ozone/integration-test/target/test-dir/MiniOzoneClusterImpl-b9007246-1341-44ba-8eb7-22f06fb20b9c/datanode-5/data/ratis/4249fafc-3574-4a40-85db-f41c6b952e9d: created new log segment /workdir/hadoop-ozone/integration-test/target/test-dir/MiniOzoneClusterImpl-b9007246-1341-44ba-8eb7-22f06fb20b9c/datanode-5/data/ratis/4249fafc-3574-4a40-85db-f41c6b952e9d/current/log_inprogress_0
2019-09-05 09:21:59,267 [Thread-3333] INFO  impl.FollowerState (FollowerState.java:run(106)) - a3cbdde1-725c-4ca4-8d7a-a782c47315d1:group-C62AFDFBBC30 changes to CANDIDATE, lastRpcTime:5128, electionTimeout:5128ms
2019-09-05 09:21:59,267 [Thread-3333] INFO  impl.RoleInfo (RoleInfo.java:shutdownFollowerState(121)) - a3cbdde1-725c-4ca4-8d7a-a782c47315d1: shutdown FollowerState
2019-09-05 09:21:59,267 [Thread-3333] INFO  impl.RaftServerImpl (RaftServerImpl.java:setRole(171)) - a3cbdde1-725c-4ca4-8d7a-a782c47315d1:group-C62AFDFBBC30 changes role from FOLLOWER to CANDIDATE at term 0 for changeToCandidate
2019-09-05 09:21:59,267 [Thread-3333] INFO  impl.RoleInfo (RoleInfo.java:updateAndGet(143)) - a3cbdde1-725c-4ca4-8d7a-a782c47315d1: start LeaderElection
2019-09-05 09:21:59,276 [Thread-3338] INFO  impl.FollowerState (FollowerState.java:run(106)) - b2a92dac-af4e-4db5-a88e-fdb3e4195e5b:group-C62AFDFBBC30 changes to CANDIDATE, lastRpcTime:5134, electionTimeout:5134ms
2019-09-05 09:21:59,276 [Thread-3338] INFO  impl.RoleInfo (RoleInfo.java:shutdownFollowerState(121)) - b2a92dac-af4e-4db5-a88e-fdb3e4195e5b: shutdown FollowerState
2019-09-05 09:21:59,276 [Thread-3338] INFO  impl.RaftServerImpl (RaftServerImpl.java:setRole(171)) - b2a92dac-af4e-4db5-a88e-fdb3e4195e5b:group-C62AFDFBBC30 changes role from FOLLOWER to CANDIDATE at term 0 for changeToCandidate
2019-09-05 09:21:59,276 [Thread-3338] INFO  impl.RoleInfo (RoleInfo.java:updateAndGet(143)) - b2a92dac-af4e-4db5-a88e-fdb3e4195e5b: start LeaderElection
2019-09-05 09:21:59,301 [a3cbdde1-725c-4ca4-8d7a-a782c47315d1:group-C62AFDFBBC30:LeaderElection63] INFO  impl.LeaderElection (LeaderElection.java:askForVotes(181)) - a3cbdde1-725c-4ca4-8d7a-a782c47315d1:group-C62AFDFBBC30:LeaderElection63: begin an election at term 1 for -1: [4b28f000-a8b5-4c6a-8a19-100693708a3e:192.168.69.66:34429, b2a92dac-af4e-4db5-a88e-fdb3e4195e5b:192.168.69.66:38400, a3cbdde1-725c-4ca4-8d7a-a782c47315d1:192.168.69.66:43393], old=null
2019-09-05 09:21:59,301 [b2a92dac-af4e-4db5-a88e-fdb3e4195e5b:group-C62AFDFBBC30:LeaderElection64] INFO  impl.LeaderElection (LeaderElection.java:askForVotes(181)) - b2a92dac-af4e-4db5-a88e-fdb3e4195e5b:group-C62AFDFBBC30:LeaderElection64: begin an election at term 1 for -1: [4b28f000-a8b5-4c6a-8a19-100693708a3e:192.168.69.66:34429, b2a92dac-af4e-4db5-a88e-fdb3e4195e5b:192.168.69.66:38400, a3cbdde1-725c-4ca4-8d7a-a782c47315d1:192.168.69.66:43393], old=null
2019-09-05 09:21:59,305 [grpc-default-executor-8] INFO  impl.RaftServerImpl (RaftServerImpl.java:setRole(171)) - 4b28f000-a8b5-4c6a-8a19-100693708a3e:group-C62AFDFBBC30 changes role from FOLLOWER to FOLLOWER at term 1 for recognizeCandidate:b2a92dac-af4e-4db5-a88e-fdb3e4195e5b
2019-09-05 09:21:59,308 [grpc-default-executor-8] INFO  impl.RoleInfo (RoleInfo.java:shutdownFollowerState(121)) - 4b28f000-a8b5-4c6a-8a19-100693708a3e: shutdown FollowerState
2019-09-05 09:21:59,308 [grpc-default-executor-8] INFO  impl.RoleInfo (RoleInfo.java:updateAndGet(143)) - 4b28f000-a8b5-4c6a-8a19-100693708a3e: start FollowerState
2019-09-05 09:21:59,308 [Thread-3337] INFO  impl.FollowerState (FollowerState.java:run(114)) - 4b28f000-a8b5-4c6a-8a19-100693708a3e: FollowerState was interrupted: java.lang.InterruptedException: sleep interrupted
2019-09-05 09:21:59,328 [a3cbdde1-725c-4ca4-8d7a-a782c47315d1:group-C62AFDFBBC30:LeaderElection63] INFO  impl.LeaderElection (LeaderElection.java:logAndReturn(56)) - a3cbdde1-725c-4ca4-8d7a-a782c47315d1:group-C62AFDFBBC30:LeaderElection63: Election REJECTED; received 2 response(s) [a3cbdde1-725c-4ca4-8d7a-a782c47315d1<-4b28f000-a8b5-4c6a-8a19-100693708a3e#0:FAIL-t1, a3cbdde1-725c-4ca4-8d7a-a782c47315d1<-b2a92dac-af4e-4db5-a88e-fdb3e4195e5b#0:FAIL-t1] and 0 exception(s); a3cbdde1-725c-4ca4-8d7a-a782c47315d1:t1, leader=null, voted=a3cbdde1-725c-4ca4-8d7a-a782c47315d1, raftlog=a3cbdde1-725c-4ca4-8d7a-a782c47315d1-SegmentedRaftLog:OPENED:c-1,f-1,i0, conf=-1: [4b28f000-a8b5-4c6a-8a19-100693708a3e:192.168.69.66:34429, b2a92dac-af4e-4db5-a88e-fdb3e4195e5b:192.168.69.66:38400, a3cbdde1-725c-4ca4-8d7a-a782c47315d1:192.168.69.66:43393], old=null
2019-09-05 09:21:59,328 [b2a92dac-af4e-4db5-a88e-fdb3e4195e5b:group-C62AFDFBBC30:LeaderElection64] INFO  impl.LeaderElection (LeaderElection.java:logAndReturn(56)) - b2a92dac-af4e-4db5-a88e-fdb3e4195e5b:group-C62AFDFBBC30:LeaderElection64: Election PASSED; received 2 response(s) [b2a92dac-af4e-4db5-a88e-fdb3e4195e5b<-4b28f000-a8b5-4c6a-8a19-100693708a3e#0:OK-t1, b2a92dac-af4e-4db5-a88e-fdb3e4195e5b<-a3cbdde1-725c-4ca4-8d7a-a782c47315d1#0:FAIL-t1] and 0 exception(s); b2a92dac-af4e-4db5-a88e-fdb3e4195e5b:t1, leader=null, voted=b2a92dac-af4e-4db5-a88e-fdb3e4195e5b, raftlog=b2a92dac-af4e-4db5-a88e-fdb3e4195e5b-SegmentedRaftLog:OPENED:c-1,f-1,i0, conf=-1: [4b28f000-a8b5-4c6a-8a19-100693708a3e:192.168.69.66:34429, b2a92dac-af4e-4db5-a88e-fdb3e4195e5b:192.168.69.66:38400, a3cbdde1-725c-4ca4-8d7a-a782c47315d1:192.168.69.66:43393], old=null
2019-09-05 09:21:59,328 [a3cbdde1-725c-4ca4-8d7a-a782c47315d1:group-C62AFDFBBC30:LeaderElection63] INFO  impl.RaftServerImpl (RaftServerImpl.java:setRole(171)) - a3cbdde1-725c-4ca4-8d7a-a782c47315d1:group-C62AFDFBBC30 changes role from CANDIDATE to FOLLOWER at term 1 for DISCOVERED_A_NEW_TERM
2019-09-05 09:21:59,328 [b2a92dac-af4e-4db5-a88e-fdb3e4195e5b:group-C62AFDFBBC30:LeaderElection64] INFO  impl.RoleInfo (RoleInfo.java:shutdownLeaderElection(134)) - b2a92dac-af4e-4db5-a88e-fdb3e4195e5b: shutdown LeaderElection
2019-09-05 09:21:59,328 [a3cbdde1-725c-4ca4-8d7a-a782c47315d1:group-C62AFDFBBC30:LeaderElection63] INFO  impl.RoleInfo (RoleInfo.java:shutdownLeaderElection(134)) - a3cbdde1-725c-4ca4-8d7a-a782c47315d1: shutdown LeaderElection
2019-09-05 09:21:59,329 [b2a92dac-af4e-4db5-a88e-fdb3e4195e5b:group-C62AFDFBBC30:LeaderElection64] INFO  impl.RaftServerImpl (RaftServerImpl.java:setRole(171)) - b2a92dac-af4e-4db5-a88e-fdb3e4195e5b:group-C62AFDFBBC30 changes role from CANDIDATE to LEADER at term 1 for changeToLeader
2019-09-05 09:21:59,329 [a3cbdde1-725c-4ca4-8d7a-a782c47315d1:group-C62AFDFBBC30:LeaderElection63] INFO  impl.RoleInfo (RoleInfo.java:updateAndGet(143)) - a3cbdde1-725c-4ca4-8d7a-a782c47315d1: start FollowerState
2019-09-05 09:21:59,329 [b2a92dac-af4e-4db5-a88e-fdb3e4195e5b:group-C62AFDFBBC30:LeaderElection64] INFO  impl.RaftServerImpl (ServerState.java:setLeader(263)) - b2a92dac-af4e-4db5-a88e-fdb3e4195e5b:group-C62AFDFBBC30 change Leader from null to b2a92dac-af4e-4db5-a88e-fdb3e4195e5b at term 1 for becomeLeader, leader elected after 5196ms
2019-09-05 09:21:59,329 [b2a92dac-af4e-4db5-a88e-fdb3e4195e5b:group-C62AFDFBBC30:LeaderElection64] INFO  server.RaftServerConfigKeys (ConfUtils.java:logGet(43)) - raft.server.staging.catchup.gap = 1000 (default)
2019-09-05 09:21:59,330 [b2a92dac-af4e-4db5-a88e-fdb3e4195e5b:group-C62AFDFBBC30:LeaderElection64] INFO  server.RaftServerConfigKeys (ConfUtils.java:logGet(43)) - raft.server.rpc.sleep.time = 25ms (default)
2019-09-05 09:21:59,330 [b2a92dac-af4e-4db5-a88e-fdb3e4195e5b:group-C62AFDFBBC30:LeaderElection64] INFO  server.RaftServerConfigKeys (ConfUtils.java:logGet(43)) - raft.server.write.element-limit = 4096 (default)
2019-09-05 09:21:59,330 [b2a92dac-af4e-4db5-a88e-fdb3e4195e5b:group-C62AFDFBBC30:LeaderElection64] INFO  server.RaftServerConfigKeys (ConfUtils.java:logGet(43)) - raft.server.watch.timeout = 10s (default)
2019-09-05 09:21:59,330 [b2a92dac-af4e-4db5-a88e-fdb3e4195e5b:group-C62AFDFBBC30:LeaderElection64] INFO  server.RaftServerConfigKeys (ConfUtils.java:logGet(43)) - raft.server.watch.timeout.denomination = 1s (default)
2019-09-05 09:21:59,330 [b2a92dac-af4e-4db5-a88e-fdb3e4195e5b:group-C62AFDFBBC30:LeaderElection64] INFO  server.RaftServerConfigKeys (ConfUtils.java:logGet(43)) - raft.server.watch.element-limit = 65536 (default)
2019-09-05 09:21:59,331 [b2a92dac-af4e-4db5-a88e-fdb3e4195e5b:group-C62AFDFBBC30:LeaderElection64] INFO  server.RaftServerConfigKeys (ConfUtils.java:logGet(43)) - raft.server.log.appender.snapshot.chunk.size.max = 16MB (=16777216) (default)
2019-09-05 09:21:59,331 [b2a92dac-af4e-4db5-a88e-fdb3e4195e5b:group-C62AFDFBBC30:LeaderElection64] INFO  server.RaftServerConfigKeys (ConfUtils.java:logGet(43)) - raft.server.log.appender.buffer.byte-limit = 33554432 (custom)
2019-09-05 09:21:59,331 [b2a92dac-af4e-4db5-a88e-fdb3e4195e5b:group-C62AFDFBBC30:LeaderElection64] INFO  server.RaftServerConfigKeys (ConfUtils.java:logGet(43)) - raft.server.log.appender.buffer.element-limit = 1 (custom)
2019-09-05 09:21:59,332 [b2a92dac-af4e-4db5-a88e-fdb3e4195e5b:group-C62AFDFBBC30:LeaderElection64] INFO  grpc.GrpcConfigKeys$Server (ConfUtils.java:logGet(43)) - raft.grpc.server.leader.outstanding.appends.max = 128 (default)
2019-09-05 09:21:59,332 [b2a92dac-af4e-4db5-a88e-fdb3e4195e5b:group-C62AFDFBBC30:LeaderElection64] INFO  server.RaftServerConfigKeys (ConfUtils.java:logGet(43)) - raft.server.rpc.request.timeout = 3000ms (default)
2019-09-05 09:21:59,332 [b2a92dac-af4e-4db5-a88e-fdb3e4195e5b:group-C62AFDFBBC30:LeaderElection64] INFO  server.RaftServerConfigKeys (ConfUtils.java:logGet(43)) - raft.server.log.appender.install.snapshot.enabled = false (custom)
2019-09-05 09:21:59,332 [b2a92dac-af4e-4db5-a88e-fdb3e4195e5b:group-C62AFDFBBC30:LeaderElection64] INFO  server.RaftServerConfigKeys (ConfUtils.java:logGet(43)) - raft.server.log.appender.snapshot.chunk.size.max = 16MB (=16777216) (default)
2019-09-05 09:21:59,333 [b2a92dac-af4e-4db5-a88e-fdb3e4195e5b:group-C62AFDFBBC30:LeaderElection64] INFO  server.RaftServerConfigKeys (ConfUtils.java:logGet(43)) - raft.server.log.appender.buffer.byte-limit = 33554432 (custom)
2019-09-05 09:21:59,333 [b2a92dac-af4e-4db5-a88e-fdb3e4195e5b:group-C62AFDFBBC30:LeaderElection64] INFO  server.RaftServerConfigKeys (ConfUtils.java:logGet(43)) - raft.server.log.appender.buffer.element-limit = 1 (custom)
2019-09-05 09:21:59,333 [b2a92dac-af4e-4db5-a88e-fdb3e4195e5b:group-C62AFDFBBC30:LeaderElection64] INFO  grpc.GrpcConfigKeys$Server (ConfUtils.java:logGet(43)) - raft.grpc.server.leader.outstanding.appends.max = 128 (default)
2019-09-05 09:21:59,333 [b2a92dac-af4e-4db5-a88e-fdb3e4195e5b:group-C62AFDFBBC30:LeaderElection64] INFO  server.RaftServerConfigKeys (ConfUtils.java:logGet(43)) - raft.server.rpc.request.timeout = 3000ms (default)
2019-09-05 09:21:59,334 [b2a92dac-af4e-4db5-a88e-fdb3e4195e5b:group-C62AFDFBBC30:LeaderElection64] INFO  server.RaftServerConfigKeys (ConfUtils.java:logGet(43)) - raft.server.log.appender.install.snapshot.enabled = false (custom)
2019-09-05 09:21:59,334 [b2a92dac-af4e-4db5-a88e-fdb3e4195e5b:group-C62AFDFBBC30:LeaderElection64] INFO  impl.RoleInfo (RoleInfo.java:updateAndGet(143)) - b2a92dac-af4e-4db5-a88e-fdb3e4195e5b: start LeaderState
2019-09-05 09:21:59,334 [b2a92dac-af4e-4db5-a88e-fdb3e4195e5b:group-C62AFDFBBC30:LeaderElection64] INFO  segmented.SegmentedRaftLogWorker (SegmentedRaftLogWorker.java:startLogSegment(380)) - b2a92dac-af4e-4db5-a88e-fdb3e4195e5b-SegmentedRaftLogWorker:Storage Directory /workdir/hadoop-ozone/integration-test/target/test-dir/MiniOzoneClusterImpl-b9007246-1341-44ba-8eb7-22f06fb20b9c/datanode-5/data/ratis/9c326d90-2798-4275-bb30-c62afdfbbc30: Starting segment from index:0
2019-09-05 09:21:59,335 [b2a92dac-af4e-4db5-a88e-fdb3e4195e5b:group-C62AFDFBBC30:LeaderElection64] INFO  impl.RaftServerImpl (ServerState.java:setRaftConf(361)) - b2a92dac-af4e-4db5-a88e-fdb3e4195e5b:group-C62AFDFBBC30 set configuration 0: [4b28f000-a8b5-4c6a-8a19-100693708a3e:192.168.69.66:34429, b2a92dac-af4e-4db5-a88e-fdb3e4195e5b:192.168.69.66:38400, a3cbdde1-725c-4ca4-8d7a-a782c47315d1:192.168.69.66:43393], old=null at 0
2019-09-05 09:21:59,336 [grpc-default-executor-8] INFO  impl.RaftServerImpl (ServerState.java:setLeader(263)) - 4b28f000-a8b5-4c6a-8a19-100693708a3e:group-C62AFDFBBC30 change Leader from null to b2a92dac-af4e-4db5-a88e-fdb3e4195e5b at term 1 for appendEntries, leader elected after 5204ms
2019-09-05 09:21:59,336 [grpc-default-executor-6] INFO  impl.RaftServerImpl (ServerState.java:setLeader(263)) - a3cbdde1-725c-4ca4-8d7a-a782c47315d1:group-C62AFDFBBC30 change Leader from null to b2a92dac-af4e-4db5-a88e-fdb3e4195e5b at term 1 for appendEntries, leader elected after 5204ms
2019-09-05 09:21:59,338 [grpc-default-executor-8] INFO  impl.RaftServerImpl (ServerState.java:setRaftConf(361)) - 4b28f000-a8b5-4c6a-8a19-100693708a3e:group-C62AFDFBBC30 set configuration 0: [4b28f000-a8b5-4c6a-8a19-100693708a3e:192.168.69.66:34429, b2a92dac-af4e-4db5-a88e-fdb3e4195e5b:192.168.69.66:38400, a3cbdde1-725c-4ca4-8d7a-a782c47315d1:192.168.69.66:43393], old=null at 0
2019-09-05 09:21:59,338 [grpc-default-executor-8] INFO  segmented.SegmentedRaftLogWorker (SegmentedRaftLogWorker.java:startLogSegment(380)) - 4b28f000-a8b5-4c6a-8a19-100693708a3e-SegmentedRaftLogWorker:Storage Directory /workdir/hadoop-ozone/integration-test/target/test-dir/MiniOzoneClusterImpl-b9007246-1341-44ba-8eb7-22f06fb20b9c/datanode-4/data/ratis/9c326d90-2798-4275-bb30-c62afdfbbc30: Starting segment from index:0
2019-09-05 09:21:59,338 [grpc-default-executor-6] INFO  impl.RaftServerImpl (ServerState.java:setRaftConf(361)) - a3cbdde1-725c-4ca4-8d7a-a782c47315d1:group-C62AFDFBBC30 set configuration 0: [4b28f000-a8b5-4c6a-8a19-100693708a3e:192.168.69.66:34429, b2a92dac-af4e-4db5-a88e-fdb3e4195e5b:192.168.69.66:38400, a3cbdde1-725c-4ca4-8d7a-a782c47315d1:192.168.69.66:43393], old=null at 0
2019-09-05 09:21:59,338 [grpc-default-executor-6] INFO  segmented.SegmentedRaftLogWorker (SegmentedRaftLogWorker.java:startLogSegment(380)) - a3cbdde1-725c-4ca4-8d7a-a782c47315d1-SegmentedRaftLogWorker:Storage Directory /workdir/hadoop-ozone/integration-test/target/test-dir/MiniOzoneClusterImpl-b9007246-1341-44ba-8eb7-22f06fb20b9c/datanode-3/data/ratis/9c326d90-2798-4275-bb30-c62afdfbbc30: Starting segment from index:0
2019-09-05 09:21:59,384 [grpc-default-executor-6] INFO  client.GrpcClientProtocolClient (GrpcClientProtocolClient.java:onNext(255)) - client-E86B2320BE0F->b2a92dac-af4e-4db5-a88e-fdb3e4195e5b: receive RaftClientReply:client-E86B2320BE0F->b2a92dac-af4e-4db5-a88e-fdb3e4195e5b@group-C62AFDFBBC30, cid=175, FAILED org.apache.ratis.protocol.LeaderNotReadyException: b2a92dac-af4e-4db5-a88e-fdb3e4195e5b is in LEADER state but not ready yet., logIndex=0, commits[b2a92dac-af4e-4db5-a88e-fdb3e4195e5b:c-1, 4b28f000-a8b5-4c6a-8a19-100693708a3e:c-1, a3cbdde1-725c-4ca4-8d7a-a782c47315d1:c-1]
2019-09-05 09:21:59,394 [b2a92dac-af4e-4db5-a88e-fdb3e4195e5b-SegmentedRaftLogWorker:Storage Directory /workdir/hadoop-ozone/integration-test/target/test-dir/MiniOzoneClusterImpl-b9007246-1341-44ba-8eb7-22f06fb20b9c/datanode-5/data/ratis/9c326d90-2798-4275-bb30-c62afdfbbc30] INFO  segmented.SegmentedRaftLogWorker (SegmentedRaftLogWorker.java:execute(569)) - b2a92dac-af4e-4db5-a88e-fdb3e4195e5b-SegmentedRaftLogWorker:Storage Directory /workdir/hadoop-ozone/integration-test/target/test-dir/MiniOzoneClusterImpl-b9007246-1341-44ba-8eb7-22f06fb20b9c/datanode-5/data/ratis/9c326d90-2798-4275-bb30-c62afdfbbc30: created new log segment /workdir/hadoop-ozone/integration-test/target/test-dir/MiniOzoneClusterImpl-b9007246-1341-44ba-8eb7-22f06fb20b9c/datanode-5/data/ratis/9c326d90-2798-4275-bb30-c62afdfbbc30/current/log_inprogress_0
2019-09-05 09:21:59,394 [4b28f000-a8b5-4c6a-8a19-100693708a3e-SegmentedRaftLogWorker:Storage Directory /workdir/hadoop-ozone/integration-test/target/test-dir/MiniOzoneClusterImpl-b9007246-1341-44ba-8eb7-22f06fb20b9c/datanode-4/data/ratis/9c326d90-2798-4275-bb30-c62afdfbbc30] INFO  segmented.SegmentedRaftLogWorker (SegmentedRaftLogWorker.java:execute(569)) - 4b28f000-a8b5-4c6a-8a19-100693708a3e-SegmentedRaftLogWorker:Storage Directory /workdir/hadoop-ozone/integration-test/target/test-dir/MiniOzoneClusterImpl-b9007246-1341-44ba-8eb7-22f06fb20b9c/datanode-4/data/ratis/9c326d90-2798-4275-bb30-c62afdfbbc30: created new log segment /workdir/hadoop-ozone/integration-test/target/test-dir/MiniOzoneClusterImpl-b9007246-1341-44ba-8eb7-22f06fb20b9c/datanode-4/data/ratis/9c326d90-2798-4275-bb30-c62afdfbbc30/current/log_inprogress_0
2019-09-05 09:21:59,394 [a3cbdde1-725c-4ca4-8d7a-a782c47315d1-SegmentedRaftLogWorker:Storage Directory /workdir/hadoop-ozone/integration-test/target/test-dir/MiniOzoneClusterImpl-b9007246-1341-44ba-8eb7-22f06fb20b9c/datanode-3/data/ratis/9c326d90-2798-4275-bb30-c62afdfbbc30] INFO  segmented.SegmentedRaftLogWorker (SegmentedRaftLogWorker.java:execute(569)) - a3cbdde1-725c-4ca4-8d7a-a782c47315d1-SegmentedRaftLogWorker:Storage Directory /workdir/hadoop-ozone/integration-test/target/test-dir/MiniOzoneClusterImpl-b9007246-1341-44ba-8eb7-22f06fb20b9c/datanode-3/data/ratis/9c326d90-2798-4275-bb30-c62afdfbbc30: created new log segment /workdir/hadoop-ozone/integration-test/target/test-dir/MiniOzoneClusterImpl-b9007246-1341-44ba-8eb7-22f06fb20b9c/datanode-3/data/ratis/9c326d90-2798-4275-bb30-c62afdfbbc30/current/log_inprogress_0
2019-09-05 09:21:59,428 [Thread-3344] INFO  impl.FollowerState (FollowerState.java:run(106)) - 24fa834e-354b-4f91-9ef9-44eeb31eb01b:group-EDAFC1D27606 changes to CANDIDATE, lastRpcTime:5157, electionTimeout:5157ms
2019-09-05 09:21:59,428 [Thread-3344] INFO  impl.RoleInfo (RoleInfo.java:shutdownFollowerState(121)) - 24fa834e-354b-4f91-9ef9-44eeb31eb01b: shutdown FollowerState
2019-09-05 09:21:59,428 [Thread-3344] INFO  impl.RaftServerImpl (RaftServerImpl.java:setRole(171)) - 24fa834e-354b-4f91-9ef9-44eeb31eb01b:group-EDAFC1D27606 changes role from FOLLOWER to CANDIDATE at term 0 for changeToCandidate
2019-09-05 09:21:59,428 [Thread-3344] INFO  impl.RoleInfo (RoleInfo.java:updateAndGet(143)) - 24fa834e-354b-4f91-9ef9-44eeb31eb01b: start LeaderElection
2019-09-05 09:21:59,453 [24fa834e-354b-4f91-9ef9-44eeb31eb01b:group-EDAFC1D27606:LeaderElection65] INFO  impl.LeaderElection (LeaderElection.java:askForVotes(181)) - 24fa834e-354b-4f91-9ef9-44eeb31eb01b:group-EDAFC1D27606:LeaderElection65: begin an election at term 1 for -1: [24fa834e-354b-4f91-9ef9-44eeb31eb01b:192.168.69.66:42350], old=null
2019-09-05 09:21:59,453 [24fa834e-354b-4f91-9ef9-44eeb31eb01b:group-EDAFC1D27606:LeaderElection65] INFO  impl.RoleInfo (RoleInfo.java:shutdownLeaderElection(134)) - 24fa834e-354b-4f91-9ef9-44eeb31eb01b: shutdown LeaderElection
2019-09-05 09:21:59,453 [24fa834e-354b-4f91-9ef9-44eeb31eb01b:group-EDAFC1D27606:LeaderElection65] INFO  impl.RaftServerImpl (RaftServerImpl.java:setRole(171)) - 24fa834e-354b-4f91-9ef9-44eeb31eb01b:group-EDAFC1D27606 changes role from CANDIDATE to LEADER at term 1 for changeToLeader
2019-09-05 09:21:59,453 [24fa834e-354b-4f91-9ef9-44eeb31eb01b:group-EDAFC1D27606:LeaderElection65] INFO  impl.RaftServerImpl (ServerState.java:setLeader(263)) - 24fa834e-354b-4f91-9ef9-44eeb31eb01b:group-EDAFC1D27606 change Leader from null to 24fa834e-354b-4f91-9ef9-44eeb31eb01b at term 1 for becomeLeader, leader elected after 5186ms
2019-09-05 09:21:59,453 [24fa834e-354b-4f91-9ef9-44eeb31eb01b:group-EDAFC1D27606:LeaderElection65] INFO  server.RaftServerConfigKeys (ConfUtils.java:logGet(43)) - raft.server.staging.catchup.gap = 1000 (default)
2019-09-05 09:21:59,453 [24fa834e-354b-4f91-9ef9-44eeb31eb01b:group-EDAFC1D27606:LeaderElection65] INFO  server.RaftServerConfigKeys (ConfUtils.java:logGet(43)) - raft.server.rpc.sleep.time = 25ms (default)
2019-09-05 09:21:59,454 [24fa834e-354b-4f91-9ef9-44eeb31eb01b:group-EDAFC1D27606:LeaderElection65] INFO  server.RaftServerConfigKeys (ConfUtils.java:logGet(43)) - raft.server.write.element-limit = 4096 (default)
2019-09-05 09:21:59,454 [24fa834e-354b-4f91-9ef9-44eeb31eb01b:group-EDAFC1D27606:LeaderElection65] INFO  server.RaftServerConfigKeys (ConfUtils.java:logGet(43)) - raft.server.watch.timeout = 10s (default)
2019-09-05 09:21:59,454 [24fa834e-354b-4f91-9ef9-44eeb31eb01b:group-EDAFC1D27606:LeaderElection65] INFO  server.RaftServerConfigKeys (ConfUtils.java:logGet(43)) - raft.server.watch.timeout.denomination = 1s (default)
2019-09-05 09:21:59,454 [24fa834e-354b-4f91-9ef9-44eeb31eb01b:group-EDAFC1D27606:LeaderElection65] INFO  server.RaftServerConfigKeys (ConfUtils.java:logGet(43)) - raft.server.watch.element-limit = 65536 (default)
2019-09-05 09:21:59,454 [24fa834e-354b-4f91-9ef9-44eeb31eb01b:group-EDAFC1D27606:LeaderElection65] INFO  impl.RoleInfo (RoleInfo.java:updateAndGet(143)) - 24fa834e-354b-4f91-9ef9-44eeb31eb01b: start LeaderState
2019-09-05 09:21:59,454 [24fa834e-354b-4f91-9ef9-44eeb31eb01b:group-EDAFC1D27606:LeaderElection65] INFO  segmented.SegmentedRaftLogWorker (SegmentedRaftLogWorker.java:startLogSegment(380)) - 24fa834e-354b-4f91-9ef9-44eeb31eb01b-SegmentedRaftLogWorker:Storage Directory /workdir/hadoop-ozone/integration-test/target/test-dir/MiniOzoneClusterImpl-b9007246-1341-44ba-8eb7-22f06fb20b9c/datanode-6/data/ratis/ebffa0c0-e50b-4743-81fd-edafc1d27606: Starting segment from index:0
2019-09-05 09:21:59,455 [24fa834e-354b-4f91-9ef9-44eeb31eb01b:group-EDAFC1D27606:LeaderElection65] INFO  impl.RaftServerImpl (ServerState.java:setRaftConf(361)) - 24fa834e-354b-4f91-9ef9-44eeb31eb01b:group-EDAFC1D27606 set configuration 0: [24fa834e-354b-4f91-9ef9-44eeb31eb01b:192.168.69.66:42350], old=null at 0
2019-09-05 09:21:59,503 [24fa834e-354b-4f91-9ef9-44eeb31eb01b-SegmentedRaftLogWorker:Storage Directory /workdir/hadoop-ozone/integration-test/target/test-dir/MiniOzoneClusterImpl-b9007246-1341-44ba-8eb7-22f06fb20b9c/datanode-6/data/ratis/ebffa0c0-e50b-4743-81fd-edafc1d27606] INFO  segmented.SegmentedRaftLogWorker (SegmentedRaftLogWorker.java:execute(569)) - 24fa834e-354b-4f91-9ef9-44eeb31eb01b-SegmentedRaftLogWorker:Storage Directory /workdir/hadoop-ozone/integration-test/target/test-dir/MiniOzoneClusterImpl-b9007246-1341-44ba-8eb7-22f06fb20b9c/datanode-6/data/ratis/ebffa0c0-e50b-4743-81fd-edafc1d27606: created new log segment /workdir/hadoop-ozone/integration-test/target/test-dir/MiniOzoneClusterImpl-b9007246-1341-44ba-8eb7-22f06fb20b9c/datanode-6/data/ratis/ebffa0c0-e50b-4743-81fd-edafc1d27606/current/log_inprogress_0
2019-09-05 09:21:59,619 | INFO  | SCMAudit | user=jenkins1000 | ip=192.168.69.66 | op=SEND_HEARTBEAT {datanodeUUID=a3cbdde1-725c-4ca4-8d7a-a782c47315d1, command=[]} | ret=SUCCESS |  
2019-09-05 09:21:59,792 | INFO  | SCMAudit | user=jenkins1000 | ip=192.168.69.66 | op=SEND_HEARTBEAT {datanodeUUID=6f14a04a-44e3-4557-80c9-ddee849029a0, command=[]} | ret=SUCCESS |  
2019-09-05 09:21:59,805 | INFO  | SCMAudit | user=jenkins1000 | ip=192.168.69.66 | op=SEND_HEARTBEAT {datanodeUUID=4b28f000-a8b5-4c6a-8a19-100693708a3e, command=[]} | ret=SUCCESS |  
2019-09-05 09:21:59,986 | INFO  | SCMAudit | user=jenkins1000 | ip=192.168.69.66 | op=SEND_HEARTBEAT {datanodeUUID=b2a92dac-af4e-4db5-a88e-fdb3e4195e5b, command=[]} | ret=SUCCESS |  
2019-09-05 09:21:59,999 | INFO  | SCMAudit | user=jenkins1000 | ip=192.168.69.66 | op=SEND_HEARTBEAT {datanodeUUID=07be2058-8bf0-4303-a72a-c3b15076ab0b, command=[]} | ret=SUCCESS |  
2019-09-05 09:22:00,183 | INFO  | SCMAudit | user=jenkins1000 | ip=192.168.69.66 | op=SEND_HEARTBEAT {datanodeUUID=a4e26f5e-71d2-4796-80a4-c2297629d93f, command=[]} | ret=SUCCESS |  
2019-09-05 09:22:00,189 | INFO  | SCMAudit | user=jenkins1000 | ip=192.168.69.66 | op=SEND_HEARTBEAT {datanodeUUID=24fa834e-354b-4f91-9ef9-44eeb31eb01b, command=[]} | ret=SUCCESS |  
2019-09-05 09:22:00,620 | INFO  | SCMAudit | user=jenkins1000 | ip=192.168.69.66 | op=SEND_HEARTBEAT {datanodeUUID=a3cbdde1-725c-4ca4-8d7a-a782c47315d1, command=[]} | ret=SUCCESS |  
2019-09-05 09:22:00,792 | INFO  | SCMAudit | user=jenkins1000 | ip=192.168.69.66 | op=SEND_HEARTBEAT {datanodeUUID=6f14a04a-44e3-4557-80c9-ddee849029a0, command=[]} | ret=SUCCESS |  
2019-09-05 09:22:00,806 | INFO  | SCMAudit | user=jenkins1000 | ip=192.168.69.66 | op=SEND_HEARTBEAT {datanodeUUID=4b28f000-a8b5-4c6a-8a19-100693708a3e, command=[]} | ret=SUCCESS |  
2019-09-05 09:22:00,986 | INFO  | SCMAudit | user=jenkins1000 | ip=192.168.69.66 | op=SEND_HEARTBEAT {datanodeUUID=b2a92dac-af4e-4db5-a88e-fdb3e4195e5b, command=[]} | ret=SUCCESS |  
2019-09-05 09:22:00,999 | INFO  | SCMAudit | user=jenkins1000 | ip=192.168.69.66 | op=SEND_HEARTBEAT {datanodeUUID=07be2058-8bf0-4303-a72a-c3b15076ab0b, command=[]} | ret=SUCCESS |  
2019-09-05 09:22:01,184 | INFO  | SCMAudit | user=jenkins1000 | ip=192.168.69.66 | op=SEND_HEARTBEAT {datanodeUUID=a4e26f5e-71d2-4796-80a4-c2297629d93f, command=[]} | ret=SUCCESS |  
2019-09-05 09:22:01,190 | INFO  | SCMAudit | user=jenkins1000 | ip=192.168.69.66 | op=SEND_HEARTBEAT {datanodeUUID=24fa834e-354b-4f91-9ef9-44eeb31eb01b, command=[]} | ret=SUCCESS |  
2019-09-05 09:22:01,623 | INFO  | SCMAudit | user=jenkins1000 | ip=192.168.69.66 | op=SEND_HEARTBEAT {datanodeUUID=a3cbdde1-725c-4ca4-8d7a-a782c47315d1, command=[]} | ret=SUCCESS |  
2019-09-05 09:22:01,624 | INFO  | DNAudit | user=null | ip=null | op=WRITE_CHUNK {blockData=conID: 1 locID: 102739169396260878 bcsId: 0} | ret=SUCCESS |  
2019-09-05 09:22:01,624 | INFO  | DNAudit | user=null | ip=null | op=WRITE_CHUNK {blockData=conID: 1 locID: 102739169396260878 bcsId: 0} | ret=SUCCESS |  
2019-09-05 09:22:01,624 | INFO  | DNAudit | user=null | ip=null | op=WRITE_CHUNK {blockData=conID: 1 locID: 102739169396260878 bcsId: 0} | ret=SUCCESS |  
2019-09-05 09:22:01,630 | INFO  | SCMAudit | user=jenkins1000 | ip=192.168.69.66 | op=SEND_HEARTBEAT {datanodeUUID=4b28f000-a8b5-4c6a-8a19-100693708a3e, command=[]} | ret=SUCCESS |  
2019-09-05 09:22:01,630 | INFO  | SCMAudit | user=jenkins1000 | ip=192.168.69.66 | op=SEND_HEARTBEAT {datanodeUUID=b2a92dac-af4e-4db5-a88e-fdb3e4195e5b, command=[]} | ret=SUCCESS |  
2019-09-05 09:22:01,630 | INFO  | SCMAudit | user=jenkins1000 | ip=192.168.69.66 | op=SEND_HEARTBEAT {datanodeUUID=a3cbdde1-725c-4ca4-8d7a-a782c47315d1, command=[]} | ret=SUCCESS |  
2019-09-05 09:22:01,646 | INFO  | DNAudit | user=null | ip=null | op=WRITE_CHUNK {blockData=conID: 1 locID: 102739169396260878 bcsId: 0} | ret=SUCCESS |  
2019-09-05 09:22:01,651 [grpc-default-executor-6] INFO  client.GrpcClientProtocolClient (GrpcClientProtocolClient.java:onNext(255)) - client-E86B2320BE0F->b2a92dac-af4e-4db5-a88e-fdb3e4195e5b: receive RaftClientReply:client-E86B2320BE0F->b2a92dac-af4e-4db5-a88e-fdb3e4195e5b@group-C62AFDFBBC30, cid=175, SUCCESS, logIndex=1, commits[b2a92dac-af4e-4db5-a88e-fdb3e4195e5b:c1, 4b28f000-a8b5-4c6a-8a19-100693708a3e:c0, a3cbdde1-725c-4ca4-8d7a-a782c47315d1:c0]
2019-09-05 09:22:01,657 | INFO  | DNAudit | user=null | ip=null | op=WRITE_CHUNK {blockData=conID: 1 locID: 102739169396260878 bcsId: 0} | ret=SUCCESS |  
2019-09-05 09:22:01,658 | INFO  | DNAudit | user=null | ip=null | op=WRITE_CHUNK {blockData=conID: 1 locID: 102739169396260878 bcsId: 0} | ret=SUCCESS |  
2019-09-05 09:22:01,658 | INFO  | DNAudit | user=null | ip=null | op=WRITE_CHUNK {blockData=conID: 1 locID: 102739169396260878 bcsId: 0} | ret=SUCCESS |  
2019-09-05 09:22:01,658 | INFO  | DNAudit | user=null | ip=null | op=WRITE_CHUNK {blockData=conID: 1 locID: 102739169396260878 bcsId: 0} | ret=SUCCESS |  
2019-09-05 09:22:01,659 | INFO  | DNAudit | user=null | ip=null | op=WRITE_CHUNK {blockData=conID: 1 locID: 102739169396260878 bcsId: 0} | ret=SUCCESS |  
2019-09-05 09:22:01,659 | INFO  | DNAudit | user=null | ip=null | op=WRITE_CHUNK {blockData=conID: 1 locID: 102739169396260878 bcsId: 0} | ret=SUCCESS |  
2019-09-05 09:22:01,660 | INFO  | DNAudit | user=null | ip=null | op=WRITE_CHUNK {blockData=conID: 1 locID: 102739169396260878 bcsId: 0} | ret=SUCCESS |  
2019-09-05 09:22:01,661 | INFO  | DNAudit | user=null | ip=null | op=WRITE_CHUNK {blockData=conID: 1 locID: 102739169396260878 bcsId: 0} | ret=SUCCESS |  
2019-09-05 09:22:01,661 | INFO  | DNAudit | user=null | ip=null | op=WRITE_CHUNK {blockData=conID: 1 locID: 102739169396260878 bcsId: 0} | ret=SUCCESS |  
2019-09-05 09:22:01,663 | INFO  | DNAudit | user=null | ip=null | op=WRITE_CHUNK {blockData=conID: 1 locID: 102739169396260878 bcsId: 0} | ret=SUCCESS |  
2019-09-05 09:22:01,663 | INFO  | DNAudit | user=null | ip=null | op=WRITE_CHUNK {blockData=conID: 1 locID: 102739169396260878 bcsId: 0} | ret=SUCCESS |  
2019-09-05 09:22:01,665 | INFO  | DNAudit | user=null | ip=null | op=WRITE_CHUNK {blockData=conID: 1 locID: 102739169396260878 bcsId: 0} | ret=SUCCESS |  
2019-09-05 09:22:01,673 [grpc-default-executor-8] INFO  client.GrpcClientProtocolClient (GrpcClientProtocolClient.java:onNext(255)) - client-E86B2320BE0F->b2a92dac-af4e-4db5-a88e-fdb3e4195e5b: receive RaftClientReply:client-E86B2320BE0F->b2a92dac-af4e-4db5-a88e-fdb3e4195e5b@group-C62AFDFBBC30, cid=176, SUCCESS, logIndex=3, commits[b2a92dac-af4e-4db5-a88e-fdb3e4195e5b:c6, 4b28f000-a8b5-4c6a-8a19-100693708a3e:c1, a3cbdde1-725c-4ca4-8d7a-a782c47315d1:c1]
2019-09-05 09:22:01,693 | INFO  | DNAudit | user=null | ip=null | op=WRITE_CHUNK {blockData=conID: 1 locID: 102739169396260878 bcsId: 0} | ret=SUCCESS |  
2019-09-05 09:22:01,693 | INFO  | DNAudit | user=null | ip=null | op=WRITE_CHUNK {blockData=conID: 1 locID: 102739169396260878 bcsId: 0} | ret=SUCCESS |  
2019-09-05 09:22:01,772 | INFO  | DNAudit | user=null | ip=null | op=PUT_BLOCK {blockData=[blockId=conID: 1 locID: 102739169396260878 bcsId: 0,size=200]} | ret=SUCCESS |  
2019-09-05 09:22:01,773 | INFO  | DNAudit | user=null | ip=null | op=WRITE_CHUNK {blockData=conID: 1 locID: 102739169396260878 bcsId: 0} | ret=SUCCESS |  
2019-09-05 09:22:01,774 | INFO  | DNAudit | user=null | ip=null | op=WRITE_CHUNK {blockData=conID: 1 locID: 102739169396260878 bcsId: 0} | ret=SUCCESS |  
2019-09-05 09:22:01,774 [grpc-default-executor-8] INFO  client.GrpcClientProtocolClient (GrpcClientProtocolClient.java:onNext(255)) - client-E86B2320BE0F->b2a92dac-af4e-4db5-a88e-fdb3e4195e5b: receive RaftClientReply:client-E86B2320BE0F->b2a92dac-af4e-4db5-a88e-fdb3e4195e5b@group-C62AFDFBBC30, cid=177, SUCCESS, logIndex=4, commits[b2a92dac-af4e-4db5-a88e-fdb3e4195e5b:c11, 4b28f000-a8b5-4c6a-8a19-100693708a3e:c7, a3cbdde1-725c-4ca4-8d7a-a782c47315d1:c7]
2019-09-05 09:22:01,774 [grpc-default-executor-8] INFO  client.GrpcClientProtocolClient (GrpcClientProtocolClient.java:onNext(255)) - client-E86B2320BE0F->b2a92dac-af4e-4db5-a88e-fdb3e4195e5b: receive RaftClientReply:client-E86B2320BE0F->b2a92dac-af4e-4db5-a88e-fdb3e4195e5b@group-C62AFDFBBC30, cid=178, SUCCESS, logIndex=5, commits[b2a92dac-af4e-4db5-a88e-fdb3e4195e5b:c11, 4b28f000-a8b5-4c6a-8a19-100693708a3e:c7, a3cbdde1-725c-4ca4-8d7a-a782c47315d1:c7]
2019-09-05 09:22:01,775 [grpc-default-executor-8] INFO  client.GrpcClientProtocolClient (GrpcClientProtocolClient.java:onNext(255)) - client-E86B2320BE0F->b2a92dac-af4e-4db5-a88e-fdb3e4195e5b: receive RaftClientReply:client-E86B2320BE0F->b2a92dac-af4e-4db5-a88e-fdb3e4195e5b@group-C62AFDFBBC30, cid=179, SUCCESS, logIndex=6, commits[b2a92dac-af4e-4db5-a88e-fdb3e4195e5b:c11, 4b28f000-a8b5-4c6a-8a19-100693708a3e:c7, a3cbdde1-725c-4ca4-8d7a-a782c47315d1:c7]
2019-09-05 09:22:01,792 | INFO  | SCMAudit | user=jenkins1000 | ip=192.168.69.66 | op=SEND_HEARTBEAT {datanodeUUID=6f14a04a-44e3-4557-80c9-ddee849029a0, command=[]} | ret=SUCCESS |  
2019-09-05 09:22:01,907 | INFO  | DNAudit | user=null | ip=null | op=PUT_BLOCK {blockData=[blockId=conID: 1 locID: 102739169396260878 bcsId: 0,size=200]} | ret=SUCCESS |  
2019-09-05 09:22:01,908 | INFO  | DNAudit | user=null | ip=null | op=WRITE_CHUNK {blockData=conID: 1 locID: 102739169396260878 bcsId: 0} | ret=SUCCESS |  
2019-09-05 09:22:01,909 | INFO  | DNAudit | user=null | ip=null | op=WRITE_CHUNK {blockData=conID: 1 locID: 102739169396260878 bcsId: 0} | ret=SUCCESS |  
2019-09-05 09:22:01,999 | INFO  | SCMAudit | user=jenkins1000 | ip=192.168.69.66 | op=SEND_HEARTBEAT {datanodeUUID=07be2058-8bf0-4303-a72a-c3b15076ab0b, command=[]} | ret=SUCCESS |  
2019-09-05 09:22:02,109 | INFO  | DNAudit | user=null | ip=null | op=PUT_BLOCK {blockData=[blockId=conID: 1 locID: 102739169396260878 bcsId: 0,size=400]} | ret=SUCCESS |  
2019-09-05 09:22:02,109 | INFO  | DNAudit | user=null | ip=null | op=PUT_BLOCK {blockData=[blockId=conID: 1 locID: 102739169396260878 bcsId: 0,size=200]} | ret=SUCCESS |  
2019-09-05 09:22:02,109 | INFO  | DNAudit | user=null | ip=null | op=PUT_BLOCK {blockData=[blockId=conID: 1 locID: 102739169396260878 bcsId: 0,size=400]} | ret=SUCCESS |  
2019-09-05 09:22:02,110 | INFO  | DNAudit | user=null | ip=null | op=WRITE_CHUNK {blockData=conID: 1 locID: 102739169396260878 bcsId: 0} | ret=SUCCESS |  
2019-09-05 09:22:02,110 | INFO  | DNAudit | user=null | ip=null | op=WRITE_CHUNK {blockData=conID: 1 locID: 102739169396260878 bcsId: 0} | ret=SUCCESS |  
2019-09-05 09:22:02,111 | INFO  | DNAudit | user=null | ip=null | op=PUT_BLOCK {blockData=[blockId=conID: 1 locID: 102739169396260878 bcsId: 0,size=400]} | ret=SUCCESS |  
2019-09-05 09:22:02,111 [grpc-default-executor-8] INFO  client.GrpcClientProtocolClient (GrpcClientProtocolClient.java:onNext(255)) - client-E86B2320BE0F->b2a92dac-af4e-4db5-a88e-fdb3e4195e5b: receive RaftClientReply:client-E86B2320BE0F->b2a92dac-af4e-4db5-a88e-fdb3e4195e5b@group-C62AFDFBBC30, cid=180, SUCCESS, logIndex=7, commits[b2a92dac-af4e-4db5-a88e-fdb3e4195e5b:c11, 4b28f000-a8b5-4c6a-8a19-100693708a3e:c7, a3cbdde1-725c-4ca4-8d7a-a782c47315d1:c7]
2019-09-05 09:22:02,114 | INFO  | DNAudit | user=null | ip=null | op=WRITE_CHUNK {blockData=conID: 1 locID: 102739169396260878 bcsId: 7} | ret=SUCCESS |  
2019-09-05 09:22:02,116 | INFO  | DNAudit | user=null | ip=null | op=WRITE_CHUNK {blockData=conID: 1 locID: 102739169396260878 bcsId: 7} | ret=SUCCESS |  
2019-09-05 09:22:02,116 | INFO  | DNAudit | user=null | ip=null | op=WRITE_CHUNK {blockData=conID: 1 locID: 102739169396260878 bcsId: 7} | ret=SUCCESS |  
2019-09-05 09:22:02,130 | INFO  | DNAudit | user=null | ip=null | op=WRITE_CHUNK {blockData=conID: 1 locID: 102739169396260878 bcsId: 7} | ret=SUCCESS |  
2019-09-05 09:22:02,131 | INFO  | DNAudit | user=null | ip=null | op=PUT_BLOCK {blockData=[blockId=conID: 1 locID: 102739169396260878 bcsId: 0,size=450]} | ret=SUCCESS |  
2019-09-05 09:22:02,131 [grpc-default-executor-6] INFO  client.GrpcClientProtocolClient (GrpcClientProtocolClient.java:onNext(255)) - client-E86B2320BE0F->b2a92dac-af4e-4db5-a88e-fdb3e4195e5b: receive RaftClientReply:client-E86B2320BE0F->b2a92dac-af4e-4db5-a88e-fdb3e4195e5b@group-C62AFDFBBC30, cid=181, SUCCESS, logIndex=12, commits[b2a92dac-af4e-4db5-a88e-fdb3e4195e5b:c13, 4b28f000-a8b5-4c6a-8a19-100693708a3e:c11, a3cbdde1-725c-4ca4-8d7a-a782c47315d1:c11]
2019-09-05 09:22:02,133 [grpc-default-executor-6] INFO  client.GrpcClientProtocolClient (GrpcClientProtocolClient.java:onNext(255)) - client-E86B2320BE0F->b2a92dac-af4e-4db5-a88e-fdb3e4195e5b: receive RaftClientReply:client-E86B2320BE0F->b2a92dac-af4e-4db5-a88e-fdb3e4195e5b@group-C62AFDFBBC30, cid=182, SUCCESS, logIndex=13, commits[b2a92dac-af4e-4db5-a88e-fdb3e4195e5b:c13, 4b28f000-a8b5-4c6a-8a19-100693708a3e:c11, a3cbdde1-725c-4ca4-8d7a-a782c47315d1:c11]
2019-09-05 09:22:02,147 | INFO  | DNAudit | user=null | ip=null | op=WRITE_CHUNK {blockData=conID: 1 locID: 102739169396260878 bcsId: 7} | ret=SUCCESS |  
2019-09-05 09:22:02,147 | INFO  | DNAudit | user=null | ip=null | op=WRITE_CHUNK {blockData=conID: 1 locID: 102739169396260878 bcsId: 7} | ret=SUCCESS |  
2019-09-05 09:22:02,147 | INFO  | DNAudit | user=null | ip=null | op=PUT_BLOCK {blockData=[blockId=conID: 1 locID: 102739169396260878 bcsId: 0,size=450]} | ret=SUCCESS |  
2019-09-05 09:22:02,147 | INFO  | DNAudit | user=null | ip=null | op=PUT_BLOCK {blockData=[blockId=conID: 1 locID: 102739169396260878 bcsId: 0,size=450]} | ret=SUCCESS |  
2019-09-05 09:22:02,151 [grpc-default-executor-6] INFO  client.GrpcClientProtocolClient (GrpcClientProtocolClient.java:onNext(255)) - client-E86B2320BE0F->b2a92dac-af4e-4db5-a88e-fdb3e4195e5b: receive RaftClientReply:client-E86B2320BE0F->b2a92dac-af4e-4db5-a88e-fdb3e4195e5b@group-C62AFDFBBC30, cid=183, SUCCESS, logIndex=0, commits[b2a92dac-af4e-4db5-a88e-fdb3e4195e5b:c14, 4b28f000-a8b5-4c6a-8a19-100693708a3e:c13, a3cbdde1-725c-4ca4-8d7a-a782c47315d1:c13]
2019-09-05 09:22:02,152 [main] INFO  datanode.ObjectStoreHandler (ObjectStoreHandler.java:close(155)) - Closing ObjectStoreHandler.
2019-09-05 09:22:02,152 [main] INFO  ozone.HddsDatanodeService (HddsDatanodeService.java:stop(451)) - Stopped plug-in org.apache.hadoop.ozone.web.OzoneHddsDatanodeService@53c68ea5
2019-09-05 09:22:02,184 | INFO  | SCMAudit | user=jenkins1000 | ip=192.168.69.66 | op=SEND_HEARTBEAT {datanodeUUID=a4e26f5e-71d2-4796-80a4-c2297629d93f, command=[]} | ret=SUCCESS |  
2019-09-05 09:22:02,190 | INFO  | SCMAudit | user=jenkins1000 | ip=192.168.69.66 | op=SEND_HEARTBEAT {datanodeUUID=24fa834e-354b-4f91-9ef9-44eeb31eb01b, command=[]} | ret=SUCCESS |  
2019-09-05 09:22:02,623 [Datanode State Machine Thread - 0] INFO  statemachine.DatanodeStateMachine (DatanodeStateMachine.java:lambda$startDaemon$0(350)) - Ozone container server started.
2019-09-05 09:22:02,624 | INFO  | SCMAudit | user=jenkins1000 | ip=192.168.69.66 | op=SEND_HEARTBEAT {datanodeUUID=4b28f000-a8b5-4c6a-8a19-100693708a3e, command=[]} | ret=SUCCESS |  
2019-09-05 09:22:02,624 | INFO  | SCMAudit | user=jenkins1000 | ip=192.168.69.66 | op=SEND_HEARTBEAT {datanodeUUID=a3cbdde1-725c-4ca4-8d7a-a782c47315d1, command=[]} | ret=SUCCESS |  
2019-09-05 09:22:02,792 | INFO  | SCMAudit | user=jenkins1000 | ip=192.168.69.66 | op=SEND_HEARTBEAT {datanodeUUID=6f14a04a-44e3-4557-80c9-ddee849029a0, command=[]} | ret=SUCCESS |  
2019-09-05 09:22:02,999 | INFO  | SCMAudit | user=jenkins1000 | ip=192.168.69.66 | op=SEND_HEARTBEAT {datanodeUUID=07be2058-8bf0-4303-a72a-c3b15076ab0b, command=[]} | ret=SUCCESS |  
2019-09-05 09:22:03,184 | INFO  | SCMAudit | user=jenkins1000 | ip=192.168.69.66 | op=SEND_HEARTBEAT {datanodeUUID=a4e26f5e-71d2-4796-80a4-c2297629d93f, command=[]} | ret=SUCCESS |  
2019-09-05 09:22:03,190 | INFO  | SCMAudit | user=jenkins1000 | ip=192.168.69.66 | op=SEND_HEARTBEAT {datanodeUUID=24fa834e-354b-4f91-9ef9-44eeb31eb01b, command=[]} | ret=SUCCESS |  
2019-09-05 09:22:03,624 | INFO  | SCMAudit | user=jenkins1000 | ip=192.168.69.66 | op=SEND_HEARTBEAT {datanodeUUID=a3cbdde1-725c-4ca4-8d7a-a782c47315d1, command=[]} | ret=SUCCESS |  
2019-09-05 09:22:03,624 | INFO  | SCMAudit | user=jenkins1000 | ip=192.168.69.66 | op=SEND_HEARTBEAT {datanodeUUID=4b28f000-a8b5-4c6a-8a19-100693708a3e, command=[]} | ret=SUCCESS |  
2019-09-05 09:22:03,792 | INFO  | SCMAudit | user=jenkins1000 | ip=192.168.69.66 | op=SEND_HEARTBEAT {datanodeUUID=6f14a04a-44e3-4557-80c9-ddee849029a0, command=[]} | ret=SUCCESS |  
2019-09-05 09:22:03,999 | INFO  | SCMAudit | user=jenkins1000 | ip=192.168.69.66 | op=SEND_HEARTBEAT {datanodeUUID=07be2058-8bf0-4303-a72a-c3b15076ab0b, command=[]} | ret=SUCCESS |  
2019-09-05 09:22:04,184 | INFO  | SCMAudit | user=jenkins1000 | ip=192.168.69.66 | op=SEND_HEARTBEAT {datanodeUUID=a4e26f5e-71d2-4796-80a4-c2297629d93f, command=[]} | ret=SUCCESS |  
2019-09-05 09:22:04,190 | INFO  | SCMAudit | user=jenkins1000 | ip=192.168.69.66 | op=SEND_HEARTBEAT {datanodeUUID=24fa834e-354b-4f91-9ef9-44eeb31eb01b, command=[]} | ret=SUCCESS |  
2019-09-05 09:22:04,624 | INFO  | SCMAudit | user=jenkins1000 | ip=192.168.69.66 | op=SEND_HEARTBEAT {datanodeUUID=a3cbdde1-725c-4ca4-8d7a-a782c47315d1, command=[]} | ret=SUCCESS |  
2019-09-05 09:22:04,624 | INFO  | SCMAudit | user=jenkins1000 | ip=192.168.69.66 | op=SEND_HEARTBEAT {datanodeUUID=4b28f000-a8b5-4c6a-8a19-100693708a3e, command=[]} | ret=SUCCESS |  
2019-09-05 09:22:04,793 | INFO  | SCMAudit | user=jenkins1000 | ip=192.168.69.66 | op=SEND_HEARTBEAT {datanodeUUID=6f14a04a-44e3-4557-80c9-ddee849029a0, command=[]} | ret=SUCCESS |  
2019-09-05 09:22:04,999 | INFO  | SCMAudit | user=jenkins1000 | ip=192.168.69.66 | op=SEND_HEARTBEAT {datanodeUUID=07be2058-8bf0-4303-a72a-c3b15076ab0b, command=[]} | ret=SUCCESS |  
2019-09-05 09:22:05,184 | INFO  | SCMAudit | user=jenkins1000 | ip=192.168.69.66 | op=SEND_HEARTBEAT {datanodeUUID=a4e26f5e-71d2-4796-80a4-c2297629d93f, command=[]} | ret=SUCCESS |  
2019-09-05 09:22:05,190 | INFO  | SCMAudit | user=jenkins1000 | ip=192.168.69.66 | op=SEND_HEARTBEAT {datanodeUUID=24fa834e-354b-4f91-9ef9-44eeb31eb01b, command=[]} | ret=SUCCESS |  
2019-09-05 09:22:05,624 | INFO  | SCMAudit | user=jenkins1000 | ip=192.168.69.66 | op=SEND_HEARTBEAT {datanodeUUID=4b28f000-a8b5-4c6a-8a19-100693708a3e, command=[]} | ret=SUCCESS |  
2019-09-05 09:22:05,624 | INFO  | SCMAudit | user=jenkins1000 | ip=192.168.69.66 | op=SEND_HEARTBEAT {datanodeUUID=a3cbdde1-725c-4ca4-8d7a-a782c47315d1, command=[]} | ret=SUCCESS |  
2019-09-05 09:22:05,793 | INFO  | SCMAudit | user=jenkins1000 | ip=192.168.69.66 | op=SEND_HEARTBEAT {datanodeUUID=6f14a04a-44e3-4557-80c9-ddee849029a0, command=[]} | ret=SUCCESS |  
2019-09-05 09:22:05,999 | INFO  | SCMAudit | user=jenkins1000 | ip=192.168.69.66 | op=SEND_HEARTBEAT {datanodeUUID=07be2058-8bf0-4303-a72a-c3b15076ab0b, command=[]} | ret=SUCCESS |  
2019-09-05 09:22:06,184 | INFO  | SCMAudit | user=jenkins1000 | ip=192.168.69.66 | op=SEND_HEARTBEAT {datanodeUUID=a4e26f5e-71d2-4796-80a4-c2297629d93f, command=[]} | ret=SUCCESS |  
2019-09-05 09:22:06,190 | INFO  | SCMAudit | user=jenkins1000 | ip=192.168.69.66 | op=SEND_HEARTBEAT {datanodeUUID=24fa834e-354b-4f91-9ef9-44eeb31eb01b, command=[]} | ret=SUCCESS |  
2019-09-05 09:22:06,624 | INFO  | SCMAudit | user=jenkins1000 | ip=192.168.69.66 | op=SEND_HEARTBEAT {datanodeUUID=4b28f000-a8b5-4c6a-8a19-100693708a3e, command=[]} | ret=SUCCESS |  
2019-09-05 09:22:06,624 | INFO  | SCMAudit | user=jenkins1000 | ip=192.168.69.66 | op=SEND_HEARTBEAT {datanodeUUID=a3cbdde1-725c-4ca4-8d7a-a782c47315d1, command=[]} | ret=SUCCESS |  
2019-09-05 09:22:06,699 [EventQueue-StaleNodeForStaleNodeHandler] INFO  node.StaleNodeHandler (StaleNodeHandler.java:onMessage(58)) - Datanode b2a92dac-af4e-4db5-a88e-fdb3e4195e5b{ip: 192.168.69.66, host: pr-hdds-1571-bldfb-3674279559, networkLocation: /default-rack, certSerialId: null} moved to stale state. Finalizing its pipelines [PipelineID=4249fafc-3574-4a40-85db-f41c6b952e9d, PipelineID=9c326d90-2798-4275-bb30-c62afdfbbc30]
2019-09-05 09:22:06,700 [EventQueue-StaleNodeForStaleNodeHandler] INFO  pipeline.SCMPipelineManager (SCMPipelineManager.java:finalizeAndDestroyPipeline(309)) - destroying pipeline:Pipeline[ Id: 4249fafc-3574-4a40-85db-f41c6b952e9d, Nodes: b2a92dac-af4e-4db5-a88e-fdb3e4195e5b{ip: 192.168.69.66, host: pr-hdds-1571-bldfb-3674279559, networkLocation: /default-rack, certSerialId: null}, Type:RATIS, Factor:ONE, State:OPEN]
2019-09-05 09:22:06,700 [EventQueue-StaleNodeForStaleNodeHandler] INFO  pipeline.PipelineStateManager (PipelineStateManager.java:finalizePipeline(123)) - Pipeline Pipeline[ Id: 4249fafc-3574-4a40-85db-f41c6b952e9d, Nodes: b2a92dac-af4e-4db5-a88e-fdb3e4195e5b{ip: 192.168.69.66, host: pr-hdds-1571-bldfb-3674279559, networkLocation: /default-rack, certSerialId: null}, Type:RATIS, Factor:ONE, State:CLOSED] moved to CLOSED state
2019-09-05 09:22:06,700 [EventQueue-StaleNodeForStaleNodeHandler] INFO  pipeline.SCMPipelineManager (SCMPipelineManager.java:finalizeAndDestroyPipeline(309)) - destroying pipeline:Pipeline[ Id: 9c326d90-2798-4275-bb30-c62afdfbbc30, Nodes: b2a92dac-af4e-4db5-a88e-fdb3e4195e5b{ip: 192.168.69.66, host: pr-hdds-1571-bldfb-3674279559, networkLocation: /default-rack, certSerialId: null}4b28f000-a8b5-4c6a-8a19-100693708a3e{ip: 192.168.69.66, host: pr-hdds-1571-bldfb-3674279559, networkLocation: /default-rack, certSerialId: null}a3cbdde1-725c-4ca4-8d7a-a782c47315d1{ip: 192.168.69.66, host: pr-hdds-1571-bldfb-3674279559, networkLocation: /default-rack, certSerialId: null}, Type:RATIS, Factor:THREE, State:OPEN]
2019-09-05 09:22:06,700 [EventQueue-StaleNodeForStaleNodeHandler] INFO  pipeline.PipelineStateManager (PipelineStateManager.java:finalizePipeline(123)) - Pipeline Pipeline[ Id: 9c326d90-2798-4275-bb30-c62afdfbbc30, Nodes: b2a92dac-af4e-4db5-a88e-fdb3e4195e5b{ip: 192.168.69.66, host: pr-hdds-1571-bldfb-3674279559, networkLocation: /default-rack, certSerialId: null}4b28f000-a8b5-4c6a-8a19-100693708a3e{ip: 192.168.69.66, host: pr-hdds-1571-bldfb-3674279559, networkLocation: /default-rack, certSerialId: null}a3cbdde1-725c-4ca4-8d7a-a782c47315d1{ip: 192.168.69.66, host: pr-hdds-1571-bldfb-3674279559, networkLocation: /default-rack, certSerialId: null}, Type:RATIS, Factor:THREE, State:CLOSED] moved to CLOSED state
2019-09-05 09:22:06,701 [EventQueue-CloseContainerForCloseContainerEventHandler] INFO  container.CloseContainerEventHandler (CloseContainerEventHandler.java:onMessage(61)) - Close container Event triggered for container : #1
2019-09-05 09:22:06,793 | INFO  | SCMAudit | user=jenkins1000 | ip=192.168.69.66 | op=SEND_HEARTBEAT {datanodeUUID=6f14a04a-44e3-4557-80c9-ddee849029a0, command=[]} | ret=SUCCESS |  
2019-09-05 09:22:06,999 | INFO  | SCMAudit | user=jenkins1000 | ip=192.168.69.66 | op=SEND_HEARTBEAT {datanodeUUID=07be2058-8bf0-4303-a72a-c3b15076ab0b, command=[]} | ret=SUCCESS |  
2019-09-05 09:22:07,153 [main] INFO  ozoneimpl.OzoneContainer (OzoneContainer.java:stop(199)) - Attempting to stop container services.
2019-09-05 09:22:07,153 [main] INFO  impl.RaftServerProxy (RaftServerProxy.java:lambda$close$4(314)) - b2a92dac-af4e-4db5-a88e-fdb3e4195e5b: close
2019-09-05 09:22:07,154 [main] INFO  impl.RaftServerImpl (RaftServerImpl.java:lambda$shutdown$3(245)) - b2a92dac-af4e-4db5-a88e-fdb3e4195e5b: shutdown group-F41C6B952E9D
2019-09-05 09:22:07,154 [main] INFO  util.JmxRegister (JmxRegister.java:unregister(73)) - Successfully un-registered JMX Bean with object name Ratis:service=RaftServer,group=group-F41C6B952E9D,id=b2a92dac-af4e-4db5-a88e-fdb3e4195e5b
2019-09-05 09:22:07,154 [main] INFO  impl.RoleInfo (RoleInfo.java:shutdownLeaderState(104)) - b2a92dac-af4e-4db5-a88e-fdb3e4195e5b: shutdown LeaderState
2019-09-05 09:22:07,155 [main] INFO  impl.PendingRequests (PendingRequests.java:sendNotLeaderResponses(202)) - b2a92dac-af4e-4db5-a88e-fdb3e4195e5b-PendingRequests: sendNotLeaderResponses
2019-09-05 09:22:07,155 [main] INFO  impl.StateMachineUpdater (StateMachineUpdater.java:stopAndJoin(115)) - StateMachineUpdater:b2a92dac-af4e-4db5-a88e-fdb3e4195e5b:group-F41C6B952E9D: set stopIndex = 0
2019-09-05 09:22:07,155 [main] INFO  impl.RaftServerImpl (ServerState.java:close(394)) - b2a92dac-af4e-4db5-a88e-fdb3e4195e5b:group-F41C6B952E9D closes. The last applied log index is 0
2019-09-05 09:22:07,156 [b2a92dac-af4e-4db5-a88e-fdb3e4195e5b-SegmentedRaftLogWorker:Storage Directory /workdir/hadoop-ozone/integration-test/target/test-dir/MiniOzoneClusterImpl-b9007246-1341-44ba-8eb7-22f06fb20b9c/datanode-5/data/ratis/4249fafc-3574-4a40-85db-f41c6b952e9d] INFO  segmented.SegmentedRaftLogWorker (SegmentedRaftLogWorker.java:run(313)) - b2a92dac-af4e-4db5-a88e-fdb3e4195e5b-SegmentedRaftLogWorker:Storage Directory /workdir/hadoop-ozone/integration-test/target/test-dir/MiniOzoneClusterImpl-b9007246-1341-44ba-8eb7-22f06fb20b9c/datanode-5/data/ratis/4249fafc-3574-4a40-85db-f41c6b952e9d was interrupted, exiting. There are 0 tasks remaining in the queue.
2019-09-05 09:22:07,159 [main] INFO  segmented.SegmentedRaftLogWorker (SegmentedRaftLogWorker.java:close(228)) - b2a92dac-af4e-4db5-a88e-fdb3e4195e5b-SegmentedRaftLogWorker:Storage Directory /workdir/hadoop-ozone/integration-test/target/test-dir/MiniOzoneClusterImpl-b9007246-1341-44ba-8eb7-22f06fb20b9c/datanode-5/data/ratis/4249fafc-3574-4a40-85db-f41c6b952e9d close()
2019-09-05 09:22:07,164 [main] INFO  impl.RaftServerImpl (RaftServerImpl.java:lambda$shutdown$3(245)) - b2a92dac-af4e-4db5-a88e-fdb3e4195e5b: shutdown group-C62AFDFBBC30
2019-09-05 09:22:07,165 [main] INFO  util.JmxRegister (JmxRegister.java:unregister(73)) - Successfully un-registered JMX Bean with object name Ratis:service=RaftServer,group=group-C62AFDFBBC30,id=b2a92dac-af4e-4db5-a88e-fdb3e4195e5b
2019-09-05 09:22:07,165 [main] INFO  impl.RoleInfo (RoleInfo.java:shutdownLeaderState(104)) - b2a92dac-af4e-4db5-a88e-fdb3e4195e5b: shutdown LeaderState
2019-09-05 09:22:07,169 [org.apache.ratis.server.impl.LogAppender$AppenderDaemon$$Lambda$481/1773278204@49ea0bfa] WARN  server.GrpcLogAppender (GrpcLogAppender.java:mayWait(143)) - GrpcLogAppender(b2a92dac-af4e-4db5-a88e-fdb3e4195e5b->a3cbdde1-725c-4ca4-8d7a-a782c47315d1): Wait interrupted by java.lang.InterruptedException
2019-09-05 09:22:07,169 [org.apache.ratis.server.impl.LogAppender$AppenderDaemon$$Lambda$481/1773278204@ce89403] WARN  server.GrpcLogAppender (GrpcLogAppender.java:mayWait(143)) - GrpcLogAppender(b2a92dac-af4e-4db5-a88e-fdb3e4195e5b->4b28f000-a8b5-4c6a-8a19-100693708a3e): Wait interrupted by java.lang.InterruptedException
2019-09-05 09:22:07,169 [main] INFO  impl.PendingRequests (PendingRequests.java:sendNotLeaderResponses(202)) - b2a92dac-af4e-4db5-a88e-fdb3e4195e5b-PendingRequests: sendNotLeaderResponses
2019-09-05 09:22:07,170 [grpc-default-executor-6] INFO  server.GrpcServerProtocolService (GrpcServerProtocolService.java:onCompleted(104)) - 4b28f000-a8b5-4c6a-8a19-100693708a3e: appendEntries completed
2019-09-05 09:22:07,170 [grpc-default-executor-8] INFO  server.GrpcServerProtocolService (GrpcServerProtocolService.java:onCompleted(104)) - a3cbdde1-725c-4ca4-8d7a-a782c47315d1: appendEntries completed
2019-09-05 09:22:07,173 [StateMachineUpdater:b2a92dac-af4e-4db5-a88e-fdb3e4195e5b:group-C62AFDFBBC30] INFO  ratis.ContainerStateMachine (ContainerStateMachine.java:takeSnapshot(283)) - group-C62AFDFBBC30: Taking a snapshot at:(t:1, i:13) file /workdir/hadoop-ozone/integration-test/target/test-dir/MiniOzoneClusterImpl-b9007246-1341-44ba-8eb7-22f06fb20b9c/datanode-5/data/ratis/9c326d90-2798-4275-bb30-c62afdfbbc30/sm/snapshot.1_13
2019-09-05 09:22:07,173 [main] INFO  impl.StateMachineUpdater (StateMachineUpdater.java:stopAndJoin(115)) - StateMachineUpdater:b2a92dac-af4e-4db5-a88e-fdb3e4195e5b:group-C62AFDFBBC30: set stopIndex = 15
2019-09-05 09:22:07,174 [grpc-default-executor-6] INFO  server.GrpcLogAppender (GrpcLogAppender.java:onCompleted(292)) - b2a92dac-af4e-4db5-a88e-fdb3e4195e5b->4b28f000-a8b5-4c6a-8a19-100693708a3e: follower responses appendEntries COMPLETED
2019-09-05 09:22:07,174 [grpc-default-executor-8] INFO  server.GrpcLogAppender (GrpcLogAppender.java:onCompleted(292)) - b2a92dac-af4e-4db5-a88e-fdb3e4195e5b->a3cbdde1-725c-4ca4-8d7a-a782c47315d1: follower responses appendEntries COMPLETED
2019-09-05 09:22:07,174 [grpc-default-executor-6] INFO  impl.FollowerInfo (FollowerInfo.java:lambda$new$0(50)) - b2a92dac-af4e-4db5-a88e-fdb3e4195e5b->4b28f000-a8b5-4c6a-8a19-100693708a3e: nextIndex: updateUnconditionally 16 -> 15
2019-09-05 09:22:07,174 [grpc-default-executor-8] INFO  impl.FollowerInfo (FollowerInfo.java:lambda$new$0(50)) - b2a92dac-af4e-4db5-a88e-fdb3e4195e5b->a3cbdde1-725c-4ca4-8d7a-a782c47315d1: nextIndex: updateUnconditionally 16 -> 15
2019-09-05 09:22:07,178 [StateMachineUpdater:b2a92dac-af4e-4db5-a88e-fdb3e4195e5b:group-C62AFDFBBC30] INFO  ratis.ContainerStateMachine (ContainerStateMachine.java:takeSnapshot(294)) - group-C62AFDFBBC30: Finished taking a snapshot at:(t:1, i:13) file:/workdir/hadoop-ozone/integration-test/target/test-dir/MiniOzoneClusterImpl-b9007246-1341-44ba-8eb7-22f06fb20b9c/datanode-5/data/ratis/9c326d90-2798-4275-bb30-c62afdfbbc30/sm/snapshot.1_13 time:4
2019-09-05 09:22:07,178 [StateMachineUpdater:b2a92dac-af4e-4db5-a88e-fdb3e4195e5b:group-C62AFDFBBC30] INFO  impl.StateMachineUpdater (StateMachineUpdater.java:takeSnapshot(242)) - StateMachineUpdater:b2a92dac-af4e-4db5-a88e-fdb3e4195e5b:group-C62AFDFBBC30: Took a snapshot at index 13
2019-09-05 09:22:07,178 [StateMachineUpdater:b2a92dac-af4e-4db5-a88e-fdb3e4195e5b:group-C62AFDFBBC30] INFO  impl.StateMachineUpdater (StateMachineUpdater.java:lambda$new$0(80)) - StateMachineUpdater:b2a92dac-af4e-4db5-a88e-fdb3e4195e5b:group-C62AFDFBBC30: snapshotIndex: updateIncreasingly -1 -> 13
2019-09-05 09:22:07,178 [main] INFO  impl.RaftServerImpl (ServerState.java:close(394)) - b2a92dac-af4e-4db5-a88e-fdb3e4195e5b:group-C62AFDFBBC30 closes. The last applied log index is 15
2019-09-05 09:22:07,179 [b2a92dac-af4e-4db5-a88e-fdb3e4195e5b-SegmentedRaftLogWorker:Storage Directory /workdir/hadoop-ozone/integration-test/target/test-dir/MiniOzoneClusterImpl-b9007246-1341-44ba-8eb7-22f06fb20b9c/datanode-5/data/ratis/9c326d90-2798-4275-bb30-c62afdfbbc30] INFO  segmented.SegmentedRaftLogWorker (SegmentedRaftLogWorker.java:run(313)) - b2a92dac-af4e-4db5-a88e-fdb3e4195e5b-SegmentedRaftLogWorker:Storage Directory /workdir/hadoop-ozone/integration-test/target/test-dir/MiniOzoneClusterImpl-b9007246-1341-44ba-8eb7-22f06fb20b9c/datanode-5/data/ratis/9c326d90-2798-4275-bb30-c62afdfbbc30 was interrupted, exiting. There are 0 tasks remaining in the queue.
2019-09-05 09:22:07,180 [main] INFO  segmented.SegmentedRaftLogWorker (SegmentedRaftLogWorker.java:close(228)) - b2a92dac-af4e-4db5-a88e-fdb3e4195e5b-SegmentedRaftLogWorker:Storage Directory /workdir/hadoop-ozone/integration-test/target/test-dir/MiniOzoneClusterImpl-b9007246-1341-44ba-8eb7-22f06fb20b9c/datanode-5/data/ratis/9c326d90-2798-4275-bb30-c62afdfbbc30 close()
2019-09-05 09:22:07,183 [main] INFO  server.GrpcService (GrpcService.java:closeImpl(155)) - b2a92dac-af4e-4db5-a88e-fdb3e4195e5b: shutdown server with port 38400 now
2019-09-05 09:22:07,184 | INFO  | SCMAudit | user=jenkins1000 | ip=192.168.69.66 | op=SEND_HEARTBEAT {datanodeUUID=a4e26f5e-71d2-4796-80a4-c2297629d93f, command=[]} | ret=SUCCESS |  
2019-09-05 09:22:07,184 [grpc-default-executor-6] WARN  client.GrpcClientProtocolService (LogUtils.java:warn(134)) - 4-UnorderedRequestStreamObserver4: onError: org.apache.ratis.thirdparty.io.grpc.StatusRuntimeException: CANCELLED: cancelled before receiving half close
2019-09-05 09:22:07,184 [main] INFO  server.GrpcService (GrpcService.java:closeImpl(163)) - b2a92dac-af4e-4db5-a88e-fdb3e4195e5b: shutdown server with port 38400 successfully
2019-09-05 09:22:07,185 [main] INFO  utils.BackgroundService (BackgroundService.java:shutdown(148)) - Shutting down service BlockDeletingService
2019-09-05 09:22:07,188 [refreshUsed-/workdir/hadoop-ozone/integration-test/target/test-dir/MiniOzoneClusterImpl-b9007246-1341-44ba-8eb7-22f06fb20b9c/datanode-5/data/containers] WARN  fs.CachingGetSpaceUsed (CachingGetSpaceUsed.java:run(183)) - Thread Interrupted waiting to refresh disk information: sleep interrupted
2019-09-05 09:22:07,190 | INFO  | SCMAudit | user=jenkins1000 | ip=192.168.69.66 | op=SEND_HEARTBEAT {datanodeUUID=24fa834e-354b-4f91-9ef9-44eeb31eb01b, command=[]} | ret=SUCCESS |  
2019-09-05 09:22:07,201 [main] INFO  statemachine.DatanodeStateMachine (DatanodeStateMachine.java:stopDaemon(395)) - Ozone container server stopped.
2019-09-05 09:22:07,202 [main] INFO  handler.ContextHandler (ContextHandler.java:doStop(910)) - Stopped o.e.j.w.WebAppContext@7abeaed0{/,null,UNAVAILABLE}{/hddsDatanode}
2019-09-05 09:22:07,203 [main] INFO  server.AbstractConnector (AbstractConnector.java:doStop(318)) - Stopped ServerConnector@490e1017{HTTP/1.1,[http/1.1]}{0.0.0.0:0}
2019-09-05 09:22:07,203 [main] INFO  handler.ContextHandler (ContextHandler.java:doStop(910)) - Stopped o.e.j.s.ServletContextHandler@347074a9{/static,jar:file:/home/user/.m2/repository/org/apache/hadoop/hadoop-hdds-container-service/0.5.0-SNAPSHOT/hadoop-hdds-container-service-0.5.0-SNAPSHOT.jar!/webapps/static,UNAVAILABLE}
2019-09-05 09:22:07,203 [main] INFO  handler.ContextHandler (ContextHandler.java:doStop(910)) - Stopped o.e.j.s.ServletContextHandler@340f4723{/logs,file:///workdir/hadoop-ozone/integration-test/target/log,UNAVAILABLE}
2019-09-05 09:22:07,625 | INFO  | SCMAudit | user=jenkins1000 | ip=192.168.69.66 | op=SEND_HEARTBEAT {datanodeUUID=a3cbdde1-725c-4ca4-8d7a-a782c47315d1, command=[commandType: closeContainerCommand closeContainerCommandProto { containerID: 1 pipelineID { id: "9c326d90-2798-4275-bb30-c62afdfbbc30" } cmdId: 1 force: false } ]} | ret=SUCCESS |  
2019-09-05 09:22:07,625 | INFO  | SCMAudit | user=jenkins1000 | ip=192.168.69.66 | op=SEND_HEARTBEAT {datanodeUUID=4b28f000-a8b5-4c6a-8a19-100693708a3e, command=[commandType: closeContainerCommand closeContainerCommandProto { containerID: 1 pipelineID { id: "9c326d90-2798-4275-bb30-c62afdfbbc30" } cmdId: 1 force: false } ]} | ret=SUCCESS |  
2019-09-05 09:22:07,793 | INFO  | SCMAudit | user=jenkins1000 | ip=192.168.69.66 | op=SEND_HEARTBEAT {datanodeUUID=6f14a04a-44e3-4557-80c9-ddee849029a0, command=[]} | ret=SUCCESS |  
2019-09-05 09:22:08,000 | INFO  | SCMAudit | user=jenkins1000 | ip=192.168.69.66 | op=SEND_HEARTBEAT {datanodeUUID=07be2058-8bf0-4303-a72a-c3b15076ab0b, command=[]} | ret=SUCCESS |  
2019-09-05 09:22:08,184 | INFO  | SCMAudit | user=jenkins1000 | ip=192.168.69.66 | op=SEND_HEARTBEAT {datanodeUUID=a4e26f5e-71d2-4796-80a4-c2297629d93f, command=[]} | ret=SUCCESS |  
2019-09-05 09:22:08,190 | INFO  | SCMAudit | user=jenkins1000 | ip=192.168.69.66 | op=SEND_HEARTBEAT {datanodeUUID=24fa834e-354b-4f91-9ef9-44eeb31eb01b, command=[]} | ret=SUCCESS |  
2019-09-05 09:22:08,624 | INFO  | SCMAudit | user=jenkins1000 | ip=192.168.69.66 | op=SEND_HEARTBEAT {datanodeUUID=4b28f000-a8b5-4c6a-8a19-100693708a3e, command=[]} | ret=SUCCESS |  
2019-09-05 09:22:08,624 | INFO  | SCMAudit | user=jenkins1000 | ip=192.168.69.66 | op=SEND_HEARTBEAT {datanodeUUID=a3cbdde1-725c-4ca4-8d7a-a782c47315d1, command=[]} | ret=SUCCESS |  
2019-09-05 09:22:08,793 | INFO  | SCMAudit | user=jenkins1000 | ip=192.168.69.66 | op=SEND_HEARTBEAT {datanodeUUID=6f14a04a-44e3-4557-80c9-ddee849029a0, command=[]} | ret=SUCCESS |  
2019-09-05 09:22:09,000 | INFO  | SCMAudit | user=jenkins1000 | ip=192.168.69.66 | op=SEND_HEARTBEAT {datanodeUUID=07be2058-8bf0-4303-a72a-c3b15076ab0b, command=[]} | ret=SUCCESS |  
2019-09-05 09:22:09,184 | INFO  | SCMAudit | user=jenkins1000 | ip=192.168.69.66 | op=SEND_HEARTBEAT {datanodeUUID=a4e26f5e-71d2-4796-80a4-c2297629d93f, command=[]} | ret=SUCCESS |  
2019-09-05 09:22:09,190 | INFO  | SCMAudit | user=jenkins1000 | ip=192.168.69.66 | op=SEND_HEARTBEAT {datanodeUUID=24fa834e-354b-4f91-9ef9-44eeb31eb01b, command=[]} | ret=SUCCESS |  
2019-09-05 09:22:09,213 [grpc-default-executor-6] INFO  client.GrpcClientProtocolClient (GrpcClientProtocolClient.java:onNext(255)) - client-E86B2320BE0F->a3cbdde1-725c-4ca4-8d7a-a782c47315d1: receive RaftClientReply:client-E86B2320BE0F->a3cbdde1-725c-4ca4-8d7a-a782c47315d1@group-C62AFDFBBC30, cid=184, FAILED org.apache.ratis.protocol.NotLeaderException: Server a3cbdde1-725c-4ca4-8d7a-a782c47315d1 is not the leader (b2a92dac-af4e-4db5-a88e-fdb3e4195e5b:192.168.69.66:38400). Request must be sent to leader., logIndex=0, commits[a3cbdde1-725c-4ca4-8d7a-a782c47315d1:c15, 4b28f000-a8b5-4c6a-8a19-100693708a3e:c15, b2a92dac-af4e-4db5-a88e-fdb3e4195e5b:c15]
2019-09-05 09:22:09,624 | INFO  | SCMAudit | user=jenkins1000 | ip=192.168.69.66 | op=SEND_HEARTBEAT {datanodeUUID=4b28f000-a8b5-4c6a-8a19-100693708a3e, command=[]} | ret=SUCCESS |  
2019-09-05 09:22:09,625 | INFO  | SCMAudit | user=jenkins1000 | ip=192.168.69.66 | op=SEND_HEARTBEAT {datanodeUUID=a3cbdde1-725c-4ca4-8d7a-a782c47315d1, command=[]} | ret=SUCCESS |  
2019-09-05 09:22:09,647 | INFO  | SCMAudit | user=jenkins1000 | ip=192.168.69.66 | op=SEND_HEARTBEAT {datanodeUUID=4b28f000-a8b5-4c6a-8a19-100693708a3e, command=[]} | ret=SUCCESS |  
2019-09-05 09:22:09,647 | INFO  | SCMAudit | user=jenkins1000 | ip=192.168.69.66 | op=SEND_HEARTBEAT {datanodeUUID=a3cbdde1-725c-4ca4-8d7a-a782c47315d1, command=[]} | ret=SUCCESS |  
2019-09-05 09:22:09,793 | INFO  | SCMAudit | user=jenkins1000 | ip=192.168.69.66 | op=SEND_HEARTBEAT {datanodeUUID=6f14a04a-44e3-4557-80c9-ddee849029a0, command=[]} | ret=SUCCESS |  
2019-09-05 09:22:10,001 | INFO  | SCMAudit | user=jenkins1000 | ip=192.168.69.66 | op=SEND_HEARTBEAT {datanodeUUID=07be2058-8bf0-4303-a72a-c3b15076ab0b, command=[]} | ret=SUCCESS |  
2019-09-05 09:22:10,184 | INFO  | SCMAudit | user=jenkins1000 | ip=192.168.69.66 | op=SEND_HEARTBEAT {datanodeUUID=a4e26f5e-71d2-4796-80a4-c2297629d93f, command=[]} | ret=SUCCESS |  
2019-09-05 09:22:10,191 | INFO  | SCMAudit | user=jenkins1000 | ip=192.168.69.66 | op=SEND_HEARTBEAT {datanodeUUID=24fa834e-354b-4f91-9ef9-44eeb31eb01b, command=[]} | ret=SUCCESS |  
2019-09-05 09:22:10,225 [grpc-default-executor-8] INFO  client.GrpcClientProtocolClient (GrpcClientProtocolClient.java:onNext(255)) - client-E86B2320BE0F->a3cbdde1-725c-4ca4-8d7a-a782c47315d1: receive RaftClientReply:client-E86B2320BE0F->a3cbdde1-725c-4ca4-8d7a-a782c47315d1@group-C62AFDFBBC30, cid=184, FAILED org.apache.ratis.protocol.NotLeaderException: Server a3cbdde1-725c-4ca4-8d7a-a782c47315d1 is not the leader (b2a92dac-af4e-4db5-a88e-fdb3e4195e5b:192.168.69.66:38400). Request must be sent to leader., logIndex=0, commits[a3cbdde1-725c-4ca4-8d7a-a782c47315d1:c15, 4b28f000-a8b5-4c6a-8a19-100693708a3e:c15, b2a92dac-af4e-4db5-a88e-fdb3e4195e5b:c15]
2019-09-05 09:22:10,646 | INFO  | SCMAudit | user=jenkins1000 | ip=192.168.69.66 | op=SEND_HEARTBEAT {datanodeUUID=4b28f000-a8b5-4c6a-8a19-100693708a3e, command=[]} | ret=SUCCESS |  
2019-09-05 09:22:10,647 | INFO  | SCMAudit | user=jenkins1000 | ip=192.168.69.66 | op=SEND_HEARTBEAT {datanodeUUID=a3cbdde1-725c-4ca4-8d7a-a782c47315d1, command=[]} | ret=SUCCESS |  
2019-09-05 09:22:10,793 | INFO  | SCMAudit | user=jenkins1000 | ip=192.168.69.66 | op=SEND_HEARTBEAT {datanodeUUID=6f14a04a-44e3-4557-80c9-ddee849029a0, command=[]} | ret=SUCCESS |  
2019-09-05 09:22:11,002 | INFO  | SCMAudit | user=jenkins1000 | ip=192.168.69.66 | op=SEND_HEARTBEAT {datanodeUUID=07be2058-8bf0-4303-a72a-c3b15076ab0b, command=[]} | ret=SUCCESS |  
2019-09-05 09:22:11,184 | INFO  | SCMAudit | user=jenkins1000 | ip=192.168.69.66 | op=SEND_HEARTBEAT {datanodeUUID=a4e26f5e-71d2-4796-80a4-c2297629d93f, command=[]} | ret=SUCCESS |  
2019-09-05 09:22:11,191 | INFO  | SCMAudit | user=jenkins1000 | ip=192.168.69.66 | op=SEND_HEARTBEAT {datanodeUUID=24fa834e-354b-4f91-9ef9-44eeb31eb01b, command=[]} | ret=SUCCESS |  
2019-09-05 09:22:11,237 [grpc-default-executor-7] INFO  client.GrpcClientProtocolClient (GrpcClientProtocolClient.java:onNext(255)) - client-E86B2320BE0F->a3cbdde1-725c-4ca4-8d7a-a782c47315d1: receive RaftClientReply:client-E86B2320BE0F->a3cbdde1-725c-4ca4-8d7a-a782c47315d1@group-C62AFDFBBC30, cid=184, FAILED org.apache.ratis.protocol.NotLeaderException: Server a3cbdde1-725c-4ca4-8d7a-a782c47315d1 is not the leader (b2a92dac-af4e-4db5-a88e-fdb3e4195e5b:192.168.69.66:38400). Request must be sent to leader., logIndex=0, commits[a3cbdde1-725c-4ca4-8d7a-a782c47315d1:c15, 4b28f000-a8b5-4c6a-8a19-100693708a3e:c15, b2a92dac-af4e-4db5-a88e-fdb3e4195e5b:c15]
2019-09-05 09:22:11,646 | INFO  | SCMAudit | user=jenkins1000 | ip=192.168.69.66 | op=SEND_HEARTBEAT {datanodeUUID=4b28f000-a8b5-4c6a-8a19-100693708a3e, command=[]} | ret=SUCCESS |  
2019-09-05 09:22:11,647 | INFO  | SCMAudit | user=jenkins1000 | ip=192.168.69.66 | op=SEND_HEARTBEAT {datanodeUUID=a3cbdde1-725c-4ca4-8d7a-a782c47315d1, command=[]} | ret=SUCCESS |  
2019-09-05 09:22:11,793 | INFO  | SCMAudit | user=jenkins1000 | ip=192.168.69.66 | op=SEND_HEARTBEAT {datanodeUUID=6f14a04a-44e3-4557-80c9-ddee849029a0, command=[]} | ret=SUCCESS |  
2019-09-05 09:22:12,001 | INFO  | SCMAudit | user=jenkins1000 | ip=192.168.69.66 | op=SEND_HEARTBEAT {datanodeUUID=07be2058-8bf0-4303-a72a-c3b15076ab0b, command=[]} | ret=SUCCESS |  
2019-09-05 09:22:12,184 | INFO  | SCMAudit | user=jenkins1000 | ip=192.168.69.66 | op=SEND_HEARTBEAT {datanodeUUID=a4e26f5e-71d2-4796-80a4-c2297629d93f, command=[]} | ret=SUCCESS |  
2019-09-05 09:22:12,191 | INFO  | SCMAudit | user=jenkins1000 | ip=192.168.69.66 | op=SEND_HEARTBEAT {datanodeUUID=24fa834e-354b-4f91-9ef9-44eeb31eb01b, command=[]} | ret=SUCCESS |  
2019-09-05 09:22:12,252 [grpc-default-executor-8] INFO  client.GrpcClientProtocolClient (GrpcClientProtocolClient.java:onNext(255)) - client-E86B2320BE0F->a3cbdde1-725c-4ca4-8d7a-a782c47315d1: receive RaftClientReply:client-E86B2320BE0F->a3cbdde1-725c-4ca4-8d7a-a782c47315d1@group-C62AFDFBBC30, cid=184, FAILED org.apache.ratis.protocol.NotLeaderException: Server a3cbdde1-725c-4ca4-8d7a-a782c47315d1 is not the leader (b2a92dac-af4e-4db5-a88e-fdb3e4195e5b:192.168.69.66:38400). Request must be sent to leader., logIndex=0, commits[a3cbdde1-725c-4ca4-8d7a-a782c47315d1:c15, 4b28f000-a8b5-4c6a-8a19-100693708a3e:c15, b2a92dac-af4e-4db5-a88e-fdb3e4195e5b:c15]
2019-09-05 09:22:12,646 | INFO  | SCMAudit | user=jenkins1000 | ip=192.168.69.66 | op=SEND_HEARTBEAT {datanodeUUID=4b28f000-a8b5-4c6a-8a19-100693708a3e, command=[]} | ret=SUCCESS |  
2019-09-05 09:22:12,647 | INFO  | SCMAudit | user=jenkins1000 | ip=192.168.69.66 | op=SEND_HEARTBEAT {datanodeUUID=a3cbdde1-725c-4ca4-8d7a-a782c47315d1, command=[]} | ret=SUCCESS |  
2019-09-05 09:22:12,794 | INFO  | SCMAudit | user=jenkins1000 | ip=192.168.69.66 | op=SEND_HEARTBEAT {datanodeUUID=6f14a04a-44e3-4557-80c9-ddee849029a0, command=[]} | ret=SUCCESS |  
2019-09-05 09:22:13,001 | INFO  | SCMAudit | user=jenkins1000 | ip=192.168.69.66 | op=SEND_HEARTBEAT {datanodeUUID=07be2058-8bf0-4303-a72a-c3b15076ab0b, command=[]} | ret=SUCCESS |  
2019-09-05 09:22:13,184 | INFO  | SCMAudit | user=jenkins1000 | ip=192.168.69.66 | op=SEND_HEARTBEAT {datanodeUUID=a4e26f5e-71d2-4796-80a4-c2297629d93f, command=[]} | ret=SUCCESS |  
2019-09-05 09:22:13,191 | INFO  | SCMAudit | user=jenkins1000 | ip=192.168.69.66 | op=SEND_HEARTBEAT {datanodeUUID=24fa834e-354b-4f91-9ef9-44eeb31eb01b, command=[]} | ret=SUCCESS |  
2019-09-05 09:22:13,264 [grpc-default-executor-6] INFO  client.GrpcClientProtocolClient (GrpcClientProtocolClient.java:onNext(255)) - client-E86B2320BE0F->a3cbdde1-725c-4ca4-8d7a-a782c47315d1: receive RaftClientReply:client-E86B2320BE0F->a3cbdde1-725c-4ca4-8d7a-a782c47315d1@group-C62AFDFBBC30, cid=184, FAILED org.apache.ratis.protocol.NotLeaderException: Server a3cbdde1-725c-4ca4-8d7a-a782c47315d1 is not the leader (b2a92dac-af4e-4db5-a88e-fdb3e4195e5b:192.168.69.66:38400). Request must be sent to leader., logIndex=0, commits[a3cbdde1-725c-4ca4-8d7a-a782c47315d1:c15, 4b28f000-a8b5-4c6a-8a19-100693708a3e:c15, b2a92dac-af4e-4db5-a88e-fdb3e4195e5b:c15]
2019-09-05 09:22:13,646 | INFO  | SCMAudit | user=jenkins1000 | ip=192.168.69.66 | op=SEND_HEARTBEAT {datanodeUUID=4b28f000-a8b5-4c6a-8a19-100693708a3e, command=[]} | ret=SUCCESS |  
2019-09-05 09:22:13,647 | INFO  | SCMAudit | user=jenkins1000 | ip=192.168.69.66 | op=SEND_HEARTBEAT {datanodeUUID=a3cbdde1-725c-4ca4-8d7a-a782c47315d1, command=[]} | ret=SUCCESS |  
2019-09-05 09:22:13,794 | INFO  | SCMAudit | user=jenkins1000 | ip=192.168.69.66 | op=SEND_HEARTBEAT {datanodeUUID=6f14a04a-44e3-4557-80c9-ddee849029a0, command=[]} | ret=SUCCESS |  
2019-09-05 09:22:14,001 | INFO  | SCMAudit | user=jenkins1000 | ip=192.168.69.66 | op=SEND_HEARTBEAT {datanodeUUID=07be2058-8bf0-4303-a72a-c3b15076ab0b, command=[]} | ret=SUCCESS |  
2019-09-05 09:22:14,184 | INFO  | SCMAudit | user=jenkins1000 | ip=192.168.69.66 | op=SEND_HEARTBEAT {datanodeUUID=a4e26f5e-71d2-4796-80a4-c2297629d93f, command=[]} | ret=SUCCESS |  
2019-09-05 09:22:14,192 | INFO  | SCMAudit | user=jenkins1000 | ip=192.168.69.66 | op=SEND_HEARTBEAT {datanodeUUID=24fa834e-354b-4f91-9ef9-44eeb31eb01b, command=[]} | ret=SUCCESS |  
2019-09-05 09:22:14,277 [grpc-default-executor-6] INFO  client.GrpcClientProtocolClient (GrpcClientProtocolClient.java:onNext(255)) - client-E86B2320BE0F->a3cbdde1-725c-4ca4-8d7a-a782c47315d1: receive RaftClientReply:client-E86B2320BE0F->a3cbdde1-725c-4ca4-8d7a-a782c47315d1@group-C62AFDFBBC30, cid=184, FAILED org.apache.ratis.protocol.NotLeaderException: Server a3cbdde1-725c-4ca4-8d7a-a782c47315d1 is not the leader (b2a92dac-af4e-4db5-a88e-fdb3e4195e5b:192.168.69.66:38400). Request must be sent to leader., logIndex=0, commits[a3cbdde1-725c-4ca4-8d7a-a782c47315d1:c15, 4b28f000-a8b5-4c6a-8a19-100693708a3e:c15, b2a92dac-af4e-4db5-a88e-fdb3e4195e5b:c15]
2019-09-05 09:22:14,646 | INFO  | SCMAudit | user=jenkins1000 | ip=192.168.69.66 | op=SEND_HEARTBEAT {datanodeUUID=4b28f000-a8b5-4c6a-8a19-100693708a3e, command=[]} | ret=SUCCESS |  
2019-09-05 09:22:14,647 | INFO  | SCMAudit | user=jenkins1000 | ip=192.168.69.66 | op=SEND_HEARTBEAT {datanodeUUID=a3cbdde1-725c-4ca4-8d7a-a782c47315d1, command=[]} | ret=SUCCESS |  
2019-09-05 09:22:14,675 [Thread-3399] INFO  impl.FollowerState (FollowerState.java:run(106)) - a3cbdde1-725c-4ca4-8d7a-a782c47315d1:group-C62AFDFBBC30 changes to CANDIDATE, lastRpcTime:7510, electionTimeout:5018ms
2019-09-05 09:22:14,675 [Thread-3399] INFO  impl.RoleInfo (RoleInfo.java:shutdownFollowerState(121)) - a3cbdde1-725c-4ca4-8d7a-a782c47315d1: shutdown FollowerState
2019-09-05 09:22:14,675 [Thread-3399] INFO  impl.RaftServerImpl (RaftServerImpl.java:setRole(171)) - a3cbdde1-725c-4ca4-8d7a-a782c47315d1:group-C62AFDFBBC30 changes role from FOLLOWER to CANDIDATE at term 1 for changeToCandidate
2019-09-05 09:22:14,675 [Thread-3399] INFO  impl.RoleInfo (RoleInfo.java:updateAndGet(143)) - a3cbdde1-725c-4ca4-8d7a-a782c47315d1: start LeaderElection
2019-09-05 09:22:14,679 [a3cbdde1-725c-4ca4-8d7a-a782c47315d1:group-C62AFDFBBC30:LeaderElection66] INFO  impl.RaftServerImpl (ServerState.java:setLeader(263)) - a3cbdde1-725c-4ca4-8d7a-a782c47315d1:group-C62AFDFBBC30 change Leader from b2a92dac-af4e-4db5-a88e-fdb3e4195e5b to null at term 1 for initElection
2019-09-05 09:22:14,703 [a3cbdde1-725c-4ca4-8d7a-a782c47315d1:group-C62AFDFBBC30:LeaderElection66] INFO  impl.LeaderElection (LeaderElection.java:askForVotes(181)) - a3cbdde1-725c-4ca4-8d7a-a782c47315d1:group-C62AFDFBBC30:LeaderElection66: begin an election at term 2 for 0: [4b28f000-a8b5-4c6a-8a19-100693708a3e:192.168.69.66:34429, b2a92dac-af4e-4db5-a88e-fdb3e4195e5b:192.168.69.66:38400, a3cbdde1-725c-4ca4-8d7a-a782c47315d1:192.168.69.66:43393], old=null
2019-09-05 09:22:14,705 [a3cbdde1-725c-4ca4-8d7a-a782c47315d1:group-C62AFDFBBC30:LeaderElection66] INFO  impl.LeaderElection (LogUtils.java:infoOrTrace(149)) - a3cbdde1-725c-4ca4-8d7a-a782c47315d1:group-C62AFDFBBC30:LeaderElection66 got exception when requesting votes: {}
java.util.concurrent.ExecutionException: org.apache.ratis.thirdparty.io.grpc.StatusRuntimeException: UNAVAILABLE: io exception
	at java.util.concurrent.FutureTask.report(FutureTask.java:122)
	at java.util.concurrent.FutureTask.get(FutureTask.java:192)
	at org.apache.ratis.server.impl.LeaderElection.waitForResults(LeaderElection.java:262)
	at org.apache.ratis.server.impl.LeaderElection.askForVotes(LeaderElection.java:200)
	at org.apache.ratis.server.impl.LeaderElection.run(LeaderElection.java:130)
	at java.lang.Thread.run(Thread.java:748)
Caused by: org.apache.ratis.thirdparty.io.grpc.StatusRuntimeException: UNAVAILABLE: io exception
	at org.apache.ratis.thirdparty.io.grpc.stub.ClientCalls.toStatusRuntimeException(ClientCalls.java:233)
	at org.apache.ratis.thirdparty.io.grpc.stub.ClientCalls.getUnchecked(ClientCalls.java:214)
	at org.apache.ratis.thirdparty.io.grpc.stub.ClientCalls.blockingUnaryCall(ClientCalls.java:139)
	at org.apache.ratis.proto.grpc.RaftServerProtocolServiceGrpc$RaftServerProtocolServiceBlockingStub.requestVote(RaftServerProtocolServiceGrpc.java:265)
	at org.apache.ratis.grpc.server.GrpcServerProtocolClient.requestVote(GrpcServerProtocolClient.java:83)
	at org.apache.ratis.grpc.server.GrpcService.requestVote(GrpcService.java:195)
	at org.apache.ratis.server.impl.LeaderElection.lambda$submitRequests$1(LeaderElection.java:237)
	at java.util.concurrent.FutureTask.run(FutureTask.java:266)
	at java.util.concurrent.Executors$RunnableAdapter.call(Executors.java:511)
	at java.util.concurrent.FutureTask.run(FutureTask.java:266)
	at java.util.concurrent.ThreadPoolExecutor.runWorker(ThreadPoolExecutor.java:1149)
	at java.util.concurrent.ThreadPoolExecutor$Worker.run(ThreadPoolExecutor.java:624)
	... 1 more
Caused by: org.apache.ratis.thirdparty.io.netty.channel.AbstractChannel$AnnotatedConnectException: Connection refused: /192.168.69.66:38400
	at sun.nio.ch.SocketChannelImpl.checkConnect(Native Method)
	at sun.nio.ch.SocketChannelImpl.finishConnect(SocketChannelImpl.java:717)
	at org.apache.ratis.thirdparty.io.netty.channel.socket.nio.NioSocketChannel.doFinishConnect(NioSocketChannel.java:327)
	at org.apache.ratis.thirdparty.io.netty.channel.nio.AbstractNioChannel$AbstractNioUnsafe.finishConnect(AbstractNioChannel.java:340)
	at org.apache.ratis.thirdparty.io.netty.channel.nio.NioEventLoop.processSelectedKey(NioEventLoop.java:632)
	at org.apache.ratis.thirdparty.io.netty.channel.nio.NioEventLoop.processSelectedKeysOptimized(NioEventLoop.java:579)
	at org.apache.ratis.thirdparty.io.netty.channel.nio.NioEventLoop.processSelectedKeys(NioEventLoop.java:496)
	at org.apache.ratis.thirdparty.io.netty.channel.nio.NioEventLoop.run(NioEventLoop.java:458)
	at org.apache.ratis.thirdparty.io.netty.util.concurrent.SingleThreadEventExecutor$5.run(SingleThreadEventExecutor.java:897)
	at org.apache.ratis.thirdparty.io.netty.util.concurrent.FastThreadLocalRunnable.run(FastThreadLocalRunnable.java:30)
	... 1 more
Caused by: java.net.ConnectException: Connection refused
	... 11 more
2019-09-05 09:22:14,705 [grpc-default-executor-6] INFO  impl.RaftServerImpl (ServerState.java:setLeader(263)) - 4b28f000-a8b5-4c6a-8a19-100693708a3e:group-C62AFDFBBC30 change Leader from b2a92dac-af4e-4db5-a88e-fdb3e4195e5b to null at term 2 for updateCurrentTerm
2019-09-05 09:22:14,708 [grpc-default-executor-6] INFO  impl.RaftServerImpl (RaftServerImpl.java:setRole(171)) - 4b28f000-a8b5-4c6a-8a19-100693708a3e:group-C62AFDFBBC30 changes role from FOLLOWER to FOLLOWER at term 2 for recognizeCandidate:a3cbdde1-725c-4ca4-8d7a-a782c47315d1
2019-09-05 09:22:14,708 [grpc-default-executor-6] INFO  impl.RoleInfo (RoleInfo.java:shutdownFollowerState(121)) - 4b28f000-a8b5-4c6a-8a19-100693708a3e: shutdown FollowerState
2019-09-05 09:22:14,708 [grpc-default-executor-6] INFO  impl.RoleInfo (RoleInfo.java:updateAndGet(143)) - 4b28f000-a8b5-4c6a-8a19-100693708a3e: start FollowerState
2019-09-05 09:22:14,708 [Thread-3397] INFO  impl.FollowerState (FollowerState.java:run(114)) - 4b28f000-a8b5-4c6a-8a19-100693708a3e: FollowerState was interrupted: java.lang.InterruptedException: sleep interrupted
2019-09-05 09:22:14,732 [a3cbdde1-725c-4ca4-8d7a-a782c47315d1:group-C62AFDFBBC30:LeaderElection66] INFO  impl.LeaderElection (LeaderElection.java:logAndReturn(56)) - a3cbdde1-725c-4ca4-8d7a-a782c47315d1:group-C62AFDFBBC30:LeaderElection66: Election PASSED; received 1 response(s) [a3cbdde1-725c-4ca4-8d7a-a782c47315d1<-4b28f000-a8b5-4c6a-8a19-100693708a3e#0:OK-t2] and 1 exception(s); a3cbdde1-725c-4ca4-8d7a-a782c47315d1:t2, leader=null, voted=a3cbdde1-725c-4ca4-8d7a-a782c47315d1, raftlog=a3cbdde1-725c-4ca4-8d7a-a782c47315d1-SegmentedRaftLog:OPENED:c15,f15,i15, conf=0: [4b28f000-a8b5-4c6a-8a19-100693708a3e:192.168.69.66:34429, b2a92dac-af4e-4db5-a88e-fdb3e4195e5b:192.168.69.66:38400, a3cbdde1-725c-4ca4-8d7a-a782c47315d1:192.168.69.66:43393], old=null
2019-09-05 09:22:14,732 [a3cbdde1-725c-4ca4-8d7a-a782c47315d1:group-C62AFDFBBC30:LeaderElection66] INFO  impl.LeaderElection (LogUtils.java:infoOrTrace(149)) -   Exception 0: {}
java.util.concurrent.ExecutionException: org.apache.ratis.thirdparty.io.grpc.StatusRuntimeException: UNAVAILABLE: io exception
	at java.util.concurrent.FutureTask.report(FutureTask.java:122)
	at java.util.concurrent.FutureTask.get(FutureTask.java:192)
	at org.apache.ratis.server.impl.LeaderElection.waitForResults(LeaderElection.java:262)
	at org.apache.ratis.server.impl.LeaderElection.askForVotes(LeaderElection.java:200)
	at org.apache.ratis.server.impl.LeaderElection.run(LeaderElection.java:130)
	at java.lang.Thread.run(Thread.java:748)
Caused by: org.apache.ratis.thirdparty.io.grpc.StatusRuntimeException: UNAVAILABLE: io exception
	at org.apache.ratis.thirdparty.io.grpc.stub.ClientCalls.toStatusRuntimeException(ClientCalls.java:233)
	at org.apache.ratis.thirdparty.io.grpc.stub.ClientCalls.getUnchecked(ClientCalls.java:214)
	at org.apache.ratis.thirdparty.io.grpc.stub.ClientCalls.blockingUnaryCall(ClientCalls.java:139)
	at org.apache.ratis.proto.grpc.RaftServerProtocolServiceGrpc$RaftServerProtocolServiceBlockingStub.requestVote(RaftServerProtocolServiceGrpc.java:265)
	at org.apache.ratis.grpc.server.GrpcServerProtocolClient.requestVote(GrpcServerProtocolClient.java:83)
	at org.apache.ratis.grpc.server.GrpcService.requestVote(GrpcService.java:195)
	at org.apache.ratis.server.impl.LeaderElection.lambda$submitRequests$1(LeaderElection.java:237)
	at java.util.concurrent.FutureTask.run(FutureTask.java:266)
	at java.util.concurrent.Executors$RunnableAdapter.call(Executors.java:511)
	at java.util.concurrent.FutureTask.run(FutureTask.java:266)
	at java.util.concurrent.ThreadPoolExecutor.runWorker(ThreadPoolExecutor.java:1149)
	at java.util.concurrent.ThreadPoolExecutor$Worker.run(ThreadPoolExecutor.java:624)
	... 1 more
Caused by: org.apache.ratis.thirdparty.io.netty.channel.AbstractChannel$AnnotatedConnectException: Connection refused: /192.168.69.66:38400
	at sun.nio.ch.SocketChannelImpl.checkConnect(Native Method)
	at sun.nio.ch.SocketChannelImpl.finishConnect(SocketChannelImpl.java:717)
	at org.apache.ratis.thirdparty.io.netty.channel.socket.nio.NioSocketChannel.doFinishConnect(NioSocketChannel.java:327)
	at org.apache.ratis.thirdparty.io.netty.channel.nio.AbstractNioChannel$AbstractNioUnsafe.finishConnect(AbstractNioChannel.java:340)
	at org.apache.ratis.thirdparty.io.netty.channel.nio.NioEventLoop.processSelectedKey(NioEventLoop.java:632)
	at org.apache.ratis.thirdparty.io.netty.channel.nio.NioEventLoop.processSelectedKeysOptimized(NioEventLoop.java:579)
	at org.apache.ratis.thirdparty.io.netty.channel.nio.NioEventLoop.processSelectedKeys(NioEventLoop.java:496)
	at org.apache.ratis.thirdparty.io.netty.channel.nio.NioEventLoop.run(NioEventLoop.java:458)
	at org.apache.ratis.thirdparty.io.netty.util.concurrent.SingleThreadEventExecutor$5.run(SingleThreadEventExecutor.java:897)
	at org.apache.ratis.thirdparty.io.netty.util.concurrent.FastThreadLocalRunnable.run(FastThreadLocalRunnable.java:30)
	... 1 more
Caused by: java.net.ConnectException: Connection refused
	... 11 more
2019-09-05 09:22:14,733 [a3cbdde1-725c-4ca4-8d7a-a782c47315d1:group-C62AFDFBBC30:LeaderElection66] INFO  impl.RoleInfo (RoleInfo.java:shutdownLeaderElection(134)) - a3cbdde1-725c-4ca4-8d7a-a782c47315d1: shutdown LeaderElection
2019-09-05 09:22:14,733 [a3cbdde1-725c-4ca4-8d7a-a782c47315d1:group-C62AFDFBBC30:LeaderElection66] INFO  impl.RaftServerImpl (RaftServerImpl.java:setRole(171)) - a3cbdde1-725c-4ca4-8d7a-a782c47315d1:group-C62AFDFBBC30 changes role from CANDIDATE to LEADER at term 2 for changeToLeader
2019-09-05 09:22:14,733 [a3cbdde1-725c-4ca4-8d7a-a782c47315d1:group-C62AFDFBBC30:LeaderElection66] INFO  impl.RaftServerImpl (ServerState.java:setLeader(263)) - a3cbdde1-725c-4ca4-8d7a-a782c47315d1:group-C62AFDFBBC30 change Leader from null to a3cbdde1-725c-4ca4-8d7a-a782c47315d1 at term 2 for becomeLeader, leader elected after 54ms
2019-09-05 09:22:14,733 [a3cbdde1-725c-4ca4-8d7a-a782c47315d1:group-C62AFDFBBC30:LeaderElection66] INFO  server.RaftServerConfigKeys (ConfUtils.java:logGet(43)) - raft.server.staging.catchup.gap = 1000 (default)
2019-09-05 09:22:14,733 [a3cbdde1-725c-4ca4-8d7a-a782c47315d1:group-C62AFDFBBC30:LeaderElection66] INFO  server.RaftServerConfigKeys (ConfUtils.java:logGet(43)) - raft.server.rpc.sleep.time = 25ms (default)
2019-09-05 09:22:14,733 [a3cbdde1-725c-4ca4-8d7a-a782c47315d1:group-C62AFDFBBC30:LeaderElection66] INFO  server.RaftServerConfigKeys (ConfUtils.java:logGet(43)) - raft.server.write.element-limit = 4096 (default)
2019-09-05 09:22:14,734 [a3cbdde1-725c-4ca4-8d7a-a782c47315d1:group-C62AFDFBBC30:LeaderElection66] INFO  server.RaftServerConfigKeys (ConfUtils.java:logGet(43)) - raft.server.watch.timeout = 10s (default)
2019-09-05 09:22:14,734 [a3cbdde1-725c-4ca4-8d7a-a782c47315d1:group-C62AFDFBBC30:LeaderElection66] INFO  server.RaftServerConfigKeys (ConfUtils.java:logGet(43)) - raft.server.watch.timeout.denomination = 1s (default)
2019-09-05 09:22:14,734 [a3cbdde1-725c-4ca4-8d7a-a782c47315d1:group-C62AFDFBBC30:LeaderElection66] INFO  server.RaftServerConfigKeys (ConfUtils.java:logGet(43)) - raft.server.watch.element-limit = 65536 (default)
2019-09-05 09:22:14,734 [a3cbdde1-725c-4ca4-8d7a-a782c47315d1:group-C62AFDFBBC30:LeaderElection66] INFO  server.RaftServerConfigKeys (ConfUtils.java:logGet(43)) - raft.server.log.appender.snapshot.chunk.size.max = 16MB (=16777216) (default)
2019-09-05 09:22:14,734 [a3cbdde1-725c-4ca4-8d7a-a782c47315d1:group-C62AFDFBBC30:LeaderElection66] INFO  server.RaftServerConfigKeys (ConfUtils.java:logGet(43)) - raft.server.log.appender.buffer.byte-limit = 33554432 (custom)
2019-09-05 09:22:14,734 [a3cbdde1-725c-4ca4-8d7a-a782c47315d1:group-C62AFDFBBC30:LeaderElection66] INFO  server.RaftServerConfigKeys (ConfUtils.java:logGet(43)) - raft.server.log.appender.buffer.element-limit = 1 (custom)
2019-09-05 09:22:14,735 [a3cbdde1-725c-4ca4-8d7a-a782c47315d1:group-C62AFDFBBC30:LeaderElection66] INFO  grpc.GrpcConfigKeys$Server (ConfUtils.java:logGet(43)) - raft.grpc.server.leader.outstanding.appends.max = 128 (default)
2019-09-05 09:22:14,735 [a3cbdde1-725c-4ca4-8d7a-a782c47315d1:group-C62AFDFBBC30:LeaderElection66] INFO  server.RaftServerConfigKeys (ConfUtils.java:logGet(43)) - raft.server.rpc.request.timeout = 3000ms (default)
2019-09-05 09:22:14,735 [a3cbdde1-725c-4ca4-8d7a-a782c47315d1:group-C62AFDFBBC30:LeaderElection66] INFO  server.RaftServerConfigKeys (ConfUtils.java:logGet(43)) - raft.server.log.appender.install.snapshot.enabled = false (custom)
2019-09-05 09:22:14,735 [a3cbdde1-725c-4ca4-8d7a-a782c47315d1:group-C62AFDFBBC30:LeaderElection66] INFO  server.RaftServerConfigKeys (ConfUtils.java:logGet(43)) - raft.server.log.appender.snapshot.chunk.size.max = 16MB (=16777216) (default)
2019-09-05 09:22:14,735 [a3cbdde1-725c-4ca4-8d7a-a782c47315d1:group-C62AFDFBBC30:LeaderElection66] INFO  server.RaftServerConfigKeys (ConfUtils.java:logGet(43)) - raft.server.log.appender.buffer.byte-limit = 33554432 (custom)
2019-09-05 09:22:14,735 [a3cbdde1-725c-4ca4-8d7a-a782c47315d1:group-C62AFDFBBC30:LeaderElection66] INFO  server.RaftServerConfigKeys (ConfUtils.java:logGet(43)) - raft.server.log.appender.buffer.element-limit = 1 (custom)
2019-09-05 09:22:14,735 [a3cbdde1-725c-4ca4-8d7a-a782c47315d1:group-C62AFDFBBC30:LeaderElection66] INFO  grpc.GrpcConfigKeys$Server (ConfUtils.java:logGet(43)) - raft.grpc.server.leader.outstanding.appends.max = 128 (default)
2019-09-05 09:22:14,736 [a3cbdde1-725c-4ca4-8d7a-a782c47315d1:group-C62AFDFBBC30:LeaderElection66] INFO  server.RaftServerConfigKeys (ConfUtils.java:logGet(43)) - raft.server.rpc.request.timeout = 3000ms (default)
2019-09-05 09:22:14,736 [a3cbdde1-725c-4ca4-8d7a-a782c47315d1:group-C62AFDFBBC30:LeaderElection66] INFO  server.RaftServerConfigKeys (ConfUtils.java:logGet(43)) - raft.server.log.appender.install.snapshot.enabled = false (custom)
2019-09-05 09:22:14,736 [a3cbdde1-725c-4ca4-8d7a-a782c47315d1:group-C62AFDFBBC30:LeaderElection66] INFO  impl.RoleInfo (RoleInfo.java:updateAndGet(143)) - a3cbdde1-725c-4ca4-8d7a-a782c47315d1: start LeaderState
2019-09-05 09:22:14,736 [a3cbdde1-725c-4ca4-8d7a-a782c47315d1:group-C62AFDFBBC30:LeaderElection66] INFO  segmented.SegmentedRaftLogWorker (SegmentedRaftLogWorker.java:rollLogSegment(385)) - a3cbdde1-725c-4ca4-8d7a-a782c47315d1-SegmentedRaftLogWorker:Storage Directory /workdir/hadoop-ozone/integration-test/target/test-dir/MiniOzoneClusterImpl-b9007246-1341-44ba-8eb7-22f06fb20b9c/datanode-3/data/ratis/9c326d90-2798-4275-bb30-c62afdfbbc30: Rolling segment log-0_15 to index:15
2019-09-05 09:22:14,737 [a3cbdde1-725c-4ca4-8d7a-a782c47315d1-SegmentedRaftLogWorker:Storage Directory /workdir/hadoop-ozone/integration-test/target/test-dir/MiniOzoneClusterImpl-b9007246-1341-44ba-8eb7-22f06fb20b9c/datanode-3/data/ratis/9c326d90-2798-4275-bb30-c62afdfbbc30] INFO  segmented.SegmentedRaftLogWorker (SegmentedRaftLogWorker.java:execute(526)) - a3cbdde1-725c-4ca4-8d7a-a782c47315d1-SegmentedRaftLogWorker:Storage Directory /workdir/hadoop-ozone/integration-test/target/test-dir/MiniOzoneClusterImpl-b9007246-1341-44ba-8eb7-22f06fb20b9c/datanode-3/data/ratis/9c326d90-2798-4275-bb30-c62afdfbbc30: Rolled log segment from /workdir/hadoop-ozone/integration-test/target/test-dir/MiniOzoneClusterImpl-b9007246-1341-44ba-8eb7-22f06fb20b9c/datanode-3/data/ratis/9c326d90-2798-4275-bb30-c62afdfbbc30/current/log_inprogress_0 to /workdir/hadoop-ozone/integration-test/target/test-dir/MiniOzoneClusterImpl-b9007246-1341-44ba-8eb7-22f06fb20b9c/datanode-3/data/ratis/9c326d90-2798-4275-bb30-c62afdfbbc30/current/log_0-15
2019-09-05 09:22:14,737 [a3cbdde1-725c-4ca4-8d7a-a782c47315d1:group-C62AFDFBBC30:LeaderElection66] INFO  impl.RaftServerImpl (ServerState.java:setRaftConf(361)) - a3cbdde1-725c-4ca4-8d7a-a782c47315d1:group-C62AFDFBBC30 set configuration 16: [4b28f000-a8b5-4c6a-8a19-100693708a3e:192.168.69.66:34429, b2a92dac-af4e-4db5-a88e-fdb3e4195e5b:192.168.69.66:38400, a3cbdde1-725c-4ca4-8d7a-a782c47315d1:192.168.69.66:43393], old=null at 16
2019-09-05 09:22:14,737 [grpc-default-executor-6] WARN  server.GrpcLogAppender (LogUtils.java:warn(134)) - a3cbdde1-725c-4ca4-8d7a-a782c47315d1->b2a92dac-af4e-4db5-a88e-fdb3e4195e5b: Failed appendEntries: org.apache.ratis.thirdparty.io.grpc.StatusRuntimeException: UNAVAILABLE: io exception
2019-09-05 09:22:14,738 [grpc-default-executor-6] INFO  impl.FollowerInfo (FollowerInfo.java:lambda$new$0(50)) - a3cbdde1-725c-4ca4-8d7a-a782c47315d1->b2a92dac-af4e-4db5-a88e-fdb3e4195e5b: nextIndex: updateUnconditionally 16 -> 1
2019-09-05 09:22:14,738 [grpc-default-executor-8] INFO  impl.RaftServerImpl (ServerState.java:setLeader(263)) - 4b28f000-a8b5-4c6a-8a19-100693708a3e:group-C62AFDFBBC30 change Leader from null to a3cbdde1-725c-4ca4-8d7a-a782c47315d1 at term 2 for appendEntries, leader elected after 32ms
2019-09-05 09:22:14,739 [grpc-default-executor-8] INFO  impl.RaftServerImpl (ServerState.java:setRaftConf(361)) - 4b28f000-a8b5-4c6a-8a19-100693708a3e:group-C62AFDFBBC30 set configuration 16: [4b28f000-a8b5-4c6a-8a19-100693708a3e:192.168.69.66:34429, b2a92dac-af4e-4db5-a88e-fdb3e4195e5b:192.168.69.66:38400, a3cbdde1-725c-4ca4-8d7a-a782c47315d1:192.168.69.66:43393], old=null at 16
2019-09-05 09:22:14,739 [grpc-default-executor-8] INFO  segmented.SegmentedRaftLogWorker (SegmentedRaftLogWorker.java:rollLogSegment(385)) - 4b28f000-a8b5-4c6a-8a19-100693708a3e-SegmentedRaftLogWorker:Storage Directory /workdir/hadoop-ozone/integration-test/target/test-dir/MiniOzoneClusterImpl-b9007246-1341-44ba-8eb7-22f06fb20b9c/datanode-4/data/ratis/9c326d90-2798-4275-bb30-c62afdfbbc30: Rolling segment log-0_15 to index:15
2019-09-05 09:22:14,740 [4b28f000-a8b5-4c6a-8a19-100693708a3e-SegmentedRaftLogWorker:Storage Directory /workdir/hadoop-ozone/integration-test/target/test-dir/MiniOzoneClusterImpl-b9007246-1341-44ba-8eb7-22f06fb20b9c/datanode-4/data/ratis/9c326d90-2798-4275-bb30-c62afdfbbc30] INFO  segmented.SegmentedRaftLogWorker (SegmentedRaftLogWorker.java:execute(526)) - 4b28f000-a8b5-4c6a-8a19-100693708a3e-SegmentedRaftLogWorker:Storage Directory /workdir/hadoop-ozone/integration-test/target/test-dir/MiniOzoneClusterImpl-b9007246-1341-44ba-8eb7-22f06fb20b9c/datanode-4/data/ratis/9c326d90-2798-4275-bb30-c62afdfbbc30: Rolled log segment from /workdir/hadoop-ozone/integration-test/target/test-dir/MiniOzoneClusterImpl-b9007246-1341-44ba-8eb7-22f06fb20b9c/datanode-4/data/ratis/9c326d90-2798-4275-bb30-c62afdfbbc30/current/log_inprogress_0 to /workdir/hadoop-ozone/integration-test/target/test-dir/MiniOzoneClusterImpl-b9007246-1341-44ba-8eb7-22f06fb20b9c/datanode-4/data/ratis/9c326d90-2798-4275-bb30-c62afdfbbc30/current/log_0-15
2019-09-05 09:22:14,789 [a3cbdde1-725c-4ca4-8d7a-a782c47315d1-SegmentedRaftLogWorker:Storage Directory /workdir/hadoop-ozone/integration-test/target/test-dir/MiniOzoneClusterImpl-b9007246-1341-44ba-8eb7-22f06fb20b9c/datanode-3/data/ratis/9c326d90-2798-4275-bb30-c62afdfbbc30] INFO  segmented.SegmentedRaftLogWorker (SegmentedRaftLogWorker.java:execute(569)) - a3cbdde1-725c-4ca4-8d7a-a782c47315d1-SegmentedRaftLogWorker:Storage Directory /workdir/hadoop-ozone/integration-test/target/test-dir/MiniOzoneClusterImpl-b9007246-1341-44ba-8eb7-22f06fb20b9c/datanode-3/data/ratis/9c326d90-2798-4275-bb30-c62afdfbbc30: created new log segment /workdir/hadoop-ozone/integration-test/target/test-dir/MiniOzoneClusterImpl-b9007246-1341-44ba-8eb7-22f06fb20b9c/datanode-3/data/ratis/9c326d90-2798-4275-bb30-c62afdfbbc30/current/log_inprogress_16
2019-09-05 09:22:14,789 [4b28f000-a8b5-4c6a-8a19-100693708a3e-SegmentedRaftLogWorker:Storage Directory /workdir/hadoop-ozone/integration-test/target/test-dir/MiniOzoneClusterImpl-b9007246-1341-44ba-8eb7-22f06fb20b9c/datanode-4/data/ratis/9c326d90-2798-4275-bb30-c62afdfbbc30] INFO  segmented.SegmentedRaftLogWorker (SegmentedRaftLogWorker.java:execute(569)) - 4b28f000-a8b5-4c6a-8a19-100693708a3e-SegmentedRaftLogWorker:Storage Directory /workdir/hadoop-ozone/integration-test/target/test-dir/MiniOzoneClusterImpl-b9007246-1341-44ba-8eb7-22f06fb20b9c/datanode-4/data/ratis/9c326d90-2798-4275-bb30-c62afdfbbc30: created new log segment /workdir/hadoop-ozone/integration-test/target/test-dir/MiniOzoneClusterImpl-b9007246-1341-44ba-8eb7-22f06fb20b9c/datanode-4/data/ratis/9c326d90-2798-4275-bb30-c62afdfbbc30/current/log_inprogress_16
2019-09-05 09:22:14,794 | INFO  | SCMAudit | user=jenkins1000 | ip=192.168.69.66 | op=SEND_HEARTBEAT {datanodeUUID=6f14a04a-44e3-4557-80c9-ddee849029a0, command=[]} | ret=SUCCESS |  
2019-09-05 09:22:14,799 | INFO  | DNAudit | user=null | ip=null | op=READ_CHUNK {blockData=conID: 1 locID: 102739169396260878 bcsId: 0} | ret=SUCCESS |  
2019-09-05 09:22:14,802 [grpc-default-executor-8] WARN  server.GrpcLogAppender (LogUtils.java:warn(134)) - a3cbdde1-725c-4ca4-8d7a-a782c47315d1->b2a92dac-af4e-4db5-a88e-fdb3e4195e5b: Failed appendEntries: org.apache.ratis.thirdparty.io.grpc.StatusRuntimeException: UNAVAILABLE: io exception
2019-09-05 09:22:14,803 [grpc-default-executor-8] INFO  impl.FollowerInfo (FollowerInfo.java:lambda$new$0(50)) - a3cbdde1-725c-4ca4-8d7a-a782c47315d1->b2a92dac-af4e-4db5-a88e-fdb3e4195e5b: nextIndex: updateUnconditionally 2 -> 1
2019-09-05 09:22:14,807 [grpc-default-executor-7] WARN  server.GrpcLogAppender (LogUtils.java:warn(134)) - a3cbdde1-725c-4ca4-8d7a-a782c47315d1->b2a92dac-af4e-4db5-a88e-fdb3e4195e5b: Failed appendEntries: org.apache.ratis.thirdparty.io.grpc.StatusRuntimeException: UNAVAILABLE: io exception
2019-09-05 09:22:14,807 [grpc-default-executor-7] INFO  impl.FollowerInfo (FollowerInfo.java:lambda$new$0(50)) - a3cbdde1-725c-4ca4-8d7a-a782c47315d1->b2a92dac-af4e-4db5-a88e-fdb3e4195e5b: nextIndex: updateUnconditionally 2 -> 1
2019-09-05 09:22:15,001 | INFO  | SCMAudit | user=jenkins1000 | ip=192.168.69.66 | op=SEND_HEARTBEAT {datanodeUUID=07be2058-8bf0-4303-a72a-c3b15076ab0b, command=[]} | ret=SUCCESS |  
2019-09-05 09:22:15,184 | INFO  | SCMAudit | user=jenkins1000 | ip=192.168.69.66 | op=SEND_HEARTBEAT {datanodeUUID=a4e26f5e-71d2-4796-80a4-c2297629d93f, command=[]} | ret=SUCCESS |  
2019-09-05 09:22:15,192 | INFO  | SCMAudit | user=jenkins1000 | ip=192.168.69.66 | op=SEND_HEARTBEAT {datanodeUUID=24fa834e-354b-4f91-9ef9-44eeb31eb01b, command=[]} | ret=SUCCESS |  
2019-09-05 09:22:15,285 | ERROR | DNAudit | user=null | ip=null | op=WRITE_CHUNK {blockData=conID: 1 locID: 102739169396260878 bcsId: 13} | ret=FAILURE | org.apache.hadoop.hdds.scm.container.common.helpers.ContainerNotOpenException: Container 1 in CLOSING state
	at org.apache.hadoop.ozone.container.common.impl.HddsDispatcher.validateContainerCommand(HddsDispatcher.java:408)
	at org.apache.hadoop.ozone.container.common.transport.server.ratis.ContainerStateMachine.startTransaction(ContainerStateMachine.java:309) 
2019-09-05 09:22:15,294 [grpc-default-executor-7] INFO  client.GrpcClientProtocolClient (GrpcClientProtocolClient.java:onNext(255)) - client-E86B2320BE0F->a3cbdde1-725c-4ca4-8d7a-a782c47315d1: receive RaftClientReply:client-E86B2320BE0F->a3cbdde1-725c-4ca4-8d7a-a782c47315d1@group-C62AFDFBBC30, cid=184, FAILED org.apache.ratis.protocol.StateMachineException: org.apache.hadoop.hdds.scm.container.common.helpers.ContainerNotOpenException from Server a3cbdde1-725c-4ca4-8d7a-a782c47315d1: Container 1 in CLOSING state, logIndex=0, commits[a3cbdde1-725c-4ca4-8d7a-a782c47315d1:c17, 4b28f000-a8b5-4c6a-8a19-100693708a3e:c16, b2a92dac-af4e-4db5-a88e-fdb3e4195e5b:c15]
2019-09-05 09:22:15,295 | ERROR | DNAudit | user=null | ip=null | op=WRITE_CHUNK {blockData=conID: 1 locID: 102739169396260878 bcsId: 13} | ret=FAILURE | org.apache.hadoop.hdds.scm.container.common.helpers.ContainerNotOpenException: Container 1 in CLOSING state
	at org.apache.hadoop.ozone.container.common.impl.HddsDispatcher.validateContainerCommand(HddsDispatcher.java:408)
	at org.apache.hadoop.ozone.container.common.transport.server.ratis.ContainerStateMachine.startTransaction(ContainerStateMachine.java:309) 
2019-09-05 09:22:15,297 | ERROR | DNAudit | user=null | ip=null | op=PUT_BLOCK {blockData=[blockId=conID: 1 locID: 102739169396260878 bcsId: 0,size=650]} | ret=FAILURE | org.apache.hadoop.hdds.scm.container.common.helpers.ContainerNotOpenException: Container 1 in CLOSING state
	at org.apache.hadoop.ozone.container.common.impl.HddsDispatcher.validateContainerCommand(HddsDispatcher.java:408)
	at org.apache.hadoop.ozone.container.common.transport.server.ratis.ContainerStateMachine.startTransaction(ContainerStateMachine.java:309) 
2019-09-05 09:22:15,307 [grpc-default-executor-7] INFO  client.GrpcClientProtocolClient (GrpcClientProtocolClient.java:onNext(255)) - client-E86B2320BE0F->a3cbdde1-725c-4ca4-8d7a-a782c47315d1: receive RaftClientReply:client-E86B2320BE0F->a3cbdde1-725c-4ca4-8d7a-a782c47315d1@group-C62AFDFBBC30, cid=185, FAILED org.apache.ratis.protocol.StateMachineException: org.apache.hadoop.hdds.scm.container.common.helpers.ContainerNotOpenException from Server a3cbdde1-725c-4ca4-8d7a-a782c47315d1: Container 1 in CLOSING state, logIndex=0, commits[a3cbdde1-725c-4ca4-8d7a-a782c47315d1:c17, 4b28f000-a8b5-4c6a-8a19-100693708a3e:c16, b2a92dac-af4e-4db5-a88e-fdb3e4195e5b:c15]
2019-09-05 09:22:15,307 | ERROR | DNAudit | user=null | ip=null | op=WRITE_CHUNK {blockData=conID: 1 locID: 102739169396260878 bcsId: 13} | ret=FAILURE | org.apache.hadoop.hdds.scm.container.common.helpers.ContainerNotOpenException: Container 1 in CLOSING state
	at org.apache.hadoop.ozone.container.common.impl.HddsDispatcher.validateContainerCommand(HddsDispatcher.java:408)
	at org.apache.hadoop.ozone.container.common.transport.server.ratis.ContainerStateMachine.startTransaction(ContainerStateMachine.java:309) 
2019-09-05 09:22:15,311 [grpc-default-executor-7] INFO  client.GrpcClientProtocolClient (GrpcClientProtocolClient.java:onNext(255)) - client-E86B2320BE0F->a3cbdde1-725c-4ca4-8d7a-a782c47315d1: receive RaftClientReply:client-E86B2320BE0F->a3cbdde1-725c-4ca4-8d7a-a782c47315d1@group-C62AFDFBBC30, cid=186, FAILED org.apache.ratis.protocol.StateMachineException: org.apache.hadoop.hdds.scm.container.common.helpers.ContainerNotOpenException from Server a3cbdde1-725c-4ca4-8d7a-a782c47315d1: Container 1 in CLOSING state, logIndex=0, commits[a3cbdde1-725c-4ca4-8d7a-a782c47315d1:c17, 4b28f000-a8b5-4c6a-8a19-100693708a3e:c16, b2a92dac-af4e-4db5-a88e-fdb3e4195e5b:c15]
2019-09-05 09:22:15,311 | ERROR | DNAudit | user=null | ip=null | op=WRITE_CHUNK {blockData=conID: 1 locID: 102739169396260878 bcsId: 13} | ret=FAILURE | org.apache.hadoop.hdds.scm.container.common.helpers.ContainerNotOpenException: Container 1 in CLOSING state
	at org.apache.hadoop.ozone.container.common.impl.HddsDispatcher.validateContainerCommand(HddsDispatcher.java:408)
	at org.apache.hadoop.ozone.container.common.transport.server.ratis.ContainerStateMachine.startTransaction(ContainerStateMachine.java:309) 
2019-09-05 09:22:15,316 | ERROR | DNAudit | user=null | ip=null | op=PUT_BLOCK {blockData=[blockId=conID: 1 locID: 102739169396260878 bcsId: 0,size=800]} | ret=FAILURE | org.apache.hadoop.hdds.scm.container.common.helpers.ContainerNotOpenException: Container 1 in CLOSING state
	at org.apache.hadoop.ozone.container.common.impl.HddsDispatcher.validateContainerCommand(HddsDispatcher.java:408)
	at org.apache.hadoop.ozone.container.common.transport.server.ratis.ContainerStateMachine.startTransaction(ContainerStateMachine.java:309) 
2019-09-05 09:22:15,320 [grpc-default-executor-7] INFO  client.GrpcClientProtocolClient (GrpcClientProtocolClient.java:onNext(255)) - client-E86B2320BE0F->a3cbdde1-725c-4ca4-8d7a-a782c47315d1: receive RaftClientReply:client-E86B2320BE0F->a3cbdde1-725c-4ca4-8d7a-a782c47315d1@group-C62AFDFBBC30, cid=187, FAILED org.apache.ratis.protocol.StateMachineException: org.apache.hadoop.hdds.scm.container.common.helpers.ContainerNotOpenException from Server a3cbdde1-725c-4ca4-8d7a-a782c47315d1: Container 1 in CLOSING state, logIndex=0, commits[a3cbdde1-725c-4ca4-8d7a-a782c47315d1:c17, 4b28f000-a8b5-4c6a-8a19-100693708a3e:c16, b2a92dac-af4e-4db5-a88e-fdb3e4195e5b:c15]
2019-09-05 09:22:15,330 [grpc-default-executor-7] INFO  client.GrpcClientProtocolClient (GrpcClientProtocolClient.java:onNext(255)) - client-E86B2320BE0F->a3cbdde1-725c-4ca4-8d7a-a782c47315d1: receive RaftClientReply:client-E86B2320BE0F->a3cbdde1-725c-4ca4-8d7a-a782c47315d1@group-C62AFDFBBC30, cid=188, FAILED org.apache.ratis.protocol.StateMachineException: org.apache.hadoop.hdds.scm.container.common.helpers.ContainerNotOpenException from Server a3cbdde1-725c-4ca4-8d7a-a782c47315d1: Container 1 in CLOSING state, logIndex=0, commits[a3cbdde1-725c-4ca4-8d7a-a782c47315d1:c17, 4b28f000-a8b5-4c6a-8a19-100693708a3e:c16, b2a92dac-af4e-4db5-a88e-fdb3e4195e5b:c15]
2019-09-05 09:22:15,331 [grpc-default-executor-7] INFO  client.GrpcClientProtocolClient (GrpcClientProtocolClient.java:onNext(255)) - client-E86B2320BE0F->a3cbdde1-725c-4ca4-8d7a-a782c47315d1: receive RaftClientReply:client-E86B2320BE0F->a3cbdde1-725c-4ca4-8d7a-a782c47315d1@group-C62AFDFBBC30, cid=189, FAILED org.apache.ratis.protocol.StateMachineException: org.apache.hadoop.hdds.scm.container.common.helpers.ContainerNotOpenException from Server a3cbdde1-725c-4ca4-8d7a-a782c47315d1: Container 1 in CLOSING state, logIndex=0, commits[a3cbdde1-725c-4ca4-8d7a-a782c47315d1:c17, 4b28f000-a8b5-4c6a-8a19-100693708a3e:c16, b2a92dac-af4e-4db5-a88e-fdb3e4195e5b:c15]
2019-09-05 09:22:15,373 | INFO  | SCMAudit | user=jenkins1000 | ip=192.168.69.66 | op=ALLOCATE_BLOCK {owner=f6059876-cea7-4cf5-892b-4dd99c8aa763, size=800, type=RATIS, factor=THREE} | ret=SUCCESS |  
2019-09-05 09:22:15,375 | INFO  | OMAudit | user=jenkins1000 | ip=127.0.0.1 | op=ALLOCATE_BLOCK {volume=testblockoutputstream, bucket=testblockoutputstream, key=732a29da-d2b5-4905-ba3f-6ba5943814c7, dataSize=0, replicationType=null, replicationFactor=null, keyLocationInfo=null, clientID=102739169393901581} | ret=SUCCESS |  
2019-09-05 09:22:15,385 [grpc-default-executor-7] INFO  client.GrpcClientProtocolClient (GrpcClientProtocolClient.java:onNext(255)) - client-A925943C0561->07be2058-8bf0-4303-a72a-c3b15076ab0b: receive RaftClientReply:client-A925943C0561->07be2058-8bf0-4303-a72a-c3b15076ab0b@group-D2EF0FD8E838, cid=190, FAILED org.apache.ratis.protocol.NotLeaderException: Server 07be2058-8bf0-4303-a72a-c3b15076ab0b is not the leader (a4e26f5e-71d2-4796-80a4-c2297629d93f:192.168.69.66:34336). Request must be sent to leader., logIndex=0, commits[07be2058-8bf0-4303-a72a-c3b15076ab0b:c0, a4e26f5e-71d2-4796-80a4-c2297629d93f:c0, 6f14a04a-44e3-4557-80c9-ddee849029a0:c0]
2019-09-05 09:22:15,646 | INFO  | SCMAudit | user=jenkins1000 | ip=192.168.69.66 | op=SEND_HEARTBEAT {datanodeUUID=4b28f000-a8b5-4c6a-8a19-100693708a3e, command=[]} | ret=SUCCESS |  
2019-09-05 09:22:15,648 | INFO  | SCMAudit | user=jenkins1000 | ip=192.168.69.66 | op=SEND_HEARTBEAT {datanodeUUID=a3cbdde1-725c-4ca4-8d7a-a782c47315d1, command=[]} | ret=SUCCESS |  
2019-09-05 09:22:15,776 | INFO  | DNAudit | user=null | ip=null | op=WRITE_CHUNK {blockData=conID: 2 locID: 102739170779004943 bcsId: 0} | ret=SUCCESS |  
2019-09-05 09:22:15,776 | INFO  | DNAudit | user=null | ip=null | op=WRITE_CHUNK {blockData=conID: 2 locID: 102739170779004943 bcsId: 0} | ret=SUCCESS |  
2019-09-05 09:22:15,776 | INFO  | DNAudit | user=null | ip=null | op=WRITE_CHUNK {blockData=conID: 2 locID: 102739170779004943 bcsId: 0} | ret=SUCCESS |  
2019-09-05 09:22:15,777 | INFO  | SCMAudit | user=jenkins1000 | ip=192.168.69.66 | op=SEND_HEARTBEAT {datanodeUUID=07be2058-8bf0-4303-a72a-c3b15076ab0b, command=[]} | ret=SUCCESS |  
2019-09-05 09:22:15,777 | INFO  | SCMAudit | user=jenkins1000 | ip=192.168.69.66 | op=SEND_HEARTBEAT {datanodeUUID=6f14a04a-44e3-4557-80c9-ddee849029a0, command=[]} | ret=SUCCESS |  
2019-09-05 09:22:15,777 | INFO  | SCMAudit | user=jenkins1000 | ip=192.168.69.66 | op=SEND_HEARTBEAT {datanodeUUID=a4e26f5e-71d2-4796-80a4-c2297629d93f, command=[]} | ret=SUCCESS |  
2019-09-05 09:22:15,784 | INFO  | DNAudit | user=null | ip=null | op=WRITE_CHUNK {blockData=conID: 2 locID: 102739170779004943 bcsId: 0} | ret=SUCCESS |  
2019-09-05 09:22:15,788 [grpc-default-executor-8] INFO  client.GrpcClientProtocolClient (GrpcClientProtocolClient.java:onNext(255)) - client-A925943C0561->a4e26f5e-71d2-4796-80a4-c2297629d93f: receive RaftClientReply:client-A925943C0561->a4e26f5e-71d2-4796-80a4-c2297629d93f@group-D2EF0FD8E838, cid=190, SUCCESS, logIndex=1, commits[a4e26f5e-71d2-4796-80a4-c2297629d93f:c1, 6f14a04a-44e3-4557-80c9-ddee849029a0:c0, 07be2058-8bf0-4303-a72a-c3b15076ab0b:c0]
2019-09-05 09:22:15,792 | INFO  | DNAudit | user=null | ip=null | op=WRITE_CHUNK {blockData=conID: 2 locID: 102739170779004943 bcsId: 0} | ret=SUCCESS |  
2019-09-05 09:22:15,793 | INFO  | DNAudit | user=null | ip=null | op=WRITE_CHUNK {blockData=conID: 2 locID: 102739170779004943 bcsId: 0} | ret=SUCCESS |  
2019-09-05 09:22:15,793 | INFO  | DNAudit | user=null | ip=null | op=WRITE_CHUNK {blockData=conID: 2 locID: 102739170779004943 bcsId: 0} | ret=SUCCESS |  
2019-09-05 09:22:15,794 | INFO  | DNAudit | user=null | ip=null | op=WRITE_CHUNK {blockData=conID: 2 locID: 102739170779004943 bcsId: 0} | ret=SUCCESS |  
2019-09-05 09:22:15,794 | INFO  | DNAudit | user=null | ip=null | op=WRITE_CHUNK {blockData=conID: 2 locID: 102739170779004943 bcsId: 0} | ret=SUCCESS |  
2019-09-05 09:22:15,794 | INFO  | DNAudit | user=null | ip=null | op=WRITE_CHUNK {blockData=conID: 2 locID: 102739170779004943 bcsId: 0} | ret=SUCCESS |  
2019-09-05 09:22:15,794 | INFO  | DNAudit | user=null | ip=null | op=WRITE_CHUNK {blockData=conID: 2 locID: 102739170779004943 bcsId: 0} | ret=SUCCESS |  
2019-09-05 09:22:15,795 | INFO  | DNAudit | user=null | ip=null | op=WRITE_CHUNK {blockData=conID: 2 locID: 102739170779004943 bcsId: 0} | ret=SUCCESS |  
2019-09-05 09:22:15,795 | INFO  | DNAudit | user=null | ip=null | op=WRITE_CHUNK {blockData=conID: 2 locID: 102739170779004943 bcsId: 0} | ret=SUCCESS |  
2019-09-05 09:22:15,800 | INFO  | DNAudit | user=null | ip=null | op=WRITE_CHUNK {blockData=conID: 2 locID: 102739170779004943 bcsId: 0} | ret=SUCCESS |  
2019-09-05 09:22:15,800 | INFO  | DNAudit | user=null | ip=null | op=WRITE_CHUNK {blockData=conID: 2 locID: 102739170779004943 bcsId: 0} | ret=SUCCESS |  
2019-09-05 09:22:15,803 | INFO  | DNAudit | user=null | ip=null | op=WRITE_CHUNK {blockData=conID: 2 locID: 102739170779004943 bcsId: 0} | ret=SUCCESS |  
2019-09-05 09:22:15,807 [grpc-default-executor-8] INFO  client.GrpcClientProtocolClient (GrpcClientProtocolClient.java:onNext(255)) - client-A925943C0561->a4e26f5e-71d2-4796-80a4-c2297629d93f: receive RaftClientReply:client-A925943C0561->a4e26f5e-71d2-4796-80a4-c2297629d93f@group-D2EF0FD8E838, cid=191, SUCCESS, logIndex=3, commits[a4e26f5e-71d2-4796-80a4-c2297629d93f:c5, 6f14a04a-44e3-4557-80c9-ddee849029a0:c1, 07be2058-8bf0-4303-a72a-c3b15076ab0b:c1]
2019-09-05 09:22:15,831 | INFO  | DNAudit | user=null | ip=null | op=WRITE_CHUNK {blockData=conID: 2 locID: 102739170779004943 bcsId: 0} | ret=SUCCESS |  
2019-09-05 09:22:15,831 | INFO  | DNAudit | user=null | ip=null | op=WRITE_CHUNK {blockData=conID: 2 locID: 102739170779004943 bcsId: 0} | ret=SUCCESS |  
2019-09-05 09:22:15,893 | INFO  | DNAudit | user=null | ip=null | op=PUT_BLOCK {blockData=[blockId=conID: 2 locID: 102739170779004943 bcsId: 0,size=200]} | ret=SUCCESS |  
2019-09-05 09:22:15,894 | INFO  | DNAudit | user=null | ip=null | op=WRITE_CHUNK {blockData=conID: 2 locID: 102739170779004943 bcsId: 0} | ret=SUCCESS |  
2019-09-05 09:22:15,894 [grpc-default-executor-8] INFO  client.GrpcClientProtocolClient (GrpcClientProtocolClient.java:onNext(255)) - client-A925943C0561->a4e26f5e-71d2-4796-80a4-c2297629d93f: receive RaftClientReply:client-A925943C0561->a4e26f5e-71d2-4796-80a4-c2297629d93f@group-D2EF0FD8E838, cid=192, SUCCESS, logIndex=4, commits[a4e26f5e-71d2-4796-80a4-c2297629d93f:c12, 6f14a04a-44e3-4557-80c9-ddee849029a0:c7, 07be2058-8bf0-4303-a72a-c3b15076ab0b:c7]
2019-09-05 09:22:15,895 | INFO  | DNAudit | user=null | ip=null | op=WRITE_CHUNK {blockData=conID: 2 locID: 102739170779004943 bcsId: 0} | ret=SUCCESS |  
2019-09-05 09:22:15,895 [grpc-default-executor-8] INFO  client.GrpcClientProtocolClient (GrpcClientProtocolClient.java:onNext(255)) - client-A925943C0561->a4e26f5e-71d2-4796-80a4-c2297629d93f: receive RaftClientReply:client-A925943C0561->a4e26f5e-71d2-4796-80a4-c2297629d93f@group-D2EF0FD8E838, cid=193, SUCCESS, logIndex=5, commits[a4e26f5e-71d2-4796-80a4-c2297629d93f:c12, 6f14a04a-44e3-4557-80c9-ddee849029a0:c7, 07be2058-8bf0-4303-a72a-c3b15076ab0b:c7]
2019-09-05 09:22:15,896 [grpc-default-executor-8] INFO  client.GrpcClientProtocolClient (GrpcClientProtocolClient.java:onNext(255)) - client-A925943C0561->a4e26f5e-71d2-4796-80a4-c2297629d93f: receive RaftClientReply:client-A925943C0561->a4e26f5e-71d2-4796-80a4-c2297629d93f@group-D2EF0FD8E838, cid=194, SUCCESS, logIndex=6, commits[a4e26f5e-71d2-4796-80a4-c2297629d93f:c12, 6f14a04a-44e3-4557-80c9-ddee849029a0:c7, 07be2058-8bf0-4303-a72a-c3b15076ab0b:c7]
2019-09-05 09:22:16,019 | INFO  | DNAudit | user=null | ip=null | op=PUT_BLOCK {blockData=[blockId=conID: 2 locID: 102739170779004943 bcsId: 0,size=200]} | ret=SUCCESS |  
2019-09-05 09:22:16,020 | INFO  | DNAudit | user=null | ip=null | op=WRITE_CHUNK {blockData=conID: 2 locID: 102739170779004943 bcsId: 0} | ret=SUCCESS |  
2019-09-05 09:22:16,020 | INFO  | DNAudit | user=null | ip=null | op=WRITE_CHUNK {blockData=conID: 2 locID: 102739170779004943 bcsId: 0} | ret=SUCCESS |  
2019-09-05 09:22:16,103 | INFO  | DNAudit | user=null | ip=null | op=PUT_BLOCK {blockData=[blockId=conID: 2 locID: 102739170779004943 bcsId: 0,size=200]} | ret=SUCCESS |  
2019-09-05 09:22:16,103 | INFO  | DNAudit | user=null | ip=null | op=PUT_BLOCK {blockData=[blockId=conID: 2 locID: 102739170779004943 bcsId: 0,size=400]} | ret=SUCCESS |  
2019-09-05 09:22:16,103 | INFO  | DNAudit | user=null | ip=null | op=PUT_BLOCK {blockData=[blockId=conID: 2 locID: 102739170779004943 bcsId: 0,size=400]} | ret=SUCCESS |  
2019-09-05 09:22:16,103 | INFO  | DNAudit | user=null | ip=null | op=WRITE_CHUNK {blockData=conID: 2 locID: 102739170779004943 bcsId: 0} | ret=SUCCESS |  
2019-09-05 09:22:16,104 | INFO  | DNAudit | user=null | ip=null | op=WRITE_CHUNK {blockData=conID: 2 locID: 102739170779004943 bcsId: 0} | ret=SUCCESS |  
2019-09-05 09:22:16,104 | INFO  | DNAudit | user=null | ip=null | op=PUT_BLOCK {blockData=[blockId=conID: 2 locID: 102739170779004943 bcsId: 0,size=400]} | ret=SUCCESS |  
2019-09-05 09:22:16,104 [grpc-default-executor-8] INFO  client.GrpcClientProtocolClient (GrpcClientProtocolClient.java:onNext(255)) - client-A925943C0561->a4e26f5e-71d2-4796-80a4-c2297629d93f: receive RaftClientReply:client-A925943C0561->a4e26f5e-71d2-4796-80a4-c2297629d93f@group-D2EF0FD8E838, cid=195, SUCCESS, logIndex=7, commits[a4e26f5e-71d2-4796-80a4-c2297629d93f:c12, 6f14a04a-44e3-4557-80c9-ddee849029a0:c7, 07be2058-8bf0-4303-a72a-c3b15076ab0b:c7]
2019-09-05 09:22:16,107 | INFO  | DNAudit | user=null | ip=null | op=WRITE_CHUNK {blockData=conID: 2 locID: 102739170779004943 bcsId: 7} | ret=SUCCESS |  
2019-09-05 09:22:16,108 | INFO  | DNAudit | user=null | ip=null | op=WRITE_CHUNK {blockData=conID: 2 locID: 102739170779004943 bcsId: 7} | ret=SUCCESS |  
2019-09-05 09:22:16,108 | INFO  | DNAudit | user=null | ip=null | op=WRITE_CHUNK {blockData=conID: 2 locID: 102739170779004943 bcsId: 7} | ret=SUCCESS |  
2019-09-05 09:22:16,113 | INFO  | DNAudit | user=null | ip=null | op=WRITE_CHUNK {blockData=conID: 2 locID: 102739170779004943 bcsId: 7} | ret=SUCCESS |  
2019-09-05 09:22:16,114 | INFO  | DNAudit | user=null | ip=null | op=PUT_BLOCK {blockData=[blockId=conID: 2 locID: 102739170779004943 bcsId: 0,size=450]} | ret=SUCCESS |  
2019-09-05 09:22:16,114 [grpc-default-executor-4] INFO  client.GrpcClientProtocolClient (GrpcClientProtocolClient.java:onNext(255)) - client-A925943C0561->a4e26f5e-71d2-4796-80a4-c2297629d93f: receive RaftClientReply:client-A925943C0561->a4e26f5e-71d2-4796-80a4-c2297629d93f@group-D2EF0FD8E838, cid=196, SUCCESS, logIndex=13, commits[a4e26f5e-71d2-4796-80a4-c2297629d93f:c14, 6f14a04a-44e3-4557-80c9-ddee849029a0:c12, 07be2058-8bf0-4303-a72a-c3b15076ab0b:c12]
2019-09-05 09:22:16,115 [grpc-default-executor-4] INFO  client.GrpcClientProtocolClient (GrpcClientProtocolClient.java:onNext(255)) - client-A925943C0561->a4e26f5e-71d2-4796-80a4-c2297629d93f: receive RaftClientReply:client-A925943C0561->a4e26f5e-71d2-4796-80a4-c2297629d93f@group-D2EF0FD8E838, cid=197, SUCCESS, logIndex=14, commits[a4e26f5e-71d2-4796-80a4-c2297629d93f:c14, 6f14a04a-44e3-4557-80c9-ddee849029a0:c12, 07be2058-8bf0-4303-a72a-c3b15076ab0b:c12]
2019-09-05 09:22:16,129 | INFO  | DNAudit | user=null | ip=null | op=WRITE_CHUNK {blockData=conID: 2 locID: 102739170779004943 bcsId: 7} | ret=SUCCESS |  
2019-09-05 09:22:16,129 | INFO  | DNAudit | user=null | ip=null | op=WRITE_CHUNK {blockData=conID: 2 locID: 102739170779004943 bcsId: 7} | ret=SUCCESS |  
2019-09-05 09:22:16,130 | INFO  | DNAudit | user=null | ip=null | op=PUT_BLOCK {blockData=[blockId=conID: 2 locID: 102739170779004943 bcsId: 0,size=450]} | ret=SUCCESS |  
2019-09-05 09:22:16,130 | INFO  | DNAudit | user=null | ip=null | op=PUT_BLOCK {blockData=[blockId=conID: 2 locID: 102739170779004943 bcsId: 0,size=450]} | ret=SUCCESS |  
2019-09-05 09:22:16,133 [grpc-default-executor-8] INFO  client.GrpcClientProtocolClient (GrpcClientProtocolClient.java:onNext(255)) - client-A925943C0561->a4e26f5e-71d2-4796-80a4-c2297629d93f: receive RaftClientReply:client-A925943C0561->a4e26f5e-71d2-4796-80a4-c2297629d93f@group-D2EF0FD8E838, cid=198, SUCCESS, logIndex=0, commits[a4e26f5e-71d2-4796-80a4-c2297629d93f:c15, 6f14a04a-44e3-4557-80c9-ddee849029a0:c14, 07be2058-8bf0-4303-a72a-c3b15076ab0b:c14]
2019-09-05 09:22:16,134 [main] INFO  ozone.MiniOzoneClusterImpl (MiniOzoneClusterImpl.java:shutdown(321)) - Shutting down the Mini Ozone Cluster
2019-09-05 09:22:16,135 | INFO  | SCMAudit | user=null | ip=null | op=GET_SCM_INFO null | ret=SUCCESS |  
2019-09-05 09:22:16,135 [main] INFO  ozone.MiniOzoneClusterImpl (MiniOzoneClusterImpl.java:stop(336)) - Stopping the Mini Ozone Cluster
2019-09-05 09:22:16,135 [main] INFO  ozone.MiniOzoneClusterImpl (MiniOzoneClusterImpl.java:stop(338)) - Stopping the OzoneManager
2019-09-05 09:22:16,135 [main] INFO  ipc.Server (Server.java:stop(3082)) - Stopping server on 46830
2019-09-05 09:22:16,147 [IPC Server listener on 46830] INFO  ipc.Server (Server.java:run(1185)) - Stopping IPC Server listener on 46830
2019-09-05 09:22:16,148 [main] INFO  ratis.OzoneManagerDoubleBuffer (OzoneManagerDoubleBuffer.java:stop(248)) - Stopping OMDoubleBuffer flush thread
2019-09-05 09:22:16,149 [IPC Server Responder] INFO  ipc.Server (Server.java:run(1319)) - Stopping IPC Server Responder
2019-09-05 09:22:16,161 [OMDoubleBufferFlushThread] INFO  ratis.OzoneManagerDoubleBuffer (OzoneManagerDoubleBuffer.java:flushTransactions(191)) - OMDoubleBuffer flush thread OMDoubleBufferFlushThread is interrupted and will exit. OMDoubleBufferFlushThread
2019-09-05 09:22:16,162 [main] INFO  utils.BackgroundService (BackgroundService.java:shutdown(148)) - Shutting down service KeyDeletingService
2019-09-05 09:22:16,163 [main] INFO  handler.ContextHandler (ContextHandler.java:doStop(910)) - Stopped o.e.j.w.WebAppContext@46f3d0f7{/,null,UNAVAILABLE}{/ozoneManager}
2019-09-05 09:22:16,164 [main] INFO  server.AbstractConnector (AbstractConnector.java:doStop(318)) - Stopped ServerConnector@592fbd8{HTTP/1.1,[http/1.1]}{0.0.0.0:0}
2019-09-05 09:22:16,164 [main] INFO  handler.ContextHandler (ContextHandler.java:doStop(910)) - Stopped o.e.j.s.ServletContextHandler@73418044{/static,file:///workdir/hadoop-ozone/integration-test/target/test-classes/webapps/static,UNAVAILABLE}
2019-09-05 09:22:16,165 [main] INFO  handler.ContextHandler (ContextHandler.java:doStop(910)) - Stopped o.e.j.s.ServletContextHandler@11c372e9{/logs,file:///workdir/hadoop-ozone/integration-test/target/log,UNAVAILABLE}
2019-09-05 09:22:16,168 [main] INFO  ozone.MiniOzoneClusterImpl (MiniOzoneClusterImpl.java:stop(344)) - Shutting the HddsDatanodes
2019-09-05 09:22:16,168 [main] INFO  datanode.ObjectStoreHandler (ObjectStoreHandler.java:close(155)) - Closing ObjectStoreHandler.
2019-09-05 09:22:16,168 [ForkJoinPool.commonPool-worker-0] INFO  datanode.ObjectStoreHandler (ObjectStoreHandler.java:close(155)) - Closing ObjectStoreHandler.
2019-09-05 09:22:16,169 [main] INFO  ozone.HddsDatanodeService (HddsDatanodeService.java:stop(451)) - Stopped plug-in org.apache.hadoop.ozone.web.OzoneHddsDatanodeService@4dfe14d4
2019-09-05 09:22:16,169 [ForkJoinPool.commonPool-worker-0] INFO  ozone.HddsDatanodeService (HddsDatanodeService.java:stop(451)) - Stopped plug-in org.apache.hadoop.ozone.web.OzoneHddsDatanodeService@293988dc
2019-09-05 09:22:16,192 | INFO  | SCMAudit | user=jenkins1000 | ip=192.168.69.66 | op=SEND_HEARTBEAT {datanodeUUID=24fa834e-354b-4f91-9ef9-44eeb31eb01b, command=[]} | ret=SUCCESS |  
2019-09-05 09:22:16,645 [Datanode State Machine Thread - 0] INFO  statemachine.DatanodeStateMachine (DatanodeStateMachine.java:lambda$startDaemon$0(350)) - Ozone container server started.
2019-09-05 09:22:16,648 | INFO  | SCMAudit | user=jenkins1000 | ip=192.168.69.66 | op=SEND_HEARTBEAT {datanodeUUID=a3cbdde1-725c-4ca4-8d7a-a782c47315d1, command=[]} | ret=SUCCESS |  
2019-09-05 09:22:16,775 [Datanode State Machine Thread - 0] INFO  statemachine.DatanodeStateMachine (DatanodeStateMachine.java:lambda$startDaemon$0(350)) - Ozone container server started.
2019-09-05 09:22:16,776 | INFO  | SCMAudit | user=jenkins1000 | ip=192.168.69.66 | op=SEND_HEARTBEAT {datanodeUUID=a4e26f5e-71d2-4796-80a4-c2297629d93f, command=[]} | ret=SUCCESS |  
2019-09-05 09:22:16,776 | INFO  | SCMAudit | user=jenkins1000 | ip=192.168.69.66 | op=SEND_HEARTBEAT {datanodeUUID=6f14a04a-44e3-4557-80c9-ddee849029a0, command=[]} | ret=SUCCESS |  
2019-09-05 09:22:17,192 | INFO  | SCMAudit | user=jenkins1000 | ip=192.168.69.66 | op=SEND_HEARTBEAT {datanodeUUID=24fa834e-354b-4f91-9ef9-44eeb31eb01b, command=[]} | ret=SUCCESS |  
2019-09-05 09:22:17,308 [grpc-default-executor-8] WARN  server.GrpcLogAppender (LogUtils.java:warn(134)) - a3cbdde1-725c-4ca4-8d7a-a782c47315d1->b2a92dac-af4e-4db5-a88e-fdb3e4195e5b: Failed appendEntries: org.apache.ratis.thirdparty.io.grpc.StatusRuntimeException: UNAVAILABLE: io exception
2019-09-05 09:22:17,309 [grpc-default-executor-8] INFO  impl.FollowerInfo (FollowerInfo.java:lambda$new$0(50)) - a3cbdde1-725c-4ca4-8d7a-a782c47315d1->b2a92dac-af4e-4db5-a88e-fdb3e4195e5b: nextIndex: updateUnconditionally 1 -> 0
2019-09-05 09:22:17,648 | INFO  | SCMAudit | user=jenkins1000 | ip=192.168.69.66 | op=SEND_HEARTBEAT {datanodeUUID=a3cbdde1-725c-4ca4-8d7a-a782c47315d1, command=[]} | ret=SUCCESS |  
2019-09-05 09:22:17,777 | INFO  | SCMAudit | user=jenkins1000 | ip=192.168.69.66 | op=SEND_HEARTBEAT {datanodeUUID=6f14a04a-44e3-4557-80c9-ddee849029a0, command=[]} | ret=SUCCESS |  
2019-09-05 09:22:17,777 | INFO  | SCMAudit | user=jenkins1000 | ip=192.168.69.66 | op=SEND_HEARTBEAT {datanodeUUID=a4e26f5e-71d2-4796-80a4-c2297629d93f, command=[]} | ret=SUCCESS |  
2019-09-05 09:22:18,192 | INFO  | SCMAudit | user=jenkins1000 | ip=192.168.69.66 | op=SEND_HEARTBEAT {datanodeUUID=24fa834e-354b-4f91-9ef9-44eeb31eb01b, command=[]} | ret=SUCCESS |  
2019-09-05 09:22:18,649 | INFO  | SCMAudit | user=jenkins1000 | ip=192.168.69.66 | op=SEND_HEARTBEAT {datanodeUUID=a3cbdde1-725c-4ca4-8d7a-a782c47315d1, command=[]} | ret=SUCCESS |  
2019-09-05 09:22:18,778 | INFO  | SCMAudit | user=jenkins1000 | ip=192.168.69.66 | op=SEND_HEARTBEAT {datanodeUUID=6f14a04a-44e3-4557-80c9-ddee849029a0, command=[]} | ret=SUCCESS |  
2019-09-05 09:22:18,778 | INFO  | SCMAudit | user=jenkins1000 | ip=192.168.69.66 | op=SEND_HEARTBEAT {datanodeUUID=a4e26f5e-71d2-4796-80a4-c2297629d93f, command=[]} | ret=SUCCESS |  
2019-09-05 09:22:19,192 | INFO  | SCMAudit | user=jenkins1000 | ip=192.168.69.66 | op=SEND_HEARTBEAT {datanodeUUID=24fa834e-354b-4f91-9ef9-44eeb31eb01b, command=[]} | ret=SUCCESS |  
2019-09-05 09:22:19,650 | INFO  | SCMAudit | user=jenkins1000 | ip=192.168.69.66 | op=SEND_HEARTBEAT {datanodeUUID=a3cbdde1-725c-4ca4-8d7a-a782c47315d1, command=[]} | ret=SUCCESS |  
2019-09-05 09:22:19,778 | INFO  | SCMAudit | user=jenkins1000 | ip=192.168.69.66 | op=SEND_HEARTBEAT {datanodeUUID=6f14a04a-44e3-4557-80c9-ddee849029a0, command=[]} | ret=SUCCESS |  
2019-09-05 09:22:19,778 | INFO  | SCMAudit | user=jenkins1000 | ip=192.168.69.66 | op=SEND_HEARTBEAT {datanodeUUID=a4e26f5e-71d2-4796-80a4-c2297629d93f, command=[]} | ret=SUCCESS |  
2019-09-05 09:22:19,808 [grpc-default-executor-6] WARN  server.GrpcLogAppender (LogUtils.java:warn(134)) - a3cbdde1-725c-4ca4-8d7a-a782c47315d1->b2a92dac-af4e-4db5-a88e-fdb3e4195e5b: Failed appendEntries: org.apache.ratis.thirdparty.io.grpc.StatusRuntimeException: UNAVAILABLE: io exception
2019-09-05 09:22:19,809 [grpc-default-executor-6] INFO  impl.FollowerInfo (FollowerInfo.java:lambda$new$0(50)) - a3cbdde1-725c-4ca4-8d7a-a782c47315d1->b2a92dac-af4e-4db5-a88e-fdb3e4195e5b: nextIndex: updateUnconditionally 0 -> 0
2019-09-05 09:22:20,192 | INFO  | SCMAudit | user=jenkins1000 | ip=192.168.69.66 | op=SEND_HEARTBEAT {datanodeUUID=24fa834e-354b-4f91-9ef9-44eeb31eb01b, command=[]} | ret=SUCCESS |  
2019-09-05 09:22:20,650 | INFO  | SCMAudit | user=jenkins1000 | ip=192.168.69.66 | op=SEND_HEARTBEAT {datanodeUUID=a3cbdde1-725c-4ca4-8d7a-a782c47315d1, command=[]} | ret=SUCCESS |  
2019-09-05 09:22:20,717 [EventQueue-StaleNodeForStaleNodeHandler] INFO  node.StaleNodeHandler (StaleNodeHandler.java:onMessage(58)) - Datanode 4b28f000-a8b5-4c6a-8a19-100693708a3e{ip: 192.168.69.66, host: pr-hdds-1571-bldfb-3674279559, networkLocation: /default-rack, certSerialId: null} moved to stale state. Finalizing its pipelines [PipelineID=9c326d90-2798-4275-bb30-c62afdfbbc30, PipelineID=a2793707-3d34-4f6c-a51b-e3993e31e87a]
2019-09-05 09:22:20,718 [EventQueue-StaleNodeForStaleNodeHandler] INFO  pipeline.SCMPipelineManager (SCMPipelineManager.java:finalizeAndDestroyPipeline(309)) - destroying pipeline:Pipeline[ Id: 9c326d90-2798-4275-bb30-c62afdfbbc30, Nodes: b2a92dac-af4e-4db5-a88e-fdb3e4195e5b{ip: 192.168.69.66, host: pr-hdds-1571-bldfb-3674279559, networkLocation: /default-rack, certSerialId: null}4b28f000-a8b5-4c6a-8a19-100693708a3e{ip: 192.168.69.66, host: pr-hdds-1571-bldfb-3674279559, networkLocation: /default-rack, certSerialId: null}a3cbdde1-725c-4ca4-8d7a-a782c47315d1{ip: 192.168.69.66, host: pr-hdds-1571-bldfb-3674279559, networkLocation: /default-rack, certSerialId: null}, Type:RATIS, Factor:THREE, State:CLOSED]
2019-09-05 09:22:20,718 [EventQueue-StaleNodeForStaleNodeHandler] INFO  pipeline.SCMPipelineManager (SCMPipelineManager.java:finalizeAndDestroyPipeline(309)) - destroying pipeline:Pipeline[ Id: a2793707-3d34-4f6c-a51b-e3993e31e87a, Nodes: 4b28f000-a8b5-4c6a-8a19-100693708a3e{ip: 192.168.69.66, host: pr-hdds-1571-bldfb-3674279559, networkLocation: /default-rack, certSerialId: null}, Type:RATIS, Factor:ONE, State:OPEN]
2019-09-05 09:22:20,718 [EventQueue-StaleNodeForStaleNodeHandler] INFO  pipeline.PipelineStateManager (PipelineStateManager.java:finalizePipeline(123)) - Pipeline Pipeline[ Id: a2793707-3d34-4f6c-a51b-e3993e31e87a, Nodes: 4b28f000-a8b5-4c6a-8a19-100693708a3e{ip: 192.168.69.66, host: pr-hdds-1571-bldfb-3674279559, networkLocation: /default-rack, certSerialId: null}, Type:RATIS, Factor:ONE, State:CLOSED] moved to CLOSED state
2019-09-05 09:22:20,779 | INFO  | SCMAudit | user=jenkins1000 | ip=192.168.69.66 | op=SEND_HEARTBEAT {datanodeUUID=a4e26f5e-71d2-4796-80a4-c2297629d93f, command=[]} | ret=SUCCESS |  
2019-09-05 09:22:20,779 | INFO  | SCMAudit | user=jenkins1000 | ip=192.168.69.66 | op=SEND_HEARTBEAT {datanodeUUID=6f14a04a-44e3-4557-80c9-ddee849029a0, command=[]} | ret=SUCCESS |  
2019-09-05 09:22:20,818 [EventQueue-StaleNodeForStaleNodeHandler] INFO  node.StaleNodeHandler (StaleNodeHandler.java:onMessage(58)) - Datanode 07be2058-8bf0-4303-a72a-c3b15076ab0b{ip: 192.168.69.66, host: pr-hdds-1571-bldfb-3674279559, networkLocation: /default-rack, certSerialId: null} moved to stale state. Finalizing its pipelines [PipelineID=fd3cb5d0-e3d2-4fac-a4ce-f280f9f1d8c3, PipelineID=c4074c19-c9a1-482a-9745-d2ef0fd8e838]
2019-09-05 09:22:20,818 [EventQueue-StaleNodeForStaleNodeHandler] INFO  pipeline.SCMPipelineManager (SCMPipelineManager.java:finalizeAndDestroyPipeline(309)) - destroying pipeline:Pipeline[ Id: fd3cb5d0-e3d2-4fac-a4ce-f280f9f1d8c3, Nodes: 07be2058-8bf0-4303-a72a-c3b15076ab0b{ip: 192.168.69.66, host: pr-hdds-1571-bldfb-3674279559, networkLocation: /default-rack, certSerialId: null}, Type:RATIS, Factor:ONE, State:OPEN]
2019-09-05 09:22:20,818 [EventQueue-StaleNodeForStaleNodeHandler] INFO  pipeline.PipelineStateManager (PipelineStateManager.java:finalizePipeline(123)) - Pipeline Pipeline[ Id: fd3cb5d0-e3d2-4fac-a4ce-f280f9f1d8c3, Nodes: 07be2058-8bf0-4303-a72a-c3b15076ab0b{ip: 192.168.69.66, host: pr-hdds-1571-bldfb-3674279559, networkLocation: /default-rack, certSerialId: null}, Type:RATIS, Factor:ONE, State:CLOSED] moved to CLOSED state
2019-09-05 09:22:20,818 [EventQueue-StaleNodeForStaleNodeHandler] INFO  pipeline.SCMPipelineManager (SCMPipelineManager.java:finalizeAndDestroyPipeline(309)) - destroying pipeline:Pipeline[ Id: c4074c19-c9a1-482a-9745-d2ef0fd8e838, Nodes: 07be2058-8bf0-4303-a72a-c3b15076ab0b{ip: 192.168.69.66, host: pr-hdds-1571-bldfb-3674279559, networkLocation: /default-rack, certSerialId: null}a4e26f5e-71d2-4796-80a4-c2297629d93f{ip: 192.168.69.66, host: pr-hdds-1571-bldfb-3674279559, networkLocation: /default-rack, certSerialId: null}6f14a04a-44e3-4557-80c9-ddee849029a0{ip: 192.168.69.66, host: pr-hdds-1571-bldfb-3674279559, networkLocation: /default-rack, certSerialId: null}, Type:RATIS, Factor:THREE, State:OPEN]
2019-09-05 09:22:20,818 [EventQueue-StaleNodeForStaleNodeHandler] INFO  pipeline.PipelineStateManager (PipelineStateManager.java:finalizePipeline(123)) - Pipeline Pipeline[ Id: c4074c19-c9a1-482a-9745-d2ef0fd8e838, Nodes: 07be2058-8bf0-4303-a72a-c3b15076ab0b{ip: 192.168.69.66, host: pr-hdds-1571-bldfb-3674279559, networkLocation: /default-rack, certSerialId: null}a4e26f5e-71d2-4796-80a4-c2297629d93f{ip: 192.168.69.66, host: pr-hdds-1571-bldfb-3674279559, networkLocation: /default-rack, certSerialId: null}6f14a04a-44e3-4557-80c9-ddee849029a0{ip: 192.168.69.66, host: pr-hdds-1571-bldfb-3674279559, networkLocation: /default-rack, certSerialId: null}, Type:RATIS, Factor:THREE, State:CLOSED] moved to CLOSED state
2019-09-05 09:22:20,819 [EventQueue-CloseContainerForCloseContainerEventHandler] INFO  container.CloseContainerEventHandler (CloseContainerEventHandler.java:onMessage(61)) - Close container Event triggered for container : #2
2019-09-05 09:22:21,170 [ForkJoinPool.commonPool-worker-0] INFO  ozoneimpl.OzoneContainer (OzoneContainer.java:stop(199)) - Attempting to stop container services.
2019-09-05 09:22:21,170 [main] INFO  ozoneimpl.OzoneContainer (OzoneContainer.java:stop(199)) - Attempting to stop container services.
2019-09-05 09:22:21,170 [ForkJoinPool.commonPool-worker-0] INFO  impl.RaftServerProxy (RaftServerProxy.java:lambda$close$4(314)) - 07be2058-8bf0-4303-a72a-c3b15076ab0b: close
2019-09-05 09:22:21,170 [main] INFO  impl.RaftServerProxy (RaftServerProxy.java:lambda$close$4(314)) - 4b28f000-a8b5-4c6a-8a19-100693708a3e: close
2019-09-05 09:22:21,171 [ForkJoinPool.commonPool-worker-0] INFO  impl.RaftServerImpl (RaftServerImpl.java:lambda$shutdown$3(245)) - 07be2058-8bf0-4303-a72a-c3b15076ab0b: shutdown group-F280F9F1D8C3
2019-09-05 09:22:21,171 [main] INFO  impl.RaftServerImpl (RaftServerImpl.java:lambda$shutdown$3(245)) - 4b28f000-a8b5-4c6a-8a19-100693708a3e: shutdown group-C62AFDFBBC30
2019-09-05 09:22:21,171 [ForkJoinPool.commonPool-worker-0] INFO  util.JmxRegister (JmxRegister.java:unregister(73)) - Successfully un-registered JMX Bean with object name Ratis:service=RaftServer,group=group-F280F9F1D8C3,id=07be2058-8bf0-4303-a72a-c3b15076ab0b
2019-09-05 09:22:21,172 [main] INFO  util.JmxRegister (JmxRegister.java:unregister(73)) - Successfully un-registered JMX Bean with object name Ratis:service=RaftServer,group=group-C62AFDFBBC30,id=4b28f000-a8b5-4c6a-8a19-100693708a3e
2019-09-05 09:22:21,172 [ForkJoinPool.commonPool-worker-0] INFO  impl.RoleInfo (RoleInfo.java:shutdownLeaderState(104)) - 07be2058-8bf0-4303-a72a-c3b15076ab0b: shutdown LeaderState
2019-09-05 09:22:21,172 [main] INFO  impl.RoleInfo (RoleInfo.java:shutdownFollowerState(121)) - 4b28f000-a8b5-4c6a-8a19-100693708a3e: shutdown FollowerState
2019-09-05 09:22:21,173 [ForkJoinPool.commonPool-worker-0] INFO  impl.PendingRequests (PendingRequests.java:sendNotLeaderResponses(202)) - 07be2058-8bf0-4303-a72a-c3b15076ab0b-PendingRequests: sendNotLeaderResponses
2019-09-05 09:22:21,173 [Thread-3513] INFO  impl.FollowerState (FollowerState.java:run(114)) - 4b28f000-a8b5-4c6a-8a19-100693708a3e: FollowerState was interrupted: java.lang.InterruptedException: sleep interrupted
2019-09-05 09:22:21,173 [StateMachineUpdater:4b28f000-a8b5-4c6a-8a19-100693708a3e:group-C62AFDFBBC30] INFO  ratis.ContainerStateMachine (ContainerStateMachine.java:takeSnapshot(283)) - group-C62AFDFBBC30: Taking a snapshot at:(t:1, i:13) file /workdir/hadoop-ozone/integration-test/target/test-dir/MiniOzoneClusterImpl-b9007246-1341-44ba-8eb7-22f06fb20b9c/datanode-4/data/ratis/9c326d90-2798-4275-bb30-c62afdfbbc30/sm/snapshot.1_13
2019-09-05 09:22:21,173 [main] INFO  impl.StateMachineUpdater (StateMachineUpdater.java:stopAndJoin(115)) - StateMachineUpdater:4b28f000-a8b5-4c6a-8a19-100693708a3e:group-C62AFDFBBC30: set stopIndex = 17
2019-09-05 09:22:21,173 [ForkJoinPool.commonPool-worker-0] INFO  impl.StateMachineUpdater (StateMachineUpdater.java:stopAndJoin(115)) - StateMachineUpdater:07be2058-8bf0-4303-a72a-c3b15076ab0b:group-F280F9F1D8C3: set stopIndex = 0
2019-09-05 09:22:21,177 [ForkJoinPool.commonPool-worker-0] INFO  impl.RaftServerImpl (ServerState.java:close(394)) - 07be2058-8bf0-4303-a72a-c3b15076ab0b:group-F280F9F1D8C3 closes. The last applied log index is 0
2019-09-05 09:22:21,177 [07be2058-8bf0-4303-a72a-c3b15076ab0b-SegmentedRaftLogWorker:Storage Directory /workdir/hadoop-ozone/integration-test/target/test-dir/MiniOzoneClusterImpl-b9007246-1341-44ba-8eb7-22f06fb20b9c/datanode-1/data/ratis/fd3cb5d0-e3d2-4fac-a4ce-f280f9f1d8c3] INFO  segmented.SegmentedRaftLogWorker (SegmentedRaftLogWorker.java:run(313)) - 07be2058-8bf0-4303-a72a-c3b15076ab0b-SegmentedRaftLogWorker:Storage Directory /workdir/hadoop-ozone/integration-test/target/test-dir/MiniOzoneClusterImpl-b9007246-1341-44ba-8eb7-22f06fb20b9c/datanode-1/data/ratis/fd3cb5d0-e3d2-4fac-a4ce-f280f9f1d8c3 was interrupted, exiting. There are 0 tasks remaining in the queue.
2019-09-05 09:22:21,192 | INFO  | SCMAudit | user=jenkins1000 | ip=192.168.69.66 | op=SEND_HEARTBEAT {datanodeUUID=24fa834e-354b-4f91-9ef9-44eeb31eb01b, command=[]} | ret=SUCCESS |  
2019-09-05 09:22:21,196 [ForkJoinPool.commonPool-worker-0] INFO  segmented.SegmentedRaftLogWorker (SegmentedRaftLogWorker.java:close(228)) - 07be2058-8bf0-4303-a72a-c3b15076ab0b-SegmentedRaftLogWorker:Storage Directory /workdir/hadoop-ozone/integration-test/target/test-dir/MiniOzoneClusterImpl-b9007246-1341-44ba-8eb7-22f06fb20b9c/datanode-1/data/ratis/fd3cb5d0-e3d2-4fac-a4ce-f280f9f1d8c3 close()
2019-09-05 09:22:21,200 [ForkJoinPool.commonPool-worker-0] INFO  impl.RaftServerImpl (RaftServerImpl.java:lambda$shutdown$3(245)) - 07be2058-8bf0-4303-a72a-c3b15076ab0b: shutdown group-D2EF0FD8E838
2019-09-05 09:22:21,200 [ForkJoinPool.commonPool-worker-0] INFO  util.JmxRegister (JmxRegister.java:unregister(73)) - Successfully un-registered JMX Bean with object name Ratis:service=RaftServer,group=group-D2EF0FD8E838,id=07be2058-8bf0-4303-a72a-c3b15076ab0b
2019-09-05 09:22:21,200 [ForkJoinPool.commonPool-worker-0] INFO  impl.RoleInfo (RoleInfo.java:shutdownFollowerState(121)) - 07be2058-8bf0-4303-a72a-c3b15076ab0b: shutdown FollowerState
2019-09-05 09:22:21,200 [ForkJoinPool.commonPool-worker-0] INFO  impl.StateMachineUpdater (StateMachineUpdater.java:stopAndJoin(115)) - StateMachineUpdater:07be2058-8bf0-4303-a72a-c3b15076ab0b:group-D2EF0FD8E838: set stopIndex = 16
2019-09-05 09:22:21,201 [Thread-3375] INFO  impl.FollowerState (FollowerState.java:run(114)) - 07be2058-8bf0-4303-a72a-c3b15076ab0b: FollowerState was interrupted: java.lang.InterruptedException: sleep interrupted
2019-09-05 09:22:21,201 [StateMachineUpdater:07be2058-8bf0-4303-a72a-c3b15076ab0b:group-D2EF0FD8E838] INFO  ratis.ContainerStateMachine (ContainerStateMachine.java:takeSnapshot(283)) - group-D2EF0FD8E838: Taking a snapshot at:(t:1, i:14) file /workdir/hadoop-ozone/integration-test/target/test-dir/MiniOzoneClusterImpl-b9007246-1341-44ba-8eb7-22f06fb20b9c/datanode-1/data/ratis/c4074c19-c9a1-482a-9745-d2ef0fd8e838/sm/snapshot.1_14
2019-09-05 09:22:21,218 [StateMachineUpdater:4b28f000-a8b5-4c6a-8a19-100693708a3e:group-C62AFDFBBC30] INFO  ratis.ContainerStateMachine (ContainerStateMachine.java:takeSnapshot(294)) - group-C62AFDFBBC30: Finished taking a snapshot at:(t:1, i:13) file:/workdir/hadoop-ozone/integration-test/target/test-dir/MiniOzoneClusterImpl-b9007246-1341-44ba-8eb7-22f06fb20b9c/datanode-4/data/ratis/9c326d90-2798-4275-bb30-c62afdfbbc30/sm/snapshot.1_13 time:45
2019-09-05 09:22:21,218 [StateMachineUpdater:4b28f000-a8b5-4c6a-8a19-100693708a3e:group-C62AFDFBBC30] INFO  impl.StateMachineUpdater (StateMachineUpdater.java:takeSnapshot(242)) - StateMachineUpdater:4b28f000-a8b5-4c6a-8a19-100693708a3e:group-C62AFDFBBC30: Took a snapshot at index 13
2019-09-05 09:22:21,218 [StateMachineUpdater:4b28f000-a8b5-4c6a-8a19-100693708a3e:group-C62AFDFBBC30] INFO  impl.StateMachineUpdater (StateMachineUpdater.java:lambda$new$0(80)) - StateMachineUpdater:4b28f000-a8b5-4c6a-8a19-100693708a3e:group-C62AFDFBBC30: snapshotIndex: updateIncreasingly -1 -> 13
2019-09-05 09:22:21,219 [main] INFO  impl.RaftServerImpl (ServerState.java:close(394)) - 4b28f000-a8b5-4c6a-8a19-100693708a3e:group-C62AFDFBBC30 closes. The last applied log index is 17
2019-09-05 09:22:21,220 [4b28f000-a8b5-4c6a-8a19-100693708a3e-SegmentedRaftLogWorker:Storage Directory /workdir/hadoop-ozone/integration-test/target/test-dir/MiniOzoneClusterImpl-b9007246-1341-44ba-8eb7-22f06fb20b9c/datanode-4/data/ratis/9c326d90-2798-4275-bb30-c62afdfbbc30] INFO  segmented.SegmentedRaftLogWorker (SegmentedRaftLogWorker.java:run(313)) - 4b28f000-a8b5-4c6a-8a19-100693708a3e-SegmentedRaftLogWorker:Storage Directory /workdir/hadoop-ozone/integration-test/target/test-dir/MiniOzoneClusterImpl-b9007246-1341-44ba-8eb7-22f06fb20b9c/datanode-4/data/ratis/9c326d90-2798-4275-bb30-c62afdfbbc30 was interrupted, exiting. There are 0 tasks remaining in the queue.
2019-09-05 09:22:21,220 [StateMachineUpdater:07be2058-8bf0-4303-a72a-c3b15076ab0b:group-D2EF0FD8E838] INFO  ratis.ContainerStateMachine (ContainerStateMachine.java:takeSnapshot(294)) - group-D2EF0FD8E838: Finished taking a snapshot at:(t:1, i:14) file:/workdir/hadoop-ozone/integration-test/target/test-dir/MiniOzoneClusterImpl-b9007246-1341-44ba-8eb7-22f06fb20b9c/datanode-1/data/ratis/c4074c19-c9a1-482a-9745-d2ef0fd8e838/sm/snapshot.1_14 time:19
2019-09-05 09:22:21,221 [StateMachineUpdater:07be2058-8bf0-4303-a72a-c3b15076ab0b:group-D2EF0FD8E838] INFO  impl.StateMachineUpdater (StateMachineUpdater.java:takeSnapshot(242)) - StateMachineUpdater:07be2058-8bf0-4303-a72a-c3b15076ab0b:group-D2EF0FD8E838: Took a snapshot at index 14
2019-09-05 09:22:21,222 [StateMachineUpdater:07be2058-8bf0-4303-a72a-c3b15076ab0b:group-D2EF0FD8E838] INFO  impl.StateMachineUpdater (StateMachineUpdater.java:lambda$new$0(80)) - StateMachineUpdater:07be2058-8bf0-4303-a72a-c3b15076ab0b:group-D2EF0FD8E838: snapshotIndex: updateIncreasingly -1 -> 14
2019-09-05 09:22:21,222 [main] INFO  segmented.SegmentedRaftLogWorker (SegmentedRaftLogWorker.java:close(228)) - 4b28f000-a8b5-4c6a-8a19-100693708a3e-SegmentedRaftLogWorker:Storage Directory /workdir/hadoop-ozone/integration-test/target/test-dir/MiniOzoneClusterImpl-b9007246-1341-44ba-8eb7-22f06fb20b9c/datanode-4/data/ratis/9c326d90-2798-4275-bb30-c62afdfbbc30 close()
2019-09-05 09:22:21,222 [ForkJoinPool.commonPool-worker-0] INFO  impl.RaftServerImpl (ServerState.java:close(394)) - 07be2058-8bf0-4303-a72a-c3b15076ab0b:group-D2EF0FD8E838 closes. The last applied log index is 16
2019-09-05 09:22:21,226 [main] INFO  impl.RaftServerImpl (RaftServerImpl.java:lambda$shutdown$3(245)) - 4b28f000-a8b5-4c6a-8a19-100693708a3e: shutdown group-E3993E31E87A
2019-09-05 09:22:21,226 [07be2058-8bf0-4303-a72a-c3b15076ab0b-SegmentedRaftLogWorker:Storage Directory /workdir/hadoop-ozone/integration-test/target/test-dir/MiniOzoneClusterImpl-b9007246-1341-44ba-8eb7-22f06fb20b9c/datanode-1/data/ratis/c4074c19-c9a1-482a-9745-d2ef0fd8e838] INFO  segmented.SegmentedRaftLogWorker (SegmentedRaftLogWorker.java:run(313)) - 07be2058-8bf0-4303-a72a-c3b15076ab0b-SegmentedRaftLogWorker:Storage Directory /workdir/hadoop-ozone/integration-test/target/test-dir/MiniOzoneClusterImpl-b9007246-1341-44ba-8eb7-22f06fb20b9c/datanode-1/data/ratis/c4074c19-c9a1-482a-9745-d2ef0fd8e838 was interrupted, exiting. There are 0 tasks remaining in the queue.
2019-09-05 09:22:21,226 [main] INFO  util.JmxRegister (JmxRegister.java:unregister(73)) - Successfully un-registered JMX Bean with object name Ratis:service=RaftServer,group=group-E3993E31E87A,id=4b28f000-a8b5-4c6a-8a19-100693708a3e
2019-09-05 09:22:21,228 [ForkJoinPool.commonPool-worker-0] INFO  segmented.SegmentedRaftLogWorker (SegmentedRaftLogWorker.java:close(228)) - 07be2058-8bf0-4303-a72a-c3b15076ab0b-SegmentedRaftLogWorker:Storage Directory /workdir/hadoop-ozone/integration-test/target/test-dir/MiniOzoneClusterImpl-b9007246-1341-44ba-8eb7-22f06fb20b9c/datanode-1/data/ratis/c4074c19-c9a1-482a-9745-d2ef0fd8e838 close()
2019-09-05 09:22:21,229 [main] INFO  impl.RoleInfo (RoleInfo.java:shutdownLeaderState(104)) - 4b28f000-a8b5-4c6a-8a19-100693708a3e: shutdown LeaderState
2019-09-05 09:22:21,232 [ForkJoinPool.commonPool-worker-0] INFO  server.GrpcService (GrpcService.java:closeImpl(155)) - 07be2058-8bf0-4303-a72a-c3b15076ab0b: shutdown server with port 45326 now
2019-09-05 09:22:21,233 [main] INFO  impl.PendingRequests (PendingRequests.java:sendNotLeaderResponses(202)) - 4b28f000-a8b5-4c6a-8a19-100693708a3e-PendingRequests: sendNotLeaderResponses
2019-09-05 09:22:21,233 [main] INFO  impl.StateMachineUpdater (StateMachineUpdater.java:stopAndJoin(115)) - StateMachineUpdater:4b28f000-a8b5-4c6a-8a19-100693708a3e:group-E3993E31E87A: set stopIndex = 0
2019-09-05 09:22:21,234 [grpc-default-executor-4] WARN  server.GrpcLogAppender (LogUtils.java:warn(134)) - a4e26f5e-71d2-4796-80a4-c2297629d93f->07be2058-8bf0-4303-a72a-c3b15076ab0b: Failed appendEntries: org.apache.ratis.thirdparty.io.grpc.StatusRuntimeException: CANCELLED: HTTP/2 error code: CANCEL
Received Rst Stream
2019-09-05 09:22:21,234 [ForkJoinPool.commonPool-worker-0] INFO  server.GrpcService (GrpcService.java:closeImpl(163)) - 07be2058-8bf0-4303-a72a-c3b15076ab0b: shutdown server with port 45326 successfully
2019-09-05 09:22:21,234 [grpc-default-executor-6] WARN  server.GrpcServerProtocolService (LogUtils.java:warn(134)) - 07be2058-8bf0-4303-a72a-c3b15076ab0b: appendEntries onError: org.apache.ratis.thirdparty.io.grpc.StatusRuntimeException: CANCELLED: cancelled before receiving half close
2019-09-05 09:22:21,234 [grpc-default-executor-4] INFO  impl.FollowerInfo (FollowerInfo.java:lambda$new$0(50)) - a4e26f5e-71d2-4796-80a4-c2297629d93f->07be2058-8bf0-4303-a72a-c3b15076ab0b: nextIndex: updateUnconditionally 17 -> 16
2019-09-05 09:22:21,234 [main] INFO  impl.RaftServerImpl (ServerState.java:close(394)) - 4b28f000-a8b5-4c6a-8a19-100693708a3e:group-E3993E31E87A closes. The last applied log index is 0
2019-09-05 09:22:21,235 [4b28f000-a8b5-4c6a-8a19-100693708a3e-SegmentedRaftLogWorker:Storage Directory /workdir/hadoop-ozone/integration-test/target/test-dir/MiniOzoneClusterImpl-b9007246-1341-44ba-8eb7-22f06fb20b9c/datanode-4/data/ratis/a2793707-3d34-4f6c-a51b-e3993e31e87a] INFO  segmented.SegmentedRaftLogWorker (SegmentedRaftLogWorker.java:run(313)) - 4b28f000-a8b5-4c6a-8a19-100693708a3e-SegmentedRaftLogWorker:Storage Directory /workdir/hadoop-ozone/integration-test/target/test-dir/MiniOzoneClusterImpl-b9007246-1341-44ba-8eb7-22f06fb20b9c/datanode-4/data/ratis/a2793707-3d34-4f6c-a51b-e3993e31e87a was interrupted, exiting. There are 0 tasks remaining in the queue.
2019-09-05 09:22:21,238 [main] INFO  segmented.SegmentedRaftLogWorker (SegmentedRaftLogWorker.java:close(228)) - 4b28f000-a8b5-4c6a-8a19-100693708a3e-SegmentedRaftLogWorker:Storage Directory /workdir/hadoop-ozone/integration-test/target/test-dir/MiniOzoneClusterImpl-b9007246-1341-44ba-8eb7-22f06fb20b9c/datanode-4/data/ratis/a2793707-3d34-4f6c-a51b-e3993e31e87a close()
2019-09-05 09:22:21,242 [main] INFO  server.GrpcService (GrpcService.java:closeImpl(155)) - 4b28f000-a8b5-4c6a-8a19-100693708a3e: shutdown server with port 34429 now
2019-09-05 09:22:21,243 [grpc-default-executor-6] WARN  server.GrpcServerProtocolService (LogUtils.java:warn(134)) - 4b28f000-a8b5-4c6a-8a19-100693708a3e: appendEntries onError: org.apache.ratis.thirdparty.io.grpc.StatusRuntimeException: CANCELLED: cancelled before receiving half close
2019-09-05 09:22:21,243 [main] INFO  server.GrpcService (GrpcService.java:closeImpl(163)) - 4b28f000-a8b5-4c6a-8a19-100693708a3e: shutdown server with port 34429 successfully
2019-09-05 09:22:21,243 [ForkJoinPool.commonPool-worker-0] INFO  utils.BackgroundService (BackgroundService.java:shutdown(148)) - Shutting down service BlockDeletingService
2019-09-05 09:22:21,244 [grpc-default-executor-4] WARN  server.GrpcLogAppender (LogUtils.java:warn(134)) - a3cbdde1-725c-4ca4-8d7a-a782c47315d1->4b28f000-a8b5-4c6a-8a19-100693708a3e: Failed appendEntries: org.apache.ratis.thirdparty.io.grpc.StatusRuntimeException: CANCELLED: HTTP/2 error code: CANCEL
Received Rst Stream
2019-09-05 09:22:21,245 [grpc-default-executor-4] INFO  impl.FollowerInfo (FollowerInfo.java:lambda$new$0(50)) - a3cbdde1-725c-4ca4-8d7a-a782c47315d1->4b28f000-a8b5-4c6a-8a19-100693708a3e: nextIndex: updateUnconditionally 18 -> 17
2019-09-05 09:22:21,245 [refreshUsed-/workdir/hadoop-ozone/integration-test/target/test-dir/MiniOzoneClusterImpl-b9007246-1341-44ba-8eb7-22f06fb20b9c/datanode-1/data/containers] WARN  fs.CachingGetSpaceUsed (CachingGetSpaceUsed.java:run(183)) - Thread Interrupted waiting to refresh disk information: sleep interrupted
2019-09-05 09:22:21,246 [main] INFO  utils.BackgroundService (BackgroundService.java:shutdown(148)) - Shutting down service BlockDeletingService
2019-09-05 09:22:21,250 [refreshUsed-/workdir/hadoop-ozone/integration-test/target/test-dir/MiniOzoneClusterImpl-b9007246-1341-44ba-8eb7-22f06fb20b9c/datanode-4/data/containers] WARN  fs.CachingGetSpaceUsed (CachingGetSpaceUsed.java:run(183)) - Thread Interrupted waiting to refresh disk information: sleep interrupted
2019-09-05 09:22:21,271 [main] INFO  statemachine.DatanodeStateMachine (DatanodeStateMachine.java:stopDaemon(395)) - Ozone container server stopped.
2019-09-05 09:22:21,275 [ForkJoinPool.commonPool-worker-0] INFO  statemachine.DatanodeStateMachine (DatanodeStateMachine.java:stopDaemon(395)) - Ozone container server stopped.
2019-09-05 09:22:21,650 | INFO  | SCMAudit | user=jenkins1000 | ip=192.168.69.66 | op=SEND_HEARTBEAT {datanodeUUID=a3cbdde1-725c-4ca4-8d7a-a782c47315d1, command=[]} | ret=SUCCESS |  
2019-09-05 09:22:21,780 | INFO  | SCMAudit | user=jenkins1000 | ip=192.168.69.66 | op=SEND_HEARTBEAT {datanodeUUID=a4e26f5e-71d2-4796-80a4-c2297629d93f, command=[commandType: closeContainerCommand closeContainerCommandProto { containerID: 2 pipelineID { id: "c4074c19-c9a1-482a-9745-d2ef0fd8e838" } cmdId: 2 force: false } ]} | ret=SUCCESS |  
2019-09-05 09:22:21,780 | INFO  | SCMAudit | user=jenkins1000 | ip=192.168.69.66 | op=SEND_HEARTBEAT {datanodeUUID=6f14a04a-44e3-4557-80c9-ddee849029a0, command=[commandType: closeContainerCommand closeContainerCommandProto { containerID: 2 pipelineID { id: "c4074c19-c9a1-482a-9745-d2ef0fd8e838" } cmdId: 2 force: false } ]} | ret=SUCCESS |  
2019-09-05 09:22:22,192 | INFO  | SCMAudit | user=jenkins1000 | ip=192.168.69.66 | op=SEND_HEARTBEAT {datanodeUUID=24fa834e-354b-4f91-9ef9-44eeb31eb01b, command=[]} | ret=SUCCESS |  
2019-09-05 09:22:22,310 [grpc-default-executor-9] WARN  server.GrpcLogAppender (LogUtils.java:warn(134)) - a3cbdde1-725c-4ca4-8d7a-a782c47315d1->b2a92dac-af4e-4db5-a88e-fdb3e4195e5b: Failed appendEntries: org.apache.ratis.thirdparty.io.grpc.StatusRuntimeException: UNAVAILABLE: io exception
2019-09-05 09:22:22,310 [grpc-default-executor-10] WARN  server.GrpcLogAppender (LogUtils.java:warn(134)) - a3cbdde1-725c-4ca4-8d7a-a782c47315d1->4b28f000-a8b5-4c6a-8a19-100693708a3e: Failed appendEntries: org.apache.ratis.thirdparty.io.grpc.StatusRuntimeException: UNAVAILABLE: io exception
2019-09-05 09:22:22,311 [grpc-default-executor-9] INFO  impl.FollowerInfo (FollowerInfo.java:lambda$new$0(50)) - a3cbdde1-725c-4ca4-8d7a-a782c47315d1->b2a92dac-af4e-4db5-a88e-fdb3e4195e5b: nextIndex: updateUnconditionally 0 -> 0
2019-09-05 09:22:22,311 [grpc-default-executor-10] INFO  impl.FollowerInfo (FollowerInfo.java:lambda$new$0(50)) - a3cbdde1-725c-4ca4-8d7a-a782c47315d1->4b28f000-a8b5-4c6a-8a19-100693708a3e: nextIndex: updateUnconditionally 17 -> 16
2019-09-05 09:22:22,650 | INFO  | SCMAudit | user=jenkins1000 | ip=192.168.69.66 | op=SEND_HEARTBEAT {datanodeUUID=a3cbdde1-725c-4ca4-8d7a-a782c47315d1, command=[]} | ret=SUCCESS |  
2019-09-05 09:22:22,780 | INFO  | SCMAudit | user=jenkins1000 | ip=192.168.69.66 | op=SEND_HEARTBEAT {datanodeUUID=6f14a04a-44e3-4557-80c9-ddee849029a0, command=[]} | ret=SUCCESS |  
2019-09-05 09:22:22,780 | INFO  | SCMAudit | user=jenkins1000 | ip=192.168.69.66 | op=SEND_HEARTBEAT {datanodeUUID=a4e26f5e-71d2-4796-80a4-c2297629d93f, command=[]} | ret=SUCCESS |  
2019-09-05 09:22:23,192 | INFO  | SCMAudit | user=jenkins1000 | ip=192.168.69.66 | op=SEND_HEARTBEAT {datanodeUUID=24fa834e-354b-4f91-9ef9-44eeb31eb01b, command=[]} | ret=SUCCESS |  
2019-09-05 09:22:23,437 [main] INFO  handler.ContextHandler (ContextHandler.java:doStop(910)) - Stopped o.e.j.w.WebAppContext@19984625{/,null,UNAVAILABLE}{/hddsDatanode}
2019-09-05 09:22:23,437 [ForkJoinPool.commonPool-worker-0] INFO  handler.ContextHandler (ContextHandler.java:doStop(910)) - Stopped o.e.j.w.WebAppContext@3c5d183{/,null,UNAVAILABLE}{/hddsDatanode}
2019-09-05 09:22:23,438 [main] INFO  server.AbstractConnector (AbstractConnector.java:doStop(318)) - Stopped ServerConnector@4e293c35{HTTP/1.1,[http/1.1]}{0.0.0.0:0}
2019-09-05 09:22:23,438 [ForkJoinPool.commonPool-worker-0] INFO  server.AbstractConnector (AbstractConnector.java:doStop(318)) - Stopped ServerConnector@471b7c9c{HTTP/1.1,[http/1.1]}{0.0.0.0:0}
2019-09-05 09:22:23,438 [main] INFO  handler.ContextHandler (ContextHandler.java:doStop(910)) - Stopped o.e.j.s.ServletContextHandler@ab5f1d5{/static,jar:file:/home/user/.m2/repository/org/apache/hadoop/hadoop-hdds-container-service/0.5.0-SNAPSHOT/hadoop-hdds-container-service-0.5.0-SNAPSHOT.jar!/webapps/static,UNAVAILABLE}
2019-09-05 09:22:23,440 [ForkJoinPool.commonPool-worker-0] INFO  handler.ContextHandler (ContextHandler.java:doStop(910)) - Stopped o.e.j.s.ServletContextHandler@179e8859{/static,jar:file:/home/user/.m2/repository/org/apache/hadoop/hadoop-hdds-container-service/0.5.0-SNAPSHOT/hadoop-hdds-container-service-0.5.0-SNAPSHOT.jar!/webapps/static,UNAVAILABLE}
2019-09-05 09:22:23,440 [main] INFO  handler.ContextHandler (ContextHandler.java:doStop(910)) - Stopped o.e.j.s.ServletContextHandler@35fd987b{/logs,file:///workdir/hadoop-ozone/integration-test/target/log,UNAVAILABLE}
2019-09-05 09:22:23,442 [ForkJoinPool.commonPool-worker-0] INFO  handler.ContextHandler (ContextHandler.java:doStop(910)) - Stopped o.e.j.s.ServletContextHandler@58c48a23{/logs,file:///workdir/hadoop-ozone/integration-test/target/log,UNAVAILABLE}
2019-09-05 09:22:23,443 [main] INFO  datanode.ObjectStoreHandler (ObjectStoreHandler.java:close(155)) - Closing ObjectStoreHandler.
2019-09-05 09:22:23,444 [ForkJoinPool.commonPool-worker-0] INFO  datanode.ObjectStoreHandler (ObjectStoreHandler.java:close(155)) - Closing ObjectStoreHandler.
2019-09-05 09:22:23,444 [ForkJoinPool.commonPool-worker-0] INFO  ozone.HddsDatanodeService (HddsDatanodeService.java:stop(451)) - Stopped plug-in org.apache.hadoop.ozone.web.OzoneHddsDatanodeService@5d87c8af
2019-09-05 09:22:23,444 [main] INFO  ozone.HddsDatanodeService (HddsDatanodeService.java:stop(451)) - Stopped plug-in org.apache.hadoop.ozone.web.OzoneHddsDatanodeService@a05727b
2019-09-05 09:22:23,639 [grpc-default-executor-7] WARN  server.GrpcLogAppender (LogUtils.java:warn(134)) - a4e26f5e-71d2-4796-80a4-c2297629d93f->07be2058-8bf0-4303-a72a-c3b15076ab0b: Failed appendEntries: org.apache.ratis.thirdparty.io.grpc.StatusRuntimeException: UNAVAILABLE: io exception
2019-09-05 09:22:23,640 [grpc-default-executor-7] INFO  impl.FollowerInfo (FollowerInfo.java:lambda$new$0(50)) - a4e26f5e-71d2-4796-80a4-c2297629d93f->07be2058-8bf0-4303-a72a-c3b15076ab0b: nextIndex: updateUnconditionally 16 -> 15
2019-09-05 09:22:23,650 [Datanode State Machine Thread - 0] INFO  statemachine.DatanodeStateMachine (DatanodeStateMachine.java:lambda$startDaemon$0(350)) - Ozone container server started.
2019-09-05 09:22:23,780 [Datanode State Machine Thread - 0] INFO  statemachine.DatanodeStateMachine (DatanodeStateMachine.java:lambda$startDaemon$0(350)) - Ozone container server started.
2019-09-05 09:22:23,780 | INFO  | SCMAudit | user=jenkins1000 | ip=192.168.69.66 | op=SEND_HEARTBEAT {datanodeUUID=6f14a04a-44e3-4557-80c9-ddee849029a0, command=[]} | ret=SUCCESS |  
2019-09-05 09:22:23,805 | INFO  | SCMAudit | user=jenkins1000 | ip=192.168.69.66 | op=SEND_HEARTBEAT {datanodeUUID=6f14a04a-44e3-4557-80c9-ddee849029a0, command=[]} | ret=SUCCESS |  
2019-09-05 09:22:24,192 | INFO  | SCMAudit | user=jenkins1000 | ip=192.168.69.66 | op=SEND_HEARTBEAT {datanodeUUID=24fa834e-354b-4f91-9ef9-44eeb31eb01b, command=[]} | ret=SUCCESS |  
2019-09-05 09:22:24,804 | INFO  | SCMAudit | user=jenkins1000 | ip=192.168.69.66 | op=SEND_HEARTBEAT {datanodeUUID=6f14a04a-44e3-4557-80c9-ddee849029a0, command=[]} | ret=SUCCESS |  
2019-09-05 09:22:24,810 [grpc-default-executor-7] WARN  server.GrpcLogAppender (LogUtils.java:warn(134)) - a3cbdde1-725c-4ca4-8d7a-a782c47315d1->b2a92dac-af4e-4db5-a88e-fdb3e4195e5b: Failed appendEntries: org.apache.ratis.thirdparty.io.grpc.StatusRuntimeException: UNAVAILABLE: io exception
2019-09-05 09:22:24,810 [grpc-default-executor-9] WARN  server.GrpcLogAppender (LogUtils.java:warn(134)) - a3cbdde1-725c-4ca4-8d7a-a782c47315d1->4b28f000-a8b5-4c6a-8a19-100693708a3e: Failed appendEntries: org.apache.ratis.thirdparty.io.grpc.StatusRuntimeException: UNAVAILABLE: io exception
2019-09-05 09:22:24,811 [grpc-default-executor-7] INFO  impl.FollowerInfo (FollowerInfo.java:lambda$new$0(50)) - a3cbdde1-725c-4ca4-8d7a-a782c47315d1->b2a92dac-af4e-4db5-a88e-fdb3e4195e5b: nextIndex: updateUnconditionally 0 -> 0
2019-09-05 09:22:24,811 [grpc-default-executor-9] INFO  impl.FollowerInfo (FollowerInfo.java:lambda$new$0(50)) - a3cbdde1-725c-4ca4-8d7a-a782c47315d1->4b28f000-a8b5-4c6a-8a19-100693708a3e: nextIndex: updateUnconditionally 16 -> 15
2019-09-05 09:22:25,192 | INFO  | SCMAudit | user=jenkins1000 | ip=192.168.69.66 | op=SEND_HEARTBEAT {datanodeUUID=24fa834e-354b-4f91-9ef9-44eeb31eb01b, command=[]} | ret=SUCCESS |  
2019-09-05 09:22:25,804 | INFO  | SCMAudit | user=jenkins1000 | ip=192.168.69.66 | op=SEND_HEARTBEAT {datanodeUUID=6f14a04a-44e3-4557-80c9-ddee849029a0, command=[]} | ret=SUCCESS |  
2019-09-05 09:22:26,140 [grpc-default-executor-9] WARN  server.GrpcLogAppender (LogUtils.java:warn(134)) - a4e26f5e-71d2-4796-80a4-c2297629d93f->07be2058-8bf0-4303-a72a-c3b15076ab0b: Failed appendEntries: org.apache.ratis.thirdparty.io.grpc.StatusRuntimeException: UNAVAILABLE: io exception
2019-09-05 09:22:26,140 [grpc-default-executor-9] INFO  impl.FollowerInfo (FollowerInfo.java:lambda$new$0(50)) - a4e26f5e-71d2-4796-80a4-c2297629d93f->07be2058-8bf0-4303-a72a-c3b15076ab0b: nextIndex: updateUnconditionally 15 -> 14
2019-09-05 09:22:26,192 | INFO  | SCMAudit | user=jenkins1000 | ip=192.168.69.66 | op=SEND_HEARTBEAT {datanodeUUID=24fa834e-354b-4f91-9ef9-44eeb31eb01b, command=[]} | ret=SUCCESS |  
2019-09-05 09:22:26,804 | INFO  | SCMAudit | user=jenkins1000 | ip=192.168.69.66 | op=SEND_HEARTBEAT {datanodeUUID=6f14a04a-44e3-4557-80c9-ddee849029a0, command=[]} | ret=SUCCESS |  
2019-09-05 09:22:27,193 | INFO  | SCMAudit | user=jenkins1000 | ip=192.168.69.66 | op=SEND_HEARTBEAT {datanodeUUID=24fa834e-354b-4f91-9ef9-44eeb31eb01b, command=[]} | ret=SUCCESS |  
2019-09-05 09:22:27,311 [grpc-default-executor-7] WARN  server.GrpcLogAppender (LogUtils.java:warn(134)) - a3cbdde1-725c-4ca4-8d7a-a782c47315d1->4b28f000-a8b5-4c6a-8a19-100693708a3e: Failed appendEntries: org.apache.ratis.thirdparty.io.grpc.StatusRuntimeException: UNAVAILABLE: io exception
2019-09-05 09:22:27,311 [grpc-default-executor-9] WARN  server.GrpcLogAppender (LogUtils.java:warn(134)) - a3cbdde1-725c-4ca4-8d7a-a782c47315d1->b2a92dac-af4e-4db5-a88e-fdb3e4195e5b: Failed appendEntries: org.apache.ratis.thirdparty.io.grpc.StatusRuntimeException: UNAVAILABLE: io exception
2019-09-05 09:22:27,311 [grpc-default-executor-7] INFO  impl.FollowerInfo (FollowerInfo.java:lambda$new$0(50)) - a3cbdde1-725c-4ca4-8d7a-a782c47315d1->4b28f000-a8b5-4c6a-8a19-100693708a3e: nextIndex: updateUnconditionally 15 -> 14
2019-09-05 09:22:27,311 [grpc-default-executor-9] INFO  impl.FollowerInfo (FollowerInfo.java:lambda$new$0(50)) - a3cbdde1-725c-4ca4-8d7a-a782c47315d1->b2a92dac-af4e-4db5-a88e-fdb3e4195e5b: nextIndex: updateUnconditionally 0 -> 0
2019-09-05 09:22:27,727 [EventQueue-StaleNodeForStaleNodeHandler] INFO  node.StaleNodeHandler (StaleNodeHandler.java:onMessage(58)) - Datanode a3cbdde1-725c-4ca4-8d7a-a782c47315d1{ip: 192.168.69.66, host: pr-hdds-1571-bldfb-3674279559, networkLocation: /default-rack, certSerialId: null} moved to stale state. Finalizing its pipelines [PipelineID=0820d340-4766-4abd-9305-cc4594b06f2d, PipelineID=9c326d90-2798-4275-bb30-c62afdfbbc30]
2019-09-05 09:22:27,727 [EventQueue-StaleNodeForStaleNodeHandler] INFO  pipeline.SCMPipelineManager (SCMPipelineManager.java:finalizeAndDestroyPipeline(309)) - destroying pipeline:Pipeline[ Id: 0820d340-4766-4abd-9305-cc4594b06f2d, Nodes: a3cbdde1-725c-4ca4-8d7a-a782c47315d1{ip: 192.168.69.66, host: pr-hdds-1571-bldfb-3674279559, networkLocation: /default-rack, certSerialId: null}, Type:RATIS, Factor:ONE, State:OPEN]
2019-09-05 09:22:27,727 [EventQueue-StaleNodeForStaleNodeHandler] INFO  pipeline.PipelineStateManager (PipelineStateManager.java:finalizePipeline(123)) - Pipeline Pipeline[ Id: 0820d340-4766-4abd-9305-cc4594b06f2d, Nodes: a3cbdde1-725c-4ca4-8d7a-a782c47315d1{ip: 192.168.69.66, host: pr-hdds-1571-bldfb-3674279559, networkLocation: /default-rack, certSerialId: null}, Type:RATIS, Factor:ONE, State:CLOSED] moved to CLOSED state
2019-09-05 09:22:27,728 [EventQueue-StaleNodeForStaleNodeHandler] INFO  pipeline.SCMPipelineManager (SCMPipelineManager.java:finalizeAndDestroyPipeline(309)) - destroying pipeline:Pipeline[ Id: 9c326d90-2798-4275-bb30-c62afdfbbc30, Nodes: b2a92dac-af4e-4db5-a88e-fdb3e4195e5b{ip: 192.168.69.66, host: pr-hdds-1571-bldfb-3674279559, networkLocation: /default-rack, certSerialId: null}4b28f000-a8b5-4c6a-8a19-100693708a3e{ip: 192.168.69.66, host: pr-hdds-1571-bldfb-3674279559, networkLocation: /default-rack, certSerialId: null}a3cbdde1-725c-4ca4-8d7a-a782c47315d1{ip: 192.168.69.66, host: pr-hdds-1571-bldfb-3674279559, networkLocation: /default-rack, certSerialId: null}, Type:RATIS, Factor:THREE, State:CLOSED]
2019-09-05 09:22:27,804 | INFO  | SCMAudit | user=jenkins1000 | ip=192.168.69.66 | op=SEND_HEARTBEAT {datanodeUUID=6f14a04a-44e3-4557-80c9-ddee849029a0, command=[]} | ret=SUCCESS |  
2019-09-05 09:22:27,827 [EventQueue-StaleNodeForStaleNodeHandler] INFO  node.StaleNodeHandler (StaleNodeHandler.java:onMessage(58)) - Datanode a4e26f5e-71d2-4796-80a4-c2297629d93f{ip: 192.168.69.66, host: pr-hdds-1571-bldfb-3674279559, networkLocation: /default-rack, certSerialId: null} moved to stale state. Finalizing its pipelines [PipelineID=c7d7e988-4c5c-485e-a4ed-6b302d767db6, PipelineID=c4074c19-c9a1-482a-9745-d2ef0fd8e838]
2019-09-05 09:22:27,827 [EventQueue-StaleNodeForStaleNodeHandler] INFO  pipeline.SCMPipelineManager (SCMPipelineManager.java:finalizeAndDestroyPipeline(309)) - destroying pipeline:Pipeline[ Id: c7d7e988-4c5c-485e-a4ed-6b302d767db6, Nodes: a4e26f5e-71d2-4796-80a4-c2297629d93f{ip: 192.168.69.66, host: pr-hdds-1571-bldfb-3674279559, networkLocation: /default-rack, certSerialId: null}, Type:RATIS, Factor:ONE, State:OPEN]
2019-09-05 09:22:27,827 [EventQueue-StaleNodeForStaleNodeHandler] INFO  pipeline.PipelineStateManager (PipelineStateManager.java:finalizePipeline(123)) - Pipeline Pipeline[ Id: c7d7e988-4c5c-485e-a4ed-6b302d767db6, Nodes: a4e26f5e-71d2-4796-80a4-c2297629d93f{ip: 192.168.69.66, host: pr-hdds-1571-bldfb-3674279559, networkLocation: /default-rack, certSerialId: null}, Type:RATIS, Factor:ONE, State:CLOSED] moved to CLOSED state
2019-09-05 09:22:27,828 [EventQueue-StaleNodeForStaleNodeHandler] INFO  pipeline.SCMPipelineManager (SCMPipelineManager.java:finalizeAndDestroyPipeline(309)) - destroying pipeline:Pipeline[ Id: c4074c19-c9a1-482a-9745-d2ef0fd8e838, Nodes: 07be2058-8bf0-4303-a72a-c3b15076ab0b{ip: 192.168.69.66, host: pr-hdds-1571-bldfb-3674279559, networkLocation: /default-rack, certSerialId: null}a4e26f5e-71d2-4796-80a4-c2297629d93f{ip: 192.168.69.66, host: pr-hdds-1571-bldfb-3674279559, networkLocation: /default-rack, certSerialId: null}6f14a04a-44e3-4557-80c9-ddee849029a0{ip: 192.168.69.66, host: pr-hdds-1571-bldfb-3674279559, networkLocation: /default-rack, certSerialId: null}, Type:RATIS, Factor:THREE, State:CLOSED]
2019-09-05 09:22:28,192 | INFO  | SCMAudit | user=jenkins1000 | ip=192.168.69.66 | op=SEND_HEARTBEAT {datanodeUUID=24fa834e-354b-4f91-9ef9-44eeb31eb01b, command=[]} | ret=SUCCESS |  
2019-09-05 09:22:28,445 [ForkJoinPool.commonPool-worker-0] INFO  ozoneimpl.OzoneContainer (OzoneContainer.java:stop(199)) - Attempting to stop container services.
2019-09-05 09:22:28,445 [ForkJoinPool.commonPool-worker-0] INFO  impl.RaftServerProxy (RaftServerProxy.java:lambda$close$4(314)) - a4e26f5e-71d2-4796-80a4-c2297629d93f: close
2019-09-05 09:22:28,445 [main] INFO  ozoneimpl.OzoneContainer (OzoneContainer.java:stop(199)) - Attempting to stop container services.
2019-09-05 09:22:28,446 [ForkJoinPool.commonPool-worker-0] INFO  impl.RaftServerImpl (RaftServerImpl.java:lambda$shutdown$3(245)) - a4e26f5e-71d2-4796-80a4-c2297629d93f: shutdown group-6B302D767DB6
2019-09-05 09:22:28,446 [main] INFO  impl.RaftServerProxy (RaftServerProxy.java:lambda$close$4(314)) - a3cbdde1-725c-4ca4-8d7a-a782c47315d1: close
2019-09-05 09:22:28,446 [ForkJoinPool.commonPool-worker-0] INFO  util.JmxRegister (JmxRegister.java:unregister(73)) - Successfully un-registered JMX Bean with object name Ratis:service=RaftServer,group=group-6B302D767DB6,id=a4e26f5e-71d2-4796-80a4-c2297629d93f
2019-09-05 09:22:28,447 [main] INFO  impl.RaftServerImpl (RaftServerImpl.java:lambda$shutdown$3(245)) - a3cbdde1-725c-4ca4-8d7a-a782c47315d1: shutdown group-CC4594B06F2D
2019-09-05 09:22:28,447 [ForkJoinPool.commonPool-worker-0] INFO  impl.RoleInfo (RoleInfo.java:shutdownLeaderState(104)) - a4e26f5e-71d2-4796-80a4-c2297629d93f: shutdown LeaderState
2019-09-05 09:22:28,447 [main] INFO  util.JmxRegister (JmxRegister.java:unregister(73)) - Successfully un-registered JMX Bean with object name Ratis:service=RaftServer,group=group-CC4594B06F2D,id=a3cbdde1-725c-4ca4-8d7a-a782c47315d1
2019-09-05 09:22:28,448 [ForkJoinPool.commonPool-worker-0] INFO  impl.PendingRequests (PendingRequests.java:sendNotLeaderResponses(202)) - a4e26f5e-71d2-4796-80a4-c2297629d93f-PendingRequests: sendNotLeaderResponses
2019-09-05 09:22:28,448 [main] INFO  impl.RoleInfo (RoleInfo.java:shutdownLeaderState(104)) - a3cbdde1-725c-4ca4-8d7a-a782c47315d1: shutdown LeaderState
2019-09-05 09:22:28,448 [ForkJoinPool.commonPool-worker-0] INFO  impl.StateMachineUpdater (StateMachineUpdater.java:stopAndJoin(115)) - StateMachineUpdater:a4e26f5e-71d2-4796-80a4-c2297629d93f:group-6B302D767DB6: set stopIndex = 0
2019-09-05 09:22:28,448 [main] INFO  impl.PendingRequests (PendingRequests.java:sendNotLeaderResponses(202)) - a3cbdde1-725c-4ca4-8d7a-a782c47315d1-PendingRequests: sendNotLeaderResponses
2019-09-05 09:22:28,449 [ForkJoinPool.commonPool-worker-0] INFO  impl.RaftServerImpl (ServerState.java:close(394)) - a4e26f5e-71d2-4796-80a4-c2297629d93f:group-6B302D767DB6 closes. The last applied log index is 0
2019-09-05 09:22:28,449 [main] INFO  impl.StateMachineUpdater (StateMachineUpdater.java:stopAndJoin(115)) - StateMachineUpdater:a3cbdde1-725c-4ca4-8d7a-a782c47315d1:group-CC4594B06F2D: set stopIndex = 0
2019-09-05 09:22:28,449 [a4e26f5e-71d2-4796-80a4-c2297629d93f-SegmentedRaftLogWorker:Storage Directory /workdir/hadoop-ozone/integration-test/target/test-dir/MiniOzoneClusterImpl-b9007246-1341-44ba-8eb7-22f06fb20b9c/datanode-2/data/ratis/c7d7e988-4c5c-485e-a4ed-6b302d767db6] INFO  segmented.SegmentedRaftLogWorker (SegmentedRaftLogWorker.java:run(313)) - a4e26f5e-71d2-4796-80a4-c2297629d93f-SegmentedRaftLogWorker:Storage Directory /workdir/hadoop-ozone/integration-test/target/test-dir/MiniOzoneClusterImpl-b9007246-1341-44ba-8eb7-22f06fb20b9c/datanode-2/data/ratis/c7d7e988-4c5c-485e-a4ed-6b302d767db6 was interrupted, exiting. There are 0 tasks remaining in the queue.
2019-09-05 09:22:28,449 [main] INFO  impl.RaftServerImpl (ServerState.java:close(394)) - a3cbdde1-725c-4ca4-8d7a-a782c47315d1:group-CC4594B06F2D closes. The last applied log index is 0
2019-09-05 09:22:28,452 [ForkJoinPool.commonPool-worker-0] INFO  segmented.SegmentedRaftLogWorker (SegmentedRaftLogWorker.java:close(228)) - a4e26f5e-71d2-4796-80a4-c2297629d93f-SegmentedRaftLogWorker:Storage Directory /workdir/hadoop-ozone/integration-test/target/test-dir/MiniOzoneClusterImpl-b9007246-1341-44ba-8eb7-22f06fb20b9c/datanode-2/data/ratis/c7d7e988-4c5c-485e-a4ed-6b302d767db6 close()
2019-09-05 09:22:28,452 [a3cbdde1-725c-4ca4-8d7a-a782c47315d1-SegmentedRaftLogWorker:Storage Directory /workdir/hadoop-ozone/integration-test/target/test-dir/MiniOzoneClusterImpl-b9007246-1341-44ba-8eb7-22f06fb20b9c/datanode-3/data/ratis/0820d340-4766-4abd-9305-cc4594b06f2d] INFO  segmented.SegmentedRaftLogWorker (SegmentedRaftLogWorker.java:run(313)) - a3cbdde1-725c-4ca4-8d7a-a782c47315d1-SegmentedRaftLogWorker:Storage Directory /workdir/hadoop-ozone/integration-test/target/test-dir/MiniOzoneClusterImpl-b9007246-1341-44ba-8eb7-22f06fb20b9c/datanode-3/data/ratis/0820d340-4766-4abd-9305-cc4594b06f2d was interrupted, exiting. There are 0 tasks remaining in the queue.
2019-09-05 09:22:28,456 [ForkJoinPool.commonPool-worker-0] INFO  impl.RaftServerImpl (RaftServerImpl.java:lambda$shutdown$3(245)) - a4e26f5e-71d2-4796-80a4-c2297629d93f: shutdown group-D2EF0FD8E838
2019-09-05 09:22:28,457 [main] INFO  segmented.SegmentedRaftLogWorker (SegmentedRaftLogWorker.java:close(228)) - a3cbdde1-725c-4ca4-8d7a-a782c47315d1-SegmentedRaftLogWorker:Storage Directory /workdir/hadoop-ozone/integration-test/target/test-dir/MiniOzoneClusterImpl-b9007246-1341-44ba-8eb7-22f06fb20b9c/datanode-3/data/ratis/0820d340-4766-4abd-9305-cc4594b06f2d close()
2019-09-05 09:22:28,457 [ForkJoinPool.commonPool-worker-0] INFO  util.JmxRegister (JmxRegister.java:unregister(73)) - Successfully un-registered JMX Bean with object name Ratis:service=RaftServer,group=group-D2EF0FD8E838,id=a4e26f5e-71d2-4796-80a4-c2297629d93f
2019-09-05 09:22:28,461 [main] INFO  impl.RaftServerImpl (RaftServerImpl.java:lambda$shutdown$3(245)) - a3cbdde1-725c-4ca4-8d7a-a782c47315d1: shutdown group-C62AFDFBBC30
2019-09-05 09:22:28,461 [ForkJoinPool.commonPool-worker-0] INFO  impl.RoleInfo (RoleInfo.java:shutdownLeaderState(104)) - a4e26f5e-71d2-4796-80a4-c2297629d93f: shutdown LeaderState
2019-09-05 09:22:28,461 [main] INFO  util.JmxRegister (JmxRegister.java:unregister(73)) - Successfully un-registered JMX Bean with object name Ratis:service=RaftServer,group=group-C62AFDFBBC30,id=a3cbdde1-725c-4ca4-8d7a-a782c47315d1
2019-09-05 09:22:28,464 [org.apache.ratis.server.impl.LogAppender$AppenderDaemon$$Lambda$481/1773278204@7e27118e] WARN  server.GrpcLogAppender (GrpcLogAppender.java:mayWait(143)) - GrpcLogAppender(a4e26f5e-71d2-4796-80a4-c2297629d93f->07be2058-8bf0-4303-a72a-c3b15076ab0b): Wait interrupted by java.lang.InterruptedException
2019-09-05 09:22:28,464 [org.apache.ratis.server.impl.LogAppender$AppenderDaemon$$Lambda$481/1773278204@3b25888e] WARN  server.GrpcLogAppender (GrpcLogAppender.java:mayWait(143)) - GrpcLogAppender(a4e26f5e-71d2-4796-80a4-c2297629d93f->6f14a04a-44e3-4557-80c9-ddee849029a0): Wait interrupted by java.lang.InterruptedException
2019-09-05 09:22:28,464 [ForkJoinPool.commonPool-worker-0] INFO  impl.PendingRequests (PendingRequests.java:sendNotLeaderResponses(202)) - a4e26f5e-71d2-4796-80a4-c2297629d93f-PendingRequests: sendNotLeaderResponses
2019-09-05 09:22:28,464 [main] INFO  impl.RoleInfo (RoleInfo.java:shutdownLeaderState(104)) - a3cbdde1-725c-4ca4-8d7a-a782c47315d1: shutdown LeaderState
2019-09-05 09:22:28,468 [StateMachineUpdater:a4e26f5e-71d2-4796-80a4-c2297629d93f:group-D2EF0FD8E838] INFO  ratis.ContainerStateMachine (ContainerStateMachine.java:takeSnapshot(283)) - group-D2EF0FD8E838: Taking a snapshot at:(t:1, i:14) file /workdir/hadoop-ozone/integration-test/target/test-dir/MiniOzoneClusterImpl-b9007246-1341-44ba-8eb7-22f06fb20b9c/datanode-2/data/ratis/c4074c19-c9a1-482a-9745-d2ef0fd8e838/sm/snapshot.1_14
2019-09-05 09:22:28,471 [org.apache.ratis.server.impl.LogAppender$AppenderDaemon$$Lambda$481/1773278204@624415e4] WARN  server.GrpcLogAppender (GrpcLogAppender.java:mayWait(143)) - GrpcLogAppender(a3cbdde1-725c-4ca4-8d7a-a782c47315d1->b2a92dac-af4e-4db5-a88e-fdb3e4195e5b): Wait interrupted by java.lang.InterruptedException
2019-09-05 09:22:28,468 [grpc-default-executor-9] INFO  server.GrpcServerProtocolService (GrpcServerProtocolService.java:onCompleted(104)) - 6f14a04a-44e3-4557-80c9-ddee849029a0: appendEntries completed
2019-09-05 09:22:28,468 [ForkJoinPool.commonPool-worker-0] INFO  impl.StateMachineUpdater (StateMachineUpdater.java:stopAndJoin(115)) - StateMachineUpdater:a4e26f5e-71d2-4796-80a4-c2297629d93f:group-D2EF0FD8E838: set stopIndex = 16
2019-09-05 09:22:28,471 [main] INFO  impl.PendingRequests (PendingRequests.java:sendNotLeaderResponses(202)) - a3cbdde1-725c-4ca4-8d7a-a782c47315d1-PendingRequests: sendNotLeaderResponses
2019-09-05 09:22:28,471 [org.apache.ratis.server.impl.LogAppender$AppenderDaemon$$Lambda$481/1773278204@7346deaf] WARN  server.GrpcLogAppender (GrpcLogAppender.java:mayWait(143)) - GrpcLogAppender(a3cbdde1-725c-4ca4-8d7a-a782c47315d1->4b28f000-a8b5-4c6a-8a19-100693708a3e): Wait interrupted by java.lang.InterruptedException
2019-09-05 09:22:28,472 [grpc-default-executor-9] INFO  server.GrpcLogAppender (GrpcLogAppender.java:onCompleted(292)) - a4e26f5e-71d2-4796-80a4-c2297629d93f->6f14a04a-44e3-4557-80c9-ddee849029a0: follower responses appendEntries COMPLETED
2019-09-05 09:22:28,473 [StateMachineUpdater:a3cbdde1-725c-4ca4-8d7a-a782c47315d1:group-C62AFDFBBC30] INFO  ratis.ContainerStateMachine (ContainerStateMachine.java:takeSnapshot(283)) - group-C62AFDFBBC30: Taking a snapshot at:(t:1, i:13) file /workdir/hadoop-ozone/integration-test/target/test-dir/MiniOzoneClusterImpl-b9007246-1341-44ba-8eb7-22f06fb20b9c/datanode-3/data/ratis/9c326d90-2798-4275-bb30-c62afdfbbc30/sm/snapshot.1_13
2019-09-05 09:22:28,473 [grpc-default-executor-9] INFO  impl.FollowerInfo (FollowerInfo.java:lambda$new$0(50)) - a4e26f5e-71d2-4796-80a4-c2297629d93f->6f14a04a-44e3-4557-80c9-ddee849029a0: nextIndex: updateUnconditionally 17 -> 16
2019-09-05 09:22:28,472 [main] INFO  impl.StateMachineUpdater (StateMachineUpdater.java:stopAndJoin(115)) - StateMachineUpdater:a3cbdde1-725c-4ca4-8d7a-a782c47315d1:group-C62AFDFBBC30: set stopIndex = 17
2019-09-05 09:22:28,493 [StateMachineUpdater:a3cbdde1-725c-4ca4-8d7a-a782c47315d1:group-C62AFDFBBC30] INFO  ratis.ContainerStateMachine (ContainerStateMachine.java:takeSnapshot(294)) - group-C62AFDFBBC30: Finished taking a snapshot at:(t:1, i:13) file:/workdir/hadoop-ozone/integration-test/target/test-dir/MiniOzoneClusterImpl-b9007246-1341-44ba-8eb7-22f06fb20b9c/datanode-3/data/ratis/9c326d90-2798-4275-bb30-c62afdfbbc30/sm/snapshot.1_13 time:21
2019-09-05 09:22:28,493 [StateMachineUpdater:a4e26f5e-71d2-4796-80a4-c2297629d93f:group-D2EF0FD8E838] INFO  ratis.ContainerStateMachine (ContainerStateMachine.java:takeSnapshot(294)) - group-D2EF0FD8E838: Finished taking a snapshot at:(t:1, i:14) file:/workdir/hadoop-ozone/integration-test/target/test-dir/MiniOzoneClusterImpl-b9007246-1341-44ba-8eb7-22f06fb20b9c/datanode-2/data/ratis/c4074c19-c9a1-482a-9745-d2ef0fd8e838/sm/snapshot.1_14 time:25
2019-09-05 09:22:28,493 [StateMachineUpdater:a3cbdde1-725c-4ca4-8d7a-a782c47315d1:group-C62AFDFBBC30] INFO  impl.StateMachineUpdater (StateMachineUpdater.java:takeSnapshot(242)) - StateMachineUpdater:a3cbdde1-725c-4ca4-8d7a-a782c47315d1:group-C62AFDFBBC30: Took a snapshot at index 13
2019-09-05 09:22:28,494 [StateMachineUpdater:a4e26f5e-71d2-4796-80a4-c2297629d93f:group-D2EF0FD8E838] INFO  impl.StateMachineUpdater (StateMachineUpdater.java:takeSnapshot(242)) - StateMachineUpdater:a4e26f5e-71d2-4796-80a4-c2297629d93f:group-D2EF0FD8E838: Took a snapshot at index 14
2019-09-05 09:22:28,494 [StateMachineUpdater:a3cbdde1-725c-4ca4-8d7a-a782c47315d1:group-C62AFDFBBC30] INFO  impl.StateMachineUpdater (StateMachineUpdater.java:lambda$new$0(80)) - StateMachineUpdater:a3cbdde1-725c-4ca4-8d7a-a782c47315d1:group-C62AFDFBBC30: snapshotIndex: updateIncreasingly -1 -> 13
2019-09-05 09:22:28,494 [StateMachineUpdater:a4e26f5e-71d2-4796-80a4-c2297629d93f:group-D2EF0FD8E838] INFO  impl.StateMachineUpdater (StateMachineUpdater.java:lambda$new$0(80)) - StateMachineUpdater:a4e26f5e-71d2-4796-80a4-c2297629d93f:group-D2EF0FD8E838: snapshotIndex: updateIncreasingly -1 -> 14
2019-09-05 09:22:28,494 [main] INFO  impl.RaftServerImpl (ServerState.java:close(394)) - a3cbdde1-725c-4ca4-8d7a-a782c47315d1:group-C62AFDFBBC30 closes. The last applied log index is 17
2019-09-05 09:22:28,494 [ForkJoinPool.commonPool-worker-0] INFO  impl.RaftServerImpl (ServerState.java:close(394)) - a4e26f5e-71d2-4796-80a4-c2297629d93f:group-D2EF0FD8E838 closes. The last applied log index is 16
2019-09-05 09:22:28,495 [a3cbdde1-725c-4ca4-8d7a-a782c47315d1-SegmentedRaftLogWorker:Storage Directory /workdir/hadoop-ozone/integration-test/target/test-dir/MiniOzoneClusterImpl-b9007246-1341-44ba-8eb7-22f06fb20b9c/datanode-3/data/ratis/9c326d90-2798-4275-bb30-c62afdfbbc30] INFO  segmented.SegmentedRaftLogWorker (SegmentedRaftLogWorker.java:run(313)) - a3cbdde1-725c-4ca4-8d7a-a782c47315d1-SegmentedRaftLogWorker:Storage Directory /workdir/hadoop-ozone/integration-test/target/test-dir/MiniOzoneClusterImpl-b9007246-1341-44ba-8eb7-22f06fb20b9c/datanode-3/data/ratis/9c326d90-2798-4275-bb30-c62afdfbbc30 was interrupted, exiting. There are 0 tasks remaining in the queue.
2019-09-05 09:22:28,495 [a4e26f5e-71d2-4796-80a4-c2297629d93f-SegmentedRaftLogWorker:Storage Directory /workdir/hadoop-ozone/integration-test/target/test-dir/MiniOzoneClusterImpl-b9007246-1341-44ba-8eb7-22f06fb20b9c/datanode-2/data/ratis/c4074c19-c9a1-482a-9745-d2ef0fd8e838] INFO  segmented.SegmentedRaftLogWorker (SegmentedRaftLogWorker.java:run(313)) - a4e26f5e-71d2-4796-80a4-c2297629d93f-SegmentedRaftLogWorker:Storage Directory /workdir/hadoop-ozone/integration-test/target/test-dir/MiniOzoneClusterImpl-b9007246-1341-44ba-8eb7-22f06fb20b9c/datanode-2/data/ratis/c4074c19-c9a1-482a-9745-d2ef0fd8e838 was interrupted, exiting. There are 0 tasks remaining in the queue.
2019-09-05 09:22:28,498 [main] INFO  segmented.SegmentedRaftLogWorker (SegmentedRaftLogWorker.java:close(228)) - a3cbdde1-725c-4ca4-8d7a-a782c47315d1-SegmentedRaftLogWorker:Storage Directory /workdir/hadoop-ozone/integration-test/target/test-dir/MiniOzoneClusterImpl-b9007246-1341-44ba-8eb7-22f06fb20b9c/datanode-3/data/ratis/9c326d90-2798-4275-bb30-c62afdfbbc30 close()
2019-09-05 09:22:28,499 [ForkJoinPool.commonPool-worker-0] INFO  segmented.SegmentedRaftLogWorker (SegmentedRaftLogWorker.java:close(228)) - a4e26f5e-71d2-4796-80a4-c2297629d93f-SegmentedRaftLogWorker:Storage Directory /workdir/hadoop-ozone/integration-test/target/test-dir/MiniOzoneClusterImpl-b9007246-1341-44ba-8eb7-22f06fb20b9c/datanode-2/data/ratis/c4074c19-c9a1-482a-9745-d2ef0fd8e838 close()
2019-09-05 09:22:28,503 [main] INFO  server.GrpcService (GrpcService.java:closeImpl(155)) - a3cbdde1-725c-4ca4-8d7a-a782c47315d1: shutdown server with port 43393 now
2019-09-05 09:22:28,513 [ForkJoinPool.commonPool-worker-0] INFO  server.GrpcService (GrpcService.java:closeImpl(155)) - a4e26f5e-71d2-4796-80a4-c2297629d93f: shutdown server with port 34336 now
2019-09-05 09:22:28,514 [main] INFO  server.GrpcService (GrpcService.java:closeImpl(163)) - a3cbdde1-725c-4ca4-8d7a-a782c47315d1: shutdown server with port 43393 successfully
2019-09-05 09:22:28,514 [grpc-default-executor-10] WARN  client.GrpcClientProtocolService (LogUtils.java:warn(134)) - 1-UnorderedRequestStreamObserver1: onError: org.apache.ratis.thirdparty.io.grpc.StatusRuntimeException: CANCELLED: cancelled before receiving half close
2019-09-05 09:22:28,514 [ForkJoinPool.commonPool-worker-0] INFO  server.GrpcService (GrpcService.java:closeImpl(163)) - a4e26f5e-71d2-4796-80a4-c2297629d93f: shutdown server with port 34336 successfully
2019-09-05 09:22:28,518 [ForkJoinPool.commonPool-worker-0] INFO  utils.BackgroundService (BackgroundService.java:shutdown(148)) - Shutting down service BlockDeletingService
2019-09-05 09:22:28,518 [main] INFO  utils.BackgroundService (BackgroundService.java:shutdown(148)) - Shutting down service BlockDeletingService
2019-09-05 09:22:28,523 [refreshUsed-/workdir/hadoop-ozone/integration-test/target/test-dir/MiniOzoneClusterImpl-b9007246-1341-44ba-8eb7-22f06fb20b9c/datanode-3/data/containers] WARN  fs.CachingGetSpaceUsed (CachingGetSpaceUsed.java:run(183)) - Thread Interrupted waiting to refresh disk information: sleep interrupted
2019-09-05 09:22:28,523 [refreshUsed-/workdir/hadoop-ozone/integration-test/target/test-dir/MiniOzoneClusterImpl-b9007246-1341-44ba-8eb7-22f06fb20b9c/datanode-2/data/containers] WARN  fs.CachingGetSpaceUsed (CachingGetSpaceUsed.java:run(183)) - Thread Interrupted waiting to refresh disk information: sleep interrupted
2019-09-05 09:22:28,541 [main] INFO  statemachine.DatanodeStateMachine (DatanodeStateMachine.java:stopDaemon(395)) - Ozone container server stopped.
2019-09-05 09:22:28,542 [main] INFO  handler.ContextHandler (ContextHandler.java:doStop(910)) - Stopped o.e.j.w.WebAppContext@1b3a1e42{/,null,UNAVAILABLE}{/hddsDatanode}
2019-09-05 09:22:28,544 [main] INFO  server.AbstractConnector (AbstractConnector.java:doStop(318)) - Stopped ServerConnector@41030c21{HTTP/1.1,[http/1.1]}{0.0.0.0:0}
2019-09-05 09:22:28,546 [ForkJoinPool.commonPool-worker-0] INFO  statemachine.DatanodeStateMachine (DatanodeStateMachine.java:stopDaemon(395)) - Ozone container server stopped.
2019-09-05 09:22:28,546 [main] INFO  handler.ContextHandler (ContextHandler.java:doStop(910)) - Stopped o.e.j.s.ServletContextHandler@1be15455{/static,jar:file:/home/user/.m2/repository/org/apache/hadoop/hadoop-hdds-container-service/0.5.0-SNAPSHOT/hadoop-hdds-container-service-0.5.0-SNAPSHOT.jar!/webapps/static,UNAVAILABLE}
2019-09-05 09:22:28,549 [main] INFO  handler.ContextHandler (ContextHandler.java:doStop(910)) - Stopped o.e.j.s.ServletContextHandler@10f64bc3{/logs,file:///workdir/hadoop-ozone/integration-test/target/log,UNAVAILABLE}
2019-09-05 09:22:28,551 [ForkJoinPool.commonPool-worker-0] INFO  handler.ContextHandler (ContextHandler.java:doStop(910)) - Stopped o.e.j.w.WebAppContext@26c349fc{/,null,UNAVAILABLE}{/hddsDatanode}
2019-09-05 09:22:28,551 [main] INFO  datanode.ObjectStoreHandler (ObjectStoreHandler.java:close(155)) - Closing ObjectStoreHandler.
2019-09-05 09:22:28,551 [main] INFO  ozone.HddsDatanodeService (HddsDatanodeService.java:stop(451)) - Stopped plug-in org.apache.hadoop.ozone.web.OzoneHddsDatanodeService@20bc6f4d
2019-09-05 09:22:28,551 [ForkJoinPool.commonPool-worker-0] INFO  server.AbstractConnector (AbstractConnector.java:doStop(318)) - Stopped ServerConnector@54d0d561{HTTP/1.1,[http/1.1]}{0.0.0.0:0}
2019-09-05 09:22:28,553 [ForkJoinPool.commonPool-worker-0] INFO  handler.ContextHandler (ContextHandler.java:doStop(910)) - Stopped o.e.j.s.ServletContextHandler@63fef83c{/static,jar:file:/home/user/.m2/repository/org/apache/hadoop/hadoop-hdds-container-service/0.5.0-SNAPSHOT/hadoop-hdds-container-service-0.5.0-SNAPSHOT.jar!/webapps/static,UNAVAILABLE}
2019-09-05 09:22:28,554 [ForkJoinPool.commonPool-worker-0] INFO  handler.ContextHandler (ContextHandler.java:doStop(910)) - Stopped o.e.j.s.ServletContextHandler@561b4c61{/logs,file:///workdir/hadoop-ozone/integration-test/target/log,UNAVAILABLE}
2019-09-05 09:22:28,555 [ForkJoinPool.commonPool-worker-0] INFO  datanode.ObjectStoreHandler (ObjectStoreHandler.java:close(155)) - Closing ObjectStoreHandler.
2019-09-05 09:22:28,556 [ForkJoinPool.commonPool-worker-0] INFO  ozone.HddsDatanodeService (HddsDatanodeService.java:stop(451)) - Stopped plug-in org.apache.hadoop.ozone.web.OzoneHddsDatanodeService@b7b26c6
2019-09-05 09:22:28,804 [Datanode State Machine Thread - 0] INFO  statemachine.DatanodeStateMachine (DatanodeStateMachine.java:lambda$startDaemon$0(350)) - Ozone container server started.
2019-09-05 09:22:29,191 [Datanode State Machine Thread - 0] INFO  statemachine.DatanodeStateMachine (DatanodeStateMachine.java:lambda$startDaemon$0(350)) - Ozone container server started.
2019-09-05 09:22:32,833 [EventQueue-StaleNodeForStaleNodeHandler] INFO  node.StaleNodeHandler (StaleNodeHandler.java:onMessage(58)) - Datanode 6f14a04a-44e3-4557-80c9-ddee849029a0{ip: 192.168.69.66, host: pr-hdds-1571-bldfb-3674279559, networkLocation: /default-rack, certSerialId: null} moved to stale state. Finalizing its pipelines [PipelineID=3c6d96ac-1a02-4552-9db7-170c5cbf9d77, PipelineID=c4074c19-c9a1-482a-9745-d2ef0fd8e838]
2019-09-05 09:22:32,834 [EventQueue-StaleNodeForStaleNodeHandler] INFO  pipeline.SCMPipelineManager (SCMPipelineManager.java:finalizeAndDestroyPipeline(309)) - destroying pipeline:Pipeline[ Id: 3c6d96ac-1a02-4552-9db7-170c5cbf9d77, Nodes: 6f14a04a-44e3-4557-80c9-ddee849029a0{ip: 192.168.69.66, host: pr-hdds-1571-bldfb-3674279559, networkLocation: /default-rack, certSerialId: null}, Type:RATIS, Factor:ONE, State:OPEN]
2019-09-05 09:22:32,834 [EventQueue-StaleNodeForStaleNodeHandler] INFO  pipeline.PipelineStateManager (PipelineStateManager.java:finalizePipeline(123)) - Pipeline Pipeline[ Id: 3c6d96ac-1a02-4552-9db7-170c5cbf9d77, Nodes: 6f14a04a-44e3-4557-80c9-ddee849029a0{ip: 192.168.69.66, host: pr-hdds-1571-bldfb-3674279559, networkLocation: /default-rack, certSerialId: null}, Type:RATIS, Factor:ONE, State:CLOSED] moved to CLOSED state
2019-09-05 09:22:32,834 [EventQueue-StaleNodeForStaleNodeHandler] INFO  pipeline.SCMPipelineManager (SCMPipelineManager.java:finalizeAndDestroyPipeline(309)) - destroying pipeline:Pipeline[ Id: c4074c19-c9a1-482a-9745-d2ef0fd8e838, Nodes: 07be2058-8bf0-4303-a72a-c3b15076ab0b{ip: 192.168.69.66, host: pr-hdds-1571-bldfb-3674279559, networkLocation: /default-rack, certSerialId: null}a4e26f5e-71d2-4796-80a4-c2297629d93f{ip: 192.168.69.66, host: pr-hdds-1571-bldfb-3674279559, networkLocation: /default-rack, certSerialId: null}6f14a04a-44e3-4557-80c9-ddee849029a0{ip: 192.168.69.66, host: pr-hdds-1571-bldfb-3674279559, networkLocation: /default-rack, certSerialId: null}, Type:RATIS, Factor:THREE, State:CLOSED]
2019-09-05 09:22:33,234 [EventQueue-StaleNodeForStaleNodeHandler] INFO  node.StaleNodeHandler (StaleNodeHandler.java:onMessage(58)) - Datanode 24fa834e-354b-4f91-9ef9-44eeb31eb01b{ip: 192.168.69.66, host: pr-hdds-1571-bldfb-3674279559, networkLocation: /default-rack, certSerialId: null} moved to stale state. Finalizing its pipelines [PipelineID=ebffa0c0-e50b-4743-81fd-edafc1d27606]
2019-09-05 09:22:33,234 [EventQueue-StaleNodeForStaleNodeHandler] INFO  pipeline.SCMPipelineManager (SCMPipelineManager.java:finalizeAndDestroyPipeline(309)) - destroying pipeline:Pipeline[ Id: ebffa0c0-e50b-4743-81fd-edafc1d27606, Nodes: 24fa834e-354b-4f91-9ef9-44eeb31eb01b{ip: 192.168.69.66, host: pr-hdds-1571-bldfb-3674279559, networkLocation: /default-rack, certSerialId: null}, Type:RATIS, Factor:ONE, State:OPEN]
2019-09-05 09:22:33,235 [EventQueue-StaleNodeForStaleNodeHandler] INFO  pipeline.PipelineStateManager (PipelineStateManager.java:finalizePipeline(123)) - Pipeline Pipeline[ Id: ebffa0c0-e50b-4743-81fd-edafc1d27606, Nodes: 24fa834e-354b-4f91-9ef9-44eeb31eb01b{ip: 192.168.69.66, host: pr-hdds-1571-bldfb-3674279559, networkLocation: /default-rack, certSerialId: null}, Type:RATIS, Factor:ONE, State:CLOSED] moved to CLOSED state
2019-09-05 09:22:33,552 [main] INFO  ozoneimpl.OzoneContainer (OzoneContainer.java:stop(199)) - Attempting to stop container services.
2019-09-05 09:22:33,552 [main] INFO  impl.RaftServerProxy (RaftServerProxy.java:lambda$close$4(314)) - 24fa834e-354b-4f91-9ef9-44eeb31eb01b: close
2019-09-05 09:22:33,553 [main] INFO  impl.RaftServerImpl (RaftServerImpl.java:lambda$shutdown$3(245)) - 24fa834e-354b-4f91-9ef9-44eeb31eb01b: shutdown group-EDAFC1D27606
2019-09-05 09:22:33,553 [main] INFO  util.JmxRegister (JmxRegister.java:unregister(73)) - Successfully un-registered JMX Bean with object name Ratis:service=RaftServer,group=group-EDAFC1D27606,id=24fa834e-354b-4f91-9ef9-44eeb31eb01b
2019-09-05 09:22:33,553 [main] INFO  impl.RoleInfo (RoleInfo.java:shutdownLeaderState(104)) - 24fa834e-354b-4f91-9ef9-44eeb31eb01b: shutdown LeaderState
2019-09-05 09:22:33,553 [main] INFO  impl.PendingRequests (PendingRequests.java:sendNotLeaderResponses(202)) - 24fa834e-354b-4f91-9ef9-44eeb31eb01b-PendingRequests: sendNotLeaderResponses
2019-09-05 09:22:33,554 [main] INFO  impl.StateMachineUpdater (StateMachineUpdater.java:stopAndJoin(115)) - StateMachineUpdater:24fa834e-354b-4f91-9ef9-44eeb31eb01b:group-EDAFC1D27606: set stopIndex = 0
2019-09-05 09:22:33,554 [main] INFO  impl.RaftServerImpl (ServerState.java:close(394)) - 24fa834e-354b-4f91-9ef9-44eeb31eb01b:group-EDAFC1D27606 closes. The last applied log index is 0
2019-09-05 09:22:33,554 [24fa834e-354b-4f91-9ef9-44eeb31eb01b-SegmentedRaftLogWorker:Storage Directory /workdir/hadoop-ozone/integration-test/target/test-dir/MiniOzoneClusterImpl-b9007246-1341-44ba-8eb7-22f06fb20b9c/datanode-6/data/ratis/ebffa0c0-e50b-4743-81fd-edafc1d27606] INFO  segmented.SegmentedRaftLogWorker (SegmentedRaftLogWorker.java:run(313)) - 24fa834e-354b-4f91-9ef9-44eeb31eb01b-SegmentedRaftLogWorker:Storage Directory /workdir/hadoop-ozone/integration-test/target/test-dir/MiniOzoneClusterImpl-b9007246-1341-44ba-8eb7-22f06fb20b9c/datanode-6/data/ratis/ebffa0c0-e50b-4743-81fd-edafc1d27606 was interrupted, exiting. There are 0 tasks remaining in the queue.
2019-09-05 09:22:33,555 [main] INFO  segmented.SegmentedRaftLogWorker (SegmentedRaftLogWorker.java:close(228)) - 24fa834e-354b-4f91-9ef9-44eeb31eb01b-SegmentedRaftLogWorker:Storage Directory /workdir/hadoop-ozone/integration-test/target/test-dir/MiniOzoneClusterImpl-b9007246-1341-44ba-8eb7-22f06fb20b9c/datanode-6/data/ratis/ebffa0c0-e50b-4743-81fd-edafc1d27606 close()
2019-09-05 09:22:33,557 [main] INFO  server.GrpcService (GrpcService.java:closeImpl(155)) - 24fa834e-354b-4f91-9ef9-44eeb31eb01b: shutdown server with port 42350 now
2019-09-05 09:22:33,557 [ForkJoinPool.commonPool-worker-0] INFO  ozoneimpl.OzoneContainer (OzoneContainer.java:stop(199)) - Attempting to stop container services.
2019-09-05 09:22:33,558 [main] INFO  server.GrpcService (GrpcService.java:closeImpl(163)) - 24fa834e-354b-4f91-9ef9-44eeb31eb01b: shutdown server with port 42350 successfully
2019-09-05 09:22:33,559 [ForkJoinPool.commonPool-worker-0] INFO  impl.RaftServerProxy (RaftServerProxy.java:lambda$close$4(314)) - 6f14a04a-44e3-4557-80c9-ddee849029a0: close
2019-09-05 09:22:33,559 [ForkJoinPool.commonPool-worker-0] INFO  impl.RaftServerImpl (RaftServerImpl.java:lambda$shutdown$3(245)) - 6f14a04a-44e3-4557-80c9-ddee849029a0: shutdown group-170C5CBF9D77
2019-09-05 09:22:33,559 [ForkJoinPool.commonPool-worker-0] INFO  util.JmxRegister (JmxRegister.java:unregister(73)) - Successfully un-registered JMX Bean with object name Ratis:service=RaftServer,group=group-170C5CBF9D77,id=6f14a04a-44e3-4557-80c9-ddee849029a0
2019-09-05 09:22:33,559 [ForkJoinPool.commonPool-worker-0] INFO  impl.RoleInfo (RoleInfo.java:shutdownLeaderState(104)) - 6f14a04a-44e3-4557-80c9-ddee849029a0: shutdown LeaderState
2019-09-05 09:22:33,560 [main] INFO  utils.BackgroundService (BackgroundService.java:shutdown(148)) - Shutting down service BlockDeletingService
2019-09-05 09:22:33,560 [ForkJoinPool.commonPool-worker-0] INFO  impl.PendingRequests (PendingRequests.java:sendNotLeaderResponses(202)) - 6f14a04a-44e3-4557-80c9-ddee849029a0-PendingRequests: sendNotLeaderResponses
2019-09-05 09:22:33,561 [ForkJoinPool.commonPool-worker-0] INFO  impl.StateMachineUpdater (StateMachineUpdater.java:stopAndJoin(115)) - StateMachineUpdater:6f14a04a-44e3-4557-80c9-ddee849029a0:group-170C5CBF9D77: set stopIndex = 0
2019-09-05 09:22:33,562 [refreshUsed-/workdir/hadoop-ozone/integration-test/target/test-dir/MiniOzoneClusterImpl-b9007246-1341-44ba-8eb7-22f06fb20b9c/datanode-6/data/containers] WARN  fs.CachingGetSpaceUsed (CachingGetSpaceUsed.java:run(183)) - Thread Interrupted waiting to refresh disk information: sleep interrupted
2019-09-05 09:22:33,562 [ForkJoinPool.commonPool-worker-0] INFO  impl.RaftServerImpl (ServerState.java:close(394)) - 6f14a04a-44e3-4557-80c9-ddee849029a0:group-170C5CBF9D77 closes. The last applied log index is 0
2019-09-05 09:22:33,563 [6f14a04a-44e3-4557-80c9-ddee849029a0-SegmentedRaftLogWorker:Storage Directory /workdir/hadoop-ozone/integration-test/target/test-dir/MiniOzoneClusterImpl-b9007246-1341-44ba-8eb7-22f06fb20b9c/datanode-0/data/ratis/3c6d96ac-1a02-4552-9db7-170c5cbf9d77] INFO  segmented.SegmentedRaftLogWorker (SegmentedRaftLogWorker.java:run(313)) - 6f14a04a-44e3-4557-80c9-ddee849029a0-SegmentedRaftLogWorker:Storage Directory /workdir/hadoop-ozone/integration-test/target/test-dir/MiniOzoneClusterImpl-b9007246-1341-44ba-8eb7-22f06fb20b9c/datanode-0/data/ratis/3c6d96ac-1a02-4552-9db7-170c5cbf9d77 was interrupted, exiting. There are 0 tasks remaining in the queue.
2019-09-05 09:22:33,564 [ForkJoinPool.commonPool-worker-0] INFO  segmented.SegmentedRaftLogWorker (SegmentedRaftLogWorker.java:close(228)) - 6f14a04a-44e3-4557-80c9-ddee849029a0-SegmentedRaftLogWorker:Storage Directory /workdir/hadoop-ozone/integration-test/target/test-dir/MiniOzoneClusterImpl-b9007246-1341-44ba-8eb7-22f06fb20b9c/datanode-0/data/ratis/3c6d96ac-1a02-4552-9db7-170c5cbf9d77 close()
2019-09-05 09:22:33,565 [ForkJoinPool.commonPool-worker-0] INFO  impl.RaftServerImpl (RaftServerImpl.java:lambda$shutdown$3(245)) - 6f14a04a-44e3-4557-80c9-ddee849029a0: shutdown group-D2EF0FD8E838
2019-09-05 09:22:33,566 [ForkJoinPool.commonPool-worker-0] INFO  util.JmxRegister (JmxRegister.java:unregister(73)) - Successfully un-registered JMX Bean with object name Ratis:service=RaftServer,group=group-D2EF0FD8E838,id=6f14a04a-44e3-4557-80c9-ddee849029a0
2019-09-05 09:22:33,566 [ForkJoinPool.commonPool-worker-0] INFO  impl.RoleInfo (RoleInfo.java:shutdownFollowerState(121)) - 6f14a04a-44e3-4557-80c9-ddee849029a0: shutdown FollowerState
2019-09-05 09:22:33,566 [ForkJoinPool.commonPool-worker-0] INFO  impl.StateMachineUpdater (StateMachineUpdater.java:stopAndJoin(115)) - StateMachineUpdater:6f14a04a-44e3-4557-80c9-ddee849029a0:group-D2EF0FD8E838: set stopIndex = 16
2019-09-05 09:22:33,566 [Thread-3374] INFO  impl.FollowerState (FollowerState.java:run(114)) - 6f14a04a-44e3-4557-80c9-ddee849029a0: FollowerState was interrupted: java.lang.InterruptedException: sleep interrupted
2019-09-05 09:22:33,566 [StateMachineUpdater:6f14a04a-44e3-4557-80c9-ddee849029a0:group-D2EF0FD8E838] INFO  ratis.ContainerStateMachine (ContainerStateMachine.java:takeSnapshot(283)) - group-D2EF0FD8E838: Taking a snapshot at:(t:1, i:14) file /workdir/hadoop-ozone/integration-test/target/test-dir/MiniOzoneClusterImpl-b9007246-1341-44ba-8eb7-22f06fb20b9c/datanode-0/data/ratis/c4074c19-c9a1-482a-9745-d2ef0fd8e838/sm/snapshot.1_14
2019-09-05 09:22:33,577 [main] INFO  statemachine.DatanodeStateMachine (DatanodeStateMachine.java:stopDaemon(395)) - Ozone container server stopped.
2019-09-05 09:22:33,578 [main] INFO  handler.ContextHandler (ContextHandler.java:doStop(910)) - Stopped o.e.j.w.WebAppContext@679f3e12{/,null,UNAVAILABLE}{/hddsDatanode}
2019-09-05 09:22:33,580 [main] INFO  server.AbstractConnector (AbstractConnector.java:doStop(318)) - Stopped ServerConnector@5b285847{HTTP/1.1,[http/1.1]}{0.0.0.0:0}
2019-09-05 09:22:33,580 [main] INFO  handler.ContextHandler (ContextHandler.java:doStop(910)) - Stopped o.e.j.s.ServletContextHandler@5ea9f2f3{/static,jar:file:/home/user/.m2/repository/org/apache/hadoop/hadoop-hdds-container-service/0.5.0-SNAPSHOT/hadoop-hdds-container-service-0.5.0-SNAPSHOT.jar!/webapps/static,UNAVAILABLE}
2019-09-05 09:22:33,580 [main] INFO  handler.ContextHandler (ContextHandler.java:doStop(910)) - Stopped o.e.j.s.ServletContextHandler@52aa84ef{/logs,file:///workdir/hadoop-ozone/integration-test/target/log,UNAVAILABLE}
2019-09-05 09:22:33,590 [StateMachineUpdater:6f14a04a-44e3-4557-80c9-ddee849029a0:group-D2EF0FD8E838] INFO  ratis.ContainerStateMachine (ContainerStateMachine.java:takeSnapshot(294)) - group-D2EF0FD8E838: Finished taking a snapshot at:(t:1, i:14) file:/workdir/hadoop-ozone/integration-test/target/test-dir/MiniOzoneClusterImpl-b9007246-1341-44ba-8eb7-22f06fb20b9c/datanode-0/data/ratis/c4074c19-c9a1-482a-9745-d2ef0fd8e838/sm/snapshot.1_14 time:24
2019-09-05 09:22:33,590 [StateMachineUpdater:6f14a04a-44e3-4557-80c9-ddee849029a0:group-D2EF0FD8E838] INFO  impl.StateMachineUpdater (StateMachineUpdater.java:takeSnapshot(242)) - StateMachineUpdater:6f14a04a-44e3-4557-80c9-ddee849029a0:group-D2EF0FD8E838: Took a snapshot at index 14
2019-09-05 09:22:33,590 [StateMachineUpdater:6f14a04a-44e3-4557-80c9-ddee849029a0:group-D2EF0FD8E838] INFO  impl.StateMachineUpdater (StateMachineUpdater.java:lambda$new$0(80)) - StateMachineUpdater:6f14a04a-44e3-4557-80c9-ddee849029a0:group-D2EF0FD8E838: snapshotIndex: updateIncreasingly -1 -> 14
2019-09-05 09:22:33,591 [ForkJoinPool.commonPool-worker-0] INFO  impl.RaftServerImpl (ServerState.java:close(394)) - 6f14a04a-44e3-4557-80c9-ddee849029a0:group-D2EF0FD8E838 closes. The last applied log index is 16
2019-09-05 09:22:33,591 [6f14a04a-44e3-4557-80c9-ddee849029a0-SegmentedRaftLogWorker:Storage Directory /workdir/hadoop-ozone/integration-test/target/test-dir/MiniOzoneClusterImpl-b9007246-1341-44ba-8eb7-22f06fb20b9c/datanode-0/data/ratis/c4074c19-c9a1-482a-9745-d2ef0fd8e838] INFO  segmented.SegmentedRaftLogWorker (SegmentedRaftLogWorker.java:run(313)) - 6f14a04a-44e3-4557-80c9-ddee849029a0-SegmentedRaftLogWorker:Storage Directory /workdir/hadoop-ozone/integration-test/target/test-dir/MiniOzoneClusterImpl-b9007246-1341-44ba-8eb7-22f06fb20b9c/datanode-0/data/ratis/c4074c19-c9a1-482a-9745-d2ef0fd8e838 was interrupted, exiting. There are 0 tasks remaining in the queue.
2019-09-05 09:22:33,591 [ForkJoinPool.commonPool-worker-0] INFO  segmented.SegmentedRaftLogWorker (SegmentedRaftLogWorker.java:close(228)) - 6f14a04a-44e3-4557-80c9-ddee849029a0-SegmentedRaftLogWorker:Storage Directory /workdir/hadoop-ozone/integration-test/target/test-dir/MiniOzoneClusterImpl-b9007246-1341-44ba-8eb7-22f06fb20b9c/datanode-0/data/ratis/c4074c19-c9a1-482a-9745-d2ef0fd8e838 close()
2019-09-05 09:22:33,593 [ForkJoinPool.commonPool-worker-0] INFO  server.GrpcService (GrpcService.java:closeImpl(155)) - 6f14a04a-44e3-4557-80c9-ddee849029a0: shutdown server with port 37354 now
2019-09-05 09:22:33,594 [ForkJoinPool.commonPool-worker-0] INFO  server.GrpcService (GrpcService.java:closeImpl(163)) - 6f14a04a-44e3-4557-80c9-ddee849029a0: shutdown server with port 37354 successfully
2019-09-05 09:22:33,595 [ForkJoinPool.commonPool-worker-0] INFO  utils.BackgroundService (BackgroundService.java:shutdown(148)) - Shutting down service BlockDeletingService
2019-09-05 09:22:33,597 [refreshUsed-/workdir/hadoop-ozone/integration-test/target/test-dir/MiniOzoneClusterImpl-b9007246-1341-44ba-8eb7-22f06fb20b9c/datanode-0/data/containers] WARN  fs.CachingGetSpaceUsed (CachingGetSpaceUsed.java:run(183)) - Thread Interrupted waiting to refresh disk information: sleep interrupted
2019-09-05 09:22:33,611 [ForkJoinPool.commonPool-worker-0] INFO  statemachine.DatanodeStateMachine (DatanodeStateMachine.java:stopDaemon(395)) - Ozone container server stopped.
2019-09-05 09:22:33,615 [ForkJoinPool.commonPool-worker-0] INFO  handler.ContextHandler (ContextHandler.java:doStop(910)) - Stopped o.e.j.w.WebAppContext@38f7a20{/,null,UNAVAILABLE}{/hddsDatanode}
2019-09-05 09:22:33,615 [ForkJoinPool.commonPool-worker-0] INFO  server.AbstractConnector (AbstractConnector.java:doStop(318)) - Stopped ServerConnector@2c39c520{HTTP/1.1,[http/1.1]}{0.0.0.0:0}
2019-09-05 09:22:33,616 [ForkJoinPool.commonPool-worker-0] INFO  handler.ContextHandler (ContextHandler.java:doStop(910)) - Stopped o.e.j.s.ServletContextHandler@56dae6{/static,jar:file:/home/user/.m2/repository/org/apache/hadoop/hadoop-hdds-container-service/0.5.0-SNAPSHOT/hadoop-hdds-container-service-0.5.0-SNAPSHOT.jar!/webapps/static,UNAVAILABLE}
2019-09-05 09:22:33,618 [ForkJoinPool.commonPool-worker-0] INFO  handler.ContextHandler (ContextHandler.java:doStop(910)) - Stopped o.e.j.s.ServletContextHandler@470fc16c{/logs,file:///workdir/hadoop-ozone/integration-test/target/log,UNAVAILABLE}
2019-09-05 09:22:33,618 [main] INFO  ozone.MiniOzoneClusterImpl (MiniOzoneClusterImpl.java:stop(353)) - Stopping the StorageContainerManager
2019-09-05 09:22:33,618 [main] INFO  server.StorageContainerManager (StorageContainerManager.java:stop(797)) - Stopping Replication Manager Service.
2019-09-05 09:22:33,619 [main] INFO  container.ReplicationManager (ReplicationManager.java:stop(192)) - Stopping Replication Monitor Thread.
2019-09-05 09:22:33,619 [main] INFO  server.StorageContainerManager (StorageContainerManager.java:stop(804)) - Stopping Lease Manager of the command watchers
2019-09-05 09:22:33,619 [main] INFO  server.StorageContainerManager (StorageContainerManager.java:stop(811)) - Stopping datanode service RPC server
2019-09-05 09:22:33,619 [main] INFO  server.SCMDatanodeProtocolServer (SCMDatanodeProtocolServer.java:stop(367)) - Stopping the RPC server for DataNodes
2019-09-05 09:22:33,619 [main] INFO  ipc.Server (Server.java:stop(3082)) - Stopping server on 39170
2019-09-05 09:22:33,621 [IPC Server listener on 39170] INFO  ipc.Server (Server.java:run(1185)) - Stopping IPC Server listener on 39170
2019-09-05 09:22:33,622 [IPC Server Responder] INFO  ipc.Server (Server.java:run(1319)) - Stopping IPC Server Responder
2019-09-05 09:22:33,634 [SCM Heartbeat Processing Thread - 0] WARN  node.NodeStateManager (NodeStateManager.java:scheduleNextHealthCheck(655)) - Current Thread is interrupted, shutting down HB processing thread for Node Manager.
2019-09-05 09:22:33,635 [main] INFO  server.StorageContainerManager (StorageContainerManager.java:stop(819)) - Stopping block service RPC server
2019-09-05 09:22:33,635 [main] INFO  server.SCMBlockProtocolServer (SCMBlockProtocolServer.java:stop(148)) - Stopping the RPC server for Block Protocol
2019-09-05 09:22:33,635 [main] INFO  ipc.Server (Server.java:stop(3082)) - Stopping server on 39318
2019-09-05 09:22:33,637 [IPC Server listener on 39318] INFO  ipc.Server (Server.java:run(1185)) - Stopping IPC Server listener on 39318
2019-09-05 09:22:33,637 [main] INFO  server.StorageContainerManager (StorageContainerManager.java:stop(826)) - Stopping the StorageContainerLocationProtocol RPC server
2019-09-05 09:22:33,638 [main] INFO  server.SCMClientProtocolServer (SCMClientProtocolServer.java:stop(159)) - Stopping the RPC server for Client Protocol
2019-09-05 09:22:33,638 [IPC Server Responder] INFO  ipc.Server (Server.java:run(1319)) - Stopping IPC Server Responder
2019-09-05 09:22:33,638 [main] INFO  ipc.Server (Server.java:stop(3082)) - Stopping server on 42920
2019-09-05 09:22:33,640 [IPC Server listener on 42920] INFO  ipc.Server (Server.java:run(1185)) - Stopping IPC Server listener on 42920
2019-09-05 09:22:33,640 [main] INFO  server.StorageContainerManager (StorageContainerManager.java:stop(833)) - Stopping Storage Container Manager HTTP server.
2019-09-05 09:22:33,641 [IPC Server Responder] INFO  ipc.Server (Server.java:run(1319)) - Stopping IPC Server Responder
2019-09-05 09:22:33,642 [main] INFO  handler.ContextHandler (ContextHandler.java:doStop(910)) - Stopped o.e.j.w.WebAppContext@7fec6c2f{/,null,UNAVAILABLE}{/scm}
2019-09-05 09:22:33,643 [main] INFO  server.AbstractConnector (AbstractConnector.java:doStop(318)) - Stopped ServerConnector@67e12e28{HTTP/1.1,[http/1.1]}{0.0.0.0:0}
2019-09-05 09:22:33,643 [main] INFO  handler.ContextHandler (ContextHandler.java:doStop(910)) - Stopped o.e.j.s.ServletContextHandler@16c3388e{/static,file:///workdir/hadoop-ozone/integration-test/target/test-classes/webapps/static,UNAVAILABLE}
2019-09-05 09:22:33,644 [main] INFO  handler.ContextHandler (ContextHandler.java:doStop(910)) - Stopped o.e.j.s.ServletContextHandler@a8964c1{/logs,file:///workdir/hadoop-ozone/integration-test/target/log,UNAVAILABLE}
2019-09-05 09:22:33,644 [main] INFO  server.StorageContainerManager (StorageContainerManager.java:stop(844)) - Stopping Block Manager Service.
2019-09-05 09:22:33,645 [main] INFO  utils.BackgroundService (BackgroundService.java:shutdown(148)) - Shutting down service SCMBlockDeletingService
2019-09-05 09:22:33,645 [main] INFO  utils.BackgroundService (BackgroundService.java:shutdown(148)) - Shutting down service SCMBlockDeletingService
2019-09-05 09:22:33,646 [main] INFO  server.StorageContainerManager (StorageContainerManager.java:stop(866)) - Stopping SCM Event Queue.
2019-09-05 09:22:33,650 [main] INFO  impl.MetricsSystemImpl (MetricsSystemImpl.java:stop(210)) - Stopping HddsDatanode metrics system...
2019-09-05 09:22:33,660 [main] INFO  impl.MetricsSystemImpl (MetricsSystemImpl.java:stop(216)) - HddsDatanode metrics system stopped.
]]></system-out>
    <system-err><![CDATA[Sep 05, 2019 9:21:48 AM com.sun.jersey.server.impl.application.WebApplicationImpl _initiate
INFO: Initiating Jersey application, version 'Jersey: 1.19 02/11/2015 03:25 AM'
Sep 05, 2019 9:21:48 AM com.sun.jersey.server.impl.application.WebApplicationImpl _initiate
INFO: Initiating Jersey application, version 'Jersey: 1.19 02/11/2015 03:25 AM'
Sep 05, 2019 9:21:49 AM com.sun.jersey.server.impl.application.WebApplicationImpl _initiate
INFO: Initiating Jersey application, version 'Jersey: 1.19 02/11/2015 03:25 AM'
Sep 05, 2019 9:21:49 AM com.sun.jersey.server.impl.application.WebApplicationImpl _initiate
INFO: Initiating Jersey application, version 'Jersey: 1.19 02/11/2015 03:25 AM'
Sep 05, 2019 9:21:49 AM com.sun.jersey.server.impl.application.WebApplicationImpl _initiate
INFO: Initiating Jersey application, version 'Jersey: 1.19 02/11/2015 03:25 AM'
Sep 05, 2019 9:21:49 AM com.sun.jersey.server.impl.application.WebApplicationImpl _initiate
INFO: Initiating Jersey application, version 'Jersey: 1.19 02/11/2015 03:25 AM'
Sep 05, 2019 9:21:50 AM com.sun.jersey.server.impl.application.WebApplicationImpl _initiate
INFO: Initiating Jersey application, version 'Jersey: 1.19 02/11/2015 03:25 AM'
Sep 05, 2019 9:21:52 AM org.apache.ratis.thirdparty.io.grpc.internal.ManagedChannelOrphanWrapper$ManagedChannelReference cleanQueue
SEVERE: *~*~*~ Channel ManagedChannelImpl{logId=2626, target=192.168.69.66:37687} was not shutdown properly!!! ~*~*~*
    Make sure to call shutdown()/shutdownNow() and wait until awaitTermination() returns true.
java.lang.RuntimeException: ManagedChannel allocation site
	at org.apache.ratis.thirdparty.io.grpc.internal.ManagedChannelOrphanWrapper$ManagedChannelReference.<init>(ManagedChannelOrphanWrapper.java:103)
	at org.apache.ratis.thirdparty.io.grpc.internal.ManagedChannelOrphanWrapper.<init>(ManagedChannelOrphanWrapper.java:53)
	at org.apache.ratis.thirdparty.io.grpc.internal.ManagedChannelOrphanWrapper.<init>(ManagedChannelOrphanWrapper.java:44)
	at org.apache.ratis.thirdparty.io.grpc.internal.AbstractManagedChannelImplBuilder.build(AbstractManagedChannelImplBuilder.java:411)
	at org.apache.hadoop.hdds.scm.XceiverClientGrpc.connectToDatanode(XceiverClientGrpc.java:175)
	at org.apache.hadoop.hdds.scm.XceiverClientGrpc.reconnect(XceiverClientGrpc.java:423)
	at org.apache.hadoop.hdds.scm.XceiverClientGrpc.sendCommandAsync(XceiverClientGrpc.java:372)
	at org.apache.hadoop.hdds.scm.XceiverClientGrpc.sendCommandWithRetry(XceiverClientGrpc.java:285)
	at org.apache.hadoop.hdds.scm.XceiverClientGrpc.sendCommandWithTraceIDAndRetry(XceiverClientGrpc.java:251)
	at org.apache.hadoop.hdds.scm.XceiverClientGrpc.sendCommand(XceiverClientGrpc.java:234)
	at org.apache.hadoop.hdds.scm.storage.ContainerProtocolCalls.getBlock(ContainerProtocolCalls.java:118)
	at org.apache.hadoop.hdds.scm.storage.BlockInputStream.getChunkInfos(BlockInputStream.java:167)
	at org.apache.hadoop.hdds.scm.storage.BlockInputStream.initialize(BlockInputStream.java:118)
	at org.apache.hadoop.hdds.scm.storage.BlockInputStream.read(BlockInputStream.java:222)
	at org.apache.hadoop.ozone.client.io.KeyInputStream.read(KeyInputStream.java:171)
	at org.apache.hadoop.ozone.client.io.OzoneInputStream.read(OzoneInputStream.java:47)
	at java.io.InputStream.read(InputStream.java:101)
	at org.apache.hadoop.ozone.container.ContainerTestHelper.validateData(ContainerTestHelper.java:713)
	at org.apache.hadoop.ozone.client.rpc.TestBlockOutputStreamWithFailures.validateData(TestBlockOutputStreamWithFailures.java:1216)
	at org.apache.hadoop.ozone.client.rpc.TestBlockOutputStreamWithFailures.testWatchForCommitWithSingleNodeRatis(TestBlockOutputStreamWithFailures.java:918)
	at sun.reflect.NativeMethodAccessorImpl.invoke0(Native Method)
	at sun.reflect.NativeMethodAccessorImpl.invoke(NativeMethodAccessorImpl.java:62)
	at sun.reflect.DelegatingMethodAccessorImpl.invoke(DelegatingMethodAccessorImpl.java:43)
	at java.lang.reflect.Method.invoke(Method.java:498)
	at org.junit.runners.model.FrameworkMethod$1.runReflectiveCall(FrameworkMethod.java:47)
	at org.junit.internal.runners.model.ReflectiveCallable.run(ReflectiveCallable.java:12)
	at org.junit.runners.model.FrameworkMethod.invokeExplosively(FrameworkMethod.java:44)
	at org.junit.internal.runners.statements.InvokeMethod.evaluate(InvokeMethod.java:17)
	at org.junit.internal.runners.statements.RunBefores.evaluate(RunBefores.java:26)
	at org.junit.internal.runners.statements.RunAfters.evaluate(RunAfters.java:27)
	at org.junit.runners.ParentRunner.runLeaf(ParentRunner.java:271)
	at org.junit.runners.BlockJUnit4ClassRunner.runChild(BlockJUnit4ClassRunner.java:70)
	at org.junit.runners.BlockJUnit4ClassRunner.runChild(BlockJUnit4ClassRunner.java:50)
	at org.junit.runners.ParentRunner$3.run(ParentRunner.java:238)
	at org.junit.runners.ParentRunner$1.schedule(ParentRunner.java:63)
	at org.junit.runners.ParentRunner.runChildren(ParentRunner.java:236)
	at org.junit.runners.ParentRunner.access$000(ParentRunner.java:53)
	at org.junit.runners.ParentRunner$2.evaluate(ParentRunner.java:229)
	at org.junit.runners.ParentRunner.run(ParentRunner.java:309)
	at org.apache.maven.surefire.junit4.JUnit4Provider.execute(JUnit4Provider.java:365)
	at org.apache.maven.surefire.junit4.JUnit4Provider.executeWithRerun(JUnit4Provider.java:273)
	at org.apache.maven.surefire.junit4.JUnit4Provider.executeTestSet(JUnit4Provider.java:238)
	at org.apache.maven.surefire.junit4.JUnit4Provider.invoke(JUnit4Provider.java:159)
	at org.apache.maven.surefire.booter.ForkedBooter.invokeProviderInSameClassLoader(ForkedBooter.java:384)
	at org.apache.maven.surefire.booter.ForkedBooter.runSuitesInProcess(ForkedBooter.java:345)
	at org.apache.maven.surefire.booter.ForkedBooter.execute(ForkedBooter.java:126)
	at org.apache.maven.surefire.booter.ForkedBooter.main(ForkedBooter.java:418)

Sep 05, 2019 9:21:52 AM org.apache.ratis.thirdparty.io.grpc.internal.ManagedChannelOrphanWrapper$ManagedChannelReference cleanQueue
SEVERE: *~*~*~ Channel ManagedChannelImpl{logId=2616, target=192.168.69.66:43563} was not shutdown properly!!! ~*~*~*
    Make sure to call shutdown()/shutdownNow() and wait until awaitTermination() returns true.
java.lang.RuntimeException: ManagedChannel allocation site
	at org.apache.ratis.thirdparty.io.grpc.internal.ManagedChannelOrphanWrapper$ManagedChannelReference.<init>(ManagedChannelOrphanWrapper.java:103)
	at org.apache.ratis.thirdparty.io.grpc.internal.ManagedChannelOrphanWrapper.<init>(ManagedChannelOrphanWrapper.java:53)
	at org.apache.ratis.thirdparty.io.grpc.internal.ManagedChannelOrphanWrapper.<init>(ManagedChannelOrphanWrapper.java:44)
	at org.apache.ratis.thirdparty.io.grpc.internal.AbstractManagedChannelImplBuilder.build(AbstractManagedChannelImplBuilder.java:411)
	at org.apache.ratis.grpc.client.GrpcClientProtocolClient.<init>(GrpcClientProtocolClient.java:119)
	at org.apache.ratis.grpc.client.GrpcClientRpc.lambda$new$0(GrpcClientRpc.java:55)
	at org.apache.ratis.util.PeerProxyMap$PeerAndProxy.lambda$getProxy$0(PeerProxyMap.java:61)
	at org.apache.ratis.util.LifeCycle.startAndTransition(LifeCycle.java:202)
	at org.apache.ratis.util.PeerProxyMap$PeerAndProxy.getProxy(PeerProxyMap.java:60)
	at org.apache.ratis.util.PeerProxyMap.getProxy(PeerProxyMap.java:107)
	at org.apache.ratis.grpc.client.GrpcClientRpc.sendRequestAsync(GrpcClientRpc.java:66)
	at org.apache.ratis.client.impl.OrderedAsync.sendRequest(OrderedAsync.java:208)
	at org.apache.ratis.client.impl.OrderedAsync.sendRequestWithRetry(OrderedAsync.java:169)
	at org.apache.ratis.util.SlidingWindow$Client.sendOrDelayRequest(SlidingWindow.java:278)
	at org.apache.ratis.util.SlidingWindow$Client.retry(SlidingWindow.java:294)
	at org.apache.ratis.client.impl.OrderedAsync.lambda$scheduleWithTimeout$7(OrderedAsync.java:195)
	at org.apache.ratis.util.TimeoutScheduler.lambda$onTimeout$0(TimeoutScheduler.java:85)
	at org.apache.ratis.util.TimeoutScheduler.lambda$onTimeout$1(TimeoutScheduler.java:104)
	at org.apache.ratis.util.LogUtils.runAndLog(LogUtils.java:50)
	at org.apache.ratis.util.LogUtils$1.run(LogUtils.java:91)
	at java.util.concurrent.Executors$RunnableAdapter.call(Executors.java:511)
	at java.util.concurrent.FutureTask.run(FutureTask.java:266)
	at java.util.concurrent.ScheduledThreadPoolExecutor$ScheduledFutureTask.access$201(ScheduledThreadPoolExecutor.java:180)
	at java.util.concurrent.ScheduledThreadPoolExecutor$ScheduledFutureTask.run(ScheduledThreadPoolExecutor.java:293)
	at java.util.concurrent.ThreadPoolExecutor.runWorker(ThreadPoolExecutor.java:1149)
	at java.util.concurrent.ThreadPoolExecutor$Worker.run(ThreadPoolExecutor.java:624)
	at java.lang.Thread.run(Thread.java:748)

Sep 05, 2019 9:21:52 AM org.apache.ratis.thirdparty.io.grpc.internal.ManagedChannelOrphanWrapper$ManagedChannelReference cleanQueue
SEVERE: *~*~*~ Channel ManagedChannelImpl{logId=2631, target=192.168.69.66:38192} was not shutdown properly!!! ~*~*~*
    Make sure to call shutdown()/shutdownNow() and wait until awaitTermination() returns true.
java.lang.RuntimeException: ManagedChannel allocation site
	at org.apache.ratis.thirdparty.io.grpc.internal.ManagedChannelOrphanWrapper$ManagedChannelReference.<init>(ManagedChannelOrphanWrapper.java:103)
	at org.apache.ratis.thirdparty.io.grpc.internal.ManagedChannelOrphanWrapper.<init>(ManagedChannelOrphanWrapper.java:53)
	at org.apache.ratis.thirdparty.io.grpc.internal.ManagedChannelOrphanWrapper.<init>(ManagedChannelOrphanWrapper.java:44)
	at org.apache.ratis.thirdparty.io.grpc.internal.AbstractManagedChannelImplBuilder.build(AbstractManagedChannelImplBuilder.java:411)
	at org.apache.hadoop.hdds.scm.XceiverClientGrpc.connectToDatanode(XceiverClientGrpc.java:175)
	at org.apache.hadoop.hdds.scm.XceiverClientGrpc.reconnect(XceiverClientGrpc.java:423)
	at org.apache.hadoop.hdds.scm.XceiverClientGrpc.sendCommandAsync(XceiverClientGrpc.java:372)
	at org.apache.hadoop.hdds.scm.XceiverClientGrpc.sendCommandWithRetry(XceiverClientGrpc.java:285)
	at org.apache.hadoop.hdds.scm.XceiverClientGrpc.sendCommandWithTraceIDAndRetry(XceiverClientGrpc.java:251)
	at org.apache.hadoop.hdds.scm.XceiverClientGrpc.sendCommand(XceiverClientGrpc.java:234)
	at org.apache.hadoop.hdds.scm.storage.ContainerProtocolCalls.getBlock(ContainerProtocolCalls.java:118)
	at org.apache.hadoop.hdds.scm.storage.BlockInputStream.getChunkInfos(BlockInputStream.java:167)
	at org.apache.hadoop.hdds.scm.storage.BlockInputStream.initialize(BlockInputStream.java:118)
	at org.apache.hadoop.hdds.scm.storage.BlockInputStream.read(BlockInputStream.java:222)
	at org.apache.hadoop.ozone.client.io.KeyInputStream.read(KeyInputStream.java:171)
	at org.apache.hadoop.ozone.client.io.OzoneInputStream.read(OzoneInputStream.java:47)
	at java.io.InputStream.read(InputStream.java:101)
	at org.apache.hadoop.ozone.container.ContainerTestHelper.validateData(ContainerTestHelper.java:713)
	at org.apache.hadoop.ozone.client.rpc.TestBlockOutputStreamWithFailures.validateData(TestBlockOutputStreamWithFailures.java:1216)
	at org.apache.hadoop.ozone.client.rpc.TestBlockOutputStreamWithFailures.testWatchForCommitWithSingleNodeRatis(TestBlockOutputStreamWithFailures.java:918)
	at sun.reflect.NativeMethodAccessorImpl.invoke0(Native Method)
	at sun.reflect.NativeMethodAccessorImpl.invoke(NativeMethodAccessorImpl.java:62)
	at sun.reflect.DelegatingMethodAccessorImpl.invoke(DelegatingMethodAccessorImpl.java:43)
	at java.lang.reflect.Method.invoke(Method.java:498)
	at org.junit.runners.model.FrameworkMethod$1.runReflectiveCall(FrameworkMethod.java:47)
	at org.junit.internal.runners.model.ReflectiveCallable.run(ReflectiveCallable.java:12)
	at org.junit.runners.model.FrameworkMethod.invokeExplosively(FrameworkMethod.java:44)
	at org.junit.internal.runners.statements.InvokeMethod.evaluate(InvokeMethod.java:17)
	at org.junit.internal.runners.statements.RunBefores.evaluate(RunBefores.java:26)
	at org.junit.internal.runners.statements.RunAfters.evaluate(RunAfters.java:27)
	at org.junit.runners.ParentRunner.runLeaf(ParentRunner.java:271)
	at org.junit.runners.BlockJUnit4ClassRunner.runChild(BlockJUnit4ClassRunner.java:70)
	at org.junit.runners.BlockJUnit4ClassRunner.runChild(BlockJUnit4ClassRunner.java:50)
	at org.junit.runners.ParentRunner$3.run(ParentRunner.java:238)
	at org.junit.runners.ParentRunner$1.schedule(ParentRunner.java:63)
	at org.junit.runners.ParentRunner.runChildren(ParentRunner.java:236)
	at org.junit.runners.ParentRunner.access$000(ParentRunner.java:53)
	at org.junit.runners.ParentRunner$2.evaluate(ParentRunner.java:229)
	at org.junit.runners.ParentRunner.run(ParentRunner.java:309)
	at org.apache.maven.surefire.junit4.JUnit4Provider.execute(JUnit4Provider.java:365)
	at org.apache.maven.surefire.junit4.JUnit4Provider.executeWithRerun(JUnit4Provider.java:273)
	at org.apache.maven.surefire.junit4.JUnit4Provider.executeTestSet(JUnit4Provider.java:238)
	at org.apache.maven.surefire.junit4.JUnit4Provider.invoke(JUnit4Provider.java:159)
	at org.apache.maven.surefire.booter.ForkedBooter.invokeProviderInSameClassLoader(ForkedBooter.java:384)
	at org.apache.maven.surefire.booter.ForkedBooter.runSuitesInProcess(ForkedBooter.java:345)
	at org.apache.maven.surefire.booter.ForkedBooter.execute(ForkedBooter.java:126)
	at org.apache.maven.surefire.booter.ForkedBooter.main(ForkedBooter.java:418)

Sep 05, 2019 9:21:52 AM org.apache.ratis.thirdparty.io.grpc.internal.ManagedChannelOrphanWrapper$ManagedChannelReference cleanQueue
SEVERE: *~*~*~ Channel ManagedChannelImpl{logId=2621, target=192.168.69.66:46724} was not shutdown properly!!! ~*~*~*
    Make sure to call shutdown()/shutdownNow() and wait until awaitTermination() returns true.
java.lang.RuntimeException: ManagedChannel allocation site
	at org.apache.ratis.thirdparty.io.grpc.internal.ManagedChannelOrphanWrapper$ManagedChannelReference.<init>(ManagedChannelOrphanWrapper.java:103)
	at org.apache.ratis.thirdparty.io.grpc.internal.ManagedChannelOrphanWrapper.<init>(ManagedChannelOrphanWrapper.java:53)
	at org.apache.ratis.thirdparty.io.grpc.internal.ManagedChannelOrphanWrapper.<init>(ManagedChannelOrphanWrapper.java:44)
	at org.apache.ratis.thirdparty.io.grpc.internal.AbstractManagedChannelImplBuilder.build(AbstractManagedChannelImplBuilder.java:411)
	at org.apache.ratis.grpc.client.GrpcClientProtocolClient.<init>(GrpcClientProtocolClient.java:119)
	at org.apache.ratis.grpc.client.GrpcClientRpc.lambda$new$0(GrpcClientRpc.java:55)
	at org.apache.ratis.util.PeerProxyMap$PeerAndProxy.lambda$getProxy$0(PeerProxyMap.java:61)
	at org.apache.ratis.util.LifeCycle.startAndTransition(LifeCycle.java:202)
	at org.apache.ratis.util.PeerProxyMap$PeerAndProxy.getProxy(PeerProxyMap.java:60)
	at org.apache.ratis.util.PeerProxyMap.getProxy(PeerProxyMap.java:107)
	at org.apache.ratis.grpc.client.GrpcClientRpc.sendRequestAsync(GrpcClientRpc.java:66)
	at org.apache.ratis.client.impl.OrderedAsync.sendRequest(OrderedAsync.java:208)
	at org.apache.ratis.client.impl.OrderedAsync.sendRequestWithRetry(OrderedAsync.java:169)
	at org.apache.ratis.util.SlidingWindow$Client.sendOrDelayRequest(SlidingWindow.java:278)
	at org.apache.ratis.util.SlidingWindow$Client.submitNewRequest(SlidingWindow.java:257)
	at org.apache.ratis.client.impl.OrderedAsync.send(OrderedAsync.java:155)
	at org.apache.ratis.client.impl.RaftClientImpl.sendAsync(RaftClientImpl.java:145)
	at org.apache.ratis.client.impl.RaftClientImpl.sendAsync(RaftClientImpl.java:125)
	at org.apache.hadoop.hdds.scm.XceiverClientRatis.sendRequestAsync(XceiverClientRatis.java:224)
	at org.apache.hadoop.hdds.scm.XceiverClientRatis.sendCommandAsync(XceiverClientRatis.java:302)
	at org.apache.hadoop.hdds.scm.storage.ContainerProtocolCalls.writeChunkAsync(ContainerProtocolCalls.java:310)
	at org.apache.hadoop.hdds.scm.storage.BlockOutputStream.writeChunkToContainer(BlockOutputStream.java:601)
	at org.apache.hadoop.hdds.scm.storage.BlockOutputStream.writeChunk(BlockOutputStream.java:459)
	at org.apache.hadoop.hdds.scm.storage.BlockOutputStream.writeOnRetry(BlockOutputStream.java:285)
	at org.apache.hadoop.ozone.client.io.BlockOutputStreamEntry.writeOnRetry(BlockOutputStreamEntry.java:200)
	at org.apache.hadoop.ozone.client.io.KeyOutputStream.handleWrite(KeyOutputStream.java:209)
	at org.apache.hadoop.ozone.client.io.KeyOutputStream.handleRetry(KeyOutputStream.java:376)
	at org.apache.hadoop.ozone.client.io.KeyOutputStream.handleException(KeyOutputStream.java:325)
	at org.apache.hadoop.ozone.client.io.KeyOutputStream.handleFlushOrClose(KeyOutputStream.java:448)
	at org.apache.hadoop.ozone.client.io.KeyOutputStream.handleWrite(KeyOutputStream.java:235)
	at org.apache.hadoop.ozone.client.io.KeyOutputStream.write(KeyOutputStream.java:193)
	at org.apache.hadoop.ozone.client.io.OzoneOutputStream.write(OzoneOutputStream.java:49)
	at java.io.OutputStream.write(OutputStream.java:75)
	at org.apache.hadoop.ozone.client.rpc.TestBlockOutputStreamWithFailures.testWatchForCommitWithSingleNodeRatis(TestBlockOutputStreamWithFailures.java:885)
	at sun.reflect.NativeMethodAccessorImpl.invoke0(Native Method)
	at sun.reflect.NativeMethodAccessorImpl.invoke(NativeMethodAccessorImpl.java:62)
	at sun.reflect.DelegatingMethodAccessorImpl.invoke(DelegatingMethodAccessorImpl.java:43)
	at java.lang.reflect.Method.invoke(Method.java:498)
	at org.junit.runners.model.FrameworkMethod$1.runReflectiveCall(FrameworkMethod.java:47)
	at org.junit.internal.runners.model.ReflectiveCallable.run(ReflectiveCallable.java:12)
	at org.junit.runners.model.FrameworkMethod.invokeExplosively(FrameworkMethod.java:44)
	at org.junit.internal.runners.statements.InvokeMethod.evaluate(InvokeMethod.java:17)
	at org.junit.internal.runners.statements.RunBefores.evaluate(RunBefores.java:26)
	at org.junit.internal.runners.statements.RunAfters.evaluate(RunAfters.java:27)
	at org.junit.runners.ParentRunner.runLeaf(ParentRunner.java:271)
	at org.junit.runners.BlockJUnit4ClassRunner.runChild(BlockJUnit4ClassRunner.java:70)
	at org.junit.runners.BlockJUnit4ClassRunner.runChild(BlockJUnit4ClassRunner.java:50)
	at org.junit.runners.ParentRunner$3.run(ParentRunner.java:238)
	at org.junit.runners.ParentRunner$1.schedule(ParentRunner.java:63)
	at org.junit.runners.ParentRunner.runChildren(ParentRunner.java:236)
	at org.junit.runners.ParentRunner.access$000(ParentRunner.java:53)
	at org.junit.runners.ParentRunner$2.evaluate(ParentRunner.java:229)
	at org.junit.runners.ParentRunner.run(ParentRunner.java:309)
	at org.apache.maven.surefire.junit4.JUnit4Provider.execute(JUnit4Provider.java:365)
	at org.apache.maven.surefire.junit4.JUnit4Provider.executeWithRerun(JUnit4Provider.java:273)
	at org.apache.maven.surefire.junit4.JUnit4Provider.executeTestSet(JUnit4Provider.java:238)
	at org.apache.maven.surefire.junit4.JUnit4Provider.invoke(JUnit4Provider.java:159)
	at org.apache.maven.surefire.booter.ForkedBooter.invokeProviderInSameClassLoader(ForkedBooter.java:384)
	at org.apache.maven.surefire.booter.ForkedBooter.runSuitesInProcess(ForkedBooter.java:345)
	at org.apache.maven.surefire.booter.ForkedBooter.execute(ForkedBooter.java:126)
	at org.apache.maven.surefire.booter.ForkedBooter.main(ForkedBooter.java:418)

]]></system-err>
  </testcase>
  <testcase name="testFailureWithPrimeSizedData" classname="org.apache.hadoop.ozone.client.rpc.TestBlockOutputStreamWithFailures" time="44.276"/>
  <testcase name="testWatchForCommitWithCloseContainerException" classname="org.apache.hadoop.ozone.client.rpc.TestBlockOutputStreamWithFailures" time="43.569"/>
  <testcase name="testExceptionDuringClose" classname="org.apache.hadoop.ozone.client.rpc.TestBlockOutputStreamWithFailures" time="36.064"/>
</testsuite>