<?xml version="1.0" encoding="UTF-8"?>
<testsuite xmlns:xsi="http://www.w3.org/2001/XMLSchema-instance" xsi:noNamespaceSchemaLocation="https://maven.apache.org/surefire/maven-surefire-plugin/xsd/surefire-test-report.xsd" name="org.apache.hadoop.ozone.client.rpc.TestBlockOutputStreamWithFailures" time="741.305" tests="8" errors="0" skipped="0" failures="1">
  <properties>
    <property name="awt.toolkit" value="sun.awt.X11.XToolkit"/>
    <property name="file.encoding.pkg" value="sun.io"/>
    <property name="java.specification.version" value="1.8"/>
    <property name="sun.cpu.isalist" value=""/>
    <property name="sun.jnu.encoding" value="UTF-8"/>
    <property name="java.class.path" value="/workdir/hadoop-ozone/integration-test/target/test-classes:/workdir/hadoop-ozone/integration-test/target/classes:/home/user/.m2/repository/org/apache/hadoop/hadoop-ozone-common/0.5.0-SNAPSHOT/hadoop-ozone-common-0.5.0-SNAPSHOT.jar:/home/user/.m2/repository/org/apache/commons/commons-compress/1.4.1/commons-compress-1.4.1.jar:/home/user/.m2/repository/org/tukaani/xz/1.0/xz-1.0.jar:/home/user/.m2/repository/org/apache/hadoop/hadoop-common/3.2.0/hadoop-common-3.2.0.jar:/home/user/.m2/repository/org/apache/hadoop/hadoop-hdfs/3.2.0/hadoop-hdfs-3.2.0.jar:/home/user/.m2/repository/org/apache/hadoop/hadoop-hdfs-client/3.2.0/hadoop-hdfs-client-3.2.0.jar:/home/user/.m2/repository/com/fasterxml/jackson/core/jackson-annotations/2.9.5/jackson-annotations-2.9.5.jar:/home/user/.m2/repository/org/apache/hadoop/hadoop-hdds-common/0.5.0-SNAPSHOT/hadoop-hdds-common-0.5.0-SNAPSHOT.jar:/home/user/.m2/repository/javax/annotation/javax.annotation-api/1.2/javax.annotation-api-1.2.jar:/home/user/.m2/repository/org/apache/ratis/ratis-server/0.4.0-2337318-SNAPSHOT/ratis-server-0.4.0-2337318-SNAPSHOT.jar:/home/user/.m2/repository/org/apache/ratis/ratis-thirdparty-misc/0.2.0/ratis-thirdparty-misc-0.2.0.jar:/home/user/.m2/repository/org/apache/ratis/ratis-proto/0.4.0-2337318-SNAPSHOT/ratis-proto-0.4.0-2337318-SNAPSHOT.jar:/home/user/.m2/repository/org/apache/ratis/ratis-common/0.4.0-2337318-SNAPSHOT/ratis-common-0.4.0-2337318-SNAPSHOT.jar:/home/user/.m2/repository/org/apache/ratis/ratis-client/0.4.0-2337318-SNAPSHOT/ratis-client-0.4.0-2337318-SNAPSHOT.jar:/home/user/.m2/repository/org/apache/ratis/ratis-metrics/0.4.0-2337318-SNAPSHOT/ratis-metrics-0.4.0-2337318-SNAPSHOT.jar:/home/user/.m2/repository/org/apache/ratis/ratis-netty/0.4.0-2337318-SNAPSHOT/ratis-netty-0.4.0-2337318-SNAPSHOT.jar:/home/user/.m2/repository/org/apache/ratis/ratis-grpc/0.4.0-2337318-SNAPSHOT/ratis-grpc-0.4.0-2337318-SNAPSHOT.jar:/home/user/.m2/repository/org/rocksdb/rocksdbjni/6.0.1/rocksdbjni-6.0.1.jar:/home/user/.m2/repository/org/apache/logging/log4j/log4j-api/2.11.0/log4j-api-2.11.0.jar:/home/user/.m2/repository/org/apache/logging/log4j/log4j-core/2.11.0/log4j-core-2.11.0.jar:/home/user/.m2/repository/com/lmax/disruptor/3.4.2/disruptor-3.4.2.jar:/home/user/.m2/repository/org/apache/commons/commons-pool2/2.6.0/commons-pool2-2.6.0.jar:/home/user/.m2/repository/org/bouncycastle/bcpkix-jdk15on/1.60/bcpkix-jdk15on-1.60.jar:/home/user/.m2/repository/commons-validator/commons-validator/1.6/commons-validator-1.6.jar:/home/user/.m2/repository/commons-digester/commons-digester/1.8.1/commons-digester-1.8.1.jar:/home/user/.m2/repository/io/jaegertracing/jaeger-client/0.33.1/jaeger-client-0.33.1.jar:/home/user/.m2/repository/io/jaegertracing/jaeger-thrift/0.33.1/jaeger-thrift-0.33.1.jar:/home/user/.m2/repository/org/apache/thrift/libthrift/0.11.0/libthrift-0.11.0.jar:/home/user/.m2/repository/com/squareup/okhttp3/okhttp/3.9.0/okhttp-3.9.0.jar:/home/user/.m2/repository/com/squareup/okio/okio/1.13.0/okio-1.13.0.jar:/home/user/.m2/repository/io/jaegertracing/jaeger-core/0.33.1/jaeger-core-0.33.1.jar:/home/user/.m2/repository/io/jaegertracing/jaeger-tracerresolver/0.33.1/jaeger-tracerresolver-0.33.1.jar:/home/user/.m2/repository/io/opentracing/contrib/opentracing-tracerresolver/0.1.5/opentracing-tracerresolver-0.1.5.jar:/home/user/.m2/repository/io/opentracing/opentracing-util/0.31.0/opentracing-util-0.31.0.jar:/home/user/.m2/repository/io/opentracing/opentracing-api/0.31.0/opentracing-api-0.31.0.jar:/home/user/.m2/repository/io/opentracing/opentracing-noop/0.31.0/opentracing-noop-0.31.0.jar:/home/user/.m2/repository/org/apache/hadoop/hadoop-hdds-server-framework/0.5.0-SNAPSHOT/hadoop-hdds-server-framework-0.5.0-SNAPSHOT.jar:/home/user/.m2/repository/org/apache/hadoop/hadoop-hdds-container-service/0.5.0-SNAPSHOT/hadoop-hdds-container-service-0.5.0-SNAPSHOT.jar:/home/user/.m2/repository/org/apache/hadoop/hadoop-hdds-client/0.5.0-SNAPSHOT/hadoop-hdds-client-0.5.0-SNAPSHOT.jar:/home/user/.m2/repository/org/apache/hadoop/hadoop-hdds-tools/0.5.0-SNAPSHOT/hadoop-hdds-tools-0.5.0-SNAPSHOT.jar:/home/user/.m2/repository/org/apache/hadoop/hadoop-hdds-server-scm/0.5.0-SNAPSHOT/hadoop-hdds-server-scm-0.5.0-SNAPSHOT.jar:/home/user/.m2/repository/org/apache/hadoop/hadoop-hdds-docs/0.5.0-SNAPSHOT/hadoop-hdds-docs-0.5.0-SNAPSHOT.jar:/home/user/.m2/repository/io/dropwizard/metrics/metrics-core/3.2.4/metrics-core-3.2.4.jar:/home/user/.m2/repository/org/hamcrest/hamcrest-all/1.3/hamcrest-all-1.3.jar:/home/user/.m2/repository/org/bouncycastle/bcprov-jdk15on/1.60/bcprov-jdk15on-1.60.jar:/home/user/.m2/repository/info/picocli/picocli/3.9.6/picocli-3.9.6.jar:/home/user/.m2/repository/com/google/protobuf/protobuf-java/2.5.0/protobuf-java-2.5.0.jar:/home/user/.m2/repository/com/google/guava/guava/11.0.2/guava-11.0.2.jar:/home/user/.m2/repository/org/apache/hadoop/hadoop-ozone-ozone-manager/0.5.0-SNAPSHOT/hadoop-ozone-ozone-manager-0.5.0-SNAPSHOT.jar:/home/user/.m2/repository/org/apache/hadoop/hadoop-minikdc/3.2.0/hadoop-minikdc-3.2.0.jar:/home/user/.m2/repository/commons-io/commons-io/2.5/commons-io-2.5.jar:/home/user/.m2/repository/org/apache/kerby/kerb-simplekdc/1.0.1/kerb-simplekdc-1.0.1.jar:/home/user/.m2/repository/org/apache/kerby/kerb-client/1.0.1/kerb-client-1.0.1.jar:/home/user/.m2/repository/org/apache/kerby/kerby-config/1.0.1/kerby-config-1.0.1.jar:/home/user/.m2/repository/org/apache/kerby/kerb-core/1.0.1/kerb-core-1.0.1.jar:/home/user/.m2/repository/org/apache/kerby/kerby-pkix/1.0.1/kerby-pkix-1.0.1.jar:/home/user/.m2/repository/org/apache/kerby/kerby-asn1/1.0.1/kerby-asn1-1.0.1.jar:/home/user/.m2/repository/org/apache/kerby/kerby-util/1.0.1/kerby-util-1.0.1.jar:/home/user/.m2/repository/org/apache/kerby/kerb-common/1.0.1/kerb-common-1.0.1.jar:/home/user/.m2/repository/org/apache/kerby/kerb-crypto/1.0.1/kerb-crypto-1.0.1.jar:/home/user/.m2/repository/org/apache/kerby/kerb-util/1.0.1/kerb-util-1.0.1.jar:/home/user/.m2/repository/org/apache/kerby/token-provider/1.0.1/token-provider-1.0.1.jar:/home/user/.m2/repository/org/apache/kerby/kerb-admin/1.0.1/kerb-admin-1.0.1.jar:/home/user/.m2/repository/org/apache/kerby/kerb-server/1.0.1/kerb-server-1.0.1.jar:/home/user/.m2/repository/org/apache/kerby/kerb-identity/1.0.1/kerb-identity-1.0.1.jar:/home/user/.m2/repository/org/apache/kerby/kerby-xdr/1.0.1/kerby-xdr-1.0.1.jar:/home/user/.m2/repository/org/slf4j/slf4j-log4j12/1.7.25/slf4j-log4j12-1.7.25.jar:/home/user/.m2/repository/org/apache/hadoop/hadoop-ozone-objectstore-service/0.5.0-SNAPSHOT/hadoop-ozone-objectstore-service-0.5.0-SNAPSHOT.jar:/home/user/.m2/repository/org/apache/hadoop/hadoop-ozone-s3gateway/0.5.0-SNAPSHOT/hadoop-ozone-s3gateway-0.5.0-SNAPSHOT.jar:/home/user/.m2/repository/org/jboss/weld/servlet/weld-servlet/2.4.7.Final/weld-servlet-2.4.7.Final.jar:/home/user/.m2/repository/org/glassfish/jersey/containers/jersey-container-servlet-core/2.27/jersey-container-servlet-core-2.27.jar:/home/user/.m2/repository/org/glassfish/hk2/external/javax.inject/2.5.0-b42/javax.inject-2.5.0-b42.jar:/home/user/.m2/repository/org/glassfish/jersey/core/jersey-common/2.27/jersey-common-2.27.jar:/home/user/.m2/repository/org/glassfish/hk2/osgi-resource-locator/1.0.1/osgi-resource-locator-1.0.1.jar:/home/user/.m2/repository/javax/ws/rs/javax.ws.rs-api/2.1/javax.ws.rs-api-2.1.jar:/home/user/.m2/repository/org/glassfish/jersey/ext/cdi/jersey-cdi1x/2.27/jersey-cdi1x-2.27.jar:/home/user/.m2/repository/org/glassfish/jersey/inject/jersey-hk2/2.27/jersey-hk2-2.27.jar:/home/user/.m2/repository/org/glassfish/hk2/hk2-locator/2.5.0-b42/hk2-locator-2.5.0-b42.jar:/home/user/.m2/repository/org/javassist/javassist/3.22.0-CR2/javassist-3.22.0-CR2.jar:/home/user/.m2/repository/org/glassfish/hk2/hk2-api/2.5.0/hk2-api-2.5.0.jar:/home/user/.m2/repository/org/glassfish/hk2/external/jakarta.inject/2.5.0/jakarta.inject-2.5.0.jar:/home/user/.m2/repository/org/glassfish/hk2/hk2-utils/2.5.0/hk2-utils-2.5.0.jar:/home/user/.m2/repository/jakarta/annotation/jakarta.annotation-api/1.3.4/jakarta.annotation-api-1.3.4.jar:/home/user/.m2/repository/org/glassfish/hk2/external/aopalliance-repackaged/2.5.0/aopalliance-repackaged-2.5.0.jar:/home/user/.m2/repository/com/fasterxml/jackson/dataformat/jackson-dataformat-xml/2.9.0/jackson-dataformat-xml-2.9.0.jar:/home/user/.m2/repository/com/fasterxml/jackson/core/jackson-core/2.9.5/jackson-core-2.9.5.jar:/home/user/.m2/repository/com/fasterxml/jackson/module/jackson-module-jaxb-annotations/2.9.5/jackson-module-jaxb-annotations-2.9.5.jar:/home/user/.m2/repository/javax/enterprise/cdi-api/1.2/cdi-api-1.2.jar:/home/user/.m2/repository/javax/el/javax.el-api/3.0.0/javax.el-api-3.0.0.jar:/home/user/.m2/repository/javax/interceptor/javax.interceptor-api/1.2/javax.interceptor-api-1.2.jar:/home/user/.m2/repository/javax/inject/javax.inject/1/javax.inject-1.jar:/home/user/.m2/repository/com/sun/xml/bind/jaxb-impl/2.3.0.1/jaxb-impl-2.3.0.1.jar:/home/user/.m2/repository/com/sun/xml/bind/jaxb-core/2.3.0.1/jaxb-core-2.3.0.1.jar:/home/user/.m2/repository/javax/xml/bind/jaxb-api/2.3.0/jaxb-api-2.3.0.jar:/home/user/.m2/repository/javax/activation/activation/1.1.1/activation-1.1.1.jar:/home/user/.m2/repository/org/apache/hadoop/hadoop-ozone-csi/0.5.0-SNAPSHOT/hadoop-ozone-csi-0.5.0-SNAPSHOT.jar:/home/user/.m2/repository/com/google/protobuf/protobuf-java-util/3.5.1/protobuf-java-util-3.5.1.jar:/home/user/.m2/repository/org/apache/hadoop/hadoop-hdds-config/0.5.0-SNAPSHOT/hadoop-hdds-config-0.5.0-SNAPSHOT.jar:/home/user/.m2/repository/io/grpc/grpc-netty/1.17.1/grpc-netty-1.17.1.jar:/home/user/.m2/repository/io/grpc/grpc-core/1.17.1/grpc-core-1.17.1.jar:/home/user/.m2/repository/io/grpc/grpc-context/1.17.1/grpc-context-1.17.1.jar:/home/user/.m2/repository/com/google/errorprone/error_prone_annotations/2.2.0/error_prone_annotations-2.2.0.jar:/home/user/.m2/repository/org/codehaus/mojo/animal-sniffer-annotations/1.17/animal-sniffer-annotations-1.17.jar:/home/user/.m2/repository/io/opencensus/opencensus-api/0.17.0/opencensus-api-0.17.0.jar:/home/user/.m2/repository/io/opencensus/opencensus-contrib-grpc-metrics/0.17.0/opencensus-contrib-grpc-metrics-0.17.0.jar:/home/user/.m2/repository/io/netty/netty-codec-http2/4.1.30.Final/netty-codec-http2-4.1.30.Final.jar:/home/user/.m2/repository/io/netty/netty-codec-http/4.1.30.Final/netty-codec-http-4.1.30.Final.jar:/home/user/.m2/repository/io/netty/netty-codec/4.1.30.Final/netty-codec-4.1.30.Final.jar:/home/user/.m2/repository/io/netty/netty-handler/4.1.30.Final/netty-handler-4.1.30.Final.jar:/home/user/.m2/repository/io/netty/netty-handler-proxy/4.1.30.Final/netty-handler-proxy-4.1.30.Final.jar:/home/user/.m2/repository/io/netty/netty-codec-socks/4.1.30.Final/netty-codec-socks-4.1.30.Final.jar:/home/user/.m2/repository/io/netty/netty-transport-native-epoll/4.1.30.Final/netty-transport-native-epoll-4.1.30.Final.jar:/home/user/.m2/repository/io/netty/netty-common/4.1.30.Final/netty-common-4.1.30.Final.jar:/home/user/.m2/repository/io/netty/netty-buffer/4.1.30.Final/netty-buffer-4.1.30.Final.jar:/home/user/.m2/repository/io/netty/netty-transport/4.1.30.Final/netty-transport-4.1.30.Final.jar:/home/user/.m2/repository/io/netty/netty-resolver/4.1.30.Final/netty-resolver-4.1.30.Final.jar:/home/user/.m2/repository/io/netty/netty-transport-native-unix-common/4.1.30.Final/netty-transport-native-unix-common-4.1.30.Final.jar:/home/user/.m2/repository/io/grpc/grpc-protobuf/1.17.1/grpc-protobuf-1.17.1.jar:/home/user/.m2/repository/com/google/api/grpc/proto-google-common-protos/1.0.0/proto-google-common-protos-1.0.0.jar:/home/user/.m2/repository/io/grpc/grpc-protobuf-lite/1.17.1/grpc-protobuf-lite-1.17.1.jar:/home/user/.m2/repository/io/grpc/grpc-stub/1.17.1/grpc-stub-1.17.1.jar:/home/user/.m2/repository/org/apache/hadoop/hadoop-ozone-recon/0.5.0-SNAPSHOT/hadoop-ozone-recon-0.5.0-SNAPSHOT.jar:/home/user/.m2/repository/org/apache/hadoop/hadoop-ozone-reconcodegen/0.5.0-SNAPSHOT/hadoop-ozone-reconcodegen-0.5.0-SNAPSHOT.jar:/home/user/.m2/repository/com/google/inject/extensions/guice-multibindings/4.0/guice-multibindings-4.0.jar:/home/user/.m2/repository/com/google/inject/guice/4.0/guice-4.0.jar:/home/user/.m2/repository/aopalliance/aopalliance/1.0/aopalliance-1.0.jar:/home/user/.m2/repository/com/google/inject/extensions/guice-servlet/4.0/guice-servlet-4.0.jar:/home/user/.m2/repository/org/glassfish/jersey/containers/jersey-container-servlet/2.27/jersey-container-servlet-2.27.jar:/home/user/.m2/repository/org/glassfish/hk2/guice-bridge/2.5.0/guice-bridge-2.5.0.jar:/home/user/.m2/repository/org/glassfish/jersey/core/jersey-server/2.27/jersey-server-2.27.jar:/home/user/.m2/repository/org/glassfish/jersey/core/jersey-client/2.27/jersey-client-2.27.jar:/home/user/.m2/repository/org/glassfish/jersey/media/jersey-media-jaxb/2.27/jersey-media-jaxb-2.27.jar:/home/user/.m2/repository/javax/validation/validation-api/1.1.0.Final/validation-api-1.1.0.Final.jar:/home/user/.m2/repository/org/glassfish/jersey/media/jersey-media-json-jackson/2.27/jersey-media-json-jackson-2.27.jar:/home/user/.m2/repository/org/glassfish/jersey/ext/jersey-entity-filtering/2.27/jersey-entity-filtering-2.27.jar:/home/user/.m2/repository/com/google/inject/extensions/guice-assistedinject/4.0/guice-assistedinject-4.0.jar:/home/user/.m2/repository/org/jooq/jooq/3.11.10/jooq-3.11.10.jar:/home/user/.m2/repository/org/jooq/jooq-meta/3.11.10/jooq-meta-3.11.10.jar:/home/user/.m2/repository/org/jooq/jooq-codegen/3.11.10/jooq-codegen-3.11.10.jar:/home/user/.m2/repository/com/jolbox/bonecp/0.8.0.RELEASE/bonecp-0.8.0.RELEASE.jar:/home/user/.m2/repository/org/xerial/sqlite-jdbc/3.25.2/sqlite-jdbc-3.25.2.jar:/home/user/.m2/repository/org/springframework/spring-jdbc/5.1.3.RELEASE/spring-jdbc-5.1.3.RELEASE.jar:/home/user/.m2/repository/org/springframework/spring-beans/5.1.3.RELEASE/spring-beans-5.1.3.RELEASE.jar:/home/user/.m2/repository/org/springframework/spring-core/5.1.3.RELEASE/spring-core-5.1.3.RELEASE.jar:/home/user/.m2/repository/org/springframework/spring-jcl/5.1.3.RELEASE/spring-jcl-5.1.3.RELEASE.jar:/home/user/.m2/repository/org/springframework/spring-tx/5.1.3.RELEASE/spring-tx-5.1.3.RELEASE.jar:/home/user/.m2/repository/org/apache/hadoop/hadoop-ozone-client/0.5.0-SNAPSHOT/hadoop-ozone-client-0.5.0-SNAPSHOT.jar:/home/user/.m2/repository/commons-lang/commons-lang/2.6/commons-lang-2.6.jar:/home/user/.m2/repository/org/apache/hadoop/hadoop-ozone-ozone-manager/0.5.0-SNAPSHOT/hadoop-ozone-ozone-manager-0.5.0-SNAPSHOT-tests.jar:/home/user/.m2/repository/junit/junit/4.11/junit-4.11.jar:/home/user/.m2/repository/org/hamcrest/hamcrest-core/1.3/hamcrest-core-1.3.jar:/home/user/.m2/repository/org/openjdk/jmh/jmh-core/1.19/jmh-core-1.19.jar:/home/user/.m2/repository/net/sf/jopt-simple/jopt-simple/4.6/jopt-simple-4.6.jar:/home/user/.m2/repository/org/apache/commons/commons-math3/3.1.1/commons-math3-3.1.1.jar:/home/user/.m2/repository/org/openjdk/jmh/jmh-generator-annprocess/1.19/jmh-generator-annprocess-1.19.jar:/home/user/.m2/repository/org/mockito/mockito-all/1.8.5/mockito-all-1.8.5.jar:/home/user/.m2/repository/org/apache/hadoop/hadoop-kms/3.2.0/hadoop-kms-3.2.0.jar:/home/user/.m2/repository/org/apache/hadoop/hadoop-auth/3.2.0/hadoop-auth-3.2.0.jar:/home/user/.m2/repository/com/nimbusds/nimbus-jose-jwt/4.41.1/nimbus-jose-jwt-4.41.1.jar:/home/user/.m2/repository/com/github/stephenc/jcip/jcip-annotations/1.0-1/jcip-annotations-1.0-1.jar:/home/user/.m2/repository/net/minidev/json-smart/2.3/json-smart-2.3.jar:/home/user/.m2/repository/net/minidev/accessors-smart/1.2/accessors-smart-1.2.jar:/home/user/.m2/repository/org/ow2/asm/asm/5.0.4/asm-5.0.4.jar:/home/user/.m2/repository/org/apache/curator/curator-framework/2.12.0/curator-framework-2.12.0.jar:/home/user/.m2/repository/com/sun/jersey/jersey-core/1.19/jersey-core-1.19.jar:/home/user/.m2/repository/javax/ws/rs/jsr311-api/1.1.1/jsr311-api-1.1.1.jar:/home/user/.m2/repository/com/sun/jersey/jersey-server/1.19/jersey-server-1.19.jar:/home/user/.m2/repository/javax/servlet/javax.servlet-api/3.1.0/javax.servlet-api-3.1.0.jar:/home/user/.m2/repository/org/eclipse/jetty/jetty-server/9.3.24.v20180605/jetty-server-9.3.24.v20180605.jar:/home/user/.m2/repository/org/eclipse/jetty/jetty-http/9.3.24.v20180605/jetty-http-9.3.24.v20180605.jar:/home/user/.m2/repository/org/eclipse/jetty/jetty-io/9.3.24.v20180605/jetty-io-9.3.24.v20180605.jar:/home/user/.m2/repository/org/eclipse/jetty/jetty-webapp/9.3.24.v20180605/jetty-webapp-9.3.24.v20180605.jar:/home/user/.m2/repository/org/eclipse/jetty/jetty-xml/9.3.24.v20180605/jetty-xml-9.3.24.v20180605.jar:/home/user/.m2/repository/log4j/log4j/1.2.17/log4j-1.2.17.jar:/home/user/.m2/repository/org/slf4j/slf4j-api/1.7.25/slf4j-api-1.7.25.jar:/home/user/.m2/repository/org/slf4j/jul-to-slf4j/1.7.25/jul-to-slf4j-1.7.25.jar:/home/user/.m2/repository/org/eclipse/jetty/jetty-util/9.3.24.v20180605/jetty-util-9.3.24.v20180605.jar:/home/user/.m2/repository/com/fasterxml/jackson/core/jackson-databind/2.9.5/jackson-databind-2.9.5.jar:/home/user/.m2/repository/org/apache/hadoop/hadoop-kms/3.2.0/hadoop-kms-3.2.0-tests.jar:/home/user/.m2/repository/org/apache/hadoop/hadoop-hdds-server-scm/0.5.0-SNAPSHOT/hadoop-hdds-server-scm-0.5.0-SNAPSHOT-tests.jar:/home/user/.m2/repository/org/apache/hadoop/hadoop-hdds-container-service/0.5.0-SNAPSHOT/hadoop-hdds-container-service-0.5.0-SNAPSHOT-tests.jar:/home/user/.m2/repository/org/yaml/snakeyaml/1.16/snakeyaml-1.16.jar:/home/user/.m2/repository/org/apache/hadoop/hadoop-common/3.2.0/hadoop-common-3.2.0-tests.jar:/home/user/.m2/repository/org/apache/hadoop/hadoop-annotations/3.2.0/hadoop-annotations-3.2.0.jar:/usr/lib/jvm/java-1.8-openjdk/jre/../lib/tools.jar:/home/user/.m2/repository/commons-cli/commons-cli/1.2/commons-cli-1.2.jar:/home/user/.m2/repository/org/apache/httpcomponents/httpclient/4.5.2/httpclient-4.5.2.jar:/home/user/.m2/repository/org/apache/httpcomponents/httpcore/4.4.4/httpcore-4.4.4.jar:/home/user/.m2/repository/commons-codec/commons-codec/1.11/commons-codec-1.11.jar:/home/user/.m2/repository/commons-net/commons-net/3.6/commons-net-3.6.jar:/home/user/.m2/repository/commons-collections/commons-collections/3.2.2/commons-collections-3.2.2.jar:/home/user/.m2/repository/org/eclipse/jetty/jetty-servlet/9.3.24.v20180605/jetty-servlet-9.3.24.v20180605.jar:/home/user/.m2/repository/org/eclipse/jetty/jetty-security/9.3.24.v20180605/jetty-security-9.3.24.v20180605.jar:/home/user/.m2/repository/javax/servlet/jsp/jsp-api/2.1/jsp-api-2.1.jar:/home/user/.m2/repository/com/sun/jersey/jersey-servlet/1.19/jersey-servlet-1.19.jar:/home/user/.m2/repository/com/sun/jersey/jersey-json/1.19/jersey-json-1.19.jar:/home/user/.m2/repository/org/codehaus/jettison/jettison/1.1/jettison-1.1.jar:/home/user/.m2/repository/org/codehaus/jackson/jackson-core-asl/1.9.13/jackson-core-asl-1.9.13.jar:/home/user/.m2/repository/org/codehaus/jackson/jackson-mapper-asl/1.9.13/jackson-mapper-asl-1.9.13.jar:/home/user/.m2/repository/org/codehaus/jackson/jackson-jaxrs/1.9.13/jackson-jaxrs-1.9.13.jar:/home/user/.m2/repository/org/codehaus/jackson/jackson-xc/1.9.13/jackson-xc-1.9.13.jar:/home/user/.m2/repository/commons-logging/commons-logging/1.1.3/commons-logging-1.1.3.jar:/home/user/.m2/repository/commons-beanutils/commons-beanutils/1.9.3/commons-beanutils-1.9.3.jar:/home/user/.m2/repository/org/apache/commons/commons-configuration2/2.1.1/commons-configuration2-2.1.1.jar:/home/user/.m2/repository/org/apache/commons/commons-lang3/3.7/commons-lang3-3.7.jar:/home/user/.m2/repository/org/apache/commons/commons-text/1.4/commons-text-1.4.jar:/home/user/.m2/repository/org/apache/avro/avro/1.7.7/avro-1.7.7.jar:/home/user/.m2/repository/com/thoughtworks/paranamer/paranamer/2.3/paranamer-2.3.jar:/home/user/.m2/repository/org/xerial/snappy/snappy-java/1.0.5/snappy-java-1.0.5.jar:/home/user/.m2/repository/com/google/re2j/re2j/1.1/re2j-1.1.jar:/home/user/.m2/repository/com/google/code/gson/gson/2.2.4/gson-2.2.4.jar:/home/user/.m2/repository/com/jcraft/jsch/0.1.54/jsch-0.1.54.jar:/home/user/.m2/repository/org/apache/curator/curator-client/2.12.0/curator-client-2.12.0.jar:/home/user/.m2/repository/org/apache/curator/curator-recipes/2.12.0/curator-recipes-2.12.0.jar:/home/user/.m2/repository/com/google/code/findbugs/jsr305/3.0.0/jsr305-3.0.0.jar:/home/user/.m2/repository/org/apache/htrace/htrace-core4/4.1.0-incubating/htrace-core4-4.1.0-incubating.jar:/home/user/.m2/repository/org/apache/zookeeper/zookeeper/3.4.13/zookeeper-3.4.13.jar:/home/user/.m2/repository/org/apache/yetus/audience-annotations/0.5.0/audience-annotations-0.5.0.jar:/home/user/.m2/repository/org/codehaus/woodstox/stax2-api/3.1.4/stax2-api-3.1.4.jar:/home/user/.m2/repository/com/fasterxml/woodstox/woodstox-core/5.0.3/woodstox-core-5.0.3.jar:/home/user/.m2/repository/dnsjava/dnsjava/2.1.7/dnsjava-2.1.7.jar:/home/user/.m2/repository/org/apache/hadoop/hadoop-hdfs/3.2.0/hadoop-hdfs-3.2.0-tests.jar:/home/user/.m2/repository/org/eclipse/jetty/jetty-util-ajax/9.3.24.v20180605/jetty-util-ajax-9.3.24.v20180605.jar:/home/user/.m2/repository/commons-daemon/commons-daemon/1.0.13/commons-daemon-1.0.13.jar:/home/user/.m2/repository/io/netty/netty/3.10.5.Final/netty-3.10.5.Final.jar:/home/user/.m2/repository/io/netty/netty-all/4.0.52.Final/netty-all-4.0.52.Final.jar:/home/user/.m2/repository/org/fusesource/leveldbjni/leveldbjni-all/1.8/leveldbjni-all-1.8.jar:"/>
    <property name="java.vm.vendor" value="IcedTea"/>
    <property name="sun.arch.data.model" value="64"/>
    <property name="test.build.dir" value="/workdir/hadoop-ozone/integration-test/target/test-dir"/>
    <property name="test.cache.data" value=""/>
    <property name="java.vendor.url" value="https://icedtea.classpath.org"/>
    <property name="user.timezone" value=""/>
    <property name="java.vm.specification.version" value="1.8"/>
    <property name="os.name" value="Linux"/>
    <property name="test.build.data" value="/workdir/hadoop-ozone/integration-test/target/test-dir"/>
    <property name="user.country" value="US"/>
    <property name="sun.java.launcher" value="SUN_STANDARD"/>
    <property name="sun.boot.library.path" value="/usr/lib/jvm/java-1.8-openjdk/jre/lib/amd64"/>
    <property name="sun.java.command" value="/workdir/hadoop-ozone/integration-test/target/surefire/surefirebooter115907951714726205.jar /workdir/hadoop-ozone/integration-test/target/surefire 2019-09-04T12-22-45_869-jvmRun1 surefire8398669435048525224tmp surefire_301317351268700178329tmp"/>
    <property name="test" value="!TestMiniChaosOzoneCluster"/>
    <property name="surefire.test.class.path" value="/workdir/hadoop-ozone/integration-test/target/test-classes:/workdir/hadoop-ozone/integration-test/target/classes:/home/user/.m2/repository/org/apache/hadoop/hadoop-ozone-common/0.5.0-SNAPSHOT/hadoop-ozone-common-0.5.0-SNAPSHOT.jar:/home/user/.m2/repository/org/apache/commons/commons-compress/1.4.1/commons-compress-1.4.1.jar:/home/user/.m2/repository/org/tukaani/xz/1.0/xz-1.0.jar:/home/user/.m2/repository/org/apache/hadoop/hadoop-common/3.2.0/hadoop-common-3.2.0.jar:/home/user/.m2/repository/org/apache/hadoop/hadoop-hdfs/3.2.0/hadoop-hdfs-3.2.0.jar:/home/user/.m2/repository/org/apache/hadoop/hadoop-hdfs-client/3.2.0/hadoop-hdfs-client-3.2.0.jar:/home/user/.m2/repository/com/fasterxml/jackson/core/jackson-annotations/2.9.5/jackson-annotations-2.9.5.jar:/home/user/.m2/repository/org/apache/hadoop/hadoop-hdds-common/0.5.0-SNAPSHOT/hadoop-hdds-common-0.5.0-SNAPSHOT.jar:/home/user/.m2/repository/javax/annotation/javax.annotation-api/1.2/javax.annotation-api-1.2.jar:/home/user/.m2/repository/org/apache/ratis/ratis-server/0.4.0-2337318-SNAPSHOT/ratis-server-0.4.0-2337318-SNAPSHOT.jar:/home/user/.m2/repository/org/apache/ratis/ratis-thirdparty-misc/0.2.0/ratis-thirdparty-misc-0.2.0.jar:/home/user/.m2/repository/org/apache/ratis/ratis-proto/0.4.0-2337318-SNAPSHOT/ratis-proto-0.4.0-2337318-SNAPSHOT.jar:/home/user/.m2/repository/org/apache/ratis/ratis-common/0.4.0-2337318-SNAPSHOT/ratis-common-0.4.0-2337318-SNAPSHOT.jar:/home/user/.m2/repository/org/apache/ratis/ratis-client/0.4.0-2337318-SNAPSHOT/ratis-client-0.4.0-2337318-SNAPSHOT.jar:/home/user/.m2/repository/org/apache/ratis/ratis-metrics/0.4.0-2337318-SNAPSHOT/ratis-metrics-0.4.0-2337318-SNAPSHOT.jar:/home/user/.m2/repository/org/apache/ratis/ratis-netty/0.4.0-2337318-SNAPSHOT/ratis-netty-0.4.0-2337318-SNAPSHOT.jar:/home/user/.m2/repository/org/apache/ratis/ratis-grpc/0.4.0-2337318-SNAPSHOT/ratis-grpc-0.4.0-2337318-SNAPSHOT.jar:/home/user/.m2/repository/org/rocksdb/rocksdbjni/6.0.1/rocksdbjni-6.0.1.jar:/home/user/.m2/repository/org/apache/logging/log4j/log4j-api/2.11.0/log4j-api-2.11.0.jar:/home/user/.m2/repository/org/apache/logging/log4j/log4j-core/2.11.0/log4j-core-2.11.0.jar:/home/user/.m2/repository/com/lmax/disruptor/3.4.2/disruptor-3.4.2.jar:/home/user/.m2/repository/org/apache/commons/commons-pool2/2.6.0/commons-pool2-2.6.0.jar:/home/user/.m2/repository/org/bouncycastle/bcpkix-jdk15on/1.60/bcpkix-jdk15on-1.60.jar:/home/user/.m2/repository/commons-validator/commons-validator/1.6/commons-validator-1.6.jar:/home/user/.m2/repository/commons-digester/commons-digester/1.8.1/commons-digester-1.8.1.jar:/home/user/.m2/repository/io/jaegertracing/jaeger-client/0.33.1/jaeger-client-0.33.1.jar:/home/user/.m2/repository/io/jaegertracing/jaeger-thrift/0.33.1/jaeger-thrift-0.33.1.jar:/home/user/.m2/repository/org/apache/thrift/libthrift/0.11.0/libthrift-0.11.0.jar:/home/user/.m2/repository/com/squareup/okhttp3/okhttp/3.9.0/okhttp-3.9.0.jar:/home/user/.m2/repository/com/squareup/okio/okio/1.13.0/okio-1.13.0.jar:/home/user/.m2/repository/io/jaegertracing/jaeger-core/0.33.1/jaeger-core-0.33.1.jar:/home/user/.m2/repository/io/jaegertracing/jaeger-tracerresolver/0.33.1/jaeger-tracerresolver-0.33.1.jar:/home/user/.m2/repository/io/opentracing/contrib/opentracing-tracerresolver/0.1.5/opentracing-tracerresolver-0.1.5.jar:/home/user/.m2/repository/io/opentracing/opentracing-util/0.31.0/opentracing-util-0.31.0.jar:/home/user/.m2/repository/io/opentracing/opentracing-api/0.31.0/opentracing-api-0.31.0.jar:/home/user/.m2/repository/io/opentracing/opentracing-noop/0.31.0/opentracing-noop-0.31.0.jar:/home/user/.m2/repository/org/apache/hadoop/hadoop-hdds-server-framework/0.5.0-SNAPSHOT/hadoop-hdds-server-framework-0.5.0-SNAPSHOT.jar:/home/user/.m2/repository/org/apache/hadoop/hadoop-hdds-container-service/0.5.0-SNAPSHOT/hadoop-hdds-container-service-0.5.0-SNAPSHOT.jar:/home/user/.m2/repository/org/apache/hadoop/hadoop-hdds-client/0.5.0-SNAPSHOT/hadoop-hdds-client-0.5.0-SNAPSHOT.jar:/home/user/.m2/repository/org/apache/hadoop/hadoop-hdds-tools/0.5.0-SNAPSHOT/hadoop-hdds-tools-0.5.0-SNAPSHOT.jar:/home/user/.m2/repository/org/apache/hadoop/hadoop-hdds-server-scm/0.5.0-SNAPSHOT/hadoop-hdds-server-scm-0.5.0-SNAPSHOT.jar:/home/user/.m2/repository/org/apache/hadoop/hadoop-hdds-docs/0.5.0-SNAPSHOT/hadoop-hdds-docs-0.5.0-SNAPSHOT.jar:/home/user/.m2/repository/io/dropwizard/metrics/metrics-core/3.2.4/metrics-core-3.2.4.jar:/home/user/.m2/repository/org/hamcrest/hamcrest-all/1.3/hamcrest-all-1.3.jar:/home/user/.m2/repository/org/bouncycastle/bcprov-jdk15on/1.60/bcprov-jdk15on-1.60.jar:/home/user/.m2/repository/info/picocli/picocli/3.9.6/picocli-3.9.6.jar:/home/user/.m2/repository/com/google/protobuf/protobuf-java/2.5.0/protobuf-java-2.5.0.jar:/home/user/.m2/repository/com/google/guava/guava/11.0.2/guava-11.0.2.jar:/home/user/.m2/repository/org/apache/hadoop/hadoop-ozone-ozone-manager/0.5.0-SNAPSHOT/hadoop-ozone-ozone-manager-0.5.0-SNAPSHOT.jar:/home/user/.m2/repository/org/apache/hadoop/hadoop-minikdc/3.2.0/hadoop-minikdc-3.2.0.jar:/home/user/.m2/repository/commons-io/commons-io/2.5/commons-io-2.5.jar:/home/user/.m2/repository/org/apache/kerby/kerb-simplekdc/1.0.1/kerb-simplekdc-1.0.1.jar:/home/user/.m2/repository/org/apache/kerby/kerb-client/1.0.1/kerb-client-1.0.1.jar:/home/user/.m2/repository/org/apache/kerby/kerby-config/1.0.1/kerby-config-1.0.1.jar:/home/user/.m2/repository/org/apache/kerby/kerb-core/1.0.1/kerb-core-1.0.1.jar:/home/user/.m2/repository/org/apache/kerby/kerby-pkix/1.0.1/kerby-pkix-1.0.1.jar:/home/user/.m2/repository/org/apache/kerby/kerby-asn1/1.0.1/kerby-asn1-1.0.1.jar:/home/user/.m2/repository/org/apache/kerby/kerby-util/1.0.1/kerby-util-1.0.1.jar:/home/user/.m2/repository/org/apache/kerby/kerb-common/1.0.1/kerb-common-1.0.1.jar:/home/user/.m2/repository/org/apache/kerby/kerb-crypto/1.0.1/kerb-crypto-1.0.1.jar:/home/user/.m2/repository/org/apache/kerby/kerb-util/1.0.1/kerb-util-1.0.1.jar:/home/user/.m2/repository/org/apache/kerby/token-provider/1.0.1/token-provider-1.0.1.jar:/home/user/.m2/repository/org/apache/kerby/kerb-admin/1.0.1/kerb-admin-1.0.1.jar:/home/user/.m2/repository/org/apache/kerby/kerb-server/1.0.1/kerb-server-1.0.1.jar:/home/user/.m2/repository/org/apache/kerby/kerb-identity/1.0.1/kerb-identity-1.0.1.jar:/home/user/.m2/repository/org/apache/kerby/kerby-xdr/1.0.1/kerby-xdr-1.0.1.jar:/home/user/.m2/repository/org/slf4j/slf4j-log4j12/1.7.25/slf4j-log4j12-1.7.25.jar:/home/user/.m2/repository/org/apache/hadoop/hadoop-ozone-objectstore-service/0.5.0-SNAPSHOT/hadoop-ozone-objectstore-service-0.5.0-SNAPSHOT.jar:/home/user/.m2/repository/org/apache/hadoop/hadoop-ozone-s3gateway/0.5.0-SNAPSHOT/hadoop-ozone-s3gateway-0.5.0-SNAPSHOT.jar:/home/user/.m2/repository/org/jboss/weld/servlet/weld-servlet/2.4.7.Final/weld-servlet-2.4.7.Final.jar:/home/user/.m2/repository/org/glassfish/jersey/containers/jersey-container-servlet-core/2.27/jersey-container-servlet-core-2.27.jar:/home/user/.m2/repository/org/glassfish/hk2/external/javax.inject/2.5.0-b42/javax.inject-2.5.0-b42.jar:/home/user/.m2/repository/org/glassfish/jersey/core/jersey-common/2.27/jersey-common-2.27.jar:/home/user/.m2/repository/org/glassfish/hk2/osgi-resource-locator/1.0.1/osgi-resource-locator-1.0.1.jar:/home/user/.m2/repository/javax/ws/rs/javax.ws.rs-api/2.1/javax.ws.rs-api-2.1.jar:/home/user/.m2/repository/org/glassfish/jersey/ext/cdi/jersey-cdi1x/2.27/jersey-cdi1x-2.27.jar:/home/user/.m2/repository/org/glassfish/jersey/inject/jersey-hk2/2.27/jersey-hk2-2.27.jar:/home/user/.m2/repository/org/glassfish/hk2/hk2-locator/2.5.0-b42/hk2-locator-2.5.0-b42.jar:/home/user/.m2/repository/org/javassist/javassist/3.22.0-CR2/javassist-3.22.0-CR2.jar:/home/user/.m2/repository/org/glassfish/hk2/hk2-api/2.5.0/hk2-api-2.5.0.jar:/home/user/.m2/repository/org/glassfish/hk2/external/jakarta.inject/2.5.0/jakarta.inject-2.5.0.jar:/home/user/.m2/repository/org/glassfish/hk2/hk2-utils/2.5.0/hk2-utils-2.5.0.jar:/home/user/.m2/repository/jakarta/annotation/jakarta.annotation-api/1.3.4/jakarta.annotation-api-1.3.4.jar:/home/user/.m2/repository/org/glassfish/hk2/external/aopalliance-repackaged/2.5.0/aopalliance-repackaged-2.5.0.jar:/home/user/.m2/repository/com/fasterxml/jackson/dataformat/jackson-dataformat-xml/2.9.0/jackson-dataformat-xml-2.9.0.jar:/home/user/.m2/repository/com/fasterxml/jackson/core/jackson-core/2.9.5/jackson-core-2.9.5.jar:/home/user/.m2/repository/com/fasterxml/jackson/module/jackson-module-jaxb-annotations/2.9.5/jackson-module-jaxb-annotations-2.9.5.jar:/home/user/.m2/repository/javax/enterprise/cdi-api/1.2/cdi-api-1.2.jar:/home/user/.m2/repository/javax/el/javax.el-api/3.0.0/javax.el-api-3.0.0.jar:/home/user/.m2/repository/javax/interceptor/javax.interceptor-api/1.2/javax.interceptor-api-1.2.jar:/home/user/.m2/repository/javax/inject/javax.inject/1/javax.inject-1.jar:/home/user/.m2/repository/com/sun/xml/bind/jaxb-impl/2.3.0.1/jaxb-impl-2.3.0.1.jar:/home/user/.m2/repository/com/sun/xml/bind/jaxb-core/2.3.0.1/jaxb-core-2.3.0.1.jar:/home/user/.m2/repository/javax/xml/bind/jaxb-api/2.3.0/jaxb-api-2.3.0.jar:/home/user/.m2/repository/javax/activation/activation/1.1.1/activation-1.1.1.jar:/home/user/.m2/repository/org/apache/hadoop/hadoop-ozone-csi/0.5.0-SNAPSHOT/hadoop-ozone-csi-0.5.0-SNAPSHOT.jar:/home/user/.m2/repository/com/google/protobuf/protobuf-java-util/3.5.1/protobuf-java-util-3.5.1.jar:/home/user/.m2/repository/org/apache/hadoop/hadoop-hdds-config/0.5.0-SNAPSHOT/hadoop-hdds-config-0.5.0-SNAPSHOT.jar:/home/user/.m2/repository/io/grpc/grpc-netty/1.17.1/grpc-netty-1.17.1.jar:/home/user/.m2/repository/io/grpc/grpc-core/1.17.1/grpc-core-1.17.1.jar:/home/user/.m2/repository/io/grpc/grpc-context/1.17.1/grpc-context-1.17.1.jar:/home/user/.m2/repository/com/google/errorprone/error_prone_annotations/2.2.0/error_prone_annotations-2.2.0.jar:/home/user/.m2/repository/org/codehaus/mojo/animal-sniffer-annotations/1.17/animal-sniffer-annotations-1.17.jar:/home/user/.m2/repository/io/opencensus/opencensus-api/0.17.0/opencensus-api-0.17.0.jar:/home/user/.m2/repository/io/opencensus/opencensus-contrib-grpc-metrics/0.17.0/opencensus-contrib-grpc-metrics-0.17.0.jar:/home/user/.m2/repository/io/netty/netty-codec-http2/4.1.30.Final/netty-codec-http2-4.1.30.Final.jar:/home/user/.m2/repository/io/netty/netty-codec-http/4.1.30.Final/netty-codec-http-4.1.30.Final.jar:/home/user/.m2/repository/io/netty/netty-codec/4.1.30.Final/netty-codec-4.1.30.Final.jar:/home/user/.m2/repository/io/netty/netty-handler/4.1.30.Final/netty-handler-4.1.30.Final.jar:/home/user/.m2/repository/io/netty/netty-handler-proxy/4.1.30.Final/netty-handler-proxy-4.1.30.Final.jar:/home/user/.m2/repository/io/netty/netty-codec-socks/4.1.30.Final/netty-codec-socks-4.1.30.Final.jar:/home/user/.m2/repository/io/netty/netty-transport-native-epoll/4.1.30.Final/netty-transport-native-epoll-4.1.30.Final.jar:/home/user/.m2/repository/io/netty/netty-common/4.1.30.Final/netty-common-4.1.30.Final.jar:/home/user/.m2/repository/io/netty/netty-buffer/4.1.30.Final/netty-buffer-4.1.30.Final.jar:/home/user/.m2/repository/io/netty/netty-transport/4.1.30.Final/netty-transport-4.1.30.Final.jar:/home/user/.m2/repository/io/netty/netty-resolver/4.1.30.Final/netty-resolver-4.1.30.Final.jar:/home/user/.m2/repository/io/netty/netty-transport-native-unix-common/4.1.30.Final/netty-transport-native-unix-common-4.1.30.Final.jar:/home/user/.m2/repository/io/grpc/grpc-protobuf/1.17.1/grpc-protobuf-1.17.1.jar:/home/user/.m2/repository/com/google/api/grpc/proto-google-common-protos/1.0.0/proto-google-common-protos-1.0.0.jar:/home/user/.m2/repository/io/grpc/grpc-protobuf-lite/1.17.1/grpc-protobuf-lite-1.17.1.jar:/home/user/.m2/repository/io/grpc/grpc-stub/1.17.1/grpc-stub-1.17.1.jar:/home/user/.m2/repository/org/apache/hadoop/hadoop-ozone-recon/0.5.0-SNAPSHOT/hadoop-ozone-recon-0.5.0-SNAPSHOT.jar:/home/user/.m2/repository/org/apache/hadoop/hadoop-ozone-reconcodegen/0.5.0-SNAPSHOT/hadoop-ozone-reconcodegen-0.5.0-SNAPSHOT.jar:/home/user/.m2/repository/com/google/inject/extensions/guice-multibindings/4.0/guice-multibindings-4.0.jar:/home/user/.m2/repository/com/google/inject/guice/4.0/guice-4.0.jar:/home/user/.m2/repository/aopalliance/aopalliance/1.0/aopalliance-1.0.jar:/home/user/.m2/repository/com/google/inject/extensions/guice-servlet/4.0/guice-servlet-4.0.jar:/home/user/.m2/repository/org/glassfish/jersey/containers/jersey-container-servlet/2.27/jersey-container-servlet-2.27.jar:/home/user/.m2/repository/org/glassfish/hk2/guice-bridge/2.5.0/guice-bridge-2.5.0.jar:/home/user/.m2/repository/org/glassfish/jersey/core/jersey-server/2.27/jersey-server-2.27.jar:/home/user/.m2/repository/org/glassfish/jersey/core/jersey-client/2.27/jersey-client-2.27.jar:/home/user/.m2/repository/org/glassfish/jersey/media/jersey-media-jaxb/2.27/jersey-media-jaxb-2.27.jar:/home/user/.m2/repository/javax/validation/validation-api/1.1.0.Final/validation-api-1.1.0.Final.jar:/home/user/.m2/repository/org/glassfish/jersey/media/jersey-media-json-jackson/2.27/jersey-media-json-jackson-2.27.jar:/home/user/.m2/repository/org/glassfish/jersey/ext/jersey-entity-filtering/2.27/jersey-entity-filtering-2.27.jar:/home/user/.m2/repository/com/google/inject/extensions/guice-assistedinject/4.0/guice-assistedinject-4.0.jar:/home/user/.m2/repository/org/jooq/jooq/3.11.10/jooq-3.11.10.jar:/home/user/.m2/repository/org/jooq/jooq-meta/3.11.10/jooq-meta-3.11.10.jar:/home/user/.m2/repository/org/jooq/jooq-codegen/3.11.10/jooq-codegen-3.11.10.jar:/home/user/.m2/repository/com/jolbox/bonecp/0.8.0.RELEASE/bonecp-0.8.0.RELEASE.jar:/home/user/.m2/repository/org/xerial/sqlite-jdbc/3.25.2/sqlite-jdbc-3.25.2.jar:/home/user/.m2/repository/org/springframework/spring-jdbc/5.1.3.RELEASE/spring-jdbc-5.1.3.RELEASE.jar:/home/user/.m2/repository/org/springframework/spring-beans/5.1.3.RELEASE/spring-beans-5.1.3.RELEASE.jar:/home/user/.m2/repository/org/springframework/spring-core/5.1.3.RELEASE/spring-core-5.1.3.RELEASE.jar:/home/user/.m2/repository/org/springframework/spring-jcl/5.1.3.RELEASE/spring-jcl-5.1.3.RELEASE.jar:/home/user/.m2/repository/org/springframework/spring-tx/5.1.3.RELEASE/spring-tx-5.1.3.RELEASE.jar:/home/user/.m2/repository/org/apache/hadoop/hadoop-ozone-client/0.5.0-SNAPSHOT/hadoop-ozone-client-0.5.0-SNAPSHOT.jar:/home/user/.m2/repository/commons-lang/commons-lang/2.6/commons-lang-2.6.jar:/home/user/.m2/repository/org/apache/hadoop/hadoop-ozone-ozone-manager/0.5.0-SNAPSHOT/hadoop-ozone-ozone-manager-0.5.0-SNAPSHOT-tests.jar:/home/user/.m2/repository/junit/junit/4.11/junit-4.11.jar:/home/user/.m2/repository/org/hamcrest/hamcrest-core/1.3/hamcrest-core-1.3.jar:/home/user/.m2/repository/org/openjdk/jmh/jmh-core/1.19/jmh-core-1.19.jar:/home/user/.m2/repository/net/sf/jopt-simple/jopt-simple/4.6/jopt-simple-4.6.jar:/home/user/.m2/repository/org/apache/commons/commons-math3/3.1.1/commons-math3-3.1.1.jar:/home/user/.m2/repository/org/openjdk/jmh/jmh-generator-annprocess/1.19/jmh-generator-annprocess-1.19.jar:/home/user/.m2/repository/org/mockito/mockito-all/1.8.5/mockito-all-1.8.5.jar:/home/user/.m2/repository/org/apache/hadoop/hadoop-kms/3.2.0/hadoop-kms-3.2.0.jar:/home/user/.m2/repository/org/apache/hadoop/hadoop-auth/3.2.0/hadoop-auth-3.2.0.jar:/home/user/.m2/repository/com/nimbusds/nimbus-jose-jwt/4.41.1/nimbus-jose-jwt-4.41.1.jar:/home/user/.m2/repository/com/github/stephenc/jcip/jcip-annotations/1.0-1/jcip-annotations-1.0-1.jar:/home/user/.m2/repository/net/minidev/json-smart/2.3/json-smart-2.3.jar:/home/user/.m2/repository/net/minidev/accessors-smart/1.2/accessors-smart-1.2.jar:/home/user/.m2/repository/org/ow2/asm/asm/5.0.4/asm-5.0.4.jar:/home/user/.m2/repository/org/apache/curator/curator-framework/2.12.0/curator-framework-2.12.0.jar:/home/user/.m2/repository/com/sun/jersey/jersey-core/1.19/jersey-core-1.19.jar:/home/user/.m2/repository/javax/ws/rs/jsr311-api/1.1.1/jsr311-api-1.1.1.jar:/home/user/.m2/repository/com/sun/jersey/jersey-server/1.19/jersey-server-1.19.jar:/home/user/.m2/repository/javax/servlet/javax.servlet-api/3.1.0/javax.servlet-api-3.1.0.jar:/home/user/.m2/repository/org/eclipse/jetty/jetty-server/9.3.24.v20180605/jetty-server-9.3.24.v20180605.jar:/home/user/.m2/repository/org/eclipse/jetty/jetty-http/9.3.24.v20180605/jetty-http-9.3.24.v20180605.jar:/home/user/.m2/repository/org/eclipse/jetty/jetty-io/9.3.24.v20180605/jetty-io-9.3.24.v20180605.jar:/home/user/.m2/repository/org/eclipse/jetty/jetty-webapp/9.3.24.v20180605/jetty-webapp-9.3.24.v20180605.jar:/home/user/.m2/repository/org/eclipse/jetty/jetty-xml/9.3.24.v20180605/jetty-xml-9.3.24.v20180605.jar:/home/user/.m2/repository/log4j/log4j/1.2.17/log4j-1.2.17.jar:/home/user/.m2/repository/org/slf4j/slf4j-api/1.7.25/slf4j-api-1.7.25.jar:/home/user/.m2/repository/org/slf4j/jul-to-slf4j/1.7.25/jul-to-slf4j-1.7.25.jar:/home/user/.m2/repository/org/eclipse/jetty/jetty-util/9.3.24.v20180605/jetty-util-9.3.24.v20180605.jar:/home/user/.m2/repository/com/fasterxml/jackson/core/jackson-databind/2.9.5/jackson-databind-2.9.5.jar:/home/user/.m2/repository/org/apache/hadoop/hadoop-kms/3.2.0/hadoop-kms-3.2.0-tests.jar:/home/user/.m2/repository/org/apache/hadoop/hadoop-hdds-server-scm/0.5.0-SNAPSHOT/hadoop-hdds-server-scm-0.5.0-SNAPSHOT-tests.jar:/home/user/.m2/repository/org/apache/hadoop/hadoop-hdds-container-service/0.5.0-SNAPSHOT/hadoop-hdds-container-service-0.5.0-SNAPSHOT-tests.jar:/home/user/.m2/repository/org/yaml/snakeyaml/1.16/snakeyaml-1.16.jar:/home/user/.m2/repository/org/apache/hadoop/hadoop-common/3.2.0/hadoop-common-3.2.0-tests.jar:/home/user/.m2/repository/org/apache/hadoop/hadoop-annotations/3.2.0/hadoop-annotations-3.2.0.jar:/usr/lib/jvm/java-1.8-openjdk/jre/../lib/tools.jar:/home/user/.m2/repository/commons-cli/commons-cli/1.2/commons-cli-1.2.jar:/home/user/.m2/repository/org/apache/httpcomponents/httpclient/4.5.2/httpclient-4.5.2.jar:/home/user/.m2/repository/org/apache/httpcomponents/httpcore/4.4.4/httpcore-4.4.4.jar:/home/user/.m2/repository/commons-codec/commons-codec/1.11/commons-codec-1.11.jar:/home/user/.m2/repository/commons-net/commons-net/3.6/commons-net-3.6.jar:/home/user/.m2/repository/commons-collections/commons-collections/3.2.2/commons-collections-3.2.2.jar:/home/user/.m2/repository/org/eclipse/jetty/jetty-servlet/9.3.24.v20180605/jetty-servlet-9.3.24.v20180605.jar:/home/user/.m2/repository/org/eclipse/jetty/jetty-security/9.3.24.v20180605/jetty-security-9.3.24.v20180605.jar:/home/user/.m2/repository/javax/servlet/jsp/jsp-api/2.1/jsp-api-2.1.jar:/home/user/.m2/repository/com/sun/jersey/jersey-servlet/1.19/jersey-servlet-1.19.jar:/home/user/.m2/repository/com/sun/jersey/jersey-json/1.19/jersey-json-1.19.jar:/home/user/.m2/repository/org/codehaus/jettison/jettison/1.1/jettison-1.1.jar:/home/user/.m2/repository/org/codehaus/jackson/jackson-core-asl/1.9.13/jackson-core-asl-1.9.13.jar:/home/user/.m2/repository/org/codehaus/jackson/jackson-mapper-asl/1.9.13/jackson-mapper-asl-1.9.13.jar:/home/user/.m2/repository/org/codehaus/jackson/jackson-jaxrs/1.9.13/jackson-jaxrs-1.9.13.jar:/home/user/.m2/repository/org/codehaus/jackson/jackson-xc/1.9.13/jackson-xc-1.9.13.jar:/home/user/.m2/repository/commons-logging/commons-logging/1.1.3/commons-logging-1.1.3.jar:/home/user/.m2/repository/commons-beanutils/commons-beanutils/1.9.3/commons-beanutils-1.9.3.jar:/home/user/.m2/repository/org/apache/commons/commons-configuration2/2.1.1/commons-configuration2-2.1.1.jar:/home/user/.m2/repository/org/apache/commons/commons-lang3/3.7/commons-lang3-3.7.jar:/home/user/.m2/repository/org/apache/commons/commons-text/1.4/commons-text-1.4.jar:/home/user/.m2/repository/org/apache/avro/avro/1.7.7/avro-1.7.7.jar:/home/user/.m2/repository/com/thoughtworks/paranamer/paranamer/2.3/paranamer-2.3.jar:/home/user/.m2/repository/org/xerial/snappy/snappy-java/1.0.5/snappy-java-1.0.5.jar:/home/user/.m2/repository/com/google/re2j/re2j/1.1/re2j-1.1.jar:/home/user/.m2/repository/com/google/code/gson/gson/2.2.4/gson-2.2.4.jar:/home/user/.m2/repository/com/jcraft/jsch/0.1.54/jsch-0.1.54.jar:/home/user/.m2/repository/org/apache/curator/curator-client/2.12.0/curator-client-2.12.0.jar:/home/user/.m2/repository/org/apache/curator/curator-recipes/2.12.0/curator-recipes-2.12.0.jar:/home/user/.m2/repository/com/google/code/findbugs/jsr305/3.0.0/jsr305-3.0.0.jar:/home/user/.m2/repository/org/apache/htrace/htrace-core4/4.1.0-incubating/htrace-core4-4.1.0-incubating.jar:/home/user/.m2/repository/org/apache/zookeeper/zookeeper/3.4.13/zookeeper-3.4.13.jar:/home/user/.m2/repository/org/apache/yetus/audience-annotations/0.5.0/audience-annotations-0.5.0.jar:/home/user/.m2/repository/org/codehaus/woodstox/stax2-api/3.1.4/stax2-api-3.1.4.jar:/home/user/.m2/repository/com/fasterxml/woodstox/woodstox-core/5.0.3/woodstox-core-5.0.3.jar:/home/user/.m2/repository/dnsjava/dnsjava/2.1.7/dnsjava-2.1.7.jar:/home/user/.m2/repository/org/apache/hadoop/hadoop-hdfs/3.2.0/hadoop-hdfs-3.2.0-tests.jar:/home/user/.m2/repository/org/eclipse/jetty/jetty-util-ajax/9.3.24.v20180605/jetty-util-ajax-9.3.24.v20180605.jar:/home/user/.m2/repository/commons-daemon/commons-daemon/1.0.13/commons-daemon-1.0.13.jar:/home/user/.m2/repository/io/netty/netty/3.10.5.Final/netty-3.10.5.Final.jar:/home/user/.m2/repository/io/netty/netty-all/4.0.52.Final/netty-all-4.0.52.Final.jar:/home/user/.m2/repository/org/fusesource/leveldbjni/leveldbjni-all/1.8/leveldbjni-all-1.8.jar:"/>
    <property name="sun.cpu.endian" value="little"/>
    <property name="user.home" value="/home/user"/>
    <property name="user.language" value="en"/>
    <property name="java.specification.vendor" value="Oracle Corporation"/>
    <property name="java.home" value="/usr/lib/jvm/java-1.8-openjdk/jre"/>
    <property name="java.security.krb5.conf" value="/workdir/hadoop-ozone/integration-test/target/test-classes/krb5.conf"/>
    <property name="basedir" value="/workdir/hadoop-ozone/integration-test"/>
    <property name="file.separator" value="/"/>
    <property name="line.separator" value="&#10;"/>
    <property name="java.vm.specification.vendor" value="Oracle Corporation"/>
    <property name="java.specification.name" value="Java Platform API Specification"/>
    <property name="java.awt.graphicsenv" value="sun.awt.X11GraphicsEnvironment"/>
    <property name="surefire.real.class.path" value="/workdir/hadoop-ozone/integration-test/target/surefire/surefirebooter115907951714726205.jar"/>
    <property name="hadoop.log.dir" value="/workdir/hadoop-ozone/integration-test/target/log"/>
    <property name="sun.boot.class.path" value="/usr/lib/jvm/java-1.8-openjdk/jre/lib/resources.jar:/usr/lib/jvm/java-1.8-openjdk/jre/lib/rt.jar:/usr/lib/jvm/java-1.8-openjdk/jre/lib/sunrsasign.jar:/usr/lib/jvm/java-1.8-openjdk/jre/lib/jsse.jar:/usr/lib/jvm/java-1.8-openjdk/jre/lib/jce.jar:/usr/lib/jvm/java-1.8-openjdk/jre/lib/charsets.jar:/usr/lib/jvm/java-1.8-openjdk/jre/lib/jfr.jar:/usr/lib/jvm/java-1.8-openjdk/jre/classes"/>
    <property name="sun.management.compiler" value="HotSpot 64-Bit Tiered Compilers"/>
    <property name="java.runtime.version" value="1.8.0_212-b04"/>
    <property name="java.net.preferIPv4Stack" value="true"/>
    <property name="user.name" value="jenkins1000"/>
    <property name="path.separator" value=":"/>
    <property name="java.security.egd" value="file:///dev/urandom"/>
    <property name="os.version" value="3.10.0-957.12.2.el7.x86_64"/>
    <property name="java.endorsed.dirs" value="/usr/lib/jvm/java-1.8-openjdk/jre/lib/endorsed"/>
    <property name="java.runtime.name" value="OpenJDK Runtime Environment"/>
    <property name="file.encoding" value="UTF-8"/>
    <property name="java.vm.name" value="OpenJDK 64-Bit Server VM"/>
    <property name="test.build.webapps" value=""/>
    <property name="localRepository" value="/home/user/.m2/repository"/>
    <property name="java.vendor.url.bug" value="https://icedtea.classpath.org/bugzilla"/>
    <property name="java.io.tmpdir" value="/tmp"/>
    <property name="require.test.libhadoop" value=""/>
    <property name="java.version" value="1.8.0_212"/>
    <property name="user.dir" value="/workdir/hadoop-ozone/integration-test"/>
    <property name="os.arch" value="amd64"/>
    <property name="java.vm.specification.name" value="Java Virtual Machine Specification"/>
    <property name="test.build.classes" value="/workdir/hadoop-ozone/integration-test/target/test-classes"/>
    <property name="java.awt.printerjob" value="sun.print.PSPrinterJob"/>
    <property name="sun.os.patch.level" value="unknown"/>
    <property name="hadoop.tmp.dir" value="/workdir/hadoop-ozone/integration-test/target/tmp"/>
    <property name="java.library.path" value="/usr/lib/jvm/java-1.8-openjdk/jre/lib/amd64/server:/usr/lib/jvm/java-1.8-openjdk/jre/lib/amd64:/usr/lib/jvm/java-1.8-openjdk/jre/../lib/amd64:/workdir/hadoop-ozone/integration-test/target/native/target/usr/local/lib:/workdir/hadoop-ozone/integration-test/../../hadoop-common-project/hadoop-common/target/native/target/usr/local/lib:/usr/java/packages/lib/amd64:/usr/lib64:/lib64:/lib:/usr/lib"/>
    <property name="java.vm.info" value="mixed mode"/>
    <property name="java.vendor" value="IcedTea"/>
    <property name="java.vm.version" value="25.212-b04"/>
    <property name="java.ext.dirs" value="/usr/lib/jvm/java-1.8-openjdk/jre/lib/ext:/usr/java/packages/lib/ext"/>
    <property name="sun.io.unicode.encoding" value="UnicodeLittle"/>
    <property name="java.class.version" value="52.0"/>
  </properties>
  <testcase name="test2DatanodesFailure" classname="org.apache.hadoop.ozone.client.rpc.TestBlockOutputStreamWithFailures" time="113.583"/>
  <testcase name="testDatanodeFailureWithPreAllocation" classname="org.apache.hadoop.ozone.client.rpc.TestBlockOutputStreamWithFailures" time="225.002"/>
  <testcase name="testDatanodeFailureWithSingleNodeRatis" classname="org.apache.hadoop.ozone.client.rpc.TestBlockOutputStreamWithFailures" time="224.81"/>
  <testcase name="testWatchForCommitWithSingleNodeRatis" classname="org.apache.hadoop.ozone.client.rpc.TestBlockOutputStreamWithFailures" time="37.524"/>
  <testcase name="testWatchForCommitDatanodeFailure" classname="org.apache.hadoop.ozone.client.rpc.TestBlockOutputStreamWithFailures" time="34.489"/>
  <testcase name="testFailureWithPrimeSizedData" classname="org.apache.hadoop.ozone.client.rpc.TestBlockOutputStreamWithFailures" time="34.969">
    <failure message="expected:&lt;68&gt; but was:&lt;70&gt;" type="java.lang.AssertionError"><![CDATA[java.lang.AssertionError: expected:<68> but was:<70>
	at org.junit.Assert.fail(Assert.java:88)
	at org.junit.Assert.failNotEquals(Assert.java:743)
	at org.junit.Assert.assertEquals(Assert.java:118)
	at org.junit.Assert.assertEquals(Assert.java:555)
	at org.junit.Assert.assertEquals(Assert.java:542)
	at org.apache.hadoop.ozone.client.rpc.TestBlockOutputStreamWithFailures.testFailureWithPrimeSizedData(TestBlockOutputStreamWithFailures.java:605)
	at sun.reflect.NativeMethodAccessorImpl.invoke0(Native Method)
	at sun.reflect.NativeMethodAccessorImpl.invoke(NativeMethodAccessorImpl.java:62)
	at sun.reflect.DelegatingMethodAccessorImpl.invoke(DelegatingMethodAccessorImpl.java:43)
	at java.lang.reflect.Method.invoke(Method.java:498)
	at org.junit.runners.model.FrameworkMethod$1.runReflectiveCall(FrameworkMethod.java:47)
	at org.junit.internal.runners.model.ReflectiveCallable.run(ReflectiveCallable.java:12)
	at org.junit.runners.model.FrameworkMethod.invokeExplosively(FrameworkMethod.java:44)
	at org.junit.internal.runners.statements.InvokeMethod.evaluate(InvokeMethod.java:17)
	at org.junit.internal.runners.statements.RunBefores.evaluate(RunBefores.java:26)
	at org.junit.internal.runners.statements.RunAfters.evaluate(RunAfters.java:27)
	at org.junit.runners.ParentRunner.runLeaf(ParentRunner.java:271)
	at org.junit.runners.BlockJUnit4ClassRunner.runChild(BlockJUnit4ClassRunner.java:70)
	at org.junit.runners.BlockJUnit4ClassRunner.runChild(BlockJUnit4ClassRunner.java:50)
	at org.junit.runners.ParentRunner$3.run(ParentRunner.java:238)
	at org.junit.runners.ParentRunner$1.schedule(ParentRunner.java:63)
	at org.junit.runners.ParentRunner.runChildren(ParentRunner.java:236)
	at org.junit.runners.ParentRunner.access$000(ParentRunner.java:53)
	at org.junit.runners.ParentRunner$2.evaluate(ParentRunner.java:229)
	at org.junit.runners.ParentRunner.run(ParentRunner.java:309)
	at org.apache.maven.surefire.junit4.JUnit4Provider.execute(JUnit4Provider.java:365)
	at org.apache.maven.surefire.junit4.JUnit4Provider.executeWithRerun(JUnit4Provider.java:273)
	at org.apache.maven.surefire.junit4.JUnit4Provider.executeTestSet(JUnit4Provider.java:238)
	at org.apache.maven.surefire.junit4.JUnit4Provider.invoke(JUnit4Provider.java:159)
	at org.apache.maven.surefire.booter.ForkedBooter.invokeProviderInSameClassLoader(ForkedBooter.java:384)
	at org.apache.maven.surefire.booter.ForkedBooter.runSuitesInProcess(ForkedBooter.java:345)
	at org.apache.maven.surefire.booter.ForkedBooter.execute(ForkedBooter.java:126)
	at org.apache.maven.surefire.booter.ForkedBooter.main(ForkedBooter.java:418)
]]></failure>
    <system-out><![CDATA[2019-09-04 12:53:22,959 [main] WARN  server.ServerUtils (ServerUtils.java:getScmDbDir(145)) - ozone.scm.db.dirs is not configured. We recommend adding this setting. Falling back to ozone.metadata.dirs instead.
2019-09-04 12:53:22,985 [main] WARN  server.ServerUtils (ServerUtils.java:getScmDbDir(145)) - ozone.scm.db.dirs is not configured. We recommend adding this setting. Falling back to ozone.metadata.dirs instead.
2019-09-04 12:53:22,986 [main] WARN  server.ServerUtils (ServerUtils.java:getScmDbDir(145)) - ozone.scm.db.dirs is not configured. We recommend adding this setting. Falling back to ozone.metadata.dirs instead.
2019-09-04 12:53:22,986 [main] INFO  db.DBStoreBuilder (DBStoreBuilder.java:addTable(110)) - using custom profile for table: deletedBlocks
2019-09-04 12:53:22,987 [main] INFO  db.DBStoreBuilder (DBStoreBuilder.java:processTables(161)) - Using default column profile:DBProfile.DISK for Table:deletedBlocks
2019-09-04 12:53:22,987 [main] INFO  db.DBStoreBuilder (DBStoreBuilder.java:addTable(110)) - using custom profile for table: validCerts
2019-09-04 12:53:22,987 [main] INFO  db.DBStoreBuilder (DBStoreBuilder.java:processTables(161)) - Using default column profile:DBProfile.DISK for Table:validCerts
2019-09-04 12:53:22,988 [main] INFO  db.DBStoreBuilder (DBStoreBuilder.java:addTable(110)) - using custom profile for table: revokedCerts
2019-09-04 12:53:22,988 [main] INFO  db.DBStoreBuilder (DBStoreBuilder.java:processTables(161)) - Using default column profile:DBProfile.DISK for Table:revokedCerts
2019-09-04 12:53:22,988 [main] INFO  db.DBStoreBuilder (DBStoreBuilder.java:addTable(110)) - using custom profile for table: default
2019-09-04 12:53:22,989 [main] INFO  db.DBStoreBuilder (DBStoreBuilder.java:processTables(167)) - Using default column profile:DBProfile.DISK for Table:default
2019-09-04 12:53:22,989 [main] INFO  db.DBStoreBuilder (DBStoreBuilder.java:getDbProfile(198)) - Using default options. DBProfile.DISK
2019-09-04 12:53:23,140 [main] INFO  net.NodeSchemaLoader (NodeSchemaLoader.java:loadSchemaFromFile(125)) - Loading file from sun.misc.CompoundEnumeration@684001e6
2019-09-04 12:53:23,140 [main] INFO  net.NodeSchemaLoader (NodeSchemaLoader.java:loadSchema(171)) - Loading network topology layer schema file
2019-09-04 12:53:23,145 [main] INFO  node.SCMNodeManager (SCMNodeManager.java:<init>(121)) - Entering startup safe mode.
2019-09-04 12:53:23,146 [main] INFO  algorithms.ContainerPlacementPolicyFactory (ContainerPlacementPolicyFactory.java:getPolicy(55)) - Create container placement policy of type org.apache.hadoop.hdds.scm.container.placement.algorithms.SCMContainerPlacementRandom
2019-09-04 12:53:23,146 [main] WARN  server.ServerUtils (ServerUtils.java:getScmDbDir(145)) - ozone.scm.db.dirs is not configured. We recommend adding this setting. Falling back to ozone.metadata.dirs instead.
2019-09-04 12:53:23,163 [main] INFO  pipeline.SCMPipelineManager (SCMPipelineManager.java:initializePipelineState(126)) - No pipeline exists in current db
2019-09-04 12:53:23,163 [main] WARN  server.ServerUtils (ServerUtils.java:getScmDbDir(145)) - ozone.scm.db.dirs is not configured. We recommend adding this setting. Falling back to ozone.metadata.dirs instead.
2019-09-04 12:53:23,187 [main] WARN  events.EventQueue (EventQueue.java:fireEvent(175)) - No event handler registered for event TypedEvent{payloadType=SafeModeStatus, name='SafeModeStatus'}
2019-09-04 12:53:23,187 [main] INFO  ipc.CallQueueManager (CallQueueManager.java:<init>(84)) - Using callQueue: class java.util.concurrent.LinkedBlockingQueue, queueCapacity: 2000, scheduler: class org.apache.hadoop.ipc.DefaultRpcScheduler, ipcBackoff: false.
2019-09-04 12:53:23,189 [Socket Reader #1 for port 41792] INFO  ipc.Server (Server.java:run(1074)) - Starting Socket Reader #1 for port 41792
2019-09-04 12:53:23,191 [main] INFO  ipc.CallQueueManager (CallQueueManager.java:<init>(84)) - Using callQueue: class java.util.concurrent.LinkedBlockingQueue, queueCapacity: 2000, scheduler: class org.apache.hadoop.ipc.DefaultRpcScheduler, ipcBackoff: false.
2019-09-04 12:53:23,191 [Socket Reader #1 for port 40952] INFO  ipc.Server (Server.java:run(1074)) - Starting Socket Reader #1 for port 40952
2019-09-04 12:53:23,193 [main] INFO  ipc.CallQueueManager (CallQueueManager.java:<init>(84)) - Using callQueue: class java.util.concurrent.LinkedBlockingQueue, queueCapacity: 2000, scheduler: class org.apache.hadoop.ipc.DefaultRpcScheduler, ipcBackoff: false.
2019-09-04 12:53:23,193 [Socket Reader #1 for port 33237] INFO  ipc.Server (Server.java:run(1074)) - Starting Socket Reader #1 for port 33237
2019-09-04 12:53:23,197 [main] INFO  hdfs.DFSUtil (DFSUtil.java:httpServerTemplateForNNAndJN(1641)) - Starting Web-server for scm at: http://0.0.0.0:0
2019-09-04 12:53:23,201 [main] INFO  server.AuthenticationFilter (AuthenticationFilter.java:constructSecretProvider(240)) - Unable to initialize FileSignerSecretProvider, falling back to use random secrets.
2019-09-04 12:53:23,202 [main] WARN  http.HttpRequestLog (HttpRequestLog.java:getRequestLog(97)) - Jetty request log can only be enabled using Log4j
2019-09-04 12:53:23,204 [main] INFO  http.HttpServer2 (HttpServer2.java:addGlobalFilter(975)) - Added global filter 'safety' (class=org.apache.hadoop.http.HttpServer2$QuotingInputFilter)
2019-09-04 12:53:23,205 [main] INFO  http.HttpServer2 (HttpServer2.java:addFilter(948)) - Added filter static_user_filter (class=org.apache.hadoop.http.lib.StaticUserWebFilter$StaticUserFilter) to context scm
2019-09-04 12:53:23,205 [main] INFO  http.HttpServer2 (HttpServer2.java:addFilter(958)) - Added filter static_user_filter (class=org.apache.hadoop.http.lib.StaticUserWebFilter$StaticUserFilter) to context logs
2019-09-04 12:53:23,205 [main] INFO  http.HttpServer2 (HttpServer2.java:addFilter(958)) - Added filter static_user_filter (class=org.apache.hadoop.http.lib.StaticUserWebFilter$StaticUserFilter) to context static
2019-09-04 12:53:23,208 [main] INFO  server.StorageContainerManager (StorageContainerManager.java:start(759)) - StorageContainerLocationProtocol RPC server is listening at /0.0.0.0:33237
2019-09-04 12:53:23,210 [main] WARN  impl.MetricsConfig (MetricsConfig.java:loadFirst(134)) - Cannot locate configuration: tried hadoop-metrics2-storagecontainermanager.properties,hadoop-metrics2.properties
2019-09-04 12:53:23,212 [main] INFO  impl.MetricsSystemImpl (MetricsSystemImpl.java:startTimer(374)) - Scheduled Metric snapshot period at 10 second(s).
2019-09-04 12:53:23,212 [main] INFO  impl.MetricsSystemImpl (MetricsSystemImpl.java:start(191)) - StorageContainerManager metrics system started
2019-09-04 12:53:23,345 [main] INFO  server.SCMClientProtocolServer (SCMClientProtocolServer.java:start(151)) - RPC server for Client  is listening at /0.0.0.0:33237
2019-09-04 12:53:23,345 [IPC Server Responder] INFO  ipc.Server (Server.java:run(1314)) - IPC Server Responder: starting
2019-09-04 12:53:23,345 [IPC Server listener on 33237] INFO  ipc.Server (Server.java:run(1153)) - IPC Server listener on 33237: starting
2019-09-04 12:53:23,348 [main] INFO  server.StorageContainerManager (StorageContainerManager.java:start(769)) - ScmBlockLocationProtocol RPC server is listening at /0.0.0.0:40952
2019-09-04 12:53:23,349 [main] INFO  server.SCMBlockProtocolServer (SCMBlockProtocolServer.java:start(140)) - RPC server for Block Protocol is listening at /0.0.0.0:40952
2019-09-04 12:53:23,349 [IPC Server Responder] INFO  ipc.Server (Server.java:run(1314)) - IPC Server Responder: starting
2019-09-04 12:53:23,349 [IPC Server listener on 40952] INFO  ipc.Server (Server.java:run(1153)) - IPC Server listener on 40952: starting
2019-09-04 12:53:23,352 [main] INFO  server.StorageContainerManager (StorageContainerManager.java:start(773)) - ScmDatanodeProtocl RPC server is listening at /0.0.0.0:41792
2019-09-04 12:53:23,352 [main] INFO  server.SCMDatanodeProtocolServer (SCMDatanodeProtocolServer.java:start(191)) - RPC server for DataNodes is listening at /0.0.0.0:41792
2019-09-04 12:53:23,353 [IPC Server Responder] INFO  ipc.Server (Server.java:run(1314)) - IPC Server Responder: starting
2019-09-04 12:53:23,353 [IPC Server listener on 41792] INFO  ipc.Server (Server.java:run(1153)) - IPC Server listener on 41792: starting
2019-09-04 12:53:23,359 [main] INFO  http.HttpServer2 (HttpServer2.java:bindListener(1191)) - Jetty bound to port 38232
2019-09-04 12:53:23,359 [main] INFO  server.Server (Server.java:doStart(351)) - jetty-9.3.24.v20180605, build timestamp: 2018-06-05T17:11:56Z, git hash: 84205aa28f11a4f31f2a3b86d1bba2cc8ab69827
2019-09-04 12:53:23,361 [main] INFO  handler.ContextHandler (ContextHandler.java:doStart(781)) - Started o.e.j.s.ServletContextHandler@4bdec54{/logs,file:///workdir/hadoop-ozone/integration-test/target/log,AVAILABLE}
2019-09-04 12:53:23,362 [main] INFO  handler.ContextHandler (ContextHandler.java:doStart(781)) - Started o.e.j.s.ServletContextHandler@3f9e38d4{/static,file:///workdir/hadoop-ozone/integration-test/target/test-classes/webapps/static,AVAILABLE}
2019-09-04 12:53:23,366 [main] INFO  handler.ContextHandler (ContextHandler.java:doStart(781)) - Started o.e.j.w.WebAppContext@685a3c14{/,file:///workdir/hadoop-ozone/integration-test/target/test-classes/webapps/scm/,AVAILABLE}{/scm}
2019-09-04 12:53:23,366 [main] INFO  server.AbstractConnector (AbstractConnector.java:doStart(278)) - Started ServerConnector@4c2ad035{HTTP/1.1,[http/1.1]}{0.0.0.0:38232}
2019-09-04 12:53:23,367 [main] INFO  server.Server (Server.java:doStart(419)) - Started @636421ms
2019-09-04 12:53:23,368 [main] INFO  server.BaseHttpServer (BaseHttpServer.java:updateConnectorAddress(213)) - HTTP server of SCM is listening at http://0.0.0.0:38232
2019-09-04 12:53:23,368 [main] WARN  server.ServerUtils (ServerUtils.java:getDBPath(222)) - ozone.om.db.dirs is not configured. We recommend adding this setting. Falling back to ozone.metadata.dirs instead.
2019-09-04 12:53:23,369 [org.apache.hadoop.util.JvmPauseMonitor$Monitor@f7a19c4] INFO  util.JvmPauseMonitor (JvmPauseMonitor.java:run(188)) - Starting JVM pause monitor
2019-09-04 12:53:23,383 [main] WARN  server.ServerUtils (ServerUtils.java:getDBPath(222)) - ozone.om.db.dirs is not configured. We recommend adding this setting. Falling back to ozone.metadata.dirs instead.
2019-09-04 12:53:23,383 [main] WARN  server.ServerUtils (ServerUtils.java:getDBPath(222)) - ozone.om.db.dirs is not configured. We recommend adding this setting. Falling back to ozone.metadata.dirs instead.
2019-09-04 12:53:23,383 [main] INFO  om.OzoneManager (OzoneManager.java:setOMNodeDetails(645)) - OM Service ID is not set. Setting it to the default ID: omServiceIdDefault
2019-09-04 12:53:23,384 [main] INFO  om.OzoneManager (OzoneManager.java:setOMNodeDetails(651)) - OM Node ID is not set. Setting it to the OmStorage's OmID: c268d8aa-2a7a-419a-95da-962fdb53fd8c
2019-09-04 12:53:23,384 [main] INFO  om.OzoneManager (OzoneManager.java:loadOMHAConfigs(602)) - Found matching OM address with OMServiceId: null, OMNodeId: null, RPC Address: localhost:0 and Ratis port: 9872
2019-09-04 12:53:23,388 | INFO  | SCMAudit | user=jenkins1000 | ip=192.168.157.199 | op=GET_SCM_INFO null | ret=SUCCESS |  
2019-09-04 12:53:23,390 [main] WARN  server.ServerUtils (ServerUtils.java:getDBPath(222)) - ozone.om.db.dirs is not configured. We recommend adding this setting. Falling back to ozone.metadata.dirs instead.
2019-09-04 12:53:23,390 [main] INFO  db.DBStoreBuilder (DBStoreBuilder.java:addTable(110)) - using custom profile for table: userTable
2019-09-04 12:53:23,390 [main] INFO  db.DBStoreBuilder (DBStoreBuilder.java:processTables(161)) - Using default column profile:DBProfile.DISK for Table:userTable
2019-09-04 12:53:23,390 [main] INFO  db.DBStoreBuilder (DBStoreBuilder.java:addTable(110)) - using custom profile for table: volumeTable
2019-09-04 12:53:23,390 [main] INFO  db.DBStoreBuilder (DBStoreBuilder.java:processTables(161)) - Using default column profile:DBProfile.DISK for Table:volumeTable
2019-09-04 12:53:23,391 [main] INFO  db.DBStoreBuilder (DBStoreBuilder.java:addTable(110)) - using custom profile for table: bucketTable
2019-09-04 12:53:23,391 [main] INFO  db.DBStoreBuilder (DBStoreBuilder.java:processTables(161)) - Using default column profile:DBProfile.DISK for Table:bucketTable
2019-09-04 12:53:23,391 [main] INFO  db.DBStoreBuilder (DBStoreBuilder.java:addTable(110)) - using custom profile for table: keyTable
2019-09-04 12:53:23,391 [main] INFO  db.DBStoreBuilder (DBStoreBuilder.java:processTables(161)) - Using default column profile:DBProfile.DISK for Table:keyTable
2019-09-04 12:53:23,391 [main] INFO  db.DBStoreBuilder (DBStoreBuilder.java:addTable(110)) - using custom profile for table: deletedTable
2019-09-04 12:53:23,392 [main] INFO  db.DBStoreBuilder (DBStoreBuilder.java:processTables(161)) - Using default column profile:DBProfile.DISK for Table:deletedTable
2019-09-04 12:53:23,392 [main] INFO  db.DBStoreBuilder (DBStoreBuilder.java:addTable(110)) - using custom profile for table: openKeyTable
2019-09-04 12:53:23,392 [main] INFO  db.DBStoreBuilder (DBStoreBuilder.java:processTables(161)) - Using default column profile:DBProfile.DISK for Table:openKeyTable
2019-09-04 12:53:23,392 [main] INFO  db.DBStoreBuilder (DBStoreBuilder.java:addTable(110)) - using custom profile for table: s3Table
2019-09-04 12:53:23,392 [main] INFO  db.DBStoreBuilder (DBStoreBuilder.java:processTables(161)) - Using default column profile:DBProfile.DISK for Table:s3Table
2019-09-04 12:53:23,393 [main] INFO  db.DBStoreBuilder (DBStoreBuilder.java:addTable(110)) - using custom profile for table: multipartInfoTable
2019-09-04 12:53:23,393 [main] INFO  db.DBStoreBuilder (DBStoreBuilder.java:processTables(161)) - Using default column profile:DBProfile.DISK for Table:multipartInfoTable
2019-09-04 12:53:23,393 [main] INFO  db.DBStoreBuilder (DBStoreBuilder.java:addTable(110)) - using custom profile for table: dTokenTable
2019-09-04 12:53:23,393 [main] INFO  db.DBStoreBuilder (DBStoreBuilder.java:processTables(161)) - Using default column profile:DBProfile.DISK for Table:dTokenTable
2019-09-04 12:53:23,393 [main] INFO  db.DBStoreBuilder (DBStoreBuilder.java:addTable(110)) - using custom profile for table: s3SecretTable
2019-09-04 12:53:23,393 [main] INFO  db.DBStoreBuilder (DBStoreBuilder.java:processTables(161)) - Using default column profile:DBProfile.DISK for Table:s3SecretTable
2019-09-04 12:53:23,393 [main] INFO  db.DBStoreBuilder (DBStoreBuilder.java:addTable(110)) - using custom profile for table: prefixTable
2019-09-04 12:53:23,394 [main] INFO  db.DBStoreBuilder (DBStoreBuilder.java:processTables(161)) - Using default column profile:DBProfile.DISK for Table:prefixTable
2019-09-04 12:53:23,394 [main] INFO  db.DBStoreBuilder (DBStoreBuilder.java:addTable(110)) - using custom profile for table: default
2019-09-04 12:53:23,394 [main] INFO  db.DBStoreBuilder (DBStoreBuilder.java:processTables(167)) - Using default column profile:DBProfile.DISK for Table:default
2019-09-04 12:53:23,394 [main] INFO  db.DBStoreBuilder (DBStoreBuilder.java:getDbProfile(198)) - Using default options. DBProfile.DISK
2019-09-04 12:53:23,849 [main] INFO  ipc.CallQueueManager (CallQueueManager.java:<init>(84)) - Using callQueue: class java.util.concurrent.LinkedBlockingQueue, queueCapacity: 2000, scheduler: class org.apache.hadoop.ipc.DefaultRpcScheduler, ipcBackoff: false.
2019-09-04 12:53:23,850 [Socket Reader #1 for port 37378] INFO  ipc.Server (Server.java:run(1074)) - Starting Socket Reader #1 for port 37378
2019-09-04 12:53:23,862 [main] INFO  om.OzoneManager (OzoneManager.java:start(1256)) - OzoneManager RPC server is listening at localhost/127.0.0.1:37378
2019-09-04 12:53:23,862 [main] INFO  impl.MetricsSystemImpl (MetricsSystemImpl.java:init(158)) - OzoneManager metrics system started (again)
2019-09-04 12:53:23,863 [IPC Server Responder] INFO  ipc.Server (Server.java:run(1314)) - IPC Server Responder: starting
2019-09-04 12:53:23,864 [IPC Server listener on 37378] INFO  ipc.Server (Server.java:run(1153)) - IPC Server listener on 37378: starting
2019-09-04 12:53:23,868 [main] INFO  hdfs.DFSUtil (DFSUtil.java:httpServerTemplateForNNAndJN(1641)) - Starting Web-server for ozoneManager at: http://0.0.0.0:0
2019-09-04 12:53:23,870 [main] INFO  server.AuthenticationFilter (AuthenticationFilter.java:constructSecretProvider(240)) - Unable to initialize FileSignerSecretProvider, falling back to use random secrets.
2019-09-04 12:53:23,871 [main] WARN  http.HttpRequestLog (HttpRequestLog.java:getRequestLog(97)) - Jetty request log can only be enabled using Log4j
2019-09-04 12:53:23,874 [main] INFO  http.HttpServer2 (HttpServer2.java:addGlobalFilter(975)) - Added global filter 'safety' (class=org.apache.hadoop.http.HttpServer2$QuotingInputFilter)
2019-09-04 12:53:23,874 [main] INFO  http.HttpServer2 (HttpServer2.java:addFilter(948)) - Added filter static_user_filter (class=org.apache.hadoop.http.lib.StaticUserWebFilter$StaticUserFilter) to context ozoneManager
2019-09-04 12:53:23,874 [main] INFO  http.HttpServer2 (HttpServer2.java:addFilter(958)) - Added filter static_user_filter (class=org.apache.hadoop.http.lib.StaticUserWebFilter$StaticUserFilter) to context static
2019-09-04 12:53:23,875 [main] INFO  http.HttpServer2 (HttpServer2.java:addFilter(958)) - Added filter static_user_filter (class=org.apache.hadoop.http.lib.StaticUserWebFilter$StaticUserFilter) to context logs
2019-09-04 12:53:23,876 [main] INFO  http.HttpServer2 (HttpServer2.java:bindListener(1191)) - Jetty bound to port 46043
2019-09-04 12:53:23,876 [main] INFO  server.Server (Server.java:doStart(351)) - jetty-9.3.24.v20180605, build timestamp: 2018-06-05T17:11:56Z, git hash: 84205aa28f11a4f31f2a3b86d1bba2cc8ab69827
2019-09-04 12:53:23,878 [main] INFO  handler.ContextHandler (ContextHandler.java:doStart(781)) - Started o.e.j.s.ServletContextHandler@251d64d6{/logs,file:///workdir/hadoop-ozone/integration-test/target/log,AVAILABLE}
2019-09-04 12:53:23,879 [main] INFO  handler.ContextHandler (ContextHandler.java:doStart(781)) - Started o.e.j.s.ServletContextHandler@17e96b3c{/static,file:///workdir/hadoop-ozone/integration-test/target/test-classes/webapps/static,AVAILABLE}
2019-09-04 12:53:23,885 [main] INFO  handler.ContextHandler (ContextHandler.java:doStart(781)) - Started o.e.j.w.WebAppContext@1dfadb7{/,file:///workdir/hadoop-ozone/integration-test/target/test-classes/webapps/ozoneManager/,AVAILABLE}{/ozoneManager}
2019-09-04 12:53:23,885 [main] INFO  server.AbstractConnector (AbstractConnector.java:doStart(278)) - Started ServerConnector@4602fa2f{HTTP/1.1,[http/1.1]}{0.0.0.0:46043}
2019-09-04 12:53:23,886 [main] INFO  server.Server (Server.java:doStart(419)) - Started @636941ms
2019-09-04 12:53:23,887 [main] INFO  server.BaseHttpServer (BaseHttpServer.java:updateConnectorAddress(213)) - HTTP server of OZONEMANAGER is listening at http://0.0.0.0:46043
2019-09-04 12:53:23,913 [main] INFO  impl.MetricsSystemImpl (MetricsSystemImpl.java:init(158)) - HddsDatanode metrics system started (again)
2019-09-04 12:53:23,917 [main] INFO  ozone.HddsDatanodeService (HddsDatanodeService.java:start(184)) - HddsDatanodeService host:pr-hdds-1569-8n246-508421386 ip:192.168.157.199
2019-09-04 12:53:23,930 [main] INFO  volume.HddsVolume (HddsVolume.java:<init>(176)) - Creating Volume: /workdir/hadoop-ozone/integration-test/target/test-dir/MiniOzoneClusterImpl-961fece6-1daa-4ad6-854f-a9aa561cc73b/datanode-0/data/containers/hdds of  storage type : DISK and capacity : 1482555576320
2019-09-04 12:53:23,930 [main] INFO  volume.VolumeSet (VolumeSet.java:initializeVolumeSet(170)) - Added Volume : /workdir/hadoop-ozone/integration-test/target/test-dir/MiniOzoneClusterImpl-961fece6-1daa-4ad6-854f-a9aa561cc73b/datanode-0/data/containers/hdds to VolumeSet
2019-09-04 12:53:23,931 [main] INFO  volume.ThrottledAsyncChecker (ThrottledAsyncChecker.java:schedule(140)) - Scheduling a check for org.apache.hadoop.ozone.container.common.volume.HddsVolume@3426d8e2
2019-09-04 12:53:23,931 [main] INFO  volume.HddsVolumeChecker (HddsVolumeChecker.java:checkAllVolumes(203)) - Scheduled health check for volume org.apache.hadoop.ozone.container.common.volume.HddsVolume@3426d8e2
2019-09-04 12:53:23,947 [main] INFO  impl.RaftServerProxy (ConfUtils.java:logGet(43)) - raft.rpc.type = GRPC (default)
2019-09-04 12:53:23,948 [main] INFO  grpc.GrpcFactory (GrpcFactory.java:checkPooledByteBufAllocatorUseCacheForAllThreads(45)) - PERFORMANCE WARNING: useCacheForAllThreads is true that may cause Netty to create a lot garbage objects and, as a result, trigger GC.
	It is recommended to disable useCacheForAllThreads by setting -Dorg.apache.ratis.thirdparty.io.netty.allocator.useCacheForAllThreads=false in command line.
2019-09-04 12:53:23,948 [main] INFO  grpc.GrpcConfigKeys$Server (ConfUtils.java:logGet(43)) - raft.grpc.server.port = 0 (default)
2019-09-04 12:53:23,948 [main] INFO  server.GrpcService (ConfUtils.java:logGet(43)) - raft.grpc.message.size.max = 33570816 (custom)
2019-09-04 12:53:23,948 [main] INFO  server.RaftServerConfigKeys (ConfUtils.java:logGet(43)) - raft.server.log.appender.buffer.byte-limit = 33554432 (custom)
2019-09-04 12:53:23,949 [main] INFO  server.GrpcService (ConfUtils.java:logGet(43)) - raft.grpc.flow.control.window = 1MB (=1048576) (default)
2019-09-04 12:53:23,949 [main] INFO  server.RaftServerConfigKeys (ConfUtils.java:logGet(43)) - raft.server.rpc.request.timeout = 3000ms (default)
2019-09-04 12:53:23,949 [main] INFO  server.RaftServerConfigKeys (ConfUtils.java:logGet(43)) - raft.server.storage.dir = [/workdir/hadoop-ozone/integration-test/target/test-dir/MiniOzoneClusterImpl-961fece6-1daa-4ad6-854f-a9aa561cc73b/datanode-0/data/ratis] (custom)
2019-09-04 12:53:23,950 [main] INFO  replication.SimpleContainerDownloader (SimpleContainerDownloader.java:<init>(72)) - Starting container downloader service to copy containers to replicate.
2019-09-04 12:53:23,951 [main] INFO  hdfs.DFSUtil (DFSUtil.java:httpServerTemplateForNNAndJN(1641)) - Starting Web-server for hddsDatanode at: http://0.0.0.0:0
2019-09-04 12:53:23,953 [main] INFO  server.AuthenticationFilter (AuthenticationFilter.java:constructSecretProvider(240)) - Unable to initialize FileSignerSecretProvider, falling back to use random secrets.
2019-09-04 12:53:23,954 [main] WARN  http.HttpRequestLog (HttpRequestLog.java:getRequestLog(97)) - Jetty request log can only be enabled using Log4j
2019-09-04 12:53:23,956 [main] INFO  http.HttpServer2 (HttpServer2.java:addGlobalFilter(975)) - Added global filter 'safety' (class=org.apache.hadoop.http.HttpServer2$QuotingInputFilter)
2019-09-04 12:53:23,956 [main] INFO  http.HttpServer2 (HttpServer2.java:addFilter(948)) - Added filter static_user_filter (class=org.apache.hadoop.http.lib.StaticUserWebFilter$StaticUserFilter) to context hddsDatanode
2019-09-04 12:53:23,957 [main] INFO  http.HttpServer2 (HttpServer2.java:addFilter(958)) - Added filter static_user_filter (class=org.apache.hadoop.http.lib.StaticUserWebFilter$StaticUserFilter) to context static
2019-09-04 12:53:23,957 [main] INFO  http.HttpServer2 (HttpServer2.java:addFilter(958)) - Added filter static_user_filter (class=org.apache.hadoop.http.lib.StaticUserWebFilter$StaticUserFilter) to context logs
2019-09-04 12:53:23,958 [main] INFO  http.HttpServer2 (HttpServer2.java:bindListener(1191)) - Jetty bound to port 41876
2019-09-04 12:53:23,958 [main] INFO  server.Server (Server.java:doStart(351)) - jetty-9.3.24.v20180605, build timestamp: 2018-06-05T17:11:56Z, git hash: 84205aa28f11a4f31f2a3b86d1bba2cc8ab69827
2019-09-04 12:53:23,960 [main] INFO  handler.ContextHandler (ContextHandler.java:doStart(781)) - Started o.e.j.s.ServletContextHandler@1100363d{/logs,file:///workdir/hadoop-ozone/integration-test/target/log,AVAILABLE}
2019-09-04 12:53:23,961 [main] INFO  handler.ContextHandler (ContextHandler.java:doStart(781)) - Started o.e.j.s.ServletContextHandler@788be73c{/static,jar:file:/home/user/.m2/repository/org/apache/hadoop/hadoop-hdds-container-service/0.5.0-SNAPSHOT/hadoop-hdds-container-service-0.5.0-SNAPSHOT.jar!/webapps/static,AVAILABLE}
2019-09-04 12:53:24,006 [main] INFO  handler.ContextHandler (ContextHandler.java:doStart(781)) - Started o.e.j.w.WebAppContext@3bb59485{/,file:///tmp/jetty-0.0.0.0-41876-hddsDatanode-_-any-2703291732447560927.dir/webapp/,AVAILABLE}{/hddsDatanode}
2019-09-04 12:53:24,007 [main] INFO  server.AbstractConnector (AbstractConnector.java:doStart(278)) - Started ServerConnector@27d9a016{HTTP/1.1,[http/1.1]}{0.0.0.0:41876}
2019-09-04 12:53:24,009 [main] INFO  server.Server (Server.java:doStart(419)) - Started @637063ms
2019-09-04 12:53:24,010 [main] INFO  server.BaseHttpServer (BaseHttpServer.java:updateConnectorAddress(213)) - HTTP server of HDDSDATANODE is listening at http://0.0.0.0:41876
2019-09-04 12:53:24,129 | INFO  | ObjectStoreRestHttpServer | Listening HDDS REST traffic on /0.0.0.0:36406 |  
2019-09-04 12:53:24,129 [main] INFO  ozone.HddsDatanodeService (HddsDatanodeService.java:startPlugins(395)) - Started plug-in org.apache.hadoop.ozone.web.OzoneHddsDatanodeService@6d985720
2019-09-04 12:53:24,129 [main] INFO  impl.MetricsSystemImpl (MetricsSystemImpl.java:init(158)) - HddsDatanode metrics system started (again)
2019-09-04 12:53:24,133 [org.apache.hadoop.util.JvmPauseMonitor$Monitor@23b72c90] INFO  util.JvmPauseMonitor (JvmPauseMonitor.java:run(188)) - Starting JVM pause monitor
2019-09-04 12:53:24,133 [main] INFO  ozone.HddsDatanodeService (HddsDatanodeService.java:start(184)) - HddsDatanodeService host:pr-hdds-1569-8n246-508421386 ip:192.168.157.199
2019-09-04 12:53:24,134 [Datanode State Machine Thread - 0] INFO  datanode.InitDatanodeState (InitDatanodeState.java:persistContainerDatanodeDetails(140)) - DatanodeDetails is persisted to /workdir/hadoop-ozone/integration-test/target/test-dir/MiniOzoneClusterImpl-961fece6-1daa-4ad6-854f-a9aa561cc73b/datanode-0/meta/datanode.id
2019-09-04 12:53:24,146 [main] INFO  volume.HddsVolume (HddsVolume.java:<init>(176)) - Creating Volume: /workdir/hadoop-ozone/integration-test/target/test-dir/MiniOzoneClusterImpl-961fece6-1daa-4ad6-854f-a9aa561cc73b/datanode-1/data/containers/hdds of  storage type : DISK and capacity : 1482555576320
2019-09-04 12:53:24,147 [main] INFO  volume.VolumeSet (VolumeSet.java:initializeVolumeSet(170)) - Added Volume : /workdir/hadoop-ozone/integration-test/target/test-dir/MiniOzoneClusterImpl-961fece6-1daa-4ad6-854f-a9aa561cc73b/datanode-1/data/containers/hdds to VolumeSet
2019-09-04 12:53:24,147 [main] INFO  volume.ThrottledAsyncChecker (ThrottledAsyncChecker.java:schedule(140)) - Scheduling a check for org.apache.hadoop.ozone.container.common.volume.HddsVolume@34c31a34
2019-09-04 12:53:24,148 [main] INFO  volume.HddsVolumeChecker (HddsVolumeChecker.java:checkAllVolumes(203)) - Scheduled health check for volume org.apache.hadoop.ozone.container.common.volume.HddsVolume@34c31a34
2019-09-04 12:53:24,168 [main] INFO  impl.RaftServerProxy (ConfUtils.java:logGet(43)) - raft.rpc.type = GRPC (default)
2019-09-04 12:53:24,168 [main] INFO  grpc.GrpcFactory (GrpcFactory.java:checkPooledByteBufAllocatorUseCacheForAllThreads(45)) - PERFORMANCE WARNING: useCacheForAllThreads is true that may cause Netty to create a lot garbage objects and, as a result, trigger GC.
	It is recommended to disable useCacheForAllThreads by setting -Dorg.apache.ratis.thirdparty.io.netty.allocator.useCacheForAllThreads=false in command line.
2019-09-04 12:53:24,169 [main] INFO  grpc.GrpcConfigKeys$Server (ConfUtils.java:logGet(43)) - raft.grpc.server.port = 0 (default)
2019-09-04 12:53:24,169 [main] INFO  server.GrpcService (ConfUtils.java:logGet(43)) - raft.grpc.message.size.max = 33570816 (custom)
2019-09-04 12:53:24,169 [main] INFO  server.RaftServerConfigKeys (ConfUtils.java:logGet(43)) - raft.server.log.appender.buffer.byte-limit = 33554432 (custom)
2019-09-04 12:53:24,170 [main] INFO  server.GrpcService (ConfUtils.java:logGet(43)) - raft.grpc.flow.control.window = 1MB (=1048576) (default)
2019-09-04 12:53:24,170 [main] INFO  server.RaftServerConfigKeys (ConfUtils.java:logGet(43)) - raft.server.rpc.request.timeout = 3000ms (default)
2019-09-04 12:53:24,171 [main] INFO  server.RaftServerConfigKeys (ConfUtils.java:logGet(43)) - raft.server.storage.dir = [/workdir/hadoop-ozone/integration-test/target/test-dir/MiniOzoneClusterImpl-961fece6-1daa-4ad6-854f-a9aa561cc73b/datanode-1/data/ratis] (custom)
2019-09-04 12:53:24,171 [main] INFO  replication.SimpleContainerDownloader (SimpleContainerDownloader.java:<init>(72)) - Starting container downloader service to copy containers to replicate.
2019-09-04 12:53:24,172 [main] INFO  hdfs.DFSUtil (DFSUtil.java:httpServerTemplateForNNAndJN(1641)) - Starting Web-server for hddsDatanode at: http://0.0.0.0:0
2019-09-04 12:53:24,173 [main] INFO  server.AuthenticationFilter (AuthenticationFilter.java:constructSecretProvider(240)) - Unable to initialize FileSignerSecretProvider, falling back to use random secrets.
2019-09-04 12:53:24,174 [main] WARN  http.HttpRequestLog (HttpRequestLog.java:getRequestLog(97)) - Jetty request log can only be enabled using Log4j
2019-09-04 12:53:24,175 [main] INFO  http.HttpServer2 (HttpServer2.java:addGlobalFilter(975)) - Added global filter 'safety' (class=org.apache.hadoop.http.HttpServer2$QuotingInputFilter)
2019-09-04 12:53:24,176 [main] INFO  http.HttpServer2 (HttpServer2.java:addFilter(948)) - Added filter static_user_filter (class=org.apache.hadoop.http.lib.StaticUserWebFilter$StaticUserFilter) to context hddsDatanode
2019-09-04 12:53:24,176 [main] INFO  http.HttpServer2 (HttpServer2.java:addFilter(958)) - Added filter static_user_filter (class=org.apache.hadoop.http.lib.StaticUserWebFilter$StaticUserFilter) to context static
2019-09-04 12:53:24,176 [main] INFO  http.HttpServer2 (HttpServer2.java:addFilter(958)) - Added filter static_user_filter (class=org.apache.hadoop.http.lib.StaticUserWebFilter$StaticUserFilter) to context logs
2019-09-04 12:53:24,177 [main] INFO  http.HttpServer2 (HttpServer2.java:bindListener(1191)) - Jetty bound to port 38802
2019-09-04 12:53:24,177 [main] INFO  server.Server (Server.java:doStart(351)) - jetty-9.3.24.v20180605, build timestamp: 2018-06-05T17:11:56Z, git hash: 84205aa28f11a4f31f2a3b86d1bba2cc8ab69827
2019-09-04 12:53:24,179 [main] INFO  handler.ContextHandler (ContextHandler.java:doStart(781)) - Started o.e.j.s.ServletContextHandler@5100fe55{/logs,file:///workdir/hadoop-ozone/integration-test/target/log,AVAILABLE}
2019-09-04 12:53:24,180 [main] INFO  handler.ContextHandler (ContextHandler.java:doStart(781)) - Started o.e.j.s.ServletContextHandler@46244e65{/static,jar:file:/home/user/.m2/repository/org/apache/hadoop/hadoop-hdds-container-service/0.5.0-SNAPSHOT/hadoop-hdds-container-service-0.5.0-SNAPSHOT.jar!/webapps/static,AVAILABLE}
2019-09-04 12:53:24,208 [main] INFO  handler.ContextHandler (ContextHandler.java:doStart(781)) - Started o.e.j.w.WebAppContext@116f823c{/,file:///tmp/jetty-0.0.0.0-38802-hddsDatanode-_-any-2776761483844736985.dir/webapp/,AVAILABLE}{/hddsDatanode}
2019-09-04 12:53:24,208 [main] INFO  server.AbstractConnector (AbstractConnector.java:doStart(278)) - Started ServerConnector@7f5a5ef3{HTTP/1.1,[http/1.1]}{0.0.0.0:38802}
2019-09-04 12:53:24,208 [main] INFO  server.Server (Server.java:doStart(419)) - Started @637263ms
2019-09-04 12:53:24,211 [main] INFO  server.BaseHttpServer (BaseHttpServer.java:updateConnectorAddress(213)) - HTTP server of HDDSDATANODE is listening at http://0.0.0.0:38802
2019-09-04 12:53:24,332 | INFO  | ObjectStoreRestHttpServer | Listening HDDS REST traffic on /0.0.0.0:43879 |  
2019-09-04 12:53:24,332 [main] INFO  ozone.HddsDatanodeService (HddsDatanodeService.java:startPlugins(395)) - Started plug-in org.apache.hadoop.ozone.web.OzoneHddsDatanodeService@1e3f0c5c
2019-09-04 12:53:24,333 [main] INFO  impl.MetricsSystemImpl (MetricsSystemImpl.java:init(158)) - HddsDatanode metrics system started (again)
2019-09-04 12:53:24,337 [org.apache.hadoop.util.JvmPauseMonitor$Monitor@452e4ba] INFO  util.JvmPauseMonitor (JvmPauseMonitor.java:run(188)) - Starting JVM pause monitor
2019-09-04 12:53:24,337 [main] INFO  ozone.HddsDatanodeService (HddsDatanodeService.java:start(184)) - HddsDatanodeService host:pr-hdds-1569-8n246-508421386 ip:192.168.157.199
2019-09-04 12:53:24,338 [Datanode State Machine Thread - 0] INFO  datanode.InitDatanodeState (InitDatanodeState.java:persistContainerDatanodeDetails(140)) - DatanodeDetails is persisted to /workdir/hadoop-ozone/integration-test/target/test-dir/MiniOzoneClusterImpl-961fece6-1daa-4ad6-854f-a9aa561cc73b/datanode-1/meta/datanode.id
2019-09-04 12:53:24,348 [main] INFO  volume.HddsVolume (HddsVolume.java:<init>(176)) - Creating Volume: /workdir/hadoop-ozone/integration-test/target/test-dir/MiniOzoneClusterImpl-961fece6-1daa-4ad6-854f-a9aa561cc73b/datanode-2/data/containers/hdds of  storage type : DISK and capacity : 1482555576320
2019-09-04 12:53:24,349 [main] INFO  volume.VolumeSet (VolumeSet.java:initializeVolumeSet(170)) - Added Volume : /workdir/hadoop-ozone/integration-test/target/test-dir/MiniOzoneClusterImpl-961fece6-1daa-4ad6-854f-a9aa561cc73b/datanode-2/data/containers/hdds to VolumeSet
2019-09-04 12:53:24,349 [main] INFO  volume.ThrottledAsyncChecker (ThrottledAsyncChecker.java:schedule(140)) - Scheduling a check for org.apache.hadoop.ozone.container.common.volume.HddsVolume@5c934077
2019-09-04 12:53:24,349 [main] INFO  volume.HddsVolumeChecker (HddsVolumeChecker.java:checkAllVolumes(203)) - Scheduled health check for volume org.apache.hadoop.ozone.container.common.volume.HddsVolume@5c934077
2019-09-04 12:53:24,362 [main] INFO  impl.RaftServerProxy (ConfUtils.java:logGet(43)) - raft.rpc.type = GRPC (default)
2019-09-04 12:53:24,363 [main] INFO  grpc.GrpcFactory (GrpcFactory.java:checkPooledByteBufAllocatorUseCacheForAllThreads(45)) - PERFORMANCE WARNING: useCacheForAllThreads is true that may cause Netty to create a lot garbage objects and, as a result, trigger GC.
	It is recommended to disable useCacheForAllThreads by setting -Dorg.apache.ratis.thirdparty.io.netty.allocator.useCacheForAllThreads=false in command line.
2019-09-04 12:53:24,363 [main] INFO  grpc.GrpcConfigKeys$Server (ConfUtils.java:logGet(43)) - raft.grpc.server.port = 0 (default)
2019-09-04 12:53:24,363 [main] INFO  server.GrpcService (ConfUtils.java:logGet(43)) - raft.grpc.message.size.max = 33570816 (custom)
2019-09-04 12:53:24,363 [main] INFO  server.RaftServerConfigKeys (ConfUtils.java:logGet(43)) - raft.server.log.appender.buffer.byte-limit = 33554432 (custom)
2019-09-04 12:53:24,363 [main] INFO  server.GrpcService (ConfUtils.java:logGet(43)) - raft.grpc.flow.control.window = 1MB (=1048576) (default)
2019-09-04 12:53:24,364 [main] INFO  server.RaftServerConfigKeys (ConfUtils.java:logGet(43)) - raft.server.rpc.request.timeout = 3000ms (default)
2019-09-04 12:53:24,364 [main] INFO  server.RaftServerConfigKeys (ConfUtils.java:logGet(43)) - raft.server.storage.dir = [/workdir/hadoop-ozone/integration-test/target/test-dir/MiniOzoneClusterImpl-961fece6-1daa-4ad6-854f-a9aa561cc73b/datanode-2/data/ratis] (custom)
2019-09-04 12:53:24,364 [main] INFO  replication.SimpleContainerDownloader (SimpleContainerDownloader.java:<init>(72)) - Starting container downloader service to copy containers to replicate.
2019-09-04 12:53:24,365 [main] INFO  hdfs.DFSUtil (DFSUtil.java:httpServerTemplateForNNAndJN(1641)) - Starting Web-server for hddsDatanode at: http://0.0.0.0:0
2019-09-04 12:53:24,366 [main] INFO  server.AuthenticationFilter (AuthenticationFilter.java:constructSecretProvider(240)) - Unable to initialize FileSignerSecretProvider, falling back to use random secrets.
2019-09-04 12:53:24,367 [main] WARN  http.HttpRequestLog (HttpRequestLog.java:getRequestLog(97)) - Jetty request log can only be enabled using Log4j
2019-09-04 12:53:24,368 [main] INFO  http.HttpServer2 (HttpServer2.java:addGlobalFilter(975)) - Added global filter 'safety' (class=org.apache.hadoop.http.HttpServer2$QuotingInputFilter)
2019-09-04 12:53:24,368 [main] INFO  http.HttpServer2 (HttpServer2.java:addFilter(948)) - Added filter static_user_filter (class=org.apache.hadoop.http.lib.StaticUserWebFilter$StaticUserFilter) to context hddsDatanode
2019-09-04 12:53:24,369 [main] INFO  http.HttpServer2 (HttpServer2.java:addFilter(958)) - Added filter static_user_filter (class=org.apache.hadoop.http.lib.StaticUserWebFilter$StaticUserFilter) to context static
2019-09-04 12:53:24,369 [main] INFO  http.HttpServer2 (HttpServer2.java:addFilter(958)) - Added filter static_user_filter (class=org.apache.hadoop.http.lib.StaticUserWebFilter$StaticUserFilter) to context logs
2019-09-04 12:53:24,369 [main] INFO  http.HttpServer2 (HttpServer2.java:bindListener(1191)) - Jetty bound to port 42435
2019-09-04 12:53:24,369 [main] INFO  server.Server (Server.java:doStart(351)) - jetty-9.3.24.v20180605, build timestamp: 2018-06-05T17:11:56Z, git hash: 84205aa28f11a4f31f2a3b86d1bba2cc8ab69827
2019-09-04 12:53:24,371 [main] INFO  handler.ContextHandler (ContextHandler.java:doStart(781)) - Started o.e.j.s.ServletContextHandler@39aa595{/logs,file:///workdir/hadoop-ozone/integration-test/target/log,AVAILABLE}
2019-09-04 12:53:24,372 [main] INFO  handler.ContextHandler (ContextHandler.java:doStart(781)) - Started o.e.j.s.ServletContextHandler@3d707885{/static,jar:file:/home/user/.m2/repository/org/apache/hadoop/hadoop-hdds-container-service/0.5.0-SNAPSHOT/hadoop-hdds-container-service-0.5.0-SNAPSHOT.jar!/webapps/static,AVAILABLE}
2019-09-04 12:53:24,399 [main] INFO  handler.ContextHandler (ContextHandler.java:doStart(781)) - Started o.e.j.w.WebAppContext@2087181d{/,file:///tmp/jetty-0.0.0.0-42435-hddsDatanode-_-any-4265331547680940170.dir/webapp/,AVAILABLE}{/hddsDatanode}
2019-09-04 12:53:24,399 [main] INFO  server.AbstractConnector (AbstractConnector.java:doStart(278)) - Started ServerConnector@2e50ca51{HTTP/1.1,[http/1.1]}{0.0.0.0:42435}
2019-09-04 12:53:24,399 [main] INFO  server.Server (Server.java:doStart(419)) - Started @637454ms
2019-09-04 12:53:24,401 [main] INFO  server.BaseHttpServer (BaseHttpServer.java:updateConnectorAddress(213)) - HTTP server of HDDSDATANODE is listening at http://0.0.0.0:42435
2019-09-04 12:53:24,518 | INFO  | ObjectStoreRestHttpServer | Listening HDDS REST traffic on /0.0.0.0:36113 |  
2019-09-04 12:53:24,518 [main] INFO  ozone.HddsDatanodeService (HddsDatanodeService.java:startPlugins(395)) - Started plug-in org.apache.hadoop.ozone.web.OzoneHddsDatanodeService@4a65ce06
2019-09-04 12:53:24,519 [main] INFO  impl.MetricsSystemImpl (MetricsSystemImpl.java:init(158)) - HddsDatanode metrics system started (again)
2019-09-04 12:53:24,523 [org.apache.hadoop.util.JvmPauseMonitor$Monitor@e65b807] INFO  util.JvmPauseMonitor (JvmPauseMonitor.java:run(188)) - Starting JVM pause monitor
2019-09-04 12:53:24,523 [main] INFO  ozone.HddsDatanodeService (HddsDatanodeService.java:start(184)) - HddsDatanodeService host:pr-hdds-1569-8n246-508421386 ip:192.168.157.199
2019-09-04 12:53:24,525 [Datanode State Machine Thread - 0] INFO  datanode.InitDatanodeState (InitDatanodeState.java:persistContainerDatanodeDetails(140)) - DatanodeDetails is persisted to /workdir/hadoop-ozone/integration-test/target/test-dir/MiniOzoneClusterImpl-961fece6-1daa-4ad6-854f-a9aa561cc73b/datanode-2/meta/datanode.id
2019-09-04 12:53:24,536 [main] INFO  volume.HddsVolume (HddsVolume.java:<init>(176)) - Creating Volume: /workdir/hadoop-ozone/integration-test/target/test-dir/MiniOzoneClusterImpl-961fece6-1daa-4ad6-854f-a9aa561cc73b/datanode-3/data/containers/hdds of  storage type : DISK and capacity : 1482555576320
2019-09-04 12:53:24,537 [main] INFO  volume.VolumeSet (VolumeSet.java:initializeVolumeSet(170)) - Added Volume : /workdir/hadoop-ozone/integration-test/target/test-dir/MiniOzoneClusterImpl-961fece6-1daa-4ad6-854f-a9aa561cc73b/datanode-3/data/containers/hdds to VolumeSet
2019-09-04 12:53:24,537 [main] INFO  volume.ThrottledAsyncChecker (ThrottledAsyncChecker.java:schedule(140)) - Scheduling a check for org.apache.hadoop.ozone.container.common.volume.HddsVolume@5771adf3
2019-09-04 12:53:24,537 [main] INFO  volume.HddsVolumeChecker (HddsVolumeChecker.java:checkAllVolumes(203)) - Scheduled health check for volume org.apache.hadoop.ozone.container.common.volume.HddsVolume@5771adf3
2019-09-04 12:53:24,552 [main] INFO  impl.RaftServerProxy (ConfUtils.java:logGet(43)) - raft.rpc.type = GRPC (default)
2019-09-04 12:53:24,552 [main] INFO  grpc.GrpcFactory (GrpcFactory.java:checkPooledByteBufAllocatorUseCacheForAllThreads(45)) - PERFORMANCE WARNING: useCacheForAllThreads is true that may cause Netty to create a lot garbage objects and, as a result, trigger GC.
	It is recommended to disable useCacheForAllThreads by setting -Dorg.apache.ratis.thirdparty.io.netty.allocator.useCacheForAllThreads=false in command line.
2019-09-04 12:53:24,553 [main] INFO  grpc.GrpcConfigKeys$Server (ConfUtils.java:logGet(43)) - raft.grpc.server.port = 0 (default)
2019-09-04 12:53:24,553 [main] INFO  server.GrpcService (ConfUtils.java:logGet(43)) - raft.grpc.message.size.max = 33570816 (custom)
2019-09-04 12:53:24,553 [main] INFO  server.RaftServerConfigKeys (ConfUtils.java:logGet(43)) - raft.server.log.appender.buffer.byte-limit = 33554432 (custom)
2019-09-04 12:53:24,553 [main] INFO  server.GrpcService (ConfUtils.java:logGet(43)) - raft.grpc.flow.control.window = 1MB (=1048576) (default)
2019-09-04 12:53:24,553 [main] INFO  server.RaftServerConfigKeys (ConfUtils.java:logGet(43)) - raft.server.rpc.request.timeout = 3000ms (default)
2019-09-04 12:53:24,554 [main] INFO  server.RaftServerConfigKeys (ConfUtils.java:logGet(43)) - raft.server.storage.dir = [/workdir/hadoop-ozone/integration-test/target/test-dir/MiniOzoneClusterImpl-961fece6-1daa-4ad6-854f-a9aa561cc73b/datanode-3/data/ratis] (custom)
2019-09-04 12:53:24,554 [main] INFO  replication.SimpleContainerDownloader (SimpleContainerDownloader.java:<init>(72)) - Starting container downloader service to copy containers to replicate.
2019-09-04 12:53:24,555 [main] INFO  hdfs.DFSUtil (DFSUtil.java:httpServerTemplateForNNAndJN(1641)) - Starting Web-server for hddsDatanode at: http://0.0.0.0:0
2019-09-04 12:53:24,557 [main] INFO  server.AuthenticationFilter (AuthenticationFilter.java:constructSecretProvider(240)) - Unable to initialize FileSignerSecretProvider, falling back to use random secrets.
2019-09-04 12:53:24,557 [main] WARN  http.HttpRequestLog (HttpRequestLog.java:getRequestLog(97)) - Jetty request log can only be enabled using Log4j
2019-09-04 12:53:24,559 [main] INFO  http.HttpServer2 (HttpServer2.java:addGlobalFilter(975)) - Added global filter 'safety' (class=org.apache.hadoop.http.HttpServer2$QuotingInputFilter)
2019-09-04 12:53:24,559 [main] INFO  http.HttpServer2 (HttpServer2.java:addFilter(948)) - Added filter static_user_filter (class=org.apache.hadoop.http.lib.StaticUserWebFilter$StaticUserFilter) to context hddsDatanode
2019-09-04 12:53:24,559 [main] INFO  http.HttpServer2 (HttpServer2.java:addFilter(958)) - Added filter static_user_filter (class=org.apache.hadoop.http.lib.StaticUserWebFilter$StaticUserFilter) to context static
2019-09-04 12:53:24,560 [main] INFO  http.HttpServer2 (HttpServer2.java:addFilter(958)) - Added filter static_user_filter (class=org.apache.hadoop.http.lib.StaticUserWebFilter$StaticUserFilter) to context logs
2019-09-04 12:53:24,560 [main] INFO  http.HttpServer2 (HttpServer2.java:bindListener(1191)) - Jetty bound to port 38893
2019-09-04 12:53:24,560 [main] INFO  server.Server (Server.java:doStart(351)) - jetty-9.3.24.v20180605, build timestamp: 2018-06-05T17:11:56Z, git hash: 84205aa28f11a4f31f2a3b86d1bba2cc8ab69827
2019-09-04 12:53:24,562 [main] INFO  handler.ContextHandler (ContextHandler.java:doStart(781)) - Started o.e.j.s.ServletContextHandler@64bcf689{/logs,file:///workdir/hadoop-ozone/integration-test/target/log,AVAILABLE}
2019-09-04 12:53:24,562 [main] INFO  handler.ContextHandler (ContextHandler.java:doStart(781)) - Started o.e.j.s.ServletContextHandler@3594b4b4{/static,jar:file:/home/user/.m2/repository/org/apache/hadoop/hadoop-hdds-container-service/0.5.0-SNAPSHOT/hadoop-hdds-container-service-0.5.0-SNAPSHOT.jar!/webapps/static,AVAILABLE}
2019-09-04 12:53:24,589 [main] INFO  handler.ContextHandler (ContextHandler.java:doStart(781)) - Started o.e.j.w.WebAppContext@4e44b713{/,file:///tmp/jetty-0.0.0.0-38893-hddsDatanode-_-any-3624028816208950042.dir/webapp/,AVAILABLE}{/hddsDatanode}
2019-09-04 12:53:24,590 [main] INFO  server.AbstractConnector (AbstractConnector.java:doStart(278)) - Started ServerConnector@4a83740e{HTTP/1.1,[http/1.1]}{0.0.0.0:38893}
2019-09-04 12:53:24,590 [main] INFO  server.Server (Server.java:doStart(419)) - Started @637644ms
2019-09-04 12:53:24,592 [main] INFO  server.BaseHttpServer (BaseHttpServer.java:updateConnectorAddress(213)) - HTTP server of HDDSDATANODE is listening at http://0.0.0.0:38893
2019-09-04 12:53:25,079 | INFO  | ObjectStoreRestHttpServer | Listening HDDS REST traffic on /0.0.0.0:33040 |  
2019-09-04 12:53:25,079 [main] INFO  ozone.HddsDatanodeService (HddsDatanodeService.java:startPlugins(395)) - Started plug-in org.apache.hadoop.ozone.web.OzoneHddsDatanodeService@b38dc7d
2019-09-04 12:53:25,079 [main] INFO  impl.MetricsSystemImpl (MetricsSystemImpl.java:init(158)) - HddsDatanode metrics system started (again)
2019-09-04 12:53:25,085 [org.apache.hadoop.util.JvmPauseMonitor$Monitor@3339f5de] INFO  util.JvmPauseMonitor (JvmPauseMonitor.java:run(188)) - Starting JVM pause monitor
2019-09-04 12:53:25,086 [main] INFO  ozone.HddsDatanodeService (HddsDatanodeService.java:start(184)) - HddsDatanodeService host:pr-hdds-1569-8n246-508421386 ip:192.168.157.199
2019-09-04 12:53:25,086 [Datanode State Machine Thread - 0] INFO  datanode.InitDatanodeState (InitDatanodeState.java:persistContainerDatanodeDetails(140)) - DatanodeDetails is persisted to /workdir/hadoop-ozone/integration-test/target/test-dir/MiniOzoneClusterImpl-961fece6-1daa-4ad6-854f-a9aa561cc73b/datanode-3/meta/datanode.id
2019-09-04 12:53:25,099 [main] INFO  volume.HddsVolume (HddsVolume.java:<init>(176)) - Creating Volume: /workdir/hadoop-ozone/integration-test/target/test-dir/MiniOzoneClusterImpl-961fece6-1daa-4ad6-854f-a9aa561cc73b/datanode-4/data/containers/hdds of  storage type : DISK and capacity : 1482555576320
2019-09-04 12:53:25,100 [main] INFO  volume.VolumeSet (VolumeSet.java:initializeVolumeSet(170)) - Added Volume : /workdir/hadoop-ozone/integration-test/target/test-dir/MiniOzoneClusterImpl-961fece6-1daa-4ad6-854f-a9aa561cc73b/datanode-4/data/containers/hdds to VolumeSet
2019-09-04 12:53:25,100 [main] INFO  volume.ThrottledAsyncChecker (ThrottledAsyncChecker.java:schedule(140)) - Scheduling a check for org.apache.hadoop.ozone.container.common.volume.HddsVolume@365ad794
2019-09-04 12:53:25,100 [main] INFO  volume.HddsVolumeChecker (HddsVolumeChecker.java:checkAllVolumes(203)) - Scheduled health check for volume org.apache.hadoop.ozone.container.common.volume.HddsVolume@365ad794
2019-09-04 12:53:25,120 [main] INFO  impl.RaftServerProxy (ConfUtils.java:logGet(43)) - raft.rpc.type = GRPC (default)
2019-09-04 12:53:25,121 [main] INFO  grpc.GrpcFactory (GrpcFactory.java:checkPooledByteBufAllocatorUseCacheForAllThreads(45)) - PERFORMANCE WARNING: useCacheForAllThreads is true that may cause Netty to create a lot garbage objects and, as a result, trigger GC.
	It is recommended to disable useCacheForAllThreads by setting -Dorg.apache.ratis.thirdparty.io.netty.allocator.useCacheForAllThreads=false in command line.
2019-09-04 12:53:25,121 [main] INFO  grpc.GrpcConfigKeys$Server (ConfUtils.java:logGet(43)) - raft.grpc.server.port = 0 (default)
2019-09-04 12:53:25,121 [main] INFO  server.GrpcService (ConfUtils.java:logGet(43)) - raft.grpc.message.size.max = 33570816 (custom)
2019-09-04 12:53:25,121 [main] INFO  server.RaftServerConfigKeys (ConfUtils.java:logGet(43)) - raft.server.log.appender.buffer.byte-limit = 33554432 (custom)
2019-09-04 12:53:25,122 [main] INFO  server.GrpcService (ConfUtils.java:logGet(43)) - raft.grpc.flow.control.window = 1MB (=1048576) (default)
2019-09-04 12:53:25,122 [main] INFO  server.RaftServerConfigKeys (ConfUtils.java:logGet(43)) - raft.server.rpc.request.timeout = 3000ms (default)
2019-09-04 12:53:25,123 [main] INFO  server.RaftServerConfigKeys (ConfUtils.java:logGet(43)) - raft.server.storage.dir = [/workdir/hadoop-ozone/integration-test/target/test-dir/MiniOzoneClusterImpl-961fece6-1daa-4ad6-854f-a9aa561cc73b/datanode-4/data/ratis] (custom)
2019-09-04 12:53:25,123 [main] INFO  replication.SimpleContainerDownloader (SimpleContainerDownloader.java:<init>(72)) - Starting container downloader service to copy containers to replicate.
2019-09-04 12:53:25,124 [main] INFO  hdfs.DFSUtil (DFSUtil.java:httpServerTemplateForNNAndJN(1641)) - Starting Web-server for hddsDatanode at: http://0.0.0.0:0
2019-09-04 12:53:25,126 [main] INFO  server.AuthenticationFilter (AuthenticationFilter.java:constructSecretProvider(240)) - Unable to initialize FileSignerSecretProvider, falling back to use random secrets.
2019-09-04 12:53:25,127 [main] WARN  http.HttpRequestLog (HttpRequestLog.java:getRequestLog(97)) - Jetty request log can only be enabled using Log4j
2019-09-04 12:53:25,129 [main] INFO  http.HttpServer2 (HttpServer2.java:addGlobalFilter(975)) - Added global filter 'safety' (class=org.apache.hadoop.http.HttpServer2$QuotingInputFilter)
2019-09-04 12:53:25,130 [main] INFO  http.HttpServer2 (HttpServer2.java:addFilter(948)) - Added filter static_user_filter (class=org.apache.hadoop.http.lib.StaticUserWebFilter$StaticUserFilter) to context hddsDatanode
2019-09-04 12:53:25,130 [main] INFO  http.HttpServer2 (HttpServer2.java:addFilter(958)) - Added filter static_user_filter (class=org.apache.hadoop.http.lib.StaticUserWebFilter$StaticUserFilter) to context static
2019-09-04 12:53:25,130 [main] INFO  http.HttpServer2 (HttpServer2.java:addFilter(958)) - Added filter static_user_filter (class=org.apache.hadoop.http.lib.StaticUserWebFilter$StaticUserFilter) to context logs
2019-09-04 12:53:25,131 [main] INFO  http.HttpServer2 (HttpServer2.java:bindListener(1191)) - Jetty bound to port 37849
2019-09-04 12:53:25,131 [main] INFO  server.Server (Server.java:doStart(351)) - jetty-9.3.24.v20180605, build timestamp: 2018-06-05T17:11:56Z, git hash: 84205aa28f11a4f31f2a3b86d1bba2cc8ab69827
2019-09-04 12:53:25,133 [main] INFO  handler.ContextHandler (ContextHandler.java:doStart(781)) - Started o.e.j.s.ServletContextHandler@1107cbd8{/logs,file:///workdir/hadoop-ozone/integration-test/target/log,AVAILABLE}
2019-09-04 12:53:25,134 [main] INFO  handler.ContextHandler (ContextHandler.java:doStart(781)) - Started o.e.j.s.ServletContextHandler@95f61c2{/static,jar:file:/home/user/.m2/repository/org/apache/hadoop/hadoop-hdds-container-service/0.5.0-SNAPSHOT/hadoop-hdds-container-service-0.5.0-SNAPSHOT.jar!/webapps/static,AVAILABLE}
2019-09-04 12:53:25,175 [main] INFO  handler.ContextHandler (ContextHandler.java:doStart(781)) - Started o.e.j.w.WebAppContext@67afba96{/,file:///tmp/jetty-0.0.0.0-37849-hddsDatanode-_-any-910100268212420771.dir/webapp/,AVAILABLE}{/hddsDatanode}
2019-09-04 12:53:25,175 [main] INFO  server.AbstractConnector (AbstractConnector.java:doStart(278)) - Started ServerConnector@7505ef47{HTTP/1.1,[http/1.1]}{0.0.0.0:37849}
2019-09-04 12:53:25,177 [main] INFO  server.Server (Server.java:doStart(419)) - Started @638231ms
2019-09-04 12:53:25,178 [main] INFO  server.BaseHttpServer (BaseHttpServer.java:updateConnectorAddress(213)) - HTTP server of HDDSDATANODE is listening at http://0.0.0.0:37849
2019-09-04 12:53:25,364 | INFO  | ObjectStoreRestHttpServer | Listening HDDS REST traffic on /0.0.0.0:42225 |  
2019-09-04 12:53:25,364 [main] INFO  ozone.HddsDatanodeService (HddsDatanodeService.java:startPlugins(395)) - Started plug-in org.apache.hadoop.ozone.web.OzoneHddsDatanodeService@36821a1b
2019-09-04 12:53:25,365 [main] INFO  impl.MetricsSystemImpl (MetricsSystemImpl.java:init(158)) - HddsDatanode metrics system started (again)
2019-09-04 12:53:25,372 [org.apache.hadoop.util.JvmPauseMonitor$Monitor@328829fa] INFO  util.JvmPauseMonitor (JvmPauseMonitor.java:run(188)) - Starting JVM pause monitor
2019-09-04 12:53:25,373 [main] INFO  ozone.HddsDatanodeService (HddsDatanodeService.java:start(184)) - HddsDatanodeService host:pr-hdds-1569-8n246-508421386 ip:192.168.157.199
2019-09-04 12:53:25,374 [Datanode State Machine Thread - 0] INFO  datanode.InitDatanodeState (InitDatanodeState.java:persistContainerDatanodeDetails(140)) - DatanodeDetails is persisted to /workdir/hadoop-ozone/integration-test/target/test-dir/MiniOzoneClusterImpl-961fece6-1daa-4ad6-854f-a9aa561cc73b/datanode-4/meta/datanode.id
2019-09-04 12:53:25,391 [main] INFO  volume.HddsVolume (HddsVolume.java:<init>(176)) - Creating Volume: /workdir/hadoop-ozone/integration-test/target/test-dir/MiniOzoneClusterImpl-961fece6-1daa-4ad6-854f-a9aa561cc73b/datanode-5/data/containers/hdds of  storage type : DISK and capacity : 1482555576320
2019-09-04 12:53:25,392 [main] INFO  volume.VolumeSet (VolumeSet.java:initializeVolumeSet(170)) - Added Volume : /workdir/hadoop-ozone/integration-test/target/test-dir/MiniOzoneClusterImpl-961fece6-1daa-4ad6-854f-a9aa561cc73b/datanode-5/data/containers/hdds to VolumeSet
2019-09-04 12:53:25,392 [main] INFO  volume.ThrottledAsyncChecker (ThrottledAsyncChecker.java:schedule(140)) - Scheduling a check for org.apache.hadoop.ozone.container.common.volume.HddsVolume@29e40db1
2019-09-04 12:53:25,393 [main] INFO  volume.HddsVolumeChecker (HddsVolumeChecker.java:checkAllVolumes(203)) - Scheduled health check for volume org.apache.hadoop.ozone.container.common.volume.HddsVolume@29e40db1
2019-09-04 12:53:25,412 [main] INFO  impl.RaftServerProxy (ConfUtils.java:logGet(43)) - raft.rpc.type = GRPC (default)
2019-09-04 12:53:25,413 [main] INFO  grpc.GrpcFactory (GrpcFactory.java:checkPooledByteBufAllocatorUseCacheForAllThreads(45)) - PERFORMANCE WARNING: useCacheForAllThreads is true that may cause Netty to create a lot garbage objects and, as a result, trigger GC.
	It is recommended to disable useCacheForAllThreads by setting -Dorg.apache.ratis.thirdparty.io.netty.allocator.useCacheForAllThreads=false in command line.
2019-09-04 12:53:25,413 [main] INFO  grpc.GrpcConfigKeys$Server (ConfUtils.java:logGet(43)) - raft.grpc.server.port = 0 (default)
2019-09-04 12:53:25,413 [main] INFO  server.GrpcService (ConfUtils.java:logGet(43)) - raft.grpc.message.size.max = 33570816 (custom)
2019-09-04 12:53:25,414 [main] INFO  server.RaftServerConfigKeys (ConfUtils.java:logGet(43)) - raft.server.log.appender.buffer.byte-limit = 33554432 (custom)
2019-09-04 12:53:25,414 [main] INFO  server.GrpcService (ConfUtils.java:logGet(43)) - raft.grpc.flow.control.window = 1MB (=1048576) (default)
2019-09-04 12:53:25,414 [main] INFO  server.RaftServerConfigKeys (ConfUtils.java:logGet(43)) - raft.server.rpc.request.timeout = 3000ms (default)
2019-09-04 12:53:25,415 [main] INFO  server.RaftServerConfigKeys (ConfUtils.java:logGet(43)) - raft.server.storage.dir = [/workdir/hadoop-ozone/integration-test/target/test-dir/MiniOzoneClusterImpl-961fece6-1daa-4ad6-854f-a9aa561cc73b/datanode-5/data/ratis] (custom)
2019-09-04 12:53:25,416 [main] INFO  replication.SimpleContainerDownloader (SimpleContainerDownloader.java:<init>(72)) - Starting container downloader service to copy containers to replicate.
2019-09-04 12:53:25,417 [main] INFO  hdfs.DFSUtil (DFSUtil.java:httpServerTemplateForNNAndJN(1641)) - Starting Web-server for hddsDatanode at: http://0.0.0.0:0
2019-09-04 12:53:25,419 [main] INFO  server.AuthenticationFilter (AuthenticationFilter.java:constructSecretProvider(240)) - Unable to initialize FileSignerSecretProvider, falling back to use random secrets.
2019-09-04 12:53:25,420 [main] WARN  http.HttpRequestLog (HttpRequestLog.java:getRequestLog(97)) - Jetty request log can only be enabled using Log4j
2019-09-04 12:53:25,422 [main] INFO  http.HttpServer2 (HttpServer2.java:addGlobalFilter(975)) - Added global filter 'safety' (class=org.apache.hadoop.http.HttpServer2$QuotingInputFilter)
2019-09-04 12:53:25,423 [main] INFO  http.HttpServer2 (HttpServer2.java:addFilter(948)) - Added filter static_user_filter (class=org.apache.hadoop.http.lib.StaticUserWebFilter$StaticUserFilter) to context hddsDatanode
2019-09-04 12:53:25,423 [main] INFO  http.HttpServer2 (HttpServer2.java:addFilter(958)) - Added filter static_user_filter (class=org.apache.hadoop.http.lib.StaticUserWebFilter$StaticUserFilter) to context static
2019-09-04 12:53:25,423 [main] INFO  http.HttpServer2 (HttpServer2.java:addFilter(958)) - Added filter static_user_filter (class=org.apache.hadoop.http.lib.StaticUserWebFilter$StaticUserFilter) to context logs
2019-09-04 12:53:25,424 [main] INFO  http.HttpServer2 (HttpServer2.java:bindListener(1191)) - Jetty bound to port 33077
2019-09-04 12:53:25,425 [main] INFO  server.Server (Server.java:doStart(351)) - jetty-9.3.24.v20180605, build timestamp: 2018-06-05T17:11:56Z, git hash: 84205aa28f11a4f31f2a3b86d1bba2cc8ab69827
2019-09-04 12:53:25,427 [main] INFO  handler.ContextHandler (ContextHandler.java:doStart(781)) - Started o.e.j.s.ServletContextHandler@222557fc{/logs,file:///workdir/hadoop-ozone/integration-test/target/log,AVAILABLE}
2019-09-04 12:53:25,428 [main] INFO  handler.ContextHandler (ContextHandler.java:doStart(781)) - Started o.e.j.s.ServletContextHandler@c5dc3db{/static,jar:file:/home/user/.m2/repository/org/apache/hadoop/hadoop-hdds-container-service/0.5.0-SNAPSHOT/hadoop-hdds-container-service-0.5.0-SNAPSHOT.jar!/webapps/static,AVAILABLE}
2019-09-04 12:53:25,469 [main] INFO  handler.ContextHandler (ContextHandler.java:doStart(781)) - Started o.e.j.w.WebAppContext@1ab6a093{/,file:///tmp/jetty-0.0.0.0-33077-hddsDatanode-_-any-1613964483320292306.dir/webapp/,AVAILABLE}{/hddsDatanode}
2019-09-04 12:53:25,470 [main] INFO  server.AbstractConnector (AbstractConnector.java:doStart(278)) - Started ServerConnector@6d95b51d{HTTP/1.1,[http/1.1]}{0.0.0.0:33077}
2019-09-04 12:53:25,471 [main] INFO  server.Server (Server.java:doStart(419)) - Started @638526ms
2019-09-04 12:53:25,472 [main] INFO  server.BaseHttpServer (BaseHttpServer.java:updateConnectorAddress(213)) - HTTP server of HDDSDATANODE is listening at http://0.0.0.0:33077
2019-09-04 12:53:25,593 | INFO  | ObjectStoreRestHttpServer | Listening HDDS REST traffic on /0.0.0.0:42851 |  
2019-09-04 12:53:25,593 [main] INFO  ozone.HddsDatanodeService (HddsDatanodeService.java:startPlugins(395)) - Started plug-in org.apache.hadoop.ozone.web.OzoneHddsDatanodeService@713935c8
2019-09-04 12:53:25,594 [main] INFO  impl.MetricsSystemImpl (MetricsSystemImpl.java:init(158)) - HddsDatanode metrics system started (again)
2019-09-04 12:53:25,598 [org.apache.hadoop.util.JvmPauseMonitor$Monitor@25c3141f] INFO  util.JvmPauseMonitor (JvmPauseMonitor.java:run(188)) - Starting JVM pause monitor
2019-09-04 12:53:25,599 [main] INFO  ozone.HddsDatanodeService (HddsDatanodeService.java:start(184)) - HddsDatanodeService host:pr-hdds-1569-8n246-508421386 ip:192.168.157.199
2019-09-04 12:53:25,600 [Datanode State Machine Thread - 0] INFO  datanode.InitDatanodeState (InitDatanodeState.java:persistContainerDatanodeDetails(140)) - DatanodeDetails is persisted to /workdir/hadoop-ozone/integration-test/target/test-dir/MiniOzoneClusterImpl-961fece6-1daa-4ad6-854f-a9aa561cc73b/datanode-5/meta/datanode.id
2019-09-04 12:53:25,613 [main] INFO  volume.HddsVolume (HddsVolume.java:<init>(176)) - Creating Volume: /workdir/hadoop-ozone/integration-test/target/test-dir/MiniOzoneClusterImpl-961fece6-1daa-4ad6-854f-a9aa561cc73b/datanode-6/data/containers/hdds of  storage type : DISK and capacity : 1482555576320
2019-09-04 12:53:25,613 [main] INFO  volume.VolumeSet (VolumeSet.java:initializeVolumeSet(170)) - Added Volume : /workdir/hadoop-ozone/integration-test/target/test-dir/MiniOzoneClusterImpl-961fece6-1daa-4ad6-854f-a9aa561cc73b/datanode-6/data/containers/hdds to VolumeSet
2019-09-04 12:53:25,613 [main] INFO  volume.ThrottledAsyncChecker (ThrottledAsyncChecker.java:schedule(140)) - Scheduling a check for org.apache.hadoop.ozone.container.common.volume.HddsVolume@4127dcdb
2019-09-04 12:53:25,614 [main] INFO  volume.HddsVolumeChecker (HddsVolumeChecker.java:checkAllVolumes(203)) - Scheduled health check for volume org.apache.hadoop.ozone.container.common.volume.HddsVolume@4127dcdb
2019-09-04 12:53:25,627 [main] INFO  impl.RaftServerProxy (ConfUtils.java:logGet(43)) - raft.rpc.type = GRPC (default)
2019-09-04 12:53:25,628 [main] INFO  grpc.GrpcFactory (GrpcFactory.java:checkPooledByteBufAllocatorUseCacheForAllThreads(45)) - PERFORMANCE WARNING: useCacheForAllThreads is true that may cause Netty to create a lot garbage objects and, as a result, trigger GC.
	It is recommended to disable useCacheForAllThreads by setting -Dorg.apache.ratis.thirdparty.io.netty.allocator.useCacheForAllThreads=false in command line.
2019-09-04 12:53:25,628 [main] INFO  grpc.GrpcConfigKeys$Server (ConfUtils.java:logGet(43)) - raft.grpc.server.port = 0 (default)
2019-09-04 12:53:25,628 [main] INFO  server.GrpcService (ConfUtils.java:logGet(43)) - raft.grpc.message.size.max = 33570816 (custom)
2019-09-04 12:53:25,628 [main] INFO  server.RaftServerConfigKeys (ConfUtils.java:logGet(43)) - raft.server.log.appender.buffer.byte-limit = 33554432 (custom)
2019-09-04 12:53:25,628 [main] INFO  server.GrpcService (ConfUtils.java:logGet(43)) - raft.grpc.flow.control.window = 1MB (=1048576) (default)
2019-09-04 12:53:25,629 [main] INFO  server.RaftServerConfigKeys (ConfUtils.java:logGet(43)) - raft.server.rpc.request.timeout = 3000ms (default)
2019-09-04 12:53:25,629 [main] INFO  server.RaftServerConfigKeys (ConfUtils.java:logGet(43)) - raft.server.storage.dir = [/workdir/hadoop-ozone/integration-test/target/test-dir/MiniOzoneClusterImpl-961fece6-1daa-4ad6-854f-a9aa561cc73b/datanode-6/data/ratis] (custom)
2019-09-04 12:53:25,629 [main] INFO  replication.SimpleContainerDownloader (SimpleContainerDownloader.java:<init>(72)) - Starting container downloader service to copy containers to replicate.
2019-09-04 12:53:25,630 [main] INFO  hdfs.DFSUtil (DFSUtil.java:httpServerTemplateForNNAndJN(1641)) - Starting Web-server for hddsDatanode at: http://0.0.0.0:0
2019-09-04 12:53:25,631 [main] INFO  server.AuthenticationFilter (AuthenticationFilter.java:constructSecretProvider(240)) - Unable to initialize FileSignerSecretProvider, falling back to use random secrets.
2019-09-04 12:53:25,632 [main] WARN  http.HttpRequestLog (HttpRequestLog.java:getRequestLog(97)) - Jetty request log can only be enabled using Log4j
2019-09-04 12:53:25,633 [main] INFO  http.HttpServer2 (HttpServer2.java:addGlobalFilter(975)) - Added global filter 'safety' (class=org.apache.hadoop.http.HttpServer2$QuotingInputFilter)
2019-09-04 12:53:25,633 [main] INFO  http.HttpServer2 (HttpServer2.java:addFilter(948)) - Added filter static_user_filter (class=org.apache.hadoop.http.lib.StaticUserWebFilter$StaticUserFilter) to context hddsDatanode
2019-09-04 12:53:25,634 [main] INFO  http.HttpServer2 (HttpServer2.java:addFilter(958)) - Added filter static_user_filter (class=org.apache.hadoop.http.lib.StaticUserWebFilter$StaticUserFilter) to context logs
2019-09-04 12:53:25,634 [main] INFO  http.HttpServer2 (HttpServer2.java:addFilter(958)) - Added filter static_user_filter (class=org.apache.hadoop.http.lib.StaticUserWebFilter$StaticUserFilter) to context static
2019-09-04 12:53:25,634 [main] INFO  http.HttpServer2 (HttpServer2.java:bindListener(1191)) - Jetty bound to port 46248
2019-09-04 12:53:25,634 [main] INFO  server.Server (Server.java:doStart(351)) - jetty-9.3.24.v20180605, build timestamp: 2018-06-05T17:11:56Z, git hash: 84205aa28f11a4f31f2a3b86d1bba2cc8ab69827
2019-09-04 12:53:25,636 [main] INFO  handler.ContextHandler (ContextHandler.java:doStart(781)) - Started o.e.j.s.ServletContextHandler@2e9f8c8f{/logs,file:///workdir/hadoop-ozone/integration-test/target/log,AVAILABLE}
2019-09-04 12:53:25,637 [main] INFO  handler.ContextHandler (ContextHandler.java:doStart(781)) - Started o.e.j.s.ServletContextHandler@2d260f2a{/static,jar:file:/home/user/.m2/repository/org/apache/hadoop/hadoop-hdds-container-service/0.5.0-SNAPSHOT/hadoop-hdds-container-service-0.5.0-SNAPSHOT.jar!/webapps/static,AVAILABLE}
2019-09-04 12:53:25,663 [main] INFO  handler.ContextHandler (ContextHandler.java:doStart(781)) - Started o.e.j.w.WebAppContext@4e43a23a{/,file:///tmp/jetty-0.0.0.0-46248-hddsDatanode-_-any-4896815427921121997.dir/webapp/,AVAILABLE}{/hddsDatanode}
2019-09-04 12:53:25,664 [main] INFO  server.AbstractConnector (AbstractConnector.java:doStart(278)) - Started ServerConnector@291fbdc9{HTTP/1.1,[http/1.1]}{0.0.0.0:46248}
2019-09-04 12:53:25,664 [main] INFO  server.Server (Server.java:doStart(419)) - Started @638718ms
2019-09-04 12:53:25,666 [main] INFO  server.BaseHttpServer (BaseHttpServer.java:updateConnectorAddress(213)) - HTTP server of HDDSDATANODE is listening at http://0.0.0.0:46248
2019-09-04 12:53:25,775 | INFO  | ObjectStoreRestHttpServer | Listening HDDS REST traffic on /0.0.0.0:42440 |  
2019-09-04 12:53:25,775 [main] INFO  ozone.HddsDatanodeService (HddsDatanodeService.java:startPlugins(395)) - Started plug-in org.apache.hadoop.ozone.web.OzoneHddsDatanodeService@891f18f
2019-09-04 12:53:25,776 [main] INFO  ozone.MiniOzoneClusterImpl (MiniOzoneClusterImpl.java:lambda$waitForClusterToBeReady$0(142)) - Waiting for cluster to be ready. Got 0 of 7 DN Heartbeats.
2019-09-04 12:53:25,778 [org.apache.hadoop.util.JvmPauseMonitor$Monitor@6cf3607] INFO  util.JvmPauseMonitor (JvmPauseMonitor.java:run(188)) - Starting JVM pause monitor
2019-09-04 12:53:25,779 [Datanode State Machine Thread - 0] INFO  datanode.InitDatanodeState (InitDatanodeState.java:persistContainerDatanodeDetails(140)) - DatanodeDetails is persisted to /workdir/hadoop-ozone/integration-test/target/test-dir/MiniOzoneClusterImpl-961fece6-1daa-4ad6-854f-a9aa561cc73b/datanode-6/meta/datanode.id
2019-09-04 12:53:26,139 | INFO  | SCMAudit | user=jenkins1000 | ip=192.168.157.199 | op=GET_VERSION null | ret=SUCCESS |  
2019-09-04 12:53:26,155 [Datanode State Machine Thread - 0] INFO  ozoneimpl.OzoneContainer (OzoneContainer.java:start(186)) - Attempting to start container services.
2019-09-04 12:53:26,155 [Datanode State Machine Thread - 0] INFO  ozoneimpl.OzoneContainer (OzoneContainer.java:startContainerScrub(160)) - Background container scrubber has been disabled by hdds.containerscrub.enabled
2019-09-04 12:53:26,156 [Datanode State Machine Thread - 0] INFO  ratis.XceiverServerRatis (XceiverServerRatis.java:start(404)) - Starting XceiverServerRatis 4b7cfae5-7895-4051-8e82-f472a7425180 at port 0
2019-09-04 12:53:26,164 [Datanode State Machine Thread - 0] INFO  impl.RaftServerProxy (RaftServerProxy.java:lambda$start$3(299)) - 4b7cfae5-7895-4051-8e82-f472a7425180: start RPC server
2019-09-04 12:53:26,166 [Datanode State Machine Thread - 0] INFO  server.GrpcService (GrpcService.java:startImpl(149)) - 4b7cfae5-7895-4051-8e82-f472a7425180: GrpcService started, listening on 0.0.0.0/0.0.0.0:34442
2019-09-04 12:53:26,166 [Datanode State Machine Thread - 0] INFO  ratis.XceiverServerRatis (XceiverServerRatis.java:start(414)) - XceiverServerRatis 4b7cfae5-7895-4051-8e82-f472a7425180 is started using port 34442
2019-09-04 12:53:26,168 [Datanode State Machine Thread - 0] INFO  server.XceiverServerGrpc (XceiverServerGrpc.java:start(163)) - XceiverServerGrpc 4b7cfae5-7895-4051-8e82-f472a7425180 is started using port 38188
2019-09-04 12:53:26,337 | INFO  | SCMAudit | user=jenkins1000 | ip=192.168.157.199 | op=GET_VERSION null | ret=SUCCESS |  
2019-09-04 12:53:26,360 [Datanode State Machine Thread - 0] INFO  ozoneimpl.OzoneContainer (OzoneContainer.java:start(186)) - Attempting to start container services.
2019-09-04 12:53:26,360 [Datanode State Machine Thread - 0] INFO  ozoneimpl.OzoneContainer (OzoneContainer.java:startContainerScrub(160)) - Background container scrubber has been disabled by hdds.containerscrub.enabled
2019-09-04 12:53:26,361 [Datanode State Machine Thread - 0] INFO  ratis.XceiverServerRatis (XceiverServerRatis.java:start(404)) - Starting XceiverServerRatis ae00c9ed-9554-4461-adef-868ea78ab386 at port 0
2019-09-04 12:53:26,370 [Datanode State Machine Thread - 0] INFO  impl.RaftServerProxy (RaftServerProxy.java:lambda$start$3(299)) - ae00c9ed-9554-4461-adef-868ea78ab386: start RPC server
2019-09-04 12:53:26,371 [Datanode State Machine Thread - 0] INFO  server.GrpcService (GrpcService.java:startImpl(149)) - ae00c9ed-9554-4461-adef-868ea78ab386: GrpcService started, listening on 0.0.0.0/0.0.0.0:41759
2019-09-04 12:53:26,371 [Datanode State Machine Thread - 0] INFO  ratis.XceiverServerRatis (XceiverServerRatis.java:start(414)) - XceiverServerRatis ae00c9ed-9554-4461-adef-868ea78ab386 is started using port 41759
2019-09-04 12:53:26,373 [Datanode State Machine Thread - 0] INFO  server.XceiverServerGrpc (XceiverServerGrpc.java:start(163)) - XceiverServerGrpc ae00c9ed-9554-4461-adef-868ea78ab386 is started using port 46576
2019-09-04 12:53:26,523 | INFO  | SCMAudit | user=jenkins1000 | ip=192.168.157.199 | op=GET_VERSION null | ret=SUCCESS |  
2019-09-04 12:53:26,549 [Datanode State Machine Thread - 0] INFO  ozoneimpl.OzoneContainer (OzoneContainer.java:start(186)) - Attempting to start container services.
2019-09-04 12:53:26,549 [Datanode State Machine Thread - 0] INFO  ozoneimpl.OzoneContainer (OzoneContainer.java:startContainerScrub(160)) - Background container scrubber has been disabled by hdds.containerscrub.enabled
2019-09-04 12:53:26,549 [Datanode State Machine Thread - 0] INFO  ratis.XceiverServerRatis (XceiverServerRatis.java:start(404)) - Starting XceiverServerRatis 1db2284d-cc5a-4f9d-9b30-3a0b3bda8807 at port 0
2019-09-04 12:53:26,559 [Datanode State Machine Thread - 0] INFO  impl.RaftServerProxy (RaftServerProxy.java:lambda$start$3(299)) - 1db2284d-cc5a-4f9d-9b30-3a0b3bda8807: start RPC server
2019-09-04 12:53:26,560 [Datanode State Machine Thread - 0] INFO  server.GrpcService (GrpcService.java:startImpl(149)) - 1db2284d-cc5a-4f9d-9b30-3a0b3bda8807: GrpcService started, listening on 0.0.0.0/0.0.0.0:41453
2019-09-04 12:53:26,560 [Datanode State Machine Thread - 0] INFO  ratis.XceiverServerRatis (XceiverServerRatis.java:start(414)) - XceiverServerRatis 1db2284d-cc5a-4f9d-9b30-3a0b3bda8807 is started using port 41453
2019-09-04 12:53:26,570 [Datanode State Machine Thread - 0] INFO  server.XceiverServerGrpc (XceiverServerGrpc.java:start(163)) - XceiverServerGrpc 1db2284d-cc5a-4f9d-9b30-3a0b3bda8807 is started using port 44808
2019-09-04 12:53:26,776 [main] INFO  ozone.MiniOzoneClusterImpl (MiniOzoneClusterImpl.java:lambda$waitForClusterToBeReady$0(142)) - Waiting for cluster to be ready. Got 0 of 7 DN Heartbeats.
2019-09-04 12:53:27,086 | INFO  | SCMAudit | user=jenkins1000 | ip=192.168.157.199 | op=GET_VERSION null | ret=SUCCESS |  
2019-09-04 12:53:27,111 [Datanode State Machine Thread - 0] INFO  ozoneimpl.OzoneContainer (OzoneContainer.java:start(186)) - Attempting to start container services.
2019-09-04 12:53:27,112 [Datanode State Machine Thread - 0] INFO  ozoneimpl.OzoneContainer (OzoneContainer.java:startContainerScrub(160)) - Background container scrubber has been disabled by hdds.containerscrub.enabled
2019-09-04 12:53:27,112 [Datanode State Machine Thread - 0] INFO  ratis.XceiverServerRatis (XceiverServerRatis.java:start(404)) - Starting XceiverServerRatis 62db11bf-06c4-4bc0-b55c-ce874389853c at port 0
2019-09-04 12:53:27,123 [Datanode State Machine Thread - 0] INFO  impl.RaftServerProxy (RaftServerProxy.java:lambda$start$3(299)) - 62db11bf-06c4-4bc0-b55c-ce874389853c: start RPC server
2019-09-04 12:53:27,124 [Datanode State Machine Thread - 0] INFO  server.GrpcService (GrpcService.java:startImpl(149)) - 62db11bf-06c4-4bc0-b55c-ce874389853c: GrpcService started, listening on 0.0.0.0/0.0.0.0:39889
2019-09-04 12:53:27,124 [Datanode State Machine Thread - 0] INFO  ratis.XceiverServerRatis (XceiverServerRatis.java:start(414)) - XceiverServerRatis 62db11bf-06c4-4bc0-b55c-ce874389853c is started using port 39889
2019-09-04 12:53:27,124 [Datanode State Machine Thread - 0] INFO  server.XceiverServerGrpc (XceiverServerGrpc.java:start(163)) - XceiverServerGrpc 62db11bf-06c4-4bc0-b55c-ce874389853c is started using port 34263
2019-09-04 12:53:27,373 | INFO  | SCMAudit | user=jenkins1000 | ip=192.168.157.199 | op=GET_VERSION null | ret=SUCCESS |  
2019-09-04 12:53:27,388 [Datanode State Machine Thread - 0] INFO  ozoneimpl.OzoneContainer (OzoneContainer.java:start(186)) - Attempting to start container services.
2019-09-04 12:53:27,388 [Datanode State Machine Thread - 0] INFO  ozoneimpl.OzoneContainer (OzoneContainer.java:startContainerScrub(160)) - Background container scrubber has been disabled by hdds.containerscrub.enabled
2019-09-04 12:53:27,388 [Datanode State Machine Thread - 0] INFO  ratis.XceiverServerRatis (XceiverServerRatis.java:start(404)) - Starting XceiverServerRatis 39c9cf8b-fdae-416a-9cdb-d7cfa9f1a255 at port 0
2019-09-04 12:53:27,398 [Datanode State Machine Thread - 0] INFO  impl.RaftServerProxy (RaftServerProxy.java:lambda$start$3(299)) - 39c9cf8b-fdae-416a-9cdb-d7cfa9f1a255: start RPC server
2019-09-04 12:53:27,399 [Datanode State Machine Thread - 0] INFO  server.GrpcService (GrpcService.java:startImpl(149)) - 39c9cf8b-fdae-416a-9cdb-d7cfa9f1a255: GrpcService started, listening on 0.0.0.0/0.0.0.0:34356
2019-09-04 12:53:27,399 [Datanode State Machine Thread - 0] INFO  ratis.XceiverServerRatis (XceiverServerRatis.java:start(414)) - XceiverServerRatis 39c9cf8b-fdae-416a-9cdb-d7cfa9f1a255 is started using port 34356
2019-09-04 12:53:27,403 [Datanode State Machine Thread - 0] INFO  server.XceiverServerGrpc (XceiverServerGrpc.java:start(163)) - XceiverServerGrpc 39c9cf8b-fdae-416a-9cdb-d7cfa9f1a255 is started using port 35994
2019-09-04 12:53:27,600 | INFO  | SCMAudit | user=jenkins1000 | ip=192.168.157.199 | op=GET_VERSION null | ret=SUCCESS |  
2019-09-04 12:53:27,613 [Datanode State Machine Thread - 0] INFO  ozoneimpl.OzoneContainer (OzoneContainer.java:start(186)) - Attempting to start container services.
2019-09-04 12:53:27,614 [Datanode State Machine Thread - 0] INFO  ozoneimpl.OzoneContainer (OzoneContainer.java:startContainerScrub(160)) - Background container scrubber has been disabled by hdds.containerscrub.enabled
2019-09-04 12:53:27,614 [Datanode State Machine Thread - 0] INFO  ratis.XceiverServerRatis (XceiverServerRatis.java:start(404)) - Starting XceiverServerRatis f53fb59c-e327-439c-b24b-4e7cfa747c0b at port 0
2019-09-04 12:53:27,623 [Datanode State Machine Thread - 0] INFO  impl.RaftServerProxy (RaftServerProxy.java:lambda$start$3(299)) - f53fb59c-e327-439c-b24b-4e7cfa747c0b: start RPC server
2019-09-04 12:53:27,624 [Datanode State Machine Thread - 0] INFO  server.GrpcService (GrpcService.java:startImpl(149)) - f53fb59c-e327-439c-b24b-4e7cfa747c0b: GrpcService started, listening on 0.0.0.0/0.0.0.0:45236
2019-09-04 12:53:27,624 [Datanode State Machine Thread - 0] INFO  ratis.XceiverServerRatis (XceiverServerRatis.java:start(414)) - XceiverServerRatis f53fb59c-e327-439c-b24b-4e7cfa747c0b is started using port 45236
2019-09-04 12:53:27,624 [Datanode State Machine Thread - 0] INFO  server.XceiverServerGrpc (XceiverServerGrpc.java:start(163)) - XceiverServerGrpc f53fb59c-e327-439c-b24b-4e7cfa747c0b is started using port 43807
2019-09-04 12:53:27,777 [main] INFO  ozone.MiniOzoneClusterImpl (MiniOzoneClusterImpl.java:lambda$waitForClusterToBeReady$0(142)) - Waiting for cluster to be ready. Got 0 of 7 DN Heartbeats.
2019-09-04 12:53:27,778 | INFO  | SCMAudit | user=jenkins1000 | ip=192.168.157.199 | op=GET_VERSION null | ret=SUCCESS |  
2019-09-04 12:53:27,800 [Datanode State Machine Thread - 0] INFO  ozoneimpl.OzoneContainer (OzoneContainer.java:start(186)) - Attempting to start container services.
2019-09-04 12:53:27,800 [Datanode State Machine Thread - 0] INFO  ozoneimpl.OzoneContainer (OzoneContainer.java:startContainerScrub(160)) - Background container scrubber has been disabled by hdds.containerscrub.enabled
2019-09-04 12:53:27,800 [Datanode State Machine Thread - 0] INFO  ratis.XceiverServerRatis (XceiverServerRatis.java:start(404)) - Starting XceiverServerRatis 1207c098-9d41-4144-a8e5-91613efa8ba6 at port 0
2019-09-04 12:53:27,809 [Datanode State Machine Thread - 0] INFO  impl.RaftServerProxy (RaftServerProxy.java:lambda$start$3(299)) - 1207c098-9d41-4144-a8e5-91613efa8ba6: start RPC server
2019-09-04 12:53:27,810 [Datanode State Machine Thread - 0] INFO  server.GrpcService (GrpcService.java:startImpl(149)) - 1207c098-9d41-4144-a8e5-91613efa8ba6: GrpcService started, listening on 0.0.0.0/0.0.0.0:39815
2019-09-04 12:53:27,810 [Datanode State Machine Thread - 0] INFO  ratis.XceiverServerRatis (XceiverServerRatis.java:start(414)) - XceiverServerRatis 1207c098-9d41-4144-a8e5-91613efa8ba6 is started using port 39815
2019-09-04 12:53:27,811 [Datanode State Machine Thread - 0] INFO  server.XceiverServerGrpc (XceiverServerGrpc.java:start(163)) - XceiverServerGrpc 1207c098-9d41-4144-a8e5-91613efa8ba6 is started using port 45163
2019-09-04 12:53:28,139 [IPC Server handler 17 on 41792] INFO  net.NetworkTopology (NetworkTopologyImpl.java:add(110)) - Added a new node: /default-rack/4b7cfae5-7895-4051-8e82-f472a7425180
2019-09-04 12:53:28,143 [IPC Server handler 17 on 41792] INFO  node.SCMNodeManager (SCMNodeManager.java:register(273)) - Registered Data node : 4b7cfae5-7895-4051-8e82-f472a7425180{ip: 192.168.157.199, host: pr-hdds-1569-8n246-508421386, networkLocation: /default-rack, certSerialId: null}
2019-09-04 12:53:28,144 [EventQueue-NodeRegistrationContainerReportForDataNodeSafeModeRule] INFO  safemode.SCMSafeModeManager (DataNodeSafeModeRule.java:process(71)) - SCM in safe mode. 1 DataNodes registered, 1 required.
2019-09-04 12:53:28,144 | INFO  | SCMAudit | user=jenkins1000 | ip=192.168.157.199 | op=REGISTER {datanodeDetails=4b7cfae5-7895-4051-8e82-f472a7425180{ip: 192.168.157.199, host: pr-hdds-1569-8n246-508421386, networkLocation: /default-rack, certSerialId: null}} | ret=SUCCESS |  
2019-09-04 12:53:28,147 [EventQueue-NodeRegistrationContainerReportForDataNodeSafeModeRule] INFO  safemode.SCMSafeModeManager (SCMSafeModeManager.java:validateSafeModeExitRules(177)) - ScmSafeModeManager, all rules are successfully validated
2019-09-04 12:53:28,147 [EventQueue-NodeRegistrationContainerReportForDataNodeSafeModeRule] INFO  safemode.SCMSafeModeManager (SCMSafeModeManager.java:exitSafeMode(193)) - SCM exiting safe mode.
2019-09-04 12:53:28,155 [grpc-default-executor-10] INFO  impl.RaftServerProxy (RaftServerProxy.java:addNew(89)) - 4b7cfae5-7895-4051-8e82-f472a7425180: addNew group-304DEBCFDAF1:[4b7cfae5-7895-4051-8e82-f472a7425180:192.168.157.199:34442] returns group-304DEBCFDAF1:java.util.concurrent.CompletableFuture@4b1fd20a[Not completed]
2019-09-04 12:53:28,157 [pool-536-thread-1] INFO  impl.RaftServerImpl (RaftServerImpl.java:<init>(93)) - 4b7cfae5-7895-4051-8e82-f472a7425180: new RaftServerImpl for group-304DEBCFDAF1:[4b7cfae5-7895-4051-8e82-f472a7425180:192.168.157.199:34442] with ContainerStateMachine:uninitialized
2019-09-04 12:53:28,157 [pool-536-thread-1] INFO  server.RaftServerConfigKeys (ConfUtils.java:logGet(43)) - raft.server.rpc.timeout.min = 5s (custom)
2019-09-04 12:53:28,157 [pool-536-thread-1] INFO  server.RaftServerConfigKeys (ConfUtils.java:logGet(43)) - raft.server.rpc.timeout.max = 5200ms (custom)
2019-09-04 12:53:28,158 [pool-536-thread-1] INFO  server.RaftServerConfigKeys (ConfUtils.java:logGet(43)) - raft.server.rpcslowness.timeout = 120s (custom)
2019-09-04 12:53:28,158 [pool-536-thread-1] INFO  server.RaftServerConfigKeys (ConfUtils.java:logGet(43)) - raft.server.sleep.deviation.threshold = 300 (default)
2019-09-04 12:53:28,158 [pool-536-thread-1] INFO  server.RaftServerConfigKeys (ConfUtils.java:logGet(43)) - raft.server.log.appender.install.snapshot.enabled = false (custom)
2019-09-04 12:53:28,158 [pool-536-thread-1] INFO  impl.RaftServerImpl (ServerState.java:<init>(105)) - 4b7cfae5-7895-4051-8e82-f472a7425180:group-304DEBCFDAF1 ConfigurationManager, init=-1: [4b7cfae5-7895-4051-8e82-f472a7425180:192.168.157.199:34442], old=null, confs=<EMPTY_MAP>
2019-09-04 12:53:28,158 [pool-536-thread-1] INFO  server.RaftServerConfigKeys (ConfUtils.java:logGet(43)) - raft.server.storage.dir = [/workdir/hadoop-ozone/integration-test/target/test-dir/MiniOzoneClusterImpl-961fece6-1daa-4ad6-854f-a9aa561cc73b/datanode-0/data/ratis] (custom)
2019-09-04 12:53:28,159 [pool-536-thread-1] INFO  storage.RaftStorageDirectory (RaftStorageDirectory.java:analyzeStorage(246)) - The storage directory /workdir/hadoop-ozone/integration-test/target/test-dir/MiniOzoneClusterImpl-961fece6-1daa-4ad6-854f-a9aa561cc73b/datanode-0/data/ratis/ced2434b-438d-4028-8c2e-304debcfdaf1 does not exist. Creating ...
2019-09-04 12:53:28,172 [pool-536-thread-1] INFO  storage.RaftStorageDirectory (RaftStorageDirectory.java:tryLock(328)) - Lock on /workdir/hadoop-ozone/integration-test/target/test-dir/MiniOzoneClusterImpl-961fece6-1daa-4ad6-854f-a9aa561cc73b/datanode-0/data/ratis/ced2434b-438d-4028-8c2e-304debcfdaf1/in_use.lock acquired by nodename 4324@pr-hdds-1569-8n246-508421386
2019-09-04 12:53:28,185 [pool-536-thread-1] INFO  storage.RaftStorage (RaftStorage.java:format(72)) - Storage directory /workdir/hadoop-ozone/integration-test/target/test-dir/MiniOzoneClusterImpl-961fece6-1daa-4ad6-854f-a9aa561cc73b/datanode-0/data/ratis/ced2434b-438d-4028-8c2e-304debcfdaf1 has been successfully formatted.
2019-09-04 12:53:28,186 [pool-536-thread-1] INFO  ratis.ContainerStateMachine (ContainerStateMachine.java:loadSnapshot(226)) - group-304DEBCFDAF1: The snapshot info is null. Setting the last applied indexto:(t:0, i:~)
2019-09-04 12:53:28,186 [pool-536-thread-1] INFO  server.RaftServerConfigKeys (ConfUtils.java:logGet(43)) - raft.server.leader.election.timeout = 120s (custom)
2019-09-04 12:53:28,186 [pool-536-thread-1] INFO  server.RaftServerConfigKeys (ConfUtils.java:logGet(43)) - raft.server.log.use.memory = false (default)
2019-09-04 12:53:28,186 [pool-536-thread-1] INFO  server.RaftServerConfigKeys (ConfUtils.java:logGet(43)) - raft.server.log.purge.gap = 1000000 (custom)
2019-09-04 12:53:28,187 [pool-536-thread-1] INFO  server.RaftServerConfigKeys (ConfUtils.java:logGet(43)) - raft.server.log.appender.buffer.byte-limit = 33554432 (custom)
2019-09-04 12:53:28,187 [pool-536-thread-1] INFO  server.RaftServerConfigKeys (ConfUtils.java:logGet(43)) - raft.server.log.segment.size.max = 1048576 (custom)
2019-09-04 12:53:28,187 [pool-536-thread-1] INFO  server.RaftServerConfigKeys (ConfUtils.java:logGet(43)) - raft.server.log.segment.cache.num.max = 2 (custom)
2019-09-04 12:53:28,187 [pool-536-thread-1] INFO  segmented.SegmentedRaftLogWorker (SegmentedRaftLogWorker.java:<init>(172)) - new 4b7cfae5-7895-4051-8e82-f472a7425180-SegmentedRaftLogWorker:Storage Directory /workdir/hadoop-ozone/integration-test/target/test-dir/MiniOzoneClusterImpl-961fece6-1daa-4ad6-854f-a9aa561cc73b/datanode-0/data/ratis/ced2434b-438d-4028-8c2e-304debcfdaf1 for RaftStorage:Storage Directory /workdir/hadoop-ozone/integration-test/target/test-dir/MiniOzoneClusterImpl-961fece6-1daa-4ad6-854f-a9aa561cc73b/datanode-0/data/ratis/ced2434b-438d-4028-8c2e-304debcfdaf1
2019-09-04 12:53:28,187 [pool-536-thread-1] INFO  server.RaftServerConfigKeys (ConfUtils.java:logGet(43)) - raft.server.log.queue.byte-limit = 2147483647 (custom)
2019-09-04 12:53:28,188 [pool-536-thread-1] INFO  server.RaftServerConfigKeys (ConfUtils.java:logGet(43)) - raft.server.log.queue.element-limit = 1024 (custom)
2019-09-04 12:53:28,188 [pool-536-thread-1] INFO  server.RaftServerConfigKeys (ConfUtils.java:logGet(43)) - raft.server.log.segment.size.max = 1048576 (custom)
2019-09-04 12:53:28,188 [pool-536-thread-1] INFO  server.RaftServerConfigKeys (ConfUtils.java:logGet(43)) - raft.server.log.preallocated.size = 16384 (custom)
2019-09-04 12:53:28,188 [pool-536-thread-1] INFO  server.RaftServerConfigKeys (ConfUtils.java:logGet(43)) - raft.server.log.write.buffer.size = 33554432 (custom)
2019-09-04 12:53:28,188 [pool-536-thread-1] INFO  server.RaftServerConfigKeys (ConfUtils.java:logGet(43)) - raft.server.log.force.sync.num = 128 (default)
2019-09-04 12:53:28,189 [pool-536-thread-1] INFO  server.RaftServerConfigKeys (ConfUtils.java:logGet(43)) - raft.server.log.statemachine.data.sync = true (default)
2019-09-04 12:53:28,189 [pool-536-thread-1] INFO  server.RaftServerConfigKeys (ConfUtils.java:logGet(43)) - raft.server.log.statemachine.data.sync.timeout = 10s (default)
2019-09-04 12:53:28,189 [pool-536-thread-1] INFO  server.RaftServerConfigKeys (ConfUtils.java:logGet(43)) - raft.server.log.statemachine.data.sync.timeout.retry = -1 (default)
2019-09-04 12:53:28,189 [pool-536-thread-1] INFO  server.RaftServerConfigKeys (ConfUtils.java:logGet(43)) - raft.server.log.statemachine.data.caching.enabled = true (custom)
2019-09-04 12:53:28,190 [pool-536-thread-1] INFO  segmented.SegmentedRaftLogWorker (SegmentedRaftLogWorker.java:lambda$new$0(132)) - 4b7cfae5-7895-4051-8e82-f472a7425180-SegmentedRaftLogWorker:Storage Directory /workdir/hadoop-ozone/integration-test/target/test-dir/MiniOzoneClusterImpl-961fece6-1daa-4ad6-854f-a9aa561cc73b/datanode-0/data/ratis/ced2434b-438d-4028-8c2e-304debcfdaf1: flushIndex: setUnconditionally 0 -> -1
2019-09-04 12:53:28,190 [pool-536-thread-1] INFO  server.RaftServerConfigKeys (ConfUtils.java:logGet(43)) - raft.server.snapshot.auto.trigger.enabled = true (custom)
2019-09-04 12:53:28,190 [pool-536-thread-1] INFO  server.RaftServerConfigKeys (ConfUtils.java:logGet(43)) - raft.server.snapshot.auto.trigger.threshold = 10000 (custom)
2019-09-04 12:53:28,191 [pool-536-thread-1] INFO  server.RaftServerConfigKeys (ConfUtils.java:logGet(43)) - raft.server.retrycache.expirytime = 600000ms (custom)
2019-09-04 12:53:28,191 [pool-536-thread-1] INFO  impl.RaftServerImpl (RaftServerImpl.java:start(180)) - 4b7cfae5-7895-4051-8e82-f472a7425180: start group-304DEBCFDAF1
2019-09-04 12:53:28,191 [pool-536-thread-1] INFO  impl.RaftServerImpl (RaftServerImpl.java:setRole(171)) - 4b7cfae5-7895-4051-8e82-f472a7425180:group-304DEBCFDAF1 changes role from null to FOLLOWER at term 0 for startAsFollower
2019-09-04 12:53:28,191 [pool-536-thread-1] INFO  impl.RoleInfo (RoleInfo.java:updateAndGet(143)) - 4b7cfae5-7895-4051-8e82-f472a7425180: start FollowerState
2019-09-04 12:53:28,192 [pool-536-thread-1] INFO  util.JmxRegister (JmxRegister.java:tryRegister(44)) - Successfully registered JMX Bean with object name Ratis:service=RaftServer,group=group-304DEBCFDAF1,id=4b7cfae5-7895-4051-8e82-f472a7425180
2019-09-04 12:53:28,198 [RatisPipelineUtilsThread] INFO  pipeline.PipelineStateManager (PipelineStateManager.java:addPipeline(56)) - Created pipeline Pipeline[ Id: ced2434b-438d-4028-8c2e-304debcfdaf1, Nodes: 4b7cfae5-7895-4051-8e82-f472a7425180{ip: 192.168.157.199, host: pr-hdds-1569-8n246-508421386, networkLocation: /default-rack, certSerialId: null}, Type:RATIS, Factor:ONE, State:OPEN]
2019-09-04 12:53:28,338 [IPC Server handler 16 on 41792] INFO  net.NetworkTopology (NetworkTopologyImpl.java:add(110)) - Added a new node: /default-rack/ae00c9ed-9554-4461-adef-868ea78ab386
2019-09-04 12:53:28,338 [IPC Server handler 16 on 41792] INFO  node.SCMNodeManager (SCMNodeManager.java:register(273)) - Registered Data node : ae00c9ed-9554-4461-adef-868ea78ab386{ip: 192.168.157.199, host: pr-hdds-1569-8n246-508421386, networkLocation: /default-rack, certSerialId: null}
2019-09-04 12:53:28,338 | INFO  | SCMAudit | user=jenkins1000 | ip=192.168.157.199 | op=REGISTER {datanodeDetails=ae00c9ed-9554-4461-adef-868ea78ab386{ip: 192.168.157.199, host: pr-hdds-1569-8n246-508421386, networkLocation: /default-rack, certSerialId: null}} | ret=SUCCESS |  
2019-09-04 12:53:28,346 [grpc-default-executor-10] INFO  impl.RaftServerProxy (RaftServerProxy.java:addNew(89)) - ae00c9ed-9554-4461-adef-868ea78ab386: addNew group-8E01F1F58248:[ae00c9ed-9554-4461-adef-868ea78ab386:192.168.157.199:41759] returns group-8E01F1F58248:java.util.concurrent.CompletableFuture@1130aac4[Not completed]
2019-09-04 12:53:28,347 [pool-547-thread-1] INFO  impl.RaftServerImpl (RaftServerImpl.java:<init>(93)) - ae00c9ed-9554-4461-adef-868ea78ab386: new RaftServerImpl for group-8E01F1F58248:[ae00c9ed-9554-4461-adef-868ea78ab386:192.168.157.199:41759] with ContainerStateMachine:uninitialized
2019-09-04 12:53:28,347 [pool-547-thread-1] INFO  server.RaftServerConfigKeys (ConfUtils.java:logGet(43)) - raft.server.rpc.timeout.min = 5s (custom)
2019-09-04 12:53:28,348 [pool-547-thread-1] INFO  server.RaftServerConfigKeys (ConfUtils.java:logGet(43)) - raft.server.rpc.timeout.max = 5200ms (custom)
2019-09-04 12:53:28,348 [pool-547-thread-1] INFO  server.RaftServerConfigKeys (ConfUtils.java:logGet(43)) - raft.server.rpcslowness.timeout = 120s (custom)
2019-09-04 12:53:28,348 [pool-547-thread-1] INFO  server.RaftServerConfigKeys (ConfUtils.java:logGet(43)) - raft.server.sleep.deviation.threshold = 300 (default)
2019-09-04 12:53:28,348 [pool-547-thread-1] INFO  server.RaftServerConfigKeys (ConfUtils.java:logGet(43)) - raft.server.log.appender.install.snapshot.enabled = false (custom)
2019-09-04 12:53:28,348 [pool-547-thread-1] INFO  impl.RaftServerImpl (ServerState.java:<init>(105)) - ae00c9ed-9554-4461-adef-868ea78ab386:group-8E01F1F58248 ConfigurationManager, init=-1: [ae00c9ed-9554-4461-adef-868ea78ab386:192.168.157.199:41759], old=null, confs=<EMPTY_MAP>
2019-09-04 12:53:28,348 [pool-547-thread-1] INFO  server.RaftServerConfigKeys (ConfUtils.java:logGet(43)) - raft.server.storage.dir = [/workdir/hadoop-ozone/integration-test/target/test-dir/MiniOzoneClusterImpl-961fece6-1daa-4ad6-854f-a9aa561cc73b/datanode-1/data/ratis] (custom)
2019-09-04 12:53:28,349 [pool-547-thread-1] INFO  storage.RaftStorageDirectory (RaftStorageDirectory.java:analyzeStorage(246)) - The storage directory /workdir/hadoop-ozone/integration-test/target/test-dir/MiniOzoneClusterImpl-961fece6-1daa-4ad6-854f-a9aa561cc73b/datanode-1/data/ratis/28492fdb-6aba-42de-acf1-8e01f1f58248 does not exist. Creating ...
2019-09-04 12:53:28,362 [pool-547-thread-1] INFO  storage.RaftStorageDirectory (RaftStorageDirectory.java:tryLock(328)) - Lock on /workdir/hadoop-ozone/integration-test/target/test-dir/MiniOzoneClusterImpl-961fece6-1daa-4ad6-854f-a9aa561cc73b/datanode-1/data/ratis/28492fdb-6aba-42de-acf1-8e01f1f58248/in_use.lock acquired by nodename 4324@pr-hdds-1569-8n246-508421386
2019-09-04 12:53:28,375 [pool-547-thread-1] INFO  storage.RaftStorage (RaftStorage.java:format(72)) - Storage directory /workdir/hadoop-ozone/integration-test/target/test-dir/MiniOzoneClusterImpl-961fece6-1daa-4ad6-854f-a9aa561cc73b/datanode-1/data/ratis/28492fdb-6aba-42de-acf1-8e01f1f58248 has been successfully formatted.
2019-09-04 12:53:28,375 [pool-547-thread-1] INFO  ratis.ContainerStateMachine (ContainerStateMachine.java:loadSnapshot(226)) - group-8E01F1F58248: The snapshot info is null. Setting the last applied indexto:(t:0, i:~)
2019-09-04 12:53:28,376 [pool-547-thread-1] INFO  server.RaftServerConfigKeys (ConfUtils.java:logGet(43)) - raft.server.leader.election.timeout = 120s (custom)
2019-09-04 12:53:28,376 [pool-547-thread-1] INFO  server.RaftServerConfigKeys (ConfUtils.java:logGet(43)) - raft.server.log.use.memory = false (default)
2019-09-04 12:53:28,376 [pool-547-thread-1] INFO  server.RaftServerConfigKeys (ConfUtils.java:logGet(43)) - raft.server.log.purge.gap = 1000000 (custom)
2019-09-04 12:53:28,376 [pool-547-thread-1] INFO  server.RaftServerConfigKeys (ConfUtils.java:logGet(43)) - raft.server.log.appender.buffer.byte-limit = 33554432 (custom)
2019-09-04 12:53:28,376 [pool-547-thread-1] INFO  server.RaftServerConfigKeys (ConfUtils.java:logGet(43)) - raft.server.log.segment.size.max = 1048576 (custom)
2019-09-04 12:53:28,376 [pool-547-thread-1] INFO  server.RaftServerConfigKeys (ConfUtils.java:logGet(43)) - raft.server.log.segment.cache.num.max = 2 (custom)
2019-09-04 12:53:28,377 [pool-547-thread-1] INFO  segmented.SegmentedRaftLogWorker (SegmentedRaftLogWorker.java:<init>(172)) - new ae00c9ed-9554-4461-adef-868ea78ab386-SegmentedRaftLogWorker:Storage Directory /workdir/hadoop-ozone/integration-test/target/test-dir/MiniOzoneClusterImpl-961fece6-1daa-4ad6-854f-a9aa561cc73b/datanode-1/data/ratis/28492fdb-6aba-42de-acf1-8e01f1f58248 for RaftStorage:Storage Directory /workdir/hadoop-ozone/integration-test/target/test-dir/MiniOzoneClusterImpl-961fece6-1daa-4ad6-854f-a9aa561cc73b/datanode-1/data/ratis/28492fdb-6aba-42de-acf1-8e01f1f58248
2019-09-04 12:53:28,377 [pool-547-thread-1] INFO  server.RaftServerConfigKeys (ConfUtils.java:logGet(43)) - raft.server.log.queue.byte-limit = 2147483647 (custom)
2019-09-04 12:53:28,377 [pool-547-thread-1] INFO  server.RaftServerConfigKeys (ConfUtils.java:logGet(43)) - raft.server.log.queue.element-limit = 1024 (custom)
2019-09-04 12:53:28,377 [pool-547-thread-1] INFO  server.RaftServerConfigKeys (ConfUtils.java:logGet(43)) - raft.server.log.segment.size.max = 1048576 (custom)
2019-09-04 12:53:28,377 [pool-547-thread-1] INFO  server.RaftServerConfigKeys (ConfUtils.java:logGet(43)) - raft.server.log.preallocated.size = 16384 (custom)
2019-09-04 12:53:28,378 [pool-547-thread-1] INFO  server.RaftServerConfigKeys (ConfUtils.java:logGet(43)) - raft.server.log.write.buffer.size = 33554432 (custom)
2019-09-04 12:53:28,378 [pool-547-thread-1] INFO  server.RaftServerConfigKeys (ConfUtils.java:logGet(43)) - raft.server.log.force.sync.num = 128 (default)
2019-09-04 12:53:28,378 [pool-547-thread-1] INFO  server.RaftServerConfigKeys (ConfUtils.java:logGet(43)) - raft.server.log.statemachine.data.sync = true (default)
2019-09-04 12:53:28,378 [pool-547-thread-1] INFO  server.RaftServerConfigKeys (ConfUtils.java:logGet(43)) - raft.server.log.statemachine.data.sync.timeout = 10s (default)
2019-09-04 12:53:28,378 [pool-547-thread-1] INFO  server.RaftServerConfigKeys (ConfUtils.java:logGet(43)) - raft.server.log.statemachine.data.sync.timeout.retry = -1 (default)
2019-09-04 12:53:28,378 [pool-547-thread-1] INFO  server.RaftServerConfigKeys (ConfUtils.java:logGet(43)) - raft.server.log.statemachine.data.caching.enabled = true (custom)
2019-09-04 12:53:28,379 [pool-547-thread-1] INFO  segmented.SegmentedRaftLogWorker (SegmentedRaftLogWorker.java:lambda$new$0(132)) - ae00c9ed-9554-4461-adef-868ea78ab386-SegmentedRaftLogWorker:Storage Directory /workdir/hadoop-ozone/integration-test/target/test-dir/MiniOzoneClusterImpl-961fece6-1daa-4ad6-854f-a9aa561cc73b/datanode-1/data/ratis/28492fdb-6aba-42de-acf1-8e01f1f58248: flushIndex: setUnconditionally 0 -> -1
2019-09-04 12:53:28,379 [pool-547-thread-1] INFO  server.RaftServerConfigKeys (ConfUtils.java:logGet(43)) - raft.server.snapshot.auto.trigger.enabled = true (custom)
2019-09-04 12:53:28,379 [pool-547-thread-1] INFO  server.RaftServerConfigKeys (ConfUtils.java:logGet(43)) - raft.server.snapshot.auto.trigger.threshold = 10000 (custom)
2019-09-04 12:53:28,380 [pool-547-thread-1] INFO  server.RaftServerConfigKeys (ConfUtils.java:logGet(43)) - raft.server.retrycache.expirytime = 600000ms (custom)
2019-09-04 12:53:28,380 [pool-547-thread-1] INFO  impl.RaftServerImpl (RaftServerImpl.java:start(180)) - ae00c9ed-9554-4461-adef-868ea78ab386: start group-8E01F1F58248
2019-09-04 12:53:28,380 [pool-547-thread-1] INFO  impl.RaftServerImpl (RaftServerImpl.java:setRole(171)) - ae00c9ed-9554-4461-adef-868ea78ab386:group-8E01F1F58248 changes role from null to FOLLOWER at term 0 for startAsFollower
2019-09-04 12:53:28,380 [pool-547-thread-1] INFO  impl.RoleInfo (RoleInfo.java:updateAndGet(143)) - ae00c9ed-9554-4461-adef-868ea78ab386: start FollowerState
2019-09-04 12:53:28,381 [pool-547-thread-1] INFO  util.JmxRegister (JmxRegister.java:tryRegister(44)) - Successfully registered JMX Bean with object name Ratis:service=RaftServer,group=group-8E01F1F58248,id=ae00c9ed-9554-4461-adef-868ea78ab386
2019-09-04 12:53:28,386 [RatisPipelineUtilsThread] INFO  pipeline.PipelineStateManager (PipelineStateManager.java:addPipeline(56)) - Created pipeline Pipeline[ Id: 28492fdb-6aba-42de-acf1-8e01f1f58248, Nodes: ae00c9ed-9554-4461-adef-868ea78ab386{ip: 192.168.157.199, host: pr-hdds-1569-8n246-508421386, networkLocation: /default-rack, certSerialId: null}, Type:RATIS, Factor:ONE, State:OPEN]
2019-09-04 12:53:28,524 [IPC Server handler 19 on 41792] INFO  net.NetworkTopology (NetworkTopologyImpl.java:add(110)) - Added a new node: /default-rack/1db2284d-cc5a-4f9d-9b30-3a0b3bda8807
2019-09-04 12:53:28,524 [IPC Server handler 19 on 41792] INFO  node.SCMNodeManager (SCMNodeManager.java:register(273)) - Registered Data node : 1db2284d-cc5a-4f9d-9b30-3a0b3bda8807{ip: 192.168.157.199, host: pr-hdds-1569-8n246-508421386, networkLocation: /default-rack, certSerialId: null}
2019-09-04 12:53:28,524 | INFO  | SCMAudit | user=jenkins1000 | ip=192.168.157.199 | op=REGISTER {datanodeDetails=1db2284d-cc5a-4f9d-9b30-3a0b3bda8807{ip: 192.168.157.199, host: pr-hdds-1569-8n246-508421386, networkLocation: /default-rack, certSerialId: null}} | ret=SUCCESS |  
2019-09-04 12:53:28,531 [grpc-default-executor-10] INFO  impl.RaftServerProxy (RaftServerProxy.java:addNew(89)) - 1db2284d-cc5a-4f9d-9b30-3a0b3bda8807: addNew group-3543FF332737:[1db2284d-cc5a-4f9d-9b30-3a0b3bda8807:192.168.157.199:41453] returns group-3543FF332737:java.util.concurrent.CompletableFuture@6172861c[Not completed]
2019-09-04 12:53:28,532 [pool-558-thread-1] INFO  impl.RaftServerImpl (RaftServerImpl.java:<init>(93)) - 1db2284d-cc5a-4f9d-9b30-3a0b3bda8807: new RaftServerImpl for group-3543FF332737:[1db2284d-cc5a-4f9d-9b30-3a0b3bda8807:192.168.157.199:41453] with ContainerStateMachine:uninitialized
2019-09-04 12:53:28,532 [pool-558-thread-1] INFO  server.RaftServerConfigKeys (ConfUtils.java:logGet(43)) - raft.server.rpc.timeout.min = 5s (custom)
2019-09-04 12:53:28,532 [pool-558-thread-1] INFO  server.RaftServerConfigKeys (ConfUtils.java:logGet(43)) - raft.server.rpc.timeout.max = 5200ms (custom)
2019-09-04 12:53:28,532 [pool-558-thread-1] INFO  server.RaftServerConfigKeys (ConfUtils.java:logGet(43)) - raft.server.rpcslowness.timeout = 120s (custom)
2019-09-04 12:53:28,533 [pool-558-thread-1] INFO  server.RaftServerConfigKeys (ConfUtils.java:logGet(43)) - raft.server.sleep.deviation.threshold = 300 (default)
2019-09-04 12:53:28,533 [pool-558-thread-1] INFO  server.RaftServerConfigKeys (ConfUtils.java:logGet(43)) - raft.server.log.appender.install.snapshot.enabled = false (custom)
2019-09-04 12:53:28,533 [pool-558-thread-1] INFO  impl.RaftServerImpl (ServerState.java:<init>(105)) - 1db2284d-cc5a-4f9d-9b30-3a0b3bda8807:group-3543FF332737 ConfigurationManager, init=-1: [1db2284d-cc5a-4f9d-9b30-3a0b3bda8807:192.168.157.199:41453], old=null, confs=<EMPTY_MAP>
2019-09-04 12:53:28,533 [pool-558-thread-1] INFO  server.RaftServerConfigKeys (ConfUtils.java:logGet(43)) - raft.server.storage.dir = [/workdir/hadoop-ozone/integration-test/target/test-dir/MiniOzoneClusterImpl-961fece6-1daa-4ad6-854f-a9aa561cc73b/datanode-2/data/ratis] (custom)
2019-09-04 12:53:28,533 [pool-558-thread-1] INFO  storage.RaftStorageDirectory (RaftStorageDirectory.java:analyzeStorage(246)) - The storage directory /workdir/hadoop-ozone/integration-test/target/test-dir/MiniOzoneClusterImpl-961fece6-1daa-4ad6-854f-a9aa561cc73b/datanode-2/data/ratis/18a5b62d-9757-478f-9988-3543ff332737 does not exist. Creating ...
2019-09-04 12:53:28,547 [pool-558-thread-1] INFO  storage.RaftStorageDirectory (RaftStorageDirectory.java:tryLock(328)) - Lock on /workdir/hadoop-ozone/integration-test/target/test-dir/MiniOzoneClusterImpl-961fece6-1daa-4ad6-854f-a9aa561cc73b/datanode-2/data/ratis/18a5b62d-9757-478f-9988-3543ff332737/in_use.lock acquired by nodename 4324@pr-hdds-1569-8n246-508421386
2019-09-04 12:53:28,560 [pool-558-thread-1] INFO  storage.RaftStorage (RaftStorage.java:format(72)) - Storage directory /workdir/hadoop-ozone/integration-test/target/test-dir/MiniOzoneClusterImpl-961fece6-1daa-4ad6-854f-a9aa561cc73b/datanode-2/data/ratis/18a5b62d-9757-478f-9988-3543ff332737 has been successfully formatted.
2019-09-04 12:53:28,560 [pool-558-thread-1] INFO  ratis.ContainerStateMachine (ContainerStateMachine.java:loadSnapshot(226)) - group-3543FF332737: The snapshot info is null. Setting the last applied indexto:(t:0, i:~)
2019-09-04 12:53:28,560 [pool-558-thread-1] INFO  server.RaftServerConfigKeys (ConfUtils.java:logGet(43)) - raft.server.leader.election.timeout = 120s (custom)
2019-09-04 12:53:28,560 [pool-558-thread-1] INFO  server.RaftServerConfigKeys (ConfUtils.java:logGet(43)) - raft.server.log.use.memory = false (default)
2019-09-04 12:53:28,560 [pool-558-thread-1] INFO  server.RaftServerConfigKeys (ConfUtils.java:logGet(43)) - raft.server.log.purge.gap = 1000000 (custom)
2019-09-04 12:53:28,561 [pool-558-thread-1] INFO  server.RaftServerConfigKeys (ConfUtils.java:logGet(43)) - raft.server.log.appender.buffer.byte-limit = 33554432 (custom)
2019-09-04 12:53:28,561 [pool-558-thread-1] INFO  server.RaftServerConfigKeys (ConfUtils.java:logGet(43)) - raft.server.log.segment.size.max = 1048576 (custom)
2019-09-04 12:53:28,561 [pool-558-thread-1] INFO  server.RaftServerConfigKeys (ConfUtils.java:logGet(43)) - raft.server.log.segment.cache.num.max = 2 (custom)
2019-09-04 12:53:28,561 [pool-558-thread-1] INFO  segmented.SegmentedRaftLogWorker (SegmentedRaftLogWorker.java:<init>(172)) - new 1db2284d-cc5a-4f9d-9b30-3a0b3bda8807-SegmentedRaftLogWorker:Storage Directory /workdir/hadoop-ozone/integration-test/target/test-dir/MiniOzoneClusterImpl-961fece6-1daa-4ad6-854f-a9aa561cc73b/datanode-2/data/ratis/18a5b62d-9757-478f-9988-3543ff332737 for RaftStorage:Storage Directory /workdir/hadoop-ozone/integration-test/target/test-dir/MiniOzoneClusterImpl-961fece6-1daa-4ad6-854f-a9aa561cc73b/datanode-2/data/ratis/18a5b62d-9757-478f-9988-3543ff332737
2019-09-04 12:53:28,561 [pool-558-thread-1] INFO  server.RaftServerConfigKeys (ConfUtils.java:logGet(43)) - raft.server.log.queue.byte-limit = 2147483647 (custom)
2019-09-04 12:53:28,561 [pool-558-thread-1] INFO  server.RaftServerConfigKeys (ConfUtils.java:logGet(43)) - raft.server.log.queue.element-limit = 1024 (custom)
2019-09-04 12:53:28,562 [pool-558-thread-1] INFO  server.RaftServerConfigKeys (ConfUtils.java:logGet(43)) - raft.server.log.segment.size.max = 1048576 (custom)
2019-09-04 12:53:28,562 [pool-558-thread-1] INFO  server.RaftServerConfigKeys (ConfUtils.java:logGet(43)) - raft.server.log.preallocated.size = 16384 (custom)
2019-09-04 12:53:28,562 [pool-558-thread-1] INFO  server.RaftServerConfigKeys (ConfUtils.java:logGet(43)) - raft.server.log.write.buffer.size = 33554432 (custom)
2019-09-04 12:53:28,562 [pool-558-thread-1] INFO  server.RaftServerConfigKeys (ConfUtils.java:logGet(43)) - raft.server.log.force.sync.num = 128 (default)
2019-09-04 12:53:28,562 [pool-558-thread-1] INFO  server.RaftServerConfigKeys (ConfUtils.java:logGet(43)) - raft.server.log.statemachine.data.sync = true (default)
2019-09-04 12:53:28,562 [pool-558-thread-1] INFO  server.RaftServerConfigKeys (ConfUtils.java:logGet(43)) - raft.server.log.statemachine.data.sync.timeout = 10s (default)
2019-09-04 12:53:28,563 [pool-558-thread-1] INFO  server.RaftServerConfigKeys (ConfUtils.java:logGet(43)) - raft.server.log.statemachine.data.sync.timeout.retry = -1 (default)
2019-09-04 12:53:28,563 [pool-558-thread-1] INFO  server.RaftServerConfigKeys (ConfUtils.java:logGet(43)) - raft.server.log.statemachine.data.caching.enabled = true (custom)
2019-09-04 12:53:28,563 [pool-558-thread-1] INFO  segmented.SegmentedRaftLogWorker (SegmentedRaftLogWorker.java:lambda$new$0(132)) - 1db2284d-cc5a-4f9d-9b30-3a0b3bda8807-SegmentedRaftLogWorker:Storage Directory /workdir/hadoop-ozone/integration-test/target/test-dir/MiniOzoneClusterImpl-961fece6-1daa-4ad6-854f-a9aa561cc73b/datanode-2/data/ratis/18a5b62d-9757-478f-9988-3543ff332737: flushIndex: setUnconditionally 0 -> -1
2019-09-04 12:53:28,564 [pool-558-thread-1] INFO  server.RaftServerConfigKeys (ConfUtils.java:logGet(43)) - raft.server.snapshot.auto.trigger.enabled = true (custom)
2019-09-04 12:53:28,564 [pool-558-thread-1] INFO  server.RaftServerConfigKeys (ConfUtils.java:logGet(43)) - raft.server.snapshot.auto.trigger.threshold = 10000 (custom)
2019-09-04 12:53:28,564 [pool-558-thread-1] INFO  server.RaftServerConfigKeys (ConfUtils.java:logGet(43)) - raft.server.retrycache.expirytime = 600000ms (custom)
2019-09-04 12:53:28,564 [pool-558-thread-1] INFO  impl.RaftServerImpl (RaftServerImpl.java:start(180)) - 1db2284d-cc5a-4f9d-9b30-3a0b3bda8807: start group-3543FF332737
2019-09-04 12:53:28,564 [pool-558-thread-1] INFO  impl.RaftServerImpl (RaftServerImpl.java:setRole(171)) - 1db2284d-cc5a-4f9d-9b30-3a0b3bda8807:group-3543FF332737 changes role from null to FOLLOWER at term 0 for startAsFollower
2019-09-04 12:53:28,565 [pool-558-thread-1] INFO  impl.RoleInfo (RoleInfo.java:updateAndGet(143)) - 1db2284d-cc5a-4f9d-9b30-3a0b3bda8807: start FollowerState
2019-09-04 12:53:28,565 [pool-558-thread-1] INFO  util.JmxRegister (JmxRegister.java:tryRegister(44)) - Successfully registered JMX Bean with object name Ratis:service=RaftServer,group=group-3543FF332737,id=1db2284d-cc5a-4f9d-9b30-3a0b3bda8807
2019-09-04 12:53:28,570 [RatisPipelineUtilsThread] INFO  pipeline.PipelineStateManager (PipelineStateManager.java:addPipeline(56)) - Created pipeline Pipeline[ Id: 18a5b62d-9757-478f-9988-3543ff332737, Nodes: 1db2284d-cc5a-4f9d-9b30-3a0b3bda8807{ip: 192.168.157.199, host: pr-hdds-1569-8n246-508421386, networkLocation: /default-rack, certSerialId: null}, Type:RATIS, Factor:ONE, State:OPEN]
2019-09-04 12:53:28,583 [grpc-default-executor-3] INFO  impl.RaftServerProxy (RaftServerProxy.java:addNew(89)) - 1db2284d-cc5a-4f9d-9b30-3a0b3bda8807: addNew group-FAC01D009044:[ae00c9ed-9554-4461-adef-868ea78ab386:192.168.157.199:41759, 4b7cfae5-7895-4051-8e82-f472a7425180:192.168.157.199:34442, 1db2284d-cc5a-4f9d-9b30-3a0b3bda8807:192.168.157.199:41453] returns group-FAC01D009044:java.util.concurrent.CompletableFuture@1920576b[Not completed]
2019-09-04 12:53:28,583 [grpc-default-executor-8] INFO  impl.RaftServerProxy (RaftServerProxy.java:addNew(89)) - 4b7cfae5-7895-4051-8e82-f472a7425180: addNew group-FAC01D009044:[ae00c9ed-9554-4461-adef-868ea78ab386:192.168.157.199:41759, 4b7cfae5-7895-4051-8e82-f472a7425180:192.168.157.199:34442, 1db2284d-cc5a-4f9d-9b30-3a0b3bda8807:192.168.157.199:41453] returns group-FAC01D009044:java.util.concurrent.CompletableFuture@45535022[Not completed]
2019-09-04 12:53:28,583 [grpc-default-executor-3] INFO  impl.RaftServerProxy (RaftServerProxy.java:addNew(89)) - ae00c9ed-9554-4461-adef-868ea78ab386: addNew group-FAC01D009044:[ae00c9ed-9554-4461-adef-868ea78ab386:192.168.157.199:41759, 4b7cfae5-7895-4051-8e82-f472a7425180:192.168.157.199:34442, 1db2284d-cc5a-4f9d-9b30-3a0b3bda8807:192.168.157.199:41453] returns group-FAC01D009044:java.util.concurrent.CompletableFuture@2273d716[Not completed]
2019-09-04 12:53:28,584 [pool-558-thread-1] INFO  impl.RaftServerImpl (RaftServerImpl.java:<init>(93)) - 1db2284d-cc5a-4f9d-9b30-3a0b3bda8807: new RaftServerImpl for group-FAC01D009044:[ae00c9ed-9554-4461-adef-868ea78ab386:192.168.157.199:41759, 4b7cfae5-7895-4051-8e82-f472a7425180:192.168.157.199:34442, 1db2284d-cc5a-4f9d-9b30-3a0b3bda8807:192.168.157.199:41453] with ContainerStateMachine:uninitialized
2019-09-04 12:53:28,584 [pool-558-thread-1] INFO  server.RaftServerConfigKeys (ConfUtils.java:logGet(43)) - raft.server.rpc.timeout.min = 5s (custom)
2019-09-04 12:53:28,584 [pool-558-thread-1] INFO  server.RaftServerConfigKeys (ConfUtils.java:logGet(43)) - raft.server.rpc.timeout.max = 5200ms (custom)
2019-09-04 12:53:28,584 [pool-558-thread-1] INFO  server.RaftServerConfigKeys (ConfUtils.java:logGet(43)) - raft.server.rpcslowness.timeout = 120s (custom)
2019-09-04 12:53:28,584 [pool-558-thread-1] INFO  server.RaftServerConfigKeys (ConfUtils.java:logGet(43)) - raft.server.sleep.deviation.threshold = 300 (default)
2019-09-04 12:53:28,584 [pool-536-thread-1] INFO  impl.RaftServerImpl (RaftServerImpl.java:<init>(93)) - 4b7cfae5-7895-4051-8e82-f472a7425180: new RaftServerImpl for group-FAC01D009044:[ae00c9ed-9554-4461-adef-868ea78ab386:192.168.157.199:41759, 4b7cfae5-7895-4051-8e82-f472a7425180:192.168.157.199:34442, 1db2284d-cc5a-4f9d-9b30-3a0b3bda8807:192.168.157.199:41453] with ContainerStateMachine:uninitialized
2019-09-04 12:53:28,584 [pool-558-thread-1] INFO  server.RaftServerConfigKeys (ConfUtils.java:logGet(43)) - raft.server.log.appender.install.snapshot.enabled = false (custom)
2019-09-04 12:53:28,585 [pool-536-thread-1] INFO  server.RaftServerConfigKeys (ConfUtils.java:logGet(43)) - raft.server.rpc.timeout.min = 5s (custom)
2019-09-04 12:53:28,585 [pool-547-thread-1] INFO  impl.RaftServerImpl (RaftServerImpl.java:<init>(93)) - ae00c9ed-9554-4461-adef-868ea78ab386: new RaftServerImpl for group-FAC01D009044:[ae00c9ed-9554-4461-adef-868ea78ab386:192.168.157.199:41759, 4b7cfae5-7895-4051-8e82-f472a7425180:192.168.157.199:34442, 1db2284d-cc5a-4f9d-9b30-3a0b3bda8807:192.168.157.199:41453] with ContainerStateMachine:uninitialized
2019-09-04 12:53:28,585 [pool-558-thread-1] INFO  impl.RaftServerImpl (ServerState.java:<init>(105)) - 1db2284d-cc5a-4f9d-9b30-3a0b3bda8807:group-FAC01D009044 ConfigurationManager, init=-1: [ae00c9ed-9554-4461-adef-868ea78ab386:192.168.157.199:41759, 4b7cfae5-7895-4051-8e82-f472a7425180:192.168.157.199:34442, 1db2284d-cc5a-4f9d-9b30-3a0b3bda8807:192.168.157.199:41453], old=null, confs=<EMPTY_MAP>
2019-09-04 12:53:28,585 [pool-547-thread-1] INFO  server.RaftServerConfigKeys (ConfUtils.java:logGet(43)) - raft.server.rpc.timeout.min = 5s (custom)
2019-09-04 12:53:28,585 [pool-536-thread-1] INFO  server.RaftServerConfigKeys (ConfUtils.java:logGet(43)) - raft.server.rpc.timeout.max = 5200ms (custom)
2019-09-04 12:53:28,585 [pool-547-thread-1] INFO  server.RaftServerConfigKeys (ConfUtils.java:logGet(43)) - raft.server.rpc.timeout.max = 5200ms (custom)
2019-09-04 12:53:28,586 [pool-547-thread-1] INFO  server.RaftServerConfigKeys (ConfUtils.java:logGet(43)) - raft.server.rpcslowness.timeout = 120s (custom)
2019-09-04 12:53:28,585 [pool-558-thread-1] INFO  server.RaftServerConfigKeys (ConfUtils.java:logGet(43)) - raft.server.storage.dir = [/workdir/hadoop-ozone/integration-test/target/test-dir/MiniOzoneClusterImpl-961fece6-1daa-4ad6-854f-a9aa561cc73b/datanode-2/data/ratis] (custom)
2019-09-04 12:53:28,586 [pool-547-thread-1] INFO  server.RaftServerConfigKeys (ConfUtils.java:logGet(43)) - raft.server.sleep.deviation.threshold = 300 (default)
2019-09-04 12:53:28,586 [pool-547-thread-1] INFO  server.RaftServerConfigKeys (ConfUtils.java:logGet(43)) - raft.server.log.appender.install.snapshot.enabled = false (custom)
2019-09-04 12:53:28,586 [pool-536-thread-1] INFO  server.RaftServerConfigKeys (ConfUtils.java:logGet(43)) - raft.server.rpcslowness.timeout = 120s (custom)
2019-09-04 12:53:28,586 [pool-547-thread-1] INFO  impl.RaftServerImpl (ServerState.java:<init>(105)) - ae00c9ed-9554-4461-adef-868ea78ab386:group-FAC01D009044 ConfigurationManager, init=-1: [ae00c9ed-9554-4461-adef-868ea78ab386:192.168.157.199:41759, 4b7cfae5-7895-4051-8e82-f472a7425180:192.168.157.199:34442, 1db2284d-cc5a-4f9d-9b30-3a0b3bda8807:192.168.157.199:41453], old=null, confs=<EMPTY_MAP>
2019-09-04 12:53:28,586 [pool-558-thread-1] INFO  storage.RaftStorageDirectory (RaftStorageDirectory.java:analyzeStorage(246)) - The storage directory /workdir/hadoop-ozone/integration-test/target/test-dir/MiniOzoneClusterImpl-961fece6-1daa-4ad6-854f-a9aa561cc73b/datanode-2/data/ratis/d9a3b464-b7d1-421d-87d9-fac01d009044 does not exist. Creating ...
2019-09-04 12:53:28,587 [pool-547-thread-1] INFO  server.RaftServerConfigKeys (ConfUtils.java:logGet(43)) - raft.server.storage.dir = [/workdir/hadoop-ozone/integration-test/target/test-dir/MiniOzoneClusterImpl-961fece6-1daa-4ad6-854f-a9aa561cc73b/datanode-1/data/ratis] (custom)
2019-09-04 12:53:28,586 [pool-536-thread-1] INFO  server.RaftServerConfigKeys (ConfUtils.java:logGet(43)) - raft.server.sleep.deviation.threshold = 300 (default)
2019-09-04 12:53:28,587 [pool-536-thread-1] INFO  server.RaftServerConfigKeys (ConfUtils.java:logGet(43)) - raft.server.log.appender.install.snapshot.enabled = false (custom)
2019-09-04 12:53:28,587 [pool-547-thread-1] INFO  storage.RaftStorageDirectory (RaftStorageDirectory.java:analyzeStorage(246)) - The storage directory /workdir/hadoop-ozone/integration-test/target/test-dir/MiniOzoneClusterImpl-961fece6-1daa-4ad6-854f-a9aa561cc73b/datanode-1/data/ratis/d9a3b464-b7d1-421d-87d9-fac01d009044 does not exist. Creating ...
2019-09-04 12:53:28,587 [pool-536-thread-1] INFO  impl.RaftServerImpl (ServerState.java:<init>(105)) - 4b7cfae5-7895-4051-8e82-f472a7425180:group-FAC01D009044 ConfigurationManager, init=-1: [ae00c9ed-9554-4461-adef-868ea78ab386:192.168.157.199:41759, 4b7cfae5-7895-4051-8e82-f472a7425180:192.168.157.199:34442, 1db2284d-cc5a-4f9d-9b30-3a0b3bda8807:192.168.157.199:41453], old=null, confs=<EMPTY_MAP>
2019-09-04 12:53:28,588 [pool-536-thread-1] INFO  server.RaftServerConfigKeys (ConfUtils.java:logGet(43)) - raft.server.storage.dir = [/workdir/hadoop-ozone/integration-test/target/test-dir/MiniOzoneClusterImpl-961fece6-1daa-4ad6-854f-a9aa561cc73b/datanode-0/data/ratis] (custom)
2019-09-04 12:53:28,588 [pool-536-thread-1] INFO  storage.RaftStorageDirectory (RaftStorageDirectory.java:analyzeStorage(246)) - The storage directory /workdir/hadoop-ozone/integration-test/target/test-dir/MiniOzoneClusterImpl-961fece6-1daa-4ad6-854f-a9aa561cc73b/datanode-0/data/ratis/d9a3b464-b7d1-421d-87d9-fac01d009044 does not exist. Creating ...
2019-09-04 12:53:28,612 [pool-547-thread-1] INFO  storage.RaftStorageDirectory (RaftStorageDirectory.java:tryLock(328)) - Lock on /workdir/hadoop-ozone/integration-test/target/test-dir/MiniOzoneClusterImpl-961fece6-1daa-4ad6-854f-a9aa561cc73b/datanode-1/data/ratis/d9a3b464-b7d1-421d-87d9-fac01d009044/in_use.lock acquired by nodename 4324@pr-hdds-1569-8n246-508421386
2019-09-04 12:53:28,612 [pool-536-thread-1] INFO  storage.RaftStorageDirectory (RaftStorageDirectory.java:tryLock(328)) - Lock on /workdir/hadoop-ozone/integration-test/target/test-dir/MiniOzoneClusterImpl-961fece6-1daa-4ad6-854f-a9aa561cc73b/datanode-0/data/ratis/d9a3b464-b7d1-421d-87d9-fac01d009044/in_use.lock acquired by nodename 4324@pr-hdds-1569-8n246-508421386
2019-09-04 12:53:28,612 [pool-558-thread-1] INFO  storage.RaftStorageDirectory (RaftStorageDirectory.java:tryLock(328)) - Lock on /workdir/hadoop-ozone/integration-test/target/test-dir/MiniOzoneClusterImpl-961fece6-1daa-4ad6-854f-a9aa561cc73b/datanode-2/data/ratis/d9a3b464-b7d1-421d-87d9-fac01d009044/in_use.lock acquired by nodename 4324@pr-hdds-1569-8n246-508421386
2019-09-04 12:53:28,637 [pool-547-thread-1] INFO  storage.RaftStorage (RaftStorage.java:format(72)) - Storage directory /workdir/hadoop-ozone/integration-test/target/test-dir/MiniOzoneClusterImpl-961fece6-1daa-4ad6-854f-a9aa561cc73b/datanode-1/data/ratis/d9a3b464-b7d1-421d-87d9-fac01d009044 has been successfully formatted.
2019-09-04 12:53:28,637 [pool-536-thread-1] INFO  storage.RaftStorage (RaftStorage.java:format(72)) - Storage directory /workdir/hadoop-ozone/integration-test/target/test-dir/MiniOzoneClusterImpl-961fece6-1daa-4ad6-854f-a9aa561cc73b/datanode-0/data/ratis/d9a3b464-b7d1-421d-87d9-fac01d009044 has been successfully formatted.
2019-09-04 12:53:28,637 [pool-558-thread-1] INFO  storage.RaftStorage (RaftStorage.java:format(72)) - Storage directory /workdir/hadoop-ozone/integration-test/target/test-dir/MiniOzoneClusterImpl-961fece6-1daa-4ad6-854f-a9aa561cc73b/datanode-2/data/ratis/d9a3b464-b7d1-421d-87d9-fac01d009044 has been successfully formatted.
2019-09-04 12:53:28,638 [pool-536-thread-1] INFO  ratis.ContainerStateMachine (ContainerStateMachine.java:loadSnapshot(226)) - group-FAC01D009044: The snapshot info is null. Setting the last applied indexto:(t:0, i:~)
2019-09-04 12:53:28,638 [pool-547-thread-1] INFO  ratis.ContainerStateMachine (ContainerStateMachine.java:loadSnapshot(226)) - group-FAC01D009044: The snapshot info is null. Setting the last applied indexto:(t:0, i:~)
2019-09-04 12:53:28,638 [pool-536-thread-1] INFO  server.RaftServerConfigKeys (ConfUtils.java:logGet(43)) - raft.server.leader.election.timeout = 120s (custom)
2019-09-04 12:53:28,638 [pool-558-thread-1] INFO  ratis.ContainerStateMachine (ContainerStateMachine.java:loadSnapshot(226)) - group-FAC01D009044: The snapshot info is null. Setting the last applied indexto:(t:0, i:~)
2019-09-04 12:53:28,639 [pool-536-thread-1] INFO  server.RaftServerConfigKeys (ConfUtils.java:logGet(43)) - raft.server.log.use.memory = false (default)
2019-09-04 12:53:28,638 [pool-547-thread-1] INFO  server.RaftServerConfigKeys (ConfUtils.java:logGet(43)) - raft.server.leader.election.timeout = 120s (custom)
2019-09-04 12:53:28,639 [pool-536-thread-1] INFO  server.RaftServerConfigKeys (ConfUtils.java:logGet(43)) - raft.server.log.purge.gap = 1000000 (custom)
2019-09-04 12:53:28,639 [pool-536-thread-1] INFO  server.RaftServerConfigKeys (ConfUtils.java:logGet(43)) - raft.server.log.appender.buffer.byte-limit = 33554432 (custom)
2019-09-04 12:53:28,639 [pool-558-thread-1] INFO  server.RaftServerConfigKeys (ConfUtils.java:logGet(43)) - raft.server.leader.election.timeout = 120s (custom)
2019-09-04 12:53:28,639 [pool-536-thread-1] INFO  server.RaftServerConfigKeys (ConfUtils.java:logGet(43)) - raft.server.log.segment.size.max = 1048576 (custom)
2019-09-04 12:53:28,639 [pool-547-thread-1] INFO  server.RaftServerConfigKeys (ConfUtils.java:logGet(43)) - raft.server.log.use.memory = false (default)
2019-09-04 12:53:28,640 [pool-536-thread-1] INFO  server.RaftServerConfigKeys (ConfUtils.java:logGet(43)) - raft.server.log.segment.cache.num.max = 2 (custom)
2019-09-04 12:53:28,640 [pool-558-thread-1] INFO  server.RaftServerConfigKeys (ConfUtils.java:logGet(43)) - raft.server.log.use.memory = false (default)
2019-09-04 12:53:28,640 [pool-536-thread-1] INFO  segmented.SegmentedRaftLogWorker (SegmentedRaftLogWorker.java:<init>(172)) - new 4b7cfae5-7895-4051-8e82-f472a7425180-SegmentedRaftLogWorker:Storage Directory /workdir/hadoop-ozone/integration-test/target/test-dir/MiniOzoneClusterImpl-961fece6-1daa-4ad6-854f-a9aa561cc73b/datanode-0/data/ratis/d9a3b464-b7d1-421d-87d9-fac01d009044 for RaftStorage:Storage Directory /workdir/hadoop-ozone/integration-test/target/test-dir/MiniOzoneClusterImpl-961fece6-1daa-4ad6-854f-a9aa561cc73b/datanode-0/data/ratis/d9a3b464-b7d1-421d-87d9-fac01d009044
2019-09-04 12:53:28,640 [pool-547-thread-1] INFO  server.RaftServerConfigKeys (ConfUtils.java:logGet(43)) - raft.server.log.purge.gap = 1000000 (custom)
2019-09-04 12:53:28,640 [pool-536-thread-1] INFO  server.RaftServerConfigKeys (ConfUtils.java:logGet(43)) - raft.server.log.queue.byte-limit = 2147483647 (custom)
2019-09-04 12:53:28,641 [pool-536-thread-1] INFO  server.RaftServerConfigKeys (ConfUtils.java:logGet(43)) - raft.server.log.queue.element-limit = 1024 (custom)
2019-09-04 12:53:28,640 [pool-558-thread-1] INFO  server.RaftServerConfigKeys (ConfUtils.java:logGet(43)) - raft.server.log.purge.gap = 1000000 (custom)
2019-09-04 12:53:28,641 [pool-536-thread-1] INFO  server.RaftServerConfigKeys (ConfUtils.java:logGet(43)) - raft.server.log.segment.size.max = 1048576 (custom)
2019-09-04 12:53:28,641 [pool-547-thread-1] INFO  server.RaftServerConfigKeys (ConfUtils.java:logGet(43)) - raft.server.log.appender.buffer.byte-limit = 33554432 (custom)
2019-09-04 12:53:28,641 [pool-536-thread-1] INFO  server.RaftServerConfigKeys (ConfUtils.java:logGet(43)) - raft.server.log.preallocated.size = 16384 (custom)
2019-09-04 12:53:28,642 [pool-536-thread-1] INFO  server.RaftServerConfigKeys (ConfUtils.java:logGet(43)) - raft.server.log.write.buffer.size = 33554432 (custom)
2019-09-04 12:53:28,641 [pool-558-thread-1] INFO  server.RaftServerConfigKeys (ConfUtils.java:logGet(43)) - raft.server.log.appender.buffer.byte-limit = 33554432 (custom)
2019-09-04 12:53:28,642 [pool-536-thread-1] INFO  server.RaftServerConfigKeys (ConfUtils.java:logGet(43)) - raft.server.log.force.sync.num = 128 (default)
2019-09-04 12:53:28,641 [pool-547-thread-1] INFO  server.RaftServerConfigKeys (ConfUtils.java:logGet(43)) - raft.server.log.segment.size.max = 1048576 (custom)
2019-09-04 12:53:28,642 [pool-536-thread-1] INFO  server.RaftServerConfigKeys (ConfUtils.java:logGet(43)) - raft.server.log.statemachine.data.sync = true (default)
2019-09-04 12:53:28,642 [pool-558-thread-1] INFO  server.RaftServerConfigKeys (ConfUtils.java:logGet(43)) - raft.server.log.segment.size.max = 1048576 (custom)
2019-09-04 12:53:28,642 [pool-536-thread-1] INFO  server.RaftServerConfigKeys (ConfUtils.java:logGet(43)) - raft.server.log.statemachine.data.sync.timeout = 10s (default)
2019-09-04 12:53:28,642 [pool-547-thread-1] INFO  server.RaftServerConfigKeys (ConfUtils.java:logGet(43)) - raft.server.log.segment.cache.num.max = 2 (custom)
2019-09-04 12:53:28,643 [pool-536-thread-1] INFO  server.RaftServerConfigKeys (ConfUtils.java:logGet(43)) - raft.server.log.statemachine.data.sync.timeout.retry = -1 (default)
2019-09-04 12:53:28,643 [pool-558-thread-1] INFO  server.RaftServerConfigKeys (ConfUtils.java:logGet(43)) - raft.server.log.segment.cache.num.max = 2 (custom)
2019-09-04 12:53:28,643 [pool-536-thread-1] INFO  server.RaftServerConfigKeys (ConfUtils.java:logGet(43)) - raft.server.log.statemachine.data.caching.enabled = true (custom)
2019-09-04 12:53:28,643 [pool-547-thread-1] INFO  segmented.SegmentedRaftLogWorker (SegmentedRaftLogWorker.java:<init>(172)) - new ae00c9ed-9554-4461-adef-868ea78ab386-SegmentedRaftLogWorker:Storage Directory /workdir/hadoop-ozone/integration-test/target/test-dir/MiniOzoneClusterImpl-961fece6-1daa-4ad6-854f-a9aa561cc73b/datanode-1/data/ratis/d9a3b464-b7d1-421d-87d9-fac01d009044 for RaftStorage:Storage Directory /workdir/hadoop-ozone/integration-test/target/test-dir/MiniOzoneClusterImpl-961fece6-1daa-4ad6-854f-a9aa561cc73b/datanode-1/data/ratis/d9a3b464-b7d1-421d-87d9-fac01d009044
2019-09-04 12:53:28,643 [pool-558-thread-1] INFO  segmented.SegmentedRaftLogWorker (SegmentedRaftLogWorker.java:<init>(172)) - new 1db2284d-cc5a-4f9d-9b30-3a0b3bda8807-SegmentedRaftLogWorker:Storage Directory /workdir/hadoop-ozone/integration-test/target/test-dir/MiniOzoneClusterImpl-961fece6-1daa-4ad6-854f-a9aa561cc73b/datanode-2/data/ratis/d9a3b464-b7d1-421d-87d9-fac01d009044 for RaftStorage:Storage Directory /workdir/hadoop-ozone/integration-test/target/test-dir/MiniOzoneClusterImpl-961fece6-1daa-4ad6-854f-a9aa561cc73b/datanode-2/data/ratis/d9a3b464-b7d1-421d-87d9-fac01d009044
2019-09-04 12:53:28,644 [pool-536-thread-1] INFO  segmented.SegmentedRaftLogWorker (SegmentedRaftLogWorker.java:lambda$new$0(132)) - 4b7cfae5-7895-4051-8e82-f472a7425180-SegmentedRaftLogWorker:Storage Directory /workdir/hadoop-ozone/integration-test/target/test-dir/MiniOzoneClusterImpl-961fece6-1daa-4ad6-854f-a9aa561cc73b/datanode-0/data/ratis/d9a3b464-b7d1-421d-87d9-fac01d009044: flushIndex: setUnconditionally 0 -> -1
2019-09-04 12:53:28,644 [pool-547-thread-1] INFO  server.RaftServerConfigKeys (ConfUtils.java:logGet(43)) - raft.server.log.queue.byte-limit = 2147483647 (custom)
2019-09-04 12:53:28,644 [pool-558-thread-1] INFO  server.RaftServerConfigKeys (ConfUtils.java:logGet(43)) - raft.server.log.queue.byte-limit = 2147483647 (custom)
2019-09-04 12:53:28,644 [pool-536-thread-1] INFO  server.RaftServerConfigKeys (ConfUtils.java:logGet(43)) - raft.server.snapshot.auto.trigger.enabled = true (custom)
2019-09-04 12:53:28,644 [pool-547-thread-1] INFO  server.RaftServerConfigKeys (ConfUtils.java:logGet(43)) - raft.server.log.queue.element-limit = 1024 (custom)
2019-09-04 12:53:28,645 [pool-536-thread-1] INFO  server.RaftServerConfigKeys (ConfUtils.java:logGet(43)) - raft.server.snapshot.auto.trigger.threshold = 10000 (custom)
2019-09-04 12:53:28,644 [pool-558-thread-1] INFO  server.RaftServerConfigKeys (ConfUtils.java:logGet(43)) - raft.server.log.queue.element-limit = 1024 (custom)
2019-09-04 12:53:28,645 [pool-536-thread-1] INFO  server.RaftServerConfigKeys (ConfUtils.java:logGet(43)) - raft.server.retrycache.expirytime = 600000ms (custom)
2019-09-04 12:53:28,645 [pool-547-thread-1] INFO  server.RaftServerConfigKeys (ConfUtils.java:logGet(43)) - raft.server.log.segment.size.max = 1048576 (custom)
2019-09-04 12:53:28,645 [pool-536-thread-1] INFO  impl.RaftServerImpl (RaftServerImpl.java:start(180)) - 4b7cfae5-7895-4051-8e82-f472a7425180: start group-FAC01D009044
2019-09-04 12:53:28,646 [pool-536-thread-1] INFO  impl.RaftServerImpl (RaftServerImpl.java:setRole(171)) - 4b7cfae5-7895-4051-8e82-f472a7425180:group-FAC01D009044 changes role from null to FOLLOWER at term 0 for startAsFollower
2019-09-04 12:53:28,645 [pool-558-thread-1] INFO  server.RaftServerConfigKeys (ConfUtils.java:logGet(43)) - raft.server.log.segment.size.max = 1048576 (custom)
2019-09-04 12:53:28,646 [pool-536-thread-1] INFO  impl.RoleInfo (RoleInfo.java:updateAndGet(143)) - 4b7cfae5-7895-4051-8e82-f472a7425180: start FollowerState
2019-09-04 12:53:28,645 [pool-547-thread-1] INFO  server.RaftServerConfigKeys (ConfUtils.java:logGet(43)) - raft.server.log.preallocated.size = 16384 (custom)
2019-09-04 12:53:28,646 [pool-558-thread-1] INFO  server.RaftServerConfigKeys (ConfUtils.java:logGet(43)) - raft.server.log.preallocated.size = 16384 (custom)
2019-09-04 12:53:28,646 [pool-547-thread-1] INFO  server.RaftServerConfigKeys (ConfUtils.java:logGet(43)) - raft.server.log.write.buffer.size = 33554432 (custom)
2019-09-04 12:53:28,647 [pool-536-thread-1] INFO  util.JmxRegister (JmxRegister.java:tryRegister(44)) - Successfully registered JMX Bean with object name Ratis:service=RaftServer,group=group-FAC01D009044,id=4b7cfae5-7895-4051-8e82-f472a7425180
2019-09-04 12:53:28,647 [pool-558-thread-1] INFO  server.RaftServerConfigKeys (ConfUtils.java:logGet(43)) - raft.server.log.write.buffer.size = 33554432 (custom)
2019-09-04 12:53:28,647 [pool-558-thread-1] INFO  server.RaftServerConfigKeys (ConfUtils.java:logGet(43)) - raft.server.log.force.sync.num = 128 (default)
2019-09-04 12:53:28,647 [pool-547-thread-1] INFO  server.RaftServerConfigKeys (ConfUtils.java:logGet(43)) - raft.server.log.force.sync.num = 128 (default)
2019-09-04 12:53:28,647 [pool-558-thread-1] INFO  server.RaftServerConfigKeys (ConfUtils.java:logGet(43)) - raft.server.log.statemachine.data.sync = true (default)
2019-09-04 12:53:28,647 [pool-547-thread-1] INFO  server.RaftServerConfigKeys (ConfUtils.java:logGet(43)) - raft.server.log.statemachine.data.sync = true (default)
2019-09-04 12:53:28,648 [pool-558-thread-1] INFO  server.RaftServerConfigKeys (ConfUtils.java:logGet(43)) - raft.server.log.statemachine.data.sync.timeout = 10s (default)
2019-09-04 12:53:28,648 [pool-547-thread-1] INFO  server.RaftServerConfigKeys (ConfUtils.java:logGet(43)) - raft.server.log.statemachine.data.sync.timeout = 10s (default)
2019-09-04 12:53:28,648 [pool-558-thread-1] INFO  server.RaftServerConfigKeys (ConfUtils.java:logGet(43)) - raft.server.log.statemachine.data.sync.timeout.retry = -1 (default)
2019-09-04 12:53:28,651 [pool-547-thread-1] INFO  server.RaftServerConfigKeys (ConfUtils.java:logGet(43)) - raft.server.log.statemachine.data.sync.timeout.retry = -1 (default)
2019-09-04 12:53:28,651 [pool-558-thread-1] INFO  server.RaftServerConfigKeys (ConfUtils.java:logGet(43)) - raft.server.log.statemachine.data.caching.enabled = true (custom)
2019-09-04 12:53:28,652 [pool-547-thread-1] INFO  server.RaftServerConfigKeys (ConfUtils.java:logGet(43)) - raft.server.log.statemachine.data.caching.enabled = true (custom)
2019-09-04 12:53:28,652 [pool-558-thread-1] INFO  segmented.SegmentedRaftLogWorker (SegmentedRaftLogWorker.java:lambda$new$0(132)) - 1db2284d-cc5a-4f9d-9b30-3a0b3bda8807-SegmentedRaftLogWorker:Storage Directory /workdir/hadoop-ozone/integration-test/target/test-dir/MiniOzoneClusterImpl-961fece6-1daa-4ad6-854f-a9aa561cc73b/datanode-2/data/ratis/d9a3b464-b7d1-421d-87d9-fac01d009044: flushIndex: setUnconditionally 0 -> -1
2019-09-04 12:53:28,652 [pool-547-thread-1] INFO  segmented.SegmentedRaftLogWorker (SegmentedRaftLogWorker.java:lambda$new$0(132)) - ae00c9ed-9554-4461-adef-868ea78ab386-SegmentedRaftLogWorker:Storage Directory /workdir/hadoop-ozone/integration-test/target/test-dir/MiniOzoneClusterImpl-961fece6-1daa-4ad6-854f-a9aa561cc73b/datanode-1/data/ratis/d9a3b464-b7d1-421d-87d9-fac01d009044: flushIndex: setUnconditionally 0 -> -1
2019-09-04 12:53:28,652 [pool-558-thread-1] INFO  server.RaftServerConfigKeys (ConfUtils.java:logGet(43)) - raft.server.snapshot.auto.trigger.enabled = true (custom)
2019-09-04 12:53:28,653 [pool-547-thread-1] INFO  server.RaftServerConfigKeys (ConfUtils.java:logGet(43)) - raft.server.snapshot.auto.trigger.enabled = true (custom)
2019-09-04 12:53:28,653 [pool-558-thread-1] INFO  server.RaftServerConfigKeys (ConfUtils.java:logGet(43)) - raft.server.snapshot.auto.trigger.threshold = 10000 (custom)
2019-09-04 12:53:28,653 [pool-547-thread-1] INFO  server.RaftServerConfigKeys (ConfUtils.java:logGet(43)) - raft.server.snapshot.auto.trigger.threshold = 10000 (custom)
2019-09-04 12:53:28,653 [pool-558-thread-1] INFO  server.RaftServerConfigKeys (ConfUtils.java:logGet(43)) - raft.server.retrycache.expirytime = 600000ms (custom)
2019-09-04 12:53:28,653 [pool-547-thread-1] INFO  server.RaftServerConfigKeys (ConfUtils.java:logGet(43)) - raft.server.retrycache.expirytime = 600000ms (custom)
2019-09-04 12:53:28,653 [pool-558-thread-1] INFO  impl.RaftServerImpl (RaftServerImpl.java:start(180)) - 1db2284d-cc5a-4f9d-9b30-3a0b3bda8807: start group-FAC01D009044
2019-09-04 12:53:28,653 [pool-547-thread-1] INFO  impl.RaftServerImpl (RaftServerImpl.java:start(180)) - ae00c9ed-9554-4461-adef-868ea78ab386: start group-FAC01D009044
2019-09-04 12:53:28,654 [pool-558-thread-1] INFO  impl.RaftServerImpl (RaftServerImpl.java:setRole(171)) - 1db2284d-cc5a-4f9d-9b30-3a0b3bda8807:group-FAC01D009044 changes role from null to FOLLOWER at term 0 for startAsFollower
2019-09-04 12:53:28,654 [pool-547-thread-1] INFO  impl.RaftServerImpl (RaftServerImpl.java:setRole(171)) - ae00c9ed-9554-4461-adef-868ea78ab386:group-FAC01D009044 changes role from null to FOLLOWER at term 0 for startAsFollower
2019-09-04 12:53:28,654 [pool-558-thread-1] INFO  impl.RoleInfo (RoleInfo.java:updateAndGet(143)) - 1db2284d-cc5a-4f9d-9b30-3a0b3bda8807: start FollowerState
2019-09-04 12:53:28,654 [pool-547-thread-1] INFO  impl.RoleInfo (RoleInfo.java:updateAndGet(143)) - ae00c9ed-9554-4461-adef-868ea78ab386: start FollowerState
2019-09-04 12:53:28,655 [pool-558-thread-1] INFO  util.JmxRegister (JmxRegister.java:tryRegister(44)) - Successfully registered JMX Bean with object name Ratis:service=RaftServer,group=group-FAC01D009044,id=1db2284d-cc5a-4f9d-9b30-3a0b3bda8807
2019-09-04 12:53:28,655 [pool-547-thread-1] INFO  util.JmxRegister (JmxRegister.java:tryRegister(44)) - Successfully registered JMX Bean with object name Ratis:service=RaftServer,group=group-FAC01D009044,id=ae00c9ed-9554-4461-adef-868ea78ab386
2019-09-04 12:53:28,660 [RatisPipelineUtilsThread] INFO  pipeline.PipelineStateManager (PipelineStateManager.java:addPipeline(56)) - Created pipeline Pipeline[ Id: d9a3b464-b7d1-421d-87d9-fac01d009044, Nodes: ae00c9ed-9554-4461-adef-868ea78ab386{ip: 192.168.157.199, host: pr-hdds-1569-8n246-508421386, networkLocation: /default-rack, certSerialId: null}1db2284d-cc5a-4f9d-9b30-3a0b3bda8807{ip: 192.168.157.199, host: pr-hdds-1569-8n246-508421386, networkLocation: /default-rack, certSerialId: null}4b7cfae5-7895-4051-8e82-f472a7425180{ip: 192.168.157.199, host: pr-hdds-1569-8n246-508421386, networkLocation: /default-rack, certSerialId: null}, Type:RATIS, Factor:THREE, State:OPEN]
2019-09-04 12:53:28,777 [main] INFO  ozone.MiniOzoneClusterImpl (MiniOzoneClusterImpl.java:lambda$waitForClusterToBeReady$0(142)) - Waiting for cluster to be ready. Got 3 of 7 DN Heartbeats.
2019-09-04 12:53:29,088 [IPC Server handler 17 on 41792] INFO  net.NetworkTopology (NetworkTopologyImpl.java:add(110)) - Added a new node: /default-rack/62db11bf-06c4-4bc0-b55c-ce874389853c
2019-09-04 12:53:29,089 [IPC Server handler 17 on 41792] INFO  node.SCMNodeManager (SCMNodeManager.java:register(273)) - Registered Data node : 62db11bf-06c4-4bc0-b55c-ce874389853c{ip: 192.168.157.199, host: pr-hdds-1569-8n246-508421386, networkLocation: /default-rack, certSerialId: null}
2019-09-04 12:53:29,089 | INFO  | SCMAudit | user=jenkins1000 | ip=192.168.157.199 | op=REGISTER {datanodeDetails=62db11bf-06c4-4bc0-b55c-ce874389853c{ip: 192.168.157.199, host: pr-hdds-1569-8n246-508421386, networkLocation: /default-rack, certSerialId: null}} | ret=SUCCESS |  
2019-09-04 12:53:29,099 [grpc-default-executor-10] INFO  impl.RaftServerProxy (RaftServerProxy.java:addNew(89)) - 62db11bf-06c4-4bc0-b55c-ce874389853c: addNew group-80D15C3B7076:[62db11bf-06c4-4bc0-b55c-ce874389853c:192.168.157.199:39889] returns group-80D15C3B7076:java.util.concurrent.CompletableFuture@3cb8406b[Not completed]
2019-09-04 12:53:29,101 [pool-569-thread-1] INFO  impl.RaftServerImpl (RaftServerImpl.java:<init>(93)) - 62db11bf-06c4-4bc0-b55c-ce874389853c: new RaftServerImpl for group-80D15C3B7076:[62db11bf-06c4-4bc0-b55c-ce874389853c:192.168.157.199:39889] with ContainerStateMachine:uninitialized
2019-09-04 12:53:29,102 [pool-569-thread-1] INFO  server.RaftServerConfigKeys (ConfUtils.java:logGet(43)) - raft.server.rpc.timeout.min = 5s (custom)
2019-09-04 12:53:29,102 [pool-569-thread-1] INFO  server.RaftServerConfigKeys (ConfUtils.java:logGet(43)) - raft.server.rpc.timeout.max = 5200ms (custom)
2019-09-04 12:53:29,102 [pool-569-thread-1] INFO  server.RaftServerConfigKeys (ConfUtils.java:logGet(43)) - raft.server.rpcslowness.timeout = 120s (custom)
2019-09-04 12:53:29,102 [pool-569-thread-1] INFO  server.RaftServerConfigKeys (ConfUtils.java:logGet(43)) - raft.server.sleep.deviation.threshold = 300 (default)
2019-09-04 12:53:29,102 [pool-569-thread-1] INFO  server.RaftServerConfigKeys (ConfUtils.java:logGet(43)) - raft.server.log.appender.install.snapshot.enabled = false (custom)
2019-09-04 12:53:29,102 [pool-569-thread-1] INFO  impl.RaftServerImpl (ServerState.java:<init>(105)) - 62db11bf-06c4-4bc0-b55c-ce874389853c:group-80D15C3B7076 ConfigurationManager, init=-1: [62db11bf-06c4-4bc0-b55c-ce874389853c:192.168.157.199:39889], old=null, confs=<EMPTY_MAP>
2019-09-04 12:53:29,102 [pool-569-thread-1] INFO  server.RaftServerConfigKeys (ConfUtils.java:logGet(43)) - raft.server.storage.dir = [/workdir/hadoop-ozone/integration-test/target/test-dir/MiniOzoneClusterImpl-961fece6-1daa-4ad6-854f-a9aa561cc73b/datanode-3/data/ratis] (custom)
2019-09-04 12:53:29,103 [pool-569-thread-1] INFO  storage.RaftStorageDirectory (RaftStorageDirectory.java:analyzeStorage(246)) - The storage directory /workdir/hadoop-ozone/integration-test/target/test-dir/MiniOzoneClusterImpl-961fece6-1daa-4ad6-854f-a9aa561cc73b/datanode-3/data/ratis/7b8f7af0-5033-4b13-9bfa-80d15c3b7076 does not exist. Creating ...
2019-09-04 12:53:29,116 [pool-569-thread-1] INFO  storage.RaftStorageDirectory (RaftStorageDirectory.java:tryLock(328)) - Lock on /workdir/hadoop-ozone/integration-test/target/test-dir/MiniOzoneClusterImpl-961fece6-1daa-4ad6-854f-a9aa561cc73b/datanode-3/data/ratis/7b8f7af0-5033-4b13-9bfa-80d15c3b7076/in_use.lock acquired by nodename 4324@pr-hdds-1569-8n246-508421386
2019-09-04 12:53:29,129 [pool-569-thread-1] INFO  storage.RaftStorage (RaftStorage.java:format(72)) - Storage directory /workdir/hadoop-ozone/integration-test/target/test-dir/MiniOzoneClusterImpl-961fece6-1daa-4ad6-854f-a9aa561cc73b/datanode-3/data/ratis/7b8f7af0-5033-4b13-9bfa-80d15c3b7076 has been successfully formatted.
2019-09-04 12:53:29,130 [pool-569-thread-1] INFO  ratis.ContainerStateMachine (ContainerStateMachine.java:loadSnapshot(226)) - group-80D15C3B7076: The snapshot info is null. Setting the last applied indexto:(t:0, i:~)
2019-09-04 12:53:29,130 [pool-569-thread-1] INFO  server.RaftServerConfigKeys (ConfUtils.java:logGet(43)) - raft.server.leader.election.timeout = 120s (custom)
2019-09-04 12:53:29,130 [pool-569-thread-1] INFO  server.RaftServerConfigKeys (ConfUtils.java:logGet(43)) - raft.server.log.use.memory = false (default)
2019-09-04 12:53:29,130 [pool-569-thread-1] INFO  server.RaftServerConfigKeys (ConfUtils.java:logGet(43)) - raft.server.log.purge.gap = 1000000 (custom)
2019-09-04 12:53:29,130 [pool-569-thread-1] INFO  server.RaftServerConfigKeys (ConfUtils.java:logGet(43)) - raft.server.log.appender.buffer.byte-limit = 33554432 (custom)
2019-09-04 12:53:29,130 [pool-569-thread-1] INFO  server.RaftServerConfigKeys (ConfUtils.java:logGet(43)) - raft.server.log.segment.size.max = 1048576 (custom)
2019-09-04 12:53:29,130 [pool-569-thread-1] INFO  server.RaftServerConfigKeys (ConfUtils.java:logGet(43)) - raft.server.log.segment.cache.num.max = 2 (custom)
2019-09-04 12:53:29,131 [pool-569-thread-1] INFO  segmented.SegmentedRaftLogWorker (SegmentedRaftLogWorker.java:<init>(172)) - new 62db11bf-06c4-4bc0-b55c-ce874389853c-SegmentedRaftLogWorker:Storage Directory /workdir/hadoop-ozone/integration-test/target/test-dir/MiniOzoneClusterImpl-961fece6-1daa-4ad6-854f-a9aa561cc73b/datanode-3/data/ratis/7b8f7af0-5033-4b13-9bfa-80d15c3b7076 for RaftStorage:Storage Directory /workdir/hadoop-ozone/integration-test/target/test-dir/MiniOzoneClusterImpl-961fece6-1daa-4ad6-854f-a9aa561cc73b/datanode-3/data/ratis/7b8f7af0-5033-4b13-9bfa-80d15c3b7076
2019-09-04 12:53:29,131 [pool-569-thread-1] INFO  server.RaftServerConfigKeys (ConfUtils.java:logGet(43)) - raft.server.log.queue.byte-limit = 2147483647 (custom)
2019-09-04 12:53:29,131 [pool-569-thread-1] INFO  server.RaftServerConfigKeys (ConfUtils.java:logGet(43)) - raft.server.log.queue.element-limit = 1024 (custom)
2019-09-04 12:53:29,131 [pool-569-thread-1] INFO  server.RaftServerConfigKeys (ConfUtils.java:logGet(43)) - raft.server.log.segment.size.max = 1048576 (custom)
2019-09-04 12:53:29,131 [pool-569-thread-1] INFO  server.RaftServerConfigKeys (ConfUtils.java:logGet(43)) - raft.server.log.preallocated.size = 16384 (custom)
2019-09-04 12:53:29,132 [pool-569-thread-1] INFO  server.RaftServerConfigKeys (ConfUtils.java:logGet(43)) - raft.server.log.write.buffer.size = 33554432 (custom)
2019-09-04 12:53:29,132 [pool-569-thread-1] INFO  server.RaftServerConfigKeys (ConfUtils.java:logGet(43)) - raft.server.log.force.sync.num = 128 (default)
2019-09-04 12:53:29,132 [pool-569-thread-1] INFO  server.RaftServerConfigKeys (ConfUtils.java:logGet(43)) - raft.server.log.statemachine.data.sync = true (default)
2019-09-04 12:53:29,132 [pool-569-thread-1] INFO  server.RaftServerConfigKeys (ConfUtils.java:logGet(43)) - raft.server.log.statemachine.data.sync.timeout = 10s (default)
2019-09-04 12:53:29,132 [pool-569-thread-1] INFO  server.RaftServerConfigKeys (ConfUtils.java:logGet(43)) - raft.server.log.statemachine.data.sync.timeout.retry = -1 (default)
2019-09-04 12:53:29,132 [pool-569-thread-1] INFO  server.RaftServerConfigKeys (ConfUtils.java:logGet(43)) - raft.server.log.statemachine.data.caching.enabled = true (custom)
2019-09-04 12:53:29,133 [pool-569-thread-1] INFO  segmented.SegmentedRaftLogWorker (SegmentedRaftLogWorker.java:lambda$new$0(132)) - 62db11bf-06c4-4bc0-b55c-ce874389853c-SegmentedRaftLogWorker:Storage Directory /workdir/hadoop-ozone/integration-test/target/test-dir/MiniOzoneClusterImpl-961fece6-1daa-4ad6-854f-a9aa561cc73b/datanode-3/data/ratis/7b8f7af0-5033-4b13-9bfa-80d15c3b7076: flushIndex: setUnconditionally 0 -> -1
2019-09-04 12:53:29,133 [pool-569-thread-1] INFO  server.RaftServerConfigKeys (ConfUtils.java:logGet(43)) - raft.server.snapshot.auto.trigger.enabled = true (custom)
2019-09-04 12:53:29,133 [pool-569-thread-1] INFO  server.RaftServerConfigKeys (ConfUtils.java:logGet(43)) - raft.server.snapshot.auto.trigger.threshold = 10000 (custom)
2019-09-04 12:53:29,133 [pool-569-thread-1] INFO  server.RaftServerConfigKeys (ConfUtils.java:logGet(43)) - raft.server.retrycache.expirytime = 600000ms (custom)
2019-09-04 12:53:29,134 [pool-569-thread-1] INFO  impl.RaftServerImpl (RaftServerImpl.java:start(180)) - 62db11bf-06c4-4bc0-b55c-ce874389853c: start group-80D15C3B7076
2019-09-04 12:53:29,134 [pool-569-thread-1] INFO  impl.RaftServerImpl (RaftServerImpl.java:setRole(171)) - 62db11bf-06c4-4bc0-b55c-ce874389853c:group-80D15C3B7076 changes role from null to FOLLOWER at term 0 for startAsFollower
2019-09-04 12:53:29,134 [pool-569-thread-1] INFO  impl.RoleInfo (RoleInfo.java:updateAndGet(143)) - 62db11bf-06c4-4bc0-b55c-ce874389853c: start FollowerState
2019-09-04 12:53:29,134 [pool-569-thread-1] INFO  util.JmxRegister (JmxRegister.java:tryRegister(44)) - Successfully registered JMX Bean with object name Ratis:service=RaftServer,group=group-80D15C3B7076,id=62db11bf-06c4-4bc0-b55c-ce874389853c
2019-09-04 12:53:29,140 [RatisPipelineUtilsThread] INFO  pipeline.PipelineStateManager (PipelineStateManager.java:addPipeline(56)) - Created pipeline Pipeline[ Id: 7b8f7af0-5033-4b13-9bfa-80d15c3b7076, Nodes: 62db11bf-06c4-4bc0-b55c-ce874389853c{ip: 192.168.157.199, host: pr-hdds-1569-8n246-508421386, networkLocation: /default-rack, certSerialId: null}, Type:RATIS, Factor:ONE, State:OPEN]
2019-09-04 12:53:29,373 [IPC Server handler 0 on 41792] INFO  net.NetworkTopology (NetworkTopologyImpl.java:add(110)) - Added a new node: /default-rack/39c9cf8b-fdae-416a-9cdb-d7cfa9f1a255
2019-09-04 12:53:29,373 [IPC Server handler 0 on 41792] INFO  node.SCMNodeManager (SCMNodeManager.java:register(273)) - Registered Data node : 39c9cf8b-fdae-416a-9cdb-d7cfa9f1a255{ip: 192.168.157.199, host: pr-hdds-1569-8n246-508421386, networkLocation: /default-rack, certSerialId: null}
2019-09-04 12:53:29,391 | INFO  | SCMAudit | user=jenkins1000 | ip=192.168.157.199 | op=REGISTER {datanodeDetails=39c9cf8b-fdae-416a-9cdb-d7cfa9f1a255{ip: 192.168.157.199, host: pr-hdds-1569-8n246-508421386, networkLocation: /default-rack, certSerialId: null}} | ret=SUCCESS |  
2019-09-04 12:53:29,406 [grpc-default-executor-10] INFO  impl.RaftServerProxy (RaftServerProxy.java:addNew(89)) - 39c9cf8b-fdae-416a-9cdb-d7cfa9f1a255: addNew group-E150FA7E258F:[39c9cf8b-fdae-416a-9cdb-d7cfa9f1a255:192.168.157.199:34356] returns group-E150FA7E258F:java.util.concurrent.CompletableFuture@791aef0a[Not completed]
2019-09-04 12:53:29,407 [pool-580-thread-1] INFO  impl.RaftServerImpl (RaftServerImpl.java:<init>(93)) - 39c9cf8b-fdae-416a-9cdb-d7cfa9f1a255: new RaftServerImpl for group-E150FA7E258F:[39c9cf8b-fdae-416a-9cdb-d7cfa9f1a255:192.168.157.199:34356] with ContainerStateMachine:uninitialized
2019-09-04 12:53:29,407 [pool-580-thread-1] INFO  server.RaftServerConfigKeys (ConfUtils.java:logGet(43)) - raft.server.rpc.timeout.min = 5s (custom)
2019-09-04 12:53:29,408 [pool-580-thread-1] INFO  server.RaftServerConfigKeys (ConfUtils.java:logGet(43)) - raft.server.rpc.timeout.max = 5200ms (custom)
2019-09-04 12:53:29,408 [pool-580-thread-1] INFO  server.RaftServerConfigKeys (ConfUtils.java:logGet(43)) - raft.server.rpcslowness.timeout = 120s (custom)
2019-09-04 12:53:29,408 [pool-580-thread-1] INFO  server.RaftServerConfigKeys (ConfUtils.java:logGet(43)) - raft.server.sleep.deviation.threshold = 300 (default)
2019-09-04 12:53:29,408 [pool-580-thread-1] INFO  server.RaftServerConfigKeys (ConfUtils.java:logGet(43)) - raft.server.log.appender.install.snapshot.enabled = false (custom)
2019-09-04 12:53:29,408 [pool-580-thread-1] INFO  impl.RaftServerImpl (ServerState.java:<init>(105)) - 39c9cf8b-fdae-416a-9cdb-d7cfa9f1a255:group-E150FA7E258F ConfigurationManager, init=-1: [39c9cf8b-fdae-416a-9cdb-d7cfa9f1a255:192.168.157.199:34356], old=null, confs=<EMPTY_MAP>
2019-09-04 12:53:29,408 [pool-580-thread-1] INFO  server.RaftServerConfigKeys (ConfUtils.java:logGet(43)) - raft.server.storage.dir = [/workdir/hadoop-ozone/integration-test/target/test-dir/MiniOzoneClusterImpl-961fece6-1daa-4ad6-854f-a9aa561cc73b/datanode-4/data/ratis] (custom)
2019-09-04 12:53:29,409 [pool-580-thread-1] INFO  storage.RaftStorageDirectory (RaftStorageDirectory.java:analyzeStorage(246)) - The storage directory /workdir/hadoop-ozone/integration-test/target/test-dir/MiniOzoneClusterImpl-961fece6-1daa-4ad6-854f-a9aa561cc73b/datanode-4/data/ratis/1d96c53a-4363-4734-8422-e150fa7e258f does not exist. Creating ...
2019-09-04 12:53:29,423 [pool-580-thread-1] INFO  storage.RaftStorageDirectory (RaftStorageDirectory.java:tryLock(328)) - Lock on /workdir/hadoop-ozone/integration-test/target/test-dir/MiniOzoneClusterImpl-961fece6-1daa-4ad6-854f-a9aa561cc73b/datanode-4/data/ratis/1d96c53a-4363-4734-8422-e150fa7e258f/in_use.lock acquired by nodename 4324@pr-hdds-1569-8n246-508421386
2019-09-04 12:53:29,448 [pool-580-thread-1] INFO  storage.RaftStorage (RaftStorage.java:format(72)) - Storage directory /workdir/hadoop-ozone/integration-test/target/test-dir/MiniOzoneClusterImpl-961fece6-1daa-4ad6-854f-a9aa561cc73b/datanode-4/data/ratis/1d96c53a-4363-4734-8422-e150fa7e258f has been successfully formatted.
2019-09-04 12:53:29,448 [pool-580-thread-1] INFO  ratis.ContainerStateMachine (ContainerStateMachine.java:loadSnapshot(226)) - group-E150FA7E258F: The snapshot info is null. Setting the last applied indexto:(t:0, i:~)
2019-09-04 12:53:29,448 [pool-580-thread-1] INFO  server.RaftServerConfigKeys (ConfUtils.java:logGet(43)) - raft.server.leader.election.timeout = 120s (custom)
2019-09-04 12:53:29,449 [pool-580-thread-1] INFO  server.RaftServerConfigKeys (ConfUtils.java:logGet(43)) - raft.server.log.use.memory = false (default)
2019-09-04 12:53:29,449 [pool-580-thread-1] INFO  server.RaftServerConfigKeys (ConfUtils.java:logGet(43)) - raft.server.log.purge.gap = 1000000 (custom)
2019-09-04 12:53:29,449 [pool-580-thread-1] INFO  server.RaftServerConfigKeys (ConfUtils.java:logGet(43)) - raft.server.log.appender.buffer.byte-limit = 33554432 (custom)
2019-09-04 12:53:29,450 [pool-580-thread-1] INFO  server.RaftServerConfigKeys (ConfUtils.java:logGet(43)) - raft.server.log.segment.size.max = 1048576 (custom)
2019-09-04 12:53:29,450 [pool-580-thread-1] INFO  server.RaftServerConfigKeys (ConfUtils.java:logGet(43)) - raft.server.log.segment.cache.num.max = 2 (custom)
2019-09-04 12:53:29,450 [pool-580-thread-1] INFO  segmented.SegmentedRaftLogWorker (SegmentedRaftLogWorker.java:<init>(172)) - new 39c9cf8b-fdae-416a-9cdb-d7cfa9f1a255-SegmentedRaftLogWorker:Storage Directory /workdir/hadoop-ozone/integration-test/target/test-dir/MiniOzoneClusterImpl-961fece6-1daa-4ad6-854f-a9aa561cc73b/datanode-4/data/ratis/1d96c53a-4363-4734-8422-e150fa7e258f for RaftStorage:Storage Directory /workdir/hadoop-ozone/integration-test/target/test-dir/MiniOzoneClusterImpl-961fece6-1daa-4ad6-854f-a9aa561cc73b/datanode-4/data/ratis/1d96c53a-4363-4734-8422-e150fa7e258f
2019-09-04 12:53:29,450 [pool-580-thread-1] INFO  server.RaftServerConfigKeys (ConfUtils.java:logGet(43)) - raft.server.log.queue.byte-limit = 2147483647 (custom)
2019-09-04 12:53:29,450 [pool-580-thread-1] INFO  server.RaftServerConfigKeys (ConfUtils.java:logGet(43)) - raft.server.log.queue.element-limit = 1024 (custom)
2019-09-04 12:53:29,451 [pool-580-thread-1] INFO  server.RaftServerConfigKeys (ConfUtils.java:logGet(43)) - raft.server.log.segment.size.max = 1048576 (custom)
2019-09-04 12:53:29,451 [pool-580-thread-1] INFO  server.RaftServerConfigKeys (ConfUtils.java:logGet(43)) - raft.server.log.preallocated.size = 16384 (custom)
2019-09-04 12:53:29,451 [pool-580-thread-1] INFO  server.RaftServerConfigKeys (ConfUtils.java:logGet(43)) - raft.server.log.write.buffer.size = 33554432 (custom)
2019-09-04 12:53:29,451 [pool-580-thread-1] INFO  server.RaftServerConfigKeys (ConfUtils.java:logGet(43)) - raft.server.log.force.sync.num = 128 (default)
2019-09-04 12:53:29,451 [pool-580-thread-1] INFO  server.RaftServerConfigKeys (ConfUtils.java:logGet(43)) - raft.server.log.statemachine.data.sync = true (default)
2019-09-04 12:53:29,452 [pool-580-thread-1] INFO  server.RaftServerConfigKeys (ConfUtils.java:logGet(43)) - raft.server.log.statemachine.data.sync.timeout = 10s (default)
2019-09-04 12:53:29,452 [pool-580-thread-1] INFO  server.RaftServerConfigKeys (ConfUtils.java:logGet(43)) - raft.server.log.statemachine.data.sync.timeout.retry = -1 (default)
2019-09-04 12:53:29,452 [pool-580-thread-1] INFO  server.RaftServerConfigKeys (ConfUtils.java:logGet(43)) - raft.server.log.statemachine.data.caching.enabled = true (custom)
2019-09-04 12:53:29,453 [pool-580-thread-1] INFO  segmented.SegmentedRaftLogWorker (SegmentedRaftLogWorker.java:lambda$new$0(132)) - 39c9cf8b-fdae-416a-9cdb-d7cfa9f1a255-SegmentedRaftLogWorker:Storage Directory /workdir/hadoop-ozone/integration-test/target/test-dir/MiniOzoneClusterImpl-961fece6-1daa-4ad6-854f-a9aa561cc73b/datanode-4/data/ratis/1d96c53a-4363-4734-8422-e150fa7e258f: flushIndex: setUnconditionally 0 -> -1
2019-09-04 12:53:29,453 [pool-580-thread-1] INFO  server.RaftServerConfigKeys (ConfUtils.java:logGet(43)) - raft.server.snapshot.auto.trigger.enabled = true (custom)
2019-09-04 12:53:29,453 [pool-580-thread-1] INFO  server.RaftServerConfigKeys (ConfUtils.java:logGet(43)) - raft.server.snapshot.auto.trigger.threshold = 10000 (custom)
2019-09-04 12:53:29,453 [pool-580-thread-1] INFO  server.RaftServerConfigKeys (ConfUtils.java:logGet(43)) - raft.server.retrycache.expirytime = 600000ms (custom)
2019-09-04 12:53:29,454 [pool-580-thread-1] INFO  impl.RaftServerImpl (RaftServerImpl.java:start(180)) - 39c9cf8b-fdae-416a-9cdb-d7cfa9f1a255: start group-E150FA7E258F
2019-09-04 12:53:29,454 [pool-580-thread-1] INFO  impl.RaftServerImpl (RaftServerImpl.java:setRole(171)) - 39c9cf8b-fdae-416a-9cdb-d7cfa9f1a255:group-E150FA7E258F changes role from null to FOLLOWER at term 0 for startAsFollower
2019-09-04 12:53:29,454 [pool-580-thread-1] INFO  impl.RoleInfo (RoleInfo.java:updateAndGet(143)) - 39c9cf8b-fdae-416a-9cdb-d7cfa9f1a255: start FollowerState
2019-09-04 12:53:29,455 [pool-580-thread-1] INFO  util.JmxRegister (JmxRegister.java:tryRegister(44)) - Successfully registered JMX Bean with object name Ratis:service=RaftServer,group=group-E150FA7E258F,id=39c9cf8b-fdae-416a-9cdb-d7cfa9f1a255
2019-09-04 12:53:29,460 [RatisPipelineUtilsThread] INFO  pipeline.PipelineStateManager (PipelineStateManager.java:addPipeline(56)) - Created pipeline Pipeline[ Id: 1d96c53a-4363-4734-8422-e150fa7e258f, Nodes: 39c9cf8b-fdae-416a-9cdb-d7cfa9f1a255{ip: 192.168.157.199, host: pr-hdds-1569-8n246-508421386, networkLocation: /default-rack, certSerialId: null}, Type:RATIS, Factor:ONE, State:OPEN]
2019-09-04 12:53:29,600 [IPC Server handler 18 on 41792] INFO  net.NetworkTopology (NetworkTopologyImpl.java:add(110)) - Added a new node: /default-rack/f53fb59c-e327-439c-b24b-4e7cfa747c0b
2019-09-04 12:53:29,600 [IPC Server handler 18 on 41792] INFO  node.SCMNodeManager (SCMNodeManager.java:register(273)) - Registered Data node : f53fb59c-e327-439c-b24b-4e7cfa747c0b{ip: 192.168.157.199, host: pr-hdds-1569-8n246-508421386, networkLocation: /default-rack, certSerialId: null}
2019-09-04 12:53:29,604 | INFO  | SCMAudit | user=jenkins1000 | ip=192.168.157.199 | op=REGISTER {datanodeDetails=f53fb59c-e327-439c-b24b-4e7cfa747c0b{ip: 192.168.157.199, host: pr-hdds-1569-8n246-508421386, networkLocation: /default-rack, certSerialId: null}} | ret=SUCCESS |  
2019-09-04 12:53:29,611 [grpc-default-executor-10] INFO  impl.RaftServerProxy (RaftServerProxy.java:addNew(89)) - f53fb59c-e327-439c-b24b-4e7cfa747c0b: addNew group-FBBD6830091D:[f53fb59c-e327-439c-b24b-4e7cfa747c0b:192.168.157.199:45236] returns group-FBBD6830091D:java.util.concurrent.CompletableFuture@1e8c5214[Not completed]
2019-09-04 12:53:29,612 [pool-591-thread-1] INFO  impl.RaftServerImpl (RaftServerImpl.java:<init>(93)) - f53fb59c-e327-439c-b24b-4e7cfa747c0b: new RaftServerImpl for group-FBBD6830091D:[f53fb59c-e327-439c-b24b-4e7cfa747c0b:192.168.157.199:45236] with ContainerStateMachine:uninitialized
2019-09-04 12:53:29,613 [pool-591-thread-1] INFO  server.RaftServerConfigKeys (ConfUtils.java:logGet(43)) - raft.server.rpc.timeout.min = 5s (custom)
2019-09-04 12:53:29,613 [pool-591-thread-1] INFO  server.RaftServerConfigKeys (ConfUtils.java:logGet(43)) - raft.server.rpc.timeout.max = 5200ms (custom)
2019-09-04 12:53:29,613 [pool-591-thread-1] INFO  server.RaftServerConfigKeys (ConfUtils.java:logGet(43)) - raft.server.rpcslowness.timeout = 120s (custom)
2019-09-04 12:53:29,613 [pool-591-thread-1] INFO  server.RaftServerConfigKeys (ConfUtils.java:logGet(43)) - raft.server.sleep.deviation.threshold = 300 (default)
2019-09-04 12:53:29,613 [pool-591-thread-1] INFO  server.RaftServerConfigKeys (ConfUtils.java:logGet(43)) - raft.server.log.appender.install.snapshot.enabled = false (custom)
2019-09-04 12:53:29,613 [pool-591-thread-1] INFO  impl.RaftServerImpl (ServerState.java:<init>(105)) - f53fb59c-e327-439c-b24b-4e7cfa747c0b:group-FBBD6830091D ConfigurationManager, init=-1: [f53fb59c-e327-439c-b24b-4e7cfa747c0b:192.168.157.199:45236], old=null, confs=<EMPTY_MAP>
2019-09-04 12:53:29,614 [pool-591-thread-1] INFO  server.RaftServerConfigKeys (ConfUtils.java:logGet(43)) - raft.server.storage.dir = [/workdir/hadoop-ozone/integration-test/target/test-dir/MiniOzoneClusterImpl-961fece6-1daa-4ad6-854f-a9aa561cc73b/datanode-5/data/ratis] (custom)
2019-09-04 12:53:29,614 [pool-591-thread-1] INFO  storage.RaftStorageDirectory (RaftStorageDirectory.java:analyzeStorage(246)) - The storage directory /workdir/hadoop-ozone/integration-test/target/test-dir/MiniOzoneClusterImpl-961fece6-1daa-4ad6-854f-a9aa561cc73b/datanode-5/data/ratis/6274601d-1121-4421-8fd2-fbbd6830091d does not exist. Creating ...
2019-09-04 12:53:29,627 [pool-591-thread-1] INFO  storage.RaftStorageDirectory (RaftStorageDirectory.java:tryLock(328)) - Lock on /workdir/hadoop-ozone/integration-test/target/test-dir/MiniOzoneClusterImpl-961fece6-1daa-4ad6-854f-a9aa561cc73b/datanode-5/data/ratis/6274601d-1121-4421-8fd2-fbbd6830091d/in_use.lock acquired by nodename 4324@pr-hdds-1569-8n246-508421386
2019-09-04 12:53:29,659 [pool-591-thread-1] INFO  storage.RaftStorage (RaftStorage.java:format(72)) - Storage directory /workdir/hadoop-ozone/integration-test/target/test-dir/MiniOzoneClusterImpl-961fece6-1daa-4ad6-854f-a9aa561cc73b/datanode-5/data/ratis/6274601d-1121-4421-8fd2-fbbd6830091d has been successfully formatted.
2019-09-04 12:53:29,660 [pool-591-thread-1] INFO  ratis.ContainerStateMachine (ContainerStateMachine.java:loadSnapshot(226)) - group-FBBD6830091D: The snapshot info is null. Setting the last applied indexto:(t:0, i:~)
2019-09-04 12:53:29,660 [pool-591-thread-1] INFO  server.RaftServerConfigKeys (ConfUtils.java:logGet(43)) - raft.server.leader.election.timeout = 120s (custom)
2019-09-04 12:53:29,660 [pool-591-thread-1] INFO  server.RaftServerConfigKeys (ConfUtils.java:logGet(43)) - raft.server.log.use.memory = false (default)
2019-09-04 12:53:29,660 [pool-591-thread-1] INFO  server.RaftServerConfigKeys (ConfUtils.java:logGet(43)) - raft.server.log.purge.gap = 1000000 (custom)
2019-09-04 12:53:29,660 [pool-591-thread-1] INFO  server.RaftServerConfigKeys (ConfUtils.java:logGet(43)) - raft.server.log.appender.buffer.byte-limit = 33554432 (custom)
2019-09-04 12:53:29,660 [pool-591-thread-1] INFO  server.RaftServerConfigKeys (ConfUtils.java:logGet(43)) - raft.server.log.segment.size.max = 1048576 (custom)
2019-09-04 12:53:29,661 [pool-591-thread-1] INFO  server.RaftServerConfigKeys (ConfUtils.java:logGet(43)) - raft.server.log.segment.cache.num.max = 2 (custom)
2019-09-04 12:53:29,661 [pool-591-thread-1] INFO  segmented.SegmentedRaftLogWorker (SegmentedRaftLogWorker.java:<init>(172)) - new f53fb59c-e327-439c-b24b-4e7cfa747c0b-SegmentedRaftLogWorker:Storage Directory /workdir/hadoop-ozone/integration-test/target/test-dir/MiniOzoneClusterImpl-961fece6-1daa-4ad6-854f-a9aa561cc73b/datanode-5/data/ratis/6274601d-1121-4421-8fd2-fbbd6830091d for RaftStorage:Storage Directory /workdir/hadoop-ozone/integration-test/target/test-dir/MiniOzoneClusterImpl-961fece6-1daa-4ad6-854f-a9aa561cc73b/datanode-5/data/ratis/6274601d-1121-4421-8fd2-fbbd6830091d
2019-09-04 12:53:29,661 [pool-591-thread-1] INFO  server.RaftServerConfigKeys (ConfUtils.java:logGet(43)) - raft.server.log.queue.byte-limit = 2147483647 (custom)
2019-09-04 12:53:29,661 [pool-591-thread-1] INFO  server.RaftServerConfigKeys (ConfUtils.java:logGet(43)) - raft.server.log.queue.element-limit = 1024 (custom)
2019-09-04 12:53:29,661 [pool-591-thread-1] INFO  server.RaftServerConfigKeys (ConfUtils.java:logGet(43)) - raft.server.log.segment.size.max = 1048576 (custom)
2019-09-04 12:53:29,662 [pool-591-thread-1] INFO  server.RaftServerConfigKeys (ConfUtils.java:logGet(43)) - raft.server.log.preallocated.size = 16384 (custom)
2019-09-04 12:53:29,662 [pool-591-thread-1] INFO  server.RaftServerConfigKeys (ConfUtils.java:logGet(43)) - raft.server.log.write.buffer.size = 33554432 (custom)
2019-09-04 12:53:29,662 [pool-591-thread-1] INFO  server.RaftServerConfigKeys (ConfUtils.java:logGet(43)) - raft.server.log.force.sync.num = 128 (default)
2019-09-04 12:53:29,662 [pool-591-thread-1] INFO  server.RaftServerConfigKeys (ConfUtils.java:logGet(43)) - raft.server.log.statemachine.data.sync = true (default)
2019-09-04 12:53:29,662 [pool-591-thread-1] INFO  server.RaftServerConfigKeys (ConfUtils.java:logGet(43)) - raft.server.log.statemachine.data.sync.timeout = 10s (default)
2019-09-04 12:53:29,662 [pool-591-thread-1] INFO  server.RaftServerConfigKeys (ConfUtils.java:logGet(43)) - raft.server.log.statemachine.data.sync.timeout.retry = -1 (default)
2019-09-04 12:53:29,663 [pool-591-thread-1] INFO  server.RaftServerConfigKeys (ConfUtils.java:logGet(43)) - raft.server.log.statemachine.data.caching.enabled = true (custom)
2019-09-04 12:53:29,663 [pool-591-thread-1] INFO  segmented.SegmentedRaftLogWorker (SegmentedRaftLogWorker.java:lambda$new$0(132)) - f53fb59c-e327-439c-b24b-4e7cfa747c0b-SegmentedRaftLogWorker:Storage Directory /workdir/hadoop-ozone/integration-test/target/test-dir/MiniOzoneClusterImpl-961fece6-1daa-4ad6-854f-a9aa561cc73b/datanode-5/data/ratis/6274601d-1121-4421-8fd2-fbbd6830091d: flushIndex: setUnconditionally 0 -> -1
2019-09-04 12:53:29,663 [pool-591-thread-1] INFO  server.RaftServerConfigKeys (ConfUtils.java:logGet(43)) - raft.server.snapshot.auto.trigger.enabled = true (custom)
2019-09-04 12:53:29,663 [pool-591-thread-1] INFO  server.RaftServerConfigKeys (ConfUtils.java:logGet(43)) - raft.server.snapshot.auto.trigger.threshold = 10000 (custom)
2019-09-04 12:53:29,664 [pool-591-thread-1] INFO  server.RaftServerConfigKeys (ConfUtils.java:logGet(43)) - raft.server.retrycache.expirytime = 600000ms (custom)
2019-09-04 12:53:29,664 [pool-591-thread-1] INFO  impl.RaftServerImpl (RaftServerImpl.java:start(180)) - f53fb59c-e327-439c-b24b-4e7cfa747c0b: start group-FBBD6830091D
2019-09-04 12:53:29,664 [pool-591-thread-1] INFO  impl.RaftServerImpl (RaftServerImpl.java:setRole(171)) - f53fb59c-e327-439c-b24b-4e7cfa747c0b:group-FBBD6830091D changes role from null to FOLLOWER at term 0 for startAsFollower
2019-09-04 12:53:29,664 [pool-591-thread-1] INFO  impl.RoleInfo (RoleInfo.java:updateAndGet(143)) - f53fb59c-e327-439c-b24b-4e7cfa747c0b: start FollowerState
2019-09-04 12:53:29,665 [pool-591-thread-1] INFO  util.JmxRegister (JmxRegister.java:tryRegister(44)) - Successfully registered JMX Bean with object name Ratis:service=RaftServer,group=group-FBBD6830091D,id=f53fb59c-e327-439c-b24b-4e7cfa747c0b
2019-09-04 12:53:29,671 [RatisPipelineUtilsThread] INFO  pipeline.PipelineStateManager (PipelineStateManager.java:addPipeline(56)) - Created pipeline Pipeline[ Id: 6274601d-1121-4421-8fd2-fbbd6830091d, Nodes: f53fb59c-e327-439c-b24b-4e7cfa747c0b{ip: 192.168.157.199, host: pr-hdds-1569-8n246-508421386, networkLocation: /default-rack, certSerialId: null}, Type:RATIS, Factor:ONE, State:OPEN]
2019-09-04 12:53:29,690 [grpc-default-executor-10] INFO  impl.RaftServerProxy (RaftServerProxy.java:addNew(89)) - 39c9cf8b-fdae-416a-9cdb-d7cfa9f1a255: addNew group-A913EA900D7E:[f53fb59c-e327-439c-b24b-4e7cfa747c0b:192.168.157.199:45236, 62db11bf-06c4-4bc0-b55c-ce874389853c:192.168.157.199:39889, 39c9cf8b-fdae-416a-9cdb-d7cfa9f1a255:192.168.157.199:34356] returns group-A913EA900D7E:java.util.concurrent.CompletableFuture@4d78ccb1[Not completed]
2019-09-04 12:53:29,690 [grpc-default-executor-8] INFO  impl.RaftServerProxy (RaftServerProxy.java:addNew(89)) - f53fb59c-e327-439c-b24b-4e7cfa747c0b: addNew group-A913EA900D7E:[f53fb59c-e327-439c-b24b-4e7cfa747c0b:192.168.157.199:45236, 62db11bf-06c4-4bc0-b55c-ce874389853c:192.168.157.199:39889, 39c9cf8b-fdae-416a-9cdb-d7cfa9f1a255:192.168.157.199:34356] returns group-A913EA900D7E:java.util.concurrent.CompletableFuture@6d480b38[Not completed]
2019-09-04 12:53:29,690 [grpc-default-executor-3] INFO  impl.RaftServerProxy (RaftServerProxy.java:addNew(89)) - 62db11bf-06c4-4bc0-b55c-ce874389853c: addNew group-A913EA900D7E:[f53fb59c-e327-439c-b24b-4e7cfa747c0b:192.168.157.199:45236, 62db11bf-06c4-4bc0-b55c-ce874389853c:192.168.157.199:39889, 39c9cf8b-fdae-416a-9cdb-d7cfa9f1a255:192.168.157.199:34356] returns group-A913EA900D7E:java.util.concurrent.CompletableFuture@d851e58[Not completed]
2019-09-04 12:53:29,692 [pool-580-thread-1] INFO  impl.RaftServerImpl (RaftServerImpl.java:<init>(93)) - 39c9cf8b-fdae-416a-9cdb-d7cfa9f1a255: new RaftServerImpl for group-A913EA900D7E:[f53fb59c-e327-439c-b24b-4e7cfa747c0b:192.168.157.199:45236, 62db11bf-06c4-4bc0-b55c-ce874389853c:192.168.157.199:39889, 39c9cf8b-fdae-416a-9cdb-d7cfa9f1a255:192.168.157.199:34356] with ContainerStateMachine:uninitialized
2019-09-04 12:53:29,692 [pool-580-thread-1] INFO  server.RaftServerConfigKeys (ConfUtils.java:logGet(43)) - raft.server.rpc.timeout.min = 5s (custom)
2019-09-04 12:53:29,692 [pool-580-thread-1] INFO  server.RaftServerConfigKeys (ConfUtils.java:logGet(43)) - raft.server.rpc.timeout.max = 5200ms (custom)
2019-09-04 12:53:29,692 [pool-580-thread-1] INFO  server.RaftServerConfigKeys (ConfUtils.java:logGet(43)) - raft.server.rpcslowness.timeout = 120s (custom)
2019-09-04 12:53:29,692 [pool-580-thread-1] INFO  server.RaftServerConfigKeys (ConfUtils.java:logGet(43)) - raft.server.sleep.deviation.threshold = 300 (default)
2019-09-04 12:53:29,692 [pool-580-thread-1] INFO  server.RaftServerConfigKeys (ConfUtils.java:logGet(43)) - raft.server.log.appender.install.snapshot.enabled = false (custom)
2019-09-04 12:53:29,693 [pool-569-thread-1] INFO  impl.RaftServerImpl (RaftServerImpl.java:<init>(93)) - 62db11bf-06c4-4bc0-b55c-ce874389853c: new RaftServerImpl for group-A913EA900D7E:[f53fb59c-e327-439c-b24b-4e7cfa747c0b:192.168.157.199:45236, 62db11bf-06c4-4bc0-b55c-ce874389853c:192.168.157.199:39889, 39c9cf8b-fdae-416a-9cdb-d7cfa9f1a255:192.168.157.199:34356] with ContainerStateMachine:uninitialized
2019-09-04 12:53:29,693 [pool-580-thread-1] INFO  impl.RaftServerImpl (ServerState.java:<init>(105)) - 39c9cf8b-fdae-416a-9cdb-d7cfa9f1a255:group-A913EA900D7E ConfigurationManager, init=-1: [f53fb59c-e327-439c-b24b-4e7cfa747c0b:192.168.157.199:45236, 62db11bf-06c4-4bc0-b55c-ce874389853c:192.168.157.199:39889, 39c9cf8b-fdae-416a-9cdb-d7cfa9f1a255:192.168.157.199:34356], old=null, confs=<EMPTY_MAP>
2019-09-04 12:53:29,693 [pool-569-thread-1] INFO  server.RaftServerConfigKeys (ConfUtils.java:logGet(43)) - raft.server.rpc.timeout.min = 5s (custom)
2019-09-04 12:53:29,693 [pool-591-thread-1] INFO  impl.RaftServerImpl (RaftServerImpl.java:<init>(93)) - f53fb59c-e327-439c-b24b-4e7cfa747c0b: new RaftServerImpl for group-A913EA900D7E:[f53fb59c-e327-439c-b24b-4e7cfa747c0b:192.168.157.199:45236, 62db11bf-06c4-4bc0-b55c-ce874389853c:192.168.157.199:39889, 39c9cf8b-fdae-416a-9cdb-d7cfa9f1a255:192.168.157.199:34356] with ContainerStateMachine:uninitialized
2019-09-04 12:53:29,693 [pool-580-thread-1] INFO  server.RaftServerConfigKeys (ConfUtils.java:logGet(43)) - raft.server.storage.dir = [/workdir/hadoop-ozone/integration-test/target/test-dir/MiniOzoneClusterImpl-961fece6-1daa-4ad6-854f-a9aa561cc73b/datanode-4/data/ratis] (custom)
2019-09-04 12:53:29,693 [pool-591-thread-1] INFO  server.RaftServerConfigKeys (ConfUtils.java:logGet(43)) - raft.server.rpc.timeout.min = 5s (custom)
2019-09-04 12:53:29,693 [pool-591-thread-1] INFO  server.RaftServerConfigKeys (ConfUtils.java:logGet(43)) - raft.server.rpc.timeout.max = 5200ms (custom)
2019-09-04 12:53:29,694 [pool-580-thread-1] INFO  storage.RaftStorageDirectory (RaftStorageDirectory.java:analyzeStorage(246)) - The storage directory /workdir/hadoop-ozone/integration-test/target/test-dir/MiniOzoneClusterImpl-961fece6-1daa-4ad6-854f-a9aa561cc73b/datanode-4/data/ratis/bd0f60c6-f74b-4330-8a0c-a913ea900d7e does not exist. Creating ...
2019-09-04 12:53:29,693 [pool-569-thread-1] INFO  server.RaftServerConfigKeys (ConfUtils.java:logGet(43)) - raft.server.rpc.timeout.max = 5200ms (custom)
2019-09-04 12:53:29,694 [pool-591-thread-1] INFO  server.RaftServerConfigKeys (ConfUtils.java:logGet(43)) - raft.server.rpcslowness.timeout = 120s (custom)
2019-09-04 12:53:29,694 [pool-569-thread-1] INFO  server.RaftServerConfigKeys (ConfUtils.java:logGet(43)) - raft.server.rpcslowness.timeout = 120s (custom)
2019-09-04 12:53:29,694 [pool-591-thread-1] INFO  server.RaftServerConfigKeys (ConfUtils.java:logGet(43)) - raft.server.sleep.deviation.threshold = 300 (default)
2019-09-04 12:53:29,694 [pool-569-thread-1] INFO  server.RaftServerConfigKeys (ConfUtils.java:logGet(43)) - raft.server.sleep.deviation.threshold = 300 (default)
2019-09-04 12:53:29,694 [pool-591-thread-1] INFO  server.RaftServerConfigKeys (ConfUtils.java:logGet(43)) - raft.server.log.appender.install.snapshot.enabled = false (custom)
2019-09-04 12:53:29,695 [pool-569-thread-1] INFO  server.RaftServerConfigKeys (ConfUtils.java:logGet(43)) - raft.server.log.appender.install.snapshot.enabled = false (custom)
2019-09-04 12:53:29,695 [pool-591-thread-1] INFO  impl.RaftServerImpl (ServerState.java:<init>(105)) - f53fb59c-e327-439c-b24b-4e7cfa747c0b:group-A913EA900D7E ConfigurationManager, init=-1: [f53fb59c-e327-439c-b24b-4e7cfa747c0b:192.168.157.199:45236, 62db11bf-06c4-4bc0-b55c-ce874389853c:192.168.157.199:39889, 39c9cf8b-fdae-416a-9cdb-d7cfa9f1a255:192.168.157.199:34356], old=null, confs=<EMPTY_MAP>
2019-09-04 12:53:29,695 [pool-569-thread-1] INFO  impl.RaftServerImpl (ServerState.java:<init>(105)) - 62db11bf-06c4-4bc0-b55c-ce874389853c:group-A913EA900D7E ConfigurationManager, init=-1: [f53fb59c-e327-439c-b24b-4e7cfa747c0b:192.168.157.199:45236, 62db11bf-06c4-4bc0-b55c-ce874389853c:192.168.157.199:39889, 39c9cf8b-fdae-416a-9cdb-d7cfa9f1a255:192.168.157.199:34356], old=null, confs=<EMPTY_MAP>
2019-09-04 12:53:29,695 [pool-591-thread-1] INFO  server.RaftServerConfigKeys (ConfUtils.java:logGet(43)) - raft.server.storage.dir = [/workdir/hadoop-ozone/integration-test/target/test-dir/MiniOzoneClusterImpl-961fece6-1daa-4ad6-854f-a9aa561cc73b/datanode-5/data/ratis] (custom)
2019-09-04 12:53:29,695 [pool-569-thread-1] INFO  server.RaftServerConfigKeys (ConfUtils.java:logGet(43)) - raft.server.storage.dir = [/workdir/hadoop-ozone/integration-test/target/test-dir/MiniOzoneClusterImpl-961fece6-1daa-4ad6-854f-a9aa561cc73b/datanode-3/data/ratis] (custom)
2019-09-04 12:53:29,695 [pool-591-thread-1] INFO  storage.RaftStorageDirectory (RaftStorageDirectory.java:analyzeStorage(246)) - The storage directory /workdir/hadoop-ozone/integration-test/target/test-dir/MiniOzoneClusterImpl-961fece6-1daa-4ad6-854f-a9aa561cc73b/datanode-5/data/ratis/bd0f60c6-f74b-4330-8a0c-a913ea900d7e does not exist. Creating ...
2019-09-04 12:53:29,696 [pool-569-thread-1] INFO  storage.RaftStorageDirectory (RaftStorageDirectory.java:analyzeStorage(246)) - The storage directory /workdir/hadoop-ozone/integration-test/target/test-dir/MiniOzoneClusterImpl-961fece6-1daa-4ad6-854f-a9aa561cc73b/datanode-3/data/ratis/bd0f60c6-f74b-4330-8a0c-a913ea900d7e does not exist. Creating ...
2019-09-04 12:53:29,708 [pool-569-thread-1] INFO  storage.RaftStorageDirectory (RaftStorageDirectory.java:tryLock(328)) - Lock on /workdir/hadoop-ozone/integration-test/target/test-dir/MiniOzoneClusterImpl-961fece6-1daa-4ad6-854f-a9aa561cc73b/datanode-3/data/ratis/bd0f60c6-f74b-4330-8a0c-a913ea900d7e/in_use.lock acquired by nodename 4324@pr-hdds-1569-8n246-508421386
2019-09-04 12:53:29,708 [pool-580-thread-1] INFO  storage.RaftStorageDirectory (RaftStorageDirectory.java:tryLock(328)) - Lock on /workdir/hadoop-ozone/integration-test/target/test-dir/MiniOzoneClusterImpl-961fece6-1daa-4ad6-854f-a9aa561cc73b/datanode-4/data/ratis/bd0f60c6-f74b-4330-8a0c-a913ea900d7e/in_use.lock acquired by nodename 4324@pr-hdds-1569-8n246-508421386
2019-09-04 12:53:29,708 [pool-591-thread-1] INFO  storage.RaftStorageDirectory (RaftStorageDirectory.java:tryLock(328)) - Lock on /workdir/hadoop-ozone/integration-test/target/test-dir/MiniOzoneClusterImpl-961fece6-1daa-4ad6-854f-a9aa561cc73b/datanode-5/data/ratis/bd0f60c6-f74b-4330-8a0c-a913ea900d7e/in_use.lock acquired by nodename 4324@pr-hdds-1569-8n246-508421386
2019-09-04 12:53:29,733 [pool-580-thread-1] INFO  storage.RaftStorage (RaftStorage.java:format(72)) - Storage directory /workdir/hadoop-ozone/integration-test/target/test-dir/MiniOzoneClusterImpl-961fece6-1daa-4ad6-854f-a9aa561cc73b/datanode-4/data/ratis/bd0f60c6-f74b-4330-8a0c-a913ea900d7e has been successfully formatted.
2019-09-04 12:53:29,733 [pool-591-thread-1] INFO  storage.RaftStorage (RaftStorage.java:format(72)) - Storage directory /workdir/hadoop-ozone/integration-test/target/test-dir/MiniOzoneClusterImpl-961fece6-1daa-4ad6-854f-a9aa561cc73b/datanode-5/data/ratis/bd0f60c6-f74b-4330-8a0c-a913ea900d7e has been successfully formatted.
2019-09-04 12:53:29,733 [pool-569-thread-1] INFO  storage.RaftStorage (RaftStorage.java:format(72)) - Storage directory /workdir/hadoop-ozone/integration-test/target/test-dir/MiniOzoneClusterImpl-961fece6-1daa-4ad6-854f-a9aa561cc73b/datanode-3/data/ratis/bd0f60c6-f74b-4330-8a0c-a913ea900d7e has been successfully formatted.
2019-09-04 12:53:29,733 [pool-580-thread-1] INFO  ratis.ContainerStateMachine (ContainerStateMachine.java:loadSnapshot(226)) - group-A913EA900D7E: The snapshot info is null. Setting the last applied indexto:(t:0, i:~)
2019-09-04 12:53:29,734 [pool-569-thread-1] INFO  ratis.ContainerStateMachine (ContainerStateMachine.java:loadSnapshot(226)) - group-A913EA900D7E: The snapshot info is null. Setting the last applied indexto:(t:0, i:~)
2019-09-04 12:53:29,734 [pool-591-thread-1] INFO  ratis.ContainerStateMachine (ContainerStateMachine.java:loadSnapshot(226)) - group-A913EA900D7E: The snapshot info is null. Setting the last applied indexto:(t:0, i:~)
2019-09-04 12:53:29,734 [pool-569-thread-1] INFO  server.RaftServerConfigKeys (ConfUtils.java:logGet(43)) - raft.server.leader.election.timeout = 120s (custom)
2019-09-04 12:53:29,734 [pool-580-thread-1] INFO  server.RaftServerConfigKeys (ConfUtils.java:logGet(43)) - raft.server.leader.election.timeout = 120s (custom)
2019-09-04 12:53:29,734 [pool-569-thread-1] INFO  server.RaftServerConfigKeys (ConfUtils.java:logGet(43)) - raft.server.log.use.memory = false (default)
2019-09-04 12:53:29,734 [pool-591-thread-1] INFO  server.RaftServerConfigKeys (ConfUtils.java:logGet(43)) - raft.server.leader.election.timeout = 120s (custom)
2019-09-04 12:53:29,734 [pool-569-thread-1] INFO  server.RaftServerConfigKeys (ConfUtils.java:logGet(43)) - raft.server.log.purge.gap = 1000000 (custom)
2019-09-04 12:53:29,735 [pool-569-thread-1] INFO  server.RaftServerConfigKeys (ConfUtils.java:logGet(43)) - raft.server.log.appender.buffer.byte-limit = 33554432 (custom)
2019-09-04 12:53:29,734 [pool-580-thread-1] INFO  server.RaftServerConfigKeys (ConfUtils.java:logGet(43)) - raft.server.log.use.memory = false (default)
2019-09-04 12:53:29,735 [pool-569-thread-1] INFO  server.RaftServerConfigKeys (ConfUtils.java:logGet(43)) - raft.server.log.segment.size.max = 1048576 (custom)
2019-09-04 12:53:29,734 [pool-591-thread-1] INFO  server.RaftServerConfigKeys (ConfUtils.java:logGet(43)) - raft.server.log.use.memory = false (default)
2019-09-04 12:53:29,735 [pool-569-thread-1] INFO  server.RaftServerConfigKeys (ConfUtils.java:logGet(43)) - raft.server.log.segment.cache.num.max = 2 (custom)
2019-09-04 12:53:29,735 [pool-580-thread-1] INFO  server.RaftServerConfigKeys (ConfUtils.java:logGet(43)) - raft.server.log.purge.gap = 1000000 (custom)
2019-09-04 12:53:29,735 [pool-569-thread-1] INFO  segmented.SegmentedRaftLogWorker (SegmentedRaftLogWorker.java:<init>(172)) - new 62db11bf-06c4-4bc0-b55c-ce874389853c-SegmentedRaftLogWorker:Storage Directory /workdir/hadoop-ozone/integration-test/target/test-dir/MiniOzoneClusterImpl-961fece6-1daa-4ad6-854f-a9aa561cc73b/datanode-3/data/ratis/bd0f60c6-f74b-4330-8a0c-a913ea900d7e for RaftStorage:Storage Directory /workdir/hadoop-ozone/integration-test/target/test-dir/MiniOzoneClusterImpl-961fece6-1daa-4ad6-854f-a9aa561cc73b/datanode-3/data/ratis/bd0f60c6-f74b-4330-8a0c-a913ea900d7e
2019-09-04 12:53:29,735 [pool-591-thread-1] INFO  server.RaftServerConfigKeys (ConfUtils.java:logGet(43)) - raft.server.log.purge.gap = 1000000 (custom)
2019-09-04 12:53:29,736 [pool-569-thread-1] INFO  server.RaftServerConfigKeys (ConfUtils.java:logGet(43)) - raft.server.log.queue.byte-limit = 2147483647 (custom)
2019-09-04 12:53:29,736 [pool-569-thread-1] INFO  server.RaftServerConfigKeys (ConfUtils.java:logGet(43)) - raft.server.log.queue.element-limit = 1024 (custom)
2019-09-04 12:53:29,736 [pool-580-thread-1] INFO  server.RaftServerConfigKeys (ConfUtils.java:logGet(43)) - raft.server.log.appender.buffer.byte-limit = 33554432 (custom)
2019-09-04 12:53:29,736 [pool-569-thread-1] INFO  server.RaftServerConfigKeys (ConfUtils.java:logGet(43)) - raft.server.log.segment.size.max = 1048576 (custom)
2019-09-04 12:53:29,736 [pool-591-thread-1] INFO  server.RaftServerConfigKeys (ConfUtils.java:logGet(43)) - raft.server.log.appender.buffer.byte-limit = 33554432 (custom)
2019-09-04 12:53:29,737 [pool-569-thread-1] INFO  server.RaftServerConfigKeys (ConfUtils.java:logGet(43)) - raft.server.log.preallocated.size = 16384 (custom)
2019-09-04 12:53:29,736 [pool-580-thread-1] INFO  server.RaftServerConfigKeys (ConfUtils.java:logGet(43)) - raft.server.log.segment.size.max = 1048576 (custom)
2019-09-04 12:53:29,737 [pool-569-thread-1] INFO  server.RaftServerConfigKeys (ConfUtils.java:logGet(43)) - raft.server.log.write.buffer.size = 33554432 (custom)
2019-09-04 12:53:29,737 [pool-591-thread-1] INFO  server.RaftServerConfigKeys (ConfUtils.java:logGet(43)) - raft.server.log.segment.size.max = 1048576 (custom)
2019-09-04 12:53:29,737 [pool-569-thread-1] INFO  server.RaftServerConfigKeys (ConfUtils.java:logGet(43)) - raft.server.log.force.sync.num = 128 (default)
2019-09-04 12:53:29,737 [pool-580-thread-1] INFO  server.RaftServerConfigKeys (ConfUtils.java:logGet(43)) - raft.server.log.segment.cache.num.max = 2 (custom)
2019-09-04 12:53:29,737 [pool-569-thread-1] INFO  server.RaftServerConfigKeys (ConfUtils.java:logGet(43)) - raft.server.log.statemachine.data.sync = true (default)
2019-09-04 12:53:29,737 [pool-591-thread-1] INFO  server.RaftServerConfigKeys (ConfUtils.java:logGet(43)) - raft.server.log.segment.cache.num.max = 2 (custom)
2019-09-04 12:53:29,738 [pool-569-thread-1] INFO  server.RaftServerConfigKeys (ConfUtils.java:logGet(43)) - raft.server.log.statemachine.data.sync.timeout = 10s (default)
2019-09-04 12:53:29,738 [pool-580-thread-1] INFO  segmented.SegmentedRaftLogWorker (SegmentedRaftLogWorker.java:<init>(172)) - new 39c9cf8b-fdae-416a-9cdb-d7cfa9f1a255-SegmentedRaftLogWorker:Storage Directory /workdir/hadoop-ozone/integration-test/target/test-dir/MiniOzoneClusterImpl-961fece6-1daa-4ad6-854f-a9aa561cc73b/datanode-4/data/ratis/bd0f60c6-f74b-4330-8a0c-a913ea900d7e for RaftStorage:Storage Directory /workdir/hadoop-ozone/integration-test/target/test-dir/MiniOzoneClusterImpl-961fece6-1daa-4ad6-854f-a9aa561cc73b/datanode-4/data/ratis/bd0f60c6-f74b-4330-8a0c-a913ea900d7e
2019-09-04 12:53:29,738 [pool-569-thread-1] INFO  server.RaftServerConfigKeys (ConfUtils.java:logGet(43)) - raft.server.log.statemachine.data.sync.timeout.retry = -1 (default)
2019-09-04 12:53:29,738 [pool-591-thread-1] INFO  segmented.SegmentedRaftLogWorker (SegmentedRaftLogWorker.java:<init>(172)) - new f53fb59c-e327-439c-b24b-4e7cfa747c0b-SegmentedRaftLogWorker:Storage Directory /workdir/hadoop-ozone/integration-test/target/test-dir/MiniOzoneClusterImpl-961fece6-1daa-4ad6-854f-a9aa561cc73b/datanode-5/data/ratis/bd0f60c6-f74b-4330-8a0c-a913ea900d7e for RaftStorage:Storage Directory /workdir/hadoop-ozone/integration-test/target/test-dir/MiniOzoneClusterImpl-961fece6-1daa-4ad6-854f-a9aa561cc73b/datanode-5/data/ratis/bd0f60c6-f74b-4330-8a0c-a913ea900d7e
2019-09-04 12:53:29,738 [pool-569-thread-1] INFO  server.RaftServerConfigKeys (ConfUtils.java:logGet(43)) - raft.server.log.statemachine.data.caching.enabled = true (custom)
2019-09-04 12:53:29,738 [pool-580-thread-1] INFO  server.RaftServerConfigKeys (ConfUtils.java:logGet(43)) - raft.server.log.queue.byte-limit = 2147483647 (custom)
2019-09-04 12:53:29,738 [pool-591-thread-1] INFO  server.RaftServerConfigKeys (ConfUtils.java:logGet(43)) - raft.server.log.queue.byte-limit = 2147483647 (custom)
2019-09-04 12:53:29,739 [pool-569-thread-1] INFO  segmented.SegmentedRaftLogWorker (SegmentedRaftLogWorker.java:lambda$new$0(132)) - 62db11bf-06c4-4bc0-b55c-ce874389853c-SegmentedRaftLogWorker:Storage Directory /workdir/hadoop-ozone/integration-test/target/test-dir/MiniOzoneClusterImpl-961fece6-1daa-4ad6-854f-a9aa561cc73b/datanode-3/data/ratis/bd0f60c6-f74b-4330-8a0c-a913ea900d7e: flushIndex: setUnconditionally 0 -> -1
2019-09-04 12:53:29,739 [pool-580-thread-1] INFO  server.RaftServerConfigKeys (ConfUtils.java:logGet(43)) - raft.server.log.queue.element-limit = 1024 (custom)
2019-09-04 12:53:29,739 [pool-591-thread-1] INFO  server.RaftServerConfigKeys (ConfUtils.java:logGet(43)) - raft.server.log.queue.element-limit = 1024 (custom)
2019-09-04 12:53:29,739 [pool-569-thread-1] INFO  server.RaftServerConfigKeys (ConfUtils.java:logGet(43)) - raft.server.snapshot.auto.trigger.enabled = true (custom)
2019-09-04 12:53:29,739 [pool-580-thread-1] INFO  server.RaftServerConfigKeys (ConfUtils.java:logGet(43)) - raft.server.log.segment.size.max = 1048576 (custom)
2019-09-04 12:53:29,739 [pool-569-thread-1] INFO  server.RaftServerConfigKeys (ConfUtils.java:logGet(43)) - raft.server.snapshot.auto.trigger.threshold = 10000 (custom)
2019-09-04 12:53:29,739 [pool-591-thread-1] INFO  server.RaftServerConfigKeys (ConfUtils.java:logGet(43)) - raft.server.log.segment.size.max = 1048576 (custom)
2019-09-04 12:53:29,739 [pool-569-thread-1] INFO  server.RaftServerConfigKeys (ConfUtils.java:logGet(43)) - raft.server.retrycache.expirytime = 600000ms (custom)
2019-09-04 12:53:29,739 [pool-580-thread-1] INFO  server.RaftServerConfigKeys (ConfUtils.java:logGet(43)) - raft.server.log.preallocated.size = 16384 (custom)
2019-09-04 12:53:29,740 [pool-569-thread-1] INFO  impl.RaftServerImpl (RaftServerImpl.java:start(180)) - 62db11bf-06c4-4bc0-b55c-ce874389853c: start group-A913EA900D7E
2019-09-04 12:53:29,740 [pool-591-thread-1] INFO  server.RaftServerConfigKeys (ConfUtils.java:logGet(43)) - raft.server.log.preallocated.size = 16384 (custom)
2019-09-04 12:53:29,740 [pool-569-thread-1] INFO  impl.RaftServerImpl (RaftServerImpl.java:setRole(171)) - 62db11bf-06c4-4bc0-b55c-ce874389853c:group-A913EA900D7E changes role from null to FOLLOWER at term 0 for startAsFollower
2019-09-04 12:53:29,740 [pool-569-thread-1] INFO  impl.RoleInfo (RoleInfo.java:updateAndGet(143)) - 62db11bf-06c4-4bc0-b55c-ce874389853c: start FollowerState
2019-09-04 12:53:29,740 [pool-580-thread-1] INFO  server.RaftServerConfigKeys (ConfUtils.java:logGet(43)) - raft.server.log.write.buffer.size = 33554432 (custom)
2019-09-04 12:53:29,740 [pool-591-thread-1] INFO  server.RaftServerConfigKeys (ConfUtils.java:logGet(43)) - raft.server.log.write.buffer.size = 33554432 (custom)
2019-09-04 12:53:29,740 [pool-580-thread-1] INFO  server.RaftServerConfigKeys (ConfUtils.java:logGet(43)) - raft.server.log.force.sync.num = 128 (default)
2019-09-04 12:53:29,741 [pool-569-thread-1] INFO  util.JmxRegister (JmxRegister.java:tryRegister(44)) - Successfully registered JMX Bean with object name Ratis:service=RaftServer,group=group-A913EA900D7E,id=62db11bf-06c4-4bc0-b55c-ce874389853c
2019-09-04 12:53:29,741 [pool-591-thread-1] INFO  server.RaftServerConfigKeys (ConfUtils.java:logGet(43)) - raft.server.log.force.sync.num = 128 (default)
2019-09-04 12:53:29,741 [pool-591-thread-1] INFO  server.RaftServerConfigKeys (ConfUtils.java:logGet(43)) - raft.server.log.statemachine.data.sync = true (default)
2019-09-04 12:53:29,741 [pool-580-thread-1] INFO  server.RaftServerConfigKeys (ConfUtils.java:logGet(43)) - raft.server.log.statemachine.data.sync = true (default)
2019-09-04 12:53:29,741 [pool-591-thread-1] INFO  server.RaftServerConfigKeys (ConfUtils.java:logGet(43)) - raft.server.log.statemachine.data.sync.timeout = 10s (default)
2019-09-04 12:53:29,741 [pool-580-thread-1] INFO  server.RaftServerConfigKeys (ConfUtils.java:logGet(43)) - raft.server.log.statemachine.data.sync.timeout = 10s (default)
2019-09-04 12:53:29,741 [pool-591-thread-1] INFO  server.RaftServerConfigKeys (ConfUtils.java:logGet(43)) - raft.server.log.statemachine.data.sync.timeout.retry = -1 (default)
2019-09-04 12:53:29,741 [pool-580-thread-1] INFO  server.RaftServerConfigKeys (ConfUtils.java:logGet(43)) - raft.server.log.statemachine.data.sync.timeout.retry = -1 (default)
2019-09-04 12:53:29,742 [pool-591-thread-1] INFO  server.RaftServerConfigKeys (ConfUtils.java:logGet(43)) - raft.server.log.statemachine.data.caching.enabled = true (custom)
2019-09-04 12:53:29,742 [pool-580-thread-1] INFO  server.RaftServerConfigKeys (ConfUtils.java:logGet(43)) - raft.server.log.statemachine.data.caching.enabled = true (custom)
2019-09-04 12:53:29,745 [pool-591-thread-1] INFO  segmented.SegmentedRaftLogWorker (SegmentedRaftLogWorker.java:lambda$new$0(132)) - f53fb59c-e327-439c-b24b-4e7cfa747c0b-SegmentedRaftLogWorker:Storage Directory /workdir/hadoop-ozone/integration-test/target/test-dir/MiniOzoneClusterImpl-961fece6-1daa-4ad6-854f-a9aa561cc73b/datanode-5/data/ratis/bd0f60c6-f74b-4330-8a0c-a913ea900d7e: flushIndex: setUnconditionally 0 -> -1
2019-09-04 12:53:29,746 [pool-580-thread-1] INFO  segmented.SegmentedRaftLogWorker (SegmentedRaftLogWorker.java:lambda$new$0(132)) - 39c9cf8b-fdae-416a-9cdb-d7cfa9f1a255-SegmentedRaftLogWorker:Storage Directory /workdir/hadoop-ozone/integration-test/target/test-dir/MiniOzoneClusterImpl-961fece6-1daa-4ad6-854f-a9aa561cc73b/datanode-4/data/ratis/bd0f60c6-f74b-4330-8a0c-a913ea900d7e: flushIndex: setUnconditionally 0 -> -1
2019-09-04 12:53:29,746 [pool-591-thread-1] INFO  server.RaftServerConfigKeys (ConfUtils.java:logGet(43)) - raft.server.snapshot.auto.trigger.enabled = true (custom)
2019-09-04 12:53:29,746 [pool-591-thread-1] INFO  server.RaftServerConfigKeys (ConfUtils.java:logGet(43)) - raft.server.snapshot.auto.trigger.threshold = 10000 (custom)
2019-09-04 12:53:29,746 [pool-580-thread-1] INFO  server.RaftServerConfigKeys (ConfUtils.java:logGet(43)) - raft.server.snapshot.auto.trigger.enabled = true (custom)
2019-09-04 12:53:29,746 [pool-591-thread-1] INFO  server.RaftServerConfigKeys (ConfUtils.java:logGet(43)) - raft.server.retrycache.expirytime = 600000ms (custom)
2019-09-04 12:53:29,746 [pool-580-thread-1] INFO  server.RaftServerConfigKeys (ConfUtils.java:logGet(43)) - raft.server.snapshot.auto.trigger.threshold = 10000 (custom)
2019-09-04 12:53:29,746 [pool-591-thread-1] INFO  impl.RaftServerImpl (RaftServerImpl.java:start(180)) - f53fb59c-e327-439c-b24b-4e7cfa747c0b: start group-A913EA900D7E
2019-09-04 12:53:29,746 [pool-580-thread-1] INFO  server.RaftServerConfigKeys (ConfUtils.java:logGet(43)) - raft.server.retrycache.expirytime = 600000ms (custom)
2019-09-04 12:53:29,747 [pool-591-thread-1] INFO  impl.RaftServerImpl (RaftServerImpl.java:setRole(171)) - f53fb59c-e327-439c-b24b-4e7cfa747c0b:group-A913EA900D7E changes role from null to FOLLOWER at term 0 for startAsFollower
2019-09-04 12:53:29,747 [pool-580-thread-1] INFO  impl.RaftServerImpl (RaftServerImpl.java:start(180)) - 39c9cf8b-fdae-416a-9cdb-d7cfa9f1a255: start group-A913EA900D7E
2019-09-04 12:53:29,747 [pool-591-thread-1] INFO  impl.RoleInfo (RoleInfo.java:updateAndGet(143)) - f53fb59c-e327-439c-b24b-4e7cfa747c0b: start FollowerState
2019-09-04 12:53:29,747 [pool-580-thread-1] INFO  impl.RaftServerImpl (RaftServerImpl.java:setRole(171)) - 39c9cf8b-fdae-416a-9cdb-d7cfa9f1a255:group-A913EA900D7E changes role from null to FOLLOWER at term 0 for startAsFollower
2019-09-04 12:53:29,747 [pool-580-thread-1] INFO  impl.RoleInfo (RoleInfo.java:updateAndGet(143)) - 39c9cf8b-fdae-416a-9cdb-d7cfa9f1a255: start FollowerState
2019-09-04 12:53:29,747 [pool-591-thread-1] INFO  util.JmxRegister (JmxRegister.java:tryRegister(44)) - Successfully registered JMX Bean with object name Ratis:service=RaftServer,group=group-A913EA900D7E,id=f53fb59c-e327-439c-b24b-4e7cfa747c0b
2019-09-04 12:53:29,748 [pool-580-thread-1] INFO  util.JmxRegister (JmxRegister.java:tryRegister(44)) - Successfully registered JMX Bean with object name Ratis:service=RaftServer,group=group-A913EA900D7E,id=39c9cf8b-fdae-416a-9cdb-d7cfa9f1a255
2019-09-04 12:53:29,754 [RatisPipelineUtilsThread] INFO  pipeline.PipelineStateManager (PipelineStateManager.java:addPipeline(56)) - Created pipeline Pipeline[ Id: bd0f60c6-f74b-4330-8a0c-a913ea900d7e, Nodes: f53fb59c-e327-439c-b24b-4e7cfa747c0b{ip: 192.168.157.199, host: pr-hdds-1569-8n246-508421386, networkLocation: /default-rack, certSerialId: null}39c9cf8b-fdae-416a-9cdb-d7cfa9f1a255{ip: 192.168.157.199, host: pr-hdds-1569-8n246-508421386, networkLocation: /default-rack, certSerialId: null}62db11bf-06c4-4bc0-b55c-ce874389853c{ip: 192.168.157.199, host: pr-hdds-1569-8n246-508421386, networkLocation: /default-rack, certSerialId: null}, Type:RATIS, Factor:THREE, State:OPEN]
2019-09-04 12:53:29,778 [main] INFO  ozone.MiniOzoneClusterImpl (MiniOzoneClusterImpl.java:lambda$waitForClusterToBeReady$0(142)) - Waiting for cluster to be ready. Got 6 of 7 DN Heartbeats.
2019-09-04 12:53:29,778 [IPC Server handler 17 on 41792] INFO  net.NetworkTopology (NetworkTopologyImpl.java:add(110)) - Added a new node: /default-rack/1207c098-9d41-4144-a8e5-91613efa8ba6
2019-09-04 12:53:29,779 [IPC Server handler 17 on 41792] INFO  node.SCMNodeManager (SCMNodeManager.java:register(273)) - Registered Data node : 1207c098-9d41-4144-a8e5-91613efa8ba6{ip: 192.168.157.199, host: pr-hdds-1569-8n246-508421386, networkLocation: /default-rack, certSerialId: null}
2019-09-04 12:53:29,781 | INFO  | SCMAudit | user=jenkins1000 | ip=192.168.157.199 | op=REGISTER {datanodeDetails=1207c098-9d41-4144-a8e5-91613efa8ba6{ip: 192.168.157.199, host: pr-hdds-1569-8n246-508421386, networkLocation: /default-rack, certSerialId: null}} | ret=SUCCESS |  
2019-09-04 12:53:29,786 [grpc-default-executor-3] INFO  impl.RaftServerProxy (RaftServerProxy.java:addNew(89)) - 1207c098-9d41-4144-a8e5-91613efa8ba6: addNew group-0014986C52B2:[1207c098-9d41-4144-a8e5-91613efa8ba6:192.168.157.199:39815] returns group-0014986C52B2:java.util.concurrent.CompletableFuture@7482a29c[Not completed]
2019-09-04 12:53:29,788 [pool-602-thread-1] INFO  impl.RaftServerImpl (RaftServerImpl.java:<init>(93)) - 1207c098-9d41-4144-a8e5-91613efa8ba6: new RaftServerImpl for group-0014986C52B2:[1207c098-9d41-4144-a8e5-91613efa8ba6:192.168.157.199:39815] with ContainerStateMachine:uninitialized
2019-09-04 12:53:29,788 [pool-602-thread-1] INFO  server.RaftServerConfigKeys (ConfUtils.java:logGet(43)) - raft.server.rpc.timeout.min = 5s (custom)
2019-09-04 12:53:29,788 [pool-602-thread-1] INFO  server.RaftServerConfigKeys (ConfUtils.java:logGet(43)) - raft.server.rpc.timeout.max = 5200ms (custom)
2019-09-04 12:53:29,788 [pool-602-thread-1] INFO  server.RaftServerConfigKeys (ConfUtils.java:logGet(43)) - raft.server.rpcslowness.timeout = 120s (custom)
2019-09-04 12:53:29,788 [pool-602-thread-1] INFO  server.RaftServerConfigKeys (ConfUtils.java:logGet(43)) - raft.server.sleep.deviation.threshold = 300 (default)
2019-09-04 12:53:29,788 [pool-602-thread-1] INFO  server.RaftServerConfigKeys (ConfUtils.java:logGet(43)) - raft.server.log.appender.install.snapshot.enabled = false (custom)
2019-09-04 12:53:29,788 [pool-602-thread-1] INFO  impl.RaftServerImpl (ServerState.java:<init>(105)) - 1207c098-9d41-4144-a8e5-91613efa8ba6:group-0014986C52B2 ConfigurationManager, init=-1: [1207c098-9d41-4144-a8e5-91613efa8ba6:192.168.157.199:39815], old=null, confs=<EMPTY_MAP>
2019-09-04 12:53:29,788 [pool-602-thread-1] INFO  server.RaftServerConfigKeys (ConfUtils.java:logGet(43)) - raft.server.storage.dir = [/workdir/hadoop-ozone/integration-test/target/test-dir/MiniOzoneClusterImpl-961fece6-1daa-4ad6-854f-a9aa561cc73b/datanode-6/data/ratis] (custom)
2019-09-04 12:53:29,789 [pool-602-thread-1] INFO  storage.RaftStorageDirectory (RaftStorageDirectory.java:analyzeStorage(246)) - The storage directory /workdir/hadoop-ozone/integration-test/target/test-dir/MiniOzoneClusterImpl-961fece6-1daa-4ad6-854f-a9aa561cc73b/datanode-6/data/ratis/fdb1a145-e25f-46e2-8616-0014986c52b2 does not exist. Creating ...
2019-09-04 12:53:29,814 [pool-602-thread-1] INFO  storage.RaftStorageDirectory (RaftStorageDirectory.java:tryLock(328)) - Lock on /workdir/hadoop-ozone/integration-test/target/test-dir/MiniOzoneClusterImpl-961fece6-1daa-4ad6-854f-a9aa561cc73b/datanode-6/data/ratis/fdb1a145-e25f-46e2-8616-0014986c52b2/in_use.lock acquired by nodename 4324@pr-hdds-1569-8n246-508421386
2019-09-04 12:53:29,826 [pool-602-thread-1] INFO  storage.RaftStorage (RaftStorage.java:format(72)) - Storage directory /workdir/hadoop-ozone/integration-test/target/test-dir/MiniOzoneClusterImpl-961fece6-1daa-4ad6-854f-a9aa561cc73b/datanode-6/data/ratis/fdb1a145-e25f-46e2-8616-0014986c52b2 has been successfully formatted.
2019-09-04 12:53:29,826 [pool-602-thread-1] INFO  ratis.ContainerStateMachine (ContainerStateMachine.java:loadSnapshot(226)) - group-0014986C52B2: The snapshot info is null. Setting the last applied indexto:(t:0, i:~)
2019-09-04 12:53:29,826 [pool-602-thread-1] INFO  server.RaftServerConfigKeys (ConfUtils.java:logGet(43)) - raft.server.leader.election.timeout = 120s (custom)
2019-09-04 12:53:29,827 [pool-602-thread-1] INFO  server.RaftServerConfigKeys (ConfUtils.java:logGet(43)) - raft.server.log.use.memory = false (default)
2019-09-04 12:53:29,827 [pool-602-thread-1] INFO  server.RaftServerConfigKeys (ConfUtils.java:logGet(43)) - raft.server.log.purge.gap = 1000000 (custom)
2019-09-04 12:53:29,827 [pool-602-thread-1] INFO  server.RaftServerConfigKeys (ConfUtils.java:logGet(43)) - raft.server.log.appender.buffer.byte-limit = 33554432 (custom)
2019-09-04 12:53:29,827 [pool-602-thread-1] INFO  server.RaftServerConfigKeys (ConfUtils.java:logGet(43)) - raft.server.log.segment.size.max = 1048576 (custom)
2019-09-04 12:53:29,827 [pool-602-thread-1] INFO  server.RaftServerConfigKeys (ConfUtils.java:logGet(43)) - raft.server.log.segment.cache.num.max = 2 (custom)
2019-09-04 12:53:29,827 [pool-602-thread-1] INFO  segmented.SegmentedRaftLogWorker (SegmentedRaftLogWorker.java:<init>(172)) - new 1207c098-9d41-4144-a8e5-91613efa8ba6-SegmentedRaftLogWorker:Storage Directory /workdir/hadoop-ozone/integration-test/target/test-dir/MiniOzoneClusterImpl-961fece6-1daa-4ad6-854f-a9aa561cc73b/datanode-6/data/ratis/fdb1a145-e25f-46e2-8616-0014986c52b2 for RaftStorage:Storage Directory /workdir/hadoop-ozone/integration-test/target/test-dir/MiniOzoneClusterImpl-961fece6-1daa-4ad6-854f-a9aa561cc73b/datanode-6/data/ratis/fdb1a145-e25f-46e2-8616-0014986c52b2
2019-09-04 12:53:29,827 [pool-602-thread-1] INFO  server.RaftServerConfigKeys (ConfUtils.java:logGet(43)) - raft.server.log.queue.byte-limit = 2147483647 (custom)
2019-09-04 12:53:29,827 [pool-602-thread-1] INFO  server.RaftServerConfigKeys (ConfUtils.java:logGet(43)) - raft.server.log.queue.element-limit = 1024 (custom)
2019-09-04 12:53:29,828 [pool-602-thread-1] INFO  server.RaftServerConfigKeys (ConfUtils.java:logGet(43)) - raft.server.log.segment.size.max = 1048576 (custom)
2019-09-04 12:53:29,828 [pool-602-thread-1] INFO  server.RaftServerConfigKeys (ConfUtils.java:logGet(43)) - raft.server.log.preallocated.size = 16384 (custom)
2019-09-04 12:53:29,828 [pool-602-thread-1] INFO  server.RaftServerConfigKeys (ConfUtils.java:logGet(43)) - raft.server.log.write.buffer.size = 33554432 (custom)
2019-09-04 12:53:29,828 [pool-602-thread-1] INFO  server.RaftServerConfigKeys (ConfUtils.java:logGet(43)) - raft.server.log.force.sync.num = 128 (default)
2019-09-04 12:53:29,828 [pool-602-thread-1] INFO  server.RaftServerConfigKeys (ConfUtils.java:logGet(43)) - raft.server.log.statemachine.data.sync = true (default)
2019-09-04 12:53:29,828 [pool-602-thread-1] INFO  server.RaftServerConfigKeys (ConfUtils.java:logGet(43)) - raft.server.log.statemachine.data.sync.timeout = 10s (default)
2019-09-04 12:53:29,828 [pool-602-thread-1] INFO  server.RaftServerConfigKeys (ConfUtils.java:logGet(43)) - raft.server.log.statemachine.data.sync.timeout.retry = -1 (default)
2019-09-04 12:53:29,828 [pool-602-thread-1] INFO  server.RaftServerConfigKeys (ConfUtils.java:logGet(43)) - raft.server.log.statemachine.data.caching.enabled = true (custom)
2019-09-04 12:53:29,829 [pool-602-thread-1] INFO  segmented.SegmentedRaftLogWorker (SegmentedRaftLogWorker.java:lambda$new$0(132)) - 1207c098-9d41-4144-a8e5-91613efa8ba6-SegmentedRaftLogWorker:Storage Directory /workdir/hadoop-ozone/integration-test/target/test-dir/MiniOzoneClusterImpl-961fece6-1daa-4ad6-854f-a9aa561cc73b/datanode-6/data/ratis/fdb1a145-e25f-46e2-8616-0014986c52b2: flushIndex: setUnconditionally 0 -> -1
2019-09-04 12:53:29,829 [pool-602-thread-1] INFO  server.RaftServerConfigKeys (ConfUtils.java:logGet(43)) - raft.server.snapshot.auto.trigger.enabled = true (custom)
2019-09-04 12:53:29,829 [pool-602-thread-1] INFO  server.RaftServerConfigKeys (ConfUtils.java:logGet(43)) - raft.server.snapshot.auto.trigger.threshold = 10000 (custom)
2019-09-04 12:53:29,829 [pool-602-thread-1] INFO  server.RaftServerConfigKeys (ConfUtils.java:logGet(43)) - raft.server.retrycache.expirytime = 600000ms (custom)
2019-09-04 12:53:29,829 [pool-602-thread-1] INFO  impl.RaftServerImpl (RaftServerImpl.java:start(180)) - 1207c098-9d41-4144-a8e5-91613efa8ba6: start group-0014986C52B2
2019-09-04 12:53:29,830 [pool-602-thread-1] INFO  impl.RaftServerImpl (RaftServerImpl.java:setRole(171)) - 1207c098-9d41-4144-a8e5-91613efa8ba6:group-0014986C52B2 changes role from null to FOLLOWER at term 0 for startAsFollower
2019-09-04 12:53:29,830 [pool-602-thread-1] INFO  impl.RoleInfo (RoleInfo.java:updateAndGet(143)) - 1207c098-9d41-4144-a8e5-91613efa8ba6: start FollowerState
2019-09-04 12:53:29,830 [pool-602-thread-1] INFO  util.JmxRegister (JmxRegister.java:tryRegister(44)) - Successfully registered JMX Bean with object name Ratis:service=RaftServer,group=group-0014986C52B2,id=1207c098-9d41-4144-a8e5-91613efa8ba6
2019-09-04 12:53:29,834 [RatisPipelineUtilsThread] INFO  pipeline.PipelineStateManager (PipelineStateManager.java:addPipeline(56)) - Created pipeline Pipeline[ Id: fdb1a145-e25f-46e2-8616-0014986c52b2, Nodes: 1207c098-9d41-4144-a8e5-91613efa8ba6{ip: 192.168.157.199, host: pr-hdds-1569-8n246-508421386, networkLocation: /default-rack, certSerialId: null}, Type:RATIS, Factor:ONE, State:OPEN]
2019-09-04 12:53:30,133 | INFO  | SCMAudit | user=jenkins1000 | ip=192.168.157.199 | op=SEND_HEARTBEAT {datanodeUUID=4b7cfae5-7895-4051-8e82-f472a7425180, command=[]} | ret=SUCCESS |  
2019-09-04 12:53:30,337 | INFO  | SCMAudit | user=jenkins1000 | ip=192.168.157.199 | op=SEND_HEARTBEAT {datanodeUUID=ae00c9ed-9554-4461-adef-868ea78ab386, command=[]} | ret=SUCCESS |  
2019-09-04 12:53:30,523 | INFO  | SCMAudit | user=jenkins1000 | ip=192.168.157.199 | op=SEND_HEARTBEAT {datanodeUUID=1db2284d-cc5a-4f9d-9b30-3a0b3bda8807, command=[]} | ret=SUCCESS |  
2019-09-04 12:53:30,778 [main] INFO  ozone.MiniOzoneClusterImpl (MiniOzoneClusterImpl.java:lambda$waitForClusterToBeReady$0(142)) - Cluster is ready. Got 7 of 7 DN Heartbeats.
2019-09-04 12:53:30,825 [main] INFO  rpc.RpcClient (RpcClient.java:createVolume(293)) - Creating Volume: testblockoutputstream, with jenkins1000 as owner.
2019-09-04 12:53:30,831 | INFO  | OMAudit | user=jenkins1000 | ip=127.0.0.1 | op=CREATE_VOLUME {admin=jenkins1000, owner=jenkins1000, volume=testblockoutputstream, creationTime=1567601610829, quotaInBytes=1152921504606846976} | ret=SUCCESS |  
2019-09-04 12:53:30,846 | INFO  | OMAudit | user=jenkins1000 | ip=127.0.0.1 | op=READ_VOLUME {volume=testblockoutputstream} | ret=SUCCESS |  
2019-09-04 12:53:30,847 [main] INFO  rpc.RpcClient (RpcClient.java:createBucket(432)) - Creating Bucket: testblockoutputstream/testblockoutputstream, with Versioning false and Storage Type set to DISK and Encryption set to false 
2019-09-04 12:53:30,852 | INFO  | OMAudit | user=jenkins1000 | ip=127.0.0.1 | op=CREATE_BUCKET {volume=testblockoutputstream, bucket=testblockoutputstream, acls=[user:jenkins1000:a[ACCESS], group:default:a[ACCESS]], isVersionEnabled=false, storageType=DISK, creationTime=0} | ret=SUCCESS |  
2019-09-04 12:53:30,855 | INFO  | OMAudit | user=jenkins1000 | ip=127.0.0.1 | op=READ_VOLUME {volume=testblockoutputstream} | ret=SUCCESS |  
2019-09-04 12:53:30,857 | INFO  | OMAudit | user=jenkins1000 | ip=127.0.0.1 | op=READ_BUCKET {volume=testblockoutputstream, bucket=testblockoutputstream} | ret=SUCCESS |  
2019-09-04 12:53:30,862 | INFO  | SCMAudit | user=jenkins1000 | ip=192.168.157.199 | op=ALLOCATE_BLOCK {owner=c268d8aa-2a7a-419a-95da-962fdb53fd8c, size=800, type=RATIS, factor=THREE} | ret=SUCCESS |  
2019-09-04 12:53:30,863 | INFO  | OMAudit | user=jenkins1000 | ip=127.0.0.1 | op=ALLOCATE_KEY {volume=testblockoutputstream, bucket=testblockoutputstream, key=c9575c95-50f2-4b6b-bf81-82370f452497, dataSize=0, replicationType=RATIS, replicationFactor=THREE, keyLocationInfo=null} | ret=SUCCESS |  
2019-09-04 12:53:30,882 [grpc-default-executor-10] INFO  client.GrpcClientProtocolClient (GrpcClientProtocolClient.java:onNext(255)) - client-98BCB5C05BEA->f53fb59c-e327-439c-b24b-4e7cfa747c0b: receive RaftClientReply:client-98BCB5C05BEA->f53fb59c-e327-439c-b24b-4e7cfa747c0b@group-A913EA900D7E, cid=215, FAILED org.apache.ratis.protocol.NotLeaderException: Server f53fb59c-e327-439c-b24b-4e7cfa747c0b is not the leader (null). Request must be sent to leader., logIndex=0, commits[f53fb59c-e327-439c-b24b-4e7cfa747c0b:c-1]
2019-09-04 12:53:31,086 | INFO  | SCMAudit | user=jenkins1000 | ip=192.168.157.199 | op=SEND_HEARTBEAT {datanodeUUID=62db11bf-06c4-4bc0-b55c-ce874389853c, command=[]} | ret=SUCCESS |  
2019-09-04 12:53:31,134 | INFO  | SCMAudit | user=jenkins1000 | ip=192.168.157.199 | op=SEND_HEARTBEAT {datanodeUUID=4b7cfae5-7895-4051-8e82-f472a7425180, command=[]} | ret=SUCCESS |  
2019-09-04 12:53:31,148 [Thread-4092] INFO  container.ReplicationManager (ReplicationManager.java:start(152)) - Starting Replication Monitor Thread.
2019-09-04 12:53:31,153 [ReplicationMonitor] INFO  container.ReplicationManager (ReplicationManager.java:run(215)) - Replication Monitor Thread took 1 milliseconds for processing 1 containers.
2019-09-04 12:53:31,337 | INFO  | SCMAudit | user=jenkins1000 | ip=192.168.157.199 | op=SEND_HEARTBEAT {datanodeUUID=ae00c9ed-9554-4461-adef-868ea78ab386, command=[]} | ret=SUCCESS |  
2019-09-04 12:53:31,372 | INFO  | SCMAudit | user=jenkins1000 | ip=192.168.157.199 | op=SEND_HEARTBEAT {datanodeUUID=39c9cf8b-fdae-416a-9cdb-d7cfa9f1a255, command=[]} | ret=SUCCESS |  
2019-09-04 12:53:31,523 | INFO  | SCMAudit | user=jenkins1000 | ip=192.168.157.199 | op=SEND_HEARTBEAT {datanodeUUID=1db2284d-cc5a-4f9d-9b30-3a0b3bda8807, command=[]} | ret=SUCCESS |  
2019-09-04 12:53:31,599 | INFO  | SCMAudit | user=jenkins1000 | ip=192.168.157.199 | op=SEND_HEARTBEAT {datanodeUUID=f53fb59c-e327-439c-b24b-4e7cfa747c0b, command=[]} | ret=SUCCESS |  
2019-09-04 12:53:31,778 | INFO  | SCMAudit | user=jenkins1000 | ip=192.168.157.199 | op=SEND_HEARTBEAT {datanodeUUID=1207c098-9d41-4144-a8e5-91613efa8ba6, command=[]} | ret=SUCCESS |  
2019-09-04 12:53:31,899 [grpc-default-executor-8] INFO  client.GrpcClientProtocolClient (GrpcClientProtocolClient.java:onNext(255)) - client-98BCB5C05BEA->39c9cf8b-fdae-416a-9cdb-d7cfa9f1a255: receive RaftClientReply:client-98BCB5C05BEA->39c9cf8b-fdae-416a-9cdb-d7cfa9f1a255@group-A913EA900D7E, cid=215, FAILED org.apache.ratis.protocol.NotLeaderException: Server 39c9cf8b-fdae-416a-9cdb-d7cfa9f1a255 is not the leader (null). Request must be sent to leader., logIndex=0, commits[39c9cf8b-fdae-416a-9cdb-d7cfa9f1a255:c-1]
2019-09-04 12:53:32,087 | INFO  | SCMAudit | user=jenkins1000 | ip=192.168.157.199 | op=SEND_HEARTBEAT {datanodeUUID=62db11bf-06c4-4bc0-b55c-ce874389853c, command=[]} | ret=SUCCESS |  
2019-09-04 12:53:32,133 | INFO  | SCMAudit | user=jenkins1000 | ip=192.168.157.199 | op=SEND_HEARTBEAT {datanodeUUID=4b7cfae5-7895-4051-8e82-f472a7425180, command=[]} | ret=SUCCESS |  
2019-09-04 12:53:32,337 | INFO  | SCMAudit | user=jenkins1000 | ip=192.168.157.199 | op=SEND_HEARTBEAT {datanodeUUID=ae00c9ed-9554-4461-adef-868ea78ab386, command=[]} | ret=SUCCESS |  
2019-09-04 12:53:32,372 | INFO  | SCMAudit | user=jenkins1000 | ip=192.168.157.199 | op=SEND_HEARTBEAT {datanodeUUID=39c9cf8b-fdae-416a-9cdb-d7cfa9f1a255, command=[]} | ret=SUCCESS |  
2019-09-04 12:53:32,523 | INFO  | SCMAudit | user=jenkins1000 | ip=192.168.157.199 | op=SEND_HEARTBEAT {datanodeUUID=1db2284d-cc5a-4f9d-9b30-3a0b3bda8807, command=[]} | ret=SUCCESS |  
2019-09-04 12:53:32,599 | INFO  | SCMAudit | user=jenkins1000 | ip=192.168.157.199 | op=SEND_HEARTBEAT {datanodeUUID=f53fb59c-e327-439c-b24b-4e7cfa747c0b, command=[]} | ret=SUCCESS |  
2019-09-04 12:53:32,778 | INFO  | SCMAudit | user=jenkins1000 | ip=192.168.157.199 | op=SEND_HEARTBEAT {datanodeUUID=1207c098-9d41-4144-a8e5-91613efa8ba6, command=[]} | ret=SUCCESS |  
2019-09-04 12:53:32,913 [grpc-default-executor-3] INFO  client.GrpcClientProtocolClient (GrpcClientProtocolClient.java:onNext(255)) - client-98BCB5C05BEA->f53fb59c-e327-439c-b24b-4e7cfa747c0b: receive RaftClientReply:client-98BCB5C05BEA->f53fb59c-e327-439c-b24b-4e7cfa747c0b@group-A913EA900D7E, cid=215, FAILED org.apache.ratis.protocol.NotLeaderException: Server f53fb59c-e327-439c-b24b-4e7cfa747c0b is not the leader (null). Request must be sent to leader., logIndex=0, commits[f53fb59c-e327-439c-b24b-4e7cfa747c0b:c-1]
2019-09-04 12:53:33,087 | INFO  | SCMAudit | user=jenkins1000 | ip=192.168.157.199 | op=SEND_HEARTBEAT {datanodeUUID=62db11bf-06c4-4bc0-b55c-ce874389853c, command=[]} | ret=SUCCESS |  
2019-09-04 12:53:33,133 | INFO  | SCMAudit | user=jenkins1000 | ip=192.168.157.199 | op=SEND_HEARTBEAT {datanodeUUID=4b7cfae5-7895-4051-8e82-f472a7425180, command=[]} | ret=SUCCESS |  
2019-09-04 12:53:33,243 [Thread-4094] INFO  impl.FollowerState (FollowerState.java:run(106)) - 4b7cfae5-7895-4051-8e82-f472a7425180:group-304DEBCFDAF1 changes to CANDIDATE, lastRpcTime:5051, electionTimeout:5051ms
2019-09-04 12:53:33,243 [Thread-4094] INFO  impl.RoleInfo (RoleInfo.java:shutdownFollowerState(121)) - 4b7cfae5-7895-4051-8e82-f472a7425180: shutdown FollowerState
2019-09-04 12:53:33,243 [Thread-4094] INFO  impl.RaftServerImpl (RaftServerImpl.java:setRole(171)) - 4b7cfae5-7895-4051-8e82-f472a7425180:group-304DEBCFDAF1 changes role from FOLLOWER to CANDIDATE at term 0 for changeToCandidate
2019-09-04 12:53:33,243 [Thread-4094] INFO  impl.RoleInfo (RoleInfo.java:updateAndGet(143)) - 4b7cfae5-7895-4051-8e82-f472a7425180: start LeaderElection
2019-09-04 12:53:33,265 [4b7cfae5-7895-4051-8e82-f472a7425180:group-304DEBCFDAF1:LeaderElection81] INFO  impl.LeaderElection (LeaderElection.java:askForVotes(181)) - 4b7cfae5-7895-4051-8e82-f472a7425180:group-304DEBCFDAF1:LeaderElection81: begin an election at term 1 for -1: [4b7cfae5-7895-4051-8e82-f472a7425180:192.168.157.199:34442], old=null
2019-09-04 12:53:33,266 [4b7cfae5-7895-4051-8e82-f472a7425180:group-304DEBCFDAF1:LeaderElection81] INFO  impl.RoleInfo (RoleInfo.java:shutdownLeaderElection(134)) - 4b7cfae5-7895-4051-8e82-f472a7425180: shutdown LeaderElection
2019-09-04 12:53:33,266 [4b7cfae5-7895-4051-8e82-f472a7425180:group-304DEBCFDAF1:LeaderElection81] INFO  impl.RaftServerImpl (RaftServerImpl.java:setRole(171)) - 4b7cfae5-7895-4051-8e82-f472a7425180:group-304DEBCFDAF1 changes role from CANDIDATE to LEADER at term 1 for changeToLeader
2019-09-04 12:53:33,266 [4b7cfae5-7895-4051-8e82-f472a7425180:group-304DEBCFDAF1:LeaderElection81] INFO  impl.RaftServerImpl (ServerState.java:setLeader(263)) - 4b7cfae5-7895-4051-8e82-f472a7425180:group-304DEBCFDAF1 change Leader from null to 4b7cfae5-7895-4051-8e82-f472a7425180 at term 1 for becomeLeader, leader elected after 5079ms
2019-09-04 12:53:33,266 [4b7cfae5-7895-4051-8e82-f472a7425180:group-304DEBCFDAF1:LeaderElection81] INFO  server.RaftServerConfigKeys (ConfUtils.java:logGet(43)) - raft.server.staging.catchup.gap = 1000 (default)
2019-09-04 12:53:33,266 [4b7cfae5-7895-4051-8e82-f472a7425180:group-304DEBCFDAF1:LeaderElection81] INFO  server.RaftServerConfigKeys (ConfUtils.java:logGet(43)) - raft.server.rpc.sleep.time = 25ms (default)
2019-09-04 12:53:33,266 [4b7cfae5-7895-4051-8e82-f472a7425180:group-304DEBCFDAF1:LeaderElection81] INFO  server.RaftServerConfigKeys (ConfUtils.java:logGet(43)) - raft.server.write.element-limit = 4096 (default)
2019-09-04 12:53:33,266 [4b7cfae5-7895-4051-8e82-f472a7425180:group-304DEBCFDAF1:LeaderElection81] INFO  server.RaftServerConfigKeys (ConfUtils.java:logGet(43)) - raft.server.watch.timeout = 10s (default)
2019-09-04 12:53:33,267 [4b7cfae5-7895-4051-8e82-f472a7425180:group-304DEBCFDAF1:LeaderElection81] INFO  server.RaftServerConfigKeys (ConfUtils.java:logGet(43)) - raft.server.watch.timeout.denomination = 1s (default)
2019-09-04 12:53:33,267 [4b7cfae5-7895-4051-8e82-f472a7425180:group-304DEBCFDAF1:LeaderElection81] INFO  server.RaftServerConfigKeys (ConfUtils.java:logGet(43)) - raft.server.watch.element-limit = 65536 (default)
2019-09-04 12:53:33,267 [4b7cfae5-7895-4051-8e82-f472a7425180:group-304DEBCFDAF1:LeaderElection81] INFO  impl.RoleInfo (RoleInfo.java:updateAndGet(143)) - 4b7cfae5-7895-4051-8e82-f472a7425180: start LeaderState
2019-09-04 12:53:33,268 [4b7cfae5-7895-4051-8e82-f472a7425180:group-304DEBCFDAF1:LeaderElection81] INFO  segmented.SegmentedRaftLogWorker (SegmentedRaftLogWorker.java:startLogSegment(380)) - 4b7cfae5-7895-4051-8e82-f472a7425180-SegmentedRaftLogWorker:Storage Directory /workdir/hadoop-ozone/integration-test/target/test-dir/MiniOzoneClusterImpl-961fece6-1daa-4ad6-854f-a9aa561cc73b/datanode-0/data/ratis/ced2434b-438d-4028-8c2e-304debcfdaf1: Starting segment from index:0
2019-09-04 12:53:33,268 [4b7cfae5-7895-4051-8e82-f472a7425180:group-304DEBCFDAF1:LeaderElection81] INFO  impl.RaftServerImpl (ServerState.java:setRaftConf(361)) - 4b7cfae5-7895-4051-8e82-f472a7425180:group-304DEBCFDAF1 set configuration 0: [4b7cfae5-7895-4051-8e82-f472a7425180:192.168.157.199:34442], old=null at 0
2019-09-04 12:53:33,305 [4b7cfae5-7895-4051-8e82-f472a7425180-SegmentedRaftLogWorker:Storage Directory /workdir/hadoop-ozone/integration-test/target/test-dir/MiniOzoneClusterImpl-961fece6-1daa-4ad6-854f-a9aa561cc73b/datanode-0/data/ratis/ced2434b-438d-4028-8c2e-304debcfdaf1] INFO  segmented.SegmentedRaftLogWorker (SegmentedRaftLogWorker.java:execute(569)) - 4b7cfae5-7895-4051-8e82-f472a7425180-SegmentedRaftLogWorker:Storage Directory /workdir/hadoop-ozone/integration-test/target/test-dir/MiniOzoneClusterImpl-961fece6-1daa-4ad6-854f-a9aa561cc73b/datanode-0/data/ratis/ced2434b-438d-4028-8c2e-304debcfdaf1: created new log segment /workdir/hadoop-ozone/integration-test/target/test-dir/MiniOzoneClusterImpl-961fece6-1daa-4ad6-854f-a9aa561cc73b/datanode-0/data/ratis/ced2434b-438d-4028-8c2e-304debcfdaf1/current/log_inprogress_0
2019-09-04 12:53:33,337 | INFO  | SCMAudit | user=jenkins1000 | ip=192.168.157.199 | op=SEND_HEARTBEAT {datanodeUUID=ae00c9ed-9554-4461-adef-868ea78ab386, command=[]} | ret=SUCCESS |  
2019-09-04 12:53:33,372 | INFO  | SCMAudit | user=jenkins1000 | ip=192.168.157.199 | op=SEND_HEARTBEAT {datanodeUUID=39c9cf8b-fdae-416a-9cdb-d7cfa9f1a255, command=[]} | ret=SUCCESS |  
2019-09-04 12:53:33,433 [Thread-4097] INFO  impl.FollowerState (FollowerState.java:run(106)) - ae00c9ed-9554-4461-adef-868ea78ab386:group-8E01F1F58248 changes to CANDIDATE, lastRpcTime:5052, electionTimeout:5052ms
2019-09-04 12:53:33,433 [Thread-4097] INFO  impl.RoleInfo (RoleInfo.java:shutdownFollowerState(121)) - ae00c9ed-9554-4461-adef-868ea78ab386: shutdown FollowerState
2019-09-04 12:53:33,433 [Thread-4097] INFO  impl.RaftServerImpl (RaftServerImpl.java:setRole(171)) - ae00c9ed-9554-4461-adef-868ea78ab386:group-8E01F1F58248 changes role from FOLLOWER to CANDIDATE at term 0 for changeToCandidate
2019-09-04 12:53:33,433 [Thread-4097] INFO  impl.RoleInfo (RoleInfo.java:updateAndGet(143)) - ae00c9ed-9554-4461-adef-868ea78ab386: start LeaderElection
2019-09-04 12:53:33,456 [ae00c9ed-9554-4461-adef-868ea78ab386:group-8E01F1F58248:LeaderElection82] INFO  impl.LeaderElection (LeaderElection.java:askForVotes(181)) - ae00c9ed-9554-4461-adef-868ea78ab386:group-8E01F1F58248:LeaderElection82: begin an election at term 1 for -1: [ae00c9ed-9554-4461-adef-868ea78ab386:192.168.157.199:41759], old=null
2019-09-04 12:53:33,456 [ae00c9ed-9554-4461-adef-868ea78ab386:group-8E01F1F58248:LeaderElection82] INFO  impl.RoleInfo (RoleInfo.java:shutdownLeaderElection(134)) - ae00c9ed-9554-4461-adef-868ea78ab386: shutdown LeaderElection
2019-09-04 12:53:33,456 [ae00c9ed-9554-4461-adef-868ea78ab386:group-8E01F1F58248:LeaderElection82] INFO  impl.RaftServerImpl (RaftServerImpl.java:setRole(171)) - ae00c9ed-9554-4461-adef-868ea78ab386:group-8E01F1F58248 changes role from CANDIDATE to LEADER at term 1 for changeToLeader
2019-09-04 12:53:33,457 [ae00c9ed-9554-4461-adef-868ea78ab386:group-8E01F1F58248:LeaderElection82] INFO  impl.RaftServerImpl (ServerState.java:setLeader(263)) - ae00c9ed-9554-4461-adef-868ea78ab386:group-8E01F1F58248 change Leader from null to ae00c9ed-9554-4461-adef-868ea78ab386 at term 1 for becomeLeader, leader elected after 5081ms
2019-09-04 12:53:33,457 [ae00c9ed-9554-4461-adef-868ea78ab386:group-8E01F1F58248:LeaderElection82] INFO  server.RaftServerConfigKeys (ConfUtils.java:logGet(43)) - raft.server.staging.catchup.gap = 1000 (default)
2019-09-04 12:53:33,457 [ae00c9ed-9554-4461-adef-868ea78ab386:group-8E01F1F58248:LeaderElection82] INFO  server.RaftServerConfigKeys (ConfUtils.java:logGet(43)) - raft.server.rpc.sleep.time = 25ms (default)
2019-09-04 12:53:33,457 [ae00c9ed-9554-4461-adef-868ea78ab386:group-8E01F1F58248:LeaderElection82] INFO  server.RaftServerConfigKeys (ConfUtils.java:logGet(43)) - raft.server.write.element-limit = 4096 (default)
2019-09-04 12:53:33,457 [ae00c9ed-9554-4461-adef-868ea78ab386:group-8E01F1F58248:LeaderElection82] INFO  server.RaftServerConfigKeys (ConfUtils.java:logGet(43)) - raft.server.watch.timeout = 10s (default)
2019-09-04 12:53:33,457 [ae00c9ed-9554-4461-adef-868ea78ab386:group-8E01F1F58248:LeaderElection82] INFO  server.RaftServerConfigKeys (ConfUtils.java:logGet(43)) - raft.server.watch.timeout.denomination = 1s (default)
2019-09-04 12:53:33,458 [ae00c9ed-9554-4461-adef-868ea78ab386:group-8E01F1F58248:LeaderElection82] INFO  server.RaftServerConfigKeys (ConfUtils.java:logGet(43)) - raft.server.watch.element-limit = 65536 (default)
2019-09-04 12:53:33,458 [ae00c9ed-9554-4461-adef-868ea78ab386:group-8E01F1F58248:LeaderElection82] INFO  impl.RoleInfo (RoleInfo.java:updateAndGet(143)) - ae00c9ed-9554-4461-adef-868ea78ab386: start LeaderState
2019-09-04 12:53:33,458 [ae00c9ed-9554-4461-adef-868ea78ab386:group-8E01F1F58248:LeaderElection82] INFO  segmented.SegmentedRaftLogWorker (SegmentedRaftLogWorker.java:startLogSegment(380)) - ae00c9ed-9554-4461-adef-868ea78ab386-SegmentedRaftLogWorker:Storage Directory /workdir/hadoop-ozone/integration-test/target/test-dir/MiniOzoneClusterImpl-961fece6-1daa-4ad6-854f-a9aa561cc73b/datanode-1/data/ratis/28492fdb-6aba-42de-acf1-8e01f1f58248: Starting segment from index:0
2019-09-04 12:53:33,459 [ae00c9ed-9554-4461-adef-868ea78ab386:group-8E01F1F58248:LeaderElection82] INFO  impl.RaftServerImpl (ServerState.java:setRaftConf(361)) - ae00c9ed-9554-4461-adef-868ea78ab386:group-8E01F1F58248 set configuration 0: [ae00c9ed-9554-4461-adef-868ea78ab386:192.168.157.199:41759], old=null at 0
2019-09-04 12:53:33,511 [ae00c9ed-9554-4461-adef-868ea78ab386-SegmentedRaftLogWorker:Storage Directory /workdir/hadoop-ozone/integration-test/target/test-dir/MiniOzoneClusterImpl-961fece6-1daa-4ad6-854f-a9aa561cc73b/datanode-1/data/ratis/28492fdb-6aba-42de-acf1-8e01f1f58248] INFO  segmented.SegmentedRaftLogWorker (SegmentedRaftLogWorker.java:execute(569)) - ae00c9ed-9554-4461-adef-868ea78ab386-SegmentedRaftLogWorker:Storage Directory /workdir/hadoop-ozone/integration-test/target/test-dir/MiniOzoneClusterImpl-961fece6-1daa-4ad6-854f-a9aa561cc73b/datanode-1/data/ratis/28492fdb-6aba-42de-acf1-8e01f1f58248: created new log segment /workdir/hadoop-ozone/integration-test/target/test-dir/MiniOzoneClusterImpl-961fece6-1daa-4ad6-854f-a9aa561cc73b/datanode-1/data/ratis/28492fdb-6aba-42de-acf1-8e01f1f58248/current/log_inprogress_0
2019-09-04 12:53:33,523 | INFO  | SCMAudit | user=jenkins1000 | ip=192.168.157.199 | op=SEND_HEARTBEAT {datanodeUUID=1db2284d-cc5a-4f9d-9b30-3a0b3bda8807, command=[]} | ret=SUCCESS |  
2019-09-04 12:53:33,600 | INFO  | SCMAudit | user=jenkins1000 | ip=192.168.157.199 | op=SEND_HEARTBEAT {datanodeUUID=f53fb59c-e327-439c-b24b-4e7cfa747c0b, command=[]} | ret=SUCCESS |  
2019-09-04 12:53:33,688 [Thread-4103] INFO  impl.FollowerState (FollowerState.java:run(106)) - 4b7cfae5-7895-4051-8e82-f472a7425180:group-FAC01D009044 changes to CANDIDATE, lastRpcTime:5041, electionTimeout:5041ms
2019-09-04 12:53:33,688 [Thread-4103] INFO  impl.RoleInfo (RoleInfo.java:shutdownFollowerState(121)) - 4b7cfae5-7895-4051-8e82-f472a7425180: shutdown FollowerState
2019-09-04 12:53:33,688 [Thread-4103] INFO  impl.RaftServerImpl (RaftServerImpl.java:setRole(171)) - 4b7cfae5-7895-4051-8e82-f472a7425180:group-FAC01D009044 changes role from FOLLOWER to CANDIDATE at term 0 for changeToCandidate
2019-09-04 12:53:33,688 [Thread-4103] INFO  impl.RoleInfo (RoleInfo.java:updateAndGet(143)) - 4b7cfae5-7895-4051-8e82-f472a7425180: start LeaderElection
2019-09-04 12:53:33,712 [4b7cfae5-7895-4051-8e82-f472a7425180:group-FAC01D009044:LeaderElection83] INFO  impl.LeaderElection (LeaderElection.java:askForVotes(181)) - 4b7cfae5-7895-4051-8e82-f472a7425180:group-FAC01D009044:LeaderElection83: begin an election at term 1 for -1: [ae00c9ed-9554-4461-adef-868ea78ab386:192.168.157.199:41759, 4b7cfae5-7895-4051-8e82-f472a7425180:192.168.157.199:34442, 1db2284d-cc5a-4f9d-9b30-3a0b3bda8807:192.168.157.199:41453], old=null
2019-09-04 12:53:33,719 [grpc-default-executor-3] INFO  impl.RaftServerImpl (RaftServerImpl.java:setRole(171)) - ae00c9ed-9554-4461-adef-868ea78ab386:group-FAC01D009044 changes role from FOLLOWER to FOLLOWER at term 1 for recognizeCandidate:4b7cfae5-7895-4051-8e82-f472a7425180
2019-09-04 12:53:33,720 [grpc-default-executor-3] INFO  impl.RoleInfo (RoleInfo.java:shutdownFollowerState(121)) - ae00c9ed-9554-4461-adef-868ea78ab386: shutdown FollowerState
2019-09-04 12:53:33,722 [grpc-default-executor-10] INFO  impl.RaftServerImpl (RaftServerImpl.java:setRole(171)) - 1db2284d-cc5a-4f9d-9b30-3a0b3bda8807:group-FAC01D009044 changes role from FOLLOWER to FOLLOWER at term 1 for recognizeCandidate:4b7cfae5-7895-4051-8e82-f472a7425180
2019-09-04 12:53:33,722 [grpc-default-executor-3] INFO  impl.RoleInfo (RoleInfo.java:updateAndGet(143)) - ae00c9ed-9554-4461-adef-868ea78ab386: start FollowerState
2019-09-04 12:53:33,723 [Thread-4108] INFO  impl.FollowerState (FollowerState.java:run(114)) - ae00c9ed-9554-4461-adef-868ea78ab386: FollowerState was interrupted: java.lang.InterruptedException: sleep interrupted
2019-09-04 12:53:33,723 [grpc-default-executor-10] INFO  impl.RoleInfo (RoleInfo.java:shutdownFollowerState(121)) - 1db2284d-cc5a-4f9d-9b30-3a0b3bda8807: shutdown FollowerState
2019-09-04 12:53:33,726 [grpc-default-executor-10] INFO  impl.RoleInfo (RoleInfo.java:updateAndGet(143)) - 1db2284d-cc5a-4f9d-9b30-3a0b3bda8807: start FollowerState
2019-09-04 12:53:33,726 [Thread-4107] INFO  impl.FollowerState (FollowerState.java:run(114)) - 1db2284d-cc5a-4f9d-9b30-3a0b3bda8807: FollowerState was interrupted: java.lang.InterruptedException: sleep interrupted
2019-09-04 12:53:33,745 [4b7cfae5-7895-4051-8e82-f472a7425180:group-FAC01D009044:LeaderElection83] INFO  impl.LeaderElection (LeaderElection.java:logAndReturn(56)) - 4b7cfae5-7895-4051-8e82-f472a7425180:group-FAC01D009044:LeaderElection83: Election PASSED; received 1 response(s) [4b7cfae5-7895-4051-8e82-f472a7425180<-ae00c9ed-9554-4461-adef-868ea78ab386#0:OK-t1] and 0 exception(s); 4b7cfae5-7895-4051-8e82-f472a7425180:t1, leader=null, voted=4b7cfae5-7895-4051-8e82-f472a7425180, raftlog=4b7cfae5-7895-4051-8e82-f472a7425180-SegmentedRaftLog:OPENED:c-1,f-1,i0, conf=-1: [ae00c9ed-9554-4461-adef-868ea78ab386:192.168.157.199:41759, 4b7cfae5-7895-4051-8e82-f472a7425180:192.168.157.199:34442, 1db2284d-cc5a-4f9d-9b30-3a0b3bda8807:192.168.157.199:41453], old=null
2019-09-04 12:53:33,745 [4b7cfae5-7895-4051-8e82-f472a7425180:group-FAC01D009044:LeaderElection83] INFO  impl.RoleInfo (RoleInfo.java:shutdownLeaderElection(134)) - 4b7cfae5-7895-4051-8e82-f472a7425180: shutdown LeaderElection
2019-09-04 12:53:33,745 [4b7cfae5-7895-4051-8e82-f472a7425180:group-FAC01D009044:LeaderElection83] INFO  impl.RaftServerImpl (RaftServerImpl.java:setRole(171)) - 4b7cfae5-7895-4051-8e82-f472a7425180:group-FAC01D009044 changes role from CANDIDATE to LEADER at term 1 for changeToLeader
2019-09-04 12:53:33,745 [4b7cfae5-7895-4051-8e82-f472a7425180:group-FAC01D009044:LeaderElection83] INFO  impl.RaftServerImpl (ServerState.java:setLeader(263)) - 4b7cfae5-7895-4051-8e82-f472a7425180:group-FAC01D009044 change Leader from null to 4b7cfae5-7895-4051-8e82-f472a7425180 at term 1 for becomeLeader, leader elected after 5107ms
2019-09-04 12:53:33,746 [4b7cfae5-7895-4051-8e82-f472a7425180:group-FAC01D009044:LeaderElection83] INFO  server.RaftServerConfigKeys (ConfUtils.java:logGet(43)) - raft.server.staging.catchup.gap = 1000 (default)
2019-09-04 12:53:33,746 [4b7cfae5-7895-4051-8e82-f472a7425180:group-FAC01D009044:LeaderElection83] INFO  server.RaftServerConfigKeys (ConfUtils.java:logGet(43)) - raft.server.rpc.sleep.time = 25ms (default)
2019-09-04 12:53:33,746 [4b7cfae5-7895-4051-8e82-f472a7425180:group-FAC01D009044:LeaderElection83] INFO  server.RaftServerConfigKeys (ConfUtils.java:logGet(43)) - raft.server.write.element-limit = 4096 (default)
2019-09-04 12:53:33,746 [4b7cfae5-7895-4051-8e82-f472a7425180:group-FAC01D009044:LeaderElection83] INFO  server.RaftServerConfigKeys (ConfUtils.java:logGet(43)) - raft.server.watch.timeout = 10s (default)
2019-09-04 12:53:33,746 [4b7cfae5-7895-4051-8e82-f472a7425180:group-FAC01D009044:LeaderElection83] INFO  server.RaftServerConfigKeys (ConfUtils.java:logGet(43)) - raft.server.watch.timeout.denomination = 1s (default)
2019-09-04 12:53:33,746 [4b7cfae5-7895-4051-8e82-f472a7425180:group-FAC01D009044:LeaderElection83] INFO  server.RaftServerConfigKeys (ConfUtils.java:logGet(43)) - raft.server.watch.element-limit = 65536 (default)
2019-09-04 12:53:33,747 [4b7cfae5-7895-4051-8e82-f472a7425180:group-FAC01D009044:LeaderElection83] INFO  server.RaftServerConfigKeys (ConfUtils.java:logGet(43)) - raft.server.log.appender.snapshot.chunk.size.max = 16MB (=16777216) (default)
2019-09-04 12:53:33,747 [4b7cfae5-7895-4051-8e82-f472a7425180:group-FAC01D009044:LeaderElection83] INFO  server.RaftServerConfigKeys (ConfUtils.java:logGet(43)) - raft.server.log.appender.buffer.byte-limit = 33554432 (custom)
2019-09-04 12:53:33,747 [4b7cfae5-7895-4051-8e82-f472a7425180:group-FAC01D009044:LeaderElection83] INFO  server.RaftServerConfigKeys (ConfUtils.java:logGet(43)) - raft.server.log.appender.buffer.element-limit = 1 (custom)
2019-09-04 12:53:33,748 [4b7cfae5-7895-4051-8e82-f472a7425180:group-FAC01D009044:LeaderElection83] INFO  grpc.GrpcConfigKeys$Server (ConfUtils.java:logGet(43)) - raft.grpc.server.leader.outstanding.appends.max = 128 (default)
2019-09-04 12:53:33,748 [4b7cfae5-7895-4051-8e82-f472a7425180:group-FAC01D009044:LeaderElection83] INFO  server.RaftServerConfigKeys (ConfUtils.java:logGet(43)) - raft.server.rpc.request.timeout = 3000ms (default)
2019-09-04 12:53:33,748 [4b7cfae5-7895-4051-8e82-f472a7425180:group-FAC01D009044:LeaderElection83] INFO  server.RaftServerConfigKeys (ConfUtils.java:logGet(43)) - raft.server.log.appender.install.snapshot.enabled = false (custom)
2019-09-04 12:53:33,748 [4b7cfae5-7895-4051-8e82-f472a7425180:group-FAC01D009044:LeaderElection83] INFO  server.RaftServerConfigKeys (ConfUtils.java:logGet(43)) - raft.server.log.appender.snapshot.chunk.size.max = 16MB (=16777216) (default)
2019-09-04 12:53:33,748 [4b7cfae5-7895-4051-8e82-f472a7425180:group-FAC01D009044:LeaderElection83] INFO  server.RaftServerConfigKeys (ConfUtils.java:logGet(43)) - raft.server.log.appender.buffer.byte-limit = 33554432 (custom)
2019-09-04 12:53:33,749 [4b7cfae5-7895-4051-8e82-f472a7425180:group-FAC01D009044:LeaderElection83] INFO  server.RaftServerConfigKeys (ConfUtils.java:logGet(43)) - raft.server.log.appender.buffer.element-limit = 1 (custom)
2019-09-04 12:53:33,749 [4b7cfae5-7895-4051-8e82-f472a7425180:group-FAC01D009044:LeaderElection83] INFO  grpc.GrpcConfigKeys$Server (ConfUtils.java:logGet(43)) - raft.grpc.server.leader.outstanding.appends.max = 128 (default)
2019-09-04 12:53:33,749 [4b7cfae5-7895-4051-8e82-f472a7425180:group-FAC01D009044:LeaderElection83] INFO  server.RaftServerConfigKeys (ConfUtils.java:logGet(43)) - raft.server.rpc.request.timeout = 3000ms (default)
2019-09-04 12:53:33,749 [Thread-4100] INFO  impl.FollowerState (FollowerState.java:run(106)) - 1db2284d-cc5a-4f9d-9b30-3a0b3bda8807:group-3543FF332737 changes to CANDIDATE, lastRpcTime:5184, electionTimeout:5184ms
2019-09-04 12:53:33,749 [4b7cfae5-7895-4051-8e82-f472a7425180:group-FAC01D009044:LeaderElection83] INFO  server.RaftServerConfigKeys (ConfUtils.java:logGet(43)) - raft.server.log.appender.install.snapshot.enabled = false (custom)
2019-09-04 12:53:33,749 [Thread-4100] INFO  impl.RoleInfo (RoleInfo.java:shutdownFollowerState(121)) - 1db2284d-cc5a-4f9d-9b30-3a0b3bda8807: shutdown FollowerState
2019-09-04 12:53:33,749 [4b7cfae5-7895-4051-8e82-f472a7425180:group-FAC01D009044:LeaderElection83] INFO  impl.RoleInfo (RoleInfo.java:updateAndGet(143)) - 4b7cfae5-7895-4051-8e82-f472a7425180: start LeaderState
2019-09-04 12:53:33,750 [Thread-4100] INFO  impl.RaftServerImpl (RaftServerImpl.java:setRole(171)) - 1db2284d-cc5a-4f9d-9b30-3a0b3bda8807:group-3543FF332737 changes role from FOLLOWER to CANDIDATE at term 0 for changeToCandidate
2019-09-04 12:53:33,750 [4b7cfae5-7895-4051-8e82-f472a7425180:group-FAC01D009044:LeaderElection83] INFO  segmented.SegmentedRaftLogWorker (SegmentedRaftLogWorker.java:startLogSegment(380)) - 4b7cfae5-7895-4051-8e82-f472a7425180-SegmentedRaftLogWorker:Storage Directory /workdir/hadoop-ozone/integration-test/target/test-dir/MiniOzoneClusterImpl-961fece6-1daa-4ad6-854f-a9aa561cc73b/datanode-0/data/ratis/d9a3b464-b7d1-421d-87d9-fac01d009044: Starting segment from index:0
2019-09-04 12:53:33,750 [Thread-4100] INFO  impl.RoleInfo (RoleInfo.java:updateAndGet(143)) - 1db2284d-cc5a-4f9d-9b30-3a0b3bda8807: start LeaderElection
2019-09-04 12:53:33,794 [4b7cfae5-7895-4051-8e82-f472a7425180:group-FAC01D009044:LeaderElection83] INFO  impl.RaftServerImpl (ServerState.java:setRaftConf(361)) - 4b7cfae5-7895-4051-8e82-f472a7425180:group-FAC01D009044 set configuration 0: [ae00c9ed-9554-4461-adef-868ea78ab386:192.168.157.199:41759, 4b7cfae5-7895-4051-8e82-f472a7425180:192.168.157.199:34442, 1db2284d-cc5a-4f9d-9b30-3a0b3bda8807:192.168.157.199:41453], old=null at 0
2019-09-04 12:53:33,795 | INFO  | SCMAudit | user=jenkins1000 | ip=192.168.157.199 | op=SEND_HEARTBEAT {datanodeUUID=1207c098-9d41-4144-a8e5-91613efa8ba6, command=[]} | ret=SUCCESS |  
2019-09-04 12:53:33,795 [grpc-default-executor-3] INFO  impl.RaftServerImpl (ServerState.java:setLeader(263)) - ae00c9ed-9554-4461-adef-868ea78ab386:group-FAC01D009044 change Leader from null to 4b7cfae5-7895-4051-8e82-f472a7425180 at term 1 for appendEntries, leader elected after 5157ms
2019-09-04 12:53:33,796 [grpc-default-executor-10] INFO  impl.RaftServerImpl (ServerState.java:setLeader(263)) - 1db2284d-cc5a-4f9d-9b30-3a0b3bda8807:group-FAC01D009044 change Leader from null to 4b7cfae5-7895-4051-8e82-f472a7425180 at term 1 for appendEntries, leader elected after 5156ms
2019-09-04 12:53:33,803 [grpc-default-executor-10] INFO  impl.RaftServerImpl (ServerState.java:setRaftConf(361)) - ae00c9ed-9554-4461-adef-868ea78ab386:group-FAC01D009044 set configuration 0: [ae00c9ed-9554-4461-adef-868ea78ab386:192.168.157.199:41759, 4b7cfae5-7895-4051-8e82-f472a7425180:192.168.157.199:34442, 1db2284d-cc5a-4f9d-9b30-3a0b3bda8807:192.168.157.199:41453], old=null at 0
2019-09-04 12:53:33,804 [grpc-default-executor-3] INFO  impl.RaftServerImpl (ServerState.java:setRaftConf(361)) - 1db2284d-cc5a-4f9d-9b30-3a0b3bda8807:group-FAC01D009044 set configuration 0: [ae00c9ed-9554-4461-adef-868ea78ab386:192.168.157.199:41759, 4b7cfae5-7895-4051-8e82-f472a7425180:192.168.157.199:34442, 1db2284d-cc5a-4f9d-9b30-3a0b3bda8807:192.168.157.199:41453], old=null at 0
2019-09-04 12:53:33,804 [grpc-default-executor-10] INFO  segmented.SegmentedRaftLogWorker (SegmentedRaftLogWorker.java:startLogSegment(380)) - ae00c9ed-9554-4461-adef-868ea78ab386-SegmentedRaftLogWorker:Storage Directory /workdir/hadoop-ozone/integration-test/target/test-dir/MiniOzoneClusterImpl-961fece6-1daa-4ad6-854f-a9aa561cc73b/datanode-1/data/ratis/d9a3b464-b7d1-421d-87d9-fac01d009044: Starting segment from index:0
2019-09-04 12:53:33,804 [grpc-default-executor-3] INFO  segmented.SegmentedRaftLogWorker (SegmentedRaftLogWorker.java:startLogSegment(380)) - 1db2284d-cc5a-4f9d-9b30-3a0b3bda8807-SegmentedRaftLogWorker:Storage Directory /workdir/hadoop-ozone/integration-test/target/test-dir/MiniOzoneClusterImpl-961fece6-1daa-4ad6-854f-a9aa561cc73b/datanode-2/data/ratis/d9a3b464-b7d1-421d-87d9-fac01d009044: Starting segment from index:0
2019-09-04 12:53:33,809 [4b7cfae5-7895-4051-8e82-f472a7425180-SegmentedRaftLogWorker:Storage Directory /workdir/hadoop-ozone/integration-test/target/test-dir/MiniOzoneClusterImpl-961fece6-1daa-4ad6-854f-a9aa561cc73b/datanode-0/data/ratis/d9a3b464-b7d1-421d-87d9-fac01d009044] INFO  segmented.SegmentedRaftLogWorker (SegmentedRaftLogWorker.java:execute(569)) - 4b7cfae5-7895-4051-8e82-f472a7425180-SegmentedRaftLogWorker:Storage Directory /workdir/hadoop-ozone/integration-test/target/test-dir/MiniOzoneClusterImpl-961fece6-1daa-4ad6-854f-a9aa561cc73b/datanode-0/data/ratis/d9a3b464-b7d1-421d-87d9-fac01d009044: created new log segment /workdir/hadoop-ozone/integration-test/target/test-dir/MiniOzoneClusterImpl-961fece6-1daa-4ad6-854f-a9aa561cc73b/datanode-0/data/ratis/d9a3b464-b7d1-421d-87d9-fac01d009044/current/log_inprogress_0
2019-09-04 12:53:33,809 [1db2284d-cc5a-4f9d-9b30-3a0b3bda8807:group-3543FF332737:LeaderElection84] INFO  impl.LeaderElection (LeaderElection.java:askForVotes(181)) - 1db2284d-cc5a-4f9d-9b30-3a0b3bda8807:group-3543FF332737:LeaderElection84: begin an election at term 1 for -1: [1db2284d-cc5a-4f9d-9b30-3a0b3bda8807:192.168.157.199:41453], old=null
2019-09-04 12:53:33,810 [1db2284d-cc5a-4f9d-9b30-3a0b3bda8807:group-3543FF332737:LeaderElection84] INFO  impl.RoleInfo (RoleInfo.java:shutdownLeaderElection(134)) - 1db2284d-cc5a-4f9d-9b30-3a0b3bda8807: shutdown LeaderElection
2019-09-04 12:53:33,810 [1db2284d-cc5a-4f9d-9b30-3a0b3bda8807:group-3543FF332737:LeaderElection84] INFO  impl.RaftServerImpl (RaftServerImpl.java:setRole(171)) - 1db2284d-cc5a-4f9d-9b30-3a0b3bda8807:group-3543FF332737 changes role from CANDIDATE to LEADER at term 1 for changeToLeader
2019-09-04 12:53:33,810 [1db2284d-cc5a-4f9d-9b30-3a0b3bda8807:group-3543FF332737:LeaderElection84] INFO  impl.RaftServerImpl (ServerState.java:setLeader(263)) - 1db2284d-cc5a-4f9d-9b30-3a0b3bda8807:group-3543FF332737 change Leader from null to 1db2284d-cc5a-4f9d-9b30-3a0b3bda8807 at term 1 for becomeLeader, leader elected after 5249ms
2019-09-04 12:53:33,810 [1db2284d-cc5a-4f9d-9b30-3a0b3bda8807:group-3543FF332737:LeaderElection84] INFO  server.RaftServerConfigKeys (ConfUtils.java:logGet(43)) - raft.server.staging.catchup.gap = 1000 (default)
2019-09-04 12:53:33,810 [1db2284d-cc5a-4f9d-9b30-3a0b3bda8807:group-3543FF332737:LeaderElection84] INFO  server.RaftServerConfigKeys (ConfUtils.java:logGet(43)) - raft.server.rpc.sleep.time = 25ms (default)
2019-09-04 12:53:33,810 [1db2284d-cc5a-4f9d-9b30-3a0b3bda8807:group-3543FF332737:LeaderElection84] INFO  server.RaftServerConfigKeys (ConfUtils.java:logGet(43)) - raft.server.write.element-limit = 4096 (default)
2019-09-04 12:53:33,810 [1db2284d-cc5a-4f9d-9b30-3a0b3bda8807:group-3543FF332737:LeaderElection84] INFO  server.RaftServerConfigKeys (ConfUtils.java:logGet(43)) - raft.server.watch.timeout = 10s (default)
2019-09-04 12:53:33,811 [1db2284d-cc5a-4f9d-9b30-3a0b3bda8807:group-3543FF332737:LeaderElection84] INFO  server.RaftServerConfigKeys (ConfUtils.java:logGet(43)) - raft.server.watch.timeout.denomination = 1s (default)
2019-09-04 12:53:33,811 [1db2284d-cc5a-4f9d-9b30-3a0b3bda8807:group-3543FF332737:LeaderElection84] INFO  server.RaftServerConfigKeys (ConfUtils.java:logGet(43)) - raft.server.watch.element-limit = 65536 (default)
2019-09-04 12:53:33,811 [1db2284d-cc5a-4f9d-9b30-3a0b3bda8807:group-3543FF332737:LeaderElection84] INFO  impl.RoleInfo (RoleInfo.java:updateAndGet(143)) - 1db2284d-cc5a-4f9d-9b30-3a0b3bda8807: start LeaderState
2019-09-04 12:53:33,811 [1db2284d-cc5a-4f9d-9b30-3a0b3bda8807:group-3543FF332737:LeaderElection84] INFO  segmented.SegmentedRaftLogWorker (SegmentedRaftLogWorker.java:startLogSegment(380)) - 1db2284d-cc5a-4f9d-9b30-3a0b3bda8807-SegmentedRaftLogWorker:Storage Directory /workdir/hadoop-ozone/integration-test/target/test-dir/MiniOzoneClusterImpl-961fece6-1daa-4ad6-854f-a9aa561cc73b/datanode-2/data/ratis/18a5b62d-9757-478f-9988-3543ff332737: Starting segment from index:0
2019-09-04 12:53:33,812 [1db2284d-cc5a-4f9d-9b30-3a0b3bda8807:group-3543FF332737:LeaderElection84] INFO  impl.RaftServerImpl (ServerState.java:setRaftConf(361)) - 1db2284d-cc5a-4f9d-9b30-3a0b3bda8807:group-3543FF332737 set configuration 0: [1db2284d-cc5a-4f9d-9b30-3a0b3bda8807:192.168.157.199:41453], old=null at 0
2019-09-04 12:53:33,856 [ae00c9ed-9554-4461-adef-868ea78ab386-SegmentedRaftLogWorker:Storage Directory /workdir/hadoop-ozone/integration-test/target/test-dir/MiniOzoneClusterImpl-961fece6-1daa-4ad6-854f-a9aa561cc73b/datanode-1/data/ratis/d9a3b464-b7d1-421d-87d9-fac01d009044] INFO  segmented.SegmentedRaftLogWorker (SegmentedRaftLogWorker.java:execute(569)) - ae00c9ed-9554-4461-adef-868ea78ab386-SegmentedRaftLogWorker:Storage Directory /workdir/hadoop-ozone/integration-test/target/test-dir/MiniOzoneClusterImpl-961fece6-1daa-4ad6-854f-a9aa561cc73b/datanode-1/data/ratis/d9a3b464-b7d1-421d-87d9-fac01d009044: created new log segment /workdir/hadoop-ozone/integration-test/target/test-dir/MiniOzoneClusterImpl-961fece6-1daa-4ad6-854f-a9aa561cc73b/datanode-1/data/ratis/d9a3b464-b7d1-421d-87d9-fac01d009044/current/log_inprogress_0
2019-09-04 12:53:33,856 [1db2284d-cc5a-4f9d-9b30-3a0b3bda8807-SegmentedRaftLogWorker:Storage Directory /workdir/hadoop-ozone/integration-test/target/test-dir/MiniOzoneClusterImpl-961fece6-1daa-4ad6-854f-a9aa561cc73b/datanode-2/data/ratis/18a5b62d-9757-478f-9988-3543ff332737] INFO  segmented.SegmentedRaftLogWorker (SegmentedRaftLogWorker.java:execute(569)) - 1db2284d-cc5a-4f9d-9b30-3a0b3bda8807-SegmentedRaftLogWorker:Storage Directory /workdir/hadoop-ozone/integration-test/target/test-dir/MiniOzoneClusterImpl-961fece6-1daa-4ad6-854f-a9aa561cc73b/datanode-2/data/ratis/18a5b62d-9757-478f-9988-3543ff332737: created new log segment /workdir/hadoop-ozone/integration-test/target/test-dir/MiniOzoneClusterImpl-961fece6-1daa-4ad6-854f-a9aa561cc73b/datanode-2/data/ratis/18a5b62d-9757-478f-9988-3543ff332737/current/log_inprogress_0
2019-09-04 12:53:33,856 [1db2284d-cc5a-4f9d-9b30-3a0b3bda8807-SegmentedRaftLogWorker:Storage Directory /workdir/hadoop-ozone/integration-test/target/test-dir/MiniOzoneClusterImpl-961fece6-1daa-4ad6-854f-a9aa561cc73b/datanode-2/data/ratis/d9a3b464-b7d1-421d-87d9-fac01d009044] INFO  segmented.SegmentedRaftLogWorker (SegmentedRaftLogWorker.java:execute(569)) - 1db2284d-cc5a-4f9d-9b30-3a0b3bda8807-SegmentedRaftLogWorker:Storage Directory /workdir/hadoop-ozone/integration-test/target/test-dir/MiniOzoneClusterImpl-961fece6-1daa-4ad6-854f-a9aa561cc73b/datanode-2/data/ratis/d9a3b464-b7d1-421d-87d9-fac01d009044: created new log segment /workdir/hadoop-ozone/integration-test/target/test-dir/MiniOzoneClusterImpl-961fece6-1daa-4ad6-854f-a9aa561cc73b/datanode-2/data/ratis/d9a3b464-b7d1-421d-87d9-fac01d009044/current/log_inprogress_0
2019-09-04 12:53:33,926 [grpc-default-executor-3] INFO  client.GrpcClientProtocolClient (GrpcClientProtocolClient.java:onNext(255)) - client-98BCB5C05BEA->39c9cf8b-fdae-416a-9cdb-d7cfa9f1a255: receive RaftClientReply:client-98BCB5C05BEA->39c9cf8b-fdae-416a-9cdb-d7cfa9f1a255@group-A913EA900D7E, cid=215, FAILED org.apache.ratis.protocol.NotLeaderException: Server 39c9cf8b-fdae-416a-9cdb-d7cfa9f1a255 is not the leader (null). Request must be sent to leader., logIndex=0, commits[39c9cf8b-fdae-416a-9cdb-d7cfa9f1a255:c-1]
2019-09-04 12:53:34,088 | INFO  | SCMAudit | user=jenkins1000 | ip=192.168.157.199 | op=SEND_HEARTBEAT {datanodeUUID=62db11bf-06c4-4bc0-b55c-ce874389853c, command=[]} | ret=SUCCESS |  
2019-09-04 12:53:34,134 | INFO  | SCMAudit | user=jenkins1000 | ip=192.168.157.199 | op=SEND_HEARTBEAT {datanodeUUID=4b7cfae5-7895-4051-8e82-f472a7425180, command=[]} | ret=SUCCESS |  
2019-09-04 12:53:34,274 [Thread-4115] INFO  impl.FollowerState (FollowerState.java:run(106)) - 62db11bf-06c4-4bc0-b55c-ce874389853c:group-80D15C3B7076 changes to CANDIDATE, lastRpcTime:5139, electionTimeout:5139ms
2019-09-04 12:53:34,274 [Thread-4115] INFO  impl.RoleInfo (RoleInfo.java:shutdownFollowerState(121)) - 62db11bf-06c4-4bc0-b55c-ce874389853c: shutdown FollowerState
2019-09-04 12:53:34,274 [Thread-4115] INFO  impl.RaftServerImpl (RaftServerImpl.java:setRole(171)) - 62db11bf-06c4-4bc0-b55c-ce874389853c:group-80D15C3B7076 changes role from FOLLOWER to CANDIDATE at term 0 for changeToCandidate
2019-09-04 12:53:34,274 [Thread-4115] INFO  impl.RoleInfo (RoleInfo.java:updateAndGet(143)) - 62db11bf-06c4-4bc0-b55c-ce874389853c: start LeaderElection
2019-09-04 12:53:34,309 [62db11bf-06c4-4bc0-b55c-ce874389853c:group-80D15C3B7076:LeaderElection85] INFO  impl.LeaderElection (LeaderElection.java:askForVotes(181)) - 62db11bf-06c4-4bc0-b55c-ce874389853c:group-80D15C3B7076:LeaderElection85: begin an election at term 1 for -1: [62db11bf-06c4-4bc0-b55c-ce874389853c:192.168.157.199:39889], old=null
2019-09-04 12:53:34,309 [62db11bf-06c4-4bc0-b55c-ce874389853c:group-80D15C3B7076:LeaderElection85] INFO  impl.RoleInfo (RoleInfo.java:shutdownLeaderElection(134)) - 62db11bf-06c4-4bc0-b55c-ce874389853c: shutdown LeaderElection
2019-09-04 12:53:34,309 [62db11bf-06c4-4bc0-b55c-ce874389853c:group-80D15C3B7076:LeaderElection85] INFO  impl.RaftServerImpl (RaftServerImpl.java:setRole(171)) - 62db11bf-06c4-4bc0-b55c-ce874389853c:group-80D15C3B7076 changes role from CANDIDATE to LEADER at term 1 for changeToLeader
2019-09-04 12:53:34,309 [62db11bf-06c4-4bc0-b55c-ce874389853c:group-80D15C3B7076:LeaderElection85] INFO  impl.RaftServerImpl (ServerState.java:setLeader(263)) - 62db11bf-06c4-4bc0-b55c-ce874389853c:group-80D15C3B7076 change Leader from null to 62db11bf-06c4-4bc0-b55c-ce874389853c at term 1 for becomeLeader, leader elected after 5179ms
2019-09-04 12:53:34,309 [62db11bf-06c4-4bc0-b55c-ce874389853c:group-80D15C3B7076:LeaderElection85] INFO  server.RaftServerConfigKeys (ConfUtils.java:logGet(43)) - raft.server.staging.catchup.gap = 1000 (default)
2019-09-04 12:53:34,310 [62db11bf-06c4-4bc0-b55c-ce874389853c:group-80D15C3B7076:LeaderElection85] INFO  server.RaftServerConfigKeys (ConfUtils.java:logGet(43)) - raft.server.rpc.sleep.time = 25ms (default)
2019-09-04 12:53:34,310 [62db11bf-06c4-4bc0-b55c-ce874389853c:group-80D15C3B7076:LeaderElection85] INFO  server.RaftServerConfigKeys (ConfUtils.java:logGet(43)) - raft.server.write.element-limit = 4096 (default)
2019-09-04 12:53:34,310 [62db11bf-06c4-4bc0-b55c-ce874389853c:group-80D15C3B7076:LeaderElection85] INFO  server.RaftServerConfigKeys (ConfUtils.java:logGet(43)) - raft.server.watch.timeout = 10s (default)
2019-09-04 12:53:34,310 [62db11bf-06c4-4bc0-b55c-ce874389853c:group-80D15C3B7076:LeaderElection85] INFO  server.RaftServerConfigKeys (ConfUtils.java:logGet(43)) - raft.server.watch.timeout.denomination = 1s (default)
2019-09-04 12:53:34,310 [62db11bf-06c4-4bc0-b55c-ce874389853c:group-80D15C3B7076:LeaderElection85] INFO  server.RaftServerConfigKeys (ConfUtils.java:logGet(43)) - raft.server.watch.element-limit = 65536 (default)
2019-09-04 12:53:34,310 [62db11bf-06c4-4bc0-b55c-ce874389853c:group-80D15C3B7076:LeaderElection85] INFO  impl.RoleInfo (RoleInfo.java:updateAndGet(143)) - 62db11bf-06c4-4bc0-b55c-ce874389853c: start LeaderState
2019-09-04 12:53:34,311 [62db11bf-06c4-4bc0-b55c-ce874389853c:group-80D15C3B7076:LeaderElection85] INFO  segmented.SegmentedRaftLogWorker (SegmentedRaftLogWorker.java:startLogSegment(380)) - 62db11bf-06c4-4bc0-b55c-ce874389853c-SegmentedRaftLogWorker:Storage Directory /workdir/hadoop-ozone/integration-test/target/test-dir/MiniOzoneClusterImpl-961fece6-1daa-4ad6-854f-a9aa561cc73b/datanode-3/data/ratis/7b8f7af0-5033-4b13-9bfa-80d15c3b7076: Starting segment from index:0
2019-09-04 12:53:34,311 [62db11bf-06c4-4bc0-b55c-ce874389853c:group-80D15C3B7076:LeaderElection85] INFO  impl.RaftServerImpl (ServerState.java:setRaftConf(361)) - 62db11bf-06c4-4bc0-b55c-ce874389853c:group-80D15C3B7076 set configuration 0: [62db11bf-06c4-4bc0-b55c-ce874389853c:192.168.157.199:39889], old=null at 0
2019-09-04 12:53:34,337 | INFO  | SCMAudit | user=jenkins1000 | ip=192.168.157.199 | op=SEND_HEARTBEAT {datanodeUUID=ae00c9ed-9554-4461-adef-868ea78ab386, command=[]} | ret=SUCCESS |  
2019-09-04 12:53:34,364 [62db11bf-06c4-4bc0-b55c-ce874389853c-SegmentedRaftLogWorker:Storage Directory /workdir/hadoop-ozone/integration-test/target/test-dir/MiniOzoneClusterImpl-961fece6-1daa-4ad6-854f-a9aa561cc73b/datanode-3/data/ratis/7b8f7af0-5033-4b13-9bfa-80d15c3b7076] INFO  segmented.SegmentedRaftLogWorker (SegmentedRaftLogWorker.java:execute(569)) - 62db11bf-06c4-4bc0-b55c-ce874389853c-SegmentedRaftLogWorker:Storage Directory /workdir/hadoop-ozone/integration-test/target/test-dir/MiniOzoneClusterImpl-961fece6-1daa-4ad6-854f-a9aa561cc73b/datanode-3/data/ratis/7b8f7af0-5033-4b13-9bfa-80d15c3b7076: created new log segment /workdir/hadoop-ozone/integration-test/target/test-dir/MiniOzoneClusterImpl-961fece6-1daa-4ad6-854f-a9aa561cc73b/datanode-3/data/ratis/7b8f7af0-5033-4b13-9bfa-80d15c3b7076/current/log_inprogress_0
2019-09-04 12:53:34,372 | INFO  | SCMAudit | user=jenkins1000 | ip=192.168.157.199 | op=SEND_HEARTBEAT {datanodeUUID=39c9cf8b-fdae-416a-9cdb-d7cfa9f1a255, command=[]} | ret=SUCCESS |  
2019-09-04 12:53:34,511 [Thread-4118] INFO  impl.FollowerState (FollowerState.java:run(106)) - 39c9cf8b-fdae-416a-9cdb-d7cfa9f1a255:group-E150FA7E258F changes to CANDIDATE, lastRpcTime:5056, electionTimeout:5056ms
2019-09-04 12:53:34,511 [Thread-4118] INFO  impl.RoleInfo (RoleInfo.java:shutdownFollowerState(121)) - 39c9cf8b-fdae-416a-9cdb-d7cfa9f1a255: shutdown FollowerState
2019-09-04 12:53:34,511 [Thread-4118] INFO  impl.RaftServerImpl (RaftServerImpl.java:setRole(171)) - 39c9cf8b-fdae-416a-9cdb-d7cfa9f1a255:group-E150FA7E258F changes role from FOLLOWER to CANDIDATE at term 0 for changeToCandidate
2019-09-04 12:53:34,511 [Thread-4118] INFO  impl.RoleInfo (RoleInfo.java:updateAndGet(143)) - 39c9cf8b-fdae-416a-9cdb-d7cfa9f1a255: start LeaderElection
2019-09-04 12:53:34,524 | INFO  | SCMAudit | user=jenkins1000 | ip=192.168.157.199 | op=SEND_HEARTBEAT {datanodeUUID=1db2284d-cc5a-4f9d-9b30-3a0b3bda8807, command=[]} | ret=SUCCESS |  
2019-09-04 12:53:34,533 [39c9cf8b-fdae-416a-9cdb-d7cfa9f1a255:group-E150FA7E258F:LeaderElection86] INFO  impl.LeaderElection (LeaderElection.java:askForVotes(181)) - 39c9cf8b-fdae-416a-9cdb-d7cfa9f1a255:group-E150FA7E258F:LeaderElection86: begin an election at term 1 for -1: [39c9cf8b-fdae-416a-9cdb-d7cfa9f1a255:192.168.157.199:34356], old=null
2019-09-04 12:53:34,533 [39c9cf8b-fdae-416a-9cdb-d7cfa9f1a255:group-E150FA7E258F:LeaderElection86] INFO  impl.RoleInfo (RoleInfo.java:shutdownLeaderElection(134)) - 39c9cf8b-fdae-416a-9cdb-d7cfa9f1a255: shutdown LeaderElection
2019-09-04 12:53:34,533 [39c9cf8b-fdae-416a-9cdb-d7cfa9f1a255:group-E150FA7E258F:LeaderElection86] INFO  impl.RaftServerImpl (RaftServerImpl.java:setRole(171)) - 39c9cf8b-fdae-416a-9cdb-d7cfa9f1a255:group-E150FA7E258F changes role from CANDIDATE to LEADER at term 1 for changeToLeader
2019-09-04 12:53:34,534 [39c9cf8b-fdae-416a-9cdb-d7cfa9f1a255:group-E150FA7E258F:LeaderElection86] INFO  impl.RaftServerImpl (ServerState.java:setLeader(263)) - 39c9cf8b-fdae-416a-9cdb-d7cfa9f1a255:group-E150FA7E258F change Leader from null to 39c9cf8b-fdae-416a-9cdb-d7cfa9f1a255 at term 1 for becomeLeader, leader elected after 5085ms
2019-09-04 12:53:34,534 [39c9cf8b-fdae-416a-9cdb-d7cfa9f1a255:group-E150FA7E258F:LeaderElection86] INFO  server.RaftServerConfigKeys (ConfUtils.java:logGet(43)) - raft.server.staging.catchup.gap = 1000 (default)
2019-09-04 12:53:34,534 [39c9cf8b-fdae-416a-9cdb-d7cfa9f1a255:group-E150FA7E258F:LeaderElection86] INFO  server.RaftServerConfigKeys (ConfUtils.java:logGet(43)) - raft.server.rpc.sleep.time = 25ms (default)
2019-09-04 12:53:34,534 [39c9cf8b-fdae-416a-9cdb-d7cfa9f1a255:group-E150FA7E258F:LeaderElection86] INFO  server.RaftServerConfigKeys (ConfUtils.java:logGet(43)) - raft.server.write.element-limit = 4096 (default)
2019-09-04 12:53:34,534 [39c9cf8b-fdae-416a-9cdb-d7cfa9f1a255:group-E150FA7E258F:LeaderElection86] INFO  server.RaftServerConfigKeys (ConfUtils.java:logGet(43)) - raft.server.watch.timeout = 10s (default)
2019-09-04 12:53:34,534 [39c9cf8b-fdae-416a-9cdb-d7cfa9f1a255:group-E150FA7E258F:LeaderElection86] INFO  server.RaftServerConfigKeys (ConfUtils.java:logGet(43)) - raft.server.watch.timeout.denomination = 1s (default)
2019-09-04 12:53:34,534 [39c9cf8b-fdae-416a-9cdb-d7cfa9f1a255:group-E150FA7E258F:LeaderElection86] INFO  server.RaftServerConfigKeys (ConfUtils.java:logGet(43)) - raft.server.watch.element-limit = 65536 (default)
2019-09-04 12:53:34,535 [39c9cf8b-fdae-416a-9cdb-d7cfa9f1a255:group-E150FA7E258F:LeaderElection86] INFO  impl.RoleInfo (RoleInfo.java:updateAndGet(143)) - 39c9cf8b-fdae-416a-9cdb-d7cfa9f1a255: start LeaderState
2019-09-04 12:53:34,535 [39c9cf8b-fdae-416a-9cdb-d7cfa9f1a255:group-E150FA7E258F:LeaderElection86] INFO  segmented.SegmentedRaftLogWorker (SegmentedRaftLogWorker.java:startLogSegment(380)) - 39c9cf8b-fdae-416a-9cdb-d7cfa9f1a255-SegmentedRaftLogWorker:Storage Directory /workdir/hadoop-ozone/integration-test/target/test-dir/MiniOzoneClusterImpl-961fece6-1daa-4ad6-854f-a9aa561cc73b/datanode-4/data/ratis/1d96c53a-4363-4734-8422-e150fa7e258f: Starting segment from index:0
2019-09-04 12:53:34,536 [39c9cf8b-fdae-416a-9cdb-d7cfa9f1a255:group-E150FA7E258F:LeaderElection86] INFO  impl.RaftServerImpl (ServerState.java:setRaftConf(361)) - 39c9cf8b-fdae-416a-9cdb-d7cfa9f1a255:group-E150FA7E258F set configuration 0: [39c9cf8b-fdae-416a-9cdb-d7cfa9f1a255:192.168.157.199:34356], old=null at 0
2019-09-04 12:53:34,584 [39c9cf8b-fdae-416a-9cdb-d7cfa9f1a255-SegmentedRaftLogWorker:Storage Directory /workdir/hadoop-ozone/integration-test/target/test-dir/MiniOzoneClusterImpl-961fece6-1daa-4ad6-854f-a9aa561cc73b/datanode-4/data/ratis/1d96c53a-4363-4734-8422-e150fa7e258f] INFO  segmented.SegmentedRaftLogWorker (SegmentedRaftLogWorker.java:execute(569)) - 39c9cf8b-fdae-416a-9cdb-d7cfa9f1a255-SegmentedRaftLogWorker:Storage Directory /workdir/hadoop-ozone/integration-test/target/test-dir/MiniOzoneClusterImpl-961fece6-1daa-4ad6-854f-a9aa561cc73b/datanode-4/data/ratis/1d96c53a-4363-4734-8422-e150fa7e258f: created new log segment /workdir/hadoop-ozone/integration-test/target/test-dir/MiniOzoneClusterImpl-961fece6-1daa-4ad6-854f-a9aa561cc73b/datanode-4/data/ratis/1d96c53a-4363-4734-8422-e150fa7e258f/current/log_inprogress_0
2019-09-04 12:53:34,600 | INFO  | SCMAudit | user=jenkins1000 | ip=192.168.157.199 | op=SEND_HEARTBEAT {datanodeUUID=f53fb59c-e327-439c-b24b-4e7cfa747c0b, command=[]} | ret=SUCCESS |  
2019-09-04 12:53:34,764 [Thread-4128] INFO  impl.FollowerState (FollowerState.java:run(106)) - f53fb59c-e327-439c-b24b-4e7cfa747c0b:group-A913EA900D7E changes to CANDIDATE, lastRpcTime:5017, electionTimeout:5017ms
2019-09-04 12:53:34,765 [Thread-4128] INFO  impl.RoleInfo (RoleInfo.java:shutdownFollowerState(121)) - f53fb59c-e327-439c-b24b-4e7cfa747c0b: shutdown FollowerState
2019-09-04 12:53:34,765 [Thread-4128] INFO  impl.RaftServerImpl (RaftServerImpl.java:setRole(171)) - f53fb59c-e327-439c-b24b-4e7cfa747c0b:group-A913EA900D7E changes role from FOLLOWER to CANDIDATE at term 0 for changeToCandidate
2019-09-04 12:53:34,765 [Thread-4128] INFO  impl.RoleInfo (RoleInfo.java:updateAndGet(143)) - f53fb59c-e327-439c-b24b-4e7cfa747c0b: start LeaderElection
2019-09-04 12:53:34,785 [f53fb59c-e327-439c-b24b-4e7cfa747c0b:group-A913EA900D7E:LeaderElection87] INFO  impl.LeaderElection (LeaderElection.java:askForVotes(181)) - f53fb59c-e327-439c-b24b-4e7cfa747c0b:group-A913EA900D7E:LeaderElection87: begin an election at term 1 for -1: [f53fb59c-e327-439c-b24b-4e7cfa747c0b:192.168.157.199:45236, 62db11bf-06c4-4bc0-b55c-ce874389853c:192.168.157.199:39889, 39c9cf8b-fdae-416a-9cdb-d7cfa9f1a255:192.168.157.199:34356], old=null
2019-09-04 12:53:34,793 [grpc-default-executor-10] INFO  impl.RaftServerImpl (RaftServerImpl.java:setRole(171)) - 39c9cf8b-fdae-416a-9cdb-d7cfa9f1a255:group-A913EA900D7E changes role from FOLLOWER to FOLLOWER at term 1 for recognizeCandidate:f53fb59c-e327-439c-b24b-4e7cfa747c0b
2019-09-04 12:53:34,793 [grpc-default-executor-10] INFO  impl.RoleInfo (RoleInfo.java:shutdownFollowerState(121)) - 39c9cf8b-fdae-416a-9cdb-d7cfa9f1a255: shutdown FollowerState
2019-09-04 12:53:34,795 [grpc-default-executor-8] INFO  impl.RaftServerImpl (RaftServerImpl.java:setRole(171)) - 62db11bf-06c4-4bc0-b55c-ce874389853c:group-A913EA900D7E changes role from FOLLOWER to FOLLOWER at term 1 for recognizeCandidate:f53fb59c-e327-439c-b24b-4e7cfa747c0b
2019-09-04 12:53:34,796 [Thread-4129] INFO  impl.FollowerState (FollowerState.java:run(114)) - 39c9cf8b-fdae-416a-9cdb-d7cfa9f1a255: FollowerState was interrupted: java.lang.InterruptedException: sleep interrupted
2019-09-04 12:53:34,796 [grpc-default-executor-10] INFO  impl.RoleInfo (RoleInfo.java:updateAndGet(143)) - 39c9cf8b-fdae-416a-9cdb-d7cfa9f1a255: start FollowerState
2019-09-04 12:53:34,799 | INFO  | SCMAudit | user=jenkins1000 | ip=192.168.157.199 | op=SEND_HEARTBEAT {datanodeUUID=1207c098-9d41-4144-a8e5-91613efa8ba6, command=[]} | ret=SUCCESS |  
2019-09-04 12:53:34,796 [grpc-default-executor-8] INFO  impl.RoleInfo (RoleInfo.java:shutdownFollowerState(121)) - 62db11bf-06c4-4bc0-b55c-ce874389853c: shutdown FollowerState
2019-09-04 12:53:34,799 [grpc-default-executor-8] INFO  impl.RoleInfo (RoleInfo.java:updateAndGet(143)) - 62db11bf-06c4-4bc0-b55c-ce874389853c: start FollowerState
2019-09-04 12:53:34,799 [Thread-4124] INFO  impl.FollowerState (FollowerState.java:run(114)) - 62db11bf-06c4-4bc0-b55c-ce874389853c: FollowerState was interrupted: java.lang.InterruptedException: sleep interrupted
2019-09-04 12:53:34,832 [Thread-4121] INFO  impl.FollowerState (FollowerState.java:run(106)) - f53fb59c-e327-439c-b24b-4e7cfa747c0b:group-FBBD6830091D changes to CANDIDATE, lastRpcTime:5168, electionTimeout:5164ms
2019-09-04 12:53:34,832 [Thread-4121] INFO  impl.RoleInfo (RoleInfo.java:shutdownFollowerState(121)) - f53fb59c-e327-439c-b24b-4e7cfa747c0b: shutdown FollowerState
2019-09-04 12:53:34,833 [Thread-4121] INFO  impl.RaftServerImpl (RaftServerImpl.java:setRole(171)) - f53fb59c-e327-439c-b24b-4e7cfa747c0b:group-FBBD6830091D changes role from FOLLOWER to CANDIDATE at term 0 for changeToCandidate
2019-09-04 12:53:34,833 [Thread-4121] INFO  impl.RoleInfo (RoleInfo.java:updateAndGet(143)) - f53fb59c-e327-439c-b24b-4e7cfa747c0b: start LeaderElection
2019-09-04 12:53:34,833 [f53fb59c-e327-439c-b24b-4e7cfa747c0b:group-A913EA900D7E:LeaderElection87] INFO  impl.LeaderElection (LeaderElection.java:logAndReturn(56)) - f53fb59c-e327-439c-b24b-4e7cfa747c0b:group-A913EA900D7E:LeaderElection87: Election PASSED; received 1 response(s) [f53fb59c-e327-439c-b24b-4e7cfa747c0b<-39c9cf8b-fdae-416a-9cdb-d7cfa9f1a255#0:OK-t1] and 0 exception(s); f53fb59c-e327-439c-b24b-4e7cfa747c0b:t1, leader=null, voted=f53fb59c-e327-439c-b24b-4e7cfa747c0b, raftlog=f53fb59c-e327-439c-b24b-4e7cfa747c0b-SegmentedRaftLog:OPENED:c-1,f-1,i0, conf=-1: [f53fb59c-e327-439c-b24b-4e7cfa747c0b:192.168.157.199:45236, 62db11bf-06c4-4bc0-b55c-ce874389853c:192.168.157.199:39889, 39c9cf8b-fdae-416a-9cdb-d7cfa9f1a255:192.168.157.199:34356], old=null
2019-09-04 12:53:34,833 [f53fb59c-e327-439c-b24b-4e7cfa747c0b:group-A913EA900D7E:LeaderElection87] INFO  impl.RoleInfo (RoleInfo.java:shutdownLeaderElection(134)) - f53fb59c-e327-439c-b24b-4e7cfa747c0b: shutdown LeaderElection
2019-09-04 12:53:34,836 [f53fb59c-e327-439c-b24b-4e7cfa747c0b:group-A913EA900D7E:LeaderElection87] INFO  impl.RaftServerImpl (RaftServerImpl.java:setRole(171)) - f53fb59c-e327-439c-b24b-4e7cfa747c0b:group-A913EA900D7E changes role from CANDIDATE to LEADER at term 1 for changeToLeader
2019-09-04 12:53:34,840 [f53fb59c-e327-439c-b24b-4e7cfa747c0b:group-A913EA900D7E:LeaderElection87] INFO  impl.RaftServerImpl (ServerState.java:setLeader(263)) - f53fb59c-e327-439c-b24b-4e7cfa747c0b:group-A913EA900D7E change Leader from null to f53fb59c-e327-439c-b24b-4e7cfa747c0b at term 1 for becomeLeader, leader elected after 5106ms
2019-09-04 12:53:34,840 [f53fb59c-e327-439c-b24b-4e7cfa747c0b:group-A913EA900D7E:LeaderElection87] INFO  server.RaftServerConfigKeys (ConfUtils.java:logGet(43)) - raft.server.staging.catchup.gap = 1000 (default)
2019-09-04 12:53:34,841 [f53fb59c-e327-439c-b24b-4e7cfa747c0b:group-A913EA900D7E:LeaderElection87] INFO  server.RaftServerConfigKeys (ConfUtils.java:logGet(43)) - raft.server.rpc.sleep.time = 25ms (default)
2019-09-04 12:53:34,841 [f53fb59c-e327-439c-b24b-4e7cfa747c0b:group-A913EA900D7E:LeaderElection87] INFO  server.RaftServerConfigKeys (ConfUtils.java:logGet(43)) - raft.server.write.element-limit = 4096 (default)
2019-09-04 12:53:34,841 [f53fb59c-e327-439c-b24b-4e7cfa747c0b:group-A913EA900D7E:LeaderElection87] INFO  server.RaftServerConfigKeys (ConfUtils.java:logGet(43)) - raft.server.watch.timeout = 10s (default)
2019-09-04 12:53:34,841 [f53fb59c-e327-439c-b24b-4e7cfa747c0b:group-A913EA900D7E:LeaderElection87] INFO  server.RaftServerConfigKeys (ConfUtils.java:logGet(43)) - raft.server.watch.timeout.denomination = 1s (default)
2019-09-04 12:53:34,841 [f53fb59c-e327-439c-b24b-4e7cfa747c0b:group-A913EA900D7E:LeaderElection87] INFO  server.RaftServerConfigKeys (ConfUtils.java:logGet(43)) - raft.server.watch.element-limit = 65536 (default)
2019-09-04 12:53:34,842 [f53fb59c-e327-439c-b24b-4e7cfa747c0b:group-A913EA900D7E:LeaderElection87] INFO  server.RaftServerConfigKeys (ConfUtils.java:logGet(43)) - raft.server.log.appender.snapshot.chunk.size.max = 16MB (=16777216) (default)
2019-09-04 12:53:34,842 [f53fb59c-e327-439c-b24b-4e7cfa747c0b:group-A913EA900D7E:LeaderElection87] INFO  server.RaftServerConfigKeys (ConfUtils.java:logGet(43)) - raft.server.log.appender.buffer.byte-limit = 33554432 (custom)
2019-09-04 12:53:34,842 [f53fb59c-e327-439c-b24b-4e7cfa747c0b:group-A913EA900D7E:LeaderElection87] INFO  server.RaftServerConfigKeys (ConfUtils.java:logGet(43)) - raft.server.log.appender.buffer.element-limit = 1 (custom)
2019-09-04 12:53:34,842 [f53fb59c-e327-439c-b24b-4e7cfa747c0b:group-A913EA900D7E:LeaderElection87] INFO  grpc.GrpcConfigKeys$Server (ConfUtils.java:logGet(43)) - raft.grpc.server.leader.outstanding.appends.max = 128 (default)
2019-09-04 12:53:34,843 [f53fb59c-e327-439c-b24b-4e7cfa747c0b:group-A913EA900D7E:LeaderElection87] INFO  server.RaftServerConfigKeys (ConfUtils.java:logGet(43)) - raft.server.rpc.request.timeout = 3000ms (default)
2019-09-04 12:53:34,843 [f53fb59c-e327-439c-b24b-4e7cfa747c0b:group-A913EA900D7E:LeaderElection87] INFO  server.RaftServerConfigKeys (ConfUtils.java:logGet(43)) - raft.server.log.appender.install.snapshot.enabled = false (custom)
2019-09-04 12:53:34,843 [f53fb59c-e327-439c-b24b-4e7cfa747c0b:group-A913EA900D7E:LeaderElection87] INFO  server.RaftServerConfigKeys (ConfUtils.java:logGet(43)) - raft.server.log.appender.snapshot.chunk.size.max = 16MB (=16777216) (default)
2019-09-04 12:53:34,843 [f53fb59c-e327-439c-b24b-4e7cfa747c0b:group-A913EA900D7E:LeaderElection87] INFO  server.RaftServerConfigKeys (ConfUtils.java:logGet(43)) - raft.server.log.appender.buffer.byte-limit = 33554432 (custom)
2019-09-04 12:53:34,843 [f53fb59c-e327-439c-b24b-4e7cfa747c0b:group-A913EA900D7E:LeaderElection87] INFO  server.RaftServerConfigKeys (ConfUtils.java:logGet(43)) - raft.server.log.appender.buffer.element-limit = 1 (custom)
2019-09-04 12:53:34,844 [f53fb59c-e327-439c-b24b-4e7cfa747c0b:group-A913EA900D7E:LeaderElection87] INFO  grpc.GrpcConfigKeys$Server (ConfUtils.java:logGet(43)) - raft.grpc.server.leader.outstanding.appends.max = 128 (default)
2019-09-04 12:53:34,844 [f53fb59c-e327-439c-b24b-4e7cfa747c0b:group-A913EA900D7E:LeaderElection87] INFO  server.RaftServerConfigKeys (ConfUtils.java:logGet(43)) - raft.server.rpc.request.timeout = 3000ms (default)
2019-09-04 12:53:34,844 [f53fb59c-e327-439c-b24b-4e7cfa747c0b:group-A913EA900D7E:LeaderElection87] INFO  server.RaftServerConfigKeys (ConfUtils.java:logGet(43)) - raft.server.log.appender.install.snapshot.enabled = false (custom)
2019-09-04 12:53:34,844 [f53fb59c-e327-439c-b24b-4e7cfa747c0b:group-A913EA900D7E:LeaderElection87] INFO  impl.RoleInfo (RoleInfo.java:updateAndGet(143)) - f53fb59c-e327-439c-b24b-4e7cfa747c0b: start LeaderState
2019-09-04 12:53:34,844 [f53fb59c-e327-439c-b24b-4e7cfa747c0b:group-A913EA900D7E:LeaderElection87] INFO  segmented.SegmentedRaftLogWorker (SegmentedRaftLogWorker.java:startLogSegment(380)) - f53fb59c-e327-439c-b24b-4e7cfa747c0b-SegmentedRaftLogWorker:Storage Directory /workdir/hadoop-ozone/integration-test/target/test-dir/MiniOzoneClusterImpl-961fece6-1daa-4ad6-854f-a9aa561cc73b/datanode-5/data/ratis/bd0f60c6-f74b-4330-8a0c-a913ea900d7e: Starting segment from index:0
2019-09-04 12:53:34,846 [f53fb59c-e327-439c-b24b-4e7cfa747c0b:group-A913EA900D7E:LeaderElection87] INFO  impl.RaftServerImpl (ServerState.java:setRaftConf(361)) - f53fb59c-e327-439c-b24b-4e7cfa747c0b:group-A913EA900D7E set configuration 0: [f53fb59c-e327-439c-b24b-4e7cfa747c0b:192.168.157.199:45236, 62db11bf-06c4-4bc0-b55c-ce874389853c:192.168.157.199:39889, 39c9cf8b-fdae-416a-9cdb-d7cfa9f1a255:192.168.157.199:34356], old=null at 0
2019-09-04 12:53:34,847 [grpc-default-executor-8] INFO  impl.RaftServerImpl (ServerState.java:setLeader(263)) - 62db11bf-06c4-4bc0-b55c-ce874389853c:group-A913EA900D7E change Leader from null to f53fb59c-e327-439c-b24b-4e7cfa747c0b at term 1 for appendEntries, leader elected after 5113ms
2019-09-04 12:53:34,894 [f53fb59c-e327-439c-b24b-4e7cfa747c0b:group-FBBD6830091D:LeaderElection88] INFO  impl.LeaderElection (LeaderElection.java:askForVotes(181)) - f53fb59c-e327-439c-b24b-4e7cfa747c0b:group-FBBD6830091D:LeaderElection88: begin an election at term 1 for -1: [f53fb59c-e327-439c-b24b-4e7cfa747c0b:192.168.157.199:45236], old=null
2019-09-04 12:53:34,894 [f53fb59c-e327-439c-b24b-4e7cfa747c0b:group-FBBD6830091D:LeaderElection88] INFO  impl.RoleInfo (RoleInfo.java:shutdownLeaderElection(134)) - f53fb59c-e327-439c-b24b-4e7cfa747c0b: shutdown LeaderElection
2019-09-04 12:53:34,894 [f53fb59c-e327-439c-b24b-4e7cfa747c0b:group-FBBD6830091D:LeaderElection88] INFO  impl.RaftServerImpl (RaftServerImpl.java:setRole(171)) - f53fb59c-e327-439c-b24b-4e7cfa747c0b:group-FBBD6830091D changes role from CANDIDATE to LEADER at term 1 for changeToLeader
2019-09-04 12:53:34,894 [f53fb59c-e327-439c-b24b-4e7cfa747c0b:group-FBBD6830091D:LeaderElection88] INFO  impl.RaftServerImpl (ServerState.java:setLeader(263)) - f53fb59c-e327-439c-b24b-4e7cfa747c0b:group-FBBD6830091D change Leader from null to f53fb59c-e327-439c-b24b-4e7cfa747c0b at term 1 for becomeLeader, leader elected after 5234ms
2019-09-04 12:53:34,898 [grpc-default-executor-8] INFO  impl.RaftServerImpl (ServerState.java:setLeader(263)) - 39c9cf8b-fdae-416a-9cdb-d7cfa9f1a255:group-A913EA900D7E change Leader from null to f53fb59c-e327-439c-b24b-4e7cfa747c0b at term 1 for appendEntries, leader elected after 5164ms
2019-09-04 12:53:34,899 [f53fb59c-e327-439c-b24b-4e7cfa747c0b:group-FBBD6830091D:LeaderElection88] INFO  server.RaftServerConfigKeys (ConfUtils.java:logGet(43)) - raft.server.staging.catchup.gap = 1000 (default)
2019-09-04 12:53:34,899 [f53fb59c-e327-439c-b24b-4e7cfa747c0b:group-FBBD6830091D:LeaderElection88] INFO  server.RaftServerConfigKeys (ConfUtils.java:logGet(43)) - raft.server.rpc.sleep.time = 25ms (default)
2019-09-04 12:53:34,899 [grpc-default-executor-10] INFO  impl.RaftServerImpl (ServerState.java:setRaftConf(361)) - 62db11bf-06c4-4bc0-b55c-ce874389853c:group-A913EA900D7E set configuration 0: [f53fb59c-e327-439c-b24b-4e7cfa747c0b:192.168.157.199:45236, 62db11bf-06c4-4bc0-b55c-ce874389853c:192.168.157.199:39889, 39c9cf8b-fdae-416a-9cdb-d7cfa9f1a255:192.168.157.199:34356], old=null at 0
2019-09-04 12:53:34,899 [f53fb59c-e327-439c-b24b-4e7cfa747c0b:group-FBBD6830091D:LeaderElection88] INFO  server.RaftServerConfigKeys (ConfUtils.java:logGet(43)) - raft.server.write.element-limit = 4096 (default)
2019-09-04 12:53:34,900 [grpc-default-executor-10] INFO  segmented.SegmentedRaftLogWorker (SegmentedRaftLogWorker.java:startLogSegment(380)) - 62db11bf-06c4-4bc0-b55c-ce874389853c-SegmentedRaftLogWorker:Storage Directory /workdir/hadoop-ozone/integration-test/target/test-dir/MiniOzoneClusterImpl-961fece6-1daa-4ad6-854f-a9aa561cc73b/datanode-3/data/ratis/bd0f60c6-f74b-4330-8a0c-a913ea900d7e: Starting segment from index:0
2019-09-04 12:53:34,900 [f53fb59c-e327-439c-b24b-4e7cfa747c0b:group-FBBD6830091D:LeaderElection88] INFO  server.RaftServerConfigKeys (ConfUtils.java:logGet(43)) - raft.server.watch.timeout = 10s (default)
2019-09-04 12:53:34,900 [f53fb59c-e327-439c-b24b-4e7cfa747c0b:group-FBBD6830091D:LeaderElection88] INFO  server.RaftServerConfigKeys (ConfUtils.java:logGet(43)) - raft.server.watch.timeout.denomination = 1s (default)
2019-09-04 12:53:34,900 [f53fb59c-e327-439c-b24b-4e7cfa747c0b:group-FBBD6830091D:LeaderElection88] INFO  server.RaftServerConfigKeys (ConfUtils.java:logGet(43)) - raft.server.watch.element-limit = 65536 (default)
2019-09-04 12:53:34,901 [grpc-default-executor-10] INFO  impl.RaftServerImpl (ServerState.java:setRaftConf(361)) - 39c9cf8b-fdae-416a-9cdb-d7cfa9f1a255:group-A913EA900D7E set configuration 0: [f53fb59c-e327-439c-b24b-4e7cfa747c0b:192.168.157.199:45236, 62db11bf-06c4-4bc0-b55c-ce874389853c:192.168.157.199:39889, 39c9cf8b-fdae-416a-9cdb-d7cfa9f1a255:192.168.157.199:34356], old=null at 0
2019-09-04 12:53:34,901 [f53fb59c-e327-439c-b24b-4e7cfa747c0b:group-FBBD6830091D:LeaderElection88] INFO  impl.RoleInfo (RoleInfo.java:updateAndGet(143)) - f53fb59c-e327-439c-b24b-4e7cfa747c0b: start LeaderState
2019-09-04 12:53:34,901 [grpc-default-executor-10] INFO  segmented.SegmentedRaftLogWorker (SegmentedRaftLogWorker.java:startLogSegment(380)) - 39c9cf8b-fdae-416a-9cdb-d7cfa9f1a255-SegmentedRaftLogWorker:Storage Directory /workdir/hadoop-ozone/integration-test/target/test-dir/MiniOzoneClusterImpl-961fece6-1daa-4ad6-854f-a9aa561cc73b/datanode-4/data/ratis/bd0f60c6-f74b-4330-8a0c-a913ea900d7e: Starting segment from index:0
2019-09-04 12:53:34,901 [f53fb59c-e327-439c-b24b-4e7cfa747c0b:group-FBBD6830091D:LeaderElection88] INFO  segmented.SegmentedRaftLogWorker (SegmentedRaftLogWorker.java:startLogSegment(380)) - f53fb59c-e327-439c-b24b-4e7cfa747c0b-SegmentedRaftLogWorker:Storage Directory /workdir/hadoop-ozone/integration-test/target/test-dir/MiniOzoneClusterImpl-961fece6-1daa-4ad6-854f-a9aa561cc73b/datanode-5/data/ratis/6274601d-1121-4421-8fd2-fbbd6830091d: Starting segment from index:0
2019-09-04 12:53:34,902 [f53fb59c-e327-439c-b24b-4e7cfa747c0b:group-FBBD6830091D:LeaderElection88] INFO  impl.RaftServerImpl (ServerState.java:setRaftConf(361)) - f53fb59c-e327-439c-b24b-4e7cfa747c0b:group-FBBD6830091D set configuration 0: [f53fb59c-e327-439c-b24b-4e7cfa747c0b:192.168.157.199:45236], old=null at 0
2019-09-04 12:53:34,905 [f53fb59c-e327-439c-b24b-4e7cfa747c0b-SegmentedRaftLogWorker:Storage Directory /workdir/hadoop-ozone/integration-test/target/test-dir/MiniOzoneClusterImpl-961fece6-1daa-4ad6-854f-a9aa561cc73b/datanode-5/data/ratis/bd0f60c6-f74b-4330-8a0c-a913ea900d7e] INFO  segmented.SegmentedRaftLogWorker (SegmentedRaftLogWorker.java:execute(569)) - f53fb59c-e327-439c-b24b-4e7cfa747c0b-SegmentedRaftLogWorker:Storage Directory /workdir/hadoop-ozone/integration-test/target/test-dir/MiniOzoneClusterImpl-961fece6-1daa-4ad6-854f-a9aa561cc73b/datanode-5/data/ratis/bd0f60c6-f74b-4330-8a0c-a913ea900d7e: created new log segment /workdir/hadoop-ozone/integration-test/target/test-dir/MiniOzoneClusterImpl-961fece6-1daa-4ad6-854f-a9aa561cc73b/datanode-5/data/ratis/bd0f60c6-f74b-4330-8a0c-a913ea900d7e/current/log_inprogress_0
2019-09-04 12:53:34,945 [Thread-4133] INFO  impl.FollowerState (FollowerState.java:run(106)) - 1207c098-9d41-4144-a8e5-91613efa8ba6:group-0014986C52B2 changes to CANDIDATE, lastRpcTime:5115, electionTimeout:5111ms
2019-09-04 12:53:34,945 [Thread-4133] INFO  impl.RoleInfo (RoleInfo.java:shutdownFollowerState(121)) - 1207c098-9d41-4144-a8e5-91613efa8ba6: shutdown FollowerState
2019-09-04 12:53:34,946 [Thread-4133] INFO  impl.RaftServerImpl (RaftServerImpl.java:setRole(171)) - 1207c098-9d41-4144-a8e5-91613efa8ba6:group-0014986C52B2 changes role from FOLLOWER to CANDIDATE at term 0 for changeToCandidate
2019-09-04 12:53:34,948 [Thread-4133] INFO  impl.RoleInfo (RoleInfo.java:updateAndGet(143)) - 1207c098-9d41-4144-a8e5-91613efa8ba6: start LeaderElection
2019-09-04 12:53:34,957 [grpc-default-executor-10] INFO  client.GrpcClientProtocolClient (GrpcClientProtocolClient.java:onNext(255)) - client-98BCB5C05BEA->62db11bf-06c4-4bc0-b55c-ce874389853c: receive RaftClientReply:client-98BCB5C05BEA->62db11bf-06c4-4bc0-b55c-ce874389853c@group-A913EA900D7E, cid=215, FAILED org.apache.ratis.protocol.NotLeaderException: Server 62db11bf-06c4-4bc0-b55c-ce874389853c is not the leader (f53fb59c-e327-439c-b24b-4e7cfa747c0b:192.168.157.199:45236). Request must be sent to leader., logIndex=0, commits[62db11bf-06c4-4bc0-b55c-ce874389853c:c-1, f53fb59c-e327-439c-b24b-4e7cfa747c0b:c-1, 39c9cf8b-fdae-416a-9cdb-d7cfa9f1a255:c-1]
2019-09-04 12:53:34,961 [f53fb59c-e327-439c-b24b-4e7cfa747c0b-SegmentedRaftLogWorker:Storage Directory /workdir/hadoop-ozone/integration-test/target/test-dir/MiniOzoneClusterImpl-961fece6-1daa-4ad6-854f-a9aa561cc73b/datanode-5/data/ratis/6274601d-1121-4421-8fd2-fbbd6830091d] INFO  segmented.SegmentedRaftLogWorker (SegmentedRaftLogWorker.java:execute(569)) - f53fb59c-e327-439c-b24b-4e7cfa747c0b-SegmentedRaftLogWorker:Storage Directory /workdir/hadoop-ozone/integration-test/target/test-dir/MiniOzoneClusterImpl-961fece6-1daa-4ad6-854f-a9aa561cc73b/datanode-5/data/ratis/6274601d-1121-4421-8fd2-fbbd6830091d: created new log segment /workdir/hadoop-ozone/integration-test/target/test-dir/MiniOzoneClusterImpl-961fece6-1daa-4ad6-854f-a9aa561cc73b/datanode-5/data/ratis/6274601d-1121-4421-8fd2-fbbd6830091d/current/log_inprogress_0
2019-09-04 12:53:34,961 [39c9cf8b-fdae-416a-9cdb-d7cfa9f1a255-SegmentedRaftLogWorker:Storage Directory /workdir/hadoop-ozone/integration-test/target/test-dir/MiniOzoneClusterImpl-961fece6-1daa-4ad6-854f-a9aa561cc73b/datanode-4/data/ratis/bd0f60c6-f74b-4330-8a0c-a913ea900d7e] INFO  segmented.SegmentedRaftLogWorker (SegmentedRaftLogWorker.java:execute(569)) - 39c9cf8b-fdae-416a-9cdb-d7cfa9f1a255-SegmentedRaftLogWorker:Storage Directory /workdir/hadoop-ozone/integration-test/target/test-dir/MiniOzoneClusterImpl-961fece6-1daa-4ad6-854f-a9aa561cc73b/datanode-4/data/ratis/bd0f60c6-f74b-4330-8a0c-a913ea900d7e: created new log segment /workdir/hadoop-ozone/integration-test/target/test-dir/MiniOzoneClusterImpl-961fece6-1daa-4ad6-854f-a9aa561cc73b/datanode-4/data/ratis/bd0f60c6-f74b-4330-8a0c-a913ea900d7e/current/log_inprogress_0
2019-09-04 12:53:34,961 [62db11bf-06c4-4bc0-b55c-ce874389853c-SegmentedRaftLogWorker:Storage Directory /workdir/hadoop-ozone/integration-test/target/test-dir/MiniOzoneClusterImpl-961fece6-1daa-4ad6-854f-a9aa561cc73b/datanode-3/data/ratis/bd0f60c6-f74b-4330-8a0c-a913ea900d7e] INFO  segmented.SegmentedRaftLogWorker (SegmentedRaftLogWorker.java:execute(569)) - 62db11bf-06c4-4bc0-b55c-ce874389853c-SegmentedRaftLogWorker:Storage Directory /workdir/hadoop-ozone/integration-test/target/test-dir/MiniOzoneClusterImpl-961fece6-1daa-4ad6-854f-a9aa561cc73b/datanode-3/data/ratis/bd0f60c6-f74b-4330-8a0c-a913ea900d7e: created new log segment /workdir/hadoop-ozone/integration-test/target/test-dir/MiniOzoneClusterImpl-961fece6-1daa-4ad6-854f-a9aa561cc73b/datanode-3/data/ratis/bd0f60c6-f74b-4330-8a0c-a913ea900d7e/current/log_inprogress_0
2019-09-04 12:53:34,972 [1207c098-9d41-4144-a8e5-91613efa8ba6:group-0014986C52B2:LeaderElection89] INFO  impl.LeaderElection (LeaderElection.java:askForVotes(181)) - 1207c098-9d41-4144-a8e5-91613efa8ba6:group-0014986C52B2:LeaderElection89: begin an election at term 1 for -1: [1207c098-9d41-4144-a8e5-91613efa8ba6:192.168.157.199:39815], old=null
2019-09-04 12:53:34,972 [1207c098-9d41-4144-a8e5-91613efa8ba6:group-0014986C52B2:LeaderElection89] INFO  impl.RoleInfo (RoleInfo.java:shutdownLeaderElection(134)) - 1207c098-9d41-4144-a8e5-91613efa8ba6: shutdown LeaderElection
2019-09-04 12:53:34,973 [1207c098-9d41-4144-a8e5-91613efa8ba6:group-0014986C52B2:LeaderElection89] INFO  impl.RaftServerImpl (RaftServerImpl.java:setRole(171)) - 1207c098-9d41-4144-a8e5-91613efa8ba6:group-0014986C52B2 changes role from CANDIDATE to LEADER at term 1 for changeToLeader
2019-09-04 12:53:34,973 [1207c098-9d41-4144-a8e5-91613efa8ba6:group-0014986C52B2:LeaderElection89] INFO  impl.RaftServerImpl (ServerState.java:setLeader(263)) - 1207c098-9d41-4144-a8e5-91613efa8ba6:group-0014986C52B2 change Leader from null to 1207c098-9d41-4144-a8e5-91613efa8ba6 at term 1 for becomeLeader, leader elected after 5146ms
2019-09-04 12:53:34,973 [1207c098-9d41-4144-a8e5-91613efa8ba6:group-0014986C52B2:LeaderElection89] INFO  server.RaftServerConfigKeys (ConfUtils.java:logGet(43)) - raft.server.staging.catchup.gap = 1000 (default)
2019-09-04 12:53:34,973 [1207c098-9d41-4144-a8e5-91613efa8ba6:group-0014986C52B2:LeaderElection89] INFO  server.RaftServerConfigKeys (ConfUtils.java:logGet(43)) - raft.server.rpc.sleep.time = 25ms (default)
2019-09-04 12:53:34,973 [1207c098-9d41-4144-a8e5-91613efa8ba6:group-0014986C52B2:LeaderElection89] INFO  server.RaftServerConfigKeys (ConfUtils.java:logGet(43)) - raft.server.write.element-limit = 4096 (default)
2019-09-04 12:53:34,973 [1207c098-9d41-4144-a8e5-91613efa8ba6:group-0014986C52B2:LeaderElection89] INFO  server.RaftServerConfigKeys (ConfUtils.java:logGet(43)) - raft.server.watch.timeout = 10s (default)
2019-09-04 12:53:34,973 [1207c098-9d41-4144-a8e5-91613efa8ba6:group-0014986C52B2:LeaderElection89] INFO  server.RaftServerConfigKeys (ConfUtils.java:logGet(43)) - raft.server.watch.timeout.denomination = 1s (default)
2019-09-04 12:53:34,973 [1207c098-9d41-4144-a8e5-91613efa8ba6:group-0014986C52B2:LeaderElection89] INFO  server.RaftServerConfigKeys (ConfUtils.java:logGet(43)) - raft.server.watch.element-limit = 65536 (default)
2019-09-04 12:53:34,974 [1207c098-9d41-4144-a8e5-91613efa8ba6:group-0014986C52B2:LeaderElection89] INFO  impl.RoleInfo (RoleInfo.java:updateAndGet(143)) - 1207c098-9d41-4144-a8e5-91613efa8ba6: start LeaderState
2019-09-04 12:53:34,974 [1207c098-9d41-4144-a8e5-91613efa8ba6:group-0014986C52B2:LeaderElection89] INFO  segmented.SegmentedRaftLogWorker (SegmentedRaftLogWorker.java:startLogSegment(380)) - 1207c098-9d41-4144-a8e5-91613efa8ba6-SegmentedRaftLogWorker:Storage Directory /workdir/hadoop-ozone/integration-test/target/test-dir/MiniOzoneClusterImpl-961fece6-1daa-4ad6-854f-a9aa561cc73b/datanode-6/data/ratis/fdb1a145-e25f-46e2-8616-0014986c52b2: Starting segment from index:0
2019-09-04 12:53:34,974 [1207c098-9d41-4144-a8e5-91613efa8ba6:group-0014986C52B2:LeaderElection89] INFO  impl.RaftServerImpl (ServerState.java:setRaftConf(361)) - 1207c098-9d41-4144-a8e5-91613efa8ba6:group-0014986C52B2 set configuration 0: [1207c098-9d41-4144-a8e5-91613efa8ba6:192.168.157.199:39815], old=null at 0
2019-09-04 12:53:35,011 [1207c098-9d41-4144-a8e5-91613efa8ba6-SegmentedRaftLogWorker:Storage Directory /workdir/hadoop-ozone/integration-test/target/test-dir/MiniOzoneClusterImpl-961fece6-1daa-4ad6-854f-a9aa561cc73b/datanode-6/data/ratis/fdb1a145-e25f-46e2-8616-0014986c52b2] INFO  segmented.SegmentedRaftLogWorker (SegmentedRaftLogWorker.java:execute(569)) - 1207c098-9d41-4144-a8e5-91613efa8ba6-SegmentedRaftLogWorker:Storage Directory /workdir/hadoop-ozone/integration-test/target/test-dir/MiniOzoneClusterImpl-961fece6-1daa-4ad6-854f-a9aa561cc73b/datanode-6/data/ratis/fdb1a145-e25f-46e2-8616-0014986c52b2: created new log segment /workdir/hadoop-ozone/integration-test/target/test-dir/MiniOzoneClusterImpl-961fece6-1daa-4ad6-854f-a9aa561cc73b/datanode-6/data/ratis/fdb1a145-e25f-46e2-8616-0014986c52b2/current/log_inprogress_0
2019-09-04 12:53:35,042 | INFO  | DNAudit | user=null | ip=null | op=WRITE_CHUNK {blockData=conID: 1 locID: 102734339169452049 bcsId: 0} | ret=SUCCESS |  
2019-09-04 12:53:35,042 | INFO  | SCMAudit | user=jenkins1000 | ip=192.168.157.199 | op=SEND_HEARTBEAT {datanodeUUID=f53fb59c-e327-439c-b24b-4e7cfa747c0b, command=[]} | ret=SUCCESS |  
2019-09-04 12:53:35,056 | INFO  | DNAudit | user=null | ip=null | op=WRITE_CHUNK {blockData=conID: 1 locID: 102734339169452049 bcsId: 0} | ret=SUCCESS |  
2019-09-04 12:53:35,056 | INFO  | DNAudit | user=null | ip=null | op=WRITE_CHUNK {blockData=conID: 1 locID: 102734339169452049 bcsId: 0} | ret=SUCCESS |  
2019-09-04 12:53:35,056 | INFO  | SCMAudit | user=jenkins1000 | ip=192.168.157.199 | op=SEND_HEARTBEAT {datanodeUUID=62db11bf-06c4-4bc0-b55c-ce874389853c, command=[]} | ret=SUCCESS |  
2019-09-04 12:53:35,056 | INFO  | SCMAudit | user=jenkins1000 | ip=192.168.157.199 | op=SEND_HEARTBEAT {datanodeUUID=39c9cf8b-fdae-416a-9cdb-d7cfa9f1a255, command=[]} | ret=SUCCESS |  
2019-09-04 12:53:35,069 | INFO  | DNAudit | user=null | ip=null | op=WRITE_CHUNK {blockData=conID: 1 locID: 102734339169452049 bcsId: 0} | ret=SUCCESS |  
2019-09-04 12:53:35,077 [grpc-default-executor-10] INFO  client.GrpcClientProtocolClient (GrpcClientProtocolClient.java:onNext(255)) - client-98BCB5C05BEA->f53fb59c-e327-439c-b24b-4e7cfa747c0b: receive RaftClientReply:client-98BCB5C05BEA->f53fb59c-e327-439c-b24b-4e7cfa747c0b@group-A913EA900D7E, cid=215, SUCCESS, logIndex=1, commits[f53fb59c-e327-439c-b24b-4e7cfa747c0b:c1, 62db11bf-06c4-4bc0-b55c-ce874389853c:c0, 39c9cf8b-fdae-416a-9cdb-d7cfa9f1a255:c0]
2019-09-04 12:53:35,079 | INFO  | DNAudit | user=null | ip=null | op=WRITE_CHUNK {blockData=conID: 1 locID: 102734339169452049 bcsId: 0} | ret=SUCCESS |  
2019-09-04 12:53:35,080 | INFO  | DNAudit | user=null | ip=null | op=WRITE_CHUNK {blockData=conID: 1 locID: 102734339169452049 bcsId: 0} | ret=SUCCESS |  
2019-09-04 12:53:35,081 | INFO  | DNAudit | user=null | ip=null | op=WRITE_CHUNK {blockData=conID: 1 locID: 102734339169452049 bcsId: 0} | ret=SUCCESS |  
2019-09-04 12:53:35,083 | INFO  | DNAudit | user=null | ip=null | op=WRITE_CHUNK {blockData=conID: 1 locID: 102734339169452049 bcsId: 0} | ret=SUCCESS |  
2019-09-04 12:53:35,083 | INFO  | DNAudit | user=null | ip=null | op=WRITE_CHUNK {blockData=conID: 1 locID: 102734339169452049 bcsId: 0} | ret=SUCCESS |  
2019-09-04 12:53:35,095 | INFO  | DNAudit | user=null | ip=null | op=WRITE_CHUNK {blockData=conID: 1 locID: 102734339169452049 bcsId: 0} | ret=SUCCESS |  
2019-09-04 12:53:35,098 [grpc-default-executor-10] INFO  client.GrpcClientProtocolClient (GrpcClientProtocolClient.java:onNext(255)) - client-98BCB5C05BEA->f53fb59c-e327-439c-b24b-4e7cfa747c0b: receive RaftClientReply:client-98BCB5C05BEA->f53fb59c-e327-439c-b24b-4e7cfa747c0b@group-A913EA900D7E, cid=216, SUCCESS, logIndex=3, commits[f53fb59c-e327-439c-b24b-4e7cfa747c0b:c3, 62db11bf-06c4-4bc0-b55c-ce874389853c:c1, 39c9cf8b-fdae-416a-9cdb-d7cfa9f1a255:c1]
2019-09-04 12:53:35,106 | INFO  | DNAudit | user=null | ip=null | op=WRITE_CHUNK {blockData=conID: 1 locID: 102734339169452049 bcsId: 0} | ret=SUCCESS |  
2019-09-04 12:53:35,107 | INFO  | DNAudit | user=null | ip=null | op=WRITE_CHUNK {blockData=conID: 1 locID: 102734339169452049 bcsId: 0} | ret=SUCCESS |  
2019-09-04 12:53:35,123 | INFO  | DNAudit | user=null | ip=null | op=PUT_BLOCK {blockData=[blockId=conID: 1 locID: 102734339169452049 bcsId: 0,size=167]} | ret=SUCCESS |  
2019-09-04 12:53:35,124 [grpc-default-executor-10] INFO  client.GrpcClientProtocolClient (GrpcClientProtocolClient.java:onNext(255)) - client-98BCB5C05BEA->f53fb59c-e327-439c-b24b-4e7cfa747c0b: receive RaftClientReply:client-98BCB5C05BEA->f53fb59c-e327-439c-b24b-4e7cfa747c0b@group-A913EA900D7E, cid=217, SUCCESS, logIndex=4, commits[f53fb59c-e327-439c-b24b-4e7cfa747c0b:c6, 62db11bf-06c4-4bc0-b55c-ce874389853c:c3, 39c9cf8b-fdae-416a-9cdb-d7cfa9f1a255:c3]
2019-09-04 12:53:35,133 | INFO  | SCMAudit | user=jenkins1000 | ip=192.168.157.199 | op=SEND_HEARTBEAT {datanodeUUID=4b7cfae5-7895-4051-8e82-f472a7425180, command=[]} | ret=SUCCESS |  
2019-09-04 12:53:35,337 | INFO  | SCMAudit | user=jenkins1000 | ip=192.168.157.199 | op=SEND_HEARTBEAT {datanodeUUID=ae00c9ed-9554-4461-adef-868ea78ab386, command=[]} | ret=SUCCESS |  
2019-09-04 12:53:35,524 | INFO  | SCMAudit | user=jenkins1000 | ip=192.168.157.199 | op=SEND_HEARTBEAT {datanodeUUID=1db2284d-cc5a-4f9d-9b30-3a0b3bda8807, command=[]} | ret=SUCCESS |  
2019-09-04 12:53:35,796 | INFO  | SCMAudit | user=jenkins1000 | ip=192.168.157.199 | op=SEND_HEARTBEAT {datanodeUUID=1207c098-9d41-4144-a8e5-91613efa8ba6, command=[]} | ret=SUCCESS |  
2019-09-04 12:53:36,043 | INFO  | SCMAudit | user=jenkins1000 | ip=192.168.157.199 | op=SEND_HEARTBEAT {datanodeUUID=f53fb59c-e327-439c-b24b-4e7cfa747c0b, command=[]} | ret=SUCCESS |  
2019-09-04 12:53:36,056 | INFO  | SCMAudit | user=jenkins1000 | ip=192.168.157.199 | op=SEND_HEARTBEAT {datanodeUUID=62db11bf-06c4-4bc0-b55c-ce874389853c, command=[]} | ret=SUCCESS |  
2019-09-04 12:53:36,057 | INFO  | SCMAudit | user=jenkins1000 | ip=192.168.157.199 | op=SEND_HEARTBEAT {datanodeUUID=39c9cf8b-fdae-416a-9cdb-d7cfa9f1a255, command=[]} | ret=SUCCESS |  
2019-09-04 12:53:36,126 [main] WARN  scm.XceiverClientRatis (XceiverClientRatis.java:watchForCommit(262)) - 3 way commit failed on pipeline Pipeline[ Id: bd0f60c6-f74b-4330-8a0c-a913ea900d7e, Nodes: f53fb59c-e327-439c-b24b-4e7cfa747c0b{ip: 192.168.157.199, host: pr-hdds-1569-8n246-508421386, networkLocation: /default-rack, certSerialId: null}39c9cf8b-fdae-416a-9cdb-d7cfa9f1a255{ip: 192.168.157.199, host: pr-hdds-1569-8n246-508421386, networkLocation: /default-rack, certSerialId: null}62db11bf-06c4-4bc0-b55c-ce874389853c{ip: 192.168.157.199, host: pr-hdds-1569-8n246-508421386, networkLocation: /default-rack, certSerialId: null}, Type:RATIS, Factor:THREE, State:OPEN]
java.util.concurrent.TimeoutException
	at java.util.concurrent.CompletableFuture.timedGet(CompletableFuture.java:1771)
	at java.util.concurrent.CompletableFuture.get(CompletableFuture.java:1915)
	at org.apache.hadoop.hdds.scm.XceiverClientRatis.watchForCommit(XceiverClientRatis.java:259)
	at org.apache.hadoop.hdds.scm.storage.CommitWatcher.watchForCommit(CommitWatcher.java:194)
	at org.apache.hadoop.hdds.scm.storage.CommitWatcher.watchOnLastIndex(CommitWatcher.java:157)
	at org.apache.hadoop.hdds.scm.storage.BlockOutputStream.watchForCommit(BlockOutputStream.java:347)
	at org.apache.hadoop.hdds.scm.storage.BlockOutputStream.handleFlush(BlockOutputStream.java:479)
	at org.apache.hadoop.hdds.scm.storage.BlockOutputStream.flush(BlockOutputStream.java:428)
	at org.apache.hadoop.ozone.client.io.BlockOutputStreamEntry.flush(BlockOutputStreamEntry.java:136)
	at org.apache.hadoop.ozone.client.io.KeyOutputStream.handleFlushOrClose(KeyOutputStream.java:442)
	at org.apache.hadoop.ozone.client.io.KeyOutputStream.flush(KeyOutputStream.java:396)
	at org.apache.hadoop.ozone.client.io.OzoneOutputStream.flush(OzoneOutputStream.java:54)
	at org.apache.hadoop.ozone.client.rpc.TestBlockOutputStreamWithFailures.testFailureWithPrimeSizedData(TestBlockOutputStreamWithFailures.java:599)
	at sun.reflect.NativeMethodAccessorImpl.invoke0(Native Method)
	at sun.reflect.NativeMethodAccessorImpl.invoke(NativeMethodAccessorImpl.java:62)
	at sun.reflect.DelegatingMethodAccessorImpl.invoke(DelegatingMethodAccessorImpl.java:43)
	at java.lang.reflect.Method.invoke(Method.java:498)
	at org.junit.runners.model.FrameworkMethod$1.runReflectiveCall(FrameworkMethod.java:47)
	at org.junit.internal.runners.model.ReflectiveCallable.run(ReflectiveCallable.java:12)
	at org.junit.runners.model.FrameworkMethod.invokeExplosively(FrameworkMethod.java:44)
	at org.junit.internal.runners.statements.InvokeMethod.evaluate(InvokeMethod.java:17)
	at org.junit.internal.runners.statements.RunBefores.evaluate(RunBefores.java:26)
	at org.junit.internal.runners.statements.RunAfters.evaluate(RunAfters.java:27)
	at org.junit.runners.ParentRunner.runLeaf(ParentRunner.java:271)
	at org.junit.runners.BlockJUnit4ClassRunner.runChild(BlockJUnit4ClassRunner.java:70)
	at org.junit.runners.BlockJUnit4ClassRunner.runChild(BlockJUnit4ClassRunner.java:50)
	at org.junit.runners.ParentRunner$3.run(ParentRunner.java:238)
	at org.junit.runners.ParentRunner$1.schedule(ParentRunner.java:63)
	at org.junit.runners.ParentRunner.runChildren(ParentRunner.java:236)
	at org.junit.runners.ParentRunner.access$000(ParentRunner.java:53)
	at org.junit.runners.ParentRunner$2.evaluate(ParentRunner.java:229)
	at org.junit.runners.ParentRunner.run(ParentRunner.java:309)
	at org.apache.maven.surefire.junit4.JUnit4Provider.execute(JUnit4Provider.java:365)
	at org.apache.maven.surefire.junit4.JUnit4Provider.executeWithRerun(JUnit4Provider.java:273)
	at org.apache.maven.surefire.junit4.JUnit4Provider.executeTestSet(JUnit4Provider.java:238)
	at org.apache.maven.surefire.junit4.JUnit4Provider.invoke(JUnit4Provider.java:159)
	at org.apache.maven.surefire.booter.ForkedBooter.invokeProviderInSameClassLoader(ForkedBooter.java:384)
	at org.apache.maven.surefire.booter.ForkedBooter.runSuitesInProcess(ForkedBooter.java:345)
	at org.apache.maven.surefire.booter.ForkedBooter.execute(ForkedBooter.java:126)
	at org.apache.maven.surefire.booter.ForkedBooter.main(ForkedBooter.java:418)
2019-09-04 12:53:36,133 | INFO  | SCMAudit | user=jenkins1000 | ip=192.168.157.199 | op=SEND_HEARTBEAT {datanodeUUID=4b7cfae5-7895-4051-8e82-f472a7425180, command=[]} | ret=SUCCESS |  
2019-09-04 12:53:36,337 | INFO  | SCMAudit | user=jenkins1000 | ip=192.168.157.199 | op=SEND_HEARTBEAT {datanodeUUID=ae00c9ed-9554-4461-adef-868ea78ab386, command=[]} | ret=SUCCESS |  
2019-09-04 12:53:36,524 | INFO  | SCMAudit | user=jenkins1000 | ip=192.168.157.199 | op=SEND_HEARTBEAT {datanodeUUID=1db2284d-cc5a-4f9d-9b30-3a0b3bda8807, command=[]} | ret=SUCCESS |  
2019-09-04 12:53:36,797 | INFO  | SCMAudit | user=jenkins1000 | ip=192.168.157.199 | op=SEND_HEARTBEAT {datanodeUUID=1207c098-9d41-4144-a8e5-91613efa8ba6, command=[]} | ret=SUCCESS |  
2019-09-04 12:53:37,043 | INFO  | SCMAudit | user=jenkins1000 | ip=192.168.157.199 | op=SEND_HEARTBEAT {datanodeUUID=f53fb59c-e327-439c-b24b-4e7cfa747c0b, command=[]} | ret=SUCCESS |  
2019-09-04 12:53:37,056 | INFO  | SCMAudit | user=jenkins1000 | ip=192.168.157.199 | op=SEND_HEARTBEAT {datanodeUUID=62db11bf-06c4-4bc0-b55c-ce874389853c, command=[]} | ret=SUCCESS |  
2019-09-04 12:53:37,056 | INFO  | SCMAudit | user=jenkins1000 | ip=192.168.157.199 | op=SEND_HEARTBEAT {datanodeUUID=39c9cf8b-fdae-416a-9cdb-d7cfa9f1a255, command=[]} | ret=SUCCESS |  
2019-09-04 12:53:37,130 [main] WARN  storage.CommitWatcher (CommitWatcher.java:watchForCommit(203)) - watchForCommit failed for index 4
java.util.concurrent.TimeoutException
	at java.util.concurrent.CompletableFuture.timedGet(CompletableFuture.java:1771)
	at java.util.concurrent.CompletableFuture.get(CompletableFuture.java:1915)
	at org.apache.hadoop.hdds.scm.XceiverClientRatis.watchForCommit(XceiverClientRatis.java:268)
	at org.apache.hadoop.hdds.scm.storage.CommitWatcher.watchForCommit(CommitWatcher.java:194)
	at org.apache.hadoop.hdds.scm.storage.CommitWatcher.watchOnLastIndex(CommitWatcher.java:157)
	at org.apache.hadoop.hdds.scm.storage.BlockOutputStream.watchForCommit(BlockOutputStream.java:347)
	at org.apache.hadoop.hdds.scm.storage.BlockOutputStream.handleFlush(BlockOutputStream.java:479)
	at org.apache.hadoop.hdds.scm.storage.BlockOutputStream.flush(BlockOutputStream.java:428)
	at org.apache.hadoop.ozone.client.io.BlockOutputStreamEntry.flush(BlockOutputStreamEntry.java:136)
	at org.apache.hadoop.ozone.client.io.KeyOutputStream.handleFlushOrClose(KeyOutputStream.java:442)
	at org.apache.hadoop.ozone.client.io.KeyOutputStream.flush(KeyOutputStream.java:396)
	at org.apache.hadoop.ozone.client.io.OzoneOutputStream.flush(OzoneOutputStream.java:54)
	at org.apache.hadoop.ozone.client.rpc.TestBlockOutputStreamWithFailures.testFailureWithPrimeSizedData(TestBlockOutputStreamWithFailures.java:599)
	at sun.reflect.NativeMethodAccessorImpl.invoke0(Native Method)
	at sun.reflect.NativeMethodAccessorImpl.invoke(NativeMethodAccessorImpl.java:62)
	at sun.reflect.DelegatingMethodAccessorImpl.invoke(DelegatingMethodAccessorImpl.java:43)
	at java.lang.reflect.Method.invoke(Method.java:498)
	at org.junit.runners.model.FrameworkMethod$1.runReflectiveCall(FrameworkMethod.java:47)
	at org.junit.internal.runners.model.ReflectiveCallable.run(ReflectiveCallable.java:12)
	at org.junit.runners.model.FrameworkMethod.invokeExplosively(FrameworkMethod.java:44)
	at org.junit.internal.runners.statements.InvokeMethod.evaluate(InvokeMethod.java:17)
	at org.junit.internal.runners.statements.RunBefores.evaluate(RunBefores.java:26)
	at org.junit.internal.runners.statements.RunAfters.evaluate(RunAfters.java:27)
	at org.junit.runners.ParentRunner.runLeaf(ParentRunner.java:271)
	at org.junit.runners.BlockJUnit4ClassRunner.runChild(BlockJUnit4ClassRunner.java:70)
	at org.junit.runners.BlockJUnit4ClassRunner.runChild(BlockJUnit4ClassRunner.java:50)
	at org.junit.runners.ParentRunner$3.run(ParentRunner.java:238)
	at org.junit.runners.ParentRunner$1.schedule(ParentRunner.java:63)
	at org.junit.runners.ParentRunner.runChildren(ParentRunner.java:236)
	at org.junit.runners.ParentRunner.access$000(ParentRunner.java:53)
	at org.junit.runners.ParentRunner$2.evaluate(ParentRunner.java:229)
	at org.junit.runners.ParentRunner.run(ParentRunner.java:309)
	at org.apache.maven.surefire.junit4.JUnit4Provider.execute(JUnit4Provider.java:365)
	at org.apache.maven.surefire.junit4.JUnit4Provider.executeWithRerun(JUnit4Provider.java:273)
	at org.apache.maven.surefire.junit4.JUnit4Provider.executeTestSet(JUnit4Provider.java:238)
	at org.apache.maven.surefire.junit4.JUnit4Provider.invoke(JUnit4Provider.java:159)
	at org.apache.maven.surefire.booter.ForkedBooter.invokeProviderInSameClassLoader(ForkedBooter.java:384)
	at org.apache.maven.surefire.booter.ForkedBooter.runSuitesInProcess(ForkedBooter.java:345)
	at org.apache.maven.surefire.booter.ForkedBooter.execute(ForkedBooter.java:126)
	at org.apache.maven.surefire.booter.ForkedBooter.main(ForkedBooter.java:418)
2019-09-04 12:53:37,131 [main] WARN  io.KeyOutputStream (KeyOutputStream.java:handleException(276)) - Encountered exception java.io.IOException: Unexpected Storage Container Exception: java.io.IOException: Unexpected Storage Container Exception: java.util.concurrent.TimeoutException on the pipeline Pipeline[ Id: bd0f60c6-f74b-4330-8a0c-a913ea900d7e, Nodes: f53fb59c-e327-439c-b24b-4e7cfa747c0b{ip: 192.168.157.199, host: pr-hdds-1569-8n246-508421386, networkLocation: /default-rack, certSerialId: null}39c9cf8b-fdae-416a-9cdb-d7cfa9f1a255{ip: 192.168.157.199, host: pr-hdds-1569-8n246-508421386, networkLocation: /default-rack, certSerialId: null}62db11bf-06c4-4bc0-b55c-ce874389853c{ip: 192.168.157.199, host: pr-hdds-1569-8n246-508421386, networkLocation: /default-rack, certSerialId: null}, Type:RATIS, Factor:THREE, State:OPEN]. The last committed block length is 0, uncommitted data length is 167 retry count 0
2019-09-04 12:53:37,133 | INFO  | SCMAudit | user=jenkins1000 | ip=192.168.157.199 | op=SEND_HEARTBEAT {datanodeUUID=4b7cfae5-7895-4051-8e82-f472a7425180, command=[]} | ret=SUCCESS |  
2019-09-04 12:53:37,138 | INFO  | SCMAudit | user=jenkins1000 | ip=192.168.157.199 | op=ALLOCATE_BLOCK {owner=c268d8aa-2a7a-419a-95da-962fdb53fd8c, size=800, type=RATIS, factor=THREE} | ret=SUCCESS |  
2019-09-04 12:53:37,139 | INFO  | OMAudit | user=jenkins1000 | ip=127.0.0.1 | op=ALLOCATE_BLOCK {volume=testblockoutputstream, bucket=testblockoutputstream, key=c9575c95-50f2-4b6b-bf81-82370f452497, dataSize=0, replicationType=null, replicationFactor=null, keyLocationInfo=null, clientID=102734339169255440} | ret=SUCCESS |  
2019-09-04 12:53:37,151 [grpc-default-executor-10] INFO  client.GrpcClientProtocolClient (GrpcClientProtocolClient.java:onNext(255)) - client-4FD8EC5C6DAD->ae00c9ed-9554-4461-adef-868ea78ab386: receive RaftClientReply:client-4FD8EC5C6DAD->ae00c9ed-9554-4461-adef-868ea78ab386@group-FAC01D009044, cid=220, FAILED org.apache.ratis.protocol.NotLeaderException: Server ae00c9ed-9554-4461-adef-868ea78ab386 is not the leader (4b7cfae5-7895-4051-8e82-f472a7425180:192.168.157.199:34442). Request must be sent to leader., logIndex=0, commits[ae00c9ed-9554-4461-adef-868ea78ab386:c0, 4b7cfae5-7895-4051-8e82-f472a7425180:c0, 1db2284d-cc5a-4f9d-9b30-3a0b3bda8807:c-1]
2019-09-04 12:53:37,241 | INFO  | DNAudit | user=null | ip=null | op=WRITE_CHUNK {blockData=conID: 2 locID: 102734339580755986 bcsId: 0} | ret=SUCCESS |  
2019-09-04 12:53:37,242 | INFO  | SCMAudit | user=jenkins1000 | ip=192.168.157.199 | op=SEND_HEARTBEAT {datanodeUUID=ae00c9ed-9554-4461-adef-868ea78ab386, command=[]} | ret=SUCCESS |  
2019-09-04 12:53:37,255 | INFO  | DNAudit | user=null | ip=null | op=WRITE_CHUNK {blockData=conID: 2 locID: 102734339580755986 bcsId: 0} | ret=SUCCESS |  
2019-09-04 12:53:37,255 | INFO  | DNAudit | user=null | ip=null | op=WRITE_CHUNK {blockData=conID: 2 locID: 102734339580755986 bcsId: 0} | ret=SUCCESS |  
2019-09-04 12:53:37,256 | INFO  | SCMAudit | user=jenkins1000 | ip=192.168.157.199 | op=SEND_HEARTBEAT {datanodeUUID=1db2284d-cc5a-4f9d-9b30-3a0b3bda8807, command=[]} | ret=SUCCESS |  
2019-09-04 12:53:37,256 | INFO  | SCMAudit | user=jenkins1000 | ip=192.168.157.199 | op=SEND_HEARTBEAT {datanodeUUID=4b7cfae5-7895-4051-8e82-f472a7425180, command=[]} | ret=SUCCESS |  
2019-09-04 12:53:37,271 | INFO  | DNAudit | user=null | ip=null | op=WRITE_CHUNK {blockData=conID: 2 locID: 102734339580755986 bcsId: 0} | ret=SUCCESS |  
2019-09-04 12:53:37,279 [grpc-default-executor-8] INFO  client.GrpcClientProtocolClient (GrpcClientProtocolClient.java:onNext(255)) - client-4FD8EC5C6DAD->4b7cfae5-7895-4051-8e82-f472a7425180: receive RaftClientReply:client-4FD8EC5C6DAD->4b7cfae5-7895-4051-8e82-f472a7425180@group-FAC01D009044, cid=220, SUCCESS, logIndex=1, commits[4b7cfae5-7895-4051-8e82-f472a7425180:c1, ae00c9ed-9554-4461-adef-868ea78ab386:c0, 1db2284d-cc5a-4f9d-9b30-3a0b3bda8807:c0]
2019-09-04 12:53:37,280 | INFO  | DNAudit | user=null | ip=null | op=WRITE_CHUNK {blockData=conID: 2 locID: 102734339580755986 bcsId: 0} | ret=SUCCESS |  
2019-09-04 12:53:37,280 | INFO  | DNAudit | user=null | ip=null | op=WRITE_CHUNK {blockData=conID: 2 locID: 102734339580755986 bcsId: 0} | ret=SUCCESS |  
2019-09-04 12:53:37,284 | INFO  | DNAudit | user=null | ip=null | op=WRITE_CHUNK {blockData=conID: 2 locID: 102734339580755986 bcsId: 0} | ret=SUCCESS |  
2019-09-04 12:53:37,285 | INFO  | DNAudit | user=null | ip=null | op=WRITE_CHUNK {blockData=conID: 2 locID: 102734339580755986 bcsId: 0} | ret=SUCCESS |  
2019-09-04 12:53:37,285 | INFO  | DNAudit | user=null | ip=null | op=WRITE_CHUNK {blockData=conID: 2 locID: 102734339580755986 bcsId: 0} | ret=SUCCESS |  
2019-09-04 12:53:37,302 | INFO  | DNAudit | user=null | ip=null | op=WRITE_CHUNK {blockData=conID: 2 locID: 102734339580755986 bcsId: 0} | ret=SUCCESS |  
2019-09-04 12:53:37,305 [grpc-default-executor-8] INFO  client.GrpcClientProtocolClient (GrpcClientProtocolClient.java:onNext(255)) - client-4FD8EC5C6DAD->4b7cfae5-7895-4051-8e82-f472a7425180: receive RaftClientReply:client-4FD8EC5C6DAD->4b7cfae5-7895-4051-8e82-f472a7425180@group-FAC01D009044, cid=221, SUCCESS, logIndex=3, commits[4b7cfae5-7895-4051-8e82-f472a7425180:c4, ae00c9ed-9554-4461-adef-868ea78ab386:c2, 1db2284d-cc5a-4f9d-9b30-3a0b3bda8807:c2]
2019-09-04 12:53:37,315 | INFO  | DNAudit | user=null | ip=null | op=WRITE_CHUNK {blockData=conID: 2 locID: 102734339580755986 bcsId: 0} | ret=SUCCESS |  
2019-09-04 12:53:37,315 | INFO  | DNAudit | user=null | ip=null | op=WRITE_CHUNK {blockData=conID: 2 locID: 102734339580755986 bcsId: 0} | ret=SUCCESS |  
2019-09-04 12:53:37,347 | INFO  | DNAudit | user=null | ip=null | op=PUT_BLOCK {blockData=[blockId=conID: 2 locID: 102734339580755986 bcsId: 0,size=167]} | ret=SUCCESS |  
2019-09-04 12:53:37,348 [grpc-default-executor-10] INFO  client.GrpcClientProtocolClient (GrpcClientProtocolClient.java:onNext(255)) - client-4FD8EC5C6DAD->4b7cfae5-7895-4051-8e82-f472a7425180: receive RaftClientReply:client-4FD8EC5C6DAD->4b7cfae5-7895-4051-8e82-f472a7425180@group-FAC01D009044, cid=222, SUCCESS, logIndex=4, commits[4b7cfae5-7895-4051-8e82-f472a7425180:c6, ae00c9ed-9554-4461-adef-868ea78ab386:c4, 1db2284d-cc5a-4f9d-9b30-3a0b3bda8807:c4]
2019-09-04 12:53:37,350 [main] INFO  ozone.MiniOzoneClusterImpl (MiniOzoneClusterImpl.java:shutdown(321)) - Shutting down the Mini Ozone Cluster
2019-09-04 12:53:37,350 | INFO  | SCMAudit | user=null | ip=null | op=GET_SCM_INFO null | ret=SUCCESS |  
2019-09-04 12:53:37,350 [main] INFO  ozone.MiniOzoneClusterImpl (MiniOzoneClusterImpl.java:stop(336)) - Stopping the Mini Ozone Cluster
2019-09-04 12:53:37,350 [main] INFO  ozone.MiniOzoneClusterImpl (MiniOzoneClusterImpl.java:stop(338)) - Stopping the OzoneManager
2019-09-04 12:53:37,350 [main] INFO  ipc.Server (Server.java:stop(3082)) - Stopping server on 37378
2019-09-04 12:53:37,370 [IPC Server listener on 37378] INFO  ipc.Server (Server.java:run(1185)) - Stopping IPC Server listener on 37378
2019-09-04 12:53:37,370 [main] INFO  ratis.OzoneManagerDoubleBuffer (OzoneManagerDoubleBuffer.java:stop(248)) - Stopping OMDoubleBuffer flush thread
2019-09-04 12:53:37,373 [IPC Server Responder] INFO  ipc.Server (Server.java:run(1319)) - Stopping IPC Server Responder
2019-09-04 12:53:37,378 [OMDoubleBufferFlushThread] INFO  ratis.OzoneManagerDoubleBuffer (OzoneManagerDoubleBuffer.java:flushTransactions(191)) - OMDoubleBuffer flush thread OMDoubleBufferFlushThread is interrupted and will exit. OMDoubleBufferFlushThread
2019-09-04 12:53:37,389 [main] INFO  utils.BackgroundService (BackgroundService.java:shutdown(148)) - Shutting down service KeyDeletingService
2019-09-04 12:53:37,391 [main] INFO  handler.ContextHandler (ContextHandler.java:doStop(910)) - Stopped o.e.j.w.WebAppContext@1dfadb7{/,null,UNAVAILABLE}{/ozoneManager}
2019-09-04 12:53:37,391 [main] INFO  server.AbstractConnector (AbstractConnector.java:doStop(318)) - Stopped ServerConnector@4602fa2f{HTTP/1.1,[http/1.1]}{0.0.0.0:0}
2019-09-04 12:53:37,392 [main] INFO  handler.ContextHandler (ContextHandler.java:doStop(910)) - Stopped o.e.j.s.ServletContextHandler@17e96b3c{/static,file:///workdir/hadoop-ozone/integration-test/target/test-classes/webapps/static,UNAVAILABLE}
2019-09-04 12:53:37,392 [main] INFO  handler.ContextHandler (ContextHandler.java:doStop(910)) - Stopped o.e.j.s.ServletContextHandler@251d64d6{/logs,file:///workdir/hadoop-ozone/integration-test/target/log,UNAVAILABLE}
2019-09-04 12:53:37,394 | INFO  | DNAudit | user=null | ip=null | op=PUT_BLOCK {blockData=[blockId=conID: 2 locID: 102734339580755986 bcsId: 0,size=167]} | ret=SUCCESS |  
2019-09-04 12:53:37,395 [main] INFO  ozone.MiniOzoneClusterImpl (MiniOzoneClusterImpl.java:stop(344)) - Shutting the HddsDatanodes
2019-09-04 12:53:37,395 [main] INFO  datanode.ObjectStoreHandler (ObjectStoreHandler.java:close(155)) - Closing ObjectStoreHandler.
2019-09-04 12:53:37,395 [ForkJoinPool.commonPool-worker-1] INFO  datanode.ObjectStoreHandler (ObjectStoreHandler.java:close(155)) - Closing ObjectStoreHandler.
2019-09-04 12:53:37,396 [main] INFO  ozone.HddsDatanodeService (HddsDatanodeService.java:stop(451)) - Stopped plug-in org.apache.hadoop.ozone.web.OzoneHddsDatanodeService@36821a1b
2019-09-04 12:53:37,396 [ForkJoinPool.commonPool-worker-1] INFO  ozone.HddsDatanodeService (HddsDatanodeService.java:stop(451)) - Stopped plug-in org.apache.hadoop.ozone.web.OzoneHddsDatanodeService@1e3f0c5c
2019-09-04 12:53:37,442 | INFO  | DNAudit | user=null | ip=null | op=PUT_BLOCK {blockData=[blockId=conID: 2 locID: 102734339580755986 bcsId: 0,size=167]} | ret=SUCCESS |  
2019-09-04 12:53:37,617 [grpc-default-executor-8] INFO  client.GrpcClientProtocolClient (GrpcClientProtocolClient.java:onNext(255)) - client-98BCB5C05BEA->f53fb59c-e327-439c-b24b-4e7cfa747c0b: receive RaftClientReply:client-98BCB5C05BEA->f53fb59c-e327-439c-b24b-4e7cfa747c0b@group-A913EA900D7E, cid=219, SUCCESS, logIndex=0, commits[f53fb59c-e327-439c-b24b-4e7cfa747c0b:c6, 62db11bf-06c4-4bc0-b55c-ce874389853c:c3, 39c9cf8b-fdae-416a-9cdb-d7cfa9f1a255:c6]
2019-09-04 12:53:37,618 [grpc-default-executor-8] INFO  client.GrpcClientProtocolClient (GrpcClientProtocolClient.java:onNext(255)) - client-98BCB5C05BEA->f53fb59c-e327-439c-b24b-4e7cfa747c0b: receive RaftClientReply:client-98BCB5C05BEA->f53fb59c-e327-439c-b24b-4e7cfa747c0b@group-A913EA900D7E, cid=218, SUCCESS, logIndex=0, commits[f53fb59c-e327-439c-b24b-4e7cfa747c0b:c6, 62db11bf-06c4-4bc0-b55c-ce874389853c:c6, 39c9cf8b-fdae-416a-9cdb-d7cfa9f1a255:c6]
2019-09-04 12:53:37,661 | INFO  | DNAudit | user=null | ip=null | op=PUT_BLOCK {blockData=[blockId=conID: 1 locID: 102734339169452049 bcsId: 0,size=167]} | ret=SUCCESS |  
2019-09-04 12:53:37,708 | INFO  | DNAudit | user=null | ip=null | op=PUT_BLOCK {blockData=[blockId=conID: 1 locID: 102734339169452049 bcsId: 0,size=167]} | ret=SUCCESS |  
2019-09-04 12:53:37,797 | INFO  | SCMAudit | user=jenkins1000 | ip=192.168.157.199 | op=SEND_HEARTBEAT {datanodeUUID=1207c098-9d41-4144-a8e5-91613efa8ba6, command=[]} | ret=SUCCESS |  
2019-09-04 12:53:38,043 | INFO  | SCMAudit | user=jenkins1000 | ip=192.168.157.199 | op=SEND_HEARTBEAT {datanodeUUID=f53fb59c-e327-439c-b24b-4e7cfa747c0b, command=[]} | ret=SUCCESS |  
2019-09-04 12:53:38,056 [Datanode State Machine Thread - 0] INFO  statemachine.DatanodeStateMachine (DatanodeStateMachine.java:lambda$startDaemon$0(350)) - Ozone container server started.
2019-09-04 12:53:38,056 | INFO  | SCMAudit | user=jenkins1000 | ip=192.168.157.199 | op=SEND_HEARTBEAT {datanodeUUID=62db11bf-06c4-4bc0-b55c-ce874389853c, command=[]} | ret=SUCCESS |  
2019-09-04 12:53:38,240 [Datanode State Machine Thread - 0] INFO  statemachine.DatanodeStateMachine (DatanodeStateMachine.java:lambda$startDaemon$0(350)) - Ozone container server started.
2019-09-04 12:53:38,255 | INFO  | SCMAudit | user=jenkins1000 | ip=192.168.157.199 | op=SEND_HEARTBEAT {datanodeUUID=4b7cfae5-7895-4051-8e82-f472a7425180, command=[]} | ret=SUCCESS |  
2019-09-04 12:53:38,255 | INFO  | SCMAudit | user=jenkins1000 | ip=192.168.157.199 | op=SEND_HEARTBEAT {datanodeUUID=1db2284d-cc5a-4f9d-9b30-3a0b3bda8807, command=[]} | ret=SUCCESS |  
2019-09-04 12:53:38,797 | INFO  | SCMAudit | user=jenkins1000 | ip=192.168.157.199 | op=SEND_HEARTBEAT {datanodeUUID=1207c098-9d41-4144-a8e5-91613efa8ba6, command=[]} | ret=SUCCESS |  
2019-09-04 12:53:39,044 | INFO  | SCMAudit | user=jenkins1000 | ip=192.168.157.199 | op=SEND_HEARTBEAT {datanodeUUID=f53fb59c-e327-439c-b24b-4e7cfa747c0b, command=[]} | ret=SUCCESS |  
2019-09-04 12:53:39,056 | INFO  | SCMAudit | user=jenkins1000 | ip=192.168.157.199 | op=SEND_HEARTBEAT {datanodeUUID=62db11bf-06c4-4bc0-b55c-ce874389853c, command=[]} | ret=SUCCESS |  
2019-09-04 12:53:39,256 | INFO  | SCMAudit | user=jenkins1000 | ip=192.168.157.199 | op=SEND_HEARTBEAT {datanodeUUID=4b7cfae5-7895-4051-8e82-f472a7425180, command=[]} | ret=SUCCESS |  
2019-09-04 12:53:39,256 | INFO  | SCMAudit | user=jenkins1000 | ip=192.168.157.199 | op=SEND_HEARTBEAT {datanodeUUID=1db2284d-cc5a-4f9d-9b30-3a0b3bda8807, command=[]} | ret=SUCCESS |  
2019-09-04 12:53:39,797 | INFO  | SCMAudit | user=jenkins1000 | ip=192.168.157.199 | op=SEND_HEARTBEAT {datanodeUUID=1207c098-9d41-4144-a8e5-91613efa8ba6, command=[]} | ret=SUCCESS |  
2019-09-04 12:53:40,044 | INFO  | SCMAudit | user=jenkins1000 | ip=192.168.157.199 | op=SEND_HEARTBEAT {datanodeUUID=f53fb59c-e327-439c-b24b-4e7cfa747c0b, command=[]} | ret=SUCCESS |  
2019-09-04 12:53:40,056 | INFO  | SCMAudit | user=jenkins1000 | ip=192.168.157.199 | op=SEND_HEARTBEAT {datanodeUUID=62db11bf-06c4-4bc0-b55c-ce874389853c, command=[]} | ret=SUCCESS |  
2019-09-04 12:53:40,255 | INFO  | SCMAudit | user=jenkins1000 | ip=192.168.157.199 | op=SEND_HEARTBEAT {datanodeUUID=4b7cfae5-7895-4051-8e82-f472a7425180, command=[]} | ret=SUCCESS |  
2019-09-04 12:53:40,255 | INFO  | SCMAudit | user=jenkins1000 | ip=192.168.157.199 | op=SEND_HEARTBEAT {datanodeUUID=1db2284d-cc5a-4f9d-9b30-3a0b3bda8807, command=[]} | ret=SUCCESS |  
2019-09-04 12:53:40,798 | INFO  | SCMAudit | user=jenkins1000 | ip=192.168.157.199 | op=SEND_HEARTBEAT {datanodeUUID=1207c098-9d41-4144-a8e5-91613efa8ba6, command=[]} | ret=SUCCESS |  
2019-09-04 12:53:41,045 | INFO  | SCMAudit | user=jenkins1000 | ip=192.168.157.199 | op=SEND_HEARTBEAT {datanodeUUID=f53fb59c-e327-439c-b24b-4e7cfa747c0b, command=[]} | ret=SUCCESS |  
2019-09-04 12:53:41,056 | INFO  | SCMAudit | user=jenkins1000 | ip=192.168.157.199 | op=SEND_HEARTBEAT {datanodeUUID=62db11bf-06c4-4bc0-b55c-ce874389853c, command=[]} | ret=SUCCESS |  
2019-09-04 12:53:41,255 | INFO  | SCMAudit | user=jenkins1000 | ip=192.168.157.199 | op=SEND_HEARTBEAT {datanodeUUID=1db2284d-cc5a-4f9d-9b30-3a0b3bda8807, command=[]} | ret=SUCCESS |  
2019-09-04 12:53:41,255 | INFO  | SCMAudit | user=jenkins1000 | ip=192.168.157.199 | op=SEND_HEARTBEAT {datanodeUUID=4b7cfae5-7895-4051-8e82-f472a7425180, command=[]} | ret=SUCCESS |  
2019-09-04 12:53:41,798 | INFO  | SCMAudit | user=jenkins1000 | ip=192.168.157.199 | op=SEND_HEARTBEAT {datanodeUUID=1207c098-9d41-4144-a8e5-91613efa8ba6, command=[]} | ret=SUCCESS |  
2019-09-04 12:53:42,044 | INFO  | SCMAudit | user=jenkins1000 | ip=192.168.157.199 | op=SEND_HEARTBEAT {datanodeUUID=f53fb59c-e327-439c-b24b-4e7cfa747c0b, command=[]} | ret=SUCCESS |  
2019-09-04 12:53:42,056 | INFO  | SCMAudit | user=jenkins1000 | ip=192.168.157.199 | op=SEND_HEARTBEAT {datanodeUUID=62db11bf-06c4-4bc0-b55c-ce874389853c, command=[]} | ret=SUCCESS |  
2019-09-04 12:53:42,109 [EventQueue-StaleNodeForStaleNodeHandler] INFO  node.StaleNodeHandler (StaleNodeHandler.java:onMessage(58)) - Datanode 39c9cf8b-fdae-416a-9cdb-d7cfa9f1a255{ip: 192.168.157.199, host: pr-hdds-1569-8n246-508421386, networkLocation: /default-rack, certSerialId: null} moved to stale state. Finalizing its pipelines [PipelineID=bd0f60c6-f74b-4330-8a0c-a913ea900d7e, PipelineID=1d96c53a-4363-4734-8422-e150fa7e258f]
2019-09-04 12:53:42,109 [EventQueue-StaleNodeForStaleNodeHandler] INFO  pipeline.SCMPipelineManager (SCMPipelineManager.java:finalizeAndDestroyPipeline(309)) - destroying pipeline:Pipeline[ Id: bd0f60c6-f74b-4330-8a0c-a913ea900d7e, Nodes: f53fb59c-e327-439c-b24b-4e7cfa747c0b{ip: 192.168.157.199, host: pr-hdds-1569-8n246-508421386, networkLocation: /default-rack, certSerialId: null}39c9cf8b-fdae-416a-9cdb-d7cfa9f1a255{ip: 192.168.157.199, host: pr-hdds-1569-8n246-508421386, networkLocation: /default-rack, certSerialId: null}62db11bf-06c4-4bc0-b55c-ce874389853c{ip: 192.168.157.199, host: pr-hdds-1569-8n246-508421386, networkLocation: /default-rack, certSerialId: null}, Type:RATIS, Factor:THREE, State:OPEN]
2019-09-04 12:53:42,109 [EventQueue-StaleNodeForStaleNodeHandler] INFO  pipeline.PipelineStateManager (PipelineStateManager.java:finalizePipeline(123)) - Pipeline Pipeline[ Id: bd0f60c6-f74b-4330-8a0c-a913ea900d7e, Nodes: f53fb59c-e327-439c-b24b-4e7cfa747c0b{ip: 192.168.157.199, host: pr-hdds-1569-8n246-508421386, networkLocation: /default-rack, certSerialId: null}39c9cf8b-fdae-416a-9cdb-d7cfa9f1a255{ip: 192.168.157.199, host: pr-hdds-1569-8n246-508421386, networkLocation: /default-rack, certSerialId: null}62db11bf-06c4-4bc0-b55c-ce874389853c{ip: 192.168.157.199, host: pr-hdds-1569-8n246-508421386, networkLocation: /default-rack, certSerialId: null}, Type:RATIS, Factor:THREE, State:CLOSED] moved to CLOSED state
2019-09-04 12:53:42,110 [EventQueue-StaleNodeForStaleNodeHandler] INFO  pipeline.SCMPipelineManager (SCMPipelineManager.java:finalizeAndDestroyPipeline(309)) - destroying pipeline:Pipeline[ Id: 1d96c53a-4363-4734-8422-e150fa7e258f, Nodes: 39c9cf8b-fdae-416a-9cdb-d7cfa9f1a255{ip: 192.168.157.199, host: pr-hdds-1569-8n246-508421386, networkLocation: /default-rack, certSerialId: null}, Type:RATIS, Factor:ONE, State:OPEN]
2019-09-04 12:53:42,110 [EventQueue-CloseContainerForCloseContainerEventHandler] INFO  container.CloseContainerEventHandler (CloseContainerEventHandler.java:onMessage(61)) - Close container Event triggered for container : #1
2019-09-04 12:53:42,110 [EventQueue-StaleNodeForStaleNodeHandler] INFO  pipeline.PipelineStateManager (PipelineStateManager.java:finalizePipeline(123)) - Pipeline Pipeline[ Id: 1d96c53a-4363-4734-8422-e150fa7e258f, Nodes: 39c9cf8b-fdae-416a-9cdb-d7cfa9f1a255{ip: 192.168.157.199, host: pr-hdds-1569-8n246-508421386, networkLocation: /default-rack, certSerialId: null}, Type:RATIS, Factor:ONE, State:CLOSED] moved to CLOSED state
2019-09-04 12:53:42,255 | INFO  | SCMAudit | user=jenkins1000 | ip=192.168.157.199 | op=SEND_HEARTBEAT {datanodeUUID=4b7cfae5-7895-4051-8e82-f472a7425180, command=[]} | ret=SUCCESS |  
2019-09-04 12:53:42,256 | INFO  | SCMAudit | user=jenkins1000 | ip=192.168.157.199 | op=SEND_HEARTBEAT {datanodeUUID=1db2284d-cc5a-4f9d-9b30-3a0b3bda8807, command=[]} | ret=SUCCESS |  
2019-09-04 12:53:42,309 [EventQueue-StaleNodeForStaleNodeHandler] INFO  node.StaleNodeHandler (StaleNodeHandler.java:onMessage(58)) - Datanode ae00c9ed-9554-4461-adef-868ea78ab386{ip: 192.168.157.199, host: pr-hdds-1569-8n246-508421386, networkLocation: /default-rack, certSerialId: null} moved to stale state. Finalizing its pipelines [PipelineID=d9a3b464-b7d1-421d-87d9-fac01d009044, PipelineID=28492fdb-6aba-42de-acf1-8e01f1f58248]
2019-09-04 12:53:42,309 [EventQueue-StaleNodeForStaleNodeHandler] INFO  pipeline.SCMPipelineManager (SCMPipelineManager.java:finalizeAndDestroyPipeline(309)) - destroying pipeline:Pipeline[ Id: d9a3b464-b7d1-421d-87d9-fac01d009044, Nodes: ae00c9ed-9554-4461-adef-868ea78ab386{ip: 192.168.157.199, host: pr-hdds-1569-8n246-508421386, networkLocation: /default-rack, certSerialId: null}1db2284d-cc5a-4f9d-9b30-3a0b3bda8807{ip: 192.168.157.199, host: pr-hdds-1569-8n246-508421386, networkLocation: /default-rack, certSerialId: null}4b7cfae5-7895-4051-8e82-f472a7425180{ip: 192.168.157.199, host: pr-hdds-1569-8n246-508421386, networkLocation: /default-rack, certSerialId: null}, Type:RATIS, Factor:THREE, State:OPEN]
2019-09-04 12:53:42,309 [EventQueue-StaleNodeForStaleNodeHandler] INFO  pipeline.PipelineStateManager (PipelineStateManager.java:finalizePipeline(123)) - Pipeline Pipeline[ Id: d9a3b464-b7d1-421d-87d9-fac01d009044, Nodes: ae00c9ed-9554-4461-adef-868ea78ab386{ip: 192.168.157.199, host: pr-hdds-1569-8n246-508421386, networkLocation: /default-rack, certSerialId: null}1db2284d-cc5a-4f9d-9b30-3a0b3bda8807{ip: 192.168.157.199, host: pr-hdds-1569-8n246-508421386, networkLocation: /default-rack, certSerialId: null}4b7cfae5-7895-4051-8e82-f472a7425180{ip: 192.168.157.199, host: pr-hdds-1569-8n246-508421386, networkLocation: /default-rack, certSerialId: null}, Type:RATIS, Factor:THREE, State:CLOSED] moved to CLOSED state
2019-09-04 12:53:42,309 [EventQueue-CloseContainerForCloseContainerEventHandler] INFO  container.CloseContainerEventHandler (CloseContainerEventHandler.java:onMessage(61)) - Close container Event triggered for container : #2
2019-09-04 12:53:42,309 [EventQueue-StaleNodeForStaleNodeHandler] INFO  pipeline.SCMPipelineManager (SCMPipelineManager.java:finalizeAndDestroyPipeline(309)) - destroying pipeline:Pipeline[ Id: 28492fdb-6aba-42de-acf1-8e01f1f58248, Nodes: ae00c9ed-9554-4461-adef-868ea78ab386{ip: 192.168.157.199, host: pr-hdds-1569-8n246-508421386, networkLocation: /default-rack, certSerialId: null}, Type:RATIS, Factor:ONE, State:OPEN]
2019-09-04 12:53:42,310 [EventQueue-StaleNodeForStaleNodeHandler] INFO  pipeline.PipelineStateManager (PipelineStateManager.java:finalizePipeline(123)) - Pipeline Pipeline[ Id: 28492fdb-6aba-42de-acf1-8e01f1f58248, Nodes: ae00c9ed-9554-4461-adef-868ea78ab386{ip: 192.168.157.199, host: pr-hdds-1569-8n246-508421386, networkLocation: /default-rack, certSerialId: null}, Type:RATIS, Factor:ONE, State:CLOSED] moved to CLOSED state
2019-09-04 12:53:42,397 [main] INFO  ozoneimpl.OzoneContainer (OzoneContainer.java:stop(199)) - Attempting to stop container services.
2019-09-04 12:53:42,397 [ForkJoinPool.commonPool-worker-1] INFO  ozoneimpl.OzoneContainer (OzoneContainer.java:stop(199)) - Attempting to stop container services.
2019-09-04 12:53:42,397 [main] INFO  impl.RaftServerProxy (RaftServerProxy.java:lambda$close$4(314)) - 39c9cf8b-fdae-416a-9cdb-d7cfa9f1a255: close
2019-09-04 12:53:42,398 [ForkJoinPool.commonPool-worker-1] INFO  impl.RaftServerProxy (RaftServerProxy.java:lambda$close$4(314)) - ae00c9ed-9554-4461-adef-868ea78ab386: close
2019-09-04 12:53:42,402 [main] INFO  impl.RaftServerImpl (RaftServerImpl.java:lambda$shutdown$3(245)) - 39c9cf8b-fdae-416a-9cdb-d7cfa9f1a255: shutdown group-A913EA900D7E
2019-09-04 12:53:42,402 [ForkJoinPool.commonPool-worker-1] INFO  impl.RaftServerImpl (RaftServerImpl.java:lambda$shutdown$3(245)) - ae00c9ed-9554-4461-adef-868ea78ab386: shutdown group-FAC01D009044
2019-09-04 12:53:42,403 [main] INFO  util.JmxRegister (JmxRegister.java:unregister(73)) - Successfully un-registered JMX Bean with object name Ratis:service=RaftServer,group=group-A913EA900D7E,id=39c9cf8b-fdae-416a-9cdb-d7cfa9f1a255
2019-09-04 12:53:42,403 [ForkJoinPool.commonPool-worker-1] INFO  util.JmxRegister (JmxRegister.java:unregister(73)) - Successfully un-registered JMX Bean with object name Ratis:service=RaftServer,group=group-FAC01D009044,id=ae00c9ed-9554-4461-adef-868ea78ab386
2019-09-04 12:53:42,403 [main] INFO  impl.RoleInfo (RoleInfo.java:shutdownFollowerState(121)) - 39c9cf8b-fdae-416a-9cdb-d7cfa9f1a255: shutdown FollowerState
2019-09-04 12:53:42,404 [ForkJoinPool.commonPool-worker-1] INFO  impl.RoleInfo (RoleInfo.java:shutdownFollowerState(121)) - ae00c9ed-9554-4461-adef-868ea78ab386: shutdown FollowerState
2019-09-04 12:53:42,404 [StateMachineUpdater:39c9cf8b-fdae-416a-9cdb-d7cfa9f1a255:group-A913EA900D7E] INFO  ratis.ContainerStateMachine (ContainerStateMachine.java:takeSnapshot(283)) - group-A913EA900D7E: Taking a snapshot at:(t:1, i:6) file /workdir/hadoop-ozone/integration-test/target/test-dir/MiniOzoneClusterImpl-961fece6-1daa-4ad6-854f-a9aa561cc73b/datanode-4/data/ratis/bd0f60c6-f74b-4330-8a0c-a913ea900d7e/sm/snapshot.1_6
2019-09-04 12:53:42,405 [Thread-4166] INFO  impl.FollowerState (FollowerState.java:run(114)) - ae00c9ed-9554-4461-adef-868ea78ab386: FollowerState was interrupted: java.lang.InterruptedException: sleep interrupted
2019-09-04 12:53:42,404 [Thread-4192] INFO  impl.FollowerState (FollowerState.java:run(114)) - 39c9cf8b-fdae-416a-9cdb-d7cfa9f1a255: FollowerState was interrupted: java.lang.InterruptedException: sleep interrupted
2019-09-04 12:53:42,404 [main] INFO  impl.StateMachineUpdater (StateMachineUpdater.java:stopAndJoin(115)) - StateMachineUpdater:39c9cf8b-fdae-416a-9cdb-d7cfa9f1a255:group-A913EA900D7E: set stopIndex = 6
2019-09-04 12:53:42,404 [StateMachineUpdater:ae00c9ed-9554-4461-adef-868ea78ab386:group-FAC01D009044] INFO  ratis.ContainerStateMachine (ContainerStateMachine.java:takeSnapshot(283)) - group-FAC01D009044: Taking a snapshot at:(t:1, i:4) file /workdir/hadoop-ozone/integration-test/target/test-dir/MiniOzoneClusterImpl-961fece6-1daa-4ad6-854f-a9aa561cc73b/datanode-1/data/ratis/d9a3b464-b7d1-421d-87d9-fac01d009044/sm/snapshot.1_4
2019-09-04 12:53:42,404 [ForkJoinPool.commonPool-worker-1] INFO  impl.StateMachineUpdater (StateMachineUpdater.java:stopAndJoin(115)) - StateMachineUpdater:ae00c9ed-9554-4461-adef-868ea78ab386:group-FAC01D009044: set stopIndex = 6
2019-09-04 12:53:42,423 [StateMachineUpdater:39c9cf8b-fdae-416a-9cdb-d7cfa9f1a255:group-A913EA900D7E] INFO  ratis.ContainerStateMachine (ContainerStateMachine.java:takeSnapshot(294)) - group-A913EA900D7E: Finished taking a snapshot at:(t:1, i:6) file:/workdir/hadoop-ozone/integration-test/target/test-dir/MiniOzoneClusterImpl-961fece6-1daa-4ad6-854f-a9aa561cc73b/datanode-4/data/ratis/bd0f60c6-f74b-4330-8a0c-a913ea900d7e/sm/snapshot.1_6 time:19
2019-09-04 12:53:42,423 [StateMachineUpdater:ae00c9ed-9554-4461-adef-868ea78ab386:group-FAC01D009044] INFO  ratis.ContainerStateMachine (ContainerStateMachine.java:takeSnapshot(294)) - group-FAC01D009044: Finished taking a snapshot at:(t:1, i:4) file:/workdir/hadoop-ozone/integration-test/target/test-dir/MiniOzoneClusterImpl-961fece6-1daa-4ad6-854f-a9aa561cc73b/datanode-1/data/ratis/d9a3b464-b7d1-421d-87d9-fac01d009044/sm/snapshot.1_4 time:19
2019-09-04 12:53:42,423 [StateMachineUpdater:39c9cf8b-fdae-416a-9cdb-d7cfa9f1a255:group-A913EA900D7E] INFO  impl.StateMachineUpdater (StateMachineUpdater.java:takeSnapshot(242)) - StateMachineUpdater:39c9cf8b-fdae-416a-9cdb-d7cfa9f1a255:group-A913EA900D7E: Took a snapshot at index 6
2019-09-04 12:53:42,423 [StateMachineUpdater:ae00c9ed-9554-4461-adef-868ea78ab386:group-FAC01D009044] INFO  impl.StateMachineUpdater (StateMachineUpdater.java:takeSnapshot(242)) - StateMachineUpdater:ae00c9ed-9554-4461-adef-868ea78ab386:group-FAC01D009044: Took a snapshot at index 4
2019-09-04 12:53:42,424 [StateMachineUpdater:39c9cf8b-fdae-416a-9cdb-d7cfa9f1a255:group-A913EA900D7E] INFO  impl.StateMachineUpdater (StateMachineUpdater.java:lambda$new$0(80)) - StateMachineUpdater:39c9cf8b-fdae-416a-9cdb-d7cfa9f1a255:group-A913EA900D7E: snapshotIndex: updateIncreasingly -1 -> 6
2019-09-04 12:53:42,424 [StateMachineUpdater:ae00c9ed-9554-4461-adef-868ea78ab386:group-FAC01D009044] INFO  impl.StateMachineUpdater (StateMachineUpdater.java:lambda$new$0(80)) - StateMachineUpdater:ae00c9ed-9554-4461-adef-868ea78ab386:group-FAC01D009044: snapshotIndex: updateIncreasingly -1 -> 4
2019-09-04 12:53:42,424 [ForkJoinPool.commonPool-worker-1] INFO  impl.RaftServerImpl (ServerState.java:close(394)) - ae00c9ed-9554-4461-adef-868ea78ab386:group-FAC01D009044 closes. The last applied log index is 6
2019-09-04 12:53:42,424 [main] INFO  impl.RaftServerImpl (ServerState.java:close(394)) - 39c9cf8b-fdae-416a-9cdb-d7cfa9f1a255:group-A913EA900D7E closes. The last applied log index is 6
2019-09-04 12:53:42,425 [ae00c9ed-9554-4461-adef-868ea78ab386-SegmentedRaftLogWorker:Storage Directory /workdir/hadoop-ozone/integration-test/target/test-dir/MiniOzoneClusterImpl-961fece6-1daa-4ad6-854f-a9aa561cc73b/datanode-1/data/ratis/d9a3b464-b7d1-421d-87d9-fac01d009044] INFO  segmented.SegmentedRaftLogWorker (SegmentedRaftLogWorker.java:run(313)) - ae00c9ed-9554-4461-adef-868ea78ab386-SegmentedRaftLogWorker:Storage Directory /workdir/hadoop-ozone/integration-test/target/test-dir/MiniOzoneClusterImpl-961fece6-1daa-4ad6-854f-a9aa561cc73b/datanode-1/data/ratis/d9a3b464-b7d1-421d-87d9-fac01d009044 was interrupted, exiting. There are 0 tasks remaining in the queue.
2019-09-04 12:53:42,425 [39c9cf8b-fdae-416a-9cdb-d7cfa9f1a255-SegmentedRaftLogWorker:Storage Directory /workdir/hadoop-ozone/integration-test/target/test-dir/MiniOzoneClusterImpl-961fece6-1daa-4ad6-854f-a9aa561cc73b/datanode-4/data/ratis/bd0f60c6-f74b-4330-8a0c-a913ea900d7e] INFO  segmented.SegmentedRaftLogWorker (SegmentedRaftLogWorker.java:run(313)) - 39c9cf8b-fdae-416a-9cdb-d7cfa9f1a255-SegmentedRaftLogWorker:Storage Directory /workdir/hadoop-ozone/integration-test/target/test-dir/MiniOzoneClusterImpl-961fece6-1daa-4ad6-854f-a9aa561cc73b/datanode-4/data/ratis/bd0f60c6-f74b-4330-8a0c-a913ea900d7e was interrupted, exiting. There are 0 tasks remaining in the queue.
2019-09-04 12:53:42,430 [ForkJoinPool.commonPool-worker-1] INFO  segmented.SegmentedRaftLogWorker (SegmentedRaftLogWorker.java:close(228)) - ae00c9ed-9554-4461-adef-868ea78ab386-SegmentedRaftLogWorker:Storage Directory /workdir/hadoop-ozone/integration-test/target/test-dir/MiniOzoneClusterImpl-961fece6-1daa-4ad6-854f-a9aa561cc73b/datanode-1/data/ratis/d9a3b464-b7d1-421d-87d9-fac01d009044 close()
2019-09-04 12:53:42,430 [main] INFO  segmented.SegmentedRaftLogWorker (SegmentedRaftLogWorker.java:close(228)) - 39c9cf8b-fdae-416a-9cdb-d7cfa9f1a255-SegmentedRaftLogWorker:Storage Directory /workdir/hadoop-ozone/integration-test/target/test-dir/MiniOzoneClusterImpl-961fece6-1daa-4ad6-854f-a9aa561cc73b/datanode-4/data/ratis/bd0f60c6-f74b-4330-8a0c-a913ea900d7e close()
2019-09-04 12:53:42,435 [ForkJoinPool.commonPool-worker-1] INFO  impl.RaftServerImpl (RaftServerImpl.java:lambda$shutdown$3(245)) - ae00c9ed-9554-4461-adef-868ea78ab386: shutdown group-8E01F1F58248
2019-09-04 12:53:42,440 [main] INFO  impl.RaftServerImpl (RaftServerImpl.java:lambda$shutdown$3(245)) - 39c9cf8b-fdae-416a-9cdb-d7cfa9f1a255: shutdown group-E150FA7E258F
2019-09-04 12:53:42,441 [ForkJoinPool.commonPool-worker-1] INFO  util.JmxRegister (JmxRegister.java:unregister(73)) - Successfully un-registered JMX Bean with object name Ratis:service=RaftServer,group=group-8E01F1F58248,id=ae00c9ed-9554-4461-adef-868ea78ab386
2019-09-04 12:53:42,441 [main] INFO  util.JmxRegister (JmxRegister.java:unregister(73)) - Successfully un-registered JMX Bean with object name Ratis:service=RaftServer,group=group-E150FA7E258F,id=39c9cf8b-fdae-416a-9cdb-d7cfa9f1a255
2019-09-04 12:53:42,442 [main] INFO  impl.RoleInfo (RoleInfo.java:shutdownLeaderState(104)) - 39c9cf8b-fdae-416a-9cdb-d7cfa9f1a255: shutdown LeaderState
2019-09-04 12:53:42,441 [ForkJoinPool.commonPool-worker-1] INFO  impl.RoleInfo (RoleInfo.java:shutdownLeaderState(104)) - ae00c9ed-9554-4461-adef-868ea78ab386: shutdown LeaderState
2019-09-04 12:53:42,442 [main] INFO  impl.PendingRequests (PendingRequests.java:sendNotLeaderResponses(202)) - 39c9cf8b-fdae-416a-9cdb-d7cfa9f1a255-PendingRequests: sendNotLeaderResponses
2019-09-04 12:53:42,442 [ForkJoinPool.commonPool-worker-1] INFO  impl.PendingRequests (PendingRequests.java:sendNotLeaderResponses(202)) - ae00c9ed-9554-4461-adef-868ea78ab386-PendingRequests: sendNotLeaderResponses
2019-09-04 12:53:42,443 [main] INFO  impl.StateMachineUpdater (StateMachineUpdater.java:stopAndJoin(115)) - StateMachineUpdater:39c9cf8b-fdae-416a-9cdb-d7cfa9f1a255:group-E150FA7E258F: set stopIndex = 0
2019-09-04 12:53:42,443 [ForkJoinPool.commonPool-worker-1] INFO  impl.StateMachineUpdater (StateMachineUpdater.java:stopAndJoin(115)) - StateMachineUpdater:ae00c9ed-9554-4461-adef-868ea78ab386:group-8E01F1F58248: set stopIndex = 0
2019-09-04 12:53:42,443 [main] INFO  impl.RaftServerImpl (ServerState.java:close(394)) - 39c9cf8b-fdae-416a-9cdb-d7cfa9f1a255:group-E150FA7E258F closes. The last applied log index is 0
2019-09-04 12:53:42,444 [ForkJoinPool.commonPool-worker-1] INFO  impl.RaftServerImpl (ServerState.java:close(394)) - ae00c9ed-9554-4461-adef-868ea78ab386:group-8E01F1F58248 closes. The last applied log index is 0
2019-09-04 12:53:42,444 [39c9cf8b-fdae-416a-9cdb-d7cfa9f1a255-SegmentedRaftLogWorker:Storage Directory /workdir/hadoop-ozone/integration-test/target/test-dir/MiniOzoneClusterImpl-961fece6-1daa-4ad6-854f-a9aa561cc73b/datanode-4/data/ratis/1d96c53a-4363-4734-8422-e150fa7e258f] INFO  segmented.SegmentedRaftLogWorker (SegmentedRaftLogWorker.java:run(313)) - 39c9cf8b-fdae-416a-9cdb-d7cfa9f1a255-SegmentedRaftLogWorker:Storage Directory /workdir/hadoop-ozone/integration-test/target/test-dir/MiniOzoneClusterImpl-961fece6-1daa-4ad6-854f-a9aa561cc73b/datanode-4/data/ratis/1d96c53a-4363-4734-8422-e150fa7e258f was interrupted, exiting. There are 0 tasks remaining in the queue.
2019-09-04 12:53:42,445 [ae00c9ed-9554-4461-adef-868ea78ab386-SegmentedRaftLogWorker:Storage Directory /workdir/hadoop-ozone/integration-test/target/test-dir/MiniOzoneClusterImpl-961fece6-1daa-4ad6-854f-a9aa561cc73b/datanode-1/data/ratis/28492fdb-6aba-42de-acf1-8e01f1f58248] INFO  segmented.SegmentedRaftLogWorker (SegmentedRaftLogWorker.java:run(313)) - ae00c9ed-9554-4461-adef-868ea78ab386-SegmentedRaftLogWorker:Storage Directory /workdir/hadoop-ozone/integration-test/target/test-dir/MiniOzoneClusterImpl-961fece6-1daa-4ad6-854f-a9aa561cc73b/datanode-1/data/ratis/28492fdb-6aba-42de-acf1-8e01f1f58248 was interrupted, exiting. There are 0 tasks remaining in the queue.
2019-09-04 12:53:42,447 [main] INFO  segmented.SegmentedRaftLogWorker (SegmentedRaftLogWorker.java:close(228)) - 39c9cf8b-fdae-416a-9cdb-d7cfa9f1a255-SegmentedRaftLogWorker:Storage Directory /workdir/hadoop-ozone/integration-test/target/test-dir/MiniOzoneClusterImpl-961fece6-1daa-4ad6-854f-a9aa561cc73b/datanode-4/data/ratis/1d96c53a-4363-4734-8422-e150fa7e258f close()
2019-09-04 12:53:42,450 [ForkJoinPool.commonPool-worker-1] INFO  segmented.SegmentedRaftLogWorker (SegmentedRaftLogWorker.java:close(228)) - ae00c9ed-9554-4461-adef-868ea78ab386-SegmentedRaftLogWorker:Storage Directory /workdir/hadoop-ozone/integration-test/target/test-dir/MiniOzoneClusterImpl-961fece6-1daa-4ad6-854f-a9aa561cc73b/datanode-1/data/ratis/28492fdb-6aba-42de-acf1-8e01f1f58248 close()
2019-09-04 12:53:42,455 [main] INFO  server.GrpcService (GrpcService.java:closeImpl(155)) - 39c9cf8b-fdae-416a-9cdb-d7cfa9f1a255: shutdown server with port 34356 now
2019-09-04 12:53:42,460 [ForkJoinPool.commonPool-worker-1] INFO  server.GrpcService (GrpcService.java:closeImpl(155)) - ae00c9ed-9554-4461-adef-868ea78ab386: shutdown server with port 41759 now
2019-09-04 12:53:42,461 [grpc-default-executor-9] WARN  server.GrpcServerProtocolService (LogUtils.java:warn(134)) - 39c9cf8b-fdae-416a-9cdb-d7cfa9f1a255: appendEntries onError: org.apache.ratis.thirdparty.io.grpc.StatusRuntimeException: CANCELLED: cancelled before receiving half close
2019-09-04 12:53:42,461 [main] INFO  server.GrpcService (GrpcService.java:closeImpl(163)) - 39c9cf8b-fdae-416a-9cdb-d7cfa9f1a255: shutdown server with port 34356 successfully
2019-09-04 12:53:42,461 [ForkJoinPool.commonPool-worker-1] INFO  server.GrpcService (GrpcService.java:closeImpl(163)) - ae00c9ed-9554-4461-adef-868ea78ab386: shutdown server with port 41759 successfully
2019-09-04 12:53:42,461 [grpc-default-executor-10] WARN  server.GrpcServerProtocolService (LogUtils.java:warn(134)) - ae00c9ed-9554-4461-adef-868ea78ab386: appendEntries onError: org.apache.ratis.thirdparty.io.grpc.StatusRuntimeException: CANCELLED: cancelled before receiving half close
2019-09-04 12:53:42,462 [grpc-default-executor-8] WARN  server.GrpcLogAppender (LogUtils.java:warn(134)) - 4b7cfae5-7895-4051-8e82-f472a7425180->ae00c9ed-9554-4461-adef-868ea78ab386: Failed appendEntries: org.apache.ratis.thirdparty.io.grpc.StatusRuntimeException: CANCELLED: HTTP/2 error code: CANCEL
Received Rst Stream
2019-09-04 12:53:42,461 [grpc-default-executor-3] WARN  server.GrpcLogAppender (LogUtils.java:warn(134)) - f53fb59c-e327-439c-b24b-4e7cfa747c0b->39c9cf8b-fdae-416a-9cdb-d7cfa9f1a255: Failed appendEntries: org.apache.ratis.thirdparty.io.grpc.StatusRuntimeException: CANCELLED: HTTP/2 error code: CANCEL
Received Rst Stream
2019-09-04 12:53:42,463 [grpc-default-executor-8] INFO  impl.FollowerInfo (FollowerInfo.java:lambda$new$0(50)) - 4b7cfae5-7895-4051-8e82-f472a7425180->ae00c9ed-9554-4461-adef-868ea78ab386: nextIndex: updateUnconditionally 7 -> 6
2019-09-04 12:53:42,463 [grpc-default-executor-3] INFO  impl.FollowerInfo (FollowerInfo.java:lambda$new$0(50)) - f53fb59c-e327-439c-b24b-4e7cfa747c0b->39c9cf8b-fdae-416a-9cdb-d7cfa9f1a255: nextIndex: updateUnconditionally 7 -> 6
2019-09-04 12:53:42,464 [ForkJoinPool.commonPool-worker-1] INFO  utils.BackgroundService (BackgroundService.java:shutdown(148)) - Shutting down service BlockDeletingService
2019-09-04 12:53:42,464 [main] INFO  utils.BackgroundService (BackgroundService.java:shutdown(148)) - Shutting down service BlockDeletingService
2019-09-04 12:53:42,471 [refreshUsed-/workdir/hadoop-ozone/integration-test/target/test-dir/MiniOzoneClusterImpl-961fece6-1daa-4ad6-854f-a9aa561cc73b/datanode-4/data/containers] WARN  fs.CachingGetSpaceUsed (CachingGetSpaceUsed.java:run(183)) - Thread Interrupted waiting to refresh disk information: sleep interrupted
2019-09-04 12:53:42,471 [refreshUsed-/workdir/hadoop-ozone/integration-test/target/test-dir/MiniOzoneClusterImpl-961fece6-1daa-4ad6-854f-a9aa561cc73b/datanode-1/data/containers] WARN  fs.CachingGetSpaceUsed (CachingGetSpaceUsed.java:run(183)) - Thread Interrupted waiting to refresh disk information: sleep interrupted
2019-09-04 12:53:42,503 [main] INFO  statemachine.DatanodeStateMachine (DatanodeStateMachine.java:stopDaemon(395)) - Ozone container server stopped.
2019-09-04 12:53:42,507 [ForkJoinPool.commonPool-worker-1] INFO  statemachine.DatanodeStateMachine (DatanodeStateMachine.java:stopDaemon(395)) - Ozone container server stopped.
2019-09-04 12:53:42,511 [main] INFO  handler.ContextHandler (ContextHandler.java:doStop(910)) - Stopped o.e.j.w.WebAppContext@67afba96{/,null,UNAVAILABLE}{/hddsDatanode}
2019-09-04 12:53:42,513 [ForkJoinPool.commonPool-worker-1] INFO  handler.ContextHandler (ContextHandler.java:doStop(910)) - Stopped o.e.j.w.WebAppContext@116f823c{/,null,UNAVAILABLE}{/hddsDatanode}
2019-09-04 12:53:42,514 [main] INFO  server.AbstractConnector (AbstractConnector.java:doStop(318)) - Stopped ServerConnector@7505ef47{HTTP/1.1,[http/1.1]}{0.0.0.0:0}
2019-09-04 12:53:42,514 [ForkJoinPool.commonPool-worker-1] INFO  server.AbstractConnector (AbstractConnector.java:doStop(318)) - Stopped ServerConnector@7f5a5ef3{HTTP/1.1,[http/1.1]}{0.0.0.0:0}
2019-09-04 12:53:42,515 [main] INFO  handler.ContextHandler (ContextHandler.java:doStop(910)) - Stopped o.e.j.s.ServletContextHandler@95f61c2{/static,jar:file:/home/user/.m2/repository/org/apache/hadoop/hadoop-hdds-container-service/0.5.0-SNAPSHOT/hadoop-hdds-container-service-0.5.0-SNAPSHOT.jar!/webapps/static,UNAVAILABLE}
2019-09-04 12:53:42,517 [ForkJoinPool.commonPool-worker-1] INFO  handler.ContextHandler (ContextHandler.java:doStop(910)) - Stopped o.e.j.s.ServletContextHandler@46244e65{/static,jar:file:/home/user/.m2/repository/org/apache/hadoop/hadoop-hdds-container-service/0.5.0-SNAPSHOT/hadoop-hdds-container-service-0.5.0-SNAPSHOT.jar!/webapps/static,UNAVAILABLE}
2019-09-04 12:53:42,517 [main] INFO  handler.ContextHandler (ContextHandler.java:doStop(910)) - Stopped o.e.j.s.ServletContextHandler@1107cbd8{/logs,file:///workdir/hadoop-ozone/integration-test/target/log,UNAVAILABLE}
2019-09-04 12:53:42,519 [ForkJoinPool.commonPool-worker-1] INFO  handler.ContextHandler (ContextHandler.java:doStop(910)) - Stopped o.e.j.s.ServletContextHandler@5100fe55{/logs,file:///workdir/hadoop-ozone/integration-test/target/log,UNAVAILABLE}
2019-09-04 12:53:42,520 [main] INFO  datanode.ObjectStoreHandler (ObjectStoreHandler.java:close(155)) - Closing ObjectStoreHandler.
2019-09-04 12:53:42,521 [ForkJoinPool.commonPool-worker-1] INFO  datanode.ObjectStoreHandler (ObjectStoreHandler.java:close(155)) - Closing ObjectStoreHandler.
2019-09-04 12:53:42,521 [main] INFO  ozone.HddsDatanodeService (HddsDatanodeService.java:stop(451)) - Stopped plug-in org.apache.hadoop.ozone.web.OzoneHddsDatanodeService@b38dc7d
2019-09-04 12:53:42,521 [ForkJoinPool.commonPool-worker-1] INFO  ozone.HddsDatanodeService (HddsDatanodeService.java:stop(451)) - Stopped plug-in org.apache.hadoop.ozone.web.OzoneHddsDatanodeService@4a65ce06
2019-09-04 12:53:42,615 [grpc-default-executor-10] WARN  server.GrpcLogAppender (LogUtils.java:warn(134)) - f53fb59c-e327-439c-b24b-4e7cfa747c0b->39c9cf8b-fdae-416a-9cdb-d7cfa9f1a255: Failed appendEntries: org.apache.ratis.thirdparty.io.grpc.StatusRuntimeException: UNAVAILABLE: io exception
2019-09-04 12:53:42,616 [grpc-default-executor-10] INFO  impl.FollowerInfo (FollowerInfo.java:lambda$new$0(50)) - f53fb59c-e327-439c-b24b-4e7cfa747c0b->39c9cf8b-fdae-416a-9cdb-d7cfa9f1a255: nextIndex: updateUnconditionally 6 -> 5
2019-09-04 12:53:42,798 | INFO  | SCMAudit | user=jenkins1000 | ip=192.168.157.199 | op=SEND_HEARTBEAT {datanodeUUID=1207c098-9d41-4144-a8e5-91613efa8ba6, command=[]} | ret=SUCCESS |  
2019-09-04 12:53:43,045 | INFO  | SCMAudit | user=jenkins1000 | ip=192.168.157.199 | op=SEND_HEARTBEAT {datanodeUUID=f53fb59c-e327-439c-b24b-4e7cfa747c0b, command=[commandType: closeContainerCommand closeContainerCommandProto { containerID: 1 pipelineID { id: "bd0f60c6-f74b-4330-8a0c-a913ea900d7e" } cmdId: 1 force: false } ]} | ret=SUCCESS |  
2019-09-04 12:53:43,055 [Datanode State Machine Thread - 0] INFO  statemachine.DatanodeStateMachine (DatanodeStateMachine.java:lambda$startDaemon$0(350)) - Ozone container server started.
2019-09-04 12:53:43,255 [Datanode State Machine Thread - 0] INFO  statemachine.DatanodeStateMachine (DatanodeStateMachine.java:lambda$startDaemon$0(350)) - Ozone container server started.
2019-09-04 12:53:43,256 | INFO  | SCMAudit | user=jenkins1000 | ip=192.168.157.199 | op=SEND_HEARTBEAT {datanodeUUID=4b7cfae5-7895-4051-8e82-f472a7425180, command=[commandType: closeContainerCommand closeContainerCommandProto { containerID: 2 pipelineID { id: "d9a3b464-b7d1-421d-87d9-fac01d009044" } cmdId: 2 force: false } ]} | ret=SUCCESS |  
2019-09-04 12:53:43,798 | INFO  | SCMAudit | user=jenkins1000 | ip=192.168.157.199 | op=SEND_HEARTBEAT {datanodeUUID=1207c098-9d41-4144-a8e5-91613efa8ba6, command=[]} | ret=SUCCESS |  
2019-09-04 12:53:44,044 | INFO  | SCMAudit | user=jenkins1000 | ip=192.168.157.199 | op=SEND_HEARTBEAT {datanodeUUID=f53fb59c-e327-439c-b24b-4e7cfa747c0b, command=[]} | ret=SUCCESS |  
2019-09-04 12:53:44,255 | INFO  | SCMAudit | user=jenkins1000 | ip=192.168.157.199 | op=SEND_HEARTBEAT {datanodeUUID=4b7cfae5-7895-4051-8e82-f472a7425180, command=[]} | ret=SUCCESS |  
2019-09-04 12:53:44,274 | INFO  | SCMAudit | user=jenkins1000 | ip=192.168.157.199 | op=SEND_HEARTBEAT {datanodeUUID=4b7cfae5-7895-4051-8e82-f472a7425180, command=[]} | ret=SUCCESS |  
2019-09-04 12:53:44,276 [grpc-default-executor-8] WARN  server.GrpcLogAppender (LogUtils.java:warn(134)) - 4b7cfae5-7895-4051-8e82-f472a7425180->ae00c9ed-9554-4461-adef-868ea78ab386: Failed appendEntries: org.apache.ratis.thirdparty.io.grpc.StatusRuntimeException: UNAVAILABLE: io exception
2019-09-04 12:53:44,276 [grpc-default-executor-8] INFO  impl.FollowerInfo (FollowerInfo.java:lambda$new$0(50)) - 4b7cfae5-7895-4051-8e82-f472a7425180->ae00c9ed-9554-4461-adef-868ea78ab386: nextIndex: updateUnconditionally 7 -> 6
2019-09-04 12:53:44,279 [grpc-default-executor-3] WARN  server.GrpcLogAppender (LogUtils.java:warn(134)) - 4b7cfae5-7895-4051-8e82-f472a7425180->ae00c9ed-9554-4461-adef-868ea78ab386: Failed appendEntries: org.apache.ratis.thirdparty.io.grpc.StatusRuntimeException: UNAVAILABLE: io exception
2019-09-04 12:53:44,279 [grpc-default-executor-3] INFO  impl.FollowerInfo (FollowerInfo.java:lambda$new$0(50)) - 4b7cfae5-7895-4051-8e82-f472a7425180->ae00c9ed-9554-4461-adef-868ea78ab386: nextIndex: updateUnconditionally 7 -> 6
2019-09-04 12:53:44,282 [grpc-default-executor-8] WARN  server.GrpcLogAppender (LogUtils.java:warn(134)) - 4b7cfae5-7895-4051-8e82-f472a7425180->ae00c9ed-9554-4461-adef-868ea78ab386: Failed appendEntries: org.apache.ratis.thirdparty.io.grpc.StatusRuntimeException: UNAVAILABLE: io exception
2019-09-04 12:53:44,282 [grpc-default-executor-8] INFO  impl.FollowerInfo (FollowerInfo.java:lambda$new$0(50)) - 4b7cfae5-7895-4051-8e82-f472a7425180->ae00c9ed-9554-4461-adef-868ea78ab386: nextIndex: updateUnconditionally 7 -> 6
2019-09-04 12:53:44,283 [RatisApplyTransactionExecutor 2] INFO  interfaces.Container (KeyValueContainer.java:flushAndSyncDB(382)) - Container 2 is synced with bcsId 4.
2019-09-04 12:53:44,283 [RatisApplyTransactionExecutor 2] INFO  interfaces.Container (KeyValueContainer.java:flushAndSyncDB(382)) - Container 2 is synced with bcsId 4.
2019-09-04 12:53:44,291 | INFO  | DNAudit | user=null | ip=null | op=CLOSE_CONTAINER {containerID=2} | ret=SUCCESS |  
2019-09-04 12:53:44,291 [RatisApplyTransactionExecutor 2] INFO  interfaces.Container (KeyValueContainer.java:flushAndSyncDB(382)) - Container 2 is synced with bcsId 4.
2019-09-04 12:53:44,291 [RatisApplyTransactionExecutor 2] INFO  interfaces.Container (KeyValueContainer.java:flushAndSyncDB(382)) - Container 2 is synced with bcsId 4.
2019-09-04 12:53:44,291 | INFO  | SCMAudit | user=jenkins1000 | ip=192.168.157.199 | op=SEND_HEARTBEAT {datanodeUUID=4b7cfae5-7895-4051-8e82-f472a7425180, command=[]} | ret=SUCCESS |  
2019-09-04 12:53:44,292 [EventQueue-IncrementalContainerReportForIncrementalContainerReportHandler] INFO  container.IncrementalContainerReportHandler (AbstractContainerReportHandler.java:updateContainerState(176)) - Moving container #2 to CLOSED state, datanode 4b7cfae5-7895-4051-8e82-f472a7425180{ip: 192.168.157.199, host: pr-hdds-1569-8n246-508421386, networkLocation: /default-rack, certSerialId: null} reported CLOSED replica.
2019-09-04 12:53:44,295 | INFO  | DNAudit | user=null | ip=null | op=CLOSE_CONTAINER {containerID=2} | ret=SUCCESS |  
2019-09-04 12:53:44,798 | INFO  | SCMAudit | user=jenkins1000 | ip=192.168.157.199 | op=SEND_HEARTBEAT {datanodeUUID=1207c098-9d41-4144-a8e5-91613efa8ba6, command=[]} | ret=SUCCESS |  
2019-09-04 12:53:45,044 | INFO  | SCMAudit | user=jenkins1000 | ip=192.168.157.199 | op=SEND_HEARTBEAT {datanodeUUID=f53fb59c-e327-439c-b24b-4e7cfa747c0b, command=[]} | ret=SUCCESS |  
2019-09-04 12:53:45,064 | INFO  | SCMAudit | user=jenkins1000 | ip=192.168.157.199 | op=SEND_HEARTBEAT {datanodeUUID=f53fb59c-e327-439c-b24b-4e7cfa747c0b, command=[]} | ret=SUCCESS |  
2019-09-04 12:53:45,066 [grpc-default-executor-3] WARN  server.GrpcLogAppender (LogUtils.java:warn(134)) - f53fb59c-e327-439c-b24b-4e7cfa747c0b->39c9cf8b-fdae-416a-9cdb-d7cfa9f1a255: Failed appendEntries: org.apache.ratis.thirdparty.io.grpc.StatusRuntimeException: UNAVAILABLE: io exception
2019-09-04 12:53:45,067 [grpc-default-executor-3] INFO  impl.FollowerInfo (FollowerInfo.java:lambda$new$0(50)) - f53fb59c-e327-439c-b24b-4e7cfa747c0b->39c9cf8b-fdae-416a-9cdb-d7cfa9f1a255: nextIndex: updateUnconditionally 6 -> 5
2019-09-04 12:53:45,079 [grpc-default-executor-3] WARN  server.GrpcLogAppender (LogUtils.java:warn(134)) - f53fb59c-e327-439c-b24b-4e7cfa747c0b->39c9cf8b-fdae-416a-9cdb-d7cfa9f1a255: Failed appendEntries: org.apache.ratis.thirdparty.io.grpc.StatusRuntimeException: UNAVAILABLE: io exception
2019-09-04 12:53:45,079 [grpc-default-executor-3] INFO  impl.FollowerInfo (FollowerInfo.java:lambda$new$0(50)) - f53fb59c-e327-439c-b24b-4e7cfa747c0b->39c9cf8b-fdae-416a-9cdb-d7cfa9f1a255: nextIndex: updateUnconditionally 6 -> 5
2019-09-04 12:53:45,091 [RatisApplyTransactionExecutor 1] INFO  interfaces.Container (KeyValueContainer.java:flushAndSyncDB(382)) - Container 1 is synced with bcsId 4.
2019-09-04 12:53:45,091 [grpc-default-executor-3] WARN  server.GrpcLogAppender (LogUtils.java:warn(134)) - f53fb59c-e327-439c-b24b-4e7cfa747c0b->39c9cf8b-fdae-416a-9cdb-d7cfa9f1a255: Failed appendEntries: org.apache.ratis.thirdparty.io.grpc.StatusRuntimeException: UNAVAILABLE: io exception
2019-09-04 12:53:45,091 [RatisApplyTransactionExecutor 1] INFO  interfaces.Container (KeyValueContainer.java:flushAndSyncDB(382)) - Container 1 is synced with bcsId 4.
2019-09-04 12:53:45,092 [grpc-default-executor-3] INFO  impl.FollowerInfo (FollowerInfo.java:lambda$new$0(50)) - f53fb59c-e327-439c-b24b-4e7cfa747c0b->39c9cf8b-fdae-416a-9cdb-d7cfa9f1a255: nextIndex: updateUnconditionally 6 -> 5
2019-09-04 12:53:45,105 | INFO  | DNAudit | user=null | ip=null | op=CLOSE_CONTAINER {containerID=1} | ret=SUCCESS |  
2019-09-04 12:53:45,105 | INFO  | SCMAudit | user=jenkins1000 | ip=192.168.157.199 | op=SEND_HEARTBEAT {datanodeUUID=f53fb59c-e327-439c-b24b-4e7cfa747c0b, command=[]} | ret=SUCCESS |  
2019-09-04 12:53:45,105 [EventQueue-IncrementalContainerReportForIncrementalContainerReportHandler] INFO  container.IncrementalContainerReportHandler (AbstractContainerReportHandler.java:updateContainerState(176)) - Moving container #1 to CLOSED state, datanode f53fb59c-e327-439c-b24b-4e7cfa747c0b{ip: 192.168.157.199, host: pr-hdds-1569-8n246-508421386, networkLocation: /default-rack, certSerialId: null} reported CLOSED replica.
2019-09-04 12:53:45,125 [RatisApplyTransactionExecutor 1] INFO  interfaces.Container (KeyValueContainer.java:flushAndSyncDB(382)) - Container 1 is synced with bcsId 4.
2019-09-04 12:53:45,126 [RatisApplyTransactionExecutor 1] INFO  interfaces.Container (KeyValueContainer.java:flushAndSyncDB(382)) - Container 1 is synced with bcsId 4.
2019-09-04 12:53:45,135 | INFO  | DNAudit | user=null | ip=null | op=CLOSE_CONTAINER {containerID=1} | ret=SUCCESS |  
2019-09-04 12:53:45,292 | INFO  | SCMAudit | user=jenkins1000 | ip=192.168.157.199 | op=SEND_HEARTBEAT {datanodeUUID=4b7cfae5-7895-4051-8e82-f472a7425180, command=[]} | ret=SUCCESS |  
2019-09-04 12:53:45,799 | INFO  | SCMAudit | user=jenkins1000 | ip=192.168.157.199 | op=SEND_HEARTBEAT {datanodeUUID=1207c098-9d41-4144-a8e5-91613efa8ba6, command=[]} | ret=SUCCESS |  
2019-09-04 12:53:46,106 | INFO  | SCMAudit | user=jenkins1000 | ip=192.168.157.199 | op=SEND_HEARTBEAT {datanodeUUID=f53fb59c-e327-439c-b24b-4e7cfa747c0b, command=[]} | ret=SUCCESS |  
2019-09-04 12:53:46,292 | INFO  | SCMAudit | user=jenkins1000 | ip=192.168.157.199 | op=SEND_HEARTBEAT {datanodeUUID=4b7cfae5-7895-4051-8e82-f472a7425180, command=[]} | ret=SUCCESS |  
2019-09-04 12:53:46,784 [grpc-default-executor-8] WARN  server.GrpcLogAppender (LogUtils.java:warn(134)) - 4b7cfae5-7895-4051-8e82-f472a7425180->ae00c9ed-9554-4461-adef-868ea78ab386: Failed appendEntries: org.apache.ratis.thirdparty.io.grpc.StatusRuntimeException: UNAVAILABLE: io exception
2019-09-04 12:53:46,784 [grpc-default-executor-8] INFO  impl.FollowerInfo (FollowerInfo.java:lambda$new$0(50)) - 4b7cfae5-7895-4051-8e82-f472a7425180->ae00c9ed-9554-4461-adef-868ea78ab386: nextIndex: updateUnconditionally 6 -> 5
2019-09-04 12:53:46,798 | INFO  | SCMAudit | user=jenkins1000 | ip=192.168.157.199 | op=SEND_HEARTBEAT {datanodeUUID=1207c098-9d41-4144-a8e5-91613efa8ba6, command=[]} | ret=SUCCESS |  
2019-09-04 12:53:47,105 | INFO  | SCMAudit | user=jenkins1000 | ip=192.168.157.199 | op=SEND_HEARTBEAT {datanodeUUID=f53fb59c-e327-439c-b24b-4e7cfa747c0b, command=[]} | ret=SUCCESS |  
2019-09-04 12:53:47,117 [EventQueue-StaleNodeForStaleNodeHandler] INFO  node.StaleNodeHandler (StaleNodeHandler.java:onMessage(58)) - Datanode 62db11bf-06c4-4bc0-b55c-ce874389853c{ip: 192.168.157.199, host: pr-hdds-1569-8n246-508421386, networkLocation: /default-rack, certSerialId: null} moved to stale state. Finalizing its pipelines [PipelineID=bd0f60c6-f74b-4330-8a0c-a913ea900d7e, PipelineID=7b8f7af0-5033-4b13-9bfa-80d15c3b7076]
2019-09-04 12:53:47,118 [EventQueue-StaleNodeForStaleNodeHandler] INFO  pipeline.SCMPipelineManager (SCMPipelineManager.java:finalizeAndDestroyPipeline(309)) - destroying pipeline:Pipeline[ Id: bd0f60c6-f74b-4330-8a0c-a913ea900d7e, Nodes: f53fb59c-e327-439c-b24b-4e7cfa747c0b{ip: 192.168.157.199, host: pr-hdds-1569-8n246-508421386, networkLocation: /default-rack, certSerialId: null}39c9cf8b-fdae-416a-9cdb-d7cfa9f1a255{ip: 192.168.157.199, host: pr-hdds-1569-8n246-508421386, networkLocation: /default-rack, certSerialId: null}62db11bf-06c4-4bc0-b55c-ce874389853c{ip: 192.168.157.199, host: pr-hdds-1569-8n246-508421386, networkLocation: /default-rack, certSerialId: null}, Type:RATIS, Factor:THREE, State:CLOSED]
2019-09-04 12:53:47,118 [EventQueue-StaleNodeForStaleNodeHandler] INFO  pipeline.SCMPipelineManager (SCMPipelineManager.java:finalizeAndDestroyPipeline(309)) - destroying pipeline:Pipeline[ Id: 7b8f7af0-5033-4b13-9bfa-80d15c3b7076, Nodes: 62db11bf-06c4-4bc0-b55c-ce874389853c{ip: 192.168.157.199, host: pr-hdds-1569-8n246-508421386, networkLocation: /default-rack, certSerialId: null}, Type:RATIS, Factor:ONE, State:OPEN]
2019-09-04 12:53:47,118 [EventQueue-StaleNodeForStaleNodeHandler] INFO  pipeline.PipelineStateManager (PipelineStateManager.java:finalizePipeline(123)) - Pipeline Pipeline[ Id: 7b8f7af0-5033-4b13-9bfa-80d15c3b7076, Nodes: 62db11bf-06c4-4bc0-b55c-ce874389853c{ip: 192.168.157.199, host: pr-hdds-1569-8n246-508421386, networkLocation: /default-rack, certSerialId: null}, Type:RATIS, Factor:ONE, State:CLOSED] moved to CLOSED state
2019-09-04 12:53:47,293 | INFO  | SCMAudit | user=jenkins1000 | ip=192.168.157.199 | op=SEND_HEARTBEAT {datanodeUUID=4b7cfae5-7895-4051-8e82-f472a7425180, command=[]} | ret=SUCCESS |  
2019-09-04 12:53:47,318 [EventQueue-StaleNodeForStaleNodeHandler] INFO  node.StaleNodeHandler (StaleNodeHandler.java:onMessage(58)) - Datanode 1db2284d-cc5a-4f9d-9b30-3a0b3bda8807{ip: 192.168.157.199, host: pr-hdds-1569-8n246-508421386, networkLocation: /default-rack, certSerialId: null} moved to stale state. Finalizing its pipelines [PipelineID=d9a3b464-b7d1-421d-87d9-fac01d009044, PipelineID=18a5b62d-9757-478f-9988-3543ff332737]
2019-09-04 12:53:47,318 [EventQueue-StaleNodeForStaleNodeHandler] INFO  pipeline.SCMPipelineManager (SCMPipelineManager.java:finalizeAndDestroyPipeline(309)) - destroying pipeline:Pipeline[ Id: d9a3b464-b7d1-421d-87d9-fac01d009044, Nodes: ae00c9ed-9554-4461-adef-868ea78ab386{ip: 192.168.157.199, host: pr-hdds-1569-8n246-508421386, networkLocation: /default-rack, certSerialId: null}1db2284d-cc5a-4f9d-9b30-3a0b3bda8807{ip: 192.168.157.199, host: pr-hdds-1569-8n246-508421386, networkLocation: /default-rack, certSerialId: null}4b7cfae5-7895-4051-8e82-f472a7425180{ip: 192.168.157.199, host: pr-hdds-1569-8n246-508421386, networkLocation: /default-rack, certSerialId: null}, Type:RATIS, Factor:THREE, State:CLOSED]
2019-09-04 12:53:47,318 [EventQueue-StaleNodeForStaleNodeHandler] INFO  pipeline.SCMPipelineManager (SCMPipelineManager.java:finalizeAndDestroyPipeline(309)) - destroying pipeline:Pipeline[ Id: 18a5b62d-9757-478f-9988-3543ff332737, Nodes: 1db2284d-cc5a-4f9d-9b30-3a0b3bda8807{ip: 192.168.157.199, host: pr-hdds-1569-8n246-508421386, networkLocation: /default-rack, certSerialId: null}, Type:RATIS, Factor:ONE, State:OPEN]
2019-09-04 12:53:47,319 [EventQueue-StaleNodeForStaleNodeHandler] INFO  pipeline.PipelineStateManager (PipelineStateManager.java:finalizePipeline(123)) - Pipeline Pipeline[ Id: 18a5b62d-9757-478f-9988-3543ff332737, Nodes: 1db2284d-cc5a-4f9d-9b30-3a0b3bda8807{ip: 192.168.157.199, host: pr-hdds-1569-8n246-508421386, networkLocation: /default-rack, certSerialId: null}, Type:RATIS, Factor:ONE, State:CLOSED] moved to CLOSED state
2019-09-04 12:53:47,524 [ForkJoinPool.commonPool-worker-1] INFO  ozoneimpl.OzoneContainer (OzoneContainer.java:stop(199)) - Attempting to stop container services.
2019-09-04 12:53:47,524 [main] INFO  ozoneimpl.OzoneContainer (OzoneContainer.java:stop(199)) - Attempting to stop container services.
2019-09-04 12:53:47,525 [ForkJoinPool.commonPool-worker-1] INFO  impl.RaftServerProxy (RaftServerProxy.java:lambda$close$4(314)) - 1db2284d-cc5a-4f9d-9b30-3a0b3bda8807: close
2019-09-04 12:53:47,525 [main] INFO  impl.RaftServerProxy (RaftServerProxy.java:lambda$close$4(314)) - 62db11bf-06c4-4bc0-b55c-ce874389853c: close
2019-09-04 12:53:47,525 [ForkJoinPool.commonPool-worker-1] INFO  impl.RaftServerImpl (RaftServerImpl.java:lambda$shutdown$3(245)) - 1db2284d-cc5a-4f9d-9b30-3a0b3bda8807: shutdown group-FAC01D009044
2019-09-04 12:53:47,526 [main] INFO  impl.RaftServerImpl (RaftServerImpl.java:lambda$shutdown$3(245)) - 62db11bf-06c4-4bc0-b55c-ce874389853c: shutdown group-A913EA900D7E
2019-09-04 12:53:47,526 [ForkJoinPool.commonPool-worker-1] INFO  util.JmxRegister (JmxRegister.java:unregister(73)) - Successfully un-registered JMX Bean with object name Ratis:service=RaftServer,group=group-FAC01D009044,id=1db2284d-cc5a-4f9d-9b30-3a0b3bda8807
2019-09-04 12:53:47,527 [ForkJoinPool.commonPool-worker-1] INFO  impl.RoleInfo (RoleInfo.java:shutdownFollowerState(121)) - 1db2284d-cc5a-4f9d-9b30-3a0b3bda8807: shutdown FollowerState
2019-09-04 12:53:47,527 [main] INFO  util.JmxRegister (JmxRegister.java:unregister(73)) - Successfully un-registered JMX Bean with object name Ratis:service=RaftServer,group=group-A913EA900D7E,id=62db11bf-06c4-4bc0-b55c-ce874389853c
2019-09-04 12:53:47,528 [StateMachineUpdater:1db2284d-cc5a-4f9d-9b30-3a0b3bda8807:group-FAC01D009044] INFO  ratis.ContainerStateMachine (ContainerStateMachine.java:takeSnapshot(283)) - group-FAC01D009044: Taking a snapshot at:(t:1, i:7) file /workdir/hadoop-ozone/integration-test/target/test-dir/MiniOzoneClusterImpl-961fece6-1daa-4ad6-854f-a9aa561cc73b/datanode-2/data/ratis/d9a3b464-b7d1-421d-87d9-fac01d009044/sm/snapshot.1_7
2019-09-04 12:53:47,527 [Thread-4167] INFO  impl.FollowerState (FollowerState.java:run(114)) - 1db2284d-cc5a-4f9d-9b30-3a0b3bda8807: FollowerState was interrupted: java.lang.InterruptedException: sleep interrupted
2019-09-04 12:53:47,527 [ForkJoinPool.commonPool-worker-1] INFO  impl.StateMachineUpdater (StateMachineUpdater.java:stopAndJoin(115)) - StateMachineUpdater:1db2284d-cc5a-4f9d-9b30-3a0b3bda8807:group-FAC01D009044: set stopIndex = 8
2019-09-04 12:53:47,528 [main] INFO  impl.RoleInfo (RoleInfo.java:shutdownFollowerState(121)) - 62db11bf-06c4-4bc0-b55c-ce874389853c: shutdown FollowerState
2019-09-04 12:53:47,533 [main] INFO  impl.StateMachineUpdater (StateMachineUpdater.java:stopAndJoin(115)) - StateMachineUpdater:62db11bf-06c4-4bc0-b55c-ce874389853c:group-A913EA900D7E: set stopIndex = 7
2019-09-04 12:53:47,533 [Thread-4193] INFO  impl.FollowerState (FollowerState.java:run(114)) - 62db11bf-06c4-4bc0-b55c-ce874389853c: FollowerState was interrupted: java.lang.InterruptedException: sleep interrupted
2019-09-04 12:53:47,533 [StateMachineUpdater:62db11bf-06c4-4bc0-b55c-ce874389853c:group-A913EA900D7E] INFO  ratis.ContainerStateMachine (ContainerStateMachine.java:takeSnapshot(283)) - group-A913EA900D7E: Taking a snapshot at:(t:1, i:7) file /workdir/hadoop-ozone/integration-test/target/test-dir/MiniOzoneClusterImpl-961fece6-1daa-4ad6-854f-a9aa561cc73b/datanode-3/data/ratis/bd0f60c6-f74b-4330-8a0c-a913ea900d7e/sm/snapshot.1_7
2019-09-04 12:53:47,558 [StateMachineUpdater:62db11bf-06c4-4bc0-b55c-ce874389853c:group-A913EA900D7E] INFO  ratis.ContainerStateMachine (ContainerStateMachine.java:takeSnapshot(294)) - group-A913EA900D7E: Finished taking a snapshot at:(t:1, i:7) file:/workdir/hadoop-ozone/integration-test/target/test-dir/MiniOzoneClusterImpl-961fece6-1daa-4ad6-854f-a9aa561cc73b/datanode-3/data/ratis/bd0f60c6-f74b-4330-8a0c-a913ea900d7e/sm/snapshot.1_7 time:24
2019-09-04 12:53:47,558 [StateMachineUpdater:62db11bf-06c4-4bc0-b55c-ce874389853c:group-A913EA900D7E] INFO  impl.StateMachineUpdater (StateMachineUpdater.java:takeSnapshot(242)) - StateMachineUpdater:62db11bf-06c4-4bc0-b55c-ce874389853c:group-A913EA900D7E: Took a snapshot at index 7
2019-09-04 12:53:47,558 [StateMachineUpdater:1db2284d-cc5a-4f9d-9b30-3a0b3bda8807:group-FAC01D009044] INFO  ratis.ContainerStateMachine (ContainerStateMachine.java:takeSnapshot(294)) - group-FAC01D009044: Finished taking a snapshot at:(t:1, i:7) file:/workdir/hadoop-ozone/integration-test/target/test-dir/MiniOzoneClusterImpl-961fece6-1daa-4ad6-854f-a9aa561cc73b/datanode-2/data/ratis/d9a3b464-b7d1-421d-87d9-fac01d009044/sm/snapshot.1_7 time:30
2019-09-04 12:53:47,558 [StateMachineUpdater:62db11bf-06c4-4bc0-b55c-ce874389853c:group-A913EA900D7E] INFO  impl.StateMachineUpdater (StateMachineUpdater.java:lambda$new$0(80)) - StateMachineUpdater:62db11bf-06c4-4bc0-b55c-ce874389853c:group-A913EA900D7E: snapshotIndex: updateIncreasingly -1 -> 7
2019-09-04 12:53:47,558 [StateMachineUpdater:1db2284d-cc5a-4f9d-9b30-3a0b3bda8807:group-FAC01D009044] INFO  impl.StateMachineUpdater (StateMachineUpdater.java:takeSnapshot(242)) - StateMachineUpdater:1db2284d-cc5a-4f9d-9b30-3a0b3bda8807:group-FAC01D009044: Took a snapshot at index 7
2019-09-04 12:53:47,558 [StateMachineUpdater:1db2284d-cc5a-4f9d-9b30-3a0b3bda8807:group-FAC01D009044] INFO  impl.StateMachineUpdater (StateMachineUpdater.java:lambda$new$0(80)) - StateMachineUpdater:1db2284d-cc5a-4f9d-9b30-3a0b3bda8807:group-FAC01D009044: snapshotIndex: updateIncreasingly -1 -> 7
2019-09-04 12:53:47,558 [main] INFO  impl.RaftServerImpl (ServerState.java:close(394)) - 62db11bf-06c4-4bc0-b55c-ce874389853c:group-A913EA900D7E closes. The last applied log index is 7
2019-09-04 12:53:47,559 [ForkJoinPool.commonPool-worker-1] INFO  impl.RaftServerImpl (ServerState.java:close(394)) - 1db2284d-cc5a-4f9d-9b30-3a0b3bda8807:group-FAC01D009044 closes. The last applied log index is 8
2019-09-04 12:53:47,559 [62db11bf-06c4-4bc0-b55c-ce874389853c-SegmentedRaftLogWorker:Storage Directory /workdir/hadoop-ozone/integration-test/target/test-dir/MiniOzoneClusterImpl-961fece6-1daa-4ad6-854f-a9aa561cc73b/datanode-3/data/ratis/bd0f60c6-f74b-4330-8a0c-a913ea900d7e] INFO  segmented.SegmentedRaftLogWorker (SegmentedRaftLogWorker.java:run(313)) - 62db11bf-06c4-4bc0-b55c-ce874389853c-SegmentedRaftLogWorker:Storage Directory /workdir/hadoop-ozone/integration-test/target/test-dir/MiniOzoneClusterImpl-961fece6-1daa-4ad6-854f-a9aa561cc73b/datanode-3/data/ratis/bd0f60c6-f74b-4330-8a0c-a913ea900d7e was interrupted, exiting. There are 0 tasks remaining in the queue.
2019-09-04 12:53:47,560 [1db2284d-cc5a-4f9d-9b30-3a0b3bda8807-SegmentedRaftLogWorker:Storage Directory /workdir/hadoop-ozone/integration-test/target/test-dir/MiniOzoneClusterImpl-961fece6-1daa-4ad6-854f-a9aa561cc73b/datanode-2/data/ratis/d9a3b464-b7d1-421d-87d9-fac01d009044] INFO  segmented.SegmentedRaftLogWorker (SegmentedRaftLogWorker.java:run(313)) - 1db2284d-cc5a-4f9d-9b30-3a0b3bda8807-SegmentedRaftLogWorker:Storage Directory /workdir/hadoop-ozone/integration-test/target/test-dir/MiniOzoneClusterImpl-961fece6-1daa-4ad6-854f-a9aa561cc73b/datanode-2/data/ratis/d9a3b464-b7d1-421d-87d9-fac01d009044 was interrupted, exiting. There are 0 tasks remaining in the queue.
2019-09-04 12:53:47,562 [main] INFO  segmented.SegmentedRaftLogWorker (SegmentedRaftLogWorker.java:close(228)) - 62db11bf-06c4-4bc0-b55c-ce874389853c-SegmentedRaftLogWorker:Storage Directory /workdir/hadoop-ozone/integration-test/target/test-dir/MiniOzoneClusterImpl-961fece6-1daa-4ad6-854f-a9aa561cc73b/datanode-3/data/ratis/bd0f60c6-f74b-4330-8a0c-a913ea900d7e close()
2019-09-04 12:53:47,565 [ForkJoinPool.commonPool-worker-1] INFO  segmented.SegmentedRaftLogWorker (SegmentedRaftLogWorker.java:close(228)) - 1db2284d-cc5a-4f9d-9b30-3a0b3bda8807-SegmentedRaftLogWorker:Storage Directory /workdir/hadoop-ozone/integration-test/target/test-dir/MiniOzoneClusterImpl-961fece6-1daa-4ad6-854f-a9aa561cc73b/datanode-2/data/ratis/d9a3b464-b7d1-421d-87d9-fac01d009044 close()
2019-09-04 12:53:47,569 [main] INFO  impl.RaftServerImpl (RaftServerImpl.java:lambda$shutdown$3(245)) - 62db11bf-06c4-4bc0-b55c-ce874389853c: shutdown group-80D15C3B7076
2019-09-04 12:53:47,574 [ForkJoinPool.commonPool-worker-1] INFO  impl.RaftServerImpl (RaftServerImpl.java:lambda$shutdown$3(245)) - 1db2284d-cc5a-4f9d-9b30-3a0b3bda8807: shutdown group-3543FF332737
2019-09-04 12:53:47,574 [main] INFO  util.JmxRegister (JmxRegister.java:unregister(73)) - Successfully un-registered JMX Bean with object name Ratis:service=RaftServer,group=group-80D15C3B7076,id=62db11bf-06c4-4bc0-b55c-ce874389853c
2019-09-04 12:53:47,575 [main] INFO  impl.RoleInfo (RoleInfo.java:shutdownLeaderState(104)) - 62db11bf-06c4-4bc0-b55c-ce874389853c: shutdown LeaderState
2019-09-04 12:53:47,575 [ForkJoinPool.commonPool-worker-1] INFO  util.JmxRegister (JmxRegister.java:unregister(73)) - Successfully un-registered JMX Bean with object name Ratis:service=RaftServer,group=group-3543FF332737,id=1db2284d-cc5a-4f9d-9b30-3a0b3bda8807
2019-09-04 12:53:47,576 [main] INFO  impl.PendingRequests (PendingRequests.java:sendNotLeaderResponses(202)) - 62db11bf-06c4-4bc0-b55c-ce874389853c-PendingRequests: sendNotLeaderResponses
2019-09-04 12:53:47,576 [ForkJoinPool.commonPool-worker-1] INFO  impl.RoleInfo (RoleInfo.java:shutdownLeaderState(104)) - 1db2284d-cc5a-4f9d-9b30-3a0b3bda8807: shutdown LeaderState
2019-09-04 12:53:47,576 [main] INFO  impl.StateMachineUpdater (StateMachineUpdater.java:stopAndJoin(115)) - StateMachineUpdater:62db11bf-06c4-4bc0-b55c-ce874389853c:group-80D15C3B7076: set stopIndex = 0
2019-09-04 12:53:47,577 [ForkJoinPool.commonPool-worker-1] INFO  impl.PendingRequests (PendingRequests.java:sendNotLeaderResponses(202)) - 1db2284d-cc5a-4f9d-9b30-3a0b3bda8807-PendingRequests: sendNotLeaderResponses
2019-09-04 12:53:47,577 [main] INFO  impl.RaftServerImpl (ServerState.java:close(394)) - 62db11bf-06c4-4bc0-b55c-ce874389853c:group-80D15C3B7076 closes. The last applied log index is 0
2019-09-04 12:53:47,578 [ForkJoinPool.commonPool-worker-1] INFO  impl.StateMachineUpdater (StateMachineUpdater.java:stopAndJoin(115)) - StateMachineUpdater:1db2284d-cc5a-4f9d-9b30-3a0b3bda8807:group-3543FF332737: set stopIndex = 0
2019-09-04 12:53:47,578 [62db11bf-06c4-4bc0-b55c-ce874389853c-SegmentedRaftLogWorker:Storage Directory /workdir/hadoop-ozone/integration-test/target/test-dir/MiniOzoneClusterImpl-961fece6-1daa-4ad6-854f-a9aa561cc73b/datanode-3/data/ratis/7b8f7af0-5033-4b13-9bfa-80d15c3b7076] INFO  segmented.SegmentedRaftLogWorker (SegmentedRaftLogWorker.java:run(313)) - 62db11bf-06c4-4bc0-b55c-ce874389853c-SegmentedRaftLogWorker:Storage Directory /workdir/hadoop-ozone/integration-test/target/test-dir/MiniOzoneClusterImpl-961fece6-1daa-4ad6-854f-a9aa561cc73b/datanode-3/data/ratis/7b8f7af0-5033-4b13-9bfa-80d15c3b7076 was interrupted, exiting. There are 0 tasks remaining in the queue.
2019-09-04 12:53:47,578 [ForkJoinPool.commonPool-worker-1] INFO  impl.RaftServerImpl (ServerState.java:close(394)) - 1db2284d-cc5a-4f9d-9b30-3a0b3bda8807:group-3543FF332737 closes. The last applied log index is 0
2019-09-04 12:53:47,581 [main] INFO  segmented.SegmentedRaftLogWorker (SegmentedRaftLogWorker.java:close(228)) - 62db11bf-06c4-4bc0-b55c-ce874389853c-SegmentedRaftLogWorker:Storage Directory /workdir/hadoop-ozone/integration-test/target/test-dir/MiniOzoneClusterImpl-961fece6-1daa-4ad6-854f-a9aa561cc73b/datanode-3/data/ratis/7b8f7af0-5033-4b13-9bfa-80d15c3b7076 close()
2019-09-04 12:53:47,581 [1db2284d-cc5a-4f9d-9b30-3a0b3bda8807-SegmentedRaftLogWorker:Storage Directory /workdir/hadoop-ozone/integration-test/target/test-dir/MiniOzoneClusterImpl-961fece6-1daa-4ad6-854f-a9aa561cc73b/datanode-2/data/ratis/18a5b62d-9757-478f-9988-3543ff332737] INFO  segmented.SegmentedRaftLogWorker (SegmentedRaftLogWorker.java:run(313)) - 1db2284d-cc5a-4f9d-9b30-3a0b3bda8807-SegmentedRaftLogWorker:Storage Directory /workdir/hadoop-ozone/integration-test/target/test-dir/MiniOzoneClusterImpl-961fece6-1daa-4ad6-854f-a9aa561cc73b/datanode-2/data/ratis/18a5b62d-9757-478f-9988-3543ff332737 was interrupted, exiting. There are 0 tasks remaining in the queue.
2019-09-04 12:53:47,595 [main] INFO  server.GrpcService (GrpcService.java:closeImpl(155)) - 62db11bf-06c4-4bc0-b55c-ce874389853c: shutdown server with port 39889 now
2019-09-04 12:53:47,597 [ForkJoinPool.commonPool-worker-1] INFO  segmented.SegmentedRaftLogWorker (SegmentedRaftLogWorker.java:close(228)) - 1db2284d-cc5a-4f9d-9b30-3a0b3bda8807-SegmentedRaftLogWorker:Storage Directory /workdir/hadoop-ozone/integration-test/target/test-dir/MiniOzoneClusterImpl-961fece6-1daa-4ad6-854f-a9aa561cc73b/datanode-2/data/ratis/18a5b62d-9757-478f-9988-3543ff332737 close()
2019-09-04 12:53:47,600 [ForkJoinPool.commonPool-worker-1] INFO  server.GrpcService (GrpcService.java:closeImpl(155)) - 1db2284d-cc5a-4f9d-9b30-3a0b3bda8807: shutdown server with port 41453 now
2019-09-04 12:53:47,600 [grpc-default-executor-10] WARN  server.GrpcServerProtocolService (LogUtils.java:warn(134)) - 62db11bf-06c4-4bc0-b55c-ce874389853c: appendEntries onError: org.apache.ratis.thirdparty.io.grpc.StatusRuntimeException: CANCELLED: cancelled before receiving half close
2019-09-04 12:53:47,600 [main] INFO  server.GrpcService (GrpcService.java:closeImpl(163)) - 62db11bf-06c4-4bc0-b55c-ce874389853c: shutdown server with port 39889 successfully
2019-09-04 12:53:47,600 [grpc-default-executor-10] WARN  server.GrpcLogAppender (LogUtils.java:warn(134)) - f53fb59c-e327-439c-b24b-4e7cfa747c0b->62db11bf-06c4-4bc0-b55c-ce874389853c: Failed appendEntries: org.apache.ratis.thirdparty.io.grpc.StatusRuntimeException: CANCELLED: HTTP/2 error code: CANCEL
Received Rst Stream
2019-09-04 12:53:47,601 [ForkJoinPool.commonPool-worker-1] INFO  server.GrpcService (GrpcService.java:closeImpl(163)) - 1db2284d-cc5a-4f9d-9b30-3a0b3bda8807: shutdown server with port 41453 successfully
2019-09-04 12:53:47,601 [grpc-default-executor-9] WARN  server.GrpcLogAppender (LogUtils.java:warn(134)) - 4b7cfae5-7895-4051-8e82-f472a7425180->1db2284d-cc5a-4f9d-9b30-3a0b3bda8807: Failed appendEntries: org.apache.ratis.thirdparty.io.grpc.StatusRuntimeException: CANCELLED: HTTP/2 error code: CANCEL
Received Rst Stream
2019-09-04 12:53:47,601 [grpc-default-executor-8] WARN  server.GrpcServerProtocolService (LogUtils.java:warn(134)) - 1db2284d-cc5a-4f9d-9b30-3a0b3bda8807: appendEntries onError: org.apache.ratis.thirdparty.io.grpc.StatusRuntimeException: CANCELLED: cancelled before receiving half close
2019-09-04 12:53:47,602 [grpc-default-executor-9] INFO  impl.FollowerInfo (FollowerInfo.java:lambda$new$0(50)) - 4b7cfae5-7895-4051-8e82-f472a7425180->1db2284d-cc5a-4f9d-9b30-3a0b3bda8807: nextIndex: updateUnconditionally 9 -> 8
2019-09-04 12:53:47,601 [grpc-default-executor-10] INFO  impl.FollowerInfo (FollowerInfo.java:lambda$new$0(50)) - f53fb59c-e327-439c-b24b-4e7cfa747c0b->62db11bf-06c4-4bc0-b55c-ce874389853c: nextIndex: updateUnconditionally 9 -> 8
2019-09-04 12:53:47,601 [grpc-default-executor-3] WARN  server.GrpcLogAppender (LogUtils.java:warn(134)) - f53fb59c-e327-439c-b24b-4e7cfa747c0b->39c9cf8b-fdae-416a-9cdb-d7cfa9f1a255: Failed appendEntries: org.apache.ratis.thirdparty.io.grpc.StatusRuntimeException: UNAVAILABLE: io exception
2019-09-04 12:53:47,603 [main] INFO  utils.BackgroundService (BackgroundService.java:shutdown(148)) - Shutting down service BlockDeletingService
2019-09-04 12:53:47,603 [grpc-default-executor-3] INFO  impl.FollowerInfo (FollowerInfo.java:lambda$new$0(50)) - f53fb59c-e327-439c-b24b-4e7cfa747c0b->39c9cf8b-fdae-416a-9cdb-d7cfa9f1a255: nextIndex: updateUnconditionally 5 -> 4
2019-09-04 12:53:47,603 [ForkJoinPool.commonPool-worker-1] INFO  utils.BackgroundService (BackgroundService.java:shutdown(148)) - Shutting down service BlockDeletingService
2019-09-04 12:53:47,611 [refreshUsed-/workdir/hadoop-ozone/integration-test/target/test-dir/MiniOzoneClusterImpl-961fece6-1daa-4ad6-854f-a9aa561cc73b/datanode-3/data/containers] WARN  fs.CachingGetSpaceUsed (CachingGetSpaceUsed.java:run(183)) - Thread Interrupted waiting to refresh disk information: sleep interrupted
2019-09-04 12:53:47,611 [refreshUsed-/workdir/hadoop-ozone/integration-test/target/test-dir/MiniOzoneClusterImpl-961fece6-1daa-4ad6-854f-a9aa561cc73b/datanode-2/data/containers] WARN  fs.CachingGetSpaceUsed (CachingGetSpaceUsed.java:run(183)) - Thread Interrupted waiting to refresh disk information: sleep interrupted
2019-09-04 12:53:47,631 [ForkJoinPool.commonPool-worker-1] INFO  statemachine.DatanodeStateMachine (DatanodeStateMachine.java:stopDaemon(395)) - Ozone container server stopped.
2019-09-04 12:53:47,647 [ForkJoinPool.commonPool-worker-1] INFO  handler.ContextHandler (ContextHandler.java:doStop(910)) - Stopped o.e.j.w.WebAppContext@2087181d{/,null,UNAVAILABLE}{/hddsDatanode}
2019-09-04 12:53:47,648 [ForkJoinPool.commonPool-worker-1] INFO  server.AbstractConnector (AbstractConnector.java:doStop(318)) - Stopped ServerConnector@2e50ca51{HTTP/1.1,[http/1.1]}{0.0.0.0:0}
2019-09-04 12:53:47,650 [ForkJoinPool.commonPool-worker-1] INFO  handler.ContextHandler (ContextHandler.java:doStop(910)) - Stopped o.e.j.s.ServletContextHandler@3d707885{/static,jar:file:/home/user/.m2/repository/org/apache/hadoop/hadoop-hdds-container-service/0.5.0-SNAPSHOT/hadoop-hdds-container-service-0.5.0-SNAPSHOT.jar!/webapps/static,UNAVAILABLE}
2019-09-04 12:53:47,652 [ForkJoinPool.commonPool-worker-1] INFO  handler.ContextHandler (ContextHandler.java:doStop(910)) - Stopped o.e.j.s.ServletContextHandler@39aa595{/logs,file:///workdir/hadoop-ozone/integration-test/target/log,UNAVAILABLE}
2019-09-04 12:53:47,655 [ForkJoinPool.commonPool-worker-1] INFO  datanode.ObjectStoreHandler (ObjectStoreHandler.java:close(155)) - Closing ObjectStoreHandler.
2019-09-04 12:53:47,663 [main] INFO  statemachine.DatanodeStateMachine (DatanodeStateMachine.java:stopDaemon(395)) - Ozone container server stopped.
2019-09-04 12:53:47,663 [ForkJoinPool.commonPool-worker-1] INFO  ozone.HddsDatanodeService (HddsDatanodeService.java:stop(451)) - Stopped plug-in org.apache.hadoop.ozone.web.OzoneHddsDatanodeService@6d985720
2019-09-04 12:53:47,664 [main] INFO  handler.ContextHandler (ContextHandler.java:doStop(910)) - Stopped o.e.j.w.WebAppContext@4e44b713{/,null,UNAVAILABLE}{/hddsDatanode}
2019-09-04 12:53:47,665 [main] INFO  server.AbstractConnector (AbstractConnector.java:doStop(318)) - Stopped ServerConnector@4a83740e{HTTP/1.1,[http/1.1]}{0.0.0.0:0}
2019-09-04 12:53:47,665 [main] INFO  handler.ContextHandler (ContextHandler.java:doStop(910)) - Stopped o.e.j.s.ServletContextHandler@3594b4b4{/static,jar:file:/home/user/.m2/repository/org/apache/hadoop/hadoop-hdds-container-service/0.5.0-SNAPSHOT/hadoop-hdds-container-service-0.5.0-SNAPSHOT.jar!/webapps/static,UNAVAILABLE}
2019-09-04 12:53:47,666 [main] INFO  handler.ContextHandler (ContextHandler.java:doStop(910)) - Stopped o.e.j.s.ServletContextHandler@64bcf689{/logs,file:///workdir/hadoop-ozone/integration-test/target/log,UNAVAILABLE}
2019-09-04 12:53:47,667 [main] INFO  datanode.ObjectStoreHandler (ObjectStoreHandler.java:close(155)) - Closing ObjectStoreHandler.
2019-09-04 12:53:47,668 [main] INFO  ozone.HddsDatanodeService (HddsDatanodeService.java:stop(451)) - Stopped plug-in org.apache.hadoop.ozone.web.OzoneHddsDatanodeService@891f18f
2019-09-04 12:53:47,798 [Datanode State Machine Thread - 0] INFO  statemachine.DatanodeStateMachine (DatanodeStateMachine.java:lambda$startDaemon$0(350)) - Ozone container server started.
2019-09-04 12:53:48,106 | INFO  | SCMAudit | user=jenkins1000 | ip=192.168.157.199 | op=SEND_HEARTBEAT {datanodeUUID=f53fb59c-e327-439c-b24b-4e7cfa747c0b, command=[]} | ret=SUCCESS |  
2019-09-04 12:53:48,291 [Datanode State Machine Thread - 0] INFO  statemachine.DatanodeStateMachine (DatanodeStateMachine.java:lambda$startDaemon$0(350)) - Ozone container server started.
2019-09-04 12:53:49,105 | INFO  | SCMAudit | user=jenkins1000 | ip=192.168.157.199 | op=SEND_HEARTBEAT {datanodeUUID=f53fb59c-e327-439c-b24b-4e7cfa747c0b, command=[]} | ret=SUCCESS |  
2019-09-04 12:53:49,284 [grpc-default-executor-10] WARN  server.GrpcLogAppender (LogUtils.java:warn(134)) - 4b7cfae5-7895-4051-8e82-f472a7425180->ae00c9ed-9554-4461-adef-868ea78ab386: Failed appendEntries: org.apache.ratis.thirdparty.io.grpc.StatusRuntimeException: UNAVAILABLE: io exception
2019-09-04 12:53:49,285 [grpc-default-executor-10] INFO  impl.FollowerInfo (FollowerInfo.java:lambda$new$0(50)) - 4b7cfae5-7895-4051-8e82-f472a7425180->ae00c9ed-9554-4461-adef-868ea78ab386: nextIndex: updateUnconditionally 5 -> 4
2019-09-04 12:53:49,285 [grpc-default-executor-3] WARN  server.GrpcLogAppender (LogUtils.java:warn(134)) - 4b7cfae5-7895-4051-8e82-f472a7425180->1db2284d-cc5a-4f9d-9b30-3a0b3bda8807: Failed appendEntries: org.apache.ratis.thirdparty.io.grpc.StatusRuntimeException: UNAVAILABLE: io exception
2019-09-04 12:53:49,286 [grpc-default-executor-3] INFO  impl.FollowerInfo (FollowerInfo.java:lambda$new$0(50)) - 4b7cfae5-7895-4051-8e82-f472a7425180->1db2284d-cc5a-4f9d-9b30-3a0b3bda8807: nextIndex: updateUnconditionally 8 -> 7
2019-09-04 12:53:50,097 [grpc-default-executor-9] WARN  server.GrpcLogAppender (LogUtils.java:warn(134)) - f53fb59c-e327-439c-b24b-4e7cfa747c0b->62db11bf-06c4-4bc0-b55c-ce874389853c: Failed appendEntries: org.apache.ratis.thirdparty.io.grpc.StatusRuntimeException: UNAVAILABLE: io exception
2019-09-04 12:53:50,097 [grpc-default-executor-9] INFO  impl.FollowerInfo (FollowerInfo.java:lambda$new$0(50)) - f53fb59c-e327-439c-b24b-4e7cfa747c0b->62db11bf-06c4-4bc0-b55c-ce874389853c: nextIndex: updateUnconditionally 8 -> 7
2019-09-04 12:53:50,099 [grpc-default-executor-9] WARN  server.GrpcLogAppender (LogUtils.java:warn(134)) - f53fb59c-e327-439c-b24b-4e7cfa747c0b->39c9cf8b-fdae-416a-9cdb-d7cfa9f1a255: Failed appendEntries: org.apache.ratis.thirdparty.io.grpc.StatusRuntimeException: UNAVAILABLE: io exception
2019-09-04 12:53:50,099 [grpc-default-executor-9] INFO  impl.FollowerInfo (FollowerInfo.java:lambda$new$0(50)) - f53fb59c-e327-439c-b24b-4e7cfa747c0b->39c9cf8b-fdae-416a-9cdb-d7cfa9f1a255: nextIndex: updateUnconditionally 4 -> 3
2019-09-04 12:53:50,105 | INFO  | SCMAudit | user=jenkins1000 | ip=192.168.157.199 | op=SEND_HEARTBEAT {datanodeUUID=f53fb59c-e327-439c-b24b-4e7cfa747c0b, command=[]} | ret=SUCCESS |  
2019-09-04 12:53:51,105 | INFO  | SCMAudit | user=jenkins1000 | ip=192.168.157.199 | op=SEND_HEARTBEAT {datanodeUUID=f53fb59c-e327-439c-b24b-4e7cfa747c0b, command=[]} | ret=SUCCESS |  
2019-09-04 12:53:51,784 [grpc-default-executor-9] WARN  server.GrpcLogAppender (LogUtils.java:warn(134)) - 4b7cfae5-7895-4051-8e82-f472a7425180->ae00c9ed-9554-4461-adef-868ea78ab386: Failed appendEntries: org.apache.ratis.thirdparty.io.grpc.StatusRuntimeException: UNAVAILABLE: io exception
2019-09-04 12:53:51,785 [grpc-default-executor-9] INFO  impl.FollowerInfo (FollowerInfo.java:lambda$new$0(50)) - 4b7cfae5-7895-4051-8e82-f472a7425180->ae00c9ed-9554-4461-adef-868ea78ab386: nextIndex: updateUnconditionally 4 -> 3
2019-09-04 12:53:51,785 [grpc-default-executor-10] WARN  server.GrpcLogAppender (LogUtils.java:warn(134)) - 4b7cfae5-7895-4051-8e82-f472a7425180->1db2284d-cc5a-4f9d-9b30-3a0b3bda8807: Failed appendEntries: org.apache.ratis.thirdparty.io.grpc.StatusRuntimeException: UNAVAILABLE: io exception
2019-09-04 12:53:51,786 [grpc-default-executor-10] INFO  impl.FollowerInfo (FollowerInfo.java:lambda$new$0(50)) - 4b7cfae5-7895-4051-8e82-f472a7425180->1db2284d-cc5a-4f9d-9b30-3a0b3bda8807: nextIndex: updateUnconditionally 7 -> 6
2019-09-04 12:53:51,824 [EventQueue-StaleNodeForStaleNodeHandler] INFO  node.StaleNodeHandler (StaleNodeHandler.java:onMessage(58)) - Datanode 1207c098-9d41-4144-a8e5-91613efa8ba6{ip: 192.168.157.199, host: pr-hdds-1569-8n246-508421386, networkLocation: /default-rack, certSerialId: null} moved to stale state. Finalizing its pipelines [PipelineID=fdb1a145-e25f-46e2-8616-0014986c52b2]
2019-09-04 12:53:51,824 [EventQueue-StaleNodeForStaleNodeHandler] INFO  pipeline.SCMPipelineManager (SCMPipelineManager.java:finalizeAndDestroyPipeline(309)) - destroying pipeline:Pipeline[ Id: fdb1a145-e25f-46e2-8616-0014986c52b2, Nodes: 1207c098-9d41-4144-a8e5-91613efa8ba6{ip: 192.168.157.199, host: pr-hdds-1569-8n246-508421386, networkLocation: /default-rack, certSerialId: null}, Type:RATIS, Factor:ONE, State:OPEN]
2019-09-04 12:53:51,824 [EventQueue-StaleNodeForStaleNodeHandler] INFO  pipeline.PipelineStateManager (PipelineStateManager.java:finalizePipeline(123)) - Pipeline Pipeline[ Id: fdb1a145-e25f-46e2-8616-0014986c52b2, Nodes: 1207c098-9d41-4144-a8e5-91613efa8ba6{ip: 192.168.157.199, host: pr-hdds-1569-8n246-508421386, networkLocation: /default-rack, certSerialId: null}, Type:RATIS, Factor:ONE, State:CLOSED] moved to CLOSED state
2019-09-04 12:53:52,105 | INFO  | SCMAudit | user=jenkins1000 | ip=192.168.157.199 | op=SEND_HEARTBEAT {datanodeUUID=f53fb59c-e327-439c-b24b-4e7cfa747c0b, command=[]} | ret=SUCCESS |  
2019-09-04 12:53:52,324 [EventQueue-StaleNodeForStaleNodeHandler] INFO  node.StaleNodeHandler (StaleNodeHandler.java:onMessage(58)) - Datanode 4b7cfae5-7895-4051-8e82-f472a7425180{ip: 192.168.157.199, host: pr-hdds-1569-8n246-508421386, networkLocation: /default-rack, certSerialId: null} moved to stale state. Finalizing its pipelines [PipelineID=ced2434b-438d-4028-8c2e-304debcfdaf1, PipelineID=d9a3b464-b7d1-421d-87d9-fac01d009044]
2019-09-04 12:53:52,325 [EventQueue-StaleNodeForStaleNodeHandler] INFO  pipeline.SCMPipelineManager (SCMPipelineManager.java:finalizeAndDestroyPipeline(309)) - destroying pipeline:Pipeline[ Id: ced2434b-438d-4028-8c2e-304debcfdaf1, Nodes: 4b7cfae5-7895-4051-8e82-f472a7425180{ip: 192.168.157.199, host: pr-hdds-1569-8n246-508421386, networkLocation: /default-rack, certSerialId: null}, Type:RATIS, Factor:ONE, State:OPEN]
2019-09-04 12:53:52,325 [EventQueue-StaleNodeForStaleNodeHandler] INFO  pipeline.PipelineStateManager (PipelineStateManager.java:finalizePipeline(123)) - Pipeline Pipeline[ Id: ced2434b-438d-4028-8c2e-304debcfdaf1, Nodes: 4b7cfae5-7895-4051-8e82-f472a7425180{ip: 192.168.157.199, host: pr-hdds-1569-8n246-508421386, networkLocation: /default-rack, certSerialId: null}, Type:RATIS, Factor:ONE, State:CLOSED] moved to CLOSED state
2019-09-04 12:53:52,325 [EventQueue-StaleNodeForStaleNodeHandler] INFO  pipeline.SCMPipelineManager (SCMPipelineManager.java:finalizeAndDestroyPipeline(309)) - destroying pipeline:Pipeline[ Id: d9a3b464-b7d1-421d-87d9-fac01d009044, Nodes: ae00c9ed-9554-4461-adef-868ea78ab386{ip: 192.168.157.199, host: pr-hdds-1569-8n246-508421386, networkLocation: /default-rack, certSerialId: null}1db2284d-cc5a-4f9d-9b30-3a0b3bda8807{ip: 192.168.157.199, host: pr-hdds-1569-8n246-508421386, networkLocation: /default-rack, certSerialId: null}4b7cfae5-7895-4051-8e82-f472a7425180{ip: 192.168.157.199, host: pr-hdds-1569-8n246-508421386, networkLocation: /default-rack, certSerialId: null}, Type:RATIS, Factor:THREE, State:CLOSED]
2019-09-04 12:53:52,598 [grpc-default-executor-9] WARN  server.GrpcLogAppender (LogUtils.java:warn(134)) - f53fb59c-e327-439c-b24b-4e7cfa747c0b->62db11bf-06c4-4bc0-b55c-ce874389853c: Failed appendEntries: org.apache.ratis.thirdparty.io.grpc.StatusRuntimeException: UNAVAILABLE: io exception
2019-09-04 12:53:52,598 [grpc-default-executor-9] INFO  impl.FollowerInfo (FollowerInfo.java:lambda$new$0(50)) - f53fb59c-e327-439c-b24b-4e7cfa747c0b->62db11bf-06c4-4bc0-b55c-ce874389853c: nextIndex: updateUnconditionally 7 -> 6
2019-09-04 12:53:52,599 [grpc-default-executor-10] WARN  server.GrpcLogAppender (LogUtils.java:warn(134)) - f53fb59c-e327-439c-b24b-4e7cfa747c0b->39c9cf8b-fdae-416a-9cdb-d7cfa9f1a255: Failed appendEntries: org.apache.ratis.thirdparty.io.grpc.StatusRuntimeException: UNAVAILABLE: io exception
2019-09-04 12:53:52,599 [grpc-default-executor-10] INFO  impl.FollowerInfo (FollowerInfo.java:lambda$new$0(50)) - f53fb59c-e327-439c-b24b-4e7cfa747c0b->39c9cf8b-fdae-416a-9cdb-d7cfa9f1a255: nextIndex: updateUnconditionally 3 -> 2
2019-09-04 12:53:52,664 [ForkJoinPool.commonPool-worker-1] INFO  ozoneimpl.OzoneContainer (OzoneContainer.java:stop(199)) - Attempting to stop container services.
2019-09-04 12:53:52,664 [ForkJoinPool.commonPool-worker-1] INFO  impl.RaftServerProxy (RaftServerProxy.java:lambda$close$4(314)) - 4b7cfae5-7895-4051-8e82-f472a7425180: close
2019-09-04 12:53:52,665 [ForkJoinPool.commonPool-worker-1] INFO  impl.RaftServerImpl (RaftServerImpl.java:lambda$shutdown$3(245)) - 4b7cfae5-7895-4051-8e82-f472a7425180: shutdown group-304DEBCFDAF1
2019-09-04 12:53:52,665 [ForkJoinPool.commonPool-worker-1] INFO  util.JmxRegister (JmxRegister.java:unregister(73)) - Successfully un-registered JMX Bean with object name Ratis:service=RaftServer,group=group-304DEBCFDAF1,id=4b7cfae5-7895-4051-8e82-f472a7425180
2019-09-04 12:53:52,665 [ForkJoinPool.commonPool-worker-1] INFO  impl.RoleInfo (RoleInfo.java:shutdownLeaderState(104)) - 4b7cfae5-7895-4051-8e82-f472a7425180: shutdown LeaderState
2019-09-04 12:53:52,666 [ForkJoinPool.commonPool-worker-1] INFO  impl.PendingRequests (PendingRequests.java:sendNotLeaderResponses(202)) - 4b7cfae5-7895-4051-8e82-f472a7425180-PendingRequests: sendNotLeaderResponses
2019-09-04 12:53:52,666 [ForkJoinPool.commonPool-worker-1] INFO  impl.StateMachineUpdater (StateMachineUpdater.java:stopAndJoin(115)) - StateMachineUpdater:4b7cfae5-7895-4051-8e82-f472a7425180:group-304DEBCFDAF1: set stopIndex = 0
2019-09-04 12:53:52,666 [ForkJoinPool.commonPool-worker-1] INFO  impl.RaftServerImpl (ServerState.java:close(394)) - 4b7cfae5-7895-4051-8e82-f472a7425180:group-304DEBCFDAF1 closes. The last applied log index is 0
2019-09-04 12:53:52,667 [4b7cfae5-7895-4051-8e82-f472a7425180-SegmentedRaftLogWorker:Storage Directory /workdir/hadoop-ozone/integration-test/target/test-dir/MiniOzoneClusterImpl-961fece6-1daa-4ad6-854f-a9aa561cc73b/datanode-0/data/ratis/ced2434b-438d-4028-8c2e-304debcfdaf1] INFO  segmented.SegmentedRaftLogWorker (SegmentedRaftLogWorker.java:run(313)) - 4b7cfae5-7895-4051-8e82-f472a7425180-SegmentedRaftLogWorker:Storage Directory /workdir/hadoop-ozone/integration-test/target/test-dir/MiniOzoneClusterImpl-961fece6-1daa-4ad6-854f-a9aa561cc73b/datanode-0/data/ratis/ced2434b-438d-4028-8c2e-304debcfdaf1 was interrupted, exiting. There are 0 tasks remaining in the queue.
2019-09-04 12:53:52,669 [ForkJoinPool.commonPool-worker-1] INFO  segmented.SegmentedRaftLogWorker (SegmentedRaftLogWorker.java:close(228)) - 4b7cfae5-7895-4051-8e82-f472a7425180-SegmentedRaftLogWorker:Storage Directory /workdir/hadoop-ozone/integration-test/target/test-dir/MiniOzoneClusterImpl-961fece6-1daa-4ad6-854f-a9aa561cc73b/datanode-0/data/ratis/ced2434b-438d-4028-8c2e-304debcfdaf1 close()
2019-09-04 12:53:52,669 [main] INFO  ozoneimpl.OzoneContainer (OzoneContainer.java:stop(199)) - Attempting to stop container services.
2019-09-04 12:53:52,670 [ForkJoinPool.commonPool-worker-1] INFO  impl.RaftServerImpl (RaftServerImpl.java:lambda$shutdown$3(245)) - 4b7cfae5-7895-4051-8e82-f472a7425180: shutdown group-FAC01D009044
2019-09-04 12:53:52,671 [main] INFO  impl.RaftServerProxy (RaftServerProxy.java:lambda$close$4(314)) - 1207c098-9d41-4144-a8e5-91613efa8ba6: close
2019-09-04 12:53:52,671 [ForkJoinPool.commonPool-worker-1] INFO  util.JmxRegister (JmxRegister.java:unregister(73)) - Successfully un-registered JMX Bean with object name Ratis:service=RaftServer,group=group-FAC01D009044,id=4b7cfae5-7895-4051-8e82-f472a7425180
2019-09-04 12:53:52,671 [ForkJoinPool.commonPool-worker-1] INFO  impl.RoleInfo (RoleInfo.java:shutdownLeaderState(104)) - 4b7cfae5-7895-4051-8e82-f472a7425180: shutdown LeaderState
2019-09-04 12:53:52,671 [main] INFO  impl.RaftServerImpl (RaftServerImpl.java:lambda$shutdown$3(245)) - 1207c098-9d41-4144-a8e5-91613efa8ba6: shutdown group-0014986C52B2
2019-09-04 12:53:52,674 [org.apache.ratis.server.impl.LogAppender$AppenderDaemon$$Lambda$523/2099482098@6b6e1c8d] WARN  server.GrpcLogAppender (GrpcLogAppender.java:mayWait(143)) - GrpcLogAppender(4b7cfae5-7895-4051-8e82-f472a7425180->1db2284d-cc5a-4f9d-9b30-3a0b3bda8807): Wait interrupted by java.lang.InterruptedException
2019-09-04 12:53:52,674 [org.apache.ratis.server.impl.LogAppender$AppenderDaemon$$Lambda$523/2099482098@2e6c8724] WARN  server.GrpcLogAppender (GrpcLogAppender.java:mayWait(143)) - GrpcLogAppender(4b7cfae5-7895-4051-8e82-f472a7425180->ae00c9ed-9554-4461-adef-868ea78ab386): Wait interrupted by java.lang.InterruptedException
2019-09-04 12:53:52,674 [ForkJoinPool.commonPool-worker-1] INFO  impl.PendingRequests (PendingRequests.java:sendNotLeaderResponses(202)) - 4b7cfae5-7895-4051-8e82-f472a7425180-PendingRequests: sendNotLeaderResponses
2019-09-04 12:53:52,674 [main] INFO  util.JmxRegister (JmxRegister.java:unregister(73)) - Successfully un-registered JMX Bean with object name Ratis:service=RaftServer,group=group-0014986C52B2,id=1207c098-9d41-4144-a8e5-91613efa8ba6
2019-09-04 12:53:52,677 [StateMachineUpdater:4b7cfae5-7895-4051-8e82-f472a7425180:group-FAC01D009044] INFO  ratis.ContainerStateMachine (ContainerStateMachine.java:takeSnapshot(283)) - group-FAC01D009044: Taking a snapshot at:(t:1, i:8) file /workdir/hadoop-ozone/integration-test/target/test-dir/MiniOzoneClusterImpl-961fece6-1daa-4ad6-854f-a9aa561cc73b/datanode-0/data/ratis/d9a3b464-b7d1-421d-87d9-fac01d009044/sm/snapshot.1_8
2019-09-04 12:53:52,677 [ForkJoinPool.commonPool-worker-1] INFO  impl.StateMachineUpdater (StateMachineUpdater.java:stopAndJoin(115)) - StateMachineUpdater:4b7cfae5-7895-4051-8e82-f472a7425180:group-FAC01D009044: set stopIndex = 8
2019-09-04 12:53:52,677 [main] INFO  impl.RoleInfo (RoleInfo.java:shutdownLeaderState(104)) - 1207c098-9d41-4144-a8e5-91613efa8ba6: shutdown LeaderState
2019-09-04 12:53:52,678 [main] INFO  impl.PendingRequests (PendingRequests.java:sendNotLeaderResponses(202)) - 1207c098-9d41-4144-a8e5-91613efa8ba6-PendingRequests: sendNotLeaderResponses
2019-09-04 12:53:52,679 [main] INFO  impl.StateMachineUpdater (StateMachineUpdater.java:stopAndJoin(115)) - StateMachineUpdater:1207c098-9d41-4144-a8e5-91613efa8ba6:group-0014986C52B2: set stopIndex = 0
2019-09-04 12:53:52,679 [main] INFO  impl.RaftServerImpl (ServerState.java:close(394)) - 1207c098-9d41-4144-a8e5-91613efa8ba6:group-0014986C52B2 closes. The last applied log index is 0
2019-09-04 12:53:52,680 [1207c098-9d41-4144-a8e5-91613efa8ba6-SegmentedRaftLogWorker:Storage Directory /workdir/hadoop-ozone/integration-test/target/test-dir/MiniOzoneClusterImpl-961fece6-1daa-4ad6-854f-a9aa561cc73b/datanode-6/data/ratis/fdb1a145-e25f-46e2-8616-0014986c52b2] INFO  segmented.SegmentedRaftLogWorker (SegmentedRaftLogWorker.java:run(313)) - 1207c098-9d41-4144-a8e5-91613efa8ba6-SegmentedRaftLogWorker:Storage Directory /workdir/hadoop-ozone/integration-test/target/test-dir/MiniOzoneClusterImpl-961fece6-1daa-4ad6-854f-a9aa561cc73b/datanode-6/data/ratis/fdb1a145-e25f-46e2-8616-0014986c52b2 was interrupted, exiting. There are 0 tasks remaining in the queue.
2019-09-04 12:53:52,681 [main] INFO  segmented.SegmentedRaftLogWorker (SegmentedRaftLogWorker.java:close(228)) - 1207c098-9d41-4144-a8e5-91613efa8ba6-SegmentedRaftLogWorker:Storage Directory /workdir/hadoop-ozone/integration-test/target/test-dir/MiniOzoneClusterImpl-961fece6-1daa-4ad6-854f-a9aa561cc73b/datanode-6/data/ratis/fdb1a145-e25f-46e2-8616-0014986c52b2 close()
2019-09-04 12:53:52,683 [main] INFO  server.GrpcService (GrpcService.java:closeImpl(155)) - 1207c098-9d41-4144-a8e5-91613efa8ba6: shutdown server with port 39815 now
2019-09-04 12:53:52,684 [main] INFO  server.GrpcService (GrpcService.java:closeImpl(163)) - 1207c098-9d41-4144-a8e5-91613efa8ba6: shutdown server with port 39815 successfully
2019-09-04 12:53:52,685 [main] INFO  utils.BackgroundService (BackgroundService.java:shutdown(148)) - Shutting down service BlockDeletingService
2019-09-04 12:53:52,687 [refreshUsed-/workdir/hadoop-ozone/integration-test/target/test-dir/MiniOzoneClusterImpl-961fece6-1daa-4ad6-854f-a9aa561cc73b/datanode-6/data/containers] WARN  fs.CachingGetSpaceUsed (CachingGetSpaceUsed.java:run(183)) - Thread Interrupted waiting to refresh disk information: sleep interrupted
2019-09-04 12:53:52,703 [StateMachineUpdater:4b7cfae5-7895-4051-8e82-f472a7425180:group-FAC01D009044] INFO  ratis.ContainerStateMachine (ContainerStateMachine.java:takeSnapshot(294)) - group-FAC01D009044: Finished taking a snapshot at:(t:1, i:8) file:/workdir/hadoop-ozone/integration-test/target/test-dir/MiniOzoneClusterImpl-961fece6-1daa-4ad6-854f-a9aa561cc73b/datanode-0/data/ratis/d9a3b464-b7d1-421d-87d9-fac01d009044/sm/snapshot.1_8 time:25
2019-09-04 12:53:52,703 [StateMachineUpdater:4b7cfae5-7895-4051-8e82-f472a7425180:group-FAC01D009044] INFO  impl.StateMachineUpdater (StateMachineUpdater.java:takeSnapshot(242)) - StateMachineUpdater:4b7cfae5-7895-4051-8e82-f472a7425180:group-FAC01D009044: Took a snapshot at index 8
2019-09-04 12:53:52,703 [StateMachineUpdater:4b7cfae5-7895-4051-8e82-f472a7425180:group-FAC01D009044] INFO  impl.StateMachineUpdater (StateMachineUpdater.java:lambda$new$0(80)) - StateMachineUpdater:4b7cfae5-7895-4051-8e82-f472a7425180:group-FAC01D009044: snapshotIndex: updateIncreasingly -1 -> 8
2019-09-04 12:53:52,703 [ForkJoinPool.commonPool-worker-1] INFO  impl.RaftServerImpl (ServerState.java:close(394)) - 4b7cfae5-7895-4051-8e82-f472a7425180:group-FAC01D009044 closes. The last applied log index is 8
2019-09-04 12:53:52,704 [4b7cfae5-7895-4051-8e82-f472a7425180-SegmentedRaftLogWorker:Storage Directory /workdir/hadoop-ozone/integration-test/target/test-dir/MiniOzoneClusterImpl-961fece6-1daa-4ad6-854f-a9aa561cc73b/datanode-0/data/ratis/d9a3b464-b7d1-421d-87d9-fac01d009044] INFO  segmented.SegmentedRaftLogWorker (SegmentedRaftLogWorker.java:run(313)) - 4b7cfae5-7895-4051-8e82-f472a7425180-SegmentedRaftLogWorker:Storage Directory /workdir/hadoop-ozone/integration-test/target/test-dir/MiniOzoneClusterImpl-961fece6-1daa-4ad6-854f-a9aa561cc73b/datanode-0/data/ratis/d9a3b464-b7d1-421d-87d9-fac01d009044 was interrupted, exiting. There are 0 tasks remaining in the queue.
2019-09-04 12:53:52,706 [ForkJoinPool.commonPool-worker-1] INFO  segmented.SegmentedRaftLogWorker (SegmentedRaftLogWorker.java:close(228)) - 4b7cfae5-7895-4051-8e82-f472a7425180-SegmentedRaftLogWorker:Storage Directory /workdir/hadoop-ozone/integration-test/target/test-dir/MiniOzoneClusterImpl-961fece6-1daa-4ad6-854f-a9aa561cc73b/datanode-0/data/ratis/d9a3b464-b7d1-421d-87d9-fac01d009044 close()
2019-09-04 12:53:52,707 [ForkJoinPool.commonPool-worker-1] INFO  server.GrpcService (GrpcService.java:closeImpl(155)) - 4b7cfae5-7895-4051-8e82-f472a7425180: shutdown server with port 34442 now
2019-09-04 12:53:52,710 [ForkJoinPool.commonPool-worker-1] INFO  server.GrpcService (GrpcService.java:closeImpl(163)) - 4b7cfae5-7895-4051-8e82-f472a7425180: shutdown server with port 34442 successfully
2019-09-04 12:53:52,711 [main] INFO  statemachine.DatanodeStateMachine (DatanodeStateMachine.java:stopDaemon(395)) - Ozone container server stopped.
2019-09-04 12:53:52,712 [ForkJoinPool.commonPool-worker-1] INFO  utils.BackgroundService (BackgroundService.java:shutdown(148)) - Shutting down service BlockDeletingService
2019-09-04 12:53:52,713 [main] INFO  handler.ContextHandler (ContextHandler.java:doStop(910)) - Stopped o.e.j.w.WebAppContext@4e43a23a{/,null,UNAVAILABLE}{/hddsDatanode}
2019-09-04 12:53:52,713 [main] INFO  server.AbstractConnector (AbstractConnector.java:doStop(318)) - Stopped ServerConnector@291fbdc9{HTTP/1.1,[http/1.1]}{0.0.0.0:0}
2019-09-04 12:53:52,714 [main] INFO  handler.ContextHandler (ContextHandler.java:doStop(910)) - Stopped o.e.j.s.ServletContextHandler@2d260f2a{/static,jar:file:/home/user/.m2/repository/org/apache/hadoop/hadoop-hdds-container-service/0.5.0-SNAPSHOT/hadoop-hdds-container-service-0.5.0-SNAPSHOT.jar!/webapps/static,UNAVAILABLE}
2019-09-04 12:53:52,715 [main] INFO  handler.ContextHandler (ContextHandler.java:doStop(910)) - Stopped o.e.j.s.ServletContextHandler@2e9f8c8f{/logs,file:///workdir/hadoop-ozone/integration-test/target/log,UNAVAILABLE}
2019-09-04 12:53:52,715 [main] INFO  datanode.ObjectStoreHandler (ObjectStoreHandler.java:close(155)) - Closing ObjectStoreHandler.
2019-09-04 12:53:52,716 [refreshUsed-/workdir/hadoop-ozone/integration-test/target/test-dir/MiniOzoneClusterImpl-961fece6-1daa-4ad6-854f-a9aa561cc73b/datanode-0/data/containers] WARN  fs.CachingGetSpaceUsed (CachingGetSpaceUsed.java:run(183)) - Thread Interrupted waiting to refresh disk information: sleep interrupted
2019-09-04 12:53:52,716 [main] INFO  ozone.HddsDatanodeService (HddsDatanodeService.java:stop(451)) - Stopped plug-in org.apache.hadoop.ozone.web.OzoneHddsDatanodeService@713935c8
2019-09-04 12:53:52,737 [ForkJoinPool.commonPool-worker-1] INFO  statemachine.DatanodeStateMachine (DatanodeStateMachine.java:stopDaemon(395)) - Ozone container server stopped.
2019-09-04 12:53:52,739 [ForkJoinPool.commonPool-worker-1] INFO  handler.ContextHandler (ContextHandler.java:doStop(910)) - Stopped o.e.j.w.WebAppContext@3bb59485{/,null,UNAVAILABLE}{/hddsDatanode}
2019-09-04 12:53:52,739 [ForkJoinPool.commonPool-worker-1] INFO  server.AbstractConnector (AbstractConnector.java:doStop(318)) - Stopped ServerConnector@27d9a016{HTTP/1.1,[http/1.1]}{0.0.0.0:0}
2019-09-04 12:53:52,741 [ForkJoinPool.commonPool-worker-1] INFO  handler.ContextHandler (ContextHandler.java:doStop(910)) - Stopped o.e.j.s.ServletContextHandler@788be73c{/static,jar:file:/home/user/.m2/repository/org/apache/hadoop/hadoop-hdds-container-service/0.5.0-SNAPSHOT/hadoop-hdds-container-service-0.5.0-SNAPSHOT.jar!/webapps/static,UNAVAILABLE}
2019-09-04 12:53:52,742 [ForkJoinPool.commonPool-worker-1] INFO  handler.ContextHandler (ContextHandler.java:doStop(910)) - Stopped o.e.j.s.ServletContextHandler@1100363d{/logs,file:///workdir/hadoop-ozone/integration-test/target/log,UNAVAILABLE}
2019-09-04 12:53:53,105 [Datanode State Machine Thread - 0] INFO  statemachine.DatanodeStateMachine (DatanodeStateMachine.java:lambda$startDaemon$0(350)) - Ozone container server started.
2019-09-04 12:53:55,098 [grpc-default-executor-3] WARN  server.GrpcLogAppender (LogUtils.java:warn(134)) - f53fb59c-e327-439c-b24b-4e7cfa747c0b->62db11bf-06c4-4bc0-b55c-ce874389853c: Failed appendEntries: org.apache.ratis.thirdparty.io.grpc.StatusRuntimeException: UNAVAILABLE: io exception
2019-09-04 12:53:55,099 [grpc-default-executor-3] INFO  impl.FollowerInfo (FollowerInfo.java:lambda$new$0(50)) - f53fb59c-e327-439c-b24b-4e7cfa747c0b->62db11bf-06c4-4bc0-b55c-ce874389853c: nextIndex: updateUnconditionally 6 -> 5
2019-09-04 12:53:55,099 [grpc-default-executor-8] WARN  server.GrpcLogAppender (LogUtils.java:warn(134)) - f53fb59c-e327-439c-b24b-4e7cfa747c0b->39c9cf8b-fdae-416a-9cdb-d7cfa9f1a255: Failed appendEntries: org.apache.ratis.thirdparty.io.grpc.StatusRuntimeException: UNAVAILABLE: io exception
2019-09-04 12:53:55,100 [grpc-default-executor-8] INFO  impl.FollowerInfo (FollowerInfo.java:lambda$new$0(50)) - f53fb59c-e327-439c-b24b-4e7cfa747c0b->39c9cf8b-fdae-416a-9cdb-d7cfa9f1a255: nextIndex: updateUnconditionally 2 -> 1
2019-09-04 12:53:57,131 [EventQueue-StaleNodeForStaleNodeHandler] INFO  node.StaleNodeHandler (StaleNodeHandler.java:onMessage(58)) - Datanode f53fb59c-e327-439c-b24b-4e7cfa747c0b{ip: 192.168.157.199, host: pr-hdds-1569-8n246-508421386, networkLocation: /default-rack, certSerialId: null} moved to stale state. Finalizing its pipelines [PipelineID=bd0f60c6-f74b-4330-8a0c-a913ea900d7e, PipelineID=6274601d-1121-4421-8fd2-fbbd6830091d]
2019-09-04 12:53:57,131 [EventQueue-StaleNodeForStaleNodeHandler] INFO  pipeline.SCMPipelineManager (SCMPipelineManager.java:finalizeAndDestroyPipeline(309)) - destroying pipeline:Pipeline[ Id: bd0f60c6-f74b-4330-8a0c-a913ea900d7e, Nodes: f53fb59c-e327-439c-b24b-4e7cfa747c0b{ip: 192.168.157.199, host: pr-hdds-1569-8n246-508421386, networkLocation: /default-rack, certSerialId: null}39c9cf8b-fdae-416a-9cdb-d7cfa9f1a255{ip: 192.168.157.199, host: pr-hdds-1569-8n246-508421386, networkLocation: /default-rack, certSerialId: null}62db11bf-06c4-4bc0-b55c-ce874389853c{ip: 192.168.157.199, host: pr-hdds-1569-8n246-508421386, networkLocation: /default-rack, certSerialId: null}, Type:RATIS, Factor:THREE, State:CLOSED]
2019-09-04 12:53:57,131 [EventQueue-StaleNodeForStaleNodeHandler] INFO  pipeline.SCMPipelineManager (SCMPipelineManager.java:finalizeAndDestroyPipeline(309)) - destroying pipeline:Pipeline[ Id: 6274601d-1121-4421-8fd2-fbbd6830091d, Nodes: f53fb59c-e327-439c-b24b-4e7cfa747c0b{ip: 192.168.157.199, host: pr-hdds-1569-8n246-508421386, networkLocation: /default-rack, certSerialId: null}, Type:RATIS, Factor:ONE, State:OPEN]
2019-09-04 12:53:57,132 [EventQueue-StaleNodeForStaleNodeHandler] INFO  pipeline.PipelineStateManager (PipelineStateManager.java:finalizePipeline(123)) - Pipeline Pipeline[ Id: 6274601d-1121-4421-8fd2-fbbd6830091d, Nodes: f53fb59c-e327-439c-b24b-4e7cfa747c0b{ip: 192.168.157.199, host: pr-hdds-1569-8n246-508421386, networkLocation: /default-rack, certSerialId: null}, Type:RATIS, Factor:ONE, State:CLOSED] moved to CLOSED state
2019-09-04 12:53:57,599 [grpc-default-executor-8] WARN  server.GrpcLogAppender (LogUtils.java:warn(134)) - f53fb59c-e327-439c-b24b-4e7cfa747c0b->62db11bf-06c4-4bc0-b55c-ce874389853c: Failed appendEntries: org.apache.ratis.thirdparty.io.grpc.StatusRuntimeException: UNAVAILABLE: io exception
2019-09-04 12:53:57,600 [grpc-default-executor-8] INFO  impl.FollowerInfo (FollowerInfo.java:lambda$new$0(50)) - f53fb59c-e327-439c-b24b-4e7cfa747c0b->62db11bf-06c4-4bc0-b55c-ce874389853c: nextIndex: updateUnconditionally 5 -> 4
2019-09-04 12:53:57,600 [grpc-default-executor-9] WARN  server.GrpcLogAppender (LogUtils.java:warn(134)) - f53fb59c-e327-439c-b24b-4e7cfa747c0b->39c9cf8b-fdae-416a-9cdb-d7cfa9f1a255: Failed appendEntries: org.apache.ratis.thirdparty.io.grpc.StatusRuntimeException: UNAVAILABLE: io exception
2019-09-04 12:53:57,600 [grpc-default-executor-9] INFO  impl.FollowerInfo (FollowerInfo.java:lambda$new$0(50)) - f53fb59c-e327-439c-b24b-4e7cfa747c0b->39c9cf8b-fdae-416a-9cdb-d7cfa9f1a255: nextIndex: updateUnconditionally 1 -> 0
2019-09-04 12:53:57,717 [main] INFO  ozoneimpl.OzoneContainer (OzoneContainer.java:stop(199)) - Attempting to stop container services.
2019-09-04 12:53:57,717 [main] INFO  impl.RaftServerProxy (RaftServerProxy.java:lambda$close$4(314)) - f53fb59c-e327-439c-b24b-4e7cfa747c0b: close
2019-09-04 12:53:57,718 [main] INFO  impl.RaftServerImpl (RaftServerImpl.java:lambda$shutdown$3(245)) - f53fb59c-e327-439c-b24b-4e7cfa747c0b: shutdown group-A913EA900D7E
2019-09-04 12:53:57,718 [main] INFO  util.JmxRegister (JmxRegister.java:unregister(73)) - Successfully un-registered JMX Bean with object name Ratis:service=RaftServer,group=group-A913EA900D7E,id=f53fb59c-e327-439c-b24b-4e7cfa747c0b
2019-09-04 12:53:57,719 [main] INFO  impl.RoleInfo (RoleInfo.java:shutdownLeaderState(104)) - f53fb59c-e327-439c-b24b-4e7cfa747c0b: shutdown LeaderState
2019-09-04 12:53:57,718 [ForkJoinPool.commonPool-worker-0] INFO  impl.RaftServerImpl (RaftServerImpl.java:lambda$shutdown$3(245)) - f53fb59c-e327-439c-b24b-4e7cfa747c0b: shutdown group-FBBD6830091D
2019-09-04 12:53:57,723 [org.apache.ratis.server.impl.LogAppender$AppenderDaemon$$Lambda$523/2099482098@54609fb7] WARN  server.GrpcLogAppender (GrpcLogAppender.java:mayWait(143)) - GrpcLogAppender(f53fb59c-e327-439c-b24b-4e7cfa747c0b->62db11bf-06c4-4bc0-b55c-ce874389853c): Wait interrupted by java.lang.InterruptedException
2019-09-04 12:53:57,723 [org.apache.ratis.server.impl.LogAppender$AppenderDaemon$$Lambda$523/2099482098@11620b5f] WARN  server.GrpcLogAppender (GrpcLogAppender.java:mayWait(143)) - GrpcLogAppender(f53fb59c-e327-439c-b24b-4e7cfa747c0b->39c9cf8b-fdae-416a-9cdb-d7cfa9f1a255): Wait interrupted by java.lang.InterruptedException
2019-09-04 12:53:57,723 [main] INFO  impl.PendingRequests (PendingRequests.java:sendNotLeaderResponses(202)) - f53fb59c-e327-439c-b24b-4e7cfa747c0b-PendingRequests: sendNotLeaderResponses
2019-09-04 12:53:57,724 [ForkJoinPool.commonPool-worker-0] INFO  util.JmxRegister (JmxRegister.java:unregister(73)) - Successfully un-registered JMX Bean with object name Ratis:service=RaftServer,group=group-FBBD6830091D,id=f53fb59c-e327-439c-b24b-4e7cfa747c0b
2019-09-04 12:53:57,727 [ForkJoinPool.commonPool-worker-0] INFO  impl.RoleInfo (RoleInfo.java:shutdownLeaderState(104)) - f53fb59c-e327-439c-b24b-4e7cfa747c0b: shutdown LeaderState
2019-09-04 12:53:57,727 [main] INFO  impl.StateMachineUpdater (StateMachineUpdater.java:stopAndJoin(115)) - StateMachineUpdater:f53fb59c-e327-439c-b24b-4e7cfa747c0b:group-A913EA900D7E: set stopIndex = 8
2019-09-04 12:53:57,728 [ForkJoinPool.commonPool-worker-0] INFO  impl.PendingRequests (PendingRequests.java:sendNotLeaderResponses(202)) - f53fb59c-e327-439c-b24b-4e7cfa747c0b-PendingRequests: sendNotLeaderResponses
2019-09-04 12:53:57,728 [StateMachineUpdater:f53fb59c-e327-439c-b24b-4e7cfa747c0b:group-A913EA900D7E] INFO  ratis.ContainerStateMachine (ContainerStateMachine.java:takeSnapshot(283)) - group-A913EA900D7E: Taking a snapshot at:(t:1, i:8) file /workdir/hadoop-ozone/integration-test/target/test-dir/MiniOzoneClusterImpl-961fece6-1daa-4ad6-854f-a9aa561cc73b/datanode-5/data/ratis/bd0f60c6-f74b-4330-8a0c-a913ea900d7e/sm/snapshot.1_8
2019-09-04 12:53:57,728 [ForkJoinPool.commonPool-worker-0] INFO  impl.StateMachineUpdater (StateMachineUpdater.java:stopAndJoin(115)) - StateMachineUpdater:f53fb59c-e327-439c-b24b-4e7cfa747c0b:group-FBBD6830091D: set stopIndex = 0
2019-09-04 12:53:57,729 [ForkJoinPool.commonPool-worker-0] INFO  impl.RaftServerImpl (ServerState.java:close(394)) - f53fb59c-e327-439c-b24b-4e7cfa747c0b:group-FBBD6830091D closes. The last applied log index is 0
2019-09-04 12:53:57,729 [f53fb59c-e327-439c-b24b-4e7cfa747c0b-SegmentedRaftLogWorker:Storage Directory /workdir/hadoop-ozone/integration-test/target/test-dir/MiniOzoneClusterImpl-961fece6-1daa-4ad6-854f-a9aa561cc73b/datanode-5/data/ratis/6274601d-1121-4421-8fd2-fbbd6830091d] INFO  segmented.SegmentedRaftLogWorker (SegmentedRaftLogWorker.java:run(313)) - f53fb59c-e327-439c-b24b-4e7cfa747c0b-SegmentedRaftLogWorker:Storage Directory /workdir/hadoop-ozone/integration-test/target/test-dir/MiniOzoneClusterImpl-961fece6-1daa-4ad6-854f-a9aa561cc73b/datanode-5/data/ratis/6274601d-1121-4421-8fd2-fbbd6830091d was interrupted, exiting. There are 0 tasks remaining in the queue.
2019-09-04 12:53:57,741 [ForkJoinPool.commonPool-worker-0] INFO  segmented.SegmentedRaftLogWorker (SegmentedRaftLogWorker.java:close(228)) - f53fb59c-e327-439c-b24b-4e7cfa747c0b-SegmentedRaftLogWorker:Storage Directory /workdir/hadoop-ozone/integration-test/target/test-dir/MiniOzoneClusterImpl-961fece6-1daa-4ad6-854f-a9aa561cc73b/datanode-5/data/ratis/6274601d-1121-4421-8fd2-fbbd6830091d close()
2019-09-04 12:53:57,743 [StateMachineUpdater:f53fb59c-e327-439c-b24b-4e7cfa747c0b:group-A913EA900D7E] INFO  ratis.ContainerStateMachine (ContainerStateMachine.java:takeSnapshot(294)) - group-A913EA900D7E: Finished taking a snapshot at:(t:1, i:8) file:/workdir/hadoop-ozone/integration-test/target/test-dir/MiniOzoneClusterImpl-961fece6-1daa-4ad6-854f-a9aa561cc73b/datanode-5/data/ratis/bd0f60c6-f74b-4330-8a0c-a913ea900d7e/sm/snapshot.1_8 time:16
2019-09-04 12:53:57,744 [StateMachineUpdater:f53fb59c-e327-439c-b24b-4e7cfa747c0b:group-A913EA900D7E] INFO  impl.StateMachineUpdater (StateMachineUpdater.java:takeSnapshot(242)) - StateMachineUpdater:f53fb59c-e327-439c-b24b-4e7cfa747c0b:group-A913EA900D7E: Took a snapshot at index 8
2019-09-04 12:53:57,744 [StateMachineUpdater:f53fb59c-e327-439c-b24b-4e7cfa747c0b:group-A913EA900D7E] INFO  impl.StateMachineUpdater (StateMachineUpdater.java:lambda$new$0(80)) - StateMachineUpdater:f53fb59c-e327-439c-b24b-4e7cfa747c0b:group-A913EA900D7E: snapshotIndex: updateIncreasingly -1 -> 8
2019-09-04 12:53:57,744 [main] INFO  impl.RaftServerImpl (ServerState.java:close(394)) - f53fb59c-e327-439c-b24b-4e7cfa747c0b:group-A913EA900D7E closes. The last applied log index is 8
2019-09-04 12:53:57,745 [f53fb59c-e327-439c-b24b-4e7cfa747c0b-SegmentedRaftLogWorker:Storage Directory /workdir/hadoop-ozone/integration-test/target/test-dir/MiniOzoneClusterImpl-961fece6-1daa-4ad6-854f-a9aa561cc73b/datanode-5/data/ratis/bd0f60c6-f74b-4330-8a0c-a913ea900d7e] INFO  segmented.SegmentedRaftLogWorker (SegmentedRaftLogWorker.java:run(313)) - f53fb59c-e327-439c-b24b-4e7cfa747c0b-SegmentedRaftLogWorker:Storage Directory /workdir/hadoop-ozone/integration-test/target/test-dir/MiniOzoneClusterImpl-961fece6-1daa-4ad6-854f-a9aa561cc73b/datanode-5/data/ratis/bd0f60c6-f74b-4330-8a0c-a913ea900d7e was interrupted, exiting. There are 0 tasks remaining in the queue.
2019-09-04 12:53:57,746 [main] INFO  segmented.SegmentedRaftLogWorker (SegmentedRaftLogWorker.java:close(228)) - f53fb59c-e327-439c-b24b-4e7cfa747c0b-SegmentedRaftLogWorker:Storage Directory /workdir/hadoop-ozone/integration-test/target/test-dir/MiniOzoneClusterImpl-961fece6-1daa-4ad6-854f-a9aa561cc73b/datanode-5/data/ratis/bd0f60c6-f74b-4330-8a0c-a913ea900d7e close()
2019-09-04 12:53:57,748 [main] INFO  server.GrpcService (GrpcService.java:closeImpl(155)) - f53fb59c-e327-439c-b24b-4e7cfa747c0b: shutdown server with port 45236 now
2019-09-04 12:53:57,749 [grpc-default-executor-3] WARN  client.GrpcClientProtocolService (LogUtils.java:warn(134)) - 3-UnorderedRequestStreamObserver3: onError: org.apache.ratis.thirdparty.io.grpc.StatusRuntimeException: CANCELLED: cancelled before receiving half close
2019-09-04 12:53:57,749 [main] INFO  server.GrpcService (GrpcService.java:closeImpl(163)) - f53fb59c-e327-439c-b24b-4e7cfa747c0b: shutdown server with port 45236 successfully
2019-09-04 12:53:57,751 [main] INFO  utils.BackgroundService (BackgroundService.java:shutdown(148)) - Shutting down service BlockDeletingService
2019-09-04 12:53:57,752 [refreshUsed-/workdir/hadoop-ozone/integration-test/target/test-dir/MiniOzoneClusterImpl-961fece6-1daa-4ad6-854f-a9aa561cc73b/datanode-5/data/containers] WARN  fs.CachingGetSpaceUsed (CachingGetSpaceUsed.java:run(183)) - Thread Interrupted waiting to refresh disk information: sleep interrupted
2019-09-04 12:53:57,771 [main] INFO  statemachine.DatanodeStateMachine (DatanodeStateMachine.java:stopDaemon(395)) - Ozone container server stopped.
2019-09-04 12:53:57,772 [main] INFO  handler.ContextHandler (ContextHandler.java:doStop(910)) - Stopped o.e.j.w.WebAppContext@1ab6a093{/,null,UNAVAILABLE}{/hddsDatanode}
2019-09-04 12:53:57,773 [main] INFO  server.AbstractConnector (AbstractConnector.java:doStop(318)) - Stopped ServerConnector@6d95b51d{HTTP/1.1,[http/1.1]}{0.0.0.0:0}
2019-09-04 12:53:57,774 [main] INFO  handler.ContextHandler (ContextHandler.java:doStop(910)) - Stopped o.e.j.s.ServletContextHandler@c5dc3db{/static,jar:file:/home/user/.m2/repository/org/apache/hadoop/hadoop-hdds-container-service/0.5.0-SNAPSHOT/hadoop-hdds-container-service-0.5.0-SNAPSHOT.jar!/webapps/static,UNAVAILABLE}
2019-09-04 12:53:57,774 [main] INFO  handler.ContextHandler (ContextHandler.java:doStop(910)) - Stopped o.e.j.s.ServletContextHandler@222557fc{/logs,file:///workdir/hadoop-ozone/integration-test/target/log,UNAVAILABLE}
2019-09-04 12:53:57,775 [main] INFO  ozone.MiniOzoneClusterImpl (MiniOzoneClusterImpl.java:stop(353)) - Stopping the StorageContainerManager
2019-09-04 12:53:57,775 [main] INFO  server.StorageContainerManager (StorageContainerManager.java:stop(797)) - Stopping Replication Manager Service.
2019-09-04 12:53:57,775 [main] INFO  container.ReplicationManager (ReplicationManager.java:stop(193)) - Stopping Replication Monitor Thread.
2019-09-04 12:53:57,776 [main] INFO  server.StorageContainerManager (StorageContainerManager.java:stop(804)) - Stopping Lease Manager of the command watchers
2019-09-04 12:53:57,776 [main] INFO  server.StorageContainerManager (StorageContainerManager.java:stop(811)) - Stopping datanode service RPC server
2019-09-04 12:53:57,776 [main] INFO  server.SCMDatanodeProtocolServer (SCMDatanodeProtocolServer.java:stop(367)) - Stopping the RPC server for DataNodes
2019-09-04 12:53:57,776 [main] INFO  ipc.Server (Server.java:stop(3082)) - Stopping server on 41792
2019-09-04 12:53:57,781 [IPC Server listener on 41792] INFO  ipc.Server (Server.java:run(1185)) - Stopping IPC Server listener on 41792
2019-09-04 12:53:57,781 [IPC Server Responder] INFO  ipc.Server (Server.java:run(1319)) - Stopping IPC Server Responder
2019-09-04 12:53:57,832 [SCM Heartbeat Processing Thread - 0] WARN  node.NodeStateManager (NodeStateManager.java:scheduleNextHealthCheck(655)) - Current Thread is interrupted, shutting down HB processing thread for Node Manager.
2019-09-04 12:53:57,832 [main] INFO  server.StorageContainerManager (StorageContainerManager.java:stop(819)) - Stopping block service RPC server
2019-09-04 12:53:57,832 [main] INFO  server.SCMBlockProtocolServer (SCMBlockProtocolServer.java:stop(148)) - Stopping the RPC server for Block Protocol
2019-09-04 12:53:57,832 [main] INFO  ipc.Server (Server.java:stop(3082)) - Stopping server on 40952
2019-09-04 12:53:57,839 [main] INFO  server.StorageContainerManager (StorageContainerManager.java:stop(826)) - Stopping the StorageContainerLocationProtocol RPC server
2019-09-04 12:53:57,840 [IPC Server Responder] INFO  ipc.Server (Server.java:run(1319)) - Stopping IPC Server Responder
2019-09-04 12:53:57,840 [main] INFO  server.SCMClientProtocolServer (SCMClientProtocolServer.java:stop(159)) - Stopping the RPC server for Client Protocol
2019-09-04 12:53:57,840 [main] INFO  ipc.Server (Server.java:stop(3082)) - Stopping server on 33237
2019-09-04 12:53:57,839 [IPC Server listener on 40952] INFO  ipc.Server (Server.java:run(1185)) - Stopping IPC Server listener on 40952
2019-09-04 12:53:57,845 [IPC Server listener on 33237] INFO  ipc.Server (Server.java:run(1185)) - Stopping IPC Server listener on 33237
2019-09-04 12:53:57,845 [main] INFO  server.StorageContainerManager (StorageContainerManager.java:stop(833)) - Stopping Storage Container Manager HTTP server.
2019-09-04 12:53:57,847 [IPC Server Responder] INFO  ipc.Server (Server.java:run(1319)) - Stopping IPC Server Responder
2019-09-04 12:53:57,848 [main] INFO  handler.ContextHandler (ContextHandler.java:doStop(910)) - Stopped o.e.j.w.WebAppContext@685a3c14{/,null,UNAVAILABLE}{/scm}
2019-09-04 12:53:57,848 [main] INFO  server.AbstractConnector (AbstractConnector.java:doStop(318)) - Stopped ServerConnector@4c2ad035{HTTP/1.1,[http/1.1]}{0.0.0.0:0}
2019-09-04 12:53:57,849 [main] INFO  handler.ContextHandler (ContextHandler.java:doStop(910)) - Stopped o.e.j.s.ServletContextHandler@3f9e38d4{/static,file:///workdir/hadoop-ozone/integration-test/target/test-classes/webapps/static,UNAVAILABLE}
2019-09-04 12:53:57,849 [main] INFO  handler.ContextHandler (ContextHandler.java:doStop(910)) - Stopped o.e.j.s.ServletContextHandler@4bdec54{/logs,file:///workdir/hadoop-ozone/integration-test/target/log,UNAVAILABLE}
2019-09-04 12:53:57,850 [main] INFO  server.StorageContainerManager (StorageContainerManager.java:stop(844)) - Stopping Block Manager Service.
2019-09-04 12:53:57,851 [main] INFO  utils.BackgroundService (BackgroundService.java:shutdown(148)) - Shutting down service SCMBlockDeletingService
2019-09-04 12:53:57,851 [main] INFO  utils.BackgroundService (BackgroundService.java:shutdown(148)) - Shutting down service SCMBlockDeletingService
2019-09-04 12:53:57,852 [main] INFO  server.StorageContainerManager (StorageContainerManager.java:stop(866)) - Stopping SCM Event Queue.
2019-09-04 12:53:57,856 [main] INFO  impl.MetricsSystemImpl (MetricsSystemImpl.java:stop(210)) - Stopping HddsDatanode metrics system...
2019-09-04 12:53:57,868 [main] INFO  impl.MetricsSystemImpl (MetricsSystemImpl.java:stop(216)) - HddsDatanode metrics system stopped.
]]></system-out>
    <system-err><![CDATA[Sep 04, 2019 12:53:24 PM com.sun.jersey.server.impl.application.WebApplicationImpl _initiate
INFO: Initiating Jersey application, version 'Jersey: 1.19 02/11/2015 03:25 AM'
Sep 04, 2019 12:53:24 PM com.sun.jersey.server.impl.application.WebApplicationImpl _initiate
INFO: Initiating Jersey application, version 'Jersey: 1.19 02/11/2015 03:25 AM'
Sep 04, 2019 12:53:24 PM com.sun.jersey.server.impl.application.WebApplicationImpl _initiate
INFO: Initiating Jersey application, version 'Jersey: 1.19 02/11/2015 03:25 AM'
Sep 04, 2019 12:53:24 PM com.sun.jersey.server.impl.application.WebApplicationImpl _initiate
INFO: Initiating Jersey application, version 'Jersey: 1.19 02/11/2015 03:25 AM'
Sep 04, 2019 12:53:25 PM com.sun.jersey.server.impl.application.WebApplicationImpl _initiate
INFO: Initiating Jersey application, version 'Jersey: 1.19 02/11/2015 03:25 AM'
Sep 04, 2019 12:53:25 PM com.sun.jersey.server.impl.application.WebApplicationImpl _initiate
INFO: Initiating Jersey application, version 'Jersey: 1.19 02/11/2015 03:25 AM'
Sep 04, 2019 12:53:25 PM com.sun.jersey.server.impl.application.WebApplicationImpl _initiate
INFO: Initiating Jersey application, version 'Jersey: 1.19 02/11/2015 03:25 AM'
Sep 04, 2019 12:53:25 PM org.apache.ratis.thirdparty.io.grpc.internal.ManagedChannelOrphanWrapper$ManagedChannelReference cleanQueue
SEVERE: *~*~*~ Channel ManagedChannelImpl{logId=3227, target=192.168.157.199:46539} was not shutdown properly!!! ~*~*~*
    Make sure to call shutdown()/shutdownNow() and wait until awaitTermination() returns true.
java.lang.RuntimeException: ManagedChannel allocation site
	at org.apache.ratis.thirdparty.io.grpc.internal.ManagedChannelOrphanWrapper$ManagedChannelReference.<init>(ManagedChannelOrphanWrapper.java:103)
	at org.apache.ratis.thirdparty.io.grpc.internal.ManagedChannelOrphanWrapper.<init>(ManagedChannelOrphanWrapper.java:53)
	at org.apache.ratis.thirdparty.io.grpc.internal.ManagedChannelOrphanWrapper.<init>(ManagedChannelOrphanWrapper.java:44)
	at org.apache.ratis.thirdparty.io.grpc.internal.AbstractManagedChannelImplBuilder.build(AbstractManagedChannelImplBuilder.java:411)
	at org.apache.ratis.grpc.client.GrpcClientProtocolClient.<init>(GrpcClientProtocolClient.java:119)
	at org.apache.ratis.grpc.client.GrpcClientRpc.lambda$new$0(GrpcClientRpc.java:55)
	at org.apache.ratis.util.PeerProxyMap$PeerAndProxy.lambda$getProxy$0(PeerProxyMap.java:61)
	at org.apache.ratis.util.LifeCycle.startAndTransition(LifeCycle.java:202)
	at org.apache.ratis.util.PeerProxyMap$PeerAndProxy.getProxy(PeerProxyMap.java:60)
	at org.apache.ratis.util.PeerProxyMap.getProxy(PeerProxyMap.java:107)
	at org.apache.ratis.grpc.client.GrpcClientRpc.sendRequestAsync(GrpcClientRpc.java:66)
	at org.apache.ratis.client.impl.OrderedAsync.sendRequest(OrderedAsync.java:208)
	at org.apache.ratis.client.impl.OrderedAsync.sendRequestWithRetry(OrderedAsync.java:169)
	at org.apache.ratis.util.SlidingWindow$Client.sendOrDelayRequest(SlidingWindow.java:278)
	at org.apache.ratis.util.SlidingWindow$Client.retry(SlidingWindow.java:294)
	at org.apache.ratis.client.impl.OrderedAsync.lambda$scheduleWithTimeout$7(OrderedAsync.java:195)
	at org.apache.ratis.util.TimeoutScheduler.lambda$onTimeout$0(TimeoutScheduler.java:85)
	at org.apache.ratis.util.TimeoutScheduler.lambda$onTimeout$1(TimeoutScheduler.java:104)
	at org.apache.ratis.util.LogUtils.runAndLog(LogUtils.java:50)
	at org.apache.ratis.util.LogUtils$1.run(LogUtils.java:91)
	at java.util.concurrent.Executors$RunnableAdapter.call(Executors.java:511)
	at java.util.concurrent.FutureTask.run(FutureTask.java:266)
	at java.util.concurrent.ScheduledThreadPoolExecutor$ScheduledFutureTask.access$201(ScheduledThreadPoolExecutor.java:180)
	at java.util.concurrent.ScheduledThreadPoolExecutor$ScheduledFutureTask.run(ScheduledThreadPoolExecutor.java:293)
	at java.util.concurrent.ThreadPoolExecutor.runWorker(ThreadPoolExecutor.java:1149)
	at java.util.concurrent.ThreadPoolExecutor$Worker.run(ThreadPoolExecutor.java:624)
	at java.lang.Thread.run(Thread.java:748)

Sep 04, 2019 12:53:25 PM org.apache.ratis.thirdparty.io.grpc.internal.ManagedChannelOrphanWrapper$ManagedChannelReference cleanQueue
SEVERE: *~*~*~ Channel ManagedChannelImpl{logId=3232, target=192.168.157.199:34548} was not shutdown properly!!! ~*~*~*
    Make sure to call shutdown()/shutdownNow() and wait until awaitTermination() returns true.
java.lang.RuntimeException: ManagedChannel allocation site
	at org.apache.ratis.thirdparty.io.grpc.internal.ManagedChannelOrphanWrapper$ManagedChannelReference.<init>(ManagedChannelOrphanWrapper.java:103)
	at org.apache.ratis.thirdparty.io.grpc.internal.ManagedChannelOrphanWrapper.<init>(ManagedChannelOrphanWrapper.java:53)
	at org.apache.ratis.thirdparty.io.grpc.internal.ManagedChannelOrphanWrapper.<init>(ManagedChannelOrphanWrapper.java:44)
	at org.apache.ratis.thirdparty.io.grpc.internal.AbstractManagedChannelImplBuilder.build(AbstractManagedChannelImplBuilder.java:411)
	at org.apache.hadoop.hdds.scm.XceiverClientGrpc.connectToDatanode(XceiverClientGrpc.java:175)
	at org.apache.hadoop.hdds.scm.XceiverClientGrpc.reconnect(XceiverClientGrpc.java:423)
	at org.apache.hadoop.hdds.scm.XceiverClientGrpc.sendCommandAsync(XceiverClientGrpc.java:372)
	at org.apache.hadoop.hdds.scm.XceiverClientGrpc.sendCommandWithRetry(XceiverClientGrpc.java:285)
	at org.apache.hadoop.hdds.scm.XceiverClientGrpc.sendCommandWithTraceIDAndRetry(XceiverClientGrpc.java:251)
	at org.apache.hadoop.hdds.scm.XceiverClientGrpc.sendCommand(XceiverClientGrpc.java:234)
	at org.apache.hadoop.hdds.scm.storage.ContainerProtocolCalls.getBlock(ContainerProtocolCalls.java:118)
	at org.apache.hadoop.hdds.scm.storage.BlockInputStream.getChunkInfos(BlockInputStream.java:167)
	at org.apache.hadoop.hdds.scm.storage.BlockInputStream.initialize(BlockInputStream.java:118)
	at org.apache.hadoop.hdds.scm.storage.BlockInputStream.read(BlockInputStream.java:222)
	at org.apache.hadoop.ozone.client.io.KeyInputStream.read(KeyInputStream.java:171)
	at org.apache.hadoop.ozone.client.io.OzoneInputStream.read(OzoneInputStream.java:47)
	at java.io.InputStream.read(InputStream.java:101)
	at org.apache.hadoop.ozone.container.ContainerTestHelper.validateData(ContainerTestHelper.java:713)
	at org.apache.hadoop.ozone.client.rpc.TestBlockOutputStreamWithFailures.validateData(TestBlockOutputStreamWithFailures.java:1216)
	at org.apache.hadoop.ozone.client.rpc.TestBlockOutputStreamWithFailures.testWatchForCommitDatanodeFailure(TestBlockOutputStreamWithFailures.java:393)
	at sun.reflect.NativeMethodAccessorImpl.invoke0(Native Method)
	at sun.reflect.NativeMethodAccessorImpl.invoke(NativeMethodAccessorImpl.java:62)
	at sun.reflect.DelegatingMethodAccessorImpl.invoke(DelegatingMethodAccessorImpl.java:43)
	at java.lang.reflect.Method.invoke(Method.java:498)
	at org.junit.runners.model.FrameworkMethod$1.runReflectiveCall(FrameworkMethod.java:47)
	at org.junit.internal.runners.model.ReflectiveCallable.run(ReflectiveCallable.java:12)
	at org.junit.runners.model.FrameworkMethod.invokeExplosively(FrameworkMethod.java:44)
	at org.junit.internal.runners.statements.InvokeMethod.evaluate(InvokeMethod.java:17)
	at org.junit.internal.runners.statements.RunBefores.evaluate(RunBefores.java:26)
	at org.junit.internal.runners.statements.RunAfters.evaluate(RunAfters.java:27)
	at org.junit.runners.ParentRunner.runLeaf(ParentRunner.java:271)
	at org.junit.runners.BlockJUnit4ClassRunner.runChild(BlockJUnit4ClassRunner.java:70)
	at org.junit.runners.BlockJUnit4ClassRunner.runChild(BlockJUnit4ClassRunner.java:50)
	at org.junit.runners.ParentRunner$3.run(ParentRunner.java:238)
	at org.junit.runners.ParentRunner$1.schedule(ParentRunner.java:63)
	at org.junit.runners.ParentRunner.runChildren(ParentRunner.java:236)
	at org.junit.runners.ParentRunner.access$000(ParentRunner.java:53)
	at org.junit.runners.ParentRunner$2.evaluate(ParentRunner.java:229)
	at org.junit.runners.ParentRunner.run(ParentRunner.java:309)
	at org.apache.maven.surefire.junit4.JUnit4Provider.execute(JUnit4Provider.java:365)
	at org.apache.maven.surefire.junit4.JUnit4Provider.executeWithRerun(JUnit4Provider.java:273)
	at org.apache.maven.surefire.junit4.JUnit4Provider.executeTestSet(JUnit4Provider.java:238)
	at org.apache.maven.surefire.junit4.JUnit4Provider.invoke(JUnit4Provider.java:159)
	at org.apache.maven.surefire.booter.ForkedBooter.invokeProviderInSameClassLoader(ForkedBooter.java:384)
	at org.apache.maven.surefire.booter.ForkedBooter.runSuitesInProcess(ForkedBooter.java:345)
	at org.apache.maven.surefire.booter.ForkedBooter.execute(ForkedBooter.java:126)
	at org.apache.maven.surefire.booter.ForkedBooter.main(ForkedBooter.java:418)

Sep 04, 2019 12:53:25 PM org.apache.ratis.thirdparty.io.grpc.internal.ManagedChannelOrphanWrapper$ManagedChannelReference cleanQueue
SEVERE: *~*~*~ Channel ManagedChannelImpl{logId=3241, target=192.168.157.199:39606} was not shutdown properly!!! ~*~*~*
    Make sure to call shutdown()/shutdownNow() and wait until awaitTermination() returns true.
java.lang.RuntimeException: ManagedChannel allocation site
	at org.apache.ratis.thirdparty.io.grpc.internal.ManagedChannelOrphanWrapper$ManagedChannelReference.<init>(ManagedChannelOrphanWrapper.java:103)
	at org.apache.ratis.thirdparty.io.grpc.internal.ManagedChannelOrphanWrapper.<init>(ManagedChannelOrphanWrapper.java:53)
	at org.apache.ratis.thirdparty.io.grpc.internal.ManagedChannelOrphanWrapper.<init>(ManagedChannelOrphanWrapper.java:44)
	at org.apache.ratis.thirdparty.io.grpc.internal.AbstractManagedChannelImplBuilder.build(AbstractManagedChannelImplBuilder.java:411)
	at org.apache.hadoop.hdds.scm.XceiverClientGrpc.connectToDatanode(XceiverClientGrpc.java:175)
	at org.apache.hadoop.hdds.scm.XceiverClientGrpc.reconnect(XceiverClientGrpc.java:423)
	at org.apache.hadoop.hdds.scm.XceiverClientGrpc.sendCommandAsync(XceiverClientGrpc.java:372)
	at org.apache.hadoop.hdds.scm.XceiverClientGrpc.sendCommandWithRetry(XceiverClientGrpc.java:285)
	at org.apache.hadoop.hdds.scm.XceiverClientGrpc.sendCommandWithTraceIDAndRetry(XceiverClientGrpc.java:251)
	at org.apache.hadoop.hdds.scm.XceiverClientGrpc.sendCommand(XceiverClientGrpc.java:234)
	at org.apache.hadoop.hdds.scm.storage.ContainerProtocolCalls.readChunk(ContainerProtocolCalls.java:245)
	at org.apache.hadoop.hdds.scm.storage.ChunkInputStream.readChunk(ChunkInputStream.java:335)
	at org.apache.hadoop.hdds.scm.storage.ChunkInputStream.readChunkFromContainer(ChunkInputStream.java:307)
	at org.apache.hadoop.hdds.scm.storage.ChunkInputStream.prepareRead(ChunkInputStream.java:259)
	at org.apache.hadoop.hdds.scm.storage.ChunkInputStream.read(ChunkInputStream.java:144)
	at org.apache.hadoop.hdds.scm.storage.BlockInputStream.read(BlockInputStream.java:239)
	at org.apache.hadoop.ozone.client.io.KeyInputStream.read(KeyInputStream.java:171)
	at org.apache.hadoop.ozone.client.io.OzoneInputStream.read(OzoneInputStream.java:47)
	at java.io.InputStream.read(InputStream.java:101)
	at org.apache.hadoop.ozone.container.ContainerTestHelper.validateData(ContainerTestHelper.java:713)
	at org.apache.hadoop.ozone.client.rpc.TestBlockOutputStreamWithFailures.validateData(TestBlockOutputStreamWithFailures.java:1216)
	at org.apache.hadoop.ozone.client.rpc.TestBlockOutputStreamWithFailures.testWatchForCommitDatanodeFailure(TestBlockOutputStreamWithFailures.java:393)
	at sun.reflect.NativeMethodAccessorImpl.invoke0(Native Method)
	at sun.reflect.NativeMethodAccessorImpl.invoke(NativeMethodAccessorImpl.java:62)
	at sun.reflect.DelegatingMethodAccessorImpl.invoke(DelegatingMethodAccessorImpl.java:43)
	at java.lang.reflect.Method.invoke(Method.java:498)
	at org.junit.runners.model.FrameworkMethod$1.runReflectiveCall(FrameworkMethod.java:47)
	at org.junit.internal.runners.model.ReflectiveCallable.run(ReflectiveCallable.java:12)
	at org.junit.runners.model.FrameworkMethod.invokeExplosively(FrameworkMethod.java:44)
	at org.junit.internal.runners.statements.InvokeMethod.evaluate(InvokeMethod.java:17)
	at org.junit.internal.runners.statements.RunBefores.evaluate(RunBefores.java:26)
	at org.junit.internal.runners.statements.RunAfters.evaluate(RunAfters.java:27)
	at org.junit.runners.ParentRunner.runLeaf(ParentRunner.java:271)
	at org.junit.runners.BlockJUnit4ClassRunner.runChild(BlockJUnit4ClassRunner.java:70)
	at org.junit.runners.BlockJUnit4ClassRunner.runChild(BlockJUnit4ClassRunner.java:50)
	at org.junit.runners.ParentRunner$3.run(ParentRunner.java:238)
	at org.junit.runners.ParentRunner$1.schedule(ParentRunner.java:63)
	at org.junit.runners.ParentRunner.runChildren(ParentRunner.java:236)
	at org.junit.runners.ParentRunner.access$000(ParentRunner.java:53)
	at org.junit.runners.ParentRunner$2.evaluate(ParentRunner.java:229)
	at org.junit.runners.ParentRunner.run(ParentRunner.java:309)
	at org.apache.maven.surefire.junit4.JUnit4Provider.execute(JUnit4Provider.java:365)
	at org.apache.maven.surefire.junit4.JUnit4Provider.executeWithRerun(JUnit4Provider.java:273)
	at org.apache.maven.surefire.junit4.JUnit4Provider.executeTestSet(JUnit4Provider.java:238)
	at org.apache.maven.surefire.junit4.JUnit4Provider.invoke(JUnit4Provider.java:159)
	at org.apache.maven.surefire.booter.ForkedBooter.invokeProviderInSameClassLoader(ForkedBooter.java:384)
	at org.apache.maven.surefire.booter.ForkedBooter.runSuitesInProcess(ForkedBooter.java:345)
	at org.apache.maven.surefire.booter.ForkedBooter.execute(ForkedBooter.java:126)
	at org.apache.maven.surefire.booter.ForkedBooter.main(ForkedBooter.java:418)

Sep 04, 2019 12:53:25 PM org.apache.ratis.thirdparty.io.grpc.internal.ManagedChannelOrphanWrapper$ManagedChannelReference cleanQueue
SEVERE: *~*~*~ Channel ManagedChannelImpl{logId=3236, target=192.168.157.199:45278} was not shutdown properly!!! ~*~*~*
    Make sure to call shutdown()/shutdownNow() and wait until awaitTermination() returns true.
java.lang.RuntimeException: ManagedChannel allocation site
	at org.apache.ratis.thirdparty.io.grpc.internal.ManagedChannelOrphanWrapper$ManagedChannelReference.<init>(ManagedChannelOrphanWrapper.java:103)
	at org.apache.ratis.thirdparty.io.grpc.internal.ManagedChannelOrphanWrapper.<init>(ManagedChannelOrphanWrapper.java:53)
	at org.apache.ratis.thirdparty.io.grpc.internal.ManagedChannelOrphanWrapper.<init>(ManagedChannelOrphanWrapper.java:44)
	at org.apache.ratis.thirdparty.io.grpc.internal.AbstractManagedChannelImplBuilder.build(AbstractManagedChannelImplBuilder.java:411)
	at org.apache.hadoop.hdds.scm.XceiverClientGrpc.connectToDatanode(XceiverClientGrpc.java:175)
	at org.apache.hadoop.hdds.scm.XceiverClientGrpc.reconnect(XceiverClientGrpc.java:423)
	at org.apache.hadoop.hdds.scm.XceiverClientGrpc.sendCommandAsync(XceiverClientGrpc.java:372)
	at org.apache.hadoop.hdds.scm.XceiverClientGrpc.sendCommandWithRetry(XceiverClientGrpc.java:285)
	at org.apache.hadoop.hdds.scm.XceiverClientGrpc.sendCommandWithTraceIDAndRetry(XceiverClientGrpc.java:251)
	at org.apache.hadoop.hdds.scm.XceiverClientGrpc.sendCommand(XceiverClientGrpc.java:234)
	at org.apache.hadoop.hdds.scm.storage.ContainerProtocolCalls.getBlock(ContainerProtocolCalls.java:118)
	at org.apache.hadoop.hdds.scm.storage.BlockInputStream.getChunkInfos(BlockInputStream.java:167)
	at org.apache.hadoop.hdds.scm.storage.BlockInputStream.initialize(BlockInputStream.java:118)
	at org.apache.hadoop.hdds.scm.storage.BlockInputStream.read(BlockInputStream.java:222)
	at org.apache.hadoop.ozone.client.io.KeyInputStream.read(KeyInputStream.java:171)
	at org.apache.hadoop.ozone.client.io.OzoneInputStream.read(OzoneInputStream.java:47)
	at java.io.InputStream.read(InputStream.java:101)
	at org.apache.hadoop.ozone.container.ContainerTestHelper.validateData(ContainerTestHelper.java:713)
	at org.apache.hadoop.ozone.client.rpc.TestBlockOutputStreamWithFailures.validateData(TestBlockOutputStreamWithFailures.java:1216)
	at org.apache.hadoop.ozone.client.rpc.TestBlockOutputStreamWithFailures.testWatchForCommitDatanodeFailure(TestBlockOutputStreamWithFailures.java:393)
	at sun.reflect.NativeMethodAccessorImpl.invoke0(Native Method)
	at sun.reflect.NativeMethodAccessorImpl.invoke(NativeMethodAccessorImpl.java:62)
	at sun.reflect.DelegatingMethodAccessorImpl.invoke(DelegatingMethodAccessorImpl.java:43)
	at java.lang.reflect.Method.invoke(Method.java:498)
	at org.junit.runners.model.FrameworkMethod$1.runReflectiveCall(FrameworkMethod.java:47)
	at org.junit.internal.runners.model.ReflectiveCallable.run(ReflectiveCallable.java:12)
	at org.junit.runners.model.FrameworkMethod.invokeExplosively(FrameworkMethod.java:44)
	at org.junit.internal.runners.statements.InvokeMethod.evaluate(InvokeMethod.java:17)
	at org.junit.internal.runners.statements.RunBefores.evaluate(RunBefores.java:26)
	at org.junit.internal.runners.statements.RunAfters.evaluate(RunAfters.java:27)
	at org.junit.runners.ParentRunner.runLeaf(ParentRunner.java:271)
	at org.junit.runners.BlockJUnit4ClassRunner.runChild(BlockJUnit4ClassRunner.java:70)
	at org.junit.runners.BlockJUnit4ClassRunner.runChild(BlockJUnit4ClassRunner.java:50)
	at org.junit.runners.ParentRunner$3.run(ParentRunner.java:238)
	at org.junit.runners.ParentRunner$1.schedule(ParentRunner.java:63)
	at org.junit.runners.ParentRunner.runChildren(ParentRunner.java:236)
	at org.junit.runners.ParentRunner.access$000(ParentRunner.java:53)
	at org.junit.runners.ParentRunner$2.evaluate(ParentRunner.java:229)
	at org.junit.runners.ParentRunner.run(ParentRunner.java:309)
	at org.apache.maven.surefire.junit4.JUnit4Provider.execute(JUnit4Provider.java:365)
	at org.apache.maven.surefire.junit4.JUnit4Provider.executeWithRerun(JUnit4Provider.java:273)
	at org.apache.maven.surefire.junit4.JUnit4Provider.executeTestSet(JUnit4Provider.java:238)
	at org.apache.maven.surefire.junit4.JUnit4Provider.invoke(JUnit4Provider.java:159)
	at org.apache.maven.surefire.booter.ForkedBooter.invokeProviderInSameClassLoader(ForkedBooter.java:384)
	at org.apache.maven.surefire.booter.ForkedBooter.runSuitesInProcess(ForkedBooter.java:345)
	at org.apache.maven.surefire.booter.ForkedBooter.execute(ForkedBooter.java:126)
	at org.apache.maven.surefire.booter.ForkedBooter.main(ForkedBooter.java:418)

Sep 04, 2019 12:53:25 PM org.apache.ratis.thirdparty.io.grpc.internal.ManagedChannelOrphanWrapper$ManagedChannelReference cleanQueue
SEVERE: *~*~*~ Channel ManagedChannelImpl{logId=3246, target=192.168.157.199:44525} was not shutdown properly!!! ~*~*~*
    Make sure to call shutdown()/shutdownNow() and wait until awaitTermination() returns true.
java.lang.RuntimeException: ManagedChannel allocation site
	at org.apache.ratis.thirdparty.io.grpc.internal.ManagedChannelOrphanWrapper$ManagedChannelReference.<init>(ManagedChannelOrphanWrapper.java:103)
	at org.apache.ratis.thirdparty.io.grpc.internal.ManagedChannelOrphanWrapper.<init>(ManagedChannelOrphanWrapper.java:53)
	at org.apache.ratis.thirdparty.io.grpc.internal.ManagedChannelOrphanWrapper.<init>(ManagedChannelOrphanWrapper.java:44)
	at org.apache.ratis.thirdparty.io.grpc.internal.AbstractManagedChannelImplBuilder.build(AbstractManagedChannelImplBuilder.java:411)
	at org.apache.hadoop.hdds.scm.XceiverClientGrpc.connectToDatanode(XceiverClientGrpc.java:175)
	at org.apache.hadoop.hdds.scm.XceiverClientGrpc.reconnect(XceiverClientGrpc.java:423)
	at org.apache.hadoop.hdds.scm.XceiverClientGrpc.sendCommandAsync(XceiverClientGrpc.java:372)
	at org.apache.hadoop.hdds.scm.XceiverClientGrpc.sendCommandWithRetry(XceiverClientGrpc.java:285)
	at org.apache.hadoop.hdds.scm.XceiverClientGrpc.sendCommandWithTraceIDAndRetry(XceiverClientGrpc.java:251)
	at org.apache.hadoop.hdds.scm.XceiverClientGrpc.sendCommand(XceiverClientGrpc.java:234)
	at org.apache.hadoop.hdds.scm.storage.ContainerProtocolCalls.getBlock(ContainerProtocolCalls.java:118)
	at org.apache.hadoop.hdds.scm.storage.BlockInputStream.getChunkInfos(BlockInputStream.java:167)
	at org.apache.hadoop.hdds.scm.storage.BlockInputStream.initialize(BlockInputStream.java:118)
	at org.apache.hadoop.hdds.scm.storage.BlockInputStream.read(BlockInputStream.java:222)
	at org.apache.hadoop.ozone.client.io.KeyInputStream.read(KeyInputStream.java:171)
	at org.apache.hadoop.ozone.client.io.OzoneInputStream.read(OzoneInputStream.java:47)
	at java.io.InputStream.read(InputStream.java:101)
	at org.apache.hadoop.ozone.container.ContainerTestHelper.validateData(ContainerTestHelper.java:713)
	at org.apache.hadoop.ozone.client.rpc.TestBlockOutputStreamWithFailures.validateData(TestBlockOutputStreamWithFailures.java:1216)
	at org.apache.hadoop.ozone.client.rpc.TestBlockOutputStreamWithFailures.testWatchForCommitDatanodeFailure(TestBlockOutputStreamWithFailures.java:393)
	at sun.reflect.NativeMethodAccessorImpl.invoke0(Native Method)
	at sun.reflect.NativeMethodAccessorImpl.invoke(NativeMethodAccessorImpl.java:62)
	at sun.reflect.DelegatingMethodAccessorImpl.invoke(DelegatingMethodAccessorImpl.java:43)
	at java.lang.reflect.Method.invoke(Method.java:498)
	at org.junit.runners.model.FrameworkMethod$1.runReflectiveCall(FrameworkMethod.java:47)
	at org.junit.internal.runners.model.ReflectiveCallable.run(ReflectiveCallable.java:12)
	at org.junit.runners.model.FrameworkMethod.invokeExplosively(FrameworkMethod.java:44)
	at org.junit.internal.runners.statements.InvokeMethod.evaluate(InvokeMethod.java:17)
	at org.junit.internal.runners.statements.RunBefores.evaluate(RunBefores.java:26)
	at org.junit.internal.runners.statements.RunAfters.evaluate(RunAfters.java:27)
	at org.junit.runners.ParentRunner.runLeaf(ParentRunner.java:271)
	at org.junit.runners.BlockJUnit4ClassRunner.runChild(BlockJUnit4ClassRunner.java:70)
	at org.junit.runners.BlockJUnit4ClassRunner.runChild(BlockJUnit4ClassRunner.java:50)
	at org.junit.runners.ParentRunner$3.run(ParentRunner.java:238)
	at org.junit.runners.ParentRunner$1.schedule(ParentRunner.java:63)
	at org.junit.runners.ParentRunner.runChildren(ParentRunner.java:236)
	at org.junit.runners.ParentRunner.access$000(ParentRunner.java:53)
	at org.junit.runners.ParentRunner$2.evaluate(ParentRunner.java:229)
	at org.junit.runners.ParentRunner.run(ParentRunner.java:309)
	at org.apache.maven.surefire.junit4.JUnit4Provider.execute(JUnit4Provider.java:365)
	at org.apache.maven.surefire.junit4.JUnit4Provider.executeWithRerun(JUnit4Provider.java:273)
	at org.apache.maven.surefire.junit4.JUnit4Provider.executeTestSet(JUnit4Provider.java:238)
	at org.apache.maven.surefire.junit4.JUnit4Provider.invoke(JUnit4Provider.java:159)
	at org.apache.maven.surefire.booter.ForkedBooter.invokeProviderInSameClassLoader(ForkedBooter.java:384)
	at org.apache.maven.surefire.booter.ForkedBooter.runSuitesInProcess(ForkedBooter.java:345)
	at org.apache.maven.surefire.booter.ForkedBooter.execute(ForkedBooter.java:126)
	at org.apache.maven.surefire.booter.ForkedBooter.main(ForkedBooter.java:418)

Sep 04, 2019 12:53:25 PM org.apache.ratis.thirdparty.io.grpc.internal.ManagedChannelOrphanWrapper$ManagedChannelReference cleanQueue
SEVERE: *~*~*~ Channel ManagedChannelImpl{logId=3251, target=192.168.157.199:39844} was not shutdown properly!!! ~*~*~*
    Make sure to call shutdown()/shutdownNow() and wait until awaitTermination() returns true.
java.lang.RuntimeException: ManagedChannel allocation site
	at org.apache.ratis.thirdparty.io.grpc.internal.ManagedChannelOrphanWrapper$ManagedChannelReference.<init>(ManagedChannelOrphanWrapper.java:103)
	at org.apache.ratis.thirdparty.io.grpc.internal.ManagedChannelOrphanWrapper.<init>(ManagedChannelOrphanWrapper.java:53)
	at org.apache.ratis.thirdparty.io.grpc.internal.ManagedChannelOrphanWrapper.<init>(ManagedChannelOrphanWrapper.java:44)
	at org.apache.ratis.thirdparty.io.grpc.internal.AbstractManagedChannelImplBuilder.build(AbstractManagedChannelImplBuilder.java:411)
	at org.apache.hadoop.hdds.scm.XceiverClientGrpc.connectToDatanode(XceiverClientGrpc.java:175)
	at org.apache.hadoop.hdds.scm.XceiverClientGrpc.reconnect(XceiverClientGrpc.java:423)
	at org.apache.hadoop.hdds.scm.XceiverClientGrpc.sendCommandAsync(XceiverClientGrpc.java:372)
	at org.apache.hadoop.hdds.scm.XceiverClientGrpc.sendCommandWithRetry(XceiverClientGrpc.java:285)
	at org.apache.hadoop.hdds.scm.XceiverClientGrpc.sendCommandWithTraceIDAndRetry(XceiverClientGrpc.java:251)
	at org.apache.hadoop.hdds.scm.XceiverClientGrpc.sendCommand(XceiverClientGrpc.java:234)
	at org.apache.hadoop.hdds.scm.storage.ContainerProtocolCalls.readChunk(ContainerProtocolCalls.java:245)
	at org.apache.hadoop.hdds.scm.storage.ChunkInputStream.readChunk(ChunkInputStream.java:335)
	at org.apache.hadoop.hdds.scm.storage.ChunkInputStream.readChunkFromContainer(ChunkInputStream.java:307)
	at org.apache.hadoop.hdds.scm.storage.ChunkInputStream.prepareRead(ChunkInputStream.java:259)
	at org.apache.hadoop.hdds.scm.storage.ChunkInputStream.read(ChunkInputStream.java:144)
	at org.apache.hadoop.hdds.scm.storage.BlockInputStream.read(BlockInputStream.java:239)
	at org.apache.hadoop.ozone.client.io.KeyInputStream.read(KeyInputStream.java:171)
	at org.apache.hadoop.ozone.client.io.OzoneInputStream.read(OzoneInputStream.java:47)
	at java.io.InputStream.read(InputStream.java:101)
	at org.apache.hadoop.ozone.container.ContainerTestHelper.validateData(ContainerTestHelper.java:713)
	at org.apache.hadoop.ozone.client.rpc.TestBlockOutputStreamWithFailures.validateData(TestBlockOutputStreamWithFailures.java:1216)
	at org.apache.hadoop.ozone.client.rpc.TestBlockOutputStreamWithFailures.testWatchForCommitDatanodeFailure(TestBlockOutputStreamWithFailures.java:393)
	at sun.reflect.NativeMethodAccessorImpl.invoke0(Native Method)
	at sun.reflect.NativeMethodAccessorImpl.invoke(NativeMethodAccessorImpl.java:62)
	at sun.reflect.DelegatingMethodAccessorImpl.invoke(DelegatingMethodAccessorImpl.java:43)
	at java.lang.reflect.Method.invoke(Method.java:498)
	at org.junit.runners.model.FrameworkMethod$1.runReflectiveCall(FrameworkMethod.java:47)
	at org.junit.internal.runners.model.ReflectiveCallable.run(ReflectiveCallable.java:12)
	at org.junit.runners.model.FrameworkMethod.invokeExplosively(FrameworkMethod.java:44)
	at org.junit.internal.runners.statements.InvokeMethod.evaluate(InvokeMethod.java:17)
	at org.junit.internal.runners.statements.RunBefores.evaluate(RunBefores.java:26)
	at org.junit.internal.runners.statements.RunAfters.evaluate(RunAfters.java:27)
	at org.junit.runners.ParentRunner.runLeaf(ParentRunner.java:271)
	at org.junit.runners.BlockJUnit4ClassRunner.runChild(BlockJUnit4ClassRunner.java:70)
	at org.junit.runners.BlockJUnit4ClassRunner.runChild(BlockJUnit4ClassRunner.java:50)
	at org.junit.runners.ParentRunner$3.run(ParentRunner.java:238)
	at org.junit.runners.ParentRunner$1.schedule(ParentRunner.java:63)
	at org.junit.runners.ParentRunner.runChildren(ParentRunner.java:236)
	at org.junit.runners.ParentRunner.access$000(ParentRunner.java:53)
	at org.junit.runners.ParentRunner$2.evaluate(ParentRunner.java:229)
	at org.junit.runners.ParentRunner.run(ParentRunner.java:309)
	at org.apache.maven.surefire.junit4.JUnit4Provider.execute(JUnit4Provider.java:365)
	at org.apache.maven.surefire.junit4.JUnit4Provider.executeWithRerun(JUnit4Provider.java:273)
	at org.apache.maven.surefire.junit4.JUnit4Provider.executeTestSet(JUnit4Provider.java:238)
	at org.apache.maven.surefire.junit4.JUnit4Provider.invoke(JUnit4Provider.java:159)
	at org.apache.maven.surefire.booter.ForkedBooter.invokeProviderInSameClassLoader(ForkedBooter.java:384)
	at org.apache.maven.surefire.booter.ForkedBooter.runSuitesInProcess(ForkedBooter.java:345)
	at org.apache.maven.surefire.booter.ForkedBooter.execute(ForkedBooter.java:126)
	at org.apache.maven.surefire.booter.ForkedBooter.main(ForkedBooter.java:418)

]]></system-err>
  </testcase>
  <testcase name="testWatchForCommitWithCloseContainerException" classname="org.apache.hadoop.ozone.client.rpc.TestBlockOutputStreamWithFailures" time="35.093"/>
  <testcase name="testExceptionDuringClose" classname="org.apache.hadoop.ozone.client.rpc.TestBlockOutputStreamWithFailures" time="35.588"/>
</testsuite>