<?xml version="1.0" encoding="UTF-8"?>
<testsuite xmlns:xsi="http://www.w3.org/2001/XMLSchema-instance" xsi:noNamespaceSchemaLocation="https://maven.apache.org/surefire/maven-surefire-plugin/xsd/surefire-test-report.xsd" name="org.apache.hadoop.ozone.client.rpc.TestBlockOutputStreamWithFailures" time="788.405" tests="8" errors="0" skipped="0" failures="1">
  <properties>
    <property name="awt.toolkit" value="sun.awt.X11.XToolkit"/>
    <property name="file.encoding.pkg" value="sun.io"/>
    <property name="java.specification.version" value="1.8"/>
    <property name="sun.cpu.isalist" value=""/>
    <property name="sun.jnu.encoding" value="UTF-8"/>
    <property name="java.class.path" value="/workdir/hadoop-ozone/integration-test/target/test-classes:/workdir/hadoop-ozone/integration-test/target/classes:/home/user/.m2/repository/org/apache/hadoop/hadoop-ozone-common/0.5.0-SNAPSHOT/hadoop-ozone-common-0.5.0-SNAPSHOT.jar:/home/user/.m2/repository/org/apache/commons/commons-compress/1.4.1/commons-compress-1.4.1.jar:/home/user/.m2/repository/org/tukaani/xz/1.0/xz-1.0.jar:/home/user/.m2/repository/org/apache/hadoop/hadoop-common/3.2.0/hadoop-common-3.2.0.jar:/home/user/.m2/repository/org/apache/hadoop/hadoop-hdfs/3.2.0/hadoop-hdfs-3.2.0.jar:/home/user/.m2/repository/org/apache/hadoop/hadoop-hdfs-client/3.2.0/hadoop-hdfs-client-3.2.0.jar:/home/user/.m2/repository/com/fasterxml/jackson/core/jackson-annotations/2.9.5/jackson-annotations-2.9.5.jar:/home/user/.m2/repository/org/apache/hadoop/hadoop-hdds-common/0.5.0-SNAPSHOT/hadoop-hdds-common-0.5.0-SNAPSHOT.jar:/home/user/.m2/repository/javax/annotation/javax.annotation-api/1.2/javax.annotation-api-1.2.jar:/home/user/.m2/repository/org/apache/ratis/ratis-server/0.4.0-2337318-SNAPSHOT/ratis-server-0.4.0-2337318-SNAPSHOT.jar:/home/user/.m2/repository/org/apache/ratis/ratis-thirdparty-misc/0.2.0/ratis-thirdparty-misc-0.2.0.jar:/home/user/.m2/repository/org/apache/ratis/ratis-proto/0.4.0-2337318-SNAPSHOT/ratis-proto-0.4.0-2337318-SNAPSHOT.jar:/home/user/.m2/repository/org/apache/ratis/ratis-common/0.4.0-2337318-SNAPSHOT/ratis-common-0.4.0-2337318-SNAPSHOT.jar:/home/user/.m2/repository/org/apache/ratis/ratis-client/0.4.0-2337318-SNAPSHOT/ratis-client-0.4.0-2337318-SNAPSHOT.jar:/home/user/.m2/repository/org/apache/ratis/ratis-metrics/0.4.0-2337318-SNAPSHOT/ratis-metrics-0.4.0-2337318-SNAPSHOT.jar:/home/user/.m2/repository/org/apache/ratis/ratis-netty/0.4.0-2337318-SNAPSHOT/ratis-netty-0.4.0-2337318-SNAPSHOT.jar:/home/user/.m2/repository/org/apache/ratis/ratis-grpc/0.4.0-2337318-SNAPSHOT/ratis-grpc-0.4.0-2337318-SNAPSHOT.jar:/home/user/.m2/repository/org/rocksdb/rocksdbjni/6.0.1/rocksdbjni-6.0.1.jar:/home/user/.m2/repository/org/apache/logging/log4j/log4j-api/2.11.0/log4j-api-2.11.0.jar:/home/user/.m2/repository/org/apache/logging/log4j/log4j-core/2.11.0/log4j-core-2.11.0.jar:/home/user/.m2/repository/com/lmax/disruptor/3.4.2/disruptor-3.4.2.jar:/home/user/.m2/repository/org/apache/commons/commons-pool2/2.6.0/commons-pool2-2.6.0.jar:/home/user/.m2/repository/org/bouncycastle/bcpkix-jdk15on/1.60/bcpkix-jdk15on-1.60.jar:/home/user/.m2/repository/commons-validator/commons-validator/1.6/commons-validator-1.6.jar:/home/user/.m2/repository/commons-digester/commons-digester/1.8.1/commons-digester-1.8.1.jar:/home/user/.m2/repository/io/jaegertracing/jaeger-client/0.33.1/jaeger-client-0.33.1.jar:/home/user/.m2/repository/io/jaegertracing/jaeger-thrift/0.33.1/jaeger-thrift-0.33.1.jar:/home/user/.m2/repository/org/apache/thrift/libthrift/0.11.0/libthrift-0.11.0.jar:/home/user/.m2/repository/com/squareup/okhttp3/okhttp/3.9.0/okhttp-3.9.0.jar:/home/user/.m2/repository/com/squareup/okio/okio/1.13.0/okio-1.13.0.jar:/home/user/.m2/repository/io/jaegertracing/jaeger-core/0.33.1/jaeger-core-0.33.1.jar:/home/user/.m2/repository/io/jaegertracing/jaeger-tracerresolver/0.33.1/jaeger-tracerresolver-0.33.1.jar:/home/user/.m2/repository/io/opentracing/contrib/opentracing-tracerresolver/0.1.5/opentracing-tracerresolver-0.1.5.jar:/home/user/.m2/repository/io/opentracing/opentracing-util/0.31.0/opentracing-util-0.31.0.jar:/home/user/.m2/repository/io/opentracing/opentracing-api/0.31.0/opentracing-api-0.31.0.jar:/home/user/.m2/repository/io/opentracing/opentracing-noop/0.31.0/opentracing-noop-0.31.0.jar:/home/user/.m2/repository/org/apache/hadoop/hadoop-hdds-server-framework/0.5.0-SNAPSHOT/hadoop-hdds-server-framework-0.5.0-SNAPSHOT.jar:/home/user/.m2/repository/org/apache/hadoop/hadoop-hdds-container-service/0.5.0-SNAPSHOT/hadoop-hdds-container-service-0.5.0-SNAPSHOT.jar:/home/user/.m2/repository/org/apache/hadoop/hadoop-hdds-client/0.5.0-SNAPSHOT/hadoop-hdds-client-0.5.0-SNAPSHOT.jar:/home/user/.m2/repository/org/apache/hadoop/hadoop-hdds-tools/0.5.0-SNAPSHOT/hadoop-hdds-tools-0.5.0-SNAPSHOT.jar:/home/user/.m2/repository/org/apache/hadoop/hadoop-hdds-server-scm/0.5.0-SNAPSHOT/hadoop-hdds-server-scm-0.5.0-SNAPSHOT.jar:/home/user/.m2/repository/org/apache/hadoop/hadoop-hdds-docs/0.5.0-SNAPSHOT/hadoop-hdds-docs-0.5.0-SNAPSHOT.jar:/home/user/.m2/repository/io/dropwizard/metrics/metrics-core/3.2.4/metrics-core-3.2.4.jar:/home/user/.m2/repository/org/hamcrest/hamcrest-all/1.3/hamcrest-all-1.3.jar:/home/user/.m2/repository/org/bouncycastle/bcprov-jdk15on/1.60/bcprov-jdk15on-1.60.jar:/home/user/.m2/repository/info/picocli/picocli/3.9.6/picocli-3.9.6.jar:/home/user/.m2/repository/com/google/protobuf/protobuf-java/2.5.0/protobuf-java-2.5.0.jar:/home/user/.m2/repository/com/google/guava/guava/11.0.2/guava-11.0.2.jar:/home/user/.m2/repository/org/apache/hadoop/hadoop-ozone-ozone-manager/0.5.0-SNAPSHOT/hadoop-ozone-ozone-manager-0.5.0-SNAPSHOT.jar:/home/user/.m2/repository/org/apache/hadoop/hadoop-minikdc/3.2.0/hadoop-minikdc-3.2.0.jar:/home/user/.m2/repository/commons-io/commons-io/2.5/commons-io-2.5.jar:/home/user/.m2/repository/org/apache/kerby/kerb-simplekdc/1.0.1/kerb-simplekdc-1.0.1.jar:/home/user/.m2/repository/org/apache/kerby/kerb-client/1.0.1/kerb-client-1.0.1.jar:/home/user/.m2/repository/org/apache/kerby/kerby-config/1.0.1/kerby-config-1.0.1.jar:/home/user/.m2/repository/org/apache/kerby/kerb-core/1.0.1/kerb-core-1.0.1.jar:/home/user/.m2/repository/org/apache/kerby/kerby-pkix/1.0.1/kerby-pkix-1.0.1.jar:/home/user/.m2/repository/org/apache/kerby/kerby-asn1/1.0.1/kerby-asn1-1.0.1.jar:/home/user/.m2/repository/org/apache/kerby/kerby-util/1.0.1/kerby-util-1.0.1.jar:/home/user/.m2/repository/org/apache/kerby/kerb-common/1.0.1/kerb-common-1.0.1.jar:/home/user/.m2/repository/org/apache/kerby/kerb-crypto/1.0.1/kerb-crypto-1.0.1.jar:/home/user/.m2/repository/org/apache/kerby/kerb-util/1.0.1/kerb-util-1.0.1.jar:/home/user/.m2/repository/org/apache/kerby/token-provider/1.0.1/token-provider-1.0.1.jar:/home/user/.m2/repository/org/apache/kerby/kerb-admin/1.0.1/kerb-admin-1.0.1.jar:/home/user/.m2/repository/org/apache/kerby/kerb-server/1.0.1/kerb-server-1.0.1.jar:/home/user/.m2/repository/org/apache/kerby/kerb-identity/1.0.1/kerb-identity-1.0.1.jar:/home/user/.m2/repository/org/apache/kerby/kerby-xdr/1.0.1/kerby-xdr-1.0.1.jar:/home/user/.m2/repository/org/slf4j/slf4j-log4j12/1.7.25/slf4j-log4j12-1.7.25.jar:/home/user/.m2/repository/org/apache/hadoop/hadoop-ozone-objectstore-service/0.5.0-SNAPSHOT/hadoop-ozone-objectstore-service-0.5.0-SNAPSHOT.jar:/home/user/.m2/repository/org/apache/hadoop/hadoop-ozone-s3gateway/0.5.0-SNAPSHOT/hadoop-ozone-s3gateway-0.5.0-SNAPSHOT.jar:/home/user/.m2/repository/org/jboss/weld/servlet/weld-servlet/2.4.7.Final/weld-servlet-2.4.7.Final.jar:/home/user/.m2/repository/org/glassfish/jersey/containers/jersey-container-servlet-core/2.27/jersey-container-servlet-core-2.27.jar:/home/user/.m2/repository/org/glassfish/hk2/external/javax.inject/2.5.0-b42/javax.inject-2.5.0-b42.jar:/home/user/.m2/repository/org/glassfish/jersey/core/jersey-common/2.27/jersey-common-2.27.jar:/home/user/.m2/repository/org/glassfish/hk2/osgi-resource-locator/1.0.1/osgi-resource-locator-1.0.1.jar:/home/user/.m2/repository/javax/ws/rs/javax.ws.rs-api/2.1/javax.ws.rs-api-2.1.jar:/home/user/.m2/repository/org/glassfish/jersey/ext/cdi/jersey-cdi1x/2.27/jersey-cdi1x-2.27.jar:/home/user/.m2/repository/org/glassfish/jersey/inject/jersey-hk2/2.27/jersey-hk2-2.27.jar:/home/user/.m2/repository/org/glassfish/hk2/hk2-locator/2.5.0-b42/hk2-locator-2.5.0-b42.jar:/home/user/.m2/repository/org/javassist/javassist/3.22.0-CR2/javassist-3.22.0-CR2.jar:/home/user/.m2/repository/org/glassfish/hk2/hk2-api/2.5.0/hk2-api-2.5.0.jar:/home/user/.m2/repository/org/glassfish/hk2/external/jakarta.inject/2.5.0/jakarta.inject-2.5.0.jar:/home/user/.m2/repository/org/glassfish/hk2/hk2-utils/2.5.0/hk2-utils-2.5.0.jar:/home/user/.m2/repository/jakarta/annotation/jakarta.annotation-api/1.3.4/jakarta.annotation-api-1.3.4.jar:/home/user/.m2/repository/org/glassfish/hk2/external/aopalliance-repackaged/2.5.0/aopalliance-repackaged-2.5.0.jar:/home/user/.m2/repository/com/fasterxml/jackson/dataformat/jackson-dataformat-xml/2.9.0/jackson-dataformat-xml-2.9.0.jar:/home/user/.m2/repository/com/fasterxml/jackson/core/jackson-core/2.9.5/jackson-core-2.9.5.jar:/home/user/.m2/repository/com/fasterxml/jackson/module/jackson-module-jaxb-annotations/2.9.5/jackson-module-jaxb-annotations-2.9.5.jar:/home/user/.m2/repository/javax/enterprise/cdi-api/1.2/cdi-api-1.2.jar:/home/user/.m2/repository/javax/el/javax.el-api/3.0.0/javax.el-api-3.0.0.jar:/home/user/.m2/repository/javax/interceptor/javax.interceptor-api/1.2/javax.interceptor-api-1.2.jar:/home/user/.m2/repository/javax/inject/javax.inject/1/javax.inject-1.jar:/home/user/.m2/repository/com/sun/xml/bind/jaxb-impl/2.3.0.1/jaxb-impl-2.3.0.1.jar:/home/user/.m2/repository/com/sun/xml/bind/jaxb-core/2.3.0.1/jaxb-core-2.3.0.1.jar:/home/user/.m2/repository/javax/xml/bind/jaxb-api/2.3.0/jaxb-api-2.3.0.jar:/home/user/.m2/repository/javax/activation/activation/1.1.1/activation-1.1.1.jar:/home/user/.m2/repository/org/apache/hadoop/hadoop-ozone-csi/0.5.0-SNAPSHOT/hadoop-ozone-csi-0.5.0-SNAPSHOT.jar:/home/user/.m2/repository/com/google/protobuf/protobuf-java-util/3.5.1/protobuf-java-util-3.5.1.jar:/home/user/.m2/repository/org/apache/hadoop/hadoop-hdds-config/0.5.0-SNAPSHOT/hadoop-hdds-config-0.5.0-SNAPSHOT.jar:/home/user/.m2/repository/io/grpc/grpc-netty/1.17.1/grpc-netty-1.17.1.jar:/home/user/.m2/repository/io/grpc/grpc-core/1.17.1/grpc-core-1.17.1.jar:/home/user/.m2/repository/io/grpc/grpc-context/1.17.1/grpc-context-1.17.1.jar:/home/user/.m2/repository/com/google/errorprone/error_prone_annotations/2.2.0/error_prone_annotations-2.2.0.jar:/home/user/.m2/repository/org/codehaus/mojo/animal-sniffer-annotations/1.17/animal-sniffer-annotations-1.17.jar:/home/user/.m2/repository/io/opencensus/opencensus-api/0.17.0/opencensus-api-0.17.0.jar:/home/user/.m2/repository/io/opencensus/opencensus-contrib-grpc-metrics/0.17.0/opencensus-contrib-grpc-metrics-0.17.0.jar:/home/user/.m2/repository/io/netty/netty-codec-http2/4.1.30.Final/netty-codec-http2-4.1.30.Final.jar:/home/user/.m2/repository/io/netty/netty-codec-http/4.1.30.Final/netty-codec-http-4.1.30.Final.jar:/home/user/.m2/repository/io/netty/netty-codec/4.1.30.Final/netty-codec-4.1.30.Final.jar:/home/user/.m2/repository/io/netty/netty-handler/4.1.30.Final/netty-handler-4.1.30.Final.jar:/home/user/.m2/repository/io/netty/netty-handler-proxy/4.1.30.Final/netty-handler-proxy-4.1.30.Final.jar:/home/user/.m2/repository/io/netty/netty-codec-socks/4.1.30.Final/netty-codec-socks-4.1.30.Final.jar:/home/user/.m2/repository/io/netty/netty-transport-native-epoll/4.1.30.Final/netty-transport-native-epoll-4.1.30.Final.jar:/home/user/.m2/repository/io/netty/netty-common/4.1.30.Final/netty-common-4.1.30.Final.jar:/home/user/.m2/repository/io/netty/netty-buffer/4.1.30.Final/netty-buffer-4.1.30.Final.jar:/home/user/.m2/repository/io/netty/netty-transport/4.1.30.Final/netty-transport-4.1.30.Final.jar:/home/user/.m2/repository/io/netty/netty-resolver/4.1.30.Final/netty-resolver-4.1.30.Final.jar:/home/user/.m2/repository/io/netty/netty-transport-native-unix-common/4.1.30.Final/netty-transport-native-unix-common-4.1.30.Final.jar:/home/user/.m2/repository/io/grpc/grpc-protobuf/1.17.1/grpc-protobuf-1.17.1.jar:/home/user/.m2/repository/com/google/api/grpc/proto-google-common-protos/1.0.0/proto-google-common-protos-1.0.0.jar:/home/user/.m2/repository/io/grpc/grpc-protobuf-lite/1.17.1/grpc-protobuf-lite-1.17.1.jar:/home/user/.m2/repository/io/grpc/grpc-stub/1.17.1/grpc-stub-1.17.1.jar:/home/user/.m2/repository/org/apache/hadoop/hadoop-ozone-recon/0.5.0-SNAPSHOT/hadoop-ozone-recon-0.5.0-SNAPSHOT.jar:/home/user/.m2/repository/org/apache/hadoop/hadoop-ozone-reconcodegen/0.5.0-SNAPSHOT/hadoop-ozone-reconcodegen-0.5.0-SNAPSHOT.jar:/home/user/.m2/repository/com/google/inject/extensions/guice-multibindings/4.0/guice-multibindings-4.0.jar:/home/user/.m2/repository/com/google/inject/guice/4.0/guice-4.0.jar:/home/user/.m2/repository/aopalliance/aopalliance/1.0/aopalliance-1.0.jar:/home/user/.m2/repository/com/google/inject/extensions/guice-servlet/4.0/guice-servlet-4.0.jar:/home/user/.m2/repository/org/glassfish/jersey/containers/jersey-container-servlet/2.27/jersey-container-servlet-2.27.jar:/home/user/.m2/repository/org/glassfish/hk2/guice-bridge/2.5.0/guice-bridge-2.5.0.jar:/home/user/.m2/repository/org/glassfish/jersey/core/jersey-server/2.27/jersey-server-2.27.jar:/home/user/.m2/repository/org/glassfish/jersey/core/jersey-client/2.27/jersey-client-2.27.jar:/home/user/.m2/repository/org/glassfish/jersey/media/jersey-media-jaxb/2.27/jersey-media-jaxb-2.27.jar:/home/user/.m2/repository/javax/validation/validation-api/1.1.0.Final/validation-api-1.1.0.Final.jar:/home/user/.m2/repository/org/glassfish/jersey/media/jersey-media-json-jackson/2.27/jersey-media-json-jackson-2.27.jar:/home/user/.m2/repository/org/glassfish/jersey/ext/jersey-entity-filtering/2.27/jersey-entity-filtering-2.27.jar:/home/user/.m2/repository/com/google/inject/extensions/guice-assistedinject/4.0/guice-assistedinject-4.0.jar:/home/user/.m2/repository/org/jooq/jooq/3.11.10/jooq-3.11.10.jar:/home/user/.m2/repository/org/jooq/jooq-meta/3.11.10/jooq-meta-3.11.10.jar:/home/user/.m2/repository/org/jooq/jooq-codegen/3.11.10/jooq-codegen-3.11.10.jar:/home/user/.m2/repository/com/jolbox/bonecp/0.8.0.RELEASE/bonecp-0.8.0.RELEASE.jar:/home/user/.m2/repository/org/xerial/sqlite-jdbc/3.25.2/sqlite-jdbc-3.25.2.jar:/home/user/.m2/repository/org/springframework/spring-jdbc/5.1.3.RELEASE/spring-jdbc-5.1.3.RELEASE.jar:/home/user/.m2/repository/org/springframework/spring-beans/5.1.3.RELEASE/spring-beans-5.1.3.RELEASE.jar:/home/user/.m2/repository/org/springframework/spring-core/5.1.3.RELEASE/spring-core-5.1.3.RELEASE.jar:/home/user/.m2/repository/org/springframework/spring-jcl/5.1.3.RELEASE/spring-jcl-5.1.3.RELEASE.jar:/home/user/.m2/repository/org/springframework/spring-tx/5.1.3.RELEASE/spring-tx-5.1.3.RELEASE.jar:/home/user/.m2/repository/org/apache/hadoop/hadoop-ozone-client/0.5.0-SNAPSHOT/hadoop-ozone-client-0.5.0-SNAPSHOT.jar:/home/user/.m2/repository/commons-lang/commons-lang/2.6/commons-lang-2.6.jar:/home/user/.m2/repository/org/apache/hadoop/hadoop-ozone-ozone-manager/0.5.0-SNAPSHOT/hadoop-ozone-ozone-manager-0.5.0-SNAPSHOT-tests.jar:/home/user/.m2/repository/junit/junit/4.11/junit-4.11.jar:/home/user/.m2/repository/org/hamcrest/hamcrest-core/1.3/hamcrest-core-1.3.jar:/home/user/.m2/repository/org/openjdk/jmh/jmh-core/1.19/jmh-core-1.19.jar:/home/user/.m2/repository/net/sf/jopt-simple/jopt-simple/4.6/jopt-simple-4.6.jar:/home/user/.m2/repository/org/apache/commons/commons-math3/3.1.1/commons-math3-3.1.1.jar:/home/user/.m2/repository/org/openjdk/jmh/jmh-generator-annprocess/1.19/jmh-generator-annprocess-1.19.jar:/home/user/.m2/repository/org/mockito/mockito-all/1.8.5/mockito-all-1.8.5.jar:/home/user/.m2/repository/org/apache/hadoop/hadoop-kms/3.2.0/hadoop-kms-3.2.0.jar:/home/user/.m2/repository/org/apache/hadoop/hadoop-auth/3.2.0/hadoop-auth-3.2.0.jar:/home/user/.m2/repository/com/nimbusds/nimbus-jose-jwt/4.41.1/nimbus-jose-jwt-4.41.1.jar:/home/user/.m2/repository/com/github/stephenc/jcip/jcip-annotations/1.0-1/jcip-annotations-1.0-1.jar:/home/user/.m2/repository/net/minidev/json-smart/2.3/json-smart-2.3.jar:/home/user/.m2/repository/net/minidev/accessors-smart/1.2/accessors-smart-1.2.jar:/home/user/.m2/repository/org/ow2/asm/asm/5.0.4/asm-5.0.4.jar:/home/user/.m2/repository/org/apache/curator/curator-framework/2.12.0/curator-framework-2.12.0.jar:/home/user/.m2/repository/com/sun/jersey/jersey-core/1.19/jersey-core-1.19.jar:/home/user/.m2/repository/javax/ws/rs/jsr311-api/1.1.1/jsr311-api-1.1.1.jar:/home/user/.m2/repository/com/sun/jersey/jersey-server/1.19/jersey-server-1.19.jar:/home/user/.m2/repository/javax/servlet/javax.servlet-api/3.1.0/javax.servlet-api-3.1.0.jar:/home/user/.m2/repository/org/eclipse/jetty/jetty-server/9.3.24.v20180605/jetty-server-9.3.24.v20180605.jar:/home/user/.m2/repository/org/eclipse/jetty/jetty-http/9.3.24.v20180605/jetty-http-9.3.24.v20180605.jar:/home/user/.m2/repository/org/eclipse/jetty/jetty-io/9.3.24.v20180605/jetty-io-9.3.24.v20180605.jar:/home/user/.m2/repository/org/eclipse/jetty/jetty-webapp/9.3.24.v20180605/jetty-webapp-9.3.24.v20180605.jar:/home/user/.m2/repository/org/eclipse/jetty/jetty-xml/9.3.24.v20180605/jetty-xml-9.3.24.v20180605.jar:/home/user/.m2/repository/log4j/log4j/1.2.17/log4j-1.2.17.jar:/home/user/.m2/repository/org/slf4j/slf4j-api/1.7.25/slf4j-api-1.7.25.jar:/home/user/.m2/repository/org/slf4j/jul-to-slf4j/1.7.25/jul-to-slf4j-1.7.25.jar:/home/user/.m2/repository/org/eclipse/jetty/jetty-util/9.3.24.v20180605/jetty-util-9.3.24.v20180605.jar:/home/user/.m2/repository/com/fasterxml/jackson/core/jackson-databind/2.9.5/jackson-databind-2.9.5.jar:/home/user/.m2/repository/org/apache/hadoop/hadoop-kms/3.2.0/hadoop-kms-3.2.0-tests.jar:/home/user/.m2/repository/org/apache/hadoop/hadoop-hdds-server-scm/0.5.0-SNAPSHOT/hadoop-hdds-server-scm-0.5.0-SNAPSHOT-tests.jar:/home/user/.m2/repository/org/apache/hadoop/hadoop-hdds-container-service/0.5.0-SNAPSHOT/hadoop-hdds-container-service-0.5.0-SNAPSHOT-tests.jar:/home/user/.m2/repository/org/yaml/snakeyaml/1.16/snakeyaml-1.16.jar:/home/user/.m2/repository/org/apache/hadoop/hadoop-common/3.2.0/hadoop-common-3.2.0-tests.jar:/home/user/.m2/repository/org/apache/hadoop/hadoop-annotations/3.2.0/hadoop-annotations-3.2.0.jar:/usr/lib/jvm/java-1.8-openjdk/jre/../lib/tools.jar:/home/user/.m2/repository/commons-cli/commons-cli/1.2/commons-cli-1.2.jar:/home/user/.m2/repository/org/apache/httpcomponents/httpclient/4.5.2/httpclient-4.5.2.jar:/home/user/.m2/repository/org/apache/httpcomponents/httpcore/4.4.4/httpcore-4.4.4.jar:/home/user/.m2/repository/commons-codec/commons-codec/1.11/commons-codec-1.11.jar:/home/user/.m2/repository/commons-net/commons-net/3.6/commons-net-3.6.jar:/home/user/.m2/repository/commons-collections/commons-collections/3.2.2/commons-collections-3.2.2.jar:/home/user/.m2/repository/org/eclipse/jetty/jetty-servlet/9.3.24.v20180605/jetty-servlet-9.3.24.v20180605.jar:/home/user/.m2/repository/org/eclipse/jetty/jetty-security/9.3.24.v20180605/jetty-security-9.3.24.v20180605.jar:/home/user/.m2/repository/javax/servlet/jsp/jsp-api/2.1/jsp-api-2.1.jar:/home/user/.m2/repository/com/sun/jersey/jersey-servlet/1.19/jersey-servlet-1.19.jar:/home/user/.m2/repository/com/sun/jersey/jersey-json/1.19/jersey-json-1.19.jar:/home/user/.m2/repository/org/codehaus/jettison/jettison/1.1/jettison-1.1.jar:/home/user/.m2/repository/org/codehaus/jackson/jackson-core-asl/1.9.13/jackson-core-asl-1.9.13.jar:/home/user/.m2/repository/org/codehaus/jackson/jackson-mapper-asl/1.9.13/jackson-mapper-asl-1.9.13.jar:/home/user/.m2/repository/org/codehaus/jackson/jackson-jaxrs/1.9.13/jackson-jaxrs-1.9.13.jar:/home/user/.m2/repository/org/codehaus/jackson/jackson-xc/1.9.13/jackson-xc-1.9.13.jar:/home/user/.m2/repository/commons-logging/commons-logging/1.1.3/commons-logging-1.1.3.jar:/home/user/.m2/repository/commons-beanutils/commons-beanutils/1.9.3/commons-beanutils-1.9.3.jar:/home/user/.m2/repository/org/apache/commons/commons-configuration2/2.1.1/commons-configuration2-2.1.1.jar:/home/user/.m2/repository/org/apache/commons/commons-lang3/3.7/commons-lang3-3.7.jar:/home/user/.m2/repository/org/apache/commons/commons-text/1.4/commons-text-1.4.jar:/home/user/.m2/repository/org/apache/avro/avro/1.7.7/avro-1.7.7.jar:/home/user/.m2/repository/com/thoughtworks/paranamer/paranamer/2.3/paranamer-2.3.jar:/home/user/.m2/repository/org/xerial/snappy/snappy-java/1.0.5/snappy-java-1.0.5.jar:/home/user/.m2/repository/com/google/re2j/re2j/1.1/re2j-1.1.jar:/home/user/.m2/repository/com/google/code/gson/gson/2.2.4/gson-2.2.4.jar:/home/user/.m2/repository/com/jcraft/jsch/0.1.54/jsch-0.1.54.jar:/home/user/.m2/repository/org/apache/curator/curator-client/2.12.0/curator-client-2.12.0.jar:/home/user/.m2/repository/org/apache/curator/curator-recipes/2.12.0/curator-recipes-2.12.0.jar:/home/user/.m2/repository/com/google/code/findbugs/jsr305/3.0.0/jsr305-3.0.0.jar:/home/user/.m2/repository/org/apache/htrace/htrace-core4/4.1.0-incubating/htrace-core4-4.1.0-incubating.jar:/home/user/.m2/repository/org/apache/zookeeper/zookeeper/3.4.13/zookeeper-3.4.13.jar:/home/user/.m2/repository/org/apache/yetus/audience-annotations/0.5.0/audience-annotations-0.5.0.jar:/home/user/.m2/repository/org/codehaus/woodstox/stax2-api/3.1.4/stax2-api-3.1.4.jar:/home/user/.m2/repository/com/fasterxml/woodstox/woodstox-core/5.0.3/woodstox-core-5.0.3.jar:/home/user/.m2/repository/dnsjava/dnsjava/2.1.7/dnsjava-2.1.7.jar:/home/user/.m2/repository/org/apache/hadoop/hadoop-hdfs/3.2.0/hadoop-hdfs-3.2.0-tests.jar:/home/user/.m2/repository/org/eclipse/jetty/jetty-util-ajax/9.3.24.v20180605/jetty-util-ajax-9.3.24.v20180605.jar:/home/user/.m2/repository/commons-daemon/commons-daemon/1.0.13/commons-daemon-1.0.13.jar:/home/user/.m2/repository/io/netty/netty/3.10.5.Final/netty-3.10.5.Final.jar:/home/user/.m2/repository/io/netty/netty-all/4.0.52.Final/netty-all-4.0.52.Final.jar:/home/user/.m2/repository/org/fusesource/leveldbjni/leveldbjni-all/1.8/leveldbjni-all-1.8.jar:"/>
    <property name="java.vm.vendor" value="IcedTea"/>
    <property name="sun.arch.data.model" value="64"/>
    <property name="test.build.dir" value="/workdir/hadoop-ozone/integration-test/target/test-dir"/>
    <property name="test.cache.data" value=""/>
    <property name="java.vendor.url" value="https://icedtea.classpath.org"/>
    <property name="user.timezone" value=""/>
    <property name="java.vm.specification.version" value="1.8"/>
    <property name="os.name" value="Linux"/>
    <property name="test.build.data" value="/workdir/hadoop-ozone/integration-test/target/test-dir"/>
    <property name="user.country" value="US"/>
    <property name="sun.java.launcher" value="SUN_STANDARD"/>
    <property name="sun.boot.library.path" value="/usr/lib/jvm/java-1.8-openjdk/jre/lib/amd64"/>
    <property name="sun.java.command" value="/workdir/hadoop-ozone/integration-test/target/surefire/surefirebooter222766698989514740.jar /workdir/hadoop-ozone/integration-test/target/surefire 2019-08-21T06-29-40_998-jvmRun1 surefire3754481187938713361tmp surefire_205415496122782544254tmp"/>
    <property name="test" value="!TestMiniChaosOzoneCluster"/>
    <property name="surefire.test.class.path" value="/workdir/hadoop-ozone/integration-test/target/test-classes:/workdir/hadoop-ozone/integration-test/target/classes:/home/user/.m2/repository/org/apache/hadoop/hadoop-ozone-common/0.5.0-SNAPSHOT/hadoop-ozone-common-0.5.0-SNAPSHOT.jar:/home/user/.m2/repository/org/apache/commons/commons-compress/1.4.1/commons-compress-1.4.1.jar:/home/user/.m2/repository/org/tukaani/xz/1.0/xz-1.0.jar:/home/user/.m2/repository/org/apache/hadoop/hadoop-common/3.2.0/hadoop-common-3.2.0.jar:/home/user/.m2/repository/org/apache/hadoop/hadoop-hdfs/3.2.0/hadoop-hdfs-3.2.0.jar:/home/user/.m2/repository/org/apache/hadoop/hadoop-hdfs-client/3.2.0/hadoop-hdfs-client-3.2.0.jar:/home/user/.m2/repository/com/fasterxml/jackson/core/jackson-annotations/2.9.5/jackson-annotations-2.9.5.jar:/home/user/.m2/repository/org/apache/hadoop/hadoop-hdds-common/0.5.0-SNAPSHOT/hadoop-hdds-common-0.5.0-SNAPSHOT.jar:/home/user/.m2/repository/javax/annotation/javax.annotation-api/1.2/javax.annotation-api-1.2.jar:/home/user/.m2/repository/org/apache/ratis/ratis-server/0.4.0-2337318-SNAPSHOT/ratis-server-0.4.0-2337318-SNAPSHOT.jar:/home/user/.m2/repository/org/apache/ratis/ratis-thirdparty-misc/0.2.0/ratis-thirdparty-misc-0.2.0.jar:/home/user/.m2/repository/org/apache/ratis/ratis-proto/0.4.0-2337318-SNAPSHOT/ratis-proto-0.4.0-2337318-SNAPSHOT.jar:/home/user/.m2/repository/org/apache/ratis/ratis-common/0.4.0-2337318-SNAPSHOT/ratis-common-0.4.0-2337318-SNAPSHOT.jar:/home/user/.m2/repository/org/apache/ratis/ratis-client/0.4.0-2337318-SNAPSHOT/ratis-client-0.4.0-2337318-SNAPSHOT.jar:/home/user/.m2/repository/org/apache/ratis/ratis-metrics/0.4.0-2337318-SNAPSHOT/ratis-metrics-0.4.0-2337318-SNAPSHOT.jar:/home/user/.m2/repository/org/apache/ratis/ratis-netty/0.4.0-2337318-SNAPSHOT/ratis-netty-0.4.0-2337318-SNAPSHOT.jar:/home/user/.m2/repository/org/apache/ratis/ratis-grpc/0.4.0-2337318-SNAPSHOT/ratis-grpc-0.4.0-2337318-SNAPSHOT.jar:/home/user/.m2/repository/org/rocksdb/rocksdbjni/6.0.1/rocksdbjni-6.0.1.jar:/home/user/.m2/repository/org/apache/logging/log4j/log4j-api/2.11.0/log4j-api-2.11.0.jar:/home/user/.m2/repository/org/apache/logging/log4j/log4j-core/2.11.0/log4j-core-2.11.0.jar:/home/user/.m2/repository/com/lmax/disruptor/3.4.2/disruptor-3.4.2.jar:/home/user/.m2/repository/org/apache/commons/commons-pool2/2.6.0/commons-pool2-2.6.0.jar:/home/user/.m2/repository/org/bouncycastle/bcpkix-jdk15on/1.60/bcpkix-jdk15on-1.60.jar:/home/user/.m2/repository/commons-validator/commons-validator/1.6/commons-validator-1.6.jar:/home/user/.m2/repository/commons-digester/commons-digester/1.8.1/commons-digester-1.8.1.jar:/home/user/.m2/repository/io/jaegertracing/jaeger-client/0.33.1/jaeger-client-0.33.1.jar:/home/user/.m2/repository/io/jaegertracing/jaeger-thrift/0.33.1/jaeger-thrift-0.33.1.jar:/home/user/.m2/repository/org/apache/thrift/libthrift/0.11.0/libthrift-0.11.0.jar:/home/user/.m2/repository/com/squareup/okhttp3/okhttp/3.9.0/okhttp-3.9.0.jar:/home/user/.m2/repository/com/squareup/okio/okio/1.13.0/okio-1.13.0.jar:/home/user/.m2/repository/io/jaegertracing/jaeger-core/0.33.1/jaeger-core-0.33.1.jar:/home/user/.m2/repository/io/jaegertracing/jaeger-tracerresolver/0.33.1/jaeger-tracerresolver-0.33.1.jar:/home/user/.m2/repository/io/opentracing/contrib/opentracing-tracerresolver/0.1.5/opentracing-tracerresolver-0.1.5.jar:/home/user/.m2/repository/io/opentracing/opentracing-util/0.31.0/opentracing-util-0.31.0.jar:/home/user/.m2/repository/io/opentracing/opentracing-api/0.31.0/opentracing-api-0.31.0.jar:/home/user/.m2/repository/io/opentracing/opentracing-noop/0.31.0/opentracing-noop-0.31.0.jar:/home/user/.m2/repository/org/apache/hadoop/hadoop-hdds-server-framework/0.5.0-SNAPSHOT/hadoop-hdds-server-framework-0.5.0-SNAPSHOT.jar:/home/user/.m2/repository/org/apache/hadoop/hadoop-hdds-container-service/0.5.0-SNAPSHOT/hadoop-hdds-container-service-0.5.0-SNAPSHOT.jar:/home/user/.m2/repository/org/apache/hadoop/hadoop-hdds-client/0.5.0-SNAPSHOT/hadoop-hdds-client-0.5.0-SNAPSHOT.jar:/home/user/.m2/repository/org/apache/hadoop/hadoop-hdds-tools/0.5.0-SNAPSHOT/hadoop-hdds-tools-0.5.0-SNAPSHOT.jar:/home/user/.m2/repository/org/apache/hadoop/hadoop-hdds-server-scm/0.5.0-SNAPSHOT/hadoop-hdds-server-scm-0.5.0-SNAPSHOT.jar:/home/user/.m2/repository/org/apache/hadoop/hadoop-hdds-docs/0.5.0-SNAPSHOT/hadoop-hdds-docs-0.5.0-SNAPSHOT.jar:/home/user/.m2/repository/io/dropwizard/metrics/metrics-core/3.2.4/metrics-core-3.2.4.jar:/home/user/.m2/repository/org/hamcrest/hamcrest-all/1.3/hamcrest-all-1.3.jar:/home/user/.m2/repository/org/bouncycastle/bcprov-jdk15on/1.60/bcprov-jdk15on-1.60.jar:/home/user/.m2/repository/info/picocli/picocli/3.9.6/picocli-3.9.6.jar:/home/user/.m2/repository/com/google/protobuf/protobuf-java/2.5.0/protobuf-java-2.5.0.jar:/home/user/.m2/repository/com/google/guava/guava/11.0.2/guava-11.0.2.jar:/home/user/.m2/repository/org/apache/hadoop/hadoop-ozone-ozone-manager/0.5.0-SNAPSHOT/hadoop-ozone-ozone-manager-0.5.0-SNAPSHOT.jar:/home/user/.m2/repository/org/apache/hadoop/hadoop-minikdc/3.2.0/hadoop-minikdc-3.2.0.jar:/home/user/.m2/repository/commons-io/commons-io/2.5/commons-io-2.5.jar:/home/user/.m2/repository/org/apache/kerby/kerb-simplekdc/1.0.1/kerb-simplekdc-1.0.1.jar:/home/user/.m2/repository/org/apache/kerby/kerb-client/1.0.1/kerb-client-1.0.1.jar:/home/user/.m2/repository/org/apache/kerby/kerby-config/1.0.1/kerby-config-1.0.1.jar:/home/user/.m2/repository/org/apache/kerby/kerb-core/1.0.1/kerb-core-1.0.1.jar:/home/user/.m2/repository/org/apache/kerby/kerby-pkix/1.0.1/kerby-pkix-1.0.1.jar:/home/user/.m2/repository/org/apache/kerby/kerby-asn1/1.0.1/kerby-asn1-1.0.1.jar:/home/user/.m2/repository/org/apache/kerby/kerby-util/1.0.1/kerby-util-1.0.1.jar:/home/user/.m2/repository/org/apache/kerby/kerb-common/1.0.1/kerb-common-1.0.1.jar:/home/user/.m2/repository/org/apache/kerby/kerb-crypto/1.0.1/kerb-crypto-1.0.1.jar:/home/user/.m2/repository/org/apache/kerby/kerb-util/1.0.1/kerb-util-1.0.1.jar:/home/user/.m2/repository/org/apache/kerby/token-provider/1.0.1/token-provider-1.0.1.jar:/home/user/.m2/repository/org/apache/kerby/kerb-admin/1.0.1/kerb-admin-1.0.1.jar:/home/user/.m2/repository/org/apache/kerby/kerb-server/1.0.1/kerb-server-1.0.1.jar:/home/user/.m2/repository/org/apache/kerby/kerb-identity/1.0.1/kerb-identity-1.0.1.jar:/home/user/.m2/repository/org/apache/kerby/kerby-xdr/1.0.1/kerby-xdr-1.0.1.jar:/home/user/.m2/repository/org/slf4j/slf4j-log4j12/1.7.25/slf4j-log4j12-1.7.25.jar:/home/user/.m2/repository/org/apache/hadoop/hadoop-ozone-objectstore-service/0.5.0-SNAPSHOT/hadoop-ozone-objectstore-service-0.5.0-SNAPSHOT.jar:/home/user/.m2/repository/org/apache/hadoop/hadoop-ozone-s3gateway/0.5.0-SNAPSHOT/hadoop-ozone-s3gateway-0.5.0-SNAPSHOT.jar:/home/user/.m2/repository/org/jboss/weld/servlet/weld-servlet/2.4.7.Final/weld-servlet-2.4.7.Final.jar:/home/user/.m2/repository/org/glassfish/jersey/containers/jersey-container-servlet-core/2.27/jersey-container-servlet-core-2.27.jar:/home/user/.m2/repository/org/glassfish/hk2/external/javax.inject/2.5.0-b42/javax.inject-2.5.0-b42.jar:/home/user/.m2/repository/org/glassfish/jersey/core/jersey-common/2.27/jersey-common-2.27.jar:/home/user/.m2/repository/org/glassfish/hk2/osgi-resource-locator/1.0.1/osgi-resource-locator-1.0.1.jar:/home/user/.m2/repository/javax/ws/rs/javax.ws.rs-api/2.1/javax.ws.rs-api-2.1.jar:/home/user/.m2/repository/org/glassfish/jersey/ext/cdi/jersey-cdi1x/2.27/jersey-cdi1x-2.27.jar:/home/user/.m2/repository/org/glassfish/jersey/inject/jersey-hk2/2.27/jersey-hk2-2.27.jar:/home/user/.m2/repository/org/glassfish/hk2/hk2-locator/2.5.0-b42/hk2-locator-2.5.0-b42.jar:/home/user/.m2/repository/org/javassist/javassist/3.22.0-CR2/javassist-3.22.0-CR2.jar:/home/user/.m2/repository/org/glassfish/hk2/hk2-api/2.5.0/hk2-api-2.5.0.jar:/home/user/.m2/repository/org/glassfish/hk2/external/jakarta.inject/2.5.0/jakarta.inject-2.5.0.jar:/home/user/.m2/repository/org/glassfish/hk2/hk2-utils/2.5.0/hk2-utils-2.5.0.jar:/home/user/.m2/repository/jakarta/annotation/jakarta.annotation-api/1.3.4/jakarta.annotation-api-1.3.4.jar:/home/user/.m2/repository/org/glassfish/hk2/external/aopalliance-repackaged/2.5.0/aopalliance-repackaged-2.5.0.jar:/home/user/.m2/repository/com/fasterxml/jackson/dataformat/jackson-dataformat-xml/2.9.0/jackson-dataformat-xml-2.9.0.jar:/home/user/.m2/repository/com/fasterxml/jackson/core/jackson-core/2.9.5/jackson-core-2.9.5.jar:/home/user/.m2/repository/com/fasterxml/jackson/module/jackson-module-jaxb-annotations/2.9.5/jackson-module-jaxb-annotations-2.9.5.jar:/home/user/.m2/repository/javax/enterprise/cdi-api/1.2/cdi-api-1.2.jar:/home/user/.m2/repository/javax/el/javax.el-api/3.0.0/javax.el-api-3.0.0.jar:/home/user/.m2/repository/javax/interceptor/javax.interceptor-api/1.2/javax.interceptor-api-1.2.jar:/home/user/.m2/repository/javax/inject/javax.inject/1/javax.inject-1.jar:/home/user/.m2/repository/com/sun/xml/bind/jaxb-impl/2.3.0.1/jaxb-impl-2.3.0.1.jar:/home/user/.m2/repository/com/sun/xml/bind/jaxb-core/2.3.0.1/jaxb-core-2.3.0.1.jar:/home/user/.m2/repository/javax/xml/bind/jaxb-api/2.3.0/jaxb-api-2.3.0.jar:/home/user/.m2/repository/javax/activation/activation/1.1.1/activation-1.1.1.jar:/home/user/.m2/repository/org/apache/hadoop/hadoop-ozone-csi/0.5.0-SNAPSHOT/hadoop-ozone-csi-0.5.0-SNAPSHOT.jar:/home/user/.m2/repository/com/google/protobuf/protobuf-java-util/3.5.1/protobuf-java-util-3.5.1.jar:/home/user/.m2/repository/org/apache/hadoop/hadoop-hdds-config/0.5.0-SNAPSHOT/hadoop-hdds-config-0.5.0-SNAPSHOT.jar:/home/user/.m2/repository/io/grpc/grpc-netty/1.17.1/grpc-netty-1.17.1.jar:/home/user/.m2/repository/io/grpc/grpc-core/1.17.1/grpc-core-1.17.1.jar:/home/user/.m2/repository/io/grpc/grpc-context/1.17.1/grpc-context-1.17.1.jar:/home/user/.m2/repository/com/google/errorprone/error_prone_annotations/2.2.0/error_prone_annotations-2.2.0.jar:/home/user/.m2/repository/org/codehaus/mojo/animal-sniffer-annotations/1.17/animal-sniffer-annotations-1.17.jar:/home/user/.m2/repository/io/opencensus/opencensus-api/0.17.0/opencensus-api-0.17.0.jar:/home/user/.m2/repository/io/opencensus/opencensus-contrib-grpc-metrics/0.17.0/opencensus-contrib-grpc-metrics-0.17.0.jar:/home/user/.m2/repository/io/netty/netty-codec-http2/4.1.30.Final/netty-codec-http2-4.1.30.Final.jar:/home/user/.m2/repository/io/netty/netty-codec-http/4.1.30.Final/netty-codec-http-4.1.30.Final.jar:/home/user/.m2/repository/io/netty/netty-codec/4.1.30.Final/netty-codec-4.1.30.Final.jar:/home/user/.m2/repository/io/netty/netty-handler/4.1.30.Final/netty-handler-4.1.30.Final.jar:/home/user/.m2/repository/io/netty/netty-handler-proxy/4.1.30.Final/netty-handler-proxy-4.1.30.Final.jar:/home/user/.m2/repository/io/netty/netty-codec-socks/4.1.30.Final/netty-codec-socks-4.1.30.Final.jar:/home/user/.m2/repository/io/netty/netty-transport-native-epoll/4.1.30.Final/netty-transport-native-epoll-4.1.30.Final.jar:/home/user/.m2/repository/io/netty/netty-common/4.1.30.Final/netty-common-4.1.30.Final.jar:/home/user/.m2/repository/io/netty/netty-buffer/4.1.30.Final/netty-buffer-4.1.30.Final.jar:/home/user/.m2/repository/io/netty/netty-transport/4.1.30.Final/netty-transport-4.1.30.Final.jar:/home/user/.m2/repository/io/netty/netty-resolver/4.1.30.Final/netty-resolver-4.1.30.Final.jar:/home/user/.m2/repository/io/netty/netty-transport-native-unix-common/4.1.30.Final/netty-transport-native-unix-common-4.1.30.Final.jar:/home/user/.m2/repository/io/grpc/grpc-protobuf/1.17.1/grpc-protobuf-1.17.1.jar:/home/user/.m2/repository/com/google/api/grpc/proto-google-common-protos/1.0.0/proto-google-common-protos-1.0.0.jar:/home/user/.m2/repository/io/grpc/grpc-protobuf-lite/1.17.1/grpc-protobuf-lite-1.17.1.jar:/home/user/.m2/repository/io/grpc/grpc-stub/1.17.1/grpc-stub-1.17.1.jar:/home/user/.m2/repository/org/apache/hadoop/hadoop-ozone-recon/0.5.0-SNAPSHOT/hadoop-ozone-recon-0.5.0-SNAPSHOT.jar:/home/user/.m2/repository/org/apache/hadoop/hadoop-ozone-reconcodegen/0.5.0-SNAPSHOT/hadoop-ozone-reconcodegen-0.5.0-SNAPSHOT.jar:/home/user/.m2/repository/com/google/inject/extensions/guice-multibindings/4.0/guice-multibindings-4.0.jar:/home/user/.m2/repository/com/google/inject/guice/4.0/guice-4.0.jar:/home/user/.m2/repository/aopalliance/aopalliance/1.0/aopalliance-1.0.jar:/home/user/.m2/repository/com/google/inject/extensions/guice-servlet/4.0/guice-servlet-4.0.jar:/home/user/.m2/repository/org/glassfish/jersey/containers/jersey-container-servlet/2.27/jersey-container-servlet-2.27.jar:/home/user/.m2/repository/org/glassfish/hk2/guice-bridge/2.5.0/guice-bridge-2.5.0.jar:/home/user/.m2/repository/org/glassfish/jersey/core/jersey-server/2.27/jersey-server-2.27.jar:/home/user/.m2/repository/org/glassfish/jersey/core/jersey-client/2.27/jersey-client-2.27.jar:/home/user/.m2/repository/org/glassfish/jersey/media/jersey-media-jaxb/2.27/jersey-media-jaxb-2.27.jar:/home/user/.m2/repository/javax/validation/validation-api/1.1.0.Final/validation-api-1.1.0.Final.jar:/home/user/.m2/repository/org/glassfish/jersey/media/jersey-media-json-jackson/2.27/jersey-media-json-jackson-2.27.jar:/home/user/.m2/repository/org/glassfish/jersey/ext/jersey-entity-filtering/2.27/jersey-entity-filtering-2.27.jar:/home/user/.m2/repository/com/google/inject/extensions/guice-assistedinject/4.0/guice-assistedinject-4.0.jar:/home/user/.m2/repository/org/jooq/jooq/3.11.10/jooq-3.11.10.jar:/home/user/.m2/repository/org/jooq/jooq-meta/3.11.10/jooq-meta-3.11.10.jar:/home/user/.m2/repository/org/jooq/jooq-codegen/3.11.10/jooq-codegen-3.11.10.jar:/home/user/.m2/repository/com/jolbox/bonecp/0.8.0.RELEASE/bonecp-0.8.0.RELEASE.jar:/home/user/.m2/repository/org/xerial/sqlite-jdbc/3.25.2/sqlite-jdbc-3.25.2.jar:/home/user/.m2/repository/org/springframework/spring-jdbc/5.1.3.RELEASE/spring-jdbc-5.1.3.RELEASE.jar:/home/user/.m2/repository/org/springframework/spring-beans/5.1.3.RELEASE/spring-beans-5.1.3.RELEASE.jar:/home/user/.m2/repository/org/springframework/spring-core/5.1.3.RELEASE/spring-core-5.1.3.RELEASE.jar:/home/user/.m2/repository/org/springframework/spring-jcl/5.1.3.RELEASE/spring-jcl-5.1.3.RELEASE.jar:/home/user/.m2/repository/org/springframework/spring-tx/5.1.3.RELEASE/spring-tx-5.1.3.RELEASE.jar:/home/user/.m2/repository/org/apache/hadoop/hadoop-ozone-client/0.5.0-SNAPSHOT/hadoop-ozone-client-0.5.0-SNAPSHOT.jar:/home/user/.m2/repository/commons-lang/commons-lang/2.6/commons-lang-2.6.jar:/home/user/.m2/repository/org/apache/hadoop/hadoop-ozone-ozone-manager/0.5.0-SNAPSHOT/hadoop-ozone-ozone-manager-0.5.0-SNAPSHOT-tests.jar:/home/user/.m2/repository/junit/junit/4.11/junit-4.11.jar:/home/user/.m2/repository/org/hamcrest/hamcrest-core/1.3/hamcrest-core-1.3.jar:/home/user/.m2/repository/org/openjdk/jmh/jmh-core/1.19/jmh-core-1.19.jar:/home/user/.m2/repository/net/sf/jopt-simple/jopt-simple/4.6/jopt-simple-4.6.jar:/home/user/.m2/repository/org/apache/commons/commons-math3/3.1.1/commons-math3-3.1.1.jar:/home/user/.m2/repository/org/openjdk/jmh/jmh-generator-annprocess/1.19/jmh-generator-annprocess-1.19.jar:/home/user/.m2/repository/org/mockito/mockito-all/1.8.5/mockito-all-1.8.5.jar:/home/user/.m2/repository/org/apache/hadoop/hadoop-kms/3.2.0/hadoop-kms-3.2.0.jar:/home/user/.m2/repository/org/apache/hadoop/hadoop-auth/3.2.0/hadoop-auth-3.2.0.jar:/home/user/.m2/repository/com/nimbusds/nimbus-jose-jwt/4.41.1/nimbus-jose-jwt-4.41.1.jar:/home/user/.m2/repository/com/github/stephenc/jcip/jcip-annotations/1.0-1/jcip-annotations-1.0-1.jar:/home/user/.m2/repository/net/minidev/json-smart/2.3/json-smart-2.3.jar:/home/user/.m2/repository/net/minidev/accessors-smart/1.2/accessors-smart-1.2.jar:/home/user/.m2/repository/org/ow2/asm/asm/5.0.4/asm-5.0.4.jar:/home/user/.m2/repository/org/apache/curator/curator-framework/2.12.0/curator-framework-2.12.0.jar:/home/user/.m2/repository/com/sun/jersey/jersey-core/1.19/jersey-core-1.19.jar:/home/user/.m2/repository/javax/ws/rs/jsr311-api/1.1.1/jsr311-api-1.1.1.jar:/home/user/.m2/repository/com/sun/jersey/jersey-server/1.19/jersey-server-1.19.jar:/home/user/.m2/repository/javax/servlet/javax.servlet-api/3.1.0/javax.servlet-api-3.1.0.jar:/home/user/.m2/repository/org/eclipse/jetty/jetty-server/9.3.24.v20180605/jetty-server-9.3.24.v20180605.jar:/home/user/.m2/repository/org/eclipse/jetty/jetty-http/9.3.24.v20180605/jetty-http-9.3.24.v20180605.jar:/home/user/.m2/repository/org/eclipse/jetty/jetty-io/9.3.24.v20180605/jetty-io-9.3.24.v20180605.jar:/home/user/.m2/repository/org/eclipse/jetty/jetty-webapp/9.3.24.v20180605/jetty-webapp-9.3.24.v20180605.jar:/home/user/.m2/repository/org/eclipse/jetty/jetty-xml/9.3.24.v20180605/jetty-xml-9.3.24.v20180605.jar:/home/user/.m2/repository/log4j/log4j/1.2.17/log4j-1.2.17.jar:/home/user/.m2/repository/org/slf4j/slf4j-api/1.7.25/slf4j-api-1.7.25.jar:/home/user/.m2/repository/org/slf4j/jul-to-slf4j/1.7.25/jul-to-slf4j-1.7.25.jar:/home/user/.m2/repository/org/eclipse/jetty/jetty-util/9.3.24.v20180605/jetty-util-9.3.24.v20180605.jar:/home/user/.m2/repository/com/fasterxml/jackson/core/jackson-databind/2.9.5/jackson-databind-2.9.5.jar:/home/user/.m2/repository/org/apache/hadoop/hadoop-kms/3.2.0/hadoop-kms-3.2.0-tests.jar:/home/user/.m2/repository/org/apache/hadoop/hadoop-hdds-server-scm/0.5.0-SNAPSHOT/hadoop-hdds-server-scm-0.5.0-SNAPSHOT-tests.jar:/home/user/.m2/repository/org/apache/hadoop/hadoop-hdds-container-service/0.5.0-SNAPSHOT/hadoop-hdds-container-service-0.5.0-SNAPSHOT-tests.jar:/home/user/.m2/repository/org/yaml/snakeyaml/1.16/snakeyaml-1.16.jar:/home/user/.m2/repository/org/apache/hadoop/hadoop-common/3.2.0/hadoop-common-3.2.0-tests.jar:/home/user/.m2/repository/org/apache/hadoop/hadoop-annotations/3.2.0/hadoop-annotations-3.2.0.jar:/usr/lib/jvm/java-1.8-openjdk/jre/../lib/tools.jar:/home/user/.m2/repository/commons-cli/commons-cli/1.2/commons-cli-1.2.jar:/home/user/.m2/repository/org/apache/httpcomponents/httpclient/4.5.2/httpclient-4.5.2.jar:/home/user/.m2/repository/org/apache/httpcomponents/httpcore/4.4.4/httpcore-4.4.4.jar:/home/user/.m2/repository/commons-codec/commons-codec/1.11/commons-codec-1.11.jar:/home/user/.m2/repository/commons-net/commons-net/3.6/commons-net-3.6.jar:/home/user/.m2/repository/commons-collections/commons-collections/3.2.2/commons-collections-3.2.2.jar:/home/user/.m2/repository/org/eclipse/jetty/jetty-servlet/9.3.24.v20180605/jetty-servlet-9.3.24.v20180605.jar:/home/user/.m2/repository/org/eclipse/jetty/jetty-security/9.3.24.v20180605/jetty-security-9.3.24.v20180605.jar:/home/user/.m2/repository/javax/servlet/jsp/jsp-api/2.1/jsp-api-2.1.jar:/home/user/.m2/repository/com/sun/jersey/jersey-servlet/1.19/jersey-servlet-1.19.jar:/home/user/.m2/repository/com/sun/jersey/jersey-json/1.19/jersey-json-1.19.jar:/home/user/.m2/repository/org/codehaus/jettison/jettison/1.1/jettison-1.1.jar:/home/user/.m2/repository/org/codehaus/jackson/jackson-core-asl/1.9.13/jackson-core-asl-1.9.13.jar:/home/user/.m2/repository/org/codehaus/jackson/jackson-mapper-asl/1.9.13/jackson-mapper-asl-1.9.13.jar:/home/user/.m2/repository/org/codehaus/jackson/jackson-jaxrs/1.9.13/jackson-jaxrs-1.9.13.jar:/home/user/.m2/repository/org/codehaus/jackson/jackson-xc/1.9.13/jackson-xc-1.9.13.jar:/home/user/.m2/repository/commons-logging/commons-logging/1.1.3/commons-logging-1.1.3.jar:/home/user/.m2/repository/commons-beanutils/commons-beanutils/1.9.3/commons-beanutils-1.9.3.jar:/home/user/.m2/repository/org/apache/commons/commons-configuration2/2.1.1/commons-configuration2-2.1.1.jar:/home/user/.m2/repository/org/apache/commons/commons-lang3/3.7/commons-lang3-3.7.jar:/home/user/.m2/repository/org/apache/commons/commons-text/1.4/commons-text-1.4.jar:/home/user/.m2/repository/org/apache/avro/avro/1.7.7/avro-1.7.7.jar:/home/user/.m2/repository/com/thoughtworks/paranamer/paranamer/2.3/paranamer-2.3.jar:/home/user/.m2/repository/org/xerial/snappy/snappy-java/1.0.5/snappy-java-1.0.5.jar:/home/user/.m2/repository/com/google/re2j/re2j/1.1/re2j-1.1.jar:/home/user/.m2/repository/com/google/code/gson/gson/2.2.4/gson-2.2.4.jar:/home/user/.m2/repository/com/jcraft/jsch/0.1.54/jsch-0.1.54.jar:/home/user/.m2/repository/org/apache/curator/curator-client/2.12.0/curator-client-2.12.0.jar:/home/user/.m2/repository/org/apache/curator/curator-recipes/2.12.0/curator-recipes-2.12.0.jar:/home/user/.m2/repository/com/google/code/findbugs/jsr305/3.0.0/jsr305-3.0.0.jar:/home/user/.m2/repository/org/apache/htrace/htrace-core4/4.1.0-incubating/htrace-core4-4.1.0-incubating.jar:/home/user/.m2/repository/org/apache/zookeeper/zookeeper/3.4.13/zookeeper-3.4.13.jar:/home/user/.m2/repository/org/apache/yetus/audience-annotations/0.5.0/audience-annotations-0.5.0.jar:/home/user/.m2/repository/org/codehaus/woodstox/stax2-api/3.1.4/stax2-api-3.1.4.jar:/home/user/.m2/repository/com/fasterxml/woodstox/woodstox-core/5.0.3/woodstox-core-5.0.3.jar:/home/user/.m2/repository/dnsjava/dnsjava/2.1.7/dnsjava-2.1.7.jar:/home/user/.m2/repository/org/apache/hadoop/hadoop-hdfs/3.2.0/hadoop-hdfs-3.2.0-tests.jar:/home/user/.m2/repository/org/eclipse/jetty/jetty-util-ajax/9.3.24.v20180605/jetty-util-ajax-9.3.24.v20180605.jar:/home/user/.m2/repository/commons-daemon/commons-daemon/1.0.13/commons-daemon-1.0.13.jar:/home/user/.m2/repository/io/netty/netty/3.10.5.Final/netty-3.10.5.Final.jar:/home/user/.m2/repository/io/netty/netty-all/4.0.52.Final/netty-all-4.0.52.Final.jar:/home/user/.m2/repository/org/fusesource/leveldbjni/leveldbjni-all/1.8/leveldbjni-all-1.8.jar:"/>
    <property name="sun.cpu.endian" value="little"/>
    <property name="user.home" value="/home/user"/>
    <property name="user.language" value="en"/>
    <property name="java.specification.vendor" value="Oracle Corporation"/>
    <property name="java.home" value="/usr/lib/jvm/java-1.8-openjdk/jre"/>
    <property name="java.security.krb5.conf" value="/workdir/hadoop-ozone/integration-test/target/test-classes/krb5.conf"/>
    <property name="basedir" value="/workdir/hadoop-ozone/integration-test"/>
    <property name="file.separator" value="/"/>
    <property name="line.separator" value="&#10;"/>
    <property name="java.vm.specification.vendor" value="Oracle Corporation"/>
    <property name="java.specification.name" value="Java Platform API Specification"/>
    <property name="java.awt.graphicsenv" value="sun.awt.X11GraphicsEnvironment"/>
    <property name="surefire.real.class.path" value="/workdir/hadoop-ozone/integration-test/target/surefire/surefirebooter222766698989514740.jar"/>
    <property name="hadoop.log.dir" value="/workdir/hadoop-ozone/integration-test/target/log"/>
    <property name="sun.boot.class.path" value="/usr/lib/jvm/java-1.8-openjdk/jre/lib/resources.jar:/usr/lib/jvm/java-1.8-openjdk/jre/lib/rt.jar:/usr/lib/jvm/java-1.8-openjdk/jre/lib/sunrsasign.jar:/usr/lib/jvm/java-1.8-openjdk/jre/lib/jsse.jar:/usr/lib/jvm/java-1.8-openjdk/jre/lib/jce.jar:/usr/lib/jvm/java-1.8-openjdk/jre/lib/charsets.jar:/usr/lib/jvm/java-1.8-openjdk/jre/lib/jfr.jar:/usr/lib/jvm/java-1.8-openjdk/jre/classes"/>
    <property name="sun.management.compiler" value="HotSpot 64-Bit Tiered Compilers"/>
    <property name="java.runtime.version" value="1.8.0_212-b04"/>
    <property name="java.net.preferIPv4Stack" value="true"/>
    <property name="user.name" value="jenkins1000"/>
    <property name="path.separator" value=":"/>
    <property name="java.security.egd" value="file:///dev/urandom"/>
    <property name="os.version" value="3.10.0-957.12.2.el7.x86_64"/>
    <property name="java.endorsed.dirs" value="/usr/lib/jvm/java-1.8-openjdk/jre/lib/endorsed"/>
    <property name="java.runtime.name" value="OpenJDK Runtime Environment"/>
    <property name="file.encoding" value="UTF-8"/>
    <property name="java.vm.name" value="OpenJDK 64-Bit Server VM"/>
    <property name="test.build.webapps" value=""/>
    <property name="localRepository" value="/home/user/.m2/repository"/>
    <property name="java.vendor.url.bug" value="https://icedtea.classpath.org/bugzilla"/>
    <property name="java.io.tmpdir" value="/tmp"/>
    <property name="require.test.libhadoop" value=""/>
    <property name="java.version" value="1.8.0_212"/>
    <property name="user.dir" value="/workdir/hadoop-ozone/integration-test"/>
    <property name="os.arch" value="amd64"/>
    <property name="java.vm.specification.name" value="Java Virtual Machine Specification"/>
    <property name="test.build.classes" value="/workdir/hadoop-ozone/integration-test/target/test-classes"/>
    <property name="java.awt.printerjob" value="sun.print.PSPrinterJob"/>
    <property name="sun.os.patch.level" value="unknown"/>
    <property name="hadoop.tmp.dir" value="/workdir/hadoop-ozone/integration-test/target/tmp"/>
    <property name="java.library.path" value="/usr/lib/jvm/java-1.8-openjdk/jre/lib/amd64/server:/usr/lib/jvm/java-1.8-openjdk/jre/lib/amd64:/usr/lib/jvm/java-1.8-openjdk/jre/../lib/amd64:/workdir/hadoop-ozone/integration-test/target/native/target/usr/local/lib:/workdir/hadoop-ozone/integration-test/../../hadoop-common-project/hadoop-common/target/native/target/usr/local/lib:/usr/java/packages/lib/amd64:/usr/lib64:/lib64:/lib:/usr/lib"/>
    <property name="java.vm.info" value="mixed mode"/>
    <property name="java.vendor" value="IcedTea"/>
    <property name="java.vm.version" value="25.212-b04"/>
    <property name="java.ext.dirs" value="/usr/lib/jvm/java-1.8-openjdk/jre/lib/ext:/usr/java/packages/lib/ext"/>
    <property name="sun.io.unicode.encoding" value="UnicodeLittle"/>
    <property name="java.class.version" value="52.0"/>
  </properties>
  <testcase name="test2DatanodesFailure" classname="org.apache.hadoop.ozone.client.rpc.TestBlockOutputStreamWithFailures" time="106.626"/>
  <testcase name="testDatanodeFailureWithPreAllocation" classname="org.apache.hadoop.ozone.client.rpc.TestBlockOutputStreamWithFailures" time="225.354"/>
  <testcase name="testDatanodeFailureWithSingleNodeRatis" classname="org.apache.hadoop.ozone.client.rpc.TestBlockOutputStreamWithFailures" time="225.873"/>
  <testcase name="testWatchForCommitWithSingleNodeRatis" classname="org.apache.hadoop.ozone.client.rpc.TestBlockOutputStreamWithFailures" time="45.615"/>
  <testcase name="testWatchForCommitDatanodeFailure" classname="org.apache.hadoop.ozone.client.rpc.TestBlockOutputStreamWithFailures" time="48.767">
    <failure message="expected:&lt;2&gt; but was:&lt;3&gt;" type="java.lang.AssertionError"><![CDATA[java.lang.AssertionError: expected:<2> but was:<3>
	at org.junit.Assert.fail(Assert.java:88)
	at org.junit.Assert.failNotEquals(Assert.java:743)
	at org.junit.Assert.assertEquals(Assert.java:118)
	at org.junit.Assert.assertEquals(Assert.java:555)
	at org.junit.Assert.assertEquals(Assert.java:542)
	at org.apache.hadoop.ozone.client.rpc.TestBlockOutputStreamWithFailures.testWatchForCommitDatanodeFailure(TestBlockOutputStreamWithFailures.java:366)
	at sun.reflect.NativeMethodAccessorImpl.invoke0(Native Method)
	at sun.reflect.NativeMethodAccessorImpl.invoke(NativeMethodAccessorImpl.java:62)
	at sun.reflect.DelegatingMethodAccessorImpl.invoke(DelegatingMethodAccessorImpl.java:43)
	at java.lang.reflect.Method.invoke(Method.java:498)
	at org.junit.runners.model.FrameworkMethod$1.runReflectiveCall(FrameworkMethod.java:47)
	at org.junit.internal.runners.model.ReflectiveCallable.run(ReflectiveCallable.java:12)
	at org.junit.runners.model.FrameworkMethod.invokeExplosively(FrameworkMethod.java:44)
	at org.junit.internal.runners.statements.InvokeMethod.evaluate(InvokeMethod.java:17)
	at org.junit.internal.runners.statements.RunBefores.evaluate(RunBefores.java:26)
	at org.junit.internal.runners.statements.RunAfters.evaluate(RunAfters.java:27)
	at org.junit.runners.ParentRunner.runLeaf(ParentRunner.java:271)
	at org.junit.runners.BlockJUnit4ClassRunner.runChild(BlockJUnit4ClassRunner.java:70)
	at org.junit.runners.BlockJUnit4ClassRunner.runChild(BlockJUnit4ClassRunner.java:50)
	at org.junit.runners.ParentRunner$3.run(ParentRunner.java:238)
	at org.junit.runners.ParentRunner$1.schedule(ParentRunner.java:63)
	at org.junit.runners.ParentRunner.runChildren(ParentRunner.java:236)
	at org.junit.runners.ParentRunner.access$000(ParentRunner.java:53)
	at org.junit.runners.ParentRunner$2.evaluate(ParentRunner.java:229)
	at org.junit.runners.ParentRunner.run(ParentRunner.java:309)
	at org.apache.maven.surefire.junit4.JUnit4Provider.execute(JUnit4Provider.java:365)
	at org.apache.maven.surefire.junit4.JUnit4Provider.executeWithRerun(JUnit4Provider.java:273)
	at org.apache.maven.surefire.junit4.JUnit4Provider.executeTestSet(JUnit4Provider.java:238)
	at org.apache.maven.surefire.junit4.JUnit4Provider.invoke(JUnit4Provider.java:159)
	at org.apache.maven.surefire.booter.ForkedBooter.invokeProviderInSameClassLoader(ForkedBooter.java:384)
	at org.apache.maven.surefire.booter.ForkedBooter.runSuitesInProcess(ForkedBooter.java:345)
	at org.apache.maven.surefire.booter.ForkedBooter.execute(ForkedBooter.java:126)
	at org.apache.maven.surefire.booter.ForkedBooter.main(ForkedBooter.java:418)
]]></failure>
    <system-out><![CDATA[2019-08-21 06:47:40,009 [main] WARN  server.ServerUtils (ServerUtils.java:getScmDbDir(145)) - ozone.scm.db.dirs is not configured. We recommend adding this setting. Falling back to ozone.metadata.dirs instead.
2019-08-21 06:47:40,036 [main] WARN  server.ServerUtils (ServerUtils.java:getScmDbDir(145)) - ozone.scm.db.dirs is not configured. We recommend adding this setting. Falling back to ozone.metadata.dirs instead.
2019-08-21 06:47:40,036 [main] WARN  server.ServerUtils (ServerUtils.java:getScmDbDir(145)) - ozone.scm.db.dirs is not configured. We recommend adding this setting. Falling back to ozone.metadata.dirs instead.
2019-08-21 06:47:40,037 [main] INFO  db.DBStoreBuilder (DBStoreBuilder.java:addTable(110)) - using custom profile for table: deletedBlocks
2019-08-21 06:47:40,037 [main] INFO  db.DBStoreBuilder (DBStoreBuilder.java:processTables(161)) - Using default column profile:DBProfile.DISK for Table:deletedBlocks
2019-08-21 06:47:40,037 [main] INFO  db.DBStoreBuilder (DBStoreBuilder.java:addTable(110)) - using custom profile for table: validCerts
2019-08-21 06:47:40,038 [main] INFO  db.DBStoreBuilder (DBStoreBuilder.java:processTables(161)) - Using default column profile:DBProfile.DISK for Table:validCerts
2019-08-21 06:47:40,038 [main] INFO  db.DBStoreBuilder (DBStoreBuilder.java:addTable(110)) - using custom profile for table: revokedCerts
2019-08-21 06:47:40,038 [main] INFO  db.DBStoreBuilder (DBStoreBuilder.java:processTables(161)) - Using default column profile:DBProfile.DISK for Table:revokedCerts
2019-08-21 06:47:40,038 [main] INFO  db.DBStoreBuilder (DBStoreBuilder.java:addTable(110)) - using custom profile for table: default
2019-08-21 06:47:40,039 [main] INFO  db.DBStoreBuilder (DBStoreBuilder.java:processTables(167)) - Using default column profile:DBProfile.DISK for Table:default
2019-08-21 06:47:40,039 [main] INFO  db.DBStoreBuilder (DBStoreBuilder.java:getDbProfile(198)) - Using default options. DBProfile.DISK
2019-08-21 06:47:40,123 [main] INFO  net.NodeSchemaLoader (NodeSchemaLoader.java:loadSchemaFromFile(125)) - Loading file from sun.misc.CompoundEnumeration@6b72c62
2019-08-21 06:47:40,124 [main] INFO  net.NodeSchemaLoader (NodeSchemaLoader.java:loadSchema(171)) - Loading network topology layer schema file
2019-08-21 06:47:40,128 [main] INFO  node.SCMNodeManager (SCMNodeManager.java:<init>(121)) - Entering startup safe mode.
2019-08-21 06:47:40,128 [main] INFO  algorithms.ContainerPlacementPolicyFactory (ContainerPlacementPolicyFactory.java:getPolicy(55)) - Create container placement policy of type org.apache.hadoop.hdds.scm.container.placement.algorithms.SCMContainerPlacementRandom
2019-08-21 06:47:40,129 [main] WARN  server.ServerUtils (ServerUtils.java:getScmDbDir(145)) - ozone.scm.db.dirs is not configured. We recommend adding this setting. Falling back to ozone.metadata.dirs instead.
2019-08-21 06:47:40,151 [main] INFO  pipeline.SCMPipelineManager (SCMPipelineManager.java:initializePipelineState(126)) - No pipeline exists in current db
2019-08-21 06:47:40,151 [main] WARN  server.ServerUtils (ServerUtils.java:getScmDbDir(145)) - ozone.scm.db.dirs is not configured. We recommend adding this setting. Falling back to ozone.metadata.dirs instead.
2019-08-21 06:47:40,177 [main] WARN  events.EventQueue (EventQueue.java:fireEvent(175)) - No event handler registered for event TypedEvent{payloadType=SafeModeStatus, name='SafeModeStatus'}
2019-08-21 06:47:40,178 [main] INFO  ipc.CallQueueManager (CallQueueManager.java:<init>(84)) - Using callQueue: class java.util.concurrent.LinkedBlockingQueue, queueCapacity: 2000, scheduler: class org.apache.hadoop.ipc.DefaultRpcScheduler, ipcBackoff: false.
2019-08-21 06:47:40,179 [Socket Reader #1 for port 35612] INFO  ipc.Server (Server.java:run(1074)) - Starting Socket Reader #1 for port 35612
2019-08-21 06:47:40,181 [main] INFO  ipc.CallQueueManager (CallQueueManager.java:<init>(84)) - Using callQueue: class java.util.concurrent.LinkedBlockingQueue, queueCapacity: 2000, scheduler: class org.apache.hadoop.ipc.DefaultRpcScheduler, ipcBackoff: false.
2019-08-21 06:47:40,182 [Socket Reader #1 for port 36633] INFO  ipc.Server (Server.java:run(1074)) - Starting Socket Reader #1 for port 36633
2019-08-21 06:47:40,183 [main] INFO  ipc.CallQueueManager (CallQueueManager.java:<init>(84)) - Using callQueue: class java.util.concurrent.LinkedBlockingQueue, queueCapacity: 2000, scheduler: class org.apache.hadoop.ipc.DefaultRpcScheduler, ipcBackoff: false.
2019-08-21 06:47:40,184 [Socket Reader #1 for port 39518] INFO  ipc.Server (Server.java:run(1074)) - Starting Socket Reader #1 for port 39518
2019-08-21 06:47:40,186 [main] INFO  hdfs.DFSUtil (DFSUtil.java:httpServerTemplateForNNAndJN(1641)) - Starting Web-server for scm at: http://0.0.0.0:0
2019-08-21 06:47:40,188 [main] INFO  server.AuthenticationFilter (AuthenticationFilter.java:constructSecretProvider(240)) - Unable to initialize FileSignerSecretProvider, falling back to use random secrets.
2019-08-21 06:47:40,189 [main] WARN  http.HttpRequestLog (HttpRequestLog.java:getRequestLog(97)) - Jetty request log can only be enabled using Log4j
2019-08-21 06:47:40,191 [main] INFO  http.HttpServer2 (HttpServer2.java:addGlobalFilter(975)) - Added global filter 'safety' (class=org.apache.hadoop.http.HttpServer2$QuotingInputFilter)
2019-08-21 06:47:40,192 [main] INFO  http.HttpServer2 (HttpServer2.java:addFilter(948)) - Added filter static_user_filter (class=org.apache.hadoop.http.lib.StaticUserWebFilter$StaticUserFilter) to context scm
2019-08-21 06:47:40,193 [main] INFO  http.HttpServer2 (HttpServer2.java:addFilter(958)) - Added filter static_user_filter (class=org.apache.hadoop.http.lib.StaticUserWebFilter$StaticUserFilter) to context logs
2019-08-21 06:47:40,193 [main] INFO  http.HttpServer2 (HttpServer2.java:addFilter(958)) - Added filter static_user_filter (class=org.apache.hadoop.http.lib.StaticUserWebFilter$StaticUserFilter) to context static
2019-08-21 06:47:40,195 [main] INFO  server.StorageContainerManager (StorageContainerManager.java:start(759)) - StorageContainerLocationProtocol RPC server is listening at /0.0.0.0:39518
2019-08-21 06:47:40,198 [main] WARN  impl.MetricsConfig (MetricsConfig.java:loadFirst(134)) - Cannot locate configuration: tried hadoop-metrics2-storagecontainermanager.properties,hadoop-metrics2.properties
2019-08-21 06:47:40,199 [main] INFO  impl.MetricsSystemImpl (MetricsSystemImpl.java:startTimer(374)) - Scheduled Metric snapshot period at 10 second(s).
2019-08-21 06:47:40,199 [main] INFO  impl.MetricsSystemImpl (MetricsSystemImpl.java:start(191)) - StorageContainerManager metrics system started
2019-08-21 06:47:40,295 [main] INFO  server.SCMClientProtocolServer (SCMClientProtocolServer.java:start(151)) - RPC server for Client  is listening at /0.0.0.0:39518
2019-08-21 06:47:40,296 [IPC Server Responder] INFO  ipc.Server (Server.java:run(1314)) - IPC Server Responder: starting
2019-08-21 06:47:40,296 [IPC Server listener on 39518] INFO  ipc.Server (Server.java:run(1153)) - IPC Server listener on 39518: starting
2019-08-21 06:47:40,299 [main] INFO  server.StorageContainerManager (StorageContainerManager.java:start(769)) - ScmBlockLocationProtocol RPC server is listening at /0.0.0.0:36633
2019-08-21 06:47:40,299 [main] INFO  server.SCMBlockProtocolServer (SCMBlockProtocolServer.java:start(140)) - RPC server for Block Protocol is listening at /0.0.0.0:36633
2019-08-21 06:47:40,300 [IPC Server Responder] INFO  ipc.Server (Server.java:run(1314)) - IPC Server Responder: starting
2019-08-21 06:47:40,300 [IPC Server listener on 36633] INFO  ipc.Server (Server.java:run(1153)) - IPC Server listener on 36633: starting
2019-08-21 06:47:40,304 [main] INFO  server.StorageContainerManager (StorageContainerManager.java:start(773)) - ScmDatanodeProtocl RPC server is listening at /0.0.0.0:35612
2019-08-21 06:47:40,304 [main] INFO  server.SCMDatanodeProtocolServer (SCMDatanodeProtocolServer.java:start(191)) - RPC server for DataNodes is listening at /0.0.0.0:35612
2019-08-21 06:47:40,304 [IPC Server Responder] INFO  ipc.Server (Server.java:run(1314)) - IPC Server Responder: starting
2019-08-21 06:47:40,304 [IPC Server listener on 35612] INFO  ipc.Server (Server.java:run(1153)) - IPC Server listener on 35612: starting
2019-08-21 06:47:40,308 [main] INFO  http.HttpServer2 (HttpServer2.java:bindListener(1191)) - Jetty bound to port 43467
2019-08-21 06:47:40,308 [main] INFO  server.Server (Server.java:doStart(351)) - jetty-9.3.24.v20180605, build timestamp: 2018-06-05T17:11:56Z, git hash: 84205aa28f11a4f31f2a3b86d1bba2cc8ab69827
2019-08-21 06:47:40,310 [main] INFO  handler.ContextHandler (ContextHandler.java:doStart(781)) - Started o.e.j.s.ServletContextHandler@315bb2bb{/logs,file:///workdir/hadoop-ozone/integration-test/target/log,AVAILABLE}
2019-08-21 06:47:40,311 [main] INFO  handler.ContextHandler (ContextHandler.java:doStart(781)) - Started o.e.j.s.ServletContextHandler@7c9015c6{/static,file:///workdir/hadoop-ozone/integration-test/target/test-classes/webapps/static,AVAILABLE}
2019-08-21 06:47:40,316 [main] INFO  handler.ContextHandler (ContextHandler.java:doStart(781)) - Started o.e.j.w.WebAppContext@7ea91c39{/,file:///workdir/hadoop-ozone/integration-test/target/test-classes/webapps/scm/,AVAILABLE}{/scm}
2019-08-21 06:47:40,317 [main] INFO  server.AbstractConnector (AbstractConnector.java:doStart(278)) - Started ServerConnector@55d35f7a{HTTP/1.1,[http/1.1]}{0.0.0.0:43467}
2019-08-21 06:47:40,318 [main] INFO  server.Server (Server.java:doStart(419)) - Started @604417ms
2019-08-21 06:47:40,319 [main] INFO  server.BaseHttpServer (BaseHttpServer.java:updateConnectorAddress(213)) - HTTP server of SCM is listening at http://0.0.0.0:43467
2019-08-21 06:47:40,319 [main] WARN  server.ServerUtils (ServerUtils.java:getDBPath(222)) - ozone.om.db.dirs is not configured. We recommend adding this setting. Falling back to ozone.metadata.dirs instead.
2019-08-21 06:47:40,320 [org.apache.hadoop.util.JvmPauseMonitor$Monitor@c725dfa] INFO  util.JvmPauseMonitor (JvmPauseMonitor.java:run(188)) - Starting JVM pause monitor
2019-08-21 06:47:40,334 [main] WARN  server.ServerUtils (ServerUtils.java:getDBPath(222)) - ozone.om.db.dirs is not configured. We recommend adding this setting. Falling back to ozone.metadata.dirs instead.
2019-08-21 06:47:40,334 [main] WARN  server.ServerUtils (ServerUtils.java:getDBPath(222)) - ozone.om.db.dirs is not configured. We recommend adding this setting. Falling back to ozone.metadata.dirs instead.
2019-08-21 06:47:40,334 [main] INFO  om.OzoneManager (OzoneManager.java:setOMNodeDetails(648)) - OM Service ID is not set. Setting it to the default ID: omServiceIdDefault
2019-08-21 06:47:40,334 [main] INFO  om.OzoneManager (OzoneManager.java:setOMNodeDetails(654)) - OM Node ID is not set. Setting it to the OmStorage's OmID: 59a7b7d0-6e45-49f7-b273-38530615f07e
2019-08-21 06:47:40,335 [main] INFO  om.OzoneManager (OzoneManager.java:loadOMHAConfigs(605)) - Found matching OM address with OMServiceId: null, OMNodeId: null, RPC Address: localhost:0 and Ratis port: 9872
2019-08-21 06:47:40,338 | INFO  | SCMAudit | user=jenkins1000 | ip=192.168.69.98 | op=GET_SCM_INFO null | ret=SUCCESS |  
2019-08-21 06:47:40,340 [main] WARN  server.ServerUtils (ServerUtils.java:getDBPath(222)) - ozone.om.db.dirs is not configured. We recommend adding this setting. Falling back to ozone.metadata.dirs instead.
2019-08-21 06:47:40,340 [main] INFO  db.DBStoreBuilder (DBStoreBuilder.java:addTable(110)) - using custom profile for table: userTable
2019-08-21 06:47:40,341 [main] INFO  db.DBStoreBuilder (DBStoreBuilder.java:processTables(161)) - Using default column profile:DBProfile.DISK for Table:userTable
2019-08-21 06:47:40,341 [main] INFO  db.DBStoreBuilder (DBStoreBuilder.java:addTable(110)) - using custom profile for table: volumeTable
2019-08-21 06:47:40,341 [main] INFO  db.DBStoreBuilder (DBStoreBuilder.java:processTables(161)) - Using default column profile:DBProfile.DISK for Table:volumeTable
2019-08-21 06:47:40,341 [main] INFO  db.DBStoreBuilder (DBStoreBuilder.java:addTable(110)) - using custom profile for table: bucketTable
2019-08-21 06:47:40,341 [main] INFO  db.DBStoreBuilder (DBStoreBuilder.java:processTables(161)) - Using default column profile:DBProfile.DISK for Table:bucketTable
2019-08-21 06:47:40,342 [main] INFO  db.DBStoreBuilder (DBStoreBuilder.java:addTable(110)) - using custom profile for table: keyTable
2019-08-21 06:47:40,342 [main] INFO  db.DBStoreBuilder (DBStoreBuilder.java:processTables(161)) - Using default column profile:DBProfile.DISK for Table:keyTable
2019-08-21 06:47:40,342 [main] INFO  db.DBStoreBuilder (DBStoreBuilder.java:addTable(110)) - using custom profile for table: deletedTable
2019-08-21 06:47:40,342 [main] INFO  db.DBStoreBuilder (DBStoreBuilder.java:processTables(161)) - Using default column profile:DBProfile.DISK for Table:deletedTable
2019-08-21 06:47:40,342 [main] INFO  db.DBStoreBuilder (DBStoreBuilder.java:addTable(110)) - using custom profile for table: openKeyTable
2019-08-21 06:47:40,343 [main] INFO  db.DBStoreBuilder (DBStoreBuilder.java:processTables(161)) - Using default column profile:DBProfile.DISK for Table:openKeyTable
2019-08-21 06:47:40,343 [main] INFO  db.DBStoreBuilder (DBStoreBuilder.java:addTable(110)) - using custom profile for table: s3Table
2019-08-21 06:47:40,343 [main] INFO  db.DBStoreBuilder (DBStoreBuilder.java:processTables(161)) - Using default column profile:DBProfile.DISK for Table:s3Table
2019-08-21 06:47:40,343 [main] INFO  db.DBStoreBuilder (DBStoreBuilder.java:addTable(110)) - using custom profile for table: multipartInfoTable
2019-08-21 06:47:40,343 [main] INFO  db.DBStoreBuilder (DBStoreBuilder.java:processTables(161)) - Using default column profile:DBProfile.DISK for Table:multipartInfoTable
2019-08-21 06:47:40,343 [main] INFO  db.DBStoreBuilder (DBStoreBuilder.java:addTable(110)) - using custom profile for table: dTokenTable
2019-08-21 06:47:40,343 [main] INFO  db.DBStoreBuilder (DBStoreBuilder.java:processTables(161)) - Using default column profile:DBProfile.DISK for Table:dTokenTable
2019-08-21 06:47:40,344 [main] INFO  db.DBStoreBuilder (DBStoreBuilder.java:addTable(110)) - using custom profile for table: s3SecretTable
2019-08-21 06:47:40,344 [main] INFO  db.DBStoreBuilder (DBStoreBuilder.java:processTables(161)) - Using default column profile:DBProfile.DISK for Table:s3SecretTable
2019-08-21 06:47:40,344 [main] INFO  db.DBStoreBuilder (DBStoreBuilder.java:addTable(110)) - using custom profile for table: prefixTable
2019-08-21 06:47:40,344 [main] INFO  db.DBStoreBuilder (DBStoreBuilder.java:processTables(161)) - Using default column profile:DBProfile.DISK for Table:prefixTable
2019-08-21 06:47:40,344 [main] INFO  db.DBStoreBuilder (DBStoreBuilder.java:addTable(110)) - using custom profile for table: default
2019-08-21 06:47:40,345 [main] INFO  db.DBStoreBuilder (DBStoreBuilder.java:processTables(167)) - Using default column profile:DBProfile.DISK for Table:default
2019-08-21 06:47:40,345 [main] INFO  db.DBStoreBuilder (DBStoreBuilder.java:getDbProfile(198)) - Using default options. DBProfile.DISK
2019-08-21 06:47:40,848 [main] INFO  ipc.CallQueueManager (CallQueueManager.java:<init>(84)) - Using callQueue: class java.util.concurrent.LinkedBlockingQueue, queueCapacity: 2000, scheduler: class org.apache.hadoop.ipc.DefaultRpcScheduler, ipcBackoff: false.
2019-08-21 06:47:40,849 [Socket Reader #1 for port 36092] INFO  ipc.Server (Server.java:run(1074)) - Starting Socket Reader #1 for port 36092
2019-08-21 06:47:40,861 [main] INFO  om.OzoneManager (OzoneManager.java:start(1259)) - OzoneManager RPC server is listening at localhost/127.0.0.1:36092
2019-08-21 06:47:40,861 [main] INFO  impl.MetricsSystemImpl (MetricsSystemImpl.java:init(158)) - OzoneManager metrics system started (again)
2019-08-21 06:47:40,862 [IPC Server Responder] INFO  ipc.Server (Server.java:run(1314)) - IPC Server Responder: starting
2019-08-21 06:47:40,862 [IPC Server listener on 36092] INFO  ipc.Server (Server.java:run(1153)) - IPC Server listener on 36092: starting
2019-08-21 06:47:40,867 [main] INFO  hdfs.DFSUtil (DFSUtil.java:httpServerTemplateForNNAndJN(1641)) - Starting Web-server for ozoneManager at: http://0.0.0.0:0
2019-08-21 06:47:40,869 [main] INFO  server.AuthenticationFilter (AuthenticationFilter.java:constructSecretProvider(240)) - Unable to initialize FileSignerSecretProvider, falling back to use random secrets.
2019-08-21 06:47:40,870 [main] WARN  http.HttpRequestLog (HttpRequestLog.java:getRequestLog(97)) - Jetty request log can only be enabled using Log4j
2019-08-21 06:47:40,872 [main] INFO  http.HttpServer2 (HttpServer2.java:addGlobalFilter(975)) - Added global filter 'safety' (class=org.apache.hadoop.http.HttpServer2$QuotingInputFilter)
2019-08-21 06:47:40,872 [main] INFO  http.HttpServer2 (HttpServer2.java:addFilter(948)) - Added filter static_user_filter (class=org.apache.hadoop.http.lib.StaticUserWebFilter$StaticUserFilter) to context ozoneManager
2019-08-21 06:47:40,872 [main] INFO  http.HttpServer2 (HttpServer2.java:addFilter(958)) - Added filter static_user_filter (class=org.apache.hadoop.http.lib.StaticUserWebFilter$StaticUserFilter) to context logs
2019-08-21 06:47:40,873 [main] INFO  http.HttpServer2 (HttpServer2.java:addFilter(958)) - Added filter static_user_filter (class=org.apache.hadoop.http.lib.StaticUserWebFilter$StaticUserFilter) to context static
2019-08-21 06:47:40,873 [main] INFO  http.HttpServer2 (HttpServer2.java:bindListener(1191)) - Jetty bound to port 34826
2019-08-21 06:47:40,874 [main] INFO  server.Server (Server.java:doStart(351)) - jetty-9.3.24.v20180605, build timestamp: 2018-06-05T17:11:56Z, git hash: 84205aa28f11a4f31f2a3b86d1bba2cc8ab69827
2019-08-21 06:47:40,875 [main] INFO  handler.ContextHandler (ContextHandler.java:doStart(781)) - Started o.e.j.s.ServletContextHandler@41c05747{/logs,file:///workdir/hadoop-ozone/integration-test/target/log,AVAILABLE}
2019-08-21 06:47:40,876 [main] INFO  handler.ContextHandler (ContextHandler.java:doStart(781)) - Started o.e.j.s.ServletContextHandler@6f749a1f{/static,file:///workdir/hadoop-ozone/integration-test/target/test-classes/webapps/static,AVAILABLE}
2019-08-21 06:47:40,880 [main] INFO  handler.ContextHandler (ContextHandler.java:doStart(781)) - Started o.e.j.w.WebAppContext@74e111a8{/,file:///workdir/hadoop-ozone/integration-test/target/test-classes/webapps/ozoneManager/,AVAILABLE}{/ozoneManager}
2019-08-21 06:47:40,881 [main] INFO  server.AbstractConnector (AbstractConnector.java:doStart(278)) - Started ServerConnector@6e6ec9c{HTTP/1.1,[http/1.1]}{0.0.0.0:34826}
2019-08-21 06:47:40,882 [main] INFO  server.Server (Server.java:doStart(419)) - Started @604981ms
2019-08-21 06:47:40,883 [main] INFO  server.BaseHttpServer (BaseHttpServer.java:updateConnectorAddress(213)) - HTTP server of OZONEMANAGER is listening at http://0.0.0.0:34826
2019-08-21 06:47:40,898 [main] INFO  impl.MetricsSystemImpl (MetricsSystemImpl.java:init(158)) - HddsDatanode metrics system started (again)
2019-08-21 06:47:40,901 [main] INFO  ozone.HddsDatanodeService (HddsDatanodeService.java:start(184)) - HddsDatanodeService host:pr-hdds-1950-tl9pt-285257851 ip:192.168.69.98
2019-08-21 06:47:40,910 [main] INFO  volume.HddsVolume (HddsVolume.java:<init>(176)) - Creating Volume: /workdir/hadoop-ozone/integration-test/target/test-dir/MiniOzoneClusterImpl-9ea4e631-3cec-4bad-b090-c72c63c3b0a9/datanode-0/data/containers/hdds of  storage type : DISK and capacity : 1482555576320
2019-08-21 06:47:40,910 [main] INFO  volume.VolumeSet (VolumeSet.java:initializeVolumeSet(170)) - Added Volume : /workdir/hadoop-ozone/integration-test/target/test-dir/MiniOzoneClusterImpl-9ea4e631-3cec-4bad-b090-c72c63c3b0a9/datanode-0/data/containers/hdds to VolumeSet
2019-08-21 06:47:40,911 [main] INFO  volume.ThrottledAsyncChecker (ThrottledAsyncChecker.java:schedule(140)) - Scheduling a check for org.apache.hadoop.ozone.container.common.volume.HddsVolume@6e43c01f
2019-08-21 06:47:40,912 [main] INFO  volume.HddsVolumeChecker (HddsVolumeChecker.java:checkAllVolumes(203)) - Scheduled health check for volume org.apache.hadoop.ozone.container.common.volume.HddsVolume@6e43c01f
2019-08-21 06:47:40,928 [main] INFO  impl.RaftServerProxy (ConfUtils.java:logGet(43)) - raft.rpc.type = GRPC (default)
2019-08-21 06:47:40,928 [main] INFO  grpc.GrpcFactory (GrpcFactory.java:checkPooledByteBufAllocatorUseCacheForAllThreads(45)) - PERFORMANCE WARNING: useCacheForAllThreads is true that may cause Netty to create a lot garbage objects and, as a result, trigger GC.
	It is recommended to disable useCacheForAllThreads by setting -Dorg.apache.ratis.thirdparty.io.netty.allocator.useCacheForAllThreads=false in command line.
2019-08-21 06:47:40,929 [main] INFO  grpc.GrpcConfigKeys$Server (ConfUtils.java:logGet(43)) - raft.grpc.server.port = 0 (default)
2019-08-21 06:47:40,929 [main] INFO  server.GrpcService (ConfUtils.java:logGet(43)) - raft.grpc.message.size.max = 33570816 (custom)
2019-08-21 06:47:40,929 [main] INFO  server.RaftServerConfigKeys (ConfUtils.java:logGet(43)) - raft.server.log.appender.buffer.byte-limit = 33554432 (custom)
2019-08-21 06:47:40,929 [main] INFO  server.GrpcService (ConfUtils.java:logGet(43)) - raft.grpc.flow.control.window = 1MB (=1048576) (default)
2019-08-21 06:47:40,929 [main] INFO  server.RaftServerConfigKeys (ConfUtils.java:logGet(43)) - raft.server.rpc.request.timeout = 3000ms (default)
2019-08-21 06:47:40,930 [main] INFO  server.RaftServerConfigKeys (ConfUtils.java:logGet(43)) - raft.server.storage.dir = [/workdir/hadoop-ozone/integration-test/target/test-dir/MiniOzoneClusterImpl-9ea4e631-3cec-4bad-b090-c72c63c3b0a9/datanode-0/data/ratis] (custom)
2019-08-21 06:47:40,930 [main] INFO  replication.SimpleContainerDownloader (SimpleContainerDownloader.java:<init>(72)) - Starting container downloader service to copy containers to replicate.
2019-08-21 06:47:40,932 [main] INFO  hdfs.DFSUtil (DFSUtil.java:httpServerTemplateForNNAndJN(1641)) - Starting Web-server for hddsDatanode at: http://0.0.0.0:0
2019-08-21 06:47:40,934 [main] INFO  server.AuthenticationFilter (AuthenticationFilter.java:constructSecretProvider(240)) - Unable to initialize FileSignerSecretProvider, falling back to use random secrets.
2019-08-21 06:47:40,934 [main] WARN  http.HttpRequestLog (HttpRequestLog.java:getRequestLog(97)) - Jetty request log can only be enabled using Log4j
2019-08-21 06:47:40,936 [main] INFO  http.HttpServer2 (HttpServer2.java:addGlobalFilter(975)) - Added global filter 'safety' (class=org.apache.hadoop.http.HttpServer2$QuotingInputFilter)
2019-08-21 06:47:40,937 [main] INFO  http.HttpServer2 (HttpServer2.java:addFilter(948)) - Added filter static_user_filter (class=org.apache.hadoop.http.lib.StaticUserWebFilter$StaticUserFilter) to context hddsDatanode
2019-08-21 06:47:40,937 [main] INFO  http.HttpServer2 (HttpServer2.java:addFilter(958)) - Added filter static_user_filter (class=org.apache.hadoop.http.lib.StaticUserWebFilter$StaticUserFilter) to context static
2019-08-21 06:47:40,938 [main] INFO  http.HttpServer2 (HttpServer2.java:addFilter(958)) - Added filter static_user_filter (class=org.apache.hadoop.http.lib.StaticUserWebFilter$StaticUserFilter) to context logs
2019-08-21 06:47:40,939 [main] INFO  http.HttpServer2 (HttpServer2.java:bindListener(1191)) - Jetty bound to port 34698
2019-08-21 06:47:40,939 [main] INFO  server.Server (Server.java:doStart(351)) - jetty-9.3.24.v20180605, build timestamp: 2018-06-05T17:11:56Z, git hash: 84205aa28f11a4f31f2a3b86d1bba2cc8ab69827
2019-08-21 06:47:40,941 [main] INFO  handler.ContextHandler (ContextHandler.java:doStart(781)) - Started o.e.j.s.ServletContextHandler@628d6320{/logs,file:///workdir/hadoop-ozone/integration-test/target/log,AVAILABLE}
2019-08-21 06:47:40,941 [main] INFO  handler.ContextHandler (ContextHandler.java:doStart(781)) - Started o.e.j.s.ServletContextHandler@77eb0e47{/static,jar:file:/home/user/.m2/repository/org/apache/hadoop/hadoop-hdds-container-service/0.5.0-SNAPSHOT/hadoop-hdds-container-service-0.5.0-SNAPSHOT.jar!/webapps/static,AVAILABLE}
2019-08-21 06:47:40,987 [main] INFO  handler.ContextHandler (ContextHandler.java:doStart(781)) - Started o.e.j.w.WebAppContext@5dc218e2{/,file:///tmp/jetty-0.0.0.0-34698-hddsDatanode-_-any-5849709372185941988.dir/webapp/,AVAILABLE}{/hddsDatanode}
2019-08-21 06:47:40,988 [main] INFO  server.AbstractConnector (AbstractConnector.java:doStart(278)) - Started ServerConnector@11d474a{HTTP/1.1,[http/1.1]}{0.0.0.0:34698}
2019-08-21 06:47:40,989 [main] INFO  server.Server (Server.java:doStart(419)) - Started @605089ms
2019-08-21 06:47:40,990 [main] INFO  server.BaseHttpServer (BaseHttpServer.java:updateConnectorAddress(213)) - HTTP server of HDDSDATANODE is listening at http://0.0.0.0:34698
2019-08-21 06:47:41,111 | INFO  | ObjectStoreRestHttpServer | Listening HDDS REST traffic on /0.0.0.0:44368 |  
2019-08-21 06:47:41,111 [main] INFO  ozone.HddsDatanodeService (HddsDatanodeService.java:startPlugins(395)) - Started plug-in org.apache.hadoop.ozone.web.OzoneHddsDatanodeService@d140627
2019-08-21 06:47:41,111 [main] INFO  impl.MetricsSystemImpl (MetricsSystemImpl.java:init(158)) - HddsDatanode metrics system started (again)
2019-08-21 06:47:41,114 [main] INFO  ozone.HddsDatanodeService (HddsDatanodeService.java:start(184)) - HddsDatanodeService host:pr-hdds-1950-tl9pt-285257851 ip:192.168.69.98
2019-08-21 06:47:41,114 [org.apache.hadoop.util.JvmPauseMonitor$Monitor@470bd3f8] INFO  util.JvmPauseMonitor (JvmPauseMonitor.java:run(188)) - Starting JVM pause monitor
2019-08-21 06:47:41,115 [Datanode State Machine Thread - 0] INFO  datanode.InitDatanodeState (InitDatanodeState.java:persistContainerDatanodeDetails(140)) - DatanodeDetails is persisted to /workdir/hadoop-ozone/integration-test/target/test-dir/MiniOzoneClusterImpl-9ea4e631-3cec-4bad-b090-c72c63c3b0a9/datanode-0/meta/datanode.id
2019-08-21 06:47:41,122 [main] INFO  volume.HddsVolume (HddsVolume.java:<init>(176)) - Creating Volume: /workdir/hadoop-ozone/integration-test/target/test-dir/MiniOzoneClusterImpl-9ea4e631-3cec-4bad-b090-c72c63c3b0a9/datanode-1/data/containers/hdds of  storage type : DISK and capacity : 1482555576320
2019-08-21 06:47:41,122 [main] INFO  volume.VolumeSet (VolumeSet.java:initializeVolumeSet(170)) - Added Volume : /workdir/hadoop-ozone/integration-test/target/test-dir/MiniOzoneClusterImpl-9ea4e631-3cec-4bad-b090-c72c63c3b0a9/datanode-1/data/containers/hdds to VolumeSet
2019-08-21 06:47:41,123 [main] INFO  volume.ThrottledAsyncChecker (ThrottledAsyncChecker.java:schedule(140)) - Scheduling a check for org.apache.hadoop.ozone.container.common.volume.HddsVolume@781ecbac
2019-08-21 06:47:41,123 [main] INFO  volume.HddsVolumeChecker (HddsVolumeChecker.java:checkAllVolumes(203)) - Scheduled health check for volume org.apache.hadoop.ozone.container.common.volume.HddsVolume@781ecbac
2019-08-21 06:47:41,141 [main] INFO  impl.RaftServerProxy (ConfUtils.java:logGet(43)) - raft.rpc.type = GRPC (default)
2019-08-21 06:47:41,141 [main] INFO  grpc.GrpcFactory (GrpcFactory.java:checkPooledByteBufAllocatorUseCacheForAllThreads(45)) - PERFORMANCE WARNING: useCacheForAllThreads is true that may cause Netty to create a lot garbage objects and, as a result, trigger GC.
	It is recommended to disable useCacheForAllThreads by setting -Dorg.apache.ratis.thirdparty.io.netty.allocator.useCacheForAllThreads=false in command line.
2019-08-21 06:47:41,141 [main] INFO  grpc.GrpcConfigKeys$Server (ConfUtils.java:logGet(43)) - raft.grpc.server.port = 0 (default)
2019-08-21 06:47:41,142 [main] INFO  server.GrpcService (ConfUtils.java:logGet(43)) - raft.grpc.message.size.max = 33570816 (custom)
2019-08-21 06:47:41,142 [main] INFO  server.RaftServerConfigKeys (ConfUtils.java:logGet(43)) - raft.server.log.appender.buffer.byte-limit = 33554432 (custom)
2019-08-21 06:47:41,142 [main] INFO  server.GrpcService (ConfUtils.java:logGet(43)) - raft.grpc.flow.control.window = 1MB (=1048576) (default)
2019-08-21 06:47:41,142 [main] INFO  server.RaftServerConfigKeys (ConfUtils.java:logGet(43)) - raft.server.rpc.request.timeout = 3000ms (default)
2019-08-21 06:47:41,143 [main] INFO  server.RaftServerConfigKeys (ConfUtils.java:logGet(43)) - raft.server.storage.dir = [/workdir/hadoop-ozone/integration-test/target/test-dir/MiniOzoneClusterImpl-9ea4e631-3cec-4bad-b090-c72c63c3b0a9/datanode-1/data/ratis] (custom)
2019-08-21 06:47:41,143 [main] INFO  replication.SimpleContainerDownloader (SimpleContainerDownloader.java:<init>(72)) - Starting container downloader service to copy containers to replicate.
2019-08-21 06:47:41,144 [main] INFO  hdfs.DFSUtil (DFSUtil.java:httpServerTemplateForNNAndJN(1641)) - Starting Web-server for hddsDatanode at: http://0.0.0.0:0
2019-08-21 06:47:41,146 [main] INFO  server.AuthenticationFilter (AuthenticationFilter.java:constructSecretProvider(240)) - Unable to initialize FileSignerSecretProvider, falling back to use random secrets.
2019-08-21 06:47:41,146 [main] WARN  http.HttpRequestLog (HttpRequestLog.java:getRequestLog(97)) - Jetty request log can only be enabled using Log4j
2019-08-21 06:47:41,148 [main] INFO  http.HttpServer2 (HttpServer2.java:addGlobalFilter(975)) - Added global filter 'safety' (class=org.apache.hadoop.http.HttpServer2$QuotingInputFilter)
2019-08-21 06:47:41,148 [main] INFO  http.HttpServer2 (HttpServer2.java:addFilter(948)) - Added filter static_user_filter (class=org.apache.hadoop.http.lib.StaticUserWebFilter$StaticUserFilter) to context hddsDatanode
2019-08-21 06:47:41,149 [main] INFO  http.HttpServer2 (HttpServer2.java:addFilter(958)) - Added filter static_user_filter (class=org.apache.hadoop.http.lib.StaticUserWebFilter$StaticUserFilter) to context static
2019-08-21 06:47:41,149 [main] INFO  http.HttpServer2 (HttpServer2.java:addFilter(958)) - Added filter static_user_filter (class=org.apache.hadoop.http.lib.StaticUserWebFilter$StaticUserFilter) to context logs
2019-08-21 06:47:41,149 [main] INFO  http.HttpServer2 (HttpServer2.java:bindListener(1191)) - Jetty bound to port 36326
2019-08-21 06:47:41,150 [main] INFO  server.Server (Server.java:doStart(351)) - jetty-9.3.24.v20180605, build timestamp: 2018-06-05T17:11:56Z, git hash: 84205aa28f11a4f31f2a3b86d1bba2cc8ab69827
2019-08-21 06:47:41,151 [main] INFO  handler.ContextHandler (ContextHandler.java:doStart(781)) - Started o.e.j.s.ServletContextHandler@2357f000{/logs,file:///workdir/hadoop-ozone/integration-test/target/log,AVAILABLE}
2019-08-21 06:47:41,152 [main] INFO  handler.ContextHandler (ContextHandler.java:doStart(781)) - Started o.e.j.s.ServletContextHandler@6124a7c0{/static,jar:file:/home/user/.m2/repository/org/apache/hadoop/hadoop-hdds-container-service/0.5.0-SNAPSHOT/hadoop-hdds-container-service-0.5.0-SNAPSHOT.jar!/webapps/static,AVAILABLE}
2019-08-21 06:47:41,185 [main] INFO  handler.ContextHandler (ContextHandler.java:doStart(781)) - Started o.e.j.w.WebAppContext@25fb43a9{/,file:///tmp/jetty-0.0.0.0-36326-hddsDatanode-_-any-2112858639772906998.dir/webapp/,AVAILABLE}{/hddsDatanode}
2019-08-21 06:47:41,185 [main] INFO  server.AbstractConnector (AbstractConnector.java:doStart(278)) - Started ServerConnector@59fa5a39{HTTP/1.1,[http/1.1]}{0.0.0.0:36326}
2019-08-21 06:47:41,186 [main] INFO  server.Server (Server.java:doStart(419)) - Started @605285ms
2019-08-21 06:47:41,187 [main] INFO  server.BaseHttpServer (BaseHttpServer.java:updateConnectorAddress(213)) - HTTP server of HDDSDATANODE is listening at http://0.0.0.0:36326
2019-08-21 06:47:41,306 | INFO  | ObjectStoreRestHttpServer | Listening HDDS REST traffic on /0.0.0.0:43501 |  
2019-08-21 06:47:41,306 [main] INFO  ozone.HddsDatanodeService (HddsDatanodeService.java:startPlugins(395)) - Started plug-in org.apache.hadoop.ozone.web.OzoneHddsDatanodeService@6971c6b7
2019-08-21 06:47:41,306 [main] INFO  impl.MetricsSystemImpl (MetricsSystemImpl.java:init(158)) - HddsDatanode metrics system started (again)
2019-08-21 06:47:41,309 [org.apache.hadoop.util.JvmPauseMonitor$Monitor@39f0d13d] INFO  util.JvmPauseMonitor (JvmPauseMonitor.java:run(188)) - Starting JVM pause monitor
2019-08-21 06:47:41,309 [main] INFO  ozone.HddsDatanodeService (HddsDatanodeService.java:start(184)) - HddsDatanodeService host:pr-hdds-1950-tl9pt-285257851 ip:192.168.69.98
2019-08-21 06:47:41,310 [Datanode State Machine Thread - 0] INFO  datanode.InitDatanodeState (InitDatanodeState.java:persistContainerDatanodeDetails(140)) - DatanodeDetails is persisted to /workdir/hadoop-ozone/integration-test/target/test-dir/MiniOzoneClusterImpl-9ea4e631-3cec-4bad-b090-c72c63c3b0a9/datanode-1/meta/datanode.id
2019-08-21 06:47:41,316 [main] INFO  volume.HddsVolume (HddsVolume.java:<init>(176)) - Creating Volume: /workdir/hadoop-ozone/integration-test/target/test-dir/MiniOzoneClusterImpl-9ea4e631-3cec-4bad-b090-c72c63c3b0a9/datanode-2/data/containers/hdds of  storage type : DISK and capacity : 1482555576320
2019-08-21 06:47:41,316 [main] INFO  volume.VolumeSet (VolumeSet.java:initializeVolumeSet(170)) - Added Volume : /workdir/hadoop-ozone/integration-test/target/test-dir/MiniOzoneClusterImpl-9ea4e631-3cec-4bad-b090-c72c63c3b0a9/datanode-2/data/containers/hdds to VolumeSet
2019-08-21 06:47:41,317 [main] INFO  volume.ThrottledAsyncChecker (ThrottledAsyncChecker.java:schedule(140)) - Scheduling a check for org.apache.hadoop.ozone.container.common.volume.HddsVolume@52811dc1
2019-08-21 06:47:41,317 [main] INFO  volume.HddsVolumeChecker (HddsVolumeChecker.java:checkAllVolumes(203)) - Scheduled health check for volume org.apache.hadoop.ozone.container.common.volume.HddsVolume@52811dc1
2019-08-21 06:47:41,330 [main] INFO  impl.RaftServerProxy (ConfUtils.java:logGet(43)) - raft.rpc.type = GRPC (default)
2019-08-21 06:47:41,330 [main] INFO  grpc.GrpcFactory (GrpcFactory.java:checkPooledByteBufAllocatorUseCacheForAllThreads(45)) - PERFORMANCE WARNING: useCacheForAllThreads is true that may cause Netty to create a lot garbage objects and, as a result, trigger GC.
	It is recommended to disable useCacheForAllThreads by setting -Dorg.apache.ratis.thirdparty.io.netty.allocator.useCacheForAllThreads=false in command line.
2019-08-21 06:47:41,331 [main] INFO  grpc.GrpcConfigKeys$Server (ConfUtils.java:logGet(43)) - raft.grpc.server.port = 0 (default)
2019-08-21 06:47:41,331 [main] INFO  server.GrpcService (ConfUtils.java:logGet(43)) - raft.grpc.message.size.max = 33570816 (custom)
2019-08-21 06:47:41,331 [main] INFO  server.RaftServerConfigKeys (ConfUtils.java:logGet(43)) - raft.server.log.appender.buffer.byte-limit = 33554432 (custom)
2019-08-21 06:47:41,331 [main] INFO  server.GrpcService (ConfUtils.java:logGet(43)) - raft.grpc.flow.control.window = 1MB (=1048576) (default)
2019-08-21 06:47:41,331 [main] INFO  server.RaftServerConfigKeys (ConfUtils.java:logGet(43)) - raft.server.rpc.request.timeout = 3000ms (default)
2019-08-21 06:47:41,332 [main] INFO  server.RaftServerConfigKeys (ConfUtils.java:logGet(43)) - raft.server.storage.dir = [/workdir/hadoop-ozone/integration-test/target/test-dir/MiniOzoneClusterImpl-9ea4e631-3cec-4bad-b090-c72c63c3b0a9/datanode-2/data/ratis] (custom)
2019-08-21 06:47:41,332 [main] INFO  replication.SimpleContainerDownloader (SimpleContainerDownloader.java:<init>(72)) - Starting container downloader service to copy containers to replicate.
2019-08-21 06:47:41,333 [main] INFO  hdfs.DFSUtil (DFSUtil.java:httpServerTemplateForNNAndJN(1641)) - Starting Web-server for hddsDatanode at: http://0.0.0.0:0
2019-08-21 06:47:41,334 [main] INFO  server.AuthenticationFilter (AuthenticationFilter.java:constructSecretProvider(240)) - Unable to initialize FileSignerSecretProvider, falling back to use random secrets.
2019-08-21 06:47:41,334 [main] WARN  http.HttpRequestLog (HttpRequestLog.java:getRequestLog(97)) - Jetty request log can only be enabled using Log4j
2019-08-21 06:47:41,336 [main] INFO  http.HttpServer2 (HttpServer2.java:addGlobalFilter(975)) - Added global filter 'safety' (class=org.apache.hadoop.http.HttpServer2$QuotingInputFilter)
2019-08-21 06:47:41,336 [main] INFO  http.HttpServer2 (HttpServer2.java:addFilter(948)) - Added filter static_user_filter (class=org.apache.hadoop.http.lib.StaticUserWebFilter$StaticUserFilter) to context hddsDatanode
2019-08-21 06:47:41,336 [main] INFO  http.HttpServer2 (HttpServer2.java:addFilter(958)) - Added filter static_user_filter (class=org.apache.hadoop.http.lib.StaticUserWebFilter$StaticUserFilter) to context static
2019-08-21 06:47:41,336 [main] INFO  http.HttpServer2 (HttpServer2.java:addFilter(958)) - Added filter static_user_filter (class=org.apache.hadoop.http.lib.StaticUserWebFilter$StaticUserFilter) to context logs
2019-08-21 06:47:41,337 [main] INFO  http.HttpServer2 (HttpServer2.java:bindListener(1191)) - Jetty bound to port 39968
2019-08-21 06:47:41,337 [main] INFO  server.Server (Server.java:doStart(351)) - jetty-9.3.24.v20180605, build timestamp: 2018-06-05T17:11:56Z, git hash: 84205aa28f11a4f31f2a3b86d1bba2cc8ab69827
2019-08-21 06:47:41,611 [main] INFO  handler.ContextHandler (ContextHandler.java:doStart(781)) - Started o.e.j.s.ServletContextHandler@2c64ee53{/logs,file:///workdir/hadoop-ozone/integration-test/target/log,AVAILABLE}
2019-08-21 06:47:41,612 [main] INFO  handler.ContextHandler (ContextHandler.java:doStart(781)) - Started o.e.j.s.ServletContextHandler@162c89ac{/static,jar:file:/home/user/.m2/repository/org/apache/hadoop/hadoop-hdds-container-service/0.5.0-SNAPSHOT/hadoop-hdds-container-service-0.5.0-SNAPSHOT.jar!/webapps/static,AVAILABLE}
2019-08-21 06:47:41,645 [main] INFO  handler.ContextHandler (ContextHandler.java:doStart(781)) - Started o.e.j.w.WebAppContext@50177966{/,file:///tmp/jetty-0.0.0.0-39968-hddsDatanode-_-any-1745575132422256515.dir/webapp/,AVAILABLE}{/hddsDatanode}
2019-08-21 06:47:41,646 [main] INFO  server.AbstractConnector (AbstractConnector.java:doStart(278)) - Started ServerConnector@2199e1a4{HTTP/1.1,[http/1.1]}{0.0.0.0:39968}
2019-08-21 06:47:41,647 [main] INFO  server.Server (Server.java:doStart(419)) - Started @605745ms
2019-08-21 06:47:41,648 [main] INFO  server.BaseHttpServer (BaseHttpServer.java:updateConnectorAddress(213)) - HTTP server of HDDSDATANODE is listening at http://0.0.0.0:39968
2019-08-21 06:47:41,781 | INFO  | ObjectStoreRestHttpServer | Listening HDDS REST traffic on /0.0.0.0:42372 |  
2019-08-21 06:47:41,781 [main] INFO  ozone.HddsDatanodeService (HddsDatanodeService.java:startPlugins(395)) - Started plug-in org.apache.hadoop.ozone.web.OzoneHddsDatanodeService@2b08f55a
2019-08-21 06:47:41,781 [main] INFO  impl.MetricsSystemImpl (MetricsSystemImpl.java:init(158)) - HddsDatanode metrics system started (again)
2019-08-21 06:47:41,783 [org.apache.hadoop.util.JvmPauseMonitor$Monitor@dbb8d3e] INFO  util.JvmPauseMonitor (JvmPauseMonitor.java:run(188)) - Starting JVM pause monitor
2019-08-21 06:47:41,784 [main] INFO  ozone.HddsDatanodeService (HddsDatanodeService.java:start(184)) - HddsDatanodeService host:pr-hdds-1950-tl9pt-285257851 ip:192.168.69.98
2019-08-21 06:47:41,784 [Datanode State Machine Thread - 0] INFO  datanode.InitDatanodeState (InitDatanodeState.java:persistContainerDatanodeDetails(140)) - DatanodeDetails is persisted to /workdir/hadoop-ozone/integration-test/target/test-dir/MiniOzoneClusterImpl-9ea4e631-3cec-4bad-b090-c72c63c3b0a9/datanode-2/meta/datanode.id
2019-08-21 06:47:41,792 [main] INFO  volume.HddsVolume (HddsVolume.java:<init>(176)) - Creating Volume: /workdir/hadoop-ozone/integration-test/target/test-dir/MiniOzoneClusterImpl-9ea4e631-3cec-4bad-b090-c72c63c3b0a9/datanode-3/data/containers/hdds of  storage type : DISK and capacity : 1482555576320
2019-08-21 06:47:41,793 [main] INFO  volume.VolumeSet (VolumeSet.java:initializeVolumeSet(170)) - Added Volume : /workdir/hadoop-ozone/integration-test/target/test-dir/MiniOzoneClusterImpl-9ea4e631-3cec-4bad-b090-c72c63c3b0a9/datanode-3/data/containers/hdds to VolumeSet
2019-08-21 06:47:41,793 [main] INFO  volume.ThrottledAsyncChecker (ThrottledAsyncChecker.java:schedule(140)) - Scheduling a check for org.apache.hadoop.ozone.container.common.volume.HddsVolume@dfe2875
2019-08-21 06:47:41,793 [main] INFO  volume.HddsVolumeChecker (HddsVolumeChecker.java:checkAllVolumes(203)) - Scheduled health check for volume org.apache.hadoop.ozone.container.common.volume.HddsVolume@dfe2875
2019-08-21 06:47:41,806 [main] INFO  impl.RaftServerProxy (ConfUtils.java:logGet(43)) - raft.rpc.type = GRPC (default)
2019-08-21 06:47:41,807 [main] INFO  grpc.GrpcFactory (GrpcFactory.java:checkPooledByteBufAllocatorUseCacheForAllThreads(45)) - PERFORMANCE WARNING: useCacheForAllThreads is true that may cause Netty to create a lot garbage objects and, as a result, trigger GC.
	It is recommended to disable useCacheForAllThreads by setting -Dorg.apache.ratis.thirdparty.io.netty.allocator.useCacheForAllThreads=false in command line.
2019-08-21 06:47:41,807 [main] INFO  grpc.GrpcConfigKeys$Server (ConfUtils.java:logGet(43)) - raft.grpc.server.port = 0 (default)
2019-08-21 06:47:41,807 [main] INFO  server.GrpcService (ConfUtils.java:logGet(43)) - raft.grpc.message.size.max = 33570816 (custom)
2019-08-21 06:47:41,807 [main] INFO  server.RaftServerConfigKeys (ConfUtils.java:logGet(43)) - raft.server.log.appender.buffer.byte-limit = 33554432 (custom)
2019-08-21 06:47:41,807 [main] INFO  server.GrpcService (ConfUtils.java:logGet(43)) - raft.grpc.flow.control.window = 1MB (=1048576) (default)
2019-08-21 06:47:41,808 [main] INFO  server.RaftServerConfigKeys (ConfUtils.java:logGet(43)) - raft.server.rpc.request.timeout = 3000ms (default)
2019-08-21 06:47:41,808 [main] INFO  server.RaftServerConfigKeys (ConfUtils.java:logGet(43)) - raft.server.storage.dir = [/workdir/hadoop-ozone/integration-test/target/test-dir/MiniOzoneClusterImpl-9ea4e631-3cec-4bad-b090-c72c63c3b0a9/datanode-3/data/ratis] (custom)
2019-08-21 06:47:41,808 [main] INFO  replication.SimpleContainerDownloader (SimpleContainerDownloader.java:<init>(72)) - Starting container downloader service to copy containers to replicate.
2019-08-21 06:47:41,809 [main] INFO  hdfs.DFSUtil (DFSUtil.java:httpServerTemplateForNNAndJN(1641)) - Starting Web-server for hddsDatanode at: http://0.0.0.0:0
2019-08-21 06:47:41,810 [main] INFO  server.AuthenticationFilter (AuthenticationFilter.java:constructSecretProvider(240)) - Unable to initialize FileSignerSecretProvider, falling back to use random secrets.
2019-08-21 06:47:41,811 [main] WARN  http.HttpRequestLog (HttpRequestLog.java:getRequestLog(97)) - Jetty request log can only be enabled using Log4j
2019-08-21 06:47:41,812 [main] INFO  http.HttpServer2 (HttpServer2.java:addGlobalFilter(975)) - Added global filter 'safety' (class=org.apache.hadoop.http.HttpServer2$QuotingInputFilter)
2019-08-21 06:47:41,812 [main] INFO  http.HttpServer2 (HttpServer2.java:addFilter(948)) - Added filter static_user_filter (class=org.apache.hadoop.http.lib.StaticUserWebFilter$StaticUserFilter) to context hddsDatanode
2019-08-21 06:47:41,812 [main] INFO  http.HttpServer2 (HttpServer2.java:addFilter(958)) - Added filter static_user_filter (class=org.apache.hadoop.http.lib.StaticUserWebFilter$StaticUserFilter) to context static
2019-08-21 06:47:41,812 [main] INFO  http.HttpServer2 (HttpServer2.java:addFilter(958)) - Added filter static_user_filter (class=org.apache.hadoop.http.lib.StaticUserWebFilter$StaticUserFilter) to context logs
2019-08-21 06:47:41,813 [main] INFO  http.HttpServer2 (HttpServer2.java:bindListener(1191)) - Jetty bound to port 44771
2019-08-21 06:47:41,813 [main] INFO  server.Server (Server.java:doStart(351)) - jetty-9.3.24.v20180605, build timestamp: 2018-06-05T17:11:56Z, git hash: 84205aa28f11a4f31f2a3b86d1bba2cc8ab69827
2019-08-21 06:47:41,814 [main] INFO  handler.ContextHandler (ContextHandler.java:doStart(781)) - Started o.e.j.s.ServletContextHandler@7649d350{/logs,file:///workdir/hadoop-ozone/integration-test/target/log,AVAILABLE}
2019-08-21 06:47:41,814 [main] INFO  handler.ContextHandler (ContextHandler.java:doStart(781)) - Started o.e.j.s.ServletContextHandler@58f05266{/static,jar:file:/home/user/.m2/repository/org/apache/hadoop/hadoop-hdds-container-service/0.5.0-SNAPSHOT/hadoop-hdds-container-service-0.5.0-SNAPSHOT.jar!/webapps/static,AVAILABLE}
2019-08-21 06:47:41,840 [main] INFO  handler.ContextHandler (ContextHandler.java:doStart(781)) - Started o.e.j.w.WebAppContext@3c48bbf3{/,file:///tmp/jetty-0.0.0.0-44771-hddsDatanode-_-any-3781882467590230188.dir/webapp/,AVAILABLE}{/hddsDatanode}
2019-08-21 06:47:41,840 [main] INFO  server.AbstractConnector (AbstractConnector.java:doStart(278)) - Started ServerConnector@4ac7927a{HTTP/1.1,[http/1.1]}{0.0.0.0:44771}
2019-08-21 06:47:41,841 [main] INFO  server.Server (Server.java:doStart(419)) - Started @605941ms
2019-08-21 06:47:41,842 [main] INFO  server.BaseHttpServer (BaseHttpServer.java:updateConnectorAddress(213)) - HTTP server of HDDSDATANODE is listening at http://0.0.0.0:44771
2019-08-21 06:47:41,941 | INFO  | ObjectStoreRestHttpServer | Listening HDDS REST traffic on /0.0.0.0:39755 |  
2019-08-21 06:47:41,941 [main] INFO  ozone.HddsDatanodeService (HddsDatanodeService.java:startPlugins(395)) - Started plug-in org.apache.hadoop.ozone.web.OzoneHddsDatanodeService@17c0d43c
2019-08-21 06:47:41,941 [main] INFO  impl.MetricsSystemImpl (MetricsSystemImpl.java:init(158)) - HddsDatanode metrics system started (again)
2019-08-21 06:47:41,944 [main] INFO  ozone.HddsDatanodeService (HddsDatanodeService.java:start(184)) - HddsDatanodeService host:pr-hdds-1950-tl9pt-285257851 ip:192.168.69.98
2019-08-21 06:47:41,944 [org.apache.hadoop.util.JvmPauseMonitor$Monitor@113bcfa2] INFO  util.JvmPauseMonitor (JvmPauseMonitor.java:run(188)) - Starting JVM pause monitor
2019-08-21 06:47:41,945 [Datanode State Machine Thread - 0] INFO  datanode.InitDatanodeState (InitDatanodeState.java:persistContainerDatanodeDetails(140)) - DatanodeDetails is persisted to /workdir/hadoop-ozone/integration-test/target/test-dir/MiniOzoneClusterImpl-9ea4e631-3cec-4bad-b090-c72c63c3b0a9/datanode-3/meta/datanode.id
2019-08-21 06:47:41,954 [main] INFO  volume.HddsVolume (HddsVolume.java:<init>(176)) - Creating Volume: /workdir/hadoop-ozone/integration-test/target/test-dir/MiniOzoneClusterImpl-9ea4e631-3cec-4bad-b090-c72c63c3b0a9/datanode-4/data/containers/hdds of  storage type : DISK and capacity : 1482555576320
2019-08-21 06:47:41,955 [main] INFO  volume.VolumeSet (VolumeSet.java:initializeVolumeSet(170)) - Added Volume : /workdir/hadoop-ozone/integration-test/target/test-dir/MiniOzoneClusterImpl-9ea4e631-3cec-4bad-b090-c72c63c3b0a9/datanode-4/data/containers/hdds to VolumeSet
2019-08-21 06:47:41,955 [main] INFO  volume.ThrottledAsyncChecker (ThrottledAsyncChecker.java:schedule(140)) - Scheduling a check for org.apache.hadoop.ozone.container.common.volume.HddsVolume@10395bc4
2019-08-21 06:47:41,955 [main] INFO  volume.HddsVolumeChecker (HddsVolumeChecker.java:checkAllVolumes(203)) - Scheduled health check for volume org.apache.hadoop.ozone.container.common.volume.HddsVolume@10395bc4
2019-08-21 06:47:41,968 [main] INFO  impl.RaftServerProxy (ConfUtils.java:logGet(43)) - raft.rpc.type = GRPC (default)
2019-08-21 06:47:41,968 [main] INFO  grpc.GrpcFactory (GrpcFactory.java:checkPooledByteBufAllocatorUseCacheForAllThreads(45)) - PERFORMANCE WARNING: useCacheForAllThreads is true that may cause Netty to create a lot garbage objects and, as a result, trigger GC.
	It is recommended to disable useCacheForAllThreads by setting -Dorg.apache.ratis.thirdparty.io.netty.allocator.useCacheForAllThreads=false in command line.
2019-08-21 06:47:41,968 [main] INFO  grpc.GrpcConfigKeys$Server (ConfUtils.java:logGet(43)) - raft.grpc.server.port = 0 (default)
2019-08-21 06:47:41,968 [main] INFO  server.GrpcService (ConfUtils.java:logGet(43)) - raft.grpc.message.size.max = 33570816 (custom)
2019-08-21 06:47:41,968 [main] INFO  server.RaftServerConfigKeys (ConfUtils.java:logGet(43)) - raft.server.log.appender.buffer.byte-limit = 33554432 (custom)
2019-08-21 06:47:41,968 [main] INFO  server.GrpcService (ConfUtils.java:logGet(43)) - raft.grpc.flow.control.window = 1MB (=1048576) (default)
2019-08-21 06:47:41,969 [main] INFO  server.RaftServerConfigKeys (ConfUtils.java:logGet(43)) - raft.server.rpc.request.timeout = 3000ms (default)
2019-08-21 06:47:41,969 [main] INFO  server.RaftServerConfigKeys (ConfUtils.java:logGet(43)) - raft.server.storage.dir = [/workdir/hadoop-ozone/integration-test/target/test-dir/MiniOzoneClusterImpl-9ea4e631-3cec-4bad-b090-c72c63c3b0a9/datanode-4/data/ratis] (custom)
2019-08-21 06:47:41,969 [main] INFO  replication.SimpleContainerDownloader (SimpleContainerDownloader.java:<init>(72)) - Starting container downloader service to copy containers to replicate.
2019-08-21 06:47:41,970 [main] INFO  hdfs.DFSUtil (DFSUtil.java:httpServerTemplateForNNAndJN(1641)) - Starting Web-server for hddsDatanode at: http://0.0.0.0:0
2019-08-21 06:47:41,971 [main] INFO  server.AuthenticationFilter (AuthenticationFilter.java:constructSecretProvider(240)) - Unable to initialize FileSignerSecretProvider, falling back to use random secrets.
2019-08-21 06:47:41,972 [main] WARN  http.HttpRequestLog (HttpRequestLog.java:getRequestLog(97)) - Jetty request log can only be enabled using Log4j
2019-08-21 06:47:41,973 [main] INFO  http.HttpServer2 (HttpServer2.java:addGlobalFilter(975)) - Added global filter 'safety' (class=org.apache.hadoop.http.HttpServer2$QuotingInputFilter)
2019-08-21 06:47:41,973 [main] INFO  http.HttpServer2 (HttpServer2.java:addFilter(948)) - Added filter static_user_filter (class=org.apache.hadoop.http.lib.StaticUserWebFilter$StaticUserFilter) to context hddsDatanode
2019-08-21 06:47:41,973 [main] INFO  http.HttpServer2 (HttpServer2.java:addFilter(958)) - Added filter static_user_filter (class=org.apache.hadoop.http.lib.StaticUserWebFilter$StaticUserFilter) to context static
2019-08-21 06:47:41,973 [main] INFO  http.HttpServer2 (HttpServer2.java:addFilter(958)) - Added filter static_user_filter (class=org.apache.hadoop.http.lib.StaticUserWebFilter$StaticUserFilter) to context logs
2019-08-21 06:47:41,974 [main] INFO  http.HttpServer2 (HttpServer2.java:bindListener(1191)) - Jetty bound to port 44130
2019-08-21 06:47:41,974 [main] INFO  server.Server (Server.java:doStart(351)) - jetty-9.3.24.v20180605, build timestamp: 2018-06-05T17:11:56Z, git hash: 84205aa28f11a4f31f2a3b86d1bba2cc8ab69827
2019-08-21 06:47:41,975 [main] INFO  handler.ContextHandler (ContextHandler.java:doStart(781)) - Started o.e.j.s.ServletContextHandler@57d6f569{/logs,file:///workdir/hadoop-ozone/integration-test/target/log,AVAILABLE}
2019-08-21 06:47:41,976 [main] INFO  handler.ContextHandler (ContextHandler.java:doStart(781)) - Started o.e.j.s.ServletContextHandler@289fff3c{/static,jar:file:/home/user/.m2/repository/org/apache/hadoop/hadoop-hdds-container-service/0.5.0-SNAPSHOT/hadoop-hdds-container-service-0.5.0-SNAPSHOT.jar!/webapps/static,AVAILABLE}
2019-08-21 06:47:41,999 [main] INFO  handler.ContextHandler (ContextHandler.java:doStart(781)) - Started o.e.j.w.WebAppContext@67e7fe73{/,file:///tmp/jetty-0.0.0.0-44130-hddsDatanode-_-any-8424646385588820663.dir/webapp/,AVAILABLE}{/hddsDatanode}
2019-08-21 06:47:42,000 [main] INFO  server.AbstractConnector (AbstractConnector.java:doStart(278)) - Started ServerConnector@2daf650b{HTTP/1.1,[http/1.1]}{0.0.0.0:44130}
2019-08-21 06:47:42,000 [main] INFO  server.Server (Server.java:doStart(419)) - Started @606099ms
2019-08-21 06:47:42,002 [main] INFO  server.BaseHttpServer (BaseHttpServer.java:updateConnectorAddress(213)) - HTTP server of HDDSDATANODE is listening at http://0.0.0.0:44130
2019-08-21 06:47:42,103 | INFO  | ObjectStoreRestHttpServer | Listening HDDS REST traffic on /0.0.0.0:40366 |  
2019-08-21 06:47:42,103 [main] INFO  ozone.HddsDatanodeService (HddsDatanodeService.java:startPlugins(395)) - Started plug-in org.apache.hadoop.ozone.web.OzoneHddsDatanodeService@563bf9d2
2019-08-21 06:47:42,103 [main] INFO  impl.MetricsSystemImpl (MetricsSystemImpl.java:init(158)) - HddsDatanode metrics system started (again)
2019-08-21 06:47:42,106 [org.apache.hadoop.util.JvmPauseMonitor$Monitor@73b5f769] INFO  util.JvmPauseMonitor (JvmPauseMonitor.java:run(188)) - Starting JVM pause monitor
2019-08-21 06:47:42,106 [main] INFO  ozone.HddsDatanodeService (HddsDatanodeService.java:start(184)) - HddsDatanodeService host:pr-hdds-1950-tl9pt-285257851 ip:192.168.69.98
2019-08-21 06:47:42,108 [Datanode State Machine Thread - 0] INFO  datanode.InitDatanodeState (InitDatanodeState.java:persistContainerDatanodeDetails(140)) - DatanodeDetails is persisted to /workdir/hadoop-ozone/integration-test/target/test-dir/MiniOzoneClusterImpl-9ea4e631-3cec-4bad-b090-c72c63c3b0a9/datanode-4/meta/datanode.id
2019-08-21 06:47:42,116 [main] INFO  volume.HddsVolume (HddsVolume.java:<init>(176)) - Creating Volume: /workdir/hadoop-ozone/integration-test/target/test-dir/MiniOzoneClusterImpl-9ea4e631-3cec-4bad-b090-c72c63c3b0a9/datanode-5/data/containers/hdds of  storage type : DISK and capacity : 1482555576320
2019-08-21 06:47:42,116 [main] INFO  volume.VolumeSet (VolumeSet.java:initializeVolumeSet(170)) - Added Volume : /workdir/hadoop-ozone/integration-test/target/test-dir/MiniOzoneClusterImpl-9ea4e631-3cec-4bad-b090-c72c63c3b0a9/datanode-5/data/containers/hdds to VolumeSet
2019-08-21 06:47:42,117 [main] INFO  volume.ThrottledAsyncChecker (ThrottledAsyncChecker.java:schedule(140)) - Scheduling a check for org.apache.hadoop.ozone.container.common.volume.HddsVolume@5d956649
2019-08-21 06:47:42,117 [main] INFO  volume.HddsVolumeChecker (HddsVolumeChecker.java:checkAllVolumes(203)) - Scheduled health check for volume org.apache.hadoop.ozone.container.common.volume.HddsVolume@5d956649
2019-08-21 06:47:42,139 [main] INFO  impl.RaftServerProxy (ConfUtils.java:logGet(43)) - raft.rpc.type = GRPC (default)
2019-08-21 06:47:42,139 [main] INFO  grpc.GrpcFactory (GrpcFactory.java:checkPooledByteBufAllocatorUseCacheForAllThreads(45)) - PERFORMANCE WARNING: useCacheForAllThreads is true that may cause Netty to create a lot garbage objects and, as a result, trigger GC.
	It is recommended to disable useCacheForAllThreads by setting -Dorg.apache.ratis.thirdparty.io.netty.allocator.useCacheForAllThreads=false in command line.
2019-08-21 06:47:42,139 [main] INFO  grpc.GrpcConfigKeys$Server (ConfUtils.java:logGet(43)) - raft.grpc.server.port = 0 (default)
2019-08-21 06:47:42,140 [main] INFO  server.GrpcService (ConfUtils.java:logGet(43)) - raft.grpc.message.size.max = 33570816 (custom)
2019-08-21 06:47:42,140 [main] INFO  server.RaftServerConfigKeys (ConfUtils.java:logGet(43)) - raft.server.log.appender.buffer.byte-limit = 33554432 (custom)
2019-08-21 06:47:42,140 [main] INFO  server.GrpcService (ConfUtils.java:logGet(43)) - raft.grpc.flow.control.window = 1MB (=1048576) (default)
2019-08-21 06:47:42,140 [main] INFO  server.RaftServerConfigKeys (ConfUtils.java:logGet(43)) - raft.server.rpc.request.timeout = 3000ms (default)
2019-08-21 06:47:42,141 [main] INFO  server.RaftServerConfigKeys (ConfUtils.java:logGet(43)) - raft.server.storage.dir = [/workdir/hadoop-ozone/integration-test/target/test-dir/MiniOzoneClusterImpl-9ea4e631-3cec-4bad-b090-c72c63c3b0a9/datanode-5/data/ratis] (custom)
2019-08-21 06:47:42,141 [main] INFO  replication.SimpleContainerDownloader (SimpleContainerDownloader.java:<init>(72)) - Starting container downloader service to copy containers to replicate.
2019-08-21 06:47:42,142 [main] INFO  hdfs.DFSUtil (DFSUtil.java:httpServerTemplateForNNAndJN(1641)) - Starting Web-server for hddsDatanode at: http://0.0.0.0:0
2019-08-21 06:47:42,143 [main] INFO  server.AuthenticationFilter (AuthenticationFilter.java:constructSecretProvider(240)) - Unable to initialize FileSignerSecretProvider, falling back to use random secrets.
2019-08-21 06:47:42,143 [main] WARN  http.HttpRequestLog (HttpRequestLog.java:getRequestLog(97)) - Jetty request log can only be enabled using Log4j
2019-08-21 06:47:42,145 [main] INFO  http.HttpServer2 (HttpServer2.java:addGlobalFilter(975)) - Added global filter 'safety' (class=org.apache.hadoop.http.HttpServer2$QuotingInputFilter)
2019-08-21 06:47:42,145 [main] INFO  http.HttpServer2 (HttpServer2.java:addFilter(948)) - Added filter static_user_filter (class=org.apache.hadoop.http.lib.StaticUserWebFilter$StaticUserFilter) to context hddsDatanode
2019-08-21 06:47:42,145 [main] INFO  http.HttpServer2 (HttpServer2.java:addFilter(958)) - Added filter static_user_filter (class=org.apache.hadoop.http.lib.StaticUserWebFilter$StaticUserFilter) to context logs
2019-08-21 06:47:42,145 [main] INFO  http.HttpServer2 (HttpServer2.java:addFilter(958)) - Added filter static_user_filter (class=org.apache.hadoop.http.lib.StaticUserWebFilter$StaticUserFilter) to context static
2019-08-21 06:47:42,146 [main] INFO  http.HttpServer2 (HttpServer2.java:bindListener(1191)) - Jetty bound to port 45293
2019-08-21 06:47:42,146 [main] INFO  server.Server (Server.java:doStart(351)) - jetty-9.3.24.v20180605, build timestamp: 2018-06-05T17:11:56Z, git hash: 84205aa28f11a4f31f2a3b86d1bba2cc8ab69827
2019-08-21 06:47:42,147 [main] INFO  handler.ContextHandler (ContextHandler.java:doStart(781)) - Started o.e.j.s.ServletContextHandler@72c8de78{/logs,file:///workdir/hadoop-ozone/integration-test/target/log,AVAILABLE}
2019-08-21 06:47:42,148 [main] INFO  handler.ContextHandler (ContextHandler.java:doStart(781)) - Started o.e.j.s.ServletContextHandler@616b2b2{/static,jar:file:/home/user/.m2/repository/org/apache/hadoop/hadoop-hdds-container-service/0.5.0-SNAPSHOT/hadoop-hdds-container-service-0.5.0-SNAPSHOT.jar!/webapps/static,AVAILABLE}
2019-08-21 06:47:42,170 [main] INFO  handler.ContextHandler (ContextHandler.java:doStart(781)) - Started o.e.j.w.WebAppContext@4821e1a3{/,file:///tmp/jetty-0.0.0.0-45293-hddsDatanode-_-any-7146538495768527191.dir/webapp/,AVAILABLE}{/hddsDatanode}
2019-08-21 06:47:42,171 [main] INFO  server.AbstractConnector (AbstractConnector.java:doStart(278)) - Started ServerConnector@5ba4735c{HTTP/1.1,[http/1.1]}{0.0.0.0:45293}
2019-08-21 06:47:42,171 [main] INFO  server.Server (Server.java:doStart(419)) - Started @606270ms
2019-08-21 06:47:42,173 [main] INFO  server.BaseHttpServer (BaseHttpServer.java:updateConnectorAddress(213)) - HTTP server of HDDSDATANODE is listening at http://0.0.0.0:45293
2019-08-21 06:47:42,272 | INFO  | ObjectStoreRestHttpServer | Listening HDDS REST traffic on /0.0.0.0:45051 |  
2019-08-21 06:47:42,272 [main] INFO  ozone.HddsDatanodeService (HddsDatanodeService.java:startPlugins(395)) - Started plug-in org.apache.hadoop.ozone.web.OzoneHddsDatanodeService@6f54d397
2019-08-21 06:47:42,273 [main] INFO  impl.MetricsSystemImpl (MetricsSystemImpl.java:init(158)) - HddsDatanode metrics system started (again)
2019-08-21 06:47:42,276 [main] INFO  ozone.HddsDatanodeService (HddsDatanodeService.java:start(184)) - HddsDatanodeService host:pr-hdds-1950-tl9pt-285257851 ip:192.168.69.98
2019-08-21 06:47:42,276 [org.apache.hadoop.util.JvmPauseMonitor$Monitor@2c2cef08] INFO  util.JvmPauseMonitor (JvmPauseMonitor.java:run(188)) - Starting JVM pause monitor
2019-08-21 06:47:42,277 [Datanode State Machine Thread - 0] INFO  datanode.InitDatanodeState (InitDatanodeState.java:persistContainerDatanodeDetails(140)) - DatanodeDetails is persisted to /workdir/hadoop-ozone/integration-test/target/test-dir/MiniOzoneClusterImpl-9ea4e631-3cec-4bad-b090-c72c63c3b0a9/datanode-5/meta/datanode.id
2019-08-21 06:47:42,286 [main] INFO  volume.HddsVolume (HddsVolume.java:<init>(176)) - Creating Volume: /workdir/hadoop-ozone/integration-test/target/test-dir/MiniOzoneClusterImpl-9ea4e631-3cec-4bad-b090-c72c63c3b0a9/datanode-6/data/containers/hdds of  storage type : DISK and capacity : 1482555576320
2019-08-21 06:47:42,286 [main] INFO  volume.VolumeSet (VolumeSet.java:initializeVolumeSet(170)) - Added Volume : /workdir/hadoop-ozone/integration-test/target/test-dir/MiniOzoneClusterImpl-9ea4e631-3cec-4bad-b090-c72c63c3b0a9/datanode-6/data/containers/hdds to VolumeSet
2019-08-21 06:47:42,286 [main] INFO  volume.ThrottledAsyncChecker (ThrottledAsyncChecker.java:schedule(140)) - Scheduling a check for org.apache.hadoop.ozone.container.common.volume.HddsVolume@74ee8f57
2019-08-21 06:47:42,287 [main] INFO  volume.HddsVolumeChecker (HddsVolumeChecker.java:checkAllVolumes(203)) - Scheduled health check for volume org.apache.hadoop.ozone.container.common.volume.HddsVolume@74ee8f57
2019-08-21 06:47:42,299 [main] INFO  impl.RaftServerProxy (ConfUtils.java:logGet(43)) - raft.rpc.type = GRPC (default)
2019-08-21 06:47:42,300 [main] INFO  grpc.GrpcFactory (GrpcFactory.java:checkPooledByteBufAllocatorUseCacheForAllThreads(45)) - PERFORMANCE WARNING: useCacheForAllThreads is true that may cause Netty to create a lot garbage objects and, as a result, trigger GC.
	It is recommended to disable useCacheForAllThreads by setting -Dorg.apache.ratis.thirdparty.io.netty.allocator.useCacheForAllThreads=false in command line.
2019-08-21 06:47:42,300 [main] INFO  grpc.GrpcConfigKeys$Server (ConfUtils.java:logGet(43)) - raft.grpc.server.port = 0 (default)
2019-08-21 06:47:42,300 [main] INFO  server.GrpcService (ConfUtils.java:logGet(43)) - raft.grpc.message.size.max = 33570816 (custom)
2019-08-21 06:47:42,300 [main] INFO  server.RaftServerConfigKeys (ConfUtils.java:logGet(43)) - raft.server.log.appender.buffer.byte-limit = 33554432 (custom)
2019-08-21 06:47:42,300 [main] INFO  server.GrpcService (ConfUtils.java:logGet(43)) - raft.grpc.flow.control.window = 1MB (=1048576) (default)
2019-08-21 06:47:42,300 [main] INFO  server.RaftServerConfigKeys (ConfUtils.java:logGet(43)) - raft.server.rpc.request.timeout = 3000ms (default)
2019-08-21 06:47:42,301 [main] INFO  server.RaftServerConfigKeys (ConfUtils.java:logGet(43)) - raft.server.storage.dir = [/workdir/hadoop-ozone/integration-test/target/test-dir/MiniOzoneClusterImpl-9ea4e631-3cec-4bad-b090-c72c63c3b0a9/datanode-6/data/ratis] (custom)
2019-08-21 06:47:42,301 [main] INFO  replication.SimpleContainerDownloader (SimpleContainerDownloader.java:<init>(72)) - Starting container downloader service to copy containers to replicate.
2019-08-21 06:47:42,302 [main] INFO  hdfs.DFSUtil (DFSUtil.java:httpServerTemplateForNNAndJN(1641)) - Starting Web-server for hddsDatanode at: http://0.0.0.0:0
2019-08-21 06:47:42,303 [main] INFO  server.AuthenticationFilter (AuthenticationFilter.java:constructSecretProvider(240)) - Unable to initialize FileSignerSecretProvider, falling back to use random secrets.
2019-08-21 06:47:42,303 [main] WARN  http.HttpRequestLog (HttpRequestLog.java:getRequestLog(97)) - Jetty request log can only be enabled using Log4j
2019-08-21 06:47:42,304 [main] INFO  http.HttpServer2 (HttpServer2.java:addGlobalFilter(975)) - Added global filter 'safety' (class=org.apache.hadoop.http.HttpServer2$QuotingInputFilter)
2019-08-21 06:47:42,304 [main] INFO  http.HttpServer2 (HttpServer2.java:addFilter(948)) - Added filter static_user_filter (class=org.apache.hadoop.http.lib.StaticUserWebFilter$StaticUserFilter) to context hddsDatanode
2019-08-21 06:47:42,305 [main] INFO  http.HttpServer2 (HttpServer2.java:addFilter(958)) - Added filter static_user_filter (class=org.apache.hadoop.http.lib.StaticUserWebFilter$StaticUserFilter) to context static
2019-08-21 06:47:42,305 [main] INFO  http.HttpServer2 (HttpServer2.java:addFilter(958)) - Added filter static_user_filter (class=org.apache.hadoop.http.lib.StaticUserWebFilter$StaticUserFilter) to context logs
2019-08-21 06:47:42,305 [main] INFO  http.HttpServer2 (HttpServer2.java:bindListener(1191)) - Jetty bound to port 41477
2019-08-21 06:47:42,305 [main] INFO  server.Server (Server.java:doStart(351)) - jetty-9.3.24.v20180605, build timestamp: 2018-06-05T17:11:56Z, git hash: 84205aa28f11a4f31f2a3b86d1bba2cc8ab69827
2019-08-21 06:47:42,306 [main] INFO  handler.ContextHandler (ContextHandler.java:doStart(781)) - Started o.e.j.s.ServletContextHandler@53b5356{/logs,file:///workdir/hadoop-ozone/integration-test/target/log,AVAILABLE}
2019-08-21 06:47:42,307 [main] INFO  handler.ContextHandler (ContextHandler.java:doStart(781)) - Started o.e.j.s.ServletContextHandler@16c559c7{/static,jar:file:/home/user/.m2/repository/org/apache/hadoop/hadoop-hdds-container-service/0.5.0-SNAPSHOT/hadoop-hdds-container-service-0.5.0-SNAPSHOT.jar!/webapps/static,AVAILABLE}
2019-08-21 06:47:42,328 [main] INFO  handler.ContextHandler (ContextHandler.java:doStart(781)) - Started o.e.j.w.WebAppContext@415cb259{/,file:///tmp/jetty-0.0.0.0-41477-hddsDatanode-_-any-8390289879434165001.dir/webapp/,AVAILABLE}{/hddsDatanode}
2019-08-21 06:47:42,329 [main] INFO  server.AbstractConnector (AbstractConnector.java:doStart(278)) - Started ServerConnector@3f1eb1bc{HTTP/1.1,[http/1.1]}{0.0.0.0:41477}
2019-08-21 06:47:42,329 [main] INFO  server.Server (Server.java:doStart(419)) - Started @606428ms
2019-08-21 06:47:42,334 [main] INFO  server.BaseHttpServer (BaseHttpServer.java:updateConnectorAddress(213)) - HTTP server of HDDSDATANODE is listening at http://0.0.0.0:41477
2019-08-21 06:47:42,431 | INFO  | ObjectStoreRestHttpServer | Listening HDDS REST traffic on /0.0.0.0:37586 |  
2019-08-21 06:47:42,431 [main] INFO  ozone.HddsDatanodeService (HddsDatanodeService.java:startPlugins(395)) - Started plug-in org.apache.hadoop.ozone.web.OzoneHddsDatanodeService@57fd3b57
2019-08-21 06:47:42,431 [main] INFO  ozone.MiniOzoneClusterImpl (MiniOzoneClusterImpl.java:lambda$waitForClusterToBeReady$0(142)) - Waiting for cluster to be ready. Got 0 of 7 DN Heartbeats.
2019-08-21 06:47:42,432 [org.apache.hadoop.util.JvmPauseMonitor$Monitor@291bd730] INFO  util.JvmPauseMonitor (JvmPauseMonitor.java:run(188)) - Starting JVM pause monitor
2019-08-21 06:47:42,434 [Datanode State Machine Thread - 0] INFO  datanode.InitDatanodeState (InitDatanodeState.java:persistContainerDatanodeDetails(140)) - DatanodeDetails is persisted to /workdir/hadoop-ozone/integration-test/target/test-dir/MiniOzoneClusterImpl-9ea4e631-3cec-4bad-b090-c72c63c3b0a9/datanode-6/meta/datanode.id
2019-08-21 06:47:43,124 | INFO  | SCMAudit | user=jenkins1000 | ip=192.168.69.98 | op=GET_VERSION null | ret=SUCCESS |  
2019-08-21 06:47:43,134 [Datanode State Machine Thread - 0] INFO  ozoneimpl.OzoneContainer (OzoneContainer.java:start(186)) - Attempting to start container services.
2019-08-21 06:47:43,135 [Datanode State Machine Thread - 0] INFO  ozoneimpl.OzoneContainer (OzoneContainer.java:startContainerScrub(160)) - Background container scrubber has been disabled by hdds.containerscrub.enabled
2019-08-21 06:47:43,135 [Datanode State Machine Thread - 0] INFO  ratis.XceiverServerRatis (XceiverServerRatis.java:start(404)) - Starting XceiverServerRatis 2440a51f-3981-4500-9b25-8137dd33ecb0 at port 0
2019-08-21 06:47:43,141 [Datanode State Machine Thread - 0] INFO  impl.RaftServerProxy (RaftServerProxy.java:lambda$start$3(299)) - 2440a51f-3981-4500-9b25-8137dd33ecb0: start RPC server
2019-08-21 06:47:43,144 [Datanode State Machine Thread - 0] INFO  server.GrpcService (GrpcService.java:startImpl(149)) - 2440a51f-3981-4500-9b25-8137dd33ecb0: GrpcService started, listening on 0.0.0.0/0.0.0.0:43960
2019-08-21 06:47:43,144 [Datanode State Machine Thread - 0] INFO  ratis.XceiverServerRatis (XceiverServerRatis.java:start(414)) - XceiverServerRatis 2440a51f-3981-4500-9b25-8137dd33ecb0 is started using port 43960
2019-08-21 06:47:43,145 [Datanode State Machine Thread - 0] INFO  server.XceiverServerGrpc (XceiverServerGrpc.java:start(161)) - XceiverServerGrpc 2440a51f-3981-4500-9b25-8137dd33ecb0 is started using port 45167
2019-08-21 06:47:43,310 | INFO  | SCMAudit | user=jenkins1000 | ip=192.168.69.98 | op=GET_VERSION null | ret=SUCCESS |  
2019-08-21 06:47:43,324 [Datanode State Machine Thread - 0] INFO  ozoneimpl.OzoneContainer (OzoneContainer.java:start(186)) - Attempting to start container services.
2019-08-21 06:47:43,324 [Datanode State Machine Thread - 0] INFO  ozoneimpl.OzoneContainer (OzoneContainer.java:startContainerScrub(160)) - Background container scrubber has been disabled by hdds.containerscrub.enabled
2019-08-21 06:47:43,324 [Datanode State Machine Thread - 0] INFO  ratis.XceiverServerRatis (XceiverServerRatis.java:start(404)) - Starting XceiverServerRatis eea1d4b5-a777-41a4-8ddf-56dc853fc369 at port 0
2019-08-21 06:47:43,331 [Datanode State Machine Thread - 0] INFO  impl.RaftServerProxy (RaftServerProxy.java:lambda$start$3(299)) - eea1d4b5-a777-41a4-8ddf-56dc853fc369: start RPC server
2019-08-21 06:47:43,332 [Datanode State Machine Thread - 0] INFO  server.GrpcService (GrpcService.java:startImpl(149)) - eea1d4b5-a777-41a4-8ddf-56dc853fc369: GrpcService started, listening on 0.0.0.0/0.0.0.0:46481
2019-08-21 06:47:43,333 [Datanode State Machine Thread - 0] INFO  ratis.XceiverServerRatis (XceiverServerRatis.java:start(414)) - XceiverServerRatis eea1d4b5-a777-41a4-8ddf-56dc853fc369 is started using port 46481
2019-08-21 06:47:43,335 [Datanode State Machine Thread - 0] INFO  server.XceiverServerGrpc (XceiverServerGrpc.java:start(161)) - XceiverServerGrpc eea1d4b5-a777-41a4-8ddf-56dc853fc369 is started using port 40161
2019-08-21 06:47:43,431 [main] INFO  ozone.MiniOzoneClusterImpl (MiniOzoneClusterImpl.java:lambda$waitForClusterToBeReady$0(142)) - Waiting for cluster to be ready. Got 0 of 7 DN Heartbeats.
2019-08-21 06:47:43,785 | INFO  | SCMAudit | user=jenkins1000 | ip=192.168.69.98 | op=GET_VERSION null | ret=SUCCESS |  
2019-08-21 06:47:43,793 [Datanode State Machine Thread - 0] INFO  ozoneimpl.OzoneContainer (OzoneContainer.java:start(186)) - Attempting to start container services.
2019-08-21 06:47:43,793 [Datanode State Machine Thread - 0] INFO  ozoneimpl.OzoneContainer (OzoneContainer.java:startContainerScrub(160)) - Background container scrubber has been disabled by hdds.containerscrub.enabled
2019-08-21 06:47:43,793 [Datanode State Machine Thread - 0] INFO  ratis.XceiverServerRatis (XceiverServerRatis.java:start(404)) - Starting XceiverServerRatis 7a757e68-43af-46dc-b069-47da6fb40a41 at port 0
2019-08-21 06:47:43,799 [Datanode State Machine Thread - 0] INFO  impl.RaftServerProxy (RaftServerProxy.java:lambda$start$3(299)) - 7a757e68-43af-46dc-b069-47da6fb40a41: start RPC server
2019-08-21 06:47:43,802 [Datanode State Machine Thread - 0] INFO  server.GrpcService (GrpcService.java:startImpl(149)) - 7a757e68-43af-46dc-b069-47da6fb40a41: GrpcService started, listening on 0.0.0.0/0.0.0.0:36841
2019-08-21 06:47:43,802 [Datanode State Machine Thread - 0] INFO  ratis.XceiverServerRatis (XceiverServerRatis.java:start(414)) - XceiverServerRatis 7a757e68-43af-46dc-b069-47da6fb40a41 is started using port 36841
2019-08-21 06:47:43,803 [Datanode State Machine Thread - 0] INFO  server.XceiverServerGrpc (XceiverServerGrpc.java:start(161)) - XceiverServerGrpc 7a757e68-43af-46dc-b069-47da6fb40a41 is started using port 39503
2019-08-21 06:47:43,946 | INFO  | SCMAudit | user=jenkins1000 | ip=192.168.69.98 | op=GET_VERSION null | ret=SUCCESS |  
2019-08-21 06:47:43,960 [Datanode State Machine Thread - 0] INFO  ozoneimpl.OzoneContainer (OzoneContainer.java:start(186)) - Attempting to start container services.
2019-08-21 06:47:43,960 [Datanode State Machine Thread - 0] INFO  ozoneimpl.OzoneContainer (OzoneContainer.java:startContainerScrub(160)) - Background container scrubber has been disabled by hdds.containerscrub.enabled
2019-08-21 06:47:43,960 [Datanode State Machine Thread - 0] INFO  ratis.XceiverServerRatis (XceiverServerRatis.java:start(404)) - Starting XceiverServerRatis 4e78e98f-ea0c-4fff-97d6-9ba7960c8323 at port 0
2019-08-21 06:47:43,967 [Datanode State Machine Thread - 0] INFO  impl.RaftServerProxy (RaftServerProxy.java:lambda$start$3(299)) - 4e78e98f-ea0c-4fff-97d6-9ba7960c8323: start RPC server
2019-08-21 06:47:43,968 [Datanode State Machine Thread - 0] INFO  server.GrpcService (GrpcService.java:startImpl(149)) - 4e78e98f-ea0c-4fff-97d6-9ba7960c8323: GrpcService started, listening on 0.0.0.0/0.0.0.0:36424
2019-08-21 06:47:43,968 [Datanode State Machine Thread - 0] INFO  ratis.XceiverServerRatis (XceiverServerRatis.java:start(414)) - XceiverServerRatis 4e78e98f-ea0c-4fff-97d6-9ba7960c8323 is started using port 36424
2019-08-21 06:47:43,969 [Datanode State Machine Thread - 0] INFO  server.XceiverServerGrpc (XceiverServerGrpc.java:start(161)) - XceiverServerGrpc 4e78e98f-ea0c-4fff-97d6-9ba7960c8323 is started using port 38776
2019-08-21 06:47:44,108 | INFO  | SCMAudit | user=jenkins1000 | ip=192.168.69.98 | op=GET_VERSION null | ret=SUCCESS |  
2019-08-21 06:47:44,122 [Datanode State Machine Thread - 0] INFO  ozoneimpl.OzoneContainer (OzoneContainer.java:start(186)) - Attempting to start container services.
2019-08-21 06:47:44,122 [Datanode State Machine Thread - 0] INFO  ozoneimpl.OzoneContainer (OzoneContainer.java:startContainerScrub(160)) - Background container scrubber has been disabled by hdds.containerscrub.enabled
2019-08-21 06:47:44,122 [Datanode State Machine Thread - 0] INFO  ratis.XceiverServerRatis (XceiverServerRatis.java:start(404)) - Starting XceiverServerRatis 9ffd4868-4ba9-44e7-9a03-c837b7b77730 at port 0
2019-08-21 06:47:44,128 [Datanode State Machine Thread - 0] INFO  impl.RaftServerProxy (RaftServerProxy.java:lambda$start$3(299)) - 9ffd4868-4ba9-44e7-9a03-c837b7b77730: start RPC server
2019-08-21 06:47:44,129 [Datanode State Machine Thread - 0] INFO  server.GrpcService (GrpcService.java:startImpl(149)) - 9ffd4868-4ba9-44e7-9a03-c837b7b77730: GrpcService started, listening on 0.0.0.0/0.0.0.0:38901
2019-08-21 06:47:44,129 [Datanode State Machine Thread - 0] INFO  ratis.XceiverServerRatis (XceiverServerRatis.java:start(414)) - XceiverServerRatis 9ffd4868-4ba9-44e7-9a03-c837b7b77730 is started using port 38901
2019-08-21 06:47:44,129 [Datanode State Machine Thread - 0] INFO  server.XceiverServerGrpc (XceiverServerGrpc.java:start(161)) - XceiverServerGrpc 9ffd4868-4ba9-44e7-9a03-c837b7b77730 is started using port 36183
2019-08-21 06:47:44,277 | INFO  | SCMAudit | user=jenkins1000 | ip=192.168.69.98 | op=GET_VERSION null | ret=SUCCESS |  
2019-08-21 06:47:44,290 [Datanode State Machine Thread - 0] INFO  ozoneimpl.OzoneContainer (OzoneContainer.java:start(186)) - Attempting to start container services.
2019-08-21 06:47:44,291 [Datanode State Machine Thread - 0] INFO  ozoneimpl.OzoneContainer (OzoneContainer.java:startContainerScrub(160)) - Background container scrubber has been disabled by hdds.containerscrub.enabled
2019-08-21 06:47:44,291 [Datanode State Machine Thread - 0] INFO  ratis.XceiverServerRatis (XceiverServerRatis.java:start(404)) - Starting XceiverServerRatis 20fa16c8-b149-4c5b-b4f9-9fafb5a1985f at port 0
2019-08-21 06:47:44,297 [Datanode State Machine Thread - 0] INFO  impl.RaftServerProxy (RaftServerProxy.java:lambda$start$3(299)) - 20fa16c8-b149-4c5b-b4f9-9fafb5a1985f: start RPC server
2019-08-21 06:47:44,301 [Datanode State Machine Thread - 0] INFO  server.GrpcService (GrpcService.java:startImpl(149)) - 20fa16c8-b149-4c5b-b4f9-9fafb5a1985f: GrpcService started, listening on 0.0.0.0/0.0.0.0:33186
2019-08-21 06:47:44,301 [Datanode State Machine Thread - 0] INFO  ratis.XceiverServerRatis (XceiverServerRatis.java:start(414)) - XceiverServerRatis 20fa16c8-b149-4c5b-b4f9-9fafb5a1985f is started using port 33186
2019-08-21 06:47:44,302 [Datanode State Machine Thread - 0] INFO  server.XceiverServerGrpc (XceiverServerGrpc.java:start(161)) - XceiverServerGrpc 20fa16c8-b149-4c5b-b4f9-9fafb5a1985f is started using port 45367
2019-08-21 06:47:44,432 [main] INFO  ozone.MiniOzoneClusterImpl (MiniOzoneClusterImpl.java:lambda$waitForClusterToBeReady$0(142)) - Waiting for cluster to be ready. Got 0 of 7 DN Heartbeats.
2019-08-21 06:47:44,434 | INFO  | SCMAudit | user=jenkins1000 | ip=192.168.69.98 | op=GET_VERSION null | ret=SUCCESS |  
2019-08-21 06:47:44,448 [Datanode State Machine Thread - 0] INFO  ozoneimpl.OzoneContainer (OzoneContainer.java:start(186)) - Attempting to start container services.
2019-08-21 06:47:44,448 [Datanode State Machine Thread - 0] INFO  ozoneimpl.OzoneContainer (OzoneContainer.java:startContainerScrub(160)) - Background container scrubber has been disabled by hdds.containerscrub.enabled
2019-08-21 06:47:44,448 [Datanode State Machine Thread - 0] INFO  ratis.XceiverServerRatis (XceiverServerRatis.java:start(404)) - Starting XceiverServerRatis f6cbc464-63a1-4ed5-a6d3-94f3823a1413 at port 0
2019-08-21 06:47:44,454 [Datanode State Machine Thread - 0] INFO  impl.RaftServerProxy (RaftServerProxy.java:lambda$start$3(299)) - f6cbc464-63a1-4ed5-a6d3-94f3823a1413: start RPC server
2019-08-21 06:47:44,457 [Datanode State Machine Thread - 0] INFO  server.GrpcService (GrpcService.java:startImpl(149)) - f6cbc464-63a1-4ed5-a6d3-94f3823a1413: GrpcService started, listening on 0.0.0.0/0.0.0.0:33619
2019-08-21 06:47:44,457 [Datanode State Machine Thread - 0] INFO  ratis.XceiverServerRatis (XceiverServerRatis.java:start(414)) - XceiverServerRatis f6cbc464-63a1-4ed5-a6d3-94f3823a1413 is started using port 33619
2019-08-21 06:47:44,465 [Datanode State Machine Thread - 0] INFO  server.XceiverServerGrpc (XceiverServerGrpc.java:start(161)) - XceiverServerGrpc f6cbc464-63a1-4ed5-a6d3-94f3823a1413 is started using port 38223
2019-08-21 06:47:45,122 [IPC Server handler 5 on 35612] INFO  net.NetworkTopology (NetworkTopologyImpl.java:add(110)) - Added a new node: /default-rack/2440a51f-3981-4500-9b25-8137dd33ecb0
2019-08-21 06:47:45,124 [IPC Server handler 5 on 35612] INFO  node.SCMNodeManager (SCMNodeManager.java:register(273)) - Registered Data node : 2440a51f-3981-4500-9b25-8137dd33ecb0{ip: 192.168.69.98, host: pr-hdds-1950-tl9pt-285257851, networkLocation: /default-rack, certSerialId: null}
2019-08-21 06:47:45,126 | INFO  | SCMAudit | user=jenkins1000 | ip=192.168.69.98 | op=REGISTER {datanodeDetails=2440a51f-3981-4500-9b25-8137dd33ecb0{ip: 192.168.69.98, host: pr-hdds-1950-tl9pt-285257851, networkLocation: /default-rack, certSerialId: null}} | ret=SUCCESS |  
2019-08-21 06:47:45,125 [EventQueue-NodeRegistrationContainerReportForDataNodeSafeModeRule] INFO  safemode.SCMSafeModeManager (DataNodeSafeModeRule.java:process(71)) - SCM in safe mode. 1 DataNodes registered, 1 required.
2019-08-21 06:47:45,128 [EventQueue-NodeRegistrationContainerReportForDataNodeSafeModeRule] INFO  safemode.SCMSafeModeManager (SCMSafeModeManager.java:validateSafeModeExitRules(177)) - ScmSafeModeManager, all rules are successfully validated
2019-08-21 06:47:45,128 [EventQueue-NodeRegistrationContainerReportForDataNodeSafeModeRule] INFO  safemode.SCMSafeModeManager (SCMSafeModeManager.java:exitSafeMode(193)) - SCM exiting safe mode.
2019-08-21 06:47:45,166 [grpc-default-executor-10] INFO  impl.RaftServerProxy (RaftServerProxy.java:addNew(89)) - 2440a51f-3981-4500-9b25-8137dd33ecb0: addNew group-6A85DFBF086B:[2440a51f-3981-4500-9b25-8137dd33ecb0:192.168.69.98:43960] returns group-6A85DFBF086B:java.util.concurrent.CompletableFuture@f8fd338[Not completed]
2019-08-21 06:47:45,169 [pool-439-thread-1] INFO  impl.RaftServerImpl (RaftServerImpl.java:<init>(93)) - 2440a51f-3981-4500-9b25-8137dd33ecb0: new RaftServerImpl for group-6A85DFBF086B:[2440a51f-3981-4500-9b25-8137dd33ecb0:192.168.69.98:43960] with ContainerStateMachine:uninitialized
2019-08-21 06:47:45,169 [pool-439-thread-1] INFO  server.RaftServerConfigKeys (ConfUtils.java:logGet(43)) - raft.server.rpc.timeout.min = 5s (custom)
2019-08-21 06:47:45,169 [pool-439-thread-1] INFO  server.RaftServerConfigKeys (ConfUtils.java:logGet(43)) - raft.server.rpc.timeout.max = 5200ms (custom)
2019-08-21 06:47:45,169 [pool-439-thread-1] INFO  server.RaftServerConfigKeys (ConfUtils.java:logGet(43)) - raft.server.rpcslowness.timeout = 120s (custom)
2019-08-21 06:47:45,170 [pool-439-thread-1] INFO  server.RaftServerConfigKeys (ConfUtils.java:logGet(43)) - raft.server.sleep.deviation.threshold = 300 (default)
2019-08-21 06:47:45,170 [pool-439-thread-1] INFO  server.RaftServerConfigKeys (ConfUtils.java:logGet(43)) - raft.server.log.appender.install.snapshot.enabled = false (custom)
2019-08-21 06:47:45,170 [pool-439-thread-1] INFO  impl.RaftServerImpl (ServerState.java:<init>(105)) - 2440a51f-3981-4500-9b25-8137dd33ecb0:group-6A85DFBF086B ConfigurationManager, init=-1: [2440a51f-3981-4500-9b25-8137dd33ecb0:192.168.69.98:43960], old=null, confs=<EMPTY_MAP>
2019-08-21 06:47:45,170 [pool-439-thread-1] INFO  server.RaftServerConfigKeys (ConfUtils.java:logGet(43)) - raft.server.storage.dir = [/workdir/hadoop-ozone/integration-test/target/test-dir/MiniOzoneClusterImpl-9ea4e631-3cec-4bad-b090-c72c63c3b0a9/datanode-0/data/ratis] (custom)
2019-08-21 06:47:45,171 [pool-439-thread-1] INFO  storage.RaftStorageDirectory (RaftStorageDirectory.java:analyzeStorage(246)) - The storage directory /workdir/hadoop-ozone/integration-test/target/test-dir/MiniOzoneClusterImpl-9ea4e631-3cec-4bad-b090-c72c63c3b0a9/datanode-0/data/ratis/bf174057-3bfe-4127-bddb-6a85dfbf086b does not exist. Creating ...
2019-08-21 06:47:45,310 [IPC Server handler 1 on 35612] INFO  net.NetworkTopology (NetworkTopologyImpl.java:add(110)) - Added a new node: /default-rack/eea1d4b5-a777-41a4-8ddf-56dc853fc369
2019-08-21 06:47:45,310 [IPC Server handler 1 on 35612] INFO  node.SCMNodeManager (SCMNodeManager.java:register(273)) - Registered Data node : eea1d4b5-a777-41a4-8ddf-56dc853fc369{ip: 192.168.69.98, host: pr-hdds-1950-tl9pt-285257851, networkLocation: /default-rack, certSerialId: null}
2019-08-21 06:47:45,311 | INFO  | SCMAudit | user=jenkins1000 | ip=192.168.69.98 | op=REGISTER {datanodeDetails=eea1d4b5-a777-41a4-8ddf-56dc853fc369{ip: 192.168.69.98, host: pr-hdds-1950-tl9pt-285257851, networkLocation: /default-rack, certSerialId: null}} | ret=SUCCESS |  
2019-08-21 06:47:45,433 [main] INFO  ozone.MiniOzoneClusterImpl (MiniOzoneClusterImpl.java:lambda$waitForClusterToBeReady$0(142)) - Waiting for cluster to be ready. Got 2 of 7 DN Heartbeats.
2019-08-21 06:47:45,785 [IPC Server handler 2 on 35612] INFO  net.NetworkTopology (NetworkTopologyImpl.java:add(110)) - Added a new node: /default-rack/7a757e68-43af-46dc-b069-47da6fb40a41
2019-08-21 06:47:45,785 [IPC Server handler 2 on 35612] INFO  node.SCMNodeManager (SCMNodeManager.java:register(273)) - Registered Data node : 7a757e68-43af-46dc-b069-47da6fb40a41{ip: 192.168.69.98, host: pr-hdds-1950-tl9pt-285257851, networkLocation: /default-rack, certSerialId: null}
2019-08-21 06:47:45,785 | INFO  | SCMAudit | user=jenkins1000 | ip=192.168.69.98 | op=REGISTER {datanodeDetails=7a757e68-43af-46dc-b069-47da6fb40a41{ip: 192.168.69.98, host: pr-hdds-1950-tl9pt-285257851, networkLocation: /default-rack, certSerialId: null}} | ret=SUCCESS |  
2019-08-21 06:47:45,946 [IPC Server handler 3 on 35612] INFO  net.NetworkTopology (NetworkTopologyImpl.java:add(110)) - Added a new node: /default-rack/4e78e98f-ea0c-4fff-97d6-9ba7960c8323
2019-08-21 06:47:45,947 [IPC Server handler 3 on 35612] INFO  node.SCMNodeManager (SCMNodeManager.java:register(273)) - Registered Data node : 4e78e98f-ea0c-4fff-97d6-9ba7960c8323{ip: 192.168.69.98, host: pr-hdds-1950-tl9pt-285257851, networkLocation: /default-rack, certSerialId: null}
2019-08-21 06:47:45,947 | INFO  | SCMAudit | user=jenkins1000 | ip=192.168.69.98 | op=REGISTER {datanodeDetails=4e78e98f-ea0c-4fff-97d6-9ba7960c8323{ip: 192.168.69.98, host: pr-hdds-1950-tl9pt-285257851, networkLocation: /default-rack, certSerialId: null}} | ret=SUCCESS |  
2019-08-21 06:47:46,109 [IPC Server handler 5 on 35612] INFO  net.NetworkTopology (NetworkTopologyImpl.java:add(110)) - Added a new node: /default-rack/9ffd4868-4ba9-44e7-9a03-c837b7b77730
2019-08-21 06:47:46,109 [IPC Server handler 5 on 35612] INFO  node.SCMNodeManager (SCMNodeManager.java:register(273)) - Registered Data node : 9ffd4868-4ba9-44e7-9a03-c837b7b77730{ip: 192.168.69.98, host: pr-hdds-1950-tl9pt-285257851, networkLocation: /default-rack, certSerialId: null}
2019-08-21 06:47:46,109 | INFO  | SCMAudit | user=jenkins1000 | ip=192.168.69.98 | op=REGISTER {datanodeDetails=9ffd4868-4ba9-44e7-9a03-c837b7b77730{ip: 192.168.69.98, host: pr-hdds-1950-tl9pt-285257851, networkLocation: /default-rack, certSerialId: null}} | ret=SUCCESS |  
2019-08-21 06:47:46,276 [IPC Server handler 4 on 35612] INFO  net.NetworkTopology (NetworkTopologyImpl.java:add(110)) - Added a new node: /default-rack/20fa16c8-b149-4c5b-b4f9-9fafb5a1985f
2019-08-21 06:47:46,277 [IPC Server handler 4 on 35612] INFO  node.SCMNodeManager (SCMNodeManager.java:register(273)) - Registered Data node : 20fa16c8-b149-4c5b-b4f9-9fafb5a1985f{ip: 192.168.69.98, host: pr-hdds-1950-tl9pt-285257851, networkLocation: /default-rack, certSerialId: null}
2019-08-21 06:47:46,277 | INFO  | SCMAudit | user=jenkins1000 | ip=192.168.69.98 | op=REGISTER {datanodeDetails=20fa16c8-b149-4c5b-b4f9-9fafb5a1985f{ip: 192.168.69.98, host: pr-hdds-1950-tl9pt-285257851, networkLocation: /default-rack, certSerialId: null}} | ret=SUCCESS |  
2019-08-21 06:47:46,433 [main] INFO  ozone.MiniOzoneClusterImpl (MiniOzoneClusterImpl.java:lambda$waitForClusterToBeReady$0(142)) - Waiting for cluster to be ready. Got 6 of 7 DN Heartbeats.
2019-08-21 06:47:46,435 [IPC Server handler 2 on 35612] INFO  net.NetworkTopology (NetworkTopologyImpl.java:add(110)) - Added a new node: /default-rack/f6cbc464-63a1-4ed5-a6d3-94f3823a1413
2019-08-21 06:47:46,435 [IPC Server handler 2 on 35612] INFO  node.SCMNodeManager (SCMNodeManager.java:register(273)) - Registered Data node : f6cbc464-63a1-4ed5-a6d3-94f3823a1413{ip: 192.168.69.98, host: pr-hdds-1950-tl9pt-285257851, networkLocation: /default-rack, certSerialId: null}
2019-08-21 06:47:46,436 | INFO  | SCMAudit | user=jenkins1000 | ip=192.168.69.98 | op=REGISTER {datanodeDetails=f6cbc464-63a1-4ed5-a6d3-94f3823a1413{ip: 192.168.69.98, host: pr-hdds-1950-tl9pt-285257851, networkLocation: /default-rack, certSerialId: null}} | ret=SUCCESS |  
2019-08-21 06:47:46,824 [pool-439-thread-1] INFO  storage.RaftStorageDirectory (RaftStorageDirectory.java:tryLock(328)) - Lock on /workdir/hadoop-ozone/integration-test/target/test-dir/MiniOzoneClusterImpl-9ea4e631-3cec-4bad-b090-c72c63c3b0a9/datanode-0/data/ratis/bf174057-3bfe-4127-bddb-6a85dfbf086b/in_use.lock acquired by nodename 16896@pr-hdds-1950-tl9pt-285257851
2019-08-21 06:47:47,117 | INFO  | SCMAudit | user=jenkins1000 | ip=192.168.69.98 | op=SEND_HEARTBEAT {datanodeUUID=2440a51f-3981-4500-9b25-8137dd33ecb0, command=[]} | ret=SUCCESS |  
2019-08-21 06:47:47,309 | INFO  | SCMAudit | user=jenkins1000 | ip=192.168.69.98 | op=SEND_HEARTBEAT {datanodeUUID=eea1d4b5-a777-41a4-8ddf-56dc853fc369, command=[]} | ret=SUCCESS |  
2019-08-21 06:47:47,434 [main] INFO  ozone.MiniOzoneClusterImpl (MiniOzoneClusterImpl.java:lambda$waitForClusterToBeReady$0(142)) - Cluster is ready. Got 7 of 7 DN Heartbeats.
2019-08-21 06:47:47,465 [main] INFO  rpc.RpcClient (RpcClient.java:createVolume(292)) - Creating Volume: testblockoutputstream, with jenkins1000 as owner.
2019-08-21 06:47:47,468 | INFO  | OMAudit | user=jenkins1000 | ip=127.0.0.1 | op=CREATE_VOLUME {admin=jenkins1000, owner=jenkins1000, volume=testblockoutputstream, creationTime=1566370067467, quotaInBytes=1152921504606846976} | ret=SUCCESS |  
2019-08-21 06:47:47,478 | INFO  | OMAudit | user=jenkins1000 | ip=127.0.0.1 | op=READ_VOLUME {volume=testblockoutputstream} | ret=SUCCESS |  
2019-08-21 06:47:47,479 [main] INFO  rpc.RpcClient (RpcClient.java:createBucket(431)) - Creating Bucket: testblockoutputstream/testblockoutputstream, with Versioning false and Storage Type set to DISK and Encryption set to false 
2019-08-21 06:47:47,483 | INFO  | OMAudit | user=jenkins1000 | ip=127.0.0.1 | op=CREATE_BUCKET {volume=testblockoutputstream, bucket=testblockoutputstream, acls=[user:jenkins1000:a[ACCESS], group:default:a[ACCESS]], isVersionEnabled=false, storageType=DISK, creationTime=0} | ret=SUCCESS |  
2019-08-21 06:47:47,485 | INFO  | OMAudit | user=jenkins1000 | ip=127.0.0.1 | op=READ_VOLUME {volume=testblockoutputstream} | ret=SUCCESS |  
2019-08-21 06:47:47,486 | INFO  | OMAudit | user=jenkins1000 | ip=127.0.0.1 | op=READ_BUCKET {volume=testblockoutputstream, bucket=testblockoutputstream} | ret=SUCCESS |  
2019-08-21 06:47:47,785 | INFO  | SCMAudit | user=jenkins1000 | ip=192.168.69.98 | op=SEND_HEARTBEAT {datanodeUUID=7a757e68-43af-46dc-b069-47da6fb40a41, command=[]} | ret=SUCCESS |  
2019-08-21 06:47:47,893 [pool-439-thread-1] INFO  storage.RaftStorage (RaftStorage.java:format(72)) - Storage directory /workdir/hadoop-ozone/integration-test/target/test-dir/MiniOzoneClusterImpl-9ea4e631-3cec-4bad-b090-c72c63c3b0a9/datanode-0/data/ratis/bf174057-3bfe-4127-bddb-6a85dfbf086b has been successfully formatted.
2019-08-21 06:47:47,894 [pool-439-thread-1] INFO  ratis.ContainerStateMachine (ContainerStateMachine.java:loadSnapshot(226)) - group-6A85DFBF086B: The snapshot info is null. Setting the last applied indexto:(t:0, i:~)
2019-08-21 06:47:47,894 [pool-439-thread-1] INFO  server.RaftServerConfigKeys (ConfUtils.java:logGet(43)) - raft.server.leader.election.timeout = 120s (custom)
2019-08-21 06:47:47,894 [pool-439-thread-1] INFO  server.RaftServerConfigKeys (ConfUtils.java:logGet(43)) - raft.server.log.use.memory = false (default)
2019-08-21 06:47:47,894 [pool-439-thread-1] INFO  server.RaftServerConfigKeys (ConfUtils.java:logGet(43)) - raft.server.log.purge.gap = 1000000 (custom)
2019-08-21 06:47:47,895 [pool-439-thread-1] INFO  server.RaftServerConfigKeys (ConfUtils.java:logGet(43)) - raft.server.log.appender.buffer.byte-limit = 33554432 (custom)
2019-08-21 06:47:47,895 [pool-439-thread-1] INFO  server.RaftServerConfigKeys (ConfUtils.java:logGet(43)) - raft.server.log.segment.size.max = 1048576 (custom)
2019-08-21 06:47:47,895 [pool-439-thread-1] INFO  server.RaftServerConfigKeys (ConfUtils.java:logGet(43)) - raft.server.log.segment.cache.num.max = 2 (custom)
2019-08-21 06:47:47,895 [pool-439-thread-1] INFO  segmented.SegmentedRaftLogWorker (SegmentedRaftLogWorker.java:<init>(172)) - new 2440a51f-3981-4500-9b25-8137dd33ecb0-SegmentedRaftLogWorker:Storage Directory /workdir/hadoop-ozone/integration-test/target/test-dir/MiniOzoneClusterImpl-9ea4e631-3cec-4bad-b090-c72c63c3b0a9/datanode-0/data/ratis/bf174057-3bfe-4127-bddb-6a85dfbf086b for RaftStorage:Storage Directory /workdir/hadoop-ozone/integration-test/target/test-dir/MiniOzoneClusterImpl-9ea4e631-3cec-4bad-b090-c72c63c3b0a9/datanode-0/data/ratis/bf174057-3bfe-4127-bddb-6a85dfbf086b
2019-08-21 06:47:47,895 [pool-439-thread-1] INFO  server.RaftServerConfigKeys (ConfUtils.java:logGet(43)) - raft.server.log.queue.byte-limit = 2147483647 (custom)
2019-08-21 06:47:47,896 [pool-439-thread-1] INFO  server.RaftServerConfigKeys (ConfUtils.java:logGet(43)) - raft.server.log.queue.element-limit = 1024 (custom)
2019-08-21 06:47:47,896 [pool-439-thread-1] INFO  server.RaftServerConfigKeys (ConfUtils.java:logGet(43)) - raft.server.log.segment.size.max = 1048576 (custom)
2019-08-21 06:47:47,896 [pool-439-thread-1] INFO  server.RaftServerConfigKeys (ConfUtils.java:logGet(43)) - raft.server.log.preallocated.size = 16384 (custom)
2019-08-21 06:47:47,896 [pool-439-thread-1] INFO  server.RaftServerConfigKeys (ConfUtils.java:logGet(43)) - raft.server.log.write.buffer.size = 33554432 (custom)
2019-08-21 06:47:47,896 [pool-439-thread-1] INFO  server.RaftServerConfigKeys (ConfUtils.java:logGet(43)) - raft.server.log.force.sync.num = 128 (default)
2019-08-21 06:47:47,897 [pool-439-thread-1] INFO  server.RaftServerConfigKeys (ConfUtils.java:logGet(43)) - raft.server.log.statemachine.data.sync = true (default)
2019-08-21 06:47:47,897 [pool-439-thread-1] INFO  server.RaftServerConfigKeys (ConfUtils.java:logGet(43)) - raft.server.log.statemachine.data.sync.timeout = 10s (default)
2019-08-21 06:47:47,897 [pool-439-thread-1] INFO  server.RaftServerConfigKeys (ConfUtils.java:logGet(43)) - raft.server.log.statemachine.data.sync.timeout.retry = -1 (default)
2019-08-21 06:47:47,897 [pool-439-thread-1] INFO  server.RaftServerConfigKeys (ConfUtils.java:logGet(43)) - raft.server.log.statemachine.data.caching.enabled = true (custom)
2019-08-21 06:47:47,898 [pool-439-thread-1] INFO  segmented.SegmentedRaftLogWorker (SegmentedRaftLogWorker.java:lambda$new$0(132)) - 2440a51f-3981-4500-9b25-8137dd33ecb0-SegmentedRaftLogWorker:Storage Directory /workdir/hadoop-ozone/integration-test/target/test-dir/MiniOzoneClusterImpl-9ea4e631-3cec-4bad-b090-c72c63c3b0a9/datanode-0/data/ratis/bf174057-3bfe-4127-bddb-6a85dfbf086b: flushIndex: setUnconditionally 0 -> -1
2019-08-21 06:47:47,898 [pool-439-thread-1] INFO  server.RaftServerConfigKeys (ConfUtils.java:logGet(43)) - raft.server.snapshot.auto.trigger.enabled = true (custom)
2019-08-21 06:47:47,899 [pool-439-thread-1] INFO  server.RaftServerConfigKeys (ConfUtils.java:logGet(43)) - raft.server.snapshot.auto.trigger.threshold = 10000 (custom)
2019-08-21 06:47:47,899 [pool-439-thread-1] INFO  server.RaftServerConfigKeys (ConfUtils.java:logGet(43)) - raft.server.retrycache.expirytime = 600000ms (custom)
2019-08-21 06:47:47,899 [pool-439-thread-1] INFO  impl.RaftServerImpl (RaftServerImpl.java:start(180)) - 2440a51f-3981-4500-9b25-8137dd33ecb0: start group-6A85DFBF086B
2019-08-21 06:47:47,899 [pool-439-thread-1] INFO  impl.RaftServerImpl (RaftServerImpl.java:setRole(171)) - 2440a51f-3981-4500-9b25-8137dd33ecb0:group-6A85DFBF086B changes role from null to FOLLOWER at term 0 for startAsFollower
2019-08-21 06:47:47,899 [pool-439-thread-1] INFO  impl.RoleInfo (RoleInfo.java:updateAndGet(143)) - 2440a51f-3981-4500-9b25-8137dd33ecb0: start FollowerState
2019-08-21 06:47:47,901 [pool-439-thread-1] INFO  util.JmxRegister (JmxRegister.java:tryRegister(44)) - Successfully registered JMX Bean with object name Ratis:service=RaftServer,group=group-6A85DFBF086B,id=2440a51f-3981-4500-9b25-8137dd33ecb0
2019-08-21 06:47:47,909 [RatisPipelineUtilsThread] INFO  pipeline.PipelineStateManager (PipelineStateManager.java:addPipeline(56)) - Created pipeline Pipeline[ Id: bf174057-3bfe-4127-bddb-6a85dfbf086b, Nodes: 2440a51f-3981-4500-9b25-8137dd33ecb0{ip: 192.168.69.98, host: pr-hdds-1950-tl9pt-285257851, networkLocation: /default-rack, certSerialId: null}, Type:RATIS, Factor:ONE, State:OPEN]
2019-08-21 06:47:47,917 [grpc-default-executor-10] INFO  impl.RaftServerProxy (RaftServerProxy.java:addNew(89)) - eea1d4b5-a777-41a4-8ddf-56dc853fc369: addNew group-51B5A05D8937:[eea1d4b5-a777-41a4-8ddf-56dc853fc369:192.168.69.98:46481] returns group-51B5A05D8937:java.util.concurrent.CompletableFuture@34b4b4df[Not completed]
2019-08-21 06:47:47,918 [pool-450-thread-1] INFO  impl.RaftServerImpl (RaftServerImpl.java:<init>(93)) - eea1d4b5-a777-41a4-8ddf-56dc853fc369: new RaftServerImpl for group-51B5A05D8937:[eea1d4b5-a777-41a4-8ddf-56dc853fc369:192.168.69.98:46481] with ContainerStateMachine:uninitialized
2019-08-21 06:47:47,919 [pool-450-thread-1] INFO  server.RaftServerConfigKeys (ConfUtils.java:logGet(43)) - raft.server.rpc.timeout.min = 5s (custom)
2019-08-21 06:47:47,919 [pool-450-thread-1] INFO  server.RaftServerConfigKeys (ConfUtils.java:logGet(43)) - raft.server.rpc.timeout.max = 5200ms (custom)
2019-08-21 06:47:47,919 [pool-450-thread-1] INFO  server.RaftServerConfigKeys (ConfUtils.java:logGet(43)) - raft.server.rpcslowness.timeout = 120s (custom)
2019-08-21 06:47:47,919 [pool-450-thread-1] INFO  server.RaftServerConfigKeys (ConfUtils.java:logGet(43)) - raft.server.sleep.deviation.threshold = 300 (default)
2019-08-21 06:47:47,919 [pool-450-thread-1] INFO  server.RaftServerConfigKeys (ConfUtils.java:logGet(43)) - raft.server.log.appender.install.snapshot.enabled = false (custom)
2019-08-21 06:47:47,919 [pool-450-thread-1] INFO  impl.RaftServerImpl (ServerState.java:<init>(105)) - eea1d4b5-a777-41a4-8ddf-56dc853fc369:group-51B5A05D8937 ConfigurationManager, init=-1: [eea1d4b5-a777-41a4-8ddf-56dc853fc369:192.168.69.98:46481], old=null, confs=<EMPTY_MAP>
2019-08-21 06:47:47,919 [pool-450-thread-1] INFO  server.RaftServerConfigKeys (ConfUtils.java:logGet(43)) - raft.server.storage.dir = [/workdir/hadoop-ozone/integration-test/target/test-dir/MiniOzoneClusterImpl-9ea4e631-3cec-4bad-b090-c72c63c3b0a9/datanode-1/data/ratis] (custom)
2019-08-21 06:47:47,920 [pool-450-thread-1] INFO  storage.RaftStorageDirectory (RaftStorageDirectory.java:analyzeStorage(246)) - The storage directory /workdir/hadoop-ozone/integration-test/target/test-dir/MiniOzoneClusterImpl-9ea4e631-3cec-4bad-b090-c72c63c3b0a9/datanode-1/data/ratis/3804a164-59ea-4238-8f35-51b5a05d8937 does not exist. Creating ...
2019-08-21 06:47:47,947 | INFO  | SCMAudit | user=jenkins1000 | ip=192.168.69.98 | op=SEND_HEARTBEAT {datanodeUUID=4e78e98f-ea0c-4fff-97d6-9ba7960c8323, command=[]} | ret=SUCCESS |  
2019-08-21 06:47:48,108 | INFO  | SCMAudit | user=jenkins1000 | ip=192.168.69.98 | op=SEND_HEARTBEAT {datanodeUUID=9ffd4868-4ba9-44e7-9a03-c837b7b77730, command=[]} | ret=SUCCESS |  
2019-08-21 06:47:48,116 | INFO  | SCMAudit | user=jenkins1000 | ip=192.168.69.98 | op=SEND_HEARTBEAT {datanodeUUID=2440a51f-3981-4500-9b25-8137dd33ecb0, command=[]} | ret=SUCCESS |  
2019-08-21 06:47:48,138 [Thread-3509] INFO  container.ReplicationManager (ReplicationManager.java:start(152)) - Starting Replication Monitor Thread.
2019-08-21 06:47:48,142 [ReplicationMonitor] INFO  container.ReplicationManager (ReplicationManager.java:run(215)) - Replication Monitor Thread took 0 milliseconds for processing 0 containers.
2019-08-21 06:47:48,277 | INFO  | SCMAudit | user=jenkins1000 | ip=192.168.69.98 | op=SEND_HEARTBEAT {datanodeUUID=20fa16c8-b149-4c5b-b4f9-9fafb5a1985f, command=[]} | ret=SUCCESS |  
2019-08-21 06:47:48,310 | INFO  | SCMAudit | user=jenkins1000 | ip=192.168.69.98 | op=SEND_HEARTBEAT {datanodeUUID=eea1d4b5-a777-41a4-8ddf-56dc853fc369, command=[]} | ret=SUCCESS |  
2019-08-21 06:47:48,435 | INFO  | SCMAudit | user=jenkins1000 | ip=192.168.69.98 | op=SEND_HEARTBEAT {datanodeUUID=f6cbc464-63a1-4ed5-a6d3-94f3823a1413, command=[]} | ret=SUCCESS |  
2019-08-21 06:47:48,785 | INFO  | SCMAudit | user=jenkins1000 | ip=192.168.69.98 | op=SEND_HEARTBEAT {datanodeUUID=7a757e68-43af-46dc-b069-47da6fb40a41, command=[]} | ret=SUCCESS |  
2019-08-21 06:47:48,947 | INFO  | SCMAudit | user=jenkins1000 | ip=192.168.69.98 | op=SEND_HEARTBEAT {datanodeUUID=4e78e98f-ea0c-4fff-97d6-9ba7960c8323, command=[]} | ret=SUCCESS |  
2019-08-21 06:47:49,108 | INFO  | SCMAudit | user=jenkins1000 | ip=192.168.69.98 | op=SEND_HEARTBEAT {datanodeUUID=9ffd4868-4ba9-44e7-9a03-c837b7b77730, command=[]} | ret=SUCCESS |  
2019-08-21 06:47:49,116 | INFO  | SCMAudit | user=jenkins1000 | ip=192.168.69.98 | op=SEND_HEARTBEAT {datanodeUUID=2440a51f-3981-4500-9b25-8137dd33ecb0, command=[]} | ret=SUCCESS |  
2019-08-21 06:47:49,140 [pool-450-thread-1] INFO  storage.RaftStorageDirectory (RaftStorageDirectory.java:tryLock(328)) - Lock on /workdir/hadoop-ozone/integration-test/target/test-dir/MiniOzoneClusterImpl-9ea4e631-3cec-4bad-b090-c72c63c3b0a9/datanode-1/data/ratis/3804a164-59ea-4238-8f35-51b5a05d8937/in_use.lock acquired by nodename 16896@pr-hdds-1950-tl9pt-285257851
2019-08-21 06:47:49,276 | INFO  | SCMAudit | user=jenkins1000 | ip=192.168.69.98 | op=SEND_HEARTBEAT {datanodeUUID=20fa16c8-b149-4c5b-b4f9-9fafb5a1985f, command=[]} | ret=SUCCESS |  
2019-08-21 06:47:49,311 | INFO  | SCMAudit | user=jenkins1000 | ip=192.168.69.98 | op=SEND_HEARTBEAT {datanodeUUID=eea1d4b5-a777-41a4-8ddf-56dc853fc369, command=[]} | ret=SUCCESS |  
2019-08-21 06:47:49,435 | INFO  | SCMAudit | user=jenkins1000 | ip=192.168.69.98 | op=SEND_HEARTBEAT {datanodeUUID=f6cbc464-63a1-4ed5-a6d3-94f3823a1413, command=[]} | ret=SUCCESS |  
2019-08-21 06:47:49,786 | INFO  | SCMAudit | user=jenkins1000 | ip=192.168.69.98 | op=SEND_HEARTBEAT {datanodeUUID=7a757e68-43af-46dc-b069-47da6fb40a41, command=[]} | ret=SUCCESS |  
2019-08-21 06:47:49,947 | INFO  | SCMAudit | user=jenkins1000 | ip=192.168.69.98 | op=SEND_HEARTBEAT {datanodeUUID=4e78e98f-ea0c-4fff-97d6-9ba7960c8323, command=[]} | ret=SUCCESS |  
2019-08-21 06:47:50,108 | INFO  | SCMAudit | user=jenkins1000 | ip=192.168.69.98 | op=SEND_HEARTBEAT {datanodeUUID=9ffd4868-4ba9-44e7-9a03-c837b7b77730, command=[]} | ret=SUCCESS |  
2019-08-21 06:47:50,116 | INFO  | SCMAudit | user=jenkins1000 | ip=192.168.69.98 | op=SEND_HEARTBEAT {datanodeUUID=2440a51f-3981-4500-9b25-8137dd33ecb0, command=[]} | ret=SUCCESS |  
2019-08-21 06:47:50,276 | INFO  | SCMAudit | user=jenkins1000 | ip=192.168.69.98 | op=SEND_HEARTBEAT {datanodeUUID=20fa16c8-b149-4c5b-b4f9-9fafb5a1985f, command=[]} | ret=SUCCESS |  
2019-08-21 06:47:50,299 [pool-450-thread-1] INFO  storage.RaftStorage (RaftStorage.java:format(72)) - Storage directory /workdir/hadoop-ozone/integration-test/target/test-dir/MiniOzoneClusterImpl-9ea4e631-3cec-4bad-b090-c72c63c3b0a9/datanode-1/data/ratis/3804a164-59ea-4238-8f35-51b5a05d8937 has been successfully formatted.
2019-08-21 06:47:50,300 [pool-450-thread-1] INFO  ratis.ContainerStateMachine (ContainerStateMachine.java:loadSnapshot(226)) - group-51B5A05D8937: The snapshot info is null. Setting the last applied indexto:(t:0, i:~)
2019-08-21 06:47:50,300 [pool-450-thread-1] INFO  server.RaftServerConfigKeys (ConfUtils.java:logGet(43)) - raft.server.leader.election.timeout = 120s (custom)
2019-08-21 06:47:50,300 [pool-450-thread-1] INFO  server.RaftServerConfigKeys (ConfUtils.java:logGet(43)) - raft.server.log.use.memory = false (default)
2019-08-21 06:47:50,300 [pool-450-thread-1] INFO  server.RaftServerConfigKeys (ConfUtils.java:logGet(43)) - raft.server.log.purge.gap = 1000000 (custom)
2019-08-21 06:47:50,300 [pool-450-thread-1] INFO  server.RaftServerConfigKeys (ConfUtils.java:logGet(43)) - raft.server.log.appender.buffer.byte-limit = 33554432 (custom)
2019-08-21 06:47:50,301 [pool-450-thread-1] INFO  server.RaftServerConfigKeys (ConfUtils.java:logGet(43)) - raft.server.log.segment.size.max = 1048576 (custom)
2019-08-21 06:47:50,301 [pool-450-thread-1] INFO  server.RaftServerConfigKeys (ConfUtils.java:logGet(43)) - raft.server.log.segment.cache.num.max = 2 (custom)
2019-08-21 06:47:50,301 [pool-450-thread-1] INFO  segmented.SegmentedRaftLogWorker (SegmentedRaftLogWorker.java:<init>(172)) - new eea1d4b5-a777-41a4-8ddf-56dc853fc369-SegmentedRaftLogWorker:Storage Directory /workdir/hadoop-ozone/integration-test/target/test-dir/MiniOzoneClusterImpl-9ea4e631-3cec-4bad-b090-c72c63c3b0a9/datanode-1/data/ratis/3804a164-59ea-4238-8f35-51b5a05d8937 for RaftStorage:Storage Directory /workdir/hadoop-ozone/integration-test/target/test-dir/MiniOzoneClusterImpl-9ea4e631-3cec-4bad-b090-c72c63c3b0a9/datanode-1/data/ratis/3804a164-59ea-4238-8f35-51b5a05d8937
2019-08-21 06:47:50,301 [pool-450-thread-1] INFO  server.RaftServerConfigKeys (ConfUtils.java:logGet(43)) - raft.server.log.queue.byte-limit = 2147483647 (custom)
2019-08-21 06:47:50,301 [pool-450-thread-1] INFO  server.RaftServerConfigKeys (ConfUtils.java:logGet(43)) - raft.server.log.queue.element-limit = 1024 (custom)
2019-08-21 06:47:50,302 [pool-450-thread-1] INFO  server.RaftServerConfigKeys (ConfUtils.java:logGet(43)) - raft.server.log.segment.size.max = 1048576 (custom)
2019-08-21 06:47:50,302 [pool-450-thread-1] INFO  server.RaftServerConfigKeys (ConfUtils.java:logGet(43)) - raft.server.log.preallocated.size = 16384 (custom)
2019-08-21 06:47:50,302 [pool-450-thread-1] INFO  server.RaftServerConfigKeys (ConfUtils.java:logGet(43)) - raft.server.log.write.buffer.size = 33554432 (custom)
2019-08-21 06:47:50,302 [pool-450-thread-1] INFO  server.RaftServerConfigKeys (ConfUtils.java:logGet(43)) - raft.server.log.force.sync.num = 128 (default)
2019-08-21 06:47:50,302 [pool-450-thread-1] INFO  server.RaftServerConfigKeys (ConfUtils.java:logGet(43)) - raft.server.log.statemachine.data.sync = true (default)
2019-08-21 06:47:50,302 [pool-450-thread-1] INFO  server.RaftServerConfigKeys (ConfUtils.java:logGet(43)) - raft.server.log.statemachine.data.sync.timeout = 10s (default)
2019-08-21 06:47:50,302 [pool-450-thread-1] INFO  server.RaftServerConfigKeys (ConfUtils.java:logGet(43)) - raft.server.log.statemachine.data.sync.timeout.retry = -1 (default)
2019-08-21 06:47:50,303 [pool-450-thread-1] INFO  server.RaftServerConfigKeys (ConfUtils.java:logGet(43)) - raft.server.log.statemachine.data.caching.enabled = true (custom)
2019-08-21 06:47:50,303 [pool-450-thread-1] INFO  segmented.SegmentedRaftLogWorker (SegmentedRaftLogWorker.java:lambda$new$0(132)) - eea1d4b5-a777-41a4-8ddf-56dc853fc369-SegmentedRaftLogWorker:Storage Directory /workdir/hadoop-ozone/integration-test/target/test-dir/MiniOzoneClusterImpl-9ea4e631-3cec-4bad-b090-c72c63c3b0a9/datanode-1/data/ratis/3804a164-59ea-4238-8f35-51b5a05d8937: flushIndex: setUnconditionally 0 -> -1
2019-08-21 06:47:50,303 [pool-450-thread-1] INFO  server.RaftServerConfigKeys (ConfUtils.java:logGet(43)) - raft.server.snapshot.auto.trigger.enabled = true (custom)
2019-08-21 06:47:50,304 [pool-450-thread-1] INFO  server.RaftServerConfigKeys (ConfUtils.java:logGet(43)) - raft.server.snapshot.auto.trigger.threshold = 10000 (custom)
2019-08-21 06:47:50,304 [pool-450-thread-1] INFO  server.RaftServerConfigKeys (ConfUtils.java:logGet(43)) - raft.server.retrycache.expirytime = 600000ms (custom)
2019-08-21 06:47:50,304 [pool-450-thread-1] INFO  impl.RaftServerImpl (RaftServerImpl.java:start(180)) - eea1d4b5-a777-41a4-8ddf-56dc853fc369: start group-51B5A05D8937
2019-08-21 06:47:50,304 [pool-450-thread-1] INFO  impl.RaftServerImpl (RaftServerImpl.java:setRole(171)) - eea1d4b5-a777-41a4-8ddf-56dc853fc369:group-51B5A05D8937 changes role from null to FOLLOWER at term 0 for startAsFollower
2019-08-21 06:47:50,305 [pool-450-thread-1] INFO  impl.RoleInfo (RoleInfo.java:updateAndGet(143)) - eea1d4b5-a777-41a4-8ddf-56dc853fc369: start FollowerState
2019-08-21 06:47:50,305 [pool-450-thread-1] INFO  util.JmxRegister (JmxRegister.java:tryRegister(44)) - Successfully registered JMX Bean with object name Ratis:service=RaftServer,group=group-51B5A05D8937,id=eea1d4b5-a777-41a4-8ddf-56dc853fc369
2019-08-21 06:47:50,311 | INFO  | SCMAudit | user=jenkins1000 | ip=192.168.69.98 | op=SEND_HEARTBEAT {datanodeUUID=eea1d4b5-a777-41a4-8ddf-56dc853fc369, command=[]} | ret=SUCCESS |  
2019-08-21 06:47:50,312 [RatisPipelineUtilsThread] INFO  pipeline.PipelineStateManager (PipelineStateManager.java:addPipeline(56)) - Created pipeline Pipeline[ Id: 3804a164-59ea-4238-8f35-51b5a05d8937, Nodes: eea1d4b5-a777-41a4-8ddf-56dc853fc369{ip: 192.168.69.98, host: pr-hdds-1950-tl9pt-285257851, networkLocation: /default-rack, certSerialId: null}, Type:RATIS, Factor:ONE, State:OPEN]
2019-08-21 06:47:50,319 [grpc-default-executor-10] INFO  impl.RaftServerProxy (RaftServerProxy.java:addNew(89)) - f6cbc464-63a1-4ed5-a6d3-94f3823a1413: addNew group-8D6500FCB730:[f6cbc464-63a1-4ed5-a6d3-94f3823a1413:192.168.69.98:33619] returns group-8D6500FCB730:java.util.concurrent.CompletableFuture@714cfd3d[Not completed]
2019-08-21 06:47:50,320 [pool-505-thread-1] INFO  impl.RaftServerImpl (RaftServerImpl.java:<init>(93)) - f6cbc464-63a1-4ed5-a6d3-94f3823a1413: new RaftServerImpl for group-8D6500FCB730:[f6cbc464-63a1-4ed5-a6d3-94f3823a1413:192.168.69.98:33619] with ContainerStateMachine:uninitialized
2019-08-21 06:47:50,321 [pool-505-thread-1] INFO  server.RaftServerConfigKeys (ConfUtils.java:logGet(43)) - raft.server.rpc.timeout.min = 5s (custom)
2019-08-21 06:47:50,321 [pool-505-thread-1] INFO  server.RaftServerConfigKeys (ConfUtils.java:logGet(43)) - raft.server.rpc.timeout.max = 5200ms (custom)
2019-08-21 06:47:50,321 [pool-505-thread-1] INFO  server.RaftServerConfigKeys (ConfUtils.java:logGet(43)) - raft.server.rpcslowness.timeout = 120s (custom)
2019-08-21 06:47:50,321 [pool-505-thread-1] INFO  server.RaftServerConfigKeys (ConfUtils.java:logGet(43)) - raft.server.sleep.deviation.threshold = 300 (default)
2019-08-21 06:47:50,321 [pool-505-thread-1] INFO  server.RaftServerConfigKeys (ConfUtils.java:logGet(43)) - raft.server.log.appender.install.snapshot.enabled = false (custom)
2019-08-21 06:47:50,321 [pool-505-thread-1] INFO  impl.RaftServerImpl (ServerState.java:<init>(105)) - f6cbc464-63a1-4ed5-a6d3-94f3823a1413:group-8D6500FCB730 ConfigurationManager, init=-1: [f6cbc464-63a1-4ed5-a6d3-94f3823a1413:192.168.69.98:33619], old=null, confs=<EMPTY_MAP>
2019-08-21 06:47:50,322 [pool-505-thread-1] INFO  server.RaftServerConfigKeys (ConfUtils.java:logGet(43)) - raft.server.storage.dir = [/workdir/hadoop-ozone/integration-test/target/test-dir/MiniOzoneClusterImpl-9ea4e631-3cec-4bad-b090-c72c63c3b0a9/datanode-6/data/ratis] (custom)
2019-08-21 06:47:50,322 [pool-505-thread-1] INFO  storage.RaftStorageDirectory (RaftStorageDirectory.java:analyzeStorage(246)) - The storage directory /workdir/hadoop-ozone/integration-test/target/test-dir/MiniOzoneClusterImpl-9ea4e631-3cec-4bad-b090-c72c63c3b0a9/datanode-6/data/ratis/06d8906b-adc0-4114-8504-8d6500fcb730 does not exist. Creating ...
2019-08-21 06:47:50,429 [pool-505-thread-1] INFO  storage.RaftStorageDirectory (RaftStorageDirectory.java:tryLock(328)) - Lock on /workdir/hadoop-ozone/integration-test/target/test-dir/MiniOzoneClusterImpl-9ea4e631-3cec-4bad-b090-c72c63c3b0a9/datanode-6/data/ratis/06d8906b-adc0-4114-8504-8d6500fcb730/in_use.lock acquired by nodename 16896@pr-hdds-1950-tl9pt-285257851
2019-08-21 06:47:50,435 | INFO  | SCMAudit | user=jenkins1000 | ip=192.168.69.98 | op=SEND_HEARTBEAT {datanodeUUID=f6cbc464-63a1-4ed5-a6d3-94f3823a1413, command=[]} | ret=SUCCESS |  
2019-08-21 06:47:50,439 [pool-505-thread-1] INFO  storage.RaftStorage (RaftStorage.java:format(72)) - Storage directory /workdir/hadoop-ozone/integration-test/target/test-dir/MiniOzoneClusterImpl-9ea4e631-3cec-4bad-b090-c72c63c3b0a9/datanode-6/data/ratis/06d8906b-adc0-4114-8504-8d6500fcb730 has been successfully formatted.
2019-08-21 06:47:50,440 [pool-505-thread-1] INFO  ratis.ContainerStateMachine (ContainerStateMachine.java:loadSnapshot(226)) - group-8D6500FCB730: The snapshot info is null. Setting the last applied indexto:(t:0, i:~)
2019-08-21 06:47:50,440 [pool-505-thread-1] INFO  server.RaftServerConfigKeys (ConfUtils.java:logGet(43)) - raft.server.leader.election.timeout = 120s (custom)
2019-08-21 06:47:50,440 [pool-505-thread-1] INFO  server.RaftServerConfigKeys (ConfUtils.java:logGet(43)) - raft.server.log.use.memory = false (default)
2019-08-21 06:47:50,440 [pool-505-thread-1] INFO  server.RaftServerConfigKeys (ConfUtils.java:logGet(43)) - raft.server.log.purge.gap = 1000000 (custom)
2019-08-21 06:47:50,440 [pool-505-thread-1] INFO  server.RaftServerConfigKeys (ConfUtils.java:logGet(43)) - raft.server.log.appender.buffer.byte-limit = 33554432 (custom)
2019-08-21 06:47:50,441 [pool-505-thread-1] INFO  server.RaftServerConfigKeys (ConfUtils.java:logGet(43)) - raft.server.log.segment.size.max = 1048576 (custom)
2019-08-21 06:47:50,441 [pool-505-thread-1] INFO  server.RaftServerConfigKeys (ConfUtils.java:logGet(43)) - raft.server.log.segment.cache.num.max = 2 (custom)
2019-08-21 06:47:50,441 [pool-505-thread-1] INFO  segmented.SegmentedRaftLogWorker (SegmentedRaftLogWorker.java:<init>(172)) - new f6cbc464-63a1-4ed5-a6d3-94f3823a1413-SegmentedRaftLogWorker:Storage Directory /workdir/hadoop-ozone/integration-test/target/test-dir/MiniOzoneClusterImpl-9ea4e631-3cec-4bad-b090-c72c63c3b0a9/datanode-6/data/ratis/06d8906b-adc0-4114-8504-8d6500fcb730 for RaftStorage:Storage Directory /workdir/hadoop-ozone/integration-test/target/test-dir/MiniOzoneClusterImpl-9ea4e631-3cec-4bad-b090-c72c63c3b0a9/datanode-6/data/ratis/06d8906b-adc0-4114-8504-8d6500fcb730
2019-08-21 06:47:50,441 [pool-505-thread-1] INFO  server.RaftServerConfigKeys (ConfUtils.java:logGet(43)) - raft.server.log.queue.byte-limit = 2147483647 (custom)
2019-08-21 06:47:50,441 [pool-505-thread-1] INFO  server.RaftServerConfigKeys (ConfUtils.java:logGet(43)) - raft.server.log.queue.element-limit = 1024 (custom)
2019-08-21 06:47:50,442 [pool-505-thread-1] INFO  server.RaftServerConfigKeys (ConfUtils.java:logGet(43)) - raft.server.log.segment.size.max = 1048576 (custom)
2019-08-21 06:47:50,442 [pool-505-thread-1] INFO  server.RaftServerConfigKeys (ConfUtils.java:logGet(43)) - raft.server.log.preallocated.size = 16384 (custom)
2019-08-21 06:47:50,442 [pool-505-thread-1] INFO  server.RaftServerConfigKeys (ConfUtils.java:logGet(43)) - raft.server.log.write.buffer.size = 33554432 (custom)
2019-08-21 06:47:50,442 [pool-505-thread-1] INFO  server.RaftServerConfigKeys (ConfUtils.java:logGet(43)) - raft.server.log.force.sync.num = 128 (default)
2019-08-21 06:47:50,442 [pool-505-thread-1] INFO  server.RaftServerConfigKeys (ConfUtils.java:logGet(43)) - raft.server.log.statemachine.data.sync = true (default)
2019-08-21 06:47:50,442 [pool-505-thread-1] INFO  server.RaftServerConfigKeys (ConfUtils.java:logGet(43)) - raft.server.log.statemachine.data.sync.timeout = 10s (default)
2019-08-21 06:47:50,443 [pool-505-thread-1] INFO  server.RaftServerConfigKeys (ConfUtils.java:logGet(43)) - raft.server.log.statemachine.data.sync.timeout.retry = -1 (default)
2019-08-21 06:47:50,443 [pool-505-thread-1] INFO  server.RaftServerConfigKeys (ConfUtils.java:logGet(43)) - raft.server.log.statemachine.data.caching.enabled = true (custom)
2019-08-21 06:47:50,443 [pool-505-thread-1] INFO  segmented.SegmentedRaftLogWorker (SegmentedRaftLogWorker.java:lambda$new$0(132)) - f6cbc464-63a1-4ed5-a6d3-94f3823a1413-SegmentedRaftLogWorker:Storage Directory /workdir/hadoop-ozone/integration-test/target/test-dir/MiniOzoneClusterImpl-9ea4e631-3cec-4bad-b090-c72c63c3b0a9/datanode-6/data/ratis/06d8906b-adc0-4114-8504-8d6500fcb730: flushIndex: setUnconditionally 0 -> -1
2019-08-21 06:47:50,444 [pool-505-thread-1] INFO  server.RaftServerConfigKeys (ConfUtils.java:logGet(43)) - raft.server.snapshot.auto.trigger.enabled = true (custom)
2019-08-21 06:47:50,444 [pool-505-thread-1] INFO  server.RaftServerConfigKeys (ConfUtils.java:logGet(43)) - raft.server.snapshot.auto.trigger.threshold = 10000 (custom)
2019-08-21 06:47:50,444 [pool-505-thread-1] INFO  server.RaftServerConfigKeys (ConfUtils.java:logGet(43)) - raft.server.retrycache.expirytime = 600000ms (custom)
2019-08-21 06:47:50,444 [pool-505-thread-1] INFO  impl.RaftServerImpl (RaftServerImpl.java:start(180)) - f6cbc464-63a1-4ed5-a6d3-94f3823a1413: start group-8D6500FCB730
2019-08-21 06:47:50,444 [pool-505-thread-1] INFO  impl.RaftServerImpl (RaftServerImpl.java:setRole(171)) - f6cbc464-63a1-4ed5-a6d3-94f3823a1413:group-8D6500FCB730 changes role from null to FOLLOWER at term 0 for startAsFollower
2019-08-21 06:47:50,445 [pool-505-thread-1] INFO  impl.RoleInfo (RoleInfo.java:updateAndGet(143)) - f6cbc464-63a1-4ed5-a6d3-94f3823a1413: start FollowerState
2019-08-21 06:47:50,445 [pool-505-thread-1] INFO  util.JmxRegister (JmxRegister.java:tryRegister(44)) - Successfully registered JMX Bean with object name Ratis:service=RaftServer,group=group-8D6500FCB730,id=f6cbc464-63a1-4ed5-a6d3-94f3823a1413
2019-08-21 06:47:50,451 [RatisPipelineUtilsThread] INFO  pipeline.PipelineStateManager (PipelineStateManager.java:addPipeline(56)) - Created pipeline Pipeline[ Id: 06d8906b-adc0-4114-8504-8d6500fcb730, Nodes: f6cbc464-63a1-4ed5-a6d3-94f3823a1413{ip: 192.168.69.98, host: pr-hdds-1950-tl9pt-285257851, networkLocation: /default-rack, certSerialId: null}, Type:RATIS, Factor:ONE, State:OPEN]
2019-08-21 06:47:50,457 [grpc-default-executor-10] INFO  impl.RaftServerProxy (RaftServerProxy.java:addNew(89)) - 7a757e68-43af-46dc-b069-47da6fb40a41: addNew group-70C979D1C92C:[7a757e68-43af-46dc-b069-47da6fb40a41:192.168.69.98:36841] returns group-70C979D1C92C:java.util.concurrent.CompletableFuture@4a1cf71c[Not completed]
2019-08-21 06:47:50,459 [pool-461-thread-1] INFO  impl.RaftServerImpl (RaftServerImpl.java:<init>(93)) - 7a757e68-43af-46dc-b069-47da6fb40a41: new RaftServerImpl for group-70C979D1C92C:[7a757e68-43af-46dc-b069-47da6fb40a41:192.168.69.98:36841] with ContainerStateMachine:uninitialized
2019-08-21 06:47:50,459 [pool-461-thread-1] INFO  server.RaftServerConfigKeys (ConfUtils.java:logGet(43)) - raft.server.rpc.timeout.min = 5s (custom)
2019-08-21 06:47:50,459 [pool-461-thread-1] INFO  server.RaftServerConfigKeys (ConfUtils.java:logGet(43)) - raft.server.rpc.timeout.max = 5200ms (custom)
2019-08-21 06:47:50,459 [pool-461-thread-1] INFO  server.RaftServerConfigKeys (ConfUtils.java:logGet(43)) - raft.server.rpcslowness.timeout = 120s (custom)
2019-08-21 06:47:50,459 [pool-461-thread-1] INFO  server.RaftServerConfigKeys (ConfUtils.java:logGet(43)) - raft.server.sleep.deviation.threshold = 300 (default)
2019-08-21 06:47:50,459 [pool-461-thread-1] INFO  server.RaftServerConfigKeys (ConfUtils.java:logGet(43)) - raft.server.log.appender.install.snapshot.enabled = false (custom)
2019-08-21 06:47:50,459 [pool-461-thread-1] INFO  impl.RaftServerImpl (ServerState.java:<init>(105)) - 7a757e68-43af-46dc-b069-47da6fb40a41:group-70C979D1C92C ConfigurationManager, init=-1: [7a757e68-43af-46dc-b069-47da6fb40a41:192.168.69.98:36841], old=null, confs=<EMPTY_MAP>
2019-08-21 06:47:50,460 [pool-461-thread-1] INFO  server.RaftServerConfigKeys (ConfUtils.java:logGet(43)) - raft.server.storage.dir = [/workdir/hadoop-ozone/integration-test/target/test-dir/MiniOzoneClusterImpl-9ea4e631-3cec-4bad-b090-c72c63c3b0a9/datanode-2/data/ratis] (custom)
2019-08-21 06:47:50,460 [pool-461-thread-1] INFO  storage.RaftStorageDirectory (RaftStorageDirectory.java:analyzeStorage(246)) - The storage directory /workdir/hadoop-ozone/integration-test/target/test-dir/MiniOzoneClusterImpl-9ea4e631-3cec-4bad-b090-c72c63c3b0a9/datanode-2/data/ratis/43a20301-231a-4bf5-9a65-70c979d1c92c does not exist. Creating ...
2019-08-21 06:47:50,464 [pool-461-thread-1] INFO  storage.RaftStorageDirectory (RaftStorageDirectory.java:tryLock(328)) - Lock on /workdir/hadoop-ozone/integration-test/target/test-dir/MiniOzoneClusterImpl-9ea4e631-3cec-4bad-b090-c72c63c3b0a9/datanode-2/data/ratis/43a20301-231a-4bf5-9a65-70c979d1c92c/in_use.lock acquired by nodename 16896@pr-hdds-1950-tl9pt-285257851
2019-08-21 06:47:50,469 [pool-461-thread-1] INFO  storage.RaftStorage (RaftStorage.java:format(72)) - Storage directory /workdir/hadoop-ozone/integration-test/target/test-dir/MiniOzoneClusterImpl-9ea4e631-3cec-4bad-b090-c72c63c3b0a9/datanode-2/data/ratis/43a20301-231a-4bf5-9a65-70c979d1c92c has been successfully formatted.
2019-08-21 06:47:50,469 [pool-461-thread-1] INFO  ratis.ContainerStateMachine (ContainerStateMachine.java:loadSnapshot(226)) - group-70C979D1C92C: The snapshot info is null. Setting the last applied indexto:(t:0, i:~)
2019-08-21 06:47:50,469 [pool-461-thread-1] INFO  server.RaftServerConfigKeys (ConfUtils.java:logGet(43)) - raft.server.leader.election.timeout = 120s (custom)
2019-08-21 06:47:50,469 [pool-461-thread-1] INFO  server.RaftServerConfigKeys (ConfUtils.java:logGet(43)) - raft.server.log.use.memory = false (default)
2019-08-21 06:47:50,470 [pool-461-thread-1] INFO  server.RaftServerConfigKeys (ConfUtils.java:logGet(43)) - raft.server.log.purge.gap = 1000000 (custom)
2019-08-21 06:47:50,470 [pool-461-thread-1] INFO  server.RaftServerConfigKeys (ConfUtils.java:logGet(43)) - raft.server.log.appender.buffer.byte-limit = 33554432 (custom)
2019-08-21 06:47:50,470 [pool-461-thread-1] INFO  server.RaftServerConfigKeys (ConfUtils.java:logGet(43)) - raft.server.log.segment.size.max = 1048576 (custom)
2019-08-21 06:47:50,470 [pool-461-thread-1] INFO  server.RaftServerConfigKeys (ConfUtils.java:logGet(43)) - raft.server.log.segment.cache.num.max = 2 (custom)
2019-08-21 06:47:50,470 [pool-461-thread-1] INFO  segmented.SegmentedRaftLogWorker (SegmentedRaftLogWorker.java:<init>(172)) - new 7a757e68-43af-46dc-b069-47da6fb40a41-SegmentedRaftLogWorker:Storage Directory /workdir/hadoop-ozone/integration-test/target/test-dir/MiniOzoneClusterImpl-9ea4e631-3cec-4bad-b090-c72c63c3b0a9/datanode-2/data/ratis/43a20301-231a-4bf5-9a65-70c979d1c92c for RaftStorage:Storage Directory /workdir/hadoop-ozone/integration-test/target/test-dir/MiniOzoneClusterImpl-9ea4e631-3cec-4bad-b090-c72c63c3b0a9/datanode-2/data/ratis/43a20301-231a-4bf5-9a65-70c979d1c92c
2019-08-21 06:47:50,470 [pool-461-thread-1] INFO  server.RaftServerConfigKeys (ConfUtils.java:logGet(43)) - raft.server.log.queue.byte-limit = 2147483647 (custom)
2019-08-21 06:47:50,470 [pool-461-thread-1] INFO  server.RaftServerConfigKeys (ConfUtils.java:logGet(43)) - raft.server.log.queue.element-limit = 1024 (custom)
2019-08-21 06:47:50,471 [pool-461-thread-1] INFO  server.RaftServerConfigKeys (ConfUtils.java:logGet(43)) - raft.server.log.segment.size.max = 1048576 (custom)
2019-08-21 06:47:50,471 [pool-461-thread-1] INFO  server.RaftServerConfigKeys (ConfUtils.java:logGet(43)) - raft.server.log.preallocated.size = 16384 (custom)
2019-08-21 06:47:50,471 [pool-461-thread-1] INFO  server.RaftServerConfigKeys (ConfUtils.java:logGet(43)) - raft.server.log.write.buffer.size = 33554432 (custom)
2019-08-21 06:47:50,471 [pool-461-thread-1] INFO  server.RaftServerConfigKeys (ConfUtils.java:logGet(43)) - raft.server.log.force.sync.num = 128 (default)
2019-08-21 06:47:50,471 [pool-461-thread-1] INFO  server.RaftServerConfigKeys (ConfUtils.java:logGet(43)) - raft.server.log.statemachine.data.sync = true (default)
2019-08-21 06:47:50,471 [pool-461-thread-1] INFO  server.RaftServerConfigKeys (ConfUtils.java:logGet(43)) - raft.server.log.statemachine.data.sync.timeout = 10s (default)
2019-08-21 06:47:50,471 [pool-461-thread-1] INFO  server.RaftServerConfigKeys (ConfUtils.java:logGet(43)) - raft.server.log.statemachine.data.sync.timeout.retry = -1 (default)
2019-08-21 06:47:50,472 [pool-461-thread-1] INFO  server.RaftServerConfigKeys (ConfUtils.java:logGet(43)) - raft.server.log.statemachine.data.caching.enabled = true (custom)
2019-08-21 06:47:50,472 [pool-461-thread-1] INFO  segmented.SegmentedRaftLogWorker (SegmentedRaftLogWorker.java:lambda$new$0(132)) - 7a757e68-43af-46dc-b069-47da6fb40a41-SegmentedRaftLogWorker:Storage Directory /workdir/hadoop-ozone/integration-test/target/test-dir/MiniOzoneClusterImpl-9ea4e631-3cec-4bad-b090-c72c63c3b0a9/datanode-2/data/ratis/43a20301-231a-4bf5-9a65-70c979d1c92c: flushIndex: setUnconditionally 0 -> -1
2019-08-21 06:47:50,472 [pool-461-thread-1] INFO  server.RaftServerConfigKeys (ConfUtils.java:logGet(43)) - raft.server.snapshot.auto.trigger.enabled = true (custom)
2019-08-21 06:47:50,473 [pool-461-thread-1] INFO  server.RaftServerConfigKeys (ConfUtils.java:logGet(43)) - raft.server.snapshot.auto.trigger.threshold = 10000 (custom)
2019-08-21 06:47:50,473 [pool-461-thread-1] INFO  server.RaftServerConfigKeys (ConfUtils.java:logGet(43)) - raft.server.retrycache.expirytime = 600000ms (custom)
2019-08-21 06:47:50,473 [pool-461-thread-1] INFO  impl.RaftServerImpl (RaftServerImpl.java:start(180)) - 7a757e68-43af-46dc-b069-47da6fb40a41: start group-70C979D1C92C
2019-08-21 06:47:50,473 [pool-461-thread-1] INFO  impl.RaftServerImpl (RaftServerImpl.java:setRole(171)) - 7a757e68-43af-46dc-b069-47da6fb40a41:group-70C979D1C92C changes role from null to FOLLOWER at term 0 for startAsFollower
2019-08-21 06:47:50,473 [pool-461-thread-1] INFO  impl.RoleInfo (RoleInfo.java:updateAndGet(143)) - 7a757e68-43af-46dc-b069-47da6fb40a41: start FollowerState
2019-08-21 06:47:50,474 [pool-461-thread-1] INFO  util.JmxRegister (JmxRegister.java:tryRegister(44)) - Successfully registered JMX Bean with object name Ratis:service=RaftServer,group=group-70C979D1C92C,id=7a757e68-43af-46dc-b069-47da6fb40a41
2019-08-21 06:47:50,478 [RatisPipelineUtilsThread] INFO  pipeline.PipelineStateManager (PipelineStateManager.java:addPipeline(56)) - Created pipeline Pipeline[ Id: 43a20301-231a-4bf5-9a65-70c979d1c92c, Nodes: 7a757e68-43af-46dc-b069-47da6fb40a41{ip: 192.168.69.98, host: pr-hdds-1950-tl9pt-285257851, networkLocation: /default-rack, certSerialId: null}, Type:RATIS, Factor:ONE, State:OPEN]
2019-08-21 06:47:50,484 [grpc-default-executor-10] INFO  impl.RaftServerProxy (RaftServerProxy.java:addNew(89)) - 9ffd4868-4ba9-44e7-9a03-c837b7b77730: addNew group-5083629FCDEA:[9ffd4868-4ba9-44e7-9a03-c837b7b77730:192.168.69.98:38901] returns group-5083629FCDEA:java.util.concurrent.CompletableFuture@2dfd02f[Not completed]
2019-08-21 06:47:50,485 [pool-483-thread-1] INFO  impl.RaftServerImpl (RaftServerImpl.java:<init>(93)) - 9ffd4868-4ba9-44e7-9a03-c837b7b77730: new RaftServerImpl for group-5083629FCDEA:[9ffd4868-4ba9-44e7-9a03-c837b7b77730:192.168.69.98:38901] with ContainerStateMachine:uninitialized
2019-08-21 06:47:50,485 [pool-483-thread-1] INFO  server.RaftServerConfigKeys (ConfUtils.java:logGet(43)) - raft.server.rpc.timeout.min = 5s (custom)
2019-08-21 06:47:50,485 [pool-483-thread-1] INFO  server.RaftServerConfigKeys (ConfUtils.java:logGet(43)) - raft.server.rpc.timeout.max = 5200ms (custom)
2019-08-21 06:47:50,485 [pool-483-thread-1] INFO  server.RaftServerConfigKeys (ConfUtils.java:logGet(43)) - raft.server.rpcslowness.timeout = 120s (custom)
2019-08-21 06:47:50,486 [pool-483-thread-1] INFO  server.RaftServerConfigKeys (ConfUtils.java:logGet(43)) - raft.server.sleep.deviation.threshold = 300 (default)
2019-08-21 06:47:50,486 [pool-483-thread-1] INFO  server.RaftServerConfigKeys (ConfUtils.java:logGet(43)) - raft.server.log.appender.install.snapshot.enabled = false (custom)
2019-08-21 06:47:50,486 [pool-483-thread-1] INFO  impl.RaftServerImpl (ServerState.java:<init>(105)) - 9ffd4868-4ba9-44e7-9a03-c837b7b77730:group-5083629FCDEA ConfigurationManager, init=-1: [9ffd4868-4ba9-44e7-9a03-c837b7b77730:192.168.69.98:38901], old=null, confs=<EMPTY_MAP>
2019-08-21 06:47:50,486 [pool-483-thread-1] INFO  server.RaftServerConfigKeys (ConfUtils.java:logGet(43)) - raft.server.storage.dir = [/workdir/hadoop-ozone/integration-test/target/test-dir/MiniOzoneClusterImpl-9ea4e631-3cec-4bad-b090-c72c63c3b0a9/datanode-4/data/ratis] (custom)
2019-08-21 06:47:50,486 [pool-483-thread-1] INFO  storage.RaftStorageDirectory (RaftStorageDirectory.java:analyzeStorage(246)) - The storage directory /workdir/hadoop-ozone/integration-test/target/test-dir/MiniOzoneClusterImpl-9ea4e631-3cec-4bad-b090-c72c63c3b0a9/datanode-4/data/ratis/82e43d15-1b8a-426f-9073-5083629fcdea does not exist. Creating ...
2019-08-21 06:47:50,501 [pool-483-thread-1] INFO  storage.RaftStorageDirectory (RaftStorageDirectory.java:tryLock(328)) - Lock on /workdir/hadoop-ozone/integration-test/target/test-dir/MiniOzoneClusterImpl-9ea4e631-3cec-4bad-b090-c72c63c3b0a9/datanode-4/data/ratis/82e43d15-1b8a-426f-9073-5083629fcdea/in_use.lock acquired by nodename 16896@pr-hdds-1950-tl9pt-285257851
2019-08-21 06:47:50,510 [pool-483-thread-1] INFO  storage.RaftStorage (RaftStorage.java:format(72)) - Storage directory /workdir/hadoop-ozone/integration-test/target/test-dir/MiniOzoneClusterImpl-9ea4e631-3cec-4bad-b090-c72c63c3b0a9/datanode-4/data/ratis/82e43d15-1b8a-426f-9073-5083629fcdea has been successfully formatted.
2019-08-21 06:47:50,511 [pool-483-thread-1] INFO  ratis.ContainerStateMachine (ContainerStateMachine.java:loadSnapshot(226)) - group-5083629FCDEA: The snapshot info is null. Setting the last applied indexto:(t:0, i:~)
2019-08-21 06:47:50,511 [pool-483-thread-1] INFO  server.RaftServerConfigKeys (ConfUtils.java:logGet(43)) - raft.server.leader.election.timeout = 120s (custom)
2019-08-21 06:47:50,511 [pool-483-thread-1] INFO  server.RaftServerConfigKeys (ConfUtils.java:logGet(43)) - raft.server.log.use.memory = false (default)
2019-08-21 06:47:50,511 [pool-483-thread-1] INFO  server.RaftServerConfigKeys (ConfUtils.java:logGet(43)) - raft.server.log.purge.gap = 1000000 (custom)
2019-08-21 06:47:50,511 [pool-483-thread-1] INFO  server.RaftServerConfigKeys (ConfUtils.java:logGet(43)) - raft.server.log.appender.buffer.byte-limit = 33554432 (custom)
2019-08-21 06:47:50,511 [pool-483-thread-1] INFO  server.RaftServerConfigKeys (ConfUtils.java:logGet(43)) - raft.server.log.segment.size.max = 1048576 (custom)
2019-08-21 06:47:50,511 [pool-483-thread-1] INFO  server.RaftServerConfigKeys (ConfUtils.java:logGet(43)) - raft.server.log.segment.cache.num.max = 2 (custom)
2019-08-21 06:47:50,512 [pool-483-thread-1] INFO  segmented.SegmentedRaftLogWorker (SegmentedRaftLogWorker.java:<init>(172)) - new 9ffd4868-4ba9-44e7-9a03-c837b7b77730-SegmentedRaftLogWorker:Storage Directory /workdir/hadoop-ozone/integration-test/target/test-dir/MiniOzoneClusterImpl-9ea4e631-3cec-4bad-b090-c72c63c3b0a9/datanode-4/data/ratis/82e43d15-1b8a-426f-9073-5083629fcdea for RaftStorage:Storage Directory /workdir/hadoop-ozone/integration-test/target/test-dir/MiniOzoneClusterImpl-9ea4e631-3cec-4bad-b090-c72c63c3b0a9/datanode-4/data/ratis/82e43d15-1b8a-426f-9073-5083629fcdea
2019-08-21 06:47:50,512 [pool-483-thread-1] INFO  server.RaftServerConfigKeys (ConfUtils.java:logGet(43)) - raft.server.log.queue.byte-limit = 2147483647 (custom)
2019-08-21 06:47:50,512 [pool-483-thread-1] INFO  server.RaftServerConfigKeys (ConfUtils.java:logGet(43)) - raft.server.log.queue.element-limit = 1024 (custom)
2019-08-21 06:47:50,512 [pool-483-thread-1] INFO  server.RaftServerConfigKeys (ConfUtils.java:logGet(43)) - raft.server.log.segment.size.max = 1048576 (custom)
2019-08-21 06:47:50,512 [pool-483-thread-1] INFO  server.RaftServerConfigKeys (ConfUtils.java:logGet(43)) - raft.server.log.preallocated.size = 16384 (custom)
2019-08-21 06:47:50,512 [pool-483-thread-1] INFO  server.RaftServerConfigKeys (ConfUtils.java:logGet(43)) - raft.server.log.write.buffer.size = 33554432 (custom)
2019-08-21 06:47:50,513 [pool-483-thread-1] INFO  server.RaftServerConfigKeys (ConfUtils.java:logGet(43)) - raft.server.log.force.sync.num = 128 (default)
2019-08-21 06:47:50,513 [pool-483-thread-1] INFO  server.RaftServerConfigKeys (ConfUtils.java:logGet(43)) - raft.server.log.statemachine.data.sync = true (default)
2019-08-21 06:47:50,513 [pool-483-thread-1] INFO  server.RaftServerConfigKeys (ConfUtils.java:logGet(43)) - raft.server.log.statemachine.data.sync.timeout = 10s (default)
2019-08-21 06:47:50,513 [pool-483-thread-1] INFO  server.RaftServerConfigKeys (ConfUtils.java:logGet(43)) - raft.server.log.statemachine.data.sync.timeout.retry = -1 (default)
2019-08-21 06:47:50,513 [pool-483-thread-1] INFO  server.RaftServerConfigKeys (ConfUtils.java:logGet(43)) - raft.server.log.statemachine.data.caching.enabled = true (custom)
2019-08-21 06:47:50,514 [pool-483-thread-1] INFO  segmented.SegmentedRaftLogWorker (SegmentedRaftLogWorker.java:lambda$new$0(132)) - 9ffd4868-4ba9-44e7-9a03-c837b7b77730-SegmentedRaftLogWorker:Storage Directory /workdir/hadoop-ozone/integration-test/target/test-dir/MiniOzoneClusterImpl-9ea4e631-3cec-4bad-b090-c72c63c3b0a9/datanode-4/data/ratis/82e43d15-1b8a-426f-9073-5083629fcdea: flushIndex: setUnconditionally 0 -> -1
2019-08-21 06:47:50,514 [pool-483-thread-1] INFO  server.RaftServerConfigKeys (ConfUtils.java:logGet(43)) - raft.server.snapshot.auto.trigger.enabled = true (custom)
2019-08-21 06:47:50,514 [pool-483-thread-1] INFO  server.RaftServerConfigKeys (ConfUtils.java:logGet(43)) - raft.server.snapshot.auto.trigger.threshold = 10000 (custom)
2019-08-21 06:47:50,514 [pool-483-thread-1] INFO  server.RaftServerConfigKeys (ConfUtils.java:logGet(43)) - raft.server.retrycache.expirytime = 600000ms (custom)
2019-08-21 06:47:50,514 [pool-483-thread-1] INFO  impl.RaftServerImpl (RaftServerImpl.java:start(180)) - 9ffd4868-4ba9-44e7-9a03-c837b7b77730: start group-5083629FCDEA
2019-08-21 06:47:50,514 [pool-483-thread-1] INFO  impl.RaftServerImpl (RaftServerImpl.java:setRole(171)) - 9ffd4868-4ba9-44e7-9a03-c837b7b77730:group-5083629FCDEA changes role from null to FOLLOWER at term 0 for startAsFollower
2019-08-21 06:47:50,515 [pool-483-thread-1] INFO  impl.RoleInfo (RoleInfo.java:updateAndGet(143)) - 9ffd4868-4ba9-44e7-9a03-c837b7b77730: start FollowerState
2019-08-21 06:47:50,515 [pool-483-thread-1] INFO  util.JmxRegister (JmxRegister.java:tryRegister(44)) - Successfully registered JMX Bean with object name Ratis:service=RaftServer,group=group-5083629FCDEA,id=9ffd4868-4ba9-44e7-9a03-c837b7b77730
2019-08-21 06:47:50,520 [RatisPipelineUtilsThread] INFO  pipeline.PipelineStateManager (PipelineStateManager.java:addPipeline(56)) - Created pipeline Pipeline[ Id: 82e43d15-1b8a-426f-9073-5083629fcdea, Nodes: 9ffd4868-4ba9-44e7-9a03-c837b7b77730{ip: 192.168.69.98, host: pr-hdds-1950-tl9pt-285257851, networkLocation: /default-rack, certSerialId: null}, Type:RATIS, Factor:ONE, State:OPEN]
2019-08-21 06:47:50,528 [grpc-default-executor-10] INFO  impl.RaftServerProxy (RaftServerProxy.java:addNew(89)) - 20fa16c8-b149-4c5b-b4f9-9fafb5a1985f: addNew group-D1F116061C65:[20fa16c8-b149-4c5b-b4f9-9fafb5a1985f:192.168.69.98:33186] returns group-D1F116061C65:java.util.concurrent.CompletableFuture@47eca0b2[Not completed]
2019-08-21 06:47:50,530 [pool-494-thread-1] INFO  impl.RaftServerImpl (RaftServerImpl.java:<init>(93)) - 20fa16c8-b149-4c5b-b4f9-9fafb5a1985f: new RaftServerImpl for group-D1F116061C65:[20fa16c8-b149-4c5b-b4f9-9fafb5a1985f:192.168.69.98:33186] with ContainerStateMachine:uninitialized
2019-08-21 06:47:50,530 [pool-494-thread-1] INFO  server.RaftServerConfigKeys (ConfUtils.java:logGet(43)) - raft.server.rpc.timeout.min = 5s (custom)
2019-08-21 06:47:50,530 [pool-494-thread-1] INFO  server.RaftServerConfigKeys (ConfUtils.java:logGet(43)) - raft.server.rpc.timeout.max = 5200ms (custom)
2019-08-21 06:47:50,530 [pool-494-thread-1] INFO  server.RaftServerConfigKeys (ConfUtils.java:logGet(43)) - raft.server.rpcslowness.timeout = 120s (custom)
2019-08-21 06:47:50,530 [pool-494-thread-1] INFO  server.RaftServerConfigKeys (ConfUtils.java:logGet(43)) - raft.server.sleep.deviation.threshold = 300 (default)
2019-08-21 06:47:50,531 [pool-494-thread-1] INFO  server.RaftServerConfigKeys (ConfUtils.java:logGet(43)) - raft.server.log.appender.install.snapshot.enabled = false (custom)
2019-08-21 06:47:50,531 [pool-494-thread-1] INFO  impl.RaftServerImpl (ServerState.java:<init>(105)) - 20fa16c8-b149-4c5b-b4f9-9fafb5a1985f:group-D1F116061C65 ConfigurationManager, init=-1: [20fa16c8-b149-4c5b-b4f9-9fafb5a1985f:192.168.69.98:33186], old=null, confs=<EMPTY_MAP>
2019-08-21 06:47:50,531 [pool-494-thread-1] INFO  server.RaftServerConfigKeys (ConfUtils.java:logGet(43)) - raft.server.storage.dir = [/workdir/hadoop-ozone/integration-test/target/test-dir/MiniOzoneClusterImpl-9ea4e631-3cec-4bad-b090-c72c63c3b0a9/datanode-5/data/ratis] (custom)
2019-08-21 06:47:50,531 [pool-494-thread-1] INFO  storage.RaftStorageDirectory (RaftStorageDirectory.java:analyzeStorage(246)) - The storage directory /workdir/hadoop-ozone/integration-test/target/test-dir/MiniOzoneClusterImpl-9ea4e631-3cec-4bad-b090-c72c63c3b0a9/datanode-5/data/ratis/f09a5e61-bc58-4491-8b3b-d1f116061c65 does not exist. Creating ...
2019-08-21 06:47:50,540 [pool-494-thread-1] INFO  storage.RaftStorageDirectory (RaftStorageDirectory.java:tryLock(328)) - Lock on /workdir/hadoop-ozone/integration-test/target/test-dir/MiniOzoneClusterImpl-9ea4e631-3cec-4bad-b090-c72c63c3b0a9/datanode-5/data/ratis/f09a5e61-bc58-4491-8b3b-d1f116061c65/in_use.lock acquired by nodename 16896@pr-hdds-1950-tl9pt-285257851
2019-08-21 06:47:50,552 [pool-494-thread-1] INFO  storage.RaftStorage (RaftStorage.java:format(72)) - Storage directory /workdir/hadoop-ozone/integration-test/target/test-dir/MiniOzoneClusterImpl-9ea4e631-3cec-4bad-b090-c72c63c3b0a9/datanode-5/data/ratis/f09a5e61-bc58-4491-8b3b-d1f116061c65 has been successfully formatted.
2019-08-21 06:47:50,553 [pool-494-thread-1] INFO  ratis.ContainerStateMachine (ContainerStateMachine.java:loadSnapshot(226)) - group-D1F116061C65: The snapshot info is null. Setting the last applied indexto:(t:0, i:~)
2019-08-21 06:47:50,553 [pool-494-thread-1] INFO  server.RaftServerConfigKeys (ConfUtils.java:logGet(43)) - raft.server.leader.election.timeout = 120s (custom)
2019-08-21 06:47:50,553 [pool-494-thread-1] INFO  server.RaftServerConfigKeys (ConfUtils.java:logGet(43)) - raft.server.log.use.memory = false (default)
2019-08-21 06:47:50,553 [pool-494-thread-1] INFO  server.RaftServerConfigKeys (ConfUtils.java:logGet(43)) - raft.server.log.purge.gap = 1000000 (custom)
2019-08-21 06:47:50,553 [pool-494-thread-1] INFO  server.RaftServerConfigKeys (ConfUtils.java:logGet(43)) - raft.server.log.appender.buffer.byte-limit = 33554432 (custom)
2019-08-21 06:47:50,554 [pool-494-thread-1] INFO  server.RaftServerConfigKeys (ConfUtils.java:logGet(43)) - raft.server.log.segment.size.max = 1048576 (custom)
2019-08-21 06:47:50,554 [pool-494-thread-1] INFO  server.RaftServerConfigKeys (ConfUtils.java:logGet(43)) - raft.server.log.segment.cache.num.max = 2 (custom)
2019-08-21 06:47:50,554 [pool-494-thread-1] INFO  segmented.SegmentedRaftLogWorker (SegmentedRaftLogWorker.java:<init>(172)) - new 20fa16c8-b149-4c5b-b4f9-9fafb5a1985f-SegmentedRaftLogWorker:Storage Directory /workdir/hadoop-ozone/integration-test/target/test-dir/MiniOzoneClusterImpl-9ea4e631-3cec-4bad-b090-c72c63c3b0a9/datanode-5/data/ratis/f09a5e61-bc58-4491-8b3b-d1f116061c65 for RaftStorage:Storage Directory /workdir/hadoop-ozone/integration-test/target/test-dir/MiniOzoneClusterImpl-9ea4e631-3cec-4bad-b090-c72c63c3b0a9/datanode-5/data/ratis/f09a5e61-bc58-4491-8b3b-d1f116061c65
2019-08-21 06:47:50,554 [pool-494-thread-1] INFO  server.RaftServerConfigKeys (ConfUtils.java:logGet(43)) - raft.server.log.queue.byte-limit = 2147483647 (custom)
2019-08-21 06:47:50,554 [pool-494-thread-1] INFO  server.RaftServerConfigKeys (ConfUtils.java:logGet(43)) - raft.server.log.queue.element-limit = 1024 (custom)
2019-08-21 06:47:50,555 [pool-494-thread-1] INFO  server.RaftServerConfigKeys (ConfUtils.java:logGet(43)) - raft.server.log.segment.size.max = 1048576 (custom)
2019-08-21 06:47:50,555 [pool-494-thread-1] INFO  server.RaftServerConfigKeys (ConfUtils.java:logGet(43)) - raft.server.log.preallocated.size = 16384 (custom)
2019-08-21 06:47:50,555 [pool-494-thread-1] INFO  server.RaftServerConfigKeys (ConfUtils.java:logGet(43)) - raft.server.log.write.buffer.size = 33554432 (custom)
2019-08-21 06:47:50,555 [pool-494-thread-1] INFO  server.RaftServerConfigKeys (ConfUtils.java:logGet(43)) - raft.server.log.force.sync.num = 128 (default)
2019-08-21 06:47:50,555 [pool-494-thread-1] INFO  server.RaftServerConfigKeys (ConfUtils.java:logGet(43)) - raft.server.log.statemachine.data.sync = true (default)
2019-08-21 06:47:50,555 [pool-494-thread-1] INFO  server.RaftServerConfigKeys (ConfUtils.java:logGet(43)) - raft.server.log.statemachine.data.sync.timeout = 10s (default)
2019-08-21 06:47:50,556 [pool-494-thread-1] INFO  server.RaftServerConfigKeys (ConfUtils.java:logGet(43)) - raft.server.log.statemachine.data.sync.timeout.retry = -1 (default)
2019-08-21 06:47:50,556 [pool-494-thread-1] INFO  server.RaftServerConfigKeys (ConfUtils.java:logGet(43)) - raft.server.log.statemachine.data.caching.enabled = true (custom)
2019-08-21 06:47:50,556 [pool-494-thread-1] INFO  segmented.SegmentedRaftLogWorker (SegmentedRaftLogWorker.java:lambda$new$0(132)) - 20fa16c8-b149-4c5b-b4f9-9fafb5a1985f-SegmentedRaftLogWorker:Storage Directory /workdir/hadoop-ozone/integration-test/target/test-dir/MiniOzoneClusterImpl-9ea4e631-3cec-4bad-b090-c72c63c3b0a9/datanode-5/data/ratis/f09a5e61-bc58-4491-8b3b-d1f116061c65: flushIndex: setUnconditionally 0 -> -1
2019-08-21 06:47:50,557 [pool-494-thread-1] INFO  server.RaftServerConfigKeys (ConfUtils.java:logGet(43)) - raft.server.snapshot.auto.trigger.enabled = true (custom)
2019-08-21 06:47:50,557 [pool-494-thread-1] INFO  server.RaftServerConfigKeys (ConfUtils.java:logGet(43)) - raft.server.snapshot.auto.trigger.threshold = 10000 (custom)
2019-08-21 06:47:50,557 [pool-494-thread-1] INFO  server.RaftServerConfigKeys (ConfUtils.java:logGet(43)) - raft.server.retrycache.expirytime = 600000ms (custom)
2019-08-21 06:47:50,557 [pool-494-thread-1] INFO  impl.RaftServerImpl (RaftServerImpl.java:start(180)) - 20fa16c8-b149-4c5b-b4f9-9fafb5a1985f: start group-D1F116061C65
2019-08-21 06:47:50,558 [pool-494-thread-1] INFO  impl.RaftServerImpl (RaftServerImpl.java:setRole(171)) - 20fa16c8-b149-4c5b-b4f9-9fafb5a1985f:group-D1F116061C65 changes role from null to FOLLOWER at term 0 for startAsFollower
2019-08-21 06:47:50,558 [pool-494-thread-1] INFO  impl.RoleInfo (RoleInfo.java:updateAndGet(143)) - 20fa16c8-b149-4c5b-b4f9-9fafb5a1985f: start FollowerState
2019-08-21 06:47:50,558 [pool-494-thread-1] INFO  util.JmxRegister (JmxRegister.java:tryRegister(44)) - Successfully registered JMX Bean with object name Ratis:service=RaftServer,group=group-D1F116061C65,id=20fa16c8-b149-4c5b-b4f9-9fafb5a1985f
2019-08-21 06:47:50,564 [RatisPipelineUtilsThread] INFO  pipeline.PipelineStateManager (PipelineStateManager.java:addPipeline(56)) - Created pipeline Pipeline[ Id: f09a5e61-bc58-4491-8b3b-d1f116061c65, Nodes: 20fa16c8-b149-4c5b-b4f9-9fafb5a1985f{ip: 192.168.69.98, host: pr-hdds-1950-tl9pt-285257851, networkLocation: /default-rack, certSerialId: null}, Type:RATIS, Factor:ONE, State:OPEN]
2019-08-21 06:47:50,572 [grpc-default-executor-10] INFO  impl.RaftServerProxy (RaftServerProxy.java:addNew(89)) - 4e78e98f-ea0c-4fff-97d6-9ba7960c8323: addNew group-382E06DFB191:[4e78e98f-ea0c-4fff-97d6-9ba7960c8323:192.168.69.98:36424] returns group-382E06DFB191:java.util.concurrent.CompletableFuture@4cb8bbce[Not completed]
2019-08-21 06:47:50,573 [pool-472-thread-1] INFO  impl.RaftServerImpl (RaftServerImpl.java:<init>(93)) - 4e78e98f-ea0c-4fff-97d6-9ba7960c8323: new RaftServerImpl for group-382E06DFB191:[4e78e98f-ea0c-4fff-97d6-9ba7960c8323:192.168.69.98:36424] with ContainerStateMachine:uninitialized
2019-08-21 06:47:50,573 [pool-472-thread-1] INFO  server.RaftServerConfigKeys (ConfUtils.java:logGet(43)) - raft.server.rpc.timeout.min = 5s (custom)
2019-08-21 06:47:50,573 [pool-472-thread-1] INFO  server.RaftServerConfigKeys (ConfUtils.java:logGet(43)) - raft.server.rpc.timeout.max = 5200ms (custom)
2019-08-21 06:47:50,573 [pool-472-thread-1] INFO  server.RaftServerConfigKeys (ConfUtils.java:logGet(43)) - raft.server.rpcslowness.timeout = 120s (custom)
2019-08-21 06:47:50,574 [pool-472-thread-1] INFO  server.RaftServerConfigKeys (ConfUtils.java:logGet(43)) - raft.server.sleep.deviation.threshold = 300 (default)
2019-08-21 06:47:50,574 [pool-472-thread-1] INFO  server.RaftServerConfigKeys (ConfUtils.java:logGet(43)) - raft.server.log.appender.install.snapshot.enabled = false (custom)
2019-08-21 06:47:50,574 [pool-472-thread-1] INFO  impl.RaftServerImpl (ServerState.java:<init>(105)) - 4e78e98f-ea0c-4fff-97d6-9ba7960c8323:group-382E06DFB191 ConfigurationManager, init=-1: [4e78e98f-ea0c-4fff-97d6-9ba7960c8323:192.168.69.98:36424], old=null, confs=<EMPTY_MAP>
2019-08-21 06:47:50,574 [pool-472-thread-1] INFO  server.RaftServerConfigKeys (ConfUtils.java:logGet(43)) - raft.server.storage.dir = [/workdir/hadoop-ozone/integration-test/target/test-dir/MiniOzoneClusterImpl-9ea4e631-3cec-4bad-b090-c72c63c3b0a9/datanode-3/data/ratis] (custom)
2019-08-21 06:47:50,575 [pool-472-thread-1] INFO  storage.RaftStorageDirectory (RaftStorageDirectory.java:analyzeStorage(246)) - The storage directory /workdir/hadoop-ozone/integration-test/target/test-dir/MiniOzoneClusterImpl-9ea4e631-3cec-4bad-b090-c72c63c3b0a9/datanode-3/data/ratis/816b3413-2de4-4168-85c2-382e06dfb191 does not exist. Creating ...
2019-08-21 06:47:50,581 [pool-472-thread-1] INFO  storage.RaftStorageDirectory (RaftStorageDirectory.java:tryLock(328)) - Lock on /workdir/hadoop-ozone/integration-test/target/test-dir/MiniOzoneClusterImpl-9ea4e631-3cec-4bad-b090-c72c63c3b0a9/datanode-3/data/ratis/816b3413-2de4-4168-85c2-382e06dfb191/in_use.lock acquired by nodename 16896@pr-hdds-1950-tl9pt-285257851
2019-08-21 06:47:50,585 [pool-472-thread-1] INFO  storage.RaftStorage (RaftStorage.java:format(72)) - Storage directory /workdir/hadoop-ozone/integration-test/target/test-dir/MiniOzoneClusterImpl-9ea4e631-3cec-4bad-b090-c72c63c3b0a9/datanode-3/data/ratis/816b3413-2de4-4168-85c2-382e06dfb191 has been successfully formatted.
2019-08-21 06:47:50,585 [pool-472-thread-1] INFO  ratis.ContainerStateMachine (ContainerStateMachine.java:loadSnapshot(226)) - group-382E06DFB191: The snapshot info is null. Setting the last applied indexto:(t:0, i:~)
2019-08-21 06:47:50,586 [pool-472-thread-1] INFO  server.RaftServerConfigKeys (ConfUtils.java:logGet(43)) - raft.server.leader.election.timeout = 120s (custom)
2019-08-21 06:47:50,586 [pool-472-thread-1] INFO  server.RaftServerConfigKeys (ConfUtils.java:logGet(43)) - raft.server.log.use.memory = false (default)
2019-08-21 06:47:50,586 [pool-472-thread-1] INFO  server.RaftServerConfigKeys (ConfUtils.java:logGet(43)) - raft.server.log.purge.gap = 1000000 (custom)
2019-08-21 06:47:50,586 [pool-472-thread-1] INFO  server.RaftServerConfigKeys (ConfUtils.java:logGet(43)) - raft.server.log.appender.buffer.byte-limit = 33554432 (custom)
2019-08-21 06:47:50,586 [pool-472-thread-1] INFO  server.RaftServerConfigKeys (ConfUtils.java:logGet(43)) - raft.server.log.segment.size.max = 1048576 (custom)
2019-08-21 06:47:50,586 [pool-472-thread-1] INFO  server.RaftServerConfigKeys (ConfUtils.java:logGet(43)) - raft.server.log.segment.cache.num.max = 2 (custom)
2019-08-21 06:47:50,587 [pool-472-thread-1] INFO  segmented.SegmentedRaftLogWorker (SegmentedRaftLogWorker.java:<init>(172)) - new 4e78e98f-ea0c-4fff-97d6-9ba7960c8323-SegmentedRaftLogWorker:Storage Directory /workdir/hadoop-ozone/integration-test/target/test-dir/MiniOzoneClusterImpl-9ea4e631-3cec-4bad-b090-c72c63c3b0a9/datanode-3/data/ratis/816b3413-2de4-4168-85c2-382e06dfb191 for RaftStorage:Storage Directory /workdir/hadoop-ozone/integration-test/target/test-dir/MiniOzoneClusterImpl-9ea4e631-3cec-4bad-b090-c72c63c3b0a9/datanode-3/data/ratis/816b3413-2de4-4168-85c2-382e06dfb191
2019-08-21 06:47:50,587 [pool-472-thread-1] INFO  server.RaftServerConfigKeys (ConfUtils.java:logGet(43)) - raft.server.log.queue.byte-limit = 2147483647 (custom)
2019-08-21 06:47:50,587 [pool-472-thread-1] INFO  server.RaftServerConfigKeys (ConfUtils.java:logGet(43)) - raft.server.log.queue.element-limit = 1024 (custom)
2019-08-21 06:47:50,587 [pool-472-thread-1] INFO  server.RaftServerConfigKeys (ConfUtils.java:logGet(43)) - raft.server.log.segment.size.max = 1048576 (custom)
2019-08-21 06:47:50,587 [pool-472-thread-1] INFO  server.RaftServerConfigKeys (ConfUtils.java:logGet(43)) - raft.server.log.preallocated.size = 16384 (custom)
2019-08-21 06:47:50,588 [pool-472-thread-1] INFO  server.RaftServerConfigKeys (ConfUtils.java:logGet(43)) - raft.server.log.write.buffer.size = 33554432 (custom)
2019-08-21 06:47:50,588 [pool-472-thread-1] INFO  server.RaftServerConfigKeys (ConfUtils.java:logGet(43)) - raft.server.log.force.sync.num = 128 (default)
2019-08-21 06:47:50,588 [pool-472-thread-1] INFO  server.RaftServerConfigKeys (ConfUtils.java:logGet(43)) - raft.server.log.statemachine.data.sync = true (default)
2019-08-21 06:47:50,588 [pool-472-thread-1] INFO  server.RaftServerConfigKeys (ConfUtils.java:logGet(43)) - raft.server.log.statemachine.data.sync.timeout = 10s (default)
2019-08-21 06:47:50,588 [pool-472-thread-1] INFO  server.RaftServerConfigKeys (ConfUtils.java:logGet(43)) - raft.server.log.statemachine.data.sync.timeout.retry = -1 (default)
2019-08-21 06:47:50,588 [pool-472-thread-1] INFO  server.RaftServerConfigKeys (ConfUtils.java:logGet(43)) - raft.server.log.statemachine.data.caching.enabled = true (custom)
2019-08-21 06:47:50,590 [pool-472-thread-1] INFO  segmented.SegmentedRaftLogWorker (SegmentedRaftLogWorker.java:lambda$new$0(132)) - 4e78e98f-ea0c-4fff-97d6-9ba7960c8323-SegmentedRaftLogWorker:Storage Directory /workdir/hadoop-ozone/integration-test/target/test-dir/MiniOzoneClusterImpl-9ea4e631-3cec-4bad-b090-c72c63c3b0a9/datanode-3/data/ratis/816b3413-2de4-4168-85c2-382e06dfb191: flushIndex: setUnconditionally 0 -> -1
2019-08-21 06:47:50,590 [pool-472-thread-1] INFO  server.RaftServerConfigKeys (ConfUtils.java:logGet(43)) - raft.server.snapshot.auto.trigger.enabled = true (custom)
2019-08-21 06:47:50,590 [pool-472-thread-1] INFO  server.RaftServerConfigKeys (ConfUtils.java:logGet(43)) - raft.server.snapshot.auto.trigger.threshold = 10000 (custom)
2019-08-21 06:47:50,590 [pool-472-thread-1] INFO  server.RaftServerConfigKeys (ConfUtils.java:logGet(43)) - raft.server.retrycache.expirytime = 600000ms (custom)
2019-08-21 06:47:50,591 [pool-472-thread-1] INFO  impl.RaftServerImpl (RaftServerImpl.java:start(180)) - 4e78e98f-ea0c-4fff-97d6-9ba7960c8323: start group-382E06DFB191
2019-08-21 06:47:50,591 [pool-472-thread-1] INFO  impl.RaftServerImpl (RaftServerImpl.java:setRole(171)) - 4e78e98f-ea0c-4fff-97d6-9ba7960c8323:group-382E06DFB191 changes role from null to FOLLOWER at term 0 for startAsFollower
2019-08-21 06:47:50,591 [pool-472-thread-1] INFO  impl.RoleInfo (RoleInfo.java:updateAndGet(143)) - 4e78e98f-ea0c-4fff-97d6-9ba7960c8323: start FollowerState
2019-08-21 06:47:50,604 [pool-472-thread-1] INFO  util.JmxRegister (JmxRegister.java:tryRegister(44)) - Successfully registered JMX Bean with object name Ratis:service=RaftServer,group=group-382E06DFB191,id=4e78e98f-ea0c-4fff-97d6-9ba7960c8323
2019-08-21 06:47:50,615 [RatisPipelineUtilsThread] INFO  pipeline.PipelineStateManager (PipelineStateManager.java:addPipeline(56)) - Created pipeline Pipeline[ Id: 816b3413-2de4-4168-85c2-382e06dfb191, Nodes: 4e78e98f-ea0c-4fff-97d6-9ba7960c8323{ip: 192.168.69.98, host: pr-hdds-1950-tl9pt-285257851, networkLocation: /default-rack, certSerialId: null}, Type:RATIS, Factor:ONE, State:OPEN]
2019-08-21 06:47:50,625 [grpc-default-executor-5] INFO  impl.RaftServerProxy (RaftServerProxy.java:addNew(89)) - 7a757e68-43af-46dc-b069-47da6fb40a41: addNew group-35C25930241E:[7a757e68-43af-46dc-b069-47da6fb40a41:192.168.69.98:36841, eea1d4b5-a777-41a4-8ddf-56dc853fc369:192.168.69.98:46481, f6cbc464-63a1-4ed5-a6d3-94f3823a1413:192.168.69.98:33619] returns group-35C25930241E:java.util.concurrent.CompletableFuture@480a7d94[Not completed]
2019-08-21 06:47:50,625 [grpc-default-executor-9] INFO  impl.RaftServerProxy (RaftServerProxy.java:addNew(89)) - f6cbc464-63a1-4ed5-a6d3-94f3823a1413: addNew group-35C25930241E:[7a757e68-43af-46dc-b069-47da6fb40a41:192.168.69.98:36841, eea1d4b5-a777-41a4-8ddf-56dc853fc369:192.168.69.98:46481, f6cbc464-63a1-4ed5-a6d3-94f3823a1413:192.168.69.98:33619] returns group-35C25930241E:java.util.concurrent.CompletableFuture@17f3efab[Not completed]
2019-08-21 06:47:50,625 [grpc-default-executor-10] INFO  impl.RaftServerProxy (RaftServerProxy.java:addNew(89)) - eea1d4b5-a777-41a4-8ddf-56dc853fc369: addNew group-35C25930241E:[7a757e68-43af-46dc-b069-47da6fb40a41:192.168.69.98:36841, eea1d4b5-a777-41a4-8ddf-56dc853fc369:192.168.69.98:46481, f6cbc464-63a1-4ed5-a6d3-94f3823a1413:192.168.69.98:33619] returns group-35C25930241E:java.util.concurrent.CompletableFuture@278240c3[Not completed]
2019-08-21 06:47:50,626 [pool-461-thread-1] INFO  impl.RaftServerImpl (RaftServerImpl.java:<init>(93)) - 7a757e68-43af-46dc-b069-47da6fb40a41: new RaftServerImpl for group-35C25930241E:[7a757e68-43af-46dc-b069-47da6fb40a41:192.168.69.98:36841, eea1d4b5-a777-41a4-8ddf-56dc853fc369:192.168.69.98:46481, f6cbc464-63a1-4ed5-a6d3-94f3823a1413:192.168.69.98:33619] with ContainerStateMachine:uninitialized
2019-08-21 06:47:50,626 [pool-461-thread-1] INFO  server.RaftServerConfigKeys (ConfUtils.java:logGet(43)) - raft.server.rpc.timeout.min = 5s (custom)
2019-08-21 06:47:50,626 [pool-461-thread-1] INFO  server.RaftServerConfigKeys (ConfUtils.java:logGet(43)) - raft.server.rpc.timeout.max = 5200ms (custom)
2019-08-21 06:47:50,627 [pool-461-thread-1] INFO  server.RaftServerConfigKeys (ConfUtils.java:logGet(43)) - raft.server.rpcslowness.timeout = 120s (custom)
2019-08-21 06:47:50,627 [pool-461-thread-1] INFO  server.RaftServerConfigKeys (ConfUtils.java:logGet(43)) - raft.server.sleep.deviation.threshold = 300 (default)
2019-08-21 06:47:50,627 [pool-461-thread-1] INFO  server.RaftServerConfigKeys (ConfUtils.java:logGet(43)) - raft.server.log.appender.install.snapshot.enabled = false (custom)
2019-08-21 06:47:50,627 [pool-461-thread-1] INFO  impl.RaftServerImpl (ServerState.java:<init>(105)) - 7a757e68-43af-46dc-b069-47da6fb40a41:group-35C25930241E ConfigurationManager, init=-1: [7a757e68-43af-46dc-b069-47da6fb40a41:192.168.69.98:36841, eea1d4b5-a777-41a4-8ddf-56dc853fc369:192.168.69.98:46481, f6cbc464-63a1-4ed5-a6d3-94f3823a1413:192.168.69.98:33619], old=null, confs=<EMPTY_MAP>
2019-08-21 06:47:50,627 [pool-450-thread-1] INFO  impl.RaftServerImpl (RaftServerImpl.java:<init>(93)) - eea1d4b5-a777-41a4-8ddf-56dc853fc369: new RaftServerImpl for group-35C25930241E:[7a757e68-43af-46dc-b069-47da6fb40a41:192.168.69.98:36841, eea1d4b5-a777-41a4-8ddf-56dc853fc369:192.168.69.98:46481, f6cbc464-63a1-4ed5-a6d3-94f3823a1413:192.168.69.98:33619] with ContainerStateMachine:uninitialized
2019-08-21 06:47:50,627 [pool-461-thread-1] INFO  server.RaftServerConfigKeys (ConfUtils.java:logGet(43)) - raft.server.storage.dir = [/workdir/hadoop-ozone/integration-test/target/test-dir/MiniOzoneClusterImpl-9ea4e631-3cec-4bad-b090-c72c63c3b0a9/datanode-2/data/ratis] (custom)
2019-08-21 06:47:50,627 [pool-505-thread-1] INFO  impl.RaftServerImpl (RaftServerImpl.java:<init>(93)) - f6cbc464-63a1-4ed5-a6d3-94f3823a1413: new RaftServerImpl for group-35C25930241E:[7a757e68-43af-46dc-b069-47da6fb40a41:192.168.69.98:36841, eea1d4b5-a777-41a4-8ddf-56dc853fc369:192.168.69.98:46481, f6cbc464-63a1-4ed5-a6d3-94f3823a1413:192.168.69.98:33619] with ContainerStateMachine:uninitialized
2019-08-21 06:47:50,627 [pool-450-thread-1] INFO  server.RaftServerConfigKeys (ConfUtils.java:logGet(43)) - raft.server.rpc.timeout.min = 5s (custom)
2019-08-21 06:47:50,628 [pool-461-thread-1] INFO  storage.RaftStorageDirectory (RaftStorageDirectory.java:analyzeStorage(246)) - The storage directory /workdir/hadoop-ozone/integration-test/target/test-dir/MiniOzoneClusterImpl-9ea4e631-3cec-4bad-b090-c72c63c3b0a9/datanode-2/data/ratis/c82b467f-c4db-4396-863e-35c25930241e does not exist. Creating ...
2019-08-21 06:47:50,627 [pool-505-thread-1] INFO  server.RaftServerConfigKeys (ConfUtils.java:logGet(43)) - raft.server.rpc.timeout.min = 5s (custom)
2019-08-21 06:47:50,628 [pool-450-thread-1] INFO  server.RaftServerConfigKeys (ConfUtils.java:logGet(43)) - raft.server.rpc.timeout.max = 5200ms (custom)
2019-08-21 06:47:50,628 [pool-505-thread-1] INFO  server.RaftServerConfigKeys (ConfUtils.java:logGet(43)) - raft.server.rpc.timeout.max = 5200ms (custom)
2019-08-21 06:47:50,628 [pool-450-thread-1] INFO  server.RaftServerConfigKeys (ConfUtils.java:logGet(43)) - raft.server.rpcslowness.timeout = 120s (custom)
2019-08-21 06:47:50,628 [pool-505-thread-1] INFO  server.RaftServerConfigKeys (ConfUtils.java:logGet(43)) - raft.server.rpcslowness.timeout = 120s (custom)
2019-08-21 06:47:50,628 [pool-450-thread-1] INFO  server.RaftServerConfigKeys (ConfUtils.java:logGet(43)) - raft.server.sleep.deviation.threshold = 300 (default)
2019-08-21 06:47:50,628 [pool-505-thread-1] INFO  server.RaftServerConfigKeys (ConfUtils.java:logGet(43)) - raft.server.sleep.deviation.threshold = 300 (default)
2019-08-21 06:47:50,628 [pool-450-thread-1] INFO  server.RaftServerConfigKeys (ConfUtils.java:logGet(43)) - raft.server.log.appender.install.snapshot.enabled = false (custom)
2019-08-21 06:47:50,629 [pool-505-thread-1] INFO  server.RaftServerConfigKeys (ConfUtils.java:logGet(43)) - raft.server.log.appender.install.snapshot.enabled = false (custom)
2019-08-21 06:47:50,629 [pool-450-thread-1] INFO  impl.RaftServerImpl (ServerState.java:<init>(105)) - eea1d4b5-a777-41a4-8ddf-56dc853fc369:group-35C25930241E ConfigurationManager, init=-1: [7a757e68-43af-46dc-b069-47da6fb40a41:192.168.69.98:36841, eea1d4b5-a777-41a4-8ddf-56dc853fc369:192.168.69.98:46481, f6cbc464-63a1-4ed5-a6d3-94f3823a1413:192.168.69.98:33619], old=null, confs=<EMPTY_MAP>
2019-08-21 06:47:50,629 [pool-505-thread-1] INFO  impl.RaftServerImpl (ServerState.java:<init>(105)) - f6cbc464-63a1-4ed5-a6d3-94f3823a1413:group-35C25930241E ConfigurationManager, init=-1: [7a757e68-43af-46dc-b069-47da6fb40a41:192.168.69.98:36841, eea1d4b5-a777-41a4-8ddf-56dc853fc369:192.168.69.98:46481, f6cbc464-63a1-4ed5-a6d3-94f3823a1413:192.168.69.98:33619], old=null, confs=<EMPTY_MAP>
2019-08-21 06:47:50,629 [pool-450-thread-1] INFO  server.RaftServerConfigKeys (ConfUtils.java:logGet(43)) - raft.server.storage.dir = [/workdir/hadoop-ozone/integration-test/target/test-dir/MiniOzoneClusterImpl-9ea4e631-3cec-4bad-b090-c72c63c3b0a9/datanode-1/data/ratis] (custom)
2019-08-21 06:47:50,629 [pool-505-thread-1] INFO  server.RaftServerConfigKeys (ConfUtils.java:logGet(43)) - raft.server.storage.dir = [/workdir/hadoop-ozone/integration-test/target/test-dir/MiniOzoneClusterImpl-9ea4e631-3cec-4bad-b090-c72c63c3b0a9/datanode-6/data/ratis] (custom)
2019-08-21 06:47:50,630 [pool-450-thread-1] INFO  storage.RaftStorageDirectory (RaftStorageDirectory.java:analyzeStorage(246)) - The storage directory /workdir/hadoop-ozone/integration-test/target/test-dir/MiniOzoneClusterImpl-9ea4e631-3cec-4bad-b090-c72c63c3b0a9/datanode-1/data/ratis/c82b467f-c4db-4396-863e-35c25930241e does not exist. Creating ...
2019-08-21 06:47:50,630 [pool-505-thread-1] INFO  storage.RaftStorageDirectory (RaftStorageDirectory.java:analyzeStorage(246)) - The storage directory /workdir/hadoop-ozone/integration-test/target/test-dir/MiniOzoneClusterImpl-9ea4e631-3cec-4bad-b090-c72c63c3b0a9/datanode-6/data/ratis/c82b467f-c4db-4396-863e-35c25930241e does not exist. Creating ...
2019-08-21 06:47:50,640 [pool-505-thread-1] INFO  storage.RaftStorageDirectory (RaftStorageDirectory.java:tryLock(328)) - Lock on /workdir/hadoop-ozone/integration-test/target/test-dir/MiniOzoneClusterImpl-9ea4e631-3cec-4bad-b090-c72c63c3b0a9/datanode-6/data/ratis/c82b467f-c4db-4396-863e-35c25930241e/in_use.lock acquired by nodename 16896@pr-hdds-1950-tl9pt-285257851
2019-08-21 06:47:50,641 [pool-450-thread-1] INFO  storage.RaftStorageDirectory (RaftStorageDirectory.java:tryLock(328)) - Lock on /workdir/hadoop-ozone/integration-test/target/test-dir/MiniOzoneClusterImpl-9ea4e631-3cec-4bad-b090-c72c63c3b0a9/datanode-1/data/ratis/c82b467f-c4db-4396-863e-35c25930241e/in_use.lock acquired by nodename 16896@pr-hdds-1950-tl9pt-285257851
2019-08-21 06:47:50,641 [pool-461-thread-1] INFO  storage.RaftStorageDirectory (RaftStorageDirectory.java:tryLock(328)) - Lock on /workdir/hadoop-ozone/integration-test/target/test-dir/MiniOzoneClusterImpl-9ea4e631-3cec-4bad-b090-c72c63c3b0a9/datanode-2/data/ratis/c82b467f-c4db-4396-863e-35c25930241e/in_use.lock acquired by nodename 16896@pr-hdds-1950-tl9pt-285257851
2019-08-21 06:47:50,645 [pool-505-thread-1] INFO  storage.RaftStorage (RaftStorage.java:format(72)) - Storage directory /workdir/hadoop-ozone/integration-test/target/test-dir/MiniOzoneClusterImpl-9ea4e631-3cec-4bad-b090-c72c63c3b0a9/datanode-6/data/ratis/c82b467f-c4db-4396-863e-35c25930241e has been successfully formatted.
2019-08-21 06:47:50,646 [pool-450-thread-1] INFO  storage.RaftStorage (RaftStorage.java:format(72)) - Storage directory /workdir/hadoop-ozone/integration-test/target/test-dir/MiniOzoneClusterImpl-9ea4e631-3cec-4bad-b090-c72c63c3b0a9/datanode-1/data/ratis/c82b467f-c4db-4396-863e-35c25930241e has been successfully formatted.
2019-08-21 06:47:50,646 [pool-505-thread-1] INFO  ratis.ContainerStateMachine (ContainerStateMachine.java:loadSnapshot(226)) - group-35C25930241E: The snapshot info is null. Setting the last applied indexto:(t:0, i:~)
2019-08-21 06:47:50,646 [pool-450-thread-1] INFO  ratis.ContainerStateMachine (ContainerStateMachine.java:loadSnapshot(226)) - group-35C25930241E: The snapshot info is null. Setting the last applied indexto:(t:0, i:~)
2019-08-21 06:47:50,646 [pool-505-thread-1] INFO  server.RaftServerConfigKeys (ConfUtils.java:logGet(43)) - raft.server.leader.election.timeout = 120s (custom)
2019-08-21 06:47:50,646 [pool-450-thread-1] INFO  server.RaftServerConfigKeys (ConfUtils.java:logGet(43)) - raft.server.leader.election.timeout = 120s (custom)
2019-08-21 06:47:50,647 [pool-505-thread-1] INFO  server.RaftServerConfigKeys (ConfUtils.java:logGet(43)) - raft.server.log.use.memory = false (default)
2019-08-21 06:47:50,647 [pool-450-thread-1] INFO  server.RaftServerConfigKeys (ConfUtils.java:logGet(43)) - raft.server.log.use.memory = false (default)
2019-08-21 06:47:50,647 [pool-505-thread-1] INFO  server.RaftServerConfigKeys (ConfUtils.java:logGet(43)) - raft.server.log.purge.gap = 1000000 (custom)
2019-08-21 06:47:50,647 [pool-450-thread-1] INFO  server.RaftServerConfigKeys (ConfUtils.java:logGet(43)) - raft.server.log.purge.gap = 1000000 (custom)
2019-08-21 06:47:50,647 [pool-505-thread-1] INFO  server.RaftServerConfigKeys (ConfUtils.java:logGet(43)) - raft.server.log.appender.buffer.byte-limit = 33554432 (custom)
2019-08-21 06:47:50,647 [pool-450-thread-1] INFO  server.RaftServerConfigKeys (ConfUtils.java:logGet(43)) - raft.server.log.appender.buffer.byte-limit = 33554432 (custom)
2019-08-21 06:47:50,647 [pool-505-thread-1] INFO  server.RaftServerConfigKeys (ConfUtils.java:logGet(43)) - raft.server.log.segment.size.max = 1048576 (custom)
2019-08-21 06:47:50,647 [pool-450-thread-1] INFO  server.RaftServerConfigKeys (ConfUtils.java:logGet(43)) - raft.server.log.segment.size.max = 1048576 (custom)
2019-08-21 06:47:50,647 [pool-505-thread-1] INFO  server.RaftServerConfigKeys (ConfUtils.java:logGet(43)) - raft.server.log.segment.cache.num.max = 2 (custom)
2019-08-21 06:47:50,648 [pool-450-thread-1] INFO  server.RaftServerConfigKeys (ConfUtils.java:logGet(43)) - raft.server.log.segment.cache.num.max = 2 (custom)
2019-08-21 06:47:50,648 [pool-505-thread-1] INFO  segmented.SegmentedRaftLogWorker (SegmentedRaftLogWorker.java:<init>(172)) - new f6cbc464-63a1-4ed5-a6d3-94f3823a1413-SegmentedRaftLogWorker:Storage Directory /workdir/hadoop-ozone/integration-test/target/test-dir/MiniOzoneClusterImpl-9ea4e631-3cec-4bad-b090-c72c63c3b0a9/datanode-6/data/ratis/c82b467f-c4db-4396-863e-35c25930241e for RaftStorage:Storage Directory /workdir/hadoop-ozone/integration-test/target/test-dir/MiniOzoneClusterImpl-9ea4e631-3cec-4bad-b090-c72c63c3b0a9/datanode-6/data/ratis/c82b467f-c4db-4396-863e-35c25930241e
2019-08-21 06:47:50,648 [pool-450-thread-1] INFO  segmented.SegmentedRaftLogWorker (SegmentedRaftLogWorker.java:<init>(172)) - new eea1d4b5-a777-41a4-8ddf-56dc853fc369-SegmentedRaftLogWorker:Storage Directory /workdir/hadoop-ozone/integration-test/target/test-dir/MiniOzoneClusterImpl-9ea4e631-3cec-4bad-b090-c72c63c3b0a9/datanode-1/data/ratis/c82b467f-c4db-4396-863e-35c25930241e for RaftStorage:Storage Directory /workdir/hadoop-ozone/integration-test/target/test-dir/MiniOzoneClusterImpl-9ea4e631-3cec-4bad-b090-c72c63c3b0a9/datanode-1/data/ratis/c82b467f-c4db-4396-863e-35c25930241e
2019-08-21 06:47:50,648 [pool-505-thread-1] INFO  server.RaftServerConfigKeys (ConfUtils.java:logGet(43)) - raft.server.log.queue.byte-limit = 2147483647 (custom)
2019-08-21 06:47:50,648 [pool-450-thread-1] INFO  server.RaftServerConfigKeys (ConfUtils.java:logGet(43)) - raft.server.log.queue.byte-limit = 2147483647 (custom)
2019-08-21 06:47:50,648 [pool-505-thread-1] INFO  server.RaftServerConfigKeys (ConfUtils.java:logGet(43)) - raft.server.log.queue.element-limit = 1024 (custom)
2019-08-21 06:47:50,648 [pool-450-thread-1] INFO  server.RaftServerConfigKeys (ConfUtils.java:logGet(43)) - raft.server.log.queue.element-limit = 1024 (custom)
2019-08-21 06:47:50,648 [pool-505-thread-1] INFO  server.RaftServerConfigKeys (ConfUtils.java:logGet(43)) - raft.server.log.segment.size.max = 1048576 (custom)
2019-08-21 06:47:50,648 [pool-450-thread-1] INFO  server.RaftServerConfigKeys (ConfUtils.java:logGet(43)) - raft.server.log.segment.size.max = 1048576 (custom)
2019-08-21 06:47:50,648 [pool-505-thread-1] INFO  server.RaftServerConfigKeys (ConfUtils.java:logGet(43)) - raft.server.log.preallocated.size = 16384 (custom)
2019-08-21 06:47:50,649 [pool-450-thread-1] INFO  server.RaftServerConfigKeys (ConfUtils.java:logGet(43)) - raft.server.log.preallocated.size = 16384 (custom)
2019-08-21 06:47:50,649 [pool-505-thread-1] INFO  server.RaftServerConfigKeys (ConfUtils.java:logGet(43)) - raft.server.log.write.buffer.size = 33554432 (custom)
2019-08-21 06:47:50,649 [pool-450-thread-1] INFO  server.RaftServerConfigKeys (ConfUtils.java:logGet(43)) - raft.server.log.write.buffer.size = 33554432 (custom)
2019-08-21 06:47:50,649 [pool-505-thread-1] INFO  server.RaftServerConfigKeys (ConfUtils.java:logGet(43)) - raft.server.log.force.sync.num = 128 (default)
2019-08-21 06:47:50,649 [pool-450-thread-1] INFO  server.RaftServerConfigKeys (ConfUtils.java:logGet(43)) - raft.server.log.force.sync.num = 128 (default)
2019-08-21 06:47:50,649 [pool-505-thread-1] INFO  server.RaftServerConfigKeys (ConfUtils.java:logGet(43)) - raft.server.log.statemachine.data.sync = true (default)
2019-08-21 06:47:50,649 [pool-450-thread-1] INFO  server.RaftServerConfigKeys (ConfUtils.java:logGet(43)) - raft.server.log.statemachine.data.sync = true (default)
2019-08-21 06:47:50,649 [pool-505-thread-1] INFO  server.RaftServerConfigKeys (ConfUtils.java:logGet(43)) - raft.server.log.statemachine.data.sync.timeout = 10s (default)
2019-08-21 06:47:50,649 [pool-450-thread-1] INFO  server.RaftServerConfigKeys (ConfUtils.java:logGet(43)) - raft.server.log.statemachine.data.sync.timeout = 10s (default)
2019-08-21 06:47:50,650 [pool-505-thread-1] INFO  server.RaftServerConfigKeys (ConfUtils.java:logGet(43)) - raft.server.log.statemachine.data.sync.timeout.retry = -1 (default)
2019-08-21 06:47:50,650 [pool-450-thread-1] INFO  server.RaftServerConfigKeys (ConfUtils.java:logGet(43)) - raft.server.log.statemachine.data.sync.timeout.retry = -1 (default)
2019-08-21 06:47:50,650 [pool-505-thread-1] INFO  server.RaftServerConfigKeys (ConfUtils.java:logGet(43)) - raft.server.log.statemachine.data.caching.enabled = true (custom)
2019-08-21 06:47:50,650 [pool-450-thread-1] INFO  server.RaftServerConfigKeys (ConfUtils.java:logGet(43)) - raft.server.log.statemachine.data.caching.enabled = true (custom)
2019-08-21 06:47:50,650 [pool-505-thread-1] INFO  segmented.SegmentedRaftLogWorker (SegmentedRaftLogWorker.java:lambda$new$0(132)) - f6cbc464-63a1-4ed5-a6d3-94f3823a1413-SegmentedRaftLogWorker:Storage Directory /workdir/hadoop-ozone/integration-test/target/test-dir/MiniOzoneClusterImpl-9ea4e631-3cec-4bad-b090-c72c63c3b0a9/datanode-6/data/ratis/c82b467f-c4db-4396-863e-35c25930241e: flushIndex: setUnconditionally 0 -> -1
2019-08-21 06:47:50,650 [pool-450-thread-1] INFO  segmented.SegmentedRaftLogWorker (SegmentedRaftLogWorker.java:lambda$new$0(132)) - eea1d4b5-a777-41a4-8ddf-56dc853fc369-SegmentedRaftLogWorker:Storage Directory /workdir/hadoop-ozone/integration-test/target/test-dir/MiniOzoneClusterImpl-9ea4e631-3cec-4bad-b090-c72c63c3b0a9/datanode-1/data/ratis/c82b467f-c4db-4396-863e-35c25930241e: flushIndex: setUnconditionally 0 -> -1
2019-08-21 06:47:50,650 [pool-505-thread-1] INFO  server.RaftServerConfigKeys (ConfUtils.java:logGet(43)) - raft.server.snapshot.auto.trigger.enabled = true (custom)
2019-08-21 06:47:50,651 [pool-450-thread-1] INFO  server.RaftServerConfigKeys (ConfUtils.java:logGet(43)) - raft.server.snapshot.auto.trigger.enabled = true (custom)
2019-08-21 06:47:50,651 [pool-505-thread-1] INFO  server.RaftServerConfigKeys (ConfUtils.java:logGet(43)) - raft.server.snapshot.auto.trigger.threshold = 10000 (custom)
2019-08-21 06:47:50,651 [pool-450-thread-1] INFO  server.RaftServerConfigKeys (ConfUtils.java:logGet(43)) - raft.server.snapshot.auto.trigger.threshold = 10000 (custom)
2019-08-21 06:47:50,651 [pool-505-thread-1] INFO  server.RaftServerConfigKeys (ConfUtils.java:logGet(43)) - raft.server.retrycache.expirytime = 600000ms (custom)
2019-08-21 06:47:50,651 [pool-450-thread-1] INFO  server.RaftServerConfigKeys (ConfUtils.java:logGet(43)) - raft.server.retrycache.expirytime = 600000ms (custom)
2019-08-21 06:47:50,651 [pool-505-thread-1] INFO  impl.RaftServerImpl (RaftServerImpl.java:start(180)) - f6cbc464-63a1-4ed5-a6d3-94f3823a1413: start group-35C25930241E
2019-08-21 06:47:50,651 [pool-450-thread-1] INFO  impl.RaftServerImpl (RaftServerImpl.java:start(180)) - eea1d4b5-a777-41a4-8ddf-56dc853fc369: start group-35C25930241E
2019-08-21 06:47:50,651 [pool-505-thread-1] INFO  impl.RaftServerImpl (RaftServerImpl.java:setRole(171)) - f6cbc464-63a1-4ed5-a6d3-94f3823a1413:group-35C25930241E changes role from null to FOLLOWER at term 0 for startAsFollower
2019-08-21 06:47:50,651 [pool-450-thread-1] INFO  impl.RaftServerImpl (RaftServerImpl.java:setRole(171)) - eea1d4b5-a777-41a4-8ddf-56dc853fc369:group-35C25930241E changes role from null to FOLLOWER at term 0 for startAsFollower
2019-08-21 06:47:50,651 [pool-505-thread-1] INFO  impl.RoleInfo (RoleInfo.java:updateAndGet(143)) - f6cbc464-63a1-4ed5-a6d3-94f3823a1413: start FollowerState
2019-08-21 06:47:50,651 [pool-450-thread-1] INFO  impl.RoleInfo (RoleInfo.java:updateAndGet(143)) - eea1d4b5-a777-41a4-8ddf-56dc853fc369: start FollowerState
2019-08-21 06:47:50,652 [pool-505-thread-1] INFO  util.JmxRegister (JmxRegister.java:tryRegister(44)) - Successfully registered JMX Bean with object name Ratis:service=RaftServer,group=group-35C25930241E,id=f6cbc464-63a1-4ed5-a6d3-94f3823a1413
2019-08-21 06:47:50,652 [pool-450-thread-1] INFO  util.JmxRegister (JmxRegister.java:tryRegister(44)) - Successfully registered JMX Bean with object name Ratis:service=RaftServer,group=group-35C25930241E,id=eea1d4b5-a777-41a4-8ddf-56dc853fc369
2019-08-21 06:47:50,657 [pool-461-thread-1] INFO  storage.RaftStorage (RaftStorage.java:format(72)) - Storage directory /workdir/hadoop-ozone/integration-test/target/test-dir/MiniOzoneClusterImpl-9ea4e631-3cec-4bad-b090-c72c63c3b0a9/datanode-2/data/ratis/c82b467f-c4db-4396-863e-35c25930241e has been successfully formatted.
2019-08-21 06:47:50,657 [pool-461-thread-1] INFO  ratis.ContainerStateMachine (ContainerStateMachine.java:loadSnapshot(226)) - group-35C25930241E: The snapshot info is null. Setting the last applied indexto:(t:0, i:~)
2019-08-21 06:47:50,657 [pool-461-thread-1] INFO  server.RaftServerConfigKeys (ConfUtils.java:logGet(43)) - raft.server.leader.election.timeout = 120s (custom)
2019-08-21 06:47:50,658 [pool-461-thread-1] INFO  server.RaftServerConfigKeys (ConfUtils.java:logGet(43)) - raft.server.log.use.memory = false (default)
2019-08-21 06:47:50,658 [pool-461-thread-1] INFO  server.RaftServerConfigKeys (ConfUtils.java:logGet(43)) - raft.server.log.purge.gap = 1000000 (custom)
2019-08-21 06:47:50,658 [pool-461-thread-1] INFO  server.RaftServerConfigKeys (ConfUtils.java:logGet(43)) - raft.server.log.appender.buffer.byte-limit = 33554432 (custom)
2019-08-21 06:47:50,658 [pool-461-thread-1] INFO  server.RaftServerConfigKeys (ConfUtils.java:logGet(43)) - raft.server.log.segment.size.max = 1048576 (custom)
2019-08-21 06:47:50,658 [pool-461-thread-1] INFO  server.RaftServerConfigKeys (ConfUtils.java:logGet(43)) - raft.server.log.segment.cache.num.max = 2 (custom)
2019-08-21 06:47:50,658 [pool-461-thread-1] INFO  segmented.SegmentedRaftLogWorker (SegmentedRaftLogWorker.java:<init>(172)) - new 7a757e68-43af-46dc-b069-47da6fb40a41-SegmentedRaftLogWorker:Storage Directory /workdir/hadoop-ozone/integration-test/target/test-dir/MiniOzoneClusterImpl-9ea4e631-3cec-4bad-b090-c72c63c3b0a9/datanode-2/data/ratis/c82b467f-c4db-4396-863e-35c25930241e for RaftStorage:Storage Directory /workdir/hadoop-ozone/integration-test/target/test-dir/MiniOzoneClusterImpl-9ea4e631-3cec-4bad-b090-c72c63c3b0a9/datanode-2/data/ratis/c82b467f-c4db-4396-863e-35c25930241e
2019-08-21 06:47:50,658 [pool-461-thread-1] INFO  server.RaftServerConfigKeys (ConfUtils.java:logGet(43)) - raft.server.log.queue.byte-limit = 2147483647 (custom)
2019-08-21 06:47:50,658 [pool-461-thread-1] INFO  server.RaftServerConfigKeys (ConfUtils.java:logGet(43)) - raft.server.log.queue.element-limit = 1024 (custom)
2019-08-21 06:47:50,659 [pool-461-thread-1] INFO  server.RaftServerConfigKeys (ConfUtils.java:logGet(43)) - raft.server.log.segment.size.max = 1048576 (custom)
2019-08-21 06:47:50,659 [pool-461-thread-1] INFO  server.RaftServerConfigKeys (ConfUtils.java:logGet(43)) - raft.server.log.preallocated.size = 16384 (custom)
2019-08-21 06:47:50,659 [pool-461-thread-1] INFO  server.RaftServerConfigKeys (ConfUtils.java:logGet(43)) - raft.server.log.write.buffer.size = 33554432 (custom)
2019-08-21 06:47:50,659 [pool-461-thread-1] INFO  server.RaftServerConfigKeys (ConfUtils.java:logGet(43)) - raft.server.log.force.sync.num = 128 (default)
2019-08-21 06:47:50,659 [pool-461-thread-1] INFO  server.RaftServerConfigKeys (ConfUtils.java:logGet(43)) - raft.server.log.statemachine.data.sync = true (default)
2019-08-21 06:47:50,659 [pool-461-thread-1] INFO  server.RaftServerConfigKeys (ConfUtils.java:logGet(43)) - raft.server.log.statemachine.data.sync.timeout = 10s (default)
2019-08-21 06:47:50,659 [pool-461-thread-1] INFO  server.RaftServerConfigKeys (ConfUtils.java:logGet(43)) - raft.server.log.statemachine.data.sync.timeout.retry = -1 (default)
2019-08-21 06:47:50,659 [pool-461-thread-1] INFO  server.RaftServerConfigKeys (ConfUtils.java:logGet(43)) - raft.server.log.statemachine.data.caching.enabled = true (custom)
2019-08-21 06:47:50,660 [pool-461-thread-1] INFO  segmented.SegmentedRaftLogWorker (SegmentedRaftLogWorker.java:lambda$new$0(132)) - 7a757e68-43af-46dc-b069-47da6fb40a41-SegmentedRaftLogWorker:Storage Directory /workdir/hadoop-ozone/integration-test/target/test-dir/MiniOzoneClusterImpl-9ea4e631-3cec-4bad-b090-c72c63c3b0a9/datanode-2/data/ratis/c82b467f-c4db-4396-863e-35c25930241e: flushIndex: setUnconditionally 0 -> -1
2019-08-21 06:47:50,660 [pool-461-thread-1] INFO  server.RaftServerConfigKeys (ConfUtils.java:logGet(43)) - raft.server.snapshot.auto.trigger.enabled = true (custom)
2019-08-21 06:47:50,660 [pool-461-thread-1] INFO  server.RaftServerConfigKeys (ConfUtils.java:logGet(43)) - raft.server.snapshot.auto.trigger.threshold = 10000 (custom)
2019-08-21 06:47:50,660 [pool-461-thread-1] INFO  server.RaftServerConfigKeys (ConfUtils.java:logGet(43)) - raft.server.retrycache.expirytime = 600000ms (custom)
2019-08-21 06:47:50,660 [pool-461-thread-1] INFO  impl.RaftServerImpl (RaftServerImpl.java:start(180)) - 7a757e68-43af-46dc-b069-47da6fb40a41: start group-35C25930241E
2019-08-21 06:47:50,660 [pool-461-thread-1] INFO  impl.RaftServerImpl (RaftServerImpl.java:setRole(171)) - 7a757e68-43af-46dc-b069-47da6fb40a41:group-35C25930241E changes role from null to FOLLOWER at term 0 for startAsFollower
2019-08-21 06:47:50,660 [pool-461-thread-1] INFO  impl.RoleInfo (RoleInfo.java:updateAndGet(143)) - 7a757e68-43af-46dc-b069-47da6fb40a41: start FollowerState
2019-08-21 06:47:50,661 [pool-461-thread-1] INFO  util.JmxRegister (JmxRegister.java:tryRegister(44)) - Successfully registered JMX Bean with object name Ratis:service=RaftServer,group=group-35C25930241E,id=7a757e68-43af-46dc-b069-47da6fb40a41
2019-08-21 06:47:50,665 [RatisPipelineUtilsThread] INFO  pipeline.PipelineStateManager (PipelineStateManager.java:addPipeline(56)) - Created pipeline Pipeline[ Id: c82b467f-c4db-4396-863e-35c25930241e, Nodes: eea1d4b5-a777-41a4-8ddf-56dc853fc369{ip: 192.168.69.98, host: pr-hdds-1950-tl9pt-285257851, networkLocation: /default-rack, certSerialId: null}f6cbc464-63a1-4ed5-a6d3-94f3823a1413{ip: 192.168.69.98, host: pr-hdds-1950-tl9pt-285257851, networkLocation: /default-rack, certSerialId: null}7a757e68-43af-46dc-b069-47da6fb40a41{ip: 192.168.69.98, host: pr-hdds-1950-tl9pt-285257851, networkLocation: /default-rack, certSerialId: null}, Type:RATIS, Factor:THREE, State:OPEN]
2019-08-21 06:47:50,675 [grpc-default-executor-9] INFO  impl.RaftServerProxy (RaftServerProxy.java:addNew(89)) - 4e78e98f-ea0c-4fff-97d6-9ba7960c8323: addNew group-A1E08738A272:[20fa16c8-b149-4c5b-b4f9-9fafb5a1985f:192.168.69.98:33186, 4e78e98f-ea0c-4fff-97d6-9ba7960c8323:192.168.69.98:36424, 9ffd4868-4ba9-44e7-9a03-c837b7b77730:192.168.69.98:38901] returns group-A1E08738A272:java.util.concurrent.CompletableFuture@1e0cc7be[Not completed]
2019-08-21 06:47:50,675 [grpc-default-executor-10] INFO  impl.RaftServerProxy (RaftServerProxy.java:addNew(89)) - 9ffd4868-4ba9-44e7-9a03-c837b7b77730: addNew group-A1E08738A272:[20fa16c8-b149-4c5b-b4f9-9fafb5a1985f:192.168.69.98:33186, 4e78e98f-ea0c-4fff-97d6-9ba7960c8323:192.168.69.98:36424, 9ffd4868-4ba9-44e7-9a03-c837b7b77730:192.168.69.98:38901] returns group-A1E08738A272:java.util.concurrent.CompletableFuture@75d33453[Not completed]
2019-08-21 06:47:50,675 [grpc-default-executor-5] INFO  impl.RaftServerProxy (RaftServerProxy.java:addNew(89)) - 20fa16c8-b149-4c5b-b4f9-9fafb5a1985f: addNew group-A1E08738A272:[20fa16c8-b149-4c5b-b4f9-9fafb5a1985f:192.168.69.98:33186, 4e78e98f-ea0c-4fff-97d6-9ba7960c8323:192.168.69.98:36424, 9ffd4868-4ba9-44e7-9a03-c837b7b77730:192.168.69.98:38901] returns group-A1E08738A272:java.util.concurrent.CompletableFuture@7058b66a[Not completed]
2019-08-21 06:47:50,676 [pool-472-thread-1] INFO  impl.RaftServerImpl (RaftServerImpl.java:<init>(93)) - 4e78e98f-ea0c-4fff-97d6-9ba7960c8323: new RaftServerImpl for group-A1E08738A272:[20fa16c8-b149-4c5b-b4f9-9fafb5a1985f:192.168.69.98:33186, 4e78e98f-ea0c-4fff-97d6-9ba7960c8323:192.168.69.98:36424, 9ffd4868-4ba9-44e7-9a03-c837b7b77730:192.168.69.98:38901] with ContainerStateMachine:uninitialized
2019-08-21 06:47:50,677 [pool-472-thread-1] INFO  server.RaftServerConfigKeys (ConfUtils.java:logGet(43)) - raft.server.rpc.timeout.min = 5s (custom)
2019-08-21 06:47:50,677 [pool-472-thread-1] INFO  server.RaftServerConfigKeys (ConfUtils.java:logGet(43)) - raft.server.rpc.timeout.max = 5200ms (custom)
2019-08-21 06:47:50,677 [pool-472-thread-1] INFO  server.RaftServerConfigKeys (ConfUtils.java:logGet(43)) - raft.server.rpcslowness.timeout = 120s (custom)
2019-08-21 06:47:50,677 [pool-472-thread-1] INFO  server.RaftServerConfigKeys (ConfUtils.java:logGet(43)) - raft.server.sleep.deviation.threshold = 300 (default)
2019-08-21 06:47:50,677 [pool-472-thread-1] INFO  server.RaftServerConfigKeys (ConfUtils.java:logGet(43)) - raft.server.log.appender.install.snapshot.enabled = false (custom)
2019-08-21 06:47:50,677 [pool-472-thread-1] INFO  impl.RaftServerImpl (ServerState.java:<init>(105)) - 4e78e98f-ea0c-4fff-97d6-9ba7960c8323:group-A1E08738A272 ConfigurationManager, init=-1: [20fa16c8-b149-4c5b-b4f9-9fafb5a1985f:192.168.69.98:33186, 4e78e98f-ea0c-4fff-97d6-9ba7960c8323:192.168.69.98:36424, 9ffd4868-4ba9-44e7-9a03-c837b7b77730:192.168.69.98:38901], old=null, confs=<EMPTY_MAP>
2019-08-21 06:47:50,677 [pool-494-thread-1] INFO  impl.RaftServerImpl (RaftServerImpl.java:<init>(93)) - 20fa16c8-b149-4c5b-b4f9-9fafb5a1985f: new RaftServerImpl for group-A1E08738A272:[20fa16c8-b149-4c5b-b4f9-9fafb5a1985f:192.168.69.98:33186, 4e78e98f-ea0c-4fff-97d6-9ba7960c8323:192.168.69.98:36424, 9ffd4868-4ba9-44e7-9a03-c837b7b77730:192.168.69.98:38901] with ContainerStateMachine:uninitialized
2019-08-21 06:47:50,677 [pool-472-thread-1] INFO  server.RaftServerConfigKeys (ConfUtils.java:logGet(43)) - raft.server.storage.dir = [/workdir/hadoop-ozone/integration-test/target/test-dir/MiniOzoneClusterImpl-9ea4e631-3cec-4bad-b090-c72c63c3b0a9/datanode-3/data/ratis] (custom)
2019-08-21 06:47:50,678 [pool-483-thread-1] INFO  impl.RaftServerImpl (RaftServerImpl.java:<init>(93)) - 9ffd4868-4ba9-44e7-9a03-c837b7b77730: new RaftServerImpl for group-A1E08738A272:[20fa16c8-b149-4c5b-b4f9-9fafb5a1985f:192.168.69.98:33186, 4e78e98f-ea0c-4fff-97d6-9ba7960c8323:192.168.69.98:36424, 9ffd4868-4ba9-44e7-9a03-c837b7b77730:192.168.69.98:38901] with ContainerStateMachine:uninitialized
2019-08-21 06:47:50,677 [pool-494-thread-1] INFO  server.RaftServerConfigKeys (ConfUtils.java:logGet(43)) - raft.server.rpc.timeout.min = 5s (custom)
2019-08-21 06:47:50,678 [pool-472-thread-1] INFO  storage.RaftStorageDirectory (RaftStorageDirectory.java:analyzeStorage(246)) - The storage directory /workdir/hadoop-ozone/integration-test/target/test-dir/MiniOzoneClusterImpl-9ea4e631-3cec-4bad-b090-c72c63c3b0a9/datanode-3/data/ratis/2440b74c-9054-4ffb-afb0-a1e08738a272 does not exist. Creating ...
2019-08-21 06:47:50,678 [pool-483-thread-1] INFO  server.RaftServerConfigKeys (ConfUtils.java:logGet(43)) - raft.server.rpc.timeout.min = 5s (custom)
2019-08-21 06:47:50,678 [pool-494-thread-1] INFO  server.RaftServerConfigKeys (ConfUtils.java:logGet(43)) - raft.server.rpc.timeout.max = 5200ms (custom)
2019-08-21 06:47:50,678 [pool-483-thread-1] INFO  server.RaftServerConfigKeys (ConfUtils.java:logGet(43)) - raft.server.rpc.timeout.max = 5200ms (custom)
2019-08-21 06:47:50,678 [pool-494-thread-1] INFO  server.RaftServerConfigKeys (ConfUtils.java:logGet(43)) - raft.server.rpcslowness.timeout = 120s (custom)
2019-08-21 06:47:50,678 [pool-483-thread-1] INFO  server.RaftServerConfigKeys (ConfUtils.java:logGet(43)) - raft.server.rpcslowness.timeout = 120s (custom)
2019-08-21 06:47:50,678 [pool-494-thread-1] INFO  server.RaftServerConfigKeys (ConfUtils.java:logGet(43)) - raft.server.sleep.deviation.threshold = 300 (default)
2019-08-21 06:47:50,679 [pool-483-thread-1] INFO  server.RaftServerConfigKeys (ConfUtils.java:logGet(43)) - raft.server.sleep.deviation.threshold = 300 (default)
2019-08-21 06:47:50,679 [pool-494-thread-1] INFO  server.RaftServerConfigKeys (ConfUtils.java:logGet(43)) - raft.server.log.appender.install.snapshot.enabled = false (custom)
2019-08-21 06:47:50,679 [pool-483-thread-1] INFO  server.RaftServerConfigKeys (ConfUtils.java:logGet(43)) - raft.server.log.appender.install.snapshot.enabled = false (custom)
2019-08-21 06:47:50,679 [pool-494-thread-1] INFO  impl.RaftServerImpl (ServerState.java:<init>(105)) - 20fa16c8-b149-4c5b-b4f9-9fafb5a1985f:group-A1E08738A272 ConfigurationManager, init=-1: [20fa16c8-b149-4c5b-b4f9-9fafb5a1985f:192.168.69.98:33186, 4e78e98f-ea0c-4fff-97d6-9ba7960c8323:192.168.69.98:36424, 9ffd4868-4ba9-44e7-9a03-c837b7b77730:192.168.69.98:38901], old=null, confs=<EMPTY_MAP>
2019-08-21 06:47:50,679 [pool-483-thread-1] INFO  impl.RaftServerImpl (ServerState.java:<init>(105)) - 9ffd4868-4ba9-44e7-9a03-c837b7b77730:group-A1E08738A272 ConfigurationManager, init=-1: [20fa16c8-b149-4c5b-b4f9-9fafb5a1985f:192.168.69.98:33186, 4e78e98f-ea0c-4fff-97d6-9ba7960c8323:192.168.69.98:36424, 9ffd4868-4ba9-44e7-9a03-c837b7b77730:192.168.69.98:38901], old=null, confs=<EMPTY_MAP>
2019-08-21 06:47:50,679 [pool-494-thread-1] INFO  server.RaftServerConfigKeys (ConfUtils.java:logGet(43)) - raft.server.storage.dir = [/workdir/hadoop-ozone/integration-test/target/test-dir/MiniOzoneClusterImpl-9ea4e631-3cec-4bad-b090-c72c63c3b0a9/datanode-5/data/ratis] (custom)
2019-08-21 06:47:50,679 [pool-483-thread-1] INFO  server.RaftServerConfigKeys (ConfUtils.java:logGet(43)) - raft.server.storage.dir = [/workdir/hadoop-ozone/integration-test/target/test-dir/MiniOzoneClusterImpl-9ea4e631-3cec-4bad-b090-c72c63c3b0a9/datanode-4/data/ratis] (custom)
2019-08-21 06:47:50,680 [pool-483-thread-1] INFO  storage.RaftStorageDirectory (RaftStorageDirectory.java:analyzeStorage(246)) - The storage directory /workdir/hadoop-ozone/integration-test/target/test-dir/MiniOzoneClusterImpl-9ea4e631-3cec-4bad-b090-c72c63c3b0a9/datanode-4/data/ratis/2440b74c-9054-4ffb-afb0-a1e08738a272 does not exist. Creating ...
2019-08-21 06:47:50,680 [pool-494-thread-1] INFO  storage.RaftStorageDirectory (RaftStorageDirectory.java:analyzeStorage(246)) - The storage directory /workdir/hadoop-ozone/integration-test/target/test-dir/MiniOzoneClusterImpl-9ea4e631-3cec-4bad-b090-c72c63c3b0a9/datanode-5/data/ratis/2440b74c-9054-4ffb-afb0-a1e08738a272 does not exist. Creating ...
2019-08-21 06:47:50,682 [pool-483-thread-1] INFO  storage.RaftStorageDirectory (RaftStorageDirectory.java:tryLock(328)) - Lock on /workdir/hadoop-ozone/integration-test/target/test-dir/MiniOzoneClusterImpl-9ea4e631-3cec-4bad-b090-c72c63c3b0a9/datanode-4/data/ratis/2440b74c-9054-4ffb-afb0-a1e08738a272/in_use.lock acquired by nodename 16896@pr-hdds-1950-tl9pt-285257851
2019-08-21 06:47:50,682 [pool-472-thread-1] INFO  storage.RaftStorageDirectory (RaftStorageDirectory.java:tryLock(328)) - Lock on /workdir/hadoop-ozone/integration-test/target/test-dir/MiniOzoneClusterImpl-9ea4e631-3cec-4bad-b090-c72c63c3b0a9/datanode-3/data/ratis/2440b74c-9054-4ffb-afb0-a1e08738a272/in_use.lock acquired by nodename 16896@pr-hdds-1950-tl9pt-285257851
2019-08-21 06:47:50,684 [pool-494-thread-1] INFO  storage.RaftStorageDirectory (RaftStorageDirectory.java:tryLock(328)) - Lock on /workdir/hadoop-ozone/integration-test/target/test-dir/MiniOzoneClusterImpl-9ea4e631-3cec-4bad-b090-c72c63c3b0a9/datanode-5/data/ratis/2440b74c-9054-4ffb-afb0-a1e08738a272/in_use.lock acquired by nodename 16896@pr-hdds-1950-tl9pt-285257851
2019-08-21 06:47:50,687 [pool-494-thread-1] INFO  storage.RaftStorage (RaftStorage.java:format(72)) - Storage directory /workdir/hadoop-ozone/integration-test/target/test-dir/MiniOzoneClusterImpl-9ea4e631-3cec-4bad-b090-c72c63c3b0a9/datanode-5/data/ratis/2440b74c-9054-4ffb-afb0-a1e08738a272 has been successfully formatted.
2019-08-21 06:47:50,687 [pool-472-thread-1] INFO  storage.RaftStorage (RaftStorage.java:format(72)) - Storage directory /workdir/hadoop-ozone/integration-test/target/test-dir/MiniOzoneClusterImpl-9ea4e631-3cec-4bad-b090-c72c63c3b0a9/datanode-3/data/ratis/2440b74c-9054-4ffb-afb0-a1e08738a272 has been successfully formatted.
2019-08-21 06:47:50,687 [pool-483-thread-1] INFO  storage.RaftStorage (RaftStorage.java:format(72)) - Storage directory /workdir/hadoop-ozone/integration-test/target/test-dir/MiniOzoneClusterImpl-9ea4e631-3cec-4bad-b090-c72c63c3b0a9/datanode-4/data/ratis/2440b74c-9054-4ffb-afb0-a1e08738a272 has been successfully formatted.
2019-08-21 06:47:50,687 [pool-472-thread-1] INFO  ratis.ContainerStateMachine (ContainerStateMachine.java:loadSnapshot(226)) - group-A1E08738A272: The snapshot info is null. Setting the last applied indexto:(t:0, i:~)
2019-08-21 06:47:50,687 [pool-483-thread-1] INFO  ratis.ContainerStateMachine (ContainerStateMachine.java:loadSnapshot(226)) - group-A1E08738A272: The snapshot info is null. Setting the last applied indexto:(t:0, i:~)
2019-08-21 06:47:50,687 [pool-472-thread-1] INFO  server.RaftServerConfigKeys (ConfUtils.java:logGet(43)) - raft.server.leader.election.timeout = 120s (custom)
2019-08-21 06:47:50,687 [pool-494-thread-1] INFO  ratis.ContainerStateMachine (ContainerStateMachine.java:loadSnapshot(226)) - group-A1E08738A272: The snapshot info is null. Setting the last applied indexto:(t:0, i:~)
2019-08-21 06:47:50,687 [pool-483-thread-1] INFO  server.RaftServerConfigKeys (ConfUtils.java:logGet(43)) - raft.server.leader.election.timeout = 120s (custom)
2019-08-21 06:47:50,688 [pool-494-thread-1] INFO  server.RaftServerConfigKeys (ConfUtils.java:logGet(43)) - raft.server.leader.election.timeout = 120s (custom)
2019-08-21 06:47:50,687 [pool-472-thread-1] INFO  server.RaftServerConfigKeys (ConfUtils.java:logGet(43)) - raft.server.log.use.memory = false (default)
2019-08-21 06:47:50,688 [pool-494-thread-1] INFO  server.RaftServerConfigKeys (ConfUtils.java:logGet(43)) - raft.server.log.use.memory = false (default)
2019-08-21 06:47:50,688 [pool-494-thread-1] INFO  server.RaftServerConfigKeys (ConfUtils.java:logGet(43)) - raft.server.log.purge.gap = 1000000 (custom)
2019-08-21 06:47:50,688 [pool-483-thread-1] INFO  server.RaftServerConfigKeys (ConfUtils.java:logGet(43)) - raft.server.log.use.memory = false (default)
2019-08-21 06:47:50,688 [pool-494-thread-1] INFO  server.RaftServerConfigKeys (ConfUtils.java:logGet(43)) - raft.server.log.appender.buffer.byte-limit = 33554432 (custom)
2019-08-21 06:47:50,688 [pool-472-thread-1] INFO  server.RaftServerConfigKeys (ConfUtils.java:logGet(43)) - raft.server.log.purge.gap = 1000000 (custom)
2019-08-21 06:47:50,688 [pool-494-thread-1] INFO  server.RaftServerConfigKeys (ConfUtils.java:logGet(43)) - raft.server.log.segment.size.max = 1048576 (custom)
2019-08-21 06:47:50,689 [pool-494-thread-1] INFO  server.RaftServerConfigKeys (ConfUtils.java:logGet(43)) - raft.server.log.segment.cache.num.max = 2 (custom)
2019-08-21 06:47:50,688 [pool-483-thread-1] INFO  server.RaftServerConfigKeys (ConfUtils.java:logGet(43)) - raft.server.log.purge.gap = 1000000 (custom)
2019-08-21 06:47:50,689 [pool-494-thread-1] INFO  segmented.SegmentedRaftLogWorker (SegmentedRaftLogWorker.java:<init>(172)) - new 20fa16c8-b149-4c5b-b4f9-9fafb5a1985f-SegmentedRaftLogWorker:Storage Directory /workdir/hadoop-ozone/integration-test/target/test-dir/MiniOzoneClusterImpl-9ea4e631-3cec-4bad-b090-c72c63c3b0a9/datanode-5/data/ratis/2440b74c-9054-4ffb-afb0-a1e08738a272 for RaftStorage:Storage Directory /workdir/hadoop-ozone/integration-test/target/test-dir/MiniOzoneClusterImpl-9ea4e631-3cec-4bad-b090-c72c63c3b0a9/datanode-5/data/ratis/2440b74c-9054-4ffb-afb0-a1e08738a272
2019-08-21 06:47:50,689 [pool-472-thread-1] INFO  server.RaftServerConfigKeys (ConfUtils.java:logGet(43)) - raft.server.log.appender.buffer.byte-limit = 33554432 (custom)
2019-08-21 06:47:50,689 [pool-494-thread-1] INFO  server.RaftServerConfigKeys (ConfUtils.java:logGet(43)) - raft.server.log.queue.byte-limit = 2147483647 (custom)
2019-08-21 06:47:50,689 [pool-494-thread-1] INFO  server.RaftServerConfigKeys (ConfUtils.java:logGet(43)) - raft.server.log.queue.element-limit = 1024 (custom)
2019-08-21 06:47:50,689 [pool-483-thread-1] INFO  server.RaftServerConfigKeys (ConfUtils.java:logGet(43)) - raft.server.log.appender.buffer.byte-limit = 33554432 (custom)
2019-08-21 06:47:50,689 [pool-494-thread-1] INFO  server.RaftServerConfigKeys (ConfUtils.java:logGet(43)) - raft.server.log.segment.size.max = 1048576 (custom)
2019-08-21 06:47:50,690 [pool-494-thread-1] INFO  server.RaftServerConfigKeys (ConfUtils.java:logGet(43)) - raft.server.log.preallocated.size = 16384 (custom)
2019-08-21 06:47:50,689 [pool-472-thread-1] INFO  server.RaftServerConfigKeys (ConfUtils.java:logGet(43)) - raft.server.log.segment.size.max = 1048576 (custom)
2019-08-21 06:47:50,690 [pool-494-thread-1] INFO  server.RaftServerConfigKeys (ConfUtils.java:logGet(43)) - raft.server.log.write.buffer.size = 33554432 (custom)
2019-08-21 06:47:50,690 [pool-483-thread-1] INFO  server.RaftServerConfigKeys (ConfUtils.java:logGet(43)) - raft.server.log.segment.size.max = 1048576 (custom)
2019-08-21 06:47:50,690 [pool-494-thread-1] INFO  server.RaftServerConfigKeys (ConfUtils.java:logGet(43)) - raft.server.log.force.sync.num = 128 (default)
2019-08-21 06:47:50,690 [pool-472-thread-1] INFO  server.RaftServerConfigKeys (ConfUtils.java:logGet(43)) - raft.server.log.segment.cache.num.max = 2 (custom)
2019-08-21 06:47:50,690 [pool-494-thread-1] INFO  server.RaftServerConfigKeys (ConfUtils.java:logGet(43)) - raft.server.log.statemachine.data.sync = true (default)
2019-08-21 06:47:50,691 [pool-494-thread-1] INFO  server.RaftServerConfigKeys (ConfUtils.java:logGet(43)) - raft.server.log.statemachine.data.sync.timeout = 10s (default)
2019-08-21 06:47:50,690 [pool-483-thread-1] INFO  server.RaftServerConfigKeys (ConfUtils.java:logGet(43)) - raft.server.log.segment.cache.num.max = 2 (custom)
2019-08-21 06:47:50,691 [pool-494-thread-1] INFO  server.RaftServerConfigKeys (ConfUtils.java:logGet(43)) - raft.server.log.statemachine.data.sync.timeout.retry = -1 (default)
2019-08-21 06:47:50,690 [pool-472-thread-1] INFO  segmented.SegmentedRaftLogWorker (SegmentedRaftLogWorker.java:<init>(172)) - new 4e78e98f-ea0c-4fff-97d6-9ba7960c8323-SegmentedRaftLogWorker:Storage Directory /workdir/hadoop-ozone/integration-test/target/test-dir/MiniOzoneClusterImpl-9ea4e631-3cec-4bad-b090-c72c63c3b0a9/datanode-3/data/ratis/2440b74c-9054-4ffb-afb0-a1e08738a272 for RaftStorage:Storage Directory /workdir/hadoop-ozone/integration-test/target/test-dir/MiniOzoneClusterImpl-9ea4e631-3cec-4bad-b090-c72c63c3b0a9/datanode-3/data/ratis/2440b74c-9054-4ffb-afb0-a1e08738a272
2019-08-21 06:47:50,691 [pool-494-thread-1] INFO  server.RaftServerConfigKeys (ConfUtils.java:logGet(43)) - raft.server.log.statemachine.data.caching.enabled = true (custom)
2019-08-21 06:47:50,691 [pool-483-thread-1] INFO  segmented.SegmentedRaftLogWorker (SegmentedRaftLogWorker.java:<init>(172)) - new 9ffd4868-4ba9-44e7-9a03-c837b7b77730-SegmentedRaftLogWorker:Storage Directory /workdir/hadoop-ozone/integration-test/target/test-dir/MiniOzoneClusterImpl-9ea4e631-3cec-4bad-b090-c72c63c3b0a9/datanode-4/data/ratis/2440b74c-9054-4ffb-afb0-a1e08738a272 for RaftStorage:Storage Directory /workdir/hadoop-ozone/integration-test/target/test-dir/MiniOzoneClusterImpl-9ea4e631-3cec-4bad-b090-c72c63c3b0a9/datanode-4/data/ratis/2440b74c-9054-4ffb-afb0-a1e08738a272
2019-08-21 06:47:50,691 [pool-494-thread-1] INFO  segmented.SegmentedRaftLogWorker (SegmentedRaftLogWorker.java:lambda$new$0(132)) - 20fa16c8-b149-4c5b-b4f9-9fafb5a1985f-SegmentedRaftLogWorker:Storage Directory /workdir/hadoop-ozone/integration-test/target/test-dir/MiniOzoneClusterImpl-9ea4e631-3cec-4bad-b090-c72c63c3b0a9/datanode-5/data/ratis/2440b74c-9054-4ffb-afb0-a1e08738a272: flushIndex: setUnconditionally 0 -> -1
2019-08-21 06:47:50,691 [pool-472-thread-1] INFO  server.RaftServerConfigKeys (ConfUtils.java:logGet(43)) - raft.server.log.queue.byte-limit = 2147483647 (custom)
2019-08-21 06:47:50,692 [pool-494-thread-1] INFO  server.RaftServerConfigKeys (ConfUtils.java:logGet(43)) - raft.server.snapshot.auto.trigger.enabled = true (custom)
2019-08-21 06:47:50,691 [pool-483-thread-1] INFO  server.RaftServerConfigKeys (ConfUtils.java:logGet(43)) - raft.server.log.queue.byte-limit = 2147483647 (custom)
2019-08-21 06:47:50,692 [pool-494-thread-1] INFO  server.RaftServerConfigKeys (ConfUtils.java:logGet(43)) - raft.server.snapshot.auto.trigger.threshold = 10000 (custom)
2019-08-21 06:47:50,692 [pool-472-thread-1] INFO  server.RaftServerConfigKeys (ConfUtils.java:logGet(43)) - raft.server.log.queue.element-limit = 1024 (custom)
2019-08-21 06:47:50,692 [pool-494-thread-1] INFO  server.RaftServerConfigKeys (ConfUtils.java:logGet(43)) - raft.server.retrycache.expirytime = 600000ms (custom)
2019-08-21 06:47:50,692 [pool-483-thread-1] INFO  server.RaftServerConfigKeys (ConfUtils.java:logGet(43)) - raft.server.log.queue.element-limit = 1024 (custom)
2019-08-21 06:47:50,692 [pool-494-thread-1] INFO  impl.RaftServerImpl (RaftServerImpl.java:start(180)) - 20fa16c8-b149-4c5b-b4f9-9fafb5a1985f: start group-A1E08738A272
2019-08-21 06:47:50,692 [pool-494-thread-1] INFO  impl.RaftServerImpl (RaftServerImpl.java:setRole(171)) - 20fa16c8-b149-4c5b-b4f9-9fafb5a1985f:group-A1E08738A272 changes role from null to FOLLOWER at term 0 for startAsFollower
2019-08-21 06:47:50,692 [pool-472-thread-1] INFO  server.RaftServerConfigKeys (ConfUtils.java:logGet(43)) - raft.server.log.segment.size.max = 1048576 (custom)
2019-08-21 06:47:50,693 [pool-494-thread-1] INFO  impl.RoleInfo (RoleInfo.java:updateAndGet(143)) - 20fa16c8-b149-4c5b-b4f9-9fafb5a1985f: start FollowerState
2019-08-21 06:47:50,692 [pool-483-thread-1] INFO  server.RaftServerConfigKeys (ConfUtils.java:logGet(43)) - raft.server.log.segment.size.max = 1048576 (custom)
2019-08-21 06:47:50,693 [pool-472-thread-1] INFO  server.RaftServerConfigKeys (ConfUtils.java:logGet(43)) - raft.server.log.preallocated.size = 16384 (custom)
2019-08-21 06:47:50,693 [pool-483-thread-1] INFO  server.RaftServerConfigKeys (ConfUtils.java:logGet(43)) - raft.server.log.preallocated.size = 16384 (custom)
2019-08-21 06:47:50,693 [pool-494-thread-1] INFO  util.JmxRegister (JmxRegister.java:tryRegister(44)) - Successfully registered JMX Bean with object name Ratis:service=RaftServer,group=group-A1E08738A272,id=20fa16c8-b149-4c5b-b4f9-9fafb5a1985f
2019-08-21 06:47:50,693 [pool-483-thread-1] INFO  server.RaftServerConfigKeys (ConfUtils.java:logGet(43)) - raft.server.log.write.buffer.size = 33554432 (custom)
2019-08-21 06:47:50,694 [pool-483-thread-1] INFO  server.RaftServerConfigKeys (ConfUtils.java:logGet(43)) - raft.server.log.force.sync.num = 128 (default)
2019-08-21 06:47:50,693 [pool-472-thread-1] INFO  server.RaftServerConfigKeys (ConfUtils.java:logGet(43)) - raft.server.log.write.buffer.size = 33554432 (custom)
2019-08-21 06:47:50,694 [pool-483-thread-1] INFO  server.RaftServerConfigKeys (ConfUtils.java:logGet(43)) - raft.server.log.statemachine.data.sync = true (default)
2019-08-21 06:47:50,694 [pool-472-thread-1] INFO  server.RaftServerConfigKeys (ConfUtils.java:logGet(43)) - raft.server.log.force.sync.num = 128 (default)
2019-08-21 06:47:50,694 [pool-483-thread-1] INFO  server.RaftServerConfigKeys (ConfUtils.java:logGet(43)) - raft.server.log.statemachine.data.sync.timeout = 10s (default)
2019-08-21 06:47:50,697 [pool-483-thread-1] INFO  server.RaftServerConfigKeys (ConfUtils.java:logGet(43)) - raft.server.log.statemachine.data.sync.timeout.retry = -1 (default)
2019-08-21 06:47:50,694 [pool-472-thread-1] INFO  server.RaftServerConfigKeys (ConfUtils.java:logGet(43)) - raft.server.log.statemachine.data.sync = true (default)
2019-08-21 06:47:50,697 [pool-483-thread-1] INFO  server.RaftServerConfigKeys (ConfUtils.java:logGet(43)) - raft.server.log.statemachine.data.caching.enabled = true (custom)
2019-08-21 06:47:50,697 [pool-472-thread-1] INFO  server.RaftServerConfigKeys (ConfUtils.java:logGet(43)) - raft.server.log.statemachine.data.sync.timeout = 10s (default)
2019-08-21 06:47:50,698 [pool-483-thread-1] INFO  segmented.SegmentedRaftLogWorker (SegmentedRaftLogWorker.java:lambda$new$0(132)) - 9ffd4868-4ba9-44e7-9a03-c837b7b77730-SegmentedRaftLogWorker:Storage Directory /workdir/hadoop-ozone/integration-test/target/test-dir/MiniOzoneClusterImpl-9ea4e631-3cec-4bad-b090-c72c63c3b0a9/datanode-4/data/ratis/2440b74c-9054-4ffb-afb0-a1e08738a272: flushIndex: setUnconditionally 0 -> -1
2019-08-21 06:47:50,698 [pool-472-thread-1] INFO  server.RaftServerConfigKeys (ConfUtils.java:logGet(43)) - raft.server.log.statemachine.data.sync.timeout.retry = -1 (default)
2019-08-21 06:47:50,698 [pool-483-thread-1] INFO  server.RaftServerConfigKeys (ConfUtils.java:logGet(43)) - raft.server.snapshot.auto.trigger.enabled = true (custom)
2019-08-21 06:47:50,698 [pool-472-thread-1] INFO  server.RaftServerConfigKeys (ConfUtils.java:logGet(43)) - raft.server.log.statemachine.data.caching.enabled = true (custom)
2019-08-21 06:47:50,698 [pool-483-thread-1] INFO  server.RaftServerConfigKeys (ConfUtils.java:logGet(43)) - raft.server.snapshot.auto.trigger.threshold = 10000 (custom)
2019-08-21 06:47:50,699 [pool-472-thread-1] INFO  segmented.SegmentedRaftLogWorker (SegmentedRaftLogWorker.java:lambda$new$0(132)) - 4e78e98f-ea0c-4fff-97d6-9ba7960c8323-SegmentedRaftLogWorker:Storage Directory /workdir/hadoop-ozone/integration-test/target/test-dir/MiniOzoneClusterImpl-9ea4e631-3cec-4bad-b090-c72c63c3b0a9/datanode-3/data/ratis/2440b74c-9054-4ffb-afb0-a1e08738a272: flushIndex: setUnconditionally 0 -> -1
2019-08-21 06:47:50,699 [pool-483-thread-1] INFO  server.RaftServerConfigKeys (ConfUtils.java:logGet(43)) - raft.server.retrycache.expirytime = 600000ms (custom)
2019-08-21 06:47:50,699 [pool-472-thread-1] INFO  server.RaftServerConfigKeys (ConfUtils.java:logGet(43)) - raft.server.snapshot.auto.trigger.enabled = true (custom)
2019-08-21 06:47:50,699 [pool-483-thread-1] INFO  impl.RaftServerImpl (RaftServerImpl.java:start(180)) - 9ffd4868-4ba9-44e7-9a03-c837b7b77730: start group-A1E08738A272
2019-08-21 06:47:50,699 [pool-472-thread-1] INFO  server.RaftServerConfigKeys (ConfUtils.java:logGet(43)) - raft.server.snapshot.auto.trigger.threshold = 10000 (custom)
2019-08-21 06:47:50,699 [pool-483-thread-1] INFO  impl.RaftServerImpl (RaftServerImpl.java:setRole(171)) - 9ffd4868-4ba9-44e7-9a03-c837b7b77730:group-A1E08738A272 changes role from null to FOLLOWER at term 0 for startAsFollower
2019-08-21 06:47:50,699 [pool-472-thread-1] INFO  server.RaftServerConfigKeys (ConfUtils.java:logGet(43)) - raft.server.retrycache.expirytime = 600000ms (custom)
2019-08-21 06:47:50,699 [pool-483-thread-1] INFO  impl.RoleInfo (RoleInfo.java:updateAndGet(143)) - 9ffd4868-4ba9-44e7-9a03-c837b7b77730: start FollowerState
2019-08-21 06:47:50,700 [pool-472-thread-1] INFO  impl.RaftServerImpl (RaftServerImpl.java:start(180)) - 4e78e98f-ea0c-4fff-97d6-9ba7960c8323: start group-A1E08738A272
2019-08-21 06:47:50,700 [pool-472-thread-1] INFO  impl.RaftServerImpl (RaftServerImpl.java:setRole(171)) - 4e78e98f-ea0c-4fff-97d6-9ba7960c8323:group-A1E08738A272 changes role from null to FOLLOWER at term 0 for startAsFollower
2019-08-21 06:47:50,700 [pool-472-thread-1] INFO  impl.RoleInfo (RoleInfo.java:updateAndGet(143)) - 4e78e98f-ea0c-4fff-97d6-9ba7960c8323: start FollowerState
2019-08-21 06:47:50,700 [pool-483-thread-1] INFO  util.JmxRegister (JmxRegister.java:tryRegister(44)) - Successfully registered JMX Bean with object name Ratis:service=RaftServer,group=group-A1E08738A272,id=9ffd4868-4ba9-44e7-9a03-c837b7b77730
2019-08-21 06:47:50,700 [pool-472-thread-1] INFO  util.JmxRegister (JmxRegister.java:tryRegister(44)) - Successfully registered JMX Bean with object name Ratis:service=RaftServer,group=group-A1E08738A272,id=4e78e98f-ea0c-4fff-97d6-9ba7960c8323
2019-08-21 06:47:50,706 [RatisPipelineUtilsThread] INFO  pipeline.PipelineStateManager (PipelineStateManager.java:addPipeline(56)) - Created pipeline Pipeline[ Id: 2440b74c-9054-4ffb-afb0-a1e08738a272, Nodes: 9ffd4868-4ba9-44e7-9a03-c837b7b77730{ip: 192.168.69.98, host: pr-hdds-1950-tl9pt-285257851, networkLocation: /default-rack, certSerialId: null}20fa16c8-b149-4c5b-b4f9-9fafb5a1985f{ip: 192.168.69.98, host: pr-hdds-1950-tl9pt-285257851, networkLocation: /default-rack, certSerialId: null}4e78e98f-ea0c-4fff-97d6-9ba7960c8323{ip: 192.168.69.98, host: pr-hdds-1950-tl9pt-285257851, networkLocation: /default-rack, certSerialId: null}, Type:RATIS, Factor:THREE, State:OPEN]
2019-08-21 06:47:50,711 | INFO  | SCMAudit | user=jenkins1000 | ip=192.168.69.98 | op=ALLOCATE_BLOCK {owner=59a7b7d0-6e45-49f7-b273-38530615f07e, size=800, type=RATIS, factor=THREE} | ret=SUCCESS |  
2019-08-21 06:47:50,713 | INFO  | OMAudit | user=jenkins1000 | ip=127.0.0.1 | op=ALLOCATE_KEY {volume=testblockoutputstream, bucket=testblockoutputstream, key=1d274413-3756-4b93-9e62-b6a9b1029d75, dataSize=0, replicationType=RATIS, replicationFactor=THREE, keyLocationInfo=null} | ret=SUCCESS |  
2019-08-21 06:47:50,728 [grpc-default-executor-5] INFO  client.GrpcClientProtocolClient (GrpcClientProtocolClient.java:onNext(255)) - client-32787D5CFC5D->eea1d4b5-a777-41a4-8ddf-56dc853fc369: receive RaftClientReply:client-32787D5CFC5D->eea1d4b5-a777-41a4-8ddf-56dc853fc369@group-35C25930241E, cid=176, FAILED org.apache.ratis.protocol.NotLeaderException: Server eea1d4b5-a777-41a4-8ddf-56dc853fc369 is not the leader (null). Request must be sent to leader., logIndex=0, commits[eea1d4b5-a777-41a4-8ddf-56dc853fc369:c-1]
2019-08-21 06:47:50,785 | INFO  | SCMAudit | user=jenkins1000 | ip=192.168.69.98 | op=SEND_HEARTBEAT {datanodeUUID=7a757e68-43af-46dc-b069-47da6fb40a41, command=[]} | ret=SUCCESS |  
2019-08-21 06:47:50,947 | INFO  | SCMAudit | user=jenkins1000 | ip=192.168.69.98 | op=SEND_HEARTBEAT {datanodeUUID=4e78e98f-ea0c-4fff-97d6-9ba7960c8323, command=[]} | ret=SUCCESS |  
2019-08-21 06:47:51,108 | INFO  | SCMAudit | user=jenkins1000 | ip=192.168.69.98 | op=SEND_HEARTBEAT {datanodeUUID=9ffd4868-4ba9-44e7-9a03-c837b7b77730, command=[]} | ret=SUCCESS |  
2019-08-21 06:47:51,116 | INFO  | SCMAudit | user=jenkins1000 | ip=192.168.69.98 | op=SEND_HEARTBEAT {datanodeUUID=2440a51f-3981-4500-9b25-8137dd33ecb0, command=[]} | ret=SUCCESS |  
2019-08-21 06:47:51,277 | INFO  | SCMAudit | user=jenkins1000 | ip=192.168.69.98 | op=SEND_HEARTBEAT {datanodeUUID=20fa16c8-b149-4c5b-b4f9-9fafb5a1985f, command=[]} | ret=SUCCESS |  
2019-08-21 06:47:51,311 | INFO  | SCMAudit | user=jenkins1000 | ip=192.168.69.98 | op=SEND_HEARTBEAT {datanodeUUID=eea1d4b5-a777-41a4-8ddf-56dc853fc369, command=[]} | ret=SUCCESS |  
2019-08-21 06:47:51,435 | INFO  | SCMAudit | user=jenkins1000 | ip=192.168.69.98 | op=SEND_HEARTBEAT {datanodeUUID=f6cbc464-63a1-4ed5-a6d3-94f3823a1413, command=[]} | ret=SUCCESS |  
2019-08-21 06:47:51,741 [grpc-default-executor-10] INFO  client.GrpcClientProtocolClient (GrpcClientProtocolClient.java:onNext(255)) - client-32787D5CFC5D->f6cbc464-63a1-4ed5-a6d3-94f3823a1413: receive RaftClientReply:client-32787D5CFC5D->f6cbc464-63a1-4ed5-a6d3-94f3823a1413@group-35C25930241E, cid=176, FAILED org.apache.ratis.protocol.NotLeaderException: Server f6cbc464-63a1-4ed5-a6d3-94f3823a1413 is not the leader (null). Request must be sent to leader., logIndex=0, commits[f6cbc464-63a1-4ed5-a6d3-94f3823a1413:c-1]
2019-08-21 06:47:51,786 | INFO  | SCMAudit | user=jenkins1000 | ip=192.168.69.98 | op=SEND_HEARTBEAT {datanodeUUID=7a757e68-43af-46dc-b069-47da6fb40a41, command=[]} | ret=SUCCESS |  
2019-08-21 06:47:51,948 | INFO  | SCMAudit | user=jenkins1000 | ip=192.168.69.98 | op=SEND_HEARTBEAT {datanodeUUID=4e78e98f-ea0c-4fff-97d6-9ba7960c8323, command=[]} | ret=SUCCESS |  
2019-08-21 06:47:52,108 | INFO  | SCMAudit | user=jenkins1000 | ip=192.168.69.98 | op=SEND_HEARTBEAT {datanodeUUID=9ffd4868-4ba9-44e7-9a03-c837b7b77730, command=[]} | ret=SUCCESS |  
2019-08-21 06:47:52,116 | INFO  | SCMAudit | user=jenkins1000 | ip=192.168.69.98 | op=SEND_HEARTBEAT {datanodeUUID=2440a51f-3981-4500-9b25-8137dd33ecb0, command=[]} | ret=SUCCESS |  
2019-08-21 06:47:52,277 | INFO  | SCMAudit | user=jenkins1000 | ip=192.168.69.98 | op=SEND_HEARTBEAT {datanodeUUID=20fa16c8-b149-4c5b-b4f9-9fafb5a1985f, command=[]} | ret=SUCCESS |  
2019-08-21 06:47:52,311 | INFO  | SCMAudit | user=jenkins1000 | ip=192.168.69.98 | op=SEND_HEARTBEAT {datanodeUUID=eea1d4b5-a777-41a4-8ddf-56dc853fc369, command=[]} | ret=SUCCESS |  
2019-08-21 06:47:52,435 | INFO  | SCMAudit | user=jenkins1000 | ip=192.168.69.98 | op=SEND_HEARTBEAT {datanodeUUID=f6cbc464-63a1-4ed5-a6d3-94f3823a1413, command=[]} | ret=SUCCESS |  
2019-08-21 06:47:52,752 [grpc-default-executor-5] INFO  client.GrpcClientProtocolClient (GrpcClientProtocolClient.java:onNext(255)) - client-32787D5CFC5D->eea1d4b5-a777-41a4-8ddf-56dc853fc369: receive RaftClientReply:client-32787D5CFC5D->eea1d4b5-a777-41a4-8ddf-56dc853fc369@group-35C25930241E, cid=176, FAILED org.apache.ratis.protocol.NotLeaderException: Server eea1d4b5-a777-41a4-8ddf-56dc853fc369 is not the leader (null). Request must be sent to leader., logIndex=0, commits[eea1d4b5-a777-41a4-8ddf-56dc853fc369:c-1]
2019-08-21 06:47:52,786 | INFO  | SCMAudit | user=jenkins1000 | ip=192.168.69.98 | op=SEND_HEARTBEAT {datanodeUUID=7a757e68-43af-46dc-b069-47da6fb40a41, command=[]} | ret=SUCCESS |  
2019-08-21 06:47:52,947 | INFO  | SCMAudit | user=jenkins1000 | ip=192.168.69.98 | op=SEND_HEARTBEAT {datanodeUUID=4e78e98f-ea0c-4fff-97d6-9ba7960c8323, command=[]} | ret=SUCCESS |  
2019-08-21 06:47:53,068 [Thread-3513] INFO  impl.FollowerState (FollowerState.java:run(106)) - 2440a51f-3981-4500-9b25-8137dd33ecb0:group-6A85DFBF086B changes to CANDIDATE, lastRpcTime:5168, electionTimeout:5168ms
2019-08-21 06:47:53,068 [Thread-3513] INFO  impl.RoleInfo (RoleInfo.java:shutdownFollowerState(121)) - 2440a51f-3981-4500-9b25-8137dd33ecb0: shutdown FollowerState
2019-08-21 06:47:53,069 [Thread-3513] INFO  impl.RaftServerImpl (RaftServerImpl.java:setRole(171)) - 2440a51f-3981-4500-9b25-8137dd33ecb0:group-6A85DFBF086B changes role from FOLLOWER to CANDIDATE at term 0 for changeToCandidate
2019-08-21 06:47:53,069 [Thread-3513] INFO  impl.RoleInfo (RoleInfo.java:updateAndGet(143)) - 2440a51f-3981-4500-9b25-8137dd33ecb0: start LeaderElection
2019-08-21 06:47:53,109 | INFO  | SCMAudit | user=jenkins1000 | ip=192.168.69.98 | op=SEND_HEARTBEAT {datanodeUUID=9ffd4868-4ba9-44e7-9a03-c837b7b77730, command=[]} | ret=SUCCESS |  
2019-08-21 06:47:53,116 | INFO  | SCMAudit | user=jenkins1000 | ip=192.168.69.98 | op=SEND_HEARTBEAT {datanodeUUID=2440a51f-3981-4500-9b25-8137dd33ecb0, command=[]} | ret=SUCCESS |  
2019-08-21 06:47:53,152 [2440a51f-3981-4500-9b25-8137dd33ecb0:group-6A85DFBF086B:LeaderElection69] INFO  impl.LeaderElection (LeaderElection.java:askForVotes(181)) - 2440a51f-3981-4500-9b25-8137dd33ecb0:group-6A85DFBF086B:LeaderElection69: begin an election at term 1 for -1: [2440a51f-3981-4500-9b25-8137dd33ecb0:192.168.69.98:43960], old=null
2019-08-21 06:47:53,153 [2440a51f-3981-4500-9b25-8137dd33ecb0:group-6A85DFBF086B:LeaderElection69] INFO  impl.RoleInfo (RoleInfo.java:shutdownLeaderElection(134)) - 2440a51f-3981-4500-9b25-8137dd33ecb0: shutdown LeaderElection
2019-08-21 06:47:53,153 [2440a51f-3981-4500-9b25-8137dd33ecb0:group-6A85DFBF086B:LeaderElection69] INFO  impl.RaftServerImpl (RaftServerImpl.java:setRole(171)) - 2440a51f-3981-4500-9b25-8137dd33ecb0:group-6A85DFBF086B changes role from CANDIDATE to LEADER at term 1 for changeToLeader
2019-08-21 06:47:53,153 [2440a51f-3981-4500-9b25-8137dd33ecb0:group-6A85DFBF086B:LeaderElection69] INFO  impl.RaftServerImpl (ServerState.java:setLeader(263)) - 2440a51f-3981-4500-9b25-8137dd33ecb0:group-6A85DFBF086B change Leader from null to 2440a51f-3981-4500-9b25-8137dd33ecb0 at term 1 for becomeLeader, leader elected after 5259ms
2019-08-21 06:47:53,154 [2440a51f-3981-4500-9b25-8137dd33ecb0:group-6A85DFBF086B:LeaderElection69] INFO  server.RaftServerConfigKeys (ConfUtils.java:logGet(43)) - raft.server.staging.catchup.gap = 1000 (default)
2019-08-21 06:47:53,154 [2440a51f-3981-4500-9b25-8137dd33ecb0:group-6A85DFBF086B:LeaderElection69] INFO  server.RaftServerConfigKeys (ConfUtils.java:logGet(43)) - raft.server.rpc.sleep.time = 25ms (default)
2019-08-21 06:47:53,154 [2440a51f-3981-4500-9b25-8137dd33ecb0:group-6A85DFBF086B:LeaderElection69] INFO  server.RaftServerConfigKeys (ConfUtils.java:logGet(43)) - raft.server.write.element-limit = 4096 (default)
2019-08-21 06:47:53,154 [2440a51f-3981-4500-9b25-8137dd33ecb0:group-6A85DFBF086B:LeaderElection69] INFO  server.RaftServerConfigKeys (ConfUtils.java:logGet(43)) - raft.server.watch.timeout = 10s (default)
2019-08-21 06:47:53,154 [2440a51f-3981-4500-9b25-8137dd33ecb0:group-6A85DFBF086B:LeaderElection69] INFO  server.RaftServerConfigKeys (ConfUtils.java:logGet(43)) - raft.server.watch.timeout.denomination = 1s (default)
2019-08-21 06:47:53,155 [2440a51f-3981-4500-9b25-8137dd33ecb0:group-6A85DFBF086B:LeaderElection69] INFO  server.RaftServerConfigKeys (ConfUtils.java:logGet(43)) - raft.server.watch.element-limit = 65536 (default)
2019-08-21 06:47:53,155 [2440a51f-3981-4500-9b25-8137dd33ecb0:group-6A85DFBF086B:LeaderElection69] INFO  impl.RoleInfo (RoleInfo.java:updateAndGet(143)) - 2440a51f-3981-4500-9b25-8137dd33ecb0: start LeaderState
2019-08-21 06:47:53,155 [2440a51f-3981-4500-9b25-8137dd33ecb0:group-6A85DFBF086B:LeaderElection69] INFO  segmented.SegmentedRaftLogWorker (SegmentedRaftLogWorker.java:startLogSegment(380)) - 2440a51f-3981-4500-9b25-8137dd33ecb0-SegmentedRaftLogWorker:Storage Directory /workdir/hadoop-ozone/integration-test/target/test-dir/MiniOzoneClusterImpl-9ea4e631-3cec-4bad-b090-c72c63c3b0a9/datanode-0/data/ratis/bf174057-3bfe-4127-bddb-6a85dfbf086b: Starting segment from index:0
2019-08-21 06:47:53,156 [2440a51f-3981-4500-9b25-8137dd33ecb0:group-6A85DFBF086B:LeaderElection69] INFO  impl.RaftServerImpl (ServerState.java:setRaftConf(361)) - 2440a51f-3981-4500-9b25-8137dd33ecb0:group-6A85DFBF086B set configuration 0: [2440a51f-3981-4500-9b25-8137dd33ecb0:192.168.69.98:43960], old=null at 0
2019-08-21 06:47:53,277 | INFO  | SCMAudit | user=jenkins1000 | ip=192.168.69.98 | op=SEND_HEARTBEAT {datanodeUUID=20fa16c8-b149-4c5b-b4f9-9fafb5a1985f, command=[]} | ret=SUCCESS |  
2019-08-21 06:47:53,311 | INFO  | SCMAudit | user=jenkins1000 | ip=192.168.69.98 | op=SEND_HEARTBEAT {datanodeUUID=eea1d4b5-a777-41a4-8ddf-56dc853fc369, command=[]} | ret=SUCCESS |  
2019-08-21 06:47:53,322 [2440a51f-3981-4500-9b25-8137dd33ecb0-SegmentedRaftLogWorker:Storage Directory /workdir/hadoop-ozone/integration-test/target/test-dir/MiniOzoneClusterImpl-9ea4e631-3cec-4bad-b090-c72c63c3b0a9/datanode-0/data/ratis/bf174057-3bfe-4127-bddb-6a85dfbf086b] INFO  segmented.SegmentedRaftLogWorker (SegmentedRaftLogWorker.java:execute(569)) - 2440a51f-3981-4500-9b25-8137dd33ecb0-SegmentedRaftLogWorker:Storage Directory /workdir/hadoop-ozone/integration-test/target/test-dir/MiniOzoneClusterImpl-9ea4e631-3cec-4bad-b090-c72c63c3b0a9/datanode-0/data/ratis/bf174057-3bfe-4127-bddb-6a85dfbf086b: created new log segment /workdir/hadoop-ozone/integration-test/target/test-dir/MiniOzoneClusterImpl-9ea4e631-3cec-4bad-b090-c72c63c3b0a9/datanode-0/data/ratis/bf174057-3bfe-4127-bddb-6a85dfbf086b/current/log_inprogress_0
2019-08-21 06:47:53,435 | INFO  | SCMAudit | user=jenkins1000 | ip=192.168.69.98 | op=SEND_HEARTBEAT {datanodeUUID=f6cbc464-63a1-4ed5-a6d3-94f3823a1413, command=[]} | ret=SUCCESS |  
2019-08-21 06:47:53,763 [grpc-default-executor-5] INFO  client.GrpcClientProtocolClient (GrpcClientProtocolClient.java:onNext(255)) - client-32787D5CFC5D->f6cbc464-63a1-4ed5-a6d3-94f3823a1413: receive RaftClientReply:client-32787D5CFC5D->f6cbc464-63a1-4ed5-a6d3-94f3823a1413@group-35C25930241E, cid=176, FAILED org.apache.ratis.protocol.NotLeaderException: Server f6cbc464-63a1-4ed5-a6d3-94f3823a1413 is not the leader (null). Request must be sent to leader., logIndex=0, commits[f6cbc464-63a1-4ed5-a6d3-94f3823a1413:c-1]
2019-08-21 06:47:53,786 | INFO  | SCMAudit | user=jenkins1000 | ip=192.168.69.98 | op=SEND_HEARTBEAT {datanodeUUID=7a757e68-43af-46dc-b069-47da6fb40a41, command=[]} | ret=SUCCESS |  
2019-08-21 06:47:53,947 | INFO  | SCMAudit | user=jenkins1000 | ip=192.168.69.98 | op=SEND_HEARTBEAT {datanodeUUID=4e78e98f-ea0c-4fff-97d6-9ba7960c8323, command=[]} | ret=SUCCESS |  
2019-08-21 06:47:54,109 | INFO  | SCMAudit | user=jenkins1000 | ip=192.168.69.98 | op=SEND_HEARTBEAT {datanodeUUID=9ffd4868-4ba9-44e7-9a03-c837b7b77730, command=[]} | ret=SUCCESS |  
2019-08-21 06:47:54,116 | INFO  | SCMAudit | user=jenkins1000 | ip=192.168.69.98 | op=SEND_HEARTBEAT {datanodeUUID=2440a51f-3981-4500-9b25-8137dd33ecb0, command=[]} | ret=SUCCESS |  
2019-08-21 06:47:54,277 | INFO  | SCMAudit | user=jenkins1000 | ip=192.168.69.98 | op=SEND_HEARTBEAT {datanodeUUID=20fa16c8-b149-4c5b-b4f9-9fafb5a1985f, command=[]} | ret=SUCCESS |  
2019-08-21 06:47:54,311 | INFO  | SCMAudit | user=jenkins1000 | ip=192.168.69.98 | op=SEND_HEARTBEAT {datanodeUUID=eea1d4b5-a777-41a4-8ddf-56dc853fc369, command=[]} | ret=SUCCESS |  
2019-08-21 06:47:54,435 | INFO  | SCMAudit | user=jenkins1000 | ip=192.168.69.98 | op=SEND_HEARTBEAT {datanodeUUID=f6cbc464-63a1-4ed5-a6d3-94f3823a1413, command=[]} | ret=SUCCESS |  
2019-08-21 06:47:54,778 [grpc-default-executor-10] INFO  client.GrpcClientProtocolClient (GrpcClientProtocolClient.java:onNext(255)) - client-32787D5CFC5D->7a757e68-43af-46dc-b069-47da6fb40a41: receive RaftClientReply:client-32787D5CFC5D->7a757e68-43af-46dc-b069-47da6fb40a41@group-35C25930241E, cid=176, FAILED org.apache.ratis.protocol.NotLeaderException: Server 7a757e68-43af-46dc-b069-47da6fb40a41 is not the leader (null). Request must be sent to leader., logIndex=0, commits[7a757e68-43af-46dc-b069-47da6fb40a41:c-1]
2019-08-21 06:47:54,786 | INFO  | SCMAudit | user=jenkins1000 | ip=192.168.69.98 | op=SEND_HEARTBEAT {datanodeUUID=7a757e68-43af-46dc-b069-47da6fb40a41, command=[]} | ret=SUCCESS |  
2019-08-21 06:47:54,947 | INFO  | SCMAudit | user=jenkins1000 | ip=192.168.69.98 | op=SEND_HEARTBEAT {datanodeUUID=4e78e98f-ea0c-4fff-97d6-9ba7960c8323, command=[]} | ret=SUCCESS |  
2019-08-21 06:47:55,109 | INFO  | SCMAudit | user=jenkins1000 | ip=192.168.69.98 | op=SEND_HEARTBEAT {datanodeUUID=9ffd4868-4ba9-44e7-9a03-c837b7b77730, command=[]} | ret=SUCCESS |  
2019-08-21 06:47:55,116 | INFO  | SCMAudit | user=jenkins1000 | ip=192.168.69.98 | op=SEND_HEARTBEAT {datanodeUUID=2440a51f-3981-4500-9b25-8137dd33ecb0, command=[]} | ret=SUCCESS |  
2019-08-21 06:47:55,277 | INFO  | SCMAudit | user=jenkins1000 | ip=192.168.69.98 | op=SEND_HEARTBEAT {datanodeUUID=20fa16c8-b149-4c5b-b4f9-9fafb5a1985f, command=[]} | ret=SUCCESS |  
2019-08-21 06:47:55,312 | INFO  | SCMAudit | user=jenkins1000 | ip=192.168.69.98 | op=SEND_HEARTBEAT {datanodeUUID=eea1d4b5-a777-41a4-8ddf-56dc853fc369, command=[]} | ret=SUCCESS |  
2019-08-21 06:47:55,374 [Thread-3517] INFO  impl.FollowerState (FollowerState.java:run(106)) - eea1d4b5-a777-41a4-8ddf-56dc853fc369:group-51B5A05D8937 changes to CANDIDATE, lastRpcTime:5069, electionTimeout:5069ms
2019-08-21 06:47:55,374 [Thread-3517] INFO  impl.RoleInfo (RoleInfo.java:shutdownFollowerState(121)) - eea1d4b5-a777-41a4-8ddf-56dc853fc369: shutdown FollowerState
2019-08-21 06:47:55,375 [Thread-3517] INFO  impl.RaftServerImpl (RaftServerImpl.java:setRole(171)) - eea1d4b5-a777-41a4-8ddf-56dc853fc369:group-51B5A05D8937 changes role from FOLLOWER to CANDIDATE at term 0 for changeToCandidate
2019-08-21 06:47:55,375 [Thread-3517] INFO  impl.RoleInfo (RoleInfo.java:updateAndGet(143)) - eea1d4b5-a777-41a4-8ddf-56dc853fc369: start LeaderElection
2019-08-21 06:47:55,400 [eea1d4b5-a777-41a4-8ddf-56dc853fc369:group-51B5A05D8937:LeaderElection70] INFO  impl.LeaderElection (LeaderElection.java:askForVotes(181)) - eea1d4b5-a777-41a4-8ddf-56dc853fc369:group-51B5A05D8937:LeaderElection70: begin an election at term 1 for -1: [eea1d4b5-a777-41a4-8ddf-56dc853fc369:192.168.69.98:46481], old=null
2019-08-21 06:47:55,400 [eea1d4b5-a777-41a4-8ddf-56dc853fc369:group-51B5A05D8937:LeaderElection70] INFO  impl.RoleInfo (RoleInfo.java:shutdownLeaderElection(134)) - eea1d4b5-a777-41a4-8ddf-56dc853fc369: shutdown LeaderElection
2019-08-21 06:47:55,401 [eea1d4b5-a777-41a4-8ddf-56dc853fc369:group-51B5A05D8937:LeaderElection70] INFO  impl.RaftServerImpl (RaftServerImpl.java:setRole(171)) - eea1d4b5-a777-41a4-8ddf-56dc853fc369:group-51B5A05D8937 changes role from CANDIDATE to LEADER at term 1 for changeToLeader
2019-08-21 06:47:55,401 [eea1d4b5-a777-41a4-8ddf-56dc853fc369:group-51B5A05D8937:LeaderElection70] INFO  impl.RaftServerImpl (ServerState.java:setLeader(263)) - eea1d4b5-a777-41a4-8ddf-56dc853fc369:group-51B5A05D8937 change Leader from null to eea1d4b5-a777-41a4-8ddf-56dc853fc369 at term 1 for becomeLeader, leader elected after 5100ms
2019-08-21 06:47:55,401 [eea1d4b5-a777-41a4-8ddf-56dc853fc369:group-51B5A05D8937:LeaderElection70] INFO  server.RaftServerConfigKeys (ConfUtils.java:logGet(43)) - raft.server.staging.catchup.gap = 1000 (default)
2019-08-21 06:47:55,401 [eea1d4b5-a777-41a4-8ddf-56dc853fc369:group-51B5A05D8937:LeaderElection70] INFO  server.RaftServerConfigKeys (ConfUtils.java:logGet(43)) - raft.server.rpc.sleep.time = 25ms (default)
2019-08-21 06:47:55,401 [eea1d4b5-a777-41a4-8ddf-56dc853fc369:group-51B5A05D8937:LeaderElection70] INFO  server.RaftServerConfigKeys (ConfUtils.java:logGet(43)) - raft.server.write.element-limit = 4096 (default)
2019-08-21 06:47:55,401 [eea1d4b5-a777-41a4-8ddf-56dc853fc369:group-51B5A05D8937:LeaderElection70] INFO  server.RaftServerConfigKeys (ConfUtils.java:logGet(43)) - raft.server.watch.timeout = 10s (default)
2019-08-21 06:47:55,401 [eea1d4b5-a777-41a4-8ddf-56dc853fc369:group-51B5A05D8937:LeaderElection70] INFO  server.RaftServerConfigKeys (ConfUtils.java:logGet(43)) - raft.server.watch.timeout.denomination = 1s (default)
2019-08-21 06:47:55,401 [eea1d4b5-a777-41a4-8ddf-56dc853fc369:group-51B5A05D8937:LeaderElection70] INFO  server.RaftServerConfigKeys (ConfUtils.java:logGet(43)) - raft.server.watch.element-limit = 65536 (default)
2019-08-21 06:47:55,402 [eea1d4b5-a777-41a4-8ddf-56dc853fc369:group-51B5A05D8937:LeaderElection70] INFO  impl.RoleInfo (RoleInfo.java:updateAndGet(143)) - eea1d4b5-a777-41a4-8ddf-56dc853fc369: start LeaderState
2019-08-21 06:47:55,402 [eea1d4b5-a777-41a4-8ddf-56dc853fc369:group-51B5A05D8937:LeaderElection70] INFO  segmented.SegmentedRaftLogWorker (SegmentedRaftLogWorker.java:startLogSegment(380)) - eea1d4b5-a777-41a4-8ddf-56dc853fc369-SegmentedRaftLogWorker:Storage Directory /workdir/hadoop-ozone/integration-test/target/test-dir/MiniOzoneClusterImpl-9ea4e631-3cec-4bad-b090-c72c63c3b0a9/datanode-1/data/ratis/3804a164-59ea-4238-8f35-51b5a05d8937: Starting segment from index:0
2019-08-21 06:47:55,402 [eea1d4b5-a777-41a4-8ddf-56dc853fc369:group-51B5A05D8937:LeaderElection70] INFO  impl.RaftServerImpl (ServerState.java:setRaftConf(361)) - eea1d4b5-a777-41a4-8ddf-56dc853fc369:group-51B5A05D8937 set configuration 0: [eea1d4b5-a777-41a4-8ddf-56dc853fc369:192.168.69.98:46481], old=null at 0
2019-08-21 06:47:55,436 | INFO  | SCMAudit | user=jenkins1000 | ip=192.168.69.98 | op=SEND_HEARTBEAT {datanodeUUID=f6cbc464-63a1-4ed5-a6d3-94f3823a1413, command=[]} | ret=SUCCESS |  
2019-08-21 06:47:55,448 [eea1d4b5-a777-41a4-8ddf-56dc853fc369-SegmentedRaftLogWorker:Storage Directory /workdir/hadoop-ozone/integration-test/target/test-dir/MiniOzoneClusterImpl-9ea4e631-3cec-4bad-b090-c72c63c3b0a9/datanode-1/data/ratis/3804a164-59ea-4238-8f35-51b5a05d8937] INFO  segmented.SegmentedRaftLogWorker (SegmentedRaftLogWorker.java:execute(569)) - eea1d4b5-a777-41a4-8ddf-56dc853fc369-SegmentedRaftLogWorker:Storage Directory /workdir/hadoop-ozone/integration-test/target/test-dir/MiniOzoneClusterImpl-9ea4e631-3cec-4bad-b090-c72c63c3b0a9/datanode-1/data/ratis/3804a164-59ea-4238-8f35-51b5a05d8937: created new log segment /workdir/hadoop-ozone/integration-test/target/test-dir/MiniOzoneClusterImpl-9ea4e631-3cec-4bad-b090-c72c63c3b0a9/datanode-1/data/ratis/3804a164-59ea-4238-8f35-51b5a05d8937/current/log_inprogress_0
2019-08-21 06:47:55,504 [Thread-3523] INFO  impl.FollowerState (FollowerState.java:run(106)) - 7a757e68-43af-46dc-b069-47da6fb40a41:group-70C979D1C92C changes to CANDIDATE, lastRpcTime:5030, electionTimeout:5030ms
2019-08-21 06:47:55,504 [Thread-3523] INFO  impl.RoleInfo (RoleInfo.java:shutdownFollowerState(121)) - 7a757e68-43af-46dc-b069-47da6fb40a41: shutdown FollowerState
2019-08-21 06:47:55,504 [Thread-3523] INFO  impl.RaftServerImpl (RaftServerImpl.java:setRole(171)) - 7a757e68-43af-46dc-b069-47da6fb40a41:group-70C979D1C92C changes role from FOLLOWER to CANDIDATE at term 0 for changeToCandidate
2019-08-21 06:47:55,504 [Thread-3523] INFO  impl.RoleInfo (RoleInfo.java:updateAndGet(143)) - 7a757e68-43af-46dc-b069-47da6fb40a41: start LeaderElection
2019-08-21 06:47:55,526 [7a757e68-43af-46dc-b069-47da6fb40a41:group-70C979D1C92C:LeaderElection71] INFO  impl.LeaderElection (LeaderElection.java:askForVotes(181)) - 7a757e68-43af-46dc-b069-47da6fb40a41:group-70C979D1C92C:LeaderElection71: begin an election at term 1 for -1: [7a757e68-43af-46dc-b069-47da6fb40a41:192.168.69.98:36841], old=null
2019-08-21 06:47:55,526 [7a757e68-43af-46dc-b069-47da6fb40a41:group-70C979D1C92C:LeaderElection71] INFO  impl.RoleInfo (RoleInfo.java:shutdownLeaderElection(134)) - 7a757e68-43af-46dc-b069-47da6fb40a41: shutdown LeaderElection
2019-08-21 06:47:55,526 [7a757e68-43af-46dc-b069-47da6fb40a41:group-70C979D1C92C:LeaderElection71] INFO  impl.RaftServerImpl (RaftServerImpl.java:setRole(171)) - 7a757e68-43af-46dc-b069-47da6fb40a41:group-70C979D1C92C changes role from CANDIDATE to LEADER at term 1 for changeToLeader
2019-08-21 06:47:55,526 [7a757e68-43af-46dc-b069-47da6fb40a41:group-70C979D1C92C:LeaderElection71] INFO  impl.RaftServerImpl (ServerState.java:setLeader(263)) - 7a757e68-43af-46dc-b069-47da6fb40a41:group-70C979D1C92C change Leader from null to 7a757e68-43af-46dc-b069-47da6fb40a41 at term 1 for becomeLeader, leader elected after 5056ms
2019-08-21 06:47:55,526 [7a757e68-43af-46dc-b069-47da6fb40a41:group-70C979D1C92C:LeaderElection71] INFO  server.RaftServerConfigKeys (ConfUtils.java:logGet(43)) - raft.server.staging.catchup.gap = 1000 (default)
2019-08-21 06:47:55,526 [7a757e68-43af-46dc-b069-47da6fb40a41:group-70C979D1C92C:LeaderElection71] INFO  server.RaftServerConfigKeys (ConfUtils.java:logGet(43)) - raft.server.rpc.sleep.time = 25ms (default)
2019-08-21 06:47:55,527 [7a757e68-43af-46dc-b069-47da6fb40a41:group-70C979D1C92C:LeaderElection71] INFO  server.RaftServerConfigKeys (ConfUtils.java:logGet(43)) - raft.server.write.element-limit = 4096 (default)
2019-08-21 06:47:55,527 [7a757e68-43af-46dc-b069-47da6fb40a41:group-70C979D1C92C:LeaderElection71] INFO  server.RaftServerConfigKeys (ConfUtils.java:logGet(43)) - raft.server.watch.timeout = 10s (default)
2019-08-21 06:47:55,527 [7a757e68-43af-46dc-b069-47da6fb40a41:group-70C979D1C92C:LeaderElection71] INFO  server.RaftServerConfigKeys (ConfUtils.java:logGet(43)) - raft.server.watch.timeout.denomination = 1s (default)
2019-08-21 06:47:55,527 [7a757e68-43af-46dc-b069-47da6fb40a41:group-70C979D1C92C:LeaderElection71] INFO  server.RaftServerConfigKeys (ConfUtils.java:logGet(43)) - raft.server.watch.element-limit = 65536 (default)
2019-08-21 06:47:55,527 [7a757e68-43af-46dc-b069-47da6fb40a41:group-70C979D1C92C:LeaderElection71] INFO  impl.RoleInfo (RoleInfo.java:updateAndGet(143)) - 7a757e68-43af-46dc-b069-47da6fb40a41: start LeaderState
2019-08-21 06:47:55,527 [7a757e68-43af-46dc-b069-47da6fb40a41:group-70C979D1C92C:LeaderElection71] INFO  segmented.SegmentedRaftLogWorker (SegmentedRaftLogWorker.java:startLogSegment(380)) - 7a757e68-43af-46dc-b069-47da6fb40a41-SegmentedRaftLogWorker:Storage Directory /workdir/hadoop-ozone/integration-test/target/test-dir/MiniOzoneClusterImpl-9ea4e631-3cec-4bad-b090-c72c63c3b0a9/datanode-2/data/ratis/43a20301-231a-4bf5-9a65-70c979d1c92c: Starting segment from index:0
2019-08-21 06:47:55,528 [7a757e68-43af-46dc-b069-47da6fb40a41:group-70C979D1C92C:LeaderElection71] INFO  impl.RaftServerImpl (ServerState.java:setRaftConf(361)) - 7a757e68-43af-46dc-b069-47da6fb40a41:group-70C979D1C92C set configuration 0: [7a757e68-43af-46dc-b069-47da6fb40a41:192.168.69.98:36841], old=null at 0
2019-08-21 06:47:55,567 [7a757e68-43af-46dc-b069-47da6fb40a41-SegmentedRaftLogWorker:Storage Directory /workdir/hadoop-ozone/integration-test/target/test-dir/MiniOzoneClusterImpl-9ea4e631-3cec-4bad-b090-c72c63c3b0a9/datanode-2/data/ratis/43a20301-231a-4bf5-9a65-70c979d1c92c] INFO  segmented.SegmentedRaftLogWorker (SegmentedRaftLogWorker.java:execute(569)) - 7a757e68-43af-46dc-b069-47da6fb40a41-SegmentedRaftLogWorker:Storage Directory /workdir/hadoop-ozone/integration-test/target/test-dir/MiniOzoneClusterImpl-9ea4e631-3cec-4bad-b090-c72c63c3b0a9/datanode-2/data/ratis/43a20301-231a-4bf5-9a65-70c979d1c92c: created new log segment /workdir/hadoop-ozone/integration-test/target/test-dir/MiniOzoneClusterImpl-9ea4e631-3cec-4bad-b090-c72c63c3b0a9/datanode-2/data/ratis/43a20301-231a-4bf5-9a65-70c979d1c92c/current/log_inprogress_0
2019-08-21 06:47:55,571 [Thread-3520] INFO  impl.FollowerState (FollowerState.java:run(106)) - f6cbc464-63a1-4ed5-a6d3-94f3823a1413:group-8D6500FCB730 changes to CANDIDATE, lastRpcTime:5126, electionTimeout:5126ms
2019-08-21 06:47:55,571 [Thread-3520] INFO  impl.RoleInfo (RoleInfo.java:shutdownFollowerState(121)) - f6cbc464-63a1-4ed5-a6d3-94f3823a1413: shutdown FollowerState
2019-08-21 06:47:55,571 [Thread-3520] INFO  impl.RaftServerImpl (RaftServerImpl.java:setRole(171)) - f6cbc464-63a1-4ed5-a6d3-94f3823a1413:group-8D6500FCB730 changes role from FOLLOWER to CANDIDATE at term 0 for changeToCandidate
2019-08-21 06:47:55,571 [Thread-3520] INFO  impl.RoleInfo (RoleInfo.java:updateAndGet(143)) - f6cbc464-63a1-4ed5-a6d3-94f3823a1413: start LeaderElection
2019-08-21 06:47:55,587 [Thread-3526] INFO  impl.FollowerState (FollowerState.java:run(106)) - 9ffd4868-4ba9-44e7-9a03-c837b7b77730:group-5083629FCDEA changes to CANDIDATE, lastRpcTime:5072, electionTimeout:5065ms
2019-08-21 06:47:55,587 [Thread-3526] INFO  impl.RoleInfo (RoleInfo.java:shutdownFollowerState(121)) - 9ffd4868-4ba9-44e7-9a03-c837b7b77730: shutdown FollowerState
2019-08-21 06:47:55,587 [Thread-3526] INFO  impl.RaftServerImpl (RaftServerImpl.java:setRole(171)) - 9ffd4868-4ba9-44e7-9a03-c837b7b77730:group-5083629FCDEA changes role from FOLLOWER to CANDIDATE at term 0 for changeToCandidate
2019-08-21 06:47:55,587 [Thread-3526] INFO  impl.RoleInfo (RoleInfo.java:updateAndGet(143)) - 9ffd4868-4ba9-44e7-9a03-c837b7b77730: start LeaderElection
2019-08-21 06:47:55,597 [9ffd4868-4ba9-44e7-9a03-c837b7b77730:group-5083629FCDEA:LeaderElection73] INFO  impl.LeaderElection (LeaderElection.java:askForVotes(181)) - 9ffd4868-4ba9-44e7-9a03-c837b7b77730:group-5083629FCDEA:LeaderElection73: begin an election at term 1 for -1: [9ffd4868-4ba9-44e7-9a03-c837b7b77730:192.168.69.98:38901], old=null
2019-08-21 06:47:55,597 [f6cbc464-63a1-4ed5-a6d3-94f3823a1413:group-8D6500FCB730:LeaderElection72] INFO  impl.LeaderElection (LeaderElection.java:askForVotes(181)) - f6cbc464-63a1-4ed5-a6d3-94f3823a1413:group-8D6500FCB730:LeaderElection72: begin an election at term 1 for -1: [f6cbc464-63a1-4ed5-a6d3-94f3823a1413:192.168.69.98:33619], old=null
2019-08-21 06:47:55,597 [9ffd4868-4ba9-44e7-9a03-c837b7b77730:group-5083629FCDEA:LeaderElection73] INFO  impl.RoleInfo (RoleInfo.java:shutdownLeaderElection(134)) - 9ffd4868-4ba9-44e7-9a03-c837b7b77730: shutdown LeaderElection
2019-08-21 06:47:55,598 [f6cbc464-63a1-4ed5-a6d3-94f3823a1413:group-8D6500FCB730:LeaderElection72] INFO  impl.RoleInfo (RoleInfo.java:shutdownLeaderElection(134)) - f6cbc464-63a1-4ed5-a6d3-94f3823a1413: shutdown LeaderElection
2019-08-21 06:47:55,598 [9ffd4868-4ba9-44e7-9a03-c837b7b77730:group-5083629FCDEA:LeaderElection73] INFO  impl.RaftServerImpl (RaftServerImpl.java:setRole(171)) - 9ffd4868-4ba9-44e7-9a03-c837b7b77730:group-5083629FCDEA changes role from CANDIDATE to LEADER at term 1 for changeToLeader
2019-08-21 06:47:55,598 [f6cbc464-63a1-4ed5-a6d3-94f3823a1413:group-8D6500FCB730:LeaderElection72] INFO  impl.RaftServerImpl (RaftServerImpl.java:setRole(171)) - f6cbc464-63a1-4ed5-a6d3-94f3823a1413:group-8D6500FCB730 changes role from CANDIDATE to LEADER at term 1 for changeToLeader
2019-08-21 06:47:55,598 [9ffd4868-4ba9-44e7-9a03-c837b7b77730:group-5083629FCDEA:LeaderElection73] INFO  impl.RaftServerImpl (ServerState.java:setLeader(263)) - 9ffd4868-4ba9-44e7-9a03-c837b7b77730:group-5083629FCDEA change Leader from null to 9ffd4868-4ba9-44e7-9a03-c837b7b77730 at term 1 for becomeLeader, leader elected after 5087ms
2019-08-21 06:47:55,598 [f6cbc464-63a1-4ed5-a6d3-94f3823a1413:group-8D6500FCB730:LeaderElection72] INFO  impl.RaftServerImpl (ServerState.java:setLeader(263)) - f6cbc464-63a1-4ed5-a6d3-94f3823a1413:group-8D6500FCB730 change Leader from null to f6cbc464-63a1-4ed5-a6d3-94f3823a1413 at term 1 for becomeLeader, leader elected after 5158ms
2019-08-21 06:47:55,598 [9ffd4868-4ba9-44e7-9a03-c837b7b77730:group-5083629FCDEA:LeaderElection73] INFO  server.RaftServerConfigKeys (ConfUtils.java:logGet(43)) - raft.server.staging.catchup.gap = 1000 (default)
2019-08-21 06:47:55,599 [f6cbc464-63a1-4ed5-a6d3-94f3823a1413:group-8D6500FCB730:LeaderElection72] INFO  server.RaftServerConfigKeys (ConfUtils.java:logGet(43)) - raft.server.staging.catchup.gap = 1000 (default)
2019-08-21 06:47:55,599 [9ffd4868-4ba9-44e7-9a03-c837b7b77730:group-5083629FCDEA:LeaderElection73] INFO  server.RaftServerConfigKeys (ConfUtils.java:logGet(43)) - raft.server.rpc.sleep.time = 25ms (default)
2019-08-21 06:47:55,599 [f6cbc464-63a1-4ed5-a6d3-94f3823a1413:group-8D6500FCB730:LeaderElection72] INFO  server.RaftServerConfigKeys (ConfUtils.java:logGet(43)) - raft.server.rpc.sleep.time = 25ms (default)
2019-08-21 06:47:55,599 [9ffd4868-4ba9-44e7-9a03-c837b7b77730:group-5083629FCDEA:LeaderElection73] INFO  server.RaftServerConfigKeys (ConfUtils.java:logGet(43)) - raft.server.write.element-limit = 4096 (default)
2019-08-21 06:47:55,599 [f6cbc464-63a1-4ed5-a6d3-94f3823a1413:group-8D6500FCB730:LeaderElection72] INFO  server.RaftServerConfigKeys (ConfUtils.java:logGet(43)) - raft.server.write.element-limit = 4096 (default)
2019-08-21 06:47:55,599 [9ffd4868-4ba9-44e7-9a03-c837b7b77730:group-5083629FCDEA:LeaderElection73] INFO  server.RaftServerConfigKeys (ConfUtils.java:logGet(43)) - raft.server.watch.timeout = 10s (default)
2019-08-21 06:47:55,600 [9ffd4868-4ba9-44e7-9a03-c837b7b77730:group-5083629FCDEA:LeaderElection73] INFO  server.RaftServerConfigKeys (ConfUtils.java:logGet(43)) - raft.server.watch.timeout.denomination = 1s (default)
2019-08-21 06:47:55,600 [f6cbc464-63a1-4ed5-a6d3-94f3823a1413:group-8D6500FCB730:LeaderElection72] INFO  server.RaftServerConfigKeys (ConfUtils.java:logGet(43)) - raft.server.watch.timeout = 10s (default)
2019-08-21 06:47:55,600 [9ffd4868-4ba9-44e7-9a03-c837b7b77730:group-5083629FCDEA:LeaderElection73] INFO  server.RaftServerConfigKeys (ConfUtils.java:logGet(43)) - raft.server.watch.element-limit = 65536 (default)
2019-08-21 06:47:55,600 [f6cbc464-63a1-4ed5-a6d3-94f3823a1413:group-8D6500FCB730:LeaderElection72] INFO  server.RaftServerConfigKeys (ConfUtils.java:logGet(43)) - raft.server.watch.timeout.denomination = 1s (default)
2019-08-21 06:47:55,600 [9ffd4868-4ba9-44e7-9a03-c837b7b77730:group-5083629FCDEA:LeaderElection73] INFO  impl.RoleInfo (RoleInfo.java:updateAndGet(143)) - 9ffd4868-4ba9-44e7-9a03-c837b7b77730: start LeaderState
2019-08-21 06:47:55,600 [f6cbc464-63a1-4ed5-a6d3-94f3823a1413:group-8D6500FCB730:LeaderElection72] INFO  server.RaftServerConfigKeys (ConfUtils.java:logGet(43)) - raft.server.watch.element-limit = 65536 (default)
2019-08-21 06:47:55,601 [9ffd4868-4ba9-44e7-9a03-c837b7b77730:group-5083629FCDEA:LeaderElection73] INFO  segmented.SegmentedRaftLogWorker (SegmentedRaftLogWorker.java:startLogSegment(380)) - 9ffd4868-4ba9-44e7-9a03-c837b7b77730-SegmentedRaftLogWorker:Storage Directory /workdir/hadoop-ozone/integration-test/target/test-dir/MiniOzoneClusterImpl-9ea4e631-3cec-4bad-b090-c72c63c3b0a9/datanode-4/data/ratis/82e43d15-1b8a-426f-9073-5083629fcdea: Starting segment from index:0
2019-08-21 06:47:55,601 [f6cbc464-63a1-4ed5-a6d3-94f3823a1413:group-8D6500FCB730:LeaderElection72] INFO  impl.RoleInfo (RoleInfo.java:updateAndGet(143)) - f6cbc464-63a1-4ed5-a6d3-94f3823a1413: start LeaderState
2019-08-21 06:47:55,601 [f6cbc464-63a1-4ed5-a6d3-94f3823a1413:group-8D6500FCB730:LeaderElection72] INFO  segmented.SegmentedRaftLogWorker (SegmentedRaftLogWorker.java:startLogSegment(380)) - f6cbc464-63a1-4ed5-a6d3-94f3823a1413-SegmentedRaftLogWorker:Storage Directory /workdir/hadoop-ozone/integration-test/target/test-dir/MiniOzoneClusterImpl-9ea4e631-3cec-4bad-b090-c72c63c3b0a9/datanode-6/data/ratis/06d8906b-adc0-4114-8504-8d6500fcb730: Starting segment from index:0
2019-08-21 06:47:55,601 [9ffd4868-4ba9-44e7-9a03-c837b7b77730:group-5083629FCDEA:LeaderElection73] INFO  impl.RaftServerImpl (ServerState.java:setRaftConf(361)) - 9ffd4868-4ba9-44e7-9a03-c837b7b77730:group-5083629FCDEA set configuration 0: [9ffd4868-4ba9-44e7-9a03-c837b7b77730:192.168.69.98:38901], old=null at 0
2019-08-21 06:47:55,641 [f6cbc464-63a1-4ed5-a6d3-94f3823a1413:group-8D6500FCB730:LeaderElection72] INFO  impl.RaftServerImpl (ServerState.java:setRaftConf(361)) - f6cbc464-63a1-4ed5-a6d3-94f3823a1413:group-8D6500FCB730 set configuration 0: [f6cbc464-63a1-4ed5-a6d3-94f3823a1413:192.168.69.98:33619], old=null at 0
2019-08-21 06:47:55,654 [f6cbc464-63a1-4ed5-a6d3-94f3823a1413-SegmentedRaftLogWorker:Storage Directory /workdir/hadoop-ozone/integration-test/target/test-dir/MiniOzoneClusterImpl-9ea4e631-3cec-4bad-b090-c72c63c3b0a9/datanode-6/data/ratis/06d8906b-adc0-4114-8504-8d6500fcb730] INFO  segmented.SegmentedRaftLogWorker (SegmentedRaftLogWorker.java:execute(569)) - f6cbc464-63a1-4ed5-a6d3-94f3823a1413-SegmentedRaftLogWorker:Storage Directory /workdir/hadoop-ozone/integration-test/target/test-dir/MiniOzoneClusterImpl-9ea4e631-3cec-4bad-b090-c72c63c3b0a9/datanode-6/data/ratis/06d8906b-adc0-4114-8504-8d6500fcb730: created new log segment /workdir/hadoop-ozone/integration-test/target/test-dir/MiniOzoneClusterImpl-9ea4e631-3cec-4bad-b090-c72c63c3b0a9/datanode-6/data/ratis/06d8906b-adc0-4114-8504-8d6500fcb730/current/log_inprogress_0
2019-08-21 06:47:55,654 [9ffd4868-4ba9-44e7-9a03-c837b7b77730-SegmentedRaftLogWorker:Storage Directory /workdir/hadoop-ozone/integration-test/target/test-dir/MiniOzoneClusterImpl-9ea4e631-3cec-4bad-b090-c72c63c3b0a9/datanode-4/data/ratis/82e43d15-1b8a-426f-9073-5083629fcdea] INFO  segmented.SegmentedRaftLogWorker (SegmentedRaftLogWorker.java:execute(569)) - 9ffd4868-4ba9-44e7-9a03-c837b7b77730-SegmentedRaftLogWorker:Storage Directory /workdir/hadoop-ozone/integration-test/target/test-dir/MiniOzoneClusterImpl-9ea4e631-3cec-4bad-b090-c72c63c3b0a9/datanode-4/data/ratis/82e43d15-1b8a-426f-9073-5083629fcdea: created new log segment /workdir/hadoop-ozone/integration-test/target/test-dir/MiniOzoneClusterImpl-9ea4e631-3cec-4bad-b090-c72c63c3b0a9/datanode-4/data/ratis/82e43d15-1b8a-426f-9073-5083629fcdea/current/log_inprogress_0
2019-08-21 06:47:55,663 [Thread-3537] INFO  impl.FollowerState (FollowerState.java:run(106)) - eea1d4b5-a777-41a4-8ddf-56dc853fc369:group-35C25930241E changes to CANDIDATE, lastRpcTime:5011, electionTimeout:5011ms
2019-08-21 06:47:55,663 [Thread-3537] INFO  impl.RoleInfo (RoleInfo.java:shutdownFollowerState(121)) - eea1d4b5-a777-41a4-8ddf-56dc853fc369: shutdown FollowerState
2019-08-21 06:47:55,663 [Thread-3537] INFO  impl.RaftServerImpl (RaftServerImpl.java:setRole(171)) - eea1d4b5-a777-41a4-8ddf-56dc853fc369:group-35C25930241E changes role from FOLLOWER to CANDIDATE at term 0 for changeToCandidate
2019-08-21 06:47:55,663 [Thread-3537] INFO  impl.RoleInfo (RoleInfo.java:updateAndGet(143)) - eea1d4b5-a777-41a4-8ddf-56dc853fc369: start LeaderElection
2019-08-21 06:47:55,689 [Thread-3541] INFO  impl.FollowerState (FollowerState.java:run(106)) - 7a757e68-43af-46dc-b069-47da6fb40a41:group-35C25930241E changes to CANDIDATE, lastRpcTime:5028, electionTimeout:5028ms
2019-08-21 06:47:55,689 [Thread-3541] INFO  impl.RoleInfo (RoleInfo.java:shutdownFollowerState(121)) - 7a757e68-43af-46dc-b069-47da6fb40a41: shutdown FollowerState
2019-08-21 06:47:55,689 [Thread-3541] INFO  impl.RaftServerImpl (RaftServerImpl.java:setRole(171)) - 7a757e68-43af-46dc-b069-47da6fb40a41:group-35C25930241E changes role from FOLLOWER to CANDIDATE at term 0 for changeToCandidate
2019-08-21 06:47:55,689 [Thread-3541] INFO  impl.RoleInfo (RoleInfo.java:updateAndGet(143)) - 7a757e68-43af-46dc-b069-47da6fb40a41: start LeaderElection
2019-08-21 06:47:55,690 [eea1d4b5-a777-41a4-8ddf-56dc853fc369:group-35C25930241E:LeaderElection74] INFO  impl.LeaderElection (LeaderElection.java:askForVotes(181)) - eea1d4b5-a777-41a4-8ddf-56dc853fc369:group-35C25930241E:LeaderElection74: begin an election at term 1 for -1: [7a757e68-43af-46dc-b069-47da6fb40a41:192.168.69.98:36841, eea1d4b5-a777-41a4-8ddf-56dc853fc369:192.168.69.98:46481, f6cbc464-63a1-4ed5-a6d3-94f3823a1413:192.168.69.98:33619], old=null
2019-08-21 06:47:55,699 [grpc-default-executor-10] INFO  impl.RaftServerImpl (RaftServerImpl.java:setRole(171)) - f6cbc464-63a1-4ed5-a6d3-94f3823a1413:group-35C25930241E changes role from FOLLOWER to FOLLOWER at term 1 for recognizeCandidate:eea1d4b5-a777-41a4-8ddf-56dc853fc369
2019-08-21 06:47:55,699 [grpc-default-executor-10] INFO  impl.RoleInfo (RoleInfo.java:shutdownFollowerState(121)) - f6cbc464-63a1-4ed5-a6d3-94f3823a1413: shutdown FollowerState
2019-08-21 06:47:55,699 [grpc-default-executor-10] INFO  impl.RoleInfo (RoleInfo.java:updateAndGet(143)) - f6cbc464-63a1-4ed5-a6d3-94f3823a1413: start FollowerState
2019-08-21 06:47:55,699 [Thread-3536] INFO  impl.FollowerState (FollowerState.java:run(114)) - f6cbc464-63a1-4ed5-a6d3-94f3823a1413: FollowerState was interrupted: java.lang.InterruptedException: sleep interrupted
2019-08-21 06:47:55,709 [7a757e68-43af-46dc-b069-47da6fb40a41:group-35C25930241E:LeaderElection75] INFO  impl.LeaderElection (LeaderElection.java:askForVotes(181)) - 7a757e68-43af-46dc-b069-47da6fb40a41:group-35C25930241E:LeaderElection75: begin an election at term 1 for -1: [7a757e68-43af-46dc-b069-47da6fb40a41:192.168.69.98:36841, eea1d4b5-a777-41a4-8ddf-56dc853fc369:192.168.69.98:46481, f6cbc464-63a1-4ed5-a6d3-94f3823a1413:192.168.69.98:33619], old=null
2019-08-21 06:47:55,721 [eea1d4b5-a777-41a4-8ddf-56dc853fc369:group-35C25930241E:LeaderElection74] INFO  impl.LeaderElection (LeaderElection.java:logAndReturn(56)) - eea1d4b5-a777-41a4-8ddf-56dc853fc369:group-35C25930241E:LeaderElection74: Election PASSED; received 1 response(s) [eea1d4b5-a777-41a4-8ddf-56dc853fc369<-f6cbc464-63a1-4ed5-a6d3-94f3823a1413#0:OK-t1] and 0 exception(s); eea1d4b5-a777-41a4-8ddf-56dc853fc369:t1, leader=null, voted=eea1d4b5-a777-41a4-8ddf-56dc853fc369, raftlog=eea1d4b5-a777-41a4-8ddf-56dc853fc369-SegmentedRaftLog:OPENED:c-1,f-1,i0, conf=-1: [7a757e68-43af-46dc-b069-47da6fb40a41:192.168.69.98:36841, eea1d4b5-a777-41a4-8ddf-56dc853fc369:192.168.69.98:46481, f6cbc464-63a1-4ed5-a6d3-94f3823a1413:192.168.69.98:33619], old=null
2019-08-21 06:47:55,721 [eea1d4b5-a777-41a4-8ddf-56dc853fc369:group-35C25930241E:LeaderElection74] INFO  impl.RoleInfo (RoleInfo.java:shutdownLeaderElection(134)) - eea1d4b5-a777-41a4-8ddf-56dc853fc369: shutdown LeaderElection
2019-08-21 06:47:55,724 [eea1d4b5-a777-41a4-8ddf-56dc853fc369:group-35C25930241E:LeaderElection74] INFO  impl.RaftServerImpl (RaftServerImpl.java:setRole(171)) - eea1d4b5-a777-41a4-8ddf-56dc853fc369:group-35C25930241E changes role from CANDIDATE to LEADER at term 1 for changeToLeader
2019-08-21 06:47:55,724 [eea1d4b5-a777-41a4-8ddf-56dc853fc369:group-35C25930241E:LeaderElection74] INFO  impl.RaftServerImpl (ServerState.java:setLeader(263)) - eea1d4b5-a777-41a4-8ddf-56dc853fc369:group-35C25930241E change Leader from null to eea1d4b5-a777-41a4-8ddf-56dc853fc369 at term 1 for becomeLeader, leader elected after 5077ms
2019-08-21 06:47:55,724 [eea1d4b5-a777-41a4-8ddf-56dc853fc369:group-35C25930241E:LeaderElection74] INFO  server.RaftServerConfigKeys (ConfUtils.java:logGet(43)) - raft.server.staging.catchup.gap = 1000 (default)
2019-08-21 06:47:55,724 [eea1d4b5-a777-41a4-8ddf-56dc853fc369:group-35C25930241E:LeaderElection74] INFO  server.RaftServerConfigKeys (ConfUtils.java:logGet(43)) - raft.server.rpc.sleep.time = 25ms (default)
2019-08-21 06:47:55,724 [eea1d4b5-a777-41a4-8ddf-56dc853fc369:group-35C25930241E:LeaderElection74] INFO  server.RaftServerConfigKeys (ConfUtils.java:logGet(43)) - raft.server.write.element-limit = 4096 (default)
2019-08-21 06:47:55,724 [eea1d4b5-a777-41a4-8ddf-56dc853fc369:group-35C25930241E:LeaderElection74] INFO  server.RaftServerConfigKeys (ConfUtils.java:logGet(43)) - raft.server.watch.timeout = 10s (default)
2019-08-21 06:47:55,725 [eea1d4b5-a777-41a4-8ddf-56dc853fc369:group-35C25930241E:LeaderElection74] INFO  server.RaftServerConfigKeys (ConfUtils.java:logGet(43)) - raft.server.watch.timeout.denomination = 1s (default)
2019-08-21 06:47:55,725 [eea1d4b5-a777-41a4-8ddf-56dc853fc369:group-35C25930241E:LeaderElection74] INFO  server.RaftServerConfigKeys (ConfUtils.java:logGet(43)) - raft.server.watch.element-limit = 65536 (default)
2019-08-21 06:47:55,725 [eea1d4b5-a777-41a4-8ddf-56dc853fc369:group-35C25930241E:LeaderElection74] INFO  server.RaftServerConfigKeys (ConfUtils.java:logGet(43)) - raft.server.log.appender.snapshot.chunk.size.max = 16MB (=16777216) (default)
2019-08-21 06:47:55,725 [eea1d4b5-a777-41a4-8ddf-56dc853fc369:group-35C25930241E:LeaderElection74] INFO  server.RaftServerConfigKeys (ConfUtils.java:logGet(43)) - raft.server.log.appender.buffer.byte-limit = 33554432 (custom)
2019-08-21 06:47:55,725 [eea1d4b5-a777-41a4-8ddf-56dc853fc369:group-35C25930241E:LeaderElection74] INFO  server.RaftServerConfigKeys (ConfUtils.java:logGet(43)) - raft.server.log.appender.buffer.element-limit = 1 (custom)
2019-08-21 06:47:55,727 [eea1d4b5-a777-41a4-8ddf-56dc853fc369:group-35C25930241E:LeaderElection74] INFO  grpc.GrpcConfigKeys$Server (ConfUtils.java:logGet(43)) - raft.grpc.server.leader.outstanding.appends.max = 128 (default)
2019-08-21 06:47:55,728 [eea1d4b5-a777-41a4-8ddf-56dc853fc369:group-35C25930241E:LeaderElection74] INFO  server.RaftServerConfigKeys (ConfUtils.java:logGet(43)) - raft.server.rpc.request.timeout = 3000ms (default)
2019-08-21 06:47:55,729 [Thread-3529] INFO  impl.FollowerState (FollowerState.java:run(106)) - 20fa16c8-b149-4c5b-b4f9-9fafb5a1985f:group-D1F116061C65 changes to CANDIDATE, lastRpcTime:5171, electionTimeout:5170ms
2019-08-21 06:47:55,730 [eea1d4b5-a777-41a4-8ddf-56dc853fc369:group-35C25930241E:LeaderElection74] INFO  server.RaftServerConfigKeys (ConfUtils.java:logGet(43)) - raft.server.log.appender.install.snapshot.enabled = false (custom)
2019-08-21 06:47:55,730 [Thread-3529] INFO  impl.RoleInfo (RoleInfo.java:shutdownFollowerState(121)) - 20fa16c8-b149-4c5b-b4f9-9fafb5a1985f: shutdown FollowerState
2019-08-21 06:47:55,730 [eea1d4b5-a777-41a4-8ddf-56dc853fc369:group-35C25930241E:LeaderElection74] INFO  server.RaftServerConfigKeys (ConfUtils.java:logGet(43)) - raft.server.log.appender.snapshot.chunk.size.max = 16MB (=16777216) (default)
2019-08-21 06:47:55,730 [Thread-3529] INFO  impl.RaftServerImpl (RaftServerImpl.java:setRole(171)) - 20fa16c8-b149-4c5b-b4f9-9fafb5a1985f:group-D1F116061C65 changes role from FOLLOWER to CANDIDATE at term 0 for changeToCandidate
2019-08-21 06:47:55,730 [eea1d4b5-a777-41a4-8ddf-56dc853fc369:group-35C25930241E:LeaderElection74] INFO  server.RaftServerConfigKeys (ConfUtils.java:logGet(43)) - raft.server.log.appender.buffer.byte-limit = 33554432 (custom)
2019-08-21 06:47:55,730 [eea1d4b5-a777-41a4-8ddf-56dc853fc369:group-35C25930241E:LeaderElection74] INFO  server.RaftServerConfigKeys (ConfUtils.java:logGet(43)) - raft.server.log.appender.buffer.element-limit = 1 (custom)
2019-08-21 06:47:55,730 [eea1d4b5-a777-41a4-8ddf-56dc853fc369:group-35C25930241E:LeaderElection74] INFO  grpc.GrpcConfigKeys$Server (ConfUtils.java:logGet(43)) - raft.grpc.server.leader.outstanding.appends.max = 128 (default)
2019-08-21 06:47:55,731 [eea1d4b5-a777-41a4-8ddf-56dc853fc369:group-35C25930241E:LeaderElection74] INFO  server.RaftServerConfigKeys (ConfUtils.java:logGet(43)) - raft.server.rpc.request.timeout = 3000ms (default)
2019-08-21 06:47:55,731 [eea1d4b5-a777-41a4-8ddf-56dc853fc369:group-35C25930241E:LeaderElection74] INFO  server.RaftServerConfigKeys (ConfUtils.java:logGet(43)) - raft.server.log.appender.install.snapshot.enabled = false (custom)
2019-08-21 06:47:55,732 [eea1d4b5-a777-41a4-8ddf-56dc853fc369:group-35C25930241E:LeaderElection74] INFO  impl.RoleInfo (RoleInfo.java:updateAndGet(143)) - eea1d4b5-a777-41a4-8ddf-56dc853fc369: start LeaderState
2019-08-21 06:47:55,732 [Thread-3529] INFO  impl.RoleInfo (RoleInfo.java:updateAndGet(143)) - 20fa16c8-b149-4c5b-b4f9-9fafb5a1985f: start LeaderElection
2019-08-21 06:47:55,732 [eea1d4b5-a777-41a4-8ddf-56dc853fc369:group-35C25930241E:LeaderElection74] INFO  segmented.SegmentedRaftLogWorker (SegmentedRaftLogWorker.java:startLogSegment(380)) - eea1d4b5-a777-41a4-8ddf-56dc853fc369-SegmentedRaftLogWorker:Storage Directory /workdir/hadoop-ozone/integration-test/target/test-dir/MiniOzoneClusterImpl-9ea4e631-3cec-4bad-b090-c72c63c3b0a9/datanode-1/data/ratis/c82b467f-c4db-4396-863e-35c25930241e: Starting segment from index:0
2019-08-21 06:47:55,738 [eea1d4b5-a777-41a4-8ddf-56dc853fc369:group-35C25930241E:LeaderElection74] INFO  impl.RaftServerImpl (ServerState.java:setRaftConf(361)) - eea1d4b5-a777-41a4-8ddf-56dc853fc369:group-35C25930241E set configuration 0: [7a757e68-43af-46dc-b069-47da6fb40a41:192.168.69.98:36841, eea1d4b5-a777-41a4-8ddf-56dc853fc369:192.168.69.98:46481, f6cbc464-63a1-4ed5-a6d3-94f3823a1413:192.168.69.98:33619], old=null at 0
2019-08-21 06:47:55,739 [grpc-default-executor-10] INFO  impl.RaftServerImpl (RaftServerImpl.java:requestVote(754)) - eea1d4b5-a777-41a4-8ddf-56dc853fc369-LEADER: Withhold vote from candidate 7a757e68-43af-46dc-b069-47da6fb40a41 with term 1. State: leader=eea1d4b5-a777-41a4-8ddf-56dc853fc369, term=1, lastRpcElapsed=null
2019-08-21 06:47:55,771 [Thread-3544] INFO  impl.FollowerState (FollowerState.java:run(106)) - 20fa16c8-b149-4c5b-b4f9-9fafb5a1985f:group-A1E08738A272 changes to CANDIDATE, lastRpcTime:5078, electionTimeout:5065ms
2019-08-21 06:47:55,771 [20fa16c8-b149-4c5b-b4f9-9fafb5a1985f:group-D1F116061C65:LeaderElection76] INFO  impl.LeaderElection (LeaderElection.java:askForVotes(181)) - 20fa16c8-b149-4c5b-b4f9-9fafb5a1985f:group-D1F116061C65:LeaderElection76: begin an election at term 1 for -1: [20fa16c8-b149-4c5b-b4f9-9fafb5a1985f:192.168.69.98:33186], old=null
2019-08-21 06:47:55,771 [Thread-3544] INFO  impl.RoleInfo (RoleInfo.java:shutdownFollowerState(121)) - 20fa16c8-b149-4c5b-b4f9-9fafb5a1985f: shutdown FollowerState
2019-08-21 06:47:55,771 [grpc-default-executor-5] INFO  impl.RaftServerImpl (ServerState.java:setLeader(263)) - f6cbc464-63a1-4ed5-a6d3-94f3823a1413:group-35C25930241E change Leader from null to eea1d4b5-a777-41a4-8ddf-56dc853fc369 at term 1 for appendEntries, leader elected after 5124ms
2019-08-21 06:47:55,773 [grpc-default-executor-10] INFO  impl.RaftServerImpl (RaftServerImpl.java:setRole(171)) - 7a757e68-43af-46dc-b069-47da6fb40a41:group-35C25930241E changes role from CANDIDATE to FOLLOWER at term 1 for appendEntries
2019-08-21 06:47:55,773 [Thread-3544] INFO  impl.RaftServerImpl (RaftServerImpl.java:setRole(171)) - 20fa16c8-b149-4c5b-b4f9-9fafb5a1985f:group-A1E08738A272 changes role from FOLLOWER to CANDIDATE at term 0 for changeToCandidate
2019-08-21 06:47:55,771 [20fa16c8-b149-4c5b-b4f9-9fafb5a1985f:group-D1F116061C65:LeaderElection76] INFO  impl.RoleInfo (RoleInfo.java:shutdownLeaderElection(134)) - 20fa16c8-b149-4c5b-b4f9-9fafb5a1985f: shutdown LeaderElection
2019-08-21 06:47:55,774 [Thread-3544] INFO  impl.RoleInfo (RoleInfo.java:updateAndGet(143)) - 20fa16c8-b149-4c5b-b4f9-9fafb5a1985f: start LeaderElection
2019-08-21 06:47:55,774 [grpc-default-executor-10] INFO  impl.RoleInfo (RoleInfo.java:shutdownLeaderElection(134)) - 7a757e68-43af-46dc-b069-47da6fb40a41: shutdown LeaderElection
2019-08-21 06:47:55,774 [7a757e68-43af-46dc-b069-47da6fb40a41:group-35C25930241E:LeaderElection75] INFO  impl.LeaderElection (LeaderElection.java:logAndReturn(56)) - 7a757e68-43af-46dc-b069-47da6fb40a41:group-35C25930241E:LeaderElection75: Election REJECTED; received 2 response(s) [7a757e68-43af-46dc-b069-47da6fb40a41<-eea1d4b5-a777-41a4-8ddf-56dc853fc369#0:FAIL-t1, 7a757e68-43af-46dc-b069-47da6fb40a41<-f6cbc464-63a1-4ed5-a6d3-94f3823a1413#0:FAIL-t1] and 0 exception(s); 7a757e68-43af-46dc-b069-47da6fb40a41:t1, leader=null, voted=7a757e68-43af-46dc-b069-47da6fb40a41, raftlog=7a757e68-43af-46dc-b069-47da6fb40a41-SegmentedRaftLog:OPENED:c-1,f-1,i0, conf=-1: [7a757e68-43af-46dc-b069-47da6fb40a41:192.168.69.98:36841, eea1d4b5-a777-41a4-8ddf-56dc853fc369:192.168.69.98:46481, f6cbc464-63a1-4ed5-a6d3-94f3823a1413:192.168.69.98:33619], old=null
2019-08-21 06:47:55,777 [grpc-default-executor-10] INFO  impl.RoleInfo (RoleInfo.java:updateAndGet(143)) - 7a757e68-43af-46dc-b069-47da6fb40a41: start FollowerState
2019-08-21 06:47:55,774 [20fa16c8-b149-4c5b-b4f9-9fafb5a1985f:group-D1F116061C65:LeaderElection76] INFO  impl.RaftServerImpl (RaftServerImpl.java:setRole(171)) - 20fa16c8-b149-4c5b-b4f9-9fafb5a1985f:group-D1F116061C65 changes role from CANDIDATE to LEADER at term 1 for changeToLeader
2019-08-21 06:47:55,780 [20fa16c8-b149-4c5b-b4f9-9fafb5a1985f:group-D1F116061C65:LeaderElection76] INFO  impl.RaftServerImpl (ServerState.java:setLeader(263)) - 20fa16c8-b149-4c5b-b4f9-9fafb5a1985f:group-D1F116061C65 change Leader from null to 20fa16c8-b149-4c5b-b4f9-9fafb5a1985f at term 1 for becomeLeader, leader elected after 5227ms
2019-08-21 06:47:55,780 [grpc-default-executor-10] INFO  impl.RaftServerImpl (ServerState.java:setLeader(263)) - 7a757e68-43af-46dc-b069-47da6fb40a41:group-35C25930241E change Leader from null to eea1d4b5-a777-41a4-8ddf-56dc853fc369 at term 1 for appendEntries, leader elected after 5122ms
2019-08-21 06:47:55,780 [20fa16c8-b149-4c5b-b4f9-9fafb5a1985f:group-D1F116061C65:LeaderElection76] INFO  server.RaftServerConfigKeys (ConfUtils.java:logGet(43)) - raft.server.staging.catchup.gap = 1000 (default)
2019-08-21 06:47:55,782 [eea1d4b5-a777-41a4-8ddf-56dc853fc369-SegmentedRaftLogWorker:Storage Directory /workdir/hadoop-ozone/integration-test/target/test-dir/MiniOzoneClusterImpl-9ea4e631-3cec-4bad-b090-c72c63c3b0a9/datanode-1/data/ratis/c82b467f-c4db-4396-863e-35c25930241e] INFO  segmented.SegmentedRaftLogWorker (SegmentedRaftLogWorker.java:execute(569)) - eea1d4b5-a777-41a4-8ddf-56dc853fc369-SegmentedRaftLogWorker:Storage Directory /workdir/hadoop-ozone/integration-test/target/test-dir/MiniOzoneClusterImpl-9ea4e631-3cec-4bad-b090-c72c63c3b0a9/datanode-1/data/ratis/c82b467f-c4db-4396-863e-35c25930241e: created new log segment /workdir/hadoop-ozone/integration-test/target/test-dir/MiniOzoneClusterImpl-9ea4e631-3cec-4bad-b090-c72c63c3b0a9/datanode-1/data/ratis/c82b467f-c4db-4396-863e-35c25930241e/current/log_inprogress_0
2019-08-21 06:47:55,782 [20fa16c8-b149-4c5b-b4f9-9fafb5a1985f:group-D1F116061C65:LeaderElection76] INFO  server.RaftServerConfigKeys (ConfUtils.java:logGet(43)) - raft.server.rpc.sleep.time = 25ms (default)
2019-08-21 06:47:55,782 [20fa16c8-b149-4c5b-b4f9-9fafb5a1985f:group-D1F116061C65:LeaderElection76] INFO  server.RaftServerConfigKeys (ConfUtils.java:logGet(43)) - raft.server.write.element-limit = 4096 (default)
2019-08-21 06:47:55,782 [20fa16c8-b149-4c5b-b4f9-9fafb5a1985f:group-D1F116061C65:LeaderElection76] INFO  server.RaftServerConfigKeys (ConfUtils.java:logGet(43)) - raft.server.watch.timeout = 10s (default)
2019-08-21 06:47:55,782 [20fa16c8-b149-4c5b-b4f9-9fafb5a1985f:group-D1F116061C65:LeaderElection76] INFO  server.RaftServerConfigKeys (ConfUtils.java:logGet(43)) - raft.server.watch.timeout.denomination = 1s (default)
2019-08-21 06:47:55,783 [20fa16c8-b149-4c5b-b4f9-9fafb5a1985f:group-D1F116061C65:LeaderElection76] INFO  server.RaftServerConfigKeys (ConfUtils.java:logGet(43)) - raft.server.watch.element-limit = 65536 (default)
2019-08-21 06:47:55,783 [grpc-default-executor-5] INFO  impl.RaftServerImpl (ServerState.java:setRaftConf(361)) - f6cbc464-63a1-4ed5-a6d3-94f3823a1413:group-35C25930241E set configuration 0: [7a757e68-43af-46dc-b069-47da6fb40a41:192.168.69.98:36841, eea1d4b5-a777-41a4-8ddf-56dc853fc369:192.168.69.98:46481, f6cbc464-63a1-4ed5-a6d3-94f3823a1413:192.168.69.98:33619], old=null at 0
2019-08-21 06:47:55,783 [20fa16c8-b149-4c5b-b4f9-9fafb5a1985f:group-D1F116061C65:LeaderElection76] INFO  impl.RoleInfo (RoleInfo.java:updateAndGet(143)) - 20fa16c8-b149-4c5b-b4f9-9fafb5a1985f: start LeaderState
2019-08-21 06:47:55,783 [grpc-default-executor-5] INFO  segmented.SegmentedRaftLogWorker (SegmentedRaftLogWorker.java:startLogSegment(380)) - f6cbc464-63a1-4ed5-a6d3-94f3823a1413-SegmentedRaftLogWorker:Storage Directory /workdir/hadoop-ozone/integration-test/target/test-dir/MiniOzoneClusterImpl-9ea4e631-3cec-4bad-b090-c72c63c3b0a9/datanode-6/data/ratis/c82b467f-c4db-4396-863e-35c25930241e: Starting segment from index:0
2019-08-21 06:47:55,783 [20fa16c8-b149-4c5b-b4f9-9fafb5a1985f:group-D1F116061C65:LeaderElection76] INFO  segmented.SegmentedRaftLogWorker (SegmentedRaftLogWorker.java:startLogSegment(380)) - 20fa16c8-b149-4c5b-b4f9-9fafb5a1985f-SegmentedRaftLogWorker:Storage Directory /workdir/hadoop-ozone/integration-test/target/test-dir/MiniOzoneClusterImpl-9ea4e631-3cec-4bad-b090-c72c63c3b0a9/datanode-5/data/ratis/f09a5e61-bc58-4491-8b3b-d1f116061c65: Starting segment from index:0
2019-08-21 06:47:55,783 [grpc-default-executor-10] INFO  impl.RaftServerImpl (ServerState.java:setRaftConf(361)) - 7a757e68-43af-46dc-b069-47da6fb40a41:group-35C25930241E set configuration 0: [7a757e68-43af-46dc-b069-47da6fb40a41:192.168.69.98:36841, eea1d4b5-a777-41a4-8ddf-56dc853fc369:192.168.69.98:46481, f6cbc464-63a1-4ed5-a6d3-94f3823a1413:192.168.69.98:33619], old=null at 0
2019-08-21 06:47:55,783 [20fa16c8-b149-4c5b-b4f9-9fafb5a1985f:group-D1F116061C65:LeaderElection76] INFO  impl.RaftServerImpl (ServerState.java:setRaftConf(361)) - 20fa16c8-b149-4c5b-b4f9-9fafb5a1985f:group-D1F116061C65 set configuration 0: [20fa16c8-b149-4c5b-b4f9-9fafb5a1985f:192.168.69.98:33186], old=null at 0
2019-08-21 06:47:55,783 [grpc-default-executor-10] INFO  segmented.SegmentedRaftLogWorker (SegmentedRaftLogWorker.java:startLogSegment(380)) - 7a757e68-43af-46dc-b069-47da6fb40a41-SegmentedRaftLogWorker:Storage Directory /workdir/hadoop-ozone/integration-test/target/test-dir/MiniOzoneClusterImpl-9ea4e631-3cec-4bad-b090-c72c63c3b0a9/datanode-2/data/ratis/c82b467f-c4db-4396-863e-35c25930241e: Starting segment from index:0
2019-08-21 06:47:55,815 [Thread-3532] INFO  impl.FollowerState (FollowerState.java:run(106)) - 4e78e98f-ea0c-4fff-97d6-9ba7960c8323:group-382E06DFB191 changes to CANDIDATE, lastRpcTime:5223, electionTimeout:5194ms
2019-08-21 06:47:55,815 [20fa16c8-b149-4c5b-b4f9-9fafb5a1985f:group-A1E08738A272:LeaderElection77] INFO  impl.LeaderElection (LeaderElection.java:askForVotes(181)) - 20fa16c8-b149-4c5b-b4f9-9fafb5a1985f:group-A1E08738A272:LeaderElection77: begin an election at term 1 for -1: [20fa16c8-b149-4c5b-b4f9-9fafb5a1985f:192.168.69.98:33186, 4e78e98f-ea0c-4fff-97d6-9ba7960c8323:192.168.69.98:36424, 9ffd4868-4ba9-44e7-9a03-c837b7b77730:192.168.69.98:38901], old=null
2019-08-21 06:47:55,815 [Thread-3532] INFO  impl.RoleInfo (RoleInfo.java:shutdownFollowerState(121)) - 4e78e98f-ea0c-4fff-97d6-9ba7960c8323: shutdown FollowerState
2019-08-21 06:47:55,815 | INFO  | SCMAudit | user=jenkins1000 | ip=192.168.69.98 | op=SEND_HEARTBEAT {datanodeUUID=7a757e68-43af-46dc-b069-47da6fb40a41, command=[]} | ret=SUCCESS |  
2019-08-21 06:47:55,815 [Thread-3532] INFO  impl.RaftServerImpl (RaftServerImpl.java:setRole(171)) - 4e78e98f-ea0c-4fff-97d6-9ba7960c8323:group-382E06DFB191 changes role from FOLLOWER to CANDIDATE at term 0 for changeToCandidate
2019-08-21 06:47:55,815 [Thread-3532] INFO  impl.RoleInfo (RoleInfo.java:updateAndGet(143)) - 4e78e98f-ea0c-4fff-97d6-9ba7960c8323: start LeaderElection
2019-08-21 06:47:55,844 [20fa16c8-b149-4c5b-b4f9-9fafb5a1985f-SegmentedRaftLogWorker:Storage Directory /workdir/hadoop-ozone/integration-test/target/test-dir/MiniOzoneClusterImpl-9ea4e631-3cec-4bad-b090-c72c63c3b0a9/datanode-5/data/ratis/f09a5e61-bc58-4491-8b3b-d1f116061c65] INFO  segmented.SegmentedRaftLogWorker (SegmentedRaftLogWorker.java:execute(569)) - 20fa16c8-b149-4c5b-b4f9-9fafb5a1985f-SegmentedRaftLogWorker:Storage Directory /workdir/hadoop-ozone/integration-test/target/test-dir/MiniOzoneClusterImpl-9ea4e631-3cec-4bad-b090-c72c63c3b0a9/datanode-5/data/ratis/f09a5e61-bc58-4491-8b3b-d1f116061c65: created new log segment /workdir/hadoop-ozone/integration-test/target/test-dir/MiniOzoneClusterImpl-9ea4e631-3cec-4bad-b090-c72c63c3b0a9/datanode-5/data/ratis/f09a5e61-bc58-4491-8b3b-d1f116061c65/current/log_inprogress_0
2019-08-21 06:47:55,844 [f6cbc464-63a1-4ed5-a6d3-94f3823a1413-SegmentedRaftLogWorker:Storage Directory /workdir/hadoop-ozone/integration-test/target/test-dir/MiniOzoneClusterImpl-9ea4e631-3cec-4bad-b090-c72c63c3b0a9/datanode-6/data/ratis/c82b467f-c4db-4396-863e-35c25930241e] INFO  segmented.SegmentedRaftLogWorker (SegmentedRaftLogWorker.java:execute(569)) - f6cbc464-63a1-4ed5-a6d3-94f3823a1413-SegmentedRaftLogWorker:Storage Directory /workdir/hadoop-ozone/integration-test/target/test-dir/MiniOzoneClusterImpl-9ea4e631-3cec-4bad-b090-c72c63c3b0a9/datanode-6/data/ratis/c82b467f-c4db-4396-863e-35c25930241e: created new log segment /workdir/hadoop-ozone/integration-test/target/test-dir/MiniOzoneClusterImpl-9ea4e631-3cec-4bad-b090-c72c63c3b0a9/datanode-6/data/ratis/c82b467f-c4db-4396-863e-35c25930241e/current/log_inprogress_0
2019-08-21 06:47:55,844 [Thread-3548] INFO  impl.FollowerState (FollowerState.java:run(106)) - 9ffd4868-4ba9-44e7-9a03-c837b7b77730:group-A1E08738A272 changes to CANDIDATE, lastRpcTime:5144, electionTimeout:5142ms
2019-08-21 06:47:55,846 [Thread-3548] INFO  impl.RoleInfo (RoleInfo.java:shutdownFollowerState(121)) - 9ffd4868-4ba9-44e7-9a03-c837b7b77730: shutdown FollowerState
2019-08-21 06:47:55,846 [Thread-3548] INFO  impl.RaftServerImpl (RaftServerImpl.java:setRole(171)) - 9ffd4868-4ba9-44e7-9a03-c837b7b77730:group-A1E08738A272 changes role from FOLLOWER to CANDIDATE at term 0 for changeToCandidate
2019-08-21 06:47:55,848 [Thread-3548] INFO  impl.RoleInfo (RoleInfo.java:updateAndGet(143)) - 9ffd4868-4ba9-44e7-9a03-c837b7b77730: start LeaderElection
2019-08-21 06:47:55,850 [7a757e68-43af-46dc-b069-47da6fb40a41-SegmentedRaftLogWorker:Storage Directory /workdir/hadoop-ozone/integration-test/target/test-dir/MiniOzoneClusterImpl-9ea4e631-3cec-4bad-b090-c72c63c3b0a9/datanode-2/data/ratis/c82b467f-c4db-4396-863e-35c25930241e] INFO  segmented.SegmentedRaftLogWorker (SegmentedRaftLogWorker.java:execute(569)) - 7a757e68-43af-46dc-b069-47da6fb40a41-SegmentedRaftLogWorker:Storage Directory /workdir/hadoop-ozone/integration-test/target/test-dir/MiniOzoneClusterImpl-9ea4e631-3cec-4bad-b090-c72c63c3b0a9/datanode-2/data/ratis/c82b467f-c4db-4396-863e-35c25930241e: created new log segment /workdir/hadoop-ozone/integration-test/target/test-dir/MiniOzoneClusterImpl-9ea4e631-3cec-4bad-b090-c72c63c3b0a9/datanode-2/data/ratis/c82b467f-c4db-4396-863e-35c25930241e/current/log_inprogress_0
2019-08-21 06:47:55,850 [grpc-default-executor-5] INFO  client.GrpcClientProtocolClient (GrpcClientProtocolClient.java:onNext(255)) - client-32787D5CFC5D->f6cbc464-63a1-4ed5-a6d3-94f3823a1413: receive RaftClientReply:client-32787D5CFC5D->f6cbc464-63a1-4ed5-a6d3-94f3823a1413@group-35C25930241E, cid=176, FAILED org.apache.ratis.protocol.NotLeaderException: Server f6cbc464-63a1-4ed5-a6d3-94f3823a1413 is not the leader (eea1d4b5-a777-41a4-8ddf-56dc853fc369:192.168.69.98:46481). Request must be sent to leader., logIndex=0, commits[f6cbc464-63a1-4ed5-a6d3-94f3823a1413:c-1, 7a757e68-43af-46dc-b069-47da6fb40a41:c-1, eea1d4b5-a777-41a4-8ddf-56dc853fc369:c-1]
2019-08-21 06:47:55,856 [grpc-default-executor-5] INFO  impl.RaftServerImpl (RaftServerImpl.java:setRole(171)) - 4e78e98f-ea0c-4fff-97d6-9ba7960c8323:group-A1E08738A272 changes role from FOLLOWER to FOLLOWER at term 1 for recognizeCandidate:20fa16c8-b149-4c5b-b4f9-9fafb5a1985f
2019-08-21 06:47:55,856 [grpc-default-executor-5] INFO  impl.RoleInfo (RoleInfo.java:shutdownFollowerState(121)) - 4e78e98f-ea0c-4fff-97d6-9ba7960c8323: shutdown FollowerState
2019-08-21 06:47:55,856 [grpc-default-executor-5] INFO  impl.RoleInfo (RoleInfo.java:updateAndGet(143)) - 4e78e98f-ea0c-4fff-97d6-9ba7960c8323: start FollowerState
2019-08-21 06:47:55,856 [Thread-3549] INFO  impl.FollowerState (FollowerState.java:run(114)) - 4e78e98f-ea0c-4fff-97d6-9ba7960c8323: FollowerState was interrupted: java.lang.InterruptedException: sleep interrupted
2019-08-21 06:47:55,866 [4e78e98f-ea0c-4fff-97d6-9ba7960c8323:group-382E06DFB191:LeaderElection78] INFO  impl.LeaderElection (LeaderElection.java:askForVotes(181)) - 4e78e98f-ea0c-4fff-97d6-9ba7960c8323:group-382E06DFB191:LeaderElection78: begin an election at term 1 for -1: [4e78e98f-ea0c-4fff-97d6-9ba7960c8323:192.168.69.98:36424], old=null
2019-08-21 06:47:55,866 [9ffd4868-4ba9-44e7-9a03-c837b7b77730:group-A1E08738A272:LeaderElection79] INFO  impl.LeaderElection (LeaderElection.java:askForVotes(181)) - 9ffd4868-4ba9-44e7-9a03-c837b7b77730:group-A1E08738A272:LeaderElection79: begin an election at term 1 for -1: [20fa16c8-b149-4c5b-b4f9-9fafb5a1985f:192.168.69.98:33186, 4e78e98f-ea0c-4fff-97d6-9ba7960c8323:192.168.69.98:36424, 9ffd4868-4ba9-44e7-9a03-c837b7b77730:192.168.69.98:38901], old=null
2019-08-21 06:47:55,868 [4e78e98f-ea0c-4fff-97d6-9ba7960c8323:group-382E06DFB191:LeaderElection78] INFO  impl.RoleInfo (RoleInfo.java:shutdownLeaderElection(134)) - 4e78e98f-ea0c-4fff-97d6-9ba7960c8323: shutdown LeaderElection
2019-08-21 06:47:55,870 [4e78e98f-ea0c-4fff-97d6-9ba7960c8323:group-382E06DFB191:LeaderElection78] INFO  impl.RaftServerImpl (RaftServerImpl.java:setRole(171)) - 4e78e98f-ea0c-4fff-97d6-9ba7960c8323:group-382E06DFB191 changes role from CANDIDATE to LEADER at term 1 for changeToLeader
2019-08-21 06:47:55,870 [20fa16c8-b149-4c5b-b4f9-9fafb5a1985f:group-A1E08738A272:LeaderElection77] INFO  impl.LeaderElection (LeaderElection.java:logAndReturn(56)) - 20fa16c8-b149-4c5b-b4f9-9fafb5a1985f:group-A1E08738A272:LeaderElection77: Election PASSED; received 1 response(s) [20fa16c8-b149-4c5b-b4f9-9fafb5a1985f<-4e78e98f-ea0c-4fff-97d6-9ba7960c8323#0:OK-t1] and 0 exception(s); 20fa16c8-b149-4c5b-b4f9-9fafb5a1985f:t1, leader=null, voted=20fa16c8-b149-4c5b-b4f9-9fafb5a1985f, raftlog=20fa16c8-b149-4c5b-b4f9-9fafb5a1985f-SegmentedRaftLog:OPENED:c-1,f-1,i0, conf=-1: [20fa16c8-b149-4c5b-b4f9-9fafb5a1985f:192.168.69.98:33186, 4e78e98f-ea0c-4fff-97d6-9ba7960c8323:192.168.69.98:36424, 9ffd4868-4ba9-44e7-9a03-c837b7b77730:192.168.69.98:38901], old=null
2019-08-21 06:47:55,870 [4e78e98f-ea0c-4fff-97d6-9ba7960c8323:group-382E06DFB191:LeaderElection78] INFO  impl.RaftServerImpl (ServerState.java:setLeader(263)) - 4e78e98f-ea0c-4fff-97d6-9ba7960c8323:group-382E06DFB191 change Leader from null to 4e78e98f-ea0c-4fff-97d6-9ba7960c8323 at term 1 for becomeLeader, leader elected after 5284ms
2019-08-21 06:47:55,870 [20fa16c8-b149-4c5b-b4f9-9fafb5a1985f:group-A1E08738A272:LeaderElection77] INFO  impl.RoleInfo (RoleInfo.java:shutdownLeaderElection(134)) - 20fa16c8-b149-4c5b-b4f9-9fafb5a1985f: shutdown LeaderElection
2019-08-21 06:47:55,872 [20fa16c8-b149-4c5b-b4f9-9fafb5a1985f:group-A1E08738A272:LeaderElection77] INFO  impl.RaftServerImpl (RaftServerImpl.java:setRole(171)) - 20fa16c8-b149-4c5b-b4f9-9fafb5a1985f:group-A1E08738A272 changes role from CANDIDATE to LEADER at term 1 for changeToLeader
2019-08-21 06:47:55,872 [4e78e98f-ea0c-4fff-97d6-9ba7960c8323:group-382E06DFB191:LeaderElection78] INFO  server.RaftServerConfigKeys (ConfUtils.java:logGet(43)) - raft.server.staging.catchup.gap = 1000 (default)
2019-08-21 06:47:55,872 [20fa16c8-b149-4c5b-b4f9-9fafb5a1985f:group-A1E08738A272:LeaderElection77] INFO  impl.RaftServerImpl (ServerState.java:setLeader(263)) - 20fa16c8-b149-4c5b-b4f9-9fafb5a1985f:group-A1E08738A272 change Leader from null to 20fa16c8-b149-4c5b-b4f9-9fafb5a1985f at term 1 for becomeLeader, leader elected after 5184ms
2019-08-21 06:47:55,872 [4e78e98f-ea0c-4fff-97d6-9ba7960c8323:group-382E06DFB191:LeaderElection78] INFO  server.RaftServerConfigKeys (ConfUtils.java:logGet(43)) - raft.server.rpc.sleep.time = 25ms (default)
2019-08-21 06:47:55,872 [20fa16c8-b149-4c5b-b4f9-9fafb5a1985f:group-A1E08738A272:LeaderElection77] INFO  server.RaftServerConfigKeys (ConfUtils.java:logGet(43)) - raft.server.staging.catchup.gap = 1000 (default)
2019-08-21 06:47:55,872 [4e78e98f-ea0c-4fff-97d6-9ba7960c8323:group-382E06DFB191:LeaderElection78] INFO  server.RaftServerConfigKeys (ConfUtils.java:logGet(43)) - raft.server.write.element-limit = 4096 (default)
2019-08-21 06:47:55,873 [20fa16c8-b149-4c5b-b4f9-9fafb5a1985f:group-A1E08738A272:LeaderElection77] INFO  server.RaftServerConfigKeys (ConfUtils.java:logGet(43)) - raft.server.rpc.sleep.time = 25ms (default)
2019-08-21 06:47:55,873 [4e78e98f-ea0c-4fff-97d6-9ba7960c8323:group-382E06DFB191:LeaderElection78] INFO  server.RaftServerConfigKeys (ConfUtils.java:logGet(43)) - raft.server.watch.timeout = 10s (default)
2019-08-21 06:47:55,873 [20fa16c8-b149-4c5b-b4f9-9fafb5a1985f:group-A1E08738A272:LeaderElection77] INFO  server.RaftServerConfigKeys (ConfUtils.java:logGet(43)) - raft.server.write.element-limit = 4096 (default)
2019-08-21 06:47:55,873 [4e78e98f-ea0c-4fff-97d6-9ba7960c8323:group-382E06DFB191:LeaderElection78] INFO  server.RaftServerConfigKeys (ConfUtils.java:logGet(43)) - raft.server.watch.timeout.denomination = 1s (default)
2019-08-21 06:47:55,873 [20fa16c8-b149-4c5b-b4f9-9fafb5a1985f:group-A1E08738A272:LeaderElection77] INFO  server.RaftServerConfigKeys (ConfUtils.java:logGet(43)) - raft.server.watch.timeout = 10s (default)
2019-08-21 06:47:55,873 [4e78e98f-ea0c-4fff-97d6-9ba7960c8323:group-382E06DFB191:LeaderElection78] INFO  server.RaftServerConfigKeys (ConfUtils.java:logGet(43)) - raft.server.watch.element-limit = 65536 (default)
2019-08-21 06:47:55,873 [20fa16c8-b149-4c5b-b4f9-9fafb5a1985f:group-A1E08738A272:LeaderElection77] INFO  server.RaftServerConfigKeys (ConfUtils.java:logGet(43)) - raft.server.watch.timeout.denomination = 1s (default)
2019-08-21 06:47:55,873 [4e78e98f-ea0c-4fff-97d6-9ba7960c8323:group-382E06DFB191:LeaderElection78] INFO  impl.RoleInfo (RoleInfo.java:updateAndGet(143)) - 4e78e98f-ea0c-4fff-97d6-9ba7960c8323: start LeaderState
2019-08-21 06:47:55,873 [20fa16c8-b149-4c5b-b4f9-9fafb5a1985f:group-A1E08738A272:LeaderElection77] INFO  server.RaftServerConfigKeys (ConfUtils.java:logGet(43)) - raft.server.watch.element-limit = 65536 (default)
2019-08-21 06:47:55,873 [4e78e98f-ea0c-4fff-97d6-9ba7960c8323:group-382E06DFB191:LeaderElection78] INFO  segmented.SegmentedRaftLogWorker (SegmentedRaftLogWorker.java:startLogSegment(380)) - 4e78e98f-ea0c-4fff-97d6-9ba7960c8323-SegmentedRaftLogWorker:Storage Directory /workdir/hadoop-ozone/integration-test/target/test-dir/MiniOzoneClusterImpl-9ea4e631-3cec-4bad-b090-c72c63c3b0a9/datanode-3/data/ratis/816b3413-2de4-4168-85c2-382e06dfb191: Starting segment from index:0
2019-08-21 06:47:55,874 [20fa16c8-b149-4c5b-b4f9-9fafb5a1985f:group-A1E08738A272:LeaderElection77] INFO  server.RaftServerConfigKeys (ConfUtils.java:logGet(43)) - raft.server.log.appender.snapshot.chunk.size.max = 16MB (=16777216) (default)
2019-08-21 06:47:55,874 [20fa16c8-b149-4c5b-b4f9-9fafb5a1985f:group-A1E08738A272:LeaderElection77] INFO  server.RaftServerConfigKeys (ConfUtils.java:logGet(43)) - raft.server.log.appender.buffer.byte-limit = 33554432 (custom)
2019-08-21 06:47:55,874 [4e78e98f-ea0c-4fff-97d6-9ba7960c8323:group-382E06DFB191:LeaderElection78] INFO  impl.RaftServerImpl (ServerState.java:setRaftConf(361)) - 4e78e98f-ea0c-4fff-97d6-9ba7960c8323:group-382E06DFB191 set configuration 0: [4e78e98f-ea0c-4fff-97d6-9ba7960c8323:192.168.69.98:36424], old=null at 0
2019-08-21 06:47:55,874 [20fa16c8-b149-4c5b-b4f9-9fafb5a1985f:group-A1E08738A272:LeaderElection77] INFO  server.RaftServerConfigKeys (ConfUtils.java:logGet(43)) - raft.server.log.appender.buffer.element-limit = 1 (custom)
2019-08-21 06:47:55,905 [20fa16c8-b149-4c5b-b4f9-9fafb5a1985f:group-A1E08738A272:LeaderElection77] INFO  grpc.GrpcConfigKeys$Server (ConfUtils.java:logGet(43)) - raft.grpc.server.leader.outstanding.appends.max = 128 (default)
2019-08-21 06:47:55,905 [20fa16c8-b149-4c5b-b4f9-9fafb5a1985f:group-A1E08738A272:LeaderElection77] INFO  server.RaftServerConfigKeys (ConfUtils.java:logGet(43)) - raft.server.rpc.request.timeout = 3000ms (default)
2019-08-21 06:47:55,905 [20fa16c8-b149-4c5b-b4f9-9fafb5a1985f:group-A1E08738A272:LeaderElection77] INFO  server.RaftServerConfigKeys (ConfUtils.java:logGet(43)) - raft.server.log.appender.install.snapshot.enabled = false (custom)
2019-08-21 06:47:55,907 [20fa16c8-b149-4c5b-b4f9-9fafb5a1985f:group-A1E08738A272:LeaderElection77] INFO  server.RaftServerConfigKeys (ConfUtils.java:logGet(43)) - raft.server.log.appender.snapshot.chunk.size.max = 16MB (=16777216) (default)
2019-08-21 06:47:55,907 [20fa16c8-b149-4c5b-b4f9-9fafb5a1985f:group-A1E08738A272:LeaderElection77] INFO  server.RaftServerConfigKeys (ConfUtils.java:logGet(43)) - raft.server.log.appender.buffer.byte-limit = 33554432 (custom)
2019-08-21 06:47:55,907 [20fa16c8-b149-4c5b-b4f9-9fafb5a1985f:group-A1E08738A272:LeaderElection77] INFO  server.RaftServerConfigKeys (ConfUtils.java:logGet(43)) - raft.server.log.appender.buffer.element-limit = 1 (custom)
2019-08-21 06:47:55,907 [20fa16c8-b149-4c5b-b4f9-9fafb5a1985f:group-A1E08738A272:LeaderElection77] INFO  grpc.GrpcConfigKeys$Server (ConfUtils.java:logGet(43)) - raft.grpc.server.leader.outstanding.appends.max = 128 (default)
2019-08-21 06:47:55,907 [20fa16c8-b149-4c5b-b4f9-9fafb5a1985f:group-A1E08738A272:LeaderElection77] INFO  server.RaftServerConfigKeys (ConfUtils.java:logGet(43)) - raft.server.rpc.request.timeout = 3000ms (default)
2019-08-21 06:47:55,907 [20fa16c8-b149-4c5b-b4f9-9fafb5a1985f:group-A1E08738A272:LeaderElection77] INFO  server.RaftServerConfigKeys (ConfUtils.java:logGet(43)) - raft.server.log.appender.install.snapshot.enabled = false (custom)
2019-08-21 06:47:55,908 [20fa16c8-b149-4c5b-b4f9-9fafb5a1985f:group-A1E08738A272:LeaderElection77] INFO  impl.RoleInfo (RoleInfo.java:updateAndGet(143)) - 20fa16c8-b149-4c5b-b4f9-9fafb5a1985f: start LeaderState
2019-08-21 06:47:55,908 [20fa16c8-b149-4c5b-b4f9-9fafb5a1985f:group-A1E08738A272:LeaderElection77] INFO  segmented.SegmentedRaftLogWorker (SegmentedRaftLogWorker.java:startLogSegment(380)) - 20fa16c8-b149-4c5b-b4f9-9fafb5a1985f-SegmentedRaftLogWorker:Storage Directory /workdir/hadoop-ozone/integration-test/target/test-dir/MiniOzoneClusterImpl-9ea4e631-3cec-4bad-b090-c72c63c3b0a9/datanode-5/data/ratis/2440b74c-9054-4ffb-afb0-a1e08738a272: Starting segment from index:0
2019-08-21 06:47:55,908 [20fa16c8-b149-4c5b-b4f9-9fafb5a1985f:group-A1E08738A272:LeaderElection77] INFO  impl.RaftServerImpl (ServerState.java:setRaftConf(361)) - 20fa16c8-b149-4c5b-b4f9-9fafb5a1985f:group-A1E08738A272 set configuration 0: [20fa16c8-b149-4c5b-b4f9-9fafb5a1985f:192.168.69.98:33186, 4e78e98f-ea0c-4fff-97d6-9ba7960c8323:192.168.69.98:36424, 9ffd4868-4ba9-44e7-9a03-c837b7b77730:192.168.69.98:38901], old=null at 0
2019-08-21 06:47:55,940 [4e78e98f-ea0c-4fff-97d6-9ba7960c8323-SegmentedRaftLogWorker:Storage Directory /workdir/hadoop-ozone/integration-test/target/test-dir/MiniOzoneClusterImpl-9ea4e631-3cec-4bad-b090-c72c63c3b0a9/datanode-3/data/ratis/816b3413-2de4-4168-85c2-382e06dfb191] INFO  segmented.SegmentedRaftLogWorker (SegmentedRaftLogWorker.java:execute(569)) - 4e78e98f-ea0c-4fff-97d6-9ba7960c8323-SegmentedRaftLogWorker:Storage Directory /workdir/hadoop-ozone/integration-test/target/test-dir/MiniOzoneClusterImpl-9ea4e631-3cec-4bad-b090-c72c63c3b0a9/datanode-3/data/ratis/816b3413-2de4-4168-85c2-382e06dfb191: created new log segment /workdir/hadoop-ozone/integration-test/target/test-dir/MiniOzoneClusterImpl-9ea4e631-3cec-4bad-b090-c72c63c3b0a9/datanode-3/data/ratis/816b3413-2de4-4168-85c2-382e06dfb191/current/log_inprogress_0
2019-08-21 06:47:55,944 [grpc-default-executor-5] INFO  impl.RaftServerImpl (RaftServerImpl.java:requestVote(754)) - 20fa16c8-b149-4c5b-b4f9-9fafb5a1985f-LEADER: Withhold vote from candidate 9ffd4868-4ba9-44e7-9a03-c837b7b77730 with term 1. State: leader=20fa16c8-b149-4c5b-b4f9-9fafb5a1985f, term=1, lastRpcElapsed=null
2019-08-21 06:47:55,944 | INFO  | DNAudit | user=null | ip=null | op=WRITE_CHUNK {blockData=conID: 1 locID: 102653628954116110 bcsId: 0} | ret=SUCCESS |  
2019-08-21 06:47:55,954 [20fa16c8-b149-4c5b-b4f9-9fafb5a1985f-SegmentedRaftLogWorker:Storage Directory /workdir/hadoop-ozone/integration-test/target/test-dir/MiniOzoneClusterImpl-9ea4e631-3cec-4bad-b090-c72c63c3b0a9/datanode-5/data/ratis/2440b74c-9054-4ffb-afb0-a1e08738a272] INFO  segmented.SegmentedRaftLogWorker (SegmentedRaftLogWorker.java:execute(569)) - 20fa16c8-b149-4c5b-b4f9-9fafb5a1985f-SegmentedRaftLogWorker:Storage Directory /workdir/hadoop-ozone/integration-test/target/test-dir/MiniOzoneClusterImpl-9ea4e631-3cec-4bad-b090-c72c63c3b0a9/datanode-5/data/ratis/2440b74c-9054-4ffb-afb0-a1e08738a272: created new log segment /workdir/hadoop-ozone/integration-test/target/test-dir/MiniOzoneClusterImpl-9ea4e631-3cec-4bad-b090-c72c63c3b0a9/datanode-5/data/ratis/2440b74c-9054-4ffb-afb0-a1e08738a272/current/log_inprogress_0
2019-08-21 06:47:55,954 | INFO  | SCMAudit | user=jenkins1000 | ip=192.168.69.98 | op=SEND_HEARTBEAT {datanodeUUID=7a757e68-43af-46dc-b069-47da6fb40a41, command=[]} | ret=SUCCESS |  
2019-08-21 06:47:55,954 | INFO  | SCMAudit | user=jenkins1000 | ip=192.168.69.98 | op=SEND_HEARTBEAT {datanodeUUID=4e78e98f-ea0c-4fff-97d6-9ba7960c8323, command=[]} | ret=SUCCESS |  
2019-08-21 06:47:55,954 [grpc-default-executor-5] INFO  impl.RaftServerImpl (RaftServerImpl.java:setRole(171)) - 9ffd4868-4ba9-44e7-9a03-c837b7b77730:group-A1E08738A272 changes role from CANDIDATE to FOLLOWER at term 1 for appendEntries
2019-08-21 06:47:55,954 [9ffd4868-4ba9-44e7-9a03-c837b7b77730:group-A1E08738A272:LeaderElection79] INFO  impl.LeaderElection (LeaderElection.java:logAndReturn(56)) - 9ffd4868-4ba9-44e7-9a03-c837b7b77730:group-A1E08738A272:LeaderElection79: Election REJECTED; received 2 response(s) [9ffd4868-4ba9-44e7-9a03-c837b7b77730<-20fa16c8-b149-4c5b-b4f9-9fafb5a1985f#0:FAIL-t1, 9ffd4868-4ba9-44e7-9a03-c837b7b77730<-4e78e98f-ea0c-4fff-97d6-9ba7960c8323#0:FAIL-t1] and 0 exception(s); 9ffd4868-4ba9-44e7-9a03-c837b7b77730:t1, leader=null, voted=9ffd4868-4ba9-44e7-9a03-c837b7b77730, raftlog=9ffd4868-4ba9-44e7-9a03-c837b7b77730-SegmentedRaftLog:OPENED:c-1,f-1,i0, conf=-1: [20fa16c8-b149-4c5b-b4f9-9fafb5a1985f:192.168.69.98:33186, 4e78e98f-ea0c-4fff-97d6-9ba7960c8323:192.168.69.98:36424, 9ffd4868-4ba9-44e7-9a03-c837b7b77730:192.168.69.98:38901], old=null
2019-08-21 06:47:55,957 [grpc-default-executor-5] INFO  impl.RoleInfo (RoleInfo.java:shutdownLeaderElection(134)) - 9ffd4868-4ba9-44e7-9a03-c837b7b77730: shutdown LeaderElection
2019-08-21 06:47:55,954 [grpc-default-executor-10] INFO  impl.RaftServerImpl (ServerState.java:setLeader(263)) - 4e78e98f-ea0c-4fff-97d6-9ba7960c8323:group-A1E08738A272 change Leader from null to 20fa16c8-b149-4c5b-b4f9-9fafb5a1985f at term 1 for appendEntries, leader elected after 5267ms
2019-08-21 06:47:55,958 | INFO  | SCMAudit | user=jenkins1000 | ip=192.168.69.98 | op=SEND_HEARTBEAT {datanodeUUID=eea1d4b5-a777-41a4-8ddf-56dc853fc369, command=[]} | ret=SUCCESS |  
2019-08-21 06:47:55,957 [grpc-default-executor-5] INFO  impl.RoleInfo (RoleInfo.java:updateAndGet(143)) - 9ffd4868-4ba9-44e7-9a03-c837b7b77730: start FollowerState
2019-08-21 06:47:55,958 | INFO  | DNAudit | user=null | ip=null | op=WRITE_CHUNK {blockData=conID: 1 locID: 102653628954116110 bcsId: 0} | ret=SUCCESS |  
2019-08-21 06:47:55,958 [grpc-default-executor-5] INFO  impl.RaftServerImpl (ServerState.java:setLeader(263)) - 9ffd4868-4ba9-44e7-9a03-c837b7b77730:group-A1E08738A272 change Leader from null to 20fa16c8-b149-4c5b-b4f9-9fafb5a1985f at term 1 for appendEntries, leader elected after 5270ms
2019-08-21 06:47:55,959 [grpc-default-executor-5] INFO  impl.RaftServerImpl (ServerState.java:setRaftConf(361)) - 4e78e98f-ea0c-4fff-97d6-9ba7960c8323:group-A1E08738A272 set configuration 0: [20fa16c8-b149-4c5b-b4f9-9fafb5a1985f:192.168.69.98:33186, 4e78e98f-ea0c-4fff-97d6-9ba7960c8323:192.168.69.98:36424, 9ffd4868-4ba9-44e7-9a03-c837b7b77730:192.168.69.98:38901], old=null at 0
2019-08-21 06:47:55,959 [grpc-default-executor-5] INFO  segmented.SegmentedRaftLogWorker (SegmentedRaftLogWorker.java:startLogSegment(380)) - 4e78e98f-ea0c-4fff-97d6-9ba7960c8323-SegmentedRaftLogWorker:Storage Directory /workdir/hadoop-ozone/integration-test/target/test-dir/MiniOzoneClusterImpl-9ea4e631-3cec-4bad-b090-c72c63c3b0a9/datanode-3/data/ratis/2440b74c-9054-4ffb-afb0-a1e08738a272: Starting segment from index:0
2019-08-21 06:47:55,960 [grpc-default-executor-10] INFO  impl.RaftServerImpl (ServerState.java:setRaftConf(361)) - 9ffd4868-4ba9-44e7-9a03-c837b7b77730:group-A1E08738A272 set configuration 0: [20fa16c8-b149-4c5b-b4f9-9fafb5a1985f:192.168.69.98:33186, 4e78e98f-ea0c-4fff-97d6-9ba7960c8323:192.168.69.98:36424, 9ffd4868-4ba9-44e7-9a03-c837b7b77730:192.168.69.98:38901], old=null at 0
2019-08-21 06:47:55,960 [grpc-default-executor-10] INFO  segmented.SegmentedRaftLogWorker (SegmentedRaftLogWorker.java:startLogSegment(380)) - 9ffd4868-4ba9-44e7-9a03-c837b7b77730-SegmentedRaftLogWorker:Storage Directory /workdir/hadoop-ozone/integration-test/target/test-dir/MiniOzoneClusterImpl-9ea4e631-3cec-4bad-b090-c72c63c3b0a9/datanode-4/data/ratis/2440b74c-9054-4ffb-afb0-a1e08738a272: Starting segment from index:0
2019-08-21 06:47:55,967 | INFO  | DNAudit | user=null | ip=null | op=WRITE_CHUNK {blockData=conID: 1 locID: 102653628954116110 bcsId: 0} | ret=SUCCESS |  
2019-08-21 06:47:56,013 | INFO  | DNAudit | user=null | ip=null | op=WRITE_CHUNK {blockData=conID: 1 locID: 102653628954116110 bcsId: 0} | ret=SUCCESS |  
2019-08-21 06:47:56,013 | INFO  | SCMAudit | user=jenkins1000 | ip=192.168.69.98 | op=SEND_HEARTBEAT {datanodeUUID=f6cbc464-63a1-4ed5-a6d3-94f3823a1413, command=[]} | ret=SUCCESS |  
2019-08-21 06:47:56,013 [grpc-default-executor-5] INFO  client.GrpcClientProtocolClient (GrpcClientProtocolClient.java:onNext(255)) - client-32787D5CFC5D->eea1d4b5-a777-41a4-8ddf-56dc853fc369: receive RaftClientReply:client-32787D5CFC5D->eea1d4b5-a777-41a4-8ddf-56dc853fc369@group-35C25930241E, cid=176, SUCCESS, logIndex=1, commits[eea1d4b5-a777-41a4-8ddf-56dc853fc369:c1, 7a757e68-43af-46dc-b069-47da6fb40a41:c0, f6cbc464-63a1-4ed5-a6d3-94f3823a1413:c-1]
2019-08-21 06:47:56,013 | INFO  | DNAudit | user=null | ip=null | op=WRITE_CHUNK {blockData=conID: 1 locID: 102653628954116110 bcsId: 0} | ret=SUCCESS |  
2019-08-21 06:47:56,020 [9ffd4868-4ba9-44e7-9a03-c837b7b77730-SegmentedRaftLogWorker:Storage Directory /workdir/hadoop-ozone/integration-test/target/test-dir/MiniOzoneClusterImpl-9ea4e631-3cec-4bad-b090-c72c63c3b0a9/datanode-4/data/ratis/2440b74c-9054-4ffb-afb0-a1e08738a272] INFO  segmented.SegmentedRaftLogWorker (SegmentedRaftLogWorker.java:execute(569)) - 9ffd4868-4ba9-44e7-9a03-c837b7b77730-SegmentedRaftLogWorker:Storage Directory /workdir/hadoop-ozone/integration-test/target/test-dir/MiniOzoneClusterImpl-9ea4e631-3cec-4bad-b090-c72c63c3b0a9/datanode-4/data/ratis/2440b74c-9054-4ffb-afb0-a1e08738a272: created new log segment /workdir/hadoop-ozone/integration-test/target/test-dir/MiniOzoneClusterImpl-9ea4e631-3cec-4bad-b090-c72c63c3b0a9/datanode-4/data/ratis/2440b74c-9054-4ffb-afb0-a1e08738a272/current/log_inprogress_0
2019-08-21 06:47:56,020 [4e78e98f-ea0c-4fff-97d6-9ba7960c8323-SegmentedRaftLogWorker:Storage Directory /workdir/hadoop-ozone/integration-test/target/test-dir/MiniOzoneClusterImpl-9ea4e631-3cec-4bad-b090-c72c63c3b0a9/datanode-3/data/ratis/2440b74c-9054-4ffb-afb0-a1e08738a272] INFO  segmented.SegmentedRaftLogWorker (SegmentedRaftLogWorker.java:execute(569)) - 4e78e98f-ea0c-4fff-97d6-9ba7960c8323-SegmentedRaftLogWorker:Storage Directory /workdir/hadoop-ozone/integration-test/target/test-dir/MiniOzoneClusterImpl-9ea4e631-3cec-4bad-b090-c72c63c3b0a9/datanode-3/data/ratis/2440b74c-9054-4ffb-afb0-a1e08738a272: created new log segment /workdir/hadoop-ozone/integration-test/target/test-dir/MiniOzoneClusterImpl-9ea4e631-3cec-4bad-b090-c72c63c3b0a9/datanode-3/data/ratis/2440b74c-9054-4ffb-afb0-a1e08738a272/current/log_inprogress_0
2019-08-21 06:47:56,021 | INFO  | DNAudit | user=null | ip=null | op=WRITE_CHUNK {blockData=conID: 1 locID: 102653628954116110 bcsId: 0} | ret=SUCCESS |  
2019-08-21 06:47:56,021 | INFO  | DNAudit | user=null | ip=null | op=WRITE_CHUNK {blockData=conID: 1 locID: 102653628954116110 bcsId: 0} | ret=SUCCESS |  
2019-08-21 06:47:56,022 | INFO  | DNAudit | user=null | ip=null | op=WRITE_CHUNK {blockData=conID: 1 locID: 102653628954116110 bcsId: 0} | ret=SUCCESS |  
2019-08-21 06:47:56,022 | INFO  | DNAudit | user=null | ip=null | op=WRITE_CHUNK {blockData=conID: 1 locID: 102653628954116110 bcsId: 0} | ret=SUCCESS |  
2019-08-21 06:47:56,023 | INFO  | DNAudit | user=null | ip=null | op=WRITE_CHUNK {blockData=conID: 1 locID: 102653628954116110 bcsId: 0} | ret=SUCCESS |  
2019-08-21 06:47:56,023 | INFO  | DNAudit | user=null | ip=null | op=WRITE_CHUNK {blockData=conID: 1 locID: 102653628954116110 bcsId: 0} | ret=SUCCESS |  
2019-08-21 06:47:56,023 | INFO  | DNAudit | user=null | ip=null | op=WRITE_CHUNK {blockData=conID: 1 locID: 102653628954116110 bcsId: 0} | ret=SUCCESS |  
2019-08-21 06:47:56,023 | INFO  | DNAudit | user=null | ip=null | op=WRITE_CHUNK {blockData=conID: 1 locID: 102653628954116110 bcsId: 0} | ret=SUCCESS |  
2019-08-21 06:47:56,031 | INFO  | DNAudit | user=null | ip=null | op=WRITE_CHUNK {blockData=conID: 1 locID: 102653628954116110 bcsId: 0} | ret=SUCCESS |  
2019-08-21 06:47:56,031 | INFO  | DNAudit | user=null | ip=null | op=WRITE_CHUNK {blockData=conID: 1 locID: 102653628954116110 bcsId: 0} | ret=SUCCESS |  
2019-08-21 06:47:56,031 | INFO  | DNAudit | user=null | ip=null | op=WRITE_CHUNK {blockData=conID: 1 locID: 102653628954116110 bcsId: 0} | ret=SUCCESS |  
2019-08-21 06:47:56,041 [grpc-default-executor-10] INFO  client.GrpcClientProtocolClient (GrpcClientProtocolClient.java:onNext(255)) - client-32787D5CFC5D->eea1d4b5-a777-41a4-8ddf-56dc853fc369: receive RaftClientReply:client-32787D5CFC5D->eea1d4b5-a777-41a4-8ddf-56dc853fc369@group-35C25930241E, cid=177, SUCCESS, logIndex=3, commits[eea1d4b5-a777-41a4-8ddf-56dc853fc369:c4, 7a757e68-43af-46dc-b069-47da6fb40a41:c2, f6cbc464-63a1-4ed5-a6d3-94f3823a1413:c2]
2019-08-21 06:47:56,042 | INFO  | DNAudit | user=null | ip=null | op=WRITE_CHUNK {blockData=conID: 1 locID: 102653628954116110 bcsId: 0} | ret=SUCCESS |  
2019-08-21 06:47:56,042 | INFO  | DNAudit | user=null | ip=null | op=WRITE_CHUNK {blockData=conID: 1 locID: 102653628954116110 bcsId: 0} | ret=SUCCESS |  
2019-08-21 06:47:56,085 | INFO  | DNAudit | user=null | ip=null | op=PUT_BLOCK {blockData=[blockId=conID: 1 locID: 102653628954116110 bcsId: 0,size=200]} | ret=SUCCESS |  
2019-08-21 06:47:56,089 | INFO  | DNAudit | user=null | ip=null | op=WRITE_CHUNK {blockData=conID: 1 locID: 102653628954116110 bcsId: 0} | ret=SUCCESS |  
2019-08-21 06:47:56,089 | INFO  | DNAudit | user=null | ip=null | op=WRITE_CHUNK {blockData=conID: 1 locID: 102653628954116110 bcsId: 0} | ret=SUCCESS |  
2019-08-21 06:47:56,090 [grpc-default-executor-4] INFO  client.GrpcClientProtocolClient (GrpcClientProtocolClient.java:onNext(255)) - client-32787D5CFC5D->eea1d4b5-a777-41a4-8ddf-56dc853fc369: receive RaftClientReply:client-32787D5CFC5D->eea1d4b5-a777-41a4-8ddf-56dc853fc369@group-35C25930241E, cid=178, SUCCESS, logIndex=4, commits[eea1d4b5-a777-41a4-8ddf-56dc853fc369:c12, 7a757e68-43af-46dc-b069-47da6fb40a41:c8, f6cbc464-63a1-4ed5-a6d3-94f3823a1413:c8]
2019-08-21 06:47:56,094 [grpc-default-executor-4] INFO  client.GrpcClientProtocolClient (GrpcClientProtocolClient.java:onNext(255)) - client-32787D5CFC5D->eea1d4b5-a777-41a4-8ddf-56dc853fc369: receive RaftClientReply:client-32787D5CFC5D->eea1d4b5-a777-41a4-8ddf-56dc853fc369@group-35C25930241E, cid=179, SUCCESS, logIndex=5, commits[eea1d4b5-a777-41a4-8ddf-56dc853fc369:c12, 7a757e68-43af-46dc-b069-47da6fb40a41:c8, f6cbc464-63a1-4ed5-a6d3-94f3823a1413:c8]
2019-08-21 06:47:56,095 [grpc-default-executor-4] INFO  client.GrpcClientProtocolClient (GrpcClientProtocolClient.java:onNext(255)) - client-32787D5CFC5D->eea1d4b5-a777-41a4-8ddf-56dc853fc369: receive RaftClientReply:client-32787D5CFC5D->eea1d4b5-a777-41a4-8ddf-56dc853fc369@group-35C25930241E, cid=180, SUCCESS, logIndex=6, commits[eea1d4b5-a777-41a4-8ddf-56dc853fc369:c12, 7a757e68-43af-46dc-b069-47da6fb40a41:c8, f6cbc464-63a1-4ed5-a6d3-94f3823a1413:c8]
2019-08-21 06:47:56,109 | INFO  | SCMAudit | user=jenkins1000 | ip=192.168.69.98 | op=SEND_HEARTBEAT {datanodeUUID=9ffd4868-4ba9-44e7-9a03-c837b7b77730, command=[]} | ret=SUCCESS |  
2019-08-21 06:47:56,116 | INFO  | SCMAudit | user=jenkins1000 | ip=192.168.69.98 | op=SEND_HEARTBEAT {datanodeUUID=2440a51f-3981-4500-9b25-8137dd33ecb0, command=[]} | ret=SUCCESS |  
2019-08-21 06:47:56,146 | INFO  | DNAudit | user=null | ip=null | op=PUT_BLOCK {blockData=[blockId=conID: 1 locID: 102653628954116110 bcsId: 0,size=200]} | ret=SUCCESS |  
2019-08-21 06:47:56,147 | INFO  | DNAudit | user=null | ip=null | op=WRITE_CHUNK {blockData=conID: 1 locID: 102653628954116110 bcsId: 0} | ret=SUCCESS |  
2019-08-21 06:47:56,147 | INFO  | DNAudit | user=null | ip=null | op=WRITE_CHUNK {blockData=conID: 1 locID: 102653628954116110 bcsId: 0} | ret=SUCCESS |  
2019-08-21 06:47:56,188 | INFO  | DNAudit | user=null | ip=null | op=PUT_BLOCK {blockData=[blockId=conID: 1 locID: 102653628954116110 bcsId: 0,size=400]} | ret=SUCCESS |  
2019-08-21 06:47:56,188 | INFO  | DNAudit | user=null | ip=null | op=PUT_BLOCK {blockData=[blockId=conID: 1 locID: 102653628954116110 bcsId: 0,size=400]} | ret=SUCCESS |  
2019-08-21 06:47:56,188 | INFO  | DNAudit | user=null | ip=null | op=PUT_BLOCK {blockData=[blockId=conID: 1 locID: 102653628954116110 bcsId: 0,size=200]} | ret=SUCCESS |  
2019-08-21 06:47:56,189 | INFO  | DNAudit | user=null | ip=null | op=WRITE_CHUNK {blockData=conID: 1 locID: 102653628954116110 bcsId: 0} | ret=SUCCESS |  
2019-08-21 06:47:56,189 | INFO  | DNAudit | user=null | ip=null | op=WRITE_CHUNK {blockData=conID: 1 locID: 102653628954116110 bcsId: 0} | ret=SUCCESS |  
2019-08-21 06:47:56,190 | INFO  | DNAudit | user=null | ip=null | op=PUT_BLOCK {blockData=[blockId=conID: 1 locID: 102653628954116110 bcsId: 0,size=400]} | ret=SUCCESS |  
2019-08-21 06:47:56,190 [grpc-default-executor-4] INFO  client.GrpcClientProtocolClient (GrpcClientProtocolClient.java:onNext(255)) - client-32787D5CFC5D->eea1d4b5-a777-41a4-8ddf-56dc853fc369: receive RaftClientReply:client-32787D5CFC5D->eea1d4b5-a777-41a4-8ddf-56dc853fc369@group-35C25930241E, cid=181, SUCCESS, logIndex=7, commits[eea1d4b5-a777-41a4-8ddf-56dc853fc369:c12, 7a757e68-43af-46dc-b069-47da6fb40a41:c8, f6cbc464-63a1-4ed5-a6d3-94f3823a1413:c8]
2019-08-21 06:47:56,194 | INFO  | DNAudit | user=null | ip=null | op=WRITE_CHUNK {blockData=conID: 1 locID: 102653628954116110 bcsId: 7} | ret=SUCCESS |  
2019-08-21 06:47:56,198 | INFO  | DNAudit | user=null | ip=null | op=WRITE_CHUNK {blockData=conID: 1 locID: 102653628954116110 bcsId: 7} | ret=SUCCESS |  
2019-08-21 06:47:56,198 | INFO  | DNAudit | user=null | ip=null | op=WRITE_CHUNK {blockData=conID: 1 locID: 102653628954116110 bcsId: 7} | ret=SUCCESS |  
2019-08-21 06:47:56,211 | INFO  | DNAudit | user=null | ip=null | op=WRITE_CHUNK {blockData=conID: 1 locID: 102653628954116110 bcsId: 7} | ret=SUCCESS |  
2019-08-21 06:47:56,212 | INFO  | DNAudit | user=null | ip=null | op=PUT_BLOCK {blockData=[blockId=conID: 1 locID: 102653628954116110 bcsId: 0,size=450]} | ret=SUCCESS |  
2019-08-21 06:47:56,212 [grpc-default-executor-5] INFO  client.GrpcClientProtocolClient (GrpcClientProtocolClient.java:onNext(255)) - client-32787D5CFC5D->eea1d4b5-a777-41a4-8ddf-56dc853fc369: receive RaftClientReply:client-32787D5CFC5D->eea1d4b5-a777-41a4-8ddf-56dc853fc369@group-35C25930241E, cid=182, SUCCESS, logIndex=13, commits[eea1d4b5-a777-41a4-8ddf-56dc853fc369:c14, 7a757e68-43af-46dc-b069-47da6fb40a41:c12, f6cbc464-63a1-4ed5-a6d3-94f3823a1413:c12]
2019-08-21 06:47:56,213 [grpc-default-executor-5] INFO  client.GrpcClientProtocolClient (GrpcClientProtocolClient.java:onNext(255)) - client-32787D5CFC5D->eea1d4b5-a777-41a4-8ddf-56dc853fc369: receive RaftClientReply:client-32787D5CFC5D->eea1d4b5-a777-41a4-8ddf-56dc853fc369@group-35C25930241E, cid=183, SUCCESS, logIndex=14, commits[eea1d4b5-a777-41a4-8ddf-56dc853fc369:c14, 7a757e68-43af-46dc-b069-47da6fb40a41:c12, f6cbc464-63a1-4ed5-a6d3-94f3823a1413:c12]
2019-08-21 06:47:56,223 | INFO  | DNAudit | user=null | ip=null | op=WRITE_CHUNK {blockData=conID: 1 locID: 102653628954116110 bcsId: 7} | ret=SUCCESS |  
2019-08-21 06:47:56,223 | INFO  | DNAudit | user=null | ip=null | op=WRITE_CHUNK {blockData=conID: 1 locID: 102653628954116110 bcsId: 7} | ret=SUCCESS |  
2019-08-21 06:47:56,224 | INFO  | DNAudit | user=null | ip=null | op=PUT_BLOCK {blockData=[blockId=conID: 1 locID: 102653628954116110 bcsId: 0,size=450]} | ret=SUCCESS |  
2019-08-21 06:47:56,225 | INFO  | DNAudit | user=null | ip=null | op=PUT_BLOCK {blockData=[blockId=conID: 1 locID: 102653628954116110 bcsId: 0,size=450]} | ret=SUCCESS |  
2019-08-21 06:47:56,229 [grpc-default-executor-5] INFO  client.GrpcClientProtocolClient (GrpcClientProtocolClient.java:onNext(255)) - client-32787D5CFC5D->eea1d4b5-a777-41a4-8ddf-56dc853fc369: receive RaftClientReply:client-32787D5CFC5D->eea1d4b5-a777-41a4-8ddf-56dc853fc369@group-35C25930241E, cid=184, SUCCESS, logIndex=0, commits[eea1d4b5-a777-41a4-8ddf-56dc853fc369:c16, 7a757e68-43af-46dc-b069-47da6fb40a41:c14, f6cbc464-63a1-4ed5-a6d3-94f3823a1413:c14]
2019-08-21 06:47:56,229 [main] INFO  datanode.ObjectStoreHandler (ObjectStoreHandler.java:close(155)) - Closing ObjectStoreHandler.
2019-08-21 06:47:56,230 [main] INFO  ozone.HddsDatanodeService (HddsDatanodeService.java:stop(451)) - Stopped plug-in org.apache.hadoop.ozone.web.OzoneHddsDatanodeService@6971c6b7
2019-08-21 06:47:56,277 | INFO  | SCMAudit | user=jenkins1000 | ip=192.168.69.98 | op=SEND_HEARTBEAT {datanodeUUID=20fa16c8-b149-4c5b-b4f9-9fafb5a1985f, command=[]} | ret=SUCCESS |  
2019-08-21 06:47:56,944 | INFO  | SCMAudit | user=jenkins1000 | ip=192.168.69.98 | op=SEND_HEARTBEAT {datanodeUUID=7a757e68-43af-46dc-b069-47da6fb40a41, command=[]} | ret=SUCCESS |  
2019-08-21 06:47:56,952 | INFO  | SCMAudit | user=jenkins1000 | ip=192.168.69.98 | op=SEND_HEARTBEAT {datanodeUUID=4e78e98f-ea0c-4fff-97d6-9ba7960c8323, command=[]} | ret=SUCCESS |  
2019-08-21 06:47:56,958 [Datanode State Machine Thread - 0] INFO  statemachine.DatanodeStateMachine (DatanodeStateMachine.java:lambda$startDaemon$0(350)) - Ozone container server started.
2019-08-21 06:47:57,011 | INFO  | SCMAudit | user=jenkins1000 | ip=192.168.69.98 | op=SEND_HEARTBEAT {datanodeUUID=f6cbc464-63a1-4ed5-a6d3-94f3823a1413, command=[]} | ret=SUCCESS |  
2019-08-21 06:47:57,110 | INFO  | SCMAudit | user=jenkins1000 | ip=192.168.69.98 | op=SEND_HEARTBEAT {datanodeUUID=9ffd4868-4ba9-44e7-9a03-c837b7b77730, command=[]} | ret=SUCCESS |  
2019-08-21 06:47:57,116 | INFO  | SCMAudit | user=jenkins1000 | ip=192.168.69.98 | op=SEND_HEARTBEAT {datanodeUUID=2440a51f-3981-4500-9b25-8137dd33ecb0, command=[]} | ret=SUCCESS |  
2019-08-21 06:47:57,278 | INFO  | SCMAudit | user=jenkins1000 | ip=192.168.69.98 | op=SEND_HEARTBEAT {datanodeUUID=20fa16c8-b149-4c5b-b4f9-9fafb5a1985f, command=[]} | ret=SUCCESS |  
2019-08-21 06:47:57,944 | INFO  | SCMAudit | user=jenkins1000 | ip=192.168.69.98 | op=SEND_HEARTBEAT {datanodeUUID=7a757e68-43af-46dc-b069-47da6fb40a41, command=[]} | ret=SUCCESS |  
2019-08-21 06:47:57,952 | INFO  | SCMAudit | user=jenkins1000 | ip=192.168.69.98 | op=SEND_HEARTBEAT {datanodeUUID=4e78e98f-ea0c-4fff-97d6-9ba7960c8323, command=[]} | ret=SUCCESS |  
2019-08-21 06:47:58,012 | INFO  | SCMAudit | user=jenkins1000 | ip=192.168.69.98 | op=SEND_HEARTBEAT {datanodeUUID=f6cbc464-63a1-4ed5-a6d3-94f3823a1413, command=[]} | ret=SUCCESS |  
2019-08-21 06:47:58,109 | INFO  | SCMAudit | user=jenkins1000 | ip=192.168.69.98 | op=SEND_HEARTBEAT {datanodeUUID=9ffd4868-4ba9-44e7-9a03-c837b7b77730, command=[]} | ret=SUCCESS |  
2019-08-21 06:47:58,116 | INFO  | SCMAudit | user=jenkins1000 | ip=192.168.69.98 | op=SEND_HEARTBEAT {datanodeUUID=2440a51f-3981-4500-9b25-8137dd33ecb0, command=[]} | ret=SUCCESS |  
2019-08-21 06:47:58,278 | INFO  | SCMAudit | user=jenkins1000 | ip=192.168.69.98 | op=SEND_HEARTBEAT {datanodeUUID=20fa16c8-b149-4c5b-b4f9-9fafb5a1985f, command=[]} | ret=SUCCESS |  
2019-08-21 06:47:58,945 | INFO  | SCMAudit | user=jenkins1000 | ip=192.168.69.98 | op=SEND_HEARTBEAT {datanodeUUID=7a757e68-43af-46dc-b069-47da6fb40a41, command=[]} | ret=SUCCESS |  
2019-08-21 06:47:58,952 | INFO  | SCMAudit | user=jenkins1000 | ip=192.168.69.98 | op=SEND_HEARTBEAT {datanodeUUID=4e78e98f-ea0c-4fff-97d6-9ba7960c8323, command=[]} | ret=SUCCESS |  
2019-08-21 06:47:59,011 | INFO  | SCMAudit | user=jenkins1000 | ip=192.168.69.98 | op=SEND_HEARTBEAT {datanodeUUID=f6cbc464-63a1-4ed5-a6d3-94f3823a1413, command=[]} | ret=SUCCESS |  
2019-08-21 06:47:59,109 | INFO  | SCMAudit | user=jenkins1000 | ip=192.168.69.98 | op=SEND_HEARTBEAT {datanodeUUID=9ffd4868-4ba9-44e7-9a03-c837b7b77730, command=[]} | ret=SUCCESS |  
2019-08-21 06:47:59,116 | INFO  | SCMAudit | user=jenkins1000 | ip=192.168.69.98 | op=SEND_HEARTBEAT {datanodeUUID=2440a51f-3981-4500-9b25-8137dd33ecb0, command=[]} | ret=SUCCESS |  
2019-08-21 06:47:59,278 | INFO  | SCMAudit | user=jenkins1000 | ip=192.168.69.98 | op=SEND_HEARTBEAT {datanodeUUID=20fa16c8-b149-4c5b-b4f9-9fafb5a1985f, command=[]} | ret=SUCCESS |  
2019-08-21 06:47:59,944 | INFO  | SCMAudit | user=jenkins1000 | ip=192.168.69.98 | op=SEND_HEARTBEAT {datanodeUUID=7a757e68-43af-46dc-b069-47da6fb40a41, command=[]} | ret=SUCCESS |  
2019-08-21 06:47:59,952 | INFO  | SCMAudit | user=jenkins1000 | ip=192.168.69.98 | op=SEND_HEARTBEAT {datanodeUUID=4e78e98f-ea0c-4fff-97d6-9ba7960c8323, command=[]} | ret=SUCCESS |  
2019-08-21 06:48:00,011 | INFO  | SCMAudit | user=jenkins1000 | ip=192.168.69.98 | op=SEND_HEARTBEAT {datanodeUUID=f6cbc464-63a1-4ed5-a6d3-94f3823a1413, command=[]} | ret=SUCCESS |  
2019-08-21 06:48:00,109 | INFO  | SCMAudit | user=jenkins1000 | ip=192.168.69.98 | op=SEND_HEARTBEAT {datanodeUUID=9ffd4868-4ba9-44e7-9a03-c837b7b77730, command=[]} | ret=SUCCESS |  
2019-08-21 06:48:00,116 | INFO  | SCMAudit | user=jenkins1000 | ip=192.168.69.98 | op=SEND_HEARTBEAT {datanodeUUID=2440a51f-3981-4500-9b25-8137dd33ecb0, command=[]} | ret=SUCCESS |  
2019-08-21 06:48:00,278 | INFO  | SCMAudit | user=jenkins1000 | ip=192.168.69.98 | op=SEND_HEARTBEAT {datanodeUUID=20fa16c8-b149-4c5b-b4f9-9fafb5a1985f, command=[]} | ret=SUCCESS |  
2019-08-21 06:48:00,944 | INFO  | SCMAudit | user=jenkins1000 | ip=192.168.69.98 | op=SEND_HEARTBEAT {datanodeUUID=7a757e68-43af-46dc-b069-47da6fb40a41, command=[]} | ret=SUCCESS |  
2019-08-21 06:48:00,952 | INFO  | SCMAudit | user=jenkins1000 | ip=192.168.69.98 | op=SEND_HEARTBEAT {datanodeUUID=4e78e98f-ea0c-4fff-97d6-9ba7960c8323, command=[]} | ret=SUCCESS |  
2019-08-21 06:48:01,012 | INFO  | SCMAudit | user=jenkins1000 | ip=192.168.69.98 | op=SEND_HEARTBEAT {datanodeUUID=f6cbc464-63a1-4ed5-a6d3-94f3823a1413, command=[]} | ret=SUCCESS |  
2019-08-21 06:48:01,048 [EventQueue-StaleNodeForStaleNodeHandler] INFO  node.StaleNodeHandler (StaleNodeHandler.java:onMessage(58)) - Datanode eea1d4b5-a777-41a4-8ddf-56dc853fc369{ip: 192.168.69.98, host: pr-hdds-1950-tl9pt-285257851, networkLocation: /default-rack, certSerialId: null} moved to stale state. Finalizing its pipelines [PipelineID=3804a164-59ea-4238-8f35-51b5a05d8937, PipelineID=c82b467f-c4db-4396-863e-35c25930241e]
2019-08-21 06:48:01,048 [EventQueue-StaleNodeForStaleNodeHandler] INFO  pipeline.SCMPipelineManager (SCMPipelineManager.java:finalizeAndDestroyPipeline(309)) - destroying pipeline:Pipeline[ Id: 3804a164-59ea-4238-8f35-51b5a05d8937, Nodes: eea1d4b5-a777-41a4-8ddf-56dc853fc369{ip: 192.168.69.98, host: pr-hdds-1950-tl9pt-285257851, networkLocation: /default-rack, certSerialId: null}, Type:RATIS, Factor:ONE, State:OPEN]
2019-08-21 06:48:01,049 [EventQueue-StaleNodeForStaleNodeHandler] INFO  pipeline.PipelineStateManager (PipelineStateManager.java:finalizePipeline(123)) - Pipeline Pipeline[ Id: 3804a164-59ea-4238-8f35-51b5a05d8937, Nodes: eea1d4b5-a777-41a4-8ddf-56dc853fc369{ip: 192.168.69.98, host: pr-hdds-1950-tl9pt-285257851, networkLocation: /default-rack, certSerialId: null}, Type:RATIS, Factor:ONE, State:CLOSED] moved to CLOSED state
2019-08-21 06:48:01,049 [EventQueue-StaleNodeForStaleNodeHandler] INFO  pipeline.SCMPipelineManager (SCMPipelineManager.java:finalizeAndDestroyPipeline(309)) - destroying pipeline:Pipeline[ Id: c82b467f-c4db-4396-863e-35c25930241e, Nodes: eea1d4b5-a777-41a4-8ddf-56dc853fc369{ip: 192.168.69.98, host: pr-hdds-1950-tl9pt-285257851, networkLocation: /default-rack, certSerialId: null}f6cbc464-63a1-4ed5-a6d3-94f3823a1413{ip: 192.168.69.98, host: pr-hdds-1950-tl9pt-285257851, networkLocation: /default-rack, certSerialId: null}7a757e68-43af-46dc-b069-47da6fb40a41{ip: 192.168.69.98, host: pr-hdds-1950-tl9pt-285257851, networkLocation: /default-rack, certSerialId: null}, Type:RATIS, Factor:THREE, State:OPEN]
2019-08-21 06:48:01,049 [EventQueue-StaleNodeForStaleNodeHandler] INFO  pipeline.PipelineStateManager (PipelineStateManager.java:finalizePipeline(123)) - Pipeline Pipeline[ Id: c82b467f-c4db-4396-863e-35c25930241e, Nodes: eea1d4b5-a777-41a4-8ddf-56dc853fc369{ip: 192.168.69.98, host: pr-hdds-1950-tl9pt-285257851, networkLocation: /default-rack, certSerialId: null}f6cbc464-63a1-4ed5-a6d3-94f3823a1413{ip: 192.168.69.98, host: pr-hdds-1950-tl9pt-285257851, networkLocation: /default-rack, certSerialId: null}7a757e68-43af-46dc-b069-47da6fb40a41{ip: 192.168.69.98, host: pr-hdds-1950-tl9pt-285257851, networkLocation: /default-rack, certSerialId: null}, Type:RATIS, Factor:THREE, State:CLOSED] moved to CLOSED state
2019-08-21 06:48:01,049 [EventQueue-CloseContainerForCloseContainerEventHandler] INFO  container.CloseContainerEventHandler (CloseContainerEventHandler.java:onMessage(61)) - Close container Event triggered for container : #1
2019-08-21 06:48:01,109 | INFO  | SCMAudit | user=jenkins1000 | ip=192.168.69.98 | op=SEND_HEARTBEAT {datanodeUUID=9ffd4868-4ba9-44e7-9a03-c837b7b77730, command=[]} | ret=SUCCESS |  
2019-08-21 06:48:01,116 | INFO  | SCMAudit | user=jenkins1000 | ip=192.168.69.98 | op=SEND_HEARTBEAT {datanodeUUID=2440a51f-3981-4500-9b25-8137dd33ecb0, command=[]} | ret=SUCCESS |  
2019-08-21 06:48:01,231 [main] INFO  ozoneimpl.OzoneContainer (OzoneContainer.java:stop(199)) - Attempting to stop container services.
2019-08-21 06:48:01,231 [main] INFO  impl.RaftServerProxy (RaftServerProxy.java:lambda$close$4(314)) - eea1d4b5-a777-41a4-8ddf-56dc853fc369: close
2019-08-21 06:48:01,232 [main] INFO  impl.RaftServerImpl (RaftServerImpl.java:lambda$shutdown$3(245)) - eea1d4b5-a777-41a4-8ddf-56dc853fc369: shutdown group-51B5A05D8937
2019-08-21 06:48:01,232 [main] INFO  util.JmxRegister (JmxRegister.java:unregister(73)) - Successfully un-registered JMX Bean with object name Ratis:service=RaftServer,group=group-51B5A05D8937,id=eea1d4b5-a777-41a4-8ddf-56dc853fc369
2019-08-21 06:48:01,233 [main] INFO  impl.RoleInfo (RoleInfo.java:shutdownLeaderState(104)) - eea1d4b5-a777-41a4-8ddf-56dc853fc369: shutdown LeaderState
2019-08-21 06:48:01,233 [main] INFO  impl.PendingRequests (PendingRequests.java:sendNotLeaderResponses(202)) - eea1d4b5-a777-41a4-8ddf-56dc853fc369-PendingRequests: sendNotLeaderResponses
2019-08-21 06:48:01,234 [main] INFO  impl.StateMachineUpdater (StateMachineUpdater.java:stopAndJoin(115)) - StateMachineUpdater:eea1d4b5-a777-41a4-8ddf-56dc853fc369:group-51B5A05D8937: set stopIndex = 0
2019-08-21 06:48:01,234 [main] INFO  impl.RaftServerImpl (ServerState.java:close(394)) - eea1d4b5-a777-41a4-8ddf-56dc853fc369:group-51B5A05D8937 closes. The last applied log index is 0
2019-08-21 06:48:01,235 [eea1d4b5-a777-41a4-8ddf-56dc853fc369-SegmentedRaftLogWorker:Storage Directory /workdir/hadoop-ozone/integration-test/target/test-dir/MiniOzoneClusterImpl-9ea4e631-3cec-4bad-b090-c72c63c3b0a9/datanode-1/data/ratis/3804a164-59ea-4238-8f35-51b5a05d8937] INFO  segmented.SegmentedRaftLogWorker (SegmentedRaftLogWorker.java:run(313)) - eea1d4b5-a777-41a4-8ddf-56dc853fc369-SegmentedRaftLogWorker:Storage Directory /workdir/hadoop-ozone/integration-test/target/test-dir/MiniOzoneClusterImpl-9ea4e631-3cec-4bad-b090-c72c63c3b0a9/datanode-1/data/ratis/3804a164-59ea-4238-8f35-51b5a05d8937 was interrupted, exiting. There are 0 tasks remaining in the queue.
2019-08-21 06:48:01,238 [main] INFO  segmented.SegmentedRaftLogWorker (SegmentedRaftLogWorker.java:close(228)) - eea1d4b5-a777-41a4-8ddf-56dc853fc369-SegmentedRaftLogWorker:Storage Directory /workdir/hadoop-ozone/integration-test/target/test-dir/MiniOzoneClusterImpl-9ea4e631-3cec-4bad-b090-c72c63c3b0a9/datanode-1/data/ratis/3804a164-59ea-4238-8f35-51b5a05d8937 close()
2019-08-21 06:48:01,242 [main] INFO  impl.RaftServerImpl (RaftServerImpl.java:lambda$shutdown$3(245)) - eea1d4b5-a777-41a4-8ddf-56dc853fc369: shutdown group-35C25930241E
2019-08-21 06:48:01,243 [main] INFO  util.JmxRegister (JmxRegister.java:unregister(73)) - Successfully un-registered JMX Bean with object name Ratis:service=RaftServer,group=group-35C25930241E,id=eea1d4b5-a777-41a4-8ddf-56dc853fc369
2019-08-21 06:48:01,243 [main] INFO  impl.RoleInfo (RoleInfo.java:shutdownLeaderState(104)) - eea1d4b5-a777-41a4-8ddf-56dc853fc369: shutdown LeaderState
2019-08-21 06:48:01,247 [org.apache.ratis.server.impl.LogAppender$AppenderDaemon$$Lambda$520/1595294732@5d4fcad3] WARN  server.GrpcLogAppender (GrpcLogAppender.java:mayWait(143)) - GrpcLogAppender(eea1d4b5-a777-41a4-8ddf-56dc853fc369->7a757e68-43af-46dc-b069-47da6fb40a41): Wait interrupted by java.lang.InterruptedException
2019-08-21 06:48:01,247 [main] INFO  impl.PendingRequests (PendingRequests.java:sendNotLeaderResponses(202)) - eea1d4b5-a777-41a4-8ddf-56dc853fc369-PendingRequests: sendNotLeaderResponses
2019-08-21 06:48:01,247 [org.apache.ratis.server.impl.LogAppender$AppenderDaemon$$Lambda$520/1595294732@184d4f1e] WARN  server.GrpcLogAppender (GrpcLogAppender.java:mayWait(143)) - GrpcLogAppender(eea1d4b5-a777-41a4-8ddf-56dc853fc369->f6cbc464-63a1-4ed5-a6d3-94f3823a1413): Wait interrupted by java.lang.InterruptedException
2019-08-21 06:48:01,248 [grpc-default-executor-5] INFO  server.GrpcServerProtocolService (GrpcServerProtocolService.java:onCompleted(104)) - 7a757e68-43af-46dc-b069-47da6fb40a41: appendEntries completed
2019-08-21 06:48:01,252 [main] INFO  impl.StateMachineUpdater (StateMachineUpdater.java:stopAndJoin(115)) - StateMachineUpdater:eea1d4b5-a777-41a4-8ddf-56dc853fc369:group-35C25930241E: set stopIndex = 16
2019-08-21 06:48:01,252 [StateMachineUpdater:eea1d4b5-a777-41a4-8ddf-56dc853fc369:group-35C25930241E] INFO  ratis.ContainerStateMachine (ContainerStateMachine.java:takeSnapshot(283)) - group-35C25930241E: Taking a snapshot at:(t:1, i:14) file /workdir/hadoop-ozone/integration-test/target/test-dir/MiniOzoneClusterImpl-9ea4e631-3cec-4bad-b090-c72c63c3b0a9/datanode-1/data/ratis/c82b467f-c4db-4396-863e-35c25930241e/sm/snapshot.1_14
2019-08-21 06:48:01,252 [grpc-default-executor-5] INFO  server.GrpcServerProtocolService (GrpcServerProtocolService.java:onCompleted(104)) - f6cbc464-63a1-4ed5-a6d3-94f3823a1413: appendEntries completed
2019-08-21 06:48:01,252 [grpc-default-executor-5] INFO  server.GrpcLogAppender (GrpcLogAppender.java:onCompleted(292)) - eea1d4b5-a777-41a4-8ddf-56dc853fc369->7a757e68-43af-46dc-b069-47da6fb40a41: follower responses appendEntries COMPLETED
2019-08-21 06:48:01,253 [grpc-default-executor-9] INFO  server.GrpcLogAppender (GrpcLogAppender.java:onCompleted(292)) - eea1d4b5-a777-41a4-8ddf-56dc853fc369->f6cbc464-63a1-4ed5-a6d3-94f3823a1413: follower responses appendEntries COMPLETED
2019-08-21 06:48:01,253 [grpc-default-executor-5] INFO  impl.FollowerInfo (FollowerInfo.java:lambda$new$0(50)) - eea1d4b5-a777-41a4-8ddf-56dc853fc369->7a757e68-43af-46dc-b069-47da6fb40a41: nextIndex: updateUnconditionally 17 -> 16
2019-08-21 06:48:01,253 [grpc-default-executor-9] INFO  impl.FollowerInfo (FollowerInfo.java:lambda$new$0(50)) - eea1d4b5-a777-41a4-8ddf-56dc853fc369->f6cbc464-63a1-4ed5-a6d3-94f3823a1413: nextIndex: updateUnconditionally 17 -> 16
2019-08-21 06:48:01,268 [StateMachineUpdater:eea1d4b5-a777-41a4-8ddf-56dc853fc369:group-35C25930241E] INFO  ratis.ContainerStateMachine (ContainerStateMachine.java:takeSnapshot(294)) - group-35C25930241E: Finished taking a snapshot at:(t:1, i:14) file:/workdir/hadoop-ozone/integration-test/target/test-dir/MiniOzoneClusterImpl-9ea4e631-3cec-4bad-b090-c72c63c3b0a9/datanode-1/data/ratis/c82b467f-c4db-4396-863e-35c25930241e/sm/snapshot.1_14 time:17
2019-08-21 06:48:01,269 [StateMachineUpdater:eea1d4b5-a777-41a4-8ddf-56dc853fc369:group-35C25930241E] INFO  impl.StateMachineUpdater (StateMachineUpdater.java:takeSnapshot(242)) - StateMachineUpdater:eea1d4b5-a777-41a4-8ddf-56dc853fc369:group-35C25930241E: Took a snapshot at index 14
2019-08-21 06:48:01,269 [StateMachineUpdater:eea1d4b5-a777-41a4-8ddf-56dc853fc369:group-35C25930241E] INFO  impl.StateMachineUpdater (StateMachineUpdater.java:lambda$new$0(80)) - StateMachineUpdater:eea1d4b5-a777-41a4-8ddf-56dc853fc369:group-35C25930241E: snapshotIndex: updateIncreasingly -1 -> 14
2019-08-21 06:48:01,269 [main] INFO  impl.RaftServerImpl (ServerState.java:close(394)) - eea1d4b5-a777-41a4-8ddf-56dc853fc369:group-35C25930241E closes. The last applied log index is 16
2019-08-21 06:48:01,270 [eea1d4b5-a777-41a4-8ddf-56dc853fc369-SegmentedRaftLogWorker:Storage Directory /workdir/hadoop-ozone/integration-test/target/test-dir/MiniOzoneClusterImpl-9ea4e631-3cec-4bad-b090-c72c63c3b0a9/datanode-1/data/ratis/c82b467f-c4db-4396-863e-35c25930241e] INFO  segmented.SegmentedRaftLogWorker (SegmentedRaftLogWorker.java:run(313)) - eea1d4b5-a777-41a4-8ddf-56dc853fc369-SegmentedRaftLogWorker:Storage Directory /workdir/hadoop-ozone/integration-test/target/test-dir/MiniOzoneClusterImpl-9ea4e631-3cec-4bad-b090-c72c63c3b0a9/datanode-1/data/ratis/c82b467f-c4db-4396-863e-35c25930241e was interrupted, exiting. There are 0 tasks remaining in the queue.
2019-08-21 06:48:01,272 [main] INFO  segmented.SegmentedRaftLogWorker (SegmentedRaftLogWorker.java:close(228)) - eea1d4b5-a777-41a4-8ddf-56dc853fc369-SegmentedRaftLogWorker:Storage Directory /workdir/hadoop-ozone/integration-test/target/test-dir/MiniOzoneClusterImpl-9ea4e631-3cec-4bad-b090-c72c63c3b0a9/datanode-1/data/ratis/c82b467f-c4db-4396-863e-35c25930241e close()
2019-08-21 06:48:01,276 [main] INFO  server.GrpcService (GrpcService.java:closeImpl(155)) - eea1d4b5-a777-41a4-8ddf-56dc853fc369: shutdown server with port 46481 now
2019-08-21 06:48:01,277 [grpc-default-executor-5] WARN  client.GrpcClientProtocolService (LogUtils.java:warn(134)) - 3-UnorderedRequestStreamObserver3: onError: org.apache.ratis.thirdparty.io.grpc.StatusRuntimeException: CANCELLED: cancelled before receiving half close
2019-08-21 06:48:01,277 [main] INFO  server.GrpcService (GrpcService.java:closeImpl(163)) - eea1d4b5-a777-41a4-8ddf-56dc853fc369: shutdown server with port 46481 successfully
2019-08-21 06:48:01,278 | INFO  | SCMAudit | user=jenkins1000 | ip=192.168.69.98 | op=SEND_HEARTBEAT {datanodeUUID=20fa16c8-b149-4c5b-b4f9-9fafb5a1985f, command=[]} | ret=SUCCESS |  
2019-08-21 06:48:01,279 [main] INFO  utils.BackgroundService (BackgroundService.java:shutdown(148)) - Shutting down service BlockDeletingService
2019-08-21 06:48:01,280 [refreshUsed-/workdir/hadoop-ozone/integration-test/target/test-dir/MiniOzoneClusterImpl-9ea4e631-3cec-4bad-b090-c72c63c3b0a9/datanode-1/data/containers] WARN  fs.CachingGetSpaceUsed (CachingGetSpaceUsed.java:run(183)) - Thread Interrupted waiting to refresh disk information: sleep interrupted
2019-08-21 06:48:01,302 [main] INFO  statemachine.DatanodeStateMachine (DatanodeStateMachine.java:stopDaemon(395)) - Ozone container server stopped.
2019-08-21 06:48:01,314 [main] INFO  handler.ContextHandler (ContextHandler.java:doStop(910)) - Stopped o.e.j.w.WebAppContext@25fb43a9{/,null,UNAVAILABLE}{/hddsDatanode}
2019-08-21 06:48:01,315 [main] INFO  server.AbstractConnector (AbstractConnector.java:doStop(318)) - Stopped ServerConnector@59fa5a39{HTTP/1.1,[http/1.1]}{0.0.0.0:0}
2019-08-21 06:48:01,316 [main] INFO  handler.ContextHandler (ContextHandler.java:doStop(910)) - Stopped o.e.j.s.ServletContextHandler@6124a7c0{/static,jar:file:/home/user/.m2/repository/org/apache/hadoop/hadoop-hdds-container-service/0.5.0-SNAPSHOT/hadoop-hdds-container-service-0.5.0-SNAPSHOT.jar!/webapps/static,UNAVAILABLE}
2019-08-21 06:48:01,316 [main] INFO  handler.ContextHandler (ContextHandler.java:doStop(910)) - Stopped o.e.j.s.ServletContextHandler@2357f000{/logs,file:///workdir/hadoop-ozone/integration-test/target/log,UNAVAILABLE}
2019-08-21 06:48:01,945 | INFO  | SCMAudit | user=jenkins1000 | ip=192.168.69.98 | op=SEND_HEARTBEAT {datanodeUUID=7a757e68-43af-46dc-b069-47da6fb40a41, command=[commandType: closeContainerCommand closeContainerCommandProto { containerID: 1 pipelineID { id: "c82b467f-c4db-4396-863e-35c25930241e" } cmdId: 1 force: false } ]} | ret=SUCCESS |  
2019-08-21 06:48:01,952 | INFO  | SCMAudit | user=jenkins1000 | ip=192.168.69.98 | op=SEND_HEARTBEAT {datanodeUUID=4e78e98f-ea0c-4fff-97d6-9ba7960c8323, command=[]} | ret=SUCCESS |  
2019-08-21 06:48:02,011 | INFO  | SCMAudit | user=jenkins1000 | ip=192.168.69.98 | op=SEND_HEARTBEAT {datanodeUUID=f6cbc464-63a1-4ed5-a6d3-94f3823a1413, command=[commandType: closeContainerCommand closeContainerCommandProto { containerID: 1 pipelineID { id: "c82b467f-c4db-4396-863e-35c25930241e" } cmdId: 1 force: false } ]} | ret=SUCCESS |  
2019-08-21 06:48:02,109 | INFO  | SCMAudit | user=jenkins1000 | ip=192.168.69.98 | op=SEND_HEARTBEAT {datanodeUUID=9ffd4868-4ba9-44e7-9a03-c837b7b77730, command=[]} | ret=SUCCESS |  
2019-08-21 06:48:02,116 | INFO  | SCMAudit | user=jenkins1000 | ip=192.168.69.98 | op=SEND_HEARTBEAT {datanodeUUID=2440a51f-3981-4500-9b25-8137dd33ecb0, command=[]} | ret=SUCCESS |  
2019-08-21 06:48:02,278 | INFO  | SCMAudit | user=jenkins1000 | ip=192.168.69.98 | op=SEND_HEARTBEAT {datanodeUUID=20fa16c8-b149-4c5b-b4f9-9fafb5a1985f, command=[]} | ret=SUCCESS |  
2019-08-21 06:48:02,944 | INFO  | SCMAudit | user=jenkins1000 | ip=192.168.69.98 | op=SEND_HEARTBEAT {datanodeUUID=7a757e68-43af-46dc-b069-47da6fb40a41, command=[]} | ret=SUCCESS |  
2019-08-21 06:48:02,952 | INFO  | SCMAudit | user=jenkins1000 | ip=192.168.69.98 | op=SEND_HEARTBEAT {datanodeUUID=4e78e98f-ea0c-4fff-97d6-9ba7960c8323, command=[]} | ret=SUCCESS |  
2019-08-21 06:48:02,962 | INFO  | SCMAudit | user=jenkins1000 | ip=192.168.69.98 | op=SEND_HEARTBEAT {datanodeUUID=7a757e68-43af-46dc-b069-47da6fb40a41, command=[]} | ret=SUCCESS |  
2019-08-21 06:48:03,012 | INFO  | SCMAudit | user=jenkins1000 | ip=192.168.69.98 | op=SEND_HEARTBEAT {datanodeUUID=f6cbc464-63a1-4ed5-a6d3-94f3823a1413, command=[]} | ret=SUCCESS |  
2019-08-21 06:48:03,028 | INFO  | SCMAudit | user=jenkins1000 | ip=192.168.69.98 | op=SEND_HEARTBEAT {datanodeUUID=f6cbc464-63a1-4ed5-a6d3-94f3823a1413, command=[]} | ret=SUCCESS |  
2019-08-21 06:48:03,109 | INFO  | SCMAudit | user=jenkins1000 | ip=192.168.69.98 | op=SEND_HEARTBEAT {datanodeUUID=9ffd4868-4ba9-44e7-9a03-c837b7b77730, command=[]} | ret=SUCCESS |  
2019-08-21 06:48:03,117 | INFO  | SCMAudit | user=jenkins1000 | ip=192.168.69.98 | op=SEND_HEARTBEAT {datanodeUUID=2440a51f-3981-4500-9b25-8137dd33ecb0, command=[]} | ret=SUCCESS |  
2019-08-21 06:48:03,278 | INFO  | SCMAudit | user=jenkins1000 | ip=192.168.69.98 | op=SEND_HEARTBEAT {datanodeUUID=20fa16c8-b149-4c5b-b4f9-9fafb5a1985f, command=[]} | ret=SUCCESS |  
2019-08-21 06:48:03,330 [grpc-default-executor-4] INFO  client.GrpcClientProtocolClient (GrpcClientProtocolClient.java:onNext(255)) - client-32787D5CFC5D->7a757e68-43af-46dc-b069-47da6fb40a41: receive RaftClientReply:client-32787D5CFC5D->7a757e68-43af-46dc-b069-47da6fb40a41@group-35C25930241E, cid=185, FAILED org.apache.ratis.protocol.NotLeaderException: Server 7a757e68-43af-46dc-b069-47da6fb40a41 is not the leader (eea1d4b5-a777-41a4-8ddf-56dc853fc369:192.168.69.98:46481). Request must be sent to leader., logIndex=0, commits[7a757e68-43af-46dc-b069-47da6fb40a41:c16, eea1d4b5-a777-41a4-8ddf-56dc853fc369:c16, f6cbc464-63a1-4ed5-a6d3-94f3823a1413:c16]
2019-08-21 06:48:03,953 | INFO  | SCMAudit | user=jenkins1000 | ip=192.168.69.98 | op=SEND_HEARTBEAT {datanodeUUID=4e78e98f-ea0c-4fff-97d6-9ba7960c8323, command=[]} | ret=SUCCESS |  
2019-08-21 06:48:03,961 | INFO  | SCMAudit | user=jenkins1000 | ip=192.168.69.98 | op=SEND_HEARTBEAT {datanodeUUID=7a757e68-43af-46dc-b069-47da6fb40a41, command=[]} | ret=SUCCESS |  
2019-08-21 06:48:04,028 | INFO  | SCMAudit | user=jenkins1000 | ip=192.168.69.98 | op=SEND_HEARTBEAT {datanodeUUID=f6cbc464-63a1-4ed5-a6d3-94f3823a1413, command=[]} | ret=SUCCESS |  
2019-08-21 06:48:04,109 | INFO  | SCMAudit | user=jenkins1000 | ip=192.168.69.98 | op=SEND_HEARTBEAT {datanodeUUID=9ffd4868-4ba9-44e7-9a03-c837b7b77730, command=[]} | ret=SUCCESS |  
2019-08-21 06:48:04,116 | INFO  | SCMAudit | user=jenkins1000 | ip=192.168.69.98 | op=SEND_HEARTBEAT {datanodeUUID=2440a51f-3981-4500-9b25-8137dd33ecb0, command=[]} | ret=SUCCESS |  
2019-08-21 06:48:04,279 | INFO  | SCMAudit | user=jenkins1000 | ip=192.168.69.98 | op=SEND_HEARTBEAT {datanodeUUID=20fa16c8-b149-4c5b-b4f9-9fafb5a1985f, command=[]} | ret=SUCCESS |  
2019-08-21 06:48:04,344 [grpc-default-executor-9] INFO  client.GrpcClientProtocolClient (GrpcClientProtocolClient.java:onNext(255)) - client-32787D5CFC5D->7a757e68-43af-46dc-b069-47da6fb40a41: receive RaftClientReply:client-32787D5CFC5D->7a757e68-43af-46dc-b069-47da6fb40a41@group-35C25930241E, cid=185, FAILED org.apache.ratis.protocol.NotLeaderException: Server 7a757e68-43af-46dc-b069-47da6fb40a41 is not the leader (eea1d4b5-a777-41a4-8ddf-56dc853fc369:192.168.69.98:46481). Request must be sent to leader., logIndex=0, commits[7a757e68-43af-46dc-b069-47da6fb40a41:c16, eea1d4b5-a777-41a4-8ddf-56dc853fc369:c16, f6cbc464-63a1-4ed5-a6d3-94f3823a1413:c16]
2019-08-21 06:48:04,953 | INFO  | SCMAudit | user=jenkins1000 | ip=192.168.69.98 | op=SEND_HEARTBEAT {datanodeUUID=4e78e98f-ea0c-4fff-97d6-9ba7960c8323, command=[]} | ret=SUCCESS |  
2019-08-21 06:48:04,961 | INFO  | SCMAudit | user=jenkins1000 | ip=192.168.69.98 | op=SEND_HEARTBEAT {datanodeUUID=7a757e68-43af-46dc-b069-47da6fb40a41, command=[]} | ret=SUCCESS |  
2019-08-21 06:48:05,028 | INFO  | SCMAudit | user=jenkins1000 | ip=192.168.69.98 | op=SEND_HEARTBEAT {datanodeUUID=f6cbc464-63a1-4ed5-a6d3-94f3823a1413, command=[]} | ret=SUCCESS |  
2019-08-21 06:48:05,109 | INFO  | SCMAudit | user=jenkins1000 | ip=192.168.69.98 | op=SEND_HEARTBEAT {datanodeUUID=9ffd4868-4ba9-44e7-9a03-c837b7b77730, command=[]} | ret=SUCCESS |  
2019-08-21 06:48:05,117 | INFO  | SCMAudit | user=jenkins1000 | ip=192.168.69.98 | op=SEND_HEARTBEAT {datanodeUUID=2440a51f-3981-4500-9b25-8137dd33ecb0, command=[]} | ret=SUCCESS |  
2019-08-21 06:48:05,278 | INFO  | SCMAudit | user=jenkins1000 | ip=192.168.69.98 | op=SEND_HEARTBEAT {datanodeUUID=20fa16c8-b149-4c5b-b4f9-9fafb5a1985f, command=[]} | ret=SUCCESS |  
2019-08-21 06:48:05,360 [grpc-default-executor-4] INFO  client.GrpcClientProtocolClient (GrpcClientProtocolClient.java:onNext(255)) - client-32787D5CFC5D->f6cbc464-63a1-4ed5-a6d3-94f3823a1413: receive RaftClientReply:client-32787D5CFC5D->f6cbc464-63a1-4ed5-a6d3-94f3823a1413@group-35C25930241E, cid=185, FAILED org.apache.ratis.protocol.NotLeaderException: Server f6cbc464-63a1-4ed5-a6d3-94f3823a1413 is not the leader (eea1d4b5-a777-41a4-8ddf-56dc853fc369:192.168.69.98:46481). Request must be sent to leader., logIndex=0, commits[f6cbc464-63a1-4ed5-a6d3-94f3823a1413:c16, 7a757e68-43af-46dc-b069-47da6fb40a41:c16, eea1d4b5-a777-41a4-8ddf-56dc853fc369:c16]
2019-08-21 06:48:05,953 | INFO  | SCMAudit | user=jenkins1000 | ip=192.168.69.98 | op=SEND_HEARTBEAT {datanodeUUID=4e78e98f-ea0c-4fff-97d6-9ba7960c8323, command=[]} | ret=SUCCESS |  
2019-08-21 06:48:05,961 | INFO  | SCMAudit | user=jenkins1000 | ip=192.168.69.98 | op=SEND_HEARTBEAT {datanodeUUID=7a757e68-43af-46dc-b069-47da6fb40a41, command=[]} | ret=SUCCESS |  
2019-08-21 06:48:06,029 | INFO  | SCMAudit | user=jenkins1000 | ip=192.168.69.98 | op=SEND_HEARTBEAT {datanodeUUID=f6cbc464-63a1-4ed5-a6d3-94f3823a1413, command=[]} | ret=SUCCESS |  
2019-08-21 06:48:06,110 | INFO  | SCMAudit | user=jenkins1000 | ip=192.168.69.98 | op=SEND_HEARTBEAT {datanodeUUID=9ffd4868-4ba9-44e7-9a03-c837b7b77730, command=[]} | ret=SUCCESS |  
2019-08-21 06:48:06,117 | INFO  | SCMAudit | user=jenkins1000 | ip=192.168.69.98 | op=SEND_HEARTBEAT {datanodeUUID=2440a51f-3981-4500-9b25-8137dd33ecb0, command=[]} | ret=SUCCESS |  
2019-08-21 06:48:06,278 | INFO  | SCMAudit | user=jenkins1000 | ip=192.168.69.98 | op=SEND_HEARTBEAT {datanodeUUID=20fa16c8-b149-4c5b-b4f9-9fafb5a1985f, command=[]} | ret=SUCCESS |  
2019-08-21 06:48:06,374 [grpc-default-executor-4] INFO  client.GrpcClientProtocolClient (GrpcClientProtocolClient.java:onNext(255)) - client-32787D5CFC5D->7a757e68-43af-46dc-b069-47da6fb40a41: receive RaftClientReply:client-32787D5CFC5D->7a757e68-43af-46dc-b069-47da6fb40a41@group-35C25930241E, cid=185, FAILED org.apache.ratis.protocol.NotLeaderException: Server 7a757e68-43af-46dc-b069-47da6fb40a41 is not the leader (eea1d4b5-a777-41a4-8ddf-56dc853fc369:192.168.69.98:46481). Request must be sent to leader., logIndex=0, commits[7a757e68-43af-46dc-b069-47da6fb40a41:c16, eea1d4b5-a777-41a4-8ddf-56dc853fc369:c16, f6cbc464-63a1-4ed5-a6d3-94f3823a1413:c16]
2019-08-21 06:48:06,953 | INFO  | SCMAudit | user=jenkins1000 | ip=192.168.69.98 | op=SEND_HEARTBEAT {datanodeUUID=4e78e98f-ea0c-4fff-97d6-9ba7960c8323, command=[]} | ret=SUCCESS |  
2019-08-21 06:48:06,961 | INFO  | SCMAudit | user=jenkins1000 | ip=192.168.69.98 | op=SEND_HEARTBEAT {datanodeUUID=7a757e68-43af-46dc-b069-47da6fb40a41, command=[]} | ret=SUCCESS |  
2019-08-21 06:48:07,029 | INFO  | SCMAudit | user=jenkins1000 | ip=192.168.69.98 | op=SEND_HEARTBEAT {datanodeUUID=f6cbc464-63a1-4ed5-a6d3-94f3823a1413, command=[]} | ret=SUCCESS |  
2019-08-21 06:48:07,111 | INFO  | SCMAudit | user=jenkins1000 | ip=192.168.69.98 | op=SEND_HEARTBEAT {datanodeUUID=9ffd4868-4ba9-44e7-9a03-c837b7b77730, command=[]} | ret=SUCCESS |  
2019-08-21 06:48:07,117 | INFO  | SCMAudit | user=jenkins1000 | ip=192.168.69.98 | op=SEND_HEARTBEAT {datanodeUUID=2440a51f-3981-4500-9b25-8137dd33ecb0, command=[]} | ret=SUCCESS |  
2019-08-21 06:48:07,278 | INFO  | SCMAudit | user=jenkins1000 | ip=192.168.69.98 | op=SEND_HEARTBEAT {datanodeUUID=20fa16c8-b149-4c5b-b4f9-9fafb5a1985f, command=[]} | ret=SUCCESS |  
2019-08-21 06:48:07,387 [grpc-default-executor-9] INFO  client.GrpcClientProtocolClient (GrpcClientProtocolClient.java:onNext(255)) - client-32787D5CFC5D->7a757e68-43af-46dc-b069-47da6fb40a41: receive RaftClientReply:client-32787D5CFC5D->7a757e68-43af-46dc-b069-47da6fb40a41@group-35C25930241E, cid=185, FAILED org.apache.ratis.protocol.NotLeaderException: Server 7a757e68-43af-46dc-b069-47da6fb40a41 is not the leader (eea1d4b5-a777-41a4-8ddf-56dc853fc369:192.168.69.98:46481). Request must be sent to leader., logIndex=0, commits[7a757e68-43af-46dc-b069-47da6fb40a41:c16, eea1d4b5-a777-41a4-8ddf-56dc853fc369:c16, f6cbc464-63a1-4ed5-a6d3-94f3823a1413:c16]
2019-08-21 06:48:07,953 | INFO  | SCMAudit | user=jenkins1000 | ip=192.168.69.98 | op=SEND_HEARTBEAT {datanodeUUID=4e78e98f-ea0c-4fff-97d6-9ba7960c8323, command=[]} | ret=SUCCESS |  
2019-08-21 06:48:07,961 | INFO  | SCMAudit | user=jenkins1000 | ip=192.168.69.98 | op=SEND_HEARTBEAT {datanodeUUID=7a757e68-43af-46dc-b069-47da6fb40a41, command=[]} | ret=SUCCESS |  
2019-08-21 06:48:08,029 | INFO  | SCMAudit | user=jenkins1000 | ip=192.168.69.98 | op=SEND_HEARTBEAT {datanodeUUID=f6cbc464-63a1-4ed5-a6d3-94f3823a1413, command=[]} | ret=SUCCESS |  
2019-08-21 06:48:08,111 | INFO  | SCMAudit | user=jenkins1000 | ip=192.168.69.98 | op=SEND_HEARTBEAT {datanodeUUID=9ffd4868-4ba9-44e7-9a03-c837b7b77730, command=[]} | ret=SUCCESS |  
2019-08-21 06:48:08,117 | INFO  | SCMAudit | user=jenkins1000 | ip=192.168.69.98 | op=SEND_HEARTBEAT {datanodeUUID=2440a51f-3981-4500-9b25-8137dd33ecb0, command=[]} | ret=SUCCESS |  
2019-08-21 06:48:08,279 | INFO  | SCMAudit | user=jenkins1000 | ip=192.168.69.98 | op=SEND_HEARTBEAT {datanodeUUID=20fa16c8-b149-4c5b-b4f9-9fafb5a1985f, command=[]} | ret=SUCCESS |  
2019-08-21 06:48:08,398 [grpc-default-executor-5] INFO  client.GrpcClientProtocolClient (GrpcClientProtocolClient.java:onNext(255)) - client-32787D5CFC5D->f6cbc464-63a1-4ed5-a6d3-94f3823a1413: receive RaftClientReply:client-32787D5CFC5D->f6cbc464-63a1-4ed5-a6d3-94f3823a1413@group-35C25930241E, cid=185, FAILED org.apache.ratis.protocol.NotLeaderException: Server f6cbc464-63a1-4ed5-a6d3-94f3823a1413 is not the leader (eea1d4b5-a777-41a4-8ddf-56dc853fc369:192.168.69.98:46481). Request must be sent to leader., logIndex=0, commits[f6cbc464-63a1-4ed5-a6d3-94f3823a1413:c16, 7a757e68-43af-46dc-b069-47da6fb40a41:c16, eea1d4b5-a777-41a4-8ddf-56dc853fc369:c16]
2019-08-21 06:48:08,953 | INFO  | SCMAudit | user=jenkins1000 | ip=192.168.69.98 | op=SEND_HEARTBEAT {datanodeUUID=4e78e98f-ea0c-4fff-97d6-9ba7960c8323, command=[]} | ret=SUCCESS |  
2019-08-21 06:48:08,961 | INFO  | SCMAudit | user=jenkins1000 | ip=192.168.69.98 | op=SEND_HEARTBEAT {datanodeUUID=7a757e68-43af-46dc-b069-47da6fb40a41, command=[]} | ret=SUCCESS |  
2019-08-21 06:48:09,029 | INFO  | SCMAudit | user=jenkins1000 | ip=192.168.69.98 | op=SEND_HEARTBEAT {datanodeUUID=f6cbc464-63a1-4ed5-a6d3-94f3823a1413, command=[]} | ret=SUCCESS |  
2019-08-21 06:48:09,112 | INFO  | SCMAudit | user=jenkins1000 | ip=192.168.69.98 | op=SEND_HEARTBEAT {datanodeUUID=9ffd4868-4ba9-44e7-9a03-c837b7b77730, command=[]} | ret=SUCCESS |  
2019-08-21 06:48:09,117 | INFO  | SCMAudit | user=jenkins1000 | ip=192.168.69.98 | op=SEND_HEARTBEAT {datanodeUUID=2440a51f-3981-4500-9b25-8137dd33ecb0, command=[]} | ret=SUCCESS |  
2019-08-21 06:48:09,279 | INFO  | SCMAudit | user=jenkins1000 | ip=192.168.69.98 | op=SEND_HEARTBEAT {datanodeUUID=20fa16c8-b149-4c5b-b4f9-9fafb5a1985f, command=[]} | ret=SUCCESS |  
2019-08-21 06:48:09,409 [grpc-default-executor-9] INFO  client.GrpcClientProtocolClient (GrpcClientProtocolClient.java:onNext(255)) - client-32787D5CFC5D->f6cbc464-63a1-4ed5-a6d3-94f3823a1413: receive RaftClientReply:client-32787D5CFC5D->f6cbc464-63a1-4ed5-a6d3-94f3823a1413@group-35C25930241E, cid=185, FAILED org.apache.ratis.protocol.NotLeaderException: Server f6cbc464-63a1-4ed5-a6d3-94f3823a1413 is not the leader (eea1d4b5-a777-41a4-8ddf-56dc853fc369:192.168.69.98:46481). Request must be sent to leader., logIndex=0, commits[f6cbc464-63a1-4ed5-a6d3-94f3823a1413:c16, 7a757e68-43af-46dc-b069-47da6fb40a41:c16, eea1d4b5-a777-41a4-8ddf-56dc853fc369:c16]
2019-08-21 06:48:09,953 | INFO  | SCMAudit | user=jenkins1000 | ip=192.168.69.98 | op=SEND_HEARTBEAT {datanodeUUID=4e78e98f-ea0c-4fff-97d6-9ba7960c8323, command=[]} | ret=SUCCESS |  
2019-08-21 06:48:09,961 | INFO  | SCMAudit | user=jenkins1000 | ip=192.168.69.98 | op=SEND_HEARTBEAT {datanodeUUID=7a757e68-43af-46dc-b069-47da6fb40a41, command=[]} | ret=SUCCESS |  
2019-08-21 06:48:10,029 | INFO  | SCMAudit | user=jenkins1000 | ip=192.168.69.98 | op=SEND_HEARTBEAT {datanodeUUID=f6cbc464-63a1-4ed5-a6d3-94f3823a1413, command=[]} | ret=SUCCESS |  
2019-08-21 06:48:10,112 | INFO  | SCMAudit | user=jenkins1000 | ip=192.168.69.98 | op=SEND_HEARTBEAT {datanodeUUID=9ffd4868-4ba9-44e7-9a03-c837b7b77730, command=[]} | ret=SUCCESS |  
2019-08-21 06:48:10,117 | INFO  | SCMAudit | user=jenkins1000 | ip=192.168.69.98 | op=SEND_HEARTBEAT {datanodeUUID=2440a51f-3981-4500-9b25-8137dd33ecb0, command=[]} | ret=SUCCESS |  
2019-08-21 06:48:10,279 | INFO  | SCMAudit | user=jenkins1000 | ip=192.168.69.98 | op=SEND_HEARTBEAT {datanodeUUID=20fa16c8-b149-4c5b-b4f9-9fafb5a1985f, command=[]} | ret=SUCCESS |  
2019-08-21 06:48:10,422 [grpc-default-executor-5] INFO  client.GrpcClientProtocolClient (GrpcClientProtocolClient.java:onNext(255)) - client-32787D5CFC5D->7a757e68-43af-46dc-b069-47da6fb40a41: receive RaftClientReply:client-32787D5CFC5D->7a757e68-43af-46dc-b069-47da6fb40a41@group-35C25930241E, cid=185, FAILED org.apache.ratis.protocol.NotLeaderException: Server 7a757e68-43af-46dc-b069-47da6fb40a41 is not the leader (eea1d4b5-a777-41a4-8ddf-56dc853fc369:192.168.69.98:46481). Request must be sent to leader., logIndex=0, commits[7a757e68-43af-46dc-b069-47da6fb40a41:c16, eea1d4b5-a777-41a4-8ddf-56dc853fc369:c16, f6cbc464-63a1-4ed5-a6d3-94f3823a1413:c16]
2019-08-21 06:48:10,935 [Thread-3581] INFO  impl.FollowerState (FollowerState.java:run(106)) - f6cbc464-63a1-4ed5-a6d3-94f3823a1413:group-35C25930241E changes to CANDIDATE, lastRpcTime:9706, electionTimeout:5143ms
2019-08-21 06:48:10,935 [Thread-3581] INFO  impl.RoleInfo (RoleInfo.java:shutdownFollowerState(121)) - f6cbc464-63a1-4ed5-a6d3-94f3823a1413: shutdown FollowerState
2019-08-21 06:48:10,935 [Thread-3581] INFO  impl.RaftServerImpl (RaftServerImpl.java:setRole(171)) - f6cbc464-63a1-4ed5-a6d3-94f3823a1413:group-35C25930241E changes role from FOLLOWER to CANDIDATE at term 1 for changeToCandidate
2019-08-21 06:48:10,935 [Thread-3581] INFO  impl.RoleInfo (RoleInfo.java:updateAndGet(143)) - f6cbc464-63a1-4ed5-a6d3-94f3823a1413: start LeaderElection
2019-08-21 06:48:10,939 [f6cbc464-63a1-4ed5-a6d3-94f3823a1413:group-35C25930241E:LeaderElection80] INFO  impl.RaftServerImpl (ServerState.java:setLeader(263)) - f6cbc464-63a1-4ed5-a6d3-94f3823a1413:group-35C25930241E change Leader from eea1d4b5-a777-41a4-8ddf-56dc853fc369 to null at term 1 for initElection
2019-08-21 06:48:10,953 | INFO  | SCMAudit | user=jenkins1000 | ip=192.168.69.98 | op=SEND_HEARTBEAT {datanodeUUID=4e78e98f-ea0c-4fff-97d6-9ba7960c8323, command=[]} | ret=SUCCESS |  
2019-08-21 06:48:10,961 | INFO  | SCMAudit | user=jenkins1000 | ip=192.168.69.98 | op=SEND_HEARTBEAT {datanodeUUID=7a757e68-43af-46dc-b069-47da6fb40a41, command=[]} | ret=SUCCESS |  
2019-08-21 06:48:10,978 [f6cbc464-63a1-4ed5-a6d3-94f3823a1413:group-35C25930241E:LeaderElection80] INFO  impl.LeaderElection (LeaderElection.java:askForVotes(181)) - f6cbc464-63a1-4ed5-a6d3-94f3823a1413:group-35C25930241E:LeaderElection80: begin an election at term 2 for 0: [7a757e68-43af-46dc-b069-47da6fb40a41:192.168.69.98:36841, eea1d4b5-a777-41a4-8ddf-56dc853fc369:192.168.69.98:46481, f6cbc464-63a1-4ed5-a6d3-94f3823a1413:192.168.69.98:33619], old=null
2019-08-21 06:48:10,981 [f6cbc464-63a1-4ed5-a6d3-94f3823a1413:group-35C25930241E:LeaderElection80] INFO  impl.LeaderElection (LogUtils.java:infoOrTrace(149)) - f6cbc464-63a1-4ed5-a6d3-94f3823a1413:group-35C25930241E:LeaderElection80 got exception when requesting votes: {}
java.util.concurrent.ExecutionException: org.apache.ratis.thirdparty.io.grpc.StatusRuntimeException: UNAVAILABLE: io exception
	at java.util.concurrent.FutureTask.report(FutureTask.java:122)
	at java.util.concurrent.FutureTask.get(FutureTask.java:192)
	at org.apache.ratis.server.impl.LeaderElection.waitForResults(LeaderElection.java:262)
	at org.apache.ratis.server.impl.LeaderElection.askForVotes(LeaderElection.java:200)
	at org.apache.ratis.server.impl.LeaderElection.run(LeaderElection.java:130)
	at java.lang.Thread.run(Thread.java:748)
Caused by: org.apache.ratis.thirdparty.io.grpc.StatusRuntimeException: UNAVAILABLE: io exception
	at org.apache.ratis.thirdparty.io.grpc.stub.ClientCalls.toStatusRuntimeException(ClientCalls.java:233)
	at org.apache.ratis.thirdparty.io.grpc.stub.ClientCalls.getUnchecked(ClientCalls.java:214)
	at org.apache.ratis.thirdparty.io.grpc.stub.ClientCalls.blockingUnaryCall(ClientCalls.java:139)
	at org.apache.ratis.proto.grpc.RaftServerProtocolServiceGrpc$RaftServerProtocolServiceBlockingStub.requestVote(RaftServerProtocolServiceGrpc.java:265)
	at org.apache.ratis.grpc.server.GrpcServerProtocolClient.requestVote(GrpcServerProtocolClient.java:83)
	at org.apache.ratis.grpc.server.GrpcService.requestVote(GrpcService.java:195)
	at org.apache.ratis.server.impl.LeaderElection.lambda$submitRequests$1(LeaderElection.java:237)
	at java.util.concurrent.FutureTask.run(FutureTask.java:266)
	at java.util.concurrent.Executors$RunnableAdapter.call(Executors.java:511)
	at java.util.concurrent.FutureTask.run(FutureTask.java:266)
	at java.util.concurrent.ThreadPoolExecutor.runWorker(ThreadPoolExecutor.java:1149)
	at java.util.concurrent.ThreadPoolExecutor$Worker.run(ThreadPoolExecutor.java:624)
	... 1 more
Caused by: org.apache.ratis.thirdparty.io.netty.channel.AbstractChannel$AnnotatedConnectException: Connection refused: /192.168.69.98:46481
	at sun.nio.ch.SocketChannelImpl.checkConnect(Native Method)
	at sun.nio.ch.SocketChannelImpl.finishConnect(SocketChannelImpl.java:717)
	at org.apache.ratis.thirdparty.io.netty.channel.socket.nio.NioSocketChannel.doFinishConnect(NioSocketChannel.java:327)
	at org.apache.ratis.thirdparty.io.netty.channel.nio.AbstractNioChannel$AbstractNioUnsafe.finishConnect(AbstractNioChannel.java:340)
	at org.apache.ratis.thirdparty.io.netty.channel.nio.NioEventLoop.processSelectedKey(NioEventLoop.java:632)
	at org.apache.ratis.thirdparty.io.netty.channel.nio.NioEventLoop.processSelectedKeysOptimized(NioEventLoop.java:579)
	at org.apache.ratis.thirdparty.io.netty.channel.nio.NioEventLoop.processSelectedKeys(NioEventLoop.java:496)
	at org.apache.ratis.thirdparty.io.netty.channel.nio.NioEventLoop.run(NioEventLoop.java:458)
	at org.apache.ratis.thirdparty.io.netty.util.concurrent.SingleThreadEventExecutor$5.run(SingleThreadEventExecutor.java:897)
	at org.apache.ratis.thirdparty.io.netty.util.concurrent.FastThreadLocalRunnable.run(FastThreadLocalRunnable.java:30)
	... 1 more
Caused by: java.net.ConnectException: Connection refused
	... 11 more
2019-08-21 06:48:10,985 [grpc-default-executor-4] INFO  impl.RaftServerImpl (ServerState.java:setLeader(263)) - 7a757e68-43af-46dc-b069-47da6fb40a41:group-35C25930241E change Leader from eea1d4b5-a777-41a4-8ddf-56dc853fc369 to null at term 2 for updateCurrentTerm
2019-08-21 06:48:10,985 [grpc-default-executor-4] INFO  impl.RaftServerImpl (RaftServerImpl.java:setRole(171)) - 7a757e68-43af-46dc-b069-47da6fb40a41:group-35C25930241E changes role from FOLLOWER to FOLLOWER at term 2 for recognizeCandidate:f6cbc464-63a1-4ed5-a6d3-94f3823a1413
2019-08-21 06:48:10,986 [grpc-default-executor-4] INFO  impl.RoleInfo (RoleInfo.java:shutdownFollowerState(121)) - 7a757e68-43af-46dc-b069-47da6fb40a41: shutdown FollowerState
2019-08-21 06:48:10,986 [grpc-default-executor-4] INFO  impl.RoleInfo (RoleInfo.java:updateAndGet(143)) - 7a757e68-43af-46dc-b069-47da6fb40a41: start FollowerState
2019-08-21 06:48:10,986 [Thread-3593] INFO  impl.FollowerState (FollowerState.java:run(114)) - 7a757e68-43af-46dc-b069-47da6fb40a41: FollowerState was interrupted: java.lang.InterruptedException: sleep interrupted
2019-08-21 06:48:11,006 [f6cbc464-63a1-4ed5-a6d3-94f3823a1413:group-35C25930241E:LeaderElection80] INFO  impl.LeaderElection (LeaderElection.java:logAndReturn(56)) - f6cbc464-63a1-4ed5-a6d3-94f3823a1413:group-35C25930241E:LeaderElection80: Election PASSED; received 1 response(s) [f6cbc464-63a1-4ed5-a6d3-94f3823a1413<-7a757e68-43af-46dc-b069-47da6fb40a41#0:OK-t2] and 1 exception(s); f6cbc464-63a1-4ed5-a6d3-94f3823a1413:t2, leader=null, voted=f6cbc464-63a1-4ed5-a6d3-94f3823a1413, raftlog=f6cbc464-63a1-4ed5-a6d3-94f3823a1413-SegmentedRaftLog:OPENED:c16,f16,i16, conf=0: [7a757e68-43af-46dc-b069-47da6fb40a41:192.168.69.98:36841, eea1d4b5-a777-41a4-8ddf-56dc853fc369:192.168.69.98:46481, f6cbc464-63a1-4ed5-a6d3-94f3823a1413:192.168.69.98:33619], old=null
2019-08-21 06:48:11,006 [f6cbc464-63a1-4ed5-a6d3-94f3823a1413:group-35C25930241E:LeaderElection80] INFO  impl.LeaderElection (LogUtils.java:infoOrTrace(149)) -   Exception 0: {}
java.util.concurrent.ExecutionException: org.apache.ratis.thirdparty.io.grpc.StatusRuntimeException: UNAVAILABLE: io exception
	at java.util.concurrent.FutureTask.report(FutureTask.java:122)
	at java.util.concurrent.FutureTask.get(FutureTask.java:192)
	at org.apache.ratis.server.impl.LeaderElection.waitForResults(LeaderElection.java:262)
	at org.apache.ratis.server.impl.LeaderElection.askForVotes(LeaderElection.java:200)
	at org.apache.ratis.server.impl.LeaderElection.run(LeaderElection.java:130)
	at java.lang.Thread.run(Thread.java:748)
Caused by: org.apache.ratis.thirdparty.io.grpc.StatusRuntimeException: UNAVAILABLE: io exception
	at org.apache.ratis.thirdparty.io.grpc.stub.ClientCalls.toStatusRuntimeException(ClientCalls.java:233)
	at org.apache.ratis.thirdparty.io.grpc.stub.ClientCalls.getUnchecked(ClientCalls.java:214)
	at org.apache.ratis.thirdparty.io.grpc.stub.ClientCalls.blockingUnaryCall(ClientCalls.java:139)
	at org.apache.ratis.proto.grpc.RaftServerProtocolServiceGrpc$RaftServerProtocolServiceBlockingStub.requestVote(RaftServerProtocolServiceGrpc.java:265)
	at org.apache.ratis.grpc.server.GrpcServerProtocolClient.requestVote(GrpcServerProtocolClient.java:83)
	at org.apache.ratis.grpc.server.GrpcService.requestVote(GrpcService.java:195)
	at org.apache.ratis.server.impl.LeaderElection.lambda$submitRequests$1(LeaderElection.java:237)
	at java.util.concurrent.FutureTask.run(FutureTask.java:266)
	at java.util.concurrent.Executors$RunnableAdapter.call(Executors.java:511)
	at java.util.concurrent.FutureTask.run(FutureTask.java:266)
	at java.util.concurrent.ThreadPoolExecutor.runWorker(ThreadPoolExecutor.java:1149)
	at java.util.concurrent.ThreadPoolExecutor$Worker.run(ThreadPoolExecutor.java:624)
	... 1 more
Caused by: org.apache.ratis.thirdparty.io.netty.channel.AbstractChannel$AnnotatedConnectException: Connection refused: /192.168.69.98:46481
	at sun.nio.ch.SocketChannelImpl.checkConnect(Native Method)
	at sun.nio.ch.SocketChannelImpl.finishConnect(SocketChannelImpl.java:717)
	at org.apache.ratis.thirdparty.io.netty.channel.socket.nio.NioSocketChannel.doFinishConnect(NioSocketChannel.java:327)
	at org.apache.ratis.thirdparty.io.netty.channel.nio.AbstractNioChannel$AbstractNioUnsafe.finishConnect(AbstractNioChannel.java:340)
	at org.apache.ratis.thirdparty.io.netty.channel.nio.NioEventLoop.processSelectedKey(NioEventLoop.java:632)
	at org.apache.ratis.thirdparty.io.netty.channel.nio.NioEventLoop.processSelectedKeysOptimized(NioEventLoop.java:579)
	at org.apache.ratis.thirdparty.io.netty.channel.nio.NioEventLoop.processSelectedKeys(NioEventLoop.java:496)
	at org.apache.ratis.thirdparty.io.netty.channel.nio.NioEventLoop.run(NioEventLoop.java:458)
	at org.apache.ratis.thirdparty.io.netty.util.concurrent.SingleThreadEventExecutor$5.run(SingleThreadEventExecutor.java:897)
	at org.apache.ratis.thirdparty.io.netty.util.concurrent.FastThreadLocalRunnable.run(FastThreadLocalRunnable.java:30)
	... 1 more
Caused by: java.net.ConnectException: Connection refused
	... 11 more
2019-08-21 06:48:11,006 [f6cbc464-63a1-4ed5-a6d3-94f3823a1413:group-35C25930241E:LeaderElection80] INFO  impl.RoleInfo (RoleInfo.java:shutdownLeaderElection(134)) - f6cbc464-63a1-4ed5-a6d3-94f3823a1413: shutdown LeaderElection
2019-08-21 06:48:11,006 [f6cbc464-63a1-4ed5-a6d3-94f3823a1413:group-35C25930241E:LeaderElection80] INFO  impl.RaftServerImpl (RaftServerImpl.java:setRole(171)) - f6cbc464-63a1-4ed5-a6d3-94f3823a1413:group-35C25930241E changes role from CANDIDATE to LEADER at term 2 for changeToLeader
2019-08-21 06:48:11,007 [f6cbc464-63a1-4ed5-a6d3-94f3823a1413:group-35C25930241E:LeaderElection80] INFO  impl.RaftServerImpl (ServerState.java:setLeader(263)) - f6cbc464-63a1-4ed5-a6d3-94f3823a1413:group-35C25930241E change Leader from null to f6cbc464-63a1-4ed5-a6d3-94f3823a1413 at term 2 for becomeLeader, leader elected after 68ms
2019-08-21 06:48:11,007 [f6cbc464-63a1-4ed5-a6d3-94f3823a1413:group-35C25930241E:LeaderElection80] INFO  server.RaftServerConfigKeys (ConfUtils.java:logGet(43)) - raft.server.staging.catchup.gap = 1000 (default)
2019-08-21 06:48:11,007 [f6cbc464-63a1-4ed5-a6d3-94f3823a1413:group-35C25930241E:LeaderElection80] INFO  server.RaftServerConfigKeys (ConfUtils.java:logGet(43)) - raft.server.rpc.sleep.time = 25ms (default)
2019-08-21 06:48:11,007 [f6cbc464-63a1-4ed5-a6d3-94f3823a1413:group-35C25930241E:LeaderElection80] INFO  server.RaftServerConfigKeys (ConfUtils.java:logGet(43)) - raft.server.write.element-limit = 4096 (default)
2019-08-21 06:48:11,007 [f6cbc464-63a1-4ed5-a6d3-94f3823a1413:group-35C25930241E:LeaderElection80] INFO  server.RaftServerConfigKeys (ConfUtils.java:logGet(43)) - raft.server.watch.timeout = 10s (default)
2019-08-21 06:48:11,007 [f6cbc464-63a1-4ed5-a6d3-94f3823a1413:group-35C25930241E:LeaderElection80] INFO  server.RaftServerConfigKeys (ConfUtils.java:logGet(43)) - raft.server.watch.timeout.denomination = 1s (default)
2019-08-21 06:48:11,007 [f6cbc464-63a1-4ed5-a6d3-94f3823a1413:group-35C25930241E:LeaderElection80] INFO  server.RaftServerConfigKeys (ConfUtils.java:logGet(43)) - raft.server.watch.element-limit = 65536 (default)
2019-08-21 06:48:11,007 [f6cbc464-63a1-4ed5-a6d3-94f3823a1413:group-35C25930241E:LeaderElection80] INFO  server.RaftServerConfigKeys (ConfUtils.java:logGet(43)) - raft.server.log.appender.snapshot.chunk.size.max = 16MB (=16777216) (default)
2019-08-21 06:48:11,008 [f6cbc464-63a1-4ed5-a6d3-94f3823a1413:group-35C25930241E:LeaderElection80] INFO  server.RaftServerConfigKeys (ConfUtils.java:logGet(43)) - raft.server.log.appender.buffer.byte-limit = 33554432 (custom)
2019-08-21 06:48:11,008 [f6cbc464-63a1-4ed5-a6d3-94f3823a1413:group-35C25930241E:LeaderElection80] INFO  server.RaftServerConfigKeys (ConfUtils.java:logGet(43)) - raft.server.log.appender.buffer.element-limit = 1 (custom)
2019-08-21 06:48:11,008 [f6cbc464-63a1-4ed5-a6d3-94f3823a1413:group-35C25930241E:LeaderElection80] INFO  grpc.GrpcConfigKeys$Server (ConfUtils.java:logGet(43)) - raft.grpc.server.leader.outstanding.appends.max = 128 (default)
2019-08-21 06:48:11,008 [f6cbc464-63a1-4ed5-a6d3-94f3823a1413:group-35C25930241E:LeaderElection80] INFO  server.RaftServerConfigKeys (ConfUtils.java:logGet(43)) - raft.server.rpc.request.timeout = 3000ms (default)
2019-08-21 06:48:11,008 [f6cbc464-63a1-4ed5-a6d3-94f3823a1413:group-35C25930241E:LeaderElection80] INFO  server.RaftServerConfigKeys (ConfUtils.java:logGet(43)) - raft.server.log.appender.install.snapshot.enabled = false (custom)
2019-08-21 06:48:11,008 [f6cbc464-63a1-4ed5-a6d3-94f3823a1413:group-35C25930241E:LeaderElection80] INFO  server.RaftServerConfigKeys (ConfUtils.java:logGet(43)) - raft.server.log.appender.snapshot.chunk.size.max = 16MB (=16777216) (default)
2019-08-21 06:48:11,008 [f6cbc464-63a1-4ed5-a6d3-94f3823a1413:group-35C25930241E:LeaderElection80] INFO  server.RaftServerConfigKeys (ConfUtils.java:logGet(43)) - raft.server.log.appender.buffer.byte-limit = 33554432 (custom)
2019-08-21 06:48:11,009 [f6cbc464-63a1-4ed5-a6d3-94f3823a1413:group-35C25930241E:LeaderElection80] INFO  server.RaftServerConfigKeys (ConfUtils.java:logGet(43)) - raft.server.log.appender.buffer.element-limit = 1 (custom)
2019-08-21 06:48:11,009 [f6cbc464-63a1-4ed5-a6d3-94f3823a1413:group-35C25930241E:LeaderElection80] INFO  grpc.GrpcConfigKeys$Server (ConfUtils.java:logGet(43)) - raft.grpc.server.leader.outstanding.appends.max = 128 (default)
2019-08-21 06:48:11,009 [f6cbc464-63a1-4ed5-a6d3-94f3823a1413:group-35C25930241E:LeaderElection80] INFO  server.RaftServerConfigKeys (ConfUtils.java:logGet(43)) - raft.server.rpc.request.timeout = 3000ms (default)
2019-08-21 06:48:11,009 [f6cbc464-63a1-4ed5-a6d3-94f3823a1413:group-35C25930241E:LeaderElection80] INFO  server.RaftServerConfigKeys (ConfUtils.java:logGet(43)) - raft.server.log.appender.install.snapshot.enabled = false (custom)
2019-08-21 06:48:11,009 [f6cbc464-63a1-4ed5-a6d3-94f3823a1413:group-35C25930241E:LeaderElection80] INFO  impl.RoleInfo (RoleInfo.java:updateAndGet(143)) - f6cbc464-63a1-4ed5-a6d3-94f3823a1413: start LeaderState
2019-08-21 06:48:11,009 [f6cbc464-63a1-4ed5-a6d3-94f3823a1413:group-35C25930241E:LeaderElection80] INFO  segmented.SegmentedRaftLogWorker (SegmentedRaftLogWorker.java:rollLogSegment(385)) - f6cbc464-63a1-4ed5-a6d3-94f3823a1413-SegmentedRaftLogWorker:Storage Directory /workdir/hadoop-ozone/integration-test/target/test-dir/MiniOzoneClusterImpl-9ea4e631-3cec-4bad-b090-c72c63c3b0a9/datanode-6/data/ratis/c82b467f-c4db-4396-863e-35c25930241e: Rolling segment log-0_16 to index:16
2019-08-21 06:48:11,011 [f6cbc464-63a1-4ed5-a6d3-94f3823a1413:group-35C25930241E:LeaderElection80] INFO  impl.RaftServerImpl (ServerState.java:setRaftConf(361)) - f6cbc464-63a1-4ed5-a6d3-94f3823a1413:group-35C25930241E set configuration 17: [7a757e68-43af-46dc-b069-47da6fb40a41:192.168.69.98:36841, eea1d4b5-a777-41a4-8ddf-56dc853fc369:192.168.69.98:46481, f6cbc464-63a1-4ed5-a6d3-94f3823a1413:192.168.69.98:33619], old=null at 17
2019-08-21 06:48:11,011 [grpc-default-executor-4] WARN  server.GrpcLogAppender (LogUtils.java:warn(134)) - f6cbc464-63a1-4ed5-a6d3-94f3823a1413->eea1d4b5-a777-41a4-8ddf-56dc853fc369: Failed appendEntries: org.apache.ratis.thirdparty.io.grpc.StatusRuntimeException: UNAVAILABLE: io exception
2019-08-21 06:48:11,012 [f6cbc464-63a1-4ed5-a6d3-94f3823a1413-SegmentedRaftLogWorker:Storage Directory /workdir/hadoop-ozone/integration-test/target/test-dir/MiniOzoneClusterImpl-9ea4e631-3cec-4bad-b090-c72c63c3b0a9/datanode-6/data/ratis/c82b467f-c4db-4396-863e-35c25930241e] INFO  segmented.SegmentedRaftLogWorker (SegmentedRaftLogWorker.java:execute(526)) - f6cbc464-63a1-4ed5-a6d3-94f3823a1413-SegmentedRaftLogWorker:Storage Directory /workdir/hadoop-ozone/integration-test/target/test-dir/MiniOzoneClusterImpl-9ea4e631-3cec-4bad-b090-c72c63c3b0a9/datanode-6/data/ratis/c82b467f-c4db-4396-863e-35c25930241e: Rolled log segment from /workdir/hadoop-ozone/integration-test/target/test-dir/MiniOzoneClusterImpl-9ea4e631-3cec-4bad-b090-c72c63c3b0a9/datanode-6/data/ratis/c82b467f-c4db-4396-863e-35c25930241e/current/log_inprogress_0 to /workdir/hadoop-ozone/integration-test/target/test-dir/MiniOzoneClusterImpl-9ea4e631-3cec-4bad-b090-c72c63c3b0a9/datanode-6/data/ratis/c82b467f-c4db-4396-863e-35c25930241e/current/log_0-16
2019-08-21 06:48:11,012 [grpc-default-executor-4] INFO  impl.FollowerInfo (FollowerInfo.java:lambda$new$0(50)) - f6cbc464-63a1-4ed5-a6d3-94f3823a1413->eea1d4b5-a777-41a4-8ddf-56dc853fc369: nextIndex: updateUnconditionally 17 -> 1
2019-08-21 06:48:11,012 [grpc-default-executor-5] INFO  impl.RaftServerImpl (ServerState.java:setLeader(263)) - 7a757e68-43af-46dc-b069-47da6fb40a41:group-35C25930241E change Leader from null to f6cbc464-63a1-4ed5-a6d3-94f3823a1413 at term 2 for appendEntries, leader elected after 27ms
2019-08-21 06:48:11,014 [grpc-default-executor-5] INFO  impl.RaftServerImpl (ServerState.java:setRaftConf(361)) - 7a757e68-43af-46dc-b069-47da6fb40a41:group-35C25930241E set configuration 17: [7a757e68-43af-46dc-b069-47da6fb40a41:192.168.69.98:36841, eea1d4b5-a777-41a4-8ddf-56dc853fc369:192.168.69.98:46481, f6cbc464-63a1-4ed5-a6d3-94f3823a1413:192.168.69.98:33619], old=null at 17
2019-08-21 06:48:11,015 [grpc-default-executor-5] INFO  segmented.SegmentedRaftLogWorker (SegmentedRaftLogWorker.java:rollLogSegment(385)) - 7a757e68-43af-46dc-b069-47da6fb40a41-SegmentedRaftLogWorker:Storage Directory /workdir/hadoop-ozone/integration-test/target/test-dir/MiniOzoneClusterImpl-9ea4e631-3cec-4bad-b090-c72c63c3b0a9/datanode-2/data/ratis/c82b467f-c4db-4396-863e-35c25930241e: Rolling segment log-0_16 to index:16
2019-08-21 06:48:11,015 [7a757e68-43af-46dc-b069-47da6fb40a41-SegmentedRaftLogWorker:Storage Directory /workdir/hadoop-ozone/integration-test/target/test-dir/MiniOzoneClusterImpl-9ea4e631-3cec-4bad-b090-c72c63c3b0a9/datanode-2/data/ratis/c82b467f-c4db-4396-863e-35c25930241e] INFO  segmented.SegmentedRaftLogWorker (SegmentedRaftLogWorker.java:execute(526)) - 7a757e68-43af-46dc-b069-47da6fb40a41-SegmentedRaftLogWorker:Storage Directory /workdir/hadoop-ozone/integration-test/target/test-dir/MiniOzoneClusterImpl-9ea4e631-3cec-4bad-b090-c72c63c3b0a9/datanode-2/data/ratis/c82b467f-c4db-4396-863e-35c25930241e: Rolled log segment from /workdir/hadoop-ozone/integration-test/target/test-dir/MiniOzoneClusterImpl-9ea4e631-3cec-4bad-b090-c72c63c3b0a9/datanode-2/data/ratis/c82b467f-c4db-4396-863e-35c25930241e/current/log_inprogress_0 to /workdir/hadoop-ozone/integration-test/target/test-dir/MiniOzoneClusterImpl-9ea4e631-3cec-4bad-b090-c72c63c3b0a9/datanode-2/data/ratis/c82b467f-c4db-4396-863e-35c25930241e/current/log_0-16
2019-08-21 06:48:11,029 | INFO  | SCMAudit | user=jenkins1000 | ip=192.168.69.98 | op=SEND_HEARTBEAT {datanodeUUID=f6cbc464-63a1-4ed5-a6d3-94f3823a1413, command=[]} | ret=SUCCESS |  
2019-08-21 06:48:11,056 [7a757e68-43af-46dc-b069-47da6fb40a41-SegmentedRaftLogWorker:Storage Directory /workdir/hadoop-ozone/integration-test/target/test-dir/MiniOzoneClusterImpl-9ea4e631-3cec-4bad-b090-c72c63c3b0a9/datanode-2/data/ratis/c82b467f-c4db-4396-863e-35c25930241e] INFO  segmented.SegmentedRaftLogWorker (SegmentedRaftLogWorker.java:execute(569)) - 7a757e68-43af-46dc-b069-47da6fb40a41-SegmentedRaftLogWorker:Storage Directory /workdir/hadoop-ozone/integration-test/target/test-dir/MiniOzoneClusterImpl-9ea4e631-3cec-4bad-b090-c72c63c3b0a9/datanode-2/data/ratis/c82b467f-c4db-4396-863e-35c25930241e: created new log segment /workdir/hadoop-ozone/integration-test/target/test-dir/MiniOzoneClusterImpl-9ea4e631-3cec-4bad-b090-c72c63c3b0a9/datanode-2/data/ratis/c82b467f-c4db-4396-863e-35c25930241e/current/log_inprogress_17
2019-08-21 06:48:11,056 [f6cbc464-63a1-4ed5-a6d3-94f3823a1413-SegmentedRaftLogWorker:Storage Directory /workdir/hadoop-ozone/integration-test/target/test-dir/MiniOzoneClusterImpl-9ea4e631-3cec-4bad-b090-c72c63c3b0a9/datanode-6/data/ratis/c82b467f-c4db-4396-863e-35c25930241e] INFO  segmented.SegmentedRaftLogWorker (SegmentedRaftLogWorker.java:execute(569)) - f6cbc464-63a1-4ed5-a6d3-94f3823a1413-SegmentedRaftLogWorker:Storage Directory /workdir/hadoop-ozone/integration-test/target/test-dir/MiniOzoneClusterImpl-9ea4e631-3cec-4bad-b090-c72c63c3b0a9/datanode-6/data/ratis/c82b467f-c4db-4396-863e-35c25930241e: created new log segment /workdir/hadoop-ozone/integration-test/target/test-dir/MiniOzoneClusterImpl-9ea4e631-3cec-4bad-b090-c72c63c3b0a9/datanode-6/data/ratis/c82b467f-c4db-4396-863e-35c25930241e/current/log_inprogress_17
2019-08-21 06:48:11,067 | INFO  | DNAudit | user=null | ip=null | op=READ_CHUNK {blockData=conID: 1 locID: 102653628954116110 bcsId: 0} | ret=SUCCESS |  
2019-08-21 06:48:11,069 [grpc-default-executor-9] WARN  server.GrpcLogAppender (LogUtils.java:warn(134)) - f6cbc464-63a1-4ed5-a6d3-94f3823a1413->eea1d4b5-a777-41a4-8ddf-56dc853fc369: Failed appendEntries: org.apache.ratis.thirdparty.io.grpc.StatusRuntimeException: UNAVAILABLE: io exception
2019-08-21 06:48:11,069 [grpc-default-executor-9] INFO  impl.FollowerInfo (FollowerInfo.java:lambda$new$0(50)) - f6cbc464-63a1-4ed5-a6d3-94f3823a1413->eea1d4b5-a777-41a4-8ddf-56dc853fc369: nextIndex: updateUnconditionally 2 -> 1
2019-08-21 06:48:11,082 [grpc-default-executor-9] WARN  server.GrpcLogAppender (LogUtils.java:warn(134)) - f6cbc464-63a1-4ed5-a6d3-94f3823a1413->eea1d4b5-a777-41a4-8ddf-56dc853fc369: Failed appendEntries: org.apache.ratis.thirdparty.io.grpc.StatusRuntimeException: UNAVAILABLE: io exception
2019-08-21 06:48:11,082 [grpc-default-executor-9] INFO  impl.FollowerInfo (FollowerInfo.java:lambda$new$0(50)) - f6cbc464-63a1-4ed5-a6d3-94f3823a1413->eea1d4b5-a777-41a4-8ddf-56dc853fc369: nextIndex: updateUnconditionally 2 -> 1
2019-08-21 06:48:11,112 | INFO  | SCMAudit | user=jenkins1000 | ip=192.168.69.98 | op=SEND_HEARTBEAT {datanodeUUID=9ffd4868-4ba9-44e7-9a03-c837b7b77730, command=[]} | ret=SUCCESS |  
2019-08-21 06:48:11,117 | INFO  | SCMAudit | user=jenkins1000 | ip=192.168.69.98 | op=SEND_HEARTBEAT {datanodeUUID=2440a51f-3981-4500-9b25-8137dd33ecb0, command=[]} | ret=SUCCESS |  
2019-08-21 06:48:11,279 | INFO  | SCMAudit | user=jenkins1000 | ip=192.168.69.98 | op=SEND_HEARTBEAT {datanodeUUID=20fa16c8-b149-4c5b-b4f9-9fafb5a1985f, command=[]} | ret=SUCCESS |  
2019-08-21 06:48:11,429 | ERROR | DNAudit | user=null | ip=null | op=WRITE_CHUNK {blockData=conID: 1 locID: 102653628954116110 bcsId: 14} | ret=FAILURE | org.apache.hadoop.hdds.scm.container.common.helpers.ContainerNotOpenException: Container 1 in CLOSING state
	at org.apache.hadoop.ozone.container.common.impl.HddsDispatcher.validateContainerCommand(HddsDispatcher.java:408)
	at org.apache.hadoop.ozone.container.common.transport.server.ratis.ContainerStateMachine.startTransaction(ContainerStateMachine.java:309) 
2019-08-21 06:48:11,438 [grpc-default-executor-9] INFO  client.GrpcClientProtocolClient (GrpcClientProtocolClient.java:onNext(255)) - client-32787D5CFC5D->f6cbc464-63a1-4ed5-a6d3-94f3823a1413: receive RaftClientReply:client-32787D5CFC5D->f6cbc464-63a1-4ed5-a6d3-94f3823a1413@group-35C25930241E, cid=185, FAILED org.apache.ratis.protocol.StateMachineException: org.apache.hadoop.hdds.scm.container.common.helpers.ContainerNotOpenException from Server f6cbc464-63a1-4ed5-a6d3-94f3823a1413: Container 1 in CLOSING state, logIndex=0, commits[f6cbc464-63a1-4ed5-a6d3-94f3823a1413:c18, 7a757e68-43af-46dc-b069-47da6fb40a41:c17, eea1d4b5-a777-41a4-8ddf-56dc853fc369:c16]
2019-08-21 06:48:11,439 | ERROR | DNAudit | user=null | ip=null | op=WRITE_CHUNK {blockData=conID: 1 locID: 102653628954116110 bcsId: 14} | ret=FAILURE | org.apache.hadoop.hdds.scm.container.common.helpers.ContainerNotOpenException: Container 1 in CLOSING state
	at org.apache.hadoop.ozone.container.common.impl.HddsDispatcher.validateContainerCommand(HddsDispatcher.java:408)
	at org.apache.hadoop.ozone.container.common.transport.server.ratis.ContainerStateMachine.startTransaction(ContainerStateMachine.java:309) 
2019-08-21 06:48:11,440 | ERROR | DNAudit | user=null | ip=null | op=PUT_BLOCK {blockData=[blockId=conID: 1 locID: 102653628954116110 bcsId: 0,size=650]} | ret=FAILURE | org.apache.hadoop.hdds.scm.container.common.helpers.ContainerNotOpenException: Container 1 in CLOSING state
	at org.apache.hadoop.ozone.container.common.impl.HddsDispatcher.validateContainerCommand(HddsDispatcher.java:408)
	at org.apache.hadoop.ozone.container.common.transport.server.ratis.ContainerStateMachine.startTransaction(ContainerStateMachine.java:309) 
2019-08-21 06:48:11,445 | ERROR | DNAudit | user=null | ip=null | op=WRITE_CHUNK {blockData=conID: 1 locID: 102653628954116110 bcsId: 14} | ret=FAILURE | org.apache.hadoop.hdds.scm.container.common.helpers.ContainerNotOpenException: Container 1 in CLOSING state
	at org.apache.hadoop.ozone.container.common.impl.HddsDispatcher.validateContainerCommand(HddsDispatcher.java:408)
	at org.apache.hadoop.ozone.container.common.transport.server.ratis.ContainerStateMachine.startTransaction(ContainerStateMachine.java:309) 
2019-08-21 06:48:11,446 [grpc-default-executor-9] INFO  client.GrpcClientProtocolClient (GrpcClientProtocolClient.java:onNext(255)) - client-32787D5CFC5D->f6cbc464-63a1-4ed5-a6d3-94f3823a1413: receive RaftClientReply:client-32787D5CFC5D->f6cbc464-63a1-4ed5-a6d3-94f3823a1413@group-35C25930241E, cid=186, FAILED org.apache.ratis.protocol.StateMachineException: org.apache.hadoop.hdds.scm.container.common.helpers.ContainerNotOpenException from Server f6cbc464-63a1-4ed5-a6d3-94f3823a1413: Container 1 in CLOSING state, logIndex=0, commits[f6cbc464-63a1-4ed5-a6d3-94f3823a1413:c18, 7a757e68-43af-46dc-b069-47da6fb40a41:c17, eea1d4b5-a777-41a4-8ddf-56dc853fc369:c16]
2019-08-21 06:48:11,448 | ERROR | DNAudit | user=null | ip=null | op=WRITE_CHUNK {blockData=conID: 1 locID: 102653628954116110 bcsId: 14} | ret=FAILURE | org.apache.hadoop.hdds.scm.container.common.helpers.ContainerNotOpenException: Container 1 in CLOSING state
	at org.apache.hadoop.ozone.container.common.impl.HddsDispatcher.validateContainerCommand(HddsDispatcher.java:408)
	at org.apache.hadoop.ozone.container.common.transport.server.ratis.ContainerStateMachine.startTransaction(ContainerStateMachine.java:309) 
2019-08-21 06:48:11,451 [grpc-default-executor-9] INFO  client.GrpcClientProtocolClient (GrpcClientProtocolClient.java:onNext(255)) - client-32787D5CFC5D->f6cbc464-63a1-4ed5-a6d3-94f3823a1413: receive RaftClientReply:client-32787D5CFC5D->f6cbc464-63a1-4ed5-a6d3-94f3823a1413@group-35C25930241E, cid=187, FAILED org.apache.ratis.protocol.StateMachineException: org.apache.hadoop.hdds.scm.container.common.helpers.ContainerNotOpenException from Server f6cbc464-63a1-4ed5-a6d3-94f3823a1413: Container 1 in CLOSING state, logIndex=0, commits[f6cbc464-63a1-4ed5-a6d3-94f3823a1413:c18, 7a757e68-43af-46dc-b069-47da6fb40a41:c17, eea1d4b5-a777-41a4-8ddf-56dc853fc369:c16]
2019-08-21 06:48:11,452 [grpc-default-executor-9] INFO  client.GrpcClientProtocolClient (GrpcClientProtocolClient.java:onNext(255)) - client-32787D5CFC5D->f6cbc464-63a1-4ed5-a6d3-94f3823a1413: receive RaftClientReply:client-32787D5CFC5D->f6cbc464-63a1-4ed5-a6d3-94f3823a1413@group-35C25930241E, cid=188, FAILED org.apache.ratis.protocol.StateMachineException: org.apache.hadoop.hdds.scm.container.common.helpers.ContainerNotOpenException from Server f6cbc464-63a1-4ed5-a6d3-94f3823a1413: Container 1 in CLOSING state, logIndex=0, commits[f6cbc464-63a1-4ed5-a6d3-94f3823a1413:c18, 7a757e68-43af-46dc-b069-47da6fb40a41:c17, eea1d4b5-a777-41a4-8ddf-56dc853fc369:c16]
2019-08-21 06:48:11,452 | ERROR | DNAudit | user=null | ip=null | op=PUT_BLOCK {blockData=[blockId=conID: 1 locID: 102653628954116110 bcsId: 0,size=800]} | ret=FAILURE | org.apache.hadoop.hdds.scm.container.common.helpers.ContainerNotOpenException: Container 1 in CLOSING state
	at org.apache.hadoop.ozone.container.common.impl.HddsDispatcher.validateContainerCommand(HddsDispatcher.java:408)
	at org.apache.hadoop.ozone.container.common.transport.server.ratis.ContainerStateMachine.startTransaction(ContainerStateMachine.java:309) 
2019-08-21 06:48:11,458 [grpc-default-executor-5] INFO  client.GrpcClientProtocolClient (GrpcClientProtocolClient.java:onNext(255)) - client-32787D5CFC5D->f6cbc464-63a1-4ed5-a6d3-94f3823a1413: receive RaftClientReply:client-32787D5CFC5D->f6cbc464-63a1-4ed5-a6d3-94f3823a1413@group-35C25930241E, cid=189, FAILED org.apache.ratis.protocol.StateMachineException: org.apache.hadoop.hdds.scm.container.common.helpers.ContainerNotOpenException from Server f6cbc464-63a1-4ed5-a6d3-94f3823a1413: Container 1 in CLOSING state, logIndex=0, commits[f6cbc464-63a1-4ed5-a6d3-94f3823a1413:c18, 7a757e68-43af-46dc-b069-47da6fb40a41:c17, eea1d4b5-a777-41a4-8ddf-56dc853fc369:c16]
2019-08-21 06:48:11,460 [grpc-default-executor-5] INFO  client.GrpcClientProtocolClient (GrpcClientProtocolClient.java:onNext(255)) - client-32787D5CFC5D->f6cbc464-63a1-4ed5-a6d3-94f3823a1413: receive RaftClientReply:client-32787D5CFC5D->f6cbc464-63a1-4ed5-a6d3-94f3823a1413@group-35C25930241E, cid=190, FAILED org.apache.ratis.protocol.StateMachineException: org.apache.hadoop.hdds.scm.container.common.helpers.ContainerNotOpenException from Server f6cbc464-63a1-4ed5-a6d3-94f3823a1413: Container 1 in CLOSING state, logIndex=0, commits[f6cbc464-63a1-4ed5-a6d3-94f3823a1413:c18, 7a757e68-43af-46dc-b069-47da6fb40a41:c17, eea1d4b5-a777-41a4-8ddf-56dc853fc369:c16]
2019-08-21 06:48:11,484 | INFO  | SCMAudit | user=jenkins1000 | ip=192.168.69.98 | op=ALLOCATE_BLOCK {owner=59a7b7d0-6e45-49f7-b273-38530615f07e, size=800, type=RATIS, factor=THREE} | ret=SUCCESS |  
2019-08-21 06:48:11,485 | INFO  | OMAudit | user=jenkins1000 | ip=127.0.0.1 | op=ALLOCATE_BLOCK {volume=testblockoutputstream, bucket=testblockoutputstream, key=1d274413-3756-4b93-9e62-b6a9b1029d75, dataSize=0, replicationType=null, replicationFactor=null, keyLocationInfo=null, clientID=102653628742893581} | ret=SUCCESS |  
2019-08-21 06:48:11,501 [grpc-default-executor-5] INFO  client.GrpcClientProtocolClient (GrpcClientProtocolClient.java:onNext(255)) - client-3AE5B6F7B705->9ffd4868-4ba9-44e7-9a03-c837b7b77730: receive RaftClientReply:client-3AE5B6F7B705->9ffd4868-4ba9-44e7-9a03-c837b7b77730@group-A1E08738A272, cid=191, FAILED org.apache.ratis.protocol.NotLeaderException: Server 9ffd4868-4ba9-44e7-9a03-c837b7b77730 is not the leader (20fa16c8-b149-4c5b-b4f9-9fafb5a1985f:192.168.69.98:33186). Request must be sent to leader., logIndex=0, commits[9ffd4868-4ba9-44e7-9a03-c837b7b77730:c0, 20fa16c8-b149-4c5b-b4f9-9fafb5a1985f:c0, 4e78e98f-ea0c-4fff-97d6-9ba7960c8323:c0]
2019-08-21 06:48:11,643 | INFO  | DNAudit | user=null | ip=null | op=WRITE_CHUNK {blockData=conID: 2 locID: 102653630315495439 bcsId: 0} | ret=SUCCESS |  
2019-08-21 06:48:11,643 | INFO  | DNAudit | user=null | ip=null | op=WRITE_CHUNK {blockData=conID: 2 locID: 102653630315495439 bcsId: 0} | ret=SUCCESS |  
2019-08-21 06:48:11,643 | INFO  | SCMAudit | user=jenkins1000 | ip=192.168.69.98 | op=SEND_HEARTBEAT {datanodeUUID=9ffd4868-4ba9-44e7-9a03-c837b7b77730, command=[]} | ret=SUCCESS |  
2019-08-21 06:48:11,643 | INFO  | SCMAudit | user=jenkins1000 | ip=192.168.69.98 | op=SEND_HEARTBEAT {datanodeUUID=4e78e98f-ea0c-4fff-97d6-9ba7960c8323, command=[]} | ret=SUCCESS |  
2019-08-21 06:48:11,643 | INFO  | SCMAudit | user=jenkins1000 | ip=192.168.69.98 | op=SEND_HEARTBEAT {datanodeUUID=20fa16c8-b149-4c5b-b4f9-9fafb5a1985f, command=[]} | ret=SUCCESS |  
2019-08-21 06:48:11,643 | INFO  | DNAudit | user=null | ip=null | op=WRITE_CHUNK {blockData=conID: 2 locID: 102653630315495439 bcsId: 0} | ret=SUCCESS |  
2019-08-21 06:48:11,656 | INFO  | DNAudit | user=null | ip=null | op=WRITE_CHUNK {blockData=conID: 2 locID: 102653630315495439 bcsId: 0} | ret=SUCCESS |  
2019-08-21 06:48:11,665 [grpc-default-executor-5] INFO  client.GrpcClientProtocolClient (GrpcClientProtocolClient.java:onNext(255)) - client-3AE5B6F7B705->20fa16c8-b149-4c5b-b4f9-9fafb5a1985f: receive RaftClientReply:client-3AE5B6F7B705->20fa16c8-b149-4c5b-b4f9-9fafb5a1985f@group-A1E08738A272, cid=191, SUCCESS, logIndex=1, commits[20fa16c8-b149-4c5b-b4f9-9fafb5a1985f:c1, 4e78e98f-ea0c-4fff-97d6-9ba7960c8323:c0, 9ffd4868-4ba9-44e7-9a03-c837b7b77730:c0]
2019-08-21 06:48:11,669 | INFO  | DNAudit | user=null | ip=null | op=WRITE_CHUNK {blockData=conID: 2 locID: 102653630315495439 bcsId: 0} | ret=SUCCESS |  
2019-08-21 06:48:11,669 | INFO  | DNAudit | user=null | ip=null | op=WRITE_CHUNK {blockData=conID: 2 locID: 102653630315495439 bcsId: 0} | ret=SUCCESS |  
2019-08-21 06:48:11,670 | INFO  | DNAudit | user=null | ip=null | op=WRITE_CHUNK {blockData=conID: 2 locID: 102653630315495439 bcsId: 0} | ret=SUCCESS |  
2019-08-21 06:48:11,671 | INFO  | DNAudit | user=null | ip=null | op=WRITE_CHUNK {blockData=conID: 2 locID: 102653630315495439 bcsId: 0} | ret=SUCCESS |  
2019-08-21 06:48:11,671 | INFO  | DNAudit | user=null | ip=null | op=WRITE_CHUNK {blockData=conID: 2 locID: 102653630315495439 bcsId: 0} | ret=SUCCESS |  
2019-08-21 06:48:11,671 | INFO  | DNAudit | user=null | ip=null | op=WRITE_CHUNK {blockData=conID: 2 locID: 102653630315495439 bcsId: 0} | ret=SUCCESS |  
2019-08-21 06:48:11,672 | INFO  | DNAudit | user=null | ip=null | op=WRITE_CHUNK {blockData=conID: 2 locID: 102653630315495439 bcsId: 0} | ret=SUCCESS |  
2019-08-21 06:48:11,672 | INFO  | DNAudit | user=null | ip=null | op=WRITE_CHUNK {blockData=conID: 2 locID: 102653630315495439 bcsId: 0} | ret=SUCCESS |  
2019-08-21 06:48:11,672 | INFO  | DNAudit | user=null | ip=null | op=WRITE_CHUNK {blockData=conID: 2 locID: 102653630315495439 bcsId: 0} | ret=SUCCESS |  
2019-08-21 06:48:11,673 | INFO  | DNAudit | user=null | ip=null | op=WRITE_CHUNK {blockData=conID: 2 locID: 102653630315495439 bcsId: 0} | ret=SUCCESS |  
2019-08-21 06:48:11,673 | INFO  | DNAudit | user=null | ip=null | op=WRITE_CHUNK {blockData=conID: 2 locID: 102653630315495439 bcsId: 0} | ret=SUCCESS |  
2019-08-21 06:48:11,683 | INFO  | DNAudit | user=null | ip=null | op=WRITE_CHUNK {blockData=conID: 2 locID: 102653630315495439 bcsId: 0} | ret=SUCCESS |  
2019-08-21 06:48:11,686 [grpc-default-executor-5] INFO  client.GrpcClientProtocolClient (GrpcClientProtocolClient.java:onNext(255)) - client-3AE5B6F7B705->20fa16c8-b149-4c5b-b4f9-9fafb5a1985f: receive RaftClientReply:client-3AE5B6F7B705->20fa16c8-b149-4c5b-b4f9-9fafb5a1985f@group-A1E08738A272, cid=192, SUCCESS, logIndex=3, commits[20fa16c8-b149-4c5b-b4f9-9fafb5a1985f:c4, 4e78e98f-ea0c-4fff-97d6-9ba7960c8323:c2, 9ffd4868-4ba9-44e7-9a03-c837b7b77730:c2]
2019-08-21 06:48:11,695 | INFO  | DNAudit | user=null | ip=null | op=WRITE_CHUNK {blockData=conID: 2 locID: 102653630315495439 bcsId: 0} | ret=SUCCESS |  
2019-08-21 06:48:11,702 | INFO  | DNAudit | user=null | ip=null | op=WRITE_CHUNK {blockData=conID: 2 locID: 102653630315495439 bcsId: 0} | ret=SUCCESS |  
2019-08-21 06:48:11,962 | INFO  | SCMAudit | user=jenkins1000 | ip=192.168.69.98 | op=SEND_HEARTBEAT {datanodeUUID=7a757e68-43af-46dc-b069-47da6fb40a41, command=[]} | ret=SUCCESS |  
2019-08-21 06:48:12,030 | INFO  | SCMAudit | user=jenkins1000 | ip=192.168.69.98 | op=SEND_HEARTBEAT {datanodeUUID=f6cbc464-63a1-4ed5-a6d3-94f3823a1413, command=[]} | ret=SUCCESS |  
2019-08-21 06:48:12,050 | INFO  | DNAudit | user=null | ip=null | op=PUT_BLOCK {blockData=[blockId=conID: 2 locID: 102653630315495439 bcsId: 0,size=200]} | ret=SUCCESS |  
2019-08-21 06:48:12,052 [grpc-default-executor-5] INFO  client.GrpcClientProtocolClient (GrpcClientProtocolClient.java:onNext(255)) - client-3AE5B6F7B705->20fa16c8-b149-4c5b-b4f9-9fafb5a1985f: receive RaftClientReply:client-3AE5B6F7B705->20fa16c8-b149-4c5b-b4f9-9fafb5a1985f@group-A1E08738A272, cid=193, SUCCESS, logIndex=4, commits[20fa16c8-b149-4c5b-b4f9-9fafb5a1985f:c11, 4e78e98f-ea0c-4fff-97d6-9ba7960c8323:c7, 9ffd4868-4ba9-44e7-9a03-c837b7b77730:c7]
2019-08-21 06:48:12,066 | INFO  | DNAudit | user=null | ip=null | op=WRITE_CHUNK {blockData=conID: 2 locID: 102653630315495439 bcsId: 0} | ret=SUCCESS |  
2019-08-21 06:48:12,067 | INFO  | DNAudit | user=null | ip=null | op=WRITE_CHUNK {blockData=conID: 2 locID: 102653630315495439 bcsId: 0} | ret=SUCCESS |  
2019-08-21 06:48:12,068 [grpc-default-executor-5] INFO  client.GrpcClientProtocolClient (GrpcClientProtocolClient.java:onNext(255)) - client-3AE5B6F7B705->20fa16c8-b149-4c5b-b4f9-9fafb5a1985f: receive RaftClientReply:client-3AE5B6F7B705->20fa16c8-b149-4c5b-b4f9-9fafb5a1985f@group-A1E08738A272, cid=194, SUCCESS, logIndex=5, commits[20fa16c8-b149-4c5b-b4f9-9fafb5a1985f:c11, 4e78e98f-ea0c-4fff-97d6-9ba7960c8323:c7, 9ffd4868-4ba9-44e7-9a03-c837b7b77730:c7]
2019-08-21 06:48:12,069 [grpc-default-executor-5] INFO  client.GrpcClientProtocolClient (GrpcClientProtocolClient.java:onNext(255)) - client-3AE5B6F7B705->20fa16c8-b149-4c5b-b4f9-9fafb5a1985f: receive RaftClientReply:client-3AE5B6F7B705->20fa16c8-b149-4c5b-b4f9-9fafb5a1985f@group-A1E08738A272, cid=195, SUCCESS, logIndex=6, commits[20fa16c8-b149-4c5b-b4f9-9fafb5a1985f:c11, 4e78e98f-ea0c-4fff-97d6-9ba7960c8323:c7, 9ffd4868-4ba9-44e7-9a03-c837b7b77730:c7]
2019-08-21 06:48:12,118 | INFO  | SCMAudit | user=jenkins1000 | ip=192.168.69.98 | op=SEND_HEARTBEAT {datanodeUUID=2440a51f-3981-4500-9b25-8137dd33ecb0, command=[]} | ret=SUCCESS |  
2019-08-21 06:48:12,182 | INFO  | DNAudit | user=null | ip=null | op=PUT_BLOCK {blockData=[blockId=conID: 2 locID: 102653630315495439 bcsId: 0,size=200]} | ret=SUCCESS |  
2019-08-21 06:48:12,183 | INFO  | DNAudit | user=null | ip=null | op=WRITE_CHUNK {blockData=conID: 2 locID: 102653630315495439 bcsId: 0} | ret=SUCCESS |  
2019-08-21 06:48:12,183 | INFO  | DNAudit | user=null | ip=null | op=WRITE_CHUNK {blockData=conID: 2 locID: 102653630315495439 bcsId: 0} | ret=SUCCESS |  
2019-08-21 06:48:12,219 | INFO  | DNAudit | user=null | ip=null | op=PUT_BLOCK {blockData=[blockId=conID: 2 locID: 102653630315495439 bcsId: 0,size=200]} | ret=SUCCESS |  
2019-08-21 06:48:12,219 | INFO  | DNAudit | user=null | ip=null | op=PUT_BLOCK {blockData=[blockId=conID: 2 locID: 102653630315495439 bcsId: 0,size=400]} | ret=SUCCESS |  
2019-08-21 06:48:12,219 | INFO  | DNAudit | user=null | ip=null | op=PUT_BLOCK {blockData=[blockId=conID: 2 locID: 102653630315495439 bcsId: 0,size=400]} | ret=SUCCESS |  
2019-08-21 06:48:12,219 | INFO  | DNAudit | user=null | ip=null | op=WRITE_CHUNK {blockData=conID: 2 locID: 102653630315495439 bcsId: 0} | ret=SUCCESS |  
2019-08-21 06:48:12,219 | INFO  | DNAudit | user=null | ip=null | op=WRITE_CHUNK {blockData=conID: 2 locID: 102653630315495439 bcsId: 0} | ret=SUCCESS |  
2019-08-21 06:48:12,223 | INFO  | DNAudit | user=null | ip=null | op=PUT_BLOCK {blockData=[blockId=conID: 2 locID: 102653630315495439 bcsId: 0,size=400]} | ret=SUCCESS |  
2019-08-21 06:48:12,223 [grpc-default-executor-5] INFO  client.GrpcClientProtocolClient (GrpcClientProtocolClient.java:onNext(255)) - client-3AE5B6F7B705->20fa16c8-b149-4c5b-b4f9-9fafb5a1985f: receive RaftClientReply:client-3AE5B6F7B705->20fa16c8-b149-4c5b-b4f9-9fafb5a1985f@group-A1E08738A272, cid=196, SUCCESS, logIndex=7, commits[20fa16c8-b149-4c5b-b4f9-9fafb5a1985f:c11, 4e78e98f-ea0c-4fff-97d6-9ba7960c8323:c7, 9ffd4868-4ba9-44e7-9a03-c837b7b77730:c7]
2019-08-21 06:48:12,227 | INFO  | DNAudit | user=null | ip=null | op=WRITE_CHUNK {blockData=conID: 2 locID: 102653630315495439 bcsId: 7} | ret=SUCCESS |  
2019-08-21 06:48:12,228 | INFO  | DNAudit | user=null | ip=null | op=WRITE_CHUNK {blockData=conID: 2 locID: 102653630315495439 bcsId: 7} | ret=SUCCESS |  
2019-08-21 06:48:12,228 | INFO  | DNAudit | user=null | ip=null | op=WRITE_CHUNK {blockData=conID: 2 locID: 102653630315495439 bcsId: 7} | ret=SUCCESS |  
2019-08-21 06:48:12,240 | INFO  | DNAudit | user=null | ip=null | op=WRITE_CHUNK {blockData=conID: 2 locID: 102653630315495439 bcsId: 7} | ret=SUCCESS |  
2019-08-21 06:48:12,252 | INFO  | DNAudit | user=null | ip=null | op=PUT_BLOCK {blockData=[blockId=conID: 2 locID: 102653630315495439 bcsId: 0,size=450]} | ret=SUCCESS |  
2019-08-21 06:48:12,252 | INFO  | DNAudit | user=null | ip=null | op=WRITE_CHUNK {blockData=conID: 2 locID: 102653630315495439 bcsId: 7} | ret=SUCCESS |  
2019-08-21 06:48:12,252 | INFO  | DNAudit | user=null | ip=null | op=WRITE_CHUNK {blockData=conID: 2 locID: 102653630315495439 bcsId: 7} | ret=SUCCESS |  
2019-08-21 06:48:12,253 [grpc-default-executor-5] INFO  client.GrpcClientProtocolClient (GrpcClientProtocolClient.java:onNext(255)) - client-3AE5B6F7B705->20fa16c8-b149-4c5b-b4f9-9fafb5a1985f: receive RaftClientReply:client-3AE5B6F7B705->20fa16c8-b149-4c5b-b4f9-9fafb5a1985f@group-A1E08738A272, cid=197, SUCCESS, logIndex=12, commits[20fa16c8-b149-4c5b-b4f9-9fafb5a1985f:c13, 4e78e98f-ea0c-4fff-97d6-9ba7960c8323:c11, 9ffd4868-4ba9-44e7-9a03-c837b7b77730:c11]
2019-08-21 06:48:12,256 | INFO  | DNAudit | user=null | ip=null | op=PUT_BLOCK {blockData=[blockId=conID: 2 locID: 102653630315495439 bcsId: 0,size=450]} | ret=SUCCESS |  
2019-08-21 06:48:12,256 | INFO  | DNAudit | user=null | ip=null | op=PUT_BLOCK {blockData=[blockId=conID: 2 locID: 102653630315495439 bcsId: 0,size=450]} | ret=SUCCESS |  
2019-08-21 06:48:12,256 [grpc-default-executor-9] INFO  client.GrpcClientProtocolClient (GrpcClientProtocolClient.java:onNext(255)) - client-3AE5B6F7B705->20fa16c8-b149-4c5b-b4f9-9fafb5a1985f: receive RaftClientReply:client-3AE5B6F7B705->20fa16c8-b149-4c5b-b4f9-9fafb5a1985f@group-A1E08738A272, cid=198, SUCCESS, logIndex=13, commits[20fa16c8-b149-4c5b-b4f9-9fafb5a1985f:c13, 4e78e98f-ea0c-4fff-97d6-9ba7960c8323:c11, 9ffd4868-4ba9-44e7-9a03-c837b7b77730:c11]
2019-08-21 06:48:12,260 [grpc-default-executor-9] INFO  client.GrpcClientProtocolClient (GrpcClientProtocolClient.java:onNext(255)) - client-3AE5B6F7B705->20fa16c8-b149-4c5b-b4f9-9fafb5a1985f: receive RaftClientReply:client-3AE5B6F7B705->20fa16c8-b149-4c5b-b4f9-9fafb5a1985f@group-A1E08738A272, cid=199, SUCCESS, logIndex=0, commits[20fa16c8-b149-4c5b-b4f9-9fafb5a1985f:c14, 4e78e98f-ea0c-4fff-97d6-9ba7960c8323:c13, 9ffd4868-4ba9-44e7-9a03-c837b7b77730:c13]
2019-08-21 06:48:12,261 [main] INFO  ozone.MiniOzoneClusterImpl (MiniOzoneClusterImpl.java:shutdown(321)) - Shutting down the Mini Ozone Cluster
2019-08-21 06:48:12,262 | INFO  | SCMAudit | user=null | ip=null | op=GET_SCM_INFO null | ret=SUCCESS |  
2019-08-21 06:48:12,262 [main] INFO  ozone.MiniOzoneClusterImpl (MiniOzoneClusterImpl.java:stop(336)) - Stopping the Mini Ozone Cluster
2019-08-21 06:48:12,262 [main] INFO  ozone.MiniOzoneClusterImpl (MiniOzoneClusterImpl.java:stop(338)) - Stopping the OzoneManager
2019-08-21 06:48:12,262 [main] INFO  ipc.Server (Server.java:stop(3082)) - Stopping server on 36092
2019-08-21 06:48:12,281 [IPC Server listener on 36092] INFO  ipc.Server (Server.java:run(1185)) - Stopping IPC Server listener on 36092
2019-08-21 06:48:12,292 [main] INFO  ratis.OzoneManagerDoubleBuffer (OzoneManagerDoubleBuffer.java:stop(248)) - Stopping OMDoubleBuffer flush thread
2019-08-21 06:48:12,292 [IPC Server Responder] INFO  ipc.Server (Server.java:run(1319)) - Stopping IPC Server Responder
2019-08-21 06:48:12,294 [OMDoubleBufferFlushThread] INFO  ratis.OzoneManagerDoubleBuffer (OzoneManagerDoubleBuffer.java:flushTransactions(191)) - OMDoubleBuffer flush thread OMDoubleBufferFlushThread is interrupted and will exit. OMDoubleBufferFlushThread
2019-08-21 06:48:12,295 [main] INFO  utils.BackgroundService (BackgroundService.java:shutdown(148)) - Shutting down service KeyDeletingService
2019-08-21 06:48:12,296 [main] INFO  handler.ContextHandler (ContextHandler.java:doStop(910)) - Stopped o.e.j.w.WebAppContext@74e111a8{/,null,UNAVAILABLE}{/ozoneManager}
2019-08-21 06:48:12,297 [main] INFO  server.AbstractConnector (AbstractConnector.java:doStop(318)) - Stopped ServerConnector@6e6ec9c{HTTP/1.1,[http/1.1]}{0.0.0.0:0}
2019-08-21 06:48:12,297 [main] INFO  handler.ContextHandler (ContextHandler.java:doStop(910)) - Stopped o.e.j.s.ServletContextHandler@6f749a1f{/static,file:///workdir/hadoop-ozone/integration-test/target/test-classes/webapps/static,UNAVAILABLE}
2019-08-21 06:48:12,297 [main] INFO  handler.ContextHandler (ContextHandler.java:doStop(910)) - Stopped o.e.j.s.ServletContextHandler@41c05747{/logs,file:///workdir/hadoop-ozone/integration-test/target/log,UNAVAILABLE}
2019-08-21 06:48:12,300 [main] INFO  ozone.MiniOzoneClusterImpl (MiniOzoneClusterImpl.java:stop(344)) - Shutting the HddsDatanodes
2019-08-21 06:48:12,301 [main] INFO  datanode.ObjectStoreHandler (ObjectStoreHandler.java:close(155)) - Closing ObjectStoreHandler.
2019-08-21 06:48:12,301 [ForkJoinPool.commonPool-worker-0] INFO  datanode.ObjectStoreHandler (ObjectStoreHandler.java:close(155)) - Closing ObjectStoreHandler.
2019-08-21 06:48:12,301 [main] INFO  ozone.HddsDatanodeService (HddsDatanodeService.java:stop(451)) - Stopped plug-in org.apache.hadoop.ozone.web.OzoneHddsDatanodeService@563bf9d2
2019-08-21 06:48:12,301 [ForkJoinPool.commonPool-worker-0] INFO  ozone.HddsDatanodeService (HddsDatanodeService.java:stop(451)) - Stopped plug-in org.apache.hadoop.ozone.web.OzoneHddsDatanodeService@2b08f55a
2019-08-21 06:48:12,640 [Datanode State Machine Thread - 0] INFO  statemachine.DatanodeStateMachine (DatanodeStateMachine.java:lambda$startDaemon$0(350)) - Ozone container server started.
2019-08-21 06:48:12,641 | INFO  | SCMAudit | user=jenkins1000 | ip=192.168.69.98 | op=SEND_HEARTBEAT {datanodeUUID=4e78e98f-ea0c-4fff-97d6-9ba7960c8323, command=[]} | ret=SUCCESS |  
2019-08-21 06:48:12,641 | INFO  | SCMAudit | user=jenkins1000 | ip=192.168.69.98 | op=SEND_HEARTBEAT {datanodeUUID=20fa16c8-b149-4c5b-b4f9-9fafb5a1985f, command=[]} | ret=SUCCESS |  
2019-08-21 06:48:12,961 [Datanode State Machine Thread - 0] INFO  statemachine.DatanodeStateMachine (DatanodeStateMachine.java:lambda$startDaemon$0(350)) - Ozone container server started.
2019-08-21 06:48:13,029 | INFO  | SCMAudit | user=jenkins1000 | ip=192.168.69.98 | op=SEND_HEARTBEAT {datanodeUUID=f6cbc464-63a1-4ed5-a6d3-94f3823a1413, command=[]} | ret=SUCCESS |  
2019-08-21 06:48:13,118 | INFO  | SCMAudit | user=jenkins1000 | ip=192.168.69.98 | op=SEND_HEARTBEAT {datanodeUUID=2440a51f-3981-4500-9b25-8137dd33ecb0, command=[]} | ret=SUCCESS |  
2019-08-21 06:48:13,583 [grpc-default-executor-4] WARN  server.GrpcLogAppender (LogUtils.java:warn(134)) - f6cbc464-63a1-4ed5-a6d3-94f3823a1413->eea1d4b5-a777-41a4-8ddf-56dc853fc369: Failed appendEntries: org.apache.ratis.thirdparty.io.grpc.StatusRuntimeException: UNAVAILABLE: io exception
2019-08-21 06:48:13,583 [grpc-default-executor-4] INFO  impl.FollowerInfo (FollowerInfo.java:lambda$new$0(50)) - f6cbc464-63a1-4ed5-a6d3-94f3823a1413->eea1d4b5-a777-41a4-8ddf-56dc853fc369: nextIndex: updateUnconditionally 1 -> 0
2019-08-21 06:48:13,641 | INFO  | SCMAudit | user=jenkins1000 | ip=192.168.69.98 | op=SEND_HEARTBEAT {datanodeUUID=20fa16c8-b149-4c5b-b4f9-9fafb5a1985f, command=[]} | ret=SUCCESS |  
2019-08-21 06:48:13,641 | INFO  | SCMAudit | user=jenkins1000 | ip=192.168.69.98 | op=SEND_HEARTBEAT {datanodeUUID=4e78e98f-ea0c-4fff-97d6-9ba7960c8323, command=[]} | ret=SUCCESS |  
2019-08-21 06:48:14,029 | INFO  | SCMAudit | user=jenkins1000 | ip=192.168.69.98 | op=SEND_HEARTBEAT {datanodeUUID=f6cbc464-63a1-4ed5-a6d3-94f3823a1413, command=[]} | ret=SUCCESS |  
2019-08-21 06:48:14,118 | INFO  | SCMAudit | user=jenkins1000 | ip=192.168.69.98 | op=SEND_HEARTBEAT {datanodeUUID=2440a51f-3981-4500-9b25-8137dd33ecb0, command=[]} | ret=SUCCESS |  
2019-08-21 06:48:14,641 | INFO  | SCMAudit | user=jenkins1000 | ip=192.168.69.98 | op=SEND_HEARTBEAT {datanodeUUID=20fa16c8-b149-4c5b-b4f9-9fafb5a1985f, command=[]} | ret=SUCCESS |  
2019-08-21 06:48:14,641 | INFO  | SCMAudit | user=jenkins1000 | ip=192.168.69.98 | op=SEND_HEARTBEAT {datanodeUUID=4e78e98f-ea0c-4fff-97d6-9ba7960c8323, command=[]} | ret=SUCCESS |  
2019-08-21 06:48:15,029 | INFO  | SCMAudit | user=jenkins1000 | ip=192.168.69.98 | op=SEND_HEARTBEAT {datanodeUUID=f6cbc464-63a1-4ed5-a6d3-94f3823a1413, command=[]} | ret=SUCCESS |  
2019-08-21 06:48:15,118 | INFO  | SCMAudit | user=jenkins1000 | ip=192.168.69.98 | op=SEND_HEARTBEAT {datanodeUUID=2440a51f-3981-4500-9b25-8137dd33ecb0, command=[]} | ret=SUCCESS |  
2019-08-21 06:48:15,641 | INFO  | SCMAudit | user=jenkins1000 | ip=192.168.69.98 | op=SEND_HEARTBEAT {datanodeUUID=4e78e98f-ea0c-4fff-97d6-9ba7960c8323, command=[]} | ret=SUCCESS |  
2019-08-21 06:48:15,641 | INFO  | SCMAudit | user=jenkins1000 | ip=192.168.69.98 | op=SEND_HEARTBEAT {datanodeUUID=20fa16c8-b149-4c5b-b4f9-9fafb5a1985f, command=[]} | ret=SUCCESS |  
2019-08-21 06:48:16,029 | INFO  | SCMAudit | user=jenkins1000 | ip=192.168.69.98 | op=SEND_HEARTBEAT {datanodeUUID=f6cbc464-63a1-4ed5-a6d3-94f3823a1413, command=[]} | ret=SUCCESS |  
2019-08-21 06:48:16,083 [grpc-default-executor-5] WARN  server.GrpcLogAppender (LogUtils.java:warn(134)) - f6cbc464-63a1-4ed5-a6d3-94f3823a1413->eea1d4b5-a777-41a4-8ddf-56dc853fc369: Failed appendEntries: org.apache.ratis.thirdparty.io.grpc.StatusRuntimeException: UNAVAILABLE: io exception
2019-08-21 06:48:16,083 [grpc-default-executor-5] INFO  impl.FollowerInfo (FollowerInfo.java:lambda$new$0(50)) - f6cbc464-63a1-4ed5-a6d3-94f3823a1413->eea1d4b5-a777-41a4-8ddf-56dc853fc369: nextIndex: updateUnconditionally 0 -> 0
2019-08-21 06:48:16,119 | INFO  | SCMAudit | user=jenkins1000 | ip=192.168.69.98 | op=SEND_HEARTBEAT {datanodeUUID=2440a51f-3981-4500-9b25-8137dd33ecb0, command=[]} | ret=SUCCESS |  
2019-08-21 06:48:16,641 | INFO  | SCMAudit | user=jenkins1000 | ip=192.168.69.98 | op=SEND_HEARTBEAT {datanodeUUID=4e78e98f-ea0c-4fff-97d6-9ba7960c8323, command=[]} | ret=SUCCESS |  
2019-08-21 06:48:16,641 | INFO  | SCMAudit | user=jenkins1000 | ip=192.168.69.98 | op=SEND_HEARTBEAT {datanodeUUID=20fa16c8-b149-4c5b-b4f9-9fafb5a1985f, command=[]} | ret=SUCCESS |  
2019-08-21 06:48:16,671 [EventQueue-StaleNodeForStaleNodeHandler] INFO  node.StaleNodeHandler (StaleNodeHandler.java:onMessage(58)) - Datanode 9ffd4868-4ba9-44e7-9a03-c837b7b77730{ip: 192.168.69.98, host: pr-hdds-1950-tl9pt-285257851, networkLocation: /default-rack, certSerialId: null} moved to stale state. Finalizing its pipelines [PipelineID=82e43d15-1b8a-426f-9073-5083629fcdea, PipelineID=2440b74c-9054-4ffb-afb0-a1e08738a272]
2019-08-21 06:48:16,671 [EventQueue-StaleNodeForStaleNodeHandler] INFO  pipeline.SCMPipelineManager (SCMPipelineManager.java:finalizeAndDestroyPipeline(309)) - destroying pipeline:Pipeline[ Id: 82e43d15-1b8a-426f-9073-5083629fcdea, Nodes: 9ffd4868-4ba9-44e7-9a03-c837b7b77730{ip: 192.168.69.98, host: pr-hdds-1950-tl9pt-285257851, networkLocation: /default-rack, certSerialId: null}, Type:RATIS, Factor:ONE, State:OPEN]
2019-08-21 06:48:16,672 [EventQueue-StaleNodeForStaleNodeHandler] INFO  pipeline.PipelineStateManager (PipelineStateManager.java:finalizePipeline(123)) - Pipeline Pipeline[ Id: 82e43d15-1b8a-426f-9073-5083629fcdea, Nodes: 9ffd4868-4ba9-44e7-9a03-c837b7b77730{ip: 192.168.69.98, host: pr-hdds-1950-tl9pt-285257851, networkLocation: /default-rack, certSerialId: null}, Type:RATIS, Factor:ONE, State:CLOSED] moved to CLOSED state
2019-08-21 06:48:16,672 [EventQueue-StaleNodeForStaleNodeHandler] INFO  pipeline.SCMPipelineManager (SCMPipelineManager.java:finalizeAndDestroyPipeline(309)) - destroying pipeline:Pipeline[ Id: 2440b74c-9054-4ffb-afb0-a1e08738a272, Nodes: 9ffd4868-4ba9-44e7-9a03-c837b7b77730{ip: 192.168.69.98, host: pr-hdds-1950-tl9pt-285257851, networkLocation: /default-rack, certSerialId: null}20fa16c8-b149-4c5b-b4f9-9fafb5a1985f{ip: 192.168.69.98, host: pr-hdds-1950-tl9pt-285257851, networkLocation: /default-rack, certSerialId: null}4e78e98f-ea0c-4fff-97d6-9ba7960c8323{ip: 192.168.69.98, host: pr-hdds-1950-tl9pt-285257851, networkLocation: /default-rack, certSerialId: null}, Type:RATIS, Factor:THREE, State:OPEN]
2019-08-21 06:48:16,672 [EventQueue-StaleNodeForStaleNodeHandler] INFO  pipeline.PipelineStateManager (PipelineStateManager.java:finalizePipeline(123)) - Pipeline Pipeline[ Id: 2440b74c-9054-4ffb-afb0-a1e08738a272, Nodes: 9ffd4868-4ba9-44e7-9a03-c837b7b77730{ip: 192.168.69.98, host: pr-hdds-1950-tl9pt-285257851, networkLocation: /default-rack, certSerialId: null}20fa16c8-b149-4c5b-b4f9-9fafb5a1985f{ip: 192.168.69.98, host: pr-hdds-1950-tl9pt-285257851, networkLocation: /default-rack, certSerialId: null}4e78e98f-ea0c-4fff-97d6-9ba7960c8323{ip: 192.168.69.98, host: pr-hdds-1950-tl9pt-285257851, networkLocation: /default-rack, certSerialId: null}, Type:RATIS, Factor:THREE, State:CLOSED] moved to CLOSED state
2019-08-21 06:48:16,672 [EventQueue-CloseContainerForCloseContainerEventHandler] INFO  container.CloseContainerEventHandler (CloseContainerEventHandler.java:onMessage(61)) - Close container Event triggered for container : #2
2019-08-21 06:48:16,972 [EventQueue-StaleNodeForStaleNodeHandler] INFO  node.StaleNodeHandler (StaleNodeHandler.java:onMessage(58)) - Datanode 7a757e68-43af-46dc-b069-47da6fb40a41{ip: 192.168.69.98, host: pr-hdds-1950-tl9pt-285257851, networkLocation: /default-rack, certSerialId: null} moved to stale state. Finalizing its pipelines [PipelineID=c82b467f-c4db-4396-863e-35c25930241e, PipelineID=43a20301-231a-4bf5-9a65-70c979d1c92c]
2019-08-21 06:48:16,972 [EventQueue-StaleNodeForStaleNodeHandler] INFO  pipeline.SCMPipelineManager (SCMPipelineManager.java:finalizeAndDestroyPipeline(309)) - destroying pipeline:Pipeline[ Id: c82b467f-c4db-4396-863e-35c25930241e, Nodes: eea1d4b5-a777-41a4-8ddf-56dc853fc369{ip: 192.168.69.98, host: pr-hdds-1950-tl9pt-285257851, networkLocation: /default-rack, certSerialId: null}f6cbc464-63a1-4ed5-a6d3-94f3823a1413{ip: 192.168.69.98, host: pr-hdds-1950-tl9pt-285257851, networkLocation: /default-rack, certSerialId: null}7a757e68-43af-46dc-b069-47da6fb40a41{ip: 192.168.69.98, host: pr-hdds-1950-tl9pt-285257851, networkLocation: /default-rack, certSerialId: null}, Type:RATIS, Factor:THREE, State:CLOSED]
2019-08-21 06:48:16,972 [EventQueue-StaleNodeForStaleNodeHandler] INFO  pipeline.SCMPipelineManager (SCMPipelineManager.java:finalizeAndDestroyPipeline(309)) - destroying pipeline:Pipeline[ Id: 43a20301-231a-4bf5-9a65-70c979d1c92c, Nodes: 7a757e68-43af-46dc-b069-47da6fb40a41{ip: 192.168.69.98, host: pr-hdds-1950-tl9pt-285257851, networkLocation: /default-rack, certSerialId: null}, Type:RATIS, Factor:ONE, State:OPEN]
2019-08-21 06:48:16,972 [EventQueue-StaleNodeForStaleNodeHandler] INFO  pipeline.PipelineStateManager (PipelineStateManager.java:finalizePipeline(123)) - Pipeline Pipeline[ Id: 43a20301-231a-4bf5-9a65-70c979d1c92c, Nodes: 7a757e68-43af-46dc-b069-47da6fb40a41{ip: 192.168.69.98, host: pr-hdds-1950-tl9pt-285257851, networkLocation: /default-rack, certSerialId: null}, Type:RATIS, Factor:ONE, State:CLOSED] moved to CLOSED state
2019-08-21 06:48:17,029 | INFO  | SCMAudit | user=jenkins1000 | ip=192.168.69.98 | op=SEND_HEARTBEAT {datanodeUUID=f6cbc464-63a1-4ed5-a6d3-94f3823a1413, command=[]} | ret=SUCCESS |  
2019-08-21 06:48:17,119 | INFO  | SCMAudit | user=jenkins1000 | ip=192.168.69.98 | op=SEND_HEARTBEAT {datanodeUUID=2440a51f-3981-4500-9b25-8137dd33ecb0, command=[]} | ret=SUCCESS |  
2019-08-21 06:48:17,302 [main] INFO  ozoneimpl.OzoneContainer (OzoneContainer.java:stop(199)) - Attempting to stop container services.
2019-08-21 06:48:17,302 [ForkJoinPool.commonPool-worker-0] INFO  ozoneimpl.OzoneContainer (OzoneContainer.java:stop(199)) - Attempting to stop container services.
2019-08-21 06:48:17,302 [main] INFO  impl.RaftServerProxy (RaftServerProxy.java:lambda$close$4(314)) - 9ffd4868-4ba9-44e7-9a03-c837b7b77730: close
2019-08-21 06:48:17,303 [ForkJoinPool.commonPool-worker-0] INFO  impl.RaftServerProxy (RaftServerProxy.java:lambda$close$4(314)) - 7a757e68-43af-46dc-b069-47da6fb40a41: close
2019-08-21 06:48:17,303 [main] INFO  impl.RaftServerImpl (RaftServerImpl.java:lambda$shutdown$3(245)) - 9ffd4868-4ba9-44e7-9a03-c837b7b77730: shutdown group-5083629FCDEA
2019-08-21 06:48:17,303 [ForkJoinPool.commonPool-worker-0] INFO  impl.RaftServerImpl (RaftServerImpl.java:lambda$shutdown$3(245)) - 7a757e68-43af-46dc-b069-47da6fb40a41: shutdown group-35C25930241E
2019-08-21 06:48:17,303 [main] INFO  util.JmxRegister (JmxRegister.java:unregister(73)) - Successfully un-registered JMX Bean with object name Ratis:service=RaftServer,group=group-5083629FCDEA,id=9ffd4868-4ba9-44e7-9a03-c837b7b77730
2019-08-21 06:48:17,303 [ForkJoinPool.commonPool-worker-0] INFO  util.JmxRegister (JmxRegister.java:unregister(73)) - Successfully un-registered JMX Bean with object name Ratis:service=RaftServer,group=group-35C25930241E,id=7a757e68-43af-46dc-b069-47da6fb40a41
2019-08-21 06:48:17,303 [main] INFO  impl.RoleInfo (RoleInfo.java:shutdownLeaderState(104)) - 9ffd4868-4ba9-44e7-9a03-c837b7b77730: shutdown LeaderState
2019-08-21 06:48:17,304 [ForkJoinPool.commonPool-worker-0] INFO  impl.RoleInfo (RoleInfo.java:shutdownFollowerState(121)) - 7a757e68-43af-46dc-b069-47da6fb40a41: shutdown FollowerState
2019-08-21 06:48:17,304 [main] INFO  impl.PendingRequests (PendingRequests.java:sendNotLeaderResponses(202)) - 9ffd4868-4ba9-44e7-9a03-c837b7b77730-PendingRequests: sendNotLeaderResponses
2019-08-21 06:48:17,304 [StateMachineUpdater:7a757e68-43af-46dc-b069-47da6fb40a41:group-35C25930241E] INFO  ratis.ContainerStateMachine (ContainerStateMachine.java:takeSnapshot(283)) - group-35C25930241E: Taking a snapshot at:(t:1, i:14) file /workdir/hadoop-ozone/integration-test/target/test-dir/MiniOzoneClusterImpl-9ea4e631-3cec-4bad-b090-c72c63c3b0a9/datanode-2/data/ratis/c82b467f-c4db-4396-863e-35c25930241e/sm/snapshot.1_14
2019-08-21 06:48:17,304 [Thread-3728] INFO  impl.FollowerState (FollowerState.java:run(114)) - 7a757e68-43af-46dc-b069-47da6fb40a41: FollowerState was interrupted: java.lang.InterruptedException: sleep interrupted
2019-08-21 06:48:17,304 [ForkJoinPool.commonPool-worker-0] INFO  impl.StateMachineUpdater (StateMachineUpdater.java:stopAndJoin(115)) - StateMachineUpdater:7a757e68-43af-46dc-b069-47da6fb40a41:group-35C25930241E: set stopIndex = 18
2019-08-21 06:48:17,304 [main] INFO  impl.StateMachineUpdater (StateMachineUpdater.java:stopAndJoin(115)) - StateMachineUpdater:9ffd4868-4ba9-44e7-9a03-c837b7b77730:group-5083629FCDEA: set stopIndex = 0
2019-08-21 06:48:17,308 [main] INFO  impl.RaftServerImpl (ServerState.java:close(394)) - 9ffd4868-4ba9-44e7-9a03-c837b7b77730:group-5083629FCDEA closes. The last applied log index is 0
2019-08-21 06:48:17,308 [9ffd4868-4ba9-44e7-9a03-c837b7b77730-SegmentedRaftLogWorker:Storage Directory /workdir/hadoop-ozone/integration-test/target/test-dir/MiniOzoneClusterImpl-9ea4e631-3cec-4bad-b090-c72c63c3b0a9/datanode-4/data/ratis/82e43d15-1b8a-426f-9073-5083629fcdea] INFO  segmented.SegmentedRaftLogWorker (SegmentedRaftLogWorker.java:run(313)) - 9ffd4868-4ba9-44e7-9a03-c837b7b77730-SegmentedRaftLogWorker:Storage Directory /workdir/hadoop-ozone/integration-test/target/test-dir/MiniOzoneClusterImpl-9ea4e631-3cec-4bad-b090-c72c63c3b0a9/datanode-4/data/ratis/82e43d15-1b8a-426f-9073-5083629fcdea was interrupted, exiting. There are 0 tasks remaining in the queue.
2019-08-21 06:48:17,310 [main] INFO  segmented.SegmentedRaftLogWorker (SegmentedRaftLogWorker.java:close(228)) - 9ffd4868-4ba9-44e7-9a03-c837b7b77730-SegmentedRaftLogWorker:Storage Directory /workdir/hadoop-ozone/integration-test/target/test-dir/MiniOzoneClusterImpl-9ea4e631-3cec-4bad-b090-c72c63c3b0a9/datanode-4/data/ratis/82e43d15-1b8a-426f-9073-5083629fcdea close()
2019-08-21 06:48:17,313 [main] INFO  impl.RaftServerImpl (RaftServerImpl.java:lambda$shutdown$3(245)) - 9ffd4868-4ba9-44e7-9a03-c837b7b77730: shutdown group-A1E08738A272
2019-08-21 06:48:17,313 [main] INFO  util.JmxRegister (JmxRegister.java:unregister(73)) - Successfully un-registered JMX Bean with object name Ratis:service=RaftServer,group=group-A1E08738A272,id=9ffd4868-4ba9-44e7-9a03-c837b7b77730
2019-08-21 06:48:17,313 [main] INFO  impl.RoleInfo (RoleInfo.java:shutdownFollowerState(121)) - 9ffd4868-4ba9-44e7-9a03-c837b7b77730: shutdown FollowerState
2019-08-21 06:48:17,313 [main] INFO  impl.StateMachineUpdater (StateMachineUpdater.java:stopAndJoin(115)) - StateMachineUpdater:9ffd4868-4ba9-44e7-9a03-c837b7b77730:group-A1E08738A272: set stopIndex = 15
2019-08-21 06:48:17,313 [StateMachineUpdater:9ffd4868-4ba9-44e7-9a03-c837b7b77730:group-A1E08738A272] INFO  ratis.ContainerStateMachine (ContainerStateMachine.java:takeSnapshot(283)) - group-A1E08738A272: Taking a snapshot at:(t:1, i:13) file /workdir/hadoop-ozone/integration-test/target/test-dir/MiniOzoneClusterImpl-9ea4e631-3cec-4bad-b090-c72c63c3b0a9/datanode-4/data/ratis/2440b74c-9054-4ffb-afb0-a1e08738a272/sm/snapshot.1_13
2019-08-21 06:48:17,313 [Thread-3616] INFO  impl.FollowerState (FollowerState.java:run(114)) - 9ffd4868-4ba9-44e7-9a03-c837b7b77730: FollowerState was interrupted: java.lang.InterruptedException: sleep interrupted
2019-08-21 06:48:17,642 | INFO  | SCMAudit | user=jenkins1000 | ip=192.168.69.98 | op=SEND_HEARTBEAT {datanodeUUID=4e78e98f-ea0c-4fff-97d6-9ba7960c8323, command=[commandType: closeContainerCommand closeContainerCommandProto { containerID: 2 pipelineID { id: "2440b74c-9054-4ffb-afb0-a1e08738a272" } cmdId: 2 force: false } ]} | ret=SUCCESS |  
2019-08-21 06:48:17,642 | INFO  | SCMAudit | user=jenkins1000 | ip=192.168.69.98 | op=SEND_HEARTBEAT {datanodeUUID=20fa16c8-b149-4c5b-b4f9-9fafb5a1985f, command=[commandType: closeContainerCommand closeContainerCommandProto { containerID: 2 pipelineID { id: "2440b74c-9054-4ffb-afb0-a1e08738a272" } cmdId: 2 force: false } ]} | ret=SUCCESS |  
2019-08-21 06:48:18,029 | INFO  | SCMAudit | user=jenkins1000 | ip=192.168.69.98 | op=SEND_HEARTBEAT {datanodeUUID=f6cbc464-63a1-4ed5-a6d3-94f3823a1413, command=[]} | ret=SUCCESS |  
2019-08-21 06:48:18,120 | INFO  | SCMAudit | user=jenkins1000 | ip=192.168.69.98 | op=SEND_HEARTBEAT {datanodeUUID=2440a51f-3981-4500-9b25-8137dd33ecb0, command=[]} | ret=SUCCESS |  
2019-08-21 06:48:18,279 [StateMachineUpdater:9ffd4868-4ba9-44e7-9a03-c837b7b77730:group-A1E08738A272] INFO  ratis.ContainerStateMachine (ContainerStateMachine.java:takeSnapshot(294)) - group-A1E08738A272: Finished taking a snapshot at:(t:1, i:13) file:/workdir/hadoop-ozone/integration-test/target/test-dir/MiniOzoneClusterImpl-9ea4e631-3cec-4bad-b090-c72c63c3b0a9/datanode-4/data/ratis/2440b74c-9054-4ffb-afb0-a1e08738a272/sm/snapshot.1_13 time:965
2019-08-21 06:48:18,279 [StateMachineUpdater:7a757e68-43af-46dc-b069-47da6fb40a41:group-35C25930241E] INFO  ratis.ContainerStateMachine (ContainerStateMachine.java:takeSnapshot(294)) - group-35C25930241E: Finished taking a snapshot at:(t:1, i:14) file:/workdir/hadoop-ozone/integration-test/target/test-dir/MiniOzoneClusterImpl-9ea4e631-3cec-4bad-b090-c72c63c3b0a9/datanode-2/data/ratis/c82b467f-c4db-4396-863e-35c25930241e/sm/snapshot.1_14 time:974
2019-08-21 06:48:18,279 [StateMachineUpdater:9ffd4868-4ba9-44e7-9a03-c837b7b77730:group-A1E08738A272] INFO  impl.StateMachineUpdater (StateMachineUpdater.java:takeSnapshot(242)) - StateMachineUpdater:9ffd4868-4ba9-44e7-9a03-c837b7b77730:group-A1E08738A272: Took a snapshot at index 13
2019-08-21 06:48:18,279 [StateMachineUpdater:7a757e68-43af-46dc-b069-47da6fb40a41:group-35C25930241E] INFO  impl.StateMachineUpdater (StateMachineUpdater.java:takeSnapshot(242)) - StateMachineUpdater:7a757e68-43af-46dc-b069-47da6fb40a41:group-35C25930241E: Took a snapshot at index 14
2019-08-21 06:48:18,279 [StateMachineUpdater:9ffd4868-4ba9-44e7-9a03-c837b7b77730:group-A1E08738A272] INFO  impl.StateMachineUpdater (StateMachineUpdater.java:lambda$new$0(80)) - StateMachineUpdater:9ffd4868-4ba9-44e7-9a03-c837b7b77730:group-A1E08738A272: snapshotIndex: updateIncreasingly -1 -> 13
2019-08-21 06:48:18,279 [StateMachineUpdater:7a757e68-43af-46dc-b069-47da6fb40a41:group-35C25930241E] INFO  impl.StateMachineUpdater (StateMachineUpdater.java:lambda$new$0(80)) - StateMachineUpdater:7a757e68-43af-46dc-b069-47da6fb40a41:group-35C25930241E: snapshotIndex: updateIncreasingly -1 -> 14
2019-08-21 06:48:18,279 [main] INFO  impl.RaftServerImpl (ServerState.java:close(394)) - 9ffd4868-4ba9-44e7-9a03-c837b7b77730:group-A1E08738A272 closes. The last applied log index is 15
2019-08-21 06:48:18,279 [ForkJoinPool.commonPool-worker-0] INFO  impl.RaftServerImpl (ServerState.java:close(394)) - 7a757e68-43af-46dc-b069-47da6fb40a41:group-35C25930241E closes. The last applied log index is 18
2019-08-21 06:48:18,280 [9ffd4868-4ba9-44e7-9a03-c837b7b77730-SegmentedRaftLogWorker:Storage Directory /workdir/hadoop-ozone/integration-test/target/test-dir/MiniOzoneClusterImpl-9ea4e631-3cec-4bad-b090-c72c63c3b0a9/datanode-4/data/ratis/2440b74c-9054-4ffb-afb0-a1e08738a272] INFO  segmented.SegmentedRaftLogWorker (SegmentedRaftLogWorker.java:run(313)) - 9ffd4868-4ba9-44e7-9a03-c837b7b77730-SegmentedRaftLogWorker:Storage Directory /workdir/hadoop-ozone/integration-test/target/test-dir/MiniOzoneClusterImpl-9ea4e631-3cec-4bad-b090-c72c63c3b0a9/datanode-4/data/ratis/2440b74c-9054-4ffb-afb0-a1e08738a272 was interrupted, exiting. There are 0 tasks remaining in the queue.
2019-08-21 06:48:18,280 [7a757e68-43af-46dc-b069-47da6fb40a41-SegmentedRaftLogWorker:Storage Directory /workdir/hadoop-ozone/integration-test/target/test-dir/MiniOzoneClusterImpl-9ea4e631-3cec-4bad-b090-c72c63c3b0a9/datanode-2/data/ratis/c82b467f-c4db-4396-863e-35c25930241e] INFO  segmented.SegmentedRaftLogWorker (SegmentedRaftLogWorker.java:run(313)) - 7a757e68-43af-46dc-b069-47da6fb40a41-SegmentedRaftLogWorker:Storage Directory /workdir/hadoop-ozone/integration-test/target/test-dir/MiniOzoneClusterImpl-9ea4e631-3cec-4bad-b090-c72c63c3b0a9/datanode-2/data/ratis/c82b467f-c4db-4396-863e-35c25930241e was interrupted, exiting. There are 0 tasks remaining in the queue.
2019-08-21 06:48:18,283 [main] INFO  segmented.SegmentedRaftLogWorker (SegmentedRaftLogWorker.java:close(228)) - 9ffd4868-4ba9-44e7-9a03-c837b7b77730-SegmentedRaftLogWorker:Storage Directory /workdir/hadoop-ozone/integration-test/target/test-dir/MiniOzoneClusterImpl-9ea4e631-3cec-4bad-b090-c72c63c3b0a9/datanode-4/data/ratis/2440b74c-9054-4ffb-afb0-a1e08738a272 close()
2019-08-21 06:48:18,285 [ForkJoinPool.commonPool-worker-0] INFO  segmented.SegmentedRaftLogWorker (SegmentedRaftLogWorker.java:close(228)) - 7a757e68-43af-46dc-b069-47da6fb40a41-SegmentedRaftLogWorker:Storage Directory /workdir/hadoop-ozone/integration-test/target/test-dir/MiniOzoneClusterImpl-9ea4e631-3cec-4bad-b090-c72c63c3b0a9/datanode-2/data/ratis/c82b467f-c4db-4396-863e-35c25930241e close()
2019-08-21 06:48:18,289 [main] INFO  server.GrpcService (GrpcService.java:closeImpl(155)) - 9ffd4868-4ba9-44e7-9a03-c837b7b77730: shutdown server with port 38901 now
2019-08-21 06:48:18,293 [ForkJoinPool.commonPool-worker-0] INFO  impl.RaftServerImpl (RaftServerImpl.java:lambda$shutdown$3(245)) - 7a757e68-43af-46dc-b069-47da6fb40a41: shutdown group-70C979D1C92C
2019-08-21 06:48:18,293 [ForkJoinPool.commonPool-worker-0] INFO  util.JmxRegister (JmxRegister.java:unregister(73)) - Successfully un-registered JMX Bean with object name Ratis:service=RaftServer,group=group-70C979D1C92C,id=7a757e68-43af-46dc-b069-47da6fb40a41
2019-08-21 06:48:18,294 [grpc-default-executor-4] WARN  server.GrpcServerProtocolService (LogUtils.java:warn(134)) - 9ffd4868-4ba9-44e7-9a03-c837b7b77730: appendEntries onError: org.apache.ratis.thirdparty.io.grpc.StatusRuntimeException: CANCELLED: cancelled before receiving half close
2019-08-21 06:48:18,294 [main] INFO  server.GrpcService (GrpcService.java:closeImpl(163)) - 9ffd4868-4ba9-44e7-9a03-c837b7b77730: shutdown server with port 38901 successfully
2019-08-21 06:48:18,294 [ForkJoinPool.commonPool-worker-0] INFO  impl.RoleInfo (RoleInfo.java:shutdownLeaderState(104)) - 7a757e68-43af-46dc-b069-47da6fb40a41: shutdown LeaderState
2019-08-21 06:48:18,294 [grpc-default-executor-5] WARN  server.GrpcLogAppender (LogUtils.java:warn(134)) - 20fa16c8-b149-4c5b-b4f9-9fafb5a1985f->9ffd4868-4ba9-44e7-9a03-c837b7b77730: Failed appendEntries: org.apache.ratis.thirdparty.io.grpc.StatusRuntimeException: CANCELLED: HTTP/2 error code: CANCEL
Received Rst Stream
2019-08-21 06:48:18,294 [ForkJoinPool.commonPool-worker-0] INFO  impl.PendingRequests (PendingRequests.java:sendNotLeaderResponses(202)) - 7a757e68-43af-46dc-b069-47da6fb40a41-PendingRequests: sendNotLeaderResponses
2019-08-21 06:48:18,295 [grpc-default-executor-5] INFO  impl.FollowerInfo (FollowerInfo.java:lambda$new$0(50)) - 20fa16c8-b149-4c5b-b4f9-9fafb5a1985f->9ffd4868-4ba9-44e7-9a03-c837b7b77730: nextIndex: updateUnconditionally 16 -> 15
2019-08-21 06:48:18,298 [main] INFO  utils.BackgroundService (BackgroundService.java:shutdown(148)) - Shutting down service BlockDeletingService
2019-08-21 06:48:18,295 [ForkJoinPool.commonPool-worker-0] INFO  impl.StateMachineUpdater (StateMachineUpdater.java:stopAndJoin(115)) - StateMachineUpdater:7a757e68-43af-46dc-b069-47da6fb40a41:group-70C979D1C92C: set stopIndex = 0
2019-08-21 06:48:18,299 [ForkJoinPool.commonPool-worker-0] INFO  impl.RaftServerImpl (ServerState.java:close(394)) - 7a757e68-43af-46dc-b069-47da6fb40a41:group-70C979D1C92C closes. The last applied log index is 0
2019-08-21 06:48:18,301 [7a757e68-43af-46dc-b069-47da6fb40a41-SegmentedRaftLogWorker:Storage Directory /workdir/hadoop-ozone/integration-test/target/test-dir/MiniOzoneClusterImpl-9ea4e631-3cec-4bad-b090-c72c63c3b0a9/datanode-2/data/ratis/43a20301-231a-4bf5-9a65-70c979d1c92c] INFO  segmented.SegmentedRaftLogWorker (SegmentedRaftLogWorker.java:run(313)) - 7a757e68-43af-46dc-b069-47da6fb40a41-SegmentedRaftLogWorker:Storage Directory /workdir/hadoop-ozone/integration-test/target/test-dir/MiniOzoneClusterImpl-9ea4e631-3cec-4bad-b090-c72c63c3b0a9/datanode-2/data/ratis/43a20301-231a-4bf5-9a65-70c979d1c92c was interrupted, exiting. There are 0 tasks remaining in the queue.
2019-08-21 06:48:18,302 [refreshUsed-/workdir/hadoop-ozone/integration-test/target/test-dir/MiniOzoneClusterImpl-9ea4e631-3cec-4bad-b090-c72c63c3b0a9/datanode-4/data/containers] WARN  fs.CachingGetSpaceUsed (CachingGetSpaceUsed.java:run(183)) - Thread Interrupted waiting to refresh disk information: sleep interrupted
2019-08-21 06:48:18,304 [ForkJoinPool.commonPool-worker-0] INFO  segmented.SegmentedRaftLogWorker (SegmentedRaftLogWorker.java:close(228)) - 7a757e68-43af-46dc-b069-47da6fb40a41-SegmentedRaftLogWorker:Storage Directory /workdir/hadoop-ozone/integration-test/target/test-dir/MiniOzoneClusterImpl-9ea4e631-3cec-4bad-b090-c72c63c3b0a9/datanode-2/data/ratis/43a20301-231a-4bf5-9a65-70c979d1c92c close()
2019-08-21 06:48:18,307 [ForkJoinPool.commonPool-worker-0] INFO  server.GrpcService (GrpcService.java:closeImpl(155)) - 7a757e68-43af-46dc-b069-47da6fb40a41: shutdown server with port 36841 now
2019-08-21 06:48:18,307 [grpc-default-executor-4] WARN  server.GrpcServerProtocolService (LogUtils.java:warn(134)) - 7a757e68-43af-46dc-b069-47da6fb40a41: appendEntries onError: org.apache.ratis.thirdparty.io.grpc.StatusRuntimeException: CANCELLED: cancelled before receiving half close
2019-08-21 06:48:18,307 [ForkJoinPool.commonPool-worker-0] INFO  server.GrpcService (GrpcService.java:closeImpl(163)) - 7a757e68-43af-46dc-b069-47da6fb40a41: shutdown server with port 36841 successfully
2019-08-21 06:48:18,308 [grpc-default-executor-5] WARN  server.GrpcLogAppender (LogUtils.java:warn(134)) - f6cbc464-63a1-4ed5-a6d3-94f3823a1413->7a757e68-43af-46dc-b069-47da6fb40a41: Failed appendEntries: org.apache.ratis.thirdparty.io.grpc.StatusRuntimeException: CANCELLED: HTTP/2 error code: CANCEL
Received Rst Stream
2019-08-21 06:48:18,308 [grpc-default-executor-5] INFO  impl.FollowerInfo (FollowerInfo.java:lambda$new$0(50)) - f6cbc464-63a1-4ed5-a6d3-94f3823a1413->7a757e68-43af-46dc-b069-47da6fb40a41: nextIndex: updateUnconditionally 19 -> 18
2019-08-21 06:48:18,308 [ForkJoinPool.commonPool-worker-0] INFO  utils.BackgroundService (BackgroundService.java:shutdown(148)) - Shutting down service BlockDeletingService
2019-08-21 06:48:18,311 [refreshUsed-/workdir/hadoop-ozone/integration-test/target/test-dir/MiniOzoneClusterImpl-9ea4e631-3cec-4bad-b090-c72c63c3b0a9/datanode-2/data/containers] WARN  fs.CachingGetSpaceUsed (CachingGetSpaceUsed.java:run(183)) - Thread Interrupted waiting to refresh disk information: sleep interrupted
2019-08-21 06:48:18,322 [main] INFO  statemachine.DatanodeStateMachine (DatanodeStateMachine.java:stopDaemon(395)) - Ozone container server stopped.
2019-08-21 06:48:18,323 [main] INFO  handler.ContextHandler (ContextHandler.java:doStop(910)) - Stopped o.e.j.w.WebAppContext@67e7fe73{/,null,UNAVAILABLE}{/hddsDatanode}
2019-08-21 06:48:18,324 [main] INFO  server.AbstractConnector (AbstractConnector.java:doStop(318)) - Stopped ServerConnector@2daf650b{HTTP/1.1,[http/1.1]}{0.0.0.0:0}
2019-08-21 06:48:18,324 [main] INFO  handler.ContextHandler (ContextHandler.java:doStop(910)) - Stopped o.e.j.s.ServletContextHandler@289fff3c{/static,jar:file:/home/user/.m2/repository/org/apache/hadoop/hadoop-hdds-container-service/0.5.0-SNAPSHOT/hadoop-hdds-container-service-0.5.0-SNAPSHOT.jar!/webapps/static,UNAVAILABLE}
2019-08-21 06:48:18,327 [ForkJoinPool.commonPool-worker-0] INFO  statemachine.DatanodeStateMachine (DatanodeStateMachine.java:stopDaemon(395)) - Ozone container server stopped.
2019-08-21 06:48:18,327 [main] INFO  handler.ContextHandler (ContextHandler.java:doStop(910)) - Stopped o.e.j.s.ServletContextHandler@57d6f569{/logs,file:///workdir/hadoop-ozone/integration-test/target/log,UNAVAILABLE}
2019-08-21 06:48:18,332 [ForkJoinPool.commonPool-worker-0] INFO  handler.ContextHandler (ContextHandler.java:doStop(910)) - Stopped o.e.j.w.WebAppContext@50177966{/,null,UNAVAILABLE}{/hddsDatanode}
2019-08-21 06:48:18,332 [main] INFO  datanode.ObjectStoreHandler (ObjectStoreHandler.java:close(155)) - Closing ObjectStoreHandler.
2019-08-21 06:48:18,332 [ForkJoinPool.commonPool-worker-0] INFO  server.AbstractConnector (AbstractConnector.java:doStop(318)) - Stopped ServerConnector@2199e1a4{HTTP/1.1,[http/1.1]}{0.0.0.0:0}
2019-08-21 06:48:18,332 [main] INFO  ozone.HddsDatanodeService (HddsDatanodeService.java:stop(451)) - Stopped plug-in org.apache.hadoop.ozone.web.OzoneHddsDatanodeService@17c0d43c
2019-08-21 06:48:18,334 [ForkJoinPool.commonPool-worker-0] INFO  handler.ContextHandler (ContextHandler.java:doStop(910)) - Stopped o.e.j.s.ServletContextHandler@162c89ac{/static,jar:file:/home/user/.m2/repository/org/apache/hadoop/hadoop-hdds-container-service/0.5.0-SNAPSHOT/hadoop-hdds-container-service-0.5.0-SNAPSHOT.jar!/webapps/static,UNAVAILABLE}
2019-08-21 06:48:18,336 [ForkJoinPool.commonPool-worker-0] INFO  handler.ContextHandler (ContextHandler.java:doStop(910)) - Stopped o.e.j.s.ServletContextHandler@2c64ee53{/logs,file:///workdir/hadoop-ozone/integration-test/target/log,UNAVAILABLE}
2019-08-21 06:48:18,337 [ForkJoinPool.commonPool-worker-0] INFO  datanode.ObjectStoreHandler (ObjectStoreHandler.java:close(155)) - Closing ObjectStoreHandler.
2019-08-21 06:48:18,337 [ForkJoinPool.commonPool-worker-0] INFO  ozone.HddsDatanodeService (HddsDatanodeService.java:stop(451)) - Stopped plug-in org.apache.hadoop.ozone.web.OzoneHddsDatanodeService@d140627
2019-08-21 06:48:18,583 [grpc-default-executor-4] WARN  server.GrpcLogAppender (LogUtils.java:warn(134)) - f6cbc464-63a1-4ed5-a6d3-94f3823a1413->7a757e68-43af-46dc-b069-47da6fb40a41: Failed appendEntries: org.apache.ratis.thirdparty.io.grpc.StatusRuntimeException: UNAVAILABLE: io exception
2019-08-21 06:48:18,583 [grpc-default-executor-5] WARN  server.GrpcLogAppender (LogUtils.java:warn(134)) - f6cbc464-63a1-4ed5-a6d3-94f3823a1413->eea1d4b5-a777-41a4-8ddf-56dc853fc369: Failed appendEntries: org.apache.ratis.thirdparty.io.grpc.StatusRuntimeException: UNAVAILABLE: io exception
2019-08-21 06:48:18,584 [grpc-default-executor-4] INFO  impl.FollowerInfo (FollowerInfo.java:lambda$new$0(50)) - f6cbc464-63a1-4ed5-a6d3-94f3823a1413->7a757e68-43af-46dc-b069-47da6fb40a41: nextIndex: updateUnconditionally 18 -> 17
2019-08-21 06:48:18,584 [grpc-default-executor-5] INFO  impl.FollowerInfo (FollowerInfo.java:lambda$new$0(50)) - f6cbc464-63a1-4ed5-a6d3-94f3823a1413->eea1d4b5-a777-41a4-8ddf-56dc853fc369: nextIndex: updateUnconditionally 0 -> 0
2019-08-21 06:48:18,640 [Datanode State Machine Thread - 0] INFO  statemachine.DatanodeStateMachine (DatanodeStateMachine.java:lambda$startDaemon$0(350)) - Ozone container server started.
2019-08-21 06:48:18,641 | INFO  | SCMAudit | user=jenkins1000 | ip=192.168.69.98 | op=SEND_HEARTBEAT {datanodeUUID=20fa16c8-b149-4c5b-b4f9-9fafb5a1985f, command=[]} | ret=SUCCESS |  
2019-08-21 06:48:19,029 | INFO  | SCMAudit | user=jenkins1000 | ip=192.168.69.98 | op=SEND_HEARTBEAT {datanodeUUID=f6cbc464-63a1-4ed5-a6d3-94f3823a1413, command=[]} | ret=SUCCESS |  
2019-08-21 06:48:19,119 [Datanode State Machine Thread - 0] INFO  statemachine.DatanodeStateMachine (DatanodeStateMachine.java:lambda$startDaemon$0(350)) - Ozone container server started.
2019-08-21 06:48:19,641 | INFO  | SCMAudit | user=jenkins1000 | ip=192.168.69.98 | op=SEND_HEARTBEAT {datanodeUUID=20fa16c8-b149-4c5b-b4f9-9fafb5a1985f, command=[]} | ret=SUCCESS |  
2019-08-21 06:48:19,799 [grpc-default-executor-4] WARN  server.GrpcLogAppender (LogUtils.java:warn(134)) - 20fa16c8-b149-4c5b-b4f9-9fafb5a1985f->9ffd4868-4ba9-44e7-9a03-c837b7b77730: Failed appendEntries: org.apache.ratis.thirdparty.io.grpc.StatusRuntimeException: UNAVAILABLE: io exception
2019-08-21 06:48:19,799 [grpc-default-executor-4] INFO  impl.FollowerInfo (FollowerInfo.java:lambda$new$0(50)) - 20fa16c8-b149-4c5b-b4f9-9fafb5a1985f->9ffd4868-4ba9-44e7-9a03-c837b7b77730: nextIndex: updateUnconditionally 15 -> 14
2019-08-21 06:48:19,811 | INFO  | SCMAudit | user=jenkins1000 | ip=192.168.69.98 | op=SEND_HEARTBEAT {datanodeUUID=20fa16c8-b149-4c5b-b4f9-9fafb5a1985f, command=[]} | ret=SUCCESS |  
2019-08-21 06:48:19,812 [grpc-default-executor-10] WARN  server.GrpcLogAppender (LogUtils.java:warn(134)) - 20fa16c8-b149-4c5b-b4f9-9fafb5a1985f->9ffd4868-4ba9-44e7-9a03-c837b7b77730: Failed appendEntries: org.apache.ratis.thirdparty.io.grpc.StatusRuntimeException: UNAVAILABLE: io exception
2019-08-21 06:48:19,813 [grpc-default-executor-10] INFO  impl.FollowerInfo (FollowerInfo.java:lambda$new$0(50)) - 20fa16c8-b149-4c5b-b4f9-9fafb5a1985f->9ffd4868-4ba9-44e7-9a03-c837b7b77730: nextIndex: updateUnconditionally 15 -> 14
2019-08-21 06:48:19,829 [grpc-default-executor-4] WARN  server.GrpcLogAppender (LogUtils.java:warn(134)) - 20fa16c8-b149-4c5b-b4f9-9fafb5a1985f->9ffd4868-4ba9-44e7-9a03-c837b7b77730: Failed appendEntries: org.apache.ratis.thirdparty.io.grpc.StatusRuntimeException: UNAVAILABLE: io exception
2019-08-21 06:48:19,829 [grpc-default-executor-4] INFO  impl.FollowerInfo (FollowerInfo.java:lambda$new$0(50)) - 20fa16c8-b149-4c5b-b4f9-9fafb5a1985f->9ffd4868-4ba9-44e7-9a03-c837b7b77730: nextIndex: updateUnconditionally 15 -> 14
2019-08-21 06:48:19,841 [grpc-default-executor-4] WARN  server.GrpcLogAppender (LogUtils.java:warn(134)) - 20fa16c8-b149-4c5b-b4f9-9fafb5a1985f->9ffd4868-4ba9-44e7-9a03-c837b7b77730: Failed appendEntries: org.apache.ratis.thirdparty.io.grpc.StatusRuntimeException: UNAVAILABLE: io exception
2019-08-21 06:48:19,841 [grpc-default-executor-4] INFO  impl.FollowerInfo (FollowerInfo.java:lambda$new$0(50)) - 20fa16c8-b149-4c5b-b4f9-9fafb5a1985f->9ffd4868-4ba9-44e7-9a03-c837b7b77730: nextIndex: updateUnconditionally 15 -> 14
2019-08-21 06:48:19,892 [RatisApplyTransactionExecutor 2] INFO  interfaces.Container (KeyValueContainer.java:compactDB(356)) - Container 2 is closed with bcsId 13.
2019-08-21 06:48:19,893 | INFO  | DNAudit | user=null | ip=null | op=CLOSE_CONTAINER {containerID=2} | ret=SUCCESS |  
2019-08-21 06:48:19,893 | INFO  | SCMAudit | user=jenkins1000 | ip=192.168.69.98 | op=SEND_HEARTBEAT {datanodeUUID=20fa16c8-b149-4c5b-b4f9-9fafb5a1985f, command=[]} | ret=SUCCESS |  
2019-08-21 06:48:19,894 [EventQueue-IncrementalContainerReportForIncrementalContainerReportHandler] INFO  container.IncrementalContainerReportHandler (AbstractContainerReportHandler.java:updateContainerState(176)) - Moving container #2 to CLOSED state, datanode 20fa16c8-b149-4c5b-b4f9-9fafb5a1985f{ip: 192.168.69.98, host: pr-hdds-1950-tl9pt-285257851, networkLocation: /default-rack, certSerialId: null} reported CLOSED replica.
2019-08-21 06:48:19,897 [RatisApplyTransactionExecutor 2] INFO  interfaces.Container (KeyValueContainer.java:compactDB(356)) - Container 2 is closed with bcsId 13.
2019-08-21 06:48:19,897 | INFO  | DNAudit | user=null | ip=null | op=CLOSE_CONTAINER {containerID=2} | ret=SUCCESS |  
2019-08-21 06:48:20,030 | INFO  | SCMAudit | user=jenkins1000 | ip=192.168.69.98 | op=SEND_HEARTBEAT {datanodeUUID=f6cbc464-63a1-4ed5-a6d3-94f3823a1413, command=[]} | ret=SUCCESS |  
2019-08-21 06:48:20,894 | INFO  | SCMAudit | user=jenkins1000 | ip=192.168.69.98 | op=SEND_HEARTBEAT {datanodeUUID=20fa16c8-b149-4c5b-b4f9-9fafb5a1985f, command=[]} | ret=SUCCESS |  
2019-08-21 06:48:21,030 | INFO  | SCMAudit | user=jenkins1000 | ip=192.168.69.98 | op=SEND_HEARTBEAT {datanodeUUID=f6cbc464-63a1-4ed5-a6d3-94f3823a1413, command=[]} | ret=SUCCESS |  
2019-08-21 06:48:21,084 [grpc-default-executor-5] WARN  server.GrpcLogAppender (LogUtils.java:warn(134)) - f6cbc464-63a1-4ed5-a6d3-94f3823a1413->7a757e68-43af-46dc-b069-47da6fb40a41: Failed appendEntries: org.apache.ratis.thirdparty.io.grpc.StatusRuntimeException: UNAVAILABLE: io exception
2019-08-21 06:48:21,084 [grpc-default-executor-11] WARN  server.GrpcLogAppender (LogUtils.java:warn(134)) - f6cbc464-63a1-4ed5-a6d3-94f3823a1413->eea1d4b5-a777-41a4-8ddf-56dc853fc369: Failed appendEntries: org.apache.ratis.thirdparty.io.grpc.StatusRuntimeException: UNAVAILABLE: io exception
2019-08-21 06:48:21,084 [grpc-default-executor-5] INFO  impl.FollowerInfo (FollowerInfo.java:lambda$new$0(50)) - f6cbc464-63a1-4ed5-a6d3-94f3823a1413->7a757e68-43af-46dc-b069-47da6fb40a41: nextIndex: updateUnconditionally 17 -> 16
2019-08-21 06:48:21,085 [grpc-default-executor-11] INFO  impl.FollowerInfo (FollowerInfo.java:lambda$new$0(50)) - f6cbc464-63a1-4ed5-a6d3-94f3823a1413->eea1d4b5-a777-41a4-8ddf-56dc853fc369: nextIndex: updateUnconditionally 0 -> 0
2019-08-21 06:48:21,893 | INFO  | SCMAudit | user=jenkins1000 | ip=192.168.69.98 | op=SEND_HEARTBEAT {datanodeUUID=20fa16c8-b149-4c5b-b4f9-9fafb5a1985f, command=[]} | ret=SUCCESS |  
2019-08-21 06:48:22,030 | INFO  | SCMAudit | user=jenkins1000 | ip=192.168.69.98 | op=SEND_HEARTBEAT {datanodeUUID=f6cbc464-63a1-4ed5-a6d3-94f3823a1413, command=[]} | ret=SUCCESS |  
2019-08-21 06:48:22,342 [grpc-default-executor-10] WARN  server.GrpcLogAppender (LogUtils.java:warn(134)) - 20fa16c8-b149-4c5b-b4f9-9fafb5a1985f->9ffd4868-4ba9-44e7-9a03-c837b7b77730: Failed appendEntries: org.apache.ratis.thirdparty.io.grpc.StatusRuntimeException: UNAVAILABLE: io exception
2019-08-21 06:48:22,342 [grpc-default-executor-10] INFO  impl.FollowerInfo (FollowerInfo.java:lambda$new$0(50)) - 20fa16c8-b149-4c5b-b4f9-9fafb5a1985f->9ffd4868-4ba9-44e7-9a03-c837b7b77730: nextIndex: updateUnconditionally 14 -> 13
2019-08-21 06:48:22,679 [EventQueue-StaleNodeForStaleNodeHandler] INFO  node.StaleNodeHandler (StaleNodeHandler.java:onMessage(58)) - Datanode 4e78e98f-ea0c-4fff-97d6-9ba7960c8323{ip: 192.168.69.98, host: pr-hdds-1950-tl9pt-285257851, networkLocation: /default-rack, certSerialId: null} moved to stale state. Finalizing its pipelines [PipelineID=816b3413-2de4-4168-85c2-382e06dfb191, PipelineID=2440b74c-9054-4ffb-afb0-a1e08738a272]
2019-08-21 06:48:22,679 [EventQueue-StaleNodeForStaleNodeHandler] INFO  pipeline.SCMPipelineManager (SCMPipelineManager.java:finalizeAndDestroyPipeline(309)) - destroying pipeline:Pipeline[ Id: 816b3413-2de4-4168-85c2-382e06dfb191, Nodes: 4e78e98f-ea0c-4fff-97d6-9ba7960c8323{ip: 192.168.69.98, host: pr-hdds-1950-tl9pt-285257851, networkLocation: /default-rack, certSerialId: null}, Type:RATIS, Factor:ONE, State:OPEN]
2019-08-21 06:48:22,679 [EventQueue-StaleNodeForStaleNodeHandler] INFO  pipeline.PipelineStateManager (PipelineStateManager.java:finalizePipeline(123)) - Pipeline Pipeline[ Id: 816b3413-2de4-4168-85c2-382e06dfb191, Nodes: 4e78e98f-ea0c-4fff-97d6-9ba7960c8323{ip: 192.168.69.98, host: pr-hdds-1950-tl9pt-285257851, networkLocation: /default-rack, certSerialId: null}, Type:RATIS, Factor:ONE, State:CLOSED] moved to CLOSED state
2019-08-21 06:48:22,679 [EventQueue-StaleNodeForStaleNodeHandler] INFO  pipeline.SCMPipelineManager (SCMPipelineManager.java:finalizeAndDestroyPipeline(309)) - destroying pipeline:Pipeline[ Id: 2440b74c-9054-4ffb-afb0-a1e08738a272, Nodes: 9ffd4868-4ba9-44e7-9a03-c837b7b77730{ip: 192.168.69.98, host: pr-hdds-1950-tl9pt-285257851, networkLocation: /default-rack, certSerialId: null}20fa16c8-b149-4c5b-b4f9-9fafb5a1985f{ip: 192.168.69.98, host: pr-hdds-1950-tl9pt-285257851, networkLocation: /default-rack, certSerialId: null}4e78e98f-ea0c-4fff-97d6-9ba7960c8323{ip: 192.168.69.98, host: pr-hdds-1950-tl9pt-285257851, networkLocation: /default-rack, certSerialId: null}, Type:RATIS, Factor:THREE, State:CLOSED]
2019-08-21 06:48:22,893 | INFO  | SCMAudit | user=jenkins1000 | ip=192.168.69.98 | op=SEND_HEARTBEAT {datanodeUUID=20fa16c8-b149-4c5b-b4f9-9fafb5a1985f, command=[]} | ret=SUCCESS |  
2019-08-21 06:48:23,030 | INFO  | SCMAudit | user=jenkins1000 | ip=192.168.69.98 | op=SEND_HEARTBEAT {datanodeUUID=f6cbc464-63a1-4ed5-a6d3-94f3823a1413, command=[]} | ret=SUCCESS |  
2019-08-21 06:48:23,180 [EventQueue-StaleNodeForStaleNodeHandler] INFO  node.StaleNodeHandler (StaleNodeHandler.java:onMessage(58)) - Datanode 2440a51f-3981-4500-9b25-8137dd33ecb0{ip: 192.168.69.98, host: pr-hdds-1950-tl9pt-285257851, networkLocation: /default-rack, certSerialId: null} moved to stale state. Finalizing its pipelines [PipelineID=bf174057-3bfe-4127-bddb-6a85dfbf086b]
2019-08-21 06:48:23,180 [EventQueue-StaleNodeForStaleNodeHandler] INFO  pipeline.SCMPipelineManager (SCMPipelineManager.java:finalizeAndDestroyPipeline(309)) - destroying pipeline:Pipeline[ Id: bf174057-3bfe-4127-bddb-6a85dfbf086b, Nodes: 2440a51f-3981-4500-9b25-8137dd33ecb0{ip: 192.168.69.98, host: pr-hdds-1950-tl9pt-285257851, networkLocation: /default-rack, certSerialId: null}, Type:RATIS, Factor:ONE, State:OPEN]
2019-08-21 06:48:23,180 [EventQueue-StaleNodeForStaleNodeHandler] INFO  pipeline.PipelineStateManager (PipelineStateManager.java:finalizePipeline(123)) - Pipeline Pipeline[ Id: bf174057-3bfe-4127-bddb-6a85dfbf086b, Nodes: 2440a51f-3981-4500-9b25-8137dd33ecb0{ip: 192.168.69.98, host: pr-hdds-1950-tl9pt-285257851, networkLocation: /default-rack, certSerialId: null}, Type:RATIS, Factor:ONE, State:CLOSED] moved to CLOSED state
2019-08-21 06:48:23,334 [main] INFO  ozoneimpl.OzoneContainer (OzoneContainer.java:stop(199)) - Attempting to stop container services.
2019-08-21 06:48:23,335 [main] INFO  impl.RaftServerProxy (RaftServerProxy.java:lambda$close$4(314)) - 4e78e98f-ea0c-4fff-97d6-9ba7960c8323: close
2019-08-21 06:48:23,335 [main] INFO  impl.RaftServerImpl (RaftServerImpl.java:lambda$shutdown$3(245)) - 4e78e98f-ea0c-4fff-97d6-9ba7960c8323: shutdown group-382E06DFB191
2019-08-21 06:48:23,336 [main] INFO  util.JmxRegister (JmxRegister.java:unregister(73)) - Successfully un-registered JMX Bean with object name Ratis:service=RaftServer,group=group-382E06DFB191,id=4e78e98f-ea0c-4fff-97d6-9ba7960c8323
2019-08-21 06:48:23,336 [main] INFO  impl.RoleInfo (RoleInfo.java:shutdownLeaderState(104)) - 4e78e98f-ea0c-4fff-97d6-9ba7960c8323: shutdown LeaderState
2019-08-21 06:48:23,336 [main] INFO  impl.PendingRequests (PendingRequests.java:sendNotLeaderResponses(202)) - 4e78e98f-ea0c-4fff-97d6-9ba7960c8323-PendingRequests: sendNotLeaderResponses
2019-08-21 06:48:23,337 [main] INFO  impl.StateMachineUpdater (StateMachineUpdater.java:stopAndJoin(115)) - StateMachineUpdater:4e78e98f-ea0c-4fff-97d6-9ba7960c8323:group-382E06DFB191: set stopIndex = 0
2019-08-21 06:48:23,337 [ForkJoinPool.commonPool-worker-0] INFO  ozoneimpl.OzoneContainer (OzoneContainer.java:stop(199)) - Attempting to stop container services.
2019-08-21 06:48:23,337 [main] INFO  impl.RaftServerImpl (ServerState.java:close(394)) - 4e78e98f-ea0c-4fff-97d6-9ba7960c8323:group-382E06DFB191 closes. The last applied log index is 0
2019-08-21 06:48:23,338 [ForkJoinPool.commonPool-worker-0] INFO  impl.RaftServerProxy (RaftServerProxy.java:lambda$close$4(314)) - 2440a51f-3981-4500-9b25-8137dd33ecb0: close
2019-08-21 06:48:23,338 [4e78e98f-ea0c-4fff-97d6-9ba7960c8323-SegmentedRaftLogWorker:Storage Directory /workdir/hadoop-ozone/integration-test/target/test-dir/MiniOzoneClusterImpl-9ea4e631-3cec-4bad-b090-c72c63c3b0a9/datanode-3/data/ratis/816b3413-2de4-4168-85c2-382e06dfb191] INFO  segmented.SegmentedRaftLogWorker (SegmentedRaftLogWorker.java:run(313)) - 4e78e98f-ea0c-4fff-97d6-9ba7960c8323-SegmentedRaftLogWorker:Storage Directory /workdir/hadoop-ozone/integration-test/target/test-dir/MiniOzoneClusterImpl-9ea4e631-3cec-4bad-b090-c72c63c3b0a9/datanode-3/data/ratis/816b3413-2de4-4168-85c2-382e06dfb191 was interrupted, exiting. There are 0 tasks remaining in the queue.
2019-08-21 06:48:23,338 [ForkJoinPool.commonPool-worker-0] INFO  impl.RaftServerImpl (RaftServerImpl.java:lambda$shutdown$3(245)) - 2440a51f-3981-4500-9b25-8137dd33ecb0: shutdown group-6A85DFBF086B
2019-08-21 06:48:23,340 [main] INFO  segmented.SegmentedRaftLogWorker (SegmentedRaftLogWorker.java:close(228)) - 4e78e98f-ea0c-4fff-97d6-9ba7960c8323-SegmentedRaftLogWorker:Storage Directory /workdir/hadoop-ozone/integration-test/target/test-dir/MiniOzoneClusterImpl-9ea4e631-3cec-4bad-b090-c72c63c3b0a9/datanode-3/data/ratis/816b3413-2de4-4168-85c2-382e06dfb191 close()
2019-08-21 06:48:23,340 [ForkJoinPool.commonPool-worker-0] INFO  util.JmxRegister (JmxRegister.java:unregister(73)) - Successfully un-registered JMX Bean with object name Ratis:service=RaftServer,group=group-6A85DFBF086B,id=2440a51f-3981-4500-9b25-8137dd33ecb0
2019-08-21 06:48:23,342 [main] INFO  impl.RaftServerImpl (RaftServerImpl.java:lambda$shutdown$3(245)) - 4e78e98f-ea0c-4fff-97d6-9ba7960c8323: shutdown group-A1E08738A272
2019-08-21 06:48:23,342 [ForkJoinPool.commonPool-worker-0] INFO  impl.RoleInfo (RoleInfo.java:shutdownLeaderState(104)) - 2440a51f-3981-4500-9b25-8137dd33ecb0: shutdown LeaderState
2019-08-21 06:48:23,343 [main] INFO  util.JmxRegister (JmxRegister.java:unregister(73)) - Successfully un-registered JMX Bean with object name Ratis:service=RaftServer,group=group-A1E08738A272,id=4e78e98f-ea0c-4fff-97d6-9ba7960c8323
2019-08-21 06:48:23,343 [ForkJoinPool.commonPool-worker-0] INFO  impl.PendingRequests (PendingRequests.java:sendNotLeaderResponses(202)) - 2440a51f-3981-4500-9b25-8137dd33ecb0-PendingRequests: sendNotLeaderResponses
2019-08-21 06:48:23,343 [main] INFO  impl.RoleInfo (RoleInfo.java:shutdownFollowerState(121)) - 4e78e98f-ea0c-4fff-97d6-9ba7960c8323: shutdown FollowerState
2019-08-21 06:48:23,343 [ForkJoinPool.commonPool-worker-0] INFO  impl.StateMachineUpdater (StateMachineUpdater.java:stopAndJoin(115)) - StateMachineUpdater:2440a51f-3981-4500-9b25-8137dd33ecb0:group-6A85DFBF086B: set stopIndex = 0
2019-08-21 06:48:23,344 [Thread-3604] INFO  impl.FollowerState (FollowerState.java:run(114)) - 4e78e98f-ea0c-4fff-97d6-9ba7960c8323: FollowerState was interrupted: java.lang.InterruptedException: sleep interrupted
2019-08-21 06:48:23,344 [StateMachineUpdater:4e78e98f-ea0c-4fff-97d6-9ba7960c8323:group-A1E08738A272] INFO  ratis.ContainerStateMachine (ContainerStateMachine.java:takeSnapshot(283)) - group-A1E08738A272: Taking a snapshot at:(t:1, i:16) file /workdir/hadoop-ozone/integration-test/target/test-dir/MiniOzoneClusterImpl-9ea4e631-3cec-4bad-b090-c72c63c3b0a9/datanode-3/data/ratis/2440b74c-9054-4ffb-afb0-a1e08738a272/sm/snapshot.1_16
2019-08-21 06:48:23,344 [main] INFO  impl.StateMachineUpdater (StateMachineUpdater.java:stopAndJoin(115)) - StateMachineUpdater:4e78e98f-ea0c-4fff-97d6-9ba7960c8323:group-A1E08738A272: set stopIndex = 17
2019-08-21 06:48:23,344 [ForkJoinPool.commonPool-worker-0] INFO  impl.RaftServerImpl (ServerState.java:close(394)) - 2440a51f-3981-4500-9b25-8137dd33ecb0:group-6A85DFBF086B closes. The last applied log index is 0
2019-08-21 06:48:23,346 [2440a51f-3981-4500-9b25-8137dd33ecb0-SegmentedRaftLogWorker:Storage Directory /workdir/hadoop-ozone/integration-test/target/test-dir/MiniOzoneClusterImpl-9ea4e631-3cec-4bad-b090-c72c63c3b0a9/datanode-0/data/ratis/bf174057-3bfe-4127-bddb-6a85dfbf086b] INFO  segmented.SegmentedRaftLogWorker (SegmentedRaftLogWorker.java:run(313)) - 2440a51f-3981-4500-9b25-8137dd33ecb0-SegmentedRaftLogWorker:Storage Directory /workdir/hadoop-ozone/integration-test/target/test-dir/MiniOzoneClusterImpl-9ea4e631-3cec-4bad-b090-c72c63c3b0a9/datanode-0/data/ratis/bf174057-3bfe-4127-bddb-6a85dfbf086b was interrupted, exiting. There are 0 tasks remaining in the queue.
2019-08-21 06:48:23,347 [ForkJoinPool.commonPool-worker-0] INFO  segmented.SegmentedRaftLogWorker (SegmentedRaftLogWorker.java:close(228)) - 2440a51f-3981-4500-9b25-8137dd33ecb0-SegmentedRaftLogWorker:Storage Directory /workdir/hadoop-ozone/integration-test/target/test-dir/MiniOzoneClusterImpl-9ea4e631-3cec-4bad-b090-c72c63c3b0a9/datanode-0/data/ratis/bf174057-3bfe-4127-bddb-6a85dfbf086b close()
2019-08-21 06:48:23,349 [ForkJoinPool.commonPool-worker-0] INFO  server.GrpcService (GrpcService.java:closeImpl(155)) - 2440a51f-3981-4500-9b25-8137dd33ecb0: shutdown server with port 43960 now
2019-08-21 06:48:23,354 [ForkJoinPool.commonPool-worker-0] INFO  server.GrpcService (GrpcService.java:closeImpl(163)) - 2440a51f-3981-4500-9b25-8137dd33ecb0: shutdown server with port 43960 successfully
2019-08-21 06:48:23,355 [ForkJoinPool.commonPool-worker-0] INFO  utils.BackgroundService (BackgroundService.java:shutdown(148)) - Shutting down service BlockDeletingService
2019-08-21 06:48:23,356 [refreshUsed-/workdir/hadoop-ozone/integration-test/target/test-dir/MiniOzoneClusterImpl-9ea4e631-3cec-4bad-b090-c72c63c3b0a9/datanode-0/data/containers] WARN  fs.CachingGetSpaceUsed (CachingGetSpaceUsed.java:run(183)) - Thread Interrupted waiting to refresh disk information: sleep interrupted
2019-08-21 06:48:23,371 [ForkJoinPool.commonPool-worker-0] INFO  statemachine.DatanodeStateMachine (DatanodeStateMachine.java:stopDaemon(395)) - Ozone container server stopped.
2019-08-21 06:48:23,375 [ForkJoinPool.commonPool-worker-0] INFO  handler.ContextHandler (ContextHandler.java:doStop(910)) - Stopped o.e.j.w.WebAppContext@5dc218e2{/,null,UNAVAILABLE}{/hddsDatanode}
2019-08-21 06:48:23,376 [ForkJoinPool.commonPool-worker-0] INFO  server.AbstractConnector (AbstractConnector.java:doStop(318)) - Stopped ServerConnector@11d474a{HTTP/1.1,[http/1.1]}{0.0.0.0:0}
2019-08-21 06:48:23,377 [ForkJoinPool.commonPool-worker-0] INFO  handler.ContextHandler (ContextHandler.java:doStop(910)) - Stopped o.e.j.s.ServletContextHandler@77eb0e47{/static,jar:file:/home/user/.m2/repository/org/apache/hadoop/hadoop-hdds-container-service/0.5.0-SNAPSHOT/hadoop-hdds-container-service-0.5.0-SNAPSHOT.jar!/webapps/static,UNAVAILABLE}
2019-08-21 06:48:23,378 [ForkJoinPool.commonPool-worker-0] INFO  handler.ContextHandler (ContextHandler.java:doStop(910)) - Stopped o.e.j.s.ServletContextHandler@628d6320{/logs,file:///workdir/hadoop-ozone/integration-test/target/log,UNAVAILABLE}
2019-08-21 06:48:23,379 [ForkJoinPool.commonPool-worker-0] INFO  datanode.ObjectStoreHandler (ObjectStoreHandler.java:close(155)) - Closing ObjectStoreHandler.
2019-08-21 06:48:23,379 [ForkJoinPool.commonPool-worker-0] INFO  ozone.HddsDatanodeService (HddsDatanodeService.java:stop(451)) - Stopped plug-in org.apache.hadoop.ozone.web.OzoneHddsDatanodeService@57fd3b57
2019-08-21 06:48:23,580 [StateMachineUpdater:4e78e98f-ea0c-4fff-97d6-9ba7960c8323:group-A1E08738A272] INFO  ratis.ContainerStateMachine (ContainerStateMachine.java:takeSnapshot(294)) - group-A1E08738A272: Finished taking a snapshot at:(t:1, i:16) file:/workdir/hadoop-ozone/integration-test/target/test-dir/MiniOzoneClusterImpl-9ea4e631-3cec-4bad-b090-c72c63c3b0a9/datanode-3/data/ratis/2440b74c-9054-4ffb-afb0-a1e08738a272/sm/snapshot.1_16 time:237
2019-08-21 06:48:23,580 [StateMachineUpdater:4e78e98f-ea0c-4fff-97d6-9ba7960c8323:group-A1E08738A272] INFO  impl.StateMachineUpdater (StateMachineUpdater.java:takeSnapshot(242)) - StateMachineUpdater:4e78e98f-ea0c-4fff-97d6-9ba7960c8323:group-A1E08738A272: Took a snapshot at index 16
2019-08-21 06:48:23,580 [StateMachineUpdater:4e78e98f-ea0c-4fff-97d6-9ba7960c8323:group-A1E08738A272] INFO  impl.StateMachineUpdater (StateMachineUpdater.java:lambda$new$0(80)) - StateMachineUpdater:4e78e98f-ea0c-4fff-97d6-9ba7960c8323:group-A1E08738A272: snapshotIndex: updateIncreasingly -1 -> 16
2019-08-21 06:48:23,581 [main] INFO  impl.RaftServerImpl (ServerState.java:close(394)) - 4e78e98f-ea0c-4fff-97d6-9ba7960c8323:group-A1E08738A272 closes. The last applied log index is 17
2019-08-21 06:48:23,581 [4e78e98f-ea0c-4fff-97d6-9ba7960c8323-SegmentedRaftLogWorker:Storage Directory /workdir/hadoop-ozone/integration-test/target/test-dir/MiniOzoneClusterImpl-9ea4e631-3cec-4bad-b090-c72c63c3b0a9/datanode-3/data/ratis/2440b74c-9054-4ffb-afb0-a1e08738a272] INFO  segmented.SegmentedRaftLogWorker (SegmentedRaftLogWorker.java:run(313)) - 4e78e98f-ea0c-4fff-97d6-9ba7960c8323-SegmentedRaftLogWorker:Storage Directory /workdir/hadoop-ozone/integration-test/target/test-dir/MiniOzoneClusterImpl-9ea4e631-3cec-4bad-b090-c72c63c3b0a9/datanode-3/data/ratis/2440b74c-9054-4ffb-afb0-a1e08738a272 was interrupted, exiting. There are 0 tasks remaining in the queue.
2019-08-21 06:48:23,583 [main] INFO  segmented.SegmentedRaftLogWorker (SegmentedRaftLogWorker.java:close(228)) - 4e78e98f-ea0c-4fff-97d6-9ba7960c8323-SegmentedRaftLogWorker:Storage Directory /workdir/hadoop-ozone/integration-test/target/test-dir/MiniOzoneClusterImpl-9ea4e631-3cec-4bad-b090-c72c63c3b0a9/datanode-3/data/ratis/2440b74c-9054-4ffb-afb0-a1e08738a272 close()
2019-08-21 06:48:23,585 [main] INFO  server.GrpcService (GrpcService.java:closeImpl(155)) - 4e78e98f-ea0c-4fff-97d6-9ba7960c8323: shutdown server with port 36424 now
2019-08-21 06:48:23,586 [grpc-default-executor-4] WARN  server.GrpcLogAppender (LogUtils.java:warn(134)) - f6cbc464-63a1-4ed5-a6d3-94f3823a1413->eea1d4b5-a777-41a4-8ddf-56dc853fc369: Failed appendEntries: org.apache.ratis.thirdparty.io.grpc.StatusRuntimeException: UNAVAILABLE: io exception
2019-08-21 06:48:23,586 [main] INFO  server.GrpcService (GrpcService.java:closeImpl(163)) - 4e78e98f-ea0c-4fff-97d6-9ba7960c8323: shutdown server with port 36424 successfully
2019-08-21 06:48:23,586 [grpc-default-executor-4] INFO  impl.FollowerInfo (FollowerInfo.java:lambda$new$0(50)) - f6cbc464-63a1-4ed5-a6d3-94f3823a1413->eea1d4b5-a777-41a4-8ddf-56dc853fc369: nextIndex: updateUnconditionally 0 -> 0
2019-08-21 06:48:23,586 [grpc-default-executor-11] WARN  server.GrpcLogAppender (LogUtils.java:warn(134)) - 20fa16c8-b149-4c5b-b4f9-9fafb5a1985f->4e78e98f-ea0c-4fff-97d6-9ba7960c8323: Failed appendEntries: org.apache.ratis.thirdparty.io.grpc.StatusRuntimeException: CANCELLED: HTTP/2 error code: CANCEL
Received Rst Stream
2019-08-21 06:48:23,586 [grpc-default-executor-9] WARN  server.GrpcServerProtocolService (LogUtils.java:warn(134)) - 4e78e98f-ea0c-4fff-97d6-9ba7960c8323: appendEntries onError: org.apache.ratis.thirdparty.io.grpc.StatusRuntimeException: CANCELLED: cancelled before receiving half close
2019-08-21 06:48:23,586 [grpc-default-executor-10] WARN  server.GrpcLogAppender (LogUtils.java:warn(134)) - f6cbc464-63a1-4ed5-a6d3-94f3823a1413->7a757e68-43af-46dc-b069-47da6fb40a41: Failed appendEntries: org.apache.ratis.thirdparty.io.grpc.StatusRuntimeException: UNAVAILABLE: io exception
2019-08-21 06:48:23,586 [grpc-default-executor-11] INFO  impl.FollowerInfo (FollowerInfo.java:lambda$new$0(50)) - 20fa16c8-b149-4c5b-b4f9-9fafb5a1985f->4e78e98f-ea0c-4fff-97d6-9ba7960c8323: nextIndex: updateUnconditionally 18 -> 17
2019-08-21 06:48:23,587 [grpc-default-executor-10] INFO  impl.FollowerInfo (FollowerInfo.java:lambda$new$0(50)) - f6cbc464-63a1-4ed5-a6d3-94f3823a1413->7a757e68-43af-46dc-b069-47da6fb40a41: nextIndex: updateUnconditionally 16 -> 15
2019-08-21 06:48:23,587 [main] INFO  utils.BackgroundService (BackgroundService.java:shutdown(148)) - Shutting down service BlockDeletingService
2019-08-21 06:48:23,589 [refreshUsed-/workdir/hadoop-ozone/integration-test/target/test-dir/MiniOzoneClusterImpl-9ea4e631-3cec-4bad-b090-c72c63c3b0a9/datanode-3/data/containers] WARN  fs.CachingGetSpaceUsed (CachingGetSpaceUsed.java:run(183)) - Thread Interrupted waiting to refresh disk information: sleep interrupted
2019-08-21 06:48:23,601 [main] INFO  statemachine.DatanodeStateMachine (DatanodeStateMachine.java:stopDaemon(395)) - Ozone container server stopped.
2019-08-21 06:48:23,602 [main] INFO  handler.ContextHandler (ContextHandler.java:doStop(910)) - Stopped o.e.j.w.WebAppContext@3c48bbf3{/,null,UNAVAILABLE}{/hddsDatanode}
2019-08-21 06:48:23,603 [main] INFO  server.AbstractConnector (AbstractConnector.java:doStop(318)) - Stopped ServerConnector@4ac7927a{HTTP/1.1,[http/1.1]}{0.0.0.0:0}
2019-08-21 06:48:23,603 [main] INFO  handler.ContextHandler (ContextHandler.java:doStop(910)) - Stopped o.e.j.s.ServletContextHandler@58f05266{/static,jar:file:/home/user/.m2/repository/org/apache/hadoop/hadoop-hdds-container-service/0.5.0-SNAPSHOT/hadoop-hdds-container-service-0.5.0-SNAPSHOT.jar!/webapps/static,UNAVAILABLE}
2019-08-21 06:48:23,603 [main] INFO  handler.ContextHandler (ContextHandler.java:doStop(910)) - Stopped o.e.j.s.ServletContextHandler@7649d350{/logs,file:///workdir/hadoop-ozone/integration-test/target/log,UNAVAILABLE}
2019-08-21 06:48:23,604 [main] INFO  datanode.ObjectStoreHandler (ObjectStoreHandler.java:close(155)) - Closing ObjectStoreHandler.
2019-08-21 06:48:23,604 [main] INFO  ozone.HddsDatanodeService (HddsDatanodeService.java:stop(451)) - Stopped plug-in org.apache.hadoop.ozone.web.OzoneHddsDatanodeService@6f54d397
2019-08-21 06:48:23,892 [Datanode State Machine Thread - 0] INFO  statemachine.DatanodeStateMachine (DatanodeStateMachine.java:lambda$startDaemon$0(350)) - Ozone container server started.
2019-08-21 06:48:24,029 [Datanode State Machine Thread - 0] INFO  statemachine.DatanodeStateMachine (DatanodeStateMachine.java:lambda$startDaemon$0(350)) - Ozone container server started.
2019-08-21 06:48:24,843 [grpc-default-executor-9] WARN  server.GrpcLogAppender (LogUtils.java:warn(134)) - 20fa16c8-b149-4c5b-b4f9-9fafb5a1985f->9ffd4868-4ba9-44e7-9a03-c837b7b77730: Failed appendEntries: org.apache.ratis.thirdparty.io.grpc.StatusRuntimeException: UNAVAILABLE: io exception
2019-08-21 06:48:24,843 [grpc-default-executor-9] INFO  impl.FollowerInfo (FollowerInfo.java:lambda$new$0(50)) - 20fa16c8-b149-4c5b-b4f9-9fafb5a1985f->9ffd4868-4ba9-44e7-9a03-c837b7b77730: nextIndex: updateUnconditionally 13 -> 12
2019-08-21 06:48:24,843 [grpc-default-executor-11] WARN  server.GrpcLogAppender (LogUtils.java:warn(134)) - 20fa16c8-b149-4c5b-b4f9-9fafb5a1985f->4e78e98f-ea0c-4fff-97d6-9ba7960c8323: Failed appendEntries: org.apache.ratis.thirdparty.io.grpc.StatusRuntimeException: UNAVAILABLE: io exception
2019-08-21 06:48:24,844 [grpc-default-executor-11] INFO  impl.FollowerInfo (FollowerInfo.java:lambda$new$0(50)) - 20fa16c8-b149-4c5b-b4f9-9fafb5a1985f->4e78e98f-ea0c-4fff-97d6-9ba7960c8323: nextIndex: updateUnconditionally 17 -> 16
2019-08-21 06:48:26,085 [grpc-default-executor-10] WARN  server.GrpcLogAppender (LogUtils.java:warn(134)) - f6cbc464-63a1-4ed5-a6d3-94f3823a1413->eea1d4b5-a777-41a4-8ddf-56dc853fc369: Failed appendEntries: org.apache.ratis.thirdparty.io.grpc.StatusRuntimeException: UNAVAILABLE: io exception
2019-08-21 06:48:26,085 [grpc-default-executor-11] WARN  server.GrpcLogAppender (LogUtils.java:warn(134)) - f6cbc464-63a1-4ed5-a6d3-94f3823a1413->7a757e68-43af-46dc-b069-47da6fb40a41: Failed appendEntries: org.apache.ratis.thirdparty.io.grpc.StatusRuntimeException: UNAVAILABLE: io exception
2019-08-21 06:48:26,085 [grpc-default-executor-10] INFO  impl.FollowerInfo (FollowerInfo.java:lambda$new$0(50)) - f6cbc464-63a1-4ed5-a6d3-94f3823a1413->eea1d4b5-a777-41a4-8ddf-56dc853fc369: nextIndex: updateUnconditionally 0 -> 0
2019-08-21 06:48:26,086 [grpc-default-executor-11] INFO  impl.FollowerInfo (FollowerInfo.java:lambda$new$0(50)) - f6cbc464-63a1-4ed5-a6d3-94f3823a1413->7a757e68-43af-46dc-b069-47da6fb40a41: nextIndex: updateUnconditionally 15 -> 14
2019-08-21 06:48:27,344 [grpc-default-executor-5] WARN  server.GrpcLogAppender (LogUtils.java:warn(134)) - 20fa16c8-b149-4c5b-b4f9-9fafb5a1985f->9ffd4868-4ba9-44e7-9a03-c837b7b77730: Failed appendEntries: org.apache.ratis.thirdparty.io.grpc.StatusRuntimeException: UNAVAILABLE: io exception
2019-08-21 06:48:27,344 [grpc-default-executor-12] WARN  server.GrpcLogAppender (LogUtils.java:warn(134)) - 20fa16c8-b149-4c5b-b4f9-9fafb5a1985f->4e78e98f-ea0c-4fff-97d6-9ba7960c8323: Failed appendEntries: org.apache.ratis.thirdparty.io.grpc.StatusRuntimeException: UNAVAILABLE: io exception
2019-08-21 06:48:27,344 [grpc-default-executor-5] INFO  impl.FollowerInfo (FollowerInfo.java:lambda$new$0(50)) - 20fa16c8-b149-4c5b-b4f9-9fafb5a1985f->9ffd4868-4ba9-44e7-9a03-c837b7b77730: nextIndex: updateUnconditionally 12 -> 11
2019-08-21 06:48:27,345 [grpc-default-executor-12] INFO  impl.FollowerInfo (FollowerInfo.java:lambda$new$0(50)) - 20fa16c8-b149-4c5b-b4f9-9fafb5a1985f->4e78e98f-ea0c-4fff-97d6-9ba7960c8323: nextIndex: updateUnconditionally 16 -> 15
2019-08-21 06:48:27,986 [EventQueue-StaleNodeForStaleNodeHandler] INFO  node.StaleNodeHandler (StaleNodeHandler.java:onMessage(58)) - Datanode 20fa16c8-b149-4c5b-b4f9-9fafb5a1985f{ip: 192.168.69.98, host: pr-hdds-1950-tl9pt-285257851, networkLocation: /default-rack, certSerialId: null} moved to stale state. Finalizing its pipelines [PipelineID=2440b74c-9054-4ffb-afb0-a1e08738a272, PipelineID=f09a5e61-bc58-4491-8b3b-d1f116061c65]
2019-08-21 06:48:27,986 [EventQueue-StaleNodeForStaleNodeHandler] INFO  pipeline.SCMPipelineManager (SCMPipelineManager.java:finalizeAndDestroyPipeline(309)) - destroying pipeline:Pipeline[ Id: 2440b74c-9054-4ffb-afb0-a1e08738a272, Nodes: 9ffd4868-4ba9-44e7-9a03-c837b7b77730{ip: 192.168.69.98, host: pr-hdds-1950-tl9pt-285257851, networkLocation: /default-rack, certSerialId: null}20fa16c8-b149-4c5b-b4f9-9fafb5a1985f{ip: 192.168.69.98, host: pr-hdds-1950-tl9pt-285257851, networkLocation: /default-rack, certSerialId: null}4e78e98f-ea0c-4fff-97d6-9ba7960c8323{ip: 192.168.69.98, host: pr-hdds-1950-tl9pt-285257851, networkLocation: /default-rack, certSerialId: null}, Type:RATIS, Factor:THREE, State:CLOSED]
2019-08-21 06:48:27,986 [EventQueue-StaleNodeForStaleNodeHandler] INFO  pipeline.SCMPipelineManager (SCMPipelineManager.java:finalizeAndDestroyPipeline(309)) - destroying pipeline:Pipeline[ Id: f09a5e61-bc58-4491-8b3b-d1f116061c65, Nodes: 20fa16c8-b149-4c5b-b4f9-9fafb5a1985f{ip: 192.168.69.98, host: pr-hdds-1950-tl9pt-285257851, networkLocation: /default-rack, certSerialId: null}, Type:RATIS, Factor:ONE, State:OPEN]
2019-08-21 06:48:27,987 [EventQueue-StaleNodeForStaleNodeHandler] INFO  pipeline.PipelineStateManager (PipelineStateManager.java:finalizePipeline(123)) - Pipeline Pipeline[ Id: f09a5e61-bc58-4491-8b3b-d1f116061c65, Nodes: 20fa16c8-b149-4c5b-b4f9-9fafb5a1985f{ip: 192.168.69.98, host: pr-hdds-1950-tl9pt-285257851, networkLocation: /default-rack, certSerialId: null}, Type:RATIS, Factor:ONE, State:CLOSED] moved to CLOSED state
2019-08-21 06:48:28,086 [EventQueue-StaleNodeForStaleNodeHandler] INFO  node.StaleNodeHandler (StaleNodeHandler.java:onMessage(58)) - Datanode f6cbc464-63a1-4ed5-a6d3-94f3823a1413{ip: 192.168.69.98, host: pr-hdds-1950-tl9pt-285257851, networkLocation: /default-rack, certSerialId: null} moved to stale state. Finalizing its pipelines [PipelineID=06d8906b-adc0-4114-8504-8d6500fcb730, PipelineID=c82b467f-c4db-4396-863e-35c25930241e]
2019-08-21 06:48:28,087 [EventQueue-StaleNodeForStaleNodeHandler] INFO  pipeline.SCMPipelineManager (SCMPipelineManager.java:finalizeAndDestroyPipeline(309)) - destroying pipeline:Pipeline[ Id: 06d8906b-adc0-4114-8504-8d6500fcb730, Nodes: f6cbc464-63a1-4ed5-a6d3-94f3823a1413{ip: 192.168.69.98, host: pr-hdds-1950-tl9pt-285257851, networkLocation: /default-rack, certSerialId: null}, Type:RATIS, Factor:ONE, State:OPEN]
2019-08-21 06:48:28,087 [EventQueue-StaleNodeForStaleNodeHandler] INFO  pipeline.PipelineStateManager (PipelineStateManager.java:finalizePipeline(123)) - Pipeline Pipeline[ Id: 06d8906b-adc0-4114-8504-8d6500fcb730, Nodes: f6cbc464-63a1-4ed5-a6d3-94f3823a1413{ip: 192.168.69.98, host: pr-hdds-1950-tl9pt-285257851, networkLocation: /default-rack, certSerialId: null}, Type:RATIS, Factor:ONE, State:CLOSED] moved to CLOSED state
2019-08-21 06:48:28,087 [EventQueue-StaleNodeForStaleNodeHandler] INFO  pipeline.SCMPipelineManager (SCMPipelineManager.java:finalizeAndDestroyPipeline(309)) - destroying pipeline:Pipeline[ Id: c82b467f-c4db-4396-863e-35c25930241e, Nodes: eea1d4b5-a777-41a4-8ddf-56dc853fc369{ip: 192.168.69.98, host: pr-hdds-1950-tl9pt-285257851, networkLocation: /default-rack, certSerialId: null}f6cbc464-63a1-4ed5-a6d3-94f3823a1413{ip: 192.168.69.98, host: pr-hdds-1950-tl9pt-285257851, networkLocation: /default-rack, certSerialId: null}7a757e68-43af-46dc-b069-47da6fb40a41{ip: 192.168.69.98, host: pr-hdds-1950-tl9pt-285257851, networkLocation: /default-rack, certSerialId: null}, Type:RATIS, Factor:THREE, State:CLOSED]
2019-08-21 06:48:28,380 [ForkJoinPool.commonPool-worker-0] INFO  ozoneimpl.OzoneContainer (OzoneContainer.java:stop(199)) - Attempting to stop container services.
2019-08-21 06:48:28,380 [ForkJoinPool.commonPool-worker-0] INFO  impl.RaftServerProxy (RaftServerProxy.java:lambda$close$4(314)) - f6cbc464-63a1-4ed5-a6d3-94f3823a1413: close
2019-08-21 06:48:28,381 [ForkJoinPool.commonPool-worker-0] INFO  impl.RaftServerImpl (RaftServerImpl.java:lambda$shutdown$3(245)) - f6cbc464-63a1-4ed5-a6d3-94f3823a1413: shutdown group-8D6500FCB730
2019-08-21 06:48:28,381 [ForkJoinPool.commonPool-worker-0] INFO  util.JmxRegister (JmxRegister.java:unregister(73)) - Successfully un-registered JMX Bean with object name Ratis:service=RaftServer,group=group-8D6500FCB730,id=f6cbc464-63a1-4ed5-a6d3-94f3823a1413
2019-08-21 06:48:28,381 [ForkJoinPool.commonPool-worker-0] INFO  impl.RoleInfo (RoleInfo.java:shutdownLeaderState(104)) - f6cbc464-63a1-4ed5-a6d3-94f3823a1413: shutdown LeaderState
2019-08-21 06:48:28,381 [ForkJoinPool.commonPool-worker-0] INFO  impl.PendingRequests (PendingRequests.java:sendNotLeaderResponses(202)) - f6cbc464-63a1-4ed5-a6d3-94f3823a1413-PendingRequests: sendNotLeaderResponses
2019-08-21 06:48:28,382 [ForkJoinPool.commonPool-worker-0] INFO  impl.StateMachineUpdater (StateMachineUpdater.java:stopAndJoin(115)) - StateMachineUpdater:f6cbc464-63a1-4ed5-a6d3-94f3823a1413:group-8D6500FCB730: set stopIndex = 0
2019-08-21 06:48:28,382 [ForkJoinPool.commonPool-worker-0] INFO  impl.RaftServerImpl (ServerState.java:close(394)) - f6cbc464-63a1-4ed5-a6d3-94f3823a1413:group-8D6500FCB730 closes. The last applied log index is 0
2019-08-21 06:48:28,382 [f6cbc464-63a1-4ed5-a6d3-94f3823a1413-SegmentedRaftLogWorker:Storage Directory /workdir/hadoop-ozone/integration-test/target/test-dir/MiniOzoneClusterImpl-9ea4e631-3cec-4bad-b090-c72c63c3b0a9/datanode-6/data/ratis/06d8906b-adc0-4114-8504-8d6500fcb730] INFO  segmented.SegmentedRaftLogWorker (SegmentedRaftLogWorker.java:run(313)) - f6cbc464-63a1-4ed5-a6d3-94f3823a1413-SegmentedRaftLogWorker:Storage Directory /workdir/hadoop-ozone/integration-test/target/test-dir/MiniOzoneClusterImpl-9ea4e631-3cec-4bad-b090-c72c63c3b0a9/datanode-6/data/ratis/06d8906b-adc0-4114-8504-8d6500fcb730 was interrupted, exiting. There are 0 tasks remaining in the queue.
2019-08-21 06:48:28,390 [ForkJoinPool.commonPool-worker-0] INFO  segmented.SegmentedRaftLogWorker (SegmentedRaftLogWorker.java:close(228)) - f6cbc464-63a1-4ed5-a6d3-94f3823a1413-SegmentedRaftLogWorker:Storage Directory /workdir/hadoop-ozone/integration-test/target/test-dir/MiniOzoneClusterImpl-9ea4e631-3cec-4bad-b090-c72c63c3b0a9/datanode-6/data/ratis/06d8906b-adc0-4114-8504-8d6500fcb730 close()
2019-08-21 06:48:28,391 [ForkJoinPool.commonPool-worker-0] INFO  impl.RaftServerImpl (RaftServerImpl.java:lambda$shutdown$3(245)) - f6cbc464-63a1-4ed5-a6d3-94f3823a1413: shutdown group-35C25930241E
2019-08-21 06:48:28,391 [ForkJoinPool.commonPool-worker-0] INFO  util.JmxRegister (JmxRegister.java:unregister(73)) - Successfully un-registered JMX Bean with object name Ratis:service=RaftServer,group=group-35C25930241E,id=f6cbc464-63a1-4ed5-a6d3-94f3823a1413
2019-08-21 06:48:28,392 [ForkJoinPool.commonPool-worker-0] INFO  impl.RoleInfo (RoleInfo.java:shutdownLeaderState(104)) - f6cbc464-63a1-4ed5-a6d3-94f3823a1413: shutdown LeaderState
2019-08-21 06:48:28,397 [ForkJoinPool.commonPool-worker-0] INFO  impl.PendingRequests (PendingRequests.java:sendNotLeaderResponses(202)) - f6cbc464-63a1-4ed5-a6d3-94f3823a1413-PendingRequests: sendNotLeaderResponses
2019-08-21 06:48:28,397 [org.apache.ratis.server.impl.LogAppender$AppenderDaemon$$Lambda$520/1595294732@4498f8d8] WARN  server.GrpcLogAppender (GrpcLogAppender.java:mayWait(143)) - GrpcLogAppender(f6cbc464-63a1-4ed5-a6d3-94f3823a1413->eea1d4b5-a777-41a4-8ddf-56dc853fc369): Wait interrupted by java.lang.InterruptedException
2019-08-21 06:48:28,397 [org.apache.ratis.server.impl.LogAppender$AppenderDaemon$$Lambda$520/1595294732@22dc29f2] WARN  server.GrpcLogAppender (GrpcLogAppender.java:mayWait(143)) - GrpcLogAppender(f6cbc464-63a1-4ed5-a6d3-94f3823a1413->7a757e68-43af-46dc-b069-47da6fb40a41): Wait interrupted by java.lang.InterruptedException
2019-08-21 06:48:28,397 [ForkJoinPool.commonPool-worker-0] INFO  impl.StateMachineUpdater (StateMachineUpdater.java:stopAndJoin(115)) - StateMachineUpdater:f6cbc464-63a1-4ed5-a6d3-94f3823a1413:group-35C25930241E: set stopIndex = 18
2019-08-21 06:48:28,397 [StateMachineUpdater:f6cbc464-63a1-4ed5-a6d3-94f3823a1413:group-35C25930241E] INFO  ratis.ContainerStateMachine (ContainerStateMachine.java:takeSnapshot(283)) - group-35C25930241E: Taking a snapshot at:(t:1, i:14) file /workdir/hadoop-ozone/integration-test/target/test-dir/MiniOzoneClusterImpl-9ea4e631-3cec-4bad-b090-c72c63c3b0a9/datanode-6/data/ratis/c82b467f-c4db-4396-863e-35c25930241e/sm/snapshot.1_14
2019-08-21 06:48:28,412 [StateMachineUpdater:f6cbc464-63a1-4ed5-a6d3-94f3823a1413:group-35C25930241E] INFO  ratis.ContainerStateMachine (ContainerStateMachine.java:takeSnapshot(294)) - group-35C25930241E: Finished taking a snapshot at:(t:1, i:14) file:/workdir/hadoop-ozone/integration-test/target/test-dir/MiniOzoneClusterImpl-9ea4e631-3cec-4bad-b090-c72c63c3b0a9/datanode-6/data/ratis/c82b467f-c4db-4396-863e-35c25930241e/sm/snapshot.1_14 time:14
2019-08-21 06:48:28,412 [StateMachineUpdater:f6cbc464-63a1-4ed5-a6d3-94f3823a1413:group-35C25930241E] INFO  impl.StateMachineUpdater (StateMachineUpdater.java:takeSnapshot(242)) - StateMachineUpdater:f6cbc464-63a1-4ed5-a6d3-94f3823a1413:group-35C25930241E: Took a snapshot at index 14
2019-08-21 06:48:28,412 [StateMachineUpdater:f6cbc464-63a1-4ed5-a6d3-94f3823a1413:group-35C25930241E] INFO  impl.StateMachineUpdater (StateMachineUpdater.java:lambda$new$0(80)) - StateMachineUpdater:f6cbc464-63a1-4ed5-a6d3-94f3823a1413:group-35C25930241E: snapshotIndex: updateIncreasingly -1 -> 14
2019-08-21 06:48:28,412 [ForkJoinPool.commonPool-worker-0] INFO  impl.RaftServerImpl (ServerState.java:close(394)) - f6cbc464-63a1-4ed5-a6d3-94f3823a1413:group-35C25930241E closes. The last applied log index is 18
2019-08-21 06:48:28,413 [f6cbc464-63a1-4ed5-a6d3-94f3823a1413-SegmentedRaftLogWorker:Storage Directory /workdir/hadoop-ozone/integration-test/target/test-dir/MiniOzoneClusterImpl-9ea4e631-3cec-4bad-b090-c72c63c3b0a9/datanode-6/data/ratis/c82b467f-c4db-4396-863e-35c25930241e] INFO  segmented.SegmentedRaftLogWorker (SegmentedRaftLogWorker.java:run(313)) - f6cbc464-63a1-4ed5-a6d3-94f3823a1413-SegmentedRaftLogWorker:Storage Directory /workdir/hadoop-ozone/integration-test/target/test-dir/MiniOzoneClusterImpl-9ea4e631-3cec-4bad-b090-c72c63c3b0a9/datanode-6/data/ratis/c82b467f-c4db-4396-863e-35c25930241e was interrupted, exiting. There are 0 tasks remaining in the queue.
2019-08-21 06:48:28,413 [ForkJoinPool.commonPool-worker-0] INFO  segmented.SegmentedRaftLogWorker (SegmentedRaftLogWorker.java:close(228)) - f6cbc464-63a1-4ed5-a6d3-94f3823a1413-SegmentedRaftLogWorker:Storage Directory /workdir/hadoop-ozone/integration-test/target/test-dir/MiniOzoneClusterImpl-9ea4e631-3cec-4bad-b090-c72c63c3b0a9/datanode-6/data/ratis/c82b467f-c4db-4396-863e-35c25930241e close()
2019-08-21 06:48:28,415 [ForkJoinPool.commonPool-worker-0] INFO  server.GrpcService (GrpcService.java:closeImpl(155)) - f6cbc464-63a1-4ed5-a6d3-94f3823a1413: shutdown server with port 33619 now
2019-08-21 06:48:28,416 [ForkJoinPool.commonPool-worker-0] INFO  server.GrpcService (GrpcService.java:closeImpl(163)) - f6cbc464-63a1-4ed5-a6d3-94f3823a1413: shutdown server with port 33619 successfully
2019-08-21 06:48:28,417 [ForkJoinPool.commonPool-worker-0] INFO  utils.BackgroundService (BackgroundService.java:shutdown(148)) - Shutting down service BlockDeletingService
2019-08-21 06:48:28,418 [refreshUsed-/workdir/hadoop-ozone/integration-test/target/test-dir/MiniOzoneClusterImpl-9ea4e631-3cec-4bad-b090-c72c63c3b0a9/datanode-6/data/containers] WARN  fs.CachingGetSpaceUsed (CachingGetSpaceUsed.java:run(183)) - Thread Interrupted waiting to refresh disk information: sleep interrupted
2019-08-21 06:48:28,433 [ForkJoinPool.commonPool-worker-0] INFO  statemachine.DatanodeStateMachine (DatanodeStateMachine.java:stopDaemon(395)) - Ozone container server stopped.
2019-08-21 06:48:28,440 [ForkJoinPool.commonPool-worker-0] INFO  handler.ContextHandler (ContextHandler.java:doStop(910)) - Stopped o.e.j.w.WebAppContext@415cb259{/,null,UNAVAILABLE}{/hddsDatanode}
2019-08-21 06:48:28,441 [ForkJoinPool.commonPool-worker-0] INFO  server.AbstractConnector (AbstractConnector.java:doStop(318)) - Stopped ServerConnector@3f1eb1bc{HTTP/1.1,[http/1.1]}{0.0.0.0:0}
2019-08-21 06:48:28,442 [ForkJoinPool.commonPool-worker-0] INFO  handler.ContextHandler (ContextHandler.java:doStop(910)) - Stopped o.e.j.s.ServletContextHandler@16c559c7{/static,jar:file:/home/user/.m2/repository/org/apache/hadoop/hadoop-hdds-container-service/0.5.0-SNAPSHOT/hadoop-hdds-container-service-0.5.0-SNAPSHOT.jar!/webapps/static,UNAVAILABLE}
2019-08-21 06:48:28,443 [ForkJoinPool.commonPool-worker-0] INFO  handler.ContextHandler (ContextHandler.java:doStop(910)) - Stopped o.e.j.s.ServletContextHandler@53b5356{/logs,file:///workdir/hadoop-ozone/integration-test/target/log,UNAVAILABLE}
2019-08-21 06:48:28,605 [main] INFO  ozoneimpl.OzoneContainer (OzoneContainer.java:stop(199)) - Attempting to stop container services.
2019-08-21 06:48:28,606 [main] INFO  impl.RaftServerProxy (RaftServerProxy.java:lambda$close$4(314)) - 20fa16c8-b149-4c5b-b4f9-9fafb5a1985f: close
2019-08-21 06:48:28,606 [main] INFO  impl.RaftServerImpl (RaftServerImpl.java:lambda$shutdown$3(245)) - 20fa16c8-b149-4c5b-b4f9-9fafb5a1985f: shutdown group-A1E08738A272
2019-08-21 06:48:28,607 [main] INFO  util.JmxRegister (JmxRegister.java:unregister(73)) - Successfully un-registered JMX Bean with object name Ratis:service=RaftServer,group=group-A1E08738A272,id=20fa16c8-b149-4c5b-b4f9-9fafb5a1985f
2019-08-21 06:48:28,607 [main] INFO  impl.RoleInfo (RoleInfo.java:shutdownLeaderState(104)) - 20fa16c8-b149-4c5b-b4f9-9fafb5a1985f: shutdown LeaderState
2019-08-21 06:48:28,608 [org.apache.ratis.server.impl.LogAppender$AppenderDaemon$$Lambda$520/1595294732@6935176f] WARN  server.GrpcLogAppender (GrpcLogAppender.java:mayWait(143)) - GrpcLogAppender(20fa16c8-b149-4c5b-b4f9-9fafb5a1985f->4e78e98f-ea0c-4fff-97d6-9ba7960c8323): Wait interrupted by java.lang.InterruptedException
2019-08-21 06:48:28,608 [main] INFO  impl.PendingRequests (PendingRequests.java:sendNotLeaderResponses(202)) - 20fa16c8-b149-4c5b-b4f9-9fafb5a1985f-PendingRequests: sendNotLeaderResponses
2019-08-21 06:48:28,608 [org.apache.ratis.server.impl.LogAppender$AppenderDaemon$$Lambda$520/1595294732@2c37842d] WARN  server.GrpcLogAppender (GrpcLogAppender.java:mayWait(143)) - GrpcLogAppender(20fa16c8-b149-4c5b-b4f9-9fafb5a1985f->9ffd4868-4ba9-44e7-9a03-c837b7b77730): Wait interrupted by java.lang.InterruptedException
2019-08-21 06:48:28,611 [main] INFO  impl.StateMachineUpdater (StateMachineUpdater.java:stopAndJoin(115)) - StateMachineUpdater:20fa16c8-b149-4c5b-b4f9-9fafb5a1985f:group-A1E08738A272: set stopIndex = 17
2019-08-21 06:48:28,611 [StateMachineUpdater:20fa16c8-b149-4c5b-b4f9-9fafb5a1985f:group-A1E08738A272] INFO  ratis.ContainerStateMachine (ContainerStateMachine.java:takeSnapshot(283)) - group-A1E08738A272: Taking a snapshot at:(t:1, i:17) file /workdir/hadoop-ozone/integration-test/target/test-dir/MiniOzoneClusterImpl-9ea4e631-3cec-4bad-b090-c72c63c3b0a9/datanode-5/data/ratis/2440b74c-9054-4ffb-afb0-a1e08738a272/sm/snapshot.1_17
2019-08-21 06:48:28,628 [StateMachineUpdater:20fa16c8-b149-4c5b-b4f9-9fafb5a1985f:group-A1E08738A272] INFO  ratis.ContainerStateMachine (ContainerStateMachine.java:takeSnapshot(294)) - group-A1E08738A272: Finished taking a snapshot at:(t:1, i:17) file:/workdir/hadoop-ozone/integration-test/target/test-dir/MiniOzoneClusterImpl-9ea4e631-3cec-4bad-b090-c72c63c3b0a9/datanode-5/data/ratis/2440b74c-9054-4ffb-afb0-a1e08738a272/sm/snapshot.1_17 time:16
2019-08-21 06:48:28,628 [StateMachineUpdater:20fa16c8-b149-4c5b-b4f9-9fafb5a1985f:group-A1E08738A272] INFO  impl.StateMachineUpdater (StateMachineUpdater.java:takeSnapshot(242)) - StateMachineUpdater:20fa16c8-b149-4c5b-b4f9-9fafb5a1985f:group-A1E08738A272: Took a snapshot at index 17
2019-08-21 06:48:28,628 [StateMachineUpdater:20fa16c8-b149-4c5b-b4f9-9fafb5a1985f:group-A1E08738A272] INFO  impl.StateMachineUpdater (StateMachineUpdater.java:lambda$new$0(80)) - StateMachineUpdater:20fa16c8-b149-4c5b-b4f9-9fafb5a1985f:group-A1E08738A272: snapshotIndex: updateIncreasingly -1 -> 17
2019-08-21 06:48:28,628 [main] INFO  impl.RaftServerImpl (ServerState.java:close(394)) - 20fa16c8-b149-4c5b-b4f9-9fafb5a1985f:group-A1E08738A272 closes. The last applied log index is 17
2019-08-21 06:48:28,629 [20fa16c8-b149-4c5b-b4f9-9fafb5a1985f-SegmentedRaftLogWorker:Storage Directory /workdir/hadoop-ozone/integration-test/target/test-dir/MiniOzoneClusterImpl-9ea4e631-3cec-4bad-b090-c72c63c3b0a9/datanode-5/data/ratis/2440b74c-9054-4ffb-afb0-a1e08738a272] INFO  segmented.SegmentedRaftLogWorker (SegmentedRaftLogWorker.java:run(313)) - 20fa16c8-b149-4c5b-b4f9-9fafb5a1985f-SegmentedRaftLogWorker:Storage Directory /workdir/hadoop-ozone/integration-test/target/test-dir/MiniOzoneClusterImpl-9ea4e631-3cec-4bad-b090-c72c63c3b0a9/datanode-5/data/ratis/2440b74c-9054-4ffb-afb0-a1e08738a272 was interrupted, exiting. There are 0 tasks remaining in the queue.
2019-08-21 06:48:28,629 [main] INFO  segmented.SegmentedRaftLogWorker (SegmentedRaftLogWorker.java:close(228)) - 20fa16c8-b149-4c5b-b4f9-9fafb5a1985f-SegmentedRaftLogWorker:Storage Directory /workdir/hadoop-ozone/integration-test/target/test-dir/MiniOzoneClusterImpl-9ea4e631-3cec-4bad-b090-c72c63c3b0a9/datanode-5/data/ratis/2440b74c-9054-4ffb-afb0-a1e08738a272 close()
2019-08-21 06:48:28,631 [main] INFO  impl.RaftServerImpl (RaftServerImpl.java:lambda$shutdown$3(245)) - 20fa16c8-b149-4c5b-b4f9-9fafb5a1985f: shutdown group-D1F116061C65
2019-08-21 06:48:28,631 [main] INFO  util.JmxRegister (JmxRegister.java:unregister(73)) - Successfully un-registered JMX Bean with object name Ratis:service=RaftServer,group=group-D1F116061C65,id=20fa16c8-b149-4c5b-b4f9-9fafb5a1985f
2019-08-21 06:48:28,632 [main] INFO  impl.RoleInfo (RoleInfo.java:shutdownLeaderState(104)) - 20fa16c8-b149-4c5b-b4f9-9fafb5a1985f: shutdown LeaderState
2019-08-21 06:48:28,632 [main] INFO  impl.PendingRequests (PendingRequests.java:sendNotLeaderResponses(202)) - 20fa16c8-b149-4c5b-b4f9-9fafb5a1985f-PendingRequests: sendNotLeaderResponses
2019-08-21 06:48:28,632 [main] INFO  impl.StateMachineUpdater (StateMachineUpdater.java:stopAndJoin(115)) - StateMachineUpdater:20fa16c8-b149-4c5b-b4f9-9fafb5a1985f:group-D1F116061C65: set stopIndex = 0
2019-08-21 06:48:28,633 [main] INFO  impl.RaftServerImpl (ServerState.java:close(394)) - 20fa16c8-b149-4c5b-b4f9-9fafb5a1985f:group-D1F116061C65 closes. The last applied log index is 0
2019-08-21 06:48:28,633 [20fa16c8-b149-4c5b-b4f9-9fafb5a1985f-SegmentedRaftLogWorker:Storage Directory /workdir/hadoop-ozone/integration-test/target/test-dir/MiniOzoneClusterImpl-9ea4e631-3cec-4bad-b090-c72c63c3b0a9/datanode-5/data/ratis/f09a5e61-bc58-4491-8b3b-d1f116061c65] INFO  segmented.SegmentedRaftLogWorker (SegmentedRaftLogWorker.java:run(313)) - 20fa16c8-b149-4c5b-b4f9-9fafb5a1985f-SegmentedRaftLogWorker:Storage Directory /workdir/hadoop-ozone/integration-test/target/test-dir/MiniOzoneClusterImpl-9ea4e631-3cec-4bad-b090-c72c63c3b0a9/datanode-5/data/ratis/f09a5e61-bc58-4491-8b3b-d1f116061c65 was interrupted, exiting. There are 0 tasks remaining in the queue.
2019-08-21 06:48:28,633 [main] INFO  segmented.SegmentedRaftLogWorker (SegmentedRaftLogWorker.java:close(228)) - 20fa16c8-b149-4c5b-b4f9-9fafb5a1985f-SegmentedRaftLogWorker:Storage Directory /workdir/hadoop-ozone/integration-test/target/test-dir/MiniOzoneClusterImpl-9ea4e631-3cec-4bad-b090-c72c63c3b0a9/datanode-5/data/ratis/f09a5e61-bc58-4491-8b3b-d1f116061c65 close()
2019-08-21 06:48:28,635 [main] INFO  server.GrpcService (GrpcService.java:closeImpl(155)) - 20fa16c8-b149-4c5b-b4f9-9fafb5a1985f: shutdown server with port 33186 now
2019-08-21 06:48:28,636 [grpc-default-executor-5] WARN  client.GrpcClientProtocolService (LogUtils.java:warn(134)) - 1-UnorderedRequestStreamObserver1: onError: org.apache.ratis.thirdparty.io.grpc.StatusRuntimeException: CANCELLED: cancelled before receiving half close
2019-08-21 06:48:28,636 [main] INFO  server.GrpcService (GrpcService.java:closeImpl(163)) - 20fa16c8-b149-4c5b-b4f9-9fafb5a1985f: shutdown server with port 33186 successfully
2019-08-21 06:48:28,637 [main] INFO  utils.BackgroundService (BackgroundService.java:shutdown(148)) - Shutting down service BlockDeletingService
2019-08-21 06:48:28,639 [refreshUsed-/workdir/hadoop-ozone/integration-test/target/test-dir/MiniOzoneClusterImpl-9ea4e631-3cec-4bad-b090-c72c63c3b0a9/datanode-5/data/containers] WARN  fs.CachingGetSpaceUsed (CachingGetSpaceUsed.java:run(183)) - Thread Interrupted waiting to refresh disk information: sleep interrupted
2019-08-21 06:48:28,656 [main] INFO  statemachine.DatanodeStateMachine (DatanodeStateMachine.java:stopDaemon(395)) - Ozone container server stopped.
2019-08-21 06:48:28,657 [main] INFO  handler.ContextHandler (ContextHandler.java:doStop(910)) - Stopped o.e.j.w.WebAppContext@4821e1a3{/,null,UNAVAILABLE}{/hddsDatanode}
2019-08-21 06:48:28,657 [main] INFO  server.AbstractConnector (AbstractConnector.java:doStop(318)) - Stopped ServerConnector@5ba4735c{HTTP/1.1,[http/1.1]}{0.0.0.0:0}
2019-08-21 06:48:28,658 [main] INFO  handler.ContextHandler (ContextHandler.java:doStop(910)) - Stopped o.e.j.s.ServletContextHandler@616b2b2{/static,jar:file:/home/user/.m2/repository/org/apache/hadoop/hadoop-hdds-container-service/0.5.0-SNAPSHOT/hadoop-hdds-container-service-0.5.0-SNAPSHOT.jar!/webapps/static,UNAVAILABLE}
2019-08-21 06:48:28,658 [main] INFO  handler.ContextHandler (ContextHandler.java:doStop(910)) - Stopped o.e.j.s.ServletContextHandler@72c8de78{/logs,file:///workdir/hadoop-ozone/integration-test/target/log,UNAVAILABLE}
2019-08-21 06:48:28,659 [main] INFO  ozone.MiniOzoneClusterImpl (MiniOzoneClusterImpl.java:stop(353)) - Stopping the StorageContainerManager
2019-08-21 06:48:28,659 [main] INFO  server.StorageContainerManager (StorageContainerManager.java:stop(797)) - Stopping Replication Manager Service.
2019-08-21 06:48:28,659 [main] INFO  container.ReplicationManager (ReplicationManager.java:stop(193)) - Stopping Replication Monitor Thread.
2019-08-21 06:48:28,659 [main] INFO  server.StorageContainerManager (StorageContainerManager.java:stop(804)) - Stopping Lease Manager of the command watchers
2019-08-21 06:48:28,659 [main] INFO  server.StorageContainerManager (StorageContainerManager.java:stop(811)) - Stopping datanode service RPC server
2019-08-21 06:48:28,660 [main] INFO  server.SCMDatanodeProtocolServer (SCMDatanodeProtocolServer.java:stop(367)) - Stopping the RPC server for DataNodes
2019-08-21 06:48:28,660 [main] INFO  ipc.Server (Server.java:stop(3082)) - Stopping server on 35612
2019-08-21 06:48:28,661 [IPC Server listener on 35612] INFO  ipc.Server (Server.java:run(1185)) - Stopping IPC Server listener on 35612
2019-08-21 06:48:28,663 [IPC Server Responder] INFO  ipc.Server (Server.java:run(1319)) - Stopping IPC Server Responder
2019-08-21 06:48:28,690 [SCM Heartbeat Processing Thread - 0] WARN  node.NodeStateManager (NodeStateManager.java:scheduleNextHealthCheck(646)) - Current Thread is interrupted, shutting down HB processing thread for Node Manager.
2019-08-21 06:48:28,690 [main] INFO  server.StorageContainerManager (StorageContainerManager.java:stop(819)) - Stopping block service RPC server
2019-08-21 06:48:28,691 [main] INFO  server.SCMBlockProtocolServer (SCMBlockProtocolServer.java:stop(148)) - Stopping the RPC server for Block Protocol
2019-08-21 06:48:28,691 [main] INFO  ipc.Server (Server.java:stop(3082)) - Stopping server on 36633
2019-08-21 06:48:28,692 [IPC Server listener on 36633] INFO  ipc.Server (Server.java:run(1185)) - Stopping IPC Server listener on 36633
2019-08-21 06:48:28,693 [main] INFO  server.StorageContainerManager (StorageContainerManager.java:stop(826)) - Stopping the StorageContainerLocationProtocol RPC server
2019-08-21 06:48:28,694 [IPC Server Responder] INFO  ipc.Server (Server.java:run(1319)) - Stopping IPC Server Responder
2019-08-21 06:48:28,694 [main] INFO  server.SCMClientProtocolServer (SCMClientProtocolServer.java:stop(159)) - Stopping the RPC server for Client Protocol
2019-08-21 06:48:28,694 [main] INFO  ipc.Server (Server.java:stop(3082)) - Stopping server on 39518
2019-08-21 06:48:28,695 [IPC Server listener on 39518] INFO  ipc.Server (Server.java:run(1185)) - Stopping IPC Server listener on 39518
2019-08-21 06:48:28,695 [main] INFO  server.StorageContainerManager (StorageContainerManager.java:stop(833)) - Stopping Storage Container Manager HTTP server.
2019-08-21 06:48:28,696 [IPC Server Responder] INFO  ipc.Server (Server.java:run(1319)) - Stopping IPC Server Responder
2019-08-21 06:48:28,697 [main] INFO  handler.ContextHandler (ContextHandler.java:doStop(910)) - Stopped o.e.j.w.WebAppContext@7ea91c39{/,null,UNAVAILABLE}{/scm}
2019-08-21 06:48:28,697 [main] INFO  server.AbstractConnector (AbstractConnector.java:doStop(318)) - Stopped ServerConnector@55d35f7a{HTTP/1.1,[http/1.1]}{0.0.0.0:0}
2019-08-21 06:48:28,698 [main] INFO  handler.ContextHandler (ContextHandler.java:doStop(910)) - Stopped o.e.j.s.ServletContextHandler@7c9015c6{/static,file:///workdir/hadoop-ozone/integration-test/target/test-classes/webapps/static,UNAVAILABLE}
2019-08-21 06:48:28,698 [main] INFO  handler.ContextHandler (ContextHandler.java:doStop(910)) - Stopped o.e.j.s.ServletContextHandler@315bb2bb{/logs,file:///workdir/hadoop-ozone/integration-test/target/log,UNAVAILABLE}
2019-08-21 06:48:28,699 [main] INFO  server.StorageContainerManager (StorageContainerManager.java:stop(844)) - Stopping Block Manager Service.
2019-08-21 06:48:28,699 [main] INFO  utils.BackgroundService (BackgroundService.java:shutdown(148)) - Shutting down service SCMBlockDeletingService
2019-08-21 06:48:28,699 [main] INFO  utils.BackgroundService (BackgroundService.java:shutdown(148)) - Shutting down service SCMBlockDeletingService
2019-08-21 06:48:28,699 [main] INFO  server.StorageContainerManager (StorageContainerManager.java:stop(866)) - Stopping SCM Event Queue.
2019-08-21 06:48:28,702 [main] INFO  impl.MetricsSystemImpl (MetricsSystemImpl.java:stop(210)) - Stopping HddsDatanode metrics system...
2019-08-21 06:48:28,712 [main] INFO  impl.MetricsSystemImpl (MetricsSystemImpl.java:stop(216)) - HddsDatanode metrics system stopped.
]]></system-out>
    <system-err><![CDATA[Aug 21, 2019 6:47:40 AM com.sun.jersey.server.impl.application.WebApplicationImpl _initiate
INFO: Initiating Jersey application, version 'Jersey: 1.19 02/11/2015 03:25 AM'
Aug 21, 2019 6:47:41 AM com.sun.jersey.server.impl.application.WebApplicationImpl _initiate
INFO: Initiating Jersey application, version 'Jersey: 1.19 02/11/2015 03:25 AM'
Aug 21, 2019 6:47:41 AM com.sun.jersey.server.impl.application.WebApplicationImpl _initiate
INFO: Initiating Jersey application, version 'Jersey: 1.19 02/11/2015 03:25 AM'
Aug 21, 2019 6:47:41 AM com.sun.jersey.server.impl.application.WebApplicationImpl _initiate
INFO: Initiating Jersey application, version 'Jersey: 1.19 02/11/2015 03:25 AM'
Aug 21, 2019 6:47:42 AM com.sun.jersey.server.impl.application.WebApplicationImpl _initiate
INFO: Initiating Jersey application, version 'Jersey: 1.19 02/11/2015 03:25 AM'
Aug 21, 2019 6:47:42 AM com.sun.jersey.server.impl.application.WebApplicationImpl _initiate
INFO: Initiating Jersey application, version 'Jersey: 1.19 02/11/2015 03:25 AM'
Aug 21, 2019 6:47:42 AM com.sun.jersey.server.impl.application.WebApplicationImpl _initiate
INFO: Initiating Jersey application, version 'Jersey: 1.19 02/11/2015 03:25 AM'
Aug 21, 2019 6:47:45 AM org.apache.ratis.thirdparty.io.grpc.internal.ManagedChannelOrphanWrapper$ManagedChannelReference cleanQueue
SEVERE: *~*~*~ Channel ManagedChannelImpl{logId=2801, target=192.168.69.98:43175} was not shutdown properly!!! ~*~*~*
    Make sure to call shutdown()/shutdownNow() and wait until awaitTermination() returns true.
java.lang.RuntimeException: ManagedChannel allocation site
	at org.apache.ratis.thirdparty.io.grpc.internal.ManagedChannelOrphanWrapper$ManagedChannelReference.<init>(ManagedChannelOrphanWrapper.java:103)
	at org.apache.ratis.thirdparty.io.grpc.internal.ManagedChannelOrphanWrapper.<init>(ManagedChannelOrphanWrapper.java:53)
	at org.apache.ratis.thirdparty.io.grpc.internal.ManagedChannelOrphanWrapper.<init>(ManagedChannelOrphanWrapper.java:44)
	at org.apache.ratis.thirdparty.io.grpc.internal.AbstractManagedChannelImplBuilder.build(AbstractManagedChannelImplBuilder.java:411)
	at org.apache.ratis.grpc.client.GrpcClientProtocolClient.<init>(GrpcClientProtocolClient.java:119)
	at org.apache.ratis.grpc.client.GrpcClientRpc.lambda$new$0(GrpcClientRpc.java:55)
	at org.apache.ratis.util.PeerProxyMap$PeerAndProxy.lambda$getProxy$0(PeerProxyMap.java:61)
	at org.apache.ratis.util.LifeCycle.startAndTransition(LifeCycle.java:202)
	at org.apache.ratis.util.PeerProxyMap$PeerAndProxy.getProxy(PeerProxyMap.java:60)
	at org.apache.ratis.util.PeerProxyMap.getProxy(PeerProxyMap.java:107)
	at org.apache.ratis.grpc.client.GrpcClientRpc.sendRequestAsync(GrpcClientRpc.java:66)
	at org.apache.ratis.client.impl.OrderedAsync.sendRequest(OrderedAsync.java:208)
	at org.apache.ratis.client.impl.OrderedAsync.sendRequestWithRetry(OrderedAsync.java:169)
	at org.apache.ratis.util.SlidingWindow$Client.sendOrDelayRequest(SlidingWindow.java:278)
	at org.apache.ratis.util.SlidingWindow$Client.retry(SlidingWindow.java:294)
	at org.apache.ratis.client.impl.OrderedAsync.lambda$scheduleWithTimeout$7(OrderedAsync.java:195)
	at org.apache.ratis.util.TimeoutScheduler.lambda$onTimeout$0(TimeoutScheduler.java:85)
	at org.apache.ratis.util.TimeoutScheduler.lambda$onTimeout$1(TimeoutScheduler.java:104)
	at org.apache.ratis.util.LogUtils.runAndLog(LogUtils.java:50)
	at org.apache.ratis.util.LogUtils$1.run(LogUtils.java:91)
	at java.util.concurrent.Executors$RunnableAdapter.call(Executors.java:511)
	at java.util.concurrent.FutureTask.run(FutureTask.java:266)
	at java.util.concurrent.ScheduledThreadPoolExecutor$ScheduledFutureTask.access$201(ScheduledThreadPoolExecutor.java:180)
	at java.util.concurrent.ScheduledThreadPoolExecutor$ScheduledFutureTask.run(ScheduledThreadPoolExecutor.java:293)
	at java.util.concurrent.ThreadPoolExecutor.runWorker(ThreadPoolExecutor.java:1149)
	at java.util.concurrent.ThreadPoolExecutor$Worker.run(ThreadPoolExecutor.java:624)
	at java.lang.Thread.run(Thread.java:748)

Aug 21, 2019 6:47:45 AM org.apache.ratis.thirdparty.io.grpc.internal.ManagedChannelOrphanWrapper$ManagedChannelReference cleanQueue
SEVERE: *~*~*~ Channel ManagedChannelImpl{logId=2817, target=192.168.69.98:36156} was not shutdown properly!!! ~*~*~*
    Make sure to call shutdown()/shutdownNow() and wait until awaitTermination() returns true.
java.lang.RuntimeException: ManagedChannel allocation site
	at org.apache.ratis.thirdparty.io.grpc.internal.ManagedChannelOrphanWrapper$ManagedChannelReference.<init>(ManagedChannelOrphanWrapper.java:103)
	at org.apache.ratis.thirdparty.io.grpc.internal.ManagedChannelOrphanWrapper.<init>(ManagedChannelOrphanWrapper.java:53)
	at org.apache.ratis.thirdparty.io.grpc.internal.ManagedChannelOrphanWrapper.<init>(ManagedChannelOrphanWrapper.java:44)
	at org.apache.ratis.thirdparty.io.grpc.internal.AbstractManagedChannelImplBuilder.build(AbstractManagedChannelImplBuilder.java:411)
	at org.apache.hadoop.hdds.scm.XceiverClientGrpc.connectToDatanode(XceiverClientGrpc.java:174)
	at org.apache.hadoop.hdds.scm.XceiverClientGrpc.reconnect(XceiverClientGrpc.java:422)
	at org.apache.hadoop.hdds.scm.XceiverClientGrpc.sendCommandAsync(XceiverClientGrpc.java:371)
	at org.apache.hadoop.hdds.scm.XceiverClientGrpc.sendCommandWithRetry(XceiverClientGrpc.java:284)
	at org.apache.hadoop.hdds.scm.XceiverClientGrpc.sendCommandWithTraceIDAndRetry(XceiverClientGrpc.java:250)
	at org.apache.hadoop.hdds.scm.XceiverClientGrpc.sendCommand(XceiverClientGrpc.java:233)
	at org.apache.hadoop.hdds.scm.storage.ContainerProtocolCalls.getBlock(ContainerProtocolCalls.java:118)
	at org.apache.hadoop.hdds.scm.storage.BlockInputStream.getChunkInfos(BlockInputStream.java:167)
	at org.apache.hadoop.hdds.scm.storage.BlockInputStream.initialize(BlockInputStream.java:118)
	at org.apache.hadoop.hdds.scm.storage.BlockInputStream.read(BlockInputStream.java:222)
	at org.apache.hadoop.ozone.client.io.KeyInputStream.read(KeyInputStream.java:171)
	at org.apache.hadoop.ozone.client.io.OzoneInputStream.read(OzoneInputStream.java:47)
	at java.io.InputStream.read(InputStream.java:101)
	at org.apache.hadoop.ozone.container.ContainerTestHelper.validateData(ContainerTestHelper.java:713)
	at org.apache.hadoop.ozone.client.rpc.TestBlockOutputStreamWithFailures.validateData(TestBlockOutputStreamWithFailures.java:1216)
	at org.apache.hadoop.ozone.client.rpc.TestBlockOutputStreamWithFailures.testWatchForCommitWithSingleNodeRatis(TestBlockOutputStreamWithFailures.java:918)
	at sun.reflect.NativeMethodAccessorImpl.invoke0(Native Method)
	at sun.reflect.NativeMethodAccessorImpl.invoke(NativeMethodAccessorImpl.java:62)
	at sun.reflect.DelegatingMethodAccessorImpl.invoke(DelegatingMethodAccessorImpl.java:43)
	at java.lang.reflect.Method.invoke(Method.java:498)
	at org.junit.runners.model.FrameworkMethod$1.runReflectiveCall(FrameworkMethod.java:47)
	at org.junit.internal.runners.model.ReflectiveCallable.run(ReflectiveCallable.java:12)
	at org.junit.runners.model.FrameworkMethod.invokeExplosively(FrameworkMethod.java:44)
	at org.junit.internal.runners.statements.InvokeMethod.evaluate(InvokeMethod.java:17)
	at org.junit.internal.runners.statements.RunBefores.evaluate(RunBefores.java:26)
	at org.junit.internal.runners.statements.RunAfters.evaluate(RunAfters.java:27)
	at org.junit.runners.ParentRunner.runLeaf(ParentRunner.java:271)
	at org.junit.runners.BlockJUnit4ClassRunner.runChild(BlockJUnit4ClassRunner.java:70)
	at org.junit.runners.BlockJUnit4ClassRunner.runChild(BlockJUnit4ClassRunner.java:50)
	at org.junit.runners.ParentRunner$3.run(ParentRunner.java:238)
	at org.junit.runners.ParentRunner$1.schedule(ParentRunner.java:63)
	at org.junit.runners.ParentRunner.runChildren(ParentRunner.java:236)
	at org.junit.runners.ParentRunner.access$000(ParentRunner.java:53)
	at org.junit.runners.ParentRunner$2.evaluate(ParentRunner.java:229)
	at org.junit.runners.ParentRunner.run(ParentRunner.java:309)
	at org.apache.maven.surefire.junit4.JUnit4Provider.execute(JUnit4Provider.java:365)
	at org.apache.maven.surefire.junit4.JUnit4Provider.executeWithRerun(JUnit4Provider.java:273)
	at org.apache.maven.surefire.junit4.JUnit4Provider.executeTestSet(JUnit4Provider.java:238)
	at org.apache.maven.surefire.junit4.JUnit4Provider.invoke(JUnit4Provider.java:159)
	at org.apache.maven.surefire.booter.ForkedBooter.invokeProviderInSameClassLoader(ForkedBooter.java:384)
	at org.apache.maven.surefire.booter.ForkedBooter.runSuitesInProcess(ForkedBooter.java:345)
	at org.apache.maven.surefire.booter.ForkedBooter.execute(ForkedBooter.java:126)
	at org.apache.maven.surefire.booter.ForkedBooter.main(ForkedBooter.java:418)

Aug 21, 2019 6:47:45 AM org.apache.ratis.thirdparty.io.grpc.internal.ManagedChannelOrphanWrapper$ManagedChannelReference cleanQueue
SEVERE: *~*~*~ Channel ManagedChannelImpl{logId=2807, target=192.168.69.98:38329} was not shutdown properly!!! ~*~*~*
    Make sure to call shutdown()/shutdownNow() and wait until awaitTermination() returns true.
java.lang.RuntimeException: ManagedChannel allocation site
	at org.apache.ratis.thirdparty.io.grpc.internal.ManagedChannelOrphanWrapper$ManagedChannelReference.<init>(ManagedChannelOrphanWrapper.java:103)
	at org.apache.ratis.thirdparty.io.grpc.internal.ManagedChannelOrphanWrapper.<init>(ManagedChannelOrphanWrapper.java:53)
	at org.apache.ratis.thirdparty.io.grpc.internal.ManagedChannelOrphanWrapper.<init>(ManagedChannelOrphanWrapper.java:44)
	at org.apache.ratis.thirdparty.io.grpc.internal.AbstractManagedChannelImplBuilder.build(AbstractManagedChannelImplBuilder.java:411)
	at org.apache.ratis.grpc.client.GrpcClientProtocolClient.<init>(GrpcClientProtocolClient.java:119)
	at org.apache.ratis.grpc.client.GrpcClientRpc.lambda$new$0(GrpcClientRpc.java:55)
	at org.apache.ratis.util.PeerProxyMap$PeerAndProxy.lambda$getProxy$0(PeerProxyMap.java:61)
	at org.apache.ratis.util.LifeCycle.startAndTransition(LifeCycle.java:202)
	at org.apache.ratis.util.PeerProxyMap$PeerAndProxy.getProxy(PeerProxyMap.java:60)
	at org.apache.ratis.util.PeerProxyMap.getProxy(PeerProxyMap.java:107)
	at org.apache.ratis.grpc.client.GrpcClientRpc.sendRequestAsync(GrpcClientRpc.java:66)
	at org.apache.ratis.client.impl.OrderedAsync.sendRequest(OrderedAsync.java:208)
	at org.apache.ratis.client.impl.OrderedAsync.sendRequestWithRetry(OrderedAsync.java:169)
	at org.apache.ratis.util.SlidingWindow$Client.sendOrDelayRequest(SlidingWindow.java:278)
	at org.apache.ratis.util.SlidingWindow$Client.submitNewRequest(SlidingWindow.java:257)
	at org.apache.ratis.client.impl.OrderedAsync.send(OrderedAsync.java:155)
	at org.apache.ratis.client.impl.RaftClientImpl.sendAsync(RaftClientImpl.java:145)
	at org.apache.ratis.client.impl.RaftClientImpl.sendAsync(RaftClientImpl.java:125)
	at org.apache.hadoop.hdds.scm.XceiverClientRatis.sendRequestAsync(XceiverClientRatis.java:224)
	at org.apache.hadoop.hdds.scm.XceiverClientRatis.sendCommandAsync(XceiverClientRatis.java:302)
	at org.apache.hadoop.hdds.scm.storage.ContainerProtocolCalls.writeChunkAsync(ContainerProtocolCalls.java:310)
	at org.apache.hadoop.hdds.scm.storage.BlockOutputStream.writeChunkToContainer(BlockOutputStream.java:601)
	at org.apache.hadoop.hdds.scm.storage.BlockOutputStream.writeChunk(BlockOutputStream.java:459)
	at org.apache.hadoop.hdds.scm.storage.BlockOutputStream.writeOnRetry(BlockOutputStream.java:285)
	at org.apache.hadoop.ozone.client.io.BlockOutputStreamEntry.writeOnRetry(BlockOutputStreamEntry.java:200)
	at org.apache.hadoop.ozone.client.io.KeyOutputStream.handleWrite(KeyOutputStream.java:209)
	at org.apache.hadoop.ozone.client.io.KeyOutputStream.handleRetry(KeyOutputStream.java:376)
	at org.apache.hadoop.ozone.client.io.KeyOutputStream.handleException(KeyOutputStream.java:325)
	at org.apache.hadoop.ozone.client.io.KeyOutputStream.handleFlushOrClose(KeyOutputStream.java:448)
	at org.apache.hadoop.ozone.client.io.KeyOutputStream.handleWrite(KeyOutputStream.java:235)
	at org.apache.hadoop.ozone.client.io.KeyOutputStream.write(KeyOutputStream.java:193)
	at org.apache.hadoop.ozone.client.io.OzoneOutputStream.write(OzoneOutputStream.java:49)
	at java.io.OutputStream.write(OutputStream.java:75)
	at org.apache.hadoop.ozone.client.rpc.TestBlockOutputStreamWithFailures.testWatchForCommitWithSingleNodeRatis(TestBlockOutputStreamWithFailures.java:885)
	at sun.reflect.NativeMethodAccessorImpl.invoke0(Native Method)
	at sun.reflect.NativeMethodAccessorImpl.invoke(NativeMethodAccessorImpl.java:62)
	at sun.reflect.DelegatingMethodAccessorImpl.invoke(DelegatingMethodAccessorImpl.java:43)
	at java.lang.reflect.Method.invoke(Method.java:498)
	at org.junit.runners.model.FrameworkMethod$1.runReflectiveCall(FrameworkMethod.java:47)
	at org.junit.internal.runners.model.ReflectiveCallable.run(ReflectiveCallable.java:12)
	at org.junit.runners.model.FrameworkMethod.invokeExplosively(FrameworkMethod.java:44)
	at org.junit.internal.runners.statements.InvokeMethod.evaluate(InvokeMethod.java:17)
	at org.junit.internal.runners.statements.RunBefores.evaluate(RunBefores.java:26)
	at org.junit.internal.runners.statements.RunAfters.evaluate(RunAfters.java:27)
	at org.junit.runners.ParentRunner.runLeaf(ParentRunner.java:271)
	at org.junit.runners.BlockJUnit4ClassRunner.runChild(BlockJUnit4ClassRunner.java:70)
	at org.junit.runners.BlockJUnit4ClassRunner.runChild(BlockJUnit4ClassRunner.java:50)
	at org.junit.runners.ParentRunner$3.run(ParentRunner.java:238)
	at org.junit.runners.ParentRunner$1.schedule(ParentRunner.java:63)
	at org.junit.runners.ParentRunner.runChildren(ParentRunner.java:236)
	at org.junit.runners.ParentRunner.access$000(ParentRunner.java:53)
	at org.junit.runners.ParentRunner$2.evaluate(ParentRunner.java:229)
	at org.junit.runners.ParentRunner.run(ParentRunner.java:309)
	at org.apache.maven.surefire.junit4.JUnit4Provider.execute(JUnit4Provider.java:365)
	at org.apache.maven.surefire.junit4.JUnit4Provider.executeWithRerun(JUnit4Provider.java:273)
	at org.apache.maven.surefire.junit4.JUnit4Provider.executeTestSet(JUnit4Provider.java:238)
	at org.apache.maven.surefire.junit4.JUnit4Provider.invoke(JUnit4Provider.java:159)
	at org.apache.maven.surefire.booter.ForkedBooter.invokeProviderInSameClassLoader(ForkedBooter.java:384)
	at org.apache.maven.surefire.booter.ForkedBooter.runSuitesInProcess(ForkedBooter.java:345)
	at org.apache.maven.surefire.booter.ForkedBooter.execute(ForkedBooter.java:126)
	at org.apache.maven.surefire.booter.ForkedBooter.main(ForkedBooter.java:418)

Aug 21, 2019 6:47:45 AM org.apache.ratis.thirdparty.io.grpc.internal.ManagedChannelOrphanWrapper$ManagedChannelReference cleanQueue
SEVERE: *~*~*~ Channel ManagedChannelImpl{logId=2812, target=192.168.69.98:40789} was not shutdown properly!!! ~*~*~*
    Make sure to call shutdown()/shutdownNow() and wait until awaitTermination() returns true.
java.lang.RuntimeException: ManagedChannel allocation site
	at org.apache.ratis.thirdparty.io.grpc.internal.ManagedChannelOrphanWrapper$ManagedChannelReference.<init>(ManagedChannelOrphanWrapper.java:103)
	at org.apache.ratis.thirdparty.io.grpc.internal.ManagedChannelOrphanWrapper.<init>(ManagedChannelOrphanWrapper.java:53)
	at org.apache.ratis.thirdparty.io.grpc.internal.ManagedChannelOrphanWrapper.<init>(ManagedChannelOrphanWrapper.java:44)
	at org.apache.ratis.thirdparty.io.grpc.internal.AbstractManagedChannelImplBuilder.build(AbstractManagedChannelImplBuilder.java:411)
	at org.apache.hadoop.hdds.scm.XceiverClientGrpc.connectToDatanode(XceiverClientGrpc.java:174)
	at org.apache.hadoop.hdds.scm.XceiverClientGrpc.reconnect(XceiverClientGrpc.java:422)
	at org.apache.hadoop.hdds.scm.XceiverClientGrpc.sendCommandAsync(XceiverClientGrpc.java:371)
	at org.apache.hadoop.hdds.scm.XceiverClientGrpc.sendCommandWithRetry(XceiverClientGrpc.java:284)
	at org.apache.hadoop.hdds.scm.XceiverClientGrpc.sendCommandWithTraceIDAndRetry(XceiverClientGrpc.java:250)
	at org.apache.hadoop.hdds.scm.XceiverClientGrpc.sendCommand(XceiverClientGrpc.java:233)
	at org.apache.hadoop.hdds.scm.storage.ContainerProtocolCalls.getBlock(ContainerProtocolCalls.java:118)
	at org.apache.hadoop.hdds.scm.storage.BlockInputStream.getChunkInfos(BlockInputStream.java:167)
	at org.apache.hadoop.hdds.scm.storage.BlockInputStream.initialize(BlockInputStream.java:118)
	at org.apache.hadoop.hdds.scm.storage.BlockInputStream.read(BlockInputStream.java:222)
	at org.apache.hadoop.ozone.client.io.KeyInputStream.read(KeyInputStream.java:171)
	at org.apache.hadoop.ozone.client.io.OzoneInputStream.read(OzoneInputStream.java:47)
	at java.io.InputStream.read(InputStream.java:101)
	at org.apache.hadoop.ozone.container.ContainerTestHelper.validateData(ContainerTestHelper.java:713)
	at org.apache.hadoop.ozone.client.rpc.TestBlockOutputStreamWithFailures.validateData(TestBlockOutputStreamWithFailures.java:1216)
	at org.apache.hadoop.ozone.client.rpc.TestBlockOutputStreamWithFailures.testWatchForCommitWithSingleNodeRatis(TestBlockOutputStreamWithFailures.java:918)
	at sun.reflect.NativeMethodAccessorImpl.invoke0(Native Method)
	at sun.reflect.NativeMethodAccessorImpl.invoke(NativeMethodAccessorImpl.java:62)
	at sun.reflect.DelegatingMethodAccessorImpl.invoke(DelegatingMethodAccessorImpl.java:43)
	at java.lang.reflect.Method.invoke(Method.java:498)
	at org.junit.runners.model.FrameworkMethod$1.runReflectiveCall(FrameworkMethod.java:47)
	at org.junit.internal.runners.model.ReflectiveCallable.run(ReflectiveCallable.java:12)
	at org.junit.runners.model.FrameworkMethod.invokeExplosively(FrameworkMethod.java:44)
	at org.junit.internal.runners.statements.InvokeMethod.evaluate(InvokeMethod.java:17)
	at org.junit.internal.runners.statements.RunBefores.evaluate(RunBefores.java:26)
	at org.junit.internal.runners.statements.RunAfters.evaluate(RunAfters.java:27)
	at org.junit.runners.ParentRunner.runLeaf(ParentRunner.java:271)
	at org.junit.runners.BlockJUnit4ClassRunner.runChild(BlockJUnit4ClassRunner.java:70)
	at org.junit.runners.BlockJUnit4ClassRunner.runChild(BlockJUnit4ClassRunner.java:50)
	at org.junit.runners.ParentRunner$3.run(ParentRunner.java:238)
	at org.junit.runners.ParentRunner$1.schedule(ParentRunner.java:63)
	at org.junit.runners.ParentRunner.runChildren(ParentRunner.java:236)
	at org.junit.runners.ParentRunner.access$000(ParentRunner.java:53)
	at org.junit.runners.ParentRunner$2.evaluate(ParentRunner.java:229)
	at org.junit.runners.ParentRunner.run(ParentRunner.java:309)
	at org.apache.maven.surefire.junit4.JUnit4Provider.execute(JUnit4Provider.java:365)
	at org.apache.maven.surefire.junit4.JUnit4Provider.executeWithRerun(JUnit4Provider.java:273)
	at org.apache.maven.surefire.junit4.JUnit4Provider.executeTestSet(JUnit4Provider.java:238)
	at org.apache.maven.surefire.junit4.JUnit4Provider.invoke(JUnit4Provider.java:159)
	at org.apache.maven.surefire.booter.ForkedBooter.invokeProviderInSameClassLoader(ForkedBooter.java:384)
	at org.apache.maven.surefire.booter.ForkedBooter.runSuitesInProcess(ForkedBooter.java:345)
	at org.apache.maven.surefire.booter.ForkedBooter.execute(ForkedBooter.java:126)
	at org.apache.maven.surefire.booter.ForkedBooter.main(ForkedBooter.java:418)

]]></system-err>
  </testcase>
  <testcase name="testFailureWithPrimeSizedData" classname="org.apache.hadoop.ozone.client.rpc.TestBlockOutputStreamWithFailures" time="58.398"/>
  <testcase name="testWatchForCommitWithCloseContainerException" classname="org.apache.hadoop.ozone.client.rpc.TestBlockOutputStreamWithFailures" time="35.042"/>
  <testcase name="testExceptionDuringClose" classname="org.apache.hadoop.ozone.client.rpc.TestBlockOutputStreamWithFailures" time="42.473"/>
</testsuite>