<?xml version="1.0" encoding="UTF-8"?>
<testsuite xmlns:xsi="http://www.w3.org/2001/XMLSchema-instance" xsi:noNamespaceSchemaLocation="https://maven.apache.org/surefire/maven-surefire-plugin/xsd/surefire-test-report.xsd" name="org.apache.hadoop.ozone.client.rpc.TestBlockOutputStreamWithFailures" time="687.778" tests="8" errors="0" skipped="0" failures="1">
  <properties>
    <property name="awt.toolkit" value="sun.awt.X11.XToolkit"/>
    <property name="file.encoding.pkg" value="sun.io"/>
    <property name="java.specification.version" value="1.8"/>
    <property name="sun.cpu.isalist" value=""/>
    <property name="sun.jnu.encoding" value="UTF-8"/>
    <property name="java.class.path" value="/workdir/hadoop-ozone/integration-test/target/test-classes:/workdir/hadoop-ozone/integration-test/target/classes:/home/user/.m2/repository/org/apache/hadoop/hadoop-ozone-common/0.5.0-SNAPSHOT/hadoop-ozone-common-0.5.0-SNAPSHOT.jar:/home/user/.m2/repository/org/apache/commons/commons-compress/1.4.1/commons-compress-1.4.1.jar:/home/user/.m2/repository/org/tukaani/xz/1.0/xz-1.0.jar:/home/user/.m2/repository/org/apache/hadoop/hadoop-common/3.2.0/hadoop-common-3.2.0.jar:/home/user/.m2/repository/org/apache/hadoop/hadoop-hdfs/3.2.0/hadoop-hdfs-3.2.0.jar:/home/user/.m2/repository/org/apache/hadoop/hadoop-hdfs-client/3.2.0/hadoop-hdfs-client-3.2.0.jar:/home/user/.m2/repository/com/fasterxml/jackson/core/jackson-annotations/2.9.5/jackson-annotations-2.9.5.jar:/home/user/.m2/repository/org/apache/hadoop/hadoop-hdds-common/0.5.0-SNAPSHOT/hadoop-hdds-common-0.5.0-SNAPSHOT.jar:/home/user/.m2/repository/javax/annotation/javax.annotation-api/1.2/javax.annotation-api-1.2.jar:/home/user/.m2/repository/org/apache/ratis/ratis-server/0.4.0-2337318-SNAPSHOT/ratis-server-0.4.0-2337318-SNAPSHOT.jar:/home/user/.m2/repository/org/apache/ratis/ratis-thirdparty-misc/0.2.0/ratis-thirdparty-misc-0.2.0.jar:/home/user/.m2/repository/org/apache/ratis/ratis-proto/0.4.0-2337318-SNAPSHOT/ratis-proto-0.4.0-2337318-SNAPSHOT.jar:/home/user/.m2/repository/org/apache/ratis/ratis-common/0.4.0-2337318-SNAPSHOT/ratis-common-0.4.0-2337318-SNAPSHOT.jar:/home/user/.m2/repository/org/apache/ratis/ratis-client/0.4.0-2337318-SNAPSHOT/ratis-client-0.4.0-2337318-SNAPSHOT.jar:/home/user/.m2/repository/org/apache/ratis/ratis-metrics/0.4.0-2337318-SNAPSHOT/ratis-metrics-0.4.0-2337318-SNAPSHOT.jar:/home/user/.m2/repository/org/apache/ratis/ratis-netty/0.4.0-2337318-SNAPSHOT/ratis-netty-0.4.0-2337318-SNAPSHOT.jar:/home/user/.m2/repository/org/apache/ratis/ratis-grpc/0.4.0-2337318-SNAPSHOT/ratis-grpc-0.4.0-2337318-SNAPSHOT.jar:/home/user/.m2/repository/org/rocksdb/rocksdbjni/6.0.1/rocksdbjni-6.0.1.jar:/home/user/.m2/repository/org/apache/logging/log4j/log4j-api/2.11.0/log4j-api-2.11.0.jar:/home/user/.m2/repository/org/apache/logging/log4j/log4j-core/2.11.0/log4j-core-2.11.0.jar:/home/user/.m2/repository/com/lmax/disruptor/3.4.2/disruptor-3.4.2.jar:/home/user/.m2/repository/org/apache/commons/commons-pool2/2.6.0/commons-pool2-2.6.0.jar:/home/user/.m2/repository/org/bouncycastle/bcpkix-jdk15on/1.60/bcpkix-jdk15on-1.60.jar:/home/user/.m2/repository/commons-validator/commons-validator/1.6/commons-validator-1.6.jar:/home/user/.m2/repository/commons-digester/commons-digester/1.8.1/commons-digester-1.8.1.jar:/home/user/.m2/repository/io/jaegertracing/jaeger-client/0.33.1/jaeger-client-0.33.1.jar:/home/user/.m2/repository/io/jaegertracing/jaeger-thrift/0.33.1/jaeger-thrift-0.33.1.jar:/home/user/.m2/repository/org/apache/thrift/libthrift/0.11.0/libthrift-0.11.0.jar:/home/user/.m2/repository/com/squareup/okhttp3/okhttp/3.9.0/okhttp-3.9.0.jar:/home/user/.m2/repository/com/squareup/okio/okio/1.13.0/okio-1.13.0.jar:/home/user/.m2/repository/io/jaegertracing/jaeger-core/0.33.1/jaeger-core-0.33.1.jar:/home/user/.m2/repository/io/jaegertracing/jaeger-tracerresolver/0.33.1/jaeger-tracerresolver-0.33.1.jar:/home/user/.m2/repository/io/opentracing/contrib/opentracing-tracerresolver/0.1.5/opentracing-tracerresolver-0.1.5.jar:/home/user/.m2/repository/io/opentracing/opentracing-util/0.31.0/opentracing-util-0.31.0.jar:/home/user/.m2/repository/io/opentracing/opentracing-api/0.31.0/opentracing-api-0.31.0.jar:/home/user/.m2/repository/io/opentracing/opentracing-noop/0.31.0/opentracing-noop-0.31.0.jar:/home/user/.m2/repository/org/apache/hadoop/hadoop-hdds-server-framework/0.5.0-SNAPSHOT/hadoop-hdds-server-framework-0.5.0-SNAPSHOT.jar:/home/user/.m2/repository/org/apache/hadoop/hadoop-hdds-container-service/0.5.0-SNAPSHOT/hadoop-hdds-container-service-0.5.0-SNAPSHOT.jar:/home/user/.m2/repository/org/apache/hadoop/hadoop-hdds-client/0.5.0-SNAPSHOT/hadoop-hdds-client-0.5.0-SNAPSHOT.jar:/home/user/.m2/repository/org/apache/hadoop/hadoop-hdds-tools/0.5.0-SNAPSHOT/hadoop-hdds-tools-0.5.0-SNAPSHOT.jar:/home/user/.m2/repository/org/apache/hadoop/hadoop-hdds-server-scm/0.5.0-SNAPSHOT/hadoop-hdds-server-scm-0.5.0-SNAPSHOT.jar:/home/user/.m2/repository/org/apache/hadoop/hadoop-hdds-docs/0.5.0-SNAPSHOT/hadoop-hdds-docs-0.5.0-SNAPSHOT.jar:/home/user/.m2/repository/io/dropwizard/metrics/metrics-core/3.2.4/metrics-core-3.2.4.jar:/home/user/.m2/repository/org/hamcrest/hamcrest-all/1.3/hamcrest-all-1.3.jar:/home/user/.m2/repository/org/bouncycastle/bcprov-jdk15on/1.60/bcprov-jdk15on-1.60.jar:/home/user/.m2/repository/info/picocli/picocli/3.9.6/picocli-3.9.6.jar:/home/user/.m2/repository/com/google/protobuf/protobuf-java/2.5.0/protobuf-java-2.5.0.jar:/home/user/.m2/repository/com/google/guava/guava/11.0.2/guava-11.0.2.jar:/home/user/.m2/repository/org/apache/hadoop/hadoop-ozone-ozone-manager/0.5.0-SNAPSHOT/hadoop-ozone-ozone-manager-0.5.0-SNAPSHOT.jar:/home/user/.m2/repository/org/apache/hadoop/hadoop-minikdc/3.2.0/hadoop-minikdc-3.2.0.jar:/home/user/.m2/repository/commons-io/commons-io/2.5/commons-io-2.5.jar:/home/user/.m2/repository/org/apache/kerby/kerb-simplekdc/1.0.1/kerb-simplekdc-1.0.1.jar:/home/user/.m2/repository/org/apache/kerby/kerb-client/1.0.1/kerb-client-1.0.1.jar:/home/user/.m2/repository/org/apache/kerby/kerby-config/1.0.1/kerby-config-1.0.1.jar:/home/user/.m2/repository/org/apache/kerby/kerb-core/1.0.1/kerb-core-1.0.1.jar:/home/user/.m2/repository/org/apache/kerby/kerby-pkix/1.0.1/kerby-pkix-1.0.1.jar:/home/user/.m2/repository/org/apache/kerby/kerby-asn1/1.0.1/kerby-asn1-1.0.1.jar:/home/user/.m2/repository/org/apache/kerby/kerby-util/1.0.1/kerby-util-1.0.1.jar:/home/user/.m2/repository/org/apache/kerby/kerb-common/1.0.1/kerb-common-1.0.1.jar:/home/user/.m2/repository/org/apache/kerby/kerb-crypto/1.0.1/kerb-crypto-1.0.1.jar:/home/user/.m2/repository/org/apache/kerby/kerb-util/1.0.1/kerb-util-1.0.1.jar:/home/user/.m2/repository/org/apache/kerby/token-provider/1.0.1/token-provider-1.0.1.jar:/home/user/.m2/repository/org/apache/kerby/kerb-admin/1.0.1/kerb-admin-1.0.1.jar:/home/user/.m2/repository/org/apache/kerby/kerb-server/1.0.1/kerb-server-1.0.1.jar:/home/user/.m2/repository/org/apache/kerby/kerb-identity/1.0.1/kerb-identity-1.0.1.jar:/home/user/.m2/repository/org/apache/kerby/kerby-xdr/1.0.1/kerby-xdr-1.0.1.jar:/home/user/.m2/repository/org/slf4j/slf4j-log4j12/1.7.25/slf4j-log4j12-1.7.25.jar:/home/user/.m2/repository/org/apache/hadoop/hadoop-ozone-s3gateway/0.5.0-SNAPSHOT/hadoop-ozone-s3gateway-0.5.0-SNAPSHOT.jar:/home/user/.m2/repository/org/jboss/weld/servlet/weld-servlet/2.4.7.Final/weld-servlet-2.4.7.Final.jar:/home/user/.m2/repository/org/glassfish/jersey/containers/jersey-container-servlet-core/2.27/jersey-container-servlet-core-2.27.jar:/home/user/.m2/repository/org/glassfish/hk2/external/javax.inject/2.5.0-b42/javax.inject-2.5.0-b42.jar:/home/user/.m2/repository/org/glassfish/jersey/core/jersey-common/2.27/jersey-common-2.27.jar:/home/user/.m2/repository/org/glassfish/hk2/osgi-resource-locator/1.0.1/osgi-resource-locator-1.0.1.jar:/home/user/.m2/repository/javax/ws/rs/javax.ws.rs-api/2.1/javax.ws.rs-api-2.1.jar:/home/user/.m2/repository/org/glassfish/jersey/ext/cdi/jersey-cdi1x/2.27/jersey-cdi1x-2.27.jar:/home/user/.m2/repository/org/glassfish/jersey/inject/jersey-hk2/2.27/jersey-hk2-2.27.jar:/home/user/.m2/repository/org/glassfish/hk2/hk2-locator/2.5.0-b42/hk2-locator-2.5.0-b42.jar:/home/user/.m2/repository/org/javassist/javassist/3.22.0-CR2/javassist-3.22.0-CR2.jar:/home/user/.m2/repository/org/glassfish/hk2/hk2-api/2.5.0/hk2-api-2.5.0.jar:/home/user/.m2/repository/org/glassfish/hk2/external/jakarta.inject/2.5.0/jakarta.inject-2.5.0.jar:/home/user/.m2/repository/org/glassfish/hk2/hk2-utils/2.5.0/hk2-utils-2.5.0.jar:/home/user/.m2/repository/jakarta/annotation/jakarta.annotation-api/1.3.4/jakarta.annotation-api-1.3.4.jar:/home/user/.m2/repository/org/glassfish/hk2/external/aopalliance-repackaged/2.5.0/aopalliance-repackaged-2.5.0.jar:/home/user/.m2/repository/com/fasterxml/jackson/dataformat/jackson-dataformat-xml/2.9.0/jackson-dataformat-xml-2.9.0.jar:/home/user/.m2/repository/com/fasterxml/jackson/core/jackson-core/2.9.5/jackson-core-2.9.5.jar:/home/user/.m2/repository/com/fasterxml/jackson/module/jackson-module-jaxb-annotations/2.9.5/jackson-module-jaxb-annotations-2.9.5.jar:/home/user/.m2/repository/javax/enterprise/cdi-api/1.2/cdi-api-1.2.jar:/home/user/.m2/repository/javax/el/javax.el-api/3.0.0/javax.el-api-3.0.0.jar:/home/user/.m2/repository/javax/interceptor/javax.interceptor-api/1.2/javax.interceptor-api-1.2.jar:/home/user/.m2/repository/javax/inject/javax.inject/1/javax.inject-1.jar:/home/user/.m2/repository/com/sun/xml/bind/jaxb-impl/2.3.0.1/jaxb-impl-2.3.0.1.jar:/home/user/.m2/repository/com/sun/xml/bind/jaxb-core/2.3.0.1/jaxb-core-2.3.0.1.jar:/home/user/.m2/repository/javax/xml/bind/jaxb-api/2.3.0/jaxb-api-2.3.0.jar:/home/user/.m2/repository/javax/activation/activation/1.1.1/activation-1.1.1.jar:/home/user/.m2/repository/org/apache/hadoop/hadoop-ozone-csi/0.5.0-SNAPSHOT/hadoop-ozone-csi-0.5.0-SNAPSHOT.jar:/home/user/.m2/repository/com/google/protobuf/protobuf-java-util/3.5.1/protobuf-java-util-3.5.1.jar:/home/user/.m2/repository/org/apache/hadoop/hadoop-hdds-config/0.5.0-SNAPSHOT/hadoop-hdds-config-0.5.0-SNAPSHOT.jar:/home/user/.m2/repository/io/grpc/grpc-netty/1.17.1/grpc-netty-1.17.1.jar:/home/user/.m2/repository/io/grpc/grpc-core/1.17.1/grpc-core-1.17.1.jar:/home/user/.m2/repository/io/grpc/grpc-context/1.17.1/grpc-context-1.17.1.jar:/home/user/.m2/repository/com/google/errorprone/error_prone_annotations/2.2.0/error_prone_annotations-2.2.0.jar:/home/user/.m2/repository/org/codehaus/mojo/animal-sniffer-annotations/1.17/animal-sniffer-annotations-1.17.jar:/home/user/.m2/repository/io/opencensus/opencensus-api/0.17.0/opencensus-api-0.17.0.jar:/home/user/.m2/repository/io/opencensus/opencensus-contrib-grpc-metrics/0.17.0/opencensus-contrib-grpc-metrics-0.17.0.jar:/home/user/.m2/repository/io/netty/netty-codec-http2/4.1.30.Final/netty-codec-http2-4.1.30.Final.jar:/home/user/.m2/repository/io/netty/netty-codec-http/4.1.30.Final/netty-codec-http-4.1.30.Final.jar:/home/user/.m2/repository/io/netty/netty-codec/4.1.30.Final/netty-codec-4.1.30.Final.jar:/home/user/.m2/repository/io/netty/netty-handler/4.1.30.Final/netty-handler-4.1.30.Final.jar:/home/user/.m2/repository/io/netty/netty-handler-proxy/4.1.30.Final/netty-handler-proxy-4.1.30.Final.jar:/home/user/.m2/repository/io/netty/netty-codec-socks/4.1.30.Final/netty-codec-socks-4.1.30.Final.jar:/home/user/.m2/repository/io/netty/netty-transport-native-epoll/4.1.30.Final/netty-transport-native-epoll-4.1.30.Final.jar:/home/user/.m2/repository/io/netty/netty-common/4.1.30.Final/netty-common-4.1.30.Final.jar:/home/user/.m2/repository/io/netty/netty-buffer/4.1.30.Final/netty-buffer-4.1.30.Final.jar:/home/user/.m2/repository/io/netty/netty-transport/4.1.30.Final/netty-transport-4.1.30.Final.jar:/home/user/.m2/repository/io/netty/netty-resolver/4.1.30.Final/netty-resolver-4.1.30.Final.jar:/home/user/.m2/repository/io/netty/netty-transport-native-unix-common/4.1.30.Final/netty-transport-native-unix-common-4.1.30.Final.jar:/home/user/.m2/repository/io/grpc/grpc-protobuf/1.17.1/grpc-protobuf-1.17.1.jar:/home/user/.m2/repository/com/google/api/grpc/proto-google-common-protos/1.0.0/proto-google-common-protos-1.0.0.jar:/home/user/.m2/repository/io/grpc/grpc-protobuf-lite/1.17.1/grpc-protobuf-lite-1.17.1.jar:/home/user/.m2/repository/io/grpc/grpc-stub/1.17.1/grpc-stub-1.17.1.jar:/home/user/.m2/repository/org/apache/hadoop/hadoop-ozone-recon/0.5.0-SNAPSHOT/hadoop-ozone-recon-0.5.0-SNAPSHOT.jar:/home/user/.m2/repository/org/apache/hadoop/hadoop-ozone-reconcodegen/0.5.0-SNAPSHOT/hadoop-ozone-reconcodegen-0.5.0-SNAPSHOT.jar:/home/user/.m2/repository/com/google/inject/extensions/guice-multibindings/4.0/guice-multibindings-4.0.jar:/home/user/.m2/repository/com/google/inject/guice/4.0/guice-4.0.jar:/home/user/.m2/repository/aopalliance/aopalliance/1.0/aopalliance-1.0.jar:/home/user/.m2/repository/com/google/inject/extensions/guice-servlet/4.0/guice-servlet-4.0.jar:/home/user/.m2/repository/org/glassfish/jersey/containers/jersey-container-servlet/2.27/jersey-container-servlet-2.27.jar:/home/user/.m2/repository/org/glassfish/hk2/guice-bridge/2.5.0/guice-bridge-2.5.0.jar:/home/user/.m2/repository/org/glassfish/jersey/core/jersey-server/2.27/jersey-server-2.27.jar:/home/user/.m2/repository/org/glassfish/jersey/core/jersey-client/2.27/jersey-client-2.27.jar:/home/user/.m2/repository/org/glassfish/jersey/media/jersey-media-jaxb/2.27/jersey-media-jaxb-2.27.jar:/home/user/.m2/repository/javax/validation/validation-api/1.1.0.Final/validation-api-1.1.0.Final.jar:/home/user/.m2/repository/org/glassfish/jersey/media/jersey-media-json-jackson/2.27/jersey-media-json-jackson-2.27.jar:/home/user/.m2/repository/org/glassfish/jersey/ext/jersey-entity-filtering/2.27/jersey-entity-filtering-2.27.jar:/home/user/.m2/repository/com/google/inject/extensions/guice-assistedinject/4.0/guice-assistedinject-4.0.jar:/home/user/.m2/repository/org/jooq/jooq/3.11.10/jooq-3.11.10.jar:/home/user/.m2/repository/org/jooq/jooq-meta/3.11.10/jooq-meta-3.11.10.jar:/home/user/.m2/repository/org/jooq/jooq-codegen/3.11.10/jooq-codegen-3.11.10.jar:/home/user/.m2/repository/com/jolbox/bonecp/0.8.0.RELEASE/bonecp-0.8.0.RELEASE.jar:/home/user/.m2/repository/org/xerial/sqlite-jdbc/3.25.2/sqlite-jdbc-3.25.2.jar:/home/user/.m2/repository/org/springframework/spring-jdbc/5.1.3.RELEASE/spring-jdbc-5.1.3.RELEASE.jar:/home/user/.m2/repository/org/springframework/spring-beans/5.1.3.RELEASE/spring-beans-5.1.3.RELEASE.jar:/home/user/.m2/repository/org/springframework/spring-core/5.1.3.RELEASE/spring-core-5.1.3.RELEASE.jar:/home/user/.m2/repository/org/springframework/spring-jcl/5.1.3.RELEASE/spring-jcl-5.1.3.RELEASE.jar:/home/user/.m2/repository/org/springframework/spring-tx/5.1.3.RELEASE/spring-tx-5.1.3.RELEASE.jar:/home/user/.m2/repository/org/apache/hadoop/hadoop-ozone-client/0.5.0-SNAPSHOT/hadoop-ozone-client-0.5.0-SNAPSHOT.jar:/home/user/.m2/repository/commons-lang/commons-lang/2.6/commons-lang-2.6.jar:/home/user/.m2/repository/org/apache/hadoop/hadoop-ozone-ozone-manager/0.5.0-SNAPSHOT/hadoop-ozone-ozone-manager-0.5.0-SNAPSHOT-tests.jar:/home/user/.m2/repository/junit/junit/4.11/junit-4.11.jar:/home/user/.m2/repository/org/hamcrest/hamcrest-core/1.3/hamcrest-core-1.3.jar:/home/user/.m2/repository/org/openjdk/jmh/jmh-core/1.19/jmh-core-1.19.jar:/home/user/.m2/repository/net/sf/jopt-simple/jopt-simple/4.6/jopt-simple-4.6.jar:/home/user/.m2/repository/org/apache/commons/commons-math3/3.1.1/commons-math3-3.1.1.jar:/home/user/.m2/repository/org/openjdk/jmh/jmh-generator-annprocess/1.19/jmh-generator-annprocess-1.19.jar:/home/user/.m2/repository/org/mockito/mockito-all/1.8.5/mockito-all-1.8.5.jar:/home/user/.m2/repository/org/apache/hadoop/hadoop-kms/3.2.0/hadoop-kms-3.2.0.jar:/home/user/.m2/repository/org/apache/hadoop/hadoop-auth/3.2.0/hadoop-auth-3.2.0.jar:/home/user/.m2/repository/com/nimbusds/nimbus-jose-jwt/4.41.1/nimbus-jose-jwt-4.41.1.jar:/home/user/.m2/repository/com/github/stephenc/jcip/jcip-annotations/1.0-1/jcip-annotations-1.0-1.jar:/home/user/.m2/repository/net/minidev/json-smart/2.3/json-smart-2.3.jar:/home/user/.m2/repository/net/minidev/accessors-smart/1.2/accessors-smart-1.2.jar:/home/user/.m2/repository/org/ow2/asm/asm/5.0.4/asm-5.0.4.jar:/home/user/.m2/repository/org/apache/curator/curator-framework/2.12.0/curator-framework-2.12.0.jar:/home/user/.m2/repository/com/sun/jersey/jersey-core/1.19/jersey-core-1.19.jar:/home/user/.m2/repository/javax/ws/rs/jsr311-api/1.1.1/jsr311-api-1.1.1.jar:/home/user/.m2/repository/com/sun/jersey/jersey-server/1.19/jersey-server-1.19.jar:/home/user/.m2/repository/javax/servlet/javax.servlet-api/3.1.0/javax.servlet-api-3.1.0.jar:/home/user/.m2/repository/org/eclipse/jetty/jetty-server/9.3.24.v20180605/jetty-server-9.3.24.v20180605.jar:/home/user/.m2/repository/org/eclipse/jetty/jetty-http/9.3.24.v20180605/jetty-http-9.3.24.v20180605.jar:/home/user/.m2/repository/org/eclipse/jetty/jetty-io/9.3.24.v20180605/jetty-io-9.3.24.v20180605.jar:/home/user/.m2/repository/org/eclipse/jetty/jetty-webapp/9.3.24.v20180605/jetty-webapp-9.3.24.v20180605.jar:/home/user/.m2/repository/org/eclipse/jetty/jetty-xml/9.3.24.v20180605/jetty-xml-9.3.24.v20180605.jar:/home/user/.m2/repository/log4j/log4j/1.2.17/log4j-1.2.17.jar:/home/user/.m2/repository/org/slf4j/slf4j-api/1.7.25/slf4j-api-1.7.25.jar:/home/user/.m2/repository/org/slf4j/jul-to-slf4j/1.7.25/jul-to-slf4j-1.7.25.jar:/home/user/.m2/repository/org/eclipse/jetty/jetty-util/9.3.24.v20180605/jetty-util-9.3.24.v20180605.jar:/home/user/.m2/repository/com/fasterxml/jackson/core/jackson-databind/2.9.5/jackson-databind-2.9.5.jar:/home/user/.m2/repository/org/apache/hadoop/hadoop-kms/3.2.0/hadoop-kms-3.2.0-tests.jar:/home/user/.m2/repository/org/apache/hadoop/hadoop-hdds-server-scm/0.5.0-SNAPSHOT/hadoop-hdds-server-scm-0.5.0-SNAPSHOT-tests.jar:/home/user/.m2/repository/org/apache/hadoop/hadoop-hdds-container-service/0.5.0-SNAPSHOT/hadoop-hdds-container-service-0.5.0-SNAPSHOT-tests.jar:/home/user/.m2/repository/org/yaml/snakeyaml/1.16/snakeyaml-1.16.jar:/home/user/.m2/repository/org/apache/hadoop/hadoop-common/3.2.0/hadoop-common-3.2.0-tests.jar:/home/user/.m2/repository/org/apache/hadoop/hadoop-annotations/3.2.0/hadoop-annotations-3.2.0.jar:/usr/lib/jvm/java-1.8-openjdk/jre/../lib/tools.jar:/home/user/.m2/repository/commons-cli/commons-cli/1.2/commons-cli-1.2.jar:/home/user/.m2/repository/org/apache/httpcomponents/httpclient/4.5.2/httpclient-4.5.2.jar:/home/user/.m2/repository/org/apache/httpcomponents/httpcore/4.4.4/httpcore-4.4.4.jar:/home/user/.m2/repository/commons-codec/commons-codec/1.11/commons-codec-1.11.jar:/home/user/.m2/repository/commons-net/commons-net/3.6/commons-net-3.6.jar:/home/user/.m2/repository/commons-collections/commons-collections/3.2.2/commons-collections-3.2.2.jar:/home/user/.m2/repository/org/eclipse/jetty/jetty-servlet/9.3.24.v20180605/jetty-servlet-9.3.24.v20180605.jar:/home/user/.m2/repository/org/eclipse/jetty/jetty-security/9.3.24.v20180605/jetty-security-9.3.24.v20180605.jar:/home/user/.m2/repository/javax/servlet/jsp/jsp-api/2.1/jsp-api-2.1.jar:/home/user/.m2/repository/com/sun/jersey/jersey-servlet/1.19/jersey-servlet-1.19.jar:/home/user/.m2/repository/com/sun/jersey/jersey-json/1.19/jersey-json-1.19.jar:/home/user/.m2/repository/org/codehaus/jettison/jettison/1.1/jettison-1.1.jar:/home/user/.m2/repository/org/codehaus/jackson/jackson-core-asl/1.9.13/jackson-core-asl-1.9.13.jar:/home/user/.m2/repository/org/codehaus/jackson/jackson-mapper-asl/1.9.13/jackson-mapper-asl-1.9.13.jar:/home/user/.m2/repository/org/codehaus/jackson/jackson-jaxrs/1.9.13/jackson-jaxrs-1.9.13.jar:/home/user/.m2/repository/org/codehaus/jackson/jackson-xc/1.9.13/jackson-xc-1.9.13.jar:/home/user/.m2/repository/commons-logging/commons-logging/1.1.3/commons-logging-1.1.3.jar:/home/user/.m2/repository/commons-beanutils/commons-beanutils/1.9.3/commons-beanutils-1.9.3.jar:/home/user/.m2/repository/org/apache/commons/commons-configuration2/2.1.1/commons-configuration2-2.1.1.jar:/home/user/.m2/repository/org/apache/commons/commons-lang3/3.7/commons-lang3-3.7.jar:/home/user/.m2/repository/org/apache/commons/commons-text/1.4/commons-text-1.4.jar:/home/user/.m2/repository/org/apache/avro/avro/1.7.7/avro-1.7.7.jar:/home/user/.m2/repository/com/thoughtworks/paranamer/paranamer/2.3/paranamer-2.3.jar:/home/user/.m2/repository/org/xerial/snappy/snappy-java/1.0.5/snappy-java-1.0.5.jar:/home/user/.m2/repository/com/google/re2j/re2j/1.1/re2j-1.1.jar:/home/user/.m2/repository/com/google/code/gson/gson/2.2.4/gson-2.2.4.jar:/home/user/.m2/repository/com/jcraft/jsch/0.1.54/jsch-0.1.54.jar:/home/user/.m2/repository/org/apache/curator/curator-client/2.12.0/curator-client-2.12.0.jar:/home/user/.m2/repository/org/apache/curator/curator-recipes/2.12.0/curator-recipes-2.12.0.jar:/home/user/.m2/repository/com/google/code/findbugs/jsr305/3.0.0/jsr305-3.0.0.jar:/home/user/.m2/repository/org/apache/htrace/htrace-core4/4.1.0-incubating/htrace-core4-4.1.0-incubating.jar:/home/user/.m2/repository/org/apache/zookeeper/zookeeper/3.4.13/zookeeper-3.4.13.jar:/home/user/.m2/repository/org/apache/yetus/audience-annotations/0.5.0/audience-annotations-0.5.0.jar:/home/user/.m2/repository/org/codehaus/woodstox/stax2-api/3.1.4/stax2-api-3.1.4.jar:/home/user/.m2/repository/com/fasterxml/woodstox/woodstox-core/5.0.3/woodstox-core-5.0.3.jar:/home/user/.m2/repository/dnsjava/dnsjava/2.1.7/dnsjava-2.1.7.jar:/home/user/.m2/repository/org/apache/hadoop/hadoop-hdfs/3.2.0/hadoop-hdfs-3.2.0-tests.jar:/home/user/.m2/repository/org/eclipse/jetty/jetty-util-ajax/9.3.24.v20180605/jetty-util-ajax-9.3.24.v20180605.jar:/home/user/.m2/repository/commons-daemon/commons-daemon/1.0.13/commons-daemon-1.0.13.jar:/home/user/.m2/repository/io/netty/netty/3.10.5.Final/netty-3.10.5.Final.jar:/home/user/.m2/repository/io/netty/netty-all/4.0.52.Final/netty-all-4.0.52.Final.jar:/home/user/.m2/repository/org/fusesource/leveldbjni/leveldbjni-all/1.8/leveldbjni-all-1.8.jar:"/>
    <property name="java.vm.vendor" value="IcedTea"/>
    <property name="sun.arch.data.model" value="64"/>
    <property name="test.build.dir" value="/workdir/hadoop-ozone/integration-test/target/test-dir"/>
    <property name="test.cache.data" value=""/>
    <property name="java.vendor.url" value="https://icedtea.classpath.org"/>
    <property name="user.timezone" value=""/>
    <property name="java.vm.specification.version" value="1.8"/>
    <property name="os.name" value="Linux"/>
    <property name="test.build.data" value="/workdir/hadoop-ozone/integration-test/target/test-dir"/>
    <property name="user.country" value="US"/>
    <property name="sun.java.launcher" value="SUN_STANDARD"/>
    <property name="sun.boot.library.path" value="/usr/lib/jvm/java-1.8-openjdk/jre/lib/amd64"/>
    <property name="sun.java.command" value="/workdir/hadoop-ozone/integration-test/target/surefire/surefirebooter4575055272780143853.jar /workdir/hadoop-ozone/integration-test/target/surefire 2019-09-09T21-27-25_837-jvmRun1 surefire9049435856898852345tmp surefire_208642370527788846079tmp"/>
    <property name="test" value="!TestMiniChaosOzoneCluster"/>
    <property name="surefire.test.class.path" value="/workdir/hadoop-ozone/integration-test/target/test-classes:/workdir/hadoop-ozone/integration-test/target/classes:/home/user/.m2/repository/org/apache/hadoop/hadoop-ozone-common/0.5.0-SNAPSHOT/hadoop-ozone-common-0.5.0-SNAPSHOT.jar:/home/user/.m2/repository/org/apache/commons/commons-compress/1.4.1/commons-compress-1.4.1.jar:/home/user/.m2/repository/org/tukaani/xz/1.0/xz-1.0.jar:/home/user/.m2/repository/org/apache/hadoop/hadoop-common/3.2.0/hadoop-common-3.2.0.jar:/home/user/.m2/repository/org/apache/hadoop/hadoop-hdfs/3.2.0/hadoop-hdfs-3.2.0.jar:/home/user/.m2/repository/org/apache/hadoop/hadoop-hdfs-client/3.2.0/hadoop-hdfs-client-3.2.0.jar:/home/user/.m2/repository/com/fasterxml/jackson/core/jackson-annotations/2.9.5/jackson-annotations-2.9.5.jar:/home/user/.m2/repository/org/apache/hadoop/hadoop-hdds-common/0.5.0-SNAPSHOT/hadoop-hdds-common-0.5.0-SNAPSHOT.jar:/home/user/.m2/repository/javax/annotation/javax.annotation-api/1.2/javax.annotation-api-1.2.jar:/home/user/.m2/repository/org/apache/ratis/ratis-server/0.4.0-2337318-SNAPSHOT/ratis-server-0.4.0-2337318-SNAPSHOT.jar:/home/user/.m2/repository/org/apache/ratis/ratis-thirdparty-misc/0.2.0/ratis-thirdparty-misc-0.2.0.jar:/home/user/.m2/repository/org/apache/ratis/ratis-proto/0.4.0-2337318-SNAPSHOT/ratis-proto-0.4.0-2337318-SNAPSHOT.jar:/home/user/.m2/repository/org/apache/ratis/ratis-common/0.4.0-2337318-SNAPSHOT/ratis-common-0.4.0-2337318-SNAPSHOT.jar:/home/user/.m2/repository/org/apache/ratis/ratis-client/0.4.0-2337318-SNAPSHOT/ratis-client-0.4.0-2337318-SNAPSHOT.jar:/home/user/.m2/repository/org/apache/ratis/ratis-metrics/0.4.0-2337318-SNAPSHOT/ratis-metrics-0.4.0-2337318-SNAPSHOT.jar:/home/user/.m2/repository/org/apache/ratis/ratis-netty/0.4.0-2337318-SNAPSHOT/ratis-netty-0.4.0-2337318-SNAPSHOT.jar:/home/user/.m2/repository/org/apache/ratis/ratis-grpc/0.4.0-2337318-SNAPSHOT/ratis-grpc-0.4.0-2337318-SNAPSHOT.jar:/home/user/.m2/repository/org/rocksdb/rocksdbjni/6.0.1/rocksdbjni-6.0.1.jar:/home/user/.m2/repository/org/apache/logging/log4j/log4j-api/2.11.0/log4j-api-2.11.0.jar:/home/user/.m2/repository/org/apache/logging/log4j/log4j-core/2.11.0/log4j-core-2.11.0.jar:/home/user/.m2/repository/com/lmax/disruptor/3.4.2/disruptor-3.4.2.jar:/home/user/.m2/repository/org/apache/commons/commons-pool2/2.6.0/commons-pool2-2.6.0.jar:/home/user/.m2/repository/org/bouncycastle/bcpkix-jdk15on/1.60/bcpkix-jdk15on-1.60.jar:/home/user/.m2/repository/commons-validator/commons-validator/1.6/commons-validator-1.6.jar:/home/user/.m2/repository/commons-digester/commons-digester/1.8.1/commons-digester-1.8.1.jar:/home/user/.m2/repository/io/jaegertracing/jaeger-client/0.33.1/jaeger-client-0.33.1.jar:/home/user/.m2/repository/io/jaegertracing/jaeger-thrift/0.33.1/jaeger-thrift-0.33.1.jar:/home/user/.m2/repository/org/apache/thrift/libthrift/0.11.0/libthrift-0.11.0.jar:/home/user/.m2/repository/com/squareup/okhttp3/okhttp/3.9.0/okhttp-3.9.0.jar:/home/user/.m2/repository/com/squareup/okio/okio/1.13.0/okio-1.13.0.jar:/home/user/.m2/repository/io/jaegertracing/jaeger-core/0.33.1/jaeger-core-0.33.1.jar:/home/user/.m2/repository/io/jaegertracing/jaeger-tracerresolver/0.33.1/jaeger-tracerresolver-0.33.1.jar:/home/user/.m2/repository/io/opentracing/contrib/opentracing-tracerresolver/0.1.5/opentracing-tracerresolver-0.1.5.jar:/home/user/.m2/repository/io/opentracing/opentracing-util/0.31.0/opentracing-util-0.31.0.jar:/home/user/.m2/repository/io/opentracing/opentracing-api/0.31.0/opentracing-api-0.31.0.jar:/home/user/.m2/repository/io/opentracing/opentracing-noop/0.31.0/opentracing-noop-0.31.0.jar:/home/user/.m2/repository/org/apache/hadoop/hadoop-hdds-server-framework/0.5.0-SNAPSHOT/hadoop-hdds-server-framework-0.5.0-SNAPSHOT.jar:/home/user/.m2/repository/org/apache/hadoop/hadoop-hdds-container-service/0.5.0-SNAPSHOT/hadoop-hdds-container-service-0.5.0-SNAPSHOT.jar:/home/user/.m2/repository/org/apache/hadoop/hadoop-hdds-client/0.5.0-SNAPSHOT/hadoop-hdds-client-0.5.0-SNAPSHOT.jar:/home/user/.m2/repository/org/apache/hadoop/hadoop-hdds-tools/0.5.0-SNAPSHOT/hadoop-hdds-tools-0.5.0-SNAPSHOT.jar:/home/user/.m2/repository/org/apache/hadoop/hadoop-hdds-server-scm/0.5.0-SNAPSHOT/hadoop-hdds-server-scm-0.5.0-SNAPSHOT.jar:/home/user/.m2/repository/org/apache/hadoop/hadoop-hdds-docs/0.5.0-SNAPSHOT/hadoop-hdds-docs-0.5.0-SNAPSHOT.jar:/home/user/.m2/repository/io/dropwizard/metrics/metrics-core/3.2.4/metrics-core-3.2.4.jar:/home/user/.m2/repository/org/hamcrest/hamcrest-all/1.3/hamcrest-all-1.3.jar:/home/user/.m2/repository/org/bouncycastle/bcprov-jdk15on/1.60/bcprov-jdk15on-1.60.jar:/home/user/.m2/repository/info/picocli/picocli/3.9.6/picocli-3.9.6.jar:/home/user/.m2/repository/com/google/protobuf/protobuf-java/2.5.0/protobuf-java-2.5.0.jar:/home/user/.m2/repository/com/google/guava/guava/11.0.2/guava-11.0.2.jar:/home/user/.m2/repository/org/apache/hadoop/hadoop-ozone-ozone-manager/0.5.0-SNAPSHOT/hadoop-ozone-ozone-manager-0.5.0-SNAPSHOT.jar:/home/user/.m2/repository/org/apache/hadoop/hadoop-minikdc/3.2.0/hadoop-minikdc-3.2.0.jar:/home/user/.m2/repository/commons-io/commons-io/2.5/commons-io-2.5.jar:/home/user/.m2/repository/org/apache/kerby/kerb-simplekdc/1.0.1/kerb-simplekdc-1.0.1.jar:/home/user/.m2/repository/org/apache/kerby/kerb-client/1.0.1/kerb-client-1.0.1.jar:/home/user/.m2/repository/org/apache/kerby/kerby-config/1.0.1/kerby-config-1.0.1.jar:/home/user/.m2/repository/org/apache/kerby/kerb-core/1.0.1/kerb-core-1.0.1.jar:/home/user/.m2/repository/org/apache/kerby/kerby-pkix/1.0.1/kerby-pkix-1.0.1.jar:/home/user/.m2/repository/org/apache/kerby/kerby-asn1/1.0.1/kerby-asn1-1.0.1.jar:/home/user/.m2/repository/org/apache/kerby/kerby-util/1.0.1/kerby-util-1.0.1.jar:/home/user/.m2/repository/org/apache/kerby/kerb-common/1.0.1/kerb-common-1.0.1.jar:/home/user/.m2/repository/org/apache/kerby/kerb-crypto/1.0.1/kerb-crypto-1.0.1.jar:/home/user/.m2/repository/org/apache/kerby/kerb-util/1.0.1/kerb-util-1.0.1.jar:/home/user/.m2/repository/org/apache/kerby/token-provider/1.0.1/token-provider-1.0.1.jar:/home/user/.m2/repository/org/apache/kerby/kerb-admin/1.0.1/kerb-admin-1.0.1.jar:/home/user/.m2/repository/org/apache/kerby/kerb-server/1.0.1/kerb-server-1.0.1.jar:/home/user/.m2/repository/org/apache/kerby/kerb-identity/1.0.1/kerb-identity-1.0.1.jar:/home/user/.m2/repository/org/apache/kerby/kerby-xdr/1.0.1/kerby-xdr-1.0.1.jar:/home/user/.m2/repository/org/slf4j/slf4j-log4j12/1.7.25/slf4j-log4j12-1.7.25.jar:/home/user/.m2/repository/org/apache/hadoop/hadoop-ozone-s3gateway/0.5.0-SNAPSHOT/hadoop-ozone-s3gateway-0.5.0-SNAPSHOT.jar:/home/user/.m2/repository/org/jboss/weld/servlet/weld-servlet/2.4.7.Final/weld-servlet-2.4.7.Final.jar:/home/user/.m2/repository/org/glassfish/jersey/containers/jersey-container-servlet-core/2.27/jersey-container-servlet-core-2.27.jar:/home/user/.m2/repository/org/glassfish/hk2/external/javax.inject/2.5.0-b42/javax.inject-2.5.0-b42.jar:/home/user/.m2/repository/org/glassfish/jersey/core/jersey-common/2.27/jersey-common-2.27.jar:/home/user/.m2/repository/org/glassfish/hk2/osgi-resource-locator/1.0.1/osgi-resource-locator-1.0.1.jar:/home/user/.m2/repository/javax/ws/rs/javax.ws.rs-api/2.1/javax.ws.rs-api-2.1.jar:/home/user/.m2/repository/org/glassfish/jersey/ext/cdi/jersey-cdi1x/2.27/jersey-cdi1x-2.27.jar:/home/user/.m2/repository/org/glassfish/jersey/inject/jersey-hk2/2.27/jersey-hk2-2.27.jar:/home/user/.m2/repository/org/glassfish/hk2/hk2-locator/2.5.0-b42/hk2-locator-2.5.0-b42.jar:/home/user/.m2/repository/org/javassist/javassist/3.22.0-CR2/javassist-3.22.0-CR2.jar:/home/user/.m2/repository/org/glassfish/hk2/hk2-api/2.5.0/hk2-api-2.5.0.jar:/home/user/.m2/repository/org/glassfish/hk2/external/jakarta.inject/2.5.0/jakarta.inject-2.5.0.jar:/home/user/.m2/repository/org/glassfish/hk2/hk2-utils/2.5.0/hk2-utils-2.5.0.jar:/home/user/.m2/repository/jakarta/annotation/jakarta.annotation-api/1.3.4/jakarta.annotation-api-1.3.4.jar:/home/user/.m2/repository/org/glassfish/hk2/external/aopalliance-repackaged/2.5.0/aopalliance-repackaged-2.5.0.jar:/home/user/.m2/repository/com/fasterxml/jackson/dataformat/jackson-dataformat-xml/2.9.0/jackson-dataformat-xml-2.9.0.jar:/home/user/.m2/repository/com/fasterxml/jackson/core/jackson-core/2.9.5/jackson-core-2.9.5.jar:/home/user/.m2/repository/com/fasterxml/jackson/module/jackson-module-jaxb-annotations/2.9.5/jackson-module-jaxb-annotations-2.9.5.jar:/home/user/.m2/repository/javax/enterprise/cdi-api/1.2/cdi-api-1.2.jar:/home/user/.m2/repository/javax/el/javax.el-api/3.0.0/javax.el-api-3.0.0.jar:/home/user/.m2/repository/javax/interceptor/javax.interceptor-api/1.2/javax.interceptor-api-1.2.jar:/home/user/.m2/repository/javax/inject/javax.inject/1/javax.inject-1.jar:/home/user/.m2/repository/com/sun/xml/bind/jaxb-impl/2.3.0.1/jaxb-impl-2.3.0.1.jar:/home/user/.m2/repository/com/sun/xml/bind/jaxb-core/2.3.0.1/jaxb-core-2.3.0.1.jar:/home/user/.m2/repository/javax/xml/bind/jaxb-api/2.3.0/jaxb-api-2.3.0.jar:/home/user/.m2/repository/javax/activation/activation/1.1.1/activation-1.1.1.jar:/home/user/.m2/repository/org/apache/hadoop/hadoop-ozone-csi/0.5.0-SNAPSHOT/hadoop-ozone-csi-0.5.0-SNAPSHOT.jar:/home/user/.m2/repository/com/google/protobuf/protobuf-java-util/3.5.1/protobuf-java-util-3.5.1.jar:/home/user/.m2/repository/org/apache/hadoop/hadoop-hdds-config/0.5.0-SNAPSHOT/hadoop-hdds-config-0.5.0-SNAPSHOT.jar:/home/user/.m2/repository/io/grpc/grpc-netty/1.17.1/grpc-netty-1.17.1.jar:/home/user/.m2/repository/io/grpc/grpc-core/1.17.1/grpc-core-1.17.1.jar:/home/user/.m2/repository/io/grpc/grpc-context/1.17.1/grpc-context-1.17.1.jar:/home/user/.m2/repository/com/google/errorprone/error_prone_annotations/2.2.0/error_prone_annotations-2.2.0.jar:/home/user/.m2/repository/org/codehaus/mojo/animal-sniffer-annotations/1.17/animal-sniffer-annotations-1.17.jar:/home/user/.m2/repository/io/opencensus/opencensus-api/0.17.0/opencensus-api-0.17.0.jar:/home/user/.m2/repository/io/opencensus/opencensus-contrib-grpc-metrics/0.17.0/opencensus-contrib-grpc-metrics-0.17.0.jar:/home/user/.m2/repository/io/netty/netty-codec-http2/4.1.30.Final/netty-codec-http2-4.1.30.Final.jar:/home/user/.m2/repository/io/netty/netty-codec-http/4.1.30.Final/netty-codec-http-4.1.30.Final.jar:/home/user/.m2/repository/io/netty/netty-codec/4.1.30.Final/netty-codec-4.1.30.Final.jar:/home/user/.m2/repository/io/netty/netty-handler/4.1.30.Final/netty-handler-4.1.30.Final.jar:/home/user/.m2/repository/io/netty/netty-handler-proxy/4.1.30.Final/netty-handler-proxy-4.1.30.Final.jar:/home/user/.m2/repository/io/netty/netty-codec-socks/4.1.30.Final/netty-codec-socks-4.1.30.Final.jar:/home/user/.m2/repository/io/netty/netty-transport-native-epoll/4.1.30.Final/netty-transport-native-epoll-4.1.30.Final.jar:/home/user/.m2/repository/io/netty/netty-common/4.1.30.Final/netty-common-4.1.30.Final.jar:/home/user/.m2/repository/io/netty/netty-buffer/4.1.30.Final/netty-buffer-4.1.30.Final.jar:/home/user/.m2/repository/io/netty/netty-transport/4.1.30.Final/netty-transport-4.1.30.Final.jar:/home/user/.m2/repository/io/netty/netty-resolver/4.1.30.Final/netty-resolver-4.1.30.Final.jar:/home/user/.m2/repository/io/netty/netty-transport-native-unix-common/4.1.30.Final/netty-transport-native-unix-common-4.1.30.Final.jar:/home/user/.m2/repository/io/grpc/grpc-protobuf/1.17.1/grpc-protobuf-1.17.1.jar:/home/user/.m2/repository/com/google/api/grpc/proto-google-common-protos/1.0.0/proto-google-common-protos-1.0.0.jar:/home/user/.m2/repository/io/grpc/grpc-protobuf-lite/1.17.1/grpc-protobuf-lite-1.17.1.jar:/home/user/.m2/repository/io/grpc/grpc-stub/1.17.1/grpc-stub-1.17.1.jar:/home/user/.m2/repository/org/apache/hadoop/hadoop-ozone-recon/0.5.0-SNAPSHOT/hadoop-ozone-recon-0.5.0-SNAPSHOT.jar:/home/user/.m2/repository/org/apache/hadoop/hadoop-ozone-reconcodegen/0.5.0-SNAPSHOT/hadoop-ozone-reconcodegen-0.5.0-SNAPSHOT.jar:/home/user/.m2/repository/com/google/inject/extensions/guice-multibindings/4.0/guice-multibindings-4.0.jar:/home/user/.m2/repository/com/google/inject/guice/4.0/guice-4.0.jar:/home/user/.m2/repository/aopalliance/aopalliance/1.0/aopalliance-1.0.jar:/home/user/.m2/repository/com/google/inject/extensions/guice-servlet/4.0/guice-servlet-4.0.jar:/home/user/.m2/repository/org/glassfish/jersey/containers/jersey-container-servlet/2.27/jersey-container-servlet-2.27.jar:/home/user/.m2/repository/org/glassfish/hk2/guice-bridge/2.5.0/guice-bridge-2.5.0.jar:/home/user/.m2/repository/org/glassfish/jersey/core/jersey-server/2.27/jersey-server-2.27.jar:/home/user/.m2/repository/org/glassfish/jersey/core/jersey-client/2.27/jersey-client-2.27.jar:/home/user/.m2/repository/org/glassfish/jersey/media/jersey-media-jaxb/2.27/jersey-media-jaxb-2.27.jar:/home/user/.m2/repository/javax/validation/validation-api/1.1.0.Final/validation-api-1.1.0.Final.jar:/home/user/.m2/repository/org/glassfish/jersey/media/jersey-media-json-jackson/2.27/jersey-media-json-jackson-2.27.jar:/home/user/.m2/repository/org/glassfish/jersey/ext/jersey-entity-filtering/2.27/jersey-entity-filtering-2.27.jar:/home/user/.m2/repository/com/google/inject/extensions/guice-assistedinject/4.0/guice-assistedinject-4.0.jar:/home/user/.m2/repository/org/jooq/jooq/3.11.10/jooq-3.11.10.jar:/home/user/.m2/repository/org/jooq/jooq-meta/3.11.10/jooq-meta-3.11.10.jar:/home/user/.m2/repository/org/jooq/jooq-codegen/3.11.10/jooq-codegen-3.11.10.jar:/home/user/.m2/repository/com/jolbox/bonecp/0.8.0.RELEASE/bonecp-0.8.0.RELEASE.jar:/home/user/.m2/repository/org/xerial/sqlite-jdbc/3.25.2/sqlite-jdbc-3.25.2.jar:/home/user/.m2/repository/org/springframework/spring-jdbc/5.1.3.RELEASE/spring-jdbc-5.1.3.RELEASE.jar:/home/user/.m2/repository/org/springframework/spring-beans/5.1.3.RELEASE/spring-beans-5.1.3.RELEASE.jar:/home/user/.m2/repository/org/springframework/spring-core/5.1.3.RELEASE/spring-core-5.1.3.RELEASE.jar:/home/user/.m2/repository/org/springframework/spring-jcl/5.1.3.RELEASE/spring-jcl-5.1.3.RELEASE.jar:/home/user/.m2/repository/org/springframework/spring-tx/5.1.3.RELEASE/spring-tx-5.1.3.RELEASE.jar:/home/user/.m2/repository/org/apache/hadoop/hadoop-ozone-client/0.5.0-SNAPSHOT/hadoop-ozone-client-0.5.0-SNAPSHOT.jar:/home/user/.m2/repository/commons-lang/commons-lang/2.6/commons-lang-2.6.jar:/home/user/.m2/repository/org/apache/hadoop/hadoop-ozone-ozone-manager/0.5.0-SNAPSHOT/hadoop-ozone-ozone-manager-0.5.0-SNAPSHOT-tests.jar:/home/user/.m2/repository/junit/junit/4.11/junit-4.11.jar:/home/user/.m2/repository/org/hamcrest/hamcrest-core/1.3/hamcrest-core-1.3.jar:/home/user/.m2/repository/org/openjdk/jmh/jmh-core/1.19/jmh-core-1.19.jar:/home/user/.m2/repository/net/sf/jopt-simple/jopt-simple/4.6/jopt-simple-4.6.jar:/home/user/.m2/repository/org/apache/commons/commons-math3/3.1.1/commons-math3-3.1.1.jar:/home/user/.m2/repository/org/openjdk/jmh/jmh-generator-annprocess/1.19/jmh-generator-annprocess-1.19.jar:/home/user/.m2/repository/org/mockito/mockito-all/1.8.5/mockito-all-1.8.5.jar:/home/user/.m2/repository/org/apache/hadoop/hadoop-kms/3.2.0/hadoop-kms-3.2.0.jar:/home/user/.m2/repository/org/apache/hadoop/hadoop-auth/3.2.0/hadoop-auth-3.2.0.jar:/home/user/.m2/repository/com/nimbusds/nimbus-jose-jwt/4.41.1/nimbus-jose-jwt-4.41.1.jar:/home/user/.m2/repository/com/github/stephenc/jcip/jcip-annotations/1.0-1/jcip-annotations-1.0-1.jar:/home/user/.m2/repository/net/minidev/json-smart/2.3/json-smart-2.3.jar:/home/user/.m2/repository/net/minidev/accessors-smart/1.2/accessors-smart-1.2.jar:/home/user/.m2/repository/org/ow2/asm/asm/5.0.4/asm-5.0.4.jar:/home/user/.m2/repository/org/apache/curator/curator-framework/2.12.0/curator-framework-2.12.0.jar:/home/user/.m2/repository/com/sun/jersey/jersey-core/1.19/jersey-core-1.19.jar:/home/user/.m2/repository/javax/ws/rs/jsr311-api/1.1.1/jsr311-api-1.1.1.jar:/home/user/.m2/repository/com/sun/jersey/jersey-server/1.19/jersey-server-1.19.jar:/home/user/.m2/repository/javax/servlet/javax.servlet-api/3.1.0/javax.servlet-api-3.1.0.jar:/home/user/.m2/repository/org/eclipse/jetty/jetty-server/9.3.24.v20180605/jetty-server-9.3.24.v20180605.jar:/home/user/.m2/repository/org/eclipse/jetty/jetty-http/9.3.24.v20180605/jetty-http-9.3.24.v20180605.jar:/home/user/.m2/repository/org/eclipse/jetty/jetty-io/9.3.24.v20180605/jetty-io-9.3.24.v20180605.jar:/home/user/.m2/repository/org/eclipse/jetty/jetty-webapp/9.3.24.v20180605/jetty-webapp-9.3.24.v20180605.jar:/home/user/.m2/repository/org/eclipse/jetty/jetty-xml/9.3.24.v20180605/jetty-xml-9.3.24.v20180605.jar:/home/user/.m2/repository/log4j/log4j/1.2.17/log4j-1.2.17.jar:/home/user/.m2/repository/org/slf4j/slf4j-api/1.7.25/slf4j-api-1.7.25.jar:/home/user/.m2/repository/org/slf4j/jul-to-slf4j/1.7.25/jul-to-slf4j-1.7.25.jar:/home/user/.m2/repository/org/eclipse/jetty/jetty-util/9.3.24.v20180605/jetty-util-9.3.24.v20180605.jar:/home/user/.m2/repository/com/fasterxml/jackson/core/jackson-databind/2.9.5/jackson-databind-2.9.5.jar:/home/user/.m2/repository/org/apache/hadoop/hadoop-kms/3.2.0/hadoop-kms-3.2.0-tests.jar:/home/user/.m2/repository/org/apache/hadoop/hadoop-hdds-server-scm/0.5.0-SNAPSHOT/hadoop-hdds-server-scm-0.5.0-SNAPSHOT-tests.jar:/home/user/.m2/repository/org/apache/hadoop/hadoop-hdds-container-service/0.5.0-SNAPSHOT/hadoop-hdds-container-service-0.5.0-SNAPSHOT-tests.jar:/home/user/.m2/repository/org/yaml/snakeyaml/1.16/snakeyaml-1.16.jar:/home/user/.m2/repository/org/apache/hadoop/hadoop-common/3.2.0/hadoop-common-3.2.0-tests.jar:/home/user/.m2/repository/org/apache/hadoop/hadoop-annotations/3.2.0/hadoop-annotations-3.2.0.jar:/usr/lib/jvm/java-1.8-openjdk/jre/../lib/tools.jar:/home/user/.m2/repository/commons-cli/commons-cli/1.2/commons-cli-1.2.jar:/home/user/.m2/repository/org/apache/httpcomponents/httpclient/4.5.2/httpclient-4.5.2.jar:/home/user/.m2/repository/org/apache/httpcomponents/httpcore/4.4.4/httpcore-4.4.4.jar:/home/user/.m2/repository/commons-codec/commons-codec/1.11/commons-codec-1.11.jar:/home/user/.m2/repository/commons-net/commons-net/3.6/commons-net-3.6.jar:/home/user/.m2/repository/commons-collections/commons-collections/3.2.2/commons-collections-3.2.2.jar:/home/user/.m2/repository/org/eclipse/jetty/jetty-servlet/9.3.24.v20180605/jetty-servlet-9.3.24.v20180605.jar:/home/user/.m2/repository/org/eclipse/jetty/jetty-security/9.3.24.v20180605/jetty-security-9.3.24.v20180605.jar:/home/user/.m2/repository/javax/servlet/jsp/jsp-api/2.1/jsp-api-2.1.jar:/home/user/.m2/repository/com/sun/jersey/jersey-servlet/1.19/jersey-servlet-1.19.jar:/home/user/.m2/repository/com/sun/jersey/jersey-json/1.19/jersey-json-1.19.jar:/home/user/.m2/repository/org/codehaus/jettison/jettison/1.1/jettison-1.1.jar:/home/user/.m2/repository/org/codehaus/jackson/jackson-core-asl/1.9.13/jackson-core-asl-1.9.13.jar:/home/user/.m2/repository/org/codehaus/jackson/jackson-mapper-asl/1.9.13/jackson-mapper-asl-1.9.13.jar:/home/user/.m2/repository/org/codehaus/jackson/jackson-jaxrs/1.9.13/jackson-jaxrs-1.9.13.jar:/home/user/.m2/repository/org/codehaus/jackson/jackson-xc/1.9.13/jackson-xc-1.9.13.jar:/home/user/.m2/repository/commons-logging/commons-logging/1.1.3/commons-logging-1.1.3.jar:/home/user/.m2/repository/commons-beanutils/commons-beanutils/1.9.3/commons-beanutils-1.9.3.jar:/home/user/.m2/repository/org/apache/commons/commons-configuration2/2.1.1/commons-configuration2-2.1.1.jar:/home/user/.m2/repository/org/apache/commons/commons-lang3/3.7/commons-lang3-3.7.jar:/home/user/.m2/repository/org/apache/commons/commons-text/1.4/commons-text-1.4.jar:/home/user/.m2/repository/org/apache/avro/avro/1.7.7/avro-1.7.7.jar:/home/user/.m2/repository/com/thoughtworks/paranamer/paranamer/2.3/paranamer-2.3.jar:/home/user/.m2/repository/org/xerial/snappy/snappy-java/1.0.5/snappy-java-1.0.5.jar:/home/user/.m2/repository/com/google/re2j/re2j/1.1/re2j-1.1.jar:/home/user/.m2/repository/com/google/code/gson/gson/2.2.4/gson-2.2.4.jar:/home/user/.m2/repository/com/jcraft/jsch/0.1.54/jsch-0.1.54.jar:/home/user/.m2/repository/org/apache/curator/curator-client/2.12.0/curator-client-2.12.0.jar:/home/user/.m2/repository/org/apache/curator/curator-recipes/2.12.0/curator-recipes-2.12.0.jar:/home/user/.m2/repository/com/google/code/findbugs/jsr305/3.0.0/jsr305-3.0.0.jar:/home/user/.m2/repository/org/apache/htrace/htrace-core4/4.1.0-incubating/htrace-core4-4.1.0-incubating.jar:/home/user/.m2/repository/org/apache/zookeeper/zookeeper/3.4.13/zookeeper-3.4.13.jar:/home/user/.m2/repository/org/apache/yetus/audience-annotations/0.5.0/audience-annotations-0.5.0.jar:/home/user/.m2/repository/org/codehaus/woodstox/stax2-api/3.1.4/stax2-api-3.1.4.jar:/home/user/.m2/repository/com/fasterxml/woodstox/woodstox-core/5.0.3/woodstox-core-5.0.3.jar:/home/user/.m2/repository/dnsjava/dnsjava/2.1.7/dnsjava-2.1.7.jar:/home/user/.m2/repository/org/apache/hadoop/hadoop-hdfs/3.2.0/hadoop-hdfs-3.2.0-tests.jar:/home/user/.m2/repository/org/eclipse/jetty/jetty-util-ajax/9.3.24.v20180605/jetty-util-ajax-9.3.24.v20180605.jar:/home/user/.m2/repository/commons-daemon/commons-daemon/1.0.13/commons-daemon-1.0.13.jar:/home/user/.m2/repository/io/netty/netty/3.10.5.Final/netty-3.10.5.Final.jar:/home/user/.m2/repository/io/netty/netty-all/4.0.52.Final/netty-all-4.0.52.Final.jar:/home/user/.m2/repository/org/fusesource/leveldbjni/leveldbjni-all/1.8/leveldbjni-all-1.8.jar:"/>
    <property name="sun.cpu.endian" value="little"/>
    <property name="user.home" value="/home/user"/>
    <property name="user.language" value="en"/>
    <property name="java.specification.vendor" value="Oracle Corporation"/>
    <property name="java.home" value="/usr/lib/jvm/java-1.8-openjdk/jre"/>
    <property name="java.security.krb5.conf" value="/workdir/hadoop-ozone/integration-test/target/test-classes/krb5.conf"/>
    <property name="basedir" value="/workdir/hadoop-ozone/integration-test"/>
    <property name="file.separator" value="/"/>
    <property name="line.separator" value="&#10;"/>
    <property name="java.vm.specification.vendor" value="Oracle Corporation"/>
    <property name="java.specification.name" value="Java Platform API Specification"/>
    <property name="java.awt.graphicsenv" value="sun.awt.X11GraphicsEnvironment"/>
    <property name="surefire.real.class.path" value="/workdir/hadoop-ozone/integration-test/target/surefire/surefirebooter4575055272780143853.jar"/>
    <property name="hadoop.log.dir" value="/workdir/hadoop-ozone/integration-test/target/log"/>
    <property name="sun.boot.class.path" value="/usr/lib/jvm/java-1.8-openjdk/jre/lib/resources.jar:/usr/lib/jvm/java-1.8-openjdk/jre/lib/rt.jar:/usr/lib/jvm/java-1.8-openjdk/jre/lib/sunrsasign.jar:/usr/lib/jvm/java-1.8-openjdk/jre/lib/jsse.jar:/usr/lib/jvm/java-1.8-openjdk/jre/lib/jce.jar:/usr/lib/jvm/java-1.8-openjdk/jre/lib/charsets.jar:/usr/lib/jvm/java-1.8-openjdk/jre/lib/jfr.jar:/usr/lib/jvm/java-1.8-openjdk/jre/classes"/>
    <property name="sun.management.compiler" value="HotSpot 64-Bit Tiered Compilers"/>
    <property name="java.runtime.version" value="1.8.0_212-b04"/>
    <property name="java.net.preferIPv4Stack" value="true"/>
    <property name="user.name" value="jenkins1000"/>
    <property name="path.separator" value=":"/>
    <property name="java.security.egd" value="file:///dev/urandom"/>
    <property name="os.version" value="3.10.0-957.12.2.el7.x86_64"/>
    <property name="java.endorsed.dirs" value="/usr/lib/jvm/java-1.8-openjdk/jre/lib/endorsed"/>
    <property name="java.runtime.name" value="OpenJDK Runtime Environment"/>
    <property name="file.encoding" value="UTF-8"/>
    <property name="java.vm.name" value="OpenJDK 64-Bit Server VM"/>
    <property name="test.build.webapps" value=""/>
    <property name="localRepository" value="/home/user/.m2/repository"/>
    <property name="java.vendor.url.bug" value="https://icedtea.classpath.org/bugzilla"/>
    <property name="java.io.tmpdir" value="/tmp"/>
    <property name="require.test.libhadoop" value=""/>
    <property name="java.version" value="1.8.0_212"/>
    <property name="user.dir" value="/workdir/hadoop-ozone/integration-test"/>
    <property name="os.arch" value="amd64"/>
    <property name="java.vm.specification.name" value="Java Virtual Machine Specification"/>
    <property name="test.build.classes" value="/workdir/hadoop-ozone/integration-test/target/test-classes"/>
    <property name="java.awt.printerjob" value="sun.print.PSPrinterJob"/>
    <property name="sun.os.patch.level" value="unknown"/>
    <property name="hadoop.tmp.dir" value="/workdir/hadoop-ozone/integration-test/target/tmp"/>
    <property name="java.library.path" value="/usr/lib/jvm/java-1.8-openjdk/jre/lib/amd64/server:/usr/lib/jvm/java-1.8-openjdk/jre/lib/amd64:/usr/lib/jvm/java-1.8-openjdk/jre/../lib/amd64:/workdir/hadoop-ozone/integration-test/target/native/target/usr/local/lib:/workdir/hadoop-ozone/integration-test/../../hadoop-common-project/hadoop-common/target/native/target/usr/local/lib:/usr/java/packages/lib/amd64:/usr/lib64:/lib64:/lib:/usr/lib"/>
    <property name="java.vm.info" value="mixed mode"/>
    <property name="java.vendor" value="IcedTea"/>
    <property name="java.vm.version" value="25.212-b04"/>
    <property name="java.ext.dirs" value="/usr/lib/jvm/java-1.8-openjdk/jre/lib/ext:/usr/java/packages/lib/ext"/>
    <property name="sun.io.unicode.encoding" value="UnicodeLittle"/>
    <property name="java.class.version" value="52.0"/>
  </properties>
  <testcase name="test2DatanodesFailure" classname="org.apache.hadoop.ozone.client.rpc.TestBlockOutputStreamWithFailures" time="47.699">
    <failure message="expected:&lt;5&gt; but was:&lt;6&gt;" type="java.lang.AssertionError"><![CDATA[java.lang.AssertionError: expected:<5> but was:<6>
	at org.junit.Assert.fail(Assert.java:88)
	at org.junit.Assert.failNotEquals(Assert.java:743)
	at org.junit.Assert.assertEquals(Assert.java:118)
	at org.junit.Assert.assertEquals(Assert.java:555)
	at org.junit.Assert.assertEquals(Assert.java:542)
	at org.apache.hadoop.ozone.client.rpc.TestBlockOutputStreamWithFailures.test2DatanodesFailure(TestBlockOutputStreamWithFailures.java:467)
	at sun.reflect.NativeMethodAccessorImpl.invoke0(Native Method)
	at sun.reflect.NativeMethodAccessorImpl.invoke(NativeMethodAccessorImpl.java:62)
	at sun.reflect.DelegatingMethodAccessorImpl.invoke(DelegatingMethodAccessorImpl.java:43)
	at java.lang.reflect.Method.invoke(Method.java:498)
	at org.junit.runners.model.FrameworkMethod$1.runReflectiveCall(FrameworkMethod.java:47)
	at org.junit.internal.runners.model.ReflectiveCallable.run(ReflectiveCallable.java:12)
	at org.junit.runners.model.FrameworkMethod.invokeExplosively(FrameworkMethod.java:44)
	at org.junit.internal.runners.statements.InvokeMethod.evaluate(InvokeMethod.java:17)
	at org.junit.internal.runners.statements.RunBefores.evaluate(RunBefores.java:26)
	at org.junit.internal.runners.statements.RunAfters.evaluate(RunAfters.java:27)
	at org.junit.runners.ParentRunner.runLeaf(ParentRunner.java:271)
	at org.junit.runners.BlockJUnit4ClassRunner.runChild(BlockJUnit4ClassRunner.java:70)
	at org.junit.runners.BlockJUnit4ClassRunner.runChild(BlockJUnit4ClassRunner.java:50)
	at org.junit.runners.ParentRunner$3.run(ParentRunner.java:238)
	at org.junit.runners.ParentRunner$1.schedule(ParentRunner.java:63)
	at org.junit.runners.ParentRunner.runChildren(ParentRunner.java:236)
	at org.junit.runners.ParentRunner.access$000(ParentRunner.java:53)
	at org.junit.runners.ParentRunner$2.evaluate(ParentRunner.java:229)
	at org.junit.runners.ParentRunner.run(ParentRunner.java:309)
	at org.apache.maven.surefire.junit4.JUnit4Provider.execute(JUnit4Provider.java:365)
	at org.apache.maven.surefire.junit4.JUnit4Provider.executeWithRerun(JUnit4Provider.java:273)
	at org.apache.maven.surefire.junit4.JUnit4Provider.executeTestSet(JUnit4Provider.java:238)
	at org.apache.maven.surefire.junit4.JUnit4Provider.invoke(JUnit4Provider.java:159)
	at org.apache.maven.surefire.booter.ForkedBooter.invokeProviderInSameClassLoader(ForkedBooter.java:384)
	at org.apache.maven.surefire.booter.ForkedBooter.runSuitesInProcess(ForkedBooter.java:345)
	at org.apache.maven.surefire.booter.ForkedBooter.execute(ForkedBooter.java:126)
	at org.apache.maven.surefire.booter.ForkedBooter.main(ForkedBooter.java:418)
]]></failure>
    <system-out><![CDATA[2019-09-09 21:44:27,957 [main] WARN  server.ServerUtils (ServerUtils.java:getScmDbDir(145)) - ozone.scm.db.dirs is not configured. We recommend adding this setting. Falling back to ozone.metadata.dirs instead.
2019-09-09 21:44:28,127 [main] WARN  server.ServerUtils (ServerUtils.java:getScmDbDir(145)) - ozone.scm.db.dirs is not configured. We recommend adding this setting. Falling back to ozone.metadata.dirs instead.
2019-09-09 21:44:28,131 [main] WARN  server.ServerUtils (ServerUtils.java:getScmDbDir(145)) - ozone.scm.db.dirs is not configured. We recommend adding this setting. Falling back to ozone.metadata.dirs instead.
2019-09-09 21:44:28,152 [main] INFO  util.log (Log.java:initialized(192)) - Logging initialized @955ms
2019-09-09 21:44:28,268 [main] INFO  db.DBStoreBuilder (DBStoreBuilder.java:addTable(110)) - using custom profile for table: deletedBlocks
2019-09-09 21:44:28,268 [main] INFO  db.DBStoreBuilder (DBStoreBuilder.java:processTables(161)) - Using default column profile:DBProfile.DISK for Table:deletedBlocks
2019-09-09 21:44:28,269 [main] INFO  db.DBStoreBuilder (DBStoreBuilder.java:addTable(110)) - using custom profile for table: validCerts
2019-09-09 21:44:28,269 [main] INFO  db.DBStoreBuilder (DBStoreBuilder.java:processTables(161)) - Using default column profile:DBProfile.DISK for Table:validCerts
2019-09-09 21:44:28,269 [main] INFO  db.DBStoreBuilder (DBStoreBuilder.java:addTable(110)) - using custom profile for table: revokedCerts
2019-09-09 21:44:28,270 [main] INFO  db.DBStoreBuilder (DBStoreBuilder.java:processTables(161)) - Using default column profile:DBProfile.DISK for Table:revokedCerts
2019-09-09 21:44:28,293 [main] INFO  db.DBStoreBuilder (DBStoreBuilder.java:addTable(110)) - using custom profile for table: default
2019-09-09 21:44:28,294 [main] INFO  db.DBStoreBuilder (DBStoreBuilder.java:processTables(167)) - Using default column profile:DBProfile.DISK for Table:default
2019-09-09 21:44:28,296 [main] INFO  db.DBStoreBuilder (DBStoreBuilder.java:getDbProfile(198)) - Using default options. DBProfile.DISK
2019-09-09 21:44:28,545 [main] INFO  net.NodeSchemaLoader (NodeSchemaLoader.java:loadSchemaFromFile(125)) - Loading file from sun.misc.CompoundEnumeration@368f2016
2019-09-09 21:44:28,547 [main] INFO  net.NodeSchemaLoader (NodeSchemaLoader.java:loadSchema(171)) - Loading network topology layer schema file
2019-09-09 21:44:28,622 [main] INFO  node.SCMNodeManager (SCMNodeManager.java:<init>(114)) - Entering startup safe mode.
2019-09-09 21:44:28,703 [main] INFO  algorithms.ContainerPlacementPolicyFactory (ContainerPlacementPolicyFactory.java:getPolicy(55)) - Create container placement policy of type org.apache.hadoop.hdds.scm.container.placement.algorithms.SCMContainerPlacementRandom
2019-09-09 21:44:28,720 [main] WARN  server.ServerUtils (ServerUtils.java:getScmDbDir(145)) - ozone.scm.db.dirs is not configured. We recommend adding this setting. Falling back to ozone.metadata.dirs instead.
2019-09-09 21:44:28,808 [main] INFO  pipeline.SCMPipelineManager (SCMPipelineManager.java:initializePipelineState(128)) - No pipeline exists in current db
2019-09-09 21:44:28,811 [main] WARN  server.ServerUtils (ServerUtils.java:getScmDbDir(145)) - ozone.scm.db.dirs is not configured. We recommend adding this setting. Falling back to ozone.metadata.dirs instead.
2019-09-09 21:44:28,940 [main] WARN  events.EventQueue (EventQueue.java:fireEvent(183)) - No event handler registered for event TypedEvent{payloadType=SafeModeStatus, name='SafeModeStatus'}
2019-09-09 21:44:29,322 [main] INFO  ipc.CallQueueManager (CallQueueManager.java:<init>(84)) - Using callQueue: class java.util.concurrent.LinkedBlockingQueue, queueCapacity: 2000, scheduler: class org.apache.hadoop.ipc.DefaultRpcScheduler, ipcBackoff: false.
2019-09-09 21:44:29,351 [Socket Reader #1 for port 41536] INFO  ipc.Server (Server.java:run(1074)) - Starting Socket Reader #1 for port 41536
2019-09-09 21:44:29,516 [main] INFO  ipc.CallQueueManager (CallQueueManager.java:<init>(84)) - Using callQueue: class java.util.concurrent.LinkedBlockingQueue, queueCapacity: 2000, scheduler: class org.apache.hadoop.ipc.DefaultRpcScheduler, ipcBackoff: false.
2019-09-09 21:44:29,517 [Socket Reader #1 for port 34552] INFO  ipc.Server (Server.java:run(1074)) - Starting Socket Reader #1 for port 34552
2019-09-09 21:44:29,529 [main] INFO  ipc.CallQueueManager (CallQueueManager.java:<init>(84)) - Using callQueue: class java.util.concurrent.LinkedBlockingQueue, queueCapacity: 2000, scheduler: class org.apache.hadoop.ipc.DefaultRpcScheduler, ipcBackoff: false.
2019-09-09 21:44:29,530 [Socket Reader #1 for port 33364] INFO  ipc.Server (Server.java:run(1074)) - Starting Socket Reader #1 for port 33364
2019-09-09 21:44:29,560 [main] INFO  hdfs.DFSUtil (DFSUtil.java:httpServerTemplateForNNAndJN(1641)) - Starting Web-server for scm at: http://0.0.0.0:0
2019-09-09 21:44:29,748 [main] INFO  server.AuthenticationFilter (AuthenticationFilter.java:constructSecretProvider(240)) - Unable to initialize FileSignerSecretProvider, falling back to use random secrets.
2019-09-09 21:44:29,756 [main] WARN  http.HttpRequestLog (HttpRequestLog.java:getRequestLog(97)) - Jetty request log can only be enabled using Log4j
2019-09-09 21:44:29,764 [main] INFO  http.HttpServer2 (HttpServer2.java:addGlobalFilter(975)) - Added global filter 'safety' (class=org.apache.hadoop.http.HttpServer2$QuotingInputFilter)
2019-09-09 21:44:29,767 [main] INFO  http.HttpServer2 (HttpServer2.java:addFilter(948)) - Added filter static_user_filter (class=org.apache.hadoop.http.lib.StaticUserWebFilter$StaticUserFilter) to context scm
2019-09-09 21:44:29,768 [main] INFO  http.HttpServer2 (HttpServer2.java:addFilter(958)) - Added filter static_user_filter (class=org.apache.hadoop.http.lib.StaticUserWebFilter$StaticUserFilter) to context logs
2019-09-09 21:44:29,768 [main] INFO  http.HttpServer2 (HttpServer2.java:addFilter(958)) - Added filter static_user_filter (class=org.apache.hadoop.http.lib.StaticUserWebFilter$StaticUserFilter) to context static
2019-09-09 21:44:29,812 [main] INFO  server.StorageContainerManager (StorageContainerManager.java:start(759)) - StorageContainerLocationProtocol RPC server is listening at /0.0.0.0:33364
2019-09-09 21:44:29,890 [main] WARN  impl.MetricsConfig (MetricsConfig.java:loadFirst(134)) - Cannot locate configuration: tried hadoop-metrics2-storagecontainermanager.properties,hadoop-metrics2.properties
2019-09-09 21:44:29,905 [main] INFO  impl.MetricsSystemImpl (MetricsSystemImpl.java:startTimer(374)) - Scheduled Metric snapshot period at 10 second(s).
2019-09-09 21:44:29,905 [main] INFO  impl.MetricsSystemImpl (MetricsSystemImpl.java:start(191)) - StorageContainerManager metrics system started
2019-09-09 21:44:30,135 [main] INFO  server.SCMClientProtocolServer (SCMClientProtocolServer.java:start(151)) - RPC server for Client  is listening at /0.0.0.0:33364
2019-09-09 21:44:30,135 [IPC Server Responder] INFO  ipc.Server (Server.java:run(1314)) - IPC Server Responder: starting
2019-09-09 21:44:30,135 [IPC Server listener on 33364] INFO  ipc.Server (Server.java:run(1153)) - IPC Server listener on 33364: starting
2019-09-09 21:44:30,138 [main] INFO  server.StorageContainerManager (StorageContainerManager.java:start(769)) - ScmBlockLocationProtocol RPC server is listening at /0.0.0.0:34552
2019-09-09 21:44:30,140 [main] INFO  server.SCMBlockProtocolServer (SCMBlockProtocolServer.java:start(146)) - RPC server for Block Protocol is listening at /0.0.0.0:34552
2019-09-09 21:44:30,140 [IPC Server Responder] INFO  ipc.Server (Server.java:run(1314)) - IPC Server Responder: starting
2019-09-09 21:44:30,140 [IPC Server listener on 34552] INFO  ipc.Server (Server.java:run(1153)) - IPC Server listener on 34552: starting
2019-09-09 21:44:30,143 [main] INFO  server.StorageContainerManager (StorageContainerManager.java:start(773)) - ScmDatanodeProtocl RPC server is listening at /0.0.0.0:41536
2019-09-09 21:44:30,143 [main] INFO  server.SCMDatanodeProtocolServer (SCMDatanodeProtocolServer.java:start(191)) - RPC server for DataNodes is listening at /0.0.0.0:41536
2019-09-09 21:44:30,143 [IPC Server Responder] INFO  ipc.Server (Server.java:run(1314)) - IPC Server Responder: starting
2019-09-09 21:44:30,144 [IPC Server listener on 41536] INFO  ipc.Server (Server.java:run(1153)) - IPC Server listener on 41536: starting
2019-09-09 21:44:30,148 [main] INFO  http.HttpServer2 (HttpServer2.java:bindListener(1191)) - Jetty bound to port 46662
2019-09-09 21:44:30,150 [main] INFO  server.Server (Server.java:doStart(351)) - jetty-9.3.24.v20180605, build timestamp: 2018-06-05T17:11:56Z, git hash: 84205aa28f11a4f31f2a3b86d1bba2cc8ab69827
2019-09-09 21:44:30,189 [main] INFO  handler.ContextHandler (ContextHandler.java:doStart(781)) - Started o.e.j.s.ServletContextHandler@4af0df05{/logs,file:///workdir/hadoop-ozone/integration-test/target/log,AVAILABLE}
2019-09-09 21:44:30,190 [main] INFO  handler.ContextHandler (ContextHandler.java:doStart(781)) - Started o.e.j.s.ServletContextHandler@acdb094{/static,file:///workdir/hadoop-ozone/integration-test/target/test-classes/webapps/static,AVAILABLE}
2019-09-09 21:44:30,225 [main] INFO  handler.ContextHandler (ContextHandler.java:doStart(781)) - Started o.e.j.w.WebAppContext@7df587ef{/,file:///workdir/hadoop-ozone/integration-test/target/test-classes/webapps/scm/,AVAILABLE}{/scm}
2019-09-09 21:44:30,231 [main] INFO  server.AbstractConnector (AbstractConnector.java:doStart(278)) - Started ServerConnector@3591009c{HTTP/1.1,[http/1.1]}{0.0.0.0:46662}
2019-09-09 21:44:30,231 [main] INFO  server.Server (Server.java:doStart(419)) - Started @3034ms
2019-09-09 21:44:30,233 [main] INFO  impl.MetricsSinkAdapter (MetricsSinkAdapter.java:start(204)) - Sink prometheus started
2019-09-09 21:44:30,233 [main] INFO  impl.MetricsSystemImpl (MetricsSystemImpl.java:registerSink(301)) - Registered sink prometheus
2019-09-09 21:44:30,236 [main] INFO  server.BaseHttpServer (BaseHttpServer.java:updateConnectorAddress(215)) - HTTP server of SCM is listening at http://0.0.0.0:46662
2019-09-09 21:44:30,244 [org.apache.hadoop.util.JvmPauseMonitor$Monitor@3dd69f5a] INFO  util.JvmPauseMonitor (JvmPauseMonitor.java:run(188)) - Starting JVM pause monitor
2019-09-09 21:44:30,248 [main] WARN  server.ServerUtils (ServerUtils.java:getDBPath(222)) - ozone.om.db.dirs is not configured. We recommend adding this setting. Falling back to ozone.metadata.dirs instead.
2019-09-09 21:44:30,382 [main] WARN  server.ServerUtils (ServerUtils.java:getDBPath(222)) - ozone.om.db.dirs is not configured. We recommend adding this setting. Falling back to ozone.metadata.dirs instead.
2019-09-09 21:44:30,383 [main] WARN  server.ServerUtils (ServerUtils.java:getDBPath(222)) - ozone.om.db.dirs is not configured. We recommend adding this setting. Falling back to ozone.metadata.dirs instead.
2019-09-09 21:44:30,385 [main] INFO  om.OzoneManager (OzoneManager.java:setOMNodeDetails(649)) - OM Service ID is not set. Setting it to the default ID: omServiceIdDefault
2019-09-09 21:44:30,385 [main] INFO  om.OzoneManager (OzoneManager.java:setOMNodeDetails(655)) - OM Node ID is not set. Setting it to the OmStorage's OmID: dbf137b7-153a-425f-85a3-575697baed5a
2019-09-09 21:44:30,387 [main] INFO  om.OzoneManager (OzoneManager.java:loadOMHAConfigs(606)) - Found matching OM address with OMServiceId: null, OMNodeId: null, RPC Address: localhost:0 and Ratis port: 9872
2019-09-09 21:44:31,141 [main] WARN  server.ServerUtils (ServerUtils.java:getDBPath(222)) - ozone.om.db.dirs is not configured. We recommend adding this setting. Falling back to ozone.metadata.dirs instead.
2019-09-09 21:44:31,149 [main] INFO  db.DBStoreBuilder (DBStoreBuilder.java:addTable(110)) - using custom profile for table: userTable
2019-09-09 21:44:31,149 [main] INFO  db.DBStoreBuilder (DBStoreBuilder.java:processTables(161)) - Using default column profile:DBProfile.DISK for Table:userTable
2019-09-09 21:44:31,149 [main] INFO  db.DBStoreBuilder (DBStoreBuilder.java:addTable(110)) - using custom profile for table: volumeTable
2019-09-09 21:44:31,149 [main] INFO  db.DBStoreBuilder (DBStoreBuilder.java:processTables(161)) - Using default column profile:DBProfile.DISK for Table:volumeTable
2019-09-09 21:44:31,150 [main] INFO  db.DBStoreBuilder (DBStoreBuilder.java:addTable(110)) - using custom profile for table: bucketTable
2019-09-09 21:44:31,150 [main] INFO  db.DBStoreBuilder (DBStoreBuilder.java:processTables(161)) - Using default column profile:DBProfile.DISK for Table:bucketTable
2019-09-09 21:44:31,150 [main] INFO  db.DBStoreBuilder (DBStoreBuilder.java:addTable(110)) - using custom profile for table: keyTable
2019-09-09 21:44:31,151 [main] INFO  db.DBStoreBuilder (DBStoreBuilder.java:processTables(161)) - Using default column profile:DBProfile.DISK for Table:keyTable
2019-09-09 21:44:31,151 [main] INFO  db.DBStoreBuilder (DBStoreBuilder.java:addTable(110)) - using custom profile for table: deletedTable
2019-09-09 21:44:31,151 [main] INFO  db.DBStoreBuilder (DBStoreBuilder.java:processTables(161)) - Using default column profile:DBProfile.DISK for Table:deletedTable
2019-09-09 21:44:31,151 [main] INFO  db.DBStoreBuilder (DBStoreBuilder.java:addTable(110)) - using custom profile for table: openKeyTable
2019-09-09 21:44:31,152 [main] INFO  db.DBStoreBuilder (DBStoreBuilder.java:processTables(161)) - Using default column profile:DBProfile.DISK for Table:openKeyTable
2019-09-09 21:44:31,152 [main] INFO  db.DBStoreBuilder (DBStoreBuilder.java:addTable(110)) - using custom profile for table: s3Table
2019-09-09 21:44:31,152 [main] INFO  db.DBStoreBuilder (DBStoreBuilder.java:processTables(161)) - Using default column profile:DBProfile.DISK for Table:s3Table
2019-09-09 21:44:31,152 [main] INFO  db.DBStoreBuilder (DBStoreBuilder.java:addTable(110)) - using custom profile for table: multipartInfoTable
2019-09-09 21:44:31,153 [main] INFO  db.DBStoreBuilder (DBStoreBuilder.java:processTables(161)) - Using default column profile:DBProfile.DISK for Table:multipartInfoTable
2019-09-09 21:44:31,153 [main] INFO  db.DBStoreBuilder (DBStoreBuilder.java:addTable(110)) - using custom profile for table: dTokenTable
2019-09-09 21:44:31,153 [main] INFO  db.DBStoreBuilder (DBStoreBuilder.java:processTables(161)) - Using default column profile:DBProfile.DISK for Table:dTokenTable
2019-09-09 21:44:31,153 [main] INFO  db.DBStoreBuilder (DBStoreBuilder.java:addTable(110)) - using custom profile for table: s3SecretTable
2019-09-09 21:44:31,154 [main] INFO  db.DBStoreBuilder (DBStoreBuilder.java:processTables(161)) - Using default column profile:DBProfile.DISK for Table:s3SecretTable
2019-09-09 21:44:31,154 [main] INFO  db.DBStoreBuilder (DBStoreBuilder.java:addTable(110)) - using custom profile for table: prefixTable
2019-09-09 21:44:31,154 [main] INFO  db.DBStoreBuilder (DBStoreBuilder.java:processTables(161)) - Using default column profile:DBProfile.DISK for Table:prefixTable
2019-09-09 21:44:31,155 [main] INFO  db.DBStoreBuilder (DBStoreBuilder.java:addTable(110)) - using custom profile for table: default
2019-09-09 21:44:31,155 [main] INFO  db.DBStoreBuilder (DBStoreBuilder.java:processTables(167)) - Using default column profile:DBProfile.DISK for Table:default
2019-09-09 21:44:31,155 [main] INFO  db.DBStoreBuilder (DBStoreBuilder.java:getDbProfile(198)) - Using default options. DBProfile.DISK
2019-09-09 21:44:31,578 [main] INFO  ipc.CallQueueManager (CallQueueManager.java:<init>(84)) - Using callQueue: class java.util.concurrent.LinkedBlockingQueue, queueCapacity: 2000, scheduler: class org.apache.hadoop.ipc.DefaultRpcScheduler, ipcBackoff: false.
2019-09-09 21:44:31,579 [Socket Reader #1 for port 36098] INFO  ipc.Server (Server.java:run(1074)) - Starting Socket Reader #1 for port 36098
2019-09-09 21:44:31,602 [main] INFO  om.OzoneManager (OzoneManager.java:start(1240)) - OzoneManager RPC server is listening at localhost/127.0.0.1:36098
2019-09-09 21:44:31,602 [main] INFO  impl.MetricsSystemImpl (MetricsSystemImpl.java:init(158)) - OzoneManager metrics system started (again)
2019-09-09 21:44:31,603 [IPC Server Responder] INFO  ipc.Server (Server.java:run(1314)) - IPC Server Responder: starting
2019-09-09 21:44:31,603 [IPC Server listener on 36098] INFO  ipc.Server (Server.java:run(1153)) - IPC Server listener on 36098: starting
2019-09-09 21:44:31,641 [main] INFO  hdfs.DFSUtil (DFSUtil.java:httpServerTemplateForNNAndJN(1641)) - Starting Web-server for ozoneManager at: http://0.0.0.0:0
2019-09-09 21:44:31,650 [main] INFO  server.AuthenticationFilter (AuthenticationFilter.java:constructSecretProvider(240)) - Unable to initialize FileSignerSecretProvider, falling back to use random secrets.
2019-09-09 21:44:31,652 [main] WARN  http.HttpRequestLog (HttpRequestLog.java:getRequestLog(97)) - Jetty request log can only be enabled using Log4j
2019-09-09 21:44:31,657 [main] INFO  http.HttpServer2 (HttpServer2.java:addGlobalFilter(975)) - Added global filter 'safety' (class=org.apache.hadoop.http.HttpServer2$QuotingInputFilter)
2019-09-09 21:44:31,659 [main] INFO  http.HttpServer2 (HttpServer2.java:addFilter(948)) - Added filter static_user_filter (class=org.apache.hadoop.http.lib.StaticUserWebFilter$StaticUserFilter) to context ozoneManager
2019-09-09 21:44:31,659 [main] INFO  http.HttpServer2 (HttpServer2.java:addFilter(958)) - Added filter static_user_filter (class=org.apache.hadoop.http.lib.StaticUserWebFilter$StaticUserFilter) to context logs
2019-09-09 21:44:31,659 [main] INFO  http.HttpServer2 (HttpServer2.java:addFilter(958)) - Added filter static_user_filter (class=org.apache.hadoop.http.lib.StaticUserWebFilter$StaticUserFilter) to context static
2019-09-09 21:44:31,664 [main] INFO  http.HttpServer2 (HttpServer2.java:bindListener(1191)) - Jetty bound to port 46719
2019-09-09 21:44:31,665 [main] INFO  server.Server (Server.java:doStart(351)) - jetty-9.3.24.v20180605, build timestamp: 2018-06-05T17:11:56Z, git hash: 84205aa28f11a4f31f2a3b86d1bba2cc8ab69827
2019-09-09 21:44:31,668 [main] INFO  handler.ContextHandler (ContextHandler.java:doStart(781)) - Started o.e.j.s.ServletContextHandler@76075d65{/logs,file:///workdir/hadoop-ozone/integration-test/target/log,AVAILABLE}
2019-09-09 21:44:31,669 [main] INFO  handler.ContextHandler (ContextHandler.java:doStart(781)) - Started o.e.j.s.ServletContextHandler@27b71f50{/static,file:///workdir/hadoop-ozone/integration-test/target/test-classes/webapps/static,AVAILABLE}
2019-09-09 21:44:31,677 [main] INFO  handler.ContextHandler (ContextHandler.java:doStart(781)) - Started o.e.j.w.WebAppContext@562c877a{/,file:///workdir/hadoop-ozone/integration-test/target/test-classes/webapps/ozoneManager/,AVAILABLE}{/ozoneManager}
2019-09-09 21:44:31,679 [main] INFO  server.AbstractConnector (AbstractConnector.java:doStart(278)) - Started ServerConnector@67001148{HTTP/1.1,[http/1.1]}{0.0.0.0:46719}
2019-09-09 21:44:31,681 [main] INFO  server.Server (Server.java:doStart(419)) - Started @4484ms
2019-09-09 21:44:31,681 [main] WARN  impl.MetricsSystemImpl (MetricsSystemImpl.java:register(276)) - Sink prometheus already exists!
2019-09-09 21:44:31,682 [main] INFO  server.BaseHttpServer (BaseHttpServer.java:updateConnectorAddress(215)) - HTTP server of OZONEMANAGER is listening at http://0.0.0.0:46719
2019-09-09 21:44:32,039 [main] INFO  impl.MetricsSystemImpl (MetricsSystemImpl.java:init(158)) - HddsDatanode metrics system started (again)
2019-09-09 21:44:32,101 [main] INFO  ozone.HddsDatanodeService (HddsDatanodeService.java:start(184)) - HddsDatanodeService host:pr-hdds-2007-bxrz5-4054259085 ip:192.168.5.143
2019-09-09 21:44:32,142 [main] INFO  volume.HddsVolume (HddsVolume.java:<init>(176)) - Creating Volume: /workdir/hadoop-ozone/integration-test/target/test-dir/MiniOzoneClusterImpl-b75b5873-643f-488a-b9f8-130d181fa964/datanode-0/data/containers/hdds of  storage type : DISK and capacity : 1482555576320
2019-09-09 21:44:32,145 [main] INFO  volume.VolumeSet (VolumeSet.java:initializeVolumeSet(170)) - Added Volume : /workdir/hadoop-ozone/integration-test/target/test-dir/MiniOzoneClusterImpl-b75b5873-643f-488a-b9f8-130d181fa964/datanode-0/data/containers/hdds to VolumeSet
2019-09-09 21:44:32,150 [main] INFO  volume.ThrottledAsyncChecker (ThrottledAsyncChecker.java:schedule(140)) - Scheduling a check for org.apache.hadoop.ozone.container.common.volume.HddsVolume@bc4d5e1
2019-09-09 21:44:32,176 [main] INFO  volume.HddsVolumeChecker (HddsVolumeChecker.java:checkAllVolumes(203)) - Scheduled health check for volume org.apache.hadoop.ozone.container.common.volume.HddsVolume@bc4d5e1
2019-09-09 21:44:32,329 [main] INFO  impl.RaftServerProxy (ConfUtils.java:logGet(43)) - raft.rpc.type = GRPC (default)
2019-09-09 21:44:32,398 [main] INFO  grpc.GrpcFactory (GrpcFactory.java:checkPooledByteBufAllocatorUseCacheForAllThreads(45)) - PERFORMANCE WARNING: useCacheForAllThreads is true that may cause Netty to create a lot garbage objects and, as a result, trigger GC.
	It is recommended to disable useCacheForAllThreads by setting -Dorg.apache.ratis.thirdparty.io.netty.allocator.useCacheForAllThreads=false in command line.
2019-09-09 21:44:32,403 [main] INFO  grpc.GrpcConfigKeys$Server (ConfUtils.java:logGet(43)) - raft.grpc.server.port = 0 (default)
2019-09-09 21:44:32,403 [main] INFO  server.GrpcService (ConfUtils.java:logGet(43)) - raft.grpc.message.size.max = 33570816 (custom)
2019-09-09 21:44:32,405 [main] INFO  server.RaftServerConfigKeys (ConfUtils.java:logGet(43)) - raft.server.log.appender.buffer.byte-limit = 33554432 (custom)
2019-09-09 21:44:32,406 [main] INFO  server.GrpcService (ConfUtils.java:logGet(43)) - raft.grpc.flow.control.window = 1MB (=1048576) (default)
2019-09-09 21:44:32,406 [main] INFO  server.RaftServerConfigKeys (ConfUtils.java:logGet(43)) - raft.server.rpc.request.timeout = 3000ms (default)
2019-09-09 21:44:32,561 [main] INFO  server.RaftServerConfigKeys (ConfUtils.java:logGet(43)) - raft.server.storage.dir = [/workdir/hadoop-ozone/integration-test/target/test-dir/MiniOzoneClusterImpl-b75b5873-643f-488a-b9f8-130d181fa964/datanode-0/data/ratis] (custom)
2019-09-09 21:44:32,621 [main] INFO  hdfs.DFSUtil (DFSUtil.java:httpServerTemplateForNNAndJN(1641)) - Starting Web-server for hddsDatanode at: http://0.0.0.0:0
2019-09-09 21:44:32,623 [main] INFO  server.AuthenticationFilter (AuthenticationFilter.java:constructSecretProvider(240)) - Unable to initialize FileSignerSecretProvider, falling back to use random secrets.
2019-09-09 21:44:32,623 [main] WARN  http.HttpRequestLog (HttpRequestLog.java:getRequestLog(97)) - Jetty request log can only be enabled using Log4j
2019-09-09 21:44:32,625 [main] INFO  http.HttpServer2 (HttpServer2.java:addGlobalFilter(975)) - Added global filter 'safety' (class=org.apache.hadoop.http.HttpServer2$QuotingInputFilter)
2019-09-09 21:44:32,626 [main] INFO  http.HttpServer2 (HttpServer2.java:addFilter(948)) - Added filter static_user_filter (class=org.apache.hadoop.http.lib.StaticUserWebFilter$StaticUserFilter) to context hddsDatanode
2019-09-09 21:44:32,626 [main] INFO  http.HttpServer2 (HttpServer2.java:addFilter(958)) - Added filter static_user_filter (class=org.apache.hadoop.http.lib.StaticUserWebFilter$StaticUserFilter) to context logs
2019-09-09 21:44:32,626 [main] INFO  http.HttpServer2 (HttpServer2.java:addFilter(958)) - Added filter static_user_filter (class=org.apache.hadoop.http.lib.StaticUserWebFilter$StaticUserFilter) to context static
2019-09-09 21:44:32,627 [main] INFO  http.HttpServer2 (HttpServer2.java:bindListener(1191)) - Jetty bound to port 45067
2019-09-09 21:44:32,627 [main] INFO  server.Server (Server.java:doStart(351)) - jetty-9.3.24.v20180605, build timestamp: 2018-06-05T17:11:56Z, git hash: 84205aa28f11a4f31f2a3b86d1bba2cc8ab69827
2019-09-09 21:44:32,629 [main] INFO  handler.ContextHandler (ContextHandler.java:doStart(781)) - Started o.e.j.s.ServletContextHandler@76563d26{/logs,file:///workdir/hadoop-ozone/integration-test/target/log,AVAILABLE}
2019-09-09 21:44:32,630 [main] INFO  handler.ContextHandler (ContextHandler.java:doStart(781)) - Started o.e.j.s.ServletContextHandler@3d904e9c{/static,jar:file:/home/user/.m2/repository/org/apache/hadoop/hadoop-hdds-container-service/0.5.0-SNAPSHOT/hadoop-hdds-container-service-0.5.0-SNAPSHOT.jar!/webapps/static,AVAILABLE}
2019-09-09 21:44:32,665 [main] INFO  handler.ContextHandler (ContextHandler.java:doStart(781)) - Started o.e.j.w.WebAppContext@102ecc22{/,file:///tmp/jetty-0.0.0.0-45067-hddsDatanode-_-any-3983170028131787377.dir/webapp/,AVAILABLE}{/hddsDatanode}
2019-09-09 21:44:32,666 [main] INFO  server.AbstractConnector (AbstractConnector.java:doStart(278)) - Started ServerConnector@7ff35a3f{HTTP/1.1,[http/1.1]}{0.0.0.0:45067}
2019-09-09 21:44:32,667 [main] INFO  server.Server (Server.java:doStart(419)) - Started @5470ms
2019-09-09 21:44:32,667 [main] WARN  impl.MetricsSystemImpl (MetricsSystemImpl.java:register(276)) - Sink prometheus already exists!
2019-09-09 21:44:32,668 [main] INFO  server.BaseHttpServer (BaseHttpServer.java:updateConnectorAddress(215)) - HTTP server of HDDSDATANODE is listening at http://0.0.0.0:45067
2019-09-09 21:44:32,668 [main] INFO  impl.MetricsSystemImpl (MetricsSystemImpl.java:init(158)) - HddsDatanode metrics system started (again)
2019-09-09 21:44:32,671 [main] INFO  ozone.HddsDatanodeService (HddsDatanodeService.java:start(184)) - HddsDatanodeService host:pr-hdds-2007-bxrz5-4054259085 ip:192.168.5.143
2019-09-09 21:44:32,675 [org.apache.hadoop.util.JvmPauseMonitor$Monitor@4b22f3f8] INFO  util.JvmPauseMonitor (JvmPauseMonitor.java:run(188)) - Starting JVM pause monitor
2019-09-09 21:44:32,679 [main] INFO  volume.HddsVolume (HddsVolume.java:<init>(176)) - Creating Volume: /workdir/hadoop-ozone/integration-test/target/test-dir/MiniOzoneClusterImpl-b75b5873-643f-488a-b9f8-130d181fa964/datanode-1/data/containers/hdds of  storage type : DISK and capacity : 1482555576320
2019-09-09 21:44:32,680 [main] INFO  volume.VolumeSet (VolumeSet.java:initializeVolumeSet(170)) - Added Volume : /workdir/hadoop-ozone/integration-test/target/test-dir/MiniOzoneClusterImpl-b75b5873-643f-488a-b9f8-130d181fa964/datanode-1/data/containers/hdds to VolumeSet
2019-09-09 21:44:32,680 [main] INFO  volume.ThrottledAsyncChecker (ThrottledAsyncChecker.java:schedule(140)) - Scheduling a check for org.apache.hadoop.ozone.container.common.volume.HddsVolume@421056e5
2019-09-09 21:44:32,681 [main] INFO  volume.HddsVolumeChecker (HddsVolumeChecker.java:checkAllVolumes(203)) - Scheduled health check for volume org.apache.hadoop.ozone.container.common.volume.HddsVolume@421056e5
2019-09-09 21:44:32,695 [main] INFO  impl.RaftServerProxy (ConfUtils.java:logGet(43)) - raft.rpc.type = GRPC (default)
2019-09-09 21:44:32,696 [main] INFO  grpc.GrpcFactory (GrpcFactory.java:checkPooledByteBufAllocatorUseCacheForAllThreads(45)) - PERFORMANCE WARNING: useCacheForAllThreads is true that may cause Netty to create a lot garbage objects and, as a result, trigger GC.
	It is recommended to disable useCacheForAllThreads by setting -Dorg.apache.ratis.thirdparty.io.netty.allocator.useCacheForAllThreads=false in command line.
2019-09-09 21:44:32,696 [main] INFO  grpc.GrpcConfigKeys$Server (ConfUtils.java:logGet(43)) - raft.grpc.server.port = 0 (default)
2019-09-09 21:44:32,696 [main] INFO  server.GrpcService (ConfUtils.java:logGet(43)) - raft.grpc.message.size.max = 33570816 (custom)
2019-09-09 21:44:32,696 [main] INFO  server.RaftServerConfigKeys (ConfUtils.java:logGet(43)) - raft.server.log.appender.buffer.byte-limit = 33554432 (custom)
2019-09-09 21:44:32,697 [main] INFO  server.GrpcService (ConfUtils.java:logGet(43)) - raft.grpc.flow.control.window = 1MB (=1048576) (default)
2019-09-09 21:44:32,697 [main] INFO  server.RaftServerConfigKeys (ConfUtils.java:logGet(43)) - raft.server.rpc.request.timeout = 3000ms (default)
2019-09-09 21:44:32,697 [main] INFO  server.RaftServerConfigKeys (ConfUtils.java:logGet(43)) - raft.server.storage.dir = [/workdir/hadoop-ozone/integration-test/target/test-dir/MiniOzoneClusterImpl-b75b5873-643f-488a-b9f8-130d181fa964/datanode-1/data/ratis] (custom)
2019-09-09 21:44:32,699 [main] INFO  hdfs.DFSUtil (DFSUtil.java:httpServerTemplateForNNAndJN(1641)) - Starting Web-server for hddsDatanode at: http://0.0.0.0:0
2019-09-09 21:44:32,700 [main] INFO  server.AuthenticationFilter (AuthenticationFilter.java:constructSecretProvider(240)) - Unable to initialize FileSignerSecretProvider, falling back to use random secrets.
2019-09-09 21:44:32,701 [main] WARN  http.HttpRequestLog (HttpRequestLog.java:getRequestLog(97)) - Jetty request log can only be enabled using Log4j
2019-09-09 21:44:32,702 [main] INFO  http.HttpServer2 (HttpServer2.java:addGlobalFilter(975)) - Added global filter 'safety' (class=org.apache.hadoop.http.HttpServer2$QuotingInputFilter)
2019-09-09 21:44:32,703 [main] INFO  http.HttpServer2 (HttpServer2.java:addFilter(948)) - Added filter static_user_filter (class=org.apache.hadoop.http.lib.StaticUserWebFilter$StaticUserFilter) to context hddsDatanode
2019-09-09 21:44:32,703 [main] INFO  http.HttpServer2 (HttpServer2.java:addFilter(958)) - Added filter static_user_filter (class=org.apache.hadoop.http.lib.StaticUserWebFilter$StaticUserFilter) to context logs
2019-09-09 21:44:32,703 [main] INFO  http.HttpServer2 (HttpServer2.java:addFilter(958)) - Added filter static_user_filter (class=org.apache.hadoop.http.lib.StaticUserWebFilter$StaticUserFilter) to context static
2019-09-09 21:44:32,704 [main] INFO  http.HttpServer2 (HttpServer2.java:bindListener(1191)) - Jetty bound to port 35521
2019-09-09 21:44:32,704 [main] INFO  server.Server (Server.java:doStart(351)) - jetty-9.3.24.v20180605, build timestamp: 2018-06-05T17:11:56Z, git hash: 84205aa28f11a4f31f2a3b86d1bba2cc8ab69827
2019-09-09 21:44:32,708 [main] INFO  handler.ContextHandler (ContextHandler.java:doStart(781)) - Started o.e.j.s.ServletContextHandler@6edcad64{/logs,file:///workdir/hadoop-ozone/integration-test/target/log,AVAILABLE}
2019-09-09 21:44:32,708 [main] INFO  handler.ContextHandler (ContextHandler.java:doStart(781)) - Started o.e.j.s.ServletContextHandler@3e33d73e{/static,jar:file:/home/user/.m2/repository/org/apache/hadoop/hadoop-hdds-container-service/0.5.0-SNAPSHOT/hadoop-hdds-container-service-0.5.0-SNAPSHOT.jar!/webapps/static,AVAILABLE}
2019-09-09 21:44:32,737 [main] INFO  handler.ContextHandler (ContextHandler.java:doStart(781)) - Started o.e.j.w.WebAppContext@277b8fa4{/,file:///tmp/jetty-0.0.0.0-35521-hddsDatanode-_-any-8619250385584970691.dir/webapp/,AVAILABLE}{/hddsDatanode}
2019-09-09 21:44:32,738 [main] INFO  server.AbstractConnector (AbstractConnector.java:doStart(278)) - Started ServerConnector@6cd64ee8{HTTP/1.1,[http/1.1]}{0.0.0.0:35521}
2019-09-09 21:44:32,739 [main] INFO  server.Server (Server.java:doStart(419)) - Started @5542ms
2019-09-09 21:44:32,739 [main] WARN  impl.MetricsSystemImpl (MetricsSystemImpl.java:register(276)) - Sink prometheus already exists!
2019-09-09 21:44:32,741 [main] INFO  server.BaseHttpServer (BaseHttpServer.java:updateConnectorAddress(215)) - HTTP server of HDDSDATANODE is listening at http://0.0.0.0:35521
2019-09-09 21:44:32,741 [main] INFO  impl.MetricsSystemImpl (MetricsSystemImpl.java:init(158)) - HddsDatanode metrics system started (again)
2019-09-09 21:44:32,744 [main] INFO  ozone.HddsDatanodeService (HddsDatanodeService.java:start(184)) - HddsDatanodeService host:pr-hdds-2007-bxrz5-4054259085 ip:192.168.5.143
2019-09-09 21:44:32,744 [org.apache.hadoop.util.JvmPauseMonitor$Monitor@6b1feb05] INFO  util.JvmPauseMonitor (JvmPauseMonitor.java:run(188)) - Starting JVM pause monitor
2019-09-09 21:44:32,753 [main] INFO  volume.HddsVolume (HddsVolume.java:<init>(176)) - Creating Volume: /workdir/hadoop-ozone/integration-test/target/test-dir/MiniOzoneClusterImpl-b75b5873-643f-488a-b9f8-130d181fa964/datanode-2/data/containers/hdds of  storage type : DISK and capacity : 1482555576320
2019-09-09 21:44:32,754 [main] INFO  volume.VolumeSet (VolumeSet.java:initializeVolumeSet(170)) - Added Volume : /workdir/hadoop-ozone/integration-test/target/test-dir/MiniOzoneClusterImpl-b75b5873-643f-488a-b9f8-130d181fa964/datanode-2/data/containers/hdds to VolumeSet
2019-09-09 21:44:32,754 [main] INFO  volume.ThrottledAsyncChecker (ThrottledAsyncChecker.java:schedule(140)) - Scheduling a check for org.apache.hadoop.ozone.container.common.volume.HddsVolume@3ee0b4f7
2019-09-09 21:44:32,755 [main] INFO  volume.HddsVolumeChecker (HddsVolumeChecker.java:checkAllVolumes(203)) - Scheduled health check for volume org.apache.hadoop.ozone.container.common.volume.HddsVolume@3ee0b4f7
2019-09-09 21:44:32,768 [main] INFO  impl.RaftServerProxy (ConfUtils.java:logGet(43)) - raft.rpc.type = GRPC (default)
2019-09-09 21:44:32,768 [main] INFO  grpc.GrpcFactory (GrpcFactory.java:checkPooledByteBufAllocatorUseCacheForAllThreads(45)) - PERFORMANCE WARNING: useCacheForAllThreads is true that may cause Netty to create a lot garbage objects and, as a result, trigger GC.
	It is recommended to disable useCacheForAllThreads by setting -Dorg.apache.ratis.thirdparty.io.netty.allocator.useCacheForAllThreads=false in command line.
2019-09-09 21:44:32,768 [main] INFO  grpc.GrpcConfigKeys$Server (ConfUtils.java:logGet(43)) - raft.grpc.server.port = 0 (default)
2019-09-09 21:44:32,769 [main] INFO  server.GrpcService (ConfUtils.java:logGet(43)) - raft.grpc.message.size.max = 33570816 (custom)
2019-09-09 21:44:32,769 [main] INFO  server.RaftServerConfigKeys (ConfUtils.java:logGet(43)) - raft.server.log.appender.buffer.byte-limit = 33554432 (custom)
2019-09-09 21:44:32,769 [main] INFO  server.GrpcService (ConfUtils.java:logGet(43)) - raft.grpc.flow.control.window = 1MB (=1048576) (default)
2019-09-09 21:44:32,769 [main] INFO  server.RaftServerConfigKeys (ConfUtils.java:logGet(43)) - raft.server.rpc.request.timeout = 3000ms (default)
2019-09-09 21:44:32,770 [main] INFO  server.RaftServerConfigKeys (ConfUtils.java:logGet(43)) - raft.server.storage.dir = [/workdir/hadoop-ozone/integration-test/target/test-dir/MiniOzoneClusterImpl-b75b5873-643f-488a-b9f8-130d181fa964/datanode-2/data/ratis] (custom)
2019-09-09 21:44:32,772 [main] INFO  hdfs.DFSUtil (DFSUtil.java:httpServerTemplateForNNAndJN(1641)) - Starting Web-server for hddsDatanode at: http://0.0.0.0:0
2019-09-09 21:44:32,773 [main] INFO  server.AuthenticationFilter (AuthenticationFilter.java:constructSecretProvider(240)) - Unable to initialize FileSignerSecretProvider, falling back to use random secrets.
2019-09-09 21:44:32,773 [main] WARN  http.HttpRequestLog (HttpRequestLog.java:getRequestLog(97)) - Jetty request log can only be enabled using Log4j
2019-09-09 21:44:32,775 [main] INFO  http.HttpServer2 (HttpServer2.java:addGlobalFilter(975)) - Added global filter 'safety' (class=org.apache.hadoop.http.HttpServer2$QuotingInputFilter)
2019-09-09 21:44:32,775 [main] INFO  http.HttpServer2 (HttpServer2.java:addFilter(948)) - Added filter static_user_filter (class=org.apache.hadoop.http.lib.StaticUserWebFilter$StaticUserFilter) to context hddsDatanode
2019-09-09 21:44:32,775 [main] INFO  http.HttpServer2 (HttpServer2.java:addFilter(958)) - Added filter static_user_filter (class=org.apache.hadoop.http.lib.StaticUserWebFilter$StaticUserFilter) to context static
2019-09-09 21:44:32,776 [main] INFO  http.HttpServer2 (HttpServer2.java:addFilter(958)) - Added filter static_user_filter (class=org.apache.hadoop.http.lib.StaticUserWebFilter$StaticUserFilter) to context logs
2019-09-09 21:44:32,776 [main] INFO  http.HttpServer2 (HttpServer2.java:bindListener(1191)) - Jetty bound to port 43765
2019-09-09 21:44:32,777 [main] INFO  server.Server (Server.java:doStart(351)) - jetty-9.3.24.v20180605, build timestamp: 2018-06-05T17:11:56Z, git hash: 84205aa28f11a4f31f2a3b86d1bba2cc8ab69827
2019-09-09 21:44:32,779 [main] INFO  handler.ContextHandler (ContextHandler.java:doStart(781)) - Started o.e.j.s.ServletContextHandler@52d97ab6{/logs,file:///workdir/hadoop-ozone/integration-test/target/log,AVAILABLE}
2019-09-09 21:44:32,779 [main] INFO  handler.ContextHandler (ContextHandler.java:doStart(781)) - Started o.e.j.s.ServletContextHandler@5e5af8e1{/static,jar:file:/home/user/.m2/repository/org/apache/hadoop/hadoop-hdds-container-service/0.5.0-SNAPSHOT/hadoop-hdds-container-service-0.5.0-SNAPSHOT.jar!/webapps/static,AVAILABLE}
2019-09-09 21:44:32,806 [Datanode State Machine Thread - 0] INFO  datanode.InitDatanodeState (InitDatanodeState.java:persistContainerDatanodeDetails(140)) - DatanodeDetails is persisted to /workdir/hadoop-ozone/integration-test/target/test-dir/MiniOzoneClusterImpl-b75b5873-643f-488a-b9f8-130d181fa964/datanode-0/meta/datanode.id
2019-09-09 21:44:32,810 [main] INFO  handler.ContextHandler (ContextHandler.java:doStart(781)) - Started o.e.j.w.WebAppContext@28da7d11{/,file:///tmp/jetty-0.0.0.0-43765-hddsDatanode-_-any-4148272292112891888.dir/webapp/,AVAILABLE}{/hddsDatanode}
2019-09-09 21:44:32,810 [Datanode State Machine Thread - 0] INFO  datanode.InitDatanodeState (InitDatanodeState.java:persistContainerDatanodeDetails(140)) - DatanodeDetails is persisted to /workdir/hadoop-ozone/integration-test/target/test-dir/MiniOzoneClusterImpl-b75b5873-643f-488a-b9f8-130d181fa964/datanode-1/meta/datanode.id
2019-09-09 21:44:32,812 [main] INFO  server.AbstractConnector (AbstractConnector.java:doStart(278)) - Started ServerConnector@77b919a3{HTTP/1.1,[http/1.1]}{0.0.0.0:43765}
2019-09-09 21:44:32,812 [main] INFO  server.Server (Server.java:doStart(419)) - Started @5615ms
2019-09-09 21:44:32,813 [main] WARN  impl.MetricsSystemImpl (MetricsSystemImpl.java:register(276)) - Sink prometheus already exists!
2019-09-09 21:44:32,813 [main] INFO  server.BaseHttpServer (BaseHttpServer.java:updateConnectorAddress(215)) - HTTP server of HDDSDATANODE is listening at http://0.0.0.0:43765
2019-09-09 21:44:32,814 [main] INFO  impl.MetricsSystemImpl (MetricsSystemImpl.java:init(158)) - HddsDatanode metrics system started (again)
2019-09-09 21:44:32,816 [org.apache.hadoop.util.JvmPauseMonitor$Monitor@6b76615f] INFO  util.JvmPauseMonitor (JvmPauseMonitor.java:run(188)) - Starting JVM pause monitor
2019-09-09 21:44:32,816 [main] INFO  ozone.HddsDatanodeService (HddsDatanodeService.java:start(184)) - HddsDatanodeService host:pr-hdds-2007-bxrz5-4054259085 ip:192.168.5.143
2019-09-09 21:44:32,819 [Datanode State Machine Thread - 0] INFO  datanode.InitDatanodeState (InitDatanodeState.java:persistContainerDatanodeDetails(140)) - DatanodeDetails is persisted to /workdir/hadoop-ozone/integration-test/target/test-dir/MiniOzoneClusterImpl-b75b5873-643f-488a-b9f8-130d181fa964/datanode-2/meta/datanode.id
2019-09-09 21:44:32,824 [main] INFO  volume.HddsVolume (HddsVolume.java:<init>(176)) - Creating Volume: /workdir/hadoop-ozone/integration-test/target/test-dir/MiniOzoneClusterImpl-b75b5873-643f-488a-b9f8-130d181fa964/datanode-3/data/containers/hdds of  storage type : DISK and capacity : 1482555576320
2019-09-09 21:44:32,824 [main] INFO  volume.VolumeSet (VolumeSet.java:initializeVolumeSet(170)) - Added Volume : /workdir/hadoop-ozone/integration-test/target/test-dir/MiniOzoneClusterImpl-b75b5873-643f-488a-b9f8-130d181fa964/datanode-3/data/containers/hdds to VolumeSet
2019-09-09 21:44:32,824 [main] INFO  volume.ThrottledAsyncChecker (ThrottledAsyncChecker.java:schedule(140)) - Scheduling a check for org.apache.hadoop.ozone.container.common.volume.HddsVolume@6dcc40f5
2019-09-09 21:44:32,825 [main] INFO  volume.HddsVolumeChecker (HddsVolumeChecker.java:checkAllVolumes(203)) - Scheduled health check for volume org.apache.hadoop.ozone.container.common.volume.HddsVolume@6dcc40f5
2019-09-09 21:44:32,837 [main] INFO  impl.RaftServerProxy (ConfUtils.java:logGet(43)) - raft.rpc.type = GRPC (default)
2019-09-09 21:44:32,837 [main] INFO  grpc.GrpcFactory (GrpcFactory.java:checkPooledByteBufAllocatorUseCacheForAllThreads(45)) - PERFORMANCE WARNING: useCacheForAllThreads is true that may cause Netty to create a lot garbage objects and, as a result, trigger GC.
	It is recommended to disable useCacheForAllThreads by setting -Dorg.apache.ratis.thirdparty.io.netty.allocator.useCacheForAllThreads=false in command line.
2019-09-09 21:44:32,838 [main] INFO  grpc.GrpcConfigKeys$Server (ConfUtils.java:logGet(43)) - raft.grpc.server.port = 0 (default)
2019-09-09 21:44:32,838 [main] INFO  server.GrpcService (ConfUtils.java:logGet(43)) - raft.grpc.message.size.max = 33570816 (custom)
2019-09-09 21:44:32,838 [main] INFO  server.RaftServerConfigKeys (ConfUtils.java:logGet(43)) - raft.server.log.appender.buffer.byte-limit = 33554432 (custom)
2019-09-09 21:44:32,838 [main] INFO  server.GrpcService (ConfUtils.java:logGet(43)) - raft.grpc.flow.control.window = 1MB (=1048576) (default)
2019-09-09 21:44:32,839 [main] INFO  server.RaftServerConfigKeys (ConfUtils.java:logGet(43)) - raft.server.rpc.request.timeout = 3000ms (default)
2019-09-09 21:44:32,839 [main] INFO  server.RaftServerConfigKeys (ConfUtils.java:logGet(43)) - raft.server.storage.dir = [/workdir/hadoop-ozone/integration-test/target/test-dir/MiniOzoneClusterImpl-b75b5873-643f-488a-b9f8-130d181fa964/datanode-3/data/ratis] (custom)
2019-09-09 21:44:32,841 [main] INFO  hdfs.DFSUtil (DFSUtil.java:httpServerTemplateForNNAndJN(1641)) - Starting Web-server for hddsDatanode at: http://0.0.0.0:0
2019-09-09 21:44:32,842 [main] INFO  server.AuthenticationFilter (AuthenticationFilter.java:constructSecretProvider(240)) - Unable to initialize FileSignerSecretProvider, falling back to use random secrets.
2019-09-09 21:44:32,842 [main] WARN  http.HttpRequestLog (HttpRequestLog.java:getRequestLog(97)) - Jetty request log can only be enabled using Log4j
2019-09-09 21:44:32,844 [main] INFO  http.HttpServer2 (HttpServer2.java:addGlobalFilter(975)) - Added global filter 'safety' (class=org.apache.hadoop.http.HttpServer2$QuotingInputFilter)
2019-09-09 21:44:32,844 [main] INFO  http.HttpServer2 (HttpServer2.java:addFilter(948)) - Added filter static_user_filter (class=org.apache.hadoop.http.lib.StaticUserWebFilter$StaticUserFilter) to context hddsDatanode
2019-09-09 21:44:32,845 [main] INFO  http.HttpServer2 (HttpServer2.java:addFilter(958)) - Added filter static_user_filter (class=org.apache.hadoop.http.lib.StaticUserWebFilter$StaticUserFilter) to context logs
2019-09-09 21:44:32,845 [main] INFO  http.HttpServer2 (HttpServer2.java:addFilter(958)) - Added filter static_user_filter (class=org.apache.hadoop.http.lib.StaticUserWebFilter$StaticUserFilter) to context static
2019-09-09 21:44:32,846 [main] INFO  http.HttpServer2 (HttpServer2.java:bindListener(1191)) - Jetty bound to port 40049
2019-09-09 21:44:32,846 [main] INFO  server.Server (Server.java:doStart(351)) - jetty-9.3.24.v20180605, build timestamp: 2018-06-05T17:11:56Z, git hash: 84205aa28f11a4f31f2a3b86d1bba2cc8ab69827
2019-09-09 21:44:32,849 [main] INFO  handler.ContextHandler (ContextHandler.java:doStart(781)) - Started o.e.j.s.ServletContextHandler@5a6fa56e{/logs,file:///workdir/hadoop-ozone/integration-test/target/log,AVAILABLE}
2019-09-09 21:44:32,850 [main] INFO  handler.ContextHandler (ContextHandler.java:doStart(781)) - Started o.e.j.s.ServletContextHandler@118ffcfd{/static,jar:file:/home/user/.m2/repository/org/apache/hadoop/hadoop-hdds-container-service/0.5.0-SNAPSHOT/hadoop-hdds-container-service-0.5.0-SNAPSHOT.jar!/webapps/static,AVAILABLE}
2019-09-09 21:44:32,877 [main] INFO  handler.ContextHandler (ContextHandler.java:doStart(781)) - Started o.e.j.w.WebAppContext@378cfecf{/,file:///tmp/jetty-0.0.0.0-40049-hddsDatanode-_-any-968695421936498579.dir/webapp/,AVAILABLE}{/hddsDatanode}
2019-09-09 21:44:32,878 [main] INFO  server.AbstractConnector (AbstractConnector.java:doStart(278)) - Started ServerConnector@97d0c06{HTTP/1.1,[http/1.1]}{0.0.0.0:40049}
2019-09-09 21:44:32,879 [main] INFO  server.Server (Server.java:doStart(419)) - Started @5682ms
2019-09-09 21:44:32,879 [main] WARN  impl.MetricsSystemImpl (MetricsSystemImpl.java:register(276)) - Sink prometheus already exists!
2019-09-09 21:44:32,881 [main] INFO  server.BaseHttpServer (BaseHttpServer.java:updateConnectorAddress(215)) - HTTP server of HDDSDATANODE is listening at http://0.0.0.0:40049
2019-09-09 21:44:32,881 [main] INFO  impl.MetricsSystemImpl (MetricsSystemImpl.java:init(158)) - HddsDatanode metrics system started (again)
2019-09-09 21:44:32,884 [main] INFO  ozone.HddsDatanodeService (HddsDatanodeService.java:start(184)) - HddsDatanodeService host:pr-hdds-2007-bxrz5-4054259085 ip:192.168.5.143
2019-09-09 21:44:32,885 [org.apache.hadoop.util.JvmPauseMonitor$Monitor@7e63672e] INFO  util.JvmPauseMonitor (JvmPauseMonitor.java:run(188)) - Starting JVM pause monitor
2019-09-09 21:44:32,888 [Datanode State Machine Thread - 0] INFO  datanode.InitDatanodeState (InitDatanodeState.java:persistContainerDatanodeDetails(140)) - DatanodeDetails is persisted to /workdir/hadoop-ozone/integration-test/target/test-dir/MiniOzoneClusterImpl-b75b5873-643f-488a-b9f8-130d181fa964/datanode-3/meta/datanode.id
2019-09-09 21:44:32,893 [main] INFO  volume.HddsVolume (HddsVolume.java:<init>(176)) - Creating Volume: /workdir/hadoop-ozone/integration-test/target/test-dir/MiniOzoneClusterImpl-b75b5873-643f-488a-b9f8-130d181fa964/datanode-4/data/containers/hdds of  storage type : DISK and capacity : 1482555576320
2019-09-09 21:44:32,894 [main] INFO  volume.VolumeSet (VolumeSet.java:initializeVolumeSet(170)) - Added Volume : /workdir/hadoop-ozone/integration-test/target/test-dir/MiniOzoneClusterImpl-b75b5873-643f-488a-b9f8-130d181fa964/datanode-4/data/containers/hdds to VolumeSet
2019-09-09 21:44:32,894 [main] INFO  volume.ThrottledAsyncChecker (ThrottledAsyncChecker.java:schedule(140)) - Scheduling a check for org.apache.hadoop.ozone.container.common.volume.HddsVolume@70972170
2019-09-09 21:44:32,894 [main] INFO  volume.HddsVolumeChecker (HddsVolumeChecker.java:checkAllVolumes(203)) - Scheduled health check for volume org.apache.hadoop.ozone.container.common.volume.HddsVolume@70972170
2019-09-09 21:44:32,907 [main] INFO  impl.RaftServerProxy (ConfUtils.java:logGet(43)) - raft.rpc.type = GRPC (default)
2019-09-09 21:44:32,908 [main] INFO  grpc.GrpcFactory (GrpcFactory.java:checkPooledByteBufAllocatorUseCacheForAllThreads(45)) - PERFORMANCE WARNING: useCacheForAllThreads is true that may cause Netty to create a lot garbage objects and, as a result, trigger GC.
	It is recommended to disable useCacheForAllThreads by setting -Dorg.apache.ratis.thirdparty.io.netty.allocator.useCacheForAllThreads=false in command line.
2019-09-09 21:44:32,908 [main] INFO  grpc.GrpcConfigKeys$Server (ConfUtils.java:logGet(43)) - raft.grpc.server.port = 0 (default)
2019-09-09 21:44:32,908 [main] INFO  server.GrpcService (ConfUtils.java:logGet(43)) - raft.grpc.message.size.max = 33570816 (custom)
2019-09-09 21:44:32,908 [main] INFO  server.RaftServerConfigKeys (ConfUtils.java:logGet(43)) - raft.server.log.appender.buffer.byte-limit = 33554432 (custom)
2019-09-09 21:44:32,908 [main] INFO  server.GrpcService (ConfUtils.java:logGet(43)) - raft.grpc.flow.control.window = 1MB (=1048576) (default)
2019-09-09 21:44:32,909 [main] INFO  server.RaftServerConfigKeys (ConfUtils.java:logGet(43)) - raft.server.rpc.request.timeout = 3000ms (default)
2019-09-09 21:44:32,909 [main] INFO  server.RaftServerConfigKeys (ConfUtils.java:logGet(43)) - raft.server.storage.dir = [/workdir/hadoop-ozone/integration-test/target/test-dir/MiniOzoneClusterImpl-b75b5873-643f-488a-b9f8-130d181fa964/datanode-4/data/ratis] (custom)
2019-09-09 21:44:32,911 [main] INFO  hdfs.DFSUtil (DFSUtil.java:httpServerTemplateForNNAndJN(1641)) - Starting Web-server for hddsDatanode at: http://0.0.0.0:0
2019-09-09 21:44:32,912 [main] INFO  server.AuthenticationFilter (AuthenticationFilter.java:constructSecretProvider(240)) - Unable to initialize FileSignerSecretProvider, falling back to use random secrets.
2019-09-09 21:44:32,912 [main] WARN  http.HttpRequestLog (HttpRequestLog.java:getRequestLog(97)) - Jetty request log can only be enabled using Log4j
2019-09-09 21:44:32,914 [main] INFO  http.HttpServer2 (HttpServer2.java:addGlobalFilter(975)) - Added global filter 'safety' (class=org.apache.hadoop.http.HttpServer2$QuotingInputFilter)
2019-09-09 21:44:32,914 [main] INFO  http.HttpServer2 (HttpServer2.java:addFilter(948)) - Added filter static_user_filter (class=org.apache.hadoop.http.lib.StaticUserWebFilter$StaticUserFilter) to context hddsDatanode
2019-09-09 21:44:32,914 [main] INFO  http.HttpServer2 (HttpServer2.java:addFilter(958)) - Added filter static_user_filter (class=org.apache.hadoop.http.lib.StaticUserWebFilter$StaticUserFilter) to context logs
2019-09-09 21:44:32,914 [main] INFO  http.HttpServer2 (HttpServer2.java:addFilter(958)) - Added filter static_user_filter (class=org.apache.hadoop.http.lib.StaticUserWebFilter$StaticUserFilter) to context static
2019-09-09 21:44:32,915 [main] INFO  http.HttpServer2 (HttpServer2.java:bindListener(1191)) - Jetty bound to port 41112
2019-09-09 21:44:32,915 [main] INFO  server.Server (Server.java:doStart(351)) - jetty-9.3.24.v20180605, build timestamp: 2018-06-05T17:11:56Z, git hash: 84205aa28f11a4f31f2a3b86d1bba2cc8ab69827
2019-09-09 21:44:32,917 [main] INFO  handler.ContextHandler (ContextHandler.java:doStart(781)) - Started o.e.j.s.ServletContextHandler@56dfab87{/logs,file:///workdir/hadoop-ozone/integration-test/target/log,AVAILABLE}
2019-09-09 21:44:32,918 [main] INFO  handler.ContextHandler (ContextHandler.java:doStart(781)) - Started o.e.j.s.ServletContextHandler@7fb29ca9{/static,jar:file:/home/user/.m2/repository/org/apache/hadoop/hadoop-hdds-container-service/0.5.0-SNAPSHOT/hadoop-hdds-container-service-0.5.0-SNAPSHOT.jar!/webapps/static,AVAILABLE}
2019-09-09 21:44:32,956 [main] INFO  handler.ContextHandler (ContextHandler.java:doStart(781)) - Started o.e.j.w.WebAppContext@6a1d3225{/,file:///tmp/jetty-0.0.0.0-41112-hddsDatanode-_-any-720323390230743156.dir/webapp/,AVAILABLE}{/hddsDatanode}
2019-09-09 21:44:32,958 [main] INFO  server.AbstractConnector (AbstractConnector.java:doStart(278)) - Started ServerConnector@67e13bd0{HTTP/1.1,[http/1.1]}{0.0.0.0:41112}
2019-09-09 21:44:32,960 [main] INFO  server.Server (Server.java:doStart(419)) - Started @5764ms
2019-09-09 21:44:32,961 [main] WARN  impl.MetricsSystemImpl (MetricsSystemImpl.java:register(276)) - Sink prometheus already exists!
2019-09-09 21:44:32,962 [main] INFO  server.BaseHttpServer (BaseHttpServer.java:updateConnectorAddress(215)) - HTTP server of HDDSDATANODE is listening at http://0.0.0.0:41112
2019-09-09 21:44:32,962 [main] INFO  impl.MetricsSystemImpl (MetricsSystemImpl.java:init(158)) - HddsDatanode metrics system started (again)
2019-09-09 21:44:32,965 [org.apache.hadoop.util.JvmPauseMonitor$Monitor@76f5cb05] INFO  util.JvmPauseMonitor (JvmPauseMonitor.java:run(188)) - Starting JVM pause monitor
2019-09-09 21:44:32,967 [main] INFO  ozone.HddsDatanodeService (HddsDatanodeService.java:start(184)) - HddsDatanodeService host:pr-hdds-2007-bxrz5-4054259085 ip:192.168.5.143
2019-09-09 21:44:32,968 [Datanode State Machine Thread - 0] INFO  datanode.InitDatanodeState (InitDatanodeState.java:persistContainerDatanodeDetails(140)) - DatanodeDetails is persisted to /workdir/hadoop-ozone/integration-test/target/test-dir/MiniOzoneClusterImpl-b75b5873-643f-488a-b9f8-130d181fa964/datanode-4/meta/datanode.id
2019-09-09 21:44:32,974 [main] INFO  volume.HddsVolume (HddsVolume.java:<init>(176)) - Creating Volume: /workdir/hadoop-ozone/integration-test/target/test-dir/MiniOzoneClusterImpl-b75b5873-643f-488a-b9f8-130d181fa964/datanode-5/data/containers/hdds of  storage type : DISK and capacity : 1482555576320
2019-09-09 21:44:32,975 [main] INFO  volume.VolumeSet (VolumeSet.java:initializeVolumeSet(170)) - Added Volume : /workdir/hadoop-ozone/integration-test/target/test-dir/MiniOzoneClusterImpl-b75b5873-643f-488a-b9f8-130d181fa964/datanode-5/data/containers/hdds to VolumeSet
2019-09-09 21:44:32,975 [main] INFO  volume.ThrottledAsyncChecker (ThrottledAsyncChecker.java:schedule(140)) - Scheduling a check for org.apache.hadoop.ozone.container.common.volume.HddsVolume@75d982d3
2019-09-09 21:44:32,976 [main] INFO  volume.HddsVolumeChecker (HddsVolumeChecker.java:checkAllVolumes(203)) - Scheduled health check for volume org.apache.hadoop.ozone.container.common.volume.HddsVolume@75d982d3
2019-09-09 21:44:32,996 [main] INFO  impl.RaftServerProxy (ConfUtils.java:logGet(43)) - raft.rpc.type = GRPC (default)
2019-09-09 21:44:32,996 [main] INFO  grpc.GrpcFactory (GrpcFactory.java:checkPooledByteBufAllocatorUseCacheForAllThreads(45)) - PERFORMANCE WARNING: useCacheForAllThreads is true that may cause Netty to create a lot garbage objects and, as a result, trigger GC.
	It is recommended to disable useCacheForAllThreads by setting -Dorg.apache.ratis.thirdparty.io.netty.allocator.useCacheForAllThreads=false in command line.
2019-09-09 21:44:32,996 [main] INFO  grpc.GrpcConfigKeys$Server (ConfUtils.java:logGet(43)) - raft.grpc.server.port = 0 (default)
2019-09-09 21:44:32,997 [main] INFO  server.GrpcService (ConfUtils.java:logGet(43)) - raft.grpc.message.size.max = 33570816 (custom)
2019-09-09 21:44:32,997 [main] INFO  server.RaftServerConfigKeys (ConfUtils.java:logGet(43)) - raft.server.log.appender.buffer.byte-limit = 33554432 (custom)
2019-09-09 21:44:32,997 [main] INFO  server.GrpcService (ConfUtils.java:logGet(43)) - raft.grpc.flow.control.window = 1MB (=1048576) (default)
2019-09-09 21:44:32,997 [main] INFO  server.RaftServerConfigKeys (ConfUtils.java:logGet(43)) - raft.server.rpc.request.timeout = 3000ms (default)
2019-09-09 21:44:32,998 [main] INFO  server.RaftServerConfigKeys (ConfUtils.java:logGet(43)) - raft.server.storage.dir = [/workdir/hadoop-ozone/integration-test/target/test-dir/MiniOzoneClusterImpl-b75b5873-643f-488a-b9f8-130d181fa964/datanode-5/data/ratis] (custom)
2019-09-09 21:44:32,999 [main] INFO  hdfs.DFSUtil (DFSUtil.java:httpServerTemplateForNNAndJN(1641)) - Starting Web-server for hddsDatanode at: http://0.0.0.0:0
2019-09-09 21:44:33,000 [main] INFO  server.AuthenticationFilter (AuthenticationFilter.java:constructSecretProvider(240)) - Unable to initialize FileSignerSecretProvider, falling back to use random secrets.
2019-09-09 21:44:33,001 [main] WARN  http.HttpRequestLog (HttpRequestLog.java:getRequestLog(97)) - Jetty request log can only be enabled using Log4j
2019-09-09 21:44:33,002 [main] INFO  http.HttpServer2 (HttpServer2.java:addGlobalFilter(975)) - Added global filter 'safety' (class=org.apache.hadoop.http.HttpServer2$QuotingInputFilter)
2019-09-09 21:44:33,003 [main] INFO  http.HttpServer2 (HttpServer2.java:addFilter(948)) - Added filter static_user_filter (class=org.apache.hadoop.http.lib.StaticUserWebFilter$StaticUserFilter) to context hddsDatanode
2019-09-09 21:44:33,003 [main] INFO  http.HttpServer2 (HttpServer2.java:addFilter(958)) - Added filter static_user_filter (class=org.apache.hadoop.http.lib.StaticUserWebFilter$StaticUserFilter) to context logs
2019-09-09 21:44:33,003 [main] INFO  http.HttpServer2 (HttpServer2.java:addFilter(958)) - Added filter static_user_filter (class=org.apache.hadoop.http.lib.StaticUserWebFilter$StaticUserFilter) to context static
2019-09-09 21:44:33,004 [main] INFO  http.HttpServer2 (HttpServer2.java:bindListener(1191)) - Jetty bound to port 40276
2019-09-09 21:44:33,004 [main] INFO  server.Server (Server.java:doStart(351)) - jetty-9.3.24.v20180605, build timestamp: 2018-06-05T17:11:56Z, git hash: 84205aa28f11a4f31f2a3b86d1bba2cc8ab69827
2019-09-09 21:44:33,006 [main] INFO  handler.ContextHandler (ContextHandler.java:doStart(781)) - Started o.e.j.s.ServletContextHandler@2630dbc4{/logs,file:///workdir/hadoop-ozone/integration-test/target/log,AVAILABLE}
2019-09-09 21:44:33,007 [main] INFO  handler.ContextHandler (ContextHandler.java:doStart(781)) - Started o.e.j.s.ServletContextHandler@5a1c3cb4{/static,jar:file:/home/user/.m2/repository/org/apache/hadoop/hadoop-hdds-container-service/0.5.0-SNAPSHOT/hadoop-hdds-container-service-0.5.0-SNAPSHOT.jar!/webapps/static,AVAILABLE}
2019-09-09 21:44:33,035 [main] INFO  handler.ContextHandler (ContextHandler.java:doStart(781)) - Started o.e.j.w.WebAppContext@21505815{/,file:///tmp/jetty-0.0.0.0-40276-hddsDatanode-_-any-8317411203969036976.dir/webapp/,AVAILABLE}{/hddsDatanode}
2019-09-09 21:44:33,036 [main] INFO  server.AbstractConnector (AbstractConnector.java:doStart(278)) - Started ServerConnector@7e53339{HTTP/1.1,[http/1.1]}{0.0.0.0:40276}
2019-09-09 21:44:33,036 [main] INFO  server.Server (Server.java:doStart(419)) - Started @5840ms
2019-09-09 21:44:33,036 [main] WARN  impl.MetricsSystemImpl (MetricsSystemImpl.java:register(276)) - Sink prometheus already exists!
2019-09-09 21:44:33,037 [main] INFO  server.BaseHttpServer (BaseHttpServer.java:updateConnectorAddress(215)) - HTTP server of HDDSDATANODE is listening at http://0.0.0.0:40276
2019-09-09 21:44:33,037 [main] INFO  impl.MetricsSystemImpl (MetricsSystemImpl.java:init(158)) - HddsDatanode metrics system started (again)
2019-09-09 21:44:33,041 [org.apache.hadoop.util.JvmPauseMonitor$Monitor@5ec73eb4] INFO  util.JvmPauseMonitor (JvmPauseMonitor.java:run(188)) - Starting JVM pause monitor
2019-09-09 21:44:33,041 [main] INFO  ozone.HddsDatanodeService (HddsDatanodeService.java:start(184)) - HddsDatanodeService host:pr-hdds-2007-bxrz5-4054259085 ip:192.168.5.143
2019-09-09 21:44:33,044 [Datanode State Machine Thread - 0] INFO  datanode.InitDatanodeState (InitDatanodeState.java:persistContainerDatanodeDetails(140)) - DatanodeDetails is persisted to /workdir/hadoop-ozone/integration-test/target/test-dir/MiniOzoneClusterImpl-b75b5873-643f-488a-b9f8-130d181fa964/datanode-5/meta/datanode.id
2019-09-09 21:44:33,048 [main] INFO  volume.HddsVolume (HddsVolume.java:<init>(176)) - Creating Volume: /workdir/hadoop-ozone/integration-test/target/test-dir/MiniOzoneClusterImpl-b75b5873-643f-488a-b9f8-130d181fa964/datanode-6/data/containers/hdds of  storage type : DISK and capacity : 1482555576320
2019-09-09 21:44:33,049 [main] INFO  volume.VolumeSet (VolumeSet.java:initializeVolumeSet(170)) - Added Volume : /workdir/hadoop-ozone/integration-test/target/test-dir/MiniOzoneClusterImpl-b75b5873-643f-488a-b9f8-130d181fa964/datanode-6/data/containers/hdds to VolumeSet
2019-09-09 21:44:33,049 [main] INFO  volume.ThrottledAsyncChecker (ThrottledAsyncChecker.java:schedule(140)) - Scheduling a check for org.apache.hadoop.ozone.container.common.volume.HddsVolume@12d5c30e
2019-09-09 21:44:33,050 [main] INFO  volume.HddsVolumeChecker (HddsVolumeChecker.java:checkAllVolumes(203)) - Scheduled health check for volume org.apache.hadoop.ozone.container.common.volume.HddsVolume@12d5c30e
2019-09-09 21:44:33,065 [main] INFO  impl.RaftServerProxy (ConfUtils.java:logGet(43)) - raft.rpc.type = GRPC (default)
2019-09-09 21:44:33,065 [main] INFO  grpc.GrpcFactory (GrpcFactory.java:checkPooledByteBufAllocatorUseCacheForAllThreads(45)) - PERFORMANCE WARNING: useCacheForAllThreads is true that may cause Netty to create a lot garbage objects and, as a result, trigger GC.
	It is recommended to disable useCacheForAllThreads by setting -Dorg.apache.ratis.thirdparty.io.netty.allocator.useCacheForAllThreads=false in command line.
2019-09-09 21:44:33,065 [main] INFO  grpc.GrpcConfigKeys$Server (ConfUtils.java:logGet(43)) - raft.grpc.server.port = 0 (default)
2019-09-09 21:44:33,066 [main] INFO  server.GrpcService (ConfUtils.java:logGet(43)) - raft.grpc.message.size.max = 33570816 (custom)
2019-09-09 21:44:33,066 [main] INFO  server.RaftServerConfigKeys (ConfUtils.java:logGet(43)) - raft.server.log.appender.buffer.byte-limit = 33554432 (custom)
2019-09-09 21:44:33,066 [main] INFO  server.GrpcService (ConfUtils.java:logGet(43)) - raft.grpc.flow.control.window = 1MB (=1048576) (default)
2019-09-09 21:44:33,067 [main] INFO  server.RaftServerConfigKeys (ConfUtils.java:logGet(43)) - raft.server.rpc.request.timeout = 3000ms (default)
2019-09-09 21:44:33,067 [main] INFO  server.RaftServerConfigKeys (ConfUtils.java:logGet(43)) - raft.server.storage.dir = [/workdir/hadoop-ozone/integration-test/target/test-dir/MiniOzoneClusterImpl-b75b5873-643f-488a-b9f8-130d181fa964/datanode-6/data/ratis] (custom)
2019-09-09 21:44:33,069 [main] INFO  hdfs.DFSUtil (DFSUtil.java:httpServerTemplateForNNAndJN(1641)) - Starting Web-server for hddsDatanode at: http://0.0.0.0:0
2019-09-09 21:44:33,070 [main] INFO  server.AuthenticationFilter (AuthenticationFilter.java:constructSecretProvider(240)) - Unable to initialize FileSignerSecretProvider, falling back to use random secrets.
2019-09-09 21:44:33,071 [main] WARN  http.HttpRequestLog (HttpRequestLog.java:getRequestLog(97)) - Jetty request log can only be enabled using Log4j
2019-09-09 21:44:33,073 [main] INFO  http.HttpServer2 (HttpServer2.java:addGlobalFilter(975)) - Added global filter 'safety' (class=org.apache.hadoop.http.HttpServer2$QuotingInputFilter)
2019-09-09 21:44:33,073 [main] INFO  http.HttpServer2 (HttpServer2.java:addFilter(948)) - Added filter static_user_filter (class=org.apache.hadoop.http.lib.StaticUserWebFilter$StaticUserFilter) to context hddsDatanode
2019-09-09 21:44:33,073 [main] INFO  http.HttpServer2 (HttpServer2.java:addFilter(958)) - Added filter static_user_filter (class=org.apache.hadoop.http.lib.StaticUserWebFilter$StaticUserFilter) to context logs
2019-09-09 21:44:33,073 [main] INFO  http.HttpServer2 (HttpServer2.java:addFilter(958)) - Added filter static_user_filter (class=org.apache.hadoop.http.lib.StaticUserWebFilter$StaticUserFilter) to context static
2019-09-09 21:44:33,074 [main] INFO  http.HttpServer2 (HttpServer2.java:bindListener(1191)) - Jetty bound to port 46855
2019-09-09 21:44:33,075 [main] INFO  server.Server (Server.java:doStart(351)) - jetty-9.3.24.v20180605, build timestamp: 2018-06-05T17:11:56Z, git hash: 84205aa28f11a4f31f2a3b86d1bba2cc8ab69827
2019-09-09 21:44:33,076 [main] INFO  handler.ContextHandler (ContextHandler.java:doStart(781)) - Started o.e.j.s.ServletContextHandler@10f7918f{/logs,file:///workdir/hadoop-ozone/integration-test/target/log,AVAILABLE}
2019-09-09 21:44:33,077 [main] INFO  handler.ContextHandler (ContextHandler.java:doStart(781)) - Started o.e.j.s.ServletContextHandler@54e02f6a{/static,jar:file:/home/user/.m2/repository/org/apache/hadoop/hadoop-hdds-container-service/0.5.0-SNAPSHOT/hadoop-hdds-container-service-0.5.0-SNAPSHOT.jar!/webapps/static,AVAILABLE}
2019-09-09 21:44:33,109 [main] INFO  handler.ContextHandler (ContextHandler.java:doStart(781)) - Started o.e.j.w.WebAppContext@34780cd9{/,file:///tmp/jetty-0.0.0.0-46855-hddsDatanode-_-any-2513534499062210589.dir/webapp/,AVAILABLE}{/hddsDatanode}
2019-09-09 21:44:33,110 [main] INFO  server.AbstractConnector (AbstractConnector.java:doStart(278)) - Started ServerConnector@623ebac7{HTTP/1.1,[http/1.1]}{0.0.0.0:46855}
2019-09-09 21:44:33,111 [main] INFO  server.Server (Server.java:doStart(419)) - Started @5914ms
2019-09-09 21:44:33,111 [main] WARN  impl.MetricsSystemImpl (MetricsSystemImpl.java:register(276)) - Sink prometheus already exists!
2019-09-09 21:44:33,112 [main] INFO  server.BaseHttpServer (BaseHttpServer.java:updateConnectorAddress(215)) - HTTP server of HDDSDATANODE is listening at http://0.0.0.0:46855
2019-09-09 21:44:33,114 [main] INFO  ozone.MiniOzoneClusterImpl (MiniOzoneClusterImpl.java:lambda$waitForClusterToBeReady$0(140)) - Waiting for cluster to be ready. Got 0 of 7 DN Heartbeats.
2019-09-09 21:44:33,116 [org.apache.hadoop.util.JvmPauseMonitor$Monitor@728be808] INFO  util.JvmPauseMonitor (JvmPauseMonitor.java:run(188)) - Starting JVM pause monitor
2019-09-09 21:44:33,119 [Datanode State Machine Thread - 0] INFO  datanode.InitDatanodeState (InitDatanodeState.java:persistContainerDatanodeDetails(140)) - DatanodeDetails is persisted to /workdir/hadoop-ozone/integration-test/target/test-dir/MiniOzoneClusterImpl-b75b5873-643f-488a-b9f8-130d181fa964/datanode-6/meta/datanode.id
2019-09-09 21:44:34,115 [main] INFO  ozone.MiniOzoneClusterImpl (MiniOzoneClusterImpl.java:lambda$waitForClusterToBeReady$0(140)) - Waiting for cluster to be ready. Got 0 of 7 DN Heartbeats.
2019-09-09 21:44:34,734 [Datanode State Machine Thread - 0] INFO  ozoneimpl.OzoneContainer (OzoneContainer.java:start(201)) - Attempting to start container services.
2019-09-09 21:44:34,736 [Datanode State Machine Thread - 0] INFO  ozoneimpl.OzoneContainer (OzoneContainer.java:startContainerScrub(175)) - Background container scrubber has been disabled by hdds.containerscrub.enabled
2019-09-09 21:44:34,737 [Datanode State Machine Thread - 0] INFO  ratis.XceiverServerRatis (XceiverServerRatis.java:start(393)) - Starting XceiverServerRatis 32341634-9b92-4130-8eac-3e0d512fb107 at port 0
2019-09-09 21:44:34,773 [Datanode State Machine Thread - 0] INFO  impl.RaftServerProxy (RaftServerProxy.java:lambda$start$3(299)) - 32341634-9b92-4130-8eac-3e0d512fb107: start RPC server
2019-09-09 21:44:34,774 [Datanode State Machine Thread - 0] INFO  ozoneimpl.OzoneContainer (OzoneContainer.java:start(201)) - Attempting to start container services.
2019-09-09 21:44:34,776 [Datanode State Machine Thread - 0] INFO  ozoneimpl.OzoneContainer (OzoneContainer.java:startContainerScrub(175)) - Background container scrubber has been disabled by hdds.containerscrub.enabled
2019-09-09 21:44:34,777 [Datanode State Machine Thread - 0] INFO  ratis.XceiverServerRatis (XceiverServerRatis.java:start(393)) - Starting XceiverServerRatis fbdf3db3-aa74-47af-a58b-928f4cb9f492 at port 0
2019-09-09 21:44:34,790 [Datanode State Machine Thread - 0] INFO  impl.RaftServerProxy (RaftServerProxy.java:lambda$start$3(299)) - fbdf3db3-aa74-47af-a58b-928f4cb9f492: start RPC server
2019-09-09 21:44:34,845 [Datanode State Machine Thread - 0] INFO  ozoneimpl.OzoneContainer (OzoneContainer.java:start(201)) - Attempting to start container services.
2019-09-09 21:44:34,853 [Datanode State Machine Thread - 0] INFO  ozoneimpl.OzoneContainer (OzoneContainer.java:startContainerScrub(175)) - Background container scrubber has been disabled by hdds.containerscrub.enabled
2019-09-09 21:44:34,853 [Datanode State Machine Thread - 0] INFO  ratis.XceiverServerRatis (XceiverServerRatis.java:start(393)) - Starting XceiverServerRatis 3b0a2b15-582d-49c4-a3da-93fb894c5d0b at port 0
2019-09-09 21:44:34,863 [Datanode State Machine Thread - 0] INFO  impl.RaftServerProxy (RaftServerProxy.java:lambda$start$3(299)) - 3b0a2b15-582d-49c4-a3da-93fb894c5d0b: start RPC server
2019-09-09 21:44:34,913 [Datanode State Machine Thread - 0] INFO  ozoneimpl.OzoneContainer (OzoneContainer.java:start(201)) - Attempting to start container services.
2019-09-09 21:44:34,914 [Datanode State Machine Thread - 0] INFO  ozoneimpl.OzoneContainer (OzoneContainer.java:startContainerScrub(175)) - Background container scrubber has been disabled by hdds.containerscrub.enabled
2019-09-09 21:44:34,914 [Datanode State Machine Thread - 0] INFO  ratis.XceiverServerRatis (XceiverServerRatis.java:start(393)) - Starting XceiverServerRatis 4d79564c-1113-4bdd-af39-002278d0fa77 at port 0
2019-09-09 21:44:34,924 [Datanode State Machine Thread - 0] INFO  impl.RaftServerProxy (RaftServerProxy.java:lambda$start$3(299)) - 4d79564c-1113-4bdd-af39-002278d0fa77: start RPC server
2019-09-09 21:44:34,986 [Datanode State Machine Thread - 0] INFO  server.GrpcService (GrpcService.java:startImpl(149)) - 3b0a2b15-582d-49c4-a3da-93fb894c5d0b: GrpcService started, listening on 0.0.0.0/0.0.0.0:45724
2019-09-09 21:44:34,986 [Datanode State Machine Thread - 0] INFO  server.GrpcService (GrpcService.java:startImpl(149)) - 4d79564c-1113-4bdd-af39-002278d0fa77: GrpcService started, listening on 0.0.0.0/0.0.0.0:38539
2019-09-09 21:44:34,986 [Datanode State Machine Thread - 0] INFO  server.GrpcService (GrpcService.java:startImpl(149)) - 32341634-9b92-4130-8eac-3e0d512fb107: GrpcService started, listening on 0.0.0.0/0.0.0.0:40643
2019-09-09 21:44:34,986 [Datanode State Machine Thread - 0] INFO  server.GrpcService (GrpcService.java:startImpl(149)) - fbdf3db3-aa74-47af-a58b-928f4cb9f492: GrpcService started, listening on 0.0.0.0/0.0.0.0:39164
2019-09-09 21:44:34,987 [Datanode State Machine Thread - 0] INFO  ratis.XceiverServerRatis (XceiverServerRatis.java:start(403)) - XceiverServerRatis 32341634-9b92-4130-8eac-3e0d512fb107 is started using port 40643
2019-09-09 21:44:34,987 [Datanode State Machine Thread - 0] INFO  ratis.XceiverServerRatis (XceiverServerRatis.java:start(403)) - XceiverServerRatis 4d79564c-1113-4bdd-af39-002278d0fa77 is started using port 38539
2019-09-09 21:44:34,987 [Datanode State Machine Thread - 0] INFO  ratis.XceiverServerRatis (XceiverServerRatis.java:start(403)) - XceiverServerRatis 3b0a2b15-582d-49c4-a3da-93fb894c5d0b is started using port 45724
2019-09-09 21:44:34,988 [Datanode State Machine Thread - 0] INFO  ratis.XceiverServerRatis (XceiverServerRatis.java:start(403)) - XceiverServerRatis fbdf3db3-aa74-47af-a58b-928f4cb9f492 is started using port 39164
2019-09-09 21:44:34,995 [Datanode State Machine Thread - 0] INFO  ozoneimpl.OzoneContainer (OzoneContainer.java:start(201)) - Attempting to start container services.
2019-09-09 21:44:34,995 [Datanode State Machine Thread - 0] INFO  ozoneimpl.OzoneContainer (OzoneContainer.java:startContainerScrub(175)) - Background container scrubber has been disabled by hdds.containerscrub.enabled
2019-09-09 21:44:34,995 [Datanode State Machine Thread - 0] INFO  ratis.XceiverServerRatis (XceiverServerRatis.java:start(393)) - Starting XceiverServerRatis 7f2cb37e-01c2-4597-abad-216c2315631c at port 0
2019-09-09 21:44:34,996 [Datanode State Machine Thread - 0] INFO  server.XceiverServerGrpc (XceiverServerGrpc.java:start(163)) - XceiverServerGrpc 3b0a2b15-582d-49c4-a3da-93fb894c5d0b is started using port 37691
2019-09-09 21:44:34,996 [Datanode State Machine Thread - 0] INFO  server.XceiverServerGrpc (XceiverServerGrpc.java:start(163)) - XceiverServerGrpc 4d79564c-1113-4bdd-af39-002278d0fa77 is started using port 42040
2019-09-09 21:44:34,997 [Datanode State Machine Thread - 0] INFO  server.XceiverServerGrpc (XceiverServerGrpc.java:start(163)) - XceiverServerGrpc 32341634-9b92-4130-8eac-3e0d512fb107 is started using port 43232
2019-09-09 21:44:34,996 [Datanode State Machine Thread - 0] INFO  server.XceiverServerGrpc (XceiverServerGrpc.java:start(163)) - XceiverServerGrpc fbdf3db3-aa74-47af-a58b-928f4cb9f492 is started using port 34010
2019-09-09 21:44:35,008 [Datanode State Machine Thread - 0] INFO  impl.RaftServerProxy (RaftServerProxy.java:lambda$start$3(299)) - 7f2cb37e-01c2-4597-abad-216c2315631c: start RPC server
2019-09-09 21:44:35,010 [Datanode State Machine Thread - 0] INFO  server.GrpcService (GrpcService.java:startImpl(149)) - 7f2cb37e-01c2-4597-abad-216c2315631c: GrpcService started, listening on 0.0.0.0/0.0.0.0:46076
2019-09-09 21:44:35,011 [Datanode State Machine Thread - 0] INFO  ratis.XceiverServerRatis (XceiverServerRatis.java:start(403)) - XceiverServerRatis 7f2cb37e-01c2-4597-abad-216c2315631c is started using port 46076
2019-09-09 21:44:35,013 [Datanode State Machine Thread - 0] INFO  server.XceiverServerGrpc (XceiverServerGrpc.java:start(163)) - XceiverServerGrpc 7f2cb37e-01c2-4597-abad-216c2315631c is started using port 43035
2019-09-09 21:44:35,066 [Datanode State Machine Thread - 0] INFO  ozoneimpl.OzoneContainer (OzoneContainer.java:start(201)) - Attempting to start container services.
2019-09-09 21:44:35,067 [Datanode State Machine Thread - 0] INFO  ozoneimpl.OzoneContainer (OzoneContainer.java:startContainerScrub(175)) - Background container scrubber has been disabled by hdds.containerscrub.enabled
2019-09-09 21:44:35,067 [Datanode State Machine Thread - 0] INFO  ratis.XceiverServerRatis (XceiverServerRatis.java:start(393)) - Starting XceiverServerRatis 23a608ef-ac53-4715-b4b8-1f1f435112fa at port 0
2019-09-09 21:44:35,077 [Datanode State Machine Thread - 0] INFO  impl.RaftServerProxy (RaftServerProxy.java:lambda$start$3(299)) - 23a608ef-ac53-4715-b4b8-1f1f435112fa: start RPC server
2019-09-09 21:44:35,081 [Datanode State Machine Thread - 0] INFO  server.GrpcService (GrpcService.java:startImpl(149)) - 23a608ef-ac53-4715-b4b8-1f1f435112fa: GrpcService started, listening on 0.0.0.0/0.0.0.0:34835
2019-09-09 21:44:35,081 [Datanode State Machine Thread - 0] INFO  ratis.XceiverServerRatis (XceiverServerRatis.java:start(403)) - XceiverServerRatis 23a608ef-ac53-4715-b4b8-1f1f435112fa is started using port 34835
2019-09-09 21:44:35,085 [Datanode State Machine Thread - 0] INFO  server.XceiverServerGrpc (XceiverServerGrpc.java:start(163)) - XceiverServerGrpc 23a608ef-ac53-4715-b4b8-1f1f435112fa is started using port 46001
2019-09-09 21:44:35,115 [main] INFO  ozone.MiniOzoneClusterImpl (MiniOzoneClusterImpl.java:lambda$waitForClusterToBeReady$0(140)) - Waiting for cluster to be ready. Got 0 of 7 DN Heartbeats.
2019-09-09 21:44:35,132 [Datanode State Machine Thread - 0] INFO  ozoneimpl.OzoneContainer (OzoneContainer.java:start(201)) - Attempting to start container services.
2019-09-09 21:44:35,133 [Datanode State Machine Thread - 0] INFO  ozoneimpl.OzoneContainer (OzoneContainer.java:startContainerScrub(175)) - Background container scrubber has been disabled by hdds.containerscrub.enabled
2019-09-09 21:44:35,133 [Datanode State Machine Thread - 0] INFO  ratis.XceiverServerRatis (XceiverServerRatis.java:start(393)) - Starting XceiverServerRatis 3bb905b4-e1b5-44cf-bff0-d2acb22bd644 at port 0
2019-09-09 21:44:35,143 [Datanode State Machine Thread - 0] INFO  impl.RaftServerProxy (RaftServerProxy.java:lambda$start$3(299)) - 3bb905b4-e1b5-44cf-bff0-d2acb22bd644: start RPC server
2019-09-09 21:44:35,148 [Datanode State Machine Thread - 0] INFO  server.GrpcService (GrpcService.java:startImpl(149)) - 3bb905b4-e1b5-44cf-bff0-d2acb22bd644: GrpcService started, listening on 0.0.0.0/0.0.0.0:36113
2019-09-09 21:44:35,148 [Datanode State Machine Thread - 0] INFO  ratis.XceiverServerRatis (XceiverServerRatis.java:start(403)) - XceiverServerRatis 3bb905b4-e1b5-44cf-bff0-d2acb22bd644 is started using port 36113
2019-09-09 21:44:35,153 [Datanode State Machine Thread - 0] INFO  server.XceiverServerGrpc (XceiverServerGrpc.java:start(163)) - XceiverServerGrpc 3bb905b4-e1b5-44cf-bff0-d2acb22bd644 is started using port 45486
2019-09-09 21:44:36,116 [main] INFO  ozone.MiniOzoneClusterImpl (MiniOzoneClusterImpl.java:lambda$waitForClusterToBeReady$0(140)) - Waiting for cluster to be ready. Got 0 of 7 DN Heartbeats.
2019-09-09 21:44:36,740 [IPC Server handler 1 on 41536] INFO  net.NetworkTopology (NetworkTopologyImpl.java:add(110)) - Added a new node: /default-rack/32341634-9b92-4130-8eac-3e0d512fb107
2019-09-09 21:44:36,740 [IPC Server handler 1 on 41536] INFO  node.SCMNodeManager (SCMNodeManager.java:register(266)) - Registered Data node : 32341634-9b92-4130-8eac-3e0d512fb107{ip: 192.168.5.143, host: pr-hdds-2007-bxrz5-4054259085, networkLocation: /default-rack, certSerialId: null}
2019-09-09 21:44:36,749 [EventQueue-NodeRegistrationContainerReportForDataNodeSafeModeRule] INFO  safemode.SCMSafeModeManager (DataNodeSafeModeRule.java:process(71)) - SCM in safe mode. 1 DataNodes registered, 1 required.
2019-09-09 21:44:36,749 [IPC Server handler 2 on 41536] INFO  net.NetworkTopology (NetworkTopologyImpl.java:add(110)) - Added a new node: /default-rack/fbdf3db3-aa74-47af-a58b-928f4cb9f492
2019-09-09 21:44:36,749 [EventQueue-NodeRegistrationContainerReportForDataNodeSafeModeRule] INFO  safemode.SCMSafeModeManager (SCMSafeModeManager.java:validateSafeModeExitRules(177)) - ScmSafeModeManager, all rules are successfully validated
2019-09-09 21:44:36,749 [IPC Server handler 2 on 41536] INFO  node.SCMNodeManager (SCMNodeManager.java:register(266)) - Registered Data node : fbdf3db3-aa74-47af-a58b-928f4cb9f492{ip: 192.168.5.143, host: pr-hdds-2007-bxrz5-4054259085, networkLocation: /default-rack, certSerialId: null}
2019-09-09 21:44:36,749 [EventQueue-NodeRegistrationContainerReportForDataNodeSafeModeRule] INFO  safemode.SCMSafeModeManager (SCMSafeModeManager.java:exitSafeMode(193)) - SCM exiting safe mode.
2019-09-09 21:44:36,751 [EventQueue-NodeRegistrationContainerReportForContainerSafeModeRule] INFO  safemode.SCMSafeModeManager (SCMSafeModeManager.java:validateSafeModeExitRules(177)) - ScmSafeModeManager, all rules are successfully validated
2019-09-09 21:44:36,751 [EventQueue-NodeRegistrationContainerReportForContainerSafeModeRule] INFO  safemode.SCMSafeModeManager (SCMSafeModeManager.java:exitSafeMode(193)) - SCM exiting safe mode.
2019-09-09 21:44:36,821 [IPC Server handler 3 on 41536] INFO  net.NetworkTopology (NetworkTopologyImpl.java:add(110)) - Added a new node: /default-rack/3b0a2b15-582d-49c4-a3da-93fb894c5d0b
2019-09-09 21:44:36,821 [IPC Server handler 3 on 41536] INFO  node.SCMNodeManager (SCMNodeManager.java:register(266)) - Registered Data node : 3b0a2b15-582d-49c4-a3da-93fb894c5d0b{ip: 192.168.5.143, host: pr-hdds-2007-bxrz5-4054259085, networkLocation: /default-rack, certSerialId: null}
2019-09-09 21:44:36,888 [IPC Server handler 5 on 41536] INFO  net.NetworkTopology (NetworkTopologyImpl.java:add(110)) - Added a new node: /default-rack/4d79564c-1113-4bdd-af39-002278d0fa77
2019-09-09 21:44:36,888 [IPC Server handler 5 on 41536] INFO  node.SCMNodeManager (SCMNodeManager.java:register(266)) - Registered Data node : 4d79564c-1113-4bdd-af39-002278d0fa77{ip: 192.168.5.143, host: pr-hdds-2007-bxrz5-4054259085, networkLocation: /default-rack, certSerialId: null}
2019-09-09 21:44:36,969 [IPC Server handler 4 on 41536] INFO  net.NetworkTopology (NetworkTopologyImpl.java:add(110)) - Added a new node: /default-rack/7f2cb37e-01c2-4597-abad-216c2315631c
2019-09-09 21:44:36,970 [IPC Server handler 4 on 41536] INFO  node.SCMNodeManager (SCMNodeManager.java:register(266)) - Registered Data node : 7f2cb37e-01c2-4597-abad-216c2315631c{ip: 192.168.5.143, host: pr-hdds-2007-bxrz5-4054259085, networkLocation: /default-rack, certSerialId: null}
2019-09-09 21:44:37,045 [IPC Server handler 6 on 41536] INFO  net.NetworkTopology (NetworkTopologyImpl.java:add(110)) - Added a new node: /default-rack/23a608ef-ac53-4715-b4b8-1f1f435112fa
2019-09-09 21:44:37,046 [IPC Server handler 6 on 41536] INFO  node.SCMNodeManager (SCMNodeManager.java:register(266)) - Registered Data node : 23a608ef-ac53-4715-b4b8-1f1f435112fa{ip: 192.168.5.143, host: pr-hdds-2007-bxrz5-4054259085, networkLocation: /default-rack, certSerialId: null}
2019-09-09 21:44:37,121 [main] INFO  ozone.MiniOzoneClusterImpl (MiniOzoneClusterImpl.java:lambda$waitForClusterToBeReady$0(140)) - Waiting for cluster to be ready. Got 6 of 7 DN Heartbeats.
2019-09-09 21:44:37,125 [IPC Server handler 7 on 41536] INFO  net.NetworkTopology (NetworkTopologyImpl.java:add(110)) - Added a new node: /default-rack/3bb905b4-e1b5-44cf-bff0-d2acb22bd644
2019-09-09 21:44:37,125 [IPC Server handler 7 on 41536] INFO  node.SCMNodeManager (SCMNodeManager.java:register(266)) - Registered Data node : 3bb905b4-e1b5-44cf-bff0-d2acb22bd644{ip: 192.168.5.143, host: pr-hdds-2007-bxrz5-4054259085, networkLocation: /default-rack, certSerialId: null}
2019-09-09 21:44:37,314 [grpc-default-executor-0] INFO  impl.RaftServerProxy (RaftServerProxy.java:addNew(89)) - fbdf3db3-aa74-47af-a58b-928f4cb9f492: addNew group-CC8D210DC1A7:[fbdf3db3-aa74-47af-a58b-928f4cb9f492:192.168.5.143:39164] returns group-CC8D210DC1A7:java.util.concurrent.CompletableFuture@78524af8[Not completed]
2019-09-09 21:44:37,340 [pool-37-thread-1] INFO  impl.RaftServerImpl (RaftServerImpl.java:<init>(93)) - fbdf3db3-aa74-47af-a58b-928f4cb9f492: new RaftServerImpl for group-CC8D210DC1A7:[fbdf3db3-aa74-47af-a58b-928f4cb9f492:192.168.5.143:39164] with ContainerStateMachine:uninitialized
2019-09-09 21:44:37,342 [pool-37-thread-1] INFO  server.RaftServerConfigKeys (ConfUtils.java:logGet(43)) - raft.server.rpc.timeout.min = 5s (custom)
2019-09-09 21:44:37,344 [pool-37-thread-1] INFO  server.RaftServerConfigKeys (ConfUtils.java:logGet(43)) - raft.server.rpc.timeout.max = 5200ms (custom)
2019-09-09 21:44:37,344 [pool-37-thread-1] INFO  server.RaftServerConfigKeys (ConfUtils.java:logGet(43)) - raft.server.rpcslowness.timeout = 120s (custom)
2019-09-09 21:44:37,345 [pool-37-thread-1] INFO  server.RaftServerConfigKeys (ConfUtils.java:logGet(43)) - raft.server.sleep.deviation.threshold = 300 (default)
2019-09-09 21:44:37,346 [pool-37-thread-1] INFO  server.RaftServerConfigKeys (ConfUtils.java:logGet(43)) - raft.server.log.appender.install.snapshot.enabled = false (custom)
2019-09-09 21:44:37,355 [pool-37-thread-1] INFO  impl.RaftServerImpl (ServerState.java:<init>(105)) - fbdf3db3-aa74-47af-a58b-928f4cb9f492:group-CC8D210DC1A7 ConfigurationManager, init=-1: [fbdf3db3-aa74-47af-a58b-928f4cb9f492:192.168.5.143:39164], old=null, confs=<EMPTY_MAP>
2019-09-09 21:44:37,356 [pool-37-thread-1] INFO  server.RaftServerConfigKeys (ConfUtils.java:logGet(43)) - raft.server.storage.dir = [/workdir/hadoop-ozone/integration-test/target/test-dir/MiniOzoneClusterImpl-b75b5873-643f-488a-b9f8-130d181fa964/datanode-1/data/ratis] (custom)
2019-09-09 21:44:37,365 [pool-37-thread-1] INFO  storage.RaftStorageDirectory (RaftStorageDirectory.java:analyzeStorage(246)) - The storage directory /workdir/hadoop-ozone/integration-test/target/test-dir/MiniOzoneClusterImpl-b75b5873-643f-488a-b9f8-130d181fa964/datanode-1/data/ratis/6d56b153-5f46-422a-90f7-cc8d210dc1a7 does not exist. Creating ...
2019-09-09 21:44:37,391 [pool-37-thread-1] INFO  storage.RaftStorageDirectory (RaftStorageDirectory.java:tryLock(328)) - Lock on /workdir/hadoop-ozone/integration-test/target/test-dir/MiniOzoneClusterImpl-b75b5873-643f-488a-b9f8-130d181fa964/datanode-1/data/ratis/6d56b153-5f46-422a-90f7-cc8d210dc1a7/in_use.lock acquired by nodename 28956@pr-hdds-2007-bxrz5-4054259085
2019-09-09 21:44:37,408 [pool-37-thread-1] INFO  storage.RaftStorage (RaftStorage.java:format(72)) - Storage directory /workdir/hadoop-ozone/integration-test/target/test-dir/MiniOzoneClusterImpl-b75b5873-643f-488a-b9f8-130d181fa964/datanode-1/data/ratis/6d56b153-5f46-422a-90f7-cc8d210dc1a7 has been successfully formatted.
2019-09-09 21:44:37,411 [pool-37-thread-1] INFO  ratis.ContainerStateMachine (ContainerStateMachine.java:loadSnapshot(227)) - group-CC8D210DC1A7: The snapshot info is null. Setting the last applied indexto:(t:0, i:~)
2019-09-09 21:44:37,411 [pool-37-thread-1] INFO  server.RaftServerConfigKeys (ConfUtils.java:logGet(43)) - raft.server.leader.election.timeout = 120s (custom)
2019-09-09 21:44:37,414 [pool-37-thread-1] INFO  server.RaftServerConfigKeys (ConfUtils.java:logGet(43)) - raft.server.log.use.memory = false (default)
2019-09-09 21:44:37,421 [pool-37-thread-1] INFO  server.RaftServerConfigKeys (ConfUtils.java:logGet(43)) - raft.server.log.purge.gap = 1000000 (custom)
2019-09-09 21:44:37,421 [pool-37-thread-1] INFO  server.RaftServerConfigKeys (ConfUtils.java:logGet(43)) - raft.server.log.appender.buffer.byte-limit = 33554432 (custom)
2019-09-09 21:44:37,423 [pool-37-thread-1] INFO  server.RaftServerConfigKeys (ConfUtils.java:logGet(43)) - raft.server.log.segment.size.max = 1048576 (custom)
2019-09-09 21:44:37,429 [pool-37-thread-1] INFO  server.RaftServerConfigKeys (ConfUtils.java:logGet(43)) - raft.server.log.segment.cache.num.max = 2 (custom)
2019-09-09 21:44:37,435 [pool-37-thread-1] INFO  segmented.SegmentedRaftLogWorker (SegmentedRaftLogWorker.java:<init>(172)) - new fbdf3db3-aa74-47af-a58b-928f4cb9f492-SegmentedRaftLogWorker:Storage Directory /workdir/hadoop-ozone/integration-test/target/test-dir/MiniOzoneClusterImpl-b75b5873-643f-488a-b9f8-130d181fa964/datanode-1/data/ratis/6d56b153-5f46-422a-90f7-cc8d210dc1a7 for RaftStorage:Storage Directory /workdir/hadoop-ozone/integration-test/target/test-dir/MiniOzoneClusterImpl-b75b5873-643f-488a-b9f8-130d181fa964/datanode-1/data/ratis/6d56b153-5f46-422a-90f7-cc8d210dc1a7
2019-09-09 21:44:37,449 [pool-37-thread-1] INFO  server.RaftServerConfigKeys (ConfUtils.java:logGet(43)) - raft.server.log.queue.byte-limit = 2147483647 (custom)
2019-09-09 21:44:37,450 [pool-37-thread-1] INFO  server.RaftServerConfigKeys (ConfUtils.java:logGet(43)) - raft.server.log.queue.element-limit = 1024 (custom)
2019-09-09 21:44:37,458 [pool-37-thread-1] INFO  server.RaftServerConfigKeys (ConfUtils.java:logGet(43)) - raft.server.log.segment.size.max = 1048576 (custom)
2019-09-09 21:44:37,459 [pool-37-thread-1] INFO  server.RaftServerConfigKeys (ConfUtils.java:logGet(43)) - raft.server.log.preallocated.size = 16384 (custom)
2019-09-09 21:44:37,460 [pool-37-thread-1] INFO  server.RaftServerConfigKeys (ConfUtils.java:logGet(43)) - raft.server.log.write.buffer.size = 33554432 (custom)
2019-09-09 21:44:37,460 [pool-37-thread-1] INFO  server.RaftServerConfigKeys (ConfUtils.java:logGet(43)) - raft.server.log.force.sync.num = 128 (default)
2019-09-09 21:44:37,462 [pool-37-thread-1] INFO  server.RaftServerConfigKeys (ConfUtils.java:logGet(43)) - raft.server.log.statemachine.data.sync = true (default)
2019-09-09 21:44:37,462 [pool-37-thread-1] INFO  server.RaftServerConfigKeys (ConfUtils.java:logGet(43)) - raft.server.log.statemachine.data.sync.timeout = 10s (default)
2019-09-09 21:44:37,463 [pool-37-thread-1] INFO  server.RaftServerConfigKeys (ConfUtils.java:logGet(43)) - raft.server.log.statemachine.data.sync.timeout.retry = -1 (default)
2019-09-09 21:44:37,476 [pool-37-thread-1] INFO  server.RaftServerConfigKeys (ConfUtils.java:logGet(43)) - raft.server.log.statemachine.data.caching.enabled = true (custom)
2019-09-09 21:44:37,483 [pool-37-thread-1] INFO  segmented.SegmentedRaftLogWorker (SegmentedRaftLogWorker.java:lambda$new$0(132)) - fbdf3db3-aa74-47af-a58b-928f4cb9f492-SegmentedRaftLogWorker:Storage Directory /workdir/hadoop-ozone/integration-test/target/test-dir/MiniOzoneClusterImpl-b75b5873-643f-488a-b9f8-130d181fa964/datanode-1/data/ratis/6d56b153-5f46-422a-90f7-cc8d210dc1a7: flushIndex: setUnconditionally 0 -> -1
2019-09-09 21:44:37,488 [pool-37-thread-1] INFO  server.RaftServerConfigKeys (ConfUtils.java:logGet(43)) - raft.server.snapshot.auto.trigger.enabled = true (custom)
2019-09-09 21:44:37,490 [pool-37-thread-1] INFO  server.RaftServerConfigKeys (ConfUtils.java:logGet(43)) - raft.server.snapshot.auto.trigger.threshold = 10000 (custom)
2019-09-09 21:44:37,490 [pool-37-thread-1] INFO  server.RaftServerConfigKeys (ConfUtils.java:logGet(43)) - raft.server.retrycache.expirytime = 600000ms (custom)
2019-09-09 21:44:37,516 [pool-37-thread-1] INFO  impl.RaftServerImpl (RaftServerImpl.java:start(180)) - fbdf3db3-aa74-47af-a58b-928f4cb9f492: start group-CC8D210DC1A7
2019-09-09 21:44:37,517 [pool-37-thread-1] INFO  impl.RaftServerImpl (RaftServerImpl.java:setRole(171)) - fbdf3db3-aa74-47af-a58b-928f4cb9f492:group-CC8D210DC1A7 changes role from null to FOLLOWER at term 0 for startAsFollower
2019-09-09 21:44:37,518 [pool-37-thread-1] INFO  impl.RoleInfo (RoleInfo.java:updateAndGet(143)) - fbdf3db3-aa74-47af-a58b-928f4cb9f492: start FollowerState
2019-09-09 21:44:37,520 [pool-37-thread-1] INFO  util.JmxRegister (JmxRegister.java:tryRegister(44)) - Successfully registered JMX Bean with object name Ratis:service=RaftServer,group=group-CC8D210DC1A7,id=fbdf3db3-aa74-47af-a58b-928f4cb9f492
2019-09-09 21:44:37,595 [RatisPipelineUtilsThread] INFO  pipeline.PipelineStateManager (PipelineStateManager.java:addPipeline(56)) - Created pipeline Pipeline[ Id: 6d56b153-5f46-422a-90f7-cc8d210dc1a7, Nodes: fbdf3db3-aa74-47af-a58b-928f4cb9f492{ip: 192.168.5.143, host: pr-hdds-2007-bxrz5-4054259085, networkLocation: /default-rack, certSerialId: null}, Type:RATIS, Factor:ONE, State:OPEN]
2019-09-09 21:44:37,627 [grpc-default-executor-0] INFO  impl.RaftServerProxy (RaftServerProxy.java:addNew(89)) - 3b0a2b15-582d-49c4-a3da-93fb894c5d0b: addNew group-0AD35246257A:[3b0a2b15-582d-49c4-a3da-93fb894c5d0b:192.168.5.143:45724] returns group-0AD35246257A:java.util.concurrent.CompletableFuture@5c1988db[Not completed]
2019-09-09 21:44:37,680 [pool-47-thread-1] INFO  impl.RaftServerImpl (RaftServerImpl.java:<init>(93)) - 3b0a2b15-582d-49c4-a3da-93fb894c5d0b: new RaftServerImpl for group-0AD35246257A:[3b0a2b15-582d-49c4-a3da-93fb894c5d0b:192.168.5.143:45724] with ContainerStateMachine:uninitialized
2019-09-09 21:44:37,681 [pool-47-thread-1] INFO  server.RaftServerConfigKeys (ConfUtils.java:logGet(43)) - raft.server.rpc.timeout.min = 5s (custom)
2019-09-09 21:44:37,681 [pool-47-thread-1] INFO  server.RaftServerConfigKeys (ConfUtils.java:logGet(43)) - raft.server.rpc.timeout.max = 5200ms (custom)
2019-09-09 21:44:37,681 [pool-47-thread-1] INFO  server.RaftServerConfigKeys (ConfUtils.java:logGet(43)) - raft.server.rpcslowness.timeout = 120s (custom)
2019-09-09 21:44:37,681 [pool-47-thread-1] INFO  server.RaftServerConfigKeys (ConfUtils.java:logGet(43)) - raft.server.sleep.deviation.threshold = 300 (default)
2019-09-09 21:44:37,682 [pool-47-thread-1] INFO  server.RaftServerConfigKeys (ConfUtils.java:logGet(43)) - raft.server.log.appender.install.snapshot.enabled = false (custom)
2019-09-09 21:44:37,682 [pool-47-thread-1] INFO  impl.RaftServerImpl (ServerState.java:<init>(105)) - 3b0a2b15-582d-49c4-a3da-93fb894c5d0b:group-0AD35246257A ConfigurationManager, init=-1: [3b0a2b15-582d-49c4-a3da-93fb894c5d0b:192.168.5.143:45724], old=null, confs=<EMPTY_MAP>
2019-09-09 21:44:37,682 [pool-47-thread-1] INFO  server.RaftServerConfigKeys (ConfUtils.java:logGet(43)) - raft.server.storage.dir = [/workdir/hadoop-ozone/integration-test/target/test-dir/MiniOzoneClusterImpl-b75b5873-643f-488a-b9f8-130d181fa964/datanode-2/data/ratis] (custom)
2019-09-09 21:44:37,683 [pool-47-thread-1] INFO  storage.RaftStorageDirectory (RaftStorageDirectory.java:analyzeStorage(246)) - The storage directory /workdir/hadoop-ozone/integration-test/target/test-dir/MiniOzoneClusterImpl-b75b5873-643f-488a-b9f8-130d181fa964/datanode-2/data/ratis/b505e1ed-7db9-4bcd-898f-0ad35246257a does not exist. Creating ...
2019-09-09 21:44:37,708 [pool-47-thread-1] INFO  storage.RaftStorageDirectory (RaftStorageDirectory.java:tryLock(328)) - Lock on /workdir/hadoop-ozone/integration-test/target/test-dir/MiniOzoneClusterImpl-b75b5873-643f-488a-b9f8-130d181fa964/datanode-2/data/ratis/b505e1ed-7db9-4bcd-898f-0ad35246257a/in_use.lock acquired by nodename 28956@pr-hdds-2007-bxrz5-4054259085
2019-09-09 21:44:37,722 [pool-47-thread-1] INFO  storage.RaftStorage (RaftStorage.java:format(72)) - Storage directory /workdir/hadoop-ozone/integration-test/target/test-dir/MiniOzoneClusterImpl-b75b5873-643f-488a-b9f8-130d181fa964/datanode-2/data/ratis/b505e1ed-7db9-4bcd-898f-0ad35246257a has been successfully formatted.
2019-09-09 21:44:37,727 [pool-47-thread-1] INFO  ratis.ContainerStateMachine (ContainerStateMachine.java:loadSnapshot(227)) - group-0AD35246257A: The snapshot info is null. Setting the last applied indexto:(t:0, i:~)
2019-09-09 21:44:37,729 [pool-47-thread-1] INFO  server.RaftServerConfigKeys (ConfUtils.java:logGet(43)) - raft.server.leader.election.timeout = 120s (custom)
2019-09-09 21:44:37,729 [pool-47-thread-1] INFO  server.RaftServerConfigKeys (ConfUtils.java:logGet(43)) - raft.server.log.use.memory = false (default)
2019-09-09 21:44:37,729 [pool-47-thread-1] INFO  server.RaftServerConfigKeys (ConfUtils.java:logGet(43)) - raft.server.log.purge.gap = 1000000 (custom)
2019-09-09 21:44:37,730 [pool-47-thread-1] INFO  server.RaftServerConfigKeys (ConfUtils.java:logGet(43)) - raft.server.log.appender.buffer.byte-limit = 33554432 (custom)
2019-09-09 21:44:37,730 [pool-47-thread-1] INFO  server.RaftServerConfigKeys (ConfUtils.java:logGet(43)) - raft.server.log.segment.size.max = 1048576 (custom)
2019-09-09 21:44:37,730 [pool-47-thread-1] INFO  server.RaftServerConfigKeys (ConfUtils.java:logGet(43)) - raft.server.log.segment.cache.num.max = 2 (custom)
2019-09-09 21:44:37,730 [pool-47-thread-1] INFO  segmented.SegmentedRaftLogWorker (SegmentedRaftLogWorker.java:<init>(172)) - new 3b0a2b15-582d-49c4-a3da-93fb894c5d0b-SegmentedRaftLogWorker:Storage Directory /workdir/hadoop-ozone/integration-test/target/test-dir/MiniOzoneClusterImpl-b75b5873-643f-488a-b9f8-130d181fa964/datanode-2/data/ratis/b505e1ed-7db9-4bcd-898f-0ad35246257a for RaftStorage:Storage Directory /workdir/hadoop-ozone/integration-test/target/test-dir/MiniOzoneClusterImpl-b75b5873-643f-488a-b9f8-130d181fa964/datanode-2/data/ratis/b505e1ed-7db9-4bcd-898f-0ad35246257a
2019-09-09 21:44:37,732 [pool-47-thread-1] INFO  server.RaftServerConfigKeys (ConfUtils.java:logGet(43)) - raft.server.log.queue.byte-limit = 2147483647 (custom)
2019-09-09 21:44:37,732 [pool-47-thread-1] INFO  server.RaftServerConfigKeys (ConfUtils.java:logGet(43)) - raft.server.log.queue.element-limit = 1024 (custom)
2019-09-09 21:44:37,732 [pool-47-thread-1] INFO  server.RaftServerConfigKeys (ConfUtils.java:logGet(43)) - raft.server.log.segment.size.max = 1048576 (custom)
2019-09-09 21:44:37,732 [pool-47-thread-1] INFO  server.RaftServerConfigKeys (ConfUtils.java:logGet(43)) - raft.server.log.preallocated.size = 16384 (custom)
2019-09-09 21:44:37,732 [pool-47-thread-1] INFO  server.RaftServerConfigKeys (ConfUtils.java:logGet(43)) - raft.server.log.write.buffer.size = 33554432 (custom)
2019-09-09 21:44:37,733 [pool-47-thread-1] INFO  server.RaftServerConfigKeys (ConfUtils.java:logGet(43)) - raft.server.log.force.sync.num = 128 (default)
2019-09-09 21:44:37,733 [pool-47-thread-1] INFO  server.RaftServerConfigKeys (ConfUtils.java:logGet(43)) - raft.server.log.statemachine.data.sync = true (default)
2019-09-09 21:44:37,733 [pool-47-thread-1] INFO  server.RaftServerConfigKeys (ConfUtils.java:logGet(43)) - raft.server.log.statemachine.data.sync.timeout = 10s (default)
2019-09-09 21:44:37,733 [pool-47-thread-1] INFO  server.RaftServerConfigKeys (ConfUtils.java:logGet(43)) - raft.server.log.statemachine.data.sync.timeout.retry = -1 (default)
2019-09-09 21:44:37,733 [pool-47-thread-1] INFO  server.RaftServerConfigKeys (ConfUtils.java:logGet(43)) - raft.server.log.statemachine.data.caching.enabled = true (custom)
2019-09-09 21:44:37,734 [pool-47-thread-1] INFO  segmented.SegmentedRaftLogWorker (SegmentedRaftLogWorker.java:lambda$new$0(132)) - 3b0a2b15-582d-49c4-a3da-93fb894c5d0b-SegmentedRaftLogWorker:Storage Directory /workdir/hadoop-ozone/integration-test/target/test-dir/MiniOzoneClusterImpl-b75b5873-643f-488a-b9f8-130d181fa964/datanode-2/data/ratis/b505e1ed-7db9-4bcd-898f-0ad35246257a: flushIndex: setUnconditionally 0 -> -1
2019-09-09 21:44:37,734 [pool-47-thread-1] INFO  server.RaftServerConfigKeys (ConfUtils.java:logGet(43)) - raft.server.snapshot.auto.trigger.enabled = true (custom)
2019-09-09 21:44:37,734 [pool-47-thread-1] INFO  server.RaftServerConfigKeys (ConfUtils.java:logGet(43)) - raft.server.snapshot.auto.trigger.threshold = 10000 (custom)
2019-09-09 21:44:37,734 [pool-47-thread-1] INFO  server.RaftServerConfigKeys (ConfUtils.java:logGet(43)) - raft.server.retrycache.expirytime = 600000ms (custom)
2019-09-09 21:44:37,735 [pool-47-thread-1] INFO  impl.RaftServerImpl (RaftServerImpl.java:start(180)) - 3b0a2b15-582d-49c4-a3da-93fb894c5d0b: start group-0AD35246257A
2019-09-09 21:44:37,735 [pool-47-thread-1] INFO  impl.RaftServerImpl (RaftServerImpl.java:setRole(171)) - 3b0a2b15-582d-49c4-a3da-93fb894c5d0b:group-0AD35246257A changes role from null to FOLLOWER at term 0 for startAsFollower
2019-09-09 21:44:37,735 [pool-47-thread-1] INFO  impl.RoleInfo (RoleInfo.java:updateAndGet(143)) - 3b0a2b15-582d-49c4-a3da-93fb894c5d0b: start FollowerState
2019-09-09 21:44:37,737 [pool-47-thread-1] INFO  util.JmxRegister (JmxRegister.java:tryRegister(44)) - Successfully registered JMX Bean with object name Ratis:service=RaftServer,group=group-0AD35246257A,id=3b0a2b15-582d-49c4-a3da-93fb894c5d0b
2019-09-09 21:44:37,754 [RatisPipelineUtilsThread] INFO  pipeline.PipelineStateManager (PipelineStateManager.java:addPipeline(56)) - Created pipeline Pipeline[ Id: b505e1ed-7db9-4bcd-898f-0ad35246257a, Nodes: 3b0a2b15-582d-49c4-a3da-93fb894c5d0b{ip: 192.168.5.143, host: pr-hdds-2007-bxrz5-4054259085, networkLocation: /default-rack, certSerialId: null}, Type:RATIS, Factor:ONE, State:OPEN]
2019-09-09 21:44:37,782 [grpc-default-executor-0] INFO  impl.RaftServerProxy (RaftServerProxy.java:addNew(89)) - 23a608ef-ac53-4715-b4b8-1f1f435112fa: addNew group-2B7A4AEFDCA8:[23a608ef-ac53-4715-b4b8-1f1f435112fa:192.168.5.143:34835] returns group-2B7A4AEFDCA8:java.util.concurrent.CompletableFuture@aec6af[Not completed]
2019-09-09 21:44:37,801 [pool-77-thread-1] INFO  impl.RaftServerImpl (RaftServerImpl.java:<init>(93)) - 23a608ef-ac53-4715-b4b8-1f1f435112fa: new RaftServerImpl for group-2B7A4AEFDCA8:[23a608ef-ac53-4715-b4b8-1f1f435112fa:192.168.5.143:34835] with ContainerStateMachine:uninitialized
2019-09-09 21:44:37,801 [pool-77-thread-1] INFO  server.RaftServerConfigKeys (ConfUtils.java:logGet(43)) - raft.server.rpc.timeout.min = 5s (custom)
2019-09-09 21:44:37,801 [pool-77-thread-1] INFO  server.RaftServerConfigKeys (ConfUtils.java:logGet(43)) - raft.server.rpc.timeout.max = 5200ms (custom)
2019-09-09 21:44:37,801 [pool-77-thread-1] INFO  server.RaftServerConfigKeys (ConfUtils.java:logGet(43)) - raft.server.rpcslowness.timeout = 120s (custom)
2019-09-09 21:44:37,801 [pool-77-thread-1] INFO  server.RaftServerConfigKeys (ConfUtils.java:logGet(43)) - raft.server.sleep.deviation.threshold = 300 (default)
2019-09-09 21:44:37,802 [pool-77-thread-1] INFO  server.RaftServerConfigKeys (ConfUtils.java:logGet(43)) - raft.server.log.appender.install.snapshot.enabled = false (custom)
2019-09-09 21:44:37,802 [pool-77-thread-1] INFO  impl.RaftServerImpl (ServerState.java:<init>(105)) - 23a608ef-ac53-4715-b4b8-1f1f435112fa:group-2B7A4AEFDCA8 ConfigurationManager, init=-1: [23a608ef-ac53-4715-b4b8-1f1f435112fa:192.168.5.143:34835], old=null, confs=<EMPTY_MAP>
2019-09-09 21:44:37,802 [pool-77-thread-1] INFO  server.RaftServerConfigKeys (ConfUtils.java:logGet(43)) - raft.server.storage.dir = [/workdir/hadoop-ozone/integration-test/target/test-dir/MiniOzoneClusterImpl-b75b5873-643f-488a-b9f8-130d181fa964/datanode-5/data/ratis] (custom)
2019-09-09 21:44:37,802 [pool-77-thread-1] INFO  storage.RaftStorageDirectory (RaftStorageDirectory.java:analyzeStorage(246)) - The storage directory /workdir/hadoop-ozone/integration-test/target/test-dir/MiniOzoneClusterImpl-b75b5873-643f-488a-b9f8-130d181fa964/datanode-5/data/ratis/07c2d4b6-0056-439e-9c84-2b7a4aefdca8 does not exist. Creating ...
2019-09-09 21:44:37,815 [pool-77-thread-1] INFO  storage.RaftStorageDirectory (RaftStorageDirectory.java:tryLock(328)) - Lock on /workdir/hadoop-ozone/integration-test/target/test-dir/MiniOzoneClusterImpl-b75b5873-643f-488a-b9f8-130d181fa964/datanode-5/data/ratis/07c2d4b6-0056-439e-9c84-2b7a4aefdca8/in_use.lock acquired by nodename 28956@pr-hdds-2007-bxrz5-4054259085
2019-09-09 21:44:37,828 [pool-77-thread-1] INFO  storage.RaftStorage (RaftStorage.java:format(72)) - Storage directory /workdir/hadoop-ozone/integration-test/target/test-dir/MiniOzoneClusterImpl-b75b5873-643f-488a-b9f8-130d181fa964/datanode-5/data/ratis/07c2d4b6-0056-439e-9c84-2b7a4aefdca8 has been successfully formatted.
2019-09-09 21:44:37,828 [pool-77-thread-1] INFO  ratis.ContainerStateMachine (ContainerStateMachine.java:loadSnapshot(227)) - group-2B7A4AEFDCA8: The snapshot info is null. Setting the last applied indexto:(t:0, i:~)
2019-09-09 21:44:37,828 [pool-77-thread-1] INFO  server.RaftServerConfigKeys (ConfUtils.java:logGet(43)) - raft.server.leader.election.timeout = 120s (custom)
2019-09-09 21:44:37,828 [pool-77-thread-1] INFO  server.RaftServerConfigKeys (ConfUtils.java:logGet(43)) - raft.server.log.use.memory = false (default)
2019-09-09 21:44:37,828 [pool-77-thread-1] INFO  server.RaftServerConfigKeys (ConfUtils.java:logGet(43)) - raft.server.log.purge.gap = 1000000 (custom)
2019-09-09 21:44:37,829 [pool-77-thread-1] INFO  server.RaftServerConfigKeys (ConfUtils.java:logGet(43)) - raft.server.log.appender.buffer.byte-limit = 33554432 (custom)
2019-09-09 21:44:37,829 [pool-77-thread-1] INFO  server.RaftServerConfigKeys (ConfUtils.java:logGet(43)) - raft.server.log.segment.size.max = 1048576 (custom)
2019-09-09 21:44:37,829 [pool-77-thread-1] INFO  server.RaftServerConfigKeys (ConfUtils.java:logGet(43)) - raft.server.log.segment.cache.num.max = 2 (custom)
2019-09-09 21:44:37,829 [pool-77-thread-1] INFO  segmented.SegmentedRaftLogWorker (SegmentedRaftLogWorker.java:<init>(172)) - new 23a608ef-ac53-4715-b4b8-1f1f435112fa-SegmentedRaftLogWorker:Storage Directory /workdir/hadoop-ozone/integration-test/target/test-dir/MiniOzoneClusterImpl-b75b5873-643f-488a-b9f8-130d181fa964/datanode-5/data/ratis/07c2d4b6-0056-439e-9c84-2b7a4aefdca8 for RaftStorage:Storage Directory /workdir/hadoop-ozone/integration-test/target/test-dir/MiniOzoneClusterImpl-b75b5873-643f-488a-b9f8-130d181fa964/datanode-5/data/ratis/07c2d4b6-0056-439e-9c84-2b7a4aefdca8
2019-09-09 21:44:37,829 [pool-77-thread-1] INFO  server.RaftServerConfigKeys (ConfUtils.java:logGet(43)) - raft.server.log.queue.byte-limit = 2147483647 (custom)
2019-09-09 21:44:37,829 [pool-77-thread-1] INFO  server.RaftServerConfigKeys (ConfUtils.java:logGet(43)) - raft.server.log.queue.element-limit = 1024 (custom)
2019-09-09 21:44:37,830 [pool-77-thread-1] INFO  server.RaftServerConfigKeys (ConfUtils.java:logGet(43)) - raft.server.log.segment.size.max = 1048576 (custom)
2019-09-09 21:44:37,830 [pool-77-thread-1] INFO  server.RaftServerConfigKeys (ConfUtils.java:logGet(43)) - raft.server.log.preallocated.size = 16384 (custom)
2019-09-09 21:44:37,830 [pool-77-thread-1] INFO  server.RaftServerConfigKeys (ConfUtils.java:logGet(43)) - raft.server.log.write.buffer.size = 33554432 (custom)
2019-09-09 21:44:37,830 [pool-77-thread-1] INFO  server.RaftServerConfigKeys (ConfUtils.java:logGet(43)) - raft.server.log.force.sync.num = 128 (default)
2019-09-09 21:44:37,830 [pool-77-thread-1] INFO  server.RaftServerConfigKeys (ConfUtils.java:logGet(43)) - raft.server.log.statemachine.data.sync = true (default)
2019-09-09 21:44:37,830 [pool-77-thread-1] INFO  server.RaftServerConfigKeys (ConfUtils.java:logGet(43)) - raft.server.log.statemachine.data.sync.timeout = 10s (default)
2019-09-09 21:44:37,831 [pool-77-thread-1] INFO  server.RaftServerConfigKeys (ConfUtils.java:logGet(43)) - raft.server.log.statemachine.data.sync.timeout.retry = -1 (default)
2019-09-09 21:44:37,831 [pool-77-thread-1] INFO  server.RaftServerConfigKeys (ConfUtils.java:logGet(43)) - raft.server.log.statemachine.data.caching.enabled = true (custom)
2019-09-09 21:44:37,831 [pool-77-thread-1] INFO  segmented.SegmentedRaftLogWorker (SegmentedRaftLogWorker.java:lambda$new$0(132)) - 23a608ef-ac53-4715-b4b8-1f1f435112fa-SegmentedRaftLogWorker:Storage Directory /workdir/hadoop-ozone/integration-test/target/test-dir/MiniOzoneClusterImpl-b75b5873-643f-488a-b9f8-130d181fa964/datanode-5/data/ratis/07c2d4b6-0056-439e-9c84-2b7a4aefdca8: flushIndex: setUnconditionally 0 -> -1
2019-09-09 21:44:37,832 [pool-77-thread-1] INFO  server.RaftServerConfigKeys (ConfUtils.java:logGet(43)) - raft.server.snapshot.auto.trigger.enabled = true (custom)
2019-09-09 21:44:37,832 [pool-77-thread-1] INFO  server.RaftServerConfigKeys (ConfUtils.java:logGet(43)) - raft.server.snapshot.auto.trigger.threshold = 10000 (custom)
2019-09-09 21:44:37,832 [pool-77-thread-1] INFO  server.RaftServerConfigKeys (ConfUtils.java:logGet(43)) - raft.server.retrycache.expirytime = 600000ms (custom)
2019-09-09 21:44:37,832 [pool-77-thread-1] INFO  impl.RaftServerImpl (RaftServerImpl.java:start(180)) - 23a608ef-ac53-4715-b4b8-1f1f435112fa: start group-2B7A4AEFDCA8
2019-09-09 21:44:37,832 [pool-77-thread-1] INFO  impl.RaftServerImpl (RaftServerImpl.java:setRole(171)) - 23a608ef-ac53-4715-b4b8-1f1f435112fa:group-2B7A4AEFDCA8 changes role from null to FOLLOWER at term 0 for startAsFollower
2019-09-09 21:44:37,832 [pool-77-thread-1] INFO  impl.RoleInfo (RoleInfo.java:updateAndGet(143)) - 23a608ef-ac53-4715-b4b8-1f1f435112fa: start FollowerState
2019-09-09 21:44:37,833 [pool-77-thread-1] INFO  util.JmxRegister (JmxRegister.java:tryRegister(44)) - Successfully registered JMX Bean with object name Ratis:service=RaftServer,group=group-2B7A4AEFDCA8,id=23a608ef-ac53-4715-b4b8-1f1f435112fa
2019-09-09 21:44:37,847 [RatisPipelineUtilsThread] INFO  pipeline.PipelineStateManager (PipelineStateManager.java:addPipeline(56)) - Created pipeline Pipeline[ Id: 07c2d4b6-0056-439e-9c84-2b7a4aefdca8, Nodes: 23a608ef-ac53-4715-b4b8-1f1f435112fa{ip: 192.168.5.143, host: pr-hdds-2007-bxrz5-4054259085, networkLocation: /default-rack, certSerialId: null}, Type:RATIS, Factor:ONE, State:OPEN]
2019-09-09 21:44:37,874 [grpc-default-executor-0] INFO  impl.RaftServerProxy (RaftServerProxy.java:addNew(89)) - 3bb905b4-e1b5-44cf-bff0-d2acb22bd644: addNew group-3140EAA934D1:[3bb905b4-e1b5-44cf-bff0-d2acb22bd644:192.168.5.143:36113] returns group-3140EAA934D1:java.util.concurrent.CompletableFuture@7f29fcb4[Not completed]
2019-09-09 21:44:37,878 [pool-87-thread-1] INFO  impl.RaftServerImpl (RaftServerImpl.java:<init>(93)) - 3bb905b4-e1b5-44cf-bff0-d2acb22bd644: new RaftServerImpl for group-3140EAA934D1:[3bb905b4-e1b5-44cf-bff0-d2acb22bd644:192.168.5.143:36113] with ContainerStateMachine:uninitialized
2019-09-09 21:44:37,878 [pool-87-thread-1] INFO  server.RaftServerConfigKeys (ConfUtils.java:logGet(43)) - raft.server.rpc.timeout.min = 5s (custom)
2019-09-09 21:44:37,878 [pool-87-thread-1] INFO  server.RaftServerConfigKeys (ConfUtils.java:logGet(43)) - raft.server.rpc.timeout.max = 5200ms (custom)
2019-09-09 21:44:37,879 [pool-87-thread-1] INFO  server.RaftServerConfigKeys (ConfUtils.java:logGet(43)) - raft.server.rpcslowness.timeout = 120s (custom)
2019-09-09 21:44:37,879 [pool-87-thread-1] INFO  server.RaftServerConfigKeys (ConfUtils.java:logGet(43)) - raft.server.sleep.deviation.threshold = 300 (default)
2019-09-09 21:44:37,879 [pool-87-thread-1] INFO  server.RaftServerConfigKeys (ConfUtils.java:logGet(43)) - raft.server.log.appender.install.snapshot.enabled = false (custom)
2019-09-09 21:44:37,879 [pool-87-thread-1] INFO  impl.RaftServerImpl (ServerState.java:<init>(105)) - 3bb905b4-e1b5-44cf-bff0-d2acb22bd644:group-3140EAA934D1 ConfigurationManager, init=-1: [3bb905b4-e1b5-44cf-bff0-d2acb22bd644:192.168.5.143:36113], old=null, confs=<EMPTY_MAP>
2019-09-09 21:44:37,879 [pool-87-thread-1] INFO  server.RaftServerConfigKeys (ConfUtils.java:logGet(43)) - raft.server.storage.dir = [/workdir/hadoop-ozone/integration-test/target/test-dir/MiniOzoneClusterImpl-b75b5873-643f-488a-b9f8-130d181fa964/datanode-6/data/ratis] (custom)
2019-09-09 21:44:37,879 [pool-87-thread-1] INFO  storage.RaftStorageDirectory (RaftStorageDirectory.java:analyzeStorage(246)) - The storage directory /workdir/hadoop-ozone/integration-test/target/test-dir/MiniOzoneClusterImpl-b75b5873-643f-488a-b9f8-130d181fa964/datanode-6/data/ratis/98a73380-a4c3-435e-8aaa-3140eaa934d1 does not exist. Creating ...
2019-09-09 21:44:37,892 [pool-87-thread-1] INFO  storage.RaftStorageDirectory (RaftStorageDirectory.java:tryLock(328)) - Lock on /workdir/hadoop-ozone/integration-test/target/test-dir/MiniOzoneClusterImpl-b75b5873-643f-488a-b9f8-130d181fa964/datanode-6/data/ratis/98a73380-a4c3-435e-8aaa-3140eaa934d1/in_use.lock acquired by nodename 28956@pr-hdds-2007-bxrz5-4054259085
2019-09-09 21:44:37,905 [pool-87-thread-1] INFO  storage.RaftStorage (RaftStorage.java:format(72)) - Storage directory /workdir/hadoop-ozone/integration-test/target/test-dir/MiniOzoneClusterImpl-b75b5873-643f-488a-b9f8-130d181fa964/datanode-6/data/ratis/98a73380-a4c3-435e-8aaa-3140eaa934d1 has been successfully formatted.
2019-09-09 21:44:37,905 [pool-87-thread-1] INFO  ratis.ContainerStateMachine (ContainerStateMachine.java:loadSnapshot(227)) - group-3140EAA934D1: The snapshot info is null. Setting the last applied indexto:(t:0, i:~)
2019-09-09 21:44:37,905 [pool-87-thread-1] INFO  server.RaftServerConfigKeys (ConfUtils.java:logGet(43)) - raft.server.leader.election.timeout = 120s (custom)
2019-09-09 21:44:37,905 [pool-87-thread-1] INFO  server.RaftServerConfigKeys (ConfUtils.java:logGet(43)) - raft.server.log.use.memory = false (default)
2019-09-09 21:44:37,905 [pool-87-thread-1] INFO  server.RaftServerConfigKeys (ConfUtils.java:logGet(43)) - raft.server.log.purge.gap = 1000000 (custom)
2019-09-09 21:44:37,906 [pool-87-thread-1] INFO  server.RaftServerConfigKeys (ConfUtils.java:logGet(43)) - raft.server.log.appender.buffer.byte-limit = 33554432 (custom)
2019-09-09 21:44:37,906 [pool-87-thread-1] INFO  server.RaftServerConfigKeys (ConfUtils.java:logGet(43)) - raft.server.log.segment.size.max = 1048576 (custom)
2019-09-09 21:44:37,906 [pool-87-thread-1] INFO  server.RaftServerConfigKeys (ConfUtils.java:logGet(43)) - raft.server.log.segment.cache.num.max = 2 (custom)
2019-09-09 21:44:37,906 [pool-87-thread-1] INFO  segmented.SegmentedRaftLogWorker (SegmentedRaftLogWorker.java:<init>(172)) - new 3bb905b4-e1b5-44cf-bff0-d2acb22bd644-SegmentedRaftLogWorker:Storage Directory /workdir/hadoop-ozone/integration-test/target/test-dir/MiniOzoneClusterImpl-b75b5873-643f-488a-b9f8-130d181fa964/datanode-6/data/ratis/98a73380-a4c3-435e-8aaa-3140eaa934d1 for RaftStorage:Storage Directory /workdir/hadoop-ozone/integration-test/target/test-dir/MiniOzoneClusterImpl-b75b5873-643f-488a-b9f8-130d181fa964/datanode-6/data/ratis/98a73380-a4c3-435e-8aaa-3140eaa934d1
2019-09-09 21:44:37,906 [pool-87-thread-1] INFO  server.RaftServerConfigKeys (ConfUtils.java:logGet(43)) - raft.server.log.queue.byte-limit = 2147483647 (custom)
2019-09-09 21:44:37,906 [pool-87-thread-1] INFO  server.RaftServerConfigKeys (ConfUtils.java:logGet(43)) - raft.server.log.queue.element-limit = 1024 (custom)
2019-09-09 21:44:37,907 [pool-87-thread-1] INFO  server.RaftServerConfigKeys (ConfUtils.java:logGet(43)) - raft.server.log.segment.size.max = 1048576 (custom)
2019-09-09 21:44:37,907 [pool-87-thread-1] INFO  server.RaftServerConfigKeys (ConfUtils.java:logGet(43)) - raft.server.log.preallocated.size = 16384 (custom)
2019-09-09 21:44:37,907 [pool-87-thread-1] INFO  server.RaftServerConfigKeys (ConfUtils.java:logGet(43)) - raft.server.log.write.buffer.size = 33554432 (custom)
2019-09-09 21:44:37,907 [pool-87-thread-1] INFO  server.RaftServerConfigKeys (ConfUtils.java:logGet(43)) - raft.server.log.force.sync.num = 128 (default)
2019-09-09 21:44:37,907 [pool-87-thread-1] INFO  server.RaftServerConfigKeys (ConfUtils.java:logGet(43)) - raft.server.log.statemachine.data.sync = true (default)
2019-09-09 21:44:37,907 [pool-87-thread-1] INFO  server.RaftServerConfigKeys (ConfUtils.java:logGet(43)) - raft.server.log.statemachine.data.sync.timeout = 10s (default)
2019-09-09 21:44:37,907 [pool-87-thread-1] INFO  server.RaftServerConfigKeys (ConfUtils.java:logGet(43)) - raft.server.log.statemachine.data.sync.timeout.retry = -1 (default)
2019-09-09 21:44:37,908 [pool-87-thread-1] INFO  server.RaftServerConfigKeys (ConfUtils.java:logGet(43)) - raft.server.log.statemachine.data.caching.enabled = true (custom)
2019-09-09 21:44:37,908 [pool-87-thread-1] INFO  segmented.SegmentedRaftLogWorker (SegmentedRaftLogWorker.java:lambda$new$0(132)) - 3bb905b4-e1b5-44cf-bff0-d2acb22bd644-SegmentedRaftLogWorker:Storage Directory /workdir/hadoop-ozone/integration-test/target/test-dir/MiniOzoneClusterImpl-b75b5873-643f-488a-b9f8-130d181fa964/datanode-6/data/ratis/98a73380-a4c3-435e-8aaa-3140eaa934d1: flushIndex: setUnconditionally 0 -> -1
2019-09-09 21:44:37,908 [pool-87-thread-1] INFO  server.RaftServerConfigKeys (ConfUtils.java:logGet(43)) - raft.server.snapshot.auto.trigger.enabled = true (custom)
2019-09-09 21:44:37,908 [pool-87-thread-1] INFO  server.RaftServerConfigKeys (ConfUtils.java:logGet(43)) - raft.server.snapshot.auto.trigger.threshold = 10000 (custom)
2019-09-09 21:44:37,908 [pool-87-thread-1] INFO  server.RaftServerConfigKeys (ConfUtils.java:logGet(43)) - raft.server.retrycache.expirytime = 600000ms (custom)
2019-09-09 21:44:37,909 [pool-87-thread-1] INFO  impl.RaftServerImpl (RaftServerImpl.java:start(180)) - 3bb905b4-e1b5-44cf-bff0-d2acb22bd644: start group-3140EAA934D1
2019-09-09 21:44:37,909 [pool-87-thread-1] INFO  impl.RaftServerImpl (RaftServerImpl.java:setRole(171)) - 3bb905b4-e1b5-44cf-bff0-d2acb22bd644:group-3140EAA934D1 changes role from null to FOLLOWER at term 0 for startAsFollower
2019-09-09 21:44:37,909 [pool-87-thread-1] INFO  impl.RoleInfo (RoleInfo.java:updateAndGet(143)) - 3bb905b4-e1b5-44cf-bff0-d2acb22bd644: start FollowerState
2019-09-09 21:44:37,909 [pool-87-thread-1] INFO  util.JmxRegister (JmxRegister.java:tryRegister(44)) - Successfully registered JMX Bean with object name Ratis:service=RaftServer,group=group-3140EAA934D1,id=3bb905b4-e1b5-44cf-bff0-d2acb22bd644
2019-09-09 21:44:37,924 [RatisPipelineUtilsThread] INFO  pipeline.PipelineStateManager (PipelineStateManager.java:addPipeline(56)) - Created pipeline Pipeline[ Id: 98a73380-a4c3-435e-8aaa-3140eaa934d1, Nodes: 3bb905b4-e1b5-44cf-bff0-d2acb22bd644{ip: 192.168.5.143, host: pr-hdds-2007-bxrz5-4054259085, networkLocation: /default-rack, certSerialId: null}, Type:RATIS, Factor:ONE, State:OPEN]
2019-09-09 21:44:37,947 [grpc-default-executor-0] INFO  impl.RaftServerProxy (RaftServerProxy.java:addNew(89)) - 4d79564c-1113-4bdd-af39-002278d0fa77: addNew group-D4E61425B1A1:[4d79564c-1113-4bdd-af39-002278d0fa77:192.168.5.143:38539] returns group-D4E61425B1A1:java.util.concurrent.CompletableFuture@60202f3f[Not completed]
2019-09-09 21:44:37,951 [pool-57-thread-1] INFO  impl.RaftServerImpl (RaftServerImpl.java:<init>(93)) - 4d79564c-1113-4bdd-af39-002278d0fa77: new RaftServerImpl for group-D4E61425B1A1:[4d79564c-1113-4bdd-af39-002278d0fa77:192.168.5.143:38539] with ContainerStateMachine:uninitialized
2019-09-09 21:44:37,952 [pool-57-thread-1] INFO  server.RaftServerConfigKeys (ConfUtils.java:logGet(43)) - raft.server.rpc.timeout.min = 5s (custom)
2019-09-09 21:44:37,952 [pool-57-thread-1] INFO  server.RaftServerConfigKeys (ConfUtils.java:logGet(43)) - raft.server.rpc.timeout.max = 5200ms (custom)
2019-09-09 21:44:37,952 [pool-57-thread-1] INFO  server.RaftServerConfigKeys (ConfUtils.java:logGet(43)) - raft.server.rpcslowness.timeout = 120s (custom)
2019-09-09 21:44:37,952 [pool-57-thread-1] INFO  server.RaftServerConfigKeys (ConfUtils.java:logGet(43)) - raft.server.sleep.deviation.threshold = 300 (default)
2019-09-09 21:44:37,952 [pool-57-thread-1] INFO  server.RaftServerConfigKeys (ConfUtils.java:logGet(43)) - raft.server.log.appender.install.snapshot.enabled = false (custom)
2019-09-09 21:44:37,952 [pool-57-thread-1] INFO  impl.RaftServerImpl (ServerState.java:<init>(105)) - 4d79564c-1113-4bdd-af39-002278d0fa77:group-D4E61425B1A1 ConfigurationManager, init=-1: [4d79564c-1113-4bdd-af39-002278d0fa77:192.168.5.143:38539], old=null, confs=<EMPTY_MAP>
2019-09-09 21:44:37,952 [pool-57-thread-1] INFO  server.RaftServerConfigKeys (ConfUtils.java:logGet(43)) - raft.server.storage.dir = [/workdir/hadoop-ozone/integration-test/target/test-dir/MiniOzoneClusterImpl-b75b5873-643f-488a-b9f8-130d181fa964/datanode-3/data/ratis] (custom)
2019-09-09 21:44:37,953 [pool-57-thread-1] INFO  storage.RaftStorageDirectory (RaftStorageDirectory.java:analyzeStorage(246)) - The storage directory /workdir/hadoop-ozone/integration-test/target/test-dir/MiniOzoneClusterImpl-b75b5873-643f-488a-b9f8-130d181fa964/datanode-3/data/ratis/330a14e9-f52c-4279-a25d-d4e61425b1a1 does not exist. Creating ...
2019-09-09 21:44:37,967 [pool-57-thread-1] INFO  storage.RaftStorageDirectory (RaftStorageDirectory.java:tryLock(328)) - Lock on /workdir/hadoop-ozone/integration-test/target/test-dir/MiniOzoneClusterImpl-b75b5873-643f-488a-b9f8-130d181fa964/datanode-3/data/ratis/330a14e9-f52c-4279-a25d-d4e61425b1a1/in_use.lock acquired by nodename 28956@pr-hdds-2007-bxrz5-4054259085
2019-09-09 21:44:37,996 [pool-57-thread-1] INFO  storage.RaftStorage (RaftStorage.java:format(72)) - Storage directory /workdir/hadoop-ozone/integration-test/target/test-dir/MiniOzoneClusterImpl-b75b5873-643f-488a-b9f8-130d181fa964/datanode-3/data/ratis/330a14e9-f52c-4279-a25d-d4e61425b1a1 has been successfully formatted.
2019-09-09 21:44:37,996 [pool-57-thread-1] INFO  ratis.ContainerStateMachine (ContainerStateMachine.java:loadSnapshot(227)) - group-D4E61425B1A1: The snapshot info is null. Setting the last applied indexto:(t:0, i:~)
2019-09-09 21:44:37,996 [pool-57-thread-1] INFO  server.RaftServerConfigKeys (ConfUtils.java:logGet(43)) - raft.server.leader.election.timeout = 120s (custom)
2019-09-09 21:44:37,996 [pool-57-thread-1] INFO  server.RaftServerConfigKeys (ConfUtils.java:logGet(43)) - raft.server.log.use.memory = false (default)
2019-09-09 21:44:37,996 [pool-57-thread-1] INFO  server.RaftServerConfigKeys (ConfUtils.java:logGet(43)) - raft.server.log.purge.gap = 1000000 (custom)
2019-09-09 21:44:37,996 [pool-57-thread-1] INFO  server.RaftServerConfigKeys (ConfUtils.java:logGet(43)) - raft.server.log.appender.buffer.byte-limit = 33554432 (custom)
2019-09-09 21:44:37,997 [pool-57-thread-1] INFO  server.RaftServerConfigKeys (ConfUtils.java:logGet(43)) - raft.server.log.segment.size.max = 1048576 (custom)
2019-09-09 21:44:37,997 [pool-57-thread-1] INFO  server.RaftServerConfigKeys (ConfUtils.java:logGet(43)) - raft.server.log.segment.cache.num.max = 2 (custom)
2019-09-09 21:44:37,997 [pool-57-thread-1] INFO  segmented.SegmentedRaftLogWorker (SegmentedRaftLogWorker.java:<init>(172)) - new 4d79564c-1113-4bdd-af39-002278d0fa77-SegmentedRaftLogWorker:Storage Directory /workdir/hadoop-ozone/integration-test/target/test-dir/MiniOzoneClusterImpl-b75b5873-643f-488a-b9f8-130d181fa964/datanode-3/data/ratis/330a14e9-f52c-4279-a25d-d4e61425b1a1 for RaftStorage:Storage Directory /workdir/hadoop-ozone/integration-test/target/test-dir/MiniOzoneClusterImpl-b75b5873-643f-488a-b9f8-130d181fa964/datanode-3/data/ratis/330a14e9-f52c-4279-a25d-d4e61425b1a1
2019-09-09 21:44:37,997 [pool-57-thread-1] INFO  server.RaftServerConfigKeys (ConfUtils.java:logGet(43)) - raft.server.log.queue.byte-limit = 2147483647 (custom)
2019-09-09 21:44:37,997 [pool-57-thread-1] INFO  server.RaftServerConfigKeys (ConfUtils.java:logGet(43)) - raft.server.log.queue.element-limit = 1024 (custom)
2019-09-09 21:44:37,997 [pool-57-thread-1] INFO  server.RaftServerConfigKeys (ConfUtils.java:logGet(43)) - raft.server.log.segment.size.max = 1048576 (custom)
2019-09-09 21:44:37,997 [pool-57-thread-1] INFO  server.RaftServerConfigKeys (ConfUtils.java:logGet(43)) - raft.server.log.preallocated.size = 16384 (custom)
2019-09-09 21:44:37,998 [pool-57-thread-1] INFO  server.RaftServerConfigKeys (ConfUtils.java:logGet(43)) - raft.server.log.write.buffer.size = 33554432 (custom)
2019-09-09 21:44:37,998 [pool-57-thread-1] INFO  server.RaftServerConfigKeys (ConfUtils.java:logGet(43)) - raft.server.log.force.sync.num = 128 (default)
2019-09-09 21:44:37,998 [pool-57-thread-1] INFO  server.RaftServerConfigKeys (ConfUtils.java:logGet(43)) - raft.server.log.statemachine.data.sync = true (default)
2019-09-09 21:44:37,998 [pool-57-thread-1] INFO  server.RaftServerConfigKeys (ConfUtils.java:logGet(43)) - raft.server.log.statemachine.data.sync.timeout = 10s (default)
2019-09-09 21:44:37,998 [pool-57-thread-1] INFO  server.RaftServerConfigKeys (ConfUtils.java:logGet(43)) - raft.server.log.statemachine.data.sync.timeout.retry = -1 (default)
2019-09-09 21:44:37,998 [pool-57-thread-1] INFO  server.RaftServerConfigKeys (ConfUtils.java:logGet(43)) - raft.server.log.statemachine.data.caching.enabled = true (custom)
2019-09-09 21:44:37,999 [pool-57-thread-1] INFO  segmented.SegmentedRaftLogWorker (SegmentedRaftLogWorker.java:lambda$new$0(132)) - 4d79564c-1113-4bdd-af39-002278d0fa77-SegmentedRaftLogWorker:Storage Directory /workdir/hadoop-ozone/integration-test/target/test-dir/MiniOzoneClusterImpl-b75b5873-643f-488a-b9f8-130d181fa964/datanode-3/data/ratis/330a14e9-f52c-4279-a25d-d4e61425b1a1: flushIndex: setUnconditionally 0 -> -1
2019-09-09 21:44:37,999 [pool-57-thread-1] INFO  server.RaftServerConfigKeys (ConfUtils.java:logGet(43)) - raft.server.snapshot.auto.trigger.enabled = true (custom)
2019-09-09 21:44:37,999 [pool-57-thread-1] INFO  server.RaftServerConfigKeys (ConfUtils.java:logGet(43)) - raft.server.snapshot.auto.trigger.threshold = 10000 (custom)
2019-09-09 21:44:37,999 [pool-57-thread-1] INFO  server.RaftServerConfigKeys (ConfUtils.java:logGet(43)) - raft.server.retrycache.expirytime = 600000ms (custom)
2019-09-09 21:44:37,999 [pool-57-thread-1] INFO  impl.RaftServerImpl (RaftServerImpl.java:start(180)) - 4d79564c-1113-4bdd-af39-002278d0fa77: start group-D4E61425B1A1
2019-09-09 21:44:37,999 [pool-57-thread-1] INFO  impl.RaftServerImpl (RaftServerImpl.java:setRole(171)) - 4d79564c-1113-4bdd-af39-002278d0fa77:group-D4E61425B1A1 changes role from null to FOLLOWER at term 0 for startAsFollower
2019-09-09 21:44:38,000 [pool-57-thread-1] INFO  impl.RoleInfo (RoleInfo.java:updateAndGet(143)) - 4d79564c-1113-4bdd-af39-002278d0fa77: start FollowerState
2019-09-09 21:44:38,000 [pool-57-thread-1] INFO  util.JmxRegister (JmxRegister.java:tryRegister(44)) - Successfully registered JMX Bean with object name Ratis:service=RaftServer,group=group-D4E61425B1A1,id=4d79564c-1113-4bdd-af39-002278d0fa77
2019-09-09 21:44:38,015 [RatisPipelineUtilsThread] INFO  pipeline.PipelineStateManager (PipelineStateManager.java:addPipeline(56)) - Created pipeline Pipeline[ Id: 330a14e9-f52c-4279-a25d-d4e61425b1a1, Nodes: 4d79564c-1113-4bdd-af39-002278d0fa77{ip: 192.168.5.143, host: pr-hdds-2007-bxrz5-4054259085, networkLocation: /default-rack, certSerialId: null}, Type:RATIS, Factor:ONE, State:OPEN]
2019-09-09 21:44:38,040 [grpc-default-executor-0] INFO  impl.RaftServerProxy (RaftServerProxy.java:addNew(89)) - 32341634-9b92-4130-8eac-3e0d512fb107: addNew group-F5B007010156:[32341634-9b92-4130-8eac-3e0d512fb107:192.168.5.143:40643] returns group-F5B007010156:java.util.concurrent.CompletableFuture@79817ac8[Not completed]
2019-09-09 21:44:38,042 [pool-27-thread-1] INFO  impl.RaftServerImpl (RaftServerImpl.java:<init>(93)) - 32341634-9b92-4130-8eac-3e0d512fb107: new RaftServerImpl for group-F5B007010156:[32341634-9b92-4130-8eac-3e0d512fb107:192.168.5.143:40643] with ContainerStateMachine:uninitialized
2019-09-09 21:44:38,042 [pool-27-thread-1] INFO  server.RaftServerConfigKeys (ConfUtils.java:logGet(43)) - raft.server.rpc.timeout.min = 5s (custom)
2019-09-09 21:44:38,042 [pool-27-thread-1] INFO  server.RaftServerConfigKeys (ConfUtils.java:logGet(43)) - raft.server.rpc.timeout.max = 5200ms (custom)
2019-09-09 21:44:38,042 [pool-27-thread-1] INFO  server.RaftServerConfigKeys (ConfUtils.java:logGet(43)) - raft.server.rpcslowness.timeout = 120s (custom)
2019-09-09 21:44:38,042 [pool-27-thread-1] INFO  server.RaftServerConfigKeys (ConfUtils.java:logGet(43)) - raft.server.sleep.deviation.threshold = 300 (default)
2019-09-09 21:44:38,042 [pool-27-thread-1] INFO  server.RaftServerConfigKeys (ConfUtils.java:logGet(43)) - raft.server.log.appender.install.snapshot.enabled = false (custom)
2019-09-09 21:44:38,042 [pool-27-thread-1] INFO  impl.RaftServerImpl (ServerState.java:<init>(105)) - 32341634-9b92-4130-8eac-3e0d512fb107:group-F5B007010156 ConfigurationManager, init=-1: [32341634-9b92-4130-8eac-3e0d512fb107:192.168.5.143:40643], old=null, confs=<EMPTY_MAP>
2019-09-09 21:44:38,043 [pool-27-thread-1] INFO  server.RaftServerConfigKeys (ConfUtils.java:logGet(43)) - raft.server.storage.dir = [/workdir/hadoop-ozone/integration-test/target/test-dir/MiniOzoneClusterImpl-b75b5873-643f-488a-b9f8-130d181fa964/datanode-0/data/ratis] (custom)
2019-09-09 21:44:38,043 [pool-27-thread-1] INFO  storage.RaftStorageDirectory (RaftStorageDirectory.java:analyzeStorage(246)) - The storage directory /workdir/hadoop-ozone/integration-test/target/test-dir/MiniOzoneClusterImpl-b75b5873-643f-488a-b9f8-130d181fa964/datanode-0/data/ratis/fb01a7b9-1e32-454d-90aa-f5b007010156 does not exist. Creating ...
2019-09-09 21:44:38,064 [pool-27-thread-1] INFO  storage.RaftStorageDirectory (RaftStorageDirectory.java:tryLock(328)) - Lock on /workdir/hadoop-ozone/integration-test/target/test-dir/MiniOzoneClusterImpl-b75b5873-643f-488a-b9f8-130d181fa964/datanode-0/data/ratis/fb01a7b9-1e32-454d-90aa-f5b007010156/in_use.lock acquired by nodename 28956@pr-hdds-2007-bxrz5-4054259085
2019-09-09 21:44:38,077 [pool-27-thread-1] INFO  storage.RaftStorage (RaftStorage.java:format(72)) - Storage directory /workdir/hadoop-ozone/integration-test/target/test-dir/MiniOzoneClusterImpl-b75b5873-643f-488a-b9f8-130d181fa964/datanode-0/data/ratis/fb01a7b9-1e32-454d-90aa-f5b007010156 has been successfully formatted.
2019-09-09 21:44:38,077 [pool-27-thread-1] INFO  ratis.ContainerStateMachine (ContainerStateMachine.java:loadSnapshot(227)) - group-F5B007010156: The snapshot info is null. Setting the last applied indexto:(t:0, i:~)
2019-09-09 21:44:38,077 [pool-27-thread-1] INFO  server.RaftServerConfigKeys (ConfUtils.java:logGet(43)) - raft.server.leader.election.timeout = 120s (custom)
2019-09-09 21:44:38,078 [pool-27-thread-1] INFO  server.RaftServerConfigKeys (ConfUtils.java:logGet(43)) - raft.server.log.use.memory = false (default)
2019-09-09 21:44:38,078 [pool-27-thread-1] INFO  server.RaftServerConfigKeys (ConfUtils.java:logGet(43)) - raft.server.log.purge.gap = 1000000 (custom)
2019-09-09 21:44:38,078 [pool-27-thread-1] INFO  server.RaftServerConfigKeys (ConfUtils.java:logGet(43)) - raft.server.log.appender.buffer.byte-limit = 33554432 (custom)
2019-09-09 21:44:38,078 [pool-27-thread-1] INFO  server.RaftServerConfigKeys (ConfUtils.java:logGet(43)) - raft.server.log.segment.size.max = 1048576 (custom)
2019-09-09 21:44:38,078 [pool-27-thread-1] INFO  server.RaftServerConfigKeys (ConfUtils.java:logGet(43)) - raft.server.log.segment.cache.num.max = 2 (custom)
2019-09-09 21:44:38,079 [pool-27-thread-1] INFO  segmented.SegmentedRaftLogWorker (SegmentedRaftLogWorker.java:<init>(172)) - new 32341634-9b92-4130-8eac-3e0d512fb107-SegmentedRaftLogWorker:Storage Directory /workdir/hadoop-ozone/integration-test/target/test-dir/MiniOzoneClusterImpl-b75b5873-643f-488a-b9f8-130d181fa964/datanode-0/data/ratis/fb01a7b9-1e32-454d-90aa-f5b007010156 for RaftStorage:Storage Directory /workdir/hadoop-ozone/integration-test/target/test-dir/MiniOzoneClusterImpl-b75b5873-643f-488a-b9f8-130d181fa964/datanode-0/data/ratis/fb01a7b9-1e32-454d-90aa-f5b007010156
2019-09-09 21:44:38,079 [pool-27-thread-1] INFO  server.RaftServerConfigKeys (ConfUtils.java:logGet(43)) - raft.server.log.queue.byte-limit = 2147483647 (custom)
2019-09-09 21:44:38,079 [pool-27-thread-1] INFO  server.RaftServerConfigKeys (ConfUtils.java:logGet(43)) - raft.server.log.queue.element-limit = 1024 (custom)
2019-09-09 21:44:38,080 [pool-27-thread-1] INFO  server.RaftServerConfigKeys (ConfUtils.java:logGet(43)) - raft.server.log.segment.size.max = 1048576 (custom)
2019-09-09 21:44:38,080 [pool-27-thread-1] INFO  server.RaftServerConfigKeys (ConfUtils.java:logGet(43)) - raft.server.log.preallocated.size = 16384 (custom)
2019-09-09 21:44:38,080 [pool-27-thread-1] INFO  server.RaftServerConfigKeys (ConfUtils.java:logGet(43)) - raft.server.log.write.buffer.size = 33554432 (custom)
2019-09-09 21:44:38,080 [pool-27-thread-1] INFO  server.RaftServerConfigKeys (ConfUtils.java:logGet(43)) - raft.server.log.force.sync.num = 128 (default)
2019-09-09 21:44:38,080 [pool-27-thread-1] INFO  server.RaftServerConfigKeys (ConfUtils.java:logGet(43)) - raft.server.log.statemachine.data.sync = true (default)
2019-09-09 21:44:38,081 [pool-27-thread-1] INFO  server.RaftServerConfigKeys (ConfUtils.java:logGet(43)) - raft.server.log.statemachine.data.sync.timeout = 10s (default)
2019-09-09 21:44:38,081 [pool-27-thread-1] INFO  server.RaftServerConfigKeys (ConfUtils.java:logGet(43)) - raft.server.log.statemachine.data.sync.timeout.retry = -1 (default)
2019-09-09 21:44:38,082 [pool-27-thread-1] INFO  server.RaftServerConfigKeys (ConfUtils.java:logGet(43)) - raft.server.log.statemachine.data.caching.enabled = true (custom)
2019-09-09 21:44:38,082 [pool-27-thread-1] INFO  segmented.SegmentedRaftLogWorker (SegmentedRaftLogWorker.java:lambda$new$0(132)) - 32341634-9b92-4130-8eac-3e0d512fb107-SegmentedRaftLogWorker:Storage Directory /workdir/hadoop-ozone/integration-test/target/test-dir/MiniOzoneClusterImpl-b75b5873-643f-488a-b9f8-130d181fa964/datanode-0/data/ratis/fb01a7b9-1e32-454d-90aa-f5b007010156: flushIndex: setUnconditionally 0 -> -1
2019-09-09 21:44:38,082 [pool-27-thread-1] INFO  server.RaftServerConfigKeys (ConfUtils.java:logGet(43)) - raft.server.snapshot.auto.trigger.enabled = true (custom)
2019-09-09 21:44:38,083 [pool-27-thread-1] INFO  server.RaftServerConfigKeys (ConfUtils.java:logGet(43)) - raft.server.snapshot.auto.trigger.threshold = 10000 (custom)
2019-09-09 21:44:38,083 [pool-27-thread-1] INFO  server.RaftServerConfigKeys (ConfUtils.java:logGet(43)) - raft.server.retrycache.expirytime = 600000ms (custom)
2019-09-09 21:44:38,083 [pool-27-thread-1] INFO  impl.RaftServerImpl (RaftServerImpl.java:start(180)) - 32341634-9b92-4130-8eac-3e0d512fb107: start group-F5B007010156
2019-09-09 21:44:38,084 [pool-27-thread-1] INFO  impl.RaftServerImpl (RaftServerImpl.java:setRole(171)) - 32341634-9b92-4130-8eac-3e0d512fb107:group-F5B007010156 changes role from null to FOLLOWER at term 0 for startAsFollower
2019-09-09 21:44:38,084 [pool-27-thread-1] INFO  impl.RoleInfo (RoleInfo.java:updateAndGet(143)) - 32341634-9b92-4130-8eac-3e0d512fb107: start FollowerState
2019-09-09 21:44:38,084 [pool-27-thread-1] INFO  util.JmxRegister (JmxRegister.java:tryRegister(44)) - Successfully registered JMX Bean with object name Ratis:service=RaftServer,group=group-F5B007010156,id=32341634-9b92-4130-8eac-3e0d512fb107
2019-09-09 21:44:38,098 [RatisPipelineUtilsThread] INFO  pipeline.PipelineStateManager (PipelineStateManager.java:addPipeline(56)) - Created pipeline Pipeline[ Id: fb01a7b9-1e32-454d-90aa-f5b007010156, Nodes: 32341634-9b92-4130-8eac-3e0d512fb107{ip: 192.168.5.143, host: pr-hdds-2007-bxrz5-4054259085, networkLocation: /default-rack, certSerialId: null}, Type:RATIS, Factor:ONE, State:OPEN]
2019-09-09 21:44:38,117 [grpc-default-executor-0] INFO  impl.RaftServerProxy (RaftServerProxy.java:addNew(89)) - 7f2cb37e-01c2-4597-abad-216c2315631c: addNew group-F84933C8E53F:[7f2cb37e-01c2-4597-abad-216c2315631c:192.168.5.143:46076] returns group-F84933C8E53F:java.util.concurrent.CompletableFuture@7a5632e1[Not completed]
2019-09-09 21:44:38,122 [main] INFO  ozone.MiniOzoneClusterImpl (MiniOzoneClusterImpl.java:lambda$waitForClusterToBeReady$0(140)) - Cluster is ready. Got 7 of 7 DN Heartbeats.
2019-09-09 21:44:38,122 [pool-67-thread-1] INFO  impl.RaftServerImpl (RaftServerImpl.java:<init>(93)) - 7f2cb37e-01c2-4597-abad-216c2315631c: new RaftServerImpl for group-F84933C8E53F:[7f2cb37e-01c2-4597-abad-216c2315631c:192.168.5.143:46076] with ContainerStateMachine:uninitialized
2019-09-09 21:44:38,122 [pool-67-thread-1] INFO  server.RaftServerConfigKeys (ConfUtils.java:logGet(43)) - raft.server.rpc.timeout.min = 5s (custom)
2019-09-09 21:44:38,123 [pool-67-thread-1] INFO  server.RaftServerConfigKeys (ConfUtils.java:logGet(43)) - raft.server.rpc.timeout.max = 5200ms (custom)
2019-09-09 21:44:38,123 [pool-67-thread-1] INFO  server.RaftServerConfigKeys (ConfUtils.java:logGet(43)) - raft.server.rpcslowness.timeout = 120s (custom)
2019-09-09 21:44:38,123 [pool-67-thread-1] INFO  server.RaftServerConfigKeys (ConfUtils.java:logGet(43)) - raft.server.sleep.deviation.threshold = 300 (default)
2019-09-09 21:44:38,123 [pool-67-thread-1] INFO  server.RaftServerConfigKeys (ConfUtils.java:logGet(43)) - raft.server.log.appender.install.snapshot.enabled = false (custom)
2019-09-09 21:44:38,123 [pool-67-thread-1] INFO  impl.RaftServerImpl (ServerState.java:<init>(105)) - 7f2cb37e-01c2-4597-abad-216c2315631c:group-F84933C8E53F ConfigurationManager, init=-1: [7f2cb37e-01c2-4597-abad-216c2315631c:192.168.5.143:46076], old=null, confs=<EMPTY_MAP>
2019-09-09 21:44:38,124 [pool-67-thread-1] INFO  server.RaftServerConfigKeys (ConfUtils.java:logGet(43)) - raft.server.storage.dir = [/workdir/hadoop-ozone/integration-test/target/test-dir/MiniOzoneClusterImpl-b75b5873-643f-488a-b9f8-130d181fa964/datanode-4/data/ratis] (custom)
2019-09-09 21:44:38,124 [pool-67-thread-1] INFO  storage.RaftStorageDirectory (RaftStorageDirectory.java:analyzeStorage(246)) - The storage directory /workdir/hadoop-ozone/integration-test/target/test-dir/MiniOzoneClusterImpl-b75b5873-643f-488a-b9f8-130d181fa964/datanode-4/data/ratis/042e0ead-3c1d-446d-a788-f84933c8e53f does not exist. Creating ...
2019-09-09 21:44:38,138 [pool-67-thread-1] INFO  storage.RaftStorageDirectory (RaftStorageDirectory.java:tryLock(328)) - Lock on /workdir/hadoop-ozone/integration-test/target/test-dir/MiniOzoneClusterImpl-b75b5873-643f-488a-b9f8-130d181fa964/datanode-4/data/ratis/042e0ead-3c1d-446d-a788-f84933c8e53f/in_use.lock acquired by nodename 28956@pr-hdds-2007-bxrz5-4054259085
2019-09-09 21:44:38,151 [pool-67-thread-1] INFO  storage.RaftStorage (RaftStorage.java:format(72)) - Storage directory /workdir/hadoop-ozone/integration-test/target/test-dir/MiniOzoneClusterImpl-b75b5873-643f-488a-b9f8-130d181fa964/datanode-4/data/ratis/042e0ead-3c1d-446d-a788-f84933c8e53f has been successfully formatted.
2019-09-09 21:44:38,151 [pool-67-thread-1] INFO  ratis.ContainerStateMachine (ContainerStateMachine.java:loadSnapshot(227)) - group-F84933C8E53F: The snapshot info is null. Setting the last applied indexto:(t:0, i:~)
2019-09-09 21:44:38,152 [pool-67-thread-1] INFO  server.RaftServerConfigKeys (ConfUtils.java:logGet(43)) - raft.server.leader.election.timeout = 120s (custom)
2019-09-09 21:44:38,152 [pool-67-thread-1] INFO  server.RaftServerConfigKeys (ConfUtils.java:logGet(43)) - raft.server.log.use.memory = false (default)
2019-09-09 21:44:38,152 [pool-67-thread-1] INFO  server.RaftServerConfigKeys (ConfUtils.java:logGet(43)) - raft.server.log.purge.gap = 1000000 (custom)
2019-09-09 21:44:38,152 [pool-67-thread-1] INFO  server.RaftServerConfigKeys (ConfUtils.java:logGet(43)) - raft.server.log.appender.buffer.byte-limit = 33554432 (custom)
2019-09-09 21:44:38,152 [pool-67-thread-1] INFO  server.RaftServerConfigKeys (ConfUtils.java:logGet(43)) - raft.server.log.segment.size.max = 1048576 (custom)
2019-09-09 21:44:38,153 [pool-67-thread-1] INFO  server.RaftServerConfigKeys (ConfUtils.java:logGet(43)) - raft.server.log.segment.cache.num.max = 2 (custom)
2019-09-09 21:44:38,153 [pool-67-thread-1] INFO  segmented.SegmentedRaftLogWorker (SegmentedRaftLogWorker.java:<init>(172)) - new 7f2cb37e-01c2-4597-abad-216c2315631c-SegmentedRaftLogWorker:Storage Directory /workdir/hadoop-ozone/integration-test/target/test-dir/MiniOzoneClusterImpl-b75b5873-643f-488a-b9f8-130d181fa964/datanode-4/data/ratis/042e0ead-3c1d-446d-a788-f84933c8e53f for RaftStorage:Storage Directory /workdir/hadoop-ozone/integration-test/target/test-dir/MiniOzoneClusterImpl-b75b5873-643f-488a-b9f8-130d181fa964/datanode-4/data/ratis/042e0ead-3c1d-446d-a788-f84933c8e53f
2019-09-09 21:44:38,153 [pool-67-thread-1] INFO  server.RaftServerConfigKeys (ConfUtils.java:logGet(43)) - raft.server.log.queue.byte-limit = 2147483647 (custom)
2019-09-09 21:44:38,153 [pool-67-thread-1] INFO  server.RaftServerConfigKeys (ConfUtils.java:logGet(43)) - raft.server.log.queue.element-limit = 1024 (custom)
2019-09-09 21:44:38,153 [pool-67-thread-1] INFO  server.RaftServerConfigKeys (ConfUtils.java:logGet(43)) - raft.server.log.segment.size.max = 1048576 (custom)
2019-09-09 21:44:38,154 [pool-67-thread-1] INFO  server.RaftServerConfigKeys (ConfUtils.java:logGet(43)) - raft.server.log.preallocated.size = 16384 (custom)
2019-09-09 21:44:38,154 [pool-67-thread-1] INFO  server.RaftServerConfigKeys (ConfUtils.java:logGet(43)) - raft.server.log.write.buffer.size = 33554432 (custom)
2019-09-09 21:44:38,154 [pool-67-thread-1] INFO  server.RaftServerConfigKeys (ConfUtils.java:logGet(43)) - raft.server.log.force.sync.num = 128 (default)
2019-09-09 21:44:38,154 [pool-67-thread-1] INFO  server.RaftServerConfigKeys (ConfUtils.java:logGet(43)) - raft.server.log.statemachine.data.sync = true (default)
2019-09-09 21:44:38,154 [pool-67-thread-1] INFO  server.RaftServerConfigKeys (ConfUtils.java:logGet(43)) - raft.server.log.statemachine.data.sync.timeout = 10s (default)
2019-09-09 21:44:38,155 [pool-67-thread-1] INFO  server.RaftServerConfigKeys (ConfUtils.java:logGet(43)) - raft.server.log.statemachine.data.sync.timeout.retry = -1 (default)
2019-09-09 21:44:38,155 [pool-67-thread-1] INFO  server.RaftServerConfigKeys (ConfUtils.java:logGet(43)) - raft.server.log.statemachine.data.caching.enabled = true (custom)
2019-09-09 21:44:38,155 [pool-67-thread-1] INFO  segmented.SegmentedRaftLogWorker (SegmentedRaftLogWorker.java:lambda$new$0(132)) - 7f2cb37e-01c2-4597-abad-216c2315631c-SegmentedRaftLogWorker:Storage Directory /workdir/hadoop-ozone/integration-test/target/test-dir/MiniOzoneClusterImpl-b75b5873-643f-488a-b9f8-130d181fa964/datanode-4/data/ratis/042e0ead-3c1d-446d-a788-f84933c8e53f: flushIndex: setUnconditionally 0 -> -1
2019-09-09 21:44:38,156 [pool-67-thread-1] INFO  server.RaftServerConfigKeys (ConfUtils.java:logGet(43)) - raft.server.snapshot.auto.trigger.enabled = true (custom)
2019-09-09 21:44:38,156 [pool-67-thread-1] INFO  server.RaftServerConfigKeys (ConfUtils.java:logGet(43)) - raft.server.snapshot.auto.trigger.threshold = 10000 (custom)
2019-09-09 21:44:38,156 [pool-67-thread-1] INFO  server.RaftServerConfigKeys (ConfUtils.java:logGet(43)) - raft.server.retrycache.expirytime = 600000ms (custom)
2019-09-09 21:44:38,157 [pool-67-thread-1] INFO  impl.RaftServerImpl (RaftServerImpl.java:start(180)) - 7f2cb37e-01c2-4597-abad-216c2315631c: start group-F84933C8E53F
2019-09-09 21:44:38,157 [pool-67-thread-1] INFO  impl.RaftServerImpl (RaftServerImpl.java:setRole(171)) - 7f2cb37e-01c2-4597-abad-216c2315631c:group-F84933C8E53F changes role from null to FOLLOWER at term 0 for startAsFollower
2019-09-09 21:44:38,157 [pool-67-thread-1] INFO  impl.RoleInfo (RoleInfo.java:updateAndGet(143)) - 7f2cb37e-01c2-4597-abad-216c2315631c: start FollowerState
2019-09-09 21:44:38,157 [pool-67-thread-1] INFO  util.JmxRegister (JmxRegister.java:tryRegister(44)) - Successfully registered JMX Bean with object name Ratis:service=RaftServer,group=group-F84933C8E53F,id=7f2cb37e-01c2-4597-abad-216c2315631c
2019-09-09 21:44:38,174 [RatisPipelineUtilsThread] INFO  pipeline.PipelineStateManager (PipelineStateManager.java:addPipeline(56)) - Created pipeline Pipeline[ Id: 042e0ead-3c1d-446d-a788-f84933c8e53f, Nodes: 7f2cb37e-01c2-4597-abad-216c2315631c{ip: 192.168.5.143, host: pr-hdds-2007-bxrz5-4054259085, networkLocation: /default-rack, certSerialId: null}, Type:RATIS, Factor:ONE, State:OPEN]
2019-09-09 21:44:38,208 [grpc-default-executor-2] INFO  impl.RaftServerProxy (RaftServerProxy.java:addNew(89)) - 23a608ef-ac53-4715-b4b8-1f1f435112fa: addNew group-9B37A9B93DD7:[23a608ef-ac53-4715-b4b8-1f1f435112fa:192.168.5.143:34835, 3b0a2b15-582d-49c4-a3da-93fb894c5d0b:192.168.5.143:45724, 3bb905b4-e1b5-44cf-bff0-d2acb22bd644:192.168.5.143:36113] returns group-9B37A9B93DD7:java.util.concurrent.CompletableFuture@4d041bea[Not completed]
2019-09-09 21:44:38,209 [grpc-default-executor-1] INFO  impl.RaftServerProxy (RaftServerProxy.java:addNew(89)) - 3b0a2b15-582d-49c4-a3da-93fb894c5d0b: addNew group-9B37A9B93DD7:[23a608ef-ac53-4715-b4b8-1f1f435112fa:192.168.5.143:34835, 3b0a2b15-582d-49c4-a3da-93fb894c5d0b:192.168.5.143:45724, 3bb905b4-e1b5-44cf-bff0-d2acb22bd644:192.168.5.143:36113] returns group-9B37A9B93DD7:java.util.concurrent.CompletableFuture@a6ed4de[Not completed]
2019-09-09 21:44:38,211 [grpc-default-executor-1] INFO  impl.RaftServerProxy (RaftServerProxy.java:addNew(89)) - 3bb905b4-e1b5-44cf-bff0-d2acb22bd644: addNew group-9B37A9B93DD7:[23a608ef-ac53-4715-b4b8-1f1f435112fa:192.168.5.143:34835, 3b0a2b15-582d-49c4-a3da-93fb894c5d0b:192.168.5.143:45724, 3bb905b4-e1b5-44cf-bff0-d2acb22bd644:192.168.5.143:36113] returns group-9B37A9B93DD7:java.util.concurrent.CompletableFuture@e51414b[Not completed]
2019-09-09 21:44:38,212 [pool-77-thread-1] INFO  impl.RaftServerImpl (RaftServerImpl.java:<init>(93)) - 23a608ef-ac53-4715-b4b8-1f1f435112fa: new RaftServerImpl for group-9B37A9B93DD7:[23a608ef-ac53-4715-b4b8-1f1f435112fa:192.168.5.143:34835, 3b0a2b15-582d-49c4-a3da-93fb894c5d0b:192.168.5.143:45724, 3bb905b4-e1b5-44cf-bff0-d2acb22bd644:192.168.5.143:36113] with ContainerStateMachine:uninitialized
2019-09-09 21:44:38,213 [pool-77-thread-1] INFO  server.RaftServerConfigKeys (ConfUtils.java:logGet(43)) - raft.server.rpc.timeout.min = 5s (custom)
2019-09-09 21:44:38,213 [pool-77-thread-1] INFO  server.RaftServerConfigKeys (ConfUtils.java:logGet(43)) - raft.server.rpc.timeout.max = 5200ms (custom)
2019-09-09 21:44:38,213 [pool-77-thread-1] INFO  server.RaftServerConfigKeys (ConfUtils.java:logGet(43)) - raft.server.rpcslowness.timeout = 120s (custom)
2019-09-09 21:44:38,213 [pool-77-thread-1] INFO  server.RaftServerConfigKeys (ConfUtils.java:logGet(43)) - raft.server.sleep.deviation.threshold = 300 (default)
2019-09-09 21:44:38,213 [pool-77-thread-1] INFO  server.RaftServerConfigKeys (ConfUtils.java:logGet(43)) - raft.server.log.appender.install.snapshot.enabled = false (custom)
2019-09-09 21:44:38,213 [pool-77-thread-1] INFO  impl.RaftServerImpl (ServerState.java:<init>(105)) - 23a608ef-ac53-4715-b4b8-1f1f435112fa:group-9B37A9B93DD7 ConfigurationManager, init=-1: [23a608ef-ac53-4715-b4b8-1f1f435112fa:192.168.5.143:34835, 3b0a2b15-582d-49c4-a3da-93fb894c5d0b:192.168.5.143:45724, 3bb905b4-e1b5-44cf-bff0-d2acb22bd644:192.168.5.143:36113], old=null, confs=<EMPTY_MAP>
2019-09-09 21:44:38,214 [pool-77-thread-1] INFO  server.RaftServerConfigKeys (ConfUtils.java:logGet(43)) - raft.server.storage.dir = [/workdir/hadoop-ozone/integration-test/target/test-dir/MiniOzoneClusterImpl-b75b5873-643f-488a-b9f8-130d181fa964/datanode-5/data/ratis] (custom)
2019-09-09 21:44:38,214 [pool-87-thread-1] INFO  impl.RaftServerImpl (RaftServerImpl.java:<init>(93)) - 3bb905b4-e1b5-44cf-bff0-d2acb22bd644: new RaftServerImpl for group-9B37A9B93DD7:[23a608ef-ac53-4715-b4b8-1f1f435112fa:192.168.5.143:34835, 3b0a2b15-582d-49c4-a3da-93fb894c5d0b:192.168.5.143:45724, 3bb905b4-e1b5-44cf-bff0-d2acb22bd644:192.168.5.143:36113] with ContainerStateMachine:uninitialized
2019-09-09 21:44:38,214 [pool-87-thread-1] INFO  server.RaftServerConfigKeys (ConfUtils.java:logGet(43)) - raft.server.rpc.timeout.min = 5s (custom)
2019-09-09 21:44:38,214 [pool-77-thread-1] INFO  storage.RaftStorageDirectory (RaftStorageDirectory.java:analyzeStorage(246)) - The storage directory /workdir/hadoop-ozone/integration-test/target/test-dir/MiniOzoneClusterImpl-b75b5873-643f-488a-b9f8-130d181fa964/datanode-5/data/ratis/b7a75a62-c606-43bc-b0f1-9b37a9b93dd7 does not exist. Creating ...
2019-09-09 21:44:38,214 [pool-87-thread-1] INFO  server.RaftServerConfigKeys (ConfUtils.java:logGet(43)) - raft.server.rpc.timeout.max = 5200ms (custom)
2019-09-09 21:44:38,215 [pool-87-thread-1] INFO  server.RaftServerConfigKeys (ConfUtils.java:logGet(43)) - raft.server.rpcslowness.timeout = 120s (custom)
2019-09-09 21:44:38,215 [pool-87-thread-1] INFO  server.RaftServerConfigKeys (ConfUtils.java:logGet(43)) - raft.server.sleep.deviation.threshold = 300 (default)
2019-09-09 21:44:38,215 [pool-87-thread-1] INFO  server.RaftServerConfigKeys (ConfUtils.java:logGet(43)) - raft.server.log.appender.install.snapshot.enabled = false (custom)
2019-09-09 21:44:38,215 [pool-87-thread-1] INFO  impl.RaftServerImpl (ServerState.java:<init>(105)) - 3bb905b4-e1b5-44cf-bff0-d2acb22bd644:group-9B37A9B93DD7 ConfigurationManager, init=-1: [23a608ef-ac53-4715-b4b8-1f1f435112fa:192.168.5.143:34835, 3b0a2b15-582d-49c4-a3da-93fb894c5d0b:192.168.5.143:45724, 3bb905b4-e1b5-44cf-bff0-d2acb22bd644:192.168.5.143:36113], old=null, confs=<EMPTY_MAP>
2019-09-09 21:44:38,215 [pool-47-thread-1] INFO  impl.RaftServerImpl (RaftServerImpl.java:<init>(93)) - 3b0a2b15-582d-49c4-a3da-93fb894c5d0b: new RaftServerImpl for group-9B37A9B93DD7:[23a608ef-ac53-4715-b4b8-1f1f435112fa:192.168.5.143:34835, 3b0a2b15-582d-49c4-a3da-93fb894c5d0b:192.168.5.143:45724, 3bb905b4-e1b5-44cf-bff0-d2acb22bd644:192.168.5.143:36113] with ContainerStateMachine:uninitialized
2019-09-09 21:44:38,215 [pool-87-thread-1] INFO  server.RaftServerConfigKeys (ConfUtils.java:logGet(43)) - raft.server.storage.dir = [/workdir/hadoop-ozone/integration-test/target/test-dir/MiniOzoneClusterImpl-b75b5873-643f-488a-b9f8-130d181fa964/datanode-6/data/ratis] (custom)
2019-09-09 21:44:38,216 [pool-47-thread-1] INFO  server.RaftServerConfigKeys (ConfUtils.java:logGet(43)) - raft.server.rpc.timeout.min = 5s (custom)
2019-09-09 21:44:38,216 [pool-47-thread-1] INFO  server.RaftServerConfigKeys (ConfUtils.java:logGet(43)) - raft.server.rpc.timeout.max = 5200ms (custom)
2019-09-09 21:44:38,216 [pool-87-thread-1] INFO  storage.RaftStorageDirectory (RaftStorageDirectory.java:analyzeStorage(246)) - The storage directory /workdir/hadoop-ozone/integration-test/target/test-dir/MiniOzoneClusterImpl-b75b5873-643f-488a-b9f8-130d181fa964/datanode-6/data/ratis/b7a75a62-c606-43bc-b0f1-9b37a9b93dd7 does not exist. Creating ...
2019-09-09 21:44:38,216 [pool-47-thread-1] INFO  server.RaftServerConfigKeys (ConfUtils.java:logGet(43)) - raft.server.rpcslowness.timeout = 120s (custom)
2019-09-09 21:44:38,216 [pool-47-thread-1] INFO  server.RaftServerConfigKeys (ConfUtils.java:logGet(43)) - raft.server.sleep.deviation.threshold = 300 (default)
2019-09-09 21:44:38,216 [pool-47-thread-1] INFO  server.RaftServerConfigKeys (ConfUtils.java:logGet(43)) - raft.server.log.appender.install.snapshot.enabled = false (custom)
2019-09-09 21:44:38,217 [pool-47-thread-1] INFO  impl.RaftServerImpl (ServerState.java:<init>(105)) - 3b0a2b15-582d-49c4-a3da-93fb894c5d0b:group-9B37A9B93DD7 ConfigurationManager, init=-1: [23a608ef-ac53-4715-b4b8-1f1f435112fa:192.168.5.143:34835, 3b0a2b15-582d-49c4-a3da-93fb894c5d0b:192.168.5.143:45724, 3bb905b4-e1b5-44cf-bff0-d2acb22bd644:192.168.5.143:36113], old=null, confs=<EMPTY_MAP>
2019-09-09 21:44:38,217 [pool-47-thread-1] INFO  server.RaftServerConfigKeys (ConfUtils.java:logGet(43)) - raft.server.storage.dir = [/workdir/hadoop-ozone/integration-test/target/test-dir/MiniOzoneClusterImpl-b75b5873-643f-488a-b9f8-130d181fa964/datanode-2/data/ratis] (custom)
2019-09-09 21:44:38,217 [pool-47-thread-1] INFO  storage.RaftStorageDirectory (RaftStorageDirectory.java:analyzeStorage(246)) - The storage directory /workdir/hadoop-ozone/integration-test/target/test-dir/MiniOzoneClusterImpl-b75b5873-643f-488a-b9f8-130d181fa964/datanode-2/data/ratis/b7a75a62-c606-43bc-b0f1-9b37a9b93dd7 does not exist. Creating ...
2019-09-09 21:44:38,239 [pool-77-thread-1] INFO  storage.RaftStorageDirectory (RaftStorageDirectory.java:tryLock(328)) - Lock on /workdir/hadoop-ozone/integration-test/target/test-dir/MiniOzoneClusterImpl-b75b5873-643f-488a-b9f8-130d181fa964/datanode-5/data/ratis/b7a75a62-c606-43bc-b0f1-9b37a9b93dd7/in_use.lock acquired by nodename 28956@pr-hdds-2007-bxrz5-4054259085
2019-09-09 21:44:38,239 [pool-47-thread-1] INFO  storage.RaftStorageDirectory (RaftStorageDirectory.java:tryLock(328)) - Lock on /workdir/hadoop-ozone/integration-test/target/test-dir/MiniOzoneClusterImpl-b75b5873-643f-488a-b9f8-130d181fa964/datanode-2/data/ratis/b7a75a62-c606-43bc-b0f1-9b37a9b93dd7/in_use.lock acquired by nodename 28956@pr-hdds-2007-bxrz5-4054259085
2019-09-09 21:44:38,239 [pool-87-thread-1] INFO  storage.RaftStorageDirectory (RaftStorageDirectory.java:tryLock(328)) - Lock on /workdir/hadoop-ozone/integration-test/target/test-dir/MiniOzoneClusterImpl-b75b5873-643f-488a-b9f8-130d181fa964/datanode-6/data/ratis/b7a75a62-c606-43bc-b0f1-9b37a9b93dd7/in_use.lock acquired by nodename 28956@pr-hdds-2007-bxrz5-4054259085
2019-09-09 21:44:38,264 [pool-77-thread-1] INFO  storage.RaftStorage (RaftStorage.java:format(72)) - Storage directory /workdir/hadoop-ozone/integration-test/target/test-dir/MiniOzoneClusterImpl-b75b5873-643f-488a-b9f8-130d181fa964/datanode-5/data/ratis/b7a75a62-c606-43bc-b0f1-9b37a9b93dd7 has been successfully formatted.
2019-09-09 21:44:38,264 [pool-47-thread-1] INFO  storage.RaftStorage (RaftStorage.java:format(72)) - Storage directory /workdir/hadoop-ozone/integration-test/target/test-dir/MiniOzoneClusterImpl-b75b5873-643f-488a-b9f8-130d181fa964/datanode-2/data/ratis/b7a75a62-c606-43bc-b0f1-9b37a9b93dd7 has been successfully formatted.
2019-09-09 21:44:38,264 [pool-87-thread-1] INFO  storage.RaftStorage (RaftStorage.java:format(72)) - Storage directory /workdir/hadoop-ozone/integration-test/target/test-dir/MiniOzoneClusterImpl-b75b5873-643f-488a-b9f8-130d181fa964/datanode-6/data/ratis/b7a75a62-c606-43bc-b0f1-9b37a9b93dd7 has been successfully formatted.
2019-09-09 21:44:38,265 [pool-47-thread-1] INFO  ratis.ContainerStateMachine (ContainerStateMachine.java:loadSnapshot(227)) - group-9B37A9B93DD7: The snapshot info is null. Setting the last applied indexto:(t:0, i:~)
2019-09-09 21:44:38,265 [pool-77-thread-1] INFO  ratis.ContainerStateMachine (ContainerStateMachine.java:loadSnapshot(227)) - group-9B37A9B93DD7: The snapshot info is null. Setting the last applied indexto:(t:0, i:~)
2019-09-09 21:44:38,265 [pool-47-thread-1] INFO  server.RaftServerConfigKeys (ConfUtils.java:logGet(43)) - raft.server.leader.election.timeout = 120s (custom)
2019-09-09 21:44:38,265 [pool-87-thread-1] INFO  ratis.ContainerStateMachine (ContainerStateMachine.java:loadSnapshot(227)) - group-9B37A9B93DD7: The snapshot info is null. Setting the last applied indexto:(t:0, i:~)
2019-09-09 21:44:38,266 [pool-47-thread-1] INFO  server.RaftServerConfigKeys (ConfUtils.java:logGet(43)) - raft.server.log.use.memory = false (default)
2019-09-09 21:44:38,265 [pool-77-thread-1] INFO  server.RaftServerConfigKeys (ConfUtils.java:logGet(43)) - raft.server.leader.election.timeout = 120s (custom)
2019-09-09 21:44:38,266 [pool-47-thread-1] INFO  server.RaftServerConfigKeys (ConfUtils.java:logGet(43)) - raft.server.log.purge.gap = 1000000 (custom)
2019-09-09 21:44:38,266 [pool-87-thread-1] INFO  server.RaftServerConfigKeys (ConfUtils.java:logGet(43)) - raft.server.leader.election.timeout = 120s (custom)
2019-09-09 21:44:38,266 [pool-47-thread-1] INFO  server.RaftServerConfigKeys (ConfUtils.java:logGet(43)) - raft.server.log.appender.buffer.byte-limit = 33554432 (custom)
2019-09-09 21:44:38,266 [pool-77-thread-1] INFO  server.RaftServerConfigKeys (ConfUtils.java:logGet(43)) - raft.server.log.use.memory = false (default)
2019-09-09 21:44:38,267 [pool-47-thread-1] INFO  server.RaftServerConfigKeys (ConfUtils.java:logGet(43)) - raft.server.log.segment.size.max = 1048576 (custom)
2019-09-09 21:44:38,266 [pool-87-thread-1] INFO  server.RaftServerConfigKeys (ConfUtils.java:logGet(43)) - raft.server.log.use.memory = false (default)
2019-09-09 21:44:38,267 [pool-47-thread-1] INFO  server.RaftServerConfigKeys (ConfUtils.java:logGet(43)) - raft.server.log.segment.cache.num.max = 2 (custom)
2019-09-09 21:44:38,267 [pool-77-thread-1] INFO  server.RaftServerConfigKeys (ConfUtils.java:logGet(43)) - raft.server.log.purge.gap = 1000000 (custom)
2019-09-09 21:44:38,267 [pool-47-thread-1] INFO  segmented.SegmentedRaftLogWorker (SegmentedRaftLogWorker.java:<init>(172)) - new 3b0a2b15-582d-49c4-a3da-93fb894c5d0b-SegmentedRaftLogWorker:Storage Directory /workdir/hadoop-ozone/integration-test/target/test-dir/MiniOzoneClusterImpl-b75b5873-643f-488a-b9f8-130d181fa964/datanode-2/data/ratis/b7a75a62-c606-43bc-b0f1-9b37a9b93dd7 for RaftStorage:Storage Directory /workdir/hadoop-ozone/integration-test/target/test-dir/MiniOzoneClusterImpl-b75b5873-643f-488a-b9f8-130d181fa964/datanode-2/data/ratis/b7a75a62-c606-43bc-b0f1-9b37a9b93dd7
2019-09-09 21:44:38,267 [pool-87-thread-1] INFO  server.RaftServerConfigKeys (ConfUtils.java:logGet(43)) - raft.server.log.purge.gap = 1000000 (custom)
2019-09-09 21:44:38,268 [pool-47-thread-1] INFO  server.RaftServerConfigKeys (ConfUtils.java:logGet(43)) - raft.server.log.queue.byte-limit = 2147483647 (custom)
2019-09-09 21:44:38,268 [pool-77-thread-1] INFO  server.RaftServerConfigKeys (ConfUtils.java:logGet(43)) - raft.server.log.appender.buffer.byte-limit = 33554432 (custom)
2019-09-09 21:44:38,271 [pool-47-thread-1] INFO  server.RaftServerConfigKeys (ConfUtils.java:logGet(43)) - raft.server.log.queue.element-limit = 1024 (custom)
2019-09-09 21:44:38,268 [pool-87-thread-1] INFO  server.RaftServerConfigKeys (ConfUtils.java:logGet(43)) - raft.server.log.appender.buffer.byte-limit = 33554432 (custom)
2019-09-09 21:44:38,272 [pool-47-thread-1] INFO  server.RaftServerConfigKeys (ConfUtils.java:logGet(43)) - raft.server.log.segment.size.max = 1048576 (custom)
2019-09-09 21:44:38,272 [pool-77-thread-1] INFO  server.RaftServerConfigKeys (ConfUtils.java:logGet(43)) - raft.server.log.segment.size.max = 1048576 (custom)
2019-09-09 21:44:38,272 [pool-47-thread-1] INFO  server.RaftServerConfigKeys (ConfUtils.java:logGet(43)) - raft.server.log.preallocated.size = 16384 (custom)
2019-09-09 21:44:38,272 [pool-87-thread-1] INFO  server.RaftServerConfigKeys (ConfUtils.java:logGet(43)) - raft.server.log.segment.size.max = 1048576 (custom)
2019-09-09 21:44:38,273 [pool-47-thread-1] INFO  server.RaftServerConfigKeys (ConfUtils.java:logGet(43)) - raft.server.log.write.buffer.size = 33554432 (custom)
2019-09-09 21:44:38,272 [pool-77-thread-1] INFO  server.RaftServerConfigKeys (ConfUtils.java:logGet(43)) - raft.server.log.segment.cache.num.max = 2 (custom)
2019-09-09 21:44:38,273 [pool-47-thread-1] INFO  server.RaftServerConfigKeys (ConfUtils.java:logGet(43)) - raft.server.log.force.sync.num = 128 (default)
2019-09-09 21:44:38,273 [pool-87-thread-1] INFO  server.RaftServerConfigKeys (ConfUtils.java:logGet(43)) - raft.server.log.segment.cache.num.max = 2 (custom)
2019-09-09 21:44:38,273 [pool-47-thread-1] INFO  server.RaftServerConfigKeys (ConfUtils.java:logGet(43)) - raft.server.log.statemachine.data.sync = true (default)
2019-09-09 21:44:38,273 [pool-77-thread-1] INFO  segmented.SegmentedRaftLogWorker (SegmentedRaftLogWorker.java:<init>(172)) - new 23a608ef-ac53-4715-b4b8-1f1f435112fa-SegmentedRaftLogWorker:Storage Directory /workdir/hadoop-ozone/integration-test/target/test-dir/MiniOzoneClusterImpl-b75b5873-643f-488a-b9f8-130d181fa964/datanode-5/data/ratis/b7a75a62-c606-43bc-b0f1-9b37a9b93dd7 for RaftStorage:Storage Directory /workdir/hadoop-ozone/integration-test/target/test-dir/MiniOzoneClusterImpl-b75b5873-643f-488a-b9f8-130d181fa964/datanode-5/data/ratis/b7a75a62-c606-43bc-b0f1-9b37a9b93dd7
2019-09-09 21:44:38,274 [pool-47-thread-1] INFO  server.RaftServerConfigKeys (ConfUtils.java:logGet(43)) - raft.server.log.statemachine.data.sync.timeout = 10s (default)
2019-09-09 21:44:38,274 [pool-87-thread-1] INFO  segmented.SegmentedRaftLogWorker (SegmentedRaftLogWorker.java:<init>(172)) - new 3bb905b4-e1b5-44cf-bff0-d2acb22bd644-SegmentedRaftLogWorker:Storage Directory /workdir/hadoop-ozone/integration-test/target/test-dir/MiniOzoneClusterImpl-b75b5873-643f-488a-b9f8-130d181fa964/datanode-6/data/ratis/b7a75a62-c606-43bc-b0f1-9b37a9b93dd7 for RaftStorage:Storage Directory /workdir/hadoop-ozone/integration-test/target/test-dir/MiniOzoneClusterImpl-b75b5873-643f-488a-b9f8-130d181fa964/datanode-6/data/ratis/b7a75a62-c606-43bc-b0f1-9b37a9b93dd7
2019-09-09 21:44:38,274 [pool-47-thread-1] INFO  server.RaftServerConfigKeys (ConfUtils.java:logGet(43)) - raft.server.log.statemachine.data.sync.timeout.retry = -1 (default)
2019-09-09 21:44:38,274 [pool-77-thread-1] INFO  server.RaftServerConfigKeys (ConfUtils.java:logGet(43)) - raft.server.log.queue.byte-limit = 2147483647 (custom)
2019-09-09 21:44:38,279 [pool-47-thread-1] INFO  server.RaftServerConfigKeys (ConfUtils.java:logGet(43)) - raft.server.log.statemachine.data.caching.enabled = true (custom)
2019-09-09 21:44:38,277 [pool-87-thread-1] INFO  server.RaftServerConfigKeys (ConfUtils.java:logGet(43)) - raft.server.log.queue.byte-limit = 2147483647 (custom)
2019-09-09 21:44:38,279 [pool-77-thread-1] INFO  server.RaftServerConfigKeys (ConfUtils.java:logGet(43)) - raft.server.log.queue.element-limit = 1024 (custom)
2019-09-09 21:44:38,280 [pool-47-thread-1] INFO  segmented.SegmentedRaftLogWorker (SegmentedRaftLogWorker.java:lambda$new$0(132)) - 3b0a2b15-582d-49c4-a3da-93fb894c5d0b-SegmentedRaftLogWorker:Storage Directory /workdir/hadoop-ozone/integration-test/target/test-dir/MiniOzoneClusterImpl-b75b5873-643f-488a-b9f8-130d181fa964/datanode-2/data/ratis/b7a75a62-c606-43bc-b0f1-9b37a9b93dd7: flushIndex: setUnconditionally 0 -> -1
2019-09-09 21:44:38,280 [pool-87-thread-1] INFO  server.RaftServerConfigKeys (ConfUtils.java:logGet(43)) - raft.server.log.queue.element-limit = 1024 (custom)
2019-09-09 21:44:38,280 [pool-77-thread-1] INFO  server.RaftServerConfigKeys (ConfUtils.java:logGet(43)) - raft.server.log.segment.size.max = 1048576 (custom)
2019-09-09 21:44:38,280 [pool-47-thread-1] INFO  server.RaftServerConfigKeys (ConfUtils.java:logGet(43)) - raft.server.snapshot.auto.trigger.enabled = true (custom)
2019-09-09 21:44:38,280 [pool-77-thread-1] INFO  server.RaftServerConfigKeys (ConfUtils.java:logGet(43)) - raft.server.log.preallocated.size = 16384 (custom)
2019-09-09 21:44:38,280 [pool-87-thread-1] INFO  server.RaftServerConfigKeys (ConfUtils.java:logGet(43)) - raft.server.log.segment.size.max = 1048576 (custom)
2019-09-09 21:44:38,281 [pool-77-thread-1] INFO  server.RaftServerConfigKeys (ConfUtils.java:logGet(43)) - raft.server.log.write.buffer.size = 33554432 (custom)
2019-09-09 21:44:38,280 [pool-47-thread-1] INFO  server.RaftServerConfigKeys (ConfUtils.java:logGet(43)) - raft.server.snapshot.auto.trigger.threshold = 10000 (custom)
2019-09-09 21:44:38,281 [pool-77-thread-1] INFO  server.RaftServerConfigKeys (ConfUtils.java:logGet(43)) - raft.server.log.force.sync.num = 128 (default)
2019-09-09 21:44:38,281 [pool-87-thread-1] INFO  server.RaftServerConfigKeys (ConfUtils.java:logGet(43)) - raft.server.log.preallocated.size = 16384 (custom)
2019-09-09 21:44:38,281 [pool-77-thread-1] INFO  server.RaftServerConfigKeys (ConfUtils.java:logGet(43)) - raft.server.log.statemachine.data.sync = true (default)
2019-09-09 21:44:38,281 [pool-47-thread-1] INFO  server.RaftServerConfigKeys (ConfUtils.java:logGet(43)) - raft.server.retrycache.expirytime = 600000ms (custom)
2019-09-09 21:44:38,281 [pool-77-thread-1] INFO  server.RaftServerConfigKeys (ConfUtils.java:logGet(43)) - raft.server.log.statemachine.data.sync.timeout = 10s (default)
2019-09-09 21:44:38,281 [pool-87-thread-1] INFO  server.RaftServerConfigKeys (ConfUtils.java:logGet(43)) - raft.server.log.write.buffer.size = 33554432 (custom)
2019-09-09 21:44:38,282 [pool-47-thread-1] INFO  impl.RaftServerImpl (RaftServerImpl.java:start(180)) - 3b0a2b15-582d-49c4-a3da-93fb894c5d0b: start group-9B37A9B93DD7
2019-09-09 21:44:38,282 [pool-77-thread-1] INFO  server.RaftServerConfigKeys (ConfUtils.java:logGet(43)) - raft.server.log.statemachine.data.sync.timeout.retry = -1 (default)
2019-09-09 21:44:38,282 [pool-47-thread-1] INFO  impl.RaftServerImpl (RaftServerImpl.java:setRole(171)) - 3b0a2b15-582d-49c4-a3da-93fb894c5d0b:group-9B37A9B93DD7 changes role from null to FOLLOWER at term 0 for startAsFollower
2019-09-09 21:44:38,282 [pool-87-thread-1] INFO  server.RaftServerConfigKeys (ConfUtils.java:logGet(43)) - raft.server.log.force.sync.num = 128 (default)
2019-09-09 21:44:38,282 [pool-47-thread-1] INFO  impl.RoleInfo (RoleInfo.java:updateAndGet(143)) - 3b0a2b15-582d-49c4-a3da-93fb894c5d0b: start FollowerState
2019-09-09 21:44:38,282 [pool-77-thread-1] INFO  server.RaftServerConfigKeys (ConfUtils.java:logGet(43)) - raft.server.log.statemachine.data.caching.enabled = true (custom)
2019-09-09 21:44:38,282 [pool-87-thread-1] INFO  server.RaftServerConfigKeys (ConfUtils.java:logGet(43)) - raft.server.log.statemachine.data.sync = true (default)
2019-09-09 21:44:38,283 [pool-77-thread-1] INFO  segmented.SegmentedRaftLogWorker (SegmentedRaftLogWorker.java:lambda$new$0(132)) - 23a608ef-ac53-4715-b4b8-1f1f435112fa-SegmentedRaftLogWorker:Storage Directory /workdir/hadoop-ozone/integration-test/target/test-dir/MiniOzoneClusterImpl-b75b5873-643f-488a-b9f8-130d181fa964/datanode-5/data/ratis/b7a75a62-c606-43bc-b0f1-9b37a9b93dd7: flushIndex: setUnconditionally 0 -> -1
2019-09-09 21:44:38,283 [pool-87-thread-1] INFO  server.RaftServerConfigKeys (ConfUtils.java:logGet(43)) - raft.server.log.statemachine.data.sync.timeout = 10s (default)
2019-09-09 21:44:38,283 [pool-77-thread-1] INFO  server.RaftServerConfigKeys (ConfUtils.java:logGet(43)) - raft.server.snapshot.auto.trigger.enabled = true (custom)
2019-09-09 21:44:38,283 [pool-47-thread-1] INFO  util.JmxRegister (JmxRegister.java:tryRegister(44)) - Successfully registered JMX Bean with object name Ratis:service=RaftServer,group=group-9B37A9B93DD7,id=3b0a2b15-582d-49c4-a3da-93fb894c5d0b
2019-09-09 21:44:38,283 [pool-77-thread-1] INFO  server.RaftServerConfigKeys (ConfUtils.java:logGet(43)) - raft.server.snapshot.auto.trigger.threshold = 10000 (custom)
2019-09-09 21:44:38,283 [pool-87-thread-1] INFO  server.RaftServerConfigKeys (ConfUtils.java:logGet(43)) - raft.server.log.statemachine.data.sync.timeout.retry = -1 (default)
2019-09-09 21:44:38,284 [pool-77-thread-1] INFO  server.RaftServerConfigKeys (ConfUtils.java:logGet(43)) - raft.server.retrycache.expirytime = 600000ms (custom)
2019-09-09 21:44:38,284 [pool-87-thread-1] INFO  server.RaftServerConfigKeys (ConfUtils.java:logGet(43)) - raft.server.log.statemachine.data.caching.enabled = true (custom)
2019-09-09 21:44:38,284 [pool-77-thread-1] INFO  impl.RaftServerImpl (RaftServerImpl.java:start(180)) - 23a608ef-ac53-4715-b4b8-1f1f435112fa: start group-9B37A9B93DD7
2019-09-09 21:44:38,284 [pool-77-thread-1] INFO  impl.RaftServerImpl (RaftServerImpl.java:setRole(171)) - 23a608ef-ac53-4715-b4b8-1f1f435112fa:group-9B37A9B93DD7 changes role from null to FOLLOWER at term 0 for startAsFollower
2019-09-09 21:44:38,284 [pool-87-thread-1] INFO  segmented.SegmentedRaftLogWorker (SegmentedRaftLogWorker.java:lambda$new$0(132)) - 3bb905b4-e1b5-44cf-bff0-d2acb22bd644-SegmentedRaftLogWorker:Storage Directory /workdir/hadoop-ozone/integration-test/target/test-dir/MiniOzoneClusterImpl-b75b5873-643f-488a-b9f8-130d181fa964/datanode-6/data/ratis/b7a75a62-c606-43bc-b0f1-9b37a9b93dd7: flushIndex: setUnconditionally 0 -> -1
2019-09-09 21:44:38,284 [pool-77-thread-1] INFO  impl.RoleInfo (RoleInfo.java:updateAndGet(143)) - 23a608ef-ac53-4715-b4b8-1f1f435112fa: start FollowerState
2019-09-09 21:44:38,285 [pool-87-thread-1] INFO  server.RaftServerConfigKeys (ConfUtils.java:logGet(43)) - raft.server.snapshot.auto.trigger.enabled = true (custom)
2019-09-09 21:44:38,285 [pool-87-thread-1] INFO  server.RaftServerConfigKeys (ConfUtils.java:logGet(43)) - raft.server.snapshot.auto.trigger.threshold = 10000 (custom)
2019-09-09 21:44:38,285 [pool-77-thread-1] INFO  util.JmxRegister (JmxRegister.java:tryRegister(44)) - Successfully registered JMX Bean with object name Ratis:service=RaftServer,group=group-9B37A9B93DD7,id=23a608ef-ac53-4715-b4b8-1f1f435112fa
2019-09-09 21:44:38,285 [pool-87-thread-1] INFO  server.RaftServerConfigKeys (ConfUtils.java:logGet(43)) - raft.server.retrycache.expirytime = 600000ms (custom)
2019-09-09 21:44:38,286 [pool-87-thread-1] INFO  impl.RaftServerImpl (RaftServerImpl.java:start(180)) - 3bb905b4-e1b5-44cf-bff0-d2acb22bd644: start group-9B37A9B93DD7
2019-09-09 21:44:38,286 [pool-87-thread-1] INFO  impl.RaftServerImpl (RaftServerImpl.java:setRole(171)) - 3bb905b4-e1b5-44cf-bff0-d2acb22bd644:group-9B37A9B93DD7 changes role from null to FOLLOWER at term 0 for startAsFollower
2019-09-09 21:44:38,288 [pool-87-thread-1] INFO  impl.RoleInfo (RoleInfo.java:updateAndGet(143)) - 3bb905b4-e1b5-44cf-bff0-d2acb22bd644: start FollowerState
2019-09-09 21:44:38,290 [pool-87-thread-1] INFO  util.JmxRegister (JmxRegister.java:tryRegister(44)) - Successfully registered JMX Bean with object name Ratis:service=RaftServer,group=group-9B37A9B93DD7,id=3bb905b4-e1b5-44cf-bff0-d2acb22bd644
2019-09-09 21:44:38,311 [RatisPipelineUtilsThread] INFO  pipeline.PipelineStateManager (PipelineStateManager.java:addPipeline(56)) - Created pipeline Pipeline[ Id: b7a75a62-c606-43bc-b0f1-9b37a9b93dd7, Nodes: 3b0a2b15-582d-49c4-a3da-93fb894c5d0b{ip: 192.168.5.143, host: pr-hdds-2007-bxrz5-4054259085, networkLocation: /default-rack, certSerialId: null}23a608ef-ac53-4715-b4b8-1f1f435112fa{ip: 192.168.5.143, host: pr-hdds-2007-bxrz5-4054259085, networkLocation: /default-rack, certSerialId: null}3bb905b4-e1b5-44cf-bff0-d2acb22bd644{ip: 192.168.5.143, host: pr-hdds-2007-bxrz5-4054259085, networkLocation: /default-rack, certSerialId: null}, Type:RATIS, Factor:THREE, State:OPEN]
2019-09-09 21:44:38,352 [grpc-default-executor-1] INFO  impl.RaftServerProxy (RaftServerProxy.java:addNew(89)) - 32341634-9b92-4130-8eac-3e0d512fb107: addNew group-B0BF68C2A287:[4d79564c-1113-4bdd-af39-002278d0fa77:192.168.5.143:38539, 32341634-9b92-4130-8eac-3e0d512fb107:192.168.5.143:40643, fbdf3db3-aa74-47af-a58b-928f4cb9f492:192.168.5.143:39164] returns group-B0BF68C2A287:java.util.concurrent.CompletableFuture@6e6cd46[Not completed]
2019-09-09 21:44:38,354 [grpc-default-executor-0] INFO  impl.RaftServerProxy (RaftServerProxy.java:addNew(89)) - 4d79564c-1113-4bdd-af39-002278d0fa77: addNew group-B0BF68C2A287:[4d79564c-1113-4bdd-af39-002278d0fa77:192.168.5.143:38539, 32341634-9b92-4130-8eac-3e0d512fb107:192.168.5.143:40643, fbdf3db3-aa74-47af-a58b-928f4cb9f492:192.168.5.143:39164] returns group-B0BF68C2A287:java.util.concurrent.CompletableFuture@25968d2[Not completed]
2019-09-09 21:44:38,356 [grpc-default-executor-2] INFO  impl.RaftServerProxy (RaftServerProxy.java:addNew(89)) - fbdf3db3-aa74-47af-a58b-928f4cb9f492: addNew group-B0BF68C2A287:[4d79564c-1113-4bdd-af39-002278d0fa77:192.168.5.143:38539, 32341634-9b92-4130-8eac-3e0d512fb107:192.168.5.143:40643, fbdf3db3-aa74-47af-a58b-928f4cb9f492:192.168.5.143:39164] returns group-B0BF68C2A287:java.util.concurrent.CompletableFuture@2c5a4514[Not completed]
2019-09-09 21:44:38,358 [pool-27-thread-1] INFO  impl.RaftServerImpl (RaftServerImpl.java:<init>(93)) - 32341634-9b92-4130-8eac-3e0d512fb107: new RaftServerImpl for group-B0BF68C2A287:[4d79564c-1113-4bdd-af39-002278d0fa77:192.168.5.143:38539, 32341634-9b92-4130-8eac-3e0d512fb107:192.168.5.143:40643, fbdf3db3-aa74-47af-a58b-928f4cb9f492:192.168.5.143:39164] with ContainerStateMachine:uninitialized
2019-09-09 21:44:38,358 [pool-27-thread-1] INFO  server.RaftServerConfigKeys (ConfUtils.java:logGet(43)) - raft.server.rpc.timeout.min = 5s (custom)
2019-09-09 21:44:38,358 [pool-27-thread-1] INFO  server.RaftServerConfigKeys (ConfUtils.java:logGet(43)) - raft.server.rpc.timeout.max = 5200ms (custom)
2019-09-09 21:44:38,358 [pool-27-thread-1] INFO  server.RaftServerConfigKeys (ConfUtils.java:logGet(43)) - raft.server.rpcslowness.timeout = 120s (custom)
2019-09-09 21:44:38,358 [pool-27-thread-1] INFO  server.RaftServerConfigKeys (ConfUtils.java:logGet(43)) - raft.server.sleep.deviation.threshold = 300 (default)
2019-09-09 21:44:38,358 [pool-27-thread-1] INFO  server.RaftServerConfigKeys (ConfUtils.java:logGet(43)) - raft.server.log.appender.install.snapshot.enabled = false (custom)
2019-09-09 21:44:38,359 [pool-27-thread-1] INFO  impl.RaftServerImpl (ServerState.java:<init>(105)) - 32341634-9b92-4130-8eac-3e0d512fb107:group-B0BF68C2A287 ConfigurationManager, init=-1: [4d79564c-1113-4bdd-af39-002278d0fa77:192.168.5.143:38539, 32341634-9b92-4130-8eac-3e0d512fb107:192.168.5.143:40643, fbdf3db3-aa74-47af-a58b-928f4cb9f492:192.168.5.143:39164], old=null, confs=<EMPTY_MAP>
2019-09-09 21:44:38,359 [pool-37-thread-1] INFO  impl.RaftServerImpl (RaftServerImpl.java:<init>(93)) - fbdf3db3-aa74-47af-a58b-928f4cb9f492: new RaftServerImpl for group-B0BF68C2A287:[4d79564c-1113-4bdd-af39-002278d0fa77:192.168.5.143:38539, 32341634-9b92-4130-8eac-3e0d512fb107:192.168.5.143:40643, fbdf3db3-aa74-47af-a58b-928f4cb9f492:192.168.5.143:39164] with ContainerStateMachine:uninitialized
2019-09-09 21:44:38,359 [pool-27-thread-1] INFO  server.RaftServerConfigKeys (ConfUtils.java:logGet(43)) - raft.server.storage.dir = [/workdir/hadoop-ozone/integration-test/target/test-dir/MiniOzoneClusterImpl-b75b5873-643f-488a-b9f8-130d181fa964/datanode-0/data/ratis] (custom)
2019-09-09 21:44:38,359 [pool-37-thread-1] INFO  server.RaftServerConfigKeys (ConfUtils.java:logGet(43)) - raft.server.rpc.timeout.min = 5s (custom)
2019-09-09 21:44:38,359 [pool-37-thread-1] INFO  server.RaftServerConfigKeys (ConfUtils.java:logGet(43)) - raft.server.rpc.timeout.max = 5200ms (custom)
2019-09-09 21:44:38,359 [pool-27-thread-1] INFO  storage.RaftStorageDirectory (RaftStorageDirectory.java:analyzeStorage(246)) - The storage directory /workdir/hadoop-ozone/integration-test/target/test-dir/MiniOzoneClusterImpl-b75b5873-643f-488a-b9f8-130d181fa964/datanode-0/data/ratis/763eef4e-26ef-401a-af6e-b0bf68c2a287 does not exist. Creating ...
2019-09-09 21:44:38,359 [pool-37-thread-1] INFO  server.RaftServerConfigKeys (ConfUtils.java:logGet(43)) - raft.server.rpcslowness.timeout = 120s (custom)
2019-09-09 21:44:38,360 [pool-37-thread-1] INFO  server.RaftServerConfigKeys (ConfUtils.java:logGet(43)) - raft.server.sleep.deviation.threshold = 300 (default)
2019-09-09 21:44:38,360 [pool-37-thread-1] INFO  server.RaftServerConfigKeys (ConfUtils.java:logGet(43)) - raft.server.log.appender.install.snapshot.enabled = false (custom)
2019-09-09 21:44:38,360 [pool-37-thread-1] INFO  impl.RaftServerImpl (ServerState.java:<init>(105)) - fbdf3db3-aa74-47af-a58b-928f4cb9f492:group-B0BF68C2A287 ConfigurationManager, init=-1: [4d79564c-1113-4bdd-af39-002278d0fa77:192.168.5.143:38539, 32341634-9b92-4130-8eac-3e0d512fb107:192.168.5.143:40643, fbdf3db3-aa74-47af-a58b-928f4cb9f492:192.168.5.143:39164], old=null, confs=<EMPTY_MAP>
2019-09-09 21:44:38,360 [pool-57-thread-1] INFO  impl.RaftServerImpl (RaftServerImpl.java:<init>(93)) - 4d79564c-1113-4bdd-af39-002278d0fa77: new RaftServerImpl for group-B0BF68C2A287:[4d79564c-1113-4bdd-af39-002278d0fa77:192.168.5.143:38539, 32341634-9b92-4130-8eac-3e0d512fb107:192.168.5.143:40643, fbdf3db3-aa74-47af-a58b-928f4cb9f492:192.168.5.143:39164] with ContainerStateMachine:uninitialized
2019-09-09 21:44:38,360 [pool-37-thread-1] INFO  server.RaftServerConfigKeys (ConfUtils.java:logGet(43)) - raft.server.storage.dir = [/workdir/hadoop-ozone/integration-test/target/test-dir/MiniOzoneClusterImpl-b75b5873-643f-488a-b9f8-130d181fa964/datanode-1/data/ratis] (custom)
2019-09-09 21:44:38,360 [pool-57-thread-1] INFO  server.RaftServerConfigKeys (ConfUtils.java:logGet(43)) - raft.server.rpc.timeout.min = 5s (custom)
2019-09-09 21:44:38,361 [pool-57-thread-1] INFO  server.RaftServerConfigKeys (ConfUtils.java:logGet(43)) - raft.server.rpc.timeout.max = 5200ms (custom)
2019-09-09 21:44:38,361 [pool-37-thread-1] INFO  storage.RaftStorageDirectory (RaftStorageDirectory.java:analyzeStorage(246)) - The storage directory /workdir/hadoop-ozone/integration-test/target/test-dir/MiniOzoneClusterImpl-b75b5873-643f-488a-b9f8-130d181fa964/datanode-1/data/ratis/763eef4e-26ef-401a-af6e-b0bf68c2a287 does not exist. Creating ...
2019-09-09 21:44:38,361 [pool-57-thread-1] INFO  server.RaftServerConfigKeys (ConfUtils.java:logGet(43)) - raft.server.rpcslowness.timeout = 120s (custom)
2019-09-09 21:44:38,361 [pool-57-thread-1] INFO  server.RaftServerConfigKeys (ConfUtils.java:logGet(43)) - raft.server.sleep.deviation.threshold = 300 (default)
2019-09-09 21:44:38,361 [pool-57-thread-1] INFO  server.RaftServerConfigKeys (ConfUtils.java:logGet(43)) - raft.server.log.appender.install.snapshot.enabled = false (custom)
2019-09-09 21:44:38,361 [pool-57-thread-1] INFO  impl.RaftServerImpl (ServerState.java:<init>(105)) - 4d79564c-1113-4bdd-af39-002278d0fa77:group-B0BF68C2A287 ConfigurationManager, init=-1: [4d79564c-1113-4bdd-af39-002278d0fa77:192.168.5.143:38539, 32341634-9b92-4130-8eac-3e0d512fb107:192.168.5.143:40643, fbdf3db3-aa74-47af-a58b-928f4cb9f492:192.168.5.143:39164], old=null, confs=<EMPTY_MAP>
2019-09-09 21:44:38,362 [pool-57-thread-1] INFO  server.RaftServerConfigKeys (ConfUtils.java:logGet(43)) - raft.server.storage.dir = [/workdir/hadoop-ozone/integration-test/target/test-dir/MiniOzoneClusterImpl-b75b5873-643f-488a-b9f8-130d181fa964/datanode-3/data/ratis] (custom)
2019-09-09 21:44:38,362 [pool-57-thread-1] INFO  storage.RaftStorageDirectory (RaftStorageDirectory.java:analyzeStorage(246)) - The storage directory /workdir/hadoop-ozone/integration-test/target/test-dir/MiniOzoneClusterImpl-b75b5873-643f-488a-b9f8-130d181fa964/datanode-3/data/ratis/763eef4e-26ef-401a-af6e-b0bf68c2a287 does not exist. Creating ...
2019-09-09 21:44:38,373 [pool-37-thread-1] INFO  storage.RaftStorageDirectory (RaftStorageDirectory.java:tryLock(328)) - Lock on /workdir/hadoop-ozone/integration-test/target/test-dir/MiniOzoneClusterImpl-b75b5873-643f-488a-b9f8-130d181fa964/datanode-1/data/ratis/763eef4e-26ef-401a-af6e-b0bf68c2a287/in_use.lock acquired by nodename 28956@pr-hdds-2007-bxrz5-4054259085
2019-09-09 21:44:38,373 [pool-27-thread-1] INFO  storage.RaftStorageDirectory (RaftStorageDirectory.java:tryLock(328)) - Lock on /workdir/hadoop-ozone/integration-test/target/test-dir/MiniOzoneClusterImpl-b75b5873-643f-488a-b9f8-130d181fa964/datanode-0/data/ratis/763eef4e-26ef-401a-af6e-b0bf68c2a287/in_use.lock acquired by nodename 28956@pr-hdds-2007-bxrz5-4054259085
2019-09-09 21:44:38,373 [pool-57-thread-1] INFO  storage.RaftStorageDirectory (RaftStorageDirectory.java:tryLock(328)) - Lock on /workdir/hadoop-ozone/integration-test/target/test-dir/MiniOzoneClusterImpl-b75b5873-643f-488a-b9f8-130d181fa964/datanode-3/data/ratis/763eef4e-26ef-401a-af6e-b0bf68c2a287/in_use.lock acquired by nodename 28956@pr-hdds-2007-bxrz5-4054259085
2019-09-09 21:44:38,399 [pool-37-thread-1] INFO  storage.RaftStorage (RaftStorage.java:format(72)) - Storage directory /workdir/hadoop-ozone/integration-test/target/test-dir/MiniOzoneClusterImpl-b75b5873-643f-488a-b9f8-130d181fa964/datanode-1/data/ratis/763eef4e-26ef-401a-af6e-b0bf68c2a287 has been successfully formatted.
2019-09-09 21:44:38,399 [pool-57-thread-1] INFO  storage.RaftStorage (RaftStorage.java:format(72)) - Storage directory /workdir/hadoop-ozone/integration-test/target/test-dir/MiniOzoneClusterImpl-b75b5873-643f-488a-b9f8-130d181fa964/datanode-3/data/ratis/763eef4e-26ef-401a-af6e-b0bf68c2a287 has been successfully formatted.
2019-09-09 21:44:38,399 [pool-27-thread-1] INFO  storage.RaftStorage (RaftStorage.java:format(72)) - Storage directory /workdir/hadoop-ozone/integration-test/target/test-dir/MiniOzoneClusterImpl-b75b5873-643f-488a-b9f8-130d181fa964/datanode-0/data/ratis/763eef4e-26ef-401a-af6e-b0bf68c2a287 has been successfully formatted.
2019-09-09 21:44:38,399 [pool-37-thread-1] INFO  ratis.ContainerStateMachine (ContainerStateMachine.java:loadSnapshot(227)) - group-B0BF68C2A287: The snapshot info is null. Setting the last applied indexto:(t:0, i:~)
2019-09-09 21:44:38,400 [pool-57-thread-1] INFO  ratis.ContainerStateMachine (ContainerStateMachine.java:loadSnapshot(227)) - group-B0BF68C2A287: The snapshot info is null. Setting the last applied indexto:(t:0, i:~)
2019-09-09 21:44:38,400 [pool-37-thread-1] INFO  server.RaftServerConfigKeys (ConfUtils.java:logGet(43)) - raft.server.leader.election.timeout = 120s (custom)
2019-09-09 21:44:38,400 [pool-27-thread-1] INFO  ratis.ContainerStateMachine (ContainerStateMachine.java:loadSnapshot(227)) - group-B0BF68C2A287: The snapshot info is null. Setting the last applied indexto:(t:0, i:~)
2019-09-09 21:44:38,400 [pool-37-thread-1] INFO  server.RaftServerConfigKeys (ConfUtils.java:logGet(43)) - raft.server.log.use.memory = false (default)
2019-09-09 21:44:38,400 [pool-57-thread-1] INFO  server.RaftServerConfigKeys (ConfUtils.java:logGet(43)) - raft.server.leader.election.timeout = 120s (custom)
2019-09-09 21:44:38,400 [pool-37-thread-1] INFO  server.RaftServerConfigKeys (ConfUtils.java:logGet(43)) - raft.server.log.purge.gap = 1000000 (custom)
2019-09-09 21:44:38,400 [pool-27-thread-1] INFO  server.RaftServerConfigKeys (ConfUtils.java:logGet(43)) - raft.server.leader.election.timeout = 120s (custom)
2019-09-09 21:44:38,401 [pool-37-thread-1] INFO  server.RaftServerConfigKeys (ConfUtils.java:logGet(43)) - raft.server.log.appender.buffer.byte-limit = 33554432 (custom)
2019-09-09 21:44:38,400 [pool-57-thread-1] INFO  server.RaftServerConfigKeys (ConfUtils.java:logGet(43)) - raft.server.log.use.memory = false (default)
2019-09-09 21:44:38,401 [pool-37-thread-1] INFO  server.RaftServerConfigKeys (ConfUtils.java:logGet(43)) - raft.server.log.segment.size.max = 1048576 (custom)
2019-09-09 21:44:38,401 [pool-27-thread-1] INFO  server.RaftServerConfigKeys (ConfUtils.java:logGet(43)) - raft.server.log.use.memory = false (default)
2019-09-09 21:44:38,401 [pool-37-thread-1] INFO  server.RaftServerConfigKeys (ConfUtils.java:logGet(43)) - raft.server.log.segment.cache.num.max = 2 (custom)
2019-09-09 21:44:38,401 [pool-57-thread-1] INFO  server.RaftServerConfigKeys (ConfUtils.java:logGet(43)) - raft.server.log.purge.gap = 1000000 (custom)
2019-09-09 21:44:38,401 [pool-37-thread-1] INFO  segmented.SegmentedRaftLogWorker (SegmentedRaftLogWorker.java:<init>(172)) - new fbdf3db3-aa74-47af-a58b-928f4cb9f492-SegmentedRaftLogWorker:Storage Directory /workdir/hadoop-ozone/integration-test/target/test-dir/MiniOzoneClusterImpl-b75b5873-643f-488a-b9f8-130d181fa964/datanode-1/data/ratis/763eef4e-26ef-401a-af6e-b0bf68c2a287 for RaftStorage:Storage Directory /workdir/hadoop-ozone/integration-test/target/test-dir/MiniOzoneClusterImpl-b75b5873-643f-488a-b9f8-130d181fa964/datanode-1/data/ratis/763eef4e-26ef-401a-af6e-b0bf68c2a287
2019-09-09 21:44:38,401 [pool-27-thread-1] INFO  server.RaftServerConfigKeys (ConfUtils.java:logGet(43)) - raft.server.log.purge.gap = 1000000 (custom)
2019-09-09 21:44:38,401 [pool-37-thread-1] INFO  server.RaftServerConfigKeys (ConfUtils.java:logGet(43)) - raft.server.log.queue.byte-limit = 2147483647 (custom)
2019-09-09 21:44:38,401 [pool-57-thread-1] INFO  server.RaftServerConfigKeys (ConfUtils.java:logGet(43)) - raft.server.log.appender.buffer.byte-limit = 33554432 (custom)
2019-09-09 21:44:38,404 [pool-37-thread-1] INFO  server.RaftServerConfigKeys (ConfUtils.java:logGet(43)) - raft.server.log.queue.element-limit = 1024 (custom)
2019-09-09 21:44:38,402 [pool-27-thread-1] INFO  server.RaftServerConfigKeys (ConfUtils.java:logGet(43)) - raft.server.log.appender.buffer.byte-limit = 33554432 (custom)
2019-09-09 21:44:38,404 [pool-37-thread-1] INFO  server.RaftServerConfigKeys (ConfUtils.java:logGet(43)) - raft.server.log.segment.size.max = 1048576 (custom)
2019-09-09 21:44:38,404 [pool-57-thread-1] INFO  server.RaftServerConfigKeys (ConfUtils.java:logGet(43)) - raft.server.log.segment.size.max = 1048576 (custom)
2019-09-09 21:44:38,405 [pool-37-thread-1] INFO  server.RaftServerConfigKeys (ConfUtils.java:logGet(43)) - raft.server.log.preallocated.size = 16384 (custom)
2019-09-09 21:44:38,405 [pool-27-thread-1] INFO  server.RaftServerConfigKeys (ConfUtils.java:logGet(43)) - raft.server.log.segment.size.max = 1048576 (custom)
2019-09-09 21:44:38,405 [pool-37-thread-1] INFO  server.RaftServerConfigKeys (ConfUtils.java:logGet(43)) - raft.server.log.write.buffer.size = 33554432 (custom)
2019-09-09 21:44:38,405 [pool-57-thread-1] INFO  server.RaftServerConfigKeys (ConfUtils.java:logGet(43)) - raft.server.log.segment.cache.num.max = 2 (custom)
2019-09-09 21:44:38,405 [pool-37-thread-1] INFO  server.RaftServerConfigKeys (ConfUtils.java:logGet(43)) - raft.server.log.force.sync.num = 128 (default)
2019-09-09 21:44:38,405 [pool-27-thread-1] INFO  server.RaftServerConfigKeys (ConfUtils.java:logGet(43)) - raft.server.log.segment.cache.num.max = 2 (custom)
2019-09-09 21:44:38,405 [pool-37-thread-1] INFO  server.RaftServerConfigKeys (ConfUtils.java:logGet(43)) - raft.server.log.statemachine.data.sync = true (default)
2019-09-09 21:44:38,405 [pool-57-thread-1] INFO  segmented.SegmentedRaftLogWorker (SegmentedRaftLogWorker.java:<init>(172)) - new 4d79564c-1113-4bdd-af39-002278d0fa77-SegmentedRaftLogWorker:Storage Directory /workdir/hadoop-ozone/integration-test/target/test-dir/MiniOzoneClusterImpl-b75b5873-643f-488a-b9f8-130d181fa964/datanode-3/data/ratis/763eef4e-26ef-401a-af6e-b0bf68c2a287 for RaftStorage:Storage Directory /workdir/hadoop-ozone/integration-test/target/test-dir/MiniOzoneClusterImpl-b75b5873-643f-488a-b9f8-130d181fa964/datanode-3/data/ratis/763eef4e-26ef-401a-af6e-b0bf68c2a287
2019-09-09 21:44:38,406 [pool-37-thread-1] INFO  server.RaftServerConfigKeys (ConfUtils.java:logGet(43)) - raft.server.log.statemachine.data.sync.timeout = 10s (default)
2019-09-09 21:44:38,406 [pool-27-thread-1] INFO  segmented.SegmentedRaftLogWorker (SegmentedRaftLogWorker.java:<init>(172)) - new 32341634-9b92-4130-8eac-3e0d512fb107-SegmentedRaftLogWorker:Storage Directory /workdir/hadoop-ozone/integration-test/target/test-dir/MiniOzoneClusterImpl-b75b5873-643f-488a-b9f8-130d181fa964/datanode-0/data/ratis/763eef4e-26ef-401a-af6e-b0bf68c2a287 for RaftStorage:Storage Directory /workdir/hadoop-ozone/integration-test/target/test-dir/MiniOzoneClusterImpl-b75b5873-643f-488a-b9f8-130d181fa964/datanode-0/data/ratis/763eef4e-26ef-401a-af6e-b0bf68c2a287
2019-09-09 21:44:38,406 [pool-37-thread-1] INFO  server.RaftServerConfigKeys (ConfUtils.java:logGet(43)) - raft.server.log.statemachine.data.sync.timeout.retry = -1 (default)
2019-09-09 21:44:38,406 [pool-57-thread-1] INFO  server.RaftServerConfigKeys (ConfUtils.java:logGet(43)) - raft.server.log.queue.byte-limit = 2147483647 (custom)
2019-09-09 21:44:38,409 [pool-37-thread-1] INFO  server.RaftServerConfigKeys (ConfUtils.java:logGet(43)) - raft.server.log.statemachine.data.caching.enabled = true (custom)
2019-09-09 21:44:38,407 [pool-27-thread-1] INFO  server.RaftServerConfigKeys (ConfUtils.java:logGet(43)) - raft.server.log.queue.byte-limit = 2147483647 (custom)
2019-09-09 21:44:38,409 [pool-57-thread-1] INFO  server.RaftServerConfigKeys (ConfUtils.java:logGet(43)) - raft.server.log.queue.element-limit = 1024 (custom)
2019-09-09 21:44:38,409 [pool-37-thread-1] INFO  segmented.SegmentedRaftLogWorker (SegmentedRaftLogWorker.java:lambda$new$0(132)) - fbdf3db3-aa74-47af-a58b-928f4cb9f492-SegmentedRaftLogWorker:Storage Directory /workdir/hadoop-ozone/integration-test/target/test-dir/MiniOzoneClusterImpl-b75b5873-643f-488a-b9f8-130d181fa964/datanode-1/data/ratis/763eef4e-26ef-401a-af6e-b0bf68c2a287: flushIndex: setUnconditionally 0 -> -1
2019-09-09 21:44:38,409 [pool-27-thread-1] INFO  server.RaftServerConfigKeys (ConfUtils.java:logGet(43)) - raft.server.log.queue.element-limit = 1024 (custom)
2019-09-09 21:44:38,409 [pool-57-thread-1] INFO  server.RaftServerConfigKeys (ConfUtils.java:logGet(43)) - raft.server.log.segment.size.max = 1048576 (custom)
2019-09-09 21:44:38,410 [pool-37-thread-1] INFO  server.RaftServerConfigKeys (ConfUtils.java:logGet(43)) - raft.server.snapshot.auto.trigger.enabled = true (custom)
2019-09-09 21:44:38,410 [pool-27-thread-1] INFO  server.RaftServerConfigKeys (ConfUtils.java:logGet(43)) - raft.server.log.segment.size.max = 1048576 (custom)
2019-09-09 21:44:38,410 [pool-37-thread-1] INFO  server.RaftServerConfigKeys (ConfUtils.java:logGet(43)) - raft.server.snapshot.auto.trigger.threshold = 10000 (custom)
2019-09-09 21:44:38,410 [pool-57-thread-1] INFO  server.RaftServerConfigKeys (ConfUtils.java:logGet(43)) - raft.server.log.preallocated.size = 16384 (custom)
2019-09-09 21:44:38,410 [pool-27-thread-1] INFO  server.RaftServerConfigKeys (ConfUtils.java:logGet(43)) - raft.server.log.preallocated.size = 16384 (custom)
2019-09-09 21:44:38,410 [pool-37-thread-1] INFO  server.RaftServerConfigKeys (ConfUtils.java:logGet(43)) - raft.server.retrycache.expirytime = 600000ms (custom)
2019-09-09 21:44:38,410 [pool-57-thread-1] INFO  server.RaftServerConfigKeys (ConfUtils.java:logGet(43)) - raft.server.log.write.buffer.size = 33554432 (custom)
2019-09-09 21:44:38,410 [pool-27-thread-1] INFO  server.RaftServerConfigKeys (ConfUtils.java:logGet(43)) - raft.server.log.write.buffer.size = 33554432 (custom)
2019-09-09 21:44:38,411 [pool-37-thread-1] INFO  impl.RaftServerImpl (RaftServerImpl.java:start(180)) - fbdf3db3-aa74-47af-a58b-928f4cb9f492: start group-B0BF68C2A287
2019-09-09 21:44:38,411 [pool-57-thread-1] INFO  server.RaftServerConfigKeys (ConfUtils.java:logGet(43)) - raft.server.log.force.sync.num = 128 (default)
2019-09-09 21:44:38,411 [pool-37-thread-1] INFO  impl.RaftServerImpl (RaftServerImpl.java:setRole(171)) - fbdf3db3-aa74-47af-a58b-928f4cb9f492:group-B0BF68C2A287 changes role from null to FOLLOWER at term 0 for startAsFollower
2019-09-09 21:44:38,411 [pool-27-thread-1] INFO  server.RaftServerConfigKeys (ConfUtils.java:logGet(43)) - raft.server.log.force.sync.num = 128 (default)
2019-09-09 21:44:38,411 [pool-37-thread-1] INFO  impl.RoleInfo (RoleInfo.java:updateAndGet(143)) - fbdf3db3-aa74-47af-a58b-928f4cb9f492: start FollowerState
2019-09-09 21:44:38,411 [pool-57-thread-1] INFO  server.RaftServerConfigKeys (ConfUtils.java:logGet(43)) - raft.server.log.statemachine.data.sync = true (default)
2019-09-09 21:44:38,411 [pool-27-thread-1] INFO  server.RaftServerConfigKeys (ConfUtils.java:logGet(43)) - raft.server.log.statemachine.data.sync = true (default)
2019-09-09 21:44:38,412 [pool-57-thread-1] INFO  server.RaftServerConfigKeys (ConfUtils.java:logGet(43)) - raft.server.log.statemachine.data.sync.timeout = 10s (default)
2019-09-09 21:44:38,412 [pool-27-thread-1] INFO  server.RaftServerConfigKeys (ConfUtils.java:logGet(43)) - raft.server.log.statemachine.data.sync.timeout = 10s (default)
2019-09-09 21:44:38,412 [pool-37-thread-1] INFO  util.JmxRegister (JmxRegister.java:tryRegister(44)) - Successfully registered JMX Bean with object name Ratis:service=RaftServer,group=group-B0BF68C2A287,id=fbdf3db3-aa74-47af-a58b-928f4cb9f492
2019-09-09 21:44:38,412 [pool-57-thread-1] INFO  server.RaftServerConfigKeys (ConfUtils.java:logGet(43)) - raft.server.log.statemachine.data.sync.timeout.retry = -1 (default)
2019-09-09 21:44:38,412 [pool-27-thread-1] INFO  server.RaftServerConfigKeys (ConfUtils.java:logGet(43)) - raft.server.log.statemachine.data.sync.timeout.retry = -1 (default)
2019-09-09 21:44:38,412 [pool-57-thread-1] INFO  server.RaftServerConfigKeys (ConfUtils.java:logGet(43)) - raft.server.log.statemachine.data.caching.enabled = true (custom)
2019-09-09 21:44:38,413 [pool-27-thread-1] INFO  server.RaftServerConfigKeys (ConfUtils.java:logGet(43)) - raft.server.log.statemachine.data.caching.enabled = true (custom)
2019-09-09 21:44:38,413 [pool-57-thread-1] INFO  segmented.SegmentedRaftLogWorker (SegmentedRaftLogWorker.java:lambda$new$0(132)) - 4d79564c-1113-4bdd-af39-002278d0fa77-SegmentedRaftLogWorker:Storage Directory /workdir/hadoop-ozone/integration-test/target/test-dir/MiniOzoneClusterImpl-b75b5873-643f-488a-b9f8-130d181fa964/datanode-3/data/ratis/763eef4e-26ef-401a-af6e-b0bf68c2a287: flushIndex: setUnconditionally 0 -> -1
2019-09-09 21:44:38,413 [pool-27-thread-1] INFO  segmented.SegmentedRaftLogWorker (SegmentedRaftLogWorker.java:lambda$new$0(132)) - 32341634-9b92-4130-8eac-3e0d512fb107-SegmentedRaftLogWorker:Storage Directory /workdir/hadoop-ozone/integration-test/target/test-dir/MiniOzoneClusterImpl-b75b5873-643f-488a-b9f8-130d181fa964/datanode-0/data/ratis/763eef4e-26ef-401a-af6e-b0bf68c2a287: flushIndex: setUnconditionally 0 -> -1
2019-09-09 21:44:38,413 [pool-57-thread-1] INFO  server.RaftServerConfigKeys (ConfUtils.java:logGet(43)) - raft.server.snapshot.auto.trigger.enabled = true (custom)
2019-09-09 21:44:38,413 [pool-57-thread-1] INFO  server.RaftServerConfigKeys (ConfUtils.java:logGet(43)) - raft.server.snapshot.auto.trigger.threshold = 10000 (custom)
2019-09-09 21:44:38,414 [pool-27-thread-1] INFO  server.RaftServerConfigKeys (ConfUtils.java:logGet(43)) - raft.server.snapshot.auto.trigger.enabled = true (custom)
2019-09-09 21:44:38,414 [pool-57-thread-1] INFO  server.RaftServerConfigKeys (ConfUtils.java:logGet(43)) - raft.server.retrycache.expirytime = 600000ms (custom)
2019-09-09 21:44:38,414 [pool-27-thread-1] INFO  server.RaftServerConfigKeys (ConfUtils.java:logGet(43)) - raft.server.snapshot.auto.trigger.threshold = 10000 (custom)
2019-09-09 21:44:38,414 [pool-57-thread-1] INFO  impl.RaftServerImpl (RaftServerImpl.java:start(180)) - 4d79564c-1113-4bdd-af39-002278d0fa77: start group-B0BF68C2A287
2019-09-09 21:44:38,414 [pool-27-thread-1] INFO  server.RaftServerConfigKeys (ConfUtils.java:logGet(43)) - raft.server.retrycache.expirytime = 600000ms (custom)
2019-09-09 21:44:38,414 [pool-57-thread-1] INFO  impl.RaftServerImpl (RaftServerImpl.java:setRole(171)) - 4d79564c-1113-4bdd-af39-002278d0fa77:group-B0BF68C2A287 changes role from null to FOLLOWER at term 0 for startAsFollower
2019-09-09 21:44:38,414 [pool-27-thread-1] INFO  impl.RaftServerImpl (RaftServerImpl.java:start(180)) - 32341634-9b92-4130-8eac-3e0d512fb107: start group-B0BF68C2A287
2019-09-09 21:44:38,416 [pool-57-thread-1] INFO  impl.RoleInfo (RoleInfo.java:updateAndGet(143)) - 4d79564c-1113-4bdd-af39-002278d0fa77: start FollowerState
2019-09-09 21:44:38,416 [pool-27-thread-1] INFO  impl.RaftServerImpl (RaftServerImpl.java:setRole(171)) - 32341634-9b92-4130-8eac-3e0d512fb107:group-B0BF68C2A287 changes role from null to FOLLOWER at term 0 for startAsFollower
2019-09-09 21:44:38,416 [pool-27-thread-1] INFO  impl.RoleInfo (RoleInfo.java:updateAndGet(143)) - 32341634-9b92-4130-8eac-3e0d512fb107: start FollowerState
2019-09-09 21:44:38,417 [pool-57-thread-1] INFO  util.JmxRegister (JmxRegister.java:tryRegister(44)) - Successfully registered JMX Bean with object name Ratis:service=RaftServer,group=group-B0BF68C2A287,id=4d79564c-1113-4bdd-af39-002278d0fa77
2019-09-09 21:44:38,418 [pool-27-thread-1] INFO  util.JmxRegister (JmxRegister.java:tryRegister(44)) - Successfully registered JMX Bean with object name Ratis:service=RaftServer,group=group-B0BF68C2A287,id=32341634-9b92-4130-8eac-3e0d512fb107
2019-09-09 21:44:38,444 [RatisPipelineUtilsThread] INFO  pipeline.PipelineStateManager (PipelineStateManager.java:addPipeline(56)) - Created pipeline Pipeline[ Id: 763eef4e-26ef-401a-af6e-b0bf68c2a287, Nodes: 4d79564c-1113-4bdd-af39-002278d0fa77{ip: 192.168.5.143, host: pr-hdds-2007-bxrz5-4054259085, networkLocation: /default-rack, certSerialId: null}fbdf3db3-aa74-47af-a58b-928f4cb9f492{ip: 192.168.5.143, host: pr-hdds-2007-bxrz5-4054259085, networkLocation: /default-rack, certSerialId: null}32341634-9b92-4130-8eac-3e0d512fb107{ip: 192.168.5.143, host: pr-hdds-2007-bxrz5-4054259085, networkLocation: /default-rack, certSerialId: null}, Type:RATIS, Factor:THREE, State:OPEN]
2019-09-09 21:44:38,750 [main] INFO  rpc.RpcClient (RpcClient.java:createVolume(294)) - Creating Volume: testblockoutputstream, with jenkins1000 as owner.
2019-09-09 21:44:38,881 [IPC Server handler 1 on 36098] INFO  volume.OMVolumeCreateRequest (OMVolumeCreateRequest.java:validateAndUpdateCache(189)) - created volume:testblockoutputstream for user:jenkins1000
2019-09-09 21:44:38,919 [main] INFO  rpc.RpcClient (RpcClient.java:createBucket(433)) - Creating Bucket: testblockoutputstream/testblockoutputstream, with Versioning false and Storage Type set to DISK and Encryption set to false 
2019-09-09 21:44:38,947 [main] INFO  impl.MetricsSystemImpl (MetricsSystemImpl.java:init(158)) - XceiverClientMetrics metrics system started (again)
2019-09-09 21:44:39,628 [grpc-default-executor-0] INFO  client.GrpcClientProtocolClient (GrpcClientProtocolClient.java:onNext(255)) - client-4BA0F8282A63->3b0a2b15-582d-49c4-a3da-93fb894c5d0b: receive RaftClientReply:client-4BA0F8282A63->3b0a2b15-582d-49c4-a3da-93fb894c5d0b@group-9B37A9B93DD7, cid=13, FAILED org.apache.ratis.protocol.NotLeaderException: Server 3b0a2b15-582d-49c4-a3da-93fb894c5d0b is not the leader (null). Request must be sent to leader., logIndex=0, commits[3b0a2b15-582d-49c4-a3da-93fb894c5d0b:c-1]
2019-09-09 21:44:39,765 [Thread-238] INFO  container.ReplicationManager (ReplicationManager.java:start(162)) - Starting Replication Monitor Thread.
2019-09-09 21:44:39,765 [Thread-239] INFO  container.ReplicationManager (ReplicationManager.java:start(169)) - Replication Monitor Thread is already running.
2019-09-09 21:44:39,770 [ReplicationMonitor] INFO  container.ReplicationManager (ReplicationManager.java:run(225)) - Replication Monitor Thread took 3 milliseconds for processing 1 containers.
2019-09-09 21:44:40,673 [grpc-default-executor-2] INFO  client.GrpcClientProtocolClient (GrpcClientProtocolClient.java:onNext(255)) - client-4BA0F8282A63->3bb905b4-e1b5-44cf-bff0-d2acb22bd644: receive RaftClientReply:client-4BA0F8282A63->3bb905b4-e1b5-44cf-bff0-d2acb22bd644@group-9B37A9B93DD7, cid=13, FAILED org.apache.ratis.protocol.NotLeaderException: Server 3bb905b4-e1b5-44cf-bff0-d2acb22bd644 is not the leader (null). Request must be sent to leader., logIndex=0, commits[3bb905b4-e1b5-44cf-bff0-d2acb22bd644:c-1]
2019-09-09 21:44:41,701 [grpc-default-executor-2] INFO  client.GrpcClientProtocolClient (GrpcClientProtocolClient.java:onNext(255)) - client-4BA0F8282A63->3b0a2b15-582d-49c4-a3da-93fb894c5d0b: receive RaftClientReply:client-4BA0F8282A63->3b0a2b15-582d-49c4-a3da-93fb894c5d0b@group-9B37A9B93DD7, cid=13, FAILED org.apache.ratis.protocol.NotLeaderException: Server 3b0a2b15-582d-49c4-a3da-93fb894c5d0b is not the leader (null). Request must be sent to leader., logIndex=0, commits[3b0a2b15-582d-49c4-a3da-93fb894c5d0b:c-1]
2019-09-09 21:44:42,668 [Thread-241] INFO  impl.FollowerState (FollowerState.java:run(106)) - fbdf3db3-aa74-47af-a58b-928f4cb9f492:group-CC8D210DC1A7 changes to CANDIDATE, lastRpcTime:5150, electionTimeout:5149ms
2019-09-09 21:44:42,670 [Thread-241] INFO  impl.RoleInfo (RoleInfo.java:shutdownFollowerState(121)) - fbdf3db3-aa74-47af-a58b-928f4cb9f492: shutdown FollowerState
2019-09-09 21:44:42,670 [Thread-241] INFO  impl.RaftServerImpl (RaftServerImpl.java:setRole(171)) - fbdf3db3-aa74-47af-a58b-928f4cb9f492:group-CC8D210DC1A7 changes role from FOLLOWER to CANDIDATE at term 0 for changeToCandidate
2019-09-09 21:44:42,677 [Thread-241] INFO  impl.RoleInfo (RoleInfo.java:updateAndGet(143)) - fbdf3db3-aa74-47af-a58b-928f4cb9f492: start LeaderElection
2019-09-09 21:44:42,702 [fbdf3db3-aa74-47af-a58b-928f4cb9f492:group-CC8D210DC1A7:LeaderElection1] INFO  impl.LeaderElection (LeaderElection.java:askForVotes(181)) - fbdf3db3-aa74-47af-a58b-928f4cb9f492:group-CC8D210DC1A7:LeaderElection1: begin an election at term 1 for -1: [fbdf3db3-aa74-47af-a58b-928f4cb9f492:192.168.5.143:39164], old=null
2019-09-09 21:44:42,706 [fbdf3db3-aa74-47af-a58b-928f4cb9f492:group-CC8D210DC1A7:LeaderElection1] INFO  impl.RoleInfo (RoleInfo.java:shutdownLeaderElection(134)) - fbdf3db3-aa74-47af-a58b-928f4cb9f492: shutdown LeaderElection
2019-09-09 21:44:42,707 [fbdf3db3-aa74-47af-a58b-928f4cb9f492:group-CC8D210DC1A7:LeaderElection1] INFO  impl.RaftServerImpl (RaftServerImpl.java:setRole(171)) - fbdf3db3-aa74-47af-a58b-928f4cb9f492:group-CC8D210DC1A7 changes role from CANDIDATE to LEADER at term 1 for changeToLeader
2019-09-09 21:44:42,707 [fbdf3db3-aa74-47af-a58b-928f4cb9f492:group-CC8D210DC1A7:LeaderElection1] INFO  impl.RaftServerImpl (ServerState.java:setLeader(263)) - fbdf3db3-aa74-47af-a58b-928f4cb9f492:group-CC8D210DC1A7 change Leader from null to fbdf3db3-aa74-47af-a58b-928f4cb9f492 at term 1 for becomeLeader, leader elected after 5295ms
2019-09-09 21:44:42,725 [fbdf3db3-aa74-47af-a58b-928f4cb9f492:group-CC8D210DC1A7:LeaderElection1] INFO  server.RaftServerConfigKeys (ConfUtils.java:logGet(43)) - raft.server.staging.catchup.gap = 1000 (default)
2019-09-09 21:44:42,725 [fbdf3db3-aa74-47af-a58b-928f4cb9f492:group-CC8D210DC1A7:LeaderElection1] INFO  server.RaftServerConfigKeys (ConfUtils.java:logGet(43)) - raft.server.rpc.sleep.time = 25ms (default)
2019-09-09 21:44:42,726 [grpc-default-executor-2] INFO  client.GrpcClientProtocolClient (GrpcClientProtocolClient.java:onNext(255)) - client-4BA0F8282A63->23a608ef-ac53-4715-b4b8-1f1f435112fa: receive RaftClientReply:client-4BA0F8282A63->23a608ef-ac53-4715-b4b8-1f1f435112fa@group-9B37A9B93DD7, cid=13, FAILED org.apache.ratis.protocol.NotLeaderException: Server 23a608ef-ac53-4715-b4b8-1f1f435112fa is not the leader (null). Request must be sent to leader., logIndex=0, commits[23a608ef-ac53-4715-b4b8-1f1f435112fa:c-1]
2019-09-09 21:44:42,738 [fbdf3db3-aa74-47af-a58b-928f4cb9f492:group-CC8D210DC1A7:LeaderElection1] INFO  server.RaftServerConfigKeys (ConfUtils.java:logGet(43)) - raft.server.write.element-limit = 4096 (default)
2019-09-09 21:44:42,742 [fbdf3db3-aa74-47af-a58b-928f4cb9f492:group-CC8D210DC1A7:LeaderElection1] INFO  server.RaftServerConfigKeys (ConfUtils.java:logGet(43)) - raft.server.watch.timeout = 10s (default)
2019-09-09 21:44:42,742 [fbdf3db3-aa74-47af-a58b-928f4cb9f492:group-CC8D210DC1A7:LeaderElection1] INFO  server.RaftServerConfigKeys (ConfUtils.java:logGet(43)) - raft.server.watch.timeout.denomination = 1s (default)
2019-09-09 21:44:42,743 [fbdf3db3-aa74-47af-a58b-928f4cb9f492:group-CC8D210DC1A7:LeaderElection1] INFO  server.RaftServerConfigKeys (ConfUtils.java:logGet(43)) - raft.server.watch.element-limit = 65536 (default)
2019-09-09 21:44:42,755 [fbdf3db3-aa74-47af-a58b-928f4cb9f492:group-CC8D210DC1A7:LeaderElection1] INFO  impl.RoleInfo (RoleInfo.java:updateAndGet(143)) - fbdf3db3-aa74-47af-a58b-928f4cb9f492: start LeaderState
2019-09-09 21:44:42,785 [fbdf3db3-aa74-47af-a58b-928f4cb9f492:group-CC8D210DC1A7:LeaderElection1] INFO  segmented.SegmentedRaftLogWorker (SegmentedRaftLogWorker.java:startLogSegment(380)) - fbdf3db3-aa74-47af-a58b-928f4cb9f492-SegmentedRaftLogWorker:Storage Directory /workdir/hadoop-ozone/integration-test/target/test-dir/MiniOzoneClusterImpl-b75b5873-643f-488a-b9f8-130d181fa964/datanode-1/data/ratis/6d56b153-5f46-422a-90f7-cc8d210dc1a7: Starting segment from index:0
2019-09-09 21:44:42,796 [fbdf3db3-aa74-47af-a58b-928f4cb9f492:group-CC8D210DC1A7:LeaderElection1] INFO  impl.RaftServerImpl (ServerState.java:setRaftConf(361)) - fbdf3db3-aa74-47af-a58b-928f4cb9f492:group-CC8D210DC1A7 set configuration 0: [fbdf3db3-aa74-47af-a58b-928f4cb9f492:192.168.5.143:39164], old=null at 0
2019-09-09 21:44:42,925 [Thread-244] INFO  impl.FollowerState (FollowerState.java:run(106)) - 3b0a2b15-582d-49c4-a3da-93fb894c5d0b:group-0AD35246257A changes to CANDIDATE, lastRpcTime:5190, electionTimeout:5188ms
2019-09-09 21:44:42,934 [Thread-244] INFO  impl.RoleInfo (RoleInfo.java:shutdownFollowerState(121)) - 3b0a2b15-582d-49c4-a3da-93fb894c5d0b: shutdown FollowerState
2019-09-09 21:44:42,934 [Thread-244] INFO  impl.RaftServerImpl (RaftServerImpl.java:setRole(171)) - 3b0a2b15-582d-49c4-a3da-93fb894c5d0b:group-0AD35246257A changes role from FOLLOWER to CANDIDATE at term 0 for changeToCandidate
2019-09-09 21:44:42,934 [Thread-244] INFO  impl.RoleInfo (RoleInfo.java:updateAndGet(143)) - 3b0a2b15-582d-49c4-a3da-93fb894c5d0b: start LeaderElection
2019-09-09 21:44:42,953 [3b0a2b15-582d-49c4-a3da-93fb894c5d0b:group-0AD35246257A:LeaderElection2] INFO  impl.LeaderElection (LeaderElection.java:askForVotes(181)) - 3b0a2b15-582d-49c4-a3da-93fb894c5d0b:group-0AD35246257A:LeaderElection2: begin an election at term 1 for -1: [3b0a2b15-582d-49c4-a3da-93fb894c5d0b:192.168.5.143:45724], old=null
2019-09-09 21:44:42,954 [3b0a2b15-582d-49c4-a3da-93fb894c5d0b:group-0AD35246257A:LeaderElection2] INFO  impl.RoleInfo (RoleInfo.java:shutdownLeaderElection(134)) - 3b0a2b15-582d-49c4-a3da-93fb894c5d0b: shutdown LeaderElection
2019-09-09 21:44:42,954 [3b0a2b15-582d-49c4-a3da-93fb894c5d0b:group-0AD35246257A:LeaderElection2] INFO  impl.RaftServerImpl (RaftServerImpl.java:setRole(171)) - 3b0a2b15-582d-49c4-a3da-93fb894c5d0b:group-0AD35246257A changes role from CANDIDATE to LEADER at term 1 for changeToLeader
2019-09-09 21:44:42,954 [3b0a2b15-582d-49c4-a3da-93fb894c5d0b:group-0AD35246257A:LeaderElection2] INFO  impl.RaftServerImpl (ServerState.java:setLeader(263)) - 3b0a2b15-582d-49c4-a3da-93fb894c5d0b:group-0AD35246257A change Leader from null to 3b0a2b15-582d-49c4-a3da-93fb894c5d0b at term 1 for becomeLeader, leader elected after 5224ms
2019-09-09 21:44:42,955 [3b0a2b15-582d-49c4-a3da-93fb894c5d0b:group-0AD35246257A:LeaderElection2] INFO  server.RaftServerConfigKeys (ConfUtils.java:logGet(43)) - raft.server.staging.catchup.gap = 1000 (default)
2019-09-09 21:44:42,956 [3b0a2b15-582d-49c4-a3da-93fb894c5d0b:group-0AD35246257A:LeaderElection2] INFO  server.RaftServerConfigKeys (ConfUtils.java:logGet(43)) - raft.server.rpc.sleep.time = 25ms (default)
2019-09-09 21:44:42,956 [3b0a2b15-582d-49c4-a3da-93fb894c5d0b:group-0AD35246257A:LeaderElection2] INFO  server.RaftServerConfigKeys (ConfUtils.java:logGet(43)) - raft.server.write.element-limit = 4096 (default)
2019-09-09 21:44:42,956 [3b0a2b15-582d-49c4-a3da-93fb894c5d0b:group-0AD35246257A:LeaderElection2] INFO  server.RaftServerConfigKeys (ConfUtils.java:logGet(43)) - raft.server.watch.timeout = 10s (default)
2019-09-09 21:44:42,956 [3b0a2b15-582d-49c4-a3da-93fb894c5d0b:group-0AD35246257A:LeaderElection2] INFO  server.RaftServerConfigKeys (ConfUtils.java:logGet(43)) - raft.server.watch.timeout.denomination = 1s (default)
2019-09-09 21:44:42,956 [3b0a2b15-582d-49c4-a3da-93fb894c5d0b:group-0AD35246257A:LeaderElection2] INFO  server.RaftServerConfigKeys (ConfUtils.java:logGet(43)) - raft.server.watch.element-limit = 65536 (default)
2019-09-09 21:44:42,956 [3b0a2b15-582d-49c4-a3da-93fb894c5d0b:group-0AD35246257A:LeaderElection2] INFO  impl.RoleInfo (RoleInfo.java:updateAndGet(143)) - 3b0a2b15-582d-49c4-a3da-93fb894c5d0b: start LeaderState
2019-09-09 21:44:42,957 [3b0a2b15-582d-49c4-a3da-93fb894c5d0b:group-0AD35246257A:LeaderElection2] INFO  segmented.SegmentedRaftLogWorker (SegmentedRaftLogWorker.java:startLogSegment(380)) - 3b0a2b15-582d-49c4-a3da-93fb894c5d0b-SegmentedRaftLogWorker:Storage Directory /workdir/hadoop-ozone/integration-test/target/test-dir/MiniOzoneClusterImpl-b75b5873-643f-488a-b9f8-130d181fa964/datanode-2/data/ratis/b505e1ed-7db9-4bcd-898f-0ad35246257a: Starting segment from index:0
2019-09-09 21:44:42,957 [3b0a2b15-582d-49c4-a3da-93fb894c5d0b:group-0AD35246257A:LeaderElection2] INFO  impl.RaftServerImpl (ServerState.java:setRaftConf(361)) - 3b0a2b15-582d-49c4-a3da-93fb894c5d0b:group-0AD35246257A set configuration 0: [3b0a2b15-582d-49c4-a3da-93fb894c5d0b:192.168.5.143:45724], old=null at 0
2019-09-09 21:44:42,964 [Thread-247] INFO  impl.FollowerState (FollowerState.java:run(106)) - 23a608ef-ac53-4715-b4b8-1f1f435112fa:group-2B7A4AEFDCA8 changes to CANDIDATE, lastRpcTime:5131, electionTimeout:5131ms
2019-09-09 21:44:42,965 [Thread-247] INFO  impl.RoleInfo (RoleInfo.java:shutdownFollowerState(121)) - 23a608ef-ac53-4715-b4b8-1f1f435112fa: shutdown FollowerState
2019-09-09 21:44:42,965 [Thread-247] INFO  impl.RaftServerImpl (RaftServerImpl.java:setRole(171)) - 23a608ef-ac53-4715-b4b8-1f1f435112fa:group-2B7A4AEFDCA8 changes role from FOLLOWER to CANDIDATE at term 0 for changeToCandidate
2019-09-09 21:44:42,966 [Thread-247] INFO  impl.RoleInfo (RoleInfo.java:updateAndGet(143)) - 23a608ef-ac53-4715-b4b8-1f1f435112fa: start LeaderElection
2019-09-09 21:44:42,994 [23a608ef-ac53-4715-b4b8-1f1f435112fa:group-2B7A4AEFDCA8:LeaderElection3] INFO  impl.LeaderElection (LeaderElection.java:askForVotes(181)) - 23a608ef-ac53-4715-b4b8-1f1f435112fa:group-2B7A4AEFDCA8:LeaderElection3: begin an election at term 1 for -1: [23a608ef-ac53-4715-b4b8-1f1f435112fa:192.168.5.143:34835], old=null
2019-09-09 21:44:42,997 [23a608ef-ac53-4715-b4b8-1f1f435112fa:group-2B7A4AEFDCA8:LeaderElection3] INFO  impl.RoleInfo (RoleInfo.java:shutdownLeaderElection(134)) - 23a608ef-ac53-4715-b4b8-1f1f435112fa: shutdown LeaderElection
2019-09-09 21:44:42,997 [23a608ef-ac53-4715-b4b8-1f1f435112fa:group-2B7A4AEFDCA8:LeaderElection3] INFO  impl.RaftServerImpl (RaftServerImpl.java:setRole(171)) - 23a608ef-ac53-4715-b4b8-1f1f435112fa:group-2B7A4AEFDCA8 changes role from CANDIDATE to LEADER at term 1 for changeToLeader
2019-09-09 21:44:42,997 [23a608ef-ac53-4715-b4b8-1f1f435112fa:group-2B7A4AEFDCA8:LeaderElection3] INFO  impl.RaftServerImpl (ServerState.java:setLeader(263)) - 23a608ef-ac53-4715-b4b8-1f1f435112fa:group-2B7A4AEFDCA8 change Leader from null to 23a608ef-ac53-4715-b4b8-1f1f435112fa at term 1 for becomeLeader, leader elected after 5168ms
2019-09-09 21:44:42,998 [23a608ef-ac53-4715-b4b8-1f1f435112fa:group-2B7A4AEFDCA8:LeaderElection3] INFO  server.RaftServerConfigKeys (ConfUtils.java:logGet(43)) - raft.server.staging.catchup.gap = 1000 (default)
2019-09-09 21:44:42,998 [23a608ef-ac53-4715-b4b8-1f1f435112fa:group-2B7A4AEFDCA8:LeaderElection3] INFO  server.RaftServerConfigKeys (ConfUtils.java:logGet(43)) - raft.server.rpc.sleep.time = 25ms (default)
2019-09-09 21:44:42,999 [23a608ef-ac53-4715-b4b8-1f1f435112fa:group-2B7A4AEFDCA8:LeaderElection3] INFO  server.RaftServerConfigKeys (ConfUtils.java:logGet(43)) - raft.server.write.element-limit = 4096 (default)
2019-09-09 21:44:42,999 [23a608ef-ac53-4715-b4b8-1f1f435112fa:group-2B7A4AEFDCA8:LeaderElection3] INFO  server.RaftServerConfigKeys (ConfUtils.java:logGet(43)) - raft.server.watch.timeout = 10s (default)
2019-09-09 21:44:42,999 [23a608ef-ac53-4715-b4b8-1f1f435112fa:group-2B7A4AEFDCA8:LeaderElection3] INFO  server.RaftServerConfigKeys (ConfUtils.java:logGet(43)) - raft.server.watch.timeout.denomination = 1s (default)
2019-09-09 21:44:42,999 [23a608ef-ac53-4715-b4b8-1f1f435112fa:group-2B7A4AEFDCA8:LeaderElection3] INFO  server.RaftServerConfigKeys (ConfUtils.java:logGet(43)) - raft.server.watch.element-limit = 65536 (default)
2019-09-09 21:44:43,000 [23a608ef-ac53-4715-b4b8-1f1f435112fa:group-2B7A4AEFDCA8:LeaderElection3] INFO  impl.RoleInfo (RoleInfo.java:updateAndGet(143)) - 23a608ef-ac53-4715-b4b8-1f1f435112fa: start LeaderState
2019-09-09 21:44:43,000 [23a608ef-ac53-4715-b4b8-1f1f435112fa:group-2B7A4AEFDCA8:LeaderElection3] INFO  segmented.SegmentedRaftLogWorker (SegmentedRaftLogWorker.java:startLogSegment(380)) - 23a608ef-ac53-4715-b4b8-1f1f435112fa-SegmentedRaftLogWorker:Storage Directory /workdir/hadoop-ozone/integration-test/target/test-dir/MiniOzoneClusterImpl-b75b5873-643f-488a-b9f8-130d181fa964/datanode-5/data/ratis/07c2d4b6-0056-439e-9c84-2b7a4aefdca8: Starting segment from index:0
2019-09-09 21:44:43,001 [23a608ef-ac53-4715-b4b8-1f1f435112fa:group-2B7A4AEFDCA8:LeaderElection3] INFO  impl.RaftServerImpl (ServerState.java:setRaftConf(361)) - 23a608ef-ac53-4715-b4b8-1f1f435112fa:group-2B7A4AEFDCA8 set configuration 0: [23a608ef-ac53-4715-b4b8-1f1f435112fa:192.168.5.143:34835], old=null at 0
2019-09-09 21:44:43,013 [Thread-250] INFO  impl.FollowerState (FollowerState.java:run(106)) - 3bb905b4-e1b5-44cf-bff0-d2acb22bd644:group-3140EAA934D1 changes to CANDIDATE, lastRpcTime:5104, electionTimeout:5104ms
2019-09-09 21:44:43,014 [Thread-250] INFO  impl.RoleInfo (RoleInfo.java:shutdownFollowerState(121)) - 3bb905b4-e1b5-44cf-bff0-d2acb22bd644: shutdown FollowerState
2019-09-09 21:44:43,014 [Thread-250] INFO  impl.RaftServerImpl (RaftServerImpl.java:setRole(171)) - 3bb905b4-e1b5-44cf-bff0-d2acb22bd644:group-3140EAA934D1 changes role from FOLLOWER to CANDIDATE at term 0 for changeToCandidate
2019-09-09 21:44:43,014 [Thread-250] INFO  impl.RoleInfo (RoleInfo.java:updateAndGet(143)) - 3bb905b4-e1b5-44cf-bff0-d2acb22bd644: start LeaderElection
2019-09-09 21:44:43,080 [Thread-253] INFO  impl.FollowerState (FollowerState.java:run(106)) - 4d79564c-1113-4bdd-af39-002278d0fa77:group-D4E61425B1A1 changes to CANDIDATE, lastRpcTime:5080, electionTimeout:5079ms
2019-09-09 21:44:43,080 [Thread-253] INFO  impl.RoleInfo (RoleInfo.java:shutdownFollowerState(121)) - 4d79564c-1113-4bdd-af39-002278d0fa77: shutdown FollowerState
2019-09-09 21:44:43,080 [Thread-253] INFO  impl.RaftServerImpl (RaftServerImpl.java:setRole(171)) - 4d79564c-1113-4bdd-af39-002278d0fa77:group-D4E61425B1A1 changes role from FOLLOWER to CANDIDATE at term 0 for changeToCandidate
2019-09-09 21:44:43,081 [Thread-253] INFO  impl.RoleInfo (RoleInfo.java:updateAndGet(143)) - 4d79564c-1113-4bdd-af39-002278d0fa77: start LeaderElection
2019-09-09 21:44:43,095 [3bb905b4-e1b5-44cf-bff0-d2acb22bd644:group-3140EAA934D1:LeaderElection4] INFO  impl.LeaderElection (LeaderElection.java:askForVotes(181)) - 3bb905b4-e1b5-44cf-bff0-d2acb22bd644:group-3140EAA934D1:LeaderElection4: begin an election at term 1 for -1: [3bb905b4-e1b5-44cf-bff0-d2acb22bd644:192.168.5.143:36113], old=null
2019-09-09 21:44:43,095 [3bb905b4-e1b5-44cf-bff0-d2acb22bd644:group-3140EAA934D1:LeaderElection4] INFO  impl.RoleInfo (RoleInfo.java:shutdownLeaderElection(134)) - 3bb905b4-e1b5-44cf-bff0-d2acb22bd644: shutdown LeaderElection
2019-09-09 21:44:43,095 [3bb905b4-e1b5-44cf-bff0-d2acb22bd644:group-3140EAA934D1:LeaderElection4] INFO  impl.RaftServerImpl (RaftServerImpl.java:setRole(171)) - 3bb905b4-e1b5-44cf-bff0-d2acb22bd644:group-3140EAA934D1 changes role from CANDIDATE to LEADER at term 1 for changeToLeader
2019-09-09 21:44:43,095 [3bb905b4-e1b5-44cf-bff0-d2acb22bd644:group-3140EAA934D1:LeaderElection4] INFO  impl.RaftServerImpl (ServerState.java:setLeader(263)) - 3bb905b4-e1b5-44cf-bff0-d2acb22bd644:group-3140EAA934D1 change Leader from null to 3bb905b4-e1b5-44cf-bff0-d2acb22bd644 at term 1 for becomeLeader, leader elected after 5190ms
2019-09-09 21:44:43,097 [3bb905b4-e1b5-44cf-bff0-d2acb22bd644:group-3140EAA934D1:LeaderElection4] INFO  server.RaftServerConfigKeys (ConfUtils.java:logGet(43)) - raft.server.staging.catchup.gap = 1000 (default)
2019-09-09 21:44:43,097 [4d79564c-1113-4bdd-af39-002278d0fa77:group-D4E61425B1A1:LeaderElection5] INFO  impl.LeaderElection (LeaderElection.java:askForVotes(181)) - 4d79564c-1113-4bdd-af39-002278d0fa77:group-D4E61425B1A1:LeaderElection5: begin an election at term 1 for -1: [4d79564c-1113-4bdd-af39-002278d0fa77:192.168.5.143:38539], old=null
2019-09-09 21:44:43,097 [3bb905b4-e1b5-44cf-bff0-d2acb22bd644:group-3140EAA934D1:LeaderElection4] INFO  server.RaftServerConfigKeys (ConfUtils.java:logGet(43)) - raft.server.rpc.sleep.time = 25ms (default)
2019-09-09 21:44:43,097 [4d79564c-1113-4bdd-af39-002278d0fa77:group-D4E61425B1A1:LeaderElection5] INFO  impl.RoleInfo (RoleInfo.java:shutdownLeaderElection(134)) - 4d79564c-1113-4bdd-af39-002278d0fa77: shutdown LeaderElection
2019-09-09 21:44:43,098 [3bb905b4-e1b5-44cf-bff0-d2acb22bd644:group-3140EAA934D1:LeaderElection4] INFO  server.RaftServerConfigKeys (ConfUtils.java:logGet(43)) - raft.server.write.element-limit = 4096 (default)
2019-09-09 21:44:43,098 [4d79564c-1113-4bdd-af39-002278d0fa77:group-D4E61425B1A1:LeaderElection5] INFO  impl.RaftServerImpl (RaftServerImpl.java:setRole(171)) - 4d79564c-1113-4bdd-af39-002278d0fa77:group-D4E61425B1A1 changes role from CANDIDATE to LEADER at term 1 for changeToLeader
2019-09-09 21:44:43,098 [3bb905b4-e1b5-44cf-bff0-d2acb22bd644:group-3140EAA934D1:LeaderElection4] INFO  server.RaftServerConfigKeys (ConfUtils.java:logGet(43)) - raft.server.watch.timeout = 10s (default)
2019-09-09 21:44:43,098 [4d79564c-1113-4bdd-af39-002278d0fa77:group-D4E61425B1A1:LeaderElection5] INFO  impl.RaftServerImpl (ServerState.java:setLeader(263)) - 4d79564c-1113-4bdd-af39-002278d0fa77:group-D4E61425B1A1 change Leader from null to 4d79564c-1113-4bdd-af39-002278d0fa77 at term 1 for becomeLeader, leader elected after 5101ms
2019-09-09 21:44:43,098 [3bb905b4-e1b5-44cf-bff0-d2acb22bd644:group-3140EAA934D1:LeaderElection4] INFO  server.RaftServerConfigKeys (ConfUtils.java:logGet(43)) - raft.server.watch.timeout.denomination = 1s (default)
2019-09-09 21:44:43,099 [4d79564c-1113-4bdd-af39-002278d0fa77:group-D4E61425B1A1:LeaderElection5] INFO  server.RaftServerConfigKeys (ConfUtils.java:logGet(43)) - raft.server.staging.catchup.gap = 1000 (default)
2019-09-09 21:44:43,099 [3bb905b4-e1b5-44cf-bff0-d2acb22bd644:group-3140EAA934D1:LeaderElection4] INFO  server.RaftServerConfigKeys (ConfUtils.java:logGet(43)) - raft.server.watch.element-limit = 65536 (default)
2019-09-09 21:44:43,099 [4d79564c-1113-4bdd-af39-002278d0fa77:group-D4E61425B1A1:LeaderElection5] INFO  server.RaftServerConfigKeys (ConfUtils.java:logGet(43)) - raft.server.rpc.sleep.time = 25ms (default)
2019-09-09 21:44:43,100 [3bb905b4-e1b5-44cf-bff0-d2acb22bd644:group-3140EAA934D1:LeaderElection4] INFO  impl.RoleInfo (RoleInfo.java:updateAndGet(143)) - 3bb905b4-e1b5-44cf-bff0-d2acb22bd644: start LeaderState
2019-09-09 21:44:43,100 [4d79564c-1113-4bdd-af39-002278d0fa77:group-D4E61425B1A1:LeaderElection5] INFO  server.RaftServerConfigKeys (ConfUtils.java:logGet(43)) - raft.server.write.element-limit = 4096 (default)
2019-09-09 21:44:43,100 [4d79564c-1113-4bdd-af39-002278d0fa77:group-D4E61425B1A1:LeaderElection5] INFO  server.RaftServerConfigKeys (ConfUtils.java:logGet(43)) - raft.server.watch.timeout = 10s (default)
2019-09-09 21:44:43,100 [3bb905b4-e1b5-44cf-bff0-d2acb22bd644:group-3140EAA934D1:LeaderElection4] INFO  segmented.SegmentedRaftLogWorker (SegmentedRaftLogWorker.java:startLogSegment(380)) - 3bb905b4-e1b5-44cf-bff0-d2acb22bd644-SegmentedRaftLogWorker:Storage Directory /workdir/hadoop-ozone/integration-test/target/test-dir/MiniOzoneClusterImpl-b75b5873-643f-488a-b9f8-130d181fa964/datanode-6/data/ratis/98a73380-a4c3-435e-8aaa-3140eaa934d1: Starting segment from index:0
2019-09-09 21:44:43,100 [4d79564c-1113-4bdd-af39-002278d0fa77:group-D4E61425B1A1:LeaderElection5] INFO  server.RaftServerConfigKeys (ConfUtils.java:logGet(43)) - raft.server.watch.timeout.denomination = 1s (default)
2019-09-09 21:44:43,100 [4d79564c-1113-4bdd-af39-002278d0fa77:group-D4E61425B1A1:LeaderElection5] INFO  server.RaftServerConfigKeys (ConfUtils.java:logGet(43)) - raft.server.watch.element-limit = 65536 (default)
2019-09-09 21:44:43,100 [4d79564c-1113-4bdd-af39-002278d0fa77:group-D4E61425B1A1:LeaderElection5] INFO  impl.RoleInfo (RoleInfo.java:updateAndGet(143)) - 4d79564c-1113-4bdd-af39-002278d0fa77: start LeaderState
2019-09-09 21:44:43,101 [3bb905b4-e1b5-44cf-bff0-d2acb22bd644:group-3140EAA934D1:LeaderElection4] INFO  impl.RaftServerImpl (ServerState.java:setRaftConf(361)) - 3bb905b4-e1b5-44cf-bff0-d2acb22bd644:group-3140EAA934D1 set configuration 0: [3bb905b4-e1b5-44cf-bff0-d2acb22bd644:192.168.5.143:36113], old=null at 0
2019-09-09 21:44:43,101 [4d79564c-1113-4bdd-af39-002278d0fa77:group-D4E61425B1A1:LeaderElection5] INFO  segmented.SegmentedRaftLogWorker (SegmentedRaftLogWorker.java:startLogSegment(380)) - 4d79564c-1113-4bdd-af39-002278d0fa77-SegmentedRaftLogWorker:Storage Directory /workdir/hadoop-ozone/integration-test/target/test-dir/MiniOzoneClusterImpl-b75b5873-643f-488a-b9f8-130d181fa964/datanode-3/data/ratis/330a14e9-f52c-4279-a25d-d4e61425b1a1: Starting segment from index:0
2019-09-09 21:44:43,137 [23a608ef-ac53-4715-b4b8-1f1f435112fa-SegmentedRaftLogWorker:Storage Directory /workdir/hadoop-ozone/integration-test/target/test-dir/MiniOzoneClusterImpl-b75b5873-643f-488a-b9f8-130d181fa964/datanode-5/data/ratis/07c2d4b6-0056-439e-9c84-2b7a4aefdca8] INFO  segmented.SegmentedRaftLogWorker (SegmentedRaftLogWorker.java:execute(569)) - 23a608ef-ac53-4715-b4b8-1f1f435112fa-SegmentedRaftLogWorker:Storage Directory /workdir/hadoop-ozone/integration-test/target/test-dir/MiniOzoneClusterImpl-b75b5873-643f-488a-b9f8-130d181fa964/datanode-5/data/ratis/07c2d4b6-0056-439e-9c84-2b7a4aefdca8: created new log segment /workdir/hadoop-ozone/integration-test/target/test-dir/MiniOzoneClusterImpl-b75b5873-643f-488a-b9f8-130d181fa964/datanode-5/data/ratis/07c2d4b6-0056-439e-9c84-2b7a4aefdca8/current/log_inprogress_0
2019-09-09 21:44:43,137 [3b0a2b15-582d-49c4-a3da-93fb894c5d0b-SegmentedRaftLogWorker:Storage Directory /workdir/hadoop-ozone/integration-test/target/test-dir/MiniOzoneClusterImpl-b75b5873-643f-488a-b9f8-130d181fa964/datanode-2/data/ratis/b505e1ed-7db9-4bcd-898f-0ad35246257a] INFO  segmented.SegmentedRaftLogWorker (SegmentedRaftLogWorker.java:execute(569)) - 3b0a2b15-582d-49c4-a3da-93fb894c5d0b-SegmentedRaftLogWorker:Storage Directory /workdir/hadoop-ozone/integration-test/target/test-dir/MiniOzoneClusterImpl-b75b5873-643f-488a-b9f8-130d181fa964/datanode-2/data/ratis/b505e1ed-7db9-4bcd-898f-0ad35246257a: created new log segment /workdir/hadoop-ozone/integration-test/target/test-dir/MiniOzoneClusterImpl-b75b5873-643f-488a-b9f8-130d181fa964/datanode-2/data/ratis/b505e1ed-7db9-4bcd-898f-0ad35246257a/current/log_inprogress_0
2019-09-09 21:44:43,137 [Thread-256] INFO  impl.FollowerState (FollowerState.java:run(106)) - 32341634-9b92-4130-8eac-3e0d512fb107:group-F5B007010156 changes to CANDIDATE, lastRpcTime:5052, electionTimeout:5038ms
2019-09-09 21:44:43,137 [fbdf3db3-aa74-47af-a58b-928f4cb9f492-SegmentedRaftLogWorker:Storage Directory /workdir/hadoop-ozone/integration-test/target/test-dir/MiniOzoneClusterImpl-b75b5873-643f-488a-b9f8-130d181fa964/datanode-1/data/ratis/6d56b153-5f46-422a-90f7-cc8d210dc1a7] INFO  segmented.SegmentedRaftLogWorker (SegmentedRaftLogWorker.java:execute(569)) - fbdf3db3-aa74-47af-a58b-928f4cb9f492-SegmentedRaftLogWorker:Storage Directory /workdir/hadoop-ozone/integration-test/target/test-dir/MiniOzoneClusterImpl-b75b5873-643f-488a-b9f8-130d181fa964/datanode-1/data/ratis/6d56b153-5f46-422a-90f7-cc8d210dc1a7: created new log segment /workdir/hadoop-ozone/integration-test/target/test-dir/MiniOzoneClusterImpl-b75b5873-643f-488a-b9f8-130d181fa964/datanode-1/data/ratis/6d56b153-5f46-422a-90f7-cc8d210dc1a7/current/log_inprogress_0
2019-09-09 21:44:43,173 [Thread-256] INFO  impl.RoleInfo (RoleInfo.java:shutdownFollowerState(121)) - 32341634-9b92-4130-8eac-3e0d512fb107: shutdown FollowerState
2019-09-09 21:44:43,173 [4d79564c-1113-4bdd-af39-002278d0fa77:group-D4E61425B1A1:LeaderElection5] INFO  impl.RaftServerImpl (ServerState.java:setRaftConf(361)) - 4d79564c-1113-4bdd-af39-002278d0fa77:group-D4E61425B1A1 set configuration 0: [4d79564c-1113-4bdd-af39-002278d0fa77:192.168.5.143:38539], old=null at 0
2019-09-09 21:44:43,177 [Thread-256] INFO  impl.RaftServerImpl (RaftServerImpl.java:setRole(171)) - 32341634-9b92-4130-8eac-3e0d512fb107:group-F5B007010156 changes role from FOLLOWER to CANDIDATE at term 0 for changeToCandidate
2019-09-09 21:44:43,178 [Thread-256] INFO  impl.RoleInfo (RoleInfo.java:updateAndGet(143)) - 32341634-9b92-4130-8eac-3e0d512fb107: start LeaderElection
2019-09-09 21:44:43,199 [4d79564c-1113-4bdd-af39-002278d0fa77-SegmentedRaftLogWorker:Storage Directory /workdir/hadoop-ozone/integration-test/target/test-dir/MiniOzoneClusterImpl-b75b5873-643f-488a-b9f8-130d181fa964/datanode-3/data/ratis/330a14e9-f52c-4279-a25d-d4e61425b1a1] INFO  segmented.SegmentedRaftLogWorker (SegmentedRaftLogWorker.java:execute(569)) - 4d79564c-1113-4bdd-af39-002278d0fa77-SegmentedRaftLogWorker:Storage Directory /workdir/hadoop-ozone/integration-test/target/test-dir/MiniOzoneClusterImpl-b75b5873-643f-488a-b9f8-130d181fa964/datanode-3/data/ratis/330a14e9-f52c-4279-a25d-d4e61425b1a1: created new log segment /workdir/hadoop-ozone/integration-test/target/test-dir/MiniOzoneClusterImpl-b75b5873-643f-488a-b9f8-130d181fa964/datanode-3/data/ratis/330a14e9-f52c-4279-a25d-d4e61425b1a1/current/log_inprogress_0
2019-09-09 21:44:43,200 [3bb905b4-e1b5-44cf-bff0-d2acb22bd644-SegmentedRaftLogWorker:Storage Directory /workdir/hadoop-ozone/integration-test/target/test-dir/MiniOzoneClusterImpl-b75b5873-643f-488a-b9f8-130d181fa964/datanode-6/data/ratis/98a73380-a4c3-435e-8aaa-3140eaa934d1] INFO  segmented.SegmentedRaftLogWorker (SegmentedRaftLogWorker.java:execute(569)) - 3bb905b4-e1b5-44cf-bff0-d2acb22bd644-SegmentedRaftLogWorker:Storage Directory /workdir/hadoop-ozone/integration-test/target/test-dir/MiniOzoneClusterImpl-b75b5873-643f-488a-b9f8-130d181fa964/datanode-6/data/ratis/98a73380-a4c3-435e-8aaa-3140eaa934d1: created new log segment /workdir/hadoop-ozone/integration-test/target/test-dir/MiniOzoneClusterImpl-b75b5873-643f-488a-b9f8-130d181fa964/datanode-6/data/ratis/98a73380-a4c3-435e-8aaa-3140eaa934d1/current/log_inprogress_0
2019-09-09 21:44:43,200 [32341634-9b92-4130-8eac-3e0d512fb107:group-F5B007010156:LeaderElection6] INFO  impl.LeaderElection (LeaderElection.java:askForVotes(181)) - 32341634-9b92-4130-8eac-3e0d512fb107:group-F5B007010156:LeaderElection6: begin an election at term 1 for -1: [32341634-9b92-4130-8eac-3e0d512fb107:192.168.5.143:40643], old=null
2019-09-09 21:44:43,201 [32341634-9b92-4130-8eac-3e0d512fb107:group-F5B007010156:LeaderElection6] INFO  impl.RoleInfo (RoleInfo.java:shutdownLeaderElection(134)) - 32341634-9b92-4130-8eac-3e0d512fb107: shutdown LeaderElection
2019-09-09 21:44:43,201 [32341634-9b92-4130-8eac-3e0d512fb107:group-F5B007010156:LeaderElection6] INFO  impl.RaftServerImpl (RaftServerImpl.java:setRole(171)) - 32341634-9b92-4130-8eac-3e0d512fb107:group-F5B007010156 changes role from CANDIDATE to LEADER at term 1 for changeToLeader
2019-09-09 21:44:43,201 [32341634-9b92-4130-8eac-3e0d512fb107:group-F5B007010156:LeaderElection6] INFO  impl.RaftServerImpl (ServerState.java:setLeader(263)) - 32341634-9b92-4130-8eac-3e0d512fb107:group-F5B007010156 change Leader from null to 32341634-9b92-4130-8eac-3e0d512fb107 at term 1 for becomeLeader, leader elected after 5124ms
2019-09-09 21:44:43,203 [32341634-9b92-4130-8eac-3e0d512fb107:group-F5B007010156:LeaderElection6] INFO  server.RaftServerConfigKeys (ConfUtils.java:logGet(43)) - raft.server.staging.catchup.gap = 1000 (default)
2019-09-09 21:44:43,203 [32341634-9b92-4130-8eac-3e0d512fb107:group-F5B007010156:LeaderElection6] INFO  server.RaftServerConfigKeys (ConfUtils.java:logGet(43)) - raft.server.rpc.sleep.time = 25ms (default)
2019-09-09 21:44:43,203 [32341634-9b92-4130-8eac-3e0d512fb107:group-F5B007010156:LeaderElection6] INFO  server.RaftServerConfigKeys (ConfUtils.java:logGet(43)) - raft.server.write.element-limit = 4096 (default)
2019-09-09 21:44:43,203 [32341634-9b92-4130-8eac-3e0d512fb107:group-F5B007010156:LeaderElection6] INFO  server.RaftServerConfigKeys (ConfUtils.java:logGet(43)) - raft.server.watch.timeout = 10s (default)
2019-09-09 21:44:43,203 [32341634-9b92-4130-8eac-3e0d512fb107:group-F5B007010156:LeaderElection6] INFO  server.RaftServerConfigKeys (ConfUtils.java:logGet(43)) - raft.server.watch.timeout.denomination = 1s (default)
2019-09-09 21:44:43,203 [32341634-9b92-4130-8eac-3e0d512fb107:group-F5B007010156:LeaderElection6] INFO  server.RaftServerConfigKeys (ConfUtils.java:logGet(43)) - raft.server.watch.element-limit = 65536 (default)
2019-09-09 21:44:43,204 [32341634-9b92-4130-8eac-3e0d512fb107:group-F5B007010156:LeaderElection6] INFO  impl.RoleInfo (RoleInfo.java:updateAndGet(143)) - 32341634-9b92-4130-8eac-3e0d512fb107: start LeaderState
2019-09-09 21:44:43,204 [32341634-9b92-4130-8eac-3e0d512fb107:group-F5B007010156:LeaderElection6] INFO  segmented.SegmentedRaftLogWorker (SegmentedRaftLogWorker.java:startLogSegment(380)) - 32341634-9b92-4130-8eac-3e0d512fb107-SegmentedRaftLogWorker:Storage Directory /workdir/hadoop-ozone/integration-test/target/test-dir/MiniOzoneClusterImpl-b75b5873-643f-488a-b9f8-130d181fa964/datanode-0/data/ratis/fb01a7b9-1e32-454d-90aa-f5b007010156: Starting segment from index:0
2019-09-09 21:44:43,204 [32341634-9b92-4130-8eac-3e0d512fb107:group-F5B007010156:LeaderElection6] INFO  impl.RaftServerImpl (ServerState.java:setRaftConf(361)) - 32341634-9b92-4130-8eac-3e0d512fb107:group-F5B007010156 set configuration 0: [32341634-9b92-4130-8eac-3e0d512fb107:192.168.5.143:40643], old=null at 0
2019-09-09 21:44:43,243 [32341634-9b92-4130-8eac-3e0d512fb107-SegmentedRaftLogWorker:Storage Directory /workdir/hadoop-ozone/integration-test/target/test-dir/MiniOzoneClusterImpl-b75b5873-643f-488a-b9f8-130d181fa964/datanode-0/data/ratis/fb01a7b9-1e32-454d-90aa-f5b007010156] INFO  segmented.SegmentedRaftLogWorker (SegmentedRaftLogWorker.java:execute(569)) - 32341634-9b92-4130-8eac-3e0d512fb107-SegmentedRaftLogWorker:Storage Directory /workdir/hadoop-ozone/integration-test/target/test-dir/MiniOzoneClusterImpl-b75b5873-643f-488a-b9f8-130d181fa964/datanode-0/data/ratis/fb01a7b9-1e32-454d-90aa-f5b007010156: created new log segment /workdir/hadoop-ozone/integration-test/target/test-dir/MiniOzoneClusterImpl-b75b5873-643f-488a-b9f8-130d181fa964/datanode-0/data/ratis/fb01a7b9-1e32-454d-90aa-f5b007010156/current/log_inprogress_0
2019-09-09 21:44:43,309 [Thread-259] INFO  impl.FollowerState (FollowerState.java:run(106)) - 7f2cb37e-01c2-4597-abad-216c2315631c:group-F84933C8E53F changes to CANDIDATE, lastRpcTime:5152, electionTimeout:5152ms
2019-09-09 21:44:43,310 [Thread-259] INFO  impl.RoleInfo (RoleInfo.java:shutdownFollowerState(121)) - 7f2cb37e-01c2-4597-abad-216c2315631c: shutdown FollowerState
2019-09-09 21:44:43,310 [Thread-259] INFO  impl.RaftServerImpl (RaftServerImpl.java:setRole(171)) - 7f2cb37e-01c2-4597-abad-216c2315631c:group-F84933C8E53F changes role from FOLLOWER to CANDIDATE at term 0 for changeToCandidate
2019-09-09 21:44:43,310 [Thread-259] INFO  impl.RoleInfo (RoleInfo.java:updateAndGet(143)) - 7f2cb37e-01c2-4597-abad-216c2315631c: start LeaderElection
2019-09-09 21:44:43,315 [Thread-268] INFO  impl.FollowerState (FollowerState.java:run(106)) - 3bb905b4-e1b5-44cf-bff0-d2acb22bd644:group-9B37A9B93DD7 changes to CANDIDATE, lastRpcTime:5027, electionTimeout:5025ms
2019-09-09 21:44:43,317 [Thread-268] INFO  impl.RoleInfo (RoleInfo.java:shutdownFollowerState(121)) - 3bb905b4-e1b5-44cf-bff0-d2acb22bd644: shutdown FollowerState
2019-09-09 21:44:43,317 [Thread-268] INFO  impl.RaftServerImpl (RaftServerImpl.java:setRole(171)) - 3bb905b4-e1b5-44cf-bff0-d2acb22bd644:group-9B37A9B93DD7 changes role from FOLLOWER to CANDIDATE at term 0 for changeToCandidate
2019-09-09 21:44:43,317 [Thread-268] INFO  impl.RoleInfo (RoleInfo.java:updateAndGet(143)) - 3bb905b4-e1b5-44cf-bff0-d2acb22bd644: start LeaderElection
2019-09-09 21:44:43,327 [Thread-262] INFO  impl.FollowerState (FollowerState.java:run(106)) - 3b0a2b15-582d-49c4-a3da-93fb894c5d0b:group-9B37A9B93DD7 changes to CANDIDATE, lastRpcTime:5044, electionTimeout:5044ms
2019-09-09 21:44:43,327 [Thread-262] INFO  impl.RoleInfo (RoleInfo.java:shutdownFollowerState(121)) - 3b0a2b15-582d-49c4-a3da-93fb894c5d0b: shutdown FollowerState
2019-09-09 21:44:43,327 [Thread-262] INFO  impl.RaftServerImpl (RaftServerImpl.java:setRole(171)) - 3b0a2b15-582d-49c4-a3da-93fb894c5d0b:group-9B37A9B93DD7 changes role from FOLLOWER to CANDIDATE at term 0 for changeToCandidate
2019-09-09 21:44:43,328 [Thread-262] INFO  impl.RoleInfo (RoleInfo.java:updateAndGet(143)) - 3b0a2b15-582d-49c4-a3da-93fb894c5d0b: start LeaderElection
2019-09-09 21:44:43,335 [Thread-265] INFO  impl.FollowerState (FollowerState.java:run(106)) - 23a608ef-ac53-4715-b4b8-1f1f435112fa:group-9B37A9B93DD7 changes to CANDIDATE, lastRpcTime:5050, electionTimeout:5050ms
2019-09-09 21:44:43,335 [Thread-265] INFO  impl.RoleInfo (RoleInfo.java:shutdownFollowerState(121)) - 23a608ef-ac53-4715-b4b8-1f1f435112fa: shutdown FollowerState
2019-09-09 21:44:43,335 [Thread-265] INFO  impl.RaftServerImpl (RaftServerImpl.java:setRole(171)) - 23a608ef-ac53-4715-b4b8-1f1f435112fa:group-9B37A9B93DD7 changes role from FOLLOWER to CANDIDATE at term 0 for changeToCandidate
2019-09-09 21:44:43,336 [Thread-265] INFO  impl.RoleInfo (RoleInfo.java:updateAndGet(143)) - 23a608ef-ac53-4715-b4b8-1f1f435112fa: start LeaderElection
2019-09-09 21:44:43,341 [7f2cb37e-01c2-4597-abad-216c2315631c:group-F84933C8E53F:LeaderElection7] INFO  impl.LeaderElection (LeaderElection.java:askForVotes(181)) - 7f2cb37e-01c2-4597-abad-216c2315631c:group-F84933C8E53F:LeaderElection7: begin an election at term 1 for -1: [7f2cb37e-01c2-4597-abad-216c2315631c:192.168.5.143:46076], old=null
2019-09-09 21:44:43,341 [3bb905b4-e1b5-44cf-bff0-d2acb22bd644:group-9B37A9B93DD7:LeaderElection8] INFO  impl.LeaderElection (LeaderElection.java:askForVotes(181)) - 3bb905b4-e1b5-44cf-bff0-d2acb22bd644:group-9B37A9B93DD7:LeaderElection8: begin an election at term 1 for -1: [23a608ef-ac53-4715-b4b8-1f1f435112fa:192.168.5.143:34835, 3b0a2b15-582d-49c4-a3da-93fb894c5d0b:192.168.5.143:45724, 3bb905b4-e1b5-44cf-bff0-d2acb22bd644:192.168.5.143:36113], old=null
2019-09-09 21:44:43,342 [7f2cb37e-01c2-4597-abad-216c2315631c:group-F84933C8E53F:LeaderElection7] INFO  impl.RoleInfo (RoleInfo.java:shutdownLeaderElection(134)) - 7f2cb37e-01c2-4597-abad-216c2315631c: shutdown LeaderElection
2019-09-09 21:44:43,342 [7f2cb37e-01c2-4597-abad-216c2315631c:group-F84933C8E53F:LeaderElection7] INFO  impl.RaftServerImpl (RaftServerImpl.java:setRole(171)) - 7f2cb37e-01c2-4597-abad-216c2315631c:group-F84933C8E53F changes role from CANDIDATE to LEADER at term 1 for changeToLeader
2019-09-09 21:44:43,342 [7f2cb37e-01c2-4597-abad-216c2315631c:group-F84933C8E53F:LeaderElection7] INFO  impl.RaftServerImpl (ServerState.java:setLeader(263)) - 7f2cb37e-01c2-4597-abad-216c2315631c:group-F84933C8E53F change Leader from null to 7f2cb37e-01c2-4597-abad-216c2315631c at term 1 for becomeLeader, leader elected after 5190ms
2019-09-09 21:44:43,344 [7f2cb37e-01c2-4597-abad-216c2315631c:group-F84933C8E53F:LeaderElection7] INFO  server.RaftServerConfigKeys (ConfUtils.java:logGet(43)) - raft.server.staging.catchup.gap = 1000 (default)
2019-09-09 21:44:43,344 [7f2cb37e-01c2-4597-abad-216c2315631c:group-F84933C8E53F:LeaderElection7] INFO  server.RaftServerConfigKeys (ConfUtils.java:logGet(43)) - raft.server.rpc.sleep.time = 25ms (default)
2019-09-09 21:44:43,344 [7f2cb37e-01c2-4597-abad-216c2315631c:group-F84933C8E53F:LeaderElection7] INFO  server.RaftServerConfigKeys (ConfUtils.java:logGet(43)) - raft.server.write.element-limit = 4096 (default)
2019-09-09 21:44:43,344 [7f2cb37e-01c2-4597-abad-216c2315631c:group-F84933C8E53F:LeaderElection7] INFO  server.RaftServerConfigKeys (ConfUtils.java:logGet(43)) - raft.server.watch.timeout = 10s (default)
2019-09-09 21:44:43,345 [7f2cb37e-01c2-4597-abad-216c2315631c:group-F84933C8E53F:LeaderElection7] INFO  server.RaftServerConfigKeys (ConfUtils.java:logGet(43)) - raft.server.watch.timeout.denomination = 1s (default)
2019-09-09 21:44:43,345 [7f2cb37e-01c2-4597-abad-216c2315631c:group-F84933C8E53F:LeaderElection7] INFO  server.RaftServerConfigKeys (ConfUtils.java:logGet(43)) - raft.server.watch.element-limit = 65536 (default)
2019-09-09 21:44:43,345 [7f2cb37e-01c2-4597-abad-216c2315631c:group-F84933C8E53F:LeaderElection7] INFO  impl.RoleInfo (RoleInfo.java:updateAndGet(143)) - 7f2cb37e-01c2-4597-abad-216c2315631c: start LeaderState
2019-09-09 21:44:43,345 [7f2cb37e-01c2-4597-abad-216c2315631c:group-F84933C8E53F:LeaderElection7] INFO  segmented.SegmentedRaftLogWorker (SegmentedRaftLogWorker.java:startLogSegment(380)) - 7f2cb37e-01c2-4597-abad-216c2315631c-SegmentedRaftLogWorker:Storage Directory /workdir/hadoop-ozone/integration-test/target/test-dir/MiniOzoneClusterImpl-b75b5873-643f-488a-b9f8-130d181fa964/datanode-4/data/ratis/042e0ead-3c1d-446d-a788-f84933c8e53f: Starting segment from index:0
2019-09-09 21:44:43,346 [7f2cb37e-01c2-4597-abad-216c2315631c:group-F84933C8E53F:LeaderElection7] INFO  impl.RaftServerImpl (ServerState.java:setRaftConf(361)) - 7f2cb37e-01c2-4597-abad-216c2315631c:group-F84933C8E53F set configuration 0: [7f2cb37e-01c2-4597-abad-216c2315631c:192.168.5.143:46076], old=null at 0
2019-09-09 21:44:43,355 [23a608ef-ac53-4715-b4b8-1f1f435112fa:group-9B37A9B93DD7:LeaderElection10] INFO  impl.LeaderElection (LeaderElection.java:askForVotes(181)) - 23a608ef-ac53-4715-b4b8-1f1f435112fa:group-9B37A9B93DD7:LeaderElection10: begin an election at term 1 for -1: [23a608ef-ac53-4715-b4b8-1f1f435112fa:192.168.5.143:34835, 3b0a2b15-582d-49c4-a3da-93fb894c5d0b:192.168.5.143:45724, 3bb905b4-e1b5-44cf-bff0-d2acb22bd644:192.168.5.143:36113], old=null
2019-09-09 21:44:43,355 [3b0a2b15-582d-49c4-a3da-93fb894c5d0b:group-9B37A9B93DD7:LeaderElection9] INFO  impl.LeaderElection (LeaderElection.java:askForVotes(181)) - 3b0a2b15-582d-49c4-a3da-93fb894c5d0b:group-9B37A9B93DD7:LeaderElection9: begin an election at term 1 for -1: [23a608ef-ac53-4715-b4b8-1f1f435112fa:192.168.5.143:34835, 3b0a2b15-582d-49c4-a3da-93fb894c5d0b:192.168.5.143:45724, 3bb905b4-e1b5-44cf-bff0-d2acb22bd644:192.168.5.143:36113], old=null
2019-09-09 21:44:43,431 [7f2cb37e-01c2-4597-abad-216c2315631c-SegmentedRaftLogWorker:Storage Directory /workdir/hadoop-ozone/integration-test/target/test-dir/MiniOzoneClusterImpl-b75b5873-643f-488a-b9f8-130d181fa964/datanode-4/data/ratis/042e0ead-3c1d-446d-a788-f84933c8e53f] INFO  segmented.SegmentedRaftLogWorker (SegmentedRaftLogWorker.java:execute(569)) - 7f2cb37e-01c2-4597-abad-216c2315631c-SegmentedRaftLogWorker:Storage Directory /workdir/hadoop-ozone/integration-test/target/test-dir/MiniOzoneClusterImpl-b75b5873-643f-488a-b9f8-130d181fa964/datanode-4/data/ratis/042e0ead-3c1d-446d-a788-f84933c8e53f: created new log segment /workdir/hadoop-ozone/integration-test/target/test-dir/MiniOzoneClusterImpl-b75b5873-643f-488a-b9f8-130d181fa964/datanode-4/data/ratis/042e0ead-3c1d-446d-a788-f84933c8e53f/current/log_inprogress_0
2019-09-09 21:44:43,453 [23a608ef-ac53-4715-b4b8-1f1f435112fa:group-9B37A9B93DD7:LeaderElection10] INFO  impl.LeaderElection (LeaderElection.java:logAndReturn(56)) - 23a608ef-ac53-4715-b4b8-1f1f435112fa:group-9B37A9B93DD7:LeaderElection10: Election REJECTED; received 2 response(s) [23a608ef-ac53-4715-b4b8-1f1f435112fa<-3b0a2b15-582d-49c4-a3da-93fb894c5d0b#0:FAIL-t1, 23a608ef-ac53-4715-b4b8-1f1f435112fa<-3bb905b4-e1b5-44cf-bff0-d2acb22bd644#0:FAIL-t1] and 0 exception(s); 23a608ef-ac53-4715-b4b8-1f1f435112fa:t1, leader=null, voted=23a608ef-ac53-4715-b4b8-1f1f435112fa, raftlog=23a608ef-ac53-4715-b4b8-1f1f435112fa-SegmentedRaftLog:OPENED:c-1,f-1,i0, conf=-1: [23a608ef-ac53-4715-b4b8-1f1f435112fa:192.168.5.143:34835, 3b0a2b15-582d-49c4-a3da-93fb894c5d0b:192.168.5.143:45724, 3bb905b4-e1b5-44cf-bff0-d2acb22bd644:192.168.5.143:36113], old=null
2019-09-09 21:44:43,453 [3bb905b4-e1b5-44cf-bff0-d2acb22bd644:group-9B37A9B93DD7:LeaderElection8] INFO  impl.LeaderElection (LeaderElection.java:logAndReturn(56)) - 3bb905b4-e1b5-44cf-bff0-d2acb22bd644:group-9B37A9B93DD7:LeaderElection8: Election REJECTED; received 2 response(s) [3bb905b4-e1b5-44cf-bff0-d2acb22bd644<-23a608ef-ac53-4715-b4b8-1f1f435112fa#0:FAIL-t1, 3bb905b4-e1b5-44cf-bff0-d2acb22bd644<-3b0a2b15-582d-49c4-a3da-93fb894c5d0b#0:FAIL-t1] and 0 exception(s); 3bb905b4-e1b5-44cf-bff0-d2acb22bd644:t1, leader=null, voted=3bb905b4-e1b5-44cf-bff0-d2acb22bd644, raftlog=3bb905b4-e1b5-44cf-bff0-d2acb22bd644-SegmentedRaftLog:OPENED:c-1,f-1,i0, conf=-1: [23a608ef-ac53-4715-b4b8-1f1f435112fa:192.168.5.143:34835, 3b0a2b15-582d-49c4-a3da-93fb894c5d0b:192.168.5.143:45724, 3bb905b4-e1b5-44cf-bff0-d2acb22bd644:192.168.5.143:36113], old=null
2019-09-09 21:44:43,457 [3b0a2b15-582d-49c4-a3da-93fb894c5d0b:group-9B37A9B93DD7:LeaderElection9] INFO  impl.LeaderElection (LeaderElection.java:logAndReturn(56)) - 3b0a2b15-582d-49c4-a3da-93fb894c5d0b:group-9B37A9B93DD7:LeaderElection9: Election REJECTED; received 2 response(s) [3b0a2b15-582d-49c4-a3da-93fb894c5d0b<-23a608ef-ac53-4715-b4b8-1f1f435112fa#0:FAIL-t1, 3b0a2b15-582d-49c4-a3da-93fb894c5d0b<-3bb905b4-e1b5-44cf-bff0-d2acb22bd644#0:FAIL-t1] and 0 exception(s); 3b0a2b15-582d-49c4-a3da-93fb894c5d0b:t1, leader=null, voted=3b0a2b15-582d-49c4-a3da-93fb894c5d0b, raftlog=3b0a2b15-582d-49c4-a3da-93fb894c5d0b-SegmentedRaftLog:OPENED:c-1,f-1,i0, conf=-1: [23a608ef-ac53-4715-b4b8-1f1f435112fa:192.168.5.143:34835, 3b0a2b15-582d-49c4-a3da-93fb894c5d0b:192.168.5.143:45724, 3bb905b4-e1b5-44cf-bff0-d2acb22bd644:192.168.5.143:36113], old=null
2019-09-09 21:44:43,460 [Thread-275] INFO  impl.FollowerState (FollowerState.java:run(106)) - 4d79564c-1113-4bdd-af39-002278d0fa77:group-B0BF68C2A287 changes to CANDIDATE, lastRpcTime:5043, electionTimeout:5041ms
2019-09-09 21:44:43,462 [3bb905b4-e1b5-44cf-bff0-d2acb22bd644:group-9B37A9B93DD7:LeaderElection8] INFO  impl.RaftServerImpl (RaftServerImpl.java:setRole(171)) - 3bb905b4-e1b5-44cf-bff0-d2acb22bd644:group-9B37A9B93DD7 changes role from CANDIDATE to FOLLOWER at term 1 for DISCOVERED_A_NEW_TERM
2019-09-09 21:44:43,464 [23a608ef-ac53-4715-b4b8-1f1f435112fa:group-9B37A9B93DD7:LeaderElection10] INFO  impl.RaftServerImpl (RaftServerImpl.java:setRole(171)) - 23a608ef-ac53-4715-b4b8-1f1f435112fa:group-9B37A9B93DD7 changes role from CANDIDATE to FOLLOWER at term 1 for DISCOVERED_A_NEW_TERM
2019-09-09 21:44:43,463 [Thread-275] INFO  impl.RoleInfo (RoleInfo.java:shutdownFollowerState(121)) - 4d79564c-1113-4bdd-af39-002278d0fa77: shutdown FollowerState
2019-09-09 21:44:43,464 [3b0a2b15-582d-49c4-a3da-93fb894c5d0b:group-9B37A9B93DD7:LeaderElection9] INFO  impl.RaftServerImpl (RaftServerImpl.java:setRole(171)) - 3b0a2b15-582d-49c4-a3da-93fb894c5d0b:group-9B37A9B93DD7 changes role from CANDIDATE to FOLLOWER at term 1 for DISCOVERED_A_NEW_TERM
2019-09-09 21:44:43,464 [Thread-276] INFO  impl.FollowerState (FollowerState.java:run(106)) - 32341634-9b92-4130-8eac-3e0d512fb107:group-B0BF68C2A287 changes to CANDIDATE, lastRpcTime:5047, electionTimeout:5046ms
2019-09-09 21:44:43,467 [3b0a2b15-582d-49c4-a3da-93fb894c5d0b:group-9B37A9B93DD7:LeaderElection9] INFO  impl.RoleInfo (RoleInfo.java:shutdownLeaderElection(134)) - 3b0a2b15-582d-49c4-a3da-93fb894c5d0b: shutdown LeaderElection
2019-09-09 21:44:43,467 [Thread-275] INFO  impl.RaftServerImpl (RaftServerImpl.java:setRole(171)) - 4d79564c-1113-4bdd-af39-002278d0fa77:group-B0BF68C2A287 changes role from FOLLOWER to CANDIDATE at term 0 for changeToCandidate
2019-09-09 21:44:43,467 [23a608ef-ac53-4715-b4b8-1f1f435112fa:group-9B37A9B93DD7:LeaderElection10] INFO  impl.RoleInfo (RoleInfo.java:shutdownLeaderElection(134)) - 23a608ef-ac53-4715-b4b8-1f1f435112fa: shutdown LeaderElection
2019-09-09 21:44:43,464 [3bb905b4-e1b5-44cf-bff0-d2acb22bd644:group-9B37A9B93DD7:LeaderElection8] INFO  impl.RoleInfo (RoleInfo.java:shutdownLeaderElection(134)) - 3bb905b4-e1b5-44cf-bff0-d2acb22bd644: shutdown LeaderElection
2019-09-09 21:44:43,468 [23a608ef-ac53-4715-b4b8-1f1f435112fa:group-9B37A9B93DD7:LeaderElection10] INFO  impl.RoleInfo (RoleInfo.java:updateAndGet(143)) - 23a608ef-ac53-4715-b4b8-1f1f435112fa: start FollowerState
2019-09-09 21:44:43,467 [Thread-275] INFO  impl.RoleInfo (RoleInfo.java:updateAndGet(143)) - 4d79564c-1113-4bdd-af39-002278d0fa77: start LeaderElection
2019-09-09 21:44:43,467 [3b0a2b15-582d-49c4-a3da-93fb894c5d0b:group-9B37A9B93DD7:LeaderElection9] INFO  impl.RoleInfo (RoleInfo.java:updateAndGet(143)) - 3b0a2b15-582d-49c4-a3da-93fb894c5d0b: start FollowerState
2019-09-09 21:44:43,467 [Thread-276] INFO  impl.RoleInfo (RoleInfo.java:shutdownFollowerState(121)) - 32341634-9b92-4130-8eac-3e0d512fb107: shutdown FollowerState
2019-09-09 21:44:43,468 [3bb905b4-e1b5-44cf-bff0-d2acb22bd644:group-9B37A9B93DD7:LeaderElection8] INFO  impl.RoleInfo (RoleInfo.java:updateAndGet(143)) - 3bb905b4-e1b5-44cf-bff0-d2acb22bd644: start FollowerState
2019-09-09 21:44:43,471 [Thread-276] INFO  impl.RaftServerImpl (RaftServerImpl.java:setRole(171)) - 32341634-9b92-4130-8eac-3e0d512fb107:group-B0BF68C2A287 changes role from FOLLOWER to CANDIDATE at term 0 for changeToCandidate
2019-09-09 21:44:43,472 [Thread-276] INFO  impl.RoleInfo (RoleInfo.java:updateAndGet(143)) - 32341634-9b92-4130-8eac-3e0d512fb107: start LeaderElection
2019-09-09 21:44:43,478 [Thread-271] INFO  impl.FollowerState (FollowerState.java:run(106)) - fbdf3db3-aa74-47af-a58b-928f4cb9f492:group-B0BF68C2A287 changes to CANDIDATE, lastRpcTime:5066, electionTimeout:5066ms
2019-09-09 21:44:43,478 [Thread-271] INFO  impl.RoleInfo (RoleInfo.java:shutdownFollowerState(121)) - fbdf3db3-aa74-47af-a58b-928f4cb9f492: shutdown FollowerState
2019-09-09 21:44:43,478 [Thread-271] INFO  impl.RaftServerImpl (RaftServerImpl.java:setRole(171)) - fbdf3db3-aa74-47af-a58b-928f4cb9f492:group-B0BF68C2A287 changes role from FOLLOWER to CANDIDATE at term 0 for changeToCandidate
2019-09-09 21:44:43,478 [Thread-271] INFO  impl.RoleInfo (RoleInfo.java:updateAndGet(143)) - fbdf3db3-aa74-47af-a58b-928f4cb9f492: start LeaderElection
2019-09-09 21:44:43,501 [fbdf3db3-aa74-47af-a58b-928f4cb9f492:group-B0BF68C2A287:LeaderElection13] INFO  impl.LeaderElection (LeaderElection.java:askForVotes(181)) - fbdf3db3-aa74-47af-a58b-928f4cb9f492:group-B0BF68C2A287:LeaderElection13: begin an election at term 1 for -1: [4d79564c-1113-4bdd-af39-002278d0fa77:192.168.5.143:38539, 32341634-9b92-4130-8eac-3e0d512fb107:192.168.5.143:40643, fbdf3db3-aa74-47af-a58b-928f4cb9f492:192.168.5.143:39164], old=null
2019-09-09 21:44:43,501 [32341634-9b92-4130-8eac-3e0d512fb107:group-B0BF68C2A287:LeaderElection12] INFO  impl.LeaderElection (LeaderElection.java:askForVotes(181)) - 32341634-9b92-4130-8eac-3e0d512fb107:group-B0BF68C2A287:LeaderElection12: begin an election at term 1 for -1: [4d79564c-1113-4bdd-af39-002278d0fa77:192.168.5.143:38539, 32341634-9b92-4130-8eac-3e0d512fb107:192.168.5.143:40643, fbdf3db3-aa74-47af-a58b-928f4cb9f492:192.168.5.143:39164], old=null
2019-09-09 21:44:43,501 [4d79564c-1113-4bdd-af39-002278d0fa77:group-B0BF68C2A287:LeaderElection11] INFO  impl.LeaderElection (LeaderElection.java:askForVotes(181)) - 4d79564c-1113-4bdd-af39-002278d0fa77:group-B0BF68C2A287:LeaderElection11: begin an election at term 1 for -1: [4d79564c-1113-4bdd-af39-002278d0fa77:192.168.5.143:38539, 32341634-9b92-4130-8eac-3e0d512fb107:192.168.5.143:40643, fbdf3db3-aa74-47af-a58b-928f4cb9f492:192.168.5.143:39164], old=null
2019-09-09 21:44:43,536 [4d79564c-1113-4bdd-af39-002278d0fa77:group-B0BF68C2A287:LeaderElection11] INFO  impl.LeaderElection (LeaderElection.java:logAndReturn(56)) - 4d79564c-1113-4bdd-af39-002278d0fa77:group-B0BF68C2A287:LeaderElection11: Election REJECTED; received 2 response(s) [4d79564c-1113-4bdd-af39-002278d0fa77<-32341634-9b92-4130-8eac-3e0d512fb107#0:FAIL-t1, 4d79564c-1113-4bdd-af39-002278d0fa77<-fbdf3db3-aa74-47af-a58b-928f4cb9f492#0:FAIL-t1] and 0 exception(s); 4d79564c-1113-4bdd-af39-002278d0fa77:t1, leader=null, voted=4d79564c-1113-4bdd-af39-002278d0fa77, raftlog=4d79564c-1113-4bdd-af39-002278d0fa77-SegmentedRaftLog:OPENED:c-1,f-1,i0, conf=-1: [4d79564c-1113-4bdd-af39-002278d0fa77:192.168.5.143:38539, 32341634-9b92-4130-8eac-3e0d512fb107:192.168.5.143:40643, fbdf3db3-aa74-47af-a58b-928f4cb9f492:192.168.5.143:39164], old=null
2019-09-09 21:44:43,537 [4d79564c-1113-4bdd-af39-002278d0fa77:group-B0BF68C2A287:LeaderElection11] INFO  impl.RaftServerImpl (RaftServerImpl.java:setRole(171)) - 4d79564c-1113-4bdd-af39-002278d0fa77:group-B0BF68C2A287 changes role from CANDIDATE to FOLLOWER at term 1 for DISCOVERED_A_NEW_TERM
2019-09-09 21:44:43,537 [4d79564c-1113-4bdd-af39-002278d0fa77:group-B0BF68C2A287:LeaderElection11] INFO  impl.RoleInfo (RoleInfo.java:shutdownLeaderElection(134)) - 4d79564c-1113-4bdd-af39-002278d0fa77: shutdown LeaderElection
2019-09-09 21:44:43,541 [4d79564c-1113-4bdd-af39-002278d0fa77:group-B0BF68C2A287:LeaderElection11] INFO  impl.RoleInfo (RoleInfo.java:updateAndGet(143)) - 4d79564c-1113-4bdd-af39-002278d0fa77: start FollowerState
2019-09-09 21:44:43,543 [fbdf3db3-aa74-47af-a58b-928f4cb9f492:group-B0BF68C2A287:LeaderElection13] INFO  impl.LeaderElection (LeaderElection.java:logAndReturn(56)) - fbdf3db3-aa74-47af-a58b-928f4cb9f492:group-B0BF68C2A287:LeaderElection13: Election REJECTED; received 2 response(s) [fbdf3db3-aa74-47af-a58b-928f4cb9f492<-4d79564c-1113-4bdd-af39-002278d0fa77#0:FAIL-t1, fbdf3db3-aa74-47af-a58b-928f4cb9f492<-32341634-9b92-4130-8eac-3e0d512fb107#0:FAIL-t1] and 0 exception(s); fbdf3db3-aa74-47af-a58b-928f4cb9f492:t1, leader=null, voted=fbdf3db3-aa74-47af-a58b-928f4cb9f492, raftlog=fbdf3db3-aa74-47af-a58b-928f4cb9f492-SegmentedRaftLog:OPENED:c-1,f-1,i0, conf=-1: [4d79564c-1113-4bdd-af39-002278d0fa77:192.168.5.143:38539, 32341634-9b92-4130-8eac-3e0d512fb107:192.168.5.143:40643, fbdf3db3-aa74-47af-a58b-928f4cb9f492:192.168.5.143:39164], old=null
2019-09-09 21:44:43,544 [fbdf3db3-aa74-47af-a58b-928f4cb9f492:group-B0BF68C2A287:LeaderElection13] INFO  impl.RaftServerImpl (RaftServerImpl.java:setRole(171)) - fbdf3db3-aa74-47af-a58b-928f4cb9f492:group-B0BF68C2A287 changes role from CANDIDATE to FOLLOWER at term 1 for DISCOVERED_A_NEW_TERM
2019-09-09 21:44:43,544 [fbdf3db3-aa74-47af-a58b-928f4cb9f492:group-B0BF68C2A287:LeaderElection13] INFO  impl.RoleInfo (RoleInfo.java:shutdownLeaderElection(134)) - fbdf3db3-aa74-47af-a58b-928f4cb9f492: shutdown LeaderElection
2019-09-09 21:44:43,550 [32341634-9b92-4130-8eac-3e0d512fb107:group-B0BF68C2A287:LeaderElection12] INFO  impl.LeaderElection (LeaderElection.java:logAndReturn(56)) - 32341634-9b92-4130-8eac-3e0d512fb107:group-B0BF68C2A287:LeaderElection12: Election REJECTED; received 2 response(s) [32341634-9b92-4130-8eac-3e0d512fb107<-4d79564c-1113-4bdd-af39-002278d0fa77#0:FAIL-t1, 32341634-9b92-4130-8eac-3e0d512fb107<-fbdf3db3-aa74-47af-a58b-928f4cb9f492#0:FAIL-t1] and 0 exception(s); 32341634-9b92-4130-8eac-3e0d512fb107:t1, leader=null, voted=32341634-9b92-4130-8eac-3e0d512fb107, raftlog=32341634-9b92-4130-8eac-3e0d512fb107-SegmentedRaftLog:OPENED:c-1,f-1,i0, conf=-1: [4d79564c-1113-4bdd-af39-002278d0fa77:192.168.5.143:38539, 32341634-9b92-4130-8eac-3e0d512fb107:192.168.5.143:40643, fbdf3db3-aa74-47af-a58b-928f4cb9f492:192.168.5.143:39164], old=null
2019-09-09 21:44:43,552 [fbdf3db3-aa74-47af-a58b-928f4cb9f492:group-B0BF68C2A287:LeaderElection13] INFO  impl.RoleInfo (RoleInfo.java:updateAndGet(143)) - fbdf3db3-aa74-47af-a58b-928f4cb9f492: start FollowerState
2019-09-09 21:44:43,552 [32341634-9b92-4130-8eac-3e0d512fb107:group-B0BF68C2A287:LeaderElection12] INFO  impl.RaftServerImpl (RaftServerImpl.java:setRole(171)) - 32341634-9b92-4130-8eac-3e0d512fb107:group-B0BF68C2A287 changes role from CANDIDATE to FOLLOWER at term 1 for DISCOVERED_A_NEW_TERM
2019-09-09 21:44:43,554 [32341634-9b92-4130-8eac-3e0d512fb107:group-B0BF68C2A287:LeaderElection12] INFO  impl.RoleInfo (RoleInfo.java:shutdownLeaderElection(134)) - 32341634-9b92-4130-8eac-3e0d512fb107: shutdown LeaderElection
2019-09-09 21:44:43,554 [32341634-9b92-4130-8eac-3e0d512fb107:group-B0BF68C2A287:LeaderElection12] INFO  impl.RoleInfo (RoleInfo.java:updateAndGet(143)) - 32341634-9b92-4130-8eac-3e0d512fb107: start FollowerState
2019-09-09 21:44:43,749 [grpc-default-executor-0] INFO  client.GrpcClientProtocolClient (GrpcClientProtocolClient.java:onNext(255)) - client-4BA0F8282A63->3b0a2b15-582d-49c4-a3da-93fb894c5d0b: receive RaftClientReply:client-4BA0F8282A63->3b0a2b15-582d-49c4-a3da-93fb894c5d0b@group-9B37A9B93DD7, cid=13, FAILED org.apache.ratis.protocol.NotLeaderException: Server 3b0a2b15-582d-49c4-a3da-93fb894c5d0b is not the leader (null). Request must be sent to leader., logIndex=0, commits[3b0a2b15-582d-49c4-a3da-93fb894c5d0b:c-1]
2019-09-09 21:44:44,773 [grpc-default-executor-0] INFO  client.GrpcClientProtocolClient (GrpcClientProtocolClient.java:onNext(255)) - client-4BA0F8282A63->23a608ef-ac53-4715-b4b8-1f1f435112fa: receive RaftClientReply:client-4BA0F8282A63->23a608ef-ac53-4715-b4b8-1f1f435112fa@group-9B37A9B93DD7, cid=13, FAILED org.apache.ratis.protocol.NotLeaderException: Server 23a608ef-ac53-4715-b4b8-1f1f435112fa is not the leader (null). Request must be sent to leader., logIndex=0, commits[23a608ef-ac53-4715-b4b8-1f1f435112fa:c-1]
2019-09-09 21:44:45,798 [grpc-default-executor-3] INFO  client.GrpcClientProtocolClient (GrpcClientProtocolClient.java:onNext(255)) - client-4BA0F8282A63->3bb905b4-e1b5-44cf-bff0-d2acb22bd644: receive RaftClientReply:client-4BA0F8282A63->3bb905b4-e1b5-44cf-bff0-d2acb22bd644@group-9B37A9B93DD7, cid=13, FAILED org.apache.ratis.protocol.NotLeaderException: Server 3bb905b4-e1b5-44cf-bff0-d2acb22bd644 is not the leader (null). Request must be sent to leader., logIndex=0, commits[3bb905b4-e1b5-44cf-bff0-d2acb22bd644:c-1]
2019-09-09 21:44:46,820 [grpc-default-executor-0] INFO  client.GrpcClientProtocolClient (GrpcClientProtocolClient.java:onNext(255)) - client-4BA0F8282A63->23a608ef-ac53-4715-b4b8-1f1f435112fa: receive RaftClientReply:client-4BA0F8282A63->23a608ef-ac53-4715-b4b8-1f1f435112fa@group-9B37A9B93DD7, cid=13, FAILED org.apache.ratis.protocol.NotLeaderException: Server 23a608ef-ac53-4715-b4b8-1f1f435112fa is not the leader (null). Request must be sent to leader., logIndex=0, commits[23a608ef-ac53-4715-b4b8-1f1f435112fa:c-1]
2019-09-09 21:44:47,841 [grpc-default-executor-0] INFO  client.GrpcClientProtocolClient (GrpcClientProtocolClient.java:onNext(255)) - client-4BA0F8282A63->3b0a2b15-582d-49c4-a3da-93fb894c5d0b: receive RaftClientReply:client-4BA0F8282A63->3b0a2b15-582d-49c4-a3da-93fb894c5d0b@group-9B37A9B93DD7, cid=13, FAILED org.apache.ratis.protocol.NotLeaderException: Server 3b0a2b15-582d-49c4-a3da-93fb894c5d0b is not the leader (null). Request must be sent to leader., logIndex=0, commits[3b0a2b15-582d-49c4-a3da-93fb894c5d0b:c-1]
2019-09-09 21:44:48,510 [Thread-318] INFO  impl.FollowerState (FollowerState.java:run(106)) - 3b0a2b15-582d-49c4-a3da-93fb894c5d0b:group-9B37A9B93DD7 changes to CANDIDATE, lastRpcTime:5042, electionTimeout:5038ms
2019-09-09 21:44:48,513 [Thread-318] INFO  impl.RoleInfo (RoleInfo.java:shutdownFollowerState(121)) - 3b0a2b15-582d-49c4-a3da-93fb894c5d0b: shutdown FollowerState
2019-09-09 21:44:48,514 [Thread-318] INFO  impl.RaftServerImpl (RaftServerImpl.java:setRole(171)) - 3b0a2b15-582d-49c4-a3da-93fb894c5d0b:group-9B37A9B93DD7 changes role from FOLLOWER to CANDIDATE at term 1 for changeToCandidate
2019-09-09 21:44:48,514 [Thread-318] INFO  impl.RoleInfo (RoleInfo.java:updateAndGet(143)) - 3b0a2b15-582d-49c4-a3da-93fb894c5d0b: start LeaderElection
2019-09-09 21:44:48,531 [3b0a2b15-582d-49c4-a3da-93fb894c5d0b:group-9B37A9B93DD7:LeaderElection14] INFO  impl.LeaderElection (LeaderElection.java:askForVotes(181)) - 3b0a2b15-582d-49c4-a3da-93fb894c5d0b:group-9B37A9B93DD7:LeaderElection14: begin an election at term 2 for -1: [23a608ef-ac53-4715-b4b8-1f1f435112fa:192.168.5.143:34835, 3b0a2b15-582d-49c4-a3da-93fb894c5d0b:192.168.5.143:45724, 3bb905b4-e1b5-44cf-bff0-d2acb22bd644:192.168.5.143:36113], old=null
2019-09-09 21:44:48,533 [Thread-320] INFO  impl.FollowerState (FollowerState.java:run(106)) - 23a608ef-ac53-4715-b4b8-1f1f435112fa:group-9B37A9B93DD7 changes to CANDIDATE, lastRpcTime:5064, electionTimeout:5063ms
2019-09-09 21:44:48,533 [Thread-320] INFO  impl.RoleInfo (RoleInfo.java:shutdownFollowerState(121)) - 23a608ef-ac53-4715-b4b8-1f1f435112fa: shutdown FollowerState
2019-09-09 21:44:48,533 [Thread-320] INFO  impl.RaftServerImpl (RaftServerImpl.java:setRole(171)) - 23a608ef-ac53-4715-b4b8-1f1f435112fa:group-9B37A9B93DD7 changes role from FOLLOWER to CANDIDATE at term 1 for changeToCandidate
2019-09-09 21:44:48,534 [Thread-320] INFO  impl.RoleInfo (RoleInfo.java:updateAndGet(143)) - 23a608ef-ac53-4715-b4b8-1f1f435112fa: start LeaderElection
2019-09-09 21:44:48,545 [grpc-default-executor-3] INFO  impl.RaftServerImpl (RaftServerImpl.java:setRole(171)) - 3bb905b4-e1b5-44cf-bff0-d2acb22bd644:group-9B37A9B93DD7 changes role from FOLLOWER to FOLLOWER at term 2 for recognizeCandidate:3b0a2b15-582d-49c4-a3da-93fb894c5d0b
2019-09-09 21:44:48,545 [grpc-default-executor-3] INFO  impl.RoleInfo (RoleInfo.java:shutdownFollowerState(121)) - 3bb905b4-e1b5-44cf-bff0-d2acb22bd644: shutdown FollowerState
2019-09-09 21:44:48,546 [grpc-default-executor-3] INFO  impl.RoleInfo (RoleInfo.java:updateAndGet(143)) - 3bb905b4-e1b5-44cf-bff0-d2acb22bd644: start FollowerState
2019-09-09 21:44:48,546 [Thread-321] INFO  impl.FollowerState (FollowerState.java:run(114)) - 3bb905b4-e1b5-44cf-bff0-d2acb22bd644: FollowerState was interrupted: java.lang.InterruptedException: sleep interrupted
2019-09-09 21:44:48,550 [23a608ef-ac53-4715-b4b8-1f1f435112fa:group-9B37A9B93DD7:LeaderElection15] INFO  impl.LeaderElection (LeaderElection.java:askForVotes(181)) - 23a608ef-ac53-4715-b4b8-1f1f435112fa:group-9B37A9B93DD7:LeaderElection15: begin an election at term 2 for -1: [23a608ef-ac53-4715-b4b8-1f1f435112fa:192.168.5.143:34835, 3b0a2b15-582d-49c4-a3da-93fb894c5d0b:192.168.5.143:45724, 3bb905b4-e1b5-44cf-bff0-d2acb22bd644:192.168.5.143:36113], old=null
2019-09-09 21:44:48,567 [23a608ef-ac53-4715-b4b8-1f1f435112fa:group-9B37A9B93DD7:LeaderElection15] INFO  impl.LeaderElection (LeaderElection.java:logAndReturn(56)) - 23a608ef-ac53-4715-b4b8-1f1f435112fa:group-9B37A9B93DD7:LeaderElection15: Election REJECTED; received 2 response(s) [23a608ef-ac53-4715-b4b8-1f1f435112fa<-3b0a2b15-582d-49c4-a3da-93fb894c5d0b#0:FAIL-t2, 23a608ef-ac53-4715-b4b8-1f1f435112fa<-3bb905b4-e1b5-44cf-bff0-d2acb22bd644#0:FAIL-t2] and 0 exception(s); 23a608ef-ac53-4715-b4b8-1f1f435112fa:t2, leader=null, voted=23a608ef-ac53-4715-b4b8-1f1f435112fa, raftlog=23a608ef-ac53-4715-b4b8-1f1f435112fa-SegmentedRaftLog:OPENED:c-1,f-1,i0, conf=-1: [23a608ef-ac53-4715-b4b8-1f1f435112fa:192.168.5.143:34835, 3b0a2b15-582d-49c4-a3da-93fb894c5d0b:192.168.5.143:45724, 3bb905b4-e1b5-44cf-bff0-d2acb22bd644:192.168.5.143:36113], old=null
2019-09-09 21:44:48,567 [3b0a2b15-582d-49c4-a3da-93fb894c5d0b:group-9B37A9B93DD7:LeaderElection14] INFO  impl.LeaderElection (LeaderElection.java:logAndReturn(56)) - 3b0a2b15-582d-49c4-a3da-93fb894c5d0b:group-9B37A9B93DD7:LeaderElection14: Election PASSED; received 2 response(s) [3b0a2b15-582d-49c4-a3da-93fb894c5d0b<-23a608ef-ac53-4715-b4b8-1f1f435112fa#0:FAIL-t2, 3b0a2b15-582d-49c4-a3da-93fb894c5d0b<-3bb905b4-e1b5-44cf-bff0-d2acb22bd644#0:OK-t2] and 0 exception(s); 3b0a2b15-582d-49c4-a3da-93fb894c5d0b:t2, leader=null, voted=3b0a2b15-582d-49c4-a3da-93fb894c5d0b, raftlog=3b0a2b15-582d-49c4-a3da-93fb894c5d0b-SegmentedRaftLog:OPENED:c-1,f-1,i0, conf=-1: [23a608ef-ac53-4715-b4b8-1f1f435112fa:192.168.5.143:34835, 3b0a2b15-582d-49c4-a3da-93fb894c5d0b:192.168.5.143:45724, 3bb905b4-e1b5-44cf-bff0-d2acb22bd644:192.168.5.143:36113], old=null
2019-09-09 21:44:48,568 [23a608ef-ac53-4715-b4b8-1f1f435112fa:group-9B37A9B93DD7:LeaderElection15] INFO  impl.RaftServerImpl (RaftServerImpl.java:setRole(171)) - 23a608ef-ac53-4715-b4b8-1f1f435112fa:group-9B37A9B93DD7 changes role from CANDIDATE to FOLLOWER at term 2 for DISCOVERED_A_NEW_TERM
2019-09-09 21:44:48,575 [23a608ef-ac53-4715-b4b8-1f1f435112fa:group-9B37A9B93DD7:LeaderElection15] INFO  impl.RoleInfo (RoleInfo.java:shutdownLeaderElection(134)) - 23a608ef-ac53-4715-b4b8-1f1f435112fa: shutdown LeaderElection
2019-09-09 21:44:48,570 [3b0a2b15-582d-49c4-a3da-93fb894c5d0b:group-9B37A9B93DD7:LeaderElection14] INFO  impl.RoleInfo (RoleInfo.java:shutdownLeaderElection(134)) - 3b0a2b15-582d-49c4-a3da-93fb894c5d0b: shutdown LeaderElection
2019-09-09 21:44:48,577 [23a608ef-ac53-4715-b4b8-1f1f435112fa:group-9B37A9B93DD7:LeaderElection15] INFO  impl.RoleInfo (RoleInfo.java:updateAndGet(143)) - 23a608ef-ac53-4715-b4b8-1f1f435112fa: start FollowerState
2019-09-09 21:44:48,578 [3b0a2b15-582d-49c4-a3da-93fb894c5d0b:group-9B37A9B93DD7:LeaderElection14] INFO  impl.RaftServerImpl (RaftServerImpl.java:setRole(171)) - 3b0a2b15-582d-49c4-a3da-93fb894c5d0b:group-9B37A9B93DD7 changes role from CANDIDATE to LEADER at term 2 for changeToLeader
2019-09-09 21:44:48,578 [3b0a2b15-582d-49c4-a3da-93fb894c5d0b:group-9B37A9B93DD7:LeaderElection14] INFO  impl.RaftServerImpl (ServerState.java:setLeader(263)) - 3b0a2b15-582d-49c4-a3da-93fb894c5d0b:group-9B37A9B93DD7 change Leader from null to 3b0a2b15-582d-49c4-a3da-93fb894c5d0b at term 2 for becomeLeader, leader elected after 10312ms
2019-09-09 21:44:48,580 [3b0a2b15-582d-49c4-a3da-93fb894c5d0b:group-9B37A9B93DD7:LeaderElection14] INFO  server.RaftServerConfigKeys (ConfUtils.java:logGet(43)) - raft.server.staging.catchup.gap = 1000 (default)
2019-09-09 21:44:48,580 [3b0a2b15-582d-49c4-a3da-93fb894c5d0b:group-9B37A9B93DD7:LeaderElection14] INFO  server.RaftServerConfigKeys (ConfUtils.java:logGet(43)) - raft.server.rpc.sleep.time = 25ms (default)
2019-09-09 21:44:48,580 [3b0a2b15-582d-49c4-a3da-93fb894c5d0b:group-9B37A9B93DD7:LeaderElection14] INFO  server.RaftServerConfigKeys (ConfUtils.java:logGet(43)) - raft.server.write.element-limit = 4096 (default)
2019-09-09 21:44:48,581 [3b0a2b15-582d-49c4-a3da-93fb894c5d0b:group-9B37A9B93DD7:LeaderElection14] INFO  server.RaftServerConfigKeys (ConfUtils.java:logGet(43)) - raft.server.watch.timeout = 10s (default)
2019-09-09 21:44:48,581 [3b0a2b15-582d-49c4-a3da-93fb894c5d0b:group-9B37A9B93DD7:LeaderElection14] INFO  server.RaftServerConfigKeys (ConfUtils.java:logGet(43)) - raft.server.watch.timeout.denomination = 1s (default)
2019-09-09 21:44:48,581 [3b0a2b15-582d-49c4-a3da-93fb894c5d0b:group-9B37A9B93DD7:LeaderElection14] INFO  server.RaftServerConfigKeys (ConfUtils.java:logGet(43)) - raft.server.watch.element-limit = 65536 (default)
2019-09-09 21:44:48,585 [3b0a2b15-582d-49c4-a3da-93fb894c5d0b:group-9B37A9B93DD7:LeaderElection14] INFO  server.RaftServerConfigKeys (ConfUtils.java:logGet(43)) - raft.server.log.appender.snapshot.chunk.size.max = 16MB (=16777216) (default)
2019-09-09 21:44:48,585 [3b0a2b15-582d-49c4-a3da-93fb894c5d0b:group-9B37A9B93DD7:LeaderElection14] INFO  server.RaftServerConfigKeys (ConfUtils.java:logGet(43)) - raft.server.log.appender.buffer.byte-limit = 33554432 (custom)
2019-09-09 21:44:48,586 [3b0a2b15-582d-49c4-a3da-93fb894c5d0b:group-9B37A9B93DD7:LeaderElection14] INFO  server.RaftServerConfigKeys (ConfUtils.java:logGet(43)) - raft.server.log.appender.buffer.element-limit = 1 (custom)
2019-09-09 21:44:48,590 [3b0a2b15-582d-49c4-a3da-93fb894c5d0b:group-9B37A9B93DD7:LeaderElection14] INFO  grpc.GrpcConfigKeys$Server (ConfUtils.java:logGet(43)) - raft.grpc.server.leader.outstanding.appends.max = 128 (default)
2019-09-09 21:44:48,590 [3b0a2b15-582d-49c4-a3da-93fb894c5d0b:group-9B37A9B93DD7:LeaderElection14] INFO  server.RaftServerConfigKeys (ConfUtils.java:logGet(43)) - raft.server.rpc.request.timeout = 3000ms (default)
2019-09-09 21:44:48,590 [3b0a2b15-582d-49c4-a3da-93fb894c5d0b:group-9B37A9B93DD7:LeaderElection14] INFO  server.RaftServerConfigKeys (ConfUtils.java:logGet(43)) - raft.server.log.appender.install.snapshot.enabled = false (custom)
2019-09-09 21:44:48,591 [3b0a2b15-582d-49c4-a3da-93fb894c5d0b:group-9B37A9B93DD7:LeaderElection14] INFO  server.RaftServerConfigKeys (ConfUtils.java:logGet(43)) - raft.server.log.appender.snapshot.chunk.size.max = 16MB (=16777216) (default)
2019-09-09 21:44:48,591 [3b0a2b15-582d-49c4-a3da-93fb894c5d0b:group-9B37A9B93DD7:LeaderElection14] INFO  server.RaftServerConfigKeys (ConfUtils.java:logGet(43)) - raft.server.log.appender.buffer.byte-limit = 33554432 (custom)
2019-09-09 21:44:48,591 [3b0a2b15-582d-49c4-a3da-93fb894c5d0b:group-9B37A9B93DD7:LeaderElection14] INFO  server.RaftServerConfigKeys (ConfUtils.java:logGet(43)) - raft.server.log.appender.buffer.element-limit = 1 (custom)
2019-09-09 21:44:48,591 [3b0a2b15-582d-49c4-a3da-93fb894c5d0b:group-9B37A9B93DD7:LeaderElection14] INFO  grpc.GrpcConfigKeys$Server (ConfUtils.java:logGet(43)) - raft.grpc.server.leader.outstanding.appends.max = 128 (default)
2019-09-09 21:44:48,592 [3b0a2b15-582d-49c4-a3da-93fb894c5d0b:group-9B37A9B93DD7:LeaderElection14] INFO  server.RaftServerConfigKeys (ConfUtils.java:logGet(43)) - raft.server.rpc.request.timeout = 3000ms (default)
2019-09-09 21:44:48,592 [3b0a2b15-582d-49c4-a3da-93fb894c5d0b:group-9B37A9B93DD7:LeaderElection14] INFO  server.RaftServerConfigKeys (ConfUtils.java:logGet(43)) - raft.server.log.appender.install.snapshot.enabled = false (custom)
2019-09-09 21:44:48,594 [3b0a2b15-582d-49c4-a3da-93fb894c5d0b:group-9B37A9B93DD7:LeaderElection14] INFO  impl.RoleInfo (RoleInfo.java:updateAndGet(143)) - 3b0a2b15-582d-49c4-a3da-93fb894c5d0b: start LeaderState
2019-09-09 21:44:48,594 [3b0a2b15-582d-49c4-a3da-93fb894c5d0b:group-9B37A9B93DD7:LeaderElection14] INFO  segmented.SegmentedRaftLogWorker (SegmentedRaftLogWorker.java:startLogSegment(380)) - 3b0a2b15-582d-49c4-a3da-93fb894c5d0b-SegmentedRaftLogWorker:Storage Directory /workdir/hadoop-ozone/integration-test/target/test-dir/MiniOzoneClusterImpl-b75b5873-643f-488a-b9f8-130d181fa964/datanode-2/data/ratis/b7a75a62-c606-43bc-b0f1-9b37a9b93dd7: Starting segment from index:0
2019-09-09 21:44:48,595 [3b0a2b15-582d-49c4-a3da-93fb894c5d0b:group-9B37A9B93DD7:LeaderElection14] INFO  impl.RaftServerImpl (ServerState.java:setRaftConf(361)) - 3b0a2b15-582d-49c4-a3da-93fb894c5d0b:group-9B37A9B93DD7 set configuration 0: [23a608ef-ac53-4715-b4b8-1f1f435112fa:192.168.5.143:34835, 3b0a2b15-582d-49c4-a3da-93fb894c5d0b:192.168.5.143:45724, 3bb905b4-e1b5-44cf-bff0-d2acb22bd644:192.168.5.143:36113], old=null at 0
2019-09-09 21:44:48,636 [Thread-331] INFO  impl.FollowerState (FollowerState.java:run(106)) - fbdf3db3-aa74-47af-a58b-928f4cb9f492:group-B0BF68C2A287 changes to CANDIDATE, lastRpcTime:5083, electionTimeout:5056ms
2019-09-09 21:44:48,636 [Thread-331] INFO  impl.RoleInfo (RoleInfo.java:shutdownFollowerState(121)) - fbdf3db3-aa74-47af-a58b-928f4cb9f492: shutdown FollowerState
2019-09-09 21:44:48,636 [Thread-331] INFO  impl.RaftServerImpl (RaftServerImpl.java:setRole(171)) - fbdf3db3-aa74-47af-a58b-928f4cb9f492:group-B0BF68C2A287 changes role from FOLLOWER to CANDIDATE at term 1 for changeToCandidate
2019-09-09 21:44:48,636 [Thread-331] INFO  impl.RoleInfo (RoleInfo.java:updateAndGet(143)) - fbdf3db3-aa74-47af-a58b-928f4cb9f492: start LeaderElection
2019-09-09 21:44:48,654 [Thread-330] INFO  impl.FollowerState (FollowerState.java:run(106)) - 4d79564c-1113-4bdd-af39-002278d0fa77:group-B0BF68C2A287 changes to CANDIDATE, lastRpcTime:5112, electionTimeout:5111ms
2019-09-09 21:44:48,654 [Thread-330] INFO  impl.RoleInfo (RoleInfo.java:shutdownFollowerState(121)) - 4d79564c-1113-4bdd-af39-002278d0fa77: shutdown FollowerState
2019-09-09 21:44:48,654 [Thread-330] INFO  impl.RaftServerImpl (RaftServerImpl.java:setRole(171)) - 4d79564c-1113-4bdd-af39-002278d0fa77:group-B0BF68C2A287 changes role from FOLLOWER to CANDIDATE at term 1 for changeToCandidate
2019-09-09 21:44:48,654 [Thread-330] INFO  impl.RoleInfo (RoleInfo.java:updateAndGet(143)) - 4d79564c-1113-4bdd-af39-002278d0fa77: start LeaderElection
2019-09-09 21:44:48,657 [Thread-332] INFO  impl.FollowerState (FollowerState.java:run(106)) - 32341634-9b92-4130-8eac-3e0d512fb107:group-B0BF68C2A287 changes to CANDIDATE, lastRpcTime:5102, electionTimeout:5101ms
2019-09-09 21:44:48,657 [Thread-332] INFO  impl.RoleInfo (RoleInfo.java:shutdownFollowerState(121)) - 32341634-9b92-4130-8eac-3e0d512fb107: shutdown FollowerState
2019-09-09 21:44:48,657 [Thread-332] INFO  impl.RaftServerImpl (RaftServerImpl.java:setRole(171)) - 32341634-9b92-4130-8eac-3e0d512fb107:group-B0BF68C2A287 changes role from FOLLOWER to CANDIDATE at term 1 for changeToCandidate
2019-09-09 21:44:48,657 [Thread-332] INFO  impl.RoleInfo (RoleInfo.java:updateAndGet(143)) - 32341634-9b92-4130-8eac-3e0d512fb107: start LeaderElection
2019-09-09 21:44:48,667 [3b0a2b15-582d-49c4-a3da-93fb894c5d0b-SegmentedRaftLogWorker:Storage Directory /workdir/hadoop-ozone/integration-test/target/test-dir/MiniOzoneClusterImpl-b75b5873-643f-488a-b9f8-130d181fa964/datanode-2/data/ratis/b7a75a62-c606-43bc-b0f1-9b37a9b93dd7] INFO  segmented.SegmentedRaftLogWorker (SegmentedRaftLogWorker.java:execute(569)) - 3b0a2b15-582d-49c4-a3da-93fb894c5d0b-SegmentedRaftLogWorker:Storage Directory /workdir/hadoop-ozone/integration-test/target/test-dir/MiniOzoneClusterImpl-b75b5873-643f-488a-b9f8-130d181fa964/datanode-2/data/ratis/b7a75a62-c606-43bc-b0f1-9b37a9b93dd7: created new log segment /workdir/hadoop-ozone/integration-test/target/test-dir/MiniOzoneClusterImpl-b75b5873-643f-488a-b9f8-130d181fa964/datanode-2/data/ratis/b7a75a62-c606-43bc-b0f1-9b37a9b93dd7/current/log_inprogress_0
2019-09-09 21:44:48,668 [grpc-default-executor-0] INFO  impl.RaftServerImpl (ServerState.java:setLeader(263)) - 23a608ef-ac53-4715-b4b8-1f1f435112fa:group-9B37A9B93DD7 change Leader from null to 3b0a2b15-582d-49c4-a3da-93fb894c5d0b at term 2 for appendEntries, leader elected after 10402ms
2019-09-09 21:44:48,668 [grpc-default-executor-3] INFO  impl.RaftServerImpl (ServerState.java:setLeader(263)) - 3bb905b4-e1b5-44cf-bff0-d2acb22bd644:group-9B37A9B93DD7 change Leader from null to 3b0a2b15-582d-49c4-a3da-93fb894c5d0b at term 2 for appendEntries, leader elected after 10401ms
2019-09-09 21:44:48,670 [fbdf3db3-aa74-47af-a58b-928f4cb9f492:group-B0BF68C2A287:LeaderElection16] INFO  impl.LeaderElection (LeaderElection.java:askForVotes(181)) - fbdf3db3-aa74-47af-a58b-928f4cb9f492:group-B0BF68C2A287:LeaderElection16: begin an election at term 2 for -1: [4d79564c-1113-4bdd-af39-002278d0fa77:192.168.5.143:38539, 32341634-9b92-4130-8eac-3e0d512fb107:192.168.5.143:40643, fbdf3db3-aa74-47af-a58b-928f4cb9f492:192.168.5.143:39164], old=null
2019-09-09 21:44:48,676 [4d79564c-1113-4bdd-af39-002278d0fa77:group-B0BF68C2A287:LeaderElection17] INFO  impl.LeaderElection (LeaderElection.java:askForVotes(181)) - 4d79564c-1113-4bdd-af39-002278d0fa77:group-B0BF68C2A287:LeaderElection17: begin an election at term 2 for -1: [4d79564c-1113-4bdd-af39-002278d0fa77:192.168.5.143:38539, 32341634-9b92-4130-8eac-3e0d512fb107:192.168.5.143:40643, fbdf3db3-aa74-47af-a58b-928f4cb9f492:192.168.5.143:39164], old=null
2019-09-09 21:44:48,676 [32341634-9b92-4130-8eac-3e0d512fb107:group-B0BF68C2A287:LeaderElection18] INFO  impl.LeaderElection (LeaderElection.java:askForVotes(181)) - 32341634-9b92-4130-8eac-3e0d512fb107:group-B0BF68C2A287:LeaderElection18: begin an election at term 2 for -1: [4d79564c-1113-4bdd-af39-002278d0fa77:192.168.5.143:38539, 32341634-9b92-4130-8eac-3e0d512fb107:192.168.5.143:40643, fbdf3db3-aa74-47af-a58b-928f4cb9f492:192.168.5.143:39164], old=null
2019-09-09 21:44:48,691 [fbdf3db3-aa74-47af-a58b-928f4cb9f492:group-B0BF68C2A287:LeaderElection16] INFO  impl.LeaderElection (LeaderElection.java:logAndReturn(56)) - fbdf3db3-aa74-47af-a58b-928f4cb9f492:group-B0BF68C2A287:LeaderElection16: Election REJECTED; received 2 response(s) [fbdf3db3-aa74-47af-a58b-928f4cb9f492<-4d79564c-1113-4bdd-af39-002278d0fa77#0:FAIL-t2, fbdf3db3-aa74-47af-a58b-928f4cb9f492<-32341634-9b92-4130-8eac-3e0d512fb107#0:FAIL-t2] and 0 exception(s); fbdf3db3-aa74-47af-a58b-928f4cb9f492:t2, leader=null, voted=fbdf3db3-aa74-47af-a58b-928f4cb9f492, raftlog=fbdf3db3-aa74-47af-a58b-928f4cb9f492-SegmentedRaftLog:OPENED:c-1,f-1,i0, conf=-1: [4d79564c-1113-4bdd-af39-002278d0fa77:192.168.5.143:38539, 32341634-9b92-4130-8eac-3e0d512fb107:192.168.5.143:40643, fbdf3db3-aa74-47af-a58b-928f4cb9f492:192.168.5.143:39164], old=null
2019-09-09 21:44:48,695 [fbdf3db3-aa74-47af-a58b-928f4cb9f492:group-B0BF68C2A287:LeaderElection16] INFO  impl.RaftServerImpl (RaftServerImpl.java:setRole(171)) - fbdf3db3-aa74-47af-a58b-928f4cb9f492:group-B0BF68C2A287 changes role from CANDIDATE to FOLLOWER at term 2 for DISCOVERED_A_NEW_TERM
2019-09-09 21:44:48,697 [fbdf3db3-aa74-47af-a58b-928f4cb9f492:group-B0BF68C2A287:LeaderElection16] INFO  impl.RoleInfo (RoleInfo.java:shutdownLeaderElection(134)) - fbdf3db3-aa74-47af-a58b-928f4cb9f492: shutdown LeaderElection
2019-09-09 21:44:48,699 [fbdf3db3-aa74-47af-a58b-928f4cb9f492:group-B0BF68C2A287:LeaderElection16] INFO  impl.RoleInfo (RoleInfo.java:updateAndGet(143)) - fbdf3db3-aa74-47af-a58b-928f4cb9f492: start FollowerState
2019-09-09 21:44:48,717 [4d79564c-1113-4bdd-af39-002278d0fa77:group-B0BF68C2A287:LeaderElection17] INFO  impl.LeaderElection (LeaderElection.java:logAndReturn(56)) - 4d79564c-1113-4bdd-af39-002278d0fa77:group-B0BF68C2A287:LeaderElection17: Election REJECTED; received 2 response(s) [4d79564c-1113-4bdd-af39-002278d0fa77<-32341634-9b92-4130-8eac-3e0d512fb107#0:FAIL-t2, 4d79564c-1113-4bdd-af39-002278d0fa77<-fbdf3db3-aa74-47af-a58b-928f4cb9f492#0:FAIL-t2] and 0 exception(s); 4d79564c-1113-4bdd-af39-002278d0fa77:t2, leader=null, voted=4d79564c-1113-4bdd-af39-002278d0fa77, raftlog=4d79564c-1113-4bdd-af39-002278d0fa77-SegmentedRaftLog:OPENED:c-1,f-1,i0, conf=-1: [4d79564c-1113-4bdd-af39-002278d0fa77:192.168.5.143:38539, 32341634-9b92-4130-8eac-3e0d512fb107:192.168.5.143:40643, fbdf3db3-aa74-47af-a58b-928f4cb9f492:192.168.5.143:39164], old=null
2019-09-09 21:44:48,723 [4d79564c-1113-4bdd-af39-002278d0fa77:group-B0BF68C2A287:LeaderElection17] INFO  impl.RaftServerImpl (RaftServerImpl.java:setRole(171)) - 4d79564c-1113-4bdd-af39-002278d0fa77:group-B0BF68C2A287 changes role from CANDIDATE to FOLLOWER at term 2 for DISCOVERED_A_NEW_TERM
2019-09-09 21:44:48,724 [4d79564c-1113-4bdd-af39-002278d0fa77:group-B0BF68C2A287:LeaderElection17] INFO  impl.RoleInfo (RoleInfo.java:shutdownLeaderElection(134)) - 4d79564c-1113-4bdd-af39-002278d0fa77: shutdown LeaderElection
2019-09-09 21:44:48,727 [4d79564c-1113-4bdd-af39-002278d0fa77:group-B0BF68C2A287:LeaderElection17] INFO  impl.RoleInfo (RoleInfo.java:updateAndGet(143)) - 4d79564c-1113-4bdd-af39-002278d0fa77: start FollowerState
2019-09-09 21:44:48,729 [32341634-9b92-4130-8eac-3e0d512fb107:group-B0BF68C2A287:LeaderElection18] INFO  impl.LeaderElection (LeaderElection.java:logAndReturn(56)) - 32341634-9b92-4130-8eac-3e0d512fb107:group-B0BF68C2A287:LeaderElection18: Election REJECTED; received 2 response(s) [32341634-9b92-4130-8eac-3e0d512fb107<-4d79564c-1113-4bdd-af39-002278d0fa77#0:FAIL-t2, 32341634-9b92-4130-8eac-3e0d512fb107<-fbdf3db3-aa74-47af-a58b-928f4cb9f492#0:FAIL-t2] and 0 exception(s); 32341634-9b92-4130-8eac-3e0d512fb107:t2, leader=null, voted=32341634-9b92-4130-8eac-3e0d512fb107, raftlog=32341634-9b92-4130-8eac-3e0d512fb107-SegmentedRaftLog:OPENED:c-1,f-1,i0, conf=-1: [4d79564c-1113-4bdd-af39-002278d0fa77:192.168.5.143:38539, 32341634-9b92-4130-8eac-3e0d512fb107:192.168.5.143:40643, fbdf3db3-aa74-47af-a58b-928f4cb9f492:192.168.5.143:39164], old=null
2019-09-09 21:44:48,729 [32341634-9b92-4130-8eac-3e0d512fb107:group-B0BF68C2A287:LeaderElection18] INFO  impl.RaftServerImpl (RaftServerImpl.java:setRole(171)) - 32341634-9b92-4130-8eac-3e0d512fb107:group-B0BF68C2A287 changes role from CANDIDATE to FOLLOWER at term 2 for DISCOVERED_A_NEW_TERM
2019-09-09 21:44:48,731 [32341634-9b92-4130-8eac-3e0d512fb107:group-B0BF68C2A287:LeaderElection18] INFO  impl.RoleInfo (RoleInfo.java:shutdownLeaderElection(134)) - 32341634-9b92-4130-8eac-3e0d512fb107: shutdown LeaderElection
2019-09-09 21:44:48,731 [32341634-9b92-4130-8eac-3e0d512fb107:group-B0BF68C2A287:LeaderElection18] INFO  impl.RoleInfo (RoleInfo.java:updateAndGet(143)) - 32341634-9b92-4130-8eac-3e0d512fb107: start FollowerState
2019-09-09 21:44:48,753 [grpc-default-executor-0] INFO  impl.RaftServerImpl (ServerState.java:setRaftConf(361)) - 23a608ef-ac53-4715-b4b8-1f1f435112fa:group-9B37A9B93DD7 set configuration 0: [23a608ef-ac53-4715-b4b8-1f1f435112fa:192.168.5.143:34835, 3b0a2b15-582d-49c4-a3da-93fb894c5d0b:192.168.5.143:45724, 3bb905b4-e1b5-44cf-bff0-d2acb22bd644:192.168.5.143:36113], old=null at 0
2019-09-09 21:44:48,753 [grpc-default-executor-3] INFO  impl.RaftServerImpl (ServerState.java:setRaftConf(361)) - 3bb905b4-e1b5-44cf-bff0-d2acb22bd644:group-9B37A9B93DD7 set configuration 0: [23a608ef-ac53-4715-b4b8-1f1f435112fa:192.168.5.143:34835, 3b0a2b15-582d-49c4-a3da-93fb894c5d0b:192.168.5.143:45724, 3bb905b4-e1b5-44cf-bff0-d2acb22bd644:192.168.5.143:36113], old=null at 0
2019-09-09 21:44:48,753 [grpc-default-executor-0] INFO  segmented.SegmentedRaftLogWorker (SegmentedRaftLogWorker.java:startLogSegment(380)) - 23a608ef-ac53-4715-b4b8-1f1f435112fa-SegmentedRaftLogWorker:Storage Directory /workdir/hadoop-ozone/integration-test/target/test-dir/MiniOzoneClusterImpl-b75b5873-643f-488a-b9f8-130d181fa964/datanode-5/data/ratis/b7a75a62-c606-43bc-b0f1-9b37a9b93dd7: Starting segment from index:0
2019-09-09 21:44:48,754 [grpc-default-executor-3] INFO  segmented.SegmentedRaftLogWorker (SegmentedRaftLogWorker.java:startLogSegment(380)) - 3bb905b4-e1b5-44cf-bff0-d2acb22bd644-SegmentedRaftLogWorker:Storage Directory /workdir/hadoop-ozone/integration-test/target/test-dir/MiniOzoneClusterImpl-b75b5873-643f-488a-b9f8-130d181fa964/datanode-6/data/ratis/b7a75a62-c606-43bc-b0f1-9b37a9b93dd7: Starting segment from index:0
2019-09-09 21:44:48,806 [23a608ef-ac53-4715-b4b8-1f1f435112fa-SegmentedRaftLogWorker:Storage Directory /workdir/hadoop-ozone/integration-test/target/test-dir/MiniOzoneClusterImpl-b75b5873-643f-488a-b9f8-130d181fa964/datanode-5/data/ratis/b7a75a62-c606-43bc-b0f1-9b37a9b93dd7] INFO  segmented.SegmentedRaftLogWorker (SegmentedRaftLogWorker.java:execute(569)) - 23a608ef-ac53-4715-b4b8-1f1f435112fa-SegmentedRaftLogWorker:Storage Directory /workdir/hadoop-ozone/integration-test/target/test-dir/MiniOzoneClusterImpl-b75b5873-643f-488a-b9f8-130d181fa964/datanode-5/data/ratis/b7a75a62-c606-43bc-b0f1-9b37a9b93dd7: created new log segment /workdir/hadoop-ozone/integration-test/target/test-dir/MiniOzoneClusterImpl-b75b5873-643f-488a-b9f8-130d181fa964/datanode-5/data/ratis/b7a75a62-c606-43bc-b0f1-9b37a9b93dd7/current/log_inprogress_0
2019-09-09 21:44:48,806 [3bb905b4-e1b5-44cf-bff0-d2acb22bd644-SegmentedRaftLogWorker:Storage Directory /workdir/hadoop-ozone/integration-test/target/test-dir/MiniOzoneClusterImpl-b75b5873-643f-488a-b9f8-130d181fa964/datanode-6/data/ratis/b7a75a62-c606-43bc-b0f1-9b37a9b93dd7] INFO  segmented.SegmentedRaftLogWorker (SegmentedRaftLogWorker.java:execute(569)) - 3bb905b4-e1b5-44cf-bff0-d2acb22bd644-SegmentedRaftLogWorker:Storage Directory /workdir/hadoop-ozone/integration-test/target/test-dir/MiniOzoneClusterImpl-b75b5873-643f-488a-b9f8-130d181fa964/datanode-6/data/ratis/b7a75a62-c606-43bc-b0f1-9b37a9b93dd7: created new log segment /workdir/hadoop-ozone/integration-test/target/test-dir/MiniOzoneClusterImpl-b75b5873-643f-488a-b9f8-130d181fa964/datanode-6/data/ratis/b7a75a62-c606-43bc-b0f1-9b37a9b93dd7/current/log_inprogress_0
2019-09-09 21:44:48,861 [grpc-default-executor-3] INFO  client.GrpcClientProtocolClient (GrpcClientProtocolClient.java:onNext(255)) - client-4BA0F8282A63->3bb905b4-e1b5-44cf-bff0-d2acb22bd644: receive RaftClientReply:client-4BA0F8282A63->3bb905b4-e1b5-44cf-bff0-d2acb22bd644@group-9B37A9B93DD7, cid=13, FAILED org.apache.ratis.protocol.NotLeaderException: Server 3bb905b4-e1b5-44cf-bff0-d2acb22bd644 is not the leader (3b0a2b15-582d-49c4-a3da-93fb894c5d0b:192.168.5.143:45724). Request must be sent to leader., logIndex=0, commits[3bb905b4-e1b5-44cf-bff0-d2acb22bd644:c0, 23a608ef-ac53-4715-b4b8-1f1f435112fa:c-1, 3b0a2b15-582d-49c4-a3da-93fb894c5d0b:c0]
2019-09-09 21:44:49,159 [grpc-default-executor-0] INFO  client.GrpcClientProtocolClient (GrpcClientProtocolClient.java:onNext(255)) - client-4BA0F8282A63->3b0a2b15-582d-49c4-a3da-93fb894c5d0b: receive RaftClientReply:client-4BA0F8282A63->3b0a2b15-582d-49c4-a3da-93fb894c5d0b@group-9B37A9B93DD7, cid=13, SUCCESS, logIndex=1, commits[3b0a2b15-582d-49c4-a3da-93fb894c5d0b:c1, 23a608ef-ac53-4715-b4b8-1f1f435112fa:c0, 3bb905b4-e1b5-44cf-bff0-d2acb22bd644:c0]
2019-09-09 21:44:49,200 [grpc-default-executor-5] INFO  client.GrpcClientProtocolClient (GrpcClientProtocolClient.java:onNext(255)) - client-4BA0F8282A63->3b0a2b15-582d-49c4-a3da-93fb894c5d0b: receive RaftClientReply:client-4BA0F8282A63->3b0a2b15-582d-49c4-a3da-93fb894c5d0b@group-9B37A9B93DD7, cid=14, SUCCESS, logIndex=3, commits[3b0a2b15-582d-49c4-a3da-93fb894c5d0b:c3, 23a608ef-ac53-4715-b4b8-1f1f435112fa:c2, 3bb905b4-e1b5-44cf-bff0-d2acb22bd644:c2]
2019-09-09 21:44:49,305 [grpc-default-executor-1] INFO  client.GrpcClientProtocolClient (GrpcClientProtocolClient.java:onNext(255)) - client-4BA0F8282A63->3b0a2b15-582d-49c4-a3da-93fb894c5d0b: receive RaftClientReply:client-4BA0F8282A63->3b0a2b15-582d-49c4-a3da-93fb894c5d0b@group-9B37A9B93DD7, cid=15, SUCCESS, logIndex=4, commits[3b0a2b15-582d-49c4-a3da-93fb894c5d0b:c12, 23a608ef-ac53-4715-b4b8-1f1f435112fa:c8, 3bb905b4-e1b5-44cf-bff0-d2acb22bd644:c8]
2019-09-09 21:44:49,308 [grpc-default-executor-1] INFO  client.GrpcClientProtocolClient (GrpcClientProtocolClient.java:onNext(255)) - client-4BA0F8282A63->3b0a2b15-582d-49c4-a3da-93fb894c5d0b: receive RaftClientReply:client-4BA0F8282A63->3b0a2b15-582d-49c4-a3da-93fb894c5d0b@group-9B37A9B93DD7, cid=16, SUCCESS, logIndex=5, commits[3b0a2b15-582d-49c4-a3da-93fb894c5d0b:c12, 23a608ef-ac53-4715-b4b8-1f1f435112fa:c8, 3bb905b4-e1b5-44cf-bff0-d2acb22bd644:c8]
2019-09-09 21:44:49,309 [grpc-default-executor-1] INFO  client.GrpcClientProtocolClient (GrpcClientProtocolClient.java:onNext(255)) - client-4BA0F8282A63->3b0a2b15-582d-49c4-a3da-93fb894c5d0b: receive RaftClientReply:client-4BA0F8282A63->3b0a2b15-582d-49c4-a3da-93fb894c5d0b@group-9B37A9B93DD7, cid=17, SUCCESS, logIndex=6, commits[3b0a2b15-582d-49c4-a3da-93fb894c5d0b:c12, 23a608ef-ac53-4715-b4b8-1f1f435112fa:c8, 3bb905b4-e1b5-44cf-bff0-d2acb22bd644:c8]
2019-09-09 21:44:49,423 [grpc-default-executor-1] INFO  client.GrpcClientProtocolClient (GrpcClientProtocolClient.java:onNext(255)) - client-4BA0F8282A63->3b0a2b15-582d-49c4-a3da-93fb894c5d0b: receive RaftClientReply:client-4BA0F8282A63->3b0a2b15-582d-49c4-a3da-93fb894c5d0b@group-9B37A9B93DD7, cid=18, SUCCESS, logIndex=7, commits[3b0a2b15-582d-49c4-a3da-93fb894c5d0b:c12, 23a608ef-ac53-4715-b4b8-1f1f435112fa:c8, 3bb905b4-e1b5-44cf-bff0-d2acb22bd644:c8]
2019-09-09 21:44:49,456 [grpc-default-executor-1] INFO  client.GrpcClientProtocolClient (GrpcClientProtocolClient.java:onNext(255)) - client-4BA0F8282A63->3b0a2b15-582d-49c4-a3da-93fb894c5d0b: receive RaftClientReply:client-4BA0F8282A63->3b0a2b15-582d-49c4-a3da-93fb894c5d0b@group-9B37A9B93DD7, cid=19, SUCCESS, logIndex=13, commits[3b0a2b15-582d-49c4-a3da-93fb894c5d0b:c13, 23a608ef-ac53-4715-b4b8-1f1f435112fa:c12, 3bb905b4-e1b5-44cf-bff0-d2acb22bd644:c12]
2019-09-09 21:44:49,457 [grpc-default-executor-1] INFO  client.GrpcClientProtocolClient (GrpcClientProtocolClient.java:onNext(255)) - client-4BA0F8282A63->3b0a2b15-582d-49c4-a3da-93fb894c5d0b: receive RaftClientReply:client-4BA0F8282A63->3b0a2b15-582d-49c4-a3da-93fb894c5d0b@group-9B37A9B93DD7, cid=20, SUCCESS, logIndex=14, commits[3b0a2b15-582d-49c4-a3da-93fb894c5d0b:c14, 23a608ef-ac53-4715-b4b8-1f1f435112fa:c12, 3bb905b4-e1b5-44cf-bff0-d2acb22bd644:c12]
2019-09-09 21:44:50,481 [main] WARN  scm.XceiverClientRatis (XceiverClientRatis.java:watchForCommit(262)) - 3 way commit failed on pipeline Pipeline[ Id: b7a75a62-c606-43bc-b0f1-9b37a9b93dd7, Nodes: 3b0a2b15-582d-49c4-a3da-93fb894c5d0b{ip: 192.168.5.143, host: pr-hdds-2007-bxrz5-4054259085, networkLocation: /default-rack, certSerialId: null}23a608ef-ac53-4715-b4b8-1f1f435112fa{ip: 192.168.5.143, host: pr-hdds-2007-bxrz5-4054259085, networkLocation: /default-rack, certSerialId: null}3bb905b4-e1b5-44cf-bff0-d2acb22bd644{ip: 192.168.5.143, host: pr-hdds-2007-bxrz5-4054259085, networkLocation: /default-rack, certSerialId: null}, Type:RATIS, Factor:THREE, State:OPEN]
java.util.concurrent.TimeoutException
	at java.util.concurrent.CompletableFuture.timedGet(CompletableFuture.java:1771)
	at java.util.concurrent.CompletableFuture.get(CompletableFuture.java:1915)
	at org.apache.hadoop.hdds.scm.XceiverClientRatis.watchForCommit(XceiverClientRatis.java:259)
	at org.apache.hadoop.hdds.scm.storage.CommitWatcher.watchForCommit(CommitWatcher.java:194)
	at org.apache.hadoop.hdds.scm.storage.CommitWatcher.watchOnLastIndex(CommitWatcher.java:157)
	at org.apache.hadoop.hdds.scm.storage.BlockOutputStream.watchForCommit(BlockOutputStream.java:347)
	at org.apache.hadoop.hdds.scm.storage.BlockOutputStream.handleFlush(BlockOutputStream.java:479)
	at org.apache.hadoop.hdds.scm.storage.BlockOutputStream.flush(BlockOutputStream.java:428)
	at org.apache.hadoop.ozone.client.io.BlockOutputStreamEntry.flush(BlockOutputStreamEntry.java:136)
	at org.apache.hadoop.ozone.client.io.KeyOutputStream.handleFlushOrClose(KeyOutputStream.java:442)
	at org.apache.hadoop.ozone.client.io.KeyOutputStream.flush(KeyOutputStream.java:396)
	at org.apache.hadoop.ozone.client.io.OzoneOutputStream.flush(OzoneOutputStream.java:54)
	at org.apache.hadoop.ozone.client.rpc.TestBlockOutputStreamWithFailures.test2DatanodesFailure(TestBlockOutputStreamWithFailures.java:461)
	at sun.reflect.NativeMethodAccessorImpl.invoke0(Native Method)
	at sun.reflect.NativeMethodAccessorImpl.invoke(NativeMethodAccessorImpl.java:62)
	at sun.reflect.DelegatingMethodAccessorImpl.invoke(DelegatingMethodAccessorImpl.java:43)
	at java.lang.reflect.Method.invoke(Method.java:498)
	at org.junit.runners.model.FrameworkMethod$1.runReflectiveCall(FrameworkMethod.java:47)
	at org.junit.internal.runners.model.ReflectiveCallable.run(ReflectiveCallable.java:12)
	at org.junit.runners.model.FrameworkMethod.invokeExplosively(FrameworkMethod.java:44)
	at org.junit.internal.runners.statements.InvokeMethod.evaluate(InvokeMethod.java:17)
	at org.junit.internal.runners.statements.RunBefores.evaluate(RunBefores.java:26)
	at org.junit.internal.runners.statements.RunAfters.evaluate(RunAfters.java:27)
	at org.junit.runners.ParentRunner.runLeaf(ParentRunner.java:271)
	at org.junit.runners.BlockJUnit4ClassRunner.runChild(BlockJUnit4ClassRunner.java:70)
	at org.junit.runners.BlockJUnit4ClassRunner.runChild(BlockJUnit4ClassRunner.java:50)
	at org.junit.runners.ParentRunner$3.run(ParentRunner.java:238)
	at org.junit.runners.ParentRunner$1.schedule(ParentRunner.java:63)
	at org.junit.runners.ParentRunner.runChildren(ParentRunner.java:236)
	at org.junit.runners.ParentRunner.access$000(ParentRunner.java:53)
	at org.junit.runners.ParentRunner$2.evaluate(ParentRunner.java:229)
	at org.junit.runners.ParentRunner.run(ParentRunner.java:309)
	at org.apache.maven.surefire.junit4.JUnit4Provider.execute(JUnit4Provider.java:365)
	at org.apache.maven.surefire.junit4.JUnit4Provider.executeWithRerun(JUnit4Provider.java:273)
	at org.apache.maven.surefire.junit4.JUnit4Provider.executeTestSet(JUnit4Provider.java:238)
	at org.apache.maven.surefire.junit4.JUnit4Provider.invoke(JUnit4Provider.java:159)
	at org.apache.maven.surefire.booter.ForkedBooter.invokeProviderInSameClassLoader(ForkedBooter.java:384)
	at org.apache.maven.surefire.booter.ForkedBooter.runSuitesInProcess(ForkedBooter.java:345)
	at org.apache.maven.surefire.booter.ForkedBooter.execute(ForkedBooter.java:126)
	at org.apache.maven.surefire.booter.ForkedBooter.main(ForkedBooter.java:418)
2019-09-09 21:44:51,485 [main] WARN  storage.CommitWatcher (CommitWatcher.java:watchForCommit(203)) - watchForCommit failed for index 14
java.util.concurrent.TimeoutException
	at java.util.concurrent.CompletableFuture.timedGet(CompletableFuture.java:1771)
	at java.util.concurrent.CompletableFuture.get(CompletableFuture.java:1915)
	at org.apache.hadoop.hdds.scm.XceiverClientRatis.watchForCommit(XceiverClientRatis.java:268)
	at org.apache.hadoop.hdds.scm.storage.CommitWatcher.watchForCommit(CommitWatcher.java:194)
	at org.apache.hadoop.hdds.scm.storage.CommitWatcher.watchOnLastIndex(CommitWatcher.java:157)
	at org.apache.hadoop.hdds.scm.storage.BlockOutputStream.watchForCommit(BlockOutputStream.java:347)
	at org.apache.hadoop.hdds.scm.storage.BlockOutputStream.handleFlush(BlockOutputStream.java:479)
	at org.apache.hadoop.hdds.scm.storage.BlockOutputStream.flush(BlockOutputStream.java:428)
	at org.apache.hadoop.ozone.client.io.BlockOutputStreamEntry.flush(BlockOutputStreamEntry.java:136)
	at org.apache.hadoop.ozone.client.io.KeyOutputStream.handleFlushOrClose(KeyOutputStream.java:442)
	at org.apache.hadoop.ozone.client.io.KeyOutputStream.flush(KeyOutputStream.java:396)
	at org.apache.hadoop.ozone.client.io.OzoneOutputStream.flush(OzoneOutputStream.java:54)
	at org.apache.hadoop.ozone.client.rpc.TestBlockOutputStreamWithFailures.test2DatanodesFailure(TestBlockOutputStreamWithFailures.java:461)
	at sun.reflect.NativeMethodAccessorImpl.invoke0(Native Method)
	at sun.reflect.NativeMethodAccessorImpl.invoke(NativeMethodAccessorImpl.java:62)
	at sun.reflect.DelegatingMethodAccessorImpl.invoke(DelegatingMethodAccessorImpl.java:43)
	at java.lang.reflect.Method.invoke(Method.java:498)
	at org.junit.runners.model.FrameworkMethod$1.runReflectiveCall(FrameworkMethod.java:47)
	at org.junit.internal.runners.model.ReflectiveCallable.run(ReflectiveCallable.java:12)
	at org.junit.runners.model.FrameworkMethod.invokeExplosively(FrameworkMethod.java:44)
	at org.junit.internal.runners.statements.InvokeMethod.evaluate(InvokeMethod.java:17)
	at org.junit.internal.runners.statements.RunBefores.evaluate(RunBefores.java:26)
	at org.junit.internal.runners.statements.RunAfters.evaluate(RunAfters.java:27)
	at org.junit.runners.ParentRunner.runLeaf(ParentRunner.java:271)
	at org.junit.runners.BlockJUnit4ClassRunner.runChild(BlockJUnit4ClassRunner.java:70)
	at org.junit.runners.BlockJUnit4ClassRunner.runChild(BlockJUnit4ClassRunner.java:50)
	at org.junit.runners.ParentRunner$3.run(ParentRunner.java:238)
	at org.junit.runners.ParentRunner$1.schedule(ParentRunner.java:63)
	at org.junit.runners.ParentRunner.runChildren(ParentRunner.java:236)
	at org.junit.runners.ParentRunner.access$000(ParentRunner.java:53)
	at org.junit.runners.ParentRunner$2.evaluate(ParentRunner.java:229)
	at org.junit.runners.ParentRunner.run(ParentRunner.java:309)
	at org.apache.maven.surefire.junit4.JUnit4Provider.execute(JUnit4Provider.java:365)
	at org.apache.maven.surefire.junit4.JUnit4Provider.executeWithRerun(JUnit4Provider.java:273)
	at org.apache.maven.surefire.junit4.JUnit4Provider.executeTestSet(JUnit4Provider.java:238)
	at org.apache.maven.surefire.junit4.JUnit4Provider.invoke(JUnit4Provider.java:159)
	at org.apache.maven.surefire.booter.ForkedBooter.invokeProviderInSameClassLoader(ForkedBooter.java:384)
	at org.apache.maven.surefire.booter.ForkedBooter.runSuitesInProcess(ForkedBooter.java:345)
	at org.apache.maven.surefire.booter.ForkedBooter.execute(ForkedBooter.java:126)
	at org.apache.maven.surefire.booter.ForkedBooter.main(ForkedBooter.java:418)
2019-09-09 21:44:51,487 [main] WARN  io.KeyOutputStream (KeyOutputStream.java:handleException(276)) - Encountered exception java.io.IOException: Unexpected Storage Container Exception: java.io.IOException: Unexpected Storage Container Exception: java.util.concurrent.TimeoutException on the pipeline Pipeline[ Id: b7a75a62-c606-43bc-b0f1-9b37a9b93dd7, Nodes: 3b0a2b15-582d-49c4-a3da-93fb894c5d0b{ip: 192.168.5.143, host: pr-hdds-2007-bxrz5-4054259085, networkLocation: /default-rack, certSerialId: null}23a608ef-ac53-4715-b4b8-1f1f435112fa{ip: 192.168.5.143, host: pr-hdds-2007-bxrz5-4054259085, networkLocation: /default-rack, certSerialId: null}3bb905b4-e1b5-44cf-bff0-d2acb22bd644{ip: 192.168.5.143, host: pr-hdds-2007-bxrz5-4054259085, networkLocation: /default-rack, certSerialId: null}, Type:RATIS, Factor:THREE, State:OPEN]. The last committed block length is 400, uncommitted data length is 50 retry count 0
2019-09-09 21:44:51,548 [grpc-default-executor-0] INFO  client.GrpcClientProtocolClient (GrpcClientProtocolClient.java:onNext(255)) - client-CB6D22DF12AA->4d79564c-1113-4bdd-af39-002278d0fa77: receive RaftClientReply:client-CB6D22DF12AA->4d79564c-1113-4bdd-af39-002278d0fa77@group-B0BF68C2A287, cid=23, FAILED org.apache.ratis.protocol.NotLeaderException: Server 4d79564c-1113-4bdd-af39-002278d0fa77 is not the leader (null). Request must be sent to leader., logIndex=0, commits[4d79564c-1113-4bdd-af39-002278d0fa77:c-1]
2019-09-09 21:44:51,992 [grpc-default-executor-1] INFO  client.GrpcClientProtocolClient (GrpcClientProtocolClient.java:onNext(255)) - client-4BA0F8282A63->3b0a2b15-582d-49c4-a3da-93fb894c5d0b: receive RaftClientReply:client-4BA0F8282A63->3b0a2b15-582d-49c4-a3da-93fb894c5d0b@group-9B37A9B93DD7, cid=22, SUCCESS, logIndex=0, commits[3b0a2b15-582d-49c4-a3da-93fb894c5d0b:c16, 23a608ef-ac53-4715-b4b8-1f1f435112fa:c16, 3bb905b4-e1b5-44cf-bff0-d2acb22bd644:c12]
2019-09-09 21:44:51,993 [grpc-default-executor-1] INFO  client.GrpcClientProtocolClient (GrpcClientProtocolClient.java:onNext(255)) - client-4BA0F8282A63->3b0a2b15-582d-49c4-a3da-93fb894c5d0b: receive RaftClientReply:client-4BA0F8282A63->3b0a2b15-582d-49c4-a3da-93fb894c5d0b@group-9B37A9B93DD7, cid=21, SUCCESS, logIndex=0, commits[3b0a2b15-582d-49c4-a3da-93fb894c5d0b:c16, 23a608ef-ac53-4715-b4b8-1f1f435112fa:c16, 3bb905b4-e1b5-44cf-bff0-d2acb22bd644:c16]
2019-09-09 21:44:52,577 [grpc-default-executor-1] INFO  client.GrpcClientProtocolClient (GrpcClientProtocolClient.java:onNext(255)) - client-CB6D22DF12AA->32341634-9b92-4130-8eac-3e0d512fb107: receive RaftClientReply:client-CB6D22DF12AA->32341634-9b92-4130-8eac-3e0d512fb107@group-B0BF68C2A287, cid=23, FAILED org.apache.ratis.protocol.NotLeaderException: Server 32341634-9b92-4130-8eac-3e0d512fb107 is not the leader (null). Request must be sent to leader., logIndex=0, commits[32341634-9b92-4130-8eac-3e0d512fb107:c-1]
2019-09-09 21:44:53,609 [grpc-default-executor-0] INFO  client.GrpcClientProtocolClient (GrpcClientProtocolClient.java:onNext(255)) - client-CB6D22DF12AA->fbdf3db3-aa74-47af-a58b-928f4cb9f492: receive RaftClientReply:client-CB6D22DF12AA->fbdf3db3-aa74-47af-a58b-928f4cb9f492@group-B0BF68C2A287, cid=23, FAILED org.apache.ratis.protocol.NotLeaderException: Server fbdf3db3-aa74-47af-a58b-928f4cb9f492 is not the leader (null). Request must be sent to leader., logIndex=0, commits[fbdf3db3-aa74-47af-a58b-928f4cb9f492:c-1]
2019-09-09 21:44:53,720 [Thread-372] INFO  impl.FollowerState (FollowerState.java:run(106)) - fbdf3db3-aa74-47af-a58b-928f4cb9f492:group-B0BF68C2A287 changes to CANDIDATE, lastRpcTime:5021, electionTimeout:5018ms
2019-09-09 21:44:53,721 [Thread-372] INFO  impl.RoleInfo (RoleInfo.java:shutdownFollowerState(121)) - fbdf3db3-aa74-47af-a58b-928f4cb9f492: shutdown FollowerState
2019-09-09 21:44:53,721 [Thread-372] INFO  impl.RaftServerImpl (RaftServerImpl.java:setRole(171)) - fbdf3db3-aa74-47af-a58b-928f4cb9f492:group-B0BF68C2A287 changes role from FOLLOWER to CANDIDATE at term 2 for changeToCandidate
2019-09-09 21:44:53,721 [Thread-372] INFO  impl.RoleInfo (RoleInfo.java:updateAndGet(143)) - fbdf3db3-aa74-47af-a58b-928f4cb9f492: start LeaderElection
2019-09-09 21:44:53,750 [fbdf3db3-aa74-47af-a58b-928f4cb9f492:group-B0BF68C2A287:LeaderElection19] INFO  impl.LeaderElection (LeaderElection.java:askForVotes(181)) - fbdf3db3-aa74-47af-a58b-928f4cb9f492:group-B0BF68C2A287:LeaderElection19: begin an election at term 3 for -1: [4d79564c-1113-4bdd-af39-002278d0fa77:192.168.5.143:38539, 32341634-9b92-4130-8eac-3e0d512fb107:192.168.5.143:40643, fbdf3db3-aa74-47af-a58b-928f4cb9f492:192.168.5.143:39164], old=null
2019-09-09 21:44:53,755 [grpc-default-executor-1] INFO  impl.RaftServerImpl (RaftServerImpl.java:setRole(171)) - 32341634-9b92-4130-8eac-3e0d512fb107:group-B0BF68C2A287 changes role from FOLLOWER to FOLLOWER at term 3 for recognizeCandidate:fbdf3db3-aa74-47af-a58b-928f4cb9f492
2019-09-09 21:44:53,755 [grpc-default-executor-0] INFO  impl.RaftServerImpl (RaftServerImpl.java:setRole(171)) - 4d79564c-1113-4bdd-af39-002278d0fa77:group-B0BF68C2A287 changes role from FOLLOWER to FOLLOWER at term 3 for recognizeCandidate:fbdf3db3-aa74-47af-a58b-928f4cb9f492
2019-09-09 21:44:53,755 [grpc-default-executor-1] INFO  impl.RoleInfo (RoleInfo.java:shutdownFollowerState(121)) - 32341634-9b92-4130-8eac-3e0d512fb107: shutdown FollowerState
2019-09-09 21:44:53,755 [grpc-default-executor-0] INFO  impl.RoleInfo (RoleInfo.java:shutdownFollowerState(121)) - 4d79564c-1113-4bdd-af39-002278d0fa77: shutdown FollowerState
2019-09-09 21:44:53,756 [grpc-default-executor-1] INFO  impl.RoleInfo (RoleInfo.java:updateAndGet(143)) - 32341634-9b92-4130-8eac-3e0d512fb107: start FollowerState
2019-09-09 21:44:53,756 [grpc-default-executor-0] INFO  impl.RoleInfo (RoleInfo.java:updateAndGet(143)) - 4d79564c-1113-4bdd-af39-002278d0fa77: start FollowerState
2019-09-09 21:44:53,756 [Thread-374] INFO  impl.FollowerState (FollowerState.java:run(114)) - 32341634-9b92-4130-8eac-3e0d512fb107: FollowerState was interrupted: java.lang.InterruptedException: sleep interrupted
2019-09-09 21:44:53,757 [Thread-373] INFO  impl.FollowerState (FollowerState.java:run(114)) - 4d79564c-1113-4bdd-af39-002278d0fa77: FollowerState was interrupted: java.lang.InterruptedException: sleep interrupted
2019-09-09 21:44:53,772 [fbdf3db3-aa74-47af-a58b-928f4cb9f492:group-B0BF68C2A287:LeaderElection19] INFO  impl.LeaderElection (LeaderElection.java:logAndReturn(56)) - fbdf3db3-aa74-47af-a58b-928f4cb9f492:group-B0BF68C2A287:LeaderElection19: Election PASSED; received 1 response(s) [fbdf3db3-aa74-47af-a58b-928f4cb9f492<-32341634-9b92-4130-8eac-3e0d512fb107#0:OK-t3] and 0 exception(s); fbdf3db3-aa74-47af-a58b-928f4cb9f492:t3, leader=null, voted=fbdf3db3-aa74-47af-a58b-928f4cb9f492, raftlog=fbdf3db3-aa74-47af-a58b-928f4cb9f492-SegmentedRaftLog:OPENED:c-1,f-1,i0, conf=-1: [4d79564c-1113-4bdd-af39-002278d0fa77:192.168.5.143:38539, 32341634-9b92-4130-8eac-3e0d512fb107:192.168.5.143:40643, fbdf3db3-aa74-47af-a58b-928f4cb9f492:192.168.5.143:39164], old=null
2019-09-09 21:44:53,772 [fbdf3db3-aa74-47af-a58b-928f4cb9f492:group-B0BF68C2A287:LeaderElection19] INFO  impl.RoleInfo (RoleInfo.java:shutdownLeaderElection(134)) - fbdf3db3-aa74-47af-a58b-928f4cb9f492: shutdown LeaderElection
2019-09-09 21:44:53,774 [fbdf3db3-aa74-47af-a58b-928f4cb9f492:group-B0BF68C2A287:LeaderElection19] INFO  impl.RaftServerImpl (RaftServerImpl.java:setRole(171)) - fbdf3db3-aa74-47af-a58b-928f4cb9f492:group-B0BF68C2A287 changes role from CANDIDATE to LEADER at term 3 for changeToLeader
2019-09-09 21:44:53,775 [fbdf3db3-aa74-47af-a58b-928f4cb9f492:group-B0BF68C2A287:LeaderElection19] INFO  impl.RaftServerImpl (ServerState.java:setLeader(263)) - fbdf3db3-aa74-47af-a58b-928f4cb9f492:group-B0BF68C2A287 change Leader from null to fbdf3db3-aa74-47af-a58b-928f4cb9f492 at term 3 for becomeLeader, leader elected after 15374ms
2019-09-09 21:44:53,775 [fbdf3db3-aa74-47af-a58b-928f4cb9f492:group-B0BF68C2A287:LeaderElection19] INFO  server.RaftServerConfigKeys (ConfUtils.java:logGet(43)) - raft.server.staging.catchup.gap = 1000 (default)
2019-09-09 21:44:53,775 [fbdf3db3-aa74-47af-a58b-928f4cb9f492:group-B0BF68C2A287:LeaderElection19] INFO  server.RaftServerConfigKeys (ConfUtils.java:logGet(43)) - raft.server.rpc.sleep.time = 25ms (default)
2019-09-09 21:44:53,775 [fbdf3db3-aa74-47af-a58b-928f4cb9f492:group-B0BF68C2A287:LeaderElection19] INFO  server.RaftServerConfigKeys (ConfUtils.java:logGet(43)) - raft.server.write.element-limit = 4096 (default)
2019-09-09 21:44:53,775 [fbdf3db3-aa74-47af-a58b-928f4cb9f492:group-B0BF68C2A287:LeaderElection19] INFO  server.RaftServerConfigKeys (ConfUtils.java:logGet(43)) - raft.server.watch.timeout = 10s (default)
2019-09-09 21:44:53,776 [fbdf3db3-aa74-47af-a58b-928f4cb9f492:group-B0BF68C2A287:LeaderElection19] INFO  server.RaftServerConfigKeys (ConfUtils.java:logGet(43)) - raft.server.watch.timeout.denomination = 1s (default)
2019-09-09 21:44:53,776 [fbdf3db3-aa74-47af-a58b-928f4cb9f492:group-B0BF68C2A287:LeaderElection19] INFO  server.RaftServerConfigKeys (ConfUtils.java:logGet(43)) - raft.server.watch.element-limit = 65536 (default)
2019-09-09 21:44:53,776 [fbdf3db3-aa74-47af-a58b-928f4cb9f492:group-B0BF68C2A287:LeaderElection19] INFO  server.RaftServerConfigKeys (ConfUtils.java:logGet(43)) - raft.server.log.appender.snapshot.chunk.size.max = 16MB (=16777216) (default)
2019-09-09 21:44:53,776 [fbdf3db3-aa74-47af-a58b-928f4cb9f492:group-B0BF68C2A287:LeaderElection19] INFO  server.RaftServerConfigKeys (ConfUtils.java:logGet(43)) - raft.server.log.appender.buffer.byte-limit = 33554432 (custom)
2019-09-09 21:44:53,777 [fbdf3db3-aa74-47af-a58b-928f4cb9f492:group-B0BF68C2A287:LeaderElection19] INFO  server.RaftServerConfigKeys (ConfUtils.java:logGet(43)) - raft.server.log.appender.buffer.element-limit = 1 (custom)
2019-09-09 21:44:53,777 [fbdf3db3-aa74-47af-a58b-928f4cb9f492:group-B0BF68C2A287:LeaderElection19] INFO  grpc.GrpcConfigKeys$Server (ConfUtils.java:logGet(43)) - raft.grpc.server.leader.outstanding.appends.max = 128 (default)
2019-09-09 21:44:53,779 [fbdf3db3-aa74-47af-a58b-928f4cb9f492:group-B0BF68C2A287:LeaderElection19] INFO  server.RaftServerConfigKeys (ConfUtils.java:logGet(43)) - raft.server.rpc.request.timeout = 3000ms (default)
2019-09-09 21:44:53,779 [fbdf3db3-aa74-47af-a58b-928f4cb9f492:group-B0BF68C2A287:LeaderElection19] INFO  server.RaftServerConfigKeys (ConfUtils.java:logGet(43)) - raft.server.log.appender.install.snapshot.enabled = false (custom)
2019-09-09 21:44:53,779 [fbdf3db3-aa74-47af-a58b-928f4cb9f492:group-B0BF68C2A287:LeaderElection19] INFO  server.RaftServerConfigKeys (ConfUtils.java:logGet(43)) - raft.server.log.appender.snapshot.chunk.size.max = 16MB (=16777216) (default)
2019-09-09 21:44:53,779 [fbdf3db3-aa74-47af-a58b-928f4cb9f492:group-B0BF68C2A287:LeaderElection19] INFO  server.RaftServerConfigKeys (ConfUtils.java:logGet(43)) - raft.server.log.appender.buffer.byte-limit = 33554432 (custom)
2019-09-09 21:44:53,779 [fbdf3db3-aa74-47af-a58b-928f4cb9f492:group-B0BF68C2A287:LeaderElection19] INFO  server.RaftServerConfigKeys (ConfUtils.java:logGet(43)) - raft.server.log.appender.buffer.element-limit = 1 (custom)
2019-09-09 21:44:53,780 [fbdf3db3-aa74-47af-a58b-928f4cb9f492:group-B0BF68C2A287:LeaderElection19] INFO  grpc.GrpcConfigKeys$Server (ConfUtils.java:logGet(43)) - raft.grpc.server.leader.outstanding.appends.max = 128 (default)
2019-09-09 21:44:53,780 [fbdf3db3-aa74-47af-a58b-928f4cb9f492:group-B0BF68C2A287:LeaderElection19] INFO  server.RaftServerConfigKeys (ConfUtils.java:logGet(43)) - raft.server.rpc.request.timeout = 3000ms (default)
2019-09-09 21:44:53,780 [fbdf3db3-aa74-47af-a58b-928f4cb9f492:group-B0BF68C2A287:LeaderElection19] INFO  server.RaftServerConfigKeys (ConfUtils.java:logGet(43)) - raft.server.log.appender.install.snapshot.enabled = false (custom)
2019-09-09 21:44:53,780 [fbdf3db3-aa74-47af-a58b-928f4cb9f492:group-B0BF68C2A287:LeaderElection19] INFO  impl.RoleInfo (RoleInfo.java:updateAndGet(143)) - fbdf3db3-aa74-47af-a58b-928f4cb9f492: start LeaderState
2019-09-09 21:44:53,781 [fbdf3db3-aa74-47af-a58b-928f4cb9f492:group-B0BF68C2A287:LeaderElection19] INFO  segmented.SegmentedRaftLogWorker (SegmentedRaftLogWorker.java:startLogSegment(380)) - fbdf3db3-aa74-47af-a58b-928f4cb9f492-SegmentedRaftLogWorker:Storage Directory /workdir/hadoop-ozone/integration-test/target/test-dir/MiniOzoneClusterImpl-b75b5873-643f-488a-b9f8-130d181fa964/datanode-1/data/ratis/763eef4e-26ef-401a-af6e-b0bf68c2a287: Starting segment from index:0
2019-09-09 21:44:53,782 [fbdf3db3-aa74-47af-a58b-928f4cb9f492:group-B0BF68C2A287:LeaderElection19] INFO  impl.RaftServerImpl (ServerState.java:setRaftConf(361)) - fbdf3db3-aa74-47af-a58b-928f4cb9f492:group-B0BF68C2A287 set configuration 0: [4d79564c-1113-4bdd-af39-002278d0fa77:192.168.5.143:38539, 32341634-9b92-4130-8eac-3e0d512fb107:192.168.5.143:40643, fbdf3db3-aa74-47af-a58b-928f4cb9f492:192.168.5.143:39164], old=null at 0
2019-09-09 21:44:53,819 [grpc-default-executor-0] INFO  impl.RaftServerImpl (ServerState.java:setLeader(263)) - 4d79564c-1113-4bdd-af39-002278d0fa77:group-B0BF68C2A287 change Leader from null to fbdf3db3-aa74-47af-a58b-928f4cb9f492 at term 3 for appendEntries, leader elected after 15418ms
2019-09-09 21:44:53,819 [grpc-default-executor-1] INFO  impl.RaftServerImpl (ServerState.java:setLeader(263)) - 32341634-9b92-4130-8eac-3e0d512fb107:group-B0BF68C2A287 change Leader from null to fbdf3db3-aa74-47af-a58b-928f4cb9f492 at term 3 for appendEntries, leader elected after 15418ms
2019-09-09 21:44:53,823 [grpc-default-executor-1] INFO  impl.RaftServerImpl (ServerState.java:setRaftConf(361)) - 4d79564c-1113-4bdd-af39-002278d0fa77:group-B0BF68C2A287 set configuration 0: [4d79564c-1113-4bdd-af39-002278d0fa77:192.168.5.143:38539, 32341634-9b92-4130-8eac-3e0d512fb107:192.168.5.143:40643, fbdf3db3-aa74-47af-a58b-928f4cb9f492:192.168.5.143:39164], old=null at 0
2019-09-09 21:44:53,823 [grpc-default-executor-0] INFO  impl.RaftServerImpl (ServerState.java:setRaftConf(361)) - 32341634-9b92-4130-8eac-3e0d512fb107:group-B0BF68C2A287 set configuration 0: [4d79564c-1113-4bdd-af39-002278d0fa77:192.168.5.143:38539, 32341634-9b92-4130-8eac-3e0d512fb107:192.168.5.143:40643, fbdf3db3-aa74-47af-a58b-928f4cb9f492:192.168.5.143:39164], old=null at 0
2019-09-09 21:44:53,823 [grpc-default-executor-1] INFO  segmented.SegmentedRaftLogWorker (SegmentedRaftLogWorker.java:startLogSegment(380)) - 4d79564c-1113-4bdd-af39-002278d0fa77-SegmentedRaftLogWorker:Storage Directory /workdir/hadoop-ozone/integration-test/target/test-dir/MiniOzoneClusterImpl-b75b5873-643f-488a-b9f8-130d181fa964/datanode-3/data/ratis/763eef4e-26ef-401a-af6e-b0bf68c2a287: Starting segment from index:0
2019-09-09 21:44:53,824 [grpc-default-executor-0] INFO  segmented.SegmentedRaftLogWorker (SegmentedRaftLogWorker.java:startLogSegment(380)) - 32341634-9b92-4130-8eac-3e0d512fb107-SegmentedRaftLogWorker:Storage Directory /workdir/hadoop-ozone/integration-test/target/test-dir/MiniOzoneClusterImpl-b75b5873-643f-488a-b9f8-130d181fa964/datanode-0/data/ratis/763eef4e-26ef-401a-af6e-b0bf68c2a287: Starting segment from index:0
2019-09-09 21:44:53,828 [fbdf3db3-aa74-47af-a58b-928f4cb9f492-SegmentedRaftLogWorker:Storage Directory /workdir/hadoop-ozone/integration-test/target/test-dir/MiniOzoneClusterImpl-b75b5873-643f-488a-b9f8-130d181fa964/datanode-1/data/ratis/763eef4e-26ef-401a-af6e-b0bf68c2a287] INFO  segmented.SegmentedRaftLogWorker (SegmentedRaftLogWorker.java:execute(569)) - fbdf3db3-aa74-47af-a58b-928f4cb9f492-SegmentedRaftLogWorker:Storage Directory /workdir/hadoop-ozone/integration-test/target/test-dir/MiniOzoneClusterImpl-b75b5873-643f-488a-b9f8-130d181fa964/datanode-1/data/ratis/763eef4e-26ef-401a-af6e-b0bf68c2a287: created new log segment /workdir/hadoop-ozone/integration-test/target/test-dir/MiniOzoneClusterImpl-b75b5873-643f-488a-b9f8-130d181fa964/datanode-1/data/ratis/763eef4e-26ef-401a-af6e-b0bf68c2a287/current/log_inprogress_0
2019-09-09 21:44:53,872 [4d79564c-1113-4bdd-af39-002278d0fa77-SegmentedRaftLogWorker:Storage Directory /workdir/hadoop-ozone/integration-test/target/test-dir/MiniOzoneClusterImpl-b75b5873-643f-488a-b9f8-130d181fa964/datanode-3/data/ratis/763eef4e-26ef-401a-af6e-b0bf68c2a287] INFO  segmented.SegmentedRaftLogWorker (SegmentedRaftLogWorker.java:execute(569)) - 4d79564c-1113-4bdd-af39-002278d0fa77-SegmentedRaftLogWorker:Storage Directory /workdir/hadoop-ozone/integration-test/target/test-dir/MiniOzoneClusterImpl-b75b5873-643f-488a-b9f8-130d181fa964/datanode-3/data/ratis/763eef4e-26ef-401a-af6e-b0bf68c2a287: created new log segment /workdir/hadoop-ozone/integration-test/target/test-dir/MiniOzoneClusterImpl-b75b5873-643f-488a-b9f8-130d181fa964/datanode-3/data/ratis/763eef4e-26ef-401a-af6e-b0bf68c2a287/current/log_inprogress_0
2019-09-09 21:44:53,872 [32341634-9b92-4130-8eac-3e0d512fb107-SegmentedRaftLogWorker:Storage Directory /workdir/hadoop-ozone/integration-test/target/test-dir/MiniOzoneClusterImpl-b75b5873-643f-488a-b9f8-130d181fa964/datanode-0/data/ratis/763eef4e-26ef-401a-af6e-b0bf68c2a287] INFO  segmented.SegmentedRaftLogWorker (SegmentedRaftLogWorker.java:execute(569)) - 32341634-9b92-4130-8eac-3e0d512fb107-SegmentedRaftLogWorker:Storage Directory /workdir/hadoop-ozone/integration-test/target/test-dir/MiniOzoneClusterImpl-b75b5873-643f-488a-b9f8-130d181fa964/datanode-0/data/ratis/763eef4e-26ef-401a-af6e-b0bf68c2a287: created new log segment /workdir/hadoop-ozone/integration-test/target/test-dir/MiniOzoneClusterImpl-b75b5873-643f-488a-b9f8-130d181fa964/datanode-0/data/ratis/763eef4e-26ef-401a-af6e-b0bf68c2a287/current/log_inprogress_0
2019-09-09 21:44:54,641 [grpc-default-executor-0] INFO  client.GrpcClientProtocolClient (GrpcClientProtocolClient.java:onNext(255)) - client-CB6D22DF12AA->4d79564c-1113-4bdd-af39-002278d0fa77: receive RaftClientReply:client-CB6D22DF12AA->4d79564c-1113-4bdd-af39-002278d0fa77@group-B0BF68C2A287, cid=23, FAILED org.apache.ratis.protocol.NotLeaderException: Server 4d79564c-1113-4bdd-af39-002278d0fa77 is not the leader (fbdf3db3-aa74-47af-a58b-928f4cb9f492:192.168.5.143:39164). Request must be sent to leader., logIndex=0, commits[4d79564c-1113-4bdd-af39-002278d0fa77:c-1, 32341634-9b92-4130-8eac-3e0d512fb107:c-1, fbdf3db3-aa74-47af-a58b-928f4cb9f492:c-1]
2019-09-09 21:44:54,882 [grpc-default-executor-1] INFO  client.GrpcClientProtocolClient (GrpcClientProtocolClient.java:onNext(255)) - client-CB6D22DF12AA->fbdf3db3-aa74-47af-a58b-928f4cb9f492: receive RaftClientReply:client-CB6D22DF12AA->fbdf3db3-aa74-47af-a58b-928f4cb9f492@group-B0BF68C2A287, cid=23, SUCCESS, logIndex=1, commits[fbdf3db3-aa74-47af-a58b-928f4cb9f492:c1, 4d79564c-1113-4bdd-af39-002278d0fa77:c0, 32341634-9b92-4130-8eac-3e0d512fb107:c0]
2019-09-09 21:44:54,931 [grpc-default-executor-1] INFO  client.GrpcClientProtocolClient (GrpcClientProtocolClient.java:onNext(255)) - client-CB6D22DF12AA->fbdf3db3-aa74-47af-a58b-928f4cb9f492: receive RaftClientReply:client-CB6D22DF12AA->fbdf3db3-aa74-47af-a58b-928f4cb9f492@group-B0BF68C2A287, cid=24, SUCCESS, logIndex=3, commits[fbdf3db3-aa74-47af-a58b-928f4cb9f492:c4, 4d79564c-1113-4bdd-af39-002278d0fa77:c3, 32341634-9b92-4130-8eac-3e0d512fb107:c3]
2019-09-09 21:44:54,933 [main] INFO  ozone.MiniOzoneClusterImpl (MiniOzoneClusterImpl.java:shutdown(307)) - Shutting down the Mini Ozone Cluster
2019-09-09 21:44:54,933 [main] INFO  ozone.MiniOzoneClusterImpl (MiniOzoneClusterImpl.java:stop(322)) - Stopping the Mini Ozone Cluster
2019-09-09 21:44:54,933 [main] INFO  ozone.MiniOzoneClusterImpl (MiniOzoneClusterImpl.java:stop(324)) - Stopping the OzoneManager
2019-09-09 21:44:54,934 [main] INFO  ipc.Server (Server.java:stop(3082)) - Stopping server on 36098
2019-09-09 21:44:54,958 [IPC Server listener on 36098] INFO  ipc.Server (Server.java:run(1185)) - Stopping IPC Server listener on 36098
2019-09-09 21:44:54,960 [IPC Server Responder] INFO  ipc.Server (Server.java:run(1319)) - Stopping IPC Server Responder
2019-09-09 21:44:54,960 [main] INFO  ratis.OzoneManagerDoubleBuffer (OzoneManagerDoubleBuffer.java:stop(248)) - Stopping OMDoubleBuffer flush thread
2019-09-09 21:44:54,979 [OMDoubleBufferFlushThread] INFO  ratis.OzoneManagerDoubleBuffer (OzoneManagerDoubleBuffer.java:flushTransactions(191)) - OMDoubleBuffer flush thread OMDoubleBufferFlushThread is interrupted and will exit. OMDoubleBufferFlushThread
2019-09-09 21:44:54,981 [main] INFO  utils.BackgroundService (BackgroundService.java:shutdown(148)) - Shutting down service KeyDeletingService
2019-09-09 21:44:54,986 [main] INFO  handler.ContextHandler (ContextHandler.java:doStop(910)) - Stopped o.e.j.w.WebAppContext@562c877a{/,null,UNAVAILABLE}{/ozoneManager}
2019-09-09 21:44:55,000 [main] INFO  server.AbstractConnector (AbstractConnector.java:doStop(318)) - Stopped ServerConnector@67001148{HTTP/1.1,[http/1.1]}{0.0.0.0:0}
2019-09-09 21:44:55,001 [main] INFO  handler.ContextHandler (ContextHandler.java:doStop(910)) - Stopped o.e.j.s.ServletContextHandler@27b71f50{/static,file:///workdir/hadoop-ozone/integration-test/target/test-classes/webapps/static,UNAVAILABLE}
2019-09-09 21:44:55,001 [main] INFO  handler.ContextHandler (ContextHandler.java:doStop(910)) - Stopped o.e.j.s.ServletContextHandler@76075d65{/logs,file:///workdir/hadoop-ozone/integration-test/target/log,UNAVAILABLE}
2019-09-09 21:44:55,016 [main] INFO  ozone.MiniOzoneClusterImpl (MiniOzoneClusterImpl.java:stop(330)) - Shutting the HddsDatanodes
2019-09-09 21:44:55,841 [Datanode State Machine Thread - 0] INFO  statemachine.DatanodeStateMachine (DatanodeStateMachine.java:lambda$startDaemon$0(350)) - Ozone container server started.
2019-09-09 21:44:55,969 [Datanode State Machine Thread - 0] INFO  statemachine.DatanodeStateMachine (DatanodeStateMachine.java:lambda$startDaemon$0(350)) - Ozone container server started.
2019-09-09 21:44:59,873 [EventQueue-StaleNodeForStaleNodeHandler] INFO  node.StaleNodeHandler (StaleNodeHandler.java:onMessage(58)) - Datanode fbdf3db3-aa74-47af-a58b-928f4cb9f492{ip: 192.168.5.143, host: pr-hdds-2007-bxrz5-4054259085, networkLocation: /default-rack, certSerialId: null} moved to stale state. Finalizing its pipelines [PipelineID=763eef4e-26ef-401a-af6e-b0bf68c2a287, PipelineID=6d56b153-5f46-422a-90f7-cc8d210dc1a7]
2019-09-09 21:44:59,874 [EventQueue-StaleNodeForStaleNodeHandler] INFO  pipeline.SCMPipelineManager (SCMPipelineManager.java:finalizeAndDestroyPipeline(311)) - destroying pipeline:Pipeline[ Id: 763eef4e-26ef-401a-af6e-b0bf68c2a287, Nodes: 4d79564c-1113-4bdd-af39-002278d0fa77{ip: 192.168.5.143, host: pr-hdds-2007-bxrz5-4054259085, networkLocation: /default-rack, certSerialId: null}fbdf3db3-aa74-47af-a58b-928f4cb9f492{ip: 192.168.5.143, host: pr-hdds-2007-bxrz5-4054259085, networkLocation: /default-rack, certSerialId: null}32341634-9b92-4130-8eac-3e0d512fb107{ip: 192.168.5.143, host: pr-hdds-2007-bxrz5-4054259085, networkLocation: /default-rack, certSerialId: null}, Type:RATIS, Factor:THREE, State:OPEN]
2019-09-09 21:44:59,875 [EventQueue-StaleNodeForStaleNodeHandler] INFO  pipeline.PipelineStateManager (PipelineStateManager.java:finalizePipeline(123)) - Pipeline Pipeline[ Id: 763eef4e-26ef-401a-af6e-b0bf68c2a287, Nodes: 4d79564c-1113-4bdd-af39-002278d0fa77{ip: 192.168.5.143, host: pr-hdds-2007-bxrz5-4054259085, networkLocation: /default-rack, certSerialId: null}fbdf3db3-aa74-47af-a58b-928f4cb9f492{ip: 192.168.5.143, host: pr-hdds-2007-bxrz5-4054259085, networkLocation: /default-rack, certSerialId: null}32341634-9b92-4130-8eac-3e0d512fb107{ip: 192.168.5.143, host: pr-hdds-2007-bxrz5-4054259085, networkLocation: /default-rack, certSerialId: null}, Type:RATIS, Factor:THREE, State:CLOSED] moved to CLOSED state
2019-09-09 21:44:59,876 [EventQueue-CloseContainerForCloseContainerEventHandler] INFO  container.CloseContainerEventHandler (CloseContainerEventHandler.java:onMessage(61)) - Close container Event triggered for container : #2
2019-09-09 21:44:59,878 [EventQueue-StaleNodeForStaleNodeHandler] INFO  pipeline.SCMPipelineManager (SCMPipelineManager.java:finalizeAndDestroyPipeline(311)) - destroying pipeline:Pipeline[ Id: 6d56b153-5f46-422a-90f7-cc8d210dc1a7, Nodes: fbdf3db3-aa74-47af-a58b-928f4cb9f492{ip: 192.168.5.143, host: pr-hdds-2007-bxrz5-4054259085, networkLocation: /default-rack, certSerialId: null}, Type:RATIS, Factor:ONE, State:OPEN]
2019-09-09 21:44:59,878 [EventQueue-StaleNodeForStaleNodeHandler] INFO  pipeline.PipelineStateManager (PipelineStateManager.java:finalizePipeline(123)) - Pipeline Pipeline[ Id: 6d56b153-5f46-422a-90f7-cc8d210dc1a7, Nodes: fbdf3db3-aa74-47af-a58b-928f4cb9f492{ip: 192.168.5.143, host: pr-hdds-2007-bxrz5-4054259085, networkLocation: /default-rack, certSerialId: null}, Type:RATIS, Factor:ONE, State:CLOSED] moved to CLOSED state
2019-09-09 21:45:00,019 [ForkJoinPool.commonPool-worker-0] INFO  ozoneimpl.OzoneContainer (OzoneContainer.java:stop(215)) - Attempting to stop container services.
2019-09-09 21:45:00,019 [main] INFO  ozoneimpl.OzoneContainer (OzoneContainer.java:stop(215)) - Attempting to stop container services.
2019-09-09 21:45:00,031 [main] INFO  impl.RaftServerProxy (RaftServerProxy.java:lambda$close$4(314)) - 7f2cb37e-01c2-4597-abad-216c2315631c: close
2019-09-09 21:45:00,032 [ForkJoinPool.commonPool-worker-0] INFO  impl.RaftServerProxy (RaftServerProxy.java:lambda$close$4(314)) - fbdf3db3-aa74-47af-a58b-928f4cb9f492: close
2019-09-09 21:45:00,033 [main] INFO  impl.RaftServerImpl (RaftServerImpl.java:lambda$shutdown$3(245)) - 7f2cb37e-01c2-4597-abad-216c2315631c: shutdown group-F84933C8E53F
2019-09-09 21:45:00,033 [ForkJoinPool.commonPool-worker-0] INFO  impl.RaftServerImpl (RaftServerImpl.java:lambda$shutdown$3(245)) - fbdf3db3-aa74-47af-a58b-928f4cb9f492: shutdown group-B0BF68C2A287
2019-09-09 21:45:00,033 [main] INFO  util.JmxRegister (JmxRegister.java:unregister(73)) - Successfully un-registered JMX Bean with object name Ratis:service=RaftServer,group=group-F84933C8E53F,id=7f2cb37e-01c2-4597-abad-216c2315631c
2019-09-09 21:45:00,034 [ForkJoinPool.commonPool-worker-0] INFO  util.JmxRegister (JmxRegister.java:unregister(73)) - Successfully un-registered JMX Bean with object name Ratis:service=RaftServer,group=group-B0BF68C2A287,id=fbdf3db3-aa74-47af-a58b-928f4cb9f492
2019-09-09 21:45:00,034 [main] INFO  impl.RoleInfo (RoleInfo.java:shutdownLeaderState(104)) - 7f2cb37e-01c2-4597-abad-216c2315631c: shutdown LeaderState
2019-09-09 21:45:00,034 [ForkJoinPool.commonPool-worker-0] INFO  impl.RoleInfo (RoleInfo.java:shutdownLeaderState(104)) - fbdf3db3-aa74-47af-a58b-928f4cb9f492: shutdown LeaderState
2019-09-09 21:45:00,035 [main] INFO  impl.PendingRequests (PendingRequests.java:sendNotLeaderResponses(202)) - 7f2cb37e-01c2-4597-abad-216c2315631c-PendingRequests: sendNotLeaderResponses
2019-09-09 21:45:00,038 [main] INFO  impl.StateMachineUpdater (StateMachineUpdater.java:stopAndJoin(115)) - StateMachineUpdater:7f2cb37e-01c2-4597-abad-216c2315631c:group-F84933C8E53F: set stopIndex = 0
2019-09-09 21:45:00,038 [main] INFO  impl.RaftServerImpl (ServerState.java:close(394)) - 7f2cb37e-01c2-4597-abad-216c2315631c:group-F84933C8E53F closes. The last applied log index is 0
2019-09-09 21:45:00,053 [ForkJoinPool.commonPool-worker-0] INFO  impl.PendingRequests (PendingRequests.java:sendNotLeaderResponses(202)) - fbdf3db3-aa74-47af-a58b-928f4cb9f492-PendingRequests: sendNotLeaderResponses
2019-09-09 21:45:00,055 [org.apache.ratis.server.impl.LogAppender$AppenderDaemon$$Lambda$531/282134687@7fcb7a8b] WARN  server.GrpcLogAppender (GrpcLogAppender.java:mayWait(143)) - GrpcLogAppender(fbdf3db3-aa74-47af-a58b-928f4cb9f492->4d79564c-1113-4bdd-af39-002278d0fa77): Wait interrupted by java.lang.InterruptedException
2019-09-09 21:45:00,055 [7f2cb37e-01c2-4597-abad-216c2315631c-SegmentedRaftLogWorker:Storage Directory /workdir/hadoop-ozone/integration-test/target/test-dir/MiniOzoneClusterImpl-b75b5873-643f-488a-b9f8-130d181fa964/datanode-4/data/ratis/042e0ead-3c1d-446d-a788-f84933c8e53f] INFO  segmented.SegmentedRaftLogWorker (SegmentedRaftLogWorker.java:run(313)) - 7f2cb37e-01c2-4597-abad-216c2315631c-SegmentedRaftLogWorker:Storage Directory /workdir/hadoop-ozone/integration-test/target/test-dir/MiniOzoneClusterImpl-b75b5873-643f-488a-b9f8-130d181fa964/datanode-4/data/ratis/042e0ead-3c1d-446d-a788-f84933c8e53f was interrupted, exiting. There are 0 tasks remaining in the queue.
2019-09-09 21:45:00,055 [org.apache.ratis.server.impl.LogAppender$AppenderDaemon$$Lambda$531/282134687@3ac9eb16] WARN  server.GrpcLogAppender (GrpcLogAppender.java:mayWait(143)) - GrpcLogAppender(fbdf3db3-aa74-47af-a58b-928f4cb9f492->32341634-9b92-4130-8eac-3e0d512fb107): Wait interrupted by java.lang.InterruptedException
2019-09-09 21:45:00,080 [main] INFO  segmented.SegmentedRaftLogWorker (SegmentedRaftLogWorker.java:close(228)) - 7f2cb37e-01c2-4597-abad-216c2315631c-SegmentedRaftLogWorker:Storage Directory /workdir/hadoop-ozone/integration-test/target/test-dir/MiniOzoneClusterImpl-b75b5873-643f-488a-b9f8-130d181fa964/datanode-4/data/ratis/042e0ead-3c1d-446d-a788-f84933c8e53f close()
2019-09-09 21:45:00,080 [EventQueue-StaleNodeForStaleNodeHandler] INFO  node.StaleNodeHandler (StaleNodeHandler.java:onMessage(58)) - Datanode 7f2cb37e-01c2-4597-abad-216c2315631c{ip: 192.168.5.143, host: pr-hdds-2007-bxrz5-4054259085, networkLocation: /default-rack, certSerialId: null} moved to stale state. Finalizing its pipelines [PipelineID=042e0ead-3c1d-446d-a788-f84933c8e53f]
2019-09-09 21:45:00,090 [EventQueue-StaleNodeForStaleNodeHandler] INFO  pipeline.SCMPipelineManager (SCMPipelineManager.java:finalizeAndDestroyPipeline(311)) - destroying pipeline:Pipeline[ Id: 042e0ead-3c1d-446d-a788-f84933c8e53f, Nodes: 7f2cb37e-01c2-4597-abad-216c2315631c{ip: 192.168.5.143, host: pr-hdds-2007-bxrz5-4054259085, networkLocation: /default-rack, certSerialId: null}, Type:RATIS, Factor:ONE, State:OPEN]
2019-09-09 21:45:00,090 [grpc-default-executor-0] INFO  server.GrpcServerProtocolService (GrpcServerProtocolService.java:onCompleted(104)) - 4d79564c-1113-4bdd-af39-002278d0fa77: appendEntries completed
2019-09-09 21:45:00,091 [grpc-default-executor-1] INFO  server.GrpcServerProtocolService (GrpcServerProtocolService.java:onCompleted(104)) - 32341634-9b92-4130-8eac-3e0d512fb107: appendEntries completed
2019-09-09 21:45:00,091 [EventQueue-StaleNodeForStaleNodeHandler] INFO  pipeline.PipelineStateManager (PipelineStateManager.java:finalizePipeline(123)) - Pipeline Pipeline[ Id: 042e0ead-3c1d-446d-a788-f84933c8e53f, Nodes: 7f2cb37e-01c2-4597-abad-216c2315631c{ip: 192.168.5.143, host: pr-hdds-2007-bxrz5-4054259085, networkLocation: /default-rack, certSerialId: null}, Type:RATIS, Factor:ONE, State:CLOSED] moved to CLOSED state
2019-09-09 21:45:00,093 [main] INFO  server.GrpcService (GrpcService.java:closeImpl(155)) - 7f2cb37e-01c2-4597-abad-216c2315631c: shutdown server with port 46076 now
2019-09-09 21:45:00,093 [grpc-default-executor-0] INFO  server.GrpcLogAppender (GrpcLogAppender.java:onCompleted(292)) - fbdf3db3-aa74-47af-a58b-928f4cb9f492->32341634-9b92-4130-8eac-3e0d512fb107: follower responses appendEntries COMPLETED
2019-09-09 21:45:00,093 [grpc-default-executor-1] INFO  server.GrpcLogAppender (GrpcLogAppender.java:onCompleted(292)) - fbdf3db3-aa74-47af-a58b-928f4cb9f492->4d79564c-1113-4bdd-af39-002278d0fa77: follower responses appendEntries COMPLETED
2019-09-09 21:45:00,109 [grpc-default-executor-1] INFO  impl.FollowerInfo (FollowerInfo.java:lambda$new$0(50)) - fbdf3db3-aa74-47af-a58b-928f4cb9f492->4d79564c-1113-4bdd-af39-002278d0fa77: nextIndex: updateUnconditionally 5 -> 4
2019-09-09 21:45:00,111 [grpc-default-executor-0] INFO  impl.FollowerInfo (FollowerInfo.java:lambda$new$0(50)) - fbdf3db3-aa74-47af-a58b-928f4cb9f492->32341634-9b92-4130-8eac-3e0d512fb107: nextIndex: updateUnconditionally 5 -> 4
2019-09-09 21:45:00,109 [main] INFO  server.GrpcService (GrpcService.java:closeImpl(163)) - 7f2cb37e-01c2-4597-abad-216c2315631c: shutdown server with port 46076 successfully
2019-09-09 21:45:00,113 [StateMachineUpdater:fbdf3db3-aa74-47af-a58b-928f4cb9f492:group-B0BF68C2A287] INFO  ratis.ContainerStateMachine (ContainerStateMachine.java:takeSnapshot(284)) - group-B0BF68C2A287: Taking a snapshot at:(t:3, i:4) file /workdir/hadoop-ozone/integration-test/target/test-dir/MiniOzoneClusterImpl-b75b5873-643f-488a-b9f8-130d181fa964/datanode-1/data/ratis/763eef4e-26ef-401a-af6e-b0bf68c2a287/sm/snapshot.3_4
2019-09-09 21:45:00,109 [ForkJoinPool.commonPool-worker-0] INFO  impl.StateMachineUpdater (StateMachineUpdater.java:stopAndJoin(115)) - StateMachineUpdater:fbdf3db3-aa74-47af-a58b-928f4cb9f492:group-B0BF68C2A287: set stopIndex = 4
2019-09-09 21:45:00,126 [refreshUsed-/workdir/hadoop-ozone/integration-test/target/test-dir/MiniOzoneClusterImpl-b75b5873-643f-488a-b9f8-130d181fa964/datanode-4/data/containers] WARN  fs.CachingGetSpaceUsed (CachingGetSpaceUsed.java:run(183)) - Thread Interrupted waiting to refresh disk information: sleep interrupted
2019-09-09 21:45:00,142 [main] INFO  utils.BackgroundService (BackgroundService.java:shutdown(148)) - Shutting down service BlockDeletingService
2019-09-09 21:45:00,148 [main] INFO  statemachine.DatanodeStateMachine (DatanodeStateMachine.java:stopDaemon(395)) - Ozone container server stopped.
2019-09-09 21:45:00,149 [StateMachineUpdater:fbdf3db3-aa74-47af-a58b-928f4cb9f492:group-B0BF68C2A287] INFO  ratis.ContainerStateMachine (ContainerStateMachine.java:takeSnapshot(295)) - group-B0BF68C2A287: Finished taking a snapshot at:(t:3, i:4) file:/workdir/hadoop-ozone/integration-test/target/test-dir/MiniOzoneClusterImpl-b75b5873-643f-488a-b9f8-130d181fa964/datanode-1/data/ratis/763eef4e-26ef-401a-af6e-b0bf68c2a287/sm/snapshot.3_4 time:36
2019-09-09 21:45:00,149 [StateMachineUpdater:fbdf3db3-aa74-47af-a58b-928f4cb9f492:group-B0BF68C2A287] INFO  impl.StateMachineUpdater (StateMachineUpdater.java:takeSnapshot(242)) - StateMachineUpdater:fbdf3db3-aa74-47af-a58b-928f4cb9f492:group-B0BF68C2A287: Took a snapshot at index 4
2019-09-09 21:45:00,149 [StateMachineUpdater:fbdf3db3-aa74-47af-a58b-928f4cb9f492:group-B0BF68C2A287] INFO  impl.StateMachineUpdater (StateMachineUpdater.java:lambda$new$0(80)) - StateMachineUpdater:fbdf3db3-aa74-47af-a58b-928f4cb9f492:group-B0BF68C2A287: snapshotIndex: updateIncreasingly -1 -> 4
2019-09-09 21:45:00,149 [main] INFO  handler.ContextHandler (ContextHandler.java:doStop(910)) - Stopped o.e.j.w.WebAppContext@6a1d3225{/,null,UNAVAILABLE}{/hddsDatanode}
2019-09-09 21:45:00,150 [main] INFO  server.AbstractConnector (AbstractConnector.java:doStop(318)) - Stopped ServerConnector@67e13bd0{HTTP/1.1,[http/1.1]}{0.0.0.0:0}
2019-09-09 21:45:00,150 [main] INFO  handler.ContextHandler (ContextHandler.java:doStop(910)) - Stopped o.e.j.s.ServletContextHandler@7fb29ca9{/static,jar:file:/home/user/.m2/repository/org/apache/hadoop/hadoop-hdds-container-service/0.5.0-SNAPSHOT/hadoop-hdds-container-service-0.5.0-SNAPSHOT.jar!/webapps/static,UNAVAILABLE}
2019-09-09 21:45:00,151 [main] INFO  handler.ContextHandler (ContextHandler.java:doStop(910)) - Stopped o.e.j.s.ServletContextHandler@56dfab87{/logs,file:///workdir/hadoop-ozone/integration-test/target/log,UNAVAILABLE}
2019-09-09 21:45:00,157 [ForkJoinPool.commonPool-worker-0] INFO  impl.RaftServerImpl (ServerState.java:close(394)) - fbdf3db3-aa74-47af-a58b-928f4cb9f492:group-B0BF68C2A287 closes. The last applied log index is 4
2019-09-09 21:45:00,157 [fbdf3db3-aa74-47af-a58b-928f4cb9f492-SegmentedRaftLogWorker:Storage Directory /workdir/hadoop-ozone/integration-test/target/test-dir/MiniOzoneClusterImpl-b75b5873-643f-488a-b9f8-130d181fa964/datanode-1/data/ratis/763eef4e-26ef-401a-af6e-b0bf68c2a287] INFO  segmented.SegmentedRaftLogWorker (SegmentedRaftLogWorker.java:run(313)) - fbdf3db3-aa74-47af-a58b-928f4cb9f492-SegmentedRaftLogWorker:Storage Directory /workdir/hadoop-ozone/integration-test/target/test-dir/MiniOzoneClusterImpl-b75b5873-643f-488a-b9f8-130d181fa964/datanode-1/data/ratis/763eef4e-26ef-401a-af6e-b0bf68c2a287 was interrupted, exiting. There are 0 tasks remaining in the queue.
2019-09-09 21:45:00,159 [ForkJoinPool.commonPool-worker-0] INFO  segmented.SegmentedRaftLogWorker (SegmentedRaftLogWorker.java:close(228)) - fbdf3db3-aa74-47af-a58b-928f4cb9f492-SegmentedRaftLogWorker:Storage Directory /workdir/hadoop-ozone/integration-test/target/test-dir/MiniOzoneClusterImpl-b75b5873-643f-488a-b9f8-130d181fa964/datanode-1/data/ratis/763eef4e-26ef-401a-af6e-b0bf68c2a287 close()
2019-09-09 21:45:00,163 [ForkJoinPool.commonPool-worker-0] INFO  impl.RaftServerImpl (RaftServerImpl.java:lambda$shutdown$3(245)) - fbdf3db3-aa74-47af-a58b-928f4cb9f492: shutdown group-CC8D210DC1A7
2019-09-09 21:45:00,164 [ForkJoinPool.commonPool-worker-0] INFO  util.JmxRegister (JmxRegister.java:unregister(73)) - Successfully un-registered JMX Bean with object name Ratis:service=RaftServer,group=group-CC8D210DC1A7,id=fbdf3db3-aa74-47af-a58b-928f4cb9f492
2019-09-09 21:45:00,164 [ForkJoinPool.commonPool-worker-0] INFO  impl.RoleInfo (RoleInfo.java:shutdownLeaderState(104)) - fbdf3db3-aa74-47af-a58b-928f4cb9f492: shutdown LeaderState
2019-09-09 21:45:00,164 [ForkJoinPool.commonPool-worker-0] INFO  impl.PendingRequests (PendingRequests.java:sendNotLeaderResponses(202)) - fbdf3db3-aa74-47af-a58b-928f4cb9f492-PendingRequests: sendNotLeaderResponses
2019-09-09 21:45:00,164 [ForkJoinPool.commonPool-worker-0] INFO  impl.StateMachineUpdater (StateMachineUpdater.java:stopAndJoin(115)) - StateMachineUpdater:fbdf3db3-aa74-47af-a58b-928f4cb9f492:group-CC8D210DC1A7: set stopIndex = 0
2019-09-09 21:45:00,165 [ForkJoinPool.commonPool-worker-0] INFO  impl.RaftServerImpl (ServerState.java:close(394)) - fbdf3db3-aa74-47af-a58b-928f4cb9f492:group-CC8D210DC1A7 closes. The last applied log index is 0
2019-09-09 21:45:00,165 [fbdf3db3-aa74-47af-a58b-928f4cb9f492-SegmentedRaftLogWorker:Storage Directory /workdir/hadoop-ozone/integration-test/target/test-dir/MiniOzoneClusterImpl-b75b5873-643f-488a-b9f8-130d181fa964/datanode-1/data/ratis/6d56b153-5f46-422a-90f7-cc8d210dc1a7] INFO  segmented.SegmentedRaftLogWorker (SegmentedRaftLogWorker.java:run(313)) - fbdf3db3-aa74-47af-a58b-928f4cb9f492-SegmentedRaftLogWorker:Storage Directory /workdir/hadoop-ozone/integration-test/target/test-dir/MiniOzoneClusterImpl-b75b5873-643f-488a-b9f8-130d181fa964/datanode-1/data/ratis/6d56b153-5f46-422a-90f7-cc8d210dc1a7 was interrupted, exiting. There are 0 tasks remaining in the queue.
2019-09-09 21:45:00,167 [ForkJoinPool.commonPool-worker-0] INFO  segmented.SegmentedRaftLogWorker (SegmentedRaftLogWorker.java:close(228)) - fbdf3db3-aa74-47af-a58b-928f4cb9f492-SegmentedRaftLogWorker:Storage Directory /workdir/hadoop-ozone/integration-test/target/test-dir/MiniOzoneClusterImpl-b75b5873-643f-488a-b9f8-130d181fa964/datanode-1/data/ratis/6d56b153-5f46-422a-90f7-cc8d210dc1a7 close()
2019-09-09 21:45:00,170 [ForkJoinPool.commonPool-worker-0] INFO  server.GrpcService (GrpcService.java:closeImpl(155)) - fbdf3db3-aa74-47af-a58b-928f4cb9f492: shutdown server with port 39164 now
2019-09-09 21:45:00,171 [ForkJoinPool.commonPool-worker-0] INFO  server.GrpcService (GrpcService.java:closeImpl(163)) - fbdf3db3-aa74-47af-a58b-928f4cb9f492: shutdown server with port 39164 successfully
2019-09-09 21:45:00,173 [refreshUsed-/workdir/hadoop-ozone/integration-test/target/test-dir/MiniOzoneClusterImpl-b75b5873-643f-488a-b9f8-130d181fa964/datanode-1/data/containers] WARN  fs.CachingGetSpaceUsed (CachingGetSpaceUsed.java:run(183)) - Thread Interrupted waiting to refresh disk information: sleep interrupted
2019-09-09 21:45:00,192 [ForkJoinPool.commonPool-worker-0] INFO  utils.BackgroundService (BackgroundService.java:shutdown(148)) - Shutting down service BlockDeletingService
2019-09-09 21:45:00,195 [ForkJoinPool.commonPool-worker-0] INFO  statemachine.DatanodeStateMachine (DatanodeStateMachine.java:stopDaemon(395)) - Ozone container server stopped.
2019-09-09 21:45:00,200 [ForkJoinPool.commonPool-worker-0] INFO  handler.ContextHandler (ContextHandler.java:doStop(910)) - Stopped o.e.j.w.WebAppContext@277b8fa4{/,null,UNAVAILABLE}{/hddsDatanode}
2019-09-09 21:45:00,200 [ForkJoinPool.commonPool-worker-0] INFO  server.AbstractConnector (AbstractConnector.java:doStop(318)) - Stopped ServerConnector@6cd64ee8{HTTP/1.1,[http/1.1]}{0.0.0.0:0}
2019-09-09 21:45:00,202 [ForkJoinPool.commonPool-worker-0] INFO  handler.ContextHandler (ContextHandler.java:doStop(910)) - Stopped o.e.j.s.ServletContextHandler@3e33d73e{/static,jar:file:/home/user/.m2/repository/org/apache/hadoop/hadoop-hdds-container-service/0.5.0-SNAPSHOT/hadoop-hdds-container-service-0.5.0-SNAPSHOT.jar!/webapps/static,UNAVAILABLE}
2019-09-09 21:45:00,203 [ForkJoinPool.commonPool-worker-0] INFO  handler.ContextHandler (ContextHandler.java:doStop(910)) - Stopped o.e.j.s.ServletContextHandler@6edcad64{/logs,file:///workdir/hadoop-ozone/integration-test/target/log,UNAVAILABLE}
2019-09-09 21:45:00,842 [Datanode State Machine Thread - 0] INFO  statemachine.DatanodeStateMachine (DatanodeStateMachine.java:lambda$startDaemon$0(350)) - Ozone container server started.
2019-09-09 21:45:01,060 [Datanode State Machine Thread - 0] INFO  statemachine.DatanodeStateMachine (DatanodeStateMachine.java:lambda$startDaemon$0(350)) - Ozone container server started.
2019-09-09 21:45:04,889 [EventQueue-StaleNodeForStaleNodeHandler] INFO  node.StaleNodeHandler (StaleNodeHandler.java:onMessage(58)) - Datanode 4d79564c-1113-4bdd-af39-002278d0fa77{ip: 192.168.5.143, host: pr-hdds-2007-bxrz5-4054259085, networkLocation: /default-rack, certSerialId: null} moved to stale state. Finalizing its pipelines [PipelineID=763eef4e-26ef-401a-af6e-b0bf68c2a287, PipelineID=330a14e9-f52c-4279-a25d-d4e61425b1a1]
2019-09-09 21:45:04,890 [EventQueue-StaleNodeForStaleNodeHandler] INFO  pipeline.SCMPipelineManager (SCMPipelineManager.java:finalizeAndDestroyPipeline(311)) - destroying pipeline:Pipeline[ Id: 763eef4e-26ef-401a-af6e-b0bf68c2a287, Nodes: 4d79564c-1113-4bdd-af39-002278d0fa77{ip: 192.168.5.143, host: pr-hdds-2007-bxrz5-4054259085, networkLocation: /default-rack, certSerialId: null}fbdf3db3-aa74-47af-a58b-928f4cb9f492{ip: 192.168.5.143, host: pr-hdds-2007-bxrz5-4054259085, networkLocation: /default-rack, certSerialId: null}32341634-9b92-4130-8eac-3e0d512fb107{ip: 192.168.5.143, host: pr-hdds-2007-bxrz5-4054259085, networkLocation: /default-rack, certSerialId: null}, Type:RATIS, Factor:THREE, State:CLOSED]
2019-09-09 21:45:04,890 [EventQueue-StaleNodeForStaleNodeHandler] INFO  pipeline.SCMPipelineManager (SCMPipelineManager.java:finalizeAndDestroyPipeline(311)) - destroying pipeline:Pipeline[ Id: 330a14e9-f52c-4279-a25d-d4e61425b1a1, Nodes: 4d79564c-1113-4bdd-af39-002278d0fa77{ip: 192.168.5.143, host: pr-hdds-2007-bxrz5-4054259085, networkLocation: /default-rack, certSerialId: null}, Type:RATIS, Factor:ONE, State:OPEN]
2019-09-09 21:45:04,891 [EventQueue-StaleNodeForStaleNodeHandler] INFO  pipeline.PipelineStateManager (PipelineStateManager.java:finalizePipeline(123)) - Pipeline Pipeline[ Id: 330a14e9-f52c-4279-a25d-d4e61425b1a1, Nodes: 4d79564c-1113-4bdd-af39-002278d0fa77{ip: 192.168.5.143, host: pr-hdds-2007-bxrz5-4054259085, networkLocation: /default-rack, certSerialId: null}, Type:RATIS, Factor:ONE, State:CLOSED] moved to CLOSED state
2019-09-09 21:45:05,152 [main] INFO  ozoneimpl.OzoneContainer (OzoneContainer.java:stop(215)) - Attempting to stop container services.
2019-09-09 21:45:05,153 [main] INFO  impl.RaftServerProxy (RaftServerProxy.java:lambda$close$4(314)) - 4d79564c-1113-4bdd-af39-002278d0fa77: close
2019-09-09 21:45:05,154 [main] INFO  impl.RaftServerImpl (RaftServerImpl.java:lambda$shutdown$3(245)) - 4d79564c-1113-4bdd-af39-002278d0fa77: shutdown group-B0BF68C2A287
2019-09-09 21:45:05,154 [main] INFO  util.JmxRegister (JmxRegister.java:unregister(73)) - Successfully un-registered JMX Bean with object name Ratis:service=RaftServer,group=group-B0BF68C2A287,id=4d79564c-1113-4bdd-af39-002278d0fa77
2019-09-09 21:45:05,154 [main] INFO  impl.RoleInfo (RoleInfo.java:shutdownFollowerState(121)) - 4d79564c-1113-4bdd-af39-002278d0fa77: shutdown FollowerState
2019-09-09 21:45:05,155 [main] INFO  impl.StateMachineUpdater (StateMachineUpdater.java:stopAndJoin(115)) - StateMachineUpdater:4d79564c-1113-4bdd-af39-002278d0fa77:group-B0BF68C2A287: set stopIndex = 4
2019-09-09 21:45:05,155 [StateMachineUpdater:4d79564c-1113-4bdd-af39-002278d0fa77:group-B0BF68C2A287] INFO  ratis.ContainerStateMachine (ContainerStateMachine.java:takeSnapshot(284)) - group-B0BF68C2A287: Taking a snapshot at:(t:3, i:3) file /workdir/hadoop-ozone/integration-test/target/test-dir/MiniOzoneClusterImpl-b75b5873-643f-488a-b9f8-130d181fa964/datanode-3/data/ratis/763eef4e-26ef-401a-af6e-b0bf68c2a287/sm/snapshot.3_3
2019-09-09 21:45:05,155 [Thread-453] INFO  impl.FollowerState (FollowerState.java:run(114)) - 4d79564c-1113-4bdd-af39-002278d0fa77: FollowerState was interrupted: java.lang.InterruptedException: sleep interrupted
2019-09-09 21:45:05,183 [StateMachineUpdater:4d79564c-1113-4bdd-af39-002278d0fa77:group-B0BF68C2A287] INFO  ratis.ContainerStateMachine (ContainerStateMachine.java:takeSnapshot(295)) - group-B0BF68C2A287: Finished taking a snapshot at:(t:3, i:3) file:/workdir/hadoop-ozone/integration-test/target/test-dir/MiniOzoneClusterImpl-b75b5873-643f-488a-b9f8-130d181fa964/datanode-3/data/ratis/763eef4e-26ef-401a-af6e-b0bf68c2a287/sm/snapshot.3_3 time:27
2019-09-09 21:45:05,183 [StateMachineUpdater:4d79564c-1113-4bdd-af39-002278d0fa77:group-B0BF68C2A287] INFO  impl.StateMachineUpdater (StateMachineUpdater.java:takeSnapshot(242)) - StateMachineUpdater:4d79564c-1113-4bdd-af39-002278d0fa77:group-B0BF68C2A287: Took a snapshot at index 3
2019-09-09 21:45:05,183 [StateMachineUpdater:4d79564c-1113-4bdd-af39-002278d0fa77:group-B0BF68C2A287] INFO  impl.StateMachineUpdater (StateMachineUpdater.java:lambda$new$0(80)) - StateMachineUpdater:4d79564c-1113-4bdd-af39-002278d0fa77:group-B0BF68C2A287: snapshotIndex: updateIncreasingly -1 -> 3
2019-09-09 21:45:05,183 [main] INFO  impl.RaftServerImpl (ServerState.java:close(394)) - 4d79564c-1113-4bdd-af39-002278d0fa77:group-B0BF68C2A287 closes. The last applied log index is 4
2019-09-09 21:45:05,184 [4d79564c-1113-4bdd-af39-002278d0fa77-SegmentedRaftLogWorker:Storage Directory /workdir/hadoop-ozone/integration-test/target/test-dir/MiniOzoneClusterImpl-b75b5873-643f-488a-b9f8-130d181fa964/datanode-3/data/ratis/763eef4e-26ef-401a-af6e-b0bf68c2a287] INFO  segmented.SegmentedRaftLogWorker (SegmentedRaftLogWorker.java:run(313)) - 4d79564c-1113-4bdd-af39-002278d0fa77-SegmentedRaftLogWorker:Storage Directory /workdir/hadoop-ozone/integration-test/target/test-dir/MiniOzoneClusterImpl-b75b5873-643f-488a-b9f8-130d181fa964/datanode-3/data/ratis/763eef4e-26ef-401a-af6e-b0bf68c2a287 was interrupted, exiting. There are 0 tasks remaining in the queue.
2019-09-09 21:45:05,187 [main] INFO  segmented.SegmentedRaftLogWorker (SegmentedRaftLogWorker.java:close(228)) - 4d79564c-1113-4bdd-af39-002278d0fa77-SegmentedRaftLogWorker:Storage Directory /workdir/hadoop-ozone/integration-test/target/test-dir/MiniOzoneClusterImpl-b75b5873-643f-488a-b9f8-130d181fa964/datanode-3/data/ratis/763eef4e-26ef-401a-af6e-b0bf68c2a287 close()
2019-09-09 21:45:05,190 [main] INFO  impl.RaftServerImpl (RaftServerImpl.java:lambda$shutdown$3(245)) - 4d79564c-1113-4bdd-af39-002278d0fa77: shutdown group-D4E61425B1A1
2019-09-09 21:45:05,190 [EventQueue-StaleNodeForStaleNodeHandler] INFO  node.StaleNodeHandler (StaleNodeHandler.java:onMessage(58)) - Datanode 3b0a2b15-582d-49c4-a3da-93fb894c5d0b{ip: 192.168.5.143, host: pr-hdds-2007-bxrz5-4054259085, networkLocation: /default-rack, certSerialId: null} moved to stale state. Finalizing its pipelines [PipelineID=b7a75a62-c606-43bc-b0f1-9b37a9b93dd7, PipelineID=b505e1ed-7db9-4bcd-898f-0ad35246257a]
2019-09-09 21:45:05,190 [main] INFO  util.JmxRegister (JmxRegister.java:unregister(73)) - Successfully un-registered JMX Bean with object name Ratis:service=RaftServer,group=group-D4E61425B1A1,id=4d79564c-1113-4bdd-af39-002278d0fa77
2019-09-09 21:45:05,191 [main] INFO  impl.RoleInfo (RoleInfo.java:shutdownLeaderState(104)) - 4d79564c-1113-4bdd-af39-002278d0fa77: shutdown LeaderState
2019-09-09 21:45:05,191 [EventQueue-StaleNodeForStaleNodeHandler] INFO  pipeline.SCMPipelineManager (SCMPipelineManager.java:finalizeAndDestroyPipeline(311)) - destroying pipeline:Pipeline[ Id: b7a75a62-c606-43bc-b0f1-9b37a9b93dd7, Nodes: 3b0a2b15-582d-49c4-a3da-93fb894c5d0b{ip: 192.168.5.143, host: pr-hdds-2007-bxrz5-4054259085, networkLocation: /default-rack, certSerialId: null}23a608ef-ac53-4715-b4b8-1f1f435112fa{ip: 192.168.5.143, host: pr-hdds-2007-bxrz5-4054259085, networkLocation: /default-rack, certSerialId: null}3bb905b4-e1b5-44cf-bff0-d2acb22bd644{ip: 192.168.5.143, host: pr-hdds-2007-bxrz5-4054259085, networkLocation: /default-rack, certSerialId: null}, Type:RATIS, Factor:THREE, State:OPEN]
2019-09-09 21:45:05,191 [main] INFO  impl.PendingRequests (PendingRequests.java:sendNotLeaderResponses(202)) - 4d79564c-1113-4bdd-af39-002278d0fa77-PendingRequests: sendNotLeaderResponses
2019-09-09 21:45:05,192 [EventQueue-StaleNodeForStaleNodeHandler] INFO  pipeline.PipelineStateManager (PipelineStateManager.java:finalizePipeline(123)) - Pipeline Pipeline[ Id: b7a75a62-c606-43bc-b0f1-9b37a9b93dd7, Nodes: 3b0a2b15-582d-49c4-a3da-93fb894c5d0b{ip: 192.168.5.143, host: pr-hdds-2007-bxrz5-4054259085, networkLocation: /default-rack, certSerialId: null}23a608ef-ac53-4715-b4b8-1f1f435112fa{ip: 192.168.5.143, host: pr-hdds-2007-bxrz5-4054259085, networkLocation: /default-rack, certSerialId: null}3bb905b4-e1b5-44cf-bff0-d2acb22bd644{ip: 192.168.5.143, host: pr-hdds-2007-bxrz5-4054259085, networkLocation: /default-rack, certSerialId: null}, Type:RATIS, Factor:THREE, State:CLOSED] moved to CLOSED state
2019-09-09 21:45:05,192 [main] INFO  impl.StateMachineUpdater (StateMachineUpdater.java:stopAndJoin(115)) - StateMachineUpdater:4d79564c-1113-4bdd-af39-002278d0fa77:group-D4E61425B1A1: set stopIndex = 0
2019-09-09 21:45:05,193 [EventQueue-StaleNodeForStaleNodeHandler] INFO  pipeline.SCMPipelineManager (SCMPipelineManager.java:finalizeAndDestroyPipeline(311)) - destroying pipeline:Pipeline[ Id: b505e1ed-7db9-4bcd-898f-0ad35246257a, Nodes: 3b0a2b15-582d-49c4-a3da-93fb894c5d0b{ip: 192.168.5.143, host: pr-hdds-2007-bxrz5-4054259085, networkLocation: /default-rack, certSerialId: null}, Type:RATIS, Factor:ONE, State:OPEN]
2019-09-09 21:45:05,192 [EventQueue-CloseContainerForCloseContainerEventHandler] INFO  container.CloseContainerEventHandler (CloseContainerEventHandler.java:onMessage(61)) - Close container Event triggered for container : #1
2019-09-09 21:45:05,193 [EventQueue-StaleNodeForStaleNodeHandler] INFO  pipeline.PipelineStateManager (PipelineStateManager.java:finalizePipeline(123)) - Pipeline Pipeline[ Id: b505e1ed-7db9-4bcd-898f-0ad35246257a, Nodes: 3b0a2b15-582d-49c4-a3da-93fb894c5d0b{ip: 192.168.5.143, host: pr-hdds-2007-bxrz5-4054259085, networkLocation: /default-rack, certSerialId: null}, Type:RATIS, Factor:ONE, State:CLOSED] moved to CLOSED state
2019-09-09 21:45:05,193 [main] INFO  impl.RaftServerImpl (ServerState.java:close(394)) - 4d79564c-1113-4bdd-af39-002278d0fa77:group-D4E61425B1A1 closes. The last applied log index is 0
2019-09-09 21:45:05,194 [4d79564c-1113-4bdd-af39-002278d0fa77-SegmentedRaftLogWorker:Storage Directory /workdir/hadoop-ozone/integration-test/target/test-dir/MiniOzoneClusterImpl-b75b5873-643f-488a-b9f8-130d181fa964/datanode-3/data/ratis/330a14e9-f52c-4279-a25d-d4e61425b1a1] INFO  segmented.SegmentedRaftLogWorker (SegmentedRaftLogWorker.java:run(313)) - 4d79564c-1113-4bdd-af39-002278d0fa77-SegmentedRaftLogWorker:Storage Directory /workdir/hadoop-ozone/integration-test/target/test-dir/MiniOzoneClusterImpl-b75b5873-643f-488a-b9f8-130d181fa964/datanode-3/data/ratis/330a14e9-f52c-4279-a25d-d4e61425b1a1 was interrupted, exiting. There are 0 tasks remaining in the queue.
2019-09-09 21:45:05,195 [main] INFO  segmented.SegmentedRaftLogWorker (SegmentedRaftLogWorker.java:close(228)) - 4d79564c-1113-4bdd-af39-002278d0fa77-SegmentedRaftLogWorker:Storage Directory /workdir/hadoop-ozone/integration-test/target/test-dir/MiniOzoneClusterImpl-b75b5873-643f-488a-b9f8-130d181fa964/datanode-3/data/ratis/330a14e9-f52c-4279-a25d-d4e61425b1a1 close()
2019-09-09 21:45:05,198 [main] INFO  server.GrpcService (GrpcService.java:closeImpl(155)) - 4d79564c-1113-4bdd-af39-002278d0fa77: shutdown server with port 38539 now
2019-09-09 21:45:05,202 [main] INFO  server.GrpcService (GrpcService.java:closeImpl(163)) - 4d79564c-1113-4bdd-af39-002278d0fa77: shutdown server with port 38539 successfully
2019-09-09 21:45:05,204 [refreshUsed-/workdir/hadoop-ozone/integration-test/target/test-dir/MiniOzoneClusterImpl-b75b5873-643f-488a-b9f8-130d181fa964/datanode-3/data/containers] WARN  fs.CachingGetSpaceUsed (CachingGetSpaceUsed.java:run(183)) - Thread Interrupted waiting to refresh disk information: sleep interrupted
2019-09-09 21:45:05,205 [ForkJoinPool.commonPool-worker-0] INFO  ozoneimpl.OzoneContainer (OzoneContainer.java:stop(215)) - Attempting to stop container services.
2019-09-09 21:45:05,205 [ForkJoinPool.commonPool-worker-0] INFO  impl.RaftServerProxy (RaftServerProxy.java:lambda$close$4(314)) - 3b0a2b15-582d-49c4-a3da-93fb894c5d0b: close
2019-09-09 21:45:05,206 [ForkJoinPool.commonPool-worker-0] INFO  impl.RaftServerImpl (RaftServerImpl.java:lambda$shutdown$3(245)) - 3b0a2b15-582d-49c4-a3da-93fb894c5d0b: shutdown group-9B37A9B93DD7
2019-09-09 21:45:05,206 [ForkJoinPool.commonPool-worker-0] INFO  util.JmxRegister (JmxRegister.java:unregister(73)) - Successfully un-registered JMX Bean with object name Ratis:service=RaftServer,group=group-9B37A9B93DD7,id=3b0a2b15-582d-49c4-a3da-93fb894c5d0b
2019-09-09 21:45:05,206 [ForkJoinPool.commonPool-worker-0] INFO  impl.RoleInfo (RoleInfo.java:shutdownLeaderState(104)) - 3b0a2b15-582d-49c4-a3da-93fb894c5d0b: shutdown LeaderState
2019-09-09 21:45:05,209 [ForkJoinPool.commonPool-worker-0] INFO  impl.PendingRequests (PendingRequests.java:sendNotLeaderResponses(202)) - 3b0a2b15-582d-49c4-a3da-93fb894c5d0b-PendingRequests: sendNotLeaderResponses
2019-09-09 21:45:05,210 [org.apache.ratis.server.impl.LogAppender$AppenderDaemon$$Lambda$531/282134687@47968289] WARN  server.GrpcLogAppender (GrpcLogAppender.java:mayWait(143)) - GrpcLogAppender(3b0a2b15-582d-49c4-a3da-93fb894c5d0b->23a608ef-ac53-4715-b4b8-1f1f435112fa): Wait interrupted by java.lang.InterruptedException
2019-09-09 21:45:05,213 [StateMachineUpdater:3b0a2b15-582d-49c4-a3da-93fb894c5d0b:group-9B37A9B93DD7] INFO  ratis.ContainerStateMachine (ContainerStateMachine.java:takeSnapshot(284)) - group-9B37A9B93DD7: Taking a snapshot at:(t:2, i:14) file /workdir/hadoop-ozone/integration-test/target/test-dir/MiniOzoneClusterImpl-b75b5873-643f-488a-b9f8-130d181fa964/datanode-2/data/ratis/b7a75a62-c606-43bc-b0f1-9b37a9b93dd7/sm/snapshot.2_14
2019-09-09 21:45:05,213 [ForkJoinPool.commonPool-worker-0] INFO  impl.StateMachineUpdater (StateMachineUpdater.java:stopAndJoin(115)) - StateMachineUpdater:3b0a2b15-582d-49c4-a3da-93fb894c5d0b:group-9B37A9B93DD7: set stopIndex = 16
2019-09-09 21:45:05,210 [org.apache.ratis.server.impl.LogAppender$AppenderDaemon$$Lambda$531/282134687@23037808] WARN  server.GrpcLogAppender (GrpcLogAppender.java:mayWait(143)) - GrpcLogAppender(3b0a2b15-582d-49c4-a3da-93fb894c5d0b->3bb905b4-e1b5-44cf-bff0-d2acb22bd644): Wait interrupted by java.lang.InterruptedException
2019-09-09 21:45:05,215 [grpc-default-executor-0] INFO  server.GrpcServerProtocolService (GrpcServerProtocolService.java:onCompleted(104)) - 23a608ef-ac53-4715-b4b8-1f1f435112fa: appendEntries completed
2019-09-09 21:45:05,216 [grpc-default-executor-0] INFO  server.GrpcServerProtocolService (GrpcServerProtocolService.java:onCompleted(104)) - 3bb905b4-e1b5-44cf-bff0-d2acb22bd644: appendEntries completed
2019-09-09 21:45:05,216 [grpc-default-executor-0] INFO  server.GrpcLogAppender (GrpcLogAppender.java:onCompleted(292)) - 3b0a2b15-582d-49c4-a3da-93fb894c5d0b->23a608ef-ac53-4715-b4b8-1f1f435112fa: follower responses appendEntries COMPLETED
2019-09-09 21:45:05,219 [grpc-default-executor-0] INFO  impl.FollowerInfo (FollowerInfo.java:lambda$new$0(50)) - 3b0a2b15-582d-49c4-a3da-93fb894c5d0b->23a608ef-ac53-4715-b4b8-1f1f435112fa: nextIndex: updateUnconditionally 17 -> 16
2019-09-09 21:45:05,219 [grpc-default-executor-1] INFO  server.GrpcLogAppender (GrpcLogAppender.java:onCompleted(292)) - 3b0a2b15-582d-49c4-a3da-93fb894c5d0b->3bb905b4-e1b5-44cf-bff0-d2acb22bd644: follower responses appendEntries COMPLETED
2019-09-09 21:45:05,227 [grpc-default-executor-1] INFO  impl.FollowerInfo (FollowerInfo.java:lambda$new$0(50)) - 3b0a2b15-582d-49c4-a3da-93fb894c5d0b->3bb905b4-e1b5-44cf-bff0-d2acb22bd644: nextIndex: updateUnconditionally 17 -> 16
2019-09-09 21:45:05,241 [main] INFO  utils.BackgroundService (BackgroundService.java:shutdown(148)) - Shutting down service BlockDeletingService
2019-09-09 21:45:05,245 [main] INFO  statemachine.DatanodeStateMachine (DatanodeStateMachine.java:stopDaemon(395)) - Ozone container server stopped.
2019-09-09 21:45:05,246 [main] INFO  handler.ContextHandler (ContextHandler.java:doStop(910)) - Stopped o.e.j.w.WebAppContext@378cfecf{/,null,UNAVAILABLE}{/hddsDatanode}
2019-09-09 21:45:05,247 [main] INFO  server.AbstractConnector (AbstractConnector.java:doStop(318)) - Stopped ServerConnector@97d0c06{HTTP/1.1,[http/1.1]}{0.0.0.0:0}
2019-09-09 21:45:05,248 [main] INFO  handler.ContextHandler (ContextHandler.java:doStop(910)) - Stopped o.e.j.s.ServletContextHandler@118ffcfd{/static,jar:file:/home/user/.m2/repository/org/apache/hadoop/hadoop-hdds-container-service/0.5.0-SNAPSHOT/hadoop-hdds-container-service-0.5.0-SNAPSHOT.jar!/webapps/static,UNAVAILABLE}
2019-09-09 21:45:05,248 [main] INFO  handler.ContextHandler (ContextHandler.java:doStop(910)) - Stopped o.e.j.s.ServletContextHandler@5a6fa56e{/logs,file:///workdir/hadoop-ozone/integration-test/target/log,UNAVAILABLE}
2019-09-09 21:45:05,255 [StateMachineUpdater:3b0a2b15-582d-49c4-a3da-93fb894c5d0b:group-9B37A9B93DD7] INFO  ratis.ContainerStateMachine (ContainerStateMachine.java:takeSnapshot(295)) - group-9B37A9B93DD7: Finished taking a snapshot at:(t:2, i:14) file:/workdir/hadoop-ozone/integration-test/target/test-dir/MiniOzoneClusterImpl-b75b5873-643f-488a-b9f8-130d181fa964/datanode-2/data/ratis/b7a75a62-c606-43bc-b0f1-9b37a9b93dd7/sm/snapshot.2_14 time:42
2019-09-09 21:45:05,255 [StateMachineUpdater:3b0a2b15-582d-49c4-a3da-93fb894c5d0b:group-9B37A9B93DD7] INFO  impl.StateMachineUpdater (StateMachineUpdater.java:takeSnapshot(242)) - StateMachineUpdater:3b0a2b15-582d-49c4-a3da-93fb894c5d0b:group-9B37A9B93DD7: Took a snapshot at index 14
2019-09-09 21:45:05,255 [StateMachineUpdater:3b0a2b15-582d-49c4-a3da-93fb894c5d0b:group-9B37A9B93DD7] INFO  impl.StateMachineUpdater (StateMachineUpdater.java:lambda$new$0(80)) - StateMachineUpdater:3b0a2b15-582d-49c4-a3da-93fb894c5d0b:group-9B37A9B93DD7: snapshotIndex: updateIncreasingly -1 -> 14
2019-09-09 21:45:05,256 [ForkJoinPool.commonPool-worker-0] INFO  impl.RaftServerImpl (ServerState.java:close(394)) - 3b0a2b15-582d-49c4-a3da-93fb894c5d0b:group-9B37A9B93DD7 closes. The last applied log index is 16
2019-09-09 21:45:05,256 [3b0a2b15-582d-49c4-a3da-93fb894c5d0b-SegmentedRaftLogWorker:Storage Directory /workdir/hadoop-ozone/integration-test/target/test-dir/MiniOzoneClusterImpl-b75b5873-643f-488a-b9f8-130d181fa964/datanode-2/data/ratis/b7a75a62-c606-43bc-b0f1-9b37a9b93dd7] INFO  segmented.SegmentedRaftLogWorker (SegmentedRaftLogWorker.java:run(313)) - 3b0a2b15-582d-49c4-a3da-93fb894c5d0b-SegmentedRaftLogWorker:Storage Directory /workdir/hadoop-ozone/integration-test/target/test-dir/MiniOzoneClusterImpl-b75b5873-643f-488a-b9f8-130d181fa964/datanode-2/data/ratis/b7a75a62-c606-43bc-b0f1-9b37a9b93dd7 was interrupted, exiting. There are 0 tasks remaining in the queue.
2019-09-09 21:45:05,257 [ForkJoinPool.commonPool-worker-0] INFO  segmented.SegmentedRaftLogWorker (SegmentedRaftLogWorker.java:close(228)) - 3b0a2b15-582d-49c4-a3da-93fb894c5d0b-SegmentedRaftLogWorker:Storage Directory /workdir/hadoop-ozone/integration-test/target/test-dir/MiniOzoneClusterImpl-b75b5873-643f-488a-b9f8-130d181fa964/datanode-2/data/ratis/b7a75a62-c606-43bc-b0f1-9b37a9b93dd7 close()
2019-09-09 21:45:05,259 [ForkJoinPool.commonPool-worker-0] INFO  impl.RaftServerImpl (RaftServerImpl.java:lambda$shutdown$3(245)) - 3b0a2b15-582d-49c4-a3da-93fb894c5d0b: shutdown group-0AD35246257A
2019-09-09 21:45:05,260 [ForkJoinPool.commonPool-worker-0] INFO  util.JmxRegister (JmxRegister.java:unregister(73)) - Successfully un-registered JMX Bean with object name Ratis:service=RaftServer,group=group-0AD35246257A,id=3b0a2b15-582d-49c4-a3da-93fb894c5d0b
2019-09-09 21:45:05,260 [ForkJoinPool.commonPool-worker-0] INFO  impl.RoleInfo (RoleInfo.java:shutdownLeaderState(104)) - 3b0a2b15-582d-49c4-a3da-93fb894c5d0b: shutdown LeaderState
2019-09-09 21:45:05,260 [ForkJoinPool.commonPool-worker-0] INFO  impl.PendingRequests (PendingRequests.java:sendNotLeaderResponses(202)) - 3b0a2b15-582d-49c4-a3da-93fb894c5d0b-PendingRequests: sendNotLeaderResponses
2019-09-09 21:45:05,260 [ForkJoinPool.commonPool-worker-0] INFO  impl.StateMachineUpdater (StateMachineUpdater.java:stopAndJoin(115)) - StateMachineUpdater:3b0a2b15-582d-49c4-a3da-93fb894c5d0b:group-0AD35246257A: set stopIndex = 0
2019-09-09 21:45:05,261 [ForkJoinPool.commonPool-worker-0] INFO  impl.RaftServerImpl (ServerState.java:close(394)) - 3b0a2b15-582d-49c4-a3da-93fb894c5d0b:group-0AD35246257A closes. The last applied log index is 0
2019-09-09 21:45:05,261 [3b0a2b15-582d-49c4-a3da-93fb894c5d0b-SegmentedRaftLogWorker:Storage Directory /workdir/hadoop-ozone/integration-test/target/test-dir/MiniOzoneClusterImpl-b75b5873-643f-488a-b9f8-130d181fa964/datanode-2/data/ratis/b505e1ed-7db9-4bcd-898f-0ad35246257a] INFO  segmented.SegmentedRaftLogWorker (SegmentedRaftLogWorker.java:run(313)) - 3b0a2b15-582d-49c4-a3da-93fb894c5d0b-SegmentedRaftLogWorker:Storage Directory /workdir/hadoop-ozone/integration-test/target/test-dir/MiniOzoneClusterImpl-b75b5873-643f-488a-b9f8-130d181fa964/datanode-2/data/ratis/b505e1ed-7db9-4bcd-898f-0ad35246257a was interrupted, exiting. There are 0 tasks remaining in the queue.
2019-09-09 21:45:05,262 [ForkJoinPool.commonPool-worker-0] INFO  segmented.SegmentedRaftLogWorker (SegmentedRaftLogWorker.java:close(228)) - 3b0a2b15-582d-49c4-a3da-93fb894c5d0b-SegmentedRaftLogWorker:Storage Directory /workdir/hadoop-ozone/integration-test/target/test-dir/MiniOzoneClusterImpl-b75b5873-643f-488a-b9f8-130d181fa964/datanode-2/data/ratis/b505e1ed-7db9-4bcd-898f-0ad35246257a close()
2019-09-09 21:45:05,265 [ForkJoinPool.commonPool-worker-0] INFO  server.GrpcService (GrpcService.java:closeImpl(155)) - 3b0a2b15-582d-49c4-a3da-93fb894c5d0b: shutdown server with port 45724 now
2019-09-09 21:45:05,267 [ForkJoinPool.commonPool-worker-0] INFO  server.GrpcService (GrpcService.java:closeImpl(163)) - 3b0a2b15-582d-49c4-a3da-93fb894c5d0b: shutdown server with port 45724 successfully
2019-09-09 21:45:05,269 [grpc-default-executor-1] WARN  client.GrpcClientProtocolService (LogUtils.java:warn(134)) - 5-UnorderedRequestStreamObserver5: onError: org.apache.ratis.thirdparty.io.grpc.StatusRuntimeException: CANCELLED: cancelled before receiving half close
2019-09-09 21:45:05,271 [refreshUsed-/workdir/hadoop-ozone/integration-test/target/test-dir/MiniOzoneClusterImpl-b75b5873-643f-488a-b9f8-130d181fa964/datanode-2/data/containers] WARN  fs.CachingGetSpaceUsed (CachingGetSpaceUsed.java:run(183)) - Thread Interrupted waiting to refresh disk information: sleep interrupted
2019-09-09 21:45:05,291 [ForkJoinPool.commonPool-worker-0] INFO  utils.BackgroundService (BackgroundService.java:shutdown(148)) - Shutting down service BlockDeletingService
2019-09-09 21:45:05,295 [ForkJoinPool.commonPool-worker-0] INFO  statemachine.DatanodeStateMachine (DatanodeStateMachine.java:stopDaemon(395)) - Ozone container server stopped.
2019-09-09 21:45:05,300 [ForkJoinPool.commonPool-worker-0] INFO  handler.ContextHandler (ContextHandler.java:doStop(910)) - Stopped o.e.j.w.WebAppContext@28da7d11{/,null,UNAVAILABLE}{/hddsDatanode}
2019-09-09 21:45:05,300 [ForkJoinPool.commonPool-worker-0] INFO  server.AbstractConnector (AbstractConnector.java:doStop(318)) - Stopped ServerConnector@77b919a3{HTTP/1.1,[http/1.1]}{0.0.0.0:0}
2019-09-09 21:45:05,302 [ForkJoinPool.commonPool-worker-0] INFO  handler.ContextHandler (ContextHandler.java:doStop(910)) - Stopped o.e.j.s.ServletContextHandler@5e5af8e1{/static,jar:file:/home/user/.m2/repository/org/apache/hadoop/hadoop-hdds-container-service/0.5.0-SNAPSHOT/hadoop-hdds-container-service-0.5.0-SNAPSHOT.jar!/webapps/static,UNAVAILABLE}
2019-09-09 21:45:05,303 [ForkJoinPool.commonPool-worker-0] INFO  handler.ContextHandler (ContextHandler.java:doStop(910)) - Stopped o.e.j.s.ServletContextHandler@52d97ab6{/logs,file:///workdir/hadoop-ozone/integration-test/target/log,UNAVAILABLE}
2019-09-09 21:45:05,861 [Datanode State Machine Thread - 0] INFO  statemachine.DatanodeStateMachine (DatanodeStateMachine.java:lambda$startDaemon$0(350)) - Ozone container server started.
2019-09-09 21:45:06,130 [Datanode State Machine Thread - 0] INFO  statemachine.DatanodeStateMachine (DatanodeStateMachine.java:lambda$startDaemon$0(350)) - Ozone container server started.
2019-09-09 21:45:08,989 [Thread-452] INFO  impl.FollowerState (FollowerState.java:run(106)) - 32341634-9b92-4130-8eac-3e0d512fb107:group-B0BF68C2A287 changes to CANDIDATE, lastRpcTime:9072, electionTimeout:5061ms
2019-09-09 21:45:08,989 [Thread-452] INFO  impl.RoleInfo (RoleInfo.java:shutdownFollowerState(121)) - 32341634-9b92-4130-8eac-3e0d512fb107: shutdown FollowerState
2019-09-09 21:45:08,989 [Thread-452] INFO  impl.RaftServerImpl (RaftServerImpl.java:setRole(171)) - 32341634-9b92-4130-8eac-3e0d512fb107:group-B0BF68C2A287 changes role from FOLLOWER to CANDIDATE at term 3 for changeToCandidate
2019-09-09 21:45:08,990 [Thread-452] INFO  impl.RoleInfo (RoleInfo.java:updateAndGet(143)) - 32341634-9b92-4130-8eac-3e0d512fb107: start LeaderElection
2019-09-09 21:45:08,992 [32341634-9b92-4130-8eac-3e0d512fb107:group-B0BF68C2A287:LeaderElection20] INFO  impl.RaftServerImpl (ServerState.java:setLeader(263)) - 32341634-9b92-4130-8eac-3e0d512fb107:group-B0BF68C2A287 change Leader from fbdf3db3-aa74-47af-a58b-928f4cb9f492 to null at term 3 for initElection
2019-09-09 21:45:09,006 [32341634-9b92-4130-8eac-3e0d512fb107:group-B0BF68C2A287:LeaderElection20] INFO  impl.LeaderElection (LeaderElection.java:askForVotes(181)) - 32341634-9b92-4130-8eac-3e0d512fb107:group-B0BF68C2A287:LeaderElection20: begin an election at term 4 for 0: [4d79564c-1113-4bdd-af39-002278d0fa77:192.168.5.143:38539, 32341634-9b92-4130-8eac-3e0d512fb107:192.168.5.143:40643, fbdf3db3-aa74-47af-a58b-928f4cb9f492:192.168.5.143:39164], old=null
2019-09-09 21:45:09,022 [32341634-9b92-4130-8eac-3e0d512fb107:group-B0BF68C2A287:LeaderElection20] INFO  impl.LeaderElection (LogUtils.java:infoOrTrace(149)) - 32341634-9b92-4130-8eac-3e0d512fb107:group-B0BF68C2A287:LeaderElection20 got exception when requesting votes: {}
java.util.concurrent.ExecutionException: org.apache.ratis.thirdparty.io.grpc.StatusRuntimeException: UNAVAILABLE: io exception
	at java.util.concurrent.FutureTask.report(FutureTask.java:122)
	at java.util.concurrent.FutureTask.get(FutureTask.java:192)
	at org.apache.ratis.server.impl.LeaderElection.waitForResults(LeaderElection.java:262)
	at org.apache.ratis.server.impl.LeaderElection.askForVotes(LeaderElection.java:200)
	at org.apache.ratis.server.impl.LeaderElection.run(LeaderElection.java:130)
	at java.lang.Thread.run(Thread.java:748)
Caused by: org.apache.ratis.thirdparty.io.grpc.StatusRuntimeException: UNAVAILABLE: io exception
	at org.apache.ratis.thirdparty.io.grpc.stub.ClientCalls.toStatusRuntimeException(ClientCalls.java:233)
	at org.apache.ratis.thirdparty.io.grpc.stub.ClientCalls.getUnchecked(ClientCalls.java:214)
	at org.apache.ratis.thirdparty.io.grpc.stub.ClientCalls.blockingUnaryCall(ClientCalls.java:139)
	at org.apache.ratis.proto.grpc.RaftServerProtocolServiceGrpc$RaftServerProtocolServiceBlockingStub.requestVote(RaftServerProtocolServiceGrpc.java:265)
	at org.apache.ratis.grpc.server.GrpcServerProtocolClient.requestVote(GrpcServerProtocolClient.java:83)
	at org.apache.ratis.grpc.server.GrpcService.requestVote(GrpcService.java:195)
	at org.apache.ratis.server.impl.LeaderElection.lambda$submitRequests$1(LeaderElection.java:237)
	at java.util.concurrent.FutureTask.run(FutureTask.java:266)
	at java.util.concurrent.Executors$RunnableAdapter.call(Executors.java:511)
	at java.util.concurrent.FutureTask.run(FutureTask.java:266)
	at java.util.concurrent.ThreadPoolExecutor.runWorker(ThreadPoolExecutor.java:1149)
	at java.util.concurrent.ThreadPoolExecutor$Worker.run(ThreadPoolExecutor.java:624)
	... 1 more
Caused by: org.apache.ratis.thirdparty.io.netty.channel.AbstractChannel$AnnotatedConnectException: Connection refused: /192.168.5.143:38539
	at sun.nio.ch.SocketChannelImpl.checkConnect(Native Method)
	at sun.nio.ch.SocketChannelImpl.finishConnect(SocketChannelImpl.java:717)
	at org.apache.ratis.thirdparty.io.netty.channel.socket.nio.NioSocketChannel.doFinishConnect(NioSocketChannel.java:327)
	at org.apache.ratis.thirdparty.io.netty.channel.nio.AbstractNioChannel$AbstractNioUnsafe.finishConnect(AbstractNioChannel.java:340)
	at org.apache.ratis.thirdparty.io.netty.channel.nio.NioEventLoop.processSelectedKey(NioEventLoop.java:632)
	at org.apache.ratis.thirdparty.io.netty.channel.nio.NioEventLoop.processSelectedKeysOptimized(NioEventLoop.java:579)
	at org.apache.ratis.thirdparty.io.netty.channel.nio.NioEventLoop.processSelectedKeys(NioEventLoop.java:496)
	at org.apache.ratis.thirdparty.io.netty.channel.nio.NioEventLoop.run(NioEventLoop.java:458)
	at org.apache.ratis.thirdparty.io.netty.util.concurrent.SingleThreadEventExecutor$5.run(SingleThreadEventExecutor.java:897)
	at org.apache.ratis.thirdparty.io.netty.util.concurrent.FastThreadLocalRunnable.run(FastThreadLocalRunnable.java:30)
	... 1 more
Caused by: java.net.ConnectException: Connection refused
	... 11 more
2019-09-09 21:45:09,024 [32341634-9b92-4130-8eac-3e0d512fb107:group-B0BF68C2A287:LeaderElection20] INFO  impl.LeaderElection (LogUtils.java:infoOrTrace(149)) - 32341634-9b92-4130-8eac-3e0d512fb107:group-B0BF68C2A287:LeaderElection20 got exception when requesting votes: {}
java.util.concurrent.ExecutionException: org.apache.ratis.thirdparty.io.grpc.StatusRuntimeException: UNAVAILABLE: io exception
	at java.util.concurrent.FutureTask.report(FutureTask.java:122)
	at java.util.concurrent.FutureTask.get(FutureTask.java:192)
	at org.apache.ratis.server.impl.LeaderElection.waitForResults(LeaderElection.java:262)
	at org.apache.ratis.server.impl.LeaderElection.askForVotes(LeaderElection.java:200)
	at org.apache.ratis.server.impl.LeaderElection.run(LeaderElection.java:130)
	at java.lang.Thread.run(Thread.java:748)
Caused by: org.apache.ratis.thirdparty.io.grpc.StatusRuntimeException: UNAVAILABLE: io exception
	at org.apache.ratis.thirdparty.io.grpc.stub.ClientCalls.toStatusRuntimeException(ClientCalls.java:233)
	at org.apache.ratis.thirdparty.io.grpc.stub.ClientCalls.getUnchecked(ClientCalls.java:214)
	at org.apache.ratis.thirdparty.io.grpc.stub.ClientCalls.blockingUnaryCall(ClientCalls.java:139)
	at org.apache.ratis.proto.grpc.RaftServerProtocolServiceGrpc$RaftServerProtocolServiceBlockingStub.requestVote(RaftServerProtocolServiceGrpc.java:265)
	at org.apache.ratis.grpc.server.GrpcServerProtocolClient.requestVote(GrpcServerProtocolClient.java:83)
	at org.apache.ratis.grpc.server.GrpcService.requestVote(GrpcService.java:195)
	at org.apache.ratis.server.impl.LeaderElection.lambda$submitRequests$1(LeaderElection.java:237)
	at java.util.concurrent.FutureTask.run(FutureTask.java:266)
	at java.util.concurrent.Executors$RunnableAdapter.call(Executors.java:511)
	at java.util.concurrent.FutureTask.run(FutureTask.java:266)
	at java.util.concurrent.ThreadPoolExecutor.runWorker(ThreadPoolExecutor.java:1149)
	at java.util.concurrent.ThreadPoolExecutor$Worker.run(ThreadPoolExecutor.java:624)
	... 1 more
Caused by: org.apache.ratis.thirdparty.io.netty.channel.AbstractChannel$AnnotatedConnectException: Connection refused: /192.168.5.143:39164
	at sun.nio.ch.SocketChannelImpl.checkConnect(Native Method)
	at sun.nio.ch.SocketChannelImpl.finishConnect(SocketChannelImpl.java:717)
	at org.apache.ratis.thirdparty.io.netty.channel.socket.nio.NioSocketChannel.doFinishConnect(NioSocketChannel.java:327)
	at org.apache.ratis.thirdparty.io.netty.channel.nio.AbstractNioChannel$AbstractNioUnsafe.finishConnect(AbstractNioChannel.java:340)
	at org.apache.ratis.thirdparty.io.netty.channel.nio.NioEventLoop.processSelectedKey(NioEventLoop.java:632)
	at org.apache.ratis.thirdparty.io.netty.channel.nio.NioEventLoop.processSelectedKeysOptimized(NioEventLoop.java:579)
	at org.apache.ratis.thirdparty.io.netty.channel.nio.NioEventLoop.processSelectedKeys(NioEventLoop.java:496)
	at org.apache.ratis.thirdparty.io.netty.channel.nio.NioEventLoop.run(NioEventLoop.java:458)
	at org.apache.ratis.thirdparty.io.netty.util.concurrent.SingleThreadEventExecutor$5.run(SingleThreadEventExecutor.java:897)
	at org.apache.ratis.thirdparty.io.netty.util.concurrent.FastThreadLocalRunnable.run(FastThreadLocalRunnable.java:30)
	... 1 more
Caused by: java.net.ConnectException: Connection refused
	... 11 more
2019-09-09 21:45:09,026 [32341634-9b92-4130-8eac-3e0d512fb107:group-B0BF68C2A287:LeaderElection20] INFO  impl.LeaderElection (LeaderElection.java:logAndReturn(56)) - 32341634-9b92-4130-8eac-3e0d512fb107:group-B0BF68C2A287:LeaderElection20: Election REJECTED; received 0 response(s) [] and 2 exception(s); 32341634-9b92-4130-8eac-3e0d512fb107:t4, leader=null, voted=32341634-9b92-4130-8eac-3e0d512fb107, raftlog=32341634-9b92-4130-8eac-3e0d512fb107-SegmentedRaftLog:OPENED:c4,f4,i4, conf=0: [4d79564c-1113-4bdd-af39-002278d0fa77:192.168.5.143:38539, 32341634-9b92-4130-8eac-3e0d512fb107:192.168.5.143:40643, fbdf3db3-aa74-47af-a58b-928f4cb9f492:192.168.5.143:39164], old=null
2019-09-09 21:45:09,027 [32341634-9b92-4130-8eac-3e0d512fb107:group-B0BF68C2A287:LeaderElection20] INFO  impl.LeaderElection (LogUtils.java:infoOrTrace(149)) -   Exception 0: {}
java.util.concurrent.ExecutionException: org.apache.ratis.thirdparty.io.grpc.StatusRuntimeException: UNAVAILABLE: io exception
	at java.util.concurrent.FutureTask.report(FutureTask.java:122)
	at java.util.concurrent.FutureTask.get(FutureTask.java:192)
	at org.apache.ratis.server.impl.LeaderElection.waitForResults(LeaderElection.java:262)
	at org.apache.ratis.server.impl.LeaderElection.askForVotes(LeaderElection.java:200)
	at org.apache.ratis.server.impl.LeaderElection.run(LeaderElection.java:130)
	at java.lang.Thread.run(Thread.java:748)
Caused by: org.apache.ratis.thirdparty.io.grpc.StatusRuntimeException: UNAVAILABLE: io exception
	at org.apache.ratis.thirdparty.io.grpc.stub.ClientCalls.toStatusRuntimeException(ClientCalls.java:233)
	at org.apache.ratis.thirdparty.io.grpc.stub.ClientCalls.getUnchecked(ClientCalls.java:214)
	at org.apache.ratis.thirdparty.io.grpc.stub.ClientCalls.blockingUnaryCall(ClientCalls.java:139)
	at org.apache.ratis.proto.grpc.RaftServerProtocolServiceGrpc$RaftServerProtocolServiceBlockingStub.requestVote(RaftServerProtocolServiceGrpc.java:265)
	at org.apache.ratis.grpc.server.GrpcServerProtocolClient.requestVote(GrpcServerProtocolClient.java:83)
	at org.apache.ratis.grpc.server.GrpcService.requestVote(GrpcService.java:195)
	at org.apache.ratis.server.impl.LeaderElection.lambda$submitRequests$1(LeaderElection.java:237)
	at java.util.concurrent.FutureTask.run(FutureTask.java:266)
	at java.util.concurrent.Executors$RunnableAdapter.call(Executors.java:511)
	at java.util.concurrent.FutureTask.run(FutureTask.java:266)
	at java.util.concurrent.ThreadPoolExecutor.runWorker(ThreadPoolExecutor.java:1149)
	at java.util.concurrent.ThreadPoolExecutor$Worker.run(ThreadPoolExecutor.java:624)
	... 1 more
Caused by: org.apache.ratis.thirdparty.io.netty.channel.AbstractChannel$AnnotatedConnectException: Connection refused: /192.168.5.143:38539
	at sun.nio.ch.SocketChannelImpl.checkConnect(Native Method)
	at sun.nio.ch.SocketChannelImpl.finishConnect(SocketChannelImpl.java:717)
	at org.apache.ratis.thirdparty.io.netty.channel.socket.nio.NioSocketChannel.doFinishConnect(NioSocketChannel.java:327)
	at org.apache.ratis.thirdparty.io.netty.channel.nio.AbstractNioChannel$AbstractNioUnsafe.finishConnect(AbstractNioChannel.java:340)
	at org.apache.ratis.thirdparty.io.netty.channel.nio.NioEventLoop.processSelectedKey(NioEventLoop.java:632)
	at org.apache.ratis.thirdparty.io.netty.channel.nio.NioEventLoop.processSelectedKeysOptimized(NioEventLoop.java:579)
	at org.apache.ratis.thirdparty.io.netty.channel.nio.NioEventLoop.processSelectedKeys(NioEventLoop.java:496)
	at org.apache.ratis.thirdparty.io.netty.channel.nio.NioEventLoop.run(NioEventLoop.java:458)
	at org.apache.ratis.thirdparty.io.netty.util.concurrent.SingleThreadEventExecutor$5.run(SingleThreadEventExecutor.java:897)
	at org.apache.ratis.thirdparty.io.netty.util.concurrent.FastThreadLocalRunnable.run(FastThreadLocalRunnable.java:30)
	... 1 more
Caused by: java.net.ConnectException: Connection refused
	... 11 more
2019-09-09 21:45:09,027 [32341634-9b92-4130-8eac-3e0d512fb107:group-B0BF68C2A287:LeaderElection20] INFO  impl.LeaderElection (LogUtils.java:infoOrTrace(149)) -   Exception 1: {}
java.util.concurrent.ExecutionException: org.apache.ratis.thirdparty.io.grpc.StatusRuntimeException: UNAVAILABLE: io exception
	at java.util.concurrent.FutureTask.report(FutureTask.java:122)
	at java.util.concurrent.FutureTask.get(FutureTask.java:192)
	at org.apache.ratis.server.impl.LeaderElection.waitForResults(LeaderElection.java:262)
	at org.apache.ratis.server.impl.LeaderElection.askForVotes(LeaderElection.java:200)
	at org.apache.ratis.server.impl.LeaderElection.run(LeaderElection.java:130)
	at java.lang.Thread.run(Thread.java:748)
Caused by: org.apache.ratis.thirdparty.io.grpc.StatusRuntimeException: UNAVAILABLE: io exception
	at org.apache.ratis.thirdparty.io.grpc.stub.ClientCalls.toStatusRuntimeException(ClientCalls.java:233)
	at org.apache.ratis.thirdparty.io.grpc.stub.ClientCalls.getUnchecked(ClientCalls.java:214)
	at org.apache.ratis.thirdparty.io.grpc.stub.ClientCalls.blockingUnaryCall(ClientCalls.java:139)
	at org.apache.ratis.proto.grpc.RaftServerProtocolServiceGrpc$RaftServerProtocolServiceBlockingStub.requestVote(RaftServerProtocolServiceGrpc.java:265)
	at org.apache.ratis.grpc.server.GrpcServerProtocolClient.requestVote(GrpcServerProtocolClient.java:83)
	at org.apache.ratis.grpc.server.GrpcService.requestVote(GrpcService.java:195)
	at org.apache.ratis.server.impl.LeaderElection.lambda$submitRequests$1(LeaderElection.java:237)
	at java.util.concurrent.FutureTask.run(FutureTask.java:266)
	at java.util.concurrent.Executors$RunnableAdapter.call(Executors.java:511)
	at java.util.concurrent.FutureTask.run(FutureTask.java:266)
	at java.util.concurrent.ThreadPoolExecutor.runWorker(ThreadPoolExecutor.java:1149)
	at java.util.concurrent.ThreadPoolExecutor$Worker.run(ThreadPoolExecutor.java:624)
	... 1 more
Caused by: org.apache.ratis.thirdparty.io.netty.channel.AbstractChannel$AnnotatedConnectException: Connection refused: /192.168.5.143:39164
	at sun.nio.ch.SocketChannelImpl.checkConnect(Native Method)
	at sun.nio.ch.SocketChannelImpl.finishConnect(SocketChannelImpl.java:717)
	at org.apache.ratis.thirdparty.io.netty.channel.socket.nio.NioSocketChannel.doFinishConnect(NioSocketChannel.java:327)
	at org.apache.ratis.thirdparty.io.netty.channel.nio.AbstractNioChannel$AbstractNioUnsafe.finishConnect(AbstractNioChannel.java:340)
	at org.apache.ratis.thirdparty.io.netty.channel.nio.NioEventLoop.processSelectedKey(NioEventLoop.java:632)
	at org.apache.ratis.thirdparty.io.netty.channel.nio.NioEventLoop.processSelectedKeysOptimized(NioEventLoop.java:579)
	at org.apache.ratis.thirdparty.io.netty.channel.nio.NioEventLoop.processSelectedKeys(NioEventLoop.java:496)
	at org.apache.ratis.thirdparty.io.netty.channel.nio.NioEventLoop.run(NioEventLoop.java:458)
	at org.apache.ratis.thirdparty.io.netty.util.concurrent.SingleThreadEventExecutor$5.run(SingleThreadEventExecutor.java:897)
	at org.apache.ratis.thirdparty.io.netty.util.concurrent.FastThreadLocalRunnable.run(FastThreadLocalRunnable.java:30)
	... 1 more
Caused by: java.net.ConnectException: Connection refused
	... 11 more
2019-09-09 21:45:09,028 [32341634-9b92-4130-8eac-3e0d512fb107:group-B0BF68C2A287:LeaderElection20] INFO  impl.RaftServerImpl (RaftServerImpl.java:setRole(171)) - 32341634-9b92-4130-8eac-3e0d512fb107:group-B0BF68C2A287 changes role from CANDIDATE to FOLLOWER at term 4 for DISCOVERED_A_NEW_TERM
2019-09-09 21:45:09,028 [32341634-9b92-4130-8eac-3e0d512fb107:group-B0BF68C2A287:LeaderElection20] INFO  impl.RoleInfo (RoleInfo.java:shutdownLeaderElection(134)) - 32341634-9b92-4130-8eac-3e0d512fb107: shutdown LeaderElection
2019-09-09 21:45:09,029 [32341634-9b92-4130-8eac-3e0d512fb107:group-B0BF68C2A287:LeaderElection20] INFO  impl.RoleInfo (RoleInfo.java:updateAndGet(143)) - 32341634-9b92-4130-8eac-3e0d512fb107: start FollowerState
2019-09-09 21:45:09,900 [EventQueue-StaleNodeForStaleNodeHandler] INFO  node.StaleNodeHandler (StaleNodeHandler.java:onMessage(58)) - Datanode 32341634-9b92-4130-8eac-3e0d512fb107{ip: 192.168.5.143, host: pr-hdds-2007-bxrz5-4054259085, networkLocation: /default-rack, certSerialId: null} moved to stale state. Finalizing its pipelines [PipelineID=763eef4e-26ef-401a-af6e-b0bf68c2a287, PipelineID=fb01a7b9-1e32-454d-90aa-f5b007010156]
2019-09-09 21:45:09,900 [EventQueue-StaleNodeForStaleNodeHandler] INFO  pipeline.SCMPipelineManager (SCMPipelineManager.java:finalizeAndDestroyPipeline(311)) - destroying pipeline:Pipeline[ Id: 763eef4e-26ef-401a-af6e-b0bf68c2a287, Nodes: 4d79564c-1113-4bdd-af39-002278d0fa77{ip: 192.168.5.143, host: pr-hdds-2007-bxrz5-4054259085, networkLocation: /default-rack, certSerialId: null}fbdf3db3-aa74-47af-a58b-928f4cb9f492{ip: 192.168.5.143, host: pr-hdds-2007-bxrz5-4054259085, networkLocation: /default-rack, certSerialId: null}32341634-9b92-4130-8eac-3e0d512fb107{ip: 192.168.5.143, host: pr-hdds-2007-bxrz5-4054259085, networkLocation: /default-rack, certSerialId: null}, Type:RATIS, Factor:THREE, State:CLOSED]
2019-09-09 21:45:09,900 [EventQueue-StaleNodeForStaleNodeHandler] INFO  pipeline.SCMPipelineManager (SCMPipelineManager.java:finalizeAndDestroyPipeline(311)) - destroying pipeline:Pipeline[ Id: fb01a7b9-1e32-454d-90aa-f5b007010156, Nodes: 32341634-9b92-4130-8eac-3e0d512fb107{ip: 192.168.5.143, host: pr-hdds-2007-bxrz5-4054259085, networkLocation: /default-rack, certSerialId: null}, Type:RATIS, Factor:ONE, State:OPEN]
2019-09-09 21:45:09,901 [EventQueue-StaleNodeForStaleNodeHandler] INFO  pipeline.PipelineStateManager (PipelineStateManager.java:finalizePipeline(123)) - Pipeline Pipeline[ Id: fb01a7b9-1e32-454d-90aa-f5b007010156, Nodes: 32341634-9b92-4130-8eac-3e0d512fb107{ip: 192.168.5.143, host: pr-hdds-2007-bxrz5-4054259085, networkLocation: /default-rack, certSerialId: null}, Type:RATIS, Factor:ONE, State:CLOSED] moved to CLOSED state
2019-09-09 21:45:10,201 [EventQueue-StaleNodeForStaleNodeHandler] INFO  node.StaleNodeHandler (StaleNodeHandler.java:onMessage(58)) - Datanode 3bb905b4-e1b5-44cf-bff0-d2acb22bd644{ip: 192.168.5.143, host: pr-hdds-2007-bxrz5-4054259085, networkLocation: /default-rack, certSerialId: null} moved to stale state. Finalizing its pipelines [PipelineID=b7a75a62-c606-43bc-b0f1-9b37a9b93dd7, PipelineID=98a73380-a4c3-435e-8aaa-3140eaa934d1]
2019-09-09 21:45:10,202 [EventQueue-StaleNodeForStaleNodeHandler] INFO  pipeline.SCMPipelineManager (SCMPipelineManager.java:finalizeAndDestroyPipeline(311)) - destroying pipeline:Pipeline[ Id: b7a75a62-c606-43bc-b0f1-9b37a9b93dd7, Nodes: 3b0a2b15-582d-49c4-a3da-93fb894c5d0b{ip: 192.168.5.143, host: pr-hdds-2007-bxrz5-4054259085, networkLocation: /default-rack, certSerialId: null}23a608ef-ac53-4715-b4b8-1f1f435112fa{ip: 192.168.5.143, host: pr-hdds-2007-bxrz5-4054259085, networkLocation: /default-rack, certSerialId: null}3bb905b4-e1b5-44cf-bff0-d2acb22bd644{ip: 192.168.5.143, host: pr-hdds-2007-bxrz5-4054259085, networkLocation: /default-rack, certSerialId: null}, Type:RATIS, Factor:THREE, State:CLOSED]
2019-09-09 21:45:10,202 [EventQueue-StaleNodeForStaleNodeHandler] INFO  pipeline.SCMPipelineManager (SCMPipelineManager.java:finalizeAndDestroyPipeline(311)) - destroying pipeline:Pipeline[ Id: 98a73380-a4c3-435e-8aaa-3140eaa934d1, Nodes: 3bb905b4-e1b5-44cf-bff0-d2acb22bd644{ip: 192.168.5.143, host: pr-hdds-2007-bxrz5-4054259085, networkLocation: /default-rack, certSerialId: null}, Type:RATIS, Factor:ONE, State:OPEN]
2019-09-09 21:45:10,203 [EventQueue-StaleNodeForStaleNodeHandler] INFO  pipeline.PipelineStateManager (PipelineStateManager.java:finalizePipeline(123)) - Pipeline Pipeline[ Id: 98a73380-a4c3-435e-8aaa-3140eaa934d1, Nodes: 3bb905b4-e1b5-44cf-bff0-d2acb22bd644{ip: 192.168.5.143, host: pr-hdds-2007-bxrz5-4054259085, networkLocation: /default-rack, certSerialId: null}, Type:RATIS, Factor:ONE, State:CLOSED] moved to CLOSED state
2019-09-09 21:45:10,250 [main] INFO  ozoneimpl.OzoneContainer (OzoneContainer.java:stop(215)) - Attempting to stop container services.
2019-09-09 21:45:10,251 [main] INFO  impl.RaftServerProxy (RaftServerProxy.java:lambda$close$4(314)) - 3bb905b4-e1b5-44cf-bff0-d2acb22bd644: close
2019-09-09 21:45:10,252 [main] INFO  impl.RaftServerImpl (RaftServerImpl.java:lambda$shutdown$3(245)) - 3bb905b4-e1b5-44cf-bff0-d2acb22bd644: shutdown group-9B37A9B93DD7
2019-09-09 21:45:10,253 [main] INFO  util.JmxRegister (JmxRegister.java:unregister(73)) - Successfully un-registered JMX Bean with object name Ratis:service=RaftServer,group=group-9B37A9B93DD7,id=3bb905b4-e1b5-44cf-bff0-d2acb22bd644
2019-09-09 21:45:10,253 [main] INFO  impl.RoleInfo (RoleInfo.java:shutdownFollowerState(121)) - 3bb905b4-e1b5-44cf-bff0-d2acb22bd644: shutdown FollowerState
2019-09-09 21:45:10,254 [main] INFO  impl.StateMachineUpdater (StateMachineUpdater.java:stopAndJoin(115)) - StateMachineUpdater:3bb905b4-e1b5-44cf-bff0-d2acb22bd644:group-9B37A9B93DD7: set stopIndex = 16
2019-09-09 21:45:10,254 [StateMachineUpdater:3bb905b4-e1b5-44cf-bff0-d2acb22bd644:group-9B37A9B93DD7] INFO  ratis.ContainerStateMachine (ContainerStateMachine.java:takeSnapshot(284)) - group-9B37A9B93DD7: Taking a snapshot at:(t:2, i:16) file /workdir/hadoop-ozone/integration-test/target/test-dir/MiniOzoneClusterImpl-b75b5873-643f-488a-b9f8-130d181fa964/datanode-6/data/ratis/b7a75a62-c606-43bc-b0f1-9b37a9b93dd7/sm/snapshot.2_16
2019-09-09 21:45:10,254 [Thread-352] INFO  impl.FollowerState (FollowerState.java:run(114)) - 3bb905b4-e1b5-44cf-bff0-d2acb22bd644: FollowerState was interrupted: java.lang.InterruptedException: sleep interrupted
2019-09-09 21:45:10,267 [StateMachineUpdater:3bb905b4-e1b5-44cf-bff0-d2acb22bd644:group-9B37A9B93DD7] INFO  ratis.ContainerStateMachine (ContainerStateMachine.java:takeSnapshot(295)) - group-9B37A9B93DD7: Finished taking a snapshot at:(t:2, i:16) file:/workdir/hadoop-ozone/integration-test/target/test-dir/MiniOzoneClusterImpl-b75b5873-643f-488a-b9f8-130d181fa964/datanode-6/data/ratis/b7a75a62-c606-43bc-b0f1-9b37a9b93dd7/sm/snapshot.2_16 time:13
2019-09-09 21:45:10,267 [StateMachineUpdater:3bb905b4-e1b5-44cf-bff0-d2acb22bd644:group-9B37A9B93DD7] INFO  impl.StateMachineUpdater (StateMachineUpdater.java:takeSnapshot(242)) - StateMachineUpdater:3bb905b4-e1b5-44cf-bff0-d2acb22bd644:group-9B37A9B93DD7: Took a snapshot at index 16
2019-09-09 21:45:10,267 [StateMachineUpdater:3bb905b4-e1b5-44cf-bff0-d2acb22bd644:group-9B37A9B93DD7] INFO  impl.StateMachineUpdater (StateMachineUpdater.java:lambda$new$0(80)) - StateMachineUpdater:3bb905b4-e1b5-44cf-bff0-d2acb22bd644:group-9B37A9B93DD7: snapshotIndex: updateIncreasingly -1 -> 16
2019-09-09 21:45:10,268 [main] INFO  impl.RaftServerImpl (ServerState.java:close(394)) - 3bb905b4-e1b5-44cf-bff0-d2acb22bd644:group-9B37A9B93DD7 closes. The last applied log index is 16
2019-09-09 21:45:10,268 [3bb905b4-e1b5-44cf-bff0-d2acb22bd644-SegmentedRaftLogWorker:Storage Directory /workdir/hadoop-ozone/integration-test/target/test-dir/MiniOzoneClusterImpl-b75b5873-643f-488a-b9f8-130d181fa964/datanode-6/data/ratis/b7a75a62-c606-43bc-b0f1-9b37a9b93dd7] INFO  segmented.SegmentedRaftLogWorker (SegmentedRaftLogWorker.java:run(313)) - 3bb905b4-e1b5-44cf-bff0-d2acb22bd644-SegmentedRaftLogWorker:Storage Directory /workdir/hadoop-ozone/integration-test/target/test-dir/MiniOzoneClusterImpl-b75b5873-643f-488a-b9f8-130d181fa964/datanode-6/data/ratis/b7a75a62-c606-43bc-b0f1-9b37a9b93dd7 was interrupted, exiting. There are 0 tasks remaining in the queue.
2019-09-09 21:45:10,270 [main] INFO  segmented.SegmentedRaftLogWorker (SegmentedRaftLogWorker.java:close(228)) - 3bb905b4-e1b5-44cf-bff0-d2acb22bd644-SegmentedRaftLogWorker:Storage Directory /workdir/hadoop-ozone/integration-test/target/test-dir/MiniOzoneClusterImpl-b75b5873-643f-488a-b9f8-130d181fa964/datanode-6/data/ratis/b7a75a62-c606-43bc-b0f1-9b37a9b93dd7 close()
2019-09-09 21:45:10,272 [main] INFO  impl.RaftServerImpl (RaftServerImpl.java:lambda$shutdown$3(245)) - 3bb905b4-e1b5-44cf-bff0-d2acb22bd644: shutdown group-3140EAA934D1
2019-09-09 21:45:10,273 [main] INFO  util.JmxRegister (JmxRegister.java:unregister(73)) - Successfully un-registered JMX Bean with object name Ratis:service=RaftServer,group=group-3140EAA934D1,id=3bb905b4-e1b5-44cf-bff0-d2acb22bd644
2019-09-09 21:45:10,273 [main] INFO  impl.RoleInfo (RoleInfo.java:shutdownLeaderState(104)) - 3bb905b4-e1b5-44cf-bff0-d2acb22bd644: shutdown LeaderState
2019-09-09 21:45:10,274 [main] INFO  impl.PendingRequests (PendingRequests.java:sendNotLeaderResponses(202)) - 3bb905b4-e1b5-44cf-bff0-d2acb22bd644-PendingRequests: sendNotLeaderResponses
2019-09-09 21:45:10,274 [main] INFO  impl.StateMachineUpdater (StateMachineUpdater.java:stopAndJoin(115)) - StateMachineUpdater:3bb905b4-e1b5-44cf-bff0-d2acb22bd644:group-3140EAA934D1: set stopIndex = 0
2019-09-09 21:45:10,275 [main] INFO  impl.RaftServerImpl (ServerState.java:close(394)) - 3bb905b4-e1b5-44cf-bff0-d2acb22bd644:group-3140EAA934D1 closes. The last applied log index is 0
2019-09-09 21:45:10,275 [3bb905b4-e1b5-44cf-bff0-d2acb22bd644-SegmentedRaftLogWorker:Storage Directory /workdir/hadoop-ozone/integration-test/target/test-dir/MiniOzoneClusterImpl-b75b5873-643f-488a-b9f8-130d181fa964/datanode-6/data/ratis/98a73380-a4c3-435e-8aaa-3140eaa934d1] INFO  segmented.SegmentedRaftLogWorker (SegmentedRaftLogWorker.java:run(313)) - 3bb905b4-e1b5-44cf-bff0-d2acb22bd644-SegmentedRaftLogWorker:Storage Directory /workdir/hadoop-ozone/integration-test/target/test-dir/MiniOzoneClusterImpl-b75b5873-643f-488a-b9f8-130d181fa964/datanode-6/data/ratis/98a73380-a4c3-435e-8aaa-3140eaa934d1 was interrupted, exiting. There are 0 tasks remaining in the queue.
2019-09-09 21:45:10,277 [main] INFO  segmented.SegmentedRaftLogWorker (SegmentedRaftLogWorker.java:close(228)) - 3bb905b4-e1b5-44cf-bff0-d2acb22bd644-SegmentedRaftLogWorker:Storage Directory /workdir/hadoop-ozone/integration-test/target/test-dir/MiniOzoneClusterImpl-b75b5873-643f-488a-b9f8-130d181fa964/datanode-6/data/ratis/98a73380-a4c3-435e-8aaa-3140eaa934d1 close()
2019-09-09 21:45:10,280 [main] INFO  server.GrpcService (GrpcService.java:closeImpl(155)) - 3bb905b4-e1b5-44cf-bff0-d2acb22bd644: shutdown server with port 36113 now
2019-09-09 21:45:10,281 [main] INFO  server.GrpcService (GrpcService.java:closeImpl(163)) - 3bb905b4-e1b5-44cf-bff0-d2acb22bd644: shutdown server with port 36113 successfully
2019-09-09 21:45:10,284 [refreshUsed-/workdir/hadoop-ozone/integration-test/target/test-dir/MiniOzoneClusterImpl-b75b5873-643f-488a-b9f8-130d181fa964/datanode-6/data/containers] WARN  fs.CachingGetSpaceUsed (CachingGetSpaceUsed.java:run(183)) - Thread Interrupted waiting to refresh disk information: sleep interrupted
2019-09-09 21:45:10,305 [ForkJoinPool.commonPool-worker-0] INFO  ozoneimpl.OzoneContainer (OzoneContainer.java:stop(215)) - Attempting to stop container services.
2019-09-09 21:45:10,305 [ForkJoinPool.commonPool-worker-0] INFO  impl.RaftServerProxy (RaftServerProxy.java:lambda$close$4(314)) - 32341634-9b92-4130-8eac-3e0d512fb107: close
2019-09-09 21:45:10,306 [ForkJoinPool.commonPool-worker-0] INFO  impl.RaftServerImpl (RaftServerImpl.java:lambda$shutdown$3(245)) - 32341634-9b92-4130-8eac-3e0d512fb107: shutdown group-B0BF68C2A287
2019-09-09 21:45:10,306 [ForkJoinPool.commonPool-worker-0] INFO  util.JmxRegister (JmxRegister.java:unregister(73)) - Successfully un-registered JMX Bean with object name Ratis:service=RaftServer,group=group-B0BF68C2A287,id=32341634-9b92-4130-8eac-3e0d512fb107
2019-09-09 21:45:10,306 [ForkJoinPool.commonPool-worker-0] INFO  impl.RoleInfo (RoleInfo.java:shutdownFollowerState(121)) - 32341634-9b92-4130-8eac-3e0d512fb107: shutdown FollowerState
2019-09-09 21:45:10,306 [ForkJoinPool.commonPool-worker-0] INFO  impl.StateMachineUpdater (StateMachineUpdater.java:stopAndJoin(115)) - StateMachineUpdater:32341634-9b92-4130-8eac-3e0d512fb107:group-B0BF68C2A287: set stopIndex = 4
2019-09-09 21:45:10,307 [StateMachineUpdater:32341634-9b92-4130-8eac-3e0d512fb107:group-B0BF68C2A287] INFO  ratis.ContainerStateMachine (ContainerStateMachine.java:takeSnapshot(284)) - group-B0BF68C2A287: Taking a snapshot at:(t:3, i:3) file /workdir/hadoop-ozone/integration-test/target/test-dir/MiniOzoneClusterImpl-b75b5873-643f-488a-b9f8-130d181fa964/datanode-0/data/ratis/763eef4e-26ef-401a-af6e-b0bf68c2a287/sm/snapshot.3_3
2019-09-09 21:45:10,306 [Thread-505] INFO  impl.FollowerState (FollowerState.java:run(114)) - 32341634-9b92-4130-8eac-3e0d512fb107: FollowerState was interrupted: java.lang.InterruptedException: sleep interrupted
2019-09-09 21:45:10,308 [main] INFO  utils.BackgroundService (BackgroundService.java:shutdown(148)) - Shutting down service BlockDeletingService
2019-09-09 21:45:10,312 [main] INFO  statemachine.DatanodeStateMachine (DatanodeStateMachine.java:stopDaemon(395)) - Ozone container server stopped.
2019-09-09 21:45:10,314 [main] INFO  handler.ContextHandler (ContextHandler.java:doStop(910)) - Stopped o.e.j.w.WebAppContext@34780cd9{/,null,UNAVAILABLE}{/hddsDatanode}
2019-09-09 21:45:10,315 [main] INFO  server.AbstractConnector (AbstractConnector.java:doStop(318)) - Stopped ServerConnector@623ebac7{HTTP/1.1,[http/1.1]}{0.0.0.0:0}
2019-09-09 21:45:10,315 [main] INFO  handler.ContextHandler (ContextHandler.java:doStop(910)) - Stopped o.e.j.s.ServletContextHandler@54e02f6a{/static,jar:file:/home/user/.m2/repository/org/apache/hadoop/hadoop-hdds-container-service/0.5.0-SNAPSHOT/hadoop-hdds-container-service-0.5.0-SNAPSHOT.jar!/webapps/static,UNAVAILABLE}
2019-09-09 21:45:10,316 [main] INFO  handler.ContextHandler (ContextHandler.java:doStop(910)) - Stopped o.e.j.s.ServletContextHandler@10f7918f{/logs,file:///workdir/hadoop-ozone/integration-test/target/log,UNAVAILABLE}
2019-09-09 21:45:10,331 [StateMachineUpdater:32341634-9b92-4130-8eac-3e0d512fb107:group-B0BF68C2A287] INFO  ratis.ContainerStateMachine (ContainerStateMachine.java:takeSnapshot(295)) - group-B0BF68C2A287: Finished taking a snapshot at:(t:3, i:3) file:/workdir/hadoop-ozone/integration-test/target/test-dir/MiniOzoneClusterImpl-b75b5873-643f-488a-b9f8-130d181fa964/datanode-0/data/ratis/763eef4e-26ef-401a-af6e-b0bf68c2a287/sm/snapshot.3_3 time:25
2019-09-09 21:45:10,331 [StateMachineUpdater:32341634-9b92-4130-8eac-3e0d512fb107:group-B0BF68C2A287] INFO  impl.StateMachineUpdater (StateMachineUpdater.java:takeSnapshot(242)) - StateMachineUpdater:32341634-9b92-4130-8eac-3e0d512fb107:group-B0BF68C2A287: Took a snapshot at index 3
2019-09-09 21:45:10,331 [StateMachineUpdater:32341634-9b92-4130-8eac-3e0d512fb107:group-B0BF68C2A287] INFO  impl.StateMachineUpdater (StateMachineUpdater.java:lambda$new$0(80)) - StateMachineUpdater:32341634-9b92-4130-8eac-3e0d512fb107:group-B0BF68C2A287: snapshotIndex: updateIncreasingly -1 -> 3
2019-09-09 21:45:10,332 [ForkJoinPool.commonPool-worker-0] INFO  impl.RaftServerImpl (ServerState.java:close(394)) - 32341634-9b92-4130-8eac-3e0d512fb107:group-B0BF68C2A287 closes. The last applied log index is 4
2019-09-09 21:45:10,332 [32341634-9b92-4130-8eac-3e0d512fb107-SegmentedRaftLogWorker:Storage Directory /workdir/hadoop-ozone/integration-test/target/test-dir/MiniOzoneClusterImpl-b75b5873-643f-488a-b9f8-130d181fa964/datanode-0/data/ratis/763eef4e-26ef-401a-af6e-b0bf68c2a287] INFO  segmented.SegmentedRaftLogWorker (SegmentedRaftLogWorker.java:run(313)) - 32341634-9b92-4130-8eac-3e0d512fb107-SegmentedRaftLogWorker:Storage Directory /workdir/hadoop-ozone/integration-test/target/test-dir/MiniOzoneClusterImpl-b75b5873-643f-488a-b9f8-130d181fa964/datanode-0/data/ratis/763eef4e-26ef-401a-af6e-b0bf68c2a287 was interrupted, exiting. There are 0 tasks remaining in the queue.
2019-09-09 21:45:10,334 [ForkJoinPool.commonPool-worker-0] INFO  segmented.SegmentedRaftLogWorker (SegmentedRaftLogWorker.java:close(228)) - 32341634-9b92-4130-8eac-3e0d512fb107-SegmentedRaftLogWorker:Storage Directory /workdir/hadoop-ozone/integration-test/target/test-dir/MiniOzoneClusterImpl-b75b5873-643f-488a-b9f8-130d181fa964/datanode-0/data/ratis/763eef4e-26ef-401a-af6e-b0bf68c2a287 close()
2019-09-09 21:45:10,338 [ForkJoinPool.commonPool-worker-0] INFO  impl.RaftServerImpl (RaftServerImpl.java:lambda$shutdown$3(245)) - 32341634-9b92-4130-8eac-3e0d512fb107: shutdown group-F5B007010156
2019-09-09 21:45:10,339 [ForkJoinPool.commonPool-worker-0] INFO  util.JmxRegister (JmxRegister.java:unregister(73)) - Successfully un-registered JMX Bean with object name Ratis:service=RaftServer,group=group-F5B007010156,id=32341634-9b92-4130-8eac-3e0d512fb107
2019-09-09 21:45:10,339 [ForkJoinPool.commonPool-worker-0] INFO  impl.RoleInfo (RoleInfo.java:shutdownLeaderState(104)) - 32341634-9b92-4130-8eac-3e0d512fb107: shutdown LeaderState
2019-09-09 21:45:10,339 [ForkJoinPool.commonPool-worker-0] INFO  impl.PendingRequests (PendingRequests.java:sendNotLeaderResponses(202)) - 32341634-9b92-4130-8eac-3e0d512fb107-PendingRequests: sendNotLeaderResponses
2019-09-09 21:45:10,340 [ForkJoinPool.commonPool-worker-0] INFO  impl.StateMachineUpdater (StateMachineUpdater.java:stopAndJoin(115)) - StateMachineUpdater:32341634-9b92-4130-8eac-3e0d512fb107:group-F5B007010156: set stopIndex = 0
2019-09-09 21:45:10,340 [ForkJoinPool.commonPool-worker-0] INFO  impl.RaftServerImpl (ServerState.java:close(394)) - 32341634-9b92-4130-8eac-3e0d512fb107:group-F5B007010156 closes. The last applied log index is 0
2019-09-09 21:45:10,340 [32341634-9b92-4130-8eac-3e0d512fb107-SegmentedRaftLogWorker:Storage Directory /workdir/hadoop-ozone/integration-test/target/test-dir/MiniOzoneClusterImpl-b75b5873-643f-488a-b9f8-130d181fa964/datanode-0/data/ratis/fb01a7b9-1e32-454d-90aa-f5b007010156] INFO  segmented.SegmentedRaftLogWorker (SegmentedRaftLogWorker.java:run(313)) - 32341634-9b92-4130-8eac-3e0d512fb107-SegmentedRaftLogWorker:Storage Directory /workdir/hadoop-ozone/integration-test/target/test-dir/MiniOzoneClusterImpl-b75b5873-643f-488a-b9f8-130d181fa964/datanode-0/data/ratis/fb01a7b9-1e32-454d-90aa-f5b007010156 was interrupted, exiting. There are 0 tasks remaining in the queue.
2019-09-09 21:45:10,341 [ForkJoinPool.commonPool-worker-0] INFO  segmented.SegmentedRaftLogWorker (SegmentedRaftLogWorker.java:close(228)) - 32341634-9b92-4130-8eac-3e0d512fb107-SegmentedRaftLogWorker:Storage Directory /workdir/hadoop-ozone/integration-test/target/test-dir/MiniOzoneClusterImpl-b75b5873-643f-488a-b9f8-130d181fa964/datanode-0/data/ratis/fb01a7b9-1e32-454d-90aa-f5b007010156 close()
2019-09-09 21:45:10,342 [ForkJoinPool.commonPool-worker-0] INFO  server.GrpcService (GrpcService.java:closeImpl(155)) - 32341634-9b92-4130-8eac-3e0d512fb107: shutdown server with port 40643 now
2019-09-09 21:45:10,342 [ForkJoinPool.commonPool-worker-0] INFO  server.GrpcService (GrpcService.java:closeImpl(163)) - 32341634-9b92-4130-8eac-3e0d512fb107: shutdown server with port 40643 successfully
2019-09-09 21:45:10,352 [refreshUsed-/workdir/hadoop-ozone/integration-test/target/test-dir/MiniOzoneClusterImpl-b75b5873-643f-488a-b9f8-130d181fa964/datanode-0/data/containers] WARN  fs.CachingGetSpaceUsed (CachingGetSpaceUsed.java:run(183)) - Thread Interrupted waiting to refresh disk information: sleep interrupted
2019-09-09 21:45:10,372 [ForkJoinPool.commonPool-worker-0] INFO  utils.BackgroundService (BackgroundService.java:shutdown(148)) - Shutting down service BlockDeletingService
2019-09-09 21:45:10,375 [ForkJoinPool.commonPool-worker-0] INFO  statemachine.DatanodeStateMachine (DatanodeStateMachine.java:stopDaemon(395)) - Ozone container server stopped.
2019-09-09 21:45:10,378 [ForkJoinPool.commonPool-worker-0] INFO  handler.ContextHandler (ContextHandler.java:doStop(910)) - Stopped o.e.j.w.WebAppContext@102ecc22{/,null,UNAVAILABLE}{/hddsDatanode}
2019-09-09 21:45:10,379 [ForkJoinPool.commonPool-worker-0] INFO  server.AbstractConnector (AbstractConnector.java:doStop(318)) - Stopped ServerConnector@7ff35a3f{HTTP/1.1,[http/1.1]}{0.0.0.0:0}
2019-09-09 21:45:10,380 [ForkJoinPool.commonPool-worker-0] INFO  handler.ContextHandler (ContextHandler.java:doStop(910)) - Stopped o.e.j.s.ServletContextHandler@3d904e9c{/static,jar:file:/home/user/.m2/repository/org/apache/hadoop/hadoop-hdds-container-service/0.5.0-SNAPSHOT/hadoop-hdds-container-service-0.5.0-SNAPSHOT.jar!/webapps/static,UNAVAILABLE}
2019-09-09 21:45:10,381 [ForkJoinPool.commonPool-worker-0] INFO  handler.ContextHandler (ContextHandler.java:doStop(910)) - Stopped o.e.j.s.ServletContextHandler@76563d26{/logs,file:///workdir/hadoop-ozone/integration-test/target/log,UNAVAILABLE}
2019-09-09 21:45:11,161 [Datanode State Machine Thread - 0] INFO  statemachine.DatanodeStateMachine (DatanodeStateMachine.java:lambda$startDaemon$0(350)) - Ozone container server started.
2019-09-09 21:45:14,199 [Thread-355] INFO  impl.FollowerState (FollowerState.java:run(106)) - 23a608ef-ac53-4715-b4b8-1f1f435112fa:group-9B37A9B93DD7 changes to CANDIDATE, lastRpcTime:9697, electionTimeout:5092ms
2019-09-09 21:45:14,200 [Thread-355] INFO  impl.RoleInfo (RoleInfo.java:shutdownFollowerState(121)) - 23a608ef-ac53-4715-b4b8-1f1f435112fa: shutdown FollowerState
2019-09-09 21:45:14,200 [Thread-355] INFO  impl.RaftServerImpl (RaftServerImpl.java:setRole(171)) - 23a608ef-ac53-4715-b4b8-1f1f435112fa:group-9B37A9B93DD7 changes role from FOLLOWER to CANDIDATE at term 2 for changeToCandidate
2019-09-09 21:45:14,200 [Thread-355] INFO  impl.RoleInfo (RoleInfo.java:updateAndGet(143)) - 23a608ef-ac53-4715-b4b8-1f1f435112fa: start LeaderElection
2019-09-09 21:45:14,200 [23a608ef-ac53-4715-b4b8-1f1f435112fa:group-9B37A9B93DD7:LeaderElection21] INFO  impl.RaftServerImpl (ServerState.java:setLeader(263)) - 23a608ef-ac53-4715-b4b8-1f1f435112fa:group-9B37A9B93DD7 change Leader from 3b0a2b15-582d-49c4-a3da-93fb894c5d0b to null at term 2 for initElection
2019-09-09 21:45:14,214 [23a608ef-ac53-4715-b4b8-1f1f435112fa:group-9B37A9B93DD7:LeaderElection21] INFO  impl.LeaderElection (LeaderElection.java:askForVotes(181)) - 23a608ef-ac53-4715-b4b8-1f1f435112fa:group-9B37A9B93DD7:LeaderElection21: begin an election at term 3 for 0: [23a608ef-ac53-4715-b4b8-1f1f435112fa:192.168.5.143:34835, 3b0a2b15-582d-49c4-a3da-93fb894c5d0b:192.168.5.143:45724, 3bb905b4-e1b5-44cf-bff0-d2acb22bd644:192.168.5.143:36113], old=null
2019-09-09 21:45:14,217 [23a608ef-ac53-4715-b4b8-1f1f435112fa:group-9B37A9B93DD7:LeaderElection21] INFO  impl.LeaderElection (LogUtils.java:infoOrTrace(149)) - 23a608ef-ac53-4715-b4b8-1f1f435112fa:group-9B37A9B93DD7:LeaderElection21 got exception when requesting votes: {}
java.util.concurrent.ExecutionException: org.apache.ratis.thirdparty.io.grpc.StatusRuntimeException: UNAVAILABLE: io exception
	at java.util.concurrent.FutureTask.report(FutureTask.java:122)
	at java.util.concurrent.FutureTask.get(FutureTask.java:192)
	at org.apache.ratis.server.impl.LeaderElection.waitForResults(LeaderElection.java:262)
	at org.apache.ratis.server.impl.LeaderElection.askForVotes(LeaderElection.java:200)
	at org.apache.ratis.server.impl.LeaderElection.run(LeaderElection.java:130)
	at java.lang.Thread.run(Thread.java:748)
Caused by: org.apache.ratis.thirdparty.io.grpc.StatusRuntimeException: UNAVAILABLE: io exception
	at org.apache.ratis.thirdparty.io.grpc.stub.ClientCalls.toStatusRuntimeException(ClientCalls.java:233)
	at org.apache.ratis.thirdparty.io.grpc.stub.ClientCalls.getUnchecked(ClientCalls.java:214)
	at org.apache.ratis.thirdparty.io.grpc.stub.ClientCalls.blockingUnaryCall(ClientCalls.java:139)
	at org.apache.ratis.proto.grpc.RaftServerProtocolServiceGrpc$RaftServerProtocolServiceBlockingStub.requestVote(RaftServerProtocolServiceGrpc.java:265)
	at org.apache.ratis.grpc.server.GrpcServerProtocolClient.requestVote(GrpcServerProtocolClient.java:83)
	at org.apache.ratis.grpc.server.GrpcService.requestVote(GrpcService.java:195)
	at org.apache.ratis.server.impl.LeaderElection.lambda$submitRequests$1(LeaderElection.java:237)
	at java.util.concurrent.FutureTask.run(FutureTask.java:266)
	at java.util.concurrent.Executors$RunnableAdapter.call(Executors.java:511)
	at java.util.concurrent.FutureTask.run(FutureTask.java:266)
	at java.util.concurrent.ThreadPoolExecutor.runWorker(ThreadPoolExecutor.java:1149)
	at java.util.concurrent.ThreadPoolExecutor$Worker.run(ThreadPoolExecutor.java:624)
	... 1 more
Caused by: org.apache.ratis.thirdparty.io.netty.channel.AbstractChannel$AnnotatedConnectException: Connection refused: /192.168.5.143:36113
	at sun.nio.ch.SocketChannelImpl.checkConnect(Native Method)
	at sun.nio.ch.SocketChannelImpl.finishConnect(SocketChannelImpl.java:717)
	at org.apache.ratis.thirdparty.io.netty.channel.socket.nio.NioSocketChannel.doFinishConnect(NioSocketChannel.java:327)
	at org.apache.ratis.thirdparty.io.netty.channel.nio.AbstractNioChannel$AbstractNioUnsafe.finishConnect(AbstractNioChannel.java:340)
	at org.apache.ratis.thirdparty.io.netty.channel.nio.NioEventLoop.processSelectedKey(NioEventLoop.java:632)
	at org.apache.ratis.thirdparty.io.netty.channel.nio.NioEventLoop.processSelectedKeysOptimized(NioEventLoop.java:579)
	at org.apache.ratis.thirdparty.io.netty.channel.nio.NioEventLoop.processSelectedKeys(NioEventLoop.java:496)
	at org.apache.ratis.thirdparty.io.netty.channel.nio.NioEventLoop.run(NioEventLoop.java:458)
	at org.apache.ratis.thirdparty.io.netty.util.concurrent.SingleThreadEventExecutor$5.run(SingleThreadEventExecutor.java:897)
	at org.apache.ratis.thirdparty.io.netty.util.concurrent.FastThreadLocalRunnable.run(FastThreadLocalRunnable.java:30)
	... 1 more
Caused by: java.net.ConnectException: Connection refused
	... 11 more
2019-09-09 21:45:14,219 [23a608ef-ac53-4715-b4b8-1f1f435112fa:group-9B37A9B93DD7:LeaderElection21] INFO  impl.LeaderElection (LogUtils.java:infoOrTrace(149)) - 23a608ef-ac53-4715-b4b8-1f1f435112fa:group-9B37A9B93DD7:LeaderElection21 got exception when requesting votes: {}
java.util.concurrent.ExecutionException: org.apache.ratis.thirdparty.io.grpc.StatusRuntimeException: UNAVAILABLE: io exception
	at java.util.concurrent.FutureTask.report(FutureTask.java:122)
	at java.util.concurrent.FutureTask.get(FutureTask.java:192)
	at org.apache.ratis.server.impl.LeaderElection.waitForResults(LeaderElection.java:262)
	at org.apache.ratis.server.impl.LeaderElection.askForVotes(LeaderElection.java:200)
	at org.apache.ratis.server.impl.LeaderElection.run(LeaderElection.java:130)
	at java.lang.Thread.run(Thread.java:748)
Caused by: org.apache.ratis.thirdparty.io.grpc.StatusRuntimeException: UNAVAILABLE: io exception
	at org.apache.ratis.thirdparty.io.grpc.stub.ClientCalls.toStatusRuntimeException(ClientCalls.java:233)
	at org.apache.ratis.thirdparty.io.grpc.stub.ClientCalls.getUnchecked(ClientCalls.java:214)
	at org.apache.ratis.thirdparty.io.grpc.stub.ClientCalls.blockingUnaryCall(ClientCalls.java:139)
	at org.apache.ratis.proto.grpc.RaftServerProtocolServiceGrpc$RaftServerProtocolServiceBlockingStub.requestVote(RaftServerProtocolServiceGrpc.java:265)
	at org.apache.ratis.grpc.server.GrpcServerProtocolClient.requestVote(GrpcServerProtocolClient.java:83)
	at org.apache.ratis.grpc.server.GrpcService.requestVote(GrpcService.java:195)
	at org.apache.ratis.server.impl.LeaderElection.lambda$submitRequests$1(LeaderElection.java:237)
	at java.util.concurrent.FutureTask.run(FutureTask.java:266)
	at java.util.concurrent.Executors$RunnableAdapter.call(Executors.java:511)
	at java.util.concurrent.FutureTask.run(FutureTask.java:266)
	at java.util.concurrent.ThreadPoolExecutor.runWorker(ThreadPoolExecutor.java:1149)
	at java.util.concurrent.ThreadPoolExecutor$Worker.run(ThreadPoolExecutor.java:624)
	... 1 more
Caused by: org.apache.ratis.thirdparty.io.netty.channel.AbstractChannel$AnnotatedConnectException: Connection refused: /192.168.5.143:45724
	at sun.nio.ch.SocketChannelImpl.checkConnect(Native Method)
	at sun.nio.ch.SocketChannelImpl.finishConnect(SocketChannelImpl.java:717)
	at org.apache.ratis.thirdparty.io.netty.channel.socket.nio.NioSocketChannel.doFinishConnect(NioSocketChannel.java:327)
	at org.apache.ratis.thirdparty.io.netty.channel.nio.AbstractNioChannel$AbstractNioUnsafe.finishConnect(AbstractNioChannel.java:340)
	at org.apache.ratis.thirdparty.io.netty.channel.nio.NioEventLoop.processSelectedKey(NioEventLoop.java:632)
	at org.apache.ratis.thirdparty.io.netty.channel.nio.NioEventLoop.processSelectedKeysOptimized(NioEventLoop.java:579)
	at org.apache.ratis.thirdparty.io.netty.channel.nio.NioEventLoop.processSelectedKeys(NioEventLoop.java:496)
	at org.apache.ratis.thirdparty.io.netty.channel.nio.NioEventLoop.run(NioEventLoop.java:458)
	at org.apache.ratis.thirdparty.io.netty.util.concurrent.SingleThreadEventExecutor$5.run(SingleThreadEventExecutor.java:897)
	at org.apache.ratis.thirdparty.io.netty.util.concurrent.FastThreadLocalRunnable.run(FastThreadLocalRunnable.java:30)
	... 1 more
Caused by: java.net.ConnectException: Connection refused
	... 11 more
2019-09-09 21:45:14,220 [23a608ef-ac53-4715-b4b8-1f1f435112fa:group-9B37A9B93DD7:LeaderElection21] INFO  impl.LeaderElection (LeaderElection.java:logAndReturn(56)) - 23a608ef-ac53-4715-b4b8-1f1f435112fa:group-9B37A9B93DD7:LeaderElection21: Election REJECTED; received 0 response(s) [] and 2 exception(s); 23a608ef-ac53-4715-b4b8-1f1f435112fa:t3, leader=null, voted=23a608ef-ac53-4715-b4b8-1f1f435112fa, raftlog=23a608ef-ac53-4715-b4b8-1f1f435112fa-SegmentedRaftLog:OPENED:c16,f16,i16, conf=0: [23a608ef-ac53-4715-b4b8-1f1f435112fa:192.168.5.143:34835, 3b0a2b15-582d-49c4-a3da-93fb894c5d0b:192.168.5.143:45724, 3bb905b4-e1b5-44cf-bff0-d2acb22bd644:192.168.5.143:36113], old=null
2019-09-09 21:45:14,220 [23a608ef-ac53-4715-b4b8-1f1f435112fa:group-9B37A9B93DD7:LeaderElection21] INFO  impl.LeaderElection (LogUtils.java:infoOrTrace(149)) -   Exception 0: {}
java.util.concurrent.ExecutionException: org.apache.ratis.thirdparty.io.grpc.StatusRuntimeException: UNAVAILABLE: io exception
	at java.util.concurrent.FutureTask.report(FutureTask.java:122)
	at java.util.concurrent.FutureTask.get(FutureTask.java:192)
	at org.apache.ratis.server.impl.LeaderElection.waitForResults(LeaderElection.java:262)
	at org.apache.ratis.server.impl.LeaderElection.askForVotes(LeaderElection.java:200)
	at org.apache.ratis.server.impl.LeaderElection.run(LeaderElection.java:130)
	at java.lang.Thread.run(Thread.java:748)
Caused by: org.apache.ratis.thirdparty.io.grpc.StatusRuntimeException: UNAVAILABLE: io exception
	at org.apache.ratis.thirdparty.io.grpc.stub.ClientCalls.toStatusRuntimeException(ClientCalls.java:233)
	at org.apache.ratis.thirdparty.io.grpc.stub.ClientCalls.getUnchecked(ClientCalls.java:214)
	at org.apache.ratis.thirdparty.io.grpc.stub.ClientCalls.blockingUnaryCall(ClientCalls.java:139)
	at org.apache.ratis.proto.grpc.RaftServerProtocolServiceGrpc$RaftServerProtocolServiceBlockingStub.requestVote(RaftServerProtocolServiceGrpc.java:265)
	at org.apache.ratis.grpc.server.GrpcServerProtocolClient.requestVote(GrpcServerProtocolClient.java:83)
	at org.apache.ratis.grpc.server.GrpcService.requestVote(GrpcService.java:195)
	at org.apache.ratis.server.impl.LeaderElection.lambda$submitRequests$1(LeaderElection.java:237)
	at java.util.concurrent.FutureTask.run(FutureTask.java:266)
	at java.util.concurrent.Executors$RunnableAdapter.call(Executors.java:511)
	at java.util.concurrent.FutureTask.run(FutureTask.java:266)
	at java.util.concurrent.ThreadPoolExecutor.runWorker(ThreadPoolExecutor.java:1149)
	at java.util.concurrent.ThreadPoolExecutor$Worker.run(ThreadPoolExecutor.java:624)
	... 1 more
Caused by: org.apache.ratis.thirdparty.io.netty.channel.AbstractChannel$AnnotatedConnectException: Connection refused: /192.168.5.143:36113
	at sun.nio.ch.SocketChannelImpl.checkConnect(Native Method)
	at sun.nio.ch.SocketChannelImpl.finishConnect(SocketChannelImpl.java:717)
	at org.apache.ratis.thirdparty.io.netty.channel.socket.nio.NioSocketChannel.doFinishConnect(NioSocketChannel.java:327)
	at org.apache.ratis.thirdparty.io.netty.channel.nio.AbstractNioChannel$AbstractNioUnsafe.finishConnect(AbstractNioChannel.java:340)
	at org.apache.ratis.thirdparty.io.netty.channel.nio.NioEventLoop.processSelectedKey(NioEventLoop.java:632)
	at org.apache.ratis.thirdparty.io.netty.channel.nio.NioEventLoop.processSelectedKeysOptimized(NioEventLoop.java:579)
	at org.apache.ratis.thirdparty.io.netty.channel.nio.NioEventLoop.processSelectedKeys(NioEventLoop.java:496)
	at org.apache.ratis.thirdparty.io.netty.channel.nio.NioEventLoop.run(NioEventLoop.java:458)
	at org.apache.ratis.thirdparty.io.netty.util.concurrent.SingleThreadEventExecutor$5.run(SingleThreadEventExecutor.java:897)
	at org.apache.ratis.thirdparty.io.netty.util.concurrent.FastThreadLocalRunnable.run(FastThreadLocalRunnable.java:30)
	... 1 more
Caused by: java.net.ConnectException: Connection refused
	... 11 more
2019-09-09 21:45:14,221 [23a608ef-ac53-4715-b4b8-1f1f435112fa:group-9B37A9B93DD7:LeaderElection21] INFO  impl.LeaderElection (LogUtils.java:infoOrTrace(149)) -   Exception 1: {}
java.util.concurrent.ExecutionException: org.apache.ratis.thirdparty.io.grpc.StatusRuntimeException: UNAVAILABLE: io exception
	at java.util.concurrent.FutureTask.report(FutureTask.java:122)
	at java.util.concurrent.FutureTask.get(FutureTask.java:192)
	at org.apache.ratis.server.impl.LeaderElection.waitForResults(LeaderElection.java:262)
	at org.apache.ratis.server.impl.LeaderElection.askForVotes(LeaderElection.java:200)
	at org.apache.ratis.server.impl.LeaderElection.run(LeaderElection.java:130)
	at java.lang.Thread.run(Thread.java:748)
Caused by: org.apache.ratis.thirdparty.io.grpc.StatusRuntimeException: UNAVAILABLE: io exception
	at org.apache.ratis.thirdparty.io.grpc.stub.ClientCalls.toStatusRuntimeException(ClientCalls.java:233)
	at org.apache.ratis.thirdparty.io.grpc.stub.ClientCalls.getUnchecked(ClientCalls.java:214)
	at org.apache.ratis.thirdparty.io.grpc.stub.ClientCalls.blockingUnaryCall(ClientCalls.java:139)
	at org.apache.ratis.proto.grpc.RaftServerProtocolServiceGrpc$RaftServerProtocolServiceBlockingStub.requestVote(RaftServerProtocolServiceGrpc.java:265)
	at org.apache.ratis.grpc.server.GrpcServerProtocolClient.requestVote(GrpcServerProtocolClient.java:83)
	at org.apache.ratis.grpc.server.GrpcService.requestVote(GrpcService.java:195)
	at org.apache.ratis.server.impl.LeaderElection.lambda$submitRequests$1(LeaderElection.java:237)
	at java.util.concurrent.FutureTask.run(FutureTask.java:266)
	at java.util.concurrent.Executors$RunnableAdapter.call(Executors.java:511)
	at java.util.concurrent.FutureTask.run(FutureTask.java:266)
	at java.util.concurrent.ThreadPoolExecutor.runWorker(ThreadPoolExecutor.java:1149)
	at java.util.concurrent.ThreadPoolExecutor$Worker.run(ThreadPoolExecutor.java:624)
	... 1 more
Caused by: org.apache.ratis.thirdparty.io.netty.channel.AbstractChannel$AnnotatedConnectException: Connection refused: /192.168.5.143:45724
	at sun.nio.ch.SocketChannelImpl.checkConnect(Native Method)
	at sun.nio.ch.SocketChannelImpl.finishConnect(SocketChannelImpl.java:717)
	at org.apache.ratis.thirdparty.io.netty.channel.socket.nio.NioSocketChannel.doFinishConnect(NioSocketChannel.java:327)
	at org.apache.ratis.thirdparty.io.netty.channel.nio.AbstractNioChannel$AbstractNioUnsafe.finishConnect(AbstractNioChannel.java:340)
	at org.apache.ratis.thirdparty.io.netty.channel.nio.NioEventLoop.processSelectedKey(NioEventLoop.java:632)
	at org.apache.ratis.thirdparty.io.netty.channel.nio.NioEventLoop.processSelectedKeysOptimized(NioEventLoop.java:579)
	at org.apache.ratis.thirdparty.io.netty.channel.nio.NioEventLoop.processSelectedKeys(NioEventLoop.java:496)
	at org.apache.ratis.thirdparty.io.netty.channel.nio.NioEventLoop.run(NioEventLoop.java:458)
	at org.apache.ratis.thirdparty.io.netty.util.concurrent.SingleThreadEventExecutor$5.run(SingleThreadEventExecutor.java:897)
	at org.apache.ratis.thirdparty.io.netty.util.concurrent.FastThreadLocalRunnable.run(FastThreadLocalRunnable.java:30)
	... 1 more
Caused by: java.net.ConnectException: Connection refused
	... 11 more
2019-09-09 21:45:14,221 [23a608ef-ac53-4715-b4b8-1f1f435112fa:group-9B37A9B93DD7:LeaderElection21] INFO  impl.RaftServerImpl (RaftServerImpl.java:setRole(171)) - 23a608ef-ac53-4715-b4b8-1f1f435112fa:group-9B37A9B93DD7 changes role from CANDIDATE to FOLLOWER at term 3 for DISCOVERED_A_NEW_TERM
2019-09-09 21:45:14,221 [23a608ef-ac53-4715-b4b8-1f1f435112fa:group-9B37A9B93DD7:LeaderElection21] INFO  impl.RoleInfo (RoleInfo.java:shutdownLeaderElection(134)) - 23a608ef-ac53-4715-b4b8-1f1f435112fa: shutdown LeaderElection
2019-09-09 21:45:14,221 [23a608ef-ac53-4715-b4b8-1f1f435112fa:group-9B37A9B93DD7:LeaderElection21] INFO  impl.RoleInfo (RoleInfo.java:updateAndGet(143)) - 23a608ef-ac53-4715-b4b8-1f1f435112fa: start FollowerState
2019-09-09 21:45:15,211 [EventQueue-StaleNodeForStaleNodeHandler] INFO  node.StaleNodeHandler (StaleNodeHandler.java:onMessage(58)) - Datanode 23a608ef-ac53-4715-b4b8-1f1f435112fa{ip: 192.168.5.143, host: pr-hdds-2007-bxrz5-4054259085, networkLocation: /default-rack, certSerialId: null} moved to stale state. Finalizing its pipelines [PipelineID=07c2d4b6-0056-439e-9c84-2b7a4aefdca8, PipelineID=b7a75a62-c606-43bc-b0f1-9b37a9b93dd7]
2019-09-09 21:45:15,211 [EventQueue-StaleNodeForStaleNodeHandler] INFO  pipeline.SCMPipelineManager (SCMPipelineManager.java:finalizeAndDestroyPipeline(311)) - destroying pipeline:Pipeline[ Id: 07c2d4b6-0056-439e-9c84-2b7a4aefdca8, Nodes: 23a608ef-ac53-4715-b4b8-1f1f435112fa{ip: 192.168.5.143, host: pr-hdds-2007-bxrz5-4054259085, networkLocation: /default-rack, certSerialId: null}, Type:RATIS, Factor:ONE, State:OPEN]
2019-09-09 21:45:15,212 [EventQueue-StaleNodeForStaleNodeHandler] INFO  pipeline.PipelineStateManager (PipelineStateManager.java:finalizePipeline(123)) - Pipeline Pipeline[ Id: 07c2d4b6-0056-439e-9c84-2b7a4aefdca8, Nodes: 23a608ef-ac53-4715-b4b8-1f1f435112fa{ip: 192.168.5.143, host: pr-hdds-2007-bxrz5-4054259085, networkLocation: /default-rack, certSerialId: null}, Type:RATIS, Factor:ONE, State:CLOSED] moved to CLOSED state
2019-09-09 21:45:15,212 [EventQueue-StaleNodeForStaleNodeHandler] INFO  pipeline.SCMPipelineManager (SCMPipelineManager.java:finalizeAndDestroyPipeline(311)) - destroying pipeline:Pipeline[ Id: b7a75a62-c606-43bc-b0f1-9b37a9b93dd7, Nodes: 3b0a2b15-582d-49c4-a3da-93fb894c5d0b{ip: 192.168.5.143, host: pr-hdds-2007-bxrz5-4054259085, networkLocation: /default-rack, certSerialId: null}23a608ef-ac53-4715-b4b8-1f1f435112fa{ip: 192.168.5.143, host: pr-hdds-2007-bxrz5-4054259085, networkLocation: /default-rack, certSerialId: null}3bb905b4-e1b5-44cf-bff0-d2acb22bd644{ip: 192.168.5.143, host: pr-hdds-2007-bxrz5-4054259085, networkLocation: /default-rack, certSerialId: null}, Type:RATIS, Factor:THREE, State:CLOSED]
2019-09-09 21:45:15,318 [main] INFO  ozoneimpl.OzoneContainer (OzoneContainer.java:stop(215)) - Attempting to stop container services.
2019-09-09 21:45:15,319 [main] INFO  impl.RaftServerProxy (RaftServerProxy.java:lambda$close$4(314)) - 23a608ef-ac53-4715-b4b8-1f1f435112fa: close
2019-09-09 21:45:15,320 [main] INFO  impl.RaftServerImpl (RaftServerImpl.java:lambda$shutdown$3(245)) - 23a608ef-ac53-4715-b4b8-1f1f435112fa: shutdown group-2B7A4AEFDCA8
2019-09-09 21:45:15,320 [main] INFO  util.JmxRegister (JmxRegister.java:unregister(73)) - Successfully un-registered JMX Bean with object name Ratis:service=RaftServer,group=group-2B7A4AEFDCA8,id=23a608ef-ac53-4715-b4b8-1f1f435112fa
2019-09-09 21:45:15,320 [main] INFO  impl.RoleInfo (RoleInfo.java:shutdownLeaderState(104)) - 23a608ef-ac53-4715-b4b8-1f1f435112fa: shutdown LeaderState
2019-09-09 21:45:15,321 [main] INFO  impl.PendingRequests (PendingRequests.java:sendNotLeaderResponses(202)) - 23a608ef-ac53-4715-b4b8-1f1f435112fa-PendingRequests: sendNotLeaderResponses
2019-09-09 21:45:15,321 [main] INFO  impl.StateMachineUpdater (StateMachineUpdater.java:stopAndJoin(115)) - StateMachineUpdater:23a608ef-ac53-4715-b4b8-1f1f435112fa:group-2B7A4AEFDCA8: set stopIndex = 0
2019-09-09 21:45:15,322 [main] INFO  impl.RaftServerImpl (ServerState.java:close(394)) - 23a608ef-ac53-4715-b4b8-1f1f435112fa:group-2B7A4AEFDCA8 closes. The last applied log index is 0
2019-09-09 21:45:15,322 [23a608ef-ac53-4715-b4b8-1f1f435112fa-SegmentedRaftLogWorker:Storage Directory /workdir/hadoop-ozone/integration-test/target/test-dir/MiniOzoneClusterImpl-b75b5873-643f-488a-b9f8-130d181fa964/datanode-5/data/ratis/07c2d4b6-0056-439e-9c84-2b7a4aefdca8] INFO  segmented.SegmentedRaftLogWorker (SegmentedRaftLogWorker.java:run(313)) - 23a608ef-ac53-4715-b4b8-1f1f435112fa-SegmentedRaftLogWorker:Storage Directory /workdir/hadoop-ozone/integration-test/target/test-dir/MiniOzoneClusterImpl-b75b5873-643f-488a-b9f8-130d181fa964/datanode-5/data/ratis/07c2d4b6-0056-439e-9c84-2b7a4aefdca8 was interrupted, exiting. There are 0 tasks remaining in the queue.
2019-09-09 21:45:15,323 [main] INFO  segmented.SegmentedRaftLogWorker (SegmentedRaftLogWorker.java:close(228)) - 23a608ef-ac53-4715-b4b8-1f1f435112fa-SegmentedRaftLogWorker:Storage Directory /workdir/hadoop-ozone/integration-test/target/test-dir/MiniOzoneClusterImpl-b75b5873-643f-488a-b9f8-130d181fa964/datanode-5/data/ratis/07c2d4b6-0056-439e-9c84-2b7a4aefdca8 close()
2019-09-09 21:45:15,325 [main] INFO  impl.RaftServerImpl (RaftServerImpl.java:lambda$shutdown$3(245)) - 23a608ef-ac53-4715-b4b8-1f1f435112fa: shutdown group-9B37A9B93DD7
2019-09-09 21:45:15,326 [main] INFO  util.JmxRegister (JmxRegister.java:unregister(73)) - Successfully un-registered JMX Bean with object name Ratis:service=RaftServer,group=group-9B37A9B93DD7,id=23a608ef-ac53-4715-b4b8-1f1f435112fa
2019-09-09 21:45:15,326 [main] INFO  impl.RoleInfo (RoleInfo.java:shutdownFollowerState(121)) - 23a608ef-ac53-4715-b4b8-1f1f435112fa: shutdown FollowerState
2019-09-09 21:45:15,326 [main] INFO  impl.StateMachineUpdater (StateMachineUpdater.java:stopAndJoin(115)) - StateMachineUpdater:23a608ef-ac53-4715-b4b8-1f1f435112fa:group-9B37A9B93DD7: set stopIndex = 16
2019-09-09 21:45:15,327 [Thread-509] INFO  impl.FollowerState (FollowerState.java:run(114)) - 23a608ef-ac53-4715-b4b8-1f1f435112fa: FollowerState was interrupted: java.lang.InterruptedException: sleep interrupted
2019-09-09 21:45:15,327 [StateMachineUpdater:23a608ef-ac53-4715-b4b8-1f1f435112fa:group-9B37A9B93DD7] INFO  ratis.ContainerStateMachine (ContainerStateMachine.java:takeSnapshot(284)) - group-9B37A9B93DD7: Taking a snapshot at:(t:2, i:16) file /workdir/hadoop-ozone/integration-test/target/test-dir/MiniOzoneClusterImpl-b75b5873-643f-488a-b9f8-130d181fa964/datanode-5/data/ratis/b7a75a62-c606-43bc-b0f1-9b37a9b93dd7/sm/snapshot.2_16
2019-09-09 21:45:15,341 [StateMachineUpdater:23a608ef-ac53-4715-b4b8-1f1f435112fa:group-9B37A9B93DD7] INFO  ratis.ContainerStateMachine (ContainerStateMachine.java:takeSnapshot(295)) - group-9B37A9B93DD7: Finished taking a snapshot at:(t:2, i:16) file:/workdir/hadoop-ozone/integration-test/target/test-dir/MiniOzoneClusterImpl-b75b5873-643f-488a-b9f8-130d181fa964/datanode-5/data/ratis/b7a75a62-c606-43bc-b0f1-9b37a9b93dd7/sm/snapshot.2_16 time:15
2019-09-09 21:45:15,342 [StateMachineUpdater:23a608ef-ac53-4715-b4b8-1f1f435112fa:group-9B37A9B93DD7] INFO  impl.StateMachineUpdater (StateMachineUpdater.java:takeSnapshot(242)) - StateMachineUpdater:23a608ef-ac53-4715-b4b8-1f1f435112fa:group-9B37A9B93DD7: Took a snapshot at index 16
2019-09-09 21:45:15,342 [StateMachineUpdater:23a608ef-ac53-4715-b4b8-1f1f435112fa:group-9B37A9B93DD7] INFO  impl.StateMachineUpdater (StateMachineUpdater.java:lambda$new$0(80)) - StateMachineUpdater:23a608ef-ac53-4715-b4b8-1f1f435112fa:group-9B37A9B93DD7: snapshotIndex: updateIncreasingly -1 -> 16
2019-09-09 21:45:15,342 [main] INFO  impl.RaftServerImpl (ServerState.java:close(394)) - 23a608ef-ac53-4715-b4b8-1f1f435112fa:group-9B37A9B93DD7 closes. The last applied log index is 16
2019-09-09 21:45:15,343 [23a608ef-ac53-4715-b4b8-1f1f435112fa-SegmentedRaftLogWorker:Storage Directory /workdir/hadoop-ozone/integration-test/target/test-dir/MiniOzoneClusterImpl-b75b5873-643f-488a-b9f8-130d181fa964/datanode-5/data/ratis/b7a75a62-c606-43bc-b0f1-9b37a9b93dd7] INFO  segmented.SegmentedRaftLogWorker (SegmentedRaftLogWorker.java:run(313)) - 23a608ef-ac53-4715-b4b8-1f1f435112fa-SegmentedRaftLogWorker:Storage Directory /workdir/hadoop-ozone/integration-test/target/test-dir/MiniOzoneClusterImpl-b75b5873-643f-488a-b9f8-130d181fa964/datanode-5/data/ratis/b7a75a62-c606-43bc-b0f1-9b37a9b93dd7 was interrupted, exiting. There are 0 tasks remaining in the queue.
2019-09-09 21:45:15,343 [main] INFO  segmented.SegmentedRaftLogWorker (SegmentedRaftLogWorker.java:close(228)) - 23a608ef-ac53-4715-b4b8-1f1f435112fa-SegmentedRaftLogWorker:Storage Directory /workdir/hadoop-ozone/integration-test/target/test-dir/MiniOzoneClusterImpl-b75b5873-643f-488a-b9f8-130d181fa964/datanode-5/data/ratis/b7a75a62-c606-43bc-b0f1-9b37a9b93dd7 close()
2019-09-09 21:45:15,345 [main] INFO  server.GrpcService (GrpcService.java:closeImpl(155)) - 23a608ef-ac53-4715-b4b8-1f1f435112fa: shutdown server with port 34835 now
2019-09-09 21:45:15,345 [main] INFO  server.GrpcService (GrpcService.java:closeImpl(163)) - 23a608ef-ac53-4715-b4b8-1f1f435112fa: shutdown server with port 34835 successfully
2019-09-09 21:45:15,353 [refreshUsed-/workdir/hadoop-ozone/integration-test/target/test-dir/MiniOzoneClusterImpl-b75b5873-643f-488a-b9f8-130d181fa964/datanode-5/data/containers] WARN  fs.CachingGetSpaceUsed (CachingGetSpaceUsed.java:run(183)) - Thread Interrupted waiting to refresh disk information: sleep interrupted
2019-09-09 21:45:15,372 [main] INFO  utils.BackgroundService (BackgroundService.java:shutdown(148)) - Shutting down service BlockDeletingService
2019-09-09 21:45:15,375 [main] INFO  statemachine.DatanodeStateMachine (DatanodeStateMachine.java:stopDaemon(395)) - Ozone container server stopped.
2019-09-09 21:45:15,376 [main] INFO  handler.ContextHandler (ContextHandler.java:doStop(910)) - Stopped o.e.j.w.WebAppContext@21505815{/,null,UNAVAILABLE}{/hddsDatanode}
2019-09-09 21:45:15,377 [main] INFO  server.AbstractConnector (AbstractConnector.java:doStop(318)) - Stopped ServerConnector@7e53339{HTTP/1.1,[http/1.1]}{0.0.0.0:0}
2019-09-09 21:45:15,377 [main] INFO  handler.ContextHandler (ContextHandler.java:doStop(910)) - Stopped o.e.j.s.ServletContextHandler@5a1c3cb4{/static,jar:file:/home/user/.m2/repository/org/apache/hadoop/hadoop-hdds-container-service/0.5.0-SNAPSHOT/hadoop-hdds-container-service-0.5.0-SNAPSHOT.jar!/webapps/static,UNAVAILABLE}
2019-09-09 21:45:15,378 [main] INFO  handler.ContextHandler (ContextHandler.java:doStop(910)) - Stopped o.e.j.s.ServletContextHandler@2630dbc4{/logs,file:///workdir/hadoop-ozone/integration-test/target/log,UNAVAILABLE}
2019-09-09 21:45:15,380 [main] INFO  ozone.MiniOzoneClusterImpl (MiniOzoneClusterImpl.java:stop(339)) - Stopping the StorageContainerManager
2019-09-09 21:45:15,380 [main] INFO  server.StorageContainerManager (StorageContainerManager.java:stop(797)) - Stopping Replication Manager Service.
2019-09-09 21:45:15,380 [main] INFO  container.ReplicationManager (ReplicationManager.java:stop(203)) - Stopping Replication Monitor Thread.
2019-09-09 21:45:15,380 [main] INFO  server.StorageContainerManager (StorageContainerManager.java:stop(804)) - Stopping Lease Manager of the command watchers
2019-09-09 21:45:15,381 [main] INFO  server.StorageContainerManager (StorageContainerManager.java:stop(811)) - Stopping datanode service RPC server
2019-09-09 21:45:15,381 [main] INFO  server.SCMDatanodeProtocolServer (SCMDatanodeProtocolServer.java:stop(367)) - Stopping the RPC server for DataNodes
2019-09-09 21:45:15,381 [main] INFO  ipc.Server (Server.java:stop(3082)) - Stopping server on 41536
2019-09-09 21:45:15,383 [IPC Server listener on 41536] INFO  ipc.Server (Server.java:run(1185)) - Stopping IPC Server listener on 41536
2019-09-09 21:45:15,383 [IPC Server Responder] INFO  ipc.Server (Server.java:run(1319)) - Stopping IPC Server Responder
2019-09-09 21:45:15,411 [SCM Heartbeat Processing Thread - 0] WARN  node.NodeStateManager (NodeStateManager.java:scheduleNextHealthCheck(646)) - Current Thread is interrupted, shutting down HB processing thread for Node Manager.
2019-09-09 21:45:15,411 [main] INFO  server.StorageContainerManager (StorageContainerManager.java:stop(819)) - Stopping block service RPC server
2019-09-09 21:45:15,412 [main] INFO  server.SCMBlockProtocolServer (SCMBlockProtocolServer.java:stop(155)) - Stopping the RPC server for Block Protocol
2019-09-09 21:45:15,412 [main] INFO  ipc.Server (Server.java:stop(3082)) - Stopping server on 34552
2019-09-09 21:45:15,414 [IPC Server listener on 34552] INFO  ipc.Server (Server.java:run(1185)) - Stopping IPC Server listener on 34552
2019-09-09 21:45:15,414 [main] INFO  server.StorageContainerManager (StorageContainerManager.java:stop(826)) - Stopping the StorageContainerLocationProtocol RPC server
2019-09-09 21:45:15,414 [IPC Server Responder] INFO  ipc.Server (Server.java:run(1319)) - Stopping IPC Server Responder
2019-09-09 21:45:15,415 [main] INFO  server.SCMClientProtocolServer (SCMClientProtocolServer.java:stop(159)) - Stopping the RPC server for Client Protocol
2019-09-09 21:45:15,415 [main] INFO  ipc.Server (Server.java:stop(3082)) - Stopping server on 33364
2019-09-09 21:45:15,417 [IPC Server listener on 33364] INFO  ipc.Server (Server.java:run(1185)) - Stopping IPC Server listener on 33364
2019-09-09 21:45:15,417 [main] INFO  server.StorageContainerManager (StorageContainerManager.java:stop(833)) - Stopping Storage Container Manager HTTP server.
2019-09-09 21:45:15,417 [IPC Server Responder] INFO  ipc.Server (Server.java:run(1319)) - Stopping IPC Server Responder
2019-09-09 21:45:15,418 [main] INFO  handler.ContextHandler (ContextHandler.java:doStop(910)) - Stopped o.e.j.w.WebAppContext@7df587ef{/,null,UNAVAILABLE}{/scm}
2019-09-09 21:45:15,419 [main] INFO  server.AbstractConnector (AbstractConnector.java:doStop(318)) - Stopped ServerConnector@3591009c{HTTP/1.1,[http/1.1]}{0.0.0.0:0}
2019-09-09 21:45:15,419 [main] INFO  handler.ContextHandler (ContextHandler.java:doStop(910)) - Stopped o.e.j.s.ServletContextHandler@acdb094{/static,file:///workdir/hadoop-ozone/integration-test/target/test-classes/webapps/static,UNAVAILABLE}
2019-09-09 21:45:15,420 [main] INFO  handler.ContextHandler (ContextHandler.java:doStop(910)) - Stopped o.e.j.s.ServletContextHandler@4af0df05{/logs,file:///workdir/hadoop-ozone/integration-test/target/log,UNAVAILABLE}
2019-09-09 21:45:15,421 [main] INFO  server.StorageContainerManager (StorageContainerManager.java:stop(844)) - Stopping Block Manager Service.
2019-09-09 21:45:15,421 [main] INFO  utils.BackgroundService (BackgroundService.java:shutdown(148)) - Shutting down service SCMBlockDeletingService
2019-09-09 21:45:15,422 [main] INFO  utils.BackgroundService (BackgroundService.java:shutdown(148)) - Shutting down service SCMBlockDeletingService
2019-09-09 21:45:15,423 [main] INFO  server.StorageContainerManager (StorageContainerManager.java:stop(866)) - Stopping SCM Event Queue.
2019-09-09 21:45:15,428 [main] INFO  impl.MetricsSystemImpl (MetricsSystemImpl.java:stop(210)) - Stopping XceiverClientMetrics metrics system...
2019-09-09 21:45:15,435 [prometheus] INFO  impl.MetricsSinkAdapter (MetricsSinkAdapter.java:publishMetricsFromQueue(141)) - prometheus thread interrupted.
2019-09-09 21:45:15,435 [main] INFO  impl.MetricsSystemImpl (MetricsSystemImpl.java:stop(216)) - XceiverClientMetrics metrics system stopped.
]]></system-out>
    <system-err><![CDATA[ERROR StatusLogger No Log4j 2 configuration file found. Using default configuration (logging only errors to the console), or user programmatically provided configurations. Set system property 'log4j2.debug' to show Log4j 2 internal initialization logging. See https://logging.apache.org/log4j/2.x/manual/configuration.html for instructions on how to configure Log4j 2
]]></system-err>
  </testcase>
  <testcase name="testDatanodeFailureWithPreAllocation" classname="org.apache.hadoop.ozone.client.rpc.TestBlockOutputStreamWithFailures" time="226.384"/>
  <testcase name="testDatanodeFailureWithSingleNodeRatis" classname="org.apache.hadoop.ozone.client.rpc.TestBlockOutputStreamWithFailures" time="224.916"/>
  <testcase name="testWatchForCommitWithSingleNodeRatis" classname="org.apache.hadoop.ozone.client.rpc.TestBlockOutputStreamWithFailures" time="36.236"/>
  <testcase name="testWatchForCommitDatanodeFailure" classname="org.apache.hadoop.ozone.client.rpc.TestBlockOutputStreamWithFailures" time="34.06"/>
  <testcase name="testFailureWithPrimeSizedData" classname="org.apache.hadoop.ozone.client.rpc.TestBlockOutputStreamWithFailures" time="35.431"/>
  <testcase name="testWatchForCommitWithCloseContainerException" classname="org.apache.hadoop.ozone.client.rpc.TestBlockOutputStreamWithFailures" time="47.734"/>
  <testcase name="testExceptionDuringClose" classname="org.apache.hadoop.ozone.client.rpc.TestBlockOutputStreamWithFailures" time="35.075"/>
</testsuite>