<?xml version="1.0" encoding="UTF-8"?>
<testsuite xmlns:xsi="http://www.w3.org/2001/XMLSchema-instance" xsi:noNamespaceSchemaLocation="https://maven.apache.org/surefire/maven-surefire-plugin/xsd/surefire-test-report.xsd" name="org.apache.hadoop.hdds.scm.pipeline.TestRatisPipelineCreateAndDestory" time="77.571" tests="2" errors="1" skipped="0" failures="0">
  <properties>
    <property name="awt.toolkit" value="sun.awt.X11.XToolkit"/>
    <property name="file.encoding.pkg" value="sun.io"/>
    <property name="java.specification.version" value="1.8"/>
    <property name="sun.cpu.isalist" value=""/>
    <property name="sun.jnu.encoding" value="UTF-8"/>
    <property name="java.class.path" value="/workdir/hadoop-ozone/integration-test/target/test-classes:/workdir/hadoop-ozone/integration-test/target/classes:/home/user/.m2/repository/org/apache/hadoop/hadoop-ozone-common/0.5.0-SNAPSHOT/hadoop-ozone-common-0.5.0-SNAPSHOT.jar:/home/user/.m2/repository/org/apache/commons/commons-compress/1.4.1/commons-compress-1.4.1.jar:/home/user/.m2/repository/org/tukaani/xz/1.0/xz-1.0.jar:/home/user/.m2/repository/org/apache/hadoop/hadoop-common/3.2.0/hadoop-common-3.2.0.jar:/home/user/.m2/repository/org/apache/hadoop/hadoop-hdfs/3.2.0/hadoop-hdfs-3.2.0.jar:/home/user/.m2/repository/org/apache/hadoop/hadoop-hdfs-client/3.2.0/hadoop-hdfs-client-3.2.0.jar:/home/user/.m2/repository/com/fasterxml/jackson/core/jackson-annotations/2.9.5/jackson-annotations-2.9.5.jar:/home/user/.m2/repository/org/apache/hadoop/hadoop-hdds-common/0.5.0-SNAPSHOT/hadoop-hdds-common-0.5.0-SNAPSHOT.jar:/home/user/.m2/repository/javax/annotation/javax.annotation-api/1.2/javax.annotation-api-1.2.jar:/home/user/.m2/repository/org/apache/ratis/ratis-server/0.4.0-2337318-SNAPSHOT/ratis-server-0.4.0-2337318-SNAPSHOT.jar:/home/user/.m2/repository/org/apache/ratis/ratis-thirdparty-misc/0.2.0/ratis-thirdparty-misc-0.2.0.jar:/home/user/.m2/repository/org/apache/ratis/ratis-proto/0.4.0-2337318-SNAPSHOT/ratis-proto-0.4.0-2337318-SNAPSHOT.jar:/home/user/.m2/repository/org/apache/ratis/ratis-common/0.4.0-2337318-SNAPSHOT/ratis-common-0.4.0-2337318-SNAPSHOT.jar:/home/user/.m2/repository/org/apache/ratis/ratis-client/0.4.0-2337318-SNAPSHOT/ratis-client-0.4.0-2337318-SNAPSHOT.jar:/home/user/.m2/repository/org/apache/ratis/ratis-metrics/0.4.0-2337318-SNAPSHOT/ratis-metrics-0.4.0-2337318-SNAPSHOT.jar:/home/user/.m2/repository/org/apache/ratis/ratis-netty/0.4.0-2337318-SNAPSHOT/ratis-netty-0.4.0-2337318-SNAPSHOT.jar:/home/user/.m2/repository/org/apache/ratis/ratis-grpc/0.4.0-2337318-SNAPSHOT/ratis-grpc-0.4.0-2337318-SNAPSHOT.jar:/home/user/.m2/repository/org/rocksdb/rocksdbjni/6.0.1/rocksdbjni-6.0.1.jar:/home/user/.m2/repository/org/apache/logging/log4j/log4j-api/2.11.0/log4j-api-2.11.0.jar:/home/user/.m2/repository/org/apache/logging/log4j/log4j-core/2.11.0/log4j-core-2.11.0.jar:/home/user/.m2/repository/com/lmax/disruptor/3.4.2/disruptor-3.4.2.jar:/home/user/.m2/repository/org/apache/commons/commons-pool2/2.6.0/commons-pool2-2.6.0.jar:/home/user/.m2/repository/org/bouncycastle/bcpkix-jdk15on/1.60/bcpkix-jdk15on-1.60.jar:/home/user/.m2/repository/commons-validator/commons-validator/1.6/commons-validator-1.6.jar:/home/user/.m2/repository/commons-digester/commons-digester/1.8.1/commons-digester-1.8.1.jar:/home/user/.m2/repository/io/jaegertracing/jaeger-client/0.33.1/jaeger-client-0.33.1.jar:/home/user/.m2/repository/io/jaegertracing/jaeger-thrift/0.33.1/jaeger-thrift-0.33.1.jar:/home/user/.m2/repository/org/apache/thrift/libthrift/0.11.0/libthrift-0.11.0.jar:/home/user/.m2/repository/com/squareup/okhttp3/okhttp/3.9.0/okhttp-3.9.0.jar:/home/user/.m2/repository/com/squareup/okio/okio/1.13.0/okio-1.13.0.jar:/home/user/.m2/repository/io/jaegertracing/jaeger-core/0.33.1/jaeger-core-0.33.1.jar:/home/user/.m2/repository/io/jaegertracing/jaeger-tracerresolver/0.33.1/jaeger-tracerresolver-0.33.1.jar:/home/user/.m2/repository/io/opentracing/contrib/opentracing-tracerresolver/0.1.5/opentracing-tracerresolver-0.1.5.jar:/home/user/.m2/repository/io/opentracing/opentracing-util/0.31.0/opentracing-util-0.31.0.jar:/home/user/.m2/repository/io/opentracing/opentracing-api/0.31.0/opentracing-api-0.31.0.jar:/home/user/.m2/repository/io/opentracing/opentracing-noop/0.31.0/opentracing-noop-0.31.0.jar:/home/user/.m2/repository/org/apache/hadoop/hadoop-hdds-server-framework/0.5.0-SNAPSHOT/hadoop-hdds-server-framework-0.5.0-SNAPSHOT.jar:/home/user/.m2/repository/org/apache/hadoop/hadoop-hdds-container-service/0.5.0-SNAPSHOT/hadoop-hdds-container-service-0.5.0-SNAPSHOT.jar:/home/user/.m2/repository/org/apache/hadoop/hadoop-hdds-client/0.5.0-SNAPSHOT/hadoop-hdds-client-0.5.0-SNAPSHOT.jar:/home/user/.m2/repository/org/apache/hadoop/hadoop-hdds-tools/0.5.0-SNAPSHOT/hadoop-hdds-tools-0.5.0-SNAPSHOT.jar:/home/user/.m2/repository/org/apache/hadoop/hadoop-hdds-server-scm/0.5.0-SNAPSHOT/hadoop-hdds-server-scm-0.5.0-SNAPSHOT.jar:/home/user/.m2/repository/org/apache/hadoop/hadoop-hdds-docs/0.5.0-SNAPSHOT/hadoop-hdds-docs-0.5.0-SNAPSHOT.jar:/home/user/.m2/repository/io/dropwizard/metrics/metrics-core/3.2.4/metrics-core-3.2.4.jar:/home/user/.m2/repository/org/hamcrest/hamcrest-all/1.3/hamcrest-all-1.3.jar:/home/user/.m2/repository/org/bouncycastle/bcprov-jdk15on/1.60/bcprov-jdk15on-1.60.jar:/home/user/.m2/repository/info/picocli/picocli/3.9.6/picocli-3.9.6.jar:/home/user/.m2/repository/com/google/protobuf/protobuf-java/2.5.0/protobuf-java-2.5.0.jar:/home/user/.m2/repository/com/google/guava/guava/11.0.2/guava-11.0.2.jar:/home/user/.m2/repository/org/apache/hadoop/hadoop-ozone-ozone-manager/0.5.0-SNAPSHOT/hadoop-ozone-ozone-manager-0.5.0-SNAPSHOT.jar:/home/user/.m2/repository/org/apache/hadoop/hadoop-minikdc/3.2.0/hadoop-minikdc-3.2.0.jar:/home/user/.m2/repository/commons-io/commons-io/2.5/commons-io-2.5.jar:/home/user/.m2/repository/org/apache/kerby/kerb-simplekdc/1.0.1/kerb-simplekdc-1.0.1.jar:/home/user/.m2/repository/org/apache/kerby/kerb-client/1.0.1/kerb-client-1.0.1.jar:/home/user/.m2/repository/org/apache/kerby/kerby-config/1.0.1/kerby-config-1.0.1.jar:/home/user/.m2/repository/org/apache/kerby/kerb-core/1.0.1/kerb-core-1.0.1.jar:/home/user/.m2/repository/org/apache/kerby/kerby-pkix/1.0.1/kerby-pkix-1.0.1.jar:/home/user/.m2/repository/org/apache/kerby/kerby-asn1/1.0.1/kerby-asn1-1.0.1.jar:/home/user/.m2/repository/org/apache/kerby/kerby-util/1.0.1/kerby-util-1.0.1.jar:/home/user/.m2/repository/org/apache/kerby/kerb-common/1.0.1/kerb-common-1.0.1.jar:/home/user/.m2/repository/org/apache/kerby/kerb-crypto/1.0.1/kerb-crypto-1.0.1.jar:/home/user/.m2/repository/org/apache/kerby/kerb-util/1.0.1/kerb-util-1.0.1.jar:/home/user/.m2/repository/org/apache/kerby/token-provider/1.0.1/token-provider-1.0.1.jar:/home/user/.m2/repository/org/apache/kerby/kerb-admin/1.0.1/kerb-admin-1.0.1.jar:/home/user/.m2/repository/org/apache/kerby/kerb-server/1.0.1/kerb-server-1.0.1.jar:/home/user/.m2/repository/org/apache/kerby/kerb-identity/1.0.1/kerb-identity-1.0.1.jar:/home/user/.m2/repository/org/apache/kerby/kerby-xdr/1.0.1/kerby-xdr-1.0.1.jar:/home/user/.m2/repository/org/slf4j/slf4j-log4j12/1.7.25/slf4j-log4j12-1.7.25.jar:/home/user/.m2/repository/org/apache/hadoop/hadoop-ozone-objectstore-service/0.5.0-SNAPSHOT/hadoop-ozone-objectstore-service-0.5.0-SNAPSHOT.jar:/home/user/.m2/repository/org/apache/hadoop/hadoop-ozone-s3gateway/0.5.0-SNAPSHOT/hadoop-ozone-s3gateway-0.5.0-SNAPSHOT.jar:/home/user/.m2/repository/org/jboss/weld/servlet/weld-servlet/2.4.7.Final/weld-servlet-2.4.7.Final.jar:/home/user/.m2/repository/org/glassfish/jersey/containers/jersey-container-servlet-core/2.27/jersey-container-servlet-core-2.27.jar:/home/user/.m2/repository/org/glassfish/hk2/external/javax.inject/2.5.0-b42/javax.inject-2.5.0-b42.jar:/home/user/.m2/repository/org/glassfish/jersey/core/jersey-common/2.27/jersey-common-2.27.jar:/home/user/.m2/repository/org/glassfish/hk2/osgi-resource-locator/1.0.1/osgi-resource-locator-1.0.1.jar:/home/user/.m2/repository/javax/ws/rs/javax.ws.rs-api/2.1/javax.ws.rs-api-2.1.jar:/home/user/.m2/repository/org/glassfish/jersey/ext/cdi/jersey-cdi1x/2.27/jersey-cdi1x-2.27.jar:/home/user/.m2/repository/org/glassfish/jersey/inject/jersey-hk2/2.27/jersey-hk2-2.27.jar:/home/user/.m2/repository/org/glassfish/hk2/hk2-locator/2.5.0-b42/hk2-locator-2.5.0-b42.jar:/home/user/.m2/repository/org/javassist/javassist/3.22.0-CR2/javassist-3.22.0-CR2.jar:/home/user/.m2/repository/org/glassfish/hk2/hk2-api/2.5.0/hk2-api-2.5.0.jar:/home/user/.m2/repository/org/glassfish/hk2/external/jakarta.inject/2.5.0/jakarta.inject-2.5.0.jar:/home/user/.m2/repository/org/glassfish/hk2/hk2-utils/2.5.0/hk2-utils-2.5.0.jar:/home/user/.m2/repository/jakarta/annotation/jakarta.annotation-api/1.3.4/jakarta.annotation-api-1.3.4.jar:/home/user/.m2/repository/org/glassfish/hk2/external/aopalliance-repackaged/2.5.0/aopalliance-repackaged-2.5.0.jar:/home/user/.m2/repository/com/fasterxml/jackson/dataformat/jackson-dataformat-xml/2.9.0/jackson-dataformat-xml-2.9.0.jar:/home/user/.m2/repository/com/fasterxml/jackson/core/jackson-core/2.9.5/jackson-core-2.9.5.jar:/home/user/.m2/repository/com/fasterxml/jackson/module/jackson-module-jaxb-annotations/2.9.5/jackson-module-jaxb-annotations-2.9.5.jar:/home/user/.m2/repository/javax/enterprise/cdi-api/1.2/cdi-api-1.2.jar:/home/user/.m2/repository/javax/el/javax.el-api/3.0.0/javax.el-api-3.0.0.jar:/home/user/.m2/repository/javax/interceptor/javax.interceptor-api/1.2/javax.interceptor-api-1.2.jar:/home/user/.m2/repository/javax/inject/javax.inject/1/javax.inject-1.jar:/home/user/.m2/repository/com/sun/xml/bind/jaxb-impl/2.3.0.1/jaxb-impl-2.3.0.1.jar:/home/user/.m2/repository/com/sun/xml/bind/jaxb-core/2.3.0.1/jaxb-core-2.3.0.1.jar:/home/user/.m2/repository/javax/xml/bind/jaxb-api/2.3.0/jaxb-api-2.3.0.jar:/home/user/.m2/repository/javax/activation/activation/1.1.1/activation-1.1.1.jar:/home/user/.m2/repository/org/apache/hadoop/hadoop-ozone-csi/0.5.0-SNAPSHOT/hadoop-ozone-csi-0.5.0-SNAPSHOT.jar:/home/user/.m2/repository/com/google/protobuf/protobuf-java-util/3.5.1/protobuf-java-util-3.5.1.jar:/home/user/.m2/repository/org/apache/hadoop/hadoop-hdds-config/0.5.0-SNAPSHOT/hadoop-hdds-config-0.5.0-SNAPSHOT.jar:/home/user/.m2/repository/io/grpc/grpc-netty/1.17.1/grpc-netty-1.17.1.jar:/home/user/.m2/repository/io/grpc/grpc-core/1.17.1/grpc-core-1.17.1.jar:/home/user/.m2/repository/io/grpc/grpc-context/1.17.1/grpc-context-1.17.1.jar:/home/user/.m2/repository/com/google/errorprone/error_prone_annotations/2.2.0/error_prone_annotations-2.2.0.jar:/home/user/.m2/repository/org/codehaus/mojo/animal-sniffer-annotations/1.17/animal-sniffer-annotations-1.17.jar:/home/user/.m2/repository/io/opencensus/opencensus-api/0.17.0/opencensus-api-0.17.0.jar:/home/user/.m2/repository/io/opencensus/opencensus-contrib-grpc-metrics/0.17.0/opencensus-contrib-grpc-metrics-0.17.0.jar:/home/user/.m2/repository/io/netty/netty-codec-http2/4.1.30.Final/netty-codec-http2-4.1.30.Final.jar:/home/user/.m2/repository/io/netty/netty-codec-http/4.1.30.Final/netty-codec-http-4.1.30.Final.jar:/home/user/.m2/repository/io/netty/netty-codec/4.1.30.Final/netty-codec-4.1.30.Final.jar:/home/user/.m2/repository/io/netty/netty-handler/4.1.30.Final/netty-handler-4.1.30.Final.jar:/home/user/.m2/repository/io/netty/netty-handler-proxy/4.1.30.Final/netty-handler-proxy-4.1.30.Final.jar:/home/user/.m2/repository/io/netty/netty-codec-socks/4.1.30.Final/netty-codec-socks-4.1.30.Final.jar:/home/user/.m2/repository/io/netty/netty-transport-native-epoll/4.1.30.Final/netty-transport-native-epoll-4.1.30.Final.jar:/home/user/.m2/repository/io/netty/netty-common/4.1.30.Final/netty-common-4.1.30.Final.jar:/home/user/.m2/repository/io/netty/netty-buffer/4.1.30.Final/netty-buffer-4.1.30.Final.jar:/home/user/.m2/repository/io/netty/netty-transport/4.1.30.Final/netty-transport-4.1.30.Final.jar:/home/user/.m2/repository/io/netty/netty-resolver/4.1.30.Final/netty-resolver-4.1.30.Final.jar:/home/user/.m2/repository/io/netty/netty-transport-native-unix-common/4.1.30.Final/netty-transport-native-unix-common-4.1.30.Final.jar:/home/user/.m2/repository/io/grpc/grpc-protobuf/1.17.1/grpc-protobuf-1.17.1.jar:/home/user/.m2/repository/com/google/api/grpc/proto-google-common-protos/1.0.0/proto-google-common-protos-1.0.0.jar:/home/user/.m2/repository/io/grpc/grpc-protobuf-lite/1.17.1/grpc-protobuf-lite-1.17.1.jar:/home/user/.m2/repository/io/grpc/grpc-stub/1.17.1/grpc-stub-1.17.1.jar:/home/user/.m2/repository/org/apache/hadoop/hadoop-ozone-recon/0.5.0-SNAPSHOT/hadoop-ozone-recon-0.5.0-SNAPSHOT.jar:/home/user/.m2/repository/org/apache/hadoop/hadoop-ozone-reconcodegen/0.5.0-SNAPSHOT/hadoop-ozone-reconcodegen-0.5.0-SNAPSHOT.jar:/home/user/.m2/repository/com/google/inject/extensions/guice-multibindings/4.0/guice-multibindings-4.0.jar:/home/user/.m2/repository/com/google/inject/guice/4.0/guice-4.0.jar:/home/user/.m2/repository/aopalliance/aopalliance/1.0/aopalliance-1.0.jar:/home/user/.m2/repository/com/google/inject/extensions/guice-servlet/4.0/guice-servlet-4.0.jar:/home/user/.m2/repository/org/glassfish/jersey/containers/jersey-container-servlet/2.27/jersey-container-servlet-2.27.jar:/home/user/.m2/repository/org/glassfish/hk2/guice-bridge/2.5.0/guice-bridge-2.5.0.jar:/home/user/.m2/repository/org/glassfish/jersey/core/jersey-server/2.27/jersey-server-2.27.jar:/home/user/.m2/repository/org/glassfish/jersey/core/jersey-client/2.27/jersey-client-2.27.jar:/home/user/.m2/repository/org/glassfish/jersey/media/jersey-media-jaxb/2.27/jersey-media-jaxb-2.27.jar:/home/user/.m2/repository/javax/validation/validation-api/1.1.0.Final/validation-api-1.1.0.Final.jar:/home/user/.m2/repository/org/glassfish/jersey/media/jersey-media-json-jackson/2.27/jersey-media-json-jackson-2.27.jar:/home/user/.m2/repository/org/glassfish/jersey/ext/jersey-entity-filtering/2.27/jersey-entity-filtering-2.27.jar:/home/user/.m2/repository/com/google/inject/extensions/guice-assistedinject/4.0/guice-assistedinject-4.0.jar:/home/user/.m2/repository/org/jooq/jooq/3.11.10/jooq-3.11.10.jar:/home/user/.m2/repository/org/jooq/jooq-meta/3.11.10/jooq-meta-3.11.10.jar:/home/user/.m2/repository/org/jooq/jooq-codegen/3.11.10/jooq-codegen-3.11.10.jar:/home/user/.m2/repository/com/jolbox/bonecp/0.8.0.RELEASE/bonecp-0.8.0.RELEASE.jar:/home/user/.m2/repository/org/xerial/sqlite-jdbc/3.25.2/sqlite-jdbc-3.25.2.jar:/home/user/.m2/repository/org/springframework/spring-jdbc/5.1.3.RELEASE/spring-jdbc-5.1.3.RELEASE.jar:/home/user/.m2/repository/org/springframework/spring-beans/5.1.3.RELEASE/spring-beans-5.1.3.RELEASE.jar:/home/user/.m2/repository/org/springframework/spring-core/5.1.3.RELEASE/spring-core-5.1.3.RELEASE.jar:/home/user/.m2/repository/org/springframework/spring-jcl/5.1.3.RELEASE/spring-jcl-5.1.3.RELEASE.jar:/home/user/.m2/repository/org/springframework/spring-tx/5.1.3.RELEASE/spring-tx-5.1.3.RELEASE.jar:/home/user/.m2/repository/org/apache/hadoop/hadoop-ozone-client/0.5.0-SNAPSHOT/hadoop-ozone-client-0.5.0-SNAPSHOT.jar:/home/user/.m2/repository/commons-lang/commons-lang/2.6/commons-lang-2.6.jar:/home/user/.m2/repository/org/apache/hadoop/hadoop-ozone-ozone-manager/0.5.0-SNAPSHOT/hadoop-ozone-ozone-manager-0.5.0-SNAPSHOT-tests.jar:/home/user/.m2/repository/junit/junit/4.11/junit-4.11.jar:/home/user/.m2/repository/org/hamcrest/hamcrest-core/1.3/hamcrest-core-1.3.jar:/home/user/.m2/repository/org/openjdk/jmh/jmh-core/1.19/jmh-core-1.19.jar:/home/user/.m2/repository/net/sf/jopt-simple/jopt-simple/4.6/jopt-simple-4.6.jar:/home/user/.m2/repository/org/apache/commons/commons-math3/3.1.1/commons-math3-3.1.1.jar:/home/user/.m2/repository/org/openjdk/jmh/jmh-generator-annprocess/1.19/jmh-generator-annprocess-1.19.jar:/home/user/.m2/repository/org/mockito/mockito-all/1.8.5/mockito-all-1.8.5.jar:/home/user/.m2/repository/org/apache/hadoop/hadoop-kms/3.2.0/hadoop-kms-3.2.0.jar:/home/user/.m2/repository/org/apache/hadoop/hadoop-auth/3.2.0/hadoop-auth-3.2.0.jar:/home/user/.m2/repository/com/nimbusds/nimbus-jose-jwt/4.41.1/nimbus-jose-jwt-4.41.1.jar:/home/user/.m2/repository/com/github/stephenc/jcip/jcip-annotations/1.0-1/jcip-annotations-1.0-1.jar:/home/user/.m2/repository/net/minidev/json-smart/2.3/json-smart-2.3.jar:/home/user/.m2/repository/net/minidev/accessors-smart/1.2/accessors-smart-1.2.jar:/home/user/.m2/repository/org/ow2/asm/asm/5.0.4/asm-5.0.4.jar:/home/user/.m2/repository/org/apache/curator/curator-framework/2.12.0/curator-framework-2.12.0.jar:/home/user/.m2/repository/com/sun/jersey/jersey-core/1.19/jersey-core-1.19.jar:/home/user/.m2/repository/javax/ws/rs/jsr311-api/1.1.1/jsr311-api-1.1.1.jar:/home/user/.m2/repository/com/sun/jersey/jersey-server/1.19/jersey-server-1.19.jar:/home/user/.m2/repository/javax/servlet/javax.servlet-api/3.1.0/javax.servlet-api-3.1.0.jar:/home/user/.m2/repository/org/eclipse/jetty/jetty-server/9.3.24.v20180605/jetty-server-9.3.24.v20180605.jar:/home/user/.m2/repository/org/eclipse/jetty/jetty-http/9.3.24.v20180605/jetty-http-9.3.24.v20180605.jar:/home/user/.m2/repository/org/eclipse/jetty/jetty-io/9.3.24.v20180605/jetty-io-9.3.24.v20180605.jar:/home/user/.m2/repository/org/eclipse/jetty/jetty-webapp/9.3.24.v20180605/jetty-webapp-9.3.24.v20180605.jar:/home/user/.m2/repository/org/eclipse/jetty/jetty-xml/9.3.24.v20180605/jetty-xml-9.3.24.v20180605.jar:/home/user/.m2/repository/log4j/log4j/1.2.17/log4j-1.2.17.jar:/home/user/.m2/repository/org/slf4j/slf4j-api/1.7.25/slf4j-api-1.7.25.jar:/home/user/.m2/repository/org/slf4j/jul-to-slf4j/1.7.25/jul-to-slf4j-1.7.25.jar:/home/user/.m2/repository/org/eclipse/jetty/jetty-util/9.3.24.v20180605/jetty-util-9.3.24.v20180605.jar:/home/user/.m2/repository/com/fasterxml/jackson/core/jackson-databind/2.9.5/jackson-databind-2.9.5.jar:/home/user/.m2/repository/org/apache/hadoop/hadoop-kms/3.2.0/hadoop-kms-3.2.0-tests.jar:/home/user/.m2/repository/org/apache/hadoop/hadoop-hdds-server-scm/0.5.0-SNAPSHOT/hadoop-hdds-server-scm-0.5.0-SNAPSHOT-tests.jar:/home/user/.m2/repository/org/apache/hadoop/hadoop-hdds-container-service/0.5.0-SNAPSHOT/hadoop-hdds-container-service-0.5.0-SNAPSHOT-tests.jar:/home/user/.m2/repository/org/yaml/snakeyaml/1.16/snakeyaml-1.16.jar:/home/user/.m2/repository/org/apache/hadoop/hadoop-common/3.2.0/hadoop-common-3.2.0-tests.jar:/home/user/.m2/repository/org/apache/hadoop/hadoop-annotations/3.2.0/hadoop-annotations-3.2.0.jar:/usr/lib/jvm/java-1.8-openjdk/jre/../lib/tools.jar:/home/user/.m2/repository/commons-cli/commons-cli/1.2/commons-cli-1.2.jar:/home/user/.m2/repository/org/apache/httpcomponents/httpclient/4.5.2/httpclient-4.5.2.jar:/home/user/.m2/repository/org/apache/httpcomponents/httpcore/4.4.4/httpcore-4.4.4.jar:/home/user/.m2/repository/commons-codec/commons-codec/1.11/commons-codec-1.11.jar:/home/user/.m2/repository/commons-net/commons-net/3.6/commons-net-3.6.jar:/home/user/.m2/repository/commons-collections/commons-collections/3.2.2/commons-collections-3.2.2.jar:/home/user/.m2/repository/org/eclipse/jetty/jetty-servlet/9.3.24.v20180605/jetty-servlet-9.3.24.v20180605.jar:/home/user/.m2/repository/org/eclipse/jetty/jetty-security/9.3.24.v20180605/jetty-security-9.3.24.v20180605.jar:/home/user/.m2/repository/javax/servlet/jsp/jsp-api/2.1/jsp-api-2.1.jar:/home/user/.m2/repository/com/sun/jersey/jersey-servlet/1.19/jersey-servlet-1.19.jar:/home/user/.m2/repository/com/sun/jersey/jersey-json/1.19/jersey-json-1.19.jar:/home/user/.m2/repository/org/codehaus/jettison/jettison/1.1/jettison-1.1.jar:/home/user/.m2/repository/org/codehaus/jackson/jackson-core-asl/1.9.13/jackson-core-asl-1.9.13.jar:/home/user/.m2/repository/org/codehaus/jackson/jackson-mapper-asl/1.9.13/jackson-mapper-asl-1.9.13.jar:/home/user/.m2/repository/org/codehaus/jackson/jackson-jaxrs/1.9.13/jackson-jaxrs-1.9.13.jar:/home/user/.m2/repository/org/codehaus/jackson/jackson-xc/1.9.13/jackson-xc-1.9.13.jar:/home/user/.m2/repository/commons-logging/commons-logging/1.1.3/commons-logging-1.1.3.jar:/home/user/.m2/repository/commons-beanutils/commons-beanutils/1.9.3/commons-beanutils-1.9.3.jar:/home/user/.m2/repository/org/apache/commons/commons-configuration2/2.1.1/commons-configuration2-2.1.1.jar:/home/user/.m2/repository/org/apache/commons/commons-lang3/3.7/commons-lang3-3.7.jar:/home/user/.m2/repository/org/apache/commons/commons-text/1.4/commons-text-1.4.jar:/home/user/.m2/repository/org/apache/avro/avro/1.7.7/avro-1.7.7.jar:/home/user/.m2/repository/com/thoughtworks/paranamer/paranamer/2.3/paranamer-2.3.jar:/home/user/.m2/repository/org/xerial/snappy/snappy-java/1.0.5/snappy-java-1.0.5.jar:/home/user/.m2/repository/com/google/re2j/re2j/1.1/re2j-1.1.jar:/home/user/.m2/repository/com/google/code/gson/gson/2.2.4/gson-2.2.4.jar:/home/user/.m2/repository/com/jcraft/jsch/0.1.54/jsch-0.1.54.jar:/home/user/.m2/repository/org/apache/curator/curator-client/2.12.0/curator-client-2.12.0.jar:/home/user/.m2/repository/org/apache/curator/curator-recipes/2.12.0/curator-recipes-2.12.0.jar:/home/user/.m2/repository/com/google/code/findbugs/jsr305/3.0.0/jsr305-3.0.0.jar:/home/user/.m2/repository/org/apache/htrace/htrace-core4/4.1.0-incubating/htrace-core4-4.1.0-incubating.jar:/home/user/.m2/repository/org/apache/zookeeper/zookeeper/3.4.13/zookeeper-3.4.13.jar:/home/user/.m2/repository/org/apache/yetus/audience-annotations/0.5.0/audience-annotations-0.5.0.jar:/home/user/.m2/repository/org/codehaus/woodstox/stax2-api/3.1.4/stax2-api-3.1.4.jar:/home/user/.m2/repository/com/fasterxml/woodstox/woodstox-core/5.0.3/woodstox-core-5.0.3.jar:/home/user/.m2/repository/dnsjava/dnsjava/2.1.7/dnsjava-2.1.7.jar:/home/user/.m2/repository/org/apache/hadoop/hadoop-hdfs/3.2.0/hadoop-hdfs-3.2.0-tests.jar:/home/user/.m2/repository/org/eclipse/jetty/jetty-util-ajax/9.3.24.v20180605/jetty-util-ajax-9.3.24.v20180605.jar:/home/user/.m2/repository/commons-daemon/commons-daemon/1.0.13/commons-daemon-1.0.13.jar:/home/user/.m2/repository/io/netty/netty/3.10.5.Final/netty-3.10.5.Final.jar:/home/user/.m2/repository/io/netty/netty-all/4.0.52.Final/netty-all-4.0.52.Final.jar:/home/user/.m2/repository/org/fusesource/leveldbjni/leveldbjni-all/1.8/leveldbjni-all-1.8.jar:"/>
    <property name="java.vm.vendor" value="IcedTea"/>
    <property name="sun.arch.data.model" value="64"/>
    <property name="test.build.dir" value="/workdir/hadoop-ozone/integration-test/target/test-dir"/>
    <property name="test.cache.data" value=""/>
    <property name="java.vendor.url" value="https://icedtea.classpath.org"/>
    <property name="user.timezone" value=""/>
    <property name="java.vm.specification.version" value="1.8"/>
    <property name="os.name" value="Linux"/>
    <property name="test.build.data" value="/workdir/hadoop-ozone/integration-test/target/test-dir"/>
    <property name="user.country" value="US"/>
    <property name="sun.java.launcher" value="SUN_STANDARD"/>
    <property name="sun.boot.library.path" value="/usr/lib/jvm/java-1.8-openjdk/jre/lib/amd64"/>
    <property name="sun.java.command" value="/workdir/hadoop-ozone/integration-test/target/surefire/surefirebooter8036029654415595273.jar /workdir/hadoop-ozone/integration-test/target/surefire 2019-08-22T05-45-06_360-jvmRun1 surefire2245954458643738457tmp surefire_48725122028553336663tmp"/>
    <property name="test" value="!TestMiniChaosOzoneCluster"/>
    <property name="surefire.test.class.path" value="/workdir/hadoop-ozone/integration-test/target/test-classes:/workdir/hadoop-ozone/integration-test/target/classes:/home/user/.m2/repository/org/apache/hadoop/hadoop-ozone-common/0.5.0-SNAPSHOT/hadoop-ozone-common-0.5.0-SNAPSHOT.jar:/home/user/.m2/repository/org/apache/commons/commons-compress/1.4.1/commons-compress-1.4.1.jar:/home/user/.m2/repository/org/tukaani/xz/1.0/xz-1.0.jar:/home/user/.m2/repository/org/apache/hadoop/hadoop-common/3.2.0/hadoop-common-3.2.0.jar:/home/user/.m2/repository/org/apache/hadoop/hadoop-hdfs/3.2.0/hadoop-hdfs-3.2.0.jar:/home/user/.m2/repository/org/apache/hadoop/hadoop-hdfs-client/3.2.0/hadoop-hdfs-client-3.2.0.jar:/home/user/.m2/repository/com/fasterxml/jackson/core/jackson-annotations/2.9.5/jackson-annotations-2.9.5.jar:/home/user/.m2/repository/org/apache/hadoop/hadoop-hdds-common/0.5.0-SNAPSHOT/hadoop-hdds-common-0.5.0-SNAPSHOT.jar:/home/user/.m2/repository/javax/annotation/javax.annotation-api/1.2/javax.annotation-api-1.2.jar:/home/user/.m2/repository/org/apache/ratis/ratis-server/0.4.0-2337318-SNAPSHOT/ratis-server-0.4.0-2337318-SNAPSHOT.jar:/home/user/.m2/repository/org/apache/ratis/ratis-thirdparty-misc/0.2.0/ratis-thirdparty-misc-0.2.0.jar:/home/user/.m2/repository/org/apache/ratis/ratis-proto/0.4.0-2337318-SNAPSHOT/ratis-proto-0.4.0-2337318-SNAPSHOT.jar:/home/user/.m2/repository/org/apache/ratis/ratis-common/0.4.0-2337318-SNAPSHOT/ratis-common-0.4.0-2337318-SNAPSHOT.jar:/home/user/.m2/repository/org/apache/ratis/ratis-client/0.4.0-2337318-SNAPSHOT/ratis-client-0.4.0-2337318-SNAPSHOT.jar:/home/user/.m2/repository/org/apache/ratis/ratis-metrics/0.4.0-2337318-SNAPSHOT/ratis-metrics-0.4.0-2337318-SNAPSHOT.jar:/home/user/.m2/repository/org/apache/ratis/ratis-netty/0.4.0-2337318-SNAPSHOT/ratis-netty-0.4.0-2337318-SNAPSHOT.jar:/home/user/.m2/repository/org/apache/ratis/ratis-grpc/0.4.0-2337318-SNAPSHOT/ratis-grpc-0.4.0-2337318-SNAPSHOT.jar:/home/user/.m2/repository/org/rocksdb/rocksdbjni/6.0.1/rocksdbjni-6.0.1.jar:/home/user/.m2/repository/org/apache/logging/log4j/log4j-api/2.11.0/log4j-api-2.11.0.jar:/home/user/.m2/repository/org/apache/logging/log4j/log4j-core/2.11.0/log4j-core-2.11.0.jar:/home/user/.m2/repository/com/lmax/disruptor/3.4.2/disruptor-3.4.2.jar:/home/user/.m2/repository/org/apache/commons/commons-pool2/2.6.0/commons-pool2-2.6.0.jar:/home/user/.m2/repository/org/bouncycastle/bcpkix-jdk15on/1.60/bcpkix-jdk15on-1.60.jar:/home/user/.m2/repository/commons-validator/commons-validator/1.6/commons-validator-1.6.jar:/home/user/.m2/repository/commons-digester/commons-digester/1.8.1/commons-digester-1.8.1.jar:/home/user/.m2/repository/io/jaegertracing/jaeger-client/0.33.1/jaeger-client-0.33.1.jar:/home/user/.m2/repository/io/jaegertracing/jaeger-thrift/0.33.1/jaeger-thrift-0.33.1.jar:/home/user/.m2/repository/org/apache/thrift/libthrift/0.11.0/libthrift-0.11.0.jar:/home/user/.m2/repository/com/squareup/okhttp3/okhttp/3.9.0/okhttp-3.9.0.jar:/home/user/.m2/repository/com/squareup/okio/okio/1.13.0/okio-1.13.0.jar:/home/user/.m2/repository/io/jaegertracing/jaeger-core/0.33.1/jaeger-core-0.33.1.jar:/home/user/.m2/repository/io/jaegertracing/jaeger-tracerresolver/0.33.1/jaeger-tracerresolver-0.33.1.jar:/home/user/.m2/repository/io/opentracing/contrib/opentracing-tracerresolver/0.1.5/opentracing-tracerresolver-0.1.5.jar:/home/user/.m2/repository/io/opentracing/opentracing-util/0.31.0/opentracing-util-0.31.0.jar:/home/user/.m2/repository/io/opentracing/opentracing-api/0.31.0/opentracing-api-0.31.0.jar:/home/user/.m2/repository/io/opentracing/opentracing-noop/0.31.0/opentracing-noop-0.31.0.jar:/home/user/.m2/repository/org/apache/hadoop/hadoop-hdds-server-framework/0.5.0-SNAPSHOT/hadoop-hdds-server-framework-0.5.0-SNAPSHOT.jar:/home/user/.m2/repository/org/apache/hadoop/hadoop-hdds-container-service/0.5.0-SNAPSHOT/hadoop-hdds-container-service-0.5.0-SNAPSHOT.jar:/home/user/.m2/repository/org/apache/hadoop/hadoop-hdds-client/0.5.0-SNAPSHOT/hadoop-hdds-client-0.5.0-SNAPSHOT.jar:/home/user/.m2/repository/org/apache/hadoop/hadoop-hdds-tools/0.5.0-SNAPSHOT/hadoop-hdds-tools-0.5.0-SNAPSHOT.jar:/home/user/.m2/repository/org/apache/hadoop/hadoop-hdds-server-scm/0.5.0-SNAPSHOT/hadoop-hdds-server-scm-0.5.0-SNAPSHOT.jar:/home/user/.m2/repository/org/apache/hadoop/hadoop-hdds-docs/0.5.0-SNAPSHOT/hadoop-hdds-docs-0.5.0-SNAPSHOT.jar:/home/user/.m2/repository/io/dropwizard/metrics/metrics-core/3.2.4/metrics-core-3.2.4.jar:/home/user/.m2/repository/org/hamcrest/hamcrest-all/1.3/hamcrest-all-1.3.jar:/home/user/.m2/repository/org/bouncycastle/bcprov-jdk15on/1.60/bcprov-jdk15on-1.60.jar:/home/user/.m2/repository/info/picocli/picocli/3.9.6/picocli-3.9.6.jar:/home/user/.m2/repository/com/google/protobuf/protobuf-java/2.5.0/protobuf-java-2.5.0.jar:/home/user/.m2/repository/com/google/guava/guava/11.0.2/guava-11.0.2.jar:/home/user/.m2/repository/org/apache/hadoop/hadoop-ozone-ozone-manager/0.5.0-SNAPSHOT/hadoop-ozone-ozone-manager-0.5.0-SNAPSHOT.jar:/home/user/.m2/repository/org/apache/hadoop/hadoop-minikdc/3.2.0/hadoop-minikdc-3.2.0.jar:/home/user/.m2/repository/commons-io/commons-io/2.5/commons-io-2.5.jar:/home/user/.m2/repository/org/apache/kerby/kerb-simplekdc/1.0.1/kerb-simplekdc-1.0.1.jar:/home/user/.m2/repository/org/apache/kerby/kerb-client/1.0.1/kerb-client-1.0.1.jar:/home/user/.m2/repository/org/apache/kerby/kerby-config/1.0.1/kerby-config-1.0.1.jar:/home/user/.m2/repository/org/apache/kerby/kerb-core/1.0.1/kerb-core-1.0.1.jar:/home/user/.m2/repository/org/apache/kerby/kerby-pkix/1.0.1/kerby-pkix-1.0.1.jar:/home/user/.m2/repository/org/apache/kerby/kerby-asn1/1.0.1/kerby-asn1-1.0.1.jar:/home/user/.m2/repository/org/apache/kerby/kerby-util/1.0.1/kerby-util-1.0.1.jar:/home/user/.m2/repository/org/apache/kerby/kerb-common/1.0.1/kerb-common-1.0.1.jar:/home/user/.m2/repository/org/apache/kerby/kerb-crypto/1.0.1/kerb-crypto-1.0.1.jar:/home/user/.m2/repository/org/apache/kerby/kerb-util/1.0.1/kerb-util-1.0.1.jar:/home/user/.m2/repository/org/apache/kerby/token-provider/1.0.1/token-provider-1.0.1.jar:/home/user/.m2/repository/org/apache/kerby/kerb-admin/1.0.1/kerb-admin-1.0.1.jar:/home/user/.m2/repository/org/apache/kerby/kerb-server/1.0.1/kerb-server-1.0.1.jar:/home/user/.m2/repository/org/apache/kerby/kerb-identity/1.0.1/kerb-identity-1.0.1.jar:/home/user/.m2/repository/org/apache/kerby/kerby-xdr/1.0.1/kerby-xdr-1.0.1.jar:/home/user/.m2/repository/org/slf4j/slf4j-log4j12/1.7.25/slf4j-log4j12-1.7.25.jar:/home/user/.m2/repository/org/apache/hadoop/hadoop-ozone-objectstore-service/0.5.0-SNAPSHOT/hadoop-ozone-objectstore-service-0.5.0-SNAPSHOT.jar:/home/user/.m2/repository/org/apache/hadoop/hadoop-ozone-s3gateway/0.5.0-SNAPSHOT/hadoop-ozone-s3gateway-0.5.0-SNAPSHOT.jar:/home/user/.m2/repository/org/jboss/weld/servlet/weld-servlet/2.4.7.Final/weld-servlet-2.4.7.Final.jar:/home/user/.m2/repository/org/glassfish/jersey/containers/jersey-container-servlet-core/2.27/jersey-container-servlet-core-2.27.jar:/home/user/.m2/repository/org/glassfish/hk2/external/javax.inject/2.5.0-b42/javax.inject-2.5.0-b42.jar:/home/user/.m2/repository/org/glassfish/jersey/core/jersey-common/2.27/jersey-common-2.27.jar:/home/user/.m2/repository/org/glassfish/hk2/osgi-resource-locator/1.0.1/osgi-resource-locator-1.0.1.jar:/home/user/.m2/repository/javax/ws/rs/javax.ws.rs-api/2.1/javax.ws.rs-api-2.1.jar:/home/user/.m2/repository/org/glassfish/jersey/ext/cdi/jersey-cdi1x/2.27/jersey-cdi1x-2.27.jar:/home/user/.m2/repository/org/glassfish/jersey/inject/jersey-hk2/2.27/jersey-hk2-2.27.jar:/home/user/.m2/repository/org/glassfish/hk2/hk2-locator/2.5.0-b42/hk2-locator-2.5.0-b42.jar:/home/user/.m2/repository/org/javassist/javassist/3.22.0-CR2/javassist-3.22.0-CR2.jar:/home/user/.m2/repository/org/glassfish/hk2/hk2-api/2.5.0/hk2-api-2.5.0.jar:/home/user/.m2/repository/org/glassfish/hk2/external/jakarta.inject/2.5.0/jakarta.inject-2.5.0.jar:/home/user/.m2/repository/org/glassfish/hk2/hk2-utils/2.5.0/hk2-utils-2.5.0.jar:/home/user/.m2/repository/jakarta/annotation/jakarta.annotation-api/1.3.4/jakarta.annotation-api-1.3.4.jar:/home/user/.m2/repository/org/glassfish/hk2/external/aopalliance-repackaged/2.5.0/aopalliance-repackaged-2.5.0.jar:/home/user/.m2/repository/com/fasterxml/jackson/dataformat/jackson-dataformat-xml/2.9.0/jackson-dataformat-xml-2.9.0.jar:/home/user/.m2/repository/com/fasterxml/jackson/core/jackson-core/2.9.5/jackson-core-2.9.5.jar:/home/user/.m2/repository/com/fasterxml/jackson/module/jackson-module-jaxb-annotations/2.9.5/jackson-module-jaxb-annotations-2.9.5.jar:/home/user/.m2/repository/javax/enterprise/cdi-api/1.2/cdi-api-1.2.jar:/home/user/.m2/repository/javax/el/javax.el-api/3.0.0/javax.el-api-3.0.0.jar:/home/user/.m2/repository/javax/interceptor/javax.interceptor-api/1.2/javax.interceptor-api-1.2.jar:/home/user/.m2/repository/javax/inject/javax.inject/1/javax.inject-1.jar:/home/user/.m2/repository/com/sun/xml/bind/jaxb-impl/2.3.0.1/jaxb-impl-2.3.0.1.jar:/home/user/.m2/repository/com/sun/xml/bind/jaxb-core/2.3.0.1/jaxb-core-2.3.0.1.jar:/home/user/.m2/repository/javax/xml/bind/jaxb-api/2.3.0/jaxb-api-2.3.0.jar:/home/user/.m2/repository/javax/activation/activation/1.1.1/activation-1.1.1.jar:/home/user/.m2/repository/org/apache/hadoop/hadoop-ozone-csi/0.5.0-SNAPSHOT/hadoop-ozone-csi-0.5.0-SNAPSHOT.jar:/home/user/.m2/repository/com/google/protobuf/protobuf-java-util/3.5.1/protobuf-java-util-3.5.1.jar:/home/user/.m2/repository/org/apache/hadoop/hadoop-hdds-config/0.5.0-SNAPSHOT/hadoop-hdds-config-0.5.0-SNAPSHOT.jar:/home/user/.m2/repository/io/grpc/grpc-netty/1.17.1/grpc-netty-1.17.1.jar:/home/user/.m2/repository/io/grpc/grpc-core/1.17.1/grpc-core-1.17.1.jar:/home/user/.m2/repository/io/grpc/grpc-context/1.17.1/grpc-context-1.17.1.jar:/home/user/.m2/repository/com/google/errorprone/error_prone_annotations/2.2.0/error_prone_annotations-2.2.0.jar:/home/user/.m2/repository/org/codehaus/mojo/animal-sniffer-annotations/1.17/animal-sniffer-annotations-1.17.jar:/home/user/.m2/repository/io/opencensus/opencensus-api/0.17.0/opencensus-api-0.17.0.jar:/home/user/.m2/repository/io/opencensus/opencensus-contrib-grpc-metrics/0.17.0/opencensus-contrib-grpc-metrics-0.17.0.jar:/home/user/.m2/repository/io/netty/netty-codec-http2/4.1.30.Final/netty-codec-http2-4.1.30.Final.jar:/home/user/.m2/repository/io/netty/netty-codec-http/4.1.30.Final/netty-codec-http-4.1.30.Final.jar:/home/user/.m2/repository/io/netty/netty-codec/4.1.30.Final/netty-codec-4.1.30.Final.jar:/home/user/.m2/repository/io/netty/netty-handler/4.1.30.Final/netty-handler-4.1.30.Final.jar:/home/user/.m2/repository/io/netty/netty-handler-proxy/4.1.30.Final/netty-handler-proxy-4.1.30.Final.jar:/home/user/.m2/repository/io/netty/netty-codec-socks/4.1.30.Final/netty-codec-socks-4.1.30.Final.jar:/home/user/.m2/repository/io/netty/netty-transport-native-epoll/4.1.30.Final/netty-transport-native-epoll-4.1.30.Final.jar:/home/user/.m2/repository/io/netty/netty-common/4.1.30.Final/netty-common-4.1.30.Final.jar:/home/user/.m2/repository/io/netty/netty-buffer/4.1.30.Final/netty-buffer-4.1.30.Final.jar:/home/user/.m2/repository/io/netty/netty-transport/4.1.30.Final/netty-transport-4.1.30.Final.jar:/home/user/.m2/repository/io/netty/netty-resolver/4.1.30.Final/netty-resolver-4.1.30.Final.jar:/home/user/.m2/repository/io/netty/netty-transport-native-unix-common/4.1.30.Final/netty-transport-native-unix-common-4.1.30.Final.jar:/home/user/.m2/repository/io/grpc/grpc-protobuf/1.17.1/grpc-protobuf-1.17.1.jar:/home/user/.m2/repository/com/google/api/grpc/proto-google-common-protos/1.0.0/proto-google-common-protos-1.0.0.jar:/home/user/.m2/repository/io/grpc/grpc-protobuf-lite/1.17.1/grpc-protobuf-lite-1.17.1.jar:/home/user/.m2/repository/io/grpc/grpc-stub/1.17.1/grpc-stub-1.17.1.jar:/home/user/.m2/repository/org/apache/hadoop/hadoop-ozone-recon/0.5.0-SNAPSHOT/hadoop-ozone-recon-0.5.0-SNAPSHOT.jar:/home/user/.m2/repository/org/apache/hadoop/hadoop-ozone-reconcodegen/0.5.0-SNAPSHOT/hadoop-ozone-reconcodegen-0.5.0-SNAPSHOT.jar:/home/user/.m2/repository/com/google/inject/extensions/guice-multibindings/4.0/guice-multibindings-4.0.jar:/home/user/.m2/repository/com/google/inject/guice/4.0/guice-4.0.jar:/home/user/.m2/repository/aopalliance/aopalliance/1.0/aopalliance-1.0.jar:/home/user/.m2/repository/com/google/inject/extensions/guice-servlet/4.0/guice-servlet-4.0.jar:/home/user/.m2/repository/org/glassfish/jersey/containers/jersey-container-servlet/2.27/jersey-container-servlet-2.27.jar:/home/user/.m2/repository/org/glassfish/hk2/guice-bridge/2.5.0/guice-bridge-2.5.0.jar:/home/user/.m2/repository/org/glassfish/jersey/core/jersey-server/2.27/jersey-server-2.27.jar:/home/user/.m2/repository/org/glassfish/jersey/core/jersey-client/2.27/jersey-client-2.27.jar:/home/user/.m2/repository/org/glassfish/jersey/media/jersey-media-jaxb/2.27/jersey-media-jaxb-2.27.jar:/home/user/.m2/repository/javax/validation/validation-api/1.1.0.Final/validation-api-1.1.0.Final.jar:/home/user/.m2/repository/org/glassfish/jersey/media/jersey-media-json-jackson/2.27/jersey-media-json-jackson-2.27.jar:/home/user/.m2/repository/org/glassfish/jersey/ext/jersey-entity-filtering/2.27/jersey-entity-filtering-2.27.jar:/home/user/.m2/repository/com/google/inject/extensions/guice-assistedinject/4.0/guice-assistedinject-4.0.jar:/home/user/.m2/repository/org/jooq/jooq/3.11.10/jooq-3.11.10.jar:/home/user/.m2/repository/org/jooq/jooq-meta/3.11.10/jooq-meta-3.11.10.jar:/home/user/.m2/repository/org/jooq/jooq-codegen/3.11.10/jooq-codegen-3.11.10.jar:/home/user/.m2/repository/com/jolbox/bonecp/0.8.0.RELEASE/bonecp-0.8.0.RELEASE.jar:/home/user/.m2/repository/org/xerial/sqlite-jdbc/3.25.2/sqlite-jdbc-3.25.2.jar:/home/user/.m2/repository/org/springframework/spring-jdbc/5.1.3.RELEASE/spring-jdbc-5.1.3.RELEASE.jar:/home/user/.m2/repository/org/springframework/spring-beans/5.1.3.RELEASE/spring-beans-5.1.3.RELEASE.jar:/home/user/.m2/repository/org/springframework/spring-core/5.1.3.RELEASE/spring-core-5.1.3.RELEASE.jar:/home/user/.m2/repository/org/springframework/spring-jcl/5.1.3.RELEASE/spring-jcl-5.1.3.RELEASE.jar:/home/user/.m2/repository/org/springframework/spring-tx/5.1.3.RELEASE/spring-tx-5.1.3.RELEASE.jar:/home/user/.m2/repository/org/apache/hadoop/hadoop-ozone-client/0.5.0-SNAPSHOT/hadoop-ozone-client-0.5.0-SNAPSHOT.jar:/home/user/.m2/repository/commons-lang/commons-lang/2.6/commons-lang-2.6.jar:/home/user/.m2/repository/org/apache/hadoop/hadoop-ozone-ozone-manager/0.5.0-SNAPSHOT/hadoop-ozone-ozone-manager-0.5.0-SNAPSHOT-tests.jar:/home/user/.m2/repository/junit/junit/4.11/junit-4.11.jar:/home/user/.m2/repository/org/hamcrest/hamcrest-core/1.3/hamcrest-core-1.3.jar:/home/user/.m2/repository/org/openjdk/jmh/jmh-core/1.19/jmh-core-1.19.jar:/home/user/.m2/repository/net/sf/jopt-simple/jopt-simple/4.6/jopt-simple-4.6.jar:/home/user/.m2/repository/org/apache/commons/commons-math3/3.1.1/commons-math3-3.1.1.jar:/home/user/.m2/repository/org/openjdk/jmh/jmh-generator-annprocess/1.19/jmh-generator-annprocess-1.19.jar:/home/user/.m2/repository/org/mockito/mockito-all/1.8.5/mockito-all-1.8.5.jar:/home/user/.m2/repository/org/apache/hadoop/hadoop-kms/3.2.0/hadoop-kms-3.2.0.jar:/home/user/.m2/repository/org/apache/hadoop/hadoop-auth/3.2.0/hadoop-auth-3.2.0.jar:/home/user/.m2/repository/com/nimbusds/nimbus-jose-jwt/4.41.1/nimbus-jose-jwt-4.41.1.jar:/home/user/.m2/repository/com/github/stephenc/jcip/jcip-annotations/1.0-1/jcip-annotations-1.0-1.jar:/home/user/.m2/repository/net/minidev/json-smart/2.3/json-smart-2.3.jar:/home/user/.m2/repository/net/minidev/accessors-smart/1.2/accessors-smart-1.2.jar:/home/user/.m2/repository/org/ow2/asm/asm/5.0.4/asm-5.0.4.jar:/home/user/.m2/repository/org/apache/curator/curator-framework/2.12.0/curator-framework-2.12.0.jar:/home/user/.m2/repository/com/sun/jersey/jersey-core/1.19/jersey-core-1.19.jar:/home/user/.m2/repository/javax/ws/rs/jsr311-api/1.1.1/jsr311-api-1.1.1.jar:/home/user/.m2/repository/com/sun/jersey/jersey-server/1.19/jersey-server-1.19.jar:/home/user/.m2/repository/javax/servlet/javax.servlet-api/3.1.0/javax.servlet-api-3.1.0.jar:/home/user/.m2/repository/org/eclipse/jetty/jetty-server/9.3.24.v20180605/jetty-server-9.3.24.v20180605.jar:/home/user/.m2/repository/org/eclipse/jetty/jetty-http/9.3.24.v20180605/jetty-http-9.3.24.v20180605.jar:/home/user/.m2/repository/org/eclipse/jetty/jetty-io/9.3.24.v20180605/jetty-io-9.3.24.v20180605.jar:/home/user/.m2/repository/org/eclipse/jetty/jetty-webapp/9.3.24.v20180605/jetty-webapp-9.3.24.v20180605.jar:/home/user/.m2/repository/org/eclipse/jetty/jetty-xml/9.3.24.v20180605/jetty-xml-9.3.24.v20180605.jar:/home/user/.m2/repository/log4j/log4j/1.2.17/log4j-1.2.17.jar:/home/user/.m2/repository/org/slf4j/slf4j-api/1.7.25/slf4j-api-1.7.25.jar:/home/user/.m2/repository/org/slf4j/jul-to-slf4j/1.7.25/jul-to-slf4j-1.7.25.jar:/home/user/.m2/repository/org/eclipse/jetty/jetty-util/9.3.24.v20180605/jetty-util-9.3.24.v20180605.jar:/home/user/.m2/repository/com/fasterxml/jackson/core/jackson-databind/2.9.5/jackson-databind-2.9.5.jar:/home/user/.m2/repository/org/apache/hadoop/hadoop-kms/3.2.0/hadoop-kms-3.2.0-tests.jar:/home/user/.m2/repository/org/apache/hadoop/hadoop-hdds-server-scm/0.5.0-SNAPSHOT/hadoop-hdds-server-scm-0.5.0-SNAPSHOT-tests.jar:/home/user/.m2/repository/org/apache/hadoop/hadoop-hdds-container-service/0.5.0-SNAPSHOT/hadoop-hdds-container-service-0.5.0-SNAPSHOT-tests.jar:/home/user/.m2/repository/org/yaml/snakeyaml/1.16/snakeyaml-1.16.jar:/home/user/.m2/repository/org/apache/hadoop/hadoop-common/3.2.0/hadoop-common-3.2.0-tests.jar:/home/user/.m2/repository/org/apache/hadoop/hadoop-annotations/3.2.0/hadoop-annotations-3.2.0.jar:/usr/lib/jvm/java-1.8-openjdk/jre/../lib/tools.jar:/home/user/.m2/repository/commons-cli/commons-cli/1.2/commons-cli-1.2.jar:/home/user/.m2/repository/org/apache/httpcomponents/httpclient/4.5.2/httpclient-4.5.2.jar:/home/user/.m2/repository/org/apache/httpcomponents/httpcore/4.4.4/httpcore-4.4.4.jar:/home/user/.m2/repository/commons-codec/commons-codec/1.11/commons-codec-1.11.jar:/home/user/.m2/repository/commons-net/commons-net/3.6/commons-net-3.6.jar:/home/user/.m2/repository/commons-collections/commons-collections/3.2.2/commons-collections-3.2.2.jar:/home/user/.m2/repository/org/eclipse/jetty/jetty-servlet/9.3.24.v20180605/jetty-servlet-9.3.24.v20180605.jar:/home/user/.m2/repository/org/eclipse/jetty/jetty-security/9.3.24.v20180605/jetty-security-9.3.24.v20180605.jar:/home/user/.m2/repository/javax/servlet/jsp/jsp-api/2.1/jsp-api-2.1.jar:/home/user/.m2/repository/com/sun/jersey/jersey-servlet/1.19/jersey-servlet-1.19.jar:/home/user/.m2/repository/com/sun/jersey/jersey-json/1.19/jersey-json-1.19.jar:/home/user/.m2/repository/org/codehaus/jettison/jettison/1.1/jettison-1.1.jar:/home/user/.m2/repository/org/codehaus/jackson/jackson-core-asl/1.9.13/jackson-core-asl-1.9.13.jar:/home/user/.m2/repository/org/codehaus/jackson/jackson-mapper-asl/1.9.13/jackson-mapper-asl-1.9.13.jar:/home/user/.m2/repository/org/codehaus/jackson/jackson-jaxrs/1.9.13/jackson-jaxrs-1.9.13.jar:/home/user/.m2/repository/org/codehaus/jackson/jackson-xc/1.9.13/jackson-xc-1.9.13.jar:/home/user/.m2/repository/commons-logging/commons-logging/1.1.3/commons-logging-1.1.3.jar:/home/user/.m2/repository/commons-beanutils/commons-beanutils/1.9.3/commons-beanutils-1.9.3.jar:/home/user/.m2/repository/org/apache/commons/commons-configuration2/2.1.1/commons-configuration2-2.1.1.jar:/home/user/.m2/repository/org/apache/commons/commons-lang3/3.7/commons-lang3-3.7.jar:/home/user/.m2/repository/org/apache/commons/commons-text/1.4/commons-text-1.4.jar:/home/user/.m2/repository/org/apache/avro/avro/1.7.7/avro-1.7.7.jar:/home/user/.m2/repository/com/thoughtworks/paranamer/paranamer/2.3/paranamer-2.3.jar:/home/user/.m2/repository/org/xerial/snappy/snappy-java/1.0.5/snappy-java-1.0.5.jar:/home/user/.m2/repository/com/google/re2j/re2j/1.1/re2j-1.1.jar:/home/user/.m2/repository/com/google/code/gson/gson/2.2.4/gson-2.2.4.jar:/home/user/.m2/repository/com/jcraft/jsch/0.1.54/jsch-0.1.54.jar:/home/user/.m2/repository/org/apache/curator/curator-client/2.12.0/curator-client-2.12.0.jar:/home/user/.m2/repository/org/apache/curator/curator-recipes/2.12.0/curator-recipes-2.12.0.jar:/home/user/.m2/repository/com/google/code/findbugs/jsr305/3.0.0/jsr305-3.0.0.jar:/home/user/.m2/repository/org/apache/htrace/htrace-core4/4.1.0-incubating/htrace-core4-4.1.0-incubating.jar:/home/user/.m2/repository/org/apache/zookeeper/zookeeper/3.4.13/zookeeper-3.4.13.jar:/home/user/.m2/repository/org/apache/yetus/audience-annotations/0.5.0/audience-annotations-0.5.0.jar:/home/user/.m2/repository/org/codehaus/woodstox/stax2-api/3.1.4/stax2-api-3.1.4.jar:/home/user/.m2/repository/com/fasterxml/woodstox/woodstox-core/5.0.3/woodstox-core-5.0.3.jar:/home/user/.m2/repository/dnsjava/dnsjava/2.1.7/dnsjava-2.1.7.jar:/home/user/.m2/repository/org/apache/hadoop/hadoop-hdfs/3.2.0/hadoop-hdfs-3.2.0-tests.jar:/home/user/.m2/repository/org/eclipse/jetty/jetty-util-ajax/9.3.24.v20180605/jetty-util-ajax-9.3.24.v20180605.jar:/home/user/.m2/repository/commons-daemon/commons-daemon/1.0.13/commons-daemon-1.0.13.jar:/home/user/.m2/repository/io/netty/netty/3.10.5.Final/netty-3.10.5.Final.jar:/home/user/.m2/repository/io/netty/netty-all/4.0.52.Final/netty-all-4.0.52.Final.jar:/home/user/.m2/repository/org/fusesource/leveldbjni/leveldbjni-all/1.8/leveldbjni-all-1.8.jar:"/>
    <property name="sun.cpu.endian" value="little"/>
    <property name="user.home" value="/home/user"/>
    <property name="user.language" value="en"/>
    <property name="java.specification.vendor" value="Oracle Corporation"/>
    <property name="java.home" value="/usr/lib/jvm/java-1.8-openjdk/jre"/>
    <property name="java.security.krb5.conf" value="/workdir/hadoop-ozone/integration-test/target/test-classes/krb5.conf"/>
    <property name="basedir" value="/workdir/hadoop-ozone/integration-test"/>
    <property name="file.separator" value="/"/>
    <property name="line.separator" value="&#10;"/>
    <property name="java.vm.specification.vendor" value="Oracle Corporation"/>
    <property name="java.specification.name" value="Java Platform API Specification"/>
    <property name="java.awt.graphicsenv" value="sun.awt.X11GraphicsEnvironment"/>
    <property name="surefire.real.class.path" value="/workdir/hadoop-ozone/integration-test/target/surefire/surefirebooter8036029654415595273.jar"/>
    <property name="hadoop.log.dir" value="/workdir/hadoop-ozone/integration-test/target/log"/>
    <property name="sun.boot.class.path" value="/usr/lib/jvm/java-1.8-openjdk/jre/lib/resources.jar:/usr/lib/jvm/java-1.8-openjdk/jre/lib/rt.jar:/usr/lib/jvm/java-1.8-openjdk/jre/lib/sunrsasign.jar:/usr/lib/jvm/java-1.8-openjdk/jre/lib/jsse.jar:/usr/lib/jvm/java-1.8-openjdk/jre/lib/jce.jar:/usr/lib/jvm/java-1.8-openjdk/jre/lib/charsets.jar:/usr/lib/jvm/java-1.8-openjdk/jre/lib/jfr.jar:/usr/lib/jvm/java-1.8-openjdk/jre/classes"/>
    <property name="sun.management.compiler" value="HotSpot 64-Bit Tiered Compilers"/>
    <property name="java.runtime.version" value="1.8.0_212-b04"/>
    <property name="java.net.preferIPv4Stack" value="true"/>
    <property name="user.name" value="jenkins1000"/>
    <property name="path.separator" value=":"/>
    <property name="java.security.egd" value="file:///dev/urandom"/>
    <property name="os.version" value="3.10.0-957.12.2.el7.x86_64"/>
    <property name="java.endorsed.dirs" value="/usr/lib/jvm/java-1.8-openjdk/jre/lib/endorsed"/>
    <property name="java.runtime.name" value="OpenJDK Runtime Environment"/>
    <property name="file.encoding" value="UTF-8"/>
    <property name="java.vm.name" value="OpenJDK 64-Bit Server VM"/>
    <property name="test.build.webapps" value=""/>
    <property name="localRepository" value="/home/user/.m2/repository"/>
    <property name="java.vendor.url.bug" value="https://icedtea.classpath.org/bugzilla"/>
    <property name="java.io.tmpdir" value="/tmp"/>
    <property name="require.test.libhadoop" value=""/>
    <property name="java.version" value="1.8.0_212"/>
    <property name="user.dir" value="/workdir/hadoop-ozone/integration-test"/>
    <property name="os.arch" value="amd64"/>
    <property name="java.vm.specification.name" value="Java Virtual Machine Specification"/>
    <property name="test.build.classes" value="/workdir/hadoop-ozone/integration-test/target/test-classes"/>
    <property name="java.awt.printerjob" value="sun.print.PSPrinterJob"/>
    <property name="sun.os.patch.level" value="unknown"/>
    <property name="hadoop.tmp.dir" value="/workdir/hadoop-ozone/integration-test/target/tmp"/>
    <property name="java.library.path" value="/usr/lib/jvm/java-1.8-openjdk/jre/lib/amd64/server:/usr/lib/jvm/java-1.8-openjdk/jre/lib/amd64:/usr/lib/jvm/java-1.8-openjdk/jre/../lib/amd64:/workdir/hadoop-ozone/integration-test/target/native/target/usr/local/lib:/workdir/hadoop-ozone/integration-test/../../hadoop-common-project/hadoop-common/target/native/target/usr/local/lib:/usr/java/packages/lib/amd64:/usr/lib64:/lib64:/lib:/usr/lib"/>
    <property name="java.vm.info" value="mixed mode"/>
    <property name="java.vendor" value="IcedTea"/>
    <property name="java.vm.version" value="25.212-b04"/>
    <property name="java.ext.dirs" value="/usr/lib/jvm/java-1.8-openjdk/jre/lib/ext:/usr/java/packages/lib/ext"/>
    <property name="sun.io.unicode.encoding" value="UnicodeLittle"/>
    <property name="java.class.version" value="52.0"/>
  </properties>
  <testcase name="testAutomaticPipelineCreationOnPipelineDestroy" classname="org.apache.hadoop.hdds.scm.pipeline.TestRatisPipelineCreateAndDestory" time="36.987"/>
  <testcase name="testPipelineCreationOnNodeRestart" classname="org.apache.hadoop.hdds.scm.pipeline.TestRatisPipelineCreateAndDestory" time="40.342">
    <error message="test timed out after 30000 milliseconds" type="java.lang.Exception">java.lang.Exception: test timed out after 30000 milliseconds
	at java.lang.Thread.sleep(Native Method)
	at org.apache.hadoop.test.GenericTestUtils.waitFor(GenericTestUtils.java:382)
	at org.apache.hadoop.hdds.scm.pipeline.TestRatisPipelineCreateAndDestory.waitForPipelines(TestRatisPipelineCreateAndDestory.java:126)
	at org.apache.hadoop.hdds.scm.pipeline.TestRatisPipelineCreateAndDestory.testPipelineCreationOnNodeRestart(TestRatisPipelineCreateAndDestory.java:121)
	at sun.reflect.NativeMethodAccessorImpl.invoke0(Native Method)
	at sun.reflect.NativeMethodAccessorImpl.invoke(NativeMethodAccessorImpl.java:62)
	at sun.reflect.DelegatingMethodAccessorImpl.invoke(DelegatingMethodAccessorImpl.java:43)
	at java.lang.reflect.Method.invoke(Method.java:498)
	at org.junit.runners.model.FrameworkMethod$1.runReflectiveCall(FrameworkMethod.java:47)
	at org.junit.internal.runners.model.ReflectiveCallable.run(ReflectiveCallable.java:12)
	at org.junit.runners.model.FrameworkMethod.invokeExplosively(FrameworkMethod.java:44)
	at org.junit.internal.runners.statements.InvokeMethod.evaluate(InvokeMethod.java:17)
	at org.junit.internal.runners.statements.FailOnTimeout$StatementThread.run(FailOnTimeout.java:74)
</error>
    <system-out><![CDATA[2019-08-22 05:48:14,677 [Thread-358] WARN  server.ServerUtils (ServerUtils.java:getScmDbDir(145)) - ozone.scm.db.dirs is not configured. We recommend adding this setting. Falling back to ozone.metadata.dirs instead.
2019-08-22 05:48:14,703 [Thread-358] WARN  server.ServerUtils (ServerUtils.java:getScmDbDir(145)) - ozone.scm.db.dirs is not configured. We recommend adding this setting. Falling back to ozone.metadata.dirs instead.
2019-08-22 05:48:14,704 [Thread-358] WARN  server.ServerUtils (ServerUtils.java:getScmDbDir(145)) - ozone.scm.db.dirs is not configured. We recommend adding this setting. Falling back to ozone.metadata.dirs instead.
2019-08-22 05:48:14,704 [Thread-358] INFO  db.DBStoreBuilder (DBStoreBuilder.java:addTable(110)) - using custom profile for table: deletedBlocks
2019-08-22 05:48:14,705 [Thread-358] INFO  db.DBStoreBuilder (DBStoreBuilder.java:processTables(161)) - Using default column profile:DBProfile.DISK for Table:deletedBlocks
2019-08-22 05:48:14,705 [Thread-358] INFO  db.DBStoreBuilder (DBStoreBuilder.java:addTable(110)) - using custom profile for table: validCerts
2019-08-22 05:48:14,705 [Thread-358] INFO  db.DBStoreBuilder (DBStoreBuilder.java:processTables(161)) - Using default column profile:DBProfile.DISK for Table:validCerts
2019-08-22 05:48:14,705 [Thread-358] INFO  db.DBStoreBuilder (DBStoreBuilder.java:addTable(110)) - using custom profile for table: revokedCerts
2019-08-22 05:48:14,706 [Thread-358] INFO  db.DBStoreBuilder (DBStoreBuilder.java:processTables(161)) - Using default column profile:DBProfile.DISK for Table:revokedCerts
2019-08-22 05:48:14,706 [Thread-358] INFO  db.DBStoreBuilder (DBStoreBuilder.java:addTable(110)) - using custom profile for table: default
2019-08-22 05:48:14,706 [Thread-358] INFO  db.DBStoreBuilder (DBStoreBuilder.java:processTables(167)) - Using default column profile:DBProfile.DISK for Table:default
2019-08-22 05:48:14,706 [Thread-358] INFO  db.DBStoreBuilder (DBStoreBuilder.java:getDbProfile(198)) - Using default options. DBProfile.DISK
2019-08-22 05:48:14,914 [Thread-358] INFO  net.NodeSchemaLoader (NodeSchemaLoader.java:loadSchemaFromFile(125)) - Loading file from sun.misc.CompoundEnumeration@319d6187
2019-08-22 05:48:14,914 [Thread-358] INFO  net.NodeSchemaLoader (NodeSchemaLoader.java:loadSchema(171)) - Loading network topology layer schema file
2019-08-22 05:48:14,919 [Thread-358] INFO  node.SCMNodeManager (SCMNodeManager.java:<init>(121)) - Entering startup safe mode.
2019-08-22 05:48:14,920 [Thread-358] INFO  algorithms.ContainerPlacementPolicyFactory (ContainerPlacementPolicyFactory.java:getPolicy(55)) - Create container placement policy of type org.apache.hadoop.hdds.scm.container.placement.algorithms.SCMContainerPlacementRandom
2019-08-22 05:48:14,920 [Thread-358] WARN  server.ServerUtils (ServerUtils.java:getScmDbDir(145)) - ozone.scm.db.dirs is not configured. We recommend adding this setting. Falling back to ozone.metadata.dirs instead.
2019-08-22 05:48:14,992 [Thread-358] INFO  pipeline.SCMPipelineManager (SCMPipelineManager.java:initializePipelineState(126)) - No pipeline exists in current db
2019-08-22 05:48:14,992 [Thread-358] WARN  server.ServerUtils (ServerUtils.java:getScmDbDir(145)) - ozone.scm.db.dirs is not configured. We recommend adding this setting. Falling back to ozone.metadata.dirs instead.
2019-08-22 05:48:15,078 [Thread-358] WARN  events.EventQueue (EventQueue.java:fireEvent(175)) - No event handler registered for event TypedEvent{payloadType=SafeModeStatus, name='SafeModeStatus'}
2019-08-22 05:48:15,079 [Thread-358] INFO  ipc.CallQueueManager (CallQueueManager.java:<init>(84)) - Using callQueue: class java.util.concurrent.LinkedBlockingQueue, queueCapacity: 2000, scheduler: class org.apache.hadoop.ipc.DefaultRpcScheduler, ipcBackoff: false.
2019-08-22 05:48:15,079 [Socket Reader #1 for port 37264] INFO  ipc.Server (Server.java:run(1074)) - Starting Socket Reader #1 for port 37264
2019-08-22 05:48:15,081 [Thread-358] INFO  ipc.CallQueueManager (CallQueueManager.java:<init>(84)) - Using callQueue: class java.util.concurrent.LinkedBlockingQueue, queueCapacity: 2000, scheduler: class org.apache.hadoop.ipc.DefaultRpcScheduler, ipcBackoff: false.
2019-08-22 05:48:15,081 [Socket Reader #1 for port 38770] INFO  ipc.Server (Server.java:run(1074)) - Starting Socket Reader #1 for port 38770
2019-08-22 05:48:15,083 [Thread-358] INFO  ipc.CallQueueManager (CallQueueManager.java:<init>(84)) - Using callQueue: class java.util.concurrent.LinkedBlockingQueue, queueCapacity: 2000, scheduler: class org.apache.hadoop.ipc.DefaultRpcScheduler, ipcBackoff: false.
2019-08-22 05:48:15,084 [Socket Reader #1 for port 45928] INFO  ipc.Server (Server.java:run(1074)) - Starting Socket Reader #1 for port 45928
2019-08-22 05:48:15,085 [Thread-358] INFO  hdfs.DFSUtil (DFSUtil.java:httpServerTemplateForNNAndJN(1641)) - Starting Web-server for scm at: http://0.0.0.0:0
2019-08-22 05:48:15,087 [Thread-358] INFO  server.AuthenticationFilter (AuthenticationFilter.java:constructSecretProvider(240)) - Unable to initialize FileSignerSecretProvider, falling back to use random secrets.
2019-08-22 05:48:15,087 [Thread-358] WARN  http.HttpRequestLog (HttpRequestLog.java:getRequestLog(97)) - Jetty request log can only be enabled using Log4j
2019-08-22 05:48:15,089 [Thread-358] INFO  http.HttpServer2 (HttpServer2.java:addGlobalFilter(975)) - Added global filter 'safety' (class=org.apache.hadoop.http.HttpServer2$QuotingInputFilter)
2019-08-22 05:48:15,090 [Thread-358] INFO  http.HttpServer2 (HttpServer2.java:addFilter(948)) - Added filter static_user_filter (class=org.apache.hadoop.http.lib.StaticUserWebFilter$StaticUserFilter) to context scm
2019-08-22 05:48:15,090 [Thread-358] INFO  http.HttpServer2 (HttpServer2.java:addFilter(958)) - Added filter static_user_filter (class=org.apache.hadoop.http.lib.StaticUserWebFilter$StaticUserFilter) to context logs
2019-08-22 05:48:15,090 [Thread-358] INFO  http.HttpServer2 (HttpServer2.java:addFilter(958)) - Added filter static_user_filter (class=org.apache.hadoop.http.lib.StaticUserWebFilter$StaticUserFilter) to context static
2019-08-22 05:48:15,092 [Thread-358] INFO  server.StorageContainerManager (StorageContainerManager.java:start(759)) - StorageContainerLocationProtocol RPC server is listening at /0.0.0.0:45928
2019-08-22 05:48:15,094 [Thread-358] WARN  impl.MetricsConfig (MetricsConfig.java:loadFirst(134)) - Cannot locate configuration: tried hadoop-metrics2-storagecontainermanager.properties,hadoop-metrics2.properties
2019-08-22 05:48:15,095 [Thread-358] INFO  impl.MetricsSystemImpl (MetricsSystemImpl.java:startTimer(374)) - Scheduled Metric snapshot period at 10 second(s).
2019-08-22 05:48:15,095 [Thread-358] INFO  impl.MetricsSystemImpl (MetricsSystemImpl.java:start(191)) - StorageContainerManager metrics system started
2019-08-22 05:48:15,136 [Thread-358] INFO  server.SCMClientProtocolServer (SCMClientProtocolServer.java:start(151)) - RPC server for Client  is listening at /0.0.0.0:45928
2019-08-22 05:48:15,137 [IPC Server Responder] INFO  ipc.Server (Server.java:run(1314)) - IPC Server Responder: starting
2019-08-22 05:48:15,137 [IPC Server listener on 45928] INFO  ipc.Server (Server.java:run(1153)) - IPC Server listener on 45928: starting
2019-08-22 05:48:15,139 [Thread-358] INFO  server.StorageContainerManager (StorageContainerManager.java:start(769)) - ScmBlockLocationProtocol RPC server is listening at /0.0.0.0:38770
2019-08-22 05:48:15,140 [Thread-358] INFO  server.SCMBlockProtocolServer (SCMBlockProtocolServer.java:start(140)) - RPC server for Block Protocol is listening at /0.0.0.0:38770
2019-08-22 05:48:15,140 [IPC Server Responder] INFO  ipc.Server (Server.java:run(1314)) - IPC Server Responder: starting
2019-08-22 05:48:15,140 [IPC Server listener on 38770] INFO  ipc.Server (Server.java:run(1153)) - IPC Server listener on 38770: starting
2019-08-22 05:48:15,143 [Thread-358] INFO  server.StorageContainerManager (StorageContainerManager.java:start(773)) - ScmDatanodeProtocl RPC server is listening at /0.0.0.0:37264
2019-08-22 05:48:15,143 [Thread-358] INFO  server.SCMDatanodeProtocolServer (SCMDatanodeProtocolServer.java:start(191)) - RPC server for DataNodes is listening at /0.0.0.0:37264
2019-08-22 05:48:15,143 [IPC Server Responder] INFO  ipc.Server (Server.java:run(1314)) - IPC Server Responder: starting
2019-08-22 05:48:15,143 [IPC Server listener on 37264] INFO  ipc.Server (Server.java:run(1153)) - IPC Server listener on 37264: starting
2019-08-22 05:48:15,146 [Thread-358] INFO  http.HttpServer2 (HttpServer2.java:bindListener(1191)) - Jetty bound to port 32975
2019-08-22 05:48:15,146 [Thread-358] INFO  server.Server (Server.java:doStart(351)) - jetty-9.3.24.v20180605, build timestamp: 2018-06-05T17:11:56Z, git hash: 84205aa28f11a4f31f2a3b86d1bba2cc8ab69827
2019-08-22 05:48:15,148 [Thread-358] INFO  handler.ContextHandler (ContextHandler.java:doStart(781)) - Started o.e.j.s.ServletContextHandler@36e2ff6{/logs,file:///workdir/hadoop-ozone/integration-test/target/log,AVAILABLE}
2019-08-22 05:48:15,149 [Thread-358] INFO  handler.ContextHandler (ContextHandler.java:doStart(781)) - Started o.e.j.s.ServletContextHandler@ee83c67{/static,file:///workdir/hadoop-ozone/integration-test/target/test-classes/webapps/static,AVAILABLE}
2019-08-22 05:48:15,153 [Thread-358] INFO  handler.ContextHandler (ContextHandler.java:doStart(781)) - Started o.e.j.w.WebAppContext@50427d66{/,file:///workdir/hadoop-ozone/integration-test/target/test-classes/webapps/scm/,AVAILABLE}{/scm}
2019-08-22 05:48:15,154 [Thread-358] INFO  server.AbstractConnector (AbstractConnector.java:doStart(278)) - Started ServerConnector@6cabab9{HTTP/1.1,[http/1.1]}{0.0.0.0:32975}
2019-08-22 05:48:15,154 [Thread-358] INFO  server.Server (Server.java:doStart(419)) - Started @38072ms
2019-08-22 05:48:15,155 [Thread-358] INFO  server.BaseHttpServer (BaseHttpServer.java:updateConnectorAddress(213)) - HTTP server of SCM is listening at http://0.0.0.0:32975
2019-08-22 05:48:15,155 [Thread-358] WARN  server.ServerUtils (ServerUtils.java:getDBPath(222)) - ozone.om.db.dirs is not configured. We recommend adding this setting. Falling back to ozone.metadata.dirs instead.
2019-08-22 05:48:15,156 [org.apache.hadoop.util.JvmPauseMonitor$Monitor@ebf375e] INFO  util.JvmPauseMonitor (JvmPauseMonitor.java:run(188)) - Starting JVM pause monitor
2019-08-22 05:48:15,169 [Thread-358] WARN  server.ServerUtils (ServerUtils.java:getDBPath(222)) - ozone.om.db.dirs is not configured. We recommend adding this setting. Falling back to ozone.metadata.dirs instead.
2019-08-22 05:48:15,170 [Thread-358] WARN  server.ServerUtils (ServerUtils.java:getDBPath(222)) - ozone.om.db.dirs is not configured. We recommend adding this setting. Falling back to ozone.metadata.dirs instead.
2019-08-22 05:48:15,170 [Thread-358] INFO  om.OzoneManager (OzoneManager.java:setOMNodeDetails(648)) - OM Service ID is not set. Setting it to the default ID: omServiceIdDefault
2019-08-22 05:48:15,170 [Thread-358] INFO  om.OzoneManager (OzoneManager.java:setOMNodeDetails(654)) - OM Node ID is not set. Setting it to the OmStorage's OmID: f3cdb33f-4e59-44fd-80d9-acdd400f3c5e
2019-08-22 05:48:15,171 [Thread-358] INFO  om.OzoneManager (OzoneManager.java:loadOMHAConfigs(605)) - Found matching OM address with OMServiceId: null, OMNodeId: null, RPC Address: localhost:0 and Ratis port: 9872
2019-08-22 05:48:15,175 | INFO  | SCMAudit | user=jenkins1000 | ip=192.168.36.82 | op=GET_SCM_INFO null | ret=SUCCESS |  
2019-08-22 05:48:15,177 [Thread-358] WARN  server.ServerUtils (ServerUtils.java:getDBPath(222)) - ozone.om.db.dirs is not configured. We recommend adding this setting. Falling back to ozone.metadata.dirs instead.
2019-08-22 05:48:15,178 [Thread-358] INFO  db.DBStoreBuilder (DBStoreBuilder.java:addTable(110)) - using custom profile for table: userTable
2019-08-22 05:48:15,178 [Thread-358] INFO  db.DBStoreBuilder (DBStoreBuilder.java:processTables(161)) - Using default column profile:DBProfile.DISK for Table:userTable
2019-08-22 05:48:15,178 [Thread-358] INFO  db.DBStoreBuilder (DBStoreBuilder.java:addTable(110)) - using custom profile for table: volumeTable
2019-08-22 05:48:15,178 [Thread-358] INFO  db.DBStoreBuilder (DBStoreBuilder.java:processTables(161)) - Using default column profile:DBProfile.DISK for Table:volumeTable
2019-08-22 05:48:15,178 [Thread-358] INFO  db.DBStoreBuilder (DBStoreBuilder.java:addTable(110)) - using custom profile for table: bucketTable
2019-08-22 05:48:15,178 [Thread-358] INFO  db.DBStoreBuilder (DBStoreBuilder.java:processTables(161)) - Using default column profile:DBProfile.DISK for Table:bucketTable
2019-08-22 05:48:15,179 [Thread-358] INFO  db.DBStoreBuilder (DBStoreBuilder.java:addTable(110)) - using custom profile for table: keyTable
2019-08-22 05:48:15,179 [Thread-358] INFO  db.DBStoreBuilder (DBStoreBuilder.java:processTables(161)) - Using default column profile:DBProfile.DISK for Table:keyTable
2019-08-22 05:48:15,179 [Thread-358] INFO  db.DBStoreBuilder (DBStoreBuilder.java:addTable(110)) - using custom profile for table: deletedTable
2019-08-22 05:48:15,179 [Thread-358] INFO  db.DBStoreBuilder (DBStoreBuilder.java:processTables(161)) - Using default column profile:DBProfile.DISK for Table:deletedTable
2019-08-22 05:48:15,179 [Thread-358] INFO  db.DBStoreBuilder (DBStoreBuilder.java:addTable(110)) - using custom profile for table: openKeyTable
2019-08-22 05:48:15,179 [Thread-358] INFO  db.DBStoreBuilder (DBStoreBuilder.java:processTables(161)) - Using default column profile:DBProfile.DISK for Table:openKeyTable
2019-08-22 05:48:15,180 [Thread-358] INFO  db.DBStoreBuilder (DBStoreBuilder.java:addTable(110)) - using custom profile for table: s3Table
2019-08-22 05:48:15,180 [Thread-358] INFO  db.DBStoreBuilder (DBStoreBuilder.java:processTables(161)) - Using default column profile:DBProfile.DISK for Table:s3Table
2019-08-22 05:48:15,180 [Thread-358] INFO  db.DBStoreBuilder (DBStoreBuilder.java:addTable(110)) - using custom profile for table: multipartInfoTable
2019-08-22 05:48:15,180 [Thread-358] INFO  db.DBStoreBuilder (DBStoreBuilder.java:processTables(161)) - Using default column profile:DBProfile.DISK for Table:multipartInfoTable
2019-08-22 05:48:15,180 [Thread-358] INFO  db.DBStoreBuilder (DBStoreBuilder.java:addTable(110)) - using custom profile for table: dTokenTable
2019-08-22 05:48:15,180 [Thread-358] INFO  db.DBStoreBuilder (DBStoreBuilder.java:processTables(161)) - Using default column profile:DBProfile.DISK for Table:dTokenTable
2019-08-22 05:48:15,181 [Thread-358] INFO  db.DBStoreBuilder (DBStoreBuilder.java:addTable(110)) - using custom profile for table: s3SecretTable
2019-08-22 05:48:15,181 [Thread-358] INFO  db.DBStoreBuilder (DBStoreBuilder.java:processTables(161)) - Using default column profile:DBProfile.DISK for Table:s3SecretTable
2019-08-22 05:48:15,181 [Thread-358] INFO  db.DBStoreBuilder (DBStoreBuilder.java:addTable(110)) - using custom profile for table: prefixTable
2019-08-22 05:48:15,181 [Thread-358] INFO  db.DBStoreBuilder (DBStoreBuilder.java:processTables(161)) - Using default column profile:DBProfile.DISK for Table:prefixTable
2019-08-22 05:48:15,181 [Thread-358] INFO  db.DBStoreBuilder (DBStoreBuilder.java:addTable(110)) - using custom profile for table: default
2019-08-22 05:48:15,181 [Thread-358] INFO  db.DBStoreBuilder (DBStoreBuilder.java:processTables(167)) - Using default column profile:DBProfile.DISK for Table:default
2019-08-22 05:48:15,182 [Thread-358] INFO  db.DBStoreBuilder (DBStoreBuilder.java:getDbProfile(198)) - Using default options. DBProfile.DISK
2019-08-22 05:48:15,868 [Thread-358] INFO  ipc.CallQueueManager (CallQueueManager.java:<init>(84)) - Using callQueue: class java.util.concurrent.LinkedBlockingQueue, queueCapacity: 2000, scheduler: class org.apache.hadoop.ipc.DefaultRpcScheduler, ipcBackoff: false.
2019-08-22 05:48:15,869 [Socket Reader #1 for port 38436] INFO  ipc.Server (Server.java:run(1074)) - Starting Socket Reader #1 for port 38436
2019-08-22 05:48:15,885 [Thread-358] INFO  om.OzoneManager (OzoneManager.java:start(1259)) - OzoneManager RPC server is listening at localhost/127.0.0.1:38436
2019-08-22 05:48:15,886 [Thread-358] INFO  impl.MetricsSystemImpl (MetricsSystemImpl.java:init(158)) - OzoneManager metrics system started (again)
2019-08-22 05:48:15,886 [IPC Server Responder] INFO  ipc.Server (Server.java:run(1314)) - IPC Server Responder: starting
2019-08-22 05:48:15,886 [IPC Server listener on 38436] INFO  ipc.Server (Server.java:run(1153)) - IPC Server listener on 38436: starting
2019-08-22 05:48:15,892 [Thread-358] INFO  hdfs.DFSUtil (DFSUtil.java:httpServerTemplateForNNAndJN(1641)) - Starting Web-server for ozoneManager at: http://0.0.0.0:0
2019-08-22 05:48:15,893 [Thread-358] INFO  server.AuthenticationFilter (AuthenticationFilter.java:constructSecretProvider(240)) - Unable to initialize FileSignerSecretProvider, falling back to use random secrets.
2019-08-22 05:48:15,894 [Thread-358] WARN  http.HttpRequestLog (HttpRequestLog.java:getRequestLog(97)) - Jetty request log can only be enabled using Log4j
2019-08-22 05:48:15,896 [Thread-358] INFO  http.HttpServer2 (HttpServer2.java:addGlobalFilter(975)) - Added global filter 'safety' (class=org.apache.hadoop.http.HttpServer2$QuotingInputFilter)
2019-08-22 05:48:15,897 [Thread-358] INFO  http.HttpServer2 (HttpServer2.java:addFilter(948)) - Added filter static_user_filter (class=org.apache.hadoop.http.lib.StaticUserWebFilter$StaticUserFilter) to context ozoneManager
2019-08-22 05:48:15,897 [Thread-358] INFO  http.HttpServer2 (HttpServer2.java:addFilter(958)) - Added filter static_user_filter (class=org.apache.hadoop.http.lib.StaticUserWebFilter$StaticUserFilter) to context logs
2019-08-22 05:48:15,897 [Thread-358] INFO  http.HttpServer2 (HttpServer2.java:addFilter(958)) - Added filter static_user_filter (class=org.apache.hadoop.http.lib.StaticUserWebFilter$StaticUserFilter) to context static
2019-08-22 05:48:15,898 [Thread-358] INFO  http.HttpServer2 (HttpServer2.java:bindListener(1191)) - Jetty bound to port 44305
2019-08-22 05:48:15,898 [Thread-358] INFO  server.Server (Server.java:doStart(351)) - jetty-9.3.24.v20180605, build timestamp: 2018-06-05T17:11:56Z, git hash: 84205aa28f11a4f31f2a3b86d1bba2cc8ab69827
2019-08-22 05:48:15,900 [Thread-358] INFO  handler.ContextHandler (ContextHandler.java:doStart(781)) - Started o.e.j.s.ServletContextHandler@c52e213{/logs,file:///workdir/hadoop-ozone/integration-test/target/log,AVAILABLE}
2019-08-22 05:48:15,901 [Thread-358] INFO  handler.ContextHandler (ContextHandler.java:doStart(781)) - Started o.e.j.s.ServletContextHandler@50043a02{/static,file:///workdir/hadoop-ozone/integration-test/target/test-classes/webapps/static,AVAILABLE}
2019-08-22 05:48:15,908 [Thread-358] INFO  handler.ContextHandler (ContextHandler.java:doStart(781)) - Started o.e.j.w.WebAppContext@2b296df5{/,file:///workdir/hadoop-ozone/integration-test/target/test-classes/webapps/ozoneManager/,AVAILABLE}{/ozoneManager}
2019-08-22 05:48:15,908 [Thread-358] INFO  server.AbstractConnector (AbstractConnector.java:doStart(278)) - Started ServerConnector@573359a6{HTTP/1.1,[http/1.1]}{0.0.0.0:44305}
2019-08-22 05:48:15,909 [Thread-358] INFO  server.Server (Server.java:doStart(419)) - Started @38827ms
2019-08-22 05:48:15,910 [Thread-358] INFO  server.BaseHttpServer (BaseHttpServer.java:updateConnectorAddress(213)) - HTTP server of OZONEMANAGER is listening at http://0.0.0.0:44305
2019-08-22 05:48:15,921 [Thread-358] INFO  impl.MetricsSystemImpl (MetricsSystemImpl.java:init(158)) - HddsDatanode metrics system started (again)
2019-08-22 05:48:15,923 [Thread-358] INFO  ozone.HddsDatanodeService (HddsDatanodeService.java:start(184)) - HddsDatanodeService host:pr-hdds-2008-trunk-8dx8q-886544045 ip:192.168.36.82
2019-08-22 05:48:15,930 [Thread-358] INFO  volume.HddsVolume (HddsVolume.java:<init>(176)) - Creating Volume: /workdir/hadoop-ozone/integration-test/target/test-dir/MiniOzoneClusterImpl-83afc318-308f-4a04-affc-403b3b38e3c7/datanode-0/data/containers/hdds of  storage type : DISK and capacity : 1482555576320
2019-08-22 05:48:15,931 [Thread-358] INFO  volume.VolumeSet (VolumeSet.java:initializeVolumeSet(170)) - Added Volume : /workdir/hadoop-ozone/integration-test/target/test-dir/MiniOzoneClusterImpl-83afc318-308f-4a04-affc-403b3b38e3c7/datanode-0/data/containers/hdds to VolumeSet
2019-08-22 05:48:15,931 [Thread-358] INFO  volume.ThrottledAsyncChecker (ThrottledAsyncChecker.java:schedule(140)) - Scheduling a check for org.apache.hadoop.ozone.container.common.volume.HddsVolume@46998492
2019-08-22 05:48:15,932 [Thread-358] INFO  volume.HddsVolumeChecker (HddsVolumeChecker.java:checkAllVolumes(203)) - Scheduled health check for volume org.apache.hadoop.ozone.container.common.volume.HddsVolume@46998492
2019-08-22 05:48:15,951 [Thread-358] INFO  impl.RaftServerProxy (ConfUtils.java:logGet(43)) - raft.rpc.type = GRPC (default)
2019-08-22 05:48:15,951 [Thread-358] INFO  grpc.GrpcFactory (GrpcFactory.java:checkPooledByteBufAllocatorUseCacheForAllThreads(45)) - PERFORMANCE WARNING: useCacheForAllThreads is true that may cause Netty to create a lot garbage objects and, as a result, trigger GC.
	It is recommended to disable useCacheForAllThreads by setting -Dorg.apache.ratis.thirdparty.io.netty.allocator.useCacheForAllThreads=false in command line.
2019-08-22 05:48:15,951 [Thread-358] INFO  grpc.GrpcConfigKeys$Server (ConfUtils.java:logGet(43)) - raft.grpc.server.port = 0 (default)
2019-08-22 05:48:15,951 [Thread-358] INFO  server.GrpcService (ConfUtils.java:logGet(43)) - raft.grpc.message.size.max = 33570816 (custom)
2019-08-22 05:48:15,952 [Thread-358] INFO  server.RaftServerConfigKeys (ConfUtils.java:logGet(43)) - raft.server.log.appender.buffer.byte-limit = 33554432 (custom)
2019-08-22 05:48:15,952 [Thread-358] INFO  server.GrpcService (ConfUtils.java:logGet(43)) - raft.grpc.flow.control.window = 1MB (=1048576) (default)
2019-08-22 05:48:15,952 [Thread-358] INFO  server.RaftServerConfigKeys (ConfUtils.java:logGet(43)) - raft.server.rpc.request.timeout = 3000ms (default)
2019-08-22 05:48:15,953 [Thread-358] INFO  server.RaftServerConfigKeys (ConfUtils.java:logGet(43)) - raft.server.storage.dir = [/workdir/hadoop-ozone/integration-test/target/test-dir/MiniOzoneClusterImpl-83afc318-308f-4a04-affc-403b3b38e3c7/datanode-0/data/ratis] (custom)
2019-08-22 05:48:15,953 [Thread-358] INFO  replication.SimpleContainerDownloader (SimpleContainerDownloader.java:<init>(72)) - Starting container downloader service to copy containers to replicate.
2019-08-22 05:48:15,954 [Thread-358] INFO  hdfs.DFSUtil (DFSUtil.java:httpServerTemplateForNNAndJN(1641)) - Starting Web-server for hddsDatanode at: http://0.0.0.0:0
2019-08-22 05:48:15,956 [Thread-358] INFO  server.AuthenticationFilter (AuthenticationFilter.java:constructSecretProvider(240)) - Unable to initialize FileSignerSecretProvider, falling back to use random secrets.
2019-08-22 05:48:15,956 [Thread-358] WARN  http.HttpRequestLog (HttpRequestLog.java:getRequestLog(97)) - Jetty request log can only be enabled using Log4j
2019-08-22 05:48:15,958 [Thread-358] INFO  http.HttpServer2 (HttpServer2.java:addGlobalFilter(975)) - Added global filter 'safety' (class=org.apache.hadoop.http.HttpServer2$QuotingInputFilter)
2019-08-22 05:48:15,959 [Thread-358] INFO  http.HttpServer2 (HttpServer2.java:addFilter(948)) - Added filter static_user_filter (class=org.apache.hadoop.http.lib.StaticUserWebFilter$StaticUserFilter) to context hddsDatanode
2019-08-22 05:48:15,959 [Thread-358] INFO  http.HttpServer2 (HttpServer2.java:addFilter(958)) - Added filter static_user_filter (class=org.apache.hadoop.http.lib.StaticUserWebFilter$StaticUserFilter) to context logs
2019-08-22 05:48:15,959 [Thread-358] INFO  http.HttpServer2 (HttpServer2.java:addFilter(958)) - Added filter static_user_filter (class=org.apache.hadoop.http.lib.StaticUserWebFilter$StaticUserFilter) to context static
2019-08-22 05:48:15,960 [Thread-358] INFO  http.HttpServer2 (HttpServer2.java:bindListener(1191)) - Jetty bound to port 46366
2019-08-22 05:48:15,960 [Thread-358] INFO  server.Server (Server.java:doStart(351)) - jetty-9.3.24.v20180605, build timestamp: 2018-06-05T17:11:56Z, git hash: 84205aa28f11a4f31f2a3b86d1bba2cc8ab69827
2019-08-22 05:48:15,962 [Thread-358] INFO  handler.ContextHandler (ContextHandler.java:doStart(781)) - Started o.e.j.s.ServletContextHandler@64450115{/logs,file:///workdir/hadoop-ozone/integration-test/target/log,AVAILABLE}
2019-08-22 05:48:15,963 [Thread-358] INFO  handler.ContextHandler (ContextHandler.java:doStart(781)) - Started o.e.j.s.ServletContextHandler@7f22afd9{/static,jar:file:/home/user/.m2/repository/org/apache/hadoop/hadoop-hdds-container-service/0.5.0-SNAPSHOT/hadoop-hdds-container-service-0.5.0-SNAPSHOT.jar!/webapps/static,AVAILABLE}
2019-08-22 05:48:15,995 [Thread-358] INFO  handler.ContextHandler (ContextHandler.java:doStart(781)) - Started o.e.j.w.WebAppContext@9dcc1c1{/,file:///tmp/jetty-0.0.0.0-46366-hddsDatanode-_-any-4377544081212949720.dir/webapp/,AVAILABLE}{/hddsDatanode}
2019-08-22 05:48:15,995 [Thread-358] INFO  server.AbstractConnector (AbstractConnector.java:doStart(278)) - Started ServerConnector@308dbaa2{HTTP/1.1,[http/1.1]}{0.0.0.0:46366}
2019-08-22 05:48:15,996 [Thread-358] INFO  server.Server (Server.java:doStart(419)) - Started @38915ms
2019-08-22 05:48:15,997 [Thread-358] INFO  server.BaseHttpServer (BaseHttpServer.java:updateConnectorAddress(213)) - HTTP server of HDDSDATANODE is listening at http://0.0.0.0:46366
2019-08-22 05:48:16,144 | INFO  | ObjectStoreRestHttpServer | Listening HDDS REST traffic on /0.0.0.0:41722 |  
2019-08-22 05:48:16,144 [Thread-358] INFO  ozone.HddsDatanodeService (HddsDatanodeService.java:startPlugins(395)) - Started plug-in org.apache.hadoop.ozone.web.OzoneHddsDatanodeService@2f4a5cde
2019-08-22 05:48:16,144 [Thread-358] INFO  impl.MetricsSystemImpl (MetricsSystemImpl.java:init(158)) - HddsDatanode metrics system started (again)
2019-08-22 05:48:16,147 [org.apache.hadoop.util.JvmPauseMonitor$Monitor@1be65ca4] INFO  util.JvmPauseMonitor (JvmPauseMonitor.java:run(188)) - Starting JVM pause monitor
2019-08-22 05:48:16,147 [Thread-358] INFO  ozone.HddsDatanodeService (HddsDatanodeService.java:start(184)) - HddsDatanodeService host:pr-hdds-2008-trunk-8dx8q-886544045 ip:192.168.36.82
2019-08-22 05:48:16,150 [Datanode State Machine Thread - 0] INFO  datanode.InitDatanodeState (InitDatanodeState.java:persistContainerDatanodeDetails(140)) - DatanodeDetails is persisted to /workdir/hadoop-ozone/integration-test/target/test-dir/MiniOzoneClusterImpl-83afc318-308f-4a04-affc-403b3b38e3c7/datanode-0/meta/datanode.id
2019-08-22 05:48:16,155 [Thread-358] INFO  volume.HddsVolume (HddsVolume.java:<init>(176)) - Creating Volume: /workdir/hadoop-ozone/integration-test/target/test-dir/MiniOzoneClusterImpl-83afc318-308f-4a04-affc-403b3b38e3c7/datanode-1/data/containers/hdds of  storage type : DISK and capacity : 1482555576320
2019-08-22 05:48:16,156 [Thread-358] INFO  volume.VolumeSet (VolumeSet.java:initializeVolumeSet(170)) - Added Volume : /workdir/hadoop-ozone/integration-test/target/test-dir/MiniOzoneClusterImpl-83afc318-308f-4a04-affc-403b3b38e3c7/datanode-1/data/containers/hdds to VolumeSet
2019-08-22 05:48:16,156 [Thread-358] INFO  volume.ThrottledAsyncChecker (ThrottledAsyncChecker.java:schedule(140)) - Scheduling a check for org.apache.hadoop.ozone.container.common.volume.HddsVolume@23a1ee2a
2019-08-22 05:48:16,157 [Thread-358] INFO  volume.HddsVolumeChecker (HddsVolumeChecker.java:checkAllVolumes(203)) - Scheduled health check for volume org.apache.hadoop.ozone.container.common.volume.HddsVolume@23a1ee2a
2019-08-22 05:48:16,178 [Thread-358] INFO  impl.RaftServerProxy (ConfUtils.java:logGet(43)) - raft.rpc.type = GRPC (default)
2019-08-22 05:48:16,178 [Thread-358] INFO  grpc.GrpcFactory (GrpcFactory.java:checkPooledByteBufAllocatorUseCacheForAllThreads(45)) - PERFORMANCE WARNING: useCacheForAllThreads is true that may cause Netty to create a lot garbage objects and, as a result, trigger GC.
	It is recommended to disable useCacheForAllThreads by setting -Dorg.apache.ratis.thirdparty.io.netty.allocator.useCacheForAllThreads=false in command line.
2019-08-22 05:48:16,178 [Thread-358] INFO  grpc.GrpcConfigKeys$Server (ConfUtils.java:logGet(43)) - raft.grpc.server.port = 0 (default)
2019-08-22 05:48:16,178 [Thread-358] INFO  server.GrpcService (ConfUtils.java:logGet(43)) - raft.grpc.message.size.max = 33570816 (custom)
2019-08-22 05:48:16,179 [Thread-358] INFO  server.RaftServerConfigKeys (ConfUtils.java:logGet(43)) - raft.server.log.appender.buffer.byte-limit = 33554432 (custom)
2019-08-22 05:48:16,179 [Thread-358] INFO  server.GrpcService (ConfUtils.java:logGet(43)) - raft.grpc.flow.control.window = 1MB (=1048576) (default)
2019-08-22 05:48:16,179 [Thread-358] INFO  server.RaftServerConfigKeys (ConfUtils.java:logGet(43)) - raft.server.rpc.request.timeout = 3000ms (default)
2019-08-22 05:48:16,180 [Thread-358] INFO  server.RaftServerConfigKeys (ConfUtils.java:logGet(43)) - raft.server.storage.dir = [/workdir/hadoop-ozone/integration-test/target/test-dir/MiniOzoneClusterImpl-83afc318-308f-4a04-affc-403b3b38e3c7/datanode-1/data/ratis] (custom)
2019-08-22 05:48:16,180 [Thread-358] INFO  replication.SimpleContainerDownloader (SimpleContainerDownloader.java:<init>(72)) - Starting container downloader service to copy containers to replicate.
2019-08-22 05:48:16,182 [Thread-358] INFO  hdfs.DFSUtil (DFSUtil.java:httpServerTemplateForNNAndJN(1641)) - Starting Web-server for hddsDatanode at: http://0.0.0.0:0
2019-08-22 05:48:16,183 [Thread-358] INFO  server.AuthenticationFilter (AuthenticationFilter.java:constructSecretProvider(240)) - Unable to initialize FileSignerSecretProvider, falling back to use random secrets.
2019-08-22 05:48:16,184 [Thread-358] WARN  http.HttpRequestLog (HttpRequestLog.java:getRequestLog(97)) - Jetty request log can only be enabled using Log4j
2019-08-22 05:48:16,186 [Thread-358] INFO  http.HttpServer2 (HttpServer2.java:addGlobalFilter(975)) - Added global filter 'safety' (class=org.apache.hadoop.http.HttpServer2$QuotingInputFilter)
2019-08-22 05:48:16,187 [Thread-358] INFO  http.HttpServer2 (HttpServer2.java:addFilter(948)) - Added filter static_user_filter (class=org.apache.hadoop.http.lib.StaticUserWebFilter$StaticUserFilter) to context hddsDatanode
2019-08-22 05:48:16,187 [Thread-358] INFO  http.HttpServer2 (HttpServer2.java:addFilter(958)) - Added filter static_user_filter (class=org.apache.hadoop.http.lib.StaticUserWebFilter$StaticUserFilter) to context logs
2019-08-22 05:48:16,187 [Thread-358] INFO  http.HttpServer2 (HttpServer2.java:addFilter(958)) - Added filter static_user_filter (class=org.apache.hadoop.http.lib.StaticUserWebFilter$StaticUserFilter) to context static
2019-08-22 05:48:16,188 [Thread-358] INFO  http.HttpServer2 (HttpServer2.java:bindListener(1191)) - Jetty bound to port 35745
2019-08-22 05:48:16,188 [Thread-358] INFO  server.Server (Server.java:doStart(351)) - jetty-9.3.24.v20180605, build timestamp: 2018-06-05T17:11:56Z, git hash: 84205aa28f11a4f31f2a3b86d1bba2cc8ab69827
2019-08-22 05:48:16,190 [Thread-358] INFO  handler.ContextHandler (ContextHandler.java:doStart(781)) - Started o.e.j.s.ServletContextHandler@6225881{/logs,file:///workdir/hadoop-ozone/integration-test/target/log,AVAILABLE}
2019-08-22 05:48:16,191 [Thread-358] INFO  handler.ContextHandler (ContextHandler.java:doStart(781)) - Started o.e.j.s.ServletContextHandler@5bcf6a85{/static,jar:file:/home/user/.m2/repository/org/apache/hadoop/hadoop-hdds-container-service/0.5.0-SNAPSHOT/hadoop-hdds-container-service-0.5.0-SNAPSHOT.jar!/webapps/static,AVAILABLE}
2019-08-22 05:48:16,228 [Thread-358] INFO  handler.ContextHandler (ContextHandler.java:doStart(781)) - Started o.e.j.w.WebAppContext@17986467{/,file:///tmp/jetty-0.0.0.0-35745-hddsDatanode-_-any-4914950712502560569.dir/webapp/,AVAILABLE}{/hddsDatanode}
2019-08-22 05:48:16,228 [Thread-358] INFO  server.AbstractConnector (AbstractConnector.java:doStart(278)) - Started ServerConnector@781baea8{HTTP/1.1,[http/1.1]}{0.0.0.0:35745}
2019-08-22 05:48:16,229 [Thread-358] INFO  server.Server (Server.java:doStart(419)) - Started @39147ms
2019-08-22 05:48:16,230 [Thread-358] INFO  server.BaseHttpServer (BaseHttpServer.java:updateConnectorAddress(213)) - HTTP server of HDDSDATANODE is listening at http://0.0.0.0:35745
2019-08-22 05:48:16,401 | INFO  | ObjectStoreRestHttpServer | Listening HDDS REST traffic on /0.0.0.0:33515 |  
2019-08-22 05:48:16,401 [Thread-358] INFO  ozone.HddsDatanodeService (HddsDatanodeService.java:startPlugins(395)) - Started plug-in org.apache.hadoop.ozone.web.OzoneHddsDatanodeService@2d1afaaa
2019-08-22 05:48:16,402 [Thread-358] INFO  impl.MetricsSystemImpl (MetricsSystemImpl.java:init(158)) - HddsDatanode metrics system started (again)
2019-08-22 05:48:16,405 [Thread-358] INFO  ozone.HddsDatanodeService (HddsDatanodeService.java:start(184)) - HddsDatanodeService host:pr-hdds-2008-trunk-8dx8q-886544045 ip:192.168.36.82
2019-08-22 05:48:16,406 [org.apache.hadoop.util.JvmPauseMonitor$Monitor@1922a294] INFO  util.JvmPauseMonitor (JvmPauseMonitor.java:run(188)) - Starting JVM pause monitor
2019-08-22 05:48:16,409 [Datanode State Machine Thread - 0] INFO  datanode.InitDatanodeState (InitDatanodeState.java:persistContainerDatanodeDetails(140)) - DatanodeDetails is persisted to /workdir/hadoop-ozone/integration-test/target/test-dir/MiniOzoneClusterImpl-83afc318-308f-4a04-affc-403b3b38e3c7/datanode-1/meta/datanode.id
2019-08-22 05:48:16,413 [Thread-358] INFO  volume.HddsVolume (HddsVolume.java:<init>(176)) - Creating Volume: /workdir/hadoop-ozone/integration-test/target/test-dir/MiniOzoneClusterImpl-83afc318-308f-4a04-affc-403b3b38e3c7/datanode-2/data/containers/hdds of  storage type : DISK and capacity : 1482555576320
2019-08-22 05:48:16,414 [Thread-358] INFO  volume.VolumeSet (VolumeSet.java:initializeVolumeSet(170)) - Added Volume : /workdir/hadoop-ozone/integration-test/target/test-dir/MiniOzoneClusterImpl-83afc318-308f-4a04-affc-403b3b38e3c7/datanode-2/data/containers/hdds to VolumeSet
2019-08-22 05:48:16,414 [Thread-358] INFO  volume.ThrottledAsyncChecker (ThrottledAsyncChecker.java:schedule(140)) - Scheduling a check for org.apache.hadoop.ozone.container.common.volume.HddsVolume@551d442d
2019-08-22 05:48:16,414 [Thread-358] INFO  volume.HddsVolumeChecker (HddsVolumeChecker.java:checkAllVolumes(203)) - Scheduled health check for volume org.apache.hadoop.ozone.container.common.volume.HddsVolume@551d442d
2019-08-22 05:48:16,435 [Thread-358] INFO  impl.RaftServerProxy (ConfUtils.java:logGet(43)) - raft.rpc.type = GRPC (default)
2019-08-22 05:48:16,435 [Thread-358] INFO  grpc.GrpcFactory (GrpcFactory.java:checkPooledByteBufAllocatorUseCacheForAllThreads(45)) - PERFORMANCE WARNING: useCacheForAllThreads is true that may cause Netty to create a lot garbage objects and, as a result, trigger GC.
	It is recommended to disable useCacheForAllThreads by setting -Dorg.apache.ratis.thirdparty.io.netty.allocator.useCacheForAllThreads=false in command line.
2019-08-22 05:48:16,435 [Thread-358] INFO  grpc.GrpcConfigKeys$Server (ConfUtils.java:logGet(43)) - raft.grpc.server.port = 0 (default)
2019-08-22 05:48:16,436 [Thread-358] INFO  server.GrpcService (ConfUtils.java:logGet(43)) - raft.grpc.message.size.max = 33570816 (custom)
2019-08-22 05:48:16,436 [Thread-358] INFO  server.RaftServerConfigKeys (ConfUtils.java:logGet(43)) - raft.server.log.appender.buffer.byte-limit = 33554432 (custom)
2019-08-22 05:48:16,436 [Thread-358] INFO  server.GrpcService (ConfUtils.java:logGet(43)) - raft.grpc.flow.control.window = 1MB (=1048576) (default)
2019-08-22 05:48:16,436 [Thread-358] INFO  server.RaftServerConfigKeys (ConfUtils.java:logGet(43)) - raft.server.rpc.request.timeout = 3000ms (default)
2019-08-22 05:48:16,437 [Thread-358] INFO  server.RaftServerConfigKeys (ConfUtils.java:logGet(43)) - raft.server.storage.dir = [/workdir/hadoop-ozone/integration-test/target/test-dir/MiniOzoneClusterImpl-83afc318-308f-4a04-affc-403b3b38e3c7/datanode-2/data/ratis] (custom)
2019-08-22 05:48:16,438 [Thread-358] INFO  replication.SimpleContainerDownloader (SimpleContainerDownloader.java:<init>(72)) - Starting container downloader service to copy containers to replicate.
2019-08-22 05:48:16,439 [Thread-358] INFO  hdfs.DFSUtil (DFSUtil.java:httpServerTemplateForNNAndJN(1641)) - Starting Web-server for hddsDatanode at: http://0.0.0.0:0
2019-08-22 05:48:16,441 [Thread-358] INFO  server.AuthenticationFilter (AuthenticationFilter.java:constructSecretProvider(240)) - Unable to initialize FileSignerSecretProvider, falling back to use random secrets.
2019-08-22 05:48:16,441 [Thread-358] WARN  http.HttpRequestLog (HttpRequestLog.java:getRequestLog(97)) - Jetty request log can only be enabled using Log4j
2019-08-22 05:48:16,444 [Thread-358] INFO  http.HttpServer2 (HttpServer2.java:addGlobalFilter(975)) - Added global filter 'safety' (class=org.apache.hadoop.http.HttpServer2$QuotingInputFilter)
2019-08-22 05:48:16,445 [Thread-358] INFO  http.HttpServer2 (HttpServer2.java:addFilter(948)) - Added filter static_user_filter (class=org.apache.hadoop.http.lib.StaticUserWebFilter$StaticUserFilter) to context hddsDatanode
2019-08-22 05:48:16,445 [Thread-358] INFO  http.HttpServer2 (HttpServer2.java:addFilter(958)) - Added filter static_user_filter (class=org.apache.hadoop.http.lib.StaticUserWebFilter$StaticUserFilter) to context static
2019-08-22 05:48:16,445 [Thread-358] INFO  http.HttpServer2 (HttpServer2.java:addFilter(958)) - Added filter static_user_filter (class=org.apache.hadoop.http.lib.StaticUserWebFilter$StaticUserFilter) to context logs
2019-08-22 05:48:16,446 [Thread-358] INFO  http.HttpServer2 (HttpServer2.java:bindListener(1191)) - Jetty bound to port 32951
2019-08-22 05:48:16,446 [Thread-358] INFO  server.Server (Server.java:doStart(351)) - jetty-9.3.24.v20180605, build timestamp: 2018-06-05T17:11:56Z, git hash: 84205aa28f11a4f31f2a3b86d1bba2cc8ab69827
2019-08-22 05:48:16,448 [Thread-358] INFO  handler.ContextHandler (ContextHandler.java:doStart(781)) - Started o.e.j.s.ServletContextHandler@4b7caa7f{/logs,file:///workdir/hadoop-ozone/integration-test/target/log,AVAILABLE}
2019-08-22 05:48:16,449 [Thread-358] INFO  handler.ContextHandler (ContextHandler.java:doStart(781)) - Started o.e.j.s.ServletContextHandler@58f28f70{/static,jar:file:/home/user/.m2/repository/org/apache/hadoop/hadoop-hdds-container-service/0.5.0-SNAPSHOT/hadoop-hdds-container-service-0.5.0-SNAPSHOT.jar!/webapps/static,AVAILABLE}
2019-08-22 05:48:16,486 [Thread-358] INFO  handler.ContextHandler (ContextHandler.java:doStart(781)) - Started o.e.j.w.WebAppContext@28cbb280{/,file:///tmp/jetty-0.0.0.0-32951-hddsDatanode-_-any-4173599783723587769.dir/webapp/,AVAILABLE}{/hddsDatanode}
2019-08-22 05:48:16,487 [Thread-358] INFO  server.AbstractConnector (AbstractConnector.java:doStart(278)) - Started ServerConnector@eb7a004{HTTP/1.1,[http/1.1]}{0.0.0.0:32951}
2019-08-22 05:48:16,488 [Thread-358] INFO  server.Server (Server.java:doStart(419)) - Started @39406ms
2019-08-22 05:48:16,489 [Thread-358] INFO  server.BaseHttpServer (BaseHttpServer.java:updateConnectorAddress(213)) - HTTP server of HDDSDATANODE is listening at http://0.0.0.0:32951
2019-08-22 05:48:16,666 | INFO  | ObjectStoreRestHttpServer | Listening HDDS REST traffic on /0.0.0.0:40041 |  
2019-08-22 05:48:16,667 [Thread-358] INFO  ozone.HddsDatanodeService (HddsDatanodeService.java:startPlugins(395)) - Started plug-in org.apache.hadoop.ozone.web.OzoneHddsDatanodeService@66a021e9
2019-08-22 05:48:16,667 [Thread-358] INFO  ozone.MiniOzoneClusterImpl (MiniOzoneClusterImpl.java:lambda$waitForClusterToBeReady$0(142)) - Waiting for cluster to be ready. Got 0 of 3 DN Heartbeats.
2019-08-22 05:48:16,670 [org.apache.hadoop.util.JvmPauseMonitor$Monitor@39024ff9] INFO  util.JvmPauseMonitor (JvmPauseMonitor.java:run(188)) - Starting JVM pause monitor
2019-08-22 05:48:16,672 [Datanode State Machine Thread - 0] INFO  datanode.InitDatanodeState (InitDatanodeState.java:persistContainerDatanodeDetails(140)) - DatanodeDetails is persisted to /workdir/hadoop-ozone/integration-test/target/test-dir/MiniOzoneClusterImpl-83afc318-308f-4a04-affc-403b3b38e3c7/datanode-2/meta/datanode.id
2019-08-22 05:48:17,667 [Thread-358] INFO  ozone.MiniOzoneClusterImpl (MiniOzoneClusterImpl.java:lambda$waitForClusterToBeReady$0(142)) - Waiting for cluster to be ready. Got 0 of 3 DN Heartbeats.
2019-08-22 05:48:18,154 | INFO  | SCMAudit | user=jenkins1000 | ip=192.168.36.82 | op=GET_VERSION null | ret=SUCCESS |  
2019-08-22 05:48:18,408 | INFO  | SCMAudit | user=jenkins1000 | ip=192.168.36.82 | op=GET_VERSION null | ret=SUCCESS |  
2019-08-22 05:48:18,668 [Thread-358] INFO  ozone.MiniOzoneClusterImpl (MiniOzoneClusterImpl.java:lambda$waitForClusterToBeReady$0(142)) - Waiting for cluster to be ready. Got 0 of 3 DN Heartbeats.
2019-08-22 05:48:18,671 | INFO  | SCMAudit | user=jenkins1000 | ip=192.168.36.82 | op=GET_VERSION null | ret=SUCCESS |  
2019-08-22 05:48:19,669 [Thread-358] INFO  ozone.MiniOzoneClusterImpl (MiniOzoneClusterImpl.java:lambda$waitForClusterToBeReady$0(142)) - Waiting for cluster to be ready. Got 0 of 3 DN Heartbeats.
2019-08-22 05:48:20,669 [Thread-358] INFO  ozone.MiniOzoneClusterImpl (MiniOzoneClusterImpl.java:lambda$waitForClusterToBeReady$0(142)) - Waiting for cluster to be ready. Got 0 of 3 DN Heartbeats.
2019-08-22 05:48:21,670 [Thread-358] INFO  ozone.MiniOzoneClusterImpl (MiniOzoneClusterImpl.java:lambda$waitForClusterToBeReady$0(142)) - Waiting for cluster to be ready. Got 0 of 3 DN Heartbeats.
2019-08-22 05:48:22,670 [Thread-358] INFO  ozone.MiniOzoneClusterImpl (MiniOzoneClusterImpl.java:lambda$waitForClusterToBeReady$0(142)) - Waiting for cluster to be ready. Got 0 of 3 DN Heartbeats.
2019-08-22 05:48:23,274 [Datanode State Machine Thread - 0] INFO  ozoneimpl.OzoneContainer (OzoneContainer.java:start(186)) - Attempting to start container services.
2019-08-22 05:48:23,274 [Datanode State Machine Thread - 0] INFO  ozoneimpl.OzoneContainer (OzoneContainer.java:start(186)) - Attempting to start container services.
2019-08-22 05:48:23,274 [Datanode State Machine Thread - 0] INFO  ozoneimpl.OzoneContainer (OzoneContainer.java:start(186)) - Attempting to start container services.
2019-08-22 05:48:23,278 [Datanode State Machine Thread - 0] INFO  ozoneimpl.OzoneContainer (OzoneContainer.java:startContainerScrub(160)) - Background container scrubber has been disabled by hdds.containerscrub.enabled
2019-08-22 05:48:23,277 [Datanode State Machine Thread - 0] INFO  ozoneimpl.OzoneContainer (OzoneContainer.java:startContainerScrub(160)) - Background container scrubber has been disabled by hdds.containerscrub.enabled
2019-08-22 05:48:23,280 [Datanode State Machine Thread - 0] INFO  ratis.XceiverServerRatis (XceiverServerRatis.java:start(404)) - Starting XceiverServerRatis 20ef2b05-2784-432c-b787-19ea462282b8 at port 0
2019-08-22 05:48:23,280 [Datanode State Machine Thread - 0] INFO  ozoneimpl.OzoneContainer (OzoneContainer.java:startContainerScrub(160)) - Background container scrubber has been disabled by hdds.containerscrub.enabled
2019-08-22 05:48:23,280 [Datanode State Machine Thread - 0] INFO  ratis.XceiverServerRatis (XceiverServerRatis.java:start(404)) - Starting XceiverServerRatis 9412f29a-5455-4c94-8484-b4d127531eb3 at port 0
2019-08-22 05:48:23,281 [Datanode State Machine Thread - 0] INFO  ratis.XceiverServerRatis (XceiverServerRatis.java:start(404)) - Starting XceiverServerRatis 6ff0d347-68f7-4f62-b585-7859cadf9a08 at port 0
2019-08-22 05:48:23,307 [Datanode State Machine Thread - 0] INFO  impl.RaftServerProxy (RaftServerProxy.java:lambda$start$3(299)) - 20ef2b05-2784-432c-b787-19ea462282b8: start RPC server
2019-08-22 05:48:23,307 [Datanode State Machine Thread - 0] INFO  impl.RaftServerProxy (RaftServerProxy.java:lambda$start$3(299)) - 9412f29a-5455-4c94-8484-b4d127531eb3: start RPC server
2019-08-22 05:48:23,308 [Datanode State Machine Thread - 0] INFO  impl.RaftServerProxy (RaftServerProxy.java:lambda$start$3(299)) - 6ff0d347-68f7-4f62-b585-7859cadf9a08: start RPC server
2019-08-22 05:48:23,312 [Datanode State Machine Thread - 0] INFO  server.GrpcService (GrpcService.java:startImpl(149)) - 20ef2b05-2784-432c-b787-19ea462282b8: GrpcService started, listening on 0.0.0.0/0.0.0.0:43454
2019-08-22 05:48:23,312 [Datanode State Machine Thread - 0] INFO  server.GrpcService (GrpcService.java:startImpl(149)) - 6ff0d347-68f7-4f62-b585-7859cadf9a08: GrpcService started, listening on 0.0.0.0/0.0.0.0:41391
2019-08-22 05:48:23,312 [Datanode State Machine Thread - 0] INFO  server.GrpcService (GrpcService.java:startImpl(149)) - 9412f29a-5455-4c94-8484-b4d127531eb3: GrpcService started, listening on 0.0.0.0/0.0.0.0:35712
2019-08-22 05:48:23,313 [Datanode State Machine Thread - 0] INFO  ratis.XceiverServerRatis (XceiverServerRatis.java:start(414)) - XceiverServerRatis 6ff0d347-68f7-4f62-b585-7859cadf9a08 is started using port 41391
2019-08-22 05:48:23,313 [Datanode State Machine Thread - 0] INFO  ratis.XceiverServerRatis (XceiverServerRatis.java:start(414)) - XceiverServerRatis 20ef2b05-2784-432c-b787-19ea462282b8 is started using port 43454
2019-08-22 05:48:23,313 [Datanode State Machine Thread - 0] INFO  ratis.XceiverServerRatis (XceiverServerRatis.java:start(414)) - XceiverServerRatis 9412f29a-5455-4c94-8484-b4d127531eb3 is started using port 35712
2019-08-22 05:48:23,314 [Datanode State Machine Thread - 0] INFO  server.XceiverServerGrpc (XceiverServerGrpc.java:start(161)) - XceiverServerGrpc 6ff0d347-68f7-4f62-b585-7859cadf9a08 is started using port 33618
2019-08-22 05:48:23,320 [Datanode State Machine Thread - 0] INFO  server.XceiverServerGrpc (XceiverServerGrpc.java:start(161)) - XceiverServerGrpc 9412f29a-5455-4c94-8484-b4d127531eb3 is started using port 42579
2019-08-22 05:48:23,320 [Datanode State Machine Thread - 0] INFO  server.XceiverServerGrpc (XceiverServerGrpc.java:start(161)) - XceiverServerGrpc 20ef2b05-2784-432c-b787-19ea462282b8 is started using port 44529
2019-08-22 05:48:23,671 [Thread-358] INFO  ozone.MiniOzoneClusterImpl (MiniOzoneClusterImpl.java:lambda$waitForClusterToBeReady$0(142)) - Waiting for cluster to be ready. Got 0 of 3 DN Heartbeats.
2019-08-22 05:48:24,160 [IPC Server handler 0 on 37264] INFO  net.NetworkTopology (NetworkTopologyImpl.java:add(110)) - Added a new node: /default-rack/20ef2b05-2784-432c-b787-19ea462282b8
2019-08-22 05:48:24,165 [IPC Server handler 0 on 37264] INFO  node.SCMNodeManager (SCMNodeManager.java:register(273)) - Registered Data node : 20ef2b05-2784-432c-b787-19ea462282b8{ip: 192.168.36.82, host: pr-hdds-2008-trunk-8dx8q-886544045, networkLocation: /default-rack, certSerialId: null}
2019-08-22 05:48:24,167 [EventQueue-NodeRegistrationContainerReportForDataNodeSafeModeRule] INFO  safemode.SCMSafeModeManager (DataNodeSafeModeRule.java:process(71)) - SCM in safe mode. 1 DataNodes registered, 1 required.
2019-08-22 05:48:24,168 [EventQueue-NodeRegistrationContainerReportForDataNodeSafeModeRule] INFO  safemode.SCMSafeModeManager (SCMSafeModeManager.java:validateSafeModeExitRules(177)) - ScmSafeModeManager, all rules are successfully validated
2019-08-22 05:48:24,169 [EventQueue-NodeRegistrationContainerReportForDataNodeSafeModeRule] INFO  safemode.SCMSafeModeManager (SCMSafeModeManager.java:exitSafeMode(193)) - SCM exiting safe mode.
2019-08-22 05:48:24,169 | INFO  | SCMAudit | user=jenkins1000 | ip=192.168.36.82 | op=REGISTER {datanodeDetails=20ef2b05-2784-432c-b787-19ea462282b8{ip: 192.168.36.82, host: pr-hdds-2008-trunk-8dx8q-886544045, networkLocation: /default-rack, certSerialId: null}} | ret=SUCCESS |  
2019-08-22 05:48:24,193 [grpc-default-executor-0] INFO  impl.RaftServerProxy (RaftServerProxy.java:addNew(89)) - 20ef2b05-2784-432c-b787-19ea462282b8: addNew group-7AE651877809:[20ef2b05-2784-432c-b787-19ea462282b8:192.168.36.82:43454] returns group-7AE651877809:java.util.concurrent.CompletableFuture@5055bb30[Not completed]
2019-08-22 05:48:24,196 [pool-113-thread-1] INFO  impl.RaftServerImpl (RaftServerImpl.java:<init>(93)) - 20ef2b05-2784-432c-b787-19ea462282b8: new RaftServerImpl for group-7AE651877809:[20ef2b05-2784-432c-b787-19ea462282b8:192.168.36.82:43454] with ContainerStateMachine:uninitialized
2019-08-22 05:48:24,198 [pool-113-thread-1] INFO  server.RaftServerConfigKeys (ConfUtils.java:logGet(43)) - raft.server.rpc.timeout.min = 5s (custom)
2019-08-22 05:48:24,198 [pool-113-thread-1] INFO  server.RaftServerConfigKeys (ConfUtils.java:logGet(43)) - raft.server.rpc.timeout.max = 5200ms (custom)
2019-08-22 05:48:24,198 [pool-113-thread-1] INFO  server.RaftServerConfigKeys (ConfUtils.java:logGet(43)) - raft.server.rpcslowness.timeout = 120s (custom)
2019-08-22 05:48:24,198 [pool-113-thread-1] INFO  server.RaftServerConfigKeys (ConfUtils.java:logGet(43)) - raft.server.sleep.deviation.threshold = 300 (default)
2019-08-22 05:48:24,198 [pool-113-thread-1] INFO  server.RaftServerConfigKeys (ConfUtils.java:logGet(43)) - raft.server.log.appender.install.snapshot.enabled = false (custom)
2019-08-22 05:48:24,198 [pool-113-thread-1] INFO  impl.RaftServerImpl (ServerState.java:<init>(105)) - 20ef2b05-2784-432c-b787-19ea462282b8:group-7AE651877809 ConfigurationManager, init=-1: [20ef2b05-2784-432c-b787-19ea462282b8:192.168.36.82:43454], old=null, confs=<EMPTY_MAP>
2019-08-22 05:48:24,199 [pool-113-thread-1] INFO  server.RaftServerConfigKeys (ConfUtils.java:logGet(43)) - raft.server.storage.dir = [/workdir/hadoop-ozone/integration-test/target/test-dir/MiniOzoneClusterImpl-83afc318-308f-4a04-affc-403b3b38e3c7/datanode-0/data/ratis] (custom)
2019-08-22 05:48:24,199 [pool-113-thread-1] INFO  storage.RaftStorageDirectory (RaftStorageDirectory.java:analyzeStorage(246)) - The storage directory /workdir/hadoop-ozone/integration-test/target/test-dir/MiniOzoneClusterImpl-83afc318-308f-4a04-affc-403b3b38e3c7/datanode-0/data/ratis/0f2202a7-fa8d-4967-b560-7ae651877809 does not exist. Creating ...
2019-08-22 05:48:24,213 [pool-113-thread-1] INFO  storage.RaftStorageDirectory (RaftStorageDirectory.java:tryLock(328)) - Lock on /workdir/hadoop-ozone/integration-test/target/test-dir/MiniOzoneClusterImpl-83afc318-308f-4a04-affc-403b3b38e3c7/datanode-0/data/ratis/0f2202a7-fa8d-4967-b560-7ae651877809/in_use.lock acquired by nodename 4933@pr-hdds-2008-trunk-8dx8q-886544045
2019-08-22 05:48:24,237 [pool-113-thread-1] INFO  storage.RaftStorage (RaftStorage.java:format(72)) - Storage directory /workdir/hadoop-ozone/integration-test/target/test-dir/MiniOzoneClusterImpl-83afc318-308f-4a04-affc-403b3b38e3c7/datanode-0/data/ratis/0f2202a7-fa8d-4967-b560-7ae651877809 has been successfully formatted.
2019-08-22 05:48:24,238 [pool-113-thread-1] INFO  ratis.ContainerStateMachine (ContainerStateMachine.java:loadSnapshot(226)) - group-7AE651877809: The snapshot info is null. Setting the last applied indexto:(t:0, i:~)
2019-08-22 05:48:24,238 [pool-113-thread-1] INFO  server.RaftServerConfigKeys (ConfUtils.java:logGet(43)) - raft.server.leader.election.timeout = 120s (custom)
2019-08-22 05:48:24,238 [pool-113-thread-1] INFO  server.RaftServerConfigKeys (ConfUtils.java:logGet(43)) - raft.server.log.use.memory = false (default)
2019-08-22 05:48:24,238 [pool-113-thread-1] INFO  server.RaftServerConfigKeys (ConfUtils.java:logGet(43)) - raft.server.log.purge.gap = 1000000 (custom)
2019-08-22 05:48:24,239 [pool-113-thread-1] INFO  server.RaftServerConfigKeys (ConfUtils.java:logGet(43)) - raft.server.log.appender.buffer.byte-limit = 33554432 (custom)
2019-08-22 05:48:24,239 [pool-113-thread-1] INFO  server.RaftServerConfigKeys (ConfUtils.java:logGet(43)) - raft.server.log.segment.size.max = 1048576 (custom)
2019-08-22 05:48:24,239 [pool-113-thread-1] INFO  server.RaftServerConfigKeys (ConfUtils.java:logGet(43)) - raft.server.log.segment.cache.num.max = 2 (custom)
2019-08-22 05:48:24,240 [pool-113-thread-1] INFO  segmented.SegmentedRaftLogWorker (SegmentedRaftLogWorker.java:<init>(172)) - new 20ef2b05-2784-432c-b787-19ea462282b8-SegmentedRaftLogWorker:Storage Directory /workdir/hadoop-ozone/integration-test/target/test-dir/MiniOzoneClusterImpl-83afc318-308f-4a04-affc-403b3b38e3c7/datanode-0/data/ratis/0f2202a7-fa8d-4967-b560-7ae651877809 for RaftStorage:Storage Directory /workdir/hadoop-ozone/integration-test/target/test-dir/MiniOzoneClusterImpl-83afc318-308f-4a04-affc-403b3b38e3c7/datanode-0/data/ratis/0f2202a7-fa8d-4967-b560-7ae651877809
2019-08-22 05:48:24,240 [pool-113-thread-1] INFO  server.RaftServerConfigKeys (ConfUtils.java:logGet(43)) - raft.server.log.queue.byte-limit = 2147483647 (custom)
2019-08-22 05:48:24,240 [pool-113-thread-1] INFO  server.RaftServerConfigKeys (ConfUtils.java:logGet(43)) - raft.server.log.queue.element-limit = 1024 (custom)
2019-08-22 05:48:24,241 [pool-113-thread-1] INFO  server.RaftServerConfigKeys (ConfUtils.java:logGet(43)) - raft.server.log.segment.size.max = 1048576 (custom)
2019-08-22 05:48:24,241 [pool-113-thread-1] INFO  server.RaftServerConfigKeys (ConfUtils.java:logGet(43)) - raft.server.log.preallocated.size = 16384 (custom)
2019-08-22 05:48:24,241 [pool-113-thread-1] INFO  server.RaftServerConfigKeys (ConfUtils.java:logGet(43)) - raft.server.log.write.buffer.size = 33554432 (custom)
2019-08-22 05:48:24,241 [pool-113-thread-1] INFO  server.RaftServerConfigKeys (ConfUtils.java:logGet(43)) - raft.server.log.force.sync.num = 128 (default)
2019-08-22 05:48:24,242 [pool-113-thread-1] INFO  server.RaftServerConfigKeys (ConfUtils.java:logGet(43)) - raft.server.log.statemachine.data.sync = true (default)
2019-08-22 05:48:24,242 [pool-113-thread-1] INFO  server.RaftServerConfigKeys (ConfUtils.java:logGet(43)) - raft.server.log.statemachine.data.sync.timeout = 10s (default)
2019-08-22 05:48:24,242 [pool-113-thread-1] INFO  server.RaftServerConfigKeys (ConfUtils.java:logGet(43)) - raft.server.log.statemachine.data.sync.timeout.retry = -1 (default)
2019-08-22 05:48:24,243 [pool-113-thread-1] INFO  server.RaftServerConfigKeys (ConfUtils.java:logGet(43)) - raft.server.log.statemachine.data.caching.enabled = true (custom)
2019-08-22 05:48:24,243 [pool-113-thread-1] INFO  segmented.SegmentedRaftLogWorker (SegmentedRaftLogWorker.java:lambda$new$0(132)) - 20ef2b05-2784-432c-b787-19ea462282b8-SegmentedRaftLogWorker:Storage Directory /workdir/hadoop-ozone/integration-test/target/test-dir/MiniOzoneClusterImpl-83afc318-308f-4a04-affc-403b3b38e3c7/datanode-0/data/ratis/0f2202a7-fa8d-4967-b560-7ae651877809: flushIndex: setUnconditionally 0 -> -1
2019-08-22 05:48:24,244 [pool-113-thread-1] INFO  server.RaftServerConfigKeys (ConfUtils.java:logGet(43)) - raft.server.snapshot.auto.trigger.enabled = true (custom)
2019-08-22 05:48:24,244 [pool-113-thread-1] INFO  server.RaftServerConfigKeys (ConfUtils.java:logGet(43)) - raft.server.snapshot.auto.trigger.threshold = 10000 (custom)
2019-08-22 05:48:24,244 [pool-113-thread-1] INFO  server.RaftServerConfigKeys (ConfUtils.java:logGet(43)) - raft.server.retrycache.expirytime = 600000ms (custom)
2019-08-22 05:48:24,245 [pool-113-thread-1] INFO  impl.RaftServerImpl (RaftServerImpl.java:start(180)) - 20ef2b05-2784-432c-b787-19ea462282b8: start group-7AE651877809
2019-08-22 05:48:24,245 [pool-113-thread-1] INFO  impl.RaftServerImpl (RaftServerImpl.java:setRole(171)) - 20ef2b05-2784-432c-b787-19ea462282b8:group-7AE651877809 changes role from null to FOLLOWER at term 0 for startAsFollower
2019-08-22 05:48:24,245 [pool-113-thread-1] INFO  impl.RoleInfo (RoleInfo.java:updateAndGet(143)) - 20ef2b05-2784-432c-b787-19ea462282b8: start FollowerState
2019-08-22 05:48:24,246 [pool-113-thread-1] INFO  util.JmxRegister (JmxRegister.java:tryRegister(44)) - Successfully registered JMX Bean with object name Ratis:service=RaftServer,group=group-7AE651877809,id=20ef2b05-2784-432c-b787-19ea462282b8
2019-08-22 05:48:24,265 [RatisPipelineUtilsThread] INFO  pipeline.PipelineStateManager (PipelineStateManager.java:addPipeline(56)) - Created pipeline Pipeline[ Id: 0f2202a7-fa8d-4967-b560-7ae651877809, Nodes: 20ef2b05-2784-432c-b787-19ea462282b8{ip: 192.168.36.82, host: pr-hdds-2008-trunk-8dx8q-886544045, networkLocation: /default-rack, certSerialId: null}, Type:RATIS, Factor:ONE, State:OPEN]
2019-08-22 05:48:24,410 [IPC Server handler 1 on 37264] INFO  net.NetworkTopology (NetworkTopologyImpl.java:add(110)) - Added a new node: /default-rack/9412f29a-5455-4c94-8484-b4d127531eb3
2019-08-22 05:48:24,410 [IPC Server handler 1 on 37264] INFO  node.SCMNodeManager (SCMNodeManager.java:register(273)) - Registered Data node : 9412f29a-5455-4c94-8484-b4d127531eb3{ip: 192.168.36.82, host: pr-hdds-2008-trunk-8dx8q-886544045, networkLocation: /default-rack, certSerialId: null}
2019-08-22 05:48:24,411 | INFO  | SCMAudit | user=jenkins1000 | ip=192.168.36.82 | op=REGISTER {datanodeDetails=9412f29a-5455-4c94-8484-b4d127531eb3{ip: 192.168.36.82, host: pr-hdds-2008-trunk-8dx8q-886544045, networkLocation: /default-rack, certSerialId: null}} | ret=SUCCESS |  
2019-08-22 05:48:24,420 [grpc-default-executor-0] INFO  impl.RaftServerProxy (RaftServerProxy.java:addNew(89)) - 9412f29a-5455-4c94-8484-b4d127531eb3: addNew group-2CEE3287AFF5:[9412f29a-5455-4c94-8484-b4d127531eb3:192.168.36.82:35712] returns group-2CEE3287AFF5:java.util.concurrent.CompletableFuture@4d8bfac5[Not completed]
2019-08-22 05:48:24,422 [pool-124-thread-1] INFO  impl.RaftServerImpl (RaftServerImpl.java:<init>(93)) - 9412f29a-5455-4c94-8484-b4d127531eb3: new RaftServerImpl for group-2CEE3287AFF5:[9412f29a-5455-4c94-8484-b4d127531eb3:192.168.36.82:35712] with ContainerStateMachine:uninitialized
2019-08-22 05:48:24,424 [pool-124-thread-1] INFO  server.RaftServerConfigKeys (ConfUtils.java:logGet(43)) - raft.server.rpc.timeout.min = 5s (custom)
2019-08-22 05:48:24,424 [pool-124-thread-1] INFO  server.RaftServerConfigKeys (ConfUtils.java:logGet(43)) - raft.server.rpc.timeout.max = 5200ms (custom)
2019-08-22 05:48:24,424 [pool-124-thread-1] INFO  server.RaftServerConfigKeys (ConfUtils.java:logGet(43)) - raft.server.rpcslowness.timeout = 120s (custom)
2019-08-22 05:48:24,425 [pool-124-thread-1] INFO  server.RaftServerConfigKeys (ConfUtils.java:logGet(43)) - raft.server.sleep.deviation.threshold = 300 (default)
2019-08-22 05:48:24,425 [pool-124-thread-1] INFO  server.RaftServerConfigKeys (ConfUtils.java:logGet(43)) - raft.server.log.appender.install.snapshot.enabled = false (custom)
2019-08-22 05:48:24,425 [pool-124-thread-1] INFO  impl.RaftServerImpl (ServerState.java:<init>(105)) - 9412f29a-5455-4c94-8484-b4d127531eb3:group-2CEE3287AFF5 ConfigurationManager, init=-1: [9412f29a-5455-4c94-8484-b4d127531eb3:192.168.36.82:35712], old=null, confs=<EMPTY_MAP>
2019-08-22 05:48:24,425 [pool-124-thread-1] INFO  server.RaftServerConfigKeys (ConfUtils.java:logGet(43)) - raft.server.storage.dir = [/workdir/hadoop-ozone/integration-test/target/test-dir/MiniOzoneClusterImpl-83afc318-308f-4a04-affc-403b3b38e3c7/datanode-1/data/ratis] (custom)
2019-08-22 05:48:24,426 [pool-124-thread-1] INFO  storage.RaftStorageDirectory (RaftStorageDirectory.java:analyzeStorage(246)) - The storage directory /workdir/hadoop-ozone/integration-test/target/test-dir/MiniOzoneClusterImpl-83afc318-308f-4a04-affc-403b3b38e3c7/datanode-1/data/ratis/62bdf454-04dd-42d5-8fdf-2cee3287aff5 does not exist. Creating ...
2019-08-22 05:48:24,450 [pool-124-thread-1] INFO  storage.RaftStorageDirectory (RaftStorageDirectory.java:tryLock(328)) - Lock on /workdir/hadoop-ozone/integration-test/target/test-dir/MiniOzoneClusterImpl-83afc318-308f-4a04-affc-403b3b38e3c7/datanode-1/data/ratis/62bdf454-04dd-42d5-8fdf-2cee3287aff5/in_use.lock acquired by nodename 4933@pr-hdds-2008-trunk-8dx8q-886544045
2019-08-22 05:48:24,473 [pool-124-thread-1] INFO  storage.RaftStorage (RaftStorage.java:format(72)) - Storage directory /workdir/hadoop-ozone/integration-test/target/test-dir/MiniOzoneClusterImpl-83afc318-308f-4a04-affc-403b3b38e3c7/datanode-1/data/ratis/62bdf454-04dd-42d5-8fdf-2cee3287aff5 has been successfully formatted.
2019-08-22 05:48:24,474 [pool-124-thread-1] INFO  ratis.ContainerStateMachine (ContainerStateMachine.java:loadSnapshot(226)) - group-2CEE3287AFF5: The snapshot info is null. Setting the last applied indexto:(t:0, i:~)
2019-08-22 05:48:24,474 [pool-124-thread-1] INFO  server.RaftServerConfigKeys (ConfUtils.java:logGet(43)) - raft.server.leader.election.timeout = 120s (custom)
2019-08-22 05:48:24,474 [pool-124-thread-1] INFO  server.RaftServerConfigKeys (ConfUtils.java:logGet(43)) - raft.server.log.use.memory = false (default)
2019-08-22 05:48:24,475 [pool-124-thread-1] INFO  server.RaftServerConfigKeys (ConfUtils.java:logGet(43)) - raft.server.log.purge.gap = 1000000 (custom)
2019-08-22 05:48:24,475 [pool-124-thread-1] INFO  server.RaftServerConfigKeys (ConfUtils.java:logGet(43)) - raft.server.log.appender.buffer.byte-limit = 33554432 (custom)
2019-08-22 05:48:24,475 [pool-124-thread-1] INFO  server.RaftServerConfigKeys (ConfUtils.java:logGet(43)) - raft.server.log.segment.size.max = 1048576 (custom)
2019-08-22 05:48:24,475 [pool-124-thread-1] INFO  server.RaftServerConfigKeys (ConfUtils.java:logGet(43)) - raft.server.log.segment.cache.num.max = 2 (custom)
2019-08-22 05:48:24,475 [pool-124-thread-1] INFO  segmented.SegmentedRaftLogWorker (SegmentedRaftLogWorker.java:<init>(172)) - new 9412f29a-5455-4c94-8484-b4d127531eb3-SegmentedRaftLogWorker:Storage Directory /workdir/hadoop-ozone/integration-test/target/test-dir/MiniOzoneClusterImpl-83afc318-308f-4a04-affc-403b3b38e3c7/datanode-1/data/ratis/62bdf454-04dd-42d5-8fdf-2cee3287aff5 for RaftStorage:Storage Directory /workdir/hadoop-ozone/integration-test/target/test-dir/MiniOzoneClusterImpl-83afc318-308f-4a04-affc-403b3b38e3c7/datanode-1/data/ratis/62bdf454-04dd-42d5-8fdf-2cee3287aff5
2019-08-22 05:48:24,476 [pool-124-thread-1] INFO  server.RaftServerConfigKeys (ConfUtils.java:logGet(43)) - raft.server.log.queue.byte-limit = 2147483647 (custom)
2019-08-22 05:48:24,476 [pool-124-thread-1] INFO  server.RaftServerConfigKeys (ConfUtils.java:logGet(43)) - raft.server.log.queue.element-limit = 1024 (custom)
2019-08-22 05:48:24,476 [pool-124-thread-1] INFO  server.RaftServerConfigKeys (ConfUtils.java:logGet(43)) - raft.server.log.segment.size.max = 1048576 (custom)
2019-08-22 05:48:24,476 [pool-124-thread-1] INFO  server.RaftServerConfigKeys (ConfUtils.java:logGet(43)) - raft.server.log.preallocated.size = 16384 (custom)
2019-08-22 05:48:24,477 [pool-124-thread-1] INFO  server.RaftServerConfigKeys (ConfUtils.java:logGet(43)) - raft.server.log.write.buffer.size = 33554432 (custom)
2019-08-22 05:48:24,477 [pool-124-thread-1] INFO  server.RaftServerConfigKeys (ConfUtils.java:logGet(43)) - raft.server.log.force.sync.num = 128 (default)
2019-08-22 05:48:24,477 [pool-124-thread-1] INFO  server.RaftServerConfigKeys (ConfUtils.java:logGet(43)) - raft.server.log.statemachine.data.sync = true (default)
2019-08-22 05:48:24,477 [pool-124-thread-1] INFO  server.RaftServerConfigKeys (ConfUtils.java:logGet(43)) - raft.server.log.statemachine.data.sync.timeout = 10s (default)
2019-08-22 05:48:24,477 [pool-124-thread-1] INFO  server.RaftServerConfigKeys (ConfUtils.java:logGet(43)) - raft.server.log.statemachine.data.sync.timeout.retry = -1 (default)
2019-08-22 05:48:24,478 [pool-124-thread-1] INFO  server.RaftServerConfigKeys (ConfUtils.java:logGet(43)) - raft.server.log.statemachine.data.caching.enabled = true (custom)
2019-08-22 05:48:24,478 [pool-124-thread-1] INFO  segmented.SegmentedRaftLogWorker (SegmentedRaftLogWorker.java:lambda$new$0(132)) - 9412f29a-5455-4c94-8484-b4d127531eb3-SegmentedRaftLogWorker:Storage Directory /workdir/hadoop-ozone/integration-test/target/test-dir/MiniOzoneClusterImpl-83afc318-308f-4a04-affc-403b3b38e3c7/datanode-1/data/ratis/62bdf454-04dd-42d5-8fdf-2cee3287aff5: flushIndex: setUnconditionally 0 -> -1
2019-08-22 05:48:24,479 [pool-124-thread-1] INFO  server.RaftServerConfigKeys (ConfUtils.java:logGet(43)) - raft.server.snapshot.auto.trigger.enabled = true (custom)
2019-08-22 05:48:24,479 [pool-124-thread-1] INFO  server.RaftServerConfigKeys (ConfUtils.java:logGet(43)) - raft.server.snapshot.auto.trigger.threshold = 10000 (custom)
2019-08-22 05:48:24,479 [pool-124-thread-1] INFO  server.RaftServerConfigKeys (ConfUtils.java:logGet(43)) - raft.server.retrycache.expirytime = 600000ms (custom)
2019-08-22 05:48:24,480 [pool-124-thread-1] INFO  impl.RaftServerImpl (RaftServerImpl.java:start(180)) - 9412f29a-5455-4c94-8484-b4d127531eb3: start group-2CEE3287AFF5
2019-08-22 05:48:24,480 [pool-124-thread-1] INFO  impl.RaftServerImpl (RaftServerImpl.java:setRole(171)) - 9412f29a-5455-4c94-8484-b4d127531eb3:group-2CEE3287AFF5 changes role from null to FOLLOWER at term 0 for startAsFollower
2019-08-22 05:48:24,480 [pool-124-thread-1] INFO  impl.RoleInfo (RoleInfo.java:updateAndGet(143)) - 9412f29a-5455-4c94-8484-b4d127531eb3: start FollowerState
2019-08-22 05:48:24,481 [pool-124-thread-1] INFO  util.JmxRegister (JmxRegister.java:tryRegister(44)) - Successfully registered JMX Bean with object name Ratis:service=RaftServer,group=group-2CEE3287AFF5,id=9412f29a-5455-4c94-8484-b4d127531eb3
2019-08-22 05:48:24,485 [RatisPipelineUtilsThread] INFO  pipeline.PipelineStateManager (PipelineStateManager.java:addPipeline(56)) - Created pipeline Pipeline[ Id: 62bdf454-04dd-42d5-8fdf-2cee3287aff5, Nodes: 9412f29a-5455-4c94-8484-b4d127531eb3{ip: 192.168.36.82, host: pr-hdds-2008-trunk-8dx8q-886544045, networkLocation: /default-rack, certSerialId: null}, Type:RATIS, Factor:ONE, State:OPEN]
2019-08-22 05:48:24,671 [Thread-358] INFO  ozone.MiniOzoneClusterImpl (MiniOzoneClusterImpl.java:lambda$waitForClusterToBeReady$0(142)) - Waiting for cluster to be ready. Got 2 of 3 DN Heartbeats.
2019-08-22 05:48:24,673 [IPC Server handler 7 on 37264] INFO  net.NetworkTopology (NetworkTopologyImpl.java:add(110)) - Added a new node: /default-rack/6ff0d347-68f7-4f62-b585-7859cadf9a08
2019-08-22 05:48:24,673 [IPC Server handler 7 on 37264] INFO  node.SCMNodeManager (SCMNodeManager.java:register(273)) - Registered Data node : 6ff0d347-68f7-4f62-b585-7859cadf9a08{ip: 192.168.36.82, host: pr-hdds-2008-trunk-8dx8q-886544045, networkLocation: /default-rack, certSerialId: null}
2019-08-22 05:48:24,675 | INFO  | SCMAudit | user=jenkins1000 | ip=192.168.36.82 | op=REGISTER {datanodeDetails=6ff0d347-68f7-4f62-b585-7859cadf9a08{ip: 192.168.36.82, host: pr-hdds-2008-trunk-8dx8q-886544045, networkLocation: /default-rack, certSerialId: null}} | ret=SUCCESS |  
2019-08-22 05:48:24,683 [grpc-default-executor-0] INFO  impl.RaftServerProxy (RaftServerProxy.java:addNew(89)) - 6ff0d347-68f7-4f62-b585-7859cadf9a08: addNew group-7D1E90CBEC34:[6ff0d347-68f7-4f62-b585-7859cadf9a08:192.168.36.82:41391] returns group-7D1E90CBEC34:java.util.concurrent.CompletableFuture@44c07031[Not completed]
2019-08-22 05:48:24,686 [pool-135-thread-1] INFO  impl.RaftServerImpl (RaftServerImpl.java:<init>(93)) - 6ff0d347-68f7-4f62-b585-7859cadf9a08: new RaftServerImpl for group-7D1E90CBEC34:[6ff0d347-68f7-4f62-b585-7859cadf9a08:192.168.36.82:41391] with ContainerStateMachine:uninitialized
2019-08-22 05:48:24,688 [pool-135-thread-1] INFO  server.RaftServerConfigKeys (ConfUtils.java:logGet(43)) - raft.server.rpc.timeout.min = 5s (custom)
2019-08-22 05:48:24,688 [pool-135-thread-1] INFO  server.RaftServerConfigKeys (ConfUtils.java:logGet(43)) - raft.server.rpc.timeout.max = 5200ms (custom)
2019-08-22 05:48:24,688 [pool-135-thread-1] INFO  server.RaftServerConfigKeys (ConfUtils.java:logGet(43)) - raft.server.rpcslowness.timeout = 120s (custom)
2019-08-22 05:48:24,688 [pool-135-thread-1] INFO  server.RaftServerConfigKeys (ConfUtils.java:logGet(43)) - raft.server.sleep.deviation.threshold = 300 (default)
2019-08-22 05:48:24,688 [pool-135-thread-1] INFO  server.RaftServerConfigKeys (ConfUtils.java:logGet(43)) - raft.server.log.appender.install.snapshot.enabled = false (custom)
2019-08-22 05:48:24,689 [pool-135-thread-1] INFO  impl.RaftServerImpl (ServerState.java:<init>(105)) - 6ff0d347-68f7-4f62-b585-7859cadf9a08:group-7D1E90CBEC34 ConfigurationManager, init=-1: [6ff0d347-68f7-4f62-b585-7859cadf9a08:192.168.36.82:41391], old=null, confs=<EMPTY_MAP>
2019-08-22 05:48:24,689 [pool-135-thread-1] INFO  server.RaftServerConfigKeys (ConfUtils.java:logGet(43)) - raft.server.storage.dir = [/workdir/hadoop-ozone/integration-test/target/test-dir/MiniOzoneClusterImpl-83afc318-308f-4a04-affc-403b3b38e3c7/datanode-2/data/ratis] (custom)
2019-08-22 05:48:24,689 [pool-135-thread-1] INFO  storage.RaftStorageDirectory (RaftStorageDirectory.java:analyzeStorage(246)) - The storage directory /workdir/hadoop-ozone/integration-test/target/test-dir/MiniOzoneClusterImpl-83afc318-308f-4a04-affc-403b3b38e3c7/datanode-2/data/ratis/7471f61d-27fe-40af-be32-7d1e90cbec34 does not exist. Creating ...
2019-08-22 05:48:24,720 [pool-135-thread-1] INFO  storage.RaftStorageDirectory (RaftStorageDirectory.java:tryLock(328)) - Lock on /workdir/hadoop-ozone/integration-test/target/test-dir/MiniOzoneClusterImpl-83afc318-308f-4a04-affc-403b3b38e3c7/datanode-2/data/ratis/7471f61d-27fe-40af-be32-7d1e90cbec34/in_use.lock acquired by nodename 4933@pr-hdds-2008-trunk-8dx8q-886544045
2019-08-22 05:48:24,744 [pool-135-thread-1] INFO  storage.RaftStorage (RaftStorage.java:format(72)) - Storage directory /workdir/hadoop-ozone/integration-test/target/test-dir/MiniOzoneClusterImpl-83afc318-308f-4a04-affc-403b3b38e3c7/datanode-2/data/ratis/7471f61d-27fe-40af-be32-7d1e90cbec34 has been successfully formatted.
2019-08-22 05:48:24,745 [pool-135-thread-1] INFO  ratis.ContainerStateMachine (ContainerStateMachine.java:loadSnapshot(226)) - group-7D1E90CBEC34: The snapshot info is null. Setting the last applied indexto:(t:0, i:~)
2019-08-22 05:48:24,745 [pool-135-thread-1] INFO  server.RaftServerConfigKeys (ConfUtils.java:logGet(43)) - raft.server.leader.election.timeout = 120s (custom)
2019-08-22 05:48:24,745 [pool-135-thread-1] INFO  server.RaftServerConfigKeys (ConfUtils.java:logGet(43)) - raft.server.log.use.memory = false (default)
2019-08-22 05:48:24,746 [pool-135-thread-1] INFO  server.RaftServerConfigKeys (ConfUtils.java:logGet(43)) - raft.server.log.purge.gap = 1000000 (custom)
2019-08-22 05:48:24,746 [pool-135-thread-1] INFO  server.RaftServerConfigKeys (ConfUtils.java:logGet(43)) - raft.server.log.appender.buffer.byte-limit = 33554432 (custom)
2019-08-22 05:48:24,746 [pool-135-thread-1] INFO  server.RaftServerConfigKeys (ConfUtils.java:logGet(43)) - raft.server.log.segment.size.max = 1048576 (custom)
2019-08-22 05:48:24,746 [pool-135-thread-1] INFO  server.RaftServerConfigKeys (ConfUtils.java:logGet(43)) - raft.server.log.segment.cache.num.max = 2 (custom)
2019-08-22 05:48:24,746 [pool-135-thread-1] INFO  segmented.SegmentedRaftLogWorker (SegmentedRaftLogWorker.java:<init>(172)) - new 6ff0d347-68f7-4f62-b585-7859cadf9a08-SegmentedRaftLogWorker:Storage Directory /workdir/hadoop-ozone/integration-test/target/test-dir/MiniOzoneClusterImpl-83afc318-308f-4a04-affc-403b3b38e3c7/datanode-2/data/ratis/7471f61d-27fe-40af-be32-7d1e90cbec34 for RaftStorage:Storage Directory /workdir/hadoop-ozone/integration-test/target/test-dir/MiniOzoneClusterImpl-83afc318-308f-4a04-affc-403b3b38e3c7/datanode-2/data/ratis/7471f61d-27fe-40af-be32-7d1e90cbec34
2019-08-22 05:48:24,747 [pool-135-thread-1] INFO  server.RaftServerConfigKeys (ConfUtils.java:logGet(43)) - raft.server.log.queue.byte-limit = 2147483647 (custom)
2019-08-22 05:48:24,747 [pool-135-thread-1] INFO  server.RaftServerConfigKeys (ConfUtils.java:logGet(43)) - raft.server.log.queue.element-limit = 1024 (custom)
2019-08-22 05:48:24,747 [pool-135-thread-1] INFO  server.RaftServerConfigKeys (ConfUtils.java:logGet(43)) - raft.server.log.segment.size.max = 1048576 (custom)
2019-08-22 05:48:24,748 [pool-135-thread-1] INFO  server.RaftServerConfigKeys (ConfUtils.java:logGet(43)) - raft.server.log.preallocated.size = 16384 (custom)
2019-08-22 05:48:24,748 [pool-135-thread-1] INFO  server.RaftServerConfigKeys (ConfUtils.java:logGet(43)) - raft.server.log.write.buffer.size = 33554432 (custom)
2019-08-22 05:48:24,748 [pool-135-thread-1] INFO  server.RaftServerConfigKeys (ConfUtils.java:logGet(43)) - raft.server.log.force.sync.num = 128 (default)
2019-08-22 05:48:24,748 [pool-135-thread-1] INFO  server.RaftServerConfigKeys (ConfUtils.java:logGet(43)) - raft.server.log.statemachine.data.sync = true (default)
2019-08-22 05:48:24,749 [pool-135-thread-1] INFO  server.RaftServerConfigKeys (ConfUtils.java:logGet(43)) - raft.server.log.statemachine.data.sync.timeout = 10s (default)
2019-08-22 05:48:24,749 [pool-135-thread-1] INFO  server.RaftServerConfigKeys (ConfUtils.java:logGet(43)) - raft.server.log.statemachine.data.sync.timeout.retry = -1 (default)
2019-08-22 05:48:24,749 [pool-135-thread-1] INFO  server.RaftServerConfigKeys (ConfUtils.java:logGet(43)) - raft.server.log.statemachine.data.caching.enabled = true (custom)
2019-08-22 05:48:24,750 [pool-135-thread-1] INFO  segmented.SegmentedRaftLogWorker (SegmentedRaftLogWorker.java:lambda$new$0(132)) - 6ff0d347-68f7-4f62-b585-7859cadf9a08-SegmentedRaftLogWorker:Storage Directory /workdir/hadoop-ozone/integration-test/target/test-dir/MiniOzoneClusterImpl-83afc318-308f-4a04-affc-403b3b38e3c7/datanode-2/data/ratis/7471f61d-27fe-40af-be32-7d1e90cbec34: flushIndex: setUnconditionally 0 -> -1
2019-08-22 05:48:24,750 [pool-135-thread-1] INFO  server.RaftServerConfigKeys (ConfUtils.java:logGet(43)) - raft.server.snapshot.auto.trigger.enabled = true (custom)
2019-08-22 05:48:24,751 [pool-135-thread-1] INFO  server.RaftServerConfigKeys (ConfUtils.java:logGet(43)) - raft.server.snapshot.auto.trigger.threshold = 10000 (custom)
2019-08-22 05:48:24,751 [pool-135-thread-1] INFO  server.RaftServerConfigKeys (ConfUtils.java:logGet(43)) - raft.server.retrycache.expirytime = 600000ms (custom)
2019-08-22 05:48:24,751 [pool-135-thread-1] INFO  impl.RaftServerImpl (RaftServerImpl.java:start(180)) - 6ff0d347-68f7-4f62-b585-7859cadf9a08: start group-7D1E90CBEC34
2019-08-22 05:48:24,751 [pool-135-thread-1] INFO  impl.RaftServerImpl (RaftServerImpl.java:setRole(171)) - 6ff0d347-68f7-4f62-b585-7859cadf9a08:group-7D1E90CBEC34 changes role from null to FOLLOWER at term 0 for startAsFollower
2019-08-22 05:48:24,752 [pool-135-thread-1] INFO  impl.RoleInfo (RoleInfo.java:updateAndGet(143)) - 6ff0d347-68f7-4f62-b585-7859cadf9a08: start FollowerState
2019-08-22 05:48:24,752 [pool-135-thread-1] INFO  util.JmxRegister (JmxRegister.java:tryRegister(44)) - Successfully registered JMX Bean with object name Ratis:service=RaftServer,group=group-7D1E90CBEC34,id=6ff0d347-68f7-4f62-b585-7859cadf9a08
2019-08-22 05:48:24,758 [RatisPipelineUtilsThread] INFO  pipeline.PipelineStateManager (PipelineStateManager.java:addPipeline(56)) - Created pipeline Pipeline[ Id: 7471f61d-27fe-40af-be32-7d1e90cbec34, Nodes: 6ff0d347-68f7-4f62-b585-7859cadf9a08{ip: 192.168.36.82, host: pr-hdds-2008-trunk-8dx8q-886544045, networkLocation: /default-rack, certSerialId: null}, Type:RATIS, Factor:ONE, State:OPEN]
2019-08-22 05:48:24,779 [grpc-default-executor-1] INFO  impl.RaftServerProxy (RaftServerProxy.java:addNew(89)) - 6ff0d347-68f7-4f62-b585-7859cadf9a08: addNew group-4F047C2BDA22:[6ff0d347-68f7-4f62-b585-7859cadf9a08:192.168.36.82:41391, 20ef2b05-2784-432c-b787-19ea462282b8:192.168.36.82:43454, 9412f29a-5455-4c94-8484-b4d127531eb3:192.168.36.82:35712] returns group-4F047C2BDA22:java.util.concurrent.CompletableFuture@3d3f6c73[Not completed]
2019-08-22 05:48:24,780 [grpc-default-executor-2] INFO  impl.RaftServerProxy (RaftServerProxy.java:addNew(89)) - 20ef2b05-2784-432c-b787-19ea462282b8: addNew group-4F047C2BDA22:[6ff0d347-68f7-4f62-b585-7859cadf9a08:192.168.36.82:41391, 20ef2b05-2784-432c-b787-19ea462282b8:192.168.36.82:43454, 9412f29a-5455-4c94-8484-b4d127531eb3:192.168.36.82:35712] returns group-4F047C2BDA22:java.util.concurrent.CompletableFuture@63fbfb0a[Not completed]
2019-08-22 05:48:24,781 [grpc-default-executor-1] INFO  impl.RaftServerProxy (RaftServerProxy.java:addNew(89)) - 9412f29a-5455-4c94-8484-b4d127531eb3: addNew group-4F047C2BDA22:[6ff0d347-68f7-4f62-b585-7859cadf9a08:192.168.36.82:41391, 20ef2b05-2784-432c-b787-19ea462282b8:192.168.36.82:43454, 9412f29a-5455-4c94-8484-b4d127531eb3:192.168.36.82:35712] returns group-4F047C2BDA22:java.util.concurrent.CompletableFuture@783de5b0[Not completed]
2019-08-22 05:48:24,782 [pool-135-thread-1] INFO  impl.RaftServerImpl (RaftServerImpl.java:<init>(93)) - 6ff0d347-68f7-4f62-b585-7859cadf9a08: new RaftServerImpl for group-4F047C2BDA22:[6ff0d347-68f7-4f62-b585-7859cadf9a08:192.168.36.82:41391, 20ef2b05-2784-432c-b787-19ea462282b8:192.168.36.82:43454, 9412f29a-5455-4c94-8484-b4d127531eb3:192.168.36.82:35712] with ContainerStateMachine:uninitialized
2019-08-22 05:48:24,783 [pool-135-thread-1] INFO  server.RaftServerConfigKeys (ConfUtils.java:logGet(43)) - raft.server.rpc.timeout.min = 5s (custom)
2019-08-22 05:48:24,783 [pool-135-thread-1] INFO  server.RaftServerConfigKeys (ConfUtils.java:logGet(43)) - raft.server.rpc.timeout.max = 5200ms (custom)
2019-08-22 05:48:24,783 [pool-135-thread-1] INFO  server.RaftServerConfigKeys (ConfUtils.java:logGet(43)) - raft.server.rpcslowness.timeout = 120s (custom)
2019-08-22 05:48:24,783 [pool-135-thread-1] INFO  server.RaftServerConfigKeys (ConfUtils.java:logGet(43)) - raft.server.sleep.deviation.threshold = 300 (default)
2019-08-22 05:48:24,783 [pool-135-thread-1] INFO  server.RaftServerConfigKeys (ConfUtils.java:logGet(43)) - raft.server.log.appender.install.snapshot.enabled = false (custom)
2019-08-22 05:48:24,784 [pool-135-thread-1] INFO  impl.RaftServerImpl (ServerState.java:<init>(105)) - 6ff0d347-68f7-4f62-b585-7859cadf9a08:group-4F047C2BDA22 ConfigurationManager, init=-1: [6ff0d347-68f7-4f62-b585-7859cadf9a08:192.168.36.82:41391, 20ef2b05-2784-432c-b787-19ea462282b8:192.168.36.82:43454, 9412f29a-5455-4c94-8484-b4d127531eb3:192.168.36.82:35712], old=null, confs=<EMPTY_MAP>
2019-08-22 05:48:24,784 [pool-135-thread-1] INFO  server.RaftServerConfigKeys (ConfUtils.java:logGet(43)) - raft.server.storage.dir = [/workdir/hadoop-ozone/integration-test/target/test-dir/MiniOzoneClusterImpl-83afc318-308f-4a04-affc-403b3b38e3c7/datanode-2/data/ratis] (custom)
2019-08-22 05:48:24,785 [pool-113-thread-1] INFO  impl.RaftServerImpl (RaftServerImpl.java:<init>(93)) - 20ef2b05-2784-432c-b787-19ea462282b8: new RaftServerImpl for group-4F047C2BDA22:[6ff0d347-68f7-4f62-b585-7859cadf9a08:192.168.36.82:41391, 20ef2b05-2784-432c-b787-19ea462282b8:192.168.36.82:43454, 9412f29a-5455-4c94-8484-b4d127531eb3:192.168.36.82:35712] with ContainerStateMachine:uninitialized
2019-08-22 05:48:24,785 [pool-135-thread-1] INFO  storage.RaftStorageDirectory (RaftStorageDirectory.java:analyzeStorage(246)) - The storage directory /workdir/hadoop-ozone/integration-test/target/test-dir/MiniOzoneClusterImpl-83afc318-308f-4a04-affc-403b3b38e3c7/datanode-2/data/ratis/1f0afbc0-ecdc-409f-a7aa-4f047c2bda22 does not exist. Creating ...
2019-08-22 05:48:24,785 [pool-113-thread-1] INFO  server.RaftServerConfigKeys (ConfUtils.java:logGet(43)) - raft.server.rpc.timeout.min = 5s (custom)
2019-08-22 05:48:24,785 [pool-113-thread-1] INFO  server.RaftServerConfigKeys (ConfUtils.java:logGet(43)) - raft.server.rpc.timeout.max = 5200ms (custom)
2019-08-22 05:48:24,786 [pool-113-thread-1] INFO  server.RaftServerConfigKeys (ConfUtils.java:logGet(43)) - raft.server.rpcslowness.timeout = 120s (custom)
2019-08-22 05:48:24,786 [pool-113-thread-1] INFO  server.RaftServerConfigKeys (ConfUtils.java:logGet(43)) - raft.server.sleep.deviation.threshold = 300 (default)
2019-08-22 05:48:24,786 [pool-124-thread-1] INFO  impl.RaftServerImpl (RaftServerImpl.java:<init>(93)) - 9412f29a-5455-4c94-8484-b4d127531eb3: new RaftServerImpl for group-4F047C2BDA22:[6ff0d347-68f7-4f62-b585-7859cadf9a08:192.168.36.82:41391, 20ef2b05-2784-432c-b787-19ea462282b8:192.168.36.82:43454, 9412f29a-5455-4c94-8484-b4d127531eb3:192.168.36.82:35712] with ContainerStateMachine:uninitialized
2019-08-22 05:48:24,786 [pool-113-thread-1] INFO  server.RaftServerConfigKeys (ConfUtils.java:logGet(43)) - raft.server.log.appender.install.snapshot.enabled = false (custom)
2019-08-22 05:48:24,787 [pool-124-thread-1] INFO  server.RaftServerConfigKeys (ConfUtils.java:logGet(43)) - raft.server.rpc.timeout.min = 5s (custom)
2019-08-22 05:48:24,787 [pool-113-thread-1] INFO  impl.RaftServerImpl (ServerState.java:<init>(105)) - 20ef2b05-2784-432c-b787-19ea462282b8:group-4F047C2BDA22 ConfigurationManager, init=-1: [6ff0d347-68f7-4f62-b585-7859cadf9a08:192.168.36.82:41391, 20ef2b05-2784-432c-b787-19ea462282b8:192.168.36.82:43454, 9412f29a-5455-4c94-8484-b4d127531eb3:192.168.36.82:35712], old=null, confs=<EMPTY_MAP>
2019-08-22 05:48:24,787 [pool-124-thread-1] INFO  server.RaftServerConfigKeys (ConfUtils.java:logGet(43)) - raft.server.rpc.timeout.max = 5200ms (custom)
2019-08-22 05:48:24,787 [pool-113-thread-1] INFO  server.RaftServerConfigKeys (ConfUtils.java:logGet(43)) - raft.server.storage.dir = [/workdir/hadoop-ozone/integration-test/target/test-dir/MiniOzoneClusterImpl-83afc318-308f-4a04-affc-403b3b38e3c7/datanode-0/data/ratis] (custom)
2019-08-22 05:48:24,787 [pool-124-thread-1] INFO  server.RaftServerConfigKeys (ConfUtils.java:logGet(43)) - raft.server.rpcslowness.timeout = 120s (custom)
2019-08-22 05:48:24,788 [pool-124-thread-1] INFO  server.RaftServerConfigKeys (ConfUtils.java:logGet(43)) - raft.server.sleep.deviation.threshold = 300 (default)
2019-08-22 05:48:24,788 [pool-113-thread-1] INFO  storage.RaftStorageDirectory (RaftStorageDirectory.java:analyzeStorage(246)) - The storage directory /workdir/hadoop-ozone/integration-test/target/test-dir/MiniOzoneClusterImpl-83afc318-308f-4a04-affc-403b3b38e3c7/datanode-0/data/ratis/1f0afbc0-ecdc-409f-a7aa-4f047c2bda22 does not exist. Creating ...
2019-08-22 05:48:24,788 [pool-124-thread-1] INFO  server.RaftServerConfigKeys (ConfUtils.java:logGet(43)) - raft.server.log.appender.install.snapshot.enabled = false (custom)
2019-08-22 05:48:24,788 [pool-124-thread-1] INFO  impl.RaftServerImpl (ServerState.java:<init>(105)) - 9412f29a-5455-4c94-8484-b4d127531eb3:group-4F047C2BDA22 ConfigurationManager, init=-1: [6ff0d347-68f7-4f62-b585-7859cadf9a08:192.168.36.82:41391, 20ef2b05-2784-432c-b787-19ea462282b8:192.168.36.82:43454, 9412f29a-5455-4c94-8484-b4d127531eb3:192.168.36.82:35712], old=null, confs=<EMPTY_MAP>
2019-08-22 05:48:24,788 [pool-124-thread-1] INFO  server.RaftServerConfigKeys (ConfUtils.java:logGet(43)) - raft.server.storage.dir = [/workdir/hadoop-ozone/integration-test/target/test-dir/MiniOzoneClusterImpl-83afc318-308f-4a04-affc-403b3b38e3c7/datanode-1/data/ratis] (custom)
2019-08-22 05:48:24,789 [pool-124-thread-1] INFO  storage.RaftStorageDirectory (RaftStorageDirectory.java:analyzeStorage(246)) - The storage directory /workdir/hadoop-ozone/integration-test/target/test-dir/MiniOzoneClusterImpl-83afc318-308f-4a04-affc-403b3b38e3c7/datanode-1/data/ratis/1f0afbc0-ecdc-409f-a7aa-4f047c2bda22 does not exist. Creating ...
2019-08-22 05:48:24,808 [pool-124-thread-1] INFO  storage.RaftStorageDirectory (RaftStorageDirectory.java:tryLock(328)) - Lock on /workdir/hadoop-ozone/integration-test/target/test-dir/MiniOzoneClusterImpl-83afc318-308f-4a04-affc-403b3b38e3c7/datanode-1/data/ratis/1f0afbc0-ecdc-409f-a7aa-4f047c2bda22/in_use.lock acquired by nodename 4933@pr-hdds-2008-trunk-8dx8q-886544045
2019-08-22 05:48:24,808 [pool-113-thread-1] INFO  storage.RaftStorageDirectory (RaftStorageDirectory.java:tryLock(328)) - Lock on /workdir/hadoop-ozone/integration-test/target/test-dir/MiniOzoneClusterImpl-83afc318-308f-4a04-affc-403b3b38e3c7/datanode-0/data/ratis/1f0afbc0-ecdc-409f-a7aa-4f047c2bda22/in_use.lock acquired by nodename 4933@pr-hdds-2008-trunk-8dx8q-886544045
2019-08-22 05:48:24,808 [pool-135-thread-1] INFO  storage.RaftStorageDirectory (RaftStorageDirectory.java:tryLock(328)) - Lock on /workdir/hadoop-ozone/integration-test/target/test-dir/MiniOzoneClusterImpl-83afc318-308f-4a04-affc-403b3b38e3c7/datanode-2/data/ratis/1f0afbc0-ecdc-409f-a7aa-4f047c2bda22/in_use.lock acquired by nodename 4933@pr-hdds-2008-trunk-8dx8q-886544045
2019-08-22 05:48:24,832 [pool-124-thread-1] INFO  storage.RaftStorage (RaftStorage.java:format(72)) - Storage directory /workdir/hadoop-ozone/integration-test/target/test-dir/MiniOzoneClusterImpl-83afc318-308f-4a04-affc-403b3b38e3c7/datanode-1/data/ratis/1f0afbc0-ecdc-409f-a7aa-4f047c2bda22 has been successfully formatted.
2019-08-22 05:48:24,832 [pool-135-thread-1] INFO  storage.RaftStorage (RaftStorage.java:format(72)) - Storage directory /workdir/hadoop-ozone/integration-test/target/test-dir/MiniOzoneClusterImpl-83afc318-308f-4a04-affc-403b3b38e3c7/datanode-2/data/ratis/1f0afbc0-ecdc-409f-a7aa-4f047c2bda22 has been successfully formatted.
2019-08-22 05:48:24,832 [pool-113-thread-1] INFO  storage.RaftStorage (RaftStorage.java:format(72)) - Storage directory /workdir/hadoop-ozone/integration-test/target/test-dir/MiniOzoneClusterImpl-83afc318-308f-4a04-affc-403b3b38e3c7/datanode-0/data/ratis/1f0afbc0-ecdc-409f-a7aa-4f047c2bda22 has been successfully formatted.
2019-08-22 05:48:24,832 [pool-124-thread-1] INFO  ratis.ContainerStateMachine (ContainerStateMachine.java:loadSnapshot(226)) - group-4F047C2BDA22: The snapshot info is null. Setting the last applied indexto:(t:0, i:~)
2019-08-22 05:48:24,833 [pool-135-thread-1] INFO  ratis.ContainerStateMachine (ContainerStateMachine.java:loadSnapshot(226)) - group-4F047C2BDA22: The snapshot info is null. Setting the last applied indexto:(t:0, i:~)
2019-08-22 05:48:24,833 [pool-124-thread-1] INFO  server.RaftServerConfigKeys (ConfUtils.java:logGet(43)) - raft.server.leader.election.timeout = 120s (custom)
2019-08-22 05:48:24,833 [pool-113-thread-1] INFO  ratis.ContainerStateMachine (ContainerStateMachine.java:loadSnapshot(226)) - group-4F047C2BDA22: The snapshot info is null. Setting the last applied indexto:(t:0, i:~)
2019-08-22 05:48:24,833 [pool-124-thread-1] INFO  server.RaftServerConfigKeys (ConfUtils.java:logGet(43)) - raft.server.log.use.memory = false (default)
2019-08-22 05:48:24,833 [pool-135-thread-1] INFO  server.RaftServerConfigKeys (ConfUtils.java:logGet(43)) - raft.server.leader.election.timeout = 120s (custom)
2019-08-22 05:48:24,834 [pool-124-thread-1] INFO  server.RaftServerConfigKeys (ConfUtils.java:logGet(43)) - raft.server.log.purge.gap = 1000000 (custom)
2019-08-22 05:48:24,833 [pool-113-thread-1] INFO  server.RaftServerConfigKeys (ConfUtils.java:logGet(43)) - raft.server.leader.election.timeout = 120s (custom)
2019-08-22 05:48:24,834 [pool-124-thread-1] INFO  server.RaftServerConfigKeys (ConfUtils.java:logGet(43)) - raft.server.log.appender.buffer.byte-limit = 33554432 (custom)
2019-08-22 05:48:24,834 [pool-135-thread-1] INFO  server.RaftServerConfigKeys (ConfUtils.java:logGet(43)) - raft.server.log.use.memory = false (default)
2019-08-22 05:48:24,835 [pool-124-thread-1] INFO  server.RaftServerConfigKeys (ConfUtils.java:logGet(43)) - raft.server.log.segment.size.max = 1048576 (custom)
2019-08-22 05:48:24,834 [pool-113-thread-1] INFO  server.RaftServerConfigKeys (ConfUtils.java:logGet(43)) - raft.server.log.use.memory = false (default)
2019-08-22 05:48:24,835 [pool-124-thread-1] INFO  server.RaftServerConfigKeys (ConfUtils.java:logGet(43)) - raft.server.log.segment.cache.num.max = 2 (custom)
2019-08-22 05:48:24,835 [pool-135-thread-1] INFO  server.RaftServerConfigKeys (ConfUtils.java:logGet(43)) - raft.server.log.purge.gap = 1000000 (custom)
2019-08-22 05:48:24,835 [pool-124-thread-1] INFO  segmented.SegmentedRaftLogWorker (SegmentedRaftLogWorker.java:<init>(172)) - new 9412f29a-5455-4c94-8484-b4d127531eb3-SegmentedRaftLogWorker:Storage Directory /workdir/hadoop-ozone/integration-test/target/test-dir/MiniOzoneClusterImpl-83afc318-308f-4a04-affc-403b3b38e3c7/datanode-1/data/ratis/1f0afbc0-ecdc-409f-a7aa-4f047c2bda22 for RaftStorage:Storage Directory /workdir/hadoop-ozone/integration-test/target/test-dir/MiniOzoneClusterImpl-83afc318-308f-4a04-affc-403b3b38e3c7/datanode-1/data/ratis/1f0afbc0-ecdc-409f-a7aa-4f047c2bda22
2019-08-22 05:48:24,835 [pool-113-thread-1] INFO  server.RaftServerConfigKeys (ConfUtils.java:logGet(43)) - raft.server.log.purge.gap = 1000000 (custom)
2019-08-22 05:48:24,836 [pool-124-thread-1] INFO  server.RaftServerConfigKeys (ConfUtils.java:logGet(43)) - raft.server.log.queue.byte-limit = 2147483647 (custom)
2019-08-22 05:48:24,836 [pool-135-thread-1] INFO  server.RaftServerConfigKeys (ConfUtils.java:logGet(43)) - raft.server.log.appender.buffer.byte-limit = 33554432 (custom)
2019-08-22 05:48:24,836 [pool-124-thread-1] INFO  server.RaftServerConfigKeys (ConfUtils.java:logGet(43)) - raft.server.log.queue.element-limit = 1024 (custom)
2019-08-22 05:48:24,836 [pool-113-thread-1] INFO  server.RaftServerConfigKeys (ConfUtils.java:logGet(43)) - raft.server.log.appender.buffer.byte-limit = 33554432 (custom)
2019-08-22 05:48:24,837 [pool-124-thread-1] INFO  server.RaftServerConfigKeys (ConfUtils.java:logGet(43)) - raft.server.log.segment.size.max = 1048576 (custom)
2019-08-22 05:48:24,836 [pool-135-thread-1] INFO  server.RaftServerConfigKeys (ConfUtils.java:logGet(43)) - raft.server.log.segment.size.max = 1048576 (custom)
2019-08-22 05:48:24,837 [pool-124-thread-1] INFO  server.RaftServerConfigKeys (ConfUtils.java:logGet(43)) - raft.server.log.preallocated.size = 16384 (custom)
2019-08-22 05:48:24,837 [pool-113-thread-1] INFO  server.RaftServerConfigKeys (ConfUtils.java:logGet(43)) - raft.server.log.segment.size.max = 1048576 (custom)
2019-08-22 05:48:24,838 [pool-124-thread-1] INFO  server.RaftServerConfigKeys (ConfUtils.java:logGet(43)) - raft.server.log.write.buffer.size = 33554432 (custom)
2019-08-22 05:48:24,837 [pool-135-thread-1] INFO  server.RaftServerConfigKeys (ConfUtils.java:logGet(43)) - raft.server.log.segment.cache.num.max = 2 (custom)
2019-08-22 05:48:24,838 [pool-124-thread-1] INFO  server.RaftServerConfigKeys (ConfUtils.java:logGet(43)) - raft.server.log.force.sync.num = 128 (default)
2019-08-22 05:48:24,838 [pool-113-thread-1] INFO  server.RaftServerConfigKeys (ConfUtils.java:logGet(43)) - raft.server.log.segment.cache.num.max = 2 (custom)
2019-08-22 05:48:24,838 [pool-124-thread-1] INFO  server.RaftServerConfigKeys (ConfUtils.java:logGet(43)) - raft.server.log.statemachine.data.sync = true (default)
2019-08-22 05:48:24,838 [pool-135-thread-1] INFO  segmented.SegmentedRaftLogWorker (SegmentedRaftLogWorker.java:<init>(172)) - new 6ff0d347-68f7-4f62-b585-7859cadf9a08-SegmentedRaftLogWorker:Storage Directory /workdir/hadoop-ozone/integration-test/target/test-dir/MiniOzoneClusterImpl-83afc318-308f-4a04-affc-403b3b38e3c7/datanode-2/data/ratis/1f0afbc0-ecdc-409f-a7aa-4f047c2bda22 for RaftStorage:Storage Directory /workdir/hadoop-ozone/integration-test/target/test-dir/MiniOzoneClusterImpl-83afc318-308f-4a04-affc-403b3b38e3c7/datanode-2/data/ratis/1f0afbc0-ecdc-409f-a7aa-4f047c2bda22
2019-08-22 05:48:24,839 [pool-124-thread-1] INFO  server.RaftServerConfigKeys (ConfUtils.java:logGet(43)) - raft.server.log.statemachine.data.sync.timeout = 10s (default)
2019-08-22 05:48:24,839 [pool-113-thread-1] INFO  segmented.SegmentedRaftLogWorker (SegmentedRaftLogWorker.java:<init>(172)) - new 20ef2b05-2784-432c-b787-19ea462282b8-SegmentedRaftLogWorker:Storage Directory /workdir/hadoop-ozone/integration-test/target/test-dir/MiniOzoneClusterImpl-83afc318-308f-4a04-affc-403b3b38e3c7/datanode-0/data/ratis/1f0afbc0-ecdc-409f-a7aa-4f047c2bda22 for RaftStorage:Storage Directory /workdir/hadoop-ozone/integration-test/target/test-dir/MiniOzoneClusterImpl-83afc318-308f-4a04-affc-403b3b38e3c7/datanode-0/data/ratis/1f0afbc0-ecdc-409f-a7aa-4f047c2bda22
2019-08-22 05:48:24,839 [pool-124-thread-1] INFO  server.RaftServerConfigKeys (ConfUtils.java:logGet(43)) - raft.server.log.statemachine.data.sync.timeout.retry = -1 (default)
2019-08-22 05:48:24,839 [pool-135-thread-1] INFO  server.RaftServerConfigKeys (ConfUtils.java:logGet(43)) - raft.server.log.queue.byte-limit = 2147483647 (custom)
2019-08-22 05:48:24,840 [pool-124-thread-1] INFO  server.RaftServerConfigKeys (ConfUtils.java:logGet(43)) - raft.server.log.statemachine.data.caching.enabled = true (custom)
2019-08-22 05:48:24,840 [pool-113-thread-1] INFO  server.RaftServerConfigKeys (ConfUtils.java:logGet(43)) - raft.server.log.queue.byte-limit = 2147483647 (custom)
2019-08-22 05:48:24,841 [pool-124-thread-1] INFO  segmented.SegmentedRaftLogWorker (SegmentedRaftLogWorker.java:lambda$new$0(132)) - 9412f29a-5455-4c94-8484-b4d127531eb3-SegmentedRaftLogWorker:Storage Directory /workdir/hadoop-ozone/integration-test/target/test-dir/MiniOzoneClusterImpl-83afc318-308f-4a04-affc-403b3b38e3c7/datanode-1/data/ratis/1f0afbc0-ecdc-409f-a7aa-4f047c2bda22: flushIndex: setUnconditionally 0 -> -1
2019-08-22 05:48:24,840 [pool-135-thread-1] INFO  server.RaftServerConfigKeys (ConfUtils.java:logGet(43)) - raft.server.log.queue.element-limit = 1024 (custom)
2019-08-22 05:48:24,841 [pool-113-thread-1] INFO  server.RaftServerConfigKeys (ConfUtils.java:logGet(43)) - raft.server.log.queue.element-limit = 1024 (custom)
2019-08-22 05:48:24,841 [pool-135-thread-1] INFO  server.RaftServerConfigKeys (ConfUtils.java:logGet(43)) - raft.server.log.segment.size.max = 1048576 (custom)
2019-08-22 05:48:24,841 [pool-124-thread-1] INFO  server.RaftServerConfigKeys (ConfUtils.java:logGet(43)) - raft.server.snapshot.auto.trigger.enabled = true (custom)
2019-08-22 05:48:24,842 [pool-135-thread-1] INFO  server.RaftServerConfigKeys (ConfUtils.java:logGet(43)) - raft.server.log.preallocated.size = 16384 (custom)
2019-08-22 05:48:24,841 [pool-113-thread-1] INFO  server.RaftServerConfigKeys (ConfUtils.java:logGet(43)) - raft.server.log.segment.size.max = 1048576 (custom)
2019-08-22 05:48:24,842 [pool-135-thread-1] INFO  server.RaftServerConfigKeys (ConfUtils.java:logGet(43)) - raft.server.log.write.buffer.size = 33554432 (custom)
2019-08-22 05:48:24,842 [pool-124-thread-1] INFO  server.RaftServerConfigKeys (ConfUtils.java:logGet(43)) - raft.server.snapshot.auto.trigger.threshold = 10000 (custom)
2019-08-22 05:48:24,842 [pool-135-thread-1] INFO  server.RaftServerConfigKeys (ConfUtils.java:logGet(43)) - raft.server.log.force.sync.num = 128 (default)
2019-08-22 05:48:24,843 [pool-124-thread-1] INFO  server.RaftServerConfigKeys (ConfUtils.java:logGet(43)) - raft.server.retrycache.expirytime = 600000ms (custom)
2019-08-22 05:48:24,842 [pool-113-thread-1] INFO  server.RaftServerConfigKeys (ConfUtils.java:logGet(43)) - raft.server.log.preallocated.size = 16384 (custom)
2019-08-22 05:48:24,843 [pool-124-thread-1] INFO  impl.RaftServerImpl (RaftServerImpl.java:start(180)) - 9412f29a-5455-4c94-8484-b4d127531eb3: start group-4F047C2BDA22
2019-08-22 05:48:24,843 [pool-113-thread-1] INFO  server.RaftServerConfigKeys (ConfUtils.java:logGet(43)) - raft.server.log.write.buffer.size = 33554432 (custom)
2019-08-22 05:48:24,843 [pool-135-thread-1] INFO  server.RaftServerConfigKeys (ConfUtils.java:logGet(43)) - raft.server.log.statemachine.data.sync = true (default)
2019-08-22 05:48:24,844 [pool-113-thread-1] INFO  server.RaftServerConfigKeys (ConfUtils.java:logGet(43)) - raft.server.log.force.sync.num = 128 (default)
2019-08-22 05:48:24,843 [pool-124-thread-1] INFO  impl.RaftServerImpl (RaftServerImpl.java:setRole(171)) - 9412f29a-5455-4c94-8484-b4d127531eb3:group-4F047C2BDA22 changes role from null to FOLLOWER at term 0 for startAsFollower
2019-08-22 05:48:24,844 [pool-113-thread-1] INFO  server.RaftServerConfigKeys (ConfUtils.java:logGet(43)) - raft.server.log.statemachine.data.sync = true (default)
2019-08-22 05:48:24,844 [pool-135-thread-1] INFO  server.RaftServerConfigKeys (ConfUtils.java:logGet(43)) - raft.server.log.statemachine.data.sync.timeout = 10s (default)
2019-08-22 05:48:24,844 [pool-113-thread-1] INFO  server.RaftServerConfigKeys (ConfUtils.java:logGet(43)) - raft.server.log.statemachine.data.sync.timeout = 10s (default)
2019-08-22 05:48:24,844 [pool-124-thread-1] INFO  impl.RoleInfo (RoleInfo.java:updateAndGet(143)) - 9412f29a-5455-4c94-8484-b4d127531eb3: start FollowerState
2019-08-22 05:48:24,845 [pool-113-thread-1] INFO  server.RaftServerConfigKeys (ConfUtils.java:logGet(43)) - raft.server.log.statemachine.data.sync.timeout.retry = -1 (default)
2019-08-22 05:48:24,845 [pool-135-thread-1] INFO  server.RaftServerConfigKeys (ConfUtils.java:logGet(43)) - raft.server.log.statemachine.data.sync.timeout.retry = -1 (default)
2019-08-22 05:48:24,845 [pool-124-thread-1] INFO  util.JmxRegister (JmxRegister.java:tryRegister(44)) - Successfully registered JMX Bean with object name Ratis:service=RaftServer,group=group-4F047C2BDA22,id=9412f29a-5455-4c94-8484-b4d127531eb3
2019-08-22 05:48:24,845 [pool-113-thread-1] INFO  server.RaftServerConfigKeys (ConfUtils.java:logGet(43)) - raft.server.log.statemachine.data.caching.enabled = true (custom)
2019-08-22 05:48:24,846 [pool-135-thread-1] INFO  server.RaftServerConfigKeys (ConfUtils.java:logGet(43)) - raft.server.log.statemachine.data.caching.enabled = true (custom)
2019-08-22 05:48:24,846 [pool-113-thread-1] INFO  segmented.SegmentedRaftLogWorker (SegmentedRaftLogWorker.java:lambda$new$0(132)) - 20ef2b05-2784-432c-b787-19ea462282b8-SegmentedRaftLogWorker:Storage Directory /workdir/hadoop-ozone/integration-test/target/test-dir/MiniOzoneClusterImpl-83afc318-308f-4a04-affc-403b3b38e3c7/datanode-0/data/ratis/1f0afbc0-ecdc-409f-a7aa-4f047c2bda22: flushIndex: setUnconditionally 0 -> -1
2019-08-22 05:48:24,846 [pool-135-thread-1] INFO  segmented.SegmentedRaftLogWorker (SegmentedRaftLogWorker.java:lambda$new$0(132)) - 6ff0d347-68f7-4f62-b585-7859cadf9a08-SegmentedRaftLogWorker:Storage Directory /workdir/hadoop-ozone/integration-test/target/test-dir/MiniOzoneClusterImpl-83afc318-308f-4a04-affc-403b3b38e3c7/datanode-2/data/ratis/1f0afbc0-ecdc-409f-a7aa-4f047c2bda22: flushIndex: setUnconditionally 0 -> -1
2019-08-22 05:48:24,847 [pool-113-thread-1] INFO  server.RaftServerConfigKeys (ConfUtils.java:logGet(43)) - raft.server.snapshot.auto.trigger.enabled = true (custom)
2019-08-22 05:48:24,847 [pool-135-thread-1] INFO  server.RaftServerConfigKeys (ConfUtils.java:logGet(43)) - raft.server.snapshot.auto.trigger.enabled = true (custom)
2019-08-22 05:48:24,847 [pool-113-thread-1] INFO  server.RaftServerConfigKeys (ConfUtils.java:logGet(43)) - raft.server.snapshot.auto.trigger.threshold = 10000 (custom)
2019-08-22 05:48:24,847 [pool-135-thread-1] INFO  server.RaftServerConfigKeys (ConfUtils.java:logGet(43)) - raft.server.snapshot.auto.trigger.threshold = 10000 (custom)
2019-08-22 05:48:24,848 [pool-113-thread-1] INFO  server.RaftServerConfigKeys (ConfUtils.java:logGet(43)) - raft.server.retrycache.expirytime = 600000ms (custom)
2019-08-22 05:48:24,848 [pool-135-thread-1] INFO  server.RaftServerConfigKeys (ConfUtils.java:logGet(43)) - raft.server.retrycache.expirytime = 600000ms (custom)
2019-08-22 05:48:24,850 [pool-113-thread-1] INFO  impl.RaftServerImpl (RaftServerImpl.java:start(180)) - 20ef2b05-2784-432c-b787-19ea462282b8: start group-4F047C2BDA22
2019-08-22 05:48:24,850 [pool-135-thread-1] INFO  impl.RaftServerImpl (RaftServerImpl.java:start(180)) - 6ff0d347-68f7-4f62-b585-7859cadf9a08: start group-4F047C2BDA22
2019-08-22 05:48:24,850 [pool-113-thread-1] INFO  impl.RaftServerImpl (RaftServerImpl.java:setRole(171)) - 20ef2b05-2784-432c-b787-19ea462282b8:group-4F047C2BDA22 changes role from null to FOLLOWER at term 0 for startAsFollower
2019-08-22 05:48:24,850 [pool-135-thread-1] INFO  impl.RaftServerImpl (RaftServerImpl.java:setRole(171)) - 6ff0d347-68f7-4f62-b585-7859cadf9a08:group-4F047C2BDA22 changes role from null to FOLLOWER at term 0 for startAsFollower
2019-08-22 05:48:24,851 [pool-113-thread-1] INFO  impl.RoleInfo (RoleInfo.java:updateAndGet(143)) - 20ef2b05-2784-432c-b787-19ea462282b8: start FollowerState
2019-08-22 05:48:24,851 [pool-135-thread-1] INFO  impl.RoleInfo (RoleInfo.java:updateAndGet(143)) - 6ff0d347-68f7-4f62-b585-7859cadf9a08: start FollowerState
2019-08-22 05:48:24,852 [pool-113-thread-1] INFO  util.JmxRegister (JmxRegister.java:tryRegister(44)) - Successfully registered JMX Bean with object name Ratis:service=RaftServer,group=group-4F047C2BDA22,id=20ef2b05-2784-432c-b787-19ea462282b8
2019-08-22 05:48:24,852 [pool-135-thread-1] INFO  util.JmxRegister (JmxRegister.java:tryRegister(44)) - Successfully registered JMX Bean with object name Ratis:service=RaftServer,group=group-4F047C2BDA22,id=6ff0d347-68f7-4f62-b585-7859cadf9a08
2019-08-22 05:48:24,861 [RatisPipelineUtilsThread] INFO  pipeline.PipelineStateManager (PipelineStateManager.java:addPipeline(56)) - Created pipeline Pipeline[ Id: 1f0afbc0-ecdc-409f-a7aa-4f047c2bda22, Nodes: 20ef2b05-2784-432c-b787-19ea462282b8{ip: 192.168.36.82, host: pr-hdds-2008-trunk-8dx8q-886544045, networkLocation: /default-rack, certSerialId: null}6ff0d347-68f7-4f62-b585-7859cadf9a08{ip: 192.168.36.82, host: pr-hdds-2008-trunk-8dx8q-886544045, networkLocation: /default-rack, certSerialId: null}9412f29a-5455-4c94-8484-b4d127531eb3{ip: 192.168.36.82, host: pr-hdds-2008-trunk-8dx8q-886544045, networkLocation: /default-rack, certSerialId: null}, Type:RATIS, Factor:THREE, State:OPEN]
2019-08-22 05:48:25,672 [Thread-358] INFO  ozone.MiniOzoneClusterImpl (MiniOzoneClusterImpl.java:lambda$waitForClusterToBeReady$0(142)) - Cluster is ready. Got 3 of 3 DN Heartbeats.
2019-08-22 05:48:25,673 [Thread-358] INFO  datanode.ObjectStoreHandler (ObjectStoreHandler.java:close(155)) - Closing ObjectStoreHandler.
2019-08-22 05:48:25,674 [Thread-358] INFO  ozone.HddsDatanodeService (HddsDatanodeService.java:stop(451)) - Stopped plug-in org.apache.hadoop.ozone.web.OzoneHddsDatanodeService@2f4a5cde
2019-08-22 05:48:26,149 [Datanode State Machine Thread - 0] INFO  statemachine.DatanodeStateMachine (DatanodeStateMachine.java:lambda$startDaemon$0(350)) - Ozone container server started.
2019-08-22 05:48:26,409 | INFO  | SCMAudit | user=jenkins1000 | ip=192.168.36.82 | op=SEND_HEARTBEAT {datanodeUUID=9412f29a-5455-4c94-8484-b4d127531eb3, command=[]} | ret=SUCCESS |  
2019-08-22 05:48:26,671 | INFO  | SCMAudit | user=jenkins1000 | ip=192.168.36.82 | op=SEND_HEARTBEAT {datanodeUUID=6ff0d347-68f7-4f62-b585-7859cadf9a08, command=[]} | ret=SUCCESS |  
2019-08-22 05:48:27,170 [Thread-530] INFO  container.ReplicationManager (ReplicationManager.java:start(152)) - Starting Replication Monitor Thread.
2019-08-22 05:48:27,173 [ReplicationMonitor] INFO  container.ReplicationManager (ReplicationManager.java:run(215)) - Replication Monitor Thread took 0 milliseconds for processing 0 containers.
2019-08-22 05:48:27,409 | INFO  | SCMAudit | user=jenkins1000 | ip=192.168.36.82 | op=SEND_HEARTBEAT {datanodeUUID=9412f29a-5455-4c94-8484-b4d127531eb3, command=[]} | ret=SUCCESS |  
2019-08-22 05:48:27,671 | INFO  | SCMAudit | user=jenkins1000 | ip=192.168.36.82 | op=SEND_HEARTBEAT {datanodeUUID=6ff0d347-68f7-4f62-b585-7859cadf9a08, command=[]} | ret=SUCCESS |  
2019-08-22 05:48:28,410 | INFO  | SCMAudit | user=jenkins1000 | ip=192.168.36.82 | op=SEND_HEARTBEAT {datanodeUUID=9412f29a-5455-4c94-8484-b4d127531eb3, command=[]} | ret=SUCCESS |  
2019-08-22 05:48:28,672 | INFO  | SCMAudit | user=jenkins1000 | ip=192.168.36.82 | op=SEND_HEARTBEAT {datanodeUUID=6ff0d347-68f7-4f62-b585-7859cadf9a08, command=[]} | ret=SUCCESS |  
2019-08-22 05:48:29,377 [Thread-532] INFO  impl.FollowerState (FollowerState.java:run(106)) - 20ef2b05-2784-432c-b787-19ea462282b8:group-7AE651877809 changes to CANDIDATE, lastRpcTime:5131, electionTimeout:5131ms
2019-08-22 05:48:29,377 [Thread-532] INFO  impl.RoleInfo (RoleInfo.java:shutdownFollowerState(121)) - 20ef2b05-2784-432c-b787-19ea462282b8: shutdown FollowerState
2019-08-22 05:48:29,378 [Thread-532] INFO  impl.RaftServerImpl (RaftServerImpl.java:setRole(171)) - 20ef2b05-2784-432c-b787-19ea462282b8:group-7AE651877809 changes role from FOLLOWER to CANDIDATE at term 0 for changeToCandidate
2019-08-22 05:48:29,378 [Thread-532] INFO  impl.RoleInfo (RoleInfo.java:updateAndGet(143)) - 20ef2b05-2784-432c-b787-19ea462282b8: start LeaderElection
2019-08-22 05:48:29,399 [20ef2b05-2784-432c-b787-19ea462282b8:group-7AE651877809:LeaderElection15] INFO  impl.LeaderElection (LeaderElection.java:askForVotes(181)) - 20ef2b05-2784-432c-b787-19ea462282b8:group-7AE651877809:LeaderElection15: begin an election at term 1 for -1: [20ef2b05-2784-432c-b787-19ea462282b8:192.168.36.82:43454], old=null
2019-08-22 05:48:29,400 [20ef2b05-2784-432c-b787-19ea462282b8:group-7AE651877809:LeaderElection15] INFO  impl.RoleInfo (RoleInfo.java:shutdownLeaderElection(134)) - 20ef2b05-2784-432c-b787-19ea462282b8: shutdown LeaderElection
2019-08-22 05:48:29,400 [20ef2b05-2784-432c-b787-19ea462282b8:group-7AE651877809:LeaderElection15] INFO  impl.RaftServerImpl (RaftServerImpl.java:setRole(171)) - 20ef2b05-2784-432c-b787-19ea462282b8:group-7AE651877809 changes role from CANDIDATE to LEADER at term 1 for changeToLeader
2019-08-22 05:48:29,400 [20ef2b05-2784-432c-b787-19ea462282b8:group-7AE651877809:LeaderElection15] INFO  impl.RaftServerImpl (ServerState.java:setLeader(263)) - 20ef2b05-2784-432c-b787-19ea462282b8:group-7AE651877809 change Leader from null to 20ef2b05-2784-432c-b787-19ea462282b8 at term 1 for becomeLeader, leader elected after 5161ms
2019-08-22 05:48:29,400 [20ef2b05-2784-432c-b787-19ea462282b8:group-7AE651877809:LeaderElection15] INFO  server.RaftServerConfigKeys (ConfUtils.java:logGet(43)) - raft.server.staging.catchup.gap = 1000 (default)
2019-08-22 05:48:29,400 [20ef2b05-2784-432c-b787-19ea462282b8:group-7AE651877809:LeaderElection15] INFO  server.RaftServerConfigKeys (ConfUtils.java:logGet(43)) - raft.server.rpc.sleep.time = 25ms (default)
2019-08-22 05:48:29,401 [20ef2b05-2784-432c-b787-19ea462282b8:group-7AE651877809:LeaderElection15] INFO  server.RaftServerConfigKeys (ConfUtils.java:logGet(43)) - raft.server.write.element-limit = 4096 (default)
2019-08-22 05:48:29,401 [20ef2b05-2784-432c-b787-19ea462282b8:group-7AE651877809:LeaderElection15] INFO  server.RaftServerConfigKeys (ConfUtils.java:logGet(43)) - raft.server.watch.timeout = 10s (default)
2019-08-22 05:48:29,401 [20ef2b05-2784-432c-b787-19ea462282b8:group-7AE651877809:LeaderElection15] INFO  server.RaftServerConfigKeys (ConfUtils.java:logGet(43)) - raft.server.watch.timeout.denomination = 1s (default)
2019-08-22 05:48:29,401 [20ef2b05-2784-432c-b787-19ea462282b8:group-7AE651877809:LeaderElection15] INFO  server.RaftServerConfigKeys (ConfUtils.java:logGet(43)) - raft.server.watch.element-limit = 65536 (default)
2019-08-22 05:48:29,402 [20ef2b05-2784-432c-b787-19ea462282b8:group-7AE651877809:LeaderElection15] INFO  impl.RoleInfo (RoleInfo.java:updateAndGet(143)) - 20ef2b05-2784-432c-b787-19ea462282b8: start LeaderState
2019-08-22 05:48:29,403 [20ef2b05-2784-432c-b787-19ea462282b8:group-7AE651877809:LeaderElection15] INFO  segmented.SegmentedRaftLogWorker (SegmentedRaftLogWorker.java:startLogSegment(380)) - 20ef2b05-2784-432c-b787-19ea462282b8-SegmentedRaftLogWorker:Storage Directory /workdir/hadoop-ozone/integration-test/target/test-dir/MiniOzoneClusterImpl-83afc318-308f-4a04-affc-403b3b38e3c7/datanode-0/data/ratis/0f2202a7-fa8d-4967-b560-7ae651877809: Starting segment from index:0
2019-08-22 05:48:29,403 [20ef2b05-2784-432c-b787-19ea462282b8:group-7AE651877809:LeaderElection15] INFO  impl.RaftServerImpl (ServerState.java:setRaftConf(361)) - 20ef2b05-2784-432c-b787-19ea462282b8:group-7AE651877809 set configuration 0: [20ef2b05-2784-432c-b787-19ea462282b8:192.168.36.82:43454], old=null at 0
2019-08-22 05:48:29,444 | INFO  | SCMAudit | user=jenkins1000 | ip=192.168.36.82 | op=SEND_HEARTBEAT {datanodeUUID=9412f29a-5455-4c94-8484-b4d127531eb3, command=[]} | ret=SUCCESS |  
2019-08-22 05:48:29,464 [20ef2b05-2784-432c-b787-19ea462282b8-SegmentedRaftLogWorker:Storage Directory /workdir/hadoop-ozone/integration-test/target/test-dir/MiniOzoneClusterImpl-83afc318-308f-4a04-affc-403b3b38e3c7/datanode-0/data/ratis/0f2202a7-fa8d-4967-b560-7ae651877809] INFO  segmented.SegmentedRaftLogWorker (SegmentedRaftLogWorker.java:execute(569)) - 20ef2b05-2784-432c-b787-19ea462282b8-SegmentedRaftLogWorker:Storage Directory /workdir/hadoop-ozone/integration-test/target/test-dir/MiniOzoneClusterImpl-83afc318-308f-4a04-affc-403b3b38e3c7/datanode-0/data/ratis/0f2202a7-fa8d-4967-b560-7ae651877809: created new log segment /workdir/hadoop-ozone/integration-test/target/test-dir/MiniOzoneClusterImpl-83afc318-308f-4a04-affc-403b3b38e3c7/datanode-0/data/ratis/0f2202a7-fa8d-4967-b560-7ae651877809/current/log_inprogress_0
2019-08-22 05:48:29,637 [Thread-535] INFO  impl.FollowerState (FollowerState.java:run(106)) - 9412f29a-5455-4c94-8484-b4d127531eb3:group-2CEE3287AFF5 changes to CANDIDATE, lastRpcTime:5156, electionTimeout:5156ms
2019-08-22 05:48:29,637 [Thread-535] INFO  impl.RoleInfo (RoleInfo.java:shutdownFollowerState(121)) - 9412f29a-5455-4c94-8484-b4d127531eb3: shutdown FollowerState
2019-08-22 05:48:29,637 [Thread-535] INFO  impl.RaftServerImpl (RaftServerImpl.java:setRole(171)) - 9412f29a-5455-4c94-8484-b4d127531eb3:group-2CEE3287AFF5 changes role from FOLLOWER to CANDIDATE at term 0 for changeToCandidate
2019-08-22 05:48:29,637 [Thread-535] INFO  impl.RoleInfo (RoleInfo.java:updateAndGet(143)) - 9412f29a-5455-4c94-8484-b4d127531eb3: start LeaderElection
2019-08-22 05:48:29,666 [9412f29a-5455-4c94-8484-b4d127531eb3:group-2CEE3287AFF5:LeaderElection16] INFO  impl.LeaderElection (LeaderElection.java:askForVotes(181)) - 9412f29a-5455-4c94-8484-b4d127531eb3:group-2CEE3287AFF5:LeaderElection16: begin an election at term 1 for -1: [9412f29a-5455-4c94-8484-b4d127531eb3:192.168.36.82:35712], old=null
2019-08-22 05:48:29,666 [9412f29a-5455-4c94-8484-b4d127531eb3:group-2CEE3287AFF5:LeaderElection16] INFO  impl.RoleInfo (RoleInfo.java:shutdownLeaderElection(134)) - 9412f29a-5455-4c94-8484-b4d127531eb3: shutdown LeaderElection
2019-08-22 05:48:29,666 [9412f29a-5455-4c94-8484-b4d127531eb3:group-2CEE3287AFF5:LeaderElection16] INFO  impl.RaftServerImpl (RaftServerImpl.java:setRole(171)) - 9412f29a-5455-4c94-8484-b4d127531eb3:group-2CEE3287AFF5 changes role from CANDIDATE to LEADER at term 1 for changeToLeader
2019-08-22 05:48:29,666 [9412f29a-5455-4c94-8484-b4d127531eb3:group-2CEE3287AFF5:LeaderElection16] INFO  impl.RaftServerImpl (ServerState.java:setLeader(263)) - 9412f29a-5455-4c94-8484-b4d127531eb3:group-2CEE3287AFF5 change Leader from null to 9412f29a-5455-4c94-8484-b4d127531eb3 at term 1 for becomeLeader, leader elected after 5192ms
2019-08-22 05:48:29,666 [9412f29a-5455-4c94-8484-b4d127531eb3:group-2CEE3287AFF5:LeaderElection16] INFO  server.RaftServerConfigKeys (ConfUtils.java:logGet(43)) - raft.server.staging.catchup.gap = 1000 (default)
2019-08-22 05:48:29,667 [9412f29a-5455-4c94-8484-b4d127531eb3:group-2CEE3287AFF5:LeaderElection16] INFO  server.RaftServerConfigKeys (ConfUtils.java:logGet(43)) - raft.server.rpc.sleep.time = 25ms (default)
2019-08-22 05:48:29,667 [9412f29a-5455-4c94-8484-b4d127531eb3:group-2CEE3287AFF5:LeaderElection16] INFO  server.RaftServerConfigKeys (ConfUtils.java:logGet(43)) - raft.server.write.element-limit = 4096 (default)
2019-08-22 05:48:29,667 [9412f29a-5455-4c94-8484-b4d127531eb3:group-2CEE3287AFF5:LeaderElection16] INFO  server.RaftServerConfigKeys (ConfUtils.java:logGet(43)) - raft.server.watch.timeout = 10s (default)
2019-08-22 05:48:29,667 [9412f29a-5455-4c94-8484-b4d127531eb3:group-2CEE3287AFF5:LeaderElection16] INFO  server.RaftServerConfigKeys (ConfUtils.java:logGet(43)) - raft.server.watch.timeout.denomination = 1s (default)
2019-08-22 05:48:29,668 [9412f29a-5455-4c94-8484-b4d127531eb3:group-2CEE3287AFF5:LeaderElection16] INFO  server.RaftServerConfigKeys (ConfUtils.java:logGet(43)) - raft.server.watch.element-limit = 65536 (default)
2019-08-22 05:48:29,668 [9412f29a-5455-4c94-8484-b4d127531eb3:group-2CEE3287AFF5:LeaderElection16] INFO  impl.RoleInfo (RoleInfo.java:updateAndGet(143)) - 9412f29a-5455-4c94-8484-b4d127531eb3: start LeaderState
2019-08-22 05:48:29,668 [9412f29a-5455-4c94-8484-b4d127531eb3:group-2CEE3287AFF5:LeaderElection16] INFO  segmented.SegmentedRaftLogWorker (SegmentedRaftLogWorker.java:startLogSegment(380)) - 9412f29a-5455-4c94-8484-b4d127531eb3-SegmentedRaftLogWorker:Storage Directory /workdir/hadoop-ozone/integration-test/target/test-dir/MiniOzoneClusterImpl-83afc318-308f-4a04-affc-403b3b38e3c7/datanode-1/data/ratis/62bdf454-04dd-42d5-8fdf-2cee3287aff5: Starting segment from index:0
2019-08-22 05:48:29,669 [9412f29a-5455-4c94-8484-b4d127531eb3:group-2CEE3287AFF5:LeaderElection16] INFO  impl.RaftServerImpl (ServerState.java:setRaftConf(361)) - 9412f29a-5455-4c94-8484-b4d127531eb3:group-2CEE3287AFF5 set configuration 0: [9412f29a-5455-4c94-8484-b4d127531eb3:192.168.36.82:35712], old=null at 0
2019-08-22 05:48:29,712 | INFO  | SCMAudit | user=jenkins1000 | ip=192.168.36.82 | op=SEND_HEARTBEAT {datanodeUUID=6ff0d347-68f7-4f62-b585-7859cadf9a08, command=[]} | ret=SUCCESS |  
2019-08-22 05:48:29,732 [9412f29a-5455-4c94-8484-b4d127531eb3-SegmentedRaftLogWorker:Storage Directory /workdir/hadoop-ozone/integration-test/target/test-dir/MiniOzoneClusterImpl-83afc318-308f-4a04-affc-403b3b38e3c7/datanode-1/data/ratis/62bdf454-04dd-42d5-8fdf-2cee3287aff5] INFO  segmented.SegmentedRaftLogWorker (SegmentedRaftLogWorker.java:execute(569)) - 9412f29a-5455-4c94-8484-b4d127531eb3-SegmentedRaftLogWorker:Storage Directory /workdir/hadoop-ozone/integration-test/target/test-dir/MiniOzoneClusterImpl-83afc318-308f-4a04-affc-403b3b38e3c7/datanode-1/data/ratis/62bdf454-04dd-42d5-8fdf-2cee3287aff5: created new log segment /workdir/hadoop-ozone/integration-test/target/test-dir/MiniOzoneClusterImpl-83afc318-308f-4a04-affc-403b3b38e3c7/datanode-1/data/ratis/62bdf454-04dd-42d5-8fdf-2cee3287aff5/current/log_inprogress_0
2019-08-22 05:48:29,822 [Thread-538] INFO  impl.FollowerState (FollowerState.java:run(106)) - 6ff0d347-68f7-4f62-b585-7859cadf9a08:group-7D1E90CBEC34 changes to CANDIDATE, lastRpcTime:5069, electionTimeout:5069ms
2019-08-22 05:48:29,822 [Thread-538] INFO  impl.RoleInfo (RoleInfo.java:shutdownFollowerState(121)) - 6ff0d347-68f7-4f62-b585-7859cadf9a08: shutdown FollowerState
2019-08-22 05:48:29,822 [Thread-538] INFO  impl.RaftServerImpl (RaftServerImpl.java:setRole(171)) - 6ff0d347-68f7-4f62-b585-7859cadf9a08:group-7D1E90CBEC34 changes role from FOLLOWER to CANDIDATE at term 0 for changeToCandidate
2019-08-22 05:48:29,822 [Thread-538] INFO  impl.RoleInfo (RoleInfo.java:updateAndGet(143)) - 6ff0d347-68f7-4f62-b585-7859cadf9a08: start LeaderElection
2019-08-22 05:48:29,859 [6ff0d347-68f7-4f62-b585-7859cadf9a08:group-7D1E90CBEC34:LeaderElection17] INFO  impl.LeaderElection (LeaderElection.java:askForVotes(181)) - 6ff0d347-68f7-4f62-b585-7859cadf9a08:group-7D1E90CBEC34:LeaderElection17: begin an election at term 1 for -1: [6ff0d347-68f7-4f62-b585-7859cadf9a08:192.168.36.82:41391], old=null
2019-08-22 05:48:29,859 [6ff0d347-68f7-4f62-b585-7859cadf9a08:group-7D1E90CBEC34:LeaderElection17] INFO  impl.RoleInfo (RoleInfo.java:shutdownLeaderElection(134)) - 6ff0d347-68f7-4f62-b585-7859cadf9a08: shutdown LeaderElection
2019-08-22 05:48:29,859 [6ff0d347-68f7-4f62-b585-7859cadf9a08:group-7D1E90CBEC34:LeaderElection17] INFO  impl.RaftServerImpl (RaftServerImpl.java:setRole(171)) - 6ff0d347-68f7-4f62-b585-7859cadf9a08:group-7D1E90CBEC34 changes role from CANDIDATE to LEADER at term 1 for changeToLeader
2019-08-22 05:48:29,860 [6ff0d347-68f7-4f62-b585-7859cadf9a08:group-7D1E90CBEC34:LeaderElection17] INFO  impl.RaftServerImpl (ServerState.java:setLeader(263)) - 6ff0d347-68f7-4f62-b585-7859cadf9a08:group-7D1E90CBEC34 change Leader from null to 6ff0d347-68f7-4f62-b585-7859cadf9a08 at term 1 for becomeLeader, leader elected after 5114ms
2019-08-22 05:48:29,860 [6ff0d347-68f7-4f62-b585-7859cadf9a08:group-7D1E90CBEC34:LeaderElection17] INFO  server.RaftServerConfigKeys (ConfUtils.java:logGet(43)) - raft.server.staging.catchup.gap = 1000 (default)
2019-08-22 05:48:29,860 [6ff0d347-68f7-4f62-b585-7859cadf9a08:group-7D1E90CBEC34:LeaderElection17] INFO  server.RaftServerConfigKeys (ConfUtils.java:logGet(43)) - raft.server.rpc.sleep.time = 25ms (default)
2019-08-22 05:48:29,860 [6ff0d347-68f7-4f62-b585-7859cadf9a08:group-7D1E90CBEC34:LeaderElection17] INFO  server.RaftServerConfigKeys (ConfUtils.java:logGet(43)) - raft.server.write.element-limit = 4096 (default)
2019-08-22 05:48:29,861 [6ff0d347-68f7-4f62-b585-7859cadf9a08:group-7D1E90CBEC34:LeaderElection17] INFO  server.RaftServerConfigKeys (ConfUtils.java:logGet(43)) - raft.server.watch.timeout = 10s (default)
2019-08-22 05:48:29,861 [6ff0d347-68f7-4f62-b585-7859cadf9a08:group-7D1E90CBEC34:LeaderElection17] INFO  server.RaftServerConfigKeys (ConfUtils.java:logGet(43)) - raft.server.watch.timeout.denomination = 1s (default)
2019-08-22 05:48:29,861 [6ff0d347-68f7-4f62-b585-7859cadf9a08:group-7D1E90CBEC34:LeaderElection17] INFO  server.RaftServerConfigKeys (ConfUtils.java:logGet(43)) - raft.server.watch.element-limit = 65536 (default)
2019-08-22 05:48:29,861 [6ff0d347-68f7-4f62-b585-7859cadf9a08:group-7D1E90CBEC34:LeaderElection17] INFO  impl.RoleInfo (RoleInfo.java:updateAndGet(143)) - 6ff0d347-68f7-4f62-b585-7859cadf9a08: start LeaderState
2019-08-22 05:48:29,862 [6ff0d347-68f7-4f62-b585-7859cadf9a08:group-7D1E90CBEC34:LeaderElection17] INFO  segmented.SegmentedRaftLogWorker (SegmentedRaftLogWorker.java:startLogSegment(380)) - 6ff0d347-68f7-4f62-b585-7859cadf9a08-SegmentedRaftLogWorker:Storage Directory /workdir/hadoop-ozone/integration-test/target/test-dir/MiniOzoneClusterImpl-83afc318-308f-4a04-affc-403b3b38e3c7/datanode-2/data/ratis/7471f61d-27fe-40af-be32-7d1e90cbec34: Starting segment from index:0
2019-08-22 05:48:29,862 [6ff0d347-68f7-4f62-b585-7859cadf9a08:group-7D1E90CBEC34:LeaderElection17] INFO  impl.RaftServerImpl (ServerState.java:setRaftConf(361)) - 6ff0d347-68f7-4f62-b585-7859cadf9a08:group-7D1E90CBEC34 set configuration 0: [6ff0d347-68f7-4f62-b585-7859cadf9a08:192.168.36.82:41391], old=null at 0
2019-08-22 05:48:29,904 [Thread-546] INFO  impl.FollowerState (FollowerState.java:run(106)) - 6ff0d347-68f7-4f62-b585-7859cadf9a08:group-4F047C2BDA22 changes to CANDIDATE, lastRpcTime:5053, electionTimeout:5019ms
2019-08-22 05:48:29,904 [Thread-546] INFO  impl.RoleInfo (RoleInfo.java:shutdownFollowerState(121)) - 6ff0d347-68f7-4f62-b585-7859cadf9a08: shutdown FollowerState
2019-08-22 05:48:29,904 [Thread-546] INFO  impl.RaftServerImpl (RaftServerImpl.java:setRole(171)) - 6ff0d347-68f7-4f62-b585-7859cadf9a08:group-4F047C2BDA22 changes role from FOLLOWER to CANDIDATE at term 0 for changeToCandidate
2019-08-22 05:48:29,905 [Thread-546] INFO  impl.RoleInfo (RoleInfo.java:updateAndGet(143)) - 6ff0d347-68f7-4f62-b585-7859cadf9a08: start LeaderElection
2019-08-22 05:48:29,923 [EventQueue-StaleNodeForStaleNodeHandler] INFO  node.StaleNodeHandler (StaleNodeHandler.java:onMessage(58)) - Datanode 20ef2b05-2784-432c-b787-19ea462282b8{ip: 192.168.36.82, host: pr-hdds-2008-trunk-8dx8q-886544045, networkLocation: /default-rack, certSerialId: null} moved to stale state. Finalizing its pipelines [PipelineID=0f2202a7-fa8d-4967-b560-7ae651877809, PipelineID=1f0afbc0-ecdc-409f-a7aa-4f047c2bda22]
2019-08-22 05:48:29,923 [EventQueue-StaleNodeForStaleNodeHandler] INFO  pipeline.SCMPipelineManager (SCMPipelineManager.java:finalizeAndDestroyPipeline(309)) - destroying pipeline:Pipeline[ Id: 0f2202a7-fa8d-4967-b560-7ae651877809, Nodes: 20ef2b05-2784-432c-b787-19ea462282b8{ip: 192.168.36.82, host: pr-hdds-2008-trunk-8dx8q-886544045, networkLocation: /default-rack, certSerialId: null}, Type:RATIS, Factor:ONE, State:OPEN]
2019-08-22 05:48:29,924 [EventQueue-StaleNodeForStaleNodeHandler] INFO  pipeline.PipelineStateManager (PipelineStateManager.java:finalizePipeline(123)) - Pipeline Pipeline[ Id: 0f2202a7-fa8d-4967-b560-7ae651877809, Nodes: 20ef2b05-2784-432c-b787-19ea462282b8{ip: 192.168.36.82, host: pr-hdds-2008-trunk-8dx8q-886544045, networkLocation: /default-rack, certSerialId: null}, Type:RATIS, Factor:ONE, State:CLOSED] moved to CLOSED state
2019-08-22 05:48:29,926 [EventQueue-StaleNodeForStaleNodeHandler] INFO  pipeline.SCMPipelineManager (SCMPipelineManager.java:finalizeAndDestroyPipeline(309)) - destroying pipeline:Pipeline[ Id: 1f0afbc0-ecdc-409f-a7aa-4f047c2bda22, Nodes: 20ef2b05-2784-432c-b787-19ea462282b8{ip: 192.168.36.82, host: pr-hdds-2008-trunk-8dx8q-886544045, networkLocation: /default-rack, certSerialId: null}6ff0d347-68f7-4f62-b585-7859cadf9a08{ip: 192.168.36.82, host: pr-hdds-2008-trunk-8dx8q-886544045, networkLocation: /default-rack, certSerialId: null}9412f29a-5455-4c94-8484-b4d127531eb3{ip: 192.168.36.82, host: pr-hdds-2008-trunk-8dx8q-886544045, networkLocation: /default-rack, certSerialId: null}, Type:RATIS, Factor:THREE, State:OPEN]
2019-08-22 05:48:29,926 [6ff0d347-68f7-4f62-b585-7859cadf9a08-SegmentedRaftLogWorker:Storage Directory /workdir/hadoop-ozone/integration-test/target/test-dir/MiniOzoneClusterImpl-83afc318-308f-4a04-affc-403b3b38e3c7/datanode-2/data/ratis/7471f61d-27fe-40af-be32-7d1e90cbec34] INFO  segmented.SegmentedRaftLogWorker (SegmentedRaftLogWorker.java:execute(569)) - 6ff0d347-68f7-4f62-b585-7859cadf9a08-SegmentedRaftLogWorker:Storage Directory /workdir/hadoop-ozone/integration-test/target/test-dir/MiniOzoneClusterImpl-83afc318-308f-4a04-affc-403b3b38e3c7/datanode-2/data/ratis/7471f61d-27fe-40af-be32-7d1e90cbec34: created new log segment /workdir/hadoop-ozone/integration-test/target/test-dir/MiniOzoneClusterImpl-83afc318-308f-4a04-affc-403b3b38e3c7/datanode-2/data/ratis/7471f61d-27fe-40af-be32-7d1e90cbec34/current/log_inprogress_0
2019-08-22 05:48:29,926 [EventQueue-StaleNodeForStaleNodeHandler] INFO  pipeline.PipelineStateManager (PipelineStateManager.java:finalizePipeline(123)) - Pipeline Pipeline[ Id: 1f0afbc0-ecdc-409f-a7aa-4f047c2bda22, Nodes: 20ef2b05-2784-432c-b787-19ea462282b8{ip: 192.168.36.82, host: pr-hdds-2008-trunk-8dx8q-886544045, networkLocation: /default-rack, certSerialId: null}6ff0d347-68f7-4f62-b585-7859cadf9a08{ip: 192.168.36.82, host: pr-hdds-2008-trunk-8dx8q-886544045, networkLocation: /default-rack, certSerialId: null}9412f29a-5455-4c94-8484-b4d127531eb3{ip: 192.168.36.82, host: pr-hdds-2008-trunk-8dx8q-886544045, networkLocation: /default-rack, certSerialId: null}, Type:RATIS, Factor:THREE, State:CLOSED] moved to CLOSED state
2019-08-22 05:48:29,926 [6ff0d347-68f7-4f62-b585-7859cadf9a08:group-4F047C2BDA22:LeaderElection18] INFO  impl.LeaderElection (LeaderElection.java:askForVotes(181)) - 6ff0d347-68f7-4f62-b585-7859cadf9a08:group-4F047C2BDA22:LeaderElection18: begin an election at term 1 for -1: [6ff0d347-68f7-4f62-b585-7859cadf9a08:192.168.36.82:41391, 20ef2b05-2784-432c-b787-19ea462282b8:192.168.36.82:43454, 9412f29a-5455-4c94-8484-b4d127531eb3:192.168.36.82:35712], old=null
2019-08-22 05:48:29,937 [grpc-default-executor-2] INFO  impl.RaftServerImpl (RaftServerImpl.java:setRole(171)) - 20ef2b05-2784-432c-b787-19ea462282b8:group-4F047C2BDA22 changes role from FOLLOWER to FOLLOWER at term 1 for recognizeCandidate:6ff0d347-68f7-4f62-b585-7859cadf9a08
2019-08-22 05:48:29,937 [grpc-default-executor-2] INFO  impl.RoleInfo (RoleInfo.java:shutdownFollowerState(121)) - 20ef2b05-2784-432c-b787-19ea462282b8: shutdown FollowerState
2019-08-22 05:48:29,939 [Thread-545] INFO  impl.FollowerState (FollowerState.java:run(114)) - 20ef2b05-2784-432c-b787-19ea462282b8: FollowerState was interrupted: java.lang.InterruptedException: sleep interrupted
2019-08-22 05:48:29,939 [grpc-default-executor-2] INFO  impl.RoleInfo (RoleInfo.java:updateAndGet(143)) - 20ef2b05-2784-432c-b787-19ea462282b8: start FollowerState
2019-08-22 05:48:29,939 [grpc-default-executor-1] INFO  impl.RaftServerImpl (RaftServerImpl.java:setRole(171)) - 9412f29a-5455-4c94-8484-b4d127531eb3:group-4F047C2BDA22 changes role from FOLLOWER to FOLLOWER at term 1 for recognizeCandidate:6ff0d347-68f7-4f62-b585-7859cadf9a08
2019-08-22 05:48:29,941 [grpc-default-executor-1] INFO  impl.RoleInfo (RoleInfo.java:shutdownFollowerState(121)) - 9412f29a-5455-4c94-8484-b4d127531eb3: shutdown FollowerState
2019-08-22 05:48:29,942 [grpc-default-executor-1] INFO  impl.RoleInfo (RoleInfo.java:updateAndGet(143)) - 9412f29a-5455-4c94-8484-b4d127531eb3: start FollowerState
2019-08-22 05:48:29,942 [Thread-541] INFO  impl.FollowerState (FollowerState.java:run(114)) - 9412f29a-5455-4c94-8484-b4d127531eb3: FollowerState was interrupted: java.lang.InterruptedException: sleep interrupted
2019-08-22 05:48:29,974 [6ff0d347-68f7-4f62-b585-7859cadf9a08:group-4F047C2BDA22:LeaderElection18] INFO  impl.LeaderElection (LeaderElection.java:logAndReturn(56)) - 6ff0d347-68f7-4f62-b585-7859cadf9a08:group-4F047C2BDA22:LeaderElection18: Election PASSED; received 1 response(s) [6ff0d347-68f7-4f62-b585-7859cadf9a08<-20ef2b05-2784-432c-b787-19ea462282b8#0:OK-t1] and 0 exception(s); 6ff0d347-68f7-4f62-b585-7859cadf9a08:t1, leader=null, voted=6ff0d347-68f7-4f62-b585-7859cadf9a08, raftlog=6ff0d347-68f7-4f62-b585-7859cadf9a08-SegmentedRaftLog:OPENED:c-1,f-1,i0, conf=-1: [6ff0d347-68f7-4f62-b585-7859cadf9a08:192.168.36.82:41391, 20ef2b05-2784-432c-b787-19ea462282b8:192.168.36.82:43454, 9412f29a-5455-4c94-8484-b4d127531eb3:192.168.36.82:35712], old=null
2019-08-22 05:48:29,974 [6ff0d347-68f7-4f62-b585-7859cadf9a08:group-4F047C2BDA22:LeaderElection18] INFO  impl.RoleInfo (RoleInfo.java:shutdownLeaderElection(134)) - 6ff0d347-68f7-4f62-b585-7859cadf9a08: shutdown LeaderElection
2019-08-22 05:48:29,976 [6ff0d347-68f7-4f62-b585-7859cadf9a08:group-4F047C2BDA22:LeaderElection18] INFO  impl.RaftServerImpl (RaftServerImpl.java:setRole(171)) - 6ff0d347-68f7-4f62-b585-7859cadf9a08:group-4F047C2BDA22 changes role from CANDIDATE to LEADER at term 1 for changeToLeader
2019-08-22 05:48:29,976 [6ff0d347-68f7-4f62-b585-7859cadf9a08:group-4F047C2BDA22:LeaderElection18] INFO  impl.RaftServerImpl (ServerState.java:setLeader(263)) - 6ff0d347-68f7-4f62-b585-7859cadf9a08:group-4F047C2BDA22 change Leader from null to 6ff0d347-68f7-4f62-b585-7859cadf9a08 at term 1 for becomeLeader, leader elected after 5143ms
2019-08-22 05:48:29,978 [6ff0d347-68f7-4f62-b585-7859cadf9a08:group-4F047C2BDA22:LeaderElection18] INFO  server.RaftServerConfigKeys (ConfUtils.java:logGet(43)) - raft.server.staging.catchup.gap = 1000 (default)
2019-08-22 05:48:29,978 [6ff0d347-68f7-4f62-b585-7859cadf9a08:group-4F047C2BDA22:LeaderElection18] INFO  server.RaftServerConfigKeys (ConfUtils.java:logGet(43)) - raft.server.rpc.sleep.time = 25ms (default)
2019-08-22 05:48:29,978 [6ff0d347-68f7-4f62-b585-7859cadf9a08:group-4F047C2BDA22:LeaderElection18] INFO  server.RaftServerConfigKeys (ConfUtils.java:logGet(43)) - raft.server.write.element-limit = 4096 (default)
2019-08-22 05:48:29,979 [6ff0d347-68f7-4f62-b585-7859cadf9a08:group-4F047C2BDA22:LeaderElection18] INFO  server.RaftServerConfigKeys (ConfUtils.java:logGet(43)) - raft.server.watch.timeout = 10s (default)
2019-08-22 05:48:29,979 [6ff0d347-68f7-4f62-b585-7859cadf9a08:group-4F047C2BDA22:LeaderElection18] INFO  server.RaftServerConfigKeys (ConfUtils.java:logGet(43)) - raft.server.watch.timeout.denomination = 1s (default)
2019-08-22 05:48:29,979 [6ff0d347-68f7-4f62-b585-7859cadf9a08:group-4F047C2BDA22:LeaderElection18] INFO  server.RaftServerConfigKeys (ConfUtils.java:logGet(43)) - raft.server.watch.element-limit = 65536 (default)
2019-08-22 05:48:29,979 [6ff0d347-68f7-4f62-b585-7859cadf9a08:group-4F047C2BDA22:LeaderElection18] INFO  server.RaftServerConfigKeys (ConfUtils.java:logGet(43)) - raft.server.log.appender.snapshot.chunk.size.max = 16MB (=16777216) (default)
2019-08-22 05:48:29,980 [6ff0d347-68f7-4f62-b585-7859cadf9a08:group-4F047C2BDA22:LeaderElection18] INFO  server.RaftServerConfigKeys (ConfUtils.java:logGet(43)) - raft.server.log.appender.buffer.byte-limit = 33554432 (custom)
2019-08-22 05:48:29,980 [6ff0d347-68f7-4f62-b585-7859cadf9a08:group-4F047C2BDA22:LeaderElection18] INFO  server.RaftServerConfigKeys (ConfUtils.java:logGet(43)) - raft.server.log.appender.buffer.element-limit = 1 (custom)
2019-08-22 05:48:29,980 [6ff0d347-68f7-4f62-b585-7859cadf9a08:group-4F047C2BDA22:LeaderElection18] INFO  grpc.GrpcConfigKeys$Server (ConfUtils.java:logGet(43)) - raft.grpc.server.leader.outstanding.appends.max = 128 (default)
2019-08-22 05:48:29,981 [6ff0d347-68f7-4f62-b585-7859cadf9a08:group-4F047C2BDA22:LeaderElection18] INFO  server.RaftServerConfigKeys (ConfUtils.java:logGet(43)) - raft.server.rpc.request.timeout = 3000ms (default)
2019-08-22 05:48:29,981 [6ff0d347-68f7-4f62-b585-7859cadf9a08:group-4F047C2BDA22:LeaderElection18] INFO  server.RaftServerConfigKeys (ConfUtils.java:logGet(43)) - raft.server.log.appender.install.snapshot.enabled = false (custom)
2019-08-22 05:48:29,981 [6ff0d347-68f7-4f62-b585-7859cadf9a08:group-4F047C2BDA22:LeaderElection18] INFO  server.RaftServerConfigKeys (ConfUtils.java:logGet(43)) - raft.server.log.appender.snapshot.chunk.size.max = 16MB (=16777216) (default)
2019-08-22 05:48:29,981 [6ff0d347-68f7-4f62-b585-7859cadf9a08:group-4F047C2BDA22:LeaderElection18] INFO  server.RaftServerConfigKeys (ConfUtils.java:logGet(43)) - raft.server.log.appender.buffer.byte-limit = 33554432 (custom)
2019-08-22 05:48:29,982 [6ff0d347-68f7-4f62-b585-7859cadf9a08:group-4F047C2BDA22:LeaderElection18] INFO  server.RaftServerConfigKeys (ConfUtils.java:logGet(43)) - raft.server.log.appender.buffer.element-limit = 1 (custom)
2019-08-22 05:48:29,982 [6ff0d347-68f7-4f62-b585-7859cadf9a08:group-4F047C2BDA22:LeaderElection18] INFO  grpc.GrpcConfigKeys$Server (ConfUtils.java:logGet(43)) - raft.grpc.server.leader.outstanding.appends.max = 128 (default)
2019-08-22 05:48:29,982 [6ff0d347-68f7-4f62-b585-7859cadf9a08:group-4F047C2BDA22:LeaderElection18] INFO  server.RaftServerConfigKeys (ConfUtils.java:logGet(43)) - raft.server.rpc.request.timeout = 3000ms (default)
2019-08-22 05:48:29,983 [6ff0d347-68f7-4f62-b585-7859cadf9a08:group-4F047C2BDA22:LeaderElection18] INFO  server.RaftServerConfigKeys (ConfUtils.java:logGet(43)) - raft.server.log.appender.install.snapshot.enabled = false (custom)
2019-08-22 05:48:29,983 [6ff0d347-68f7-4f62-b585-7859cadf9a08:group-4F047C2BDA22:LeaderElection18] INFO  impl.RoleInfo (RoleInfo.java:updateAndGet(143)) - 6ff0d347-68f7-4f62-b585-7859cadf9a08: start LeaderState
2019-08-22 05:48:29,983 [6ff0d347-68f7-4f62-b585-7859cadf9a08:group-4F047C2BDA22:LeaderElection18] INFO  segmented.SegmentedRaftLogWorker (SegmentedRaftLogWorker.java:startLogSegment(380)) - 6ff0d347-68f7-4f62-b585-7859cadf9a08-SegmentedRaftLogWorker:Storage Directory /workdir/hadoop-ozone/integration-test/target/test-dir/MiniOzoneClusterImpl-83afc318-308f-4a04-affc-403b3b38e3c7/datanode-2/data/ratis/1f0afbc0-ecdc-409f-a7aa-4f047c2bda22: Starting segment from index:0
2019-08-22 05:48:30,027 [6ff0d347-68f7-4f62-b585-7859cadf9a08:group-4F047C2BDA22:LeaderElection18] INFO  impl.RaftServerImpl (ServerState.java:setRaftConf(361)) - 6ff0d347-68f7-4f62-b585-7859cadf9a08:group-4F047C2BDA22 set configuration 0: [6ff0d347-68f7-4f62-b585-7859cadf9a08:192.168.36.82:41391, 20ef2b05-2784-432c-b787-19ea462282b8:192.168.36.82:43454, 9412f29a-5455-4c94-8484-b4d127531eb3:192.168.36.82:35712], old=null at 0
2019-08-22 05:48:30,034 [grpc-default-executor-1] INFO  impl.RaftServerImpl (ServerState.java:setLeader(263)) - 20ef2b05-2784-432c-b787-19ea462282b8:group-4F047C2BDA22 change Leader from null to 6ff0d347-68f7-4f62-b585-7859cadf9a08 at term 1 for appendEntries, leader elected after 5200ms
2019-08-22 05:48:30,034 [grpc-default-executor-2] INFO  impl.RaftServerImpl (ServerState.java:setLeader(263)) - 9412f29a-5455-4c94-8484-b4d127531eb3:group-4F047C2BDA22 change Leader from null to 6ff0d347-68f7-4f62-b585-7859cadf9a08 at term 1 for appendEntries, leader elected after 5201ms
2019-08-22 05:48:30,040 [grpc-default-executor-2] INFO  impl.RaftServerImpl (ServerState.java:setRaftConf(361)) - 20ef2b05-2784-432c-b787-19ea462282b8:group-4F047C2BDA22 set configuration 0: [6ff0d347-68f7-4f62-b585-7859cadf9a08:192.168.36.82:41391, 20ef2b05-2784-432c-b787-19ea462282b8:192.168.36.82:43454, 9412f29a-5455-4c94-8484-b4d127531eb3:192.168.36.82:35712], old=null at 0
2019-08-22 05:48:30,040 [grpc-default-executor-1] INFO  impl.RaftServerImpl (ServerState.java:setRaftConf(361)) - 9412f29a-5455-4c94-8484-b4d127531eb3:group-4F047C2BDA22 set configuration 0: [6ff0d347-68f7-4f62-b585-7859cadf9a08:192.168.36.82:41391, 20ef2b05-2784-432c-b787-19ea462282b8:192.168.36.82:43454, 9412f29a-5455-4c94-8484-b4d127531eb3:192.168.36.82:35712], old=null at 0
2019-08-22 05:48:30,040 [grpc-default-executor-2] INFO  segmented.SegmentedRaftLogWorker (SegmentedRaftLogWorker.java:startLogSegment(380)) - 20ef2b05-2784-432c-b787-19ea462282b8-SegmentedRaftLogWorker:Storage Directory /workdir/hadoop-ozone/integration-test/target/test-dir/MiniOzoneClusterImpl-83afc318-308f-4a04-affc-403b3b38e3c7/datanode-0/data/ratis/1f0afbc0-ecdc-409f-a7aa-4f047c2bda22: Starting segment from index:0
2019-08-22 05:48:30,041 [grpc-default-executor-1] INFO  segmented.SegmentedRaftLogWorker (SegmentedRaftLogWorker.java:startLogSegment(380)) - 9412f29a-5455-4c94-8484-b4d127531eb3-SegmentedRaftLogWorker:Storage Directory /workdir/hadoop-ozone/integration-test/target/test-dir/MiniOzoneClusterImpl-83afc318-308f-4a04-affc-403b3b38e3c7/datanode-1/data/ratis/1f0afbc0-ecdc-409f-a7aa-4f047c2bda22: Starting segment from index:0
2019-08-22 05:48:30,052 [6ff0d347-68f7-4f62-b585-7859cadf9a08-SegmentedRaftLogWorker:Storage Directory /workdir/hadoop-ozone/integration-test/target/test-dir/MiniOzoneClusterImpl-83afc318-308f-4a04-affc-403b3b38e3c7/datanode-2/data/ratis/1f0afbc0-ecdc-409f-a7aa-4f047c2bda22] INFO  segmented.SegmentedRaftLogWorker (SegmentedRaftLogWorker.java:execute(569)) - 6ff0d347-68f7-4f62-b585-7859cadf9a08-SegmentedRaftLogWorker:Storage Directory /workdir/hadoop-ozone/integration-test/target/test-dir/MiniOzoneClusterImpl-83afc318-308f-4a04-affc-403b3b38e3c7/datanode-2/data/ratis/1f0afbc0-ecdc-409f-a7aa-4f047c2bda22: created new log segment /workdir/hadoop-ozone/integration-test/target/test-dir/MiniOzoneClusterImpl-83afc318-308f-4a04-affc-403b3b38e3c7/datanode-2/data/ratis/1f0afbc0-ecdc-409f-a7aa-4f047c2bda22/current/log_inprogress_0
2019-08-22 05:48:30,111 [9412f29a-5455-4c94-8484-b4d127531eb3-SegmentedRaftLogWorker:Storage Directory /workdir/hadoop-ozone/integration-test/target/test-dir/MiniOzoneClusterImpl-83afc318-308f-4a04-affc-403b3b38e3c7/datanode-1/data/ratis/1f0afbc0-ecdc-409f-a7aa-4f047c2bda22] INFO  segmented.SegmentedRaftLogWorker (SegmentedRaftLogWorker.java:execute(569)) - 9412f29a-5455-4c94-8484-b4d127531eb3-SegmentedRaftLogWorker:Storage Directory /workdir/hadoop-ozone/integration-test/target/test-dir/MiniOzoneClusterImpl-83afc318-308f-4a04-affc-403b3b38e3c7/datanode-1/data/ratis/1f0afbc0-ecdc-409f-a7aa-4f047c2bda22: created new log segment /workdir/hadoop-ozone/integration-test/target/test-dir/MiniOzoneClusterImpl-83afc318-308f-4a04-affc-403b3b38e3c7/datanode-1/data/ratis/1f0afbc0-ecdc-409f-a7aa-4f047c2bda22/current/log_inprogress_0
2019-08-22 05:48:30,111 [20ef2b05-2784-432c-b787-19ea462282b8-SegmentedRaftLogWorker:Storage Directory /workdir/hadoop-ozone/integration-test/target/test-dir/MiniOzoneClusterImpl-83afc318-308f-4a04-affc-403b3b38e3c7/datanode-0/data/ratis/1f0afbc0-ecdc-409f-a7aa-4f047c2bda22] INFO  segmented.SegmentedRaftLogWorker (SegmentedRaftLogWorker.java:execute(569)) - 20ef2b05-2784-432c-b787-19ea462282b8-SegmentedRaftLogWorker:Storage Directory /workdir/hadoop-ozone/integration-test/target/test-dir/MiniOzoneClusterImpl-83afc318-308f-4a04-affc-403b3b38e3c7/datanode-0/data/ratis/1f0afbc0-ecdc-409f-a7aa-4f047c2bda22: created new log segment /workdir/hadoop-ozone/integration-test/target/test-dir/MiniOzoneClusterImpl-83afc318-308f-4a04-affc-403b3b38e3c7/datanode-0/data/ratis/1f0afbc0-ecdc-409f-a7aa-4f047c2bda22/current/log_inprogress_0
2019-08-22 05:48:30,445 | INFO  | SCMAudit | user=jenkins1000 | ip=192.168.36.82 | op=SEND_HEARTBEAT {datanodeUUID=9412f29a-5455-4c94-8484-b4d127531eb3, command=[]} | ret=SUCCESS |  
2019-08-22 05:48:30,675 [Thread-358] INFO  ozoneimpl.OzoneContainer (OzoneContainer.java:stop(199)) - Attempting to stop container services.
2019-08-22 05:48:30,675 [Thread-358] INFO  impl.RaftServerProxy (RaftServerProxy.java:lambda$close$4(314)) - 20ef2b05-2784-432c-b787-19ea462282b8: close
2019-08-22 05:48:30,676 [Thread-358] INFO  impl.RaftServerImpl (RaftServerImpl.java:lambda$shutdown$3(245)) - 20ef2b05-2784-432c-b787-19ea462282b8: shutdown group-7AE651877809
2019-08-22 05:48:30,676 [ForkJoinPool.commonPool-worker-1] INFO  impl.RaftServerImpl (RaftServerImpl.java:lambda$shutdown$3(245)) - 20ef2b05-2784-432c-b787-19ea462282b8: shutdown group-4F047C2BDA22
2019-08-22 05:48:30,676 [Thread-358] INFO  util.JmxRegister (JmxRegister.java:unregister(73)) - Successfully un-registered JMX Bean with object name Ratis:service=RaftServer,group=group-7AE651877809,id=20ef2b05-2784-432c-b787-19ea462282b8
2019-08-22 05:48:30,677 [ForkJoinPool.commonPool-worker-1] INFO  util.JmxRegister (JmxRegister.java:unregister(73)) - Successfully un-registered JMX Bean with object name Ratis:service=RaftServer,group=group-4F047C2BDA22,id=20ef2b05-2784-432c-b787-19ea462282b8
2019-08-22 05:48:30,677 [Thread-358] INFO  impl.RoleInfo (RoleInfo.java:shutdownLeaderState(104)) - 20ef2b05-2784-432c-b787-19ea462282b8: shutdown LeaderState
2019-08-22 05:48:30,677 [ForkJoinPool.commonPool-worker-1] INFO  impl.RoleInfo (RoleInfo.java:shutdownFollowerState(121)) - 20ef2b05-2784-432c-b787-19ea462282b8: shutdown FollowerState
2019-08-22 05:48:30,678 [Thread-358] INFO  impl.PendingRequests (PendingRequests.java:sendNotLeaderResponses(202)) - 20ef2b05-2784-432c-b787-19ea462282b8-PendingRequests: sendNotLeaderResponses
2019-08-22 05:48:30,678 [Thread-560] INFO  impl.FollowerState (FollowerState.java:run(114)) - 20ef2b05-2784-432c-b787-19ea462282b8: FollowerState was interrupted: java.lang.InterruptedException: sleep interrupted
2019-08-22 05:48:30,678 [ForkJoinPool.commonPool-worker-1] INFO  impl.StateMachineUpdater (StateMachineUpdater.java:stopAndJoin(115)) - StateMachineUpdater:20ef2b05-2784-432c-b787-19ea462282b8:group-4F047C2BDA22: set stopIndex = -1
2019-08-22 05:48:30,682 [ForkJoinPool.commonPool-worker-1] INFO  impl.RaftServerImpl (ServerState.java:close(394)) - 20ef2b05-2784-432c-b787-19ea462282b8:group-4F047C2BDA22 closes. The last applied log index is -1
2019-08-22 05:48:30,680 [Thread-358] INFO  impl.StateMachineUpdater (StateMachineUpdater.java:stopAndJoin(115)) - StateMachineUpdater:20ef2b05-2784-432c-b787-19ea462282b8:group-7AE651877809: set stopIndex = 0
2019-08-22 05:48:30,682 [20ef2b05-2784-432c-b787-19ea462282b8-SegmentedRaftLogWorker:Storage Directory /workdir/hadoop-ozone/integration-test/target/test-dir/MiniOzoneClusterImpl-83afc318-308f-4a04-affc-403b3b38e3c7/datanode-0/data/ratis/1f0afbc0-ecdc-409f-a7aa-4f047c2bda22] INFO  segmented.SegmentedRaftLogWorker (SegmentedRaftLogWorker.java:run(313)) - 20ef2b05-2784-432c-b787-19ea462282b8-SegmentedRaftLogWorker:Storage Directory /workdir/hadoop-ozone/integration-test/target/test-dir/MiniOzoneClusterImpl-83afc318-308f-4a04-affc-403b3b38e3c7/datanode-0/data/ratis/1f0afbc0-ecdc-409f-a7aa-4f047c2bda22 was interrupted, exiting. There are 0 tasks remaining in the queue.
2019-08-22 05:48:30,683 [Thread-358] INFO  impl.RaftServerImpl (ServerState.java:close(394)) - 20ef2b05-2784-432c-b787-19ea462282b8:group-7AE651877809 closes. The last applied log index is 0
2019-08-22 05:48:30,684 [ForkJoinPool.commonPool-worker-1] INFO  segmented.SegmentedRaftLogWorker (SegmentedRaftLogWorker.java:close(228)) - 20ef2b05-2784-432c-b787-19ea462282b8-SegmentedRaftLogWorker:Storage Directory /workdir/hadoop-ozone/integration-test/target/test-dir/MiniOzoneClusterImpl-83afc318-308f-4a04-affc-403b3b38e3c7/datanode-0/data/ratis/1f0afbc0-ecdc-409f-a7aa-4f047c2bda22 close()
2019-08-22 05:48:30,686 [20ef2b05-2784-432c-b787-19ea462282b8-SegmentedRaftLogWorker:Storage Directory /workdir/hadoop-ozone/integration-test/target/test-dir/MiniOzoneClusterImpl-83afc318-308f-4a04-affc-403b3b38e3c7/datanode-0/data/ratis/0f2202a7-fa8d-4967-b560-7ae651877809] INFO  segmented.SegmentedRaftLogWorker (SegmentedRaftLogWorker.java:run(313)) - 20ef2b05-2784-432c-b787-19ea462282b8-SegmentedRaftLogWorker:Storage Directory /workdir/hadoop-ozone/integration-test/target/test-dir/MiniOzoneClusterImpl-83afc318-308f-4a04-affc-403b3b38e3c7/datanode-0/data/ratis/0f2202a7-fa8d-4967-b560-7ae651877809 was interrupted, exiting. There are 0 tasks remaining in the queue.
2019-08-22 05:48:30,689 [Thread-358] INFO  segmented.SegmentedRaftLogWorker (SegmentedRaftLogWorker.java:close(228)) - 20ef2b05-2784-432c-b787-19ea462282b8-SegmentedRaftLogWorker:Storage Directory /workdir/hadoop-ozone/integration-test/target/test-dir/MiniOzoneClusterImpl-83afc318-308f-4a04-affc-403b3b38e3c7/datanode-0/data/ratis/0f2202a7-fa8d-4967-b560-7ae651877809 close()
2019-08-22 05:48:30,692 [Thread-358] INFO  server.GrpcService (GrpcService.java:closeImpl(155)) - 20ef2b05-2784-432c-b787-19ea462282b8: shutdown server with port 43454 now
2019-08-22 05:48:30,693 [grpc-default-executor-2] WARN  server.GrpcServerProtocolService (LogUtils.java:warn(134)) - 20ef2b05-2784-432c-b787-19ea462282b8: appendEntries onError: org.apache.ratis.thirdparty.io.grpc.StatusRuntimeException: CANCELLED: cancelled before receiving half close
2019-08-22 05:48:30,694 [Thread-358] INFO  server.GrpcService (GrpcService.java:closeImpl(163)) - 20ef2b05-2784-432c-b787-19ea462282b8: shutdown server with port 43454 successfully
2019-08-22 05:48:30,694 [grpc-default-executor-1] WARN  server.GrpcLogAppender (LogUtils.java:warn(134)) - 6ff0d347-68f7-4f62-b585-7859cadf9a08->20ef2b05-2784-432c-b787-19ea462282b8: Failed appendEntries: org.apache.ratis.thirdparty.io.grpc.StatusRuntimeException: CANCELLED: HTTP/2 error code: CANCEL
Received Rst Stream
2019-08-22 05:48:30,696 [Thread-358] INFO  utils.BackgroundService (BackgroundService.java:shutdown(148)) - Shutting down service BlockDeletingService
2019-08-22 05:48:30,696 [grpc-default-executor-1] INFO  impl.FollowerInfo (FollowerInfo.java:lambda$new$0(50)) - 6ff0d347-68f7-4f62-b585-7859cadf9a08->20ef2b05-2784-432c-b787-19ea462282b8: nextIndex: updateUnconditionally 1 -> 0
2019-08-22 05:48:30,701 [refreshUsed-/workdir/hadoop-ozone/integration-test/target/test-dir/MiniOzoneClusterImpl-83afc318-308f-4a04-affc-403b3b38e3c7/datanode-0/data/containers] WARN  fs.CachingGetSpaceUsed (CachingGetSpaceUsed.java:run(183)) - Thread Interrupted waiting to refresh disk information: sleep interrupted
2019-08-22 05:48:30,711 | INFO  | SCMAudit | user=jenkins1000 | ip=192.168.36.82 | op=SEND_HEARTBEAT {datanodeUUID=6ff0d347-68f7-4f62-b585-7859cadf9a08, command=[]} | ret=SUCCESS |  
2019-08-22 05:48:30,721 [Thread-358] INFO  statemachine.DatanodeStateMachine (DatanodeStateMachine.java:stopDaemon(395)) - Ozone container server stopped.
2019-08-22 05:48:30,723 [Thread-358] INFO  handler.ContextHandler (ContextHandler.java:doStop(910)) - Stopped o.e.j.w.WebAppContext@9dcc1c1{/,null,UNAVAILABLE}{/hddsDatanode}
2019-08-22 05:48:30,724 [Thread-358] INFO  server.AbstractConnector (AbstractConnector.java:doStop(318)) - Stopped ServerConnector@308dbaa2{HTTP/1.1,[http/1.1]}{0.0.0.0:0}
2019-08-22 05:48:30,724 [Thread-358] INFO  handler.ContextHandler (ContextHandler.java:doStop(910)) - Stopped o.e.j.s.ServletContextHandler@7f22afd9{/static,jar:file:/home/user/.m2/repository/org/apache/hadoop/hadoop-hdds-container-service/0.5.0-SNAPSHOT/hadoop-hdds-container-service-0.5.0-SNAPSHOT.jar!/webapps/static,UNAVAILABLE}
2019-08-22 05:48:30,724 [Thread-358] INFO  handler.ContextHandler (ContextHandler.java:doStop(910)) - Stopped o.e.j.s.ServletContextHandler@64450115{/logs,file:///workdir/hadoop-ozone/integration-test/target/log,UNAVAILABLE}
2019-08-22 05:48:30,726 [Thread-358] INFO  datanode.ObjectStoreHandler (ObjectStoreHandler.java:close(155)) - Closing ObjectStoreHandler.
2019-08-22 05:48:30,727 [Thread-358] INFO  ozone.HddsDatanodeService (HddsDatanodeService.java:stop(451)) - Stopped plug-in org.apache.hadoop.ozone.web.OzoneHddsDatanodeService@2d1afaaa
2019-08-22 05:48:31,443 [Datanode State Machine Thread - 0] INFO  statemachine.DatanodeStateMachine (DatanodeStateMachine.java:lambda$startDaemon$0(350)) - Ozone container server started.
2019-08-22 05:48:31,712 | INFO  | SCMAudit | user=jenkins1000 | ip=192.168.36.82 | op=SEND_HEARTBEAT {datanodeUUID=6ff0d347-68f7-4f62-b585-7859cadf9a08, command=[]} | ret=SUCCESS |  
2019-08-22 05:48:32,628 [grpc-default-executor-0] WARN  server.GrpcLogAppender (LogUtils.java:warn(134)) - 6ff0d347-68f7-4f62-b585-7859cadf9a08->20ef2b05-2784-432c-b787-19ea462282b8: Failed appendEntries: org.apache.ratis.thirdparty.io.grpc.StatusRuntimeException: UNAVAILABLE: io exception
2019-08-22 05:48:32,631 [grpc-default-executor-0] INFO  impl.FollowerInfo (FollowerInfo.java:lambda$new$0(50)) - 6ff0d347-68f7-4f62-b585-7859cadf9a08->20ef2b05-2784-432c-b787-19ea462282b8: nextIndex: updateUnconditionally 0 -> 0
2019-08-22 05:48:32,711 | INFO  | SCMAudit | user=jenkins1000 | ip=192.168.36.82 | op=SEND_HEARTBEAT {datanodeUUID=6ff0d347-68f7-4f62-b585-7859cadf9a08, command=[]} | ret=SUCCESS |  
2019-08-22 05:48:33,712 | INFO  | SCMAudit | user=jenkins1000 | ip=192.168.36.82 | op=SEND_HEARTBEAT {datanodeUUID=6ff0d347-68f7-4f62-b585-7859cadf9a08, command=[]} | ret=SUCCESS |  
2019-08-22 05:48:34,712 | INFO  | SCMAudit | user=jenkins1000 | ip=192.168.36.82 | op=SEND_HEARTBEAT {datanodeUUID=6ff0d347-68f7-4f62-b585-7859cadf9a08, command=[]} | ret=SUCCESS |  
2019-08-22 05:48:35,130 [grpc-default-executor-2] WARN  server.GrpcLogAppender (LogUtils.java:warn(134)) - 6ff0d347-68f7-4f62-b585-7859cadf9a08->20ef2b05-2784-432c-b787-19ea462282b8: Failed appendEntries: org.apache.ratis.thirdparty.io.grpc.StatusRuntimeException: UNAVAILABLE: io exception
2019-08-22 05:48:35,133 [grpc-default-executor-2] INFO  impl.FollowerInfo (FollowerInfo.java:lambda$new$0(50)) - 6ff0d347-68f7-4f62-b585-7859cadf9a08->20ef2b05-2784-432c-b787-19ea462282b8: nextIndex: updateUnconditionally 0 -> 0
2019-08-22 05:48:35,712 | INFO  | SCMAudit | user=jenkins1000 | ip=192.168.36.82 | op=SEND_HEARTBEAT {datanodeUUID=6ff0d347-68f7-4f62-b585-7859cadf9a08, command=[]} | ret=SUCCESS |  
2019-08-22 05:48:35,728 [Thread-358] INFO  ozoneimpl.OzoneContainer (OzoneContainer.java:stop(199)) - Attempting to stop container services.
2019-08-22 05:48:35,728 [Thread-358] INFO  impl.RaftServerProxy (RaftServerProxy.java:lambda$close$4(314)) - 9412f29a-5455-4c94-8484-b4d127531eb3: close
2019-08-22 05:48:35,729 [Thread-358] INFO  impl.RaftServerImpl (RaftServerImpl.java:lambda$shutdown$3(245)) - 9412f29a-5455-4c94-8484-b4d127531eb3: shutdown group-2CEE3287AFF5
2019-08-22 05:48:35,729 [ForkJoinPool.commonPool-worker-0] INFO  impl.RaftServerImpl (RaftServerImpl.java:lambda$shutdown$3(245)) - 9412f29a-5455-4c94-8484-b4d127531eb3: shutdown group-4F047C2BDA22
2019-08-22 05:48:35,729 [Thread-358] INFO  util.JmxRegister (JmxRegister.java:unregister(73)) - Successfully un-registered JMX Bean with object name Ratis:service=RaftServer,group=group-2CEE3287AFF5,id=9412f29a-5455-4c94-8484-b4d127531eb3
2019-08-22 05:48:35,730 [ForkJoinPool.commonPool-worker-0] INFO  util.JmxRegister (JmxRegister.java:unregister(73)) - Successfully un-registered JMX Bean with object name Ratis:service=RaftServer,group=group-4F047C2BDA22,id=9412f29a-5455-4c94-8484-b4d127531eb3
2019-08-22 05:48:35,730 [Thread-358] INFO  impl.RoleInfo (RoleInfo.java:shutdownLeaderState(104)) - 9412f29a-5455-4c94-8484-b4d127531eb3: shutdown LeaderState
2019-08-22 05:48:35,730 [ForkJoinPool.commonPool-worker-0] INFO  impl.RoleInfo (RoleInfo.java:shutdownFollowerState(121)) - 9412f29a-5455-4c94-8484-b4d127531eb3: shutdown FollowerState
2019-08-22 05:48:35,730 [Thread-358] INFO  impl.PendingRequests (PendingRequests.java:sendNotLeaderResponses(202)) - 9412f29a-5455-4c94-8484-b4d127531eb3-PendingRequests: sendNotLeaderResponses
2019-08-22 05:48:35,731 [Thread-561] INFO  impl.FollowerState (FollowerState.java:run(114)) - 9412f29a-5455-4c94-8484-b4d127531eb3: FollowerState was interrupted: java.lang.InterruptedException: sleep interrupted
2019-08-22 05:48:35,731 [ForkJoinPool.commonPool-worker-0] INFO  impl.StateMachineUpdater (StateMachineUpdater.java:stopAndJoin(115)) - StateMachineUpdater:9412f29a-5455-4c94-8484-b4d127531eb3:group-4F047C2BDA22: set stopIndex = 0
2019-08-22 05:48:35,736 [ForkJoinPool.commonPool-worker-0] INFO  impl.RaftServerImpl (ServerState.java:close(394)) - 9412f29a-5455-4c94-8484-b4d127531eb3:group-4F047C2BDA22 closes. The last applied log index is 0
2019-08-22 05:48:35,733 [Thread-358] INFO  impl.StateMachineUpdater (StateMachineUpdater.java:stopAndJoin(115)) - StateMachineUpdater:9412f29a-5455-4c94-8484-b4d127531eb3:group-2CEE3287AFF5: set stopIndex = 0
2019-08-22 05:48:35,736 [9412f29a-5455-4c94-8484-b4d127531eb3-SegmentedRaftLogWorker:Storage Directory /workdir/hadoop-ozone/integration-test/target/test-dir/MiniOzoneClusterImpl-83afc318-308f-4a04-affc-403b3b38e3c7/datanode-1/data/ratis/1f0afbc0-ecdc-409f-a7aa-4f047c2bda22] INFO  segmented.SegmentedRaftLogWorker (SegmentedRaftLogWorker.java:run(313)) - 9412f29a-5455-4c94-8484-b4d127531eb3-SegmentedRaftLogWorker:Storage Directory /workdir/hadoop-ozone/integration-test/target/test-dir/MiniOzoneClusterImpl-83afc318-308f-4a04-affc-403b3b38e3c7/datanode-1/data/ratis/1f0afbc0-ecdc-409f-a7aa-4f047c2bda22 was interrupted, exiting. There are 0 tasks remaining in the queue.
2019-08-22 05:48:35,736 [Thread-358] INFO  impl.RaftServerImpl (ServerState.java:close(394)) - 9412f29a-5455-4c94-8484-b4d127531eb3:group-2CEE3287AFF5 closes. The last applied log index is 0
2019-08-22 05:48:35,738 [ForkJoinPool.commonPool-worker-0] INFO  segmented.SegmentedRaftLogWorker (SegmentedRaftLogWorker.java:close(228)) - 9412f29a-5455-4c94-8484-b4d127531eb3-SegmentedRaftLogWorker:Storage Directory /workdir/hadoop-ozone/integration-test/target/test-dir/MiniOzoneClusterImpl-83afc318-308f-4a04-affc-403b3b38e3c7/datanode-1/data/ratis/1f0afbc0-ecdc-409f-a7aa-4f047c2bda22 close()
2019-08-22 05:48:35,738 [9412f29a-5455-4c94-8484-b4d127531eb3-SegmentedRaftLogWorker:Storage Directory /workdir/hadoop-ozone/integration-test/target/test-dir/MiniOzoneClusterImpl-83afc318-308f-4a04-affc-403b3b38e3c7/datanode-1/data/ratis/62bdf454-04dd-42d5-8fdf-2cee3287aff5] INFO  segmented.SegmentedRaftLogWorker (SegmentedRaftLogWorker.java:run(313)) - 9412f29a-5455-4c94-8484-b4d127531eb3-SegmentedRaftLogWorker:Storage Directory /workdir/hadoop-ozone/integration-test/target/test-dir/MiniOzoneClusterImpl-83afc318-308f-4a04-affc-403b3b38e3c7/datanode-1/data/ratis/62bdf454-04dd-42d5-8fdf-2cee3287aff5 was interrupted, exiting. There are 0 tasks remaining in the queue.
2019-08-22 05:48:35,742 [Thread-358] INFO  segmented.SegmentedRaftLogWorker (SegmentedRaftLogWorker.java:close(228)) - 9412f29a-5455-4c94-8484-b4d127531eb3-SegmentedRaftLogWorker:Storage Directory /workdir/hadoop-ozone/integration-test/target/test-dir/MiniOzoneClusterImpl-83afc318-308f-4a04-affc-403b3b38e3c7/datanode-1/data/ratis/62bdf454-04dd-42d5-8fdf-2cee3287aff5 close()
2019-08-22 05:48:35,744 [Thread-358] INFO  server.GrpcService (GrpcService.java:closeImpl(155)) - 9412f29a-5455-4c94-8484-b4d127531eb3: shutdown server with port 35712 now
2019-08-22 05:48:35,747 [grpc-default-executor-1] WARN  server.GrpcServerProtocolService (LogUtils.java:warn(134)) - 9412f29a-5455-4c94-8484-b4d127531eb3: appendEntries onError: org.apache.ratis.thirdparty.io.grpc.StatusRuntimeException: CANCELLED: cancelled before receiving half close
2019-08-22 05:48:35,747 [Thread-358] INFO  server.GrpcService (GrpcService.java:closeImpl(163)) - 9412f29a-5455-4c94-8484-b4d127531eb3: shutdown server with port 35712 successfully
2019-08-22 05:48:35,748 [grpc-default-executor-0] WARN  server.GrpcLogAppender (LogUtils.java:warn(134)) - 6ff0d347-68f7-4f62-b585-7859cadf9a08->9412f29a-5455-4c94-8484-b4d127531eb3: Failed appendEntries: org.apache.ratis.thirdparty.io.grpc.StatusRuntimeException: CANCELLED: HTTP/2 error code: CANCEL
Received Rst Stream
2019-08-22 05:48:35,750 [grpc-default-executor-0] INFO  impl.FollowerInfo (FollowerInfo.java:lambda$new$0(50)) - 6ff0d347-68f7-4f62-b585-7859cadf9a08->9412f29a-5455-4c94-8484-b4d127531eb3: nextIndex: updateUnconditionally 1 -> 0
2019-08-22 05:48:35,750 [Thread-358] INFO  utils.BackgroundService (BackgroundService.java:shutdown(148)) - Shutting down service BlockDeletingService
2019-08-22 05:48:35,752 [refreshUsed-/workdir/hadoop-ozone/integration-test/target/test-dir/MiniOzoneClusterImpl-83afc318-308f-4a04-affc-403b3b38e3c7/datanode-1/data/containers] WARN  fs.CachingGetSpaceUsed (CachingGetSpaceUsed.java:run(183)) - Thread Interrupted waiting to refresh disk information: sleep interrupted
2019-08-22 05:48:35,777 [Thread-358] INFO  statemachine.DatanodeStateMachine (DatanodeStateMachine.java:stopDaemon(395)) - Ozone container server stopped.
2019-08-22 05:48:35,778 [Thread-358] INFO  handler.ContextHandler (ContextHandler.java:doStop(910)) - Stopped o.e.j.w.WebAppContext@17986467{/,null,UNAVAILABLE}{/hddsDatanode}
2019-08-22 05:48:35,779 [Thread-358] INFO  server.AbstractConnector (AbstractConnector.java:doStop(318)) - Stopped ServerConnector@781baea8{HTTP/1.1,[http/1.1]}{0.0.0.0:0}
2019-08-22 05:48:35,779 [Thread-358] INFO  handler.ContextHandler (ContextHandler.java:doStop(910)) - Stopped o.e.j.s.ServletContextHandler@5bcf6a85{/static,jar:file:/home/user/.m2/repository/org/apache/hadoop/hadoop-hdds-container-service/0.5.0-SNAPSHOT/hadoop-hdds-container-service-0.5.0-SNAPSHOT.jar!/webapps/static,UNAVAILABLE}
2019-08-22 05:48:35,780 [Thread-358] INFO  handler.ContextHandler (ContextHandler.java:doStop(910)) - Stopped o.e.j.s.ServletContextHandler@6225881{/logs,file:///workdir/hadoop-ozone/integration-test/target/log,UNAVAILABLE}
2019-08-22 05:48:35,781 [Thread-358] INFO  datanode.ObjectStoreHandler (ObjectStoreHandler.java:close(155)) - Closing ObjectStoreHandler.
2019-08-22 05:48:35,782 [Thread-358] INFO  ozone.HddsDatanodeService (HddsDatanodeService.java:stop(451)) - Stopped plug-in org.apache.hadoop.ozone.web.OzoneHddsDatanodeService@66a021e9
2019-08-22 05:48:35,924 [EventQueue-StaleNodeForStaleNodeHandler] INFO  node.StaleNodeHandler (StaleNodeHandler.java:onMessage(58)) - Datanode 9412f29a-5455-4c94-8484-b4d127531eb3{ip: 192.168.36.82, host: pr-hdds-2008-trunk-8dx8q-886544045, networkLocation: /default-rack, certSerialId: null} moved to stale state. Finalizing its pipelines [PipelineID=62bdf454-04dd-42d5-8fdf-2cee3287aff5, PipelineID=1f0afbc0-ecdc-409f-a7aa-4f047c2bda22]
2019-08-22 05:48:35,924 [EventQueue-StaleNodeForStaleNodeHandler] INFO  pipeline.SCMPipelineManager (SCMPipelineManager.java:finalizeAndDestroyPipeline(309)) - destroying pipeline:Pipeline[ Id: 62bdf454-04dd-42d5-8fdf-2cee3287aff5, Nodes: 9412f29a-5455-4c94-8484-b4d127531eb3{ip: 192.168.36.82, host: pr-hdds-2008-trunk-8dx8q-886544045, networkLocation: /default-rack, certSerialId: null}, Type:RATIS, Factor:ONE, State:OPEN]
2019-08-22 05:48:35,925 [EventQueue-StaleNodeForStaleNodeHandler] INFO  pipeline.PipelineStateManager (PipelineStateManager.java:finalizePipeline(123)) - Pipeline Pipeline[ Id: 62bdf454-04dd-42d5-8fdf-2cee3287aff5, Nodes: 9412f29a-5455-4c94-8484-b4d127531eb3{ip: 192.168.36.82, host: pr-hdds-2008-trunk-8dx8q-886544045, networkLocation: /default-rack, certSerialId: null}, Type:RATIS, Factor:ONE, State:CLOSED] moved to CLOSED state
2019-08-22 05:48:35,925 [EventQueue-StaleNodeForStaleNodeHandler] INFO  pipeline.SCMPipelineManager (SCMPipelineManager.java:finalizeAndDestroyPipeline(309)) - destroying pipeline:Pipeline[ Id: 1f0afbc0-ecdc-409f-a7aa-4f047c2bda22, Nodes: 20ef2b05-2784-432c-b787-19ea462282b8{ip: 192.168.36.82, host: pr-hdds-2008-trunk-8dx8q-886544045, networkLocation: /default-rack, certSerialId: null}6ff0d347-68f7-4f62-b585-7859cadf9a08{ip: 192.168.36.82, host: pr-hdds-2008-trunk-8dx8q-886544045, networkLocation: /default-rack, certSerialId: null}9412f29a-5455-4c94-8484-b4d127531eb3{ip: 192.168.36.82, host: pr-hdds-2008-trunk-8dx8q-886544045, networkLocation: /default-rack, certSerialId: null}, Type:RATIS, Factor:THREE, State:CLOSED]
2019-08-22 05:48:36,710 [Datanode State Machine Thread - 0] INFO  statemachine.DatanodeStateMachine (DatanodeStateMachine.java:lambda$startDaemon$0(350)) - Ozone container server started.
2019-08-22 05:48:37,631 [grpc-default-executor-1] WARN  server.GrpcLogAppender (LogUtils.java:warn(134)) - 6ff0d347-68f7-4f62-b585-7859cadf9a08->20ef2b05-2784-432c-b787-19ea462282b8: Failed appendEntries: org.apache.ratis.thirdparty.io.grpc.StatusRuntimeException: UNAVAILABLE: io exception
2019-08-22 05:48:37,632 [grpc-default-executor-1] INFO  impl.FollowerInfo (FollowerInfo.java:lambda$new$0(50)) - 6ff0d347-68f7-4f62-b585-7859cadf9a08->20ef2b05-2784-432c-b787-19ea462282b8: nextIndex: updateUnconditionally 0 -> 0
2019-08-22 05:48:37,640 [grpc-default-executor-2] WARN  server.GrpcLogAppender (LogUtils.java:warn(134)) - 6ff0d347-68f7-4f62-b585-7859cadf9a08->9412f29a-5455-4c94-8484-b4d127531eb3: Failed appendEntries: org.apache.ratis.thirdparty.io.grpc.StatusRuntimeException: UNAVAILABLE: io exception
2019-08-22 05:48:37,641 [grpc-default-executor-2] INFO  impl.FollowerInfo (FollowerInfo.java:lambda$new$0(50)) - 6ff0d347-68f7-4f62-b585-7859cadf9a08->9412f29a-5455-4c94-8484-b4d127531eb3: nextIndex: updateUnconditionally 0 -> 0
2019-08-22 05:48:40,133 [grpc-default-executor-0] WARN  server.GrpcLogAppender (LogUtils.java:warn(134)) - 6ff0d347-68f7-4f62-b585-7859cadf9a08->20ef2b05-2784-432c-b787-19ea462282b8: Failed appendEntries: org.apache.ratis.thirdparty.io.grpc.StatusRuntimeException: UNAVAILABLE: io exception
2019-08-22 05:48:40,135 [grpc-default-executor-0] INFO  impl.FollowerInfo (FollowerInfo.java:lambda$new$0(50)) - 6ff0d347-68f7-4f62-b585-7859cadf9a08->20ef2b05-2784-432c-b787-19ea462282b8: nextIndex: updateUnconditionally 0 -> 0
2019-08-22 05:48:40,142 [grpc-default-executor-2] WARN  server.GrpcLogAppender (LogUtils.java:warn(134)) - 6ff0d347-68f7-4f62-b585-7859cadf9a08->9412f29a-5455-4c94-8484-b4d127531eb3: Failed appendEntries: org.apache.ratis.thirdparty.io.grpc.StatusRuntimeException: UNAVAILABLE: io exception
2019-08-22 05:48:40,146 [grpc-default-executor-2] INFO  impl.FollowerInfo (FollowerInfo.java:lambda$new$0(50)) - 6ff0d347-68f7-4f62-b585-7859cadf9a08->9412f29a-5455-4c94-8484-b4d127531eb3: nextIndex: updateUnconditionally 0 -> 0
2019-08-22 05:48:40,783 [Thread-358] INFO  ozoneimpl.OzoneContainer (OzoneContainer.java:stop(199)) - Attempting to stop container services.
2019-08-22 05:48:40,785 [Thread-358] INFO  impl.RaftServerProxy (RaftServerProxy.java:lambda$close$4(314)) - 6ff0d347-68f7-4f62-b585-7859cadf9a08: close
2019-08-22 05:48:40,785 [Thread-358] INFO  impl.RaftServerImpl (RaftServerImpl.java:lambda$shutdown$3(245)) - 6ff0d347-68f7-4f62-b585-7859cadf9a08: shutdown group-7D1E90CBEC34
2019-08-22 05:48:40,786 [Thread-358] INFO  util.JmxRegister (JmxRegister.java:unregister(73)) - Successfully un-registered JMX Bean with object name Ratis:service=RaftServer,group=group-7D1E90CBEC34,id=6ff0d347-68f7-4f62-b585-7859cadf9a08
2019-08-22 05:48:40,786 [Thread-358] INFO  impl.RoleInfo (RoleInfo.java:shutdownLeaderState(104)) - 6ff0d347-68f7-4f62-b585-7859cadf9a08: shutdown LeaderState
2019-08-22 05:48:40,787 [Thread-358] INFO  impl.PendingRequests (PendingRequests.java:sendNotLeaderResponses(202)) - 6ff0d347-68f7-4f62-b585-7859cadf9a08-PendingRequests: sendNotLeaderResponses
2019-08-22 05:48:40,787 [Thread-358] INFO  impl.StateMachineUpdater (StateMachineUpdater.java:stopAndJoin(115)) - StateMachineUpdater:6ff0d347-68f7-4f62-b585-7859cadf9a08:group-7D1E90CBEC34: set stopIndex = 0
2019-08-22 05:48:40,789 [Thread-358] INFO  impl.RaftServerImpl (ServerState.java:close(394)) - 6ff0d347-68f7-4f62-b585-7859cadf9a08:group-7D1E90CBEC34 closes. The last applied log index is 0
2019-08-22 05:48:40,790 [6ff0d347-68f7-4f62-b585-7859cadf9a08-SegmentedRaftLogWorker:Storage Directory /workdir/hadoop-ozone/integration-test/target/test-dir/MiniOzoneClusterImpl-83afc318-308f-4a04-affc-403b3b38e3c7/datanode-2/data/ratis/7471f61d-27fe-40af-be32-7d1e90cbec34] INFO  segmented.SegmentedRaftLogWorker (SegmentedRaftLogWorker.java:run(313)) - 6ff0d347-68f7-4f62-b585-7859cadf9a08-SegmentedRaftLogWorker:Storage Directory /workdir/hadoop-ozone/integration-test/target/test-dir/MiniOzoneClusterImpl-83afc318-308f-4a04-affc-403b3b38e3c7/datanode-2/data/ratis/7471f61d-27fe-40af-be32-7d1e90cbec34 was interrupted, exiting. There are 0 tasks remaining in the queue.
2019-08-22 05:48:40,791 [Thread-358] INFO  segmented.SegmentedRaftLogWorker (SegmentedRaftLogWorker.java:close(228)) - 6ff0d347-68f7-4f62-b585-7859cadf9a08-SegmentedRaftLogWorker:Storage Directory /workdir/hadoop-ozone/integration-test/target/test-dir/MiniOzoneClusterImpl-83afc318-308f-4a04-affc-403b3b38e3c7/datanode-2/data/ratis/7471f61d-27fe-40af-be32-7d1e90cbec34 close()
2019-08-22 05:48:40,794 [Thread-358] INFO  impl.RaftServerImpl (RaftServerImpl.java:lambda$shutdown$3(245)) - 6ff0d347-68f7-4f62-b585-7859cadf9a08: shutdown group-4F047C2BDA22
2019-08-22 05:48:40,794 [Thread-358] INFO  util.JmxRegister (JmxRegister.java:unregister(73)) - Successfully un-registered JMX Bean with object name Ratis:service=RaftServer,group=group-4F047C2BDA22,id=6ff0d347-68f7-4f62-b585-7859cadf9a08
2019-08-22 05:48:40,795 [Thread-358] INFO  impl.RoleInfo (RoleInfo.java:shutdownLeaderState(104)) - 6ff0d347-68f7-4f62-b585-7859cadf9a08: shutdown LeaderState
2019-08-22 05:48:40,797 [org.apache.ratis.server.impl.LogAppender$AppenderDaemon$$Lambda$429/751849750@59f2e74e] WARN  server.GrpcLogAppender (GrpcLogAppender.java:mayWait(143)) - GrpcLogAppender(6ff0d347-68f7-4f62-b585-7859cadf9a08->20ef2b05-2784-432c-b787-19ea462282b8): Wait interrupted by java.lang.InterruptedException
2019-08-22 05:48:40,797 [org.apache.ratis.server.impl.LogAppender$AppenderDaemon$$Lambda$429/751849750@1cf07214] WARN  server.GrpcLogAppender (GrpcLogAppender.java:mayWait(143)) - GrpcLogAppender(6ff0d347-68f7-4f62-b585-7859cadf9a08->9412f29a-5455-4c94-8484-b4d127531eb3): Wait interrupted by java.lang.InterruptedException
2019-08-22 05:48:40,797 [Thread-358] INFO  impl.PendingRequests (PendingRequests.java:sendNotLeaderResponses(202)) - 6ff0d347-68f7-4f62-b585-7859cadf9a08-PendingRequests: sendNotLeaderResponses
2019-08-22 05:48:40,800 [Thread-358] INFO  impl.StateMachineUpdater (StateMachineUpdater.java:stopAndJoin(115)) - StateMachineUpdater:6ff0d347-68f7-4f62-b585-7859cadf9a08:group-4F047C2BDA22: set stopIndex = 0
2019-08-22 05:48:40,801 [Thread-358] INFO  impl.RaftServerImpl (ServerState.java:close(394)) - 6ff0d347-68f7-4f62-b585-7859cadf9a08:group-4F047C2BDA22 closes. The last applied log index is 0
2019-08-22 05:48:40,802 [6ff0d347-68f7-4f62-b585-7859cadf9a08-SegmentedRaftLogWorker:Storage Directory /workdir/hadoop-ozone/integration-test/target/test-dir/MiniOzoneClusterImpl-83afc318-308f-4a04-affc-403b3b38e3c7/datanode-2/data/ratis/1f0afbc0-ecdc-409f-a7aa-4f047c2bda22] INFO  segmented.SegmentedRaftLogWorker (SegmentedRaftLogWorker.java:run(313)) - 6ff0d347-68f7-4f62-b585-7859cadf9a08-SegmentedRaftLogWorker:Storage Directory /workdir/hadoop-ozone/integration-test/target/test-dir/MiniOzoneClusterImpl-83afc318-308f-4a04-affc-403b3b38e3c7/datanode-2/data/ratis/1f0afbc0-ecdc-409f-a7aa-4f047c2bda22 was interrupted, exiting. There are 0 tasks remaining in the queue.
2019-08-22 05:48:40,803 [Thread-358] INFO  segmented.SegmentedRaftLogWorker (SegmentedRaftLogWorker.java:close(228)) - 6ff0d347-68f7-4f62-b585-7859cadf9a08-SegmentedRaftLogWorker:Storage Directory /workdir/hadoop-ozone/integration-test/target/test-dir/MiniOzoneClusterImpl-83afc318-308f-4a04-affc-403b3b38e3c7/datanode-2/data/ratis/1f0afbc0-ecdc-409f-a7aa-4f047c2bda22 close()
2019-08-22 05:48:40,805 [Thread-358] INFO  server.GrpcService (GrpcService.java:closeImpl(155)) - 6ff0d347-68f7-4f62-b585-7859cadf9a08: shutdown server with port 41391 now
2019-08-22 05:48:40,806 [Thread-358] INFO  server.GrpcService (GrpcService.java:closeImpl(163)) - 6ff0d347-68f7-4f62-b585-7859cadf9a08: shutdown server with port 41391 successfully
2019-08-22 05:48:40,813 [Thread-358] INFO  utils.BackgroundService (BackgroundService.java:shutdown(148)) - Shutting down service BlockDeletingService
2019-08-22 05:48:40,814 [refreshUsed-/workdir/hadoop-ozone/integration-test/target/test-dir/MiniOzoneClusterImpl-83afc318-308f-4a04-affc-403b3b38e3c7/datanode-2/data/containers] WARN  fs.CachingGetSpaceUsed (CachingGetSpaceUsed.java:run(183)) - Thread Interrupted waiting to refresh disk information: sleep interrupted
2019-08-22 05:48:40,834 [Thread-358] INFO  statemachine.DatanodeStateMachine (DatanodeStateMachine.java:stopDaemon(395)) - Ozone container server stopped.
2019-08-22 05:48:40,835 [Thread-358] INFO  handler.ContextHandler (ContextHandler.java:doStop(910)) - Stopped o.e.j.w.WebAppContext@28cbb280{/,null,UNAVAILABLE}{/hddsDatanode}
2019-08-22 05:48:40,836 [Thread-358] INFO  server.AbstractConnector (AbstractConnector.java:doStop(318)) - Stopped ServerConnector@eb7a004{HTTP/1.1,[http/1.1]}{0.0.0.0:0}
2019-08-22 05:48:40,836 [Thread-358] INFO  handler.ContextHandler (ContextHandler.java:doStop(910)) - Stopped o.e.j.s.ServletContextHandler@58f28f70{/static,jar:file:/home/user/.m2/repository/org/apache/hadoop/hadoop-hdds-container-service/0.5.0-SNAPSHOT/hadoop-hdds-container-service-0.5.0-SNAPSHOT.jar!/webapps/static,UNAVAILABLE}
2019-08-22 05:48:40,836 [Thread-358] INFO  handler.ContextHandler (ContextHandler.java:doStop(910)) - Stopped o.e.j.s.ServletContextHandler@4b7caa7f{/logs,file:///workdir/hadoop-ozone/integration-test/target/log,UNAVAILABLE}
2019-08-22 05:48:40,841 [Thread-358] INFO  impl.MetricsSystemImpl (MetricsSystemImpl.java:init(158)) - HddsDatanode metrics system started (again)
2019-08-22 05:48:40,883 [Thread-358] INFO  ozone.HddsDatanodeService (HddsDatanodeService.java:start(184)) - HddsDatanodeService host:pr-hdds-2008-trunk-8dx8q-886544045 ip:192.168.36.82
2019-08-22 05:48:40,886 [Thread-358] INFO  volume.VolumeUsage (VolumeUsage.java:loadScmUsed(144)) - Cached ScmUsed found for /workdir/hadoop-ozone/integration-test/target/test-dir/MiniOzoneClusterImpl-83afc318-308f-4a04-affc-403b3b38e3c7/datanode-0/data/containers : 4096 
2019-08-22 05:48:40,886 [Thread-358] INFO  volume.HddsVolume (HddsVolume.java:<init>(176)) - Creating Volume: /workdir/hadoop-ozone/integration-test/target/test-dir/MiniOzoneClusterImpl-83afc318-308f-4a04-affc-403b3b38e3c7/datanode-0/data/containers/hdds of  storage type : DISK and capacity : 1482555576320
2019-08-22 05:48:40,887 [Thread-358] INFO  volume.VolumeSet (VolumeSet.java:initializeVolumeSet(170)) - Added Volume : /workdir/hadoop-ozone/integration-test/target/test-dir/MiniOzoneClusterImpl-83afc318-308f-4a04-affc-403b3b38e3c7/datanode-0/data/containers/hdds to VolumeSet
2019-08-22 05:48:40,887 [Thread-358] INFO  volume.ThrottledAsyncChecker (ThrottledAsyncChecker.java:schedule(140)) - Scheduling a check for org.apache.hadoop.ozone.container.common.volume.HddsVolume@d4688d3
2019-08-22 05:48:40,887 [Thread-358] INFO  volume.HddsVolumeChecker (HddsVolumeChecker.java:checkAllVolumes(203)) - Scheduled health check for volume org.apache.hadoop.ozone.container.common.volume.HddsVolume@d4688d3
2019-08-22 05:48:40,904 [Thread-358] INFO  impl.RaftServerProxy (ConfUtils.java:logGet(43)) - raft.rpc.type = GRPC (default)
2019-08-22 05:48:40,904 [Thread-358] INFO  grpc.GrpcFactory (GrpcFactory.java:checkPooledByteBufAllocatorUseCacheForAllThreads(45)) - PERFORMANCE WARNING: useCacheForAllThreads is true that may cause Netty to create a lot garbage objects and, as a result, trigger GC.
	It is recommended to disable useCacheForAllThreads by setting -Dorg.apache.ratis.thirdparty.io.netty.allocator.useCacheForAllThreads=false in command line.
2019-08-22 05:48:40,905 [Thread-358] INFO  grpc.GrpcConfigKeys$Server (ConfUtils.java:logGet(43)) - raft.grpc.server.port = 43454 (custom)
2019-08-22 05:48:40,905 [Thread-358] INFO  server.GrpcService (ConfUtils.java:logGet(43)) - raft.grpc.message.size.max = 33570816 (custom)
2019-08-22 05:48:40,905 [Thread-358] INFO  server.RaftServerConfigKeys (ConfUtils.java:logGet(43)) - raft.server.log.appender.buffer.byte-limit = 33554432 (custom)
2019-08-22 05:48:40,905 [Thread-358] INFO  server.GrpcService (ConfUtils.java:logGet(43)) - raft.grpc.flow.control.window = 1MB (=1048576) (default)
2019-08-22 05:48:40,905 [Thread-358] INFO  server.RaftServerConfigKeys (ConfUtils.java:logGet(43)) - raft.server.rpc.request.timeout = 3000ms (default)
2019-08-22 05:48:40,906 [Thread-358] INFO  server.RaftServerConfigKeys (ConfUtils.java:logGet(43)) - raft.server.storage.dir = [/workdir/hadoop-ozone/integration-test/target/test-dir/MiniOzoneClusterImpl-83afc318-308f-4a04-affc-403b3b38e3c7/datanode-0/data/ratis] (custom)
2019-08-22 05:48:40,906 [Thread-358] INFO  impl.RaftServerProxy (RaftServerProxy.java:lambda$null$0(191)) - 20ef2b05-2784-432c-b787-19ea462282b8: found a subdirectory /workdir/hadoop-ozone/integration-test/target/test-dir/MiniOzoneClusterImpl-83afc318-308f-4a04-affc-403b3b38e3c7/datanode-0/data/ratis/0f2202a7-fa8d-4967-b560-7ae651877809
2019-08-22 05:48:40,907 [Thread-358] INFO  impl.RaftServerProxy (RaftServerProxy.java:addNew(89)) - 20ef2b05-2784-432c-b787-19ea462282b8: addNew group-7AE651877809:[] returns group-7AE651877809:java.util.concurrent.CompletableFuture@253b226e[Not completed]
2019-08-22 05:48:40,907 [Thread-358] INFO  impl.RaftServerProxy (RaftServerProxy.java:lambda$null$0(191)) - 20ef2b05-2784-432c-b787-19ea462282b8: found a subdirectory /workdir/hadoop-ozone/integration-test/target/test-dir/MiniOzoneClusterImpl-83afc318-308f-4a04-affc-403b3b38e3c7/datanode-0/data/ratis/1f0afbc0-ecdc-409f-a7aa-4f047c2bda22
2019-08-22 05:48:40,908 [Thread-358] INFO  impl.RaftServerProxy (RaftServerProxy.java:addNew(89)) - 20ef2b05-2784-432c-b787-19ea462282b8: addNew group-4F047C2BDA22:[] returns group-4F047C2BDA22:java.util.concurrent.CompletableFuture@2fb27ab3[Not completed]
2019-08-22 05:48:40,908 [Thread-358] INFO  replication.SimpleContainerDownloader (SimpleContainerDownloader.java:<init>(72)) - Starting container downloader service to copy containers to replicate.
2019-08-22 05:48:40,909 [Thread-358] INFO  hdfs.DFSUtil (DFSUtil.java:httpServerTemplateForNNAndJN(1641)) - Starting Web-server for hddsDatanode at: http://0.0.0.0:46366
2019-08-22 05:48:40,913 [pool-148-thread-1] INFO  impl.RaftServerImpl (RaftServerImpl.java:<init>(93)) - 20ef2b05-2784-432c-b787-19ea462282b8: new RaftServerImpl for group-7AE651877809:[] with ContainerStateMachine:uninitialized
2019-08-22 05:48:40,914 [pool-148-thread-1] INFO  server.RaftServerConfigKeys (ConfUtils.java:logGet(43)) - raft.server.rpc.timeout.min = 5s (custom)
2019-08-22 05:48:40,914 [pool-148-thread-1] INFO  server.RaftServerConfigKeys (ConfUtils.java:logGet(43)) - raft.server.rpc.timeout.max = 5200ms (custom)
2019-08-22 05:48:40,914 [pool-148-thread-1] INFO  server.RaftServerConfigKeys (ConfUtils.java:logGet(43)) - raft.server.rpcslowness.timeout = 120s (custom)
2019-08-22 05:48:40,914 [Thread-358] INFO  server.AuthenticationFilter (AuthenticationFilter.java:constructSecretProvider(240)) - Unable to initialize FileSignerSecretProvider, falling back to use random secrets.
2019-08-22 05:48:40,914 [pool-148-thread-1] INFO  server.RaftServerConfigKeys (ConfUtils.java:logGet(43)) - raft.server.sleep.deviation.threshold = 300 (default)
2019-08-22 05:48:40,915 [pool-148-thread-1] INFO  server.RaftServerConfigKeys (ConfUtils.java:logGet(43)) - raft.server.log.appender.install.snapshot.enabled = false (custom)
2019-08-22 05:48:40,915 [pool-148-thread-1] INFO  impl.RaftServerImpl (ServerState.java:<init>(105)) - 20ef2b05-2784-432c-b787-19ea462282b8:group-7AE651877809 ConfigurationManager, init=-1: [], old=null, confs=<EMPTY_MAP>
2019-08-22 05:48:40,915 [Thread-358] WARN  http.HttpRequestLog (HttpRequestLog.java:getRequestLog(97)) - Jetty request log can only be enabled using Log4j
2019-08-22 05:48:40,915 [pool-148-thread-1] INFO  server.RaftServerConfigKeys (ConfUtils.java:logGet(43)) - raft.server.storage.dir = [/workdir/hadoop-ozone/integration-test/target/test-dir/MiniOzoneClusterImpl-83afc318-308f-4a04-affc-403b3b38e3c7/datanode-0/data/ratis] (custom)
2019-08-22 05:48:40,916 [Thread-358] INFO  http.HttpServer2 (HttpServer2.java:addGlobalFilter(975)) - Added global filter 'safety' (class=org.apache.hadoop.http.HttpServer2$QuotingInputFilter)
2019-08-22 05:48:40,917 [Thread-358] INFO  http.HttpServer2 (HttpServer2.java:addFilter(948)) - Added filter static_user_filter (class=org.apache.hadoop.http.lib.StaticUserWebFilter$StaticUserFilter) to context hddsDatanode
2019-08-22 05:48:40,917 [Thread-358] INFO  http.HttpServer2 (HttpServer2.java:addFilter(958)) - Added filter static_user_filter (class=org.apache.hadoop.http.lib.StaticUserWebFilter$StaticUserFilter) to context static
2019-08-22 05:48:40,917 [Thread-358] INFO  http.HttpServer2 (HttpServer2.java:addFilter(958)) - Added filter static_user_filter (class=org.apache.hadoop.http.lib.StaticUserWebFilter$StaticUserFilter) to context logs
2019-08-22 05:48:40,918 [Thread-358] INFO  http.HttpServer2 (HttpServer2.java:bindListener(1191)) - Jetty bound to port 46366
2019-08-22 05:48:40,918 [Thread-358] INFO  server.Server (Server.java:doStart(351)) - jetty-9.3.24.v20180605, build timestamp: 2018-06-05T17:11:56Z, git hash: 84205aa28f11a4f31f2a3b86d1bba2cc8ab69827
2019-08-22 05:48:40,920 [Thread-358] INFO  handler.ContextHandler (ContextHandler.java:doStart(781)) - Started o.e.j.s.ServletContextHandler@35bf08c1{/logs,file:///workdir/hadoop-ozone/integration-test/target/log,AVAILABLE}
2019-08-22 05:48:40,921 [Thread-358] INFO  handler.ContextHandler (ContextHandler.java:doStart(781)) - Started o.e.j.s.ServletContextHandler@553984cb{/static,jar:file:/home/user/.m2/repository/org/apache/hadoop/hadoop-hdds-container-service/0.5.0-SNAPSHOT/hadoop-hdds-container-service-0.5.0-SNAPSHOT.jar!/webapps/static,AVAILABLE}
2019-08-22 05:48:40,925 [EventQueue-StaleNodeForStaleNodeHandler] INFO  node.StaleNodeHandler (StaleNodeHandler.java:onMessage(58)) - Datanode 6ff0d347-68f7-4f62-b585-7859cadf9a08{ip: 192.168.36.82, host: pr-hdds-2008-trunk-8dx8q-886544045, networkLocation: /default-rack, certSerialId: null} moved to stale state. Finalizing its pipelines [PipelineID=7471f61d-27fe-40af-be32-7d1e90cbec34, PipelineID=1f0afbc0-ecdc-409f-a7aa-4f047c2bda22]
2019-08-22 05:48:40,926 [EventQueue-StaleNodeForStaleNodeHandler] INFO  pipeline.SCMPipelineManager (SCMPipelineManager.java:finalizeAndDestroyPipeline(309)) - destroying pipeline:Pipeline[ Id: 7471f61d-27fe-40af-be32-7d1e90cbec34, Nodes: 6ff0d347-68f7-4f62-b585-7859cadf9a08{ip: 192.168.36.82, host: pr-hdds-2008-trunk-8dx8q-886544045, networkLocation: /default-rack, certSerialId: null}, Type:RATIS, Factor:ONE, State:OPEN]
2019-08-22 05:48:40,926 [EventQueue-StaleNodeForStaleNodeHandler] INFO  pipeline.PipelineStateManager (PipelineStateManager.java:finalizePipeline(123)) - Pipeline Pipeline[ Id: 7471f61d-27fe-40af-be32-7d1e90cbec34, Nodes: 6ff0d347-68f7-4f62-b585-7859cadf9a08{ip: 192.168.36.82, host: pr-hdds-2008-trunk-8dx8q-886544045, networkLocation: /default-rack, certSerialId: null}, Type:RATIS, Factor:ONE, State:CLOSED] moved to CLOSED state
2019-08-22 05:48:40,926 [EventQueue-StaleNodeForStaleNodeHandler] INFO  pipeline.SCMPipelineManager (SCMPipelineManager.java:finalizeAndDestroyPipeline(309)) - destroying pipeline:Pipeline[ Id: 1f0afbc0-ecdc-409f-a7aa-4f047c2bda22, Nodes: 20ef2b05-2784-432c-b787-19ea462282b8{ip: 192.168.36.82, host: pr-hdds-2008-trunk-8dx8q-886544045, networkLocation: /default-rack, certSerialId: null}6ff0d347-68f7-4f62-b585-7859cadf9a08{ip: 192.168.36.82, host: pr-hdds-2008-trunk-8dx8q-886544045, networkLocation: /default-rack, certSerialId: null}9412f29a-5455-4c94-8484-b4d127531eb3{ip: 192.168.36.82, host: pr-hdds-2008-trunk-8dx8q-886544045, networkLocation: /default-rack, certSerialId: null}, Type:RATIS, Factor:THREE, State:CLOSED]
2019-08-22 05:48:40,938 [pool-148-thread-1] INFO  storage.RaftStorageDirectory (RaftStorageDirectory.java:tryLock(328)) - Lock on /workdir/hadoop-ozone/integration-test/target/test-dir/MiniOzoneClusterImpl-83afc318-308f-4a04-affc-403b3b38e3c7/datanode-0/data/ratis/0f2202a7-fa8d-4967-b560-7ae651877809/in_use.lock acquired by nodename 4933@pr-hdds-2008-trunk-8dx8q-886544045
2019-08-22 05:48:40,940 [pool-148-thread-1] INFO  ratis.ContainerStateMachine (ContainerStateMachine.java:loadSnapshot(226)) - group-7AE651877809: The snapshot info is null. Setting the last applied indexto:(t:0, i:~)
2019-08-22 05:48:40,940 [pool-148-thread-1] INFO  server.RaftServerConfigKeys (ConfUtils.java:logGet(43)) - raft.server.leader.election.timeout = 120s (custom)
2019-08-22 05:48:40,941 [pool-148-thread-1] INFO  server.RaftServerConfigKeys (ConfUtils.java:logGet(43)) - raft.server.log.use.memory = false (default)
2019-08-22 05:48:40,941 [pool-148-thread-1] INFO  server.RaftServerConfigKeys (ConfUtils.java:logGet(43)) - raft.server.log.purge.gap = 1000000 (custom)
2019-08-22 05:48:40,941 [pool-148-thread-1] INFO  server.RaftServerConfigKeys (ConfUtils.java:logGet(43)) - raft.server.log.appender.buffer.byte-limit = 33554432 (custom)
2019-08-22 05:48:40,941 [pool-148-thread-1] INFO  server.RaftServerConfigKeys (ConfUtils.java:logGet(43)) - raft.server.log.segment.size.max = 1048576 (custom)
2019-08-22 05:48:40,941 [pool-148-thread-1] INFO  server.RaftServerConfigKeys (ConfUtils.java:logGet(43)) - raft.server.log.segment.cache.num.max = 2 (custom)
2019-08-22 05:48:40,942 [pool-148-thread-1] INFO  segmented.SegmentedRaftLogWorker (SegmentedRaftLogWorker.java:<init>(172)) - new 20ef2b05-2784-432c-b787-19ea462282b8-SegmentedRaftLogWorker:Storage Directory /workdir/hadoop-ozone/integration-test/target/test-dir/MiniOzoneClusterImpl-83afc318-308f-4a04-affc-403b3b38e3c7/datanode-0/data/ratis/0f2202a7-fa8d-4967-b560-7ae651877809 for RaftStorage:Storage Directory /workdir/hadoop-ozone/integration-test/target/test-dir/MiniOzoneClusterImpl-83afc318-308f-4a04-affc-403b3b38e3c7/datanode-0/data/ratis/0f2202a7-fa8d-4967-b560-7ae651877809
2019-08-22 05:48:40,942 [pool-148-thread-1] INFO  server.RaftServerConfigKeys (ConfUtils.java:logGet(43)) - raft.server.log.queue.byte-limit = 2147483647 (custom)
2019-08-22 05:48:40,942 [pool-148-thread-1] INFO  server.RaftServerConfigKeys (ConfUtils.java:logGet(43)) - raft.server.log.queue.element-limit = 1024 (custom)
2019-08-22 05:48:40,942 [pool-148-thread-1] INFO  server.RaftServerConfigKeys (ConfUtils.java:logGet(43)) - raft.server.log.segment.size.max = 1048576 (custom)
2019-08-22 05:48:40,943 [pool-148-thread-1] INFO  server.RaftServerConfigKeys (ConfUtils.java:logGet(43)) - raft.server.log.preallocated.size = 16384 (custom)
2019-08-22 05:48:40,943 [pool-148-thread-1] INFO  server.RaftServerConfigKeys (ConfUtils.java:logGet(43)) - raft.server.log.write.buffer.size = 33554432 (custom)
2019-08-22 05:48:40,943 [pool-148-thread-1] INFO  server.RaftServerConfigKeys (ConfUtils.java:logGet(43)) - raft.server.log.force.sync.num = 128 (default)
2019-08-22 05:48:40,943 [pool-148-thread-1] INFO  server.RaftServerConfigKeys (ConfUtils.java:logGet(43)) - raft.server.log.statemachine.data.sync = true (default)
2019-08-22 05:48:40,943 [pool-148-thread-1] INFO  server.RaftServerConfigKeys (ConfUtils.java:logGet(43)) - raft.server.log.statemachine.data.sync.timeout = 10s (default)
2019-08-22 05:48:40,943 [pool-148-thread-1] INFO  server.RaftServerConfigKeys (ConfUtils.java:logGet(43)) - raft.server.log.statemachine.data.sync.timeout.retry = -1 (default)
2019-08-22 05:48:40,944 [pool-148-thread-1] INFO  server.RaftServerConfigKeys (ConfUtils.java:logGet(43)) - raft.server.log.statemachine.data.caching.enabled = true (custom)
2019-08-22 05:48:40,949 [Thread-358] INFO  handler.ContextHandler (ContextHandler.java:doStart(781)) - Started o.e.j.w.WebAppContext@6c2144fa{/,file:///tmp/jetty-0.0.0.0-46366-hddsDatanode-_-any-4442347485284940360.dir/webapp/,AVAILABLE}{/hddsDatanode}
2019-08-22 05:48:40,949 [Thread-358] INFO  server.AbstractConnector (AbstractConnector.java:doStart(278)) - Started ServerConnector@5f5d727b{HTTP/1.1,[http/1.1]}{0.0.0.0:46366}
2019-08-22 05:48:40,950 [Thread-358] INFO  server.Server (Server.java:doStart(419)) - Started @63868ms
2019-08-22 05:48:40,951 [Thread-358] INFO  server.BaseHttpServer (BaseHttpServer.java:updateConnectorAddress(213)) - HTTP server of HDDSDATANODE is listening at http://0.0.0.0:46366
2019-08-22 05:48:40,954 [pool-148-thread-1] INFO  impl.RaftServerImpl (ServerState.java:setRaftConf(361)) - 20ef2b05-2784-432c-b787-19ea462282b8:group-7AE651877809 set configuration 0: [20ef2b05-2784-432c-b787-19ea462282b8:192.168.36.82:43454], old=null at 0
2019-08-22 05:48:40,955 [pool-148-thread-1] INFO  segmented.LogSegment (LogSegment.java:loadSegment(145)) - Successfully read 1 entries from segment file /workdir/hadoop-ozone/integration-test/target/test-dir/MiniOzoneClusterImpl-83afc318-308f-4a04-affc-403b3b38e3c7/datanode-0/data/ratis/0f2202a7-fa8d-4967-b560-7ae651877809/current/log_inprogress_0
2019-08-22 05:48:40,955 [pool-148-thread-1] INFO  segmented.SegmentedRaftLogWorker (SegmentedRaftLogWorker.java:lambda$new$0(132)) - 20ef2b05-2784-432c-b787-19ea462282b8-SegmentedRaftLogWorker:Storage Directory /workdir/hadoop-ozone/integration-test/target/test-dir/MiniOzoneClusterImpl-83afc318-308f-4a04-affc-403b3b38e3c7/datanode-0/data/ratis/0f2202a7-fa8d-4967-b560-7ae651877809: flushIndex: setUnconditionally 0 -> 0
2019-08-22 05:48:40,989 [pool-148-thread-1] INFO  server.RaftServerConfigKeys (ConfUtils.java:logGet(43)) - raft.server.snapshot.auto.trigger.enabled = true (custom)
2019-08-22 05:48:40,989 [pool-148-thread-1] INFO  server.RaftServerConfigKeys (ConfUtils.java:logGet(43)) - raft.server.snapshot.auto.trigger.threshold = 10000 (custom)
2019-08-22 05:48:40,989 [pool-148-thread-1] INFO  server.RaftServerConfigKeys (ConfUtils.java:logGet(43)) - raft.server.retrycache.expirytime = 600000ms (custom)
2019-08-22 05:48:40,991 [pool-148-thread-1] INFO  impl.RaftServerImpl (RaftServerImpl.java:<init>(93)) - 20ef2b05-2784-432c-b787-19ea462282b8: new RaftServerImpl for group-4F047C2BDA22:[] with ContainerStateMachine:uninitialized
2019-08-22 05:48:40,991 [pool-148-thread-1] INFO  server.RaftServerConfigKeys (ConfUtils.java:logGet(43)) - raft.server.rpc.timeout.min = 5s (custom)
2019-08-22 05:48:40,991 [pool-148-thread-1] INFO  server.RaftServerConfigKeys (ConfUtils.java:logGet(43)) - raft.server.rpc.timeout.max = 5200ms (custom)
2019-08-22 05:48:40,992 [pool-148-thread-1] INFO  server.RaftServerConfigKeys (ConfUtils.java:logGet(43)) - raft.server.rpcslowness.timeout = 120s (custom)
2019-08-22 05:48:40,992 [pool-148-thread-1] INFO  server.RaftServerConfigKeys (ConfUtils.java:logGet(43)) - raft.server.sleep.deviation.threshold = 300 (default)
2019-08-22 05:48:40,992 [pool-148-thread-1] INFO  server.RaftServerConfigKeys (ConfUtils.java:logGet(43)) - raft.server.log.appender.install.snapshot.enabled = false (custom)
2019-08-22 05:48:40,992 [pool-148-thread-1] INFO  impl.RaftServerImpl (ServerState.java:<init>(105)) - 20ef2b05-2784-432c-b787-19ea462282b8:group-4F047C2BDA22 ConfigurationManager, init=-1: [], old=null, confs=<EMPTY_MAP>
2019-08-22 05:48:40,992 [pool-148-thread-1] INFO  server.RaftServerConfigKeys (ConfUtils.java:logGet(43)) - raft.server.storage.dir = [/workdir/hadoop-ozone/integration-test/target/test-dir/MiniOzoneClusterImpl-83afc318-308f-4a04-affc-403b3b38e3c7/datanode-0/data/ratis] (custom)
2019-08-22 05:48:41,015 [pool-148-thread-1] INFO  storage.RaftStorageDirectory (RaftStorageDirectory.java:tryLock(328)) - Lock on /workdir/hadoop-ozone/integration-test/target/test-dir/MiniOzoneClusterImpl-83afc318-308f-4a04-affc-403b3b38e3c7/datanode-0/data/ratis/1f0afbc0-ecdc-409f-a7aa-4f047c2bda22/in_use.lock acquired by nodename 4933@pr-hdds-2008-trunk-8dx8q-886544045
2019-08-22 05:48:41,015 [pool-148-thread-1] INFO  ratis.ContainerStateMachine (ContainerStateMachine.java:loadSnapshot(226)) - group-4F047C2BDA22: The snapshot info is null. Setting the last applied indexto:(t:0, i:~)
2019-08-22 05:48:41,015 [pool-148-thread-1] INFO  server.RaftServerConfigKeys (ConfUtils.java:logGet(43)) - raft.server.leader.election.timeout = 120s (custom)
2019-08-22 05:48:41,016 [pool-148-thread-1] INFO  server.RaftServerConfigKeys (ConfUtils.java:logGet(43)) - raft.server.log.use.memory = false (default)
2019-08-22 05:48:41,016 [pool-148-thread-1] INFO  server.RaftServerConfigKeys (ConfUtils.java:logGet(43)) - raft.server.log.purge.gap = 1000000 (custom)
2019-08-22 05:48:41,016 [pool-148-thread-1] INFO  server.RaftServerConfigKeys (ConfUtils.java:logGet(43)) - raft.server.log.appender.buffer.byte-limit = 33554432 (custom)
2019-08-22 05:48:41,016 [pool-148-thread-1] INFO  server.RaftServerConfigKeys (ConfUtils.java:logGet(43)) - raft.server.log.segment.size.max = 1048576 (custom)
2019-08-22 05:48:41,016 [pool-148-thread-1] INFO  server.RaftServerConfigKeys (ConfUtils.java:logGet(43)) - raft.server.log.segment.cache.num.max = 2 (custom)
2019-08-22 05:48:41,016 [pool-148-thread-1] INFO  segmented.SegmentedRaftLogWorker (SegmentedRaftLogWorker.java:<init>(172)) - new 20ef2b05-2784-432c-b787-19ea462282b8-SegmentedRaftLogWorker:Storage Directory /workdir/hadoop-ozone/integration-test/target/test-dir/MiniOzoneClusterImpl-83afc318-308f-4a04-affc-403b3b38e3c7/datanode-0/data/ratis/1f0afbc0-ecdc-409f-a7aa-4f047c2bda22 for RaftStorage:Storage Directory /workdir/hadoop-ozone/integration-test/target/test-dir/MiniOzoneClusterImpl-83afc318-308f-4a04-affc-403b3b38e3c7/datanode-0/data/ratis/1f0afbc0-ecdc-409f-a7aa-4f047c2bda22
2019-08-22 05:48:41,016 [pool-148-thread-1] INFO  server.RaftServerConfigKeys (ConfUtils.java:logGet(43)) - raft.server.log.queue.byte-limit = 2147483647 (custom)
2019-08-22 05:48:41,017 [pool-148-thread-1] INFO  server.RaftServerConfigKeys (ConfUtils.java:logGet(43)) - raft.server.log.queue.element-limit = 1024 (custom)
2019-08-22 05:48:41,017 [pool-148-thread-1] INFO  server.RaftServerConfigKeys (ConfUtils.java:logGet(43)) - raft.server.log.segment.size.max = 1048576 (custom)
2019-08-22 05:48:41,017 [pool-148-thread-1] INFO  server.RaftServerConfigKeys (ConfUtils.java:logGet(43)) - raft.server.log.preallocated.size = 16384 (custom)
2019-08-22 05:48:41,017 [pool-148-thread-1] INFO  server.RaftServerConfigKeys (ConfUtils.java:logGet(43)) - raft.server.log.write.buffer.size = 33554432 (custom)
2019-08-22 05:48:41,017 [pool-148-thread-1] INFO  server.RaftServerConfigKeys (ConfUtils.java:logGet(43)) - raft.server.log.force.sync.num = 128 (default)
2019-08-22 05:48:41,017 [pool-148-thread-1] INFO  server.RaftServerConfigKeys (ConfUtils.java:logGet(43)) - raft.server.log.statemachine.data.sync = true (default)
2019-08-22 05:48:41,017 [pool-148-thread-1] INFO  server.RaftServerConfigKeys (ConfUtils.java:logGet(43)) - raft.server.log.statemachine.data.sync.timeout = 10s (default)
2019-08-22 05:48:41,017 [pool-148-thread-1] INFO  server.RaftServerConfigKeys (ConfUtils.java:logGet(43)) - raft.server.log.statemachine.data.sync.timeout.retry = -1 (default)
2019-08-22 05:48:41,018 [pool-148-thread-1] INFO  server.RaftServerConfigKeys (ConfUtils.java:logGet(43)) - raft.server.log.statemachine.data.caching.enabled = true (custom)
2019-08-22 05:48:41,018 [pool-148-thread-1] INFO  impl.RaftServerImpl (ServerState.java:setRaftConf(361)) - 20ef2b05-2784-432c-b787-19ea462282b8:group-4F047C2BDA22 set configuration 0: [6ff0d347-68f7-4f62-b585-7859cadf9a08:192.168.36.82:41391, 20ef2b05-2784-432c-b787-19ea462282b8:192.168.36.82:43454, 9412f29a-5455-4c94-8484-b4d127531eb3:192.168.36.82:35712], old=null at 0
2019-08-22 05:48:41,019 [pool-148-thread-1] INFO  segmented.LogSegment (LogSegment.java:loadSegment(145)) - Successfully read 1 entries from segment file /workdir/hadoop-ozone/integration-test/target/test-dir/MiniOzoneClusterImpl-83afc318-308f-4a04-affc-403b3b38e3c7/datanode-0/data/ratis/1f0afbc0-ecdc-409f-a7aa-4f047c2bda22/current/log_inprogress_0
2019-08-22 05:48:41,019 [pool-148-thread-1] INFO  segmented.SegmentedRaftLogWorker (SegmentedRaftLogWorker.java:lambda$new$0(132)) - 20ef2b05-2784-432c-b787-19ea462282b8-SegmentedRaftLogWorker:Storage Directory /workdir/hadoop-ozone/integration-test/target/test-dir/MiniOzoneClusterImpl-83afc318-308f-4a04-affc-403b3b38e3c7/datanode-0/data/ratis/1f0afbc0-ecdc-409f-a7aa-4f047c2bda22: flushIndex: setUnconditionally 0 -> 0
2019-08-22 05:48:41,055 [pool-148-thread-1] INFO  server.RaftServerConfigKeys (ConfUtils.java:logGet(43)) - raft.server.snapshot.auto.trigger.enabled = true (custom)
2019-08-22 05:48:41,056 [pool-148-thread-1] INFO  server.RaftServerConfigKeys (ConfUtils.java:logGet(43)) - raft.server.snapshot.auto.trigger.threshold = 10000 (custom)
2019-08-22 05:48:41,056 [pool-148-thread-1] INFO  server.RaftServerConfigKeys (ConfUtils.java:logGet(43)) - raft.server.retrycache.expirytime = 600000ms (custom)
2019-08-22 05:48:41,116 | INFO  | ObjectStoreRestHttpServer | Listening HDDS REST traffic on /0.0.0.0:35315 |  
2019-08-22 05:48:41,117 [Thread-358] INFO  ozone.HddsDatanodeService (HddsDatanodeService.java:startPlugins(395)) - Started plug-in org.apache.hadoop.ozone.web.OzoneHddsDatanodeService@437c7e40
2019-08-22 05:48:41,119 [Thread-358] INFO  impl.MetricsSystemImpl (MetricsSystemImpl.java:init(158)) - HddsDatanode metrics system started (again)
2019-08-22 05:48:41,119 [org.apache.hadoop.util.JvmPauseMonitor$Monitor@234dd262] INFO  util.JvmPauseMonitor (JvmPauseMonitor.java:run(188)) - Starting JVM pause monitor
2019-08-22 05:48:41,123 [Thread-358] INFO  ozone.HddsDatanodeService (HddsDatanodeService.java:start(184)) - HddsDatanodeService host:pr-hdds-2008-trunk-8dx8q-886544045 ip:192.168.36.82
2019-08-22 05:48:41,125 [Thread-358] INFO  volume.VolumeUsage (VolumeUsage.java:loadScmUsed(144)) - Cached ScmUsed found for /workdir/hadoop-ozone/integration-test/target/test-dir/MiniOzoneClusterImpl-83afc318-308f-4a04-affc-403b3b38e3c7/datanode-1/data/containers : 4096 
2019-08-22 05:48:41,125 [Thread-358] INFO  volume.HddsVolume (HddsVolume.java:<init>(176)) - Creating Volume: /workdir/hadoop-ozone/integration-test/target/test-dir/MiniOzoneClusterImpl-83afc318-308f-4a04-affc-403b3b38e3c7/datanode-1/data/containers/hdds of  storage type : DISK and capacity : 1482555576320
2019-08-22 05:48:41,125 [Thread-358] INFO  volume.VolumeSet (VolumeSet.java:initializeVolumeSet(170)) - Added Volume : /workdir/hadoop-ozone/integration-test/target/test-dir/MiniOzoneClusterImpl-83afc318-308f-4a04-affc-403b3b38e3c7/datanode-1/data/containers/hdds to VolumeSet
2019-08-22 05:48:41,126 [Thread-358] INFO  volume.ThrottledAsyncChecker (ThrottledAsyncChecker.java:schedule(140)) - Scheduling a check for org.apache.hadoop.ozone.container.common.volume.HddsVolume@62998ce1
2019-08-22 05:48:41,126 [Thread-358] INFO  volume.HddsVolumeChecker (HddsVolumeChecker.java:checkAllVolumes(203)) - Scheduled health check for volume org.apache.hadoop.ozone.container.common.volume.HddsVolume@62998ce1
2019-08-22 05:48:41,142 [Thread-358] INFO  impl.RaftServerProxy (ConfUtils.java:logGet(43)) - raft.rpc.type = GRPC (default)
2019-08-22 05:48:41,143 [Thread-358] INFO  grpc.GrpcFactory (GrpcFactory.java:checkPooledByteBufAllocatorUseCacheForAllThreads(45)) - PERFORMANCE WARNING: useCacheForAllThreads is true that may cause Netty to create a lot garbage objects and, as a result, trigger GC.
	It is recommended to disable useCacheForAllThreads by setting -Dorg.apache.ratis.thirdparty.io.netty.allocator.useCacheForAllThreads=false in command line.
2019-08-22 05:48:41,143 [Thread-358] INFO  grpc.GrpcConfigKeys$Server (ConfUtils.java:logGet(43)) - raft.grpc.server.port = 35712 (custom)
2019-08-22 05:48:41,143 [Thread-358] INFO  server.GrpcService (ConfUtils.java:logGet(43)) - raft.grpc.message.size.max = 33570816 (custom)
2019-08-22 05:48:41,143 [Thread-358] INFO  server.RaftServerConfigKeys (ConfUtils.java:logGet(43)) - raft.server.log.appender.buffer.byte-limit = 33554432 (custom)
2019-08-22 05:48:41,143 [Thread-358] INFO  server.GrpcService (ConfUtils.java:logGet(43)) - raft.grpc.flow.control.window = 1MB (=1048576) (default)
2019-08-22 05:48:41,144 [Thread-358] INFO  server.RaftServerConfigKeys (ConfUtils.java:logGet(43)) - raft.server.rpc.request.timeout = 3000ms (default)
2019-08-22 05:48:41,144 [Thread-358] INFO  server.RaftServerConfigKeys (ConfUtils.java:logGet(43)) - raft.server.storage.dir = [/workdir/hadoop-ozone/integration-test/target/test-dir/MiniOzoneClusterImpl-83afc318-308f-4a04-affc-403b3b38e3c7/datanode-1/data/ratis] (custom)
2019-08-22 05:48:41,144 [Thread-358] INFO  impl.RaftServerProxy (RaftServerProxy.java:lambda$null$0(191)) - 9412f29a-5455-4c94-8484-b4d127531eb3: found a subdirectory /workdir/hadoop-ozone/integration-test/target/test-dir/MiniOzoneClusterImpl-83afc318-308f-4a04-affc-403b3b38e3c7/datanode-1/data/ratis/62bdf454-04dd-42d5-8fdf-2cee3287aff5
2019-08-22 05:48:41,145 [Thread-358] INFO  impl.RaftServerProxy (RaftServerProxy.java:addNew(89)) - 9412f29a-5455-4c94-8484-b4d127531eb3: addNew group-2CEE3287AFF5:[] returns group-2CEE3287AFF5:java.util.concurrent.CompletableFuture@620b00b0[Not completed]
2019-08-22 05:48:41,145 [Thread-358] INFO  impl.RaftServerProxy (RaftServerProxy.java:lambda$null$0(191)) - 9412f29a-5455-4c94-8484-b4d127531eb3: found a subdirectory /workdir/hadoop-ozone/integration-test/target/test-dir/MiniOzoneClusterImpl-83afc318-308f-4a04-affc-403b3b38e3c7/datanode-1/data/ratis/1f0afbc0-ecdc-409f-a7aa-4f047c2bda22
2019-08-22 05:48:41,145 [Thread-358] INFO  impl.RaftServerProxy (RaftServerProxy.java:addNew(89)) - 9412f29a-5455-4c94-8484-b4d127531eb3: addNew group-4F047C2BDA22:[] returns group-4F047C2BDA22:java.util.concurrent.CompletableFuture@9f78c3b[Not completed]
2019-08-22 05:48:41,146 [Thread-358] INFO  replication.SimpleContainerDownloader (SimpleContainerDownloader.java:<init>(72)) - Starting container downloader service to copy containers to replicate.
2019-08-22 05:48:41,148 [pool-159-thread-1] INFO  impl.RaftServerImpl (RaftServerImpl.java:<init>(93)) - 9412f29a-5455-4c94-8484-b4d127531eb3: new RaftServerImpl for group-2CEE3287AFF5:[] with ContainerStateMachine:uninitialized
2019-08-22 05:48:41,148 [Thread-358] INFO  hdfs.DFSUtil (DFSUtil.java:httpServerTemplateForNNAndJN(1641)) - Starting Web-server for hddsDatanode at: http://0.0.0.0:35745
2019-08-22 05:48:41,149 [pool-159-thread-1] INFO  server.RaftServerConfigKeys (ConfUtils.java:logGet(43)) - raft.server.rpc.timeout.min = 5s (custom)
2019-08-22 05:48:41,150 [pool-159-thread-1] INFO  server.RaftServerConfigKeys (ConfUtils.java:logGet(43)) - raft.server.rpc.timeout.max = 5200ms (custom)
2019-08-22 05:48:41,150 [pool-159-thread-1] INFO  server.RaftServerConfigKeys (ConfUtils.java:logGet(43)) - raft.server.rpcslowness.timeout = 120s (custom)
2019-08-22 05:48:41,150 [pool-159-thread-1] INFO  server.RaftServerConfigKeys (ConfUtils.java:logGet(43)) - raft.server.sleep.deviation.threshold = 300 (default)
2019-08-22 05:48:41,150 [pool-159-thread-1] INFO  server.RaftServerConfigKeys (ConfUtils.java:logGet(43)) - raft.server.log.appender.install.snapshot.enabled = false (custom)
2019-08-22 05:48:41,150 [pool-159-thread-1] INFO  impl.RaftServerImpl (ServerState.java:<init>(105)) - 9412f29a-5455-4c94-8484-b4d127531eb3:group-2CEE3287AFF5 ConfigurationManager, init=-1: [], old=null, confs=<EMPTY_MAP>
2019-08-22 05:48:41,150 [pool-159-thread-1] INFO  server.RaftServerConfigKeys (ConfUtils.java:logGet(43)) - raft.server.storage.dir = [/workdir/hadoop-ozone/integration-test/target/test-dir/MiniOzoneClusterImpl-83afc318-308f-4a04-affc-403b3b38e3c7/datanode-1/data/ratis] (custom)
2019-08-22 05:48:41,151 [Thread-358] INFO  server.AuthenticationFilter (AuthenticationFilter.java:constructSecretProvider(240)) - Unable to initialize FileSignerSecretProvider, falling back to use random secrets.
2019-08-22 05:48:41,151 [Thread-358] WARN  http.HttpRequestLog (HttpRequestLog.java:getRequestLog(97)) - Jetty request log can only be enabled using Log4j
2019-08-22 05:48:41,152 [Thread-358] INFO  http.HttpServer2 (HttpServer2.java:addGlobalFilter(975)) - Added global filter 'safety' (class=org.apache.hadoop.http.HttpServer2$QuotingInputFilter)
2019-08-22 05:48:41,153 [Thread-358] INFO  http.HttpServer2 (HttpServer2.java:addFilter(948)) - Added filter static_user_filter (class=org.apache.hadoop.http.lib.StaticUserWebFilter$StaticUserFilter) to context hddsDatanode
2019-08-22 05:48:41,153 [Thread-358] INFO  http.HttpServer2 (HttpServer2.java:addFilter(958)) - Added filter static_user_filter (class=org.apache.hadoop.http.lib.StaticUserWebFilter$StaticUserFilter) to context static
2019-08-22 05:48:41,153 [Thread-358] INFO  http.HttpServer2 (HttpServer2.java:addFilter(958)) - Added filter static_user_filter (class=org.apache.hadoop.http.lib.StaticUserWebFilter$StaticUserFilter) to context logs
2019-08-22 05:48:41,154 [Thread-358] INFO  http.HttpServer2 (HttpServer2.java:bindListener(1191)) - Jetty bound to port 35745
2019-08-22 05:48:41,154 [Thread-358] INFO  server.Server (Server.java:doStart(351)) - jetty-9.3.24.v20180605, build timestamp: 2018-06-05T17:11:56Z, git hash: 84205aa28f11a4f31f2a3b86d1bba2cc8ab69827
2019-08-22 05:48:41,156 [Thread-358] INFO  handler.ContextHandler (ContextHandler.java:doStart(781)) - Started o.e.j.s.ServletContextHandler@6ddd47a0{/logs,file:///workdir/hadoop-ozone/integration-test/target/log,AVAILABLE}
2019-08-22 05:48:41,156 [Thread-358] INFO  handler.ContextHandler (ContextHandler.java:doStart(781)) - Started o.e.j.s.ServletContextHandler@46573f8b{/static,jar:file:/home/user/.m2/repository/org/apache/hadoop/hadoop-hdds-container-service/0.5.0-SNAPSHOT/hadoop-hdds-container-service-0.5.0-SNAPSHOT.jar!/webapps/static,AVAILABLE}
2019-08-22 05:48:41,173 [pool-159-thread-1] INFO  storage.RaftStorageDirectory (RaftStorageDirectory.java:tryLock(328)) - Lock on /workdir/hadoop-ozone/integration-test/target/test-dir/MiniOzoneClusterImpl-83afc318-308f-4a04-affc-403b3b38e3c7/datanode-1/data/ratis/62bdf454-04dd-42d5-8fdf-2cee3287aff5/in_use.lock acquired by nodename 4933@pr-hdds-2008-trunk-8dx8q-886544045
2019-08-22 05:48:41,174 [pool-159-thread-1] INFO  ratis.ContainerStateMachine (ContainerStateMachine.java:loadSnapshot(226)) - group-2CEE3287AFF5: The snapshot info is null. Setting the last applied indexto:(t:0, i:~)
2019-08-22 05:48:41,174 [pool-159-thread-1] INFO  server.RaftServerConfigKeys (ConfUtils.java:logGet(43)) - raft.server.leader.election.timeout = 120s (custom)
2019-08-22 05:48:41,174 [pool-159-thread-1] INFO  server.RaftServerConfigKeys (ConfUtils.java:logGet(43)) - raft.server.log.use.memory = false (default)
2019-08-22 05:48:41,174 [pool-159-thread-1] INFO  server.RaftServerConfigKeys (ConfUtils.java:logGet(43)) - raft.server.log.purge.gap = 1000000 (custom)
2019-08-22 05:48:41,174 [pool-159-thread-1] INFO  server.RaftServerConfigKeys (ConfUtils.java:logGet(43)) - raft.server.log.appender.buffer.byte-limit = 33554432 (custom)
2019-08-22 05:48:41,174 [pool-159-thread-1] INFO  server.RaftServerConfigKeys (ConfUtils.java:logGet(43)) - raft.server.log.segment.size.max = 1048576 (custom)
2019-08-22 05:48:41,175 [pool-159-thread-1] INFO  server.RaftServerConfigKeys (ConfUtils.java:logGet(43)) - raft.server.log.segment.cache.num.max = 2 (custom)
2019-08-22 05:48:41,175 [pool-159-thread-1] INFO  segmented.SegmentedRaftLogWorker (SegmentedRaftLogWorker.java:<init>(172)) - new 9412f29a-5455-4c94-8484-b4d127531eb3-SegmentedRaftLogWorker:Storage Directory /workdir/hadoop-ozone/integration-test/target/test-dir/MiniOzoneClusterImpl-83afc318-308f-4a04-affc-403b3b38e3c7/datanode-1/data/ratis/62bdf454-04dd-42d5-8fdf-2cee3287aff5 for RaftStorage:Storage Directory /workdir/hadoop-ozone/integration-test/target/test-dir/MiniOzoneClusterImpl-83afc318-308f-4a04-affc-403b3b38e3c7/datanode-1/data/ratis/62bdf454-04dd-42d5-8fdf-2cee3287aff5
2019-08-22 05:48:41,175 [pool-159-thread-1] INFO  server.RaftServerConfigKeys (ConfUtils.java:logGet(43)) - raft.server.log.queue.byte-limit = 2147483647 (custom)
2019-08-22 05:48:41,175 [pool-159-thread-1] INFO  server.RaftServerConfigKeys (ConfUtils.java:logGet(43)) - raft.server.log.queue.element-limit = 1024 (custom)
2019-08-22 05:48:41,175 [pool-159-thread-1] INFO  server.RaftServerConfigKeys (ConfUtils.java:logGet(43)) - raft.server.log.segment.size.max = 1048576 (custom)
2019-08-22 05:48:41,175 [pool-159-thread-1] INFO  server.RaftServerConfigKeys (ConfUtils.java:logGet(43)) - raft.server.log.preallocated.size = 16384 (custom)
2019-08-22 05:48:41,175 [pool-159-thread-1] INFO  server.RaftServerConfigKeys (ConfUtils.java:logGet(43)) - raft.server.log.write.buffer.size = 33554432 (custom)
2019-08-22 05:48:41,176 [pool-159-thread-1] INFO  server.RaftServerConfigKeys (ConfUtils.java:logGet(43)) - raft.server.log.force.sync.num = 128 (default)
2019-08-22 05:48:41,176 [pool-159-thread-1] INFO  server.RaftServerConfigKeys (ConfUtils.java:logGet(43)) - raft.server.log.statemachine.data.sync = true (default)
2019-08-22 05:48:41,176 [pool-159-thread-1] INFO  server.RaftServerConfigKeys (ConfUtils.java:logGet(43)) - raft.server.log.statemachine.data.sync.timeout = 10s (default)
2019-08-22 05:48:41,176 [pool-159-thread-1] INFO  server.RaftServerConfigKeys (ConfUtils.java:logGet(43)) - raft.server.log.statemachine.data.sync.timeout.retry = -1 (default)
2019-08-22 05:48:41,176 [pool-159-thread-1] INFO  server.RaftServerConfigKeys (ConfUtils.java:logGet(43)) - raft.server.log.statemachine.data.caching.enabled = true (custom)
2019-08-22 05:48:41,177 [pool-159-thread-1] INFO  impl.RaftServerImpl (ServerState.java:setRaftConf(361)) - 9412f29a-5455-4c94-8484-b4d127531eb3:group-2CEE3287AFF5 set configuration 0: [9412f29a-5455-4c94-8484-b4d127531eb3:192.168.36.82:35712], old=null at 0
2019-08-22 05:48:41,177 [pool-159-thread-1] INFO  segmented.LogSegment (LogSegment.java:loadSegment(145)) - Successfully read 1 entries from segment file /workdir/hadoop-ozone/integration-test/target/test-dir/MiniOzoneClusterImpl-83afc318-308f-4a04-affc-403b3b38e3c7/datanode-1/data/ratis/62bdf454-04dd-42d5-8fdf-2cee3287aff5/current/log_inprogress_0
2019-08-22 05:48:41,178 [pool-159-thread-1] INFO  segmented.SegmentedRaftLogWorker (SegmentedRaftLogWorker.java:lambda$new$0(132)) - 9412f29a-5455-4c94-8484-b4d127531eb3-SegmentedRaftLogWorker:Storage Directory /workdir/hadoop-ozone/integration-test/target/test-dir/MiniOzoneClusterImpl-83afc318-308f-4a04-affc-403b3b38e3c7/datanode-1/data/ratis/62bdf454-04dd-42d5-8fdf-2cee3287aff5: flushIndex: setUnconditionally 0 -> 0
2019-08-22 05:48:41,185 [Thread-358] INFO  handler.ContextHandler (ContextHandler.java:doStart(781)) - Started o.e.j.w.WebAppContext@228f6d6c{/,file:///tmp/jetty-0.0.0.0-35745-hddsDatanode-_-any-5514137966096223642.dir/webapp/,AVAILABLE}{/hddsDatanode}
2019-08-22 05:48:41,185 [Thread-358] INFO  server.AbstractConnector (AbstractConnector.java:doStart(278)) - Started ServerConnector@5344e402{HTTP/1.1,[http/1.1]}{0.0.0.0:35745}
2019-08-22 05:48:41,206 [pool-159-thread-1] INFO  server.RaftServerConfigKeys (ConfUtils.java:logGet(43)) - raft.server.snapshot.auto.trigger.enabled = true (custom)
2019-08-22 05:48:41,207 [Thread-358] INFO  server.Server (Server.java:doStart(419)) - Started @64125ms
2019-08-22 05:48:41,207 [pool-159-thread-1] INFO  server.RaftServerConfigKeys (ConfUtils.java:logGet(43)) - raft.server.snapshot.auto.trigger.threshold = 10000 (custom)
2019-08-22 05:48:41,207 [pool-159-thread-1] INFO  server.RaftServerConfigKeys (ConfUtils.java:logGet(43)) - raft.server.retrycache.expirytime = 600000ms (custom)
2019-08-22 05:48:41,207 [Thread-358] INFO  server.BaseHttpServer (BaseHttpServer.java:updateConnectorAddress(213)) - HTTP server of HDDSDATANODE is listening at http://0.0.0.0:35745
2019-08-22 05:48:41,209 [pool-159-thread-1] INFO  impl.RaftServerImpl (RaftServerImpl.java:<init>(93)) - 9412f29a-5455-4c94-8484-b4d127531eb3: new RaftServerImpl for group-4F047C2BDA22:[] with ContainerStateMachine:uninitialized
2019-08-22 05:48:41,209 [pool-159-thread-1] INFO  server.RaftServerConfigKeys (ConfUtils.java:logGet(43)) - raft.server.rpc.timeout.min = 5s (custom)
2019-08-22 05:48:41,209 [pool-159-thread-1] INFO  server.RaftServerConfigKeys (ConfUtils.java:logGet(43)) - raft.server.rpc.timeout.max = 5200ms (custom)
2019-08-22 05:48:41,209 [pool-159-thread-1] INFO  server.RaftServerConfigKeys (ConfUtils.java:logGet(43)) - raft.server.rpcslowness.timeout = 120s (custom)
2019-08-22 05:48:41,210 [pool-159-thread-1] INFO  server.RaftServerConfigKeys (ConfUtils.java:logGet(43)) - raft.server.sleep.deviation.threshold = 300 (default)
2019-08-22 05:48:41,210 [pool-159-thread-1] INFO  server.RaftServerConfigKeys (ConfUtils.java:logGet(43)) - raft.server.log.appender.install.snapshot.enabled = false (custom)
2019-08-22 05:48:41,210 [pool-159-thread-1] INFO  impl.RaftServerImpl (ServerState.java:<init>(105)) - 9412f29a-5455-4c94-8484-b4d127531eb3:group-4F047C2BDA22 ConfigurationManager, init=-1: [], old=null, confs=<EMPTY_MAP>
2019-08-22 05:48:41,210 [pool-159-thread-1] INFO  server.RaftServerConfigKeys (ConfUtils.java:logGet(43)) - raft.server.storage.dir = [/workdir/hadoop-ozone/integration-test/target/test-dir/MiniOzoneClusterImpl-83afc318-308f-4a04-affc-403b3b38e3c7/datanode-1/data/ratis] (custom)
2019-08-22 05:48:41,249 [pool-159-thread-1] INFO  storage.RaftStorageDirectory (RaftStorageDirectory.java:tryLock(328)) - Lock on /workdir/hadoop-ozone/integration-test/target/test-dir/MiniOzoneClusterImpl-83afc318-308f-4a04-affc-403b3b38e3c7/datanode-1/data/ratis/1f0afbc0-ecdc-409f-a7aa-4f047c2bda22/in_use.lock acquired by nodename 4933@pr-hdds-2008-trunk-8dx8q-886544045
2019-08-22 05:48:41,250 [pool-159-thread-1] INFO  ratis.ContainerStateMachine (ContainerStateMachine.java:loadSnapshot(226)) - group-4F047C2BDA22: The snapshot info is null. Setting the last applied indexto:(t:0, i:~)
2019-08-22 05:48:41,250 [pool-159-thread-1] INFO  server.RaftServerConfigKeys (ConfUtils.java:logGet(43)) - raft.server.leader.election.timeout = 120s (custom)
2019-08-22 05:48:41,250 [pool-159-thread-1] INFO  server.RaftServerConfigKeys (ConfUtils.java:logGet(43)) - raft.server.log.use.memory = false (default)
2019-08-22 05:48:41,250 [pool-159-thread-1] INFO  server.RaftServerConfigKeys (ConfUtils.java:logGet(43)) - raft.server.log.purge.gap = 1000000 (custom)
2019-08-22 05:48:41,250 [pool-159-thread-1] INFO  server.RaftServerConfigKeys (ConfUtils.java:logGet(43)) - raft.server.log.appender.buffer.byte-limit = 33554432 (custom)
2019-08-22 05:48:41,251 [pool-159-thread-1] INFO  server.RaftServerConfigKeys (ConfUtils.java:logGet(43)) - raft.server.log.segment.size.max = 1048576 (custom)
2019-08-22 05:48:41,251 [pool-159-thread-1] INFO  server.RaftServerConfigKeys (ConfUtils.java:logGet(43)) - raft.server.log.segment.cache.num.max = 2 (custom)
2019-08-22 05:48:41,251 [pool-159-thread-1] INFO  segmented.SegmentedRaftLogWorker (SegmentedRaftLogWorker.java:<init>(172)) - new 9412f29a-5455-4c94-8484-b4d127531eb3-SegmentedRaftLogWorker:Storage Directory /workdir/hadoop-ozone/integration-test/target/test-dir/MiniOzoneClusterImpl-83afc318-308f-4a04-affc-403b3b38e3c7/datanode-1/data/ratis/1f0afbc0-ecdc-409f-a7aa-4f047c2bda22 for RaftStorage:Storage Directory /workdir/hadoop-ozone/integration-test/target/test-dir/MiniOzoneClusterImpl-83afc318-308f-4a04-affc-403b3b38e3c7/datanode-1/data/ratis/1f0afbc0-ecdc-409f-a7aa-4f047c2bda22
2019-08-22 05:48:41,251 [pool-159-thread-1] INFO  server.RaftServerConfigKeys (ConfUtils.java:logGet(43)) - raft.server.log.queue.byte-limit = 2147483647 (custom)
2019-08-22 05:48:41,251 [pool-159-thread-1] INFO  server.RaftServerConfigKeys (ConfUtils.java:logGet(43)) - raft.server.log.queue.element-limit = 1024 (custom)
2019-08-22 05:48:41,251 [pool-159-thread-1] INFO  server.RaftServerConfigKeys (ConfUtils.java:logGet(43)) - raft.server.log.segment.size.max = 1048576 (custom)
2019-08-22 05:48:41,251 [pool-159-thread-1] INFO  server.RaftServerConfigKeys (ConfUtils.java:logGet(43)) - raft.server.log.preallocated.size = 16384 (custom)
2019-08-22 05:48:41,251 [pool-159-thread-1] INFO  server.RaftServerConfigKeys (ConfUtils.java:logGet(43)) - raft.server.log.write.buffer.size = 33554432 (custom)
2019-08-22 05:48:41,251 [pool-159-thread-1] INFO  server.RaftServerConfigKeys (ConfUtils.java:logGet(43)) - raft.server.log.force.sync.num = 128 (default)
2019-08-22 05:48:41,252 [pool-159-thread-1] INFO  server.RaftServerConfigKeys (ConfUtils.java:logGet(43)) - raft.server.log.statemachine.data.sync = true (default)
2019-08-22 05:48:41,252 [pool-159-thread-1] INFO  server.RaftServerConfigKeys (ConfUtils.java:logGet(43)) - raft.server.log.statemachine.data.sync.timeout = 10s (default)
2019-08-22 05:48:41,252 [pool-159-thread-1] INFO  server.RaftServerConfigKeys (ConfUtils.java:logGet(43)) - raft.server.log.statemachine.data.sync.timeout.retry = -1 (default)
2019-08-22 05:48:41,252 [pool-159-thread-1] INFO  server.RaftServerConfigKeys (ConfUtils.java:logGet(43)) - raft.server.log.statemachine.data.caching.enabled = true (custom)
2019-08-22 05:48:41,253 [pool-159-thread-1] INFO  impl.RaftServerImpl (ServerState.java:setRaftConf(361)) - 9412f29a-5455-4c94-8484-b4d127531eb3:group-4F047C2BDA22 set configuration 0: [6ff0d347-68f7-4f62-b585-7859cadf9a08:192.168.36.82:41391, 20ef2b05-2784-432c-b787-19ea462282b8:192.168.36.82:43454, 9412f29a-5455-4c94-8484-b4d127531eb3:192.168.36.82:35712], old=null at 0
2019-08-22 05:48:41,253 [pool-159-thread-1] INFO  segmented.LogSegment (LogSegment.java:loadSegment(145)) - Successfully read 1 entries from segment file /workdir/hadoop-ozone/integration-test/target/test-dir/MiniOzoneClusterImpl-83afc318-308f-4a04-affc-403b3b38e3c7/datanode-1/data/ratis/1f0afbc0-ecdc-409f-a7aa-4f047c2bda22/current/log_inprogress_0
2019-08-22 05:48:41,253 [pool-159-thread-1] INFO  segmented.SegmentedRaftLogWorker (SegmentedRaftLogWorker.java:lambda$new$0(132)) - 9412f29a-5455-4c94-8484-b4d127531eb3-SegmentedRaftLogWorker:Storage Directory /workdir/hadoop-ozone/integration-test/target/test-dir/MiniOzoneClusterImpl-83afc318-308f-4a04-affc-403b3b38e3c7/datanode-1/data/ratis/1f0afbc0-ecdc-409f-a7aa-4f047c2bda22: flushIndex: setUnconditionally 0 -> 0
2019-08-22 05:48:41,279 [pool-159-thread-1] INFO  server.RaftServerConfigKeys (ConfUtils.java:logGet(43)) - raft.server.snapshot.auto.trigger.enabled = true (custom)
2019-08-22 05:48:41,279 [pool-159-thread-1] INFO  server.RaftServerConfigKeys (ConfUtils.java:logGet(43)) - raft.server.snapshot.auto.trigger.threshold = 10000 (custom)
2019-08-22 05:48:41,279 [pool-159-thread-1] INFO  server.RaftServerConfigKeys (ConfUtils.java:logGet(43)) - raft.server.retrycache.expirytime = 600000ms (custom)
2019-08-22 05:48:41,355 | INFO  | ObjectStoreRestHttpServer | Listening HDDS REST traffic on /0.0.0.0:42110 |  
2019-08-22 05:48:41,355 [Thread-358] INFO  ozone.HddsDatanodeService (HddsDatanodeService.java:startPlugins(395)) - Started plug-in org.apache.hadoop.ozone.web.OzoneHddsDatanodeService@bbe7918
2019-08-22 05:48:41,357 [Thread-358] INFO  impl.MetricsSystemImpl (MetricsSystemImpl.java:init(158)) - HddsDatanode metrics system started (again)
2019-08-22 05:48:41,357 [org.apache.hadoop.util.JvmPauseMonitor$Monitor@39dcbc3d] INFO  util.JvmPauseMonitor (JvmPauseMonitor.java:run(188)) - Starting JVM pause monitor
2019-08-22 05:48:41,361 [Thread-358] INFO  ozone.HddsDatanodeService (HddsDatanodeService.java:start(184)) - HddsDatanodeService host:pr-hdds-2008-trunk-8dx8q-886544045 ip:192.168.36.82
2019-08-22 05:48:41,362 [Thread-358] INFO  volume.VolumeUsage (VolumeUsage.java:loadScmUsed(144)) - Cached ScmUsed found for /workdir/hadoop-ozone/integration-test/target/test-dir/MiniOzoneClusterImpl-83afc318-308f-4a04-affc-403b3b38e3c7/datanode-2/data/containers : 4096 
2019-08-22 05:48:41,363 [Thread-358] INFO  volume.HddsVolume (HddsVolume.java:<init>(176)) - Creating Volume: /workdir/hadoop-ozone/integration-test/target/test-dir/MiniOzoneClusterImpl-83afc318-308f-4a04-affc-403b3b38e3c7/datanode-2/data/containers/hdds of  storage type : DISK and capacity : 1482555576320
2019-08-22 05:48:41,363 [Thread-358] INFO  volume.VolumeSet (VolumeSet.java:initializeVolumeSet(170)) - Added Volume : /workdir/hadoop-ozone/integration-test/target/test-dir/MiniOzoneClusterImpl-83afc318-308f-4a04-affc-403b3b38e3c7/datanode-2/data/containers/hdds to VolumeSet
2019-08-22 05:48:41,363 [Thread-358] INFO  volume.ThrottledAsyncChecker (ThrottledAsyncChecker.java:schedule(140)) - Scheduling a check for org.apache.hadoop.ozone.container.common.volume.HddsVolume@287920ad
2019-08-22 05:48:41,364 [Thread-358] INFO  volume.HddsVolumeChecker (HddsVolumeChecker.java:checkAllVolumes(203)) - Scheduled health check for volume org.apache.hadoop.ozone.container.common.volume.HddsVolume@287920ad
2019-08-22 05:48:41,378 [Thread-358] INFO  impl.RaftServerProxy (ConfUtils.java:logGet(43)) - raft.rpc.type = GRPC (default)
2019-08-22 05:48:41,378 [Thread-358] INFO  grpc.GrpcFactory (GrpcFactory.java:checkPooledByteBufAllocatorUseCacheForAllThreads(45)) - PERFORMANCE WARNING: useCacheForAllThreads is true that may cause Netty to create a lot garbage objects and, as a result, trigger GC.
	It is recommended to disable useCacheForAllThreads by setting -Dorg.apache.ratis.thirdparty.io.netty.allocator.useCacheForAllThreads=false in command line.
2019-08-22 05:48:41,378 [Thread-358] INFO  grpc.GrpcConfigKeys$Server (ConfUtils.java:logGet(43)) - raft.grpc.server.port = 41391 (custom)
2019-08-22 05:48:41,378 [Thread-358] INFO  server.GrpcService (ConfUtils.java:logGet(43)) - raft.grpc.message.size.max = 33570816 (custom)
2019-08-22 05:48:41,379 [Thread-358] INFO  server.RaftServerConfigKeys (ConfUtils.java:logGet(43)) - raft.server.log.appender.buffer.byte-limit = 33554432 (custom)
2019-08-22 05:48:41,379 [Thread-358] INFO  server.GrpcService (ConfUtils.java:logGet(43)) - raft.grpc.flow.control.window = 1MB (=1048576) (default)
2019-08-22 05:48:41,379 [Thread-358] INFO  server.RaftServerConfigKeys (ConfUtils.java:logGet(43)) - raft.server.rpc.request.timeout = 3000ms (default)
2019-08-22 05:48:41,379 [Thread-358] INFO  server.RaftServerConfigKeys (ConfUtils.java:logGet(43)) - raft.server.storage.dir = [/workdir/hadoop-ozone/integration-test/target/test-dir/MiniOzoneClusterImpl-83afc318-308f-4a04-affc-403b3b38e3c7/datanode-2/data/ratis] (custom)
2019-08-22 05:48:41,380 [Thread-358] INFO  impl.RaftServerProxy (RaftServerProxy.java:lambda$null$0(191)) - 6ff0d347-68f7-4f62-b585-7859cadf9a08: found a subdirectory /workdir/hadoop-ozone/integration-test/target/test-dir/MiniOzoneClusterImpl-83afc318-308f-4a04-affc-403b3b38e3c7/datanode-2/data/ratis/7471f61d-27fe-40af-be32-7d1e90cbec34
2019-08-22 05:48:41,380 [Thread-358] INFO  impl.RaftServerProxy (RaftServerProxy.java:addNew(89)) - 6ff0d347-68f7-4f62-b585-7859cadf9a08: addNew group-7D1E90CBEC34:[] returns group-7D1E90CBEC34:java.util.concurrent.CompletableFuture@2e6b6cc9[Not completed]
2019-08-22 05:48:41,380 [Thread-358] INFO  impl.RaftServerProxy (RaftServerProxy.java:lambda$null$0(191)) - 6ff0d347-68f7-4f62-b585-7859cadf9a08: found a subdirectory /workdir/hadoop-ozone/integration-test/target/test-dir/MiniOzoneClusterImpl-83afc318-308f-4a04-affc-403b3b38e3c7/datanode-2/data/ratis/1f0afbc0-ecdc-409f-a7aa-4f047c2bda22
2019-08-22 05:48:41,380 [Thread-358] INFO  impl.RaftServerProxy (RaftServerProxy.java:addNew(89)) - 6ff0d347-68f7-4f62-b585-7859cadf9a08: addNew group-4F047C2BDA22:[] returns group-4F047C2BDA22:java.util.concurrent.CompletableFuture@6a33a4f1[Not completed]
2019-08-22 05:48:41,381 [Thread-358] INFO  replication.SimpleContainerDownloader (SimpleContainerDownloader.java:<init>(72)) - Starting container downloader service to copy containers to replicate.
2019-08-22 05:48:41,383 [Thread-358] INFO  hdfs.DFSUtil (DFSUtil.java:httpServerTemplateForNNAndJN(1641)) - Starting Web-server for hddsDatanode at: http://0.0.0.0:32951
2019-08-22 05:48:41,383 [pool-170-thread-1] INFO  impl.RaftServerImpl (RaftServerImpl.java:<init>(93)) - 6ff0d347-68f7-4f62-b585-7859cadf9a08: new RaftServerImpl for group-7D1E90CBEC34:[] with ContainerStateMachine:uninitialized
2019-08-22 05:48:41,384 [pool-170-thread-1] INFO  server.RaftServerConfigKeys (ConfUtils.java:logGet(43)) - raft.server.rpc.timeout.min = 5s (custom)
2019-08-22 05:48:41,384 [pool-170-thread-1] INFO  server.RaftServerConfigKeys (ConfUtils.java:logGet(43)) - raft.server.rpc.timeout.max = 5200ms (custom)
2019-08-22 05:48:41,384 [pool-170-thread-1] INFO  server.RaftServerConfigKeys (ConfUtils.java:logGet(43)) - raft.server.rpcslowness.timeout = 120s (custom)
2019-08-22 05:48:41,384 [pool-170-thread-1] INFO  server.RaftServerConfigKeys (ConfUtils.java:logGet(43)) - raft.server.sleep.deviation.threshold = 300 (default)
2019-08-22 05:48:41,384 [pool-170-thread-1] INFO  server.RaftServerConfigKeys (ConfUtils.java:logGet(43)) - raft.server.log.appender.install.snapshot.enabled = false (custom)
2019-08-22 05:48:41,385 [pool-170-thread-1] INFO  impl.RaftServerImpl (ServerState.java:<init>(105)) - 6ff0d347-68f7-4f62-b585-7859cadf9a08:group-7D1E90CBEC34 ConfigurationManager, init=-1: [], old=null, confs=<EMPTY_MAP>
2019-08-22 05:48:41,385 [pool-170-thread-1] INFO  server.RaftServerConfigKeys (ConfUtils.java:logGet(43)) - raft.server.storage.dir = [/workdir/hadoop-ozone/integration-test/target/test-dir/MiniOzoneClusterImpl-83afc318-308f-4a04-affc-403b3b38e3c7/datanode-2/data/ratis] (custom)
2019-08-22 05:48:41,385 [Thread-358] INFO  server.AuthenticationFilter (AuthenticationFilter.java:constructSecretProvider(240)) - Unable to initialize FileSignerSecretProvider, falling back to use random secrets.
2019-08-22 05:48:41,385 [Thread-358] WARN  http.HttpRequestLog (HttpRequestLog.java:getRequestLog(97)) - Jetty request log can only be enabled using Log4j
2019-08-22 05:48:41,387 [Thread-358] INFO  http.HttpServer2 (HttpServer2.java:addGlobalFilter(975)) - Added global filter 'safety' (class=org.apache.hadoop.http.HttpServer2$QuotingInputFilter)
2019-08-22 05:48:41,387 [Thread-358] INFO  http.HttpServer2 (HttpServer2.java:addFilter(948)) - Added filter static_user_filter (class=org.apache.hadoop.http.lib.StaticUserWebFilter$StaticUserFilter) to context hddsDatanode
2019-08-22 05:48:41,387 [Thread-358] INFO  http.HttpServer2 (HttpServer2.java:addFilter(958)) - Added filter static_user_filter (class=org.apache.hadoop.http.lib.StaticUserWebFilter$StaticUserFilter) to context logs
2019-08-22 05:48:41,388 [Thread-358] INFO  http.HttpServer2 (HttpServer2.java:addFilter(958)) - Added filter static_user_filter (class=org.apache.hadoop.http.lib.StaticUserWebFilter$StaticUserFilter) to context static
2019-08-22 05:48:41,388 [Thread-358] INFO  http.HttpServer2 (HttpServer2.java:bindListener(1191)) - Jetty bound to port 32951
2019-08-22 05:48:41,388 [Thread-358] INFO  server.Server (Server.java:doStart(351)) - jetty-9.3.24.v20180605, build timestamp: 2018-06-05T17:11:56Z, git hash: 84205aa28f11a4f31f2a3b86d1bba2cc8ab69827
2019-08-22 05:48:41,390 [Thread-358] INFO  handler.ContextHandler (ContextHandler.java:doStart(781)) - Started o.e.j.s.ServletContextHandler@41f7431d{/logs,file:///workdir/hadoop-ozone/integration-test/target/log,AVAILABLE}
2019-08-22 05:48:41,391 [Thread-358] INFO  handler.ContextHandler (ContextHandler.java:doStart(781)) - Started o.e.j.s.ServletContextHandler@2e378999{/static,jar:file:/home/user/.m2/repository/org/apache/hadoop/hadoop-hdds-container-service/0.5.0-SNAPSHOT/hadoop-hdds-container-service-0.5.0-SNAPSHOT.jar!/webapps/static,AVAILABLE}
2019-08-22 05:48:41,408 [pool-170-thread-1] INFO  storage.RaftStorageDirectory (RaftStorageDirectory.java:tryLock(328)) - Lock on /workdir/hadoop-ozone/integration-test/target/test-dir/MiniOzoneClusterImpl-83afc318-308f-4a04-affc-403b3b38e3c7/datanode-2/data/ratis/7471f61d-27fe-40af-be32-7d1e90cbec34/in_use.lock acquired by nodename 4933@pr-hdds-2008-trunk-8dx8q-886544045
2019-08-22 05:48:41,409 [pool-170-thread-1] INFO  ratis.ContainerStateMachine (ContainerStateMachine.java:loadSnapshot(226)) - group-7D1E90CBEC34: The snapshot info is null. Setting the last applied indexto:(t:0, i:~)
2019-08-22 05:48:41,409 [pool-170-thread-1] INFO  server.RaftServerConfigKeys (ConfUtils.java:logGet(43)) - raft.server.leader.election.timeout = 120s (custom)
2019-08-22 05:48:41,409 [pool-170-thread-1] INFO  server.RaftServerConfigKeys (ConfUtils.java:logGet(43)) - raft.server.log.use.memory = false (default)
2019-08-22 05:48:41,409 [pool-170-thread-1] INFO  server.RaftServerConfigKeys (ConfUtils.java:logGet(43)) - raft.server.log.purge.gap = 1000000 (custom)
2019-08-22 05:48:41,409 [pool-170-thread-1] INFO  server.RaftServerConfigKeys (ConfUtils.java:logGet(43)) - raft.server.log.appender.buffer.byte-limit = 33554432 (custom)
2019-08-22 05:48:41,409 [pool-170-thread-1] INFO  server.RaftServerConfigKeys (ConfUtils.java:logGet(43)) - raft.server.log.segment.size.max = 1048576 (custom)
2019-08-22 05:48:41,409 [pool-170-thread-1] INFO  server.RaftServerConfigKeys (ConfUtils.java:logGet(43)) - raft.server.log.segment.cache.num.max = 2 (custom)
2019-08-22 05:48:41,410 [pool-170-thread-1] INFO  segmented.SegmentedRaftLogWorker (SegmentedRaftLogWorker.java:<init>(172)) - new 6ff0d347-68f7-4f62-b585-7859cadf9a08-SegmentedRaftLogWorker:Storage Directory /workdir/hadoop-ozone/integration-test/target/test-dir/MiniOzoneClusterImpl-83afc318-308f-4a04-affc-403b3b38e3c7/datanode-2/data/ratis/7471f61d-27fe-40af-be32-7d1e90cbec34 for RaftStorage:Storage Directory /workdir/hadoop-ozone/integration-test/target/test-dir/MiniOzoneClusterImpl-83afc318-308f-4a04-affc-403b3b38e3c7/datanode-2/data/ratis/7471f61d-27fe-40af-be32-7d1e90cbec34
2019-08-22 05:48:41,410 [pool-170-thread-1] INFO  server.RaftServerConfigKeys (ConfUtils.java:logGet(43)) - raft.server.log.queue.byte-limit = 2147483647 (custom)
2019-08-22 05:48:41,410 [pool-170-thread-1] INFO  server.RaftServerConfigKeys (ConfUtils.java:logGet(43)) - raft.server.log.queue.element-limit = 1024 (custom)
2019-08-22 05:48:41,410 [pool-170-thread-1] INFO  server.RaftServerConfigKeys (ConfUtils.java:logGet(43)) - raft.server.log.segment.size.max = 1048576 (custom)
2019-08-22 05:48:41,410 [pool-170-thread-1] INFO  server.RaftServerConfigKeys (ConfUtils.java:logGet(43)) - raft.server.log.preallocated.size = 16384 (custom)
2019-08-22 05:48:41,410 [pool-170-thread-1] INFO  server.RaftServerConfigKeys (ConfUtils.java:logGet(43)) - raft.server.log.write.buffer.size = 33554432 (custom)
2019-08-22 05:48:41,411 [pool-170-thread-1] INFO  server.RaftServerConfigKeys (ConfUtils.java:logGet(43)) - raft.server.log.force.sync.num = 128 (default)
2019-08-22 05:48:41,411 [pool-170-thread-1] INFO  server.RaftServerConfigKeys (ConfUtils.java:logGet(43)) - raft.server.log.statemachine.data.sync = true (default)
2019-08-22 05:48:41,411 [pool-170-thread-1] INFO  server.RaftServerConfigKeys (ConfUtils.java:logGet(43)) - raft.server.log.statemachine.data.sync.timeout = 10s (default)
2019-08-22 05:48:41,411 [pool-170-thread-1] INFO  server.RaftServerConfigKeys (ConfUtils.java:logGet(43)) - raft.server.log.statemachine.data.sync.timeout.retry = -1 (default)
2019-08-22 05:48:41,411 [pool-170-thread-1] INFO  server.RaftServerConfigKeys (ConfUtils.java:logGet(43)) - raft.server.log.statemachine.data.caching.enabled = true (custom)
2019-08-22 05:48:41,412 [pool-170-thread-1] INFO  impl.RaftServerImpl (ServerState.java:setRaftConf(361)) - 6ff0d347-68f7-4f62-b585-7859cadf9a08:group-7D1E90CBEC34 set configuration 0: [6ff0d347-68f7-4f62-b585-7859cadf9a08:192.168.36.82:41391], old=null at 0
2019-08-22 05:48:41,412 [pool-170-thread-1] INFO  segmented.LogSegment (LogSegment.java:loadSegment(145)) - Successfully read 1 entries from segment file /workdir/hadoop-ozone/integration-test/target/test-dir/MiniOzoneClusterImpl-83afc318-308f-4a04-affc-403b3b38e3c7/datanode-2/data/ratis/7471f61d-27fe-40af-be32-7d1e90cbec34/current/log_inprogress_0
2019-08-22 05:48:41,412 [pool-170-thread-1] INFO  segmented.SegmentedRaftLogWorker (SegmentedRaftLogWorker.java:lambda$new$0(132)) - 6ff0d347-68f7-4f62-b585-7859cadf9a08-SegmentedRaftLogWorker:Storage Directory /workdir/hadoop-ozone/integration-test/target/test-dir/MiniOzoneClusterImpl-83afc318-308f-4a04-affc-403b3b38e3c7/datanode-2/data/ratis/7471f61d-27fe-40af-be32-7d1e90cbec34: flushIndex: setUnconditionally 0 -> 0
2019-08-22 05:48:41,419 [Thread-358] INFO  handler.ContextHandler (ContextHandler.java:doStart(781)) - Started o.e.j.w.WebAppContext@5a9e18bb{/,file:///tmp/jetty-0.0.0.0-32951-hddsDatanode-_-any-1684752517964424566.dir/webapp/,AVAILABLE}{/hddsDatanode}
2019-08-22 05:48:41,419 [Thread-358] INFO  server.AbstractConnector (AbstractConnector.java:doStart(278)) - Started ServerConnector@4af81892{HTTP/1.1,[http/1.1]}{0.0.0.0:32951}
2019-08-22 05:48:41,443 [pool-170-thread-1] INFO  server.RaftServerConfigKeys (ConfUtils.java:logGet(43)) - raft.server.snapshot.auto.trigger.enabled = true (custom)
2019-08-22 05:48:41,443 [Thread-358] INFO  server.Server (Server.java:doStart(419)) - Started @64361ms
2019-08-22 05:48:41,443 [pool-170-thread-1] INFO  server.RaftServerConfigKeys (ConfUtils.java:logGet(43)) - raft.server.snapshot.auto.trigger.threshold = 10000 (custom)
2019-08-22 05:48:41,443 [pool-170-thread-1] INFO  server.RaftServerConfigKeys (ConfUtils.java:logGet(43)) - raft.server.retrycache.expirytime = 600000ms (custom)
2019-08-22 05:48:41,444 [Thread-358] INFO  server.BaseHttpServer (BaseHttpServer.java:updateConnectorAddress(213)) - HTTP server of HDDSDATANODE is listening at http://0.0.0.0:32951
2019-08-22 05:48:41,445 [pool-170-thread-1] INFO  impl.RaftServerImpl (RaftServerImpl.java:<init>(93)) - 6ff0d347-68f7-4f62-b585-7859cadf9a08: new RaftServerImpl for group-4F047C2BDA22:[] with ContainerStateMachine:uninitialized
2019-08-22 05:48:41,445 [pool-170-thread-1] INFO  server.RaftServerConfigKeys (ConfUtils.java:logGet(43)) - raft.server.rpc.timeout.min = 5s (custom)
2019-08-22 05:48:41,445 [pool-170-thread-1] INFO  server.RaftServerConfigKeys (ConfUtils.java:logGet(43)) - raft.server.rpc.timeout.max = 5200ms (custom)
2019-08-22 05:48:41,445 [pool-170-thread-1] INFO  server.RaftServerConfigKeys (ConfUtils.java:logGet(43)) - raft.server.rpcslowness.timeout = 120s (custom)
2019-08-22 05:48:41,445 [pool-170-thread-1] INFO  server.RaftServerConfigKeys (ConfUtils.java:logGet(43)) - raft.server.sleep.deviation.threshold = 300 (default)
2019-08-22 05:48:41,445 [pool-170-thread-1] INFO  server.RaftServerConfigKeys (ConfUtils.java:logGet(43)) - raft.server.log.appender.install.snapshot.enabled = false (custom)
2019-08-22 05:48:41,445 [pool-170-thread-1] INFO  impl.RaftServerImpl (ServerState.java:<init>(105)) - 6ff0d347-68f7-4f62-b585-7859cadf9a08:group-4F047C2BDA22 ConfigurationManager, init=-1: [], old=null, confs=<EMPTY_MAP>
2019-08-22 05:48:41,446 [pool-170-thread-1] INFO  server.RaftServerConfigKeys (ConfUtils.java:logGet(43)) - raft.server.storage.dir = [/workdir/hadoop-ozone/integration-test/target/test-dir/MiniOzoneClusterImpl-83afc318-308f-4a04-affc-403b3b38e3c7/datanode-2/data/ratis] (custom)
2019-08-22 05:48:41,532 [pool-170-thread-1] INFO  storage.RaftStorageDirectory (RaftStorageDirectory.java:tryLock(328)) - Lock on /workdir/hadoop-ozone/integration-test/target/test-dir/MiniOzoneClusterImpl-83afc318-308f-4a04-affc-403b3b38e3c7/datanode-2/data/ratis/1f0afbc0-ecdc-409f-a7aa-4f047c2bda22/in_use.lock acquired by nodename 4933@pr-hdds-2008-trunk-8dx8q-886544045
2019-08-22 05:48:41,550 [pool-170-thread-1] INFO  ratis.ContainerStateMachine (ContainerStateMachine.java:loadSnapshot(226)) - group-4F047C2BDA22: The snapshot info is null. Setting the last applied indexto:(t:0, i:~)
2019-08-22 05:48:41,563 [pool-170-thread-1] INFO  server.RaftServerConfigKeys (ConfUtils.java:logGet(43)) - raft.server.leader.election.timeout = 120s (custom)
2019-08-22 05:48:41,569 [pool-170-thread-1] INFO  server.RaftServerConfigKeys (ConfUtils.java:logGet(43)) - raft.server.log.use.memory = false (default)
2019-08-22 05:48:41,581 [pool-170-thread-1] INFO  server.RaftServerConfigKeys (ConfUtils.java:logGet(43)) - raft.server.log.purge.gap = 1000000 (custom)
2019-08-22 05:48:41,587 [pool-170-thread-1] INFO  server.RaftServerConfigKeys (ConfUtils.java:logGet(43)) - raft.server.log.appender.buffer.byte-limit = 33554432 (custom)
2019-08-22 05:48:41,596 [pool-170-thread-1] INFO  server.RaftServerConfigKeys (ConfUtils.java:logGet(43)) - raft.server.log.segment.size.max = 1048576 (custom)
2019-08-22 05:48:41,605 [pool-170-thread-1] INFO  server.RaftServerConfigKeys (ConfUtils.java:logGet(43)) - raft.server.log.segment.cache.num.max = 2 (custom)
2019-08-22 05:48:41,613 [pool-170-thread-1] INFO  segmented.SegmentedRaftLogWorker (SegmentedRaftLogWorker.java:<init>(172)) - new 6ff0d347-68f7-4f62-b585-7859cadf9a08-SegmentedRaftLogWorker:Storage Directory /workdir/hadoop-ozone/integration-test/target/test-dir/MiniOzoneClusterImpl-83afc318-308f-4a04-affc-403b3b38e3c7/datanode-2/data/ratis/1f0afbc0-ecdc-409f-a7aa-4f047c2bda22 for RaftStorage:Storage Directory /workdir/hadoop-ozone/integration-test/target/test-dir/MiniOzoneClusterImpl-83afc318-308f-4a04-affc-403b3b38e3c7/datanode-2/data/ratis/1f0afbc0-ecdc-409f-a7aa-4f047c2bda22
2019-08-22 05:48:41,629 [pool-170-thread-1] INFO  server.RaftServerConfigKeys (ConfUtils.java:logGet(43)) - raft.server.log.queue.byte-limit = 2147483647 (custom)
2019-08-22 05:48:41,634 [pool-170-thread-1] INFO  server.RaftServerConfigKeys (ConfUtils.java:logGet(43)) - raft.server.log.queue.element-limit = 1024 (custom)
2019-08-22 05:48:41,644 [pool-170-thread-1] INFO  server.RaftServerConfigKeys (ConfUtils.java:logGet(43)) - raft.server.log.segment.size.max = 1048576 (custom)
2019-08-22 05:48:41,644 [pool-170-thread-1] INFO  server.RaftServerConfigKeys (ConfUtils.java:logGet(43)) - raft.server.log.preallocated.size = 16384 (custom)
2019-08-22 05:48:41,645 [pool-170-thread-1] INFO  server.RaftServerConfigKeys (ConfUtils.java:logGet(43)) - raft.server.log.write.buffer.size = 33554432 (custom)
2019-08-22 05:48:41,646 [pool-170-thread-1] INFO  server.RaftServerConfigKeys (ConfUtils.java:logGet(43)) - raft.server.log.force.sync.num = 128 (default)
2019-08-22 05:48:41,647 [pool-170-thread-1] INFO  server.RaftServerConfigKeys (ConfUtils.java:logGet(43)) - raft.server.log.statemachine.data.sync = true (default)
2019-08-22 05:48:41,648 [pool-170-thread-1] INFO  server.RaftServerConfigKeys (ConfUtils.java:logGet(43)) - raft.server.log.statemachine.data.sync.timeout = 10s (default)
2019-08-22 05:48:41,648 [pool-170-thread-1] INFO  server.RaftServerConfigKeys (ConfUtils.java:logGet(43)) - raft.server.log.statemachine.data.sync.timeout.retry = -1 (default)
2019-08-22 05:48:41,650 [pool-170-thread-1] INFO  server.RaftServerConfigKeys (ConfUtils.java:logGet(43)) - raft.server.log.statemachine.data.caching.enabled = true (custom)
2019-08-22 05:48:41,655 [pool-170-thread-1] INFO  impl.RaftServerImpl (ServerState.java:setRaftConf(361)) - 6ff0d347-68f7-4f62-b585-7859cadf9a08:group-4F047C2BDA22 set configuration 0: [6ff0d347-68f7-4f62-b585-7859cadf9a08:192.168.36.82:41391, 20ef2b05-2784-432c-b787-19ea462282b8:192.168.36.82:43454, 9412f29a-5455-4c94-8484-b4d127531eb3:192.168.36.82:35712], old=null at 0
2019-08-22 05:48:41,655 [pool-170-thread-1] INFO  segmented.LogSegment (LogSegment.java:loadSegment(145)) - Successfully read 1 entries from segment file /workdir/hadoop-ozone/integration-test/target/test-dir/MiniOzoneClusterImpl-83afc318-308f-4a04-affc-403b3b38e3c7/datanode-2/data/ratis/1f0afbc0-ecdc-409f-a7aa-4f047c2bda22/current/log_inprogress_0
2019-08-22 05:48:41,655 [pool-170-thread-1] INFO  segmented.SegmentedRaftLogWorker (SegmentedRaftLogWorker.java:lambda$new$0(132)) - 6ff0d347-68f7-4f62-b585-7859cadf9a08-SegmentedRaftLogWorker:Storage Directory /workdir/hadoop-ozone/integration-test/target/test-dir/MiniOzoneClusterImpl-83afc318-308f-4a04-affc-403b3b38e3c7/datanode-2/data/ratis/1f0afbc0-ecdc-409f-a7aa-4f047c2bda22: flushIndex: setUnconditionally 0 -> 0
2019-08-22 05:48:41,686 [pool-170-thread-1] INFO  server.RaftServerConfigKeys (ConfUtils.java:logGet(43)) - raft.server.snapshot.auto.trigger.enabled = true (custom)
2019-08-22 05:48:41,689 [pool-170-thread-1] INFO  server.RaftServerConfigKeys (ConfUtils.java:logGet(43)) - raft.server.snapshot.auto.trigger.threshold = 10000 (custom)
2019-08-22 05:48:41,692 [pool-170-thread-1] INFO  server.RaftServerConfigKeys (ConfUtils.java:logGet(43)) - raft.server.retrycache.expirytime = 600000ms (custom)
2019-08-22 05:48:41,792 | INFO  | ObjectStoreRestHttpServer | Listening HDDS REST traffic on /0.0.0.0:42139 |  
2019-08-22 05:48:41,793 [Thread-358] INFO  ozone.HddsDatanodeService (HddsDatanodeService.java:startPlugins(395)) - Started plug-in org.apache.hadoop.ozone.web.OzoneHddsDatanodeService@3c4cf29d
2019-08-22 05:48:41,793 [Thread-358] INFO  pipeline.SCMPipelineManager (SCMPipelineManager.java:finalizeAndDestroyPipeline(309)) - destroying pipeline:Pipeline[ Id: 1f0afbc0-ecdc-409f-a7aa-4f047c2bda22, Nodes: 20ef2b05-2784-432c-b787-19ea462282b8{ip: 192.168.36.82, host: pr-hdds-2008-trunk-8dx8q-886544045, networkLocation: /default-rack, certSerialId: null}6ff0d347-68f7-4f62-b585-7859cadf9a08{ip: 192.168.36.82, host: pr-hdds-2008-trunk-8dx8q-886544045, networkLocation: /default-rack, certSerialId: null}9412f29a-5455-4c94-8484-b4d127531eb3{ip: 192.168.36.82, host: pr-hdds-2008-trunk-8dx8q-886544045, networkLocation: /default-rack, certSerialId: null}, Type:RATIS, Factor:THREE, State:OPEN]
2019-08-22 05:48:41,795 [org.apache.hadoop.util.JvmPauseMonitor$Monitor@f35df3e] INFO  util.JvmPauseMonitor (JvmPauseMonitor.java:run(188)) - Starting JVM pause monitor
2019-08-22 05:48:41,803 [Thread-358] WARN  pipeline.RatisPipelineUtils (RatisPipelineUtils.java:destroyPipeline(66)) - Pipeline destroy failed for pipeline=PipelineID=1f0afbc0-ecdc-409f-a7aa-4f047c2bda22 dn=20ef2b05-2784-432c-b787-19ea462282b8{ip: 192.168.36.82, host: pr-hdds-2008-trunk-8dx8q-886544045, networkLocation: /default-rack, certSerialId: null}
2019-08-22 05:48:41,806 [Thread-358] WARN  pipeline.RatisPipelineUtils (RatisPipelineUtils.java:destroyPipeline(66)) - Pipeline destroy failed for pipeline=PipelineID=1f0afbc0-ecdc-409f-a7aa-4f047c2bda22 dn=6ff0d347-68f7-4f62-b585-7859cadf9a08{ip: 192.168.36.82, host: pr-hdds-2008-trunk-8dx8q-886544045, networkLocation: /default-rack, certSerialId: null}
2019-08-22 05:48:41,808 [Thread-358] WARN  pipeline.RatisPipelineUtils (RatisPipelineUtils.java:destroyPipeline(66)) - Pipeline destroy failed for pipeline=PipelineID=1f0afbc0-ecdc-409f-a7aa-4f047c2bda22 dn=9412f29a-5455-4c94-8484-b4d127531eb3{ip: 192.168.36.82, host: pr-hdds-2008-trunk-8dx8q-886544045, networkLocation: /default-rack, certSerialId: null}
2019-08-22 05:48:41,809 [Thread-358] INFO  pipeline.PipelineStateManager (PipelineStateManager.java:removePipeline(108)) - Pipeline Pipeline[ Id: 1f0afbc0-ecdc-409f-a7aa-4f047c2bda22, Nodes: 20ef2b05-2784-432c-b787-19ea462282b8{ip: 192.168.36.82, host: pr-hdds-2008-trunk-8dx8q-886544045, networkLocation: /default-rack, certSerialId: null}6ff0d347-68f7-4f62-b585-7859cadf9a08{ip: 192.168.36.82, host: pr-hdds-2008-trunk-8dx8q-886544045, networkLocation: /default-rack, certSerialId: null}9412f29a-5455-4c94-8484-b4d127531eb3{ip: 192.168.36.82, host: pr-hdds-2008-trunk-8dx8q-886544045, networkLocation: /default-rack, certSerialId: null}, Type:RATIS, Factor:THREE, State:CLOSED] removed from db
2019-08-22 05:48:43,120 | INFO  | SCMAudit | user=jenkins1000 | ip=192.168.36.82 | op=GET_VERSION null | ret=SUCCESS |  
2019-08-22 05:48:43,121 [Datanode State Machine Thread - 0] INFO  ozoneimpl.OzoneContainer (OzoneContainer.java:start(186)) - Attempting to start container services.
2019-08-22 05:48:43,123 [Datanode State Machine Thread - 0] INFO  ozoneimpl.OzoneContainer (OzoneContainer.java:startContainerScrub(160)) - Background container scrubber has been disabled by hdds.containerscrub.enabled
2019-08-22 05:48:43,123 [Datanode State Machine Thread - 0] INFO  ratis.XceiverServerRatis (XceiverServerRatis.java:start(404)) - Starting XceiverServerRatis 20ef2b05-2784-432c-b787-19ea462282b8 at port 43454
2019-08-22 05:48:43,131 [Datanode State Machine Thread - 0] INFO  impl.RaftServerImpl (RaftServerImpl.java:start(180)) - 20ef2b05-2784-432c-b787-19ea462282b8: start group-4F047C2BDA22
2019-08-22 05:48:43,131 [ForkJoinPool.commonPool-worker-0] INFO  impl.RaftServerImpl (RaftServerImpl.java:start(180)) - 20ef2b05-2784-432c-b787-19ea462282b8: start group-7AE651877809
2019-08-22 05:48:43,132 [Datanode State Machine Thread - 0] INFO  impl.RaftServerImpl (RaftServerImpl.java:setRole(171)) - 20ef2b05-2784-432c-b787-19ea462282b8:group-4F047C2BDA22 changes role from null to FOLLOWER at term 1 for startAsFollower
2019-08-22 05:48:43,134 [ForkJoinPool.commonPool-worker-0] INFO  impl.RaftServerImpl (RaftServerImpl.java:setRole(171)) - 20ef2b05-2784-432c-b787-19ea462282b8:group-7AE651877809 changes role from null to FOLLOWER at term 1 for startAsFollower
2019-08-22 05:48:43,134 [Datanode State Machine Thread - 0] INFO  impl.RoleInfo (RoleInfo.java:updateAndGet(143)) - 20ef2b05-2784-432c-b787-19ea462282b8: start FollowerState
2019-08-22 05:48:43,134 [ForkJoinPool.commonPool-worker-0] INFO  impl.RoleInfo (RoleInfo.java:updateAndGet(143)) - 20ef2b05-2784-432c-b787-19ea462282b8: start FollowerState
2019-08-22 05:48:43,135 [Datanode State Machine Thread - 0] INFO  util.JmxRegister (JmxRegister.java:tryRegister(44)) - Successfully registered JMX Bean with object name Ratis:service=RaftServer,group=group-4F047C2BDA22,id=20ef2b05-2784-432c-b787-19ea462282b8
2019-08-22 05:48:43,135 [ForkJoinPool.commonPool-worker-0] INFO  util.JmxRegister (JmxRegister.java:tryRegister(44)) - Successfully registered JMX Bean with object name Ratis:service=RaftServer,group=group-7AE651877809,id=20ef2b05-2784-432c-b787-19ea462282b8
2019-08-22 05:48:43,137 [Datanode State Machine Thread - 0] INFO  impl.RaftServerProxy (RaftServerProxy.java:lambda$start$3(299)) - 20ef2b05-2784-432c-b787-19ea462282b8: start RPC server
2019-08-22 05:48:43,139 [Datanode State Machine Thread - 0] INFO  server.GrpcService (GrpcService.java:startImpl(149)) - 20ef2b05-2784-432c-b787-19ea462282b8: GrpcService started, listening on 0.0.0.0/0.0.0.0:43454
2019-08-22 05:48:43,359 | INFO  | SCMAudit | user=jenkins1000 | ip=192.168.36.82 | op=GET_VERSION null | ret=SUCCESS |  
2019-08-22 05:48:43,360 [Datanode State Machine Thread - 0] INFO  ozoneimpl.OzoneContainer (OzoneContainer.java:start(186)) - Attempting to start container services.
2019-08-22 05:48:43,360 [Datanode State Machine Thread - 0] INFO  ozoneimpl.OzoneContainer (OzoneContainer.java:startContainerScrub(160)) - Background container scrubber has been disabled by hdds.containerscrub.enabled
2019-08-22 05:48:43,360 [Datanode State Machine Thread - 0] INFO  ratis.XceiverServerRatis (XceiverServerRatis.java:start(404)) - Starting XceiverServerRatis 9412f29a-5455-4c94-8484-b4d127531eb3 at port 35712
2019-08-22 05:48:43,367 [Datanode State Machine Thread - 0] INFO  impl.RaftServerImpl (RaftServerImpl.java:start(180)) - 9412f29a-5455-4c94-8484-b4d127531eb3: start group-4F047C2BDA22
2019-08-22 05:48:43,367 [ForkJoinPool.commonPool-worker-0] INFO  impl.RaftServerImpl (RaftServerImpl.java:start(180)) - 9412f29a-5455-4c94-8484-b4d127531eb3: start group-2CEE3287AFF5
2019-08-22 05:48:43,368 [Datanode State Machine Thread - 0] INFO  impl.RaftServerImpl (RaftServerImpl.java:setRole(171)) - 9412f29a-5455-4c94-8484-b4d127531eb3:group-4F047C2BDA22 changes role from null to FOLLOWER at term 1 for startAsFollower
2019-08-22 05:48:43,369 [ForkJoinPool.commonPool-worker-0] INFO  impl.RaftServerImpl (RaftServerImpl.java:setRole(171)) - 9412f29a-5455-4c94-8484-b4d127531eb3:group-2CEE3287AFF5 changes role from null to FOLLOWER at term 1 for startAsFollower
2019-08-22 05:48:43,369 [Datanode State Machine Thread - 0] INFO  impl.RoleInfo (RoleInfo.java:updateAndGet(143)) - 9412f29a-5455-4c94-8484-b4d127531eb3: start FollowerState
2019-08-22 05:48:43,369 [ForkJoinPool.commonPool-worker-0] INFO  impl.RoleInfo (RoleInfo.java:updateAndGet(143)) - 9412f29a-5455-4c94-8484-b4d127531eb3: start FollowerState
2019-08-22 05:48:43,370 [Datanode State Machine Thread - 0] INFO  util.JmxRegister (JmxRegister.java:tryRegister(44)) - Successfully registered JMX Bean with object name Ratis:service=RaftServer,group=group-4F047C2BDA22,id=9412f29a-5455-4c94-8484-b4d127531eb3
2019-08-22 05:48:43,371 [ForkJoinPool.commonPool-worker-0] INFO  util.JmxRegister (JmxRegister.java:tryRegister(44)) - Successfully registered JMX Bean with object name Ratis:service=RaftServer,group=group-2CEE3287AFF5,id=9412f29a-5455-4c94-8484-b4d127531eb3
2019-08-22 05:48:43,372 [Datanode State Machine Thread - 0] INFO  impl.RaftServerProxy (RaftServerProxy.java:lambda$start$3(299)) - 9412f29a-5455-4c94-8484-b4d127531eb3: start RPC server
2019-08-22 05:48:43,372 [Datanode State Machine Thread - 0] INFO  server.GrpcService (GrpcService.java:startImpl(149)) - 9412f29a-5455-4c94-8484-b4d127531eb3: GrpcService started, listening on 0.0.0.0/0.0.0.0:35712
2019-08-22 05:48:43,796 | INFO  | SCMAudit | user=jenkins1000 | ip=192.168.36.82 | op=GET_VERSION null | ret=SUCCESS |  
2019-08-22 05:48:43,797 [Datanode State Machine Thread - 0] INFO  ozoneimpl.OzoneContainer (OzoneContainer.java:start(186)) - Attempting to start container services.
2019-08-22 05:48:43,797 [Datanode State Machine Thread - 0] INFO  ozoneimpl.OzoneContainer (OzoneContainer.java:startContainerScrub(160)) - Background container scrubber has been disabled by hdds.containerscrub.enabled
2019-08-22 05:48:43,798 [Datanode State Machine Thread - 0] INFO  ratis.XceiverServerRatis (XceiverServerRatis.java:start(404)) - Starting XceiverServerRatis 6ff0d347-68f7-4f62-b585-7859cadf9a08 at port 41391
2019-08-22 05:48:43,807 [Datanode State Machine Thread - 0] INFO  impl.RaftServerImpl (RaftServerImpl.java:start(180)) - 6ff0d347-68f7-4f62-b585-7859cadf9a08: start group-4F047C2BDA22
2019-08-22 05:48:43,807 [ForkJoinPool.commonPool-worker-0] INFO  impl.RaftServerImpl (RaftServerImpl.java:start(180)) - 6ff0d347-68f7-4f62-b585-7859cadf9a08: start group-7D1E90CBEC34
2019-08-22 05:48:43,809 [Datanode State Machine Thread - 0] INFO  impl.RaftServerImpl (RaftServerImpl.java:setRole(171)) - 6ff0d347-68f7-4f62-b585-7859cadf9a08:group-4F047C2BDA22 changes role from null to FOLLOWER at term 1 for startAsFollower
2019-08-22 05:48:43,810 [ForkJoinPool.commonPool-worker-0] INFO  impl.RaftServerImpl (RaftServerImpl.java:setRole(171)) - 6ff0d347-68f7-4f62-b585-7859cadf9a08:group-7D1E90CBEC34 changes role from null to FOLLOWER at term 1 for startAsFollower
2019-08-22 05:48:43,811 [Datanode State Machine Thread - 0] INFO  impl.RoleInfo (RoleInfo.java:updateAndGet(143)) - 6ff0d347-68f7-4f62-b585-7859cadf9a08: start FollowerState
2019-08-22 05:48:43,811 [ForkJoinPool.commonPool-worker-0] INFO  impl.RoleInfo (RoleInfo.java:updateAndGet(143)) - 6ff0d347-68f7-4f62-b585-7859cadf9a08: start FollowerState
2019-08-22 05:48:43,811 [Datanode State Machine Thread - 0] INFO  util.JmxRegister (JmxRegister.java:tryRegister(44)) - Successfully registered JMX Bean with object name Ratis:service=RaftServer,group=group-4F047C2BDA22,id=6ff0d347-68f7-4f62-b585-7859cadf9a08
2019-08-22 05:48:43,812 [ForkJoinPool.commonPool-worker-0] INFO  util.JmxRegister (JmxRegister.java:tryRegister(44)) - Successfully registered JMX Bean with object name Ratis:service=RaftServer,group=group-7D1E90CBEC34,id=6ff0d347-68f7-4f62-b585-7859cadf9a08
2019-08-22 05:48:43,821 [Datanode State Machine Thread - 0] INFO  impl.RaftServerProxy (RaftServerProxy.java:lambda$start$3(299)) - 6ff0d347-68f7-4f62-b585-7859cadf9a08: start RPC server
2019-08-22 05:48:43,822 [Datanode State Machine Thread - 0] INFO  server.GrpcService (GrpcService.java:startImpl(149)) - 6ff0d347-68f7-4f62-b585-7859cadf9a08: GrpcService started, listening on 0.0.0.0/0.0.0.0:41391
2019-08-22 05:48:44,657 [main] INFO  ozone.MiniOzoneClusterImpl (MiniOzoneClusterImpl.java:shutdown(321)) - Shutting down the Mini Ozone Cluster
2019-08-22 05:48:44,658 | INFO  | SCMAudit | user=null | ip=null | op=GET_SCM_INFO null | ret=SUCCESS |  
2019-08-22 05:48:44,658 [main] INFO  ozone.MiniOzoneClusterImpl (MiniOzoneClusterImpl.java:stop(336)) - Stopping the Mini Ozone Cluster
2019-08-22 05:48:44,658 [main] INFO  ozone.MiniOzoneClusterImpl (MiniOzoneClusterImpl.java:stop(338)) - Stopping the OzoneManager
2019-08-22 05:48:44,660 [main] INFO  ipc.Server (Server.java:stop(3082)) - Stopping server on 38436
2019-08-22 05:48:44,668 [IPC Server listener on 38436] INFO  ipc.Server (Server.java:run(1185)) - Stopping IPC Server listener on 38436
2019-08-22 05:48:44,670 [main] INFO  ratis.OzoneManagerDoubleBuffer (OzoneManagerDoubleBuffer.java:stop(248)) - Stopping OMDoubleBuffer flush thread
2019-08-22 05:48:44,673 [IPC Server Responder] INFO  ipc.Server (Server.java:run(1319)) - Stopping IPC Server Responder
2019-08-22 05:48:44,682 [OMDoubleBufferFlushThread] INFO  ratis.OzoneManagerDoubleBuffer (OzoneManagerDoubleBuffer.java:flushTransactions(191)) - OMDoubleBuffer flush thread OMDoubleBufferFlushThread is interrupted and will exit. OMDoubleBufferFlushThread
2019-08-22 05:48:44,689 [main] INFO  utils.BackgroundService (BackgroundService.java:shutdown(148)) - Shutting down service KeyDeletingService
2019-08-22 05:48:44,695 [main] INFO  handler.ContextHandler (ContextHandler.java:doStop(910)) - Stopped o.e.j.w.WebAppContext@2b296df5{/,null,UNAVAILABLE}{/ozoneManager}
2019-08-22 05:48:44,696 [main] INFO  server.AbstractConnector (AbstractConnector.java:doStop(318)) - Stopped ServerConnector@573359a6{HTTP/1.1,[http/1.1]}{0.0.0.0:0}
2019-08-22 05:48:44,697 [main] INFO  handler.ContextHandler (ContextHandler.java:doStop(910)) - Stopped o.e.j.s.ServletContextHandler@50043a02{/static,file:///workdir/hadoop-ozone/integration-test/target/test-classes/webapps/static,UNAVAILABLE}
2019-08-22 05:48:44,699 [main] INFO  handler.ContextHandler (ContextHandler.java:doStop(910)) - Stopped o.e.j.s.ServletContextHandler@c52e213{/logs,file:///workdir/hadoop-ozone/integration-test/target/log,UNAVAILABLE}
2019-08-22 05:48:44,703 [main] INFO  ozone.MiniOzoneClusterImpl (MiniOzoneClusterImpl.java:stop(344)) - Shutting the HddsDatanodes
2019-08-22 05:48:44,704 [main] INFO  datanode.ObjectStoreHandler (ObjectStoreHandler.java:close(155)) - Closing ObjectStoreHandler.
2019-08-22 05:48:44,704 [ForkJoinPool.commonPool-worker-0] INFO  datanode.ObjectStoreHandler (ObjectStoreHandler.java:close(155)) - Closing ObjectStoreHandler.
2019-08-22 05:48:44,704 [main] INFO  ozone.HddsDatanodeService (HddsDatanodeService.java:stop(451)) - Stopped plug-in org.apache.hadoop.ozone.web.OzoneHddsDatanodeService@bbe7918
2019-08-22 05:48:44,705 [ForkJoinPool.commonPool-worker-0] INFO  ozone.HddsDatanodeService (HddsDatanodeService.java:stop(451)) - Stopped plug-in org.apache.hadoop.ozone.web.OzoneHddsDatanodeService@437c7e40
2019-08-22 05:48:45,119 [Datanode State Machine Thread - 0] INFO  statemachine.DatanodeStateMachine (DatanodeStateMachine.java:lambda$startDaemon$0(350)) - Ozone container server started.
2019-08-22 05:48:45,358 [Datanode State Machine Thread - 0] INFO  statemachine.DatanodeStateMachine (DatanodeStateMachine.java:lambda$startDaemon$0(350)) - Ozone container server started.
2019-08-22 05:48:45,802 | INFO  | SCMAudit | user=jenkins1000 | ip=192.168.36.82 | op=REGISTER {datanodeDetails=6ff0d347-68f7-4f62-b585-7859cadf9a08{ip: 192.168.36.82, host: pr-hdds-2008-trunk-8dx8q-886544045, networkLocation: /default-rack, certSerialId: null}} | ret=SUCCESS |  
2019-08-22 05:48:45,811 [grpc-default-executor-0] INFO  impl.RaftServerProxy (RaftServerProxy.java:remove(95)) - 6ff0d347-68f7-4f62-b585-7859cadf9a08: remove FOLLOWER group-4F047C2BDA22 6ff0d347-68f7-4f62-b585-7859cadf9a08:t1, leader=null, voted=6ff0d347-68f7-4f62-b585-7859cadf9a08, raftlog=6ff0d347-68f7-4f62-b585-7859cadf9a08-SegmentedRaftLog:OPENED:c-1,f0,i0, conf=0: [6ff0d347-68f7-4f62-b585-7859cadf9a08:192.168.36.82:41391, 20ef2b05-2784-432c-b787-19ea462282b8:192.168.36.82:43454, 9412f29a-5455-4c94-8484-b4d127531eb3:192.168.36.82:35712], old=null RUNNING
2019-08-22 05:48:45,812 [grpc-default-executor-0] INFO  impl.RaftServerImpl (RaftServerImpl.java:lambda$shutdown$3(245)) - 6ff0d347-68f7-4f62-b585-7859cadf9a08: shutdown group-4F047C2BDA22
2019-08-22 05:48:45,812 [grpc-default-executor-0] INFO  util.JmxRegister (JmxRegister.java:unregister(73)) - Successfully un-registered JMX Bean with object name Ratis:service=RaftServer,group=group-4F047C2BDA22,id=6ff0d347-68f7-4f62-b585-7859cadf9a08
2019-08-22 05:48:45,812 [grpc-default-executor-0] INFO  impl.RoleInfo (RoleInfo.java:shutdownFollowerState(121)) - 6ff0d347-68f7-4f62-b585-7859cadf9a08: shutdown FollowerState
2019-08-22 05:48:45,813 [grpc-default-executor-0] INFO  impl.StateMachineUpdater (StateMachineUpdater.java:stopAndJoin(115)) - StateMachineUpdater:6ff0d347-68f7-4f62-b585-7859cadf9a08:group-4F047C2BDA22: set stopIndex = -1
2019-08-22 05:48:45,813 [Thread-625] INFO  impl.FollowerState (FollowerState.java:run(114)) - 6ff0d347-68f7-4f62-b585-7859cadf9a08: FollowerState was interrupted: java.lang.InterruptedException: sleep interrupted
2019-08-22 05:48:45,813 [grpc-default-executor-0] INFO  impl.RaftServerImpl (ServerState.java:close(394)) - 6ff0d347-68f7-4f62-b585-7859cadf9a08:group-4F047C2BDA22 closes. The last applied log index is -1
2019-08-22 05:48:45,815 [6ff0d347-68f7-4f62-b585-7859cadf9a08-SegmentedRaftLogWorker:Storage Directory /workdir/hadoop-ozone/integration-test/target/test-dir/MiniOzoneClusterImpl-83afc318-308f-4a04-affc-403b3b38e3c7/datanode-2/data/ratis/1f0afbc0-ecdc-409f-a7aa-4f047c2bda22] INFO  segmented.SegmentedRaftLogWorker (SegmentedRaftLogWorker.java:run(313)) - 6ff0d347-68f7-4f62-b585-7859cadf9a08-SegmentedRaftLogWorker:Storage Directory /workdir/hadoop-ozone/integration-test/target/test-dir/MiniOzoneClusterImpl-83afc318-308f-4a04-affc-403b3b38e3c7/datanode-2/data/ratis/1f0afbc0-ecdc-409f-a7aa-4f047c2bda22 was interrupted, exiting. There are 0 tasks remaining in the queue.
2019-08-22 05:48:45,816 [grpc-default-executor-0] INFO  segmented.SegmentedRaftLogWorker (SegmentedRaftLogWorker.java:close(228)) - 6ff0d347-68f7-4f62-b585-7859cadf9a08-SegmentedRaftLogWorker:Storage Directory /workdir/hadoop-ozone/integration-test/target/test-dir/MiniOzoneClusterImpl-83afc318-308f-4a04-affc-403b3b38e3c7/datanode-2/data/ratis/1f0afbc0-ecdc-409f-a7aa-4f047c2bda22 close()
2019-08-22 05:48:47,797 | INFO  | SCMAudit | user=jenkins1000 | ip=192.168.36.82 | op=SEND_HEARTBEAT {datanodeUUID=6ff0d347-68f7-4f62-b585-7859cadf9a08, command=[]} | ret=SUCCESS |  
2019-08-22 05:48:47,937 [grpc-default-executor-0] INFO  impl.RaftServerProxy (RaftServerProxy.java:addNew(89)) - 6ff0d347-68f7-4f62-b585-7859cadf9a08: addNew group-0F761014E921:[6ff0d347-68f7-4f62-b585-7859cadf9a08:192.168.36.82:41391] returns group-0F761014E921:java.util.concurrent.CompletableFuture@171a335c[Not completed]
2019-08-22 05:48:47,939 [pool-170-thread-1] INFO  impl.RaftServerImpl (RaftServerImpl.java:<init>(93)) - 6ff0d347-68f7-4f62-b585-7859cadf9a08: new RaftServerImpl for group-0F761014E921:[6ff0d347-68f7-4f62-b585-7859cadf9a08:192.168.36.82:41391] with ContainerStateMachine:uninitialized
2019-08-22 05:48:47,940 [pool-170-thread-1] INFO  server.RaftServerConfigKeys (ConfUtils.java:logGet(43)) - raft.server.rpc.timeout.min = 5s (custom)
2019-08-22 05:48:47,940 [pool-170-thread-1] INFO  server.RaftServerConfigKeys (ConfUtils.java:logGet(43)) - raft.server.rpc.timeout.max = 5200ms (custom)
2019-08-22 05:48:47,940 [pool-170-thread-1] INFO  server.RaftServerConfigKeys (ConfUtils.java:logGet(43)) - raft.server.rpcslowness.timeout = 120s (custom)
2019-08-22 05:48:47,940 [pool-170-thread-1] INFO  server.RaftServerConfigKeys (ConfUtils.java:logGet(43)) - raft.server.sleep.deviation.threshold = 300 (default)
2019-08-22 05:48:47,940 [pool-170-thread-1] INFO  server.RaftServerConfigKeys (ConfUtils.java:logGet(43)) - raft.server.log.appender.install.snapshot.enabled = false (custom)
2019-08-22 05:48:47,940 [pool-170-thread-1] INFO  impl.RaftServerImpl (ServerState.java:<init>(105)) - 6ff0d347-68f7-4f62-b585-7859cadf9a08:group-0F761014E921 ConfigurationManager, init=-1: [6ff0d347-68f7-4f62-b585-7859cadf9a08:192.168.36.82:41391], old=null, confs=<EMPTY_MAP>
2019-08-22 05:48:47,941 [pool-170-thread-1] INFO  server.RaftServerConfigKeys (ConfUtils.java:logGet(43)) - raft.server.storage.dir = [/workdir/hadoop-ozone/integration-test/target/test-dir/MiniOzoneClusterImpl-83afc318-308f-4a04-affc-403b3b38e3c7/datanode-2/data/ratis] (custom)
2019-08-22 05:48:47,941 [pool-170-thread-1] INFO  storage.RaftStorageDirectory (RaftStorageDirectory.java:analyzeStorage(246)) - The storage directory /workdir/hadoop-ozone/integration-test/target/test-dir/MiniOzoneClusterImpl-83afc318-308f-4a04-affc-403b3b38e3c7/datanode-2/data/ratis/88a33f12-97f0-41dc-bbf4-0f761014e921 does not exist. Creating ...
2019-08-22 05:48:47,965 [pool-170-thread-1] INFO  storage.RaftStorageDirectory (RaftStorageDirectory.java:tryLock(328)) - Lock on /workdir/hadoop-ozone/integration-test/target/test-dir/MiniOzoneClusterImpl-83afc318-308f-4a04-affc-403b3b38e3c7/datanode-2/data/ratis/88a33f12-97f0-41dc-bbf4-0f761014e921/in_use.lock acquired by nodename 4933@pr-hdds-2008-trunk-8dx8q-886544045
2019-08-22 05:48:47,988 [pool-170-thread-1] INFO  storage.RaftStorage (RaftStorage.java:format(72)) - Storage directory /workdir/hadoop-ozone/integration-test/target/test-dir/MiniOzoneClusterImpl-83afc318-308f-4a04-affc-403b3b38e3c7/datanode-2/data/ratis/88a33f12-97f0-41dc-bbf4-0f761014e921 has been successfully formatted.
2019-08-22 05:48:47,989 [pool-170-thread-1] INFO  ratis.ContainerStateMachine (ContainerStateMachine.java:loadSnapshot(226)) - group-0F761014E921: The snapshot info is null. Setting the last applied indexto:(t:0, i:~)
2019-08-22 05:48:47,989 [pool-170-thread-1] INFO  server.RaftServerConfigKeys (ConfUtils.java:logGet(43)) - raft.server.leader.election.timeout = 120s (custom)
2019-08-22 05:48:47,989 [pool-170-thread-1] INFO  server.RaftServerConfigKeys (ConfUtils.java:logGet(43)) - raft.server.log.use.memory = false (default)
2019-08-22 05:48:47,990 [pool-170-thread-1] INFO  server.RaftServerConfigKeys (ConfUtils.java:logGet(43)) - raft.server.log.purge.gap = 1000000 (custom)
2019-08-22 05:48:47,990 [pool-170-thread-1] INFO  server.RaftServerConfigKeys (ConfUtils.java:logGet(43)) - raft.server.log.appender.buffer.byte-limit = 33554432 (custom)
2019-08-22 05:48:47,990 [pool-170-thread-1] INFO  server.RaftServerConfigKeys (ConfUtils.java:logGet(43)) - raft.server.log.segment.size.max = 1048576 (custom)
2019-08-22 05:48:47,990 [pool-170-thread-1] INFO  server.RaftServerConfigKeys (ConfUtils.java:logGet(43)) - raft.server.log.segment.cache.num.max = 2 (custom)
2019-08-22 05:48:47,990 [pool-170-thread-1] INFO  segmented.SegmentedRaftLogWorker (SegmentedRaftLogWorker.java:<init>(172)) - new 6ff0d347-68f7-4f62-b585-7859cadf9a08-SegmentedRaftLogWorker:Storage Directory /workdir/hadoop-ozone/integration-test/target/test-dir/MiniOzoneClusterImpl-83afc318-308f-4a04-affc-403b3b38e3c7/datanode-2/data/ratis/88a33f12-97f0-41dc-bbf4-0f761014e921 for RaftStorage:Storage Directory /workdir/hadoop-ozone/integration-test/target/test-dir/MiniOzoneClusterImpl-83afc318-308f-4a04-affc-403b3b38e3c7/datanode-2/data/ratis/88a33f12-97f0-41dc-bbf4-0f761014e921
2019-08-22 05:48:47,991 [pool-170-thread-1] INFO  server.RaftServerConfigKeys (ConfUtils.java:logGet(43)) - raft.server.log.queue.byte-limit = 2147483647 (custom)
2019-08-22 05:48:47,991 [pool-170-thread-1] INFO  server.RaftServerConfigKeys (ConfUtils.java:logGet(43)) - raft.server.log.queue.element-limit = 1024 (custom)
2019-08-22 05:48:47,991 [pool-170-thread-1] INFO  server.RaftServerConfigKeys (ConfUtils.java:logGet(43)) - raft.server.log.segment.size.max = 1048576 (custom)
2019-08-22 05:48:47,991 [pool-170-thread-1] INFO  server.RaftServerConfigKeys (ConfUtils.java:logGet(43)) - raft.server.log.preallocated.size = 16384 (custom)
2019-08-22 05:48:47,991 [pool-170-thread-1] INFO  server.RaftServerConfigKeys (ConfUtils.java:logGet(43)) - raft.server.log.write.buffer.size = 33554432 (custom)
2019-08-22 05:48:47,992 [pool-170-thread-1] INFO  server.RaftServerConfigKeys (ConfUtils.java:logGet(43)) - raft.server.log.force.sync.num = 128 (default)
2019-08-22 05:48:47,992 [pool-170-thread-1] INFO  server.RaftServerConfigKeys (ConfUtils.java:logGet(43)) - raft.server.log.statemachine.data.sync = true (default)
2019-08-22 05:48:47,992 [pool-170-thread-1] INFO  server.RaftServerConfigKeys (ConfUtils.java:logGet(43)) - raft.server.log.statemachine.data.sync.timeout = 10s (default)
2019-08-22 05:48:47,992 [pool-170-thread-1] INFO  server.RaftServerConfigKeys (ConfUtils.java:logGet(43)) - raft.server.log.statemachine.data.sync.timeout.retry = -1 (default)
2019-08-22 05:48:47,992 [pool-170-thread-1] INFO  server.RaftServerConfigKeys (ConfUtils.java:logGet(43)) - raft.server.log.statemachine.data.caching.enabled = true (custom)
2019-08-22 05:48:47,993 [pool-170-thread-1] INFO  segmented.SegmentedRaftLogWorker (SegmentedRaftLogWorker.java:lambda$new$0(132)) - 6ff0d347-68f7-4f62-b585-7859cadf9a08-SegmentedRaftLogWorker:Storage Directory /workdir/hadoop-ozone/integration-test/target/test-dir/MiniOzoneClusterImpl-83afc318-308f-4a04-affc-403b3b38e3c7/datanode-2/data/ratis/88a33f12-97f0-41dc-bbf4-0f761014e921: flushIndex: setUnconditionally 0 -> -1
2019-08-22 05:48:47,993 [pool-170-thread-1] INFO  server.RaftServerConfigKeys (ConfUtils.java:logGet(43)) - raft.server.snapshot.auto.trigger.enabled = true (custom)
2019-08-22 05:48:47,994 [pool-170-thread-1] INFO  server.RaftServerConfigKeys (ConfUtils.java:logGet(43)) - raft.server.snapshot.auto.trigger.threshold = 10000 (custom)
2019-08-22 05:48:47,994 [pool-170-thread-1] INFO  server.RaftServerConfigKeys (ConfUtils.java:logGet(43)) - raft.server.retrycache.expirytime = 600000ms (custom)
2019-08-22 05:48:47,994 [pool-170-thread-1] INFO  impl.RaftServerImpl (RaftServerImpl.java:start(180)) - 6ff0d347-68f7-4f62-b585-7859cadf9a08: start group-0F761014E921
2019-08-22 05:48:47,994 [pool-170-thread-1] INFO  impl.RaftServerImpl (RaftServerImpl.java:setRole(171)) - 6ff0d347-68f7-4f62-b585-7859cadf9a08:group-0F761014E921 changes role from null to FOLLOWER at term 0 for startAsFollower
2019-08-22 05:48:47,994 [pool-170-thread-1] INFO  impl.RoleInfo (RoleInfo.java:updateAndGet(143)) - 6ff0d347-68f7-4f62-b585-7859cadf9a08: start FollowerState
2019-08-22 05:48:47,995 [pool-170-thread-1] INFO  util.JmxRegister (JmxRegister.java:tryRegister(44)) - Successfully registered JMX Bean with object name Ratis:service=RaftServer,group=group-0F761014E921,id=6ff0d347-68f7-4f62-b585-7859cadf9a08
2019-08-22 05:48:48,001 [RatisPipelineUtilsThread] INFO  pipeline.PipelineStateManager (PipelineStateManager.java:addPipeline(56)) - Created pipeline Pipeline[ Id: 88a33f12-97f0-41dc-bbf4-0f761014e921, Nodes: 6ff0d347-68f7-4f62-b585-7859cadf9a08{ip: 192.168.36.82, host: pr-hdds-2008-trunk-8dx8q-886544045, networkLocation: /default-rack, certSerialId: null}, Type:RATIS, Factor:ONE, State:OPEN]
2019-08-22 05:48:48,243 [Thread-622] INFO  impl.FollowerState (FollowerState.java:run(106)) - 20ef2b05-2784-432c-b787-19ea462282b8:group-7AE651877809 changes to CANDIDATE, lastRpcTime:5108, electionTimeout:5108ms
2019-08-22 05:48:48,243 [Thread-622] INFO  impl.RoleInfo (RoleInfo.java:shutdownFollowerState(121)) - 20ef2b05-2784-432c-b787-19ea462282b8: shutdown FollowerState
2019-08-22 05:48:48,243 [Thread-622] INFO  impl.RaftServerImpl (RaftServerImpl.java:setRole(171)) - 20ef2b05-2784-432c-b787-19ea462282b8:group-7AE651877809 changes role from FOLLOWER to CANDIDATE at term 1 for changeToCandidate
2019-08-22 05:48:48,243 [Thread-622] INFO  impl.RoleInfo (RoleInfo.java:updateAndGet(143)) - 20ef2b05-2784-432c-b787-19ea462282b8: start LeaderElection
2019-08-22 05:48:48,269 [20ef2b05-2784-432c-b787-19ea462282b8:group-7AE651877809:LeaderElection19] INFO  impl.LeaderElection (LeaderElection.java:askForVotes(181)) - 20ef2b05-2784-432c-b787-19ea462282b8:group-7AE651877809:LeaderElection19: begin an election at term 2 for 0: [20ef2b05-2784-432c-b787-19ea462282b8:192.168.36.82:43454], old=null
2019-08-22 05:48:48,269 [20ef2b05-2784-432c-b787-19ea462282b8:group-7AE651877809:LeaderElection19] INFO  impl.RoleInfo (RoleInfo.java:shutdownLeaderElection(134)) - 20ef2b05-2784-432c-b787-19ea462282b8: shutdown LeaderElection
2019-08-22 05:48:48,269 [20ef2b05-2784-432c-b787-19ea462282b8:group-7AE651877809:LeaderElection19] INFO  impl.RaftServerImpl (RaftServerImpl.java:setRole(171)) - 20ef2b05-2784-432c-b787-19ea462282b8:group-7AE651877809 changes role from CANDIDATE to LEADER at term 2 for changeToLeader
2019-08-22 05:48:48,269 [20ef2b05-2784-432c-b787-19ea462282b8:group-7AE651877809:LeaderElection19] INFO  impl.RaftServerImpl (ServerState.java:setLeader(263)) - 20ef2b05-2784-432c-b787-19ea462282b8:group-7AE651877809 change Leader from null to 20ef2b05-2784-432c-b787-19ea462282b8 at term 2 for becomeLeader, leader elected after 7329ms
2019-08-22 05:48:48,271 [20ef2b05-2784-432c-b787-19ea462282b8:group-7AE651877809:LeaderElection19] INFO  server.RaftServerConfigKeys (ConfUtils.java:logGet(43)) - raft.server.staging.catchup.gap = 1000 (default)
2019-08-22 05:48:48,271 [20ef2b05-2784-432c-b787-19ea462282b8:group-7AE651877809:LeaderElection19] INFO  server.RaftServerConfigKeys (ConfUtils.java:logGet(43)) - raft.server.rpc.sleep.time = 25ms (default)
2019-08-22 05:48:48,271 [20ef2b05-2784-432c-b787-19ea462282b8:group-7AE651877809:LeaderElection19] INFO  server.RaftServerConfigKeys (ConfUtils.java:logGet(43)) - raft.server.write.element-limit = 4096 (default)
2019-08-22 05:48:48,272 [20ef2b05-2784-432c-b787-19ea462282b8:group-7AE651877809:LeaderElection19] INFO  server.RaftServerConfigKeys (ConfUtils.java:logGet(43)) - raft.server.watch.timeout = 10s (default)
2019-08-22 05:48:48,272 [20ef2b05-2784-432c-b787-19ea462282b8:group-7AE651877809:LeaderElection19] INFO  server.RaftServerConfigKeys (ConfUtils.java:logGet(43)) - raft.server.watch.timeout.denomination = 1s (default)
2019-08-22 05:48:48,272 [20ef2b05-2784-432c-b787-19ea462282b8:group-7AE651877809:LeaderElection19] INFO  server.RaftServerConfigKeys (ConfUtils.java:logGet(43)) - raft.server.watch.element-limit = 65536 (default)
2019-08-22 05:48:48,272 [20ef2b05-2784-432c-b787-19ea462282b8:group-7AE651877809:LeaderElection19] INFO  impl.RoleInfo (RoleInfo.java:updateAndGet(143)) - 20ef2b05-2784-432c-b787-19ea462282b8: start LeaderState
2019-08-22 05:48:48,273 [20ef2b05-2784-432c-b787-19ea462282b8:group-7AE651877809:LeaderElection19] INFO  segmented.SegmentedRaftLogWorker (SegmentedRaftLogWorker.java:rollLogSegment(385)) - 20ef2b05-2784-432c-b787-19ea462282b8-SegmentedRaftLogWorker:Storage Directory /workdir/hadoop-ozone/integration-test/target/test-dir/MiniOzoneClusterImpl-83afc318-308f-4a04-affc-403b3b38e3c7/datanode-0/data/ratis/0f2202a7-fa8d-4967-b560-7ae651877809: Rolling segment log-0_0 to index:0
2019-08-22 05:48:48,275 [Thread-621] INFO  impl.FollowerState (FollowerState.java:run(106)) - 20ef2b05-2784-432c-b787-19ea462282b8:group-4F047C2BDA22 changes to CANDIDATE, lastRpcTime:5140, electionTimeout:5140ms
2019-08-22 05:48:48,275 [Thread-621] INFO  impl.RoleInfo (RoleInfo.java:shutdownFollowerState(121)) - 20ef2b05-2784-432c-b787-19ea462282b8: shutdown FollowerState
2019-08-22 05:48:48,275 [Thread-621] INFO  impl.RaftServerImpl (RaftServerImpl.java:setRole(171)) - 20ef2b05-2784-432c-b787-19ea462282b8:group-4F047C2BDA22 changes role from FOLLOWER to CANDIDATE at term 1 for changeToCandidate
2019-08-22 05:48:48,275 [Thread-621] INFO  impl.RoleInfo (RoleInfo.java:updateAndGet(143)) - 20ef2b05-2784-432c-b787-19ea462282b8: start LeaderElection
2019-08-22 05:48:48,280 [20ef2b05-2784-432c-b787-19ea462282b8-SegmentedRaftLogWorker:Storage Directory /workdir/hadoop-ozone/integration-test/target/test-dir/MiniOzoneClusterImpl-83afc318-308f-4a04-affc-403b3b38e3c7/datanode-0/data/ratis/0f2202a7-fa8d-4967-b560-7ae651877809] INFO  segmented.SegmentedRaftLogWorker (SegmentedRaftLogWorker.java:execute(526)) - 20ef2b05-2784-432c-b787-19ea462282b8-SegmentedRaftLogWorker:Storage Directory /workdir/hadoop-ozone/integration-test/target/test-dir/MiniOzoneClusterImpl-83afc318-308f-4a04-affc-403b3b38e3c7/datanode-0/data/ratis/0f2202a7-fa8d-4967-b560-7ae651877809: Rolled log segment from /workdir/hadoop-ozone/integration-test/target/test-dir/MiniOzoneClusterImpl-83afc318-308f-4a04-affc-403b3b38e3c7/datanode-0/data/ratis/0f2202a7-fa8d-4967-b560-7ae651877809/current/log_inprogress_0 to /workdir/hadoop-ozone/integration-test/target/test-dir/MiniOzoneClusterImpl-83afc318-308f-4a04-affc-403b3b38e3c7/datanode-0/data/ratis/0f2202a7-fa8d-4967-b560-7ae651877809/current/log_0-0
2019-08-22 05:48:48,283 [20ef2b05-2784-432c-b787-19ea462282b8:group-7AE651877809:LeaderElection19] INFO  impl.RaftServerImpl (ServerState.java:setRaftConf(361)) - 20ef2b05-2784-432c-b787-19ea462282b8:group-7AE651877809 set configuration 1: [20ef2b05-2784-432c-b787-19ea462282b8:192.168.36.82:43454], old=null at 1
2019-08-22 05:48:48,319 [20ef2b05-2784-432c-b787-19ea462282b8:group-4F047C2BDA22:LeaderElection20] INFO  impl.LeaderElection (LeaderElection.java:askForVotes(181)) - 20ef2b05-2784-432c-b787-19ea462282b8:group-4F047C2BDA22:LeaderElection20: begin an election at term 2 for 0: [6ff0d347-68f7-4f62-b585-7859cadf9a08:192.168.36.82:41391, 20ef2b05-2784-432c-b787-19ea462282b8:192.168.36.82:43454, 9412f29a-5455-4c94-8484-b4d127531eb3:192.168.36.82:35712], old=null
2019-08-22 05:48:48,329 [grpc-default-executor-1] WARN  server.GrpcServerProtocolService (LogUtils.java:warn(136)) - 6ff0d347-68f7-4f62-b585-7859cadf9a08: Failed requestVote 20ef2b05-2784-432c-b787-19ea462282b8->6ff0d347-68f7-4f62-b585-7859cadf9a08#0
org.apache.ratis.protocol.GroupMismatchException: 6ff0d347-68f7-4f62-b585-7859cadf9a08: group-4F047C2BDA22 not found.
	at org.apache.ratis.server.impl.RaftServerProxy$ImplMap.get(RaftServerProxy.java:122)
	at org.apache.ratis.server.impl.RaftServerProxy.getImplFuture(RaftServerProxy.java:269)
	at org.apache.ratis.server.impl.RaftServerProxy.getImpl(RaftServerProxy.java:278)
	at org.apache.ratis.server.impl.RaftServerProxy.getImpl(RaftServerProxy.java:273)
	at org.apache.ratis.server.impl.RaftServerProxy.requestVote(RaftServerProxy.java:442)
	at org.apache.ratis.grpc.server.GrpcServerProtocolService.requestVote(GrpcServerProtocolService.java:55)
	at org.apache.ratis.proto.grpc.RaftServerProtocolServiceGrpc$MethodHandlers.invoke(RaftServerProtocolServiceGrpc.java:319)
	at org.apache.ratis.thirdparty.io.grpc.stub.ServerCalls$UnaryServerCallHandler$UnaryServerCallListener.onHalfClose(ServerCalls.java:171)
	at org.apache.ratis.thirdparty.io.grpc.internal.ServerCallImpl$ServerStreamListenerImpl.halfClosed(ServerCallImpl.java:283)
	at org.apache.ratis.thirdparty.io.grpc.internal.ServerImpl$JumpToApplicationThreadServerStreamListener$1HalfClosed.runInContext(ServerImpl.java:710)
	at org.apache.ratis.thirdparty.io.grpc.internal.ContextRunnable.run(ContextRunnable.java:37)
	at org.apache.ratis.thirdparty.io.grpc.internal.SerializingExecutor.run(SerializingExecutor.java:123)
	at java.util.concurrent.ThreadPoolExecutor.runWorker(ThreadPoolExecutor.java:1149)
	at java.util.concurrent.ThreadPoolExecutor$Worker.run(ThreadPoolExecutor.java:624)
	at java.lang.Thread.run(Thread.java:748)
2019-08-22 05:48:48,330 [grpc-default-executor-0] INFO  impl.RaftServerImpl (RaftServerImpl.java:setRole(171)) - 9412f29a-5455-4c94-8484-b4d127531eb3:group-4F047C2BDA22 changes role from FOLLOWER to FOLLOWER at term 2 for recognizeCandidate:20ef2b05-2784-432c-b787-19ea462282b8
2019-08-22 05:48:48,330 [grpc-default-executor-0] INFO  impl.RoleInfo (RoleInfo.java:shutdownFollowerState(121)) - 9412f29a-5455-4c94-8484-b4d127531eb3: shutdown FollowerState
2019-08-22 05:48:48,330 [grpc-default-executor-0] INFO  impl.RoleInfo (RoleInfo.java:updateAndGet(143)) - 9412f29a-5455-4c94-8484-b4d127531eb3: start FollowerState
2019-08-22 05:48:48,330 [Thread-623] INFO  impl.FollowerState (FollowerState.java:run(114)) - 9412f29a-5455-4c94-8484-b4d127531eb3: FollowerState was interrupted: java.lang.InterruptedException: sleep interrupted
2019-08-22 05:48:48,339 [20ef2b05-2784-432c-b787-19ea462282b8:group-4F047C2BDA22:LeaderElection20] INFO  impl.LeaderElection (LogUtils.java:infoOrTrace(149)) - 20ef2b05-2784-432c-b787-19ea462282b8:group-4F047C2BDA22:LeaderElection20 got exception when requesting votes: {}
java.util.concurrent.ExecutionException: org.apache.ratis.thirdparty.io.grpc.StatusRuntimeException: INTERNAL: 6ff0d347-68f7-4f62-b585-7859cadf9a08: group-4F047C2BDA22 not found.
	at java.util.concurrent.FutureTask.report(FutureTask.java:122)
	at java.util.concurrent.FutureTask.get(FutureTask.java:192)
	at org.apache.ratis.server.impl.LeaderElection.waitForResults(LeaderElection.java:262)
	at org.apache.ratis.server.impl.LeaderElection.askForVotes(LeaderElection.java:200)
	at org.apache.ratis.server.impl.LeaderElection.run(LeaderElection.java:130)
	at java.lang.Thread.run(Thread.java:748)
Caused by: org.apache.ratis.thirdparty.io.grpc.StatusRuntimeException: INTERNAL: 6ff0d347-68f7-4f62-b585-7859cadf9a08: group-4F047C2BDA22 not found.
	at org.apache.ratis.thirdparty.io.grpc.stub.ClientCalls.toStatusRuntimeException(ClientCalls.java:233)
	at org.apache.ratis.thirdparty.io.grpc.stub.ClientCalls.getUnchecked(ClientCalls.java:214)
	at org.apache.ratis.thirdparty.io.grpc.stub.ClientCalls.blockingUnaryCall(ClientCalls.java:139)
	at org.apache.ratis.proto.grpc.RaftServerProtocolServiceGrpc$RaftServerProtocolServiceBlockingStub.requestVote(RaftServerProtocolServiceGrpc.java:265)
	at org.apache.ratis.grpc.server.GrpcServerProtocolClient.requestVote(GrpcServerProtocolClient.java:83)
	at org.apache.ratis.grpc.server.GrpcService.requestVote(GrpcService.java:195)
	at org.apache.ratis.server.impl.LeaderElection.lambda$submitRequests$1(LeaderElection.java:237)
	at java.util.concurrent.FutureTask.run(FutureTask.java:266)
	at java.util.concurrent.Executors$RunnableAdapter.call(Executors.java:511)
	at java.util.concurrent.FutureTask.run(FutureTask.java:266)
	at java.util.concurrent.ThreadPoolExecutor.runWorker(ThreadPoolExecutor.java:1149)
	at java.util.concurrent.ThreadPoolExecutor$Worker.run(ThreadPoolExecutor.java:624)
	... 1 more
2019-08-22 05:48:48,341 [20ef2b05-2784-432c-b787-19ea462282b8-SegmentedRaftLogWorker:Storage Directory /workdir/hadoop-ozone/integration-test/target/test-dir/MiniOzoneClusterImpl-83afc318-308f-4a04-affc-403b3b38e3c7/datanode-0/data/ratis/0f2202a7-fa8d-4967-b560-7ae651877809] INFO  segmented.SegmentedRaftLogWorker (SegmentedRaftLogWorker.java:execute(569)) - 20ef2b05-2784-432c-b787-19ea462282b8-SegmentedRaftLogWorker:Storage Directory /workdir/hadoop-ozone/integration-test/target/test-dir/MiniOzoneClusterImpl-83afc318-308f-4a04-affc-403b3b38e3c7/datanode-0/data/ratis/0f2202a7-fa8d-4967-b560-7ae651877809: created new log segment /workdir/hadoop-ozone/integration-test/target/test-dir/MiniOzoneClusterImpl-83afc318-308f-4a04-affc-403b3b38e3c7/datanode-0/data/ratis/0f2202a7-fa8d-4967-b560-7ae651877809/current/log_inprogress_1
2019-08-22 05:48:48,367 [20ef2b05-2784-432c-b787-19ea462282b8:group-4F047C2BDA22:LeaderElection20] INFO  impl.LeaderElection (LeaderElection.java:logAndReturn(56)) - 20ef2b05-2784-432c-b787-19ea462282b8:group-4F047C2BDA22:LeaderElection20: Election PASSED; received 1 response(s) [20ef2b05-2784-432c-b787-19ea462282b8<-9412f29a-5455-4c94-8484-b4d127531eb3#0:OK-t2] and 1 exception(s); 20ef2b05-2784-432c-b787-19ea462282b8:t2, leader=null, voted=20ef2b05-2784-432c-b787-19ea462282b8, raftlog=20ef2b05-2784-432c-b787-19ea462282b8-SegmentedRaftLog:OPENED:c-1,f0,i0, conf=0: [6ff0d347-68f7-4f62-b585-7859cadf9a08:192.168.36.82:41391, 20ef2b05-2784-432c-b787-19ea462282b8:192.168.36.82:43454, 9412f29a-5455-4c94-8484-b4d127531eb3:192.168.36.82:35712], old=null
2019-08-22 05:48:48,367 [20ef2b05-2784-432c-b787-19ea462282b8:group-4F047C2BDA22:LeaderElection20] INFO  impl.LeaderElection (LogUtils.java:infoOrTrace(149)) -   Exception 0: {}
java.util.concurrent.ExecutionException: org.apache.ratis.thirdparty.io.grpc.StatusRuntimeException: INTERNAL: 6ff0d347-68f7-4f62-b585-7859cadf9a08: group-4F047C2BDA22 not found.
	at java.util.concurrent.FutureTask.report(FutureTask.java:122)
	at java.util.concurrent.FutureTask.get(FutureTask.java:192)
	at org.apache.ratis.server.impl.LeaderElection.waitForResults(LeaderElection.java:262)
	at org.apache.ratis.server.impl.LeaderElection.askForVotes(LeaderElection.java:200)
	at org.apache.ratis.server.impl.LeaderElection.run(LeaderElection.java:130)
	at java.lang.Thread.run(Thread.java:748)
Caused by: org.apache.ratis.thirdparty.io.grpc.StatusRuntimeException: INTERNAL: 6ff0d347-68f7-4f62-b585-7859cadf9a08: group-4F047C2BDA22 not found.
	at org.apache.ratis.thirdparty.io.grpc.stub.ClientCalls.toStatusRuntimeException(ClientCalls.java:233)
	at org.apache.ratis.thirdparty.io.grpc.stub.ClientCalls.getUnchecked(ClientCalls.java:214)
	at org.apache.ratis.thirdparty.io.grpc.stub.ClientCalls.blockingUnaryCall(ClientCalls.java:139)
	at org.apache.ratis.proto.grpc.RaftServerProtocolServiceGrpc$RaftServerProtocolServiceBlockingStub.requestVote(RaftServerProtocolServiceGrpc.java:265)
	at org.apache.ratis.grpc.server.GrpcServerProtocolClient.requestVote(GrpcServerProtocolClient.java:83)
	at org.apache.ratis.grpc.server.GrpcService.requestVote(GrpcService.java:195)
	at org.apache.ratis.server.impl.LeaderElection.lambda$submitRequests$1(LeaderElection.java:237)
	at java.util.concurrent.FutureTask.run(FutureTask.java:266)
	at java.util.concurrent.Executors$RunnableAdapter.call(Executors.java:511)
	at java.util.concurrent.FutureTask.run(FutureTask.java:266)
	at java.util.concurrent.ThreadPoolExecutor.runWorker(ThreadPoolExecutor.java:1149)
	at java.util.concurrent.ThreadPoolExecutor$Worker.run(ThreadPoolExecutor.java:624)
	... 1 more
2019-08-22 05:48:48,368 [20ef2b05-2784-432c-b787-19ea462282b8:group-4F047C2BDA22:LeaderElection20] INFO  impl.RoleInfo (RoleInfo.java:shutdownLeaderElection(134)) - 20ef2b05-2784-432c-b787-19ea462282b8: shutdown LeaderElection
2019-08-22 05:48:48,369 [20ef2b05-2784-432c-b787-19ea462282b8:group-4F047C2BDA22:LeaderElection20] INFO  impl.RaftServerImpl (RaftServerImpl.java:setRole(171)) - 20ef2b05-2784-432c-b787-19ea462282b8:group-4F047C2BDA22 changes role from CANDIDATE to LEADER at term 2 for changeToLeader
2019-08-22 05:48:48,369 [20ef2b05-2784-432c-b787-19ea462282b8:group-4F047C2BDA22:LeaderElection20] INFO  impl.RaftServerImpl (ServerState.java:setLeader(263)) - 20ef2b05-2784-432c-b787-19ea462282b8:group-4F047C2BDA22 change Leader from null to 20ef2b05-2784-432c-b787-19ea462282b8 at term 2 for becomeLeader, leader elected after 7353ms
2019-08-22 05:48:48,369 [20ef2b05-2784-432c-b787-19ea462282b8:group-4F047C2BDA22:LeaderElection20] INFO  server.RaftServerConfigKeys (ConfUtils.java:logGet(43)) - raft.server.staging.catchup.gap = 1000 (default)
2019-08-22 05:48:48,370 [20ef2b05-2784-432c-b787-19ea462282b8:group-4F047C2BDA22:LeaderElection20] INFO  server.RaftServerConfigKeys (ConfUtils.java:logGet(43)) - raft.server.rpc.sleep.time = 25ms (default)
2019-08-22 05:48:48,370 [20ef2b05-2784-432c-b787-19ea462282b8:group-4F047C2BDA22:LeaderElection20] INFO  server.RaftServerConfigKeys (ConfUtils.java:logGet(43)) - raft.server.write.element-limit = 4096 (default)
2019-08-22 05:48:48,370 [20ef2b05-2784-432c-b787-19ea462282b8:group-4F047C2BDA22:LeaderElection20] INFO  server.RaftServerConfigKeys (ConfUtils.java:logGet(43)) - raft.server.watch.timeout = 10s (default)
2019-08-22 05:48:48,370 [20ef2b05-2784-432c-b787-19ea462282b8:group-4F047C2BDA22:LeaderElection20] INFO  server.RaftServerConfigKeys (ConfUtils.java:logGet(43)) - raft.server.watch.timeout.denomination = 1s (default)
2019-08-22 05:48:48,370 [20ef2b05-2784-432c-b787-19ea462282b8:group-4F047C2BDA22:LeaderElection20] INFO  server.RaftServerConfigKeys (ConfUtils.java:logGet(43)) - raft.server.watch.element-limit = 65536 (default)
2019-08-22 05:48:48,371 [20ef2b05-2784-432c-b787-19ea462282b8:group-4F047C2BDA22:LeaderElection20] INFO  server.RaftServerConfigKeys (ConfUtils.java:logGet(43)) - raft.server.log.appender.snapshot.chunk.size.max = 16MB (=16777216) (default)
2019-08-22 05:48:48,371 [20ef2b05-2784-432c-b787-19ea462282b8:group-4F047C2BDA22:LeaderElection20] INFO  server.RaftServerConfigKeys (ConfUtils.java:logGet(43)) - raft.server.log.appender.buffer.byte-limit = 33554432 (custom)
2019-08-22 05:48:48,371 [20ef2b05-2784-432c-b787-19ea462282b8:group-4F047C2BDA22:LeaderElection20] INFO  server.RaftServerConfigKeys (ConfUtils.java:logGet(43)) - raft.server.log.appender.buffer.element-limit = 1 (custom)
2019-08-22 05:48:48,371 [20ef2b05-2784-432c-b787-19ea462282b8:group-4F047C2BDA22:LeaderElection20] INFO  grpc.GrpcConfigKeys$Server (ConfUtils.java:logGet(43)) - raft.grpc.server.leader.outstanding.appends.max = 128 (default)
2019-08-22 05:48:48,372 [20ef2b05-2784-432c-b787-19ea462282b8:group-4F047C2BDA22:LeaderElection20] INFO  server.RaftServerConfigKeys (ConfUtils.java:logGet(43)) - raft.server.rpc.request.timeout = 3000ms (default)
2019-08-22 05:48:48,372 [20ef2b05-2784-432c-b787-19ea462282b8:group-4F047C2BDA22:LeaderElection20] INFO  server.RaftServerConfigKeys (ConfUtils.java:logGet(43)) - raft.server.log.appender.install.snapshot.enabled = false (custom)
2019-08-22 05:48:48,372 [20ef2b05-2784-432c-b787-19ea462282b8:group-4F047C2BDA22:LeaderElection20] INFO  server.RaftServerConfigKeys (ConfUtils.java:logGet(43)) - raft.server.log.appender.snapshot.chunk.size.max = 16MB (=16777216) (default)
2019-08-22 05:48:48,372 [20ef2b05-2784-432c-b787-19ea462282b8:group-4F047C2BDA22:LeaderElection20] INFO  server.RaftServerConfigKeys (ConfUtils.java:logGet(43)) - raft.server.log.appender.buffer.byte-limit = 33554432 (custom)
2019-08-22 05:48:48,372 [20ef2b05-2784-432c-b787-19ea462282b8:group-4F047C2BDA22:LeaderElection20] INFO  server.RaftServerConfigKeys (ConfUtils.java:logGet(43)) - raft.server.log.appender.buffer.element-limit = 1 (custom)
2019-08-22 05:48:48,373 [20ef2b05-2784-432c-b787-19ea462282b8:group-4F047C2BDA22:LeaderElection20] INFO  grpc.GrpcConfigKeys$Server (ConfUtils.java:logGet(43)) - raft.grpc.server.leader.outstanding.appends.max = 128 (default)
2019-08-22 05:48:48,373 [20ef2b05-2784-432c-b787-19ea462282b8:group-4F047C2BDA22:LeaderElection20] INFO  server.RaftServerConfigKeys (ConfUtils.java:logGet(43)) - raft.server.rpc.request.timeout = 3000ms (default)
2019-08-22 05:48:48,373 [20ef2b05-2784-432c-b787-19ea462282b8:group-4F047C2BDA22:LeaderElection20] INFO  server.RaftServerConfigKeys (ConfUtils.java:logGet(43)) - raft.server.log.appender.install.snapshot.enabled = false (custom)
2019-08-22 05:48:48,373 [20ef2b05-2784-432c-b787-19ea462282b8:group-4F047C2BDA22:LeaderElection20] INFO  impl.RoleInfo (RoleInfo.java:updateAndGet(143)) - 20ef2b05-2784-432c-b787-19ea462282b8: start LeaderState
2019-08-22 05:48:48,374 [20ef2b05-2784-432c-b787-19ea462282b8:group-4F047C2BDA22:LeaderElection20] INFO  segmented.SegmentedRaftLogWorker (SegmentedRaftLogWorker.java:rollLogSegment(385)) - 20ef2b05-2784-432c-b787-19ea462282b8-SegmentedRaftLogWorker:Storage Directory /workdir/hadoop-ozone/integration-test/target/test-dir/MiniOzoneClusterImpl-83afc318-308f-4a04-affc-403b3b38e3c7/datanode-0/data/ratis/1f0afbc0-ecdc-409f-a7aa-4f047c2bda22: Rolling segment log-0_0 to index:0
2019-08-22 05:48:48,376 [20ef2b05-2784-432c-b787-19ea462282b8:group-4F047C2BDA22:LeaderElection20] INFO  impl.RaftServerImpl (ServerState.java:setRaftConf(361)) - 20ef2b05-2784-432c-b787-19ea462282b8:group-4F047C2BDA22 set configuration 1: [6ff0d347-68f7-4f62-b585-7859cadf9a08:192.168.36.82:41391, 20ef2b05-2784-432c-b787-19ea462282b8:192.168.36.82:43454, 9412f29a-5455-4c94-8484-b4d127531eb3:192.168.36.82:35712], old=null at 1
2019-08-22 05:48:48,376 [20ef2b05-2784-432c-b787-19ea462282b8-SegmentedRaftLogWorker:Storage Directory /workdir/hadoop-ozone/integration-test/target/test-dir/MiniOzoneClusterImpl-83afc318-308f-4a04-affc-403b3b38e3c7/datanode-0/data/ratis/1f0afbc0-ecdc-409f-a7aa-4f047c2bda22] INFO  segmented.SegmentedRaftLogWorker (SegmentedRaftLogWorker.java:execute(526)) - 20ef2b05-2784-432c-b787-19ea462282b8-SegmentedRaftLogWorker:Storage Directory /workdir/hadoop-ozone/integration-test/target/test-dir/MiniOzoneClusterImpl-83afc318-308f-4a04-affc-403b3b38e3c7/datanode-0/data/ratis/1f0afbc0-ecdc-409f-a7aa-4f047c2bda22: Rolled log segment from /workdir/hadoop-ozone/integration-test/target/test-dir/MiniOzoneClusterImpl-83afc318-308f-4a04-affc-403b3b38e3c7/datanode-0/data/ratis/1f0afbc0-ecdc-409f-a7aa-4f047c2bda22/current/log_inprogress_0 to /workdir/hadoop-ozone/integration-test/target/test-dir/MiniOzoneClusterImpl-83afc318-308f-4a04-affc-403b3b38e3c7/datanode-0/data/ratis/1f0afbc0-ecdc-409f-a7aa-4f047c2bda22/current/log_0-0
2019-08-22 05:48:48,384 [grpc-default-executor-0] INFO  impl.RaftServerImpl (ServerState.java:setLeader(263)) - 9412f29a-5455-4c94-8484-b4d127531eb3:group-4F047C2BDA22 change Leader from null to 20ef2b05-2784-432c-b787-19ea462282b8 at term 2 for appendEntries, leader elected after 7134ms
2019-08-22 05:48:48,419 [grpc-default-executor-0] INFO  impl.RaftServerImpl (ServerState.java:setRaftConf(361)) - 9412f29a-5455-4c94-8484-b4d127531eb3:group-4F047C2BDA22 set configuration 1: [6ff0d347-68f7-4f62-b585-7859cadf9a08:192.168.36.82:41391, 20ef2b05-2784-432c-b787-19ea462282b8:192.168.36.82:43454, 9412f29a-5455-4c94-8484-b4d127531eb3:192.168.36.82:35712], old=null at 1
2019-08-22 05:48:48,420 [grpc-default-executor-0] INFO  segmented.SegmentedRaftLogWorker (SegmentedRaftLogWorker.java:rollLogSegment(385)) - 9412f29a-5455-4c94-8484-b4d127531eb3-SegmentedRaftLogWorker:Storage Directory /workdir/hadoop-ozone/integration-test/target/test-dir/MiniOzoneClusterImpl-83afc318-308f-4a04-affc-403b3b38e3c7/datanode-1/data/ratis/1f0afbc0-ecdc-409f-a7aa-4f047c2bda22: Rolling segment log-0_0 to index:0
2019-08-22 05:48:48,425 [9412f29a-5455-4c94-8484-b4d127531eb3-SegmentedRaftLogWorker:Storage Directory /workdir/hadoop-ozone/integration-test/target/test-dir/MiniOzoneClusterImpl-83afc318-308f-4a04-affc-403b3b38e3c7/datanode-1/data/ratis/1f0afbc0-ecdc-409f-a7aa-4f047c2bda22] INFO  segmented.SegmentedRaftLogWorker (SegmentedRaftLogWorker.java:execute(526)) - 9412f29a-5455-4c94-8484-b4d127531eb3-SegmentedRaftLogWorker:Storage Directory /workdir/hadoop-ozone/integration-test/target/test-dir/MiniOzoneClusterImpl-83afc318-308f-4a04-affc-403b3b38e3c7/datanode-1/data/ratis/1f0afbc0-ecdc-409f-a7aa-4f047c2bda22: Rolled log segment from /workdir/hadoop-ozone/integration-test/target/test-dir/MiniOzoneClusterImpl-83afc318-308f-4a04-affc-403b3b38e3c7/datanode-1/data/ratis/1f0afbc0-ecdc-409f-a7aa-4f047c2bda22/current/log_inprogress_0 to /workdir/hadoop-ozone/integration-test/target/test-dir/MiniOzoneClusterImpl-83afc318-308f-4a04-affc-403b3b38e3c7/datanode-1/data/ratis/1f0afbc0-ecdc-409f-a7aa-4f047c2bda22/current/log_0-0
2019-08-22 05:48:48,442 [20ef2b05-2784-432c-b787-19ea462282b8-SegmentedRaftLogWorker:Storage Directory /workdir/hadoop-ozone/integration-test/target/test-dir/MiniOzoneClusterImpl-83afc318-308f-4a04-affc-403b3b38e3c7/datanode-0/data/ratis/1f0afbc0-ecdc-409f-a7aa-4f047c2bda22] INFO  segmented.SegmentedRaftLogWorker (SegmentedRaftLogWorker.java:execute(569)) - 20ef2b05-2784-432c-b787-19ea462282b8-SegmentedRaftLogWorker:Storage Directory /workdir/hadoop-ozone/integration-test/target/test-dir/MiniOzoneClusterImpl-83afc318-308f-4a04-affc-403b3b38e3c7/datanode-0/data/ratis/1f0afbc0-ecdc-409f-a7aa-4f047c2bda22: created new log segment /workdir/hadoop-ozone/integration-test/target/test-dir/MiniOzoneClusterImpl-83afc318-308f-4a04-affc-403b3b38e3c7/datanode-0/data/ratis/1f0afbc0-ecdc-409f-a7aa-4f047c2bda22/current/log_inprogress_1
2019-08-22 05:48:48,475 [9412f29a-5455-4c94-8484-b4d127531eb3-SegmentedRaftLogWorker:Storage Directory /workdir/hadoop-ozone/integration-test/target/test-dir/MiniOzoneClusterImpl-83afc318-308f-4a04-affc-403b3b38e3c7/datanode-1/data/ratis/1f0afbc0-ecdc-409f-a7aa-4f047c2bda22] INFO  segmented.SegmentedRaftLogWorker (SegmentedRaftLogWorker.java:execute(569)) - 9412f29a-5455-4c94-8484-b4d127531eb3-SegmentedRaftLogWorker:Storage Directory /workdir/hadoop-ozone/integration-test/target/test-dir/MiniOzoneClusterImpl-83afc318-308f-4a04-affc-403b3b38e3c7/datanode-1/data/ratis/1f0afbc0-ecdc-409f-a7aa-4f047c2bda22: created new log segment /workdir/hadoop-ozone/integration-test/target/test-dir/MiniOzoneClusterImpl-83afc318-308f-4a04-affc-403b3b38e3c7/datanode-1/data/ratis/1f0afbc0-ecdc-409f-a7aa-4f047c2bda22/current/log_inprogress_1
2019-08-22 05:48:48,568 [Thread-624] INFO  impl.FollowerState (FollowerState.java:run(106)) - 9412f29a-5455-4c94-8484-b4d127531eb3:group-2CEE3287AFF5 changes to CANDIDATE, lastRpcTime:5198, electionTimeout:5198ms
2019-08-22 05:48:48,568 [Thread-624] INFO  impl.RoleInfo (RoleInfo.java:shutdownFollowerState(121)) - 9412f29a-5455-4c94-8484-b4d127531eb3: shutdown FollowerState
2019-08-22 05:48:48,568 [Thread-624] INFO  impl.RaftServerImpl (RaftServerImpl.java:setRole(171)) - 9412f29a-5455-4c94-8484-b4d127531eb3:group-2CEE3287AFF5 changes role from FOLLOWER to CANDIDATE at term 1 for changeToCandidate
2019-08-22 05:48:48,568 [Thread-624] INFO  impl.RoleInfo (RoleInfo.java:updateAndGet(143)) - 9412f29a-5455-4c94-8484-b4d127531eb3: start LeaderElection
2019-08-22 05:48:48,618 [9412f29a-5455-4c94-8484-b4d127531eb3:group-2CEE3287AFF5:LeaderElection21] INFO  impl.LeaderElection (LeaderElection.java:askForVotes(181)) - 9412f29a-5455-4c94-8484-b4d127531eb3:group-2CEE3287AFF5:LeaderElection21: begin an election at term 2 for 0: [9412f29a-5455-4c94-8484-b4d127531eb3:192.168.36.82:35712], old=null
2019-08-22 05:48:48,618 [9412f29a-5455-4c94-8484-b4d127531eb3:group-2CEE3287AFF5:LeaderElection21] INFO  impl.RoleInfo (RoleInfo.java:shutdownLeaderElection(134)) - 9412f29a-5455-4c94-8484-b4d127531eb3: shutdown LeaderElection
2019-08-22 05:48:48,618 [9412f29a-5455-4c94-8484-b4d127531eb3:group-2CEE3287AFF5:LeaderElection21] INFO  impl.RaftServerImpl (RaftServerImpl.java:setRole(171)) - 9412f29a-5455-4c94-8484-b4d127531eb3:group-2CEE3287AFF5 changes role from CANDIDATE to LEADER at term 2 for changeToLeader
2019-08-22 05:48:48,618 [9412f29a-5455-4c94-8484-b4d127531eb3:group-2CEE3287AFF5:LeaderElection21] INFO  impl.RaftServerImpl (ServerState.java:setLeader(263)) - 9412f29a-5455-4c94-8484-b4d127531eb3:group-2CEE3287AFF5 change Leader from null to 9412f29a-5455-4c94-8484-b4d127531eb3 at term 2 for becomeLeader, leader elected after 7444ms
2019-08-22 05:48:48,618 [9412f29a-5455-4c94-8484-b4d127531eb3:group-2CEE3287AFF5:LeaderElection21] INFO  server.RaftServerConfigKeys (ConfUtils.java:logGet(43)) - raft.server.staging.catchup.gap = 1000 (default)
2019-08-22 05:48:48,618 [9412f29a-5455-4c94-8484-b4d127531eb3:group-2CEE3287AFF5:LeaderElection21] INFO  server.RaftServerConfigKeys (ConfUtils.java:logGet(43)) - raft.server.rpc.sleep.time = 25ms (default)
2019-08-22 05:48:48,619 [9412f29a-5455-4c94-8484-b4d127531eb3:group-2CEE3287AFF5:LeaderElection21] INFO  server.RaftServerConfigKeys (ConfUtils.java:logGet(43)) - raft.server.write.element-limit = 4096 (default)
2019-08-22 05:48:48,619 [9412f29a-5455-4c94-8484-b4d127531eb3:group-2CEE3287AFF5:LeaderElection21] INFO  server.RaftServerConfigKeys (ConfUtils.java:logGet(43)) - raft.server.watch.timeout = 10s (default)
2019-08-22 05:48:48,619 [9412f29a-5455-4c94-8484-b4d127531eb3:group-2CEE3287AFF5:LeaderElection21] INFO  server.RaftServerConfigKeys (ConfUtils.java:logGet(43)) - raft.server.watch.timeout.denomination = 1s (default)
2019-08-22 05:48:48,619 [9412f29a-5455-4c94-8484-b4d127531eb3:group-2CEE3287AFF5:LeaderElection21] INFO  server.RaftServerConfigKeys (ConfUtils.java:logGet(43)) - raft.server.watch.element-limit = 65536 (default)
2019-08-22 05:48:48,619 [9412f29a-5455-4c94-8484-b4d127531eb3:group-2CEE3287AFF5:LeaderElection21] INFO  impl.RoleInfo (RoleInfo.java:updateAndGet(143)) - 9412f29a-5455-4c94-8484-b4d127531eb3: start LeaderState
2019-08-22 05:48:48,619 [9412f29a-5455-4c94-8484-b4d127531eb3:group-2CEE3287AFF5:LeaderElection21] INFO  segmented.SegmentedRaftLogWorker (SegmentedRaftLogWorker.java:rollLogSegment(385)) - 9412f29a-5455-4c94-8484-b4d127531eb3-SegmentedRaftLogWorker:Storage Directory /workdir/hadoop-ozone/integration-test/target/test-dir/MiniOzoneClusterImpl-83afc318-308f-4a04-affc-403b3b38e3c7/datanode-1/data/ratis/62bdf454-04dd-42d5-8fdf-2cee3287aff5: Rolling segment log-0_0 to index:0
2019-08-22 05:48:48,621 [9412f29a-5455-4c94-8484-b4d127531eb3:group-2CEE3287AFF5:LeaderElection21] INFO  impl.RaftServerImpl (ServerState.java:setRaftConf(361)) - 9412f29a-5455-4c94-8484-b4d127531eb3:group-2CEE3287AFF5 set configuration 1: [9412f29a-5455-4c94-8484-b4d127531eb3:192.168.36.82:35712], old=null at 1
2019-08-22 05:48:48,621 [9412f29a-5455-4c94-8484-b4d127531eb3-SegmentedRaftLogWorker:Storage Directory /workdir/hadoop-ozone/integration-test/target/test-dir/MiniOzoneClusterImpl-83afc318-308f-4a04-affc-403b3b38e3c7/datanode-1/data/ratis/62bdf454-04dd-42d5-8fdf-2cee3287aff5] INFO  segmented.SegmentedRaftLogWorker (SegmentedRaftLogWorker.java:execute(526)) - 9412f29a-5455-4c94-8484-b4d127531eb3-SegmentedRaftLogWorker:Storage Directory /workdir/hadoop-ozone/integration-test/target/test-dir/MiniOzoneClusterImpl-83afc318-308f-4a04-affc-403b3b38e3c7/datanode-1/data/ratis/62bdf454-04dd-42d5-8fdf-2cee3287aff5: Rolled log segment from /workdir/hadoop-ozone/integration-test/target/test-dir/MiniOzoneClusterImpl-83afc318-308f-4a04-affc-403b3b38e3c7/datanode-1/data/ratis/62bdf454-04dd-42d5-8fdf-2cee3287aff5/current/log_inprogress_0 to /workdir/hadoop-ozone/integration-test/target/test-dir/MiniOzoneClusterImpl-83afc318-308f-4a04-affc-403b3b38e3c7/datanode-1/data/ratis/62bdf454-04dd-42d5-8fdf-2cee3287aff5/current/log_0-0
2019-08-22 05:48:48,668 [9412f29a-5455-4c94-8484-b4d127531eb3-SegmentedRaftLogWorker:Storage Directory /workdir/hadoop-ozone/integration-test/target/test-dir/MiniOzoneClusterImpl-83afc318-308f-4a04-affc-403b3b38e3c7/datanode-1/data/ratis/62bdf454-04dd-42d5-8fdf-2cee3287aff5] INFO  segmented.SegmentedRaftLogWorker (SegmentedRaftLogWorker.java:execute(569)) - 9412f29a-5455-4c94-8484-b4d127531eb3-SegmentedRaftLogWorker:Storage Directory /workdir/hadoop-ozone/integration-test/target/test-dir/MiniOzoneClusterImpl-83afc318-308f-4a04-affc-403b3b38e3c7/datanode-1/data/ratis/62bdf454-04dd-42d5-8fdf-2cee3287aff5: created new log segment /workdir/hadoop-ozone/integration-test/target/test-dir/MiniOzoneClusterImpl-83afc318-308f-4a04-affc-403b3b38e3c7/datanode-1/data/ratis/62bdf454-04dd-42d5-8fdf-2cee3287aff5/current/log_inprogress_1
2019-08-22 05:48:48,796 | INFO  | SCMAudit | user=jenkins1000 | ip=192.168.36.82 | op=SEND_HEARTBEAT {datanodeUUID=6ff0d347-68f7-4f62-b585-7859cadf9a08, command=[]} | ret=SUCCESS |  
2019-08-22 05:48:48,923 [Thread-626] INFO  impl.FollowerState (FollowerState.java:run(106)) - 6ff0d347-68f7-4f62-b585-7859cadf9a08:group-7D1E90CBEC34 changes to CANDIDATE, lastRpcTime:5111, electionTimeout:5111ms
2019-08-22 05:48:48,923 [Thread-626] INFO  impl.RoleInfo (RoleInfo.java:shutdownFollowerState(121)) - 6ff0d347-68f7-4f62-b585-7859cadf9a08: shutdown FollowerState
2019-08-22 05:48:48,923 [Thread-626] INFO  impl.RaftServerImpl (RaftServerImpl.java:setRole(171)) - 6ff0d347-68f7-4f62-b585-7859cadf9a08:group-7D1E90CBEC34 changes role from FOLLOWER to CANDIDATE at term 1 for changeToCandidate
2019-08-22 05:48:48,923 [Thread-626] INFO  impl.RoleInfo (RoleInfo.java:updateAndGet(143)) - 6ff0d347-68f7-4f62-b585-7859cadf9a08: start LeaderElection
2019-08-22 05:48:48,941 [6ff0d347-68f7-4f62-b585-7859cadf9a08:group-7D1E90CBEC34:LeaderElection22] INFO  impl.LeaderElection (LeaderElection.java:askForVotes(181)) - 6ff0d347-68f7-4f62-b585-7859cadf9a08:group-7D1E90CBEC34:LeaderElection22: begin an election at term 2 for 0: [6ff0d347-68f7-4f62-b585-7859cadf9a08:192.168.36.82:41391], old=null
2019-08-22 05:48:48,941 [6ff0d347-68f7-4f62-b585-7859cadf9a08:group-7D1E90CBEC34:LeaderElection22] INFO  impl.RoleInfo (RoleInfo.java:shutdownLeaderElection(134)) - 6ff0d347-68f7-4f62-b585-7859cadf9a08: shutdown LeaderElection
2019-08-22 05:48:48,941 [6ff0d347-68f7-4f62-b585-7859cadf9a08:group-7D1E90CBEC34:LeaderElection22] INFO  impl.RaftServerImpl (RaftServerImpl.java:setRole(171)) - 6ff0d347-68f7-4f62-b585-7859cadf9a08:group-7D1E90CBEC34 changes role from CANDIDATE to LEADER at term 2 for changeToLeader
2019-08-22 05:48:48,941 [6ff0d347-68f7-4f62-b585-7859cadf9a08:group-7D1E90CBEC34:LeaderElection22] INFO  impl.RaftServerImpl (ServerState.java:setLeader(263)) - 6ff0d347-68f7-4f62-b585-7859cadf9a08:group-7D1E90CBEC34 change Leader from null to 6ff0d347-68f7-4f62-b585-7859cadf9a08 at term 2 for becomeLeader, leader elected after 7532ms
2019-08-22 05:48:48,942 [6ff0d347-68f7-4f62-b585-7859cadf9a08:group-7D1E90CBEC34:LeaderElection22] INFO  server.RaftServerConfigKeys (ConfUtils.java:logGet(43)) - raft.server.staging.catchup.gap = 1000 (default)
2019-08-22 05:48:48,942 [6ff0d347-68f7-4f62-b585-7859cadf9a08:group-7D1E90CBEC34:LeaderElection22] INFO  server.RaftServerConfigKeys (ConfUtils.java:logGet(43)) - raft.server.rpc.sleep.time = 25ms (default)
2019-08-22 05:48:48,942 [6ff0d347-68f7-4f62-b585-7859cadf9a08:group-7D1E90CBEC34:LeaderElection22] INFO  server.RaftServerConfigKeys (ConfUtils.java:logGet(43)) - raft.server.write.element-limit = 4096 (default)
2019-08-22 05:48:48,942 [6ff0d347-68f7-4f62-b585-7859cadf9a08:group-7D1E90CBEC34:LeaderElection22] INFO  server.RaftServerConfigKeys (ConfUtils.java:logGet(43)) - raft.server.watch.timeout = 10s (default)
2019-08-22 05:48:48,942 [6ff0d347-68f7-4f62-b585-7859cadf9a08:group-7D1E90CBEC34:LeaderElection22] INFO  server.RaftServerConfigKeys (ConfUtils.java:logGet(43)) - raft.server.watch.timeout.denomination = 1s (default)
2019-08-22 05:48:48,942 [6ff0d347-68f7-4f62-b585-7859cadf9a08:group-7D1E90CBEC34:LeaderElection22] INFO  server.RaftServerConfigKeys (ConfUtils.java:logGet(43)) - raft.server.watch.element-limit = 65536 (default)
2019-08-22 05:48:48,942 [6ff0d347-68f7-4f62-b585-7859cadf9a08:group-7D1E90CBEC34:LeaderElection22] INFO  impl.RoleInfo (RoleInfo.java:updateAndGet(143)) - 6ff0d347-68f7-4f62-b585-7859cadf9a08: start LeaderState
2019-08-22 05:48:48,943 [6ff0d347-68f7-4f62-b585-7859cadf9a08:group-7D1E90CBEC34:LeaderElection22] INFO  segmented.SegmentedRaftLogWorker (SegmentedRaftLogWorker.java:rollLogSegment(385)) - 6ff0d347-68f7-4f62-b585-7859cadf9a08-SegmentedRaftLogWorker:Storage Directory /workdir/hadoop-ozone/integration-test/target/test-dir/MiniOzoneClusterImpl-83afc318-308f-4a04-affc-403b3b38e3c7/datanode-2/data/ratis/7471f61d-27fe-40af-be32-7d1e90cbec34: Rolling segment log-0_0 to index:0
2019-08-22 05:48:48,945 [6ff0d347-68f7-4f62-b585-7859cadf9a08:group-7D1E90CBEC34:LeaderElection22] INFO  impl.RaftServerImpl (ServerState.java:setRaftConf(361)) - 6ff0d347-68f7-4f62-b585-7859cadf9a08:group-7D1E90CBEC34 set configuration 1: [6ff0d347-68f7-4f62-b585-7859cadf9a08:192.168.36.82:41391], old=null at 1
2019-08-22 05:48:48,946 [6ff0d347-68f7-4f62-b585-7859cadf9a08-SegmentedRaftLogWorker:Storage Directory /workdir/hadoop-ozone/integration-test/target/test-dir/MiniOzoneClusterImpl-83afc318-308f-4a04-affc-403b3b38e3c7/datanode-2/data/ratis/7471f61d-27fe-40af-be32-7d1e90cbec34] INFO  segmented.SegmentedRaftLogWorker (SegmentedRaftLogWorker.java:execute(526)) - 6ff0d347-68f7-4f62-b585-7859cadf9a08-SegmentedRaftLogWorker:Storage Directory /workdir/hadoop-ozone/integration-test/target/test-dir/MiniOzoneClusterImpl-83afc318-308f-4a04-affc-403b3b38e3c7/datanode-2/data/ratis/7471f61d-27fe-40af-be32-7d1e90cbec34: Rolled log segment from /workdir/hadoop-ozone/integration-test/target/test-dir/MiniOzoneClusterImpl-83afc318-308f-4a04-affc-403b3b38e3c7/datanode-2/data/ratis/7471f61d-27fe-40af-be32-7d1e90cbec34/current/log_inprogress_0 to /workdir/hadoop-ozone/integration-test/target/test-dir/MiniOzoneClusterImpl-83afc318-308f-4a04-affc-403b3b38e3c7/datanode-2/data/ratis/7471f61d-27fe-40af-be32-7d1e90cbec34/current/log_0-0
2019-08-22 05:48:49,022 [6ff0d347-68f7-4f62-b585-7859cadf9a08-SegmentedRaftLogWorker:Storage Directory /workdir/hadoop-ozone/integration-test/target/test-dir/MiniOzoneClusterImpl-83afc318-308f-4a04-affc-403b3b38e3c7/datanode-2/data/ratis/7471f61d-27fe-40af-be32-7d1e90cbec34] INFO  segmented.SegmentedRaftLogWorker (SegmentedRaftLogWorker.java:execute(569)) - 6ff0d347-68f7-4f62-b585-7859cadf9a08-SegmentedRaftLogWorker:Storage Directory /workdir/hadoop-ozone/integration-test/target/test-dir/MiniOzoneClusterImpl-83afc318-308f-4a04-affc-403b3b38e3c7/datanode-2/data/ratis/7471f61d-27fe-40af-be32-7d1e90cbec34: created new log segment /workdir/hadoop-ozone/integration-test/target/test-dir/MiniOzoneClusterImpl-83afc318-308f-4a04-affc-403b3b38e3c7/datanode-2/data/ratis/7471f61d-27fe-40af-be32-7d1e90cbec34/current/log_inprogress_1
2019-08-22 05:48:49,705 [main] INFO  ozoneimpl.OzoneContainer (OzoneContainer.java:stop(199)) - Attempting to stop container services.
2019-08-22 05:48:49,705 [ForkJoinPool.commonPool-worker-0] INFO  ozoneimpl.OzoneContainer (OzoneContainer.java:stop(199)) - Attempting to stop container services.
2019-08-22 05:48:49,706 [main] INFO  impl.RaftServerProxy (RaftServerProxy.java:lambda$close$4(314)) - 9412f29a-5455-4c94-8484-b4d127531eb3: close
2019-08-22 05:48:49,706 [ForkJoinPool.commonPool-worker-0] INFO  impl.RaftServerProxy (RaftServerProxy.java:lambda$close$4(314)) - 20ef2b05-2784-432c-b787-19ea462282b8: close
2019-08-22 05:48:49,707 [main] INFO  impl.RaftServerImpl (RaftServerImpl.java:lambda$shutdown$3(245)) - 9412f29a-5455-4c94-8484-b4d127531eb3: shutdown group-2CEE3287AFF5
2019-08-22 05:48:49,707 [ForkJoinPool.commonPool-worker-0] INFO  impl.RaftServerImpl (RaftServerImpl.java:lambda$shutdown$3(245)) - 20ef2b05-2784-432c-b787-19ea462282b8: shutdown group-7AE651877809
2019-08-22 05:48:49,707 [main] INFO  util.JmxRegister (JmxRegister.java:unregister(73)) - Successfully un-registered JMX Bean with object name Ratis:service=RaftServer,group=group-2CEE3287AFF5,id=9412f29a-5455-4c94-8484-b4d127531eb3
2019-08-22 05:48:49,707 [ForkJoinPool.commonPool-worker-0] INFO  util.JmxRegister (JmxRegister.java:unregister(73)) - Successfully un-registered JMX Bean with object name Ratis:service=RaftServer,group=group-7AE651877809,id=20ef2b05-2784-432c-b787-19ea462282b8
2019-08-22 05:48:49,708 [main] INFO  impl.RoleInfo (RoleInfo.java:shutdownLeaderState(104)) - 9412f29a-5455-4c94-8484-b4d127531eb3: shutdown LeaderState
2019-08-22 05:48:49,708 [ForkJoinPool.commonPool-worker-0] INFO  impl.RoleInfo (RoleInfo.java:shutdownLeaderState(104)) - 20ef2b05-2784-432c-b787-19ea462282b8: shutdown LeaderState
2019-08-22 05:48:49,708 [main] INFO  impl.PendingRequests (PendingRequests.java:sendNotLeaderResponses(202)) - 9412f29a-5455-4c94-8484-b4d127531eb3-PendingRequests: sendNotLeaderResponses
2019-08-22 05:48:49,709 [ForkJoinPool.commonPool-worker-0] INFO  impl.PendingRequests (PendingRequests.java:sendNotLeaderResponses(202)) - 20ef2b05-2784-432c-b787-19ea462282b8-PendingRequests: sendNotLeaderResponses
2019-08-22 05:48:49,715 [main] INFO  impl.StateMachineUpdater (StateMachineUpdater.java:stopAndJoin(115)) - StateMachineUpdater:9412f29a-5455-4c94-8484-b4d127531eb3:group-2CEE3287AFF5: set stopIndex = 2
2019-08-22 05:48:49,720 [ForkJoinPool.commonPool-worker-0] INFO  impl.StateMachineUpdater (StateMachineUpdater.java:stopAndJoin(115)) - StateMachineUpdater:20ef2b05-2784-432c-b787-19ea462282b8:group-7AE651877809: set stopIndex = 2
2019-08-22 05:48:49,720 [main] INFO  impl.RaftServerImpl (ServerState.java:close(394)) - 9412f29a-5455-4c94-8484-b4d127531eb3:group-2CEE3287AFF5 closes. The last applied log index is 2
2019-08-22 05:48:49,720 [ForkJoinPool.commonPool-worker-0] INFO  impl.RaftServerImpl (ServerState.java:close(394)) - 20ef2b05-2784-432c-b787-19ea462282b8:group-7AE651877809 closes. The last applied log index is 2
2019-08-22 05:48:49,721 [9412f29a-5455-4c94-8484-b4d127531eb3-SegmentedRaftLogWorker:Storage Directory /workdir/hadoop-ozone/integration-test/target/test-dir/MiniOzoneClusterImpl-83afc318-308f-4a04-affc-403b3b38e3c7/datanode-1/data/ratis/62bdf454-04dd-42d5-8fdf-2cee3287aff5] INFO  segmented.SegmentedRaftLogWorker (SegmentedRaftLogWorker.java:run(313)) - 9412f29a-5455-4c94-8484-b4d127531eb3-SegmentedRaftLogWorker:Storage Directory /workdir/hadoop-ozone/integration-test/target/test-dir/MiniOzoneClusterImpl-83afc318-308f-4a04-affc-403b3b38e3c7/datanode-1/data/ratis/62bdf454-04dd-42d5-8fdf-2cee3287aff5 was interrupted, exiting. There are 0 tasks remaining in the queue.
2019-08-22 05:48:49,721 [20ef2b05-2784-432c-b787-19ea462282b8-SegmentedRaftLogWorker:Storage Directory /workdir/hadoop-ozone/integration-test/target/test-dir/MiniOzoneClusterImpl-83afc318-308f-4a04-affc-403b3b38e3c7/datanode-0/data/ratis/0f2202a7-fa8d-4967-b560-7ae651877809] INFO  segmented.SegmentedRaftLogWorker (SegmentedRaftLogWorker.java:run(313)) - 20ef2b05-2784-432c-b787-19ea462282b8-SegmentedRaftLogWorker:Storage Directory /workdir/hadoop-ozone/integration-test/target/test-dir/MiniOzoneClusterImpl-83afc318-308f-4a04-affc-403b3b38e3c7/datanode-0/data/ratis/0f2202a7-fa8d-4967-b560-7ae651877809 was interrupted, exiting. There are 0 tasks remaining in the queue.
2019-08-22 05:48:49,723 [main] INFO  segmented.SegmentedRaftLogWorker (SegmentedRaftLogWorker.java:close(228)) - 9412f29a-5455-4c94-8484-b4d127531eb3-SegmentedRaftLogWorker:Storage Directory /workdir/hadoop-ozone/integration-test/target/test-dir/MiniOzoneClusterImpl-83afc318-308f-4a04-affc-403b3b38e3c7/datanode-1/data/ratis/62bdf454-04dd-42d5-8fdf-2cee3287aff5 close()
2019-08-22 05:48:49,724 [ForkJoinPool.commonPool-worker-0] INFO  segmented.SegmentedRaftLogWorker (SegmentedRaftLogWorker.java:close(228)) - 20ef2b05-2784-432c-b787-19ea462282b8-SegmentedRaftLogWorker:Storage Directory /workdir/hadoop-ozone/integration-test/target/test-dir/MiniOzoneClusterImpl-83afc318-308f-4a04-affc-403b3b38e3c7/datanode-0/data/ratis/0f2202a7-fa8d-4967-b560-7ae651877809 close()
2019-08-22 05:48:49,726 [main] INFO  impl.RaftServerImpl (RaftServerImpl.java:lambda$shutdown$3(245)) - 9412f29a-5455-4c94-8484-b4d127531eb3: shutdown group-4F047C2BDA22
2019-08-22 05:48:49,728 [ForkJoinPool.commonPool-worker-0] INFO  impl.RaftServerImpl (RaftServerImpl.java:lambda$shutdown$3(245)) - 20ef2b05-2784-432c-b787-19ea462282b8: shutdown group-4F047C2BDA22
2019-08-22 05:48:49,729 [main] INFO  util.JmxRegister (JmxRegister.java:unregister(73)) - Successfully un-registered JMX Bean with object name Ratis:service=RaftServer,group=group-4F047C2BDA22,id=9412f29a-5455-4c94-8484-b4d127531eb3
2019-08-22 05:48:49,729 [ForkJoinPool.commonPool-worker-0] INFO  util.JmxRegister (JmxRegister.java:unregister(73)) - Successfully un-registered JMX Bean with object name Ratis:service=RaftServer,group=group-4F047C2BDA22,id=20ef2b05-2784-432c-b787-19ea462282b8
2019-08-22 05:48:49,729 [main] INFO  impl.RoleInfo (RoleInfo.java:shutdownFollowerState(121)) - 9412f29a-5455-4c94-8484-b4d127531eb3: shutdown FollowerState
2019-08-22 05:48:49,730 [ForkJoinPool.commonPool-worker-0] INFO  impl.RoleInfo (RoleInfo.java:shutdownLeaderState(104)) - 20ef2b05-2784-432c-b787-19ea462282b8: shutdown LeaderState
2019-08-22 05:48:49,730 [Thread-637] INFO  impl.FollowerState (FollowerState.java:run(114)) - 9412f29a-5455-4c94-8484-b4d127531eb3: FollowerState was interrupted: java.lang.InterruptedException: sleep interrupted
2019-08-22 05:48:49,730 [main] INFO  impl.StateMachineUpdater (StateMachineUpdater.java:stopAndJoin(115)) - StateMachineUpdater:9412f29a-5455-4c94-8484-b4d127531eb3:group-4F047C2BDA22: set stopIndex = 1
2019-08-22 05:48:49,733 [ForkJoinPool.commonPool-worker-0] INFO  impl.PendingRequests (PendingRequests.java:sendNotLeaderResponses(202)) - 20ef2b05-2784-432c-b787-19ea462282b8-PendingRequests: sendNotLeaderResponses
2019-08-22 05:48:49,733 [org.apache.ratis.server.impl.LogAppender$AppenderDaemon$$Lambda$429/751849750@6001a768] WARN  server.GrpcLogAppender (GrpcLogAppender.java:mayWait(143)) - GrpcLogAppender(20ef2b05-2784-432c-b787-19ea462282b8->9412f29a-5455-4c94-8484-b4d127531eb3): Wait interrupted by java.lang.InterruptedException
2019-08-22 05:48:49,733 [org.apache.ratis.server.impl.LogAppender$AppenderDaemon$$Lambda$429/751849750@4cc486e8] WARN  server.GrpcLogAppender (GrpcLogAppender.java:mayWait(143)) - GrpcLogAppender(20ef2b05-2784-432c-b787-19ea462282b8->6ff0d347-68f7-4f62-b585-7859cadf9a08): Wait interrupted by java.lang.InterruptedException
2019-08-22 05:48:49,736 [ForkJoinPool.commonPool-worker-0] INFO  impl.StateMachineUpdater (StateMachineUpdater.java:stopAndJoin(115)) - StateMachineUpdater:20ef2b05-2784-432c-b787-19ea462282b8:group-4F047C2BDA22: set stopIndex = 2
2019-08-22 05:48:49,734 [main] INFO  impl.RaftServerImpl (ServerState.java:close(394)) - 9412f29a-5455-4c94-8484-b4d127531eb3:group-4F047C2BDA22 closes. The last applied log index is 1
2019-08-22 05:48:49,739 [grpc-default-executor-1] INFO  server.GrpcServerProtocolService (GrpcServerProtocolService.java:onCompleted(104)) - 9412f29a-5455-4c94-8484-b4d127531eb3: appendEntries completed
2019-08-22 05:48:49,739 [9412f29a-5455-4c94-8484-b4d127531eb3-SegmentedRaftLogWorker:Storage Directory /workdir/hadoop-ozone/integration-test/target/test-dir/MiniOzoneClusterImpl-83afc318-308f-4a04-affc-403b3b38e3c7/datanode-1/data/ratis/1f0afbc0-ecdc-409f-a7aa-4f047c2bda22] INFO  segmented.SegmentedRaftLogWorker (SegmentedRaftLogWorker.java:run(313)) - 9412f29a-5455-4c94-8484-b4d127531eb3-SegmentedRaftLogWorker:Storage Directory /workdir/hadoop-ozone/integration-test/target/test-dir/MiniOzoneClusterImpl-83afc318-308f-4a04-affc-403b3b38e3c7/datanode-1/data/ratis/1f0afbc0-ecdc-409f-a7aa-4f047c2bda22 was interrupted, exiting. There are 0 tasks remaining in the queue.
2019-08-22 05:48:49,739 [grpc-default-executor-0] INFO  server.GrpcServerProtocolService (GrpcServerProtocolService.java:onCompleted(104)) - 6ff0d347-68f7-4f62-b585-7859cadf9a08: appendEntries completed
2019-08-22 05:48:49,738 [ForkJoinPool.commonPool-worker-0] INFO  impl.RaftServerImpl (ServerState.java:close(394)) - 20ef2b05-2784-432c-b787-19ea462282b8:group-4F047C2BDA22 closes. The last applied log index is 2
2019-08-22 05:48:49,745 [main] INFO  segmented.SegmentedRaftLogWorker (SegmentedRaftLogWorker.java:close(228)) - 9412f29a-5455-4c94-8484-b4d127531eb3-SegmentedRaftLogWorker:Storage Directory /workdir/hadoop-ozone/integration-test/target/test-dir/MiniOzoneClusterImpl-83afc318-308f-4a04-affc-403b3b38e3c7/datanode-1/data/ratis/1f0afbc0-ecdc-409f-a7aa-4f047c2bda22 close()
2019-08-22 05:48:49,747 [grpc-default-executor-1] INFO  server.GrpcLogAppender (GrpcLogAppender.java:onCompleted(292)) - 20ef2b05-2784-432c-b787-19ea462282b8->6ff0d347-68f7-4f62-b585-7859cadf9a08: follower responses appendEntries COMPLETED
2019-08-22 05:48:49,746 [20ef2b05-2784-432c-b787-19ea462282b8-SegmentedRaftLogWorker:Storage Directory /workdir/hadoop-ozone/integration-test/target/test-dir/MiniOzoneClusterImpl-83afc318-308f-4a04-affc-403b3b38e3c7/datanode-0/data/ratis/1f0afbc0-ecdc-409f-a7aa-4f047c2bda22] INFO  segmented.SegmentedRaftLogWorker (SegmentedRaftLogWorker.java:run(313)) - 20ef2b05-2784-432c-b787-19ea462282b8-SegmentedRaftLogWorker:Storage Directory /workdir/hadoop-ozone/integration-test/target/test-dir/MiniOzoneClusterImpl-83afc318-308f-4a04-affc-403b3b38e3c7/datanode-0/data/ratis/1f0afbc0-ecdc-409f-a7aa-4f047c2bda22 was interrupted, exiting. There are 0 tasks remaining in the queue.
2019-08-22 05:48:49,746 [grpc-default-executor-0] INFO  server.GrpcLogAppender (GrpcLogAppender.java:onCompleted(292)) - 20ef2b05-2784-432c-b787-19ea462282b8->9412f29a-5455-4c94-8484-b4d127531eb3: follower responses appendEntries COMPLETED
2019-08-22 05:48:49,749 [ForkJoinPool.commonPool-worker-0] INFO  segmented.SegmentedRaftLogWorker (SegmentedRaftLogWorker.java:close(228)) - 20ef2b05-2784-432c-b787-19ea462282b8-SegmentedRaftLogWorker:Storage Directory /workdir/hadoop-ozone/integration-test/target/test-dir/MiniOzoneClusterImpl-83afc318-308f-4a04-affc-403b3b38e3c7/datanode-0/data/ratis/1f0afbc0-ecdc-409f-a7aa-4f047c2bda22 close()
2019-08-22 05:48:49,749 [grpc-default-executor-1] INFO  impl.FollowerInfo (FollowerInfo.java:lambda$new$0(50)) - 20ef2b05-2784-432c-b787-19ea462282b8->6ff0d347-68f7-4f62-b585-7859cadf9a08: nextIndex: updateUnconditionally 1 -> 0
2019-08-22 05:48:49,752 [ForkJoinPool.commonPool-worker-0] INFO  server.GrpcService (GrpcService.java:closeImpl(155)) - 20ef2b05-2784-432c-b787-19ea462282b8: shutdown server with port 43454 now
2019-08-22 05:48:49,748 [main] INFO  server.GrpcService (GrpcService.java:closeImpl(155)) - 9412f29a-5455-4c94-8484-b4d127531eb3: shutdown server with port 35712 now
2019-08-22 05:48:49,753 [ForkJoinPool.commonPool-worker-0] INFO  server.GrpcService (GrpcService.java:closeImpl(163)) - 20ef2b05-2784-432c-b787-19ea462282b8: shutdown server with port 43454 successfully
2019-08-22 05:48:49,750 [grpc-default-executor-0] INFO  impl.FollowerInfo (FollowerInfo.java:lambda$new$0(50)) - 20ef2b05-2784-432c-b787-19ea462282b8->9412f29a-5455-4c94-8484-b4d127531eb3: nextIndex: updateUnconditionally 3 -> 2
2019-08-22 05:48:49,754 [main] INFO  server.GrpcService (GrpcService.java:closeImpl(163)) - 9412f29a-5455-4c94-8484-b4d127531eb3: shutdown server with port 35712 successfully
2019-08-22 05:48:49,755 [ForkJoinPool.commonPool-worker-0] INFO  utils.BackgroundService (BackgroundService.java:shutdown(148)) - Shutting down service BlockDeletingService
2019-08-22 05:48:49,756 [main] INFO  utils.BackgroundService (BackgroundService.java:shutdown(148)) - Shutting down service BlockDeletingService
2019-08-22 05:48:49,757 [refreshUsed-/workdir/hadoop-ozone/integration-test/target/test-dir/MiniOzoneClusterImpl-83afc318-308f-4a04-affc-403b3b38e3c7/datanode-1/data/containers] WARN  fs.CachingGetSpaceUsed (CachingGetSpaceUsed.java:run(183)) - Thread Interrupted waiting to refresh disk information: sleep interrupted
2019-08-22 05:48:49,758 [refreshUsed-/workdir/hadoop-ozone/integration-test/target/test-dir/MiniOzoneClusterImpl-83afc318-308f-4a04-affc-403b3b38e3c7/datanode-0/data/containers] WARN  fs.CachingGetSpaceUsed (CachingGetSpaceUsed.java:run(183)) - Thread Interrupted waiting to refresh disk information: sleep interrupted
2019-08-22 05:48:49,778 [ForkJoinPool.commonPool-worker-0] INFO  statemachine.DatanodeStateMachine (DatanodeStateMachine.java:stopDaemon(395)) - Ozone container server stopped.
2019-08-22 05:48:49,782 [ForkJoinPool.commonPool-worker-0] INFO  handler.ContextHandler (ContextHandler.java:doStop(910)) - Stopped o.e.j.w.WebAppContext@6c2144fa{/,null,UNAVAILABLE}{/hddsDatanode}
2019-08-22 05:48:49,785 [main] INFO  statemachine.DatanodeStateMachine (DatanodeStateMachine.java:stopDaemon(395)) - Ozone container server stopped.
2019-08-22 05:48:49,785 [ForkJoinPool.commonPool-worker-0] INFO  server.AbstractConnector (AbstractConnector.java:doStop(318)) - Stopped ServerConnector@5f5d727b{HTTP/1.1,[http/1.1]}{0.0.0.0:46366}
2019-08-22 05:48:49,787 [ForkJoinPool.commonPool-worker-0] INFO  handler.ContextHandler (ContextHandler.java:doStop(910)) - Stopped o.e.j.s.ServletContextHandler@553984cb{/static,jar:file:/home/user/.m2/repository/org/apache/hadoop/hadoop-hdds-container-service/0.5.0-SNAPSHOT/hadoop-hdds-container-service-0.5.0-SNAPSHOT.jar!/webapps/static,UNAVAILABLE}
2019-08-22 05:48:49,788 [ForkJoinPool.commonPool-worker-0] INFO  handler.ContextHandler (ContextHandler.java:doStop(910)) - Stopped o.e.j.s.ServletContextHandler@35bf08c1{/logs,file:///workdir/hadoop-ozone/integration-test/target/log,UNAVAILABLE}
2019-08-22 05:48:49,789 [main] INFO  handler.ContextHandler (ContextHandler.java:doStop(910)) - Stopped o.e.j.w.WebAppContext@228f6d6c{/,null,UNAVAILABLE}{/hddsDatanode}
2019-08-22 05:48:49,790 [ForkJoinPool.commonPool-worker-0] INFO  datanode.ObjectStoreHandler (ObjectStoreHandler.java:close(155)) - Closing ObjectStoreHandler.
2019-08-22 05:48:49,790 [main] INFO  server.AbstractConnector (AbstractConnector.java:doStop(318)) - Stopped ServerConnector@5344e402{HTTP/1.1,[http/1.1]}{0.0.0.0:35745}
2019-08-22 05:48:49,790 [ForkJoinPool.commonPool-worker-0] INFO  ozone.HddsDatanodeService (HddsDatanodeService.java:stop(451)) - Stopped plug-in org.apache.hadoop.ozone.web.OzoneHddsDatanodeService@3c4cf29d
2019-08-22 05:48:49,794 [main] INFO  handler.ContextHandler (ContextHandler.java:doStop(910)) - Stopped o.e.j.s.ServletContextHandler@46573f8b{/static,jar:file:/home/user/.m2/repository/org/apache/hadoop/hadoop-hdds-container-service/0.5.0-SNAPSHOT/hadoop-hdds-container-service-0.5.0-SNAPSHOT.jar!/webapps/static,UNAVAILABLE}
2019-08-22 05:48:49,795 [Datanode State Machine Thread - 0] INFO  statemachine.DatanodeStateMachine (DatanodeStateMachine.java:lambda$startDaemon$0(350)) - Ozone container server started.
2019-08-22 05:48:49,795 [main] INFO  handler.ContextHandler (ContextHandler.java:doStop(910)) - Stopped o.e.j.s.ServletContextHandler@6ddd47a0{/logs,file:///workdir/hadoop-ozone/integration-test/target/log,UNAVAILABLE}
2019-08-22 05:48:53,172 [Thread-630] INFO  impl.FollowerState (FollowerState.java:run(106)) - 6ff0d347-68f7-4f62-b585-7859cadf9a08:group-0F761014E921 changes to CANDIDATE, lastRpcTime:5177, electionTimeout:5177ms
2019-08-22 05:48:53,172 [Thread-630] INFO  impl.RoleInfo (RoleInfo.java:shutdownFollowerState(121)) - 6ff0d347-68f7-4f62-b585-7859cadf9a08: shutdown FollowerState
2019-08-22 05:48:53,173 [Thread-630] INFO  impl.RaftServerImpl (RaftServerImpl.java:setRole(171)) - 6ff0d347-68f7-4f62-b585-7859cadf9a08:group-0F761014E921 changes role from FOLLOWER to CANDIDATE at term 0 for changeToCandidate
2019-08-22 05:48:53,173 [Thread-630] INFO  impl.RoleInfo (RoleInfo.java:updateAndGet(143)) - 6ff0d347-68f7-4f62-b585-7859cadf9a08: start LeaderElection
2019-08-22 05:48:53,200 [6ff0d347-68f7-4f62-b585-7859cadf9a08:group-0F761014E921:LeaderElection23] INFO  impl.LeaderElection (LeaderElection.java:askForVotes(181)) - 6ff0d347-68f7-4f62-b585-7859cadf9a08:group-0F761014E921:LeaderElection23: begin an election at term 1 for -1: [6ff0d347-68f7-4f62-b585-7859cadf9a08:192.168.36.82:41391], old=null
2019-08-22 05:48:53,200 [6ff0d347-68f7-4f62-b585-7859cadf9a08:group-0F761014E921:LeaderElection23] INFO  impl.RoleInfo (RoleInfo.java:shutdownLeaderElection(134)) - 6ff0d347-68f7-4f62-b585-7859cadf9a08: shutdown LeaderElection
2019-08-22 05:48:53,201 [6ff0d347-68f7-4f62-b585-7859cadf9a08:group-0F761014E921:LeaderElection23] INFO  impl.RaftServerImpl (RaftServerImpl.java:setRole(171)) - 6ff0d347-68f7-4f62-b585-7859cadf9a08:group-0F761014E921 changes role from CANDIDATE to LEADER at term 1 for changeToLeader
2019-08-22 05:48:53,201 [6ff0d347-68f7-4f62-b585-7859cadf9a08:group-0F761014E921:LeaderElection23] INFO  impl.RaftServerImpl (ServerState.java:setLeader(263)) - 6ff0d347-68f7-4f62-b585-7859cadf9a08:group-0F761014E921 change Leader from null to 6ff0d347-68f7-4f62-b585-7859cadf9a08 at term 1 for becomeLeader, leader elected after 5211ms
2019-08-22 05:48:53,201 [6ff0d347-68f7-4f62-b585-7859cadf9a08:group-0F761014E921:LeaderElection23] INFO  server.RaftServerConfigKeys (ConfUtils.java:logGet(43)) - raft.server.staging.catchup.gap = 1000 (default)
2019-08-22 05:48:53,201 [6ff0d347-68f7-4f62-b585-7859cadf9a08:group-0F761014E921:LeaderElection23] INFO  server.RaftServerConfigKeys (ConfUtils.java:logGet(43)) - raft.server.rpc.sleep.time = 25ms (default)
2019-08-22 05:48:53,201 [6ff0d347-68f7-4f62-b585-7859cadf9a08:group-0F761014E921:LeaderElection23] INFO  server.RaftServerConfigKeys (ConfUtils.java:logGet(43)) - raft.server.write.element-limit = 4096 (default)
2019-08-22 05:48:53,201 [6ff0d347-68f7-4f62-b585-7859cadf9a08:group-0F761014E921:LeaderElection23] INFO  server.RaftServerConfigKeys (ConfUtils.java:logGet(43)) - raft.server.watch.timeout = 10s (default)
2019-08-22 05:48:53,202 [6ff0d347-68f7-4f62-b585-7859cadf9a08:group-0F761014E921:LeaderElection23] INFO  server.RaftServerConfigKeys (ConfUtils.java:logGet(43)) - raft.server.watch.timeout.denomination = 1s (default)
2019-08-22 05:48:53,202 [6ff0d347-68f7-4f62-b585-7859cadf9a08:group-0F761014E921:LeaderElection23] INFO  server.RaftServerConfigKeys (ConfUtils.java:logGet(43)) - raft.server.watch.element-limit = 65536 (default)
2019-08-22 05:48:53,202 [6ff0d347-68f7-4f62-b585-7859cadf9a08:group-0F761014E921:LeaderElection23] INFO  impl.RoleInfo (RoleInfo.java:updateAndGet(143)) - 6ff0d347-68f7-4f62-b585-7859cadf9a08: start LeaderState
2019-08-22 05:48:53,202 [6ff0d347-68f7-4f62-b585-7859cadf9a08:group-0F761014E921:LeaderElection23] INFO  segmented.SegmentedRaftLogWorker (SegmentedRaftLogWorker.java:startLogSegment(380)) - 6ff0d347-68f7-4f62-b585-7859cadf9a08-SegmentedRaftLogWorker:Storage Directory /workdir/hadoop-ozone/integration-test/target/test-dir/MiniOzoneClusterImpl-83afc318-308f-4a04-affc-403b3b38e3c7/datanode-2/data/ratis/88a33f12-97f0-41dc-bbf4-0f761014e921: Starting segment from index:0
2019-08-22 05:48:53,203 [6ff0d347-68f7-4f62-b585-7859cadf9a08:group-0F761014E921:LeaderElection23] INFO  impl.RaftServerImpl (ServerState.java:setRaftConf(361)) - 6ff0d347-68f7-4f62-b585-7859cadf9a08:group-0F761014E921 set configuration 0: [6ff0d347-68f7-4f62-b585-7859cadf9a08:192.168.36.82:41391], old=null at 0
2019-08-22 05:48:53,260 [6ff0d347-68f7-4f62-b585-7859cadf9a08-SegmentedRaftLogWorker:Storage Directory /workdir/hadoop-ozone/integration-test/target/test-dir/MiniOzoneClusterImpl-83afc318-308f-4a04-affc-403b3b38e3c7/datanode-2/data/ratis/88a33f12-97f0-41dc-bbf4-0f761014e921] INFO  segmented.SegmentedRaftLogWorker (SegmentedRaftLogWorker.java:execute(569)) - 6ff0d347-68f7-4f62-b585-7859cadf9a08-SegmentedRaftLogWorker:Storage Directory /workdir/hadoop-ozone/integration-test/target/test-dir/MiniOzoneClusterImpl-83afc318-308f-4a04-affc-403b3b38e3c7/datanode-2/data/ratis/88a33f12-97f0-41dc-bbf4-0f761014e921: created new log segment /workdir/hadoop-ozone/integration-test/target/test-dir/MiniOzoneClusterImpl-83afc318-308f-4a04-affc-403b3b38e3c7/datanode-2/data/ratis/88a33f12-97f0-41dc-bbf4-0f761014e921/current/log_inprogress_0
2019-08-22 05:48:53,929 [EventQueue-StaleNodeForStaleNodeHandler] INFO  node.StaleNodeHandler (StaleNodeHandler.java:onMessage(58)) - Datanode 6ff0d347-68f7-4f62-b585-7859cadf9a08{ip: 192.168.36.82, host: pr-hdds-2008-trunk-8dx8q-886544045, networkLocation: /default-rack, certSerialId: null} moved to stale state. Finalizing its pipelines [PipelineID=88a33f12-97f0-41dc-bbf4-0f761014e921, PipelineID=7471f61d-27fe-40af-be32-7d1e90cbec34]
2019-08-22 05:48:53,930 [EventQueue-StaleNodeForStaleNodeHandler] INFO  pipeline.SCMPipelineManager (SCMPipelineManager.java:finalizeAndDestroyPipeline(309)) - destroying pipeline:Pipeline[ Id: 88a33f12-97f0-41dc-bbf4-0f761014e921, Nodes: 6ff0d347-68f7-4f62-b585-7859cadf9a08{ip: 192.168.36.82, host: pr-hdds-2008-trunk-8dx8q-886544045, networkLocation: /default-rack, certSerialId: null}, Type:RATIS, Factor:ONE, State:OPEN]
2019-08-22 05:48:53,930 [EventQueue-StaleNodeForStaleNodeHandler] INFO  pipeline.PipelineStateManager (PipelineStateManager.java:finalizePipeline(123)) - Pipeline Pipeline[ Id: 88a33f12-97f0-41dc-bbf4-0f761014e921, Nodes: 6ff0d347-68f7-4f62-b585-7859cadf9a08{ip: 192.168.36.82, host: pr-hdds-2008-trunk-8dx8q-886544045, networkLocation: /default-rack, certSerialId: null}, Type:RATIS, Factor:ONE, State:CLOSED] moved to CLOSED state
2019-08-22 05:48:53,930 [EventQueue-StaleNodeForStaleNodeHandler] INFO  pipeline.SCMPipelineManager (SCMPipelineManager.java:finalizeAndDestroyPipeline(309)) - destroying pipeline:Pipeline[ Id: 7471f61d-27fe-40af-be32-7d1e90cbec34, Nodes: 6ff0d347-68f7-4f62-b585-7859cadf9a08{ip: 192.168.36.82, host: pr-hdds-2008-trunk-8dx8q-886544045, networkLocation: /default-rack, certSerialId: null}, Type:RATIS, Factor:ONE, State:CLOSED]
2019-08-22 05:48:54,794 [ForkJoinPool.commonPool-worker-0] INFO  ozoneimpl.OzoneContainer (OzoneContainer.java:stop(199)) - Attempting to stop container services.
2019-08-22 05:48:54,795 [ForkJoinPool.commonPool-worker-0] INFO  impl.RaftServerProxy (RaftServerProxy.java:lambda$close$4(314)) - 6ff0d347-68f7-4f62-b585-7859cadf9a08: close
2019-08-22 05:48:54,795 [ForkJoinPool.commonPool-worker-0] INFO  impl.RaftServerImpl (RaftServerImpl.java:lambda$shutdown$3(245)) - 6ff0d347-68f7-4f62-b585-7859cadf9a08: shutdown group-0F761014E921
2019-08-22 05:48:54,796 [ForkJoinPool.commonPool-worker-0] INFO  util.JmxRegister (JmxRegister.java:unregister(73)) - Successfully un-registered JMX Bean with object name Ratis:service=RaftServer,group=group-0F761014E921,id=6ff0d347-68f7-4f62-b585-7859cadf9a08
2019-08-22 05:48:54,796 [ForkJoinPool.commonPool-worker-0] INFO  impl.RoleInfo (RoleInfo.java:shutdownLeaderState(104)) - 6ff0d347-68f7-4f62-b585-7859cadf9a08: shutdown LeaderState
2019-08-22 05:48:54,797 [ForkJoinPool.commonPool-worker-0] INFO  impl.PendingRequests (PendingRequests.java:sendNotLeaderResponses(202)) - 6ff0d347-68f7-4f62-b585-7859cadf9a08-PendingRequests: sendNotLeaderResponses
2019-08-22 05:48:54,797 [ForkJoinPool.commonPool-worker-0] INFO  impl.StateMachineUpdater (StateMachineUpdater.java:stopAndJoin(115)) - StateMachineUpdater:6ff0d347-68f7-4f62-b585-7859cadf9a08:group-0F761014E921: set stopIndex = 0
2019-08-22 05:48:54,799 [ForkJoinPool.commonPool-worker-0] INFO  impl.RaftServerImpl (ServerState.java:close(394)) - 6ff0d347-68f7-4f62-b585-7859cadf9a08:group-0F761014E921 closes. The last applied log index is 0
2019-08-22 05:48:54,800 [6ff0d347-68f7-4f62-b585-7859cadf9a08-SegmentedRaftLogWorker:Storage Directory /workdir/hadoop-ozone/integration-test/target/test-dir/MiniOzoneClusterImpl-83afc318-308f-4a04-affc-403b3b38e3c7/datanode-2/data/ratis/88a33f12-97f0-41dc-bbf4-0f761014e921] INFO  segmented.SegmentedRaftLogWorker (SegmentedRaftLogWorker.java:run(313)) - 6ff0d347-68f7-4f62-b585-7859cadf9a08-SegmentedRaftLogWorker:Storage Directory /workdir/hadoop-ozone/integration-test/target/test-dir/MiniOzoneClusterImpl-83afc318-308f-4a04-affc-403b3b38e3c7/datanode-2/data/ratis/88a33f12-97f0-41dc-bbf4-0f761014e921 was interrupted, exiting. There are 0 tasks remaining in the queue.
2019-08-22 05:48:54,801 [ForkJoinPool.commonPool-worker-0] INFO  segmented.SegmentedRaftLogWorker (SegmentedRaftLogWorker.java:close(228)) - 6ff0d347-68f7-4f62-b585-7859cadf9a08-SegmentedRaftLogWorker:Storage Directory /workdir/hadoop-ozone/integration-test/target/test-dir/MiniOzoneClusterImpl-83afc318-308f-4a04-affc-403b3b38e3c7/datanode-2/data/ratis/88a33f12-97f0-41dc-bbf4-0f761014e921 close()
2019-08-22 05:48:54,803 [ForkJoinPool.commonPool-worker-0] INFO  impl.RaftServerImpl (RaftServerImpl.java:lambda$shutdown$3(245)) - 6ff0d347-68f7-4f62-b585-7859cadf9a08: shutdown group-7D1E90CBEC34
2019-08-22 05:48:54,804 [ForkJoinPool.commonPool-worker-0] INFO  util.JmxRegister (JmxRegister.java:unregister(73)) - Successfully un-registered JMX Bean with object name Ratis:service=RaftServer,group=group-7D1E90CBEC34,id=6ff0d347-68f7-4f62-b585-7859cadf9a08
2019-08-22 05:48:54,804 [ForkJoinPool.commonPool-worker-0] INFO  impl.RoleInfo (RoleInfo.java:shutdownLeaderState(104)) - 6ff0d347-68f7-4f62-b585-7859cadf9a08: shutdown LeaderState
2019-08-22 05:48:54,805 [ForkJoinPool.commonPool-worker-0] INFO  impl.PendingRequests (PendingRequests.java:sendNotLeaderResponses(202)) - 6ff0d347-68f7-4f62-b585-7859cadf9a08-PendingRequests: sendNotLeaderResponses
2019-08-22 05:48:54,809 [ForkJoinPool.commonPool-worker-0] INFO  impl.StateMachineUpdater (StateMachineUpdater.java:stopAndJoin(115)) - StateMachineUpdater:6ff0d347-68f7-4f62-b585-7859cadf9a08:group-7D1E90CBEC34: set stopIndex = 2
2019-08-22 05:48:54,810 [ForkJoinPool.commonPool-worker-0] INFO  impl.RaftServerImpl (ServerState.java:close(394)) - 6ff0d347-68f7-4f62-b585-7859cadf9a08:group-7D1E90CBEC34 closes. The last applied log index is 2
2019-08-22 05:48:54,811 [6ff0d347-68f7-4f62-b585-7859cadf9a08-SegmentedRaftLogWorker:Storage Directory /workdir/hadoop-ozone/integration-test/target/test-dir/MiniOzoneClusterImpl-83afc318-308f-4a04-affc-403b3b38e3c7/datanode-2/data/ratis/7471f61d-27fe-40af-be32-7d1e90cbec34] INFO  segmented.SegmentedRaftLogWorker (SegmentedRaftLogWorker.java:run(313)) - 6ff0d347-68f7-4f62-b585-7859cadf9a08-SegmentedRaftLogWorker:Storage Directory /workdir/hadoop-ozone/integration-test/target/test-dir/MiniOzoneClusterImpl-83afc318-308f-4a04-affc-403b3b38e3c7/datanode-2/data/ratis/7471f61d-27fe-40af-be32-7d1e90cbec34 was interrupted, exiting. There are 0 tasks remaining in the queue.
2019-08-22 05:48:54,811 [ForkJoinPool.commonPool-worker-0] INFO  segmented.SegmentedRaftLogWorker (SegmentedRaftLogWorker.java:close(228)) - 6ff0d347-68f7-4f62-b585-7859cadf9a08-SegmentedRaftLogWorker:Storage Directory /workdir/hadoop-ozone/integration-test/target/test-dir/MiniOzoneClusterImpl-83afc318-308f-4a04-affc-403b3b38e3c7/datanode-2/data/ratis/7471f61d-27fe-40af-be32-7d1e90cbec34 close()
2019-08-22 05:48:54,813 [ForkJoinPool.commonPool-worker-0] INFO  server.GrpcService (GrpcService.java:closeImpl(155)) - 6ff0d347-68f7-4f62-b585-7859cadf9a08: shutdown server with port 41391 now
2019-08-22 05:48:54,814 [ForkJoinPool.commonPool-worker-0] INFO  server.GrpcService (GrpcService.java:closeImpl(163)) - 6ff0d347-68f7-4f62-b585-7859cadf9a08: shutdown server with port 41391 successfully
2019-08-22 05:48:54,820 [ForkJoinPool.commonPool-worker-0] INFO  utils.BackgroundService (BackgroundService.java:shutdown(148)) - Shutting down service BlockDeletingService
2019-08-22 05:48:54,821 [refreshUsed-/workdir/hadoop-ozone/integration-test/target/test-dir/MiniOzoneClusterImpl-83afc318-308f-4a04-affc-403b3b38e3c7/datanode-2/data/containers] WARN  fs.CachingGetSpaceUsed (CachingGetSpaceUsed.java:run(183)) - Thread Interrupted waiting to refresh disk information: sleep interrupted
2019-08-22 05:48:54,840 [ForkJoinPool.commonPool-worker-0] INFO  statemachine.DatanodeStateMachine (DatanodeStateMachine.java:stopDaemon(395)) - Ozone container server stopped.
2019-08-22 05:48:54,844 [ForkJoinPool.commonPool-worker-0] INFO  handler.ContextHandler (ContextHandler.java:doStop(910)) - Stopped o.e.j.w.WebAppContext@5a9e18bb{/,null,UNAVAILABLE}{/hddsDatanode}
2019-08-22 05:48:54,844 [ForkJoinPool.commonPool-worker-0] INFO  server.AbstractConnector (AbstractConnector.java:doStop(318)) - Stopped ServerConnector@4af81892{HTTP/1.1,[http/1.1]}{0.0.0.0:32951}
2019-08-22 05:48:54,845 [ForkJoinPool.commonPool-worker-0] INFO  handler.ContextHandler (ContextHandler.java:doStop(910)) - Stopped o.e.j.s.ServletContextHandler@2e378999{/static,jar:file:/home/user/.m2/repository/org/apache/hadoop/hadoop-hdds-container-service/0.5.0-SNAPSHOT/hadoop-hdds-container-service-0.5.0-SNAPSHOT.jar!/webapps/static,UNAVAILABLE}
2019-08-22 05:48:54,847 [ForkJoinPool.commonPool-worker-0] INFO  handler.ContextHandler (ContextHandler.java:doStop(910)) - Stopped o.e.j.s.ServletContextHandler@41f7431d{/logs,file:///workdir/hadoop-ozone/integration-test/target/log,UNAVAILABLE}
2019-08-22 05:48:54,848 [main] INFO  ozone.MiniOzoneClusterImpl (MiniOzoneClusterImpl.java:stop(353)) - Stopping the StorageContainerManager
2019-08-22 05:48:54,848 [main] INFO  server.StorageContainerManager (StorageContainerManager.java:stop(797)) - Stopping Replication Manager Service.
2019-08-22 05:48:54,848 [main] INFO  container.ReplicationManager (ReplicationManager.java:stop(193)) - Stopping Replication Monitor Thread.
2019-08-22 05:48:54,848 [main] INFO  server.StorageContainerManager (StorageContainerManager.java:stop(804)) - Stopping Lease Manager of the command watchers
2019-08-22 05:48:54,849 [main] INFO  server.StorageContainerManager (StorageContainerManager.java:stop(811)) - Stopping datanode service RPC server
2019-08-22 05:48:54,849 [main] INFO  server.SCMDatanodeProtocolServer (SCMDatanodeProtocolServer.java:stop(367)) - Stopping the RPC server for DataNodes
2019-08-22 05:48:54,850 [main] INFO  ipc.Server (Server.java:stop(3082)) - Stopping server on 37264
2019-08-22 05:48:54,851 [IPC Server listener on 37264] INFO  ipc.Server (Server.java:run(1185)) - Stopping IPC Server listener on 37264
2019-08-22 05:48:54,852 [IPC Server Responder] INFO  ipc.Server (Server.java:run(1319)) - Stopping IPC Server Responder
2019-08-22 05:48:54,929 [SCM Heartbeat Processing Thread - 0] WARN  node.NodeStateManager (NodeStateManager.java:scheduleNextHealthCheck(646)) - Current Thread is interrupted, shutting down HB processing thread for Node Manager.
2019-08-22 05:48:54,930 [main] INFO  server.StorageContainerManager (StorageContainerManager.java:stop(819)) - Stopping block service RPC server
2019-08-22 05:48:54,930 [main] INFO  server.SCMBlockProtocolServer (SCMBlockProtocolServer.java:stop(148)) - Stopping the RPC server for Block Protocol
2019-08-22 05:48:54,931 [main] INFO  ipc.Server (Server.java:stop(3082)) - Stopping server on 38770
2019-08-22 05:48:54,932 [main] INFO  server.StorageContainerManager (StorageContainerManager.java:stop(826)) - Stopping the StorageContainerLocationProtocol RPC server
2019-08-22 05:48:54,933 [main] INFO  server.SCMClientProtocolServer (SCMClientProtocolServer.java:stop(159)) - Stopping the RPC server for Client Protocol
2019-08-22 05:48:54,933 [IPC Server listener on 38770] INFO  ipc.Server (Server.java:run(1185)) - Stopping IPC Server listener on 38770
2019-08-22 05:48:54,934 [main] INFO  ipc.Server (Server.java:stop(3082)) - Stopping server on 45928
2019-08-22 05:48:54,933 [IPC Server Responder] INFO  ipc.Server (Server.java:run(1319)) - Stopping IPC Server Responder
2019-08-22 05:48:54,937 [main] INFO  server.StorageContainerManager (StorageContainerManager.java:stop(833)) - Stopping Storage Container Manager HTTP server.
2019-08-22 05:48:54,937 [IPC Server listener on 45928] INFO  ipc.Server (Server.java:run(1185)) - Stopping IPC Server listener on 45928
2019-08-22 05:48:54,938 [IPC Server Responder] INFO  ipc.Server (Server.java:run(1319)) - Stopping IPC Server Responder
2019-08-22 05:48:54,941 [main] INFO  handler.ContextHandler (ContextHandler.java:doStop(910)) - Stopped o.e.j.w.WebAppContext@50427d66{/,null,UNAVAILABLE}{/scm}
2019-08-22 05:48:54,942 [main] INFO  server.AbstractConnector (AbstractConnector.java:doStop(318)) - Stopped ServerConnector@6cabab9{HTTP/1.1,[http/1.1]}{0.0.0.0:0}
2019-08-22 05:48:54,943 [main] INFO  handler.ContextHandler (ContextHandler.java:doStop(910)) - Stopped o.e.j.s.ServletContextHandler@ee83c67{/static,file:///workdir/hadoop-ozone/integration-test/target/test-classes/webapps/static,UNAVAILABLE}
2019-08-22 05:48:54,944 [main] INFO  handler.ContextHandler (ContextHandler.java:doStop(910)) - Stopped o.e.j.s.ServletContextHandler@36e2ff6{/logs,file:///workdir/hadoop-ozone/integration-test/target/log,UNAVAILABLE}
2019-08-22 05:48:54,945 [main] INFO  server.StorageContainerManager (StorageContainerManager.java:stop(844)) - Stopping Block Manager Service.
2019-08-22 05:48:54,945 [main] INFO  utils.BackgroundService (BackgroundService.java:shutdown(148)) - Shutting down service SCMBlockDeletingService
2019-08-22 05:48:54,946 [main] INFO  utils.BackgroundService (BackgroundService.java:shutdown(148)) - Shutting down service SCMBlockDeletingService
2019-08-22 05:48:54,947 [main] INFO  server.StorageContainerManager (StorageContainerManager.java:stop(866)) - Stopping SCM Event Queue.
2019-08-22 05:48:54,953 [main] INFO  impl.MetricsSystemImpl (MetricsSystemImpl.java:stop(210)) - Stopping HddsDatanode metrics system...
2019-08-22 05:48:54,963 [main] INFO  impl.MetricsSystemImpl (MetricsSystemImpl.java:stop(216)) - HddsDatanode metrics system stopped.
]]></system-out>
    <system-err><![CDATA[Aug 22, 2019 5:48:16 AM com.sun.jersey.server.impl.application.WebApplicationImpl _initiate
INFO: Initiating Jersey application, version 'Jersey: 1.19 02/11/2015 03:25 AM'
Aug 22, 2019 5:48:16 AM com.sun.jersey.server.impl.application.WebApplicationImpl _initiate
INFO: Initiating Jersey application, version 'Jersey: 1.19 02/11/2015 03:25 AM'
Aug 22, 2019 5:48:16 AM com.sun.jersey.server.impl.application.WebApplicationImpl _initiate
INFO: Initiating Jersey application, version 'Jersey: 1.19 02/11/2015 03:25 AM'
Aug 22, 2019 5:48:40 AM com.sun.jersey.server.impl.application.WebApplicationImpl _initiate
INFO: Initiating Jersey application, version 'Jersey: 1.19 02/11/2015 03:25 AM'
Aug 22, 2019 5:48:41 AM com.sun.jersey.server.impl.application.WebApplicationImpl _initiate
INFO: Initiating Jersey application, version 'Jersey: 1.19 02/11/2015 03:25 AM'
Aug 22, 2019 5:48:41 AM com.sun.jersey.server.impl.application.WebApplicationImpl _initiate
INFO: Initiating Jersey application, version 'Jersey: 1.19 02/11/2015 03:25 AM'
]]></system-err>
  </testcase>
</testsuite>