<?xml version="1.0" encoding="UTF-8"?>
<testsuite xmlns:xsi="http://www.w3.org/2001/XMLSchema-instance" xsi:noNamespaceSchemaLocation="https://maven.apache.org/surefire/maven-surefire-plugin/xsd/surefire-test-report.xsd" name="org.apache.hadoop.ozone.client.rpc.TestCommitWatcher" time="55.274" tests="2" errors="0" skipped="0" failures="1">
  <properties>
    <property name="awt.toolkit" value="sun.awt.X11.XToolkit"/>
    <property name="file.encoding.pkg" value="sun.io"/>
    <property name="java.specification.version" value="1.8"/>
    <property name="sun.cpu.isalist" value=""/>
    <property name="sun.jnu.encoding" value="UTF-8"/>
    <property name="java.class.path" value="/workdir/hadoop-ozone/integration-test/target/test-classes:/workdir/hadoop-ozone/integration-test/target/classes:/home/user/.m2/repository/org/apache/hadoop/hadoop-ozone-common/0.5.0-SNAPSHOT/hadoop-ozone-common-0.5.0-SNAPSHOT.jar:/home/user/.m2/repository/org/apache/commons/commons-compress/1.4.1/commons-compress-1.4.1.jar:/home/user/.m2/repository/org/tukaani/xz/1.0/xz-1.0.jar:/home/user/.m2/repository/org/apache/hadoop/hadoop-common/3.2.0/hadoop-common-3.2.0.jar:/home/user/.m2/repository/org/apache/hadoop/hadoop-hdfs/3.2.0/hadoop-hdfs-3.2.0.jar:/home/user/.m2/repository/org/apache/hadoop/hadoop-hdfs-client/3.2.0/hadoop-hdfs-client-3.2.0.jar:/home/user/.m2/repository/com/fasterxml/jackson/core/jackson-annotations/2.9.5/jackson-annotations-2.9.5.jar:/home/user/.m2/repository/org/apache/hadoop/hadoop-hdds-common/0.5.0-SNAPSHOT/hadoop-hdds-common-0.5.0-SNAPSHOT.jar:/home/user/.m2/repository/javax/annotation/javax.annotation-api/1.2/javax.annotation-api-1.2.jar:/home/user/.m2/repository/org/apache/ratis/ratis-server/0.4.0-2337318-SNAPSHOT/ratis-server-0.4.0-2337318-SNAPSHOT.jar:/home/user/.m2/repository/org/apache/ratis/ratis-thirdparty-misc/0.2.0/ratis-thirdparty-misc-0.2.0.jar:/home/user/.m2/repository/org/apache/ratis/ratis-proto/0.4.0-2337318-SNAPSHOT/ratis-proto-0.4.0-2337318-SNAPSHOT.jar:/home/user/.m2/repository/org/apache/ratis/ratis-common/0.4.0-2337318-SNAPSHOT/ratis-common-0.4.0-2337318-SNAPSHOT.jar:/home/user/.m2/repository/org/apache/ratis/ratis-client/0.4.0-2337318-SNAPSHOT/ratis-client-0.4.0-2337318-SNAPSHOT.jar:/home/user/.m2/repository/org/apache/ratis/ratis-metrics/0.4.0-2337318-SNAPSHOT/ratis-metrics-0.4.0-2337318-SNAPSHOT.jar:/home/user/.m2/repository/org/apache/ratis/ratis-netty/0.4.0-2337318-SNAPSHOT/ratis-netty-0.4.0-2337318-SNAPSHOT.jar:/home/user/.m2/repository/org/apache/ratis/ratis-grpc/0.4.0-2337318-SNAPSHOT/ratis-grpc-0.4.0-2337318-SNAPSHOT.jar:/home/user/.m2/repository/org/rocksdb/rocksdbjni/6.0.1/rocksdbjni-6.0.1.jar:/home/user/.m2/repository/org/apache/logging/log4j/log4j-api/2.11.0/log4j-api-2.11.0.jar:/home/user/.m2/repository/org/apache/logging/log4j/log4j-core/2.11.0/log4j-core-2.11.0.jar:/home/user/.m2/repository/com/lmax/disruptor/3.4.2/disruptor-3.4.2.jar:/home/user/.m2/repository/org/apache/commons/commons-pool2/2.6.0/commons-pool2-2.6.0.jar:/home/user/.m2/repository/org/bouncycastle/bcpkix-jdk15on/1.60/bcpkix-jdk15on-1.60.jar:/home/user/.m2/repository/commons-validator/commons-validator/1.6/commons-validator-1.6.jar:/home/user/.m2/repository/commons-digester/commons-digester/1.8.1/commons-digester-1.8.1.jar:/home/user/.m2/repository/io/jaegertracing/jaeger-client/0.33.1/jaeger-client-0.33.1.jar:/home/user/.m2/repository/io/jaegertracing/jaeger-thrift/0.33.1/jaeger-thrift-0.33.1.jar:/home/user/.m2/repository/org/apache/thrift/libthrift/0.11.0/libthrift-0.11.0.jar:/home/user/.m2/repository/com/squareup/okhttp3/okhttp/3.9.0/okhttp-3.9.0.jar:/home/user/.m2/repository/com/squareup/okio/okio/1.13.0/okio-1.13.0.jar:/home/user/.m2/repository/io/jaegertracing/jaeger-core/0.33.1/jaeger-core-0.33.1.jar:/home/user/.m2/repository/io/jaegertracing/jaeger-tracerresolver/0.33.1/jaeger-tracerresolver-0.33.1.jar:/home/user/.m2/repository/io/opentracing/contrib/opentracing-tracerresolver/0.1.5/opentracing-tracerresolver-0.1.5.jar:/home/user/.m2/repository/io/opentracing/opentracing-util/0.31.0/opentracing-util-0.31.0.jar:/home/user/.m2/repository/io/opentracing/opentracing-api/0.31.0/opentracing-api-0.31.0.jar:/home/user/.m2/repository/io/opentracing/opentracing-noop/0.31.0/opentracing-noop-0.31.0.jar:/home/user/.m2/repository/org/apache/hadoop/hadoop-hdds-server-framework/0.5.0-SNAPSHOT/hadoop-hdds-server-framework-0.5.0-SNAPSHOT.jar:/home/user/.m2/repository/org/apache/hadoop/hadoop-hdds-container-service/0.5.0-SNAPSHOT/hadoop-hdds-container-service-0.5.0-SNAPSHOT.jar:/home/user/.m2/repository/org/apache/hadoop/hadoop-hdds-client/0.5.0-SNAPSHOT/hadoop-hdds-client-0.5.0-SNAPSHOT.jar:/home/user/.m2/repository/org/apache/hadoop/hadoop-hdds-tools/0.5.0-SNAPSHOT/hadoop-hdds-tools-0.5.0-SNAPSHOT.jar:/home/user/.m2/repository/org/apache/hadoop/hadoop-hdds-server-scm/0.5.0-SNAPSHOT/hadoop-hdds-server-scm-0.5.0-SNAPSHOT.jar:/home/user/.m2/repository/org/apache/hadoop/hadoop-hdds-docs/0.5.0-SNAPSHOT/hadoop-hdds-docs-0.5.0-SNAPSHOT.jar:/home/user/.m2/repository/io/dropwizard/metrics/metrics-core/3.2.4/metrics-core-3.2.4.jar:/home/user/.m2/repository/org/hamcrest/hamcrest-all/1.3/hamcrest-all-1.3.jar:/home/user/.m2/repository/org/bouncycastle/bcprov-jdk15on/1.60/bcprov-jdk15on-1.60.jar:/home/user/.m2/repository/info/picocli/picocli/3.9.6/picocli-3.9.6.jar:/home/user/.m2/repository/com/google/protobuf/protobuf-java/2.5.0/protobuf-java-2.5.0.jar:/home/user/.m2/repository/com/google/guava/guava/11.0.2/guava-11.0.2.jar:/home/user/.m2/repository/org/apache/hadoop/hadoop-ozone-ozone-manager/0.5.0-SNAPSHOT/hadoop-ozone-ozone-manager-0.5.0-SNAPSHOT.jar:/home/user/.m2/repository/org/apache/hadoop/hadoop-minikdc/3.2.0/hadoop-minikdc-3.2.0.jar:/home/user/.m2/repository/commons-io/commons-io/2.5/commons-io-2.5.jar:/home/user/.m2/repository/org/apache/kerby/kerb-simplekdc/1.0.1/kerb-simplekdc-1.0.1.jar:/home/user/.m2/repository/org/apache/kerby/kerb-client/1.0.1/kerb-client-1.0.1.jar:/home/user/.m2/repository/org/apache/kerby/kerby-config/1.0.1/kerby-config-1.0.1.jar:/home/user/.m2/repository/org/apache/kerby/kerb-core/1.0.1/kerb-core-1.0.1.jar:/home/user/.m2/repository/org/apache/kerby/kerby-pkix/1.0.1/kerby-pkix-1.0.1.jar:/home/user/.m2/repository/org/apache/kerby/kerby-asn1/1.0.1/kerby-asn1-1.0.1.jar:/home/user/.m2/repository/org/apache/kerby/kerby-util/1.0.1/kerby-util-1.0.1.jar:/home/user/.m2/repository/org/apache/kerby/kerb-common/1.0.1/kerb-common-1.0.1.jar:/home/user/.m2/repository/org/apache/kerby/kerb-crypto/1.0.1/kerb-crypto-1.0.1.jar:/home/user/.m2/repository/org/apache/kerby/kerb-util/1.0.1/kerb-util-1.0.1.jar:/home/user/.m2/repository/org/apache/kerby/token-provider/1.0.1/token-provider-1.0.1.jar:/home/user/.m2/repository/org/apache/kerby/kerb-admin/1.0.1/kerb-admin-1.0.1.jar:/home/user/.m2/repository/org/apache/kerby/kerb-server/1.0.1/kerb-server-1.0.1.jar:/home/user/.m2/repository/org/apache/kerby/kerb-identity/1.0.1/kerb-identity-1.0.1.jar:/home/user/.m2/repository/org/apache/kerby/kerby-xdr/1.0.1/kerby-xdr-1.0.1.jar:/home/user/.m2/repository/org/slf4j/slf4j-log4j12/1.7.25/slf4j-log4j12-1.7.25.jar:/home/user/.m2/repository/org/apache/hadoop/hadoop-ozone-objectstore-service/0.5.0-SNAPSHOT/hadoop-ozone-objectstore-service-0.5.0-SNAPSHOT.jar:/home/user/.m2/repository/org/apache/hadoop/hadoop-ozone-s3gateway/0.5.0-SNAPSHOT/hadoop-ozone-s3gateway-0.5.0-SNAPSHOT.jar:/home/user/.m2/repository/org/jboss/weld/servlet/weld-servlet/2.4.7.Final/weld-servlet-2.4.7.Final.jar:/home/user/.m2/repository/org/glassfish/jersey/containers/jersey-container-servlet-core/2.27/jersey-container-servlet-core-2.27.jar:/home/user/.m2/repository/org/glassfish/hk2/external/javax.inject/2.5.0-b42/javax.inject-2.5.0-b42.jar:/home/user/.m2/repository/org/glassfish/jersey/core/jersey-common/2.27/jersey-common-2.27.jar:/home/user/.m2/repository/org/glassfish/hk2/osgi-resource-locator/1.0.1/osgi-resource-locator-1.0.1.jar:/home/user/.m2/repository/javax/ws/rs/javax.ws.rs-api/2.1/javax.ws.rs-api-2.1.jar:/home/user/.m2/repository/org/glassfish/jersey/ext/cdi/jersey-cdi1x/2.27/jersey-cdi1x-2.27.jar:/home/user/.m2/repository/org/glassfish/jersey/inject/jersey-hk2/2.27/jersey-hk2-2.27.jar:/home/user/.m2/repository/org/glassfish/hk2/hk2-locator/2.5.0-b42/hk2-locator-2.5.0-b42.jar:/home/user/.m2/repository/org/javassist/javassist/3.22.0-CR2/javassist-3.22.0-CR2.jar:/home/user/.m2/repository/org/glassfish/hk2/hk2-api/2.5.0/hk2-api-2.5.0.jar:/home/user/.m2/repository/org/glassfish/hk2/external/jakarta.inject/2.5.0/jakarta.inject-2.5.0.jar:/home/user/.m2/repository/org/glassfish/hk2/hk2-utils/2.5.0/hk2-utils-2.5.0.jar:/home/user/.m2/repository/jakarta/annotation/jakarta.annotation-api/1.3.4/jakarta.annotation-api-1.3.4.jar:/home/user/.m2/repository/org/glassfish/hk2/external/aopalliance-repackaged/2.5.0/aopalliance-repackaged-2.5.0.jar:/home/user/.m2/repository/com/fasterxml/jackson/dataformat/jackson-dataformat-xml/2.9.0/jackson-dataformat-xml-2.9.0.jar:/home/user/.m2/repository/com/fasterxml/jackson/core/jackson-core/2.9.5/jackson-core-2.9.5.jar:/home/user/.m2/repository/com/fasterxml/jackson/module/jackson-module-jaxb-annotations/2.9.5/jackson-module-jaxb-annotations-2.9.5.jar:/home/user/.m2/repository/javax/enterprise/cdi-api/1.2/cdi-api-1.2.jar:/home/user/.m2/repository/javax/el/javax.el-api/3.0.0/javax.el-api-3.0.0.jar:/home/user/.m2/repository/javax/interceptor/javax.interceptor-api/1.2/javax.interceptor-api-1.2.jar:/home/user/.m2/repository/javax/inject/javax.inject/1/javax.inject-1.jar:/home/user/.m2/repository/com/sun/xml/bind/jaxb-impl/2.3.0.1/jaxb-impl-2.3.0.1.jar:/home/user/.m2/repository/com/sun/xml/bind/jaxb-core/2.3.0.1/jaxb-core-2.3.0.1.jar:/home/user/.m2/repository/javax/xml/bind/jaxb-api/2.3.0/jaxb-api-2.3.0.jar:/home/user/.m2/repository/javax/activation/activation/1.1.1/activation-1.1.1.jar:/home/user/.m2/repository/org/apache/hadoop/hadoop-ozone-csi/0.5.0-SNAPSHOT/hadoop-ozone-csi-0.5.0-SNAPSHOT.jar:/home/user/.m2/repository/com/google/protobuf/protobuf-java-util/3.5.1/protobuf-java-util-3.5.1.jar:/home/user/.m2/repository/org/apache/hadoop/hadoop-hdds-config/0.5.0-SNAPSHOT/hadoop-hdds-config-0.5.0-SNAPSHOT.jar:/home/user/.m2/repository/io/grpc/grpc-netty/1.17.1/grpc-netty-1.17.1.jar:/home/user/.m2/repository/io/grpc/grpc-core/1.17.1/grpc-core-1.17.1.jar:/home/user/.m2/repository/io/grpc/grpc-context/1.17.1/grpc-context-1.17.1.jar:/home/user/.m2/repository/com/google/errorprone/error_prone_annotations/2.2.0/error_prone_annotations-2.2.0.jar:/home/user/.m2/repository/org/codehaus/mojo/animal-sniffer-annotations/1.17/animal-sniffer-annotations-1.17.jar:/home/user/.m2/repository/io/opencensus/opencensus-api/0.17.0/opencensus-api-0.17.0.jar:/home/user/.m2/repository/io/opencensus/opencensus-contrib-grpc-metrics/0.17.0/opencensus-contrib-grpc-metrics-0.17.0.jar:/home/user/.m2/repository/io/netty/netty-codec-http2/4.1.30.Final/netty-codec-http2-4.1.30.Final.jar:/home/user/.m2/repository/io/netty/netty-codec-http/4.1.30.Final/netty-codec-http-4.1.30.Final.jar:/home/user/.m2/repository/io/netty/netty-codec/4.1.30.Final/netty-codec-4.1.30.Final.jar:/home/user/.m2/repository/io/netty/netty-handler/4.1.30.Final/netty-handler-4.1.30.Final.jar:/home/user/.m2/repository/io/netty/netty-handler-proxy/4.1.30.Final/netty-handler-proxy-4.1.30.Final.jar:/home/user/.m2/repository/io/netty/netty-codec-socks/4.1.30.Final/netty-codec-socks-4.1.30.Final.jar:/home/user/.m2/repository/io/netty/netty-transport-native-epoll/4.1.30.Final/netty-transport-native-epoll-4.1.30.Final.jar:/home/user/.m2/repository/io/netty/netty-common/4.1.30.Final/netty-common-4.1.30.Final.jar:/home/user/.m2/repository/io/netty/netty-buffer/4.1.30.Final/netty-buffer-4.1.30.Final.jar:/home/user/.m2/repository/io/netty/netty-transport/4.1.30.Final/netty-transport-4.1.30.Final.jar:/home/user/.m2/repository/io/netty/netty-resolver/4.1.30.Final/netty-resolver-4.1.30.Final.jar:/home/user/.m2/repository/io/netty/netty-transport-native-unix-common/4.1.30.Final/netty-transport-native-unix-common-4.1.30.Final.jar:/home/user/.m2/repository/io/grpc/grpc-protobuf/1.17.1/grpc-protobuf-1.17.1.jar:/home/user/.m2/repository/com/google/api/grpc/proto-google-common-protos/1.0.0/proto-google-common-protos-1.0.0.jar:/home/user/.m2/repository/io/grpc/grpc-protobuf-lite/1.17.1/grpc-protobuf-lite-1.17.1.jar:/home/user/.m2/repository/io/grpc/grpc-stub/1.17.1/grpc-stub-1.17.1.jar:/home/user/.m2/repository/org/apache/hadoop/hadoop-ozone-recon/0.5.0-SNAPSHOT/hadoop-ozone-recon-0.5.0-SNAPSHOT.jar:/home/user/.m2/repository/org/apache/hadoop/hadoop-ozone-reconcodegen/0.5.0-SNAPSHOT/hadoop-ozone-reconcodegen-0.5.0-SNAPSHOT.jar:/home/user/.m2/repository/com/google/inject/extensions/guice-multibindings/4.0/guice-multibindings-4.0.jar:/home/user/.m2/repository/com/google/inject/guice/4.0/guice-4.0.jar:/home/user/.m2/repository/aopalliance/aopalliance/1.0/aopalliance-1.0.jar:/home/user/.m2/repository/com/google/inject/extensions/guice-servlet/4.0/guice-servlet-4.0.jar:/home/user/.m2/repository/org/glassfish/jersey/containers/jersey-container-servlet/2.27/jersey-container-servlet-2.27.jar:/home/user/.m2/repository/org/glassfish/hk2/guice-bridge/2.5.0/guice-bridge-2.5.0.jar:/home/user/.m2/repository/org/glassfish/jersey/core/jersey-server/2.27/jersey-server-2.27.jar:/home/user/.m2/repository/org/glassfish/jersey/core/jersey-client/2.27/jersey-client-2.27.jar:/home/user/.m2/repository/org/glassfish/jersey/media/jersey-media-jaxb/2.27/jersey-media-jaxb-2.27.jar:/home/user/.m2/repository/javax/validation/validation-api/1.1.0.Final/validation-api-1.1.0.Final.jar:/home/user/.m2/repository/org/glassfish/jersey/media/jersey-media-json-jackson/2.27/jersey-media-json-jackson-2.27.jar:/home/user/.m2/repository/org/glassfish/jersey/ext/jersey-entity-filtering/2.27/jersey-entity-filtering-2.27.jar:/home/user/.m2/repository/com/google/inject/extensions/guice-assistedinject/4.0/guice-assistedinject-4.0.jar:/home/user/.m2/repository/org/jooq/jooq/3.11.10/jooq-3.11.10.jar:/home/user/.m2/repository/org/jooq/jooq-meta/3.11.10/jooq-meta-3.11.10.jar:/home/user/.m2/repository/org/jooq/jooq-codegen/3.11.10/jooq-codegen-3.11.10.jar:/home/user/.m2/repository/com/jolbox/bonecp/0.8.0.RELEASE/bonecp-0.8.0.RELEASE.jar:/home/user/.m2/repository/org/xerial/sqlite-jdbc/3.25.2/sqlite-jdbc-3.25.2.jar:/home/user/.m2/repository/org/springframework/spring-jdbc/5.1.3.RELEASE/spring-jdbc-5.1.3.RELEASE.jar:/home/user/.m2/repository/org/springframework/spring-beans/5.1.3.RELEASE/spring-beans-5.1.3.RELEASE.jar:/home/user/.m2/repository/org/springframework/spring-core/5.1.3.RELEASE/spring-core-5.1.3.RELEASE.jar:/home/user/.m2/repository/org/springframework/spring-jcl/5.1.3.RELEASE/spring-jcl-5.1.3.RELEASE.jar:/home/user/.m2/repository/org/springframework/spring-tx/5.1.3.RELEASE/spring-tx-5.1.3.RELEASE.jar:/home/user/.m2/repository/org/apache/hadoop/hadoop-ozone-client/0.5.0-SNAPSHOT/hadoop-ozone-client-0.5.0-SNAPSHOT.jar:/home/user/.m2/repository/commons-lang/commons-lang/2.6/commons-lang-2.6.jar:/home/user/.m2/repository/org/apache/hadoop/hadoop-ozone-ozone-manager/0.5.0-SNAPSHOT/hadoop-ozone-ozone-manager-0.5.0-SNAPSHOT-tests.jar:/home/user/.m2/repository/junit/junit/4.11/junit-4.11.jar:/home/user/.m2/repository/org/hamcrest/hamcrest-core/1.3/hamcrest-core-1.3.jar:/home/user/.m2/repository/org/openjdk/jmh/jmh-core/1.19/jmh-core-1.19.jar:/home/user/.m2/repository/net/sf/jopt-simple/jopt-simple/4.6/jopt-simple-4.6.jar:/home/user/.m2/repository/org/apache/commons/commons-math3/3.1.1/commons-math3-3.1.1.jar:/home/user/.m2/repository/org/openjdk/jmh/jmh-generator-annprocess/1.19/jmh-generator-annprocess-1.19.jar:/home/user/.m2/repository/org/mockito/mockito-all/1.8.5/mockito-all-1.8.5.jar:/home/user/.m2/repository/org/apache/hadoop/hadoop-kms/3.2.0/hadoop-kms-3.2.0.jar:/home/user/.m2/repository/org/apache/hadoop/hadoop-auth/3.2.0/hadoop-auth-3.2.0.jar:/home/user/.m2/repository/com/nimbusds/nimbus-jose-jwt/4.41.1/nimbus-jose-jwt-4.41.1.jar:/home/user/.m2/repository/com/github/stephenc/jcip/jcip-annotations/1.0-1/jcip-annotations-1.0-1.jar:/home/user/.m2/repository/net/minidev/json-smart/2.3/json-smart-2.3.jar:/home/user/.m2/repository/net/minidev/accessors-smart/1.2/accessors-smart-1.2.jar:/home/user/.m2/repository/org/ow2/asm/asm/5.0.4/asm-5.0.4.jar:/home/user/.m2/repository/org/apache/curator/curator-framework/2.12.0/curator-framework-2.12.0.jar:/home/user/.m2/repository/com/sun/jersey/jersey-core/1.19/jersey-core-1.19.jar:/home/user/.m2/repository/javax/ws/rs/jsr311-api/1.1.1/jsr311-api-1.1.1.jar:/home/user/.m2/repository/com/sun/jersey/jersey-server/1.19/jersey-server-1.19.jar:/home/user/.m2/repository/javax/servlet/javax.servlet-api/3.1.0/javax.servlet-api-3.1.0.jar:/home/user/.m2/repository/org/eclipse/jetty/jetty-server/9.3.24.v20180605/jetty-server-9.3.24.v20180605.jar:/home/user/.m2/repository/org/eclipse/jetty/jetty-http/9.3.24.v20180605/jetty-http-9.3.24.v20180605.jar:/home/user/.m2/repository/org/eclipse/jetty/jetty-io/9.3.24.v20180605/jetty-io-9.3.24.v20180605.jar:/home/user/.m2/repository/org/eclipse/jetty/jetty-webapp/9.3.24.v20180605/jetty-webapp-9.3.24.v20180605.jar:/home/user/.m2/repository/org/eclipse/jetty/jetty-xml/9.3.24.v20180605/jetty-xml-9.3.24.v20180605.jar:/home/user/.m2/repository/log4j/log4j/1.2.17/log4j-1.2.17.jar:/home/user/.m2/repository/org/slf4j/slf4j-api/1.7.25/slf4j-api-1.7.25.jar:/home/user/.m2/repository/org/slf4j/jul-to-slf4j/1.7.25/jul-to-slf4j-1.7.25.jar:/home/user/.m2/repository/org/eclipse/jetty/jetty-util/9.3.24.v20180605/jetty-util-9.3.24.v20180605.jar:/home/user/.m2/repository/com/fasterxml/jackson/core/jackson-databind/2.9.5/jackson-databind-2.9.5.jar:/home/user/.m2/repository/org/apache/hadoop/hadoop-kms/3.2.0/hadoop-kms-3.2.0-tests.jar:/home/user/.m2/repository/org/apache/hadoop/hadoop-hdds-server-scm/0.5.0-SNAPSHOT/hadoop-hdds-server-scm-0.5.0-SNAPSHOT-tests.jar:/home/user/.m2/repository/org/apache/hadoop/hadoop-hdds-container-service/0.5.0-SNAPSHOT/hadoop-hdds-container-service-0.5.0-SNAPSHOT-tests.jar:/home/user/.m2/repository/org/yaml/snakeyaml/1.16/snakeyaml-1.16.jar:/home/user/.m2/repository/org/apache/hadoop/hadoop-common/3.2.0/hadoop-common-3.2.0-tests.jar:/home/user/.m2/repository/org/apache/hadoop/hadoop-annotations/3.2.0/hadoop-annotations-3.2.0.jar:/usr/lib/jvm/java-1.8-openjdk/jre/../lib/tools.jar:/home/user/.m2/repository/commons-cli/commons-cli/1.2/commons-cli-1.2.jar:/home/user/.m2/repository/org/apache/httpcomponents/httpclient/4.5.2/httpclient-4.5.2.jar:/home/user/.m2/repository/org/apache/httpcomponents/httpcore/4.4.4/httpcore-4.4.4.jar:/home/user/.m2/repository/commons-codec/commons-codec/1.11/commons-codec-1.11.jar:/home/user/.m2/repository/commons-net/commons-net/3.6/commons-net-3.6.jar:/home/user/.m2/repository/commons-collections/commons-collections/3.2.2/commons-collections-3.2.2.jar:/home/user/.m2/repository/org/eclipse/jetty/jetty-servlet/9.3.24.v20180605/jetty-servlet-9.3.24.v20180605.jar:/home/user/.m2/repository/org/eclipse/jetty/jetty-security/9.3.24.v20180605/jetty-security-9.3.24.v20180605.jar:/home/user/.m2/repository/javax/servlet/jsp/jsp-api/2.1/jsp-api-2.1.jar:/home/user/.m2/repository/com/sun/jersey/jersey-servlet/1.19/jersey-servlet-1.19.jar:/home/user/.m2/repository/com/sun/jersey/jersey-json/1.19/jersey-json-1.19.jar:/home/user/.m2/repository/org/codehaus/jettison/jettison/1.1/jettison-1.1.jar:/home/user/.m2/repository/org/codehaus/jackson/jackson-core-asl/1.9.13/jackson-core-asl-1.9.13.jar:/home/user/.m2/repository/org/codehaus/jackson/jackson-mapper-asl/1.9.13/jackson-mapper-asl-1.9.13.jar:/home/user/.m2/repository/org/codehaus/jackson/jackson-jaxrs/1.9.13/jackson-jaxrs-1.9.13.jar:/home/user/.m2/repository/org/codehaus/jackson/jackson-xc/1.9.13/jackson-xc-1.9.13.jar:/home/user/.m2/repository/commons-logging/commons-logging/1.1.3/commons-logging-1.1.3.jar:/home/user/.m2/repository/commons-beanutils/commons-beanutils/1.9.3/commons-beanutils-1.9.3.jar:/home/user/.m2/repository/org/apache/commons/commons-configuration2/2.1.1/commons-configuration2-2.1.1.jar:/home/user/.m2/repository/org/apache/commons/commons-lang3/3.7/commons-lang3-3.7.jar:/home/user/.m2/repository/org/apache/commons/commons-text/1.4/commons-text-1.4.jar:/home/user/.m2/repository/org/apache/avro/avro/1.7.7/avro-1.7.7.jar:/home/user/.m2/repository/com/thoughtworks/paranamer/paranamer/2.3/paranamer-2.3.jar:/home/user/.m2/repository/org/xerial/snappy/snappy-java/1.0.5/snappy-java-1.0.5.jar:/home/user/.m2/repository/com/google/re2j/re2j/1.1/re2j-1.1.jar:/home/user/.m2/repository/com/google/code/gson/gson/2.2.4/gson-2.2.4.jar:/home/user/.m2/repository/com/jcraft/jsch/0.1.54/jsch-0.1.54.jar:/home/user/.m2/repository/org/apache/curator/curator-client/2.12.0/curator-client-2.12.0.jar:/home/user/.m2/repository/org/apache/curator/curator-recipes/2.12.0/curator-recipes-2.12.0.jar:/home/user/.m2/repository/com/google/code/findbugs/jsr305/3.0.0/jsr305-3.0.0.jar:/home/user/.m2/repository/org/apache/htrace/htrace-core4/4.1.0-incubating/htrace-core4-4.1.0-incubating.jar:/home/user/.m2/repository/org/apache/zookeeper/zookeeper/3.4.13/zookeeper-3.4.13.jar:/home/user/.m2/repository/org/apache/yetus/audience-annotations/0.5.0/audience-annotations-0.5.0.jar:/home/user/.m2/repository/org/codehaus/woodstox/stax2-api/3.1.4/stax2-api-3.1.4.jar:/home/user/.m2/repository/com/fasterxml/woodstox/woodstox-core/5.0.3/woodstox-core-5.0.3.jar:/home/user/.m2/repository/dnsjava/dnsjava/2.1.7/dnsjava-2.1.7.jar:/home/user/.m2/repository/org/apache/hadoop/hadoop-hdfs/3.2.0/hadoop-hdfs-3.2.0-tests.jar:/home/user/.m2/repository/org/eclipse/jetty/jetty-util-ajax/9.3.24.v20180605/jetty-util-ajax-9.3.24.v20180605.jar:/home/user/.m2/repository/commons-daemon/commons-daemon/1.0.13/commons-daemon-1.0.13.jar:/home/user/.m2/repository/io/netty/netty/3.10.5.Final/netty-3.10.5.Final.jar:/home/user/.m2/repository/io/netty/netty-all/4.0.52.Final/netty-all-4.0.52.Final.jar:/home/user/.m2/repository/org/fusesource/leveldbjni/leveldbjni-all/1.8/leveldbjni-all-1.8.jar:"/>
    <property name="java.vm.vendor" value="IcedTea"/>
    <property name="sun.arch.data.model" value="64"/>
    <property name="test.build.dir" value="/workdir/hadoop-ozone/integration-test/target/test-dir"/>
    <property name="test.cache.data" value=""/>
    <property name="java.vendor.url" value="https://icedtea.classpath.org"/>
    <property name="user.timezone" value=""/>
    <property name="java.vm.specification.version" value="1.8"/>
    <property name="os.name" value="Linux"/>
    <property name="test.build.data" value="/workdir/hadoop-ozone/integration-test/target/test-dir"/>
    <property name="user.country" value="US"/>
    <property name="sun.java.launcher" value="SUN_STANDARD"/>
    <property name="sun.boot.library.path" value="/usr/lib/jvm/java-1.8-openjdk/jre/lib/amd64"/>
    <property name="sun.java.command" value="/workdir/hadoop-ozone/integration-test/target/surefire/surefirebooter1808373286268126583.jar /workdir/hadoop-ozone/integration-test/target/surefire 2019-08-28T07-41-01_102-jvmRun1 surefire3981324296761256922tmp surefire_214563819849689163300tmp"/>
    <property name="test" value="!TestMiniChaosOzoneCluster"/>
    <property name="surefire.test.class.path" value="/workdir/hadoop-ozone/integration-test/target/test-classes:/workdir/hadoop-ozone/integration-test/target/classes:/home/user/.m2/repository/org/apache/hadoop/hadoop-ozone-common/0.5.0-SNAPSHOT/hadoop-ozone-common-0.5.0-SNAPSHOT.jar:/home/user/.m2/repository/org/apache/commons/commons-compress/1.4.1/commons-compress-1.4.1.jar:/home/user/.m2/repository/org/tukaani/xz/1.0/xz-1.0.jar:/home/user/.m2/repository/org/apache/hadoop/hadoop-common/3.2.0/hadoop-common-3.2.0.jar:/home/user/.m2/repository/org/apache/hadoop/hadoop-hdfs/3.2.0/hadoop-hdfs-3.2.0.jar:/home/user/.m2/repository/org/apache/hadoop/hadoop-hdfs-client/3.2.0/hadoop-hdfs-client-3.2.0.jar:/home/user/.m2/repository/com/fasterxml/jackson/core/jackson-annotations/2.9.5/jackson-annotations-2.9.5.jar:/home/user/.m2/repository/org/apache/hadoop/hadoop-hdds-common/0.5.0-SNAPSHOT/hadoop-hdds-common-0.5.0-SNAPSHOT.jar:/home/user/.m2/repository/javax/annotation/javax.annotation-api/1.2/javax.annotation-api-1.2.jar:/home/user/.m2/repository/org/apache/ratis/ratis-server/0.4.0-2337318-SNAPSHOT/ratis-server-0.4.0-2337318-SNAPSHOT.jar:/home/user/.m2/repository/org/apache/ratis/ratis-thirdparty-misc/0.2.0/ratis-thirdparty-misc-0.2.0.jar:/home/user/.m2/repository/org/apache/ratis/ratis-proto/0.4.0-2337318-SNAPSHOT/ratis-proto-0.4.0-2337318-SNAPSHOT.jar:/home/user/.m2/repository/org/apache/ratis/ratis-common/0.4.0-2337318-SNAPSHOT/ratis-common-0.4.0-2337318-SNAPSHOT.jar:/home/user/.m2/repository/org/apache/ratis/ratis-client/0.4.0-2337318-SNAPSHOT/ratis-client-0.4.0-2337318-SNAPSHOT.jar:/home/user/.m2/repository/org/apache/ratis/ratis-metrics/0.4.0-2337318-SNAPSHOT/ratis-metrics-0.4.0-2337318-SNAPSHOT.jar:/home/user/.m2/repository/org/apache/ratis/ratis-netty/0.4.0-2337318-SNAPSHOT/ratis-netty-0.4.0-2337318-SNAPSHOT.jar:/home/user/.m2/repository/org/apache/ratis/ratis-grpc/0.4.0-2337318-SNAPSHOT/ratis-grpc-0.4.0-2337318-SNAPSHOT.jar:/home/user/.m2/repository/org/rocksdb/rocksdbjni/6.0.1/rocksdbjni-6.0.1.jar:/home/user/.m2/repository/org/apache/logging/log4j/log4j-api/2.11.0/log4j-api-2.11.0.jar:/home/user/.m2/repository/org/apache/logging/log4j/log4j-core/2.11.0/log4j-core-2.11.0.jar:/home/user/.m2/repository/com/lmax/disruptor/3.4.2/disruptor-3.4.2.jar:/home/user/.m2/repository/org/apache/commons/commons-pool2/2.6.0/commons-pool2-2.6.0.jar:/home/user/.m2/repository/org/bouncycastle/bcpkix-jdk15on/1.60/bcpkix-jdk15on-1.60.jar:/home/user/.m2/repository/commons-validator/commons-validator/1.6/commons-validator-1.6.jar:/home/user/.m2/repository/commons-digester/commons-digester/1.8.1/commons-digester-1.8.1.jar:/home/user/.m2/repository/io/jaegertracing/jaeger-client/0.33.1/jaeger-client-0.33.1.jar:/home/user/.m2/repository/io/jaegertracing/jaeger-thrift/0.33.1/jaeger-thrift-0.33.1.jar:/home/user/.m2/repository/org/apache/thrift/libthrift/0.11.0/libthrift-0.11.0.jar:/home/user/.m2/repository/com/squareup/okhttp3/okhttp/3.9.0/okhttp-3.9.0.jar:/home/user/.m2/repository/com/squareup/okio/okio/1.13.0/okio-1.13.0.jar:/home/user/.m2/repository/io/jaegertracing/jaeger-core/0.33.1/jaeger-core-0.33.1.jar:/home/user/.m2/repository/io/jaegertracing/jaeger-tracerresolver/0.33.1/jaeger-tracerresolver-0.33.1.jar:/home/user/.m2/repository/io/opentracing/contrib/opentracing-tracerresolver/0.1.5/opentracing-tracerresolver-0.1.5.jar:/home/user/.m2/repository/io/opentracing/opentracing-util/0.31.0/opentracing-util-0.31.0.jar:/home/user/.m2/repository/io/opentracing/opentracing-api/0.31.0/opentracing-api-0.31.0.jar:/home/user/.m2/repository/io/opentracing/opentracing-noop/0.31.0/opentracing-noop-0.31.0.jar:/home/user/.m2/repository/org/apache/hadoop/hadoop-hdds-server-framework/0.5.0-SNAPSHOT/hadoop-hdds-server-framework-0.5.0-SNAPSHOT.jar:/home/user/.m2/repository/org/apache/hadoop/hadoop-hdds-container-service/0.5.0-SNAPSHOT/hadoop-hdds-container-service-0.5.0-SNAPSHOT.jar:/home/user/.m2/repository/org/apache/hadoop/hadoop-hdds-client/0.5.0-SNAPSHOT/hadoop-hdds-client-0.5.0-SNAPSHOT.jar:/home/user/.m2/repository/org/apache/hadoop/hadoop-hdds-tools/0.5.0-SNAPSHOT/hadoop-hdds-tools-0.5.0-SNAPSHOT.jar:/home/user/.m2/repository/org/apache/hadoop/hadoop-hdds-server-scm/0.5.0-SNAPSHOT/hadoop-hdds-server-scm-0.5.0-SNAPSHOT.jar:/home/user/.m2/repository/org/apache/hadoop/hadoop-hdds-docs/0.5.0-SNAPSHOT/hadoop-hdds-docs-0.5.0-SNAPSHOT.jar:/home/user/.m2/repository/io/dropwizard/metrics/metrics-core/3.2.4/metrics-core-3.2.4.jar:/home/user/.m2/repository/org/hamcrest/hamcrest-all/1.3/hamcrest-all-1.3.jar:/home/user/.m2/repository/org/bouncycastle/bcprov-jdk15on/1.60/bcprov-jdk15on-1.60.jar:/home/user/.m2/repository/info/picocli/picocli/3.9.6/picocli-3.9.6.jar:/home/user/.m2/repository/com/google/protobuf/protobuf-java/2.5.0/protobuf-java-2.5.0.jar:/home/user/.m2/repository/com/google/guava/guava/11.0.2/guava-11.0.2.jar:/home/user/.m2/repository/org/apache/hadoop/hadoop-ozone-ozone-manager/0.5.0-SNAPSHOT/hadoop-ozone-ozone-manager-0.5.0-SNAPSHOT.jar:/home/user/.m2/repository/org/apache/hadoop/hadoop-minikdc/3.2.0/hadoop-minikdc-3.2.0.jar:/home/user/.m2/repository/commons-io/commons-io/2.5/commons-io-2.5.jar:/home/user/.m2/repository/org/apache/kerby/kerb-simplekdc/1.0.1/kerb-simplekdc-1.0.1.jar:/home/user/.m2/repository/org/apache/kerby/kerb-client/1.0.1/kerb-client-1.0.1.jar:/home/user/.m2/repository/org/apache/kerby/kerby-config/1.0.1/kerby-config-1.0.1.jar:/home/user/.m2/repository/org/apache/kerby/kerb-core/1.0.1/kerb-core-1.0.1.jar:/home/user/.m2/repository/org/apache/kerby/kerby-pkix/1.0.1/kerby-pkix-1.0.1.jar:/home/user/.m2/repository/org/apache/kerby/kerby-asn1/1.0.1/kerby-asn1-1.0.1.jar:/home/user/.m2/repository/org/apache/kerby/kerby-util/1.0.1/kerby-util-1.0.1.jar:/home/user/.m2/repository/org/apache/kerby/kerb-common/1.0.1/kerb-common-1.0.1.jar:/home/user/.m2/repository/org/apache/kerby/kerb-crypto/1.0.1/kerb-crypto-1.0.1.jar:/home/user/.m2/repository/org/apache/kerby/kerb-util/1.0.1/kerb-util-1.0.1.jar:/home/user/.m2/repository/org/apache/kerby/token-provider/1.0.1/token-provider-1.0.1.jar:/home/user/.m2/repository/org/apache/kerby/kerb-admin/1.0.1/kerb-admin-1.0.1.jar:/home/user/.m2/repository/org/apache/kerby/kerb-server/1.0.1/kerb-server-1.0.1.jar:/home/user/.m2/repository/org/apache/kerby/kerb-identity/1.0.1/kerb-identity-1.0.1.jar:/home/user/.m2/repository/org/apache/kerby/kerby-xdr/1.0.1/kerby-xdr-1.0.1.jar:/home/user/.m2/repository/org/slf4j/slf4j-log4j12/1.7.25/slf4j-log4j12-1.7.25.jar:/home/user/.m2/repository/org/apache/hadoop/hadoop-ozone-objectstore-service/0.5.0-SNAPSHOT/hadoop-ozone-objectstore-service-0.5.0-SNAPSHOT.jar:/home/user/.m2/repository/org/apache/hadoop/hadoop-ozone-s3gateway/0.5.0-SNAPSHOT/hadoop-ozone-s3gateway-0.5.0-SNAPSHOT.jar:/home/user/.m2/repository/org/jboss/weld/servlet/weld-servlet/2.4.7.Final/weld-servlet-2.4.7.Final.jar:/home/user/.m2/repository/org/glassfish/jersey/containers/jersey-container-servlet-core/2.27/jersey-container-servlet-core-2.27.jar:/home/user/.m2/repository/org/glassfish/hk2/external/javax.inject/2.5.0-b42/javax.inject-2.5.0-b42.jar:/home/user/.m2/repository/org/glassfish/jersey/core/jersey-common/2.27/jersey-common-2.27.jar:/home/user/.m2/repository/org/glassfish/hk2/osgi-resource-locator/1.0.1/osgi-resource-locator-1.0.1.jar:/home/user/.m2/repository/javax/ws/rs/javax.ws.rs-api/2.1/javax.ws.rs-api-2.1.jar:/home/user/.m2/repository/org/glassfish/jersey/ext/cdi/jersey-cdi1x/2.27/jersey-cdi1x-2.27.jar:/home/user/.m2/repository/org/glassfish/jersey/inject/jersey-hk2/2.27/jersey-hk2-2.27.jar:/home/user/.m2/repository/org/glassfish/hk2/hk2-locator/2.5.0-b42/hk2-locator-2.5.0-b42.jar:/home/user/.m2/repository/org/javassist/javassist/3.22.0-CR2/javassist-3.22.0-CR2.jar:/home/user/.m2/repository/org/glassfish/hk2/hk2-api/2.5.0/hk2-api-2.5.0.jar:/home/user/.m2/repository/org/glassfish/hk2/external/jakarta.inject/2.5.0/jakarta.inject-2.5.0.jar:/home/user/.m2/repository/org/glassfish/hk2/hk2-utils/2.5.0/hk2-utils-2.5.0.jar:/home/user/.m2/repository/jakarta/annotation/jakarta.annotation-api/1.3.4/jakarta.annotation-api-1.3.4.jar:/home/user/.m2/repository/org/glassfish/hk2/external/aopalliance-repackaged/2.5.0/aopalliance-repackaged-2.5.0.jar:/home/user/.m2/repository/com/fasterxml/jackson/dataformat/jackson-dataformat-xml/2.9.0/jackson-dataformat-xml-2.9.0.jar:/home/user/.m2/repository/com/fasterxml/jackson/core/jackson-core/2.9.5/jackson-core-2.9.5.jar:/home/user/.m2/repository/com/fasterxml/jackson/module/jackson-module-jaxb-annotations/2.9.5/jackson-module-jaxb-annotations-2.9.5.jar:/home/user/.m2/repository/javax/enterprise/cdi-api/1.2/cdi-api-1.2.jar:/home/user/.m2/repository/javax/el/javax.el-api/3.0.0/javax.el-api-3.0.0.jar:/home/user/.m2/repository/javax/interceptor/javax.interceptor-api/1.2/javax.interceptor-api-1.2.jar:/home/user/.m2/repository/javax/inject/javax.inject/1/javax.inject-1.jar:/home/user/.m2/repository/com/sun/xml/bind/jaxb-impl/2.3.0.1/jaxb-impl-2.3.0.1.jar:/home/user/.m2/repository/com/sun/xml/bind/jaxb-core/2.3.0.1/jaxb-core-2.3.0.1.jar:/home/user/.m2/repository/javax/xml/bind/jaxb-api/2.3.0/jaxb-api-2.3.0.jar:/home/user/.m2/repository/javax/activation/activation/1.1.1/activation-1.1.1.jar:/home/user/.m2/repository/org/apache/hadoop/hadoop-ozone-csi/0.5.0-SNAPSHOT/hadoop-ozone-csi-0.5.0-SNAPSHOT.jar:/home/user/.m2/repository/com/google/protobuf/protobuf-java-util/3.5.1/protobuf-java-util-3.5.1.jar:/home/user/.m2/repository/org/apache/hadoop/hadoop-hdds-config/0.5.0-SNAPSHOT/hadoop-hdds-config-0.5.0-SNAPSHOT.jar:/home/user/.m2/repository/io/grpc/grpc-netty/1.17.1/grpc-netty-1.17.1.jar:/home/user/.m2/repository/io/grpc/grpc-core/1.17.1/grpc-core-1.17.1.jar:/home/user/.m2/repository/io/grpc/grpc-context/1.17.1/grpc-context-1.17.1.jar:/home/user/.m2/repository/com/google/errorprone/error_prone_annotations/2.2.0/error_prone_annotations-2.2.0.jar:/home/user/.m2/repository/org/codehaus/mojo/animal-sniffer-annotations/1.17/animal-sniffer-annotations-1.17.jar:/home/user/.m2/repository/io/opencensus/opencensus-api/0.17.0/opencensus-api-0.17.0.jar:/home/user/.m2/repository/io/opencensus/opencensus-contrib-grpc-metrics/0.17.0/opencensus-contrib-grpc-metrics-0.17.0.jar:/home/user/.m2/repository/io/netty/netty-codec-http2/4.1.30.Final/netty-codec-http2-4.1.30.Final.jar:/home/user/.m2/repository/io/netty/netty-codec-http/4.1.30.Final/netty-codec-http-4.1.30.Final.jar:/home/user/.m2/repository/io/netty/netty-codec/4.1.30.Final/netty-codec-4.1.30.Final.jar:/home/user/.m2/repository/io/netty/netty-handler/4.1.30.Final/netty-handler-4.1.30.Final.jar:/home/user/.m2/repository/io/netty/netty-handler-proxy/4.1.30.Final/netty-handler-proxy-4.1.30.Final.jar:/home/user/.m2/repository/io/netty/netty-codec-socks/4.1.30.Final/netty-codec-socks-4.1.30.Final.jar:/home/user/.m2/repository/io/netty/netty-transport-native-epoll/4.1.30.Final/netty-transport-native-epoll-4.1.30.Final.jar:/home/user/.m2/repository/io/netty/netty-common/4.1.30.Final/netty-common-4.1.30.Final.jar:/home/user/.m2/repository/io/netty/netty-buffer/4.1.30.Final/netty-buffer-4.1.30.Final.jar:/home/user/.m2/repository/io/netty/netty-transport/4.1.30.Final/netty-transport-4.1.30.Final.jar:/home/user/.m2/repository/io/netty/netty-resolver/4.1.30.Final/netty-resolver-4.1.30.Final.jar:/home/user/.m2/repository/io/netty/netty-transport-native-unix-common/4.1.30.Final/netty-transport-native-unix-common-4.1.30.Final.jar:/home/user/.m2/repository/io/grpc/grpc-protobuf/1.17.1/grpc-protobuf-1.17.1.jar:/home/user/.m2/repository/com/google/api/grpc/proto-google-common-protos/1.0.0/proto-google-common-protos-1.0.0.jar:/home/user/.m2/repository/io/grpc/grpc-protobuf-lite/1.17.1/grpc-protobuf-lite-1.17.1.jar:/home/user/.m2/repository/io/grpc/grpc-stub/1.17.1/grpc-stub-1.17.1.jar:/home/user/.m2/repository/org/apache/hadoop/hadoop-ozone-recon/0.5.0-SNAPSHOT/hadoop-ozone-recon-0.5.0-SNAPSHOT.jar:/home/user/.m2/repository/org/apache/hadoop/hadoop-ozone-reconcodegen/0.5.0-SNAPSHOT/hadoop-ozone-reconcodegen-0.5.0-SNAPSHOT.jar:/home/user/.m2/repository/com/google/inject/extensions/guice-multibindings/4.0/guice-multibindings-4.0.jar:/home/user/.m2/repository/com/google/inject/guice/4.0/guice-4.0.jar:/home/user/.m2/repository/aopalliance/aopalliance/1.0/aopalliance-1.0.jar:/home/user/.m2/repository/com/google/inject/extensions/guice-servlet/4.0/guice-servlet-4.0.jar:/home/user/.m2/repository/org/glassfish/jersey/containers/jersey-container-servlet/2.27/jersey-container-servlet-2.27.jar:/home/user/.m2/repository/org/glassfish/hk2/guice-bridge/2.5.0/guice-bridge-2.5.0.jar:/home/user/.m2/repository/org/glassfish/jersey/core/jersey-server/2.27/jersey-server-2.27.jar:/home/user/.m2/repository/org/glassfish/jersey/core/jersey-client/2.27/jersey-client-2.27.jar:/home/user/.m2/repository/org/glassfish/jersey/media/jersey-media-jaxb/2.27/jersey-media-jaxb-2.27.jar:/home/user/.m2/repository/javax/validation/validation-api/1.1.0.Final/validation-api-1.1.0.Final.jar:/home/user/.m2/repository/org/glassfish/jersey/media/jersey-media-json-jackson/2.27/jersey-media-json-jackson-2.27.jar:/home/user/.m2/repository/org/glassfish/jersey/ext/jersey-entity-filtering/2.27/jersey-entity-filtering-2.27.jar:/home/user/.m2/repository/com/google/inject/extensions/guice-assistedinject/4.0/guice-assistedinject-4.0.jar:/home/user/.m2/repository/org/jooq/jooq/3.11.10/jooq-3.11.10.jar:/home/user/.m2/repository/org/jooq/jooq-meta/3.11.10/jooq-meta-3.11.10.jar:/home/user/.m2/repository/org/jooq/jooq-codegen/3.11.10/jooq-codegen-3.11.10.jar:/home/user/.m2/repository/com/jolbox/bonecp/0.8.0.RELEASE/bonecp-0.8.0.RELEASE.jar:/home/user/.m2/repository/org/xerial/sqlite-jdbc/3.25.2/sqlite-jdbc-3.25.2.jar:/home/user/.m2/repository/org/springframework/spring-jdbc/5.1.3.RELEASE/spring-jdbc-5.1.3.RELEASE.jar:/home/user/.m2/repository/org/springframework/spring-beans/5.1.3.RELEASE/spring-beans-5.1.3.RELEASE.jar:/home/user/.m2/repository/org/springframework/spring-core/5.1.3.RELEASE/spring-core-5.1.3.RELEASE.jar:/home/user/.m2/repository/org/springframework/spring-jcl/5.1.3.RELEASE/spring-jcl-5.1.3.RELEASE.jar:/home/user/.m2/repository/org/springframework/spring-tx/5.1.3.RELEASE/spring-tx-5.1.3.RELEASE.jar:/home/user/.m2/repository/org/apache/hadoop/hadoop-ozone-client/0.5.0-SNAPSHOT/hadoop-ozone-client-0.5.0-SNAPSHOT.jar:/home/user/.m2/repository/commons-lang/commons-lang/2.6/commons-lang-2.6.jar:/home/user/.m2/repository/org/apache/hadoop/hadoop-ozone-ozone-manager/0.5.0-SNAPSHOT/hadoop-ozone-ozone-manager-0.5.0-SNAPSHOT-tests.jar:/home/user/.m2/repository/junit/junit/4.11/junit-4.11.jar:/home/user/.m2/repository/org/hamcrest/hamcrest-core/1.3/hamcrest-core-1.3.jar:/home/user/.m2/repository/org/openjdk/jmh/jmh-core/1.19/jmh-core-1.19.jar:/home/user/.m2/repository/net/sf/jopt-simple/jopt-simple/4.6/jopt-simple-4.6.jar:/home/user/.m2/repository/org/apache/commons/commons-math3/3.1.1/commons-math3-3.1.1.jar:/home/user/.m2/repository/org/openjdk/jmh/jmh-generator-annprocess/1.19/jmh-generator-annprocess-1.19.jar:/home/user/.m2/repository/org/mockito/mockito-all/1.8.5/mockito-all-1.8.5.jar:/home/user/.m2/repository/org/apache/hadoop/hadoop-kms/3.2.0/hadoop-kms-3.2.0.jar:/home/user/.m2/repository/org/apache/hadoop/hadoop-auth/3.2.0/hadoop-auth-3.2.0.jar:/home/user/.m2/repository/com/nimbusds/nimbus-jose-jwt/4.41.1/nimbus-jose-jwt-4.41.1.jar:/home/user/.m2/repository/com/github/stephenc/jcip/jcip-annotations/1.0-1/jcip-annotations-1.0-1.jar:/home/user/.m2/repository/net/minidev/json-smart/2.3/json-smart-2.3.jar:/home/user/.m2/repository/net/minidev/accessors-smart/1.2/accessors-smart-1.2.jar:/home/user/.m2/repository/org/ow2/asm/asm/5.0.4/asm-5.0.4.jar:/home/user/.m2/repository/org/apache/curator/curator-framework/2.12.0/curator-framework-2.12.0.jar:/home/user/.m2/repository/com/sun/jersey/jersey-core/1.19/jersey-core-1.19.jar:/home/user/.m2/repository/javax/ws/rs/jsr311-api/1.1.1/jsr311-api-1.1.1.jar:/home/user/.m2/repository/com/sun/jersey/jersey-server/1.19/jersey-server-1.19.jar:/home/user/.m2/repository/javax/servlet/javax.servlet-api/3.1.0/javax.servlet-api-3.1.0.jar:/home/user/.m2/repository/org/eclipse/jetty/jetty-server/9.3.24.v20180605/jetty-server-9.3.24.v20180605.jar:/home/user/.m2/repository/org/eclipse/jetty/jetty-http/9.3.24.v20180605/jetty-http-9.3.24.v20180605.jar:/home/user/.m2/repository/org/eclipse/jetty/jetty-io/9.3.24.v20180605/jetty-io-9.3.24.v20180605.jar:/home/user/.m2/repository/org/eclipse/jetty/jetty-webapp/9.3.24.v20180605/jetty-webapp-9.3.24.v20180605.jar:/home/user/.m2/repository/org/eclipse/jetty/jetty-xml/9.3.24.v20180605/jetty-xml-9.3.24.v20180605.jar:/home/user/.m2/repository/log4j/log4j/1.2.17/log4j-1.2.17.jar:/home/user/.m2/repository/org/slf4j/slf4j-api/1.7.25/slf4j-api-1.7.25.jar:/home/user/.m2/repository/org/slf4j/jul-to-slf4j/1.7.25/jul-to-slf4j-1.7.25.jar:/home/user/.m2/repository/org/eclipse/jetty/jetty-util/9.3.24.v20180605/jetty-util-9.3.24.v20180605.jar:/home/user/.m2/repository/com/fasterxml/jackson/core/jackson-databind/2.9.5/jackson-databind-2.9.5.jar:/home/user/.m2/repository/org/apache/hadoop/hadoop-kms/3.2.0/hadoop-kms-3.2.0-tests.jar:/home/user/.m2/repository/org/apache/hadoop/hadoop-hdds-server-scm/0.5.0-SNAPSHOT/hadoop-hdds-server-scm-0.5.0-SNAPSHOT-tests.jar:/home/user/.m2/repository/org/apache/hadoop/hadoop-hdds-container-service/0.5.0-SNAPSHOT/hadoop-hdds-container-service-0.5.0-SNAPSHOT-tests.jar:/home/user/.m2/repository/org/yaml/snakeyaml/1.16/snakeyaml-1.16.jar:/home/user/.m2/repository/org/apache/hadoop/hadoop-common/3.2.0/hadoop-common-3.2.0-tests.jar:/home/user/.m2/repository/org/apache/hadoop/hadoop-annotations/3.2.0/hadoop-annotations-3.2.0.jar:/usr/lib/jvm/java-1.8-openjdk/jre/../lib/tools.jar:/home/user/.m2/repository/commons-cli/commons-cli/1.2/commons-cli-1.2.jar:/home/user/.m2/repository/org/apache/httpcomponents/httpclient/4.5.2/httpclient-4.5.2.jar:/home/user/.m2/repository/org/apache/httpcomponents/httpcore/4.4.4/httpcore-4.4.4.jar:/home/user/.m2/repository/commons-codec/commons-codec/1.11/commons-codec-1.11.jar:/home/user/.m2/repository/commons-net/commons-net/3.6/commons-net-3.6.jar:/home/user/.m2/repository/commons-collections/commons-collections/3.2.2/commons-collections-3.2.2.jar:/home/user/.m2/repository/org/eclipse/jetty/jetty-servlet/9.3.24.v20180605/jetty-servlet-9.3.24.v20180605.jar:/home/user/.m2/repository/org/eclipse/jetty/jetty-security/9.3.24.v20180605/jetty-security-9.3.24.v20180605.jar:/home/user/.m2/repository/javax/servlet/jsp/jsp-api/2.1/jsp-api-2.1.jar:/home/user/.m2/repository/com/sun/jersey/jersey-servlet/1.19/jersey-servlet-1.19.jar:/home/user/.m2/repository/com/sun/jersey/jersey-json/1.19/jersey-json-1.19.jar:/home/user/.m2/repository/org/codehaus/jettison/jettison/1.1/jettison-1.1.jar:/home/user/.m2/repository/org/codehaus/jackson/jackson-core-asl/1.9.13/jackson-core-asl-1.9.13.jar:/home/user/.m2/repository/org/codehaus/jackson/jackson-mapper-asl/1.9.13/jackson-mapper-asl-1.9.13.jar:/home/user/.m2/repository/org/codehaus/jackson/jackson-jaxrs/1.9.13/jackson-jaxrs-1.9.13.jar:/home/user/.m2/repository/org/codehaus/jackson/jackson-xc/1.9.13/jackson-xc-1.9.13.jar:/home/user/.m2/repository/commons-logging/commons-logging/1.1.3/commons-logging-1.1.3.jar:/home/user/.m2/repository/commons-beanutils/commons-beanutils/1.9.3/commons-beanutils-1.9.3.jar:/home/user/.m2/repository/org/apache/commons/commons-configuration2/2.1.1/commons-configuration2-2.1.1.jar:/home/user/.m2/repository/org/apache/commons/commons-lang3/3.7/commons-lang3-3.7.jar:/home/user/.m2/repository/org/apache/commons/commons-text/1.4/commons-text-1.4.jar:/home/user/.m2/repository/org/apache/avro/avro/1.7.7/avro-1.7.7.jar:/home/user/.m2/repository/com/thoughtworks/paranamer/paranamer/2.3/paranamer-2.3.jar:/home/user/.m2/repository/org/xerial/snappy/snappy-java/1.0.5/snappy-java-1.0.5.jar:/home/user/.m2/repository/com/google/re2j/re2j/1.1/re2j-1.1.jar:/home/user/.m2/repository/com/google/code/gson/gson/2.2.4/gson-2.2.4.jar:/home/user/.m2/repository/com/jcraft/jsch/0.1.54/jsch-0.1.54.jar:/home/user/.m2/repository/org/apache/curator/curator-client/2.12.0/curator-client-2.12.0.jar:/home/user/.m2/repository/org/apache/curator/curator-recipes/2.12.0/curator-recipes-2.12.0.jar:/home/user/.m2/repository/com/google/code/findbugs/jsr305/3.0.0/jsr305-3.0.0.jar:/home/user/.m2/repository/org/apache/htrace/htrace-core4/4.1.0-incubating/htrace-core4-4.1.0-incubating.jar:/home/user/.m2/repository/org/apache/zookeeper/zookeeper/3.4.13/zookeeper-3.4.13.jar:/home/user/.m2/repository/org/apache/yetus/audience-annotations/0.5.0/audience-annotations-0.5.0.jar:/home/user/.m2/repository/org/codehaus/woodstox/stax2-api/3.1.4/stax2-api-3.1.4.jar:/home/user/.m2/repository/com/fasterxml/woodstox/woodstox-core/5.0.3/woodstox-core-5.0.3.jar:/home/user/.m2/repository/dnsjava/dnsjava/2.1.7/dnsjava-2.1.7.jar:/home/user/.m2/repository/org/apache/hadoop/hadoop-hdfs/3.2.0/hadoop-hdfs-3.2.0-tests.jar:/home/user/.m2/repository/org/eclipse/jetty/jetty-util-ajax/9.3.24.v20180605/jetty-util-ajax-9.3.24.v20180605.jar:/home/user/.m2/repository/commons-daemon/commons-daemon/1.0.13/commons-daemon-1.0.13.jar:/home/user/.m2/repository/io/netty/netty/3.10.5.Final/netty-3.10.5.Final.jar:/home/user/.m2/repository/io/netty/netty-all/4.0.52.Final/netty-all-4.0.52.Final.jar:/home/user/.m2/repository/org/fusesource/leveldbjni/leveldbjni-all/1.8/leveldbjni-all-1.8.jar:"/>
    <property name="sun.cpu.endian" value="little"/>
    <property name="user.home" value="/home/user"/>
    <property name="user.language" value="en"/>
    <property name="java.specification.vendor" value="Oracle Corporation"/>
    <property name="java.home" value="/usr/lib/jvm/java-1.8-openjdk/jre"/>
    <property name="java.security.krb5.conf" value="/workdir/hadoop-ozone/integration-test/target/test-classes/krb5.conf"/>
    <property name="basedir" value="/workdir/hadoop-ozone/integration-test"/>
    <property name="file.separator" value="/"/>
    <property name="line.separator" value="&#10;"/>
    <property name="java.vm.specification.vendor" value="Oracle Corporation"/>
    <property name="java.specification.name" value="Java Platform API Specification"/>
    <property name="java.awt.graphicsenv" value="sun.awt.X11GraphicsEnvironment"/>
    <property name="surefire.real.class.path" value="/workdir/hadoop-ozone/integration-test/target/surefire/surefirebooter1808373286268126583.jar"/>
    <property name="hadoop.log.dir" value="/workdir/hadoop-ozone/integration-test/target/log"/>
    <property name="sun.boot.class.path" value="/usr/lib/jvm/java-1.8-openjdk/jre/lib/resources.jar:/usr/lib/jvm/java-1.8-openjdk/jre/lib/rt.jar:/usr/lib/jvm/java-1.8-openjdk/jre/lib/sunrsasign.jar:/usr/lib/jvm/java-1.8-openjdk/jre/lib/jsse.jar:/usr/lib/jvm/java-1.8-openjdk/jre/lib/jce.jar:/usr/lib/jvm/java-1.8-openjdk/jre/lib/charsets.jar:/usr/lib/jvm/java-1.8-openjdk/jre/lib/jfr.jar:/usr/lib/jvm/java-1.8-openjdk/jre/classes"/>
    <property name="sun.management.compiler" value="HotSpot 64-Bit Tiered Compilers"/>
    <property name="java.runtime.version" value="1.8.0_212-b04"/>
    <property name="java.net.preferIPv4Stack" value="true"/>
    <property name="user.name" value="jenkins1000"/>
    <property name="path.separator" value=":"/>
    <property name="java.security.egd" value="file:///dev/urandom"/>
    <property name="os.version" value="3.10.0-957.12.2.el7.x86_64"/>
    <property name="java.endorsed.dirs" value="/usr/lib/jvm/java-1.8-openjdk/jre/lib/endorsed"/>
    <property name="java.runtime.name" value="OpenJDK Runtime Environment"/>
    <property name="file.encoding" value="UTF-8"/>
    <property name="java.vm.name" value="OpenJDK 64-Bit Server VM"/>
    <property name="test.build.webapps" value=""/>
    <property name="localRepository" value="/home/user/.m2/repository"/>
    <property name="java.vendor.url.bug" value="https://icedtea.classpath.org/bugzilla"/>
    <property name="java.io.tmpdir" value="/tmp"/>
    <property name="require.test.libhadoop" value=""/>
    <property name="java.version" value="1.8.0_212"/>
    <property name="user.dir" value="/workdir/hadoop-ozone/integration-test"/>
    <property name="os.arch" value="amd64"/>
    <property name="java.vm.specification.name" value="Java Virtual Machine Specification"/>
    <property name="test.build.classes" value="/workdir/hadoop-ozone/integration-test/target/test-classes"/>
    <property name="java.awt.printerjob" value="sun.print.PSPrinterJob"/>
    <property name="sun.os.patch.level" value="unknown"/>
    <property name="hadoop.tmp.dir" value="/workdir/hadoop-ozone/integration-test/target/tmp"/>
    <property name="java.library.path" value="/usr/lib/jvm/java-1.8-openjdk/jre/lib/amd64/server:/usr/lib/jvm/java-1.8-openjdk/jre/lib/amd64:/usr/lib/jvm/java-1.8-openjdk/jre/../lib/amd64:/workdir/hadoop-ozone/integration-test/target/native/target/usr/local/lib:/workdir/hadoop-ozone/integration-test/../../hadoop-common-project/hadoop-common/target/native/target/usr/local/lib:/usr/java/packages/lib/amd64:/usr/lib64:/lib64:/lib:/usr/lib"/>
    <property name="java.vm.info" value="mixed mode"/>
    <property name="java.vendor" value="IcedTea"/>
    <property name="java.vm.version" value="25.212-b04"/>
    <property name="java.ext.dirs" value="/usr/lib/jvm/java-1.8-openjdk/jre/lib/ext:/usr/java/packages/lib/ext"/>
    <property name="sun.io.unicode.encoding" value="UnicodeLittle"/>
    <property name="java.class.version" value="52.0"/>
  </properties>
  <testcase name="testReleaseBuffers" classname="org.apache.hadoop.ozone.client.rpc.TestCommitWatcher" time="16.388"/>
  <testcase name="testReleaseBuffersOnException" classname="org.apache.hadoop.ozone.client.rpc.TestCommitWatcher" time="10.567">
    <failure type="java.lang.AssertionError">java.lang.AssertionError
	at org.junit.Assert.fail(Assert.java:86)
	at org.junit.Assert.assertTrue(Assert.java:41)
	at org.junit.Assert.assertTrue(Assert.java:52)
	at org.apache.hadoop.ozone.client.rpc.TestCommitWatcher.testReleaseBuffersOnException(TestCommitWatcher.java:284)
	at sun.reflect.NativeMethodAccessorImpl.invoke0(Native Method)
	at sun.reflect.NativeMethodAccessorImpl.invoke(NativeMethodAccessorImpl.java:62)
	at sun.reflect.DelegatingMethodAccessorImpl.invoke(DelegatingMethodAccessorImpl.java:43)
	at java.lang.reflect.Method.invoke(Method.java:498)
	at org.junit.runners.model.FrameworkMethod$1.runReflectiveCall(FrameworkMethod.java:47)
	at org.junit.internal.runners.model.ReflectiveCallable.run(ReflectiveCallable.java:12)
	at org.junit.runners.model.FrameworkMethod.invokeExplosively(FrameworkMethod.java:44)
	at org.junit.internal.runners.statements.InvokeMethod.evaluate(InvokeMethod.java:17)
	at org.junit.runners.ParentRunner.runLeaf(ParentRunner.java:271)
	at org.junit.runners.BlockJUnit4ClassRunner.runChild(BlockJUnit4ClassRunner.java:70)
	at org.junit.runners.BlockJUnit4ClassRunner.runChild(BlockJUnit4ClassRunner.java:50)
	at org.junit.runners.ParentRunner$3.run(ParentRunner.java:238)
	at org.junit.runners.ParentRunner$1.schedule(ParentRunner.java:63)
	at org.junit.runners.ParentRunner.runChildren(ParentRunner.java:236)
	at org.junit.runners.ParentRunner.access$000(ParentRunner.java:53)
	at org.junit.runners.ParentRunner$2.evaluate(ParentRunner.java:229)
	at org.junit.internal.runners.statements.RunBefores.evaluate(RunBefores.java:26)
	at org.junit.internal.runners.statements.RunAfters.evaluate(RunAfters.java:27)
	at org.junit.runners.ParentRunner.run(ParentRunner.java:309)
	at org.apache.maven.surefire.junit4.JUnit4Provider.execute(JUnit4Provider.java:365)
	at org.apache.maven.surefire.junit4.JUnit4Provider.executeWithRerun(JUnit4Provider.java:273)
	at org.apache.maven.surefire.junit4.JUnit4Provider.executeTestSet(JUnit4Provider.java:238)
	at org.apache.maven.surefire.junit4.JUnit4Provider.invoke(JUnit4Provider.java:159)
	at org.apache.maven.surefire.booter.ForkedBooter.invokeProviderInSameClassLoader(ForkedBooter.java:384)
	at org.apache.maven.surefire.booter.ForkedBooter.runSuitesInProcess(ForkedBooter.java:345)
	at org.apache.maven.surefire.booter.ForkedBooter.execute(ForkedBooter.java:126)
	at org.apache.maven.surefire.booter.ForkedBooter.main(ForkedBooter.java:418)
</failure>
    <system-out><![CDATA[2019-08-28 08:11:09,788 [grpc-default-executor-1] INFO  client.GrpcClientProtocolClient (GrpcClientProtocolClient.java:onNext(255)) - client-61F11BCDF8C8->da77dd33-8451-4169-ac23-71d1154a803e: receive RaftClientReply:client-61F11BCDF8C8->da77dd33-8451-4169-ac23-71d1154a803e@group-0AB94716E60E, cid=17, FAILED org.apache.ratis.protocol.NotLeaderException: Server da77dd33-8451-4169-ac23-71d1154a803e is not the leader (8cbf477b-3e43-4f67-88cd-555652ee8478:192.168.36.71:45918). Request must be sent to leader., logIndex=0, commits[da77dd33-8451-4169-ac23-71d1154a803e:c0, 8cbf477b-3e43-4f67-88cd-555652ee8478:c0, 4965d918-7d48-4c81-bfd5-1db6c4aa1876:c0]
2019-08-28 08:11:09,906 | INFO  | SCMAudit | user=jenkins1000 | ip=192.168.36.71 | op=SEND_HEARTBEAT {datanodeUUID=4965d918-7d48-4c81-bfd5-1db6c4aa1876, command=[]} | ret=SUCCESS |  
2019-08-28 08:11:09,910 | INFO  | DNAudit | user=null | ip=null | op=WRITE_CHUNK {blockData=conID: 2 locID: 1566979869754 bcsId: 0} | ret=SUCCESS |  
2019-08-28 08:11:09,927 | INFO  | SCMAudit | user=jenkins1000 | ip=192.168.36.71 | op=SEND_HEARTBEAT {datanodeUUID=da77dd33-8451-4169-ac23-71d1154a803e, command=[]} | ret=SUCCESS |  
2019-08-28 08:11:09,927 | INFO  | SCMAudit | user=jenkins1000 | ip=192.168.36.71 | op=SEND_HEARTBEAT {datanodeUUID=8cbf477b-3e43-4f67-88cd-555652ee8478, command=[]} | ret=SUCCESS |  
2019-08-28 08:11:09,930 | INFO  | DNAudit | user=null | ip=null | op=WRITE_CHUNK {blockData=conID: 2 locID: 1566979869754 bcsId: 0} | ret=SUCCESS |  
2019-08-28 08:11:09,932 | INFO  | DNAudit | user=null | ip=null | op=WRITE_CHUNK {blockData=conID: 2 locID: 1566979869754 bcsId: 0} | ret=SUCCESS |  
2019-08-28 08:11:09,946 | INFO  | DNAudit | user=null | ip=null | op=WRITE_CHUNK {blockData=conID: 2 locID: 1566979869754 bcsId: 0} | ret=SUCCESS |  
2019-08-28 08:11:09,953 [grpc-default-executor-3] INFO  client.GrpcClientProtocolClient (GrpcClientProtocolClient.java:onNext(255)) - client-61F11BCDF8C8->8cbf477b-3e43-4f67-88cd-555652ee8478: receive RaftClientReply:client-61F11BCDF8C8->8cbf477b-3e43-4f67-88cd-555652ee8478@group-0AB94716E60E, cid=17, SUCCESS, logIndex=1, commits[8cbf477b-3e43-4f67-88cd-555652ee8478:c1, da77dd33-8451-4169-ac23-71d1154a803e:c0, 4965d918-7d48-4c81-bfd5-1db6c4aa1876:c0]
2019-08-28 08:11:09,959 | INFO  | DNAudit | user=null | ip=null | op=WRITE_CHUNK {blockData=conID: 2 locID: 1566979869754 bcsId: 0} | ret=SUCCESS |  
2019-08-28 08:11:09,959 | INFO  | DNAudit | user=null | ip=null | op=WRITE_CHUNK {blockData=conID: 2 locID: 1566979869754 bcsId: 0} | ret=SUCCESS |  
2019-08-28 08:11:09,969 [pool-81-thread-4] WARN  impl.ChunkManagerImpl (ChunkUtils.java:validateChunkForOverwrite(218)) - Duplicate write chunk request. Chunk overwrite without explicit request. ChunkInfo{chunkName='1566979869754.data.0, offset=0, len=1048576}
2019-08-28 08:11:09,969 [pool-81-thread-4] WARN  impl.ChunkManagerImpl (ChunkManagerImpl.java:writeChunk(111)) - ChunkFile already exists/workdir/hadoop-ozone/integration-test/target/test-dir/MiniOzoneClusterImpl-7ddd5ee5-a40a-4c86-851d-b470bd6a03d9/datanode-5/data/containers/hdds/933e2066-34f6-41a6-9e10-1bcdb363b97f/current/containerDir0/2/chunks/1566979869754.data.0.Deleting it.
2019-08-28 08:11:09,972 | INFO  | DNAudit | user=null | ip=null | op=WRITE_CHUNK {blockData=conID: 2 locID: 1566979869754 bcsId: 0} | ret=SUCCESS |  
2019-08-28 08:11:09,975 [pool-70-thread-2] WARN  impl.ChunkManagerImpl (ChunkUtils.java:validateChunkForOverwrite(218)) - Duplicate write chunk request. Chunk overwrite without explicit request. ChunkInfo{chunkName='1566979869754.data.0, offset=0, len=1048576}
2019-08-28 08:11:09,975 [pool-70-thread-2] WARN  impl.ChunkManagerImpl (ChunkManagerImpl.java:writeChunk(111)) - ChunkFile already exists/workdir/hadoop-ozone/integration-test/target/test-dir/MiniOzoneClusterImpl-7ddd5ee5-a40a-4c86-851d-b470bd6a03d9/datanode-4/data/containers/hdds/933e2066-34f6-41a6-9e10-1bcdb363b97f/current/containerDir0/2/chunks/1566979869754.data.0.Deleting it.
2019-08-28 08:11:09,980 | INFO  | DNAudit | user=null | ip=null | op=WRITE_CHUNK {blockData=conID: 2 locID: 1566979869754 bcsId: 0} | ret=SUCCESS |  
2019-08-28 08:11:09,983 [pool-37-thread-2] WARN  impl.ChunkManagerImpl (ChunkUtils.java:validateChunkForOverwrite(218)) - Duplicate write chunk request. Chunk overwrite without explicit request. ChunkInfo{chunkName='1566979869754.data.0, offset=0, len=1048576}
2019-08-28 08:11:09,983 [pool-37-thread-2] WARN  impl.ChunkManagerImpl (ChunkManagerImpl.java:writeChunk(111)) - ChunkFile already exists/workdir/hadoop-ozone/integration-test/target/test-dir/MiniOzoneClusterImpl-7ddd5ee5-a40a-4c86-851d-b470bd6a03d9/datanode-1/data/containers/hdds/933e2066-34f6-41a6-9e10-1bcdb363b97f/current/containerDir0/2/chunks/1566979869754.data.0.Deleting it.
2019-08-28 08:11:09,987 | INFO  | DNAudit | user=null | ip=null | op=WRITE_CHUNK {blockData=conID: 2 locID: 1566979869754 bcsId: 0} | ret=SUCCESS |  
2019-08-28 08:11:10,029 | INFO  | DNAudit | user=null | ip=null | op=PUT_BLOCK {blockData=[blockId=conID: 2 locID: 1566979869754 bcsId: 0,size=1048576]} | ret=SUCCESS |  
2019-08-28 08:11:10,043 | INFO  | DNAudit | user=null | ip=null | op=WRITE_CHUNK {blockData=conID: 2 locID: 1566979869754 bcsId: 0} | ret=SUCCESS |  
2019-08-28 08:11:10,044 [grpc-default-executor-3] INFO  client.GrpcClientProtocolClient (GrpcClientProtocolClient.java:onNext(255)) - client-61F11BCDF8C8->8cbf477b-3e43-4f67-88cd-555652ee8478: receive RaftClientReply:client-61F11BCDF8C8->8cbf477b-3e43-4f67-88cd-555652ee8478@group-0AB94716E60E, cid=18, SUCCESS, logIndex=3, commits[8cbf477b-3e43-4f67-88cd-555652ee8478:c8, da77dd33-8451-4169-ac23-71d1154a803e:c6, 4965d918-7d48-4c81-bfd5-1db6c4aa1876:c6]
2019-08-28 08:11:10,045 [grpc-default-executor-3] INFO  client.GrpcClientProtocolClient (GrpcClientProtocolClient.java:onNext(255)) - client-61F11BCDF8C8->8cbf477b-3e43-4f67-88cd-555652ee8478: receive RaftClientReply:client-61F11BCDF8C8->8cbf477b-3e43-4f67-88cd-555652ee8478@group-0AB94716E60E, cid=19, SUCCESS, logIndex=4, commits[8cbf477b-3e43-4f67-88cd-555652ee8478:c8, da77dd33-8451-4169-ac23-71d1154a803e:c6, 4965d918-7d48-4c81-bfd5-1db6c4aa1876:c6]
2019-08-28 08:11:10,072 | INFO  | DNAudit | user=null | ip=null | op=PUT_BLOCK {blockData=[blockId=conID: 2 locID: 1566979869754 bcsId: 0,size=1048576]} | ret=SUCCESS |  
2019-08-28 08:11:10,073 | INFO  | DNAudit | user=null | ip=null | op=WRITE_CHUNK {blockData=conID: 2 locID: 1566979869754 bcsId: 0} | ret=SUCCESS |  
2019-08-28 08:11:10,095 | INFO  | DNAudit | user=null | ip=null | op=PUT_BLOCK {blockData=[blockId=conID: 2 locID: 1566979869754 bcsId: 0,size=1048576]} | ret=SUCCESS |  
2019-08-28 08:11:10,095 | INFO  | DNAudit | user=null | ip=null | op=PUT_BLOCK {blockData=[blockId=conID: 2 locID: 1566979869754 bcsId: 0,size=1048576]} | ret=SUCCESS |  
2019-08-28 08:11:10,095 | INFO  | DNAudit | user=null | ip=null | op=PUT_BLOCK {blockData=[blockId=conID: 2 locID: 1566979869754 bcsId: 0,size=1048576]} | ret=SUCCESS |  
2019-08-28 08:11:10,095 | INFO  | DNAudit | user=null | ip=null | op=WRITE_CHUNK {blockData=conID: 2 locID: 1566979869754 bcsId: 0} | ret=SUCCESS |  
2019-08-28 08:11:10,096 | INFO  | DNAudit | user=null | ip=null | op=PUT_BLOCK {blockData=[blockId=conID: 2 locID: 1566979869754 bcsId: 0,size=1048576]} | ret=SUCCESS |  
2019-08-28 08:11:10,096 [grpc-default-executor-3] INFO  client.GrpcClientProtocolClient (GrpcClientProtocolClient.java:onNext(255)) - client-61F11BCDF8C8->8cbf477b-3e43-4f67-88cd-555652ee8478: receive RaftClientReply:client-61F11BCDF8C8->8cbf477b-3e43-4f67-88cd-555652ee8478@group-0AB94716E60E, cid=20, SUCCESS, logIndex=5, commits[8cbf477b-3e43-4f67-88cd-555652ee8478:c8, da77dd33-8451-4169-ac23-71d1154a803e:c6, 4965d918-7d48-4c81-bfd5-1db6c4aa1876:c6]
2019-08-28 08:11:10,097 [main] INFO  datanode.ObjectStoreHandler (ObjectStoreHandler.java:close(155)) - Closing ObjectStoreHandler.
2019-08-28 08:11:10,098 [main] INFO  ozone.HddsDatanodeService (HddsDatanodeService.java:stop(451)) - Stopped plug-in org.apache.hadoop.ozone.web.OzoneHddsDatanodeService@3a296107
2019-08-28 08:11:10,398 | INFO  | SCMAudit | user=jenkins1000 | ip=192.168.36.71 | op=SEND_HEARTBEAT {datanodeUUID=bd1d743f-a65d-440a-8c27-9c8f0aaaa4ef, command=[]} | ret=SUCCESS |  
2019-08-28 08:11:10,495 | INFO  | SCMAudit | user=jenkins1000 | ip=192.168.36.71 | op=SEND_HEARTBEAT {datanodeUUID=6ec69940-f3c1-491f-bc7e-ccdaedd7d008, command=[]} | ret=SUCCESS |  
2019-08-28 08:11:10,495 | INFO  | SCMAudit | user=jenkins1000 | ip=192.168.36.71 | op=SEND_HEARTBEAT {datanodeUUID=d6fdf3c5-4f19-4a37-8b20-4284276bde6e, command=[]} | ret=SUCCESS |  
2019-08-28 08:11:10,546 | INFO  | SCMAudit | user=jenkins1000 | ip=192.168.36.71 | op=SEND_HEARTBEAT {datanodeUUID=064b8fb4-f861-47cc-8964-75a684e1f79f, command=[]} | ret=SUCCESS |  
2019-08-28 08:11:10,906 | INFO  | SCMAudit | user=jenkins1000 | ip=192.168.36.71 | op=SEND_HEARTBEAT {datanodeUUID=4965d918-7d48-4c81-bfd5-1db6c4aa1876, command=[]} | ret=SUCCESS |  
2019-08-28 08:11:10,925 [Datanode State Machine Thread - 0] INFO  statemachine.DatanodeStateMachine (DatanodeStateMachine.java:lambda$startDaemon$0(350)) - Ozone container server started.
2019-08-28 08:11:10,927 | INFO  | SCMAudit | user=jenkins1000 | ip=192.168.36.71 | op=SEND_HEARTBEAT {datanodeUUID=8cbf477b-3e43-4f67-88cd-555652ee8478, command=[]} | ret=SUCCESS |  
2019-08-28 08:11:11,399 | INFO  | SCMAudit | user=jenkins1000 | ip=192.168.36.71 | op=SEND_HEARTBEAT {datanodeUUID=bd1d743f-a65d-440a-8c27-9c8f0aaaa4ef, command=[]} | ret=SUCCESS |  
2019-08-28 08:11:11,496 | INFO  | SCMAudit | user=jenkins1000 | ip=192.168.36.71 | op=SEND_HEARTBEAT {datanodeUUID=6ec69940-f3c1-491f-bc7e-ccdaedd7d008, command=[]} | ret=SUCCESS |  
2019-08-28 08:11:11,496 | INFO  | SCMAudit | user=jenkins1000 | ip=192.168.36.71 | op=SEND_HEARTBEAT {datanodeUUID=d6fdf3c5-4f19-4a37-8b20-4284276bde6e, command=[]} | ret=SUCCESS |  
2019-08-28 08:11:11,547 | INFO  | SCMAudit | user=jenkins1000 | ip=192.168.36.71 | op=SEND_HEARTBEAT {datanodeUUID=064b8fb4-f861-47cc-8964-75a684e1f79f, command=[]} | ret=SUCCESS |  
2019-08-28 08:11:11,906 | INFO  | SCMAudit | user=jenkins1000 | ip=192.168.36.71 | op=SEND_HEARTBEAT {datanodeUUID=4965d918-7d48-4c81-bfd5-1db6c4aa1876, command=[]} | ret=SUCCESS |  
2019-08-28 08:11:11,927 | INFO  | SCMAudit | user=jenkins1000 | ip=192.168.36.71 | op=SEND_HEARTBEAT {datanodeUUID=8cbf477b-3e43-4f67-88cd-555652ee8478, command=[]} | ret=SUCCESS |  
2019-08-28 08:11:12,398 | INFO  | SCMAudit | user=jenkins1000 | ip=192.168.36.71 | op=SEND_HEARTBEAT {datanodeUUID=bd1d743f-a65d-440a-8c27-9c8f0aaaa4ef, command=[]} | ret=SUCCESS |  
2019-08-28 08:11:12,496 | INFO  | SCMAudit | user=jenkins1000 | ip=192.168.36.71 | op=SEND_HEARTBEAT {datanodeUUID=d6fdf3c5-4f19-4a37-8b20-4284276bde6e, command=[]} | ret=SUCCESS |  
2019-08-28 08:11:12,496 | INFO  | SCMAudit | user=jenkins1000 | ip=192.168.36.71 | op=SEND_HEARTBEAT {datanodeUUID=6ec69940-f3c1-491f-bc7e-ccdaedd7d008, command=[]} | ret=SUCCESS |  
2019-08-28 08:11:12,547 | INFO  | SCMAudit | user=jenkins1000 | ip=192.168.36.71 | op=SEND_HEARTBEAT {datanodeUUID=064b8fb4-f861-47cc-8964-75a684e1f79f, command=[]} | ret=SUCCESS |  
2019-08-28 08:11:12,907 | INFO  | SCMAudit | user=jenkins1000 | ip=192.168.36.71 | op=SEND_HEARTBEAT {datanodeUUID=4965d918-7d48-4c81-bfd5-1db6c4aa1876, command=[]} | ret=SUCCESS |  
2019-08-28 08:11:12,927 | INFO  | SCMAudit | user=jenkins1000 | ip=192.168.36.71 | op=SEND_HEARTBEAT {datanodeUUID=8cbf477b-3e43-4f67-88cd-555652ee8478, command=[]} | ret=SUCCESS |  
2019-08-28 08:11:13,022 [EventQueue-StaleNodeForStaleNodeHandler] INFO  node.StaleNodeHandler (StaleNodeHandler.java:onMessage(58)) - Datanode da77dd33-8451-4169-ac23-71d1154a803e{ip: 192.168.36.71, host: pr-hdds-2030-lw8x2-1376622595, networkLocation: /default-rack, certSerialId: null} moved to stale state. Finalizing its pipelines [PipelineID=dadad7dd-02a4-4ea6-bb91-bbccd505e2d4, PipelineID=bf74a57d-b243-4542-9415-0ab94716e60e]
2019-08-28 08:11:13,022 [EventQueue-StaleNodeForStaleNodeHandler] INFO  pipeline.SCMPipelineManager (SCMPipelineManager.java:finalizeAndDestroyPipeline(309)) - destroying pipeline:Pipeline[ Id: dadad7dd-02a4-4ea6-bb91-bbccd505e2d4, Nodes: da77dd33-8451-4169-ac23-71d1154a803e{ip: 192.168.36.71, host: pr-hdds-2030-lw8x2-1376622595, networkLocation: /default-rack, certSerialId: null}, Type:RATIS, Factor:ONE, State:OPEN]
2019-08-28 08:11:13,023 [EventQueue-StaleNodeForStaleNodeHandler] INFO  pipeline.PipelineStateManager (PipelineStateManager.java:finalizePipeline(123)) - Pipeline Pipeline[ Id: dadad7dd-02a4-4ea6-bb91-bbccd505e2d4, Nodes: da77dd33-8451-4169-ac23-71d1154a803e{ip: 192.168.36.71, host: pr-hdds-2030-lw8x2-1376622595, networkLocation: /default-rack, certSerialId: null}, Type:RATIS, Factor:ONE, State:CLOSED] moved to CLOSED state
2019-08-28 08:11:13,024 [EventQueue-StaleNodeForStaleNodeHandler] INFO  pipeline.SCMPipelineManager (SCMPipelineManager.java:finalizeAndDestroyPipeline(309)) - destroying pipeline:Pipeline[ Id: bf74a57d-b243-4542-9415-0ab94716e60e, Nodes: da77dd33-8451-4169-ac23-71d1154a803e{ip: 192.168.36.71, host: pr-hdds-2030-lw8x2-1376622595, networkLocation: /default-rack, certSerialId: null}4965d918-7d48-4c81-bfd5-1db6c4aa1876{ip: 192.168.36.71, host: pr-hdds-2030-lw8x2-1376622595, networkLocation: /default-rack, certSerialId: null}8cbf477b-3e43-4f67-88cd-555652ee8478{ip: 192.168.36.71, host: pr-hdds-2030-lw8x2-1376622595, networkLocation: /default-rack, certSerialId: null}, Type:RATIS, Factor:THREE, State:OPEN]
2019-08-28 08:11:13,024 [EventQueue-StaleNodeForStaleNodeHandler] INFO  pipeline.PipelineStateManager (PipelineStateManager.java:finalizePipeline(123)) - Pipeline Pipeline[ Id: bf74a57d-b243-4542-9415-0ab94716e60e, Nodes: da77dd33-8451-4169-ac23-71d1154a803e{ip: 192.168.36.71, host: pr-hdds-2030-lw8x2-1376622595, networkLocation: /default-rack, certSerialId: null}4965d918-7d48-4c81-bfd5-1db6c4aa1876{ip: 192.168.36.71, host: pr-hdds-2030-lw8x2-1376622595, networkLocation: /default-rack, certSerialId: null}8cbf477b-3e43-4f67-88cd-555652ee8478{ip: 192.168.36.71, host: pr-hdds-2030-lw8x2-1376622595, networkLocation: /default-rack, certSerialId: null}, Type:RATIS, Factor:THREE, State:CLOSED] moved to CLOSED state
2019-08-28 08:11:13,025 [EventQueue-CloseContainerForCloseContainerEventHandler] INFO  container.CloseContainerEventHandler (CloseContainerEventHandler.java:onMessage(61)) - Close container Event triggered for container : #2
2019-08-28 08:11:13,398 | INFO  | SCMAudit | user=jenkins1000 | ip=192.168.36.71 | op=SEND_HEARTBEAT {datanodeUUID=bd1d743f-a65d-440a-8c27-9c8f0aaaa4ef, command=[]} | ret=SUCCESS |  
2019-08-28 08:11:13,509 | INFO  | SCMAudit | user=jenkins1000 | ip=192.168.36.71 | op=SEND_HEARTBEAT {datanodeUUID=d6fdf3c5-4f19-4a37-8b20-4284276bde6e, command=[]} | ret=SUCCESS |  
2019-08-28 08:11:13,509 | INFO  | SCMAudit | user=jenkins1000 | ip=192.168.36.71 | op=SEND_HEARTBEAT {datanodeUUID=6ec69940-f3c1-491f-bc7e-ccdaedd7d008, command=[]} | ret=SUCCESS |  
2019-08-28 08:11:13,547 | INFO  | SCMAudit | user=jenkins1000 | ip=192.168.36.71 | op=SEND_HEARTBEAT {datanodeUUID=064b8fb4-f861-47cc-8964-75a684e1f79f, command=[]} | ret=SUCCESS |  
2019-08-28 08:11:13,941 | INFO  | SCMAudit | user=jenkins1000 | ip=192.168.36.71 | op=SEND_HEARTBEAT {datanodeUUID=4965d918-7d48-4c81-bfd5-1db6c4aa1876, command=[commandType: closeContainerCommand closeContainerCommandProto { containerID: 2 pipelineID { id: "bf74a57d-b243-4542-9415-0ab94716e60e" } cmdId: 2 force: false } ]} | ret=SUCCESS |  
2019-08-28 08:11:13,941 | INFO  | SCMAudit | user=jenkins1000 | ip=192.168.36.71 | op=SEND_HEARTBEAT {datanodeUUID=8cbf477b-3e43-4f67-88cd-555652ee8478, command=[commandType: closeContainerCommand closeContainerCommandProto { containerID: 2 pipelineID { id: "bf74a57d-b243-4542-9415-0ab94716e60e" } cmdId: 2 force: false } ]} | ret=SUCCESS |  
2019-08-28 08:11:14,398 | INFO  | SCMAudit | user=jenkins1000 | ip=192.168.36.71 | op=SEND_HEARTBEAT {datanodeUUID=bd1d743f-a65d-440a-8c27-9c8f0aaaa4ef, command=[]} | ret=SUCCESS |  
2019-08-28 08:11:14,497 | INFO  | SCMAudit | user=jenkins1000 | ip=192.168.36.71 | op=SEND_HEARTBEAT {datanodeUUID=6ec69940-f3c1-491f-bc7e-ccdaedd7d008, command=[]} | ret=SUCCESS |  
2019-08-28 08:11:14,497 | INFO  | SCMAudit | user=jenkins1000 | ip=192.168.36.71 | op=SEND_HEARTBEAT {datanodeUUID=d6fdf3c5-4f19-4a37-8b20-4284276bde6e, command=[]} | ret=SUCCESS |  
2019-08-28 08:11:14,547 | INFO  | SCMAudit | user=jenkins1000 | ip=192.168.36.71 | op=SEND_HEARTBEAT {datanodeUUID=064b8fb4-f861-47cc-8964-75a684e1f79f, command=[]} | ret=SUCCESS |  
2019-08-28 08:11:14,906 | INFO  | SCMAudit | user=jenkins1000 | ip=192.168.36.71 | op=SEND_HEARTBEAT {datanodeUUID=4965d918-7d48-4c81-bfd5-1db6c4aa1876, command=[]} | ret=SUCCESS |  
2019-08-28 08:11:14,927 | INFO  | SCMAudit | user=jenkins1000 | ip=192.168.36.71 | op=SEND_HEARTBEAT {datanodeUUID=8cbf477b-3e43-4f67-88cd-555652ee8478, command=[]} | ret=SUCCESS |  
2019-08-28 08:11:14,927 | INFO  | SCMAudit | user=jenkins1000 | ip=192.168.36.71 | op=SEND_HEARTBEAT {datanodeUUID=4965d918-7d48-4c81-bfd5-1db6c4aa1876, command=[]} | ret=SUCCESS |  
2019-08-28 08:11:15,100 [main] INFO  ozoneimpl.OzoneContainer (OzoneContainer.java:stop(199)) - Attempting to stop container services.
2019-08-28 08:11:15,101 [main] INFO  impl.RaftServerProxy (RaftServerProxy.java:lambda$close$4(314)) - da77dd33-8451-4169-ac23-71d1154a803e: close
2019-08-28 08:11:15,103 [main] INFO  impl.RaftServerImpl (RaftServerImpl.java:lambda$shutdown$3(245)) - da77dd33-8451-4169-ac23-71d1154a803e: shutdown group-BBCCD505E2D4
2019-08-28 08:11:15,104 [main] INFO  util.JmxRegister (JmxRegister.java:unregister(73)) - Successfully un-registered JMX Bean with object name Ratis:service=RaftServer,group=group-BBCCD505E2D4,id=da77dd33-8451-4169-ac23-71d1154a803e
2019-08-28 08:11:15,104 [main] INFO  impl.RoleInfo (RoleInfo.java:shutdownLeaderState(104)) - da77dd33-8451-4169-ac23-71d1154a803e: shutdown LeaderState
2019-08-28 08:11:15,105 [main] INFO  impl.PendingRequests (PendingRequests.java:sendNotLeaderResponses(202)) - da77dd33-8451-4169-ac23-71d1154a803e-PendingRequests: sendNotLeaderResponses
2019-08-28 08:11:15,106 [main] INFO  impl.StateMachineUpdater (StateMachineUpdater.java:stopAndJoin(115)) - StateMachineUpdater:da77dd33-8451-4169-ac23-71d1154a803e:group-BBCCD505E2D4: set stopIndex = 0
2019-08-28 08:11:15,106 [main] INFO  impl.RaftServerImpl (ServerState.java:close(394)) - da77dd33-8451-4169-ac23-71d1154a803e:group-BBCCD505E2D4 closes. The last applied log index is 0
2019-08-28 08:11:15,108 [da77dd33-8451-4169-ac23-71d1154a803e-SegmentedRaftLogWorker:Storage Directory /workdir/hadoop-ozone/integration-test/target/test-dir/MiniOzoneClusterImpl-7ddd5ee5-a40a-4c86-851d-b470bd6a03d9/datanode-1/data/ratis/dadad7dd-02a4-4ea6-bb91-bbccd505e2d4] INFO  segmented.SegmentedRaftLogWorker (SegmentedRaftLogWorker.java:run(313)) - da77dd33-8451-4169-ac23-71d1154a803e-SegmentedRaftLogWorker:Storage Directory /workdir/hadoop-ozone/integration-test/target/test-dir/MiniOzoneClusterImpl-7ddd5ee5-a40a-4c86-851d-b470bd6a03d9/datanode-1/data/ratis/dadad7dd-02a4-4ea6-bb91-bbccd505e2d4 was interrupted, exiting. There are 0 tasks remaining in the queue.
2019-08-28 08:11:15,113 [main] INFO  segmented.SegmentedRaftLogWorker (SegmentedRaftLogWorker.java:close(228)) - da77dd33-8451-4169-ac23-71d1154a803e-SegmentedRaftLogWorker:Storage Directory /workdir/hadoop-ozone/integration-test/target/test-dir/MiniOzoneClusterImpl-7ddd5ee5-a40a-4c86-851d-b470bd6a03d9/datanode-1/data/ratis/dadad7dd-02a4-4ea6-bb91-bbccd505e2d4 close()
2019-08-28 08:11:15,119 [main] INFO  impl.RaftServerImpl (RaftServerImpl.java:lambda$shutdown$3(245)) - da77dd33-8451-4169-ac23-71d1154a803e: shutdown group-0AB94716E60E
2019-08-28 08:11:15,119 [main] INFO  util.JmxRegister (JmxRegister.java:unregister(73)) - Successfully un-registered JMX Bean with object name Ratis:service=RaftServer,group=group-0AB94716E60E,id=da77dd33-8451-4169-ac23-71d1154a803e
2019-08-28 08:11:15,120 [main] INFO  impl.RoleInfo (RoleInfo.java:shutdownFollowerState(121)) - da77dd33-8451-4169-ac23-71d1154a803e: shutdown FollowerState
2019-08-28 08:11:15,120 [main] INFO  impl.StateMachineUpdater (StateMachineUpdater.java:stopAndJoin(115)) - StateMachineUpdater:da77dd33-8451-4169-ac23-71d1154a803e:group-0AB94716E60E: set stopIndex = 8
2019-08-28 08:11:15,120 [StateMachineUpdater:da77dd33-8451-4169-ac23-71d1154a803e:group-0AB94716E60E] INFO  ratis.ContainerStateMachine (ContainerStateMachine.java:takeSnapshot(283)) - group-0AB94716E60E: Taking a snapshot at:(t:1, i:6) file /workdir/hadoop-ozone/integration-test/target/test-dir/MiniOzoneClusterImpl-7ddd5ee5-a40a-4c86-851d-b470bd6a03d9/datanode-1/data/ratis/bf74a57d-b243-4542-9415-0ab94716e60e/sm/snapshot.1_6
2019-08-28 08:11:15,120 [Thread-325] INFO  impl.FollowerState (FollowerState.java:run(114)) - da77dd33-8451-4169-ac23-71d1154a803e: FollowerState was interrupted: java.lang.InterruptedException: sleep interrupted
2019-08-28 08:11:15,146 [StateMachineUpdater:da77dd33-8451-4169-ac23-71d1154a803e:group-0AB94716E60E] INFO  ratis.ContainerStateMachine (ContainerStateMachine.java:takeSnapshot(294)) - group-0AB94716E60E: Finished taking a snapshot at:(t:1, i:6) file:/workdir/hadoop-ozone/integration-test/target/test-dir/MiniOzoneClusterImpl-7ddd5ee5-a40a-4c86-851d-b470bd6a03d9/datanode-1/data/ratis/bf74a57d-b243-4542-9415-0ab94716e60e/sm/snapshot.1_6 time:26
2019-08-28 08:11:15,146 [StateMachineUpdater:da77dd33-8451-4169-ac23-71d1154a803e:group-0AB94716E60E] INFO  impl.StateMachineUpdater (StateMachineUpdater.java:takeSnapshot(242)) - StateMachineUpdater:da77dd33-8451-4169-ac23-71d1154a803e:group-0AB94716E60E: Took a snapshot at index 6
2019-08-28 08:11:15,148 [StateMachineUpdater:da77dd33-8451-4169-ac23-71d1154a803e:group-0AB94716E60E] INFO  impl.StateMachineUpdater (StateMachineUpdater.java:lambda$new$0(80)) - StateMachineUpdater:da77dd33-8451-4169-ac23-71d1154a803e:group-0AB94716E60E: snapshotIndex: updateIncreasingly -1 -> 6
2019-08-28 08:11:15,153 [main] INFO  impl.RaftServerImpl (ServerState.java:close(394)) - da77dd33-8451-4169-ac23-71d1154a803e:group-0AB94716E60E closes. The last applied log index is 8
2019-08-28 08:11:15,153 [da77dd33-8451-4169-ac23-71d1154a803e-SegmentedRaftLogWorker:Storage Directory /workdir/hadoop-ozone/integration-test/target/test-dir/MiniOzoneClusterImpl-7ddd5ee5-a40a-4c86-851d-b470bd6a03d9/datanode-1/data/ratis/bf74a57d-b243-4542-9415-0ab94716e60e] INFO  segmented.SegmentedRaftLogWorker (SegmentedRaftLogWorker.java:run(313)) - da77dd33-8451-4169-ac23-71d1154a803e-SegmentedRaftLogWorker:Storage Directory /workdir/hadoop-ozone/integration-test/target/test-dir/MiniOzoneClusterImpl-7ddd5ee5-a40a-4c86-851d-b470bd6a03d9/datanode-1/data/ratis/bf74a57d-b243-4542-9415-0ab94716e60e was interrupted, exiting. There are 0 tasks remaining in the queue.
2019-08-28 08:11:15,156 [main] INFO  segmented.SegmentedRaftLogWorker (SegmentedRaftLogWorker.java:close(228)) - da77dd33-8451-4169-ac23-71d1154a803e-SegmentedRaftLogWorker:Storage Directory /workdir/hadoop-ozone/integration-test/target/test-dir/MiniOzoneClusterImpl-7ddd5ee5-a40a-4c86-851d-b470bd6a03d9/datanode-1/data/ratis/bf74a57d-b243-4542-9415-0ab94716e60e close()
2019-08-28 08:11:15,160 [main] INFO  server.GrpcService (GrpcService.java:closeImpl(155)) - da77dd33-8451-4169-ac23-71d1154a803e: shutdown server with port 35219 now
2019-08-28 08:11:15,165 [main] INFO  server.GrpcService (GrpcService.java:closeImpl(163)) - da77dd33-8451-4169-ac23-71d1154a803e: shutdown server with port 35219 successfully
2019-08-28 08:11:15,165 [grpc-default-executor-5] WARN  server.GrpcServerProtocolService (LogUtils.java:warn(134)) - da77dd33-8451-4169-ac23-71d1154a803e: appendEntries onError: org.apache.ratis.thirdparty.io.grpc.StatusRuntimeException: CANCELLED: cancelled before receiving half close
2019-08-28 08:11:15,167 [grpc-default-executor-5] WARN  server.GrpcLogAppender (LogUtils.java:warn(134)) - 8cbf477b-3e43-4f67-88cd-555652ee8478->da77dd33-8451-4169-ac23-71d1154a803e: Failed appendEntries: org.apache.ratis.thirdparty.io.grpc.StatusRuntimeException: CANCELLED: HTTP/2 error code: CANCEL
Received Rst Stream
2019-08-28 08:11:15,175 [grpc-default-executor-5] INFO  impl.FollowerInfo (FollowerInfo.java:lambda$new$0(50)) - 8cbf477b-3e43-4f67-88cd-555652ee8478->da77dd33-8451-4169-ac23-71d1154a803e: nextIndex: updateUnconditionally 9 -> 8
2019-08-28 08:11:15,180 [main] INFO  utils.BackgroundService (BackgroundService.java:shutdown(148)) - Shutting down service BlockDeletingService
2019-08-28 08:11:15,183 [refreshUsed-/workdir/hadoop-ozone/integration-test/target/test-dir/MiniOzoneClusterImpl-7ddd5ee5-a40a-4c86-851d-b470bd6a03d9/datanode-1/data/containers] WARN  fs.CachingGetSpaceUsed (CachingGetSpaceUsed.java:run(183)) - Thread Interrupted waiting to refresh disk information: sleep interrupted
2019-08-28 08:11:15,203 [main] INFO  statemachine.DatanodeStateMachine (DatanodeStateMachine.java:stopDaemon(395)) - Ozone container server stopped.
2019-08-28 08:11:15,208 [main] INFO  handler.ContextHandler (ContextHandler.java:doStop(910)) - Stopped o.e.j.w.WebAppContext@4aebee4b{/,null,UNAVAILABLE}{/hddsDatanode}
2019-08-28 08:11:15,213 [main] INFO  server.AbstractConnector (AbstractConnector.java:doStop(318)) - Stopped ServerConnector@18d47df0{HTTP/1.1,[http/1.1]}{0.0.0.0:0}
2019-08-28 08:11:15,214 [main] INFO  handler.ContextHandler (ContextHandler.java:doStop(910)) - Stopped o.e.j.s.ServletContextHandler@256a0d95{/static,jar:file:/home/user/.m2/repository/org/apache/hadoop/hadoop-hdds-container-service/0.5.0-SNAPSHOT/hadoop-hdds-container-service-0.5.0-SNAPSHOT.jar!/webapps/static,UNAVAILABLE}
2019-08-28 08:11:15,214 [main] INFO  handler.ContextHandler (ContextHandler.java:doStop(910)) - Stopped o.e.j.s.ServletContextHandler@4b55ff0a{/logs,file:///workdir/hadoop-ozone/integration-test/target/log,UNAVAILABLE}
2019-08-28 08:11:15,216 [main] INFO  datanode.ObjectStoreHandler (ObjectStoreHandler.java:close(155)) - Closing ObjectStoreHandler.
2019-08-28 08:11:15,216 [main] INFO  ozone.HddsDatanodeService (HddsDatanodeService.java:stop(451)) - Stopped plug-in org.apache.hadoop.ozone.web.OzoneHddsDatanodeService@5a47730c
2019-08-28 08:11:15,398 | INFO  | SCMAudit | user=jenkins1000 | ip=192.168.36.71 | op=SEND_HEARTBEAT {datanodeUUID=bd1d743f-a65d-440a-8c27-9c8f0aaaa4ef, command=[]} | ret=SUCCESS |  
2019-08-28 08:11:15,496 | INFO  | SCMAudit | user=jenkins1000 | ip=192.168.36.71 | op=SEND_HEARTBEAT {datanodeUUID=d6fdf3c5-4f19-4a37-8b20-4284276bde6e, command=[]} | ret=SUCCESS |  
2019-08-28 08:11:15,496 | INFO  | SCMAudit | user=jenkins1000 | ip=192.168.36.71 | op=SEND_HEARTBEAT {datanodeUUID=6ec69940-f3c1-491f-bc7e-ccdaedd7d008, command=[]} | ret=SUCCESS |  
2019-08-28 08:11:15,547 | INFO  | SCMAudit | user=jenkins1000 | ip=192.168.36.71 | op=SEND_HEARTBEAT {datanodeUUID=064b8fb4-f861-47cc-8964-75a684e1f79f, command=[]} | ret=SUCCESS |  
2019-08-28 08:11:15,925 [Datanode State Machine Thread - 0] INFO  statemachine.DatanodeStateMachine (DatanodeStateMachine.java:lambda$startDaemon$0(350)) - Ozone container server started.
2019-08-28 08:11:15,927 | INFO  | SCMAudit | user=jenkins1000 | ip=192.168.36.71 | op=SEND_HEARTBEAT {datanodeUUID=8cbf477b-3e43-4f67-88cd-555652ee8478, command=[]} | ret=SUCCESS |  
2019-08-28 08:11:15,947 | INFO  | SCMAudit | user=jenkins1000 | ip=192.168.36.71 | op=SEND_HEARTBEAT {datanodeUUID=8cbf477b-3e43-4f67-88cd-555652ee8478, command=[]} | ret=SUCCESS |  
2019-08-28 08:11:15,958 [grpc-default-executor-3] WARN  server.GrpcLogAppender (LogUtils.java:warn(134)) - 8cbf477b-3e43-4f67-88cd-555652ee8478->da77dd33-8451-4169-ac23-71d1154a803e: Failed appendEntries: org.apache.ratis.thirdparty.io.grpc.StatusRuntimeException: UNAVAILABLE: io exception
2019-08-28 08:11:15,961 [grpc-default-executor-3] INFO  impl.FollowerInfo (FollowerInfo.java:lambda$new$0(50)) - 8cbf477b-3e43-4f67-88cd-555652ee8478->da77dd33-8451-4169-ac23-71d1154a803e: nextIndex: updateUnconditionally 9 -> 8
2019-08-28 08:11:15,969 [grpc-default-executor-1] WARN  server.GrpcLogAppender (LogUtils.java:warn(134)) - 8cbf477b-3e43-4f67-88cd-555652ee8478->da77dd33-8451-4169-ac23-71d1154a803e: Failed appendEntries: org.apache.ratis.thirdparty.io.grpc.StatusRuntimeException: UNAVAILABLE: io exception
2019-08-28 08:11:15,972 [grpc-default-executor-1] INFO  impl.FollowerInfo (FollowerInfo.java:lambda$new$0(50)) - 8cbf477b-3e43-4f67-88cd-555652ee8478->da77dd33-8451-4169-ac23-71d1154a803e: nextIndex: updateUnconditionally 9 -> 8
2019-08-28 08:11:16,010 [RatisApplyTransactionExecutor 2] INFO  interfaces.Container (KeyValueContainer.java:compactDB(356)) - Container 2 is closed with bcsId 5.
2019-08-28 08:11:16,011 | INFO  | DNAudit | user=null | ip=null | op=CLOSE_CONTAINER {containerID=2} | ret=SUCCESS |  
2019-08-28 08:11:16,012 | INFO  | SCMAudit | user=jenkins1000 | ip=192.168.36.71 | op=SEND_HEARTBEAT {datanodeUUID=8cbf477b-3e43-4f67-88cd-555652ee8478, command=[]} | ret=SUCCESS |  
2019-08-28 08:11:16,012 [EventQueue-IncrementalContainerReportForIncrementalContainerReportHandler] INFO  container.IncrementalContainerReportHandler (AbstractContainerReportHandler.java:updateContainerState(176)) - Moving container #2 to CLOSED state, datanode 8cbf477b-3e43-4f67-88cd-555652ee8478{ip: 192.168.36.71, host: pr-hdds-2030-lw8x2-1376622595, networkLocation: /default-rack, certSerialId: null} reported CLOSED replica.
2019-08-28 08:11:16,034 [RatisApplyTransactionExecutor 2] INFO  interfaces.Container (KeyValueContainer.java:compactDB(356)) - Container 2 is closed with bcsId 5.
2019-08-28 08:11:16,037 | INFO  | DNAudit | user=null | ip=null | op=CLOSE_CONTAINER {containerID=2} | ret=SUCCESS |  
2019-08-28 08:11:16,398 | INFO  | SCMAudit | user=jenkins1000 | ip=192.168.36.71 | op=SEND_HEARTBEAT {datanodeUUID=bd1d743f-a65d-440a-8c27-9c8f0aaaa4ef, command=[]} | ret=SUCCESS |  
2019-08-28 08:11:16,496 | INFO  | SCMAudit | user=jenkins1000 | ip=192.168.36.71 | op=SEND_HEARTBEAT {datanodeUUID=d6fdf3c5-4f19-4a37-8b20-4284276bde6e, command=[]} | ret=SUCCESS |  
2019-08-28 08:11:16,497 | INFO  | SCMAudit | user=jenkins1000 | ip=192.168.36.71 | op=SEND_HEARTBEAT {datanodeUUID=6ec69940-f3c1-491f-bc7e-ccdaedd7d008, command=[]} | ret=SUCCESS |  
2019-08-28 08:11:16,547 | INFO  | SCMAudit | user=jenkins1000 | ip=192.168.36.71 | op=SEND_HEARTBEAT {datanodeUUID=064b8fb4-f861-47cc-8964-75a684e1f79f, command=[]} | ret=SUCCESS |  
2019-08-28 08:11:17,012 | INFO  | SCMAudit | user=jenkins1000 | ip=192.168.36.71 | op=SEND_HEARTBEAT {datanodeUUID=8cbf477b-3e43-4f67-88cd-555652ee8478, command=[]} | ret=SUCCESS |  
2019-08-28 08:11:17,398 | INFO  | SCMAudit | user=jenkins1000 | ip=192.168.36.71 | op=SEND_HEARTBEAT {datanodeUUID=bd1d743f-a65d-440a-8c27-9c8f0aaaa4ef, command=[]} | ret=SUCCESS |  
2019-08-28 08:11:17,496 | INFO  | SCMAudit | user=jenkins1000 | ip=192.168.36.71 | op=SEND_HEARTBEAT {datanodeUUID=d6fdf3c5-4f19-4a37-8b20-4284276bde6e, command=[]} | ret=SUCCESS |  
2019-08-28 08:11:17,497 | INFO  | SCMAudit | user=jenkins1000 | ip=192.168.36.71 | op=SEND_HEARTBEAT {datanodeUUID=6ec69940-f3c1-491f-bc7e-ccdaedd7d008, command=[]} | ret=SUCCESS |  
2019-08-28 08:11:17,547 | INFO  | SCMAudit | user=jenkins1000 | ip=192.168.36.71 | op=SEND_HEARTBEAT {datanodeUUID=064b8fb4-f861-47cc-8964-75a684e1f79f, command=[]} | ret=SUCCESS |  
2019-08-28 08:11:17,930 [EventQueue-StaleNodeForStaleNodeHandler] INFO  node.StaleNodeHandler (StaleNodeHandler.java:onMessage(58)) - Datanode 4965d918-7d48-4c81-bfd5-1db6c4aa1876{ip: 192.168.36.71, host: pr-hdds-2030-lw8x2-1376622595, networkLocation: /default-rack, certSerialId: null} moved to stale state. Finalizing its pipelines [PipelineID=bf74a57d-b243-4542-9415-0ab94716e60e, PipelineID=99a2daf7-0a5b-4944-b051-b51cf34dbce5]
2019-08-28 08:11:17,931 [EventQueue-StaleNodeForStaleNodeHandler] INFO  pipeline.SCMPipelineManager (SCMPipelineManager.java:finalizeAndDestroyPipeline(309)) - destroying pipeline:Pipeline[ Id: bf74a57d-b243-4542-9415-0ab94716e60e, Nodes: da77dd33-8451-4169-ac23-71d1154a803e{ip: 192.168.36.71, host: pr-hdds-2030-lw8x2-1376622595, networkLocation: /default-rack, certSerialId: null}4965d918-7d48-4c81-bfd5-1db6c4aa1876{ip: 192.168.36.71, host: pr-hdds-2030-lw8x2-1376622595, networkLocation: /default-rack, certSerialId: null}8cbf477b-3e43-4f67-88cd-555652ee8478{ip: 192.168.36.71, host: pr-hdds-2030-lw8x2-1376622595, networkLocation: /default-rack, certSerialId: null}, Type:RATIS, Factor:THREE, State:CLOSED]
2019-08-28 08:11:17,931 [EventQueue-StaleNodeForStaleNodeHandler] INFO  pipeline.SCMPipelineManager (SCMPipelineManager.java:finalizeAndDestroyPipeline(309)) - destroying pipeline:Pipeline[ Id: 99a2daf7-0a5b-4944-b051-b51cf34dbce5, Nodes: 4965d918-7d48-4c81-bfd5-1db6c4aa1876{ip: 192.168.36.71, host: pr-hdds-2030-lw8x2-1376622595, networkLocation: /default-rack, certSerialId: null}, Type:RATIS, Factor:ONE, State:OPEN]
2019-08-28 08:11:17,931 [EventQueue-StaleNodeForStaleNodeHandler] INFO  pipeline.PipelineStateManager (PipelineStateManager.java:finalizePipeline(123)) - Pipeline Pipeline[ Id: 99a2daf7-0a5b-4944-b051-b51cf34dbce5, Nodes: 4965d918-7d48-4c81-bfd5-1db6c4aa1876{ip: 192.168.36.71, host: pr-hdds-2030-lw8x2-1376622595, networkLocation: /default-rack, certSerialId: null}, Type:RATIS, Factor:ONE, State:CLOSED] moved to CLOSED state
2019-08-28 08:11:18,012 | INFO  | SCMAudit | user=jenkins1000 | ip=192.168.36.71 | op=SEND_HEARTBEAT {datanodeUUID=8cbf477b-3e43-4f67-88cd-555652ee8478, command=[]} | ret=SUCCESS |  
2019-08-28 08:11:18,398 | INFO  | SCMAudit | user=jenkins1000 | ip=192.168.36.71 | op=SEND_HEARTBEAT {datanodeUUID=bd1d743f-a65d-440a-8c27-9c8f0aaaa4ef, command=[]} | ret=SUCCESS |  
2019-08-28 08:11:18,470 [grpc-default-executor-5] WARN  server.GrpcLogAppender (LogUtils.java:warn(134)) - 8cbf477b-3e43-4f67-88cd-555652ee8478->da77dd33-8451-4169-ac23-71d1154a803e: Failed appendEntries: org.apache.ratis.thirdparty.io.grpc.StatusRuntimeException: UNAVAILABLE: io exception
2019-08-28 08:11:18,473 [grpc-default-executor-5] INFO  impl.FollowerInfo (FollowerInfo.java:lambda$new$0(50)) - 8cbf477b-3e43-4f67-88cd-555652ee8478->da77dd33-8451-4169-ac23-71d1154a803e: nextIndex: updateUnconditionally 8 -> 7
2019-08-28 08:11:18,496 | INFO  | SCMAudit | user=jenkins1000 | ip=192.168.36.71 | op=SEND_HEARTBEAT {datanodeUUID=d6fdf3c5-4f19-4a37-8b20-4284276bde6e, command=[]} | ret=SUCCESS |  
2019-08-28 08:11:18,498 | INFO  | SCMAudit | user=jenkins1000 | ip=192.168.36.71 | op=SEND_HEARTBEAT {datanodeUUID=6ec69940-f3c1-491f-bc7e-ccdaedd7d008, command=[]} | ret=SUCCESS |  
2019-08-28 08:11:18,548 | INFO  | SCMAudit | user=jenkins1000 | ip=192.168.36.71 | op=SEND_HEARTBEAT {datanodeUUID=064b8fb4-f861-47cc-8964-75a684e1f79f, command=[]} | ret=SUCCESS |  
2019-08-28 08:11:19,013 | INFO  | SCMAudit | user=jenkins1000 | ip=192.168.36.71 | op=SEND_HEARTBEAT {datanodeUUID=8cbf477b-3e43-4f67-88cd-555652ee8478, command=[]} | ret=SUCCESS |  
2019-08-28 08:11:19,398 | INFO  | SCMAudit | user=jenkins1000 | ip=192.168.36.71 | op=SEND_HEARTBEAT {datanodeUUID=bd1d743f-a65d-440a-8c27-9c8f0aaaa4ef, command=[]} | ret=SUCCESS |  
2019-08-28 08:11:19,496 | INFO  | SCMAudit | user=jenkins1000 | ip=192.168.36.71 | op=SEND_HEARTBEAT {datanodeUUID=d6fdf3c5-4f19-4a37-8b20-4284276bde6e, command=[]} | ret=SUCCESS |  
2019-08-28 08:11:19,498 | INFO  | SCMAudit | user=jenkins1000 | ip=192.168.36.71 | op=SEND_HEARTBEAT {datanodeUUID=6ec69940-f3c1-491f-bc7e-ccdaedd7d008, command=[]} | ret=SUCCESS |  
2019-08-28 08:11:19,548 | INFO  | SCMAudit | user=jenkins1000 | ip=192.168.36.71 | op=SEND_HEARTBEAT {datanodeUUID=064b8fb4-f861-47cc-8964-75a684e1f79f, command=[]} | ret=SUCCESS |  
2019-08-28 08:11:20,012 | INFO  | SCMAudit | user=jenkins1000 | ip=192.168.36.71 | op=SEND_HEARTBEAT {datanodeUUID=8cbf477b-3e43-4f67-88cd-555652ee8478, command=[]} | ret=SUCCESS |  
2019-08-28 08:11:20,217 [main] INFO  ozoneimpl.OzoneContainer (OzoneContainer.java:stop(199)) - Attempting to stop container services.
2019-08-28 08:11:20,218 [main] INFO  impl.RaftServerProxy (RaftServerProxy.java:lambda$close$4(314)) - 4965d918-7d48-4c81-bfd5-1db6c4aa1876: close
2019-08-28 08:11:20,218 [main] INFO  impl.RaftServerImpl (RaftServerImpl.java:lambda$shutdown$3(245)) - 4965d918-7d48-4c81-bfd5-1db6c4aa1876: shutdown group-0AB94716E60E
2019-08-28 08:11:20,218 [main] INFO  util.JmxRegister (JmxRegister.java:unregister(73)) - Successfully un-registered JMX Bean with object name Ratis:service=RaftServer,group=group-0AB94716E60E,id=4965d918-7d48-4c81-bfd5-1db6c4aa1876
2019-08-28 08:11:20,219 [main] INFO  impl.RoleInfo (RoleInfo.java:shutdownFollowerState(121)) - 4965d918-7d48-4c81-bfd5-1db6c4aa1876: shutdown FollowerState
2019-08-28 08:11:20,219 [main] INFO  impl.StateMachineUpdater (StateMachineUpdater.java:stopAndJoin(115)) - StateMachineUpdater:4965d918-7d48-4c81-bfd5-1db6c4aa1876:group-0AB94716E60E: set stopIndex = 10
2019-08-28 08:11:20,219 [StateMachineUpdater:4965d918-7d48-4c81-bfd5-1db6c4aa1876:group-0AB94716E60E] INFO  ratis.ContainerStateMachine (ContainerStateMachine.java:takeSnapshot(283)) - group-0AB94716E60E: Taking a snapshot at:(t:1, i:9) file /workdir/hadoop-ozone/integration-test/target/test-dir/MiniOzoneClusterImpl-7ddd5ee5-a40a-4c86-851d-b470bd6a03d9/datanode-4/data/ratis/bf74a57d-b243-4542-9415-0ab94716e60e/sm/snapshot.1_9
2019-08-28 08:11:20,219 [Thread-326] INFO  impl.FollowerState (FollowerState.java:run(114)) - 4965d918-7d48-4c81-bfd5-1db6c4aa1876: FollowerState was interrupted: java.lang.InterruptedException: sleep interrupted
2019-08-28 08:11:20,241 [StateMachineUpdater:4965d918-7d48-4c81-bfd5-1db6c4aa1876:group-0AB94716E60E] INFO  ratis.ContainerStateMachine (ContainerStateMachine.java:takeSnapshot(294)) - group-0AB94716E60E: Finished taking a snapshot at:(t:1, i:9) file:/workdir/hadoop-ozone/integration-test/target/test-dir/MiniOzoneClusterImpl-7ddd5ee5-a40a-4c86-851d-b470bd6a03d9/datanode-4/data/ratis/bf74a57d-b243-4542-9415-0ab94716e60e/sm/snapshot.1_9 time:22
2019-08-28 08:11:20,241 [StateMachineUpdater:4965d918-7d48-4c81-bfd5-1db6c4aa1876:group-0AB94716E60E] INFO  impl.StateMachineUpdater (StateMachineUpdater.java:takeSnapshot(242)) - StateMachineUpdater:4965d918-7d48-4c81-bfd5-1db6c4aa1876:group-0AB94716E60E: Took a snapshot at index 9
2019-08-28 08:11:20,241 [StateMachineUpdater:4965d918-7d48-4c81-bfd5-1db6c4aa1876:group-0AB94716E60E] INFO  impl.StateMachineUpdater (StateMachineUpdater.java:lambda$new$0(80)) - StateMachineUpdater:4965d918-7d48-4c81-bfd5-1db6c4aa1876:group-0AB94716E60E: snapshotIndex: updateIncreasingly -1 -> 9
2019-08-28 08:11:20,241 [main] INFO  impl.RaftServerImpl (ServerState.java:close(394)) - 4965d918-7d48-4c81-bfd5-1db6c4aa1876:group-0AB94716E60E closes. The last applied log index is 10
2019-08-28 08:11:20,242 [4965d918-7d48-4c81-bfd5-1db6c4aa1876-SegmentedRaftLogWorker:Storage Directory /workdir/hadoop-ozone/integration-test/target/test-dir/MiniOzoneClusterImpl-7ddd5ee5-a40a-4c86-851d-b470bd6a03d9/datanode-4/data/ratis/bf74a57d-b243-4542-9415-0ab94716e60e] INFO  segmented.SegmentedRaftLogWorker (SegmentedRaftLogWorker.java:run(313)) - 4965d918-7d48-4c81-bfd5-1db6c4aa1876-SegmentedRaftLogWorker:Storage Directory /workdir/hadoop-ozone/integration-test/target/test-dir/MiniOzoneClusterImpl-7ddd5ee5-a40a-4c86-851d-b470bd6a03d9/datanode-4/data/ratis/bf74a57d-b243-4542-9415-0ab94716e60e was interrupted, exiting. There are 0 tasks remaining in the queue.
2019-08-28 08:11:20,245 [main] INFO  segmented.SegmentedRaftLogWorker (SegmentedRaftLogWorker.java:close(228)) - 4965d918-7d48-4c81-bfd5-1db6c4aa1876-SegmentedRaftLogWorker:Storage Directory /workdir/hadoop-ozone/integration-test/target/test-dir/MiniOzoneClusterImpl-7ddd5ee5-a40a-4c86-851d-b470bd6a03d9/datanode-4/data/ratis/bf74a57d-b243-4542-9415-0ab94716e60e close()
2019-08-28 08:11:20,249 [main] INFO  impl.RaftServerImpl (RaftServerImpl.java:lambda$shutdown$3(245)) - 4965d918-7d48-4c81-bfd5-1db6c4aa1876: shutdown group-B51CF34DBCE5
2019-08-28 08:11:20,249 [main] INFO  util.JmxRegister (JmxRegister.java:unregister(73)) - Successfully un-registered JMX Bean with object name Ratis:service=RaftServer,group=group-B51CF34DBCE5,id=4965d918-7d48-4c81-bfd5-1db6c4aa1876
2019-08-28 08:11:20,249 [main] INFO  impl.RoleInfo (RoleInfo.java:shutdownLeaderState(104)) - 4965d918-7d48-4c81-bfd5-1db6c4aa1876: shutdown LeaderState
2019-08-28 08:11:20,250 [main] INFO  impl.PendingRequests (PendingRequests.java:sendNotLeaderResponses(202)) - 4965d918-7d48-4c81-bfd5-1db6c4aa1876-PendingRequests: sendNotLeaderResponses
2019-08-28 08:11:20,250 [main] INFO  impl.StateMachineUpdater (StateMachineUpdater.java:stopAndJoin(115)) - StateMachineUpdater:4965d918-7d48-4c81-bfd5-1db6c4aa1876:group-B51CF34DBCE5: set stopIndex = 0
2019-08-28 08:11:20,250 [main] INFO  impl.RaftServerImpl (ServerState.java:close(394)) - 4965d918-7d48-4c81-bfd5-1db6c4aa1876:group-B51CF34DBCE5 closes. The last applied log index is 0
2019-08-28 08:11:20,251 [4965d918-7d48-4c81-bfd5-1db6c4aa1876-SegmentedRaftLogWorker:Storage Directory /workdir/hadoop-ozone/integration-test/target/test-dir/MiniOzoneClusterImpl-7ddd5ee5-a40a-4c86-851d-b470bd6a03d9/datanode-4/data/ratis/99a2daf7-0a5b-4944-b051-b51cf34dbce5] INFO  segmented.SegmentedRaftLogWorker (SegmentedRaftLogWorker.java:run(313)) - 4965d918-7d48-4c81-bfd5-1db6c4aa1876-SegmentedRaftLogWorker:Storage Directory /workdir/hadoop-ozone/integration-test/target/test-dir/MiniOzoneClusterImpl-7ddd5ee5-a40a-4c86-851d-b470bd6a03d9/datanode-4/data/ratis/99a2daf7-0a5b-4944-b051-b51cf34dbce5 was interrupted, exiting. There are 0 tasks remaining in the queue.
2019-08-28 08:11:20,253 [main] INFO  segmented.SegmentedRaftLogWorker (SegmentedRaftLogWorker.java:close(228)) - 4965d918-7d48-4c81-bfd5-1db6c4aa1876-SegmentedRaftLogWorker:Storage Directory /workdir/hadoop-ozone/integration-test/target/test-dir/MiniOzoneClusterImpl-7ddd5ee5-a40a-4c86-851d-b470bd6a03d9/datanode-4/data/ratis/99a2daf7-0a5b-4944-b051-b51cf34dbce5 close()
2019-08-28 08:11:20,257 [main] INFO  server.GrpcService (GrpcService.java:closeImpl(155)) - 4965d918-7d48-4c81-bfd5-1db6c4aa1876: shutdown server with port 43707 now
2019-08-28 08:11:20,258 [grpc-default-executor-5] WARN  server.GrpcServerProtocolService (LogUtils.java:warn(134)) - 4965d918-7d48-4c81-bfd5-1db6c4aa1876: appendEntries onError: org.apache.ratis.thirdparty.io.grpc.StatusRuntimeException: CANCELLED: cancelled before receiving half close
2019-08-28 08:11:20,258 [main] INFO  server.GrpcService (GrpcService.java:closeImpl(163)) - 4965d918-7d48-4c81-bfd5-1db6c4aa1876: shutdown server with port 43707 successfully
2019-08-28 08:11:20,260 [main] INFO  utils.BackgroundService (BackgroundService.java:shutdown(148)) - Shutting down service BlockDeletingService
2019-08-28 08:11:20,261 [grpc-default-executor-1] WARN  server.GrpcLogAppender (LogUtils.java:warn(134)) - 8cbf477b-3e43-4f67-88cd-555652ee8478->4965d918-7d48-4c81-bfd5-1db6c4aa1876: Failed appendEntries: org.apache.ratis.thirdparty.io.grpc.StatusRuntimeException: CANCELLED: HTTP/2 error code: CANCEL
Received Rst Stream
2019-08-28 08:11:20,263 [refreshUsed-/workdir/hadoop-ozone/integration-test/target/test-dir/MiniOzoneClusterImpl-7ddd5ee5-a40a-4c86-851d-b470bd6a03d9/datanode-4/data/containers] WARN  fs.CachingGetSpaceUsed (CachingGetSpaceUsed.java:run(183)) - Thread Interrupted waiting to refresh disk information: sleep interrupted
2019-08-28 08:11:20,267 [grpc-default-executor-1] INFO  impl.FollowerInfo (FollowerInfo.java:lambda$new$0(50)) - 8cbf477b-3e43-4f67-88cd-555652ee8478->4965d918-7d48-4c81-bfd5-1db6c4aa1876: nextIndex: updateUnconditionally 11 -> 10
2019-08-28 08:11:20,288 [main] INFO  statemachine.DatanodeStateMachine (DatanodeStateMachine.java:stopDaemon(395)) - Ozone container server stopped.
2019-08-28 08:11:20,289 [main] INFO  handler.ContextHandler (ContextHandler.java:doStop(910)) - Stopped o.e.j.w.WebAppContext@ad3f70a{/,null,UNAVAILABLE}{/hddsDatanode}
2019-08-28 08:11:20,290 [main] INFO  server.AbstractConnector (AbstractConnector.java:doStop(318)) - Stopped ServerConnector@54ccb3{HTTP/1.1,[http/1.1]}{0.0.0.0:0}
2019-08-28 08:11:20,290 [main] INFO  handler.ContextHandler (ContextHandler.java:doStop(910)) - Stopped o.e.j.s.ServletContextHandler@2ab09943{/static,jar:file:/home/user/.m2/repository/org/apache/hadoop/hadoop-hdds-container-service/0.5.0-SNAPSHOT/hadoop-hdds-container-service-0.5.0-SNAPSHOT.jar!/webapps/static,UNAVAILABLE}
2019-08-28 08:11:20,290 [main] INFO  handler.ContextHandler (ContextHandler.java:doStop(910)) - Stopped o.e.j.s.ServletContextHandler@374ccb9{/logs,file:///workdir/hadoop-ozone/integration-test/target/log,UNAVAILABLE}
]]></system-out>
  </testcase>
</testsuite>