<?xml version="1.0" encoding="UTF-8"?>
<testsuite xmlns:xsi="http://www.w3.org/2001/XMLSchema-instance" xsi:noNamespaceSchemaLocation="https://maven.apache.org/surefire/maven-surefire-plugin/xsd/surefire-test-report.xsd" name="org.apache.hadoop.fs.ozone.contract.ITestOzoneContractCreate" time="55.476" tests="11" errors="2" skipped="2" failures="0">
  <properties>
    <property name="awt.toolkit" value="sun.awt.X11.XToolkit"/>
    <property name="file.encoding.pkg" value="sun.io"/>
    <property name="java.specification.version" value="1.8"/>
    <property name="sun.cpu.isalist" value=""/>
    <property name="sun.jnu.encoding" value="UTF-8"/>
    <property name="java.class.path" value="/workdir/hadoop-ozone/ozonefs/target/test-classes:/workdir/hadoop-ozone/ozonefs/target/classes:/home/user/.m2/repository/org/apache/hadoop/hadoop-common/3.2.0/hadoop-common-3.2.0.jar:/home/user/.m2/repository/org/apache/hadoop/hadoop-annotations/3.2.0/hadoop-annotations-3.2.0.jar:/usr/lib/jvm/java-1.8-openjdk/jre/../lib/tools.jar:/home/user/.m2/repository/com/google/guava/guava/11.0.2/guava-11.0.2.jar:/home/user/.m2/repository/commons-cli/commons-cli/1.2/commons-cli-1.2.jar:/home/user/.m2/repository/org/apache/commons/commons-math3/3.1.1/commons-math3-3.1.1.jar:/home/user/.m2/repository/org/apache/httpcomponents/httpclient/4.5.2/httpclient-4.5.2.jar:/home/user/.m2/repository/org/apache/httpcomponents/httpcore/4.4.4/httpcore-4.4.4.jar:/home/user/.m2/repository/commons-codec/commons-codec/1.11/commons-codec-1.11.jar:/home/user/.m2/repository/commons-io/commons-io/2.5/commons-io-2.5.jar:/home/user/.m2/repository/commons-net/commons-net/3.6/commons-net-3.6.jar:/home/user/.m2/repository/commons-collections/commons-collections/3.2.2/commons-collections-3.2.2.jar:/home/user/.m2/repository/javax/servlet/javax.servlet-api/3.1.0/javax.servlet-api-3.1.0.jar:/home/user/.m2/repository/org/eclipse/jetty/jetty-server/9.3.24.v20180605/jetty-server-9.3.24.v20180605.jar:/home/user/.m2/repository/org/eclipse/jetty/jetty-http/9.3.24.v20180605/jetty-http-9.3.24.v20180605.jar:/home/user/.m2/repository/org/eclipse/jetty/jetty-io/9.3.24.v20180605/jetty-io-9.3.24.v20180605.jar:/home/user/.m2/repository/org/eclipse/jetty/jetty-util/9.3.24.v20180605/jetty-util-9.3.24.v20180605.jar:/home/user/.m2/repository/org/eclipse/jetty/jetty-servlet/9.3.24.v20180605/jetty-servlet-9.3.24.v20180605.jar:/home/user/.m2/repository/org/eclipse/jetty/jetty-security/9.3.24.v20180605/jetty-security-9.3.24.v20180605.jar:/home/user/.m2/repository/org/eclipse/jetty/jetty-webapp/9.3.24.v20180605/jetty-webapp-9.3.24.v20180605.jar:/home/user/.m2/repository/org/eclipse/jetty/jetty-xml/9.3.24.v20180605/jetty-xml-9.3.24.v20180605.jar:/home/user/.m2/repository/javax/servlet/jsp/jsp-api/2.1/jsp-api-2.1.jar:/home/user/.m2/repository/com/sun/jersey/jersey-core/1.19/jersey-core-1.19.jar:/home/user/.m2/repository/javax/ws/rs/jsr311-api/1.1.1/jsr311-api-1.1.1.jar:/home/user/.m2/repository/com/sun/jersey/jersey-servlet/1.19/jersey-servlet-1.19.jar:/home/user/.m2/repository/com/sun/jersey/jersey-json/1.19/jersey-json-1.19.jar:/home/user/.m2/repository/org/codehaus/jettison/jettison/1.1/jettison-1.1.jar:/home/user/.m2/repository/com/sun/xml/bind/jaxb-impl/2.3.0.1/jaxb-impl-2.3.0.1.jar:/home/user/.m2/repository/org/codehaus/jackson/jackson-core-asl/1.9.13/jackson-core-asl-1.9.13.jar:/home/user/.m2/repository/org/codehaus/jackson/jackson-mapper-asl/1.9.13/jackson-mapper-asl-1.9.13.jar:/home/user/.m2/repository/org/codehaus/jackson/jackson-jaxrs/1.9.13/jackson-jaxrs-1.9.13.jar:/home/user/.m2/repository/org/codehaus/jackson/jackson-xc/1.9.13/jackson-xc-1.9.13.jar:/home/user/.m2/repository/com/sun/jersey/jersey-server/1.19/jersey-server-1.19.jar:/home/user/.m2/repository/commons-logging/commons-logging/1.1.3/commons-logging-1.1.3.jar:/home/user/.m2/repository/log4j/log4j/1.2.17/log4j-1.2.17.jar:/home/user/.m2/repository/commons-beanutils/commons-beanutils/1.9.4/commons-beanutils-1.9.4.jar:/home/user/.m2/repository/org/apache/commons/commons-configuration2/2.1.1/commons-configuration2-2.1.1.jar:/home/user/.m2/repository/org/apache/commons/commons-lang3/3.7/commons-lang3-3.7.jar:/home/user/.m2/repository/org/apache/commons/commons-text/1.4/commons-text-1.4.jar:/home/user/.m2/repository/org/slf4j/slf4j-api/1.7.25/slf4j-api-1.7.25.jar:/home/user/.m2/repository/org/slf4j/slf4j-log4j12/1.7.25/slf4j-log4j12-1.7.25.jar:/home/user/.m2/repository/org/apache/avro/avro/1.7.7/avro-1.7.7.jar:/home/user/.m2/repository/com/thoughtworks/paranamer/paranamer/2.3/paranamer-2.3.jar:/home/user/.m2/repository/org/xerial/snappy/snappy-java/1.0.5/snappy-java-1.0.5.jar:/home/user/.m2/repository/com/google/re2j/re2j/1.1/re2j-1.1.jar:/home/user/.m2/repository/com/google/protobuf/protobuf-java/2.5.0/protobuf-java-2.5.0.jar:/home/user/.m2/repository/com/google/code/gson/gson/2.2.4/gson-2.2.4.jar:/home/user/.m2/repository/org/apache/hadoop/hadoop-auth/3.2.0/hadoop-auth-3.2.0.jar:/home/user/.m2/repository/com/nimbusds/nimbus-jose-jwt/4.41.1/nimbus-jose-jwt-4.41.1.jar:/home/user/.m2/repository/com/github/stephenc/jcip/jcip-annotations/1.0-1/jcip-annotations-1.0-1.jar:/home/user/.m2/repository/net/minidev/json-smart/2.3/json-smart-2.3.jar:/home/user/.m2/repository/net/minidev/accessors-smart/1.2/accessors-smart-1.2.jar:/home/user/.m2/repository/org/apache/curator/curator-framework/2.12.0/curator-framework-2.12.0.jar:/home/user/.m2/repository/com/jcraft/jsch/0.1.54/jsch-0.1.54.jar:/home/user/.m2/repository/org/apache/curator/curator-client/2.12.0/curator-client-2.12.0.jar:/home/user/.m2/repository/org/apache/curator/curator-recipes/2.12.0/curator-recipes-2.12.0.jar:/home/user/.m2/repository/com/google/code/findbugs/jsr305/3.0.0/jsr305-3.0.0.jar:/home/user/.m2/repository/org/apache/htrace/htrace-core4/4.1.0-incubating/htrace-core4-4.1.0-incubating.jar:/home/user/.m2/repository/org/apache/zookeeper/zookeeper/3.4.13/zookeeper-3.4.13.jar:/home/user/.m2/repository/org/apache/yetus/audience-annotations/0.5.0/audience-annotations-0.5.0.jar:/home/user/.m2/repository/org/apache/commons/commons-compress/1.4.1/commons-compress-1.4.1.jar:/home/user/.m2/repository/org/tukaani/xz/1.0/xz-1.0.jar:/home/user/.m2/repository/org/apache/kerby/kerb-simplekdc/1.0.1/kerb-simplekdc-1.0.1.jar:/home/user/.m2/repository/org/apache/kerby/kerb-client/1.0.1/kerb-client-1.0.1.jar:/home/user/.m2/repository/org/apache/kerby/kerby-config/1.0.1/kerby-config-1.0.1.jar:/home/user/.m2/repository/org/apache/kerby/kerb-core/1.0.1/kerb-core-1.0.1.jar:/home/user/.m2/repository/org/apache/kerby/kerby-pkix/1.0.1/kerby-pkix-1.0.1.jar:/home/user/.m2/repository/org/apache/kerby/kerby-asn1/1.0.1/kerby-asn1-1.0.1.jar:/home/user/.m2/repository/org/apache/kerby/kerby-util/1.0.1/kerby-util-1.0.1.jar:/home/user/.m2/repository/org/apache/kerby/kerb-common/1.0.1/kerb-common-1.0.1.jar:/home/user/.m2/repository/org/apache/kerby/kerb-crypto/1.0.1/kerb-crypto-1.0.1.jar:/home/user/.m2/repository/org/apache/kerby/kerb-util/1.0.1/kerb-util-1.0.1.jar:/home/user/.m2/repository/org/apache/kerby/token-provider/1.0.1/token-provider-1.0.1.jar:/home/user/.m2/repository/org/apache/kerby/kerb-admin/1.0.1/kerb-admin-1.0.1.jar:/home/user/.m2/repository/org/apache/kerby/kerb-server/1.0.1/kerb-server-1.0.1.jar:/home/user/.m2/repository/org/apache/kerby/kerb-identity/1.0.1/kerb-identity-1.0.1.jar:/home/user/.m2/repository/org/apache/kerby/kerby-xdr/1.0.1/kerby-xdr-1.0.1.jar:/home/user/.m2/repository/com/fasterxml/jackson/core/jackson-databind/2.9.9/jackson-databind-2.9.9.jar:/home/user/.m2/repository/com/fasterxml/jackson/core/jackson-annotations/2.9.9/jackson-annotations-2.9.9.jar:/home/user/.m2/repository/com/fasterxml/jackson/core/jackson-core/2.9.9/jackson-core-2.9.9.jar:/home/user/.m2/repository/org/codehaus/woodstox/stax2-api/3.1.4/stax2-api-3.1.4.jar:/home/user/.m2/repository/com/fasterxml/woodstox/woodstox-core/5.0.3/woodstox-core-5.0.3.jar:/home/user/.m2/repository/dnsjava/dnsjava/2.1.7/dnsjava-2.1.7.jar:/home/user/.m2/repository/org/apache/hadoop/hadoop-hdfs/3.2.0/hadoop-hdfs-3.2.0.jar:/home/user/.m2/repository/org/eclipse/jetty/jetty-util-ajax/9.3.24.v20180605/jetty-util-ajax-9.3.24.v20180605.jar:/home/user/.m2/repository/commons-daemon/commons-daemon/1.0.13/commons-daemon-1.0.13.jar:/home/user/.m2/repository/io/netty/netty/3.10.5.Final/netty-3.10.5.Final.jar:/home/user/.m2/repository/io/netty/netty-all/4.0.52.Final/netty-all-4.0.52.Final.jar:/home/user/.m2/repository/org/fusesource/leveldbjni/leveldbjni-all/1.8/leveldbjni-all-1.8.jar:/home/user/.m2/repository/org/apache/hadoop/hadoop-hdds-common/0.5.0-SNAPSHOT/hadoop-hdds-common-0.5.0-SNAPSHOT.jar:/home/user/.m2/repository/org/apache/hadoop/hadoop-hdds-config/0.5.0-SNAPSHOT/hadoop-hdds-config-0.5.0-SNAPSHOT.jar:/home/user/.m2/repository/javax/annotation/javax.annotation-api/1.2/javax.annotation-api-1.2.jar:/home/user/.m2/repository/org/apache/ratis/ratis-server/0.4.0-78e95b9-SNAPSHOT/ratis-server-0.4.0-78e95b9-SNAPSHOT.jar:/home/user/.m2/repository/org/apache/ratis/ratis-thirdparty-misc/0.2.0/ratis-thirdparty-misc-0.2.0.jar:/home/user/.m2/repository/org/apache/ratis/ratis-proto/0.4.0-78e95b9-SNAPSHOT/ratis-proto-0.4.0-78e95b9-SNAPSHOT.jar:/home/user/.m2/repository/org/apache/ratis/ratis-common/0.4.0-78e95b9-SNAPSHOT/ratis-common-0.4.0-78e95b9-SNAPSHOT.jar:/home/user/.m2/repository/org/apache/ratis/ratis-client/0.4.0-78e95b9-SNAPSHOT/ratis-client-0.4.0-78e95b9-SNAPSHOT.jar:/home/user/.m2/repository/org/apache/ratis/ratis-metrics/0.4.0-78e95b9-SNAPSHOT/ratis-metrics-0.4.0-78e95b9-SNAPSHOT.jar:/home/user/.m2/repository/com/github/joshelser/dropwizard-metrics-hadoop-metrics2-reporter/0.1.2/dropwizard-metrics-hadoop-metrics2-reporter-0.1.2.jar:/home/user/.m2/repository/io/dropwizard/metrics/metrics-jvm/3.2.5/metrics-jvm-3.2.5.jar:/home/user/.m2/repository/io/dropwizard/metrics/metrics-ganglia/3.2.5/metrics-ganglia-3.2.5.jar:/home/user/.m2/repository/info/ganglia/gmetric4j/gmetric4j/1.0.7/gmetric4j-1.0.7.jar:/home/user/.m2/repository/org/apache/ratis/ratis-netty/0.4.0-78e95b9-SNAPSHOT/ratis-netty-0.4.0-78e95b9-SNAPSHOT.jar:/home/user/.m2/repository/org/apache/ratis/ratis-grpc/0.4.0-78e95b9-SNAPSHOT/ratis-grpc-0.4.0-78e95b9-SNAPSHOT.jar:/home/user/.m2/repository/org/rocksdb/rocksdbjni/6.0.1/rocksdbjni-6.0.1.jar:/home/user/.m2/repository/org/apache/logging/log4j/log4j-api/2.11.0/log4j-api-2.11.0.jar:/home/user/.m2/repository/org/apache/logging/log4j/log4j-core/2.11.0/log4j-core-2.11.0.jar:/home/user/.m2/repository/com/lmax/disruptor/3.4.2/disruptor-3.4.2.jar:/home/user/.m2/repository/org/apache/commons/commons-pool2/2.6.0/commons-pool2-2.6.0.jar:/home/user/.m2/repository/org/bouncycastle/bcpkix-jdk15on/1.60/bcpkix-jdk15on-1.60.jar:/home/user/.m2/repository/commons-validator/commons-validator/1.6/commons-validator-1.6.jar:/home/user/.m2/repository/commons-digester/commons-digester/1.8.1/commons-digester-1.8.1.jar:/home/user/.m2/repository/io/jaegertracing/jaeger-client/0.33.1/jaeger-client-0.33.1.jar:/home/user/.m2/repository/io/jaegertracing/jaeger-thrift/0.33.1/jaeger-thrift-0.33.1.jar:/home/user/.m2/repository/org/apache/thrift/libthrift/0.11.0/libthrift-0.11.0.jar:/home/user/.m2/repository/com/squareup/okhttp3/okhttp/3.9.0/okhttp-3.9.0.jar:/home/user/.m2/repository/com/squareup/okio/okio/1.13.0/okio-1.13.0.jar:/home/user/.m2/repository/io/jaegertracing/jaeger-core/0.33.1/jaeger-core-0.33.1.jar:/home/user/.m2/repository/io/jaegertracing/jaeger-tracerresolver/0.33.1/jaeger-tracerresolver-0.33.1.jar:/home/user/.m2/repository/io/opentracing/contrib/opentracing-tracerresolver/0.1.5/opentracing-tracerresolver-0.1.5.jar:/home/user/.m2/repository/io/opentracing/opentracing-util/0.31.0/opentracing-util-0.31.0.jar:/home/user/.m2/repository/io/opentracing/opentracing-api/0.31.0/opentracing-api-0.31.0.jar:/home/user/.m2/repository/io/opentracing/opentracing-noop/0.31.0/opentracing-noop-0.31.0.jar:/home/user/.m2/repository/org/yaml/snakeyaml/1.16/snakeyaml-1.16.jar:/home/user/.m2/repository/org/apache/hadoop/hadoop-hdfs-client/3.2.0/hadoop-hdfs-client-3.2.0.jar:/home/user/.m2/repository/info/picocli/picocli/3.9.6/picocli-3.9.6.jar:/home/user/.m2/repository/org/apache/hadoop/hadoop-hdds-server-scm/0.5.0-SNAPSHOT/hadoop-hdds-server-scm-0.5.0-SNAPSHOT.jar:/home/user/.m2/repository/org/apache/hadoop/hadoop-hdds-docs/0.5.0-SNAPSHOT/hadoop-hdds-docs-0.5.0-SNAPSHOT.jar:/home/user/.m2/repository/io/dropwizard/metrics/metrics-core/3.2.4/metrics-core-3.2.4.jar:/home/user/.m2/repository/org/hamcrest/hamcrest-all/1.3/hamcrest-all-1.3.jar:/home/user/.m2/repository/org/bouncycastle/bcprov-jdk15on/1.60/bcprov-jdk15on-1.60.jar:/home/user/.m2/repository/org/apache/hadoop/hadoop-hdds-server-framework/0.5.0-SNAPSHOT/hadoop-hdds-server-framework-0.5.0-SNAPSHOT.jar:/home/user/.m2/repository/org/apache/hadoop/hadoop-ozone-ozone-manager/0.5.0-SNAPSHOT/hadoop-ozone-ozone-manager-0.5.0-SNAPSHOT.jar:/home/user/.m2/repository/org/apache/hadoop/hadoop-hdds-container-service/0.5.0-SNAPSHOT/hadoop-hdds-container-service-0.5.0-SNAPSHOT.jar:/home/user/.m2/repository/org/apache/hadoop/hadoop-hdds-client/0.5.0-SNAPSHOT/hadoop-hdds-client-0.5.0-SNAPSHOT.jar:/home/user/.m2/repository/org/apache/hadoop/hadoop-ozone-common/0.5.0-SNAPSHOT/hadoop-ozone-common-0.5.0-SNAPSHOT.jar:/home/user/.m2/repository/org/apache/hadoop/hadoop-hdds-tools/0.5.0-SNAPSHOT/hadoop-hdds-tools-0.5.0-SNAPSHOT.jar:/home/user/.m2/repository/org/xerial/sqlite-jdbc/3.25.2/sqlite-jdbc-3.25.2.jar:/home/user/.m2/repository/com/google/code/findbugs/findbugs/3.0.1/findbugs-3.0.1.jar:/home/user/.m2/repository/net/jcip/jcip-annotations/1.0/jcip-annotations-1.0.jar:/home/user/.m2/repository/com/google/code/findbugs/bcel-findbugs/6.0/bcel-findbugs-6.0.jar:/home/user/.m2/repository/com/google/code/findbugs/jFormatString/2.0.1/jFormatString-2.0.1.jar:/home/user/.m2/repository/dom4j/dom4j/1.6.1/dom4j-1.6.1.jar:/home/user/.m2/repository/xml-apis/xml-apis/1.0.b2/xml-apis-1.0.b2.jar:/home/user/.m2/repository/org/ow2/asm/asm-debug-all/5.0.2/asm-debug-all-5.0.2.jar:/home/user/.m2/repository/org/ow2/asm/asm-commons/5.0.2/asm-commons-5.0.2.jar:/home/user/.m2/repository/org/ow2/asm/asm-tree/5.0.2/asm-tree-5.0.2.jar:/home/user/.m2/repository/org/ow2/asm/asm/5.0.4/asm-5.0.4.jar:/home/user/.m2/repository/commons-lang/commons-lang/2.6/commons-lang-2.6.jar:/home/user/.m2/repository/com/apple/AppleJavaExtensions/1.4/AppleJavaExtensions-1.4.jar:/home/user/.m2/repository/jaxen/jaxen/1.1.6/jaxen-1.1.6.jar:/home/user/.m2/repository/org/apache/hadoop/hadoop-common/3.2.0/hadoop-common-3.2.0-tests.jar:/home/user/.m2/repository/org/apache/hadoop/hadoop-ozone-client/0.5.0-SNAPSHOT/hadoop-ozone-client-0.5.0-SNAPSHOT.jar:/home/user/.m2/repository/org/apache/hadoop/hadoop-hdfs/3.2.0/hadoop-hdfs-3.2.0-tests.jar:/workdir/hadoop-ozone/integration-test/target/test-classes:/home/user/.m2/repository/org/apache/hadoop/hadoop-ozone-s3gateway/0.5.0-SNAPSHOT/hadoop-ozone-s3gateway-0.5.0-SNAPSHOT.jar:/home/user/.m2/repository/org/jboss/weld/servlet/weld-servlet/2.4.7.Final/weld-servlet-2.4.7.Final.jar:/home/user/.m2/repository/org/glassfish/jersey/containers/jersey-container-servlet-core/2.27/jersey-container-servlet-core-2.27.jar:/home/user/.m2/repository/org/glassfish/hk2/external/javax.inject/2.5.0-b42/javax.inject-2.5.0-b42.jar:/home/user/.m2/repository/org/glassfish/jersey/core/jersey-common/2.27/jersey-common-2.27.jar:/home/user/.m2/repository/org/glassfish/hk2/osgi-resource-locator/1.0.1/osgi-resource-locator-1.0.1.jar:/home/user/.m2/repository/javax/ws/rs/javax.ws.rs-api/2.1/javax.ws.rs-api-2.1.jar:/home/user/.m2/repository/org/glassfish/jersey/ext/cdi/jersey-cdi1x/2.27/jersey-cdi1x-2.27.jar:/home/user/.m2/repository/org/glassfish/jersey/inject/jersey-hk2/2.27/jersey-hk2-2.27.jar:/home/user/.m2/repository/org/glassfish/hk2/hk2-locator/2.5.0-b42/hk2-locator-2.5.0-b42.jar:/home/user/.m2/repository/org/javassist/javassist/3.22.0-CR2/javassist-3.22.0-CR2.jar:/home/user/.m2/repository/org/glassfish/hk2/hk2-api/2.5.0/hk2-api-2.5.0.jar:/home/user/.m2/repository/org/glassfish/hk2/external/jakarta.inject/2.5.0/jakarta.inject-2.5.0.jar:/home/user/.m2/repository/org/glassfish/hk2/hk2-utils/2.5.0/hk2-utils-2.5.0.jar:/home/user/.m2/repository/jakarta/annotation/jakarta.annotation-api/1.3.4/jakarta.annotation-api-1.3.4.jar:/home/user/.m2/repository/org/glassfish/hk2/external/aopalliance-repackaged/2.5.0/aopalliance-repackaged-2.5.0.jar:/home/user/.m2/repository/com/fasterxml/jackson/dataformat/jackson-dataformat-xml/2.9.0/jackson-dataformat-xml-2.9.0.jar:/home/user/.m2/repository/com/fasterxml/jackson/module/jackson-module-jaxb-annotations/2.9.9/jackson-module-jaxb-annotations-2.9.9.jar:/home/user/.m2/repository/javax/enterprise/cdi-api/1.2/cdi-api-1.2.jar:/home/user/.m2/repository/javax/el/javax.el-api/3.0.0/javax.el-api-3.0.0.jar:/home/user/.m2/repository/javax/interceptor/javax.interceptor-api/1.2/javax.interceptor-api-1.2.jar:/home/user/.m2/repository/javax/inject/javax.inject/1/javax.inject-1.jar:/home/user/.m2/repository/com/sun/xml/bind/jaxb-core/2.3.0.1/jaxb-core-2.3.0.1.jar:/home/user/.m2/repository/javax/xml/bind/jaxb-api/2.3.0/jaxb-api-2.3.0.jar:/home/user/.m2/repository/javax/activation/activation/1.1.1/activation-1.1.1.jar:/home/user/.m2/repository/org/apache/hadoop/hadoop-ozone-csi/0.5.0-SNAPSHOT/hadoop-ozone-csi-0.5.0-SNAPSHOT.jar:/home/user/.m2/repository/com/google/protobuf/protobuf-java-util/3.5.1/protobuf-java-util-3.5.1.jar:/home/user/.m2/repository/io/grpc/grpc-netty/1.17.1/grpc-netty-1.17.1.jar:/home/user/.m2/repository/io/grpc/grpc-core/1.17.1/grpc-core-1.17.1.jar:/home/user/.m2/repository/io/grpc/grpc-context/1.17.1/grpc-context-1.17.1.jar:/home/user/.m2/repository/com/google/errorprone/error_prone_annotations/2.2.0/error_prone_annotations-2.2.0.jar:/home/user/.m2/repository/org/codehaus/mojo/animal-sniffer-annotations/1.17/animal-sniffer-annotations-1.17.jar:/home/user/.m2/repository/io/opencensus/opencensus-api/0.17.0/opencensus-api-0.17.0.jar:/home/user/.m2/repository/io/opencensus/opencensus-contrib-grpc-metrics/0.17.0/opencensus-contrib-grpc-metrics-0.17.0.jar:/home/user/.m2/repository/io/netty/netty-codec-http2/4.1.30.Final/netty-codec-http2-4.1.30.Final.jar:/home/user/.m2/repository/io/netty/netty-codec-http/4.1.30.Final/netty-codec-http-4.1.30.Final.jar:/home/user/.m2/repository/io/netty/netty-codec/4.1.30.Final/netty-codec-4.1.30.Final.jar:/home/user/.m2/repository/io/netty/netty-handler/4.1.30.Final/netty-handler-4.1.30.Final.jar:/home/user/.m2/repository/io/netty/netty-handler-proxy/4.1.30.Final/netty-handler-proxy-4.1.30.Final.jar:/home/user/.m2/repository/io/netty/netty-codec-socks/4.1.30.Final/netty-codec-socks-4.1.30.Final.jar:/home/user/.m2/repository/io/netty/netty-transport-native-epoll/4.1.30.Final/netty-transport-native-epoll-4.1.30.Final.jar:/home/user/.m2/repository/io/netty/netty-common/4.1.30.Final/netty-common-4.1.30.Final.jar:/home/user/.m2/repository/io/netty/netty-buffer/4.1.30.Final/netty-buffer-4.1.30.Final.jar:/home/user/.m2/repository/io/netty/netty-transport/4.1.30.Final/netty-transport-4.1.30.Final.jar:/home/user/.m2/repository/io/netty/netty-resolver/4.1.30.Final/netty-resolver-4.1.30.Final.jar:/home/user/.m2/repository/io/netty/netty-transport-native-unix-common/4.1.30.Final/netty-transport-native-unix-common-4.1.30.Final.jar:/home/user/.m2/repository/io/grpc/grpc-protobuf/1.17.1/grpc-protobuf-1.17.1.jar:/home/user/.m2/repository/com/google/api/grpc/proto-google-common-protos/1.0.0/proto-google-common-protos-1.0.0.jar:/home/user/.m2/repository/io/grpc/grpc-protobuf-lite/1.17.1/grpc-protobuf-lite-1.17.1.jar:/home/user/.m2/repository/io/grpc/grpc-stub/1.17.1/grpc-stub-1.17.1.jar:/home/user/.m2/repository/org/apache/hadoop/hadoop-ozone-recon/0.5.0-SNAPSHOT/hadoop-ozone-recon-0.5.0-SNAPSHOT.jar:/home/user/.m2/repository/org/apache/hadoop/hadoop-ozone-reconcodegen/0.5.0-SNAPSHOT/hadoop-ozone-reconcodegen-0.5.0-SNAPSHOT.jar:/home/user/.m2/repository/com/google/inject/extensions/guice-multibindings/4.0/guice-multibindings-4.0.jar:/home/user/.m2/repository/com/google/inject/guice/4.0/guice-4.0.jar:/home/user/.m2/repository/aopalliance/aopalliance/1.0/aopalliance-1.0.jar:/home/user/.m2/repository/org/glassfish/jersey/containers/jersey-container-servlet/2.27/jersey-container-servlet-2.27.jar:/home/user/.m2/repository/org/glassfish/hk2/guice-bridge/2.5.0/guice-bridge-2.5.0.jar:/home/user/.m2/repository/org/glassfish/jersey/core/jersey-server/2.27/jersey-server-2.27.jar:/home/user/.m2/repository/org/glassfish/jersey/core/jersey-client/2.27/jersey-client-2.27.jar:/home/user/.m2/repository/org/glassfish/jersey/media/jersey-media-jaxb/2.27/jersey-media-jaxb-2.27.jar:/home/user/.m2/repository/javax/validation/validation-api/1.1.0.Final/validation-api-1.1.0.Final.jar:/home/user/.m2/repository/org/glassfish/jersey/media/jersey-media-json-jackson/2.27/jersey-media-json-jackson-2.27.jar:/home/user/.m2/repository/org/glassfish/jersey/ext/jersey-entity-filtering/2.27/jersey-entity-filtering-2.27.jar:/home/user/.m2/repository/com/google/inject/extensions/guice-assistedinject/4.0/guice-assistedinject-4.0.jar:/home/user/.m2/repository/org/jooq/jooq/3.11.10/jooq-3.11.10.jar:/home/user/.m2/repository/org/jooq/jooq-meta/3.11.10/jooq-meta-3.11.10.jar:/home/user/.m2/repository/org/jooq/jooq-codegen/3.11.10/jooq-codegen-3.11.10.jar:/home/user/.m2/repository/com/jolbox/bonecp/0.8.0.RELEASE/bonecp-0.8.0.RELEASE.jar:/home/user/.m2/repository/org/springframework/spring-jdbc/5.1.3.RELEASE/spring-jdbc-5.1.3.RELEASE.jar:/home/user/.m2/repository/org/springframework/spring-beans/5.1.3.RELEASE/spring-beans-5.1.3.RELEASE.jar:/home/user/.m2/repository/org/springframework/spring-core/5.1.3.RELEASE/spring-core-5.1.3.RELEASE.jar:/home/user/.m2/repository/org/springframework/spring-jcl/5.1.3.RELEASE/spring-jcl-5.1.3.RELEASE.jar:/home/user/.m2/repository/org/springframework/spring-tx/5.1.3.RELEASE/spring-tx-5.1.3.RELEASE.jar:/home/user/.m2/repository/org/mockito/mockito-all/1.10.19/mockito-all-1.10.19.jar:/home/user/.m2/repository/junit/junit/4.11/junit-4.11.jar:/home/user/.m2/repository/org/hamcrest/hamcrest-core/1.3/hamcrest-core-1.3.jar:/home/user/.m2/repository/org/apache/hadoop/hadoop-distcp/3.2.0/hadoop-distcp-3.2.0.jar:/home/user/.m2/repository/org/apache/hadoop/hadoop-distcp/3.2.0/hadoop-distcp-3.2.0-tests.jar:/home/user/.m2/repository/org/apache/hadoop/hadoop-mapreduce-client-jobclient/3.2.0/hadoop-mapreduce-client-jobclient-3.2.0.jar:/home/user/.m2/repository/org/apache/hadoop/hadoop-mapreduce-client-common/3.2.0/hadoop-mapreduce-client-common-3.2.0.jar:/home/user/.m2/repository/org/apache/hadoop/hadoop-yarn-common/3.2.0/hadoop-yarn-common-3.2.0.jar:/home/user/.m2/repository/org/apache/hadoop/hadoop-yarn-api/3.2.0/hadoop-yarn-api-3.2.0.jar:/home/user/.m2/repository/com/sun/jersey/jersey-client/1.19/jersey-client-1.19.jar:/home/user/.m2/repository/com/sun/jersey/contribs/jersey-guice/1.19/jersey-guice-1.19.jar:/home/user/.m2/repository/com/fasterxml/jackson/jaxrs/jackson-jaxrs-json-provider/2.9.9/jackson-jaxrs-json-provider-2.9.9.jar:/home/user/.m2/repository/com/fasterxml/jackson/jaxrs/jackson-jaxrs-base/2.9.9/jackson-jaxrs-base-2.9.9.jar:/home/user/.m2/repository/org/apache/hadoop/hadoop-yarn-client/3.2.0/hadoop-yarn-client-3.2.0.jar:/home/user/.m2/repository/org/apache/hadoop/hadoop-mapreduce-client-core/3.2.0/hadoop-mapreduce-client-core-3.2.0.jar:/home/user/.m2/repository/com/google/inject/extensions/guice-servlet/4.0/guice-servlet-4.0.jar:/home/user/.m2/repository/org/powermock/powermock-module-junit4/1.6.5/powermock-module-junit4-1.6.5.jar:/home/user/.m2/repository/org/powermock/powermock-module-junit4-common/1.6.5/powermock-module-junit4-common-1.6.5.jar:/home/user/.m2/repository/org/powermock/powermock-core/1.6.5/powermock-core-1.6.5.jar:/home/user/.m2/repository/org/powermock/powermock-reflect/1.6.5/powermock-reflect-1.6.5.jar:/home/user/.m2/repository/org/powermock/powermock-api-mockito/1.6.5/powermock-api-mockito-1.6.5.jar:/home/user/.m2/repository/org/mockito/mockito-core/1.10.19/mockito-core-1.10.19.jar:/home/user/.m2/repository/org/objenesis/objenesis/1.0/objenesis-1.0.jar:/home/user/.m2/repository/org/powermock/powermock-api-mockito-common/1.6.5/powermock-api-mockito-common-1.6.5.jar:/home/user/.m2/repository/org/powermock/powermock-api-support/1.6.5/powermock-api-support-1.6.5.jar:"/>
    <property name="java.vm.vendor" value="IcedTea"/>
    <property name="sun.arch.data.model" value="64"/>
    <property name="test.build.dir" value="/workdir/hadoop-ozone/ozonefs/target/test-dir"/>
    <property name="test.cache.data" value=""/>
    <property name="java.vendor.url" value="https://icedtea.classpath.org"/>
    <property name="user.timezone" value=""/>
    <property name="java.vm.specification.version" value="1.8"/>
    <property name="os.name" value="Linux"/>
    <property name="test.build.data" value="/workdir/hadoop-ozone/ozonefs/target/test-dir"/>
    <property name="user.country" value="US"/>
    <property name="sun.java.launcher" value="SUN_STANDARD"/>
    <property name="sun.boot.library.path" value="/usr/lib/jvm/java-1.8-openjdk/jre/lib/amd64"/>
    <property name="sun.java.command" value="/workdir/hadoop-ozone/ozonefs/target/surefire/surefirebooter991324298381498430.jar /workdir/hadoop-ozone/ozonefs/target/surefire 2019-09-18T17-14-22_688-jvmRun1 surefire622837977345068751tmp surefire_951487388542334968065tmp"/>
    <property name="test" value="!TestMiniChaosOzoneCluster"/>
    <property name="surefire.test.class.path" value="/workdir/hadoop-ozone/ozonefs/target/test-classes:/workdir/hadoop-ozone/ozonefs/target/classes:/home/user/.m2/repository/org/apache/hadoop/hadoop-common/3.2.0/hadoop-common-3.2.0.jar:/home/user/.m2/repository/org/apache/hadoop/hadoop-annotations/3.2.0/hadoop-annotations-3.2.0.jar:/usr/lib/jvm/java-1.8-openjdk/jre/../lib/tools.jar:/home/user/.m2/repository/com/google/guava/guava/11.0.2/guava-11.0.2.jar:/home/user/.m2/repository/commons-cli/commons-cli/1.2/commons-cli-1.2.jar:/home/user/.m2/repository/org/apache/commons/commons-math3/3.1.1/commons-math3-3.1.1.jar:/home/user/.m2/repository/org/apache/httpcomponents/httpclient/4.5.2/httpclient-4.5.2.jar:/home/user/.m2/repository/org/apache/httpcomponents/httpcore/4.4.4/httpcore-4.4.4.jar:/home/user/.m2/repository/commons-codec/commons-codec/1.11/commons-codec-1.11.jar:/home/user/.m2/repository/commons-io/commons-io/2.5/commons-io-2.5.jar:/home/user/.m2/repository/commons-net/commons-net/3.6/commons-net-3.6.jar:/home/user/.m2/repository/commons-collections/commons-collections/3.2.2/commons-collections-3.2.2.jar:/home/user/.m2/repository/javax/servlet/javax.servlet-api/3.1.0/javax.servlet-api-3.1.0.jar:/home/user/.m2/repository/org/eclipse/jetty/jetty-server/9.3.24.v20180605/jetty-server-9.3.24.v20180605.jar:/home/user/.m2/repository/org/eclipse/jetty/jetty-http/9.3.24.v20180605/jetty-http-9.3.24.v20180605.jar:/home/user/.m2/repository/org/eclipse/jetty/jetty-io/9.3.24.v20180605/jetty-io-9.3.24.v20180605.jar:/home/user/.m2/repository/org/eclipse/jetty/jetty-util/9.3.24.v20180605/jetty-util-9.3.24.v20180605.jar:/home/user/.m2/repository/org/eclipse/jetty/jetty-servlet/9.3.24.v20180605/jetty-servlet-9.3.24.v20180605.jar:/home/user/.m2/repository/org/eclipse/jetty/jetty-security/9.3.24.v20180605/jetty-security-9.3.24.v20180605.jar:/home/user/.m2/repository/org/eclipse/jetty/jetty-webapp/9.3.24.v20180605/jetty-webapp-9.3.24.v20180605.jar:/home/user/.m2/repository/org/eclipse/jetty/jetty-xml/9.3.24.v20180605/jetty-xml-9.3.24.v20180605.jar:/home/user/.m2/repository/javax/servlet/jsp/jsp-api/2.1/jsp-api-2.1.jar:/home/user/.m2/repository/com/sun/jersey/jersey-core/1.19/jersey-core-1.19.jar:/home/user/.m2/repository/javax/ws/rs/jsr311-api/1.1.1/jsr311-api-1.1.1.jar:/home/user/.m2/repository/com/sun/jersey/jersey-servlet/1.19/jersey-servlet-1.19.jar:/home/user/.m2/repository/com/sun/jersey/jersey-json/1.19/jersey-json-1.19.jar:/home/user/.m2/repository/org/codehaus/jettison/jettison/1.1/jettison-1.1.jar:/home/user/.m2/repository/com/sun/xml/bind/jaxb-impl/2.3.0.1/jaxb-impl-2.3.0.1.jar:/home/user/.m2/repository/org/codehaus/jackson/jackson-core-asl/1.9.13/jackson-core-asl-1.9.13.jar:/home/user/.m2/repository/org/codehaus/jackson/jackson-mapper-asl/1.9.13/jackson-mapper-asl-1.9.13.jar:/home/user/.m2/repository/org/codehaus/jackson/jackson-jaxrs/1.9.13/jackson-jaxrs-1.9.13.jar:/home/user/.m2/repository/org/codehaus/jackson/jackson-xc/1.9.13/jackson-xc-1.9.13.jar:/home/user/.m2/repository/com/sun/jersey/jersey-server/1.19/jersey-server-1.19.jar:/home/user/.m2/repository/commons-logging/commons-logging/1.1.3/commons-logging-1.1.3.jar:/home/user/.m2/repository/log4j/log4j/1.2.17/log4j-1.2.17.jar:/home/user/.m2/repository/commons-beanutils/commons-beanutils/1.9.4/commons-beanutils-1.9.4.jar:/home/user/.m2/repository/org/apache/commons/commons-configuration2/2.1.1/commons-configuration2-2.1.1.jar:/home/user/.m2/repository/org/apache/commons/commons-lang3/3.7/commons-lang3-3.7.jar:/home/user/.m2/repository/org/apache/commons/commons-text/1.4/commons-text-1.4.jar:/home/user/.m2/repository/org/slf4j/slf4j-api/1.7.25/slf4j-api-1.7.25.jar:/home/user/.m2/repository/org/slf4j/slf4j-log4j12/1.7.25/slf4j-log4j12-1.7.25.jar:/home/user/.m2/repository/org/apache/avro/avro/1.7.7/avro-1.7.7.jar:/home/user/.m2/repository/com/thoughtworks/paranamer/paranamer/2.3/paranamer-2.3.jar:/home/user/.m2/repository/org/xerial/snappy/snappy-java/1.0.5/snappy-java-1.0.5.jar:/home/user/.m2/repository/com/google/re2j/re2j/1.1/re2j-1.1.jar:/home/user/.m2/repository/com/google/protobuf/protobuf-java/2.5.0/protobuf-java-2.5.0.jar:/home/user/.m2/repository/com/google/code/gson/gson/2.2.4/gson-2.2.4.jar:/home/user/.m2/repository/org/apache/hadoop/hadoop-auth/3.2.0/hadoop-auth-3.2.0.jar:/home/user/.m2/repository/com/nimbusds/nimbus-jose-jwt/4.41.1/nimbus-jose-jwt-4.41.1.jar:/home/user/.m2/repository/com/github/stephenc/jcip/jcip-annotations/1.0-1/jcip-annotations-1.0-1.jar:/home/user/.m2/repository/net/minidev/json-smart/2.3/json-smart-2.3.jar:/home/user/.m2/repository/net/minidev/accessors-smart/1.2/accessors-smart-1.2.jar:/home/user/.m2/repository/org/apache/curator/curator-framework/2.12.0/curator-framework-2.12.0.jar:/home/user/.m2/repository/com/jcraft/jsch/0.1.54/jsch-0.1.54.jar:/home/user/.m2/repository/org/apache/curator/curator-client/2.12.0/curator-client-2.12.0.jar:/home/user/.m2/repository/org/apache/curator/curator-recipes/2.12.0/curator-recipes-2.12.0.jar:/home/user/.m2/repository/com/google/code/findbugs/jsr305/3.0.0/jsr305-3.0.0.jar:/home/user/.m2/repository/org/apache/htrace/htrace-core4/4.1.0-incubating/htrace-core4-4.1.0-incubating.jar:/home/user/.m2/repository/org/apache/zookeeper/zookeeper/3.4.13/zookeeper-3.4.13.jar:/home/user/.m2/repository/org/apache/yetus/audience-annotations/0.5.0/audience-annotations-0.5.0.jar:/home/user/.m2/repository/org/apache/commons/commons-compress/1.4.1/commons-compress-1.4.1.jar:/home/user/.m2/repository/org/tukaani/xz/1.0/xz-1.0.jar:/home/user/.m2/repository/org/apache/kerby/kerb-simplekdc/1.0.1/kerb-simplekdc-1.0.1.jar:/home/user/.m2/repository/org/apache/kerby/kerb-client/1.0.1/kerb-client-1.0.1.jar:/home/user/.m2/repository/org/apache/kerby/kerby-config/1.0.1/kerby-config-1.0.1.jar:/home/user/.m2/repository/org/apache/kerby/kerb-core/1.0.1/kerb-core-1.0.1.jar:/home/user/.m2/repository/org/apache/kerby/kerby-pkix/1.0.1/kerby-pkix-1.0.1.jar:/home/user/.m2/repository/org/apache/kerby/kerby-asn1/1.0.1/kerby-asn1-1.0.1.jar:/home/user/.m2/repository/org/apache/kerby/kerby-util/1.0.1/kerby-util-1.0.1.jar:/home/user/.m2/repository/org/apache/kerby/kerb-common/1.0.1/kerb-common-1.0.1.jar:/home/user/.m2/repository/org/apache/kerby/kerb-crypto/1.0.1/kerb-crypto-1.0.1.jar:/home/user/.m2/repository/org/apache/kerby/kerb-util/1.0.1/kerb-util-1.0.1.jar:/home/user/.m2/repository/org/apache/kerby/token-provider/1.0.1/token-provider-1.0.1.jar:/home/user/.m2/repository/org/apache/kerby/kerb-admin/1.0.1/kerb-admin-1.0.1.jar:/home/user/.m2/repository/org/apache/kerby/kerb-server/1.0.1/kerb-server-1.0.1.jar:/home/user/.m2/repository/org/apache/kerby/kerb-identity/1.0.1/kerb-identity-1.0.1.jar:/home/user/.m2/repository/org/apache/kerby/kerby-xdr/1.0.1/kerby-xdr-1.0.1.jar:/home/user/.m2/repository/com/fasterxml/jackson/core/jackson-databind/2.9.9/jackson-databind-2.9.9.jar:/home/user/.m2/repository/com/fasterxml/jackson/core/jackson-annotations/2.9.9/jackson-annotations-2.9.9.jar:/home/user/.m2/repository/com/fasterxml/jackson/core/jackson-core/2.9.9/jackson-core-2.9.9.jar:/home/user/.m2/repository/org/codehaus/woodstox/stax2-api/3.1.4/stax2-api-3.1.4.jar:/home/user/.m2/repository/com/fasterxml/woodstox/woodstox-core/5.0.3/woodstox-core-5.0.3.jar:/home/user/.m2/repository/dnsjava/dnsjava/2.1.7/dnsjava-2.1.7.jar:/home/user/.m2/repository/org/apache/hadoop/hadoop-hdfs/3.2.0/hadoop-hdfs-3.2.0.jar:/home/user/.m2/repository/org/eclipse/jetty/jetty-util-ajax/9.3.24.v20180605/jetty-util-ajax-9.3.24.v20180605.jar:/home/user/.m2/repository/commons-daemon/commons-daemon/1.0.13/commons-daemon-1.0.13.jar:/home/user/.m2/repository/io/netty/netty/3.10.5.Final/netty-3.10.5.Final.jar:/home/user/.m2/repository/io/netty/netty-all/4.0.52.Final/netty-all-4.0.52.Final.jar:/home/user/.m2/repository/org/fusesource/leveldbjni/leveldbjni-all/1.8/leveldbjni-all-1.8.jar:/home/user/.m2/repository/org/apache/hadoop/hadoop-hdds-common/0.5.0-SNAPSHOT/hadoop-hdds-common-0.5.0-SNAPSHOT.jar:/home/user/.m2/repository/org/apache/hadoop/hadoop-hdds-config/0.5.0-SNAPSHOT/hadoop-hdds-config-0.5.0-SNAPSHOT.jar:/home/user/.m2/repository/javax/annotation/javax.annotation-api/1.2/javax.annotation-api-1.2.jar:/home/user/.m2/repository/org/apache/ratis/ratis-server/0.4.0-78e95b9-SNAPSHOT/ratis-server-0.4.0-78e95b9-SNAPSHOT.jar:/home/user/.m2/repository/org/apache/ratis/ratis-thirdparty-misc/0.2.0/ratis-thirdparty-misc-0.2.0.jar:/home/user/.m2/repository/org/apache/ratis/ratis-proto/0.4.0-78e95b9-SNAPSHOT/ratis-proto-0.4.0-78e95b9-SNAPSHOT.jar:/home/user/.m2/repository/org/apache/ratis/ratis-common/0.4.0-78e95b9-SNAPSHOT/ratis-common-0.4.0-78e95b9-SNAPSHOT.jar:/home/user/.m2/repository/org/apache/ratis/ratis-client/0.4.0-78e95b9-SNAPSHOT/ratis-client-0.4.0-78e95b9-SNAPSHOT.jar:/home/user/.m2/repository/org/apache/ratis/ratis-metrics/0.4.0-78e95b9-SNAPSHOT/ratis-metrics-0.4.0-78e95b9-SNAPSHOT.jar:/home/user/.m2/repository/com/github/joshelser/dropwizard-metrics-hadoop-metrics2-reporter/0.1.2/dropwizard-metrics-hadoop-metrics2-reporter-0.1.2.jar:/home/user/.m2/repository/io/dropwizard/metrics/metrics-jvm/3.2.5/metrics-jvm-3.2.5.jar:/home/user/.m2/repository/io/dropwizard/metrics/metrics-ganglia/3.2.5/metrics-ganglia-3.2.5.jar:/home/user/.m2/repository/info/ganglia/gmetric4j/gmetric4j/1.0.7/gmetric4j-1.0.7.jar:/home/user/.m2/repository/org/apache/ratis/ratis-netty/0.4.0-78e95b9-SNAPSHOT/ratis-netty-0.4.0-78e95b9-SNAPSHOT.jar:/home/user/.m2/repository/org/apache/ratis/ratis-grpc/0.4.0-78e95b9-SNAPSHOT/ratis-grpc-0.4.0-78e95b9-SNAPSHOT.jar:/home/user/.m2/repository/org/rocksdb/rocksdbjni/6.0.1/rocksdbjni-6.0.1.jar:/home/user/.m2/repository/org/apache/logging/log4j/log4j-api/2.11.0/log4j-api-2.11.0.jar:/home/user/.m2/repository/org/apache/logging/log4j/log4j-core/2.11.0/log4j-core-2.11.0.jar:/home/user/.m2/repository/com/lmax/disruptor/3.4.2/disruptor-3.4.2.jar:/home/user/.m2/repository/org/apache/commons/commons-pool2/2.6.0/commons-pool2-2.6.0.jar:/home/user/.m2/repository/org/bouncycastle/bcpkix-jdk15on/1.60/bcpkix-jdk15on-1.60.jar:/home/user/.m2/repository/commons-validator/commons-validator/1.6/commons-validator-1.6.jar:/home/user/.m2/repository/commons-digester/commons-digester/1.8.1/commons-digester-1.8.1.jar:/home/user/.m2/repository/io/jaegertracing/jaeger-client/0.33.1/jaeger-client-0.33.1.jar:/home/user/.m2/repository/io/jaegertracing/jaeger-thrift/0.33.1/jaeger-thrift-0.33.1.jar:/home/user/.m2/repository/org/apache/thrift/libthrift/0.11.0/libthrift-0.11.0.jar:/home/user/.m2/repository/com/squareup/okhttp3/okhttp/3.9.0/okhttp-3.9.0.jar:/home/user/.m2/repository/com/squareup/okio/okio/1.13.0/okio-1.13.0.jar:/home/user/.m2/repository/io/jaegertracing/jaeger-core/0.33.1/jaeger-core-0.33.1.jar:/home/user/.m2/repository/io/jaegertracing/jaeger-tracerresolver/0.33.1/jaeger-tracerresolver-0.33.1.jar:/home/user/.m2/repository/io/opentracing/contrib/opentracing-tracerresolver/0.1.5/opentracing-tracerresolver-0.1.5.jar:/home/user/.m2/repository/io/opentracing/opentracing-util/0.31.0/opentracing-util-0.31.0.jar:/home/user/.m2/repository/io/opentracing/opentracing-api/0.31.0/opentracing-api-0.31.0.jar:/home/user/.m2/repository/io/opentracing/opentracing-noop/0.31.0/opentracing-noop-0.31.0.jar:/home/user/.m2/repository/org/yaml/snakeyaml/1.16/snakeyaml-1.16.jar:/home/user/.m2/repository/org/apache/hadoop/hadoop-hdfs-client/3.2.0/hadoop-hdfs-client-3.2.0.jar:/home/user/.m2/repository/info/picocli/picocli/3.9.6/picocli-3.9.6.jar:/home/user/.m2/repository/org/apache/hadoop/hadoop-hdds-server-scm/0.5.0-SNAPSHOT/hadoop-hdds-server-scm-0.5.0-SNAPSHOT.jar:/home/user/.m2/repository/org/apache/hadoop/hadoop-hdds-docs/0.5.0-SNAPSHOT/hadoop-hdds-docs-0.5.0-SNAPSHOT.jar:/home/user/.m2/repository/io/dropwizard/metrics/metrics-core/3.2.4/metrics-core-3.2.4.jar:/home/user/.m2/repository/org/hamcrest/hamcrest-all/1.3/hamcrest-all-1.3.jar:/home/user/.m2/repository/org/bouncycastle/bcprov-jdk15on/1.60/bcprov-jdk15on-1.60.jar:/home/user/.m2/repository/org/apache/hadoop/hadoop-hdds-server-framework/0.5.0-SNAPSHOT/hadoop-hdds-server-framework-0.5.0-SNAPSHOT.jar:/home/user/.m2/repository/org/apache/hadoop/hadoop-ozone-ozone-manager/0.5.0-SNAPSHOT/hadoop-ozone-ozone-manager-0.5.0-SNAPSHOT.jar:/home/user/.m2/repository/org/apache/hadoop/hadoop-hdds-container-service/0.5.0-SNAPSHOT/hadoop-hdds-container-service-0.5.0-SNAPSHOT.jar:/home/user/.m2/repository/org/apache/hadoop/hadoop-hdds-client/0.5.0-SNAPSHOT/hadoop-hdds-client-0.5.0-SNAPSHOT.jar:/home/user/.m2/repository/org/apache/hadoop/hadoop-ozone-common/0.5.0-SNAPSHOT/hadoop-ozone-common-0.5.0-SNAPSHOT.jar:/home/user/.m2/repository/org/apache/hadoop/hadoop-hdds-tools/0.5.0-SNAPSHOT/hadoop-hdds-tools-0.5.0-SNAPSHOT.jar:/home/user/.m2/repository/org/xerial/sqlite-jdbc/3.25.2/sqlite-jdbc-3.25.2.jar:/home/user/.m2/repository/com/google/code/findbugs/findbugs/3.0.1/findbugs-3.0.1.jar:/home/user/.m2/repository/net/jcip/jcip-annotations/1.0/jcip-annotations-1.0.jar:/home/user/.m2/repository/com/google/code/findbugs/bcel-findbugs/6.0/bcel-findbugs-6.0.jar:/home/user/.m2/repository/com/google/code/findbugs/jFormatString/2.0.1/jFormatString-2.0.1.jar:/home/user/.m2/repository/dom4j/dom4j/1.6.1/dom4j-1.6.1.jar:/home/user/.m2/repository/xml-apis/xml-apis/1.0.b2/xml-apis-1.0.b2.jar:/home/user/.m2/repository/org/ow2/asm/asm-debug-all/5.0.2/asm-debug-all-5.0.2.jar:/home/user/.m2/repository/org/ow2/asm/asm-commons/5.0.2/asm-commons-5.0.2.jar:/home/user/.m2/repository/org/ow2/asm/asm-tree/5.0.2/asm-tree-5.0.2.jar:/home/user/.m2/repository/org/ow2/asm/asm/5.0.4/asm-5.0.4.jar:/home/user/.m2/repository/commons-lang/commons-lang/2.6/commons-lang-2.6.jar:/home/user/.m2/repository/com/apple/AppleJavaExtensions/1.4/AppleJavaExtensions-1.4.jar:/home/user/.m2/repository/jaxen/jaxen/1.1.6/jaxen-1.1.6.jar:/home/user/.m2/repository/org/apache/hadoop/hadoop-common/3.2.0/hadoop-common-3.2.0-tests.jar:/home/user/.m2/repository/org/apache/hadoop/hadoop-ozone-client/0.5.0-SNAPSHOT/hadoop-ozone-client-0.5.0-SNAPSHOT.jar:/home/user/.m2/repository/org/apache/hadoop/hadoop-hdfs/3.2.0/hadoop-hdfs-3.2.0-tests.jar:/workdir/hadoop-ozone/integration-test/target/test-classes:/home/user/.m2/repository/org/apache/hadoop/hadoop-ozone-s3gateway/0.5.0-SNAPSHOT/hadoop-ozone-s3gateway-0.5.0-SNAPSHOT.jar:/home/user/.m2/repository/org/jboss/weld/servlet/weld-servlet/2.4.7.Final/weld-servlet-2.4.7.Final.jar:/home/user/.m2/repository/org/glassfish/jersey/containers/jersey-container-servlet-core/2.27/jersey-container-servlet-core-2.27.jar:/home/user/.m2/repository/org/glassfish/hk2/external/javax.inject/2.5.0-b42/javax.inject-2.5.0-b42.jar:/home/user/.m2/repository/org/glassfish/jersey/core/jersey-common/2.27/jersey-common-2.27.jar:/home/user/.m2/repository/org/glassfish/hk2/osgi-resource-locator/1.0.1/osgi-resource-locator-1.0.1.jar:/home/user/.m2/repository/javax/ws/rs/javax.ws.rs-api/2.1/javax.ws.rs-api-2.1.jar:/home/user/.m2/repository/org/glassfish/jersey/ext/cdi/jersey-cdi1x/2.27/jersey-cdi1x-2.27.jar:/home/user/.m2/repository/org/glassfish/jersey/inject/jersey-hk2/2.27/jersey-hk2-2.27.jar:/home/user/.m2/repository/org/glassfish/hk2/hk2-locator/2.5.0-b42/hk2-locator-2.5.0-b42.jar:/home/user/.m2/repository/org/javassist/javassist/3.22.0-CR2/javassist-3.22.0-CR2.jar:/home/user/.m2/repository/org/glassfish/hk2/hk2-api/2.5.0/hk2-api-2.5.0.jar:/home/user/.m2/repository/org/glassfish/hk2/external/jakarta.inject/2.5.0/jakarta.inject-2.5.0.jar:/home/user/.m2/repository/org/glassfish/hk2/hk2-utils/2.5.0/hk2-utils-2.5.0.jar:/home/user/.m2/repository/jakarta/annotation/jakarta.annotation-api/1.3.4/jakarta.annotation-api-1.3.4.jar:/home/user/.m2/repository/org/glassfish/hk2/external/aopalliance-repackaged/2.5.0/aopalliance-repackaged-2.5.0.jar:/home/user/.m2/repository/com/fasterxml/jackson/dataformat/jackson-dataformat-xml/2.9.0/jackson-dataformat-xml-2.9.0.jar:/home/user/.m2/repository/com/fasterxml/jackson/module/jackson-module-jaxb-annotations/2.9.9/jackson-module-jaxb-annotations-2.9.9.jar:/home/user/.m2/repository/javax/enterprise/cdi-api/1.2/cdi-api-1.2.jar:/home/user/.m2/repository/javax/el/javax.el-api/3.0.0/javax.el-api-3.0.0.jar:/home/user/.m2/repository/javax/interceptor/javax.interceptor-api/1.2/javax.interceptor-api-1.2.jar:/home/user/.m2/repository/javax/inject/javax.inject/1/javax.inject-1.jar:/home/user/.m2/repository/com/sun/xml/bind/jaxb-core/2.3.0.1/jaxb-core-2.3.0.1.jar:/home/user/.m2/repository/javax/xml/bind/jaxb-api/2.3.0/jaxb-api-2.3.0.jar:/home/user/.m2/repository/javax/activation/activation/1.1.1/activation-1.1.1.jar:/home/user/.m2/repository/org/apache/hadoop/hadoop-ozone-csi/0.5.0-SNAPSHOT/hadoop-ozone-csi-0.5.0-SNAPSHOT.jar:/home/user/.m2/repository/com/google/protobuf/protobuf-java-util/3.5.1/protobuf-java-util-3.5.1.jar:/home/user/.m2/repository/io/grpc/grpc-netty/1.17.1/grpc-netty-1.17.1.jar:/home/user/.m2/repository/io/grpc/grpc-core/1.17.1/grpc-core-1.17.1.jar:/home/user/.m2/repository/io/grpc/grpc-context/1.17.1/grpc-context-1.17.1.jar:/home/user/.m2/repository/com/google/errorprone/error_prone_annotations/2.2.0/error_prone_annotations-2.2.0.jar:/home/user/.m2/repository/org/codehaus/mojo/animal-sniffer-annotations/1.17/animal-sniffer-annotations-1.17.jar:/home/user/.m2/repository/io/opencensus/opencensus-api/0.17.0/opencensus-api-0.17.0.jar:/home/user/.m2/repository/io/opencensus/opencensus-contrib-grpc-metrics/0.17.0/opencensus-contrib-grpc-metrics-0.17.0.jar:/home/user/.m2/repository/io/netty/netty-codec-http2/4.1.30.Final/netty-codec-http2-4.1.30.Final.jar:/home/user/.m2/repository/io/netty/netty-codec-http/4.1.30.Final/netty-codec-http-4.1.30.Final.jar:/home/user/.m2/repository/io/netty/netty-codec/4.1.30.Final/netty-codec-4.1.30.Final.jar:/home/user/.m2/repository/io/netty/netty-handler/4.1.30.Final/netty-handler-4.1.30.Final.jar:/home/user/.m2/repository/io/netty/netty-handler-proxy/4.1.30.Final/netty-handler-proxy-4.1.30.Final.jar:/home/user/.m2/repository/io/netty/netty-codec-socks/4.1.30.Final/netty-codec-socks-4.1.30.Final.jar:/home/user/.m2/repository/io/netty/netty-transport-native-epoll/4.1.30.Final/netty-transport-native-epoll-4.1.30.Final.jar:/home/user/.m2/repository/io/netty/netty-common/4.1.30.Final/netty-common-4.1.30.Final.jar:/home/user/.m2/repository/io/netty/netty-buffer/4.1.30.Final/netty-buffer-4.1.30.Final.jar:/home/user/.m2/repository/io/netty/netty-transport/4.1.30.Final/netty-transport-4.1.30.Final.jar:/home/user/.m2/repository/io/netty/netty-resolver/4.1.30.Final/netty-resolver-4.1.30.Final.jar:/home/user/.m2/repository/io/netty/netty-transport-native-unix-common/4.1.30.Final/netty-transport-native-unix-common-4.1.30.Final.jar:/home/user/.m2/repository/io/grpc/grpc-protobuf/1.17.1/grpc-protobuf-1.17.1.jar:/home/user/.m2/repository/com/google/api/grpc/proto-google-common-protos/1.0.0/proto-google-common-protos-1.0.0.jar:/home/user/.m2/repository/io/grpc/grpc-protobuf-lite/1.17.1/grpc-protobuf-lite-1.17.1.jar:/home/user/.m2/repository/io/grpc/grpc-stub/1.17.1/grpc-stub-1.17.1.jar:/home/user/.m2/repository/org/apache/hadoop/hadoop-ozone-recon/0.5.0-SNAPSHOT/hadoop-ozone-recon-0.5.0-SNAPSHOT.jar:/home/user/.m2/repository/org/apache/hadoop/hadoop-ozone-reconcodegen/0.5.0-SNAPSHOT/hadoop-ozone-reconcodegen-0.5.0-SNAPSHOT.jar:/home/user/.m2/repository/com/google/inject/extensions/guice-multibindings/4.0/guice-multibindings-4.0.jar:/home/user/.m2/repository/com/google/inject/guice/4.0/guice-4.0.jar:/home/user/.m2/repository/aopalliance/aopalliance/1.0/aopalliance-1.0.jar:/home/user/.m2/repository/org/glassfish/jersey/containers/jersey-container-servlet/2.27/jersey-container-servlet-2.27.jar:/home/user/.m2/repository/org/glassfish/hk2/guice-bridge/2.5.0/guice-bridge-2.5.0.jar:/home/user/.m2/repository/org/glassfish/jersey/core/jersey-server/2.27/jersey-server-2.27.jar:/home/user/.m2/repository/org/glassfish/jersey/core/jersey-client/2.27/jersey-client-2.27.jar:/home/user/.m2/repository/org/glassfish/jersey/media/jersey-media-jaxb/2.27/jersey-media-jaxb-2.27.jar:/home/user/.m2/repository/javax/validation/validation-api/1.1.0.Final/validation-api-1.1.0.Final.jar:/home/user/.m2/repository/org/glassfish/jersey/media/jersey-media-json-jackson/2.27/jersey-media-json-jackson-2.27.jar:/home/user/.m2/repository/org/glassfish/jersey/ext/jersey-entity-filtering/2.27/jersey-entity-filtering-2.27.jar:/home/user/.m2/repository/com/google/inject/extensions/guice-assistedinject/4.0/guice-assistedinject-4.0.jar:/home/user/.m2/repository/org/jooq/jooq/3.11.10/jooq-3.11.10.jar:/home/user/.m2/repository/org/jooq/jooq-meta/3.11.10/jooq-meta-3.11.10.jar:/home/user/.m2/repository/org/jooq/jooq-codegen/3.11.10/jooq-codegen-3.11.10.jar:/home/user/.m2/repository/com/jolbox/bonecp/0.8.0.RELEASE/bonecp-0.8.0.RELEASE.jar:/home/user/.m2/repository/org/springframework/spring-jdbc/5.1.3.RELEASE/spring-jdbc-5.1.3.RELEASE.jar:/home/user/.m2/repository/org/springframework/spring-beans/5.1.3.RELEASE/spring-beans-5.1.3.RELEASE.jar:/home/user/.m2/repository/org/springframework/spring-core/5.1.3.RELEASE/spring-core-5.1.3.RELEASE.jar:/home/user/.m2/repository/org/springframework/spring-jcl/5.1.3.RELEASE/spring-jcl-5.1.3.RELEASE.jar:/home/user/.m2/repository/org/springframework/spring-tx/5.1.3.RELEASE/spring-tx-5.1.3.RELEASE.jar:/home/user/.m2/repository/org/mockito/mockito-all/1.10.19/mockito-all-1.10.19.jar:/home/user/.m2/repository/junit/junit/4.11/junit-4.11.jar:/home/user/.m2/repository/org/hamcrest/hamcrest-core/1.3/hamcrest-core-1.3.jar:/home/user/.m2/repository/org/apache/hadoop/hadoop-distcp/3.2.0/hadoop-distcp-3.2.0.jar:/home/user/.m2/repository/org/apache/hadoop/hadoop-distcp/3.2.0/hadoop-distcp-3.2.0-tests.jar:/home/user/.m2/repository/org/apache/hadoop/hadoop-mapreduce-client-jobclient/3.2.0/hadoop-mapreduce-client-jobclient-3.2.0.jar:/home/user/.m2/repository/org/apache/hadoop/hadoop-mapreduce-client-common/3.2.0/hadoop-mapreduce-client-common-3.2.0.jar:/home/user/.m2/repository/org/apache/hadoop/hadoop-yarn-common/3.2.0/hadoop-yarn-common-3.2.0.jar:/home/user/.m2/repository/org/apache/hadoop/hadoop-yarn-api/3.2.0/hadoop-yarn-api-3.2.0.jar:/home/user/.m2/repository/com/sun/jersey/jersey-client/1.19/jersey-client-1.19.jar:/home/user/.m2/repository/com/sun/jersey/contribs/jersey-guice/1.19/jersey-guice-1.19.jar:/home/user/.m2/repository/com/fasterxml/jackson/jaxrs/jackson-jaxrs-json-provider/2.9.9/jackson-jaxrs-json-provider-2.9.9.jar:/home/user/.m2/repository/com/fasterxml/jackson/jaxrs/jackson-jaxrs-base/2.9.9/jackson-jaxrs-base-2.9.9.jar:/home/user/.m2/repository/org/apache/hadoop/hadoop-yarn-client/3.2.0/hadoop-yarn-client-3.2.0.jar:/home/user/.m2/repository/org/apache/hadoop/hadoop-mapreduce-client-core/3.2.0/hadoop-mapreduce-client-core-3.2.0.jar:/home/user/.m2/repository/com/google/inject/extensions/guice-servlet/4.0/guice-servlet-4.0.jar:/home/user/.m2/repository/org/powermock/powermock-module-junit4/1.6.5/powermock-module-junit4-1.6.5.jar:/home/user/.m2/repository/org/powermock/powermock-module-junit4-common/1.6.5/powermock-module-junit4-common-1.6.5.jar:/home/user/.m2/repository/org/powermock/powermock-core/1.6.5/powermock-core-1.6.5.jar:/home/user/.m2/repository/org/powermock/powermock-reflect/1.6.5/powermock-reflect-1.6.5.jar:/home/user/.m2/repository/org/powermock/powermock-api-mockito/1.6.5/powermock-api-mockito-1.6.5.jar:/home/user/.m2/repository/org/mockito/mockito-core/1.10.19/mockito-core-1.10.19.jar:/home/user/.m2/repository/org/objenesis/objenesis/1.0/objenesis-1.0.jar:/home/user/.m2/repository/org/powermock/powermock-api-mockito-common/1.6.5/powermock-api-mockito-common-1.6.5.jar:/home/user/.m2/repository/org/powermock/powermock-api-support/1.6.5/powermock-api-support-1.6.5.jar:"/>
    <property name="sun.cpu.endian" value="little"/>
    <property name="user.home" value="/home/user"/>
    <property name="user.language" value="en"/>
    <property name="java.specification.vendor" value="Oracle Corporation"/>
    <property name="java.home" value="/usr/lib/jvm/java-1.8-openjdk/jre"/>
    <property name="java.security.krb5.conf" value="/workdir/hadoop-ozone/ozonefs/target/test-classes/krb5.conf"/>
    <property name="basedir" value="/workdir/hadoop-ozone/ozonefs"/>
    <property name="file.separator" value="/"/>
    <property name="line.separator" value="&#10;"/>
    <property name="java.vm.specification.vendor" value="Oracle Corporation"/>
    <property name="java.specification.name" value="Java Platform API Specification"/>
    <property name="java.awt.graphicsenv" value="sun.awt.X11GraphicsEnvironment"/>
    <property name="surefire.real.class.path" value="/workdir/hadoop-ozone/ozonefs/target/surefire/surefirebooter991324298381498430.jar"/>
    <property name="hadoop.log.dir" value="/workdir/hadoop-ozone/ozonefs/target/log"/>
    <property name="sun.boot.class.path" value="/usr/lib/jvm/java-1.8-openjdk/jre/lib/resources.jar:/usr/lib/jvm/java-1.8-openjdk/jre/lib/rt.jar:/usr/lib/jvm/java-1.8-openjdk/jre/lib/sunrsasign.jar:/usr/lib/jvm/java-1.8-openjdk/jre/lib/jsse.jar:/usr/lib/jvm/java-1.8-openjdk/jre/lib/jce.jar:/usr/lib/jvm/java-1.8-openjdk/jre/lib/charsets.jar:/usr/lib/jvm/java-1.8-openjdk/jre/lib/jfr.jar:/usr/lib/jvm/java-1.8-openjdk/jre/classes"/>
    <property name="sun.management.compiler" value="HotSpot 64-Bit Tiered Compilers"/>
    <property name="java.runtime.version" value="1.8.0_212-b04"/>
    <property name="java.net.preferIPv4Stack" value="true"/>
    <property name="user.name" value="jenkins1000"/>
    <property name="path.separator" value=":"/>
    <property name="java.security.egd" value="file:///dev/urandom"/>
    <property name="os.version" value="3.10.0-957.12.2.el7.x86_64"/>
    <property name="java.endorsed.dirs" value="/usr/lib/jvm/java-1.8-openjdk/jre/lib/endorsed"/>
    <property name="java.runtime.name" value="OpenJDK Runtime Environment"/>
    <property name="file.encoding" value="UTF-8"/>
    <property name="java.vm.name" value="OpenJDK 64-Bit Server VM"/>
    <property name="test.build.webapps" value=""/>
    <property name="localRepository" value="/home/user/.m2/repository"/>
    <property name="java.vendor.url.bug" value="https://icedtea.classpath.org/bugzilla"/>
    <property name="java.io.tmpdir" value="/tmp"/>
    <property name="require.test.libhadoop" value=""/>
    <property name="java.version" value="1.8.0_212"/>
    <property name="user.dir" value="/workdir/hadoop-ozone/ozonefs"/>
    <property name="os.arch" value="amd64"/>
    <property name="java.vm.specification.name" value="Java Virtual Machine Specification"/>
    <property name="test.build.classes" value="/workdir/hadoop-ozone/ozonefs/target/test-classes"/>
    <property name="java.awt.printerjob" value="sun.print.PSPrinterJob"/>
    <property name="sun.os.patch.level" value="unknown"/>
    <property name="hadoop.tmp.dir" value="/workdir/hadoop-ozone/ozonefs/target/tmp"/>
    <property name="java.library.path" value="/usr/lib/jvm/java-1.8-openjdk/jre/lib/amd64/server:/usr/lib/jvm/java-1.8-openjdk/jre/lib/amd64:/usr/lib/jvm/java-1.8-openjdk/jre/../lib/amd64:/workdir/hadoop-ozone/ozonefs/target/native/target/usr/local/lib:/workdir/hadoop-ozone/ozonefs/../../hadoop-common-project/hadoop-common/target/native/target/usr/local/lib:/usr/java/packages/lib/amd64:/usr/lib64:/lib64:/lib:/usr/lib"/>
    <property name="java.vm.info" value="mixed mode"/>
    <property name="java.vendor" value="IcedTea"/>
    <property name="java.vm.version" value="25.212-b04"/>
    <property name="java.ext.dirs" value="/usr/lib/jvm/java-1.8-openjdk/jre/lib/ext:/usr/java/packages/lib/ext"/>
    <property name="sun.io.unicode.encoding" value="UnicodeLittle"/>
    <property name="java.class.version" value="52.0"/>
  </properties>
  <testcase name="testOverwriteNonEmptyDirectory" classname="org.apache.hadoop.fs.ozone.contract.ITestOzoneContractCreate" time="14.533">
    <error message="Allocated 0 blocks. Requested 1 blocks" type="INTERNAL_ERROR org.apache.hadoop.ozone.om.exceptions.OMException">INTERNAL_ERROR org.apache.hadoop.ozone.om.exceptions.OMException: Allocated 0 blocks. Requested 1 blocks
	at org.apache.hadoop.ozone.om.protocolPB.OzoneManagerProtocolClientSideTranslatorPB.handleError(OzoneManagerProtocolClientSideTranslatorPB.java:726)
	at org.apache.hadoop.ozone.om.protocolPB.OzoneManagerProtocolClientSideTranslatorPB.createFile(OzoneManagerProtocolClientSideTranslatorPB.java:1475)
	at sun.reflect.NativeMethodAccessorImpl.invoke0(Native Method)
	at sun.reflect.NativeMethodAccessorImpl.invoke(NativeMethodAccessorImpl.java:62)
	at sun.reflect.DelegatingMethodAccessorImpl.invoke(DelegatingMethodAccessorImpl.java:43)
	at java.lang.reflect.Method.invoke(Method.java:498)
	at org.apache.hadoop.hdds.tracing.TraceAllMethod.invoke(TraceAllMethod.java:66)
	at com.sun.proxy.$Proxy41.createFile(Unknown Source)
	at org.apache.hadoop.ozone.client.rpc.RpcClient.createFile(RpcClient.java:1009)
	at org.apache.hadoop.ozone.client.OzoneBucket.createFile(OzoneBucket.java:537)
	at org.apache.hadoop.fs.ozone.BasicOzoneClientAdapterImpl.createFile(BasicOzoneClientAdapterImpl.java:205)
	at org.apache.hadoop.fs.ozone.BasicOzoneFileSystem.createOutputStream(BasicOzoneFileSystem.java:250)
	at org.apache.hadoop.fs.ozone.BasicOzoneFileSystem.create(BasicOzoneFileSystem.java:231)
	at org.apache.hadoop.fs.FileSystem.create(FileSystem.java:1118)
	at org.apache.hadoop.fs.FileSystem.create(FileSystem.java:1098)
	at org.apache.hadoop.fs.FileSystem.create(FileSystem.java:987)
	at org.apache.hadoop.fs.contract.ContractTestUtils.createFile(ContractTestUtils.java:633)
	at org.apache.hadoop.fs.contract.ContractTestUtils.writeTextFile(ContractTestUtils.java:617)
	at org.apache.hadoop.fs.contract.AbstractContractCreateTest.testOverwriteNonEmptyDirectory(AbstractContractCreateTest.java:175)
	at org.apache.hadoop.fs.contract.AbstractContractCreateTest.testOverwriteNonEmptyDirectory(AbstractContractCreateTest.java:207)
	at sun.reflect.NativeMethodAccessorImpl.invoke0(Native Method)
	at sun.reflect.NativeMethodAccessorImpl.invoke(NativeMethodAccessorImpl.java:62)
	at sun.reflect.DelegatingMethodAccessorImpl.invoke(DelegatingMethodAccessorImpl.java:43)
	at java.lang.reflect.Method.invoke(Method.java:498)
	at org.junit.runners.model.FrameworkMethod$1.runReflectiveCall(FrameworkMethod.java:47)
	at org.junit.internal.runners.model.ReflectiveCallable.run(ReflectiveCallable.java:12)
	at org.junit.runners.model.FrameworkMethod.invokeExplosively(FrameworkMethod.java:44)
	at org.junit.internal.runners.statements.InvokeMethod.evaluate(InvokeMethod.java:17)
	at org.junit.internal.runners.statements.RunBefores.evaluate(RunBefores.java:26)
	at org.junit.internal.runners.statements.RunAfters.evaluate(RunAfters.java:27)
	at org.junit.rules.TestWatcher$1.evaluate(TestWatcher.java:55)
	at org.junit.internal.runners.statements.FailOnTimeout$StatementThread.run(FailOnTimeout.java:74)
</error>
    <system-out><![CDATA[2019-09-18 18:48:38,617 [JUnit] WARN  server.ServerUtils (ServerUtils.java:getScmDbDir(145)) - ozone.scm.db.dirs is not configured. We recommend adding this setting. Falling back to ozone.metadata.dirs instead.
2019-09-18 18:48:38,730 [JUnit] WARN  server.ServerUtils (ServerUtils.java:getScmDbDir(145)) - ozone.scm.db.dirs is not configured. We recommend adding this setting. Falling back to ozone.metadata.dirs instead.
2019-09-18 18:48:38,733 [JUnit] WARN  server.ServerUtils (ServerUtils.java:getScmDbDir(145)) - ozone.scm.db.dirs is not configured. We recommend adding this setting. Falling back to ozone.metadata.dirs instead.
2019-09-18 18:48:38,750 [JUnit] INFO  util.log (Log.java:initialized(192)) - Logging initialized @879ms
2019-09-18 18:48:38,859 [JUnit] INFO  db.DBStoreBuilder (DBStoreBuilder.java:addTable(110)) - using custom profile for table: deletedBlocks
2019-09-18 18:48:38,860 [JUnit] INFO  db.DBStoreBuilder (DBStoreBuilder.java:processTables(161)) - Using default column profile:DBProfile.DISK for Table:deletedBlocks
2019-09-18 18:48:38,861 [JUnit] INFO  db.DBStoreBuilder (DBStoreBuilder.java:addTable(110)) - using custom profile for table: validCerts
2019-09-18 18:48:38,861 [JUnit] INFO  db.DBStoreBuilder (DBStoreBuilder.java:processTables(161)) - Using default column profile:DBProfile.DISK for Table:validCerts
2019-09-18 18:48:38,862 [JUnit] INFO  db.DBStoreBuilder (DBStoreBuilder.java:addTable(110)) - using custom profile for table: revokedCerts
2019-09-18 18:48:38,862 [JUnit] INFO  db.DBStoreBuilder (DBStoreBuilder.java:processTables(161)) - Using default column profile:DBProfile.DISK for Table:revokedCerts
2019-09-18 18:48:38,881 [JUnit] INFO  db.DBStoreBuilder (DBStoreBuilder.java:addTable(110)) - using custom profile for table: default
2019-09-18 18:48:38,882 [JUnit] INFO  db.DBStoreBuilder (DBStoreBuilder.java:processTables(167)) - Using default column profile:DBProfile.DISK for Table:default
2019-09-18 18:48:38,884 [JUnit] INFO  db.DBStoreBuilder (DBStoreBuilder.java:getDbProfile(198)) - Using default options. DBProfile.DISK
2019-09-18 18:48:39,334 [JUnit] INFO  net.NodeSchemaLoader (NodeSchemaLoader.java:loadSchemaFromFile(125)) - Loading file from sun.misc.CompoundEnumeration@3c41ed1d
2019-09-18 18:48:39,336 [JUnit] INFO  net.NodeSchemaLoader (NodeSchemaLoader.java:loadSchema(171)) - Loading network topology layer schema file
2019-09-18 18:48:39,441 [JUnit] WARN  server.ServerUtils (ServerUtils.java:sanitizeUserArgs(70)) - ozone.scm.stale.node.interval value = 300000 is larger than max = 100000 based on the key value of ozone.scm.heartbeat.thread.interval, reset to the max value 100000.
2019-09-18 18:48:39,443 [JUnit] WARN  server.ServerUtils (ServerUtils.java:sanitizeUserArgs(70)) - ozone.scm.stale.node.interval value = 300000 is larger than max = 100000 based on the key value of ozone.scm.heartbeat.thread.interval, reset to the max value 100000.
2019-09-18 18:48:39,446 [JUnit] INFO  node.SCMNodeManager (SCMNodeManager.java:<init>(114)) - Entering startup safe mode.
2019-09-18 18:48:39,587 [JUnit] INFO  algorithms.ContainerPlacementPolicyFactory (ContainerPlacementPolicyFactory.java:getPolicy(57)) - Create container placement policy of type org.apache.hadoop.hdds.scm.container.placement.algorithms.SCMContainerPlacementRandom
2019-09-18 18:48:39,603 [JUnit] WARN  server.ServerUtils (ServerUtils.java:getScmDbDir(145)) - ozone.scm.db.dirs is not configured. We recommend adding this setting. Falling back to ozone.metadata.dirs instead.
2019-09-18 18:48:39,736 [JUnit] INFO  pipeline.SCMPipelineManager (SCMPipelineManager.java:initializePipelineState(128)) - No pipeline exists in current db
2019-09-18 18:48:39,739 [JUnit] WARN  server.ServerUtils (ServerUtils.java:getScmDbDir(145)) - ozone.scm.db.dirs is not configured. We recommend adding this setting. Falling back to ozone.metadata.dirs instead.
2019-09-18 18:48:39,927 [JUnit] WARN  events.EventQueue (EventQueue.java:fireEvent(183)) - No event handler registered for event TypedEvent{payloadType=SafeModeStatus, name='SafeModeStatus'}
2019-09-18 18:48:40,370 [JUnit] INFO  ipc.CallQueueManager (CallQueueManager.java:<init>(84)) - Using callQueue: class java.util.concurrent.LinkedBlockingQueue, queueCapacity: 2000, scheduler: class org.apache.hadoop.ipc.DefaultRpcScheduler, ipcBackoff: false.
2019-09-18 18:48:40,502 [Socket Reader #1 for port 43635] INFO  ipc.Server (Server.java:run(1074)) - Starting Socket Reader #1 for port 43635
2019-09-18 18:48:40,529 [JUnit] INFO  ipc.CallQueueManager (CallQueueManager.java:<init>(84)) - Using callQueue: class java.util.concurrent.LinkedBlockingQueue, queueCapacity: 2000, scheduler: class org.apache.hadoop.ipc.DefaultRpcScheduler, ipcBackoff: false.
2019-09-18 18:48:40,530 [Socket Reader #1 for port 45419] INFO  ipc.Server (Server.java:run(1074)) - Starting Socket Reader #1 for port 45419
2019-09-18 18:48:40,538 [JUnit] INFO  ipc.CallQueueManager (CallQueueManager.java:<init>(84)) - Using callQueue: class java.util.concurrent.LinkedBlockingQueue, queueCapacity: 2000, scheduler: class org.apache.hadoop.ipc.DefaultRpcScheduler, ipcBackoff: false.
2019-09-18 18:48:40,539 [Socket Reader #1 for port 36108] INFO  ipc.Server (Server.java:run(1074)) - Starting Socket Reader #1 for port 36108
2019-09-18 18:48:40,559 [JUnit] INFO  hdfs.DFSUtil (DFSUtil.java:httpServerTemplateForNNAndJN(1641)) - Starting Web-server for scm at: http://0.0.0.0:0
2019-09-18 18:48:40,670 [JUnit] INFO  server.AuthenticationFilter (AuthenticationFilter.java:constructSecretProvider(240)) - Unable to initialize FileSignerSecretProvider, falling back to use random secrets.
2019-09-18 18:48:40,686 [JUnit] WARN  http.HttpRequestLog (HttpRequestLog.java:getRequestLog(97)) - Jetty request log can only be enabled using Log4j
2019-09-18 18:48:40,696 [JUnit] INFO  http.HttpServer2 (HttpServer2.java:addGlobalFilter(975)) - Added global filter 'safety' (class=org.apache.hadoop.http.HttpServer2$QuotingInputFilter)
2019-09-18 18:48:40,699 [JUnit] INFO  http.HttpServer2 (HttpServer2.java:addFilter(948)) - Added filter static_user_filter (class=org.apache.hadoop.http.lib.StaticUserWebFilter$StaticUserFilter) to context scm
2019-09-18 18:48:40,699 [JUnit] INFO  http.HttpServer2 (HttpServer2.java:addFilter(958)) - Added filter static_user_filter (class=org.apache.hadoop.http.lib.StaticUserWebFilter$StaticUserFilter) to context logs
2019-09-18 18:48:40,699 [JUnit] INFO  http.HttpServer2 (HttpServer2.java:addFilter(958)) - Added filter static_user_filter (class=org.apache.hadoop.http.lib.StaticUserWebFilter$StaticUserFilter) to context static
2019-09-18 18:48:40,724 [JUnit] INFO  server.StorageContainerManager (StorageContainerManager.java:start(763)) - StorageContainerLocationProtocol RPC server is listening at /0.0.0.0:36108
2019-09-18 18:48:40,769 [JUnit] WARN  impl.MetricsConfig (MetricsConfig.java:loadFirst(134)) - Cannot locate configuration: tried hadoop-metrics2-storagecontainermanager.properties,hadoop-metrics2.properties
2019-09-18 18:48:40,781 [JUnit] INFO  impl.MetricsSystemImpl (MetricsSystemImpl.java:startTimer(374)) - Scheduled Metric snapshot period at 10 second(s).
2019-09-18 18:48:40,781 [JUnit] INFO  impl.MetricsSystemImpl (MetricsSystemImpl.java:start(191)) - StorageContainerManager metrics system started
2019-09-18 18:48:40,995 [JUnit] INFO  server.SCMClientProtocolServer (SCMClientProtocolServer.java:start(151)) - RPC server for Client  is listening at /0.0.0.0:36108
2019-09-18 18:48:40,995 [IPC Server Responder] INFO  ipc.Server (Server.java:run(1314)) - IPC Server Responder: starting
2019-09-18 18:48:40,995 [IPC Server listener on 36108] INFO  ipc.Server (Server.java:run(1153)) - IPC Server listener on 36108: starting
2019-09-18 18:48:40,998 [JUnit] INFO  server.StorageContainerManager (StorageContainerManager.java:start(773)) - ScmBlockLocationProtocol RPC server is listening at /0.0.0.0:45419
2019-09-18 18:48:41,000 [JUnit] INFO  server.SCMBlockProtocolServer (SCMBlockProtocolServer.java:start(146)) - RPC server for Block Protocol is listening at /0.0.0.0:45419
2019-09-18 18:48:41,000 [IPC Server Responder] INFO  ipc.Server (Server.java:run(1314)) - IPC Server Responder: starting
2019-09-18 18:48:41,000 [IPC Server listener on 45419] INFO  ipc.Server (Server.java:run(1153)) - IPC Server listener on 45419: starting
2019-09-18 18:48:41,002 [JUnit] INFO  server.StorageContainerManager (StorageContainerManager.java:start(777)) - ScmDatanodeProtocl RPC server is listening at /0.0.0.0:43635
2019-09-18 18:48:41,002 [JUnit] INFO  server.SCMDatanodeProtocolServer (SCMDatanodeProtocolServer.java:start(191)) - RPC server for DataNodes is listening at /0.0.0.0:43635
2019-09-18 18:48:41,003 [IPC Server Responder] INFO  ipc.Server (Server.java:run(1314)) - IPC Server Responder: starting
2019-09-18 18:48:41,003 [IPC Server listener on 43635] INFO  ipc.Server (Server.java:run(1153)) - IPC Server listener on 43635: starting
2019-09-18 18:48:41,006 [JUnit] INFO  http.HttpServer2 (HttpServer2.java:bindListener(1191)) - Jetty bound to port 43494
2019-09-18 18:48:41,008 [JUnit] INFO  server.Server (Server.java:doStart(351)) - jetty-9.3.24.v20180605, build timestamp: 2018-06-05T17:11:56Z, git hash: 84205aa28f11a4f31f2a3b86d1bba2cc8ab69827
2019-09-18 18:48:41,042 [JUnit] INFO  handler.ContextHandler (ContextHandler.java:doStart(781)) - Started o.e.j.s.ServletContextHandler@7b5a12ae{/logs,file:///workdir/hadoop-ozone/ozonefs/target/log,AVAILABLE}
2019-09-18 18:48:41,043 [JUnit] INFO  handler.ContextHandler (ContextHandler.java:doStart(781)) - Started o.e.j.s.ServletContextHandler@3f390d63{/static,jar:file:/home/user/.m2/repository/org/apache/hadoop/hadoop-hdds-server-scm/0.5.0-SNAPSHOT/hadoop-hdds-server-scm-0.5.0-SNAPSHOT.jar!/webapps/static,AVAILABLE}
2019-09-18 18:48:41,119 [JUnit] INFO  handler.ContextHandler (ContextHandler.java:doStart(781)) - Started o.e.j.w.WebAppContext@5149f008{/,file:///tmp/jetty-0.0.0.0-43494-scm-_-any-2762338186766726150.dir/webapp/,AVAILABLE}{/scm}
2019-09-18 18:48:41,125 [JUnit] INFO  server.AbstractConnector (AbstractConnector.java:doStart(278)) - Started ServerConnector@40f33492{HTTP/1.1,[http/1.1]}{0.0.0.0:43494}
2019-09-18 18:48:41,126 [JUnit] INFO  server.Server (Server.java:doStart(419)) - Started @3255ms
2019-09-18 18:48:41,131 [JUnit] INFO  impl.MetricsSinkAdapter (MetricsSinkAdapter.java:start(204)) - Sink prometheus started
2019-09-18 18:48:41,131 [JUnit] INFO  impl.MetricsSystemImpl (MetricsSystemImpl.java:registerSink(301)) - Registered sink prometheus
2019-09-18 18:48:41,133 [JUnit] INFO  server.BaseHttpServer (BaseHttpServer.java:updateConnectorAddress(215)) - HTTP server of SCM is listening at http://0.0.0.0:43494
2019-09-18 18:48:41,142 [org.apache.hadoop.util.JvmPauseMonitor$Monitor@384fc774] INFO  util.JvmPauseMonitor (JvmPauseMonitor.java:run(188)) - Starting JVM pause monitor
2019-09-18 18:48:41,145 [JUnit] WARN  server.ServerUtils (ServerUtils.java:getDBPath(222)) - ozone.om.db.dirs is not configured. We recommend adding this setting. Falling back to ozone.metadata.dirs instead.
2019-09-18 18:48:41,324 [JUnit] WARN  server.ServerUtils (ServerUtils.java:getDBPath(222)) - ozone.om.db.dirs is not configured. We recommend adding this setting. Falling back to ozone.metadata.dirs instead.
2019-09-18 18:48:41,325 [JUnit] WARN  server.ServerUtils (ServerUtils.java:getDBPath(222)) - ozone.om.db.dirs is not configured. We recommend adding this setting. Falling back to ozone.metadata.dirs instead.
2019-09-18 18:48:41,326 [JUnit] INFO  om.OzoneManager (OzoneManager.java:setOMNodeDetails(649)) - OM Service ID is not set. Setting it to the default ID: omServiceIdDefault
2019-09-18 18:48:41,326 [JUnit] INFO  om.OzoneManager (OzoneManager.java:setOMNodeDetails(655)) - OM Node ID is not set. Setting it to the OmStorage's OmID: 222ef552-2c71-40fb-b96e-0d85fcfc17c7
2019-09-18 18:48:41,328 [JUnit] INFO  om.OzoneManager (OzoneManager.java:loadOMHAConfigs(606)) - Found matching OM address with OMServiceId: null, OMNodeId: null, RPC Address: localhost:0 and Ratis port: 9872
2019-09-18 18:48:42,035 [JUnit] WARN  server.ServerUtils (ServerUtils.java:getDBPath(222)) - ozone.om.db.dirs is not configured. We recommend adding this setting. Falling back to ozone.metadata.dirs instead.
2019-09-18 18:48:42,044 [JUnit] INFO  db.DBStoreBuilder (DBStoreBuilder.java:addTable(110)) - using custom profile for table: userTable
2019-09-18 18:48:42,044 [JUnit] INFO  db.DBStoreBuilder (DBStoreBuilder.java:processTables(161)) - Using default column profile:DBProfile.DISK for Table:userTable
2019-09-18 18:48:42,044 [JUnit] INFO  db.DBStoreBuilder (DBStoreBuilder.java:addTable(110)) - using custom profile for table: volumeTable
2019-09-18 18:48:42,044 [JUnit] INFO  db.DBStoreBuilder (DBStoreBuilder.java:processTables(161)) - Using default column profile:DBProfile.DISK for Table:volumeTable
2019-09-18 18:48:42,045 [JUnit] INFO  db.DBStoreBuilder (DBStoreBuilder.java:addTable(110)) - using custom profile for table: bucketTable
2019-09-18 18:48:42,045 [JUnit] INFO  db.DBStoreBuilder (DBStoreBuilder.java:processTables(161)) - Using default column profile:DBProfile.DISK for Table:bucketTable
2019-09-18 18:48:42,045 [JUnit] INFO  db.DBStoreBuilder (DBStoreBuilder.java:addTable(110)) - using custom profile for table: keyTable
2019-09-18 18:48:42,045 [JUnit] INFO  db.DBStoreBuilder (DBStoreBuilder.java:processTables(161)) - Using default column profile:DBProfile.DISK for Table:keyTable
2019-09-18 18:48:42,045 [JUnit] INFO  db.DBStoreBuilder (DBStoreBuilder.java:addTable(110)) - using custom profile for table: deletedTable
2019-09-18 18:48:42,046 [JUnit] INFO  db.DBStoreBuilder (DBStoreBuilder.java:processTables(161)) - Using default column profile:DBProfile.DISK for Table:deletedTable
2019-09-18 18:48:42,046 [JUnit] INFO  db.DBStoreBuilder (DBStoreBuilder.java:addTable(110)) - using custom profile for table: openKeyTable
2019-09-18 18:48:42,046 [JUnit] INFO  db.DBStoreBuilder (DBStoreBuilder.java:processTables(161)) - Using default column profile:DBProfile.DISK for Table:openKeyTable
2019-09-18 18:48:42,046 [JUnit] INFO  db.DBStoreBuilder (DBStoreBuilder.java:addTable(110)) - using custom profile for table: s3Table
2019-09-18 18:48:42,046 [JUnit] INFO  db.DBStoreBuilder (DBStoreBuilder.java:processTables(161)) - Using default column profile:DBProfile.DISK for Table:s3Table
2019-09-18 18:48:42,047 [JUnit] INFO  db.DBStoreBuilder (DBStoreBuilder.java:addTable(110)) - using custom profile for table: multipartInfoTable
2019-09-18 18:48:42,047 [JUnit] INFO  db.DBStoreBuilder (DBStoreBuilder.java:processTables(161)) - Using default column profile:DBProfile.DISK for Table:multipartInfoTable
2019-09-18 18:48:42,047 [JUnit] INFO  db.DBStoreBuilder (DBStoreBuilder.java:addTable(110)) - using custom profile for table: dTokenTable
2019-09-18 18:48:42,047 [JUnit] INFO  db.DBStoreBuilder (DBStoreBuilder.java:processTables(161)) - Using default column profile:DBProfile.DISK for Table:dTokenTable
2019-09-18 18:48:42,048 [JUnit] INFO  db.DBStoreBuilder (DBStoreBuilder.java:addTable(110)) - using custom profile for table: s3SecretTable
2019-09-18 18:48:42,048 [JUnit] INFO  db.DBStoreBuilder (DBStoreBuilder.java:processTables(161)) - Using default column profile:DBProfile.DISK for Table:s3SecretTable
2019-09-18 18:48:42,048 [JUnit] INFO  db.DBStoreBuilder (DBStoreBuilder.java:addTable(110)) - using custom profile for table: prefixTable
2019-09-18 18:48:42,048 [JUnit] INFO  db.DBStoreBuilder (DBStoreBuilder.java:processTables(161)) - Using default column profile:DBProfile.DISK for Table:prefixTable
2019-09-18 18:48:42,048 [JUnit] INFO  db.DBStoreBuilder (DBStoreBuilder.java:addTable(110)) - using custom profile for table: default
2019-09-18 18:48:42,049 [JUnit] INFO  db.DBStoreBuilder (DBStoreBuilder.java:processTables(167)) - Using default column profile:DBProfile.DISK for Table:default
2019-09-18 18:48:42,049 [JUnit] INFO  db.DBStoreBuilder (DBStoreBuilder.java:getDbProfile(198)) - Using default options. DBProfile.DISK
2019-09-18 18:48:42,919 [JUnit] INFO  ipc.CallQueueManager (CallQueueManager.java:<init>(84)) - Using callQueue: class java.util.concurrent.LinkedBlockingQueue, queueCapacity: 2000, scheduler: class org.apache.hadoop.ipc.DefaultRpcScheduler, ipcBackoff: false.
2019-09-18 18:48:42,920 [Socket Reader #1 for port 37253] INFO  ipc.Server (Server.java:run(1074)) - Starting Socket Reader #1 for port 37253
2019-09-18 18:48:42,969 [JUnit] INFO  om.OzoneManager (OzoneManager.java:start(1240)) - OzoneManager RPC server is listening at localhost/127.0.0.1:37253
2019-09-18 18:48:42,970 [JUnit] INFO  impl.MetricsSystemImpl (MetricsSystemImpl.java:init(158)) - OzoneManager metrics system started (again)
2019-09-18 18:48:42,973 [IPC Server Responder] INFO  ipc.Server (Server.java:run(1314)) - IPC Server Responder: starting
2019-09-18 18:48:42,973 [IPC Server listener on 37253] INFO  ipc.Server (Server.java:run(1153)) - IPC Server listener on 37253: starting
2019-09-18 18:48:42,980 [JUnit] INFO  hdfs.DFSUtil (DFSUtil.java:httpServerTemplateForNNAndJN(1641)) - Starting Web-server for ozoneManager at: http://0.0.0.0:0
2019-09-18 18:48:42,984 [JUnit] INFO  server.AuthenticationFilter (AuthenticationFilter.java:constructSecretProvider(240)) - Unable to initialize FileSignerSecretProvider, falling back to use random secrets.
2019-09-18 18:48:42,985 [JUnit] WARN  http.HttpRequestLog (HttpRequestLog.java:getRequestLog(97)) - Jetty request log can only be enabled using Log4j
2019-09-18 18:48:42,988 [JUnit] INFO  http.HttpServer2 (HttpServer2.java:addGlobalFilter(975)) - Added global filter 'safety' (class=org.apache.hadoop.http.HttpServer2$QuotingInputFilter)
2019-09-18 18:48:42,990 [JUnit] INFO  http.HttpServer2 (HttpServer2.java:addFilter(948)) - Added filter static_user_filter (class=org.apache.hadoop.http.lib.StaticUserWebFilter$StaticUserFilter) to context ozoneManager
2019-09-18 18:48:42,990 [JUnit] INFO  http.HttpServer2 (HttpServer2.java:addFilter(958)) - Added filter static_user_filter (class=org.apache.hadoop.http.lib.StaticUserWebFilter$StaticUserFilter) to context logs
2019-09-18 18:48:42,990 [JUnit] INFO  http.HttpServer2 (HttpServer2.java:addFilter(958)) - Added filter static_user_filter (class=org.apache.hadoop.http.lib.StaticUserWebFilter$StaticUserFilter) to context static
2019-09-18 18:48:42,993 [JUnit] INFO  http.HttpServer2 (HttpServer2.java:bindListener(1191)) - Jetty bound to port 42456
2019-09-18 18:48:42,994 [JUnit] INFO  server.Server (Server.java:doStart(351)) - jetty-9.3.24.v20180605, build timestamp: 2018-06-05T17:11:56Z, git hash: 84205aa28f11a4f31f2a3b86d1bba2cc8ab69827
2019-09-18 18:48:42,996 [JUnit] INFO  handler.ContextHandler (ContextHandler.java:doStart(781)) - Started o.e.j.s.ServletContextHandler@770b3be0{/logs,file:///workdir/hadoop-ozone/ozonefs/target/log,AVAILABLE}
2019-09-18 18:48:42,997 [JUnit] INFO  handler.ContextHandler (ContextHandler.java:doStart(781)) - Started o.e.j.s.ServletContextHandler@51dbd6e4{/static,jar:file:/home/user/.m2/repository/org/apache/hadoop/hadoop-ozone-ozone-manager/0.5.0-SNAPSHOT/hadoop-ozone-ozone-manager-0.5.0-SNAPSHOT.jar!/webapps/static,AVAILABLE}
2019-09-18 18:48:43,074 [JUnit] INFO  handler.ContextHandler (ContextHandler.java:doStart(781)) - Started o.e.j.w.WebAppContext@3104351d{/,file:///tmp/jetty-0.0.0.0-42456-ozoneManager-_-any-8086640093897314235.dir/webapp/,AVAILABLE}{/ozoneManager}
2019-09-18 18:48:43,076 [JUnit] INFO  server.AbstractConnector (AbstractConnector.java:doStart(278)) - Started ServerConnector@77d18d0b{HTTP/1.1,[http/1.1]}{0.0.0.0:42456}
2019-09-18 18:48:43,077 [JUnit] INFO  server.Server (Server.java:doStart(419)) - Started @5206ms
2019-09-18 18:48:43,077 [JUnit] WARN  impl.MetricsSystemImpl (MetricsSystemImpl.java:register(276)) - Sink prometheus already exists!
2019-09-18 18:48:43,078 [JUnit] INFO  server.BaseHttpServer (BaseHttpServer.java:updateConnectorAddress(215)) - HTTP server of OZONEMANAGER is listening at http://0.0.0.0:42456
2019-09-18 18:48:43,462 [JUnit] INFO  impl.MetricsSystemImpl (MetricsSystemImpl.java:init(158)) - HddsDatanode metrics system started (again)
2019-09-18 18:48:43,525 [JUnit] INFO  ozone.HddsDatanodeService (HddsDatanodeService.java:start(184)) - HddsDatanodeService host:pr-hdds-2147-dpwbv-833026882 ip:192.168.5.155
2019-09-18 18:48:43,563 [JUnit] INFO  volume.HddsVolume (HddsVolume.java:<init>(176)) - Creating Volume: /workdir/hadoop-ozone/ozonefs/target/test-dir/MiniOzoneClusterImpl-73cf23c1-83a7-4206-ab66-ce25d85cfa2b/datanode-0/data/containers/hdds of  storage type : DISK and capacity : 1482555576320
2019-09-18 18:48:43,565 [JUnit] INFO  volume.VolumeSet (VolumeSet.java:initializeVolumeSet(170)) - Added Volume : /workdir/hadoop-ozone/ozonefs/target/test-dir/MiniOzoneClusterImpl-73cf23c1-83a7-4206-ab66-ce25d85cfa2b/datanode-0/data/containers/hdds to VolumeSet
2019-09-18 18:48:43,568 [JUnit] INFO  volume.ThrottledAsyncChecker (ThrottledAsyncChecker.java:schedule(139)) - Scheduling a check for org.apache.hadoop.ozone.container.common.volume.HddsVolume@7c2312fa
2019-09-18 18:48:43,587 [JUnit] INFO  volume.HddsVolumeChecker (HddsVolumeChecker.java:checkAllVolumes(202)) - Scheduled health check for volume org.apache.hadoop.ozone.container.common.volume.HddsVolume@7c2312fa
2019-09-18 18:48:43,743 [JUnit] INFO  impl.RaftServerProxy (ConfUtils.java:logGet(43)) - raft.rpc.type = GRPC (default)
2019-09-18 18:48:43,818 [JUnit] INFO  grpc.GrpcFactory (GrpcFactory.java:checkPooledByteBufAllocatorUseCacheForAllThreads(45)) - PERFORMANCE WARNING: useCacheForAllThreads is true that may cause Netty to create a lot garbage objects and, as a result, trigger GC.
	It is recommended to disable useCacheForAllThreads by setting -Dorg.apache.ratis.thirdparty.io.netty.allocator.useCacheForAllThreads=false in command line.
2019-09-18 18:48:43,823 [JUnit] INFO  grpc.GrpcConfigKeys$Server (ConfUtils.java:logGet(43)) - raft.grpc.server.port = 0 (default)
2019-09-18 18:48:43,824 [JUnit] INFO  server.GrpcService (ConfUtils.java:logGet(43)) - raft.grpc.message.size.max = 33570816 (custom)
2019-09-18 18:48:43,826 [JUnit] INFO  server.RaftServerConfigKeys (ConfUtils.java:logGet(43)) - raft.server.log.appender.buffer.byte-limit = 33554432 (custom)
2019-09-18 18:48:43,826 [JUnit] INFO  server.GrpcService (ConfUtils.java:logGet(43)) - raft.grpc.flow.control.window = 1MB (=1048576) (default)
2019-09-18 18:48:43,827 [JUnit] INFO  server.RaftServerConfigKeys (ConfUtils.java:logGet(43)) - raft.server.rpc.request.timeout = 3000ms (default)
2019-09-18 18:48:44,023 [JUnit] INFO  server.RaftServerConfigKeys (ConfUtils.java:logGet(43)) - raft.server.storage.dir = [/workdir/hadoop-ozone/ozonefs/target/test-dir/MiniOzoneClusterImpl-73cf23c1-83a7-4206-ab66-ce25d85cfa2b/datanode-0/data/ratis] (custom)
2019-09-18 18:48:44,084 [JUnit] INFO  hdfs.DFSUtil (DFSUtil.java:httpServerTemplateForNNAndJN(1641)) - Starting Web-server for hddsDatanode at: http://0.0.0.0:0
2019-09-18 18:48:44,086 [JUnit] INFO  server.AuthenticationFilter (AuthenticationFilter.java:constructSecretProvider(240)) - Unable to initialize FileSignerSecretProvider, falling back to use random secrets.
2019-09-18 18:48:44,087 [JUnit] WARN  http.HttpRequestLog (HttpRequestLog.java:getRequestLog(97)) - Jetty request log can only be enabled using Log4j
2019-09-18 18:48:44,089 [JUnit] INFO  http.HttpServer2 (HttpServer2.java:addGlobalFilter(975)) - Added global filter 'safety' (class=org.apache.hadoop.http.HttpServer2$QuotingInputFilter)
2019-09-18 18:48:44,090 [JUnit] INFO  http.HttpServer2 (HttpServer2.java:addFilter(948)) - Added filter static_user_filter (class=org.apache.hadoop.http.lib.StaticUserWebFilter$StaticUserFilter) to context hddsDatanode
2019-09-18 18:48:44,090 [JUnit] INFO  http.HttpServer2 (HttpServer2.java:addFilter(958)) - Added filter static_user_filter (class=org.apache.hadoop.http.lib.StaticUserWebFilter$StaticUserFilter) to context static
2019-09-18 18:48:44,090 [JUnit] INFO  http.HttpServer2 (HttpServer2.java:addFilter(958)) - Added filter static_user_filter (class=org.apache.hadoop.http.lib.StaticUserWebFilter$StaticUserFilter) to context logs
2019-09-18 18:48:44,091 [JUnit] INFO  http.HttpServer2 (HttpServer2.java:bindListener(1191)) - Jetty bound to port 42654
2019-09-18 18:48:44,091 [JUnit] INFO  server.Server (Server.java:doStart(351)) - jetty-9.3.24.v20180605, build timestamp: 2018-06-05T17:11:56Z, git hash: 84205aa28f11a4f31f2a3b86d1bba2cc8ab69827
2019-09-18 18:48:44,093 [JUnit] INFO  handler.ContextHandler (ContextHandler.java:doStart(781)) - Started o.e.j.s.ServletContextHandler@3cd9aa64{/logs,file:///workdir/hadoop-ozone/ozonefs/target/log,AVAILABLE}
2019-09-18 18:48:44,093 [JUnit] INFO  handler.ContextHandler (ContextHandler.java:doStart(781)) - Started o.e.j.s.ServletContextHandler@443effcb{/static,jar:file:/home/user/.m2/repository/org/apache/hadoop/hadoop-hdds-container-service/0.5.0-SNAPSHOT/hadoop-hdds-container-service-0.5.0-SNAPSHOT.jar!/webapps/static,AVAILABLE}
2019-09-18 18:48:44,122 [JUnit] INFO  handler.ContextHandler (ContextHandler.java:doStart(781)) - Started o.e.j.w.WebAppContext@698fee9a{/,file:///tmp/jetty-0.0.0.0-42654-hddsDatanode-_-any-3167318891007926439.dir/webapp/,AVAILABLE}{/hddsDatanode}
2019-09-18 18:48:44,124 [JUnit] INFO  server.AbstractConnector (AbstractConnector.java:doStart(278)) - Started ServerConnector@102c577f{HTTP/1.1,[http/1.1]}{0.0.0.0:42654}
2019-09-18 18:48:44,125 [JUnit] INFO  server.Server (Server.java:doStart(419)) - Started @6254ms
2019-09-18 18:48:44,125 [JUnit] WARN  impl.MetricsSystemImpl (MetricsSystemImpl.java:register(276)) - Sink prometheus already exists!
2019-09-18 18:48:44,126 [JUnit] INFO  server.BaseHttpServer (BaseHttpServer.java:updateConnectorAddress(215)) - HTTP server of HDDSDATANODE is listening at http://0.0.0.0:42654
2019-09-18 18:48:44,127 [JUnit] INFO  impl.MetricsSystemImpl (MetricsSystemImpl.java:init(158)) - HddsDatanode metrics system started (again)
2019-09-18 18:48:44,129 [JUnit] INFO  ozone.HddsDatanodeService (HddsDatanodeService.java:start(184)) - HddsDatanodeService host:pr-hdds-2147-dpwbv-833026882 ip:192.168.5.155
2019-09-18 18:48:44,131 [org.apache.hadoop.util.JvmPauseMonitor$Monitor@4013f399] INFO  util.JvmPauseMonitor (JvmPauseMonitor.java:run(188)) - Starting JVM pause monitor
2019-09-18 18:48:44,138 [JUnit] INFO  volume.HddsVolume (HddsVolume.java:<init>(176)) - Creating Volume: /workdir/hadoop-ozone/ozonefs/target/test-dir/MiniOzoneClusterImpl-73cf23c1-83a7-4206-ab66-ce25d85cfa2b/datanode-1/data/containers/hdds of  storage type : DISK and capacity : 1482555576320
2019-09-18 18:48:44,138 [JUnit] INFO  volume.VolumeSet (VolumeSet.java:initializeVolumeSet(170)) - Added Volume : /workdir/hadoop-ozone/ozonefs/target/test-dir/MiniOzoneClusterImpl-73cf23c1-83a7-4206-ab66-ce25d85cfa2b/datanode-1/data/containers/hdds to VolumeSet
2019-09-18 18:48:44,139 [JUnit] INFO  volume.ThrottledAsyncChecker (ThrottledAsyncChecker.java:schedule(139)) - Scheduling a check for org.apache.hadoop.ozone.container.common.volume.HddsVolume@44f24a20
2019-09-18 18:48:44,139 [JUnit] INFO  volume.HddsVolumeChecker (HddsVolumeChecker.java:checkAllVolumes(202)) - Scheduled health check for volume org.apache.hadoop.ozone.container.common.volume.HddsVolume@44f24a20
2019-09-18 18:48:44,160 [JUnit] INFO  impl.RaftServerProxy (ConfUtils.java:logGet(43)) - raft.rpc.type = GRPC (default)
2019-09-18 18:48:44,160 [JUnit] INFO  grpc.GrpcFactory (GrpcFactory.java:checkPooledByteBufAllocatorUseCacheForAllThreads(45)) - PERFORMANCE WARNING: useCacheForAllThreads is true that may cause Netty to create a lot garbage objects and, as a result, trigger GC.
	It is recommended to disable useCacheForAllThreads by setting -Dorg.apache.ratis.thirdparty.io.netty.allocator.useCacheForAllThreads=false in command line.
2019-09-18 18:48:44,160 [JUnit] INFO  grpc.GrpcConfigKeys$Server (ConfUtils.java:logGet(43)) - raft.grpc.server.port = 0 (default)
2019-09-18 18:48:44,161 [JUnit] INFO  server.GrpcService (ConfUtils.java:logGet(43)) - raft.grpc.message.size.max = 33570816 (custom)
2019-09-18 18:48:44,161 [JUnit] INFO  server.RaftServerConfigKeys (ConfUtils.java:logGet(43)) - raft.server.log.appender.buffer.byte-limit = 33554432 (custom)
2019-09-18 18:48:44,161 [JUnit] INFO  server.GrpcService (ConfUtils.java:logGet(43)) - raft.grpc.flow.control.window = 1MB (=1048576) (default)
2019-09-18 18:48:44,161 [JUnit] INFO  server.RaftServerConfigKeys (ConfUtils.java:logGet(43)) - raft.server.rpc.request.timeout = 3000ms (default)
2019-09-18 18:48:44,162 [JUnit] INFO  server.RaftServerConfigKeys (ConfUtils.java:logGet(43)) - raft.server.storage.dir = [/workdir/hadoop-ozone/ozonefs/target/test-dir/MiniOzoneClusterImpl-73cf23c1-83a7-4206-ab66-ce25d85cfa2b/datanode-1/data/ratis] (custom)
2019-09-18 18:48:44,163 [JUnit] INFO  hdfs.DFSUtil (DFSUtil.java:httpServerTemplateForNNAndJN(1641)) - Starting Web-server for hddsDatanode at: http://0.0.0.0:0
2019-09-18 18:48:44,166 [JUnit] INFO  server.AuthenticationFilter (AuthenticationFilter.java:constructSecretProvider(240)) - Unable to initialize FileSignerSecretProvider, falling back to use random secrets.
2019-09-18 18:48:44,167 [JUnit] WARN  http.HttpRequestLog (HttpRequestLog.java:getRequestLog(97)) - Jetty request log can only be enabled using Log4j
2019-09-18 18:48:44,169 [JUnit] INFO  http.HttpServer2 (HttpServer2.java:addGlobalFilter(975)) - Added global filter 'safety' (class=org.apache.hadoop.http.HttpServer2$QuotingInputFilter)
2019-09-18 18:48:44,170 [JUnit] INFO  http.HttpServer2 (HttpServer2.java:addFilter(948)) - Added filter static_user_filter (class=org.apache.hadoop.http.lib.StaticUserWebFilter$StaticUserFilter) to context hddsDatanode
2019-09-18 18:48:44,170 [JUnit] INFO  http.HttpServer2 (HttpServer2.java:addFilter(958)) - Added filter static_user_filter (class=org.apache.hadoop.http.lib.StaticUserWebFilter$StaticUserFilter) to context logs
2019-09-18 18:48:44,170 [JUnit] INFO  http.HttpServer2 (HttpServer2.java:addFilter(958)) - Added filter static_user_filter (class=org.apache.hadoop.http.lib.StaticUserWebFilter$StaticUserFilter) to context static
2019-09-18 18:48:44,171 [JUnit] INFO  http.HttpServer2 (HttpServer2.java:bindListener(1191)) - Jetty bound to port 38441
2019-09-18 18:48:44,171 [JUnit] INFO  server.Server (Server.java:doStart(351)) - jetty-9.3.24.v20180605, build timestamp: 2018-06-05T17:11:56Z, git hash: 84205aa28f11a4f31f2a3b86d1bba2cc8ab69827
2019-09-18 18:48:44,175 [JUnit] INFO  handler.ContextHandler (ContextHandler.java:doStart(781)) - Started o.e.j.s.ServletContextHandler@67e13bd0{/logs,file:///workdir/hadoop-ozone/ozonefs/target/log,AVAILABLE}
2019-09-18 18:48:44,175 [JUnit] INFO  handler.ContextHandler (ContextHandler.java:doStart(781)) - Started o.e.j.s.ServletContextHandler@2cae9b8{/static,jar:file:/home/user/.m2/repository/org/apache/hadoop/hadoop-hdds-container-service/0.5.0-SNAPSHOT/hadoop-hdds-container-service-0.5.0-SNAPSHOT.jar!/webapps/static,AVAILABLE}
2019-09-18 18:48:44,204 [JUnit] INFO  handler.ContextHandler (ContextHandler.java:doStart(781)) - Started o.e.j.w.WebAppContext@10b1a751{/,file:///tmp/jetty-0.0.0.0-38441-hddsDatanode-_-any-7127076157334388437.dir/webapp/,AVAILABLE}{/hddsDatanode}
2019-09-18 18:48:44,206 [JUnit] INFO  server.AbstractConnector (AbstractConnector.java:doStart(278)) - Started ServerConnector@53cf9c99{HTTP/1.1,[http/1.1]}{0.0.0.0:38441}
2019-09-18 18:48:44,206 [JUnit] INFO  server.Server (Server.java:doStart(419)) - Started @6336ms
2019-09-18 18:48:44,207 [JUnit] WARN  impl.MetricsSystemImpl (MetricsSystemImpl.java:register(276)) - Sink prometheus already exists!
2019-09-18 18:48:44,207 [JUnit] INFO  server.BaseHttpServer (BaseHttpServer.java:updateConnectorAddress(215)) - HTTP server of HDDSDATANODE is listening at http://0.0.0.0:38441
2019-09-18 18:48:44,208 [JUnit] INFO  impl.MetricsSystemImpl (MetricsSystemImpl.java:init(158)) - HddsDatanode metrics system started (again)
2019-09-18 18:48:44,210 [org.apache.hadoop.util.JvmPauseMonitor$Monitor@1cbe7f75] INFO  util.JvmPauseMonitor (JvmPauseMonitor.java:run(188)) - Starting JVM pause monitor
2019-09-18 18:48:44,211 [JUnit] INFO  ozone.HddsDatanodeService (HddsDatanodeService.java:start(184)) - HddsDatanodeService host:pr-hdds-2147-dpwbv-833026882 ip:192.168.5.155
2019-09-18 18:48:44,218 [JUnit] INFO  volume.HddsVolume (HddsVolume.java:<init>(176)) - Creating Volume: /workdir/hadoop-ozone/ozonefs/target/test-dir/MiniOzoneClusterImpl-73cf23c1-83a7-4206-ab66-ce25d85cfa2b/datanode-2/data/containers/hdds of  storage type : DISK and capacity : 1482555576320
2019-09-18 18:48:44,218 [JUnit] INFO  volume.VolumeSet (VolumeSet.java:initializeVolumeSet(170)) - Added Volume : /workdir/hadoop-ozone/ozonefs/target/test-dir/MiniOzoneClusterImpl-73cf23c1-83a7-4206-ab66-ce25d85cfa2b/datanode-2/data/containers/hdds to VolumeSet
2019-09-18 18:48:44,219 [JUnit] INFO  volume.ThrottledAsyncChecker (ThrottledAsyncChecker.java:schedule(139)) - Scheduling a check for org.apache.hadoop.ozone.container.common.volume.HddsVolume@f1d0004
2019-09-18 18:48:44,219 [JUnit] INFO  volume.HddsVolumeChecker (HddsVolumeChecker.java:checkAllVolumes(202)) - Scheduled health check for volume org.apache.hadoop.ozone.container.common.volume.HddsVolume@f1d0004
2019-09-18 18:48:44,243 [JUnit] INFO  impl.RaftServerProxy (ConfUtils.java:logGet(43)) - raft.rpc.type = GRPC (default)
2019-09-18 18:48:44,243 [JUnit] INFO  grpc.GrpcFactory (GrpcFactory.java:checkPooledByteBufAllocatorUseCacheForAllThreads(45)) - PERFORMANCE WARNING: useCacheForAllThreads is true that may cause Netty to create a lot garbage objects and, as a result, trigger GC.
	It is recommended to disable useCacheForAllThreads by setting -Dorg.apache.ratis.thirdparty.io.netty.allocator.useCacheForAllThreads=false in command line.
2019-09-18 18:48:44,243 [JUnit] INFO  grpc.GrpcConfigKeys$Server (ConfUtils.java:logGet(43)) - raft.grpc.server.port = 0 (default)
2019-09-18 18:48:44,243 [JUnit] INFO  server.GrpcService (ConfUtils.java:logGet(43)) - raft.grpc.message.size.max = 33570816 (custom)
2019-09-18 18:48:44,244 [Datanode State Machine Thread - 0] INFO  datanode.InitDatanodeState (InitDatanodeState.java:persistContainerDatanodeDetails(140)) - DatanodeDetails is persisted to /workdir/hadoop-ozone/ozonefs/target/test-dir/MiniOzoneClusterImpl-73cf23c1-83a7-4206-ab66-ce25d85cfa2b/datanode-0/meta/datanode.id
2019-09-18 18:48:44,244 [JUnit] INFO  server.RaftServerConfigKeys (ConfUtils.java:logGet(43)) - raft.server.log.appender.buffer.byte-limit = 33554432 (custom)
2019-09-18 18:48:44,245 [JUnit] INFO  server.GrpcService (ConfUtils.java:logGet(43)) - raft.grpc.flow.control.window = 1MB (=1048576) (default)
2019-09-18 18:48:44,246 [JUnit] INFO  server.RaftServerConfigKeys (ConfUtils.java:logGet(43)) - raft.server.rpc.request.timeout = 3000ms (default)
2019-09-18 18:48:44,247 [JUnit] INFO  server.RaftServerConfigKeys (ConfUtils.java:logGet(43)) - raft.server.storage.dir = [/workdir/hadoop-ozone/ozonefs/target/test-dir/MiniOzoneClusterImpl-73cf23c1-83a7-4206-ab66-ce25d85cfa2b/datanode-2/data/ratis] (custom)
2019-09-18 18:48:44,249 [JUnit] INFO  hdfs.DFSUtil (DFSUtil.java:httpServerTemplateForNNAndJN(1641)) - Starting Web-server for hddsDatanode at: http://0.0.0.0:0
2019-09-18 18:48:44,250 [JUnit] INFO  server.AuthenticationFilter (AuthenticationFilter.java:constructSecretProvider(240)) - Unable to initialize FileSignerSecretProvider, falling back to use random secrets.
2019-09-18 18:48:44,251 [JUnit] WARN  http.HttpRequestLog (HttpRequestLog.java:getRequestLog(97)) - Jetty request log can only be enabled using Log4j
2019-09-18 18:48:44,253 [JUnit] INFO  http.HttpServer2 (HttpServer2.java:addGlobalFilter(975)) - Added global filter 'safety' (class=org.apache.hadoop.http.HttpServer2$QuotingInputFilter)
2019-09-18 18:48:44,254 [JUnit] INFO  http.HttpServer2 (HttpServer2.java:addFilter(948)) - Added filter static_user_filter (class=org.apache.hadoop.http.lib.StaticUserWebFilter$StaticUserFilter) to context hddsDatanode
2019-09-18 18:48:44,254 [JUnit] INFO  http.HttpServer2 (HttpServer2.java:addFilter(958)) - Added filter static_user_filter (class=org.apache.hadoop.http.lib.StaticUserWebFilter$StaticUserFilter) to context logs
2019-09-18 18:48:44,254 [JUnit] INFO  http.HttpServer2 (HttpServer2.java:addFilter(958)) - Added filter static_user_filter (class=org.apache.hadoop.http.lib.StaticUserWebFilter$StaticUserFilter) to context static
2019-09-18 18:48:44,255 [JUnit] INFO  http.HttpServer2 (HttpServer2.java:bindListener(1191)) - Jetty bound to port 35315
2019-09-18 18:48:44,255 [JUnit] INFO  server.Server (Server.java:doStart(351)) - jetty-9.3.24.v20180605, build timestamp: 2018-06-05T17:11:56Z, git hash: 84205aa28f11a4f31f2a3b86d1bba2cc8ab69827
2019-09-18 18:48:44,256 [Datanode State Machine Thread - 0] INFO  datanode.InitDatanodeState (InitDatanodeState.java:persistContainerDatanodeDetails(140)) - DatanodeDetails is persisted to /workdir/hadoop-ozone/ozonefs/target/test-dir/MiniOzoneClusterImpl-73cf23c1-83a7-4206-ab66-ce25d85cfa2b/datanode-1/meta/datanode.id
2019-09-18 18:48:44,257 [JUnit] INFO  handler.ContextHandler (ContextHandler.java:doStart(781)) - Started o.e.j.s.ServletContextHandler@4f9a6c2d{/logs,file:///workdir/hadoop-ozone/ozonefs/target/log,AVAILABLE}
2019-09-18 18:48:44,258 [JUnit] INFO  handler.ContextHandler (ContextHandler.java:doStart(781)) - Started o.e.j.s.ServletContextHandler@75de6341{/static,jar:file:/home/user/.m2/repository/org/apache/hadoop/hadoop-hdds-container-service/0.5.0-SNAPSHOT/hadoop-hdds-container-service-0.5.0-SNAPSHOT.jar!/webapps/static,AVAILABLE}
2019-09-18 18:48:44,287 [JUnit] INFO  handler.ContextHandler (ContextHandler.java:doStart(781)) - Started o.e.j.w.WebAppContext@17f3eefb{/,file:///tmp/jetty-0.0.0.0-35315-hddsDatanode-_-any-2583438993276059343.dir/webapp/,AVAILABLE}{/hddsDatanode}
2019-09-18 18:48:44,288 [JUnit] INFO  server.AbstractConnector (AbstractConnector.java:doStart(278)) - Started ServerConnector@3ba46e63{HTTP/1.1,[http/1.1]}{0.0.0.0:35315}
2019-09-18 18:48:44,289 [JUnit] INFO  server.Server (Server.java:doStart(419)) - Started @6418ms
2019-09-18 18:48:44,289 [JUnit] WARN  impl.MetricsSystemImpl (MetricsSystemImpl.java:register(276)) - Sink prometheus already exists!
2019-09-18 18:48:44,290 [JUnit] INFO  server.BaseHttpServer (BaseHttpServer.java:updateConnectorAddress(215)) - HTTP server of HDDSDATANODE is listening at http://0.0.0.0:35315
2019-09-18 18:48:44,292 [JUnit] INFO  impl.MetricsSystemImpl (MetricsSystemImpl.java:init(158)) - HddsDatanode metrics system started (again)
2019-09-18 18:48:44,295 [org.apache.hadoop.util.JvmPauseMonitor$Monitor@68f18e6e] INFO  util.JvmPauseMonitor (JvmPauseMonitor.java:run(188)) - Starting JVM pause monitor
2019-09-18 18:48:44,296 [JUnit] INFO  ozone.HddsDatanodeService (HddsDatanodeService.java:start(184)) - HddsDatanodeService host:pr-hdds-2147-dpwbv-833026882 ip:192.168.5.155
2019-09-18 18:48:44,297 [Datanode State Machine Thread - 0] INFO  datanode.InitDatanodeState (InitDatanodeState.java:persistContainerDatanodeDetails(140)) - DatanodeDetails is persisted to /workdir/hadoop-ozone/ozonefs/target/test-dir/MiniOzoneClusterImpl-73cf23c1-83a7-4206-ab66-ce25d85cfa2b/datanode-2/meta/datanode.id
2019-09-18 18:48:44,302 [JUnit] INFO  volume.HddsVolume (HddsVolume.java:<init>(176)) - Creating Volume: /workdir/hadoop-ozone/ozonefs/target/test-dir/MiniOzoneClusterImpl-73cf23c1-83a7-4206-ab66-ce25d85cfa2b/datanode-3/data/containers/hdds of  storage type : DISK and capacity : 1482555576320
2019-09-18 18:48:44,303 [JUnit] INFO  volume.VolumeSet (VolumeSet.java:initializeVolumeSet(170)) - Added Volume : /workdir/hadoop-ozone/ozonefs/target/test-dir/MiniOzoneClusterImpl-73cf23c1-83a7-4206-ab66-ce25d85cfa2b/datanode-3/data/containers/hdds to VolumeSet
2019-09-18 18:48:44,303 [JUnit] INFO  volume.ThrottledAsyncChecker (ThrottledAsyncChecker.java:schedule(139)) - Scheduling a check for org.apache.hadoop.ozone.container.common.volume.HddsVolume@6812fa3a
2019-09-18 18:48:44,303 [JUnit] INFO  volume.HddsVolumeChecker (HddsVolumeChecker.java:checkAllVolumes(202)) - Scheduled health check for volume org.apache.hadoop.ozone.container.common.volume.HddsVolume@6812fa3a
2019-09-18 18:48:44,326 [JUnit] INFO  impl.RaftServerProxy (ConfUtils.java:logGet(43)) - raft.rpc.type = GRPC (default)
2019-09-18 18:48:44,326 [JUnit] INFO  grpc.GrpcFactory (GrpcFactory.java:checkPooledByteBufAllocatorUseCacheForAllThreads(45)) - PERFORMANCE WARNING: useCacheForAllThreads is true that may cause Netty to create a lot garbage objects and, as a result, trigger GC.
	It is recommended to disable useCacheForAllThreads by setting -Dorg.apache.ratis.thirdparty.io.netty.allocator.useCacheForAllThreads=false in command line.
2019-09-18 18:48:44,326 [JUnit] INFO  grpc.GrpcConfigKeys$Server (ConfUtils.java:logGet(43)) - raft.grpc.server.port = 0 (default)
2019-09-18 18:48:44,326 [JUnit] INFO  server.GrpcService (ConfUtils.java:logGet(43)) - raft.grpc.message.size.max = 33570816 (custom)
2019-09-18 18:48:44,327 [JUnit] INFO  server.RaftServerConfigKeys (ConfUtils.java:logGet(43)) - raft.server.log.appender.buffer.byte-limit = 33554432 (custom)
2019-09-18 18:48:44,327 [JUnit] INFO  server.GrpcService (ConfUtils.java:logGet(43)) - raft.grpc.flow.control.window = 1MB (=1048576) (default)
2019-09-18 18:48:44,327 [JUnit] INFO  server.RaftServerConfigKeys (ConfUtils.java:logGet(43)) - raft.server.rpc.request.timeout = 3000ms (default)
2019-09-18 18:48:44,328 [JUnit] INFO  server.RaftServerConfigKeys (ConfUtils.java:logGet(43)) - raft.server.storage.dir = [/workdir/hadoop-ozone/ozonefs/target/test-dir/MiniOzoneClusterImpl-73cf23c1-83a7-4206-ab66-ce25d85cfa2b/datanode-3/data/ratis] (custom)
2019-09-18 18:48:44,329 [JUnit] INFO  hdfs.DFSUtil (DFSUtil.java:httpServerTemplateForNNAndJN(1641)) - Starting Web-server for hddsDatanode at: http://0.0.0.0:0
2019-09-18 18:48:44,331 [JUnit] INFO  server.AuthenticationFilter (AuthenticationFilter.java:constructSecretProvider(240)) - Unable to initialize FileSignerSecretProvider, falling back to use random secrets.
2019-09-18 18:48:44,331 [JUnit] WARN  http.HttpRequestLog (HttpRequestLog.java:getRequestLog(97)) - Jetty request log can only be enabled using Log4j
2019-09-18 18:48:44,333 [JUnit] INFO  http.HttpServer2 (HttpServer2.java:addGlobalFilter(975)) - Added global filter 'safety' (class=org.apache.hadoop.http.HttpServer2$QuotingInputFilter)
2019-09-18 18:48:44,334 [JUnit] INFO  http.HttpServer2 (HttpServer2.java:addFilter(948)) - Added filter static_user_filter (class=org.apache.hadoop.http.lib.StaticUserWebFilter$StaticUserFilter) to context hddsDatanode
2019-09-18 18:48:44,334 [JUnit] INFO  http.HttpServer2 (HttpServer2.java:addFilter(958)) - Added filter static_user_filter (class=org.apache.hadoop.http.lib.StaticUserWebFilter$StaticUserFilter) to context logs
2019-09-18 18:48:44,334 [JUnit] INFO  http.HttpServer2 (HttpServer2.java:addFilter(958)) - Added filter static_user_filter (class=org.apache.hadoop.http.lib.StaticUserWebFilter$StaticUserFilter) to context static
2019-09-18 18:48:44,335 [JUnit] INFO  http.HttpServer2 (HttpServer2.java:bindListener(1191)) - Jetty bound to port 41465
2019-09-18 18:48:44,335 [JUnit] INFO  server.Server (Server.java:doStart(351)) - jetty-9.3.24.v20180605, build timestamp: 2018-06-05T17:11:56Z, git hash: 84205aa28f11a4f31f2a3b86d1bba2cc8ab69827
2019-09-18 18:48:44,338 [JUnit] INFO  handler.ContextHandler (ContextHandler.java:doStart(781)) - Started o.e.j.s.ServletContextHandler@31c628e7{/logs,file:///workdir/hadoop-ozone/ozonefs/target/log,AVAILABLE}
2019-09-18 18:48:44,339 [JUnit] INFO  handler.ContextHandler (ContextHandler.java:doStart(781)) - Started o.e.j.s.ServletContextHandler@58434b19{/static,jar:file:/home/user/.m2/repository/org/apache/hadoop/hadoop-hdds-container-service/0.5.0-SNAPSHOT/hadoop-hdds-container-service-0.5.0-SNAPSHOT.jar!/webapps/static,AVAILABLE}
2019-09-18 18:48:44,378 [JUnit] INFO  handler.ContextHandler (ContextHandler.java:doStart(781)) - Started o.e.j.w.WebAppContext@3b27b497{/,file:///tmp/jetty-0.0.0.0-41465-hddsDatanode-_-any-6667532579867139160.dir/webapp/,AVAILABLE}{/hddsDatanode}
2019-09-18 18:48:44,379 [JUnit] INFO  server.AbstractConnector (AbstractConnector.java:doStart(278)) - Started ServerConnector@b1534d3{HTTP/1.1,[http/1.1]}{0.0.0.0:41465}
2019-09-18 18:48:44,380 [JUnit] INFO  server.Server (Server.java:doStart(419)) - Started @6509ms
2019-09-18 18:48:44,380 [JUnit] WARN  impl.MetricsSystemImpl (MetricsSystemImpl.java:register(276)) - Sink prometheus already exists!
2019-09-18 18:48:44,381 [JUnit] INFO  server.BaseHttpServer (BaseHttpServer.java:updateConnectorAddress(215)) - HTTP server of HDDSDATANODE is listening at http://0.0.0.0:41465
2019-09-18 18:48:44,382 [JUnit] INFO  impl.MetricsSystemImpl (MetricsSystemImpl.java:init(158)) - HddsDatanode metrics system started (again)
2019-09-18 18:48:44,385 [org.apache.hadoop.util.JvmPauseMonitor$Monitor@1fe753cf] INFO  util.JvmPauseMonitor (JvmPauseMonitor.java:run(188)) - Starting JVM pause monitor
2019-09-18 18:48:44,386 [JUnit] INFO  ozone.HddsDatanodeService (HddsDatanodeService.java:start(184)) - HddsDatanodeService host:pr-hdds-2147-dpwbv-833026882 ip:192.168.5.155
2019-09-18 18:48:44,389 [Datanode State Machine Thread - 0] INFO  datanode.InitDatanodeState (InitDatanodeState.java:persistContainerDatanodeDetails(140)) - DatanodeDetails is persisted to /workdir/hadoop-ozone/ozonefs/target/test-dir/MiniOzoneClusterImpl-73cf23c1-83a7-4206-ab66-ce25d85cfa2b/datanode-3/meta/datanode.id
2019-09-18 18:48:44,394 [JUnit] INFO  volume.HddsVolume (HddsVolume.java:<init>(176)) - Creating Volume: /workdir/hadoop-ozone/ozonefs/target/test-dir/MiniOzoneClusterImpl-73cf23c1-83a7-4206-ab66-ce25d85cfa2b/datanode-4/data/containers/hdds of  storage type : DISK and capacity : 1482555576320
2019-09-18 18:48:44,395 [JUnit] INFO  volume.VolumeSet (VolumeSet.java:initializeVolumeSet(170)) - Added Volume : /workdir/hadoop-ozone/ozonefs/target/test-dir/MiniOzoneClusterImpl-73cf23c1-83a7-4206-ab66-ce25d85cfa2b/datanode-4/data/containers/hdds to VolumeSet
2019-09-18 18:48:44,395 [JUnit] INFO  volume.ThrottledAsyncChecker (ThrottledAsyncChecker.java:schedule(139)) - Scheduling a check for org.apache.hadoop.ozone.container.common.volume.HddsVolume@7a81065e
2019-09-18 18:48:44,396 [JUnit] INFO  volume.HddsVolumeChecker (HddsVolumeChecker.java:checkAllVolumes(202)) - Scheduled health check for volume org.apache.hadoop.ozone.container.common.volume.HddsVolume@7a81065e
2019-09-18 18:48:44,415 [JUnit] INFO  impl.RaftServerProxy (ConfUtils.java:logGet(43)) - raft.rpc.type = GRPC (default)
2019-09-18 18:48:44,415 [JUnit] INFO  grpc.GrpcFactory (GrpcFactory.java:checkPooledByteBufAllocatorUseCacheForAllThreads(45)) - PERFORMANCE WARNING: useCacheForAllThreads is true that may cause Netty to create a lot garbage objects and, as a result, trigger GC.
	It is recommended to disable useCacheForAllThreads by setting -Dorg.apache.ratis.thirdparty.io.netty.allocator.useCacheForAllThreads=false in command line.
2019-09-18 18:48:44,416 [JUnit] INFO  grpc.GrpcConfigKeys$Server (ConfUtils.java:logGet(43)) - raft.grpc.server.port = 0 (default)
2019-09-18 18:48:44,416 [JUnit] INFO  server.GrpcService (ConfUtils.java:logGet(43)) - raft.grpc.message.size.max = 33570816 (custom)
2019-09-18 18:48:44,416 [JUnit] INFO  server.RaftServerConfigKeys (ConfUtils.java:logGet(43)) - raft.server.log.appender.buffer.byte-limit = 33554432 (custom)
2019-09-18 18:48:44,416 [JUnit] INFO  server.GrpcService (ConfUtils.java:logGet(43)) - raft.grpc.flow.control.window = 1MB (=1048576) (default)
2019-09-18 18:48:44,417 [JUnit] INFO  server.RaftServerConfigKeys (ConfUtils.java:logGet(43)) - raft.server.rpc.request.timeout = 3000ms (default)
2019-09-18 18:48:44,417 [JUnit] INFO  server.RaftServerConfigKeys (ConfUtils.java:logGet(43)) - raft.server.storage.dir = [/workdir/hadoop-ozone/ozonefs/target/test-dir/MiniOzoneClusterImpl-73cf23c1-83a7-4206-ab66-ce25d85cfa2b/datanode-4/data/ratis] (custom)
2019-09-18 18:48:44,419 [JUnit] INFO  hdfs.DFSUtil (DFSUtil.java:httpServerTemplateForNNAndJN(1641)) - Starting Web-server for hddsDatanode at: http://0.0.0.0:0
2019-09-18 18:48:44,420 [JUnit] INFO  server.AuthenticationFilter (AuthenticationFilter.java:constructSecretProvider(240)) - Unable to initialize FileSignerSecretProvider, falling back to use random secrets.
2019-09-18 18:48:44,421 [JUnit] WARN  http.HttpRequestLog (HttpRequestLog.java:getRequestLog(97)) - Jetty request log can only be enabled using Log4j
2019-09-18 18:48:44,423 [JUnit] INFO  http.HttpServer2 (HttpServer2.java:addGlobalFilter(975)) - Added global filter 'safety' (class=org.apache.hadoop.http.HttpServer2$QuotingInputFilter)
2019-09-18 18:48:44,424 [JUnit] INFO  http.HttpServer2 (HttpServer2.java:addFilter(948)) - Added filter static_user_filter (class=org.apache.hadoop.http.lib.StaticUserWebFilter$StaticUserFilter) to context hddsDatanode
2019-09-18 18:48:44,424 [JUnit] INFO  http.HttpServer2 (HttpServer2.java:addFilter(958)) - Added filter static_user_filter (class=org.apache.hadoop.http.lib.StaticUserWebFilter$StaticUserFilter) to context logs
2019-09-18 18:48:44,424 [JUnit] INFO  http.HttpServer2 (HttpServer2.java:addFilter(958)) - Added filter static_user_filter (class=org.apache.hadoop.http.lib.StaticUserWebFilter$StaticUserFilter) to context static
2019-09-18 18:48:44,425 [JUnit] INFO  http.HttpServer2 (HttpServer2.java:bindListener(1191)) - Jetty bound to port 42076
2019-09-18 18:48:44,425 [JUnit] INFO  server.Server (Server.java:doStart(351)) - jetty-9.3.24.v20180605, build timestamp: 2018-06-05T17:11:56Z, git hash: 84205aa28f11a4f31f2a3b86d1bba2cc8ab69827
2019-09-18 18:48:44,427 [JUnit] INFO  handler.ContextHandler (ContextHandler.java:doStart(781)) - Started o.e.j.s.ServletContextHandler@298f0a0b{/logs,file:///workdir/hadoop-ozone/ozonefs/target/log,AVAILABLE}
2019-09-18 18:48:44,428 [JUnit] INFO  handler.ContextHandler (ContextHandler.java:doStart(781)) - Started o.e.j.s.ServletContextHandler@31dfc6f5{/static,jar:file:/home/user/.m2/repository/org/apache/hadoop/hadoop-hdds-container-service/0.5.0-SNAPSHOT/hadoop-hdds-container-service-0.5.0-SNAPSHOT.jar!/webapps/static,AVAILABLE}
2019-09-18 18:48:44,456 [JUnit] INFO  handler.ContextHandler (ContextHandler.java:doStart(781)) - Started o.e.j.w.WebAppContext@14a049f9{/,file:///tmp/jetty-0.0.0.0-42076-hddsDatanode-_-any-1530087038507913257.dir/webapp/,AVAILABLE}{/hddsDatanode}
2019-09-18 18:48:44,457 [JUnit] INFO  server.AbstractConnector (AbstractConnector.java:doStart(278)) - Started ServerConnector@94e51e8{HTTP/1.1,[http/1.1]}{0.0.0.0:42076}
2019-09-18 18:48:44,457 [JUnit] INFO  server.Server (Server.java:doStart(419)) - Started @6587ms
2019-09-18 18:48:44,457 [JUnit] WARN  impl.MetricsSystemImpl (MetricsSystemImpl.java:register(276)) - Sink prometheus already exists!
2019-09-18 18:48:44,458 [JUnit] INFO  server.BaseHttpServer (BaseHttpServer.java:updateConnectorAddress(215)) - HTTP server of HDDSDATANODE is listening at http://0.0.0.0:42076
2019-09-18 18:48:44,460 [JUnit] INFO  ozone.MiniOzoneClusterImpl (MiniOzoneClusterImpl.java:lambda$waitForClusterToBeReady$0(145)) - Waiting for cluster to be ready. Got 0 of 5 DN Heartbeats.
2019-09-18 18:48:44,460 [org.apache.hadoop.util.JvmPauseMonitor$Monitor@2098c6e8] INFO  util.JvmPauseMonitor (JvmPauseMonitor.java:run(188)) - Starting JVM pause monitor
2019-09-18 18:48:44,463 [Datanode State Machine Thread - 0] INFO  datanode.InitDatanodeState (InitDatanodeState.java:persistContainerDatanodeDetails(140)) - DatanodeDetails is persisted to /workdir/hadoop-ozone/ozonefs/target/test-dir/MiniOzoneClusterImpl-73cf23c1-83a7-4206-ab66-ce25d85cfa2b/datanode-4/meta/datanode.id
2019-09-18 18:48:45,460 [JUnit] INFO  ozone.MiniOzoneClusterImpl (MiniOzoneClusterImpl.java:lambda$waitForClusterToBeReady$0(145)) - Waiting for cluster to be ready. Got 0 of 5 DN Heartbeats.
2019-09-18 18:48:46,210 [Datanode State Machine Thread - 0] INFO  ozoneimpl.OzoneContainer (OzoneContainer.java:start(217)) - Attempting to start container services.
2019-09-18 18:48:46,213 [Datanode State Machine Thread - 0] INFO  ozoneimpl.OzoneContainer (OzoneContainer.java:startContainerScrub(179)) - Background container scanner has been disabled.
2019-09-18 18:48:46,213 [Datanode State Machine Thread - 0] INFO  ratis.XceiverServerRatis (XceiverServerRatis.java:start(411)) - Starting XceiverServerRatis 1e2f870a-f5c7-4413-91e1-4bfb41ad17f1 at port 0
2019-09-18 18:48:46,234 [Datanode State Machine Thread - 0] INFO  ozoneimpl.OzoneContainer (OzoneContainer.java:start(217)) - Attempting to start container services.
2019-09-18 18:48:46,239 [Datanode State Machine Thread - 0] INFO  ozoneimpl.OzoneContainer (OzoneContainer.java:startContainerScrub(179)) - Background container scanner has been disabled.
2019-09-18 18:48:46,239 [Datanode State Machine Thread - 0] INFO  ratis.XceiverServerRatis (XceiverServerRatis.java:start(411)) - Starting XceiverServerRatis 96db3275-9526-43dd-955b-5fb539e24efb at port 0
2019-09-18 18:48:46,240 [Datanode State Machine Thread - 0] INFO  impl.RaftServerProxy (RaftServerProxy.java:lambda$start$3(299)) - 1e2f870a-f5c7-4413-91e1-4bfb41ad17f1: start RPC server
2019-09-18 18:48:46,252 [Datanode State Machine Thread - 0] INFO  impl.RaftServerProxy (RaftServerProxy.java:lambda$start$3(299)) - 96db3275-9526-43dd-955b-5fb539e24efb: start RPC server
2019-09-18 18:48:46,335 [Datanode State Machine Thread - 0] INFO  ozoneimpl.OzoneContainer (OzoneContainer.java:start(217)) - Attempting to start container services.
2019-09-18 18:48:46,336 [Datanode State Machine Thread - 0] INFO  ozoneimpl.OzoneContainer (OzoneContainer.java:startContainerScrub(179)) - Background container scanner has been disabled.
2019-09-18 18:48:46,337 [Datanode State Machine Thread - 0] INFO  ratis.XceiverServerRatis (XceiverServerRatis.java:start(411)) - Starting XceiverServerRatis 815bc2fc-1881-47b2-b78f-1163853a5dcc at port 0
2019-09-18 18:48:46,429 [Datanode State Machine Thread - 0] INFO  impl.RaftServerProxy (RaftServerProxy.java:lambda$start$3(299)) - 815bc2fc-1881-47b2-b78f-1163853a5dcc: start RPC server
2019-09-18 18:48:46,461 [JUnit] INFO  ozone.MiniOzoneClusterImpl (MiniOzoneClusterImpl.java:lambda$waitForClusterToBeReady$0(145)) - Waiting for cluster to be ready. Got 0 of 5 DN Heartbeats.
2019-09-18 18:48:46,461 [Datanode State Machine Thread - 0] INFO  ozoneimpl.OzoneContainer (OzoneContainer.java:start(217)) - Attempting to start container services.
2019-09-18 18:48:46,463 [Datanode State Machine Thread - 0] INFO  ozoneimpl.OzoneContainer (OzoneContainer.java:startContainerScrub(179)) - Background container scanner has been disabled.
2019-09-18 18:48:46,463 [Datanode State Machine Thread - 0] INFO  ratis.XceiverServerRatis (XceiverServerRatis.java:start(411)) - Starting XceiverServerRatis 8b278599-fb9c-4e64-a40c-09ee15360bca at port 0
2019-09-18 18:48:46,469 [Datanode State Machine Thread - 0] INFO  impl.RaftServerProxy (RaftServerProxy.java:lambda$start$3(299)) - 8b278599-fb9c-4e64-a40c-09ee15360bca: start RPC server
2019-09-18 18:48:46,487 [Datanode State Machine Thread - 0] INFO  ozoneimpl.OzoneContainer (OzoneContainer.java:start(217)) - Attempting to start container services.
2019-09-18 18:48:46,494 [Datanode State Machine Thread - 0] INFO  ozoneimpl.OzoneContainer (OzoneContainer.java:startContainerScrub(179)) - Background container scanner has been disabled.
2019-09-18 18:48:46,495 [Datanode State Machine Thread - 0] INFO  ratis.XceiverServerRatis (XceiverServerRatis.java:start(411)) - Starting XceiverServerRatis dc0d5ec1-95c1-4bcb-8bd0-d9d25d2a0fca at port 0
2019-09-18 18:48:46,514 [Datanode State Machine Thread - 0] INFO  impl.RaftServerProxy (RaftServerProxy.java:lambda$start$3(299)) - dc0d5ec1-95c1-4bcb-8bd0-d9d25d2a0fca: start RPC server
2019-09-18 18:48:46,524 [Datanode State Machine Thread - 0] INFO  server.GrpcService (GrpcService.java:startImpl(158)) - 96db3275-9526-43dd-955b-5fb539e24efb: GrpcService started, listening on 0.0.0.0/0.0.0.0:35901
2019-09-18 18:48:46,524 [Datanode State Machine Thread - 0] INFO  server.GrpcService (GrpcService.java:startImpl(158)) - dc0d5ec1-95c1-4bcb-8bd0-d9d25d2a0fca: GrpcService started, listening on 0.0.0.0/0.0.0.0:37299
2019-09-18 18:48:46,525 [Datanode State Machine Thread - 0] INFO  ratis.XceiverServerRatis (XceiverServerRatis.java:start(421)) - XceiverServerRatis 96db3275-9526-43dd-955b-5fb539e24efb is started using port 35901
2019-09-18 18:48:46,524 [Datanode State Machine Thread - 0] INFO  server.GrpcService (GrpcService.java:startImpl(158)) - 8b278599-fb9c-4e64-a40c-09ee15360bca: GrpcService started, listening on 0.0.0.0/0.0.0.0:38030
2019-09-18 18:48:46,524 [Datanode State Machine Thread - 0] INFO  server.GrpcService (GrpcService.java:startImpl(158)) - 815bc2fc-1881-47b2-b78f-1163853a5dcc: GrpcService started, listening on 0.0.0.0/0.0.0.0:39074
2019-09-18 18:48:46,524 [Datanode State Machine Thread - 0] INFO  server.GrpcService (GrpcService.java:startImpl(158)) - 1e2f870a-f5c7-4413-91e1-4bfb41ad17f1: GrpcService started, listening on 0.0.0.0/0.0.0.0:46499
2019-09-18 18:48:46,526 [Datanode State Machine Thread - 0] INFO  ratis.XceiverServerRatis (XceiverServerRatis.java:start(421)) - XceiverServerRatis 815bc2fc-1881-47b2-b78f-1163853a5dcc is started using port 39074
2019-09-18 18:48:46,526 [Datanode State Machine Thread - 0] INFO  ratis.XceiverServerRatis (XceiverServerRatis.java:start(421)) - XceiverServerRatis 8b278599-fb9c-4e64-a40c-09ee15360bca is started using port 38030
2019-09-18 18:48:46,525 [Datanode State Machine Thread - 0] INFO  ratis.XceiverServerRatis (XceiverServerRatis.java:start(421)) - XceiverServerRatis dc0d5ec1-95c1-4bcb-8bd0-d9d25d2a0fca is started using port 37299
2019-09-18 18:48:46,526 [Datanode State Machine Thread - 0] INFO  ratis.XceiverServerRatis (XceiverServerRatis.java:start(421)) - XceiverServerRatis 1e2f870a-f5c7-4413-91e1-4bfb41ad17f1 is started using port 46499
2019-09-18 18:48:46,536 [Datanode State Machine Thread - 0] INFO  server.XceiverServerGrpc (XceiverServerGrpc.java:start(163)) - XceiverServerGrpc 96db3275-9526-43dd-955b-5fb539e24efb is started using port 37156
2019-09-18 18:48:46,537 [Datanode State Machine Thread - 0] INFO  server.XceiverServerGrpc (XceiverServerGrpc.java:start(163)) - XceiverServerGrpc 1e2f870a-f5c7-4413-91e1-4bfb41ad17f1 is started using port 44018
2019-09-18 18:48:46,536 [Datanode State Machine Thread - 0] INFO  server.XceiverServerGrpc (XceiverServerGrpc.java:start(163)) - XceiverServerGrpc 815bc2fc-1881-47b2-b78f-1163853a5dcc is started using port 46640
2019-09-18 18:48:46,537 [Datanode State Machine Thread - 0] INFO  server.XceiverServerGrpc (XceiverServerGrpc.java:start(163)) - XceiverServerGrpc 8b278599-fb9c-4e64-a40c-09ee15360bca is started using port 38265
2019-09-18 18:48:46,537 [Datanode State Machine Thread - 0] INFO  server.XceiverServerGrpc (XceiverServerGrpc.java:start(163)) - XceiverServerGrpc dc0d5ec1-95c1-4bcb-8bd0-d9d25d2a0fca is started using port 34471
2019-09-18 18:48:47,462 [JUnit] INFO  ozone.MiniOzoneClusterImpl (MiniOzoneClusterImpl.java:lambda$waitForClusterToBeReady$0(145)) - Waiting for cluster to be ready. Got 0 of 5 DN Heartbeats.
2019-09-18 18:48:48,184 [IPC Server handler 1 on 43635] INFO  net.NetworkTopology (NetworkTopologyImpl.java:add(111)) - Added a new node: /default-rack/1e2f870a-f5c7-4413-91e1-4bfb41ad17f1
2019-09-18 18:48:48,185 [IPC Server handler 1 on 43635] INFO  node.SCMNodeManager (SCMNodeManager.java:register(266)) - Registered Data node : 1e2f870a-f5c7-4413-91e1-4bfb41ad17f1{ip: 192.168.5.155, host: pr-hdds-2147-dpwbv-833026882, networkLocation: /default-rack, certSerialId: null}
2019-09-18 18:48:48,192 [EventQueue-NodeRegistrationContainerReportForDataNodeSafeModeRule] INFO  safemode.SCMSafeModeManager (DataNodeSafeModeRule.java:process(71)) - SCM in safe mode. 1 DataNodes registered, 1 required.
2019-09-18 18:48:48,192 [EventQueue-NodeRegistrationContainerReportForDataNodeSafeModeRule] INFO  safemode.SCMSafeModeManager (SCMSafeModeManager.java:validateSafeModeExitRules(177)) - ScmSafeModeManager, all rules are successfully validated
2019-09-18 18:48:48,192 [EventQueue-NodeRegistrationContainerReportForDataNodeSafeModeRule] INFO  safemode.SCMSafeModeManager (SCMSafeModeManager.java:exitSafeMode(193)) - SCM exiting safe mode.
2019-09-18 18:48:48,214 [IPC Server handler 2 on 43635] INFO  net.NetworkTopology (NetworkTopologyImpl.java:add(111)) - Added a new node: /default-rack/96db3275-9526-43dd-955b-5fb539e24efb
2019-09-18 18:48:48,214 [IPC Server handler 2 on 43635] INFO  node.SCMNodeManager (SCMNodeManager.java:register(266)) - Registered Data node : 96db3275-9526-43dd-955b-5fb539e24efb{ip: 192.168.5.155, host: pr-hdds-2147-dpwbv-833026882, networkLocation: /default-rack, certSerialId: null}
2019-09-18 18:48:48,299 [IPC Server handler 3 on 43635] INFO  net.NetworkTopology (NetworkTopologyImpl.java:add(111)) - Added a new node: /default-rack/815bc2fc-1881-47b2-b78f-1163853a5dcc
2019-09-18 18:48:48,299 [IPC Server handler 3 on 43635] INFO  node.SCMNodeManager (SCMNodeManager.java:register(266)) - Registered Data node : 815bc2fc-1881-47b2-b78f-1163853a5dcc{ip: 192.168.5.155, host: pr-hdds-2147-dpwbv-833026882, networkLocation: /default-rack, certSerialId: null}
2019-09-18 18:48:48,388 [IPC Server handler 4 on 43635] INFO  net.NetworkTopology (NetworkTopologyImpl.java:add(111)) - Added a new node: /default-rack/8b278599-fb9c-4e64-a40c-09ee15360bca
2019-09-18 18:48:48,388 [IPC Server handler 4 on 43635] INFO  node.SCMNodeManager (SCMNodeManager.java:register(266)) - Registered Data node : 8b278599-fb9c-4e64-a40c-09ee15360bca{ip: 192.168.5.155, host: pr-hdds-2147-dpwbv-833026882, networkLocation: /default-rack, certSerialId: null}
2019-09-18 18:48:48,464 [JUnit] INFO  ozone.MiniOzoneClusterImpl (MiniOzoneClusterImpl.java:lambda$waitForClusterToBeReady$0(145)) - Waiting for cluster to be ready. Got 4 of 5 DN Heartbeats.
2019-09-18 18:48:48,465 [IPC Server handler 5 on 43635] INFO  net.NetworkTopology (NetworkTopologyImpl.java:add(111)) - Added a new node: /default-rack/dc0d5ec1-95c1-4bcb-8bd0-d9d25d2a0fca
2019-09-18 18:48:48,465 [IPC Server handler 5 on 43635] INFO  node.SCMNodeManager (SCMNodeManager.java:register(266)) - Registered Data node : dc0d5ec1-95c1-4bcb-8bd0-d9d25d2a0fca{ip: 192.168.5.155, host: pr-hdds-2147-dpwbv-833026882, networkLocation: /default-rack, certSerialId: null}
2019-09-18 18:48:48,843 [grpc-default-executor-0] INFO  impl.RaftServerProxy (RaftServerProxy.java:addNew(89)) - 1e2f870a-f5c7-4413-91e1-4bfb41ad17f1: addNew group-317636E93C21:[1e2f870a-f5c7-4413-91e1-4bfb41ad17f1:192.168.5.155:46499] returns group-317636E93C21:java.util.concurrent.CompletableFuture@3fa3bd5d[Not completed]
2019-09-18 18:48:48,868 [pool-27-thread-1] INFO  impl.RaftServerImpl (RaftServerImpl.java:<init>(95)) - 1e2f870a-f5c7-4413-91e1-4bfb41ad17f1: new RaftServerImpl for group-317636E93C21:[1e2f870a-f5c7-4413-91e1-4bfb41ad17f1:192.168.5.155:46499] with ContainerStateMachine:uninitialized
2019-09-18 18:48:48,869 [pool-27-thread-1] INFO  server.RaftServerConfigKeys (ConfUtils.java:logGet(43)) - raft.server.rpc.timeout.min = 5s (custom)
2019-09-18 18:48:48,872 [pool-27-thread-1] INFO  server.RaftServerConfigKeys (ConfUtils.java:logGet(43)) - raft.server.rpc.timeout.max = 5200ms (custom)
2019-09-18 18:48:48,872 [pool-27-thread-1] INFO  server.RaftServerConfigKeys (ConfUtils.java:logGet(43)) - raft.server.rpcslowness.timeout = 120s (custom)
2019-09-18 18:48:48,872 [pool-27-thread-1] INFO  server.RaftServerConfigKeys (ConfUtils.java:logGet(43)) - raft.server.sleep.deviation.threshold = 300 (default)
2019-09-18 18:48:48,873 [pool-27-thread-1] INFO  server.RaftServerConfigKeys (ConfUtils.java:logGet(43)) - raft.server.log.appender.install.snapshot.enabled = false (custom)
2019-09-18 18:48:48,882 [pool-27-thread-1] INFO  impl.RaftServerImpl (ServerState.java:<init>(103)) - 1e2f870a-f5c7-4413-91e1-4bfb41ad17f1@group-317636E93C21: ConfigurationManager, init=-1: [1e2f870a-f5c7-4413-91e1-4bfb41ad17f1:192.168.5.155:46499], old=null, confs=<EMPTY_MAP>
2019-09-18 18:48:48,882 [pool-27-thread-1] INFO  server.RaftServerConfigKeys (ConfUtils.java:logGet(43)) - raft.server.storage.dir = [/workdir/hadoop-ozone/ozonefs/target/test-dir/MiniOzoneClusterImpl-73cf23c1-83a7-4206-ab66-ce25d85cfa2b/datanode-0/data/ratis] (custom)
2019-09-18 18:48:48,890 [pool-27-thread-1] INFO  storage.RaftStorageDirectory (RaftStorageDirectory.java:analyzeStorage(246)) - The storage directory /workdir/hadoop-ozone/ozonefs/target/test-dir/MiniOzoneClusterImpl-73cf23c1-83a7-4206-ab66-ce25d85cfa2b/datanode-0/data/ratis/c866dba7-faed-4188-a2d3-317636e93c21 does not exist. Creating ...
2019-09-18 18:48:49,464 [JUnit] INFO  ozone.MiniOzoneClusterImpl (MiniOzoneClusterImpl.java:lambda$waitForClusterToBeReady$0(145)) - Cluster is ready. Got 5 of 5 DN Heartbeats.
2019-09-18 18:48:50,152 [Thread-209] INFO  rpc.RpcClient (RpcClient.java:createVolume(302)) - Creating Volume: volume29787, with user53428 as owner.
2019-09-18 18:48:50,292 [IPC Server handler 18 on 37253] INFO  volume.OMVolumeCreateRequest (OMVolumeCreateRequest.java:validateAndUpdateCache(189)) - created volume:volume29787 for user:user53428
2019-09-18 18:48:50,391 [Thread-209] INFO  rpc.RpcClient (RpcClient.java:createBucket(441)) - Creating Bucket: volume29787/bucket05917, with Versioning false and Storage Type set to DISK and Encryption set to false 
2019-09-18 18:48:50,636 [Thread-209] INFO  contract.AbstractFSContractTestBase (AbstractFSContractTestBase.java:setup(184)) - Test filesystem = o3fs://bucket05917.volume29787 implemented by OzoneFileSystem{URI=o3fs://bucket05917.volume29787, workingDir=o3fs://bucket05917.volume29787/user/jenkins1000, userName=jenkins1000, statistics=0 bytes read, 0 bytes written, 0 read ops, 0 large read ops, 0 write ops}
2019-09-18 18:48:50,682 [Thread-209] INFO  contract.AbstractFSContractTestBase (AbstractFSContractTestBase.java:describe(255)) - verify trying to create a file over a non-empty dir fails, use builder API=false
2019-09-18 18:48:51,202 [Thread-208] INFO  container.ReplicationManager (ReplicationManager.java:start(162)) - Starting Replication Monitor Thread.
2019-09-18 18:48:51,205 [ReplicationMonitor] INFO  container.ReplicationManager (ReplicationManager.java:run(225)) - Replication Monitor Thread took 1 milliseconds for processing 0 containers.
2019-09-18 18:48:51,453 [RATISCREATEPIPELINE1] ERROR pipeline.RatisPipelineProvider (RatisPipelineProvider.java:lambda$null$5(236)) - Failed invoke Ratis rpc org.apache.hadoop.hdds.scm.pipeline.RatisPipelineProvider$$Lambda$183/17578934@151bc2c5 for 1e2f870a-f5c7-4413-91e1-4bfb41ad17f1
org.apache.ratis.protocol.TimeoutIOException: deadline exceeded after 2935748787ns
	at org.apache.ratis.grpc.GrpcUtil.tryUnwrapException(GrpcUtil.java:82)
	at org.apache.ratis.grpc.GrpcUtil.unwrapException(GrpcUtil.java:75)
	at org.apache.ratis.grpc.client.GrpcClientProtocolClient.blockingCall(GrpcClientProtocolClient.java:178)
	at org.apache.ratis.grpc.client.GrpcClientProtocolClient.groupAdd(GrpcClientProtocolClient.java:147)
	at org.apache.ratis.grpc.client.GrpcClientRpc.sendRequest(GrpcClientRpc.java:94)
	at org.apache.ratis.client.impl.RaftClientImpl.sendRequest(RaftClientImpl.java:278)
	at org.apache.ratis.client.impl.RaftClientImpl.groupAdd(RaftClientImpl.java:205)
	at org.apache.hadoop.hdds.scm.pipeline.RatisPipelineProvider.lambda$initializePipeline$4(RatisPipelineProvider.java:195)
	at org.apache.hadoop.hdds.scm.pipeline.RatisPipelineProvider.lambda$null$5(RatisPipelineProvider.java:232)
	at java.util.stream.ForEachOps$ForEachOp$OfRef.accept(ForEachOps.java:184)
	at java.util.ArrayList$ArrayListSpliterator.forEachRemaining(ArrayList.java:1382)
	at java.util.stream.AbstractPipeline.copyInto(AbstractPipeline.java:482)
	at java.util.stream.ForEachOps$ForEachTask.compute(ForEachOps.java:291)
	at java.util.concurrent.CountedCompleter.exec(CountedCompleter.java:731)
	at java.util.concurrent.ForkJoinTask.doExec(ForkJoinTask.java:289)
	at java.util.concurrent.ForkJoinTask.doInvoke(ForkJoinTask.java:401)
	at java.util.concurrent.ForkJoinTask.invoke(ForkJoinTask.java:734)
	at java.util.stream.ForEachOps$ForEachOp.evaluateParallel(ForEachOps.java:160)
	at java.util.stream.ForEachOps$ForEachOp$OfRef.evaluateParallel(ForEachOps.java:174)
	at java.util.stream.AbstractPipeline.evaluate(AbstractPipeline.java:233)
	at java.util.stream.ReferencePipeline.forEach(ReferencePipeline.java:418)
	at java.util.stream.ReferencePipeline$Head.forEach(ReferencePipeline.java:583)
	at org.apache.hadoop.hdds.scm.pipeline.RatisPipelineProvider.lambda$callRatisRpc$6(RatisPipelineProvider.java:226)
	at java.util.concurrent.ForkJoinTask$AdaptedRunnableAction.exec(ForkJoinTask.java:1386)
	at java.util.concurrent.ForkJoinTask.doExec(ForkJoinTask.java:289)
	at java.util.concurrent.ForkJoinPool$WorkQueue.runTask(ForkJoinPool.java:1056)
	at java.util.concurrent.ForkJoinPool.runWorker(ForkJoinPool.java:1692)
	at java.util.concurrent.ForkJoinWorkerThread.run(ForkJoinWorkerThread.java:157)
Caused by: org.apache.ratis.thirdparty.io.grpc.StatusRuntimeException: DEADLINE_EXCEEDED: deadline exceeded after 2935748787ns
	at org.apache.ratis.thirdparty.io.grpc.stub.ClientCalls.toStatusRuntimeException(ClientCalls.java:233)
	at org.apache.ratis.thirdparty.io.grpc.stub.ClientCalls.getUnchecked(ClientCalls.java:214)
	at org.apache.ratis.thirdparty.io.grpc.stub.ClientCalls.blockingUnaryCall(ClientCalls.java:139)
	at org.apache.ratis.proto.grpc.AdminProtocolServiceGrpc$AdminProtocolServiceBlockingStub.groupManagement(AdminProtocolServiceGrpc.java:274)
	at org.apache.ratis.grpc.client.GrpcClientProtocolClient.lambda$groupAdd$3(GrpcClientProtocolClient.java:149)
	at org.apache.ratis.grpc.client.GrpcClientProtocolClient.blockingCall(GrpcClientProtocolClient.java:176)
	... 25 more
2019-09-18 18:48:51,507 [grpc-default-executor-2] INFO  impl.RaftServerProxy (RaftServerProxy.java:addNew(89)) - dc0d5ec1-95c1-4bcb-8bd0-d9d25d2a0fca: addNew group-9D191385FC9B:[1e2f870a-f5c7-4413-91e1-4bfb41ad17f1:192.168.5.155:46499, 96db3275-9526-43dd-955b-5fb539e24efb:192.168.5.155:35901, dc0d5ec1-95c1-4bcb-8bd0-d9d25d2a0fca:192.168.5.155:37299] returns group-9D191385FC9B:java.util.concurrent.CompletableFuture@3ae13480[Not completed]
2019-09-18 18:48:51,508 [grpc-default-executor-1] INFO  impl.RaftServerProxy (RaftServerProxy.java:addNew(89)) - 1e2f870a-f5c7-4413-91e1-4bfb41ad17f1: addNew group-9D191385FC9B:[1e2f870a-f5c7-4413-91e1-4bfb41ad17f1:192.168.5.155:46499, 96db3275-9526-43dd-955b-5fb539e24efb:192.168.5.155:35901, dc0d5ec1-95c1-4bcb-8bd0-d9d25d2a0fca:192.168.5.155:37299] returns group-9D191385FC9B:java.util.concurrent.CompletableFuture@4b435ab[Not completed]
2019-09-18 18:48:51,516 [grpc-default-executor-2] INFO  impl.RaftServerProxy (RaftServerProxy.java:addNew(89)) - 96db3275-9526-43dd-955b-5fb539e24efb: addNew group-9D191385FC9B:[1e2f870a-f5c7-4413-91e1-4bfb41ad17f1:192.168.5.155:46499, 96db3275-9526-43dd-955b-5fb539e24efb:192.168.5.155:35901, dc0d5ec1-95c1-4bcb-8bd0-d9d25d2a0fca:192.168.5.155:37299] returns group-9D191385FC9B:java.util.concurrent.CompletableFuture@b918853[Not completed]
2019-09-18 18:48:51,542 [pool-67-thread-1] INFO  impl.RaftServerImpl (RaftServerImpl.java:<init>(95)) - dc0d5ec1-95c1-4bcb-8bd0-d9d25d2a0fca: new RaftServerImpl for group-9D191385FC9B:[1e2f870a-f5c7-4413-91e1-4bfb41ad17f1:192.168.5.155:46499, 96db3275-9526-43dd-955b-5fb539e24efb:192.168.5.155:35901, dc0d5ec1-95c1-4bcb-8bd0-d9d25d2a0fca:192.168.5.155:37299] with ContainerStateMachine:uninitialized
2019-09-18 18:48:51,547 [pool-67-thread-1] INFO  server.RaftServerConfigKeys (ConfUtils.java:logGet(43)) - raft.server.rpc.timeout.min = 5s (custom)
2019-09-18 18:48:51,563 [pool-67-thread-1] INFO  server.RaftServerConfigKeys (ConfUtils.java:logGet(43)) - raft.server.rpc.timeout.max = 5200ms (custom)
2019-09-18 18:48:51,563 [pool-67-thread-1] INFO  server.RaftServerConfigKeys (ConfUtils.java:logGet(43)) - raft.server.rpcslowness.timeout = 120s (custom)
2019-09-18 18:48:51,564 [pool-67-thread-1] INFO  server.RaftServerConfigKeys (ConfUtils.java:logGet(43)) - raft.server.sleep.deviation.threshold = 300 (default)
2019-09-18 18:48:51,564 [pool-67-thread-1] INFO  server.RaftServerConfigKeys (ConfUtils.java:logGet(43)) - raft.server.log.appender.install.snapshot.enabled = false (custom)
2019-09-18 18:48:51,564 [pool-37-thread-1] INFO  impl.RaftServerImpl (RaftServerImpl.java:<init>(95)) - 96db3275-9526-43dd-955b-5fb539e24efb: new RaftServerImpl for group-9D191385FC9B:[1e2f870a-f5c7-4413-91e1-4bfb41ad17f1:192.168.5.155:46499, 96db3275-9526-43dd-955b-5fb539e24efb:192.168.5.155:35901, dc0d5ec1-95c1-4bcb-8bd0-d9d25d2a0fca:192.168.5.155:37299] with ContainerStateMachine:uninitialized
2019-09-18 18:48:51,564 [pool-67-thread-1] INFO  impl.RaftServerImpl (ServerState.java:<init>(103)) - dc0d5ec1-95c1-4bcb-8bd0-d9d25d2a0fca@group-9D191385FC9B: ConfigurationManager, init=-1: [1e2f870a-f5c7-4413-91e1-4bfb41ad17f1:192.168.5.155:46499, 96db3275-9526-43dd-955b-5fb539e24efb:192.168.5.155:35901, dc0d5ec1-95c1-4bcb-8bd0-d9d25d2a0fca:192.168.5.155:37299], old=null, confs=<EMPTY_MAP>
2019-09-18 18:48:51,564 [pool-37-thread-1] INFO  server.RaftServerConfigKeys (ConfUtils.java:logGet(43)) - raft.server.rpc.timeout.min = 5s (custom)
2019-09-18 18:48:51,565 [pool-67-thread-1] INFO  server.RaftServerConfigKeys (ConfUtils.java:logGet(43)) - raft.server.storage.dir = [/workdir/hadoop-ozone/ozonefs/target/test-dir/MiniOzoneClusterImpl-73cf23c1-83a7-4206-ab66-ce25d85cfa2b/datanode-4/data/ratis] (custom)
2019-09-18 18:48:51,565 [pool-37-thread-1] INFO  server.RaftServerConfigKeys (ConfUtils.java:logGet(43)) - raft.server.rpc.timeout.max = 5200ms (custom)
2019-09-18 18:48:51,565 [pool-37-thread-1] INFO  server.RaftServerConfigKeys (ConfUtils.java:logGet(43)) - raft.server.rpcslowness.timeout = 120s (custom)
2019-09-18 18:48:51,565 [pool-67-thread-1] INFO  storage.RaftStorageDirectory (RaftStorageDirectory.java:analyzeStorage(246)) - The storage directory /workdir/hadoop-ozone/ozonefs/target/test-dir/MiniOzoneClusterImpl-73cf23c1-83a7-4206-ab66-ce25d85cfa2b/datanode-4/data/ratis/6ae9e5cd-b419-4c3b-bb2e-9d191385fc9b does not exist. Creating ...
2019-09-18 18:48:51,566 [pool-37-thread-1] INFO  server.RaftServerConfigKeys (ConfUtils.java:logGet(43)) - raft.server.sleep.deviation.threshold = 300 (default)
2019-09-18 18:48:51,567 [pool-37-thread-1] INFO  server.RaftServerConfigKeys (ConfUtils.java:logGet(43)) - raft.server.log.appender.install.snapshot.enabled = false (custom)
2019-09-18 18:48:51,567 [pool-37-thread-1] INFO  impl.RaftServerImpl (ServerState.java:<init>(103)) - 96db3275-9526-43dd-955b-5fb539e24efb@group-9D191385FC9B: ConfigurationManager, init=-1: [1e2f870a-f5c7-4413-91e1-4bfb41ad17f1:192.168.5.155:46499, 96db3275-9526-43dd-955b-5fb539e24efb:192.168.5.155:35901, dc0d5ec1-95c1-4bcb-8bd0-d9d25d2a0fca:192.168.5.155:37299], old=null, confs=<EMPTY_MAP>
2019-09-18 18:48:51,567 [pool-37-thread-1] INFO  server.RaftServerConfigKeys (ConfUtils.java:logGet(43)) - raft.server.storage.dir = [/workdir/hadoop-ozone/ozonefs/target/test-dir/MiniOzoneClusterImpl-73cf23c1-83a7-4206-ab66-ce25d85cfa2b/datanode-1/data/ratis] (custom)
2019-09-18 18:48:51,568 [pool-37-thread-1] INFO  storage.RaftStorageDirectory (RaftStorageDirectory.java:analyzeStorage(246)) - The storage directory /workdir/hadoop-ozone/ozonefs/target/test-dir/MiniOzoneClusterImpl-73cf23c1-83a7-4206-ab66-ce25d85cfa2b/datanode-1/data/ratis/6ae9e5cd-b419-4c3b-bb2e-9d191385fc9b does not exist. Creating ...
2019-09-18 18:48:54,473 [RATISCREATEPIPELINE1] ERROR pipeline.RatisPipelineProvider (RatisPipelineProvider.java:lambda$null$5(236)) - Failed invoke Ratis rpc org.apache.hadoop.hdds.scm.pipeline.RatisPipelineProvider$$Lambda$183/17578934@f2edeab for dc0d5ec1-95c1-4bcb-8bd0-d9d25d2a0fca
org.apache.ratis.protocol.TimeoutIOException: deadline exceeded after 2999687712ns
	at org.apache.ratis.grpc.GrpcUtil.tryUnwrapException(GrpcUtil.java:82)
	at org.apache.ratis.grpc.GrpcUtil.unwrapException(GrpcUtil.java:75)
	at org.apache.ratis.grpc.client.GrpcClientProtocolClient.blockingCall(GrpcClientProtocolClient.java:178)
	at org.apache.ratis.grpc.client.GrpcClientProtocolClient.groupAdd(GrpcClientProtocolClient.java:147)
	at org.apache.ratis.grpc.client.GrpcClientRpc.sendRequest(GrpcClientRpc.java:94)
	at org.apache.ratis.client.impl.RaftClientImpl.sendRequest(RaftClientImpl.java:278)
	at org.apache.ratis.client.impl.RaftClientImpl.groupAdd(RaftClientImpl.java:205)
	at org.apache.hadoop.hdds.scm.pipeline.RatisPipelineProvider.lambda$initializePipeline$4(RatisPipelineProvider.java:195)
	at org.apache.hadoop.hdds.scm.pipeline.RatisPipelineProvider.lambda$null$5(RatisPipelineProvider.java:232)
	at java.util.stream.ForEachOps$ForEachOp$OfRef.accept(ForEachOps.java:184)
	at java.util.ArrayList$ArrayListSpliterator.forEachRemaining(ArrayList.java:1382)
	at java.util.stream.AbstractPipeline.copyInto(AbstractPipeline.java:482)
	at java.util.stream.ForEachOps$ForEachTask.compute(ForEachOps.java:291)
	at java.util.concurrent.CountedCompleter.exec(CountedCompleter.java:731)
	at java.util.concurrent.ForkJoinTask.doExec(ForkJoinTask.java:289)
	at java.util.concurrent.ForkJoinTask.doInvoke(ForkJoinTask.java:401)
	at java.util.concurrent.ForkJoinTask.invoke(ForkJoinTask.java:734)
	at java.util.stream.ForEachOps$ForEachOp.evaluateParallel(ForEachOps.java:160)
	at java.util.stream.ForEachOps$ForEachOp$OfRef.evaluateParallel(ForEachOps.java:174)
	at java.util.stream.AbstractPipeline.evaluate(AbstractPipeline.java:233)
	at java.util.stream.ReferencePipeline.forEach(ReferencePipeline.java:418)
	at java.util.stream.ReferencePipeline$Head.forEach(ReferencePipeline.java:583)
	at org.apache.hadoop.hdds.scm.pipeline.RatisPipelineProvider.lambda$callRatisRpc$6(RatisPipelineProvider.java:226)
	at java.util.concurrent.ForkJoinTask$AdaptedRunnableAction.exec(ForkJoinTask.java:1386)
	at java.util.concurrent.ForkJoinTask.doExec(ForkJoinTask.java:289)
	at java.util.concurrent.ForkJoinPool$WorkQueue.runTask(ForkJoinPool.java:1056)
	at java.util.concurrent.ForkJoinPool.runWorker(ForkJoinPool.java:1692)
	at java.util.concurrent.ForkJoinWorkerThread.run(ForkJoinWorkerThread.java:157)
Caused by: org.apache.ratis.thirdparty.io.grpc.StatusRuntimeException: DEADLINE_EXCEEDED: deadline exceeded after 2999687712ns
	at org.apache.ratis.thirdparty.io.grpc.stub.ClientCalls.toStatusRuntimeException(ClientCalls.java:233)
	at org.apache.ratis.thirdparty.io.grpc.stub.ClientCalls.getUnchecked(ClientCalls.java:214)
	at org.apache.ratis.thirdparty.io.grpc.stub.ClientCalls.blockingUnaryCall(ClientCalls.java:139)
	at org.apache.ratis.proto.grpc.AdminProtocolServiceGrpc$AdminProtocolServiceBlockingStub.groupManagement(AdminProtocolServiceGrpc.java:274)
	at org.apache.ratis.grpc.client.GrpcClientProtocolClient.lambda$groupAdd$3(GrpcClientProtocolClient.java:149)
	at org.apache.ratis.grpc.client.GrpcClientProtocolClient.blockingCall(GrpcClientProtocolClient.java:176)
	... 25 more
2019-09-18 18:48:54,474 [RATISCREATEPIPELINE2] ERROR pipeline.RatisPipelineProvider (RatisPipelineProvider.java:lambda$null$5(236)) - Failed invoke Ratis rpc org.apache.hadoop.hdds.scm.pipeline.RatisPipelineProvider$$Lambda$183/17578934@f2edeab for 96db3275-9526-43dd-955b-5fb539e24efb
org.apache.ratis.protocol.TimeoutIOException: deadline exceeded after 2997380347ns
	at org.apache.ratis.grpc.GrpcUtil.tryUnwrapException(GrpcUtil.java:82)
	at org.apache.ratis.grpc.GrpcUtil.unwrapException(GrpcUtil.java:75)
	at org.apache.ratis.grpc.client.GrpcClientProtocolClient.blockingCall(GrpcClientProtocolClient.java:178)
	at org.apache.ratis.grpc.client.GrpcClientProtocolClient.groupAdd(GrpcClientProtocolClient.java:147)
	at org.apache.ratis.grpc.client.GrpcClientRpc.sendRequest(GrpcClientRpc.java:94)
	at org.apache.ratis.client.impl.RaftClientImpl.sendRequest(RaftClientImpl.java:278)
	at org.apache.ratis.client.impl.RaftClientImpl.groupAdd(RaftClientImpl.java:205)
	at org.apache.hadoop.hdds.scm.pipeline.RatisPipelineProvider.lambda$initializePipeline$4(RatisPipelineProvider.java:195)
	at org.apache.hadoop.hdds.scm.pipeline.RatisPipelineProvider.lambda$null$5(RatisPipelineProvider.java:232)
	at java.util.stream.ForEachOps$ForEachOp$OfRef.accept(ForEachOps.java:184)
	at java.util.ArrayList$ArrayListSpliterator.forEachRemaining(ArrayList.java:1382)
	at java.util.stream.AbstractPipeline.copyInto(AbstractPipeline.java:482)
	at java.util.stream.ForEachOps$ForEachTask.compute(ForEachOps.java:291)
	at java.util.concurrent.CountedCompleter.exec(CountedCompleter.java:731)
	at java.util.concurrent.ForkJoinTask.doExec(ForkJoinTask.java:289)
	at java.util.concurrent.ForkJoinPool$WorkQueue.runTask(ForkJoinPool.java:1056)
	at java.util.concurrent.ForkJoinPool.runWorker(ForkJoinPool.java:1692)
	at java.util.concurrent.ForkJoinWorkerThread.run(ForkJoinWorkerThread.java:157)
Caused by: org.apache.ratis.thirdparty.io.grpc.StatusRuntimeException: DEADLINE_EXCEEDED: deadline exceeded after 2997380347ns
	at org.apache.ratis.thirdparty.io.grpc.stub.ClientCalls.toStatusRuntimeException(ClientCalls.java:233)
	at org.apache.ratis.thirdparty.io.grpc.stub.ClientCalls.getUnchecked(ClientCalls.java:214)
	at org.apache.ratis.thirdparty.io.grpc.stub.ClientCalls.blockingUnaryCall(ClientCalls.java:139)
	at org.apache.ratis.proto.grpc.AdminProtocolServiceGrpc$AdminProtocolServiceBlockingStub.groupManagement(AdminProtocolServiceGrpc.java:274)
	at org.apache.ratis.grpc.client.GrpcClientProtocolClient.lambda$groupAdd$3(GrpcClientProtocolClient.java:149)
	at org.apache.ratis.grpc.client.GrpcClientProtocolClient.blockingCall(GrpcClientProtocolClient.java:176)
	... 15 more
2019-09-18 18:48:54,474 [RATISCREATEPIPELINE3] ERROR pipeline.RatisPipelineProvider (RatisPipelineProvider.java:lambda$null$5(236)) - Failed invoke Ratis rpc org.apache.hadoop.hdds.scm.pipeline.RatisPipelineProvider$$Lambda$183/17578934@f2edeab for 1e2f870a-f5c7-4413-91e1-4bfb41ad17f1
org.apache.ratis.protocol.TimeoutIOException: deadline exceeded after 2999661466ns
	at org.apache.ratis.grpc.GrpcUtil.tryUnwrapException(GrpcUtil.java:82)
	at org.apache.ratis.grpc.GrpcUtil.unwrapException(GrpcUtil.java:75)
	at org.apache.ratis.grpc.client.GrpcClientProtocolClient.blockingCall(GrpcClientProtocolClient.java:178)
	at org.apache.ratis.grpc.client.GrpcClientProtocolClient.groupAdd(GrpcClientProtocolClient.java:147)
	at org.apache.ratis.grpc.client.GrpcClientRpc.sendRequest(GrpcClientRpc.java:94)
	at org.apache.ratis.client.impl.RaftClientImpl.sendRequest(RaftClientImpl.java:278)
	at org.apache.ratis.client.impl.RaftClientImpl.groupAdd(RaftClientImpl.java:205)
	at org.apache.hadoop.hdds.scm.pipeline.RatisPipelineProvider.lambda$initializePipeline$4(RatisPipelineProvider.java:195)
	at org.apache.hadoop.hdds.scm.pipeline.RatisPipelineProvider.lambda$null$5(RatisPipelineProvider.java:232)
	at java.util.stream.ForEachOps$ForEachOp$OfRef.accept(ForEachOps.java:184)
	at java.util.ArrayList$ArrayListSpliterator.forEachRemaining(ArrayList.java:1382)
	at java.util.stream.AbstractPipeline.copyInto(AbstractPipeline.java:482)
	at java.util.stream.ForEachOps$ForEachTask.compute(ForEachOps.java:291)
	at java.util.concurrent.CountedCompleter.exec(CountedCompleter.java:731)
	at java.util.concurrent.ForkJoinTask.doExec(ForkJoinTask.java:289)
	at java.util.concurrent.ForkJoinPool$WorkQueue.runTask(ForkJoinPool.java:1056)
	at java.util.concurrent.ForkJoinPool.runWorker(ForkJoinPool.java:1692)
	at java.util.concurrent.ForkJoinWorkerThread.run(ForkJoinWorkerThread.java:157)
Caused by: org.apache.ratis.thirdparty.io.grpc.StatusRuntimeException: DEADLINE_EXCEEDED: deadline exceeded after 2999661466ns
	at org.apache.ratis.thirdparty.io.grpc.stub.ClientCalls.toStatusRuntimeException(ClientCalls.java:233)
	at org.apache.ratis.thirdparty.io.grpc.stub.ClientCalls.getUnchecked(ClientCalls.java:214)
	at org.apache.ratis.thirdparty.io.grpc.stub.ClientCalls.blockingUnaryCall(ClientCalls.java:139)
	at org.apache.ratis.proto.grpc.AdminProtocolServiceGrpc$AdminProtocolServiceBlockingStub.groupManagement(AdminProtocolServiceGrpc.java:274)
	at org.apache.ratis.grpc.client.GrpcClientProtocolClient.lambda$groupAdd$3(GrpcClientProtocolClient.java:149)
	at org.apache.ratis.grpc.client.GrpcClientProtocolClient.blockingCall(GrpcClientProtocolClient.java:176)
	... 15 more
2019-09-18 18:48:54,514 [grpc-default-executor-1] INFO  impl.RaftServerProxy (RaftServerProxy.java:addNew(89)) - 96db3275-9526-43dd-955b-5fb539e24efb: addNew group-35AFD8ACCAD0:[96db3275-9526-43dd-955b-5fb539e24efb:192.168.5.155:35901] returns group-35AFD8ACCAD0:java.util.concurrent.CompletableFuture@2de08f32[Not completed]
2019-09-18 18:48:57,500 [RATISCREATEPIPELINE1] ERROR pipeline.RatisPipelineProvider (RatisPipelineProvider.java:lambda$null$5(236)) - Failed invoke Ratis rpc org.apache.hadoop.hdds.scm.pipeline.RatisPipelineProvider$$Lambda$183/17578934@28ea7de6 for 96db3275-9526-43dd-955b-5fb539e24efb
org.apache.ratis.protocol.TimeoutIOException: deadline exceeded after 2999681203ns
	at org.apache.ratis.grpc.GrpcUtil.tryUnwrapException(GrpcUtil.java:82)
	at org.apache.ratis.grpc.GrpcUtil.unwrapException(GrpcUtil.java:75)
	at org.apache.ratis.grpc.client.GrpcClientProtocolClient.blockingCall(GrpcClientProtocolClient.java:178)
	at org.apache.ratis.grpc.client.GrpcClientProtocolClient.groupAdd(GrpcClientProtocolClient.java:147)
	at org.apache.ratis.grpc.client.GrpcClientRpc.sendRequest(GrpcClientRpc.java:94)
	at org.apache.ratis.client.impl.RaftClientImpl.sendRequest(RaftClientImpl.java:278)
	at org.apache.ratis.client.impl.RaftClientImpl.groupAdd(RaftClientImpl.java:205)
	at org.apache.hadoop.hdds.scm.pipeline.RatisPipelineProvider.lambda$initializePipeline$4(RatisPipelineProvider.java:195)
	at org.apache.hadoop.hdds.scm.pipeline.RatisPipelineProvider.lambda$null$5(RatisPipelineProvider.java:232)
	at java.util.stream.ForEachOps$ForEachOp$OfRef.accept(ForEachOps.java:184)
	at java.util.ArrayList$ArrayListSpliterator.forEachRemaining(ArrayList.java:1382)
	at java.util.stream.AbstractPipeline.copyInto(AbstractPipeline.java:482)
	at java.util.stream.ForEachOps$ForEachTask.compute(ForEachOps.java:291)
	at java.util.concurrent.CountedCompleter.exec(CountedCompleter.java:731)
	at java.util.concurrent.ForkJoinTask.doExec(ForkJoinTask.java:289)
	at java.util.concurrent.ForkJoinTask.doInvoke(ForkJoinTask.java:401)
	at java.util.concurrent.ForkJoinTask.invoke(ForkJoinTask.java:734)
	at java.util.stream.ForEachOps$ForEachOp.evaluateParallel(ForEachOps.java:160)
	at java.util.stream.ForEachOps$ForEachOp$OfRef.evaluateParallel(ForEachOps.java:174)
	at java.util.stream.AbstractPipeline.evaluate(AbstractPipeline.java:233)
	at java.util.stream.ReferencePipeline.forEach(ReferencePipeline.java:418)
	at java.util.stream.ReferencePipeline$Head.forEach(ReferencePipeline.java:583)
	at org.apache.hadoop.hdds.scm.pipeline.RatisPipelineProvider.lambda$callRatisRpc$6(RatisPipelineProvider.java:226)
	at java.util.concurrent.ForkJoinTask$AdaptedRunnableAction.exec(ForkJoinTask.java:1386)
	at java.util.concurrent.ForkJoinTask.doExec(ForkJoinTask.java:289)
	at java.util.concurrent.ForkJoinPool$WorkQueue.runTask(ForkJoinPool.java:1056)
	at java.util.concurrent.ForkJoinPool.runWorker(ForkJoinPool.java:1692)
	at java.util.concurrent.ForkJoinWorkerThread.run(ForkJoinWorkerThread.java:157)
Caused by: org.apache.ratis.thirdparty.io.grpc.StatusRuntimeException: DEADLINE_EXCEEDED: deadline exceeded after 2999681203ns
	at org.apache.ratis.thirdparty.io.grpc.stub.ClientCalls.toStatusRuntimeException(ClientCalls.java:233)
	at org.apache.ratis.thirdparty.io.grpc.stub.ClientCalls.getUnchecked(ClientCalls.java:214)
	at org.apache.ratis.thirdparty.io.grpc.stub.ClientCalls.blockingUnaryCall(ClientCalls.java:139)
	at org.apache.ratis.proto.grpc.AdminProtocolServiceGrpc$AdminProtocolServiceBlockingStub.groupManagement(AdminProtocolServiceGrpc.java:274)
	at org.apache.ratis.grpc.client.GrpcClientProtocolClient.lambda$groupAdd$3(GrpcClientProtocolClient.java:149)
	at org.apache.ratis.grpc.client.GrpcClientProtocolClient.blockingCall(GrpcClientProtocolClient.java:176)
	... 25 more
2019-09-18 18:48:57,549 [grpc-default-executor-0] INFO  impl.RaftServerProxy (RaftServerProxy.java:addNew(89)) - dc0d5ec1-95c1-4bcb-8bd0-d9d25d2a0fca: addNew group-31FBF8C0A134:[1e2f870a-f5c7-4413-91e1-4bfb41ad17f1:192.168.5.155:46499, 96db3275-9526-43dd-955b-5fb539e24efb:192.168.5.155:35901, dc0d5ec1-95c1-4bcb-8bd0-d9d25d2a0fca:192.168.5.155:37299] returns group-31FBF8C0A134:java.util.concurrent.CompletableFuture@1def68eb[Not completed]
2019-09-18 18:48:57,549 [grpc-default-executor-1] INFO  impl.RaftServerProxy (RaftServerProxy.java:addNew(89)) - 1e2f870a-f5c7-4413-91e1-4bfb41ad17f1: addNew group-31FBF8C0A134:[1e2f870a-f5c7-4413-91e1-4bfb41ad17f1:192.168.5.155:46499, 96db3275-9526-43dd-955b-5fb539e24efb:192.168.5.155:35901, dc0d5ec1-95c1-4bcb-8bd0-d9d25d2a0fca:192.168.5.155:37299] returns group-31FBF8C0A134:java.util.concurrent.CompletableFuture@5501519c[Not completed]
2019-09-18 18:48:57,549 [grpc-default-executor-2] INFO  impl.RaftServerProxy (RaftServerProxy.java:addNew(89)) - 96db3275-9526-43dd-955b-5fb539e24efb: addNew group-31FBF8C0A134:[1e2f870a-f5c7-4413-91e1-4bfb41ad17f1:192.168.5.155:46499, 96db3275-9526-43dd-955b-5fb539e24efb:192.168.5.155:35901, dc0d5ec1-95c1-4bcb-8bd0-d9d25d2a0fca:192.168.5.155:37299] returns group-31FBF8C0A134:java.util.concurrent.CompletableFuture@59c6cea9[Not completed]
2019-09-18 18:49:00,517 [RATISCREATEPIPELINE3] ERROR pipeline.RatisPipelineProvider (RatisPipelineProvider.java:lambda$null$5(236)) - Failed invoke Ratis rpc org.apache.hadoop.hdds.scm.pipeline.RatisPipelineProvider$$Lambda$183/17578934@78964cc1 for 1e2f870a-f5c7-4413-91e1-4bfb41ad17f1
org.apache.ratis.protocol.TimeoutIOException: deadline exceeded after 2999667834ns
	at org.apache.ratis.grpc.GrpcUtil.tryUnwrapException(GrpcUtil.java:82)
	at org.apache.ratis.grpc.GrpcUtil.unwrapException(GrpcUtil.java:75)
	at org.apache.ratis.grpc.client.GrpcClientProtocolClient.blockingCall(GrpcClientProtocolClient.java:178)
	at org.apache.ratis.grpc.client.GrpcClientProtocolClient.groupAdd(GrpcClientProtocolClient.java:147)
	at org.apache.ratis.grpc.client.GrpcClientRpc.sendRequest(GrpcClientRpc.java:94)
	at org.apache.ratis.client.impl.RaftClientImpl.sendRequest(RaftClientImpl.java:278)
	at org.apache.ratis.client.impl.RaftClientImpl.groupAdd(RaftClientImpl.java:205)
	at org.apache.hadoop.hdds.scm.pipeline.RatisPipelineProvider.lambda$initializePipeline$4(RatisPipelineProvider.java:195)
	at org.apache.hadoop.hdds.scm.pipeline.RatisPipelineProvider.lambda$null$5(RatisPipelineProvider.java:232)
	at java.util.stream.ForEachOps$ForEachOp$OfRef.accept(ForEachOps.java:184)
	at java.util.ArrayList$ArrayListSpliterator.forEachRemaining(ArrayList.java:1382)
	at java.util.stream.AbstractPipeline.copyInto(AbstractPipeline.java:482)
	at java.util.stream.ForEachOps$ForEachTask.compute(ForEachOps.java:291)
	at java.util.concurrent.CountedCompleter.exec(CountedCompleter.java:731)
	at java.util.concurrent.ForkJoinTask.doExec(ForkJoinTask.java:289)
	at java.util.concurrent.ForkJoinPool$WorkQueue.runTask(ForkJoinPool.java:1056)
	at java.util.concurrent.ForkJoinPool.runWorker(ForkJoinPool.java:1692)
	at java.util.concurrent.ForkJoinWorkerThread.run(ForkJoinWorkerThread.java:157)
Caused by: org.apache.ratis.thirdparty.io.grpc.StatusRuntimeException: DEADLINE_EXCEEDED: deadline exceeded after 2999667834ns
	at org.apache.ratis.thirdparty.io.grpc.stub.ClientCalls.toStatusRuntimeException(ClientCalls.java:233)
	at org.apache.ratis.thirdparty.io.grpc.stub.ClientCalls.getUnchecked(ClientCalls.java:214)
	at org.apache.ratis.thirdparty.io.grpc.stub.ClientCalls.blockingUnaryCall(ClientCalls.java:139)
	at org.apache.ratis.proto.grpc.AdminProtocolServiceGrpc$AdminProtocolServiceBlockingStub.groupManagement(AdminProtocolServiceGrpc.java:274)
	at org.apache.ratis.grpc.client.GrpcClientProtocolClient.lambda$groupAdd$3(GrpcClientProtocolClient.java:149)
	at org.apache.ratis.grpc.client.GrpcClientProtocolClient.blockingCall(GrpcClientProtocolClient.java:176)
	... 15 more
2019-09-18 18:49:00,518 [RATISCREATEPIPELINE2] ERROR pipeline.RatisPipelineProvider (RatisPipelineProvider.java:lambda$null$5(236)) - Failed invoke Ratis rpc org.apache.hadoop.hdds.scm.pipeline.RatisPipelineProvider$$Lambda$183/17578934@78964cc1 for 96db3275-9526-43dd-955b-5fb539e24efb
org.apache.ratis.protocol.TimeoutIOException: deadline exceeded after 2999689980ns
	at org.apache.ratis.grpc.GrpcUtil.tryUnwrapException(GrpcUtil.java:82)
	at org.apache.ratis.grpc.GrpcUtil.unwrapException(GrpcUtil.java:75)
	at org.apache.ratis.grpc.client.GrpcClientProtocolClient.blockingCall(GrpcClientProtocolClient.java:178)
	at org.apache.ratis.grpc.client.GrpcClientProtocolClient.groupAdd(GrpcClientProtocolClient.java:147)
	at org.apache.ratis.grpc.client.GrpcClientRpc.sendRequest(GrpcClientRpc.java:94)
	at org.apache.ratis.client.impl.RaftClientImpl.sendRequest(RaftClientImpl.java:278)
	at org.apache.ratis.client.impl.RaftClientImpl.groupAdd(RaftClientImpl.java:205)
	at org.apache.hadoop.hdds.scm.pipeline.RatisPipelineProvider.lambda$initializePipeline$4(RatisPipelineProvider.java:195)
	at org.apache.hadoop.hdds.scm.pipeline.RatisPipelineProvider.lambda$null$5(RatisPipelineProvider.java:232)
	at java.util.stream.ForEachOps$ForEachOp$OfRef.accept(ForEachOps.java:184)
	at java.util.ArrayList$ArrayListSpliterator.forEachRemaining(ArrayList.java:1382)
	at java.util.stream.AbstractPipeline.copyInto(AbstractPipeline.java:482)
	at java.util.stream.ForEachOps$ForEachTask.compute(ForEachOps.java:291)
	at java.util.concurrent.CountedCompleter.exec(CountedCompleter.java:731)
	at java.util.concurrent.ForkJoinTask.doExec(ForkJoinTask.java:289)
	at java.util.concurrent.ForkJoinPool$WorkQueue.runTask(ForkJoinPool.java:1056)
	at java.util.concurrent.ForkJoinPool.runWorker(ForkJoinPool.java:1692)
	at java.util.concurrent.ForkJoinWorkerThread.run(ForkJoinWorkerThread.java:157)
Caused by: org.apache.ratis.thirdparty.io.grpc.StatusRuntimeException: DEADLINE_EXCEEDED: deadline exceeded after 2999689980ns
	at org.apache.ratis.thirdparty.io.grpc.stub.ClientCalls.toStatusRuntimeException(ClientCalls.java:233)
	at org.apache.ratis.thirdparty.io.grpc.stub.ClientCalls.getUnchecked(ClientCalls.java:214)
	at org.apache.ratis.thirdparty.io.grpc.stub.ClientCalls.blockingUnaryCall(ClientCalls.java:139)
	at org.apache.ratis.proto.grpc.AdminProtocolServiceGrpc$AdminProtocolServiceBlockingStub.groupManagement(AdminProtocolServiceGrpc.java:274)
	at org.apache.ratis.grpc.client.GrpcClientProtocolClient.lambda$groupAdd$3(GrpcClientProtocolClient.java:149)
	at org.apache.ratis.grpc.client.GrpcClientProtocolClient.blockingCall(GrpcClientProtocolClient.java:176)
	... 15 more
2019-09-18 18:49:00,518 [RATISCREATEPIPELINE1] ERROR pipeline.RatisPipelineProvider (RatisPipelineProvider.java:lambda$null$5(236)) - Failed invoke Ratis rpc org.apache.hadoop.hdds.scm.pipeline.RatisPipelineProvider$$Lambda$183/17578934@78964cc1 for dc0d5ec1-95c1-4bcb-8bd0-d9d25d2a0fca
org.apache.ratis.protocol.TimeoutIOException: deadline exceeded after 2998191756ns
	at org.apache.ratis.grpc.GrpcUtil.tryUnwrapException(GrpcUtil.java:82)
	at org.apache.ratis.grpc.GrpcUtil.unwrapException(GrpcUtil.java:75)
	at org.apache.ratis.grpc.client.GrpcClientProtocolClient.blockingCall(GrpcClientProtocolClient.java:178)
	at org.apache.ratis.grpc.client.GrpcClientProtocolClient.groupAdd(GrpcClientProtocolClient.java:147)
	at org.apache.ratis.grpc.client.GrpcClientRpc.sendRequest(GrpcClientRpc.java:94)
	at org.apache.ratis.client.impl.RaftClientImpl.sendRequest(RaftClientImpl.java:278)
	at org.apache.ratis.client.impl.RaftClientImpl.groupAdd(RaftClientImpl.java:205)
	at org.apache.hadoop.hdds.scm.pipeline.RatisPipelineProvider.lambda$initializePipeline$4(RatisPipelineProvider.java:195)
	at org.apache.hadoop.hdds.scm.pipeline.RatisPipelineProvider.lambda$null$5(RatisPipelineProvider.java:232)
	at java.util.stream.ForEachOps$ForEachOp$OfRef.accept(ForEachOps.java:184)
	at java.util.ArrayList$ArrayListSpliterator.forEachRemaining(ArrayList.java:1382)
	at java.util.stream.AbstractPipeline.copyInto(AbstractPipeline.java:482)
	at java.util.stream.ForEachOps$ForEachTask.compute(ForEachOps.java:291)
	at java.util.concurrent.CountedCompleter.exec(CountedCompleter.java:731)
	at java.util.concurrent.ForkJoinTask.doExec(ForkJoinTask.java:289)
	at java.util.concurrent.ForkJoinTask.doInvoke(ForkJoinTask.java:401)
	at java.util.concurrent.ForkJoinTask.invoke(ForkJoinTask.java:734)
	at java.util.stream.ForEachOps$ForEachOp.evaluateParallel(ForEachOps.java:160)
	at java.util.stream.ForEachOps$ForEachOp$OfRef.evaluateParallel(ForEachOps.java:174)
	at java.util.stream.AbstractPipeline.evaluate(AbstractPipeline.java:233)
	at java.util.stream.ReferencePipeline.forEach(ReferencePipeline.java:418)
	at java.util.stream.ReferencePipeline$Head.forEach(ReferencePipeline.java:583)
	at org.apache.hadoop.hdds.scm.pipeline.RatisPipelineProvider.lambda$callRatisRpc$6(RatisPipelineProvider.java:226)
	at java.util.concurrent.ForkJoinTask$AdaptedRunnableAction.exec(ForkJoinTask.java:1386)
	at java.util.concurrent.ForkJoinTask.doExec(ForkJoinTask.java:289)
	at java.util.concurrent.ForkJoinPool$WorkQueue.runTask(ForkJoinPool.java:1056)
	at java.util.concurrent.ForkJoinPool.runWorker(ForkJoinPool.java:1692)
	at java.util.concurrent.ForkJoinWorkerThread.run(ForkJoinWorkerThread.java:157)
Caused by: org.apache.ratis.thirdparty.io.grpc.StatusRuntimeException: DEADLINE_EXCEEDED: deadline exceeded after 2998191756ns
	at org.apache.ratis.thirdparty.io.grpc.stub.ClientCalls.toStatusRuntimeException(ClientCalls.java:233)
	at org.apache.ratis.thirdparty.io.grpc.stub.ClientCalls.getUnchecked(ClientCalls.java:214)
	at org.apache.ratis.thirdparty.io.grpc.stub.ClientCalls.blockingUnaryCall(ClientCalls.java:139)
	at org.apache.ratis.proto.grpc.AdminProtocolServiceGrpc$AdminProtocolServiceBlockingStub.groupManagement(AdminProtocolServiceGrpc.java:274)
	at org.apache.ratis.grpc.client.GrpcClientProtocolClient.lambda$groupAdd$3(GrpcClientProtocolClient.java:149)
	at org.apache.ratis.grpc.client.GrpcClientProtocolClient.blockingCall(GrpcClientProtocolClient.java:176)
	... 25 more
2019-09-18 18:49:00,551 [grpc-default-executor-2] INFO  impl.RaftServerProxy (RaftServerProxy.java:addNew(89)) - 96db3275-9526-43dd-955b-5fb539e24efb: addNew group-8DFD2CA56B00:[1e2f870a-f5c7-4413-91e1-4bfb41ad17f1:192.168.5.155:46499, 96db3275-9526-43dd-955b-5fb539e24efb:192.168.5.155:35901, dc0d5ec1-95c1-4bcb-8bd0-d9d25d2a0fca:192.168.5.155:37299] returns group-8DFD2CA56B00:java.util.concurrent.CompletableFuture@72bc489b[Not completed]
2019-09-18 18:49:00,552 [grpc-default-executor-2] INFO  impl.RaftServerProxy (RaftServerProxy.java:addNew(89)) - dc0d5ec1-95c1-4bcb-8bd0-d9d25d2a0fca: addNew group-8DFD2CA56B00:[1e2f870a-f5c7-4413-91e1-4bfb41ad17f1:192.168.5.155:46499, 96db3275-9526-43dd-955b-5fb539e24efb:192.168.5.155:35901, dc0d5ec1-95c1-4bcb-8bd0-d9d25d2a0fca:192.168.5.155:37299] returns group-8DFD2CA56B00:java.util.concurrent.CompletableFuture@5e8075b0[Not completed]
2019-09-18 18:49:00,554 [grpc-default-executor-2] INFO  impl.RaftServerProxy (RaftServerProxy.java:addNew(89)) - 1e2f870a-f5c7-4413-91e1-4bfb41ad17f1: addNew group-8DFD2CA56B00:[1e2f870a-f5c7-4413-91e1-4bfb41ad17f1:192.168.5.155:46499, 96db3275-9526-43dd-955b-5fb539e24efb:192.168.5.155:35901, dc0d5ec1-95c1-4bcb-8bd0-d9d25d2a0fca:192.168.5.155:37299] returns group-8DFD2CA56B00:java.util.concurrent.CompletableFuture@31dc4b4f[Not completed]
2019-09-18 18:49:03,540 [RATISCREATEPIPELINE3] ERROR pipeline.RatisPipelineProvider (RatisPipelineProvider.java:lambda$null$5(236)) - Failed invoke Ratis rpc org.apache.hadoop.hdds.scm.pipeline.RatisPipelineProvider$$Lambda$183/17578934@27c57b6c for 96db3275-9526-43dd-955b-5fb539e24efb
org.apache.ratis.protocol.TimeoutIOException: deadline exceeded after 2999739100ns
	at org.apache.ratis.grpc.GrpcUtil.tryUnwrapException(GrpcUtil.java:82)
	at org.apache.ratis.grpc.GrpcUtil.unwrapException(GrpcUtil.java:75)
	at org.apache.ratis.grpc.client.GrpcClientProtocolClient.blockingCall(GrpcClientProtocolClient.java:178)
	at org.apache.ratis.grpc.client.GrpcClientProtocolClient.groupAdd(GrpcClientProtocolClient.java:147)
	at org.apache.ratis.grpc.client.GrpcClientRpc.sendRequest(GrpcClientRpc.java:94)
	at org.apache.ratis.client.impl.RaftClientImpl.sendRequest(RaftClientImpl.java:278)
	at org.apache.ratis.client.impl.RaftClientImpl.groupAdd(RaftClientImpl.java:205)
	at org.apache.hadoop.hdds.scm.pipeline.RatisPipelineProvider.lambda$initializePipeline$4(RatisPipelineProvider.java:195)
	at org.apache.hadoop.hdds.scm.pipeline.RatisPipelineProvider.lambda$null$5(RatisPipelineProvider.java:232)
	at java.util.stream.ForEachOps$ForEachOp$OfRef.accept(ForEachOps.java:184)
	at java.util.ArrayList$ArrayListSpliterator.forEachRemaining(ArrayList.java:1382)
	at java.util.stream.AbstractPipeline.copyInto(AbstractPipeline.java:482)
	at java.util.stream.ForEachOps$ForEachTask.compute(ForEachOps.java:291)
	at java.util.concurrent.CountedCompleter.exec(CountedCompleter.java:731)
	at java.util.concurrent.ForkJoinTask.doExec(ForkJoinTask.java:289)
	at java.util.concurrent.ForkJoinPool$WorkQueue.runTask(ForkJoinPool.java:1056)
	at java.util.concurrent.ForkJoinPool.runWorker(ForkJoinPool.java:1692)
	at java.util.concurrent.ForkJoinWorkerThread.run(ForkJoinWorkerThread.java:157)
Caused by: org.apache.ratis.thirdparty.io.grpc.StatusRuntimeException: DEADLINE_EXCEEDED: deadline exceeded after 2999739100ns
	at org.apache.ratis.thirdparty.io.grpc.stub.ClientCalls.toStatusRuntimeException(ClientCalls.java:233)
	at org.apache.ratis.thirdparty.io.grpc.stub.ClientCalls.getUnchecked(ClientCalls.java:214)
	at org.apache.ratis.thirdparty.io.grpc.stub.ClientCalls.blockingUnaryCall(ClientCalls.java:139)
	at org.apache.ratis.proto.grpc.AdminProtocolServiceGrpc$AdminProtocolServiceBlockingStub.groupManagement(AdminProtocolServiceGrpc.java:274)
	at org.apache.ratis.grpc.client.GrpcClientProtocolClient.lambda$groupAdd$3(GrpcClientProtocolClient.java:149)
	at org.apache.ratis.grpc.client.GrpcClientProtocolClient.blockingCall(GrpcClientProtocolClient.java:176)
	... 15 more
2019-09-18 18:49:03,542 [RATISCREATEPIPELINE2] ERROR pipeline.RatisPipelineProvider (RatisPipelineProvider.java:lambda$null$5(236)) - Failed invoke Ratis rpc org.apache.hadoop.hdds.scm.pipeline.RatisPipelineProvider$$Lambda$183/17578934@27c57b6c for 1e2f870a-f5c7-4413-91e1-4bfb41ad17f1
org.apache.ratis.protocol.TimeoutIOException: deadline exceeded after 2998385683ns
	at org.apache.ratis.grpc.GrpcUtil.tryUnwrapException(GrpcUtil.java:82)
	at org.apache.ratis.grpc.GrpcUtil.unwrapException(GrpcUtil.java:75)
	at org.apache.ratis.grpc.client.GrpcClientProtocolClient.blockingCall(GrpcClientProtocolClient.java:178)
	at org.apache.ratis.grpc.client.GrpcClientProtocolClient.groupAdd(GrpcClientProtocolClient.java:147)
	at org.apache.ratis.grpc.client.GrpcClientRpc.sendRequest(GrpcClientRpc.java:94)
	at org.apache.ratis.client.impl.RaftClientImpl.sendRequest(RaftClientImpl.java:278)
	at org.apache.ratis.client.impl.RaftClientImpl.groupAdd(RaftClientImpl.java:205)
	at org.apache.hadoop.hdds.scm.pipeline.RatisPipelineProvider.lambda$initializePipeline$4(RatisPipelineProvider.java:195)
	at org.apache.hadoop.hdds.scm.pipeline.RatisPipelineProvider.lambda$null$5(RatisPipelineProvider.java:232)
	at java.util.stream.ForEachOps$ForEachOp$OfRef.accept(ForEachOps.java:184)
	at java.util.ArrayList$ArrayListSpliterator.forEachRemaining(ArrayList.java:1382)
	at java.util.stream.AbstractPipeline.copyInto(AbstractPipeline.java:482)
	at java.util.stream.ForEachOps$ForEachTask.compute(ForEachOps.java:291)
	at java.util.concurrent.CountedCompleter.exec(CountedCompleter.java:731)
	at java.util.concurrent.ForkJoinTask.doExec(ForkJoinTask.java:289)
	at java.util.concurrent.ForkJoinPool$WorkQueue.runTask(ForkJoinPool.java:1056)
	at java.util.concurrent.ForkJoinPool.runWorker(ForkJoinPool.java:1692)
	at java.util.concurrent.ForkJoinWorkerThread.run(ForkJoinWorkerThread.java:157)
Caused by: org.apache.ratis.thirdparty.io.grpc.StatusRuntimeException: DEADLINE_EXCEEDED: deadline exceeded after 2998385683ns
	at org.apache.ratis.thirdparty.io.grpc.stub.ClientCalls.toStatusRuntimeException(ClientCalls.java:233)
	at org.apache.ratis.thirdparty.io.grpc.stub.ClientCalls.getUnchecked(ClientCalls.java:214)
	at org.apache.ratis.thirdparty.io.grpc.stub.ClientCalls.blockingUnaryCall(ClientCalls.java:139)
	at org.apache.ratis.proto.grpc.AdminProtocolServiceGrpc$AdminProtocolServiceBlockingStub.groupManagement(AdminProtocolServiceGrpc.java:274)
	at org.apache.ratis.grpc.client.GrpcClientProtocolClient.lambda$groupAdd$3(GrpcClientProtocolClient.java:149)
	at org.apache.ratis.grpc.client.GrpcClientProtocolClient.blockingCall(GrpcClientProtocolClient.java:176)
	... 15 more
2019-09-18 18:49:03,540 [RATISCREATEPIPELINE1] ERROR pipeline.RatisPipelineProvider (RatisPipelineProvider.java:lambda$null$5(236)) - Failed invoke Ratis rpc org.apache.hadoop.hdds.scm.pipeline.RatisPipelineProvider$$Lambda$183/17578934@27c57b6c for dc0d5ec1-95c1-4bcb-8bd0-d9d25d2a0fca
org.apache.ratis.protocol.TimeoutIOException: deadline exceeded after 2998561180ns
	at org.apache.ratis.grpc.GrpcUtil.tryUnwrapException(GrpcUtil.java:82)
	at org.apache.ratis.grpc.GrpcUtil.unwrapException(GrpcUtil.java:75)
	at org.apache.ratis.grpc.client.GrpcClientProtocolClient.blockingCall(GrpcClientProtocolClient.java:178)
	at org.apache.ratis.grpc.client.GrpcClientProtocolClient.groupAdd(GrpcClientProtocolClient.java:147)
	at org.apache.ratis.grpc.client.GrpcClientRpc.sendRequest(GrpcClientRpc.java:94)
	at org.apache.ratis.client.impl.RaftClientImpl.sendRequest(RaftClientImpl.java:278)
	at org.apache.ratis.client.impl.RaftClientImpl.groupAdd(RaftClientImpl.java:205)
	at org.apache.hadoop.hdds.scm.pipeline.RatisPipelineProvider.lambda$initializePipeline$4(RatisPipelineProvider.java:195)
	at org.apache.hadoop.hdds.scm.pipeline.RatisPipelineProvider.lambda$null$5(RatisPipelineProvider.java:232)
	at java.util.stream.ForEachOps$ForEachOp$OfRef.accept(ForEachOps.java:184)
	at java.util.ArrayList$ArrayListSpliterator.forEachRemaining(ArrayList.java:1382)
	at java.util.stream.AbstractPipeline.copyInto(AbstractPipeline.java:482)
	at java.util.stream.ForEachOps$ForEachTask.compute(ForEachOps.java:291)
	at java.util.concurrent.CountedCompleter.exec(CountedCompleter.java:731)
	at java.util.concurrent.ForkJoinTask.doExec(ForkJoinTask.java:289)
	at java.util.concurrent.ForkJoinTask.doInvoke(ForkJoinTask.java:401)
	at java.util.concurrent.ForkJoinTask.invoke(ForkJoinTask.java:734)
	at java.util.stream.ForEachOps$ForEachOp.evaluateParallel(ForEachOps.java:160)
	at java.util.stream.ForEachOps$ForEachOp$OfRef.evaluateParallel(ForEachOps.java:174)
	at java.util.stream.AbstractPipeline.evaluate(AbstractPipeline.java:233)
	at java.util.stream.ReferencePipeline.forEach(ReferencePipeline.java:418)
	at java.util.stream.ReferencePipeline$Head.forEach(ReferencePipeline.java:583)
	at org.apache.hadoop.hdds.scm.pipeline.RatisPipelineProvider.lambda$callRatisRpc$6(RatisPipelineProvider.java:226)
	at java.util.concurrent.ForkJoinTask$AdaptedRunnableAction.exec(ForkJoinTask.java:1386)
	at java.util.concurrent.ForkJoinTask.doExec(ForkJoinTask.java:289)
	at java.util.concurrent.ForkJoinPool$WorkQueue.runTask(ForkJoinPool.java:1056)
	at java.util.concurrent.ForkJoinPool.runWorker(ForkJoinPool.java:1692)
	at java.util.concurrent.ForkJoinWorkerThread.run(ForkJoinWorkerThread.java:157)
Caused by: org.apache.ratis.thirdparty.io.grpc.StatusRuntimeException: DEADLINE_EXCEEDED: deadline exceeded after 2998561180ns
	at org.apache.ratis.thirdparty.io.grpc.stub.ClientCalls.toStatusRuntimeException(ClientCalls.java:233)
	at org.apache.ratis.thirdparty.io.grpc.stub.ClientCalls.getUnchecked(ClientCalls.java:214)
	at org.apache.ratis.thirdparty.io.grpc.stub.ClientCalls.blockingUnaryCall(ClientCalls.java:139)
	at org.apache.ratis.proto.grpc.AdminProtocolServiceGrpc$AdminProtocolServiceBlockingStub.groupManagement(AdminProtocolServiceGrpc.java:274)
	at org.apache.ratis.grpc.client.GrpcClientProtocolClient.lambda$groupAdd$3(GrpcClientProtocolClient.java:149)
	at org.apache.ratis.grpc.client.GrpcClientProtocolClient.blockingCall(GrpcClientProtocolClient.java:176)
	... 25 more
2019-09-18 18:49:03,570 [IPC Server handler 11 on 45419] WARN  block.BlockManagerImpl (BlockManagerImpl.java:allocateBlock(192)) - Pipeline creation failed for type:RATIS factor:THREE. Retrying get pipelines call once.
org.apache.hadoop.io.MultipleIOException: 3 exceptions [java.io.IOException: Failed invoke Ratis rpc org.apache.hadoop.hdds.scm.pipeline.RatisPipelineProvider$$Lambda$183/17578934@27c57b6c for 96db3275-9526-43dd-955b-5fb539e24efb, java.io.IOException: Failed invoke Ratis rpc org.apache.hadoop.hdds.scm.pipeline.RatisPipelineProvider$$Lambda$183/17578934@27c57b6c for 1e2f870a-f5c7-4413-91e1-4bfb41ad17f1, java.io.IOException: Failed invoke Ratis rpc org.apache.hadoop.hdds.scm.pipeline.RatisPipelineProvider$$Lambda$183/17578934@27c57b6c for dc0d5ec1-95c1-4bcb-8bd0-d9d25d2a0fca]
	at org.apache.hadoop.io.MultipleIOException.createIOException(MultipleIOException.java:53)
	at org.apache.hadoop.hdds.scm.pipeline.RatisPipelineProvider.callRatisRpc(RatisPipelineProvider.java:252)
	at org.apache.hadoop.hdds.scm.pipeline.RatisPipelineProvider.initializePipeline(RatisPipelineProvider.java:193)
	at org.apache.hadoop.hdds.scm.pipeline.RatisPipelineProvider.create(RatisPipelineProvider.java:162)
	at org.apache.hadoop.hdds.scm.pipeline.PipelineFactory.create(PipelineFactory.java:57)
	at org.apache.hadoop.hdds.scm.pipeline.SCMPipelineManager.createPipeline(SCMPipelineManager.java:151)
	at org.apache.hadoop.hdds.scm.block.BlockManagerImpl.allocateBlock(BlockManagerImpl.java:190)
	at org.apache.hadoop.hdds.scm.server.SCMBlockProtocolServer.allocateBlock(SCMBlockProtocolServer.java:182)
	at org.apache.hadoop.ozone.protocolPB.ScmBlockLocationProtocolServerSideTranslatorPB.allocateScmBlock(ScmBlockLocationProtocolServerSideTranslatorPB.java:183)
	at org.apache.hadoop.ozone.protocolPB.ScmBlockLocationProtocolServerSideTranslatorPB.processMessage(ScmBlockLocationProtocolServerSideTranslatorPB.java:141)
	at org.apache.hadoop.ozone.protocolPB.ScmBlockLocationProtocolServerSideTranslatorPB.send(ScmBlockLocationProtocolServerSideTranslatorPB.java:116)
	at org.apache.hadoop.hdds.protocol.proto.ScmBlockLocationProtocolProtos$ScmBlockLocationProtocolService$2.callBlockingMethod(ScmBlockLocationProtocolProtos.java:13157)
	at org.apache.hadoop.ipc.ProtobufRpcEngine$Server$ProtoBufRpcInvoker.call(ProtobufRpcEngine.java:524)
	at org.apache.hadoop.ipc.RPC$Server.call(RPC.java:1025)
	at org.apache.hadoop.ipc.Server$RpcCall.run(Server.java:876)
	at org.apache.hadoop.ipc.Server$RpcCall.run(Server.java:822)
	at java.security.AccessController.doPrivileged(Native Method)
	at javax.security.auth.Subject.doAs(Subject.java:422)
	at org.apache.hadoop.security.UserGroupInformation.doAs(UserGroupInformation.java:1730)
	at org.apache.hadoop.ipc.Server$Handler.run(Server.java:2682)
2019-09-18 18:49:03,571 [IPC Server handler 11 on 45419] INFO  block.BlockManagerImpl (BlockManagerImpl.java:allocateBlock(198)) - Could not find available pipeline of type:RATIS and factor:THREE even after retrying
2019-09-18 18:49:03,571 [IPC Server handler 11 on 45419] ERROR block.BlockManagerImpl (BlockManagerImpl.java:allocateBlock(222)) - Unable to allocate a block for the size: 4194304, type: RATIS, factor: THREE
]]></system-out>
    <system-err><![CDATA[ERROR StatusLogger No Log4j 2 configuration file found. Using default configuration (logging only errors to the console), or user programmatically provided configurations. Set system property 'log4j2.debug' to show Log4j 2 internal initialization logging. See https://logging.apache.org/log4j/2.x/manual/configuration.html for instructions on how to configure Log4j 2
]]></system-err>
  </testcase>
  <testcase name="testCreateMakesParentDirs" classname="org.apache.hadoop.fs.ozone.contract.ITestOzoneContractCreate" time="3.163">
    <error message="Allocated 0 blocks. Requested 1 blocks" type="INTERNAL_ERROR org.apache.hadoop.ozone.om.exceptions.OMException">INTERNAL_ERROR org.apache.hadoop.ozone.om.exceptions.OMException: Allocated 0 blocks. Requested 1 blocks
	at org.apache.hadoop.ozone.om.protocolPB.OzoneManagerProtocolClientSideTranslatorPB.handleError(OzoneManagerProtocolClientSideTranslatorPB.java:726)
	at org.apache.hadoop.ozone.om.protocolPB.OzoneManagerProtocolClientSideTranslatorPB.createFile(OzoneManagerProtocolClientSideTranslatorPB.java:1475)
	at sun.reflect.NativeMethodAccessorImpl.invoke0(Native Method)
	at sun.reflect.NativeMethodAccessorImpl.invoke(NativeMethodAccessorImpl.java:62)
	at sun.reflect.DelegatingMethodAccessorImpl.invoke(DelegatingMethodAccessorImpl.java:43)
	at java.lang.reflect.Method.invoke(Method.java:498)
	at org.apache.hadoop.hdds.tracing.TraceAllMethod.invoke(TraceAllMethod.java:66)
	at com.sun.proxy.$Proxy41.createFile(Unknown Source)
	at org.apache.hadoop.ozone.client.rpc.RpcClient.createFile(RpcClient.java:1009)
	at org.apache.hadoop.ozone.client.OzoneBucket.createFile(OzoneBucket.java:537)
	at org.apache.hadoop.fs.ozone.BasicOzoneClientAdapterImpl.createFile(BasicOzoneClientAdapterImpl.java:205)
	at org.apache.hadoop.fs.ozone.BasicOzoneFileSystem.createOutputStream(BasicOzoneFileSystem.java:250)
	at org.apache.hadoop.fs.ozone.BasicOzoneFileSystem.create(BasicOzoneFileSystem.java:231)
	at org.apache.hadoop.fs.FileSystem.create(FileSystem.java:1118)
	at org.apache.hadoop.fs.FileSystem.create(FileSystem.java:1098)
	at org.apache.hadoop.fs.FileSystem.create(FileSystem.java:987)
	at org.apache.hadoop.fs.contract.ContractTestUtils.createFile(ContractTestUtils.java:633)
	at org.apache.hadoop.fs.contract.ContractTestUtils.touch(ContractTestUtils.java:669)
	at org.apache.hadoop.fs.contract.AbstractContractCreateTest.testCreateMakesParentDirs(AbstractContractCreateTest.java:325)
	at sun.reflect.NativeMethodAccessorImpl.invoke0(Native Method)
	at sun.reflect.NativeMethodAccessorImpl.invoke(NativeMethodAccessorImpl.java:62)
	at sun.reflect.DelegatingMethodAccessorImpl.invoke(DelegatingMethodAccessorImpl.java:43)
	at java.lang.reflect.Method.invoke(Method.java:498)
	at org.junit.runners.model.FrameworkMethod$1.runReflectiveCall(FrameworkMethod.java:47)
	at org.junit.internal.runners.model.ReflectiveCallable.run(ReflectiveCallable.java:12)
	at org.junit.runners.model.FrameworkMethod.invokeExplosively(FrameworkMethod.java:44)
	at org.junit.internal.runners.statements.InvokeMethod.evaluate(InvokeMethod.java:17)
	at org.junit.internal.runners.statements.RunBefores.evaluate(RunBefores.java:26)
	at org.junit.internal.runners.statements.RunAfters.evaluate(RunAfters.java:27)
	at org.junit.rules.TestWatcher$1.evaluate(TestWatcher.java:55)
	at org.junit.internal.runners.statements.FailOnTimeout$StatementThread.run(FailOnTimeout.java:74)
</error>
    <system-out><![CDATA[2019-09-18 18:49:04,041 [Thread-217] INFO  rpc.RpcClient (RpcClient.java:createVolume(302)) - Creating Volume: volume66326, with user02909 as owner.
2019-09-18 18:49:04,045 [IPC Server handler 0 on 37253] INFO  volume.OMVolumeCreateRequest (OMVolumeCreateRequest.java:validateAndUpdateCache(189)) - created volume:volume66326 for user:user02909
2019-09-18 18:49:04,048 [Thread-217] INFO  rpc.RpcClient (RpcClient.java:createBucket(441)) - Creating Bucket: volume66326/bucket04487, with Versioning false and Storage Type set to DISK and Encryption set to false 
2019-09-18 18:49:04,115 [Thread-217] INFO  contract.AbstractFSContractTestBase (AbstractFSContractTestBase.java:setup(184)) - Test filesystem = o3fs://bucket04487.volume66326 implemented by OzoneFileSystem{URI=o3fs://bucket04487.volume66326, workingDir=o3fs://bucket04487.volume66326/user/jenkins1000, userName=jenkins1000, statistics=0 bytes read, 0 bytes written, 4 read ops, 0 large read ops, 2 write ops}
2019-09-18 18:49:04,119 [Thread-217] INFO  contract.AbstractFSContractTestBase (AbstractFSContractTestBase.java:describe(255)) - check that after creating a file its parent directories exist
2019-09-18 18:49:04,148 [grpc-default-executor-1] INFO  impl.RaftServerProxy (RaftServerProxy.java:addNew(89)) - dc0d5ec1-95c1-4bcb-8bd0-d9d25d2a0fca: addNew group-4F3F8DFA46F6:[1e2f870a-f5c7-4413-91e1-4bfb41ad17f1:192.168.5.155:46499, 96db3275-9526-43dd-955b-5fb539e24efb:192.168.5.155:35901, dc0d5ec1-95c1-4bcb-8bd0-d9d25d2a0fca:192.168.5.155:37299] returns group-4F3F8DFA46F6:java.util.concurrent.CompletableFuture@11d7e303[Not completed]
2019-09-18 18:49:04,150 [grpc-default-executor-1] INFO  impl.RaftServerProxy (RaftServerProxy.java:addNew(89)) - 1e2f870a-f5c7-4413-91e1-4bfb41ad17f1: addNew group-4F3F8DFA46F6:[1e2f870a-f5c7-4413-91e1-4bfb41ad17f1:192.168.5.155:46499, 96db3275-9526-43dd-955b-5fb539e24efb:192.168.5.155:35901, dc0d5ec1-95c1-4bcb-8bd0-d9d25d2a0fca:192.168.5.155:37299] returns group-4F3F8DFA46F6:java.util.concurrent.CompletableFuture@4e05dd14[Not completed]
2019-09-18 18:49:04,150 [grpc-default-executor-2] INFO  impl.RaftServerProxy (RaftServerProxy.java:addNew(89)) - 96db3275-9526-43dd-955b-5fb539e24efb: addNew group-4F3F8DFA46F6:[1e2f870a-f5c7-4413-91e1-4bfb41ad17f1:192.168.5.155:46499, 96db3275-9526-43dd-955b-5fb539e24efb:192.168.5.155:35901, dc0d5ec1-95c1-4bcb-8bd0-d9d25d2a0fca:192.168.5.155:37299] returns group-4F3F8DFA46F6:java.util.concurrent.CompletableFuture@6fde08cd[Not completed]
2019-09-18 18:49:07,138 [RATISCREATEPIPELINE3] ERROR pipeline.RatisPipelineProvider (RatisPipelineProvider.java:lambda$null$5(236)) - Failed invoke Ratis rpc org.apache.hadoop.hdds.scm.pipeline.RatisPipelineProvider$$Lambda$183/17578934@37f577cf for 96db3275-9526-43dd-955b-5fb539e24efb
org.apache.ratis.protocol.TimeoutIOException: deadline exceeded after 2999728786ns
	at org.apache.ratis.grpc.GrpcUtil.tryUnwrapException(GrpcUtil.java:82)
	at org.apache.ratis.grpc.GrpcUtil.unwrapException(GrpcUtil.java:75)
	at org.apache.ratis.grpc.client.GrpcClientProtocolClient.blockingCall(GrpcClientProtocolClient.java:178)
	at org.apache.ratis.grpc.client.GrpcClientProtocolClient.groupAdd(GrpcClientProtocolClient.java:147)
	at org.apache.ratis.grpc.client.GrpcClientRpc.sendRequest(GrpcClientRpc.java:94)
	at org.apache.ratis.client.impl.RaftClientImpl.sendRequest(RaftClientImpl.java:278)
	at org.apache.ratis.client.impl.RaftClientImpl.groupAdd(RaftClientImpl.java:205)
	at org.apache.hadoop.hdds.scm.pipeline.RatisPipelineProvider.lambda$initializePipeline$4(RatisPipelineProvider.java:195)
	at org.apache.hadoop.hdds.scm.pipeline.RatisPipelineProvider.lambda$null$5(RatisPipelineProvider.java:232)
	at java.util.stream.ForEachOps$ForEachOp$OfRef.accept(ForEachOps.java:184)
	at java.util.ArrayList$ArrayListSpliterator.forEachRemaining(ArrayList.java:1382)
	at java.util.stream.AbstractPipeline.copyInto(AbstractPipeline.java:482)
	at java.util.stream.ForEachOps$ForEachTask.compute(ForEachOps.java:291)
	at java.util.concurrent.CountedCompleter.exec(CountedCompleter.java:731)
	at java.util.concurrent.ForkJoinTask.doExec(ForkJoinTask.java:289)
	at java.util.concurrent.ForkJoinPool$WorkQueue.runTask(ForkJoinPool.java:1056)
	at java.util.concurrent.ForkJoinPool.runWorker(ForkJoinPool.java:1692)
	at java.util.concurrent.ForkJoinWorkerThread.run(ForkJoinWorkerThread.java:157)
Caused by: org.apache.ratis.thirdparty.io.grpc.StatusRuntimeException: DEADLINE_EXCEEDED: deadline exceeded after 2999728786ns
	at org.apache.ratis.thirdparty.io.grpc.stub.ClientCalls.toStatusRuntimeException(ClientCalls.java:233)
	at org.apache.ratis.thirdparty.io.grpc.stub.ClientCalls.getUnchecked(ClientCalls.java:214)
	at org.apache.ratis.thirdparty.io.grpc.stub.ClientCalls.blockingUnaryCall(ClientCalls.java:139)
	at org.apache.ratis.proto.grpc.AdminProtocolServiceGrpc$AdminProtocolServiceBlockingStub.groupManagement(AdminProtocolServiceGrpc.java:274)
	at org.apache.ratis.grpc.client.GrpcClientProtocolClient.lambda$groupAdd$3(GrpcClientProtocolClient.java:149)
	at org.apache.ratis.grpc.client.GrpcClientProtocolClient.blockingCall(GrpcClientProtocolClient.java:176)
	... 15 more
2019-09-18 18:49:07,143 [RATISCREATEPIPELINE2] ERROR pipeline.RatisPipelineProvider (RatisPipelineProvider.java:lambda$null$5(236)) - Failed invoke Ratis rpc org.apache.hadoop.hdds.scm.pipeline.RatisPipelineProvider$$Lambda$183/17578934@37f577cf for 1e2f870a-f5c7-4413-91e1-4bfb41ad17f1
org.apache.ratis.protocol.TimeoutIOException: deadline exceeded after 2999728936ns
	at org.apache.ratis.grpc.GrpcUtil.tryUnwrapException(GrpcUtil.java:82)
	at org.apache.ratis.grpc.GrpcUtil.unwrapException(GrpcUtil.java:75)
	at org.apache.ratis.grpc.client.GrpcClientProtocolClient.blockingCall(GrpcClientProtocolClient.java:178)
	at org.apache.ratis.grpc.client.GrpcClientProtocolClient.groupAdd(GrpcClientProtocolClient.java:147)
	at org.apache.ratis.grpc.client.GrpcClientRpc.sendRequest(GrpcClientRpc.java:94)
	at org.apache.ratis.client.impl.RaftClientImpl.sendRequest(RaftClientImpl.java:278)
	at org.apache.ratis.client.impl.RaftClientImpl.groupAdd(RaftClientImpl.java:205)
	at org.apache.hadoop.hdds.scm.pipeline.RatisPipelineProvider.lambda$initializePipeline$4(RatisPipelineProvider.java:195)
	at org.apache.hadoop.hdds.scm.pipeline.RatisPipelineProvider.lambda$null$5(RatisPipelineProvider.java:232)
	at java.util.stream.ForEachOps$ForEachOp$OfRef.accept(ForEachOps.java:184)
	at java.util.ArrayList$ArrayListSpliterator.forEachRemaining(ArrayList.java:1382)
	at java.util.stream.AbstractPipeline.copyInto(AbstractPipeline.java:482)
	at java.util.stream.ForEachOps$ForEachTask.compute(ForEachOps.java:291)
	at java.util.concurrent.CountedCompleter.exec(CountedCompleter.java:731)
	at java.util.concurrent.ForkJoinTask.doExec(ForkJoinTask.java:289)
	at java.util.concurrent.ForkJoinPool$WorkQueue.runTask(ForkJoinPool.java:1056)
	at java.util.concurrent.ForkJoinPool.runWorker(ForkJoinPool.java:1692)
	at java.util.concurrent.ForkJoinWorkerThread.run(ForkJoinWorkerThread.java:157)
Caused by: org.apache.ratis.thirdparty.io.grpc.StatusRuntimeException: DEADLINE_EXCEEDED: deadline exceeded after 2999728936ns
	at org.apache.ratis.thirdparty.io.grpc.stub.ClientCalls.toStatusRuntimeException(ClientCalls.java:233)
	at org.apache.ratis.thirdparty.io.grpc.stub.ClientCalls.getUnchecked(ClientCalls.java:214)
	at org.apache.ratis.thirdparty.io.grpc.stub.ClientCalls.blockingUnaryCall(ClientCalls.java:139)
	at org.apache.ratis.proto.grpc.AdminProtocolServiceGrpc$AdminProtocolServiceBlockingStub.groupManagement(AdminProtocolServiceGrpc.java:274)
	at org.apache.ratis.grpc.client.GrpcClientProtocolClient.lambda$groupAdd$3(GrpcClientProtocolClient.java:149)
	at org.apache.ratis.grpc.client.GrpcClientProtocolClient.blockingCall(GrpcClientProtocolClient.java:176)
	... 15 more
2019-09-18 18:49:07,145 [RATISCREATEPIPELINE1] ERROR pipeline.RatisPipelineProvider (RatisPipelineProvider.java:lambda$null$5(236)) - Failed invoke Ratis rpc org.apache.hadoop.hdds.scm.pipeline.RatisPipelineProvider$$Lambda$183/17578934@37f577cf for dc0d5ec1-95c1-4bcb-8bd0-d9d25d2a0fca
org.apache.ratis.protocol.TimeoutIOException: deadline exceeded after 2998658982ns
	at org.apache.ratis.grpc.GrpcUtil.tryUnwrapException(GrpcUtil.java:82)
	at org.apache.ratis.grpc.GrpcUtil.unwrapException(GrpcUtil.java:75)
	at org.apache.ratis.grpc.client.GrpcClientProtocolClient.blockingCall(GrpcClientProtocolClient.java:178)
	at org.apache.ratis.grpc.client.GrpcClientProtocolClient.groupAdd(GrpcClientProtocolClient.java:147)
	at org.apache.ratis.grpc.client.GrpcClientRpc.sendRequest(GrpcClientRpc.java:94)
	at org.apache.ratis.client.impl.RaftClientImpl.sendRequest(RaftClientImpl.java:278)
	at org.apache.ratis.client.impl.RaftClientImpl.groupAdd(RaftClientImpl.java:205)
	at org.apache.hadoop.hdds.scm.pipeline.RatisPipelineProvider.lambda$initializePipeline$4(RatisPipelineProvider.java:195)
	at org.apache.hadoop.hdds.scm.pipeline.RatisPipelineProvider.lambda$null$5(RatisPipelineProvider.java:232)
	at java.util.stream.ForEachOps$ForEachOp$OfRef.accept(ForEachOps.java:184)
	at java.util.ArrayList$ArrayListSpliterator.forEachRemaining(ArrayList.java:1382)
	at java.util.stream.AbstractPipeline.copyInto(AbstractPipeline.java:482)
	at java.util.stream.ForEachOps$ForEachTask.compute(ForEachOps.java:291)
	at java.util.concurrent.CountedCompleter.exec(CountedCompleter.java:731)
	at java.util.concurrent.ForkJoinTask.doExec(ForkJoinTask.java:289)
	at java.util.concurrent.ForkJoinTask.doInvoke(ForkJoinTask.java:401)
	at java.util.concurrent.ForkJoinTask.invoke(ForkJoinTask.java:734)
	at java.util.stream.ForEachOps$ForEachOp.evaluateParallel(ForEachOps.java:160)
	at java.util.stream.ForEachOps$ForEachOp$OfRef.evaluateParallel(ForEachOps.java:174)
	at java.util.stream.AbstractPipeline.evaluate(AbstractPipeline.java:233)
	at java.util.stream.ReferencePipeline.forEach(ReferencePipeline.java:418)
	at java.util.stream.ReferencePipeline$Head.forEach(ReferencePipeline.java:583)
	at org.apache.hadoop.hdds.scm.pipeline.RatisPipelineProvider.lambda$callRatisRpc$6(RatisPipelineProvider.java:226)
	at java.util.concurrent.ForkJoinTask$AdaptedRunnableAction.exec(ForkJoinTask.java:1386)
	at java.util.concurrent.ForkJoinTask.doExec(ForkJoinTask.java:289)
	at java.util.concurrent.ForkJoinPool$WorkQueue.runTask(ForkJoinPool.java:1056)
	at java.util.concurrent.ForkJoinPool.runWorker(ForkJoinPool.java:1692)
	at java.util.concurrent.ForkJoinWorkerThread.run(ForkJoinWorkerThread.java:157)
Caused by: org.apache.ratis.thirdparty.io.grpc.StatusRuntimeException: DEADLINE_EXCEEDED: deadline exceeded after 2998658982ns
	at org.apache.ratis.thirdparty.io.grpc.stub.ClientCalls.toStatusRuntimeException(ClientCalls.java:233)
	at org.apache.ratis.thirdparty.io.grpc.stub.ClientCalls.getUnchecked(ClientCalls.java:214)
	at org.apache.ratis.thirdparty.io.grpc.stub.ClientCalls.blockingUnaryCall(ClientCalls.java:139)
	at org.apache.ratis.proto.grpc.AdminProtocolServiceGrpc$AdminProtocolServiceBlockingStub.groupManagement(AdminProtocolServiceGrpc.java:274)
	at org.apache.ratis.grpc.client.GrpcClientProtocolClient.lambda$groupAdd$3(GrpcClientProtocolClient.java:149)
	at org.apache.ratis.grpc.client.GrpcClientProtocolClient.blockingCall(GrpcClientProtocolClient.java:176)
	... 25 more
2019-09-18 18:49:07,150 [IPC Server handler 11 on 45419] WARN  block.BlockManagerImpl (BlockManagerImpl.java:allocateBlock(192)) - Pipeline creation failed for type:RATIS factor:THREE. Retrying get pipelines call once.
org.apache.hadoop.io.MultipleIOException: 3 exceptions [java.io.IOException: Failed invoke Ratis rpc org.apache.hadoop.hdds.scm.pipeline.RatisPipelineProvider$$Lambda$183/17578934@37f577cf for 96db3275-9526-43dd-955b-5fb539e24efb, java.io.IOException: Failed invoke Ratis rpc org.apache.hadoop.hdds.scm.pipeline.RatisPipelineProvider$$Lambda$183/17578934@37f577cf for 1e2f870a-f5c7-4413-91e1-4bfb41ad17f1, java.io.IOException: Failed invoke Ratis rpc org.apache.hadoop.hdds.scm.pipeline.RatisPipelineProvider$$Lambda$183/17578934@37f577cf for dc0d5ec1-95c1-4bcb-8bd0-d9d25d2a0fca]
	at org.apache.hadoop.io.MultipleIOException.createIOException(MultipleIOException.java:53)
	at org.apache.hadoop.hdds.scm.pipeline.RatisPipelineProvider.callRatisRpc(RatisPipelineProvider.java:252)
	at org.apache.hadoop.hdds.scm.pipeline.RatisPipelineProvider.initializePipeline(RatisPipelineProvider.java:193)
	at org.apache.hadoop.hdds.scm.pipeline.RatisPipelineProvider.create(RatisPipelineProvider.java:162)
	at org.apache.hadoop.hdds.scm.pipeline.PipelineFactory.create(PipelineFactory.java:57)
	at org.apache.hadoop.hdds.scm.pipeline.SCMPipelineManager.createPipeline(SCMPipelineManager.java:151)
	at org.apache.hadoop.hdds.scm.block.BlockManagerImpl.allocateBlock(BlockManagerImpl.java:190)
	at org.apache.hadoop.hdds.scm.server.SCMBlockProtocolServer.allocateBlock(SCMBlockProtocolServer.java:182)
	at org.apache.hadoop.ozone.protocolPB.ScmBlockLocationProtocolServerSideTranslatorPB.allocateScmBlock(ScmBlockLocationProtocolServerSideTranslatorPB.java:183)
	at org.apache.hadoop.ozone.protocolPB.ScmBlockLocationProtocolServerSideTranslatorPB.processMessage(ScmBlockLocationProtocolServerSideTranslatorPB.java:141)
	at org.apache.hadoop.ozone.protocolPB.ScmBlockLocationProtocolServerSideTranslatorPB.send(ScmBlockLocationProtocolServerSideTranslatorPB.java:116)
	at org.apache.hadoop.hdds.protocol.proto.ScmBlockLocationProtocolProtos$ScmBlockLocationProtocolService$2.callBlockingMethod(ScmBlockLocationProtocolProtos.java:13157)
	at org.apache.hadoop.ipc.ProtobufRpcEngine$Server$ProtoBufRpcInvoker.call(ProtobufRpcEngine.java:524)
	at org.apache.hadoop.ipc.RPC$Server.call(RPC.java:1025)
	at org.apache.hadoop.ipc.Server$RpcCall.run(Server.java:876)
	at org.apache.hadoop.ipc.Server$RpcCall.run(Server.java:822)
	at java.security.AccessController.doPrivileged(Native Method)
	at javax.security.auth.Subject.doAs(Subject.java:422)
	at org.apache.hadoop.security.UserGroupInformation.doAs(UserGroupInformation.java:1730)
	at org.apache.hadoop.ipc.Server$Handler.run(Server.java:2682)
2019-09-18 18:49:07,151 [IPC Server handler 11 on 45419] INFO  block.BlockManagerImpl (BlockManagerImpl.java:allocateBlock(198)) - Could not find available pipeline of type:RATIS and factor:THREE even after retrying
2019-09-18 18:49:07,151 [IPC Server handler 11 on 45419] ERROR block.BlockManagerImpl (BlockManagerImpl.java:allocateBlock(222)) - Unable to allocate a block for the size: 4194304, type: RATIS, factor: THREE
]]></system-out>
  </testcase>
  <testcase name="testFileStatusBlocksizeEmptyFile" classname="org.apache.hadoop.fs.ozone.contract.ITestOzoneContractCreate" time="1.871"/>
  <testcase name="testCreatedFileIsImmediatelyVisible" classname="org.apache.hadoop.fs.ozone.contract.ITestOzoneContractCreate" time="0">
    <skipped message="This Filesystem delays visibility of newly created files"/>
    <system-out><![CDATA[2019-09-18 18:49:09,068 [Thread-274] INFO  rpc.RpcClient (RpcClient.java:createVolume(302)) - Creating Volume: volume32705, with user42569 as owner.
2019-09-18 18:49:09,074 [IPC Server handler 3 on 37253] INFO  volume.OMVolumeCreateRequest (OMVolumeCreateRequest.java:validateAndUpdateCache(189)) - created volume:volume32705 for user:user42569
2019-09-18 18:49:09,078 [Thread-274] INFO  rpc.RpcClient (RpcClient.java:createBucket(441)) - Creating Bucket: volume32705/bucket27004, with Versioning false and Storage Type set to DISK and Encryption set to false 
2019-09-18 18:49:09,137 [Thread-274] INFO  contract.AbstractFSContractTestBase (AbstractFSContractTestBase.java:setup(184)) - Test filesystem = o3fs://bucket27004.volume32705 implemented by OzoneFileSystem{URI=o3fs://bucket27004.volume32705, workingDir=o3fs://bucket27004.volume32705/user/jenkins1000, userName=jenkins1000, statistics=0 bytes read, 0 bytes written, 11 read ops, 0 large read ops, 6 write ops}
2019-09-18 18:49:09,140 [Thread-274] INFO  contract.AbstractFSContractTestBase (AbstractFSContractTestBase.java:describe(255)) - verify that a newly created file exists as soon as open returns
18:49:09.158 [IPC Server handler 16 on 37253] ERROR OMAudit - user=jenkins1000 | ip=127.0.0.1 | op=GET_FILE_STATUS {volume=volume32705, bucket=bucket27004, key=test/testCreatedFileIsImmediatelyVisible, dataSize=0, replicationType=null, replicationFactor=null, keyLocationInfo=null} | ret=FAILURE
org.apache.hadoop.ozone.om.exceptions.OMException: Unable to get file status: volume: volume32705 bucket: bucket27004 key: test/testCreatedFileIsImmediatelyVisible
	at org.apache.hadoop.ozone.om.KeyManagerImpl.getFileStatus(KeyManagerImpl.java:1682) ~[hadoop-ozone-ozone-manager-0.5.0-SNAPSHOT.jar:?]
	at org.apache.hadoop.ozone.om.OzoneManager.getFileStatus(OzoneManager.java:2853) [hadoop-ozone-ozone-manager-0.5.0-SNAPSHOT.jar:?]
	at org.apache.hadoop.ozone.protocolPB.OzoneManagerRequestHandler.getOzoneFileStatus(OzoneManagerRequestHandler.java:1012) [hadoop-ozone-ozone-manager-0.5.0-SNAPSHOT.jar:?]
	at org.apache.hadoop.ozone.protocolPB.OzoneManagerRequestHandler.handle(OzoneManagerRequestHandler.java:332) [hadoop-ozone-ozone-manager-0.5.0-SNAPSHOT.jar:?]
	at org.apache.hadoop.ozone.protocolPB.OzoneManagerProtocolServerSideTranslatorPB.submitRequestDirectlyToOM(OzoneManagerProtocolServerSideTranslatorPB.java:233) [hadoop-ozone-ozone-manager-0.5.0-SNAPSHOT.jar:?]
	at org.apache.hadoop.ozone.protocolPB.OzoneManagerProtocolServerSideTranslatorPB.processRequest(OzoneManagerProtocolServerSideTranslatorPB.java:157) [hadoop-ozone-ozone-manager-0.5.0-SNAPSHOT.jar:?]
	at org.apache.hadoop.ozone.protocolPB.OzoneManagerProtocolServerSideTranslatorPB.submitRequest(OzoneManagerProtocolServerSideTranslatorPB.java:111) [hadoop-ozone-ozone-manager-0.5.0-SNAPSHOT.jar:?]
	at org.apache.hadoop.ozone.protocol.proto.OzoneManagerProtocolProtos$OzoneManagerService$2.callBlockingMethod(OzoneManagerProtocolProtos.java) [hadoop-ozone-common-0.5.0-SNAPSHOT.jar:?]
	at org.apache.hadoop.ipc.ProtobufRpcEngine$Server$ProtoBufRpcInvoker.call(ProtobufRpcEngine.java:524) [hadoop-common-3.2.0.jar:?]
	at org.apache.hadoop.ipc.RPC$Server.call(RPC.java:1025) [hadoop-common-3.2.0.jar:?]
	at org.apache.hadoop.ipc.Server$RpcCall.run(Server.java:876) [hadoop-common-3.2.0.jar:?]
	at org.apache.hadoop.ipc.Server$RpcCall.run(Server.java:822) [hadoop-common-3.2.0.jar:?]
	at java.security.AccessController.doPrivileged(Native Method) [?:1.8.0_212]
	at javax.security.auth.Subject.doAs(Subject.java:422) [?:1.8.0_212]
	at org.apache.hadoop.security.UserGroupInformation.doAs(UserGroupInformation.java:1730) [hadoop-common-3.2.0.jar:?]
	at org.apache.hadoop.ipc.Server$Handler.run(Server.java:2682) [hadoop-common-3.2.0.jar:?]
2019-09-18 18:49:09,179 [Thread-274] INFO  contract.ContractTestUtils (ContractTestUtils.java:skip(521)) - Skipping: This Filesystem delays visibility of newly created files
]]></system-out>
  </testcase>
  <testcase name="testCreatedFileIsVisibleOnFlush" classname="org.apache.hadoop.fs.ozone.contract.ITestOzoneContractCreate" time="0">
    <skipped message="For object store or some file systems, newly created files are not immediately visible"/>
    <system-out><![CDATA[2019-09-18 18:49:09,228 [Thread-276] INFO  rpc.RpcClient (RpcClient.java:createVolume(302)) - Creating Volume: volume11940, with user72582 as owner.
2019-09-18 18:49:09,230 [IPC Server handler 5 on 37253] INFO  volume.OMVolumeCreateRequest (OMVolumeCreateRequest.java:validateAndUpdateCache(189)) - created volume:volume11940 for user:user72582
2019-09-18 18:49:09,232 [Thread-276] INFO  rpc.RpcClient (RpcClient.java:createBucket(441)) - Creating Bucket: volume11940/bucket41107, with Versioning false and Storage Type set to DISK and Encryption set to false 
2019-09-18 18:49:09,281 [Thread-276] INFO  contract.AbstractFSContractTestBase (AbstractFSContractTestBase.java:setup(184)) - Test filesystem = o3fs://bucket41107.volume11940 implemented by OzoneFileSystem{URI=o3fs://bucket41107.volume11940, workingDir=o3fs://bucket41107.volume11940/user/jenkins1000, userName=jenkins1000, statistics=0 bytes read, 0 bytes written, 15 read ops, 0 large read ops, 8 write ops}
2019-09-18 18:49:09,290 [Thread-276] INFO  contract.AbstractFSContractTestBase (AbstractFSContractTestBase.java:describe(255)) - verify that a newly created file exists once a flush has taken place
2019-09-18 18:49:09,319 [Thread-276] INFO  impl.MetricsSystemImpl (MetricsSystemImpl.java:init(158)) - XceiverClientMetrics metrics system started (again)
2019-09-18 18:49:13,852 [Thread-242] INFO  impl.FollowerState (FollowerState.java:run(106)) - dc0d5ec1-95c1-4bcb-8bd0-d9d25d2a0fca:group-8DFD2CA56B00 changes to CANDIDATE, lastRpcTime:5041, electionTimeout:5041ms
2019-09-18 18:49:13,855 [Thread-242] INFO  impl.RoleInfo (RoleInfo.java:shutdownFollowerState(121)) - dc0d5ec1-95c1-4bcb-8bd0-d9d25d2a0fca: shutdown FollowerState
2019-09-18 18:49:13,856 [Thread-242] INFO  impl.RaftServerImpl (RaftServerImpl.java:setRole(174)) - dc0d5ec1-95c1-4bcb-8bd0-d9d25d2a0fca@group-8DFD2CA56B00: changes role from  FOLLOWER to CANDIDATE at term 0 for changeToCandidate
2019-09-18 18:49:13,858 [Thread-238] INFO  impl.FollowerState (FollowerState.java:run(106)) - dc0d5ec1-95c1-4bcb-8bd0-d9d25d2a0fca:group-9D191385FC9B changes to CANDIDATE, lastRpcTime:5063, electionTimeout:5062ms
2019-09-18 18:49:13,861 [Thread-238] INFO  impl.RoleInfo (RoleInfo.java:shutdownFollowerState(121)) - dc0d5ec1-95c1-4bcb-8bd0-d9d25d2a0fca: shutdown FollowerState
2019-09-18 18:49:13,862 [Thread-238] INFO  impl.RaftServerImpl (RaftServerImpl.java:setRole(174)) - dc0d5ec1-95c1-4bcb-8bd0-d9d25d2a0fca@group-9D191385FC9B: changes role from  FOLLOWER to CANDIDATE at term 0 for changeToCandidate
2019-09-18 18:49:13,862 [Thread-242] INFO  impl.RoleInfo (RoleInfo.java:updateAndGet(143)) - dc0d5ec1-95c1-4bcb-8bd0-d9d25d2a0fca: start LeaderElection
2019-09-18 18:49:13,862 [Thread-238] INFO  impl.RoleInfo (RoleInfo.java:updateAndGet(143)) - dc0d5ec1-95c1-4bcb-8bd0-d9d25d2a0fca: start LeaderElection
2019-09-18 18:49:13,871 [Thread-244] INFO  impl.FollowerState (FollowerState.java:run(106)) - dc0d5ec1-95c1-4bcb-8bd0-d9d25d2a0fca:group-4F3F8DFA46F6 changes to CANDIDATE, lastRpcTime:5058, electionTimeout:5057ms
2019-09-18 18:49:13,871 [Thread-244] INFO  impl.RoleInfo (RoleInfo.java:shutdownFollowerState(121)) - dc0d5ec1-95c1-4bcb-8bd0-d9d25d2a0fca: shutdown FollowerState
2019-09-18 18:49:13,871 [Thread-244] INFO  impl.RaftServerImpl (RaftServerImpl.java:setRole(174)) - dc0d5ec1-95c1-4bcb-8bd0-d9d25d2a0fca@group-4F3F8DFA46F6: changes role from  FOLLOWER to CANDIDATE at term 0 for changeToCandidate
2019-09-18 18:49:13,871 [Thread-244] INFO  impl.RoleInfo (RoleInfo.java:updateAndGet(143)) - dc0d5ec1-95c1-4bcb-8bd0-d9d25d2a0fca: start LeaderElection
2019-09-18 18:49:13,892 [Thread-257] INFO  impl.FollowerState (FollowerState.java:run(106)) - 96db3275-9526-43dd-955b-5fb539e24efb:group-4F3F8DFA46F6 changes to CANDIDATE, lastRpcTime:5022, electionTimeout:5022ms
2019-09-18 18:49:13,892 [Thread-253] INFO  impl.FollowerState (FollowerState.java:run(106)) - 96db3275-9526-43dd-955b-5fb539e24efb:group-31FBF8C0A134 changes to CANDIDATE, lastRpcTime:5024, electionTimeout:5024ms
2019-09-18 18:49:13,892 [Thread-257] INFO  impl.RoleInfo (RoleInfo.java:shutdownFollowerState(121)) - 96db3275-9526-43dd-955b-5fb539e24efb: shutdown FollowerState
2019-09-18 18:49:13,892 [Thread-253] INFO  impl.RoleInfo (RoleInfo.java:shutdownFollowerState(121)) - 96db3275-9526-43dd-955b-5fb539e24efb: shutdown FollowerState
2019-09-18 18:49:13,892 [Thread-257] INFO  impl.RaftServerImpl (RaftServerImpl.java:setRole(174)) - 96db3275-9526-43dd-955b-5fb539e24efb@group-4F3F8DFA46F6: changes role from  FOLLOWER to CANDIDATE at term 0 for changeToCandidate
2019-09-18 18:49:13,892 [Thread-253] INFO  impl.RaftServerImpl (RaftServerImpl.java:setRole(174)) - 96db3275-9526-43dd-955b-5fb539e24efb@group-31FBF8C0A134: changes role from  FOLLOWER to CANDIDATE at term 0 for changeToCandidate
2019-09-18 18:49:13,892 [Thread-257] INFO  impl.RoleInfo (RoleInfo.java:updateAndGet(143)) - 96db3275-9526-43dd-955b-5fb539e24efb: start LeaderElection
2019-09-18 18:49:13,893 [dc0d5ec1-95c1-4bcb-8bd0-d9d25d2a0fca@group-9D191385FC9B:LeaderElection2] INFO  impl.LeaderElection (LeaderElection.java:askForVotes(182)) - dc0d5ec1-95c1-4bcb-8bd0-d9d25d2a0fca@group-9D191385FC9B:LeaderElection2: begin an election at term 1 for -1: [1e2f870a-f5c7-4413-91e1-4bfb41ad17f1:192.168.5.155:46499, 96db3275-9526-43dd-955b-5fb539e24efb:192.168.5.155:35901, dc0d5ec1-95c1-4bcb-8bd0-d9d25d2a0fca:192.168.5.155:37299], old=null
2019-09-18 18:49:13,893 [dc0d5ec1-95c1-4bcb-8bd0-d9d25d2a0fca@group-4F3F8DFA46F6:LeaderElection3] INFO  impl.LeaderElection (LeaderElection.java:askForVotes(182)) - dc0d5ec1-95c1-4bcb-8bd0-d9d25d2a0fca@group-4F3F8DFA46F6:LeaderElection3: begin an election at term 1 for -1: [1e2f870a-f5c7-4413-91e1-4bfb41ad17f1:192.168.5.155:46499, 96db3275-9526-43dd-955b-5fb539e24efb:192.168.5.155:35901, dc0d5ec1-95c1-4bcb-8bd0-d9d25d2a0fca:192.168.5.155:37299], old=null
2019-09-18 18:49:13,893 [Thread-253] INFO  impl.RoleInfo (RoleInfo.java:updateAndGet(143)) - 96db3275-9526-43dd-955b-5fb539e24efb: start LeaderElection
2019-09-18 18:49:13,893 [dc0d5ec1-95c1-4bcb-8bd0-d9d25d2a0fca@group-8DFD2CA56B00:LeaderElection1] INFO  impl.LeaderElection (LeaderElection.java:askForVotes(182)) - dc0d5ec1-95c1-4bcb-8bd0-d9d25d2a0fca@group-8DFD2CA56B00:LeaderElection1: begin an election at term 1 for -1: [1e2f870a-f5c7-4413-91e1-4bfb41ad17f1:192.168.5.155:46499, 96db3275-9526-43dd-955b-5fb539e24efb:192.168.5.155:35901, dc0d5ec1-95c1-4bcb-8bd0-d9d25d2a0fca:192.168.5.155:37299], old=null
2019-09-18 18:49:13,907 [Thread-246] INFO  impl.FollowerState (FollowerState.java:run(106)) - dc0d5ec1-95c1-4bcb-8bd0-d9d25d2a0fca:group-57F14FEE508A changes to CANDIDATE, lastRpcTime:5093, electionTimeout:5093ms
2019-09-18 18:49:13,907 [Thread-246] INFO  impl.RoleInfo (RoleInfo.java:shutdownFollowerState(121)) - dc0d5ec1-95c1-4bcb-8bd0-d9d25d2a0fca: shutdown FollowerState
2019-09-18 18:49:13,907 [Thread-246] INFO  impl.RaftServerImpl (RaftServerImpl.java:setRole(174)) - dc0d5ec1-95c1-4bcb-8bd0-d9d25d2a0fca@group-57F14FEE508A: changes role from  FOLLOWER to CANDIDATE at term 0 for changeToCandidate
2019-09-18 18:49:13,907 [Thread-246] INFO  impl.RoleInfo (RoleInfo.java:updateAndGet(143)) - dc0d5ec1-95c1-4bcb-8bd0-d9d25d2a0fca: start LeaderElection
2019-09-18 18:49:13,911 [Thread-259] INFO  impl.FollowerState (FollowerState.java:run(106)) - 96db3275-9526-43dd-955b-5fb539e24efb:group-57F14FEE508A changes to CANDIDATE, lastRpcTime:5041, electionTimeout:5041ms
2019-09-18 18:49:13,912 [Thread-259] INFO  impl.RoleInfo (RoleInfo.java:shutdownFollowerState(121)) - 96db3275-9526-43dd-955b-5fb539e24efb: shutdown FollowerState
2019-09-18 18:49:13,912 [Thread-259] INFO  impl.RaftServerImpl (RaftServerImpl.java:setRole(174)) - 96db3275-9526-43dd-955b-5fb539e24efb@group-57F14FEE508A: changes role from  FOLLOWER to CANDIDATE at term 0 for changeToCandidate
2019-09-18 18:49:13,912 [Thread-259] INFO  impl.RoleInfo (RoleInfo.java:updateAndGet(143)) - 96db3275-9526-43dd-955b-5fb539e24efb: start LeaderElection
2019-09-18 18:49:13,920 [Thread-240] INFO  impl.FollowerState (FollowerState.java:run(106)) - dc0d5ec1-95c1-4bcb-8bd0-d9d25d2a0fca:group-31FBF8C0A134 changes to CANDIDATE, lastRpcTime:5110, electionTimeout:5109ms
2019-09-18 18:49:13,920 [Thread-240] INFO  impl.RoleInfo (RoleInfo.java:shutdownFollowerState(121)) - dc0d5ec1-95c1-4bcb-8bd0-d9d25d2a0fca: shutdown FollowerState
2019-09-18 18:49:13,920 [Thread-240] INFO  impl.RaftServerImpl (RaftServerImpl.java:setRole(174)) - dc0d5ec1-95c1-4bcb-8bd0-d9d25d2a0fca@group-31FBF8C0A134: changes role from  FOLLOWER to CANDIDATE at term 0 for changeToCandidate
2019-09-18 18:49:13,920 [Thread-266] INFO  impl.FollowerState (FollowerState.java:run(106)) - 1e2f870a-f5c7-4413-91e1-4bfb41ad17f1:group-31FBF8C0A134 changes to CANDIDATE, lastRpcTime:5024, electionTimeout:5024ms
2019-09-18 18:49:13,920 [Thread-240] INFO  impl.RoleInfo (RoleInfo.java:updateAndGet(143)) - dc0d5ec1-95c1-4bcb-8bd0-d9d25d2a0fca: start LeaderElection
2019-09-18 18:49:13,921 [Thread-266] INFO  impl.RoleInfo (RoleInfo.java:shutdownFollowerState(121)) - 1e2f870a-f5c7-4413-91e1-4bfb41ad17f1: shutdown FollowerState
2019-09-18 18:49:13,921 [Thread-266] INFO  impl.RaftServerImpl (RaftServerImpl.java:setRole(174)) - 1e2f870a-f5c7-4413-91e1-4bfb41ad17f1@group-31FBF8C0A134: changes role from  FOLLOWER to CANDIDATE at term 0 for changeToCandidate
2019-09-18 18:49:13,925 [Thread-266] INFO  impl.RoleInfo (RoleInfo.java:updateAndGet(143)) - 1e2f870a-f5c7-4413-91e1-4bfb41ad17f1: start LeaderElection
2019-09-18 18:49:13,945 [grpc-default-executor-0] INFO  impl.RaftServerImpl (RaftServerImpl.java:setRole(174)) - 1e2f870a-f5c7-4413-91e1-4bfb41ad17f1@group-8DFD2CA56B00: changes role from  FOLLOWER to FOLLOWER at term 1 for recognizeCandidate:dc0d5ec1-95c1-4bcb-8bd0-d9d25d2a0fca
2019-09-18 18:49:13,945 [grpc-default-executor-2] INFO  impl.RaftServerImpl (RaftServerImpl.java:setRole(174)) - 1e2f870a-f5c7-4413-91e1-4bfb41ad17f1@group-9D191385FC9B: changes role from  FOLLOWER to FOLLOWER at term 1 for recognizeCandidate:dc0d5ec1-95c1-4bcb-8bd0-d9d25d2a0fca
2019-09-18 18:49:13,946 [grpc-default-executor-2] INFO  impl.RoleInfo (RoleInfo.java:shutdownFollowerState(121)) - 1e2f870a-f5c7-4413-91e1-4bfb41ad17f1: shutdown FollowerState
2019-09-18 18:49:13,946 [grpc-default-executor-0] INFO  impl.RoleInfo (RoleInfo.java:shutdownFollowerState(121)) - 1e2f870a-f5c7-4413-91e1-4bfb41ad17f1: shutdown FollowerState
2019-09-18 18:49:13,946 [Thread-264] INFO  impl.FollowerState (FollowerState.java:run(115)) - 1e2f870a-f5c7-4413-91e1-4bfb41ad17f1: FollowerState was interrupted: java.lang.InterruptedException: sleep interrupted
2019-09-18 18:49:13,946 [grpc-default-executor-0] INFO  impl.RoleInfo (RoleInfo.java:updateAndGet(143)) - 1e2f870a-f5c7-4413-91e1-4bfb41ad17f1: start FollowerState
2019-09-18 18:49:13,945 [grpc-default-executor-3] INFO  impl.RaftServerImpl (RaftServerImpl.java:setRole(174)) - 1e2f870a-f5c7-4413-91e1-4bfb41ad17f1@group-4F3F8DFA46F6: changes role from  FOLLOWER to FOLLOWER at term 1 for recognizeCandidate:dc0d5ec1-95c1-4bcb-8bd0-d9d25d2a0fca
2019-09-18 18:49:13,945 [grpc-default-executor-1] INFO  impl.RaftServerImpl (RaftServerImpl.java:setRole(174)) - 96db3275-9526-43dd-955b-5fb539e24efb@group-9D191385FC9B: changes role from  FOLLOWER to FOLLOWER at term 1 for recognizeCandidate:dc0d5ec1-95c1-4bcb-8bd0-d9d25d2a0fca
2019-09-18 18:49:13,945 [grpc-default-executor-4] INFO  impl.RaftServerImpl (RaftServerImpl.java:setRole(174)) - 96db3275-9526-43dd-955b-5fb539e24efb@group-8DFD2CA56B00: changes role from  FOLLOWER to FOLLOWER at term 1 for recognizeCandidate:dc0d5ec1-95c1-4bcb-8bd0-d9d25d2a0fca
2019-09-18 18:49:13,948 [grpc-default-executor-1] INFO  impl.RoleInfo (RoleInfo.java:shutdownFollowerState(121)) - 96db3275-9526-43dd-955b-5fb539e24efb: shutdown FollowerState
2019-09-18 18:49:13,948 [grpc-default-executor-3] INFO  impl.RoleInfo (RoleInfo.java:shutdownFollowerState(121)) - 1e2f870a-f5c7-4413-91e1-4bfb41ad17f1: shutdown FollowerState
2019-09-18 18:49:13,946 [Thread-268] INFO  impl.FollowerState (FollowerState.java:run(115)) - 1e2f870a-f5c7-4413-91e1-4bfb41ad17f1: FollowerState was interrupted: java.lang.InterruptedException: sleep interrupted
2019-09-18 18:49:13,946 [grpc-default-executor-2] INFO  impl.RoleInfo (RoleInfo.java:updateAndGet(143)) - 1e2f870a-f5c7-4413-91e1-4bfb41ad17f1: start FollowerState
2019-09-18 18:49:13,949 [Thread-270] INFO  impl.FollowerState (FollowerState.java:run(115)) - 1e2f870a-f5c7-4413-91e1-4bfb41ad17f1: FollowerState was interrupted: java.lang.InterruptedException: sleep interrupted
2019-09-18 18:49:13,949 [grpc-default-executor-3] INFO  impl.RoleInfo (RoleInfo.java:updateAndGet(143)) - 1e2f870a-f5c7-4413-91e1-4bfb41ad17f1: start FollowerState
2019-09-18 18:49:13,948 [Thread-249] INFO  impl.FollowerState (FollowerState.java:run(115)) - 96db3275-9526-43dd-955b-5fb539e24efb: FollowerState was interrupted: java.lang.InterruptedException: sleep interrupted
2019-09-18 18:49:13,948 [grpc-default-executor-1] INFO  impl.RoleInfo (RoleInfo.java:updateAndGet(143)) - 96db3275-9526-43dd-955b-5fb539e24efb: start FollowerState
2019-09-18 18:49:13,948 [grpc-default-executor-4] INFO  impl.RoleInfo (RoleInfo.java:shutdownFollowerState(121)) - 96db3275-9526-43dd-955b-5fb539e24efb: shutdown FollowerState
2019-09-18 18:49:13,953 [grpc-default-executor-4] INFO  impl.RoleInfo (RoleInfo.java:updateAndGet(143)) - 96db3275-9526-43dd-955b-5fb539e24efb: start FollowerState
2019-09-18 18:49:13,953 [Thread-255] INFO  impl.FollowerState (FollowerState.java:run(115)) - 96db3275-9526-43dd-955b-5fb539e24efb: FollowerState was interrupted: java.lang.InterruptedException: sleep interrupted
2019-09-18 18:49:13,955 [dc0d5ec1-95c1-4bcb-8bd0-d9d25d2a0fca@group-57F14FEE508A:LeaderElection6] INFO  impl.LeaderElection (LeaderElection.java:askForVotes(182)) - dc0d5ec1-95c1-4bcb-8bd0-d9d25d2a0fca@group-57F14FEE508A:LeaderElection6: begin an election at term 1 for -1: [1e2f870a-f5c7-4413-91e1-4bfb41ad17f1:192.168.5.155:46499, 96db3275-9526-43dd-955b-5fb539e24efb:192.168.5.155:35901, dc0d5ec1-95c1-4bcb-8bd0-d9d25d2a0fca:192.168.5.155:37299], old=null
2019-09-18 18:49:13,955 [96db3275-9526-43dd-955b-5fb539e24efb@group-31FBF8C0A134:LeaderElection5] INFO  impl.LeaderElection (LeaderElection.java:askForVotes(182)) - 96db3275-9526-43dd-955b-5fb539e24efb@group-31FBF8C0A134:LeaderElection5: begin an election at term 1 for -1: [1e2f870a-f5c7-4413-91e1-4bfb41ad17f1:192.168.5.155:46499, 96db3275-9526-43dd-955b-5fb539e24efb:192.168.5.155:35901, dc0d5ec1-95c1-4bcb-8bd0-d9d25d2a0fca:192.168.5.155:37299], old=null
2019-09-18 18:49:13,955 [96db3275-9526-43dd-955b-5fb539e24efb@group-4F3F8DFA46F6:LeaderElection4] INFO  impl.LeaderElection (LeaderElection.java:askForVotes(182)) - 96db3275-9526-43dd-955b-5fb539e24efb@group-4F3F8DFA46F6:LeaderElection4: begin an election at term 1 for -1: [1e2f870a-f5c7-4413-91e1-4bfb41ad17f1:192.168.5.155:46499, 96db3275-9526-43dd-955b-5fb539e24efb:192.168.5.155:35901, dc0d5ec1-95c1-4bcb-8bd0-d9d25d2a0fca:192.168.5.155:37299], old=null
2019-09-18 18:49:13,955 [96db3275-9526-43dd-955b-5fb539e24efb@group-57F14FEE508A:LeaderElection7] INFO  impl.LeaderElection (LeaderElection.java:askForVotes(182)) - 96db3275-9526-43dd-955b-5fb539e24efb@group-57F14FEE508A:LeaderElection7: begin an election at term 1 for -1: [1e2f870a-f5c7-4413-91e1-4bfb41ad17f1:192.168.5.155:46499, 96db3275-9526-43dd-955b-5fb539e24efb:192.168.5.155:35901, dc0d5ec1-95c1-4bcb-8bd0-d9d25d2a0fca:192.168.5.155:37299], old=null
2019-09-18 18:49:13,965 [grpc-default-executor-6] INFO  impl.RaftServerImpl (RaftServerImpl.java:setRole(174)) - 1e2f870a-f5c7-4413-91e1-4bfb41ad17f1@group-57F14FEE508A: changes role from  FOLLOWER to FOLLOWER at term 1 for recognizeCandidate:dc0d5ec1-95c1-4bcb-8bd0-d9d25d2a0fca
2019-09-18 18:49:13,965 [grpc-default-executor-6] INFO  impl.RoleInfo (RoleInfo.java:shutdownFollowerState(121)) - 1e2f870a-f5c7-4413-91e1-4bfb41ad17f1: shutdown FollowerState
2019-09-18 18:49:13,965 [Thread-272] INFO  impl.FollowerState (FollowerState.java:run(115)) - 1e2f870a-f5c7-4413-91e1-4bfb41ad17f1: FollowerState was interrupted: java.lang.InterruptedException: sleep interrupted
2019-09-18 18:49:13,965 [grpc-default-executor-6] INFO  impl.RoleInfo (RoleInfo.java:updateAndGet(143)) - 1e2f870a-f5c7-4413-91e1-4bfb41ad17f1: start FollowerState
2019-09-18 18:49:13,971 [Thread-251] INFO  impl.FollowerState (FollowerState.java:run(106)) - 96db3275-9526-43dd-955b-5fb539e24efb:group-35AFD8ACCAD0 changes to CANDIDATE, lastRpcTime:5104, electionTimeout:5103ms
2019-09-18 18:49:13,971 [Thread-251] INFO  impl.RoleInfo (RoleInfo.java:shutdownFollowerState(121)) - 96db3275-9526-43dd-955b-5fb539e24efb: shutdown FollowerState
2019-09-18 18:49:13,972 [Thread-251] INFO  impl.RaftServerImpl (RaftServerImpl.java:setRole(174)) - 96db3275-9526-43dd-955b-5fb539e24efb@group-35AFD8ACCAD0: changes role from  FOLLOWER to CANDIDATE at term 0 for changeToCandidate
2019-09-18 18:49:13,973 [Thread-251] INFO  impl.RoleInfo (RoleInfo.java:updateAndGet(143)) - 96db3275-9526-43dd-955b-5fb539e24efb: start LeaderElection
2019-09-18 18:49:13,978 [Thread-262] INFO  impl.FollowerState (FollowerState.java:run(106)) - 1e2f870a-f5c7-4413-91e1-4bfb41ad17f1:group-317636E93C21 changes to CANDIDATE, lastRpcTime:5084, electionTimeout:5083ms
2019-09-18 18:49:13,978 [Thread-262] INFO  impl.RoleInfo (RoleInfo.java:shutdownFollowerState(121)) - 1e2f870a-f5c7-4413-91e1-4bfb41ad17f1: shutdown FollowerState
2019-09-18 18:49:13,980 [Thread-262] INFO  impl.RaftServerImpl (RaftServerImpl.java:setRole(174)) - 1e2f870a-f5c7-4413-91e1-4bfb41ad17f1@group-317636E93C21: changes role from  FOLLOWER to CANDIDATE at term 0 for changeToCandidate
2019-09-18 18:49:13,980 [dc0d5ec1-95c1-4bcb-8bd0-d9d25d2a0fca@group-31FBF8C0A134:LeaderElection8] INFO  impl.LeaderElection (LeaderElection.java:askForVotes(182)) - dc0d5ec1-95c1-4bcb-8bd0-d9d25d2a0fca@group-31FBF8C0A134:LeaderElection8: begin an election at term 1 for -1: [1e2f870a-f5c7-4413-91e1-4bfb41ad17f1:192.168.5.155:46499, 96db3275-9526-43dd-955b-5fb539e24efb:192.168.5.155:35901, dc0d5ec1-95c1-4bcb-8bd0-d9d25d2a0fca:192.168.5.155:37299], old=null
2019-09-18 18:49:13,981 [1e2f870a-f5c7-4413-91e1-4bfb41ad17f1@group-31FBF8C0A134:LeaderElection9] INFO  impl.LeaderElection (LeaderElection.java:askForVotes(182)) - 1e2f870a-f5c7-4413-91e1-4bfb41ad17f1@group-31FBF8C0A134:LeaderElection9: begin an election at term 1 for -1: [1e2f870a-f5c7-4413-91e1-4bfb41ad17f1:192.168.5.155:46499, 96db3275-9526-43dd-955b-5fb539e24efb:192.168.5.155:35901, dc0d5ec1-95c1-4bcb-8bd0-d9d25d2a0fca:192.168.5.155:37299], old=null
2019-09-18 18:49:13,981 [Thread-262] INFO  impl.RoleInfo (RoleInfo.java:updateAndGet(143)) - 1e2f870a-f5c7-4413-91e1-4bfb41ad17f1: start LeaderElection
2019-09-18 18:49:14,012 [dc0d5ec1-95c1-4bcb-8bd0-d9d25d2a0fca@group-4F3F8DFA46F6:LeaderElection3] INFO  impl.LeaderElection (LeaderElection.java:logAndReturn(56)) - dc0d5ec1-95c1-4bcb-8bd0-d9d25d2a0fca@group-4F3F8DFA46F6:LeaderElection3: Election PASSED; received 2 response(s) [dc0d5ec1-95c1-4bcb-8bd0-d9d25d2a0fca<-1e2f870a-f5c7-4413-91e1-4bfb41ad17f1#0:OK-t1, dc0d5ec1-95c1-4bcb-8bd0-d9d25d2a0fca<-96db3275-9526-43dd-955b-5fb539e24efb#0:FAIL-t1] and 0 exception(s); dc0d5ec1-95c1-4bcb-8bd0-d9d25d2a0fca@group-4F3F8DFA46F6:t1, leader=null, voted=dc0d5ec1-95c1-4bcb-8bd0-d9d25d2a0fca, raftlog=dc0d5ec1-95c1-4bcb-8bd0-d9d25d2a0fca@group-4F3F8DFA46F6-SegmentedRaftLog:OPENED:c-1,f-1,i0, conf=-1: [1e2f870a-f5c7-4413-91e1-4bfb41ad17f1:192.168.5.155:46499, 96db3275-9526-43dd-955b-5fb539e24efb:192.168.5.155:35901, dc0d5ec1-95c1-4bcb-8bd0-d9d25d2a0fca:192.168.5.155:37299], old=null
2019-09-18 18:49:14,012 [dc0d5ec1-95c1-4bcb-8bd0-d9d25d2a0fca@group-9D191385FC9B:LeaderElection2] INFO  impl.LeaderElection (LeaderElection.java:logAndReturn(56)) - dc0d5ec1-95c1-4bcb-8bd0-d9d25d2a0fca@group-9D191385FC9B:LeaderElection2: Election PASSED; received 1 response(s) [dc0d5ec1-95c1-4bcb-8bd0-d9d25d2a0fca<-1e2f870a-f5c7-4413-91e1-4bfb41ad17f1#0:OK-t1] and 0 exception(s); dc0d5ec1-95c1-4bcb-8bd0-d9d25d2a0fca@group-9D191385FC9B:t1, leader=null, voted=dc0d5ec1-95c1-4bcb-8bd0-d9d25d2a0fca, raftlog=dc0d5ec1-95c1-4bcb-8bd0-d9d25d2a0fca@group-9D191385FC9B-SegmentedRaftLog:OPENED:c-1,f-1,i0, conf=-1: [1e2f870a-f5c7-4413-91e1-4bfb41ad17f1:192.168.5.155:46499, 96db3275-9526-43dd-955b-5fb539e24efb:192.168.5.155:35901, dc0d5ec1-95c1-4bcb-8bd0-d9d25d2a0fca:192.168.5.155:37299], old=null
2019-09-18 18:49:14,012 [dc0d5ec1-95c1-4bcb-8bd0-d9d25d2a0fca@group-8DFD2CA56B00:LeaderElection1] INFO  impl.LeaderElection (LeaderElection.java:logAndReturn(56)) - dc0d5ec1-95c1-4bcb-8bd0-d9d25d2a0fca@group-8DFD2CA56B00:LeaderElection1: Election PASSED; received 1 response(s) [dc0d5ec1-95c1-4bcb-8bd0-d9d25d2a0fca<-1e2f870a-f5c7-4413-91e1-4bfb41ad17f1#0:OK-t1] and 0 exception(s); dc0d5ec1-95c1-4bcb-8bd0-d9d25d2a0fca@group-8DFD2CA56B00:t1, leader=null, voted=dc0d5ec1-95c1-4bcb-8bd0-d9d25d2a0fca, raftlog=dc0d5ec1-95c1-4bcb-8bd0-d9d25d2a0fca@group-8DFD2CA56B00-SegmentedRaftLog:OPENED:c-1,f-1,i0, conf=-1: [1e2f870a-f5c7-4413-91e1-4bfb41ad17f1:192.168.5.155:46499, 96db3275-9526-43dd-955b-5fb539e24efb:192.168.5.155:35901, dc0d5ec1-95c1-4bcb-8bd0-d9d25d2a0fca:192.168.5.155:37299], old=null
2019-09-18 18:49:14,012 [96db3275-9526-43dd-955b-5fb539e24efb@group-31FBF8C0A134:LeaderElection5] INFO  impl.LeaderElection (LeaderElection.java:logAndReturn(56)) - 96db3275-9526-43dd-955b-5fb539e24efb@group-31FBF8C0A134:LeaderElection5: Election REJECTED; received 2 response(s) [96db3275-9526-43dd-955b-5fb539e24efb<-1e2f870a-f5c7-4413-91e1-4bfb41ad17f1#0:FAIL-t1, 96db3275-9526-43dd-955b-5fb539e24efb<-dc0d5ec1-95c1-4bcb-8bd0-d9d25d2a0fca#0:FAIL-t1] and 0 exception(s); 96db3275-9526-43dd-955b-5fb539e24efb@group-31FBF8C0A134:t1, leader=null, voted=96db3275-9526-43dd-955b-5fb539e24efb, raftlog=96db3275-9526-43dd-955b-5fb539e24efb@group-31FBF8C0A134-SegmentedRaftLog:OPENED:c-1,f-1,i0, conf=-1: [1e2f870a-f5c7-4413-91e1-4bfb41ad17f1:192.168.5.155:46499, 96db3275-9526-43dd-955b-5fb539e24efb:192.168.5.155:35901, dc0d5ec1-95c1-4bcb-8bd0-d9d25d2a0fca:192.168.5.155:37299], old=null
2019-09-18 18:49:14,012 [96db3275-9526-43dd-955b-5fb539e24efb@group-4F3F8DFA46F6:LeaderElection4] INFO  impl.LeaderElection (LeaderElection.java:logAndReturn(56)) - 96db3275-9526-43dd-955b-5fb539e24efb@group-4F3F8DFA46F6:LeaderElection4: Election REJECTED; received 2 response(s) [96db3275-9526-43dd-955b-5fb539e24efb<-1e2f870a-f5c7-4413-91e1-4bfb41ad17f1#0:FAIL-t1, 96db3275-9526-43dd-955b-5fb539e24efb<-dc0d5ec1-95c1-4bcb-8bd0-d9d25d2a0fca#0:FAIL-t1] and 0 exception(s); 96db3275-9526-43dd-955b-5fb539e24efb@group-4F3F8DFA46F6:t1, leader=null, voted=96db3275-9526-43dd-955b-5fb539e24efb, raftlog=96db3275-9526-43dd-955b-5fb539e24efb@group-4F3F8DFA46F6-SegmentedRaftLog:OPENED:c-1,f-1,i0, conf=-1: [1e2f870a-f5c7-4413-91e1-4bfb41ad17f1:192.168.5.155:46499, 96db3275-9526-43dd-955b-5fb539e24efb:192.168.5.155:35901, dc0d5ec1-95c1-4bcb-8bd0-d9d25d2a0fca:192.168.5.155:37299], old=null
2019-09-18 18:49:14,021 [dc0d5ec1-95c1-4bcb-8bd0-d9d25d2a0fca@group-31FBF8C0A134:LeaderElection8] INFO  impl.LeaderElection (LeaderElection.java:logAndReturn(56)) - dc0d5ec1-95c1-4bcb-8bd0-d9d25d2a0fca@group-31FBF8C0A134:LeaderElection8: Election REJECTED; received 2 response(s) [dc0d5ec1-95c1-4bcb-8bd0-d9d25d2a0fca<-1e2f870a-f5c7-4413-91e1-4bfb41ad17f1#0:FAIL-t1, dc0d5ec1-95c1-4bcb-8bd0-d9d25d2a0fca<-96db3275-9526-43dd-955b-5fb539e24efb#0:FAIL-t1] and 0 exception(s); dc0d5ec1-95c1-4bcb-8bd0-d9d25d2a0fca@group-31FBF8C0A134:t1, leader=null, voted=dc0d5ec1-95c1-4bcb-8bd0-d9d25d2a0fca, raftlog=dc0d5ec1-95c1-4bcb-8bd0-d9d25d2a0fca@group-31FBF8C0A134-SegmentedRaftLog:OPENED:c-1,f-1,i0, conf=-1: [1e2f870a-f5c7-4413-91e1-4bfb41ad17f1:192.168.5.155:46499, 96db3275-9526-43dd-955b-5fb539e24efb:192.168.5.155:35901, dc0d5ec1-95c1-4bcb-8bd0-d9d25d2a0fca:192.168.5.155:37299], old=null
2019-09-18 18:49:14,022 [96db3275-9526-43dd-955b-5fb539e24efb@group-31FBF8C0A134:LeaderElection5] INFO  impl.RaftServerImpl (RaftServerImpl.java:setRole(174)) - 96db3275-9526-43dd-955b-5fb539e24efb@group-31FBF8C0A134: changes role from CANDIDATE to FOLLOWER at term 1 for DISCOVERED_A_NEW_TERM
2019-09-18 18:49:14,022 [dc0d5ec1-95c1-4bcb-8bd0-d9d25d2a0fca@group-9D191385FC9B:LeaderElection2] INFO  impl.RoleInfo (RoleInfo.java:shutdownLeaderElection(134)) - dc0d5ec1-95c1-4bcb-8bd0-d9d25d2a0fca: shutdown LeaderElection
2019-09-18 18:49:14,022 [96db3275-9526-43dd-955b-5fb539e24efb@group-4F3F8DFA46F6:LeaderElection4] INFO  impl.RaftServerImpl (RaftServerImpl.java:setRole(174)) - 96db3275-9526-43dd-955b-5fb539e24efb@group-4F3F8DFA46F6: changes role from CANDIDATE to FOLLOWER at term 1 for DISCOVERED_A_NEW_TERM
2019-09-18 18:49:14,022 [dc0d5ec1-95c1-4bcb-8bd0-d9d25d2a0fca@group-8DFD2CA56B00:LeaderElection1] INFO  impl.RoleInfo (RoleInfo.java:shutdownLeaderElection(134)) - dc0d5ec1-95c1-4bcb-8bd0-d9d25d2a0fca: shutdown LeaderElection
2019-09-18 18:49:14,022 [dc0d5ec1-95c1-4bcb-8bd0-d9d25d2a0fca@group-4F3F8DFA46F6:LeaderElection3] INFO  impl.RoleInfo (RoleInfo.java:shutdownLeaderElection(134)) - dc0d5ec1-95c1-4bcb-8bd0-d9d25d2a0fca: shutdown LeaderElection
2019-09-18 18:49:14,021 [96db3275-9526-43dd-955b-5fb539e24efb@group-35AFD8ACCAD0:LeaderElection10] INFO  impl.LeaderElection (LeaderElection.java:askForVotes(182)) - 96db3275-9526-43dd-955b-5fb539e24efb@group-35AFD8ACCAD0:LeaderElection10: begin an election at term 1 for -1: [96db3275-9526-43dd-955b-5fb539e24efb:192.168.5.155:35901], old=null
2019-09-18 18:49:14,021 [1e2f870a-f5c7-4413-91e1-4bfb41ad17f1@group-317636E93C21:LeaderElection11] INFO  impl.LeaderElection (LeaderElection.java:askForVotes(182)) - 1e2f870a-f5c7-4413-91e1-4bfb41ad17f1@group-317636E93C21:LeaderElection11: begin an election at term 1 for -1: [1e2f870a-f5c7-4413-91e1-4bfb41ad17f1:192.168.5.155:46499], old=null
2019-09-18 18:49:14,027 [96db3275-9526-43dd-955b-5fb539e24efb@group-35AFD8ACCAD0:LeaderElection10] INFO  impl.RoleInfo (RoleInfo.java:shutdownLeaderElection(134)) - 96db3275-9526-43dd-955b-5fb539e24efb: shutdown LeaderElection
2019-09-18 18:49:14,027 [dc0d5ec1-95c1-4bcb-8bd0-d9d25d2a0fca@group-8DFD2CA56B00:LeaderElection1] INFO  impl.RaftServerImpl (RaftServerImpl.java:setRole(174)) - dc0d5ec1-95c1-4bcb-8bd0-d9d25d2a0fca@group-8DFD2CA56B00: changes role from CANDIDATE to LEADER at term 1 for changeToLeader
2019-09-18 18:49:14,027 [dc0d5ec1-95c1-4bcb-8bd0-d9d25d2a0fca@group-9D191385FC9B:LeaderElection2] INFO  impl.RaftServerImpl (RaftServerImpl.java:setRole(174)) - dc0d5ec1-95c1-4bcb-8bd0-d9d25d2a0fca@group-9D191385FC9B: changes role from CANDIDATE to LEADER at term 1 for changeToLeader
2019-09-18 18:49:14,028 [dc0d5ec1-95c1-4bcb-8bd0-d9d25d2a0fca@group-9D191385FC9B:LeaderElection2] INFO  impl.RaftServerImpl (ServerState.java:setLeader(253)) - dc0d5ec1-95c1-4bcb-8bd0-d9d25d2a0fca@group-9D191385FC9B: change Leader from null to dc0d5ec1-95c1-4bcb-8bd0-d9d25d2a0fca at term 1 for becomeLeader, leader elected after 5767ms
2019-09-18 18:49:14,025 [dc0d5ec1-95c1-4bcb-8bd0-d9d25d2a0fca@group-31FBF8C0A134:LeaderElection8] INFO  impl.RaftServerImpl (RaftServerImpl.java:setRole(174)) - dc0d5ec1-95c1-4bcb-8bd0-d9d25d2a0fca@group-31FBF8C0A134: changes role from CANDIDATE to FOLLOWER at term 1 for DISCOVERED_A_NEW_TERM
2019-09-18 18:49:14,025 [96db3275-9526-43dd-955b-5fb539e24efb@group-4F3F8DFA46F6:LeaderElection4] INFO  impl.RoleInfo (RoleInfo.java:shutdownLeaderElection(134)) - 96db3275-9526-43dd-955b-5fb539e24efb: shutdown LeaderElection
2019-09-18 18:49:14,024 [96db3275-9526-43dd-955b-5fb539e24efb@group-31FBF8C0A134:LeaderElection5] INFO  impl.RoleInfo (RoleInfo.java:shutdownLeaderElection(134)) - 96db3275-9526-43dd-955b-5fb539e24efb: shutdown LeaderElection
2019-09-18 18:49:14,029 [1e2f870a-f5c7-4413-91e1-4bfb41ad17f1@group-31FBF8C0A134:LeaderElection9] INFO  impl.LeaderElection (LeaderElection.java:logAndReturn(56)) - 1e2f870a-f5c7-4413-91e1-4bfb41ad17f1@group-31FBF8C0A134:LeaderElection9: Election REJECTED; received 2 response(s) [1e2f870a-f5c7-4413-91e1-4bfb41ad17f1<-96db3275-9526-43dd-955b-5fb539e24efb#0:FAIL-t1, 1e2f870a-f5c7-4413-91e1-4bfb41ad17f1<-dc0d5ec1-95c1-4bcb-8bd0-d9d25d2a0fca#0:FAIL-t1] and 0 exception(s); 1e2f870a-f5c7-4413-91e1-4bfb41ad17f1@group-31FBF8C0A134:t1, leader=null, voted=1e2f870a-f5c7-4413-91e1-4bfb41ad17f1, raftlog=1e2f870a-f5c7-4413-91e1-4bfb41ad17f1@group-31FBF8C0A134-SegmentedRaftLog:OPENED:c-1,f-1,i0, conf=-1: [1e2f870a-f5c7-4413-91e1-4bfb41ad17f1:192.168.5.155:46499, 96db3275-9526-43dd-955b-5fb539e24efb:192.168.5.155:35901, dc0d5ec1-95c1-4bcb-8bd0-d9d25d2a0fca:192.168.5.155:37299], old=null
2019-09-18 18:49:14,028 [dc0d5ec1-95c1-4bcb-8bd0-d9d25d2a0fca@group-31FBF8C0A134:LeaderElection8] INFO  impl.RoleInfo (RoleInfo.java:shutdownLeaderElection(134)) - dc0d5ec1-95c1-4bcb-8bd0-d9d25d2a0fca: shutdown LeaderElection
2019-09-18 18:49:14,028 [dc0d5ec1-95c1-4bcb-8bd0-d9d25d2a0fca@group-8DFD2CA56B00:LeaderElection1] INFO  impl.RaftServerImpl (ServerState.java:setLeader(253)) - dc0d5ec1-95c1-4bcb-8bd0-d9d25d2a0fca@group-8DFD2CA56B00: change Leader from null to dc0d5ec1-95c1-4bcb-8bd0-d9d25d2a0fca at term 1 for becomeLeader, leader elected after 5467ms
2019-09-18 18:49:14,027 [96db3275-9526-43dd-955b-5fb539e24efb@group-35AFD8ACCAD0:LeaderElection10] INFO  impl.RaftServerImpl (RaftServerImpl.java:setRole(174)) - 96db3275-9526-43dd-955b-5fb539e24efb@group-35AFD8ACCAD0: changes role from CANDIDATE to LEADER at term 1 for changeToLeader
2019-09-18 18:49:14,027 [1e2f870a-f5c7-4413-91e1-4bfb41ad17f1@group-317636E93C21:LeaderElection11] INFO  impl.RoleInfo (RoleInfo.java:shutdownLeaderElection(134)) - 1e2f870a-f5c7-4413-91e1-4bfb41ad17f1: shutdown LeaderElection
2019-09-18 18:49:14,027 [dc0d5ec1-95c1-4bcb-8bd0-d9d25d2a0fca@group-4F3F8DFA46F6:LeaderElection3] INFO  impl.RaftServerImpl (RaftServerImpl.java:setRole(174)) - dc0d5ec1-95c1-4bcb-8bd0-d9d25d2a0fca@group-4F3F8DFA46F6: changes role from CANDIDATE to LEADER at term 1 for changeToLeader
2019-09-18 18:49:14,032 [1e2f870a-f5c7-4413-91e1-4bfb41ad17f1@group-317636E93C21:LeaderElection11] INFO  impl.RaftServerImpl (RaftServerImpl.java:setRole(174)) - 1e2f870a-f5c7-4413-91e1-4bfb41ad17f1@group-317636E93C21: changes role from CANDIDATE to LEADER at term 1 for changeToLeader
2019-09-18 18:49:14,032 [96db3275-9526-43dd-955b-5fb539e24efb@group-57F14FEE508A:LeaderElection7] INFO  impl.LeaderElection (LeaderElection.java:logAndReturn(56)) - 96db3275-9526-43dd-955b-5fb539e24efb@group-57F14FEE508A:LeaderElection7: Election REJECTED; received 2 response(s) [96db3275-9526-43dd-955b-5fb539e24efb<-1e2f870a-f5c7-4413-91e1-4bfb41ad17f1#0:FAIL-t1, 96db3275-9526-43dd-955b-5fb539e24efb<-dc0d5ec1-95c1-4bcb-8bd0-d9d25d2a0fca#0:FAIL-t1] and 0 exception(s); 96db3275-9526-43dd-955b-5fb539e24efb@group-57F14FEE508A:t1, leader=null, voted=96db3275-9526-43dd-955b-5fb539e24efb, raftlog=96db3275-9526-43dd-955b-5fb539e24efb@group-57F14FEE508A-SegmentedRaftLog:OPENED:c-1,f-1,i0, conf=-1: [1e2f870a-f5c7-4413-91e1-4bfb41ad17f1:192.168.5.155:46499, 96db3275-9526-43dd-955b-5fb539e24efb:192.168.5.155:35901, dc0d5ec1-95c1-4bcb-8bd0-d9d25d2a0fca:192.168.5.155:37299], old=null
2019-09-18 18:49:14,032 [96db3275-9526-43dd-955b-5fb539e24efb@group-35AFD8ACCAD0:LeaderElection10] INFO  impl.RaftServerImpl (ServerState.java:setLeader(253)) - 96db3275-9526-43dd-955b-5fb539e24efb@group-35AFD8ACCAD0: change Leader from null to 96db3275-9526-43dd-955b-5fb539e24efb at term 1 for becomeLeader, leader elected after 5561ms
2019-09-18 18:49:14,031 [dc0d5ec1-95c1-4bcb-8bd0-d9d25d2a0fca@group-31FBF8C0A134:LeaderElection8] INFO  impl.RoleInfo (RoleInfo.java:updateAndGet(143)) - dc0d5ec1-95c1-4bcb-8bd0-d9d25d2a0fca: start FollowerState
2019-09-18 18:49:14,030 [1e2f870a-f5c7-4413-91e1-4bfb41ad17f1@group-31FBF8C0A134:LeaderElection9] INFO  impl.RaftServerImpl (RaftServerImpl.java:setRole(174)) - 1e2f870a-f5c7-4413-91e1-4bfb41ad17f1@group-31FBF8C0A134: changes role from CANDIDATE to FOLLOWER at term 1 for DISCOVERED_A_NEW_TERM
2019-09-18 18:49:14,030 [96db3275-9526-43dd-955b-5fb539e24efb@group-31FBF8C0A134:LeaderElection5] INFO  impl.RoleInfo (RoleInfo.java:updateAndGet(143)) - 96db3275-9526-43dd-955b-5fb539e24efb: start FollowerState
2019-09-18 18:49:14,030 [96db3275-9526-43dd-955b-5fb539e24efb@group-4F3F8DFA46F6:LeaderElection4] INFO  impl.RoleInfo (RoleInfo.java:updateAndGet(143)) - 96db3275-9526-43dd-955b-5fb539e24efb: start FollowerState
2019-09-18 18:49:14,039 [dc0d5ec1-95c1-4bcb-8bd0-d9d25d2a0fca@group-57F14FEE508A:LeaderElection6] INFO  impl.LeaderElection (LeaderElection.java:logAndReturn(56)) - dc0d5ec1-95c1-4bcb-8bd0-d9d25d2a0fca@group-57F14FEE508A:LeaderElection6: Election PASSED; received 2 response(s) [dc0d5ec1-95c1-4bcb-8bd0-d9d25d2a0fca<-1e2f870a-f5c7-4413-91e1-4bfb41ad17f1#0:OK-t1, dc0d5ec1-95c1-4bcb-8bd0-d9d25d2a0fca<-96db3275-9526-43dd-955b-5fb539e24efb#0:FAIL-t1] and 0 exception(s); dc0d5ec1-95c1-4bcb-8bd0-d9d25d2a0fca@group-57F14FEE508A:t1, leader=null, voted=dc0d5ec1-95c1-4bcb-8bd0-d9d25d2a0fca, raftlog=dc0d5ec1-95c1-4bcb-8bd0-d9d25d2a0fca@group-57F14FEE508A-SegmentedRaftLog:OPENED:c-1,f-1,i0, conf=-1: [1e2f870a-f5c7-4413-91e1-4bfb41ad17f1:192.168.5.155:46499, 96db3275-9526-43dd-955b-5fb539e24efb:192.168.5.155:35901, dc0d5ec1-95c1-4bcb-8bd0-d9d25d2a0fca:192.168.5.155:37299], old=null
2019-09-18 18:49:14,039 [1e2f870a-f5c7-4413-91e1-4bfb41ad17f1@group-31FBF8C0A134:LeaderElection9] INFO  impl.RoleInfo (RoleInfo.java:shutdownLeaderElection(134)) - 1e2f870a-f5c7-4413-91e1-4bfb41ad17f1: shutdown LeaderElection
2019-09-18 18:49:14,032 [96db3275-9526-43dd-955b-5fb539e24efb@group-57F14FEE508A:LeaderElection7] INFO  impl.RaftServerImpl (RaftServerImpl.java:setRole(174)) - 96db3275-9526-43dd-955b-5fb539e24efb@group-57F14FEE508A: changes role from CANDIDATE to FOLLOWER at term 1 for DISCOVERED_A_NEW_TERM
2019-09-18 18:49:14,032 [1e2f870a-f5c7-4413-91e1-4bfb41ad17f1@group-317636E93C21:LeaderElection11] INFO  impl.RaftServerImpl (ServerState.java:setLeader(253)) - 1e2f870a-f5c7-4413-91e1-4bfb41ad17f1@group-317636E93C21: change Leader from null to 1e2f870a-f5c7-4413-91e1-4bfb41ad17f1 at term 1 for becomeLeader, leader elected after 5771ms
2019-09-18 18:49:14,032 [dc0d5ec1-95c1-4bcb-8bd0-d9d25d2a0fca@group-4F3F8DFA46F6:LeaderElection3] INFO  impl.RaftServerImpl (ServerState.java:setLeader(253)) - dc0d5ec1-95c1-4bcb-8bd0-d9d25d2a0fca@group-4F3F8DFA46F6: change Leader from null to dc0d5ec1-95c1-4bcb-8bd0-d9d25d2a0fca at term 1 for becomeLeader, leader elected after 5363ms
2019-09-18 18:49:14,040 [1e2f870a-f5c7-4413-91e1-4bfb41ad17f1@group-31FBF8C0A134:LeaderElection9] INFO  impl.RoleInfo (RoleInfo.java:updateAndGet(143)) - 1e2f870a-f5c7-4413-91e1-4bfb41ad17f1: start FollowerState
2019-09-18 18:49:14,040 [96db3275-9526-43dd-955b-5fb539e24efb@group-57F14FEE508A:LeaderElection7] INFO  impl.RoleInfo (RoleInfo.java:shutdownLeaderElection(134)) - 96db3275-9526-43dd-955b-5fb539e24efb: shutdown LeaderElection
2019-09-18 18:49:14,039 [dc0d5ec1-95c1-4bcb-8bd0-d9d25d2a0fca@group-57F14FEE508A:LeaderElection6] INFO  impl.RoleInfo (RoleInfo.java:shutdownLeaderElection(134)) - dc0d5ec1-95c1-4bcb-8bd0-d9d25d2a0fca: shutdown LeaderElection
2019-09-18 18:49:14,041 [96db3275-9526-43dd-955b-5fb539e24efb@group-57F14FEE508A:LeaderElection7] INFO  impl.RoleInfo (RoleInfo.java:updateAndGet(143)) - 96db3275-9526-43dd-955b-5fb539e24efb: start FollowerState
2019-09-18 18:49:14,041 [dc0d5ec1-95c1-4bcb-8bd0-d9d25d2a0fca@group-57F14FEE508A:LeaderElection6] INFO  impl.RaftServerImpl (RaftServerImpl.java:setRole(174)) - dc0d5ec1-95c1-4bcb-8bd0-d9d25d2a0fca@group-57F14FEE508A: changes role from CANDIDATE to LEADER at term 1 for changeToLeader
2019-09-18 18:49:14,041 [dc0d5ec1-95c1-4bcb-8bd0-d9d25d2a0fca@group-57F14FEE508A:LeaderElection6] INFO  impl.RaftServerImpl (ServerState.java:setLeader(253)) - dc0d5ec1-95c1-4bcb-8bd0-d9d25d2a0fca@group-57F14FEE508A: change Leader from null to dc0d5ec1-95c1-4bcb-8bd0-d9d25d2a0fca at term 1 for becomeLeader, leader elected after 5262ms
2019-09-18 18:49:14,044 [dc0d5ec1-95c1-4bcb-8bd0-d9d25d2a0fca@group-8DFD2CA56B00:LeaderElection1] INFO  server.RaftServerConfigKeys (ConfUtils.java:logGet(43)) - raft.server.staging.catchup.gap = 1000 (default)
2019-09-18 18:49:14,045 [1e2f870a-f5c7-4413-91e1-4bfb41ad17f1@group-317636E93C21:LeaderElection11] INFO  server.RaftServerConfigKeys (ConfUtils.java:logGet(43)) - raft.server.staging.catchup.gap = 1000 (default)
2019-09-18 18:49:14,046 [dc0d5ec1-95c1-4bcb-8bd0-d9d25d2a0fca@group-57F14FEE508A:LeaderElection6] INFO  server.RaftServerConfigKeys (ConfUtils.java:logGet(43)) - raft.server.staging.catchup.gap = 1000 (default)
2019-09-18 18:49:14,046 [dc0d5ec1-95c1-4bcb-8bd0-d9d25d2a0fca@group-8DFD2CA56B00:LeaderElection1] INFO  server.RaftServerConfigKeys (ConfUtils.java:logGet(43)) - raft.server.rpc.sleep.time = 25ms (default)
2019-09-18 18:49:14,044 [dc0d5ec1-95c1-4bcb-8bd0-d9d25d2a0fca@group-4F3F8DFA46F6:LeaderElection3] INFO  server.RaftServerConfigKeys (ConfUtils.java:logGet(43)) - raft.server.staging.catchup.gap = 1000 (default)
2019-09-18 18:49:14,045 [dc0d5ec1-95c1-4bcb-8bd0-d9d25d2a0fca@group-9D191385FC9B:LeaderElection2] INFO  server.RaftServerConfigKeys (ConfUtils.java:logGet(43)) - raft.server.staging.catchup.gap = 1000 (default)
2019-09-18 18:49:14,044 [96db3275-9526-43dd-955b-5fb539e24efb@group-35AFD8ACCAD0:LeaderElection10] INFO  server.RaftServerConfigKeys (ConfUtils.java:logGet(43)) - raft.server.staging.catchup.gap = 1000 (default)
2019-09-18 18:49:14,046 [dc0d5ec1-95c1-4bcb-8bd0-d9d25d2a0fca@group-9D191385FC9B:LeaderElection2] INFO  server.RaftServerConfigKeys (ConfUtils.java:logGet(43)) - raft.server.rpc.sleep.time = 25ms (default)
2019-09-18 18:49:14,046 [dc0d5ec1-95c1-4bcb-8bd0-d9d25d2a0fca@group-4F3F8DFA46F6:LeaderElection3] INFO  server.RaftServerConfigKeys (ConfUtils.java:logGet(43)) - raft.server.rpc.sleep.time = 25ms (default)
2019-09-18 18:49:14,046 [dc0d5ec1-95c1-4bcb-8bd0-d9d25d2a0fca@group-57F14FEE508A:LeaderElection6] INFO  server.RaftServerConfigKeys (ConfUtils.java:logGet(43)) - raft.server.rpc.sleep.time = 25ms (default)
2019-09-18 18:49:14,046 [1e2f870a-f5c7-4413-91e1-4bfb41ad17f1@group-317636E93C21:LeaderElection11] INFO  server.RaftServerConfigKeys (ConfUtils.java:logGet(43)) - raft.server.rpc.sleep.time = 25ms (default)
2019-09-18 18:49:14,046 [96db3275-9526-43dd-955b-5fb539e24efb@group-35AFD8ACCAD0:LeaderElection10] INFO  server.RaftServerConfigKeys (ConfUtils.java:logGet(43)) - raft.server.rpc.sleep.time = 25ms (default)
2019-09-18 18:49:14,049 [dc0d5ec1-95c1-4bcb-8bd0-d9d25d2a0fca@group-4F3F8DFA46F6:LeaderElection3] INFO  server.RaftServerConfigKeys (ConfUtils.java:logGet(43)) - raft.server.write.element-limit = 4096 (default)
2019-09-18 18:49:14,049 [96db3275-9526-43dd-955b-5fb539e24efb@group-35AFD8ACCAD0:LeaderElection10] INFO  server.RaftServerConfigKeys (ConfUtils.java:logGet(43)) - raft.server.write.element-limit = 4096 (default)
2019-09-18 18:49:14,049 [1e2f870a-f5c7-4413-91e1-4bfb41ad17f1@group-317636E93C21:LeaderElection11] INFO  server.RaftServerConfigKeys (ConfUtils.java:logGet(43)) - raft.server.write.element-limit = 4096 (default)
2019-09-18 18:49:14,049 [dc0d5ec1-95c1-4bcb-8bd0-d9d25d2a0fca@group-8DFD2CA56B00:LeaderElection1] INFO  server.RaftServerConfigKeys (ConfUtils.java:logGet(43)) - raft.server.write.element-limit = 4096 (default)
2019-09-18 18:49:14,049 [dc0d5ec1-95c1-4bcb-8bd0-d9d25d2a0fca@group-57F14FEE508A:LeaderElection6] INFO  server.RaftServerConfigKeys (ConfUtils.java:logGet(43)) - raft.server.write.element-limit = 4096 (default)
2019-09-18 18:49:14,049 [dc0d5ec1-95c1-4bcb-8bd0-d9d25d2a0fca@group-9D191385FC9B:LeaderElection2] INFO  server.RaftServerConfigKeys (ConfUtils.java:logGet(43)) - raft.server.write.element-limit = 4096 (default)
2019-09-18 18:49:14,052 [96db3275-9526-43dd-955b-5fb539e24efb@group-35AFD8ACCAD0:LeaderElection10] INFO  server.RaftServerConfigKeys (ConfUtils.java:logGet(43)) - raft.server.watch.timeout = 10s (default)
2019-09-18 18:49:14,052 [dc0d5ec1-95c1-4bcb-8bd0-d9d25d2a0fca@group-57F14FEE508A:LeaderElection6] INFO  server.RaftServerConfigKeys (ConfUtils.java:logGet(43)) - raft.server.watch.timeout = 10s (default)
2019-09-18 18:49:14,052 [dc0d5ec1-95c1-4bcb-8bd0-d9d25d2a0fca@group-9D191385FC9B:LeaderElection2] INFO  server.RaftServerConfigKeys (ConfUtils.java:logGet(43)) - raft.server.watch.timeout = 10s (default)
2019-09-18 18:49:14,052 [dc0d5ec1-95c1-4bcb-8bd0-d9d25d2a0fca@group-4F3F8DFA46F6:LeaderElection3] INFO  server.RaftServerConfigKeys (ConfUtils.java:logGet(43)) - raft.server.watch.timeout = 10s (default)
2019-09-18 18:49:14,052 [dc0d5ec1-95c1-4bcb-8bd0-d9d25d2a0fca@group-8DFD2CA56B00:LeaderElection1] INFO  server.RaftServerConfigKeys (ConfUtils.java:logGet(43)) - raft.server.watch.timeout = 10s (default)
2019-09-18 18:49:14,052 [dc0d5ec1-95c1-4bcb-8bd0-d9d25d2a0fca@group-8DFD2CA56B00:LeaderElection1] INFO  server.RaftServerConfigKeys (ConfUtils.java:logGet(43)) - raft.server.watch.timeout.denomination = 1s (default)
2019-09-18 18:49:14,052 [1e2f870a-f5c7-4413-91e1-4bfb41ad17f1@group-317636E93C21:LeaderElection11] INFO  server.RaftServerConfigKeys (ConfUtils.java:logGet(43)) - raft.server.watch.timeout = 10s (default)
2019-09-18 18:49:14,052 [dc0d5ec1-95c1-4bcb-8bd0-d9d25d2a0fca@group-4F3F8DFA46F6:LeaderElection3] INFO  server.RaftServerConfigKeys (ConfUtils.java:logGet(43)) - raft.server.watch.timeout.denomination = 1s (default)
2019-09-18 18:49:14,052 [dc0d5ec1-95c1-4bcb-8bd0-d9d25d2a0fca@group-9D191385FC9B:LeaderElection2] INFO  server.RaftServerConfigKeys (ConfUtils.java:logGet(43)) - raft.server.watch.timeout.denomination = 1s (default)
2019-09-18 18:49:14,052 [dc0d5ec1-95c1-4bcb-8bd0-d9d25d2a0fca@group-57F14FEE508A:LeaderElection6] INFO  server.RaftServerConfigKeys (ConfUtils.java:logGet(43)) - raft.server.watch.timeout.denomination = 1s (default)
2019-09-18 18:49:14,052 [96db3275-9526-43dd-955b-5fb539e24efb@group-35AFD8ACCAD0:LeaderElection10] INFO  server.RaftServerConfigKeys (ConfUtils.java:logGet(43)) - raft.server.watch.timeout.denomination = 1s (default)
2019-09-18 18:49:14,053 [1e2f870a-f5c7-4413-91e1-4bfb41ad17f1@group-317636E93C21:LeaderElection11] INFO  server.RaftServerConfigKeys (ConfUtils.java:logGet(43)) - raft.server.watch.timeout.denomination = 1s (default)
2019-09-18 18:49:14,053 [dc0d5ec1-95c1-4bcb-8bd0-d9d25d2a0fca@group-9D191385FC9B:LeaderElection2] INFO  server.RaftServerConfigKeys (ConfUtils.java:logGet(43)) - raft.server.watch.element-limit = 65536 (default)
2019-09-18 18:49:14,053 [96db3275-9526-43dd-955b-5fb539e24efb@group-35AFD8ACCAD0:LeaderElection10] INFO  server.RaftServerConfigKeys (ConfUtils.java:logGet(43)) - raft.server.watch.element-limit = 65536 (default)
2019-09-18 18:49:14,053 [dc0d5ec1-95c1-4bcb-8bd0-d9d25d2a0fca@group-8DFD2CA56B00:LeaderElection1] INFO  server.RaftServerConfigKeys (ConfUtils.java:logGet(43)) - raft.server.watch.element-limit = 65536 (default)
2019-09-18 18:49:14,053 [dc0d5ec1-95c1-4bcb-8bd0-d9d25d2a0fca@group-4F3F8DFA46F6:LeaderElection3] INFO  server.RaftServerConfigKeys (ConfUtils.java:logGet(43)) - raft.server.watch.element-limit = 65536 (default)
2019-09-18 18:49:14,053 [dc0d5ec1-95c1-4bcb-8bd0-d9d25d2a0fca@group-57F14FEE508A:LeaderElection6] INFO  server.RaftServerConfigKeys (ConfUtils.java:logGet(43)) - raft.server.watch.element-limit = 65536 (default)
2019-09-18 18:49:14,053 [1e2f870a-f5c7-4413-91e1-4bfb41ad17f1@group-317636E93C21:LeaderElection11] INFO  server.RaftServerConfigKeys (ConfUtils.java:logGet(43)) - raft.server.watch.element-limit = 65536 (default)
2019-09-18 18:49:14,071 [1e2f870a-f5c7-4413-91e1-4bfb41ad17f1@group-317636E93C21:LeaderElection11] INFO  impl.RoleInfo (RoleInfo.java:updateAndGet(143)) - 1e2f870a-f5c7-4413-91e1-4bfb41ad17f1: start LeaderState
2019-09-18 18:49:14,071 [96db3275-9526-43dd-955b-5fb539e24efb@group-35AFD8ACCAD0:LeaderElection10] INFO  impl.RoleInfo (RoleInfo.java:updateAndGet(143)) - 96db3275-9526-43dd-955b-5fb539e24efb: start LeaderState
2019-09-18 18:49:14,071 [dc0d5ec1-95c1-4bcb-8bd0-d9d25d2a0fca@group-9D191385FC9B:LeaderElection2] INFO  server.RaftServerConfigKeys (ConfUtils.java:logGet(43)) - raft.server.log.appender.snapshot.chunk.size.max = 16MB (=16777216) (default)
2019-09-18 18:49:14,071 [dc0d5ec1-95c1-4bcb-8bd0-d9d25d2a0fca@group-57F14FEE508A:LeaderElection6] INFO  server.RaftServerConfigKeys (ConfUtils.java:logGet(43)) - raft.server.log.appender.snapshot.chunk.size.max = 16MB (=16777216) (default)
2019-09-18 18:49:14,071 [dc0d5ec1-95c1-4bcb-8bd0-d9d25d2a0fca@group-8DFD2CA56B00:LeaderElection1] INFO  server.RaftServerConfigKeys (ConfUtils.java:logGet(43)) - raft.server.log.appender.snapshot.chunk.size.max = 16MB (=16777216) (default)
2019-09-18 18:49:14,071 [dc0d5ec1-95c1-4bcb-8bd0-d9d25d2a0fca@group-4F3F8DFA46F6:LeaderElection3] INFO  server.RaftServerConfigKeys (ConfUtils.java:logGet(43)) - raft.server.log.appender.snapshot.chunk.size.max = 16MB (=16777216) (default)
2019-09-18 18:49:14,072 [dc0d5ec1-95c1-4bcb-8bd0-d9d25d2a0fca@group-8DFD2CA56B00:LeaderElection1] INFO  server.RaftServerConfigKeys (ConfUtils.java:logGet(43)) - raft.server.log.appender.buffer.byte-limit = 33554432 (custom)
2019-09-18 18:49:14,072 [dc0d5ec1-95c1-4bcb-8bd0-d9d25d2a0fca@group-57F14FEE508A:LeaderElection6] INFO  server.RaftServerConfigKeys (ConfUtils.java:logGet(43)) - raft.server.log.appender.buffer.byte-limit = 33554432 (custom)
2019-09-18 18:49:14,071 [dc0d5ec1-95c1-4bcb-8bd0-d9d25d2a0fca@group-9D191385FC9B:LeaderElection2] INFO  server.RaftServerConfigKeys (ConfUtils.java:logGet(43)) - raft.server.log.appender.buffer.byte-limit = 33554432 (custom)
2019-09-18 18:49:14,072 [dc0d5ec1-95c1-4bcb-8bd0-d9d25d2a0fca@group-4F3F8DFA46F6:LeaderElection3] INFO  server.RaftServerConfigKeys (ConfUtils.java:logGet(43)) - raft.server.log.appender.buffer.byte-limit = 33554432 (custom)
2019-09-18 18:49:14,072 [dc0d5ec1-95c1-4bcb-8bd0-d9d25d2a0fca@group-8DFD2CA56B00:LeaderElection1] INFO  server.RaftServerConfigKeys (ConfUtils.java:logGet(43)) - raft.server.log.appender.buffer.element-limit = 1 (custom)
2019-09-18 18:49:14,072 [dc0d5ec1-95c1-4bcb-8bd0-d9d25d2a0fca@group-57F14FEE508A:LeaderElection6] INFO  server.RaftServerConfigKeys (ConfUtils.java:logGet(43)) - raft.server.log.appender.buffer.element-limit = 1 (custom)
2019-09-18 18:49:14,072 [dc0d5ec1-95c1-4bcb-8bd0-d9d25d2a0fca@group-4F3F8DFA46F6:LeaderElection3] INFO  server.RaftServerConfigKeys (ConfUtils.java:logGet(43)) - raft.server.log.appender.buffer.element-limit = 1 (custom)
2019-09-18 18:49:14,073 [dc0d5ec1-95c1-4bcb-8bd0-d9d25d2a0fca@group-9D191385FC9B:LeaderElection2] INFO  server.RaftServerConfigKeys (ConfUtils.java:logGet(43)) - raft.server.log.appender.buffer.element-limit = 1 (custom)
2019-09-18 18:49:14,075 [dc0d5ec1-95c1-4bcb-8bd0-d9d25d2a0fca@group-9D191385FC9B:LeaderElection2] INFO  grpc.GrpcConfigKeys$Server (ConfUtils.java:logGet(43)) - raft.grpc.server.leader.outstanding.appends.max = 128 (default)
2019-09-18 18:49:14,075 [dc0d5ec1-95c1-4bcb-8bd0-d9d25d2a0fca@group-4F3F8DFA46F6:LeaderElection3] INFO  grpc.GrpcConfigKeys$Server (ConfUtils.java:logGet(43)) - raft.grpc.server.leader.outstanding.appends.max = 128 (default)
2019-09-18 18:49:14,075 [dc0d5ec1-95c1-4bcb-8bd0-d9d25d2a0fca@group-8DFD2CA56B00:LeaderElection1] INFO  grpc.GrpcConfigKeys$Server (ConfUtils.java:logGet(43)) - raft.grpc.server.leader.outstanding.appends.max = 128 (default)
2019-09-18 18:49:14,077 [dc0d5ec1-95c1-4bcb-8bd0-d9d25d2a0fca@group-4F3F8DFA46F6:LeaderElection3] INFO  server.RaftServerConfigKeys (ConfUtils.java:logGet(43)) - raft.server.rpc.request.timeout = 3000ms (default)
2019-09-18 18:49:14,077 [dc0d5ec1-95c1-4bcb-8bd0-d9d25d2a0fca@group-9D191385FC9B:LeaderElection2] INFO  server.RaftServerConfigKeys (ConfUtils.java:logGet(43)) - raft.server.rpc.request.timeout = 3000ms (default)
2019-09-18 18:49:14,077 [dc0d5ec1-95c1-4bcb-8bd0-d9d25d2a0fca@group-9D191385FC9B:LeaderElection2] INFO  server.RaftServerConfigKeys (ConfUtils.java:logGet(43)) - raft.server.log.appender.install.snapshot.enabled = false (custom)
2019-09-18 18:49:14,077 [dc0d5ec1-95c1-4bcb-8bd0-d9d25d2a0fca@group-57F14FEE508A:LeaderElection6] INFO  grpc.GrpcConfigKeys$Server (ConfUtils.java:logGet(43)) - raft.grpc.server.leader.outstanding.appends.max = 128 (default)
2019-09-18 18:49:14,077 [dc0d5ec1-95c1-4bcb-8bd0-d9d25d2a0fca@group-4F3F8DFA46F6:LeaderElection3] INFO  server.RaftServerConfigKeys (ConfUtils.java:logGet(43)) - raft.server.log.appender.install.snapshot.enabled = false (custom)
2019-09-18 18:49:14,077 [dc0d5ec1-95c1-4bcb-8bd0-d9d25d2a0fca@group-8DFD2CA56B00:LeaderElection1] INFO  server.RaftServerConfigKeys (ConfUtils.java:logGet(43)) - raft.server.rpc.request.timeout = 3000ms (default)
2019-09-18 18:49:14,077 [dc0d5ec1-95c1-4bcb-8bd0-d9d25d2a0fca@group-57F14FEE508A:LeaderElection6] INFO  server.RaftServerConfigKeys (ConfUtils.java:logGet(43)) - raft.server.rpc.request.timeout = 3000ms (default)
2019-09-18 18:49:14,078 [dc0d5ec1-95c1-4bcb-8bd0-d9d25d2a0fca@group-8DFD2CA56B00:LeaderElection1] INFO  server.RaftServerConfigKeys (ConfUtils.java:logGet(43)) - raft.server.log.appender.install.snapshot.enabled = false (custom)
2019-09-18 18:49:14,078 [dc0d5ec1-95c1-4bcb-8bd0-d9d25d2a0fca@group-57F14FEE508A:LeaderElection6] INFO  server.RaftServerConfigKeys (ConfUtils.java:logGet(43)) - raft.server.log.appender.install.snapshot.enabled = false (custom)
2019-09-18 18:49:14,078 [dc0d5ec1-95c1-4bcb-8bd0-d9d25d2a0fca@group-8DFD2CA56B00:LeaderElection1] INFO  server.RaftServerConfigKeys (ConfUtils.java:logGet(43)) - raft.server.log.appender.snapshot.chunk.size.max = 16MB (=16777216) (default)
2019-09-18 18:49:14,078 [dc0d5ec1-95c1-4bcb-8bd0-d9d25d2a0fca@group-4F3F8DFA46F6:LeaderElection3] INFO  server.RaftServerConfigKeys (ConfUtils.java:logGet(43)) - raft.server.log.appender.snapshot.chunk.size.max = 16MB (=16777216) (default)
2019-09-18 18:49:14,078 [dc0d5ec1-95c1-4bcb-8bd0-d9d25d2a0fca@group-9D191385FC9B:LeaderElection2] INFO  server.RaftServerConfigKeys (ConfUtils.java:logGet(43)) - raft.server.log.appender.snapshot.chunk.size.max = 16MB (=16777216) (default)
2019-09-18 18:49:14,078 [dc0d5ec1-95c1-4bcb-8bd0-d9d25d2a0fca@group-4F3F8DFA46F6:LeaderElection3] INFO  server.RaftServerConfigKeys (ConfUtils.java:logGet(43)) - raft.server.log.appender.buffer.byte-limit = 33554432 (custom)
2019-09-18 18:49:14,078 [dc0d5ec1-95c1-4bcb-8bd0-d9d25d2a0fca@group-8DFD2CA56B00:LeaderElection1] INFO  server.RaftServerConfigKeys (ConfUtils.java:logGet(43)) - raft.server.log.appender.buffer.byte-limit = 33554432 (custom)
2019-09-18 18:49:14,079 [dc0d5ec1-95c1-4bcb-8bd0-d9d25d2a0fca@group-8DFD2CA56B00:LeaderElection1] INFO  server.RaftServerConfigKeys (ConfUtils.java:logGet(43)) - raft.server.log.appender.buffer.element-limit = 1 (custom)
2019-09-18 18:49:14,078 [dc0d5ec1-95c1-4bcb-8bd0-d9d25d2a0fca@group-57F14FEE508A:LeaderElection6] INFO  server.RaftServerConfigKeys (ConfUtils.java:logGet(43)) - raft.server.log.appender.snapshot.chunk.size.max = 16MB (=16777216) (default)
2019-09-18 18:49:14,079 [dc0d5ec1-95c1-4bcb-8bd0-d9d25d2a0fca@group-8DFD2CA56B00:LeaderElection1] INFO  grpc.GrpcConfigKeys$Server (ConfUtils.java:logGet(43)) - raft.grpc.server.leader.outstanding.appends.max = 128 (default)
2019-09-18 18:49:14,079 [dc0d5ec1-95c1-4bcb-8bd0-d9d25d2a0fca@group-4F3F8DFA46F6:LeaderElection3] INFO  server.RaftServerConfigKeys (ConfUtils.java:logGet(43)) - raft.server.log.appender.buffer.element-limit = 1 (custom)
2019-09-18 18:49:14,078 [dc0d5ec1-95c1-4bcb-8bd0-d9d25d2a0fca@group-9D191385FC9B:LeaderElection2] INFO  server.RaftServerConfigKeys (ConfUtils.java:logGet(43)) - raft.server.log.appender.buffer.byte-limit = 33554432 (custom)
2019-09-18 18:49:14,079 [dc0d5ec1-95c1-4bcb-8bd0-d9d25d2a0fca@group-4F3F8DFA46F6:LeaderElection3] INFO  grpc.GrpcConfigKeys$Server (ConfUtils.java:logGet(43)) - raft.grpc.server.leader.outstanding.appends.max = 128 (default)
2019-09-18 18:49:14,079 [dc0d5ec1-95c1-4bcb-8bd0-d9d25d2a0fca@group-8DFD2CA56B00:LeaderElection1] INFO  server.RaftServerConfigKeys (ConfUtils.java:logGet(43)) - raft.server.rpc.request.timeout = 3000ms (default)
2019-09-18 18:49:14,080 [dc0d5ec1-95c1-4bcb-8bd0-d9d25d2a0fca@group-8DFD2CA56B00:LeaderElection1] INFO  server.RaftServerConfigKeys (ConfUtils.java:logGet(43)) - raft.server.log.appender.install.snapshot.enabled = false (custom)
2019-09-18 18:49:14,079 [dc0d5ec1-95c1-4bcb-8bd0-d9d25d2a0fca@group-57F14FEE508A:LeaderElection6] INFO  server.RaftServerConfigKeys (ConfUtils.java:logGet(43)) - raft.server.log.appender.buffer.byte-limit = 33554432 (custom)
2019-09-18 18:49:14,079 [dc0d5ec1-95c1-4bcb-8bd0-d9d25d2a0fca@group-4F3F8DFA46F6:LeaderElection3] INFO  server.RaftServerConfigKeys (ConfUtils.java:logGet(43)) - raft.server.rpc.request.timeout = 3000ms (default)
2019-09-18 18:49:14,079 [dc0d5ec1-95c1-4bcb-8bd0-d9d25d2a0fca@group-9D191385FC9B:LeaderElection2] INFO  server.RaftServerConfigKeys (ConfUtils.java:logGet(43)) - raft.server.log.appender.buffer.element-limit = 1 (custom)
2019-09-18 18:49:14,080 [dc0d5ec1-95c1-4bcb-8bd0-d9d25d2a0fca@group-4F3F8DFA46F6:LeaderElection3] INFO  server.RaftServerConfigKeys (ConfUtils.java:logGet(43)) - raft.server.log.appender.install.snapshot.enabled = false (custom)
2019-09-18 18:49:14,080 [dc0d5ec1-95c1-4bcb-8bd0-d9d25d2a0fca@group-57F14FEE508A:LeaderElection6] INFO  server.RaftServerConfigKeys (ConfUtils.java:logGet(43)) - raft.server.log.appender.buffer.element-limit = 1 (custom)
2019-09-18 18:49:14,080 [dc0d5ec1-95c1-4bcb-8bd0-d9d25d2a0fca@group-9D191385FC9B:LeaderElection2] INFO  grpc.GrpcConfigKeys$Server (ConfUtils.java:logGet(43)) - raft.grpc.server.leader.outstanding.appends.max = 128 (default)
2019-09-18 18:49:14,080 [dc0d5ec1-95c1-4bcb-8bd0-d9d25d2a0fca@group-57F14FEE508A:LeaderElection6] INFO  grpc.GrpcConfigKeys$Server (ConfUtils.java:logGet(43)) - raft.grpc.server.leader.outstanding.appends.max = 128 (default)
2019-09-18 18:49:14,080 [dc0d5ec1-95c1-4bcb-8bd0-d9d25d2a0fca@group-9D191385FC9B:LeaderElection2] INFO  server.RaftServerConfigKeys (ConfUtils.java:logGet(43)) - raft.server.rpc.request.timeout = 3000ms (default)
2019-09-18 18:49:14,081 [dc0d5ec1-95c1-4bcb-8bd0-d9d25d2a0fca@group-8DFD2CA56B00:LeaderElection1] INFO  impl.RoleInfo (RoleInfo.java:updateAndGet(143)) - dc0d5ec1-95c1-4bcb-8bd0-d9d25d2a0fca: start LeaderState
2019-09-18 18:49:14,081 [dc0d5ec1-95c1-4bcb-8bd0-d9d25d2a0fca@group-57F14FEE508A:LeaderElection6] INFO  server.RaftServerConfigKeys (ConfUtils.java:logGet(43)) - raft.server.rpc.request.timeout = 3000ms (default)
2019-09-18 18:49:14,081 [dc0d5ec1-95c1-4bcb-8bd0-d9d25d2a0fca@group-4F3F8DFA46F6:LeaderElection3] INFO  impl.RoleInfo (RoleInfo.java:updateAndGet(143)) - dc0d5ec1-95c1-4bcb-8bd0-d9d25d2a0fca: start LeaderState
2019-09-18 18:49:14,081 [dc0d5ec1-95c1-4bcb-8bd0-d9d25d2a0fca@group-57F14FEE508A:LeaderElection6] INFO  server.RaftServerConfigKeys (ConfUtils.java:logGet(43)) - raft.server.log.appender.install.snapshot.enabled = false (custom)
2019-09-18 18:49:14,081 [dc0d5ec1-95c1-4bcb-8bd0-d9d25d2a0fca@group-9D191385FC9B:LeaderElection2] INFO  server.RaftServerConfigKeys (ConfUtils.java:logGet(43)) - raft.server.log.appender.install.snapshot.enabled = false (custom)
2019-09-18 18:49:14,081 [dc0d5ec1-95c1-4bcb-8bd0-d9d25d2a0fca@group-57F14FEE508A:LeaderElection6] INFO  impl.RoleInfo (RoleInfo.java:updateAndGet(143)) - dc0d5ec1-95c1-4bcb-8bd0-d9d25d2a0fca: start LeaderState
2019-09-18 18:49:14,081 [dc0d5ec1-95c1-4bcb-8bd0-d9d25d2a0fca@group-9D191385FC9B:LeaderElection2] INFO  impl.RoleInfo (RoleInfo.java:updateAndGet(143)) - dc0d5ec1-95c1-4bcb-8bd0-d9d25d2a0fca: start LeaderState
2019-09-18 18:49:14,090 [dc0d5ec1-95c1-4bcb-8bd0-d9d25d2a0fca@group-8DFD2CA56B00:LeaderElection1] INFO  segmented.SegmentedRaftLogWorker (SegmentedRaftLogWorker.java:startLogSegment(380)) - dc0d5ec1-95c1-4bcb-8bd0-d9d25d2a0fca@group-8DFD2CA56B00-SegmentedRaftLogWorker: Starting segment from index:0
2019-09-18 18:49:14,090 [dc0d5ec1-95c1-4bcb-8bd0-d9d25d2a0fca@group-9D191385FC9B:LeaderElection2] INFO  segmented.SegmentedRaftLogWorker (SegmentedRaftLogWorker.java:startLogSegment(380)) - dc0d5ec1-95c1-4bcb-8bd0-d9d25d2a0fca@group-9D191385FC9B-SegmentedRaftLogWorker: Starting segment from index:0
2019-09-18 18:49:14,090 [dc0d5ec1-95c1-4bcb-8bd0-d9d25d2a0fca@group-4F3F8DFA46F6:LeaderElection3] INFO  segmented.SegmentedRaftLogWorker (SegmentedRaftLogWorker.java:startLogSegment(380)) - dc0d5ec1-95c1-4bcb-8bd0-d9d25d2a0fca@group-4F3F8DFA46F6-SegmentedRaftLogWorker: Starting segment from index:0
2019-09-18 18:49:14,090 [1e2f870a-f5c7-4413-91e1-4bfb41ad17f1@group-317636E93C21:LeaderElection11] INFO  segmented.SegmentedRaftLogWorker (SegmentedRaftLogWorker.java:startLogSegment(380)) - 1e2f870a-f5c7-4413-91e1-4bfb41ad17f1@group-317636E93C21-SegmentedRaftLogWorker: Starting segment from index:0
2019-09-18 18:49:14,090 [dc0d5ec1-95c1-4bcb-8bd0-d9d25d2a0fca@group-57F14FEE508A:LeaderElection6] INFO  segmented.SegmentedRaftLogWorker (SegmentedRaftLogWorker.java:startLogSegment(380)) - dc0d5ec1-95c1-4bcb-8bd0-d9d25d2a0fca@group-57F14FEE508A-SegmentedRaftLogWorker: Starting segment from index:0
2019-09-18 18:49:14,090 [96db3275-9526-43dd-955b-5fb539e24efb@group-35AFD8ACCAD0:LeaderElection10] INFO  segmented.SegmentedRaftLogWorker (SegmentedRaftLogWorker.java:startLogSegment(380)) - 96db3275-9526-43dd-955b-5fb539e24efb@group-35AFD8ACCAD0-SegmentedRaftLogWorker: Starting segment from index:0
2019-09-18 18:49:14,099 [1e2f870a-f5c7-4413-91e1-4bfb41ad17f1@group-317636E93C21:LeaderElection11] INFO  impl.RaftServerImpl (ServerState.java:setRaftConf(354)) - 1e2f870a-f5c7-4413-91e1-4bfb41ad17f1@group-317636E93C21: set configuration 0: [1e2f870a-f5c7-4413-91e1-4bfb41ad17f1:192.168.5.155:46499], old=null at 0
2019-09-18 18:49:14,099 [96db3275-9526-43dd-955b-5fb539e24efb@group-35AFD8ACCAD0:LeaderElection10] INFO  impl.RaftServerImpl (ServerState.java:setRaftConf(354)) - 96db3275-9526-43dd-955b-5fb539e24efb@group-35AFD8ACCAD0: set configuration 0: [96db3275-9526-43dd-955b-5fb539e24efb:192.168.5.155:35901], old=null at 0
2019-09-18 18:49:14,100 [dc0d5ec1-95c1-4bcb-8bd0-d9d25d2a0fca@group-8DFD2CA56B00:LeaderElection1] INFO  impl.RaftServerImpl (ServerState.java:setRaftConf(354)) - dc0d5ec1-95c1-4bcb-8bd0-d9d25d2a0fca@group-8DFD2CA56B00: set configuration 0: [1e2f870a-f5c7-4413-91e1-4bfb41ad17f1:192.168.5.155:46499, 96db3275-9526-43dd-955b-5fb539e24efb:192.168.5.155:35901, dc0d5ec1-95c1-4bcb-8bd0-d9d25d2a0fca:192.168.5.155:37299], old=null at 0
2019-09-18 18:49:14,100 [dc0d5ec1-95c1-4bcb-8bd0-d9d25d2a0fca@group-9D191385FC9B:LeaderElection2] INFO  impl.RaftServerImpl (ServerState.java:setRaftConf(354)) - dc0d5ec1-95c1-4bcb-8bd0-d9d25d2a0fca@group-9D191385FC9B: set configuration 0: [1e2f870a-f5c7-4413-91e1-4bfb41ad17f1:192.168.5.155:46499, 96db3275-9526-43dd-955b-5fb539e24efb:192.168.5.155:35901, dc0d5ec1-95c1-4bcb-8bd0-d9d25d2a0fca:192.168.5.155:37299], old=null at 0
2019-09-18 18:49:14,100 [dc0d5ec1-95c1-4bcb-8bd0-d9d25d2a0fca@group-57F14FEE508A:LeaderElection6] INFO  impl.RaftServerImpl (ServerState.java:setRaftConf(354)) - dc0d5ec1-95c1-4bcb-8bd0-d9d25d2a0fca@group-57F14FEE508A: set configuration 0: [1e2f870a-f5c7-4413-91e1-4bfb41ad17f1:192.168.5.155:46499, 96db3275-9526-43dd-955b-5fb539e24efb:192.168.5.155:35901, dc0d5ec1-95c1-4bcb-8bd0-d9d25d2a0fca:192.168.5.155:37299], old=null at 0
2019-09-18 18:49:14,101 [dc0d5ec1-95c1-4bcb-8bd0-d9d25d2a0fca@group-4F3F8DFA46F6:LeaderElection3] INFO  impl.RaftServerImpl (ServerState.java:setRaftConf(354)) - dc0d5ec1-95c1-4bcb-8bd0-d9d25d2a0fca@group-4F3F8DFA46F6: set configuration 0: [1e2f870a-f5c7-4413-91e1-4bfb41ad17f1:192.168.5.155:46499, 96db3275-9526-43dd-955b-5fb539e24efb:192.168.5.155:35901, dc0d5ec1-95c1-4bcb-8bd0-d9d25d2a0fca:192.168.5.155:37299], old=null at 0
2019-09-18 18:49:14,129 [grpc-default-executor-0] INFO  impl.RaftServerImpl (ServerState.java:setLeader(253)) - 96db3275-9526-43dd-955b-5fb539e24efb@group-9D191385FC9B: change Leader from null to dc0d5ec1-95c1-4bcb-8bd0-d9d25d2a0fca at term 1 for appendEntries, leader elected after 5868ms
2019-09-18 18:49:14,129 [grpc-default-executor-1] INFO  impl.RaftServerImpl (ServerState.java:setLeader(253)) - 96db3275-9526-43dd-955b-5fb539e24efb@group-57F14FEE508A: change Leader from null to dc0d5ec1-95c1-4bcb-8bd0-d9d25d2a0fca at term 1 for appendEntries, leader elected after 5270ms
2019-09-18 18:49:14,129 [grpc-default-executor-9] INFO  impl.RaftServerImpl (ServerState.java:setLeader(253)) - 1e2f870a-f5c7-4413-91e1-4bfb41ad17f1@group-4F3F8DFA46F6: change Leader from null to dc0d5ec1-95c1-4bcb-8bd0-d9d25d2a0fca at term 1 for appendEntries, leader elected after 5350ms
2019-09-18 18:49:14,129 [grpc-default-executor-8] INFO  impl.RaftServerImpl (ServerState.java:setLeader(253)) - 96db3275-9526-43dd-955b-5fb539e24efb@group-4F3F8DFA46F6: change Leader from null to dc0d5ec1-95c1-4bcb-8bd0-d9d25d2a0fca at term 1 for appendEntries, leader elected after 5350ms
2019-09-18 18:49:14,129 [grpc-default-executor-4] INFO  impl.RaftServerImpl (ServerState.java:setLeader(253)) - 96db3275-9526-43dd-955b-5fb539e24efb@group-8DFD2CA56B00: change Leader from null to dc0d5ec1-95c1-4bcb-8bd0-d9d25d2a0fca at term 1 for appendEntries, leader elected after 5468ms
2019-09-18 18:49:14,129 [grpc-default-executor-7] INFO  impl.RaftServerImpl (ServerState.java:setLeader(253)) - 1e2f870a-f5c7-4413-91e1-4bfb41ad17f1@group-57F14FEE508A: change Leader from null to dc0d5ec1-95c1-4bcb-8bd0-d9d25d2a0fca at term 1 for appendEntries, leader elected after 5244ms
2019-09-18 18:49:14,129 [grpc-default-executor-3] INFO  impl.RaftServerImpl (ServerState.java:setLeader(253)) - 1e2f870a-f5c7-4413-91e1-4bfb41ad17f1@group-8DFD2CA56B00: change Leader from null to dc0d5ec1-95c1-4bcb-8bd0-d9d25d2a0fca at term 1 for appendEntries, leader elected after 5468ms
2019-09-18 18:49:14,129 [grpc-default-executor-6] INFO  impl.RaftServerImpl (ServerState.java:setLeader(253)) - 1e2f870a-f5c7-4413-91e1-4bfb41ad17f1@group-9D191385FC9B: change Leader from null to dc0d5ec1-95c1-4bcb-8bd0-d9d25d2a0fca at term 1 for appendEntries, leader elected after 5659ms
2019-09-18 18:49:14,159 [grpc-default-executor-3] INFO  impl.RaftServerImpl (ServerState.java:setRaftConf(354)) - 1e2f870a-f5c7-4413-91e1-4bfb41ad17f1@group-9D191385FC9B: set configuration 0: [1e2f870a-f5c7-4413-91e1-4bfb41ad17f1:192.168.5.155:46499, 96db3275-9526-43dd-955b-5fb539e24efb:192.168.5.155:35901, dc0d5ec1-95c1-4bcb-8bd0-d9d25d2a0fca:192.168.5.155:37299], old=null at 0
2019-09-18 18:49:14,159 [grpc-default-executor-6] INFO  impl.RaftServerImpl (ServerState.java:setRaftConf(354)) - 96db3275-9526-43dd-955b-5fb539e24efb@group-4F3F8DFA46F6: set configuration 0: [1e2f870a-f5c7-4413-91e1-4bfb41ad17f1:192.168.5.155:46499, 96db3275-9526-43dd-955b-5fb539e24efb:192.168.5.155:35901, dc0d5ec1-95c1-4bcb-8bd0-d9d25d2a0fca:192.168.5.155:37299], old=null at 0
2019-09-18 18:49:14,159 [grpc-default-executor-3] INFO  segmented.SegmentedRaftLogWorker (SegmentedRaftLogWorker.java:startLogSegment(380)) - 1e2f870a-f5c7-4413-91e1-4bfb41ad17f1@group-9D191385FC9B-SegmentedRaftLogWorker: Starting segment from index:0
2019-09-18 18:49:14,159 [grpc-default-executor-1] INFO  impl.RaftServerImpl (ServerState.java:setRaftConf(354)) - 96db3275-9526-43dd-955b-5fb539e24efb@group-57F14FEE508A: set configuration 0: [1e2f870a-f5c7-4413-91e1-4bfb41ad17f1:192.168.5.155:46499, 96db3275-9526-43dd-955b-5fb539e24efb:192.168.5.155:35901, dc0d5ec1-95c1-4bcb-8bd0-d9d25d2a0fca:192.168.5.155:37299], old=null at 0
2019-09-18 18:49:14,159 [grpc-default-executor-4] INFO  impl.RaftServerImpl (ServerState.java:setRaftConf(354)) - 1e2f870a-f5c7-4413-91e1-4bfb41ad17f1@group-4F3F8DFA46F6: set configuration 0: [1e2f870a-f5c7-4413-91e1-4bfb41ad17f1:192.168.5.155:46499, 96db3275-9526-43dd-955b-5fb539e24efb:192.168.5.155:35901, dc0d5ec1-95c1-4bcb-8bd0-d9d25d2a0fca:192.168.5.155:37299], old=null at 0
2019-09-18 18:49:14,159 [grpc-default-executor-9] INFO  impl.RaftServerImpl (ServerState.java:setRaftConf(354)) - 1e2f870a-f5c7-4413-91e1-4bfb41ad17f1@group-8DFD2CA56B00: set configuration 0: [1e2f870a-f5c7-4413-91e1-4bfb41ad17f1:192.168.5.155:46499, 96db3275-9526-43dd-955b-5fb539e24efb:192.168.5.155:35901, dc0d5ec1-95c1-4bcb-8bd0-d9d25d2a0fca:192.168.5.155:37299], old=null at 0
2019-09-18 18:49:14,159 [grpc-default-executor-8] INFO  impl.RaftServerImpl (ServerState.java:setRaftConf(354)) - 96db3275-9526-43dd-955b-5fb539e24efb@group-9D191385FC9B: set configuration 0: [1e2f870a-f5c7-4413-91e1-4bfb41ad17f1:192.168.5.155:46499, 96db3275-9526-43dd-955b-5fb539e24efb:192.168.5.155:35901, dc0d5ec1-95c1-4bcb-8bd0-d9d25d2a0fca:192.168.5.155:37299], old=null at 0
2019-09-18 18:49:14,159 [grpc-default-executor-7] INFO  impl.RaftServerImpl (ServerState.java:setRaftConf(354)) - 96db3275-9526-43dd-955b-5fb539e24efb@group-8DFD2CA56B00: set configuration 0: [1e2f870a-f5c7-4413-91e1-4bfb41ad17f1:192.168.5.155:46499, 96db3275-9526-43dd-955b-5fb539e24efb:192.168.5.155:35901, dc0d5ec1-95c1-4bcb-8bd0-d9d25d2a0fca:192.168.5.155:37299], old=null at 0
2019-09-18 18:49:14,159 [grpc-default-executor-0] INFO  impl.RaftServerImpl (ServerState.java:setRaftConf(354)) - 1e2f870a-f5c7-4413-91e1-4bfb41ad17f1@group-57F14FEE508A: set configuration 0: [1e2f870a-f5c7-4413-91e1-4bfb41ad17f1:192.168.5.155:46499, 96db3275-9526-43dd-955b-5fb539e24efb:192.168.5.155:35901, dc0d5ec1-95c1-4bcb-8bd0-d9d25d2a0fca:192.168.5.155:37299], old=null at 0
2019-09-18 18:49:14,161 [grpc-default-executor-7] INFO  segmented.SegmentedRaftLogWorker (SegmentedRaftLogWorker.java:startLogSegment(380)) - 96db3275-9526-43dd-955b-5fb539e24efb@group-8DFD2CA56B00-SegmentedRaftLogWorker: Starting segment from index:0
2019-09-18 18:49:14,160 [grpc-default-executor-8] INFO  segmented.SegmentedRaftLogWorker (SegmentedRaftLogWorker.java:startLogSegment(380)) - 96db3275-9526-43dd-955b-5fb539e24efb@group-9D191385FC9B-SegmentedRaftLogWorker: Starting segment from index:0
2019-09-18 18:49:14,160 [grpc-default-executor-9] INFO  segmented.SegmentedRaftLogWorker (SegmentedRaftLogWorker.java:startLogSegment(380)) - 1e2f870a-f5c7-4413-91e1-4bfb41ad17f1@group-8DFD2CA56B00-SegmentedRaftLogWorker: Starting segment from index:0
2019-09-18 18:49:14,160 [grpc-default-executor-4] INFO  segmented.SegmentedRaftLogWorker (SegmentedRaftLogWorker.java:startLogSegment(380)) - 1e2f870a-f5c7-4413-91e1-4bfb41ad17f1@group-4F3F8DFA46F6-SegmentedRaftLogWorker: Starting segment from index:0
2019-09-18 18:49:14,160 [grpc-default-executor-1] INFO  segmented.SegmentedRaftLogWorker (SegmentedRaftLogWorker.java:startLogSegment(380)) - 96db3275-9526-43dd-955b-5fb539e24efb@group-57F14FEE508A-SegmentedRaftLogWorker: Starting segment from index:0
2019-09-18 18:49:14,160 [grpc-default-executor-6] INFO  segmented.SegmentedRaftLogWorker (SegmentedRaftLogWorker.java:startLogSegment(380)) - 96db3275-9526-43dd-955b-5fb539e24efb@group-4F3F8DFA46F6-SegmentedRaftLogWorker: Starting segment from index:0
2019-09-18 18:49:14,161 [grpc-default-executor-0] INFO  segmented.SegmentedRaftLogWorker (SegmentedRaftLogWorker.java:startLogSegment(380)) - 1e2f870a-f5c7-4413-91e1-4bfb41ad17f1@group-57F14FEE508A-SegmentedRaftLogWorker: Starting segment from index:0
2019-09-18 18:49:14,316 [dc0d5ec1-95c1-4bcb-8bd0-d9d25d2a0fca@group-9D191385FC9B-SegmentedRaftLogWorker] INFO  segmented.SegmentedRaftLogWorker (SegmentedRaftLogWorker.java:execute(569)) - dc0d5ec1-95c1-4bcb-8bd0-d9d25d2a0fca@group-9D191385FC9B-SegmentedRaftLogWorker: created new log segment /workdir/hadoop-ozone/ozonefs/target/test-dir/MiniOzoneClusterImpl-73cf23c1-83a7-4206-ab66-ce25d85cfa2b/datanode-4/data/ratis/6ae9e5cd-b419-4c3b-bb2e-9d191385fc9b/current/log_inprogress_0
2019-09-18 18:49:14,316 [dc0d5ec1-95c1-4bcb-8bd0-d9d25d2a0fca@group-8DFD2CA56B00-SegmentedRaftLogWorker] INFO  segmented.SegmentedRaftLogWorker (SegmentedRaftLogWorker.java:execute(569)) - dc0d5ec1-95c1-4bcb-8bd0-d9d25d2a0fca@group-8DFD2CA56B00-SegmentedRaftLogWorker: created new log segment /workdir/hadoop-ozone/ozonefs/target/test-dir/MiniOzoneClusterImpl-73cf23c1-83a7-4206-ab66-ce25d85cfa2b/datanode-4/data/ratis/d63efcfa-c125-4440-9fc9-8dfd2ca56b00/current/log_inprogress_0
2019-09-18 18:49:14,316 [1e2f870a-f5c7-4413-91e1-4bfb41ad17f1@group-4F3F8DFA46F6-SegmentedRaftLogWorker] INFO  segmented.SegmentedRaftLogWorker (SegmentedRaftLogWorker.java:execute(569)) - 1e2f870a-f5c7-4413-91e1-4bfb41ad17f1@group-4F3F8DFA46F6-SegmentedRaftLogWorker: created new log segment /workdir/hadoop-ozone/ozonefs/target/test-dir/MiniOzoneClusterImpl-73cf23c1-83a7-4206-ab66-ce25d85cfa2b/datanode-0/data/ratis/ddd5add4-84d8-4a16-9250-4f3f8dfa46f6/current/log_inprogress_0
2019-09-18 18:49:14,316 [96db3275-9526-43dd-955b-5fb539e24efb@group-57F14FEE508A-SegmentedRaftLogWorker] INFO  segmented.SegmentedRaftLogWorker (SegmentedRaftLogWorker.java:execute(569)) - 96db3275-9526-43dd-955b-5fb539e24efb@group-57F14FEE508A-SegmentedRaftLogWorker: created new log segment /workdir/hadoop-ozone/ozonefs/target/test-dir/MiniOzoneClusterImpl-73cf23c1-83a7-4206-ab66-ce25d85cfa2b/datanode-1/data/ratis/8fedd100-fa2f-4203-929c-57f14fee508a/current/log_inprogress_0
2019-09-18 18:49:14,316 [dc0d5ec1-95c1-4bcb-8bd0-d9d25d2a0fca@group-4F3F8DFA46F6-SegmentedRaftLogWorker] INFO  segmented.SegmentedRaftLogWorker (SegmentedRaftLogWorker.java:execute(569)) - dc0d5ec1-95c1-4bcb-8bd0-d9d25d2a0fca@group-4F3F8DFA46F6-SegmentedRaftLogWorker: created new log segment /workdir/hadoop-ozone/ozonefs/target/test-dir/MiniOzoneClusterImpl-73cf23c1-83a7-4206-ab66-ce25d85cfa2b/datanode-4/data/ratis/ddd5add4-84d8-4a16-9250-4f3f8dfa46f6/current/log_inprogress_0
2019-09-18 18:49:14,316 [96db3275-9526-43dd-955b-5fb539e24efb@group-9D191385FC9B-SegmentedRaftLogWorker] INFO  segmented.SegmentedRaftLogWorker (SegmentedRaftLogWorker.java:execute(569)) - 96db3275-9526-43dd-955b-5fb539e24efb@group-9D191385FC9B-SegmentedRaftLogWorker: created new log segment /workdir/hadoop-ozone/ozonefs/target/test-dir/MiniOzoneClusterImpl-73cf23c1-83a7-4206-ab66-ce25d85cfa2b/datanode-1/data/ratis/6ae9e5cd-b419-4c3b-bb2e-9d191385fc9b/current/log_inprogress_0
2019-09-18 18:49:14,316 [96db3275-9526-43dd-955b-5fb539e24efb@group-4F3F8DFA46F6-SegmentedRaftLogWorker] INFO  segmented.SegmentedRaftLogWorker (SegmentedRaftLogWorker.java:execute(569)) - 96db3275-9526-43dd-955b-5fb539e24efb@group-4F3F8DFA46F6-SegmentedRaftLogWorker: created new log segment /workdir/hadoop-ozone/ozonefs/target/test-dir/MiniOzoneClusterImpl-73cf23c1-83a7-4206-ab66-ce25d85cfa2b/datanode-1/data/ratis/ddd5add4-84d8-4a16-9250-4f3f8dfa46f6/current/log_inprogress_0
2019-09-18 18:49:14,316 [1e2f870a-f5c7-4413-91e1-4bfb41ad17f1@group-9D191385FC9B-SegmentedRaftLogWorker] INFO  segmented.SegmentedRaftLogWorker (SegmentedRaftLogWorker.java:execute(569)) - 1e2f870a-f5c7-4413-91e1-4bfb41ad17f1@group-9D191385FC9B-SegmentedRaftLogWorker: created new log segment /workdir/hadoop-ozone/ozonefs/target/test-dir/MiniOzoneClusterImpl-73cf23c1-83a7-4206-ab66-ce25d85cfa2b/datanode-0/data/ratis/6ae9e5cd-b419-4c3b-bb2e-9d191385fc9b/current/log_inprogress_0
2019-09-18 18:49:14,316 [1e2f870a-f5c7-4413-91e1-4bfb41ad17f1@group-317636E93C21-SegmentedRaftLogWorker] INFO  segmented.SegmentedRaftLogWorker (SegmentedRaftLogWorker.java:execute(569)) - 1e2f870a-f5c7-4413-91e1-4bfb41ad17f1@group-317636E93C21-SegmentedRaftLogWorker: created new log segment /workdir/hadoop-ozone/ozonefs/target/test-dir/MiniOzoneClusterImpl-73cf23c1-83a7-4206-ab66-ce25d85cfa2b/datanode-0/data/ratis/c866dba7-faed-4188-a2d3-317636e93c21/current/log_inprogress_0
2019-09-18 18:49:14,316 [1e2f870a-f5c7-4413-91e1-4bfb41ad17f1@group-57F14FEE508A-SegmentedRaftLogWorker] INFO  segmented.SegmentedRaftLogWorker (SegmentedRaftLogWorker.java:execute(569)) - 1e2f870a-f5c7-4413-91e1-4bfb41ad17f1@group-57F14FEE508A-SegmentedRaftLogWorker: created new log segment /workdir/hadoop-ozone/ozonefs/target/test-dir/MiniOzoneClusterImpl-73cf23c1-83a7-4206-ab66-ce25d85cfa2b/datanode-0/data/ratis/8fedd100-fa2f-4203-929c-57f14fee508a/current/log_inprogress_0
2019-09-18 18:49:14,316 [96db3275-9526-43dd-955b-5fb539e24efb@group-35AFD8ACCAD0-SegmentedRaftLogWorker] INFO  segmented.SegmentedRaftLogWorker (SegmentedRaftLogWorker.java:execute(569)) - 96db3275-9526-43dd-955b-5fb539e24efb@group-35AFD8ACCAD0-SegmentedRaftLogWorker: created new log segment /workdir/hadoop-ozone/ozonefs/target/test-dir/MiniOzoneClusterImpl-73cf23c1-83a7-4206-ab66-ce25d85cfa2b/datanode-1/data/ratis/672518dc-dd82-4068-bd6c-35afd8accad0/current/log_inprogress_0
2019-09-18 18:49:14,316 [96db3275-9526-43dd-955b-5fb539e24efb@group-8DFD2CA56B00-SegmentedRaftLogWorker] INFO  segmented.SegmentedRaftLogWorker (SegmentedRaftLogWorker.java:execute(569)) - 96db3275-9526-43dd-955b-5fb539e24efb@group-8DFD2CA56B00-SegmentedRaftLogWorker: created new log segment /workdir/hadoop-ozone/ozonefs/target/test-dir/MiniOzoneClusterImpl-73cf23c1-83a7-4206-ab66-ce25d85cfa2b/datanode-1/data/ratis/d63efcfa-c125-4440-9fc9-8dfd2ca56b00/current/log_inprogress_0
2019-09-18 18:49:14,316 [dc0d5ec1-95c1-4bcb-8bd0-d9d25d2a0fca@group-57F14FEE508A-SegmentedRaftLogWorker] INFO  segmented.SegmentedRaftLogWorker (SegmentedRaftLogWorker.java:execute(569)) - dc0d5ec1-95c1-4bcb-8bd0-d9d25d2a0fca@group-57F14FEE508A-SegmentedRaftLogWorker: created new log segment /workdir/hadoop-ozone/ozonefs/target/test-dir/MiniOzoneClusterImpl-73cf23c1-83a7-4206-ab66-ce25d85cfa2b/datanode-4/data/ratis/8fedd100-fa2f-4203-929c-57f14fee508a/current/log_inprogress_0
2019-09-18 18:49:14,316 [1e2f870a-f5c7-4413-91e1-4bfb41ad17f1@group-8DFD2CA56B00-SegmentedRaftLogWorker] INFO  segmented.SegmentedRaftLogWorker (SegmentedRaftLogWorker.java:execute(569)) - 1e2f870a-f5c7-4413-91e1-4bfb41ad17f1@group-8DFD2CA56B00-SegmentedRaftLogWorker: created new log segment /workdir/hadoop-ozone/ozonefs/target/test-dir/MiniOzoneClusterImpl-73cf23c1-83a7-4206-ab66-ce25d85cfa2b/datanode-0/data/ratis/d63efcfa-c125-4440-9fc9-8dfd2ca56b00/current/log_inprogress_0
18:49:15.497 [IPC Server handler 17 on 37253] ERROR OMAudit - user=jenkins1000 | ip=127.0.0.1 | op=GET_FILE_STATUS {volume=volume11940, bucket=bucket41107, key=test/testCreatedFileIsVisibleOnFlush, dataSize=0, replicationType=null, replicationFactor=null, keyLocationInfo=null} | ret=FAILURE
org.apache.hadoop.ozone.om.exceptions.OMException: Unable to get file status: volume: volume11940 bucket: bucket41107 key: test/testCreatedFileIsVisibleOnFlush
	at org.apache.hadoop.ozone.om.KeyManagerImpl.getFileStatus(KeyManagerImpl.java:1682) ~[hadoop-ozone-ozone-manager-0.5.0-SNAPSHOT.jar:?]
	at org.apache.hadoop.ozone.om.OzoneManager.getFileStatus(OzoneManager.java:2853) [hadoop-ozone-ozone-manager-0.5.0-SNAPSHOT.jar:?]
	at org.apache.hadoop.ozone.protocolPB.OzoneManagerRequestHandler.getOzoneFileStatus(OzoneManagerRequestHandler.java:1012) [hadoop-ozone-ozone-manager-0.5.0-SNAPSHOT.jar:?]
	at org.apache.hadoop.ozone.protocolPB.OzoneManagerRequestHandler.handle(OzoneManagerRequestHandler.java:332) [hadoop-ozone-ozone-manager-0.5.0-SNAPSHOT.jar:?]
	at org.apache.hadoop.ozone.protocolPB.OzoneManagerProtocolServerSideTranslatorPB.submitRequestDirectlyToOM(OzoneManagerProtocolServerSideTranslatorPB.java:233) [hadoop-ozone-ozone-manager-0.5.0-SNAPSHOT.jar:?]
	at org.apache.hadoop.ozone.protocolPB.OzoneManagerProtocolServerSideTranslatorPB.processRequest(OzoneManagerProtocolServerSideTranslatorPB.java:157) [hadoop-ozone-ozone-manager-0.5.0-SNAPSHOT.jar:?]
	at org.apache.hadoop.ozone.protocolPB.OzoneManagerProtocolServerSideTranslatorPB.submitRequest(OzoneManagerProtocolServerSideTranslatorPB.java:111) [hadoop-ozone-ozone-manager-0.5.0-SNAPSHOT.jar:?]
	at org.apache.hadoop.ozone.protocol.proto.OzoneManagerProtocolProtos$OzoneManagerService$2.callBlockingMethod(OzoneManagerProtocolProtos.java) [hadoop-ozone-common-0.5.0-SNAPSHOT.jar:?]
	at org.apache.hadoop.ipc.ProtobufRpcEngine$Server$ProtoBufRpcInvoker.call(ProtobufRpcEngine.java:524) [hadoop-common-3.2.0.jar:?]
	at org.apache.hadoop.ipc.RPC$Server.call(RPC.java:1025) [hadoop-common-3.2.0.jar:?]
	at org.apache.hadoop.ipc.Server$RpcCall.run(Server.java:876) [hadoop-common-3.2.0.jar:?]
	at org.apache.hadoop.ipc.Server$RpcCall.run(Server.java:822) [hadoop-common-3.2.0.jar:?]
	at java.security.AccessController.doPrivileged(Native Method) [?:1.8.0_212]
	at javax.security.auth.Subject.doAs(Subject.java:422) [?:1.8.0_212]
	at org.apache.hadoop.security.UserGroupInformation.doAs(UserGroupInformation.java:1730) [hadoop-common-3.2.0.jar:?]
	at org.apache.hadoop.ipc.Server$Handler.run(Server.java:2682) [hadoop-common-3.2.0.jar:?]
2019-09-18 18:49:15,499 [Thread-276] INFO  contract.ContractTestUtils (ContractTestUtils.java:skip(521)) - Skipping: For object store or some file systems, newly created files are not immediately visible
]]></system-out>
  </testcase>
  <testcase name="testOverwriteEmptyDirectory" classname="org.apache.hadoop.fs.ozone.contract.ITestOzoneContractCreate" time="0.138"/>
  <testcase name="testCreateFileOverExistingFileNoOverwrite" classname="org.apache.hadoop.fs.ozone.contract.ITestOzoneContractCreate" time="0.652"/>
  <testcase name="testFileStatusBlocksizeNonEmptyFile" classname="org.apache.hadoop.fs.ozone.contract.ITestOzoneContractCreate" time="0.513"/>
  <testcase name="testCreatedFileIsEventuallyVisible" classname="org.apache.hadoop.fs.ozone.contract.ITestOzoneContractCreate" time="0.496"/>
  <testcase name="testOverwriteExistingFile" classname="org.apache.hadoop.fs.ozone.contract.ITestOzoneContractCreate" time="0.663"/>
  <testcase name="testCreateNewFile" classname="org.apache.hadoop.fs.ozone.contract.ITestOzoneContractCreate" time="0.314"/>
</testsuite>