<?xml version="1.0" encoding="UTF-8"?>
<testsuite xmlns:xsi="http://www.w3.org/2001/XMLSchema-instance" xsi:noNamespaceSchemaLocation="https://maven.apache.org/surefire/maven-surefire-plugin/xsd/surefire-test-report.xsd" name="org.apache.hadoop.ozone.client.rpc.TestBlockOutputStreamWithFailures" time="691.309" tests="8" errors="0" skipped="0" failures="3">
  <properties>
    <property name="awt.toolkit" value="sun.awt.X11.XToolkit"/>
    <property name="file.encoding.pkg" value="sun.io"/>
    <property name="java.specification.version" value="1.8"/>
    <property name="sun.cpu.isalist" value=""/>
    <property name="sun.jnu.encoding" value="UTF-8"/>
    <property name="java.class.path" value="/workdir/hadoop-ozone/integration-test/target/test-classes:/workdir/hadoop-ozone/integration-test/target/classes:/home/user/.m2/repository/org/apache/hadoop/hadoop-ozone-common/0.5.0-SNAPSHOT/hadoop-ozone-common-0.5.0-SNAPSHOT.jar:/home/user/.m2/repository/org/apache/commons/commons-compress/1.4.1/commons-compress-1.4.1.jar:/home/user/.m2/repository/org/tukaani/xz/1.0/xz-1.0.jar:/home/user/.m2/repository/org/apache/hadoop/hadoop-common/3.2.0/hadoop-common-3.2.0.jar:/home/user/.m2/repository/org/apache/hadoop/hadoop-hdfs/3.2.0/hadoop-hdfs-3.2.0.jar:/home/user/.m2/repository/org/apache/hadoop/hadoop-hdfs-client/3.2.0/hadoop-hdfs-client-3.2.0.jar:/home/user/.m2/repository/com/fasterxml/jackson/core/jackson-annotations/2.9.9/jackson-annotations-2.9.9.jar:/home/user/.m2/repository/org/apache/hadoop/hadoop-hdds-common/0.5.0-SNAPSHOT/hadoop-hdds-common-0.5.0-SNAPSHOT.jar:/home/user/.m2/repository/javax/annotation/javax.annotation-api/1.2/javax.annotation-api-1.2.jar:/home/user/.m2/repository/org/apache/ratis/ratis-server/0.4.0/ratis-server-0.4.0.jar:/home/user/.m2/repository/org/apache/ratis/ratis-thirdparty-misc/0.2.0/ratis-thirdparty-misc-0.2.0.jar:/home/user/.m2/repository/org/apache/ratis/ratis-proto/0.4.0/ratis-proto-0.4.0.jar:/home/user/.m2/repository/org/apache/ratis/ratis-common/0.4.0/ratis-common-0.4.0.jar:/home/user/.m2/repository/org/apache/ratis/ratis-client/0.4.0/ratis-client-0.4.0.jar:/home/user/.m2/repository/org/apache/ratis/ratis-metrics/0.4.0/ratis-metrics-0.4.0.jar:/home/user/.m2/repository/com/github/joshelser/dropwizard-metrics-hadoop-metrics2-reporter/0.1.2/dropwizard-metrics-hadoop-metrics2-reporter-0.1.2.jar:/home/user/.m2/repository/io/dropwizard/metrics/metrics-jvm/3.2.5/metrics-jvm-3.2.5.jar:/home/user/.m2/repository/io/dropwizard/metrics/metrics-ganglia/3.2.5/metrics-ganglia-3.2.5.jar:/home/user/.m2/repository/info/ganglia/gmetric4j/gmetric4j/1.0.7/gmetric4j-1.0.7.jar:/home/user/.m2/repository/org/apache/ratis/ratis-netty/0.4.0/ratis-netty-0.4.0.jar:/home/user/.m2/repository/org/apache/ratis/ratis-grpc/0.4.0/ratis-grpc-0.4.0.jar:/home/user/.m2/repository/org/rocksdb/rocksdbjni/6.0.1/rocksdbjni-6.0.1.jar:/home/user/.m2/repository/org/apache/logging/log4j/log4j-api/2.11.0/log4j-api-2.11.0.jar:/home/user/.m2/repository/org/apache/logging/log4j/log4j-core/2.11.0/log4j-core-2.11.0.jar:/home/user/.m2/repository/com/lmax/disruptor/3.4.2/disruptor-3.4.2.jar:/home/user/.m2/repository/org/apache/commons/commons-pool2/2.6.0/commons-pool2-2.6.0.jar:/home/user/.m2/repository/org/bouncycastle/bcpkix-jdk15on/1.60/bcpkix-jdk15on-1.60.jar:/home/user/.m2/repository/commons-validator/commons-validator/1.6/commons-validator-1.6.jar:/home/user/.m2/repository/commons-digester/commons-digester/1.8.1/commons-digester-1.8.1.jar:/home/user/.m2/repository/io/jaegertracing/jaeger-client/0.33.1/jaeger-client-0.33.1.jar:/home/user/.m2/repository/io/jaegertracing/jaeger-thrift/0.33.1/jaeger-thrift-0.33.1.jar:/home/user/.m2/repository/org/apache/thrift/libthrift/0.11.0/libthrift-0.11.0.jar:/home/user/.m2/repository/com/squareup/okhttp3/okhttp/3.9.0/okhttp-3.9.0.jar:/home/user/.m2/repository/com/squareup/okio/okio/1.13.0/okio-1.13.0.jar:/home/user/.m2/repository/io/jaegertracing/jaeger-core/0.33.1/jaeger-core-0.33.1.jar:/home/user/.m2/repository/io/jaegertracing/jaeger-tracerresolver/0.33.1/jaeger-tracerresolver-0.33.1.jar:/home/user/.m2/repository/io/opentracing/contrib/opentracing-tracerresolver/0.1.5/opentracing-tracerresolver-0.1.5.jar:/home/user/.m2/repository/io/opentracing/opentracing-util/0.31.0/opentracing-util-0.31.0.jar:/home/user/.m2/repository/io/opentracing/opentracing-api/0.31.0/opentracing-api-0.31.0.jar:/home/user/.m2/repository/io/opentracing/opentracing-noop/0.31.0/opentracing-noop-0.31.0.jar:/home/user/.m2/repository/org/apache/hadoop/hadoop-hdds-server-framework/0.5.0-SNAPSHOT/hadoop-hdds-server-framework-0.5.0-SNAPSHOT.jar:/home/user/.m2/repository/org/apache/hadoop/hadoop-hdds-container-service/0.5.0-SNAPSHOT/hadoop-hdds-container-service-0.5.0-SNAPSHOT.jar:/home/user/.m2/repository/org/apache/hadoop/hadoop-hdds-client/0.5.0-SNAPSHOT/hadoop-hdds-client-0.5.0-SNAPSHOT.jar:/home/user/.m2/repository/org/apache/hadoop/hadoop-hdds-tools/0.5.0-SNAPSHOT/hadoop-hdds-tools-0.5.0-SNAPSHOT.jar:/home/user/.m2/repository/org/apache/hadoop/hadoop-hdds-server-scm/0.5.0-SNAPSHOT/hadoop-hdds-server-scm-0.5.0-SNAPSHOT.jar:/home/user/.m2/repository/org/apache/hadoop/hadoop-hdds-docs/0.5.0-SNAPSHOT/hadoop-hdds-docs-0.5.0-SNAPSHOT.jar:/home/user/.m2/repository/io/dropwizard/metrics/metrics-core/3.2.4/metrics-core-3.2.4.jar:/home/user/.m2/repository/org/hamcrest/hamcrest-all/1.3/hamcrest-all-1.3.jar:/home/user/.m2/repository/org/bouncycastle/bcprov-jdk15on/1.60/bcprov-jdk15on-1.60.jar:/home/user/.m2/repository/info/picocli/picocli/3.9.6/picocli-3.9.6.jar:/home/user/.m2/repository/com/google/protobuf/protobuf-java/2.5.0/protobuf-java-2.5.0.jar:/home/user/.m2/repository/com/google/guava/guava/11.0.2/guava-11.0.2.jar:/home/user/.m2/repository/org/apache/hadoop/hadoop-ozone-ozone-manager/0.5.0-SNAPSHOT/hadoop-ozone-ozone-manager-0.5.0-SNAPSHOT.jar:/home/user/.m2/repository/org/apache/hadoop/hadoop-minikdc/3.2.0/hadoop-minikdc-3.2.0.jar:/home/user/.m2/repository/commons-io/commons-io/2.5/commons-io-2.5.jar:/home/user/.m2/repository/org/apache/kerby/kerb-simplekdc/1.0.1/kerb-simplekdc-1.0.1.jar:/home/user/.m2/repository/org/apache/kerby/kerb-client/1.0.1/kerb-client-1.0.1.jar:/home/user/.m2/repository/org/apache/kerby/kerby-config/1.0.1/kerby-config-1.0.1.jar:/home/user/.m2/repository/org/apache/kerby/kerb-core/1.0.1/kerb-core-1.0.1.jar:/home/user/.m2/repository/org/apache/kerby/kerby-pkix/1.0.1/kerby-pkix-1.0.1.jar:/home/user/.m2/repository/org/apache/kerby/kerby-asn1/1.0.1/kerby-asn1-1.0.1.jar:/home/user/.m2/repository/org/apache/kerby/kerby-util/1.0.1/kerby-util-1.0.1.jar:/home/user/.m2/repository/org/apache/kerby/kerb-common/1.0.1/kerb-common-1.0.1.jar:/home/user/.m2/repository/org/apache/kerby/kerb-crypto/1.0.1/kerb-crypto-1.0.1.jar:/home/user/.m2/repository/org/apache/kerby/kerb-util/1.0.1/kerb-util-1.0.1.jar:/home/user/.m2/repository/org/apache/kerby/token-provider/1.0.1/token-provider-1.0.1.jar:/home/user/.m2/repository/org/apache/kerby/kerb-admin/1.0.1/kerb-admin-1.0.1.jar:/home/user/.m2/repository/org/apache/kerby/kerb-server/1.0.1/kerb-server-1.0.1.jar:/home/user/.m2/repository/org/apache/kerby/kerb-identity/1.0.1/kerb-identity-1.0.1.jar:/home/user/.m2/repository/org/apache/kerby/kerby-xdr/1.0.1/kerby-xdr-1.0.1.jar:/home/user/.m2/repository/org/slf4j/slf4j-log4j12/1.7.25/slf4j-log4j12-1.7.25.jar:/home/user/.m2/repository/org/apache/hadoop/hadoop-ozone-s3gateway/0.5.0-SNAPSHOT/hadoop-ozone-s3gateway-0.5.0-SNAPSHOT.jar:/home/user/.m2/repository/org/jboss/weld/servlet/weld-servlet/2.4.7.Final/weld-servlet-2.4.7.Final.jar:/home/user/.m2/repository/org/glassfish/jersey/containers/jersey-container-servlet-core/2.27/jersey-container-servlet-core-2.27.jar:/home/user/.m2/repository/org/glassfish/hk2/external/javax.inject/2.5.0-b42/javax.inject-2.5.0-b42.jar:/home/user/.m2/repository/org/glassfish/jersey/core/jersey-common/2.27/jersey-common-2.27.jar:/home/user/.m2/repository/org/glassfish/hk2/osgi-resource-locator/1.0.1/osgi-resource-locator-1.0.1.jar:/home/user/.m2/repository/javax/ws/rs/javax.ws.rs-api/2.1/javax.ws.rs-api-2.1.jar:/home/user/.m2/repository/org/glassfish/jersey/ext/cdi/jersey-cdi1x/2.27/jersey-cdi1x-2.27.jar:/home/user/.m2/repository/org/glassfish/jersey/inject/jersey-hk2/2.27/jersey-hk2-2.27.jar:/home/user/.m2/repository/org/glassfish/hk2/hk2-locator/2.5.0-b42/hk2-locator-2.5.0-b42.jar:/home/user/.m2/repository/org/javassist/javassist/3.22.0-CR2/javassist-3.22.0-CR2.jar:/home/user/.m2/repository/org/glassfish/hk2/hk2-api/2.5.0/hk2-api-2.5.0.jar:/home/user/.m2/repository/org/glassfish/hk2/external/jakarta.inject/2.5.0/jakarta.inject-2.5.0.jar:/home/user/.m2/repository/org/glassfish/hk2/hk2-utils/2.5.0/hk2-utils-2.5.0.jar:/home/user/.m2/repository/jakarta/annotation/jakarta.annotation-api/1.3.4/jakarta.annotation-api-1.3.4.jar:/home/user/.m2/repository/org/glassfish/hk2/external/aopalliance-repackaged/2.5.0/aopalliance-repackaged-2.5.0.jar:/home/user/.m2/repository/com/fasterxml/jackson/dataformat/jackson-dataformat-xml/2.9.0/jackson-dataformat-xml-2.9.0.jar:/home/user/.m2/repository/com/fasterxml/jackson/core/jackson-core/2.9.9/jackson-core-2.9.9.jar:/home/user/.m2/repository/com/fasterxml/jackson/module/jackson-module-jaxb-annotations/2.9.9/jackson-module-jaxb-annotations-2.9.9.jar:/home/user/.m2/repository/javax/enterprise/cdi-api/1.2/cdi-api-1.2.jar:/home/user/.m2/repository/javax/el/javax.el-api/3.0.0/javax.el-api-3.0.0.jar:/home/user/.m2/repository/javax/interceptor/javax.interceptor-api/1.2/javax.interceptor-api-1.2.jar:/home/user/.m2/repository/javax/inject/javax.inject/1/javax.inject-1.jar:/home/user/.m2/repository/com/sun/xml/bind/jaxb-impl/2.3.0.1/jaxb-impl-2.3.0.1.jar:/home/user/.m2/repository/com/sun/xml/bind/jaxb-core/2.3.0.1/jaxb-core-2.3.0.1.jar:/home/user/.m2/repository/javax/xml/bind/jaxb-api/2.3.0/jaxb-api-2.3.0.jar:/home/user/.m2/repository/javax/activation/activation/1.1.1/activation-1.1.1.jar:/home/user/.m2/repository/org/apache/hadoop/hadoop-ozone-csi/0.5.0-SNAPSHOT/hadoop-ozone-csi-0.5.0-SNAPSHOT.jar:/home/user/.m2/repository/com/google/protobuf/protobuf-java-util/3.5.1/protobuf-java-util-3.5.1.jar:/home/user/.m2/repository/org/apache/hadoop/hadoop-hdds-config/0.5.0-SNAPSHOT/hadoop-hdds-config-0.5.0-SNAPSHOT.jar:/home/user/.m2/repository/io/grpc/grpc-netty/1.17.1/grpc-netty-1.17.1.jar:/home/user/.m2/repository/io/grpc/grpc-core/1.17.1/grpc-core-1.17.1.jar:/home/user/.m2/repository/io/grpc/grpc-context/1.17.1/grpc-context-1.17.1.jar:/home/user/.m2/repository/com/google/errorprone/error_prone_annotations/2.2.0/error_prone_annotations-2.2.0.jar:/home/user/.m2/repository/org/codehaus/mojo/animal-sniffer-annotations/1.17/animal-sniffer-annotations-1.17.jar:/home/user/.m2/repository/io/opencensus/opencensus-api/0.17.0/opencensus-api-0.17.0.jar:/home/user/.m2/repository/io/opencensus/opencensus-contrib-grpc-metrics/0.17.0/opencensus-contrib-grpc-metrics-0.17.0.jar:/home/user/.m2/repository/io/netty/netty-codec-http2/4.1.30.Final/netty-codec-http2-4.1.30.Final.jar:/home/user/.m2/repository/io/netty/netty-codec-http/4.1.30.Final/netty-codec-http-4.1.30.Final.jar:/home/user/.m2/repository/io/netty/netty-codec/4.1.30.Final/netty-codec-4.1.30.Final.jar:/home/user/.m2/repository/io/netty/netty-handler/4.1.30.Final/netty-handler-4.1.30.Final.jar:/home/user/.m2/repository/io/netty/netty-handler-proxy/4.1.30.Final/netty-handler-proxy-4.1.30.Final.jar:/home/user/.m2/repository/io/netty/netty-codec-socks/4.1.30.Final/netty-codec-socks-4.1.30.Final.jar:/home/user/.m2/repository/io/netty/netty-transport-native-epoll/4.1.30.Final/netty-transport-native-epoll-4.1.30.Final.jar:/home/user/.m2/repository/io/netty/netty-common/4.1.30.Final/netty-common-4.1.30.Final.jar:/home/user/.m2/repository/io/netty/netty-buffer/4.1.30.Final/netty-buffer-4.1.30.Final.jar:/home/user/.m2/repository/io/netty/netty-transport/4.1.30.Final/netty-transport-4.1.30.Final.jar:/home/user/.m2/repository/io/netty/netty-resolver/4.1.30.Final/netty-resolver-4.1.30.Final.jar:/home/user/.m2/repository/io/netty/netty-transport-native-unix-common/4.1.30.Final/netty-transport-native-unix-common-4.1.30.Final.jar:/home/user/.m2/repository/io/grpc/grpc-protobuf/1.17.1/grpc-protobuf-1.17.1.jar:/home/user/.m2/repository/com/google/api/grpc/proto-google-common-protos/1.0.0/proto-google-common-protos-1.0.0.jar:/home/user/.m2/repository/io/grpc/grpc-protobuf-lite/1.17.1/grpc-protobuf-lite-1.17.1.jar:/home/user/.m2/repository/io/grpc/grpc-stub/1.17.1/grpc-stub-1.17.1.jar:/home/user/.m2/repository/org/apache/hadoop/hadoop-ozone-recon/0.5.0-SNAPSHOT/hadoop-ozone-recon-0.5.0-SNAPSHOT.jar:/home/user/.m2/repository/org/apache/hadoop/hadoop-ozone-reconcodegen/0.5.0-SNAPSHOT/hadoop-ozone-reconcodegen-0.5.0-SNAPSHOT.jar:/home/user/.m2/repository/com/google/inject/extensions/guice-multibindings/4.0/guice-multibindings-4.0.jar:/home/user/.m2/repository/com/google/inject/guice/4.0/guice-4.0.jar:/home/user/.m2/repository/aopalliance/aopalliance/1.0/aopalliance-1.0.jar:/home/user/.m2/repository/com/google/inject/extensions/guice-servlet/4.0/guice-servlet-4.0.jar:/home/user/.m2/repository/org/glassfish/jersey/containers/jersey-container-servlet/2.27/jersey-container-servlet-2.27.jar:/home/user/.m2/repository/org/glassfish/hk2/guice-bridge/2.5.0/guice-bridge-2.5.0.jar:/home/user/.m2/repository/org/glassfish/jersey/core/jersey-server/2.27/jersey-server-2.27.jar:/home/user/.m2/repository/org/glassfish/jersey/core/jersey-client/2.27/jersey-client-2.27.jar:/home/user/.m2/repository/org/glassfish/jersey/media/jersey-media-jaxb/2.27/jersey-media-jaxb-2.27.jar:/home/user/.m2/repository/javax/validation/validation-api/1.1.0.Final/validation-api-1.1.0.Final.jar:/home/user/.m2/repository/org/glassfish/jersey/media/jersey-media-json-jackson/2.27/jersey-media-json-jackson-2.27.jar:/home/user/.m2/repository/org/glassfish/jersey/ext/jersey-entity-filtering/2.27/jersey-entity-filtering-2.27.jar:/home/user/.m2/repository/com/google/inject/extensions/guice-assistedinject/4.0/guice-assistedinject-4.0.jar:/home/user/.m2/repository/org/jooq/jooq/3.11.10/jooq-3.11.10.jar:/home/user/.m2/repository/org/jooq/jooq-meta/3.11.10/jooq-meta-3.11.10.jar:/home/user/.m2/repository/org/jooq/jooq-codegen/3.11.10/jooq-codegen-3.11.10.jar:/home/user/.m2/repository/com/jolbox/bonecp/0.8.0.RELEASE/bonecp-0.8.0.RELEASE.jar:/home/user/.m2/repository/org/xerial/sqlite-jdbc/3.25.2/sqlite-jdbc-3.25.2.jar:/home/user/.m2/repository/org/springframework/spring-jdbc/5.1.3.RELEASE/spring-jdbc-5.1.3.RELEASE.jar:/home/user/.m2/repository/org/springframework/spring-beans/5.1.3.RELEASE/spring-beans-5.1.3.RELEASE.jar:/home/user/.m2/repository/org/springframework/spring-core/5.1.3.RELEASE/spring-core-5.1.3.RELEASE.jar:/home/user/.m2/repository/org/springframework/spring-jcl/5.1.3.RELEASE/spring-jcl-5.1.3.RELEASE.jar:/home/user/.m2/repository/org/springframework/spring-tx/5.1.3.RELEASE/spring-tx-5.1.3.RELEASE.jar:/home/user/.m2/repository/org/apache/hadoop/hadoop-ozone-client/0.5.0-SNAPSHOT/hadoop-ozone-client-0.5.0-SNAPSHOT.jar:/home/user/.m2/repository/commons-lang/commons-lang/2.6/commons-lang-2.6.jar:/home/user/.m2/repository/org/apache/hadoop/hadoop-ozone-ozone-manager/0.5.0-SNAPSHOT/hadoop-ozone-ozone-manager-0.5.0-SNAPSHOT-tests.jar:/home/user/.m2/repository/junit/junit/4.11/junit-4.11.jar:/home/user/.m2/repository/org/hamcrest/hamcrest-core/1.3/hamcrest-core-1.3.jar:/home/user/.m2/repository/org/openjdk/jmh/jmh-core/1.19/jmh-core-1.19.jar:/home/user/.m2/repository/net/sf/jopt-simple/jopt-simple/4.6/jopt-simple-4.6.jar:/home/user/.m2/repository/org/apache/commons/commons-math3/3.1.1/commons-math3-3.1.1.jar:/home/user/.m2/repository/org/openjdk/jmh/jmh-generator-annprocess/1.19/jmh-generator-annprocess-1.19.jar:/home/user/.m2/repository/org/mockito/mockito-all/1.8.5/mockito-all-1.8.5.jar:/home/user/.m2/repository/org/apache/hadoop/hadoop-kms/3.2.0/hadoop-kms-3.2.0.jar:/home/user/.m2/repository/org/apache/hadoop/hadoop-auth/3.2.0/hadoop-auth-3.2.0.jar:/home/user/.m2/repository/com/nimbusds/nimbus-jose-jwt/4.41.1/nimbus-jose-jwt-4.41.1.jar:/home/user/.m2/repository/com/github/stephenc/jcip/jcip-annotations/1.0-1/jcip-annotations-1.0-1.jar:/home/user/.m2/repository/net/minidev/json-smart/2.3/json-smart-2.3.jar:/home/user/.m2/repository/net/minidev/accessors-smart/1.2/accessors-smart-1.2.jar:/home/user/.m2/repository/org/ow2/asm/asm/5.0.4/asm-5.0.4.jar:/home/user/.m2/repository/org/apache/curator/curator-framework/2.12.0/curator-framework-2.12.0.jar:/home/user/.m2/repository/com/sun/jersey/jersey-core/1.19/jersey-core-1.19.jar:/home/user/.m2/repository/javax/ws/rs/jsr311-api/1.1.1/jsr311-api-1.1.1.jar:/home/user/.m2/repository/com/sun/jersey/jersey-server/1.19/jersey-server-1.19.jar:/home/user/.m2/repository/javax/servlet/javax.servlet-api/3.1.0/javax.servlet-api-3.1.0.jar:/home/user/.m2/repository/org/eclipse/jetty/jetty-server/9.3.24.v20180605/jetty-server-9.3.24.v20180605.jar:/home/user/.m2/repository/org/eclipse/jetty/jetty-http/9.3.24.v20180605/jetty-http-9.3.24.v20180605.jar:/home/user/.m2/repository/org/eclipse/jetty/jetty-io/9.3.24.v20180605/jetty-io-9.3.24.v20180605.jar:/home/user/.m2/repository/org/eclipse/jetty/jetty-webapp/9.3.24.v20180605/jetty-webapp-9.3.24.v20180605.jar:/home/user/.m2/repository/org/eclipse/jetty/jetty-xml/9.3.24.v20180605/jetty-xml-9.3.24.v20180605.jar:/home/user/.m2/repository/log4j/log4j/1.2.17/log4j-1.2.17.jar:/home/user/.m2/repository/org/slf4j/slf4j-api/1.7.25/slf4j-api-1.7.25.jar:/home/user/.m2/repository/org/slf4j/jul-to-slf4j/1.7.25/jul-to-slf4j-1.7.25.jar:/home/user/.m2/repository/org/eclipse/jetty/jetty-util/9.3.24.v20180605/jetty-util-9.3.24.v20180605.jar:/home/user/.m2/repository/com/fasterxml/jackson/core/jackson-databind/2.9.9/jackson-databind-2.9.9.jar:/home/user/.m2/repository/org/apache/hadoop/hadoop-kms/3.2.0/hadoop-kms-3.2.0-tests.jar:/home/user/.m2/repository/org/apache/hadoop/hadoop-hdds-server-scm/0.5.0-SNAPSHOT/hadoop-hdds-server-scm-0.5.0-SNAPSHOT-tests.jar:/home/user/.m2/repository/org/apache/hadoop/hadoop-hdds-container-service/0.5.0-SNAPSHOT/hadoop-hdds-container-service-0.5.0-SNAPSHOT-tests.jar:/home/user/.m2/repository/org/yaml/snakeyaml/1.16/snakeyaml-1.16.jar:/home/user/.m2/repository/org/apache/hadoop/hadoop-common/3.2.0/hadoop-common-3.2.0-tests.jar:/home/user/.m2/repository/org/apache/hadoop/hadoop-annotations/3.2.0/hadoop-annotations-3.2.0.jar:/usr/lib/jvm/java-1.8-openjdk/jre/../lib/tools.jar:/home/user/.m2/repository/commons-cli/commons-cli/1.2/commons-cli-1.2.jar:/home/user/.m2/repository/org/apache/httpcomponents/httpclient/4.5.2/httpclient-4.5.2.jar:/home/user/.m2/repository/org/apache/httpcomponents/httpcore/4.4.4/httpcore-4.4.4.jar:/home/user/.m2/repository/commons-codec/commons-codec/1.11/commons-codec-1.11.jar:/home/user/.m2/repository/commons-net/commons-net/3.6/commons-net-3.6.jar:/home/user/.m2/repository/commons-collections/commons-collections/3.2.2/commons-collections-3.2.2.jar:/home/user/.m2/repository/org/eclipse/jetty/jetty-servlet/9.3.24.v20180605/jetty-servlet-9.3.24.v20180605.jar:/home/user/.m2/repository/org/eclipse/jetty/jetty-security/9.3.24.v20180605/jetty-security-9.3.24.v20180605.jar:/home/user/.m2/repository/javax/servlet/jsp/jsp-api/2.1/jsp-api-2.1.jar:/home/user/.m2/repository/com/sun/jersey/jersey-servlet/1.19/jersey-servlet-1.19.jar:/home/user/.m2/repository/com/sun/jersey/jersey-json/1.19/jersey-json-1.19.jar:/home/user/.m2/repository/org/codehaus/jettison/jettison/1.1/jettison-1.1.jar:/home/user/.m2/repository/org/codehaus/jackson/jackson-core-asl/1.9.13/jackson-core-asl-1.9.13.jar:/home/user/.m2/repository/org/codehaus/jackson/jackson-mapper-asl/1.9.13/jackson-mapper-asl-1.9.13.jar:/home/user/.m2/repository/org/codehaus/jackson/jackson-jaxrs/1.9.13/jackson-jaxrs-1.9.13.jar:/home/user/.m2/repository/org/codehaus/jackson/jackson-xc/1.9.13/jackson-xc-1.9.13.jar:/home/user/.m2/repository/commons-logging/commons-logging/1.1.3/commons-logging-1.1.3.jar:/home/user/.m2/repository/commons-beanutils/commons-beanutils/1.9.4/commons-beanutils-1.9.4.jar:/home/user/.m2/repository/org/apache/commons/commons-configuration2/2.1.1/commons-configuration2-2.1.1.jar:/home/user/.m2/repository/org/apache/commons/commons-lang3/3.7/commons-lang3-3.7.jar:/home/user/.m2/repository/org/apache/commons/commons-text/1.4/commons-text-1.4.jar:/home/user/.m2/repository/org/apache/avro/avro/1.7.7/avro-1.7.7.jar:/home/user/.m2/repository/com/thoughtworks/paranamer/paranamer/2.3/paranamer-2.3.jar:/home/user/.m2/repository/org/xerial/snappy/snappy-java/1.0.5/snappy-java-1.0.5.jar:/home/user/.m2/repository/com/google/re2j/re2j/1.1/re2j-1.1.jar:/home/user/.m2/repository/com/google/code/gson/gson/2.2.4/gson-2.2.4.jar:/home/user/.m2/repository/com/jcraft/jsch/0.1.54/jsch-0.1.54.jar:/home/user/.m2/repository/org/apache/curator/curator-client/2.12.0/curator-client-2.12.0.jar:/home/user/.m2/repository/org/apache/curator/curator-recipes/2.12.0/curator-recipes-2.12.0.jar:/home/user/.m2/repository/com/google/code/findbugs/jsr305/3.0.0/jsr305-3.0.0.jar:/home/user/.m2/repository/org/apache/htrace/htrace-core4/4.1.0-incubating/htrace-core4-4.1.0-incubating.jar:/home/user/.m2/repository/org/apache/zookeeper/zookeeper/3.4.13/zookeeper-3.4.13.jar:/home/user/.m2/repository/org/apache/yetus/audience-annotations/0.5.0/audience-annotations-0.5.0.jar:/home/user/.m2/repository/org/codehaus/woodstox/stax2-api/3.1.4/stax2-api-3.1.4.jar:/home/user/.m2/repository/com/fasterxml/woodstox/woodstox-core/5.0.3/woodstox-core-5.0.3.jar:/home/user/.m2/repository/dnsjava/dnsjava/2.1.7/dnsjava-2.1.7.jar:/home/user/.m2/repository/org/apache/hadoop/hadoop-hdfs/3.2.0/hadoop-hdfs-3.2.0-tests.jar:/home/user/.m2/repository/org/eclipse/jetty/jetty-util-ajax/9.3.24.v20180605/jetty-util-ajax-9.3.24.v20180605.jar:/home/user/.m2/repository/commons-daemon/commons-daemon/1.0.13/commons-daemon-1.0.13.jar:/home/user/.m2/repository/io/netty/netty/3.10.5.Final/netty-3.10.5.Final.jar:/home/user/.m2/repository/io/netty/netty-all/4.0.52.Final/netty-all-4.0.52.Final.jar:/home/user/.m2/repository/org/fusesource/leveldbjni/leveldbjni-all/1.8/leveldbjni-all-1.8.jar:"/>
    <property name="java.vm.vendor" value="IcedTea"/>
    <property name="sun.arch.data.model" value="64"/>
    <property name="test.build.dir" value="/workdir/hadoop-ozone/integration-test/target/test-dir"/>
    <property name="test.cache.data" value=""/>
    <property name="java.vendor.url" value="https://icedtea.classpath.org"/>
    <property name="user.timezone" value=""/>
    <property name="java.vm.specification.version" value="1.8"/>
    <property name="os.name" value="Linux"/>
    <property name="test.build.data" value="/workdir/hadoop-ozone/integration-test/target/test-dir"/>
    <property name="user.country" value="US"/>
    <property name="sun.java.launcher" value="SUN_STANDARD"/>
    <property name="sun.boot.library.path" value="/usr/lib/jvm/java-1.8-openjdk/jre/lib/amd64"/>
    <property name="sun.java.command" value="/workdir/hadoop-ozone/integration-test/target/surefire/surefirebooter7173165510549203868.jar /workdir/hadoop-ozone/integration-test/target/surefire 2019-09-21T03-01-00_201-jvmRun1 surefire7887195215590119110tmp surefire_166047440686964423492tmp"/>
    <property name="test" value="!TestMiniChaosOzoneCluster"/>
    <property name="surefire.test.class.path" value="/workdir/hadoop-ozone/integration-test/target/test-classes:/workdir/hadoop-ozone/integration-test/target/classes:/home/user/.m2/repository/org/apache/hadoop/hadoop-ozone-common/0.5.0-SNAPSHOT/hadoop-ozone-common-0.5.0-SNAPSHOT.jar:/home/user/.m2/repository/org/apache/commons/commons-compress/1.4.1/commons-compress-1.4.1.jar:/home/user/.m2/repository/org/tukaani/xz/1.0/xz-1.0.jar:/home/user/.m2/repository/org/apache/hadoop/hadoop-common/3.2.0/hadoop-common-3.2.0.jar:/home/user/.m2/repository/org/apache/hadoop/hadoop-hdfs/3.2.0/hadoop-hdfs-3.2.0.jar:/home/user/.m2/repository/org/apache/hadoop/hadoop-hdfs-client/3.2.0/hadoop-hdfs-client-3.2.0.jar:/home/user/.m2/repository/com/fasterxml/jackson/core/jackson-annotations/2.9.9/jackson-annotations-2.9.9.jar:/home/user/.m2/repository/org/apache/hadoop/hadoop-hdds-common/0.5.0-SNAPSHOT/hadoop-hdds-common-0.5.0-SNAPSHOT.jar:/home/user/.m2/repository/javax/annotation/javax.annotation-api/1.2/javax.annotation-api-1.2.jar:/home/user/.m2/repository/org/apache/ratis/ratis-server/0.4.0/ratis-server-0.4.0.jar:/home/user/.m2/repository/org/apache/ratis/ratis-thirdparty-misc/0.2.0/ratis-thirdparty-misc-0.2.0.jar:/home/user/.m2/repository/org/apache/ratis/ratis-proto/0.4.0/ratis-proto-0.4.0.jar:/home/user/.m2/repository/org/apache/ratis/ratis-common/0.4.0/ratis-common-0.4.0.jar:/home/user/.m2/repository/org/apache/ratis/ratis-client/0.4.0/ratis-client-0.4.0.jar:/home/user/.m2/repository/org/apache/ratis/ratis-metrics/0.4.0/ratis-metrics-0.4.0.jar:/home/user/.m2/repository/com/github/joshelser/dropwizard-metrics-hadoop-metrics2-reporter/0.1.2/dropwizard-metrics-hadoop-metrics2-reporter-0.1.2.jar:/home/user/.m2/repository/io/dropwizard/metrics/metrics-jvm/3.2.5/metrics-jvm-3.2.5.jar:/home/user/.m2/repository/io/dropwizard/metrics/metrics-ganglia/3.2.5/metrics-ganglia-3.2.5.jar:/home/user/.m2/repository/info/ganglia/gmetric4j/gmetric4j/1.0.7/gmetric4j-1.0.7.jar:/home/user/.m2/repository/org/apache/ratis/ratis-netty/0.4.0/ratis-netty-0.4.0.jar:/home/user/.m2/repository/org/apache/ratis/ratis-grpc/0.4.0/ratis-grpc-0.4.0.jar:/home/user/.m2/repository/org/rocksdb/rocksdbjni/6.0.1/rocksdbjni-6.0.1.jar:/home/user/.m2/repository/org/apache/logging/log4j/log4j-api/2.11.0/log4j-api-2.11.0.jar:/home/user/.m2/repository/org/apache/logging/log4j/log4j-core/2.11.0/log4j-core-2.11.0.jar:/home/user/.m2/repository/com/lmax/disruptor/3.4.2/disruptor-3.4.2.jar:/home/user/.m2/repository/org/apache/commons/commons-pool2/2.6.0/commons-pool2-2.6.0.jar:/home/user/.m2/repository/org/bouncycastle/bcpkix-jdk15on/1.60/bcpkix-jdk15on-1.60.jar:/home/user/.m2/repository/commons-validator/commons-validator/1.6/commons-validator-1.6.jar:/home/user/.m2/repository/commons-digester/commons-digester/1.8.1/commons-digester-1.8.1.jar:/home/user/.m2/repository/io/jaegertracing/jaeger-client/0.33.1/jaeger-client-0.33.1.jar:/home/user/.m2/repository/io/jaegertracing/jaeger-thrift/0.33.1/jaeger-thrift-0.33.1.jar:/home/user/.m2/repository/org/apache/thrift/libthrift/0.11.0/libthrift-0.11.0.jar:/home/user/.m2/repository/com/squareup/okhttp3/okhttp/3.9.0/okhttp-3.9.0.jar:/home/user/.m2/repository/com/squareup/okio/okio/1.13.0/okio-1.13.0.jar:/home/user/.m2/repository/io/jaegertracing/jaeger-core/0.33.1/jaeger-core-0.33.1.jar:/home/user/.m2/repository/io/jaegertracing/jaeger-tracerresolver/0.33.1/jaeger-tracerresolver-0.33.1.jar:/home/user/.m2/repository/io/opentracing/contrib/opentracing-tracerresolver/0.1.5/opentracing-tracerresolver-0.1.5.jar:/home/user/.m2/repository/io/opentracing/opentracing-util/0.31.0/opentracing-util-0.31.0.jar:/home/user/.m2/repository/io/opentracing/opentracing-api/0.31.0/opentracing-api-0.31.0.jar:/home/user/.m2/repository/io/opentracing/opentracing-noop/0.31.0/opentracing-noop-0.31.0.jar:/home/user/.m2/repository/org/apache/hadoop/hadoop-hdds-server-framework/0.5.0-SNAPSHOT/hadoop-hdds-server-framework-0.5.0-SNAPSHOT.jar:/home/user/.m2/repository/org/apache/hadoop/hadoop-hdds-container-service/0.5.0-SNAPSHOT/hadoop-hdds-container-service-0.5.0-SNAPSHOT.jar:/home/user/.m2/repository/org/apache/hadoop/hadoop-hdds-client/0.5.0-SNAPSHOT/hadoop-hdds-client-0.5.0-SNAPSHOT.jar:/home/user/.m2/repository/org/apache/hadoop/hadoop-hdds-tools/0.5.0-SNAPSHOT/hadoop-hdds-tools-0.5.0-SNAPSHOT.jar:/home/user/.m2/repository/org/apache/hadoop/hadoop-hdds-server-scm/0.5.0-SNAPSHOT/hadoop-hdds-server-scm-0.5.0-SNAPSHOT.jar:/home/user/.m2/repository/org/apache/hadoop/hadoop-hdds-docs/0.5.0-SNAPSHOT/hadoop-hdds-docs-0.5.0-SNAPSHOT.jar:/home/user/.m2/repository/io/dropwizard/metrics/metrics-core/3.2.4/metrics-core-3.2.4.jar:/home/user/.m2/repository/org/hamcrest/hamcrest-all/1.3/hamcrest-all-1.3.jar:/home/user/.m2/repository/org/bouncycastle/bcprov-jdk15on/1.60/bcprov-jdk15on-1.60.jar:/home/user/.m2/repository/info/picocli/picocli/3.9.6/picocli-3.9.6.jar:/home/user/.m2/repository/com/google/protobuf/protobuf-java/2.5.0/protobuf-java-2.5.0.jar:/home/user/.m2/repository/com/google/guava/guava/11.0.2/guava-11.0.2.jar:/home/user/.m2/repository/org/apache/hadoop/hadoop-ozone-ozone-manager/0.5.0-SNAPSHOT/hadoop-ozone-ozone-manager-0.5.0-SNAPSHOT.jar:/home/user/.m2/repository/org/apache/hadoop/hadoop-minikdc/3.2.0/hadoop-minikdc-3.2.0.jar:/home/user/.m2/repository/commons-io/commons-io/2.5/commons-io-2.5.jar:/home/user/.m2/repository/org/apache/kerby/kerb-simplekdc/1.0.1/kerb-simplekdc-1.0.1.jar:/home/user/.m2/repository/org/apache/kerby/kerb-client/1.0.1/kerb-client-1.0.1.jar:/home/user/.m2/repository/org/apache/kerby/kerby-config/1.0.1/kerby-config-1.0.1.jar:/home/user/.m2/repository/org/apache/kerby/kerb-core/1.0.1/kerb-core-1.0.1.jar:/home/user/.m2/repository/org/apache/kerby/kerby-pkix/1.0.1/kerby-pkix-1.0.1.jar:/home/user/.m2/repository/org/apache/kerby/kerby-asn1/1.0.1/kerby-asn1-1.0.1.jar:/home/user/.m2/repository/org/apache/kerby/kerby-util/1.0.1/kerby-util-1.0.1.jar:/home/user/.m2/repository/org/apache/kerby/kerb-common/1.0.1/kerb-common-1.0.1.jar:/home/user/.m2/repository/org/apache/kerby/kerb-crypto/1.0.1/kerb-crypto-1.0.1.jar:/home/user/.m2/repository/org/apache/kerby/kerb-util/1.0.1/kerb-util-1.0.1.jar:/home/user/.m2/repository/org/apache/kerby/token-provider/1.0.1/token-provider-1.0.1.jar:/home/user/.m2/repository/org/apache/kerby/kerb-admin/1.0.1/kerb-admin-1.0.1.jar:/home/user/.m2/repository/org/apache/kerby/kerb-server/1.0.1/kerb-server-1.0.1.jar:/home/user/.m2/repository/org/apache/kerby/kerb-identity/1.0.1/kerb-identity-1.0.1.jar:/home/user/.m2/repository/org/apache/kerby/kerby-xdr/1.0.1/kerby-xdr-1.0.1.jar:/home/user/.m2/repository/org/slf4j/slf4j-log4j12/1.7.25/slf4j-log4j12-1.7.25.jar:/home/user/.m2/repository/org/apache/hadoop/hadoop-ozone-s3gateway/0.5.0-SNAPSHOT/hadoop-ozone-s3gateway-0.5.0-SNAPSHOT.jar:/home/user/.m2/repository/org/jboss/weld/servlet/weld-servlet/2.4.7.Final/weld-servlet-2.4.7.Final.jar:/home/user/.m2/repository/org/glassfish/jersey/containers/jersey-container-servlet-core/2.27/jersey-container-servlet-core-2.27.jar:/home/user/.m2/repository/org/glassfish/hk2/external/javax.inject/2.5.0-b42/javax.inject-2.5.0-b42.jar:/home/user/.m2/repository/org/glassfish/jersey/core/jersey-common/2.27/jersey-common-2.27.jar:/home/user/.m2/repository/org/glassfish/hk2/osgi-resource-locator/1.0.1/osgi-resource-locator-1.0.1.jar:/home/user/.m2/repository/javax/ws/rs/javax.ws.rs-api/2.1/javax.ws.rs-api-2.1.jar:/home/user/.m2/repository/org/glassfish/jersey/ext/cdi/jersey-cdi1x/2.27/jersey-cdi1x-2.27.jar:/home/user/.m2/repository/org/glassfish/jersey/inject/jersey-hk2/2.27/jersey-hk2-2.27.jar:/home/user/.m2/repository/org/glassfish/hk2/hk2-locator/2.5.0-b42/hk2-locator-2.5.0-b42.jar:/home/user/.m2/repository/org/javassist/javassist/3.22.0-CR2/javassist-3.22.0-CR2.jar:/home/user/.m2/repository/org/glassfish/hk2/hk2-api/2.5.0/hk2-api-2.5.0.jar:/home/user/.m2/repository/org/glassfish/hk2/external/jakarta.inject/2.5.0/jakarta.inject-2.5.0.jar:/home/user/.m2/repository/org/glassfish/hk2/hk2-utils/2.5.0/hk2-utils-2.5.0.jar:/home/user/.m2/repository/jakarta/annotation/jakarta.annotation-api/1.3.4/jakarta.annotation-api-1.3.4.jar:/home/user/.m2/repository/org/glassfish/hk2/external/aopalliance-repackaged/2.5.0/aopalliance-repackaged-2.5.0.jar:/home/user/.m2/repository/com/fasterxml/jackson/dataformat/jackson-dataformat-xml/2.9.0/jackson-dataformat-xml-2.9.0.jar:/home/user/.m2/repository/com/fasterxml/jackson/core/jackson-core/2.9.9/jackson-core-2.9.9.jar:/home/user/.m2/repository/com/fasterxml/jackson/module/jackson-module-jaxb-annotations/2.9.9/jackson-module-jaxb-annotations-2.9.9.jar:/home/user/.m2/repository/javax/enterprise/cdi-api/1.2/cdi-api-1.2.jar:/home/user/.m2/repository/javax/el/javax.el-api/3.0.0/javax.el-api-3.0.0.jar:/home/user/.m2/repository/javax/interceptor/javax.interceptor-api/1.2/javax.interceptor-api-1.2.jar:/home/user/.m2/repository/javax/inject/javax.inject/1/javax.inject-1.jar:/home/user/.m2/repository/com/sun/xml/bind/jaxb-impl/2.3.0.1/jaxb-impl-2.3.0.1.jar:/home/user/.m2/repository/com/sun/xml/bind/jaxb-core/2.3.0.1/jaxb-core-2.3.0.1.jar:/home/user/.m2/repository/javax/xml/bind/jaxb-api/2.3.0/jaxb-api-2.3.0.jar:/home/user/.m2/repository/javax/activation/activation/1.1.1/activation-1.1.1.jar:/home/user/.m2/repository/org/apache/hadoop/hadoop-ozone-csi/0.5.0-SNAPSHOT/hadoop-ozone-csi-0.5.0-SNAPSHOT.jar:/home/user/.m2/repository/com/google/protobuf/protobuf-java-util/3.5.1/protobuf-java-util-3.5.1.jar:/home/user/.m2/repository/org/apache/hadoop/hadoop-hdds-config/0.5.0-SNAPSHOT/hadoop-hdds-config-0.5.0-SNAPSHOT.jar:/home/user/.m2/repository/io/grpc/grpc-netty/1.17.1/grpc-netty-1.17.1.jar:/home/user/.m2/repository/io/grpc/grpc-core/1.17.1/grpc-core-1.17.1.jar:/home/user/.m2/repository/io/grpc/grpc-context/1.17.1/grpc-context-1.17.1.jar:/home/user/.m2/repository/com/google/errorprone/error_prone_annotations/2.2.0/error_prone_annotations-2.2.0.jar:/home/user/.m2/repository/org/codehaus/mojo/animal-sniffer-annotations/1.17/animal-sniffer-annotations-1.17.jar:/home/user/.m2/repository/io/opencensus/opencensus-api/0.17.0/opencensus-api-0.17.0.jar:/home/user/.m2/repository/io/opencensus/opencensus-contrib-grpc-metrics/0.17.0/opencensus-contrib-grpc-metrics-0.17.0.jar:/home/user/.m2/repository/io/netty/netty-codec-http2/4.1.30.Final/netty-codec-http2-4.1.30.Final.jar:/home/user/.m2/repository/io/netty/netty-codec-http/4.1.30.Final/netty-codec-http-4.1.30.Final.jar:/home/user/.m2/repository/io/netty/netty-codec/4.1.30.Final/netty-codec-4.1.30.Final.jar:/home/user/.m2/repository/io/netty/netty-handler/4.1.30.Final/netty-handler-4.1.30.Final.jar:/home/user/.m2/repository/io/netty/netty-handler-proxy/4.1.30.Final/netty-handler-proxy-4.1.30.Final.jar:/home/user/.m2/repository/io/netty/netty-codec-socks/4.1.30.Final/netty-codec-socks-4.1.30.Final.jar:/home/user/.m2/repository/io/netty/netty-transport-native-epoll/4.1.30.Final/netty-transport-native-epoll-4.1.30.Final.jar:/home/user/.m2/repository/io/netty/netty-common/4.1.30.Final/netty-common-4.1.30.Final.jar:/home/user/.m2/repository/io/netty/netty-buffer/4.1.30.Final/netty-buffer-4.1.30.Final.jar:/home/user/.m2/repository/io/netty/netty-transport/4.1.30.Final/netty-transport-4.1.30.Final.jar:/home/user/.m2/repository/io/netty/netty-resolver/4.1.30.Final/netty-resolver-4.1.30.Final.jar:/home/user/.m2/repository/io/netty/netty-transport-native-unix-common/4.1.30.Final/netty-transport-native-unix-common-4.1.30.Final.jar:/home/user/.m2/repository/io/grpc/grpc-protobuf/1.17.1/grpc-protobuf-1.17.1.jar:/home/user/.m2/repository/com/google/api/grpc/proto-google-common-protos/1.0.0/proto-google-common-protos-1.0.0.jar:/home/user/.m2/repository/io/grpc/grpc-protobuf-lite/1.17.1/grpc-protobuf-lite-1.17.1.jar:/home/user/.m2/repository/io/grpc/grpc-stub/1.17.1/grpc-stub-1.17.1.jar:/home/user/.m2/repository/org/apache/hadoop/hadoop-ozone-recon/0.5.0-SNAPSHOT/hadoop-ozone-recon-0.5.0-SNAPSHOT.jar:/home/user/.m2/repository/org/apache/hadoop/hadoop-ozone-reconcodegen/0.5.0-SNAPSHOT/hadoop-ozone-reconcodegen-0.5.0-SNAPSHOT.jar:/home/user/.m2/repository/com/google/inject/extensions/guice-multibindings/4.0/guice-multibindings-4.0.jar:/home/user/.m2/repository/com/google/inject/guice/4.0/guice-4.0.jar:/home/user/.m2/repository/aopalliance/aopalliance/1.0/aopalliance-1.0.jar:/home/user/.m2/repository/com/google/inject/extensions/guice-servlet/4.0/guice-servlet-4.0.jar:/home/user/.m2/repository/org/glassfish/jersey/containers/jersey-container-servlet/2.27/jersey-container-servlet-2.27.jar:/home/user/.m2/repository/org/glassfish/hk2/guice-bridge/2.5.0/guice-bridge-2.5.0.jar:/home/user/.m2/repository/org/glassfish/jersey/core/jersey-server/2.27/jersey-server-2.27.jar:/home/user/.m2/repository/org/glassfish/jersey/core/jersey-client/2.27/jersey-client-2.27.jar:/home/user/.m2/repository/org/glassfish/jersey/media/jersey-media-jaxb/2.27/jersey-media-jaxb-2.27.jar:/home/user/.m2/repository/javax/validation/validation-api/1.1.0.Final/validation-api-1.1.0.Final.jar:/home/user/.m2/repository/org/glassfish/jersey/media/jersey-media-json-jackson/2.27/jersey-media-json-jackson-2.27.jar:/home/user/.m2/repository/org/glassfish/jersey/ext/jersey-entity-filtering/2.27/jersey-entity-filtering-2.27.jar:/home/user/.m2/repository/com/google/inject/extensions/guice-assistedinject/4.0/guice-assistedinject-4.0.jar:/home/user/.m2/repository/org/jooq/jooq/3.11.10/jooq-3.11.10.jar:/home/user/.m2/repository/org/jooq/jooq-meta/3.11.10/jooq-meta-3.11.10.jar:/home/user/.m2/repository/org/jooq/jooq-codegen/3.11.10/jooq-codegen-3.11.10.jar:/home/user/.m2/repository/com/jolbox/bonecp/0.8.0.RELEASE/bonecp-0.8.0.RELEASE.jar:/home/user/.m2/repository/org/xerial/sqlite-jdbc/3.25.2/sqlite-jdbc-3.25.2.jar:/home/user/.m2/repository/org/springframework/spring-jdbc/5.1.3.RELEASE/spring-jdbc-5.1.3.RELEASE.jar:/home/user/.m2/repository/org/springframework/spring-beans/5.1.3.RELEASE/spring-beans-5.1.3.RELEASE.jar:/home/user/.m2/repository/org/springframework/spring-core/5.1.3.RELEASE/spring-core-5.1.3.RELEASE.jar:/home/user/.m2/repository/org/springframework/spring-jcl/5.1.3.RELEASE/spring-jcl-5.1.3.RELEASE.jar:/home/user/.m2/repository/org/springframework/spring-tx/5.1.3.RELEASE/spring-tx-5.1.3.RELEASE.jar:/home/user/.m2/repository/org/apache/hadoop/hadoop-ozone-client/0.5.0-SNAPSHOT/hadoop-ozone-client-0.5.0-SNAPSHOT.jar:/home/user/.m2/repository/commons-lang/commons-lang/2.6/commons-lang-2.6.jar:/home/user/.m2/repository/org/apache/hadoop/hadoop-ozone-ozone-manager/0.5.0-SNAPSHOT/hadoop-ozone-ozone-manager-0.5.0-SNAPSHOT-tests.jar:/home/user/.m2/repository/junit/junit/4.11/junit-4.11.jar:/home/user/.m2/repository/org/hamcrest/hamcrest-core/1.3/hamcrest-core-1.3.jar:/home/user/.m2/repository/org/openjdk/jmh/jmh-core/1.19/jmh-core-1.19.jar:/home/user/.m2/repository/net/sf/jopt-simple/jopt-simple/4.6/jopt-simple-4.6.jar:/home/user/.m2/repository/org/apache/commons/commons-math3/3.1.1/commons-math3-3.1.1.jar:/home/user/.m2/repository/org/openjdk/jmh/jmh-generator-annprocess/1.19/jmh-generator-annprocess-1.19.jar:/home/user/.m2/repository/org/mockito/mockito-all/1.8.5/mockito-all-1.8.5.jar:/home/user/.m2/repository/org/apache/hadoop/hadoop-kms/3.2.0/hadoop-kms-3.2.0.jar:/home/user/.m2/repository/org/apache/hadoop/hadoop-auth/3.2.0/hadoop-auth-3.2.0.jar:/home/user/.m2/repository/com/nimbusds/nimbus-jose-jwt/4.41.1/nimbus-jose-jwt-4.41.1.jar:/home/user/.m2/repository/com/github/stephenc/jcip/jcip-annotations/1.0-1/jcip-annotations-1.0-1.jar:/home/user/.m2/repository/net/minidev/json-smart/2.3/json-smart-2.3.jar:/home/user/.m2/repository/net/minidev/accessors-smart/1.2/accessors-smart-1.2.jar:/home/user/.m2/repository/org/ow2/asm/asm/5.0.4/asm-5.0.4.jar:/home/user/.m2/repository/org/apache/curator/curator-framework/2.12.0/curator-framework-2.12.0.jar:/home/user/.m2/repository/com/sun/jersey/jersey-core/1.19/jersey-core-1.19.jar:/home/user/.m2/repository/javax/ws/rs/jsr311-api/1.1.1/jsr311-api-1.1.1.jar:/home/user/.m2/repository/com/sun/jersey/jersey-server/1.19/jersey-server-1.19.jar:/home/user/.m2/repository/javax/servlet/javax.servlet-api/3.1.0/javax.servlet-api-3.1.0.jar:/home/user/.m2/repository/org/eclipse/jetty/jetty-server/9.3.24.v20180605/jetty-server-9.3.24.v20180605.jar:/home/user/.m2/repository/org/eclipse/jetty/jetty-http/9.3.24.v20180605/jetty-http-9.3.24.v20180605.jar:/home/user/.m2/repository/org/eclipse/jetty/jetty-io/9.3.24.v20180605/jetty-io-9.3.24.v20180605.jar:/home/user/.m2/repository/org/eclipse/jetty/jetty-webapp/9.3.24.v20180605/jetty-webapp-9.3.24.v20180605.jar:/home/user/.m2/repository/org/eclipse/jetty/jetty-xml/9.3.24.v20180605/jetty-xml-9.3.24.v20180605.jar:/home/user/.m2/repository/log4j/log4j/1.2.17/log4j-1.2.17.jar:/home/user/.m2/repository/org/slf4j/slf4j-api/1.7.25/slf4j-api-1.7.25.jar:/home/user/.m2/repository/org/slf4j/jul-to-slf4j/1.7.25/jul-to-slf4j-1.7.25.jar:/home/user/.m2/repository/org/eclipse/jetty/jetty-util/9.3.24.v20180605/jetty-util-9.3.24.v20180605.jar:/home/user/.m2/repository/com/fasterxml/jackson/core/jackson-databind/2.9.9/jackson-databind-2.9.9.jar:/home/user/.m2/repository/org/apache/hadoop/hadoop-kms/3.2.0/hadoop-kms-3.2.0-tests.jar:/home/user/.m2/repository/org/apache/hadoop/hadoop-hdds-server-scm/0.5.0-SNAPSHOT/hadoop-hdds-server-scm-0.5.0-SNAPSHOT-tests.jar:/home/user/.m2/repository/org/apache/hadoop/hadoop-hdds-container-service/0.5.0-SNAPSHOT/hadoop-hdds-container-service-0.5.0-SNAPSHOT-tests.jar:/home/user/.m2/repository/org/yaml/snakeyaml/1.16/snakeyaml-1.16.jar:/home/user/.m2/repository/org/apache/hadoop/hadoop-common/3.2.0/hadoop-common-3.2.0-tests.jar:/home/user/.m2/repository/org/apache/hadoop/hadoop-annotations/3.2.0/hadoop-annotations-3.2.0.jar:/usr/lib/jvm/java-1.8-openjdk/jre/../lib/tools.jar:/home/user/.m2/repository/commons-cli/commons-cli/1.2/commons-cli-1.2.jar:/home/user/.m2/repository/org/apache/httpcomponents/httpclient/4.5.2/httpclient-4.5.2.jar:/home/user/.m2/repository/org/apache/httpcomponents/httpcore/4.4.4/httpcore-4.4.4.jar:/home/user/.m2/repository/commons-codec/commons-codec/1.11/commons-codec-1.11.jar:/home/user/.m2/repository/commons-net/commons-net/3.6/commons-net-3.6.jar:/home/user/.m2/repository/commons-collections/commons-collections/3.2.2/commons-collections-3.2.2.jar:/home/user/.m2/repository/org/eclipse/jetty/jetty-servlet/9.3.24.v20180605/jetty-servlet-9.3.24.v20180605.jar:/home/user/.m2/repository/org/eclipse/jetty/jetty-security/9.3.24.v20180605/jetty-security-9.3.24.v20180605.jar:/home/user/.m2/repository/javax/servlet/jsp/jsp-api/2.1/jsp-api-2.1.jar:/home/user/.m2/repository/com/sun/jersey/jersey-servlet/1.19/jersey-servlet-1.19.jar:/home/user/.m2/repository/com/sun/jersey/jersey-json/1.19/jersey-json-1.19.jar:/home/user/.m2/repository/org/codehaus/jettison/jettison/1.1/jettison-1.1.jar:/home/user/.m2/repository/org/codehaus/jackson/jackson-core-asl/1.9.13/jackson-core-asl-1.9.13.jar:/home/user/.m2/repository/org/codehaus/jackson/jackson-mapper-asl/1.9.13/jackson-mapper-asl-1.9.13.jar:/home/user/.m2/repository/org/codehaus/jackson/jackson-jaxrs/1.9.13/jackson-jaxrs-1.9.13.jar:/home/user/.m2/repository/org/codehaus/jackson/jackson-xc/1.9.13/jackson-xc-1.9.13.jar:/home/user/.m2/repository/commons-logging/commons-logging/1.1.3/commons-logging-1.1.3.jar:/home/user/.m2/repository/commons-beanutils/commons-beanutils/1.9.4/commons-beanutils-1.9.4.jar:/home/user/.m2/repository/org/apache/commons/commons-configuration2/2.1.1/commons-configuration2-2.1.1.jar:/home/user/.m2/repository/org/apache/commons/commons-lang3/3.7/commons-lang3-3.7.jar:/home/user/.m2/repository/org/apache/commons/commons-text/1.4/commons-text-1.4.jar:/home/user/.m2/repository/org/apache/avro/avro/1.7.7/avro-1.7.7.jar:/home/user/.m2/repository/com/thoughtworks/paranamer/paranamer/2.3/paranamer-2.3.jar:/home/user/.m2/repository/org/xerial/snappy/snappy-java/1.0.5/snappy-java-1.0.5.jar:/home/user/.m2/repository/com/google/re2j/re2j/1.1/re2j-1.1.jar:/home/user/.m2/repository/com/google/code/gson/gson/2.2.4/gson-2.2.4.jar:/home/user/.m2/repository/com/jcraft/jsch/0.1.54/jsch-0.1.54.jar:/home/user/.m2/repository/org/apache/curator/curator-client/2.12.0/curator-client-2.12.0.jar:/home/user/.m2/repository/org/apache/curator/curator-recipes/2.12.0/curator-recipes-2.12.0.jar:/home/user/.m2/repository/com/google/code/findbugs/jsr305/3.0.0/jsr305-3.0.0.jar:/home/user/.m2/repository/org/apache/htrace/htrace-core4/4.1.0-incubating/htrace-core4-4.1.0-incubating.jar:/home/user/.m2/repository/org/apache/zookeeper/zookeeper/3.4.13/zookeeper-3.4.13.jar:/home/user/.m2/repository/org/apache/yetus/audience-annotations/0.5.0/audience-annotations-0.5.0.jar:/home/user/.m2/repository/org/codehaus/woodstox/stax2-api/3.1.4/stax2-api-3.1.4.jar:/home/user/.m2/repository/com/fasterxml/woodstox/woodstox-core/5.0.3/woodstox-core-5.0.3.jar:/home/user/.m2/repository/dnsjava/dnsjava/2.1.7/dnsjava-2.1.7.jar:/home/user/.m2/repository/org/apache/hadoop/hadoop-hdfs/3.2.0/hadoop-hdfs-3.2.0-tests.jar:/home/user/.m2/repository/org/eclipse/jetty/jetty-util-ajax/9.3.24.v20180605/jetty-util-ajax-9.3.24.v20180605.jar:/home/user/.m2/repository/commons-daemon/commons-daemon/1.0.13/commons-daemon-1.0.13.jar:/home/user/.m2/repository/io/netty/netty/3.10.5.Final/netty-3.10.5.Final.jar:/home/user/.m2/repository/io/netty/netty-all/4.0.52.Final/netty-all-4.0.52.Final.jar:/home/user/.m2/repository/org/fusesource/leveldbjni/leveldbjni-all/1.8/leveldbjni-all-1.8.jar:"/>
    <property name="sun.cpu.endian" value="little"/>
    <property name="user.home" value="/home/user"/>
    <property name="user.language" value="en"/>
    <property name="java.specification.vendor" value="Oracle Corporation"/>
    <property name="java.home" value="/usr/lib/jvm/java-1.8-openjdk/jre"/>
    <property name="java.security.krb5.conf" value="/workdir/hadoop-ozone/integration-test/target/test-classes/krb5.conf"/>
    <property name="basedir" value="/workdir/hadoop-ozone/integration-test"/>
    <property name="file.separator" value="/"/>
    <property name="line.separator" value="&#10;"/>
    <property name="java.vm.specification.vendor" value="Oracle Corporation"/>
    <property name="java.specification.name" value="Java Platform API Specification"/>
    <property name="java.awt.graphicsenv" value="sun.awt.X11GraphicsEnvironment"/>
    <property name="surefire.real.class.path" value="/workdir/hadoop-ozone/integration-test/target/surefire/surefirebooter7173165510549203868.jar"/>
    <property name="hadoop.log.dir" value="/workdir/hadoop-ozone/integration-test/target/log"/>
    <property name="sun.boot.class.path" value="/usr/lib/jvm/java-1.8-openjdk/jre/lib/resources.jar:/usr/lib/jvm/java-1.8-openjdk/jre/lib/rt.jar:/usr/lib/jvm/java-1.8-openjdk/jre/lib/sunrsasign.jar:/usr/lib/jvm/java-1.8-openjdk/jre/lib/jsse.jar:/usr/lib/jvm/java-1.8-openjdk/jre/lib/jce.jar:/usr/lib/jvm/java-1.8-openjdk/jre/lib/charsets.jar:/usr/lib/jvm/java-1.8-openjdk/jre/lib/jfr.jar:/usr/lib/jvm/java-1.8-openjdk/jre/classes"/>
    <property name="sun.management.compiler" value="HotSpot 64-Bit Tiered Compilers"/>
    <property name="java.runtime.version" value="1.8.0_212-b04"/>
    <property name="java.net.preferIPv4Stack" value="true"/>
    <property name="user.name" value="jenkins1000"/>
    <property name="path.separator" value=":"/>
    <property name="java.security.egd" value="file:///dev/urandom"/>
    <property name="os.version" value="3.10.0-957.12.2.el7.x86_64"/>
    <property name="java.endorsed.dirs" value="/usr/lib/jvm/java-1.8-openjdk/jre/lib/endorsed"/>
    <property name="java.runtime.name" value="OpenJDK Runtime Environment"/>
    <property name="file.encoding" value="UTF-8"/>
    <property name="java.vm.name" value="OpenJDK 64-Bit Server VM"/>
    <property name="test.build.webapps" value=""/>
    <property name="localRepository" value="/home/user/.m2/repository"/>
    <property name="java.vendor.url.bug" value="https://icedtea.classpath.org/bugzilla"/>
    <property name="java.io.tmpdir" value="/tmp"/>
    <property name="require.test.libhadoop" value=""/>
    <property name="java.version" value="1.8.0_212"/>
    <property name="user.dir" value="/workdir/hadoop-ozone/integration-test"/>
    <property name="os.arch" value="amd64"/>
    <property name="java.vm.specification.name" value="Java Virtual Machine Specification"/>
    <property name="test.build.classes" value="/workdir/hadoop-ozone/integration-test/target/test-classes"/>
    <property name="java.awt.printerjob" value="sun.print.PSPrinterJob"/>
    <property name="sun.os.patch.level" value="unknown"/>
    <property name="hadoop.tmp.dir" value="/workdir/hadoop-ozone/integration-test/target/tmp"/>
    <property name="java.library.path" value="/usr/lib/jvm/java-1.8-openjdk/jre/lib/amd64/server:/usr/lib/jvm/java-1.8-openjdk/jre/lib/amd64:/usr/lib/jvm/java-1.8-openjdk/jre/../lib/amd64:/workdir/hadoop-ozone/integration-test/target/native/target/usr/local/lib:/workdir/hadoop-ozone/integration-test/../../hadoop-common-project/hadoop-common/target/native/target/usr/local/lib:/usr/java/packages/lib/amd64:/usr/lib64:/lib64:/lib:/usr/lib"/>
    <property name="java.vm.info" value="mixed mode"/>
    <property name="java.vendor" value="IcedTea"/>
    <property name="java.vm.version" value="25.212-b04"/>
    <property name="java.ext.dirs" value="/usr/lib/jvm/java-1.8-openjdk/jre/lib/ext:/usr/java/packages/lib/ext"/>
    <property name="sun.io.unicode.encoding" value="UnicodeLittle"/>
    <property name="java.class.version" value="52.0"/>
  </properties>
  <testcase name="test2DatanodesFailure" classname="org.apache.hadoop.ozone.client.rpc.TestBlockOutputStreamWithFailures" time="51.734"/>
  <testcase name="testDatanodeFailureWithPreAllocation" classname="org.apache.hadoop.ozone.client.rpc.TestBlockOutputStreamWithFailures" time="224.109"/>
  <testcase name="testDatanodeFailureWithSingleNodeRatis" classname="org.apache.hadoop.ozone.client.rpc.TestBlockOutputStreamWithFailures" time="223.61"/>
  <testcase name="testWatchForCommitWithSingleNodeRatis" classname="org.apache.hadoop.ozone.client.rpc.TestBlockOutputStreamWithFailures" time="35.093"/>
  <testcase name="testWatchForCommitDatanodeFailure" classname="org.apache.hadoop.ozone.client.rpc.TestBlockOutputStreamWithFailures" time="48.578">
    <failure message="expected:&lt;2&gt; but was:&lt;3&gt;" type="java.lang.AssertionError"><![CDATA[java.lang.AssertionError: expected:<2> but was:<3>
	at org.junit.Assert.fail(Assert.java:88)
	at org.junit.Assert.failNotEquals(Assert.java:743)
	at org.junit.Assert.assertEquals(Assert.java:118)
	at org.junit.Assert.assertEquals(Assert.java:555)
	at org.junit.Assert.assertEquals(Assert.java:542)
	at org.apache.hadoop.ozone.client.rpc.TestBlockOutputStreamWithFailures.testWatchForCommitDatanodeFailure(TestBlockOutputStreamWithFailures.java:366)
	at sun.reflect.NativeMethodAccessorImpl.invoke0(Native Method)
	at sun.reflect.NativeMethodAccessorImpl.invoke(NativeMethodAccessorImpl.java:62)
	at sun.reflect.DelegatingMethodAccessorImpl.invoke(DelegatingMethodAccessorImpl.java:43)
	at java.lang.reflect.Method.invoke(Method.java:498)
	at org.junit.runners.model.FrameworkMethod$1.runReflectiveCall(FrameworkMethod.java:47)
	at org.junit.internal.runners.model.ReflectiveCallable.run(ReflectiveCallable.java:12)
	at org.junit.runners.model.FrameworkMethod.invokeExplosively(FrameworkMethod.java:44)
	at org.junit.internal.runners.statements.InvokeMethod.evaluate(InvokeMethod.java:17)
	at org.junit.internal.runners.statements.RunBefores.evaluate(RunBefores.java:26)
	at org.junit.internal.runners.statements.RunAfters.evaluate(RunAfters.java:27)
	at org.junit.runners.ParentRunner.runLeaf(ParentRunner.java:271)
	at org.junit.runners.BlockJUnit4ClassRunner.runChild(BlockJUnit4ClassRunner.java:70)
	at org.junit.runners.BlockJUnit4ClassRunner.runChild(BlockJUnit4ClassRunner.java:50)
	at org.junit.runners.ParentRunner$3.run(ParentRunner.java:238)
	at org.junit.runners.ParentRunner$1.schedule(ParentRunner.java:63)
	at org.junit.runners.ParentRunner.runChildren(ParentRunner.java:236)
	at org.junit.runners.ParentRunner.access$000(ParentRunner.java:53)
	at org.junit.runners.ParentRunner$2.evaluate(ParentRunner.java:229)
	at org.junit.runners.ParentRunner.run(ParentRunner.java:309)
	at org.apache.maven.surefire.junit4.JUnit4Provider.execute(JUnit4Provider.java:365)
	at org.apache.maven.surefire.junit4.JUnit4Provider.executeWithRerun(JUnit4Provider.java:273)
	at org.apache.maven.surefire.junit4.JUnit4Provider.executeTestSet(JUnit4Provider.java:238)
	at org.apache.maven.surefire.junit4.JUnit4Provider.invoke(JUnit4Provider.java:159)
	at org.apache.maven.surefire.booter.ForkedBooter.invokeProviderInSameClassLoader(ForkedBooter.java:384)
	at org.apache.maven.surefire.booter.ForkedBooter.runSuitesInProcess(ForkedBooter.java:345)
	at org.apache.maven.surefire.booter.ForkedBooter.execute(ForkedBooter.java:126)
	at org.apache.maven.surefire.booter.ForkedBooter.main(ForkedBooter.java:418)
]]></failure>
    <system-out><![CDATA[2019-09-21 03:23:37,588 [main] WARN  server.ServerUtils (ServerUtils.java:getScmDbDir(145)) - ozone.scm.db.dirs is not configured. We recommend adding this setting. Falling back to ozone.metadata.dirs instead.
2019-09-21 03:23:37,609 [main] WARN  server.ServerUtils (ServerUtils.java:getScmDbDir(145)) - ozone.scm.db.dirs is not configured. We recommend adding this setting. Falling back to ozone.metadata.dirs instead.
2019-09-21 03:23:37,610 [main] WARN  server.ServerUtils (ServerUtils.java:getScmDbDir(145)) - ozone.scm.db.dirs is not configured. We recommend adding this setting. Falling back to ozone.metadata.dirs instead.
2019-09-21 03:23:37,611 [main] INFO  db.DBStoreBuilder (DBStoreBuilder.java:addTable(110)) - using custom profile for table: deletedBlocks
2019-09-21 03:23:37,611 [main] INFO  db.DBStoreBuilder (DBStoreBuilder.java:processTables(161)) - Using default column profile:DBProfile.DISK for Table:deletedBlocks
2019-09-21 03:23:37,612 [main] INFO  db.DBStoreBuilder (DBStoreBuilder.java:addTable(110)) - using custom profile for table: validCerts
2019-09-21 03:23:37,612 [main] INFO  db.DBStoreBuilder (DBStoreBuilder.java:processTables(161)) - Using default column profile:DBProfile.DISK for Table:validCerts
2019-09-21 03:23:37,612 [main] INFO  db.DBStoreBuilder (DBStoreBuilder.java:addTable(110)) - using custom profile for table: revokedCerts
2019-09-21 03:23:37,613 [main] INFO  db.DBStoreBuilder (DBStoreBuilder.java:processTables(161)) - Using default column profile:DBProfile.DISK for Table:revokedCerts
2019-09-21 03:23:37,613 [main] INFO  db.DBStoreBuilder (DBStoreBuilder.java:addTable(110)) - using custom profile for table: default
2019-09-21 03:23:37,613 [main] INFO  db.DBStoreBuilder (DBStoreBuilder.java:processTables(167)) - Using default column profile:DBProfile.DISK for Table:default
2019-09-21 03:23:37,614 [main] INFO  db.DBStoreBuilder (DBStoreBuilder.java:getDbProfile(198)) - Using default options. DBProfile.DISK
2019-09-21 03:23:37,764 [main] INFO  net.NodeSchemaLoader (NodeSchemaLoader.java:loadSchemaFromFile(125)) - Loading file from sun.misc.CompoundEnumeration@3b0d3a63
2019-09-21 03:23:37,764 [main] INFO  net.NodeSchemaLoader (NodeSchemaLoader.java:loadSchema(171)) - Loading network topology layer schema file
2019-09-21 03:23:37,770 [main] INFO  node.SCMNodeManager (SCMNodeManager.java:<init>(114)) - Entering startup safe mode.
2019-09-21 03:23:37,771 [main] INFO  algorithms.ContainerPlacementPolicyFactory (ContainerPlacementPolicyFactory.java:getPolicy(57)) - Create container placement policy of type org.apache.hadoop.hdds.scm.container.placement.algorithms.SCMContainerPlacementRandom
2019-09-21 03:23:37,771 [main] WARN  server.ServerUtils (ServerUtils.java:getScmDbDir(145)) - ozone.scm.db.dirs is not configured. We recommend adding this setting. Falling back to ozone.metadata.dirs instead.
2019-09-21 03:23:37,880 [main] INFO  pipeline.SCMPipelineManager (SCMPipelineManager.java:initializePipelineState(132)) - No pipeline exists in current db
2019-09-21 03:23:37,881 [main] WARN  server.ServerUtils (ServerUtils.java:getScmDbDir(145)) - ozone.scm.db.dirs is not configured. We recommend adding this setting. Falling back to ozone.metadata.dirs instead.
2019-09-21 03:23:37,943 [main] WARN  events.EventQueue (EventQueue.java:fireEvent(183)) - No event handler registered for event TypedEvent{payloadType=SafeModeStatus, name='SafeModeStatus'}
2019-09-21 03:23:37,944 [main] INFO  ipc.CallQueueManager (CallQueueManager.java:<init>(84)) - Using callQueue: class java.util.concurrent.LinkedBlockingQueue, queueCapacity: 2000, scheduler: class org.apache.hadoop.ipc.DefaultRpcScheduler, ipcBackoff: false.
2019-09-21 03:23:37,945 [Socket Reader #1 for port 43558] INFO  ipc.Server (Server.java:run(1074)) - Starting Socket Reader #1 for port 43558
2019-09-21 03:23:37,951 [main] INFO  ipc.CallQueueManager (CallQueueManager.java:<init>(84)) - Using callQueue: class java.util.concurrent.LinkedBlockingQueue, queueCapacity: 2000, scheduler: class org.apache.hadoop.ipc.DefaultRpcScheduler, ipcBackoff: false.
2019-09-21 03:23:37,951 [Socket Reader #1 for port 45000] INFO  ipc.Server (Server.java:run(1074)) - Starting Socket Reader #1 for port 45000
2019-09-21 03:23:37,953 [main] INFO  ipc.CallQueueManager (CallQueueManager.java:<init>(84)) - Using callQueue: class java.util.concurrent.LinkedBlockingQueue, queueCapacity: 2000, scheduler: class org.apache.hadoop.ipc.DefaultRpcScheduler, ipcBackoff: false.
2019-09-21 03:23:37,953 [Socket Reader #1 for port 36294] INFO  ipc.Server (Server.java:run(1074)) - Starting Socket Reader #1 for port 36294
2019-09-21 03:23:37,956 [main] INFO  hdfs.DFSUtil (DFSUtil.java:httpServerTemplateForNNAndJN(1641)) - Starting Web-server for scm at: http://0.0.0.0:0
2019-09-21 03:23:37,957 [main] INFO  server.AuthenticationFilter (AuthenticationFilter.java:constructSecretProvider(240)) - Unable to initialize FileSignerSecretProvider, falling back to use random secrets.
2019-09-21 03:23:37,958 [main] WARN  http.HttpRequestLog (HttpRequestLog.java:getRequestLog(97)) - Jetty request log can only be enabled using Log4j
2019-09-21 03:23:37,960 [main] INFO  http.HttpServer2 (HttpServer2.java:addGlobalFilter(975)) - Added global filter 'safety' (class=org.apache.hadoop.http.HttpServer2$QuotingInputFilter)
2019-09-21 03:23:37,961 [main] INFO  http.HttpServer2 (HttpServer2.java:addFilter(948)) - Added filter static_user_filter (class=org.apache.hadoop.http.lib.StaticUserWebFilter$StaticUserFilter) to context scm
2019-09-21 03:23:37,961 [main] INFO  http.HttpServer2 (HttpServer2.java:addFilter(958)) - Added filter static_user_filter (class=org.apache.hadoop.http.lib.StaticUserWebFilter$StaticUserFilter) to context logs
2019-09-21 03:23:37,961 [main] INFO  http.HttpServer2 (HttpServer2.java:addFilter(958)) - Added filter static_user_filter (class=org.apache.hadoop.http.lib.StaticUserWebFilter$StaticUserFilter) to context static
2019-09-21 03:23:37,963 [main] INFO  server.StorageContainerManager (StorageContainerManager.java:start(770)) - StorageContainerLocationProtocol RPC server is listening at /0.0.0.0:36294
2019-09-21 03:23:37,965 [main] WARN  impl.MetricsConfig (MetricsConfig.java:loadFirst(134)) - Cannot locate configuration: tried hadoop-metrics2-storagecontainermanager.properties,hadoop-metrics2.properties
2019-09-21 03:23:37,966 [main] INFO  impl.MetricsSystemImpl (MetricsSystemImpl.java:startTimer(374)) - Scheduled Metric snapshot period at 10 second(s).
2019-09-21 03:23:37,966 [main] INFO  impl.MetricsSystemImpl (MetricsSystemImpl.java:start(191)) - StorageContainerManager metrics system started
2019-09-21 03:23:38,017 [main] WARN  impl.MetricsSystemImpl (MetricsSystemImpl.java:register(276)) - Sink prometheus already exists!
2019-09-21 03:23:38,096 [main] INFO  server.SCMClientProtocolServer (SCMClientProtocolServer.java:start(151)) - RPC server for Client  is listening at /0.0.0.0:36294
2019-09-21 03:23:38,097 [IPC Server Responder] INFO  ipc.Server (Server.java:run(1314)) - IPC Server Responder: starting
2019-09-21 03:23:38,098 [IPC Server listener on 36294] INFO  ipc.Server (Server.java:run(1153)) - IPC Server listener on 36294: starting
2019-09-21 03:23:38,103 [main] INFO  server.StorageContainerManager (StorageContainerManager.java:start(780)) - ScmBlockLocationProtocol RPC server is listening at /0.0.0.0:45000
2019-09-21 03:23:38,103 [main] INFO  server.SCMBlockProtocolServer (SCMBlockProtocolServer.java:start(146)) - RPC server for Block Protocol is listening at /0.0.0.0:45000
2019-09-21 03:23:38,103 [IPC Server Responder] INFO  ipc.Server (Server.java:run(1314)) - IPC Server Responder: starting
2019-09-21 03:23:38,104 [IPC Server listener on 45000] INFO  ipc.Server (Server.java:run(1153)) - IPC Server listener on 45000: starting
2019-09-21 03:23:38,106 [main] INFO  server.StorageContainerManager (StorageContainerManager.java:start(784)) - ScmDatanodeProtocl RPC server is listening at /0.0.0.0:43558
2019-09-21 03:23:38,106 [main] INFO  server.SCMDatanodeProtocolServer (SCMDatanodeProtocolServer.java:start(191)) - RPC server for DataNodes is listening at /0.0.0.0:43558
2019-09-21 03:23:38,107 [IPC Server Responder] INFO  ipc.Server (Server.java:run(1314)) - IPC Server Responder: starting
2019-09-21 03:23:38,107 [IPC Server listener on 43558] INFO  ipc.Server (Server.java:run(1153)) - IPC Server listener on 43558: starting
2019-09-21 03:23:38,110 [main] INFO  http.HttpServer2 (HttpServer2.java:bindListener(1191)) - Jetty bound to port 46338
2019-09-21 03:23:38,110 [main] INFO  server.Server (Server.java:doStart(351)) - jetty-9.3.24.v20180605, build timestamp: 2018-06-05T17:11:56Z, git hash: 84205aa28f11a4f31f2a3b86d1bba2cc8ab69827
2019-09-21 03:23:38,112 [main] INFO  handler.ContextHandler (ContextHandler.java:doStart(781)) - Started o.e.j.s.ServletContextHandler@50ec4bfc{/logs,file:///workdir/hadoop-ozone/integration-test/target/log,AVAILABLE}
2019-09-21 03:23:38,112 [main] INFO  handler.ContextHandler (ContextHandler.java:doStart(781)) - Started o.e.j.s.ServletContextHandler@285a4fe3{/static,file:///workdir/hadoop-ozone/integration-test/target/test-classes/webapps/static,AVAILABLE}
2019-09-21 03:23:38,115 [main] INFO  handler.ContextHandler (ContextHandler.java:doStart(781)) - Started o.e.j.w.WebAppContext@2725ca05{/,file:///workdir/hadoop-ozone/integration-test/target/test-classes/webapps/scm/,AVAILABLE}{/scm}
2019-09-21 03:23:38,116 [main] INFO  server.AbstractConnector (AbstractConnector.java:doStart(278)) - Started ServerConnector@7b9088f2{HTTP/1.1,[http/1.1]}{0.0.0.0:46338}
2019-09-21 03:23:38,117 [main] INFO  server.Server (Server.java:doStart(419)) - Started @535643ms
2019-09-21 03:23:38,117 [main] WARN  impl.MetricsSystemImpl (MetricsSystemImpl.java:register(276)) - Sink prometheus already exists!
2019-09-21 03:23:38,118 [main] INFO  server.BaseHttpServer (BaseHttpServer.java:updateConnectorAddress(215)) - HTTP server of SCM is listening at http://0.0.0.0:46338
2019-09-21 03:23:38,118 [main] WARN  server.ServerUtils (ServerUtils.java:getDBPath(222)) - ozone.om.db.dirs is not configured. We recommend adding this setting. Falling back to ozone.metadata.dirs instead.
2019-09-21 03:23:38,119 [org.apache.hadoop.util.JvmPauseMonitor$Monitor@43d76a92] INFO  util.JvmPauseMonitor (JvmPauseMonitor.java:run(188)) - Starting JVM pause monitor
2019-09-21 03:23:38,137 [main] WARN  server.ServerUtils (ServerUtils.java:getDBPath(222)) - ozone.om.db.dirs is not configured. We recommend adding this setting. Falling back to ozone.metadata.dirs instead.
2019-09-21 03:23:38,137 [main] WARN  server.ServerUtils (ServerUtils.java:getDBPath(222)) - ozone.om.db.dirs is not configured. We recommend adding this setting. Falling back to ozone.metadata.dirs instead.
2019-09-21 03:23:38,138 [main] INFO  om.OzoneManager (OzoneManager.java:setOMNodeDetails(652)) - OM Service ID is not set. Setting it to the default ID: omServiceIdDefault
2019-09-21 03:23:38,138 [main] INFO  om.OzoneManager (OzoneManager.java:setOMNodeDetails(658)) - OM Node ID is not set. Setting it to the OmStorage's OmID: 424fc5ab-e8f9-4cc6-9106-e81af125cfc1
2019-09-21 03:23:38,138 [main] INFO  om.OzoneManager (OzoneManager.java:loadOMHAConfigs(609)) - Found matching OM address with OMServiceId: null, OMNodeId: null, RPC Address: localhost:0 and Ratis port: 9872
2019-09-21 03:23:38,144 [main] WARN  server.ServerUtils (ServerUtils.java:getDBPath(222)) - ozone.om.db.dirs is not configured. We recommend adding this setting. Falling back to ozone.metadata.dirs instead.
2019-09-21 03:23:38,145 [main] INFO  db.DBStoreBuilder (DBStoreBuilder.java:addTable(110)) - using custom profile for table: userTable
2019-09-21 03:23:38,145 [main] INFO  db.DBStoreBuilder (DBStoreBuilder.java:processTables(161)) - Using default column profile:DBProfile.DISK for Table:userTable
2019-09-21 03:23:38,145 [main] INFO  db.DBStoreBuilder (DBStoreBuilder.java:addTable(110)) - using custom profile for table: volumeTable
2019-09-21 03:23:38,146 [main] INFO  db.DBStoreBuilder (DBStoreBuilder.java:processTables(161)) - Using default column profile:DBProfile.DISK for Table:volumeTable
2019-09-21 03:23:38,146 [main] INFO  db.DBStoreBuilder (DBStoreBuilder.java:addTable(110)) - using custom profile for table: bucketTable
2019-09-21 03:23:38,146 [main] INFO  db.DBStoreBuilder (DBStoreBuilder.java:processTables(161)) - Using default column profile:DBProfile.DISK for Table:bucketTable
2019-09-21 03:23:38,146 [main] INFO  db.DBStoreBuilder (DBStoreBuilder.java:addTable(110)) - using custom profile for table: keyTable
2019-09-21 03:23:38,147 [main] INFO  db.DBStoreBuilder (DBStoreBuilder.java:processTables(161)) - Using default column profile:DBProfile.DISK for Table:keyTable
2019-09-21 03:23:38,147 [main] INFO  db.DBStoreBuilder (DBStoreBuilder.java:addTable(110)) - using custom profile for table: deletedTable
2019-09-21 03:23:38,147 [main] INFO  db.DBStoreBuilder (DBStoreBuilder.java:processTables(161)) - Using default column profile:DBProfile.DISK for Table:deletedTable
2019-09-21 03:23:38,148 [main] INFO  db.DBStoreBuilder (DBStoreBuilder.java:addTable(110)) - using custom profile for table: openKeyTable
2019-09-21 03:23:38,148 [main] INFO  db.DBStoreBuilder (DBStoreBuilder.java:processTables(161)) - Using default column profile:DBProfile.DISK for Table:openKeyTable
2019-09-21 03:23:38,148 [main] INFO  db.DBStoreBuilder (DBStoreBuilder.java:addTable(110)) - using custom profile for table: s3Table
2019-09-21 03:23:38,148 [main] INFO  db.DBStoreBuilder (DBStoreBuilder.java:processTables(161)) - Using default column profile:DBProfile.DISK for Table:s3Table
2019-09-21 03:23:38,149 [main] INFO  db.DBStoreBuilder (DBStoreBuilder.java:addTable(110)) - using custom profile for table: multipartInfoTable
2019-09-21 03:23:38,149 [main] INFO  db.DBStoreBuilder (DBStoreBuilder.java:processTables(161)) - Using default column profile:DBProfile.DISK for Table:multipartInfoTable
2019-09-21 03:23:38,149 [main] INFO  db.DBStoreBuilder (DBStoreBuilder.java:addTable(110)) - using custom profile for table: dTokenTable
2019-09-21 03:23:38,149 [main] INFO  db.DBStoreBuilder (DBStoreBuilder.java:processTables(161)) - Using default column profile:DBProfile.DISK for Table:dTokenTable
2019-09-21 03:23:38,150 [main] INFO  db.DBStoreBuilder (DBStoreBuilder.java:addTable(110)) - using custom profile for table: s3SecretTable
2019-09-21 03:23:38,150 [main] INFO  db.DBStoreBuilder (DBStoreBuilder.java:processTables(161)) - Using default column profile:DBProfile.DISK for Table:s3SecretTable
2019-09-21 03:23:38,150 [main] INFO  db.DBStoreBuilder (DBStoreBuilder.java:addTable(110)) - using custom profile for table: prefixTable
2019-09-21 03:23:38,150 [main] INFO  db.DBStoreBuilder (DBStoreBuilder.java:processTables(161)) - Using default column profile:DBProfile.DISK for Table:prefixTable
2019-09-21 03:23:38,151 [main] INFO  db.DBStoreBuilder (DBStoreBuilder.java:addTable(110)) - using custom profile for table: default
2019-09-21 03:23:38,151 [main] INFO  db.DBStoreBuilder (DBStoreBuilder.java:processTables(167)) - Using default column profile:DBProfile.DISK for Table:default
2019-09-21 03:23:38,151 [main] INFO  db.DBStoreBuilder (DBStoreBuilder.java:getDbProfile(198)) - Using default options. DBProfile.DISK
2019-09-21 03:23:38,672 [main] INFO  ipc.CallQueueManager (CallQueueManager.java:<init>(84)) - Using callQueue: class java.util.concurrent.LinkedBlockingQueue, queueCapacity: 2000, scheduler: class org.apache.hadoop.ipc.DefaultRpcScheduler, ipcBackoff: false.
2019-09-21 03:23:38,673 [Socket Reader #1 for port 36988] INFO  ipc.Server (Server.java:run(1074)) - Starting Socket Reader #1 for port 36988
2019-09-21 03:23:38,683 [main] INFO  om.OzoneManager (OzoneManager.java:start(1243)) - OzoneManager RPC server is listening at localhost/127.0.0.1:36988
2019-09-21 03:23:38,683 [main] INFO  impl.MetricsSystemImpl (MetricsSystemImpl.java:init(158)) - OzoneManager metrics system started (again)
2019-09-21 03:23:38,684 [IPC Server Responder] INFO  ipc.Server (Server.java:run(1314)) - IPC Server Responder: starting
2019-09-21 03:23:38,684 [IPC Server listener on 36988] INFO  ipc.Server (Server.java:run(1153)) - IPC Server listener on 36988: starting
2019-09-21 03:23:38,689 [main] INFO  hdfs.DFSUtil (DFSUtil.java:httpServerTemplateForNNAndJN(1641)) - Starting Web-server for ozoneManager at: http://0.0.0.0:0
2019-09-21 03:23:38,690 [main] INFO  server.AuthenticationFilter (AuthenticationFilter.java:constructSecretProvider(240)) - Unable to initialize FileSignerSecretProvider, falling back to use random secrets.
2019-09-21 03:23:38,691 [main] WARN  http.HttpRequestLog (HttpRequestLog.java:getRequestLog(97)) - Jetty request log can only be enabled using Log4j
2019-09-21 03:23:38,693 [main] INFO  http.HttpServer2 (HttpServer2.java:addGlobalFilter(975)) - Added global filter 'safety' (class=org.apache.hadoop.http.HttpServer2$QuotingInputFilter)
2019-09-21 03:23:38,694 [main] INFO  http.HttpServer2 (HttpServer2.java:addFilter(948)) - Added filter static_user_filter (class=org.apache.hadoop.http.lib.StaticUserWebFilter$StaticUserFilter) to context ozoneManager
2019-09-21 03:23:38,694 [main] INFO  http.HttpServer2 (HttpServer2.java:addFilter(958)) - Added filter static_user_filter (class=org.apache.hadoop.http.lib.StaticUserWebFilter$StaticUserFilter) to context static
2019-09-21 03:23:38,694 [main] INFO  http.HttpServer2 (HttpServer2.java:addFilter(958)) - Added filter static_user_filter (class=org.apache.hadoop.http.lib.StaticUserWebFilter$StaticUserFilter) to context logs
2019-09-21 03:23:38,695 [main] INFO  http.HttpServer2 (HttpServer2.java:bindListener(1191)) - Jetty bound to port 46730
2019-09-21 03:23:38,695 [main] INFO  server.Server (Server.java:doStart(351)) - jetty-9.3.24.v20180605, build timestamp: 2018-06-05T17:11:56Z, git hash: 84205aa28f11a4f31f2a3b86d1bba2cc8ab69827
2019-09-21 03:23:38,697 [main] INFO  handler.ContextHandler (ContextHandler.java:doStart(781)) - Started o.e.j.s.ServletContextHandler@5ec9eefa{/logs,file:///workdir/hadoop-ozone/integration-test/target/log,AVAILABLE}
2019-09-21 03:23:38,697 [main] INFO  handler.ContextHandler (ContextHandler.java:doStart(781)) - Started o.e.j.s.ServletContextHandler@3b4ef59f{/static,file:///workdir/hadoop-ozone/integration-test/target/test-classes/webapps/static,AVAILABLE}
2019-09-21 03:23:38,702 [main] INFO  handler.ContextHandler (ContextHandler.java:doStart(781)) - Started o.e.j.w.WebAppContext@4fd74223{/,file:///workdir/hadoop-ozone/integration-test/target/test-classes/webapps/ozoneManager/,AVAILABLE}{/ozoneManager}
2019-09-21 03:23:38,702 [main] INFO  server.AbstractConnector (AbstractConnector.java:doStart(278)) - Started ServerConnector@4fea840f{HTTP/1.1,[http/1.1]}{0.0.0.0:46730}
2019-09-21 03:23:38,703 [main] INFO  server.Server (Server.java:doStart(419)) - Started @536229ms
2019-09-21 03:23:38,704 [main] WARN  impl.MetricsSystemImpl (MetricsSystemImpl.java:register(276)) - Sink prometheus already exists!
2019-09-21 03:23:38,704 [main] INFO  server.BaseHttpServer (BaseHttpServer.java:updateConnectorAddress(215)) - HTTP server of OZONEMANAGER is listening at http://0.0.0.0:46730
2019-09-21 03:23:38,721 [main] INFO  impl.MetricsSystemImpl (MetricsSystemImpl.java:init(158)) - HddsDatanode metrics system started (again)
2019-09-21 03:23:38,725 [main] INFO  ozone.HddsDatanodeService (HddsDatanodeService.java:start(184)) - HddsDatanodeService host:pr-hdds-2161-42js2-1613171706 ip:192.168.36.122
2019-09-21 03:23:38,731 [main] INFO  volume.HddsVolume (HddsVolume.java:<init>(176)) - Creating Volume: /workdir/hadoop-ozone/integration-test/target/test-dir/MiniOzoneClusterImpl-cae1a81b-9ca5-4f12-9003-0d2cd477a7a0/datanode-0/data/containers/hdds of  storage type : DISK and capacity : 1482555576320
2019-09-21 03:23:38,731 [main] INFO  volume.VolumeSet (VolumeSet.java:initializeVolumeSet(170)) - Added Volume : /workdir/hadoop-ozone/integration-test/target/test-dir/MiniOzoneClusterImpl-cae1a81b-9ca5-4f12-9003-0d2cd477a7a0/datanode-0/data/containers/hdds to VolumeSet
2019-09-21 03:23:38,731 [main] INFO  volume.ThrottledAsyncChecker (ThrottledAsyncChecker.java:schedule(139)) - Scheduling a check for org.apache.hadoop.ozone.container.common.volume.HddsVolume@6b867ee7
2019-09-21 03:23:38,732 [main] INFO  volume.HddsVolumeChecker (HddsVolumeChecker.java:checkAllVolumes(202)) - Scheduled health check for volume org.apache.hadoop.ozone.container.common.volume.HddsVolume@6b867ee7
2019-09-21 03:23:38,746 [main] INFO  impl.RaftServerProxy (ConfUtils.java:logGet(43)) - raft.rpc.type = GRPC (default)
2019-09-21 03:23:38,746 [main] INFO  grpc.GrpcFactory (GrpcFactory.java:checkPooledByteBufAllocatorUseCacheForAllThreads(45)) - PERFORMANCE WARNING: useCacheForAllThreads is true that may cause Netty to create a lot garbage objects and, as a result, trigger GC.
	It is recommended to disable useCacheForAllThreads by setting -Dorg.apache.ratis.thirdparty.io.netty.allocator.useCacheForAllThreads=false in command line.
2019-09-21 03:23:38,746 [main] INFO  grpc.GrpcConfigKeys$Server (ConfUtils.java:logGet(43)) - raft.grpc.server.port = 0 (default)
2019-09-21 03:23:38,747 [main] INFO  server.GrpcService (ConfUtils.java:logGet(43)) - raft.grpc.message.size.max = 33570816 (custom)
2019-09-21 03:23:38,747 [main] INFO  server.RaftServerConfigKeys (ConfUtils.java:logGet(43)) - raft.server.log.appender.buffer.byte-limit = 33554432 (custom)
2019-09-21 03:23:38,747 [main] INFO  server.GrpcService (ConfUtils.java:logGet(43)) - raft.grpc.flow.control.window = 1MB (=1048576) (default)
2019-09-21 03:23:38,747 [main] INFO  server.RaftServerConfigKeys (ConfUtils.java:logGet(43)) - raft.server.rpc.request.timeout = 3000ms (default)
2019-09-21 03:23:38,748 [main] INFO  server.RaftServerConfigKeys (ConfUtils.java:logGet(43)) - raft.server.storage.dir = [/workdir/hadoop-ozone/integration-test/target/test-dir/MiniOzoneClusterImpl-cae1a81b-9ca5-4f12-9003-0d2cd477a7a0/datanode-0/data/ratis] (custom)
2019-09-21 03:23:38,749 [main] INFO  hdfs.DFSUtil (DFSUtil.java:httpServerTemplateForNNAndJN(1641)) - Starting Web-server for hddsDatanode at: http://0.0.0.0:0
2019-09-21 03:23:38,750 [main] INFO  server.AuthenticationFilter (AuthenticationFilter.java:constructSecretProvider(240)) - Unable to initialize FileSignerSecretProvider, falling back to use random secrets.
2019-09-21 03:23:38,751 [main] WARN  http.HttpRequestLog (HttpRequestLog.java:getRequestLog(97)) - Jetty request log can only be enabled using Log4j
2019-09-21 03:23:38,752 [main] INFO  http.HttpServer2 (HttpServer2.java:addGlobalFilter(975)) - Added global filter 'safety' (class=org.apache.hadoop.http.HttpServer2$QuotingInputFilter)
2019-09-21 03:23:38,753 [main] INFO  http.HttpServer2 (HttpServer2.java:addFilter(948)) - Added filter static_user_filter (class=org.apache.hadoop.http.lib.StaticUserWebFilter$StaticUserFilter) to context hddsDatanode
2019-09-21 03:23:38,753 [main] INFO  http.HttpServer2 (HttpServer2.java:addFilter(958)) - Added filter static_user_filter (class=org.apache.hadoop.http.lib.StaticUserWebFilter$StaticUserFilter) to context logs
2019-09-21 03:23:38,753 [main] INFO  http.HttpServer2 (HttpServer2.java:addFilter(958)) - Added filter static_user_filter (class=org.apache.hadoop.http.lib.StaticUserWebFilter$StaticUserFilter) to context static
2019-09-21 03:23:38,754 [main] INFO  http.HttpServer2 (HttpServer2.java:bindListener(1191)) - Jetty bound to port 33052
2019-09-21 03:23:38,754 [main] INFO  server.Server (Server.java:doStart(351)) - jetty-9.3.24.v20180605, build timestamp: 2018-06-05T17:11:56Z, git hash: 84205aa28f11a4f31f2a3b86d1bba2cc8ab69827
2019-09-21 03:23:38,755 [main] INFO  handler.ContextHandler (ContextHandler.java:doStart(781)) - Started o.e.j.s.ServletContextHandler@4645679e{/logs,file:///workdir/hadoop-ozone/integration-test/target/log,AVAILABLE}
2019-09-21 03:23:38,756 [main] INFO  handler.ContextHandler (ContextHandler.java:doStart(781)) - Started o.e.j.s.ServletContextHandler@539c4830{/static,jar:file:/home/user/.m2/repository/org/apache/hadoop/hadoop-hdds-container-service/0.5.0-SNAPSHOT/hadoop-hdds-container-service-0.5.0-SNAPSHOT.jar!/webapps/static,AVAILABLE}
2019-09-21 03:23:38,785 [main] INFO  handler.ContextHandler (ContextHandler.java:doStart(781)) - Started o.e.j.w.WebAppContext@29bbc63c{/,file:///tmp/jetty-0.0.0.0-33052-hddsDatanode-_-any-1881932442172340582.dir/webapp/,AVAILABLE}{/hddsDatanode}
2019-09-21 03:23:38,786 [main] INFO  server.AbstractConnector (AbstractConnector.java:doStart(278)) - Started ServerConnector@272778ae{HTTP/1.1,[http/1.1]}{0.0.0.0:33052}
2019-09-21 03:23:38,787 [main] INFO  server.Server (Server.java:doStart(419)) - Started @536313ms
2019-09-21 03:23:38,787 [main] WARN  impl.MetricsSystemImpl (MetricsSystemImpl.java:register(276)) - Sink prometheus already exists!
2019-09-21 03:23:38,788 [main] INFO  server.BaseHttpServer (BaseHttpServer.java:updateConnectorAddress(215)) - HTTP server of HDDSDATANODE is listening at http://0.0.0.0:33052
2019-09-21 03:23:38,788 [main] INFO  impl.MetricsSystemImpl (MetricsSystemImpl.java:init(158)) - HddsDatanode metrics system started (again)
2019-09-21 03:23:38,792 [org.apache.hadoop.util.JvmPauseMonitor$Monitor@6f2a067f] INFO  util.JvmPauseMonitor (JvmPauseMonitor.java:run(188)) - Starting JVM pause monitor
2019-09-21 03:23:38,792 [main] INFO  ozone.HddsDatanodeService (HddsDatanodeService.java:start(184)) - HddsDatanodeService host:pr-hdds-2161-42js2-1613171706 ip:192.168.36.122
2019-09-21 03:23:38,793 [Datanode State Machine Thread - 0] INFO  datanode.InitDatanodeState (InitDatanodeState.java:persistContainerDatanodeDetails(140)) - DatanodeDetails is persisted to /workdir/hadoop-ozone/integration-test/target/test-dir/MiniOzoneClusterImpl-cae1a81b-9ca5-4f12-9003-0d2cd477a7a0/datanode-0/meta/datanode.id
2019-09-21 03:23:38,798 [main] INFO  volume.HddsVolume (HddsVolume.java:<init>(176)) - Creating Volume: /workdir/hadoop-ozone/integration-test/target/test-dir/MiniOzoneClusterImpl-cae1a81b-9ca5-4f12-9003-0d2cd477a7a0/datanode-1/data/containers/hdds of  storage type : DISK and capacity : 1482555576320
2019-09-21 03:23:38,798 [main] INFO  volume.VolumeSet (VolumeSet.java:initializeVolumeSet(170)) - Added Volume : /workdir/hadoop-ozone/integration-test/target/test-dir/MiniOzoneClusterImpl-cae1a81b-9ca5-4f12-9003-0d2cd477a7a0/datanode-1/data/containers/hdds to VolumeSet
2019-09-21 03:23:38,798 [main] INFO  volume.ThrottledAsyncChecker (ThrottledAsyncChecker.java:schedule(139)) - Scheduling a check for org.apache.hadoop.ozone.container.common.volume.HddsVolume@3f5dfe69
2019-09-21 03:23:38,799 [main] INFO  volume.HddsVolumeChecker (HddsVolumeChecker.java:checkAllVolumes(202)) - Scheduled health check for volume org.apache.hadoop.ozone.container.common.volume.HddsVolume@3f5dfe69
2019-09-21 03:23:38,810 [main] INFO  impl.RaftServerProxy (ConfUtils.java:logGet(43)) - raft.rpc.type = GRPC (default)
2019-09-21 03:23:38,810 [main] INFO  grpc.GrpcFactory (GrpcFactory.java:checkPooledByteBufAllocatorUseCacheForAllThreads(45)) - PERFORMANCE WARNING: useCacheForAllThreads is true that may cause Netty to create a lot garbage objects and, as a result, trigger GC.
	It is recommended to disable useCacheForAllThreads by setting -Dorg.apache.ratis.thirdparty.io.netty.allocator.useCacheForAllThreads=false in command line.
2019-09-21 03:23:38,810 [main] INFO  grpc.GrpcConfigKeys$Server (ConfUtils.java:logGet(43)) - raft.grpc.server.port = 0 (default)
2019-09-21 03:23:38,811 [main] INFO  server.GrpcService (ConfUtils.java:logGet(43)) - raft.grpc.message.size.max = 33570816 (custom)
2019-09-21 03:23:38,811 [main] INFO  server.RaftServerConfigKeys (ConfUtils.java:logGet(43)) - raft.server.log.appender.buffer.byte-limit = 33554432 (custom)
2019-09-21 03:23:38,811 [main] INFO  server.GrpcService (ConfUtils.java:logGet(43)) - raft.grpc.flow.control.window = 1MB (=1048576) (default)
2019-09-21 03:23:38,811 [main] INFO  server.RaftServerConfigKeys (ConfUtils.java:logGet(43)) - raft.server.rpc.request.timeout = 3000ms (default)
2019-09-21 03:23:38,811 [main] INFO  server.RaftServerConfigKeys (ConfUtils.java:logGet(43)) - raft.server.storage.dir = [/workdir/hadoop-ozone/integration-test/target/test-dir/MiniOzoneClusterImpl-cae1a81b-9ca5-4f12-9003-0d2cd477a7a0/datanode-1/data/ratis] (custom)
2019-09-21 03:23:38,812 [main] INFO  hdfs.DFSUtil (DFSUtil.java:httpServerTemplateForNNAndJN(1641)) - Starting Web-server for hddsDatanode at: http://0.0.0.0:0
2019-09-21 03:23:38,813 [main] INFO  server.AuthenticationFilter (AuthenticationFilter.java:constructSecretProvider(240)) - Unable to initialize FileSignerSecretProvider, falling back to use random secrets.
2019-09-21 03:23:38,814 [main] WARN  http.HttpRequestLog (HttpRequestLog.java:getRequestLog(97)) - Jetty request log can only be enabled using Log4j
2019-09-21 03:23:38,815 [main] INFO  http.HttpServer2 (HttpServer2.java:addGlobalFilter(975)) - Added global filter 'safety' (class=org.apache.hadoop.http.HttpServer2$QuotingInputFilter)
2019-09-21 03:23:38,815 [main] INFO  http.HttpServer2 (HttpServer2.java:addFilter(948)) - Added filter static_user_filter (class=org.apache.hadoop.http.lib.StaticUserWebFilter$StaticUserFilter) to context hddsDatanode
2019-09-21 03:23:38,816 [main] INFO  http.HttpServer2 (HttpServer2.java:addFilter(958)) - Added filter static_user_filter (class=org.apache.hadoop.http.lib.StaticUserWebFilter$StaticUserFilter) to context logs
2019-09-21 03:23:38,816 [main] INFO  http.HttpServer2 (HttpServer2.java:addFilter(958)) - Added filter static_user_filter (class=org.apache.hadoop.http.lib.StaticUserWebFilter$StaticUserFilter) to context static
2019-09-21 03:23:38,816 [main] INFO  http.HttpServer2 (HttpServer2.java:bindListener(1191)) - Jetty bound to port 45026
2019-09-21 03:23:38,816 [main] INFO  server.Server (Server.java:doStart(351)) - jetty-9.3.24.v20180605, build timestamp: 2018-06-05T17:11:56Z, git hash: 84205aa28f11a4f31f2a3b86d1bba2cc8ab69827
2019-09-21 03:23:38,818 [main] INFO  handler.ContextHandler (ContextHandler.java:doStart(781)) - Started o.e.j.s.ServletContextHandler@55296b50{/logs,file:///workdir/hadoop-ozone/integration-test/target/log,AVAILABLE}
2019-09-21 03:23:38,818 [main] INFO  handler.ContextHandler (ContextHandler.java:doStart(781)) - Started o.e.j.s.ServletContextHandler@29c53c4f{/static,jar:file:/home/user/.m2/repository/org/apache/hadoop/hadoop-hdds-container-service/0.5.0-SNAPSHOT/hadoop-hdds-container-service-0.5.0-SNAPSHOT.jar!/webapps/static,AVAILABLE}
2019-09-21 03:23:38,844 [main] INFO  handler.ContextHandler (ContextHandler.java:doStart(781)) - Started o.e.j.w.WebAppContext@75bd28d{/,file:///tmp/jetty-0.0.0.0-45026-hddsDatanode-_-any-6761769625878904375.dir/webapp/,AVAILABLE}{/hddsDatanode}
2019-09-21 03:23:38,845 [main] INFO  server.AbstractConnector (AbstractConnector.java:doStart(278)) - Started ServerConnector@129c4d19{HTTP/1.1,[http/1.1]}{0.0.0.0:45026}
2019-09-21 03:23:38,846 [main] INFO  server.Server (Server.java:doStart(419)) - Started @536372ms
2019-09-21 03:23:38,847 [main] WARN  impl.MetricsSystemImpl (MetricsSystemImpl.java:register(276)) - Sink prometheus already exists!
2019-09-21 03:23:38,847 [main] INFO  server.BaseHttpServer (BaseHttpServer.java:updateConnectorAddress(215)) - HTTP server of HDDSDATANODE is listening at http://0.0.0.0:45026
2019-09-21 03:23:38,847 [main] INFO  impl.MetricsSystemImpl (MetricsSystemImpl.java:init(158)) - HddsDatanode metrics system started (again)
2019-09-21 03:23:38,851 [org.apache.hadoop.util.JvmPauseMonitor$Monitor@7f44f30d] INFO  util.JvmPauseMonitor (JvmPauseMonitor.java:run(188)) - Starting JVM pause monitor
2019-09-21 03:23:38,851 [main] INFO  ozone.HddsDatanodeService (HddsDatanodeService.java:start(184)) - HddsDatanodeService host:pr-hdds-2161-42js2-1613171706 ip:192.168.36.122
2019-09-21 03:23:38,852 [Datanode State Machine Thread - 0] INFO  datanode.InitDatanodeState (InitDatanodeState.java:persistContainerDatanodeDetails(140)) - DatanodeDetails is persisted to /workdir/hadoop-ozone/integration-test/target/test-dir/MiniOzoneClusterImpl-cae1a81b-9ca5-4f12-9003-0d2cd477a7a0/datanode-1/meta/datanode.id
2019-09-21 03:23:38,858 [main] INFO  volume.HddsVolume (HddsVolume.java:<init>(176)) - Creating Volume: /workdir/hadoop-ozone/integration-test/target/test-dir/MiniOzoneClusterImpl-cae1a81b-9ca5-4f12-9003-0d2cd477a7a0/datanode-2/data/containers/hdds of  storage type : DISK and capacity : 1482555576320
2019-09-21 03:23:38,858 [main] INFO  volume.VolumeSet (VolumeSet.java:initializeVolumeSet(170)) - Added Volume : /workdir/hadoop-ozone/integration-test/target/test-dir/MiniOzoneClusterImpl-cae1a81b-9ca5-4f12-9003-0d2cd477a7a0/datanode-2/data/containers/hdds to VolumeSet
2019-09-21 03:23:38,858 [main] INFO  volume.ThrottledAsyncChecker (ThrottledAsyncChecker.java:schedule(139)) - Scheduling a check for org.apache.hadoop.ozone.container.common.volume.HddsVolume@584ca390
2019-09-21 03:23:38,859 [main] INFO  volume.HddsVolumeChecker (HddsVolumeChecker.java:checkAllVolumes(202)) - Scheduled health check for volume org.apache.hadoop.ozone.container.common.volume.HddsVolume@584ca390
2019-09-21 03:23:38,874 [main] INFO  impl.RaftServerProxy (ConfUtils.java:logGet(43)) - raft.rpc.type = GRPC (default)
2019-09-21 03:23:38,875 [main] INFO  grpc.GrpcFactory (GrpcFactory.java:checkPooledByteBufAllocatorUseCacheForAllThreads(45)) - PERFORMANCE WARNING: useCacheForAllThreads is true that may cause Netty to create a lot garbage objects and, as a result, trigger GC.
	It is recommended to disable useCacheForAllThreads by setting -Dorg.apache.ratis.thirdparty.io.netty.allocator.useCacheForAllThreads=false in command line.
2019-09-21 03:23:38,875 [main] INFO  grpc.GrpcConfigKeys$Server (ConfUtils.java:logGet(43)) - raft.grpc.server.port = 0 (default)
2019-09-21 03:23:38,875 [main] INFO  server.GrpcService (ConfUtils.java:logGet(43)) - raft.grpc.message.size.max = 33570816 (custom)
2019-09-21 03:23:38,875 [main] INFO  server.RaftServerConfigKeys (ConfUtils.java:logGet(43)) - raft.server.log.appender.buffer.byte-limit = 33554432 (custom)
2019-09-21 03:23:38,876 [main] INFO  server.GrpcService (ConfUtils.java:logGet(43)) - raft.grpc.flow.control.window = 1MB (=1048576) (default)
2019-09-21 03:23:38,876 [main] INFO  server.RaftServerConfigKeys (ConfUtils.java:logGet(43)) - raft.server.rpc.request.timeout = 3000ms (default)
2019-09-21 03:23:38,876 [main] INFO  server.RaftServerConfigKeys (ConfUtils.java:logGet(43)) - raft.server.storage.dir = [/workdir/hadoop-ozone/integration-test/target/test-dir/MiniOzoneClusterImpl-cae1a81b-9ca5-4f12-9003-0d2cd477a7a0/datanode-2/data/ratis] (custom)
2019-09-21 03:23:38,879 [main] INFO  hdfs.DFSUtil (DFSUtil.java:httpServerTemplateForNNAndJN(1641)) - Starting Web-server for hddsDatanode at: http://0.0.0.0:0
2019-09-21 03:23:38,881 [main] INFO  server.AuthenticationFilter (AuthenticationFilter.java:constructSecretProvider(240)) - Unable to initialize FileSignerSecretProvider, falling back to use random secrets.
2019-09-21 03:23:38,881 [main] WARN  http.HttpRequestLog (HttpRequestLog.java:getRequestLog(97)) - Jetty request log can only be enabled using Log4j
2019-09-21 03:23:38,883 [main] INFO  http.HttpServer2 (HttpServer2.java:addGlobalFilter(975)) - Added global filter 'safety' (class=org.apache.hadoop.http.HttpServer2$QuotingInputFilter)
2019-09-21 03:23:38,884 [main] INFO  http.HttpServer2 (HttpServer2.java:addFilter(948)) - Added filter static_user_filter (class=org.apache.hadoop.http.lib.StaticUserWebFilter$StaticUserFilter) to context hddsDatanode
2019-09-21 03:23:38,884 [main] INFO  http.HttpServer2 (HttpServer2.java:addFilter(958)) - Added filter static_user_filter (class=org.apache.hadoop.http.lib.StaticUserWebFilter$StaticUserFilter) to context logs
2019-09-21 03:23:38,884 [main] INFO  http.HttpServer2 (HttpServer2.java:addFilter(958)) - Added filter static_user_filter (class=org.apache.hadoop.http.lib.StaticUserWebFilter$StaticUserFilter) to context static
2019-09-21 03:23:38,885 [main] INFO  http.HttpServer2 (HttpServer2.java:bindListener(1191)) - Jetty bound to port 43358
2019-09-21 03:23:38,885 [main] INFO  server.Server (Server.java:doStart(351)) - jetty-9.3.24.v20180605, build timestamp: 2018-06-05T17:11:56Z, git hash: 84205aa28f11a4f31f2a3b86d1bba2cc8ab69827
2019-09-21 03:23:38,886 [main] INFO  handler.ContextHandler (ContextHandler.java:doStart(781)) - Started o.e.j.s.ServletContextHandler@49c1e294{/logs,file:///workdir/hadoop-ozone/integration-test/target/log,AVAILABLE}
2019-09-21 03:23:38,887 [main] INFO  handler.ContextHandler (ContextHandler.java:doStart(781)) - Started o.e.j.s.ServletContextHandler@50e5032c{/static,jar:file:/home/user/.m2/repository/org/apache/hadoop/hadoop-hdds-container-service/0.5.0-SNAPSHOT/hadoop-hdds-container-service-0.5.0-SNAPSHOT.jar!/webapps/static,AVAILABLE}
2019-09-21 03:23:38,917 [main] INFO  handler.ContextHandler (ContextHandler.java:doStart(781)) - Started o.e.j.w.WebAppContext@39652a30{/,file:///tmp/jetty-0.0.0.0-43358-hddsDatanode-_-any-1515806625513251366.dir/webapp/,AVAILABLE}{/hddsDatanode}
2019-09-21 03:23:38,917 [main] INFO  server.AbstractConnector (AbstractConnector.java:doStart(278)) - Started ServerConnector@5763a655{HTTP/1.1,[http/1.1]}{0.0.0.0:43358}
2019-09-21 03:23:38,919 [main] INFO  server.Server (Server.java:doStart(419)) - Started @536445ms
2019-09-21 03:23:38,919 [main] WARN  impl.MetricsSystemImpl (MetricsSystemImpl.java:register(276)) - Sink prometheus already exists!
2019-09-21 03:23:38,920 [main] INFO  server.BaseHttpServer (BaseHttpServer.java:updateConnectorAddress(215)) - HTTP server of HDDSDATANODE is listening at http://0.0.0.0:43358
2019-09-21 03:23:38,920 [main] INFO  impl.MetricsSystemImpl (MetricsSystemImpl.java:init(158)) - HddsDatanode metrics system started (again)
2019-09-21 03:23:38,924 [org.apache.hadoop.util.JvmPauseMonitor$Monitor@5ef89574] INFO  util.JvmPauseMonitor (JvmPauseMonitor.java:run(188)) - Starting JVM pause monitor
2019-09-21 03:23:38,925 [main] INFO  ozone.HddsDatanodeService (HddsDatanodeService.java:start(184)) - HddsDatanodeService host:pr-hdds-2161-42js2-1613171706 ip:192.168.36.122
2019-09-21 03:23:38,925 [Datanode State Machine Thread - 0] INFO  datanode.InitDatanodeState (InitDatanodeState.java:persistContainerDatanodeDetails(140)) - DatanodeDetails is persisted to /workdir/hadoop-ozone/integration-test/target/test-dir/MiniOzoneClusterImpl-cae1a81b-9ca5-4f12-9003-0d2cd477a7a0/datanode-2/meta/datanode.id
2019-09-21 03:23:38,931 [main] INFO  volume.HddsVolume (HddsVolume.java:<init>(176)) - Creating Volume: /workdir/hadoop-ozone/integration-test/target/test-dir/MiniOzoneClusterImpl-cae1a81b-9ca5-4f12-9003-0d2cd477a7a0/datanode-3/data/containers/hdds of  storage type : DISK and capacity : 1482555576320
2019-09-21 03:23:38,931 [main] INFO  volume.VolumeSet (VolumeSet.java:initializeVolumeSet(170)) - Added Volume : /workdir/hadoop-ozone/integration-test/target/test-dir/MiniOzoneClusterImpl-cae1a81b-9ca5-4f12-9003-0d2cd477a7a0/datanode-3/data/containers/hdds to VolumeSet
2019-09-21 03:23:38,931 [main] INFO  volume.ThrottledAsyncChecker (ThrottledAsyncChecker.java:schedule(139)) - Scheduling a check for org.apache.hadoop.ozone.container.common.volume.HddsVolume@71531dd7
2019-09-21 03:23:38,932 [main] INFO  volume.HddsVolumeChecker (HddsVolumeChecker.java:checkAllVolumes(202)) - Scheduled health check for volume org.apache.hadoop.ozone.container.common.volume.HddsVolume@71531dd7
2019-09-21 03:23:38,943 [main] INFO  impl.RaftServerProxy (ConfUtils.java:logGet(43)) - raft.rpc.type = GRPC (default)
2019-09-21 03:23:38,944 [main] INFO  grpc.GrpcFactory (GrpcFactory.java:checkPooledByteBufAllocatorUseCacheForAllThreads(45)) - PERFORMANCE WARNING: useCacheForAllThreads is true that may cause Netty to create a lot garbage objects and, as a result, trigger GC.
	It is recommended to disable useCacheForAllThreads by setting -Dorg.apache.ratis.thirdparty.io.netty.allocator.useCacheForAllThreads=false in command line.
2019-09-21 03:23:38,944 [main] INFO  grpc.GrpcConfigKeys$Server (ConfUtils.java:logGet(43)) - raft.grpc.server.port = 0 (default)
2019-09-21 03:23:38,944 [main] INFO  server.GrpcService (ConfUtils.java:logGet(43)) - raft.grpc.message.size.max = 33570816 (custom)
2019-09-21 03:23:38,944 [main] INFO  server.RaftServerConfigKeys (ConfUtils.java:logGet(43)) - raft.server.log.appender.buffer.byte-limit = 33554432 (custom)
2019-09-21 03:23:38,944 [main] INFO  server.GrpcService (ConfUtils.java:logGet(43)) - raft.grpc.flow.control.window = 1MB (=1048576) (default)
2019-09-21 03:23:38,944 [main] INFO  server.RaftServerConfigKeys (ConfUtils.java:logGet(43)) - raft.server.rpc.request.timeout = 3000ms (default)
2019-09-21 03:23:38,945 [main] INFO  server.RaftServerConfigKeys (ConfUtils.java:logGet(43)) - raft.server.storage.dir = [/workdir/hadoop-ozone/integration-test/target/test-dir/MiniOzoneClusterImpl-cae1a81b-9ca5-4f12-9003-0d2cd477a7a0/datanode-3/data/ratis] (custom)
2019-09-21 03:23:38,946 [main] INFO  hdfs.DFSUtil (DFSUtil.java:httpServerTemplateForNNAndJN(1641)) - Starting Web-server for hddsDatanode at: http://0.0.0.0:0
2019-09-21 03:23:38,947 [main] INFO  server.AuthenticationFilter (AuthenticationFilter.java:constructSecretProvider(240)) - Unable to initialize FileSignerSecretProvider, falling back to use random secrets.
2019-09-21 03:23:38,947 [main] WARN  http.HttpRequestLog (HttpRequestLog.java:getRequestLog(97)) - Jetty request log can only be enabled using Log4j
2019-09-21 03:23:38,949 [main] INFO  http.HttpServer2 (HttpServer2.java:addGlobalFilter(975)) - Added global filter 'safety' (class=org.apache.hadoop.http.HttpServer2$QuotingInputFilter)
2019-09-21 03:23:38,949 [main] INFO  http.HttpServer2 (HttpServer2.java:addFilter(948)) - Added filter static_user_filter (class=org.apache.hadoop.http.lib.StaticUserWebFilter$StaticUserFilter) to context hddsDatanode
2019-09-21 03:23:38,950 [main] INFO  http.HttpServer2 (HttpServer2.java:addFilter(958)) - Added filter static_user_filter (class=org.apache.hadoop.http.lib.StaticUserWebFilter$StaticUserFilter) to context logs
2019-09-21 03:23:38,950 [main] INFO  http.HttpServer2 (HttpServer2.java:addFilter(958)) - Added filter static_user_filter (class=org.apache.hadoop.http.lib.StaticUserWebFilter$StaticUserFilter) to context static
2019-09-21 03:23:38,950 [main] INFO  http.HttpServer2 (HttpServer2.java:bindListener(1191)) - Jetty bound to port 45301
2019-09-21 03:23:38,951 [main] INFO  server.Server (Server.java:doStart(351)) - jetty-9.3.24.v20180605, build timestamp: 2018-06-05T17:11:56Z, git hash: 84205aa28f11a4f31f2a3b86d1bba2cc8ab69827
2019-09-21 03:23:38,952 [main] INFO  handler.ContextHandler (ContextHandler.java:doStart(781)) - Started o.e.j.s.ServletContextHandler@115c946b{/logs,file:///workdir/hadoop-ozone/integration-test/target/log,AVAILABLE}
2019-09-21 03:23:38,952 [main] INFO  handler.ContextHandler (ContextHandler.java:doStart(781)) - Started o.e.j.s.ServletContextHandler@54f6b629{/static,jar:file:/home/user/.m2/repository/org/apache/hadoop/hadoop-hdds-container-service/0.5.0-SNAPSHOT/hadoop-hdds-container-service-0.5.0-SNAPSHOT.jar!/webapps/static,AVAILABLE}
2019-09-21 03:23:38,986 [main] INFO  handler.ContextHandler (ContextHandler.java:doStart(781)) - Started o.e.j.w.WebAppContext@7d484fcd{/,file:///tmp/jetty-0.0.0.0-45301-hddsDatanode-_-any-3711242303606534792.dir/webapp/,AVAILABLE}{/hddsDatanode}
2019-09-21 03:23:38,986 [main] INFO  server.AbstractConnector (AbstractConnector.java:doStart(278)) - Started ServerConnector@788e3702{HTTP/1.1,[http/1.1]}{0.0.0.0:45301}
2019-09-21 03:23:38,988 [main] INFO  server.Server (Server.java:doStart(419)) - Started @536514ms
2019-09-21 03:23:38,988 [main] WARN  impl.MetricsSystemImpl (MetricsSystemImpl.java:register(276)) - Sink prometheus already exists!
2019-09-21 03:23:38,989 [main] INFO  server.BaseHttpServer (BaseHttpServer.java:updateConnectorAddress(215)) - HTTP server of HDDSDATANODE is listening at http://0.0.0.0:45301
2019-09-21 03:23:38,989 [main] INFO  impl.MetricsSystemImpl (MetricsSystemImpl.java:init(158)) - HddsDatanode metrics system started (again)
2019-09-21 03:23:38,993 [org.apache.hadoop.util.JvmPauseMonitor$Monitor@f5c8c3e] INFO  util.JvmPauseMonitor (JvmPauseMonitor.java:run(188)) - Starting JVM pause monitor
2019-09-21 03:23:38,994 [main] INFO  ozone.HddsDatanodeService (HddsDatanodeService.java:start(184)) - HddsDatanodeService host:pr-hdds-2161-42js2-1613171706 ip:192.168.36.122
2019-09-21 03:23:38,994 [Datanode State Machine Thread - 0] INFO  datanode.InitDatanodeState (InitDatanodeState.java:persistContainerDatanodeDetails(140)) - DatanodeDetails is persisted to /workdir/hadoop-ozone/integration-test/target/test-dir/MiniOzoneClusterImpl-cae1a81b-9ca5-4f12-9003-0d2cd477a7a0/datanode-3/meta/datanode.id
2019-09-21 03:23:39,000 [main] INFO  volume.HddsVolume (HddsVolume.java:<init>(176)) - Creating Volume: /workdir/hadoop-ozone/integration-test/target/test-dir/MiniOzoneClusterImpl-cae1a81b-9ca5-4f12-9003-0d2cd477a7a0/datanode-4/data/containers/hdds of  storage type : DISK and capacity : 1482555576320
2019-09-21 03:23:39,001 [main] INFO  volume.VolumeSet (VolumeSet.java:initializeVolumeSet(170)) - Added Volume : /workdir/hadoop-ozone/integration-test/target/test-dir/MiniOzoneClusterImpl-cae1a81b-9ca5-4f12-9003-0d2cd477a7a0/datanode-4/data/containers/hdds to VolumeSet
2019-09-21 03:23:39,001 [main] INFO  volume.ThrottledAsyncChecker (ThrottledAsyncChecker.java:schedule(139)) - Scheduling a check for org.apache.hadoop.ozone.container.common.volume.HddsVolume@70be89ec
2019-09-21 03:23:39,001 [main] INFO  volume.HddsVolumeChecker (HddsVolumeChecker.java:checkAllVolumes(202)) - Scheduled health check for volume org.apache.hadoop.ozone.container.common.volume.HddsVolume@70be89ec
2019-09-21 03:23:39,018 [main] INFO  impl.RaftServerProxy (ConfUtils.java:logGet(43)) - raft.rpc.type = GRPC (default)
2019-09-21 03:23:39,018 [main] INFO  grpc.GrpcFactory (GrpcFactory.java:checkPooledByteBufAllocatorUseCacheForAllThreads(45)) - PERFORMANCE WARNING: useCacheForAllThreads is true that may cause Netty to create a lot garbage objects and, as a result, trigger GC.
	It is recommended to disable useCacheForAllThreads by setting -Dorg.apache.ratis.thirdparty.io.netty.allocator.useCacheForAllThreads=false in command line.
2019-09-21 03:23:39,018 [main] INFO  grpc.GrpcConfigKeys$Server (ConfUtils.java:logGet(43)) - raft.grpc.server.port = 0 (default)
2019-09-21 03:23:39,019 [main] INFO  server.GrpcService (ConfUtils.java:logGet(43)) - raft.grpc.message.size.max = 33570816 (custom)
2019-09-21 03:23:39,019 [main] INFO  server.RaftServerConfigKeys (ConfUtils.java:logGet(43)) - raft.server.log.appender.buffer.byte-limit = 33554432 (custom)
2019-09-21 03:23:39,019 [main] INFO  server.GrpcService (ConfUtils.java:logGet(43)) - raft.grpc.flow.control.window = 1MB (=1048576) (default)
2019-09-21 03:23:39,019 [main] INFO  server.RaftServerConfigKeys (ConfUtils.java:logGet(43)) - raft.server.rpc.request.timeout = 3000ms (default)
2019-09-21 03:23:39,020 [main] INFO  server.RaftServerConfigKeys (ConfUtils.java:logGet(43)) - raft.server.storage.dir = [/workdir/hadoop-ozone/integration-test/target/test-dir/MiniOzoneClusterImpl-cae1a81b-9ca5-4f12-9003-0d2cd477a7a0/datanode-4/data/ratis] (custom)
2019-09-21 03:23:39,021 [main] INFO  hdfs.DFSUtil (DFSUtil.java:httpServerTemplateForNNAndJN(1641)) - Starting Web-server for hddsDatanode at: http://0.0.0.0:0
2019-09-21 03:23:39,022 [main] INFO  server.AuthenticationFilter (AuthenticationFilter.java:constructSecretProvider(240)) - Unable to initialize FileSignerSecretProvider, falling back to use random secrets.
2019-09-21 03:23:39,023 [main] WARN  http.HttpRequestLog (HttpRequestLog.java:getRequestLog(97)) - Jetty request log can only be enabled using Log4j
2019-09-21 03:23:39,024 [main] INFO  http.HttpServer2 (HttpServer2.java:addGlobalFilter(975)) - Added global filter 'safety' (class=org.apache.hadoop.http.HttpServer2$QuotingInputFilter)
2019-09-21 03:23:39,024 [main] INFO  http.HttpServer2 (HttpServer2.java:addFilter(948)) - Added filter static_user_filter (class=org.apache.hadoop.http.lib.StaticUserWebFilter$StaticUserFilter) to context hddsDatanode
2019-09-21 03:23:39,025 [main] INFO  http.HttpServer2 (HttpServer2.java:addFilter(958)) - Added filter static_user_filter (class=org.apache.hadoop.http.lib.StaticUserWebFilter$StaticUserFilter) to context logs
2019-09-21 03:23:39,025 [main] INFO  http.HttpServer2 (HttpServer2.java:addFilter(958)) - Added filter static_user_filter (class=org.apache.hadoop.http.lib.StaticUserWebFilter$StaticUserFilter) to context static
2019-09-21 03:23:39,025 [main] INFO  http.HttpServer2 (HttpServer2.java:bindListener(1191)) - Jetty bound to port 44384
2019-09-21 03:23:39,026 [main] INFO  server.Server (Server.java:doStart(351)) - jetty-9.3.24.v20180605, build timestamp: 2018-06-05T17:11:56Z, git hash: 84205aa28f11a4f31f2a3b86d1bba2cc8ab69827
2019-09-21 03:23:39,027 [main] INFO  handler.ContextHandler (ContextHandler.java:doStart(781)) - Started o.e.j.s.ServletContextHandler@6cdee57{/logs,file:///workdir/hadoop-ozone/integration-test/target/log,AVAILABLE}
2019-09-21 03:23:39,027 [main] INFO  handler.ContextHandler (ContextHandler.java:doStart(781)) - Started o.e.j.s.ServletContextHandler@1edfedf1{/static,jar:file:/home/user/.m2/repository/org/apache/hadoop/hadoop-hdds-container-service/0.5.0-SNAPSHOT/hadoop-hdds-container-service-0.5.0-SNAPSHOT.jar!/webapps/static,AVAILABLE}
2019-09-21 03:23:39,054 [main] INFO  handler.ContextHandler (ContextHandler.java:doStart(781)) - Started o.e.j.w.WebAppContext@1bee0085{/,file:///tmp/jetty-0.0.0.0-44384-hddsDatanode-_-any-1898864558219254481.dir/webapp/,AVAILABLE}{/hddsDatanode}
2019-09-21 03:23:39,055 [main] INFO  server.AbstractConnector (AbstractConnector.java:doStart(278)) - Started ServerConnector@16e1219f{HTTP/1.1,[http/1.1]}{0.0.0.0:44384}
2019-09-21 03:23:39,056 [main] INFO  server.Server (Server.java:doStart(419)) - Started @536582ms
2019-09-21 03:23:39,056 [main] WARN  impl.MetricsSystemImpl (MetricsSystemImpl.java:register(276)) - Sink prometheus already exists!
2019-09-21 03:23:39,057 [main] INFO  server.BaseHttpServer (BaseHttpServer.java:updateConnectorAddress(215)) - HTTP server of HDDSDATANODE is listening at http://0.0.0.0:44384
2019-09-21 03:23:39,058 [main] INFO  impl.MetricsSystemImpl (MetricsSystemImpl.java:init(158)) - HddsDatanode metrics system started (again)
2019-09-21 03:23:39,062 [org.apache.hadoop.util.JvmPauseMonitor$Monitor@5e9af74e] INFO  util.JvmPauseMonitor (JvmPauseMonitor.java:run(188)) - Starting JVM pause monitor
2019-09-21 03:23:39,062 [Datanode State Machine Thread - 0] INFO  datanode.InitDatanodeState (InitDatanodeState.java:persistContainerDatanodeDetails(140)) - DatanodeDetails is persisted to /workdir/hadoop-ozone/integration-test/target/test-dir/MiniOzoneClusterImpl-cae1a81b-9ca5-4f12-9003-0d2cd477a7a0/datanode-4/meta/datanode.id
2019-09-21 03:23:39,062 [main] INFO  ozone.HddsDatanodeService (HddsDatanodeService.java:start(184)) - HddsDatanodeService host:pr-hdds-2161-42js2-1613171706 ip:192.168.36.122
2019-09-21 03:23:39,068 [main] INFO  volume.HddsVolume (HddsVolume.java:<init>(176)) - Creating Volume: /workdir/hadoop-ozone/integration-test/target/test-dir/MiniOzoneClusterImpl-cae1a81b-9ca5-4f12-9003-0d2cd477a7a0/datanode-5/data/containers/hdds of  storage type : DISK and capacity : 1482555576320
2019-09-21 03:23:39,068 [main] INFO  volume.VolumeSet (VolumeSet.java:initializeVolumeSet(170)) - Added Volume : /workdir/hadoop-ozone/integration-test/target/test-dir/MiniOzoneClusterImpl-cae1a81b-9ca5-4f12-9003-0d2cd477a7a0/datanode-5/data/containers/hdds to VolumeSet
2019-09-21 03:23:39,068 [main] INFO  volume.ThrottledAsyncChecker (ThrottledAsyncChecker.java:schedule(139)) - Scheduling a check for org.apache.hadoop.ozone.container.common.volume.HddsVolume@597d48ca
2019-09-21 03:23:39,068 [main] INFO  volume.HddsVolumeChecker (HddsVolumeChecker.java:checkAllVolumes(202)) - Scheduled health check for volume org.apache.hadoop.ozone.container.common.volume.HddsVolume@597d48ca
2019-09-21 03:23:39,080 [main] INFO  impl.RaftServerProxy (ConfUtils.java:logGet(43)) - raft.rpc.type = GRPC (default)
2019-09-21 03:23:39,080 [main] INFO  grpc.GrpcFactory (GrpcFactory.java:checkPooledByteBufAllocatorUseCacheForAllThreads(45)) - PERFORMANCE WARNING: useCacheForAllThreads is true that may cause Netty to create a lot garbage objects and, as a result, trigger GC.
	It is recommended to disable useCacheForAllThreads by setting -Dorg.apache.ratis.thirdparty.io.netty.allocator.useCacheForAllThreads=false in command line.
2019-09-21 03:23:39,080 [main] INFO  grpc.GrpcConfigKeys$Server (ConfUtils.java:logGet(43)) - raft.grpc.server.port = 0 (default)
2019-09-21 03:23:39,081 [main] INFO  server.GrpcService (ConfUtils.java:logGet(43)) - raft.grpc.message.size.max = 33570816 (custom)
2019-09-21 03:23:39,081 [main] INFO  server.RaftServerConfigKeys (ConfUtils.java:logGet(43)) - raft.server.log.appender.buffer.byte-limit = 33554432 (custom)
2019-09-21 03:23:39,081 [main] INFO  server.GrpcService (ConfUtils.java:logGet(43)) - raft.grpc.flow.control.window = 1MB (=1048576) (default)
2019-09-21 03:23:39,081 [main] INFO  server.RaftServerConfigKeys (ConfUtils.java:logGet(43)) - raft.server.rpc.request.timeout = 3000ms (default)
2019-09-21 03:23:39,082 [main] INFO  server.RaftServerConfigKeys (ConfUtils.java:logGet(43)) - raft.server.storage.dir = [/workdir/hadoop-ozone/integration-test/target/test-dir/MiniOzoneClusterImpl-cae1a81b-9ca5-4f12-9003-0d2cd477a7a0/datanode-5/data/ratis] (custom)
2019-09-21 03:23:39,083 [main] INFO  hdfs.DFSUtil (DFSUtil.java:httpServerTemplateForNNAndJN(1641)) - Starting Web-server for hddsDatanode at: http://0.0.0.0:0
2019-09-21 03:23:39,084 [main] INFO  server.AuthenticationFilter (AuthenticationFilter.java:constructSecretProvider(240)) - Unable to initialize FileSignerSecretProvider, falling back to use random secrets.
2019-09-21 03:23:39,085 [main] WARN  http.HttpRequestLog (HttpRequestLog.java:getRequestLog(97)) - Jetty request log can only be enabled using Log4j
2019-09-21 03:23:39,086 [main] INFO  http.HttpServer2 (HttpServer2.java:addGlobalFilter(975)) - Added global filter 'safety' (class=org.apache.hadoop.http.HttpServer2$QuotingInputFilter)
2019-09-21 03:23:39,086 [main] INFO  http.HttpServer2 (HttpServer2.java:addFilter(948)) - Added filter static_user_filter (class=org.apache.hadoop.http.lib.StaticUserWebFilter$StaticUserFilter) to context hddsDatanode
2019-09-21 03:23:39,086 [main] INFO  http.HttpServer2 (HttpServer2.java:addFilter(958)) - Added filter static_user_filter (class=org.apache.hadoop.http.lib.StaticUserWebFilter$StaticUserFilter) to context logs
2019-09-21 03:23:39,086 [main] INFO  http.HttpServer2 (HttpServer2.java:addFilter(958)) - Added filter static_user_filter (class=org.apache.hadoop.http.lib.StaticUserWebFilter$StaticUserFilter) to context static
2019-09-21 03:23:39,087 [main] INFO  http.HttpServer2 (HttpServer2.java:bindListener(1191)) - Jetty bound to port 43618
2019-09-21 03:23:39,087 [main] INFO  server.Server (Server.java:doStart(351)) - jetty-9.3.24.v20180605, build timestamp: 2018-06-05T17:11:56Z, git hash: 84205aa28f11a4f31f2a3b86d1bba2cc8ab69827
2019-09-21 03:23:39,088 [main] INFO  handler.ContextHandler (ContextHandler.java:doStart(781)) - Started o.e.j.s.ServletContextHandler@1fe8f5e8{/logs,file:///workdir/hadoop-ozone/integration-test/target/log,AVAILABLE}
2019-09-21 03:23:39,088 [main] INFO  handler.ContextHandler (ContextHandler.java:doStart(781)) - Started o.e.j.s.ServletContextHandler@6e3dd5ce{/static,jar:file:/home/user/.m2/repository/org/apache/hadoop/hadoop-hdds-container-service/0.5.0-SNAPSHOT/hadoop-hdds-container-service-0.5.0-SNAPSHOT.jar!/webapps/static,AVAILABLE}
2019-09-21 03:23:39,114 [main] INFO  handler.ContextHandler (ContextHandler.java:doStart(781)) - Started o.e.j.w.WebAppContext@76a9a009{/,file:///tmp/jetty-0.0.0.0-43618-hddsDatanode-_-any-3984113179749779373.dir/webapp/,AVAILABLE}{/hddsDatanode}
2019-09-21 03:23:39,114 [main] INFO  server.AbstractConnector (AbstractConnector.java:doStart(278)) - Started ServerConnector@9785903{HTTP/1.1,[http/1.1]}{0.0.0.0:43618}
2019-09-21 03:23:39,114 [main] INFO  server.Server (Server.java:doStart(419)) - Started @536640ms
2019-09-21 03:23:39,115 [main] WARN  impl.MetricsSystemImpl (MetricsSystemImpl.java:register(276)) - Sink prometheus already exists!
2019-09-21 03:23:39,116 [main] INFO  server.BaseHttpServer (BaseHttpServer.java:updateConnectorAddress(215)) - HTTP server of HDDSDATANODE is listening at http://0.0.0.0:43618
2019-09-21 03:23:39,116 [main] INFO  impl.MetricsSystemImpl (MetricsSystemImpl.java:init(158)) - HddsDatanode metrics system started (again)
2019-09-21 03:23:39,121 [org.apache.hadoop.util.JvmPauseMonitor$Monitor@40259b75] INFO  util.JvmPauseMonitor (JvmPauseMonitor.java:run(188)) - Starting JVM pause monitor
2019-09-21 03:23:39,121 [main] INFO  ozone.HddsDatanodeService (HddsDatanodeService.java:start(184)) - HddsDatanodeService host:pr-hdds-2161-42js2-1613171706 ip:192.168.36.122
2019-09-21 03:23:39,121 [Datanode State Machine Thread - 0] INFO  datanode.InitDatanodeState (InitDatanodeState.java:persistContainerDatanodeDetails(140)) - DatanodeDetails is persisted to /workdir/hadoop-ozone/integration-test/target/test-dir/MiniOzoneClusterImpl-cae1a81b-9ca5-4f12-9003-0d2cd477a7a0/datanode-5/meta/datanode.id
2019-09-21 03:23:39,126 [main] INFO  volume.HddsVolume (HddsVolume.java:<init>(176)) - Creating Volume: /workdir/hadoop-ozone/integration-test/target/test-dir/MiniOzoneClusterImpl-cae1a81b-9ca5-4f12-9003-0d2cd477a7a0/datanode-6/data/containers/hdds of  storage type : DISK and capacity : 1482555576320
2019-09-21 03:23:39,127 [main] INFO  volume.VolumeSet (VolumeSet.java:initializeVolumeSet(170)) - Added Volume : /workdir/hadoop-ozone/integration-test/target/test-dir/MiniOzoneClusterImpl-cae1a81b-9ca5-4f12-9003-0d2cd477a7a0/datanode-6/data/containers/hdds to VolumeSet
2019-09-21 03:23:39,127 [main] INFO  volume.ThrottledAsyncChecker (ThrottledAsyncChecker.java:schedule(139)) - Scheduling a check for org.apache.hadoop.ozone.container.common.volume.HddsVolume@39f0c343
2019-09-21 03:23:39,127 [main] INFO  volume.HddsVolumeChecker (HddsVolumeChecker.java:checkAllVolumes(202)) - Scheduled health check for volume org.apache.hadoop.ozone.container.common.volume.HddsVolume@39f0c343
2019-09-21 03:23:39,138 [main] INFO  impl.RaftServerProxy (ConfUtils.java:logGet(43)) - raft.rpc.type = GRPC (default)
2019-09-21 03:23:39,138 [main] INFO  grpc.GrpcFactory (GrpcFactory.java:checkPooledByteBufAllocatorUseCacheForAllThreads(45)) - PERFORMANCE WARNING: useCacheForAllThreads is true that may cause Netty to create a lot garbage objects and, as a result, trigger GC.
	It is recommended to disable useCacheForAllThreads by setting -Dorg.apache.ratis.thirdparty.io.netty.allocator.useCacheForAllThreads=false in command line.
2019-09-21 03:23:39,138 [main] INFO  grpc.GrpcConfigKeys$Server (ConfUtils.java:logGet(43)) - raft.grpc.server.port = 0 (default)
2019-09-21 03:23:39,138 [main] INFO  server.GrpcService (ConfUtils.java:logGet(43)) - raft.grpc.message.size.max = 33570816 (custom)
2019-09-21 03:23:39,138 [main] INFO  server.RaftServerConfigKeys (ConfUtils.java:logGet(43)) - raft.server.log.appender.buffer.byte-limit = 33554432 (custom)
2019-09-21 03:23:39,139 [main] INFO  server.GrpcService (ConfUtils.java:logGet(43)) - raft.grpc.flow.control.window = 1MB (=1048576) (default)
2019-09-21 03:23:39,139 [main] INFO  server.RaftServerConfigKeys (ConfUtils.java:logGet(43)) - raft.server.rpc.request.timeout = 3000ms (default)
2019-09-21 03:23:39,139 [main] INFO  server.RaftServerConfigKeys (ConfUtils.java:logGet(43)) - raft.server.storage.dir = [/workdir/hadoop-ozone/integration-test/target/test-dir/MiniOzoneClusterImpl-cae1a81b-9ca5-4f12-9003-0d2cd477a7a0/datanode-6/data/ratis] (custom)
2019-09-21 03:23:39,140 [main] INFO  hdfs.DFSUtil (DFSUtil.java:httpServerTemplateForNNAndJN(1641)) - Starting Web-server for hddsDatanode at: http://0.0.0.0:0
2019-09-21 03:23:39,141 [main] INFO  server.AuthenticationFilter (AuthenticationFilter.java:constructSecretProvider(240)) - Unable to initialize FileSignerSecretProvider, falling back to use random secrets.
2019-09-21 03:23:39,141 [main] WARN  http.HttpRequestLog (HttpRequestLog.java:getRequestLog(97)) - Jetty request log can only be enabled using Log4j
2019-09-21 03:23:39,143 [main] INFO  http.HttpServer2 (HttpServer2.java:addGlobalFilter(975)) - Added global filter 'safety' (class=org.apache.hadoop.http.HttpServer2$QuotingInputFilter)
2019-09-21 03:23:39,143 [main] INFO  http.HttpServer2 (HttpServer2.java:addFilter(948)) - Added filter static_user_filter (class=org.apache.hadoop.http.lib.StaticUserWebFilter$StaticUserFilter) to context hddsDatanode
2019-09-21 03:23:39,143 [main] INFO  http.HttpServer2 (HttpServer2.java:addFilter(958)) - Added filter static_user_filter (class=org.apache.hadoop.http.lib.StaticUserWebFilter$StaticUserFilter) to context logs
2019-09-21 03:23:39,143 [main] INFO  http.HttpServer2 (HttpServer2.java:addFilter(958)) - Added filter static_user_filter (class=org.apache.hadoop.http.lib.StaticUserWebFilter$StaticUserFilter) to context static
2019-09-21 03:23:39,144 [main] INFO  http.HttpServer2 (HttpServer2.java:bindListener(1191)) - Jetty bound to port 43934
2019-09-21 03:23:39,144 [main] INFO  server.Server (Server.java:doStart(351)) - jetty-9.3.24.v20180605, build timestamp: 2018-06-05T17:11:56Z, git hash: 84205aa28f11a4f31f2a3b86d1bba2cc8ab69827
2019-09-21 03:23:39,145 [main] INFO  handler.ContextHandler (ContextHandler.java:doStart(781)) - Started o.e.j.s.ServletContextHandler@1a2e563e{/logs,file:///workdir/hadoop-ozone/integration-test/target/log,AVAILABLE}
2019-09-21 03:23:39,145 [main] INFO  handler.ContextHandler (ContextHandler.java:doStart(781)) - Started o.e.j.s.ServletContextHandler@62ea8931{/static,jar:file:/home/user/.m2/repository/org/apache/hadoop/hadoop-hdds-container-service/0.5.0-SNAPSHOT/hadoop-hdds-container-service-0.5.0-SNAPSHOT.jar!/webapps/static,AVAILABLE}
2019-09-21 03:23:39,169 [main] INFO  handler.ContextHandler (ContextHandler.java:doStart(781)) - Started o.e.j.w.WebAppContext@649b5891{/,file:///tmp/jetty-0.0.0.0-43934-hddsDatanode-_-any-7510967924824010450.dir/webapp/,AVAILABLE}{/hddsDatanode}
2019-09-21 03:23:39,170 [main] INFO  server.AbstractConnector (AbstractConnector.java:doStart(278)) - Started ServerConnector@7a3f08b6{HTTP/1.1,[http/1.1]}{0.0.0.0:43934}
2019-09-21 03:23:39,173 [main] INFO  server.Server (Server.java:doStart(419)) - Started @536699ms
2019-09-21 03:23:39,173 [main] WARN  impl.MetricsSystemImpl (MetricsSystemImpl.java:register(276)) - Sink prometheus already exists!
2019-09-21 03:23:39,174 [main] INFO  server.BaseHttpServer (BaseHttpServer.java:updateConnectorAddress(215)) - HTTP server of HDDSDATANODE is listening at http://0.0.0.0:43934
2019-09-21 03:23:39,175 [main] INFO  ozone.MiniOzoneClusterImpl (MiniOzoneClusterImpl.java:lambda$waitForClusterToBeReady$0(147)) - Waiting for cluster to be ready. Got 0 of 7 DN Heartbeats.
2019-09-21 03:23:39,176 [org.apache.hadoop.util.JvmPauseMonitor$Monitor@365a4a6] INFO  util.JvmPauseMonitor (JvmPauseMonitor.java:run(188)) - Starting JVM pause monitor
2019-09-21 03:23:39,176 [Datanode State Machine Thread - 0] INFO  datanode.InitDatanodeState (InitDatanodeState.java:persistContainerDatanodeDetails(140)) - DatanodeDetails is persisted to /workdir/hadoop-ozone/integration-test/target/test-dir/MiniOzoneClusterImpl-cae1a81b-9ca5-4f12-9003-0d2cd477a7a0/datanode-6/meta/datanode.id
2019-09-21 03:23:40,175 [main] INFO  ozone.MiniOzoneClusterImpl (MiniOzoneClusterImpl.java:lambda$waitForClusterToBeReady$0(147)) - Waiting for cluster to be ready. Got 0 of 7 DN Heartbeats.
2019-09-21 03:23:40,826 [Datanode State Machine Thread - 0] INFO  ozoneimpl.OzoneContainer (OzoneContainer.java:start(217)) - Attempting to start container services.
2019-09-21 03:23:40,827 [Datanode State Machine Thread - 0] INFO  ozoneimpl.OzoneContainer (OzoneContainer.java:startContainerScrub(179)) - Background container scanner has been disabled.
2019-09-21 03:23:40,828 [Datanode State Machine Thread - 0] INFO  ratis.XceiverServerRatis (XceiverServerRatis.java:start(411)) - Starting XceiverServerRatis 3f34ee0a-5f1f-4899-a1d6-9aea1a91e47f at port 0
2019-09-21 03:23:40,835 [Datanode State Machine Thread - 0] INFO  impl.RaftServerProxy (RaftServerProxy.java:lambda$start$3(299)) - 3f34ee0a-5f1f-4899-a1d6-9aea1a91e47f: start RPC server
2019-09-21 03:23:40,838 [Datanode State Machine Thread - 0] INFO  server.GrpcService (GrpcService.java:startImpl(158)) - 3f34ee0a-5f1f-4899-a1d6-9aea1a91e47f: GrpcService started, listening on 0.0.0.0/0.0.0.0:38557
2019-09-21 03:23:40,838 [Datanode State Machine Thread - 0] INFO  ratis.XceiverServerRatis (XceiverServerRatis.java:start(421)) - XceiverServerRatis 3f34ee0a-5f1f-4899-a1d6-9aea1a91e47f is started using port 38557
2019-09-21 03:23:40,840 [Datanode State Machine Thread - 0] INFO  server.XceiverServerGrpc (XceiverServerGrpc.java:start(149)) - XceiverServerGrpc 3f34ee0a-5f1f-4899-a1d6-9aea1a91e47f is started using port 40560
2019-09-21 03:23:40,874 [Datanode State Machine Thread - 0] INFO  ozoneimpl.OzoneContainer (OzoneContainer.java:start(217)) - Attempting to start container services.
2019-09-21 03:23:40,874 [Datanode State Machine Thread - 0] INFO  ozoneimpl.OzoneContainer (OzoneContainer.java:startContainerScrub(179)) - Background container scanner has been disabled.
2019-09-21 03:23:40,875 [Datanode State Machine Thread - 0] INFO  ratis.XceiverServerRatis (XceiverServerRatis.java:start(411)) - Starting XceiverServerRatis b760601b-20df-4ecf-8386-2afc7d1b8d1f at port 0
2019-09-21 03:23:40,881 [Datanode State Machine Thread - 0] INFO  impl.RaftServerProxy (RaftServerProxy.java:lambda$start$3(299)) - b760601b-20df-4ecf-8386-2afc7d1b8d1f: start RPC server
2019-09-21 03:23:40,883 [Datanode State Machine Thread - 0] INFO  server.GrpcService (GrpcService.java:startImpl(158)) - b760601b-20df-4ecf-8386-2afc7d1b8d1f: GrpcService started, listening on 0.0.0.0/0.0.0.0:40326
2019-09-21 03:23:40,883 [Datanode State Machine Thread - 0] INFO  ratis.XceiverServerRatis (XceiverServerRatis.java:start(421)) - XceiverServerRatis b760601b-20df-4ecf-8386-2afc7d1b8d1f is started using port 40326
2019-09-21 03:23:40,884 [Datanode State Machine Thread - 0] INFO  server.XceiverServerGrpc (XceiverServerGrpc.java:start(149)) - XceiverServerGrpc b760601b-20df-4ecf-8386-2afc7d1b8d1f is started using port 38211
2019-09-21 03:23:40,943 [Datanode State Machine Thread - 0] INFO  ozoneimpl.OzoneContainer (OzoneContainer.java:start(217)) - Attempting to start container services.
2019-09-21 03:23:40,943 [Datanode State Machine Thread - 0] INFO  ozoneimpl.OzoneContainer (OzoneContainer.java:startContainerScrub(179)) - Background container scanner has been disabled.
2019-09-21 03:23:40,944 [Datanode State Machine Thread - 0] INFO  ratis.XceiverServerRatis (XceiverServerRatis.java:start(411)) - Starting XceiverServerRatis e0b13bb3-f106-4a40-bedd-a90450f34792 at port 0
2019-09-21 03:23:40,948 [Datanode State Machine Thread - 0] INFO  impl.RaftServerProxy (RaftServerProxy.java:lambda$start$3(299)) - e0b13bb3-f106-4a40-bedd-a90450f34792: start RPC server
2019-09-21 03:23:40,949 [Datanode State Machine Thread - 0] INFO  server.GrpcService (GrpcService.java:startImpl(158)) - e0b13bb3-f106-4a40-bedd-a90450f34792: GrpcService started, listening on 0.0.0.0/0.0.0.0:46354
2019-09-21 03:23:40,949 [Datanode State Machine Thread - 0] INFO  ratis.XceiverServerRatis (XceiverServerRatis.java:start(421)) - XceiverServerRatis e0b13bb3-f106-4a40-bedd-a90450f34792 is started using port 46354
2019-09-21 03:23:40,949 [Datanode State Machine Thread - 0] INFO  server.XceiverServerGrpc (XceiverServerGrpc.java:start(149)) - XceiverServerGrpc e0b13bb3-f106-4a40-bedd-a90450f34792 is started using port 40665
2019-09-21 03:23:41,008 [Datanode State Machine Thread - 0] INFO  ozoneimpl.OzoneContainer (OzoneContainer.java:start(217)) - Attempting to start container services.
2019-09-21 03:23:41,008 [Datanode State Machine Thread - 0] INFO  ozoneimpl.OzoneContainer (OzoneContainer.java:startContainerScrub(179)) - Background container scanner has been disabled.
2019-09-21 03:23:41,008 [Datanode State Machine Thread - 0] INFO  ratis.XceiverServerRatis (XceiverServerRatis.java:start(411)) - Starting XceiverServerRatis bef20ca5-bd9d-4b10-9717-ad28e839cae3 at port 0
2019-09-21 03:23:41,014 [Datanode State Machine Thread - 0] INFO  impl.RaftServerProxy (RaftServerProxy.java:lambda$start$3(299)) - bef20ca5-bd9d-4b10-9717-ad28e839cae3: start RPC server
2019-09-21 03:23:41,015 [Datanode State Machine Thread - 0] INFO  server.GrpcService (GrpcService.java:startImpl(158)) - bef20ca5-bd9d-4b10-9717-ad28e839cae3: GrpcService started, listening on 0.0.0.0/0.0.0.0:41507
2019-09-21 03:23:41,015 [Datanode State Machine Thread - 0] INFO  ratis.XceiverServerRatis (XceiverServerRatis.java:start(421)) - XceiverServerRatis bef20ca5-bd9d-4b10-9717-ad28e839cae3 is started using port 41507
2019-09-21 03:23:41,015 [Datanode State Machine Thread - 0] INFO  server.XceiverServerGrpc (XceiverServerGrpc.java:start(149)) - XceiverServerGrpc bef20ca5-bd9d-4b10-9717-ad28e839cae3 is started using port 41670
2019-09-21 03:23:41,079 [Datanode State Machine Thread - 0] INFO  ozoneimpl.OzoneContainer (OzoneContainer.java:start(217)) - Attempting to start container services.
2019-09-21 03:23:41,079 [Datanode State Machine Thread - 0] INFO  ozoneimpl.OzoneContainer (OzoneContainer.java:startContainerScrub(179)) - Background container scanner has been disabled.
2019-09-21 03:23:41,079 [Datanode State Machine Thread - 0] INFO  ratis.XceiverServerRatis (XceiverServerRatis.java:start(411)) - Starting XceiverServerRatis fb72d5d5-9329-40c5-96ab-8fbea53877da at port 0
2019-09-21 03:23:41,087 [Datanode State Machine Thread - 0] INFO  impl.RaftServerProxy (RaftServerProxy.java:lambda$start$3(299)) - fb72d5d5-9329-40c5-96ab-8fbea53877da: start RPC server
2019-09-21 03:23:41,088 [Datanode State Machine Thread - 0] INFO  server.GrpcService (GrpcService.java:startImpl(158)) - fb72d5d5-9329-40c5-96ab-8fbea53877da: GrpcService started, listening on 0.0.0.0/0.0.0.0:35569
2019-09-21 03:23:41,088 [Datanode State Machine Thread - 0] INFO  ratis.XceiverServerRatis (XceiverServerRatis.java:start(421)) - XceiverServerRatis fb72d5d5-9329-40c5-96ab-8fbea53877da is started using port 35569
2019-09-21 03:23:41,091 [Datanode State Machine Thread - 0] INFO  server.XceiverServerGrpc (XceiverServerGrpc.java:start(149)) - XceiverServerGrpc fb72d5d5-9329-40c5-96ab-8fbea53877da is started using port 44844
2019-09-21 03:23:41,140 [Datanode State Machine Thread - 0] INFO  ozoneimpl.OzoneContainer (OzoneContainer.java:start(217)) - Attempting to start container services.
2019-09-21 03:23:41,141 [Datanode State Machine Thread - 0] INFO  ozoneimpl.OzoneContainer (OzoneContainer.java:startContainerScrub(179)) - Background container scanner has been disabled.
2019-09-21 03:23:41,141 [Datanode State Machine Thread - 0] INFO  ratis.XceiverServerRatis (XceiverServerRatis.java:start(411)) - Starting XceiverServerRatis eba3c3e9-81e1-4dd5-8a54-7a7aa2aef730 at port 0
2019-09-21 03:23:41,147 [Datanode State Machine Thread - 0] INFO  impl.RaftServerProxy (RaftServerProxy.java:lambda$start$3(299)) - eba3c3e9-81e1-4dd5-8a54-7a7aa2aef730: start RPC server
2019-09-21 03:23:41,150 [Datanode State Machine Thread - 0] INFO  server.GrpcService (GrpcService.java:startImpl(158)) - eba3c3e9-81e1-4dd5-8a54-7a7aa2aef730: GrpcService started, listening on 0.0.0.0/0.0.0.0:40551
2019-09-21 03:23:41,150 [Datanode State Machine Thread - 0] INFO  ratis.XceiverServerRatis (XceiverServerRatis.java:start(421)) - XceiverServerRatis eba3c3e9-81e1-4dd5-8a54-7a7aa2aef730 is started using port 40551
2019-09-21 03:23:41,152 [Datanode State Machine Thread - 0] INFO  server.XceiverServerGrpc (XceiverServerGrpc.java:start(149)) - XceiverServerGrpc eba3c3e9-81e1-4dd5-8a54-7a7aa2aef730 is started using port 41855
2019-09-21 03:23:41,176 [main] INFO  ozone.MiniOzoneClusterImpl (MiniOzoneClusterImpl.java:lambda$waitForClusterToBeReady$0(147)) - Waiting for cluster to be ready. Got 0 of 7 DN Heartbeats.
2019-09-21 03:23:41,193 [Datanode State Machine Thread - 0] INFO  ozoneimpl.OzoneContainer (OzoneContainer.java:start(217)) - Attempting to start container services.
2019-09-21 03:23:41,193 [Datanode State Machine Thread - 0] INFO  ozoneimpl.OzoneContainer (OzoneContainer.java:startContainerScrub(179)) - Background container scanner has been disabled.
2019-09-21 03:23:41,194 [Datanode State Machine Thread - 0] INFO  ratis.XceiverServerRatis (XceiverServerRatis.java:start(411)) - Starting XceiverServerRatis 71e3ea0d-2bbd-4975-aca2-4e0b0af2cb8e at port 0
2019-09-21 03:23:41,200 [Datanode State Machine Thread - 0] INFO  impl.RaftServerProxy (RaftServerProxy.java:lambda$start$3(299)) - 71e3ea0d-2bbd-4975-aca2-4e0b0af2cb8e: start RPC server
2019-09-21 03:23:41,202 [Datanode State Machine Thread - 0] INFO  server.GrpcService (GrpcService.java:startImpl(158)) - 71e3ea0d-2bbd-4975-aca2-4e0b0af2cb8e: GrpcService started, listening on 0.0.0.0/0.0.0.0:36765
2019-09-21 03:23:41,202 [Datanode State Machine Thread - 0] INFO  ratis.XceiverServerRatis (XceiverServerRatis.java:start(421)) - XceiverServerRatis 71e3ea0d-2bbd-4975-aca2-4e0b0af2cb8e is started using port 36765
2019-09-21 03:23:41,216 [Datanode State Machine Thread - 0] INFO  server.XceiverServerGrpc (XceiverServerGrpc.java:start(149)) - XceiverServerGrpc 71e3ea0d-2bbd-4975-aca2-4e0b0af2cb8e is started using port 34078
2019-09-21 03:23:42,176 [main] INFO  ozone.MiniOzoneClusterImpl (MiniOzoneClusterImpl.java:lambda$waitForClusterToBeReady$0(147)) - Waiting for cluster to be ready. Got 0 of 7 DN Heartbeats.
2019-09-21 03:23:42,796 [IPC Server handler 1 on 43558] INFO  net.NetworkTopology (NetworkTopologyImpl.java:add(111)) - Added a new node: /default-rack/3f34ee0a-5f1f-4899-a1d6-9aea1a91e47f
2019-09-21 03:23:42,798 [IPC Server handler 1 on 43558] INFO  node.SCMNodeManager (SCMNodeManager.java:register(266)) - Registered Data node : 3f34ee0a-5f1f-4899-a1d6-9aea1a91e47f{ip: 192.168.36.122, host: pr-hdds-2161-42js2-1613171706, networkLocation: /default-rack, certSerialId: null}
2019-09-21 03:23:42,799 [EventQueue-NodeRegistrationContainerReportForDataNodeSafeModeRule] INFO  safemode.SCMSafeModeManager (DataNodeSafeModeRule.java:process(71)) - SCM in safe mode. 1 DataNodes registered, 1 required.
2019-09-21 03:23:42,801 [EventQueue-NodeRegistrationContainerReportForDataNodeSafeModeRule] INFO  safemode.SCMSafeModeManager (SCMSafeModeManager.java:validateSafeModeExitRules(177)) - ScmSafeModeManager, all rules are successfully validated
2019-09-21 03:23:42,801 [EventQueue-NodeRegistrationContainerReportForDataNodeSafeModeRule] INFO  safemode.SCMSafeModeManager (SCMSafeModeManager.java:exitSafeMode(193)) - SCM exiting safe mode.
2019-09-21 03:23:42,813 [grpc-default-executor-6] INFO  impl.RaftServerProxy (RaftServerProxy.java:addNew(89)) - 3f34ee0a-5f1f-4899-a1d6-9aea1a91e47f: addNew group-B81F51412A05:[3f34ee0a-5f1f-4899-a1d6-9aea1a91e47f:192.168.36.122:38557] returns group-B81F51412A05:java.util.concurrent.CompletableFuture@581ab652[Not completed]
2019-09-21 03:23:42,816 [pool-409-thread-1] INFO  impl.RaftServerImpl (RaftServerImpl.java:<init>(95)) - 3f34ee0a-5f1f-4899-a1d6-9aea1a91e47f: new RaftServerImpl for group-B81F51412A05:[3f34ee0a-5f1f-4899-a1d6-9aea1a91e47f:192.168.36.122:38557] with ContainerStateMachine:uninitialized
2019-09-21 03:23:42,816 [pool-409-thread-1] INFO  server.RaftServerConfigKeys (ConfUtils.java:logGet(43)) - raft.server.rpc.timeout.min = 5s (custom)
2019-09-21 03:23:42,816 [pool-409-thread-1] INFO  server.RaftServerConfigKeys (ConfUtils.java:logGet(43)) - raft.server.rpc.timeout.max = 5200ms (custom)
2019-09-21 03:23:42,816 [pool-409-thread-1] INFO  server.RaftServerConfigKeys (ConfUtils.java:logGet(43)) - raft.server.rpcslowness.timeout = 120s (custom)
2019-09-21 03:23:42,816 [pool-409-thread-1] INFO  server.RaftServerConfigKeys (ConfUtils.java:logGet(43)) - raft.server.sleep.deviation.threshold = 300 (default)
2019-09-21 03:23:42,816 [pool-409-thread-1] INFO  server.RaftServerConfigKeys (ConfUtils.java:logGet(43)) - raft.server.log.appender.install.snapshot.enabled = false (custom)
2019-09-21 03:23:42,816 [pool-409-thread-1] INFO  impl.RaftServerImpl (ServerState.java:<init>(103)) - 3f34ee0a-5f1f-4899-a1d6-9aea1a91e47f@group-B81F51412A05: ConfigurationManager, init=-1: [3f34ee0a-5f1f-4899-a1d6-9aea1a91e47f:192.168.36.122:38557], old=null, confs=<EMPTY_MAP>
2019-09-21 03:23:42,817 [pool-409-thread-1] INFO  server.RaftServerConfigKeys (ConfUtils.java:logGet(43)) - raft.server.storage.dir = [/workdir/hadoop-ozone/integration-test/target/test-dir/MiniOzoneClusterImpl-cae1a81b-9ca5-4f12-9003-0d2cd477a7a0/datanode-0/data/ratis] (custom)
2019-09-21 03:23:42,817 [pool-409-thread-1] INFO  storage.RaftStorageDirectory (RaftStorageDirectory.java:analyzeStorage(246)) - The storage directory /workdir/hadoop-ozone/integration-test/target/test-dir/MiniOzoneClusterImpl-cae1a81b-9ca5-4f12-9003-0d2cd477a7a0/datanode-0/data/ratis/8c4f2bbf-e57d-4a8b-baf1-b81f51412a05 does not exist. Creating ...
2019-09-21 03:23:42,842 [pool-409-thread-1] INFO  storage.RaftStorageDirectory (RaftStorageDirectory.java:tryLock(328)) - Lock on /workdir/hadoop-ozone/integration-test/target/test-dir/MiniOzoneClusterImpl-cae1a81b-9ca5-4f12-9003-0d2cd477a7a0/datanode-0/data/ratis/8c4f2bbf-e57d-4a8b-baf1-b81f51412a05/in_use.lock acquired by nodename 24290@pr-hdds-2161-42js2-1613171706
2019-09-21 03:23:42,852 [IPC Server handler 2 on 43558] INFO  net.NetworkTopology (NetworkTopologyImpl.java:add(111)) - Added a new node: /default-rack/b760601b-20df-4ecf-8386-2afc7d1b8d1f
2019-09-21 03:23:42,853 [IPC Server handler 2 on 43558] INFO  node.SCMNodeManager (SCMNodeManager.java:register(266)) - Registered Data node : b760601b-20df-4ecf-8386-2afc7d1b8d1f{ip: 192.168.36.122, host: pr-hdds-2161-42js2-1613171706, networkLocation: /default-rack, certSerialId: null}
2019-09-21 03:23:42,855 [pool-409-thread-1] INFO  storage.RaftStorage (RaftStorage.java:format(72)) - Storage directory /workdir/hadoop-ozone/integration-test/target/test-dir/MiniOzoneClusterImpl-cae1a81b-9ca5-4f12-9003-0d2cd477a7a0/datanode-0/data/ratis/8c4f2bbf-e57d-4a8b-baf1-b81f51412a05 has been successfully formatted.
2019-09-21 03:23:42,856 [pool-409-thread-1] INFO  ratis.ContainerStateMachine (ContainerStateMachine.java:loadSnapshot(230)) - group-B81F51412A05: The snapshot info is null. Setting the last applied indexto:(t:0, i:~)
2019-09-21 03:23:42,856 [pool-409-thread-1] INFO  server.RaftServerConfigKeys (ConfUtils.java:logGet(43)) - raft.server.notification.no-leader.timeout = 120s (custom)
2019-09-21 03:23:42,856 [pool-409-thread-1] INFO  server.RaftServerConfigKeys (ConfUtils.java:logGet(43)) - raft.server.log.use.memory = false (default)
2019-09-21 03:23:42,856 [pool-409-thread-1] INFO  server.RaftServerConfigKeys (ConfUtils.java:logGet(43)) - raft.server.log.purge.gap = 1000000 (custom)
2019-09-21 03:23:42,856 [pool-409-thread-1] INFO  server.RaftServerConfigKeys (ConfUtils.java:logGet(43)) - raft.server.log.appender.buffer.byte-limit = 33554432 (custom)
2019-09-21 03:23:42,857 [pool-409-thread-1] INFO  server.RaftServerConfigKeys (ConfUtils.java:logGet(43)) - raft.server.log.segment.size.max = 1048576 (custom)
2019-09-21 03:23:42,857 [pool-409-thread-1] INFO  server.RaftServerConfigKeys (ConfUtils.java:logGet(43)) - raft.server.log.segment.cache.num.max = 2 (custom)
2019-09-21 03:23:42,857 [pool-409-thread-1] INFO  segmented.SegmentedRaftLogWorker (SegmentedRaftLogWorker.java:<init>(172)) - new 3f34ee0a-5f1f-4899-a1d6-9aea1a91e47f@group-B81F51412A05-SegmentedRaftLogWorker for RaftStorage:Storage Directory /workdir/hadoop-ozone/integration-test/target/test-dir/MiniOzoneClusterImpl-cae1a81b-9ca5-4f12-9003-0d2cd477a7a0/datanode-0/data/ratis/8c4f2bbf-e57d-4a8b-baf1-b81f51412a05
2019-09-21 03:23:42,859 [pool-409-thread-1] INFO  server.RaftServerConfigKeys (ConfUtils.java:logGet(43)) - raft.server.log.queue.byte-limit = 2147483647 (custom)
2019-09-21 03:23:42,859 [pool-409-thread-1] INFO  server.RaftServerConfigKeys (ConfUtils.java:logGet(43)) - raft.server.log.queue.element-limit = 1024 (custom)
2019-09-21 03:23:42,859 [pool-409-thread-1] INFO  server.RaftServerConfigKeys (ConfUtils.java:logGet(43)) - raft.server.log.segment.size.max = 1048576 (custom)
2019-09-21 03:23:42,859 [pool-409-thread-1] INFO  server.RaftServerConfigKeys (ConfUtils.java:logGet(43)) - raft.server.log.preallocated.size = 16384 (custom)
2019-09-21 03:23:42,860 [pool-409-thread-1] INFO  server.RaftServerConfigKeys (ConfUtils.java:logGet(43)) - raft.server.log.write.buffer.size = 33554432 (custom)
2019-09-21 03:23:42,860 [pool-409-thread-1] INFO  server.RaftServerConfigKeys (ConfUtils.java:logGet(43)) - raft.server.log.force.sync.num = 128 (default)
2019-09-21 03:23:42,860 [pool-409-thread-1] INFO  server.RaftServerConfigKeys (ConfUtils.java:logGet(43)) - raft.server.log.statemachine.data.sync = true (default)
2019-09-21 03:23:42,860 [pool-409-thread-1] INFO  server.RaftServerConfigKeys (ConfUtils.java:logGet(43)) - raft.server.log.statemachine.data.sync.timeout = 10s (default)
2019-09-21 03:23:42,860 [pool-409-thread-1] INFO  server.RaftServerConfigKeys (ConfUtils.java:logGet(43)) - raft.server.log.statemachine.data.sync.timeout.retry = -1 (default)
2019-09-21 03:23:42,860 [pool-409-thread-1] INFO  server.RaftServerConfigKeys (ConfUtils.java:logGet(43)) - raft.server.log.statemachine.data.caching.enabled = true (custom)
2019-09-21 03:23:42,861 [pool-409-thread-1] INFO  segmented.SegmentedRaftLogWorker (SegmentedRaftLogWorker.java:lambda$new$0(132)) - 3f34ee0a-5f1f-4899-a1d6-9aea1a91e47f@group-B81F51412A05-SegmentedRaftLogWorker: flushIndex: setUnconditionally 0 -> -1
2019-09-21 03:23:42,861 [pool-409-thread-1] INFO  server.RaftServerConfigKeys (ConfUtils.java:logGet(43)) - raft.server.snapshot.auto.trigger.enabled = true (custom)
2019-09-21 03:23:42,861 [pool-409-thread-1] INFO  server.RaftServerConfigKeys (ConfUtils.java:logGet(43)) - raft.server.snapshot.auto.trigger.threshold = 10000 (custom)
2019-09-21 03:23:42,861 [pool-409-thread-1] INFO  server.RaftServerConfigKeys (ConfUtils.java:logGet(43)) - raft.server.snapshot.retention.num.files = 5 (custom)
2019-09-21 03:23:42,862 [pool-409-thread-1] INFO  server.RaftServerConfigKeys (ConfUtils.java:logGet(43)) - raft.server.retrycache.expirytime = 600000ms (custom)
2019-09-21 03:23:42,864 [pool-409-thread-1] INFO  impl.RaftServerImpl (RaftServerImpl.java:start(185)) - 3f34ee0a-5f1f-4899-a1d6-9aea1a91e47f@group-B81F51412A05: start as a follower, conf=-1: [3f34ee0a-5f1f-4899-a1d6-9aea1a91e47f:192.168.36.122:38557], old=null
2019-09-21 03:23:42,864 [pool-409-thread-1] INFO  impl.RaftServerImpl (RaftServerImpl.java:setRole(174)) - 3f34ee0a-5f1f-4899-a1d6-9aea1a91e47f@group-B81F51412A05: changes role from      null to FOLLOWER at term 0 for startAsFollower
2019-09-21 03:23:42,864 [pool-409-thread-1] INFO  impl.RoleInfo (RoleInfo.java:updateAndGet(143)) - 3f34ee0a-5f1f-4899-a1d6-9aea1a91e47f: start FollowerState
2019-09-21 03:23:42,872 [pool-409-thread-1] INFO  util.JmxRegister (JmxRegister.java:tryRegister(44)) - Successfully registered JMX Bean with object name Ratis:service=RaftServer,group=group-B81F51412A05,id=3f34ee0a-5f1f-4899-a1d6-9aea1a91e47f
2019-09-21 03:23:42,875 [RatisPipelineUtilsThread] INFO  pipeline.PipelineStateManager (PipelineStateManager.java:addPipeline(56)) - Created pipeline Pipeline[ Id: 8c4f2bbf-e57d-4a8b-baf1-b81f51412a05, Nodes: 3f34ee0a-5f1f-4899-a1d6-9aea1a91e47f{ip: 192.168.36.122, host: pr-hdds-2161-42js2-1613171706, networkLocation: /default-rack, certSerialId: null}, Type:RATIS, Factor:ONE, State:OPEN]
2019-09-21 03:23:42,881 [grpc-default-executor-6] INFO  impl.RaftServerProxy (RaftServerProxy.java:addNew(89)) - b760601b-20df-4ecf-8386-2afc7d1b8d1f: addNew group-748D8DC243F6:[b760601b-20df-4ecf-8386-2afc7d1b8d1f:192.168.36.122:40326] returns group-748D8DC243F6:java.util.concurrent.CompletableFuture@76e5f77a[Not completed]
2019-09-21 03:23:42,882 [pool-419-thread-1] INFO  impl.RaftServerImpl (RaftServerImpl.java:<init>(95)) - b760601b-20df-4ecf-8386-2afc7d1b8d1f: new RaftServerImpl for group-748D8DC243F6:[b760601b-20df-4ecf-8386-2afc7d1b8d1f:192.168.36.122:40326] with ContainerStateMachine:uninitialized
2019-09-21 03:23:42,882 [pool-419-thread-1] INFO  server.RaftServerConfigKeys (ConfUtils.java:logGet(43)) - raft.server.rpc.timeout.min = 5s (custom)
2019-09-21 03:23:42,882 [pool-419-thread-1] INFO  server.RaftServerConfigKeys (ConfUtils.java:logGet(43)) - raft.server.rpc.timeout.max = 5200ms (custom)
2019-09-21 03:23:42,882 [pool-419-thread-1] INFO  server.RaftServerConfigKeys (ConfUtils.java:logGet(43)) - raft.server.rpcslowness.timeout = 120s (custom)
2019-09-21 03:23:42,882 [pool-419-thread-1] INFO  server.RaftServerConfigKeys (ConfUtils.java:logGet(43)) - raft.server.sleep.deviation.threshold = 300 (default)
2019-09-21 03:23:42,882 [pool-419-thread-1] INFO  server.RaftServerConfigKeys (ConfUtils.java:logGet(43)) - raft.server.log.appender.install.snapshot.enabled = false (custom)
2019-09-21 03:23:42,882 [pool-419-thread-1] INFO  impl.RaftServerImpl (ServerState.java:<init>(103)) - b760601b-20df-4ecf-8386-2afc7d1b8d1f@group-748D8DC243F6: ConfigurationManager, init=-1: [b760601b-20df-4ecf-8386-2afc7d1b8d1f:192.168.36.122:40326], old=null, confs=<EMPTY_MAP>
2019-09-21 03:23:42,883 [pool-419-thread-1] INFO  server.RaftServerConfigKeys (ConfUtils.java:logGet(43)) - raft.server.storage.dir = [/workdir/hadoop-ozone/integration-test/target/test-dir/MiniOzoneClusterImpl-cae1a81b-9ca5-4f12-9003-0d2cd477a7a0/datanode-1/data/ratis] (custom)
2019-09-21 03:23:42,883 [pool-419-thread-1] INFO  storage.RaftStorageDirectory (RaftStorageDirectory.java:analyzeStorage(246)) - The storage directory /workdir/hadoop-ozone/integration-test/target/test-dir/MiniOzoneClusterImpl-cae1a81b-9ca5-4f12-9003-0d2cd477a7a0/datanode-1/data/ratis/ed688e68-f314-41fe-9a25-748d8dc243f6 does not exist. Creating ...
2019-09-21 03:23:42,909 [pool-419-thread-1] INFO  storage.RaftStorageDirectory (RaftStorageDirectory.java:tryLock(328)) - Lock on /workdir/hadoop-ozone/integration-test/target/test-dir/MiniOzoneClusterImpl-cae1a81b-9ca5-4f12-9003-0d2cd477a7a0/datanode-1/data/ratis/ed688e68-f314-41fe-9a25-748d8dc243f6/in_use.lock acquired by nodename 24290@pr-hdds-2161-42js2-1613171706
2019-09-21 03:23:42,922 [pool-419-thread-1] INFO  storage.RaftStorage (RaftStorage.java:format(72)) - Storage directory /workdir/hadoop-ozone/integration-test/target/test-dir/MiniOzoneClusterImpl-cae1a81b-9ca5-4f12-9003-0d2cd477a7a0/datanode-1/data/ratis/ed688e68-f314-41fe-9a25-748d8dc243f6 has been successfully formatted.
2019-09-21 03:23:42,922 [pool-419-thread-1] INFO  ratis.ContainerStateMachine (ContainerStateMachine.java:loadSnapshot(230)) - group-748D8DC243F6: The snapshot info is null. Setting the last applied indexto:(t:0, i:~)
2019-09-21 03:23:42,923 [pool-419-thread-1] INFO  server.RaftServerConfigKeys (ConfUtils.java:logGet(43)) - raft.server.notification.no-leader.timeout = 120s (custom)
2019-09-21 03:23:42,923 [pool-419-thread-1] INFO  server.RaftServerConfigKeys (ConfUtils.java:logGet(43)) - raft.server.log.use.memory = false (default)
2019-09-21 03:23:42,923 [pool-419-thread-1] INFO  server.RaftServerConfigKeys (ConfUtils.java:logGet(43)) - raft.server.log.purge.gap = 1000000 (custom)
2019-09-21 03:23:42,923 [pool-419-thread-1] INFO  server.RaftServerConfigKeys (ConfUtils.java:logGet(43)) - raft.server.log.appender.buffer.byte-limit = 33554432 (custom)
2019-09-21 03:23:42,923 [pool-419-thread-1] INFO  server.RaftServerConfigKeys (ConfUtils.java:logGet(43)) - raft.server.log.segment.size.max = 1048576 (custom)
2019-09-21 03:23:42,923 [pool-419-thread-1] INFO  server.RaftServerConfigKeys (ConfUtils.java:logGet(43)) - raft.server.log.segment.cache.num.max = 2 (custom)
2019-09-21 03:23:42,923 [pool-419-thread-1] INFO  segmented.SegmentedRaftLogWorker (SegmentedRaftLogWorker.java:<init>(172)) - new b760601b-20df-4ecf-8386-2afc7d1b8d1f@group-748D8DC243F6-SegmentedRaftLogWorker for RaftStorage:Storage Directory /workdir/hadoop-ozone/integration-test/target/test-dir/MiniOzoneClusterImpl-cae1a81b-9ca5-4f12-9003-0d2cd477a7a0/datanode-1/data/ratis/ed688e68-f314-41fe-9a25-748d8dc243f6
2019-09-21 03:23:42,924 [pool-419-thread-1] INFO  server.RaftServerConfigKeys (ConfUtils.java:logGet(43)) - raft.server.log.queue.byte-limit = 2147483647 (custom)
2019-09-21 03:23:42,924 [pool-419-thread-1] INFO  server.RaftServerConfigKeys (ConfUtils.java:logGet(43)) - raft.server.log.queue.element-limit = 1024 (custom)
2019-09-21 03:23:42,925 [pool-419-thread-1] INFO  server.RaftServerConfigKeys (ConfUtils.java:logGet(43)) - raft.server.log.segment.size.max = 1048576 (custom)
2019-09-21 03:23:42,925 [pool-419-thread-1] INFO  server.RaftServerConfigKeys (ConfUtils.java:logGet(43)) - raft.server.log.preallocated.size = 16384 (custom)
2019-09-21 03:23:42,925 [pool-419-thread-1] INFO  server.RaftServerConfigKeys (ConfUtils.java:logGet(43)) - raft.server.log.write.buffer.size = 33554432 (custom)
2019-09-21 03:23:42,925 [pool-419-thread-1] INFO  server.RaftServerConfigKeys (ConfUtils.java:logGet(43)) - raft.server.log.force.sync.num = 128 (default)
2019-09-21 03:23:42,925 [IPC Server handler 4 on 43558] INFO  net.NetworkTopology (NetworkTopologyImpl.java:add(111)) - Added a new node: /default-rack/e0b13bb3-f106-4a40-bedd-a90450f34792
2019-09-21 03:23:42,925 [pool-419-thread-1] INFO  server.RaftServerConfigKeys (ConfUtils.java:logGet(43)) - raft.server.log.statemachine.data.sync = true (default)
2019-09-21 03:23:42,925 [IPC Server handler 4 on 43558] INFO  node.SCMNodeManager (SCMNodeManager.java:register(266)) - Registered Data node : e0b13bb3-f106-4a40-bedd-a90450f34792{ip: 192.168.36.122, host: pr-hdds-2161-42js2-1613171706, networkLocation: /default-rack, certSerialId: null}
2019-09-21 03:23:42,925 [pool-419-thread-1] INFO  server.RaftServerConfigKeys (ConfUtils.java:logGet(43)) - raft.server.log.statemachine.data.sync.timeout = 10s (default)
2019-09-21 03:23:42,925 [pool-419-thread-1] INFO  server.RaftServerConfigKeys (ConfUtils.java:logGet(43)) - raft.server.log.statemachine.data.sync.timeout.retry = -1 (default)
2019-09-21 03:23:42,926 [pool-419-thread-1] INFO  server.RaftServerConfigKeys (ConfUtils.java:logGet(43)) - raft.server.log.statemachine.data.caching.enabled = true (custom)
2019-09-21 03:23:42,926 [pool-419-thread-1] INFO  segmented.SegmentedRaftLogWorker (SegmentedRaftLogWorker.java:lambda$new$0(132)) - b760601b-20df-4ecf-8386-2afc7d1b8d1f@group-748D8DC243F6-SegmentedRaftLogWorker: flushIndex: setUnconditionally 0 -> -1
2019-09-21 03:23:42,926 [pool-419-thread-1] INFO  server.RaftServerConfigKeys (ConfUtils.java:logGet(43)) - raft.server.snapshot.auto.trigger.enabled = true (custom)
2019-09-21 03:23:42,926 [pool-419-thread-1] INFO  server.RaftServerConfigKeys (ConfUtils.java:logGet(43)) - raft.server.snapshot.auto.trigger.threshold = 10000 (custom)
2019-09-21 03:23:42,926 [pool-419-thread-1] INFO  server.RaftServerConfigKeys (ConfUtils.java:logGet(43)) - raft.server.snapshot.retention.num.files = 5 (custom)
2019-09-21 03:23:42,926 [pool-419-thread-1] INFO  server.RaftServerConfigKeys (ConfUtils.java:logGet(43)) - raft.server.retrycache.expirytime = 600000ms (custom)
2019-09-21 03:23:42,928 [pool-419-thread-1] INFO  impl.RaftServerImpl (RaftServerImpl.java:start(185)) - b760601b-20df-4ecf-8386-2afc7d1b8d1f@group-748D8DC243F6: start as a follower, conf=-1: [b760601b-20df-4ecf-8386-2afc7d1b8d1f:192.168.36.122:40326], old=null
2019-09-21 03:23:42,928 [pool-419-thread-1] INFO  impl.RaftServerImpl (RaftServerImpl.java:setRole(174)) - b760601b-20df-4ecf-8386-2afc7d1b8d1f@group-748D8DC243F6: changes role from      null to FOLLOWER at term 0 for startAsFollower
2019-09-21 03:23:42,928 [pool-419-thread-1] INFO  impl.RoleInfo (RoleInfo.java:updateAndGet(143)) - b760601b-20df-4ecf-8386-2afc7d1b8d1f: start FollowerState
2019-09-21 03:23:42,928 [pool-419-thread-1] INFO  util.JmxRegister (JmxRegister.java:tryRegister(44)) - Successfully registered JMX Bean with object name Ratis:service=RaftServer,group=group-748D8DC243F6,id=b760601b-20df-4ecf-8386-2afc7d1b8d1f
2019-09-21 03:23:42,930 [RatisPipelineUtilsThread] INFO  pipeline.PipelineStateManager (PipelineStateManager.java:addPipeline(56)) - Created pipeline Pipeline[ Id: ed688e68-f314-41fe-9a25-748d8dc243f6, Nodes: b760601b-20df-4ecf-8386-2afc7d1b8d1f{ip: 192.168.36.122, host: pr-hdds-2161-42js2-1613171706, networkLocation: /default-rack, certSerialId: null}, Type:RATIS, Factor:ONE, State:OPEN]
2019-09-21 03:23:42,936 [grpc-default-executor-6] INFO  impl.RaftServerProxy (RaftServerProxy.java:addNew(89)) - e0b13bb3-f106-4a40-bedd-a90450f34792: addNew group-60522FFF29C4:[e0b13bb3-f106-4a40-bedd-a90450f34792:192.168.36.122:46354] returns group-60522FFF29C4:java.util.concurrent.CompletableFuture@17c45bbe[Not completed]
2019-09-21 03:23:42,937 [pool-429-thread-1] INFO  impl.RaftServerImpl (RaftServerImpl.java:<init>(95)) - e0b13bb3-f106-4a40-bedd-a90450f34792: new RaftServerImpl for group-60522FFF29C4:[e0b13bb3-f106-4a40-bedd-a90450f34792:192.168.36.122:46354] with ContainerStateMachine:uninitialized
2019-09-21 03:23:42,937 [pool-429-thread-1] INFO  server.RaftServerConfigKeys (ConfUtils.java:logGet(43)) - raft.server.rpc.timeout.min = 5s (custom)
2019-09-21 03:23:42,937 [pool-429-thread-1] INFO  server.RaftServerConfigKeys (ConfUtils.java:logGet(43)) - raft.server.rpc.timeout.max = 5200ms (custom)
2019-09-21 03:23:42,937 [pool-429-thread-1] INFO  server.RaftServerConfigKeys (ConfUtils.java:logGet(43)) - raft.server.rpcslowness.timeout = 120s (custom)
2019-09-21 03:23:42,937 [pool-429-thread-1] INFO  server.RaftServerConfigKeys (ConfUtils.java:logGet(43)) - raft.server.sleep.deviation.threshold = 300 (default)
2019-09-21 03:23:42,937 [pool-429-thread-1] INFO  server.RaftServerConfigKeys (ConfUtils.java:logGet(43)) - raft.server.log.appender.install.snapshot.enabled = false (custom)
2019-09-21 03:23:42,937 [pool-429-thread-1] INFO  impl.RaftServerImpl (ServerState.java:<init>(103)) - e0b13bb3-f106-4a40-bedd-a90450f34792@group-60522FFF29C4: ConfigurationManager, init=-1: [e0b13bb3-f106-4a40-bedd-a90450f34792:192.168.36.122:46354], old=null, confs=<EMPTY_MAP>
2019-09-21 03:23:42,938 [pool-429-thread-1] INFO  server.RaftServerConfigKeys (ConfUtils.java:logGet(43)) - raft.server.storage.dir = [/workdir/hadoop-ozone/integration-test/target/test-dir/MiniOzoneClusterImpl-cae1a81b-9ca5-4f12-9003-0d2cd477a7a0/datanode-2/data/ratis] (custom)
2019-09-21 03:23:42,938 [pool-429-thread-1] INFO  storage.RaftStorageDirectory (RaftStorageDirectory.java:analyzeStorage(246)) - The storage directory /workdir/hadoop-ozone/integration-test/target/test-dir/MiniOzoneClusterImpl-cae1a81b-9ca5-4f12-9003-0d2cd477a7a0/datanode-2/data/ratis/8edba373-45c2-4629-8012-60522fff29c4 does not exist. Creating ...
2019-09-21 03:23:42,951 [pool-429-thread-1] INFO  storage.RaftStorageDirectory (RaftStorageDirectory.java:tryLock(328)) - Lock on /workdir/hadoop-ozone/integration-test/target/test-dir/MiniOzoneClusterImpl-cae1a81b-9ca5-4f12-9003-0d2cd477a7a0/datanode-2/data/ratis/8edba373-45c2-4629-8012-60522fff29c4/in_use.lock acquired by nodename 24290@pr-hdds-2161-42js2-1613171706
2019-09-21 03:23:42,954 [pool-429-thread-1] INFO  storage.RaftStorage (RaftStorage.java:format(72)) - Storage directory /workdir/hadoop-ozone/integration-test/target/test-dir/MiniOzoneClusterImpl-cae1a81b-9ca5-4f12-9003-0d2cd477a7a0/datanode-2/data/ratis/8edba373-45c2-4629-8012-60522fff29c4 has been successfully formatted.
2019-09-21 03:23:42,954 [pool-429-thread-1] INFO  ratis.ContainerStateMachine (ContainerStateMachine.java:loadSnapshot(230)) - group-60522FFF29C4: The snapshot info is null. Setting the last applied indexto:(t:0, i:~)
2019-09-21 03:23:42,955 [pool-429-thread-1] INFO  server.RaftServerConfigKeys (ConfUtils.java:logGet(43)) - raft.server.notification.no-leader.timeout = 120s (custom)
2019-09-21 03:23:42,955 [pool-429-thread-1] INFO  server.RaftServerConfigKeys (ConfUtils.java:logGet(43)) - raft.server.log.use.memory = false (default)
2019-09-21 03:23:42,955 [pool-429-thread-1] INFO  server.RaftServerConfigKeys (ConfUtils.java:logGet(43)) - raft.server.log.purge.gap = 1000000 (custom)
2019-09-21 03:23:42,955 [pool-429-thread-1] INFO  server.RaftServerConfigKeys (ConfUtils.java:logGet(43)) - raft.server.log.appender.buffer.byte-limit = 33554432 (custom)
2019-09-21 03:23:42,955 [pool-429-thread-1] INFO  server.RaftServerConfigKeys (ConfUtils.java:logGet(43)) - raft.server.log.segment.size.max = 1048576 (custom)
2019-09-21 03:23:42,955 [pool-429-thread-1] INFO  server.RaftServerConfigKeys (ConfUtils.java:logGet(43)) - raft.server.log.segment.cache.num.max = 2 (custom)
2019-09-21 03:23:42,955 [pool-429-thread-1] INFO  segmented.SegmentedRaftLogWorker (SegmentedRaftLogWorker.java:<init>(172)) - new e0b13bb3-f106-4a40-bedd-a90450f34792@group-60522FFF29C4-SegmentedRaftLogWorker for RaftStorage:Storage Directory /workdir/hadoop-ozone/integration-test/target/test-dir/MiniOzoneClusterImpl-cae1a81b-9ca5-4f12-9003-0d2cd477a7a0/datanode-2/data/ratis/8edba373-45c2-4629-8012-60522fff29c4
2019-09-21 03:23:42,957 [pool-429-thread-1] INFO  server.RaftServerConfigKeys (ConfUtils.java:logGet(43)) - raft.server.log.queue.byte-limit = 2147483647 (custom)
2019-09-21 03:23:42,957 [pool-429-thread-1] INFO  server.RaftServerConfigKeys (ConfUtils.java:logGet(43)) - raft.server.log.queue.element-limit = 1024 (custom)
2019-09-21 03:23:42,958 [pool-429-thread-1] INFO  server.RaftServerConfigKeys (ConfUtils.java:logGet(43)) - raft.server.log.segment.size.max = 1048576 (custom)
2019-09-21 03:23:42,958 [pool-429-thread-1] INFO  server.RaftServerConfigKeys (ConfUtils.java:logGet(43)) - raft.server.log.preallocated.size = 16384 (custom)
2019-09-21 03:23:42,958 [pool-429-thread-1] INFO  server.RaftServerConfigKeys (ConfUtils.java:logGet(43)) - raft.server.log.write.buffer.size = 33554432 (custom)
2019-09-21 03:23:42,958 [pool-429-thread-1] INFO  server.RaftServerConfigKeys (ConfUtils.java:logGet(43)) - raft.server.log.force.sync.num = 128 (default)
2019-09-21 03:23:42,958 [pool-429-thread-1] INFO  server.RaftServerConfigKeys (ConfUtils.java:logGet(43)) - raft.server.log.statemachine.data.sync = true (default)
2019-09-21 03:23:42,958 [pool-429-thread-1] INFO  server.RaftServerConfigKeys (ConfUtils.java:logGet(43)) - raft.server.log.statemachine.data.sync.timeout = 10s (default)
2019-09-21 03:23:42,958 [pool-429-thread-1] INFO  server.RaftServerConfigKeys (ConfUtils.java:logGet(43)) - raft.server.log.statemachine.data.sync.timeout.retry = -1 (default)
2019-09-21 03:23:42,959 [pool-429-thread-1] INFO  server.RaftServerConfigKeys (ConfUtils.java:logGet(43)) - raft.server.log.statemachine.data.caching.enabled = true (custom)
2019-09-21 03:23:42,959 [pool-429-thread-1] INFO  segmented.SegmentedRaftLogWorker (SegmentedRaftLogWorker.java:lambda$new$0(132)) - e0b13bb3-f106-4a40-bedd-a90450f34792@group-60522FFF29C4-SegmentedRaftLogWorker: flushIndex: setUnconditionally 0 -> -1
2019-09-21 03:23:42,959 [pool-429-thread-1] INFO  server.RaftServerConfigKeys (ConfUtils.java:logGet(43)) - raft.server.snapshot.auto.trigger.enabled = true (custom)
2019-09-21 03:23:42,959 [pool-429-thread-1] INFO  server.RaftServerConfigKeys (ConfUtils.java:logGet(43)) - raft.server.snapshot.auto.trigger.threshold = 10000 (custom)
2019-09-21 03:23:42,959 [pool-429-thread-1] INFO  server.RaftServerConfigKeys (ConfUtils.java:logGet(43)) - raft.server.snapshot.retention.num.files = 5 (custom)
2019-09-21 03:23:42,960 [pool-429-thread-1] INFO  server.RaftServerConfigKeys (ConfUtils.java:logGet(43)) - raft.server.retrycache.expirytime = 600000ms (custom)
2019-09-21 03:23:42,961 [pool-429-thread-1] INFO  impl.RaftServerImpl (RaftServerImpl.java:start(185)) - e0b13bb3-f106-4a40-bedd-a90450f34792@group-60522FFF29C4: start as a follower, conf=-1: [e0b13bb3-f106-4a40-bedd-a90450f34792:192.168.36.122:46354], old=null
2019-09-21 03:23:42,961 [pool-429-thread-1] INFO  impl.RaftServerImpl (RaftServerImpl.java:setRole(174)) - e0b13bb3-f106-4a40-bedd-a90450f34792@group-60522FFF29C4: changes role from      null to FOLLOWER at term 0 for startAsFollower
2019-09-21 03:23:42,961 [pool-429-thread-1] INFO  impl.RoleInfo (RoleInfo.java:updateAndGet(143)) - e0b13bb3-f106-4a40-bedd-a90450f34792: start FollowerState
2019-09-21 03:23:42,962 [pool-429-thread-1] INFO  util.JmxRegister (JmxRegister.java:tryRegister(44)) - Successfully registered JMX Bean with object name Ratis:service=RaftServer,group=group-60522FFF29C4,id=e0b13bb3-f106-4a40-bedd-a90450f34792
2019-09-21 03:23:42,963 [RatisPipelineUtilsThread] INFO  pipeline.PipelineStateManager (PipelineStateManager.java:addPipeline(56)) - Created pipeline Pipeline[ Id: 8edba373-45c2-4629-8012-60522fff29c4, Nodes: e0b13bb3-f106-4a40-bedd-a90450f34792{ip: 192.168.36.122, host: pr-hdds-2161-42js2-1613171706, networkLocation: /default-rack, certSerialId: null}, Type:RATIS, Factor:ONE, State:OPEN]
2019-09-21 03:23:42,976 [grpc-default-executor-4] INFO  impl.RaftServerProxy (RaftServerProxy.java:addNew(89)) - 3f34ee0a-5f1f-4899-a1d6-9aea1a91e47f: addNew group-7024853660D2:[b760601b-20df-4ecf-8386-2afc7d1b8d1f:192.168.36.122:40326, 3f34ee0a-5f1f-4899-a1d6-9aea1a91e47f:192.168.36.122:38557, e0b13bb3-f106-4a40-bedd-a90450f34792:192.168.36.122:46354] returns group-7024853660D2:java.util.concurrent.CompletableFuture@a1cc167[Not completed]
2019-09-21 03:23:42,976 [grpc-default-executor-6] INFO  impl.RaftServerProxy (RaftServerProxy.java:addNew(89)) - b760601b-20df-4ecf-8386-2afc7d1b8d1f: addNew group-7024853660D2:[b760601b-20df-4ecf-8386-2afc7d1b8d1f:192.168.36.122:40326, 3f34ee0a-5f1f-4899-a1d6-9aea1a91e47f:192.168.36.122:38557, e0b13bb3-f106-4a40-bedd-a90450f34792:192.168.36.122:46354] returns group-7024853660D2:java.util.concurrent.CompletableFuture@364530f6[Not completed]
2019-09-21 03:23:42,976 [grpc-default-executor-12] INFO  impl.RaftServerProxy (RaftServerProxy.java:addNew(89)) - e0b13bb3-f106-4a40-bedd-a90450f34792: addNew group-7024853660D2:[b760601b-20df-4ecf-8386-2afc7d1b8d1f:192.168.36.122:40326, 3f34ee0a-5f1f-4899-a1d6-9aea1a91e47f:192.168.36.122:38557, e0b13bb3-f106-4a40-bedd-a90450f34792:192.168.36.122:46354] returns group-7024853660D2:java.util.concurrent.CompletableFuture@1c74b413[Not completed]
2019-09-21 03:23:42,977 [pool-419-thread-1] INFO  impl.RaftServerImpl (RaftServerImpl.java:<init>(95)) - b760601b-20df-4ecf-8386-2afc7d1b8d1f: new RaftServerImpl for group-7024853660D2:[b760601b-20df-4ecf-8386-2afc7d1b8d1f:192.168.36.122:40326, 3f34ee0a-5f1f-4899-a1d6-9aea1a91e47f:192.168.36.122:38557, e0b13bb3-f106-4a40-bedd-a90450f34792:192.168.36.122:46354] with ContainerStateMachine:uninitialized
2019-09-21 03:23:42,977 [pool-419-thread-1] INFO  server.RaftServerConfigKeys (ConfUtils.java:logGet(43)) - raft.server.rpc.timeout.min = 5s (custom)
2019-09-21 03:23:42,978 [pool-419-thread-1] INFO  server.RaftServerConfigKeys (ConfUtils.java:logGet(43)) - raft.server.rpc.timeout.max = 5200ms (custom)
2019-09-21 03:23:42,978 [pool-419-thread-1] INFO  server.RaftServerConfigKeys (ConfUtils.java:logGet(43)) - raft.server.rpcslowness.timeout = 120s (custom)
2019-09-21 03:23:42,978 [pool-419-thread-1] INFO  server.RaftServerConfigKeys (ConfUtils.java:logGet(43)) - raft.server.sleep.deviation.threshold = 300 (default)
2019-09-21 03:23:42,978 [pool-419-thread-1] INFO  server.RaftServerConfigKeys (ConfUtils.java:logGet(43)) - raft.server.log.appender.install.snapshot.enabled = false (custom)
2019-09-21 03:23:42,978 [pool-429-thread-1] INFO  impl.RaftServerImpl (RaftServerImpl.java:<init>(95)) - e0b13bb3-f106-4a40-bedd-a90450f34792: new RaftServerImpl for group-7024853660D2:[b760601b-20df-4ecf-8386-2afc7d1b8d1f:192.168.36.122:40326, 3f34ee0a-5f1f-4899-a1d6-9aea1a91e47f:192.168.36.122:38557, e0b13bb3-f106-4a40-bedd-a90450f34792:192.168.36.122:46354] with ContainerStateMachine:uninitialized
2019-09-21 03:23:42,978 [pool-419-thread-1] INFO  impl.RaftServerImpl (ServerState.java:<init>(103)) - b760601b-20df-4ecf-8386-2afc7d1b8d1f@group-7024853660D2: ConfigurationManager, init=-1: [b760601b-20df-4ecf-8386-2afc7d1b8d1f:192.168.36.122:40326, 3f34ee0a-5f1f-4899-a1d6-9aea1a91e47f:192.168.36.122:38557, e0b13bb3-f106-4a40-bedd-a90450f34792:192.168.36.122:46354], old=null, confs=<EMPTY_MAP>
2019-09-21 03:23:42,978 [pool-429-thread-1] INFO  server.RaftServerConfigKeys (ConfUtils.java:logGet(43)) - raft.server.rpc.timeout.min = 5s (custom)
2019-09-21 03:23:42,978 [pool-419-thread-1] INFO  server.RaftServerConfigKeys (ConfUtils.java:logGet(43)) - raft.server.storage.dir = [/workdir/hadoop-ozone/integration-test/target/test-dir/MiniOzoneClusterImpl-cae1a81b-9ca5-4f12-9003-0d2cd477a7a0/datanode-1/data/ratis] (custom)
2019-09-21 03:23:42,978 [pool-429-thread-1] INFO  server.RaftServerConfigKeys (ConfUtils.java:logGet(43)) - raft.server.rpc.timeout.max = 5200ms (custom)
2019-09-21 03:23:42,978 [pool-429-thread-1] INFO  server.RaftServerConfigKeys (ConfUtils.java:logGet(43)) - raft.server.rpcslowness.timeout = 120s (custom)
2019-09-21 03:23:42,978 [pool-419-thread-1] INFO  storage.RaftStorageDirectory (RaftStorageDirectory.java:analyzeStorage(246)) - The storage directory /workdir/hadoop-ozone/integration-test/target/test-dir/MiniOzoneClusterImpl-cae1a81b-9ca5-4f12-9003-0d2cd477a7a0/datanode-1/data/ratis/b7a7eea1-dff5-4f30-97ad-7024853660d2 does not exist. Creating ...
2019-09-21 03:23:42,978 [pool-429-thread-1] INFO  server.RaftServerConfigKeys (ConfUtils.java:logGet(43)) - raft.server.sleep.deviation.threshold = 300 (default)
2019-09-21 03:23:42,979 [pool-409-thread-1] INFO  impl.RaftServerImpl (RaftServerImpl.java:<init>(95)) - 3f34ee0a-5f1f-4899-a1d6-9aea1a91e47f: new RaftServerImpl for group-7024853660D2:[b760601b-20df-4ecf-8386-2afc7d1b8d1f:192.168.36.122:40326, 3f34ee0a-5f1f-4899-a1d6-9aea1a91e47f:192.168.36.122:38557, e0b13bb3-f106-4a40-bedd-a90450f34792:192.168.36.122:46354] with ContainerStateMachine:uninitialized
2019-09-21 03:23:42,979 [pool-429-thread-1] INFO  server.RaftServerConfigKeys (ConfUtils.java:logGet(43)) - raft.server.log.appender.install.snapshot.enabled = false (custom)
2019-09-21 03:23:42,979 [pool-409-thread-1] INFO  server.RaftServerConfigKeys (ConfUtils.java:logGet(43)) - raft.server.rpc.timeout.min = 5s (custom)
2019-09-21 03:23:42,979 [pool-429-thread-1] INFO  impl.RaftServerImpl (ServerState.java:<init>(103)) - e0b13bb3-f106-4a40-bedd-a90450f34792@group-7024853660D2: ConfigurationManager, init=-1: [b760601b-20df-4ecf-8386-2afc7d1b8d1f:192.168.36.122:40326, 3f34ee0a-5f1f-4899-a1d6-9aea1a91e47f:192.168.36.122:38557, e0b13bb3-f106-4a40-bedd-a90450f34792:192.168.36.122:46354], old=null, confs=<EMPTY_MAP>
2019-09-21 03:23:42,979 [pool-409-thread-1] INFO  server.RaftServerConfigKeys (ConfUtils.java:logGet(43)) - raft.server.rpc.timeout.max = 5200ms (custom)
2019-09-21 03:23:42,979 [pool-429-thread-1] INFO  server.RaftServerConfigKeys (ConfUtils.java:logGet(43)) - raft.server.storage.dir = [/workdir/hadoop-ozone/integration-test/target/test-dir/MiniOzoneClusterImpl-cae1a81b-9ca5-4f12-9003-0d2cd477a7a0/datanode-2/data/ratis] (custom)
2019-09-21 03:23:42,979 [pool-409-thread-1] INFO  server.RaftServerConfigKeys (ConfUtils.java:logGet(43)) - raft.server.rpcslowness.timeout = 120s (custom)
2019-09-21 03:23:42,980 [pool-409-thread-1] INFO  server.RaftServerConfigKeys (ConfUtils.java:logGet(43)) - raft.server.sleep.deviation.threshold = 300 (default)
2019-09-21 03:23:42,980 [pool-429-thread-1] INFO  storage.RaftStorageDirectory (RaftStorageDirectory.java:analyzeStorage(246)) - The storage directory /workdir/hadoop-ozone/integration-test/target/test-dir/MiniOzoneClusterImpl-cae1a81b-9ca5-4f12-9003-0d2cd477a7a0/datanode-2/data/ratis/b7a7eea1-dff5-4f30-97ad-7024853660d2 does not exist. Creating ...
2019-09-21 03:23:42,980 [pool-409-thread-1] INFO  server.RaftServerConfigKeys (ConfUtils.java:logGet(43)) - raft.server.log.appender.install.snapshot.enabled = false (custom)
2019-09-21 03:23:42,980 [pool-409-thread-1] INFO  impl.RaftServerImpl (ServerState.java:<init>(103)) - 3f34ee0a-5f1f-4899-a1d6-9aea1a91e47f@group-7024853660D2: ConfigurationManager, init=-1: [b760601b-20df-4ecf-8386-2afc7d1b8d1f:192.168.36.122:40326, 3f34ee0a-5f1f-4899-a1d6-9aea1a91e47f:192.168.36.122:38557, e0b13bb3-f106-4a40-bedd-a90450f34792:192.168.36.122:46354], old=null, confs=<EMPTY_MAP>
2019-09-21 03:23:42,980 [pool-409-thread-1] INFO  server.RaftServerConfigKeys (ConfUtils.java:logGet(43)) - raft.server.storage.dir = [/workdir/hadoop-ozone/integration-test/target/test-dir/MiniOzoneClusterImpl-cae1a81b-9ca5-4f12-9003-0d2cd477a7a0/datanode-0/data/ratis] (custom)
2019-09-21 03:23:42,981 [pool-409-thread-1] INFO  storage.RaftStorageDirectory (RaftStorageDirectory.java:analyzeStorage(246)) - The storage directory /workdir/hadoop-ozone/integration-test/target/test-dir/MiniOzoneClusterImpl-cae1a81b-9ca5-4f12-9003-0d2cd477a7a0/datanode-0/data/ratis/b7a7eea1-dff5-4f30-97ad-7024853660d2 does not exist. Creating ...
2019-09-21 03:23:42,982 [pool-419-thread-1] INFO  storage.RaftStorageDirectory (RaftStorageDirectory.java:tryLock(328)) - Lock on /workdir/hadoop-ozone/integration-test/target/test-dir/MiniOzoneClusterImpl-cae1a81b-9ca5-4f12-9003-0d2cd477a7a0/datanode-1/data/ratis/b7a7eea1-dff5-4f30-97ad-7024853660d2/in_use.lock acquired by nodename 24290@pr-hdds-2161-42js2-1613171706
2019-09-21 03:23:42,988 [pool-409-thread-1] INFO  storage.RaftStorageDirectory (RaftStorageDirectory.java:tryLock(328)) - Lock on /workdir/hadoop-ozone/integration-test/target/test-dir/MiniOzoneClusterImpl-cae1a81b-9ca5-4f12-9003-0d2cd477a7a0/datanode-0/data/ratis/b7a7eea1-dff5-4f30-97ad-7024853660d2/in_use.lock acquired by nodename 24290@pr-hdds-2161-42js2-1613171706
2019-09-21 03:23:42,988 [pool-419-thread-1] INFO  storage.RaftStorage (RaftStorage.java:format(72)) - Storage directory /workdir/hadoop-ozone/integration-test/target/test-dir/MiniOzoneClusterImpl-cae1a81b-9ca5-4f12-9003-0d2cd477a7a0/datanode-1/data/ratis/b7a7eea1-dff5-4f30-97ad-7024853660d2 has been successfully formatted.
2019-09-21 03:23:42,988 [pool-429-thread-1] INFO  storage.RaftStorageDirectory (RaftStorageDirectory.java:tryLock(328)) - Lock on /workdir/hadoop-ozone/integration-test/target/test-dir/MiniOzoneClusterImpl-cae1a81b-9ca5-4f12-9003-0d2cd477a7a0/datanode-2/data/ratis/b7a7eea1-dff5-4f30-97ad-7024853660d2/in_use.lock acquired by nodename 24290@pr-hdds-2161-42js2-1613171706
2019-09-21 03:23:42,988 [pool-419-thread-1] INFO  ratis.ContainerStateMachine (ContainerStateMachine.java:loadSnapshot(230)) - group-7024853660D2: The snapshot info is null. Setting the last applied indexto:(t:0, i:~)
2019-09-21 03:23:42,988 [pool-419-thread-1] INFO  server.RaftServerConfigKeys (ConfUtils.java:logGet(43)) - raft.server.notification.no-leader.timeout = 120s (custom)
2019-09-21 03:23:42,988 [pool-419-thread-1] INFO  server.RaftServerConfigKeys (ConfUtils.java:logGet(43)) - raft.server.log.use.memory = false (default)
2019-09-21 03:23:42,989 [pool-419-thread-1] INFO  server.RaftServerConfigKeys (ConfUtils.java:logGet(43)) - raft.server.log.purge.gap = 1000000 (custom)
2019-09-21 03:23:42,989 [pool-419-thread-1] INFO  server.RaftServerConfigKeys (ConfUtils.java:logGet(43)) - raft.server.log.appender.buffer.byte-limit = 33554432 (custom)
2019-09-21 03:23:42,989 [pool-419-thread-1] INFO  server.RaftServerConfigKeys (ConfUtils.java:logGet(43)) - raft.server.log.segment.size.max = 1048576 (custom)
2019-09-21 03:23:42,989 [pool-419-thread-1] INFO  server.RaftServerConfigKeys (ConfUtils.java:logGet(43)) - raft.server.log.segment.cache.num.max = 2 (custom)
2019-09-21 03:23:42,989 [pool-419-thread-1] INFO  segmented.SegmentedRaftLogWorker (SegmentedRaftLogWorker.java:<init>(172)) - new b760601b-20df-4ecf-8386-2afc7d1b8d1f@group-7024853660D2-SegmentedRaftLogWorker for RaftStorage:Storage Directory /workdir/hadoop-ozone/integration-test/target/test-dir/MiniOzoneClusterImpl-cae1a81b-9ca5-4f12-9003-0d2cd477a7a0/datanode-1/data/ratis/b7a7eea1-dff5-4f30-97ad-7024853660d2
2019-09-21 03:23:42,989 [pool-419-thread-1] INFO  server.RaftServerConfigKeys (ConfUtils.java:logGet(43)) - raft.server.log.queue.byte-limit = 2147483647 (custom)
2019-09-21 03:23:42,989 [pool-419-thread-1] INFO  server.RaftServerConfigKeys (ConfUtils.java:logGet(43)) - raft.server.log.queue.element-limit = 1024 (custom)
2019-09-21 03:23:42,989 [pool-419-thread-1] INFO  server.RaftServerConfigKeys (ConfUtils.java:logGet(43)) - raft.server.log.segment.size.max = 1048576 (custom)
2019-09-21 03:23:42,990 [pool-419-thread-1] INFO  server.RaftServerConfigKeys (ConfUtils.java:logGet(43)) - raft.server.log.preallocated.size = 16384 (custom)
2019-09-21 03:23:42,990 [pool-419-thread-1] INFO  server.RaftServerConfigKeys (ConfUtils.java:logGet(43)) - raft.server.log.write.buffer.size = 33554432 (custom)
2019-09-21 03:23:42,990 [pool-419-thread-1] INFO  server.RaftServerConfigKeys (ConfUtils.java:logGet(43)) - raft.server.log.force.sync.num = 128 (default)
2019-09-21 03:23:42,990 [pool-419-thread-1] INFO  server.RaftServerConfigKeys (ConfUtils.java:logGet(43)) - raft.server.log.statemachine.data.sync = true (default)
2019-09-21 03:23:42,990 [pool-419-thread-1] INFO  server.RaftServerConfigKeys (ConfUtils.java:logGet(43)) - raft.server.log.statemachine.data.sync.timeout = 10s (default)
2019-09-21 03:23:42,990 [pool-419-thread-1] INFO  server.RaftServerConfigKeys (ConfUtils.java:logGet(43)) - raft.server.log.statemachine.data.sync.timeout.retry = -1 (default)
2019-09-21 03:23:42,990 [pool-419-thread-1] INFO  server.RaftServerConfigKeys (ConfUtils.java:logGet(43)) - raft.server.log.statemachine.data.caching.enabled = true (custom)
2019-09-21 03:23:42,991 [pool-419-thread-1] INFO  segmented.SegmentedRaftLogWorker (SegmentedRaftLogWorker.java:lambda$new$0(132)) - b760601b-20df-4ecf-8386-2afc7d1b8d1f@group-7024853660D2-SegmentedRaftLogWorker: flushIndex: setUnconditionally 0 -> -1
2019-09-21 03:23:42,991 [pool-419-thread-1] INFO  server.RaftServerConfigKeys (ConfUtils.java:logGet(43)) - raft.server.snapshot.auto.trigger.enabled = true (custom)
2019-09-21 03:23:42,992 [pool-419-thread-1] INFO  server.RaftServerConfigKeys (ConfUtils.java:logGet(43)) - raft.server.snapshot.auto.trigger.threshold = 10000 (custom)
2019-09-21 03:23:42,992 [pool-419-thread-1] INFO  server.RaftServerConfigKeys (ConfUtils.java:logGet(43)) - raft.server.snapshot.retention.num.files = 5 (custom)
2019-09-21 03:23:42,992 [pool-419-thread-1] INFO  server.RaftServerConfigKeys (ConfUtils.java:logGet(43)) - raft.server.retrycache.expirytime = 600000ms (custom)
2019-09-21 03:23:42,992 [pool-429-thread-1] INFO  storage.RaftStorage (RaftStorage.java:format(72)) - Storage directory /workdir/hadoop-ozone/integration-test/target/test-dir/MiniOzoneClusterImpl-cae1a81b-9ca5-4f12-9003-0d2cd477a7a0/datanode-2/data/ratis/b7a7eea1-dff5-4f30-97ad-7024853660d2 has been successfully formatted.
2019-09-21 03:23:42,992 [pool-409-thread-1] INFO  storage.RaftStorage (RaftStorage.java:format(72)) - Storage directory /workdir/hadoop-ozone/integration-test/target/test-dir/MiniOzoneClusterImpl-cae1a81b-9ca5-4f12-9003-0d2cd477a7a0/datanode-0/data/ratis/b7a7eea1-dff5-4f30-97ad-7024853660d2 has been successfully formatted.
2019-09-21 03:23:42,992 [pool-429-thread-1] INFO  ratis.ContainerStateMachine (ContainerStateMachine.java:loadSnapshot(230)) - group-7024853660D2: The snapshot info is null. Setting the last applied indexto:(t:0, i:~)
2019-09-21 03:23:42,992 [pool-409-thread-1] INFO  ratis.ContainerStateMachine (ContainerStateMachine.java:loadSnapshot(230)) - group-7024853660D2: The snapshot info is null. Setting the last applied indexto:(t:0, i:~)
2019-09-21 03:23:42,992 [pool-429-thread-1] INFO  server.RaftServerConfigKeys (ConfUtils.java:logGet(43)) - raft.server.notification.no-leader.timeout = 120s (custom)
2019-09-21 03:23:42,993 [pool-409-thread-1] INFO  server.RaftServerConfigKeys (ConfUtils.java:logGet(43)) - raft.server.notification.no-leader.timeout = 120s (custom)
2019-09-21 03:23:42,993 [pool-429-thread-1] INFO  server.RaftServerConfigKeys (ConfUtils.java:logGet(43)) - raft.server.log.use.memory = false (default)
2019-09-21 03:23:42,993 [pool-409-thread-1] INFO  server.RaftServerConfigKeys (ConfUtils.java:logGet(43)) - raft.server.log.use.memory = false (default)
2019-09-21 03:23:42,993 [pool-429-thread-1] INFO  server.RaftServerConfigKeys (ConfUtils.java:logGet(43)) - raft.server.log.purge.gap = 1000000 (custom)
2019-09-21 03:23:42,993 [pool-409-thread-1] INFO  server.RaftServerConfigKeys (ConfUtils.java:logGet(43)) - raft.server.log.purge.gap = 1000000 (custom)
2019-09-21 03:23:42,993 [pool-419-thread-1] INFO  impl.RaftServerImpl (RaftServerImpl.java:start(185)) - b760601b-20df-4ecf-8386-2afc7d1b8d1f@group-7024853660D2: start as a follower, conf=-1: [b760601b-20df-4ecf-8386-2afc7d1b8d1f:192.168.36.122:40326, 3f34ee0a-5f1f-4899-a1d6-9aea1a91e47f:192.168.36.122:38557, e0b13bb3-f106-4a40-bedd-a90450f34792:192.168.36.122:46354], old=null
2019-09-21 03:23:42,993 [pool-429-thread-1] INFO  server.RaftServerConfigKeys (ConfUtils.java:logGet(43)) - raft.server.log.appender.buffer.byte-limit = 33554432 (custom)
2019-09-21 03:23:42,993 [pool-419-thread-1] INFO  impl.RaftServerImpl (RaftServerImpl.java:setRole(174)) - b760601b-20df-4ecf-8386-2afc7d1b8d1f@group-7024853660D2: changes role from      null to FOLLOWER at term 0 for startAsFollower
2019-09-21 03:23:42,993 [pool-409-thread-1] INFO  server.RaftServerConfigKeys (ConfUtils.java:logGet(43)) - raft.server.log.appender.buffer.byte-limit = 33554432 (custom)
2019-09-21 03:23:42,993 [pool-419-thread-1] INFO  impl.RoleInfo (RoleInfo.java:updateAndGet(143)) - b760601b-20df-4ecf-8386-2afc7d1b8d1f: start FollowerState
2019-09-21 03:23:42,993 [pool-429-thread-1] INFO  server.RaftServerConfigKeys (ConfUtils.java:logGet(43)) - raft.server.log.segment.size.max = 1048576 (custom)
2019-09-21 03:23:42,993 [pool-409-thread-1] INFO  server.RaftServerConfigKeys (ConfUtils.java:logGet(43)) - raft.server.log.segment.size.max = 1048576 (custom)
2019-09-21 03:23:42,994 [pool-419-thread-1] INFO  util.JmxRegister (JmxRegister.java:tryRegister(44)) - Successfully registered JMX Bean with object name Ratis:service=RaftServer,group=group-7024853660D2,id=b760601b-20df-4ecf-8386-2afc7d1b8d1f
2019-09-21 03:23:42,994 [pool-429-thread-1] INFO  server.RaftServerConfigKeys (ConfUtils.java:logGet(43)) - raft.server.log.segment.cache.num.max = 2 (custom)
2019-09-21 03:23:42,994 [pool-409-thread-1] INFO  server.RaftServerConfigKeys (ConfUtils.java:logGet(43)) - raft.server.log.segment.cache.num.max = 2 (custom)
2019-09-21 03:23:42,994 [pool-429-thread-1] INFO  segmented.SegmentedRaftLogWorker (SegmentedRaftLogWorker.java:<init>(172)) - new e0b13bb3-f106-4a40-bedd-a90450f34792@group-7024853660D2-SegmentedRaftLogWorker for RaftStorage:Storage Directory /workdir/hadoop-ozone/integration-test/target/test-dir/MiniOzoneClusterImpl-cae1a81b-9ca5-4f12-9003-0d2cd477a7a0/datanode-2/data/ratis/b7a7eea1-dff5-4f30-97ad-7024853660d2
2019-09-21 03:23:42,994 [pool-409-thread-1] INFO  segmented.SegmentedRaftLogWorker (SegmentedRaftLogWorker.java:<init>(172)) - new 3f34ee0a-5f1f-4899-a1d6-9aea1a91e47f@group-7024853660D2-SegmentedRaftLogWorker for RaftStorage:Storage Directory /workdir/hadoop-ozone/integration-test/target/test-dir/MiniOzoneClusterImpl-cae1a81b-9ca5-4f12-9003-0d2cd477a7a0/datanode-0/data/ratis/b7a7eea1-dff5-4f30-97ad-7024853660d2
2019-09-21 03:23:42,994 [pool-429-thread-1] INFO  server.RaftServerConfigKeys (ConfUtils.java:logGet(43)) - raft.server.log.queue.byte-limit = 2147483647 (custom)
2019-09-21 03:23:42,994 [pool-409-thread-1] INFO  server.RaftServerConfigKeys (ConfUtils.java:logGet(43)) - raft.server.log.queue.byte-limit = 2147483647 (custom)
2019-09-21 03:23:42,994 [pool-429-thread-1] INFO  server.RaftServerConfigKeys (ConfUtils.java:logGet(43)) - raft.server.log.queue.element-limit = 1024 (custom)
2019-09-21 03:23:42,994 [pool-409-thread-1] INFO  server.RaftServerConfigKeys (ConfUtils.java:logGet(43)) - raft.server.log.queue.element-limit = 1024 (custom)
2019-09-21 03:23:42,995 [pool-429-thread-1] INFO  server.RaftServerConfigKeys (ConfUtils.java:logGet(43)) - raft.server.log.segment.size.max = 1048576 (custom)
2019-09-21 03:23:42,995 [pool-409-thread-1] INFO  server.RaftServerConfigKeys (ConfUtils.java:logGet(43)) - raft.server.log.segment.size.max = 1048576 (custom)
2019-09-21 03:23:42,995 [IPC Server handler 6 on 43558] INFO  net.NetworkTopology (NetworkTopologyImpl.java:add(111)) - Added a new node: /default-rack/bef20ca5-bd9d-4b10-9717-ad28e839cae3
2019-09-21 03:23:42,995 [pool-429-thread-1] INFO  server.RaftServerConfigKeys (ConfUtils.java:logGet(43)) - raft.server.log.preallocated.size = 16384 (custom)
2019-09-21 03:23:42,995 [IPC Server handler 6 on 43558] INFO  node.SCMNodeManager (SCMNodeManager.java:register(266)) - Registered Data node : bef20ca5-bd9d-4b10-9717-ad28e839cae3{ip: 192.168.36.122, host: pr-hdds-2161-42js2-1613171706, networkLocation: /default-rack, certSerialId: null}
2019-09-21 03:23:42,995 [pool-409-thread-1] INFO  server.RaftServerConfigKeys (ConfUtils.java:logGet(43)) - raft.server.log.preallocated.size = 16384 (custom)
2019-09-21 03:23:42,995 [pool-429-thread-1] INFO  server.RaftServerConfigKeys (ConfUtils.java:logGet(43)) - raft.server.log.write.buffer.size = 33554432 (custom)
2019-09-21 03:23:42,995 [pool-409-thread-1] INFO  server.RaftServerConfigKeys (ConfUtils.java:logGet(43)) - raft.server.log.write.buffer.size = 33554432 (custom)
2019-09-21 03:23:42,996 [pool-429-thread-1] INFO  server.RaftServerConfigKeys (ConfUtils.java:logGet(43)) - raft.server.log.force.sync.num = 128 (default)
2019-09-21 03:23:42,996 [pool-409-thread-1] INFO  server.RaftServerConfigKeys (ConfUtils.java:logGet(43)) - raft.server.log.force.sync.num = 128 (default)
2019-09-21 03:23:42,996 [pool-429-thread-1] INFO  server.RaftServerConfigKeys (ConfUtils.java:logGet(43)) - raft.server.log.statemachine.data.sync = true (default)
2019-09-21 03:23:42,996 [pool-409-thread-1] INFO  server.RaftServerConfigKeys (ConfUtils.java:logGet(43)) - raft.server.log.statemachine.data.sync = true (default)
2019-09-21 03:23:42,996 [pool-429-thread-1] INFO  server.RaftServerConfigKeys (ConfUtils.java:logGet(43)) - raft.server.log.statemachine.data.sync.timeout = 10s (default)
2019-09-21 03:23:42,996 [pool-409-thread-1] INFO  server.RaftServerConfigKeys (ConfUtils.java:logGet(43)) - raft.server.log.statemachine.data.sync.timeout = 10s (default)
2019-09-21 03:23:42,996 [pool-429-thread-1] INFO  server.RaftServerConfigKeys (ConfUtils.java:logGet(43)) - raft.server.log.statemachine.data.sync.timeout.retry = -1 (default)
2019-09-21 03:23:42,996 [pool-409-thread-1] INFO  server.RaftServerConfigKeys (ConfUtils.java:logGet(43)) - raft.server.log.statemachine.data.sync.timeout.retry = -1 (default)
2019-09-21 03:23:42,996 [pool-429-thread-1] INFO  server.RaftServerConfigKeys (ConfUtils.java:logGet(43)) - raft.server.log.statemachine.data.caching.enabled = true (custom)
2019-09-21 03:23:42,996 [pool-409-thread-1] INFO  server.RaftServerConfigKeys (ConfUtils.java:logGet(43)) - raft.server.log.statemachine.data.caching.enabled = true (custom)
2019-09-21 03:23:42,997 [pool-429-thread-1] INFO  segmented.SegmentedRaftLogWorker (SegmentedRaftLogWorker.java:lambda$new$0(132)) - e0b13bb3-f106-4a40-bedd-a90450f34792@group-7024853660D2-SegmentedRaftLogWorker: flushIndex: setUnconditionally 0 -> -1
2019-09-21 03:23:42,997 [pool-409-thread-1] INFO  segmented.SegmentedRaftLogWorker (SegmentedRaftLogWorker.java:lambda$new$0(132)) - 3f34ee0a-5f1f-4899-a1d6-9aea1a91e47f@group-7024853660D2-SegmentedRaftLogWorker: flushIndex: setUnconditionally 0 -> -1
2019-09-21 03:23:42,997 [pool-429-thread-1] INFO  server.RaftServerConfigKeys (ConfUtils.java:logGet(43)) - raft.server.snapshot.auto.trigger.enabled = true (custom)
2019-09-21 03:23:42,997 [pool-429-thread-1] INFO  server.RaftServerConfigKeys (ConfUtils.java:logGet(43)) - raft.server.snapshot.auto.trigger.threshold = 10000 (custom)
2019-09-21 03:23:42,997 [pool-409-thread-1] INFO  server.RaftServerConfigKeys (ConfUtils.java:logGet(43)) - raft.server.snapshot.auto.trigger.enabled = true (custom)
2019-09-21 03:23:42,997 [pool-429-thread-1] INFO  server.RaftServerConfigKeys (ConfUtils.java:logGet(43)) - raft.server.snapshot.retention.num.files = 5 (custom)
2019-09-21 03:23:42,997 [pool-409-thread-1] INFO  server.RaftServerConfigKeys (ConfUtils.java:logGet(43)) - raft.server.snapshot.auto.trigger.threshold = 10000 (custom)
2019-09-21 03:23:42,997 [pool-429-thread-1] INFO  server.RaftServerConfigKeys (ConfUtils.java:logGet(43)) - raft.server.retrycache.expirytime = 600000ms (custom)
2019-09-21 03:23:42,997 [pool-409-thread-1] INFO  server.RaftServerConfigKeys (ConfUtils.java:logGet(43)) - raft.server.snapshot.retention.num.files = 5 (custom)
2019-09-21 03:23:42,998 [pool-409-thread-1] INFO  server.RaftServerConfigKeys (ConfUtils.java:logGet(43)) - raft.server.retrycache.expirytime = 600000ms (custom)
2019-09-21 03:23:42,999 [pool-429-thread-1] INFO  impl.RaftServerImpl (RaftServerImpl.java:start(185)) - e0b13bb3-f106-4a40-bedd-a90450f34792@group-7024853660D2: start as a follower, conf=-1: [b760601b-20df-4ecf-8386-2afc7d1b8d1f:192.168.36.122:40326, 3f34ee0a-5f1f-4899-a1d6-9aea1a91e47f:192.168.36.122:38557, e0b13bb3-f106-4a40-bedd-a90450f34792:192.168.36.122:46354], old=null
2019-09-21 03:23:42,999 [pool-429-thread-1] INFO  impl.RaftServerImpl (RaftServerImpl.java:setRole(174)) - e0b13bb3-f106-4a40-bedd-a90450f34792@group-7024853660D2: changes role from      null to FOLLOWER at term 0 for startAsFollower
2019-09-21 03:23:42,999 [pool-429-thread-1] INFO  impl.RoleInfo (RoleInfo.java:updateAndGet(143)) - e0b13bb3-f106-4a40-bedd-a90450f34792: start FollowerState
2019-09-21 03:23:42,999 [pool-429-thread-1] INFO  util.JmxRegister (JmxRegister.java:tryRegister(44)) - Successfully registered JMX Bean with object name Ratis:service=RaftServer,group=group-7024853660D2,id=e0b13bb3-f106-4a40-bedd-a90450f34792
2019-09-21 03:23:42,999 [pool-409-thread-1] INFO  impl.RaftServerImpl (RaftServerImpl.java:start(185)) - 3f34ee0a-5f1f-4899-a1d6-9aea1a91e47f@group-7024853660D2: start as a follower, conf=-1: [b760601b-20df-4ecf-8386-2afc7d1b8d1f:192.168.36.122:40326, 3f34ee0a-5f1f-4899-a1d6-9aea1a91e47f:192.168.36.122:38557, e0b13bb3-f106-4a40-bedd-a90450f34792:192.168.36.122:46354], old=null
2019-09-21 03:23:43,000 [pool-409-thread-1] INFO  impl.RaftServerImpl (RaftServerImpl.java:setRole(174)) - 3f34ee0a-5f1f-4899-a1d6-9aea1a91e47f@group-7024853660D2: changes role from      null to FOLLOWER at term 0 for startAsFollower
2019-09-21 03:23:43,000 [pool-409-thread-1] INFO  impl.RoleInfo (RoleInfo.java:updateAndGet(143)) - 3f34ee0a-5f1f-4899-a1d6-9aea1a91e47f: start FollowerState
2019-09-21 03:23:43,000 [pool-409-thread-1] INFO  util.JmxRegister (JmxRegister.java:tryRegister(44)) - Successfully registered JMX Bean with object name Ratis:service=RaftServer,group=group-7024853660D2,id=3f34ee0a-5f1f-4899-a1d6-9aea1a91e47f
2019-09-21 03:23:43,001 [RatisPipelineUtilsThread] INFO  pipeline.PipelineStateManager (PipelineStateManager.java:addPipeline(56)) - Created pipeline Pipeline[ Id: b7a7eea1-dff5-4f30-97ad-7024853660d2, Nodes: b760601b-20df-4ecf-8386-2afc7d1b8d1f{ip: 192.168.36.122, host: pr-hdds-2161-42js2-1613171706, networkLocation: /default-rack, certSerialId: null}3f34ee0a-5f1f-4899-a1d6-9aea1a91e47f{ip: 192.168.36.122, host: pr-hdds-2161-42js2-1613171706, networkLocation: /default-rack, certSerialId: null}e0b13bb3-f106-4a40-bedd-a90450f34792{ip: 192.168.36.122, host: pr-hdds-2161-42js2-1613171706, networkLocation: /default-rack, certSerialId: null}, Type:RATIS, Factor:THREE, State:OPEN]
2019-09-21 03:23:43,008 [grpc-default-executor-12] INFO  impl.RaftServerProxy (RaftServerProxy.java:addNew(89)) - bef20ca5-bd9d-4b10-9717-ad28e839cae3: addNew group-035020D4B45B:[bef20ca5-bd9d-4b10-9717-ad28e839cae3:192.168.36.122:41507] returns group-035020D4B45B:java.util.concurrent.CompletableFuture@335fe97[Not completed]
2019-09-21 03:23:43,009 [pool-439-thread-1] INFO  impl.RaftServerImpl (RaftServerImpl.java:<init>(95)) - bef20ca5-bd9d-4b10-9717-ad28e839cae3: new RaftServerImpl for group-035020D4B45B:[bef20ca5-bd9d-4b10-9717-ad28e839cae3:192.168.36.122:41507] with ContainerStateMachine:uninitialized
2019-09-21 03:23:43,011 [pool-439-thread-1] INFO  server.RaftServerConfigKeys (ConfUtils.java:logGet(43)) - raft.server.rpc.timeout.min = 5s (custom)
2019-09-21 03:23:43,011 [pool-439-thread-1] INFO  server.RaftServerConfigKeys (ConfUtils.java:logGet(43)) - raft.server.rpc.timeout.max = 5200ms (custom)
2019-09-21 03:23:43,011 [pool-439-thread-1] INFO  server.RaftServerConfigKeys (ConfUtils.java:logGet(43)) - raft.server.rpcslowness.timeout = 120s (custom)
2019-09-21 03:23:43,011 [pool-439-thread-1] INFO  server.RaftServerConfigKeys (ConfUtils.java:logGet(43)) - raft.server.sleep.deviation.threshold = 300 (default)
2019-09-21 03:23:43,011 [pool-439-thread-1] INFO  server.RaftServerConfigKeys (ConfUtils.java:logGet(43)) - raft.server.log.appender.install.snapshot.enabled = false (custom)
2019-09-21 03:23:43,011 [pool-439-thread-1] INFO  impl.RaftServerImpl (ServerState.java:<init>(103)) - bef20ca5-bd9d-4b10-9717-ad28e839cae3@group-035020D4B45B: ConfigurationManager, init=-1: [bef20ca5-bd9d-4b10-9717-ad28e839cae3:192.168.36.122:41507], old=null, confs=<EMPTY_MAP>
2019-09-21 03:23:43,011 [pool-439-thread-1] INFO  server.RaftServerConfigKeys (ConfUtils.java:logGet(43)) - raft.server.storage.dir = [/workdir/hadoop-ozone/integration-test/target/test-dir/MiniOzoneClusterImpl-cae1a81b-9ca5-4f12-9003-0d2cd477a7a0/datanode-3/data/ratis] (custom)
2019-09-21 03:23:43,011 [pool-439-thread-1] INFO  storage.RaftStorageDirectory (RaftStorageDirectory.java:analyzeStorage(246)) - The storage directory /workdir/hadoop-ozone/integration-test/target/test-dir/MiniOzoneClusterImpl-cae1a81b-9ca5-4f12-9003-0d2cd477a7a0/datanode-3/data/ratis/554f3418-0adf-4207-93b6-035020d4b45b does not exist. Creating ...
2019-09-21 03:23:43,034 [pool-439-thread-1] INFO  storage.RaftStorageDirectory (RaftStorageDirectory.java:tryLock(328)) - Lock on /workdir/hadoop-ozone/integration-test/target/test-dir/MiniOzoneClusterImpl-cae1a81b-9ca5-4f12-9003-0d2cd477a7a0/datanode-3/data/ratis/554f3418-0adf-4207-93b6-035020d4b45b/in_use.lock acquired by nodename 24290@pr-hdds-2161-42js2-1613171706
2019-09-21 03:23:43,050 [pool-439-thread-1] INFO  storage.RaftStorage (RaftStorage.java:format(72)) - Storage directory /workdir/hadoop-ozone/integration-test/target/test-dir/MiniOzoneClusterImpl-cae1a81b-9ca5-4f12-9003-0d2cd477a7a0/datanode-3/data/ratis/554f3418-0adf-4207-93b6-035020d4b45b has been successfully formatted.
2019-09-21 03:23:43,051 [pool-439-thread-1] INFO  ratis.ContainerStateMachine (ContainerStateMachine.java:loadSnapshot(230)) - group-035020D4B45B: The snapshot info is null. Setting the last applied indexto:(t:0, i:~)
2019-09-21 03:23:43,051 [pool-439-thread-1] INFO  server.RaftServerConfigKeys (ConfUtils.java:logGet(43)) - raft.server.notification.no-leader.timeout = 120s (custom)
2019-09-21 03:23:43,051 [pool-439-thread-1] INFO  server.RaftServerConfigKeys (ConfUtils.java:logGet(43)) - raft.server.log.use.memory = false (default)
2019-09-21 03:23:43,051 [pool-439-thread-1] INFO  server.RaftServerConfigKeys (ConfUtils.java:logGet(43)) - raft.server.log.purge.gap = 1000000 (custom)
2019-09-21 03:23:43,051 [pool-439-thread-1] INFO  server.RaftServerConfigKeys (ConfUtils.java:logGet(43)) - raft.server.log.appender.buffer.byte-limit = 33554432 (custom)
2019-09-21 03:23:43,051 [pool-439-thread-1] INFO  server.RaftServerConfigKeys (ConfUtils.java:logGet(43)) - raft.server.log.segment.size.max = 1048576 (custom)
2019-09-21 03:23:43,051 [pool-439-thread-1] INFO  server.RaftServerConfigKeys (ConfUtils.java:logGet(43)) - raft.server.log.segment.cache.num.max = 2 (custom)
2019-09-21 03:23:43,051 [pool-439-thread-1] INFO  segmented.SegmentedRaftLogWorker (SegmentedRaftLogWorker.java:<init>(172)) - new bef20ca5-bd9d-4b10-9717-ad28e839cae3@group-035020D4B45B-SegmentedRaftLogWorker for RaftStorage:Storage Directory /workdir/hadoop-ozone/integration-test/target/test-dir/MiniOzoneClusterImpl-cae1a81b-9ca5-4f12-9003-0d2cd477a7a0/datanode-3/data/ratis/554f3418-0adf-4207-93b6-035020d4b45b
2019-09-21 03:23:43,053 [pool-439-thread-1] INFO  server.RaftServerConfigKeys (ConfUtils.java:logGet(43)) - raft.server.log.queue.byte-limit = 2147483647 (custom)
2019-09-21 03:23:43,053 [pool-439-thread-1] INFO  server.RaftServerConfigKeys (ConfUtils.java:logGet(43)) - raft.server.log.queue.element-limit = 1024 (custom)
2019-09-21 03:23:43,053 [pool-439-thread-1] INFO  server.RaftServerConfigKeys (ConfUtils.java:logGet(43)) - raft.server.log.segment.size.max = 1048576 (custom)
2019-09-21 03:23:43,053 [pool-439-thread-1] INFO  server.RaftServerConfigKeys (ConfUtils.java:logGet(43)) - raft.server.log.preallocated.size = 16384 (custom)
2019-09-21 03:23:43,053 [pool-439-thread-1] INFO  server.RaftServerConfigKeys (ConfUtils.java:logGet(43)) - raft.server.log.write.buffer.size = 33554432 (custom)
2019-09-21 03:23:43,053 [pool-439-thread-1] INFO  server.RaftServerConfigKeys (ConfUtils.java:logGet(43)) - raft.server.log.force.sync.num = 128 (default)
2019-09-21 03:23:43,053 [pool-439-thread-1] INFO  server.RaftServerConfigKeys (ConfUtils.java:logGet(43)) - raft.server.log.statemachine.data.sync = true (default)
2019-09-21 03:23:43,053 [pool-439-thread-1] INFO  server.RaftServerConfigKeys (ConfUtils.java:logGet(43)) - raft.server.log.statemachine.data.sync.timeout = 10s (default)
2019-09-21 03:23:43,053 [pool-439-thread-1] INFO  server.RaftServerConfigKeys (ConfUtils.java:logGet(43)) - raft.server.log.statemachine.data.sync.timeout.retry = -1 (default)
2019-09-21 03:23:43,054 [pool-439-thread-1] INFO  server.RaftServerConfigKeys (ConfUtils.java:logGet(43)) - raft.server.log.statemachine.data.caching.enabled = true (custom)
2019-09-21 03:23:43,054 [pool-439-thread-1] INFO  segmented.SegmentedRaftLogWorker (SegmentedRaftLogWorker.java:lambda$new$0(132)) - bef20ca5-bd9d-4b10-9717-ad28e839cae3@group-035020D4B45B-SegmentedRaftLogWorker: flushIndex: setUnconditionally 0 -> -1
2019-09-21 03:23:43,054 [pool-439-thread-1] INFO  server.RaftServerConfigKeys (ConfUtils.java:logGet(43)) - raft.server.snapshot.auto.trigger.enabled = true (custom)
2019-09-21 03:23:43,054 [pool-439-thread-1] INFO  server.RaftServerConfigKeys (ConfUtils.java:logGet(43)) - raft.server.snapshot.auto.trigger.threshold = 10000 (custom)
2019-09-21 03:23:43,054 [pool-439-thread-1] INFO  server.RaftServerConfigKeys (ConfUtils.java:logGet(43)) - raft.server.snapshot.retention.num.files = 5 (custom)
2019-09-21 03:23:43,054 [pool-439-thread-1] INFO  server.RaftServerConfigKeys (ConfUtils.java:logGet(43)) - raft.server.retrycache.expirytime = 600000ms (custom)
2019-09-21 03:23:43,056 [pool-439-thread-1] INFO  impl.RaftServerImpl (RaftServerImpl.java:start(185)) - bef20ca5-bd9d-4b10-9717-ad28e839cae3@group-035020D4B45B: start as a follower, conf=-1: [bef20ca5-bd9d-4b10-9717-ad28e839cae3:192.168.36.122:41507], old=null
2019-09-21 03:23:43,056 [pool-439-thread-1] INFO  impl.RaftServerImpl (RaftServerImpl.java:setRole(174)) - bef20ca5-bd9d-4b10-9717-ad28e839cae3@group-035020D4B45B: changes role from      null to FOLLOWER at term 0 for startAsFollower
2019-09-21 03:23:43,056 [pool-439-thread-1] INFO  impl.RoleInfo (RoleInfo.java:updateAndGet(143)) - bef20ca5-bd9d-4b10-9717-ad28e839cae3: start FollowerState
2019-09-21 03:23:43,056 [pool-439-thread-1] INFO  util.JmxRegister (JmxRegister.java:tryRegister(44)) - Successfully registered JMX Bean with object name Ratis:service=RaftServer,group=group-035020D4B45B,id=bef20ca5-bd9d-4b10-9717-ad28e839cae3
2019-09-21 03:23:43,058 [RatisPipelineUtilsThread] INFO  pipeline.PipelineStateManager (PipelineStateManager.java:addPipeline(56)) - Created pipeline Pipeline[ Id: 554f3418-0adf-4207-93b6-035020d4b45b, Nodes: bef20ca5-bd9d-4b10-9717-ad28e839cae3{ip: 192.168.36.122, host: pr-hdds-2161-42js2-1613171706, networkLocation: /default-rack, certSerialId: null}, Type:RATIS, Factor:ONE, State:OPEN]
2019-09-21 03:23:43,064 [IPC Server handler 5 on 43558] INFO  net.NetworkTopology (NetworkTopologyImpl.java:add(111)) - Added a new node: /default-rack/fb72d5d5-9329-40c5-96ab-8fbea53877da
2019-09-21 03:23:43,064 [IPC Server handler 5 on 43558] INFO  node.SCMNodeManager (SCMNodeManager.java:register(266)) - Registered Data node : fb72d5d5-9329-40c5-96ab-8fbea53877da{ip: 192.168.36.122, host: pr-hdds-2161-42js2-1613171706, networkLocation: /default-rack, certSerialId: null}
2019-09-21 03:23:43,070 [grpc-default-executor-12] INFO  impl.RaftServerProxy (RaftServerProxy.java:addNew(89)) - fb72d5d5-9329-40c5-96ab-8fbea53877da: addNew group-183D39DEA5FD:[fb72d5d5-9329-40c5-96ab-8fbea53877da:192.168.36.122:35569] returns group-183D39DEA5FD:java.util.concurrent.CompletableFuture@8f9d5db[Not completed]
2019-09-21 03:23:43,071 [pool-449-thread-1] INFO  impl.RaftServerImpl (RaftServerImpl.java:<init>(95)) - fb72d5d5-9329-40c5-96ab-8fbea53877da: new RaftServerImpl for group-183D39DEA5FD:[fb72d5d5-9329-40c5-96ab-8fbea53877da:192.168.36.122:35569] with ContainerStateMachine:uninitialized
2019-09-21 03:23:43,071 [pool-449-thread-1] INFO  server.RaftServerConfigKeys (ConfUtils.java:logGet(43)) - raft.server.rpc.timeout.min = 5s (custom)
2019-09-21 03:23:43,071 [pool-449-thread-1] INFO  server.RaftServerConfigKeys (ConfUtils.java:logGet(43)) - raft.server.rpc.timeout.max = 5200ms (custom)
2019-09-21 03:23:43,071 [pool-449-thread-1] INFO  server.RaftServerConfigKeys (ConfUtils.java:logGet(43)) - raft.server.rpcslowness.timeout = 120s (custom)
2019-09-21 03:23:43,071 [pool-449-thread-1] INFO  server.RaftServerConfigKeys (ConfUtils.java:logGet(43)) - raft.server.sleep.deviation.threshold = 300 (default)
2019-09-21 03:23:43,071 [pool-449-thread-1] INFO  server.RaftServerConfigKeys (ConfUtils.java:logGet(43)) - raft.server.log.appender.install.snapshot.enabled = false (custom)
2019-09-21 03:23:43,071 [pool-449-thread-1] INFO  impl.RaftServerImpl (ServerState.java:<init>(103)) - fb72d5d5-9329-40c5-96ab-8fbea53877da@group-183D39DEA5FD: ConfigurationManager, init=-1: [fb72d5d5-9329-40c5-96ab-8fbea53877da:192.168.36.122:35569], old=null, confs=<EMPTY_MAP>
2019-09-21 03:23:43,071 [pool-449-thread-1] INFO  server.RaftServerConfigKeys (ConfUtils.java:logGet(43)) - raft.server.storage.dir = [/workdir/hadoop-ozone/integration-test/target/test-dir/MiniOzoneClusterImpl-cae1a81b-9ca5-4f12-9003-0d2cd477a7a0/datanode-4/data/ratis] (custom)
2019-09-21 03:23:43,072 [pool-449-thread-1] INFO  storage.RaftStorageDirectory (RaftStorageDirectory.java:analyzeStorage(246)) - The storage directory /workdir/hadoop-ozone/integration-test/target/test-dir/MiniOzoneClusterImpl-cae1a81b-9ca5-4f12-9003-0d2cd477a7a0/datanode-4/data/ratis/fe3e081c-6dda-47ad-8fdf-183d39dea5fd does not exist. Creating ...
2019-09-21 03:23:43,094 [pool-449-thread-1] INFO  storage.RaftStorageDirectory (RaftStorageDirectory.java:tryLock(328)) - Lock on /workdir/hadoop-ozone/integration-test/target/test-dir/MiniOzoneClusterImpl-cae1a81b-9ca5-4f12-9003-0d2cd477a7a0/datanode-4/data/ratis/fe3e081c-6dda-47ad-8fdf-183d39dea5fd/in_use.lock acquired by nodename 24290@pr-hdds-2161-42js2-1613171706
2019-09-21 03:23:43,113 [pool-449-thread-1] INFO  storage.RaftStorage (RaftStorage.java:format(72)) - Storage directory /workdir/hadoop-ozone/integration-test/target/test-dir/MiniOzoneClusterImpl-cae1a81b-9ca5-4f12-9003-0d2cd477a7a0/datanode-4/data/ratis/fe3e081c-6dda-47ad-8fdf-183d39dea5fd has been successfully formatted.
2019-09-21 03:23:43,113 [pool-449-thread-1] INFO  ratis.ContainerStateMachine (ContainerStateMachine.java:loadSnapshot(230)) - group-183D39DEA5FD: The snapshot info is null. Setting the last applied indexto:(t:0, i:~)
2019-09-21 03:23:43,113 [pool-449-thread-1] INFO  server.RaftServerConfigKeys (ConfUtils.java:logGet(43)) - raft.server.notification.no-leader.timeout = 120s (custom)
2019-09-21 03:23:43,113 [pool-449-thread-1] INFO  server.RaftServerConfigKeys (ConfUtils.java:logGet(43)) - raft.server.log.use.memory = false (default)
2019-09-21 03:23:43,113 [pool-449-thread-1] INFO  server.RaftServerConfigKeys (ConfUtils.java:logGet(43)) - raft.server.log.purge.gap = 1000000 (custom)
2019-09-21 03:23:43,113 [pool-449-thread-1] INFO  server.RaftServerConfigKeys (ConfUtils.java:logGet(43)) - raft.server.log.appender.buffer.byte-limit = 33554432 (custom)
2019-09-21 03:23:43,114 [pool-449-thread-1] INFO  server.RaftServerConfigKeys (ConfUtils.java:logGet(43)) - raft.server.log.segment.size.max = 1048576 (custom)
2019-09-21 03:23:43,114 [pool-449-thread-1] INFO  server.RaftServerConfigKeys (ConfUtils.java:logGet(43)) - raft.server.log.segment.cache.num.max = 2 (custom)
2019-09-21 03:23:43,114 [pool-449-thread-1] INFO  segmented.SegmentedRaftLogWorker (SegmentedRaftLogWorker.java:<init>(172)) - new fb72d5d5-9329-40c5-96ab-8fbea53877da@group-183D39DEA5FD-SegmentedRaftLogWorker for RaftStorage:Storage Directory /workdir/hadoop-ozone/integration-test/target/test-dir/MiniOzoneClusterImpl-cae1a81b-9ca5-4f12-9003-0d2cd477a7a0/datanode-4/data/ratis/fe3e081c-6dda-47ad-8fdf-183d39dea5fd
2019-09-21 03:23:43,115 [pool-449-thread-1] INFO  server.RaftServerConfigKeys (ConfUtils.java:logGet(43)) - raft.server.log.queue.byte-limit = 2147483647 (custom)
2019-09-21 03:23:43,115 [pool-449-thread-1] INFO  server.RaftServerConfigKeys (ConfUtils.java:logGet(43)) - raft.server.log.queue.element-limit = 1024 (custom)
2019-09-21 03:23:43,115 [pool-449-thread-1] INFO  server.RaftServerConfigKeys (ConfUtils.java:logGet(43)) - raft.server.log.segment.size.max = 1048576 (custom)
2019-09-21 03:23:43,116 [pool-449-thread-1] INFO  server.RaftServerConfigKeys (ConfUtils.java:logGet(43)) - raft.server.log.preallocated.size = 16384 (custom)
2019-09-21 03:23:43,116 [pool-449-thread-1] INFO  server.RaftServerConfigKeys (ConfUtils.java:logGet(43)) - raft.server.log.write.buffer.size = 33554432 (custom)
2019-09-21 03:23:43,116 [pool-449-thread-1] INFO  server.RaftServerConfigKeys (ConfUtils.java:logGet(43)) - raft.server.log.force.sync.num = 128 (default)
2019-09-21 03:23:43,116 [pool-449-thread-1] INFO  server.RaftServerConfigKeys (ConfUtils.java:logGet(43)) - raft.server.log.statemachine.data.sync = true (default)
2019-09-21 03:23:43,116 [pool-449-thread-1] INFO  server.RaftServerConfigKeys (ConfUtils.java:logGet(43)) - raft.server.log.statemachine.data.sync.timeout = 10s (default)
2019-09-21 03:23:43,116 [pool-449-thread-1] INFO  server.RaftServerConfigKeys (ConfUtils.java:logGet(43)) - raft.server.log.statemachine.data.sync.timeout.retry = -1 (default)
2019-09-21 03:23:43,116 [pool-449-thread-1] INFO  server.RaftServerConfigKeys (ConfUtils.java:logGet(43)) - raft.server.log.statemachine.data.caching.enabled = true (custom)
2019-09-21 03:23:43,116 [pool-449-thread-1] INFO  segmented.SegmentedRaftLogWorker (SegmentedRaftLogWorker.java:lambda$new$0(132)) - fb72d5d5-9329-40c5-96ab-8fbea53877da@group-183D39DEA5FD-SegmentedRaftLogWorker: flushIndex: setUnconditionally 0 -> -1
2019-09-21 03:23:43,117 [pool-449-thread-1] INFO  server.RaftServerConfigKeys (ConfUtils.java:logGet(43)) - raft.server.snapshot.auto.trigger.enabled = true (custom)
2019-09-21 03:23:43,117 [pool-449-thread-1] INFO  server.RaftServerConfigKeys (ConfUtils.java:logGet(43)) - raft.server.snapshot.auto.trigger.threshold = 10000 (custom)
2019-09-21 03:23:43,117 [pool-449-thread-1] INFO  server.RaftServerConfigKeys (ConfUtils.java:logGet(43)) - raft.server.snapshot.retention.num.files = 5 (custom)
2019-09-21 03:23:43,117 [pool-449-thread-1] INFO  server.RaftServerConfigKeys (ConfUtils.java:logGet(43)) - raft.server.retrycache.expirytime = 600000ms (custom)
2019-09-21 03:23:43,118 [pool-449-thread-1] INFO  impl.RaftServerImpl (RaftServerImpl.java:start(185)) - fb72d5d5-9329-40c5-96ab-8fbea53877da@group-183D39DEA5FD: start as a follower, conf=-1: [fb72d5d5-9329-40c5-96ab-8fbea53877da:192.168.36.122:35569], old=null
2019-09-21 03:23:43,118 [pool-449-thread-1] INFO  impl.RaftServerImpl (RaftServerImpl.java:setRole(174)) - fb72d5d5-9329-40c5-96ab-8fbea53877da@group-183D39DEA5FD: changes role from      null to FOLLOWER at term 0 for startAsFollower
2019-09-21 03:23:43,118 [pool-449-thread-1] INFO  impl.RoleInfo (RoleInfo.java:updateAndGet(143)) - fb72d5d5-9329-40c5-96ab-8fbea53877da: start FollowerState
2019-09-21 03:23:43,118 [pool-449-thread-1] INFO  util.JmxRegister (JmxRegister.java:tryRegister(44)) - Successfully registered JMX Bean with object name Ratis:service=RaftServer,group=group-183D39DEA5FD,id=fb72d5d5-9329-40c5-96ab-8fbea53877da
2019-09-21 03:23:43,120 [RatisPipelineUtilsThread] INFO  pipeline.PipelineStateManager (PipelineStateManager.java:addPipeline(56)) - Created pipeline Pipeline[ Id: fe3e081c-6dda-47ad-8fdf-183d39dea5fd, Nodes: fb72d5d5-9329-40c5-96ab-8fbea53877da{ip: 192.168.36.122, host: pr-hdds-2161-42js2-1613171706, networkLocation: /default-rack, certSerialId: null}, Type:RATIS, Factor:ONE, State:OPEN]
2019-09-21 03:23:43,125 [IPC Server handler 3 on 43558] INFO  net.NetworkTopology (NetworkTopologyImpl.java:add(111)) - Added a new node: /default-rack/eba3c3e9-81e1-4dd5-8a54-7a7aa2aef730
2019-09-21 03:23:43,125 [IPC Server handler 3 on 43558] INFO  node.SCMNodeManager (SCMNodeManager.java:register(266)) - Registered Data node : eba3c3e9-81e1-4dd5-8a54-7a7aa2aef730{ip: 192.168.36.122, host: pr-hdds-2161-42js2-1613171706, networkLocation: /default-rack, certSerialId: null}
2019-09-21 03:23:43,133 [grpc-default-executor-12] INFO  impl.RaftServerProxy (RaftServerProxy.java:addNew(89)) - eba3c3e9-81e1-4dd5-8a54-7a7aa2aef730: addNew group-408BD2511213:[eba3c3e9-81e1-4dd5-8a54-7a7aa2aef730:192.168.36.122:40551] returns group-408BD2511213:java.util.concurrent.CompletableFuture@9967b1a[Not completed]
2019-09-21 03:23:43,134 [pool-459-thread-1] INFO  impl.RaftServerImpl (RaftServerImpl.java:<init>(95)) - eba3c3e9-81e1-4dd5-8a54-7a7aa2aef730: new RaftServerImpl for group-408BD2511213:[eba3c3e9-81e1-4dd5-8a54-7a7aa2aef730:192.168.36.122:40551] with ContainerStateMachine:uninitialized
2019-09-21 03:23:43,134 [pool-459-thread-1] INFO  server.RaftServerConfigKeys (ConfUtils.java:logGet(43)) - raft.server.rpc.timeout.min = 5s (custom)
2019-09-21 03:23:43,134 [pool-459-thread-1] INFO  server.RaftServerConfigKeys (ConfUtils.java:logGet(43)) - raft.server.rpc.timeout.max = 5200ms (custom)
2019-09-21 03:23:43,134 [pool-459-thread-1] INFO  server.RaftServerConfigKeys (ConfUtils.java:logGet(43)) - raft.server.rpcslowness.timeout = 120s (custom)
2019-09-21 03:23:43,134 [pool-459-thread-1] INFO  server.RaftServerConfigKeys (ConfUtils.java:logGet(43)) - raft.server.sleep.deviation.threshold = 300 (default)
2019-09-21 03:23:43,135 [pool-459-thread-1] INFO  server.RaftServerConfigKeys (ConfUtils.java:logGet(43)) - raft.server.log.appender.install.snapshot.enabled = false (custom)
2019-09-21 03:23:43,135 [pool-459-thread-1] INFO  impl.RaftServerImpl (ServerState.java:<init>(103)) - eba3c3e9-81e1-4dd5-8a54-7a7aa2aef730@group-408BD2511213: ConfigurationManager, init=-1: [eba3c3e9-81e1-4dd5-8a54-7a7aa2aef730:192.168.36.122:40551], old=null, confs=<EMPTY_MAP>
2019-09-21 03:23:43,135 [pool-459-thread-1] INFO  server.RaftServerConfigKeys (ConfUtils.java:logGet(43)) - raft.server.storage.dir = [/workdir/hadoop-ozone/integration-test/target/test-dir/MiniOzoneClusterImpl-cae1a81b-9ca5-4f12-9003-0d2cd477a7a0/datanode-5/data/ratis] (custom)
2019-09-21 03:23:43,135 [pool-459-thread-1] INFO  storage.RaftStorageDirectory (RaftStorageDirectory.java:analyzeStorage(246)) - The storage directory /workdir/hadoop-ozone/integration-test/target/test-dir/MiniOzoneClusterImpl-cae1a81b-9ca5-4f12-9003-0d2cd477a7a0/datanode-5/data/ratis/d4894d6f-6a6e-44c6-b30b-408bd2511213 does not exist. Creating ...
2019-09-21 03:23:43,169 [pool-459-thread-1] INFO  storage.RaftStorageDirectory (RaftStorageDirectory.java:tryLock(328)) - Lock on /workdir/hadoop-ozone/integration-test/target/test-dir/MiniOzoneClusterImpl-cae1a81b-9ca5-4f12-9003-0d2cd477a7a0/datanode-5/data/ratis/d4894d6f-6a6e-44c6-b30b-408bd2511213/in_use.lock acquired by nodename 24290@pr-hdds-2161-42js2-1613171706
2019-09-21 03:23:43,177 [IPC Server handler 1 on 43558] INFO  net.NetworkTopology (NetworkTopologyImpl.java:add(111)) - Added a new node: /default-rack/71e3ea0d-2bbd-4975-aca2-4e0b0af2cb8e
2019-09-21 03:23:43,177 [main] INFO  ozone.MiniOzoneClusterImpl (MiniOzoneClusterImpl.java:lambda$waitForClusterToBeReady$0(147)) - Cluster is ready. Got 7 of 7 DN Heartbeats.
2019-09-21 03:23:43,177 [IPC Server handler 1 on 43558] INFO  node.SCMNodeManager (SCMNodeManager.java:register(266)) - Registered Data node : 71e3ea0d-2bbd-4975-aca2-4e0b0af2cb8e{ip: 192.168.36.122, host: pr-hdds-2161-42js2-1613171706, networkLocation: /default-rack, certSerialId: null}
2019-09-21 03:23:43,196 [pool-459-thread-1] INFO  storage.RaftStorage (RaftStorage.java:format(72)) - Storage directory /workdir/hadoop-ozone/integration-test/target/test-dir/MiniOzoneClusterImpl-cae1a81b-9ca5-4f12-9003-0d2cd477a7a0/datanode-5/data/ratis/d4894d6f-6a6e-44c6-b30b-408bd2511213 has been successfully formatted.
2019-09-21 03:23:43,208 [pool-459-thread-1] INFO  ratis.ContainerStateMachine (ContainerStateMachine.java:loadSnapshot(230)) - group-408BD2511213: The snapshot info is null. Setting the last applied indexto:(t:0, i:~)
2019-09-21 03:23:43,208 [pool-459-thread-1] INFO  server.RaftServerConfigKeys (ConfUtils.java:logGet(43)) - raft.server.notification.no-leader.timeout = 120s (custom)
2019-09-21 03:23:43,208 [pool-459-thread-1] INFO  server.RaftServerConfigKeys (ConfUtils.java:logGet(43)) - raft.server.log.use.memory = false (default)
2019-09-21 03:23:43,208 [pool-459-thread-1] INFO  server.RaftServerConfigKeys (ConfUtils.java:logGet(43)) - raft.server.log.purge.gap = 1000000 (custom)
2019-09-21 03:23:43,208 [pool-459-thread-1] INFO  server.RaftServerConfigKeys (ConfUtils.java:logGet(43)) - raft.server.log.appender.buffer.byte-limit = 33554432 (custom)
2019-09-21 03:23:43,208 [pool-459-thread-1] INFO  server.RaftServerConfigKeys (ConfUtils.java:logGet(43)) - raft.server.log.segment.size.max = 1048576 (custom)
2019-09-21 03:23:43,208 [pool-459-thread-1] INFO  server.RaftServerConfigKeys (ConfUtils.java:logGet(43)) - raft.server.log.segment.cache.num.max = 2 (custom)
2019-09-21 03:23:43,209 [pool-459-thread-1] INFO  segmented.SegmentedRaftLogWorker (SegmentedRaftLogWorker.java:<init>(172)) - new eba3c3e9-81e1-4dd5-8a54-7a7aa2aef730@group-408BD2511213-SegmentedRaftLogWorker for RaftStorage:Storage Directory /workdir/hadoop-ozone/integration-test/target/test-dir/MiniOzoneClusterImpl-cae1a81b-9ca5-4f12-9003-0d2cd477a7a0/datanode-5/data/ratis/d4894d6f-6a6e-44c6-b30b-408bd2511213
2019-09-21 03:23:43,212 [pool-459-thread-1] INFO  server.RaftServerConfigKeys (ConfUtils.java:logGet(43)) - raft.server.log.queue.byte-limit = 2147483647 (custom)
2019-09-21 03:23:43,212 [pool-459-thread-1] INFO  server.RaftServerConfigKeys (ConfUtils.java:logGet(43)) - raft.server.log.queue.element-limit = 1024 (custom)
2019-09-21 03:23:43,212 [pool-459-thread-1] INFO  server.RaftServerConfigKeys (ConfUtils.java:logGet(43)) - raft.server.log.segment.size.max = 1048576 (custom)
2019-09-21 03:23:43,213 [pool-459-thread-1] INFO  server.RaftServerConfigKeys (ConfUtils.java:logGet(43)) - raft.server.log.preallocated.size = 16384 (custom)
2019-09-21 03:23:43,213 [pool-459-thread-1] INFO  server.RaftServerConfigKeys (ConfUtils.java:logGet(43)) - raft.server.log.write.buffer.size = 33554432 (custom)
2019-09-21 03:23:43,213 [pool-459-thread-1] INFO  server.RaftServerConfigKeys (ConfUtils.java:logGet(43)) - raft.server.log.force.sync.num = 128 (default)
2019-09-21 03:23:43,213 [pool-459-thread-1] INFO  server.RaftServerConfigKeys (ConfUtils.java:logGet(43)) - raft.server.log.statemachine.data.sync = true (default)
2019-09-21 03:23:43,213 [pool-459-thread-1] INFO  server.RaftServerConfigKeys (ConfUtils.java:logGet(43)) - raft.server.log.statemachine.data.sync.timeout = 10s (default)
2019-09-21 03:23:43,213 [pool-459-thread-1] INFO  server.RaftServerConfigKeys (ConfUtils.java:logGet(43)) - raft.server.log.statemachine.data.sync.timeout.retry = -1 (default)
2019-09-21 03:23:43,213 [pool-459-thread-1] INFO  server.RaftServerConfigKeys (ConfUtils.java:logGet(43)) - raft.server.log.statemachine.data.caching.enabled = true (custom)
2019-09-21 03:23:43,214 [pool-459-thread-1] INFO  segmented.SegmentedRaftLogWorker (SegmentedRaftLogWorker.java:lambda$new$0(132)) - eba3c3e9-81e1-4dd5-8a54-7a7aa2aef730@group-408BD2511213-SegmentedRaftLogWorker: flushIndex: setUnconditionally 0 -> -1
2019-09-21 03:23:43,214 [main] INFO  rpc.RpcClient (RpcClient.java:createVolume(276)) - Creating Volume: testblockoutputstream, with jenkins1000 as owner.
2019-09-21 03:23:43,214 [pool-459-thread-1] INFO  server.RaftServerConfigKeys (ConfUtils.java:logGet(43)) - raft.server.snapshot.auto.trigger.enabled = true (custom)
2019-09-21 03:23:43,214 [pool-459-thread-1] INFO  server.RaftServerConfigKeys (ConfUtils.java:logGet(43)) - raft.server.snapshot.auto.trigger.threshold = 10000 (custom)
2019-09-21 03:23:43,214 [pool-459-thread-1] INFO  server.RaftServerConfigKeys (ConfUtils.java:logGet(43)) - raft.server.snapshot.retention.num.files = 5 (custom)
2019-09-21 03:23:43,214 [pool-459-thread-1] INFO  server.RaftServerConfigKeys (ConfUtils.java:logGet(43)) - raft.server.retrycache.expirytime = 600000ms (custom)
2019-09-21 03:23:43,216 [pool-459-thread-1] INFO  impl.RaftServerImpl (RaftServerImpl.java:start(185)) - eba3c3e9-81e1-4dd5-8a54-7a7aa2aef730@group-408BD2511213: start as a follower, conf=-1: [eba3c3e9-81e1-4dd5-8a54-7a7aa2aef730:192.168.36.122:40551], old=null
2019-09-21 03:23:43,216 [pool-459-thread-1] INFO  impl.RaftServerImpl (RaftServerImpl.java:setRole(174)) - eba3c3e9-81e1-4dd5-8a54-7a7aa2aef730@group-408BD2511213: changes role from      null to FOLLOWER at term 0 for startAsFollower
2019-09-21 03:23:43,216 [pool-459-thread-1] INFO  impl.RoleInfo (RoleInfo.java:updateAndGet(143)) - eba3c3e9-81e1-4dd5-8a54-7a7aa2aef730: start FollowerState
2019-09-21 03:23:43,216 [pool-459-thread-1] INFO  util.JmxRegister (JmxRegister.java:tryRegister(44)) - Successfully registered JMX Bean with object name Ratis:service=RaftServer,group=group-408BD2511213,id=eba3c3e9-81e1-4dd5-8a54-7a7aa2aef730
2019-09-21 03:23:43,217 [IPC Server handler 2 on 36988] INFO  volume.OMVolumeCreateRequest (OMVolumeCreateRequest.java:validateAndUpdateCache(189)) - created volume:testblockoutputstream for user:jenkins1000
2019-09-21 03:23:43,219 [RatisPipelineUtilsThread] INFO  pipeline.PipelineStateManager (PipelineStateManager.java:addPipeline(56)) - Created pipeline Pipeline[ Id: d4894d6f-6a6e-44c6-b30b-408bd2511213, Nodes: eba3c3e9-81e1-4dd5-8a54-7a7aa2aef730{ip: 192.168.36.122, host: pr-hdds-2161-42js2-1613171706, networkLocation: /default-rack, certSerialId: null}, Type:RATIS, Factor:ONE, State:OPEN]
2019-09-21 03:23:43,230 [main] INFO  rpc.RpcClient (RpcClient.java:createBucket(415)) - Creating Bucket: testblockoutputstream/testblockoutputstream, with Versioning false and Storage Type set to DISK and Encryption set to false 
2019-09-21 03:23:43,233 [grpc-default-executor-12] INFO  impl.RaftServerProxy (RaftServerProxy.java:addNew(89)) - 71e3ea0d-2bbd-4975-aca2-4e0b0af2cb8e: addNew group-EEFBAAED06C7:[71e3ea0d-2bbd-4975-aca2-4e0b0af2cb8e:192.168.36.122:36765] returns group-EEFBAAED06C7:java.util.concurrent.CompletableFuture@112c99c9[Not completed]
2019-09-21 03:23:43,236 [pool-469-thread-1] INFO  impl.RaftServerImpl (RaftServerImpl.java:<init>(95)) - 71e3ea0d-2bbd-4975-aca2-4e0b0af2cb8e: new RaftServerImpl for group-EEFBAAED06C7:[71e3ea0d-2bbd-4975-aca2-4e0b0af2cb8e:192.168.36.122:36765] with ContainerStateMachine:uninitialized
2019-09-21 03:23:43,236 [pool-469-thread-1] INFO  server.RaftServerConfigKeys (ConfUtils.java:logGet(43)) - raft.server.rpc.timeout.min = 5s (custom)
2019-09-21 03:23:43,236 [pool-469-thread-1] INFO  server.RaftServerConfigKeys (ConfUtils.java:logGet(43)) - raft.server.rpc.timeout.max = 5200ms (custom)
2019-09-21 03:23:43,236 [pool-469-thread-1] INFO  server.RaftServerConfigKeys (ConfUtils.java:logGet(43)) - raft.server.rpcslowness.timeout = 120s (custom)
2019-09-21 03:23:43,236 [pool-469-thread-1] INFO  server.RaftServerConfigKeys (ConfUtils.java:logGet(43)) - raft.server.sleep.deviation.threshold = 300 (default)
2019-09-21 03:23:43,237 [pool-469-thread-1] INFO  server.RaftServerConfigKeys (ConfUtils.java:logGet(43)) - raft.server.log.appender.install.snapshot.enabled = false (custom)
2019-09-21 03:23:43,237 [pool-469-thread-1] INFO  impl.RaftServerImpl (ServerState.java:<init>(103)) - 71e3ea0d-2bbd-4975-aca2-4e0b0af2cb8e@group-EEFBAAED06C7: ConfigurationManager, init=-1: [71e3ea0d-2bbd-4975-aca2-4e0b0af2cb8e:192.168.36.122:36765], old=null, confs=<EMPTY_MAP>
2019-09-21 03:23:43,237 [pool-469-thread-1] INFO  server.RaftServerConfigKeys (ConfUtils.java:logGet(43)) - raft.server.storage.dir = [/workdir/hadoop-ozone/integration-test/target/test-dir/MiniOzoneClusterImpl-cae1a81b-9ca5-4f12-9003-0d2cd477a7a0/datanode-6/data/ratis] (custom)
2019-09-21 03:23:43,237 [pool-469-thread-1] INFO  storage.RaftStorageDirectory (RaftStorageDirectory.java:analyzeStorage(246)) - The storage directory /workdir/hadoop-ozone/integration-test/target/test-dir/MiniOzoneClusterImpl-cae1a81b-9ca5-4f12-9003-0d2cd477a7a0/datanode-6/data/ratis/7dced7eb-863e-4b1f-b599-eefbaaed06c7 does not exist. Creating ...
2019-09-21 03:23:43,260 [pool-469-thread-1] INFO  storage.RaftStorageDirectory (RaftStorageDirectory.java:tryLock(328)) - Lock on /workdir/hadoop-ozone/integration-test/target/test-dir/MiniOzoneClusterImpl-cae1a81b-9ca5-4f12-9003-0d2cd477a7a0/datanode-6/data/ratis/7dced7eb-863e-4b1f-b599-eefbaaed06c7/in_use.lock acquired by nodename 24290@pr-hdds-2161-42js2-1613171706
2019-09-21 03:23:43,273 [pool-469-thread-1] INFO  storage.RaftStorage (RaftStorage.java:format(72)) - Storage directory /workdir/hadoop-ozone/integration-test/target/test-dir/MiniOzoneClusterImpl-cae1a81b-9ca5-4f12-9003-0d2cd477a7a0/datanode-6/data/ratis/7dced7eb-863e-4b1f-b599-eefbaaed06c7 has been successfully formatted.
2019-09-21 03:23:43,273 [pool-469-thread-1] INFO  ratis.ContainerStateMachine (ContainerStateMachine.java:loadSnapshot(230)) - group-EEFBAAED06C7: The snapshot info is null. Setting the last applied indexto:(t:0, i:~)
2019-09-21 03:23:43,274 [pool-469-thread-1] INFO  server.RaftServerConfigKeys (ConfUtils.java:logGet(43)) - raft.server.notification.no-leader.timeout = 120s (custom)
2019-09-21 03:23:43,274 [pool-469-thread-1] INFO  server.RaftServerConfigKeys (ConfUtils.java:logGet(43)) - raft.server.log.use.memory = false (default)
2019-09-21 03:23:43,274 [pool-469-thread-1] INFO  server.RaftServerConfigKeys (ConfUtils.java:logGet(43)) - raft.server.log.purge.gap = 1000000 (custom)
2019-09-21 03:23:43,274 [pool-469-thread-1] INFO  server.RaftServerConfigKeys (ConfUtils.java:logGet(43)) - raft.server.log.appender.buffer.byte-limit = 33554432 (custom)
2019-09-21 03:23:43,274 [pool-469-thread-1] INFO  server.RaftServerConfigKeys (ConfUtils.java:logGet(43)) - raft.server.log.segment.size.max = 1048576 (custom)
2019-09-21 03:23:43,274 [pool-469-thread-1] INFO  server.RaftServerConfigKeys (ConfUtils.java:logGet(43)) - raft.server.log.segment.cache.num.max = 2 (custom)
2019-09-21 03:23:43,274 [pool-469-thread-1] INFO  segmented.SegmentedRaftLogWorker (SegmentedRaftLogWorker.java:<init>(172)) - new 71e3ea0d-2bbd-4975-aca2-4e0b0af2cb8e@group-EEFBAAED06C7-SegmentedRaftLogWorker for RaftStorage:Storage Directory /workdir/hadoop-ozone/integration-test/target/test-dir/MiniOzoneClusterImpl-cae1a81b-9ca5-4f12-9003-0d2cd477a7a0/datanode-6/data/ratis/7dced7eb-863e-4b1f-b599-eefbaaed06c7
2019-09-21 03:23:43,276 [pool-469-thread-1] INFO  server.RaftServerConfigKeys (ConfUtils.java:logGet(43)) - raft.server.log.queue.byte-limit = 2147483647 (custom)
2019-09-21 03:23:43,276 [pool-469-thread-1] INFO  server.RaftServerConfigKeys (ConfUtils.java:logGet(43)) - raft.server.log.queue.element-limit = 1024 (custom)
2019-09-21 03:23:43,276 [pool-469-thread-1] INFO  server.RaftServerConfigKeys (ConfUtils.java:logGet(43)) - raft.server.log.segment.size.max = 1048576 (custom)
2019-09-21 03:23:43,276 [pool-469-thread-1] INFO  server.RaftServerConfigKeys (ConfUtils.java:logGet(43)) - raft.server.log.preallocated.size = 16384 (custom)
2019-09-21 03:23:43,276 [pool-469-thread-1] INFO  server.RaftServerConfigKeys (ConfUtils.java:logGet(43)) - raft.server.log.write.buffer.size = 33554432 (custom)
2019-09-21 03:23:43,276 [pool-469-thread-1] INFO  server.RaftServerConfigKeys (ConfUtils.java:logGet(43)) - raft.server.log.force.sync.num = 128 (default)
2019-09-21 03:23:43,277 [pool-469-thread-1] INFO  server.RaftServerConfigKeys (ConfUtils.java:logGet(43)) - raft.server.log.statemachine.data.sync = true (default)
2019-09-21 03:23:43,277 [pool-469-thread-1] INFO  server.RaftServerConfigKeys (ConfUtils.java:logGet(43)) - raft.server.log.statemachine.data.sync.timeout = 10s (default)
2019-09-21 03:23:43,277 [pool-469-thread-1] INFO  server.RaftServerConfigKeys (ConfUtils.java:logGet(43)) - raft.server.log.statemachine.data.sync.timeout.retry = -1 (default)
2019-09-21 03:23:43,277 [pool-469-thread-1] INFO  server.RaftServerConfigKeys (ConfUtils.java:logGet(43)) - raft.server.log.statemachine.data.caching.enabled = true (custom)
2019-09-21 03:23:43,277 [pool-469-thread-1] INFO  segmented.SegmentedRaftLogWorker (SegmentedRaftLogWorker.java:lambda$new$0(132)) - 71e3ea0d-2bbd-4975-aca2-4e0b0af2cb8e@group-EEFBAAED06C7-SegmentedRaftLogWorker: flushIndex: setUnconditionally 0 -> -1
2019-09-21 03:23:43,278 [pool-469-thread-1] INFO  server.RaftServerConfigKeys (ConfUtils.java:logGet(43)) - raft.server.snapshot.auto.trigger.enabled = true (custom)
2019-09-21 03:23:43,278 [pool-469-thread-1] INFO  server.RaftServerConfigKeys (ConfUtils.java:logGet(43)) - raft.server.snapshot.auto.trigger.threshold = 10000 (custom)
2019-09-21 03:23:43,278 [pool-469-thread-1] INFO  server.RaftServerConfigKeys (ConfUtils.java:logGet(43)) - raft.server.snapshot.retention.num.files = 5 (custom)
2019-09-21 03:23:43,278 [pool-469-thread-1] INFO  server.RaftServerConfigKeys (ConfUtils.java:logGet(43)) - raft.server.retrycache.expirytime = 600000ms (custom)
2019-09-21 03:23:43,280 [pool-469-thread-1] INFO  impl.RaftServerImpl (RaftServerImpl.java:start(185)) - 71e3ea0d-2bbd-4975-aca2-4e0b0af2cb8e@group-EEFBAAED06C7: start as a follower, conf=-1: [71e3ea0d-2bbd-4975-aca2-4e0b0af2cb8e:192.168.36.122:36765], old=null
2019-09-21 03:23:43,280 [pool-469-thread-1] INFO  impl.RaftServerImpl (RaftServerImpl.java:setRole(174)) - 71e3ea0d-2bbd-4975-aca2-4e0b0af2cb8e@group-EEFBAAED06C7: changes role from      null to FOLLOWER at term 0 for startAsFollower
2019-09-21 03:23:43,280 [pool-469-thread-1] INFO  impl.RoleInfo (RoleInfo.java:updateAndGet(143)) - 71e3ea0d-2bbd-4975-aca2-4e0b0af2cb8e: start FollowerState
2019-09-21 03:23:43,280 [pool-469-thread-1] INFO  util.JmxRegister (JmxRegister.java:tryRegister(44)) - Successfully registered JMX Bean with object name Ratis:service=RaftServer,group=group-EEFBAAED06C7,id=71e3ea0d-2bbd-4975-aca2-4e0b0af2cb8e
2019-09-21 03:23:43,283 [RatisPipelineUtilsThread] INFO  pipeline.PipelineStateManager (PipelineStateManager.java:addPipeline(56)) - Created pipeline Pipeline[ Id: 7dced7eb-863e-4b1f-b599-eefbaaed06c7, Nodes: 71e3ea0d-2bbd-4975-aca2-4e0b0af2cb8e{ip: 192.168.36.122, host: pr-hdds-2161-42js2-1613171706, networkLocation: /default-rack, certSerialId: null}, Type:RATIS, Factor:ONE, State:OPEN]
2019-09-21 03:23:43,298 [grpc-default-executor-4] INFO  impl.RaftServerProxy (RaftServerProxy.java:addNew(89)) - 71e3ea0d-2bbd-4975-aca2-4e0b0af2cb8e: addNew group-28DE72C30E3D:[71e3ea0d-2bbd-4975-aca2-4e0b0af2cb8e:192.168.36.122:36765, fb72d5d5-9329-40c5-96ab-8fbea53877da:192.168.36.122:35569, eba3c3e9-81e1-4dd5-8a54-7a7aa2aef730:192.168.36.122:40551] returns group-28DE72C30E3D:java.util.concurrent.CompletableFuture@1541cc1d[Not completed]
2019-09-21 03:23:43,298 [grpc-default-executor-12] INFO  impl.RaftServerProxy (RaftServerProxy.java:addNew(89)) - eba3c3e9-81e1-4dd5-8a54-7a7aa2aef730: addNew group-28DE72C30E3D:[71e3ea0d-2bbd-4975-aca2-4e0b0af2cb8e:192.168.36.122:36765, fb72d5d5-9329-40c5-96ab-8fbea53877da:192.168.36.122:35569, eba3c3e9-81e1-4dd5-8a54-7a7aa2aef730:192.168.36.122:40551] returns group-28DE72C30E3D:java.util.concurrent.CompletableFuture@5d2ebb08[Not completed]
2019-09-21 03:23:43,298 [grpc-default-executor-4] INFO  impl.RaftServerProxy (RaftServerProxy.java:addNew(89)) - fb72d5d5-9329-40c5-96ab-8fbea53877da: addNew group-28DE72C30E3D:[71e3ea0d-2bbd-4975-aca2-4e0b0af2cb8e:192.168.36.122:36765, fb72d5d5-9329-40c5-96ab-8fbea53877da:192.168.36.122:35569, eba3c3e9-81e1-4dd5-8a54-7a7aa2aef730:192.168.36.122:40551] returns group-28DE72C30E3D:java.util.concurrent.CompletableFuture@885a1ff[Not completed]
2019-09-21 03:23:43,299 [pool-459-thread-1] INFO  impl.RaftServerImpl (RaftServerImpl.java:<init>(95)) - eba3c3e9-81e1-4dd5-8a54-7a7aa2aef730: new RaftServerImpl for group-28DE72C30E3D:[71e3ea0d-2bbd-4975-aca2-4e0b0af2cb8e:192.168.36.122:36765, fb72d5d5-9329-40c5-96ab-8fbea53877da:192.168.36.122:35569, eba3c3e9-81e1-4dd5-8a54-7a7aa2aef730:192.168.36.122:40551] with ContainerStateMachine:uninitialized
2019-09-21 03:23:43,299 [pool-459-thread-1] INFO  server.RaftServerConfigKeys (ConfUtils.java:logGet(43)) - raft.server.rpc.timeout.min = 5s (custom)
2019-09-21 03:23:43,299 [pool-459-thread-1] INFO  server.RaftServerConfigKeys (ConfUtils.java:logGet(43)) - raft.server.rpc.timeout.max = 5200ms (custom)
2019-09-21 03:23:43,299 [pool-459-thread-1] INFO  server.RaftServerConfigKeys (ConfUtils.java:logGet(43)) - raft.server.rpcslowness.timeout = 120s (custom)
2019-09-21 03:23:43,299 [pool-459-thread-1] INFO  server.RaftServerConfigKeys (ConfUtils.java:logGet(43)) - raft.server.sleep.deviation.threshold = 300 (default)
2019-09-21 03:23:43,299 [pool-459-thread-1] INFO  server.RaftServerConfigKeys (ConfUtils.java:logGet(43)) - raft.server.log.appender.install.snapshot.enabled = false (custom)
2019-09-21 03:23:43,299 [pool-449-thread-1] INFO  impl.RaftServerImpl (RaftServerImpl.java:<init>(95)) - fb72d5d5-9329-40c5-96ab-8fbea53877da: new RaftServerImpl for group-28DE72C30E3D:[71e3ea0d-2bbd-4975-aca2-4e0b0af2cb8e:192.168.36.122:36765, fb72d5d5-9329-40c5-96ab-8fbea53877da:192.168.36.122:35569, eba3c3e9-81e1-4dd5-8a54-7a7aa2aef730:192.168.36.122:40551] with ContainerStateMachine:uninitialized
2019-09-21 03:23:43,299 [pool-459-thread-1] INFO  impl.RaftServerImpl (ServerState.java:<init>(103)) - eba3c3e9-81e1-4dd5-8a54-7a7aa2aef730@group-28DE72C30E3D: ConfigurationManager, init=-1: [71e3ea0d-2bbd-4975-aca2-4e0b0af2cb8e:192.168.36.122:36765, fb72d5d5-9329-40c5-96ab-8fbea53877da:192.168.36.122:35569, eba3c3e9-81e1-4dd5-8a54-7a7aa2aef730:192.168.36.122:40551], old=null, confs=<EMPTY_MAP>
2019-09-21 03:23:43,299 [pool-449-thread-1] INFO  server.RaftServerConfigKeys (ConfUtils.java:logGet(43)) - raft.server.rpc.timeout.min = 5s (custom)
2019-09-21 03:23:43,299 [pool-459-thread-1] INFO  server.RaftServerConfigKeys (ConfUtils.java:logGet(43)) - raft.server.storage.dir = [/workdir/hadoop-ozone/integration-test/target/test-dir/MiniOzoneClusterImpl-cae1a81b-9ca5-4f12-9003-0d2cd477a7a0/datanode-5/data/ratis] (custom)
2019-09-21 03:23:43,299 [pool-449-thread-1] INFO  server.RaftServerConfigKeys (ConfUtils.java:logGet(43)) - raft.server.rpc.timeout.max = 5200ms (custom)
2019-09-21 03:23:43,300 [pool-469-thread-1] INFO  impl.RaftServerImpl (RaftServerImpl.java:<init>(95)) - 71e3ea0d-2bbd-4975-aca2-4e0b0af2cb8e: new RaftServerImpl for group-28DE72C30E3D:[71e3ea0d-2bbd-4975-aca2-4e0b0af2cb8e:192.168.36.122:36765, fb72d5d5-9329-40c5-96ab-8fbea53877da:192.168.36.122:35569, eba3c3e9-81e1-4dd5-8a54-7a7aa2aef730:192.168.36.122:40551] with ContainerStateMachine:uninitialized
2019-09-21 03:23:43,300 [pool-449-thread-1] INFO  server.RaftServerConfigKeys (ConfUtils.java:logGet(43)) - raft.server.rpcslowness.timeout = 120s (custom)
2019-09-21 03:23:43,300 [pool-459-thread-1] INFO  storage.RaftStorageDirectory (RaftStorageDirectory.java:analyzeStorage(246)) - The storage directory /workdir/hadoop-ozone/integration-test/target/test-dir/MiniOzoneClusterImpl-cae1a81b-9ca5-4f12-9003-0d2cd477a7a0/datanode-5/data/ratis/a76106e5-5fae-45b2-b856-28de72c30e3d does not exist. Creating ...
2019-09-21 03:23:43,300 [pool-449-thread-1] INFO  server.RaftServerConfigKeys (ConfUtils.java:logGet(43)) - raft.server.sleep.deviation.threshold = 300 (default)
2019-09-21 03:23:43,300 [pool-469-thread-1] INFO  server.RaftServerConfigKeys (ConfUtils.java:logGet(43)) - raft.server.rpc.timeout.min = 5s (custom)
2019-09-21 03:23:43,300 [pool-449-thread-1] INFO  server.RaftServerConfigKeys (ConfUtils.java:logGet(43)) - raft.server.log.appender.install.snapshot.enabled = false (custom)
2019-09-21 03:23:43,300 [pool-469-thread-1] INFO  server.RaftServerConfigKeys (ConfUtils.java:logGet(43)) - raft.server.rpc.timeout.max = 5200ms (custom)
2019-09-21 03:23:43,300 [pool-449-thread-1] INFO  impl.RaftServerImpl (ServerState.java:<init>(103)) - fb72d5d5-9329-40c5-96ab-8fbea53877da@group-28DE72C30E3D: ConfigurationManager, init=-1: [71e3ea0d-2bbd-4975-aca2-4e0b0af2cb8e:192.168.36.122:36765, fb72d5d5-9329-40c5-96ab-8fbea53877da:192.168.36.122:35569, eba3c3e9-81e1-4dd5-8a54-7a7aa2aef730:192.168.36.122:40551], old=null, confs=<EMPTY_MAP>
2019-09-21 03:23:43,300 [pool-469-thread-1] INFO  server.RaftServerConfigKeys (ConfUtils.java:logGet(43)) - raft.server.rpcslowness.timeout = 120s (custom)
2019-09-21 03:23:43,300 [pool-449-thread-1] INFO  server.RaftServerConfigKeys (ConfUtils.java:logGet(43)) - raft.server.storage.dir = [/workdir/hadoop-ozone/integration-test/target/test-dir/MiniOzoneClusterImpl-cae1a81b-9ca5-4f12-9003-0d2cd477a7a0/datanode-4/data/ratis] (custom)
2019-09-21 03:23:43,301 [pool-469-thread-1] INFO  server.RaftServerConfigKeys (ConfUtils.java:logGet(43)) - raft.server.sleep.deviation.threshold = 300 (default)
2019-09-21 03:23:43,301 [pool-469-thread-1] INFO  server.RaftServerConfigKeys (ConfUtils.java:logGet(43)) - raft.server.log.appender.install.snapshot.enabled = false (custom)
2019-09-21 03:23:43,301 [pool-449-thread-1] INFO  storage.RaftStorageDirectory (RaftStorageDirectory.java:analyzeStorage(246)) - The storage directory /workdir/hadoop-ozone/integration-test/target/test-dir/MiniOzoneClusterImpl-cae1a81b-9ca5-4f12-9003-0d2cd477a7a0/datanode-4/data/ratis/a76106e5-5fae-45b2-b856-28de72c30e3d does not exist. Creating ...
2019-09-21 03:23:43,301 [pool-469-thread-1] INFO  impl.RaftServerImpl (ServerState.java:<init>(103)) - 71e3ea0d-2bbd-4975-aca2-4e0b0af2cb8e@group-28DE72C30E3D: ConfigurationManager, init=-1: [71e3ea0d-2bbd-4975-aca2-4e0b0af2cb8e:192.168.36.122:36765, fb72d5d5-9329-40c5-96ab-8fbea53877da:192.168.36.122:35569, eba3c3e9-81e1-4dd5-8a54-7a7aa2aef730:192.168.36.122:40551], old=null, confs=<EMPTY_MAP>
2019-09-21 03:23:43,301 [pool-469-thread-1] INFO  server.RaftServerConfigKeys (ConfUtils.java:logGet(43)) - raft.server.storage.dir = [/workdir/hadoop-ozone/integration-test/target/test-dir/MiniOzoneClusterImpl-cae1a81b-9ca5-4f12-9003-0d2cd477a7a0/datanode-6/data/ratis] (custom)
2019-09-21 03:23:43,301 [pool-469-thread-1] INFO  storage.RaftStorageDirectory (RaftStorageDirectory.java:analyzeStorage(246)) - The storage directory /workdir/hadoop-ozone/integration-test/target/test-dir/MiniOzoneClusterImpl-cae1a81b-9ca5-4f12-9003-0d2cd477a7a0/datanode-6/data/ratis/a76106e5-5fae-45b2-b856-28de72c30e3d does not exist. Creating ...
2019-09-21 03:23:43,330 [pool-459-thread-1] INFO  storage.RaftStorageDirectory (RaftStorageDirectory.java:tryLock(328)) - Lock on /workdir/hadoop-ozone/integration-test/target/test-dir/MiniOzoneClusterImpl-cae1a81b-9ca5-4f12-9003-0d2cd477a7a0/datanode-5/data/ratis/a76106e5-5fae-45b2-b856-28de72c30e3d/in_use.lock acquired by nodename 24290@pr-hdds-2161-42js2-1613171706
2019-09-21 03:23:43,330 [pool-449-thread-1] INFO  storage.RaftStorageDirectory (RaftStorageDirectory.java:tryLock(328)) - Lock on /workdir/hadoop-ozone/integration-test/target/test-dir/MiniOzoneClusterImpl-cae1a81b-9ca5-4f12-9003-0d2cd477a7a0/datanode-4/data/ratis/a76106e5-5fae-45b2-b856-28de72c30e3d/in_use.lock acquired by nodename 24290@pr-hdds-2161-42js2-1613171706
2019-09-21 03:23:43,331 [pool-469-thread-1] INFO  storage.RaftStorageDirectory (RaftStorageDirectory.java:tryLock(328)) - Lock on /workdir/hadoop-ozone/integration-test/target/test-dir/MiniOzoneClusterImpl-cae1a81b-9ca5-4f12-9003-0d2cd477a7a0/datanode-6/data/ratis/a76106e5-5fae-45b2-b856-28de72c30e3d/in_use.lock acquired by nodename 24290@pr-hdds-2161-42js2-1613171706
2019-09-21 03:23:43,344 [pool-469-thread-1] INFO  storage.RaftStorage (RaftStorage.java:format(72)) - Storage directory /workdir/hadoop-ozone/integration-test/target/test-dir/MiniOzoneClusterImpl-cae1a81b-9ca5-4f12-9003-0d2cd477a7a0/datanode-6/data/ratis/a76106e5-5fae-45b2-b856-28de72c30e3d has been successfully formatted.
2019-09-21 03:23:43,344 [pool-459-thread-1] INFO  storage.RaftStorage (RaftStorage.java:format(72)) - Storage directory /workdir/hadoop-ozone/integration-test/target/test-dir/MiniOzoneClusterImpl-cae1a81b-9ca5-4f12-9003-0d2cd477a7a0/datanode-5/data/ratis/a76106e5-5fae-45b2-b856-28de72c30e3d has been successfully formatted.
2019-09-21 03:23:43,344 [pool-449-thread-1] INFO  storage.RaftStorage (RaftStorage.java:format(72)) - Storage directory /workdir/hadoop-ozone/integration-test/target/test-dir/MiniOzoneClusterImpl-cae1a81b-9ca5-4f12-9003-0d2cd477a7a0/datanode-4/data/ratis/a76106e5-5fae-45b2-b856-28de72c30e3d has been successfully formatted.
2019-09-21 03:23:43,345 [pool-469-thread-1] INFO  ratis.ContainerStateMachine (ContainerStateMachine.java:loadSnapshot(230)) - group-28DE72C30E3D: The snapshot info is null. Setting the last applied indexto:(t:0, i:~)
2019-09-21 03:23:43,345 [pool-449-thread-1] INFO  ratis.ContainerStateMachine (ContainerStateMachine.java:loadSnapshot(230)) - group-28DE72C30E3D: The snapshot info is null. Setting the last applied indexto:(t:0, i:~)
2019-09-21 03:23:43,345 [pool-459-thread-1] INFO  ratis.ContainerStateMachine (ContainerStateMachine.java:loadSnapshot(230)) - group-28DE72C30E3D: The snapshot info is null. Setting the last applied indexto:(t:0, i:~)
2019-09-21 03:23:43,345 [pool-449-thread-1] INFO  server.RaftServerConfigKeys (ConfUtils.java:logGet(43)) - raft.server.notification.no-leader.timeout = 120s (custom)
2019-09-21 03:23:43,345 [pool-469-thread-1] INFO  server.RaftServerConfigKeys (ConfUtils.java:logGet(43)) - raft.server.notification.no-leader.timeout = 120s (custom)
2019-09-21 03:23:43,345 [pool-449-thread-1] INFO  server.RaftServerConfigKeys (ConfUtils.java:logGet(43)) - raft.server.log.use.memory = false (default)
2019-09-21 03:23:43,345 [pool-459-thread-1] INFO  server.RaftServerConfigKeys (ConfUtils.java:logGet(43)) - raft.server.notification.no-leader.timeout = 120s (custom)
2019-09-21 03:23:43,345 [pool-449-thread-1] INFO  server.RaftServerConfigKeys (ConfUtils.java:logGet(43)) - raft.server.log.purge.gap = 1000000 (custom)
2019-09-21 03:23:43,345 [pool-469-thread-1] INFO  server.RaftServerConfigKeys (ConfUtils.java:logGet(43)) - raft.server.log.use.memory = false (default)
2019-09-21 03:23:43,346 [pool-449-thread-1] INFO  server.RaftServerConfigKeys (ConfUtils.java:logGet(43)) - raft.server.log.appender.buffer.byte-limit = 33554432 (custom)
2019-09-21 03:23:43,346 [pool-459-thread-1] INFO  server.RaftServerConfigKeys (ConfUtils.java:logGet(43)) - raft.server.log.use.memory = false (default)
2019-09-21 03:23:43,346 [pool-449-thread-1] INFO  server.RaftServerConfigKeys (ConfUtils.java:logGet(43)) - raft.server.log.segment.size.max = 1048576 (custom)
2019-09-21 03:23:43,346 [pool-469-thread-1] INFO  server.RaftServerConfigKeys (ConfUtils.java:logGet(43)) - raft.server.log.purge.gap = 1000000 (custom)
2019-09-21 03:23:43,346 [pool-449-thread-1] INFO  server.RaftServerConfigKeys (ConfUtils.java:logGet(43)) - raft.server.log.segment.cache.num.max = 2 (custom)
2019-09-21 03:23:43,346 [pool-459-thread-1] INFO  server.RaftServerConfigKeys (ConfUtils.java:logGet(43)) - raft.server.log.purge.gap = 1000000 (custom)
2019-09-21 03:23:43,346 [pool-449-thread-1] INFO  segmented.SegmentedRaftLogWorker (SegmentedRaftLogWorker.java:<init>(172)) - new fb72d5d5-9329-40c5-96ab-8fbea53877da@group-28DE72C30E3D-SegmentedRaftLogWorker for RaftStorage:Storage Directory /workdir/hadoop-ozone/integration-test/target/test-dir/MiniOzoneClusterImpl-cae1a81b-9ca5-4f12-9003-0d2cd477a7a0/datanode-4/data/ratis/a76106e5-5fae-45b2-b856-28de72c30e3d
2019-09-21 03:23:43,346 [pool-469-thread-1] INFO  server.RaftServerConfigKeys (ConfUtils.java:logGet(43)) - raft.server.log.appender.buffer.byte-limit = 33554432 (custom)
2019-09-21 03:23:43,346 [pool-449-thread-1] INFO  server.RaftServerConfigKeys (ConfUtils.java:logGet(43)) - raft.server.log.queue.byte-limit = 2147483647 (custom)
2019-09-21 03:23:43,346 [pool-459-thread-1] INFO  server.RaftServerConfigKeys (ConfUtils.java:logGet(43)) - raft.server.log.appender.buffer.byte-limit = 33554432 (custom)
2019-09-21 03:23:43,347 [pool-449-thread-1] INFO  server.RaftServerConfigKeys (ConfUtils.java:logGet(43)) - raft.server.log.queue.element-limit = 1024 (custom)
2019-09-21 03:23:43,347 [pool-469-thread-1] INFO  server.RaftServerConfigKeys (ConfUtils.java:logGet(43)) - raft.server.log.segment.size.max = 1048576 (custom)
2019-09-21 03:23:43,347 [pool-449-thread-1] INFO  server.RaftServerConfigKeys (ConfUtils.java:logGet(43)) - raft.server.log.segment.size.max = 1048576 (custom)
2019-09-21 03:23:43,347 [pool-459-thread-1] INFO  server.RaftServerConfigKeys (ConfUtils.java:logGet(43)) - raft.server.log.segment.size.max = 1048576 (custom)
2019-09-21 03:23:43,347 [pool-449-thread-1] INFO  server.RaftServerConfigKeys (ConfUtils.java:logGet(43)) - raft.server.log.preallocated.size = 16384 (custom)
2019-09-21 03:23:43,347 [pool-469-thread-1] INFO  server.RaftServerConfigKeys (ConfUtils.java:logGet(43)) - raft.server.log.segment.cache.num.max = 2 (custom)
2019-09-21 03:23:43,347 [pool-449-thread-1] INFO  server.RaftServerConfigKeys (ConfUtils.java:logGet(43)) - raft.server.log.write.buffer.size = 33554432 (custom)
2019-09-21 03:23:43,347 [pool-459-thread-1] INFO  server.RaftServerConfigKeys (ConfUtils.java:logGet(43)) - raft.server.log.segment.cache.num.max = 2 (custom)
2019-09-21 03:23:43,347 [pool-449-thread-1] INFO  server.RaftServerConfigKeys (ConfUtils.java:logGet(43)) - raft.server.log.force.sync.num = 128 (default)
2019-09-21 03:23:43,348 [pool-449-thread-1] INFO  server.RaftServerConfigKeys (ConfUtils.java:logGet(43)) - raft.server.log.statemachine.data.sync = true (default)
2019-09-21 03:23:43,347 [pool-469-thread-1] INFO  segmented.SegmentedRaftLogWorker (SegmentedRaftLogWorker.java:<init>(172)) - new 71e3ea0d-2bbd-4975-aca2-4e0b0af2cb8e@group-28DE72C30E3D-SegmentedRaftLogWorker for RaftStorage:Storage Directory /workdir/hadoop-ozone/integration-test/target/test-dir/MiniOzoneClusterImpl-cae1a81b-9ca5-4f12-9003-0d2cd477a7a0/datanode-6/data/ratis/a76106e5-5fae-45b2-b856-28de72c30e3d
2019-09-21 03:23:43,348 [pool-449-thread-1] INFO  server.RaftServerConfigKeys (ConfUtils.java:logGet(43)) - raft.server.log.statemachine.data.sync.timeout = 10s (default)
2019-09-21 03:23:43,348 [pool-459-thread-1] INFO  segmented.SegmentedRaftLogWorker (SegmentedRaftLogWorker.java:<init>(172)) - new eba3c3e9-81e1-4dd5-8a54-7a7aa2aef730@group-28DE72C30E3D-SegmentedRaftLogWorker for RaftStorage:Storage Directory /workdir/hadoop-ozone/integration-test/target/test-dir/MiniOzoneClusterImpl-cae1a81b-9ca5-4f12-9003-0d2cd477a7a0/datanode-5/data/ratis/a76106e5-5fae-45b2-b856-28de72c30e3d
2019-09-21 03:23:43,348 [pool-449-thread-1] INFO  server.RaftServerConfigKeys (ConfUtils.java:logGet(43)) - raft.server.log.statemachine.data.sync.timeout.retry = -1 (default)
2019-09-21 03:23:43,348 [pool-469-thread-1] INFO  server.RaftServerConfigKeys (ConfUtils.java:logGet(43)) - raft.server.log.queue.byte-limit = 2147483647 (custom)
2019-09-21 03:23:43,348 [pool-449-thread-1] INFO  server.RaftServerConfigKeys (ConfUtils.java:logGet(43)) - raft.server.log.statemachine.data.caching.enabled = true (custom)
2019-09-21 03:23:43,348 [pool-459-thread-1] INFO  server.RaftServerConfigKeys (ConfUtils.java:logGet(43)) - raft.server.log.queue.byte-limit = 2147483647 (custom)
2019-09-21 03:23:43,348 [pool-469-thread-1] INFO  server.RaftServerConfigKeys (ConfUtils.java:logGet(43)) - raft.server.log.queue.element-limit = 1024 (custom)
2019-09-21 03:23:43,349 [pool-449-thread-1] INFO  segmented.SegmentedRaftLogWorker (SegmentedRaftLogWorker.java:lambda$new$0(132)) - fb72d5d5-9329-40c5-96ab-8fbea53877da@group-28DE72C30E3D-SegmentedRaftLogWorker: flushIndex: setUnconditionally 0 -> -1
2019-09-21 03:23:43,349 [pool-459-thread-1] INFO  server.RaftServerConfigKeys (ConfUtils.java:logGet(43)) - raft.server.log.queue.element-limit = 1024 (custom)
2019-09-21 03:23:43,349 [pool-469-thread-1] INFO  server.RaftServerConfigKeys (ConfUtils.java:logGet(43)) - raft.server.log.segment.size.max = 1048576 (custom)
2019-09-21 03:23:43,349 [pool-459-thread-1] INFO  server.RaftServerConfigKeys (ConfUtils.java:logGet(43)) - raft.server.log.segment.size.max = 1048576 (custom)
2019-09-21 03:23:43,349 [pool-449-thread-1] INFO  server.RaftServerConfigKeys (ConfUtils.java:logGet(43)) - raft.server.snapshot.auto.trigger.enabled = true (custom)
2019-09-21 03:23:43,349 [pool-469-thread-1] INFO  server.RaftServerConfigKeys (ConfUtils.java:logGet(43)) - raft.server.log.preallocated.size = 16384 (custom)
2019-09-21 03:23:43,349 [pool-449-thread-1] INFO  server.RaftServerConfigKeys (ConfUtils.java:logGet(43)) - raft.server.snapshot.auto.trigger.threshold = 10000 (custom)
2019-09-21 03:23:43,349 [pool-459-thread-1] INFO  server.RaftServerConfigKeys (ConfUtils.java:logGet(43)) - raft.server.log.preallocated.size = 16384 (custom)
2019-09-21 03:23:43,349 [pool-449-thread-1] INFO  server.RaftServerConfigKeys (ConfUtils.java:logGet(43)) - raft.server.snapshot.retention.num.files = 5 (custom)
2019-09-21 03:23:43,349 [pool-469-thread-1] INFO  server.RaftServerConfigKeys (ConfUtils.java:logGet(43)) - raft.server.log.write.buffer.size = 33554432 (custom)
2019-09-21 03:23:43,350 [pool-449-thread-1] INFO  server.RaftServerConfigKeys (ConfUtils.java:logGet(43)) - raft.server.retrycache.expirytime = 600000ms (custom)
2019-09-21 03:23:43,349 [pool-459-thread-1] INFO  server.RaftServerConfigKeys (ConfUtils.java:logGet(43)) - raft.server.log.write.buffer.size = 33554432 (custom)
2019-09-21 03:23:43,350 [pool-469-thread-1] INFO  server.RaftServerConfigKeys (ConfUtils.java:logGet(43)) - raft.server.log.force.sync.num = 128 (default)
2019-09-21 03:23:43,350 [pool-459-thread-1] INFO  server.RaftServerConfigKeys (ConfUtils.java:logGet(43)) - raft.server.log.force.sync.num = 128 (default)
2019-09-21 03:23:43,350 [pool-469-thread-1] INFO  server.RaftServerConfigKeys (ConfUtils.java:logGet(43)) - raft.server.log.statemachine.data.sync = true (default)
2019-09-21 03:23:43,350 [pool-459-thread-1] INFO  server.RaftServerConfigKeys (ConfUtils.java:logGet(43)) - raft.server.log.statemachine.data.sync = true (default)
2019-09-21 03:23:43,350 [pool-469-thread-1] INFO  server.RaftServerConfigKeys (ConfUtils.java:logGet(43)) - raft.server.log.statemachine.data.sync.timeout = 10s (default)
2019-09-21 03:23:43,350 [pool-459-thread-1] INFO  server.RaftServerConfigKeys (ConfUtils.java:logGet(43)) - raft.server.log.statemachine.data.sync.timeout = 10s (default)
2019-09-21 03:23:43,350 [pool-469-thread-1] INFO  server.RaftServerConfigKeys (ConfUtils.java:logGet(43)) - raft.server.log.statemachine.data.sync.timeout.retry = -1 (default)
2019-09-21 03:23:43,350 [pool-459-thread-1] INFO  server.RaftServerConfigKeys (ConfUtils.java:logGet(43)) - raft.server.log.statemachine.data.sync.timeout.retry = -1 (default)
2019-09-21 03:23:43,351 [pool-469-thread-1] INFO  server.RaftServerConfigKeys (ConfUtils.java:logGet(43)) - raft.server.log.statemachine.data.caching.enabled = true (custom)
2019-09-21 03:23:43,351 [pool-459-thread-1] INFO  server.RaftServerConfigKeys (ConfUtils.java:logGet(43)) - raft.server.log.statemachine.data.caching.enabled = true (custom)
2019-09-21 03:23:43,351 [pool-469-thread-1] INFO  segmented.SegmentedRaftLogWorker (SegmentedRaftLogWorker.java:lambda$new$0(132)) - 71e3ea0d-2bbd-4975-aca2-4e0b0af2cb8e@group-28DE72C30E3D-SegmentedRaftLogWorker: flushIndex: setUnconditionally 0 -> -1
2019-09-21 03:23:43,351 [pool-459-thread-1] INFO  segmented.SegmentedRaftLogWorker (SegmentedRaftLogWorker.java:lambda$new$0(132)) - eba3c3e9-81e1-4dd5-8a54-7a7aa2aef730@group-28DE72C30E3D-SegmentedRaftLogWorker: flushIndex: setUnconditionally 0 -> -1
2019-09-21 03:23:43,351 [pool-469-thread-1] INFO  server.RaftServerConfigKeys (ConfUtils.java:logGet(43)) - raft.server.snapshot.auto.trigger.enabled = true (custom)
2019-09-21 03:23:43,351 [pool-469-thread-1] INFO  server.RaftServerConfigKeys (ConfUtils.java:logGet(43)) - raft.server.snapshot.auto.trigger.threshold = 10000 (custom)
2019-09-21 03:23:43,351 [pool-469-thread-1] INFO  server.RaftServerConfigKeys (ConfUtils.java:logGet(43)) - raft.server.snapshot.retention.num.files = 5 (custom)
2019-09-21 03:23:43,351 [pool-459-thread-1] INFO  server.RaftServerConfigKeys (ConfUtils.java:logGet(43)) - raft.server.snapshot.auto.trigger.enabled = true (custom)
2019-09-21 03:23:43,351 [pool-449-thread-1] INFO  impl.RaftServerImpl (RaftServerImpl.java:start(185)) - fb72d5d5-9329-40c5-96ab-8fbea53877da@group-28DE72C30E3D: start as a follower, conf=-1: [71e3ea0d-2bbd-4975-aca2-4e0b0af2cb8e:192.168.36.122:36765, fb72d5d5-9329-40c5-96ab-8fbea53877da:192.168.36.122:35569, eba3c3e9-81e1-4dd5-8a54-7a7aa2aef730:192.168.36.122:40551], old=null
2019-09-21 03:23:43,351 [pool-469-thread-1] INFO  server.RaftServerConfigKeys (ConfUtils.java:logGet(43)) - raft.server.retrycache.expirytime = 600000ms (custom)
2019-09-21 03:23:43,351 [pool-449-thread-1] INFO  impl.RaftServerImpl (RaftServerImpl.java:setRole(174)) - fb72d5d5-9329-40c5-96ab-8fbea53877da@group-28DE72C30E3D: changes role from      null to FOLLOWER at term 0 for startAsFollower
2019-09-21 03:23:43,351 [pool-459-thread-1] INFO  server.RaftServerConfigKeys (ConfUtils.java:logGet(43)) - raft.server.snapshot.auto.trigger.threshold = 10000 (custom)
2019-09-21 03:23:43,352 [pool-449-thread-1] INFO  impl.RoleInfo (RoleInfo.java:updateAndGet(143)) - fb72d5d5-9329-40c5-96ab-8fbea53877da: start FollowerState
2019-09-21 03:23:43,352 [pool-459-thread-1] INFO  server.RaftServerConfigKeys (ConfUtils.java:logGet(43)) - raft.server.snapshot.retention.num.files = 5 (custom)
2019-09-21 03:23:43,352 [pool-459-thread-1] INFO  server.RaftServerConfigKeys (ConfUtils.java:logGet(43)) - raft.server.retrycache.expirytime = 600000ms (custom)
2019-09-21 03:23:43,352 [pool-449-thread-1] INFO  util.JmxRegister (JmxRegister.java:tryRegister(44)) - Successfully registered JMX Bean with object name Ratis:service=RaftServer,group=group-28DE72C30E3D,id=fb72d5d5-9329-40c5-96ab-8fbea53877da
2019-09-21 03:23:43,353 [pool-469-thread-1] INFO  impl.RaftServerImpl (RaftServerImpl.java:start(185)) - 71e3ea0d-2bbd-4975-aca2-4e0b0af2cb8e@group-28DE72C30E3D: start as a follower, conf=-1: [71e3ea0d-2bbd-4975-aca2-4e0b0af2cb8e:192.168.36.122:36765, fb72d5d5-9329-40c5-96ab-8fbea53877da:192.168.36.122:35569, eba3c3e9-81e1-4dd5-8a54-7a7aa2aef730:192.168.36.122:40551], old=null
2019-09-21 03:23:43,353 [pool-469-thread-1] INFO  impl.RaftServerImpl (RaftServerImpl.java:setRole(174)) - 71e3ea0d-2bbd-4975-aca2-4e0b0af2cb8e@group-28DE72C30E3D: changes role from      null to FOLLOWER at term 0 for startAsFollower
2019-09-21 03:23:43,353 [pool-469-thread-1] INFO  impl.RoleInfo (RoleInfo.java:updateAndGet(143)) - 71e3ea0d-2bbd-4975-aca2-4e0b0af2cb8e: start FollowerState
2019-09-21 03:23:43,353 [pool-469-thread-1] INFO  util.JmxRegister (JmxRegister.java:tryRegister(44)) - Successfully registered JMX Bean with object name Ratis:service=RaftServer,group=group-28DE72C30E3D,id=71e3ea0d-2bbd-4975-aca2-4e0b0af2cb8e
2019-09-21 03:23:43,354 [pool-459-thread-1] INFO  impl.RaftServerImpl (RaftServerImpl.java:start(185)) - eba3c3e9-81e1-4dd5-8a54-7a7aa2aef730@group-28DE72C30E3D: start as a follower, conf=-1: [71e3ea0d-2bbd-4975-aca2-4e0b0af2cb8e:192.168.36.122:36765, fb72d5d5-9329-40c5-96ab-8fbea53877da:192.168.36.122:35569, eba3c3e9-81e1-4dd5-8a54-7a7aa2aef730:192.168.36.122:40551], old=null
2019-09-21 03:23:43,354 [pool-459-thread-1] INFO  impl.RaftServerImpl (RaftServerImpl.java:setRole(174)) - eba3c3e9-81e1-4dd5-8a54-7a7aa2aef730@group-28DE72C30E3D: changes role from      null to FOLLOWER at term 0 for startAsFollower
2019-09-21 03:23:43,354 [pool-459-thread-1] INFO  impl.RoleInfo (RoleInfo.java:updateAndGet(143)) - eba3c3e9-81e1-4dd5-8a54-7a7aa2aef730: start FollowerState
2019-09-21 03:23:43,354 [pool-459-thread-1] INFO  util.JmxRegister (JmxRegister.java:tryRegister(44)) - Successfully registered JMX Bean with object name Ratis:service=RaftServer,group=group-28DE72C30E3D,id=eba3c3e9-81e1-4dd5-8a54-7a7aa2aef730
2019-09-21 03:23:43,356 [RatisPipelineUtilsThread] INFO  pipeline.PipelineStateManager (PipelineStateManager.java:addPipeline(56)) - Created pipeline Pipeline[ Id: a76106e5-5fae-45b2-b856-28de72c30e3d, Nodes: 71e3ea0d-2bbd-4975-aca2-4e0b0af2cb8e{ip: 192.168.36.122, host: pr-hdds-2161-42js2-1613171706, networkLocation: /default-rack, certSerialId: null}fb72d5d5-9329-40c5-96ab-8fbea53877da{ip: 192.168.36.122, host: pr-hdds-2161-42js2-1613171706, networkLocation: /default-rack, certSerialId: null}eba3c3e9-81e1-4dd5-8a54-7a7aa2aef730{ip: 192.168.36.122, host: pr-hdds-2161-42js2-1613171706, networkLocation: /default-rack, certSerialId: null}, Type:RATIS, Factor:THREE, State:OPEN]
2019-09-21 03:23:45,803 [Thread-2946] INFO  container.ReplicationManager (ReplicationManager.java:start(162)) - Starting Replication Monitor Thread.
2019-09-21 03:23:45,807 [ReplicationMonitor] INFO  container.ReplicationManager (ReplicationManager.java:run(225)) - Replication Monitor Thread took 0 milliseconds for processing 1 containers.
2019-09-21 03:23:47,960 [Thread-2948] INFO  impl.FollowerState (FollowerState.java:run(106)) - 3f34ee0a-5f1f-4899-a1d6-9aea1a91e47f:group-B81F51412A05 changes to CANDIDATE, lastRpcTime:5096, electionTimeout:5096ms
2019-09-21 03:23:47,961 [Thread-2948] INFO  impl.RoleInfo (RoleInfo.java:shutdownFollowerState(121)) - 3f34ee0a-5f1f-4899-a1d6-9aea1a91e47f: shutdown FollowerState
2019-09-21 03:23:47,961 [Thread-2948] INFO  impl.RaftServerImpl (RaftServerImpl.java:setRole(174)) - 3f34ee0a-5f1f-4899-a1d6-9aea1a91e47f@group-B81F51412A05: changes role from  FOLLOWER to CANDIDATE at term 0 for changeToCandidate
2019-09-21 03:23:47,961 [Thread-2948] INFO  impl.RoleInfo (RoleInfo.java:updateAndGet(143)) - 3f34ee0a-5f1f-4899-a1d6-9aea1a91e47f: start LeaderElection
2019-09-21 03:23:47,968 [Thread-2951] INFO  impl.FollowerState (FollowerState.java:run(106)) - b760601b-20df-4ecf-8386-2afc7d1b8d1f:group-748D8DC243F6 changes to CANDIDATE, lastRpcTime:5040, electionTimeout:5038ms
2019-09-21 03:23:47,971 [Thread-2951] INFO  impl.RoleInfo (RoleInfo.java:shutdownFollowerState(121)) - b760601b-20df-4ecf-8386-2afc7d1b8d1f: shutdown FollowerState
2019-09-21 03:23:47,971 [Thread-2951] INFO  impl.RaftServerImpl (RaftServerImpl.java:setRole(174)) - b760601b-20df-4ecf-8386-2afc7d1b8d1f@group-748D8DC243F6: changes role from  FOLLOWER to CANDIDATE at term 0 for changeToCandidate
2019-09-21 03:23:47,971 [Thread-2951] INFO  impl.RoleInfo (RoleInfo.java:updateAndGet(143)) - b760601b-20df-4ecf-8386-2afc7d1b8d1f: start LeaderElection
2019-09-21 03:23:48,008 [b760601b-20df-4ecf-8386-2afc7d1b8d1f@group-748D8DC243F6:LeaderElection73] INFO  impl.LeaderElection (LeaderElection.java:askForVotes(182)) - b760601b-20df-4ecf-8386-2afc7d1b8d1f@group-748D8DC243F6:LeaderElection73: begin an election at term 1 for -1: [b760601b-20df-4ecf-8386-2afc7d1b8d1f:192.168.36.122:40326], old=null
2019-09-21 03:23:48,008 [3f34ee0a-5f1f-4899-a1d6-9aea1a91e47f@group-B81F51412A05:LeaderElection72] INFO  impl.LeaderElection (LeaderElection.java:askForVotes(182)) - 3f34ee0a-5f1f-4899-a1d6-9aea1a91e47f@group-B81F51412A05:LeaderElection72: begin an election at term 1 for -1: [3f34ee0a-5f1f-4899-a1d6-9aea1a91e47f:192.168.36.122:38557], old=null
2019-09-21 03:23:48,008 [b760601b-20df-4ecf-8386-2afc7d1b8d1f@group-748D8DC243F6:LeaderElection73] INFO  impl.RoleInfo (RoleInfo.java:shutdownLeaderElection(134)) - b760601b-20df-4ecf-8386-2afc7d1b8d1f: shutdown LeaderElection
2019-09-21 03:23:48,008 [3f34ee0a-5f1f-4899-a1d6-9aea1a91e47f@group-B81F51412A05:LeaderElection72] INFO  impl.RoleInfo (RoleInfo.java:shutdownLeaderElection(134)) - 3f34ee0a-5f1f-4899-a1d6-9aea1a91e47f: shutdown LeaderElection
2019-09-21 03:23:48,008 [b760601b-20df-4ecf-8386-2afc7d1b8d1f@group-748D8DC243F6:LeaderElection73] INFO  impl.RaftServerImpl (RaftServerImpl.java:setRole(174)) - b760601b-20df-4ecf-8386-2afc7d1b8d1f@group-748D8DC243F6: changes role from CANDIDATE to LEADER at term 1 for changeToLeader
2019-09-21 03:23:48,008 [3f34ee0a-5f1f-4899-a1d6-9aea1a91e47f@group-B81F51412A05:LeaderElection72] INFO  impl.RaftServerImpl (RaftServerImpl.java:setRole(174)) - 3f34ee0a-5f1f-4899-a1d6-9aea1a91e47f@group-B81F51412A05: changes role from CANDIDATE to LEADER at term 1 for changeToLeader
2019-09-21 03:23:48,008 [b760601b-20df-4ecf-8386-2afc7d1b8d1f@group-748D8DC243F6:LeaderElection73] INFO  impl.RaftServerImpl (ServerState.java:setLeader(253)) - b760601b-20df-4ecf-8386-2afc7d1b8d1f@group-748D8DC243F6: change Leader from null to b760601b-20df-4ecf-8386-2afc7d1b8d1f at term 1 for becomeLeader, leader elected after 5085ms
2019-09-21 03:23:48,008 [3f34ee0a-5f1f-4899-a1d6-9aea1a91e47f@group-B81F51412A05:LeaderElection72] INFO  impl.RaftServerImpl (ServerState.java:setLeader(253)) - 3f34ee0a-5f1f-4899-a1d6-9aea1a91e47f@group-B81F51412A05: change Leader from null to 3f34ee0a-5f1f-4899-a1d6-9aea1a91e47f at term 1 for becomeLeader, leader elected after 5152ms
2019-09-21 03:23:48,008 [b760601b-20df-4ecf-8386-2afc7d1b8d1f@group-748D8DC243F6:LeaderElection73] INFO  server.RaftServerConfigKeys (ConfUtils.java:logGet(43)) - raft.server.staging.catchup.gap = 1000 (default)
2019-09-21 03:23:48,009 [3f34ee0a-5f1f-4899-a1d6-9aea1a91e47f@group-B81F51412A05:LeaderElection72] INFO  server.RaftServerConfigKeys (ConfUtils.java:logGet(43)) - raft.server.staging.catchup.gap = 1000 (default)
2019-09-21 03:23:48,009 [b760601b-20df-4ecf-8386-2afc7d1b8d1f@group-748D8DC243F6:LeaderElection73] INFO  server.RaftServerConfigKeys (ConfUtils.java:logGet(43)) - raft.server.rpc.sleep.time = 25ms (default)
2019-09-21 03:23:48,009 [3f34ee0a-5f1f-4899-a1d6-9aea1a91e47f@group-B81F51412A05:LeaderElection72] INFO  server.RaftServerConfigKeys (ConfUtils.java:logGet(43)) - raft.server.rpc.sleep.time = 25ms (default)
2019-09-21 03:23:48,009 [b760601b-20df-4ecf-8386-2afc7d1b8d1f@group-748D8DC243F6:LeaderElection73] INFO  server.RaftServerConfigKeys (ConfUtils.java:logGet(43)) - raft.server.write.element-limit = 4096 (default)
2019-09-21 03:23:48,009 [3f34ee0a-5f1f-4899-a1d6-9aea1a91e47f@group-B81F51412A05:LeaderElection72] INFO  server.RaftServerConfigKeys (ConfUtils.java:logGet(43)) - raft.server.write.element-limit = 4096 (default)
2019-09-21 03:23:48,009 [b760601b-20df-4ecf-8386-2afc7d1b8d1f@group-748D8DC243F6:LeaderElection73] INFO  server.RaftServerConfigKeys (ConfUtils.java:logGet(43)) - raft.server.watch.timeout = 10s (default)
2019-09-21 03:23:48,009 [3f34ee0a-5f1f-4899-a1d6-9aea1a91e47f@group-B81F51412A05:LeaderElection72] INFO  server.RaftServerConfigKeys (ConfUtils.java:logGet(43)) - raft.server.watch.timeout = 10s (default)
2019-09-21 03:23:48,009 [b760601b-20df-4ecf-8386-2afc7d1b8d1f@group-748D8DC243F6:LeaderElection73] INFO  server.RaftServerConfigKeys (ConfUtils.java:logGet(43)) - raft.server.watch.timeout.denomination = 1s (default)
2019-09-21 03:23:48,009 [3f34ee0a-5f1f-4899-a1d6-9aea1a91e47f@group-B81F51412A05:LeaderElection72] INFO  server.RaftServerConfigKeys (ConfUtils.java:logGet(43)) - raft.server.watch.timeout.denomination = 1s (default)
2019-09-21 03:23:48,009 [b760601b-20df-4ecf-8386-2afc7d1b8d1f@group-748D8DC243F6:LeaderElection73] INFO  server.RaftServerConfigKeys (ConfUtils.java:logGet(43)) - raft.server.watch.element-limit = 65536 (default)
2019-09-21 03:23:48,009 [3f34ee0a-5f1f-4899-a1d6-9aea1a91e47f@group-B81F51412A05:LeaderElection72] INFO  server.RaftServerConfigKeys (ConfUtils.java:logGet(43)) - raft.server.watch.element-limit = 65536 (default)
2019-09-21 03:23:48,012 [b760601b-20df-4ecf-8386-2afc7d1b8d1f@group-748D8DC243F6:LeaderElection73] INFO  impl.RoleInfo (RoleInfo.java:updateAndGet(143)) - b760601b-20df-4ecf-8386-2afc7d1b8d1f: start LeaderState
2019-09-21 03:23:48,012 [3f34ee0a-5f1f-4899-a1d6-9aea1a91e47f@group-B81F51412A05:LeaderElection72] INFO  impl.RoleInfo (RoleInfo.java:updateAndGet(143)) - 3f34ee0a-5f1f-4899-a1d6-9aea1a91e47f: start LeaderState
2019-09-21 03:23:48,012 [b760601b-20df-4ecf-8386-2afc7d1b8d1f@group-748D8DC243F6:LeaderElection73] INFO  segmented.SegmentedRaftLogWorker (SegmentedRaftLogWorker.java:startLogSegment(380)) - b760601b-20df-4ecf-8386-2afc7d1b8d1f@group-748D8DC243F6-SegmentedRaftLogWorker: Starting segment from index:0
2019-09-21 03:23:48,012 [3f34ee0a-5f1f-4899-a1d6-9aea1a91e47f@group-B81F51412A05:LeaderElection72] INFO  segmented.SegmentedRaftLogWorker (SegmentedRaftLogWorker.java:startLogSegment(380)) - 3f34ee0a-5f1f-4899-a1d6-9aea1a91e47f@group-B81F51412A05-SegmentedRaftLogWorker: Starting segment from index:0
2019-09-21 03:23:48,013 [b760601b-20df-4ecf-8386-2afc7d1b8d1f@group-748D8DC243F6:LeaderElection73] INFO  impl.RaftServerImpl (ServerState.java:setRaftConf(354)) - b760601b-20df-4ecf-8386-2afc7d1b8d1f@group-748D8DC243F6: set configuration 0: [b760601b-20df-4ecf-8386-2afc7d1b8d1f:192.168.36.122:40326], old=null at 0
2019-09-21 03:23:48,013 [3f34ee0a-5f1f-4899-a1d6-9aea1a91e47f@group-B81F51412A05:LeaderElection72] INFO  impl.RaftServerImpl (ServerState.java:setRaftConf(354)) - 3f34ee0a-5f1f-4899-a1d6-9aea1a91e47f@group-B81F51412A05: set configuration 0: [3f34ee0a-5f1f-4899-a1d6-9aea1a91e47f:192.168.36.122:38557], old=null at 0
2019-09-21 03:23:48,035 [Thread-2957] INFO  impl.FollowerState (FollowerState.java:run(106)) - b760601b-20df-4ecf-8386-2afc7d1b8d1f:group-7024853660D2 changes to CANDIDATE, lastRpcTime:5041, electionTimeout:5041ms
2019-09-21 03:23:48,035 [Thread-2957] INFO  impl.RoleInfo (RoleInfo.java:shutdownFollowerState(121)) - b760601b-20df-4ecf-8386-2afc7d1b8d1f: shutdown FollowerState
2019-09-21 03:23:48,035 [Thread-2957] INFO  impl.RaftServerImpl (RaftServerImpl.java:setRole(174)) - b760601b-20df-4ecf-8386-2afc7d1b8d1f@group-7024853660D2: changes role from  FOLLOWER to CANDIDATE at term 0 for changeToCandidate
2019-09-21 03:23:48,036 [Thread-2957] INFO  impl.RoleInfo (RoleInfo.java:updateAndGet(143)) - b760601b-20df-4ecf-8386-2afc7d1b8d1f: start LeaderElection
2019-09-21 03:23:48,079 [b760601b-20df-4ecf-8386-2afc7d1b8d1f@group-748D8DC243F6-SegmentedRaftLogWorker] INFO  segmented.SegmentedRaftLogWorker (SegmentedRaftLogWorker.java:execute(569)) - b760601b-20df-4ecf-8386-2afc7d1b8d1f@group-748D8DC243F6-SegmentedRaftLogWorker: created new log segment /workdir/hadoop-ozone/integration-test/target/test-dir/MiniOzoneClusterImpl-cae1a81b-9ca5-4f12-9003-0d2cd477a7a0/datanode-1/data/ratis/ed688e68-f314-41fe-9a25-748d8dc243f6/current/log_inprogress_0
2019-09-21 03:23:48,079 [b760601b-20df-4ecf-8386-2afc7d1b8d1f@group-7024853660D2:LeaderElection74] INFO  impl.LeaderElection (LeaderElection.java:askForVotes(182)) - b760601b-20df-4ecf-8386-2afc7d1b8d1f@group-7024853660D2:LeaderElection74: begin an election at term 1 for -1: [b760601b-20df-4ecf-8386-2afc7d1b8d1f:192.168.36.122:40326, 3f34ee0a-5f1f-4899-a1d6-9aea1a91e47f:192.168.36.122:38557, e0b13bb3-f106-4a40-bedd-a90450f34792:192.168.36.122:46354], old=null
2019-09-21 03:23:48,079 [3f34ee0a-5f1f-4899-a1d6-9aea1a91e47f@group-B81F51412A05-SegmentedRaftLogWorker] INFO  segmented.SegmentedRaftLogWorker (SegmentedRaftLogWorker.java:execute(569)) - 3f34ee0a-5f1f-4899-a1d6-9aea1a91e47f@group-B81F51412A05-SegmentedRaftLogWorker: created new log segment /workdir/hadoop-ozone/integration-test/target/test-dir/MiniOzoneClusterImpl-cae1a81b-9ca5-4f12-9003-0d2cd477a7a0/datanode-0/data/ratis/8c4f2bbf-e57d-4a8b-baf1-b81f51412a05/current/log_inprogress_0
2019-09-21 03:23:48,083 [grpc-default-executor-12] INFO  impl.RaftServerImpl (RaftServerImpl.java:setRole(174)) - 3f34ee0a-5f1f-4899-a1d6-9aea1a91e47f@group-7024853660D2: changes role from  FOLLOWER to FOLLOWER at term 1 for recognizeCandidate:b760601b-20df-4ecf-8386-2afc7d1b8d1f
2019-09-21 03:23:48,083 [grpc-default-executor-4] INFO  impl.RaftServerImpl (RaftServerImpl.java:setRole(174)) - e0b13bb3-f106-4a40-bedd-a90450f34792@group-7024853660D2: changes role from  FOLLOWER to FOLLOWER at term 1 for recognizeCandidate:b760601b-20df-4ecf-8386-2afc7d1b8d1f
2019-09-21 03:23:48,084 [grpc-default-executor-12] INFO  impl.RoleInfo (RoleInfo.java:shutdownFollowerState(121)) - 3f34ee0a-5f1f-4899-a1d6-9aea1a91e47f: shutdown FollowerState
2019-09-21 03:23:48,084 [grpc-default-executor-4] INFO  impl.RoleInfo (RoleInfo.java:shutdownFollowerState(121)) - e0b13bb3-f106-4a40-bedd-a90450f34792: shutdown FollowerState
2019-09-21 03:23:48,084 [Thread-2963] INFO  impl.FollowerState (FollowerState.java:run(115)) - 3f34ee0a-5f1f-4899-a1d6-9aea1a91e47f: FollowerState was interrupted: java.lang.InterruptedException: sleep interrupted
2019-09-21 03:23:48,084 [grpc-default-executor-12] INFO  impl.RoleInfo (RoleInfo.java:updateAndGet(143)) - 3f34ee0a-5f1f-4899-a1d6-9aea1a91e47f: start FollowerState
2019-09-21 03:23:48,087 [Thread-2961] INFO  impl.FollowerState (FollowerState.java:run(115)) - e0b13bb3-f106-4a40-bedd-a90450f34792: FollowerState was interrupted: java.lang.InterruptedException: sleep interrupted
2019-09-21 03:23:48,086 [Thread-2954] INFO  impl.FollowerState (FollowerState.java:run(106)) - e0b13bb3-f106-4a40-bedd-a90450f34792:group-60522FFF29C4 changes to CANDIDATE, lastRpcTime:5125, electionTimeout:5124ms
2019-09-21 03:23:48,084 [grpc-default-executor-4] INFO  impl.RoleInfo (RoleInfo.java:updateAndGet(143)) - e0b13bb3-f106-4a40-bedd-a90450f34792: start FollowerState
2019-09-21 03:23:48,090 [Thread-2954] INFO  impl.RoleInfo (RoleInfo.java:shutdownFollowerState(121)) - e0b13bb3-f106-4a40-bedd-a90450f34792: shutdown FollowerState
2019-09-21 03:23:48,090 [Thread-2954] INFO  impl.RaftServerImpl (RaftServerImpl.java:setRole(174)) - e0b13bb3-f106-4a40-bedd-a90450f34792@group-60522FFF29C4: changes role from  FOLLOWER to CANDIDATE at term 0 for changeToCandidate
2019-09-21 03:23:48,090 [Thread-2954] INFO  impl.RoleInfo (RoleInfo.java:updateAndGet(143)) - e0b13bb3-f106-4a40-bedd-a90450f34792: start LeaderElection
2019-09-21 03:23:48,119 [e0b13bb3-f106-4a40-bedd-a90450f34792@group-60522FFF29C4:LeaderElection75] INFO  impl.LeaderElection (LeaderElection.java:askForVotes(182)) - e0b13bb3-f106-4a40-bedd-a90450f34792@group-60522FFF29C4:LeaderElection75: begin an election at term 1 for -1: [e0b13bb3-f106-4a40-bedd-a90450f34792:192.168.36.122:46354], old=null
2019-09-21 03:23:48,119 [e0b13bb3-f106-4a40-bedd-a90450f34792@group-60522FFF29C4:LeaderElection75] INFO  impl.RoleInfo (RoleInfo.java:shutdownLeaderElection(134)) - e0b13bb3-f106-4a40-bedd-a90450f34792: shutdown LeaderElection
2019-09-21 03:23:48,119 [e0b13bb3-f106-4a40-bedd-a90450f34792@group-60522FFF29C4:LeaderElection75] INFO  impl.RaftServerImpl (RaftServerImpl.java:setRole(174)) - e0b13bb3-f106-4a40-bedd-a90450f34792@group-60522FFF29C4: changes role from CANDIDATE to LEADER at term 1 for changeToLeader
2019-09-21 03:23:48,119 [e0b13bb3-f106-4a40-bedd-a90450f34792@group-60522FFF29C4:LeaderElection75] INFO  impl.RaftServerImpl (ServerState.java:setLeader(253)) - e0b13bb3-f106-4a40-bedd-a90450f34792@group-60522FFF29C4: change Leader from null to e0b13bb3-f106-4a40-bedd-a90450f34792 at term 1 for becomeLeader, leader elected after 5164ms
2019-09-21 03:23:48,120 [b760601b-20df-4ecf-8386-2afc7d1b8d1f@group-7024853660D2:LeaderElection74] INFO  impl.LeaderElection (LeaderElection.java:logAndReturn(56)) - b760601b-20df-4ecf-8386-2afc7d1b8d1f@group-7024853660D2:LeaderElection74: Election PASSED; received 1 response(s) [b760601b-20df-4ecf-8386-2afc7d1b8d1f<-e0b13bb3-f106-4a40-bedd-a90450f34792#0:OK-t1] and 0 exception(s); b760601b-20df-4ecf-8386-2afc7d1b8d1f@group-7024853660D2:t1, leader=null, voted=b760601b-20df-4ecf-8386-2afc7d1b8d1f, raftlog=b760601b-20df-4ecf-8386-2afc7d1b8d1f@group-7024853660D2-SegmentedRaftLog:OPENED:c-1,f-1,i0, conf=-1: [b760601b-20df-4ecf-8386-2afc7d1b8d1f:192.168.36.122:40326, 3f34ee0a-5f1f-4899-a1d6-9aea1a91e47f:192.168.36.122:38557, e0b13bb3-f106-4a40-bedd-a90450f34792:192.168.36.122:46354], old=null
2019-09-21 03:23:48,120 [e0b13bb3-f106-4a40-bedd-a90450f34792@group-60522FFF29C4:LeaderElection75] INFO  server.RaftServerConfigKeys (ConfUtils.java:logGet(43)) - raft.server.staging.catchup.gap = 1000 (default)
2019-09-21 03:23:48,120 [b760601b-20df-4ecf-8386-2afc7d1b8d1f@group-7024853660D2:LeaderElection74] INFO  impl.RoleInfo (RoleInfo.java:shutdownLeaderElection(134)) - b760601b-20df-4ecf-8386-2afc7d1b8d1f: shutdown LeaderElection
2019-09-21 03:23:48,122 [b760601b-20df-4ecf-8386-2afc7d1b8d1f@group-7024853660D2:LeaderElection74] INFO  impl.RaftServerImpl (RaftServerImpl.java:setRole(174)) - b760601b-20df-4ecf-8386-2afc7d1b8d1f@group-7024853660D2: changes role from CANDIDATE to LEADER at term 1 for changeToLeader
2019-09-21 03:23:48,120 [e0b13bb3-f106-4a40-bedd-a90450f34792@group-60522FFF29C4:LeaderElection75] INFO  server.RaftServerConfigKeys (ConfUtils.java:logGet(43)) - raft.server.rpc.sleep.time = 25ms (default)
2019-09-21 03:23:48,122 [b760601b-20df-4ecf-8386-2afc7d1b8d1f@group-7024853660D2:LeaderElection74] INFO  impl.RaftServerImpl (ServerState.java:setLeader(253)) - b760601b-20df-4ecf-8386-2afc7d1b8d1f@group-7024853660D2: change Leader from null to b760601b-20df-4ecf-8386-2afc7d1b8d1f at term 1 for becomeLeader, leader elected after 5133ms
2019-09-21 03:23:48,122 [e0b13bb3-f106-4a40-bedd-a90450f34792@group-60522FFF29C4:LeaderElection75] INFO  server.RaftServerConfigKeys (ConfUtils.java:logGet(43)) - raft.server.write.element-limit = 4096 (default)
2019-09-21 03:23:48,122 [b760601b-20df-4ecf-8386-2afc7d1b8d1f@group-7024853660D2:LeaderElection74] INFO  server.RaftServerConfigKeys (ConfUtils.java:logGet(43)) - raft.server.staging.catchup.gap = 1000 (default)
2019-09-21 03:23:48,122 [e0b13bb3-f106-4a40-bedd-a90450f34792@group-60522FFF29C4:LeaderElection75] INFO  server.RaftServerConfigKeys (ConfUtils.java:logGet(43)) - raft.server.watch.timeout = 10s (default)
2019-09-21 03:23:48,123 [b760601b-20df-4ecf-8386-2afc7d1b8d1f@group-7024853660D2:LeaderElection74] INFO  server.RaftServerConfigKeys (ConfUtils.java:logGet(43)) - raft.server.rpc.sleep.time = 25ms (default)
2019-09-21 03:23:48,123 [e0b13bb3-f106-4a40-bedd-a90450f34792@group-60522FFF29C4:LeaderElection75] INFO  server.RaftServerConfigKeys (ConfUtils.java:logGet(43)) - raft.server.watch.timeout.denomination = 1s (default)
2019-09-21 03:23:48,123 [b760601b-20df-4ecf-8386-2afc7d1b8d1f@group-7024853660D2:LeaderElection74] INFO  server.RaftServerConfigKeys (ConfUtils.java:logGet(43)) - raft.server.write.element-limit = 4096 (default)
2019-09-21 03:23:48,123 [e0b13bb3-f106-4a40-bedd-a90450f34792@group-60522FFF29C4:LeaderElection75] INFO  server.RaftServerConfigKeys (ConfUtils.java:logGet(43)) - raft.server.watch.element-limit = 65536 (default)
2019-09-21 03:23:48,123 [b760601b-20df-4ecf-8386-2afc7d1b8d1f@group-7024853660D2:LeaderElection74] INFO  server.RaftServerConfigKeys (ConfUtils.java:logGet(43)) - raft.server.watch.timeout = 10s (default)
2019-09-21 03:23:48,123 [Thread-2966] INFO  impl.FollowerState (FollowerState.java:run(106)) - bef20ca5-bd9d-4b10-9717-ad28e839cae3:group-035020D4B45B changes to CANDIDATE, lastRpcTime:5067, electionTimeout:5067ms
2019-09-21 03:23:48,123 [b760601b-20df-4ecf-8386-2afc7d1b8d1f@group-7024853660D2:LeaderElection74] INFO  server.RaftServerConfigKeys (ConfUtils.java:logGet(43)) - raft.server.watch.timeout.denomination = 1s (default)
2019-09-21 03:23:48,123 [Thread-2966] INFO  impl.RoleInfo (RoleInfo.java:shutdownFollowerState(121)) - bef20ca5-bd9d-4b10-9717-ad28e839cae3: shutdown FollowerState
2019-09-21 03:23:48,123 [b760601b-20df-4ecf-8386-2afc7d1b8d1f@group-7024853660D2:LeaderElection74] INFO  server.RaftServerConfigKeys (ConfUtils.java:logGet(43)) - raft.server.watch.element-limit = 65536 (default)
2019-09-21 03:23:48,124 [Thread-2966] INFO  impl.RaftServerImpl (RaftServerImpl.java:setRole(174)) - bef20ca5-bd9d-4b10-9717-ad28e839cae3@group-035020D4B45B: changes role from  FOLLOWER to CANDIDATE at term 0 for changeToCandidate
2019-09-21 03:23:48,124 [Thread-2966] INFO  impl.RoleInfo (RoleInfo.java:updateAndGet(143)) - bef20ca5-bd9d-4b10-9717-ad28e839cae3: start LeaderElection
2019-09-21 03:23:48,132 [e0b13bb3-f106-4a40-bedd-a90450f34792@group-60522FFF29C4:LeaderElection75] INFO  impl.RoleInfo (RoleInfo.java:updateAndGet(143)) - e0b13bb3-f106-4a40-bedd-a90450f34792: start LeaderState
2019-09-21 03:23:48,132 [b760601b-20df-4ecf-8386-2afc7d1b8d1f@group-7024853660D2:LeaderElection74] INFO  server.RaftServerConfigKeys (ConfUtils.java:logGet(43)) - raft.server.log.appender.snapshot.chunk.size.max = 16MB (=16777216) (default)
2019-09-21 03:23:48,133 [b760601b-20df-4ecf-8386-2afc7d1b8d1f@group-7024853660D2:LeaderElection74] INFO  server.RaftServerConfigKeys (ConfUtils.java:logGet(43)) - raft.server.log.appender.buffer.byte-limit = 33554432 (custom)
2019-09-21 03:23:48,133 [e0b13bb3-f106-4a40-bedd-a90450f34792@group-60522FFF29C4:LeaderElection75] INFO  segmented.SegmentedRaftLogWorker (SegmentedRaftLogWorker.java:startLogSegment(380)) - e0b13bb3-f106-4a40-bedd-a90450f34792@group-60522FFF29C4-SegmentedRaftLogWorker: Starting segment from index:0
2019-09-21 03:23:48,133 [b760601b-20df-4ecf-8386-2afc7d1b8d1f@group-7024853660D2:LeaderElection74] INFO  server.RaftServerConfigKeys (ConfUtils.java:logGet(43)) - raft.server.log.appender.buffer.element-limit = 1 (custom)
2019-09-21 03:23:48,134 [b760601b-20df-4ecf-8386-2afc7d1b8d1f@group-7024853660D2:LeaderElection74] INFO  grpc.GrpcConfigKeys$Server (ConfUtils.java:logGet(43)) - raft.grpc.server.leader.outstanding.appends.max = 128 (default)
2019-09-21 03:23:48,134 [e0b13bb3-f106-4a40-bedd-a90450f34792@group-60522FFF29C4:LeaderElection75] INFO  impl.RaftServerImpl (ServerState.java:setRaftConf(354)) - e0b13bb3-f106-4a40-bedd-a90450f34792@group-60522FFF29C4: set configuration 0: [e0b13bb3-f106-4a40-bedd-a90450f34792:192.168.36.122:46354], old=null at 0
2019-09-21 03:23:48,134 [b760601b-20df-4ecf-8386-2afc7d1b8d1f@group-7024853660D2:LeaderElection74] INFO  server.RaftServerConfigKeys (ConfUtils.java:logGet(43)) - raft.server.rpc.request.timeout = 3000ms (default)
2019-09-21 03:23:48,134 [b760601b-20df-4ecf-8386-2afc7d1b8d1f@group-7024853660D2:LeaderElection74] INFO  server.RaftServerConfigKeys (ConfUtils.java:logGet(43)) - raft.server.log.appender.install.snapshot.enabled = false (custom)
2019-09-21 03:23:48,134 [b760601b-20df-4ecf-8386-2afc7d1b8d1f@group-7024853660D2:LeaderElection74] INFO  server.RaftServerConfigKeys (ConfUtils.java:logGet(43)) - raft.server.log.appender.snapshot.chunk.size.max = 16MB (=16777216) (default)
2019-09-21 03:23:48,134 [b760601b-20df-4ecf-8386-2afc7d1b8d1f@group-7024853660D2:LeaderElection74] INFO  server.RaftServerConfigKeys (ConfUtils.java:logGet(43)) - raft.server.log.appender.buffer.byte-limit = 33554432 (custom)
2019-09-21 03:23:48,134 [b760601b-20df-4ecf-8386-2afc7d1b8d1f@group-7024853660D2:LeaderElection74] INFO  server.RaftServerConfigKeys (ConfUtils.java:logGet(43)) - raft.server.log.appender.buffer.element-limit = 1 (custom)
2019-09-21 03:23:48,135 [b760601b-20df-4ecf-8386-2afc7d1b8d1f@group-7024853660D2:LeaderElection74] INFO  grpc.GrpcConfigKeys$Server (ConfUtils.java:logGet(43)) - raft.grpc.server.leader.outstanding.appends.max = 128 (default)
2019-09-21 03:23:48,135 [b760601b-20df-4ecf-8386-2afc7d1b8d1f@group-7024853660D2:LeaderElection74] INFO  server.RaftServerConfigKeys (ConfUtils.java:logGet(43)) - raft.server.rpc.request.timeout = 3000ms (default)
2019-09-21 03:23:48,135 [b760601b-20df-4ecf-8386-2afc7d1b8d1f@group-7024853660D2:LeaderElection74] INFO  server.RaftServerConfigKeys (ConfUtils.java:logGet(43)) - raft.server.log.appender.install.snapshot.enabled = false (custom)
2019-09-21 03:23:48,135 [b760601b-20df-4ecf-8386-2afc7d1b8d1f@group-7024853660D2:LeaderElection74] INFO  impl.RoleInfo (RoleInfo.java:updateAndGet(143)) - b760601b-20df-4ecf-8386-2afc7d1b8d1f: start LeaderState
2019-09-21 03:23:48,136 [b760601b-20df-4ecf-8386-2afc7d1b8d1f@group-7024853660D2:LeaderElection74] INFO  segmented.SegmentedRaftLogWorker (SegmentedRaftLogWorker.java:startLogSegment(380)) - b760601b-20df-4ecf-8386-2afc7d1b8d1f@group-7024853660D2-SegmentedRaftLogWorker: Starting segment from index:0
2019-09-21 03:23:48,166 [b760601b-20df-4ecf-8386-2afc7d1b8d1f@group-7024853660D2:LeaderElection74] INFO  impl.RaftServerImpl (ServerState.java:setRaftConf(354)) - b760601b-20df-4ecf-8386-2afc7d1b8d1f@group-7024853660D2: set configuration 0: [b760601b-20df-4ecf-8386-2afc7d1b8d1f:192.168.36.122:40326, 3f34ee0a-5f1f-4899-a1d6-9aea1a91e47f:192.168.36.122:38557, e0b13bb3-f106-4a40-bedd-a90450f34792:192.168.36.122:46354], old=null at 0
2019-09-21 03:23:48,166 [bef20ca5-bd9d-4b10-9717-ad28e839cae3@group-035020D4B45B:LeaderElection76] INFO  impl.LeaderElection (LeaderElection.java:askForVotes(182)) - bef20ca5-bd9d-4b10-9717-ad28e839cae3@group-035020D4B45B:LeaderElection76: begin an election at term 1 for -1: [bef20ca5-bd9d-4b10-9717-ad28e839cae3:192.168.36.122:41507], old=null
2019-09-21 03:23:48,169 [bef20ca5-bd9d-4b10-9717-ad28e839cae3@group-035020D4B45B:LeaderElection76] INFO  impl.RoleInfo (RoleInfo.java:shutdownLeaderElection(134)) - bef20ca5-bd9d-4b10-9717-ad28e839cae3: shutdown LeaderElection
2019-09-21 03:23:48,171 [bef20ca5-bd9d-4b10-9717-ad28e839cae3@group-035020D4B45B:LeaderElection76] INFO  impl.RaftServerImpl (RaftServerImpl.java:setRole(174)) - bef20ca5-bd9d-4b10-9717-ad28e839cae3@group-035020D4B45B: changes role from CANDIDATE to LEADER at term 1 for changeToLeader
2019-09-21 03:23:48,172 [bef20ca5-bd9d-4b10-9717-ad28e839cae3@group-035020D4B45B:LeaderElection76] INFO  impl.RaftServerImpl (ServerState.java:setLeader(253)) - bef20ca5-bd9d-4b10-9717-ad28e839cae3@group-035020D4B45B: change Leader from null to bef20ca5-bd9d-4b10-9717-ad28e839cae3 at term 1 for becomeLeader, leader elected after 5120ms
2019-09-21 03:23:48,172 [bef20ca5-bd9d-4b10-9717-ad28e839cae3@group-035020D4B45B:LeaderElection76] INFO  server.RaftServerConfigKeys (ConfUtils.java:logGet(43)) - raft.server.staging.catchup.gap = 1000 (default)
2019-09-21 03:23:48,172 [bef20ca5-bd9d-4b10-9717-ad28e839cae3@group-035020D4B45B:LeaderElection76] INFO  server.RaftServerConfigKeys (ConfUtils.java:logGet(43)) - raft.server.rpc.sleep.time = 25ms (default)
2019-09-21 03:23:48,172 [bef20ca5-bd9d-4b10-9717-ad28e839cae3@group-035020D4B45B:LeaderElection76] INFO  server.RaftServerConfigKeys (ConfUtils.java:logGet(43)) - raft.server.write.element-limit = 4096 (default)
2019-09-21 03:23:48,174 [bef20ca5-bd9d-4b10-9717-ad28e839cae3@group-035020D4B45B:LeaderElection76] INFO  server.RaftServerConfigKeys (ConfUtils.java:logGet(43)) - raft.server.watch.timeout = 10s (default)
2019-09-21 03:23:48,174 [grpc-default-executor-4] INFO  impl.RaftServerImpl (ServerState.java:setLeader(253)) - 3f34ee0a-5f1f-4899-a1d6-9aea1a91e47f@group-7024853660D2: change Leader from null to b760601b-20df-4ecf-8386-2afc7d1b8d1f at term 1 for appendEntries, leader elected after 5181ms
2019-09-21 03:23:48,174 [bef20ca5-bd9d-4b10-9717-ad28e839cae3@group-035020D4B45B:LeaderElection76] INFO  server.RaftServerConfigKeys (ConfUtils.java:logGet(43)) - raft.server.watch.timeout.denomination = 1s (default)
2019-09-21 03:23:48,174 [grpc-default-executor-12] INFO  impl.RaftServerImpl (ServerState.java:setLeader(253)) - e0b13bb3-f106-4a40-bedd-a90450f34792@group-7024853660D2: change Leader from null to b760601b-20df-4ecf-8386-2afc7d1b8d1f at term 1 for appendEntries, leader elected after 5181ms
2019-09-21 03:23:48,174 [bef20ca5-bd9d-4b10-9717-ad28e839cae3@group-035020D4B45B:LeaderElection76] INFO  server.RaftServerConfigKeys (ConfUtils.java:logGet(43)) - raft.server.watch.element-limit = 65536 (default)
2019-09-21 03:23:48,176 [grpc-default-executor-4] INFO  impl.RaftServerImpl (ServerState.java:setRaftConf(354)) - 3f34ee0a-5f1f-4899-a1d6-9aea1a91e47f@group-7024853660D2: set configuration 0: [b760601b-20df-4ecf-8386-2afc7d1b8d1f:192.168.36.122:40326, 3f34ee0a-5f1f-4899-a1d6-9aea1a91e47f:192.168.36.122:38557, e0b13bb3-f106-4a40-bedd-a90450f34792:192.168.36.122:46354], old=null at 0
2019-09-21 03:23:48,176 [grpc-default-executor-4] INFO  segmented.SegmentedRaftLogWorker (SegmentedRaftLogWorker.java:startLogSegment(380)) - 3f34ee0a-5f1f-4899-a1d6-9aea1a91e47f@group-7024853660D2-SegmentedRaftLogWorker: Starting segment from index:0
2019-09-21 03:23:48,176 [grpc-default-executor-12] INFO  impl.RaftServerImpl (ServerState.java:setRaftConf(354)) - e0b13bb3-f106-4a40-bedd-a90450f34792@group-7024853660D2: set configuration 0: [b760601b-20df-4ecf-8386-2afc7d1b8d1f:192.168.36.122:40326, 3f34ee0a-5f1f-4899-a1d6-9aea1a91e47f:192.168.36.122:38557, e0b13bb3-f106-4a40-bedd-a90450f34792:192.168.36.122:46354], old=null at 0
2019-09-21 03:23:48,177 [bef20ca5-bd9d-4b10-9717-ad28e839cae3@group-035020D4B45B:LeaderElection76] INFO  impl.RoleInfo (RoleInfo.java:updateAndGet(143)) - bef20ca5-bd9d-4b10-9717-ad28e839cae3: start LeaderState
2019-09-21 03:23:48,177 [grpc-default-executor-12] INFO  segmented.SegmentedRaftLogWorker (SegmentedRaftLogWorker.java:startLogSegment(380)) - e0b13bb3-f106-4a40-bedd-a90450f34792@group-7024853660D2-SegmentedRaftLogWorker: Starting segment from index:0
2019-09-21 03:23:48,177 [bef20ca5-bd9d-4b10-9717-ad28e839cae3@group-035020D4B45B:LeaderElection76] INFO  segmented.SegmentedRaftLogWorker (SegmentedRaftLogWorker.java:startLogSegment(380)) - bef20ca5-bd9d-4b10-9717-ad28e839cae3@group-035020D4B45B-SegmentedRaftLogWorker: Starting segment from index:0
2019-09-21 03:23:48,177 [bef20ca5-bd9d-4b10-9717-ad28e839cae3@group-035020D4B45B:LeaderElection76] INFO  impl.RaftServerImpl (ServerState.java:setRaftConf(354)) - bef20ca5-bd9d-4b10-9717-ad28e839cae3@group-035020D4B45B: set configuration 0: [bef20ca5-bd9d-4b10-9717-ad28e839cae3:192.168.36.122:41507], old=null at 0
2019-09-21 03:23:48,197 [b760601b-20df-4ecf-8386-2afc7d1b8d1f@group-7024853660D2-SegmentedRaftLogWorker] INFO  segmented.SegmentedRaftLogWorker (SegmentedRaftLogWorker.java:execute(569)) - b760601b-20df-4ecf-8386-2afc7d1b8d1f@group-7024853660D2-SegmentedRaftLogWorker: created new log segment /workdir/hadoop-ozone/integration-test/target/test-dir/MiniOzoneClusterImpl-cae1a81b-9ca5-4f12-9003-0d2cd477a7a0/datanode-1/data/ratis/b7a7eea1-dff5-4f30-97ad-7024853660d2/current/log_inprogress_0
2019-09-21 03:23:48,197 [e0b13bb3-f106-4a40-bedd-a90450f34792@group-60522FFF29C4-SegmentedRaftLogWorker] INFO  segmented.SegmentedRaftLogWorker (SegmentedRaftLogWorker.java:execute(569)) - e0b13bb3-f106-4a40-bedd-a90450f34792@group-60522FFF29C4-SegmentedRaftLogWorker: created new log segment /workdir/hadoop-ozone/integration-test/target/test-dir/MiniOzoneClusterImpl-cae1a81b-9ca5-4f12-9003-0d2cd477a7a0/datanode-2/data/ratis/8edba373-45c2-4629-8012-60522fff29c4/current/log_inprogress_0
2019-09-21 03:23:48,220 [Thread-2969] INFO  impl.FollowerState (FollowerState.java:run(106)) - fb72d5d5-9329-40c5-96ab-8fbea53877da:group-183D39DEA5FD changes to CANDIDATE, lastRpcTime:5102, electionTimeout:5102ms
2019-09-21 03:23:48,221 [Thread-2969] INFO  impl.RoleInfo (RoleInfo.java:shutdownFollowerState(121)) - fb72d5d5-9329-40c5-96ab-8fbea53877da: shutdown FollowerState
2019-09-21 03:23:48,221 [Thread-2969] INFO  impl.RaftServerImpl (RaftServerImpl.java:setRole(174)) - fb72d5d5-9329-40c5-96ab-8fbea53877da@group-183D39DEA5FD: changes role from  FOLLOWER to CANDIDATE at term 0 for changeToCandidate
2019-09-21 03:23:48,221 [Thread-2969] INFO  impl.RoleInfo (RoleInfo.java:updateAndGet(143)) - fb72d5d5-9329-40c5-96ab-8fbea53877da: start LeaderElection
2019-09-21 03:23:48,230 [bef20ca5-bd9d-4b10-9717-ad28e839cae3@group-035020D4B45B-SegmentedRaftLogWorker] INFO  segmented.SegmentedRaftLogWorker (SegmentedRaftLogWorker.java:execute(569)) - bef20ca5-bd9d-4b10-9717-ad28e839cae3@group-035020D4B45B-SegmentedRaftLogWorker: created new log segment /workdir/hadoop-ozone/integration-test/target/test-dir/MiniOzoneClusterImpl-cae1a81b-9ca5-4f12-9003-0d2cd477a7a0/datanode-3/data/ratis/554f3418-0adf-4207-93b6-035020d4b45b/current/log_inprogress_0
2019-09-21 03:23:48,230 [3f34ee0a-5f1f-4899-a1d6-9aea1a91e47f@group-7024853660D2-SegmentedRaftLogWorker] INFO  segmented.SegmentedRaftLogWorker (SegmentedRaftLogWorker.java:execute(569)) - 3f34ee0a-5f1f-4899-a1d6-9aea1a91e47f@group-7024853660D2-SegmentedRaftLogWorker: created new log segment /workdir/hadoop-ozone/integration-test/target/test-dir/MiniOzoneClusterImpl-cae1a81b-9ca5-4f12-9003-0d2cd477a7a0/datanode-0/data/ratis/b7a7eea1-dff5-4f30-97ad-7024853660d2/current/log_inprogress_0
2019-09-21 03:23:48,230 [e0b13bb3-f106-4a40-bedd-a90450f34792@group-7024853660D2-SegmentedRaftLogWorker] INFO  segmented.SegmentedRaftLogWorker (SegmentedRaftLogWorker.java:execute(569)) - e0b13bb3-f106-4a40-bedd-a90450f34792@group-7024853660D2-SegmentedRaftLogWorker: created new log segment /workdir/hadoop-ozone/integration-test/target/test-dir/MiniOzoneClusterImpl-cae1a81b-9ca5-4f12-9003-0d2cd477a7a0/datanode-2/data/ratis/b7a7eea1-dff5-4f30-97ad-7024853660d2/current/log_inprogress_0
2019-09-21 03:23:48,254 [fb72d5d5-9329-40c5-96ab-8fbea53877da@group-183D39DEA5FD:LeaderElection77] INFO  impl.LeaderElection (LeaderElection.java:askForVotes(182)) - fb72d5d5-9329-40c5-96ab-8fbea53877da@group-183D39DEA5FD:LeaderElection77: begin an election at term 1 for -1: [fb72d5d5-9329-40c5-96ab-8fbea53877da:192.168.36.122:35569], old=null
2019-09-21 03:23:48,254 [fb72d5d5-9329-40c5-96ab-8fbea53877da@group-183D39DEA5FD:LeaderElection77] INFO  impl.RoleInfo (RoleInfo.java:shutdownLeaderElection(134)) - fb72d5d5-9329-40c5-96ab-8fbea53877da: shutdown LeaderElection
2019-09-21 03:23:48,254 [fb72d5d5-9329-40c5-96ab-8fbea53877da@group-183D39DEA5FD:LeaderElection77] INFO  impl.RaftServerImpl (RaftServerImpl.java:setRole(174)) - fb72d5d5-9329-40c5-96ab-8fbea53877da@group-183D39DEA5FD: changes role from CANDIDATE to LEADER at term 1 for changeToLeader
2019-09-21 03:23:48,255 [fb72d5d5-9329-40c5-96ab-8fbea53877da@group-183D39DEA5FD:LeaderElection77] INFO  impl.RaftServerImpl (ServerState.java:setLeader(253)) - fb72d5d5-9329-40c5-96ab-8fbea53877da@group-183D39DEA5FD: change Leader from null to fb72d5d5-9329-40c5-96ab-8fbea53877da at term 1 for becomeLeader, leader elected after 5141ms
2019-09-21 03:23:48,255 [fb72d5d5-9329-40c5-96ab-8fbea53877da@group-183D39DEA5FD:LeaderElection77] INFO  server.RaftServerConfigKeys (ConfUtils.java:logGet(43)) - raft.server.staging.catchup.gap = 1000 (default)
2019-09-21 03:23:48,255 [fb72d5d5-9329-40c5-96ab-8fbea53877da@group-183D39DEA5FD:LeaderElection77] INFO  server.RaftServerConfigKeys (ConfUtils.java:logGet(43)) - raft.server.rpc.sleep.time = 25ms (default)
2019-09-21 03:23:48,255 [fb72d5d5-9329-40c5-96ab-8fbea53877da@group-183D39DEA5FD:LeaderElection77] INFO  server.RaftServerConfigKeys (ConfUtils.java:logGet(43)) - raft.server.write.element-limit = 4096 (default)
2019-09-21 03:23:48,255 [fb72d5d5-9329-40c5-96ab-8fbea53877da@group-183D39DEA5FD:LeaderElection77] INFO  server.RaftServerConfigKeys (ConfUtils.java:logGet(43)) - raft.server.watch.timeout = 10s (default)
2019-09-21 03:23:48,255 [fb72d5d5-9329-40c5-96ab-8fbea53877da@group-183D39DEA5FD:LeaderElection77] INFO  server.RaftServerConfigKeys (ConfUtils.java:logGet(43)) - raft.server.watch.timeout.denomination = 1s (default)
2019-09-21 03:23:48,256 [fb72d5d5-9329-40c5-96ab-8fbea53877da@group-183D39DEA5FD:LeaderElection77] INFO  server.RaftServerConfigKeys (ConfUtils.java:logGet(43)) - raft.server.watch.element-limit = 65536 (default)
2019-09-21 03:23:48,258 [fb72d5d5-9329-40c5-96ab-8fbea53877da@group-183D39DEA5FD:LeaderElection77] INFO  impl.RoleInfo (RoleInfo.java:updateAndGet(143)) - fb72d5d5-9329-40c5-96ab-8fbea53877da: start LeaderState
2019-09-21 03:23:48,258 [fb72d5d5-9329-40c5-96ab-8fbea53877da@group-183D39DEA5FD:LeaderElection77] INFO  segmented.SegmentedRaftLogWorker (SegmentedRaftLogWorker.java:startLogSegment(380)) - fb72d5d5-9329-40c5-96ab-8fbea53877da@group-183D39DEA5FD-SegmentedRaftLogWorker: Starting segment from index:0
2019-09-21 03:23:48,259 [fb72d5d5-9329-40c5-96ab-8fbea53877da@group-183D39DEA5FD:LeaderElection77] INFO  impl.RaftServerImpl (ServerState.java:setRaftConf(354)) - fb72d5d5-9329-40c5-96ab-8fbea53877da@group-183D39DEA5FD: set configuration 0: [fb72d5d5-9329-40c5-96ab-8fbea53877da:192.168.36.122:35569], old=null at 0
2019-09-21 03:23:48,296 [fb72d5d5-9329-40c5-96ab-8fbea53877da@group-183D39DEA5FD-SegmentedRaftLogWorker] INFO  segmented.SegmentedRaftLogWorker (SegmentedRaftLogWorker.java:execute(569)) - fb72d5d5-9329-40c5-96ab-8fbea53877da@group-183D39DEA5FD-SegmentedRaftLogWorker: created new log segment /workdir/hadoop-ozone/integration-test/target/test-dir/MiniOzoneClusterImpl-cae1a81b-9ca5-4f12-9003-0d2cd477a7a0/datanode-4/data/ratis/fe3e081c-6dda-47ad-8fdf-183d39dea5fd/current/log_inprogress_0
2019-09-21 03:23:48,315 [Thread-2974] INFO  impl.FollowerState (FollowerState.java:run(106)) - eba3c3e9-81e1-4dd5-8a54-7a7aa2aef730:group-408BD2511213 changes to CANDIDATE, lastRpcTime:5098, electionTimeout:5098ms
2019-09-21 03:23:48,315 [Thread-2974] INFO  impl.RoleInfo (RoleInfo.java:shutdownFollowerState(121)) - eba3c3e9-81e1-4dd5-8a54-7a7aa2aef730: shutdown FollowerState
2019-09-21 03:23:48,315 [Thread-2974] INFO  impl.RaftServerImpl (RaftServerImpl.java:setRole(174)) - eba3c3e9-81e1-4dd5-8a54-7a7aa2aef730@group-408BD2511213: changes role from  FOLLOWER to CANDIDATE at term 0 for changeToCandidate
2019-09-21 03:23:48,315 [Thread-2974] INFO  impl.RoleInfo (RoleInfo.java:updateAndGet(143)) - eba3c3e9-81e1-4dd5-8a54-7a7aa2aef730: start LeaderElection
2019-09-21 03:23:48,333 [eba3c3e9-81e1-4dd5-8a54-7a7aa2aef730@group-408BD2511213:LeaderElection78] INFO  impl.LeaderElection (LeaderElection.java:askForVotes(182)) - eba3c3e9-81e1-4dd5-8a54-7a7aa2aef730@group-408BD2511213:LeaderElection78: begin an election at term 1 for -1: [eba3c3e9-81e1-4dd5-8a54-7a7aa2aef730:192.168.36.122:40551], old=null
2019-09-21 03:23:48,333 [eba3c3e9-81e1-4dd5-8a54-7a7aa2aef730@group-408BD2511213:LeaderElection78] INFO  impl.RoleInfo (RoleInfo.java:shutdownLeaderElection(134)) - eba3c3e9-81e1-4dd5-8a54-7a7aa2aef730: shutdown LeaderElection
2019-09-21 03:23:48,333 [eba3c3e9-81e1-4dd5-8a54-7a7aa2aef730@group-408BD2511213:LeaderElection78] INFO  impl.RaftServerImpl (RaftServerImpl.java:setRole(174)) - eba3c3e9-81e1-4dd5-8a54-7a7aa2aef730@group-408BD2511213: changes role from CANDIDATE to LEADER at term 1 for changeToLeader
2019-09-21 03:23:48,333 [eba3c3e9-81e1-4dd5-8a54-7a7aa2aef730@group-408BD2511213:LeaderElection78] INFO  impl.RaftServerImpl (ServerState.java:setLeader(253)) - eba3c3e9-81e1-4dd5-8a54-7a7aa2aef730@group-408BD2511213: change Leader from null to eba3c3e9-81e1-4dd5-8a54-7a7aa2aef730 at term 1 for becomeLeader, leader elected after 5125ms
2019-09-21 03:23:48,333 [eba3c3e9-81e1-4dd5-8a54-7a7aa2aef730@group-408BD2511213:LeaderElection78] INFO  server.RaftServerConfigKeys (ConfUtils.java:logGet(43)) - raft.server.staging.catchup.gap = 1000 (default)
2019-09-21 03:23:48,334 [eba3c3e9-81e1-4dd5-8a54-7a7aa2aef730@group-408BD2511213:LeaderElection78] INFO  server.RaftServerConfigKeys (ConfUtils.java:logGet(43)) - raft.server.rpc.sleep.time = 25ms (default)
2019-09-21 03:23:48,334 [eba3c3e9-81e1-4dd5-8a54-7a7aa2aef730@group-408BD2511213:LeaderElection78] INFO  server.RaftServerConfigKeys (ConfUtils.java:logGet(43)) - raft.server.write.element-limit = 4096 (default)
2019-09-21 03:23:48,334 [eba3c3e9-81e1-4dd5-8a54-7a7aa2aef730@group-408BD2511213:LeaderElection78] INFO  server.RaftServerConfigKeys (ConfUtils.java:logGet(43)) - raft.server.watch.timeout = 10s (default)
2019-09-21 03:23:48,334 [eba3c3e9-81e1-4dd5-8a54-7a7aa2aef730@group-408BD2511213:LeaderElection78] INFO  server.RaftServerConfigKeys (ConfUtils.java:logGet(43)) - raft.server.watch.timeout.denomination = 1s (default)
2019-09-21 03:23:48,334 [eba3c3e9-81e1-4dd5-8a54-7a7aa2aef730@group-408BD2511213:LeaderElection78] INFO  server.RaftServerConfigKeys (ConfUtils.java:logGet(43)) - raft.server.watch.element-limit = 65536 (default)
2019-09-21 03:23:48,335 [eba3c3e9-81e1-4dd5-8a54-7a7aa2aef730@group-408BD2511213:LeaderElection78] INFO  impl.RoleInfo (RoleInfo.java:updateAndGet(143)) - eba3c3e9-81e1-4dd5-8a54-7a7aa2aef730: start LeaderState
2019-09-21 03:23:48,335 [eba3c3e9-81e1-4dd5-8a54-7a7aa2aef730@group-408BD2511213:LeaderElection78] INFO  segmented.SegmentedRaftLogWorker (SegmentedRaftLogWorker.java:startLogSegment(380)) - eba3c3e9-81e1-4dd5-8a54-7a7aa2aef730@group-408BD2511213-SegmentedRaftLogWorker: Starting segment from index:0
2019-09-21 03:23:48,336 [eba3c3e9-81e1-4dd5-8a54-7a7aa2aef730@group-408BD2511213:LeaderElection78] INFO  impl.RaftServerImpl (ServerState.java:setRaftConf(354)) - eba3c3e9-81e1-4dd5-8a54-7a7aa2aef730@group-408BD2511213: set configuration 0: [eba3c3e9-81e1-4dd5-8a54-7a7aa2aef730:192.168.36.122:40551], old=null at 0
2019-09-21 03:23:48,403 [eba3c3e9-81e1-4dd5-8a54-7a7aa2aef730@group-408BD2511213-SegmentedRaftLogWorker] INFO  segmented.SegmentedRaftLogWorker (SegmentedRaftLogWorker.java:execute(569)) - eba3c3e9-81e1-4dd5-8a54-7a7aa2aef730@group-408BD2511213-SegmentedRaftLogWorker: created new log segment /workdir/hadoop-ozone/integration-test/target/test-dir/MiniOzoneClusterImpl-cae1a81b-9ca5-4f12-9003-0d2cd477a7a0/datanode-5/data/ratis/d4894d6f-6a6e-44c6-b30b-408bd2511213/current/log_inprogress_0
2019-09-21 03:23:48,420 [Thread-2981] INFO  impl.FollowerState (FollowerState.java:run(106)) - fb72d5d5-9329-40c5-96ab-8fbea53877da:group-28DE72C30E3D changes to CANDIDATE, lastRpcTime:5068, electionTimeout:5068ms
2019-09-21 03:23:48,420 [Thread-2981] INFO  impl.RoleInfo (RoleInfo.java:shutdownFollowerState(121)) - fb72d5d5-9329-40c5-96ab-8fbea53877da: shutdown FollowerState
2019-09-21 03:23:48,421 [Thread-2981] INFO  impl.RaftServerImpl (RaftServerImpl.java:setRole(174)) - fb72d5d5-9329-40c5-96ab-8fbea53877da@group-28DE72C30E3D: changes role from  FOLLOWER to CANDIDATE at term 0 for changeToCandidate
2019-09-21 03:23:48,421 [Thread-2981] INFO  impl.RoleInfo (RoleInfo.java:updateAndGet(143)) - fb72d5d5-9329-40c5-96ab-8fbea53877da: start LeaderElection
2019-09-21 03:23:48,442 [Thread-2977] INFO  impl.FollowerState (FollowerState.java:run(106)) - 71e3ea0d-2bbd-4975-aca2-4e0b0af2cb8e:group-EEFBAAED06C7 changes to CANDIDATE, lastRpcTime:5161, electionTimeout:5161ms
2019-09-21 03:23:48,442 [Thread-2977] INFO  impl.RoleInfo (RoleInfo.java:shutdownFollowerState(121)) - 71e3ea0d-2bbd-4975-aca2-4e0b0af2cb8e: shutdown FollowerState
2019-09-21 03:23:48,442 [Thread-2977] INFO  impl.RaftServerImpl (RaftServerImpl.java:setRole(174)) - 71e3ea0d-2bbd-4975-aca2-4e0b0af2cb8e@group-EEFBAAED06C7: changes role from  FOLLOWER to CANDIDATE at term 0 for changeToCandidate
2019-09-21 03:23:48,443 [Thread-2977] INFO  impl.RoleInfo (RoleInfo.java:updateAndGet(143)) - 71e3ea0d-2bbd-4975-aca2-4e0b0af2cb8e: start LeaderElection
2019-09-21 03:23:48,448 [fb72d5d5-9329-40c5-96ab-8fbea53877da@group-28DE72C30E3D:LeaderElection79] INFO  impl.LeaderElection (LeaderElection.java:askForVotes(182)) - fb72d5d5-9329-40c5-96ab-8fbea53877da@group-28DE72C30E3D:LeaderElection79: begin an election at term 1 for -1: [71e3ea0d-2bbd-4975-aca2-4e0b0af2cb8e:192.168.36.122:36765, fb72d5d5-9329-40c5-96ab-8fbea53877da:192.168.36.122:35569, eba3c3e9-81e1-4dd5-8a54-7a7aa2aef730:192.168.36.122:40551], old=null
2019-09-21 03:23:48,453 [grpc-default-executor-6] INFO  impl.RaftServerImpl (RaftServerImpl.java:setRole(174)) - eba3c3e9-81e1-4dd5-8a54-7a7aa2aef730@group-28DE72C30E3D: changes role from  FOLLOWER to FOLLOWER at term 1 for recognizeCandidate:fb72d5d5-9329-40c5-96ab-8fbea53877da
2019-09-21 03:23:48,453 [grpc-default-executor-6] INFO  impl.RoleInfo (RoleInfo.java:shutdownFollowerState(121)) - eba3c3e9-81e1-4dd5-8a54-7a7aa2aef730: shutdown FollowerState
2019-09-21 03:23:48,456 [grpc-default-executor-6] INFO  impl.RoleInfo (RoleInfo.java:updateAndGet(143)) - eba3c3e9-81e1-4dd5-8a54-7a7aa2aef730: start FollowerState
2019-09-21 03:23:48,456 [grpc-default-executor-4] INFO  impl.RaftServerImpl (RaftServerImpl.java:setRole(174)) - 71e3ea0d-2bbd-4975-aca2-4e0b0af2cb8e@group-28DE72C30E3D: changes role from  FOLLOWER to FOLLOWER at term 1 for recognizeCandidate:fb72d5d5-9329-40c5-96ab-8fbea53877da
2019-09-21 03:23:48,456 [Thread-2986] INFO  impl.FollowerState (FollowerState.java:run(115)) - eba3c3e9-81e1-4dd5-8a54-7a7aa2aef730: FollowerState was interrupted: java.lang.InterruptedException: sleep interrupted
2019-09-21 03:23:48,456 [grpc-default-executor-4] INFO  impl.RoleInfo (RoleInfo.java:shutdownFollowerState(121)) - 71e3ea0d-2bbd-4975-aca2-4e0b0af2cb8e: shutdown FollowerState
2019-09-21 03:23:48,459 [grpc-default-executor-4] INFO  impl.RoleInfo (RoleInfo.java:updateAndGet(143)) - 71e3ea0d-2bbd-4975-aca2-4e0b0af2cb8e: start FollowerState
2019-09-21 03:23:48,460 [Thread-2984] INFO  impl.FollowerState (FollowerState.java:run(115)) - 71e3ea0d-2bbd-4975-aca2-4e0b0af2cb8e: FollowerState was interrupted: java.lang.InterruptedException: sleep interrupted
2019-09-21 03:23:48,472 [71e3ea0d-2bbd-4975-aca2-4e0b0af2cb8e@group-EEFBAAED06C7:LeaderElection80] INFO  impl.LeaderElection (LeaderElection.java:askForVotes(182)) - 71e3ea0d-2bbd-4975-aca2-4e0b0af2cb8e@group-EEFBAAED06C7:LeaderElection80: begin an election at term 1 for -1: [71e3ea0d-2bbd-4975-aca2-4e0b0af2cb8e:192.168.36.122:36765], old=null
2019-09-21 03:23:48,472 [71e3ea0d-2bbd-4975-aca2-4e0b0af2cb8e@group-EEFBAAED06C7:LeaderElection80] INFO  impl.RoleInfo (RoleInfo.java:shutdownLeaderElection(134)) - 71e3ea0d-2bbd-4975-aca2-4e0b0af2cb8e: shutdown LeaderElection
2019-09-21 03:23:48,473 [71e3ea0d-2bbd-4975-aca2-4e0b0af2cb8e@group-EEFBAAED06C7:LeaderElection80] INFO  impl.RaftServerImpl (RaftServerImpl.java:setRole(174)) - 71e3ea0d-2bbd-4975-aca2-4e0b0af2cb8e@group-EEFBAAED06C7: changes role from CANDIDATE to LEADER at term 1 for changeToLeader
2019-09-21 03:23:48,473 [71e3ea0d-2bbd-4975-aca2-4e0b0af2cb8e@group-EEFBAAED06C7:LeaderElection80] INFO  impl.RaftServerImpl (ServerState.java:setLeader(253)) - 71e3ea0d-2bbd-4975-aca2-4e0b0af2cb8e@group-EEFBAAED06C7: change Leader from null to 71e3ea0d-2bbd-4975-aca2-4e0b0af2cb8e at term 1 for becomeLeader, leader elected after 5199ms
2019-09-21 03:23:48,473 [71e3ea0d-2bbd-4975-aca2-4e0b0af2cb8e@group-EEFBAAED06C7:LeaderElection80] INFO  server.RaftServerConfigKeys (ConfUtils.java:logGet(43)) - raft.server.staging.catchup.gap = 1000 (default)
2019-09-21 03:23:48,473 [71e3ea0d-2bbd-4975-aca2-4e0b0af2cb8e@group-EEFBAAED06C7:LeaderElection80] INFO  server.RaftServerConfigKeys (ConfUtils.java:logGet(43)) - raft.server.rpc.sleep.time = 25ms (default)
2019-09-21 03:23:48,473 [71e3ea0d-2bbd-4975-aca2-4e0b0af2cb8e@group-EEFBAAED06C7:LeaderElection80] INFO  server.RaftServerConfigKeys (ConfUtils.java:logGet(43)) - raft.server.write.element-limit = 4096 (default)
2019-09-21 03:23:48,473 [71e3ea0d-2bbd-4975-aca2-4e0b0af2cb8e@group-EEFBAAED06C7:LeaderElection80] INFO  server.RaftServerConfigKeys (ConfUtils.java:logGet(43)) - raft.server.watch.timeout = 10s (default)
2019-09-21 03:23:48,473 [71e3ea0d-2bbd-4975-aca2-4e0b0af2cb8e@group-EEFBAAED06C7:LeaderElection80] INFO  server.RaftServerConfigKeys (ConfUtils.java:logGet(43)) - raft.server.watch.timeout.denomination = 1s (default)
2019-09-21 03:23:48,473 [71e3ea0d-2bbd-4975-aca2-4e0b0af2cb8e@group-EEFBAAED06C7:LeaderElection80] INFO  server.RaftServerConfigKeys (ConfUtils.java:logGet(43)) - raft.server.watch.element-limit = 65536 (default)
2019-09-21 03:23:48,475 [71e3ea0d-2bbd-4975-aca2-4e0b0af2cb8e@group-EEFBAAED06C7:LeaderElection80] INFO  impl.RoleInfo (RoleInfo.java:updateAndGet(143)) - 71e3ea0d-2bbd-4975-aca2-4e0b0af2cb8e: start LeaderState
2019-09-21 03:23:48,475 [71e3ea0d-2bbd-4975-aca2-4e0b0af2cb8e@group-EEFBAAED06C7:LeaderElection80] INFO  segmented.SegmentedRaftLogWorker (SegmentedRaftLogWorker.java:startLogSegment(380)) - 71e3ea0d-2bbd-4975-aca2-4e0b0af2cb8e@group-EEFBAAED06C7-SegmentedRaftLogWorker: Starting segment from index:0
2019-09-21 03:23:48,475 [71e3ea0d-2bbd-4975-aca2-4e0b0af2cb8e@group-EEFBAAED06C7:LeaderElection80] INFO  impl.RaftServerImpl (ServerState.java:setRaftConf(354)) - 71e3ea0d-2bbd-4975-aca2-4e0b0af2cb8e@group-EEFBAAED06C7: set configuration 0: [71e3ea0d-2bbd-4975-aca2-4e0b0af2cb8e:192.168.36.122:36765], old=null at 0
2019-09-21 03:23:48,485 [fb72d5d5-9329-40c5-96ab-8fbea53877da@group-28DE72C30E3D:LeaderElection79] INFO  impl.LeaderElection (LeaderElection.java:logAndReturn(56)) - fb72d5d5-9329-40c5-96ab-8fbea53877da@group-28DE72C30E3D:LeaderElection79: Election PASSED; received 1 response(s) [fb72d5d5-9329-40c5-96ab-8fbea53877da<-eba3c3e9-81e1-4dd5-8a54-7a7aa2aef730#0:OK-t1] and 0 exception(s); fb72d5d5-9329-40c5-96ab-8fbea53877da@group-28DE72C30E3D:t1, leader=null, voted=fb72d5d5-9329-40c5-96ab-8fbea53877da, raftlog=fb72d5d5-9329-40c5-96ab-8fbea53877da@group-28DE72C30E3D-SegmentedRaftLog:OPENED:c-1,f-1,i0, conf=-1: [71e3ea0d-2bbd-4975-aca2-4e0b0af2cb8e:192.168.36.122:36765, fb72d5d5-9329-40c5-96ab-8fbea53877da:192.168.36.122:35569, eba3c3e9-81e1-4dd5-8a54-7a7aa2aef730:192.168.36.122:40551], old=null
2019-09-21 03:23:48,485 [fb72d5d5-9329-40c5-96ab-8fbea53877da@group-28DE72C30E3D:LeaderElection79] INFO  impl.RoleInfo (RoleInfo.java:shutdownLeaderElection(134)) - fb72d5d5-9329-40c5-96ab-8fbea53877da: shutdown LeaderElection
2019-09-21 03:23:48,486 [fb72d5d5-9329-40c5-96ab-8fbea53877da@group-28DE72C30E3D:LeaderElection79] INFO  impl.RaftServerImpl (RaftServerImpl.java:setRole(174)) - fb72d5d5-9329-40c5-96ab-8fbea53877da@group-28DE72C30E3D: changes role from CANDIDATE to LEADER at term 1 for changeToLeader
2019-09-21 03:23:48,486 [fb72d5d5-9329-40c5-96ab-8fbea53877da@group-28DE72C30E3D:LeaderElection79] INFO  impl.RaftServerImpl (ServerState.java:setLeader(253)) - fb72d5d5-9329-40c5-96ab-8fbea53877da@group-28DE72C30E3D: change Leader from null to fb72d5d5-9329-40c5-96ab-8fbea53877da at term 1 for becomeLeader, leader elected after 5140ms
2019-09-21 03:23:48,486 [fb72d5d5-9329-40c5-96ab-8fbea53877da@group-28DE72C30E3D:LeaderElection79] INFO  server.RaftServerConfigKeys (ConfUtils.java:logGet(43)) - raft.server.staging.catchup.gap = 1000 (default)
2019-09-21 03:23:48,486 [fb72d5d5-9329-40c5-96ab-8fbea53877da@group-28DE72C30E3D:LeaderElection79] INFO  server.RaftServerConfigKeys (ConfUtils.java:logGet(43)) - raft.server.rpc.sleep.time = 25ms (default)
2019-09-21 03:23:48,486 [fb72d5d5-9329-40c5-96ab-8fbea53877da@group-28DE72C30E3D:LeaderElection79] INFO  server.RaftServerConfigKeys (ConfUtils.java:logGet(43)) - raft.server.write.element-limit = 4096 (default)
2019-09-21 03:23:48,486 [fb72d5d5-9329-40c5-96ab-8fbea53877da@group-28DE72C30E3D:LeaderElection79] INFO  server.RaftServerConfigKeys (ConfUtils.java:logGet(43)) - raft.server.watch.timeout = 10s (default)
2019-09-21 03:23:48,486 [fb72d5d5-9329-40c5-96ab-8fbea53877da@group-28DE72C30E3D:LeaderElection79] INFO  server.RaftServerConfigKeys (ConfUtils.java:logGet(43)) - raft.server.watch.timeout.denomination = 1s (default)
2019-09-21 03:23:48,486 [fb72d5d5-9329-40c5-96ab-8fbea53877da@group-28DE72C30E3D:LeaderElection79] INFO  server.RaftServerConfigKeys (ConfUtils.java:logGet(43)) - raft.server.watch.element-limit = 65536 (default)
2019-09-21 03:23:48,488 [fb72d5d5-9329-40c5-96ab-8fbea53877da@group-28DE72C30E3D:LeaderElection79] INFO  server.RaftServerConfigKeys (ConfUtils.java:logGet(43)) - raft.server.log.appender.snapshot.chunk.size.max = 16MB (=16777216) (default)
2019-09-21 03:23:48,488 [fb72d5d5-9329-40c5-96ab-8fbea53877da@group-28DE72C30E3D:LeaderElection79] INFO  server.RaftServerConfigKeys (ConfUtils.java:logGet(43)) - raft.server.log.appender.buffer.byte-limit = 33554432 (custom)
2019-09-21 03:23:48,488 [fb72d5d5-9329-40c5-96ab-8fbea53877da@group-28DE72C30E3D:LeaderElection79] INFO  server.RaftServerConfigKeys (ConfUtils.java:logGet(43)) - raft.server.log.appender.buffer.element-limit = 1 (custom)
2019-09-21 03:23:48,488 [fb72d5d5-9329-40c5-96ab-8fbea53877da@group-28DE72C30E3D:LeaderElection79] INFO  grpc.GrpcConfigKeys$Server (ConfUtils.java:logGet(43)) - raft.grpc.server.leader.outstanding.appends.max = 128 (default)
2019-09-21 03:23:48,489 [fb72d5d5-9329-40c5-96ab-8fbea53877da@group-28DE72C30E3D:LeaderElection79] INFO  server.RaftServerConfigKeys (ConfUtils.java:logGet(43)) - raft.server.rpc.request.timeout = 3000ms (default)
2019-09-21 03:23:48,489 [fb72d5d5-9329-40c5-96ab-8fbea53877da@group-28DE72C30E3D:LeaderElection79] INFO  server.RaftServerConfigKeys (ConfUtils.java:logGet(43)) - raft.server.log.appender.install.snapshot.enabled = false (custom)
2019-09-21 03:23:48,489 [fb72d5d5-9329-40c5-96ab-8fbea53877da@group-28DE72C30E3D:LeaderElection79] INFO  server.RaftServerConfigKeys (ConfUtils.java:logGet(43)) - raft.server.log.appender.snapshot.chunk.size.max = 16MB (=16777216) (default)
2019-09-21 03:23:48,489 [fb72d5d5-9329-40c5-96ab-8fbea53877da@group-28DE72C30E3D:LeaderElection79] INFO  server.RaftServerConfigKeys (ConfUtils.java:logGet(43)) - raft.server.log.appender.buffer.byte-limit = 33554432 (custom)
2019-09-21 03:23:48,489 [fb72d5d5-9329-40c5-96ab-8fbea53877da@group-28DE72C30E3D:LeaderElection79] INFO  server.RaftServerConfigKeys (ConfUtils.java:logGet(43)) - raft.server.log.appender.buffer.element-limit = 1 (custom)
2019-09-21 03:23:48,489 [fb72d5d5-9329-40c5-96ab-8fbea53877da@group-28DE72C30E3D:LeaderElection79] INFO  grpc.GrpcConfigKeys$Server (ConfUtils.java:logGet(43)) - raft.grpc.server.leader.outstanding.appends.max = 128 (default)
2019-09-21 03:23:48,490 [fb72d5d5-9329-40c5-96ab-8fbea53877da@group-28DE72C30E3D:LeaderElection79] INFO  server.RaftServerConfigKeys (ConfUtils.java:logGet(43)) - raft.server.rpc.request.timeout = 3000ms (default)
2019-09-21 03:23:48,490 [fb72d5d5-9329-40c5-96ab-8fbea53877da@group-28DE72C30E3D:LeaderElection79] INFO  server.RaftServerConfigKeys (ConfUtils.java:logGet(43)) - raft.server.log.appender.install.snapshot.enabled = false (custom)
2019-09-21 03:23:48,490 [fb72d5d5-9329-40c5-96ab-8fbea53877da@group-28DE72C30E3D:LeaderElection79] INFO  impl.RoleInfo (RoleInfo.java:updateAndGet(143)) - fb72d5d5-9329-40c5-96ab-8fbea53877da: start LeaderState
2019-09-21 03:23:48,490 [fb72d5d5-9329-40c5-96ab-8fbea53877da@group-28DE72C30E3D:LeaderElection79] INFO  segmented.SegmentedRaftLogWorker (SegmentedRaftLogWorker.java:startLogSegment(380)) - fb72d5d5-9329-40c5-96ab-8fbea53877da@group-28DE72C30E3D-SegmentedRaftLogWorker: Starting segment from index:0
2019-09-21 03:23:48,491 [fb72d5d5-9329-40c5-96ab-8fbea53877da@group-28DE72C30E3D:LeaderElection79] INFO  impl.RaftServerImpl (ServerState.java:setRaftConf(354)) - fb72d5d5-9329-40c5-96ab-8fbea53877da@group-28DE72C30E3D: set configuration 0: [71e3ea0d-2bbd-4975-aca2-4e0b0af2cb8e:192.168.36.122:36765, fb72d5d5-9329-40c5-96ab-8fbea53877da:192.168.36.122:35569, eba3c3e9-81e1-4dd5-8a54-7a7aa2aef730:192.168.36.122:40551], old=null at 0
2019-09-21 03:23:48,520 [grpc-default-executor-6] INFO  impl.RaftServerImpl (ServerState.java:setLeader(253)) - 71e3ea0d-2bbd-4975-aca2-4e0b0af2cb8e@group-28DE72C30E3D: change Leader from null to fb72d5d5-9329-40c5-96ab-8fbea53877da at term 1 for appendEntries, leader elected after 5175ms
2019-09-21 03:23:48,522 [grpc-default-executor-6] INFO  impl.RaftServerImpl (ServerState.java:setLeader(253)) - eba3c3e9-81e1-4dd5-8a54-7a7aa2aef730@group-28DE72C30E3D: change Leader from null to fb72d5d5-9329-40c5-96ab-8fbea53877da at term 1 for appendEntries, leader elected after 5176ms
2019-09-21 03:23:48,525 [grpc-default-executor-6] INFO  impl.RaftServerImpl (ServerState.java:setRaftConf(354)) - 71e3ea0d-2bbd-4975-aca2-4e0b0af2cb8e@group-28DE72C30E3D: set configuration 0: [71e3ea0d-2bbd-4975-aca2-4e0b0af2cb8e:192.168.36.122:36765, fb72d5d5-9329-40c5-96ab-8fbea53877da:192.168.36.122:35569, eba3c3e9-81e1-4dd5-8a54-7a7aa2aef730:192.168.36.122:40551], old=null at 0
2019-09-21 03:23:48,525 [grpc-default-executor-6] INFO  segmented.SegmentedRaftLogWorker (SegmentedRaftLogWorker.java:startLogSegment(380)) - 71e3ea0d-2bbd-4975-aca2-4e0b0af2cb8e@group-28DE72C30E3D-SegmentedRaftLogWorker: Starting segment from index:0
2019-09-21 03:23:48,525 [grpc-default-executor-4] INFO  impl.RaftServerImpl (ServerState.java:setRaftConf(354)) - eba3c3e9-81e1-4dd5-8a54-7a7aa2aef730@group-28DE72C30E3D: set configuration 0: [71e3ea0d-2bbd-4975-aca2-4e0b0af2cb8e:192.168.36.122:36765, fb72d5d5-9329-40c5-96ab-8fbea53877da:192.168.36.122:35569, eba3c3e9-81e1-4dd5-8a54-7a7aa2aef730:192.168.36.122:40551], old=null at 0
2019-09-21 03:23:48,525 [grpc-default-executor-4] INFO  segmented.SegmentedRaftLogWorker (SegmentedRaftLogWorker.java:startLogSegment(380)) - eba3c3e9-81e1-4dd5-8a54-7a7aa2aef730@group-28DE72C30E3D-SegmentedRaftLogWorker: Starting segment from index:0
2019-09-21 03:23:48,546 [71e3ea0d-2bbd-4975-aca2-4e0b0af2cb8e@group-EEFBAAED06C7-SegmentedRaftLogWorker] INFO  segmented.SegmentedRaftLogWorker (SegmentedRaftLogWorker.java:execute(569)) - 71e3ea0d-2bbd-4975-aca2-4e0b0af2cb8e@group-EEFBAAED06C7-SegmentedRaftLogWorker: created new log segment /workdir/hadoop-ozone/integration-test/target/test-dir/MiniOzoneClusterImpl-cae1a81b-9ca5-4f12-9003-0d2cd477a7a0/datanode-6/data/ratis/7dced7eb-863e-4b1f-b599-eefbaaed06c7/current/log_inprogress_0
2019-09-21 03:23:48,546 [fb72d5d5-9329-40c5-96ab-8fbea53877da@group-28DE72C30E3D-SegmentedRaftLogWorker] INFO  segmented.SegmentedRaftLogWorker (SegmentedRaftLogWorker.java:execute(569)) - fb72d5d5-9329-40c5-96ab-8fbea53877da@group-28DE72C30E3D-SegmentedRaftLogWorker: created new log segment /workdir/hadoop-ozone/integration-test/target/test-dir/MiniOzoneClusterImpl-cae1a81b-9ca5-4f12-9003-0d2cd477a7a0/datanode-4/data/ratis/a76106e5-5fae-45b2-b856-28de72c30e3d/current/log_inprogress_0
2019-09-21 03:23:48,577 [71e3ea0d-2bbd-4975-aca2-4e0b0af2cb8e@group-28DE72C30E3D-SegmentedRaftLogWorker] INFO  segmented.SegmentedRaftLogWorker (SegmentedRaftLogWorker.java:execute(569)) - 71e3ea0d-2bbd-4975-aca2-4e0b0af2cb8e@group-28DE72C30E3D-SegmentedRaftLogWorker: created new log segment /workdir/hadoop-ozone/integration-test/target/test-dir/MiniOzoneClusterImpl-cae1a81b-9ca5-4f12-9003-0d2cd477a7a0/datanode-6/data/ratis/a76106e5-5fae-45b2-b856-28de72c30e3d/current/log_inprogress_0
2019-09-21 03:23:48,577 [eba3c3e9-81e1-4dd5-8a54-7a7aa2aef730@group-28DE72C30E3D-SegmentedRaftLogWorker] INFO  segmented.SegmentedRaftLogWorker (SegmentedRaftLogWorker.java:execute(569)) - eba3c3e9-81e1-4dd5-8a54-7a7aa2aef730@group-28DE72C30E3D-SegmentedRaftLogWorker: created new log segment /workdir/hadoop-ozone/integration-test/target/test-dir/MiniOzoneClusterImpl-cae1a81b-9ca5-4f12-9003-0d2cd477a7a0/datanode-5/data/ratis/a76106e5-5fae-45b2-b856-28de72c30e3d/current/log_inprogress_0
2019-09-21 03:23:49,580 [Datanode State Machine Thread - 0] INFO  statemachine.DatanodeStateMachine (DatanodeStateMachine.java:lambda$startDaemon$0(350)) - Ozone container server started.
2019-09-21 03:23:53,591 [EventQueue-StaleNodeForStaleNodeHandler] INFO  node.StaleNodeHandler (StaleNodeHandler.java:onMessage(58)) - Datanode b760601b-20df-4ecf-8386-2afc7d1b8d1f{ip: 192.168.36.122, host: pr-hdds-2161-42js2-1613171706, networkLocation: /default-rack, certSerialId: null} moved to stale state. Finalizing its pipelines [PipelineID=ed688e68-f314-41fe-9a25-748d8dc243f6, PipelineID=b7a7eea1-dff5-4f30-97ad-7024853660d2]
2019-09-21 03:23:53,591 [EventQueue-StaleNodeForStaleNodeHandler] INFO  pipeline.SCMPipelineManager (SCMPipelineManager.java:finalizeAndDestroyPipeline(315)) - destroying pipeline:Pipeline[ Id: ed688e68-f314-41fe-9a25-748d8dc243f6, Nodes: b760601b-20df-4ecf-8386-2afc7d1b8d1f{ip: 192.168.36.122, host: pr-hdds-2161-42js2-1613171706, networkLocation: /default-rack, certSerialId: null}, Type:RATIS, Factor:ONE, State:OPEN]
2019-09-21 03:23:53,592 [EventQueue-StaleNodeForStaleNodeHandler] INFO  pipeline.PipelineStateManager (PipelineStateManager.java:finalizePipeline(123)) - Pipeline Pipeline[ Id: ed688e68-f314-41fe-9a25-748d8dc243f6, Nodes: b760601b-20df-4ecf-8386-2afc7d1b8d1f{ip: 192.168.36.122, host: pr-hdds-2161-42js2-1613171706, networkLocation: /default-rack, certSerialId: null}, Type:RATIS, Factor:ONE, State:CLOSED] moved to CLOSED state
2019-09-21 03:23:53,592 [EventQueue-StaleNodeForStaleNodeHandler] INFO  pipeline.SCMPipelineManager (SCMPipelineManager.java:finalizeAndDestroyPipeline(315)) - destroying pipeline:Pipeline[ Id: b7a7eea1-dff5-4f30-97ad-7024853660d2, Nodes: b760601b-20df-4ecf-8386-2afc7d1b8d1f{ip: 192.168.36.122, host: pr-hdds-2161-42js2-1613171706, networkLocation: /default-rack, certSerialId: null}3f34ee0a-5f1f-4899-a1d6-9aea1a91e47f{ip: 192.168.36.122, host: pr-hdds-2161-42js2-1613171706, networkLocation: /default-rack, certSerialId: null}e0b13bb3-f106-4a40-bedd-a90450f34792{ip: 192.168.36.122, host: pr-hdds-2161-42js2-1613171706, networkLocation: /default-rack, certSerialId: null}, Type:RATIS, Factor:THREE, State:OPEN]
2019-09-21 03:23:53,592 [EventQueue-StaleNodeForStaleNodeHandler] INFO  pipeline.PipelineStateManager (PipelineStateManager.java:finalizePipeline(123)) - Pipeline Pipeline[ Id: b7a7eea1-dff5-4f30-97ad-7024853660d2, Nodes: b760601b-20df-4ecf-8386-2afc7d1b8d1f{ip: 192.168.36.122, host: pr-hdds-2161-42js2-1613171706, networkLocation: /default-rack, certSerialId: null}3f34ee0a-5f1f-4899-a1d6-9aea1a91e47f{ip: 192.168.36.122, host: pr-hdds-2161-42js2-1613171706, networkLocation: /default-rack, certSerialId: null}e0b13bb3-f106-4a40-bedd-a90450f34792{ip: 192.168.36.122, host: pr-hdds-2161-42js2-1613171706, networkLocation: /default-rack, certSerialId: null}, Type:RATIS, Factor:THREE, State:CLOSED] moved to CLOSED state
2019-09-21 03:23:53,593 [EventQueue-CloseContainerForCloseContainerEventHandler] INFO  container.CloseContainerEventHandler (CloseContainerEventHandler.java:onMessage(61)) - Close container Event triggered for container : #1
2019-09-21 03:23:53,811 [main] INFO  ozoneimpl.OzoneContainer (OzoneContainer.java:stop(231)) - Attempting to stop container services.
2019-09-21 03:23:53,815 [main] INFO  impl.RaftServerProxy (RaftServerProxy.java:lambda$close$4(314)) - b760601b-20df-4ecf-8386-2afc7d1b8d1f: close
2019-09-21 03:23:53,815 [main] INFO  impl.RaftServerImpl (RaftServerImpl.java:lambda$shutdown$3(251)) - b760601b-20df-4ecf-8386-2afc7d1b8d1f@group-748D8DC243F6: shutdown
2019-09-21 03:23:53,816 [ForkJoinPool.commonPool-worker-0] INFO  impl.RaftServerImpl (RaftServerImpl.java:lambda$shutdown$3(251)) - b760601b-20df-4ecf-8386-2afc7d1b8d1f@group-7024853660D2: shutdown
2019-09-21 03:23:53,816 [main] INFO  util.JmxRegister (JmxRegister.java:unregister(73)) - Successfully un-registered JMX Bean with object name Ratis:service=RaftServer,group=group-748D8DC243F6,id=b760601b-20df-4ecf-8386-2afc7d1b8d1f
2019-09-21 03:23:53,816 [ForkJoinPool.commonPool-worker-0] INFO  util.JmxRegister (JmxRegister.java:unregister(73)) - Successfully un-registered JMX Bean with object name Ratis:service=RaftServer,group=group-7024853660D2,id=b760601b-20df-4ecf-8386-2afc7d1b8d1f
2019-09-21 03:23:53,817 [main] INFO  impl.RoleInfo (RoleInfo.java:shutdownLeaderState(104)) - b760601b-20df-4ecf-8386-2afc7d1b8d1f: shutdown LeaderState
2019-09-21 03:23:53,817 [ForkJoinPool.commonPool-worker-0] INFO  impl.RoleInfo (RoleInfo.java:shutdownLeaderState(104)) - b760601b-20df-4ecf-8386-2afc7d1b8d1f: shutdown LeaderState
2019-09-21 03:23:53,817 [main] INFO  impl.PendingRequests (PendingRequests.java:sendNotLeaderResponses(202)) - b760601b-20df-4ecf-8386-2afc7d1b8d1f-PendingRequests: sendNotLeaderResponses
2019-09-21 03:23:53,821 [org.apache.ratis.server.impl.LogAppender$AppenderDaemon$$Lambda$485/762318467@d7433d1] WARN  server.GrpcLogAppender (GrpcLogAppender.java:mayWait(143)) - b760601b-20df-4ecf-8386-2afc7d1b8d1f@group-7024853660D2->3f34ee0a-5f1f-4899-a1d6-9aea1a91e47f-GrpcLogAppender: Wait interrupted by java.lang.InterruptedException
2019-09-21 03:23:53,821 [org.apache.ratis.server.impl.LogAppender$AppenderDaemon$$Lambda$485/762318467@39b04523] WARN  server.GrpcLogAppender (GrpcLogAppender.java:mayWait(143)) - b760601b-20df-4ecf-8386-2afc7d1b8d1f@group-7024853660D2->e0b13bb3-f106-4a40-bedd-a90450f34792-GrpcLogAppender: Wait interrupted by java.lang.InterruptedException
2019-09-21 03:23:53,821 [ForkJoinPool.commonPool-worker-0] INFO  impl.PendingRequests (PendingRequests.java:sendNotLeaderResponses(202)) - b760601b-20df-4ecf-8386-2afc7d1b8d1f-PendingRequests: sendNotLeaderResponses
2019-09-21 03:23:53,821 [main] INFO  impl.StateMachineUpdater (StateMachineUpdater.java:stopAndJoin(125)) - b760601b-20df-4ecf-8386-2afc7d1b8d1f@group-748D8DC243F6-StateMachineUpdater: set stopIndex = 0
2019-09-21 03:23:53,827 [b760601b-20df-4ecf-8386-2afc7d1b8d1f@group-7024853660D2-StateMachineUpdater] INFO  ratis.ContainerStateMachine (ContainerStateMachine.java:takeSnapshot(289)) - group-7024853660D2: Taking a snapshot at:(t:1, i:13) file /workdir/hadoop-ozone/integration-test/target/test-dir/MiniOzoneClusterImpl-cae1a81b-9ca5-4f12-9003-0d2cd477a7a0/datanode-1/data/ratis/b7a7eea1-dff5-4f30-97ad-7024853660d2/sm/snapshot.1_13
2019-09-21 03:23:53,827 [ForkJoinPool.commonPool-worker-0] INFO  impl.StateMachineUpdater (StateMachineUpdater.java:stopAndJoin(125)) - b760601b-20df-4ecf-8386-2afc7d1b8d1f@group-7024853660D2-StateMachineUpdater: set stopIndex = 15
2019-09-21 03:23:53,827 [grpc-default-executor-6] INFO  server.GrpcServerProtocolService (GrpcServerProtocolService.java:onCompleted(113)) - 3f34ee0a-5f1f-4899-a1d6-9aea1a91e47f: Completed APPEND_ENTRIES, lastRequest: b760601b-20df-4ecf-8386-2afc7d1b8d1f->3f34ee0a-5f1f-4899-a1d6-9aea1a91e47f#18-t1, previous=(t:1, i:15), leaderCommit=15, initializing? false, entries: <empty>
2019-09-21 03:23:53,825 [grpc-default-executor-4] INFO  server.GrpcServerProtocolService (GrpcServerProtocolService.java:onCompleted(113)) - e0b13bb3-f106-4a40-bedd-a90450f34792: Completed APPEND_ENTRIES, lastRequest: b760601b-20df-4ecf-8386-2afc7d1b8d1f->e0b13bb3-f106-4a40-bedd-a90450f34792#18-t1, previous=(t:1, i:15), leaderCommit=15, initializing? false, entries: <empty>
2019-09-21 03:23:53,828 [grpc-default-executor-12] INFO  server.GrpcLogAppender (GrpcLogAppender.java:onCompleted(293)) - b760601b-20df-4ecf-8386-2afc7d1b8d1f@group-7024853660D2->3f34ee0a-5f1f-4899-a1d6-9aea1a91e47f-AppendLogResponseHandler: follower responses appendEntries COMPLETED
2019-09-21 03:23:53,827 [main] INFO  impl.RaftServerImpl (ServerState.java:close(385)) - b760601b-20df-4ecf-8386-2afc7d1b8d1f@group-748D8DC243F6: closes. applyIndex: 0
2019-09-21 03:23:53,829 [grpc-default-executor-12] INFO  impl.FollowerInfo (FollowerInfo.java:lambda$new$0(51)) - b760601b-20df-4ecf-8386-2afc7d1b8d1f@group-7024853660D2->3f34ee0a-5f1f-4899-a1d6-9aea1a91e47f: nextIndex: updateUnconditionally 16 -> 15
2019-09-21 03:23:53,829 [b760601b-20df-4ecf-8386-2afc7d1b8d1f@group-748D8DC243F6-SegmentedRaftLogWorker] INFO  segmented.SegmentedRaftLogWorker (SegmentedRaftLogWorker.java:run(313)) - b760601b-20df-4ecf-8386-2afc7d1b8d1f@group-748D8DC243F6-SegmentedRaftLogWorker was interrupted, exiting. There are 0 tasks remaining in the queue.
2019-09-21 03:23:53,828 [grpc-default-executor-6] INFO  server.GrpcLogAppender (GrpcLogAppender.java:onCompleted(293)) - b760601b-20df-4ecf-8386-2afc7d1b8d1f@group-7024853660D2->e0b13bb3-f106-4a40-bedd-a90450f34792-AppendLogResponseHandler: follower responses appendEntries COMPLETED
2019-09-21 03:23:53,831 [main] INFO  segmented.SegmentedRaftLogWorker (SegmentedRaftLogWorker.java:close(228)) - b760601b-20df-4ecf-8386-2afc7d1b8d1f@group-748D8DC243F6-SegmentedRaftLogWorker close()
2019-09-21 03:23:53,831 [grpc-default-executor-6] INFO  impl.FollowerInfo (FollowerInfo.java:lambda$new$0(51)) - b760601b-20df-4ecf-8386-2afc7d1b8d1f@group-7024853660D2->e0b13bb3-f106-4a40-bedd-a90450f34792: nextIndex: updateUnconditionally 16 -> 15
2019-09-21 03:23:53,860 [b760601b-20df-4ecf-8386-2afc7d1b8d1f@group-7024853660D2-StateMachineUpdater] INFO  ratis.ContainerStateMachine (ContainerStateMachine.java:takeSnapshot(300)) - group-7024853660D2: Finished taking a snapshot at:(t:1, i:13) file:/workdir/hadoop-ozone/integration-test/target/test-dir/MiniOzoneClusterImpl-cae1a81b-9ca5-4f12-9003-0d2cd477a7a0/datanode-1/data/ratis/b7a7eea1-dff5-4f30-97ad-7024853660d2/sm/snapshot.1_13 time:32
2019-09-21 03:23:53,860 [b760601b-20df-4ecf-8386-2afc7d1b8d1f@group-7024853660D2-StateMachineUpdater] INFO  impl.StateMachineUpdater (StateMachineUpdater.java:takeSnapshot(258)) - b760601b-20df-4ecf-8386-2afc7d1b8d1f@group-7024853660D2-StateMachineUpdater: Took a snapshot at index 13
2019-09-21 03:23:53,861 [b760601b-20df-4ecf-8386-2afc7d1b8d1f@group-7024853660D2-StateMachineUpdater] INFO  impl.StateMachineUpdater (StateMachineUpdater.java:lambda$new$0(83)) - b760601b-20df-4ecf-8386-2afc7d1b8d1f@group-7024853660D2-StateMachineUpdater: snapshotIndex: updateIncreasingly -1 -> 13
2019-09-21 03:23:53,861 [b760601b-20df-4ecf-8386-2afc7d1b8d1f@group-7024853660D2-StateMachineUpdater] INFO  ratis.ContainerStateMachine (ContainerStateMachine.java:takeSnapshot(289)) - group-7024853660D2: Taking a snapshot at:(t:1, i:13) file /workdir/hadoop-ozone/integration-test/target/test-dir/MiniOzoneClusterImpl-cae1a81b-9ca5-4f12-9003-0d2cd477a7a0/datanode-1/data/ratis/b7a7eea1-dff5-4f30-97ad-7024853660d2/sm/snapshot.1_13
2019-09-21 03:23:53,880 [b760601b-20df-4ecf-8386-2afc7d1b8d1f@group-7024853660D2-StateMachineUpdater] INFO  ratis.ContainerStateMachine (ContainerStateMachine.java:takeSnapshot(300)) - group-7024853660D2: Finished taking a snapshot at:(t:1, i:13) file:/workdir/hadoop-ozone/integration-test/target/test-dir/MiniOzoneClusterImpl-cae1a81b-9ca5-4f12-9003-0d2cd477a7a0/datanode-1/data/ratis/b7a7eea1-dff5-4f30-97ad-7024853660d2/sm/snapshot.1_13 time:19
2019-09-21 03:23:53,880 [b760601b-20df-4ecf-8386-2afc7d1b8d1f@group-7024853660D2-StateMachineUpdater] INFO  impl.StateMachineUpdater (StateMachineUpdater.java:takeSnapshot(258)) - b760601b-20df-4ecf-8386-2afc7d1b8d1f@group-7024853660D2-StateMachineUpdater: Took a snapshot at index 13
2019-09-21 03:23:53,880 [b760601b-20df-4ecf-8386-2afc7d1b8d1f@group-7024853660D2-StateMachineUpdater] INFO  impl.StateMachineUpdater (StateMachineUpdater.java:lambda$new$0(83)) - b760601b-20df-4ecf-8386-2afc7d1b8d1f@group-7024853660D2-StateMachineUpdater: snapshotIndex: updateIncreasingly 13 -> 13
2019-09-21 03:23:53,880 [ForkJoinPool.commonPool-worker-0] INFO  impl.RaftServerImpl (ServerState.java:close(385)) - b760601b-20df-4ecf-8386-2afc7d1b8d1f@group-7024853660D2: closes. applyIndex: 15
2019-09-21 03:23:53,881 [b760601b-20df-4ecf-8386-2afc7d1b8d1f@group-7024853660D2-SegmentedRaftLogWorker] INFO  segmented.SegmentedRaftLogWorker (SegmentedRaftLogWorker.java:run(313)) - b760601b-20df-4ecf-8386-2afc7d1b8d1f@group-7024853660D2-SegmentedRaftLogWorker was interrupted, exiting. There are 0 tasks remaining in the queue.
2019-09-21 03:23:53,884 [ForkJoinPool.commonPool-worker-0] INFO  segmented.SegmentedRaftLogWorker (SegmentedRaftLogWorker.java:close(228)) - b760601b-20df-4ecf-8386-2afc7d1b8d1f@group-7024853660D2-SegmentedRaftLogWorker close()
2019-09-21 03:23:53,887 [main] INFO  server.GrpcService (GrpcService.java:closeImpl(164)) - b760601b-20df-4ecf-8386-2afc7d1b8d1f: shutdown server with port 40326 now
2019-09-21 03:23:53,888 [grpc-default-executor-12] WARN  client.GrpcClientProtocolService (LogUtils.java:warn(134)) - 2-UnorderedRequestStreamObserver2: onError: org.apache.ratis.thirdparty.io.grpc.StatusRuntimeException: CANCELLED: cancelled before receiving half close
2019-09-21 03:23:53,891 [main] INFO  server.GrpcService (GrpcService.java:closeImpl(172)) - b760601b-20df-4ecf-8386-2afc7d1b8d1f: shutdown server with port 40326 successfully
2019-09-21 03:23:53,894 [refreshUsed-/workdir/hadoop-ozone/integration-test/target/test-dir/MiniOzoneClusterImpl-cae1a81b-9ca5-4f12-9003-0d2cd477a7a0/datanode-1/data/containers] WARN  fs.CachingGetSpaceUsed (CachingGetSpaceUsed.java:run(183)) - Thread Interrupted waiting to refresh disk information: sleep interrupted
2019-09-21 03:23:53,908 [main] INFO  utils.BackgroundService (BackgroundService.java:shutdown(148)) - Shutting down service BlockDeletingService
2019-09-21 03:23:53,915 [main] INFO  statemachine.DatanodeStateMachine (DatanodeStateMachine.java:stopDaemon(395)) - Ozone container server stopped.
2019-09-21 03:23:53,916 [main] INFO  handler.ContextHandler (ContextHandler.java:doStop(910)) - Stopped o.e.j.w.WebAppContext@75bd28d{/,null,UNAVAILABLE}{/hddsDatanode}
2019-09-21 03:23:53,917 [main] INFO  server.AbstractConnector (AbstractConnector.java:doStop(318)) - Stopped ServerConnector@129c4d19{HTTP/1.1,[http/1.1]}{0.0.0.0:0}
2019-09-21 03:23:53,917 [main] INFO  handler.ContextHandler (ContextHandler.java:doStop(910)) - Stopped o.e.j.s.ServletContextHandler@29c53c4f{/static,jar:file:/home/user/.m2/repository/org/apache/hadoop/hadoop-hdds-container-service/0.5.0-SNAPSHOT/hadoop-hdds-container-service-0.5.0-SNAPSHOT.jar!/webapps/static,UNAVAILABLE}
2019-09-21 03:23:53,918 [main] INFO  handler.ContextHandler (ContextHandler.java:doStop(910)) - Stopped o.e.j.s.ServletContextHandler@55296b50{/logs,file:///workdir/hadoop-ozone/integration-test/target/log,UNAVAILABLE}
2019-09-21 03:24:03,259 [Thread-3007] INFO  impl.FollowerState (FollowerState.java:run(106)) - 3f34ee0a-5f1f-4899-a1d6-9aea1a91e47f:group-7024853660D2 changes to CANDIDATE, lastRpcTime:9450, electionTimeout:5068ms
2019-09-21 03:24:03,260 [Thread-3007] INFO  impl.RoleInfo (RoleInfo.java:shutdownFollowerState(121)) - 3f34ee0a-5f1f-4899-a1d6-9aea1a91e47f: shutdown FollowerState
2019-09-21 03:24:03,260 [Thread-3007] INFO  impl.RaftServerImpl (RaftServerImpl.java:setRole(174)) - 3f34ee0a-5f1f-4899-a1d6-9aea1a91e47f@group-7024853660D2: changes role from  FOLLOWER to CANDIDATE at term 1 for changeToCandidate
2019-09-21 03:24:03,260 [Thread-3007] INFO  impl.RoleInfo (RoleInfo.java:updateAndGet(143)) - 3f34ee0a-5f1f-4899-a1d6-9aea1a91e47f: start LeaderElection
2019-09-21 03:24:03,264 [Thread-3008] INFO  impl.FollowerState (FollowerState.java:run(106)) - e0b13bb3-f106-4a40-bedd-a90450f34792:group-7024853660D2 changes to CANDIDATE, lastRpcTime:9468, electionTimeout:5058ms
2019-09-21 03:24:03,264 [3f34ee0a-5f1f-4899-a1d6-9aea1a91e47f@group-7024853660D2:LeaderElection81] INFO  impl.RaftServerImpl (ServerState.java:setLeader(253)) - 3f34ee0a-5f1f-4899-a1d6-9aea1a91e47f@group-7024853660D2: change Leader from b760601b-20df-4ecf-8386-2afc7d1b8d1f to null at term 1 for initElection
2019-09-21 03:24:03,264 [Thread-3008] INFO  impl.RoleInfo (RoleInfo.java:shutdownFollowerState(121)) - e0b13bb3-f106-4a40-bedd-a90450f34792: shutdown FollowerState
2019-09-21 03:24:03,264 [Thread-3008] INFO  impl.RaftServerImpl (RaftServerImpl.java:setRole(174)) - e0b13bb3-f106-4a40-bedd-a90450f34792@group-7024853660D2: changes role from  FOLLOWER to CANDIDATE at term 1 for changeToCandidate
2019-09-21 03:24:03,264 [Thread-3008] INFO  impl.RoleInfo (RoleInfo.java:updateAndGet(143)) - e0b13bb3-f106-4a40-bedd-a90450f34792: start LeaderElection
2019-09-21 03:24:03,268 [e0b13bb3-f106-4a40-bedd-a90450f34792@group-7024853660D2:LeaderElection82] INFO  impl.RaftServerImpl (ServerState.java:setLeader(253)) - e0b13bb3-f106-4a40-bedd-a90450f34792@group-7024853660D2: change Leader from b760601b-20df-4ecf-8386-2afc7d1b8d1f to null at term 1 for initElection
2019-09-21 03:24:03,294 [e0b13bb3-f106-4a40-bedd-a90450f34792@group-7024853660D2:LeaderElection82] INFO  impl.LeaderElection (LeaderElection.java:askForVotes(182)) - e0b13bb3-f106-4a40-bedd-a90450f34792@group-7024853660D2:LeaderElection82: begin an election at term 2 for 0: [b760601b-20df-4ecf-8386-2afc7d1b8d1f:192.168.36.122:40326, 3f34ee0a-5f1f-4899-a1d6-9aea1a91e47f:192.168.36.122:38557, e0b13bb3-f106-4a40-bedd-a90450f34792:192.168.36.122:46354], old=null
2019-09-21 03:24:03,294 [3f34ee0a-5f1f-4899-a1d6-9aea1a91e47f@group-7024853660D2:LeaderElection81] INFO  impl.LeaderElection (LeaderElection.java:askForVotes(182)) - 3f34ee0a-5f1f-4899-a1d6-9aea1a91e47f@group-7024853660D2:LeaderElection81: begin an election at term 2 for 0: [b760601b-20df-4ecf-8386-2afc7d1b8d1f:192.168.36.122:40326, 3f34ee0a-5f1f-4899-a1d6-9aea1a91e47f:192.168.36.122:38557, e0b13bb3-f106-4a40-bedd-a90450f34792:192.168.36.122:46354], old=null
2019-09-21 03:24:03,297 [e0b13bb3-f106-4a40-bedd-a90450f34792@group-7024853660D2:LeaderElection82] INFO  impl.LeaderElection (LogUtils.java:infoOrTrace(149)) - e0b13bb3-f106-4a40-bedd-a90450f34792@group-7024853660D2:LeaderElection82 got exception when requesting votes: {}
java.util.concurrent.ExecutionException: org.apache.ratis.thirdparty.io.grpc.StatusRuntimeException: UNAVAILABLE: io exception
	at java.util.concurrent.FutureTask.report(FutureTask.java:122)
	at java.util.concurrent.FutureTask.get(FutureTask.java:192)
	at org.apache.ratis.server.impl.LeaderElection.waitForResults(LeaderElection.java:263)
	at org.apache.ratis.server.impl.LeaderElection.askForVotes(LeaderElection.java:201)
	at org.apache.ratis.server.impl.LeaderElection.run(LeaderElection.java:133)
	at java.lang.Thread.run(Thread.java:748)
Caused by: org.apache.ratis.thirdparty.io.grpc.StatusRuntimeException: UNAVAILABLE: io exception
	at org.apache.ratis.thirdparty.io.grpc.stub.ClientCalls.toStatusRuntimeException(ClientCalls.java:233)
	at org.apache.ratis.thirdparty.io.grpc.stub.ClientCalls.getUnchecked(ClientCalls.java:214)
	at org.apache.ratis.thirdparty.io.grpc.stub.ClientCalls.blockingUnaryCall(ClientCalls.java:139)
	at org.apache.ratis.proto.grpc.RaftServerProtocolServiceGrpc$RaftServerProtocolServiceBlockingStub.requestVote(RaftServerProtocolServiceGrpc.java:265)
	at org.apache.ratis.grpc.server.GrpcServerProtocolClient.requestVote(GrpcServerProtocolClient.java:90)
	at org.apache.ratis.grpc.server.GrpcService.requestVote(GrpcService.java:204)
	at org.apache.ratis.server.impl.LeaderElection.lambda$submitRequests$1(LeaderElection.java:238)
	at java.util.concurrent.FutureTask.run(FutureTask.java:266)
	at java.util.concurrent.Executors$RunnableAdapter.call(Executors.java:511)
	at java.util.concurrent.FutureTask.run(FutureTask.java:266)
	at java.util.concurrent.ThreadPoolExecutor.runWorker(ThreadPoolExecutor.java:1149)
	at java.util.concurrent.ThreadPoolExecutor$Worker.run(ThreadPoolExecutor.java:624)
	... 1 more
Caused by: org.apache.ratis.thirdparty.io.netty.channel.AbstractChannel$AnnotatedConnectException: Connection refused: /192.168.36.122:40326
	at sun.nio.ch.SocketChannelImpl.checkConnect(Native Method)
	at sun.nio.ch.SocketChannelImpl.finishConnect(SocketChannelImpl.java:717)
	at org.apache.ratis.thirdparty.io.netty.channel.socket.nio.NioSocketChannel.doFinishConnect(NioSocketChannel.java:327)
	at org.apache.ratis.thirdparty.io.netty.channel.nio.AbstractNioChannel$AbstractNioUnsafe.finishConnect(AbstractNioChannel.java:340)
	at org.apache.ratis.thirdparty.io.netty.channel.nio.NioEventLoop.processSelectedKey(NioEventLoop.java:632)
	at org.apache.ratis.thirdparty.io.netty.channel.nio.NioEventLoop.processSelectedKeysOptimized(NioEventLoop.java:579)
	at org.apache.ratis.thirdparty.io.netty.channel.nio.NioEventLoop.processSelectedKeys(NioEventLoop.java:496)
	at org.apache.ratis.thirdparty.io.netty.channel.nio.NioEventLoop.run(NioEventLoop.java:458)
	at org.apache.ratis.thirdparty.io.netty.util.concurrent.SingleThreadEventExecutor$5.run(SingleThreadEventExecutor.java:897)
	at org.apache.ratis.thirdparty.io.netty.util.concurrent.FastThreadLocalRunnable.run(FastThreadLocalRunnable.java:30)
	... 1 more
Caused by: java.net.ConnectException: Connection refused
	... 11 more
2019-09-21 03:24:03,297 [3f34ee0a-5f1f-4899-a1d6-9aea1a91e47f@group-7024853660D2:LeaderElection81] INFO  impl.LeaderElection (LogUtils.java:infoOrTrace(149)) - 3f34ee0a-5f1f-4899-a1d6-9aea1a91e47f@group-7024853660D2:LeaderElection81 got exception when requesting votes: {}
java.util.concurrent.ExecutionException: org.apache.ratis.thirdparty.io.grpc.StatusRuntimeException: UNAVAILABLE: io exception
	at java.util.concurrent.FutureTask.report(FutureTask.java:122)
	at java.util.concurrent.FutureTask.get(FutureTask.java:192)
	at org.apache.ratis.server.impl.LeaderElection.waitForResults(LeaderElection.java:263)
	at org.apache.ratis.server.impl.LeaderElection.askForVotes(LeaderElection.java:201)
	at org.apache.ratis.server.impl.LeaderElection.run(LeaderElection.java:133)
	at java.lang.Thread.run(Thread.java:748)
Caused by: org.apache.ratis.thirdparty.io.grpc.StatusRuntimeException: UNAVAILABLE: io exception
	at org.apache.ratis.thirdparty.io.grpc.stub.ClientCalls.toStatusRuntimeException(ClientCalls.java:233)
	at org.apache.ratis.thirdparty.io.grpc.stub.ClientCalls.getUnchecked(ClientCalls.java:214)
	at org.apache.ratis.thirdparty.io.grpc.stub.ClientCalls.blockingUnaryCall(ClientCalls.java:139)
	at org.apache.ratis.proto.grpc.RaftServerProtocolServiceGrpc$RaftServerProtocolServiceBlockingStub.requestVote(RaftServerProtocolServiceGrpc.java:265)
	at org.apache.ratis.grpc.server.GrpcServerProtocolClient.requestVote(GrpcServerProtocolClient.java:90)
	at org.apache.ratis.grpc.server.GrpcService.requestVote(GrpcService.java:204)
	at org.apache.ratis.server.impl.LeaderElection.lambda$submitRequests$1(LeaderElection.java:238)
	at java.util.concurrent.FutureTask.run(FutureTask.java:266)
	at java.util.concurrent.Executors$RunnableAdapter.call(Executors.java:511)
	at java.util.concurrent.FutureTask.run(FutureTask.java:266)
	at java.util.concurrent.ThreadPoolExecutor.runWorker(ThreadPoolExecutor.java:1149)
	at java.util.concurrent.ThreadPoolExecutor$Worker.run(ThreadPoolExecutor.java:624)
	... 1 more
Caused by: org.apache.ratis.thirdparty.io.netty.channel.AbstractChannel$AnnotatedConnectException: Connection refused: /192.168.36.122:40326
	at sun.nio.ch.SocketChannelImpl.checkConnect(Native Method)
	at sun.nio.ch.SocketChannelImpl.finishConnect(SocketChannelImpl.java:717)
	at org.apache.ratis.thirdparty.io.netty.channel.socket.nio.NioSocketChannel.doFinishConnect(NioSocketChannel.java:327)
	at org.apache.ratis.thirdparty.io.netty.channel.nio.AbstractNioChannel$AbstractNioUnsafe.finishConnect(AbstractNioChannel.java:340)
	at org.apache.ratis.thirdparty.io.netty.channel.nio.NioEventLoop.processSelectedKey(NioEventLoop.java:632)
	at org.apache.ratis.thirdparty.io.netty.channel.nio.NioEventLoop.processSelectedKeysOptimized(NioEventLoop.java:579)
	at org.apache.ratis.thirdparty.io.netty.channel.nio.NioEventLoop.processSelectedKeys(NioEventLoop.java:496)
	at org.apache.ratis.thirdparty.io.netty.channel.nio.NioEventLoop.run(NioEventLoop.java:458)
	at org.apache.ratis.thirdparty.io.netty.util.concurrent.SingleThreadEventExecutor$5.run(SingleThreadEventExecutor.java:897)
	at org.apache.ratis.thirdparty.io.netty.util.concurrent.FastThreadLocalRunnable.run(FastThreadLocalRunnable.java:30)
	... 1 more
Caused by: java.net.ConnectException: Connection refused
	... 11 more
2019-09-21 03:24:03,305 [3f34ee0a-5f1f-4899-a1d6-9aea1a91e47f@group-7024853660D2:LeaderElection81] INFO  impl.LeaderElection (LeaderElection.java:logAndReturn(56)) - 3f34ee0a-5f1f-4899-a1d6-9aea1a91e47f@group-7024853660D2:LeaderElection81: Election REJECTED; received 1 response(s) [3f34ee0a-5f1f-4899-a1d6-9aea1a91e47f<-e0b13bb3-f106-4a40-bedd-a90450f34792#0:FAIL-t2] and 1 exception(s); 3f34ee0a-5f1f-4899-a1d6-9aea1a91e47f@group-7024853660D2:t2, leader=null, voted=3f34ee0a-5f1f-4899-a1d6-9aea1a91e47f, raftlog=3f34ee0a-5f1f-4899-a1d6-9aea1a91e47f@group-7024853660D2-SegmentedRaftLog:OPENED:c15,f15,i15, conf=0: [b760601b-20df-4ecf-8386-2afc7d1b8d1f:192.168.36.122:40326, 3f34ee0a-5f1f-4899-a1d6-9aea1a91e47f:192.168.36.122:38557, e0b13bb3-f106-4a40-bedd-a90450f34792:192.168.36.122:46354], old=null
2019-09-21 03:24:03,305 [e0b13bb3-f106-4a40-bedd-a90450f34792@group-7024853660D2:LeaderElection82] INFO  impl.LeaderElection (LeaderElection.java:logAndReturn(56)) - e0b13bb3-f106-4a40-bedd-a90450f34792@group-7024853660D2:LeaderElection82: Election REJECTED; received 1 response(s) [e0b13bb3-f106-4a40-bedd-a90450f34792<-3f34ee0a-5f1f-4899-a1d6-9aea1a91e47f#0:FAIL-t2] and 1 exception(s); e0b13bb3-f106-4a40-bedd-a90450f34792@group-7024853660D2:t2, leader=null, voted=e0b13bb3-f106-4a40-bedd-a90450f34792, raftlog=e0b13bb3-f106-4a40-bedd-a90450f34792@group-7024853660D2-SegmentedRaftLog:OPENED:c15,f15,i15, conf=0: [b760601b-20df-4ecf-8386-2afc7d1b8d1f:192.168.36.122:40326, 3f34ee0a-5f1f-4899-a1d6-9aea1a91e47f:192.168.36.122:38557, e0b13bb3-f106-4a40-bedd-a90450f34792:192.168.36.122:46354], old=null
2019-09-21 03:24:03,305 [3f34ee0a-5f1f-4899-a1d6-9aea1a91e47f@group-7024853660D2:LeaderElection81] INFO  impl.LeaderElection (LogUtils.java:infoOrTrace(149)) -   Exception 0: {}
java.util.concurrent.ExecutionException: org.apache.ratis.thirdparty.io.grpc.StatusRuntimeException: UNAVAILABLE: io exception
	at java.util.concurrent.FutureTask.report(FutureTask.java:122)
	at java.util.concurrent.FutureTask.get(FutureTask.java:192)
	at org.apache.ratis.server.impl.LeaderElection.waitForResults(LeaderElection.java:263)
	at org.apache.ratis.server.impl.LeaderElection.askForVotes(LeaderElection.java:201)
	at org.apache.ratis.server.impl.LeaderElection.run(LeaderElection.java:133)
	at java.lang.Thread.run(Thread.java:748)
Caused by: org.apache.ratis.thirdparty.io.grpc.StatusRuntimeException: UNAVAILABLE: io exception
	at org.apache.ratis.thirdparty.io.grpc.stub.ClientCalls.toStatusRuntimeException(ClientCalls.java:233)
	at org.apache.ratis.thirdparty.io.grpc.stub.ClientCalls.getUnchecked(ClientCalls.java:214)
	at org.apache.ratis.thirdparty.io.grpc.stub.ClientCalls.blockingUnaryCall(ClientCalls.java:139)
	at org.apache.ratis.proto.grpc.RaftServerProtocolServiceGrpc$RaftServerProtocolServiceBlockingStub.requestVote(RaftServerProtocolServiceGrpc.java:265)
	at org.apache.ratis.grpc.server.GrpcServerProtocolClient.requestVote(GrpcServerProtocolClient.java:90)
	at org.apache.ratis.grpc.server.GrpcService.requestVote(GrpcService.java:204)
	at org.apache.ratis.server.impl.LeaderElection.lambda$submitRequests$1(LeaderElection.java:238)
	at java.util.concurrent.FutureTask.run(FutureTask.java:266)
	at java.util.concurrent.Executors$RunnableAdapter.call(Executors.java:511)
	at java.util.concurrent.FutureTask.run(FutureTask.java:266)
	at java.util.concurrent.ThreadPoolExecutor.runWorker(ThreadPoolExecutor.java:1149)
	at java.util.concurrent.ThreadPoolExecutor$Worker.run(ThreadPoolExecutor.java:624)
	... 1 more
Caused by: org.apache.ratis.thirdparty.io.netty.channel.AbstractChannel$AnnotatedConnectException: Connection refused: /192.168.36.122:40326
	at sun.nio.ch.SocketChannelImpl.checkConnect(Native Method)
	at sun.nio.ch.SocketChannelImpl.finishConnect(SocketChannelImpl.java:717)
	at org.apache.ratis.thirdparty.io.netty.channel.socket.nio.NioSocketChannel.doFinishConnect(NioSocketChannel.java:327)
	at org.apache.ratis.thirdparty.io.netty.channel.nio.AbstractNioChannel$AbstractNioUnsafe.finishConnect(AbstractNioChannel.java:340)
	at org.apache.ratis.thirdparty.io.netty.channel.nio.NioEventLoop.processSelectedKey(NioEventLoop.java:632)
	at org.apache.ratis.thirdparty.io.netty.channel.nio.NioEventLoop.processSelectedKeysOptimized(NioEventLoop.java:579)
	at org.apache.ratis.thirdparty.io.netty.channel.nio.NioEventLoop.processSelectedKeys(NioEventLoop.java:496)
	at org.apache.ratis.thirdparty.io.netty.channel.nio.NioEventLoop.run(NioEventLoop.java:458)
	at org.apache.ratis.thirdparty.io.netty.util.concurrent.SingleThreadEventExecutor$5.run(SingleThreadEventExecutor.java:897)
	at org.apache.ratis.thirdparty.io.netty.util.concurrent.FastThreadLocalRunnable.run(FastThreadLocalRunnable.java:30)
	... 1 more
Caused by: java.net.ConnectException: Connection refused
	... 11 more
2019-09-21 03:24:03,305 [e0b13bb3-f106-4a40-bedd-a90450f34792@group-7024853660D2:LeaderElection82] INFO  impl.LeaderElection (LogUtils.java:infoOrTrace(149)) -   Exception 0: {}
java.util.concurrent.ExecutionException: org.apache.ratis.thirdparty.io.grpc.StatusRuntimeException: UNAVAILABLE: io exception
	at java.util.concurrent.FutureTask.report(FutureTask.java:122)
	at java.util.concurrent.FutureTask.get(FutureTask.java:192)
	at org.apache.ratis.server.impl.LeaderElection.waitForResults(LeaderElection.java:263)
	at org.apache.ratis.server.impl.LeaderElection.askForVotes(LeaderElection.java:201)
	at org.apache.ratis.server.impl.LeaderElection.run(LeaderElection.java:133)
	at java.lang.Thread.run(Thread.java:748)
Caused by: org.apache.ratis.thirdparty.io.grpc.StatusRuntimeException: UNAVAILABLE: io exception
	at org.apache.ratis.thirdparty.io.grpc.stub.ClientCalls.toStatusRuntimeException(ClientCalls.java:233)
	at org.apache.ratis.thirdparty.io.grpc.stub.ClientCalls.getUnchecked(ClientCalls.java:214)
	at org.apache.ratis.thirdparty.io.grpc.stub.ClientCalls.blockingUnaryCall(ClientCalls.java:139)
	at org.apache.ratis.proto.grpc.RaftServerProtocolServiceGrpc$RaftServerProtocolServiceBlockingStub.requestVote(RaftServerProtocolServiceGrpc.java:265)
	at org.apache.ratis.grpc.server.GrpcServerProtocolClient.requestVote(GrpcServerProtocolClient.java:90)
	at org.apache.ratis.grpc.server.GrpcService.requestVote(GrpcService.java:204)
	at org.apache.ratis.server.impl.LeaderElection.lambda$submitRequests$1(LeaderElection.java:238)
	at java.util.concurrent.FutureTask.run(FutureTask.java:266)
	at java.util.concurrent.Executors$RunnableAdapter.call(Executors.java:511)
	at java.util.concurrent.FutureTask.run(FutureTask.java:266)
	at java.util.concurrent.ThreadPoolExecutor.runWorker(ThreadPoolExecutor.java:1149)
	at java.util.concurrent.ThreadPoolExecutor$Worker.run(ThreadPoolExecutor.java:624)
	... 1 more
Caused by: org.apache.ratis.thirdparty.io.netty.channel.AbstractChannel$AnnotatedConnectException: Connection refused: /192.168.36.122:40326
	at sun.nio.ch.SocketChannelImpl.checkConnect(Native Method)
	at sun.nio.ch.SocketChannelImpl.finishConnect(SocketChannelImpl.java:717)
	at org.apache.ratis.thirdparty.io.netty.channel.socket.nio.NioSocketChannel.doFinishConnect(NioSocketChannel.java:327)
	at org.apache.ratis.thirdparty.io.netty.channel.nio.AbstractNioChannel$AbstractNioUnsafe.finishConnect(AbstractNioChannel.java:340)
	at org.apache.ratis.thirdparty.io.netty.channel.nio.NioEventLoop.processSelectedKey(NioEventLoop.java:632)
	at org.apache.ratis.thirdparty.io.netty.channel.nio.NioEventLoop.processSelectedKeysOptimized(NioEventLoop.java:579)
	at org.apache.ratis.thirdparty.io.netty.channel.nio.NioEventLoop.processSelectedKeys(NioEventLoop.java:496)
	at org.apache.ratis.thirdparty.io.netty.channel.nio.NioEventLoop.run(NioEventLoop.java:458)
	at org.apache.ratis.thirdparty.io.netty.util.concurrent.SingleThreadEventExecutor$5.run(SingleThreadEventExecutor.java:897)
	at org.apache.ratis.thirdparty.io.netty.util.concurrent.FastThreadLocalRunnable.run(FastThreadLocalRunnable.java:30)
	... 1 more
Caused by: java.net.ConnectException: Connection refused
	... 11 more
2019-09-21 03:24:03,310 [3f34ee0a-5f1f-4899-a1d6-9aea1a91e47f@group-7024853660D2:LeaderElection81] INFO  impl.RaftServerImpl (RaftServerImpl.java:setRole(174)) - 3f34ee0a-5f1f-4899-a1d6-9aea1a91e47f@group-7024853660D2: changes role from CANDIDATE to FOLLOWER at term 2 for DISCOVERED_A_NEW_TERM
2019-09-21 03:24:03,311 [e0b13bb3-f106-4a40-bedd-a90450f34792@group-7024853660D2:LeaderElection82] INFO  impl.RaftServerImpl (RaftServerImpl.java:setRole(174)) - e0b13bb3-f106-4a40-bedd-a90450f34792@group-7024853660D2: changes role from CANDIDATE to FOLLOWER at term 2 for DISCOVERED_A_NEW_TERM
2019-09-21 03:24:03,311 [3f34ee0a-5f1f-4899-a1d6-9aea1a91e47f@group-7024853660D2:LeaderElection81] INFO  impl.RoleInfo (RoleInfo.java:shutdownLeaderElection(134)) - 3f34ee0a-5f1f-4899-a1d6-9aea1a91e47f: shutdown LeaderElection
2019-09-21 03:24:03,311 [e0b13bb3-f106-4a40-bedd-a90450f34792@group-7024853660D2:LeaderElection82] INFO  impl.RoleInfo (RoleInfo.java:shutdownLeaderElection(134)) - e0b13bb3-f106-4a40-bedd-a90450f34792: shutdown LeaderElection
2019-09-21 03:24:03,311 [3f34ee0a-5f1f-4899-a1d6-9aea1a91e47f@group-7024853660D2:LeaderElection81] INFO  impl.RoleInfo (RoleInfo.java:updateAndGet(143)) - 3f34ee0a-5f1f-4899-a1d6-9aea1a91e47f: start FollowerState
2019-09-21 03:24:03,311 [e0b13bb3-f106-4a40-bedd-a90450f34792@group-7024853660D2:LeaderElection82] INFO  impl.RoleInfo (RoleInfo.java:updateAndGet(143)) - e0b13bb3-f106-4a40-bedd-a90450f34792: start FollowerState
2019-09-21 03:24:08,389 [Thread-3139] INFO  impl.FollowerState (FollowerState.java:run(106)) - e0b13bb3-f106-4a40-bedd-a90450f34792:group-7024853660D2 changes to CANDIDATE, lastRpcTime:5077, electionTimeout:5077ms
2019-09-21 03:24:08,389 [Thread-3139] INFO  impl.RoleInfo (RoleInfo.java:shutdownFollowerState(121)) - e0b13bb3-f106-4a40-bedd-a90450f34792: shutdown FollowerState
2019-09-21 03:24:08,389 [Thread-3139] INFO  impl.RaftServerImpl (RaftServerImpl.java:setRole(174)) - e0b13bb3-f106-4a40-bedd-a90450f34792@group-7024853660D2: changes role from  FOLLOWER to CANDIDATE at term 2 for changeToCandidate
2019-09-21 03:24:08,390 [Thread-3139] INFO  impl.RoleInfo (RoleInfo.java:updateAndGet(143)) - e0b13bb3-f106-4a40-bedd-a90450f34792: start LeaderElection
2019-09-21 03:24:08,413 [e0b13bb3-f106-4a40-bedd-a90450f34792@group-7024853660D2:LeaderElection83] INFO  impl.LeaderElection (LeaderElection.java:askForVotes(182)) - e0b13bb3-f106-4a40-bedd-a90450f34792@group-7024853660D2:LeaderElection83: begin an election at term 3 for 0: [b760601b-20df-4ecf-8386-2afc7d1b8d1f:192.168.36.122:40326, 3f34ee0a-5f1f-4899-a1d6-9aea1a91e47f:192.168.36.122:38557, e0b13bb3-f106-4a40-bedd-a90450f34792:192.168.36.122:46354], old=null
2019-09-21 03:24:08,414 [e0b13bb3-f106-4a40-bedd-a90450f34792@group-7024853660D2:LeaderElection83] INFO  impl.LeaderElection (LogUtils.java:infoOrTrace(149)) - e0b13bb3-f106-4a40-bedd-a90450f34792@group-7024853660D2:LeaderElection83 got exception when requesting votes: {}
java.util.concurrent.ExecutionException: org.apache.ratis.thirdparty.io.grpc.StatusRuntimeException: UNAVAILABLE: io exception
	at java.util.concurrent.FutureTask.report(FutureTask.java:122)
	at java.util.concurrent.FutureTask.get(FutureTask.java:192)
	at org.apache.ratis.server.impl.LeaderElection.waitForResults(LeaderElection.java:263)
	at org.apache.ratis.server.impl.LeaderElection.askForVotes(LeaderElection.java:201)
	at org.apache.ratis.server.impl.LeaderElection.run(LeaderElection.java:133)
	at java.lang.Thread.run(Thread.java:748)
Caused by: org.apache.ratis.thirdparty.io.grpc.StatusRuntimeException: UNAVAILABLE: io exception
	at org.apache.ratis.thirdparty.io.grpc.stub.ClientCalls.toStatusRuntimeException(ClientCalls.java:233)
	at org.apache.ratis.thirdparty.io.grpc.stub.ClientCalls.getUnchecked(ClientCalls.java:214)
	at org.apache.ratis.thirdparty.io.grpc.stub.ClientCalls.blockingUnaryCall(ClientCalls.java:139)
	at org.apache.ratis.proto.grpc.RaftServerProtocolServiceGrpc$RaftServerProtocolServiceBlockingStub.requestVote(RaftServerProtocolServiceGrpc.java:265)
	at org.apache.ratis.grpc.server.GrpcServerProtocolClient.requestVote(GrpcServerProtocolClient.java:90)
	at org.apache.ratis.grpc.server.GrpcService.requestVote(GrpcService.java:204)
	at org.apache.ratis.server.impl.LeaderElection.lambda$submitRequests$1(LeaderElection.java:238)
	at java.util.concurrent.FutureTask.run(FutureTask.java:266)
	at java.util.concurrent.Executors$RunnableAdapter.call(Executors.java:511)
	at java.util.concurrent.FutureTask.run(FutureTask.java:266)
	at java.util.concurrent.ThreadPoolExecutor.runWorker(ThreadPoolExecutor.java:1149)
	at java.util.concurrent.ThreadPoolExecutor$Worker.run(ThreadPoolExecutor.java:624)
	... 1 more
Caused by: org.apache.ratis.thirdparty.io.netty.channel.AbstractChannel$AnnotatedConnectException: Connection refused: /192.168.36.122:40326
	at sun.nio.ch.SocketChannelImpl.checkConnect(Native Method)
	at sun.nio.ch.SocketChannelImpl.finishConnect(SocketChannelImpl.java:717)
	at org.apache.ratis.thirdparty.io.netty.channel.socket.nio.NioSocketChannel.doFinishConnect(NioSocketChannel.java:327)
	at org.apache.ratis.thirdparty.io.netty.channel.nio.AbstractNioChannel$AbstractNioUnsafe.finishConnect(AbstractNioChannel.java:340)
	at org.apache.ratis.thirdparty.io.netty.channel.nio.NioEventLoop.processSelectedKey(NioEventLoop.java:632)
	at org.apache.ratis.thirdparty.io.netty.channel.nio.NioEventLoop.processSelectedKeysOptimized(NioEventLoop.java:579)
	at org.apache.ratis.thirdparty.io.netty.channel.nio.NioEventLoop.processSelectedKeys(NioEventLoop.java:496)
	at org.apache.ratis.thirdparty.io.netty.channel.nio.NioEventLoop.run(NioEventLoop.java:458)
	at org.apache.ratis.thirdparty.io.netty.util.concurrent.SingleThreadEventExecutor$5.run(SingleThreadEventExecutor.java:897)
	at org.apache.ratis.thirdparty.io.netty.util.concurrent.FastThreadLocalRunnable.run(FastThreadLocalRunnable.java:30)
	... 1 more
Caused by: java.net.ConnectException: Connection refused
	... 11 more
2019-09-21 03:24:08,419 [grpc-default-executor-12] INFO  impl.RaftServerImpl (RaftServerImpl.java:setRole(174)) - 3f34ee0a-5f1f-4899-a1d6-9aea1a91e47f@group-7024853660D2: changes role from  FOLLOWER to FOLLOWER at term 3 for recognizeCandidate:e0b13bb3-f106-4a40-bedd-a90450f34792
2019-09-21 03:24:08,419 [grpc-default-executor-12] INFO  impl.RoleInfo (RoleInfo.java:shutdownFollowerState(121)) - 3f34ee0a-5f1f-4899-a1d6-9aea1a91e47f: shutdown FollowerState
2019-09-21 03:24:08,419 [grpc-default-executor-12] INFO  impl.RoleInfo (RoleInfo.java:updateAndGet(143)) - 3f34ee0a-5f1f-4899-a1d6-9aea1a91e47f: start FollowerState
2019-09-21 03:24:08,419 [Thread-3138] INFO  impl.FollowerState (FollowerState.java:run(115)) - 3f34ee0a-5f1f-4899-a1d6-9aea1a91e47f: FollowerState was interrupted: java.lang.InterruptedException: sleep interrupted
2019-09-21 03:24:08,438 [e0b13bb3-f106-4a40-bedd-a90450f34792@group-7024853660D2:LeaderElection83] INFO  impl.LeaderElection (LeaderElection.java:logAndReturn(56)) - e0b13bb3-f106-4a40-bedd-a90450f34792@group-7024853660D2:LeaderElection83: Election PASSED; received 1 response(s) [e0b13bb3-f106-4a40-bedd-a90450f34792<-3f34ee0a-5f1f-4899-a1d6-9aea1a91e47f#0:OK-t3] and 1 exception(s); e0b13bb3-f106-4a40-bedd-a90450f34792@group-7024853660D2:t3, leader=null, voted=e0b13bb3-f106-4a40-bedd-a90450f34792, raftlog=e0b13bb3-f106-4a40-bedd-a90450f34792@group-7024853660D2-SegmentedRaftLog:OPENED:c15,f15,i15, conf=0: [b760601b-20df-4ecf-8386-2afc7d1b8d1f:192.168.36.122:40326, 3f34ee0a-5f1f-4899-a1d6-9aea1a91e47f:192.168.36.122:38557, e0b13bb3-f106-4a40-bedd-a90450f34792:192.168.36.122:46354], old=null
2019-09-21 03:24:08,438 [e0b13bb3-f106-4a40-bedd-a90450f34792@group-7024853660D2:LeaderElection83] INFO  impl.LeaderElection (LogUtils.java:infoOrTrace(149)) -   Exception 0: {}
java.util.concurrent.ExecutionException: org.apache.ratis.thirdparty.io.grpc.StatusRuntimeException: UNAVAILABLE: io exception
	at java.util.concurrent.FutureTask.report(FutureTask.java:122)
	at java.util.concurrent.FutureTask.get(FutureTask.java:192)
	at org.apache.ratis.server.impl.LeaderElection.waitForResults(LeaderElection.java:263)
	at org.apache.ratis.server.impl.LeaderElection.askForVotes(LeaderElection.java:201)
	at org.apache.ratis.server.impl.LeaderElection.run(LeaderElection.java:133)
	at java.lang.Thread.run(Thread.java:748)
Caused by: org.apache.ratis.thirdparty.io.grpc.StatusRuntimeException: UNAVAILABLE: io exception
	at org.apache.ratis.thirdparty.io.grpc.stub.ClientCalls.toStatusRuntimeException(ClientCalls.java:233)
	at org.apache.ratis.thirdparty.io.grpc.stub.ClientCalls.getUnchecked(ClientCalls.java:214)
	at org.apache.ratis.thirdparty.io.grpc.stub.ClientCalls.blockingUnaryCall(ClientCalls.java:139)
	at org.apache.ratis.proto.grpc.RaftServerProtocolServiceGrpc$RaftServerProtocolServiceBlockingStub.requestVote(RaftServerProtocolServiceGrpc.java:265)
	at org.apache.ratis.grpc.server.GrpcServerProtocolClient.requestVote(GrpcServerProtocolClient.java:90)
	at org.apache.ratis.grpc.server.GrpcService.requestVote(GrpcService.java:204)
	at org.apache.ratis.server.impl.LeaderElection.lambda$submitRequests$1(LeaderElection.java:238)
	at java.util.concurrent.FutureTask.run(FutureTask.java:266)
	at java.util.concurrent.Executors$RunnableAdapter.call(Executors.java:511)
	at java.util.concurrent.FutureTask.run(FutureTask.java:266)
	at java.util.concurrent.ThreadPoolExecutor.runWorker(ThreadPoolExecutor.java:1149)
	at java.util.concurrent.ThreadPoolExecutor$Worker.run(ThreadPoolExecutor.java:624)
	... 1 more
Caused by: org.apache.ratis.thirdparty.io.netty.channel.AbstractChannel$AnnotatedConnectException: Connection refused: /192.168.36.122:40326
	at sun.nio.ch.SocketChannelImpl.checkConnect(Native Method)
	at sun.nio.ch.SocketChannelImpl.finishConnect(SocketChannelImpl.java:717)
	at org.apache.ratis.thirdparty.io.netty.channel.socket.nio.NioSocketChannel.doFinishConnect(NioSocketChannel.java:327)
	at org.apache.ratis.thirdparty.io.netty.channel.nio.AbstractNioChannel$AbstractNioUnsafe.finishConnect(AbstractNioChannel.java:340)
	at org.apache.ratis.thirdparty.io.netty.channel.nio.NioEventLoop.processSelectedKey(NioEventLoop.java:632)
	at org.apache.ratis.thirdparty.io.netty.channel.nio.NioEventLoop.processSelectedKeysOptimized(NioEventLoop.java:579)
	at org.apache.ratis.thirdparty.io.netty.channel.nio.NioEventLoop.processSelectedKeys(NioEventLoop.java:496)
	at org.apache.ratis.thirdparty.io.netty.channel.nio.NioEventLoop.run(NioEventLoop.java:458)
	at org.apache.ratis.thirdparty.io.netty.util.concurrent.SingleThreadEventExecutor$5.run(SingleThreadEventExecutor.java:897)
	at org.apache.ratis.thirdparty.io.netty.util.concurrent.FastThreadLocalRunnable.run(FastThreadLocalRunnable.java:30)
	... 1 more
Caused by: java.net.ConnectException: Connection refused
	... 11 more
2019-09-21 03:24:08,438 [e0b13bb3-f106-4a40-bedd-a90450f34792@group-7024853660D2:LeaderElection83] INFO  impl.RoleInfo (RoleInfo.java:shutdownLeaderElection(134)) - e0b13bb3-f106-4a40-bedd-a90450f34792: shutdown LeaderElection
2019-09-21 03:24:08,438 [e0b13bb3-f106-4a40-bedd-a90450f34792@group-7024853660D2:LeaderElection83] INFO  impl.RaftServerImpl (RaftServerImpl.java:setRole(174)) - e0b13bb3-f106-4a40-bedd-a90450f34792@group-7024853660D2: changes role from CANDIDATE to LEADER at term 3 for changeToLeader
2019-09-21 03:24:08,438 [e0b13bb3-f106-4a40-bedd-a90450f34792@group-7024853660D2:LeaderElection83] INFO  impl.RaftServerImpl (ServerState.java:setLeader(253)) - e0b13bb3-f106-4a40-bedd-a90450f34792@group-7024853660D2: change Leader from null to e0b13bb3-f106-4a40-bedd-a90450f34792 at term 3 for becomeLeader, leader elected after 5170ms
2019-09-21 03:24:08,438 [e0b13bb3-f106-4a40-bedd-a90450f34792@group-7024853660D2:LeaderElection83] INFO  server.RaftServerConfigKeys (ConfUtils.java:logGet(43)) - raft.server.staging.catchup.gap = 1000 (default)
2019-09-21 03:24:08,439 [e0b13bb3-f106-4a40-bedd-a90450f34792@group-7024853660D2:LeaderElection83] INFO  server.RaftServerConfigKeys (ConfUtils.java:logGet(43)) - raft.server.rpc.sleep.time = 25ms (default)
2019-09-21 03:24:08,439 [e0b13bb3-f106-4a40-bedd-a90450f34792@group-7024853660D2:LeaderElection83] INFO  server.RaftServerConfigKeys (ConfUtils.java:logGet(43)) - raft.server.write.element-limit = 4096 (default)
2019-09-21 03:24:08,439 [e0b13bb3-f106-4a40-bedd-a90450f34792@group-7024853660D2:LeaderElection83] INFO  server.RaftServerConfigKeys (ConfUtils.java:logGet(43)) - raft.server.watch.timeout = 10s (default)
2019-09-21 03:24:08,439 [e0b13bb3-f106-4a40-bedd-a90450f34792@group-7024853660D2:LeaderElection83] INFO  server.RaftServerConfigKeys (ConfUtils.java:logGet(43)) - raft.server.watch.timeout.denomination = 1s (default)
2019-09-21 03:24:08,439 [e0b13bb3-f106-4a40-bedd-a90450f34792@group-7024853660D2:LeaderElection83] INFO  server.RaftServerConfigKeys (ConfUtils.java:logGet(43)) - raft.server.watch.element-limit = 65536 (default)
2019-09-21 03:24:08,441 [e0b13bb3-f106-4a40-bedd-a90450f34792@group-7024853660D2:LeaderElection83] INFO  server.RaftServerConfigKeys (ConfUtils.java:logGet(43)) - raft.server.log.appender.snapshot.chunk.size.max = 16MB (=16777216) (default)
2019-09-21 03:24:08,441 [e0b13bb3-f106-4a40-bedd-a90450f34792@group-7024853660D2:LeaderElection83] INFO  server.RaftServerConfigKeys (ConfUtils.java:logGet(43)) - raft.server.log.appender.buffer.byte-limit = 33554432 (custom)
2019-09-21 03:24:08,441 [e0b13bb3-f106-4a40-bedd-a90450f34792@group-7024853660D2:LeaderElection83] INFO  server.RaftServerConfigKeys (ConfUtils.java:logGet(43)) - raft.server.log.appender.buffer.element-limit = 1 (custom)
2019-09-21 03:24:08,442 [e0b13bb3-f106-4a40-bedd-a90450f34792@group-7024853660D2:LeaderElection83] INFO  grpc.GrpcConfigKeys$Server (ConfUtils.java:logGet(43)) - raft.grpc.server.leader.outstanding.appends.max = 128 (default)
2019-09-21 03:24:08,442 [e0b13bb3-f106-4a40-bedd-a90450f34792@group-7024853660D2:LeaderElection83] INFO  server.RaftServerConfigKeys (ConfUtils.java:logGet(43)) - raft.server.rpc.request.timeout = 3000ms (default)
2019-09-21 03:24:08,442 [e0b13bb3-f106-4a40-bedd-a90450f34792@group-7024853660D2:LeaderElection83] INFO  server.RaftServerConfigKeys (ConfUtils.java:logGet(43)) - raft.server.log.appender.install.snapshot.enabled = false (custom)
2019-09-21 03:24:08,442 [e0b13bb3-f106-4a40-bedd-a90450f34792@group-7024853660D2:LeaderElection83] INFO  server.RaftServerConfigKeys (ConfUtils.java:logGet(43)) - raft.server.log.appender.snapshot.chunk.size.max = 16MB (=16777216) (default)
2019-09-21 03:24:08,442 [e0b13bb3-f106-4a40-bedd-a90450f34792@group-7024853660D2:LeaderElection83] INFO  server.RaftServerConfigKeys (ConfUtils.java:logGet(43)) - raft.server.log.appender.buffer.byte-limit = 33554432 (custom)
2019-09-21 03:24:08,442 [e0b13bb3-f106-4a40-bedd-a90450f34792@group-7024853660D2:LeaderElection83] INFO  server.RaftServerConfigKeys (ConfUtils.java:logGet(43)) - raft.server.log.appender.buffer.element-limit = 1 (custom)
2019-09-21 03:24:08,442 [e0b13bb3-f106-4a40-bedd-a90450f34792@group-7024853660D2:LeaderElection83] INFO  grpc.GrpcConfigKeys$Server (ConfUtils.java:logGet(43)) - raft.grpc.server.leader.outstanding.appends.max = 128 (default)
2019-09-21 03:24:08,442 [e0b13bb3-f106-4a40-bedd-a90450f34792@group-7024853660D2:LeaderElection83] INFO  server.RaftServerConfigKeys (ConfUtils.java:logGet(43)) - raft.server.rpc.request.timeout = 3000ms (default)
2019-09-21 03:24:08,443 [e0b13bb3-f106-4a40-bedd-a90450f34792@group-7024853660D2:LeaderElection83] INFO  server.RaftServerConfigKeys (ConfUtils.java:logGet(43)) - raft.server.log.appender.install.snapshot.enabled = false (custom)
2019-09-21 03:24:08,443 [e0b13bb3-f106-4a40-bedd-a90450f34792@group-7024853660D2:LeaderElection83] INFO  impl.RoleInfo (RoleInfo.java:updateAndGet(143)) - e0b13bb3-f106-4a40-bedd-a90450f34792: start LeaderState
2019-09-21 03:24:08,443 [e0b13bb3-f106-4a40-bedd-a90450f34792@group-7024853660D2:LeaderElection83] INFO  segmented.SegmentedRaftLogWorker (SegmentedRaftLogWorker.java:rollLogSegment(385)) - e0b13bb3-f106-4a40-bedd-a90450f34792@group-7024853660D2-SegmentedRaftLogWorker: Rolling segment log-0_15 to index:15
2019-09-21 03:24:08,444 [e0b13bb3-f106-4a40-bedd-a90450f34792@group-7024853660D2:LeaderElection83] INFO  impl.RaftServerImpl (ServerState.java:setRaftConf(354)) - e0b13bb3-f106-4a40-bedd-a90450f34792@group-7024853660D2: set configuration 16: [b760601b-20df-4ecf-8386-2afc7d1b8d1f:192.168.36.122:40326, 3f34ee0a-5f1f-4899-a1d6-9aea1a91e47f:192.168.36.122:38557, e0b13bb3-f106-4a40-bedd-a90450f34792:192.168.36.122:46354], old=null at 16
2019-09-21 03:24:08,444 [e0b13bb3-f106-4a40-bedd-a90450f34792@group-7024853660D2-SegmentedRaftLogWorker] INFO  segmented.SegmentedRaftLogWorker (SegmentedRaftLogWorker.java:execute(526)) - e0b13bb3-f106-4a40-bedd-a90450f34792@group-7024853660D2-SegmentedRaftLogWorker: Rolled log segment from /workdir/hadoop-ozone/integration-test/target/test-dir/MiniOzoneClusterImpl-cae1a81b-9ca5-4f12-9003-0d2cd477a7a0/datanode-2/data/ratis/b7a7eea1-dff5-4f30-97ad-7024853660d2/current/log_inprogress_0 to /workdir/hadoop-ozone/integration-test/target/test-dir/MiniOzoneClusterImpl-cae1a81b-9ca5-4f12-9003-0d2cd477a7a0/datanode-2/data/ratis/b7a7eea1-dff5-4f30-97ad-7024853660d2/current/log_0-15
2019-09-21 03:24:08,447 [grpc-default-executor-12] WARN  server.GrpcLogAppender (LogUtils.java:warn(134)) - e0b13bb3-f106-4a40-bedd-a90450f34792@group-7024853660D2->b760601b-20df-4ecf-8386-2afc7d1b8d1f-AppendLogResponseHandler: Failed appendEntries: org.apache.ratis.thirdparty.io.grpc.StatusRuntimeException: UNAVAILABLE: io exception
2019-09-21 03:24:08,447 [grpc-default-executor-12] INFO  impl.FollowerInfo (FollowerInfo.java:lambda$new$0(51)) - e0b13bb3-f106-4a40-bedd-a90450f34792@group-7024853660D2->b760601b-20df-4ecf-8386-2afc7d1b8d1f: nextIndex: updateUnconditionally 16 -> 1
2019-09-21 03:24:08,447 [grpc-default-executor-4] INFO  impl.RaftServerImpl (ServerState.java:setLeader(253)) - 3f34ee0a-5f1f-4899-a1d6-9aea1a91e47f@group-7024853660D2: change Leader from null to e0b13bb3-f106-4a40-bedd-a90450f34792 at term 3 for appendEntries, leader elected after 5183ms
2019-09-21 03:24:08,476 [grpc-default-executor-4] INFO  impl.RaftServerImpl (ServerState.java:setRaftConf(354)) - 3f34ee0a-5f1f-4899-a1d6-9aea1a91e47f@group-7024853660D2: set configuration 16: [b760601b-20df-4ecf-8386-2afc7d1b8d1f:192.168.36.122:40326, 3f34ee0a-5f1f-4899-a1d6-9aea1a91e47f:192.168.36.122:38557, e0b13bb3-f106-4a40-bedd-a90450f34792:192.168.36.122:46354], old=null at 16
2019-09-21 03:24:08,476 [grpc-default-executor-4] INFO  segmented.SegmentedRaftLogWorker (SegmentedRaftLogWorker.java:rollLogSegment(385)) - 3f34ee0a-5f1f-4899-a1d6-9aea1a91e47f@group-7024853660D2-SegmentedRaftLogWorker: Rolling segment log-0_15 to index:15
2019-09-21 03:24:08,477 [3f34ee0a-5f1f-4899-a1d6-9aea1a91e47f@group-7024853660D2-SegmentedRaftLogWorker] INFO  segmented.SegmentedRaftLogWorker (SegmentedRaftLogWorker.java:execute(526)) - 3f34ee0a-5f1f-4899-a1d6-9aea1a91e47f@group-7024853660D2-SegmentedRaftLogWorker: Rolled log segment from /workdir/hadoop-ozone/integration-test/target/test-dir/MiniOzoneClusterImpl-cae1a81b-9ca5-4f12-9003-0d2cd477a7a0/datanode-0/data/ratis/b7a7eea1-dff5-4f30-97ad-7024853660d2/current/log_inprogress_0 to /workdir/hadoop-ozone/integration-test/target/test-dir/MiniOzoneClusterImpl-cae1a81b-9ca5-4f12-9003-0d2cd477a7a0/datanode-0/data/ratis/b7a7eea1-dff5-4f30-97ad-7024853660d2/current/log_0-15
2019-09-21 03:24:08,505 [e0b13bb3-f106-4a40-bedd-a90450f34792@group-7024853660D2-SegmentedRaftLogWorker] INFO  segmented.SegmentedRaftLogWorker (SegmentedRaftLogWorker.java:execute(569)) - e0b13bb3-f106-4a40-bedd-a90450f34792@group-7024853660D2-SegmentedRaftLogWorker: created new log segment /workdir/hadoop-ozone/integration-test/target/test-dir/MiniOzoneClusterImpl-cae1a81b-9ca5-4f12-9003-0d2cd477a7a0/datanode-2/data/ratis/b7a7eea1-dff5-4f30-97ad-7024853660d2/current/log_inprogress_16
2019-09-21 03:24:08,518 [3f34ee0a-5f1f-4899-a1d6-9aea1a91e47f@group-7024853660D2-SegmentedRaftLogWorker] INFO  segmented.SegmentedRaftLogWorker (SegmentedRaftLogWorker.java:execute(569)) - 3f34ee0a-5f1f-4899-a1d6-9aea1a91e47f@group-7024853660D2-SegmentedRaftLogWorker: created new log segment /workdir/hadoop-ozone/integration-test/target/test-dir/MiniOzoneClusterImpl-cae1a81b-9ca5-4f12-9003-0d2cd477a7a0/datanode-0/data/ratis/b7a7eea1-dff5-4f30-97ad-7024853660d2/current/log_inprogress_16
2019-09-21 03:24:08,538 [grpc-default-executor-7] WARN  server.GrpcLogAppender (LogUtils.java:warn(134)) - e0b13bb3-f106-4a40-bedd-a90450f34792@group-7024853660D2->b760601b-20df-4ecf-8386-2afc7d1b8d1f-AppendLogResponseHandler: Failed appendEntries: org.apache.ratis.thirdparty.io.grpc.StatusRuntimeException: UNAVAILABLE: io exception
2019-09-21 03:24:08,539 [grpc-default-executor-7] INFO  impl.FollowerInfo (FollowerInfo.java:lambda$new$0(51)) - e0b13bb3-f106-4a40-bedd-a90450f34792@group-7024853660D2->b760601b-20df-4ecf-8386-2afc7d1b8d1f: nextIndex: updateUnconditionally 2 -> 1
2019-09-21 03:24:08,547 [grpc-default-executor-4] WARN  server.GrpcLogAppender (LogUtils.java:warn(134)) - e0b13bb3-f106-4a40-bedd-a90450f34792@group-7024853660D2->b760601b-20df-4ecf-8386-2afc7d1b8d1f-AppendLogResponseHandler: Failed appendEntries: org.apache.ratis.thirdparty.io.grpc.StatusRuntimeException: UNAVAILABLE: io exception
2019-09-21 03:24:08,547 [grpc-default-executor-4] INFO  impl.FollowerInfo (FollowerInfo.java:lambda$new$0(51)) - e0b13bb3-f106-4a40-bedd-a90450f34792@group-7024853660D2->b760601b-20df-4ecf-8386-2afc7d1b8d1f: nextIndex: updateUnconditionally 2 -> 1
03:24:10.109 [grpc-default-executor-7] ERROR DNAudit - user=null | ip=null | op=WRITE_CHUNK {blockData=conID: 1 locID: 102828357934514189 bcsId: 13} | ret=FAILURE
org.apache.hadoop.hdds.scm.container.common.helpers.ContainerNotOpenException: Container 1 in CLOSING state
	at org.apache.hadoop.ozone.container.common.impl.HddsDispatcher.validateContainerCommand(HddsDispatcher.java:434) ~[hadoop-hdds-container-service-0.5.0-SNAPSHOT.jar:?]
	at org.apache.hadoop.ozone.container.common.transport.server.ratis.ContainerStateMachine.startTransaction(ContainerStateMachine.java:315) ~[hadoop-hdds-container-service-0.5.0-SNAPSHOT.jar:?]
	at org.apache.ratis.server.impl.RaftServerImpl.submitClientRequestAsync(RaftServerImpl.java:573) ~[ratis-server-0.4.0.jar:0.4.0]
	at org.apache.ratis.server.impl.RaftServerProxy.lambda$submitClientRequestAsync$7(RaftServerProxy.java:333) ~[ratis-server-0.4.0.jar:0.4.0]
	at org.apache.ratis.server.impl.RaftServerProxy.lambda$null$5(RaftServerProxy.java:328) ~[ratis-server-0.4.0.jar:0.4.0]
	at org.apache.ratis.util.JavaUtils.callAsUnchecked(JavaUtils.java:109) ~[ratis-common-0.4.0.jar:0.4.0]
	at org.apache.ratis.server.impl.RaftServerProxy.lambda$submitRequest$6(RaftServerProxy.java:328) ~[ratis-server-0.4.0.jar:0.4.0]
	at java.util.concurrent.CompletableFuture.uniComposeStage(CompletableFuture.java:981) ~[?:1.8.0_212]
	at java.util.concurrent.CompletableFuture.thenCompose(CompletableFuture.java:2124) ~[?:1.8.0_212]
	at org.apache.ratis.server.impl.RaftServerProxy.submitRequest(RaftServerProxy.java:327) ~[ratis-server-0.4.0.jar:0.4.0]
	at org.apache.ratis.server.impl.RaftServerProxy.submitClientRequestAsync(RaftServerProxy.java:333) ~[ratis-server-0.4.0.jar:0.4.0]
	at org.apache.ratis.grpc.client.GrpcClientProtocolService$RequestStreamObserver.processClientRequest(GrpcClientProtocolService.java:220) ~[ratis-grpc-0.4.0.jar:0.4.0]
	at org.apache.ratis.grpc.client.GrpcClientProtocolService$OrderedRequestStreamObserver.processClientRequest(GrpcClientProtocolService.java:326) ~[ratis-grpc-0.4.0.jar:0.4.0]
	at org.apache.ratis.util.SlidingWindow$Server.processRequestsFromHead(SlidingWindow.java:429) [ratis-common-0.4.0.jar:0.4.0]
	at org.apache.ratis.util.SlidingWindow$Server.receivedRequest(SlidingWindow.java:421) [ratis-common-0.4.0.jar:0.4.0]
	at org.apache.ratis.grpc.client.GrpcClientProtocolService$OrderedRequestStreamObserver.processClientRequest(GrpcClientProtocolService.java:345) [ratis-grpc-0.4.0.jar:0.4.0]
	at org.apache.ratis.grpc.client.GrpcClientProtocolService$RequestStreamObserver.onNext(GrpcClientProtocolService.java:240) [ratis-grpc-0.4.0.jar:0.4.0]
	at org.apache.ratis.grpc.client.GrpcClientProtocolService$RequestStreamObserver.onNext(GrpcClientProtocolService.java:168) [ratis-grpc-0.4.0.jar:0.4.0]
	at org.apache.ratis.thirdparty.io.grpc.stub.ServerCalls$StreamingServerCallHandler$StreamingServerCallListener.onMessage(ServerCalls.java:248) [ratis-thirdparty-misc-0.2.0.jar:0.2.0]
	at org.apache.ratis.thirdparty.io.grpc.internal.ServerCallImpl$ServerStreamListenerImpl.messagesAvailable(ServerCallImpl.java:263) [ratis-thirdparty-misc-0.2.0.jar:0.2.0]
	at org.apache.ratis.thirdparty.io.grpc.internal.ServerImpl$JumpToApplicationThreadServerStreamListener$1MessagesAvailable.runInContext(ServerImpl.java:686) [ratis-thirdparty-misc-0.2.0.jar:0.2.0]
	at org.apache.ratis.thirdparty.io.grpc.internal.ContextRunnable.run(ContextRunnable.java:37) [ratis-thirdparty-misc-0.2.0.jar:0.2.0]
	at org.apache.ratis.thirdparty.io.grpc.internal.SerializingExecutor.run(SerializingExecutor.java:123) [ratis-thirdparty-misc-0.2.0.jar:0.2.0]
	at java.util.concurrent.ThreadPoolExecutor.runWorker(ThreadPoolExecutor.java:1149) [?:1.8.0_212]
	at java.util.concurrent.ThreadPoolExecutor$Worker.run(ThreadPoolExecutor.java:624) [?:1.8.0_212]
	at java.lang.Thread.run(Thread.java:748) [?:1.8.0_212]
03:24:10.123 [grpc-default-executor-12] ERROR DNAudit - user=null | ip=null | op=WRITE_CHUNK {blockData=conID: 1 locID: 102828357934514189 bcsId: 13} | ret=FAILURE
org.apache.hadoop.hdds.scm.container.common.helpers.ContainerNotOpenException: Container 1 in CLOSING state
	at org.apache.hadoop.ozone.container.common.impl.HddsDispatcher.validateContainerCommand(HddsDispatcher.java:434) ~[hadoop-hdds-container-service-0.5.0-SNAPSHOT.jar:?]
	at org.apache.hadoop.ozone.container.common.transport.server.ratis.ContainerStateMachine.startTransaction(ContainerStateMachine.java:315) ~[hadoop-hdds-container-service-0.5.0-SNAPSHOT.jar:?]
	at org.apache.ratis.server.impl.RaftServerImpl.submitClientRequestAsync(RaftServerImpl.java:573) ~[ratis-server-0.4.0.jar:0.4.0]
	at org.apache.ratis.server.impl.RaftServerProxy.lambda$submitClientRequestAsync$7(RaftServerProxy.java:333) ~[ratis-server-0.4.0.jar:0.4.0]
	at org.apache.ratis.server.impl.RaftServerProxy.lambda$null$5(RaftServerProxy.java:328) ~[ratis-server-0.4.0.jar:0.4.0]
	at org.apache.ratis.util.JavaUtils.callAsUnchecked(JavaUtils.java:109) ~[ratis-common-0.4.0.jar:0.4.0]
	at org.apache.ratis.server.impl.RaftServerProxy.lambda$submitRequest$6(RaftServerProxy.java:328) ~[ratis-server-0.4.0.jar:0.4.0]
	at java.util.concurrent.CompletableFuture.uniComposeStage(CompletableFuture.java:981) ~[?:1.8.0_212]
	at java.util.concurrent.CompletableFuture.thenCompose(CompletableFuture.java:2124) ~[?:1.8.0_212]
	at org.apache.ratis.server.impl.RaftServerProxy.submitRequest(RaftServerProxy.java:327) ~[ratis-server-0.4.0.jar:0.4.0]
	at org.apache.ratis.server.impl.RaftServerProxy.submitClientRequestAsync(RaftServerProxy.java:333) ~[ratis-server-0.4.0.jar:0.4.0]
	at org.apache.ratis.grpc.client.GrpcClientProtocolService$RequestStreamObserver.processClientRequest(GrpcClientProtocolService.java:220) ~[ratis-grpc-0.4.0.jar:0.4.0]
	at org.apache.ratis.grpc.client.GrpcClientProtocolService$OrderedRequestStreamObserver.processClientRequest(GrpcClientProtocolService.java:326) ~[ratis-grpc-0.4.0.jar:0.4.0]
	at org.apache.ratis.util.SlidingWindow$Server.processRequestsFromHead(SlidingWindow.java:429) [ratis-common-0.4.0.jar:0.4.0]
	at org.apache.ratis.util.SlidingWindow$Server.receivedRequest(SlidingWindow.java:421) [ratis-common-0.4.0.jar:0.4.0]
	at org.apache.ratis.grpc.client.GrpcClientProtocolService$OrderedRequestStreamObserver.processClientRequest(GrpcClientProtocolService.java:345) [ratis-grpc-0.4.0.jar:0.4.0]
	at org.apache.ratis.grpc.client.GrpcClientProtocolService$RequestStreamObserver.onNext(GrpcClientProtocolService.java:240) [ratis-grpc-0.4.0.jar:0.4.0]
	at org.apache.ratis.grpc.client.GrpcClientProtocolService$RequestStreamObserver.onNext(GrpcClientProtocolService.java:168) [ratis-grpc-0.4.0.jar:0.4.0]
	at org.apache.ratis.thirdparty.io.grpc.stub.ServerCalls$StreamingServerCallHandler$StreamingServerCallListener.onMessage(ServerCalls.java:248) [ratis-thirdparty-misc-0.2.0.jar:0.2.0]
	at org.apache.ratis.thirdparty.io.grpc.internal.ServerCallImpl$ServerStreamListenerImpl.messagesAvailable(ServerCallImpl.java:263) [ratis-thirdparty-misc-0.2.0.jar:0.2.0]
	at org.apache.ratis.thirdparty.io.grpc.internal.ServerImpl$JumpToApplicationThreadServerStreamListener$1MessagesAvailable.runInContext(ServerImpl.java:686) [ratis-thirdparty-misc-0.2.0.jar:0.2.0]
	at org.apache.ratis.thirdparty.io.grpc.internal.ContextRunnable.run(ContextRunnable.java:37) [ratis-thirdparty-misc-0.2.0.jar:0.2.0]
	at org.apache.ratis.thirdparty.io.grpc.internal.SerializingExecutor.run(SerializingExecutor.java:123) [ratis-thirdparty-misc-0.2.0.jar:0.2.0]
	at java.util.concurrent.ThreadPoolExecutor.runWorker(ThreadPoolExecutor.java:1149) [?:1.8.0_212]
	at java.util.concurrent.ThreadPoolExecutor$Worker.run(ThreadPoolExecutor.java:624) [?:1.8.0_212]
	at java.lang.Thread.run(Thread.java:748) [?:1.8.0_212]
03:24:10.125 [grpc-default-executor-12] ERROR DNAudit - user=null | ip=null | op=PUT_BLOCK {blockData=[blockId=conID: 1 locID: 102828357934514189 bcsId: 0,size=650]} | ret=FAILURE
org.apache.hadoop.hdds.scm.container.common.helpers.ContainerNotOpenException: Container 1 in CLOSING state
	at org.apache.hadoop.ozone.container.common.impl.HddsDispatcher.validateContainerCommand(HddsDispatcher.java:434) ~[hadoop-hdds-container-service-0.5.0-SNAPSHOT.jar:?]
	at org.apache.hadoop.ozone.container.common.transport.server.ratis.ContainerStateMachine.startTransaction(ContainerStateMachine.java:315) ~[hadoop-hdds-container-service-0.5.0-SNAPSHOT.jar:?]
	at org.apache.ratis.server.impl.RaftServerImpl.submitClientRequestAsync(RaftServerImpl.java:573) ~[ratis-server-0.4.0.jar:0.4.0]
	at org.apache.ratis.server.impl.RaftServerProxy.lambda$submitClientRequestAsync$7(RaftServerProxy.java:333) ~[ratis-server-0.4.0.jar:0.4.0]
	at org.apache.ratis.server.impl.RaftServerProxy.lambda$null$5(RaftServerProxy.java:328) ~[ratis-server-0.4.0.jar:0.4.0]
	at org.apache.ratis.util.JavaUtils.callAsUnchecked(JavaUtils.java:109) ~[ratis-common-0.4.0.jar:0.4.0]
	at org.apache.ratis.server.impl.RaftServerProxy.lambda$submitRequest$6(RaftServerProxy.java:328) ~[ratis-server-0.4.0.jar:0.4.0]
	at java.util.concurrent.CompletableFuture.uniComposeStage(CompletableFuture.java:981) ~[?:1.8.0_212]
	at java.util.concurrent.CompletableFuture.thenCompose(CompletableFuture.java:2124) ~[?:1.8.0_212]
	at org.apache.ratis.server.impl.RaftServerProxy.submitRequest(RaftServerProxy.java:327) ~[ratis-server-0.4.0.jar:0.4.0]
	at org.apache.ratis.server.impl.RaftServerProxy.submitClientRequestAsync(RaftServerProxy.java:333) ~[ratis-server-0.4.0.jar:0.4.0]
	at org.apache.ratis.grpc.client.GrpcClientProtocolService$RequestStreamObserver.processClientRequest(GrpcClientProtocolService.java:220) ~[ratis-grpc-0.4.0.jar:0.4.0]
	at org.apache.ratis.grpc.client.GrpcClientProtocolService$OrderedRequestStreamObserver.processClientRequest(GrpcClientProtocolService.java:326) ~[ratis-grpc-0.4.0.jar:0.4.0]
	at org.apache.ratis.util.SlidingWindow$Server.processRequestsFromHead(SlidingWindow.java:429) [ratis-common-0.4.0.jar:0.4.0]
	at org.apache.ratis.util.SlidingWindow$Server.receivedRequest(SlidingWindow.java:421) [ratis-common-0.4.0.jar:0.4.0]
	at org.apache.ratis.grpc.client.GrpcClientProtocolService$OrderedRequestStreamObserver.processClientRequest(GrpcClientProtocolService.java:345) [ratis-grpc-0.4.0.jar:0.4.0]
	at org.apache.ratis.grpc.client.GrpcClientProtocolService$RequestStreamObserver.onNext(GrpcClientProtocolService.java:240) [ratis-grpc-0.4.0.jar:0.4.0]
	at org.apache.ratis.grpc.client.GrpcClientProtocolService$RequestStreamObserver.onNext(GrpcClientProtocolService.java:168) [ratis-grpc-0.4.0.jar:0.4.0]
	at org.apache.ratis.thirdparty.io.grpc.stub.ServerCalls$StreamingServerCallHandler$StreamingServerCallListener.onMessage(ServerCalls.java:248) [ratis-thirdparty-misc-0.2.0.jar:0.2.0]
	at org.apache.ratis.thirdparty.io.grpc.internal.ServerCallImpl$ServerStreamListenerImpl.messagesAvailable(ServerCallImpl.java:263) [ratis-thirdparty-misc-0.2.0.jar:0.2.0]
	at org.apache.ratis.thirdparty.io.grpc.internal.ServerImpl$JumpToApplicationThreadServerStreamListener$1MessagesAvailable.runInContext(ServerImpl.java:686) [ratis-thirdparty-misc-0.2.0.jar:0.2.0]
	at org.apache.ratis.thirdparty.io.grpc.internal.ContextRunnable.run(ContextRunnable.java:37) [ratis-thirdparty-misc-0.2.0.jar:0.2.0]
	at org.apache.ratis.thirdparty.io.grpc.internal.SerializingExecutor.run(SerializingExecutor.java:123) [ratis-thirdparty-misc-0.2.0.jar:0.2.0]
	at java.util.concurrent.ThreadPoolExecutor.runWorker(ThreadPoolExecutor.java:1149) [?:1.8.0_212]
	at java.util.concurrent.ThreadPoolExecutor$Worker.run(ThreadPoolExecutor.java:624) [?:1.8.0_212]
	at java.lang.Thread.run(Thread.java:748) [?:1.8.0_212]
03:24:10.139 [grpc-default-executor-12] ERROR DNAudit - user=null | ip=null | op=WRITE_CHUNK {blockData=conID: 1 locID: 102828357934514189 bcsId: 13} | ret=FAILURE
org.apache.hadoop.hdds.scm.container.common.helpers.ContainerNotOpenException: Container 1 in CLOSING state
	at org.apache.hadoop.ozone.container.common.impl.HddsDispatcher.validateContainerCommand(HddsDispatcher.java:434) ~[hadoop-hdds-container-service-0.5.0-SNAPSHOT.jar:?]
	at org.apache.hadoop.ozone.container.common.transport.server.ratis.ContainerStateMachine.startTransaction(ContainerStateMachine.java:315) ~[hadoop-hdds-container-service-0.5.0-SNAPSHOT.jar:?]
	at org.apache.ratis.server.impl.RaftServerImpl.submitClientRequestAsync(RaftServerImpl.java:573) ~[ratis-server-0.4.0.jar:0.4.0]
	at org.apache.ratis.server.impl.RaftServerProxy.lambda$submitClientRequestAsync$7(RaftServerProxy.java:333) ~[ratis-server-0.4.0.jar:0.4.0]
	at org.apache.ratis.server.impl.RaftServerProxy.lambda$null$5(RaftServerProxy.java:328) ~[ratis-server-0.4.0.jar:0.4.0]
	at org.apache.ratis.util.JavaUtils.callAsUnchecked(JavaUtils.java:109) ~[ratis-common-0.4.0.jar:0.4.0]
	at org.apache.ratis.server.impl.RaftServerProxy.lambda$submitRequest$6(RaftServerProxy.java:328) ~[ratis-server-0.4.0.jar:0.4.0]
	at java.util.concurrent.CompletableFuture.uniComposeStage(CompletableFuture.java:981) ~[?:1.8.0_212]
	at java.util.concurrent.CompletableFuture.thenCompose(CompletableFuture.java:2124) ~[?:1.8.0_212]
	at org.apache.ratis.server.impl.RaftServerProxy.submitRequest(RaftServerProxy.java:327) ~[ratis-server-0.4.0.jar:0.4.0]
	at org.apache.ratis.server.impl.RaftServerProxy.submitClientRequestAsync(RaftServerProxy.java:333) ~[ratis-server-0.4.0.jar:0.4.0]
	at org.apache.ratis.grpc.client.GrpcClientProtocolService$RequestStreamObserver.processClientRequest(GrpcClientProtocolService.java:220) ~[ratis-grpc-0.4.0.jar:0.4.0]
	at org.apache.ratis.grpc.client.GrpcClientProtocolService$OrderedRequestStreamObserver.processClientRequest(GrpcClientProtocolService.java:326) ~[ratis-grpc-0.4.0.jar:0.4.0]
	at org.apache.ratis.util.SlidingWindow$Server.processRequestsFromHead(SlidingWindow.java:429) [ratis-common-0.4.0.jar:0.4.0]
	at org.apache.ratis.util.SlidingWindow$Server.receivedRequest(SlidingWindow.java:421) [ratis-common-0.4.0.jar:0.4.0]
	at org.apache.ratis.grpc.client.GrpcClientProtocolService$OrderedRequestStreamObserver.processClientRequest(GrpcClientProtocolService.java:345) [ratis-grpc-0.4.0.jar:0.4.0]
	at org.apache.ratis.grpc.client.GrpcClientProtocolService$RequestStreamObserver.onNext(GrpcClientProtocolService.java:240) [ratis-grpc-0.4.0.jar:0.4.0]
	at org.apache.ratis.grpc.client.GrpcClientProtocolService$RequestStreamObserver.onNext(GrpcClientProtocolService.java:168) [ratis-grpc-0.4.0.jar:0.4.0]
	at org.apache.ratis.thirdparty.io.grpc.stub.ServerCalls$StreamingServerCallHandler$StreamingServerCallListener.onMessage(ServerCalls.java:248) [ratis-thirdparty-misc-0.2.0.jar:0.2.0]
	at org.apache.ratis.thirdparty.io.grpc.internal.ServerCallImpl$ServerStreamListenerImpl.messagesAvailable(ServerCallImpl.java:263) [ratis-thirdparty-misc-0.2.0.jar:0.2.0]
	at org.apache.ratis.thirdparty.io.grpc.internal.ServerImpl$JumpToApplicationThreadServerStreamListener$1MessagesAvailable.runInContext(ServerImpl.java:686) [ratis-thirdparty-misc-0.2.0.jar:0.2.0]
	at org.apache.ratis.thirdparty.io.grpc.internal.ContextRunnable.run(ContextRunnable.java:37) [ratis-thirdparty-misc-0.2.0.jar:0.2.0]
	at org.apache.ratis.thirdparty.io.grpc.internal.SerializingExecutor.run(SerializingExecutor.java:123) [ratis-thirdparty-misc-0.2.0.jar:0.2.0]
	at java.util.concurrent.ThreadPoolExecutor.runWorker(ThreadPoolExecutor.java:1149) [?:1.8.0_212]
	at java.util.concurrent.ThreadPoolExecutor$Worker.run(ThreadPoolExecutor.java:624) [?:1.8.0_212]
	at java.lang.Thread.run(Thread.java:748) [?:1.8.0_212]
03:24:10.141 [grpc-default-executor-12] ERROR DNAudit - user=null | ip=null | op=WRITE_CHUNK {blockData=conID: 1 locID: 102828357934514189 bcsId: 13} | ret=FAILURE
org.apache.hadoop.hdds.scm.container.common.helpers.ContainerNotOpenException: Container 1 in CLOSING state
	at org.apache.hadoop.ozone.container.common.impl.HddsDispatcher.validateContainerCommand(HddsDispatcher.java:434) ~[hadoop-hdds-container-service-0.5.0-SNAPSHOT.jar:?]
	at org.apache.hadoop.ozone.container.common.transport.server.ratis.ContainerStateMachine.startTransaction(ContainerStateMachine.java:315) ~[hadoop-hdds-container-service-0.5.0-SNAPSHOT.jar:?]
	at org.apache.ratis.server.impl.RaftServerImpl.submitClientRequestAsync(RaftServerImpl.java:573) ~[ratis-server-0.4.0.jar:0.4.0]
	at org.apache.ratis.server.impl.RaftServerProxy.lambda$submitClientRequestAsync$7(RaftServerProxy.java:333) ~[ratis-server-0.4.0.jar:0.4.0]
	at org.apache.ratis.server.impl.RaftServerProxy.lambda$null$5(RaftServerProxy.java:328) ~[ratis-server-0.4.0.jar:0.4.0]
	at org.apache.ratis.util.JavaUtils.callAsUnchecked(JavaUtils.java:109) ~[ratis-common-0.4.0.jar:0.4.0]
	at org.apache.ratis.server.impl.RaftServerProxy.lambda$submitRequest$6(RaftServerProxy.java:328) ~[ratis-server-0.4.0.jar:0.4.0]
	at java.util.concurrent.CompletableFuture.uniComposeStage(CompletableFuture.java:981) ~[?:1.8.0_212]
	at java.util.concurrent.CompletableFuture.thenCompose(CompletableFuture.java:2124) ~[?:1.8.0_212]
	at org.apache.ratis.server.impl.RaftServerProxy.submitRequest(RaftServerProxy.java:327) ~[ratis-server-0.4.0.jar:0.4.0]
	at org.apache.ratis.server.impl.RaftServerProxy.submitClientRequestAsync(RaftServerProxy.java:333) ~[ratis-server-0.4.0.jar:0.4.0]
	at org.apache.ratis.grpc.client.GrpcClientProtocolService$RequestStreamObserver.processClientRequest(GrpcClientProtocolService.java:220) ~[ratis-grpc-0.4.0.jar:0.4.0]
	at org.apache.ratis.grpc.client.GrpcClientProtocolService$OrderedRequestStreamObserver.processClientRequest(GrpcClientProtocolService.java:326) ~[ratis-grpc-0.4.0.jar:0.4.0]
	at org.apache.ratis.util.SlidingWindow$Server.processRequestsFromHead(SlidingWindow.java:429) [ratis-common-0.4.0.jar:0.4.0]
	at org.apache.ratis.util.SlidingWindow$Server.receivedRequest(SlidingWindow.java:421) [ratis-common-0.4.0.jar:0.4.0]
	at org.apache.ratis.grpc.client.GrpcClientProtocolService$OrderedRequestStreamObserver.processClientRequest(GrpcClientProtocolService.java:345) [ratis-grpc-0.4.0.jar:0.4.0]
	at org.apache.ratis.grpc.client.GrpcClientProtocolService$RequestStreamObserver.onNext(GrpcClientProtocolService.java:240) [ratis-grpc-0.4.0.jar:0.4.0]
	at org.apache.ratis.grpc.client.GrpcClientProtocolService$RequestStreamObserver.onNext(GrpcClientProtocolService.java:168) [ratis-grpc-0.4.0.jar:0.4.0]
	at org.apache.ratis.thirdparty.io.grpc.stub.ServerCalls$StreamingServerCallHandler$StreamingServerCallListener.onMessage(ServerCalls.java:248) [ratis-thirdparty-misc-0.2.0.jar:0.2.0]
	at org.apache.ratis.thirdparty.io.grpc.internal.ServerCallImpl$ServerStreamListenerImpl.messagesAvailable(ServerCallImpl.java:263) [ratis-thirdparty-misc-0.2.0.jar:0.2.0]
	at org.apache.ratis.thirdparty.io.grpc.internal.ServerImpl$JumpToApplicationThreadServerStreamListener$1MessagesAvailable.runInContext(ServerImpl.java:686) [ratis-thirdparty-misc-0.2.0.jar:0.2.0]
	at org.apache.ratis.thirdparty.io.grpc.internal.ContextRunnable.run(ContextRunnable.java:37) [ratis-thirdparty-misc-0.2.0.jar:0.2.0]
	at org.apache.ratis.thirdparty.io.grpc.internal.SerializingExecutor.run(SerializingExecutor.java:123) [ratis-thirdparty-misc-0.2.0.jar:0.2.0]
	at java.util.concurrent.ThreadPoolExecutor.runWorker(ThreadPoolExecutor.java:1149) [?:1.8.0_212]
	at java.util.concurrent.ThreadPoolExecutor$Worker.run(ThreadPoolExecutor.java:624) [?:1.8.0_212]
	at java.lang.Thread.run(Thread.java:748) [?:1.8.0_212]
03:24:10.152 [grpc-default-executor-12] ERROR DNAudit - user=null | ip=null | op=PUT_BLOCK {blockData=[blockId=conID: 1 locID: 102828357934514189 bcsId: 0,size=800]} | ret=FAILURE
org.apache.hadoop.hdds.scm.container.common.helpers.ContainerNotOpenException: Container 1 in CLOSING state
	at org.apache.hadoop.ozone.container.common.impl.HddsDispatcher.validateContainerCommand(HddsDispatcher.java:434) ~[hadoop-hdds-container-service-0.5.0-SNAPSHOT.jar:?]
	at org.apache.hadoop.ozone.container.common.transport.server.ratis.ContainerStateMachine.startTransaction(ContainerStateMachine.java:315) ~[hadoop-hdds-container-service-0.5.0-SNAPSHOT.jar:?]
	at org.apache.ratis.server.impl.RaftServerImpl.submitClientRequestAsync(RaftServerImpl.java:573) ~[ratis-server-0.4.0.jar:0.4.0]
	at org.apache.ratis.server.impl.RaftServerProxy.lambda$submitClientRequestAsync$7(RaftServerProxy.java:333) ~[ratis-server-0.4.0.jar:0.4.0]
	at org.apache.ratis.server.impl.RaftServerProxy.lambda$null$5(RaftServerProxy.java:328) ~[ratis-server-0.4.0.jar:0.4.0]
	at org.apache.ratis.util.JavaUtils.callAsUnchecked(JavaUtils.java:109) ~[ratis-common-0.4.0.jar:0.4.0]
	at org.apache.ratis.server.impl.RaftServerProxy.lambda$submitRequest$6(RaftServerProxy.java:328) ~[ratis-server-0.4.0.jar:0.4.0]
	at java.util.concurrent.CompletableFuture.uniComposeStage(CompletableFuture.java:981) ~[?:1.8.0_212]
	at java.util.concurrent.CompletableFuture.thenCompose(CompletableFuture.java:2124) ~[?:1.8.0_212]
	at org.apache.ratis.server.impl.RaftServerProxy.submitRequest(RaftServerProxy.java:327) ~[ratis-server-0.4.0.jar:0.4.0]
	at org.apache.ratis.server.impl.RaftServerProxy.submitClientRequestAsync(RaftServerProxy.java:333) ~[ratis-server-0.4.0.jar:0.4.0]
	at org.apache.ratis.grpc.client.GrpcClientProtocolService$RequestStreamObserver.processClientRequest(GrpcClientProtocolService.java:220) ~[ratis-grpc-0.4.0.jar:0.4.0]
	at org.apache.ratis.grpc.client.GrpcClientProtocolService$OrderedRequestStreamObserver.processClientRequest(GrpcClientProtocolService.java:326) ~[ratis-grpc-0.4.0.jar:0.4.0]
	at org.apache.ratis.util.SlidingWindow$Server.processRequestsFromHead(SlidingWindow.java:429) [ratis-common-0.4.0.jar:0.4.0]
	at org.apache.ratis.util.SlidingWindow$Server.receivedRequest(SlidingWindow.java:421) [ratis-common-0.4.0.jar:0.4.0]
	at org.apache.ratis.grpc.client.GrpcClientProtocolService$OrderedRequestStreamObserver.processClientRequest(GrpcClientProtocolService.java:345) [ratis-grpc-0.4.0.jar:0.4.0]
	at org.apache.ratis.grpc.client.GrpcClientProtocolService$RequestStreamObserver.onNext(GrpcClientProtocolService.java:240) [ratis-grpc-0.4.0.jar:0.4.0]
	at org.apache.ratis.grpc.client.GrpcClientProtocolService$RequestStreamObserver.onNext(GrpcClientProtocolService.java:168) [ratis-grpc-0.4.0.jar:0.4.0]
	at org.apache.ratis.thirdparty.io.grpc.stub.ServerCalls$StreamingServerCallHandler$StreamingServerCallListener.onMessage(ServerCalls.java:248) [ratis-thirdparty-misc-0.2.0.jar:0.2.0]
	at org.apache.ratis.thirdparty.io.grpc.internal.ServerCallImpl$ServerStreamListenerImpl.messagesAvailable(ServerCallImpl.java:263) [ratis-thirdparty-misc-0.2.0.jar:0.2.0]
	at org.apache.ratis.thirdparty.io.grpc.internal.ServerImpl$JumpToApplicationThreadServerStreamListener$1MessagesAvailable.runInContext(ServerImpl.java:686) [ratis-thirdparty-misc-0.2.0.jar:0.2.0]
	at org.apache.ratis.thirdparty.io.grpc.internal.ContextRunnable.run(ContextRunnable.java:37) [ratis-thirdparty-misc-0.2.0.jar:0.2.0]
	at org.apache.ratis.thirdparty.io.grpc.internal.SerializingExecutor.run(SerializingExecutor.java:123) [ratis-thirdparty-misc-0.2.0.jar:0.2.0]
	at java.util.concurrent.ThreadPoolExecutor.runWorker(ThreadPoolExecutor.java:1149) [?:1.8.0_212]
	at java.util.concurrent.ThreadPoolExecutor$Worker.run(ThreadPoolExecutor.java:624) [?:1.8.0_212]
	at java.lang.Thread.run(Thread.java:748) [?:1.8.0_212]
2019-09-21 03:24:10,616 [main] INFO  ozone.MiniOzoneClusterImpl (MiniOzoneClusterImpl.java:shutdown(314)) - Shutting down the Mini Ozone Cluster
2019-09-21 03:24:10,616 [main] INFO  ozone.MiniOzoneClusterImpl (MiniOzoneClusterImpl.java:stop(330)) - Stopping the Mini Ozone Cluster
2019-09-21 03:24:10,616 [main] INFO  ozone.MiniOzoneClusterImpl (MiniOzoneClusterImpl.java:stopOM(400)) - Stopping the OzoneManager
2019-09-21 03:24:10,617 [main] INFO  ipc.Server (Server.java:stop(3082)) - Stopping server on 36988
2019-09-21 03:24:10,630 [IPC Server listener on 36988] INFO  ipc.Server (Server.java:run(1185)) - Stopping IPC Server listener on 36988
2019-09-21 03:24:10,631 [main] INFO  ratis.OzoneManagerDoubleBuffer (OzoneManagerDoubleBuffer.java:stop(248)) - Stopping OMDoubleBuffer flush thread
2019-09-21 03:24:10,631 [IPC Server Responder] INFO  ipc.Server (Server.java:run(1319)) - Stopping IPC Server Responder
2019-09-21 03:24:10,631 [OMDoubleBufferFlushThread] INFO  ratis.OzoneManagerDoubleBuffer (OzoneManagerDoubleBuffer.java:flushTransactions(191)) - OMDoubleBuffer flush thread OMDoubleBufferFlushThread is interrupted and will exit. OMDoubleBufferFlushThread
2019-09-21 03:24:10,639 [main] INFO  utils.BackgroundService (BackgroundService.java:shutdown(148)) - Shutting down service KeyDeletingService
2019-09-21 03:24:10,641 [main] INFO  handler.ContextHandler (ContextHandler.java:doStop(910)) - Stopped o.e.j.w.WebAppContext@4fd74223{/,null,UNAVAILABLE}{/ozoneManager}
2019-09-21 03:24:10,642 [main] INFO  server.AbstractConnector (AbstractConnector.java:doStop(318)) - Stopped ServerConnector@4fea840f{HTTP/1.1,[http/1.1]}{0.0.0.0:0}
2019-09-21 03:24:10,642 [main] INFO  handler.ContextHandler (ContextHandler.java:doStop(910)) - Stopped o.e.j.s.ServletContextHandler@3b4ef59f{/static,file:///workdir/hadoop-ozone/integration-test/target/test-classes/webapps/static,UNAVAILABLE}
2019-09-21 03:24:10,643 [main] INFO  handler.ContextHandler (ContextHandler.java:doStop(910)) - Stopped o.e.j.s.ServletContextHandler@5ec9eefa{/logs,file:///workdir/hadoop-ozone/integration-test/target/log,UNAVAILABLE}
2019-09-21 03:24:10,644 [main] INFO  ozone.MiniOzoneClusterImpl (MiniOzoneClusterImpl.java:stopDatanodes(377)) - Stopping the HddsDatanodes
2019-09-21 03:24:11,049 [grpc-default-executor-6] WARN  server.GrpcLogAppender (LogUtils.java:warn(134)) - e0b13bb3-f106-4a40-bedd-a90450f34792@group-7024853660D2->b760601b-20df-4ecf-8386-2afc7d1b8d1f-AppendLogResponseHandler: Failed appendEntries: org.apache.ratis.thirdparty.io.grpc.StatusRuntimeException: UNAVAILABLE: io exception
2019-09-21 03:24:11,049 [grpc-default-executor-6] INFO  impl.FollowerInfo (FollowerInfo.java:lambda$new$0(51)) - e0b13bb3-f106-4a40-bedd-a90450f34792@group-7024853660D2->b760601b-20df-4ecf-8386-2afc7d1b8d1f: nextIndex: updateUnconditionally 1 -> 0
2019-09-21 03:24:11,403 [Datanode State Machine Thread - 0] INFO  statemachine.DatanodeStateMachine (DatanodeStateMachine.java:lambda$startDaemon$0(350)) - Ozone container server started.
2019-09-21 03:24:11,619 [Datanode State Machine Thread - 0] INFO  statemachine.DatanodeStateMachine (DatanodeStateMachine.java:lambda$startDaemon$0(350)) - Ozone container server started.
2019-09-21 03:24:13,552 [grpc-default-executor-7] WARN  server.GrpcLogAppender (LogUtils.java:warn(134)) - e0b13bb3-f106-4a40-bedd-a90450f34792@group-7024853660D2->b760601b-20df-4ecf-8386-2afc7d1b8d1f-AppendLogResponseHandler: Failed appendEntries: org.apache.ratis.thirdparty.io.grpc.StatusRuntimeException: UNAVAILABLE: io exception
2019-09-21 03:24:13,553 [grpc-default-executor-7] INFO  impl.FollowerInfo (FollowerInfo.java:lambda$new$0(51)) - e0b13bb3-f106-4a40-bedd-a90450f34792@group-7024853660D2->b760601b-20df-4ecf-8386-2afc7d1b8d1f: nextIndex: updateUnconditionally 0 -> 0
2019-09-21 03:24:15,420 [EventQueue-StaleNodeForStaleNodeHandler] INFO  node.StaleNodeHandler (StaleNodeHandler.java:onMessage(58)) - Datanode fb72d5d5-9329-40c5-96ab-8fbea53877da{ip: 192.168.36.122, host: pr-hdds-2161-42js2-1613171706, networkLocation: /default-rack, certSerialId: null} moved to stale state. Finalizing its pipelines [PipelineID=fe3e081c-6dda-47ad-8fdf-183d39dea5fd, PipelineID=a76106e5-5fae-45b2-b856-28de72c30e3d]
2019-09-21 03:24:15,421 [EventQueue-StaleNodeForStaleNodeHandler] INFO  pipeline.SCMPipelineManager (SCMPipelineManager.java:finalizeAndDestroyPipeline(315)) - destroying pipeline:Pipeline[ Id: fe3e081c-6dda-47ad-8fdf-183d39dea5fd, Nodes: fb72d5d5-9329-40c5-96ab-8fbea53877da{ip: 192.168.36.122, host: pr-hdds-2161-42js2-1613171706, networkLocation: /default-rack, certSerialId: null}, Type:RATIS, Factor:ONE, State:OPEN]
2019-09-21 03:24:15,422 [EventQueue-StaleNodeForStaleNodeHandler] INFO  pipeline.PipelineStateManager (PipelineStateManager.java:finalizePipeline(123)) - Pipeline Pipeline[ Id: fe3e081c-6dda-47ad-8fdf-183d39dea5fd, Nodes: fb72d5d5-9329-40c5-96ab-8fbea53877da{ip: 192.168.36.122, host: pr-hdds-2161-42js2-1613171706, networkLocation: /default-rack, certSerialId: null}, Type:RATIS, Factor:ONE, State:CLOSED] moved to CLOSED state
2019-09-21 03:24:15,422 [EventQueue-StaleNodeForStaleNodeHandler] INFO  pipeline.SCMPipelineManager (SCMPipelineManager.java:finalizeAndDestroyPipeline(315)) - destroying pipeline:Pipeline[ Id: a76106e5-5fae-45b2-b856-28de72c30e3d, Nodes: 71e3ea0d-2bbd-4975-aca2-4e0b0af2cb8e{ip: 192.168.36.122, host: pr-hdds-2161-42js2-1613171706, networkLocation: /default-rack, certSerialId: null}fb72d5d5-9329-40c5-96ab-8fbea53877da{ip: 192.168.36.122, host: pr-hdds-2161-42js2-1613171706, networkLocation: /default-rack, certSerialId: null}eba3c3e9-81e1-4dd5-8a54-7a7aa2aef730{ip: 192.168.36.122, host: pr-hdds-2161-42js2-1613171706, networkLocation: /default-rack, certSerialId: null}, Type:RATIS, Factor:THREE, State:OPEN]
2019-09-21 03:24:15,422 [EventQueue-StaleNodeForStaleNodeHandler] INFO  pipeline.PipelineStateManager (PipelineStateManager.java:finalizePipeline(123)) - Pipeline Pipeline[ Id: a76106e5-5fae-45b2-b856-28de72c30e3d, Nodes: 71e3ea0d-2bbd-4975-aca2-4e0b0af2cb8e{ip: 192.168.36.122, host: pr-hdds-2161-42js2-1613171706, networkLocation: /default-rack, certSerialId: null}fb72d5d5-9329-40c5-96ab-8fbea53877da{ip: 192.168.36.122, host: pr-hdds-2161-42js2-1613171706, networkLocation: /default-rack, certSerialId: null}eba3c3e9-81e1-4dd5-8a54-7a7aa2aef730{ip: 192.168.36.122, host: pr-hdds-2161-42js2-1613171706, networkLocation: /default-rack, certSerialId: null}, Type:RATIS, Factor:THREE, State:CLOSED] moved to CLOSED state
2019-09-21 03:24:15,423 [EventQueue-CloseContainerForCloseContainerEventHandler] INFO  container.CloseContainerEventHandler (CloseContainerEventHandler.java:onMessage(61)) - Close container Event triggered for container : #2
2019-09-21 03:24:15,621 [EventQueue-StaleNodeForStaleNodeHandler] INFO  node.StaleNodeHandler (StaleNodeHandler.java:onMessage(58)) - Datanode e0b13bb3-f106-4a40-bedd-a90450f34792{ip: 192.168.36.122, host: pr-hdds-2161-42js2-1613171706, networkLocation: /default-rack, certSerialId: null} moved to stale state. Finalizing its pipelines [PipelineID=8edba373-45c2-4629-8012-60522fff29c4, PipelineID=b7a7eea1-dff5-4f30-97ad-7024853660d2]
2019-09-21 03:24:15,623 [EventQueue-StaleNodeForStaleNodeHandler] INFO  pipeline.SCMPipelineManager (SCMPipelineManager.java:finalizeAndDestroyPipeline(315)) - destroying pipeline:Pipeline[ Id: 8edba373-45c2-4629-8012-60522fff29c4, Nodes: e0b13bb3-f106-4a40-bedd-a90450f34792{ip: 192.168.36.122, host: pr-hdds-2161-42js2-1613171706, networkLocation: /default-rack, certSerialId: null}, Type:RATIS, Factor:ONE, State:OPEN]
2019-09-21 03:24:15,623 [EventQueue-StaleNodeForStaleNodeHandler] INFO  pipeline.PipelineStateManager (PipelineStateManager.java:finalizePipeline(123)) - Pipeline Pipeline[ Id: 8edba373-45c2-4629-8012-60522fff29c4, Nodes: e0b13bb3-f106-4a40-bedd-a90450f34792{ip: 192.168.36.122, host: pr-hdds-2161-42js2-1613171706, networkLocation: /default-rack, certSerialId: null}, Type:RATIS, Factor:ONE, State:CLOSED] moved to CLOSED state
2019-09-21 03:24:15,624 [EventQueue-StaleNodeForStaleNodeHandler] INFO  pipeline.SCMPipelineManager (SCMPipelineManager.java:finalizeAndDestroyPipeline(315)) - destroying pipeline:Pipeline[ Id: b7a7eea1-dff5-4f30-97ad-7024853660d2, Nodes: b760601b-20df-4ecf-8386-2afc7d1b8d1f{ip: 192.168.36.122, host: pr-hdds-2161-42js2-1613171706, networkLocation: /default-rack, certSerialId: null}3f34ee0a-5f1f-4899-a1d6-9aea1a91e47f{ip: 192.168.36.122, host: pr-hdds-2161-42js2-1613171706, networkLocation: /default-rack, certSerialId: null}e0b13bb3-f106-4a40-bedd-a90450f34792{ip: 192.168.36.122, host: pr-hdds-2161-42js2-1613171706, networkLocation: /default-rack, certSerialId: null}, Type:RATIS, Factor:THREE, State:CLOSED]
2019-09-21 03:24:15,646 [ForkJoinPool.commonPool-worker-1] INFO  ozoneimpl.OzoneContainer (OzoneContainer.java:stop(231)) - Attempting to stop container services.
2019-09-21 03:24:15,646 [main] INFO  ozoneimpl.OzoneContainer (OzoneContainer.java:stop(231)) - Attempting to stop container services.
2019-09-21 03:24:15,648 [ForkJoinPool.commonPool-worker-1] INFO  impl.RaftServerProxy (RaftServerProxy.java:lambda$close$4(314)) - e0b13bb3-f106-4a40-bedd-a90450f34792: close
2019-09-21 03:24:15,649 [main] INFO  impl.RaftServerProxy (RaftServerProxy.java:lambda$close$4(314)) - fb72d5d5-9329-40c5-96ab-8fbea53877da: close
2019-09-21 03:24:15,649 [ForkJoinPool.commonPool-worker-1] INFO  impl.RaftServerImpl (RaftServerImpl.java:lambda$shutdown$3(251)) - e0b13bb3-f106-4a40-bedd-a90450f34792@group-60522FFF29C4: shutdown
2019-09-21 03:24:15,649 [main] INFO  impl.RaftServerImpl (RaftServerImpl.java:lambda$shutdown$3(251)) - fb72d5d5-9329-40c5-96ab-8fbea53877da@group-183D39DEA5FD: shutdown
2019-09-21 03:24:15,650 [ForkJoinPool.commonPool-worker-1] INFO  util.JmxRegister (JmxRegister.java:unregister(73)) - Successfully un-registered JMX Bean with object name Ratis:service=RaftServer,group=group-60522FFF29C4,id=e0b13bb3-f106-4a40-bedd-a90450f34792
2019-09-21 03:24:15,650 [main] INFO  util.JmxRegister (JmxRegister.java:unregister(73)) - Successfully un-registered JMX Bean with object name Ratis:service=RaftServer,group=group-183D39DEA5FD,id=fb72d5d5-9329-40c5-96ab-8fbea53877da
2019-09-21 03:24:15,650 [ForkJoinPool.commonPool-worker-1] INFO  impl.RoleInfo (RoleInfo.java:shutdownLeaderState(104)) - e0b13bb3-f106-4a40-bedd-a90450f34792: shutdown LeaderState
2019-09-21 03:24:15,650 [main] INFO  impl.RoleInfo (RoleInfo.java:shutdownLeaderState(104)) - fb72d5d5-9329-40c5-96ab-8fbea53877da: shutdown LeaderState
2019-09-21 03:24:15,651 [ForkJoinPool.commonPool-worker-1] INFO  impl.PendingRequests (PendingRequests.java:sendNotLeaderResponses(202)) - e0b13bb3-f106-4a40-bedd-a90450f34792-PendingRequests: sendNotLeaderResponses
2019-09-21 03:24:15,651 [main] INFO  impl.PendingRequests (PendingRequests.java:sendNotLeaderResponses(202)) - fb72d5d5-9329-40c5-96ab-8fbea53877da-PendingRequests: sendNotLeaderResponses
2019-09-21 03:24:15,651 [ForkJoinPool.commonPool-worker-1] INFO  impl.StateMachineUpdater (StateMachineUpdater.java:stopAndJoin(125)) - e0b13bb3-f106-4a40-bedd-a90450f34792@group-60522FFF29C4-StateMachineUpdater: set stopIndex = 0
2019-09-21 03:24:15,652 [main] INFO  impl.StateMachineUpdater (StateMachineUpdater.java:stopAndJoin(125)) - fb72d5d5-9329-40c5-96ab-8fbea53877da@group-183D39DEA5FD-StateMachineUpdater: set stopIndex = 0
2019-09-21 03:24:15,652 [ForkJoinPool.commonPool-worker-1] INFO  impl.RaftServerImpl (ServerState.java:close(385)) - e0b13bb3-f106-4a40-bedd-a90450f34792@group-60522FFF29C4: closes. applyIndex: 0
2019-09-21 03:24:15,652 [main] INFO  impl.RaftServerImpl (ServerState.java:close(385)) - fb72d5d5-9329-40c5-96ab-8fbea53877da@group-183D39DEA5FD: closes. applyIndex: 0
2019-09-21 03:24:15,653 [e0b13bb3-f106-4a40-bedd-a90450f34792@group-60522FFF29C4-SegmentedRaftLogWorker] INFO  segmented.SegmentedRaftLogWorker (SegmentedRaftLogWorker.java:run(313)) - e0b13bb3-f106-4a40-bedd-a90450f34792@group-60522FFF29C4-SegmentedRaftLogWorker was interrupted, exiting. There are 0 tasks remaining in the queue.
2019-09-21 03:24:15,653 [fb72d5d5-9329-40c5-96ab-8fbea53877da@group-183D39DEA5FD-SegmentedRaftLogWorker] INFO  segmented.SegmentedRaftLogWorker (SegmentedRaftLogWorker.java:run(313)) - fb72d5d5-9329-40c5-96ab-8fbea53877da@group-183D39DEA5FD-SegmentedRaftLogWorker was interrupted, exiting. There are 0 tasks remaining in the queue.
2019-09-21 03:24:15,657 [ForkJoinPool.commonPool-worker-1] INFO  segmented.SegmentedRaftLogWorker (SegmentedRaftLogWorker.java:close(228)) - e0b13bb3-f106-4a40-bedd-a90450f34792@group-60522FFF29C4-SegmentedRaftLogWorker close()
2019-09-21 03:24:15,657 [main] INFO  segmented.SegmentedRaftLogWorker (SegmentedRaftLogWorker.java:close(228)) - fb72d5d5-9329-40c5-96ab-8fbea53877da@group-183D39DEA5FD-SegmentedRaftLogWorker close()
2019-09-21 03:24:15,660 [ForkJoinPool.commonPool-worker-1] INFO  impl.RaftServerImpl (RaftServerImpl.java:lambda$shutdown$3(251)) - e0b13bb3-f106-4a40-bedd-a90450f34792@group-7024853660D2: shutdown
2019-09-21 03:24:15,663 [main] INFO  impl.RaftServerImpl (RaftServerImpl.java:lambda$shutdown$3(251)) - fb72d5d5-9329-40c5-96ab-8fbea53877da@group-28DE72C30E3D: shutdown
2019-09-21 03:24:15,663 [ForkJoinPool.commonPool-worker-1] INFO  util.JmxRegister (JmxRegister.java:unregister(73)) - Successfully un-registered JMX Bean with object name Ratis:service=RaftServer,group=group-7024853660D2,id=e0b13bb3-f106-4a40-bedd-a90450f34792
2019-09-21 03:24:15,664 [main] INFO  util.JmxRegister (JmxRegister.java:unregister(73)) - Successfully un-registered JMX Bean with object name Ratis:service=RaftServer,group=group-28DE72C30E3D,id=fb72d5d5-9329-40c5-96ab-8fbea53877da
2019-09-21 03:24:15,664 [ForkJoinPool.commonPool-worker-1] INFO  impl.RoleInfo (RoleInfo.java:shutdownLeaderState(104)) - e0b13bb3-f106-4a40-bedd-a90450f34792: shutdown LeaderState
2019-09-21 03:24:15,664 [main] INFO  impl.RoleInfo (RoleInfo.java:shutdownLeaderState(104)) - fb72d5d5-9329-40c5-96ab-8fbea53877da: shutdown LeaderState
2019-09-21 03:24:15,667 [org.apache.ratis.server.impl.LogAppender$AppenderDaemon$$Lambda$485/762318467@7b369a1c] WARN  server.GrpcLogAppender (GrpcLogAppender.java:mayWait(143)) - e0b13bb3-f106-4a40-bedd-a90450f34792@group-7024853660D2->b760601b-20df-4ecf-8386-2afc7d1b8d1f-GrpcLogAppender: Wait interrupted by java.lang.InterruptedException
2019-09-21 03:24:15,667 [org.apache.ratis.server.impl.LogAppender$AppenderDaemon$$Lambda$485/762318467@545c564d] WARN  server.GrpcLogAppender (GrpcLogAppender.java:mayWait(143)) - e0b13bb3-f106-4a40-bedd-a90450f34792@group-7024853660D2->3f34ee0a-5f1f-4899-a1d6-9aea1a91e47f-GrpcLogAppender: Wait interrupted by java.lang.InterruptedException
2019-09-21 03:24:15,670 [main] INFO  impl.PendingRequests (PendingRequests.java:sendNotLeaderResponses(202)) - fb72d5d5-9329-40c5-96ab-8fbea53877da-PendingRequests: sendNotLeaderResponses
2019-09-21 03:24:15,667 [ForkJoinPool.commonPool-worker-1] INFO  impl.PendingRequests (PendingRequests.java:sendNotLeaderResponses(202)) - e0b13bb3-f106-4a40-bedd-a90450f34792-PendingRequests: sendNotLeaderResponses
2019-09-21 03:24:15,670 [org.apache.ratis.server.impl.LogAppender$AppenderDaemon$$Lambda$485/762318467@21f725b7] WARN  server.GrpcLogAppender (GrpcLogAppender.java:mayWait(143)) - fb72d5d5-9329-40c5-96ab-8fbea53877da@group-28DE72C30E3D->71e3ea0d-2bbd-4975-aca2-4e0b0af2cb8e-GrpcLogAppender: Wait interrupted by java.lang.InterruptedException
2019-09-21 03:24:15,674 [ForkJoinPool.commonPool-worker-1] INFO  impl.StateMachineUpdater (StateMachineUpdater.java:stopAndJoin(125)) - e0b13bb3-f106-4a40-bedd-a90450f34792@group-7024853660D2-StateMachineUpdater: set stopIndex = 17
2019-09-21 03:24:15,670 [org.apache.ratis.server.impl.LogAppender$AppenderDaemon$$Lambda$485/762318467@211be980] WARN  server.GrpcLogAppender (GrpcLogAppender.java:mayWait(143)) - fb72d5d5-9329-40c5-96ab-8fbea53877da@group-28DE72C30E3D->eba3c3e9-81e1-4dd5-8a54-7a7aa2aef730-GrpcLogAppender: Wait interrupted by java.lang.InterruptedException
2019-09-21 03:24:15,674 [e0b13bb3-f106-4a40-bedd-a90450f34792@group-7024853660D2-StateMachineUpdater] INFO  ratis.ContainerStateMachine (ContainerStateMachine.java:takeSnapshot(289)) - group-7024853660D2: Taking a snapshot at:(t:1, i:13) file /workdir/hadoop-ozone/integration-test/target/test-dir/MiniOzoneClusterImpl-cae1a81b-9ca5-4f12-9003-0d2cd477a7a0/datanode-2/data/ratis/b7a7eea1-dff5-4f30-97ad-7024853660d2/sm/snapshot.1_13
2019-09-21 03:24:15,674 [grpc-default-executor-6] INFO  server.GrpcServerProtocolService (GrpcServerProtocolService.java:onCompleted(113)) - 3f34ee0a-5f1f-4899-a1d6-9aea1a91e47f: Completed APPEND_ENTRIES, lastRequest: e0b13bb3-f106-4a40-bedd-a90450f34792->3f34ee0a-5f1f-4899-a1d6-9aea1a91e47f#4-t3, previous=(t:3, i:17), leaderCommit=17, initializing? false, entries: <empty>
2019-09-21 03:24:15,674 [main] INFO  impl.StateMachineUpdater (StateMachineUpdater.java:stopAndJoin(125)) - fb72d5d5-9329-40c5-96ab-8fbea53877da@group-28DE72C30E3D-StateMachineUpdater: set stopIndex = 14
2019-09-21 03:24:15,675 [grpc-default-executor-6] INFO  server.GrpcLogAppender (GrpcLogAppender.java:onCompleted(293)) - e0b13bb3-f106-4a40-bedd-a90450f34792@group-7024853660D2->3f34ee0a-5f1f-4899-a1d6-9aea1a91e47f-AppendLogResponseHandler: follower responses appendEntries COMPLETED
2019-09-21 03:24:15,674 [fb72d5d5-9329-40c5-96ab-8fbea53877da@group-28DE72C30E3D-StateMachineUpdater] INFO  ratis.ContainerStateMachine (ContainerStateMachine.java:takeSnapshot(289)) - group-28DE72C30E3D: Taking a snapshot at:(t:1, i:12) file /workdir/hadoop-ozone/integration-test/target/test-dir/MiniOzoneClusterImpl-cae1a81b-9ca5-4f12-9003-0d2cd477a7a0/datanode-4/data/ratis/a76106e5-5fae-45b2-b856-28de72c30e3d/sm/snapshot.1_12
2019-09-21 03:24:15,674 [grpc-default-executor-7] INFO  server.GrpcServerProtocolService (GrpcServerProtocolService.java:onCompleted(113)) - 71e3ea0d-2bbd-4975-aca2-4e0b0af2cb8e: Completed APPEND_ENTRIES, lastRequest: fb72d5d5-9329-40c5-96ab-8fbea53877da->71e3ea0d-2bbd-4975-aca2-4e0b0af2cb8e#25-t1, previous=(t:1, i:14), leaderCommit=14, initializing? false, entries: <empty>
2019-09-21 03:24:15,675 [grpc-default-executor-4] INFO  server.GrpcServerProtocolService (GrpcServerProtocolService.java:onCompleted(113)) - eba3c3e9-81e1-4dd5-8a54-7a7aa2aef730: Completed APPEND_ENTRIES, lastRequest: fb72d5d5-9329-40c5-96ab-8fbea53877da->eba3c3e9-81e1-4dd5-8a54-7a7aa2aef730#25-t1, previous=(t:1, i:14), leaderCommit=14, initializing? false, entries: <empty>
2019-09-21 03:24:15,675 [grpc-default-executor-6] INFO  impl.FollowerInfo (FollowerInfo.java:lambda$new$0(51)) - e0b13bb3-f106-4a40-bedd-a90450f34792@group-7024853660D2->3f34ee0a-5f1f-4899-a1d6-9aea1a91e47f: nextIndex: updateUnconditionally 18 -> 17
2019-09-21 03:24:15,676 [grpc-default-executor-7] INFO  server.GrpcLogAppender (GrpcLogAppender.java:onCompleted(293)) - fb72d5d5-9329-40c5-96ab-8fbea53877da@group-28DE72C30E3D->eba3c3e9-81e1-4dd5-8a54-7a7aa2aef730-AppendLogResponseHandler: follower responses appendEntries COMPLETED
2019-09-21 03:24:15,676 [grpc-default-executor-6] INFO  server.GrpcLogAppender (GrpcLogAppender.java:onCompleted(293)) - fb72d5d5-9329-40c5-96ab-8fbea53877da@group-28DE72C30E3D->71e3ea0d-2bbd-4975-aca2-4e0b0af2cb8e-AppendLogResponseHandler: follower responses appendEntries COMPLETED
2019-09-21 03:24:15,676 [grpc-default-executor-7] INFO  impl.FollowerInfo (FollowerInfo.java:lambda$new$0(51)) - fb72d5d5-9329-40c5-96ab-8fbea53877da@group-28DE72C30E3D->eba3c3e9-81e1-4dd5-8a54-7a7aa2aef730: nextIndex: updateUnconditionally 15 -> 14
2019-09-21 03:24:15,676 [grpc-default-executor-6] INFO  impl.FollowerInfo (FollowerInfo.java:lambda$new$0(51)) - fb72d5d5-9329-40c5-96ab-8fbea53877da@group-28DE72C30E3D->71e3ea0d-2bbd-4975-aca2-4e0b0af2cb8e: nextIndex: updateUnconditionally 15 -> 14
2019-09-21 03:24:15,720 [e0b13bb3-f106-4a40-bedd-a90450f34792@group-7024853660D2-StateMachineUpdater] INFO  ratis.ContainerStateMachine (ContainerStateMachine.java:takeSnapshot(300)) - group-7024853660D2: Finished taking a snapshot at:(t:1, i:13) file:/workdir/hadoop-ozone/integration-test/target/test-dir/MiniOzoneClusterImpl-cae1a81b-9ca5-4f12-9003-0d2cd477a7a0/datanode-2/data/ratis/b7a7eea1-dff5-4f30-97ad-7024853660d2/sm/snapshot.1_13 time:46
2019-09-21 03:24:15,720 [fb72d5d5-9329-40c5-96ab-8fbea53877da@group-28DE72C30E3D-StateMachineUpdater] INFO  ratis.ContainerStateMachine (ContainerStateMachine.java:takeSnapshot(300)) - group-28DE72C30E3D: Finished taking a snapshot at:(t:1, i:12) file:/workdir/hadoop-ozone/integration-test/target/test-dir/MiniOzoneClusterImpl-cae1a81b-9ca5-4f12-9003-0d2cd477a7a0/datanode-4/data/ratis/a76106e5-5fae-45b2-b856-28de72c30e3d/sm/snapshot.1_12 time:46
2019-09-21 03:24:15,720 [e0b13bb3-f106-4a40-bedd-a90450f34792@group-7024853660D2-StateMachineUpdater] INFO  impl.StateMachineUpdater (StateMachineUpdater.java:takeSnapshot(258)) - e0b13bb3-f106-4a40-bedd-a90450f34792@group-7024853660D2-StateMachineUpdater: Took a snapshot at index 13
2019-09-21 03:24:15,720 [e0b13bb3-f106-4a40-bedd-a90450f34792@group-7024853660D2-StateMachineUpdater] INFO  impl.StateMachineUpdater (StateMachineUpdater.java:lambda$new$0(83)) - e0b13bb3-f106-4a40-bedd-a90450f34792@group-7024853660D2-StateMachineUpdater: snapshotIndex: updateIncreasingly -1 -> 13
2019-09-21 03:24:15,721 [fb72d5d5-9329-40c5-96ab-8fbea53877da@group-28DE72C30E3D-StateMachineUpdater] INFO  impl.StateMachineUpdater (StateMachineUpdater.java:takeSnapshot(258)) - fb72d5d5-9329-40c5-96ab-8fbea53877da@group-28DE72C30E3D-StateMachineUpdater: Took a snapshot at index 12
2019-09-21 03:24:15,721 [fb72d5d5-9329-40c5-96ab-8fbea53877da@group-28DE72C30E3D-StateMachineUpdater] INFO  impl.StateMachineUpdater (StateMachineUpdater.java:lambda$new$0(83)) - fb72d5d5-9329-40c5-96ab-8fbea53877da@group-28DE72C30E3D-StateMachineUpdater: snapshotIndex: updateIncreasingly -1 -> 12
2019-09-21 03:24:15,721 [e0b13bb3-f106-4a40-bedd-a90450f34792@group-7024853660D2-StateMachineUpdater] INFO  ratis.ContainerStateMachine (ContainerStateMachine.java:takeSnapshot(289)) - group-7024853660D2: Taking a snapshot at:(t:1, i:13) file /workdir/hadoop-ozone/integration-test/target/test-dir/MiniOzoneClusterImpl-cae1a81b-9ca5-4f12-9003-0d2cd477a7a0/datanode-2/data/ratis/b7a7eea1-dff5-4f30-97ad-7024853660d2/sm/snapshot.1_13
2019-09-21 03:24:15,721 [fb72d5d5-9329-40c5-96ab-8fbea53877da@group-28DE72C30E3D-StateMachineUpdater] INFO  ratis.ContainerStateMachine (ContainerStateMachine.java:takeSnapshot(289)) - group-28DE72C30E3D: Taking a snapshot at:(t:1, i:12) file /workdir/hadoop-ozone/integration-test/target/test-dir/MiniOzoneClusterImpl-cae1a81b-9ca5-4f12-9003-0d2cd477a7a0/datanode-4/data/ratis/a76106e5-5fae-45b2-b856-28de72c30e3d/sm/snapshot.1_12
2019-09-21 03:24:15,734 [e0b13bb3-f106-4a40-bedd-a90450f34792@group-7024853660D2-StateMachineUpdater] INFO  ratis.ContainerStateMachine (ContainerStateMachine.java:takeSnapshot(300)) - group-7024853660D2: Finished taking a snapshot at:(t:1, i:13) file:/workdir/hadoop-ozone/integration-test/target/test-dir/MiniOzoneClusterImpl-cae1a81b-9ca5-4f12-9003-0d2cd477a7a0/datanode-2/data/ratis/b7a7eea1-dff5-4f30-97ad-7024853660d2/sm/snapshot.1_13 time:13
2019-09-21 03:24:15,734 [fb72d5d5-9329-40c5-96ab-8fbea53877da@group-28DE72C30E3D-StateMachineUpdater] INFO  ratis.ContainerStateMachine (ContainerStateMachine.java:takeSnapshot(300)) - group-28DE72C30E3D: Finished taking a snapshot at:(t:1, i:12) file:/workdir/hadoop-ozone/integration-test/target/test-dir/MiniOzoneClusterImpl-cae1a81b-9ca5-4f12-9003-0d2cd477a7a0/datanode-4/data/ratis/a76106e5-5fae-45b2-b856-28de72c30e3d/sm/snapshot.1_12 time:13
2019-09-21 03:24:15,734 [e0b13bb3-f106-4a40-bedd-a90450f34792@group-7024853660D2-StateMachineUpdater] INFO  impl.StateMachineUpdater (StateMachineUpdater.java:takeSnapshot(258)) - e0b13bb3-f106-4a40-bedd-a90450f34792@group-7024853660D2-StateMachineUpdater: Took a snapshot at index 13
2019-09-21 03:24:15,734 [e0b13bb3-f106-4a40-bedd-a90450f34792@group-7024853660D2-StateMachineUpdater] INFO  impl.StateMachineUpdater (StateMachineUpdater.java:lambda$new$0(83)) - e0b13bb3-f106-4a40-bedd-a90450f34792@group-7024853660D2-StateMachineUpdater: snapshotIndex: updateIncreasingly 13 -> 13
2019-09-21 03:24:15,734 [fb72d5d5-9329-40c5-96ab-8fbea53877da@group-28DE72C30E3D-StateMachineUpdater] INFO  impl.StateMachineUpdater (StateMachineUpdater.java:takeSnapshot(258)) - fb72d5d5-9329-40c5-96ab-8fbea53877da@group-28DE72C30E3D-StateMachineUpdater: Took a snapshot at index 12
2019-09-21 03:24:15,734 [fb72d5d5-9329-40c5-96ab-8fbea53877da@group-28DE72C30E3D-StateMachineUpdater] INFO  impl.StateMachineUpdater (StateMachineUpdater.java:lambda$new$0(83)) - fb72d5d5-9329-40c5-96ab-8fbea53877da@group-28DE72C30E3D-StateMachineUpdater: snapshotIndex: updateIncreasingly 12 -> 12
2019-09-21 03:24:15,734 [ForkJoinPool.commonPool-worker-1] INFO  impl.RaftServerImpl (ServerState.java:close(385)) - e0b13bb3-f106-4a40-bedd-a90450f34792@group-7024853660D2: closes. applyIndex: 17
2019-09-21 03:24:15,735 [main] INFO  impl.RaftServerImpl (ServerState.java:close(385)) - fb72d5d5-9329-40c5-96ab-8fbea53877da@group-28DE72C30E3D: closes. applyIndex: 14
2019-09-21 03:24:15,735 [e0b13bb3-f106-4a40-bedd-a90450f34792@group-7024853660D2-SegmentedRaftLogWorker] INFO  segmented.SegmentedRaftLogWorker (SegmentedRaftLogWorker.java:run(313)) - e0b13bb3-f106-4a40-bedd-a90450f34792@group-7024853660D2-SegmentedRaftLogWorker was interrupted, exiting. There are 0 tasks remaining in the queue.
2019-09-21 03:24:15,735 [fb72d5d5-9329-40c5-96ab-8fbea53877da@group-28DE72C30E3D-SegmentedRaftLogWorker] INFO  segmented.SegmentedRaftLogWorker (SegmentedRaftLogWorker.java:run(313)) - fb72d5d5-9329-40c5-96ab-8fbea53877da@group-28DE72C30E3D-SegmentedRaftLogWorker was interrupted, exiting. There are 0 tasks remaining in the queue.
2019-09-21 03:24:15,737 [ForkJoinPool.commonPool-worker-1] INFO  segmented.SegmentedRaftLogWorker (SegmentedRaftLogWorker.java:close(228)) - e0b13bb3-f106-4a40-bedd-a90450f34792@group-7024853660D2-SegmentedRaftLogWorker close()
2019-09-21 03:24:15,739 [main] INFO  segmented.SegmentedRaftLogWorker (SegmentedRaftLogWorker.java:close(228)) - fb72d5d5-9329-40c5-96ab-8fbea53877da@group-28DE72C30E3D-SegmentedRaftLogWorker close()
2019-09-21 03:24:15,742 [ForkJoinPool.commonPool-worker-1] INFO  server.GrpcService (GrpcService.java:closeImpl(164)) - e0b13bb3-f106-4a40-bedd-a90450f34792: shutdown server with port 46354 now
2019-09-21 03:24:15,744 [main] INFO  server.GrpcService (GrpcService.java:closeImpl(164)) - fb72d5d5-9329-40c5-96ab-8fbea53877da: shutdown server with port 35569 now
2019-09-21 03:24:15,746 [ForkJoinPool.commonPool-worker-1] INFO  server.GrpcService (GrpcService.java:closeImpl(172)) - e0b13bb3-f106-4a40-bedd-a90450f34792: shutdown server with port 46354 successfully
2019-09-21 03:24:15,747 [grpc-default-executor-4] WARN  client.GrpcClientProtocolService (LogUtils.java:warn(134)) - 1-UnorderedRequestStreamObserver1: onError: org.apache.ratis.thirdparty.io.grpc.StatusRuntimeException: CANCELLED: cancelled before receiving half close
2019-09-21 03:24:15,747 [main] INFO  server.GrpcService (GrpcService.java:closeImpl(172)) - fb72d5d5-9329-40c5-96ab-8fbea53877da: shutdown server with port 35569 successfully
2019-09-21 03:24:15,749 [refreshUsed-/workdir/hadoop-ozone/integration-test/target/test-dir/MiniOzoneClusterImpl-cae1a81b-9ca5-4f12-9003-0d2cd477a7a0/datanode-2/data/containers] WARN  fs.CachingGetSpaceUsed (CachingGetSpaceUsed.java:run(183)) - Thread Interrupted waiting to refresh disk information: sleep interrupted
2019-09-21 03:24:15,750 [refreshUsed-/workdir/hadoop-ozone/integration-test/target/test-dir/MiniOzoneClusterImpl-cae1a81b-9ca5-4f12-9003-0d2cd477a7a0/datanode-4/data/containers] WARN  fs.CachingGetSpaceUsed (CachingGetSpaceUsed.java:run(183)) - Thread Interrupted waiting to refresh disk information: sleep interrupted
2019-09-21 03:24:15,764 [main] INFO  utils.BackgroundService (BackgroundService.java:shutdown(148)) - Shutting down service BlockDeletingService
2019-09-21 03:24:15,768 [ForkJoinPool.commonPool-worker-1] INFO  utils.BackgroundService (BackgroundService.java:shutdown(148)) - Shutting down service BlockDeletingService
2019-09-21 03:24:15,769 [main] INFO  statemachine.DatanodeStateMachine (DatanodeStateMachine.java:stopDaemon(395)) - Ozone container server stopped.
2019-09-21 03:24:15,773 [ForkJoinPool.commonPool-worker-1] INFO  statemachine.DatanodeStateMachine (DatanodeStateMachine.java:stopDaemon(395)) - Ozone container server stopped.
2019-09-21 03:24:15,777 [main] INFO  handler.ContextHandler (ContextHandler.java:doStop(910)) - Stopped o.e.j.w.WebAppContext@1bee0085{/,null,UNAVAILABLE}{/hddsDatanode}
2019-09-21 03:24:15,778 [ForkJoinPool.commonPool-worker-1] INFO  handler.ContextHandler (ContextHandler.java:doStop(910)) - Stopped o.e.j.w.WebAppContext@39652a30{/,null,UNAVAILABLE}{/hddsDatanode}
2019-09-21 03:24:15,778 [ForkJoinPool.commonPool-worker-1] INFO  server.AbstractConnector (AbstractConnector.java:doStop(318)) - Stopped ServerConnector@5763a655{HTTP/1.1,[http/1.1]}{0.0.0.0:0}
2019-09-21 03:24:15,778 [main] INFO  server.AbstractConnector (AbstractConnector.java:doStop(318)) - Stopped ServerConnector@16e1219f{HTTP/1.1,[http/1.1]}{0.0.0.0:0}
2019-09-21 03:24:15,780 [ForkJoinPool.commonPool-worker-1] INFO  handler.ContextHandler (ContextHandler.java:doStop(910)) - Stopped o.e.j.s.ServletContextHandler@50e5032c{/static,jar:file:/home/user/.m2/repository/org/apache/hadoop/hadoop-hdds-container-service/0.5.0-SNAPSHOT/hadoop-hdds-container-service-0.5.0-SNAPSHOT.jar!/webapps/static,UNAVAILABLE}
2019-09-21 03:24:15,780 [main] INFO  handler.ContextHandler (ContextHandler.java:doStop(910)) - Stopped o.e.j.s.ServletContextHandler@1edfedf1{/static,jar:file:/home/user/.m2/repository/org/apache/hadoop/hadoop-hdds-container-service/0.5.0-SNAPSHOT/hadoop-hdds-container-service-0.5.0-SNAPSHOT.jar!/webapps/static,UNAVAILABLE}
2019-09-21 03:24:15,782 [ForkJoinPool.commonPool-worker-1] INFO  handler.ContextHandler (ContextHandler.java:doStop(910)) - Stopped o.e.j.s.ServletContextHandler@49c1e294{/logs,file:///workdir/hadoop-ozone/integration-test/target/log,UNAVAILABLE}
2019-09-21 03:24:15,782 [main] INFO  handler.ContextHandler (ContextHandler.java:doStop(910)) - Stopped o.e.j.s.ServletContextHandler@6cdee57{/logs,file:///workdir/hadoop-ozone/integration-test/target/log,UNAVAILABLE}
2019-09-21 03:24:15,995 [Datanode State Machine Thread - 0] INFO  statemachine.DatanodeStateMachine (DatanodeStateMachine.java:lambda$startDaemon$0(350)) - Ozone container server started.
2019-09-21 03:24:16,623 [Datanode State Machine Thread - 0] INFO  statemachine.DatanodeStateMachine (DatanodeStateMachine.java:lambda$startDaemon$0(350)) - Ozone container server started.
2019-09-21 03:24:18,703 [Thread-3156] INFO  impl.FollowerState (FollowerState.java:run(106)) - 3f34ee0a-5f1f-4899-a1d6-9aea1a91e47f:group-7024853660D2 changes to CANDIDATE, lastRpcTime:5152, electionTimeout:5134ms
2019-09-21 03:24:18,704 [Thread-3156] INFO  impl.RoleInfo (RoleInfo.java:shutdownFollowerState(121)) - 3f34ee0a-5f1f-4899-a1d6-9aea1a91e47f: shutdown FollowerState
2019-09-21 03:24:18,704 [Thread-3156] INFO  impl.RaftServerImpl (RaftServerImpl.java:setRole(174)) - 3f34ee0a-5f1f-4899-a1d6-9aea1a91e47f@group-7024853660D2: changes role from  FOLLOWER to CANDIDATE at term 3 for changeToCandidate
2019-09-21 03:24:18,704 [Thread-3156] INFO  impl.RoleInfo (RoleInfo.java:updateAndGet(143)) - 3f34ee0a-5f1f-4899-a1d6-9aea1a91e47f: start LeaderElection
2019-09-21 03:24:18,709 [3f34ee0a-5f1f-4899-a1d6-9aea1a91e47f@group-7024853660D2:LeaderElection84] INFO  impl.RaftServerImpl (ServerState.java:setLeader(253)) - 3f34ee0a-5f1f-4899-a1d6-9aea1a91e47f@group-7024853660D2: change Leader from e0b13bb3-f106-4a40-bedd-a90450f34792 to null at term 3 for initElection
2019-09-21 03:24:18,730 [3f34ee0a-5f1f-4899-a1d6-9aea1a91e47f@group-7024853660D2:LeaderElection84] INFO  impl.LeaderElection (LeaderElection.java:askForVotes(182)) - 3f34ee0a-5f1f-4899-a1d6-9aea1a91e47f@group-7024853660D2:LeaderElection84: begin an election at term 4 for 16: [b760601b-20df-4ecf-8386-2afc7d1b8d1f:192.168.36.122:40326, 3f34ee0a-5f1f-4899-a1d6-9aea1a91e47f:192.168.36.122:38557, e0b13bb3-f106-4a40-bedd-a90450f34792:192.168.36.122:46354], old=null
2019-09-21 03:24:18,732 [3f34ee0a-5f1f-4899-a1d6-9aea1a91e47f@group-7024853660D2:LeaderElection84] INFO  impl.LeaderElection (LogUtils.java:infoOrTrace(149)) - 3f34ee0a-5f1f-4899-a1d6-9aea1a91e47f@group-7024853660D2:LeaderElection84 got exception when requesting votes: {}
java.util.concurrent.ExecutionException: org.apache.ratis.thirdparty.io.grpc.StatusRuntimeException: UNAVAILABLE: io exception
	at java.util.concurrent.FutureTask.report(FutureTask.java:122)
	at java.util.concurrent.FutureTask.get(FutureTask.java:192)
	at org.apache.ratis.server.impl.LeaderElection.waitForResults(LeaderElection.java:263)
	at org.apache.ratis.server.impl.LeaderElection.askForVotes(LeaderElection.java:201)
	at org.apache.ratis.server.impl.LeaderElection.run(LeaderElection.java:133)
	at java.lang.Thread.run(Thread.java:748)
Caused by: org.apache.ratis.thirdparty.io.grpc.StatusRuntimeException: UNAVAILABLE: io exception
	at org.apache.ratis.thirdparty.io.grpc.stub.ClientCalls.toStatusRuntimeException(ClientCalls.java:233)
	at org.apache.ratis.thirdparty.io.grpc.stub.ClientCalls.getUnchecked(ClientCalls.java:214)
	at org.apache.ratis.thirdparty.io.grpc.stub.ClientCalls.blockingUnaryCall(ClientCalls.java:139)
	at org.apache.ratis.proto.grpc.RaftServerProtocolServiceGrpc$RaftServerProtocolServiceBlockingStub.requestVote(RaftServerProtocolServiceGrpc.java:265)
	at org.apache.ratis.grpc.server.GrpcServerProtocolClient.requestVote(GrpcServerProtocolClient.java:90)
	at org.apache.ratis.grpc.server.GrpcService.requestVote(GrpcService.java:204)
	at org.apache.ratis.server.impl.LeaderElection.lambda$submitRequests$1(LeaderElection.java:238)
	at java.util.concurrent.FutureTask.run(FutureTask.java:266)
	at java.util.concurrent.Executors$RunnableAdapter.call(Executors.java:511)
	at java.util.concurrent.FutureTask.run(FutureTask.java:266)
	at java.util.concurrent.ThreadPoolExecutor.runWorker(ThreadPoolExecutor.java:1149)
	at java.util.concurrent.ThreadPoolExecutor$Worker.run(ThreadPoolExecutor.java:624)
	... 1 more
Caused by: org.apache.ratis.thirdparty.io.netty.channel.AbstractChannel$AnnotatedConnectException: Connection refused: /192.168.36.122:40326
	at sun.nio.ch.SocketChannelImpl.checkConnect(Native Method)
	at sun.nio.ch.SocketChannelImpl.finishConnect(SocketChannelImpl.java:717)
	at org.apache.ratis.thirdparty.io.netty.channel.socket.nio.NioSocketChannel.doFinishConnect(NioSocketChannel.java:327)
	at org.apache.ratis.thirdparty.io.netty.channel.nio.AbstractNioChannel$AbstractNioUnsafe.finishConnect(AbstractNioChannel.java:340)
	at org.apache.ratis.thirdparty.io.netty.channel.nio.NioEventLoop.processSelectedKey(NioEventLoop.java:632)
	at org.apache.ratis.thirdparty.io.netty.channel.nio.NioEventLoop.processSelectedKeysOptimized(NioEventLoop.java:579)
	at org.apache.ratis.thirdparty.io.netty.channel.nio.NioEventLoop.processSelectedKeys(NioEventLoop.java:496)
	at org.apache.ratis.thirdparty.io.netty.channel.nio.NioEventLoop.run(NioEventLoop.java:458)
	at org.apache.ratis.thirdparty.io.netty.util.concurrent.SingleThreadEventExecutor$5.run(SingleThreadEventExecutor.java:897)
	at org.apache.ratis.thirdparty.io.netty.util.concurrent.FastThreadLocalRunnable.run(FastThreadLocalRunnable.java:30)
	... 1 more
Caused by: java.net.ConnectException: Connection refused
	... 11 more
2019-09-21 03:24:18,735 [3f34ee0a-5f1f-4899-a1d6-9aea1a91e47f@group-7024853660D2:LeaderElection84] INFO  impl.LeaderElection (LogUtils.java:infoOrTrace(149)) - 3f34ee0a-5f1f-4899-a1d6-9aea1a91e47f@group-7024853660D2:LeaderElection84 got exception when requesting votes: {}
java.util.concurrent.ExecutionException: org.apache.ratis.thirdparty.io.grpc.StatusRuntimeException: UNAVAILABLE: io exception
	at java.util.concurrent.FutureTask.report(FutureTask.java:122)
	at java.util.concurrent.FutureTask.get(FutureTask.java:192)
	at org.apache.ratis.server.impl.LeaderElection.waitForResults(LeaderElection.java:263)
	at org.apache.ratis.server.impl.LeaderElection.askForVotes(LeaderElection.java:201)
	at org.apache.ratis.server.impl.LeaderElection.run(LeaderElection.java:133)
	at java.lang.Thread.run(Thread.java:748)
Caused by: org.apache.ratis.thirdparty.io.grpc.StatusRuntimeException: UNAVAILABLE: io exception
	at org.apache.ratis.thirdparty.io.grpc.stub.ClientCalls.toStatusRuntimeException(ClientCalls.java:233)
	at org.apache.ratis.thirdparty.io.grpc.stub.ClientCalls.getUnchecked(ClientCalls.java:214)
	at org.apache.ratis.thirdparty.io.grpc.stub.ClientCalls.blockingUnaryCall(ClientCalls.java:139)
	at org.apache.ratis.proto.grpc.RaftServerProtocolServiceGrpc$RaftServerProtocolServiceBlockingStub.requestVote(RaftServerProtocolServiceGrpc.java:265)
	at org.apache.ratis.grpc.server.GrpcServerProtocolClient.requestVote(GrpcServerProtocolClient.java:90)
	at org.apache.ratis.grpc.server.GrpcService.requestVote(GrpcService.java:204)
	at org.apache.ratis.server.impl.LeaderElection.lambda$submitRequests$1(LeaderElection.java:238)
	at java.util.concurrent.FutureTask.run(FutureTask.java:266)
	at java.util.concurrent.Executors$RunnableAdapter.call(Executors.java:511)
	at java.util.concurrent.FutureTask.run(FutureTask.java:266)
	at java.util.concurrent.ThreadPoolExecutor.runWorker(ThreadPoolExecutor.java:1149)
	at java.util.concurrent.ThreadPoolExecutor$Worker.run(ThreadPoolExecutor.java:624)
	... 1 more
Caused by: org.apache.ratis.thirdparty.io.netty.channel.AbstractChannel$AnnotatedConnectException: Connection refused: /192.168.36.122:46354
	at sun.nio.ch.SocketChannelImpl.checkConnect(Native Method)
	at sun.nio.ch.SocketChannelImpl.finishConnect(SocketChannelImpl.java:717)
	at org.apache.ratis.thirdparty.io.netty.channel.socket.nio.NioSocketChannel.doFinishConnect(NioSocketChannel.java:327)
	at org.apache.ratis.thirdparty.io.netty.channel.nio.AbstractNioChannel$AbstractNioUnsafe.finishConnect(AbstractNioChannel.java:340)
	at org.apache.ratis.thirdparty.io.netty.channel.nio.NioEventLoop.processSelectedKey(NioEventLoop.java:632)
	at org.apache.ratis.thirdparty.io.netty.channel.nio.NioEventLoop.processSelectedKeysOptimized(NioEventLoop.java:579)
	at org.apache.ratis.thirdparty.io.netty.channel.nio.NioEventLoop.processSelectedKeys(NioEventLoop.java:496)
	at org.apache.ratis.thirdparty.io.netty.channel.nio.NioEventLoop.run(NioEventLoop.java:458)
	at org.apache.ratis.thirdparty.io.netty.util.concurrent.SingleThreadEventExecutor$5.run(SingleThreadEventExecutor.java:897)
	at org.apache.ratis.thirdparty.io.netty.util.concurrent.FastThreadLocalRunnable.run(FastThreadLocalRunnable.java:30)
	... 1 more
Caused by: java.net.ConnectException: Connection refused
	... 11 more
2019-09-21 03:24:18,736 [3f34ee0a-5f1f-4899-a1d6-9aea1a91e47f@group-7024853660D2:LeaderElection84] INFO  impl.LeaderElection (LeaderElection.java:logAndReturn(56)) - 3f34ee0a-5f1f-4899-a1d6-9aea1a91e47f@group-7024853660D2:LeaderElection84: Election REJECTED; received 0 response(s) [] and 2 exception(s); 3f34ee0a-5f1f-4899-a1d6-9aea1a91e47f@group-7024853660D2:t4, leader=null, voted=3f34ee0a-5f1f-4899-a1d6-9aea1a91e47f, raftlog=3f34ee0a-5f1f-4899-a1d6-9aea1a91e47f@group-7024853660D2-SegmentedRaftLog:OPENED:c17,f17,i17, conf=16: [b760601b-20df-4ecf-8386-2afc7d1b8d1f:192.168.36.122:40326, 3f34ee0a-5f1f-4899-a1d6-9aea1a91e47f:192.168.36.122:38557, e0b13bb3-f106-4a40-bedd-a90450f34792:192.168.36.122:46354], old=null
2019-09-21 03:24:18,736 [3f34ee0a-5f1f-4899-a1d6-9aea1a91e47f@group-7024853660D2:LeaderElection84] INFO  impl.LeaderElection (LogUtils.java:infoOrTrace(149)) -   Exception 0: {}
java.util.concurrent.ExecutionException: org.apache.ratis.thirdparty.io.grpc.StatusRuntimeException: UNAVAILABLE: io exception
	at java.util.concurrent.FutureTask.report(FutureTask.java:122)
	at java.util.concurrent.FutureTask.get(FutureTask.java:192)
	at org.apache.ratis.server.impl.LeaderElection.waitForResults(LeaderElection.java:263)
	at org.apache.ratis.server.impl.LeaderElection.askForVotes(LeaderElection.java:201)
	at org.apache.ratis.server.impl.LeaderElection.run(LeaderElection.java:133)
	at java.lang.Thread.run(Thread.java:748)
Caused by: org.apache.ratis.thirdparty.io.grpc.StatusRuntimeException: UNAVAILABLE: io exception
	at org.apache.ratis.thirdparty.io.grpc.stub.ClientCalls.toStatusRuntimeException(ClientCalls.java:233)
	at org.apache.ratis.thirdparty.io.grpc.stub.ClientCalls.getUnchecked(ClientCalls.java:214)
	at org.apache.ratis.thirdparty.io.grpc.stub.ClientCalls.blockingUnaryCall(ClientCalls.java:139)
	at org.apache.ratis.proto.grpc.RaftServerProtocolServiceGrpc$RaftServerProtocolServiceBlockingStub.requestVote(RaftServerProtocolServiceGrpc.java:265)
	at org.apache.ratis.grpc.server.GrpcServerProtocolClient.requestVote(GrpcServerProtocolClient.java:90)
	at org.apache.ratis.grpc.server.GrpcService.requestVote(GrpcService.java:204)
	at org.apache.ratis.server.impl.LeaderElection.lambda$submitRequests$1(LeaderElection.java:238)
	at java.util.concurrent.FutureTask.run(FutureTask.java:266)
	at java.util.concurrent.Executors$RunnableAdapter.call(Executors.java:511)
	at java.util.concurrent.FutureTask.run(FutureTask.java:266)
	at java.util.concurrent.ThreadPoolExecutor.runWorker(ThreadPoolExecutor.java:1149)
	at java.util.concurrent.ThreadPoolExecutor$Worker.run(ThreadPoolExecutor.java:624)
	... 1 more
Caused by: org.apache.ratis.thirdparty.io.netty.channel.AbstractChannel$AnnotatedConnectException: Connection refused: /192.168.36.122:40326
	at sun.nio.ch.SocketChannelImpl.checkConnect(Native Method)
	at sun.nio.ch.SocketChannelImpl.finishConnect(SocketChannelImpl.java:717)
	at org.apache.ratis.thirdparty.io.netty.channel.socket.nio.NioSocketChannel.doFinishConnect(NioSocketChannel.java:327)
	at org.apache.ratis.thirdparty.io.netty.channel.nio.AbstractNioChannel$AbstractNioUnsafe.finishConnect(AbstractNioChannel.java:340)
	at org.apache.ratis.thirdparty.io.netty.channel.nio.NioEventLoop.processSelectedKey(NioEventLoop.java:632)
	at org.apache.ratis.thirdparty.io.netty.channel.nio.NioEventLoop.processSelectedKeysOptimized(NioEventLoop.java:579)
	at org.apache.ratis.thirdparty.io.netty.channel.nio.NioEventLoop.processSelectedKeys(NioEventLoop.java:496)
	at org.apache.ratis.thirdparty.io.netty.channel.nio.NioEventLoop.run(NioEventLoop.java:458)
	at org.apache.ratis.thirdparty.io.netty.util.concurrent.SingleThreadEventExecutor$5.run(SingleThreadEventExecutor.java:897)
	at org.apache.ratis.thirdparty.io.netty.util.concurrent.FastThreadLocalRunnable.run(FastThreadLocalRunnable.java:30)
	... 1 more
Caused by: java.net.ConnectException: Connection refused
	... 11 more
2019-09-21 03:24:18,737 [3f34ee0a-5f1f-4899-a1d6-9aea1a91e47f@group-7024853660D2:LeaderElection84] INFO  impl.LeaderElection (LogUtils.java:infoOrTrace(149)) -   Exception 1: {}
java.util.concurrent.ExecutionException: org.apache.ratis.thirdparty.io.grpc.StatusRuntimeException: UNAVAILABLE: io exception
	at java.util.concurrent.FutureTask.report(FutureTask.java:122)
	at java.util.concurrent.FutureTask.get(FutureTask.java:192)
	at org.apache.ratis.server.impl.LeaderElection.waitForResults(LeaderElection.java:263)
	at org.apache.ratis.server.impl.LeaderElection.askForVotes(LeaderElection.java:201)
	at org.apache.ratis.server.impl.LeaderElection.run(LeaderElection.java:133)
	at java.lang.Thread.run(Thread.java:748)
Caused by: org.apache.ratis.thirdparty.io.grpc.StatusRuntimeException: UNAVAILABLE: io exception
	at org.apache.ratis.thirdparty.io.grpc.stub.ClientCalls.toStatusRuntimeException(ClientCalls.java:233)
	at org.apache.ratis.thirdparty.io.grpc.stub.ClientCalls.getUnchecked(ClientCalls.java:214)
	at org.apache.ratis.thirdparty.io.grpc.stub.ClientCalls.blockingUnaryCall(ClientCalls.java:139)
	at org.apache.ratis.proto.grpc.RaftServerProtocolServiceGrpc$RaftServerProtocolServiceBlockingStub.requestVote(RaftServerProtocolServiceGrpc.java:265)
	at org.apache.ratis.grpc.server.GrpcServerProtocolClient.requestVote(GrpcServerProtocolClient.java:90)
	at org.apache.ratis.grpc.server.GrpcService.requestVote(GrpcService.java:204)
	at org.apache.ratis.server.impl.LeaderElection.lambda$submitRequests$1(LeaderElection.java:238)
	at java.util.concurrent.FutureTask.run(FutureTask.java:266)
	at java.util.concurrent.Executors$RunnableAdapter.call(Executors.java:511)
	at java.util.concurrent.FutureTask.run(FutureTask.java:266)
	at java.util.concurrent.ThreadPoolExecutor.runWorker(ThreadPoolExecutor.java:1149)
	at java.util.concurrent.ThreadPoolExecutor$Worker.run(ThreadPoolExecutor.java:624)
	... 1 more
Caused by: org.apache.ratis.thirdparty.io.netty.channel.AbstractChannel$AnnotatedConnectException: Connection refused: /192.168.36.122:46354
	at sun.nio.ch.SocketChannelImpl.checkConnect(Native Method)
	at sun.nio.ch.SocketChannelImpl.finishConnect(SocketChannelImpl.java:717)
	at org.apache.ratis.thirdparty.io.netty.channel.socket.nio.NioSocketChannel.doFinishConnect(NioSocketChannel.java:327)
	at org.apache.ratis.thirdparty.io.netty.channel.nio.AbstractNioChannel$AbstractNioUnsafe.finishConnect(AbstractNioChannel.java:340)
	at org.apache.ratis.thirdparty.io.netty.channel.nio.NioEventLoop.processSelectedKey(NioEventLoop.java:632)
	at org.apache.ratis.thirdparty.io.netty.channel.nio.NioEventLoop.processSelectedKeysOptimized(NioEventLoop.java:579)
	at org.apache.ratis.thirdparty.io.netty.channel.nio.NioEventLoop.processSelectedKeys(NioEventLoop.java:496)
	at org.apache.ratis.thirdparty.io.netty.channel.nio.NioEventLoop.run(NioEventLoop.java:458)
	at org.apache.ratis.thirdparty.io.netty.util.concurrent.SingleThreadEventExecutor$5.run(SingleThreadEventExecutor.java:897)
	at org.apache.ratis.thirdparty.io.netty.util.concurrent.FastThreadLocalRunnable.run(FastThreadLocalRunnable.java:30)
	... 1 more
Caused by: java.net.ConnectException: Connection refused
	... 11 more
2019-09-21 03:24:18,737 [3f34ee0a-5f1f-4899-a1d6-9aea1a91e47f@group-7024853660D2:LeaderElection84] INFO  impl.RaftServerImpl (RaftServerImpl.java:setRole(174)) - 3f34ee0a-5f1f-4899-a1d6-9aea1a91e47f@group-7024853660D2: changes role from CANDIDATE to FOLLOWER at term 4 for DISCOVERED_A_NEW_TERM
2019-09-21 03:24:18,737 [3f34ee0a-5f1f-4899-a1d6-9aea1a91e47f@group-7024853660D2:LeaderElection84] INFO  impl.RoleInfo (RoleInfo.java:shutdownLeaderElection(134)) - 3f34ee0a-5f1f-4899-a1d6-9aea1a91e47f: shutdown LeaderElection
2019-09-21 03:24:18,737 [3f34ee0a-5f1f-4899-a1d6-9aea1a91e47f@group-7024853660D2:LeaderElection84] INFO  impl.RoleInfo (RoleInfo.java:updateAndGet(143)) - 3f34ee0a-5f1f-4899-a1d6-9aea1a91e47f: start FollowerState
2019-09-21 03:24:20,026 [EventQueue-StaleNodeForStaleNodeHandler] INFO  node.StaleNodeHandler (StaleNodeHandler.java:onMessage(58)) - Datanode bef20ca5-bd9d-4b10-9717-ad28e839cae3{ip: 192.168.36.122, host: pr-hdds-2161-42js2-1613171706, networkLocation: /default-rack, certSerialId: null} moved to stale state. Finalizing its pipelines [PipelineID=554f3418-0adf-4207-93b6-035020d4b45b]
2019-09-21 03:24:20,033 [EventQueue-StaleNodeForStaleNodeHandler] INFO  pipeline.SCMPipelineManager (SCMPipelineManager.java:finalizeAndDestroyPipeline(315)) - destroying pipeline:Pipeline[ Id: 554f3418-0adf-4207-93b6-035020d4b45b, Nodes: bef20ca5-bd9d-4b10-9717-ad28e839cae3{ip: 192.168.36.122, host: pr-hdds-2161-42js2-1613171706, networkLocation: /default-rack, certSerialId: null}, Type:RATIS, Factor:ONE, State:OPEN]
2019-09-21 03:24:20,033 [EventQueue-StaleNodeForStaleNodeHandler] INFO  pipeline.PipelineStateManager (PipelineStateManager.java:finalizePipeline(123)) - Pipeline Pipeline[ Id: 554f3418-0adf-4207-93b6-035020d4b45b, Nodes: bef20ca5-bd9d-4b10-9717-ad28e839cae3{ip: 192.168.36.122, host: pr-hdds-2161-42js2-1613171706, networkLocation: /default-rack, certSerialId: null}, Type:RATIS, Factor:ONE, State:CLOSED] moved to CLOSED state
2019-09-21 03:24:20,627 [EventQueue-StaleNodeForStaleNodeHandler] INFO  node.StaleNodeHandler (StaleNodeHandler.java:onMessage(58)) - Datanode 3f34ee0a-5f1f-4899-a1d6-9aea1a91e47f{ip: 192.168.36.122, host: pr-hdds-2161-42js2-1613171706, networkLocation: /default-rack, certSerialId: null} moved to stale state. Finalizing its pipelines [PipelineID=8c4f2bbf-e57d-4a8b-baf1-b81f51412a05, PipelineID=b7a7eea1-dff5-4f30-97ad-7024853660d2]
2019-09-21 03:24:20,627 [EventQueue-StaleNodeForStaleNodeHandler] INFO  pipeline.SCMPipelineManager (SCMPipelineManager.java:finalizeAndDestroyPipeline(315)) - destroying pipeline:Pipeline[ Id: 8c4f2bbf-e57d-4a8b-baf1-b81f51412a05, Nodes: 3f34ee0a-5f1f-4899-a1d6-9aea1a91e47f{ip: 192.168.36.122, host: pr-hdds-2161-42js2-1613171706, networkLocation: /default-rack, certSerialId: null}, Type:RATIS, Factor:ONE, State:OPEN]
2019-09-21 03:24:20,627 [EventQueue-StaleNodeForStaleNodeHandler] INFO  pipeline.PipelineStateManager (PipelineStateManager.java:finalizePipeline(123)) - Pipeline Pipeline[ Id: 8c4f2bbf-e57d-4a8b-baf1-b81f51412a05, Nodes: 3f34ee0a-5f1f-4899-a1d6-9aea1a91e47f{ip: 192.168.36.122, host: pr-hdds-2161-42js2-1613171706, networkLocation: /default-rack, certSerialId: null}, Type:RATIS, Factor:ONE, State:CLOSED] moved to CLOSED state
2019-09-21 03:24:20,627 [EventQueue-StaleNodeForStaleNodeHandler] INFO  pipeline.SCMPipelineManager (SCMPipelineManager.java:finalizeAndDestroyPipeline(315)) - destroying pipeline:Pipeline[ Id: b7a7eea1-dff5-4f30-97ad-7024853660d2, Nodes: b760601b-20df-4ecf-8386-2afc7d1b8d1f{ip: 192.168.36.122, host: pr-hdds-2161-42js2-1613171706, networkLocation: /default-rack, certSerialId: null}3f34ee0a-5f1f-4899-a1d6-9aea1a91e47f{ip: 192.168.36.122, host: pr-hdds-2161-42js2-1613171706, networkLocation: /default-rack, certSerialId: null}e0b13bb3-f106-4a40-bedd-a90450f34792{ip: 192.168.36.122, host: pr-hdds-2161-42js2-1613171706, networkLocation: /default-rack, certSerialId: null}, Type:RATIS, Factor:THREE, State:CLOSED]
2019-09-21 03:24:20,784 [ForkJoinPool.commonPool-worker-1] INFO  ozoneimpl.OzoneContainer (OzoneContainer.java:stop(231)) - Attempting to stop container services.
2019-09-21 03:24:20,784 [main] INFO  ozoneimpl.OzoneContainer (OzoneContainer.java:stop(231)) - Attempting to stop container services.
2019-09-21 03:24:20,788 [ForkJoinPool.commonPool-worker-1] INFO  impl.RaftServerProxy (RaftServerProxy.java:lambda$close$4(314)) - 3f34ee0a-5f1f-4899-a1d6-9aea1a91e47f: close
2019-09-21 03:24:20,789 [main] INFO  impl.RaftServerProxy (RaftServerProxy.java:lambda$close$4(314)) - bef20ca5-bd9d-4b10-9717-ad28e839cae3: close
2019-09-21 03:24:20,789 [ForkJoinPool.commonPool-worker-1] INFO  impl.RaftServerImpl (RaftServerImpl.java:lambda$shutdown$3(251)) - 3f34ee0a-5f1f-4899-a1d6-9aea1a91e47f@group-B81F51412A05: shutdown
2019-09-21 03:24:20,789 [main] INFO  impl.RaftServerImpl (RaftServerImpl.java:lambda$shutdown$3(251)) - bef20ca5-bd9d-4b10-9717-ad28e839cae3@group-035020D4B45B: shutdown
2019-09-21 03:24:20,789 [ForkJoinPool.commonPool-worker-1] INFO  util.JmxRegister (JmxRegister.java:unregister(73)) - Successfully un-registered JMX Bean with object name Ratis:service=RaftServer,group=group-B81F51412A05,id=3f34ee0a-5f1f-4899-a1d6-9aea1a91e47f
2019-09-21 03:24:20,790 [main] INFO  util.JmxRegister (JmxRegister.java:unregister(73)) - Successfully un-registered JMX Bean with object name Ratis:service=RaftServer,group=group-035020D4B45B,id=bef20ca5-bd9d-4b10-9717-ad28e839cae3
2019-09-21 03:24:20,790 [ForkJoinPool.commonPool-worker-1] INFO  impl.RoleInfo (RoleInfo.java:shutdownLeaderState(104)) - 3f34ee0a-5f1f-4899-a1d6-9aea1a91e47f: shutdown LeaderState
2019-09-21 03:24:20,790 [main] INFO  impl.RoleInfo (RoleInfo.java:shutdownLeaderState(104)) - bef20ca5-bd9d-4b10-9717-ad28e839cae3: shutdown LeaderState
2019-09-21 03:24:20,790 [ForkJoinPool.commonPool-worker-1] INFO  impl.PendingRequests (PendingRequests.java:sendNotLeaderResponses(202)) - 3f34ee0a-5f1f-4899-a1d6-9aea1a91e47f-PendingRequests: sendNotLeaderResponses
2019-09-21 03:24:20,791 [main] INFO  impl.PendingRequests (PendingRequests.java:sendNotLeaderResponses(202)) - bef20ca5-bd9d-4b10-9717-ad28e839cae3-PendingRequests: sendNotLeaderResponses
2019-09-21 03:24:20,791 [ForkJoinPool.commonPool-worker-1] INFO  impl.StateMachineUpdater (StateMachineUpdater.java:stopAndJoin(125)) - 3f34ee0a-5f1f-4899-a1d6-9aea1a91e47f@group-B81F51412A05-StateMachineUpdater: set stopIndex = 0
2019-09-21 03:24:20,791 [main] INFO  impl.StateMachineUpdater (StateMachineUpdater.java:stopAndJoin(125)) - bef20ca5-bd9d-4b10-9717-ad28e839cae3@group-035020D4B45B-StateMachineUpdater: set stopIndex = 0
2019-09-21 03:24:20,792 [ForkJoinPool.commonPool-worker-1] INFO  impl.RaftServerImpl (ServerState.java:close(385)) - 3f34ee0a-5f1f-4899-a1d6-9aea1a91e47f@group-B81F51412A05: closes. applyIndex: 0
2019-09-21 03:24:20,792 [main] INFO  impl.RaftServerImpl (ServerState.java:close(385)) - bef20ca5-bd9d-4b10-9717-ad28e839cae3@group-035020D4B45B: closes. applyIndex: 0
2019-09-21 03:24:20,792 [3f34ee0a-5f1f-4899-a1d6-9aea1a91e47f@group-B81F51412A05-SegmentedRaftLogWorker] INFO  segmented.SegmentedRaftLogWorker (SegmentedRaftLogWorker.java:run(313)) - 3f34ee0a-5f1f-4899-a1d6-9aea1a91e47f@group-B81F51412A05-SegmentedRaftLogWorker was interrupted, exiting. There are 0 tasks remaining in the queue.
2019-09-21 03:24:20,792 [bef20ca5-bd9d-4b10-9717-ad28e839cae3@group-035020D4B45B-SegmentedRaftLogWorker] INFO  segmented.SegmentedRaftLogWorker (SegmentedRaftLogWorker.java:run(313)) - bef20ca5-bd9d-4b10-9717-ad28e839cae3@group-035020D4B45B-SegmentedRaftLogWorker was interrupted, exiting. There are 0 tasks remaining in the queue.
2019-09-21 03:24:20,797 [ForkJoinPool.commonPool-worker-1] INFO  segmented.SegmentedRaftLogWorker (SegmentedRaftLogWorker.java:close(228)) - 3f34ee0a-5f1f-4899-a1d6-9aea1a91e47f@group-B81F51412A05-SegmentedRaftLogWorker close()
2019-09-21 03:24:20,797 [main] INFO  segmented.SegmentedRaftLogWorker (SegmentedRaftLogWorker.java:close(228)) - bef20ca5-bd9d-4b10-9717-ad28e839cae3@group-035020D4B45B-SegmentedRaftLogWorker close()
2019-09-21 03:24:20,814 [ForkJoinPool.commonPool-worker-1] INFO  impl.RaftServerImpl (RaftServerImpl.java:lambda$shutdown$3(251)) - 3f34ee0a-5f1f-4899-a1d6-9aea1a91e47f@group-7024853660D2: shutdown
2019-09-21 03:24:20,816 [main] INFO  server.GrpcService (GrpcService.java:closeImpl(164)) - bef20ca5-bd9d-4b10-9717-ad28e839cae3: shutdown server with port 41507 now
2019-09-21 03:24:20,817 [ForkJoinPool.commonPool-worker-1] INFO  util.JmxRegister (JmxRegister.java:unregister(73)) - Successfully un-registered JMX Bean with object name Ratis:service=RaftServer,group=group-7024853660D2,id=3f34ee0a-5f1f-4899-a1d6-9aea1a91e47f
2019-09-21 03:24:20,817 [ForkJoinPool.commonPool-worker-1] INFO  impl.RoleInfo (RoleInfo.java:shutdownFollowerState(121)) - 3f34ee0a-5f1f-4899-a1d6-9aea1a91e47f: shutdown FollowerState
2019-09-21 03:24:20,817 [main] INFO  server.GrpcService (GrpcService.java:closeImpl(172)) - bef20ca5-bd9d-4b10-9717-ad28e839cae3: shutdown server with port 41507 successfully
2019-09-21 03:24:20,817 [ForkJoinPool.commonPool-worker-1] INFO  impl.StateMachineUpdater (StateMachineUpdater.java:stopAndJoin(125)) - 3f34ee0a-5f1f-4899-a1d6-9aea1a91e47f@group-7024853660D2-StateMachineUpdater: set stopIndex = 17
2019-09-21 03:24:20,818 [Thread-3234] INFO  impl.FollowerState (FollowerState.java:run(115)) - 3f34ee0a-5f1f-4899-a1d6-9aea1a91e47f: FollowerState was interrupted: java.lang.InterruptedException: sleep interrupted
2019-09-21 03:24:20,818 [3f34ee0a-5f1f-4899-a1d6-9aea1a91e47f@group-7024853660D2-StateMachineUpdater] INFO  ratis.ContainerStateMachine (ContainerStateMachine.java:takeSnapshot(289)) - group-7024853660D2: Taking a snapshot at:(t:1, i:13) file /workdir/hadoop-ozone/integration-test/target/test-dir/MiniOzoneClusterImpl-cae1a81b-9ca5-4f12-9003-0d2cd477a7a0/datanode-0/data/ratis/b7a7eea1-dff5-4f30-97ad-7024853660d2/sm/snapshot.1_13
2019-09-21 03:24:20,822 [refreshUsed-/workdir/hadoop-ozone/integration-test/target/test-dir/MiniOzoneClusterImpl-cae1a81b-9ca5-4f12-9003-0d2cd477a7a0/datanode-3/data/containers] WARN  fs.CachingGetSpaceUsed (CachingGetSpaceUsed.java:run(183)) - Thread Interrupted waiting to refresh disk information: sleep interrupted
2019-09-21 03:24:20,843 [main] INFO  utils.BackgroundService (BackgroundService.java:shutdown(148)) - Shutting down service BlockDeletingService
2019-09-21 03:24:20,848 [main] INFO  statemachine.DatanodeStateMachine (DatanodeStateMachine.java:stopDaemon(395)) - Ozone container server stopped.
2019-09-21 03:24:20,849 [3f34ee0a-5f1f-4899-a1d6-9aea1a91e47f@group-7024853660D2-StateMachineUpdater] INFO  ratis.ContainerStateMachine (ContainerStateMachine.java:takeSnapshot(300)) - group-7024853660D2: Finished taking a snapshot at:(t:1, i:13) file:/workdir/hadoop-ozone/integration-test/target/test-dir/MiniOzoneClusterImpl-cae1a81b-9ca5-4f12-9003-0d2cd477a7a0/datanode-0/data/ratis/b7a7eea1-dff5-4f30-97ad-7024853660d2/sm/snapshot.1_13 time:31
2019-09-21 03:24:20,850 [3f34ee0a-5f1f-4899-a1d6-9aea1a91e47f@group-7024853660D2-StateMachineUpdater] INFO  impl.StateMachineUpdater (StateMachineUpdater.java:takeSnapshot(258)) - 3f34ee0a-5f1f-4899-a1d6-9aea1a91e47f@group-7024853660D2-StateMachineUpdater: Took a snapshot at index 13
2019-09-21 03:24:20,850 [3f34ee0a-5f1f-4899-a1d6-9aea1a91e47f@group-7024853660D2-StateMachineUpdater] INFO  impl.StateMachineUpdater (StateMachineUpdater.java:lambda$new$0(83)) - 3f34ee0a-5f1f-4899-a1d6-9aea1a91e47f@group-7024853660D2-StateMachineUpdater: snapshotIndex: updateIncreasingly -1 -> 13
2019-09-21 03:24:20,850 [main] INFO  handler.ContextHandler (ContextHandler.java:doStop(910)) - Stopped o.e.j.w.WebAppContext@7d484fcd{/,null,UNAVAILABLE}{/hddsDatanode}
2019-09-21 03:24:20,850 [3f34ee0a-5f1f-4899-a1d6-9aea1a91e47f@group-7024853660D2-StateMachineUpdater] INFO  ratis.ContainerStateMachine (ContainerStateMachine.java:takeSnapshot(289)) - group-7024853660D2: Taking a snapshot at:(t:1, i:13) file /workdir/hadoop-ozone/integration-test/target/test-dir/MiniOzoneClusterImpl-cae1a81b-9ca5-4f12-9003-0d2cd477a7a0/datanode-0/data/ratis/b7a7eea1-dff5-4f30-97ad-7024853660d2/sm/snapshot.1_13
2019-09-21 03:24:20,851 [main] INFO  server.AbstractConnector (AbstractConnector.java:doStop(318)) - Stopped ServerConnector@788e3702{HTTP/1.1,[http/1.1]}{0.0.0.0:0}
2019-09-21 03:24:20,851 [main] INFO  handler.ContextHandler (ContextHandler.java:doStop(910)) - Stopped o.e.j.s.ServletContextHandler@54f6b629{/static,jar:file:/home/user/.m2/repository/org/apache/hadoop/hadoop-hdds-container-service/0.5.0-SNAPSHOT/hadoop-hdds-container-service-0.5.0-SNAPSHOT.jar!/webapps/static,UNAVAILABLE}
2019-09-21 03:24:20,852 [main] INFO  handler.ContextHandler (ContextHandler.java:doStop(910)) - Stopped o.e.j.s.ServletContextHandler@115c946b{/logs,file:///workdir/hadoop-ozone/integration-test/target/log,UNAVAILABLE}
2019-09-21 03:24:20,863 [3f34ee0a-5f1f-4899-a1d6-9aea1a91e47f@group-7024853660D2-StateMachineUpdater] INFO  ratis.ContainerStateMachine (ContainerStateMachine.java:takeSnapshot(300)) - group-7024853660D2: Finished taking a snapshot at:(t:1, i:13) file:/workdir/hadoop-ozone/integration-test/target/test-dir/MiniOzoneClusterImpl-cae1a81b-9ca5-4f12-9003-0d2cd477a7a0/datanode-0/data/ratis/b7a7eea1-dff5-4f30-97ad-7024853660d2/sm/snapshot.1_13 time:13
2019-09-21 03:24:20,863 [3f34ee0a-5f1f-4899-a1d6-9aea1a91e47f@group-7024853660D2-StateMachineUpdater] INFO  impl.StateMachineUpdater (StateMachineUpdater.java:takeSnapshot(258)) - 3f34ee0a-5f1f-4899-a1d6-9aea1a91e47f@group-7024853660D2-StateMachineUpdater: Took a snapshot at index 13
2019-09-21 03:24:20,863 [3f34ee0a-5f1f-4899-a1d6-9aea1a91e47f@group-7024853660D2-StateMachineUpdater] INFO  impl.StateMachineUpdater (StateMachineUpdater.java:lambda$new$0(83)) - 3f34ee0a-5f1f-4899-a1d6-9aea1a91e47f@group-7024853660D2-StateMachineUpdater: snapshotIndex: updateIncreasingly 13 -> 13
2019-09-21 03:24:20,863 [ForkJoinPool.commonPool-worker-1] INFO  impl.RaftServerImpl (ServerState.java:close(385)) - 3f34ee0a-5f1f-4899-a1d6-9aea1a91e47f@group-7024853660D2: closes. applyIndex: 17
2019-09-21 03:24:20,864 [3f34ee0a-5f1f-4899-a1d6-9aea1a91e47f@group-7024853660D2-SegmentedRaftLogWorker] INFO  segmented.SegmentedRaftLogWorker (SegmentedRaftLogWorker.java:run(313)) - 3f34ee0a-5f1f-4899-a1d6-9aea1a91e47f@group-7024853660D2-SegmentedRaftLogWorker was interrupted, exiting. There are 0 tasks remaining in the queue.
2019-09-21 03:24:20,866 [ForkJoinPool.commonPool-worker-1] INFO  segmented.SegmentedRaftLogWorker (SegmentedRaftLogWorker.java:close(228)) - 3f34ee0a-5f1f-4899-a1d6-9aea1a91e47f@group-7024853660D2-SegmentedRaftLogWorker close()
2019-09-21 03:24:20,868 [ForkJoinPool.commonPool-worker-1] INFO  server.GrpcService (GrpcService.java:closeImpl(164)) - 3f34ee0a-5f1f-4899-a1d6-9aea1a91e47f: shutdown server with port 38557 now
2019-09-21 03:24:20,868 [ForkJoinPool.commonPool-worker-1] INFO  server.GrpcService (GrpcService.java:closeImpl(172)) - 3f34ee0a-5f1f-4899-a1d6-9aea1a91e47f: shutdown server with port 38557 successfully
2019-09-21 03:24:20,873 [refreshUsed-/workdir/hadoop-ozone/integration-test/target/test-dir/MiniOzoneClusterImpl-cae1a81b-9ca5-4f12-9003-0d2cd477a7a0/datanode-0/data/containers] WARN  fs.CachingGetSpaceUsed (CachingGetSpaceUsed.java:run(183)) - Thread Interrupted waiting to refresh disk information: sleep interrupted
2019-09-21 03:24:20,888 [ForkJoinPool.commonPool-worker-1] INFO  utils.BackgroundService (BackgroundService.java:shutdown(148)) - Shutting down service BlockDeletingService
2019-09-21 03:24:20,893 [ForkJoinPool.commonPool-worker-1] INFO  statemachine.DatanodeStateMachine (DatanodeStateMachine.java:stopDaemon(395)) - Ozone container server stopped.
2019-09-21 03:24:20,898 [ForkJoinPool.commonPool-worker-1] INFO  handler.ContextHandler (ContextHandler.java:doStop(910)) - Stopped o.e.j.w.WebAppContext@29bbc63c{/,null,UNAVAILABLE}{/hddsDatanode}
2019-09-21 03:24:20,899 [ForkJoinPool.commonPool-worker-1] INFO  server.AbstractConnector (AbstractConnector.java:doStop(318)) - Stopped ServerConnector@272778ae{HTTP/1.1,[http/1.1]}{0.0.0.0:0}
2019-09-21 03:24:20,901 [ForkJoinPool.commonPool-worker-1] INFO  handler.ContextHandler (ContextHandler.java:doStop(910)) - Stopped o.e.j.s.ServletContextHandler@539c4830{/static,jar:file:/home/user/.m2/repository/org/apache/hadoop/hadoop-hdds-container-service/0.5.0-SNAPSHOT/hadoop-hdds-container-service-0.5.0-SNAPSHOT.jar!/webapps/static,UNAVAILABLE}
2019-09-21 03:24:20,902 [ForkJoinPool.commonPool-worker-1] INFO  handler.ContextHandler (ContextHandler.java:doStop(910)) - Stopped o.e.j.s.ServletContextHandler@4645679e{/logs,file:///workdir/hadoop-ozone/integration-test/target/log,UNAVAILABLE}
2019-09-21 03:24:21,433 [Datanode State Machine Thread - 0] INFO  statemachine.DatanodeStateMachine (DatanodeStateMachine.java:lambda$startDaemon$0(350)) - Ozone container server started.
2019-09-21 03:24:21,433 [Datanode State Machine Thread - 0] INFO  statemachine.DatanodeStateMachine (DatanodeStateMachine.java:lambda$startDaemon$0(350)) - Ozone container server started.
2019-09-21 03:24:24,014 [Thread-3033] INFO  impl.FollowerState (FollowerState.java:run(106)) - eba3c3e9-81e1-4dd5-8a54-7a7aa2aef730:group-28DE72C30E3D changes to CANDIDATE, lastRpcTime:8376, electionTimeout:5158ms
2019-09-21 03:24:24,015 [Thread-3033] INFO  impl.RoleInfo (RoleInfo.java:shutdownFollowerState(121)) - eba3c3e9-81e1-4dd5-8a54-7a7aa2aef730: shutdown FollowerState
2019-09-21 03:24:24,015 [Thread-3033] INFO  impl.RaftServerImpl (RaftServerImpl.java:setRole(174)) - eba3c3e9-81e1-4dd5-8a54-7a7aa2aef730@group-28DE72C30E3D: changes role from  FOLLOWER to CANDIDATE at term 1 for changeToCandidate
2019-09-21 03:24:24,016 [Thread-3033] INFO  impl.RoleInfo (RoleInfo.java:updateAndGet(143)) - eba3c3e9-81e1-4dd5-8a54-7a7aa2aef730: start LeaderElection
2019-09-21 03:24:24,021 [eba3c3e9-81e1-4dd5-8a54-7a7aa2aef730@group-28DE72C30E3D:LeaderElection85] INFO  impl.RaftServerImpl (ServerState.java:setLeader(253)) - eba3c3e9-81e1-4dd5-8a54-7a7aa2aef730@group-28DE72C30E3D: change Leader from fb72d5d5-9329-40c5-96ab-8fbea53877da to null at term 1 for initElection
2019-09-21 03:24:24,064 [eba3c3e9-81e1-4dd5-8a54-7a7aa2aef730@group-28DE72C30E3D:LeaderElection85] INFO  impl.LeaderElection (LeaderElection.java:askForVotes(182)) - eba3c3e9-81e1-4dd5-8a54-7a7aa2aef730@group-28DE72C30E3D:LeaderElection85: begin an election at term 2 for 0: [71e3ea0d-2bbd-4975-aca2-4e0b0af2cb8e:192.168.36.122:36765, fb72d5d5-9329-40c5-96ab-8fbea53877da:192.168.36.122:35569, eba3c3e9-81e1-4dd5-8a54-7a7aa2aef730:192.168.36.122:40551], old=null
2019-09-21 03:24:24,073 [eba3c3e9-81e1-4dd5-8a54-7a7aa2aef730@group-28DE72C30E3D:LeaderElection85] INFO  impl.LeaderElection (LogUtils.java:infoOrTrace(149)) - eba3c3e9-81e1-4dd5-8a54-7a7aa2aef730@group-28DE72C30E3D:LeaderElection85 got exception when requesting votes: {}
java.util.concurrent.ExecutionException: org.apache.ratis.thirdparty.io.grpc.StatusRuntimeException: UNAVAILABLE: io exception
	at java.util.concurrent.FutureTask.report(FutureTask.java:122)
	at java.util.concurrent.FutureTask.get(FutureTask.java:192)
	at org.apache.ratis.server.impl.LeaderElection.waitForResults(LeaderElection.java:263)
	at org.apache.ratis.server.impl.LeaderElection.askForVotes(LeaderElection.java:201)
	at org.apache.ratis.server.impl.LeaderElection.run(LeaderElection.java:133)
	at java.lang.Thread.run(Thread.java:748)
Caused by: org.apache.ratis.thirdparty.io.grpc.StatusRuntimeException: UNAVAILABLE: io exception
	at org.apache.ratis.thirdparty.io.grpc.stub.ClientCalls.toStatusRuntimeException(ClientCalls.java:233)
	at org.apache.ratis.thirdparty.io.grpc.stub.ClientCalls.getUnchecked(ClientCalls.java:214)
	at org.apache.ratis.thirdparty.io.grpc.stub.ClientCalls.blockingUnaryCall(ClientCalls.java:139)
	at org.apache.ratis.proto.grpc.RaftServerProtocolServiceGrpc$RaftServerProtocolServiceBlockingStub.requestVote(RaftServerProtocolServiceGrpc.java:265)
	at org.apache.ratis.grpc.server.GrpcServerProtocolClient.requestVote(GrpcServerProtocolClient.java:90)
	at org.apache.ratis.grpc.server.GrpcService.requestVote(GrpcService.java:204)
	at org.apache.ratis.server.impl.LeaderElection.lambda$submitRequests$1(LeaderElection.java:238)
	at java.util.concurrent.FutureTask.run(FutureTask.java:266)
	at java.util.concurrent.Executors$RunnableAdapter.call(Executors.java:511)
	at java.util.concurrent.FutureTask.run(FutureTask.java:266)
	at java.util.concurrent.ThreadPoolExecutor.runWorker(ThreadPoolExecutor.java:1149)
	at java.util.concurrent.ThreadPoolExecutor$Worker.run(ThreadPoolExecutor.java:624)
	... 1 more
Caused by: org.apache.ratis.thirdparty.io.netty.channel.AbstractChannel$AnnotatedConnectException: Connection refused: /192.168.36.122:35569
	at sun.nio.ch.SocketChannelImpl.checkConnect(Native Method)
	at sun.nio.ch.SocketChannelImpl.finishConnect(SocketChannelImpl.java:717)
	at org.apache.ratis.thirdparty.io.netty.channel.socket.nio.NioSocketChannel.doFinishConnect(NioSocketChannel.java:327)
	at org.apache.ratis.thirdparty.io.netty.channel.nio.AbstractNioChannel$AbstractNioUnsafe.finishConnect(AbstractNioChannel.java:340)
	at org.apache.ratis.thirdparty.io.netty.channel.nio.NioEventLoop.processSelectedKey(NioEventLoop.java:632)
	at org.apache.ratis.thirdparty.io.netty.channel.nio.NioEventLoop.processSelectedKeysOptimized(NioEventLoop.java:579)
	at org.apache.ratis.thirdparty.io.netty.channel.nio.NioEventLoop.processSelectedKeys(NioEventLoop.java:496)
	at org.apache.ratis.thirdparty.io.netty.channel.nio.NioEventLoop.run(NioEventLoop.java:458)
	at org.apache.ratis.thirdparty.io.netty.util.concurrent.SingleThreadEventExecutor$5.run(SingleThreadEventExecutor.java:897)
	at org.apache.ratis.thirdparty.io.netty.util.concurrent.FastThreadLocalRunnable.run(FastThreadLocalRunnable.java:30)
	... 1 more
Caused by: java.net.ConnectException: Connection refused
	... 11 more
2019-09-21 03:24:24,079 [grpc-default-executor-4] INFO  impl.RaftServerImpl (ServerState.java:setLeader(253)) - 71e3ea0d-2bbd-4975-aca2-4e0b0af2cb8e@group-28DE72C30E3D: change Leader from fb72d5d5-9329-40c5-96ab-8fbea53877da to null at term 2 for updateCurrentTerm
2019-09-21 03:24:24,079 [grpc-default-executor-4] INFO  impl.RaftServerImpl (RaftServerImpl.java:setRole(174)) - 71e3ea0d-2bbd-4975-aca2-4e0b0af2cb8e@group-28DE72C30E3D: changes role from  FOLLOWER to FOLLOWER at term 2 for recognizeCandidate:eba3c3e9-81e1-4dd5-8a54-7a7aa2aef730
2019-09-21 03:24:24,080 [grpc-default-executor-4] INFO  impl.RoleInfo (RoleInfo.java:shutdownFollowerState(121)) - 71e3ea0d-2bbd-4975-aca2-4e0b0af2cb8e: shutdown FollowerState
2019-09-21 03:24:24,080 [grpc-default-executor-4] INFO  impl.RoleInfo (RoleInfo.java:updateAndGet(143)) - 71e3ea0d-2bbd-4975-aca2-4e0b0af2cb8e: start FollowerState
2019-09-21 03:24:24,080 [Thread-3034] INFO  impl.FollowerState (FollowerState.java:run(115)) - 71e3ea0d-2bbd-4975-aca2-4e0b0af2cb8e: FollowerState was interrupted: java.lang.InterruptedException: sleep interrupted
2019-09-21 03:24:24,113 [eba3c3e9-81e1-4dd5-8a54-7a7aa2aef730@group-28DE72C30E3D:LeaderElection85] INFO  impl.LeaderElection (LeaderElection.java:logAndReturn(56)) - eba3c3e9-81e1-4dd5-8a54-7a7aa2aef730@group-28DE72C30E3D:LeaderElection85: Election PASSED; received 1 response(s) [eba3c3e9-81e1-4dd5-8a54-7a7aa2aef730<-71e3ea0d-2bbd-4975-aca2-4e0b0af2cb8e#0:OK-t2] and 1 exception(s); eba3c3e9-81e1-4dd5-8a54-7a7aa2aef730@group-28DE72C30E3D:t2, leader=null, voted=eba3c3e9-81e1-4dd5-8a54-7a7aa2aef730, raftlog=eba3c3e9-81e1-4dd5-8a54-7a7aa2aef730@group-28DE72C30E3D-SegmentedRaftLog:OPENED:c14,f14,i14, conf=0: [71e3ea0d-2bbd-4975-aca2-4e0b0af2cb8e:192.168.36.122:36765, fb72d5d5-9329-40c5-96ab-8fbea53877da:192.168.36.122:35569, eba3c3e9-81e1-4dd5-8a54-7a7aa2aef730:192.168.36.122:40551], old=null
2019-09-21 03:24:24,113 [eba3c3e9-81e1-4dd5-8a54-7a7aa2aef730@group-28DE72C30E3D:LeaderElection85] INFO  impl.LeaderElection (LogUtils.java:infoOrTrace(149)) -   Exception 0: {}
java.util.concurrent.ExecutionException: org.apache.ratis.thirdparty.io.grpc.StatusRuntimeException: UNAVAILABLE: io exception
	at java.util.concurrent.FutureTask.report(FutureTask.java:122)
	at java.util.concurrent.FutureTask.get(FutureTask.java:192)
	at org.apache.ratis.server.impl.LeaderElection.waitForResults(LeaderElection.java:263)
	at org.apache.ratis.server.impl.LeaderElection.askForVotes(LeaderElection.java:201)
	at org.apache.ratis.server.impl.LeaderElection.run(LeaderElection.java:133)
	at java.lang.Thread.run(Thread.java:748)
Caused by: org.apache.ratis.thirdparty.io.grpc.StatusRuntimeException: UNAVAILABLE: io exception
	at org.apache.ratis.thirdparty.io.grpc.stub.ClientCalls.toStatusRuntimeException(ClientCalls.java:233)
	at org.apache.ratis.thirdparty.io.grpc.stub.ClientCalls.getUnchecked(ClientCalls.java:214)
	at org.apache.ratis.thirdparty.io.grpc.stub.ClientCalls.blockingUnaryCall(ClientCalls.java:139)
	at org.apache.ratis.proto.grpc.RaftServerProtocolServiceGrpc$RaftServerProtocolServiceBlockingStub.requestVote(RaftServerProtocolServiceGrpc.java:265)
	at org.apache.ratis.grpc.server.GrpcServerProtocolClient.requestVote(GrpcServerProtocolClient.java:90)
	at org.apache.ratis.grpc.server.GrpcService.requestVote(GrpcService.java:204)
	at org.apache.ratis.server.impl.LeaderElection.lambda$submitRequests$1(LeaderElection.java:238)
	at java.util.concurrent.FutureTask.run(FutureTask.java:266)
	at java.util.concurrent.Executors$RunnableAdapter.call(Executors.java:511)
	at java.util.concurrent.FutureTask.run(FutureTask.java:266)
	at java.util.concurrent.ThreadPoolExecutor.runWorker(ThreadPoolExecutor.java:1149)
	at java.util.concurrent.ThreadPoolExecutor$Worker.run(ThreadPoolExecutor.java:624)
	... 1 more
Caused by: org.apache.ratis.thirdparty.io.netty.channel.AbstractChannel$AnnotatedConnectException: Connection refused: /192.168.36.122:35569
	at sun.nio.ch.SocketChannelImpl.checkConnect(Native Method)
	at sun.nio.ch.SocketChannelImpl.finishConnect(SocketChannelImpl.java:717)
	at org.apache.ratis.thirdparty.io.netty.channel.socket.nio.NioSocketChannel.doFinishConnect(NioSocketChannel.java:327)
	at org.apache.ratis.thirdparty.io.netty.channel.nio.AbstractNioChannel$AbstractNioUnsafe.finishConnect(AbstractNioChannel.java:340)
	at org.apache.ratis.thirdparty.io.netty.channel.nio.NioEventLoop.processSelectedKey(NioEventLoop.java:632)
	at org.apache.ratis.thirdparty.io.netty.channel.nio.NioEventLoop.processSelectedKeysOptimized(NioEventLoop.java:579)
	at org.apache.ratis.thirdparty.io.netty.channel.nio.NioEventLoop.processSelectedKeys(NioEventLoop.java:496)
	at org.apache.ratis.thirdparty.io.netty.channel.nio.NioEventLoop.run(NioEventLoop.java:458)
	at org.apache.ratis.thirdparty.io.netty.util.concurrent.SingleThreadEventExecutor$5.run(SingleThreadEventExecutor.java:897)
	at org.apache.ratis.thirdparty.io.netty.util.concurrent.FastThreadLocalRunnable.run(FastThreadLocalRunnable.java:30)
	... 1 more
Caused by: java.net.ConnectException: Connection refused
	... 11 more
2019-09-21 03:24:24,114 [eba3c3e9-81e1-4dd5-8a54-7a7aa2aef730@group-28DE72C30E3D:LeaderElection85] INFO  impl.RoleInfo (RoleInfo.java:shutdownLeaderElection(134)) - eba3c3e9-81e1-4dd5-8a54-7a7aa2aef730: shutdown LeaderElection
2019-09-21 03:24:24,114 [eba3c3e9-81e1-4dd5-8a54-7a7aa2aef730@group-28DE72C30E3D:LeaderElection85] INFO  impl.RaftServerImpl (RaftServerImpl.java:setRole(174)) - eba3c3e9-81e1-4dd5-8a54-7a7aa2aef730@group-28DE72C30E3D: changes role from CANDIDATE to LEADER at term 2 for changeToLeader
2019-09-21 03:24:24,114 [eba3c3e9-81e1-4dd5-8a54-7a7aa2aef730@group-28DE72C30E3D:LeaderElection85] INFO  impl.RaftServerImpl (ServerState.java:setLeader(253)) - eba3c3e9-81e1-4dd5-8a54-7a7aa2aef730@group-28DE72C30E3D: change Leader from null to eba3c3e9-81e1-4dd5-8a54-7a7aa2aef730 at term 2 for becomeLeader, leader elected after 93ms
2019-09-21 03:24:24,114 [eba3c3e9-81e1-4dd5-8a54-7a7aa2aef730@group-28DE72C30E3D:LeaderElection85] INFO  server.RaftServerConfigKeys (ConfUtils.java:logGet(43)) - raft.server.staging.catchup.gap = 1000 (default)
2019-09-21 03:24:24,115 [eba3c3e9-81e1-4dd5-8a54-7a7aa2aef730@group-28DE72C30E3D:LeaderElection85] INFO  server.RaftServerConfigKeys (ConfUtils.java:logGet(43)) - raft.server.rpc.sleep.time = 25ms (default)
2019-09-21 03:24:24,115 [eba3c3e9-81e1-4dd5-8a54-7a7aa2aef730@group-28DE72C30E3D:LeaderElection85] INFO  server.RaftServerConfigKeys (ConfUtils.java:logGet(43)) - raft.server.write.element-limit = 4096 (default)
2019-09-21 03:24:24,115 [eba3c3e9-81e1-4dd5-8a54-7a7aa2aef730@group-28DE72C30E3D:LeaderElection85] INFO  server.RaftServerConfigKeys (ConfUtils.java:logGet(43)) - raft.server.watch.timeout = 10s (default)
2019-09-21 03:24:24,115 [eba3c3e9-81e1-4dd5-8a54-7a7aa2aef730@group-28DE72C30E3D:LeaderElection85] INFO  server.RaftServerConfigKeys (ConfUtils.java:logGet(43)) - raft.server.watch.timeout.denomination = 1s (default)
2019-09-21 03:24:24,115 [eba3c3e9-81e1-4dd5-8a54-7a7aa2aef730@group-28DE72C30E3D:LeaderElection85] INFO  server.RaftServerConfigKeys (ConfUtils.java:logGet(43)) - raft.server.watch.element-limit = 65536 (default)
2019-09-21 03:24:24,119 [eba3c3e9-81e1-4dd5-8a54-7a7aa2aef730@group-28DE72C30E3D:LeaderElection85] INFO  server.RaftServerConfigKeys (ConfUtils.java:logGet(43)) - raft.server.log.appender.snapshot.chunk.size.max = 16MB (=16777216) (default)
2019-09-21 03:24:24,119 [eba3c3e9-81e1-4dd5-8a54-7a7aa2aef730@group-28DE72C30E3D:LeaderElection85] INFO  server.RaftServerConfigKeys (ConfUtils.java:logGet(43)) - raft.server.log.appender.buffer.byte-limit = 33554432 (custom)
2019-09-21 03:24:24,119 [eba3c3e9-81e1-4dd5-8a54-7a7aa2aef730@group-28DE72C30E3D:LeaderElection85] INFO  server.RaftServerConfigKeys (ConfUtils.java:logGet(43)) - raft.server.log.appender.buffer.element-limit = 1 (custom)
2019-09-21 03:24:24,120 [eba3c3e9-81e1-4dd5-8a54-7a7aa2aef730@group-28DE72C30E3D:LeaderElection85] INFO  grpc.GrpcConfigKeys$Server (ConfUtils.java:logGet(43)) - raft.grpc.server.leader.outstanding.appends.max = 128 (default)
2019-09-21 03:24:24,120 [eba3c3e9-81e1-4dd5-8a54-7a7aa2aef730@group-28DE72C30E3D:LeaderElection85] INFO  server.RaftServerConfigKeys (ConfUtils.java:logGet(43)) - raft.server.rpc.request.timeout = 3000ms (default)
2019-09-21 03:24:24,120 [eba3c3e9-81e1-4dd5-8a54-7a7aa2aef730@group-28DE72C30E3D:LeaderElection85] INFO  server.RaftServerConfigKeys (ConfUtils.java:logGet(43)) - raft.server.log.appender.install.snapshot.enabled = false (custom)
2019-09-21 03:24:24,120 [eba3c3e9-81e1-4dd5-8a54-7a7aa2aef730@group-28DE72C30E3D:LeaderElection85] INFO  server.RaftServerConfigKeys (ConfUtils.java:logGet(43)) - raft.server.log.appender.snapshot.chunk.size.max = 16MB (=16777216) (default)
2019-09-21 03:24:24,120 [eba3c3e9-81e1-4dd5-8a54-7a7aa2aef730@group-28DE72C30E3D:LeaderElection85] INFO  server.RaftServerConfigKeys (ConfUtils.java:logGet(43)) - raft.server.log.appender.buffer.byte-limit = 33554432 (custom)
2019-09-21 03:24:24,121 [eba3c3e9-81e1-4dd5-8a54-7a7aa2aef730@group-28DE72C30E3D:LeaderElection85] INFO  server.RaftServerConfigKeys (ConfUtils.java:logGet(43)) - raft.server.log.appender.buffer.element-limit = 1 (custom)
2019-09-21 03:24:24,121 [eba3c3e9-81e1-4dd5-8a54-7a7aa2aef730@group-28DE72C30E3D:LeaderElection85] INFO  grpc.GrpcConfigKeys$Server (ConfUtils.java:logGet(43)) - raft.grpc.server.leader.outstanding.appends.max = 128 (default)
2019-09-21 03:24:24,121 [eba3c3e9-81e1-4dd5-8a54-7a7aa2aef730@group-28DE72C30E3D:LeaderElection85] INFO  server.RaftServerConfigKeys (ConfUtils.java:logGet(43)) - raft.server.rpc.request.timeout = 3000ms (default)
2019-09-21 03:24:24,121 [eba3c3e9-81e1-4dd5-8a54-7a7aa2aef730@group-28DE72C30E3D:LeaderElection85] INFO  server.RaftServerConfigKeys (ConfUtils.java:logGet(43)) - raft.server.log.appender.install.snapshot.enabled = false (custom)
2019-09-21 03:24:24,121 [eba3c3e9-81e1-4dd5-8a54-7a7aa2aef730@group-28DE72C30E3D:LeaderElection85] INFO  impl.RoleInfo (RoleInfo.java:updateAndGet(143)) - eba3c3e9-81e1-4dd5-8a54-7a7aa2aef730: start LeaderState
2019-09-21 03:24:24,122 [eba3c3e9-81e1-4dd5-8a54-7a7aa2aef730@group-28DE72C30E3D:LeaderElection85] INFO  segmented.SegmentedRaftLogWorker (SegmentedRaftLogWorker.java:rollLogSegment(385)) - eba3c3e9-81e1-4dd5-8a54-7a7aa2aef730@group-28DE72C30E3D-SegmentedRaftLogWorker: Rolling segment log-0_14 to index:14
2019-09-21 03:24:24,124 [eba3c3e9-81e1-4dd5-8a54-7a7aa2aef730@group-28DE72C30E3D:LeaderElection85] INFO  impl.RaftServerImpl (ServerState.java:setRaftConf(354)) - eba3c3e9-81e1-4dd5-8a54-7a7aa2aef730@group-28DE72C30E3D: set configuration 15: [71e3ea0d-2bbd-4975-aca2-4e0b0af2cb8e:192.168.36.122:36765, fb72d5d5-9329-40c5-96ab-8fbea53877da:192.168.36.122:35569, eba3c3e9-81e1-4dd5-8a54-7a7aa2aef730:192.168.36.122:40551], old=null at 15
2019-09-21 03:24:24,124 [eba3c3e9-81e1-4dd5-8a54-7a7aa2aef730@group-28DE72C30E3D-SegmentedRaftLogWorker] INFO  segmented.SegmentedRaftLogWorker (SegmentedRaftLogWorker.java:execute(526)) - eba3c3e9-81e1-4dd5-8a54-7a7aa2aef730@group-28DE72C30E3D-SegmentedRaftLogWorker: Rolled log segment from /workdir/hadoop-ozone/integration-test/target/test-dir/MiniOzoneClusterImpl-cae1a81b-9ca5-4f12-9003-0d2cd477a7a0/datanode-5/data/ratis/a76106e5-5fae-45b2-b856-28de72c30e3d/current/log_inprogress_0 to /workdir/hadoop-ozone/integration-test/target/test-dir/MiniOzoneClusterImpl-cae1a81b-9ca5-4f12-9003-0d2cd477a7a0/datanode-5/data/ratis/a76106e5-5fae-45b2-b856-28de72c30e3d/current/log_0-14
2019-09-21 03:24:24,126 [grpc-default-executor-4] WARN  server.GrpcLogAppender (LogUtils.java:warn(134)) - eba3c3e9-81e1-4dd5-8a54-7a7aa2aef730@group-28DE72C30E3D->fb72d5d5-9329-40c5-96ab-8fbea53877da-AppendLogResponseHandler: Failed appendEntries: org.apache.ratis.thirdparty.io.grpc.StatusRuntimeException: UNAVAILABLE: io exception
2019-09-21 03:24:24,127 [grpc-default-executor-6] INFO  impl.RaftServerImpl (ServerState.java:setLeader(253)) - 71e3ea0d-2bbd-4975-aca2-4e0b0af2cb8e@group-28DE72C30E3D: change Leader from null to eba3c3e9-81e1-4dd5-8a54-7a7aa2aef730 at term 2 for appendEntries, leader elected after 47ms
2019-09-21 03:24:24,169 [grpc-default-executor-4] INFO  impl.FollowerInfo (FollowerInfo.java:lambda$new$0(51)) - eba3c3e9-81e1-4dd5-8a54-7a7aa2aef730@group-28DE72C30E3D->fb72d5d5-9329-40c5-96ab-8fbea53877da: nextIndex: updateUnconditionally 15 -> 1
2019-09-21 03:24:24,173 [grpc-default-executor-4] INFO  impl.RaftServerImpl (ServerState.java:setRaftConf(354)) - 71e3ea0d-2bbd-4975-aca2-4e0b0af2cb8e@group-28DE72C30E3D: set configuration 15: [71e3ea0d-2bbd-4975-aca2-4e0b0af2cb8e:192.168.36.122:36765, fb72d5d5-9329-40c5-96ab-8fbea53877da:192.168.36.122:35569, eba3c3e9-81e1-4dd5-8a54-7a7aa2aef730:192.168.36.122:40551], old=null at 15
2019-09-21 03:24:24,173 [grpc-default-executor-4] INFO  segmented.SegmentedRaftLogWorker (SegmentedRaftLogWorker.java:rollLogSegment(385)) - 71e3ea0d-2bbd-4975-aca2-4e0b0af2cb8e@group-28DE72C30E3D-SegmentedRaftLogWorker: Rolling segment log-0_14 to index:14
2019-09-21 03:24:24,174 [71e3ea0d-2bbd-4975-aca2-4e0b0af2cb8e@group-28DE72C30E3D-SegmentedRaftLogWorker] INFO  segmented.SegmentedRaftLogWorker (SegmentedRaftLogWorker.java:execute(526)) - 71e3ea0d-2bbd-4975-aca2-4e0b0af2cb8e@group-28DE72C30E3D-SegmentedRaftLogWorker: Rolled log segment from /workdir/hadoop-ozone/integration-test/target/test-dir/MiniOzoneClusterImpl-cae1a81b-9ca5-4f12-9003-0d2cd477a7a0/datanode-6/data/ratis/a76106e5-5fae-45b2-b856-28de72c30e3d/current/log_inprogress_0 to /workdir/hadoop-ozone/integration-test/target/test-dir/MiniOzoneClusterImpl-cae1a81b-9ca5-4f12-9003-0d2cd477a7a0/datanode-6/data/ratis/a76106e5-5fae-45b2-b856-28de72c30e3d/current/log_0-14
2019-09-21 03:24:24,193 [eba3c3e9-81e1-4dd5-8a54-7a7aa2aef730@group-28DE72C30E3D-SegmentedRaftLogWorker] INFO  segmented.SegmentedRaftLogWorker (SegmentedRaftLogWorker.java:execute(569)) - eba3c3e9-81e1-4dd5-8a54-7a7aa2aef730@group-28DE72C30E3D-SegmentedRaftLogWorker: created new log segment /workdir/hadoop-ozone/integration-test/target/test-dir/MiniOzoneClusterImpl-cae1a81b-9ca5-4f12-9003-0d2cd477a7a0/datanode-5/data/ratis/a76106e5-5fae-45b2-b856-28de72c30e3d/current/log_inprogress_15
2019-09-21 03:24:24,210 [71e3ea0d-2bbd-4975-aca2-4e0b0af2cb8e@group-28DE72C30E3D-SegmentedRaftLogWorker] INFO  segmented.SegmentedRaftLogWorker (SegmentedRaftLogWorker.java:execute(569)) - 71e3ea0d-2bbd-4975-aca2-4e0b0af2cb8e@group-28DE72C30E3D-SegmentedRaftLogWorker: created new log segment /workdir/hadoop-ozone/integration-test/target/test-dir/MiniOzoneClusterImpl-cae1a81b-9ca5-4f12-9003-0d2cd477a7a0/datanode-6/data/ratis/a76106e5-5fae-45b2-b856-28de72c30e3d/current/log_inprogress_15
2019-09-21 03:24:24,225 [grpc-default-executor-7] WARN  server.GrpcLogAppender (LogUtils.java:warn(134)) - eba3c3e9-81e1-4dd5-8a54-7a7aa2aef730@group-28DE72C30E3D->fb72d5d5-9329-40c5-96ab-8fbea53877da-AppendLogResponseHandler: Failed appendEntries: org.apache.ratis.thirdparty.io.grpc.StatusRuntimeException: UNAVAILABLE: io exception
2019-09-21 03:24:24,226 [grpc-default-executor-7] INFO  impl.FollowerInfo (FollowerInfo.java:lambda$new$0(51)) - eba3c3e9-81e1-4dd5-8a54-7a7aa2aef730@group-28DE72C30E3D->fb72d5d5-9329-40c5-96ab-8fbea53877da: nextIndex: updateUnconditionally 2 -> 1
2019-09-21 03:24:24,240 [grpc-default-executor-7] WARN  server.GrpcLogAppender (LogUtils.java:warn(134)) - eba3c3e9-81e1-4dd5-8a54-7a7aa2aef730@group-28DE72C30E3D->fb72d5d5-9329-40c5-96ab-8fbea53877da-AppendLogResponseHandler: Failed appendEntries: org.apache.ratis.thirdparty.io.grpc.StatusRuntimeException: UNAVAILABLE: io exception
2019-09-21 03:24:24,240 [grpc-default-executor-7] INFO  impl.FollowerInfo (FollowerInfo.java:lambda$new$0(51)) - eba3c3e9-81e1-4dd5-8a54-7a7aa2aef730@group-28DE72C30E3D->fb72d5d5-9329-40c5-96ab-8fbea53877da: nextIndex: updateUnconditionally 2 -> 1
2019-09-21 03:24:25,471 [EventQueue-StaleNodeForStaleNodeHandler] INFO  node.StaleNodeHandler (StaleNodeHandler.java:onMessage(58)) - Datanode 71e3ea0d-2bbd-4975-aca2-4e0b0af2cb8e{ip: 192.168.36.122, host: pr-hdds-2161-42js2-1613171706, networkLocation: /default-rack, certSerialId: null} moved to stale state. Finalizing its pipelines [PipelineID=7dced7eb-863e-4b1f-b599-eefbaaed06c7, PipelineID=a76106e5-5fae-45b2-b856-28de72c30e3d]
2019-09-21 03:24:25,472 [EventQueue-StaleNodeForStaleNodeHandler] INFO  pipeline.SCMPipelineManager (SCMPipelineManager.java:finalizeAndDestroyPipeline(315)) - destroying pipeline:Pipeline[ Id: 7dced7eb-863e-4b1f-b599-eefbaaed06c7, Nodes: 71e3ea0d-2bbd-4975-aca2-4e0b0af2cb8e{ip: 192.168.36.122, host: pr-hdds-2161-42js2-1613171706, networkLocation: /default-rack, certSerialId: null}, Type:RATIS, Factor:ONE, State:OPEN]
2019-09-21 03:24:25,472 [EventQueue-StaleNodeForStaleNodeHandler] INFO  pipeline.PipelineStateManager (PipelineStateManager.java:finalizePipeline(123)) - Pipeline Pipeline[ Id: 7dced7eb-863e-4b1f-b599-eefbaaed06c7, Nodes: 71e3ea0d-2bbd-4975-aca2-4e0b0af2cb8e{ip: 192.168.36.122, host: pr-hdds-2161-42js2-1613171706, networkLocation: /default-rack, certSerialId: null}, Type:RATIS, Factor:ONE, State:CLOSED] moved to CLOSED state
2019-09-21 03:24:25,473 [EventQueue-StaleNodeForStaleNodeHandler] INFO  pipeline.SCMPipelineManager (SCMPipelineManager.java:finalizeAndDestroyPipeline(315)) - destroying pipeline:Pipeline[ Id: a76106e5-5fae-45b2-b856-28de72c30e3d, Nodes: 71e3ea0d-2bbd-4975-aca2-4e0b0af2cb8e{ip: 192.168.36.122, host: pr-hdds-2161-42js2-1613171706, networkLocation: /default-rack, certSerialId: null}fb72d5d5-9329-40c5-96ab-8fbea53877da{ip: 192.168.36.122, host: pr-hdds-2161-42js2-1613171706, networkLocation: /default-rack, certSerialId: null}eba3c3e9-81e1-4dd5-8a54-7a7aa2aef730{ip: 192.168.36.122, host: pr-hdds-2161-42js2-1613171706, networkLocation: /default-rack, certSerialId: null}, Type:RATIS, Factor:THREE, State:CLOSED]
2019-09-21 03:24:25,473 [EventQueue-StaleNodeForStaleNodeHandler] INFO  node.StaleNodeHandler (StaleNodeHandler.java:onMessage(58)) - Datanode eba3c3e9-81e1-4dd5-8a54-7a7aa2aef730{ip: 192.168.36.122, host: pr-hdds-2161-42js2-1613171706, networkLocation: /default-rack, certSerialId: null} moved to stale state. Finalizing its pipelines [PipelineID=d4894d6f-6a6e-44c6-b30b-408bd2511213, PipelineID=a76106e5-5fae-45b2-b856-28de72c30e3d]
2019-09-21 03:24:25,473 [EventQueue-StaleNodeForStaleNodeHandler] INFO  pipeline.SCMPipelineManager (SCMPipelineManager.java:finalizeAndDestroyPipeline(315)) - destroying pipeline:Pipeline[ Id: d4894d6f-6a6e-44c6-b30b-408bd2511213, Nodes: eba3c3e9-81e1-4dd5-8a54-7a7aa2aef730{ip: 192.168.36.122, host: pr-hdds-2161-42js2-1613171706, networkLocation: /default-rack, certSerialId: null}, Type:RATIS, Factor:ONE, State:OPEN]
2019-09-21 03:24:25,473 [EventQueue-StaleNodeForStaleNodeHandler] INFO  pipeline.PipelineStateManager (PipelineStateManager.java:finalizePipeline(123)) - Pipeline Pipeline[ Id: d4894d6f-6a6e-44c6-b30b-408bd2511213, Nodes: eba3c3e9-81e1-4dd5-8a54-7a7aa2aef730{ip: 192.168.36.122, host: pr-hdds-2161-42js2-1613171706, networkLocation: /default-rack, certSerialId: null}, Type:RATIS, Factor:ONE, State:CLOSED] moved to CLOSED state
2019-09-21 03:24:25,473 [EventQueue-StaleNodeForStaleNodeHandler] INFO  pipeline.SCMPipelineManager (SCMPipelineManager.java:finalizeAndDestroyPipeline(315)) - destroying pipeline:Pipeline[ Id: a76106e5-5fae-45b2-b856-28de72c30e3d, Nodes: 71e3ea0d-2bbd-4975-aca2-4e0b0af2cb8e{ip: 192.168.36.122, host: pr-hdds-2161-42js2-1613171706, networkLocation: /default-rack, certSerialId: null}fb72d5d5-9329-40c5-96ab-8fbea53877da{ip: 192.168.36.122, host: pr-hdds-2161-42js2-1613171706, networkLocation: /default-rack, certSerialId: null}eba3c3e9-81e1-4dd5-8a54-7a7aa2aef730{ip: 192.168.36.122, host: pr-hdds-2161-42js2-1613171706, networkLocation: /default-rack, certSerialId: null}, Type:RATIS, Factor:THREE, State:CLOSED]
2019-09-21 03:24:25,855 [main] INFO  ozoneimpl.OzoneContainer (OzoneContainer.java:stop(231)) - Attempting to stop container services.
2019-09-21 03:24:25,860 [main] INFO  impl.RaftServerProxy (RaftServerProxy.java:lambda$close$4(314)) - 71e3ea0d-2bbd-4975-aca2-4e0b0af2cb8e: close
2019-09-21 03:24:25,861 [main] INFO  impl.RaftServerImpl (RaftServerImpl.java:lambda$shutdown$3(251)) - 71e3ea0d-2bbd-4975-aca2-4e0b0af2cb8e@group-EEFBAAED06C7: shutdown
2019-09-21 03:24:25,862 [main] INFO  util.JmxRegister (JmxRegister.java:unregister(73)) - Successfully un-registered JMX Bean with object name Ratis:service=RaftServer,group=group-EEFBAAED06C7,id=71e3ea0d-2bbd-4975-aca2-4e0b0af2cb8e
2019-09-21 03:24:25,862 [main] INFO  impl.RoleInfo (RoleInfo.java:shutdownLeaderState(104)) - 71e3ea0d-2bbd-4975-aca2-4e0b0af2cb8e: shutdown LeaderState
2019-09-21 03:24:25,863 [main] INFO  impl.PendingRequests (PendingRequests.java:sendNotLeaderResponses(202)) - 71e3ea0d-2bbd-4975-aca2-4e0b0af2cb8e-PendingRequests: sendNotLeaderResponses
2019-09-21 03:24:25,864 [main] INFO  impl.StateMachineUpdater (StateMachineUpdater.java:stopAndJoin(125)) - 71e3ea0d-2bbd-4975-aca2-4e0b0af2cb8e@group-EEFBAAED06C7-StateMachineUpdater: set stopIndex = 0
2019-09-21 03:24:25,864 [main] INFO  impl.RaftServerImpl (ServerState.java:close(385)) - 71e3ea0d-2bbd-4975-aca2-4e0b0af2cb8e@group-EEFBAAED06C7: closes. applyIndex: 0
2019-09-21 03:24:25,865 [71e3ea0d-2bbd-4975-aca2-4e0b0af2cb8e@group-EEFBAAED06C7-SegmentedRaftLogWorker] INFO  segmented.SegmentedRaftLogWorker (SegmentedRaftLogWorker.java:run(313)) - 71e3ea0d-2bbd-4975-aca2-4e0b0af2cb8e@group-EEFBAAED06C7-SegmentedRaftLogWorker was interrupted, exiting. There are 0 tasks remaining in the queue.
2019-09-21 03:24:25,869 [main] INFO  segmented.SegmentedRaftLogWorker (SegmentedRaftLogWorker.java:close(228)) - 71e3ea0d-2bbd-4975-aca2-4e0b0af2cb8e@group-EEFBAAED06C7-SegmentedRaftLogWorker close()
2019-09-21 03:24:25,871 [main] INFO  impl.RaftServerImpl (RaftServerImpl.java:lambda$shutdown$3(251)) - 71e3ea0d-2bbd-4975-aca2-4e0b0af2cb8e@group-28DE72C30E3D: shutdown
2019-09-21 03:24:25,871 [main] INFO  util.JmxRegister (JmxRegister.java:unregister(73)) - Successfully un-registered JMX Bean with object name Ratis:service=RaftServer,group=group-28DE72C30E3D,id=71e3ea0d-2bbd-4975-aca2-4e0b0af2cb8e
2019-09-21 03:24:25,871 [main] INFO  impl.RoleInfo (RoleInfo.java:shutdownFollowerState(121)) - 71e3ea0d-2bbd-4975-aca2-4e0b0af2cb8e: shutdown FollowerState
2019-09-21 03:24:25,872 [main] INFO  impl.StateMachineUpdater (StateMachineUpdater.java:stopAndJoin(125)) - 71e3ea0d-2bbd-4975-aca2-4e0b0af2cb8e@group-28DE72C30E3D-StateMachineUpdater: set stopIndex = 15
2019-09-21 03:24:25,872 [71e3ea0d-2bbd-4975-aca2-4e0b0af2cb8e@group-28DE72C30E3D-StateMachineUpdater] INFO  ratis.ContainerStateMachine (ContainerStateMachine.java:takeSnapshot(289)) - group-28DE72C30E3D: Taking a snapshot at:(t:1, i:12) file /workdir/hadoop-ozone/integration-test/target/test-dir/MiniOzoneClusterImpl-cae1a81b-9ca5-4f12-9003-0d2cd477a7a0/datanode-6/data/ratis/a76106e5-5fae-45b2-b856-28de72c30e3d/sm/snapshot.1_12
2019-09-21 03:24:25,872 [Thread-3238] INFO  impl.FollowerState (FollowerState.java:run(115)) - 71e3ea0d-2bbd-4975-aca2-4e0b0af2cb8e: FollowerState was interrupted: java.lang.InterruptedException: sleep interrupted
2019-09-21 03:24:25,887 [71e3ea0d-2bbd-4975-aca2-4e0b0af2cb8e@group-28DE72C30E3D-StateMachineUpdater] INFO  ratis.ContainerStateMachine (ContainerStateMachine.java:takeSnapshot(300)) - group-28DE72C30E3D: Finished taking a snapshot at:(t:1, i:12) file:/workdir/hadoop-ozone/integration-test/target/test-dir/MiniOzoneClusterImpl-cae1a81b-9ca5-4f12-9003-0d2cd477a7a0/datanode-6/data/ratis/a76106e5-5fae-45b2-b856-28de72c30e3d/sm/snapshot.1_12 time:16
2019-09-21 03:24:25,888 [71e3ea0d-2bbd-4975-aca2-4e0b0af2cb8e@group-28DE72C30E3D-StateMachineUpdater] INFO  impl.StateMachineUpdater (StateMachineUpdater.java:takeSnapshot(258)) - 71e3ea0d-2bbd-4975-aca2-4e0b0af2cb8e@group-28DE72C30E3D-StateMachineUpdater: Took a snapshot at index 12
2019-09-21 03:24:25,888 [71e3ea0d-2bbd-4975-aca2-4e0b0af2cb8e@group-28DE72C30E3D-StateMachineUpdater] INFO  impl.StateMachineUpdater (StateMachineUpdater.java:lambda$new$0(83)) - 71e3ea0d-2bbd-4975-aca2-4e0b0af2cb8e@group-28DE72C30E3D-StateMachineUpdater: snapshotIndex: updateIncreasingly -1 -> 12
2019-09-21 03:24:25,889 [71e3ea0d-2bbd-4975-aca2-4e0b0af2cb8e@group-28DE72C30E3D-StateMachineUpdater] INFO  ratis.ContainerStateMachine (ContainerStateMachine.java:takeSnapshot(289)) - group-28DE72C30E3D: Taking a snapshot at:(t:1, i:12) file /workdir/hadoop-ozone/integration-test/target/test-dir/MiniOzoneClusterImpl-cae1a81b-9ca5-4f12-9003-0d2cd477a7a0/datanode-6/data/ratis/a76106e5-5fae-45b2-b856-28de72c30e3d/sm/snapshot.1_12
2019-09-21 03:24:25,901 [71e3ea0d-2bbd-4975-aca2-4e0b0af2cb8e@group-28DE72C30E3D-StateMachineUpdater] INFO  ratis.ContainerStateMachine (ContainerStateMachine.java:takeSnapshot(300)) - group-28DE72C30E3D: Finished taking a snapshot at:(t:1, i:12) file:/workdir/hadoop-ozone/integration-test/target/test-dir/MiniOzoneClusterImpl-cae1a81b-9ca5-4f12-9003-0d2cd477a7a0/datanode-6/data/ratis/a76106e5-5fae-45b2-b856-28de72c30e3d/sm/snapshot.1_12 time:12
2019-09-21 03:24:25,901 [71e3ea0d-2bbd-4975-aca2-4e0b0af2cb8e@group-28DE72C30E3D-StateMachineUpdater] INFO  impl.StateMachineUpdater (StateMachineUpdater.java:takeSnapshot(258)) - 71e3ea0d-2bbd-4975-aca2-4e0b0af2cb8e@group-28DE72C30E3D-StateMachineUpdater: Took a snapshot at index 12
2019-09-21 03:24:25,901 [71e3ea0d-2bbd-4975-aca2-4e0b0af2cb8e@group-28DE72C30E3D-StateMachineUpdater] INFO  impl.StateMachineUpdater (StateMachineUpdater.java:lambda$new$0(83)) - 71e3ea0d-2bbd-4975-aca2-4e0b0af2cb8e@group-28DE72C30E3D-StateMachineUpdater: snapshotIndex: updateIncreasingly 12 -> 12
2019-09-21 03:24:25,901 [main] INFO  impl.RaftServerImpl (ServerState.java:close(385)) - 71e3ea0d-2bbd-4975-aca2-4e0b0af2cb8e@group-28DE72C30E3D: closes. applyIndex: 15
2019-09-21 03:24:25,902 [71e3ea0d-2bbd-4975-aca2-4e0b0af2cb8e@group-28DE72C30E3D-SegmentedRaftLogWorker] INFO  segmented.SegmentedRaftLogWorker (SegmentedRaftLogWorker.java:run(313)) - 71e3ea0d-2bbd-4975-aca2-4e0b0af2cb8e@group-28DE72C30E3D-SegmentedRaftLogWorker was interrupted, exiting. There are 0 tasks remaining in the queue.
2019-09-21 03:24:25,903 [main] INFO  segmented.SegmentedRaftLogWorker (SegmentedRaftLogWorker.java:close(228)) - 71e3ea0d-2bbd-4975-aca2-4e0b0af2cb8e@group-28DE72C30E3D-SegmentedRaftLogWorker close()
2019-09-21 03:24:25,903 [ForkJoinPool.commonPool-worker-1] INFO  ozoneimpl.OzoneContainer (OzoneContainer.java:stop(231)) - Attempting to stop container services.
2019-09-21 03:24:25,905 [main] INFO  server.GrpcService (GrpcService.java:closeImpl(164)) - 71e3ea0d-2bbd-4975-aca2-4e0b0af2cb8e: shutdown server with port 36765 now
2019-09-21 03:24:25,905 [ForkJoinPool.commonPool-worker-1] INFO  impl.RaftServerProxy (RaftServerProxy.java:lambda$close$4(314)) - eba3c3e9-81e1-4dd5-8a54-7a7aa2aef730: close
2019-09-21 03:24:25,906 [ForkJoinPool.commonPool-worker-1] INFO  impl.RaftServerImpl (RaftServerImpl.java:lambda$shutdown$3(251)) - eba3c3e9-81e1-4dd5-8a54-7a7aa2aef730@group-408BD2511213: shutdown
2019-09-21 03:24:25,906 [ForkJoinPool.commonPool-worker-1] INFO  util.JmxRegister (JmxRegister.java:unregister(73)) - Successfully un-registered JMX Bean with object name Ratis:service=RaftServer,group=group-408BD2511213,id=eba3c3e9-81e1-4dd5-8a54-7a7aa2aef730
2019-09-21 03:24:25,906 [ForkJoinPool.commonPool-worker-1] INFO  impl.RoleInfo (RoleInfo.java:shutdownLeaderState(104)) - eba3c3e9-81e1-4dd5-8a54-7a7aa2aef730: shutdown LeaderState
2019-09-21 03:24:25,907 [ForkJoinPool.commonPool-worker-1] INFO  impl.PendingRequests (PendingRequests.java:sendNotLeaderResponses(202)) - eba3c3e9-81e1-4dd5-8a54-7a7aa2aef730-PendingRequests: sendNotLeaderResponses
2019-09-21 03:24:25,907 [ForkJoinPool.commonPool-worker-1] INFO  impl.StateMachineUpdater (StateMachineUpdater.java:stopAndJoin(125)) - eba3c3e9-81e1-4dd5-8a54-7a7aa2aef730@group-408BD2511213-StateMachineUpdater: set stopIndex = 0
2019-09-21 03:24:25,907 [ForkJoinPool.commonPool-worker-1] INFO  impl.RaftServerImpl (ServerState.java:close(385)) - eba3c3e9-81e1-4dd5-8a54-7a7aa2aef730@group-408BD2511213: closes. applyIndex: 0
2019-09-21 03:24:25,908 [grpc-default-executor-4] WARN  server.GrpcServerProtocolService (LogUtils.java:warn(134)) - 71e3ea0d-2bbd-4975-aca2-4e0b0af2cb8e: installSnapshot onError, lastRequest: eba3c3e9-81e1-4dd5-8a54-7a7aa2aef730->71e3ea0d-2bbd-4975-aca2-4e0b0af2cb8e#2-t2, previous=(t:2, i:15), leaderCommit=15, initializing? false, entries: size=1, first=(t:2, i:16), METADATAENTRY(c15): org.apache.ratis.thirdparty.io.grpc.StatusRuntimeException: CANCELLED: cancelled before receiving half close
2019-09-21 03:24:25,908 [main] INFO  server.GrpcService (GrpcService.java:closeImpl(172)) - 71e3ea0d-2bbd-4975-aca2-4e0b0af2cb8e: shutdown server with port 36765 successfully
2019-09-21 03:24:25,908 [eba3c3e9-81e1-4dd5-8a54-7a7aa2aef730@group-408BD2511213-SegmentedRaftLogWorker] INFO  segmented.SegmentedRaftLogWorker (SegmentedRaftLogWorker.java:run(313)) - eba3c3e9-81e1-4dd5-8a54-7a7aa2aef730@group-408BD2511213-SegmentedRaftLogWorker was interrupted, exiting. There are 0 tasks remaining in the queue.
2019-09-21 03:24:25,908 [grpc-default-executor-7] WARN  server.GrpcLogAppender (LogUtils.java:warn(134)) - eba3c3e9-81e1-4dd5-8a54-7a7aa2aef730@group-28DE72C30E3D->71e3ea0d-2bbd-4975-aca2-4e0b0af2cb8e-AppendLogResponseHandler: Failed appendEntries: org.apache.ratis.thirdparty.io.grpc.StatusRuntimeException: CANCELLED: HTTP/2 error code: CANCEL
Received Rst Stream
2019-09-21 03:24:25,911 [ForkJoinPool.commonPool-worker-1] INFO  segmented.SegmentedRaftLogWorker (SegmentedRaftLogWorker.java:close(228)) - eba3c3e9-81e1-4dd5-8a54-7a7aa2aef730@group-408BD2511213-SegmentedRaftLogWorker close()
2019-09-21 03:24:25,912 [grpc-default-executor-7] INFO  impl.FollowerInfo (FollowerInfo.java:lambda$new$0(51)) - eba3c3e9-81e1-4dd5-8a54-7a7aa2aef730@group-28DE72C30E3D->71e3ea0d-2bbd-4975-aca2-4e0b0af2cb8e: nextIndex: updateUnconditionally 17 -> 16
2019-09-21 03:24:25,924 [ForkJoinPool.commonPool-worker-1] INFO  impl.RaftServerImpl (RaftServerImpl.java:lambda$shutdown$3(251)) - eba3c3e9-81e1-4dd5-8a54-7a7aa2aef730@group-28DE72C30E3D: shutdown
2019-09-21 03:24:25,924 [ForkJoinPool.commonPool-worker-1] INFO  util.JmxRegister (JmxRegister.java:unregister(73)) - Successfully un-registered JMX Bean with object name Ratis:service=RaftServer,group=group-28DE72C30E3D,id=eba3c3e9-81e1-4dd5-8a54-7a7aa2aef730
2019-09-21 03:24:25,925 [ForkJoinPool.commonPool-worker-1] INFO  impl.RoleInfo (RoleInfo.java:shutdownLeaderState(104)) - eba3c3e9-81e1-4dd5-8a54-7a7aa2aef730: shutdown LeaderState
2019-09-21 03:24:25,928 [ForkJoinPool.commonPool-worker-1] INFO  impl.PendingRequests (PendingRequests.java:sendNotLeaderResponses(202)) - eba3c3e9-81e1-4dd5-8a54-7a7aa2aef730-PendingRequests: sendNotLeaderResponses
2019-09-21 03:24:25,928 [org.apache.ratis.server.impl.LogAppender$AppenderDaemon$$Lambda$485/762318467@2d609653] WARN  server.GrpcLogAppender (GrpcLogAppender.java:mayWait(143)) - eba3c3e9-81e1-4dd5-8a54-7a7aa2aef730@group-28DE72C30E3D->fb72d5d5-9329-40c5-96ab-8fbea53877da-GrpcLogAppender: Wait interrupted by java.lang.InterruptedException
2019-09-21 03:24:25,930 [org.apache.ratis.server.impl.LogAppender$AppenderDaemon$$Lambda$485/762318467@36b42172] WARN  server.GrpcLogAppender (GrpcLogAppender.java:mayWait(143)) - eba3c3e9-81e1-4dd5-8a54-7a7aa2aef730@group-28DE72C30E3D->71e3ea0d-2bbd-4975-aca2-4e0b0af2cb8e-GrpcLogAppender: Wait interrupted by java.lang.InterruptedException
2019-09-21 03:24:25,932 [ForkJoinPool.commonPool-worker-1] INFO  impl.StateMachineUpdater (StateMachineUpdater.java:stopAndJoin(125)) - eba3c3e9-81e1-4dd5-8a54-7a7aa2aef730@group-28DE72C30E3D-StateMachineUpdater: set stopIndex = 16
2019-09-21 03:24:25,932 [eba3c3e9-81e1-4dd5-8a54-7a7aa2aef730@group-28DE72C30E3D-StateMachineUpdater] INFO  ratis.ContainerStateMachine (ContainerStateMachine.java:takeSnapshot(289)) - group-28DE72C30E3D: Taking a snapshot at:(t:1, i:12) file /workdir/hadoop-ozone/integration-test/target/test-dir/MiniOzoneClusterImpl-cae1a81b-9ca5-4f12-9003-0d2cd477a7a0/datanode-5/data/ratis/a76106e5-5fae-45b2-b856-28de72c30e3d/sm/snapshot.1_12
2019-09-21 03:24:25,932 [refreshUsed-/workdir/hadoop-ozone/integration-test/target/test-dir/MiniOzoneClusterImpl-cae1a81b-9ca5-4f12-9003-0d2cd477a7a0/datanode-6/data/containers] WARN  fs.CachingGetSpaceUsed (CachingGetSpaceUsed.java:run(183)) - Thread Interrupted waiting to refresh disk information: sleep interrupted
2019-09-21 03:24:25,944 [main] INFO  utils.BackgroundService (BackgroundService.java:shutdown(148)) - Shutting down service BlockDeletingService
2019-09-21 03:24:25,948 [main] INFO  statemachine.DatanodeStateMachine (DatanodeStateMachine.java:stopDaemon(395)) - Ozone container server stopped.
2019-09-21 03:24:25,953 [main] INFO  handler.ContextHandler (ContextHandler.java:doStop(910)) - Stopped o.e.j.w.WebAppContext@649b5891{/,null,UNAVAILABLE}{/hddsDatanode}
2019-09-21 03:24:25,955 [main] INFO  server.AbstractConnector (AbstractConnector.java:doStop(318)) - Stopped ServerConnector@7a3f08b6{HTTP/1.1,[http/1.1]}{0.0.0.0:0}
2019-09-21 03:24:25,955 [main] INFO  handler.ContextHandler (ContextHandler.java:doStop(910)) - Stopped o.e.j.s.ServletContextHandler@62ea8931{/static,jar:file:/home/user/.m2/repository/org/apache/hadoop/hadoop-hdds-container-service/0.5.0-SNAPSHOT/hadoop-hdds-container-service-0.5.0-SNAPSHOT.jar!/webapps/static,UNAVAILABLE}
2019-09-21 03:24:25,956 [main] INFO  handler.ContextHandler (ContextHandler.java:doStop(910)) - Stopped o.e.j.s.ServletContextHandler@1a2e563e{/logs,file:///workdir/hadoop-ozone/integration-test/target/log,UNAVAILABLE}
2019-09-21 03:24:25,960 [eba3c3e9-81e1-4dd5-8a54-7a7aa2aef730@group-28DE72C30E3D-StateMachineUpdater] INFO  ratis.ContainerStateMachine (ContainerStateMachine.java:takeSnapshot(300)) - group-28DE72C30E3D: Finished taking a snapshot at:(t:1, i:12) file:/workdir/hadoop-ozone/integration-test/target/test-dir/MiniOzoneClusterImpl-cae1a81b-9ca5-4f12-9003-0d2cd477a7a0/datanode-5/data/ratis/a76106e5-5fae-45b2-b856-28de72c30e3d/sm/snapshot.1_12 time:28
2019-09-21 03:24:25,960 [eba3c3e9-81e1-4dd5-8a54-7a7aa2aef730@group-28DE72C30E3D-StateMachineUpdater] INFO  impl.StateMachineUpdater (StateMachineUpdater.java:takeSnapshot(258)) - eba3c3e9-81e1-4dd5-8a54-7a7aa2aef730@group-28DE72C30E3D-StateMachineUpdater: Took a snapshot at index 12
2019-09-21 03:24:25,960 [eba3c3e9-81e1-4dd5-8a54-7a7aa2aef730@group-28DE72C30E3D-StateMachineUpdater] INFO  impl.StateMachineUpdater (StateMachineUpdater.java:lambda$new$0(83)) - eba3c3e9-81e1-4dd5-8a54-7a7aa2aef730@group-28DE72C30E3D-StateMachineUpdater: snapshotIndex: updateIncreasingly -1 -> 12
2019-09-21 03:24:25,960 [eba3c3e9-81e1-4dd5-8a54-7a7aa2aef730@group-28DE72C30E3D-StateMachineUpdater] INFO  ratis.ContainerStateMachine (ContainerStateMachine.java:takeSnapshot(289)) - group-28DE72C30E3D: Taking a snapshot at:(t:1, i:12) file /workdir/hadoop-ozone/integration-test/target/test-dir/MiniOzoneClusterImpl-cae1a81b-9ca5-4f12-9003-0d2cd477a7a0/datanode-5/data/ratis/a76106e5-5fae-45b2-b856-28de72c30e3d/sm/snapshot.1_12
2019-09-21 03:24:25,972 [eba3c3e9-81e1-4dd5-8a54-7a7aa2aef730@group-28DE72C30E3D-StateMachineUpdater] INFO  ratis.ContainerStateMachine (ContainerStateMachine.java:takeSnapshot(300)) - group-28DE72C30E3D: Finished taking a snapshot at:(t:1, i:12) file:/workdir/hadoop-ozone/integration-test/target/test-dir/MiniOzoneClusterImpl-cae1a81b-9ca5-4f12-9003-0d2cd477a7a0/datanode-5/data/ratis/a76106e5-5fae-45b2-b856-28de72c30e3d/sm/snapshot.1_12 time:11
2019-09-21 03:24:25,972 [eba3c3e9-81e1-4dd5-8a54-7a7aa2aef730@group-28DE72C30E3D-StateMachineUpdater] INFO  impl.StateMachineUpdater (StateMachineUpdater.java:takeSnapshot(258)) - eba3c3e9-81e1-4dd5-8a54-7a7aa2aef730@group-28DE72C30E3D-StateMachineUpdater: Took a snapshot at index 12
2019-09-21 03:24:25,972 [eba3c3e9-81e1-4dd5-8a54-7a7aa2aef730@group-28DE72C30E3D-StateMachineUpdater] INFO  impl.StateMachineUpdater (StateMachineUpdater.java:lambda$new$0(83)) - eba3c3e9-81e1-4dd5-8a54-7a7aa2aef730@group-28DE72C30E3D-StateMachineUpdater: snapshotIndex: updateIncreasingly 12 -> 12
2019-09-21 03:24:25,973 [ForkJoinPool.commonPool-worker-1] INFO  impl.RaftServerImpl (ServerState.java:close(385)) - eba3c3e9-81e1-4dd5-8a54-7a7aa2aef730@group-28DE72C30E3D: closes. applyIndex: 16
2019-09-21 03:24:25,973 [eba3c3e9-81e1-4dd5-8a54-7a7aa2aef730@group-28DE72C30E3D-SegmentedRaftLogWorker] INFO  segmented.SegmentedRaftLogWorker (SegmentedRaftLogWorker.java:run(313)) - eba3c3e9-81e1-4dd5-8a54-7a7aa2aef730@group-28DE72C30E3D-SegmentedRaftLogWorker was interrupted, exiting. There are 0 tasks remaining in the queue.
2019-09-21 03:24:25,973 [ForkJoinPool.commonPool-worker-1] INFO  segmented.SegmentedRaftLogWorker (SegmentedRaftLogWorker.java:close(228)) - eba3c3e9-81e1-4dd5-8a54-7a7aa2aef730@group-28DE72C30E3D-SegmentedRaftLogWorker close()
2019-09-21 03:24:25,974 [ForkJoinPool.commonPool-worker-1] INFO  server.GrpcService (GrpcService.java:closeImpl(164)) - eba3c3e9-81e1-4dd5-8a54-7a7aa2aef730: shutdown server with port 40551 now
2019-09-21 03:24:25,974 [ForkJoinPool.commonPool-worker-1] INFO  server.GrpcService (GrpcService.java:closeImpl(172)) - eba3c3e9-81e1-4dd5-8a54-7a7aa2aef730: shutdown server with port 40551 successfully
2019-09-21 03:24:25,976 [refreshUsed-/workdir/hadoop-ozone/integration-test/target/test-dir/MiniOzoneClusterImpl-cae1a81b-9ca5-4f12-9003-0d2cd477a7a0/datanode-5/data/containers] WARN  fs.CachingGetSpaceUsed (CachingGetSpaceUsed.java:run(183)) - Thread Interrupted waiting to refresh disk information: sleep interrupted
2019-09-21 03:24:25,987 [ForkJoinPool.commonPool-worker-1] INFO  utils.BackgroundService (BackgroundService.java:shutdown(148)) - Shutting down service BlockDeletingService
2019-09-21 03:24:25,990 [ForkJoinPool.commonPool-worker-1] INFO  statemachine.DatanodeStateMachine (DatanodeStateMachine.java:stopDaemon(395)) - Ozone container server stopped.
2019-09-21 03:24:25,993 [ForkJoinPool.commonPool-worker-1] INFO  handler.ContextHandler (ContextHandler.java:doStop(910)) - Stopped o.e.j.w.WebAppContext@76a9a009{/,null,UNAVAILABLE}{/hddsDatanode}
2019-09-21 03:24:25,993 [ForkJoinPool.commonPool-worker-1] INFO  server.AbstractConnector (AbstractConnector.java:doStop(318)) - Stopped ServerConnector@9785903{HTTP/1.1,[http/1.1]}{0.0.0.0:0}
2019-09-21 03:24:25,994 [ForkJoinPool.commonPool-worker-1] INFO  handler.ContextHandler (ContextHandler.java:doStop(910)) - Stopped o.e.j.s.ServletContextHandler@6e3dd5ce{/static,jar:file:/home/user/.m2/repository/org/apache/hadoop/hadoop-hdds-container-service/0.5.0-SNAPSHOT/hadoop-hdds-container-service-0.5.0-SNAPSHOT.jar!/webapps/static,UNAVAILABLE}
2019-09-21 03:24:25,995 [ForkJoinPool.commonPool-worker-1] INFO  handler.ContextHandler (ContextHandler.java:doStop(910)) - Stopped o.e.j.s.ServletContextHandler@1fe8f5e8{/logs,file:///workdir/hadoop-ozone/integration-test/target/log,UNAVAILABLE}
2019-09-21 03:24:25,996 [main] INFO  ozone.MiniOzoneClusterImpl (MiniOzoneClusterImpl.java:stopSCM(392)) - Stopping the StorageContainerManager
2019-09-21 03:24:25,996 [main] INFO  server.StorageContainerManager (StorageContainerManager.java:stop(808)) - Stopping Replication Manager Service.
2019-09-21 03:24:25,996 [main] INFO  container.ReplicationManager (ReplicationManager.java:stop(203)) - Stopping Replication Monitor Thread.
2019-09-21 03:24:25,996 [main] INFO  server.StorageContainerManager (StorageContainerManager.java:stop(815)) - Stopping Lease Manager of the command watchers
2019-09-21 03:24:25,996 [main] INFO  server.StorageContainerManager (StorageContainerManager.java:stop(822)) - Stopping datanode service RPC server
2019-09-21 03:24:25,997 [main] INFO  server.SCMDatanodeProtocolServer (SCMDatanodeProtocolServer.java:stop(367)) - Stopping the RPC server for DataNodes
2019-09-21 03:24:25,997 [main] INFO  ipc.Server (Server.java:stop(3082)) - Stopping server on 43558
2019-09-21 03:24:25,999 [IPC Server listener on 43558] INFO  ipc.Server (Server.java:run(1185)) - Stopping IPC Server listener on 43558
2019-09-21 03:24:25,999 [IPC Server Responder] INFO  ipc.Server (Server.java:run(1319)) - Stopping IPC Server Responder
2019-09-21 03:24:26,071 [SCM Heartbeat Processing Thread - 0] WARN  node.NodeStateManager (NodeStateManager.java:scheduleNextHealthCheck(646)) - Current Thread is interrupted, shutting down HB processing thread for Node Manager.
2019-09-21 03:24:26,072 [main] INFO  server.StorageContainerManager (StorageContainerManager.java:stop(830)) - Stopping block service RPC server
2019-09-21 03:24:26,072 [main] INFO  server.SCMBlockProtocolServer (SCMBlockProtocolServer.java:stop(155)) - Stopping the RPC server for Block Protocol
2019-09-21 03:24:26,072 [main] INFO  ipc.Server (Server.java:stop(3082)) - Stopping server on 45000
2019-09-21 03:24:26,075 [IPC Server listener on 45000] INFO  ipc.Server (Server.java:run(1185)) - Stopping IPC Server listener on 45000
2019-09-21 03:24:26,075 [main] INFO  server.StorageContainerManager (StorageContainerManager.java:stop(837)) - Stopping the StorageContainerLocationProtocol RPC server
2019-09-21 03:24:26,075 [IPC Server Responder] INFO  ipc.Server (Server.java:run(1319)) - Stopping IPC Server Responder
2019-09-21 03:24:26,076 [main] INFO  server.SCMClientProtocolServer (SCMClientProtocolServer.java:stop(159)) - Stopping the RPC server for Client Protocol
2019-09-21 03:24:26,076 [main] INFO  ipc.Server (Server.java:stop(3082)) - Stopping server on 36294
2019-09-21 03:24:26,078 [IPC Server listener on 36294] INFO  ipc.Server (Server.java:run(1185)) - Stopping IPC Server listener on 36294
2019-09-21 03:24:26,078 [main] INFO  server.StorageContainerManager (StorageContainerManager.java:stop(844)) - Stopping Storage Container Manager HTTP server.
2019-09-21 03:24:26,079 [IPC Server Responder] INFO  ipc.Server (Server.java:run(1319)) - Stopping IPC Server Responder
2019-09-21 03:24:26,080 [main] INFO  handler.ContextHandler (ContextHandler.java:doStop(910)) - Stopped o.e.j.w.WebAppContext@2725ca05{/,null,UNAVAILABLE}{/scm}
2019-09-21 03:24:26,080 [main] INFO  server.AbstractConnector (AbstractConnector.java:doStop(318)) - Stopped ServerConnector@7b9088f2{HTTP/1.1,[http/1.1]}{0.0.0.0:0}
2019-09-21 03:24:26,081 [main] INFO  handler.ContextHandler (ContextHandler.java:doStop(910)) - Stopped o.e.j.s.ServletContextHandler@285a4fe3{/static,file:///workdir/hadoop-ozone/integration-test/target/test-classes/webapps/static,UNAVAILABLE}
2019-09-21 03:24:26,081 [main] INFO  handler.ContextHandler (ContextHandler.java:doStop(910)) - Stopped o.e.j.s.ServletContextHandler@50ec4bfc{/logs,file:///workdir/hadoop-ozone/integration-test/target/log,UNAVAILABLE}
2019-09-21 03:24:26,082 [main] INFO  server.StorageContainerManager (StorageContainerManager.java:stop(855)) - Stopping Block Manager Service.
2019-09-21 03:24:26,082 [main] INFO  utils.BackgroundService (BackgroundService.java:shutdown(148)) - Shutting down service SCMBlockDeletingService
2019-09-21 03:24:26,082 [main] INFO  utils.BackgroundService (BackgroundService.java:shutdown(148)) - Shutting down service SCMBlockDeletingService
2019-09-21 03:24:26,083 [main] INFO  server.StorageContainerManager (StorageContainerManager.java:stop(877)) - Stopping SCM Event Queue.
2019-09-21 03:24:26,089 [main] INFO  impl.MetricsSystemImpl (MetricsSystemImpl.java:stop(210)) - Stopping HddsDatanode metrics system...
2019-09-21 03:24:26,113 [main] INFO  impl.MetricsSystemImpl (MetricsSystemImpl.java:stop(216)) - HddsDatanode metrics system stopped.
]]></system-out>
    <system-err><![CDATA[Sep 21, 2019 3:24:25 AM org.apache.ratis.thirdparty.io.grpc.internal.SerializingExecutor run
SEVERE: Exception while executing runnable org.apache.ratis.thirdparty.io.grpc.internal.ServerImpl$JumpToApplicationThreadServerStreamListener$1Closed@7766c991
org.apache.ratis.thirdparty.io.grpc.StatusRuntimeException: CANCELLED: call already cancelled
	at org.apache.ratis.thirdparty.io.grpc.Status.asRuntimeException(Status.java:517)
	at org.apache.ratis.thirdparty.io.grpc.stub.ServerCalls$ServerCallStreamObserverImpl.onCompleted(ServerCalls.java:356)
	at org.apache.ratis.grpc.server.GrpcServerProtocolService$ServerRequestStreamObserver.onError(GrpcServerProtocolService.java:121)
	at org.apache.ratis.thirdparty.io.grpc.stub.ServerCalls$StreamingServerCallHandler$StreamingServerCallListener.onCancel(ServerCalls.java:269)
	at org.apache.ratis.thirdparty.io.grpc.internal.ServerCallImpl$ServerStreamListenerImpl.closed(ServerCallImpl.java:293)
	at org.apache.ratis.thirdparty.io.grpc.internal.ServerImpl$JumpToApplicationThreadServerStreamListener$1Closed.runInContext(ServerImpl.java:741)
	at org.apache.ratis.thirdparty.io.grpc.internal.ContextRunnable.run(ContextRunnable.java:37)
	at org.apache.ratis.thirdparty.io.grpc.internal.SerializingExecutor.run(SerializingExecutor.java:123)
	at java.util.concurrent.ThreadPoolExecutor.runWorker(ThreadPoolExecutor.java:1149)
	at java.util.concurrent.ThreadPoolExecutor$Worker.run(ThreadPoolExecutor.java:624)
	at java.lang.Thread.run(Thread.java:748)

]]></system-err>
  </testcase>
  <testcase name="testFailureWithPrimeSizedData" classname="org.apache.hadoop.ozone.client.rpc.TestBlockOutputStreamWithFailures" time="34.51">
    <failure message="expected:&lt;72&gt; but was:&lt;74&gt;" type="java.lang.AssertionError"><![CDATA[java.lang.AssertionError: expected:<72> but was:<74>
	at org.junit.Assert.fail(Assert.java:88)
	at org.junit.Assert.failNotEquals(Assert.java:743)
	at org.junit.Assert.assertEquals(Assert.java:118)
	at org.junit.Assert.assertEquals(Assert.java:555)
	at org.junit.Assert.assertEquals(Assert.java:542)
	at org.apache.hadoop.ozone.client.rpc.TestBlockOutputStreamWithFailures.testFailureWithPrimeSizedData(TestBlockOutputStreamWithFailures.java:605)
	at sun.reflect.NativeMethodAccessorImpl.invoke0(Native Method)
	at sun.reflect.NativeMethodAccessorImpl.invoke(NativeMethodAccessorImpl.java:62)
	at sun.reflect.DelegatingMethodAccessorImpl.invoke(DelegatingMethodAccessorImpl.java:43)
	at java.lang.reflect.Method.invoke(Method.java:498)
	at org.junit.runners.model.FrameworkMethod$1.runReflectiveCall(FrameworkMethod.java:47)
	at org.junit.internal.runners.model.ReflectiveCallable.run(ReflectiveCallable.java:12)
	at org.junit.runners.model.FrameworkMethod.invokeExplosively(FrameworkMethod.java:44)
	at org.junit.internal.runners.statements.InvokeMethod.evaluate(InvokeMethod.java:17)
	at org.junit.internal.runners.statements.RunBefores.evaluate(RunBefores.java:26)
	at org.junit.internal.runners.statements.RunAfters.evaluate(RunAfters.java:27)
	at org.junit.runners.ParentRunner.runLeaf(ParentRunner.java:271)
	at org.junit.runners.BlockJUnit4ClassRunner.runChild(BlockJUnit4ClassRunner.java:70)
	at org.junit.runners.BlockJUnit4ClassRunner.runChild(BlockJUnit4ClassRunner.java:50)
	at org.junit.runners.ParentRunner$3.run(ParentRunner.java:238)
	at org.junit.runners.ParentRunner$1.schedule(ParentRunner.java:63)
	at org.junit.runners.ParentRunner.runChildren(ParentRunner.java:236)
	at org.junit.runners.ParentRunner.access$000(ParentRunner.java:53)
	at org.junit.runners.ParentRunner$2.evaluate(ParentRunner.java:229)
	at org.junit.runners.ParentRunner.run(ParentRunner.java:309)
	at org.apache.maven.surefire.junit4.JUnit4Provider.execute(JUnit4Provider.java:365)
	at org.apache.maven.surefire.junit4.JUnit4Provider.executeWithRerun(JUnit4Provider.java:273)
	at org.apache.maven.surefire.junit4.JUnit4Provider.executeTestSet(JUnit4Provider.java:238)
	at org.apache.maven.surefire.junit4.JUnit4Provider.invoke(JUnit4Provider.java:159)
	at org.apache.maven.surefire.booter.ForkedBooter.invokeProviderInSameClassLoader(ForkedBooter.java:384)
	at org.apache.maven.surefire.booter.ForkedBooter.runSuitesInProcess(ForkedBooter.java:345)
	at org.apache.maven.surefire.booter.ForkedBooter.execute(ForkedBooter.java:126)
	at org.apache.maven.surefire.booter.ForkedBooter.main(ForkedBooter.java:418)
]]></failure>
    <system-out><![CDATA[2019-09-21 03:24:26,166 [main] WARN  server.ServerUtils (ServerUtils.java:getScmDbDir(145)) - ozone.scm.db.dirs is not configured. We recommend adding this setting. Falling back to ozone.metadata.dirs instead.
2019-09-21 03:24:26,201 [main] WARN  server.ServerUtils (ServerUtils.java:getScmDbDir(145)) - ozone.scm.db.dirs is not configured. We recommend adding this setting. Falling back to ozone.metadata.dirs instead.
2019-09-21 03:24:26,201 [main] WARN  server.ServerUtils (ServerUtils.java:getScmDbDir(145)) - ozone.scm.db.dirs is not configured. We recommend adding this setting. Falling back to ozone.metadata.dirs instead.
2019-09-21 03:24:26,202 [main] INFO  db.DBStoreBuilder (DBStoreBuilder.java:addTable(110)) - using custom profile for table: deletedBlocks
2019-09-21 03:24:26,202 [main] INFO  db.DBStoreBuilder (DBStoreBuilder.java:processTables(161)) - Using default column profile:DBProfile.DISK for Table:deletedBlocks
2019-09-21 03:24:26,203 [main] INFO  db.DBStoreBuilder (DBStoreBuilder.java:addTable(110)) - using custom profile for table: validCerts
2019-09-21 03:24:26,203 [main] INFO  db.DBStoreBuilder (DBStoreBuilder.java:processTables(161)) - Using default column profile:DBProfile.DISK for Table:validCerts
2019-09-21 03:24:26,203 [main] INFO  db.DBStoreBuilder (DBStoreBuilder.java:addTable(110)) - using custom profile for table: revokedCerts
2019-09-21 03:24:26,204 [main] INFO  db.DBStoreBuilder (DBStoreBuilder.java:processTables(161)) - Using default column profile:DBProfile.DISK for Table:revokedCerts
2019-09-21 03:24:26,204 [main] INFO  db.DBStoreBuilder (DBStoreBuilder.java:addTable(110)) - using custom profile for table: default
2019-09-21 03:24:26,204 [main] INFO  db.DBStoreBuilder (DBStoreBuilder.java:processTables(167)) - Using default column profile:DBProfile.DISK for Table:default
2019-09-21 03:24:26,204 [main] INFO  db.DBStoreBuilder (DBStoreBuilder.java:getDbProfile(198)) - Using default options. DBProfile.DISK
2019-09-21 03:24:26,501 [main] INFO  net.NodeSchemaLoader (NodeSchemaLoader.java:loadSchemaFromFile(125)) - Loading file from sun.misc.CompoundEnumeration@426c0486
2019-09-21 03:24:26,501 [main] INFO  net.NodeSchemaLoader (NodeSchemaLoader.java:loadSchema(171)) - Loading network topology layer schema file
2019-09-21 03:24:26,508 [main] INFO  node.SCMNodeManager (SCMNodeManager.java:<init>(114)) - Entering startup safe mode.
2019-09-21 03:24:26,509 [main] INFO  algorithms.ContainerPlacementPolicyFactory (ContainerPlacementPolicyFactory.java:getPolicy(57)) - Create container placement policy of type org.apache.hadoop.hdds.scm.container.placement.algorithms.SCMContainerPlacementRandom
2019-09-21 03:24:26,509 [main] WARN  server.ServerUtils (ServerUtils.java:getScmDbDir(145)) - ozone.scm.db.dirs is not configured. We recommend adding this setting. Falling back to ozone.metadata.dirs instead.
2019-09-21 03:24:26,619 [main] INFO  pipeline.SCMPipelineManager (SCMPipelineManager.java:initializePipelineState(132)) - No pipeline exists in current db
2019-09-21 03:24:26,619 [main] WARN  server.ServerUtils (ServerUtils.java:getScmDbDir(145)) - ozone.scm.db.dirs is not configured. We recommend adding this setting. Falling back to ozone.metadata.dirs instead.
2019-09-21 03:24:26,732 [main] WARN  events.EventQueue (EventQueue.java:fireEvent(183)) - No event handler registered for event TypedEvent{payloadType=SafeModeStatus, name='SafeModeStatus'}
2019-09-21 03:24:26,733 [main] INFO  ipc.CallQueueManager (CallQueueManager.java:<init>(84)) - Using callQueue: class java.util.concurrent.LinkedBlockingQueue, queueCapacity: 2000, scheduler: class org.apache.hadoop.ipc.DefaultRpcScheduler, ipcBackoff: false.
2019-09-21 03:24:26,734 [Socket Reader #1 for port 46376] INFO  ipc.Server (Server.java:run(1074)) - Starting Socket Reader #1 for port 46376
2019-09-21 03:24:26,737 [main] INFO  ipc.CallQueueManager (CallQueueManager.java:<init>(84)) - Using callQueue: class java.util.concurrent.LinkedBlockingQueue, queueCapacity: 2000, scheduler: class org.apache.hadoop.ipc.DefaultRpcScheduler, ipcBackoff: false.
2019-09-21 03:24:26,738 [Socket Reader #1 for port 35761] INFO  ipc.Server (Server.java:run(1074)) - Starting Socket Reader #1 for port 35761
2019-09-21 03:24:26,739 [main] INFO  ipc.CallQueueManager (CallQueueManager.java:<init>(84)) - Using callQueue: class java.util.concurrent.LinkedBlockingQueue, queueCapacity: 2000, scheduler: class org.apache.hadoop.ipc.DefaultRpcScheduler, ipcBackoff: false.
2019-09-21 03:24:26,740 [Socket Reader #1 for port 43682] INFO  ipc.Server (Server.java:run(1074)) - Starting Socket Reader #1 for port 43682
2019-09-21 03:24:26,743 [main] INFO  hdfs.DFSUtil (DFSUtil.java:httpServerTemplateForNNAndJN(1641)) - Starting Web-server for scm at: http://0.0.0.0:0
2019-09-21 03:24:26,748 [main] INFO  server.AuthenticationFilter (AuthenticationFilter.java:constructSecretProvider(240)) - Unable to initialize FileSignerSecretProvider, falling back to use random secrets.
2019-09-21 03:24:26,749 [main] WARN  http.HttpRequestLog (HttpRequestLog.java:getRequestLog(97)) - Jetty request log can only be enabled using Log4j
2019-09-21 03:24:26,750 [main] INFO  http.HttpServer2 (HttpServer2.java:addGlobalFilter(975)) - Added global filter 'safety' (class=org.apache.hadoop.http.HttpServer2$QuotingInputFilter)
2019-09-21 03:24:26,751 [main] INFO  http.HttpServer2 (HttpServer2.java:addFilter(948)) - Added filter static_user_filter (class=org.apache.hadoop.http.lib.StaticUserWebFilter$StaticUserFilter) to context scm
2019-09-21 03:24:26,751 [main] INFO  http.HttpServer2 (HttpServer2.java:addFilter(958)) - Added filter static_user_filter (class=org.apache.hadoop.http.lib.StaticUserWebFilter$StaticUserFilter) to context logs
2019-09-21 03:24:26,751 [main] INFO  http.HttpServer2 (HttpServer2.java:addFilter(958)) - Added filter static_user_filter (class=org.apache.hadoop.http.lib.StaticUserWebFilter$StaticUserFilter) to context static
2019-09-21 03:24:26,753 [main] INFO  server.StorageContainerManager (StorageContainerManager.java:start(770)) - StorageContainerLocationProtocol RPC server is listening at /0.0.0.0:43682
2019-09-21 03:24:26,755 [main] WARN  impl.MetricsConfig (MetricsConfig.java:loadFirst(134)) - Cannot locate configuration: tried hadoop-metrics2-storagecontainermanager.properties,hadoop-metrics2.properties
2019-09-21 03:24:26,756 [main] INFO  impl.MetricsSystemImpl (MetricsSystemImpl.java:startTimer(374)) - Scheduled Metric snapshot period at 10 second(s).
2019-09-21 03:24:26,756 [main] INFO  impl.MetricsSystemImpl (MetricsSystemImpl.java:start(191)) - StorageContainerManager metrics system started
2019-09-21 03:24:26,874 [main] WARN  impl.MetricsSystemImpl (MetricsSystemImpl.java:register(276)) - Sink prometheus already exists!
2019-09-21 03:24:26,920 [main] INFO  server.SCMClientProtocolServer (SCMClientProtocolServer.java:start(151)) - RPC server for Client  is listening at /0.0.0.0:43682
2019-09-21 03:24:26,921 [IPC Server Responder] INFO  ipc.Server (Server.java:run(1314)) - IPC Server Responder: starting
2019-09-21 03:24:26,921 [IPC Server listener on 43682] INFO  ipc.Server (Server.java:run(1153)) - IPC Server listener on 43682: starting
2019-09-21 03:24:26,925 [main] INFO  server.StorageContainerManager (StorageContainerManager.java:start(780)) - ScmBlockLocationProtocol RPC server is listening at /0.0.0.0:35761
2019-09-21 03:24:26,925 [main] INFO  server.SCMBlockProtocolServer (SCMBlockProtocolServer.java:start(146)) - RPC server for Block Protocol is listening at /0.0.0.0:35761
2019-09-21 03:24:26,925 [IPC Server Responder] INFO  ipc.Server (Server.java:run(1314)) - IPC Server Responder: starting
2019-09-21 03:24:26,925 [IPC Server listener on 35761] INFO  ipc.Server (Server.java:run(1153)) - IPC Server listener on 35761: starting
2019-09-21 03:24:26,929 [main] INFO  server.StorageContainerManager (StorageContainerManager.java:start(784)) - ScmDatanodeProtocl RPC server is listening at /0.0.0.0:46376
2019-09-21 03:24:26,929 [main] INFO  server.SCMDatanodeProtocolServer (SCMDatanodeProtocolServer.java:start(191)) - RPC server for DataNodes is listening at /0.0.0.0:46376
2019-09-21 03:24:26,929 [IPC Server Responder] INFO  ipc.Server (Server.java:run(1314)) - IPC Server Responder: starting
2019-09-21 03:24:26,929 [IPC Server listener on 46376] INFO  ipc.Server (Server.java:run(1153)) - IPC Server listener on 46376: starting
2019-09-21 03:24:26,933 [main] INFO  http.HttpServer2 (HttpServer2.java:bindListener(1191)) - Jetty bound to port 38620
2019-09-21 03:24:26,933 [main] INFO  server.Server (Server.java:doStart(351)) - jetty-9.3.24.v20180605, build timestamp: 2018-06-05T17:11:56Z, git hash: 84205aa28f11a4f31f2a3b86d1bba2cc8ab69827
2019-09-21 03:24:26,934 [main] INFO  handler.ContextHandler (ContextHandler.java:doStart(781)) - Started o.e.j.s.ServletContextHandler@71b97eeb{/logs,file:///workdir/hadoop-ozone/integration-test/target/log,AVAILABLE}
2019-09-21 03:24:26,935 [main] INFO  handler.ContextHandler (ContextHandler.java:doStart(781)) - Started o.e.j.s.ServletContextHandler@1c62c3fd{/static,file:///workdir/hadoop-ozone/integration-test/target/test-classes/webapps/static,AVAILABLE}
2019-09-21 03:24:26,938 [main] INFO  handler.ContextHandler (ContextHandler.java:doStart(781)) - Started o.e.j.w.WebAppContext@2674d4f6{/,file:///workdir/hadoop-ozone/integration-test/target/test-classes/webapps/scm/,AVAILABLE}{/scm}
2019-09-21 03:24:26,939 [main] INFO  server.AbstractConnector (AbstractConnector.java:doStart(278)) - Started ServerConnector@5d9d2119{HTTP/1.1,[http/1.1]}{0.0.0.0:38620}
2019-09-21 03:24:26,940 [main] INFO  server.Server (Server.java:doStart(419)) - Started @584466ms
2019-09-21 03:24:26,940 [main] WARN  impl.MetricsSystemImpl (MetricsSystemImpl.java:register(276)) - Sink prometheus already exists!
2019-09-21 03:24:26,942 [main] INFO  server.BaseHttpServer (BaseHttpServer.java:updateConnectorAddress(215)) - HTTP server of SCM is listening at http://0.0.0.0:38620
2019-09-21 03:24:26,943 [main] WARN  server.ServerUtils (ServerUtils.java:getDBPath(222)) - ozone.om.db.dirs is not configured. We recommend adding this setting. Falling back to ozone.metadata.dirs instead.
2019-09-21 03:24:26,943 [org.apache.hadoop.util.JvmPauseMonitor$Monitor@7ae590f6] INFO  util.JvmPauseMonitor (JvmPauseMonitor.java:run(188)) - Starting JVM pause monitor
2019-09-21 03:24:26,956 [main] WARN  server.ServerUtils (ServerUtils.java:getDBPath(222)) - ozone.om.db.dirs is not configured. We recommend adding this setting. Falling back to ozone.metadata.dirs instead.
2019-09-21 03:24:26,956 [main] WARN  server.ServerUtils (ServerUtils.java:getDBPath(222)) - ozone.om.db.dirs is not configured. We recommend adding this setting. Falling back to ozone.metadata.dirs instead.
2019-09-21 03:24:26,956 [main] INFO  om.OzoneManager (OzoneManager.java:setOMNodeDetails(652)) - OM Service ID is not set. Setting it to the default ID: omServiceIdDefault
2019-09-21 03:24:26,956 [main] INFO  om.OzoneManager (OzoneManager.java:setOMNodeDetails(658)) - OM Node ID is not set. Setting it to the OmStorage's OmID: 91df26d5-e206-4797-9938-d259bc10f7e0
2019-09-21 03:24:26,957 [main] INFO  om.OzoneManager (OzoneManager.java:loadOMHAConfigs(609)) - Found matching OM address with OMServiceId: null, OMNodeId: null, RPC Address: localhost:0 and Ratis port: 9872
2019-09-21 03:24:26,963 [main] WARN  server.ServerUtils (ServerUtils.java:getDBPath(222)) - ozone.om.db.dirs is not configured. We recommend adding this setting. Falling back to ozone.metadata.dirs instead.
2019-09-21 03:24:26,963 [main] INFO  db.DBStoreBuilder (DBStoreBuilder.java:addTable(110)) - using custom profile for table: userTable
2019-09-21 03:24:26,963 [main] INFO  db.DBStoreBuilder (DBStoreBuilder.java:processTables(161)) - Using default column profile:DBProfile.DISK for Table:userTable
2019-09-21 03:24:26,963 [main] INFO  db.DBStoreBuilder (DBStoreBuilder.java:addTable(110)) - using custom profile for table: volumeTable
2019-09-21 03:24:26,964 [main] INFO  db.DBStoreBuilder (DBStoreBuilder.java:processTables(161)) - Using default column profile:DBProfile.DISK for Table:volumeTable
2019-09-21 03:24:26,964 [main] INFO  db.DBStoreBuilder (DBStoreBuilder.java:addTable(110)) - using custom profile for table: bucketTable
2019-09-21 03:24:26,964 [main] INFO  db.DBStoreBuilder (DBStoreBuilder.java:processTables(161)) - Using default column profile:DBProfile.DISK for Table:bucketTable
2019-09-21 03:24:26,964 [main] INFO  db.DBStoreBuilder (DBStoreBuilder.java:addTable(110)) - using custom profile for table: keyTable
2019-09-21 03:24:26,964 [main] INFO  db.DBStoreBuilder (DBStoreBuilder.java:processTables(161)) - Using default column profile:DBProfile.DISK for Table:keyTable
2019-09-21 03:24:26,965 [main] INFO  db.DBStoreBuilder (DBStoreBuilder.java:addTable(110)) - using custom profile for table: deletedTable
2019-09-21 03:24:26,965 [main] INFO  db.DBStoreBuilder (DBStoreBuilder.java:processTables(161)) - Using default column profile:DBProfile.DISK for Table:deletedTable
2019-09-21 03:24:26,965 [main] INFO  db.DBStoreBuilder (DBStoreBuilder.java:addTable(110)) - using custom profile for table: openKeyTable
2019-09-21 03:24:26,965 [main] INFO  db.DBStoreBuilder (DBStoreBuilder.java:processTables(161)) - Using default column profile:DBProfile.DISK for Table:openKeyTable
2019-09-21 03:24:26,965 [main] INFO  db.DBStoreBuilder (DBStoreBuilder.java:addTable(110)) - using custom profile for table: s3Table
2019-09-21 03:24:26,965 [main] INFO  db.DBStoreBuilder (DBStoreBuilder.java:processTables(161)) - Using default column profile:DBProfile.DISK for Table:s3Table
2019-09-21 03:24:26,966 [main] INFO  db.DBStoreBuilder (DBStoreBuilder.java:addTable(110)) - using custom profile for table: multipartInfoTable
2019-09-21 03:24:26,966 [main] INFO  db.DBStoreBuilder (DBStoreBuilder.java:processTables(161)) - Using default column profile:DBProfile.DISK for Table:multipartInfoTable
2019-09-21 03:24:26,966 [main] INFO  db.DBStoreBuilder (DBStoreBuilder.java:addTable(110)) - using custom profile for table: dTokenTable
2019-09-21 03:24:26,966 [main] INFO  db.DBStoreBuilder (DBStoreBuilder.java:processTables(161)) - Using default column profile:DBProfile.DISK for Table:dTokenTable
2019-09-21 03:24:26,966 [main] INFO  db.DBStoreBuilder (DBStoreBuilder.java:addTable(110)) - using custom profile for table: s3SecretTable
2019-09-21 03:24:26,966 [main] INFO  db.DBStoreBuilder (DBStoreBuilder.java:processTables(161)) - Using default column profile:DBProfile.DISK for Table:s3SecretTable
2019-09-21 03:24:26,967 [main] INFO  db.DBStoreBuilder (DBStoreBuilder.java:addTable(110)) - using custom profile for table: prefixTable
2019-09-21 03:24:26,967 [main] INFO  db.DBStoreBuilder (DBStoreBuilder.java:processTables(161)) - Using default column profile:DBProfile.DISK for Table:prefixTable
2019-09-21 03:24:26,967 [main] INFO  db.DBStoreBuilder (DBStoreBuilder.java:addTable(110)) - using custom profile for table: default
2019-09-21 03:24:26,967 [main] INFO  db.DBStoreBuilder (DBStoreBuilder.java:processTables(167)) - Using default column profile:DBProfile.DISK for Table:default
2019-09-21 03:24:26,967 [main] INFO  db.DBStoreBuilder (DBStoreBuilder.java:getDbProfile(198)) - Using default options. DBProfile.DISK
2019-09-21 03:24:27,468 [main] INFO  ipc.CallQueueManager (CallQueueManager.java:<init>(84)) - Using callQueue: class java.util.concurrent.LinkedBlockingQueue, queueCapacity: 2000, scheduler: class org.apache.hadoop.ipc.DefaultRpcScheduler, ipcBackoff: false.
2019-09-21 03:24:27,469 [Socket Reader #1 for port 39881] INFO  ipc.Server (Server.java:run(1074)) - Starting Socket Reader #1 for port 39881
2019-09-21 03:24:27,482 [main] INFO  om.OzoneManager (OzoneManager.java:start(1243)) - OzoneManager RPC server is listening at localhost/127.0.0.1:39881
2019-09-21 03:24:27,482 [main] INFO  impl.MetricsSystemImpl (MetricsSystemImpl.java:init(158)) - OzoneManager metrics system started (again)
2019-09-21 03:24:27,483 [IPC Server Responder] INFO  ipc.Server (Server.java:run(1314)) - IPC Server Responder: starting
2019-09-21 03:24:27,483 [IPC Server listener on 39881] INFO  ipc.Server (Server.java:run(1153)) - IPC Server listener on 39881: starting
2019-09-21 03:24:27,493 [main] INFO  hdfs.DFSUtil (DFSUtil.java:httpServerTemplateForNNAndJN(1641)) - Starting Web-server for ozoneManager at: http://0.0.0.0:0
2019-09-21 03:24:27,494 [main] INFO  server.AuthenticationFilter (AuthenticationFilter.java:constructSecretProvider(240)) - Unable to initialize FileSignerSecretProvider, falling back to use random secrets.
2019-09-21 03:24:27,495 [main] WARN  http.HttpRequestLog (HttpRequestLog.java:getRequestLog(97)) - Jetty request log can only be enabled using Log4j
2019-09-21 03:24:27,496 [main] INFO  http.HttpServer2 (HttpServer2.java:addGlobalFilter(975)) - Added global filter 'safety' (class=org.apache.hadoop.http.HttpServer2$QuotingInputFilter)
2019-09-21 03:24:27,496 [main] INFO  http.HttpServer2 (HttpServer2.java:addFilter(948)) - Added filter static_user_filter (class=org.apache.hadoop.http.lib.StaticUserWebFilter$StaticUserFilter) to context ozoneManager
2019-09-21 03:24:27,496 [main] INFO  http.HttpServer2 (HttpServer2.java:addFilter(958)) - Added filter static_user_filter (class=org.apache.hadoop.http.lib.StaticUserWebFilter$StaticUserFilter) to context logs
2019-09-21 03:24:27,497 [main] INFO  http.HttpServer2 (HttpServer2.java:addFilter(958)) - Added filter static_user_filter (class=org.apache.hadoop.http.lib.StaticUserWebFilter$StaticUserFilter) to context static
2019-09-21 03:24:27,497 [main] INFO  http.HttpServer2 (HttpServer2.java:bindListener(1191)) - Jetty bound to port 45791
2019-09-21 03:24:27,497 [main] INFO  server.Server (Server.java:doStart(351)) - jetty-9.3.24.v20180605, build timestamp: 2018-06-05T17:11:56Z, git hash: 84205aa28f11a4f31f2a3b86d1bba2cc8ab69827
2019-09-21 03:24:27,498 [main] INFO  handler.ContextHandler (ContextHandler.java:doStart(781)) - Started o.e.j.s.ServletContextHandler@6c07add6{/logs,file:///workdir/hadoop-ozone/integration-test/target/log,AVAILABLE}
2019-09-21 03:24:27,499 [main] INFO  handler.ContextHandler (ContextHandler.java:doStart(781)) - Started o.e.j.s.ServletContextHandler@57a667c8{/static,file:///workdir/hadoop-ozone/integration-test/target/test-classes/webapps/static,AVAILABLE}
2019-09-21 03:24:27,502 [main] INFO  handler.ContextHandler (ContextHandler.java:doStart(781)) - Started o.e.j.w.WebAppContext@6cdbe5ec{/,file:///workdir/hadoop-ozone/integration-test/target/test-classes/webapps/ozoneManager/,AVAILABLE}{/ozoneManager}
2019-09-21 03:24:27,502 [main] INFO  server.AbstractConnector (AbstractConnector.java:doStart(278)) - Started ServerConnector@14b8a751{HTTP/1.1,[http/1.1]}{0.0.0.0:45791}
2019-09-21 03:24:27,505 [main] INFO  server.Server (Server.java:doStart(419)) - Started @585031ms
2019-09-21 03:24:27,505 [main] WARN  impl.MetricsSystemImpl (MetricsSystemImpl.java:register(276)) - Sink prometheus already exists!
2019-09-21 03:24:27,506 [main] INFO  server.BaseHttpServer (BaseHttpServer.java:updateConnectorAddress(215)) - HTTP server of OZONEMANAGER is listening at http://0.0.0.0:45791
2019-09-21 03:24:27,517 [main] INFO  impl.MetricsSystemImpl (MetricsSystemImpl.java:init(158)) - HddsDatanode metrics system started (again)
2019-09-21 03:24:27,521 [main] INFO  ozone.HddsDatanodeService (HddsDatanodeService.java:start(184)) - HddsDatanodeService host:pr-hdds-2161-42js2-1613171706 ip:192.168.36.122
2019-09-21 03:24:27,526 [main] INFO  volume.HddsVolume (HddsVolume.java:<init>(176)) - Creating Volume: /workdir/hadoop-ozone/integration-test/target/test-dir/MiniOzoneClusterImpl-e366364a-480d-4d7a-97c1-516fb7a6c1d7/datanode-0/data/containers/hdds of  storage type : DISK and capacity : 1482555576320
2019-09-21 03:24:27,527 [main] INFO  volume.VolumeSet (VolumeSet.java:initializeVolumeSet(170)) - Added Volume : /workdir/hadoop-ozone/integration-test/target/test-dir/MiniOzoneClusterImpl-e366364a-480d-4d7a-97c1-516fb7a6c1d7/datanode-0/data/containers/hdds to VolumeSet
2019-09-21 03:24:27,527 [main] INFO  volume.ThrottledAsyncChecker (ThrottledAsyncChecker.java:schedule(139)) - Scheduling a check for org.apache.hadoop.ozone.container.common.volume.HddsVolume@7b95bdb0
2019-09-21 03:24:27,527 [main] INFO  volume.HddsVolumeChecker (HddsVolumeChecker.java:checkAllVolumes(202)) - Scheduled health check for volume org.apache.hadoop.ozone.container.common.volume.HddsVolume@7b95bdb0
2019-09-21 03:24:27,538 [main] INFO  impl.RaftServerProxy (ConfUtils.java:logGet(43)) - raft.rpc.type = GRPC (default)
2019-09-21 03:24:27,539 [main] INFO  grpc.GrpcFactory (GrpcFactory.java:checkPooledByteBufAllocatorUseCacheForAllThreads(45)) - PERFORMANCE WARNING: useCacheForAllThreads is true that may cause Netty to create a lot garbage objects and, as a result, trigger GC.
	It is recommended to disable useCacheForAllThreads by setting -Dorg.apache.ratis.thirdparty.io.netty.allocator.useCacheForAllThreads=false in command line.
2019-09-21 03:24:27,539 [main] INFO  grpc.GrpcConfigKeys$Server (ConfUtils.java:logGet(43)) - raft.grpc.server.port = 0 (default)
2019-09-21 03:24:27,539 [main] INFO  server.GrpcService (ConfUtils.java:logGet(43)) - raft.grpc.message.size.max = 33570816 (custom)
2019-09-21 03:24:27,539 [main] INFO  server.RaftServerConfigKeys (ConfUtils.java:logGet(43)) - raft.server.log.appender.buffer.byte-limit = 33554432 (custom)
2019-09-21 03:24:27,539 [main] INFO  server.GrpcService (ConfUtils.java:logGet(43)) - raft.grpc.flow.control.window = 1MB (=1048576) (default)
2019-09-21 03:24:27,540 [main] INFO  server.RaftServerConfigKeys (ConfUtils.java:logGet(43)) - raft.server.rpc.request.timeout = 3000ms (default)
2019-09-21 03:24:27,540 [main] INFO  server.RaftServerConfigKeys (ConfUtils.java:logGet(43)) - raft.server.storage.dir = [/workdir/hadoop-ozone/integration-test/target/test-dir/MiniOzoneClusterImpl-e366364a-480d-4d7a-97c1-516fb7a6c1d7/datanode-0/data/ratis] (custom)
2019-09-21 03:24:27,541 [main] INFO  hdfs.DFSUtil (DFSUtil.java:httpServerTemplateForNNAndJN(1641)) - Starting Web-server for hddsDatanode at: http://0.0.0.0:0
2019-09-21 03:24:27,542 [main] INFO  server.AuthenticationFilter (AuthenticationFilter.java:constructSecretProvider(240)) - Unable to initialize FileSignerSecretProvider, falling back to use random secrets.
2019-09-21 03:24:27,543 [main] WARN  http.HttpRequestLog (HttpRequestLog.java:getRequestLog(97)) - Jetty request log can only be enabled using Log4j
2019-09-21 03:24:27,544 [main] INFO  http.HttpServer2 (HttpServer2.java:addGlobalFilter(975)) - Added global filter 'safety' (class=org.apache.hadoop.http.HttpServer2$QuotingInputFilter)
2019-09-21 03:24:27,544 [main] INFO  http.HttpServer2 (HttpServer2.java:addFilter(948)) - Added filter static_user_filter (class=org.apache.hadoop.http.lib.StaticUserWebFilter$StaticUserFilter) to context hddsDatanode
2019-09-21 03:24:27,544 [main] INFO  http.HttpServer2 (HttpServer2.java:addFilter(958)) - Added filter static_user_filter (class=org.apache.hadoop.http.lib.StaticUserWebFilter$StaticUserFilter) to context logs
2019-09-21 03:24:27,544 [main] INFO  http.HttpServer2 (HttpServer2.java:addFilter(958)) - Added filter static_user_filter (class=org.apache.hadoop.http.lib.StaticUserWebFilter$StaticUserFilter) to context static
2019-09-21 03:24:27,545 [main] INFO  http.HttpServer2 (HttpServer2.java:bindListener(1191)) - Jetty bound to port 34332
2019-09-21 03:24:27,545 [main] INFO  server.Server (Server.java:doStart(351)) - jetty-9.3.24.v20180605, build timestamp: 2018-06-05T17:11:56Z, git hash: 84205aa28f11a4f31f2a3b86d1bba2cc8ab69827
2019-09-21 03:24:27,546 [main] INFO  handler.ContextHandler (ContextHandler.java:doStart(781)) - Started o.e.j.s.ServletContextHandler@5618fc1f{/logs,file:///workdir/hadoop-ozone/integration-test/target/log,AVAILABLE}
2019-09-21 03:24:27,547 [main] INFO  handler.ContextHandler (ContextHandler.java:doStart(781)) - Started o.e.j.s.ServletContextHandler@374c3975{/static,jar:file:/home/user/.m2/repository/org/apache/hadoop/hadoop-hdds-container-service/0.5.0-SNAPSHOT/hadoop-hdds-container-service-0.5.0-SNAPSHOT.jar!/webapps/static,AVAILABLE}
2019-09-21 03:24:27,571 [main] INFO  handler.ContextHandler (ContextHandler.java:doStart(781)) - Started o.e.j.w.WebAppContext@4bbf38b8{/,file:///tmp/jetty-0.0.0.0-34332-hddsDatanode-_-any-6549249775106742192.dir/webapp/,AVAILABLE}{/hddsDatanode}
2019-09-21 03:24:27,571 [main] INFO  server.AbstractConnector (AbstractConnector.java:doStart(278)) - Started ServerConnector@4e67cfe1{HTTP/1.1,[http/1.1]}{0.0.0.0:34332}
2019-09-21 03:24:27,573 [main] INFO  server.Server (Server.java:doStart(419)) - Started @585099ms
2019-09-21 03:24:27,573 [main] WARN  impl.MetricsSystemImpl (MetricsSystemImpl.java:register(276)) - Sink prometheus already exists!
2019-09-21 03:24:27,573 [main] INFO  server.BaseHttpServer (BaseHttpServer.java:updateConnectorAddress(215)) - HTTP server of HDDSDATANODE is listening at http://0.0.0.0:34332
2019-09-21 03:24:27,574 [main] INFO  impl.MetricsSystemImpl (MetricsSystemImpl.java:init(158)) - HddsDatanode metrics system started (again)
2019-09-21 03:24:27,578 [org.apache.hadoop.util.JvmPauseMonitor$Monitor@50746b65] INFO  util.JvmPauseMonitor (JvmPauseMonitor.java:run(188)) - Starting JVM pause monitor
2019-09-21 03:24:27,578 [main] INFO  ozone.HddsDatanodeService (HddsDatanodeService.java:start(184)) - HddsDatanodeService host:pr-hdds-2161-42js2-1613171706 ip:192.168.36.122
2019-09-21 03:24:27,579 [Datanode State Machine Thread - 0] INFO  datanode.InitDatanodeState (InitDatanodeState.java:persistContainerDatanodeDetails(140)) - DatanodeDetails is persisted to /workdir/hadoop-ozone/integration-test/target/test-dir/MiniOzoneClusterImpl-e366364a-480d-4d7a-97c1-516fb7a6c1d7/datanode-0/meta/datanode.id
2019-09-21 03:24:27,584 [main] INFO  volume.HddsVolume (HddsVolume.java:<init>(176)) - Creating Volume: /workdir/hadoop-ozone/integration-test/target/test-dir/MiniOzoneClusterImpl-e366364a-480d-4d7a-97c1-516fb7a6c1d7/datanode-1/data/containers/hdds of  storage type : DISK and capacity : 1482555576320
2019-09-21 03:24:27,584 [main] INFO  volume.VolumeSet (VolumeSet.java:initializeVolumeSet(170)) - Added Volume : /workdir/hadoop-ozone/integration-test/target/test-dir/MiniOzoneClusterImpl-e366364a-480d-4d7a-97c1-516fb7a6c1d7/datanode-1/data/containers/hdds to VolumeSet
2019-09-21 03:24:27,584 [main] INFO  volume.ThrottledAsyncChecker (ThrottledAsyncChecker.java:schedule(139)) - Scheduling a check for org.apache.hadoop.ozone.container.common.volume.HddsVolume@685d7ba5
2019-09-21 03:24:27,585 [main] INFO  volume.HddsVolumeChecker (HddsVolumeChecker.java:checkAllVolumes(202)) - Scheduled health check for volume org.apache.hadoop.ozone.container.common.volume.HddsVolume@685d7ba5
2019-09-21 03:24:27,597 [main] INFO  impl.RaftServerProxy (ConfUtils.java:logGet(43)) - raft.rpc.type = GRPC (default)
2019-09-21 03:24:27,597 [main] INFO  grpc.GrpcFactory (GrpcFactory.java:checkPooledByteBufAllocatorUseCacheForAllThreads(45)) - PERFORMANCE WARNING: useCacheForAllThreads is true that may cause Netty to create a lot garbage objects and, as a result, trigger GC.
	It is recommended to disable useCacheForAllThreads by setting -Dorg.apache.ratis.thirdparty.io.netty.allocator.useCacheForAllThreads=false in command line.
2019-09-21 03:24:27,597 [main] INFO  grpc.GrpcConfigKeys$Server (ConfUtils.java:logGet(43)) - raft.grpc.server.port = 0 (default)
2019-09-21 03:24:27,597 [main] INFO  server.GrpcService (ConfUtils.java:logGet(43)) - raft.grpc.message.size.max = 33570816 (custom)
2019-09-21 03:24:27,597 [main] INFO  server.RaftServerConfigKeys (ConfUtils.java:logGet(43)) - raft.server.log.appender.buffer.byte-limit = 33554432 (custom)
2019-09-21 03:24:27,597 [main] INFO  server.GrpcService (ConfUtils.java:logGet(43)) - raft.grpc.flow.control.window = 1MB (=1048576) (default)
2019-09-21 03:24:27,598 [main] INFO  server.RaftServerConfigKeys (ConfUtils.java:logGet(43)) - raft.server.rpc.request.timeout = 3000ms (default)
2019-09-21 03:24:27,598 [main] INFO  server.RaftServerConfigKeys (ConfUtils.java:logGet(43)) - raft.server.storage.dir = [/workdir/hadoop-ozone/integration-test/target/test-dir/MiniOzoneClusterImpl-e366364a-480d-4d7a-97c1-516fb7a6c1d7/datanode-1/data/ratis] (custom)
2019-09-21 03:24:27,599 [main] INFO  hdfs.DFSUtil (DFSUtil.java:httpServerTemplateForNNAndJN(1641)) - Starting Web-server for hddsDatanode at: http://0.0.0.0:0
2019-09-21 03:24:27,600 [main] INFO  server.AuthenticationFilter (AuthenticationFilter.java:constructSecretProvider(240)) - Unable to initialize FileSignerSecretProvider, falling back to use random secrets.
2019-09-21 03:24:27,600 [main] WARN  http.HttpRequestLog (HttpRequestLog.java:getRequestLog(97)) - Jetty request log can only be enabled using Log4j
2019-09-21 03:24:27,601 [main] INFO  http.HttpServer2 (HttpServer2.java:addGlobalFilter(975)) - Added global filter 'safety' (class=org.apache.hadoop.http.HttpServer2$QuotingInputFilter)
2019-09-21 03:24:27,602 [main] INFO  http.HttpServer2 (HttpServer2.java:addFilter(948)) - Added filter static_user_filter (class=org.apache.hadoop.http.lib.StaticUserWebFilter$StaticUserFilter) to context hddsDatanode
2019-09-21 03:24:27,602 [main] INFO  http.HttpServer2 (HttpServer2.java:addFilter(958)) - Added filter static_user_filter (class=org.apache.hadoop.http.lib.StaticUserWebFilter$StaticUserFilter) to context logs
2019-09-21 03:24:27,602 [main] INFO  http.HttpServer2 (HttpServer2.java:addFilter(958)) - Added filter static_user_filter (class=org.apache.hadoop.http.lib.StaticUserWebFilter$StaticUserFilter) to context static
2019-09-21 03:24:27,603 [main] INFO  http.HttpServer2 (HttpServer2.java:bindListener(1191)) - Jetty bound to port 38165
2019-09-21 03:24:27,603 [main] INFO  server.Server (Server.java:doStart(351)) - jetty-9.3.24.v20180605, build timestamp: 2018-06-05T17:11:56Z, git hash: 84205aa28f11a4f31f2a3b86d1bba2cc8ab69827
2019-09-21 03:24:27,604 [main] INFO  handler.ContextHandler (ContextHandler.java:doStart(781)) - Started o.e.j.s.ServletContextHandler@3a4e524{/logs,file:///workdir/hadoop-ozone/integration-test/target/log,AVAILABLE}
2019-09-21 03:24:27,604 [main] INFO  handler.ContextHandler (ContextHandler.java:doStart(781)) - Started o.e.j.s.ServletContextHandler@2dac2e1b{/static,jar:file:/home/user/.m2/repository/org/apache/hadoop/hadoop-hdds-container-service/0.5.0-SNAPSHOT/hadoop-hdds-container-service-0.5.0-SNAPSHOT.jar!/webapps/static,AVAILABLE}
2019-09-21 03:24:27,630 [main] INFO  handler.ContextHandler (ContextHandler.java:doStart(781)) - Started o.e.j.w.WebAppContext@773eca84{/,file:///tmp/jetty-0.0.0.0-38165-hddsDatanode-_-any-1347255880022856923.dir/webapp/,AVAILABLE}{/hddsDatanode}
2019-09-21 03:24:27,630 [main] INFO  server.AbstractConnector (AbstractConnector.java:doStart(278)) - Started ServerConnector@7d47dfed{HTTP/1.1,[http/1.1]}{0.0.0.0:38165}
2019-09-21 03:24:27,632 [main] INFO  server.Server (Server.java:doStart(419)) - Started @585158ms
2019-09-21 03:24:27,632 [main] WARN  impl.MetricsSystemImpl (MetricsSystemImpl.java:register(276)) - Sink prometheus already exists!
2019-09-21 03:24:27,633 [main] INFO  server.BaseHttpServer (BaseHttpServer.java:updateConnectorAddress(215)) - HTTP server of HDDSDATANODE is listening at http://0.0.0.0:38165
2019-09-21 03:24:27,633 [main] INFO  impl.MetricsSystemImpl (MetricsSystemImpl.java:init(158)) - HddsDatanode metrics system started (again)
2019-09-21 03:24:27,638 [org.apache.hadoop.util.JvmPauseMonitor$Monitor@34a9d3f6] INFO  util.JvmPauseMonitor (JvmPauseMonitor.java:run(188)) - Starting JVM pause monitor
2019-09-21 03:24:27,639 [main] INFO  ozone.HddsDatanodeService (HddsDatanodeService.java:start(184)) - HddsDatanodeService host:pr-hdds-2161-42js2-1613171706 ip:192.168.36.122
2019-09-21 03:24:27,639 [Datanode State Machine Thread - 0] INFO  datanode.InitDatanodeState (InitDatanodeState.java:persistContainerDatanodeDetails(140)) - DatanodeDetails is persisted to /workdir/hadoop-ozone/integration-test/target/test-dir/MiniOzoneClusterImpl-e366364a-480d-4d7a-97c1-516fb7a6c1d7/datanode-1/meta/datanode.id
2019-09-21 03:24:27,645 [main] INFO  volume.HddsVolume (HddsVolume.java:<init>(176)) - Creating Volume: /workdir/hadoop-ozone/integration-test/target/test-dir/MiniOzoneClusterImpl-e366364a-480d-4d7a-97c1-516fb7a6c1d7/datanode-2/data/containers/hdds of  storage type : DISK and capacity : 1482555576320
2019-09-21 03:24:27,645 [main] INFO  volume.VolumeSet (VolumeSet.java:initializeVolumeSet(170)) - Added Volume : /workdir/hadoop-ozone/integration-test/target/test-dir/MiniOzoneClusterImpl-e366364a-480d-4d7a-97c1-516fb7a6c1d7/datanode-2/data/containers/hdds to VolumeSet
2019-09-21 03:24:27,646 [main] INFO  volume.ThrottledAsyncChecker (ThrottledAsyncChecker.java:schedule(139)) - Scheduling a check for org.apache.hadoop.ozone.container.common.volume.HddsVolume@5203c80f
2019-09-21 03:24:27,646 [main] INFO  volume.HddsVolumeChecker (HddsVolumeChecker.java:checkAllVolumes(202)) - Scheduled health check for volume org.apache.hadoop.ozone.container.common.volume.HddsVolume@5203c80f
2019-09-21 03:24:27,661 [main] INFO  impl.RaftServerProxy (ConfUtils.java:logGet(43)) - raft.rpc.type = GRPC (default)
2019-09-21 03:24:27,661 [main] INFO  grpc.GrpcFactory (GrpcFactory.java:checkPooledByteBufAllocatorUseCacheForAllThreads(45)) - PERFORMANCE WARNING: useCacheForAllThreads is true that may cause Netty to create a lot garbage objects and, as a result, trigger GC.
	It is recommended to disable useCacheForAllThreads by setting -Dorg.apache.ratis.thirdparty.io.netty.allocator.useCacheForAllThreads=false in command line.
2019-09-21 03:24:27,661 [main] INFO  grpc.GrpcConfigKeys$Server (ConfUtils.java:logGet(43)) - raft.grpc.server.port = 0 (default)
2019-09-21 03:24:27,662 [main] INFO  server.GrpcService (ConfUtils.java:logGet(43)) - raft.grpc.message.size.max = 33570816 (custom)
2019-09-21 03:24:27,662 [main] INFO  server.RaftServerConfigKeys (ConfUtils.java:logGet(43)) - raft.server.log.appender.buffer.byte-limit = 33554432 (custom)
2019-09-21 03:24:27,662 [main] INFO  server.GrpcService (ConfUtils.java:logGet(43)) - raft.grpc.flow.control.window = 1MB (=1048576) (default)
2019-09-21 03:24:27,662 [main] INFO  server.RaftServerConfigKeys (ConfUtils.java:logGet(43)) - raft.server.rpc.request.timeout = 3000ms (default)
2019-09-21 03:24:27,663 [main] INFO  server.RaftServerConfigKeys (ConfUtils.java:logGet(43)) - raft.server.storage.dir = [/workdir/hadoop-ozone/integration-test/target/test-dir/MiniOzoneClusterImpl-e366364a-480d-4d7a-97c1-516fb7a6c1d7/datanode-2/data/ratis] (custom)
2019-09-21 03:24:27,664 [main] INFO  hdfs.DFSUtil (DFSUtil.java:httpServerTemplateForNNAndJN(1641)) - Starting Web-server for hddsDatanode at: http://0.0.0.0:0
2019-09-21 03:24:27,665 [main] INFO  server.AuthenticationFilter (AuthenticationFilter.java:constructSecretProvider(240)) - Unable to initialize FileSignerSecretProvider, falling back to use random secrets.
2019-09-21 03:24:27,665 [main] WARN  http.HttpRequestLog (HttpRequestLog.java:getRequestLog(97)) - Jetty request log can only be enabled using Log4j
2019-09-21 03:24:27,667 [main] INFO  http.HttpServer2 (HttpServer2.java:addGlobalFilter(975)) - Added global filter 'safety' (class=org.apache.hadoop.http.HttpServer2$QuotingInputFilter)
2019-09-21 03:24:27,667 [main] INFO  http.HttpServer2 (HttpServer2.java:addFilter(948)) - Added filter static_user_filter (class=org.apache.hadoop.http.lib.StaticUserWebFilter$StaticUserFilter) to context hddsDatanode
2019-09-21 03:24:27,667 [main] INFO  http.HttpServer2 (HttpServer2.java:addFilter(958)) - Added filter static_user_filter (class=org.apache.hadoop.http.lib.StaticUserWebFilter$StaticUserFilter) to context logs
2019-09-21 03:24:27,668 [main] INFO  http.HttpServer2 (HttpServer2.java:addFilter(958)) - Added filter static_user_filter (class=org.apache.hadoop.http.lib.StaticUserWebFilter$StaticUserFilter) to context static
2019-09-21 03:24:27,668 [main] INFO  http.HttpServer2 (HttpServer2.java:bindListener(1191)) - Jetty bound to port 40798
2019-09-21 03:24:27,668 [main] INFO  server.Server (Server.java:doStart(351)) - jetty-9.3.24.v20180605, build timestamp: 2018-06-05T17:11:56Z, git hash: 84205aa28f11a4f31f2a3b86d1bba2cc8ab69827
2019-09-21 03:24:27,670 [main] INFO  handler.ContextHandler (ContextHandler.java:doStart(781)) - Started o.e.j.s.ServletContextHandler@71369e1a{/logs,file:///workdir/hadoop-ozone/integration-test/target/log,AVAILABLE}
2019-09-21 03:24:27,670 [main] INFO  handler.ContextHandler (ContextHandler.java:doStart(781)) - Started o.e.j.s.ServletContextHandler@ee96866{/static,jar:file:/home/user/.m2/repository/org/apache/hadoop/hadoop-hdds-container-service/0.5.0-SNAPSHOT/hadoop-hdds-container-service-0.5.0-SNAPSHOT.jar!/webapps/static,AVAILABLE}
2019-09-21 03:24:27,698 [main] INFO  handler.ContextHandler (ContextHandler.java:doStart(781)) - Started o.e.j.w.WebAppContext@38de5daf{/,file:///tmp/jetty-0.0.0.0-40798-hddsDatanode-_-any-4181924748896265568.dir/webapp/,AVAILABLE}{/hddsDatanode}
2019-09-21 03:24:27,699 [main] INFO  server.AbstractConnector (AbstractConnector.java:doStart(278)) - Started ServerConnector@621624b1{HTTP/1.1,[http/1.1]}{0.0.0.0:40798}
2019-09-21 03:24:27,700 [main] INFO  server.Server (Server.java:doStart(419)) - Started @585226ms
2019-09-21 03:24:27,700 [main] WARN  impl.MetricsSystemImpl (MetricsSystemImpl.java:register(276)) - Sink prometheus already exists!
2019-09-21 03:24:27,701 [main] INFO  server.BaseHttpServer (BaseHttpServer.java:updateConnectorAddress(215)) - HTTP server of HDDSDATANODE is listening at http://0.0.0.0:40798
2019-09-21 03:24:27,701 [main] INFO  impl.MetricsSystemImpl (MetricsSystemImpl.java:init(158)) - HddsDatanode metrics system started (again)
2019-09-21 03:24:27,706 [org.apache.hadoop.util.JvmPauseMonitor$Monitor@79f2e788] INFO  util.JvmPauseMonitor (JvmPauseMonitor.java:run(188)) - Starting JVM pause monitor
2019-09-21 03:24:27,707 [main] INFO  ozone.HddsDatanodeService (HddsDatanodeService.java:start(184)) - HddsDatanodeService host:pr-hdds-2161-42js2-1613171706 ip:192.168.36.122
2019-09-21 03:24:27,708 [Datanode State Machine Thread - 0] INFO  datanode.InitDatanodeState (InitDatanodeState.java:persistContainerDatanodeDetails(140)) - DatanodeDetails is persisted to /workdir/hadoop-ozone/integration-test/target/test-dir/MiniOzoneClusterImpl-e366364a-480d-4d7a-97c1-516fb7a6c1d7/datanode-2/meta/datanode.id
2019-09-21 03:24:27,712 [main] INFO  volume.HddsVolume (HddsVolume.java:<init>(176)) - Creating Volume: /workdir/hadoop-ozone/integration-test/target/test-dir/MiniOzoneClusterImpl-e366364a-480d-4d7a-97c1-516fb7a6c1d7/datanode-3/data/containers/hdds of  storage type : DISK and capacity : 1482555576320
2019-09-21 03:24:27,712 [main] INFO  volume.VolumeSet (VolumeSet.java:initializeVolumeSet(170)) - Added Volume : /workdir/hadoop-ozone/integration-test/target/test-dir/MiniOzoneClusterImpl-e366364a-480d-4d7a-97c1-516fb7a6c1d7/datanode-3/data/containers/hdds to VolumeSet
2019-09-21 03:24:27,713 [main] INFO  volume.ThrottledAsyncChecker (ThrottledAsyncChecker.java:schedule(139)) - Scheduling a check for org.apache.hadoop.ozone.container.common.volume.HddsVolume@5f3b84bd
2019-09-21 03:24:27,713 [main] INFO  volume.HddsVolumeChecker (HddsVolumeChecker.java:checkAllVolumes(202)) - Scheduled health check for volume org.apache.hadoop.ozone.container.common.volume.HddsVolume@5f3b84bd
2019-09-21 03:24:27,724 [main] INFO  impl.RaftServerProxy (ConfUtils.java:logGet(43)) - raft.rpc.type = GRPC (default)
2019-09-21 03:24:27,724 [main] INFO  grpc.GrpcFactory (GrpcFactory.java:checkPooledByteBufAllocatorUseCacheForAllThreads(45)) - PERFORMANCE WARNING: useCacheForAllThreads is true that may cause Netty to create a lot garbage objects and, as a result, trigger GC.
	It is recommended to disable useCacheForAllThreads by setting -Dorg.apache.ratis.thirdparty.io.netty.allocator.useCacheForAllThreads=false in command line.
2019-09-21 03:24:27,724 [main] INFO  grpc.GrpcConfigKeys$Server (ConfUtils.java:logGet(43)) - raft.grpc.server.port = 0 (default)
2019-09-21 03:24:27,724 [main] INFO  server.GrpcService (ConfUtils.java:logGet(43)) - raft.grpc.message.size.max = 33570816 (custom)
2019-09-21 03:24:27,725 [main] INFO  server.RaftServerConfigKeys (ConfUtils.java:logGet(43)) - raft.server.log.appender.buffer.byte-limit = 33554432 (custom)
2019-09-21 03:24:27,725 [main] INFO  server.GrpcService (ConfUtils.java:logGet(43)) - raft.grpc.flow.control.window = 1MB (=1048576) (default)
2019-09-21 03:24:27,725 [main] INFO  server.RaftServerConfigKeys (ConfUtils.java:logGet(43)) - raft.server.rpc.request.timeout = 3000ms (default)
2019-09-21 03:24:27,725 [main] INFO  server.RaftServerConfigKeys (ConfUtils.java:logGet(43)) - raft.server.storage.dir = [/workdir/hadoop-ozone/integration-test/target/test-dir/MiniOzoneClusterImpl-e366364a-480d-4d7a-97c1-516fb7a6c1d7/datanode-3/data/ratis] (custom)
2019-09-21 03:24:27,726 [main] INFO  hdfs.DFSUtil (DFSUtil.java:httpServerTemplateForNNAndJN(1641)) - Starting Web-server for hddsDatanode at: http://0.0.0.0:0
2019-09-21 03:24:27,728 [main] INFO  server.AuthenticationFilter (AuthenticationFilter.java:constructSecretProvider(240)) - Unable to initialize FileSignerSecretProvider, falling back to use random secrets.
2019-09-21 03:24:27,728 [main] WARN  http.HttpRequestLog (HttpRequestLog.java:getRequestLog(97)) - Jetty request log can only be enabled using Log4j
2019-09-21 03:24:27,729 [main] INFO  http.HttpServer2 (HttpServer2.java:addGlobalFilter(975)) - Added global filter 'safety' (class=org.apache.hadoop.http.HttpServer2$QuotingInputFilter)
2019-09-21 03:24:27,730 [main] INFO  http.HttpServer2 (HttpServer2.java:addFilter(948)) - Added filter static_user_filter (class=org.apache.hadoop.http.lib.StaticUserWebFilter$StaticUserFilter) to context hddsDatanode
2019-09-21 03:24:27,730 [main] INFO  http.HttpServer2 (HttpServer2.java:addFilter(958)) - Added filter static_user_filter (class=org.apache.hadoop.http.lib.StaticUserWebFilter$StaticUserFilter) to context logs
2019-09-21 03:24:27,730 [main] INFO  http.HttpServer2 (HttpServer2.java:addFilter(958)) - Added filter static_user_filter (class=org.apache.hadoop.http.lib.StaticUserWebFilter$StaticUserFilter) to context static
2019-09-21 03:24:27,731 [main] INFO  http.HttpServer2 (HttpServer2.java:bindListener(1191)) - Jetty bound to port 37000
2019-09-21 03:24:27,731 [main] INFO  server.Server (Server.java:doStart(351)) - jetty-9.3.24.v20180605, build timestamp: 2018-06-05T17:11:56Z, git hash: 84205aa28f11a4f31f2a3b86d1bba2cc8ab69827
2019-09-21 03:24:27,732 [main] INFO  handler.ContextHandler (ContextHandler.java:doStart(781)) - Started o.e.j.s.ServletContextHandler@372954e1{/logs,file:///workdir/hadoop-ozone/integration-test/target/log,AVAILABLE}
2019-09-21 03:24:27,733 [main] INFO  handler.ContextHandler (ContextHandler.java:doStart(781)) - Started o.e.j.s.ServletContextHandler@173511ff{/static,jar:file:/home/user/.m2/repository/org/apache/hadoop/hadoop-hdds-container-service/0.5.0-SNAPSHOT/hadoop-hdds-container-service-0.5.0-SNAPSHOT.jar!/webapps/static,AVAILABLE}
2019-09-21 03:24:27,760 [main] INFO  handler.ContextHandler (ContextHandler.java:doStart(781)) - Started o.e.j.w.WebAppContext@3c16528d{/,file:///tmp/jetty-0.0.0.0-37000-hddsDatanode-_-any-9199887522715958774.dir/webapp/,AVAILABLE}{/hddsDatanode}
2019-09-21 03:24:27,760 [main] INFO  server.AbstractConnector (AbstractConnector.java:doStart(278)) - Started ServerConnector@2e45a357{HTTP/1.1,[http/1.1]}{0.0.0.0:37000}
2019-09-21 03:24:27,762 [main] INFO  server.Server (Server.java:doStart(419)) - Started @585288ms
2019-09-21 03:24:27,762 [main] WARN  impl.MetricsSystemImpl (MetricsSystemImpl.java:register(276)) - Sink prometheus already exists!
2019-09-21 03:24:27,763 [main] INFO  server.BaseHttpServer (BaseHttpServer.java:updateConnectorAddress(215)) - HTTP server of HDDSDATANODE is listening at http://0.0.0.0:37000
2019-09-21 03:24:27,763 [main] INFO  impl.MetricsSystemImpl (MetricsSystemImpl.java:init(158)) - HddsDatanode metrics system started (again)
2019-09-21 03:24:27,768 [org.apache.hadoop.util.JvmPauseMonitor$Monitor@620aff98] INFO  util.JvmPauseMonitor (JvmPauseMonitor.java:run(188)) - Starting JVM pause monitor
2019-09-21 03:24:27,769 [main] INFO  ozone.HddsDatanodeService (HddsDatanodeService.java:start(184)) - HddsDatanodeService host:pr-hdds-2161-42js2-1613171706 ip:192.168.36.122
2019-09-21 03:24:27,770 [Datanode State Machine Thread - 0] INFO  datanode.InitDatanodeState (InitDatanodeState.java:persistContainerDatanodeDetails(140)) - DatanodeDetails is persisted to /workdir/hadoop-ozone/integration-test/target/test-dir/MiniOzoneClusterImpl-e366364a-480d-4d7a-97c1-516fb7a6c1d7/datanode-3/meta/datanode.id
2019-09-21 03:24:27,780 [main] INFO  volume.HddsVolume (HddsVolume.java:<init>(176)) - Creating Volume: /workdir/hadoop-ozone/integration-test/target/test-dir/MiniOzoneClusterImpl-e366364a-480d-4d7a-97c1-516fb7a6c1d7/datanode-4/data/containers/hdds of  storage type : DISK and capacity : 1482555576320
2019-09-21 03:24:27,780 [main] INFO  volume.VolumeSet (VolumeSet.java:initializeVolumeSet(170)) - Added Volume : /workdir/hadoop-ozone/integration-test/target/test-dir/MiniOzoneClusterImpl-e366364a-480d-4d7a-97c1-516fb7a6c1d7/datanode-4/data/containers/hdds to VolumeSet
2019-09-21 03:24:27,781 [main] INFO  volume.ThrottledAsyncChecker (ThrottledAsyncChecker.java:schedule(139)) - Scheduling a check for org.apache.hadoop.ozone.container.common.volume.HddsVolume@63dda940
2019-09-21 03:24:27,781 [main] INFO  volume.HddsVolumeChecker (HddsVolumeChecker.java:checkAllVolumes(202)) - Scheduled health check for volume org.apache.hadoop.ozone.container.common.volume.HddsVolume@63dda940
2019-09-21 03:24:27,794 [main] INFO  impl.RaftServerProxy (ConfUtils.java:logGet(43)) - raft.rpc.type = GRPC (default)
2019-09-21 03:24:27,794 [main] INFO  grpc.GrpcFactory (GrpcFactory.java:checkPooledByteBufAllocatorUseCacheForAllThreads(45)) - PERFORMANCE WARNING: useCacheForAllThreads is true that may cause Netty to create a lot garbage objects and, as a result, trigger GC.
	It is recommended to disable useCacheForAllThreads by setting -Dorg.apache.ratis.thirdparty.io.netty.allocator.useCacheForAllThreads=false in command line.
2019-09-21 03:24:27,794 [main] INFO  grpc.GrpcConfigKeys$Server (ConfUtils.java:logGet(43)) - raft.grpc.server.port = 0 (default)
2019-09-21 03:24:27,794 [main] INFO  server.GrpcService (ConfUtils.java:logGet(43)) - raft.grpc.message.size.max = 33570816 (custom)
2019-09-21 03:24:27,794 [main] INFO  server.RaftServerConfigKeys (ConfUtils.java:logGet(43)) - raft.server.log.appender.buffer.byte-limit = 33554432 (custom)
2019-09-21 03:24:27,795 [main] INFO  server.GrpcService (ConfUtils.java:logGet(43)) - raft.grpc.flow.control.window = 1MB (=1048576) (default)
2019-09-21 03:24:27,795 [main] INFO  server.RaftServerConfigKeys (ConfUtils.java:logGet(43)) - raft.server.rpc.request.timeout = 3000ms (default)
2019-09-21 03:24:27,795 [main] INFO  server.RaftServerConfigKeys (ConfUtils.java:logGet(43)) - raft.server.storage.dir = [/workdir/hadoop-ozone/integration-test/target/test-dir/MiniOzoneClusterImpl-e366364a-480d-4d7a-97c1-516fb7a6c1d7/datanode-4/data/ratis] (custom)
2019-09-21 03:24:27,796 [main] INFO  hdfs.DFSUtil (DFSUtil.java:httpServerTemplateForNNAndJN(1641)) - Starting Web-server for hddsDatanode at: http://0.0.0.0:0
2019-09-21 03:24:27,797 [main] INFO  server.AuthenticationFilter (AuthenticationFilter.java:constructSecretProvider(240)) - Unable to initialize FileSignerSecretProvider, falling back to use random secrets.
2019-09-21 03:24:27,797 [main] WARN  http.HttpRequestLog (HttpRequestLog.java:getRequestLog(97)) - Jetty request log can only be enabled using Log4j
2019-09-21 03:24:27,799 [main] INFO  http.HttpServer2 (HttpServer2.java:addGlobalFilter(975)) - Added global filter 'safety' (class=org.apache.hadoop.http.HttpServer2$QuotingInputFilter)
2019-09-21 03:24:27,799 [main] INFO  http.HttpServer2 (HttpServer2.java:addFilter(948)) - Added filter static_user_filter (class=org.apache.hadoop.http.lib.StaticUserWebFilter$StaticUserFilter) to context hddsDatanode
2019-09-21 03:24:27,800 [main] INFO  http.HttpServer2 (HttpServer2.java:addFilter(958)) - Added filter static_user_filter (class=org.apache.hadoop.http.lib.StaticUserWebFilter$StaticUserFilter) to context static
2019-09-21 03:24:27,800 [main] INFO  http.HttpServer2 (HttpServer2.java:addFilter(958)) - Added filter static_user_filter (class=org.apache.hadoop.http.lib.StaticUserWebFilter$StaticUserFilter) to context logs
2019-09-21 03:24:27,800 [main] INFO  http.HttpServer2 (HttpServer2.java:bindListener(1191)) - Jetty bound to port 39904
2019-09-21 03:24:27,800 [main] INFO  server.Server (Server.java:doStart(351)) - jetty-9.3.24.v20180605, build timestamp: 2018-06-05T17:11:56Z, git hash: 84205aa28f11a4f31f2a3b86d1bba2cc8ab69827
2019-09-21 03:24:27,802 [main] INFO  handler.ContextHandler (ContextHandler.java:doStart(781)) - Started o.e.j.s.ServletContextHandler@1cba0321{/logs,file:///workdir/hadoop-ozone/integration-test/target/log,AVAILABLE}
2019-09-21 03:24:27,802 [main] INFO  handler.ContextHandler (ContextHandler.java:doStart(781)) - Started o.e.j.s.ServletContextHandler@66d3b881{/static,jar:file:/home/user/.m2/repository/org/apache/hadoop/hadoop-hdds-container-service/0.5.0-SNAPSHOT/hadoop-hdds-container-service-0.5.0-SNAPSHOT.jar!/webapps/static,AVAILABLE}
2019-09-21 03:24:27,829 [main] INFO  handler.ContextHandler (ContextHandler.java:doStart(781)) - Started o.e.j.w.WebAppContext@32da97fd{/,file:///tmp/jetty-0.0.0.0-39904-hddsDatanode-_-any-2310806968802020878.dir/webapp/,AVAILABLE}{/hddsDatanode}
2019-09-21 03:24:27,829 [main] INFO  server.AbstractConnector (AbstractConnector.java:doStart(278)) - Started ServerConnector@64440065{HTTP/1.1,[http/1.1]}{0.0.0.0:39904}
2019-09-21 03:24:27,831 [main] INFO  server.Server (Server.java:doStart(419)) - Started @585357ms
2019-09-21 03:24:27,831 [main] WARN  impl.MetricsSystemImpl (MetricsSystemImpl.java:register(276)) - Sink prometheus already exists!
2019-09-21 03:24:27,832 [main] INFO  server.BaseHttpServer (BaseHttpServer.java:updateConnectorAddress(215)) - HTTP server of HDDSDATANODE is listening at http://0.0.0.0:39904
2019-09-21 03:24:27,832 [main] INFO  impl.MetricsSystemImpl (MetricsSystemImpl.java:init(158)) - HddsDatanode metrics system started (again)
2019-09-21 03:24:27,839 [org.apache.hadoop.util.JvmPauseMonitor$Monitor@2d272001] INFO  util.JvmPauseMonitor (JvmPauseMonitor.java:run(188)) - Starting JVM pause monitor
2019-09-21 03:24:27,840 [main] INFO  ozone.HddsDatanodeService (HddsDatanodeService.java:start(184)) - HddsDatanodeService host:pr-hdds-2161-42js2-1613171706 ip:192.168.36.122
2019-09-21 03:24:27,840 [Datanode State Machine Thread - 0] INFO  datanode.InitDatanodeState (InitDatanodeState.java:persistContainerDatanodeDetails(140)) - DatanodeDetails is persisted to /workdir/hadoop-ozone/integration-test/target/test-dir/MiniOzoneClusterImpl-e366364a-480d-4d7a-97c1-516fb7a6c1d7/datanode-4/meta/datanode.id
2019-09-21 03:24:27,846 [main] INFO  volume.HddsVolume (HddsVolume.java:<init>(176)) - Creating Volume: /workdir/hadoop-ozone/integration-test/target/test-dir/MiniOzoneClusterImpl-e366364a-480d-4d7a-97c1-516fb7a6c1d7/datanode-5/data/containers/hdds of  storage type : DISK and capacity : 1482555576320
2019-09-21 03:24:27,846 [main] INFO  volume.VolumeSet (VolumeSet.java:initializeVolumeSet(170)) - Added Volume : /workdir/hadoop-ozone/integration-test/target/test-dir/MiniOzoneClusterImpl-e366364a-480d-4d7a-97c1-516fb7a6c1d7/datanode-5/data/containers/hdds to VolumeSet
2019-09-21 03:24:27,846 [main] INFO  volume.ThrottledAsyncChecker (ThrottledAsyncChecker.java:schedule(139)) - Scheduling a check for org.apache.hadoop.ozone.container.common.volume.HddsVolume@4c5406b
2019-09-21 03:24:27,847 [main] INFO  volume.HddsVolumeChecker (HddsVolumeChecker.java:checkAllVolumes(202)) - Scheduled health check for volume org.apache.hadoop.ozone.container.common.volume.HddsVolume@4c5406b
2019-09-21 03:24:27,858 [main] INFO  impl.RaftServerProxy (ConfUtils.java:logGet(43)) - raft.rpc.type = GRPC (default)
2019-09-21 03:24:27,858 [main] INFO  grpc.GrpcFactory (GrpcFactory.java:checkPooledByteBufAllocatorUseCacheForAllThreads(45)) - PERFORMANCE WARNING: useCacheForAllThreads is true that may cause Netty to create a lot garbage objects and, as a result, trigger GC.
	It is recommended to disable useCacheForAllThreads by setting -Dorg.apache.ratis.thirdparty.io.netty.allocator.useCacheForAllThreads=false in command line.
2019-09-21 03:24:27,858 [main] INFO  grpc.GrpcConfigKeys$Server (ConfUtils.java:logGet(43)) - raft.grpc.server.port = 0 (default)
2019-09-21 03:24:27,859 [main] INFO  server.GrpcService (ConfUtils.java:logGet(43)) - raft.grpc.message.size.max = 33570816 (custom)
2019-09-21 03:24:27,859 [main] INFO  server.RaftServerConfigKeys (ConfUtils.java:logGet(43)) - raft.server.log.appender.buffer.byte-limit = 33554432 (custom)
2019-09-21 03:24:27,859 [main] INFO  server.GrpcService (ConfUtils.java:logGet(43)) - raft.grpc.flow.control.window = 1MB (=1048576) (default)
2019-09-21 03:24:27,859 [main] INFO  server.RaftServerConfigKeys (ConfUtils.java:logGet(43)) - raft.server.rpc.request.timeout = 3000ms (default)
2019-09-21 03:24:27,859 [main] INFO  server.RaftServerConfigKeys (ConfUtils.java:logGet(43)) - raft.server.storage.dir = [/workdir/hadoop-ozone/integration-test/target/test-dir/MiniOzoneClusterImpl-e366364a-480d-4d7a-97c1-516fb7a6c1d7/datanode-5/data/ratis] (custom)
2019-09-21 03:24:27,860 [main] INFO  hdfs.DFSUtil (DFSUtil.java:httpServerTemplateForNNAndJN(1641)) - Starting Web-server for hddsDatanode at: http://0.0.0.0:0
2019-09-21 03:24:27,861 [main] INFO  server.AuthenticationFilter (AuthenticationFilter.java:constructSecretProvider(240)) - Unable to initialize FileSignerSecretProvider, falling back to use random secrets.
2019-09-21 03:24:27,862 [main] WARN  http.HttpRequestLog (HttpRequestLog.java:getRequestLog(97)) - Jetty request log can only be enabled using Log4j
2019-09-21 03:24:27,863 [main] INFO  http.HttpServer2 (HttpServer2.java:addGlobalFilter(975)) - Added global filter 'safety' (class=org.apache.hadoop.http.HttpServer2$QuotingInputFilter)
2019-09-21 03:24:27,863 [main] INFO  http.HttpServer2 (HttpServer2.java:addFilter(948)) - Added filter static_user_filter (class=org.apache.hadoop.http.lib.StaticUserWebFilter$StaticUserFilter) to context hddsDatanode
2019-09-21 03:24:27,863 [main] INFO  http.HttpServer2 (HttpServer2.java:addFilter(958)) - Added filter static_user_filter (class=org.apache.hadoop.http.lib.StaticUserWebFilter$StaticUserFilter) to context static
2019-09-21 03:24:27,864 [main] INFO  http.HttpServer2 (HttpServer2.java:addFilter(958)) - Added filter static_user_filter (class=org.apache.hadoop.http.lib.StaticUserWebFilter$StaticUserFilter) to context logs
2019-09-21 03:24:27,864 [main] INFO  http.HttpServer2 (HttpServer2.java:bindListener(1191)) - Jetty bound to port 43530
2019-09-21 03:24:27,864 [main] INFO  server.Server (Server.java:doStart(351)) - jetty-9.3.24.v20180605, build timestamp: 2018-06-05T17:11:56Z, git hash: 84205aa28f11a4f31f2a3b86d1bba2cc8ab69827
2019-09-21 03:24:27,866 [main] INFO  handler.ContextHandler (ContextHandler.java:doStart(781)) - Started o.e.j.s.ServletContextHandler@1de5cc88{/logs,file:///workdir/hadoop-ozone/integration-test/target/log,AVAILABLE}
2019-09-21 03:24:27,866 [main] INFO  handler.ContextHandler (ContextHandler.java:doStart(781)) - Started o.e.j.s.ServletContextHandler@2d4fb0d8{/static,jar:file:/home/user/.m2/repository/org/apache/hadoop/hadoop-hdds-container-service/0.5.0-SNAPSHOT/hadoop-hdds-container-service-0.5.0-SNAPSHOT.jar!/webapps/static,AVAILABLE}
2019-09-21 03:24:27,892 [main] INFO  handler.ContextHandler (ContextHandler.java:doStart(781)) - Started o.e.j.w.WebAppContext@3a0896b3{/,file:///tmp/jetty-0.0.0.0-43530-hddsDatanode-_-any-6723757392002587332.dir/webapp/,AVAILABLE}{/hddsDatanode}
2019-09-21 03:24:27,893 [main] INFO  server.AbstractConnector (AbstractConnector.java:doStart(278)) - Started ServerConnector@50a7c72b{HTTP/1.1,[http/1.1]}{0.0.0.0:43530}
2019-09-21 03:24:27,894 [main] INFO  server.Server (Server.java:doStart(419)) - Started @585420ms
2019-09-21 03:24:27,894 [main] WARN  impl.MetricsSystemImpl (MetricsSystemImpl.java:register(276)) - Sink prometheus already exists!
2019-09-21 03:24:27,895 [main] INFO  server.BaseHttpServer (BaseHttpServer.java:updateConnectorAddress(215)) - HTTP server of HDDSDATANODE is listening at http://0.0.0.0:43530
2019-09-21 03:24:27,895 [main] INFO  impl.MetricsSystemImpl (MetricsSystemImpl.java:init(158)) - HddsDatanode metrics system started (again)
2019-09-21 03:24:27,903 [org.apache.hadoop.util.JvmPauseMonitor$Monitor@4522e6f] INFO  util.JvmPauseMonitor (JvmPauseMonitor.java:run(188)) - Starting JVM pause monitor
2019-09-21 03:24:27,904 [Datanode State Machine Thread - 0] INFO  datanode.InitDatanodeState (InitDatanodeState.java:persistContainerDatanodeDetails(140)) - DatanodeDetails is persisted to /workdir/hadoop-ozone/integration-test/target/test-dir/MiniOzoneClusterImpl-e366364a-480d-4d7a-97c1-516fb7a6c1d7/datanode-5/meta/datanode.id
2019-09-21 03:24:27,905 [main] INFO  ozone.HddsDatanodeService (HddsDatanodeService.java:start(184)) - HddsDatanodeService host:pr-hdds-2161-42js2-1613171706 ip:192.168.36.122
2019-09-21 03:24:27,912 [main] INFO  volume.HddsVolume (HddsVolume.java:<init>(176)) - Creating Volume: /workdir/hadoop-ozone/integration-test/target/test-dir/MiniOzoneClusterImpl-e366364a-480d-4d7a-97c1-516fb7a6c1d7/datanode-6/data/containers/hdds of  storage type : DISK and capacity : 1482555576320
2019-09-21 03:24:27,912 [main] INFO  volume.VolumeSet (VolumeSet.java:initializeVolumeSet(170)) - Added Volume : /workdir/hadoop-ozone/integration-test/target/test-dir/MiniOzoneClusterImpl-e366364a-480d-4d7a-97c1-516fb7a6c1d7/datanode-6/data/containers/hdds to VolumeSet
2019-09-21 03:24:27,912 [main] INFO  volume.ThrottledAsyncChecker (ThrottledAsyncChecker.java:schedule(139)) - Scheduling a check for org.apache.hadoop.ozone.container.common.volume.HddsVolume@1e6bd263
2019-09-21 03:24:27,914 [main] INFO  volume.HddsVolumeChecker (HddsVolumeChecker.java:checkAllVolumes(202)) - Scheduled health check for volume org.apache.hadoop.ozone.container.common.volume.HddsVolume@1e6bd263
2019-09-21 03:24:27,930 [main] INFO  impl.RaftServerProxy (ConfUtils.java:logGet(43)) - raft.rpc.type = GRPC (default)
2019-09-21 03:24:27,931 [main] INFO  grpc.GrpcFactory (GrpcFactory.java:checkPooledByteBufAllocatorUseCacheForAllThreads(45)) - PERFORMANCE WARNING: useCacheForAllThreads is true that may cause Netty to create a lot garbage objects and, as a result, trigger GC.
	It is recommended to disable useCacheForAllThreads by setting -Dorg.apache.ratis.thirdparty.io.netty.allocator.useCacheForAllThreads=false in command line.
2019-09-21 03:24:27,931 [main] INFO  grpc.GrpcConfigKeys$Server (ConfUtils.java:logGet(43)) - raft.grpc.server.port = 0 (default)
2019-09-21 03:24:27,931 [main] INFO  server.GrpcService (ConfUtils.java:logGet(43)) - raft.grpc.message.size.max = 33570816 (custom)
2019-09-21 03:24:27,931 [main] INFO  server.RaftServerConfigKeys (ConfUtils.java:logGet(43)) - raft.server.log.appender.buffer.byte-limit = 33554432 (custom)
2019-09-21 03:24:27,932 [main] INFO  server.GrpcService (ConfUtils.java:logGet(43)) - raft.grpc.flow.control.window = 1MB (=1048576) (default)
2019-09-21 03:24:27,932 [main] INFO  server.RaftServerConfigKeys (ConfUtils.java:logGet(43)) - raft.server.rpc.request.timeout = 3000ms (default)
2019-09-21 03:24:27,932 [main] INFO  server.RaftServerConfigKeys (ConfUtils.java:logGet(43)) - raft.server.storage.dir = [/workdir/hadoop-ozone/integration-test/target/test-dir/MiniOzoneClusterImpl-e366364a-480d-4d7a-97c1-516fb7a6c1d7/datanode-6/data/ratis] (custom)
2019-09-21 03:24:27,933 [main] INFO  hdfs.DFSUtil (DFSUtil.java:httpServerTemplateForNNAndJN(1641)) - Starting Web-server for hddsDatanode at: http://0.0.0.0:0
2019-09-21 03:24:27,934 [main] INFO  server.AuthenticationFilter (AuthenticationFilter.java:constructSecretProvider(240)) - Unable to initialize FileSignerSecretProvider, falling back to use random secrets.
2019-09-21 03:24:27,935 [main] WARN  http.HttpRequestLog (HttpRequestLog.java:getRequestLog(97)) - Jetty request log can only be enabled using Log4j
2019-09-21 03:24:27,936 [main] INFO  http.HttpServer2 (HttpServer2.java:addGlobalFilter(975)) - Added global filter 'safety' (class=org.apache.hadoop.http.HttpServer2$QuotingInputFilter)
2019-09-21 03:24:27,937 [main] INFO  http.HttpServer2 (HttpServer2.java:addFilter(948)) - Added filter static_user_filter (class=org.apache.hadoop.http.lib.StaticUserWebFilter$StaticUserFilter) to context hddsDatanode
2019-09-21 03:24:27,937 [main] INFO  http.HttpServer2 (HttpServer2.java:addFilter(958)) - Added filter static_user_filter (class=org.apache.hadoop.http.lib.StaticUserWebFilter$StaticUserFilter) to context static
2019-09-21 03:24:27,937 [main] INFO  http.HttpServer2 (HttpServer2.java:addFilter(958)) - Added filter static_user_filter (class=org.apache.hadoop.http.lib.StaticUserWebFilter$StaticUserFilter) to context logs
2019-09-21 03:24:27,938 [main] INFO  http.HttpServer2 (HttpServer2.java:bindListener(1191)) - Jetty bound to port 46015
2019-09-21 03:24:27,938 [main] INFO  server.Server (Server.java:doStart(351)) - jetty-9.3.24.v20180605, build timestamp: 2018-06-05T17:11:56Z, git hash: 84205aa28f11a4f31f2a3b86d1bba2cc8ab69827
2019-09-21 03:24:27,939 [main] INFO  handler.ContextHandler (ContextHandler.java:doStart(781)) - Started o.e.j.s.ServletContextHandler@570b2057{/logs,file:///workdir/hadoop-ozone/integration-test/target/log,AVAILABLE}
2019-09-21 03:24:27,940 [main] INFO  handler.ContextHandler (ContextHandler.java:doStart(781)) - Started o.e.j.s.ServletContextHandler@16a6dc21{/static,jar:file:/home/user/.m2/repository/org/apache/hadoop/hadoop-hdds-container-service/0.5.0-SNAPSHOT/hadoop-hdds-container-service-0.5.0-SNAPSHOT.jar!/webapps/static,AVAILABLE}
2019-09-21 03:24:27,968 [main] INFO  handler.ContextHandler (ContextHandler.java:doStart(781)) - Started o.e.j.w.WebAppContext@7e2c6702{/,file:///tmp/jetty-0.0.0.0-46015-hddsDatanode-_-any-6906376369407859154.dir/webapp/,AVAILABLE}{/hddsDatanode}
2019-09-21 03:24:27,968 [main] INFO  server.AbstractConnector (AbstractConnector.java:doStart(278)) - Started ServerConnector@5fb7ab9c{HTTP/1.1,[http/1.1]}{0.0.0.0:46015}
2019-09-21 03:24:27,970 [main] INFO  server.Server (Server.java:doStart(419)) - Started @585496ms
2019-09-21 03:24:27,970 [main] WARN  impl.MetricsSystemImpl (MetricsSystemImpl.java:register(276)) - Sink prometheus already exists!
2019-09-21 03:24:27,970 [main] INFO  server.BaseHttpServer (BaseHttpServer.java:updateConnectorAddress(215)) - HTTP server of HDDSDATANODE is listening at http://0.0.0.0:46015
2019-09-21 03:24:27,971 [main] INFO  ozone.MiniOzoneClusterImpl (MiniOzoneClusterImpl.java:lambda$waitForClusterToBeReady$0(147)) - Waiting for cluster to be ready. Got 0 of 7 DN Heartbeats.
2019-09-21 03:24:27,972 [org.apache.hadoop.util.JvmPauseMonitor$Monitor@5c9c1e79] INFO  util.JvmPauseMonitor (JvmPauseMonitor.java:run(188)) - Starting JVM pause monitor
2019-09-21 03:24:27,973 [Datanode State Machine Thread - 0] INFO  datanode.InitDatanodeState (InitDatanodeState.java:persistContainerDatanodeDetails(140)) - DatanodeDetails is persisted to /workdir/hadoop-ozone/integration-test/target/test-dir/MiniOzoneClusterImpl-e366364a-480d-4d7a-97c1-516fb7a6c1d7/datanode-6/meta/datanode.id
2019-09-21 03:24:28,971 [main] INFO  ozone.MiniOzoneClusterImpl (MiniOzoneClusterImpl.java:lambda$waitForClusterToBeReady$0(147)) - Waiting for cluster to be ready. Got 0 of 7 DN Heartbeats.
2019-09-21 03:24:29,627 [Datanode State Machine Thread - 0] INFO  ozoneimpl.OzoneContainer (OzoneContainer.java:start(217)) - Attempting to start container services.
2019-09-21 03:24:29,628 [Datanode State Machine Thread - 0] INFO  ozoneimpl.OzoneContainer (OzoneContainer.java:startContainerScrub(179)) - Background container scanner has been disabled.
2019-09-21 03:24:29,628 [Datanode State Machine Thread - 0] INFO  ratis.XceiverServerRatis (XceiverServerRatis.java:start(411)) - Starting XceiverServerRatis 5c850443-2394-4991-83c1-edacc95aa548 at port 0
2019-09-21 03:24:29,633 [Datanode State Machine Thread - 0] INFO  impl.RaftServerProxy (RaftServerProxy.java:lambda$start$3(299)) - 5c850443-2394-4991-83c1-edacc95aa548: start RPC server
2019-09-21 03:24:29,635 [Datanode State Machine Thread - 0] INFO  server.GrpcService (GrpcService.java:startImpl(158)) - 5c850443-2394-4991-83c1-edacc95aa548: GrpcService started, listening on 0.0.0.0/0.0.0.0:34461
2019-09-21 03:24:29,635 [Datanode State Machine Thread - 0] INFO  ratis.XceiverServerRatis (XceiverServerRatis.java:start(421)) - XceiverServerRatis 5c850443-2394-4991-83c1-edacc95aa548 is started using port 34461
2019-09-21 03:24:29,635 [Datanode State Machine Thread - 0] INFO  server.XceiverServerGrpc (XceiverServerGrpc.java:start(149)) - XceiverServerGrpc 5c850443-2394-4991-83c1-edacc95aa548 is started using port 34994
2019-09-21 03:24:29,655 [Datanode State Machine Thread - 0] INFO  ozoneimpl.OzoneContainer (OzoneContainer.java:start(217)) - Attempting to start container services.
2019-09-21 03:24:29,655 [Datanode State Machine Thread - 0] INFO  ozoneimpl.OzoneContainer (OzoneContainer.java:startContainerScrub(179)) - Background container scanner has been disabled.
2019-09-21 03:24:29,655 [Datanode State Machine Thread - 0] INFO  ratis.XceiverServerRatis (XceiverServerRatis.java:start(411)) - Starting XceiverServerRatis 77ce14fb-fb72-4a93-bc2b-6f1918656d29 at port 0
2019-09-21 03:24:29,660 [Datanode State Machine Thread - 0] INFO  impl.RaftServerProxy (RaftServerProxy.java:lambda$start$3(299)) - 77ce14fb-fb72-4a93-bc2b-6f1918656d29: start RPC server
2019-09-21 03:24:29,663 [Datanode State Machine Thread - 0] INFO  server.GrpcService (GrpcService.java:startImpl(158)) - 77ce14fb-fb72-4a93-bc2b-6f1918656d29: GrpcService started, listening on 0.0.0.0/0.0.0.0:42649
2019-09-21 03:24:29,663 [Datanode State Machine Thread - 0] INFO  ratis.XceiverServerRatis (XceiverServerRatis.java:start(421)) - XceiverServerRatis 77ce14fb-fb72-4a93-bc2b-6f1918656d29 is started using port 42649
2019-09-21 03:24:29,666 [Datanode State Machine Thread - 0] INFO  server.XceiverServerGrpc (XceiverServerGrpc.java:start(149)) - XceiverServerGrpc 77ce14fb-fb72-4a93-bc2b-6f1918656d29 is started using port 36909
2019-09-21 03:24:29,727 [Datanode State Machine Thread - 0] INFO  ozoneimpl.OzoneContainer (OzoneContainer.java:start(217)) - Attempting to start container services.
2019-09-21 03:24:29,728 [Datanode State Machine Thread - 0] INFO  ozoneimpl.OzoneContainer (OzoneContainer.java:startContainerScrub(179)) - Background container scanner has been disabled.
2019-09-21 03:24:29,728 [Datanode State Machine Thread - 0] INFO  ratis.XceiverServerRatis (XceiverServerRatis.java:start(411)) - Starting XceiverServerRatis 3c0d2216-17fa-4c3e-a525-6908efbd555c at port 0
2019-09-21 03:24:29,735 [Datanode State Machine Thread - 0] INFO  impl.RaftServerProxy (RaftServerProxy.java:lambda$start$3(299)) - 3c0d2216-17fa-4c3e-a525-6908efbd555c: start RPC server
2019-09-21 03:24:29,735 [Datanode State Machine Thread - 0] INFO  server.GrpcService (GrpcService.java:startImpl(158)) - 3c0d2216-17fa-4c3e-a525-6908efbd555c: GrpcService started, listening on 0.0.0.0/0.0.0.0:32803
2019-09-21 03:24:29,735 [Datanode State Machine Thread - 0] INFO  ratis.XceiverServerRatis (XceiverServerRatis.java:start(421)) - XceiverServerRatis 3c0d2216-17fa-4c3e-a525-6908efbd555c is started using port 32803
2019-09-21 03:24:29,747 [Datanode State Machine Thread - 0] INFO  server.XceiverServerGrpc (XceiverServerGrpc.java:start(149)) - XceiverServerGrpc 3c0d2216-17fa-4c3e-a525-6908efbd555c is started using port 39390
2019-09-21 03:24:29,782 [Datanode State Machine Thread - 0] INFO  ozoneimpl.OzoneContainer (OzoneContainer.java:start(217)) - Attempting to start container services.
2019-09-21 03:24:29,783 [Datanode State Machine Thread - 0] INFO  ozoneimpl.OzoneContainer (OzoneContainer.java:startContainerScrub(179)) - Background container scanner has been disabled.
2019-09-21 03:24:29,783 [Datanode State Machine Thread - 0] INFO  ratis.XceiverServerRatis (XceiverServerRatis.java:start(411)) - Starting XceiverServerRatis c3d1d526-9aa3-46c6-a575-dac81e178c8f at port 0
2019-09-21 03:24:29,788 [Datanode State Machine Thread - 0] INFO  impl.RaftServerProxy (RaftServerProxy.java:lambda$start$3(299)) - c3d1d526-9aa3-46c6-a575-dac81e178c8f: start RPC server
2019-09-21 03:24:29,789 [Datanode State Machine Thread - 0] INFO  server.GrpcService (GrpcService.java:startImpl(158)) - c3d1d526-9aa3-46c6-a575-dac81e178c8f: GrpcService started, listening on 0.0.0.0/0.0.0.0:36656
2019-09-21 03:24:29,789 [Datanode State Machine Thread - 0] INFO  ratis.XceiverServerRatis (XceiverServerRatis.java:start(421)) - XceiverServerRatis c3d1d526-9aa3-46c6-a575-dac81e178c8f is started using port 36656
2019-09-21 03:24:29,789 [Datanode State Machine Thread - 0] INFO  server.XceiverServerGrpc (XceiverServerGrpc.java:start(149)) - XceiverServerGrpc c3d1d526-9aa3-46c6-a575-dac81e178c8f is started using port 37511
2019-09-21 03:24:29,861 [Datanode State Machine Thread - 0] INFO  ozoneimpl.OzoneContainer (OzoneContainer.java:start(217)) - Attempting to start container services.
2019-09-21 03:24:29,861 [Datanode State Machine Thread - 0] INFO  ozoneimpl.OzoneContainer (OzoneContainer.java:startContainerScrub(179)) - Background container scanner has been disabled.
2019-09-21 03:24:29,861 [Datanode State Machine Thread - 0] INFO  ratis.XceiverServerRatis (XceiverServerRatis.java:start(411)) - Starting XceiverServerRatis acf71cc8-0f6b-4f19-a234-fdd28175ad2e at port 0
2019-09-21 03:24:29,867 [Datanode State Machine Thread - 0] INFO  impl.RaftServerProxy (RaftServerProxy.java:lambda$start$3(299)) - acf71cc8-0f6b-4f19-a234-fdd28175ad2e: start RPC server
2019-09-21 03:24:29,868 [Datanode State Machine Thread - 0] INFO  server.GrpcService (GrpcService.java:startImpl(158)) - acf71cc8-0f6b-4f19-a234-fdd28175ad2e: GrpcService started, listening on 0.0.0.0/0.0.0.0:40092
2019-09-21 03:24:29,868 [Datanode State Machine Thread - 0] INFO  ratis.XceiverServerRatis (XceiverServerRatis.java:start(421)) - XceiverServerRatis acf71cc8-0f6b-4f19-a234-fdd28175ad2e is started using port 40092
2019-09-21 03:24:29,868 [Datanode State Machine Thread - 0] INFO  server.XceiverServerGrpc (XceiverServerGrpc.java:start(149)) - XceiverServerGrpc acf71cc8-0f6b-4f19-a234-fdd28175ad2e is started using port 38363
2019-09-21 03:24:29,919 [Datanode State Machine Thread - 0] INFO  ozoneimpl.OzoneContainer (OzoneContainer.java:start(217)) - Attempting to start container services.
2019-09-21 03:24:29,919 [Datanode State Machine Thread - 0] INFO  ozoneimpl.OzoneContainer (OzoneContainer.java:startContainerScrub(179)) - Background container scanner has been disabled.
2019-09-21 03:24:29,919 [Datanode State Machine Thread - 0] INFO  ratis.XceiverServerRatis (XceiverServerRatis.java:start(411)) - Starting XceiverServerRatis 4f26e124-4a53-42f7-856e-c1455948108d at port 0
2019-09-21 03:24:29,926 [Datanode State Machine Thread - 0] INFO  impl.RaftServerProxy (RaftServerProxy.java:lambda$start$3(299)) - 4f26e124-4a53-42f7-856e-c1455948108d: start RPC server
2019-09-21 03:24:29,926 [Datanode State Machine Thread - 0] INFO  server.GrpcService (GrpcService.java:startImpl(158)) - 4f26e124-4a53-42f7-856e-c1455948108d: GrpcService started, listening on 0.0.0.0/0.0.0.0:43602
2019-09-21 03:24:29,927 [Datanode State Machine Thread - 0] INFO  ratis.XceiverServerRatis (XceiverServerRatis.java:start(421)) - XceiverServerRatis 4f26e124-4a53-42f7-856e-c1455948108d is started using port 43602
2019-09-21 03:24:29,927 [Datanode State Machine Thread - 0] INFO  server.XceiverServerGrpc (XceiverServerGrpc.java:start(149)) - XceiverServerGrpc 4f26e124-4a53-42f7-856e-c1455948108d is started using port 43757
2019-09-21 03:24:29,972 [main] INFO  ozone.MiniOzoneClusterImpl (MiniOzoneClusterImpl.java:lambda$waitForClusterToBeReady$0(147)) - Waiting for cluster to be ready. Got 0 of 7 DN Heartbeats.
2019-09-21 03:24:29,985 [Datanode State Machine Thread - 0] INFO  ozoneimpl.OzoneContainer (OzoneContainer.java:start(217)) - Attempting to start container services.
2019-09-21 03:24:29,985 [Datanode State Machine Thread - 0] INFO  ozoneimpl.OzoneContainer (OzoneContainer.java:startContainerScrub(179)) - Background container scanner has been disabled.
2019-09-21 03:24:29,985 [Datanode State Machine Thread - 0] INFO  ratis.XceiverServerRatis (XceiverServerRatis.java:start(411)) - Starting XceiverServerRatis 8345bb8e-806e-4c3e-9708-711872905d0a at port 0
2019-09-21 03:24:29,989 [Datanode State Machine Thread - 0] INFO  impl.RaftServerProxy (RaftServerProxy.java:lambda$start$3(299)) - 8345bb8e-806e-4c3e-9708-711872905d0a: start RPC server
2019-09-21 03:24:29,992 [Datanode State Machine Thread - 0] INFO  server.GrpcService (GrpcService.java:startImpl(158)) - 8345bb8e-806e-4c3e-9708-711872905d0a: GrpcService started, listening on 0.0.0.0/0.0.0.0:43113
2019-09-21 03:24:29,993 [Datanode State Machine Thread - 0] INFO  ratis.XceiverServerRatis (XceiverServerRatis.java:start(421)) - XceiverServerRatis 8345bb8e-806e-4c3e-9708-711872905d0a is started using port 43113
2019-09-21 03:24:29,993 [Datanode State Machine Thread - 0] INFO  server.XceiverServerGrpc (XceiverServerGrpc.java:start(149)) - XceiverServerGrpc 8345bb8e-806e-4c3e-9708-711872905d0a is started using port 40340
2019-09-21 03:24:30,973 [main] INFO  ozone.MiniOzoneClusterImpl (MiniOzoneClusterImpl.java:lambda$waitForClusterToBeReady$0(147)) - Waiting for cluster to be ready. Got 0 of 7 DN Heartbeats.
2019-09-21 03:24:31,587 [IPC Server handler 1 on 46376] INFO  net.NetworkTopology (NetworkTopologyImpl.java:add(111)) - Added a new node: /default-rack/5c850443-2394-4991-83c1-edacc95aa548
2019-09-21 03:24:31,590 [IPC Server handler 1 on 46376] INFO  node.SCMNodeManager (SCMNodeManager.java:register(266)) - Registered Data node : 5c850443-2394-4991-83c1-edacc95aa548{ip: 192.168.36.122, host: pr-hdds-2161-42js2-1613171706, networkLocation: /default-rack, certSerialId: null}
2019-09-21 03:24:31,591 [EventQueue-NodeRegistrationContainerReportForDataNodeSafeModeRule] INFO  safemode.SCMSafeModeManager (DataNodeSafeModeRule.java:process(71)) - SCM in safe mode. 1 DataNodes registered, 1 required.
2019-09-21 03:24:31,594 [EventQueue-NodeRegistrationContainerReportForDataNodeSafeModeRule] INFO  safemode.SCMSafeModeManager (SCMSafeModeManager.java:validateSafeModeExitRules(177)) - ScmSafeModeManager, all rules are successfully validated
2019-09-21 03:24:31,594 [EventQueue-NodeRegistrationContainerReportForDataNodeSafeModeRule] INFO  safemode.SCMSafeModeManager (SCMSafeModeManager.java:exitSafeMode(193)) - SCM exiting safe mode.
2019-09-21 03:24:31,606 [grpc-default-executor-7] INFO  impl.RaftServerProxy (RaftServerProxy.java:addNew(89)) - 5c850443-2394-4991-83c1-edacc95aa548: addNew group-6A339F6D7555:[5c850443-2394-4991-83c1-edacc95aa548:192.168.36.122:34461] returns group-6A339F6D7555:java.util.concurrent.CompletableFuture@5a40ad79[Not completed]
2019-09-21 03:24:31,608 [pool-499-thread-1] INFO  impl.RaftServerImpl (RaftServerImpl.java:<init>(95)) - 5c850443-2394-4991-83c1-edacc95aa548: new RaftServerImpl for group-6A339F6D7555:[5c850443-2394-4991-83c1-edacc95aa548:192.168.36.122:34461] with ContainerStateMachine:uninitialized
2019-09-21 03:24:31,609 [pool-499-thread-1] INFO  server.RaftServerConfigKeys (ConfUtils.java:logGet(43)) - raft.server.rpc.timeout.min = 5s (custom)
2019-09-21 03:24:31,609 [pool-499-thread-1] INFO  server.RaftServerConfigKeys (ConfUtils.java:logGet(43)) - raft.server.rpc.timeout.max = 5200ms (custom)
2019-09-21 03:24:31,609 [pool-499-thread-1] INFO  server.RaftServerConfigKeys (ConfUtils.java:logGet(43)) - raft.server.rpcslowness.timeout = 120s (custom)
2019-09-21 03:24:31,609 [pool-499-thread-1] INFO  server.RaftServerConfigKeys (ConfUtils.java:logGet(43)) - raft.server.sleep.deviation.threshold = 300 (default)
2019-09-21 03:24:31,609 [pool-499-thread-1] INFO  server.RaftServerConfigKeys (ConfUtils.java:logGet(43)) - raft.server.log.appender.install.snapshot.enabled = false (custom)
2019-09-21 03:24:31,610 [pool-499-thread-1] INFO  impl.RaftServerImpl (ServerState.java:<init>(103)) - 5c850443-2394-4991-83c1-edacc95aa548@group-6A339F6D7555: ConfigurationManager, init=-1: [5c850443-2394-4991-83c1-edacc95aa548:192.168.36.122:34461], old=null, confs=<EMPTY_MAP>
2019-09-21 03:24:31,610 [pool-499-thread-1] INFO  server.RaftServerConfigKeys (ConfUtils.java:logGet(43)) - raft.server.storage.dir = [/workdir/hadoop-ozone/integration-test/target/test-dir/MiniOzoneClusterImpl-e366364a-480d-4d7a-97c1-516fb7a6c1d7/datanode-0/data/ratis] (custom)
2019-09-21 03:24:31,610 [pool-499-thread-1] INFO  storage.RaftStorageDirectory (RaftStorageDirectory.java:analyzeStorage(246)) - The storage directory /workdir/hadoop-ozone/integration-test/target/test-dir/MiniOzoneClusterImpl-e366364a-480d-4d7a-97c1-516fb7a6c1d7/datanode-0/data/ratis/24577fee-8565-45db-806f-6a339f6d7555 does not exist. Creating ...
2019-09-21 03:24:31,624 [pool-499-thread-1] INFO  storage.RaftStorageDirectory (RaftStorageDirectory.java:tryLock(328)) - Lock on /workdir/hadoop-ozone/integration-test/target/test-dir/MiniOzoneClusterImpl-e366364a-480d-4d7a-97c1-516fb7a6c1d7/datanode-0/data/ratis/24577fee-8565-45db-806f-6a339f6d7555/in_use.lock acquired by nodename 24290@pr-hdds-2161-42js2-1613171706
2019-09-21 03:24:31,635 [pool-499-thread-1] INFO  storage.RaftStorage (RaftStorage.java:format(72)) - Storage directory /workdir/hadoop-ozone/integration-test/target/test-dir/MiniOzoneClusterImpl-e366364a-480d-4d7a-97c1-516fb7a6c1d7/datanode-0/data/ratis/24577fee-8565-45db-806f-6a339f6d7555 has been successfully formatted.
2019-09-21 03:24:31,636 [pool-499-thread-1] INFO  ratis.ContainerStateMachine (ContainerStateMachine.java:loadSnapshot(230)) - group-6A339F6D7555: The snapshot info is null. Setting the last applied indexto:(t:0, i:~)
2019-09-21 03:24:31,636 [pool-499-thread-1] INFO  server.RaftServerConfigKeys (ConfUtils.java:logGet(43)) - raft.server.notification.no-leader.timeout = 120s (custom)
2019-09-21 03:24:31,636 [pool-499-thread-1] INFO  server.RaftServerConfigKeys (ConfUtils.java:logGet(43)) - raft.server.log.use.memory = false (default)
2019-09-21 03:24:31,636 [pool-499-thread-1] INFO  server.RaftServerConfigKeys (ConfUtils.java:logGet(43)) - raft.server.log.purge.gap = 1000000 (custom)
2019-09-21 03:24:31,636 [pool-499-thread-1] INFO  server.RaftServerConfigKeys (ConfUtils.java:logGet(43)) - raft.server.log.appender.buffer.byte-limit = 33554432 (custom)
2019-09-21 03:24:31,637 [pool-499-thread-1] INFO  server.RaftServerConfigKeys (ConfUtils.java:logGet(43)) - raft.server.log.segment.size.max = 1048576 (custom)
2019-09-21 03:24:31,637 [pool-499-thread-1] INFO  server.RaftServerConfigKeys (ConfUtils.java:logGet(43)) - raft.server.log.segment.cache.num.max = 2 (custom)
2019-09-21 03:24:31,637 [pool-499-thread-1] INFO  segmented.SegmentedRaftLogWorker (SegmentedRaftLogWorker.java:<init>(172)) - new 5c850443-2394-4991-83c1-edacc95aa548@group-6A339F6D7555-SegmentedRaftLogWorker for RaftStorage:Storage Directory /workdir/hadoop-ozone/integration-test/target/test-dir/MiniOzoneClusterImpl-e366364a-480d-4d7a-97c1-516fb7a6c1d7/datanode-0/data/ratis/24577fee-8565-45db-806f-6a339f6d7555
2019-09-21 03:24:31,639 [IPC Server handler 2 on 46376] INFO  net.NetworkTopology (NetworkTopologyImpl.java:add(111)) - Added a new node: /default-rack/77ce14fb-fb72-4a93-bc2b-6f1918656d29
2019-09-21 03:24:31,639 [IPC Server handler 2 on 46376] INFO  node.SCMNodeManager (SCMNodeManager.java:register(266)) - Registered Data node : 77ce14fb-fb72-4a93-bc2b-6f1918656d29{ip: 192.168.36.122, host: pr-hdds-2161-42js2-1613171706, networkLocation: /default-rack, certSerialId: null}
2019-09-21 03:24:31,640 [pool-499-thread-1] INFO  server.RaftServerConfigKeys (ConfUtils.java:logGet(43)) - raft.server.log.queue.byte-limit = 2147483647 (custom)
2019-09-21 03:24:31,640 [pool-499-thread-1] INFO  server.RaftServerConfigKeys (ConfUtils.java:logGet(43)) - raft.server.log.queue.element-limit = 1024 (custom)
2019-09-21 03:24:31,640 [pool-499-thread-1] INFO  server.RaftServerConfigKeys (ConfUtils.java:logGet(43)) - raft.server.log.segment.size.max = 1048576 (custom)
2019-09-21 03:24:31,641 [pool-499-thread-1] INFO  server.RaftServerConfigKeys (ConfUtils.java:logGet(43)) - raft.server.log.preallocated.size = 16384 (custom)
2019-09-21 03:24:31,641 [pool-499-thread-1] INFO  server.RaftServerConfigKeys (ConfUtils.java:logGet(43)) - raft.server.log.write.buffer.size = 33554432 (custom)
2019-09-21 03:24:31,641 [pool-499-thread-1] INFO  server.RaftServerConfigKeys (ConfUtils.java:logGet(43)) - raft.server.log.force.sync.num = 128 (default)
2019-09-21 03:24:31,641 [pool-499-thread-1] INFO  server.RaftServerConfigKeys (ConfUtils.java:logGet(43)) - raft.server.log.statemachine.data.sync = true (default)
2019-09-21 03:24:31,641 [pool-499-thread-1] INFO  server.RaftServerConfigKeys (ConfUtils.java:logGet(43)) - raft.server.log.statemachine.data.sync.timeout = 10s (default)
2019-09-21 03:24:31,642 [pool-499-thread-1] INFO  server.RaftServerConfigKeys (ConfUtils.java:logGet(43)) - raft.server.log.statemachine.data.sync.timeout.retry = -1 (default)
2019-09-21 03:24:31,642 [pool-499-thread-1] INFO  server.RaftServerConfigKeys (ConfUtils.java:logGet(43)) - raft.server.log.statemachine.data.caching.enabled = true (custom)
2019-09-21 03:24:31,643 [pool-499-thread-1] INFO  segmented.SegmentedRaftLogWorker (SegmentedRaftLogWorker.java:lambda$new$0(132)) - 5c850443-2394-4991-83c1-edacc95aa548@group-6A339F6D7555-SegmentedRaftLogWorker: flushIndex: setUnconditionally 0 -> -1
2019-09-21 03:24:31,643 [pool-499-thread-1] INFO  server.RaftServerConfigKeys (ConfUtils.java:logGet(43)) - raft.server.snapshot.auto.trigger.enabled = true (custom)
2019-09-21 03:24:31,643 [pool-499-thread-1] INFO  server.RaftServerConfigKeys (ConfUtils.java:logGet(43)) - raft.server.snapshot.auto.trigger.threshold = 10000 (custom)
2019-09-21 03:24:31,643 [pool-499-thread-1] INFO  server.RaftServerConfigKeys (ConfUtils.java:logGet(43)) - raft.server.snapshot.retention.num.files = 5 (custom)
2019-09-21 03:24:31,644 [pool-499-thread-1] INFO  server.RaftServerConfigKeys (ConfUtils.java:logGet(43)) - raft.server.retrycache.expirytime = 600000ms (custom)
2019-09-21 03:24:31,646 [pool-499-thread-1] INFO  impl.RaftServerImpl (RaftServerImpl.java:start(185)) - 5c850443-2394-4991-83c1-edacc95aa548@group-6A339F6D7555: start as a follower, conf=-1: [5c850443-2394-4991-83c1-edacc95aa548:192.168.36.122:34461], old=null
2019-09-21 03:24:31,646 [pool-499-thread-1] INFO  impl.RaftServerImpl (RaftServerImpl.java:setRole(174)) - 5c850443-2394-4991-83c1-edacc95aa548@group-6A339F6D7555: changes role from      null to FOLLOWER at term 0 for startAsFollower
2019-09-21 03:24:31,646 [pool-499-thread-1] INFO  impl.RoleInfo (RoleInfo.java:updateAndGet(143)) - 5c850443-2394-4991-83c1-edacc95aa548: start FollowerState
2019-09-21 03:24:31,647 [pool-499-thread-1] INFO  util.JmxRegister (JmxRegister.java:tryRegister(44)) - Successfully registered JMX Bean with object name Ratis:service=RaftServer,group=group-6A339F6D7555,id=5c850443-2394-4991-83c1-edacc95aa548
2019-09-21 03:24:31,649 [RatisPipelineUtilsThread] INFO  pipeline.PipelineStateManager (PipelineStateManager.java:addPipeline(56)) - Created pipeline Pipeline[ Id: 24577fee-8565-45db-806f-6a339f6d7555, Nodes: 5c850443-2394-4991-83c1-edacc95aa548{ip: 192.168.36.122, host: pr-hdds-2161-42js2-1613171706, networkLocation: /default-rack, certSerialId: null}, Type:RATIS, Factor:ONE, State:OPEN]
2019-09-21 03:24:31,656 [grpc-default-executor-7] INFO  impl.RaftServerProxy (RaftServerProxy.java:addNew(89)) - 77ce14fb-fb72-4a93-bc2b-6f1918656d29: addNew group-D8279A07E3A0:[77ce14fb-fb72-4a93-bc2b-6f1918656d29:192.168.36.122:42649] returns group-D8279A07E3A0:java.util.concurrent.CompletableFuture@247c7829[Not completed]
2019-09-21 03:24:31,657 [pool-509-thread-1] INFO  impl.RaftServerImpl (RaftServerImpl.java:<init>(95)) - 77ce14fb-fb72-4a93-bc2b-6f1918656d29: new RaftServerImpl for group-D8279A07E3A0:[77ce14fb-fb72-4a93-bc2b-6f1918656d29:192.168.36.122:42649] with ContainerStateMachine:uninitialized
2019-09-21 03:24:31,657 [pool-509-thread-1] INFO  server.RaftServerConfigKeys (ConfUtils.java:logGet(43)) - raft.server.rpc.timeout.min = 5s (custom)
2019-09-21 03:24:31,657 [pool-509-thread-1] INFO  server.RaftServerConfigKeys (ConfUtils.java:logGet(43)) - raft.server.rpc.timeout.max = 5200ms (custom)
2019-09-21 03:24:31,657 [pool-509-thread-1] INFO  server.RaftServerConfigKeys (ConfUtils.java:logGet(43)) - raft.server.rpcslowness.timeout = 120s (custom)
2019-09-21 03:24:31,657 [pool-509-thread-1] INFO  server.RaftServerConfigKeys (ConfUtils.java:logGet(43)) - raft.server.sleep.deviation.threshold = 300 (default)
2019-09-21 03:24:31,658 [pool-509-thread-1] INFO  server.RaftServerConfigKeys (ConfUtils.java:logGet(43)) - raft.server.log.appender.install.snapshot.enabled = false (custom)
2019-09-21 03:24:31,658 [pool-509-thread-1] INFO  impl.RaftServerImpl (ServerState.java:<init>(103)) - 77ce14fb-fb72-4a93-bc2b-6f1918656d29@group-D8279A07E3A0: ConfigurationManager, init=-1: [77ce14fb-fb72-4a93-bc2b-6f1918656d29:192.168.36.122:42649], old=null, confs=<EMPTY_MAP>
2019-09-21 03:24:31,658 [pool-509-thread-1] INFO  server.RaftServerConfigKeys (ConfUtils.java:logGet(43)) - raft.server.storage.dir = [/workdir/hadoop-ozone/integration-test/target/test-dir/MiniOzoneClusterImpl-e366364a-480d-4d7a-97c1-516fb7a6c1d7/datanode-1/data/ratis] (custom)
2019-09-21 03:24:31,658 [pool-509-thread-1] INFO  storage.RaftStorageDirectory (RaftStorageDirectory.java:analyzeStorage(246)) - The storage directory /workdir/hadoop-ozone/integration-test/target/test-dir/MiniOzoneClusterImpl-e366364a-480d-4d7a-97c1-516fb7a6c1d7/datanode-1/data/ratis/708bce1b-6f66-47ec-960b-d8279a07e3a0 does not exist. Creating ...
2019-09-21 03:24:31,661 [pool-509-thread-1] INFO  storage.RaftStorageDirectory (RaftStorageDirectory.java:tryLock(328)) - Lock on /workdir/hadoop-ozone/integration-test/target/test-dir/MiniOzoneClusterImpl-e366364a-480d-4d7a-97c1-516fb7a6c1d7/datanode-1/data/ratis/708bce1b-6f66-47ec-960b-d8279a07e3a0/in_use.lock acquired by nodename 24290@pr-hdds-2161-42js2-1613171706
2019-09-21 03:24:31,672 [pool-509-thread-1] INFO  storage.RaftStorage (RaftStorage.java:format(72)) - Storage directory /workdir/hadoop-ozone/integration-test/target/test-dir/MiniOzoneClusterImpl-e366364a-480d-4d7a-97c1-516fb7a6c1d7/datanode-1/data/ratis/708bce1b-6f66-47ec-960b-d8279a07e3a0 has been successfully formatted.
2019-09-21 03:24:31,672 [pool-509-thread-1] INFO  ratis.ContainerStateMachine (ContainerStateMachine.java:loadSnapshot(230)) - group-D8279A07E3A0: The snapshot info is null. Setting the last applied indexto:(t:0, i:~)
2019-09-21 03:24:31,672 [pool-509-thread-1] INFO  server.RaftServerConfigKeys (ConfUtils.java:logGet(43)) - raft.server.notification.no-leader.timeout = 120s (custom)
2019-09-21 03:24:31,672 [pool-509-thread-1] INFO  server.RaftServerConfigKeys (ConfUtils.java:logGet(43)) - raft.server.log.use.memory = false (default)
2019-09-21 03:24:31,673 [pool-509-thread-1] INFO  server.RaftServerConfigKeys (ConfUtils.java:logGet(43)) - raft.server.log.purge.gap = 1000000 (custom)
2019-09-21 03:24:31,673 [pool-509-thread-1] INFO  server.RaftServerConfigKeys (ConfUtils.java:logGet(43)) - raft.server.log.appender.buffer.byte-limit = 33554432 (custom)
2019-09-21 03:24:31,673 [pool-509-thread-1] INFO  server.RaftServerConfigKeys (ConfUtils.java:logGet(43)) - raft.server.log.segment.size.max = 1048576 (custom)
2019-09-21 03:24:31,673 [pool-509-thread-1] INFO  server.RaftServerConfigKeys (ConfUtils.java:logGet(43)) - raft.server.log.segment.cache.num.max = 2 (custom)
2019-09-21 03:24:31,673 [pool-509-thread-1] INFO  segmented.SegmentedRaftLogWorker (SegmentedRaftLogWorker.java:<init>(172)) - new 77ce14fb-fb72-4a93-bc2b-6f1918656d29@group-D8279A07E3A0-SegmentedRaftLogWorker for RaftStorage:Storage Directory /workdir/hadoop-ozone/integration-test/target/test-dir/MiniOzoneClusterImpl-e366364a-480d-4d7a-97c1-516fb7a6c1d7/datanode-1/data/ratis/708bce1b-6f66-47ec-960b-d8279a07e3a0
2019-09-21 03:24:31,675 [pool-509-thread-1] INFO  server.RaftServerConfigKeys (ConfUtils.java:logGet(43)) - raft.server.log.queue.byte-limit = 2147483647 (custom)
2019-09-21 03:24:31,675 [pool-509-thread-1] INFO  server.RaftServerConfigKeys (ConfUtils.java:logGet(43)) - raft.server.log.queue.element-limit = 1024 (custom)
2019-09-21 03:24:31,675 [pool-509-thread-1] INFO  server.RaftServerConfigKeys (ConfUtils.java:logGet(43)) - raft.server.log.segment.size.max = 1048576 (custom)
2019-09-21 03:24:31,675 [pool-509-thread-1] INFO  server.RaftServerConfigKeys (ConfUtils.java:logGet(43)) - raft.server.log.preallocated.size = 16384 (custom)
2019-09-21 03:24:31,675 [pool-509-thread-1] INFO  server.RaftServerConfigKeys (ConfUtils.java:logGet(43)) - raft.server.log.write.buffer.size = 33554432 (custom)
2019-09-21 03:24:31,675 [pool-509-thread-1] INFO  server.RaftServerConfigKeys (ConfUtils.java:logGet(43)) - raft.server.log.force.sync.num = 128 (default)
2019-09-21 03:24:31,676 [pool-509-thread-1] INFO  server.RaftServerConfigKeys (ConfUtils.java:logGet(43)) - raft.server.log.statemachine.data.sync = true (default)
2019-09-21 03:24:31,676 [pool-509-thread-1] INFO  server.RaftServerConfigKeys (ConfUtils.java:logGet(43)) - raft.server.log.statemachine.data.sync.timeout = 10s (default)
2019-09-21 03:24:31,676 [pool-509-thread-1] INFO  server.RaftServerConfigKeys (ConfUtils.java:logGet(43)) - raft.server.log.statemachine.data.sync.timeout.retry = -1 (default)
2019-09-21 03:24:31,676 [pool-509-thread-1] INFO  server.RaftServerConfigKeys (ConfUtils.java:logGet(43)) - raft.server.log.statemachine.data.caching.enabled = true (custom)
2019-09-21 03:24:31,676 [pool-509-thread-1] INFO  segmented.SegmentedRaftLogWorker (SegmentedRaftLogWorker.java:lambda$new$0(132)) - 77ce14fb-fb72-4a93-bc2b-6f1918656d29@group-D8279A07E3A0-SegmentedRaftLogWorker: flushIndex: setUnconditionally 0 -> -1
2019-09-21 03:24:31,677 [pool-509-thread-1] INFO  server.RaftServerConfigKeys (ConfUtils.java:logGet(43)) - raft.server.snapshot.auto.trigger.enabled = true (custom)
2019-09-21 03:24:31,677 [pool-509-thread-1] INFO  server.RaftServerConfigKeys (ConfUtils.java:logGet(43)) - raft.server.snapshot.auto.trigger.threshold = 10000 (custom)
2019-09-21 03:24:31,677 [pool-509-thread-1] INFO  server.RaftServerConfigKeys (ConfUtils.java:logGet(43)) - raft.server.snapshot.retention.num.files = 5 (custom)
2019-09-21 03:24:31,677 [pool-509-thread-1] INFO  server.RaftServerConfigKeys (ConfUtils.java:logGet(43)) - raft.server.retrycache.expirytime = 600000ms (custom)
2019-09-21 03:24:31,679 [pool-509-thread-1] INFO  impl.RaftServerImpl (RaftServerImpl.java:start(185)) - 77ce14fb-fb72-4a93-bc2b-6f1918656d29@group-D8279A07E3A0: start as a follower, conf=-1: [77ce14fb-fb72-4a93-bc2b-6f1918656d29:192.168.36.122:42649], old=null
2019-09-21 03:24:31,679 [pool-509-thread-1] INFO  impl.RaftServerImpl (RaftServerImpl.java:setRole(174)) - 77ce14fb-fb72-4a93-bc2b-6f1918656d29@group-D8279A07E3A0: changes role from      null to FOLLOWER at term 0 for startAsFollower
2019-09-21 03:24:31,680 [pool-509-thread-1] INFO  impl.RoleInfo (RoleInfo.java:updateAndGet(143)) - 77ce14fb-fb72-4a93-bc2b-6f1918656d29: start FollowerState
2019-09-21 03:24:31,680 [pool-509-thread-1] INFO  util.JmxRegister (JmxRegister.java:tryRegister(44)) - Successfully registered JMX Bean with object name Ratis:service=RaftServer,group=group-D8279A07E3A0,id=77ce14fb-fb72-4a93-bc2b-6f1918656d29
2019-09-21 03:24:31,682 [RatisPipelineUtilsThread] INFO  pipeline.PipelineStateManager (PipelineStateManager.java:addPipeline(56)) - Created pipeline Pipeline[ Id: 708bce1b-6f66-47ec-960b-d8279a07e3a0, Nodes: 77ce14fb-fb72-4a93-bc2b-6f1918656d29{ip: 192.168.36.122, host: pr-hdds-2161-42js2-1613171706, networkLocation: /default-rack, certSerialId: null}, Type:RATIS, Factor:ONE, State:OPEN]
2019-09-21 03:24:31,706 [IPC Server handler 5 on 46376] INFO  net.NetworkTopology (NetworkTopologyImpl.java:add(111)) - Added a new node: /default-rack/3c0d2216-17fa-4c3e-a525-6908efbd555c
2019-09-21 03:24:31,707 [IPC Server handler 5 on 46376] INFO  node.SCMNodeManager (SCMNodeManager.java:register(266)) - Registered Data node : 3c0d2216-17fa-4c3e-a525-6908efbd555c{ip: 192.168.36.122, host: pr-hdds-2161-42js2-1613171706, networkLocation: /default-rack, certSerialId: null}
2019-09-21 03:24:31,712 [grpc-default-executor-7] INFO  impl.RaftServerProxy (RaftServerProxy.java:addNew(89)) - 3c0d2216-17fa-4c3e-a525-6908efbd555c: addNew group-D59A8C18AB47:[3c0d2216-17fa-4c3e-a525-6908efbd555c:192.168.36.122:32803] returns group-D59A8C18AB47:java.util.concurrent.CompletableFuture@391e3f0a[Not completed]
2019-09-21 03:24:31,714 [pool-519-thread-1] INFO  impl.RaftServerImpl (RaftServerImpl.java:<init>(95)) - 3c0d2216-17fa-4c3e-a525-6908efbd555c: new RaftServerImpl for group-D59A8C18AB47:[3c0d2216-17fa-4c3e-a525-6908efbd555c:192.168.36.122:32803] with ContainerStateMachine:uninitialized
2019-09-21 03:24:31,714 [pool-519-thread-1] INFO  server.RaftServerConfigKeys (ConfUtils.java:logGet(43)) - raft.server.rpc.timeout.min = 5s (custom)
2019-09-21 03:24:31,714 [pool-519-thread-1] INFO  server.RaftServerConfigKeys (ConfUtils.java:logGet(43)) - raft.server.rpc.timeout.max = 5200ms (custom)
2019-09-21 03:24:31,714 [pool-519-thread-1] INFO  server.RaftServerConfigKeys (ConfUtils.java:logGet(43)) - raft.server.rpcslowness.timeout = 120s (custom)
2019-09-21 03:24:31,714 [pool-519-thread-1] INFO  server.RaftServerConfigKeys (ConfUtils.java:logGet(43)) - raft.server.sleep.deviation.threshold = 300 (default)
2019-09-21 03:24:31,714 [pool-519-thread-1] INFO  server.RaftServerConfigKeys (ConfUtils.java:logGet(43)) - raft.server.log.appender.install.snapshot.enabled = false (custom)
2019-09-21 03:24:31,714 [pool-519-thread-1] INFO  impl.RaftServerImpl (ServerState.java:<init>(103)) - 3c0d2216-17fa-4c3e-a525-6908efbd555c@group-D59A8C18AB47: ConfigurationManager, init=-1: [3c0d2216-17fa-4c3e-a525-6908efbd555c:192.168.36.122:32803], old=null, confs=<EMPTY_MAP>
2019-09-21 03:24:31,715 [pool-519-thread-1] INFO  server.RaftServerConfigKeys (ConfUtils.java:logGet(43)) - raft.server.storage.dir = [/workdir/hadoop-ozone/integration-test/target/test-dir/MiniOzoneClusterImpl-e366364a-480d-4d7a-97c1-516fb7a6c1d7/datanode-2/data/ratis] (custom)
2019-09-21 03:24:31,715 [pool-519-thread-1] INFO  storage.RaftStorageDirectory (RaftStorageDirectory.java:analyzeStorage(246)) - The storage directory /workdir/hadoop-ozone/integration-test/target/test-dir/MiniOzoneClusterImpl-e366364a-480d-4d7a-97c1-516fb7a6c1d7/datanode-2/data/ratis/4a1473fd-3eb7-4728-a173-d59a8c18ab47 does not exist. Creating ...
2019-09-21 03:24:31,737 [pool-519-thread-1] INFO  storage.RaftStorageDirectory (RaftStorageDirectory.java:tryLock(328)) - Lock on /workdir/hadoop-ozone/integration-test/target/test-dir/MiniOzoneClusterImpl-e366364a-480d-4d7a-97c1-516fb7a6c1d7/datanode-2/data/ratis/4a1473fd-3eb7-4728-a173-d59a8c18ab47/in_use.lock acquired by nodename 24290@pr-hdds-2161-42js2-1613171706
2019-09-21 03:24:31,748 [pool-519-thread-1] INFO  storage.RaftStorage (RaftStorage.java:format(72)) - Storage directory /workdir/hadoop-ozone/integration-test/target/test-dir/MiniOzoneClusterImpl-e366364a-480d-4d7a-97c1-516fb7a6c1d7/datanode-2/data/ratis/4a1473fd-3eb7-4728-a173-d59a8c18ab47 has been successfully formatted.
2019-09-21 03:24:31,748 [pool-519-thread-1] INFO  ratis.ContainerStateMachine (ContainerStateMachine.java:loadSnapshot(230)) - group-D59A8C18AB47: The snapshot info is null. Setting the last applied indexto:(t:0, i:~)
2019-09-21 03:24:31,748 [pool-519-thread-1] INFO  server.RaftServerConfigKeys (ConfUtils.java:logGet(43)) - raft.server.notification.no-leader.timeout = 120s (custom)
2019-09-21 03:24:31,748 [pool-519-thread-1] INFO  server.RaftServerConfigKeys (ConfUtils.java:logGet(43)) - raft.server.log.use.memory = false (default)
2019-09-21 03:24:31,749 [pool-519-thread-1] INFO  server.RaftServerConfigKeys (ConfUtils.java:logGet(43)) - raft.server.log.purge.gap = 1000000 (custom)
2019-09-21 03:24:31,749 [pool-519-thread-1] INFO  server.RaftServerConfigKeys (ConfUtils.java:logGet(43)) - raft.server.log.appender.buffer.byte-limit = 33554432 (custom)
2019-09-21 03:24:31,749 [pool-519-thread-1] INFO  server.RaftServerConfigKeys (ConfUtils.java:logGet(43)) - raft.server.log.segment.size.max = 1048576 (custom)
2019-09-21 03:24:31,749 [pool-519-thread-1] INFO  server.RaftServerConfigKeys (ConfUtils.java:logGet(43)) - raft.server.log.segment.cache.num.max = 2 (custom)
2019-09-21 03:24:31,749 [pool-519-thread-1] INFO  segmented.SegmentedRaftLogWorker (SegmentedRaftLogWorker.java:<init>(172)) - new 3c0d2216-17fa-4c3e-a525-6908efbd555c@group-D59A8C18AB47-SegmentedRaftLogWorker for RaftStorage:Storage Directory /workdir/hadoop-ozone/integration-test/target/test-dir/MiniOzoneClusterImpl-e366364a-480d-4d7a-97c1-516fb7a6c1d7/datanode-2/data/ratis/4a1473fd-3eb7-4728-a173-d59a8c18ab47
2019-09-21 03:24:31,749 [pool-519-thread-1] INFO  lib.Interns (Interns.java:removeEldestEntry(50)) - Metrics intern cache overflow at 2011 for MetricsSystem={MetricsSystem=MetricsInfoImpl{name=MetricsSystem, description=MetricsSystem}, MetricsSystem record=MetricsInfoImpl{name=MetricsSystem, description=MetricsSystem record}}
2019-09-21 03:24:31,751 [pool-519-thread-1] INFO  server.RaftServerConfigKeys (ConfUtils.java:logGet(43)) - raft.server.log.queue.byte-limit = 2147483647 (custom)
2019-09-21 03:24:31,751 [pool-519-thread-1] INFO  server.RaftServerConfigKeys (ConfUtils.java:logGet(43)) - raft.server.log.queue.element-limit = 1024 (custom)
2019-09-21 03:24:31,751 [pool-519-thread-1] INFO  server.RaftServerConfigKeys (ConfUtils.java:logGet(43)) - raft.server.log.segment.size.max = 1048576 (custom)
2019-09-21 03:24:31,751 [pool-519-thread-1] INFO  server.RaftServerConfigKeys (ConfUtils.java:logGet(43)) - raft.server.log.preallocated.size = 16384 (custom)
2019-09-21 03:24:31,752 [pool-519-thread-1] INFO  server.RaftServerConfigKeys (ConfUtils.java:logGet(43)) - raft.server.log.write.buffer.size = 33554432 (custom)
2019-09-21 03:24:31,752 [pool-519-thread-1] INFO  server.RaftServerConfigKeys (ConfUtils.java:logGet(43)) - raft.server.log.force.sync.num = 128 (default)
2019-09-21 03:24:31,752 [pool-519-thread-1] INFO  server.RaftServerConfigKeys (ConfUtils.java:logGet(43)) - raft.server.log.statemachine.data.sync = true (default)
2019-09-21 03:24:31,752 [pool-519-thread-1] INFO  server.RaftServerConfigKeys (ConfUtils.java:logGet(43)) - raft.server.log.statemachine.data.sync.timeout = 10s (default)
2019-09-21 03:24:31,752 [pool-519-thread-1] INFO  server.RaftServerConfigKeys (ConfUtils.java:logGet(43)) - raft.server.log.statemachine.data.sync.timeout.retry = -1 (default)
2019-09-21 03:24:31,752 [pool-519-thread-1] INFO  server.RaftServerConfigKeys (ConfUtils.java:logGet(43)) - raft.server.log.statemachine.data.caching.enabled = true (custom)
2019-09-21 03:24:31,752 [pool-519-thread-1] INFO  segmented.SegmentedRaftLogWorker (SegmentedRaftLogWorker.java:lambda$new$0(132)) - 3c0d2216-17fa-4c3e-a525-6908efbd555c@group-D59A8C18AB47-SegmentedRaftLogWorker: flushIndex: setUnconditionally 0 -> -1
2019-09-21 03:24:31,752 [pool-519-thread-1] INFO  server.RaftServerConfigKeys (ConfUtils.java:logGet(43)) - raft.server.snapshot.auto.trigger.enabled = true (custom)
2019-09-21 03:24:31,753 [pool-519-thread-1] INFO  server.RaftServerConfigKeys (ConfUtils.java:logGet(43)) - raft.server.snapshot.auto.trigger.threshold = 10000 (custom)
2019-09-21 03:24:31,753 [pool-519-thread-1] INFO  server.RaftServerConfigKeys (ConfUtils.java:logGet(43)) - raft.server.snapshot.retention.num.files = 5 (custom)
2019-09-21 03:24:31,753 [pool-519-thread-1] INFO  server.RaftServerConfigKeys (ConfUtils.java:logGet(43)) - raft.server.retrycache.expirytime = 600000ms (custom)
2019-09-21 03:24:31,754 [pool-519-thread-1] INFO  impl.RaftServerImpl (RaftServerImpl.java:start(185)) - 3c0d2216-17fa-4c3e-a525-6908efbd555c@group-D59A8C18AB47: start as a follower, conf=-1: [3c0d2216-17fa-4c3e-a525-6908efbd555c:192.168.36.122:32803], old=null
2019-09-21 03:24:31,755 [pool-519-thread-1] INFO  impl.RaftServerImpl (RaftServerImpl.java:setRole(174)) - 3c0d2216-17fa-4c3e-a525-6908efbd555c@group-D59A8C18AB47: changes role from      null to FOLLOWER at term 0 for startAsFollower
2019-09-21 03:24:31,755 [pool-519-thread-1] INFO  impl.RoleInfo (RoleInfo.java:updateAndGet(143)) - 3c0d2216-17fa-4c3e-a525-6908efbd555c: start FollowerState
2019-09-21 03:24:31,755 [pool-519-thread-1] INFO  util.JmxRegister (JmxRegister.java:tryRegister(44)) - Successfully registered JMX Bean with object name Ratis:service=RaftServer,group=group-D59A8C18AB47,id=3c0d2216-17fa-4c3e-a525-6908efbd555c
2019-09-21 03:24:31,757 [RatisPipelineUtilsThread] INFO  pipeline.PipelineStateManager (PipelineStateManager.java:addPipeline(56)) - Created pipeline Pipeline[ Id: 4a1473fd-3eb7-4728-a173-d59a8c18ab47, Nodes: 3c0d2216-17fa-4c3e-a525-6908efbd555c{ip: 192.168.36.122, host: pr-hdds-2161-42js2-1613171706, networkLocation: /default-rack, certSerialId: null}, Type:RATIS, Factor:ONE, State:OPEN]
2019-09-21 03:24:31,767 [grpc-default-executor-6] INFO  impl.RaftServerProxy (RaftServerProxy.java:addNew(89)) - 77ce14fb-fb72-4a93-bc2b-6f1918656d29: addNew group-30645CE406F3:[77ce14fb-fb72-4a93-bc2b-6f1918656d29:192.168.36.122:42649, 5c850443-2394-4991-83c1-edacc95aa548:192.168.36.122:34461, 3c0d2216-17fa-4c3e-a525-6908efbd555c:192.168.36.122:32803] returns group-30645CE406F3:java.util.concurrent.CompletableFuture@bedba65[Not completed]
2019-09-21 03:24:31,767 [grpc-default-executor-4] INFO  impl.RaftServerProxy (RaftServerProxy.java:addNew(89)) - 5c850443-2394-4991-83c1-edacc95aa548: addNew group-30645CE406F3:[77ce14fb-fb72-4a93-bc2b-6f1918656d29:192.168.36.122:42649, 5c850443-2394-4991-83c1-edacc95aa548:192.168.36.122:34461, 3c0d2216-17fa-4c3e-a525-6908efbd555c:192.168.36.122:32803] returns group-30645CE406F3:java.util.concurrent.CompletableFuture@7ee79d10[Not completed]
2019-09-21 03:24:31,768 [grpc-default-executor-6] INFO  impl.RaftServerProxy (RaftServerProxy.java:addNew(89)) - 3c0d2216-17fa-4c3e-a525-6908efbd555c: addNew group-30645CE406F3:[77ce14fb-fb72-4a93-bc2b-6f1918656d29:192.168.36.122:42649, 5c850443-2394-4991-83c1-edacc95aa548:192.168.36.122:34461, 3c0d2216-17fa-4c3e-a525-6908efbd555c:192.168.36.122:32803] returns group-30645CE406F3:java.util.concurrent.CompletableFuture@6b4e8717[Not completed]
2019-09-21 03:24:31,768 [pool-509-thread-1] INFO  impl.RaftServerImpl (RaftServerImpl.java:<init>(95)) - 77ce14fb-fb72-4a93-bc2b-6f1918656d29: new RaftServerImpl for group-30645CE406F3:[77ce14fb-fb72-4a93-bc2b-6f1918656d29:192.168.36.122:42649, 5c850443-2394-4991-83c1-edacc95aa548:192.168.36.122:34461, 3c0d2216-17fa-4c3e-a525-6908efbd555c:192.168.36.122:32803] with ContainerStateMachine:uninitialized
2019-09-21 03:24:31,768 [pool-509-thread-1] INFO  server.RaftServerConfigKeys (ConfUtils.java:logGet(43)) - raft.server.rpc.timeout.min = 5s (custom)
2019-09-21 03:24:31,768 [pool-509-thread-1] INFO  server.RaftServerConfigKeys (ConfUtils.java:logGet(43)) - raft.server.rpc.timeout.max = 5200ms (custom)
2019-09-21 03:24:31,769 [pool-519-thread-1] INFO  impl.RaftServerImpl (RaftServerImpl.java:<init>(95)) - 3c0d2216-17fa-4c3e-a525-6908efbd555c: new RaftServerImpl for group-30645CE406F3:[77ce14fb-fb72-4a93-bc2b-6f1918656d29:192.168.36.122:42649, 5c850443-2394-4991-83c1-edacc95aa548:192.168.36.122:34461, 3c0d2216-17fa-4c3e-a525-6908efbd555c:192.168.36.122:32803] with ContainerStateMachine:uninitialized
2019-09-21 03:24:31,769 [pool-509-thread-1] INFO  server.RaftServerConfigKeys (ConfUtils.java:logGet(43)) - raft.server.rpcslowness.timeout = 120s (custom)
2019-09-21 03:24:31,769 [pool-519-thread-1] INFO  server.RaftServerConfigKeys (ConfUtils.java:logGet(43)) - raft.server.rpc.timeout.min = 5s (custom)
2019-09-21 03:24:31,769 [pool-509-thread-1] INFO  server.RaftServerConfigKeys (ConfUtils.java:logGet(43)) - raft.server.sleep.deviation.threshold = 300 (default)
2019-09-21 03:24:31,769 [pool-499-thread-1] INFO  impl.RaftServerImpl (RaftServerImpl.java:<init>(95)) - 5c850443-2394-4991-83c1-edacc95aa548: new RaftServerImpl for group-30645CE406F3:[77ce14fb-fb72-4a93-bc2b-6f1918656d29:192.168.36.122:42649, 5c850443-2394-4991-83c1-edacc95aa548:192.168.36.122:34461, 3c0d2216-17fa-4c3e-a525-6908efbd555c:192.168.36.122:32803] with ContainerStateMachine:uninitialized
2019-09-21 03:24:31,769 [pool-519-thread-1] INFO  server.RaftServerConfigKeys (ConfUtils.java:logGet(43)) - raft.server.rpc.timeout.max = 5200ms (custom)
2019-09-21 03:24:31,769 [pool-499-thread-1] INFO  server.RaftServerConfigKeys (ConfUtils.java:logGet(43)) - raft.server.rpc.timeout.min = 5s (custom)
2019-09-21 03:24:31,769 [IPC Server handler 4 on 46376] INFO  net.NetworkTopology (NetworkTopologyImpl.java:add(111)) - Added a new node: /default-rack/c3d1d526-9aa3-46c6-a575-dac81e178c8f
2019-09-21 03:24:31,769 [pool-509-thread-1] INFO  server.RaftServerConfigKeys (ConfUtils.java:logGet(43)) - raft.server.log.appender.install.snapshot.enabled = false (custom)
2019-09-21 03:24:31,769 [IPC Server handler 4 on 46376] INFO  node.SCMNodeManager (SCMNodeManager.java:register(266)) - Registered Data node : c3d1d526-9aa3-46c6-a575-dac81e178c8f{ip: 192.168.36.122, host: pr-hdds-2161-42js2-1613171706, networkLocation: /default-rack, certSerialId: null}
2019-09-21 03:24:31,769 [pool-499-thread-1] INFO  server.RaftServerConfigKeys (ConfUtils.java:logGet(43)) - raft.server.rpc.timeout.max = 5200ms (custom)
2019-09-21 03:24:31,770 [pool-499-thread-1] INFO  server.RaftServerConfigKeys (ConfUtils.java:logGet(43)) - raft.server.rpcslowness.timeout = 120s (custom)
2019-09-21 03:24:31,769 [pool-519-thread-1] INFO  server.RaftServerConfigKeys (ConfUtils.java:logGet(43)) - raft.server.rpcslowness.timeout = 120s (custom)
2019-09-21 03:24:31,770 [pool-499-thread-1] INFO  server.RaftServerConfigKeys (ConfUtils.java:logGet(43)) - raft.server.sleep.deviation.threshold = 300 (default)
2019-09-21 03:24:31,770 [pool-509-thread-1] INFO  impl.RaftServerImpl (ServerState.java:<init>(103)) - 77ce14fb-fb72-4a93-bc2b-6f1918656d29@group-30645CE406F3: ConfigurationManager, init=-1: [77ce14fb-fb72-4a93-bc2b-6f1918656d29:192.168.36.122:42649, 5c850443-2394-4991-83c1-edacc95aa548:192.168.36.122:34461, 3c0d2216-17fa-4c3e-a525-6908efbd555c:192.168.36.122:32803], old=null, confs=<EMPTY_MAP>
2019-09-21 03:24:31,770 [pool-499-thread-1] INFO  server.RaftServerConfigKeys (ConfUtils.java:logGet(43)) - raft.server.log.appender.install.snapshot.enabled = false (custom)
2019-09-21 03:24:31,770 [pool-509-thread-1] INFO  server.RaftServerConfigKeys (ConfUtils.java:logGet(43)) - raft.server.storage.dir = [/workdir/hadoop-ozone/integration-test/target/test-dir/MiniOzoneClusterImpl-e366364a-480d-4d7a-97c1-516fb7a6c1d7/datanode-1/data/ratis] (custom)
2019-09-21 03:24:31,770 [pool-519-thread-1] INFO  server.RaftServerConfigKeys (ConfUtils.java:logGet(43)) - raft.server.sleep.deviation.threshold = 300 (default)
2019-09-21 03:24:31,770 [pool-499-thread-1] INFO  impl.RaftServerImpl (ServerState.java:<init>(103)) - 5c850443-2394-4991-83c1-edacc95aa548@group-30645CE406F3: ConfigurationManager, init=-1: [77ce14fb-fb72-4a93-bc2b-6f1918656d29:192.168.36.122:42649, 5c850443-2394-4991-83c1-edacc95aa548:192.168.36.122:34461, 3c0d2216-17fa-4c3e-a525-6908efbd555c:192.168.36.122:32803], old=null, confs=<EMPTY_MAP>
2019-09-21 03:24:31,771 [pool-519-thread-1] INFO  server.RaftServerConfigKeys (ConfUtils.java:logGet(43)) - raft.server.log.appender.install.snapshot.enabled = false (custom)
2019-09-21 03:24:31,771 [pool-499-thread-1] INFO  server.RaftServerConfigKeys (ConfUtils.java:logGet(43)) - raft.server.storage.dir = [/workdir/hadoop-ozone/integration-test/target/test-dir/MiniOzoneClusterImpl-e366364a-480d-4d7a-97c1-516fb7a6c1d7/datanode-0/data/ratis] (custom)
2019-09-21 03:24:31,771 [pool-519-thread-1] INFO  impl.RaftServerImpl (ServerState.java:<init>(103)) - 3c0d2216-17fa-4c3e-a525-6908efbd555c@group-30645CE406F3: ConfigurationManager, init=-1: [77ce14fb-fb72-4a93-bc2b-6f1918656d29:192.168.36.122:42649, 5c850443-2394-4991-83c1-edacc95aa548:192.168.36.122:34461, 3c0d2216-17fa-4c3e-a525-6908efbd555c:192.168.36.122:32803], old=null, confs=<EMPTY_MAP>
2019-09-21 03:24:31,771 [pool-509-thread-1] INFO  storage.RaftStorageDirectory (RaftStorageDirectory.java:analyzeStorage(246)) - The storage directory /workdir/hadoop-ozone/integration-test/target/test-dir/MiniOzoneClusterImpl-e366364a-480d-4d7a-97c1-516fb7a6c1d7/datanode-1/data/ratis/8cae482e-c74a-4a8c-b63c-30645ce406f3 does not exist. Creating ...
2019-09-21 03:24:31,771 [pool-499-thread-1] INFO  storage.RaftStorageDirectory (RaftStorageDirectory.java:analyzeStorage(246)) - The storage directory /workdir/hadoop-ozone/integration-test/target/test-dir/MiniOzoneClusterImpl-e366364a-480d-4d7a-97c1-516fb7a6c1d7/datanode-0/data/ratis/8cae482e-c74a-4a8c-b63c-30645ce406f3 does not exist. Creating ...
2019-09-21 03:24:31,771 [pool-519-thread-1] INFO  server.RaftServerConfigKeys (ConfUtils.java:logGet(43)) - raft.server.storage.dir = [/workdir/hadoop-ozone/integration-test/target/test-dir/MiniOzoneClusterImpl-e366364a-480d-4d7a-97c1-516fb7a6c1d7/datanode-2/data/ratis] (custom)
2019-09-21 03:24:31,771 [pool-519-thread-1] INFO  storage.RaftStorageDirectory (RaftStorageDirectory.java:analyzeStorage(246)) - The storage directory /workdir/hadoop-ozone/integration-test/target/test-dir/MiniOzoneClusterImpl-e366364a-480d-4d7a-97c1-516fb7a6c1d7/datanode-2/data/ratis/8cae482e-c74a-4a8c-b63c-30645ce406f3 does not exist. Creating ...
2019-09-21 03:24:31,775 [pool-509-thread-1] INFO  storage.RaftStorageDirectory (RaftStorageDirectory.java:tryLock(328)) - Lock on /workdir/hadoop-ozone/integration-test/target/test-dir/MiniOzoneClusterImpl-e366364a-480d-4d7a-97c1-516fb7a6c1d7/datanode-1/data/ratis/8cae482e-c74a-4a8c-b63c-30645ce406f3/in_use.lock acquired by nodename 24290@pr-hdds-2161-42js2-1613171706
2019-09-21 03:24:31,775 [pool-499-thread-1] INFO  storage.RaftStorageDirectory (RaftStorageDirectory.java:tryLock(328)) - Lock on /workdir/hadoop-ozone/integration-test/target/test-dir/MiniOzoneClusterImpl-e366364a-480d-4d7a-97c1-516fb7a6c1d7/datanode-0/data/ratis/8cae482e-c74a-4a8c-b63c-30645ce406f3/in_use.lock acquired by nodename 24290@pr-hdds-2161-42js2-1613171706
2019-09-21 03:24:31,775 [pool-519-thread-1] INFO  storage.RaftStorageDirectory (RaftStorageDirectory.java:tryLock(328)) - Lock on /workdir/hadoop-ozone/integration-test/target/test-dir/MiniOzoneClusterImpl-e366364a-480d-4d7a-97c1-516fb7a6c1d7/datanode-2/data/ratis/8cae482e-c74a-4a8c-b63c-30645ce406f3/in_use.lock acquired by nodename 24290@pr-hdds-2161-42js2-1613171706
2019-09-21 03:24:31,786 [pool-499-thread-1] INFO  storage.RaftStorage (RaftStorage.java:format(72)) - Storage directory /workdir/hadoop-ozone/integration-test/target/test-dir/MiniOzoneClusterImpl-e366364a-480d-4d7a-97c1-516fb7a6c1d7/datanode-0/data/ratis/8cae482e-c74a-4a8c-b63c-30645ce406f3 has been successfully formatted.
2019-09-21 03:24:31,786 [pool-509-thread-1] INFO  storage.RaftStorage (RaftStorage.java:format(72)) - Storage directory /workdir/hadoop-ozone/integration-test/target/test-dir/MiniOzoneClusterImpl-e366364a-480d-4d7a-97c1-516fb7a6c1d7/datanode-1/data/ratis/8cae482e-c74a-4a8c-b63c-30645ce406f3 has been successfully formatted.
2019-09-21 03:24:31,786 [pool-519-thread-1] INFO  storage.RaftStorage (RaftStorage.java:format(72)) - Storage directory /workdir/hadoop-ozone/integration-test/target/test-dir/MiniOzoneClusterImpl-e366364a-480d-4d7a-97c1-516fb7a6c1d7/datanode-2/data/ratis/8cae482e-c74a-4a8c-b63c-30645ce406f3 has been successfully formatted.
2019-09-21 03:24:31,787 [pool-499-thread-1] INFO  ratis.ContainerStateMachine (ContainerStateMachine.java:loadSnapshot(230)) - group-30645CE406F3: The snapshot info is null. Setting the last applied indexto:(t:0, i:~)
2019-09-21 03:24:31,787 [pool-519-thread-1] INFO  ratis.ContainerStateMachine (ContainerStateMachine.java:loadSnapshot(230)) - group-30645CE406F3: The snapshot info is null. Setting the last applied indexto:(t:0, i:~)
2019-09-21 03:24:31,787 [pool-509-thread-1] INFO  ratis.ContainerStateMachine (ContainerStateMachine.java:loadSnapshot(230)) - group-30645CE406F3: The snapshot info is null. Setting the last applied indexto:(t:0, i:~)
2019-09-21 03:24:31,787 [pool-519-thread-1] INFO  server.RaftServerConfigKeys (ConfUtils.java:logGet(43)) - raft.server.notification.no-leader.timeout = 120s (custom)
2019-09-21 03:24:31,787 [pool-519-thread-1] INFO  server.RaftServerConfigKeys (ConfUtils.java:logGet(43)) - raft.server.log.use.memory = false (default)
2019-09-21 03:24:31,787 [pool-499-thread-1] INFO  server.RaftServerConfigKeys (ConfUtils.java:logGet(43)) - raft.server.notification.no-leader.timeout = 120s (custom)
2019-09-21 03:24:31,788 [pool-519-thread-1] INFO  server.RaftServerConfigKeys (ConfUtils.java:logGet(43)) - raft.server.log.purge.gap = 1000000 (custom)
2019-09-21 03:24:31,787 [pool-509-thread-1] INFO  server.RaftServerConfigKeys (ConfUtils.java:logGet(43)) - raft.server.notification.no-leader.timeout = 120s (custom)
2019-09-21 03:24:31,788 [pool-519-thread-1] INFO  server.RaftServerConfigKeys (ConfUtils.java:logGet(43)) - raft.server.log.appender.buffer.byte-limit = 33554432 (custom)
2019-09-21 03:24:31,788 [pool-499-thread-1] INFO  server.RaftServerConfigKeys (ConfUtils.java:logGet(43)) - raft.server.log.use.memory = false (default)
2019-09-21 03:24:31,788 [pool-519-thread-1] INFO  server.RaftServerConfigKeys (ConfUtils.java:logGet(43)) - raft.server.log.segment.size.max = 1048576 (custom)
2019-09-21 03:24:31,788 [pool-509-thread-1] INFO  server.RaftServerConfigKeys (ConfUtils.java:logGet(43)) - raft.server.log.use.memory = false (default)
2019-09-21 03:24:31,788 [pool-519-thread-1] INFO  server.RaftServerConfigKeys (ConfUtils.java:logGet(43)) - raft.server.log.segment.cache.num.max = 2 (custom)
2019-09-21 03:24:31,788 [pool-499-thread-1] INFO  server.RaftServerConfigKeys (ConfUtils.java:logGet(43)) - raft.server.log.purge.gap = 1000000 (custom)
2019-09-21 03:24:31,788 [pool-519-thread-1] INFO  segmented.SegmentedRaftLogWorker (SegmentedRaftLogWorker.java:<init>(172)) - new 3c0d2216-17fa-4c3e-a525-6908efbd555c@group-30645CE406F3-SegmentedRaftLogWorker for RaftStorage:Storage Directory /workdir/hadoop-ozone/integration-test/target/test-dir/MiniOzoneClusterImpl-e366364a-480d-4d7a-97c1-516fb7a6c1d7/datanode-2/data/ratis/8cae482e-c74a-4a8c-b63c-30645ce406f3
2019-09-21 03:24:31,788 [pool-509-thread-1] INFO  server.RaftServerConfigKeys (ConfUtils.java:logGet(43)) - raft.server.log.purge.gap = 1000000 (custom)
2019-09-21 03:24:31,789 [pool-519-thread-1] INFO  server.RaftServerConfigKeys (ConfUtils.java:logGet(43)) - raft.server.log.queue.byte-limit = 2147483647 (custom)
2019-09-21 03:24:31,789 [pool-499-thread-1] INFO  server.RaftServerConfigKeys (ConfUtils.java:logGet(43)) - raft.server.log.appender.buffer.byte-limit = 33554432 (custom)
2019-09-21 03:24:31,789 [pool-519-thread-1] INFO  server.RaftServerConfigKeys (ConfUtils.java:logGet(43)) - raft.server.log.queue.element-limit = 1024 (custom)
2019-09-21 03:24:31,789 [pool-509-thread-1] INFO  server.RaftServerConfigKeys (ConfUtils.java:logGet(43)) - raft.server.log.appender.buffer.byte-limit = 33554432 (custom)
2019-09-21 03:24:31,789 [pool-519-thread-1] INFO  server.RaftServerConfigKeys (ConfUtils.java:logGet(43)) - raft.server.log.segment.size.max = 1048576 (custom)
2019-09-21 03:24:31,789 [pool-499-thread-1] INFO  server.RaftServerConfigKeys (ConfUtils.java:logGet(43)) - raft.server.log.segment.size.max = 1048576 (custom)
2019-09-21 03:24:31,789 [pool-519-thread-1] INFO  server.RaftServerConfigKeys (ConfUtils.java:logGet(43)) - raft.server.log.preallocated.size = 16384 (custom)
2019-09-21 03:24:31,789 [pool-509-thread-1] INFO  server.RaftServerConfigKeys (ConfUtils.java:logGet(43)) - raft.server.log.segment.size.max = 1048576 (custom)
2019-09-21 03:24:31,789 [pool-519-thread-1] INFO  server.RaftServerConfigKeys (ConfUtils.java:logGet(43)) - raft.server.log.write.buffer.size = 33554432 (custom)
2019-09-21 03:24:31,789 [pool-499-thread-1] INFO  server.RaftServerConfigKeys (ConfUtils.java:logGet(43)) - raft.server.log.segment.cache.num.max = 2 (custom)
2019-09-21 03:24:31,790 [pool-519-thread-1] INFO  server.RaftServerConfigKeys (ConfUtils.java:logGet(43)) - raft.server.log.force.sync.num = 128 (default)
2019-09-21 03:24:31,790 [pool-519-thread-1] INFO  server.RaftServerConfigKeys (ConfUtils.java:logGet(43)) - raft.server.log.statemachine.data.sync = true (default)
2019-09-21 03:24:31,789 [pool-509-thread-1] INFO  server.RaftServerConfigKeys (ConfUtils.java:logGet(43)) - raft.server.log.segment.cache.num.max = 2 (custom)
2019-09-21 03:24:31,790 [pool-519-thread-1] INFO  server.RaftServerConfigKeys (ConfUtils.java:logGet(43)) - raft.server.log.statemachine.data.sync.timeout = 10s (default)
2019-09-21 03:24:31,790 [pool-519-thread-1] INFO  server.RaftServerConfigKeys (ConfUtils.java:logGet(43)) - raft.server.log.statemachine.data.sync.timeout.retry = -1 (default)
2019-09-21 03:24:31,790 [pool-499-thread-1] INFO  segmented.SegmentedRaftLogWorker (SegmentedRaftLogWorker.java:<init>(172)) - new 5c850443-2394-4991-83c1-edacc95aa548@group-30645CE406F3-SegmentedRaftLogWorker for RaftStorage:Storage Directory /workdir/hadoop-ozone/integration-test/target/test-dir/MiniOzoneClusterImpl-e366364a-480d-4d7a-97c1-516fb7a6c1d7/datanode-0/data/ratis/8cae482e-c74a-4a8c-b63c-30645ce406f3
2019-09-21 03:24:31,790 [pool-519-thread-1] INFO  server.RaftServerConfigKeys (ConfUtils.java:logGet(43)) - raft.server.log.statemachine.data.caching.enabled = true (custom)
2019-09-21 03:24:31,790 [pool-509-thread-1] INFO  segmented.SegmentedRaftLogWorker (SegmentedRaftLogWorker.java:<init>(172)) - new 77ce14fb-fb72-4a93-bc2b-6f1918656d29@group-30645CE406F3-SegmentedRaftLogWorker for RaftStorage:Storage Directory /workdir/hadoop-ozone/integration-test/target/test-dir/MiniOzoneClusterImpl-e366364a-480d-4d7a-97c1-516fb7a6c1d7/datanode-1/data/ratis/8cae482e-c74a-4a8c-b63c-30645ce406f3
2019-09-21 03:24:31,790 [pool-499-thread-1] INFO  server.RaftServerConfigKeys (ConfUtils.java:logGet(43)) - raft.server.log.queue.byte-limit = 2147483647 (custom)
2019-09-21 03:24:31,791 [pool-519-thread-1] INFO  segmented.SegmentedRaftLogWorker (SegmentedRaftLogWorker.java:lambda$new$0(132)) - 3c0d2216-17fa-4c3e-a525-6908efbd555c@group-30645CE406F3-SegmentedRaftLogWorker: flushIndex: setUnconditionally 0 -> -1
2019-09-21 03:24:31,791 [pool-509-thread-1] INFO  server.RaftServerConfigKeys (ConfUtils.java:logGet(43)) - raft.server.log.queue.byte-limit = 2147483647 (custom)
2019-09-21 03:24:31,791 [pool-499-thread-1] INFO  server.RaftServerConfigKeys (ConfUtils.java:logGet(43)) - raft.server.log.queue.element-limit = 1024 (custom)
2019-09-21 03:24:31,791 [pool-519-thread-1] INFO  server.RaftServerConfigKeys (ConfUtils.java:logGet(43)) - raft.server.snapshot.auto.trigger.enabled = true (custom)
2019-09-21 03:24:31,791 [pool-509-thread-1] INFO  server.RaftServerConfigKeys (ConfUtils.java:logGet(43)) - raft.server.log.queue.element-limit = 1024 (custom)
2019-09-21 03:24:31,791 [pool-519-thread-1] INFO  server.RaftServerConfigKeys (ConfUtils.java:logGet(43)) - raft.server.snapshot.auto.trigger.threshold = 10000 (custom)
2019-09-21 03:24:31,791 [pool-499-thread-1] INFO  server.RaftServerConfigKeys (ConfUtils.java:logGet(43)) - raft.server.log.segment.size.max = 1048576 (custom)
2019-09-21 03:24:31,791 [pool-519-thread-1] INFO  server.RaftServerConfigKeys (ConfUtils.java:logGet(43)) - raft.server.snapshot.retention.num.files = 5 (custom)
2019-09-21 03:24:31,791 [pool-509-thread-1] INFO  server.RaftServerConfigKeys (ConfUtils.java:logGet(43)) - raft.server.log.segment.size.max = 1048576 (custom)
2019-09-21 03:24:31,791 [pool-519-thread-1] INFO  server.RaftServerConfigKeys (ConfUtils.java:logGet(43)) - raft.server.retrycache.expirytime = 600000ms (custom)
2019-09-21 03:24:31,791 [pool-499-thread-1] INFO  server.RaftServerConfigKeys (ConfUtils.java:logGet(43)) - raft.server.log.preallocated.size = 16384 (custom)
2019-09-21 03:24:31,792 [pool-509-thread-1] INFO  server.RaftServerConfigKeys (ConfUtils.java:logGet(43)) - raft.server.log.preallocated.size = 16384 (custom)
2019-09-21 03:24:31,792 [pool-499-thread-1] INFO  server.RaftServerConfigKeys (ConfUtils.java:logGet(43)) - raft.server.log.write.buffer.size = 33554432 (custom)
2019-09-21 03:24:31,792 [pool-509-thread-1] INFO  server.RaftServerConfigKeys (ConfUtils.java:logGet(43)) - raft.server.log.write.buffer.size = 33554432 (custom)
2019-09-21 03:24:31,792 [pool-499-thread-1] INFO  server.RaftServerConfigKeys (ConfUtils.java:logGet(43)) - raft.server.log.force.sync.num = 128 (default)
2019-09-21 03:24:31,792 [pool-509-thread-1] INFO  server.RaftServerConfigKeys (ConfUtils.java:logGet(43)) - raft.server.log.force.sync.num = 128 (default)
2019-09-21 03:24:31,792 [pool-499-thread-1] INFO  server.RaftServerConfigKeys (ConfUtils.java:logGet(43)) - raft.server.log.statemachine.data.sync = true (default)
2019-09-21 03:24:31,792 [pool-509-thread-1] INFO  server.RaftServerConfigKeys (ConfUtils.java:logGet(43)) - raft.server.log.statemachine.data.sync = true (default)
2019-09-21 03:24:31,792 [pool-499-thread-1] INFO  server.RaftServerConfigKeys (ConfUtils.java:logGet(43)) - raft.server.log.statemachine.data.sync.timeout = 10s (default)
2019-09-21 03:24:31,793 [pool-509-thread-1] INFO  server.RaftServerConfigKeys (ConfUtils.java:logGet(43)) - raft.server.log.statemachine.data.sync.timeout = 10s (default)
2019-09-21 03:24:31,793 [pool-499-thread-1] INFO  server.RaftServerConfigKeys (ConfUtils.java:logGet(43)) - raft.server.log.statemachine.data.sync.timeout.retry = -1 (default)
2019-09-21 03:24:31,793 [pool-519-thread-1] INFO  impl.RaftServerImpl (RaftServerImpl.java:start(185)) - 3c0d2216-17fa-4c3e-a525-6908efbd555c@group-30645CE406F3: start as a follower, conf=-1: [77ce14fb-fb72-4a93-bc2b-6f1918656d29:192.168.36.122:42649, 5c850443-2394-4991-83c1-edacc95aa548:192.168.36.122:34461, 3c0d2216-17fa-4c3e-a525-6908efbd555c:192.168.36.122:32803], old=null
2019-09-21 03:24:31,793 [pool-509-thread-1] INFO  server.RaftServerConfigKeys (ConfUtils.java:logGet(43)) - raft.server.log.statemachine.data.sync.timeout.retry = -1 (default)
2019-09-21 03:24:31,793 [pool-519-thread-1] INFO  impl.RaftServerImpl (RaftServerImpl.java:setRole(174)) - 3c0d2216-17fa-4c3e-a525-6908efbd555c@group-30645CE406F3: changes role from      null to FOLLOWER at term 0 for startAsFollower
2019-09-21 03:24:31,793 [pool-499-thread-1] INFO  server.RaftServerConfigKeys (ConfUtils.java:logGet(43)) - raft.server.log.statemachine.data.caching.enabled = true (custom)
2019-09-21 03:24:31,793 [pool-519-thread-1] INFO  impl.RoleInfo (RoleInfo.java:updateAndGet(143)) - 3c0d2216-17fa-4c3e-a525-6908efbd555c: start FollowerState
2019-09-21 03:24:31,793 [pool-499-thread-1] INFO  segmented.SegmentedRaftLogWorker (SegmentedRaftLogWorker.java:lambda$new$0(132)) - 5c850443-2394-4991-83c1-edacc95aa548@group-30645CE406F3-SegmentedRaftLogWorker: flushIndex: setUnconditionally 0 -> -1
2019-09-21 03:24:31,793 [pool-509-thread-1] INFO  server.RaftServerConfigKeys (ConfUtils.java:logGet(43)) - raft.server.log.statemachine.data.caching.enabled = true (custom)
2019-09-21 03:24:31,794 [pool-519-thread-1] INFO  util.JmxRegister (JmxRegister.java:tryRegister(44)) - Successfully registered JMX Bean with object name Ratis:service=RaftServer,group=group-30645CE406F3,id=3c0d2216-17fa-4c3e-a525-6908efbd555c
2019-09-21 03:24:31,794 [pool-509-thread-1] INFO  segmented.SegmentedRaftLogWorker (SegmentedRaftLogWorker.java:lambda$new$0(132)) - 77ce14fb-fb72-4a93-bc2b-6f1918656d29@group-30645CE406F3-SegmentedRaftLogWorker: flushIndex: setUnconditionally 0 -> -1
2019-09-21 03:24:31,794 [pool-499-thread-1] INFO  server.RaftServerConfigKeys (ConfUtils.java:logGet(43)) - raft.server.snapshot.auto.trigger.enabled = true (custom)
2019-09-21 03:24:31,794 [pool-499-thread-1] INFO  server.RaftServerConfigKeys (ConfUtils.java:logGet(43)) - raft.server.snapshot.auto.trigger.threshold = 10000 (custom)
2019-09-21 03:24:31,794 [pool-509-thread-1] INFO  server.RaftServerConfigKeys (ConfUtils.java:logGet(43)) - raft.server.snapshot.auto.trigger.enabled = true (custom)
2019-09-21 03:24:31,794 [pool-499-thread-1] INFO  server.RaftServerConfigKeys (ConfUtils.java:logGet(43)) - raft.server.snapshot.retention.num.files = 5 (custom)
2019-09-21 03:24:31,794 [pool-509-thread-1] INFO  server.RaftServerConfigKeys (ConfUtils.java:logGet(43)) - raft.server.snapshot.auto.trigger.threshold = 10000 (custom)
2019-09-21 03:24:31,795 [pool-499-thread-1] INFO  server.RaftServerConfigKeys (ConfUtils.java:logGet(43)) - raft.server.retrycache.expirytime = 600000ms (custom)
2019-09-21 03:24:31,795 [pool-509-thread-1] INFO  server.RaftServerConfigKeys (ConfUtils.java:logGet(43)) - raft.server.snapshot.retention.num.files = 5 (custom)
2019-09-21 03:24:31,795 [pool-509-thread-1] INFO  server.RaftServerConfigKeys (ConfUtils.java:logGet(43)) - raft.server.retrycache.expirytime = 600000ms (custom)
2019-09-21 03:24:31,797 [pool-499-thread-1] INFO  impl.RaftServerImpl (RaftServerImpl.java:start(185)) - 5c850443-2394-4991-83c1-edacc95aa548@group-30645CE406F3: start as a follower, conf=-1: [77ce14fb-fb72-4a93-bc2b-6f1918656d29:192.168.36.122:42649, 5c850443-2394-4991-83c1-edacc95aa548:192.168.36.122:34461, 3c0d2216-17fa-4c3e-a525-6908efbd555c:192.168.36.122:32803], old=null
2019-09-21 03:24:31,797 [pool-509-thread-1] INFO  impl.RaftServerImpl (RaftServerImpl.java:start(185)) - 77ce14fb-fb72-4a93-bc2b-6f1918656d29@group-30645CE406F3: start as a follower, conf=-1: [77ce14fb-fb72-4a93-bc2b-6f1918656d29:192.168.36.122:42649, 5c850443-2394-4991-83c1-edacc95aa548:192.168.36.122:34461, 3c0d2216-17fa-4c3e-a525-6908efbd555c:192.168.36.122:32803], old=null
2019-09-21 03:24:31,797 [pool-499-thread-1] INFO  impl.RaftServerImpl (RaftServerImpl.java:setRole(174)) - 5c850443-2394-4991-83c1-edacc95aa548@group-30645CE406F3: changes role from      null to FOLLOWER at term 0 for startAsFollower
2019-09-21 03:24:31,797 [pool-509-thread-1] INFO  impl.RaftServerImpl (RaftServerImpl.java:setRole(174)) - 77ce14fb-fb72-4a93-bc2b-6f1918656d29@group-30645CE406F3: changes role from      null to FOLLOWER at term 0 for startAsFollower
2019-09-21 03:24:31,798 [pool-499-thread-1] INFO  impl.RoleInfo (RoleInfo.java:updateAndGet(143)) - 5c850443-2394-4991-83c1-edacc95aa548: start FollowerState
2019-09-21 03:24:31,798 [pool-509-thread-1] INFO  impl.RoleInfo (RoleInfo.java:updateAndGet(143)) - 77ce14fb-fb72-4a93-bc2b-6f1918656d29: start FollowerState
2019-09-21 03:24:31,798 [pool-499-thread-1] INFO  util.JmxRegister (JmxRegister.java:tryRegister(44)) - Successfully registered JMX Bean with object name Ratis:service=RaftServer,group=group-30645CE406F3,id=5c850443-2394-4991-83c1-edacc95aa548
2019-09-21 03:24:31,798 [pool-509-thread-1] INFO  util.JmxRegister (JmxRegister.java:tryRegister(44)) - Successfully registered JMX Bean with object name Ratis:service=RaftServer,group=group-30645CE406F3,id=77ce14fb-fb72-4a93-bc2b-6f1918656d29
2019-09-21 03:24:31,800 [RatisPipelineUtilsThread] INFO  pipeline.PipelineStateManager (PipelineStateManager.java:addPipeline(56)) - Created pipeline Pipeline[ Id: 8cae482e-c74a-4a8c-b63c-30645ce406f3, Nodes: 3c0d2216-17fa-4c3e-a525-6908efbd555c{ip: 192.168.36.122, host: pr-hdds-2161-42js2-1613171706, networkLocation: /default-rack, certSerialId: null}77ce14fb-fb72-4a93-bc2b-6f1918656d29{ip: 192.168.36.122, host: pr-hdds-2161-42js2-1613171706, networkLocation: /default-rack, certSerialId: null}5c850443-2394-4991-83c1-edacc95aa548{ip: 192.168.36.122, host: pr-hdds-2161-42js2-1613171706, networkLocation: /default-rack, certSerialId: null}, Type:RATIS, Factor:THREE, State:OPEN]
2019-09-21 03:24:31,843 [IPC Server handler 6 on 46376] INFO  net.NetworkTopology (NetworkTopologyImpl.java:add(111)) - Added a new node: /default-rack/acf71cc8-0f6b-4f19-a234-fdd28175ad2e
2019-09-21 03:24:31,843 [IPC Server handler 6 on 46376] INFO  node.SCMNodeManager (SCMNodeManager.java:register(266)) - Registered Data node : acf71cc8-0f6b-4f19-a234-fdd28175ad2e{ip: 192.168.36.122, host: pr-hdds-2161-42js2-1613171706, networkLocation: /default-rack, certSerialId: null}
2019-09-21 03:24:31,861 [grpc-default-executor-6] INFO  impl.RaftServerProxy (RaftServerProxy.java:addNew(89)) - acf71cc8-0f6b-4f19-a234-fdd28175ad2e: addNew group-B27E3E982CB1:[acf71cc8-0f6b-4f19-a234-fdd28175ad2e:192.168.36.122:40092] returns group-B27E3E982CB1:java.util.concurrent.CompletableFuture@635ee0e4[Not completed]
2019-09-21 03:24:31,865 [pool-539-thread-1] INFO  impl.RaftServerImpl (RaftServerImpl.java:<init>(95)) - acf71cc8-0f6b-4f19-a234-fdd28175ad2e: new RaftServerImpl for group-B27E3E982CB1:[acf71cc8-0f6b-4f19-a234-fdd28175ad2e:192.168.36.122:40092] with ContainerStateMachine:uninitialized
2019-09-21 03:24:31,865 [pool-539-thread-1] INFO  server.RaftServerConfigKeys (ConfUtils.java:logGet(43)) - raft.server.rpc.timeout.min = 5s (custom)
2019-09-21 03:24:31,865 [pool-539-thread-1] INFO  server.RaftServerConfigKeys (ConfUtils.java:logGet(43)) - raft.server.rpc.timeout.max = 5200ms (custom)
2019-09-21 03:24:31,865 [pool-539-thread-1] INFO  server.RaftServerConfigKeys (ConfUtils.java:logGet(43)) - raft.server.rpcslowness.timeout = 120s (custom)
2019-09-21 03:24:31,865 [pool-539-thread-1] INFO  server.RaftServerConfigKeys (ConfUtils.java:logGet(43)) - raft.server.sleep.deviation.threshold = 300 (default)
2019-09-21 03:24:31,866 [pool-539-thread-1] INFO  server.RaftServerConfigKeys (ConfUtils.java:logGet(43)) - raft.server.log.appender.install.snapshot.enabled = false (custom)
2019-09-21 03:24:31,866 [pool-539-thread-1] INFO  impl.RaftServerImpl (ServerState.java:<init>(103)) - acf71cc8-0f6b-4f19-a234-fdd28175ad2e@group-B27E3E982CB1: ConfigurationManager, init=-1: [acf71cc8-0f6b-4f19-a234-fdd28175ad2e:192.168.36.122:40092], old=null, confs=<EMPTY_MAP>
2019-09-21 03:24:31,866 [pool-539-thread-1] INFO  server.RaftServerConfigKeys (ConfUtils.java:logGet(43)) - raft.server.storage.dir = [/workdir/hadoop-ozone/integration-test/target/test-dir/MiniOzoneClusterImpl-e366364a-480d-4d7a-97c1-516fb7a6c1d7/datanode-4/data/ratis] (custom)
2019-09-21 03:24:31,866 [pool-539-thread-1] INFO  storage.RaftStorageDirectory (RaftStorageDirectory.java:analyzeStorage(246)) - The storage directory /workdir/hadoop-ozone/integration-test/target/test-dir/MiniOzoneClusterImpl-e366364a-480d-4d7a-97c1-516fb7a6c1d7/datanode-4/data/ratis/c57ac47d-d4e6-414a-8825-b27e3e982cb1 does not exist. Creating ...
2019-09-21 03:24:31,879 [pool-539-thread-1] INFO  storage.RaftStorageDirectory (RaftStorageDirectory.java:tryLock(328)) - Lock on /workdir/hadoop-ozone/integration-test/target/test-dir/MiniOzoneClusterImpl-e366364a-480d-4d7a-97c1-516fb7a6c1d7/datanode-4/data/ratis/c57ac47d-d4e6-414a-8825-b27e3e982cb1/in_use.lock acquired by nodename 24290@pr-hdds-2161-42js2-1613171706
2019-09-21 03:24:31,900 [pool-539-thread-1] INFO  storage.RaftStorage (RaftStorage.java:format(72)) - Storage directory /workdir/hadoop-ozone/integration-test/target/test-dir/MiniOzoneClusterImpl-e366364a-480d-4d7a-97c1-516fb7a6c1d7/datanode-4/data/ratis/c57ac47d-d4e6-414a-8825-b27e3e982cb1 has been successfully formatted.
2019-09-21 03:24:31,900 [pool-539-thread-1] INFO  ratis.ContainerStateMachine (ContainerStateMachine.java:loadSnapshot(230)) - group-B27E3E982CB1: The snapshot info is null. Setting the last applied indexto:(t:0, i:~)
2019-09-21 03:24:31,900 [pool-539-thread-1] INFO  server.RaftServerConfigKeys (ConfUtils.java:logGet(43)) - raft.server.notification.no-leader.timeout = 120s (custom)
2019-09-21 03:24:31,900 [pool-539-thread-1] INFO  server.RaftServerConfigKeys (ConfUtils.java:logGet(43)) - raft.server.log.use.memory = false (default)
2019-09-21 03:24:31,900 [pool-539-thread-1] INFO  server.RaftServerConfigKeys (ConfUtils.java:logGet(43)) - raft.server.log.purge.gap = 1000000 (custom)
2019-09-21 03:24:31,901 [pool-539-thread-1] INFO  server.RaftServerConfigKeys (ConfUtils.java:logGet(43)) - raft.server.log.appender.buffer.byte-limit = 33554432 (custom)
2019-09-21 03:24:31,901 [pool-539-thread-1] INFO  server.RaftServerConfigKeys (ConfUtils.java:logGet(43)) - raft.server.log.segment.size.max = 1048576 (custom)
2019-09-21 03:24:31,901 [pool-539-thread-1] INFO  server.RaftServerConfigKeys (ConfUtils.java:logGet(43)) - raft.server.log.segment.cache.num.max = 2 (custom)
2019-09-21 03:24:31,901 [pool-539-thread-1] INFO  segmented.SegmentedRaftLogWorker (SegmentedRaftLogWorker.java:<init>(172)) - new acf71cc8-0f6b-4f19-a234-fdd28175ad2e@group-B27E3E982CB1-SegmentedRaftLogWorker for RaftStorage:Storage Directory /workdir/hadoop-ozone/integration-test/target/test-dir/MiniOzoneClusterImpl-e366364a-480d-4d7a-97c1-516fb7a6c1d7/datanode-4/data/ratis/c57ac47d-d4e6-414a-8825-b27e3e982cb1
2019-09-21 03:24:31,903 [pool-539-thread-1] INFO  server.RaftServerConfigKeys (ConfUtils.java:logGet(43)) - raft.server.log.queue.byte-limit = 2147483647 (custom)
2019-09-21 03:24:31,903 [pool-539-thread-1] INFO  server.RaftServerConfigKeys (ConfUtils.java:logGet(43)) - raft.server.log.queue.element-limit = 1024 (custom)
2019-09-21 03:24:31,903 [pool-539-thread-1] INFO  server.RaftServerConfigKeys (ConfUtils.java:logGet(43)) - raft.server.log.segment.size.max = 1048576 (custom)
2019-09-21 03:24:31,903 [pool-539-thread-1] INFO  server.RaftServerConfigKeys (ConfUtils.java:logGet(43)) - raft.server.log.preallocated.size = 16384 (custom)
2019-09-21 03:24:31,904 [pool-539-thread-1] INFO  server.RaftServerConfigKeys (ConfUtils.java:logGet(43)) - raft.server.log.write.buffer.size = 33554432 (custom)
2019-09-21 03:24:31,904 [pool-539-thread-1] INFO  server.RaftServerConfigKeys (ConfUtils.java:logGet(43)) - raft.server.log.force.sync.num = 128 (default)
2019-09-21 03:24:31,904 [pool-539-thread-1] INFO  server.RaftServerConfigKeys (ConfUtils.java:logGet(43)) - raft.server.log.statemachine.data.sync = true (default)
2019-09-21 03:24:31,904 [IPC Server handler 3 on 46376] INFO  net.NetworkTopology (NetworkTopologyImpl.java:add(111)) - Added a new node: /default-rack/4f26e124-4a53-42f7-856e-c1455948108d
2019-09-21 03:24:31,904 [pool-539-thread-1] INFO  server.RaftServerConfigKeys (ConfUtils.java:logGet(43)) - raft.server.log.statemachine.data.sync.timeout = 10s (default)
2019-09-21 03:24:31,904 [IPC Server handler 3 on 46376] INFO  node.SCMNodeManager (SCMNodeManager.java:register(266)) - Registered Data node : 4f26e124-4a53-42f7-856e-c1455948108d{ip: 192.168.36.122, host: pr-hdds-2161-42js2-1613171706, networkLocation: /default-rack, certSerialId: null}
2019-09-21 03:24:31,904 [pool-539-thread-1] INFO  server.RaftServerConfigKeys (ConfUtils.java:logGet(43)) - raft.server.log.statemachine.data.sync.timeout.retry = -1 (default)
2019-09-21 03:24:31,905 [pool-539-thread-1] INFO  server.RaftServerConfigKeys (ConfUtils.java:logGet(43)) - raft.server.log.statemachine.data.caching.enabled = true (custom)
2019-09-21 03:24:31,905 [pool-539-thread-1] INFO  segmented.SegmentedRaftLogWorker (SegmentedRaftLogWorker.java:lambda$new$0(132)) - acf71cc8-0f6b-4f19-a234-fdd28175ad2e@group-B27E3E982CB1-SegmentedRaftLogWorker: flushIndex: setUnconditionally 0 -> -1
2019-09-21 03:24:31,906 [pool-539-thread-1] INFO  server.RaftServerConfigKeys (ConfUtils.java:logGet(43)) - raft.server.snapshot.auto.trigger.enabled = true (custom)
2019-09-21 03:24:31,906 [pool-539-thread-1] INFO  server.RaftServerConfigKeys (ConfUtils.java:logGet(43)) - raft.server.snapshot.auto.trigger.threshold = 10000 (custom)
2019-09-21 03:24:31,906 [pool-539-thread-1] INFO  server.RaftServerConfigKeys (ConfUtils.java:logGet(43)) - raft.server.snapshot.retention.num.files = 5 (custom)
2019-09-21 03:24:31,906 [pool-539-thread-1] INFO  server.RaftServerConfigKeys (ConfUtils.java:logGet(43)) - raft.server.retrycache.expirytime = 600000ms (custom)
2019-09-21 03:24:31,908 [pool-539-thread-1] INFO  impl.RaftServerImpl (RaftServerImpl.java:start(185)) - acf71cc8-0f6b-4f19-a234-fdd28175ad2e@group-B27E3E982CB1: start as a follower, conf=-1: [acf71cc8-0f6b-4f19-a234-fdd28175ad2e:192.168.36.122:40092], old=null
2019-09-21 03:24:31,908 [pool-539-thread-1] INFO  impl.RaftServerImpl (RaftServerImpl.java:setRole(174)) - acf71cc8-0f6b-4f19-a234-fdd28175ad2e@group-B27E3E982CB1: changes role from      null to FOLLOWER at term 0 for startAsFollower
2019-09-21 03:24:31,908 [pool-539-thread-1] INFO  impl.RoleInfo (RoleInfo.java:updateAndGet(143)) - acf71cc8-0f6b-4f19-a234-fdd28175ad2e: start FollowerState
2019-09-21 03:24:31,908 [pool-539-thread-1] INFO  util.JmxRegister (JmxRegister.java:tryRegister(44)) - Successfully registered JMX Bean with object name Ratis:service=RaftServer,group=group-B27E3E982CB1,id=acf71cc8-0f6b-4f19-a234-fdd28175ad2e
2019-09-21 03:24:31,920 [RatisPipelineUtilsThread] INFO  pipeline.PipelineStateManager (PipelineStateManager.java:addPipeline(56)) - Created pipeline Pipeline[ Id: c57ac47d-d4e6-414a-8825-b27e3e982cb1, Nodes: acf71cc8-0f6b-4f19-a234-fdd28175ad2e{ip: 192.168.36.122, host: pr-hdds-2161-42js2-1613171706, networkLocation: /default-rack, certSerialId: null}, Type:RATIS, Factor:ONE, State:OPEN]
2019-09-21 03:24:31,926 [grpc-default-executor-6] INFO  impl.RaftServerProxy (RaftServerProxy.java:addNew(89)) - c3d1d526-9aa3-46c6-a575-dac81e178c8f: addNew group-07FCEB61DA39:[c3d1d526-9aa3-46c6-a575-dac81e178c8f:192.168.36.122:36656] returns group-07FCEB61DA39:java.util.concurrent.CompletableFuture@b72d344[Not completed]
2019-09-21 03:24:31,928 [pool-529-thread-1] INFO  impl.RaftServerImpl (RaftServerImpl.java:<init>(95)) - c3d1d526-9aa3-46c6-a575-dac81e178c8f: new RaftServerImpl for group-07FCEB61DA39:[c3d1d526-9aa3-46c6-a575-dac81e178c8f:192.168.36.122:36656] with ContainerStateMachine:uninitialized
2019-09-21 03:24:31,928 [pool-529-thread-1] INFO  server.RaftServerConfigKeys (ConfUtils.java:logGet(43)) - raft.server.rpc.timeout.min = 5s (custom)
2019-09-21 03:24:31,928 [pool-529-thread-1] INFO  server.RaftServerConfigKeys (ConfUtils.java:logGet(43)) - raft.server.rpc.timeout.max = 5200ms (custom)
2019-09-21 03:24:31,928 [pool-529-thread-1] INFO  server.RaftServerConfigKeys (ConfUtils.java:logGet(43)) - raft.server.rpcslowness.timeout = 120s (custom)
2019-09-21 03:24:31,928 [pool-529-thread-1] INFO  server.RaftServerConfigKeys (ConfUtils.java:logGet(43)) - raft.server.sleep.deviation.threshold = 300 (default)
2019-09-21 03:24:31,928 [pool-529-thread-1] INFO  server.RaftServerConfigKeys (ConfUtils.java:logGet(43)) - raft.server.log.appender.install.snapshot.enabled = false (custom)
2019-09-21 03:24:31,929 [pool-529-thread-1] INFO  impl.RaftServerImpl (ServerState.java:<init>(103)) - c3d1d526-9aa3-46c6-a575-dac81e178c8f@group-07FCEB61DA39: ConfigurationManager, init=-1: [c3d1d526-9aa3-46c6-a575-dac81e178c8f:192.168.36.122:36656], old=null, confs=<EMPTY_MAP>
2019-09-21 03:24:31,929 [pool-529-thread-1] INFO  server.RaftServerConfigKeys (ConfUtils.java:logGet(43)) - raft.server.storage.dir = [/workdir/hadoop-ozone/integration-test/target/test-dir/MiniOzoneClusterImpl-e366364a-480d-4d7a-97c1-516fb7a6c1d7/datanode-3/data/ratis] (custom)
2019-09-21 03:24:31,929 [pool-529-thread-1] INFO  storage.RaftStorageDirectory (RaftStorageDirectory.java:analyzeStorage(246)) - The storage directory /workdir/hadoop-ozone/integration-test/target/test-dir/MiniOzoneClusterImpl-e366364a-480d-4d7a-97c1-516fb7a6c1d7/datanode-3/data/ratis/8939fcfb-0163-4cc5-be7c-07fceb61da39 does not exist. Creating ...
2019-09-21 03:24:31,945 [pool-529-thread-1] INFO  storage.RaftStorageDirectory (RaftStorageDirectory.java:tryLock(328)) - Lock on /workdir/hadoop-ozone/integration-test/target/test-dir/MiniOzoneClusterImpl-e366364a-480d-4d7a-97c1-516fb7a6c1d7/datanode-3/data/ratis/8939fcfb-0163-4cc5-be7c-07fceb61da39/in_use.lock acquired by nodename 24290@pr-hdds-2161-42js2-1613171706
2019-09-21 03:24:31,968 [pool-529-thread-1] INFO  storage.RaftStorage (RaftStorage.java:format(72)) - Storage directory /workdir/hadoop-ozone/integration-test/target/test-dir/MiniOzoneClusterImpl-e366364a-480d-4d7a-97c1-516fb7a6c1d7/datanode-3/data/ratis/8939fcfb-0163-4cc5-be7c-07fceb61da39 has been successfully formatted.
2019-09-21 03:24:31,968 [pool-529-thread-1] INFO  ratis.ContainerStateMachine (ContainerStateMachine.java:loadSnapshot(230)) - group-07FCEB61DA39: The snapshot info is null. Setting the last applied indexto:(t:0, i:~)
2019-09-21 03:24:31,969 [pool-529-thread-1] INFO  server.RaftServerConfigKeys (ConfUtils.java:logGet(43)) - raft.server.notification.no-leader.timeout = 120s (custom)
2019-09-21 03:24:31,969 [pool-529-thread-1] INFO  server.RaftServerConfigKeys (ConfUtils.java:logGet(43)) - raft.server.log.use.memory = false (default)
2019-09-21 03:24:31,969 [pool-529-thread-1] INFO  server.RaftServerConfigKeys (ConfUtils.java:logGet(43)) - raft.server.log.purge.gap = 1000000 (custom)
2019-09-21 03:24:31,969 [pool-529-thread-1] INFO  server.RaftServerConfigKeys (ConfUtils.java:logGet(43)) - raft.server.log.appender.buffer.byte-limit = 33554432 (custom)
2019-09-21 03:24:31,969 [pool-529-thread-1] INFO  server.RaftServerConfigKeys (ConfUtils.java:logGet(43)) - raft.server.log.segment.size.max = 1048576 (custom)
2019-09-21 03:24:31,969 [pool-529-thread-1] INFO  server.RaftServerConfigKeys (ConfUtils.java:logGet(43)) - raft.server.log.segment.cache.num.max = 2 (custom)
2019-09-21 03:24:31,970 [pool-529-thread-1] INFO  segmented.SegmentedRaftLogWorker (SegmentedRaftLogWorker.java:<init>(172)) - new c3d1d526-9aa3-46c6-a575-dac81e178c8f@group-07FCEB61DA39-SegmentedRaftLogWorker for RaftStorage:Storage Directory /workdir/hadoop-ozone/integration-test/target/test-dir/MiniOzoneClusterImpl-e366364a-480d-4d7a-97c1-516fb7a6c1d7/datanode-3/data/ratis/8939fcfb-0163-4cc5-be7c-07fceb61da39
2019-09-21 03:24:31,971 [pool-529-thread-1] INFO  server.RaftServerConfigKeys (ConfUtils.java:logGet(43)) - raft.server.log.queue.byte-limit = 2147483647 (custom)
2019-09-21 03:24:31,971 [pool-529-thread-1] INFO  server.RaftServerConfigKeys (ConfUtils.java:logGet(43)) - raft.server.log.queue.element-limit = 1024 (custom)
2019-09-21 03:24:31,972 [pool-529-thread-1] INFO  server.RaftServerConfigKeys (ConfUtils.java:logGet(43)) - raft.server.log.segment.size.max = 1048576 (custom)
2019-09-21 03:24:31,972 [pool-529-thread-1] INFO  server.RaftServerConfigKeys (ConfUtils.java:logGet(43)) - raft.server.log.preallocated.size = 16384 (custom)
2019-09-21 03:24:31,972 [pool-529-thread-1] INFO  server.RaftServerConfigKeys (ConfUtils.java:logGet(43)) - raft.server.log.write.buffer.size = 33554432 (custom)
2019-09-21 03:24:31,972 [pool-529-thread-1] INFO  server.RaftServerConfigKeys (ConfUtils.java:logGet(43)) - raft.server.log.force.sync.num = 128 (default)
2019-09-21 03:24:31,972 [pool-529-thread-1] INFO  server.RaftServerConfigKeys (ConfUtils.java:logGet(43)) - raft.server.log.statemachine.data.sync = true (default)
2019-09-21 03:24:31,972 [pool-529-thread-1] INFO  server.RaftServerConfigKeys (ConfUtils.java:logGet(43)) - raft.server.log.statemachine.data.sync.timeout = 10s (default)
2019-09-21 03:24:31,973 [pool-529-thread-1] INFO  server.RaftServerConfigKeys (ConfUtils.java:logGet(43)) - raft.server.log.statemachine.data.sync.timeout.retry = -1 (default)
2019-09-21 03:24:31,973 [pool-529-thread-1] INFO  server.RaftServerConfigKeys (ConfUtils.java:logGet(43)) - raft.server.log.statemachine.data.caching.enabled = true (custom)
2019-09-21 03:24:31,973 [IPC Server handler 1 on 46376] INFO  net.NetworkTopology (NetworkTopologyImpl.java:add(111)) - Added a new node: /default-rack/8345bb8e-806e-4c3e-9708-711872905d0a
2019-09-21 03:24:31,973 [pool-529-thread-1] INFO  segmented.SegmentedRaftLogWorker (SegmentedRaftLogWorker.java:lambda$new$0(132)) - c3d1d526-9aa3-46c6-a575-dac81e178c8f@group-07FCEB61DA39-SegmentedRaftLogWorker: flushIndex: setUnconditionally 0 -> -1
2019-09-21 03:24:31,973 [IPC Server handler 1 on 46376] INFO  node.SCMNodeManager (SCMNodeManager.java:register(266)) - Registered Data node : 8345bb8e-806e-4c3e-9708-711872905d0a{ip: 192.168.36.122, host: pr-hdds-2161-42js2-1613171706, networkLocation: /default-rack, certSerialId: null}
2019-09-21 03:24:31,973 [main] INFO  ozone.MiniOzoneClusterImpl (MiniOzoneClusterImpl.java:lambda$waitForClusterToBeReady$0(147)) - Cluster is ready. Got 7 of 7 DN Heartbeats.
2019-09-21 03:24:31,974 [pool-529-thread-1] INFO  server.RaftServerConfigKeys (ConfUtils.java:logGet(43)) - raft.server.snapshot.auto.trigger.enabled = true (custom)
2019-09-21 03:24:31,974 [pool-529-thread-1] INFO  server.RaftServerConfigKeys (ConfUtils.java:logGet(43)) - raft.server.snapshot.auto.trigger.threshold = 10000 (custom)
2019-09-21 03:24:31,974 [pool-529-thread-1] INFO  server.RaftServerConfigKeys (ConfUtils.java:logGet(43)) - raft.server.snapshot.retention.num.files = 5 (custom)
2019-09-21 03:24:31,974 [pool-529-thread-1] INFO  server.RaftServerConfigKeys (ConfUtils.java:logGet(43)) - raft.server.retrycache.expirytime = 600000ms (custom)
2019-09-21 03:24:31,976 [pool-529-thread-1] INFO  impl.RaftServerImpl (RaftServerImpl.java:start(185)) - c3d1d526-9aa3-46c6-a575-dac81e178c8f@group-07FCEB61DA39: start as a follower, conf=-1: [c3d1d526-9aa3-46c6-a575-dac81e178c8f:192.168.36.122:36656], old=null
2019-09-21 03:24:31,976 [pool-529-thread-1] INFO  impl.RaftServerImpl (RaftServerImpl.java:setRole(174)) - c3d1d526-9aa3-46c6-a575-dac81e178c8f@group-07FCEB61DA39: changes role from      null to FOLLOWER at term 0 for startAsFollower
2019-09-21 03:24:31,976 [pool-529-thread-1] INFO  impl.RoleInfo (RoleInfo.java:updateAndGet(143)) - c3d1d526-9aa3-46c6-a575-dac81e178c8f: start FollowerState
2019-09-21 03:24:31,977 [pool-529-thread-1] INFO  util.JmxRegister (JmxRegister.java:tryRegister(44)) - Successfully registered JMX Bean with object name Ratis:service=RaftServer,group=group-07FCEB61DA39,id=c3d1d526-9aa3-46c6-a575-dac81e178c8f
2019-09-21 03:24:31,985 [RatisPipelineUtilsThread] INFO  pipeline.PipelineStateManager (PipelineStateManager.java:addPipeline(56)) - Created pipeline Pipeline[ Id: 8939fcfb-0163-4cc5-be7c-07fceb61da39, Nodes: c3d1d526-9aa3-46c6-a575-dac81e178c8f{ip: 192.168.36.122, host: pr-hdds-2161-42js2-1613171706, networkLocation: /default-rack, certSerialId: null}, Type:RATIS, Factor:ONE, State:OPEN]
2019-09-21 03:24:32,006 [grpc-default-executor-6] INFO  impl.RaftServerProxy (RaftServerProxy.java:addNew(89)) - 8345bb8e-806e-4c3e-9708-711872905d0a: addNew group-18D45196863A:[8345bb8e-806e-4c3e-9708-711872905d0a:192.168.36.122:43113] returns group-18D45196863A:java.util.concurrent.CompletableFuture@55503063[Not completed]
2019-09-21 03:24:32,009 [pool-559-thread-1] INFO  impl.RaftServerImpl (RaftServerImpl.java:<init>(95)) - 8345bb8e-806e-4c3e-9708-711872905d0a: new RaftServerImpl for group-18D45196863A:[8345bb8e-806e-4c3e-9708-711872905d0a:192.168.36.122:43113] with ContainerStateMachine:uninitialized
2019-09-21 03:24:32,009 [pool-559-thread-1] INFO  server.RaftServerConfigKeys (ConfUtils.java:logGet(43)) - raft.server.rpc.timeout.min = 5s (custom)
2019-09-21 03:24:32,009 [pool-559-thread-1] INFO  server.RaftServerConfigKeys (ConfUtils.java:logGet(43)) - raft.server.rpc.timeout.max = 5200ms (custom)
2019-09-21 03:24:32,009 [main] INFO  rpc.RpcClient (RpcClient.java:createVolume(276)) - Creating Volume: testblockoutputstream, with jenkins1000 as owner.
2019-09-21 03:24:32,009 [pool-559-thread-1] INFO  server.RaftServerConfigKeys (ConfUtils.java:logGet(43)) - raft.server.rpcslowness.timeout = 120s (custom)
2019-09-21 03:24:32,010 [pool-559-thread-1] INFO  server.RaftServerConfigKeys (ConfUtils.java:logGet(43)) - raft.server.sleep.deviation.threshold = 300 (default)
2019-09-21 03:24:32,010 [pool-559-thread-1] INFO  server.RaftServerConfigKeys (ConfUtils.java:logGet(43)) - raft.server.log.appender.install.snapshot.enabled = false (custom)
2019-09-21 03:24:32,010 [pool-559-thread-1] INFO  impl.RaftServerImpl (ServerState.java:<init>(103)) - 8345bb8e-806e-4c3e-9708-711872905d0a@group-18D45196863A: ConfigurationManager, init=-1: [8345bb8e-806e-4c3e-9708-711872905d0a:192.168.36.122:43113], old=null, confs=<EMPTY_MAP>
2019-09-21 03:24:32,010 [pool-559-thread-1] INFO  server.RaftServerConfigKeys (ConfUtils.java:logGet(43)) - raft.server.storage.dir = [/workdir/hadoop-ozone/integration-test/target/test-dir/MiniOzoneClusterImpl-e366364a-480d-4d7a-97c1-516fb7a6c1d7/datanode-6/data/ratis] (custom)
2019-09-21 03:24:32,010 [pool-559-thread-1] INFO  storage.RaftStorageDirectory (RaftStorageDirectory.java:analyzeStorage(246)) - The storage directory /workdir/hadoop-ozone/integration-test/target/test-dir/MiniOzoneClusterImpl-e366364a-480d-4d7a-97c1-516fb7a6c1d7/datanode-6/data/ratis/24d05e7c-dbfb-4cd5-a2a6-18d45196863a does not exist. Creating ...
2019-09-21 03:24:32,013 [IPC Server handler 1 on 39881] INFO  volume.OMVolumeCreateRequest (OMVolumeCreateRequest.java:validateAndUpdateCache(189)) - created volume:testblockoutputstream for user:jenkins1000
2019-09-21 03:24:32,023 [main] INFO  rpc.RpcClient (RpcClient.java:createBucket(415)) - Creating Bucket: testblockoutputstream/testblockoutputstream, with Versioning false and Storage Type set to DISK and Encryption set to false 
2019-09-21 03:24:32,027 [pool-559-thread-1] INFO  storage.RaftStorageDirectory (RaftStorageDirectory.java:tryLock(328)) - Lock on /workdir/hadoop-ozone/integration-test/target/test-dir/MiniOzoneClusterImpl-e366364a-480d-4d7a-97c1-516fb7a6c1d7/datanode-6/data/ratis/24d05e7c-dbfb-4cd5-a2a6-18d45196863a/in_use.lock acquired by nodename 24290@pr-hdds-2161-42js2-1613171706
2019-09-21 03:24:32,040 [pool-559-thread-1] INFO  storage.RaftStorage (RaftStorage.java:format(72)) - Storage directory /workdir/hadoop-ozone/integration-test/target/test-dir/MiniOzoneClusterImpl-e366364a-480d-4d7a-97c1-516fb7a6c1d7/datanode-6/data/ratis/24d05e7c-dbfb-4cd5-a2a6-18d45196863a has been successfully formatted.
2019-09-21 03:24:32,040 [pool-559-thread-1] INFO  ratis.ContainerStateMachine (ContainerStateMachine.java:loadSnapshot(230)) - group-18D45196863A: The snapshot info is null. Setting the last applied indexto:(t:0, i:~)
2019-09-21 03:24:32,040 [pool-559-thread-1] INFO  server.RaftServerConfigKeys (ConfUtils.java:logGet(43)) - raft.server.notification.no-leader.timeout = 120s (custom)
2019-09-21 03:24:32,041 [pool-559-thread-1] INFO  server.RaftServerConfigKeys (ConfUtils.java:logGet(43)) - raft.server.log.use.memory = false (default)
2019-09-21 03:24:32,041 [pool-559-thread-1] INFO  server.RaftServerConfigKeys (ConfUtils.java:logGet(43)) - raft.server.log.purge.gap = 1000000 (custom)
2019-09-21 03:24:32,041 [pool-559-thread-1] INFO  server.RaftServerConfigKeys (ConfUtils.java:logGet(43)) - raft.server.log.appender.buffer.byte-limit = 33554432 (custom)
2019-09-21 03:24:32,041 [pool-559-thread-1] INFO  server.RaftServerConfigKeys (ConfUtils.java:logGet(43)) - raft.server.log.segment.size.max = 1048576 (custom)
2019-09-21 03:24:32,041 [pool-559-thread-1] INFO  server.RaftServerConfigKeys (ConfUtils.java:logGet(43)) - raft.server.log.segment.cache.num.max = 2 (custom)
2019-09-21 03:24:32,041 [pool-559-thread-1] INFO  segmented.SegmentedRaftLogWorker (SegmentedRaftLogWorker.java:<init>(172)) - new 8345bb8e-806e-4c3e-9708-711872905d0a@group-18D45196863A-SegmentedRaftLogWorker for RaftStorage:Storage Directory /workdir/hadoop-ozone/integration-test/target/test-dir/MiniOzoneClusterImpl-e366364a-480d-4d7a-97c1-516fb7a6c1d7/datanode-6/data/ratis/24d05e7c-dbfb-4cd5-a2a6-18d45196863a
2019-09-21 03:24:32,043 [pool-559-thread-1] INFO  server.RaftServerConfigKeys (ConfUtils.java:logGet(43)) - raft.server.log.queue.byte-limit = 2147483647 (custom)
2019-09-21 03:24:32,043 [pool-559-thread-1] INFO  server.RaftServerConfigKeys (ConfUtils.java:logGet(43)) - raft.server.log.queue.element-limit = 1024 (custom)
2019-09-21 03:24:32,043 [pool-559-thread-1] INFO  server.RaftServerConfigKeys (ConfUtils.java:logGet(43)) - raft.server.log.segment.size.max = 1048576 (custom)
2019-09-21 03:24:32,043 [pool-559-thread-1] INFO  server.RaftServerConfigKeys (ConfUtils.java:logGet(43)) - raft.server.log.preallocated.size = 16384 (custom)
2019-09-21 03:24:32,044 [pool-559-thread-1] INFO  server.RaftServerConfigKeys (ConfUtils.java:logGet(43)) - raft.server.log.write.buffer.size = 33554432 (custom)
2019-09-21 03:24:32,044 [pool-559-thread-1] INFO  server.RaftServerConfigKeys (ConfUtils.java:logGet(43)) - raft.server.log.force.sync.num = 128 (default)
2019-09-21 03:24:32,044 [pool-559-thread-1] INFO  server.RaftServerConfigKeys (ConfUtils.java:logGet(43)) - raft.server.log.statemachine.data.sync = true (default)
2019-09-21 03:24:32,044 [pool-559-thread-1] INFO  server.RaftServerConfigKeys (ConfUtils.java:logGet(43)) - raft.server.log.statemachine.data.sync.timeout = 10s (default)
2019-09-21 03:24:32,044 [pool-559-thread-1] INFO  server.RaftServerConfigKeys (ConfUtils.java:logGet(43)) - raft.server.log.statemachine.data.sync.timeout.retry = -1 (default)
2019-09-21 03:24:32,045 [pool-559-thread-1] INFO  server.RaftServerConfigKeys (ConfUtils.java:logGet(43)) - raft.server.log.statemachine.data.caching.enabled = true (custom)
2019-09-21 03:24:32,045 [pool-559-thread-1] INFO  segmented.SegmentedRaftLogWorker (SegmentedRaftLogWorker.java:lambda$new$0(132)) - 8345bb8e-806e-4c3e-9708-711872905d0a@group-18D45196863A-SegmentedRaftLogWorker: flushIndex: setUnconditionally 0 -> -1
2019-09-21 03:24:32,045 [pool-559-thread-1] INFO  server.RaftServerConfigKeys (ConfUtils.java:logGet(43)) - raft.server.snapshot.auto.trigger.enabled = true (custom)
2019-09-21 03:24:32,045 [pool-559-thread-1] INFO  server.RaftServerConfigKeys (ConfUtils.java:logGet(43)) - raft.server.snapshot.auto.trigger.threshold = 10000 (custom)
2019-09-21 03:24:32,045 [pool-559-thread-1] INFO  server.RaftServerConfigKeys (ConfUtils.java:logGet(43)) - raft.server.snapshot.retention.num.files = 5 (custom)
2019-09-21 03:24:32,046 [pool-559-thread-1] INFO  server.RaftServerConfigKeys (ConfUtils.java:logGet(43)) - raft.server.retrycache.expirytime = 600000ms (custom)
2019-09-21 03:24:32,048 [pool-559-thread-1] INFO  impl.RaftServerImpl (RaftServerImpl.java:start(185)) - 8345bb8e-806e-4c3e-9708-711872905d0a@group-18D45196863A: start as a follower, conf=-1: [8345bb8e-806e-4c3e-9708-711872905d0a:192.168.36.122:43113], old=null
2019-09-21 03:24:32,048 [pool-559-thread-1] INFO  impl.RaftServerImpl (RaftServerImpl.java:setRole(174)) - 8345bb8e-806e-4c3e-9708-711872905d0a@group-18D45196863A: changes role from      null to FOLLOWER at term 0 for startAsFollower
2019-09-21 03:24:32,048 [pool-559-thread-1] INFO  impl.RoleInfo (RoleInfo.java:updateAndGet(143)) - 8345bb8e-806e-4c3e-9708-711872905d0a: start FollowerState
2019-09-21 03:24:32,048 [pool-559-thread-1] INFO  util.JmxRegister (JmxRegister.java:tryRegister(44)) - Successfully registered JMX Bean with object name Ratis:service=RaftServer,group=group-18D45196863A,id=8345bb8e-806e-4c3e-9708-711872905d0a
2019-09-21 03:24:32,050 [RatisPipelineUtilsThread] INFO  pipeline.PipelineStateManager (PipelineStateManager.java:addPipeline(56)) - Created pipeline Pipeline[ Id: 24d05e7c-dbfb-4cd5-a2a6-18d45196863a, Nodes: 8345bb8e-806e-4c3e-9708-711872905d0a{ip: 192.168.36.122, host: pr-hdds-2161-42js2-1613171706, networkLocation: /default-rack, certSerialId: null}, Type:RATIS, Factor:ONE, State:OPEN]
2019-09-21 03:24:32,055 [grpc-default-executor-6] INFO  impl.RaftServerProxy (RaftServerProxy.java:addNew(89)) - 4f26e124-4a53-42f7-856e-c1455948108d: addNew group-502A706D4820:[4f26e124-4a53-42f7-856e-c1455948108d:192.168.36.122:43602] returns group-502A706D4820:java.util.concurrent.CompletableFuture@5545bcff[Not completed]
2019-09-21 03:24:32,056 [pool-549-thread-1] INFO  impl.RaftServerImpl (RaftServerImpl.java:<init>(95)) - 4f26e124-4a53-42f7-856e-c1455948108d: new RaftServerImpl for group-502A706D4820:[4f26e124-4a53-42f7-856e-c1455948108d:192.168.36.122:43602] with ContainerStateMachine:uninitialized
2019-09-21 03:24:32,056 [pool-549-thread-1] INFO  server.RaftServerConfigKeys (ConfUtils.java:logGet(43)) - raft.server.rpc.timeout.min = 5s (custom)
2019-09-21 03:24:32,056 [pool-549-thread-1] INFO  server.RaftServerConfigKeys (ConfUtils.java:logGet(43)) - raft.server.rpc.timeout.max = 5200ms (custom)
2019-09-21 03:24:32,056 [pool-549-thread-1] INFO  server.RaftServerConfigKeys (ConfUtils.java:logGet(43)) - raft.server.rpcslowness.timeout = 120s (custom)
2019-09-21 03:24:32,056 [pool-549-thread-1] INFO  server.RaftServerConfigKeys (ConfUtils.java:logGet(43)) - raft.server.sleep.deviation.threshold = 300 (default)
2019-09-21 03:24:32,056 [pool-549-thread-1] INFO  server.RaftServerConfigKeys (ConfUtils.java:logGet(43)) - raft.server.log.appender.install.snapshot.enabled = false (custom)
2019-09-21 03:24:32,056 [pool-549-thread-1] INFO  impl.RaftServerImpl (ServerState.java:<init>(103)) - 4f26e124-4a53-42f7-856e-c1455948108d@group-502A706D4820: ConfigurationManager, init=-1: [4f26e124-4a53-42f7-856e-c1455948108d:192.168.36.122:43602], old=null, confs=<EMPTY_MAP>
2019-09-21 03:24:32,056 [pool-549-thread-1] INFO  server.RaftServerConfigKeys (ConfUtils.java:logGet(43)) - raft.server.storage.dir = [/workdir/hadoop-ozone/integration-test/target/test-dir/MiniOzoneClusterImpl-e366364a-480d-4d7a-97c1-516fb7a6c1d7/datanode-5/data/ratis] (custom)
2019-09-21 03:24:32,057 [pool-549-thread-1] INFO  storage.RaftStorageDirectory (RaftStorageDirectory.java:analyzeStorage(246)) - The storage directory /workdir/hadoop-ozone/integration-test/target/test-dir/MiniOzoneClusterImpl-e366364a-480d-4d7a-97c1-516fb7a6c1d7/datanode-5/data/ratis/1e05a050-b524-48bb-b29a-502a706d4820 does not exist. Creating ...
2019-09-21 03:24:32,072 [pool-549-thread-1] INFO  storage.RaftStorageDirectory (RaftStorageDirectory.java:tryLock(328)) - Lock on /workdir/hadoop-ozone/integration-test/target/test-dir/MiniOzoneClusterImpl-e366364a-480d-4d7a-97c1-516fb7a6c1d7/datanode-5/data/ratis/1e05a050-b524-48bb-b29a-502a706d4820/in_use.lock acquired by nodename 24290@pr-hdds-2161-42js2-1613171706
2019-09-21 03:24:32,087 [pool-549-thread-1] INFO  storage.RaftStorage (RaftStorage.java:format(72)) - Storage directory /workdir/hadoop-ozone/integration-test/target/test-dir/MiniOzoneClusterImpl-e366364a-480d-4d7a-97c1-516fb7a6c1d7/datanode-5/data/ratis/1e05a050-b524-48bb-b29a-502a706d4820 has been successfully formatted.
2019-09-21 03:24:32,087 [pool-549-thread-1] INFO  ratis.ContainerStateMachine (ContainerStateMachine.java:loadSnapshot(230)) - group-502A706D4820: The snapshot info is null. Setting the last applied indexto:(t:0, i:~)
2019-09-21 03:24:32,087 [pool-549-thread-1] INFO  server.RaftServerConfigKeys (ConfUtils.java:logGet(43)) - raft.server.notification.no-leader.timeout = 120s (custom)
2019-09-21 03:24:32,087 [pool-549-thread-1] INFO  server.RaftServerConfigKeys (ConfUtils.java:logGet(43)) - raft.server.log.use.memory = false (default)
2019-09-21 03:24:32,088 [pool-549-thread-1] INFO  server.RaftServerConfigKeys (ConfUtils.java:logGet(43)) - raft.server.log.purge.gap = 1000000 (custom)
2019-09-21 03:24:32,088 [pool-549-thread-1] INFO  server.RaftServerConfigKeys (ConfUtils.java:logGet(43)) - raft.server.log.appender.buffer.byte-limit = 33554432 (custom)
2019-09-21 03:24:32,088 [pool-549-thread-1] INFO  server.RaftServerConfigKeys (ConfUtils.java:logGet(43)) - raft.server.log.segment.size.max = 1048576 (custom)
2019-09-21 03:24:32,088 [pool-549-thread-1] INFO  server.RaftServerConfigKeys (ConfUtils.java:logGet(43)) - raft.server.log.segment.cache.num.max = 2 (custom)
2019-09-21 03:24:32,088 [pool-549-thread-1] INFO  segmented.SegmentedRaftLogWorker (SegmentedRaftLogWorker.java:<init>(172)) - new 4f26e124-4a53-42f7-856e-c1455948108d@group-502A706D4820-SegmentedRaftLogWorker for RaftStorage:Storage Directory /workdir/hadoop-ozone/integration-test/target/test-dir/MiniOzoneClusterImpl-e366364a-480d-4d7a-97c1-516fb7a6c1d7/datanode-5/data/ratis/1e05a050-b524-48bb-b29a-502a706d4820
2019-09-21 03:24:32,089 [pool-549-thread-1] INFO  server.RaftServerConfigKeys (ConfUtils.java:logGet(43)) - raft.server.log.queue.byte-limit = 2147483647 (custom)
2019-09-21 03:24:32,089 [pool-549-thread-1] INFO  server.RaftServerConfigKeys (ConfUtils.java:logGet(43)) - raft.server.log.queue.element-limit = 1024 (custom)
2019-09-21 03:24:32,089 [pool-549-thread-1] INFO  server.RaftServerConfigKeys (ConfUtils.java:logGet(43)) - raft.server.log.segment.size.max = 1048576 (custom)
2019-09-21 03:24:32,089 [pool-549-thread-1] INFO  server.RaftServerConfigKeys (ConfUtils.java:logGet(43)) - raft.server.log.preallocated.size = 16384 (custom)
2019-09-21 03:24:32,089 [pool-549-thread-1] INFO  server.RaftServerConfigKeys (ConfUtils.java:logGet(43)) - raft.server.log.write.buffer.size = 33554432 (custom)
2019-09-21 03:24:32,090 [pool-549-thread-1] INFO  server.RaftServerConfigKeys (ConfUtils.java:logGet(43)) - raft.server.log.force.sync.num = 128 (default)
2019-09-21 03:24:32,090 [pool-549-thread-1] INFO  server.RaftServerConfigKeys (ConfUtils.java:logGet(43)) - raft.server.log.statemachine.data.sync = true (default)
2019-09-21 03:24:32,090 [pool-549-thread-1] INFO  server.RaftServerConfigKeys (ConfUtils.java:logGet(43)) - raft.server.log.statemachine.data.sync.timeout = 10s (default)
2019-09-21 03:24:32,090 [pool-549-thread-1] INFO  server.RaftServerConfigKeys (ConfUtils.java:logGet(43)) - raft.server.log.statemachine.data.sync.timeout.retry = -1 (default)
2019-09-21 03:24:32,090 [pool-549-thread-1] INFO  server.RaftServerConfigKeys (ConfUtils.java:logGet(43)) - raft.server.log.statemachine.data.caching.enabled = true (custom)
2019-09-21 03:24:32,090 [pool-549-thread-1] INFO  segmented.SegmentedRaftLogWorker (SegmentedRaftLogWorker.java:lambda$new$0(132)) - 4f26e124-4a53-42f7-856e-c1455948108d@group-502A706D4820-SegmentedRaftLogWorker: flushIndex: setUnconditionally 0 -> -1
2019-09-21 03:24:32,090 [pool-549-thread-1] INFO  server.RaftServerConfigKeys (ConfUtils.java:logGet(43)) - raft.server.snapshot.auto.trigger.enabled = true (custom)
2019-09-21 03:24:32,091 [pool-549-thread-1] INFO  server.RaftServerConfigKeys (ConfUtils.java:logGet(43)) - raft.server.snapshot.auto.trigger.threshold = 10000 (custom)
2019-09-21 03:24:32,091 [pool-549-thread-1] INFO  server.RaftServerConfigKeys (ConfUtils.java:logGet(43)) - raft.server.snapshot.retention.num.files = 5 (custom)
2019-09-21 03:24:32,091 [pool-549-thread-1] INFO  server.RaftServerConfigKeys (ConfUtils.java:logGet(43)) - raft.server.retrycache.expirytime = 600000ms (custom)
2019-09-21 03:24:32,092 [pool-549-thread-1] INFO  impl.RaftServerImpl (RaftServerImpl.java:start(185)) - 4f26e124-4a53-42f7-856e-c1455948108d@group-502A706D4820: start as a follower, conf=-1: [4f26e124-4a53-42f7-856e-c1455948108d:192.168.36.122:43602], old=null
2019-09-21 03:24:32,092 [pool-549-thread-1] INFO  impl.RaftServerImpl (RaftServerImpl.java:setRole(174)) - 4f26e124-4a53-42f7-856e-c1455948108d@group-502A706D4820: changes role from      null to FOLLOWER at term 0 for startAsFollower
2019-09-21 03:24:32,092 [pool-549-thread-1] INFO  impl.RoleInfo (RoleInfo.java:updateAndGet(143)) - 4f26e124-4a53-42f7-856e-c1455948108d: start FollowerState
2019-09-21 03:24:32,092 [pool-549-thread-1] INFO  util.JmxRegister (JmxRegister.java:tryRegister(44)) - Successfully registered JMX Bean with object name Ratis:service=RaftServer,group=group-502A706D4820,id=4f26e124-4a53-42f7-856e-c1455948108d
2019-09-21 03:24:32,094 [RatisPipelineUtilsThread] INFO  pipeline.PipelineStateManager (PipelineStateManager.java:addPipeline(56)) - Created pipeline Pipeline[ Id: 1e05a050-b524-48bb-b29a-502a706d4820, Nodes: 4f26e124-4a53-42f7-856e-c1455948108d{ip: 192.168.36.122, host: pr-hdds-2161-42js2-1613171706, networkLocation: /default-rack, certSerialId: null}, Type:RATIS, Factor:ONE, State:OPEN]
2019-09-21 03:24:32,104 [grpc-default-executor-4] INFO  impl.RaftServerProxy (RaftServerProxy.java:addNew(89)) - 8345bb8e-806e-4c3e-9708-711872905d0a: addNew group-1FDBD0D5DDC9:[c3d1d526-9aa3-46c6-a575-dac81e178c8f:192.168.36.122:36656, 8345bb8e-806e-4c3e-9708-711872905d0a:192.168.36.122:43113, acf71cc8-0f6b-4f19-a234-fdd28175ad2e:192.168.36.122:40092] returns group-1FDBD0D5DDC9:java.util.concurrent.CompletableFuture@76279ed6[Not completed]
2019-09-21 03:24:32,104 [grpc-default-executor-6] INFO  impl.RaftServerProxy (RaftServerProxy.java:addNew(89)) - c3d1d526-9aa3-46c6-a575-dac81e178c8f: addNew group-1FDBD0D5DDC9:[c3d1d526-9aa3-46c6-a575-dac81e178c8f:192.168.36.122:36656, 8345bb8e-806e-4c3e-9708-711872905d0a:192.168.36.122:43113, acf71cc8-0f6b-4f19-a234-fdd28175ad2e:192.168.36.122:40092] returns group-1FDBD0D5DDC9:java.util.concurrent.CompletableFuture@600d229b[Not completed]
2019-09-21 03:24:32,107 [grpc-default-executor-7] INFO  impl.RaftServerProxy (RaftServerProxy.java:addNew(89)) - acf71cc8-0f6b-4f19-a234-fdd28175ad2e: addNew group-1FDBD0D5DDC9:[c3d1d526-9aa3-46c6-a575-dac81e178c8f:192.168.36.122:36656, 8345bb8e-806e-4c3e-9708-711872905d0a:192.168.36.122:43113, acf71cc8-0f6b-4f19-a234-fdd28175ad2e:192.168.36.122:40092] returns group-1FDBD0D5DDC9:java.util.concurrent.CompletableFuture@7735b74[Not completed]
2019-09-21 03:24:32,108 [pool-529-thread-1] INFO  impl.RaftServerImpl (RaftServerImpl.java:<init>(95)) - c3d1d526-9aa3-46c6-a575-dac81e178c8f: new RaftServerImpl for group-1FDBD0D5DDC9:[c3d1d526-9aa3-46c6-a575-dac81e178c8f:192.168.36.122:36656, 8345bb8e-806e-4c3e-9708-711872905d0a:192.168.36.122:43113, acf71cc8-0f6b-4f19-a234-fdd28175ad2e:192.168.36.122:40092] with ContainerStateMachine:uninitialized
2019-09-21 03:24:32,108 [pool-529-thread-1] INFO  server.RaftServerConfigKeys (ConfUtils.java:logGet(43)) - raft.server.rpc.timeout.min = 5s (custom)
2019-09-21 03:24:32,108 [pool-529-thread-1] INFO  server.RaftServerConfigKeys (ConfUtils.java:logGet(43)) - raft.server.rpc.timeout.max = 5200ms (custom)
2019-09-21 03:24:32,108 [pool-529-thread-1] INFO  server.RaftServerConfigKeys (ConfUtils.java:logGet(43)) - raft.server.rpcslowness.timeout = 120s (custom)
2019-09-21 03:24:32,108 [pool-529-thread-1] INFO  server.RaftServerConfigKeys (ConfUtils.java:logGet(43)) - raft.server.sleep.deviation.threshold = 300 (default)
2019-09-21 03:24:32,108 [pool-529-thread-1] INFO  server.RaftServerConfigKeys (ConfUtils.java:logGet(43)) - raft.server.log.appender.install.snapshot.enabled = false (custom)
2019-09-21 03:24:32,108 [pool-529-thread-1] INFO  impl.RaftServerImpl (ServerState.java:<init>(103)) - c3d1d526-9aa3-46c6-a575-dac81e178c8f@group-1FDBD0D5DDC9: ConfigurationManager, init=-1: [c3d1d526-9aa3-46c6-a575-dac81e178c8f:192.168.36.122:36656, 8345bb8e-806e-4c3e-9708-711872905d0a:192.168.36.122:43113, acf71cc8-0f6b-4f19-a234-fdd28175ad2e:192.168.36.122:40092], old=null, confs=<EMPTY_MAP>
2019-09-21 03:24:32,108 [pool-539-thread-1] INFO  impl.RaftServerImpl (RaftServerImpl.java:<init>(95)) - acf71cc8-0f6b-4f19-a234-fdd28175ad2e: new RaftServerImpl for group-1FDBD0D5DDC9:[c3d1d526-9aa3-46c6-a575-dac81e178c8f:192.168.36.122:36656, 8345bb8e-806e-4c3e-9708-711872905d0a:192.168.36.122:43113, acf71cc8-0f6b-4f19-a234-fdd28175ad2e:192.168.36.122:40092] with ContainerStateMachine:uninitialized
2019-09-21 03:24:32,108 [pool-529-thread-1] INFO  server.RaftServerConfigKeys (ConfUtils.java:logGet(43)) - raft.server.storage.dir = [/workdir/hadoop-ozone/integration-test/target/test-dir/MiniOzoneClusterImpl-e366364a-480d-4d7a-97c1-516fb7a6c1d7/datanode-3/data/ratis] (custom)
2019-09-21 03:24:32,109 [pool-539-thread-1] INFO  server.RaftServerConfigKeys (ConfUtils.java:logGet(43)) - raft.server.rpc.timeout.min = 5s (custom)
2019-09-21 03:24:32,109 [pool-539-thread-1] INFO  server.RaftServerConfigKeys (ConfUtils.java:logGet(43)) - raft.server.rpc.timeout.max = 5200ms (custom)
2019-09-21 03:24:32,109 [pool-529-thread-1] INFO  storage.RaftStorageDirectory (RaftStorageDirectory.java:analyzeStorage(246)) - The storage directory /workdir/hadoop-ozone/integration-test/target/test-dir/MiniOzoneClusterImpl-e366364a-480d-4d7a-97c1-516fb7a6c1d7/datanode-3/data/ratis/49e1f37a-ac98-4cf3-b391-1fdbd0d5ddc9 does not exist. Creating ...
2019-09-21 03:24:32,109 [pool-539-thread-1] INFO  server.RaftServerConfigKeys (ConfUtils.java:logGet(43)) - raft.server.rpcslowness.timeout = 120s (custom)
2019-09-21 03:24:32,109 [pool-559-thread-1] INFO  impl.RaftServerImpl (RaftServerImpl.java:<init>(95)) - 8345bb8e-806e-4c3e-9708-711872905d0a: new RaftServerImpl for group-1FDBD0D5DDC9:[c3d1d526-9aa3-46c6-a575-dac81e178c8f:192.168.36.122:36656, 8345bb8e-806e-4c3e-9708-711872905d0a:192.168.36.122:43113, acf71cc8-0f6b-4f19-a234-fdd28175ad2e:192.168.36.122:40092] with ContainerStateMachine:uninitialized
2019-09-21 03:24:32,109 [pool-539-thread-1] INFO  server.RaftServerConfigKeys (ConfUtils.java:logGet(43)) - raft.server.sleep.deviation.threshold = 300 (default)
2019-09-21 03:24:32,109 [pool-559-thread-1] INFO  server.RaftServerConfigKeys (ConfUtils.java:logGet(43)) - raft.server.rpc.timeout.min = 5s (custom)
2019-09-21 03:24:32,109 [pool-539-thread-1] INFO  server.RaftServerConfigKeys (ConfUtils.java:logGet(43)) - raft.server.log.appender.install.snapshot.enabled = false (custom)
2019-09-21 03:24:32,109 [pool-559-thread-1] INFO  server.RaftServerConfigKeys (ConfUtils.java:logGet(43)) - raft.server.rpc.timeout.max = 5200ms (custom)
2019-09-21 03:24:32,110 [pool-539-thread-1] INFO  impl.RaftServerImpl (ServerState.java:<init>(103)) - acf71cc8-0f6b-4f19-a234-fdd28175ad2e@group-1FDBD0D5DDC9: ConfigurationManager, init=-1: [c3d1d526-9aa3-46c6-a575-dac81e178c8f:192.168.36.122:36656, 8345bb8e-806e-4c3e-9708-711872905d0a:192.168.36.122:43113, acf71cc8-0f6b-4f19-a234-fdd28175ad2e:192.168.36.122:40092], old=null, confs=<EMPTY_MAP>
2019-09-21 03:24:32,110 [pool-559-thread-1] INFO  server.RaftServerConfigKeys (ConfUtils.java:logGet(43)) - raft.server.rpcslowness.timeout = 120s (custom)
2019-09-21 03:24:32,110 [pool-539-thread-1] INFO  server.RaftServerConfigKeys (ConfUtils.java:logGet(43)) - raft.server.storage.dir = [/workdir/hadoop-ozone/integration-test/target/test-dir/MiniOzoneClusterImpl-e366364a-480d-4d7a-97c1-516fb7a6c1d7/datanode-4/data/ratis] (custom)
2019-09-21 03:24:32,110 [pool-559-thread-1] INFO  server.RaftServerConfigKeys (ConfUtils.java:logGet(43)) - raft.server.sleep.deviation.threshold = 300 (default)
2019-09-21 03:24:32,110 [pool-559-thread-1] INFO  server.RaftServerConfigKeys (ConfUtils.java:logGet(43)) - raft.server.log.appender.install.snapshot.enabled = false (custom)
2019-09-21 03:24:32,110 [pool-539-thread-1] INFO  storage.RaftStorageDirectory (RaftStorageDirectory.java:analyzeStorage(246)) - The storage directory /workdir/hadoop-ozone/integration-test/target/test-dir/MiniOzoneClusterImpl-e366364a-480d-4d7a-97c1-516fb7a6c1d7/datanode-4/data/ratis/49e1f37a-ac98-4cf3-b391-1fdbd0d5ddc9 does not exist. Creating ...
2019-09-21 03:24:32,110 [pool-559-thread-1] INFO  impl.RaftServerImpl (ServerState.java:<init>(103)) - 8345bb8e-806e-4c3e-9708-711872905d0a@group-1FDBD0D5DDC9: ConfigurationManager, init=-1: [c3d1d526-9aa3-46c6-a575-dac81e178c8f:192.168.36.122:36656, 8345bb8e-806e-4c3e-9708-711872905d0a:192.168.36.122:43113, acf71cc8-0f6b-4f19-a234-fdd28175ad2e:192.168.36.122:40092], old=null, confs=<EMPTY_MAP>
2019-09-21 03:24:32,110 [pool-559-thread-1] INFO  server.RaftServerConfigKeys (ConfUtils.java:logGet(43)) - raft.server.storage.dir = [/workdir/hadoop-ozone/integration-test/target/test-dir/MiniOzoneClusterImpl-e366364a-480d-4d7a-97c1-516fb7a6c1d7/datanode-6/data/ratis] (custom)
2019-09-21 03:24:32,111 [pool-559-thread-1] INFO  storage.RaftStorageDirectory (RaftStorageDirectory.java:analyzeStorage(246)) - The storage directory /workdir/hadoop-ozone/integration-test/target/test-dir/MiniOzoneClusterImpl-e366364a-480d-4d7a-97c1-516fb7a6c1d7/datanode-6/data/ratis/49e1f37a-ac98-4cf3-b391-1fdbd0d5ddc9 does not exist. Creating ...
2019-09-21 03:24:32,122 [pool-529-thread-1] INFO  storage.RaftStorageDirectory (RaftStorageDirectory.java:tryLock(328)) - Lock on /workdir/hadoop-ozone/integration-test/target/test-dir/MiniOzoneClusterImpl-e366364a-480d-4d7a-97c1-516fb7a6c1d7/datanode-3/data/ratis/49e1f37a-ac98-4cf3-b391-1fdbd0d5ddc9/in_use.lock acquired by nodename 24290@pr-hdds-2161-42js2-1613171706
2019-09-21 03:24:32,122 [pool-559-thread-1] INFO  storage.RaftStorageDirectory (RaftStorageDirectory.java:tryLock(328)) - Lock on /workdir/hadoop-ozone/integration-test/target/test-dir/MiniOzoneClusterImpl-e366364a-480d-4d7a-97c1-516fb7a6c1d7/datanode-6/data/ratis/49e1f37a-ac98-4cf3-b391-1fdbd0d5ddc9/in_use.lock acquired by nodename 24290@pr-hdds-2161-42js2-1613171706
2019-09-21 03:24:32,122 [pool-539-thread-1] INFO  storage.RaftStorageDirectory (RaftStorageDirectory.java:tryLock(328)) - Lock on /workdir/hadoop-ozone/integration-test/target/test-dir/MiniOzoneClusterImpl-e366364a-480d-4d7a-97c1-516fb7a6c1d7/datanode-4/data/ratis/49e1f37a-ac98-4cf3-b391-1fdbd0d5ddc9/in_use.lock acquired by nodename 24290@pr-hdds-2161-42js2-1613171706
2019-09-21 03:24:32,135 [pool-529-thread-1] INFO  storage.RaftStorage (RaftStorage.java:format(72)) - Storage directory /workdir/hadoop-ozone/integration-test/target/test-dir/MiniOzoneClusterImpl-e366364a-480d-4d7a-97c1-516fb7a6c1d7/datanode-3/data/ratis/49e1f37a-ac98-4cf3-b391-1fdbd0d5ddc9 has been successfully formatted.
2019-09-21 03:24:32,135 [pool-539-thread-1] INFO  storage.RaftStorage (RaftStorage.java:format(72)) - Storage directory /workdir/hadoop-ozone/integration-test/target/test-dir/MiniOzoneClusterImpl-e366364a-480d-4d7a-97c1-516fb7a6c1d7/datanode-4/data/ratis/49e1f37a-ac98-4cf3-b391-1fdbd0d5ddc9 has been successfully formatted.
2019-09-21 03:24:32,135 [pool-559-thread-1] INFO  storage.RaftStorage (RaftStorage.java:format(72)) - Storage directory /workdir/hadoop-ozone/integration-test/target/test-dir/MiniOzoneClusterImpl-e366364a-480d-4d7a-97c1-516fb7a6c1d7/datanode-6/data/ratis/49e1f37a-ac98-4cf3-b391-1fdbd0d5ddc9 has been successfully formatted.
2019-09-21 03:24:32,136 [pool-559-thread-1] INFO  ratis.ContainerStateMachine (ContainerStateMachine.java:loadSnapshot(230)) - group-1FDBD0D5DDC9: The snapshot info is null. Setting the last applied indexto:(t:0, i:~)
2019-09-21 03:24:32,136 [pool-559-thread-1] INFO  server.RaftServerConfigKeys (ConfUtils.java:logGet(43)) - raft.server.notification.no-leader.timeout = 120s (custom)
2019-09-21 03:24:32,137 [pool-559-thread-1] INFO  server.RaftServerConfigKeys (ConfUtils.java:logGet(43)) - raft.server.log.use.memory = false (default)
2019-09-21 03:24:32,137 [pool-539-thread-1] INFO  ratis.ContainerStateMachine (ContainerStateMachine.java:loadSnapshot(230)) - group-1FDBD0D5DDC9: The snapshot info is null. Setting the last applied indexto:(t:0, i:~)
2019-09-21 03:24:32,137 [pool-559-thread-1] INFO  server.RaftServerConfigKeys (ConfUtils.java:logGet(43)) - raft.server.log.purge.gap = 1000000 (custom)
2019-09-21 03:24:32,137 [pool-539-thread-1] INFO  server.RaftServerConfigKeys (ConfUtils.java:logGet(43)) - raft.server.notification.no-leader.timeout = 120s (custom)
2019-09-21 03:24:32,137 [pool-529-thread-1] INFO  ratis.ContainerStateMachine (ContainerStateMachine.java:loadSnapshot(230)) - group-1FDBD0D5DDC9: The snapshot info is null. Setting the last applied indexto:(t:0, i:~)
2019-09-21 03:24:32,137 [pool-539-thread-1] INFO  server.RaftServerConfigKeys (ConfUtils.java:logGet(43)) - raft.server.log.use.memory = false (default)
2019-09-21 03:24:32,137 [pool-559-thread-1] INFO  server.RaftServerConfigKeys (ConfUtils.java:logGet(43)) - raft.server.log.appender.buffer.byte-limit = 33554432 (custom)
2019-09-21 03:24:32,137 [pool-539-thread-1] INFO  server.RaftServerConfigKeys (ConfUtils.java:logGet(43)) - raft.server.log.purge.gap = 1000000 (custom)
2019-09-21 03:24:32,138 [pool-539-thread-1] INFO  server.RaftServerConfigKeys (ConfUtils.java:logGet(43)) - raft.server.log.appender.buffer.byte-limit = 33554432 (custom)
2019-09-21 03:24:32,137 [pool-529-thread-1] INFO  server.RaftServerConfigKeys (ConfUtils.java:logGet(43)) - raft.server.notification.no-leader.timeout = 120s (custom)
2019-09-21 03:24:32,138 [pool-539-thread-1] INFO  server.RaftServerConfigKeys (ConfUtils.java:logGet(43)) - raft.server.log.segment.size.max = 1048576 (custom)
2019-09-21 03:24:32,137 [pool-559-thread-1] INFO  server.RaftServerConfigKeys (ConfUtils.java:logGet(43)) - raft.server.log.segment.size.max = 1048576 (custom)
2019-09-21 03:24:32,138 [pool-539-thread-1] INFO  server.RaftServerConfigKeys (ConfUtils.java:logGet(43)) - raft.server.log.segment.cache.num.max = 2 (custom)
2019-09-21 03:24:32,138 [pool-529-thread-1] INFO  server.RaftServerConfigKeys (ConfUtils.java:logGet(43)) - raft.server.log.use.memory = false (default)
2019-09-21 03:24:32,138 [pool-539-thread-1] INFO  segmented.SegmentedRaftLogWorker (SegmentedRaftLogWorker.java:<init>(172)) - new acf71cc8-0f6b-4f19-a234-fdd28175ad2e@group-1FDBD0D5DDC9-SegmentedRaftLogWorker for RaftStorage:Storage Directory /workdir/hadoop-ozone/integration-test/target/test-dir/MiniOzoneClusterImpl-e366364a-480d-4d7a-97c1-516fb7a6c1d7/datanode-4/data/ratis/49e1f37a-ac98-4cf3-b391-1fdbd0d5ddc9
2019-09-21 03:24:32,138 [pool-559-thread-1] INFO  server.RaftServerConfigKeys (ConfUtils.java:logGet(43)) - raft.server.log.segment.cache.num.max = 2 (custom)
2019-09-21 03:24:32,138 [pool-539-thread-1] INFO  server.RaftServerConfigKeys (ConfUtils.java:logGet(43)) - raft.server.log.queue.byte-limit = 2147483647 (custom)
2019-09-21 03:24:32,138 [pool-529-thread-1] INFO  server.RaftServerConfigKeys (ConfUtils.java:logGet(43)) - raft.server.log.purge.gap = 1000000 (custom)
2019-09-21 03:24:32,139 [pool-539-thread-1] INFO  server.RaftServerConfigKeys (ConfUtils.java:logGet(43)) - raft.server.log.queue.element-limit = 1024 (custom)
2019-09-21 03:24:32,139 [pool-559-thread-1] INFO  segmented.SegmentedRaftLogWorker (SegmentedRaftLogWorker.java:<init>(172)) - new 8345bb8e-806e-4c3e-9708-711872905d0a@group-1FDBD0D5DDC9-SegmentedRaftLogWorker for RaftStorage:Storage Directory /workdir/hadoop-ozone/integration-test/target/test-dir/MiniOzoneClusterImpl-e366364a-480d-4d7a-97c1-516fb7a6c1d7/datanode-6/data/ratis/49e1f37a-ac98-4cf3-b391-1fdbd0d5ddc9
2019-09-21 03:24:32,139 [pool-539-thread-1] INFO  server.RaftServerConfigKeys (ConfUtils.java:logGet(43)) - raft.server.log.segment.size.max = 1048576 (custom)
2019-09-21 03:24:32,139 [pool-529-thread-1] INFO  server.RaftServerConfigKeys (ConfUtils.java:logGet(43)) - raft.server.log.appender.buffer.byte-limit = 33554432 (custom)
2019-09-21 03:24:32,139 [pool-539-thread-1] INFO  server.RaftServerConfigKeys (ConfUtils.java:logGet(43)) - raft.server.log.preallocated.size = 16384 (custom)
2019-09-21 03:24:32,139 [pool-559-thread-1] INFO  server.RaftServerConfigKeys (ConfUtils.java:logGet(43)) - raft.server.log.queue.byte-limit = 2147483647 (custom)
2019-09-21 03:24:32,139 [pool-539-thread-1] INFO  server.RaftServerConfigKeys (ConfUtils.java:logGet(43)) - raft.server.log.write.buffer.size = 33554432 (custom)
2019-09-21 03:24:32,139 [pool-529-thread-1] INFO  server.RaftServerConfigKeys (ConfUtils.java:logGet(43)) - raft.server.log.segment.size.max = 1048576 (custom)
2019-09-21 03:24:32,140 [pool-539-thread-1] INFO  server.RaftServerConfigKeys (ConfUtils.java:logGet(43)) - raft.server.log.force.sync.num = 128 (default)
2019-09-21 03:24:32,140 [pool-539-thread-1] INFO  server.RaftServerConfigKeys (ConfUtils.java:logGet(43)) - raft.server.log.statemachine.data.sync = true (default)
2019-09-21 03:24:32,140 [pool-559-thread-1] INFO  server.RaftServerConfigKeys (ConfUtils.java:logGet(43)) - raft.server.log.queue.element-limit = 1024 (custom)
2019-09-21 03:24:32,140 [pool-539-thread-1] INFO  server.RaftServerConfigKeys (ConfUtils.java:logGet(43)) - raft.server.log.statemachine.data.sync.timeout = 10s (default)
2019-09-21 03:24:32,140 [pool-529-thread-1] INFO  server.RaftServerConfigKeys (ConfUtils.java:logGet(43)) - raft.server.log.segment.cache.num.max = 2 (custom)
2019-09-21 03:24:32,140 [pool-539-thread-1] INFO  server.RaftServerConfigKeys (ConfUtils.java:logGet(43)) - raft.server.log.statemachine.data.sync.timeout.retry = -1 (default)
2019-09-21 03:24:32,140 [pool-559-thread-1] INFO  server.RaftServerConfigKeys (ConfUtils.java:logGet(43)) - raft.server.log.segment.size.max = 1048576 (custom)
2019-09-21 03:24:32,141 [pool-539-thread-1] INFO  server.RaftServerConfigKeys (ConfUtils.java:logGet(43)) - raft.server.log.statemachine.data.caching.enabled = true (custom)
2019-09-21 03:24:32,140 [pool-529-thread-1] INFO  segmented.SegmentedRaftLogWorker (SegmentedRaftLogWorker.java:<init>(172)) - new c3d1d526-9aa3-46c6-a575-dac81e178c8f@group-1FDBD0D5DDC9-SegmentedRaftLogWorker for RaftStorage:Storage Directory /workdir/hadoop-ozone/integration-test/target/test-dir/MiniOzoneClusterImpl-e366364a-480d-4d7a-97c1-516fb7a6c1d7/datanode-3/data/ratis/49e1f37a-ac98-4cf3-b391-1fdbd0d5ddc9
2019-09-21 03:24:32,141 [pool-559-thread-1] INFO  server.RaftServerConfigKeys (ConfUtils.java:logGet(43)) - raft.server.log.preallocated.size = 16384 (custom)
2019-09-21 03:24:32,141 [pool-529-thread-1] INFO  server.RaftServerConfigKeys (ConfUtils.java:logGet(43)) - raft.server.log.queue.byte-limit = 2147483647 (custom)
2019-09-21 03:24:32,141 [pool-559-thread-1] INFO  server.RaftServerConfigKeys (ConfUtils.java:logGet(43)) - raft.server.log.write.buffer.size = 33554432 (custom)
2019-09-21 03:24:32,141 [pool-539-thread-1] INFO  segmented.SegmentedRaftLogWorker (SegmentedRaftLogWorker.java:lambda$new$0(132)) - acf71cc8-0f6b-4f19-a234-fdd28175ad2e@group-1FDBD0D5DDC9-SegmentedRaftLogWorker: flushIndex: setUnconditionally 0 -> -1
2019-09-21 03:24:32,141 [pool-529-thread-1] INFO  server.RaftServerConfigKeys (ConfUtils.java:logGet(43)) - raft.server.log.queue.element-limit = 1024 (custom)
2019-09-21 03:24:32,141 [pool-559-thread-1] INFO  server.RaftServerConfigKeys (ConfUtils.java:logGet(43)) - raft.server.log.force.sync.num = 128 (default)
2019-09-21 03:24:32,141 [pool-529-thread-1] INFO  server.RaftServerConfigKeys (ConfUtils.java:logGet(43)) - raft.server.log.segment.size.max = 1048576 (custom)
2019-09-21 03:24:32,142 [pool-539-thread-1] INFO  server.RaftServerConfigKeys (ConfUtils.java:logGet(43)) - raft.server.snapshot.auto.trigger.enabled = true (custom)
2019-09-21 03:24:32,142 [pool-559-thread-1] INFO  server.RaftServerConfigKeys (ConfUtils.java:logGet(43)) - raft.server.log.statemachine.data.sync = true (default)
2019-09-21 03:24:32,142 [pool-539-thread-1] INFO  server.RaftServerConfigKeys (ConfUtils.java:logGet(43)) - raft.server.snapshot.auto.trigger.threshold = 10000 (custom)
2019-09-21 03:24:32,142 [pool-529-thread-1] INFO  server.RaftServerConfigKeys (ConfUtils.java:logGet(43)) - raft.server.log.preallocated.size = 16384 (custom)
2019-09-21 03:24:32,142 [pool-539-thread-1] INFO  server.RaftServerConfigKeys (ConfUtils.java:logGet(43)) - raft.server.snapshot.retention.num.files = 5 (custom)
2019-09-21 03:24:32,142 [pool-559-thread-1] INFO  server.RaftServerConfigKeys (ConfUtils.java:logGet(43)) - raft.server.log.statemachine.data.sync.timeout = 10s (default)
2019-09-21 03:24:32,142 [pool-539-thread-1] INFO  server.RaftServerConfigKeys (ConfUtils.java:logGet(43)) - raft.server.retrycache.expirytime = 600000ms (custom)
2019-09-21 03:24:32,142 [pool-529-thread-1] INFO  server.RaftServerConfigKeys (ConfUtils.java:logGet(43)) - raft.server.log.write.buffer.size = 33554432 (custom)
2019-09-21 03:24:32,142 [pool-559-thread-1] INFO  server.RaftServerConfigKeys (ConfUtils.java:logGet(43)) - raft.server.log.statemachine.data.sync.timeout.retry = -1 (default)
2019-09-21 03:24:32,142 [pool-529-thread-1] INFO  server.RaftServerConfigKeys (ConfUtils.java:logGet(43)) - raft.server.log.force.sync.num = 128 (default)
2019-09-21 03:24:32,143 [pool-559-thread-1] INFO  server.RaftServerConfigKeys (ConfUtils.java:logGet(43)) - raft.server.log.statemachine.data.caching.enabled = true (custom)
2019-09-21 03:24:32,143 [pool-529-thread-1] INFO  server.RaftServerConfigKeys (ConfUtils.java:logGet(43)) - raft.server.log.statemachine.data.sync = true (default)
2019-09-21 03:24:32,143 [pool-529-thread-1] INFO  server.RaftServerConfigKeys (ConfUtils.java:logGet(43)) - raft.server.log.statemachine.data.sync.timeout = 10s (default)
2019-09-21 03:24:32,143 [pool-559-thread-1] INFO  segmented.SegmentedRaftLogWorker (SegmentedRaftLogWorker.java:lambda$new$0(132)) - 8345bb8e-806e-4c3e-9708-711872905d0a@group-1FDBD0D5DDC9-SegmentedRaftLogWorker: flushIndex: setUnconditionally 0 -> -1
2019-09-21 03:24:32,143 [pool-529-thread-1] INFO  server.RaftServerConfigKeys (ConfUtils.java:logGet(43)) - raft.server.log.statemachine.data.sync.timeout.retry = -1 (default)
2019-09-21 03:24:32,143 [pool-529-thread-1] INFO  server.RaftServerConfigKeys (ConfUtils.java:logGet(43)) - raft.server.log.statemachine.data.caching.enabled = true (custom)
2019-09-21 03:24:32,143 [pool-559-thread-1] INFO  server.RaftServerConfigKeys (ConfUtils.java:logGet(43)) - raft.server.snapshot.auto.trigger.enabled = true (custom)
2019-09-21 03:24:32,143 [pool-559-thread-1] INFO  server.RaftServerConfigKeys (ConfUtils.java:logGet(43)) - raft.server.snapshot.auto.trigger.threshold = 10000 (custom)
2019-09-21 03:24:32,143 [pool-529-thread-1] INFO  segmented.SegmentedRaftLogWorker (SegmentedRaftLogWorker.java:lambda$new$0(132)) - c3d1d526-9aa3-46c6-a575-dac81e178c8f@group-1FDBD0D5DDC9-SegmentedRaftLogWorker: flushIndex: setUnconditionally 0 -> -1
2019-09-21 03:24:32,144 [pool-559-thread-1] INFO  server.RaftServerConfigKeys (ConfUtils.java:logGet(43)) - raft.server.snapshot.retention.num.files = 5 (custom)
2019-09-21 03:24:32,144 [pool-559-thread-1] INFO  server.RaftServerConfigKeys (ConfUtils.java:logGet(43)) - raft.server.retrycache.expirytime = 600000ms (custom)
2019-09-21 03:24:32,144 [pool-529-thread-1] INFO  server.RaftServerConfigKeys (ConfUtils.java:logGet(43)) - raft.server.snapshot.auto.trigger.enabled = true (custom)
2019-09-21 03:24:32,144 [pool-529-thread-1] INFO  server.RaftServerConfigKeys (ConfUtils.java:logGet(43)) - raft.server.snapshot.auto.trigger.threshold = 10000 (custom)
2019-09-21 03:24:32,144 [pool-529-thread-1] INFO  server.RaftServerConfigKeys (ConfUtils.java:logGet(43)) - raft.server.snapshot.retention.num.files = 5 (custom)
2019-09-21 03:24:32,144 [pool-529-thread-1] INFO  server.RaftServerConfigKeys (ConfUtils.java:logGet(43)) - raft.server.retrycache.expirytime = 600000ms (custom)
2019-09-21 03:24:32,145 [pool-539-thread-1] INFO  impl.RaftServerImpl (RaftServerImpl.java:start(185)) - acf71cc8-0f6b-4f19-a234-fdd28175ad2e@group-1FDBD0D5DDC9: start as a follower, conf=-1: [c3d1d526-9aa3-46c6-a575-dac81e178c8f:192.168.36.122:36656, 8345bb8e-806e-4c3e-9708-711872905d0a:192.168.36.122:43113, acf71cc8-0f6b-4f19-a234-fdd28175ad2e:192.168.36.122:40092], old=null
2019-09-21 03:24:32,145 [pool-539-thread-1] INFO  impl.RaftServerImpl (RaftServerImpl.java:setRole(174)) - acf71cc8-0f6b-4f19-a234-fdd28175ad2e@group-1FDBD0D5DDC9: changes role from      null to FOLLOWER at term 0 for startAsFollower
2019-09-21 03:24:32,145 [pool-539-thread-1] INFO  impl.RoleInfo (RoleInfo.java:updateAndGet(143)) - acf71cc8-0f6b-4f19-a234-fdd28175ad2e: start FollowerState
2019-09-21 03:24:32,145 [pool-539-thread-1] INFO  util.JmxRegister (JmxRegister.java:tryRegister(44)) - Successfully registered JMX Bean with object name Ratis:service=RaftServer,group=group-1FDBD0D5DDC9,id=acf71cc8-0f6b-4f19-a234-fdd28175ad2e
2019-09-21 03:24:32,146 [pool-559-thread-1] INFO  impl.RaftServerImpl (RaftServerImpl.java:start(185)) - 8345bb8e-806e-4c3e-9708-711872905d0a@group-1FDBD0D5DDC9: start as a follower, conf=-1: [c3d1d526-9aa3-46c6-a575-dac81e178c8f:192.168.36.122:36656, 8345bb8e-806e-4c3e-9708-711872905d0a:192.168.36.122:43113, acf71cc8-0f6b-4f19-a234-fdd28175ad2e:192.168.36.122:40092], old=null
2019-09-21 03:24:32,146 [pool-559-thread-1] INFO  impl.RaftServerImpl (RaftServerImpl.java:setRole(174)) - 8345bb8e-806e-4c3e-9708-711872905d0a@group-1FDBD0D5DDC9: changes role from      null to FOLLOWER at term 0 for startAsFollower
2019-09-21 03:24:32,146 [pool-529-thread-1] INFO  impl.RaftServerImpl (RaftServerImpl.java:start(185)) - c3d1d526-9aa3-46c6-a575-dac81e178c8f@group-1FDBD0D5DDC9: start as a follower, conf=-1: [c3d1d526-9aa3-46c6-a575-dac81e178c8f:192.168.36.122:36656, 8345bb8e-806e-4c3e-9708-711872905d0a:192.168.36.122:43113, acf71cc8-0f6b-4f19-a234-fdd28175ad2e:192.168.36.122:40092], old=null
2019-09-21 03:24:32,146 [pool-559-thread-1] INFO  impl.RoleInfo (RoleInfo.java:updateAndGet(143)) - 8345bb8e-806e-4c3e-9708-711872905d0a: start FollowerState
2019-09-21 03:24:32,146 [pool-529-thread-1] INFO  impl.RaftServerImpl (RaftServerImpl.java:setRole(174)) - c3d1d526-9aa3-46c6-a575-dac81e178c8f@group-1FDBD0D5DDC9: changes role from      null to FOLLOWER at term 0 for startAsFollower
2019-09-21 03:24:32,147 [pool-529-thread-1] INFO  impl.RoleInfo (RoleInfo.java:updateAndGet(143)) - c3d1d526-9aa3-46c6-a575-dac81e178c8f: start FollowerState
2019-09-21 03:24:32,147 [pool-559-thread-1] INFO  util.JmxRegister (JmxRegister.java:tryRegister(44)) - Successfully registered JMX Bean with object name Ratis:service=RaftServer,group=group-1FDBD0D5DDC9,id=8345bb8e-806e-4c3e-9708-711872905d0a
2019-09-21 03:24:32,147 [pool-529-thread-1] INFO  util.JmxRegister (JmxRegister.java:tryRegister(44)) - Successfully registered JMX Bean with object name Ratis:service=RaftServer,group=group-1FDBD0D5DDC9,id=c3d1d526-9aa3-46c6-a575-dac81e178c8f
2019-09-21 03:24:32,149 [RatisPipelineUtilsThread] INFO  pipeline.PipelineStateManager (PipelineStateManager.java:addPipeline(56)) - Created pipeline Pipeline[ Id: 49e1f37a-ac98-4cf3-b391-1fdbd0d5ddc9, Nodes: acf71cc8-0f6b-4f19-a234-fdd28175ad2e{ip: 192.168.36.122, host: pr-hdds-2161-42js2-1613171706, networkLocation: /default-rack, certSerialId: null}8345bb8e-806e-4c3e-9708-711872905d0a{ip: 192.168.36.122, host: pr-hdds-2161-42js2-1613171706, networkLocation: /default-rack, certSerialId: null}c3d1d526-9aa3-46c6-a575-dac81e178c8f{ip: 192.168.36.122, host: pr-hdds-2161-42js2-1613171706, networkLocation: /default-rack, certSerialId: null}, Type:RATIS, Factor:THREE, State:OPEN]
2019-09-21 03:24:34,596 [Thread-3478] INFO  container.ReplicationManager (ReplicationManager.java:start(162)) - Starting Replication Monitor Thread.
2019-09-21 03:24:34,602 [ReplicationMonitor] INFO  container.ReplicationManager (ReplicationManager.java:run(225)) - Replication Monitor Thread took 1 milliseconds for processing 1 containers.
2019-09-21 03:24:36,830 [Thread-3480] INFO  impl.FollowerState (FollowerState.java:run(106)) - 5c850443-2394-4991-83c1-edacc95aa548:group-6A339F6D7555 changes to CANDIDATE, lastRpcTime:5183, electionTimeout:5183ms
2019-09-21 03:24:36,830 [Thread-3480] INFO  impl.RoleInfo (RoleInfo.java:shutdownFollowerState(121)) - 5c850443-2394-4991-83c1-edacc95aa548: shutdown FollowerState
2019-09-21 03:24:36,830 [Thread-3480] INFO  impl.RaftServerImpl (RaftServerImpl.java:setRole(174)) - 5c850443-2394-4991-83c1-edacc95aa548@group-6A339F6D7555: changes role from  FOLLOWER to CANDIDATE at term 0 for changeToCandidate
2019-09-21 03:24:36,831 [Thread-3480] INFO  impl.RoleInfo (RoleInfo.java:updateAndGet(143)) - 5c850443-2394-4991-83c1-edacc95aa548: start LeaderElection
2019-09-21 03:24:36,848 [Thread-3489] INFO  impl.FollowerState (FollowerState.java:run(106)) - 3c0d2216-17fa-4c3e-a525-6908efbd555c:group-30645CE406F3 changes to CANDIDATE, lastRpcTime:5054, electionTimeout:5054ms
2019-09-21 03:24:36,848 [Thread-3489] INFO  impl.RoleInfo (RoleInfo.java:shutdownFollowerState(121)) - 3c0d2216-17fa-4c3e-a525-6908efbd555c: shutdown FollowerState
2019-09-21 03:24:36,848 [Thread-3489] INFO  impl.RaftServerImpl (RaftServerImpl.java:setRole(174)) - 3c0d2216-17fa-4c3e-a525-6908efbd555c@group-30645CE406F3: changes role from  FOLLOWER to CANDIDATE at term 0 for changeToCandidate
2019-09-21 03:24:36,848 [Thread-3489] INFO  impl.RoleInfo (RoleInfo.java:updateAndGet(143)) - 3c0d2216-17fa-4c3e-a525-6908efbd555c: start LeaderElection
2019-09-21 03:24:36,855 [Thread-3483] INFO  impl.FollowerState (FollowerState.java:run(106)) - 77ce14fb-fb72-4a93-bc2b-6f1918656d29:group-D8279A07E3A0 changes to CANDIDATE, lastRpcTime:5175, electionTimeout:5175ms
2019-09-21 03:24:36,855 [Thread-3483] INFO  impl.RoleInfo (RoleInfo.java:shutdownFollowerState(121)) - 77ce14fb-fb72-4a93-bc2b-6f1918656d29: shutdown FollowerState
2019-09-21 03:24:36,855 [Thread-3483] INFO  impl.RaftServerImpl (RaftServerImpl.java:setRole(174)) - 77ce14fb-fb72-4a93-bc2b-6f1918656d29@group-D8279A07E3A0: changes role from  FOLLOWER to CANDIDATE at term 0 for changeToCandidate
2019-09-21 03:24:36,855 [Thread-3483] INFO  impl.RoleInfo (RoleInfo.java:updateAndGet(143)) - 77ce14fb-fb72-4a93-bc2b-6f1918656d29: start LeaderElection
2019-09-21 03:24:36,867 [3c0d2216-17fa-4c3e-a525-6908efbd555c@group-30645CE406F3:LeaderElection87] INFO  impl.LeaderElection (LeaderElection.java:askForVotes(182)) - 3c0d2216-17fa-4c3e-a525-6908efbd555c@group-30645CE406F3:LeaderElection87: begin an election at term 1 for -1: [77ce14fb-fb72-4a93-bc2b-6f1918656d29:192.168.36.122:42649, 5c850443-2394-4991-83c1-edacc95aa548:192.168.36.122:34461, 3c0d2216-17fa-4c3e-a525-6908efbd555c:192.168.36.122:32803], old=null
2019-09-21 03:24:36,867 [5c850443-2394-4991-83c1-edacc95aa548@group-6A339F6D7555:LeaderElection86] INFO  impl.LeaderElection (LeaderElection.java:askForVotes(182)) - 5c850443-2394-4991-83c1-edacc95aa548@group-6A339F6D7555:LeaderElection86: begin an election at term 1 for -1: [5c850443-2394-4991-83c1-edacc95aa548:192.168.36.122:34461], old=null
2019-09-21 03:24:36,868 [5c850443-2394-4991-83c1-edacc95aa548@group-6A339F6D7555:LeaderElection86] INFO  impl.RoleInfo (RoleInfo.java:shutdownLeaderElection(134)) - 5c850443-2394-4991-83c1-edacc95aa548: shutdown LeaderElection
2019-09-21 03:24:36,868 [5c850443-2394-4991-83c1-edacc95aa548@group-6A339F6D7555:LeaderElection86] INFO  impl.RaftServerImpl (RaftServerImpl.java:setRole(174)) - 5c850443-2394-4991-83c1-edacc95aa548@group-6A339F6D7555: changes role from CANDIDATE to LEADER at term 1 for changeToLeader
2019-09-21 03:24:36,868 [5c850443-2394-4991-83c1-edacc95aa548@group-6A339F6D7555:LeaderElection86] INFO  impl.RaftServerImpl (ServerState.java:setLeader(253)) - 5c850443-2394-4991-83c1-edacc95aa548@group-6A339F6D7555: change Leader from null to 5c850443-2394-4991-83c1-edacc95aa548 at term 1 for becomeLeader, leader elected after 5232ms
2019-09-21 03:24:36,868 [5c850443-2394-4991-83c1-edacc95aa548@group-6A339F6D7555:LeaderElection86] INFO  server.RaftServerConfigKeys (ConfUtils.java:logGet(43)) - raft.server.staging.catchup.gap = 1000 (default)
2019-09-21 03:24:36,868 [5c850443-2394-4991-83c1-edacc95aa548@group-6A339F6D7555:LeaderElection86] INFO  server.RaftServerConfigKeys (ConfUtils.java:logGet(43)) - raft.server.rpc.sleep.time = 25ms (default)
2019-09-21 03:24:36,869 [5c850443-2394-4991-83c1-edacc95aa548@group-6A339F6D7555:LeaderElection86] INFO  server.RaftServerConfigKeys (ConfUtils.java:logGet(43)) - raft.server.write.element-limit = 4096 (default)
2019-09-21 03:24:36,871 [77ce14fb-fb72-4a93-bc2b-6f1918656d29@group-D8279A07E3A0:LeaderElection88] INFO  impl.LeaderElection (LeaderElection.java:askForVotes(182)) - 77ce14fb-fb72-4a93-bc2b-6f1918656d29@group-D8279A07E3A0:LeaderElection88: begin an election at term 1 for -1: [77ce14fb-fb72-4a93-bc2b-6f1918656d29:192.168.36.122:42649], old=null
2019-09-21 03:24:36,871 [5c850443-2394-4991-83c1-edacc95aa548@group-6A339F6D7555:LeaderElection86] INFO  server.RaftServerConfigKeys (ConfUtils.java:logGet(43)) - raft.server.watch.timeout = 10s (default)
2019-09-21 03:24:36,871 [77ce14fb-fb72-4a93-bc2b-6f1918656d29@group-D8279A07E3A0:LeaderElection88] INFO  impl.RoleInfo (RoleInfo.java:shutdownLeaderElection(134)) - 77ce14fb-fb72-4a93-bc2b-6f1918656d29: shutdown LeaderElection
2019-09-21 03:24:36,872 [5c850443-2394-4991-83c1-edacc95aa548@group-6A339F6D7555:LeaderElection86] INFO  server.RaftServerConfigKeys (ConfUtils.java:logGet(43)) - raft.server.watch.timeout.denomination = 1s (default)
2019-09-21 03:24:36,872 [77ce14fb-fb72-4a93-bc2b-6f1918656d29@group-D8279A07E3A0:LeaderElection88] INFO  impl.RaftServerImpl (RaftServerImpl.java:setRole(174)) - 77ce14fb-fb72-4a93-bc2b-6f1918656d29@group-D8279A07E3A0: changes role from CANDIDATE to LEADER at term 1 for changeToLeader
2019-09-21 03:24:36,872 [5c850443-2394-4991-83c1-edacc95aa548@group-6A339F6D7555:LeaderElection86] INFO  server.RaftServerConfigKeys (ConfUtils.java:logGet(43)) - raft.server.watch.element-limit = 65536 (default)
2019-09-21 03:24:36,872 [77ce14fb-fb72-4a93-bc2b-6f1918656d29@group-D8279A07E3A0:LeaderElection88] INFO  impl.RaftServerImpl (ServerState.java:setLeader(253)) - 77ce14fb-fb72-4a93-bc2b-6f1918656d29@group-D8279A07E3A0: change Leader from null to 77ce14fb-fb72-4a93-bc2b-6f1918656d29 at term 1 for becomeLeader, leader elected after 5199ms
2019-09-21 03:24:36,872 [77ce14fb-fb72-4a93-bc2b-6f1918656d29@group-D8279A07E3A0:LeaderElection88] INFO  server.RaftServerConfigKeys (ConfUtils.java:logGet(43)) - raft.server.staging.catchup.gap = 1000 (default)
2019-09-21 03:24:36,872 [77ce14fb-fb72-4a93-bc2b-6f1918656d29@group-D8279A07E3A0:LeaderElection88] INFO  server.RaftServerConfigKeys (ConfUtils.java:logGet(43)) - raft.server.rpc.sleep.time = 25ms (default)
2019-09-21 03:24:36,872 [77ce14fb-fb72-4a93-bc2b-6f1918656d29@group-D8279A07E3A0:LeaderElection88] INFO  server.RaftServerConfigKeys (ConfUtils.java:logGet(43)) - raft.server.write.element-limit = 4096 (default)
2019-09-21 03:24:36,875 [Thread-3486] INFO  impl.FollowerState (FollowerState.java:run(106)) - 3c0d2216-17fa-4c3e-a525-6908efbd555c:group-D59A8C18AB47 changes to CANDIDATE, lastRpcTime:5120, electionTimeout:5119ms
2019-09-21 03:24:36,875 [77ce14fb-fb72-4a93-bc2b-6f1918656d29@group-D8279A07E3A0:LeaderElection88] INFO  server.RaftServerConfigKeys (ConfUtils.java:logGet(43)) - raft.server.watch.timeout = 10s (default)
2019-09-21 03:24:36,875 [77ce14fb-fb72-4a93-bc2b-6f1918656d29@group-D8279A07E3A0:LeaderElection88] INFO  server.RaftServerConfigKeys (ConfUtils.java:logGet(43)) - raft.server.watch.timeout.denomination = 1s (default)
2019-09-21 03:24:36,875 [Thread-3486] INFO  impl.RoleInfo (RoleInfo.java:shutdownFollowerState(121)) - 3c0d2216-17fa-4c3e-a525-6908efbd555c: shutdown FollowerState
2019-09-21 03:24:36,875 [77ce14fb-fb72-4a93-bc2b-6f1918656d29@group-D8279A07E3A0:LeaderElection88] INFO  server.RaftServerConfigKeys (ConfUtils.java:logGet(43)) - raft.server.watch.element-limit = 65536 (default)
2019-09-21 03:24:36,875 [Thread-3486] INFO  impl.RaftServerImpl (RaftServerImpl.java:setRole(174)) - 3c0d2216-17fa-4c3e-a525-6908efbd555c@group-D59A8C18AB47: changes role from  FOLLOWER to CANDIDATE at term 0 for changeToCandidate
2019-09-21 03:24:36,876 [Thread-3486] INFO  impl.RoleInfo (RoleInfo.java:updateAndGet(143)) - 3c0d2216-17fa-4c3e-a525-6908efbd555c: start LeaderElection
2019-09-21 03:24:36,892 [77ce14fb-fb72-4a93-bc2b-6f1918656d29@group-D8279A07E3A0:LeaderElection88] INFO  impl.RoleInfo (RoleInfo.java:updateAndGet(143)) - 77ce14fb-fb72-4a93-bc2b-6f1918656d29: start LeaderState
2019-09-21 03:24:36,892 [5c850443-2394-4991-83c1-edacc95aa548@group-6A339F6D7555:LeaderElection86] INFO  impl.RoleInfo (RoleInfo.java:updateAndGet(143)) - 5c850443-2394-4991-83c1-edacc95aa548: start LeaderState
2019-09-21 03:24:36,892 [77ce14fb-fb72-4a93-bc2b-6f1918656d29@group-D8279A07E3A0:LeaderElection88] INFO  segmented.SegmentedRaftLogWorker (SegmentedRaftLogWorker.java:startLogSegment(380)) - 77ce14fb-fb72-4a93-bc2b-6f1918656d29@group-D8279A07E3A0-SegmentedRaftLogWorker: Starting segment from index:0
2019-09-21 03:24:36,892 [5c850443-2394-4991-83c1-edacc95aa548@group-6A339F6D7555:LeaderElection86] INFO  segmented.SegmentedRaftLogWorker (SegmentedRaftLogWorker.java:startLogSegment(380)) - 5c850443-2394-4991-83c1-edacc95aa548@group-6A339F6D7555-SegmentedRaftLogWorker: Starting segment from index:0
2019-09-21 03:24:36,895 [77ce14fb-fb72-4a93-bc2b-6f1918656d29@group-D8279A07E3A0:LeaderElection88] INFO  impl.RaftServerImpl (ServerState.java:setRaftConf(354)) - 77ce14fb-fb72-4a93-bc2b-6f1918656d29@group-D8279A07E3A0: set configuration 0: [77ce14fb-fb72-4a93-bc2b-6f1918656d29:192.168.36.122:42649], old=null at 0
2019-09-21 03:24:36,895 [5c850443-2394-4991-83c1-edacc95aa548@group-6A339F6D7555:LeaderElection86] INFO  impl.RaftServerImpl (ServerState.java:setRaftConf(354)) - 5c850443-2394-4991-83c1-edacc95aa548@group-6A339F6D7555: set configuration 0: [5c850443-2394-4991-83c1-edacc95aa548:192.168.36.122:34461], old=null at 0
2019-09-21 03:24:36,928 [3c0d2216-17fa-4c3e-a525-6908efbd555c@group-D59A8C18AB47:LeaderElection89] INFO  impl.LeaderElection (LeaderElection.java:askForVotes(182)) - 3c0d2216-17fa-4c3e-a525-6908efbd555c@group-D59A8C18AB47:LeaderElection89: begin an election at term 1 for -1: [3c0d2216-17fa-4c3e-a525-6908efbd555c:192.168.36.122:32803], old=null
2019-09-21 03:24:36,929 [3c0d2216-17fa-4c3e-a525-6908efbd555c@group-D59A8C18AB47:LeaderElection89] INFO  impl.RoleInfo (RoleInfo.java:shutdownLeaderElection(134)) - 3c0d2216-17fa-4c3e-a525-6908efbd555c: shutdown LeaderElection
2019-09-21 03:24:36,929 [3c0d2216-17fa-4c3e-a525-6908efbd555c@group-D59A8C18AB47:LeaderElection89] INFO  impl.RaftServerImpl (RaftServerImpl.java:setRole(174)) - 3c0d2216-17fa-4c3e-a525-6908efbd555c@group-D59A8C18AB47: changes role from CANDIDATE to LEADER at term 1 for changeToLeader
2019-09-21 03:24:36,929 [3c0d2216-17fa-4c3e-a525-6908efbd555c@group-D59A8C18AB47:LeaderElection89] INFO  impl.RaftServerImpl (ServerState.java:setLeader(253)) - 3c0d2216-17fa-4c3e-a525-6908efbd555c@group-D59A8C18AB47: change Leader from null to 3c0d2216-17fa-4c3e-a525-6908efbd555c at term 1 for becomeLeader, leader elected after 5180ms
2019-09-21 03:24:36,932 [3c0d2216-17fa-4c3e-a525-6908efbd555c@group-D59A8C18AB47:LeaderElection89] INFO  server.RaftServerConfigKeys (ConfUtils.java:logGet(43)) - raft.server.staging.catchup.gap = 1000 (default)
2019-09-21 03:24:36,932 [3c0d2216-17fa-4c3e-a525-6908efbd555c@group-D59A8C18AB47:LeaderElection89] INFO  server.RaftServerConfigKeys (ConfUtils.java:logGet(43)) - raft.server.rpc.sleep.time = 25ms (default)
2019-09-21 03:24:36,932 [3c0d2216-17fa-4c3e-a525-6908efbd555c@group-D59A8C18AB47:LeaderElection89] INFO  server.RaftServerConfigKeys (ConfUtils.java:logGet(43)) - raft.server.write.element-limit = 4096 (default)
2019-09-21 03:24:36,932 [3c0d2216-17fa-4c3e-a525-6908efbd555c@group-D59A8C18AB47:LeaderElection89] INFO  server.RaftServerConfigKeys (ConfUtils.java:logGet(43)) - raft.server.watch.timeout = 10s (default)
2019-09-21 03:24:36,932 [3c0d2216-17fa-4c3e-a525-6908efbd555c@group-D59A8C18AB47:LeaderElection89] INFO  server.RaftServerConfigKeys (ConfUtils.java:logGet(43)) - raft.server.watch.timeout.denomination = 1s (default)
2019-09-21 03:24:36,932 [3c0d2216-17fa-4c3e-a525-6908efbd555c@group-D59A8C18AB47:LeaderElection89] INFO  server.RaftServerConfigKeys (ConfUtils.java:logGet(43)) - raft.server.watch.element-limit = 65536 (default)
2019-09-21 03:24:36,937 [3c0d2216-17fa-4c3e-a525-6908efbd555c@group-D59A8C18AB47:LeaderElection89] INFO  impl.RoleInfo (RoleInfo.java:updateAndGet(143)) - 3c0d2216-17fa-4c3e-a525-6908efbd555c: start LeaderState
2019-09-21 03:24:36,937 [3c0d2216-17fa-4c3e-a525-6908efbd555c@group-D59A8C18AB47:LeaderElection89] INFO  segmented.SegmentedRaftLogWorker (SegmentedRaftLogWorker.java:startLogSegment(380)) - 3c0d2216-17fa-4c3e-a525-6908efbd555c@group-D59A8C18AB47-SegmentedRaftLogWorker: Starting segment from index:0
2019-09-21 03:24:36,945 [grpc-default-executor-7] INFO  impl.RaftServerImpl (RaftServerImpl.java:setRole(174)) - 77ce14fb-fb72-4a93-bc2b-6f1918656d29@group-30645CE406F3: changes role from  FOLLOWER to FOLLOWER at term 1 for recognizeCandidate:3c0d2216-17fa-4c3e-a525-6908efbd555c
2019-09-21 03:24:36,946 [grpc-default-executor-7] INFO  impl.RoleInfo (RoleInfo.java:shutdownFollowerState(121)) - 77ce14fb-fb72-4a93-bc2b-6f1918656d29: shutdown FollowerState
2019-09-21 03:24:36,946 [grpc-default-executor-7] INFO  impl.RoleInfo (RoleInfo.java:updateAndGet(143)) - 77ce14fb-fb72-4a93-bc2b-6f1918656d29: start FollowerState
2019-09-21 03:24:36,945 [grpc-default-executor-6] INFO  impl.RaftServerImpl (RaftServerImpl.java:setRole(174)) - 5c850443-2394-4991-83c1-edacc95aa548@group-30645CE406F3: changes role from  FOLLOWER to FOLLOWER at term 1 for recognizeCandidate:3c0d2216-17fa-4c3e-a525-6908efbd555c
2019-09-21 03:24:36,946 [grpc-default-executor-6] INFO  impl.RoleInfo (RoleInfo.java:shutdownFollowerState(121)) - 5c850443-2394-4991-83c1-edacc95aa548: shutdown FollowerState
2019-09-21 03:24:36,945 [5c850443-2394-4991-83c1-edacc95aa548@group-6A339F6D7555-SegmentedRaftLogWorker] INFO  segmented.SegmentedRaftLogWorker (SegmentedRaftLogWorker.java:execute(569)) - 5c850443-2394-4991-83c1-edacc95aa548@group-6A339F6D7555-SegmentedRaftLogWorker: created new log segment /workdir/hadoop-ozone/integration-test/target/test-dir/MiniOzoneClusterImpl-e366364a-480d-4d7a-97c1-516fb7a6c1d7/datanode-0/data/ratis/24577fee-8565-45db-806f-6a339f6d7555/current/log_inprogress_0
2019-09-21 03:24:36,945 [77ce14fb-fb72-4a93-bc2b-6f1918656d29@group-D8279A07E3A0-SegmentedRaftLogWorker] INFO  segmented.SegmentedRaftLogWorker (SegmentedRaftLogWorker.java:execute(569)) - 77ce14fb-fb72-4a93-bc2b-6f1918656d29@group-D8279A07E3A0-SegmentedRaftLogWorker: created new log segment /workdir/hadoop-ozone/integration-test/target/test-dir/MiniOzoneClusterImpl-e366364a-480d-4d7a-97c1-516fb7a6c1d7/datanode-1/data/ratis/708bce1b-6f66-47ec-960b-d8279a07e3a0/current/log_inprogress_0
2019-09-21 03:24:36,947 [Thread-3493] INFO  impl.FollowerState (FollowerState.java:run(115)) - 5c850443-2394-4991-83c1-edacc95aa548: FollowerState was interrupted: java.lang.InterruptedException: sleep interrupted
2019-09-21 03:24:36,946 [grpc-default-executor-6] INFO  impl.RoleInfo (RoleInfo.java:updateAndGet(143)) - 5c850443-2394-4991-83c1-edacc95aa548: start FollowerState
2019-09-21 03:24:36,946 [Thread-3494] INFO  impl.FollowerState (FollowerState.java:run(115)) - 77ce14fb-fb72-4a93-bc2b-6f1918656d29: FollowerState was interrupted: java.lang.InterruptedException: sleep interrupted
2019-09-21 03:24:36,946 [3c0d2216-17fa-4c3e-a525-6908efbd555c@group-D59A8C18AB47:LeaderElection89] INFO  impl.RaftServerImpl (ServerState.java:setRaftConf(354)) - 3c0d2216-17fa-4c3e-a525-6908efbd555c@group-D59A8C18AB47: set configuration 0: [3c0d2216-17fa-4c3e-a525-6908efbd555c:192.168.36.122:32803], old=null at 0
2019-09-21 03:24:36,988 [3c0d2216-17fa-4c3e-a525-6908efbd555c@group-D59A8C18AB47-SegmentedRaftLogWorker] INFO  segmented.SegmentedRaftLogWorker (SegmentedRaftLogWorker.java:execute(569)) - 3c0d2216-17fa-4c3e-a525-6908efbd555c@group-D59A8C18AB47-SegmentedRaftLogWorker: created new log segment /workdir/hadoop-ozone/integration-test/target/test-dir/MiniOzoneClusterImpl-e366364a-480d-4d7a-97c1-516fb7a6c1d7/datanode-2/data/ratis/4a1473fd-3eb7-4728-a173-d59a8c18ab47/current/log_inprogress_0
2019-09-21 03:24:36,989 [3c0d2216-17fa-4c3e-a525-6908efbd555c@group-30645CE406F3:LeaderElection87] INFO  impl.LeaderElection (LeaderElection.java:logAndReturn(56)) - 3c0d2216-17fa-4c3e-a525-6908efbd555c@group-30645CE406F3:LeaderElection87: Election PASSED; received 1 response(s) [3c0d2216-17fa-4c3e-a525-6908efbd555c<-5c850443-2394-4991-83c1-edacc95aa548#0:OK-t1] and 0 exception(s); 3c0d2216-17fa-4c3e-a525-6908efbd555c@group-30645CE406F3:t1, leader=null, voted=3c0d2216-17fa-4c3e-a525-6908efbd555c, raftlog=3c0d2216-17fa-4c3e-a525-6908efbd555c@group-30645CE406F3-SegmentedRaftLog:OPENED:c-1,f-1,i0, conf=-1: [77ce14fb-fb72-4a93-bc2b-6f1918656d29:192.168.36.122:42649, 5c850443-2394-4991-83c1-edacc95aa548:192.168.36.122:34461, 3c0d2216-17fa-4c3e-a525-6908efbd555c:192.168.36.122:32803], old=null
2019-09-21 03:24:36,989 [3c0d2216-17fa-4c3e-a525-6908efbd555c@group-30645CE406F3:LeaderElection87] INFO  impl.RoleInfo (RoleInfo.java:shutdownLeaderElection(134)) - 3c0d2216-17fa-4c3e-a525-6908efbd555c: shutdown LeaderElection
2019-09-21 03:24:36,989 [3c0d2216-17fa-4c3e-a525-6908efbd555c@group-30645CE406F3:LeaderElection87] INFO  impl.RaftServerImpl (RaftServerImpl.java:setRole(174)) - 3c0d2216-17fa-4c3e-a525-6908efbd555c@group-30645CE406F3: changes role from CANDIDATE to LEADER at term 1 for changeToLeader
2019-09-21 03:24:36,989 [3c0d2216-17fa-4c3e-a525-6908efbd555c@group-30645CE406F3:LeaderElection87] INFO  impl.RaftServerImpl (ServerState.java:setLeader(253)) - 3c0d2216-17fa-4c3e-a525-6908efbd555c@group-30645CE406F3: change Leader from null to 3c0d2216-17fa-4c3e-a525-6908efbd555c at term 1 for becomeLeader, leader elected after 5201ms
2019-09-21 03:24:36,989 [3c0d2216-17fa-4c3e-a525-6908efbd555c@group-30645CE406F3:LeaderElection87] INFO  server.RaftServerConfigKeys (ConfUtils.java:logGet(43)) - raft.server.staging.catchup.gap = 1000 (default)
2019-09-21 03:24:36,989 [3c0d2216-17fa-4c3e-a525-6908efbd555c@group-30645CE406F3:LeaderElection87] INFO  server.RaftServerConfigKeys (ConfUtils.java:logGet(43)) - raft.server.rpc.sleep.time = 25ms (default)
2019-09-21 03:24:36,989 [3c0d2216-17fa-4c3e-a525-6908efbd555c@group-30645CE406F3:LeaderElection87] INFO  server.RaftServerConfigKeys (ConfUtils.java:logGet(43)) - raft.server.write.element-limit = 4096 (default)
2019-09-21 03:24:36,989 [3c0d2216-17fa-4c3e-a525-6908efbd555c@group-30645CE406F3:LeaderElection87] INFO  server.RaftServerConfigKeys (ConfUtils.java:logGet(43)) - raft.server.watch.timeout = 10s (default)
2019-09-21 03:24:36,990 [3c0d2216-17fa-4c3e-a525-6908efbd555c@group-30645CE406F3:LeaderElection87] INFO  server.RaftServerConfigKeys (ConfUtils.java:logGet(43)) - raft.server.watch.timeout.denomination = 1s (default)
2019-09-21 03:24:36,990 [3c0d2216-17fa-4c3e-a525-6908efbd555c@group-30645CE406F3:LeaderElection87] INFO  server.RaftServerConfigKeys (ConfUtils.java:logGet(43)) - raft.server.watch.element-limit = 65536 (default)
2019-09-21 03:24:36,991 [3c0d2216-17fa-4c3e-a525-6908efbd555c@group-30645CE406F3:LeaderElection87] INFO  server.RaftServerConfigKeys (ConfUtils.java:logGet(43)) - raft.server.log.appender.snapshot.chunk.size.max = 16MB (=16777216) (default)
2019-09-21 03:24:36,991 [3c0d2216-17fa-4c3e-a525-6908efbd555c@group-30645CE406F3:LeaderElection87] INFO  server.RaftServerConfigKeys (ConfUtils.java:logGet(43)) - raft.server.log.appender.buffer.byte-limit = 33554432 (custom)
2019-09-21 03:24:36,991 [3c0d2216-17fa-4c3e-a525-6908efbd555c@group-30645CE406F3:LeaderElection87] INFO  server.RaftServerConfigKeys (ConfUtils.java:logGet(43)) - raft.server.log.appender.buffer.element-limit = 1 (custom)
2019-09-21 03:24:36,991 [3c0d2216-17fa-4c3e-a525-6908efbd555c@group-30645CE406F3:LeaderElection87] INFO  grpc.GrpcConfigKeys$Server (ConfUtils.java:logGet(43)) - raft.grpc.server.leader.outstanding.appends.max = 128 (default)
2019-09-21 03:24:36,991 [3c0d2216-17fa-4c3e-a525-6908efbd555c@group-30645CE406F3:LeaderElection87] INFO  server.RaftServerConfigKeys (ConfUtils.java:logGet(43)) - raft.server.rpc.request.timeout = 3000ms (default)
2019-09-21 03:24:36,992 [3c0d2216-17fa-4c3e-a525-6908efbd555c@group-30645CE406F3:LeaderElection87] INFO  server.RaftServerConfigKeys (ConfUtils.java:logGet(43)) - raft.server.log.appender.install.snapshot.enabled = false (custom)
2019-09-21 03:24:36,992 [3c0d2216-17fa-4c3e-a525-6908efbd555c@group-30645CE406F3:LeaderElection87] INFO  server.RaftServerConfigKeys (ConfUtils.java:logGet(43)) - raft.server.log.appender.snapshot.chunk.size.max = 16MB (=16777216) (default)
2019-09-21 03:24:36,992 [3c0d2216-17fa-4c3e-a525-6908efbd555c@group-30645CE406F3:LeaderElection87] INFO  server.RaftServerConfigKeys (ConfUtils.java:logGet(43)) - raft.server.log.appender.buffer.byte-limit = 33554432 (custom)
2019-09-21 03:24:36,992 [3c0d2216-17fa-4c3e-a525-6908efbd555c@group-30645CE406F3:LeaderElection87] INFO  server.RaftServerConfigKeys (ConfUtils.java:logGet(43)) - raft.server.log.appender.buffer.element-limit = 1 (custom)
2019-09-21 03:24:36,992 [3c0d2216-17fa-4c3e-a525-6908efbd555c@group-30645CE406F3:LeaderElection87] INFO  grpc.GrpcConfigKeys$Server (ConfUtils.java:logGet(43)) - raft.grpc.server.leader.outstanding.appends.max = 128 (default)
2019-09-21 03:24:36,992 [3c0d2216-17fa-4c3e-a525-6908efbd555c@group-30645CE406F3:LeaderElection87] INFO  server.RaftServerConfigKeys (ConfUtils.java:logGet(43)) - raft.server.rpc.request.timeout = 3000ms (default)
2019-09-21 03:24:36,992 [3c0d2216-17fa-4c3e-a525-6908efbd555c@group-30645CE406F3:LeaderElection87] INFO  server.RaftServerConfigKeys (ConfUtils.java:logGet(43)) - raft.server.log.appender.install.snapshot.enabled = false (custom)
2019-09-21 03:24:36,992 [3c0d2216-17fa-4c3e-a525-6908efbd555c@group-30645CE406F3:LeaderElection87] INFO  impl.RoleInfo (RoleInfo.java:updateAndGet(143)) - 3c0d2216-17fa-4c3e-a525-6908efbd555c: start LeaderState
2019-09-21 03:24:36,993 [3c0d2216-17fa-4c3e-a525-6908efbd555c@group-30645CE406F3:LeaderElection87] INFO  segmented.SegmentedRaftLogWorker (SegmentedRaftLogWorker.java:startLogSegment(380)) - 3c0d2216-17fa-4c3e-a525-6908efbd555c@group-30645CE406F3-SegmentedRaftLogWorker: Starting segment from index:0
2019-09-21 03:24:36,993 [3c0d2216-17fa-4c3e-a525-6908efbd555c@group-30645CE406F3:LeaderElection87] INFO  impl.RaftServerImpl (ServerState.java:setRaftConf(354)) - 3c0d2216-17fa-4c3e-a525-6908efbd555c@group-30645CE406F3: set configuration 0: [77ce14fb-fb72-4a93-bc2b-6f1918656d29:192.168.36.122:42649, 5c850443-2394-4991-83c1-edacc95aa548:192.168.36.122:34461, 3c0d2216-17fa-4c3e-a525-6908efbd555c:192.168.36.122:32803], old=null at 0
2019-09-21 03:24:36,994 [grpc-default-executor-7] INFO  impl.RaftServerImpl (ServerState.java:setLeader(253)) - 77ce14fb-fb72-4a93-bc2b-6f1918656d29@group-30645CE406F3: change Leader from null to 3c0d2216-17fa-4c3e-a525-6908efbd555c at term 1 for appendEntries, leader elected after 5206ms
2019-09-21 03:24:36,994 [grpc-default-executor-6] INFO  impl.RaftServerImpl (ServerState.java:setLeader(253)) - 5c850443-2394-4991-83c1-edacc95aa548@group-30645CE406F3: change Leader from null to 3c0d2216-17fa-4c3e-a525-6908efbd555c at term 1 for appendEntries, leader elected after 5207ms
2019-09-21 03:24:37,036 [grpc-default-executor-7] INFO  impl.RaftServerImpl (ServerState.java:setRaftConf(354)) - 5c850443-2394-4991-83c1-edacc95aa548@group-30645CE406F3: set configuration 0: [77ce14fb-fb72-4a93-bc2b-6f1918656d29:192.168.36.122:42649, 5c850443-2394-4991-83c1-edacc95aa548:192.168.36.122:34461, 3c0d2216-17fa-4c3e-a525-6908efbd555c:192.168.36.122:32803], old=null at 0
2019-09-21 03:24:37,036 [grpc-default-executor-6] INFO  impl.RaftServerImpl (ServerState.java:setRaftConf(354)) - 77ce14fb-fb72-4a93-bc2b-6f1918656d29@group-30645CE406F3: set configuration 0: [77ce14fb-fb72-4a93-bc2b-6f1918656d29:192.168.36.122:42649, 5c850443-2394-4991-83c1-edacc95aa548:192.168.36.122:34461, 3c0d2216-17fa-4c3e-a525-6908efbd555c:192.168.36.122:32803], old=null at 0
2019-09-21 03:24:37,036 [grpc-default-executor-7] INFO  segmented.SegmentedRaftLogWorker (SegmentedRaftLogWorker.java:startLogSegment(380)) - 5c850443-2394-4991-83c1-edacc95aa548@group-30645CE406F3-SegmentedRaftLogWorker: Starting segment from index:0
2019-09-21 03:24:37,036 [grpc-default-executor-6] INFO  segmented.SegmentedRaftLogWorker (SegmentedRaftLogWorker.java:startLogSegment(380)) - 77ce14fb-fb72-4a93-bc2b-6f1918656d29@group-30645CE406F3-SegmentedRaftLogWorker: Starting segment from index:0
2019-09-21 03:24:37,042 [3c0d2216-17fa-4c3e-a525-6908efbd555c@group-30645CE406F3-SegmentedRaftLogWorker] INFO  segmented.SegmentedRaftLogWorker (SegmentedRaftLogWorker.java:execute(569)) - 3c0d2216-17fa-4c3e-a525-6908efbd555c@group-30645CE406F3-SegmentedRaftLogWorker: created new log segment /workdir/hadoop-ozone/integration-test/target/test-dir/MiniOzoneClusterImpl-e366364a-480d-4d7a-97c1-516fb7a6c1d7/datanode-2/data/ratis/8cae482e-c74a-4a8c-b63c-30645ce406f3/current/log_inprogress_0
2019-09-21 03:24:37,051 [Thread-3501] INFO  impl.FollowerState (FollowerState.java:run(106)) - c3d1d526-9aa3-46c6-a575-dac81e178c8f:group-07FCEB61DA39 changes to CANDIDATE, lastRpcTime:5074, electionTimeout:5074ms
2019-09-21 03:24:37,051 [Thread-3501] INFO  impl.RoleInfo (RoleInfo.java:shutdownFollowerState(121)) - c3d1d526-9aa3-46c6-a575-dac81e178c8f: shutdown FollowerState
2019-09-21 03:24:37,051 [Thread-3501] INFO  impl.RaftServerImpl (RaftServerImpl.java:setRole(174)) - c3d1d526-9aa3-46c6-a575-dac81e178c8f@group-07FCEB61DA39: changes role from  FOLLOWER to CANDIDATE at term 0 for changeToCandidate
2019-09-21 03:24:37,051 [Thread-3501] INFO  impl.RoleInfo (RoleInfo.java:updateAndGet(143)) - c3d1d526-9aa3-46c6-a575-dac81e178c8f: start LeaderElection
2019-09-21 03:24:37,079 [5c850443-2394-4991-83c1-edacc95aa548@group-30645CE406F3-SegmentedRaftLogWorker] INFO  segmented.SegmentedRaftLogWorker (SegmentedRaftLogWorker.java:execute(569)) - 5c850443-2394-4991-83c1-edacc95aa548@group-30645CE406F3-SegmentedRaftLogWorker: created new log segment /workdir/hadoop-ozone/integration-test/target/test-dir/MiniOzoneClusterImpl-e366364a-480d-4d7a-97c1-516fb7a6c1d7/datanode-0/data/ratis/8cae482e-c74a-4a8c-b63c-30645ce406f3/current/log_inprogress_0
2019-09-21 03:24:37,079 [c3d1d526-9aa3-46c6-a575-dac81e178c8f@group-07FCEB61DA39:LeaderElection90] INFO  impl.LeaderElection (LeaderElection.java:askForVotes(182)) - c3d1d526-9aa3-46c6-a575-dac81e178c8f@group-07FCEB61DA39:LeaderElection90: begin an election at term 1 for -1: [c3d1d526-9aa3-46c6-a575-dac81e178c8f:192.168.36.122:36656], old=null
2019-09-21 03:24:37,079 [77ce14fb-fb72-4a93-bc2b-6f1918656d29@group-30645CE406F3-SegmentedRaftLogWorker] INFO  segmented.SegmentedRaftLogWorker (SegmentedRaftLogWorker.java:execute(569)) - 77ce14fb-fb72-4a93-bc2b-6f1918656d29@group-30645CE406F3-SegmentedRaftLogWorker: created new log segment /workdir/hadoop-ozone/integration-test/target/test-dir/MiniOzoneClusterImpl-e366364a-480d-4d7a-97c1-516fb7a6c1d7/datanode-1/data/ratis/8cae482e-c74a-4a8c-b63c-30645ce406f3/current/log_inprogress_0
2019-09-21 03:24:37,079 [c3d1d526-9aa3-46c6-a575-dac81e178c8f@group-07FCEB61DA39:LeaderElection90] INFO  impl.RoleInfo (RoleInfo.java:shutdownLeaderElection(134)) - c3d1d526-9aa3-46c6-a575-dac81e178c8f: shutdown LeaderElection
2019-09-21 03:24:37,080 [c3d1d526-9aa3-46c6-a575-dac81e178c8f@group-07FCEB61DA39:LeaderElection90] INFO  impl.RaftServerImpl (RaftServerImpl.java:setRole(174)) - c3d1d526-9aa3-46c6-a575-dac81e178c8f@group-07FCEB61DA39: changes role from CANDIDATE to LEADER at term 1 for changeToLeader
2019-09-21 03:24:37,080 [c3d1d526-9aa3-46c6-a575-dac81e178c8f@group-07FCEB61DA39:LeaderElection90] INFO  impl.RaftServerImpl (ServerState.java:setLeader(253)) - c3d1d526-9aa3-46c6-a575-dac81e178c8f@group-07FCEB61DA39: change Leader from null to c3d1d526-9aa3-46c6-a575-dac81e178c8f at term 1 for becomeLeader, leader elected after 5111ms
2019-09-21 03:24:37,080 [c3d1d526-9aa3-46c6-a575-dac81e178c8f@group-07FCEB61DA39:LeaderElection90] INFO  server.RaftServerConfigKeys (ConfUtils.java:logGet(43)) - raft.server.staging.catchup.gap = 1000 (default)
2019-09-21 03:24:37,080 [c3d1d526-9aa3-46c6-a575-dac81e178c8f@group-07FCEB61DA39:LeaderElection90] INFO  server.RaftServerConfigKeys (ConfUtils.java:logGet(43)) - raft.server.rpc.sleep.time = 25ms (default)
2019-09-21 03:24:37,080 [c3d1d526-9aa3-46c6-a575-dac81e178c8f@group-07FCEB61DA39:LeaderElection90] INFO  server.RaftServerConfigKeys (ConfUtils.java:logGet(43)) - raft.server.write.element-limit = 4096 (default)
2019-09-21 03:24:37,080 [c3d1d526-9aa3-46c6-a575-dac81e178c8f@group-07FCEB61DA39:LeaderElection90] INFO  server.RaftServerConfigKeys (ConfUtils.java:logGet(43)) - raft.server.watch.timeout = 10s (default)
2019-09-21 03:24:37,080 [c3d1d526-9aa3-46c6-a575-dac81e178c8f@group-07FCEB61DA39:LeaderElection90] INFO  server.RaftServerConfigKeys (ConfUtils.java:logGet(43)) - raft.server.watch.timeout.denomination = 1s (default)
2019-09-21 03:24:37,080 [c3d1d526-9aa3-46c6-a575-dac81e178c8f@group-07FCEB61DA39:LeaderElection90] INFO  server.RaftServerConfigKeys (ConfUtils.java:logGet(43)) - raft.server.watch.element-limit = 65536 (default)
2019-09-21 03:24:37,082 [c3d1d526-9aa3-46c6-a575-dac81e178c8f@group-07FCEB61DA39:LeaderElection90] INFO  impl.RoleInfo (RoleInfo.java:updateAndGet(143)) - c3d1d526-9aa3-46c6-a575-dac81e178c8f: start LeaderState
2019-09-21 03:24:37,082 [c3d1d526-9aa3-46c6-a575-dac81e178c8f@group-07FCEB61DA39:LeaderElection90] INFO  segmented.SegmentedRaftLogWorker (SegmentedRaftLogWorker.java:startLogSegment(380)) - c3d1d526-9aa3-46c6-a575-dac81e178c8f@group-07FCEB61DA39-SegmentedRaftLogWorker: Starting segment from index:0
2019-09-21 03:24:37,082 [c3d1d526-9aa3-46c6-a575-dac81e178c8f@group-07FCEB61DA39:LeaderElection90] INFO  impl.RaftServerImpl (ServerState.java:setRaftConf(354)) - c3d1d526-9aa3-46c6-a575-dac81e178c8f@group-07FCEB61DA39: set configuration 0: [c3d1d526-9aa3-46c6-a575-dac81e178c8f:192.168.36.122:36656], old=null at 0
2019-09-21 03:24:37,110 [Thread-3498] INFO  impl.FollowerState (FollowerState.java:run(106)) - acf71cc8-0f6b-4f19-a234-fdd28175ad2e:group-B27E3E982CB1 changes to CANDIDATE, lastRpcTime:5202, electionTimeout:5182ms
2019-09-21 03:24:37,111 [Thread-3498] INFO  impl.RoleInfo (RoleInfo.java:shutdownFollowerState(121)) - acf71cc8-0f6b-4f19-a234-fdd28175ad2e: shutdown FollowerState
2019-09-21 03:24:37,111 [Thread-3498] INFO  impl.RaftServerImpl (RaftServerImpl.java:setRole(174)) - acf71cc8-0f6b-4f19-a234-fdd28175ad2e@group-B27E3E982CB1: changes role from  FOLLOWER to CANDIDATE at term 0 for changeToCandidate
2019-09-21 03:24:37,111 [Thread-3498] INFO  impl.RoleInfo (RoleInfo.java:updateAndGet(143)) - acf71cc8-0f6b-4f19-a234-fdd28175ad2e: start LeaderElection
2019-09-21 03:24:37,122 [c3d1d526-9aa3-46c6-a575-dac81e178c8f@group-07FCEB61DA39-SegmentedRaftLogWorker] INFO  segmented.SegmentedRaftLogWorker (SegmentedRaftLogWorker.java:execute(569)) - c3d1d526-9aa3-46c6-a575-dac81e178c8f@group-07FCEB61DA39-SegmentedRaftLogWorker: created new log segment /workdir/hadoop-ozone/integration-test/target/test-dir/MiniOzoneClusterImpl-e366364a-480d-4d7a-97c1-516fb7a6c1d7/datanode-3/data/ratis/8939fcfb-0163-4cc5-be7c-07fceb61da39/current/log_inprogress_0
2019-09-21 03:24:37,122 [acf71cc8-0f6b-4f19-a234-fdd28175ad2e@group-B27E3E982CB1:LeaderElection91] INFO  impl.LeaderElection (LeaderElection.java:askForVotes(182)) - acf71cc8-0f6b-4f19-a234-fdd28175ad2e@group-B27E3E982CB1:LeaderElection91: begin an election at term 1 for -1: [acf71cc8-0f6b-4f19-a234-fdd28175ad2e:192.168.36.122:40092], old=null
2019-09-21 03:24:37,122 [acf71cc8-0f6b-4f19-a234-fdd28175ad2e@group-B27E3E982CB1:LeaderElection91] INFO  impl.RoleInfo (RoleInfo.java:shutdownLeaderElection(134)) - acf71cc8-0f6b-4f19-a234-fdd28175ad2e: shutdown LeaderElection
2019-09-21 03:24:37,122 [acf71cc8-0f6b-4f19-a234-fdd28175ad2e@group-B27E3E982CB1:LeaderElection91] INFO  impl.RaftServerImpl (RaftServerImpl.java:setRole(174)) - acf71cc8-0f6b-4f19-a234-fdd28175ad2e@group-B27E3E982CB1: changes role from CANDIDATE to LEADER at term 1 for changeToLeader
2019-09-21 03:24:37,122 [acf71cc8-0f6b-4f19-a234-fdd28175ad2e@group-B27E3E982CB1:LeaderElection91] INFO  impl.RaftServerImpl (ServerState.java:setLeader(253)) - acf71cc8-0f6b-4f19-a234-fdd28175ad2e@group-B27E3E982CB1: change Leader from null to acf71cc8-0f6b-4f19-a234-fdd28175ad2e at term 1 for becomeLeader, leader elected after 5222ms
2019-09-21 03:24:37,123 [acf71cc8-0f6b-4f19-a234-fdd28175ad2e@group-B27E3E982CB1:LeaderElection91] INFO  server.RaftServerConfigKeys (ConfUtils.java:logGet(43)) - raft.server.staging.catchup.gap = 1000 (default)
2019-09-21 03:24:37,123 [acf71cc8-0f6b-4f19-a234-fdd28175ad2e@group-B27E3E982CB1:LeaderElection91] INFO  server.RaftServerConfigKeys (ConfUtils.java:logGet(43)) - raft.server.rpc.sleep.time = 25ms (default)
2019-09-21 03:24:37,123 [acf71cc8-0f6b-4f19-a234-fdd28175ad2e@group-B27E3E982CB1:LeaderElection91] INFO  server.RaftServerConfigKeys (ConfUtils.java:logGet(43)) - raft.server.write.element-limit = 4096 (default)
2019-09-21 03:24:37,123 [acf71cc8-0f6b-4f19-a234-fdd28175ad2e@group-B27E3E982CB1:LeaderElection91] INFO  server.RaftServerConfigKeys (ConfUtils.java:logGet(43)) - raft.server.watch.timeout = 10s (default)
2019-09-21 03:24:37,123 [acf71cc8-0f6b-4f19-a234-fdd28175ad2e@group-B27E3E982CB1:LeaderElection91] INFO  server.RaftServerConfigKeys (ConfUtils.java:logGet(43)) - raft.server.watch.timeout.denomination = 1s (default)
2019-09-21 03:24:37,123 [acf71cc8-0f6b-4f19-a234-fdd28175ad2e@group-B27E3E982CB1:LeaderElection91] INFO  server.RaftServerConfigKeys (ConfUtils.java:logGet(43)) - raft.server.watch.element-limit = 65536 (default)
2019-09-21 03:24:37,124 [acf71cc8-0f6b-4f19-a234-fdd28175ad2e@group-B27E3E982CB1:LeaderElection91] INFO  impl.RoleInfo (RoleInfo.java:updateAndGet(143)) - acf71cc8-0f6b-4f19-a234-fdd28175ad2e: start LeaderState
2019-09-21 03:24:37,124 [acf71cc8-0f6b-4f19-a234-fdd28175ad2e@group-B27E3E982CB1:LeaderElection91] INFO  segmented.SegmentedRaftLogWorker (SegmentedRaftLogWorker.java:startLogSegment(380)) - acf71cc8-0f6b-4f19-a234-fdd28175ad2e@group-B27E3E982CB1-SegmentedRaftLogWorker: Starting segment from index:0
2019-09-21 03:24:37,125 [acf71cc8-0f6b-4f19-a234-fdd28175ad2e@group-B27E3E982CB1:LeaderElection91] INFO  impl.RaftServerImpl (ServerState.java:setRaftConf(354)) - acf71cc8-0f6b-4f19-a234-fdd28175ad2e@group-B27E3E982CB1: set configuration 0: [acf71cc8-0f6b-4f19-a234-fdd28175ad2e:192.168.36.122:40092], old=null at 0
2019-09-21 03:24:37,151 [Thread-3516] INFO  impl.FollowerState (FollowerState.java:run(106)) - 8345bb8e-806e-4c3e-9708-711872905d0a:group-1FDBD0D5DDC9 changes to CANDIDATE, lastRpcTime:5004, electionTimeout:5002ms
2019-09-21 03:24:37,151 [Thread-3516] INFO  impl.RoleInfo (RoleInfo.java:shutdownFollowerState(121)) - 8345bb8e-806e-4c3e-9708-711872905d0a: shutdown FollowerState
2019-09-21 03:24:37,151 [Thread-3516] INFO  impl.RaftServerImpl (RaftServerImpl.java:setRole(174)) - 8345bb8e-806e-4c3e-9708-711872905d0a@group-1FDBD0D5DDC9: changes role from  FOLLOWER to CANDIDATE at term 0 for changeToCandidate
2019-09-21 03:24:37,152 [Thread-3516] INFO  impl.RoleInfo (RoleInfo.java:updateAndGet(143)) - 8345bb8e-806e-4c3e-9708-711872905d0a: start LeaderElection
2019-09-21 03:24:37,163 [Thread-3509] INFO  impl.FollowerState (FollowerState.java:run(106)) - 4f26e124-4a53-42f7-856e-c1455948108d:group-502A706D4820 changes to CANDIDATE, lastRpcTime:5071, electionTimeout:5071ms
2019-09-21 03:24:37,164 [Thread-3509] INFO  impl.RoleInfo (RoleInfo.java:shutdownFollowerState(121)) - 4f26e124-4a53-42f7-856e-c1455948108d: shutdown FollowerState
2019-09-21 03:24:37,164 [Thread-3509] INFO  impl.RaftServerImpl (RaftServerImpl.java:setRole(174)) - 4f26e124-4a53-42f7-856e-c1455948108d@group-502A706D4820: changes role from  FOLLOWER to CANDIDATE at term 0 for changeToCandidate
2019-09-21 03:24:37,164 [Thread-3509] INFO  impl.RoleInfo (RoleInfo.java:updateAndGet(143)) - 4f26e124-4a53-42f7-856e-c1455948108d: start LeaderElection
2019-09-21 03:24:37,179 [acf71cc8-0f6b-4f19-a234-fdd28175ad2e@group-B27E3E982CB1-SegmentedRaftLogWorker] INFO  segmented.SegmentedRaftLogWorker (SegmentedRaftLogWorker.java:execute(569)) - acf71cc8-0f6b-4f19-a234-fdd28175ad2e@group-B27E3E982CB1-SegmentedRaftLogWorker: created new log segment /workdir/hadoop-ozone/integration-test/target/test-dir/MiniOzoneClusterImpl-e366364a-480d-4d7a-97c1-516fb7a6c1d7/datanode-4/data/ratis/c57ac47d-d4e6-414a-8825-b27e3e982cb1/current/log_inprogress_0
2019-09-21 03:24:37,180 [8345bb8e-806e-4c3e-9708-711872905d0a@group-1FDBD0D5DDC9:LeaderElection92] INFO  impl.LeaderElection (LeaderElection.java:askForVotes(182)) - 8345bb8e-806e-4c3e-9708-711872905d0a@group-1FDBD0D5DDC9:LeaderElection92: begin an election at term 1 for -1: [c3d1d526-9aa3-46c6-a575-dac81e178c8f:192.168.36.122:36656, 8345bb8e-806e-4c3e-9708-711872905d0a:192.168.36.122:43113, acf71cc8-0f6b-4f19-a234-fdd28175ad2e:192.168.36.122:40092], old=null
2019-09-21 03:24:37,181 [4f26e124-4a53-42f7-856e-c1455948108d@group-502A706D4820:LeaderElection93] INFO  impl.LeaderElection (LeaderElection.java:askForVotes(182)) - 4f26e124-4a53-42f7-856e-c1455948108d@group-502A706D4820:LeaderElection93: begin an election at term 1 for -1: [4f26e124-4a53-42f7-856e-c1455948108d:192.168.36.122:43602], old=null
2019-09-21 03:24:37,181 [4f26e124-4a53-42f7-856e-c1455948108d@group-502A706D4820:LeaderElection93] INFO  impl.RoleInfo (RoleInfo.java:shutdownLeaderElection(134)) - 4f26e124-4a53-42f7-856e-c1455948108d: shutdown LeaderElection
2019-09-21 03:24:37,181 [4f26e124-4a53-42f7-856e-c1455948108d@group-502A706D4820:LeaderElection93] INFO  impl.RaftServerImpl (RaftServerImpl.java:setRole(174)) - 4f26e124-4a53-42f7-856e-c1455948108d@group-502A706D4820: changes role from CANDIDATE to LEADER at term 1 for changeToLeader
2019-09-21 03:24:37,181 [4f26e124-4a53-42f7-856e-c1455948108d@group-502A706D4820:LeaderElection93] INFO  impl.RaftServerImpl (ServerState.java:setLeader(253)) - 4f26e124-4a53-42f7-856e-c1455948108d@group-502A706D4820: change Leader from null to 4f26e124-4a53-42f7-856e-c1455948108d at term 1 for becomeLeader, leader elected after 5093ms
2019-09-21 03:24:37,181 [4f26e124-4a53-42f7-856e-c1455948108d@group-502A706D4820:LeaderElection93] INFO  server.RaftServerConfigKeys (ConfUtils.java:logGet(43)) - raft.server.staging.catchup.gap = 1000 (default)
2019-09-21 03:24:37,181 [4f26e124-4a53-42f7-856e-c1455948108d@group-502A706D4820:LeaderElection93] INFO  server.RaftServerConfigKeys (ConfUtils.java:logGet(43)) - raft.server.rpc.sleep.time = 25ms (default)
2019-09-21 03:24:37,181 [4f26e124-4a53-42f7-856e-c1455948108d@group-502A706D4820:LeaderElection93] INFO  server.RaftServerConfigKeys (ConfUtils.java:logGet(43)) - raft.server.write.element-limit = 4096 (default)
2019-09-21 03:24:37,182 [4f26e124-4a53-42f7-856e-c1455948108d@group-502A706D4820:LeaderElection93] INFO  server.RaftServerConfigKeys (ConfUtils.java:logGet(43)) - raft.server.watch.timeout = 10s (default)
2019-09-21 03:24:37,182 [4f26e124-4a53-42f7-856e-c1455948108d@group-502A706D4820:LeaderElection93] INFO  server.RaftServerConfigKeys (ConfUtils.java:logGet(43)) - raft.server.watch.timeout.denomination = 1s (default)
2019-09-21 03:24:37,182 [4f26e124-4a53-42f7-856e-c1455948108d@group-502A706D4820:LeaderElection93] INFO  server.RaftServerConfigKeys (ConfUtils.java:logGet(43)) - raft.server.watch.element-limit = 65536 (default)
2019-09-21 03:24:37,183 [grpc-default-executor-7] INFO  impl.RaftServerImpl (RaftServerImpl.java:setRole(174)) - c3d1d526-9aa3-46c6-a575-dac81e178c8f@group-1FDBD0D5DDC9: changes role from  FOLLOWER to FOLLOWER at term 1 for recognizeCandidate:8345bb8e-806e-4c3e-9708-711872905d0a
2019-09-21 03:24:37,183 [grpc-default-executor-7] INFO  impl.RoleInfo (RoleInfo.java:shutdownFollowerState(121)) - c3d1d526-9aa3-46c6-a575-dac81e178c8f: shutdown FollowerState
2019-09-21 03:24:37,183 [grpc-default-executor-7] INFO  impl.RoleInfo (RoleInfo.java:updateAndGet(143)) - c3d1d526-9aa3-46c6-a575-dac81e178c8f: start FollowerState
2019-09-21 03:24:37,183 [Thread-3517] INFO  impl.FollowerState (FollowerState.java:run(115)) - c3d1d526-9aa3-46c6-a575-dac81e178c8f: FollowerState was interrupted: java.lang.InterruptedException: sleep interrupted
2019-09-21 03:24:37,191 [Thread-3506] INFO  impl.FollowerState (FollowerState.java:run(106)) - 8345bb8e-806e-4c3e-9708-711872905d0a:group-18D45196863A changes to CANDIDATE, lastRpcTime:5142, electionTimeout:5136ms
2019-09-21 03:24:37,191 [Thread-3506] INFO  impl.RoleInfo (RoleInfo.java:shutdownFollowerState(121)) - 8345bb8e-806e-4c3e-9708-711872905d0a: shutdown FollowerState
2019-09-21 03:24:37,191 [Thread-3506] INFO  impl.RaftServerImpl (RaftServerImpl.java:setRole(174)) - 8345bb8e-806e-4c3e-9708-711872905d0a@group-18D45196863A: changes role from  FOLLOWER to CANDIDATE at term 0 for changeToCandidate
2019-09-21 03:24:37,191 [Thread-3506] INFO  impl.RoleInfo (RoleInfo.java:updateAndGet(143)) - 8345bb8e-806e-4c3e-9708-711872905d0a: start LeaderElection
2019-09-21 03:24:37,191 [grpc-default-executor-6] INFO  impl.RaftServerImpl (RaftServerImpl.java:setRole(174)) - acf71cc8-0f6b-4f19-a234-fdd28175ad2e@group-1FDBD0D5DDC9: changes role from  FOLLOWER to FOLLOWER at term 1 for recognizeCandidate:8345bb8e-806e-4c3e-9708-711872905d0a
2019-09-21 03:24:37,191 [4f26e124-4a53-42f7-856e-c1455948108d@group-502A706D4820:LeaderElection93] INFO  impl.RoleInfo (RoleInfo.java:updateAndGet(143)) - 4f26e124-4a53-42f7-856e-c1455948108d: start LeaderState
2019-09-21 03:24:37,191 [grpc-default-executor-6] INFO  impl.RoleInfo (RoleInfo.java:shutdownFollowerState(121)) - acf71cc8-0f6b-4f19-a234-fdd28175ad2e: shutdown FollowerState
2019-09-21 03:24:37,191 [4f26e124-4a53-42f7-856e-c1455948108d@group-502A706D4820:LeaderElection93] INFO  segmented.SegmentedRaftLogWorker (SegmentedRaftLogWorker.java:startLogSegment(380)) - 4f26e124-4a53-42f7-856e-c1455948108d@group-502A706D4820-SegmentedRaftLogWorker: Starting segment from index:0
2019-09-21 03:24:37,193 [Thread-3514] INFO  impl.FollowerState (FollowerState.java:run(115)) - acf71cc8-0f6b-4f19-a234-fdd28175ad2e: FollowerState was interrupted: java.lang.InterruptedException: sleep interrupted
2019-09-21 03:24:37,193 [grpc-default-executor-6] INFO  impl.RoleInfo (RoleInfo.java:updateAndGet(143)) - acf71cc8-0f6b-4f19-a234-fdd28175ad2e: start FollowerState
2019-09-21 03:24:37,194 [4f26e124-4a53-42f7-856e-c1455948108d@group-502A706D4820:LeaderElection93] INFO  impl.RaftServerImpl (ServerState.java:setRaftConf(354)) - 4f26e124-4a53-42f7-856e-c1455948108d@group-502A706D4820: set configuration 0: [4f26e124-4a53-42f7-856e-c1455948108d:192.168.36.122:43602], old=null at 0
2019-09-21 03:24:37,220 [8345bb8e-806e-4c3e-9708-711872905d0a@group-1FDBD0D5DDC9:LeaderElection92] INFO  impl.LeaderElection (LeaderElection.java:logAndReturn(56)) - 8345bb8e-806e-4c3e-9708-711872905d0a@group-1FDBD0D5DDC9:LeaderElection92: Election PASSED; received 1 response(s) [8345bb8e-806e-4c3e-9708-711872905d0a<-c3d1d526-9aa3-46c6-a575-dac81e178c8f#0:OK-t1] and 0 exception(s); 8345bb8e-806e-4c3e-9708-711872905d0a@group-1FDBD0D5DDC9:t1, leader=null, voted=8345bb8e-806e-4c3e-9708-711872905d0a, raftlog=8345bb8e-806e-4c3e-9708-711872905d0a@group-1FDBD0D5DDC9-SegmentedRaftLog:OPENED:c-1,f-1,i0, conf=-1: [c3d1d526-9aa3-46c6-a575-dac81e178c8f:192.168.36.122:36656, 8345bb8e-806e-4c3e-9708-711872905d0a:192.168.36.122:43113, acf71cc8-0f6b-4f19-a234-fdd28175ad2e:192.168.36.122:40092], old=null
2019-09-21 03:24:37,220 [8345bb8e-806e-4c3e-9708-711872905d0a@group-1FDBD0D5DDC9:LeaderElection92] INFO  impl.RoleInfo (RoleInfo.java:shutdownLeaderElection(134)) - 8345bb8e-806e-4c3e-9708-711872905d0a: shutdown LeaderElection
2019-09-21 03:24:37,220 [8345bb8e-806e-4c3e-9708-711872905d0a@group-1FDBD0D5DDC9:LeaderElection92] INFO  impl.RaftServerImpl (RaftServerImpl.java:setRole(174)) - 8345bb8e-806e-4c3e-9708-711872905d0a@group-1FDBD0D5DDC9: changes role from CANDIDATE to LEADER at term 1 for changeToLeader
2019-09-21 03:24:37,220 [8345bb8e-806e-4c3e-9708-711872905d0a@group-1FDBD0D5DDC9:LeaderElection92] INFO  impl.RaftServerImpl (ServerState.java:setLeader(253)) - 8345bb8e-806e-4c3e-9708-711872905d0a@group-1FDBD0D5DDC9: change Leader from null to 8345bb8e-806e-4c3e-9708-711872905d0a at term 1 for becomeLeader, leader elected after 5083ms
2019-09-21 03:24:37,220 [8345bb8e-806e-4c3e-9708-711872905d0a@group-1FDBD0D5DDC9:LeaderElection92] INFO  server.RaftServerConfigKeys (ConfUtils.java:logGet(43)) - raft.server.staging.catchup.gap = 1000 (default)
2019-09-21 03:24:37,220 [8345bb8e-806e-4c3e-9708-711872905d0a@group-1FDBD0D5DDC9:LeaderElection92] INFO  server.RaftServerConfigKeys (ConfUtils.java:logGet(43)) - raft.server.rpc.sleep.time = 25ms (default)
2019-09-21 03:24:37,220 [8345bb8e-806e-4c3e-9708-711872905d0a@group-1FDBD0D5DDC9:LeaderElection92] INFO  server.RaftServerConfigKeys (ConfUtils.java:logGet(43)) - raft.server.write.element-limit = 4096 (default)
2019-09-21 03:24:37,220 [8345bb8e-806e-4c3e-9708-711872905d0a@group-1FDBD0D5DDC9:LeaderElection92] INFO  server.RaftServerConfigKeys (ConfUtils.java:logGet(43)) - raft.server.watch.timeout = 10s (default)
2019-09-21 03:24:37,221 [8345bb8e-806e-4c3e-9708-711872905d0a@group-1FDBD0D5DDC9:LeaderElection92] INFO  server.RaftServerConfigKeys (ConfUtils.java:logGet(43)) - raft.server.watch.timeout.denomination = 1s (default)
2019-09-21 03:24:37,221 [8345bb8e-806e-4c3e-9708-711872905d0a@group-1FDBD0D5DDC9:LeaderElection92] INFO  server.RaftServerConfigKeys (ConfUtils.java:logGet(43)) - raft.server.watch.element-limit = 65536 (default)
2019-09-21 03:24:37,222 [8345bb8e-806e-4c3e-9708-711872905d0a@group-1FDBD0D5DDC9:LeaderElection92] INFO  server.RaftServerConfigKeys (ConfUtils.java:logGet(43)) - raft.server.log.appender.snapshot.chunk.size.max = 16MB (=16777216) (default)
2019-09-21 03:24:37,222 [8345bb8e-806e-4c3e-9708-711872905d0a@group-1FDBD0D5DDC9:LeaderElection92] INFO  server.RaftServerConfigKeys (ConfUtils.java:logGet(43)) - raft.server.log.appender.buffer.byte-limit = 33554432 (custom)
2019-09-21 03:24:37,223 [8345bb8e-806e-4c3e-9708-711872905d0a@group-1FDBD0D5DDC9:LeaderElection92] INFO  server.RaftServerConfigKeys (ConfUtils.java:logGet(43)) - raft.server.log.appender.buffer.element-limit = 1 (custom)
2019-09-21 03:24:37,223 [8345bb8e-806e-4c3e-9708-711872905d0a@group-1FDBD0D5DDC9:LeaderElection92] INFO  grpc.GrpcConfigKeys$Server (ConfUtils.java:logGet(43)) - raft.grpc.server.leader.outstanding.appends.max = 128 (default)
2019-09-21 03:24:37,223 [8345bb8e-806e-4c3e-9708-711872905d0a@group-1FDBD0D5DDC9:LeaderElection92] INFO  server.RaftServerConfigKeys (ConfUtils.java:logGet(43)) - raft.server.rpc.request.timeout = 3000ms (default)
2019-09-21 03:24:37,223 [8345bb8e-806e-4c3e-9708-711872905d0a@group-1FDBD0D5DDC9:LeaderElection92] INFO  server.RaftServerConfigKeys (ConfUtils.java:logGet(43)) - raft.server.log.appender.install.snapshot.enabled = false (custom)
2019-09-21 03:24:37,223 [8345bb8e-806e-4c3e-9708-711872905d0a@group-1FDBD0D5DDC9:LeaderElection92] INFO  server.RaftServerConfigKeys (ConfUtils.java:logGet(43)) - raft.server.log.appender.snapshot.chunk.size.max = 16MB (=16777216) (default)
2019-09-21 03:24:37,223 [8345bb8e-806e-4c3e-9708-711872905d0a@group-1FDBD0D5DDC9:LeaderElection92] INFO  server.RaftServerConfigKeys (ConfUtils.java:logGet(43)) - raft.server.log.appender.buffer.byte-limit = 33554432 (custom)
2019-09-21 03:24:37,223 [8345bb8e-806e-4c3e-9708-711872905d0a@group-1FDBD0D5DDC9:LeaderElection92] INFO  server.RaftServerConfigKeys (ConfUtils.java:logGet(43)) - raft.server.log.appender.buffer.element-limit = 1 (custom)
2019-09-21 03:24:37,224 [8345bb8e-806e-4c3e-9708-711872905d0a@group-1FDBD0D5DDC9:LeaderElection92] INFO  grpc.GrpcConfigKeys$Server (ConfUtils.java:logGet(43)) - raft.grpc.server.leader.outstanding.appends.max = 128 (default)
2019-09-21 03:24:37,224 [8345bb8e-806e-4c3e-9708-711872905d0a@group-1FDBD0D5DDC9:LeaderElection92] INFO  server.RaftServerConfigKeys (ConfUtils.java:logGet(43)) - raft.server.rpc.request.timeout = 3000ms (default)
2019-09-21 03:24:37,224 [8345bb8e-806e-4c3e-9708-711872905d0a@group-1FDBD0D5DDC9:LeaderElection92] INFO  server.RaftServerConfigKeys (ConfUtils.java:logGet(43)) - raft.server.log.appender.install.snapshot.enabled = false (custom)
2019-09-21 03:24:37,224 [8345bb8e-806e-4c3e-9708-711872905d0a@group-1FDBD0D5DDC9:LeaderElection92] INFO  impl.RoleInfo (RoleInfo.java:updateAndGet(143)) - 8345bb8e-806e-4c3e-9708-711872905d0a: start LeaderState
2019-09-21 03:24:37,224 [8345bb8e-806e-4c3e-9708-711872905d0a@group-1FDBD0D5DDC9:LeaderElection92] INFO  segmented.SegmentedRaftLogWorker (SegmentedRaftLogWorker.java:startLogSegment(380)) - 8345bb8e-806e-4c3e-9708-711872905d0a@group-1FDBD0D5DDC9-SegmentedRaftLogWorker: Starting segment from index:0
2019-09-21 03:24:37,224 [8345bb8e-806e-4c3e-9708-711872905d0a@group-1FDBD0D5DDC9:LeaderElection92] INFO  impl.RaftServerImpl (ServerState.java:setRaftConf(354)) - 8345bb8e-806e-4c3e-9708-711872905d0a@group-1FDBD0D5DDC9: set configuration 0: [c3d1d526-9aa3-46c6-a575-dac81e178c8f:192.168.36.122:36656, 8345bb8e-806e-4c3e-9708-711872905d0a:192.168.36.122:43113, acf71cc8-0f6b-4f19-a234-fdd28175ad2e:192.168.36.122:40092], old=null at 0
2019-09-21 03:24:37,260 [4f26e124-4a53-42f7-856e-c1455948108d@group-502A706D4820-SegmentedRaftLogWorker] INFO  segmented.SegmentedRaftLogWorker (SegmentedRaftLogWorker.java:execute(569)) - 4f26e124-4a53-42f7-856e-c1455948108d@group-502A706D4820-SegmentedRaftLogWorker: created new log segment /workdir/hadoop-ozone/integration-test/target/test-dir/MiniOzoneClusterImpl-e366364a-480d-4d7a-97c1-516fb7a6c1d7/datanode-5/data/ratis/1e05a050-b524-48bb-b29a-502a706d4820/current/log_inprogress_0
2019-09-21 03:24:37,263 [8345bb8e-806e-4c3e-9708-711872905d0a@group-18D45196863A:LeaderElection94] INFO  impl.LeaderElection (LeaderElection.java:askForVotes(182)) - 8345bb8e-806e-4c3e-9708-711872905d0a@group-18D45196863A:LeaderElection94: begin an election at term 1 for -1: [8345bb8e-806e-4c3e-9708-711872905d0a:192.168.36.122:43113], old=null
2019-09-21 03:24:37,263 [8345bb8e-806e-4c3e-9708-711872905d0a@group-18D45196863A:LeaderElection94] INFO  impl.RoleInfo (RoleInfo.java:shutdownLeaderElection(134)) - 8345bb8e-806e-4c3e-9708-711872905d0a: shutdown LeaderElection
2019-09-21 03:24:37,263 [8345bb8e-806e-4c3e-9708-711872905d0a@group-18D45196863A:LeaderElection94] INFO  impl.RaftServerImpl (RaftServerImpl.java:setRole(174)) - 8345bb8e-806e-4c3e-9708-711872905d0a@group-18D45196863A: changes role from CANDIDATE to LEADER at term 1 for changeToLeader
2019-09-21 03:24:37,263 [8345bb8e-806e-4c3e-9708-711872905d0a@group-18D45196863A:LeaderElection94] INFO  impl.RaftServerImpl (ServerState.java:setLeader(253)) - 8345bb8e-806e-4c3e-9708-711872905d0a@group-18D45196863A: change Leader from null to 8345bb8e-806e-4c3e-9708-711872905d0a at term 1 for becomeLeader, leader elected after 5223ms
2019-09-21 03:24:37,264 [8345bb8e-806e-4c3e-9708-711872905d0a@group-18D45196863A:LeaderElection94] INFO  server.RaftServerConfigKeys (ConfUtils.java:logGet(43)) - raft.server.staging.catchup.gap = 1000 (default)
2019-09-21 03:24:37,264 [8345bb8e-806e-4c3e-9708-711872905d0a@group-18D45196863A:LeaderElection94] INFO  server.RaftServerConfigKeys (ConfUtils.java:logGet(43)) - raft.server.rpc.sleep.time = 25ms (default)
2019-09-21 03:24:37,264 [8345bb8e-806e-4c3e-9708-711872905d0a@group-18D45196863A:LeaderElection94] INFO  server.RaftServerConfigKeys (ConfUtils.java:logGet(43)) - raft.server.write.element-limit = 4096 (default)
2019-09-21 03:24:37,267 [grpc-default-executor-4] INFO  impl.RaftServerImpl (ServerState.java:setLeader(253)) - c3d1d526-9aa3-46c6-a575-dac81e178c8f@group-1FDBD0D5DDC9: change Leader from null to 8345bb8e-806e-4c3e-9708-711872905d0a at term 1 for appendEntries, leader elected after 5129ms
2019-09-21 03:24:37,267 [8345bb8e-806e-4c3e-9708-711872905d0a@group-18D45196863A:LeaderElection94] INFO  server.RaftServerConfigKeys (ConfUtils.java:logGet(43)) - raft.server.watch.timeout = 10s (default)
2019-09-21 03:24:37,267 [8345bb8e-806e-4c3e-9708-711872905d0a@group-18D45196863A:LeaderElection94] INFO  server.RaftServerConfigKeys (ConfUtils.java:logGet(43)) - raft.server.watch.timeout.denomination = 1s (default)
2019-09-21 03:24:37,268 [grpc-default-executor-6] INFO  impl.RaftServerImpl (ServerState.java:setLeader(253)) - acf71cc8-0f6b-4f19-a234-fdd28175ad2e@group-1FDBD0D5DDC9: change Leader from null to 8345bb8e-806e-4c3e-9708-711872905d0a at term 1 for appendEntries, leader elected after 5130ms
2019-09-21 03:24:37,268 [8345bb8e-806e-4c3e-9708-711872905d0a@group-18D45196863A:LeaderElection94] INFO  server.RaftServerConfigKeys (ConfUtils.java:logGet(43)) - raft.server.watch.element-limit = 65536 (default)
2019-09-21 03:24:37,275 [grpc-default-executor-6] INFO  impl.RaftServerImpl (ServerState.java:setRaftConf(354)) - c3d1d526-9aa3-46c6-a575-dac81e178c8f@group-1FDBD0D5DDC9: set configuration 0: [c3d1d526-9aa3-46c6-a575-dac81e178c8f:192.168.36.122:36656, 8345bb8e-806e-4c3e-9708-711872905d0a:192.168.36.122:43113, acf71cc8-0f6b-4f19-a234-fdd28175ad2e:192.168.36.122:40092], old=null at 0
2019-09-21 03:24:37,275 [grpc-default-executor-4] INFO  impl.RaftServerImpl (ServerState.java:setRaftConf(354)) - acf71cc8-0f6b-4f19-a234-fdd28175ad2e@group-1FDBD0D5DDC9: set configuration 0: [c3d1d526-9aa3-46c6-a575-dac81e178c8f:192.168.36.122:36656, 8345bb8e-806e-4c3e-9708-711872905d0a:192.168.36.122:43113, acf71cc8-0f6b-4f19-a234-fdd28175ad2e:192.168.36.122:40092], old=null at 0
2019-09-21 03:24:37,275 [8345bb8e-806e-4c3e-9708-711872905d0a@group-18D45196863A:LeaderElection94] INFO  impl.RoleInfo (RoleInfo.java:updateAndGet(143)) - 8345bb8e-806e-4c3e-9708-711872905d0a: start LeaderState
2019-09-21 03:24:37,275 [grpc-default-executor-4] INFO  segmented.SegmentedRaftLogWorker (SegmentedRaftLogWorker.java:startLogSegment(380)) - acf71cc8-0f6b-4f19-a234-fdd28175ad2e@group-1FDBD0D5DDC9-SegmentedRaftLogWorker: Starting segment from index:0
2019-09-21 03:24:37,275 [grpc-default-executor-6] INFO  segmented.SegmentedRaftLogWorker (SegmentedRaftLogWorker.java:startLogSegment(380)) - c3d1d526-9aa3-46c6-a575-dac81e178c8f@group-1FDBD0D5DDC9-SegmentedRaftLogWorker: Starting segment from index:0
2019-09-21 03:24:37,275 [8345bb8e-806e-4c3e-9708-711872905d0a@group-18D45196863A:LeaderElection94] INFO  segmented.SegmentedRaftLogWorker (SegmentedRaftLogWorker.java:startLogSegment(380)) - 8345bb8e-806e-4c3e-9708-711872905d0a@group-18D45196863A-SegmentedRaftLogWorker: Starting segment from index:0
2019-09-21 03:24:37,276 [8345bb8e-806e-4c3e-9708-711872905d0a@group-1FDBD0D5DDC9-SegmentedRaftLogWorker] INFO  segmented.SegmentedRaftLogWorker (SegmentedRaftLogWorker.java:execute(569)) - 8345bb8e-806e-4c3e-9708-711872905d0a@group-1FDBD0D5DDC9-SegmentedRaftLogWorker: created new log segment /workdir/hadoop-ozone/integration-test/target/test-dir/MiniOzoneClusterImpl-e366364a-480d-4d7a-97c1-516fb7a6c1d7/datanode-6/data/ratis/49e1f37a-ac98-4cf3-b391-1fdbd0d5ddc9/current/log_inprogress_0
2019-09-21 03:24:37,276 [8345bb8e-806e-4c3e-9708-711872905d0a@group-18D45196863A:LeaderElection94] INFO  impl.RaftServerImpl (ServerState.java:setRaftConf(354)) - 8345bb8e-806e-4c3e-9708-711872905d0a@group-18D45196863A: set configuration 0: [8345bb8e-806e-4c3e-9708-711872905d0a:192.168.36.122:43113], old=null at 0
2019-09-21 03:24:37,335 [c3d1d526-9aa3-46c6-a575-dac81e178c8f@group-1FDBD0D5DDC9-SegmentedRaftLogWorker] INFO  segmented.SegmentedRaftLogWorker (SegmentedRaftLogWorker.java:execute(569)) - c3d1d526-9aa3-46c6-a575-dac81e178c8f@group-1FDBD0D5DDC9-SegmentedRaftLogWorker: created new log segment /workdir/hadoop-ozone/integration-test/target/test-dir/MiniOzoneClusterImpl-e366364a-480d-4d7a-97c1-516fb7a6c1d7/datanode-3/data/ratis/49e1f37a-ac98-4cf3-b391-1fdbd0d5ddc9/current/log_inprogress_0
2019-09-21 03:24:37,335 [acf71cc8-0f6b-4f19-a234-fdd28175ad2e@group-1FDBD0D5DDC9-SegmentedRaftLogWorker] INFO  segmented.SegmentedRaftLogWorker (SegmentedRaftLogWorker.java:execute(569)) - acf71cc8-0f6b-4f19-a234-fdd28175ad2e@group-1FDBD0D5DDC9-SegmentedRaftLogWorker: created new log segment /workdir/hadoop-ozone/integration-test/target/test-dir/MiniOzoneClusterImpl-e366364a-480d-4d7a-97c1-516fb7a6c1d7/datanode-4/data/ratis/49e1f37a-ac98-4cf3-b391-1fdbd0d5ddc9/current/log_inprogress_0
2019-09-21 03:24:37,348 [8345bb8e-806e-4c3e-9708-711872905d0a@group-18D45196863A-SegmentedRaftLogWorker] INFO  segmented.SegmentedRaftLogWorker (SegmentedRaftLogWorker.java:execute(569)) - 8345bb8e-806e-4c3e-9708-711872905d0a@group-18D45196863A-SegmentedRaftLogWorker: created new log segment /workdir/hadoop-ozone/integration-test/target/test-dir/MiniOzoneClusterImpl-e366364a-480d-4d7a-97c1-516fb7a6c1d7/datanode-6/data/ratis/24d05e7c-dbfb-4cd5-a2a6-18d45196863a/current/log_inprogress_0
2019-09-21 03:24:38,962 [main] WARN  scm.XceiverClientRatis (XceiverClientRatis.java:watchForCommit(292)) - 3 way commit failed on pipeline Pipeline[ Id: 49e1f37a-ac98-4cf3-b391-1fdbd0d5ddc9, Nodes: acf71cc8-0f6b-4f19-a234-fdd28175ad2e{ip: 192.168.36.122, host: pr-hdds-2161-42js2-1613171706, networkLocation: /default-rack, certSerialId: null}8345bb8e-806e-4c3e-9708-711872905d0a{ip: 192.168.36.122, host: pr-hdds-2161-42js2-1613171706, networkLocation: /default-rack, certSerialId: null}c3d1d526-9aa3-46c6-a575-dac81e178c8f{ip: 192.168.36.122, host: pr-hdds-2161-42js2-1613171706, networkLocation: /default-rack, certSerialId: null}, Type:RATIS, Factor:THREE, State:OPEN]
java.util.concurrent.TimeoutException
	at java.util.concurrent.CompletableFuture.timedGet(CompletableFuture.java:1771)
	at java.util.concurrent.CompletableFuture.get(CompletableFuture.java:1915)
	at org.apache.hadoop.hdds.scm.XceiverClientRatis.watchForCommit(XceiverClientRatis.java:289)
	at org.apache.hadoop.hdds.scm.storage.CommitWatcher.watchForCommit(CommitWatcher.java:194)
	at org.apache.hadoop.hdds.scm.storage.CommitWatcher.watchOnLastIndex(CommitWatcher.java:157)
	at org.apache.hadoop.hdds.scm.storage.BlockOutputStream.watchForCommit(BlockOutputStream.java:347)
	at org.apache.hadoop.hdds.scm.storage.BlockOutputStream.handleFlush(BlockOutputStream.java:479)
	at org.apache.hadoop.hdds.scm.storage.BlockOutputStream.flush(BlockOutputStream.java:428)
	at org.apache.hadoop.ozone.client.io.BlockOutputStreamEntry.flush(BlockOutputStreamEntry.java:136)
	at org.apache.hadoop.ozone.client.io.KeyOutputStream.handleFlushOrClose(KeyOutputStream.java:443)
	at org.apache.hadoop.ozone.client.io.KeyOutputStream.flush(KeyOutputStream.java:397)
	at org.apache.hadoop.ozone.client.io.OzoneOutputStream.flush(OzoneOutputStream.java:54)
	at org.apache.hadoop.ozone.client.rpc.TestBlockOutputStreamWithFailures.testFailureWithPrimeSizedData(TestBlockOutputStreamWithFailures.java:599)
	at sun.reflect.NativeMethodAccessorImpl.invoke0(Native Method)
	at sun.reflect.NativeMethodAccessorImpl.invoke(NativeMethodAccessorImpl.java:62)
	at sun.reflect.DelegatingMethodAccessorImpl.invoke(DelegatingMethodAccessorImpl.java:43)
	at java.lang.reflect.Method.invoke(Method.java:498)
	at org.junit.runners.model.FrameworkMethod$1.runReflectiveCall(FrameworkMethod.java:47)
	at org.junit.internal.runners.model.ReflectiveCallable.run(ReflectiveCallable.java:12)
	at org.junit.runners.model.FrameworkMethod.invokeExplosively(FrameworkMethod.java:44)
	at org.junit.internal.runners.statements.InvokeMethod.evaluate(InvokeMethod.java:17)
	at org.junit.internal.runners.statements.RunBefores.evaluate(RunBefores.java:26)
	at org.junit.internal.runners.statements.RunAfters.evaluate(RunAfters.java:27)
	at org.junit.runners.ParentRunner.runLeaf(ParentRunner.java:271)
	at org.junit.runners.BlockJUnit4ClassRunner.runChild(BlockJUnit4ClassRunner.java:70)
	at org.junit.runners.BlockJUnit4ClassRunner.runChild(BlockJUnit4ClassRunner.java:50)
	at org.junit.runners.ParentRunner$3.run(ParentRunner.java:238)
	at org.junit.runners.ParentRunner$1.schedule(ParentRunner.java:63)
	at org.junit.runners.ParentRunner.runChildren(ParentRunner.java:236)
	at org.junit.runners.ParentRunner.access$000(ParentRunner.java:53)
	at org.junit.runners.ParentRunner$2.evaluate(ParentRunner.java:229)
	at org.junit.runners.ParentRunner.run(ParentRunner.java:309)
	at org.apache.maven.surefire.junit4.JUnit4Provider.execute(JUnit4Provider.java:365)
	at org.apache.maven.surefire.junit4.JUnit4Provider.executeWithRerun(JUnit4Provider.java:273)
	at org.apache.maven.surefire.junit4.JUnit4Provider.executeTestSet(JUnit4Provider.java:238)
	at org.apache.maven.surefire.junit4.JUnit4Provider.invoke(JUnit4Provider.java:159)
	at org.apache.maven.surefire.booter.ForkedBooter.invokeProviderInSameClassLoader(ForkedBooter.java:384)
	at org.apache.maven.surefire.booter.ForkedBooter.runSuitesInProcess(ForkedBooter.java:345)
	at org.apache.maven.surefire.booter.ForkedBooter.execute(ForkedBooter.java:126)
	at org.apache.maven.surefire.booter.ForkedBooter.main(ForkedBooter.java:418)
2019-09-21 03:24:39,968 [main] WARN  storage.CommitWatcher (CommitWatcher.java:watchForCommit(203)) - watchForCommit failed for index 4
java.util.concurrent.TimeoutException
	at java.util.concurrent.CompletableFuture.timedGet(CompletableFuture.java:1771)
	at java.util.concurrent.CompletableFuture.get(CompletableFuture.java:1915)
	at org.apache.hadoop.hdds.scm.XceiverClientRatis.watchForCommit(XceiverClientRatis.java:298)
	at org.apache.hadoop.hdds.scm.storage.CommitWatcher.watchForCommit(CommitWatcher.java:194)
	at org.apache.hadoop.hdds.scm.storage.CommitWatcher.watchOnLastIndex(CommitWatcher.java:157)
	at org.apache.hadoop.hdds.scm.storage.BlockOutputStream.watchForCommit(BlockOutputStream.java:347)
	at org.apache.hadoop.hdds.scm.storage.BlockOutputStream.handleFlush(BlockOutputStream.java:479)
	at org.apache.hadoop.hdds.scm.storage.BlockOutputStream.flush(BlockOutputStream.java:428)
	at org.apache.hadoop.ozone.client.io.BlockOutputStreamEntry.flush(BlockOutputStreamEntry.java:136)
	at org.apache.hadoop.ozone.client.io.KeyOutputStream.handleFlushOrClose(KeyOutputStream.java:443)
	at org.apache.hadoop.ozone.client.io.KeyOutputStream.flush(KeyOutputStream.java:397)
	at org.apache.hadoop.ozone.client.io.OzoneOutputStream.flush(OzoneOutputStream.java:54)
	at org.apache.hadoop.ozone.client.rpc.TestBlockOutputStreamWithFailures.testFailureWithPrimeSizedData(TestBlockOutputStreamWithFailures.java:599)
	at sun.reflect.NativeMethodAccessorImpl.invoke0(Native Method)
	at sun.reflect.NativeMethodAccessorImpl.invoke(NativeMethodAccessorImpl.java:62)
	at sun.reflect.DelegatingMethodAccessorImpl.invoke(DelegatingMethodAccessorImpl.java:43)
	at java.lang.reflect.Method.invoke(Method.java:498)
	at org.junit.runners.model.FrameworkMethod$1.runReflectiveCall(FrameworkMethod.java:47)
	at org.junit.internal.runners.model.ReflectiveCallable.run(ReflectiveCallable.java:12)
	at org.junit.runners.model.FrameworkMethod.invokeExplosively(FrameworkMethod.java:44)
	at org.junit.internal.runners.statements.InvokeMethod.evaluate(InvokeMethod.java:17)
	at org.junit.internal.runners.statements.RunBefores.evaluate(RunBefores.java:26)
	at org.junit.internal.runners.statements.RunAfters.evaluate(RunAfters.java:27)
	at org.junit.runners.ParentRunner.runLeaf(ParentRunner.java:271)
	at org.junit.runners.BlockJUnit4ClassRunner.runChild(BlockJUnit4ClassRunner.java:70)
	at org.junit.runners.BlockJUnit4ClassRunner.runChild(BlockJUnit4ClassRunner.java:50)
	at org.junit.runners.ParentRunner$3.run(ParentRunner.java:238)
	at org.junit.runners.ParentRunner$1.schedule(ParentRunner.java:63)
	at org.junit.runners.ParentRunner.runChildren(ParentRunner.java:236)
	at org.junit.runners.ParentRunner.access$000(ParentRunner.java:53)
	at org.junit.runners.ParentRunner$2.evaluate(ParentRunner.java:229)
	at org.junit.runners.ParentRunner.run(ParentRunner.java:309)
	at org.apache.maven.surefire.junit4.JUnit4Provider.execute(JUnit4Provider.java:365)
	at org.apache.maven.surefire.junit4.JUnit4Provider.executeWithRerun(JUnit4Provider.java:273)
	at org.apache.maven.surefire.junit4.JUnit4Provider.executeTestSet(JUnit4Provider.java:238)
	at org.apache.maven.surefire.junit4.JUnit4Provider.invoke(JUnit4Provider.java:159)
	at org.apache.maven.surefire.booter.ForkedBooter.invokeProviderInSameClassLoader(ForkedBooter.java:384)
	at org.apache.maven.surefire.booter.ForkedBooter.runSuitesInProcess(ForkedBooter.java:345)
	at org.apache.maven.surefire.booter.ForkedBooter.execute(ForkedBooter.java:126)
	at org.apache.maven.surefire.booter.ForkedBooter.main(ForkedBooter.java:418)
2019-09-21 03:24:39,970 [main] WARN  io.KeyOutputStream (KeyOutputStream.java:handleException(274)) - Encountered exception java.io.IOException: Unexpected Storage Container Exception: java.io.IOException: Unexpected Storage Container Exception: java.util.concurrent.TimeoutException on the pipeline Pipeline[ Id: 49e1f37a-ac98-4cf3-b391-1fdbd0d5ddc9, Nodes: acf71cc8-0f6b-4f19-a234-fdd28175ad2e{ip: 192.168.36.122, host: pr-hdds-2161-42js2-1613171706, networkLocation: /default-rack, certSerialId: null}8345bb8e-806e-4c3e-9708-711872905d0a{ip: 192.168.36.122, host: pr-hdds-2161-42js2-1613171706, networkLocation: /default-rack, certSerialId: null}c3d1d526-9aa3-46c6-a575-dac81e178c8f{ip: 192.168.36.122, host: pr-hdds-2161-42js2-1613171706, networkLocation: /default-rack, certSerialId: null}, Type:RATIS, Factor:THREE, State:OPEN]. The last committed block length is 0, uncommitted data length is 167 retry count 0
2019-09-21 03:24:40,168 [main] INFO  ozone.MiniOzoneClusterImpl (MiniOzoneClusterImpl.java:shutdown(314)) - Shutting down the Mini Ozone Cluster
2019-09-21 03:24:40,168 [main] INFO  ozone.MiniOzoneClusterImpl (MiniOzoneClusterImpl.java:stop(330)) - Stopping the Mini Ozone Cluster
2019-09-21 03:24:40,168 [main] INFO  ozone.MiniOzoneClusterImpl (MiniOzoneClusterImpl.java:stopOM(400)) - Stopping the OzoneManager
2019-09-21 03:24:40,169 [main] INFO  ipc.Server (Server.java:stop(3082)) - Stopping server on 39881
2019-09-21 03:24:40,179 [IPC Server listener on 39881] INFO  ipc.Server (Server.java:run(1185)) - Stopping IPC Server listener on 39881
2019-09-21 03:24:40,190 [main] INFO  ratis.OzoneManagerDoubleBuffer (OzoneManagerDoubleBuffer.java:stop(248)) - Stopping OMDoubleBuffer flush thread
2019-09-21 03:24:40,191 [IPC Server Responder] INFO  ipc.Server (Server.java:run(1319)) - Stopping IPC Server Responder
2019-09-21 03:24:40,193 [OMDoubleBufferFlushThread] INFO  ratis.OzoneManagerDoubleBuffer (OzoneManagerDoubleBuffer.java:flushTransactions(191)) - OMDoubleBuffer flush thread OMDoubleBufferFlushThread is interrupted and will exit. OMDoubleBufferFlushThread
2019-09-21 03:24:40,193 [main] INFO  utils.BackgroundService (BackgroundService.java:shutdown(148)) - Shutting down service KeyDeletingService
2019-09-21 03:24:40,195 [main] INFO  handler.ContextHandler (ContextHandler.java:doStop(910)) - Stopped o.e.j.w.WebAppContext@6cdbe5ec{/,null,UNAVAILABLE}{/ozoneManager}
2019-09-21 03:24:40,195 [main] INFO  server.AbstractConnector (AbstractConnector.java:doStop(318)) - Stopped ServerConnector@14b8a751{HTTP/1.1,[http/1.1]}{0.0.0.0:0}
2019-09-21 03:24:40,195 [main] INFO  handler.ContextHandler (ContextHandler.java:doStop(910)) - Stopped o.e.j.s.ServletContextHandler@57a667c8{/static,file:///workdir/hadoop-ozone/integration-test/target/test-classes/webapps/static,UNAVAILABLE}
2019-09-21 03:24:40,196 [main] INFO  handler.ContextHandler (ContextHandler.java:doStop(910)) - Stopped o.e.j.s.ServletContextHandler@6c07add6{/logs,file:///workdir/hadoop-ozone/integration-test/target/log,UNAVAILABLE}
2019-09-21 03:24:40,198 [main] INFO  ozone.MiniOzoneClusterImpl (MiniOzoneClusterImpl.java:stopDatanodes(377)) - Stopping the HddsDatanodes
2019-09-21 03:24:40,853 [Datanode State Machine Thread - 0] INFO  statemachine.DatanodeStateMachine (DatanodeStateMachine.java:lambda$startDaemon$0(350)) - Ozone container server started.
2019-09-21 03:24:41,102 [Datanode State Machine Thread - 0] INFO  statemachine.DatanodeStateMachine (DatanodeStateMachine.java:lambda$startDaemon$0(350)) - Ozone container server started.
2019-09-21 03:24:44,884 [EventQueue-StaleNodeForStaleNodeHandler] INFO  node.StaleNodeHandler (StaleNodeHandler.java:onMessage(58)) - Datanode acf71cc8-0f6b-4f19-a234-fdd28175ad2e{ip: 192.168.36.122, host: pr-hdds-2161-42js2-1613171706, networkLocation: /default-rack, certSerialId: null} moved to stale state. Finalizing its pipelines [PipelineID=49e1f37a-ac98-4cf3-b391-1fdbd0d5ddc9, PipelineID=c57ac47d-d4e6-414a-8825-b27e3e982cb1]
2019-09-21 03:24:44,885 [EventQueue-StaleNodeForStaleNodeHandler] INFO  pipeline.SCMPipelineManager (SCMPipelineManager.java:finalizeAndDestroyPipeline(315)) - destroying pipeline:Pipeline[ Id: 49e1f37a-ac98-4cf3-b391-1fdbd0d5ddc9, Nodes: acf71cc8-0f6b-4f19-a234-fdd28175ad2e{ip: 192.168.36.122, host: pr-hdds-2161-42js2-1613171706, networkLocation: /default-rack, certSerialId: null}8345bb8e-806e-4c3e-9708-711872905d0a{ip: 192.168.36.122, host: pr-hdds-2161-42js2-1613171706, networkLocation: /default-rack, certSerialId: null}c3d1d526-9aa3-46c6-a575-dac81e178c8f{ip: 192.168.36.122, host: pr-hdds-2161-42js2-1613171706, networkLocation: /default-rack, certSerialId: null}, Type:RATIS, Factor:THREE, State:OPEN]
2019-09-21 03:24:44,886 [EventQueue-StaleNodeForStaleNodeHandler] INFO  pipeline.PipelineStateManager (PipelineStateManager.java:finalizePipeline(123)) - Pipeline Pipeline[ Id: 49e1f37a-ac98-4cf3-b391-1fdbd0d5ddc9, Nodes: acf71cc8-0f6b-4f19-a234-fdd28175ad2e{ip: 192.168.36.122, host: pr-hdds-2161-42js2-1613171706, networkLocation: /default-rack, certSerialId: null}8345bb8e-806e-4c3e-9708-711872905d0a{ip: 192.168.36.122, host: pr-hdds-2161-42js2-1613171706, networkLocation: /default-rack, certSerialId: null}c3d1d526-9aa3-46c6-a575-dac81e178c8f{ip: 192.168.36.122, host: pr-hdds-2161-42js2-1613171706, networkLocation: /default-rack, certSerialId: null}, Type:RATIS, Factor:THREE, State:CLOSED] moved to CLOSED state
2019-09-21 03:24:44,887 [EventQueue-CloseContainerForCloseContainerEventHandler] INFO  container.CloseContainerEventHandler (CloseContainerEventHandler.java:onMessage(61)) - Close container Event triggered for container : #1
2019-09-21 03:24:44,891 [EventQueue-StaleNodeForStaleNodeHandler] INFO  pipeline.SCMPipelineManager (SCMPipelineManager.java:finalizeAndDestroyPipeline(315)) - destroying pipeline:Pipeline[ Id: c57ac47d-d4e6-414a-8825-b27e3e982cb1, Nodes: acf71cc8-0f6b-4f19-a234-fdd28175ad2e{ip: 192.168.36.122, host: pr-hdds-2161-42js2-1613171706, networkLocation: /default-rack, certSerialId: null}, Type:RATIS, Factor:ONE, State:OPEN]
2019-09-21 03:24:44,894 [EventQueue-StaleNodeForStaleNodeHandler] INFO  pipeline.PipelineStateManager (PipelineStateManager.java:finalizePipeline(123)) - Pipeline Pipeline[ Id: c57ac47d-d4e6-414a-8825-b27e3e982cb1, Nodes: acf71cc8-0f6b-4f19-a234-fdd28175ad2e{ip: 192.168.36.122, host: pr-hdds-2161-42js2-1613171706, networkLocation: /default-rack, certSerialId: null}, Type:RATIS, Factor:ONE, State:CLOSED] moved to CLOSED state
2019-09-21 03:24:45,185 [EventQueue-StaleNodeForStaleNodeHandler] INFO  node.StaleNodeHandler (StaleNodeHandler.java:onMessage(58)) - Datanode 77ce14fb-fb72-4a93-bc2b-6f1918656d29{ip: 192.168.36.122, host: pr-hdds-2161-42js2-1613171706, networkLocation: /default-rack, certSerialId: null} moved to stale state. Finalizing its pipelines [PipelineID=708bce1b-6f66-47ec-960b-d8279a07e3a0, PipelineID=8cae482e-c74a-4a8c-b63c-30645ce406f3]
2019-09-21 03:24:45,187 [EventQueue-StaleNodeForStaleNodeHandler] INFO  pipeline.SCMPipelineManager (SCMPipelineManager.java:finalizeAndDestroyPipeline(315)) - destroying pipeline:Pipeline[ Id: 708bce1b-6f66-47ec-960b-d8279a07e3a0, Nodes: 77ce14fb-fb72-4a93-bc2b-6f1918656d29{ip: 192.168.36.122, host: pr-hdds-2161-42js2-1613171706, networkLocation: /default-rack, certSerialId: null}, Type:RATIS, Factor:ONE, State:OPEN]
2019-09-21 03:24:45,188 [EventQueue-StaleNodeForStaleNodeHandler] INFO  pipeline.PipelineStateManager (PipelineStateManager.java:finalizePipeline(123)) - Pipeline Pipeline[ Id: 708bce1b-6f66-47ec-960b-d8279a07e3a0, Nodes: 77ce14fb-fb72-4a93-bc2b-6f1918656d29{ip: 192.168.36.122, host: pr-hdds-2161-42js2-1613171706, networkLocation: /default-rack, certSerialId: null}, Type:RATIS, Factor:ONE, State:CLOSED] moved to CLOSED state
2019-09-21 03:24:45,188 [EventQueue-StaleNodeForStaleNodeHandler] INFO  pipeline.SCMPipelineManager (SCMPipelineManager.java:finalizeAndDestroyPipeline(315)) - destroying pipeline:Pipeline[ Id: 8cae482e-c74a-4a8c-b63c-30645ce406f3, Nodes: 3c0d2216-17fa-4c3e-a525-6908efbd555c{ip: 192.168.36.122, host: pr-hdds-2161-42js2-1613171706, networkLocation: /default-rack, certSerialId: null}77ce14fb-fb72-4a93-bc2b-6f1918656d29{ip: 192.168.36.122, host: pr-hdds-2161-42js2-1613171706, networkLocation: /default-rack, certSerialId: null}5c850443-2394-4991-83c1-edacc95aa548{ip: 192.168.36.122, host: pr-hdds-2161-42js2-1613171706, networkLocation: /default-rack, certSerialId: null}, Type:RATIS, Factor:THREE, State:OPEN]
2019-09-21 03:24:45,188 [EventQueue-StaleNodeForStaleNodeHandler] INFO  pipeline.PipelineStateManager (PipelineStateManager.java:finalizePipeline(123)) - Pipeline Pipeline[ Id: 8cae482e-c74a-4a8c-b63c-30645ce406f3, Nodes: 3c0d2216-17fa-4c3e-a525-6908efbd555c{ip: 192.168.36.122, host: pr-hdds-2161-42js2-1613171706, networkLocation: /default-rack, certSerialId: null}77ce14fb-fb72-4a93-bc2b-6f1918656d29{ip: 192.168.36.122, host: pr-hdds-2161-42js2-1613171706, networkLocation: /default-rack, certSerialId: null}5c850443-2394-4991-83c1-edacc95aa548{ip: 192.168.36.122, host: pr-hdds-2161-42js2-1613171706, networkLocation: /default-rack, certSerialId: null}, Type:RATIS, Factor:THREE, State:CLOSED] moved to CLOSED state
2019-09-21 03:24:45,189 [EventQueue-CloseContainerForCloseContainerEventHandler] INFO  container.CloseContainerEventHandler (CloseContainerEventHandler.java:onMessage(61)) - Close container Event triggered for container : #2
2019-09-21 03:24:45,199 [main] INFO  ozoneimpl.OzoneContainer (OzoneContainer.java:stop(231)) - Attempting to stop container services.
2019-09-21 03:24:45,199 [ForkJoinPool.commonPool-worker-0] INFO  ozoneimpl.OzoneContainer (OzoneContainer.java:stop(231)) - Attempting to stop container services.
2019-09-21 03:24:45,202 [main] INFO  impl.RaftServerProxy (RaftServerProxy.java:lambda$close$4(314)) - acf71cc8-0f6b-4f19-a234-fdd28175ad2e: close
2019-09-21 03:24:45,202 [ForkJoinPool.commonPool-worker-0] INFO  impl.RaftServerProxy (RaftServerProxy.java:lambda$close$4(314)) - 77ce14fb-fb72-4a93-bc2b-6f1918656d29: close
2019-09-21 03:24:45,202 [main] INFO  impl.RaftServerImpl (RaftServerImpl.java:lambda$shutdown$3(251)) - acf71cc8-0f6b-4f19-a234-fdd28175ad2e@group-1FDBD0D5DDC9: shutdown
2019-09-21 03:24:45,202 [ForkJoinPool.commonPool-worker-0] INFO  impl.RaftServerImpl (RaftServerImpl.java:lambda$shutdown$3(251)) - 77ce14fb-fb72-4a93-bc2b-6f1918656d29@group-D8279A07E3A0: shutdown
2019-09-21 03:24:45,203 [main] INFO  util.JmxRegister (JmxRegister.java:unregister(73)) - Successfully un-registered JMX Bean with object name Ratis:service=RaftServer,group=group-1FDBD0D5DDC9,id=acf71cc8-0f6b-4f19-a234-fdd28175ad2e
2019-09-21 03:24:45,203 [ForkJoinPool.commonPool-worker-0] INFO  util.JmxRegister (JmxRegister.java:unregister(73)) - Successfully un-registered JMX Bean with object name Ratis:service=RaftServer,group=group-D8279A07E3A0,id=77ce14fb-fb72-4a93-bc2b-6f1918656d29
2019-09-21 03:24:45,203 [main] INFO  impl.RoleInfo (RoleInfo.java:shutdownFollowerState(121)) - acf71cc8-0f6b-4f19-a234-fdd28175ad2e: shutdown FollowerState
2019-09-21 03:24:45,204 [ForkJoinPool.commonPool-worker-0] INFO  impl.RoleInfo (RoleInfo.java:shutdownLeaderState(104)) - 77ce14fb-fb72-4a93-bc2b-6f1918656d29: shutdown LeaderState
2019-09-21 03:24:45,204 [acf71cc8-0f6b-4f19-a234-fdd28175ad2e@group-1FDBD0D5DDC9-StateMachineUpdater] INFO  ratis.ContainerStateMachine (ContainerStateMachine.java:takeSnapshot(289)) - group-1FDBD0D5DDC9: Taking a snapshot at:(t:1, i:6) file /workdir/hadoop-ozone/integration-test/target/test-dir/MiniOzoneClusterImpl-e366364a-480d-4d7a-97c1-516fb7a6c1d7/datanode-4/data/ratis/49e1f37a-ac98-4cf3-b391-1fdbd0d5ddc9/sm/snapshot.1_6
2019-09-21 03:24:45,204 [Thread-3563] INFO  impl.FollowerState (FollowerState.java:run(115)) - acf71cc8-0f6b-4f19-a234-fdd28175ad2e: FollowerState was interrupted: java.lang.InterruptedException: sleep interrupted
2019-09-21 03:24:45,204 [main] INFO  impl.StateMachineUpdater (StateMachineUpdater.java:stopAndJoin(125)) - acf71cc8-0f6b-4f19-a234-fdd28175ad2e@group-1FDBD0D5DDC9-StateMachineUpdater: set stopIndex = 6
2019-09-21 03:24:45,204 [ForkJoinPool.commonPool-worker-0] INFO  impl.PendingRequests (PendingRequests.java:sendNotLeaderResponses(202)) - 77ce14fb-fb72-4a93-bc2b-6f1918656d29-PendingRequests: sendNotLeaderResponses
2019-09-21 03:24:45,207 [ForkJoinPool.commonPool-worker-0] INFO  impl.StateMachineUpdater (StateMachineUpdater.java:stopAndJoin(125)) - 77ce14fb-fb72-4a93-bc2b-6f1918656d29@group-D8279A07E3A0-StateMachineUpdater: set stopIndex = 0
2019-09-21 03:24:45,207 [ForkJoinPool.commonPool-worker-0] INFO  impl.RaftServerImpl (ServerState.java:close(385)) - 77ce14fb-fb72-4a93-bc2b-6f1918656d29@group-D8279A07E3A0: closes. applyIndex: 0
2019-09-21 03:24:45,208 [77ce14fb-fb72-4a93-bc2b-6f1918656d29@group-D8279A07E3A0-SegmentedRaftLogWorker] INFO  segmented.SegmentedRaftLogWorker (SegmentedRaftLogWorker.java:run(313)) - 77ce14fb-fb72-4a93-bc2b-6f1918656d29@group-D8279A07E3A0-SegmentedRaftLogWorker was interrupted, exiting. There are 0 tasks remaining in the queue.
2019-09-21 03:24:45,210 [ForkJoinPool.commonPool-worker-0] INFO  segmented.SegmentedRaftLogWorker (SegmentedRaftLogWorker.java:close(228)) - 77ce14fb-fb72-4a93-bc2b-6f1918656d29@group-D8279A07E3A0-SegmentedRaftLogWorker close()
2019-09-21 03:24:45,214 [ForkJoinPool.commonPool-worker-0] INFO  impl.RaftServerImpl (RaftServerImpl.java:lambda$shutdown$3(251)) - 77ce14fb-fb72-4a93-bc2b-6f1918656d29@group-30645CE406F3: shutdown
2019-09-21 03:24:45,214 [ForkJoinPool.commonPool-worker-0] INFO  util.JmxRegister (JmxRegister.java:unregister(73)) - Successfully un-registered JMX Bean with object name Ratis:service=RaftServer,group=group-30645CE406F3,id=77ce14fb-fb72-4a93-bc2b-6f1918656d29
2019-09-21 03:24:45,214 [ForkJoinPool.commonPool-worker-0] INFO  impl.RoleInfo (RoleInfo.java:shutdownFollowerState(121)) - 77ce14fb-fb72-4a93-bc2b-6f1918656d29: shutdown FollowerState
2019-09-21 03:24:45,214 [ForkJoinPool.commonPool-worker-0] INFO  impl.StateMachineUpdater (StateMachineUpdater.java:stopAndJoin(125)) - 77ce14fb-fb72-4a93-bc2b-6f1918656d29@group-30645CE406F3-StateMachineUpdater: set stopIndex = 6
2019-09-21 03:24:45,215 [Thread-3541] INFO  impl.FollowerState (FollowerState.java:run(115)) - 77ce14fb-fb72-4a93-bc2b-6f1918656d29: FollowerState was interrupted: java.lang.InterruptedException: sleep interrupted
2019-09-21 03:24:45,215 [77ce14fb-fb72-4a93-bc2b-6f1918656d29@group-30645CE406F3-StateMachineUpdater] INFO  ratis.ContainerStateMachine (ContainerStateMachine.java:takeSnapshot(289)) - group-30645CE406F3: Taking a snapshot at:(t:1, i:4) file /workdir/hadoop-ozone/integration-test/target/test-dir/MiniOzoneClusterImpl-e366364a-480d-4d7a-97c1-516fb7a6c1d7/datanode-1/data/ratis/8cae482e-c74a-4a8c-b63c-30645ce406f3/sm/snapshot.1_4
2019-09-21 03:24:45,230 [77ce14fb-fb72-4a93-bc2b-6f1918656d29@group-30645CE406F3-StateMachineUpdater] INFO  ratis.ContainerStateMachine (ContainerStateMachine.java:takeSnapshot(300)) - group-30645CE406F3: Finished taking a snapshot at:(t:1, i:4) file:/workdir/hadoop-ozone/integration-test/target/test-dir/MiniOzoneClusterImpl-e366364a-480d-4d7a-97c1-516fb7a6c1d7/datanode-1/data/ratis/8cae482e-c74a-4a8c-b63c-30645ce406f3/sm/snapshot.1_4 time:16
2019-09-21 03:24:45,230 [acf71cc8-0f6b-4f19-a234-fdd28175ad2e@group-1FDBD0D5DDC9-StateMachineUpdater] INFO  ratis.ContainerStateMachine (ContainerStateMachine.java:takeSnapshot(300)) - group-1FDBD0D5DDC9: Finished taking a snapshot at:(t:1, i:6) file:/workdir/hadoop-ozone/integration-test/target/test-dir/MiniOzoneClusterImpl-e366364a-480d-4d7a-97c1-516fb7a6c1d7/datanode-4/data/ratis/49e1f37a-ac98-4cf3-b391-1fdbd0d5ddc9/sm/snapshot.1_6 time:27
2019-09-21 03:24:45,231 [77ce14fb-fb72-4a93-bc2b-6f1918656d29@group-30645CE406F3-StateMachineUpdater] INFO  impl.StateMachineUpdater (StateMachineUpdater.java:takeSnapshot(258)) - 77ce14fb-fb72-4a93-bc2b-6f1918656d29@group-30645CE406F3-StateMachineUpdater: Took a snapshot at index 4
2019-09-21 03:24:45,231 [acf71cc8-0f6b-4f19-a234-fdd28175ad2e@group-1FDBD0D5DDC9-StateMachineUpdater] INFO  impl.StateMachineUpdater (StateMachineUpdater.java:takeSnapshot(258)) - acf71cc8-0f6b-4f19-a234-fdd28175ad2e@group-1FDBD0D5DDC9-StateMachineUpdater: Took a snapshot at index 6
2019-09-21 03:24:45,231 [77ce14fb-fb72-4a93-bc2b-6f1918656d29@group-30645CE406F3-StateMachineUpdater] INFO  impl.StateMachineUpdater (StateMachineUpdater.java:lambda$new$0(83)) - 77ce14fb-fb72-4a93-bc2b-6f1918656d29@group-30645CE406F3-StateMachineUpdater: snapshotIndex: updateIncreasingly -1 -> 4
2019-09-21 03:24:45,231 [acf71cc8-0f6b-4f19-a234-fdd28175ad2e@group-1FDBD0D5DDC9-StateMachineUpdater] INFO  impl.StateMachineUpdater (StateMachineUpdater.java:lambda$new$0(83)) - acf71cc8-0f6b-4f19-a234-fdd28175ad2e@group-1FDBD0D5DDC9-StateMachineUpdater: snapshotIndex: updateIncreasingly -1 -> 6
2019-09-21 03:24:45,231 [77ce14fb-fb72-4a93-bc2b-6f1918656d29@group-30645CE406F3-StateMachineUpdater] INFO  ratis.ContainerStateMachine (ContainerStateMachine.java:takeSnapshot(289)) - group-30645CE406F3: Taking a snapshot at:(t:1, i:4) file /workdir/hadoop-ozone/integration-test/target/test-dir/MiniOzoneClusterImpl-e366364a-480d-4d7a-97c1-516fb7a6c1d7/datanode-1/data/ratis/8cae482e-c74a-4a8c-b63c-30645ce406f3/sm/snapshot.1_4
2019-09-21 03:24:45,231 [main] INFO  impl.RaftServerImpl (ServerState.java:close(385)) - acf71cc8-0f6b-4f19-a234-fdd28175ad2e@group-1FDBD0D5DDC9: closes. applyIndex: 6
2019-09-21 03:24:45,232 [acf71cc8-0f6b-4f19-a234-fdd28175ad2e@group-1FDBD0D5DDC9-SegmentedRaftLogWorker] INFO  segmented.SegmentedRaftLogWorker (SegmentedRaftLogWorker.java:run(313)) - acf71cc8-0f6b-4f19-a234-fdd28175ad2e@group-1FDBD0D5DDC9-SegmentedRaftLogWorker was interrupted, exiting. There are 0 tasks remaining in the queue.
2019-09-21 03:24:45,234 [77ce14fb-fb72-4a93-bc2b-6f1918656d29@group-30645CE406F3-StateMachineUpdater] INFO  ratis.ContainerStateMachine (ContainerStateMachine.java:takeSnapshot(300)) - group-30645CE406F3: Finished taking a snapshot at:(t:1, i:4) file:/workdir/hadoop-ozone/integration-test/target/test-dir/MiniOzoneClusterImpl-e366364a-480d-4d7a-97c1-516fb7a6c1d7/datanode-1/data/ratis/8cae482e-c74a-4a8c-b63c-30645ce406f3/sm/snapshot.1_4 time:3
2019-09-21 03:24:45,234 [main] INFO  segmented.SegmentedRaftLogWorker (SegmentedRaftLogWorker.java:close(228)) - acf71cc8-0f6b-4f19-a234-fdd28175ad2e@group-1FDBD0D5DDC9-SegmentedRaftLogWorker close()
2019-09-21 03:24:45,234 [77ce14fb-fb72-4a93-bc2b-6f1918656d29@group-30645CE406F3-StateMachineUpdater] INFO  impl.StateMachineUpdater (StateMachineUpdater.java:takeSnapshot(258)) - 77ce14fb-fb72-4a93-bc2b-6f1918656d29@group-30645CE406F3-StateMachineUpdater: Took a snapshot at index 4
2019-09-21 03:24:45,238 [main] INFO  impl.RaftServerImpl (RaftServerImpl.java:lambda$shutdown$3(251)) - acf71cc8-0f6b-4f19-a234-fdd28175ad2e@group-B27E3E982CB1: shutdown
2019-09-21 03:24:45,238 [77ce14fb-fb72-4a93-bc2b-6f1918656d29@group-30645CE406F3-StateMachineUpdater] INFO  impl.StateMachineUpdater (StateMachineUpdater.java:lambda$new$0(83)) - 77ce14fb-fb72-4a93-bc2b-6f1918656d29@group-30645CE406F3-StateMachineUpdater: snapshotIndex: updateIncreasingly 4 -> 4
2019-09-21 03:24:45,238 [main] INFO  util.JmxRegister (JmxRegister.java:unregister(73)) - Successfully un-registered JMX Bean with object name Ratis:service=RaftServer,group=group-B27E3E982CB1,id=acf71cc8-0f6b-4f19-a234-fdd28175ad2e
2019-09-21 03:24:45,239 [ForkJoinPool.commonPool-worker-0] INFO  impl.RaftServerImpl (ServerState.java:close(385)) - 77ce14fb-fb72-4a93-bc2b-6f1918656d29@group-30645CE406F3: closes. applyIndex: 6
2019-09-21 03:24:45,239 [main] INFO  impl.RoleInfo (RoleInfo.java:shutdownLeaderState(104)) - acf71cc8-0f6b-4f19-a234-fdd28175ad2e: shutdown LeaderState
2019-09-21 03:24:45,239 [77ce14fb-fb72-4a93-bc2b-6f1918656d29@group-30645CE406F3-SegmentedRaftLogWorker] INFO  segmented.SegmentedRaftLogWorker (SegmentedRaftLogWorker.java:run(313)) - 77ce14fb-fb72-4a93-bc2b-6f1918656d29@group-30645CE406F3-SegmentedRaftLogWorker was interrupted, exiting. There are 0 tasks remaining in the queue.
2019-09-21 03:24:45,239 [main] INFO  impl.PendingRequests (PendingRequests.java:sendNotLeaderResponses(202)) - acf71cc8-0f6b-4f19-a234-fdd28175ad2e-PendingRequests: sendNotLeaderResponses
2019-09-21 03:24:45,241 [ForkJoinPool.commonPool-worker-0] INFO  segmented.SegmentedRaftLogWorker (SegmentedRaftLogWorker.java:close(228)) - 77ce14fb-fb72-4a93-bc2b-6f1918656d29@group-30645CE406F3-SegmentedRaftLogWorker close()
2019-09-21 03:24:45,241 [main] INFO  impl.StateMachineUpdater (StateMachineUpdater.java:stopAndJoin(125)) - acf71cc8-0f6b-4f19-a234-fdd28175ad2e@group-B27E3E982CB1-StateMachineUpdater: set stopIndex = 0
2019-09-21 03:24:45,245 [ForkJoinPool.commonPool-worker-0] INFO  server.GrpcService (GrpcService.java:closeImpl(164)) - 77ce14fb-fb72-4a93-bc2b-6f1918656d29: shutdown server with port 42649 now
2019-09-21 03:24:45,245 [main] INFO  impl.RaftServerImpl (ServerState.java:close(385)) - acf71cc8-0f6b-4f19-a234-fdd28175ad2e@group-B27E3E982CB1: closes. applyIndex: 0
2019-09-21 03:24:45,245 [acf71cc8-0f6b-4f19-a234-fdd28175ad2e@group-B27E3E982CB1-SegmentedRaftLogWorker] INFO  segmented.SegmentedRaftLogWorker (SegmentedRaftLogWorker.java:run(313)) - acf71cc8-0f6b-4f19-a234-fdd28175ad2e@group-B27E3E982CB1-SegmentedRaftLogWorker was interrupted, exiting. There are 0 tasks remaining in the queue.
2019-09-21 03:24:45,247 [main] INFO  segmented.SegmentedRaftLogWorker (SegmentedRaftLogWorker.java:close(228)) - acf71cc8-0f6b-4f19-a234-fdd28175ad2e@group-B27E3E982CB1-SegmentedRaftLogWorker close()
2019-09-21 03:24:45,250 [main] INFO  server.GrpcService (GrpcService.java:closeImpl(164)) - acf71cc8-0f6b-4f19-a234-fdd28175ad2e: shutdown server with port 40092 now
2019-09-21 03:24:45,250 [grpc-default-executor-4] WARN  server.GrpcServerProtocolService (LogUtils.java:warn(134)) - 77ce14fb-fb72-4a93-bc2b-6f1918656d29: installSnapshot onError, lastRequest: 3c0d2216-17fa-4c3e-a525-6908efbd555c->77ce14fb-fb72-4a93-bc2b-6f1918656d29#10-t1, previous=(t:1, i:6), leaderCommit=6, initializing? false, entries: <empty>: org.apache.ratis.thirdparty.io.grpc.StatusRuntimeException: CANCELLED: cancelled before receiving half close
2019-09-21 03:24:45,251 [grpc-default-executor-6] WARN  server.GrpcLogAppender (LogUtils.java:warn(134)) - 3c0d2216-17fa-4c3e-a525-6908efbd555c@group-30645CE406F3->77ce14fb-fb72-4a93-bc2b-6f1918656d29-AppendLogResponseHandler: Failed appendEntries: org.apache.ratis.thirdparty.io.grpc.StatusRuntimeException: CANCELLED: HTTP/2 error code: CANCEL
Received Rst Stream
2019-09-21 03:24:45,251 [ForkJoinPool.commonPool-worker-0] INFO  server.GrpcService (GrpcService.java:closeImpl(172)) - 77ce14fb-fb72-4a93-bc2b-6f1918656d29: shutdown server with port 42649 successfully
2019-09-21 03:24:45,251 [grpc-default-executor-6] INFO  impl.FollowerInfo (FollowerInfo.java:lambda$new$0(51)) - 3c0d2216-17fa-4c3e-a525-6908efbd555c@group-30645CE406F3->77ce14fb-fb72-4a93-bc2b-6f1918656d29: nextIndex: updateUnconditionally 7 -> 6
2019-09-21 03:24:45,252 [grpc-default-executor-13] WARN  server.GrpcServerProtocolService (LogUtils.java:warn(134)) - acf71cc8-0f6b-4f19-a234-fdd28175ad2e: installSnapshot onError, lastRequest: 8345bb8e-806e-4c3e-9708-711872905d0a->acf71cc8-0f6b-4f19-a234-fdd28175ad2e#9-t1, previous=(t:1, i:6), leaderCommit=6, initializing? false, entries: <empty>: org.apache.ratis.thirdparty.io.grpc.StatusRuntimeException: CANCELLED: cancelled before receiving half close
2019-09-21 03:24:45,252 [grpc-default-executor-14] WARN  server.GrpcLogAppender (LogUtils.java:warn(134)) - 8345bb8e-806e-4c3e-9708-711872905d0a@group-1FDBD0D5DDC9->acf71cc8-0f6b-4f19-a234-fdd28175ad2e-AppendLogResponseHandler: Failed appendEntries: org.apache.ratis.thirdparty.io.grpc.StatusRuntimeException: CANCELLED: HTTP/2 error code: CANCEL
Received Rst Stream
2019-09-21 03:24:45,252 [main] INFO  server.GrpcService (GrpcService.java:closeImpl(172)) - acf71cc8-0f6b-4f19-a234-fdd28175ad2e: shutdown server with port 40092 successfully
2019-09-21 03:24:45,252 [grpc-default-executor-14] INFO  impl.FollowerInfo (FollowerInfo.java:lambda$new$0(51)) - 8345bb8e-806e-4c3e-9708-711872905d0a@group-1FDBD0D5DDC9->acf71cc8-0f6b-4f19-a234-fdd28175ad2e: nextIndex: updateUnconditionally 7 -> 6
2019-09-21 03:24:45,253 [refreshUsed-/workdir/hadoop-ozone/integration-test/target/test-dir/MiniOzoneClusterImpl-e366364a-480d-4d7a-97c1-516fb7a6c1d7/datanode-1/data/containers] WARN  fs.CachingGetSpaceUsed (CachingGetSpaceUsed.java:run(183)) - Thread Interrupted waiting to refresh disk information: sleep interrupted
2019-09-21 03:24:45,255 [refreshUsed-/workdir/hadoop-ozone/integration-test/target/test-dir/MiniOzoneClusterImpl-e366364a-480d-4d7a-97c1-516fb7a6c1d7/datanode-4/data/containers] WARN  fs.CachingGetSpaceUsed (CachingGetSpaceUsed.java:run(183)) - Thread Interrupted waiting to refresh disk information: sleep interrupted
2019-09-21 03:24:45,269 [main] INFO  utils.BackgroundService (BackgroundService.java:shutdown(148)) - Shutting down service BlockDeletingService
2019-09-21 03:24:45,282 [main] INFO  statemachine.DatanodeStateMachine (DatanodeStateMachine.java:stopDaemon(395)) - Ozone container server stopped.
2019-09-21 03:24:45,283 [main] INFO  handler.ContextHandler (ContextHandler.java:doStop(910)) - Stopped o.e.j.w.WebAppContext@32da97fd{/,null,UNAVAILABLE}{/hddsDatanode}
2019-09-21 03:24:45,284 [main] INFO  server.AbstractConnector (AbstractConnector.java:doStop(318)) - Stopped ServerConnector@64440065{HTTP/1.1,[http/1.1]}{0.0.0.0:0}
2019-09-21 03:24:45,284 [main] INFO  handler.ContextHandler (ContextHandler.java:doStop(910)) - Stopped o.e.j.s.ServletContextHandler@66d3b881{/static,jar:file:/home/user/.m2/repository/org/apache/hadoop/hadoop-hdds-container-service/0.5.0-SNAPSHOT/hadoop-hdds-container-service-0.5.0-SNAPSHOT.jar!/webapps/static,UNAVAILABLE}
2019-09-21 03:24:45,285 [main] INFO  handler.ContextHandler (ContextHandler.java:doStop(910)) - Stopped o.e.j.s.ServletContextHandler@1cba0321{/logs,file:///workdir/hadoop-ozone/integration-test/target/log,UNAVAILABLE}
2019-09-21 03:24:45,286 [ForkJoinPool.commonPool-worker-0] INFO  utils.BackgroundService (BackgroundService.java:shutdown(148)) - Shutting down service BlockDeletingService
2019-09-21 03:24:45,290 [ForkJoinPool.commonPool-worker-0] INFO  statemachine.DatanodeStateMachine (DatanodeStateMachine.java:stopDaemon(395)) - Ozone container server stopped.
2019-09-21 03:24:45,295 [ForkJoinPool.commonPool-worker-0] INFO  handler.ContextHandler (ContextHandler.java:doStop(910)) - Stopped o.e.j.w.WebAppContext@773eca84{/,null,UNAVAILABLE}{/hddsDatanode}
2019-09-21 03:24:45,295 [ForkJoinPool.commonPool-worker-0] INFO  server.AbstractConnector (AbstractConnector.java:doStop(318)) - Stopped ServerConnector@7d47dfed{HTTP/1.1,[http/1.1]}{0.0.0.0:0}
2019-09-21 03:24:45,300 [ForkJoinPool.commonPool-worker-0] INFO  handler.ContextHandler (ContextHandler.java:doStop(910)) - Stopped o.e.j.s.ServletContextHandler@2dac2e1b{/static,jar:file:/home/user/.m2/repository/org/apache/hadoop/hadoop-hdds-container-service/0.5.0-SNAPSHOT/hadoop-hdds-container-service-0.5.0-SNAPSHOT.jar!/webapps/static,UNAVAILABLE}
2019-09-21 03:24:45,301 [ForkJoinPool.commonPool-worker-0] INFO  handler.ContextHandler (ContextHandler.java:doStop(910)) - Stopped o.e.j.s.ServletContextHandler@3a4e524{/logs,file:///workdir/hadoop-ozone/integration-test/target/log,UNAVAILABLE}
2019-09-21 03:24:45,400 [grpc-default-executor-4] WARN  server.GrpcLogAppender (LogUtils.java:warn(134)) - 8345bb8e-806e-4c3e-9708-711872905d0a@group-1FDBD0D5DDC9->acf71cc8-0f6b-4f19-a234-fdd28175ad2e-AppendLogResponseHandler: Failed appendEntries: org.apache.ratis.thirdparty.io.grpc.StatusRuntimeException: UNAVAILABLE: io exception
2019-09-21 03:24:45,400 [grpc-default-executor-4] INFO  impl.FollowerInfo (FollowerInfo.java:lambda$new$0(51)) - 8345bb8e-806e-4c3e-9708-711872905d0a@group-1FDBD0D5DDC9->acf71cc8-0f6b-4f19-a234-fdd28175ad2e: nextIndex: updateUnconditionally 6 -> 5
2019-09-21 03:24:45,853 [Datanode State Machine Thread - 0] INFO  statemachine.DatanodeStateMachine (DatanodeStateMachine.java:lambda$startDaemon$0(350)) - Ozone container server started.
2019-09-21 03:24:46,102 [Datanode State Machine Thread - 0] INFO  statemachine.DatanodeStateMachine (DatanodeStateMachine.java:lambda$startDaemon$0(350)) - Ozone container server started.
2019-09-21 03:24:46,902 [grpc-default-executor-14] WARN  server.GrpcLogAppender (LogUtils.java:warn(134)) - 8345bb8e-806e-4c3e-9708-711872905d0a@group-1FDBD0D5DDC9->acf71cc8-0f6b-4f19-a234-fdd28175ad2e-AppendLogResponseHandler: Failed appendEntries: org.apache.ratis.thirdparty.io.grpc.StatusRuntimeException: UNAVAILABLE: io exception
2019-09-21 03:24:46,902 [grpc-default-executor-14] INFO  impl.FollowerInfo (FollowerInfo.java:lambda$new$0(51)) - 8345bb8e-806e-4c3e-9708-711872905d0a@group-1FDBD0D5DDC9->acf71cc8-0f6b-4f19-a234-fdd28175ad2e: nextIndex: updateUnconditionally 6 -> 5
2019-09-21 03:24:46,914 [grpc-default-executor-13] WARN  server.GrpcLogAppender (LogUtils.java:warn(134)) - 8345bb8e-806e-4c3e-9708-711872905d0a@group-1FDBD0D5DDC9->acf71cc8-0f6b-4f19-a234-fdd28175ad2e-AppendLogResponseHandler: Failed appendEntries: org.apache.ratis.thirdparty.io.grpc.StatusRuntimeException: UNAVAILABLE: io exception
2019-09-21 03:24:46,914 [grpc-default-executor-13] INFO  impl.FollowerInfo (FollowerInfo.java:lambda$new$0(51)) - 8345bb8e-806e-4c3e-9708-711872905d0a@group-1FDBD0D5DDC9->acf71cc8-0f6b-4f19-a234-fdd28175ad2e: nextIndex: updateUnconditionally 6 -> 5
2019-09-21 03:24:46,945 [grpc-default-executor-4] WARN  server.GrpcLogAppender (LogUtils.java:warn(134)) - 8345bb8e-806e-4c3e-9708-711872905d0a@group-1FDBD0D5DDC9->acf71cc8-0f6b-4f19-a234-fdd28175ad2e-AppendLogResponseHandler: Failed appendEntries: org.apache.ratis.thirdparty.io.grpc.StatusRuntimeException: UNAVAILABLE: io exception
2019-09-21 03:24:46,945 [grpc-default-executor-4] INFO  impl.FollowerInfo (FollowerInfo.java:lambda$new$0(51)) - 8345bb8e-806e-4c3e-9708-711872905d0a@group-1FDBD0D5DDC9->acf71cc8-0f6b-4f19-a234-fdd28175ad2e: nextIndex: updateUnconditionally 6 -> 5
2019-09-21 03:24:46,955 [RatisApplyTransactionExecutor 1] INFO  interfaces.Container (KeyValueContainer.java:flushAndSyncDB(386)) - Container 1 is synced with bcsId 4.
2019-09-21 03:24:46,955 [RatisApplyTransactionExecutor 1] INFO  interfaces.Container (KeyValueContainer.java:flushAndSyncDB(386)) - Container 1 is synced with bcsId 4.
2019-09-21 03:24:46,970 [RatisApplyTransactionExecutor 1] INFO  interfaces.Container (KeyValueContainer.java:flushAndSyncDB(386)) - Container 1 is synced with bcsId 4.
2019-09-21 03:24:46,970 [RatisApplyTransactionExecutor 1] INFO  interfaces.Container (KeyValueContainer.java:close(335)) - Container 1 is closed with bcsId 4.
2019-09-21 03:24:46,970 [RatisApplyTransactionExecutor 1] INFO  interfaces.Container (KeyValueContainer.java:flushAndSyncDB(386)) - Container 1 is synced with bcsId 4.
2019-09-21 03:24:46,971 [EventQueue-IncrementalContainerReportForIncrementalContainerReportHandler] INFO  container.IncrementalContainerReportHandler (AbstractContainerReportHandler.java:updateContainerState(176)) - Moving container #1 to CLOSED state, datanode 8345bb8e-806e-4c3e-9708-711872905d0a{ip: 192.168.36.122, host: pr-hdds-2161-42js2-1613171706, networkLocation: /default-rack, certSerialId: null} reported CLOSED replica.
2019-09-21 03:24:46,984 [RatisApplyTransactionExecutor 1] INFO  interfaces.Container (KeyValueContainer.java:close(335)) - Container 1 is closed with bcsId 4.
2019-09-21 03:24:47,663 [grpc-default-executor-13] WARN  server.GrpcLogAppender (LogUtils.java:warn(134)) - 3c0d2216-17fa-4c3e-a525-6908efbd555c@group-30645CE406F3->77ce14fb-fb72-4a93-bc2b-6f1918656d29-AppendLogResponseHandler: Failed appendEntries: org.apache.ratis.thirdparty.io.grpc.StatusRuntimeException: UNAVAILABLE: io exception
2019-09-21 03:24:47,663 [grpc-default-executor-13] INFO  impl.FollowerInfo (FollowerInfo.java:lambda$new$0(51)) - 3c0d2216-17fa-4c3e-a525-6908efbd555c@group-30645CE406F3->77ce14fb-fb72-4a93-bc2b-6f1918656d29: nextIndex: updateUnconditionally 6 -> 5
2019-09-21 03:24:49,447 [grpc-default-executor-13] WARN  server.GrpcLogAppender (LogUtils.java:warn(134)) - 8345bb8e-806e-4c3e-9708-711872905d0a@group-1FDBD0D5DDC9->acf71cc8-0f6b-4f19-a234-fdd28175ad2e-AppendLogResponseHandler: Failed appendEntries: org.apache.ratis.thirdparty.io.grpc.StatusRuntimeException: UNAVAILABLE: io exception
2019-09-21 03:24:49,448 [grpc-default-executor-13] INFO  impl.FollowerInfo (FollowerInfo.java:lambda$new$0(51)) - 8345bb8e-806e-4c3e-9708-711872905d0a@group-1FDBD0D5DDC9->acf71cc8-0f6b-4f19-a234-fdd28175ad2e: nextIndex: updateUnconditionally 5 -> 4
2019-09-21 03:24:49,889 [EventQueue-StaleNodeForStaleNodeHandler] INFO  node.StaleNodeHandler (StaleNodeHandler.java:onMessage(58)) - Datanode c3d1d526-9aa3-46c6-a575-dac81e178c8f{ip: 192.168.36.122, host: pr-hdds-2161-42js2-1613171706, networkLocation: /default-rack, certSerialId: null} moved to stale state. Finalizing its pipelines [PipelineID=49e1f37a-ac98-4cf3-b391-1fdbd0d5ddc9, PipelineID=8939fcfb-0163-4cc5-be7c-07fceb61da39]
2019-09-21 03:24:49,889 [EventQueue-StaleNodeForStaleNodeHandler] INFO  pipeline.SCMPipelineManager (SCMPipelineManager.java:finalizeAndDestroyPipeline(315)) - destroying pipeline:Pipeline[ Id: 49e1f37a-ac98-4cf3-b391-1fdbd0d5ddc9, Nodes: acf71cc8-0f6b-4f19-a234-fdd28175ad2e{ip: 192.168.36.122, host: pr-hdds-2161-42js2-1613171706, networkLocation: /default-rack, certSerialId: null}8345bb8e-806e-4c3e-9708-711872905d0a{ip: 192.168.36.122, host: pr-hdds-2161-42js2-1613171706, networkLocation: /default-rack, certSerialId: null}c3d1d526-9aa3-46c6-a575-dac81e178c8f{ip: 192.168.36.122, host: pr-hdds-2161-42js2-1613171706, networkLocation: /default-rack, certSerialId: null}, Type:RATIS, Factor:THREE, State:CLOSED]
2019-09-21 03:24:49,890 [EventQueue-StaleNodeForStaleNodeHandler] INFO  pipeline.SCMPipelineManager (SCMPipelineManager.java:finalizeAndDestroyPipeline(315)) - destroying pipeline:Pipeline[ Id: 8939fcfb-0163-4cc5-be7c-07fceb61da39, Nodes: c3d1d526-9aa3-46c6-a575-dac81e178c8f{ip: 192.168.36.122, host: pr-hdds-2161-42js2-1613171706, networkLocation: /default-rack, certSerialId: null}, Type:RATIS, Factor:ONE, State:OPEN]
2019-09-21 03:24:49,890 [EventQueue-StaleNodeForStaleNodeHandler] INFO  pipeline.PipelineStateManager (PipelineStateManager.java:finalizePipeline(123)) - Pipeline Pipeline[ Id: 8939fcfb-0163-4cc5-be7c-07fceb61da39, Nodes: c3d1d526-9aa3-46c6-a575-dac81e178c8f{ip: 192.168.36.122, host: pr-hdds-2161-42js2-1613171706, networkLocation: /default-rack, certSerialId: null}, Type:RATIS, Factor:ONE, State:CLOSED] moved to CLOSED state
2019-09-21 03:24:50,165 [grpc-default-executor-14] WARN  server.GrpcLogAppender (LogUtils.java:warn(134)) - 3c0d2216-17fa-4c3e-a525-6908efbd555c@group-30645CE406F3->77ce14fb-fb72-4a93-bc2b-6f1918656d29-AppendLogResponseHandler: Failed appendEntries: org.apache.ratis.thirdparty.io.grpc.StatusRuntimeException: UNAVAILABLE: io exception
2019-09-21 03:24:50,171 [grpc-default-executor-14] INFO  impl.FollowerInfo (FollowerInfo.java:lambda$new$0(51)) - 3c0d2216-17fa-4c3e-a525-6908efbd555c@group-30645CE406F3->77ce14fb-fb72-4a93-bc2b-6f1918656d29: nextIndex: updateUnconditionally 5 -> 4
2019-09-21 03:24:50,189 [EventQueue-StaleNodeForStaleNodeHandler] INFO  node.StaleNodeHandler (StaleNodeHandler.java:onMessage(58)) - Datanode 3c0d2216-17fa-4c3e-a525-6908efbd555c{ip: 192.168.36.122, host: pr-hdds-2161-42js2-1613171706, networkLocation: /default-rack, certSerialId: null} moved to stale state. Finalizing its pipelines [PipelineID=4a1473fd-3eb7-4728-a173-d59a8c18ab47, PipelineID=8cae482e-c74a-4a8c-b63c-30645ce406f3]
2019-09-21 03:24:50,189 [EventQueue-StaleNodeForStaleNodeHandler] INFO  pipeline.SCMPipelineManager (SCMPipelineManager.java:finalizeAndDestroyPipeline(315)) - destroying pipeline:Pipeline[ Id: 4a1473fd-3eb7-4728-a173-d59a8c18ab47, Nodes: 3c0d2216-17fa-4c3e-a525-6908efbd555c{ip: 192.168.36.122, host: pr-hdds-2161-42js2-1613171706, networkLocation: /default-rack, certSerialId: null}, Type:RATIS, Factor:ONE, State:OPEN]
2019-09-21 03:24:50,189 [EventQueue-StaleNodeForStaleNodeHandler] INFO  pipeline.PipelineStateManager (PipelineStateManager.java:finalizePipeline(123)) - Pipeline Pipeline[ Id: 4a1473fd-3eb7-4728-a173-d59a8c18ab47, Nodes: 3c0d2216-17fa-4c3e-a525-6908efbd555c{ip: 192.168.36.122, host: pr-hdds-2161-42js2-1613171706, networkLocation: /default-rack, certSerialId: null}, Type:RATIS, Factor:ONE, State:CLOSED] moved to CLOSED state
2019-09-21 03:24:50,189 [EventQueue-StaleNodeForStaleNodeHandler] INFO  pipeline.SCMPipelineManager (SCMPipelineManager.java:finalizeAndDestroyPipeline(315)) - destroying pipeline:Pipeline[ Id: 8cae482e-c74a-4a8c-b63c-30645ce406f3, Nodes: 3c0d2216-17fa-4c3e-a525-6908efbd555c{ip: 192.168.36.122, host: pr-hdds-2161-42js2-1613171706, networkLocation: /default-rack, certSerialId: null}77ce14fb-fb72-4a93-bc2b-6f1918656d29{ip: 192.168.36.122, host: pr-hdds-2161-42js2-1613171706, networkLocation: /default-rack, certSerialId: null}5c850443-2394-4991-83c1-edacc95aa548{ip: 192.168.36.122, host: pr-hdds-2161-42js2-1613171706, networkLocation: /default-rack, certSerialId: null}, Type:RATIS, Factor:THREE, State:CLOSED]
2019-09-21 03:24:50,287 [main] INFO  ozoneimpl.OzoneContainer (OzoneContainer.java:stop(231)) - Attempting to stop container services.
2019-09-21 03:24:50,287 [main] INFO  impl.RaftServerProxy (RaftServerProxy.java:lambda$close$4(314)) - c3d1d526-9aa3-46c6-a575-dac81e178c8f: close
2019-09-21 03:24:50,290 [main] INFO  impl.RaftServerImpl (RaftServerImpl.java:lambda$shutdown$3(251)) - c3d1d526-9aa3-46c6-a575-dac81e178c8f@group-1FDBD0D5DDC9: shutdown
2019-09-21 03:24:50,291 [main] INFO  util.JmxRegister (JmxRegister.java:unregister(73)) - Successfully un-registered JMX Bean with object name Ratis:service=RaftServer,group=group-1FDBD0D5DDC9,id=c3d1d526-9aa3-46c6-a575-dac81e178c8f
2019-09-21 03:24:50,291 [main] INFO  impl.RoleInfo (RoleInfo.java:shutdownFollowerState(121)) - c3d1d526-9aa3-46c6-a575-dac81e178c8f: shutdown FollowerState
2019-09-21 03:24:50,291 [main] INFO  impl.StateMachineUpdater (StateMachineUpdater.java:stopAndJoin(125)) - c3d1d526-9aa3-46c6-a575-dac81e178c8f@group-1FDBD0D5DDC9-StateMachineUpdater: set stopIndex = 8
2019-09-21 03:24:50,291 [c3d1d526-9aa3-46c6-a575-dac81e178c8f@group-1FDBD0D5DDC9-StateMachineUpdater] INFO  ratis.ContainerStateMachine (ContainerStateMachine.java:takeSnapshot(289)) - group-1FDBD0D5DDC9: Taking a snapshot at:(t:1, i:7) file /workdir/hadoop-ozone/integration-test/target/test-dir/MiniOzoneClusterImpl-e366364a-480d-4d7a-97c1-516fb7a6c1d7/datanode-3/data/ratis/49e1f37a-ac98-4cf3-b391-1fdbd0d5ddc9/sm/snapshot.1_7
2019-09-21 03:24:50,291 [Thread-3561] INFO  impl.FollowerState (FollowerState.java:run(115)) - c3d1d526-9aa3-46c6-a575-dac81e178c8f: FollowerState was interrupted: java.lang.InterruptedException: sleep interrupted
2019-09-21 03:24:50,302 [ForkJoinPool.commonPool-worker-0] INFO  ozoneimpl.OzoneContainer (OzoneContainer.java:stop(231)) - Attempting to stop container services.
2019-09-21 03:24:50,302 [ForkJoinPool.commonPool-worker-0] INFO  impl.RaftServerProxy (RaftServerProxy.java:lambda$close$4(314)) - 3c0d2216-17fa-4c3e-a525-6908efbd555c: close
2019-09-21 03:24:50,303 [ForkJoinPool.commonPool-worker-0] INFO  impl.RaftServerImpl (RaftServerImpl.java:lambda$shutdown$3(251)) - 3c0d2216-17fa-4c3e-a525-6908efbd555c@group-D59A8C18AB47: shutdown
2019-09-21 03:24:50,303 [ForkJoinPool.commonPool-worker-0] INFO  util.JmxRegister (JmxRegister.java:unregister(73)) - Successfully un-registered JMX Bean with object name Ratis:service=RaftServer,group=group-D59A8C18AB47,id=3c0d2216-17fa-4c3e-a525-6908efbd555c
2019-09-21 03:24:50,303 [ForkJoinPool.commonPool-worker-0] INFO  impl.RoleInfo (RoleInfo.java:shutdownLeaderState(104)) - 3c0d2216-17fa-4c3e-a525-6908efbd555c: shutdown LeaderState
2019-09-21 03:24:50,303 [ForkJoinPool.commonPool-worker-0] INFO  impl.PendingRequests (PendingRequests.java:sendNotLeaderResponses(202)) - 3c0d2216-17fa-4c3e-a525-6908efbd555c-PendingRequests: sendNotLeaderResponses
2019-09-21 03:24:50,304 [ForkJoinPool.commonPool-worker-0] INFO  impl.StateMachineUpdater (StateMachineUpdater.java:stopAndJoin(125)) - 3c0d2216-17fa-4c3e-a525-6908efbd555c@group-D59A8C18AB47-StateMachineUpdater: set stopIndex = 0
2019-09-21 03:24:50,304 [ForkJoinPool.commonPool-worker-0] INFO  impl.RaftServerImpl (ServerState.java:close(385)) - 3c0d2216-17fa-4c3e-a525-6908efbd555c@group-D59A8C18AB47: closes. applyIndex: 0
2019-09-21 03:24:50,304 [3c0d2216-17fa-4c3e-a525-6908efbd555c@group-D59A8C18AB47-SegmentedRaftLogWorker] INFO  segmented.SegmentedRaftLogWorker (SegmentedRaftLogWorker.java:run(313)) - 3c0d2216-17fa-4c3e-a525-6908efbd555c@group-D59A8C18AB47-SegmentedRaftLogWorker was interrupted, exiting. There are 0 tasks remaining in the queue.
2019-09-21 03:24:50,308 [c3d1d526-9aa3-46c6-a575-dac81e178c8f@group-1FDBD0D5DDC9-StateMachineUpdater] INFO  ratis.ContainerStateMachine (ContainerStateMachine.java:takeSnapshot(300)) - group-1FDBD0D5DDC9: Finished taking a snapshot at:(t:1, i:7) file:/workdir/hadoop-ozone/integration-test/target/test-dir/MiniOzoneClusterImpl-e366364a-480d-4d7a-97c1-516fb7a6c1d7/datanode-3/data/ratis/49e1f37a-ac98-4cf3-b391-1fdbd0d5ddc9/sm/snapshot.1_7 time:17
2019-09-21 03:24:50,308 [ForkJoinPool.commonPool-worker-0] INFO  segmented.SegmentedRaftLogWorker (SegmentedRaftLogWorker.java:close(228)) - 3c0d2216-17fa-4c3e-a525-6908efbd555c@group-D59A8C18AB47-SegmentedRaftLogWorker close()
2019-09-21 03:24:50,308 [c3d1d526-9aa3-46c6-a575-dac81e178c8f@group-1FDBD0D5DDC9-StateMachineUpdater] INFO  impl.StateMachineUpdater (StateMachineUpdater.java:takeSnapshot(258)) - c3d1d526-9aa3-46c6-a575-dac81e178c8f@group-1FDBD0D5DDC9-StateMachineUpdater: Took a snapshot at index 7
2019-09-21 03:24:50,314 [ForkJoinPool.commonPool-worker-0] INFO  impl.RaftServerImpl (RaftServerImpl.java:lambda$shutdown$3(251)) - 3c0d2216-17fa-4c3e-a525-6908efbd555c@group-30645CE406F3: shutdown
2019-09-21 03:24:50,314 [c3d1d526-9aa3-46c6-a575-dac81e178c8f@group-1FDBD0D5DDC9-StateMachineUpdater] INFO  impl.StateMachineUpdater (StateMachineUpdater.java:lambda$new$0(83)) - c3d1d526-9aa3-46c6-a575-dac81e178c8f@group-1FDBD0D5DDC9-StateMachineUpdater: snapshotIndex: updateIncreasingly -1 -> 7
2019-09-21 03:24:50,314 [ForkJoinPool.commonPool-worker-0] INFO  util.JmxRegister (JmxRegister.java:unregister(73)) - Successfully un-registered JMX Bean with object name Ratis:service=RaftServer,group=group-30645CE406F3,id=3c0d2216-17fa-4c3e-a525-6908efbd555c
2019-09-21 03:24:50,314 [ForkJoinPool.commonPool-worker-0] INFO  impl.RoleInfo (RoleInfo.java:shutdownLeaderState(104)) - 3c0d2216-17fa-4c3e-a525-6908efbd555c: shutdown LeaderState
2019-09-21 03:24:50,314 [c3d1d526-9aa3-46c6-a575-dac81e178c8f@group-1FDBD0D5DDC9-StateMachineUpdater] INFO  ratis.ContainerStateMachine (ContainerStateMachine.java:takeSnapshot(289)) - group-1FDBD0D5DDC9: Taking a snapshot at:(t:1, i:7) file /workdir/hadoop-ozone/integration-test/target/test-dir/MiniOzoneClusterImpl-e366364a-480d-4d7a-97c1-516fb7a6c1d7/datanode-3/data/ratis/49e1f37a-ac98-4cf3-b391-1fdbd0d5ddc9/sm/snapshot.1_7
2019-09-21 03:24:50,330 [ForkJoinPool.commonPool-worker-0] INFO  impl.PendingRequests (PendingRequests.java:sendNotLeaderResponses(202)) - 3c0d2216-17fa-4c3e-a525-6908efbd555c-PendingRequests: sendNotLeaderResponses
2019-09-21 03:24:50,330 [org.apache.ratis.server.impl.LogAppender$AppenderDaemon$$Lambda$485/762318467@e247e50] WARN  server.GrpcLogAppender (GrpcLogAppender.java:mayWait(143)) - 3c0d2216-17fa-4c3e-a525-6908efbd555c@group-30645CE406F3->77ce14fb-fb72-4a93-bc2b-6f1918656d29-GrpcLogAppender: Wait interrupted by java.lang.InterruptedException
2019-09-21 03:24:50,330 [org.apache.ratis.server.impl.LogAppender$AppenderDaemon$$Lambda$485/762318467@3b5e2236] WARN  server.GrpcLogAppender (GrpcLogAppender.java:mayWait(143)) - 3c0d2216-17fa-4c3e-a525-6908efbd555c@group-30645CE406F3->5c850443-2394-4991-83c1-edacc95aa548-GrpcLogAppender: Wait interrupted by java.lang.InterruptedException
2019-09-21 03:24:50,337 [ForkJoinPool.commonPool-worker-0] INFO  impl.StateMachineUpdater (StateMachineUpdater.java:stopAndJoin(125)) - 3c0d2216-17fa-4c3e-a525-6908efbd555c@group-30645CE406F3-StateMachineUpdater: set stopIndex = 6
2019-09-21 03:24:50,338 [3c0d2216-17fa-4c3e-a525-6908efbd555c@group-30645CE406F3-StateMachineUpdater] INFO  ratis.ContainerStateMachine (ContainerStateMachine.java:takeSnapshot(289)) - group-30645CE406F3: Taking a snapshot at:(t:1, i:6) file /workdir/hadoop-ozone/integration-test/target/test-dir/MiniOzoneClusterImpl-e366364a-480d-4d7a-97c1-516fb7a6c1d7/datanode-2/data/ratis/8cae482e-c74a-4a8c-b63c-30645ce406f3/sm/snapshot.1_6
2019-09-21 03:24:50,338 [grpc-default-executor-13] INFO  server.GrpcServerProtocolService (GrpcServerProtocolService.java:onCompleted(113)) - 5c850443-2394-4991-83c1-edacc95aa548: Completed APPEND_ENTRIES, lastRequest: 3c0d2216-17fa-4c3e-a525-6908efbd555c->5c850443-2394-4991-83c1-edacc95aa548#12-t1, previous=(t:1, i:6), leaderCommit=6, initializing? false, entries: <empty>
2019-09-21 03:24:50,338 [grpc-default-executor-13] INFO  server.GrpcLogAppender (GrpcLogAppender.java:onCompleted(293)) - 3c0d2216-17fa-4c3e-a525-6908efbd555c@group-30645CE406F3->5c850443-2394-4991-83c1-edacc95aa548-AppendLogResponseHandler: follower responses appendEntries COMPLETED
2019-09-21 03:24:50,339 [grpc-default-executor-13] INFO  impl.FollowerInfo (FollowerInfo.java:lambda$new$0(51)) - 3c0d2216-17fa-4c3e-a525-6908efbd555c@group-30645CE406F3->5c850443-2394-4991-83c1-edacc95aa548: nextIndex: updateUnconditionally 7 -> 6
2019-09-21 03:24:50,357 [c3d1d526-9aa3-46c6-a575-dac81e178c8f@group-1FDBD0D5DDC9-StateMachineUpdater] INFO  ratis.ContainerStateMachine (ContainerStateMachine.java:takeSnapshot(300)) - group-1FDBD0D5DDC9: Finished taking a snapshot at:(t:1, i:7) file:/workdir/hadoop-ozone/integration-test/target/test-dir/MiniOzoneClusterImpl-e366364a-480d-4d7a-97c1-516fb7a6c1d7/datanode-3/data/ratis/49e1f37a-ac98-4cf3-b391-1fdbd0d5ddc9/sm/snapshot.1_7 time:42
2019-09-21 03:24:50,357 [3c0d2216-17fa-4c3e-a525-6908efbd555c@group-30645CE406F3-StateMachineUpdater] INFO  ratis.ContainerStateMachine (ContainerStateMachine.java:takeSnapshot(300)) - group-30645CE406F3: Finished taking a snapshot at:(t:1, i:6) file:/workdir/hadoop-ozone/integration-test/target/test-dir/MiniOzoneClusterImpl-e366364a-480d-4d7a-97c1-516fb7a6c1d7/datanode-2/data/ratis/8cae482e-c74a-4a8c-b63c-30645ce406f3/sm/snapshot.1_6 time:19
2019-09-21 03:24:50,358 [c3d1d526-9aa3-46c6-a575-dac81e178c8f@group-1FDBD0D5DDC9-StateMachineUpdater] INFO  impl.StateMachineUpdater (StateMachineUpdater.java:takeSnapshot(258)) - c3d1d526-9aa3-46c6-a575-dac81e178c8f@group-1FDBD0D5DDC9-StateMachineUpdater: Took a snapshot at index 7
2019-09-21 03:24:50,358 [3c0d2216-17fa-4c3e-a525-6908efbd555c@group-30645CE406F3-StateMachineUpdater] INFO  impl.StateMachineUpdater (StateMachineUpdater.java:takeSnapshot(258)) - 3c0d2216-17fa-4c3e-a525-6908efbd555c@group-30645CE406F3-StateMachineUpdater: Took a snapshot at index 6
2019-09-21 03:24:50,358 [c3d1d526-9aa3-46c6-a575-dac81e178c8f@group-1FDBD0D5DDC9-StateMachineUpdater] INFO  impl.StateMachineUpdater (StateMachineUpdater.java:lambda$new$0(83)) - c3d1d526-9aa3-46c6-a575-dac81e178c8f@group-1FDBD0D5DDC9-StateMachineUpdater: snapshotIndex: updateIncreasingly 7 -> 7
2019-09-21 03:24:50,358 [3c0d2216-17fa-4c3e-a525-6908efbd555c@group-30645CE406F3-StateMachineUpdater] INFO  impl.StateMachineUpdater (StateMachineUpdater.java:lambda$new$0(83)) - 3c0d2216-17fa-4c3e-a525-6908efbd555c@group-30645CE406F3-StateMachineUpdater: snapshotIndex: updateIncreasingly -1 -> 6
2019-09-21 03:24:50,358 [main] INFO  impl.RaftServerImpl (ServerState.java:close(385)) - c3d1d526-9aa3-46c6-a575-dac81e178c8f@group-1FDBD0D5DDC9: closes. applyIndex: 8
2019-09-21 03:24:50,358 [ForkJoinPool.commonPool-worker-0] INFO  impl.RaftServerImpl (ServerState.java:close(385)) - 3c0d2216-17fa-4c3e-a525-6908efbd555c@group-30645CE406F3: closes. applyIndex: 6
2019-09-21 03:24:50,359 [c3d1d526-9aa3-46c6-a575-dac81e178c8f@group-1FDBD0D5DDC9-SegmentedRaftLogWorker] INFO  segmented.SegmentedRaftLogWorker (SegmentedRaftLogWorker.java:run(313)) - c3d1d526-9aa3-46c6-a575-dac81e178c8f@group-1FDBD0D5DDC9-SegmentedRaftLogWorker was interrupted, exiting. There are 0 tasks remaining in the queue.
2019-09-21 03:24:50,359 [3c0d2216-17fa-4c3e-a525-6908efbd555c@group-30645CE406F3-SegmentedRaftLogWorker] INFO  segmented.SegmentedRaftLogWorker (SegmentedRaftLogWorker.java:run(313)) - 3c0d2216-17fa-4c3e-a525-6908efbd555c@group-30645CE406F3-SegmentedRaftLogWorker was interrupted, exiting. There are 0 tasks remaining in the queue.
2019-09-21 03:24:50,382 [main] INFO  segmented.SegmentedRaftLogWorker (SegmentedRaftLogWorker.java:close(228)) - c3d1d526-9aa3-46c6-a575-dac81e178c8f@group-1FDBD0D5DDC9-SegmentedRaftLogWorker close()
2019-09-21 03:24:50,383 [ForkJoinPool.commonPool-worker-0] INFO  segmented.SegmentedRaftLogWorker (SegmentedRaftLogWorker.java:close(228)) - 3c0d2216-17fa-4c3e-a525-6908efbd555c@group-30645CE406F3-SegmentedRaftLogWorker close()
2019-09-21 03:24:50,386 [main] INFO  impl.RaftServerImpl (RaftServerImpl.java:lambda$shutdown$3(251)) - c3d1d526-9aa3-46c6-a575-dac81e178c8f@group-07FCEB61DA39: shutdown
2019-09-21 03:24:50,389 [ForkJoinPool.commonPool-worker-0] INFO  server.GrpcService (GrpcService.java:closeImpl(164)) - 3c0d2216-17fa-4c3e-a525-6908efbd555c: shutdown server with port 32803 now
2019-09-21 03:24:50,389 [main] INFO  util.JmxRegister (JmxRegister.java:unregister(73)) - Successfully un-registered JMX Bean with object name Ratis:service=RaftServer,group=group-07FCEB61DA39,id=c3d1d526-9aa3-46c6-a575-dac81e178c8f
2019-09-21 03:24:50,390 [main] INFO  impl.RoleInfo (RoleInfo.java:shutdownLeaderState(104)) - c3d1d526-9aa3-46c6-a575-dac81e178c8f: shutdown LeaderState
2019-09-21 03:24:50,390 [main] INFO  impl.PendingRequests (PendingRequests.java:sendNotLeaderResponses(202)) - c3d1d526-9aa3-46c6-a575-dac81e178c8f-PendingRequests: sendNotLeaderResponses
2019-09-21 03:24:50,390 [ForkJoinPool.commonPool-worker-0] INFO  server.GrpcService (GrpcService.java:closeImpl(172)) - 3c0d2216-17fa-4c3e-a525-6908efbd555c: shutdown server with port 32803 successfully
2019-09-21 03:24:50,390 [main] INFO  impl.StateMachineUpdater (StateMachineUpdater.java:stopAndJoin(125)) - c3d1d526-9aa3-46c6-a575-dac81e178c8f@group-07FCEB61DA39-StateMachineUpdater: set stopIndex = 0
2019-09-21 03:24:50,391 [main] INFO  impl.RaftServerImpl (ServerState.java:close(385)) - c3d1d526-9aa3-46c6-a575-dac81e178c8f@group-07FCEB61DA39: closes. applyIndex: 0
2019-09-21 03:24:50,391 [c3d1d526-9aa3-46c6-a575-dac81e178c8f@group-07FCEB61DA39-SegmentedRaftLogWorker] INFO  segmented.SegmentedRaftLogWorker (SegmentedRaftLogWorker.java:run(313)) - c3d1d526-9aa3-46c6-a575-dac81e178c8f@group-07FCEB61DA39-SegmentedRaftLogWorker was interrupted, exiting. There are 0 tasks remaining in the queue.
2019-09-21 03:24:50,394 [main] INFO  segmented.SegmentedRaftLogWorker (SegmentedRaftLogWorker.java:close(228)) - c3d1d526-9aa3-46c6-a575-dac81e178c8f@group-07FCEB61DA39-SegmentedRaftLogWorker close()
2019-09-21 03:24:50,400 [main] INFO  server.GrpcService (GrpcService.java:closeImpl(164)) - c3d1d526-9aa3-46c6-a575-dac81e178c8f: shutdown server with port 36656 now
2019-09-21 03:24:50,401 [refreshUsed-/workdir/hadoop-ozone/integration-test/target/test-dir/MiniOzoneClusterImpl-e366364a-480d-4d7a-97c1-516fb7a6c1d7/datanode-2/data/containers] WARN  fs.CachingGetSpaceUsed (CachingGetSpaceUsed.java:run(183)) - Thread Interrupted waiting to refresh disk information: sleep interrupted
2019-09-21 03:24:50,401 [main] INFO  server.GrpcService (GrpcService.java:closeImpl(172)) - c3d1d526-9aa3-46c6-a575-dac81e178c8f: shutdown server with port 36656 successfully
2019-09-21 03:24:50,401 [grpc-default-executor-14] WARN  server.GrpcLogAppender (LogUtils.java:warn(134)) - 8345bb8e-806e-4c3e-9708-711872905d0a@group-1FDBD0D5DDC9->c3d1d526-9aa3-46c6-a575-dac81e178c8f-AppendLogResponseHandler: Failed appendEntries: org.apache.ratis.thirdparty.io.grpc.StatusRuntimeException: CANCELLED: HTTP/2 error code: CANCEL
Received Rst Stream
2019-09-21 03:24:50,402 [grpc-default-executor-14] INFO  impl.FollowerInfo (FollowerInfo.java:lambda$new$0(51)) - 8345bb8e-806e-4c3e-9708-711872905d0a@group-1FDBD0D5DDC9->c3d1d526-9aa3-46c6-a575-dac81e178c8f: nextIndex: updateUnconditionally 9 -> 8
2019-09-21 03:24:50,401 [grpc-default-executor-13] WARN  server.GrpcServerProtocolService (LogUtils.java:warn(134)) - c3d1d526-9aa3-46c6-a575-dac81e178c8f: installSnapshot onError, lastRequest: 8345bb8e-806e-4c3e-9708-711872905d0a->c3d1d526-9aa3-46c6-a575-dac81e178c8f#13-t1, previous=(t:1, i:8), leaderCommit=8, initializing? false, entries: <empty>: org.apache.ratis.thirdparty.io.grpc.StatusRuntimeException: CANCELLED: cancelled before receiving half close
2019-09-21 03:24:50,405 [refreshUsed-/workdir/hadoop-ozone/integration-test/target/test-dir/MiniOzoneClusterImpl-e366364a-480d-4d7a-97c1-516fb7a6c1d7/datanode-3/data/containers] WARN  fs.CachingGetSpaceUsed (CachingGetSpaceUsed.java:run(183)) - Thread Interrupted waiting to refresh disk information: sleep interrupted
2019-09-21 03:24:50,418 [ForkJoinPool.commonPool-worker-0] INFO  utils.BackgroundService (BackgroundService.java:shutdown(148)) - Shutting down service BlockDeletingService
2019-09-21 03:24:50,423 [ForkJoinPool.commonPool-worker-0] INFO  statemachine.DatanodeStateMachine (DatanodeStateMachine.java:stopDaemon(395)) - Ozone container server stopped.
2019-09-21 03:24:50,428 [ForkJoinPool.commonPool-worker-0] INFO  handler.ContextHandler (ContextHandler.java:doStop(910)) - Stopped o.e.j.w.WebAppContext@38de5daf{/,null,UNAVAILABLE}{/hddsDatanode}
2019-09-21 03:24:50,428 [main] INFO  utils.BackgroundService (BackgroundService.java:shutdown(148)) - Shutting down service BlockDeletingService
2019-09-21 03:24:50,440 [main] INFO  statemachine.DatanodeStateMachine (DatanodeStateMachine.java:stopDaemon(395)) - Ozone container server stopped.
2019-09-21 03:24:50,440 [ForkJoinPool.commonPool-worker-0] INFO  server.AbstractConnector (AbstractConnector.java:doStop(318)) - Stopped ServerConnector@621624b1{HTTP/1.1,[http/1.1]}{0.0.0.0:0}
2019-09-21 03:24:50,441 [ForkJoinPool.commonPool-worker-0] INFO  handler.ContextHandler (ContextHandler.java:doStop(910)) - Stopped o.e.j.s.ServletContextHandler@ee96866{/static,jar:file:/home/user/.m2/repository/org/apache/hadoop/hadoop-hdds-container-service/0.5.0-SNAPSHOT/hadoop-hdds-container-service-0.5.0-SNAPSHOT.jar!/webapps/static,UNAVAILABLE}
2019-09-21 03:24:50,441 [main] INFO  handler.ContextHandler (ContextHandler.java:doStop(910)) - Stopped o.e.j.w.WebAppContext@3c16528d{/,null,UNAVAILABLE}{/hddsDatanode}
2019-09-21 03:24:50,441 [ForkJoinPool.commonPool-worker-0] INFO  handler.ContextHandler (ContextHandler.java:doStop(910)) - Stopped o.e.j.s.ServletContextHandler@71369e1a{/logs,file:///workdir/hadoop-ozone/integration-test/target/log,UNAVAILABLE}
2019-09-21 03:24:50,442 [main] INFO  server.AbstractConnector (AbstractConnector.java:doStop(318)) - Stopped ServerConnector@2e45a357{HTTP/1.1,[http/1.1]}{0.0.0.0:0}
2019-09-21 03:24:50,443 [main] INFO  handler.ContextHandler (ContextHandler.java:doStop(910)) - Stopped o.e.j.s.ServletContextHandler@173511ff{/static,jar:file:/home/user/.m2/repository/org/apache/hadoop/hadoop-hdds-container-service/0.5.0-SNAPSHOT/hadoop-hdds-container-service-0.5.0-SNAPSHOT.jar!/webapps/static,UNAVAILABLE}
2019-09-21 03:24:50,443 [main] INFO  handler.ContextHandler (ContextHandler.java:doStop(910)) - Stopped o.e.j.s.ServletContextHandler@372954e1{/logs,file:///workdir/hadoop-ozone/integration-test/target/log,UNAVAILABLE}
2019-09-21 03:24:50,971 [Datanode State Machine Thread - 0] INFO  statemachine.DatanodeStateMachine (DatanodeStateMachine.java:lambda$startDaemon$0(350)) - Ozone container server started.
2019-09-21 03:24:51,137 [Datanode State Machine Thread - 0] INFO  statemachine.DatanodeStateMachine (DatanodeStateMachine.java:lambda$startDaemon$0(350)) - Ozone container server started.
2019-09-21 03:24:51,931 [grpc-default-executor-13] WARN  server.GrpcLogAppender (LogUtils.java:warn(134)) - 8345bb8e-806e-4c3e-9708-711872905d0a@group-1FDBD0D5DDC9->c3d1d526-9aa3-46c6-a575-dac81e178c8f-AppendLogResponseHandler: Failed appendEntries: org.apache.ratis.thirdparty.io.grpc.StatusRuntimeException: UNAVAILABLE: io exception
2019-09-21 03:24:51,931 [grpc-default-executor-13] INFO  impl.FollowerInfo (FollowerInfo.java:lambda$new$0(51)) - 8345bb8e-806e-4c3e-9708-711872905d0a@group-1FDBD0D5DDC9->c3d1d526-9aa3-46c6-a575-dac81e178c8f: nextIndex: updateUnconditionally 8 -> 7
2019-09-21 03:24:51,946 [grpc-default-executor-4] WARN  server.GrpcLogAppender (LogUtils.java:warn(134)) - 8345bb8e-806e-4c3e-9708-711872905d0a@group-1FDBD0D5DDC9->acf71cc8-0f6b-4f19-a234-fdd28175ad2e-AppendLogResponseHandler: Failed appendEntries: org.apache.ratis.thirdparty.io.grpc.StatusRuntimeException: UNAVAILABLE: io exception
2019-09-21 03:24:51,946 [grpc-default-executor-4] INFO  impl.FollowerInfo (FollowerInfo.java:lambda$new$0(51)) - 8345bb8e-806e-4c3e-9708-711872905d0a@group-1FDBD0D5DDC9->acf71cc8-0f6b-4f19-a234-fdd28175ad2e: nextIndex: updateUnconditionally 4 -> 3
2019-09-21 03:24:54,433 [grpc-default-executor-4] WARN  server.GrpcLogAppender (LogUtils.java:warn(134)) - 8345bb8e-806e-4c3e-9708-711872905d0a@group-1FDBD0D5DDC9->c3d1d526-9aa3-46c6-a575-dac81e178c8f-AppendLogResponseHandler: Failed appendEntries: org.apache.ratis.thirdparty.io.grpc.StatusRuntimeException: UNAVAILABLE: io exception
2019-09-21 03:24:54,434 [grpc-default-executor-4] INFO  impl.FollowerInfo (FollowerInfo.java:lambda$new$0(51)) - 8345bb8e-806e-4c3e-9708-711872905d0a@group-1FDBD0D5DDC9->c3d1d526-9aa3-46c6-a575-dac81e178c8f: nextIndex: updateUnconditionally 7 -> 6
2019-09-21 03:24:54,447 [grpc-default-executor-4] WARN  server.GrpcLogAppender (LogUtils.java:warn(134)) - 8345bb8e-806e-4c3e-9708-711872905d0a@group-1FDBD0D5DDC9->acf71cc8-0f6b-4f19-a234-fdd28175ad2e-AppendLogResponseHandler: Failed appendEntries: org.apache.ratis.thirdparty.io.grpc.StatusRuntimeException: UNAVAILABLE: io exception
2019-09-21 03:24:54,447 [grpc-default-executor-4] INFO  impl.FollowerInfo (FollowerInfo.java:lambda$new$0(51)) - 8345bb8e-806e-4c3e-9708-711872905d0a@group-1FDBD0D5DDC9->acf71cc8-0f6b-4f19-a234-fdd28175ad2e: nextIndex: updateUnconditionally 3 -> 2
2019-09-21 03:24:54,997 [EventQueue-StaleNodeForStaleNodeHandler] INFO  node.StaleNodeHandler (StaleNodeHandler.java:onMessage(58)) - Datanode 8345bb8e-806e-4c3e-9708-711872905d0a{ip: 192.168.36.122, host: pr-hdds-2161-42js2-1613171706, networkLocation: /default-rack, certSerialId: null} moved to stale state. Finalizing its pipelines [PipelineID=49e1f37a-ac98-4cf3-b391-1fdbd0d5ddc9, PipelineID=24d05e7c-dbfb-4cd5-a2a6-18d45196863a]
2019-09-21 03:24:54,998 [EventQueue-StaleNodeForStaleNodeHandler] INFO  pipeline.SCMPipelineManager (SCMPipelineManager.java:finalizeAndDestroyPipeline(315)) - destroying pipeline:Pipeline[ Id: 49e1f37a-ac98-4cf3-b391-1fdbd0d5ddc9, Nodes: acf71cc8-0f6b-4f19-a234-fdd28175ad2e{ip: 192.168.36.122, host: pr-hdds-2161-42js2-1613171706, networkLocation: /default-rack, certSerialId: null}8345bb8e-806e-4c3e-9708-711872905d0a{ip: 192.168.36.122, host: pr-hdds-2161-42js2-1613171706, networkLocation: /default-rack, certSerialId: null}c3d1d526-9aa3-46c6-a575-dac81e178c8f{ip: 192.168.36.122, host: pr-hdds-2161-42js2-1613171706, networkLocation: /default-rack, certSerialId: null}, Type:RATIS, Factor:THREE, State:CLOSED]
2019-09-21 03:24:54,999 [EventQueue-StaleNodeForStaleNodeHandler] INFO  pipeline.SCMPipelineManager (SCMPipelineManager.java:finalizeAndDestroyPipeline(315)) - destroying pipeline:Pipeline[ Id: 24d05e7c-dbfb-4cd5-a2a6-18d45196863a, Nodes: 8345bb8e-806e-4c3e-9708-711872905d0a{ip: 192.168.36.122, host: pr-hdds-2161-42js2-1613171706, networkLocation: /default-rack, certSerialId: null}, Type:RATIS, Factor:ONE, State:OPEN]
2019-09-21 03:24:54,999 [EventQueue-StaleNodeForStaleNodeHandler] INFO  pipeline.PipelineStateManager (PipelineStateManager.java:finalizePipeline(123)) - Pipeline Pipeline[ Id: 24d05e7c-dbfb-4cd5-a2a6-18d45196863a, Nodes: 8345bb8e-806e-4c3e-9708-711872905d0a{ip: 192.168.36.122, host: pr-hdds-2161-42js2-1613171706, networkLocation: /default-rack, certSerialId: null}, Type:RATIS, Factor:ONE, State:CLOSED] moved to CLOSED state
2019-09-21 03:24:55,196 [EventQueue-StaleNodeForStaleNodeHandler] INFO  node.StaleNodeHandler (StaleNodeHandler.java:onMessage(58)) - Datanode 5c850443-2394-4991-83c1-edacc95aa548{ip: 192.168.36.122, host: pr-hdds-2161-42js2-1613171706, networkLocation: /default-rack, certSerialId: null} moved to stale state. Finalizing its pipelines [PipelineID=24577fee-8565-45db-806f-6a339f6d7555, PipelineID=8cae482e-c74a-4a8c-b63c-30645ce406f3]
2019-09-21 03:24:55,197 [EventQueue-StaleNodeForStaleNodeHandler] INFO  pipeline.SCMPipelineManager (SCMPipelineManager.java:finalizeAndDestroyPipeline(315)) - destroying pipeline:Pipeline[ Id: 24577fee-8565-45db-806f-6a339f6d7555, Nodes: 5c850443-2394-4991-83c1-edacc95aa548{ip: 192.168.36.122, host: pr-hdds-2161-42js2-1613171706, networkLocation: /default-rack, certSerialId: null}, Type:RATIS, Factor:ONE, State:OPEN]
2019-09-21 03:24:55,197 [EventQueue-StaleNodeForStaleNodeHandler] INFO  pipeline.PipelineStateManager (PipelineStateManager.java:finalizePipeline(123)) - Pipeline Pipeline[ Id: 24577fee-8565-45db-806f-6a339f6d7555, Nodes: 5c850443-2394-4991-83c1-edacc95aa548{ip: 192.168.36.122, host: pr-hdds-2161-42js2-1613171706, networkLocation: /default-rack, certSerialId: null}, Type:RATIS, Factor:ONE, State:CLOSED] moved to CLOSED state
2019-09-21 03:24:55,197 [EventQueue-StaleNodeForStaleNodeHandler] INFO  pipeline.SCMPipelineManager (SCMPipelineManager.java:finalizeAndDestroyPipeline(315)) - destroying pipeline:Pipeline[ Id: 8cae482e-c74a-4a8c-b63c-30645ce406f3, Nodes: 3c0d2216-17fa-4c3e-a525-6908efbd555c{ip: 192.168.36.122, host: pr-hdds-2161-42js2-1613171706, networkLocation: /default-rack, certSerialId: null}77ce14fb-fb72-4a93-bc2b-6f1918656d29{ip: 192.168.36.122, host: pr-hdds-2161-42js2-1613171706, networkLocation: /default-rack, certSerialId: null}5c850443-2394-4991-83c1-edacc95aa548{ip: 192.168.36.122, host: pr-hdds-2161-42js2-1613171706, networkLocation: /default-rack, certSerialId: null}, Type:RATIS, Factor:THREE, State:CLOSED]
2019-09-21 03:24:55,444 [ForkJoinPool.commonPool-worker-0] INFO  ozoneimpl.OzoneContainer (OzoneContainer.java:stop(231)) - Attempting to stop container services.
2019-09-21 03:24:55,449 [main] INFO  ozoneimpl.OzoneContainer (OzoneContainer.java:stop(231)) - Attempting to stop container services.
2019-09-21 03:24:55,451 [ForkJoinPool.commonPool-worker-0] INFO  impl.RaftServerProxy (RaftServerProxy.java:lambda$close$4(314)) - 5c850443-2394-4991-83c1-edacc95aa548: close
2019-09-21 03:24:55,452 [main] INFO  impl.RaftServerProxy (RaftServerProxy.java:lambda$close$4(314)) - 8345bb8e-806e-4c3e-9708-711872905d0a: close
2019-09-21 03:24:55,452 [ForkJoinPool.commonPool-worker-0] INFO  impl.RaftServerImpl (RaftServerImpl.java:lambda$shutdown$3(251)) - 5c850443-2394-4991-83c1-edacc95aa548@group-6A339F6D7555: shutdown
2019-09-21 03:24:55,452 [main] INFO  impl.RaftServerImpl (RaftServerImpl.java:lambda$shutdown$3(251)) - 8345bb8e-806e-4c3e-9708-711872905d0a@group-1FDBD0D5DDC9: shutdown
2019-09-21 03:24:55,453 [ForkJoinPool.commonPool-worker-0] INFO  util.JmxRegister (JmxRegister.java:unregister(73)) - Successfully un-registered JMX Bean with object name Ratis:service=RaftServer,group=group-6A339F6D7555,id=5c850443-2394-4991-83c1-edacc95aa548
2019-09-21 03:24:55,453 [main] INFO  util.JmxRegister (JmxRegister.java:unregister(73)) - Successfully un-registered JMX Bean with object name Ratis:service=RaftServer,group=group-1FDBD0D5DDC9,id=8345bb8e-806e-4c3e-9708-711872905d0a
2019-09-21 03:24:55,453 [ForkJoinPool.commonPool-worker-0] INFO  impl.RoleInfo (RoleInfo.java:shutdownLeaderState(104)) - 5c850443-2394-4991-83c1-edacc95aa548: shutdown LeaderState
2019-09-21 03:24:55,453 [main] INFO  impl.RoleInfo (RoleInfo.java:shutdownLeaderState(104)) - 8345bb8e-806e-4c3e-9708-711872905d0a: shutdown LeaderState
2019-09-21 03:24:55,453 [ForkJoinPool.commonPool-worker-0] INFO  impl.PendingRequests (PendingRequests.java:sendNotLeaderResponses(202)) - 5c850443-2394-4991-83c1-edacc95aa548-PendingRequests: sendNotLeaderResponses
2019-09-21 03:24:55,454 [org.apache.ratis.server.impl.LogAppender$AppenderDaemon$$Lambda$485/762318467@1318d897] WARN  server.GrpcLogAppender (GrpcLogAppender.java:mayWait(143)) - 8345bb8e-806e-4c3e-9708-711872905d0a@group-1FDBD0D5DDC9->acf71cc8-0f6b-4f19-a234-fdd28175ad2e-GrpcLogAppender: Wait interrupted by java.lang.InterruptedException
2019-09-21 03:24:55,454 [org.apache.ratis.server.impl.LogAppender$AppenderDaemon$$Lambda$485/762318467@6f71638e] WARN  server.GrpcLogAppender (GrpcLogAppender.java:mayWait(143)) - 8345bb8e-806e-4c3e-9708-711872905d0a@group-1FDBD0D5DDC9->c3d1d526-9aa3-46c6-a575-dac81e178c8f-GrpcLogAppender: Wait interrupted by java.lang.InterruptedException
2019-09-21 03:24:55,454 [main] INFO  impl.PendingRequests (PendingRequests.java:sendNotLeaderResponses(202)) - 8345bb8e-806e-4c3e-9708-711872905d0a-PendingRequests: sendNotLeaderResponses
2019-09-21 03:24:55,454 [ForkJoinPool.commonPool-worker-0] INFO  impl.StateMachineUpdater (StateMachineUpdater.java:stopAndJoin(125)) - 5c850443-2394-4991-83c1-edacc95aa548@group-6A339F6D7555-StateMachineUpdater: set stopIndex = 0
2019-09-21 03:24:55,459 [main] INFO  impl.StateMachineUpdater (StateMachineUpdater.java:stopAndJoin(125)) - 8345bb8e-806e-4c3e-9708-711872905d0a@group-1FDBD0D5DDC9-StateMachineUpdater: set stopIndex = 8
2019-09-21 03:24:55,459 [ForkJoinPool.commonPool-worker-0] INFO  impl.RaftServerImpl (ServerState.java:close(385)) - 5c850443-2394-4991-83c1-edacc95aa548@group-6A339F6D7555: closes. applyIndex: 0
2019-09-21 03:24:55,459 [8345bb8e-806e-4c3e-9708-711872905d0a@group-1FDBD0D5DDC9-StateMachineUpdater] INFO  ratis.ContainerStateMachine (ContainerStateMachine.java:takeSnapshot(289)) - group-1FDBD0D5DDC9: Taking a snapshot at:(t:1, i:8) file /workdir/hadoop-ozone/integration-test/target/test-dir/MiniOzoneClusterImpl-e366364a-480d-4d7a-97c1-516fb7a6c1d7/datanode-6/data/ratis/49e1f37a-ac98-4cf3-b391-1fdbd0d5ddc9/sm/snapshot.1_8
2019-09-21 03:24:55,460 [5c850443-2394-4991-83c1-edacc95aa548@group-6A339F6D7555-SegmentedRaftLogWorker] INFO  segmented.SegmentedRaftLogWorker (SegmentedRaftLogWorker.java:run(313)) - 5c850443-2394-4991-83c1-edacc95aa548@group-6A339F6D7555-SegmentedRaftLogWorker was interrupted, exiting. There are 0 tasks remaining in the queue.
2019-09-21 03:24:55,472 [ForkJoinPool.commonPool-worker-0] INFO  segmented.SegmentedRaftLogWorker (SegmentedRaftLogWorker.java:close(228)) - 5c850443-2394-4991-83c1-edacc95aa548@group-6A339F6D7555-SegmentedRaftLogWorker close()
2019-09-21 03:24:55,476 [ForkJoinPool.commonPool-worker-0] INFO  impl.RaftServerImpl (RaftServerImpl.java:lambda$shutdown$3(251)) - 5c850443-2394-4991-83c1-edacc95aa548@group-30645CE406F3: shutdown
2019-09-21 03:24:55,476 [8345bb8e-806e-4c3e-9708-711872905d0a@group-1FDBD0D5DDC9-StateMachineUpdater] INFO  ratis.ContainerStateMachine (ContainerStateMachine.java:takeSnapshot(300)) - group-1FDBD0D5DDC9: Finished taking a snapshot at:(t:1, i:8) file:/workdir/hadoop-ozone/integration-test/target/test-dir/MiniOzoneClusterImpl-e366364a-480d-4d7a-97c1-516fb7a6c1d7/datanode-6/data/ratis/49e1f37a-ac98-4cf3-b391-1fdbd0d5ddc9/sm/snapshot.1_8 time:17
2019-09-21 03:24:55,476 [ForkJoinPool.commonPool-worker-0] INFO  util.JmxRegister (JmxRegister.java:unregister(73)) - Successfully un-registered JMX Bean with object name Ratis:service=RaftServer,group=group-30645CE406F3,id=5c850443-2394-4991-83c1-edacc95aa548
2019-09-21 03:24:55,476 [ForkJoinPool.commonPool-worker-0] INFO  impl.RoleInfo (RoleInfo.java:shutdownFollowerState(121)) - 5c850443-2394-4991-83c1-edacc95aa548: shutdown FollowerState
2019-09-21 03:24:55,477 [8345bb8e-806e-4c3e-9708-711872905d0a@group-1FDBD0D5DDC9-StateMachineUpdater] INFO  impl.StateMachineUpdater (StateMachineUpdater.java:takeSnapshot(258)) - 8345bb8e-806e-4c3e-9708-711872905d0a@group-1FDBD0D5DDC9-StateMachineUpdater: Took a snapshot at index 8
2019-09-21 03:24:55,477 [ForkJoinPool.commonPool-worker-0] INFO  impl.StateMachineUpdater (StateMachineUpdater.java:stopAndJoin(125)) - 5c850443-2394-4991-83c1-edacc95aa548@group-30645CE406F3-StateMachineUpdater: set stopIndex = 6
2019-09-21 03:24:55,477 [5c850443-2394-4991-83c1-edacc95aa548@group-30645CE406F3-StateMachineUpdater] INFO  ratis.ContainerStateMachine (ContainerStateMachine.java:takeSnapshot(289)) - group-30645CE406F3: Taking a snapshot at:(t:1, i:4) file /workdir/hadoop-ozone/integration-test/target/test-dir/MiniOzoneClusterImpl-e366364a-480d-4d7a-97c1-516fb7a6c1d7/datanode-0/data/ratis/8cae482e-c74a-4a8c-b63c-30645ce406f3/sm/snapshot.1_4
2019-09-21 03:24:55,477 [Thread-3542] INFO  impl.FollowerState (FollowerState.java:run(115)) - 5c850443-2394-4991-83c1-edacc95aa548: FollowerState was interrupted: java.lang.InterruptedException: sleep interrupted
2019-09-21 03:24:55,477 [8345bb8e-806e-4c3e-9708-711872905d0a@group-1FDBD0D5DDC9-StateMachineUpdater] INFO  impl.StateMachineUpdater (StateMachineUpdater.java:lambda$new$0(83)) - 8345bb8e-806e-4c3e-9708-711872905d0a@group-1FDBD0D5DDC9-StateMachineUpdater: snapshotIndex: updateIncreasingly -1 -> 8
2019-09-21 03:24:55,477 [main] INFO  impl.RaftServerImpl (ServerState.java:close(385)) - 8345bb8e-806e-4c3e-9708-711872905d0a@group-1FDBD0D5DDC9: closes. applyIndex: 8
2019-09-21 03:24:55,478 [8345bb8e-806e-4c3e-9708-711872905d0a@group-1FDBD0D5DDC9-SegmentedRaftLogWorker] INFO  segmented.SegmentedRaftLogWorker (SegmentedRaftLogWorker.java:run(313)) - 8345bb8e-806e-4c3e-9708-711872905d0a@group-1FDBD0D5DDC9-SegmentedRaftLogWorker was interrupted, exiting. There are 0 tasks remaining in the queue.
2019-09-21 03:24:55,479 [main] INFO  segmented.SegmentedRaftLogWorker (SegmentedRaftLogWorker.java:close(228)) - 8345bb8e-806e-4c3e-9708-711872905d0a@group-1FDBD0D5DDC9-SegmentedRaftLogWorker close()
2019-09-21 03:24:55,482 [main] INFO  impl.RaftServerImpl (RaftServerImpl.java:lambda$shutdown$3(251)) - 8345bb8e-806e-4c3e-9708-711872905d0a@group-18D45196863A: shutdown
2019-09-21 03:24:55,482 [main] INFO  util.JmxRegister (JmxRegister.java:unregister(73)) - Successfully un-registered JMX Bean with object name Ratis:service=RaftServer,group=group-18D45196863A,id=8345bb8e-806e-4c3e-9708-711872905d0a
2019-09-21 03:24:55,482 [main] INFO  impl.RoleInfo (RoleInfo.java:shutdownLeaderState(104)) - 8345bb8e-806e-4c3e-9708-711872905d0a: shutdown LeaderState
2019-09-21 03:24:55,482 [main] INFO  impl.PendingRequests (PendingRequests.java:sendNotLeaderResponses(202)) - 8345bb8e-806e-4c3e-9708-711872905d0a-PendingRequests: sendNotLeaderResponses
2019-09-21 03:24:55,483 [main] INFO  impl.StateMachineUpdater (StateMachineUpdater.java:stopAndJoin(125)) - 8345bb8e-806e-4c3e-9708-711872905d0a@group-18D45196863A-StateMachineUpdater: set stopIndex = 0
2019-09-21 03:24:55,483 [main] INFO  impl.RaftServerImpl (ServerState.java:close(385)) - 8345bb8e-806e-4c3e-9708-711872905d0a@group-18D45196863A: closes. applyIndex: 0
2019-09-21 03:24:55,483 [8345bb8e-806e-4c3e-9708-711872905d0a@group-18D45196863A-SegmentedRaftLogWorker] INFO  segmented.SegmentedRaftLogWorker (SegmentedRaftLogWorker.java:run(313)) - 8345bb8e-806e-4c3e-9708-711872905d0a@group-18D45196863A-SegmentedRaftLogWorker was interrupted, exiting. There are 0 tasks remaining in the queue.
2019-09-21 03:24:55,485 [main] INFO  segmented.SegmentedRaftLogWorker (SegmentedRaftLogWorker.java:close(228)) - 8345bb8e-806e-4c3e-9708-711872905d0a@group-18D45196863A-SegmentedRaftLogWorker close()
2019-09-21 03:24:55,488 [main] INFO  server.GrpcService (GrpcService.java:closeImpl(164)) - 8345bb8e-806e-4c3e-9708-711872905d0a: shutdown server with port 43113 now
2019-09-21 03:24:55,489 [main] INFO  server.GrpcService (GrpcService.java:closeImpl(172)) - 8345bb8e-806e-4c3e-9708-711872905d0a: shutdown server with port 43113 successfully
2019-09-21 03:24:55,489 [grpc-default-executor-14] WARN  client.GrpcClientProtocolService (LogUtils.java:warn(134)) - 3-UnorderedRequestStreamObserver3: onError: org.apache.ratis.thirdparty.io.grpc.StatusRuntimeException: CANCELLED: cancelled before receiving half close
2019-09-21 03:24:55,491 [refreshUsed-/workdir/hadoop-ozone/integration-test/target/test-dir/MiniOzoneClusterImpl-e366364a-480d-4d7a-97c1-516fb7a6c1d7/datanode-6/data/containers] WARN  fs.CachingGetSpaceUsed (CachingGetSpaceUsed.java:run(183)) - Thread Interrupted waiting to refresh disk information: sleep interrupted
2019-09-21 03:24:55,507 [main] INFO  utils.BackgroundService (BackgroundService.java:shutdown(148)) - Shutting down service BlockDeletingService
2019-09-21 03:24:55,509 [5c850443-2394-4991-83c1-edacc95aa548@group-30645CE406F3-StateMachineUpdater] INFO  ratis.ContainerStateMachine (ContainerStateMachine.java:takeSnapshot(300)) - group-30645CE406F3: Finished taking a snapshot at:(t:1, i:4) file:/workdir/hadoop-ozone/integration-test/target/test-dir/MiniOzoneClusterImpl-e366364a-480d-4d7a-97c1-516fb7a6c1d7/datanode-0/data/ratis/8cae482e-c74a-4a8c-b63c-30645ce406f3/sm/snapshot.1_4 time:32
2019-09-21 03:24:55,510 [main] INFO  statemachine.DatanodeStateMachine (DatanodeStateMachine.java:stopDaemon(395)) - Ozone container server stopped.
2019-09-21 03:24:55,511 [5c850443-2394-4991-83c1-edacc95aa548@group-30645CE406F3-StateMachineUpdater] INFO  impl.StateMachineUpdater (StateMachineUpdater.java:takeSnapshot(258)) - 5c850443-2394-4991-83c1-edacc95aa548@group-30645CE406F3-StateMachineUpdater: Took a snapshot at index 4
2019-09-21 03:24:55,511 [5c850443-2394-4991-83c1-edacc95aa548@group-30645CE406F3-StateMachineUpdater] INFO  impl.StateMachineUpdater (StateMachineUpdater.java:lambda$new$0(83)) - 5c850443-2394-4991-83c1-edacc95aa548@group-30645CE406F3-StateMachineUpdater: snapshotIndex: updateIncreasingly -1 -> 4
2019-09-21 03:24:55,511 [5c850443-2394-4991-83c1-edacc95aa548@group-30645CE406F3-StateMachineUpdater] INFO  ratis.ContainerStateMachine (ContainerStateMachine.java:takeSnapshot(289)) - group-30645CE406F3: Taking a snapshot at:(t:1, i:4) file /workdir/hadoop-ozone/integration-test/target/test-dir/MiniOzoneClusterImpl-e366364a-480d-4d7a-97c1-516fb7a6c1d7/datanode-0/data/ratis/8cae482e-c74a-4a8c-b63c-30645ce406f3/sm/snapshot.1_4
2019-09-21 03:24:55,512 [main] INFO  handler.ContextHandler (ContextHandler.java:doStop(910)) - Stopped o.e.j.w.WebAppContext@7e2c6702{/,null,UNAVAILABLE}{/hddsDatanode}
2019-09-21 03:24:55,513 [main] INFO  server.AbstractConnector (AbstractConnector.java:doStop(318)) - Stopped ServerConnector@5fb7ab9c{HTTP/1.1,[http/1.1]}{0.0.0.0:0}
2019-09-21 03:24:55,513 [main] INFO  handler.ContextHandler (ContextHandler.java:doStop(910)) - Stopped o.e.j.s.ServletContextHandler@16a6dc21{/static,jar:file:/home/user/.m2/repository/org/apache/hadoop/hadoop-hdds-container-service/0.5.0-SNAPSHOT/hadoop-hdds-container-service-0.5.0-SNAPSHOT.jar!/webapps/static,UNAVAILABLE}
2019-09-21 03:24:55,513 [main] INFO  handler.ContextHandler (ContextHandler.java:doStop(910)) - Stopped o.e.j.s.ServletContextHandler@570b2057{/logs,file:///workdir/hadoop-ozone/integration-test/target/log,UNAVAILABLE}
2019-09-21 03:24:55,528 [5c850443-2394-4991-83c1-edacc95aa548@group-30645CE406F3-StateMachineUpdater] INFO  ratis.ContainerStateMachine (ContainerStateMachine.java:takeSnapshot(300)) - group-30645CE406F3: Finished taking a snapshot at:(t:1, i:4) file:/workdir/hadoop-ozone/integration-test/target/test-dir/MiniOzoneClusterImpl-e366364a-480d-4d7a-97c1-516fb7a6c1d7/datanode-0/data/ratis/8cae482e-c74a-4a8c-b63c-30645ce406f3/sm/snapshot.1_4 time:17
2019-09-21 03:24:55,529 [5c850443-2394-4991-83c1-edacc95aa548@group-30645CE406F3-StateMachineUpdater] INFO  impl.StateMachineUpdater (StateMachineUpdater.java:takeSnapshot(258)) - 5c850443-2394-4991-83c1-edacc95aa548@group-30645CE406F3-StateMachineUpdater: Took a snapshot at index 4
2019-09-21 03:24:55,529 [5c850443-2394-4991-83c1-edacc95aa548@group-30645CE406F3-StateMachineUpdater] INFO  impl.StateMachineUpdater (StateMachineUpdater.java:lambda$new$0(83)) - 5c850443-2394-4991-83c1-edacc95aa548@group-30645CE406F3-StateMachineUpdater: snapshotIndex: updateIncreasingly 4 -> 4
2019-09-21 03:24:55,529 [ForkJoinPool.commonPool-worker-0] INFO  impl.RaftServerImpl (ServerState.java:close(385)) - 5c850443-2394-4991-83c1-edacc95aa548@group-30645CE406F3: closes. applyIndex: 6
2019-09-21 03:24:55,530 [5c850443-2394-4991-83c1-edacc95aa548@group-30645CE406F3-SegmentedRaftLogWorker] INFO  segmented.SegmentedRaftLogWorker (SegmentedRaftLogWorker.java:run(313)) - 5c850443-2394-4991-83c1-edacc95aa548@group-30645CE406F3-SegmentedRaftLogWorker was interrupted, exiting. There are 0 tasks remaining in the queue.
2019-09-21 03:24:55,532 [ForkJoinPool.commonPool-worker-0] INFO  segmented.SegmentedRaftLogWorker (SegmentedRaftLogWorker.java:close(228)) - 5c850443-2394-4991-83c1-edacc95aa548@group-30645CE406F3-SegmentedRaftLogWorker close()
2019-09-21 03:24:55,535 [ForkJoinPool.commonPool-worker-0] INFO  server.GrpcService (GrpcService.java:closeImpl(164)) - 5c850443-2394-4991-83c1-edacc95aa548: shutdown server with port 34461 now
2019-09-21 03:24:55,535 [ForkJoinPool.commonPool-worker-0] INFO  server.GrpcService (GrpcService.java:closeImpl(172)) - 5c850443-2394-4991-83c1-edacc95aa548: shutdown server with port 34461 successfully
2019-09-21 03:24:55,537 [refreshUsed-/workdir/hadoop-ozone/integration-test/target/test-dir/MiniOzoneClusterImpl-e366364a-480d-4d7a-97c1-516fb7a6c1d7/datanode-0/data/containers] WARN  fs.CachingGetSpaceUsed (CachingGetSpaceUsed.java:run(183)) - Thread Interrupted waiting to refresh disk information: sleep interrupted
2019-09-21 03:24:55,552 [ForkJoinPool.commonPool-worker-0] INFO  utils.BackgroundService (BackgroundService.java:shutdown(148)) - Shutting down service BlockDeletingService
2019-09-21 03:24:55,562 [ForkJoinPool.commonPool-worker-0] INFO  statemachine.DatanodeStateMachine (DatanodeStateMachine.java:stopDaemon(395)) - Ozone container server stopped.
2019-09-21 03:24:55,566 [ForkJoinPool.commonPool-worker-0] INFO  handler.ContextHandler (ContextHandler.java:doStop(910)) - Stopped o.e.j.w.WebAppContext@4bbf38b8{/,null,UNAVAILABLE}{/hddsDatanode}
2019-09-21 03:24:55,567 [ForkJoinPool.commonPool-worker-0] INFO  server.AbstractConnector (AbstractConnector.java:doStop(318)) - Stopped ServerConnector@4e67cfe1{HTTP/1.1,[http/1.1]}{0.0.0.0:0}
2019-09-21 03:24:55,567 [ForkJoinPool.commonPool-worker-0] INFO  handler.ContextHandler (ContextHandler.java:doStop(910)) - Stopped o.e.j.s.ServletContextHandler@374c3975{/static,jar:file:/home/user/.m2/repository/org/apache/hadoop/hadoop-hdds-container-service/0.5.0-SNAPSHOT/hadoop-hdds-container-service-0.5.0-SNAPSHOT.jar!/webapps/static,UNAVAILABLE}
2019-09-21 03:24:55,568 [ForkJoinPool.commonPool-worker-0] INFO  handler.ContextHandler (ContextHandler.java:doStop(910)) - Stopped o.e.j.s.ServletContextHandler@5618fc1f{/logs,file:///workdir/hadoop-ozone/integration-test/target/log,UNAVAILABLE}
2019-09-21 03:24:55,933 [Datanode State Machine Thread - 0] INFO  statemachine.DatanodeStateMachine (DatanodeStateMachine.java:lambda$startDaemon$0(350)) - Ozone container server started.
2019-09-21 03:25:00,001 [EventQueue-StaleNodeForStaleNodeHandler] INFO  node.StaleNodeHandler (StaleNodeHandler.java:onMessage(58)) - Datanode 4f26e124-4a53-42f7-856e-c1455948108d{ip: 192.168.36.122, host: pr-hdds-2161-42js2-1613171706, networkLocation: /default-rack, certSerialId: null} moved to stale state. Finalizing its pipelines [PipelineID=1e05a050-b524-48bb-b29a-502a706d4820]
2019-09-21 03:25:00,002 [EventQueue-StaleNodeForStaleNodeHandler] INFO  pipeline.SCMPipelineManager (SCMPipelineManager.java:finalizeAndDestroyPipeline(315)) - destroying pipeline:Pipeline[ Id: 1e05a050-b524-48bb-b29a-502a706d4820, Nodes: 4f26e124-4a53-42f7-856e-c1455948108d{ip: 192.168.36.122, host: pr-hdds-2161-42js2-1613171706, networkLocation: /default-rack, certSerialId: null}, Type:RATIS, Factor:ONE, State:OPEN]
2019-09-21 03:25:00,002 [EventQueue-StaleNodeForStaleNodeHandler] INFO  pipeline.PipelineStateManager (PipelineStateManager.java:finalizePipeline(123)) - Pipeline Pipeline[ Id: 1e05a050-b524-48bb-b29a-502a706d4820, Nodes: 4f26e124-4a53-42f7-856e-c1455948108d{ip: 192.168.36.122, host: pr-hdds-2161-42js2-1613171706, networkLocation: /default-rack, certSerialId: null}, Type:RATIS, Factor:ONE, State:CLOSED] moved to CLOSED state
2019-09-21 03:25:00,515 [main] INFO  ozoneimpl.OzoneContainer (OzoneContainer.java:stop(231)) - Attempting to stop container services.
2019-09-21 03:25:00,517 [main] INFO  impl.RaftServerProxy (RaftServerProxy.java:lambda$close$4(314)) - 4f26e124-4a53-42f7-856e-c1455948108d: close
2019-09-21 03:25:00,517 [main] INFO  impl.RaftServerImpl (RaftServerImpl.java:lambda$shutdown$3(251)) - 4f26e124-4a53-42f7-856e-c1455948108d@group-502A706D4820: shutdown
2019-09-21 03:25:00,518 [main] INFO  util.JmxRegister (JmxRegister.java:unregister(73)) - Successfully un-registered JMX Bean with object name Ratis:service=RaftServer,group=group-502A706D4820,id=4f26e124-4a53-42f7-856e-c1455948108d
2019-09-21 03:25:00,518 [main] INFO  impl.RoleInfo (RoleInfo.java:shutdownLeaderState(104)) - 4f26e124-4a53-42f7-856e-c1455948108d: shutdown LeaderState
2019-09-21 03:25:00,519 [main] INFO  impl.PendingRequests (PendingRequests.java:sendNotLeaderResponses(202)) - 4f26e124-4a53-42f7-856e-c1455948108d-PendingRequests: sendNotLeaderResponses
2019-09-21 03:25:00,519 [main] INFO  impl.StateMachineUpdater (StateMachineUpdater.java:stopAndJoin(125)) - 4f26e124-4a53-42f7-856e-c1455948108d@group-502A706D4820-StateMachineUpdater: set stopIndex = 0
2019-09-21 03:25:00,520 [main] INFO  impl.RaftServerImpl (ServerState.java:close(385)) - 4f26e124-4a53-42f7-856e-c1455948108d@group-502A706D4820: closes. applyIndex: 0
2019-09-21 03:25:00,521 [4f26e124-4a53-42f7-856e-c1455948108d@group-502A706D4820-SegmentedRaftLogWorker] INFO  segmented.SegmentedRaftLogWorker (SegmentedRaftLogWorker.java:run(313)) - 4f26e124-4a53-42f7-856e-c1455948108d@group-502A706D4820-SegmentedRaftLogWorker was interrupted, exiting. There are 0 tasks remaining in the queue.
2019-09-21 03:25:00,525 [main] INFO  segmented.SegmentedRaftLogWorker (SegmentedRaftLogWorker.java:close(228)) - 4f26e124-4a53-42f7-856e-c1455948108d@group-502A706D4820-SegmentedRaftLogWorker close()
2019-09-21 03:25:00,529 [main] INFO  server.GrpcService (GrpcService.java:closeImpl(164)) - 4f26e124-4a53-42f7-856e-c1455948108d: shutdown server with port 43602 now
2019-09-21 03:25:00,532 [main] INFO  server.GrpcService (GrpcService.java:closeImpl(172)) - 4f26e124-4a53-42f7-856e-c1455948108d: shutdown server with port 43602 successfully
2019-09-21 03:25:00,534 [refreshUsed-/workdir/hadoop-ozone/integration-test/target/test-dir/MiniOzoneClusterImpl-e366364a-480d-4d7a-97c1-516fb7a6c1d7/datanode-5/data/containers] WARN  fs.CachingGetSpaceUsed (CachingGetSpaceUsed.java:run(183)) - Thread Interrupted waiting to refresh disk information: sleep interrupted
2019-09-21 03:25:00,554 [main] INFO  utils.BackgroundService (BackgroundService.java:shutdown(148)) - Shutting down service BlockDeletingService
2019-09-21 03:25:00,555 [main] INFO  statemachine.DatanodeStateMachine (DatanodeStateMachine.java:stopDaemon(395)) - Ozone container server stopped.
2019-09-21 03:25:00,556 [main] INFO  handler.ContextHandler (ContextHandler.java:doStop(910)) - Stopped o.e.j.w.WebAppContext@3a0896b3{/,null,UNAVAILABLE}{/hddsDatanode}
2019-09-21 03:25:00,557 [main] INFO  server.AbstractConnector (AbstractConnector.java:doStop(318)) - Stopped ServerConnector@50a7c72b{HTTP/1.1,[http/1.1]}{0.0.0.0:0}
2019-09-21 03:25:00,557 [main] INFO  handler.ContextHandler (ContextHandler.java:doStop(910)) - Stopped o.e.j.s.ServletContextHandler@2d4fb0d8{/static,jar:file:/home/user/.m2/repository/org/apache/hadoop/hadoop-hdds-container-service/0.5.0-SNAPSHOT/hadoop-hdds-container-service-0.5.0-SNAPSHOT.jar!/webapps/static,UNAVAILABLE}
2019-09-21 03:25:00,557 [main] INFO  handler.ContextHandler (ContextHandler.java:doStop(910)) - Stopped o.e.j.s.ServletContextHandler@1de5cc88{/logs,file:///workdir/hadoop-ozone/integration-test/target/log,UNAVAILABLE}
2019-09-21 03:25:00,559 [main] INFO  ozone.MiniOzoneClusterImpl (MiniOzoneClusterImpl.java:stopSCM(392)) - Stopping the StorageContainerManager
2019-09-21 03:25:00,559 [main] INFO  server.StorageContainerManager (StorageContainerManager.java:stop(808)) - Stopping Replication Manager Service.
2019-09-21 03:25:00,559 [main] INFO  container.ReplicationManager (ReplicationManager.java:stop(203)) - Stopping Replication Monitor Thread.
2019-09-21 03:25:00,560 [main] INFO  server.StorageContainerManager (StorageContainerManager.java:stop(815)) - Stopping Lease Manager of the command watchers
2019-09-21 03:25:00,560 [main] INFO  server.StorageContainerManager (StorageContainerManager.java:stop(822)) - Stopping datanode service RPC server
2019-09-21 03:25:00,560 [main] INFO  server.SCMDatanodeProtocolServer (SCMDatanodeProtocolServer.java:stop(367)) - Stopping the RPC server for DataNodes
2019-09-21 03:25:00,560 [main] INFO  ipc.Server (Server.java:stop(3082)) - Stopping server on 46376
2019-09-21 03:25:00,563 [IPC Server listener on 46376] INFO  ipc.Server (Server.java:run(1185)) - Stopping IPC Server listener on 46376
2019-09-21 03:25:00,564 [IPC Server Responder] INFO  ipc.Server (Server.java:run(1319)) - Stopping IPC Server Responder
2019-09-21 03:25:00,602 [SCM Heartbeat Processing Thread - 0] WARN  node.NodeStateManager (NodeStateManager.java:scheduleNextHealthCheck(646)) - Current Thread is interrupted, shutting down HB processing thread for Node Manager.
2019-09-21 03:25:00,602 [main] INFO  server.StorageContainerManager (StorageContainerManager.java:stop(830)) - Stopping block service RPC server
2019-09-21 03:25:00,602 [main] INFO  server.SCMBlockProtocolServer (SCMBlockProtocolServer.java:stop(155)) - Stopping the RPC server for Block Protocol
2019-09-21 03:25:00,602 [main] INFO  ipc.Server (Server.java:stop(3082)) - Stopping server on 35761
2019-09-21 03:25:00,605 [IPC Server listener on 35761] INFO  ipc.Server (Server.java:run(1185)) - Stopping IPC Server listener on 35761
2019-09-21 03:25:00,605 [main] INFO  server.StorageContainerManager (StorageContainerManager.java:stop(837)) - Stopping the StorageContainerLocationProtocol RPC server
2019-09-21 03:25:00,606 [main] INFO  server.SCMClientProtocolServer (SCMClientProtocolServer.java:stop(159)) - Stopping the RPC server for Client Protocol
2019-09-21 03:25:00,607 [IPC Server Responder] INFO  ipc.Server (Server.java:run(1319)) - Stopping IPC Server Responder
2019-09-21 03:25:00,607 [main] INFO  ipc.Server (Server.java:stop(3082)) - Stopping server on 43682
2019-09-21 03:25:00,610 [IPC Server listener on 43682] INFO  ipc.Server (Server.java:run(1185)) - Stopping IPC Server listener on 43682
2019-09-21 03:25:00,615 [main] INFO  server.StorageContainerManager (StorageContainerManager.java:stop(844)) - Stopping Storage Container Manager HTTP server.
2019-09-21 03:25:00,615 [IPC Server Responder] INFO  ipc.Server (Server.java:run(1319)) - Stopping IPC Server Responder
2019-09-21 03:25:00,617 [main] INFO  handler.ContextHandler (ContextHandler.java:doStop(910)) - Stopped o.e.j.w.WebAppContext@2674d4f6{/,null,UNAVAILABLE}{/scm}
2019-09-21 03:25:00,617 [main] INFO  server.AbstractConnector (AbstractConnector.java:doStop(318)) - Stopped ServerConnector@5d9d2119{HTTP/1.1,[http/1.1]}{0.0.0.0:0}
2019-09-21 03:25:00,617 [main] INFO  handler.ContextHandler (ContextHandler.java:doStop(910)) - Stopped o.e.j.s.ServletContextHandler@1c62c3fd{/static,file:///workdir/hadoop-ozone/integration-test/target/test-classes/webapps/static,UNAVAILABLE}
2019-09-21 03:25:00,618 [main] INFO  handler.ContextHandler (ContextHandler.java:doStop(910)) - Stopped o.e.j.s.ServletContextHandler@71b97eeb{/logs,file:///workdir/hadoop-ozone/integration-test/target/log,UNAVAILABLE}
2019-09-21 03:25:00,618 [main] INFO  server.StorageContainerManager (StorageContainerManager.java:stop(855)) - Stopping Block Manager Service.
2019-09-21 03:25:00,618 [main] INFO  utils.BackgroundService (BackgroundService.java:shutdown(148)) - Shutting down service SCMBlockDeletingService
2019-09-21 03:25:00,619 [main] INFO  utils.BackgroundService (BackgroundService.java:shutdown(148)) - Shutting down service SCMBlockDeletingService
2019-09-21 03:25:00,619 [main] INFO  server.StorageContainerManager (StorageContainerManager.java:stop(877)) - Stopping SCM Event Queue.
2019-09-21 03:25:00,623 [main] INFO  impl.MetricsSystemImpl (MetricsSystemImpl.java:stop(210)) - Stopping HddsDatanode metrics system...
2019-09-21 03:25:00,641 [main] INFO  impl.MetricsSystemImpl (MetricsSystemImpl.java:stop(216)) - HddsDatanode metrics system stopped.
]]></system-out>
    <system-err><![CDATA[Sep 21, 2019 3:24:36 AM org.apache.ratis.thirdparty.io.grpc.internal.ManagedChannelOrphanWrapper$ManagedChannelReference cleanQueue
SEVERE: *~*~*~ Channel ManagedChannelImpl{logId=3196, target=192.168.36.122:35569} was not shutdown properly!!! ~*~*~*
    Make sure to call shutdown()/shutdownNow() and wait until awaitTermination() returns true.
java.lang.RuntimeException: ManagedChannel allocation site
	at org.apache.ratis.thirdparty.io.grpc.internal.ManagedChannelOrphanWrapper$ManagedChannelReference.<init>(ManagedChannelOrphanWrapper.java:103)
	at org.apache.ratis.thirdparty.io.grpc.internal.ManagedChannelOrphanWrapper.<init>(ManagedChannelOrphanWrapper.java:53)
	at org.apache.ratis.thirdparty.io.grpc.internal.ManagedChannelOrphanWrapper.<init>(ManagedChannelOrphanWrapper.java:44)
	at org.apache.ratis.thirdparty.io.grpc.internal.AbstractManagedChannelImplBuilder.build(AbstractManagedChannelImplBuilder.java:411)
	at org.apache.ratis.grpc.client.GrpcClientProtocolClient.<init>(GrpcClientProtocolClient.java:127)
	at org.apache.ratis.grpc.client.GrpcClientRpc.lambda$new$0(GrpcClientRpc.java:55)
	at org.apache.ratis.util.PeerProxyMap$PeerAndProxy.lambda$getProxy$0(PeerProxyMap.java:61)
	at org.apache.ratis.util.LifeCycle.startAndTransition(LifeCycle.java:202)
	at org.apache.ratis.util.PeerProxyMap$PeerAndProxy.getProxy(PeerProxyMap.java:60)
	at org.apache.ratis.util.PeerProxyMap.getProxy(PeerProxyMap.java:108)
	at org.apache.ratis.grpc.client.GrpcClientRpc.sendRequestAsync(GrpcClientRpc.java:66)
	at org.apache.ratis.client.impl.OrderedAsync.sendRequest(OrderedAsync.java:208)
	at org.apache.ratis.client.impl.OrderedAsync.sendRequestWithRetry(OrderedAsync.java:169)
	at org.apache.ratis.util.SlidingWindow$Client.sendOrDelayRequest(SlidingWindow.java:278)
	at org.apache.ratis.util.SlidingWindow$Client.retry(SlidingWindow.java:294)
	at org.apache.ratis.client.impl.OrderedAsync.lambda$scheduleWithTimeout$7(OrderedAsync.java:195)
	at org.apache.ratis.util.TimeoutScheduler.lambda$onTimeout$0(TimeoutScheduler.java:113)
	at org.apache.ratis.util.TimeoutScheduler.lambda$onTimeout$1(TimeoutScheduler.java:133)
	at org.apache.ratis.util.LogUtils.runAndLog(LogUtils.java:50)
	at org.apache.ratis.util.LogUtils$1.run(LogUtils.java:91)
	at java.util.concurrent.Executors$RunnableAdapter.call(Executors.java:511)
	at java.util.concurrent.FutureTask.run(FutureTask.java:266)
	at java.util.concurrent.ScheduledThreadPoolExecutor$ScheduledFutureTask.access$201(ScheduledThreadPoolExecutor.java:180)
	at java.util.concurrent.ScheduledThreadPoolExecutor$ScheduledFutureTask.run(ScheduledThreadPoolExecutor.java:293)
	at java.util.concurrent.ThreadPoolExecutor.runWorker(ThreadPoolExecutor.java:1149)
	at java.util.concurrent.ThreadPoolExecutor$Worker.run(ThreadPoolExecutor.java:624)
	at java.lang.Thread.run(Thread.java:748)

Sep 21, 2019 3:24:36 AM org.apache.ratis.thirdparty.io.grpc.internal.ManagedChannelOrphanWrapper$ManagedChannelReference cleanQueue
SEVERE: *~*~*~ Channel ManagedChannelImpl{logId=2635, target=192.168.36.122:34588} was not shutdown properly!!! ~*~*~*
    Make sure to call shutdown()/shutdownNow() and wait until awaitTermination() returns true.
java.lang.RuntimeException: ManagedChannel allocation site
	at org.apache.ratis.thirdparty.io.grpc.internal.ManagedChannelOrphanWrapper$ManagedChannelReference.<init>(ManagedChannelOrphanWrapper.java:103)
	at org.apache.ratis.thirdparty.io.grpc.internal.ManagedChannelOrphanWrapper.<init>(ManagedChannelOrphanWrapper.java:53)
	at org.apache.ratis.thirdparty.io.grpc.internal.ManagedChannelOrphanWrapper.<init>(ManagedChannelOrphanWrapper.java:44)
	at org.apache.ratis.thirdparty.io.grpc.internal.AbstractManagedChannelImplBuilder.build(AbstractManagedChannelImplBuilder.java:411)
	at org.apache.hadoop.hdds.scm.XceiverClientGrpc.connectToDatanode(XceiverClientGrpc.java:181)
	at org.apache.hadoop.hdds.scm.XceiverClientGrpc.reconnect(XceiverClientGrpc.java:429)
	at org.apache.hadoop.hdds.scm.XceiverClientGrpc.sendCommandAsync(XceiverClientGrpc.java:378)
	at org.apache.hadoop.hdds.scm.XceiverClientGrpc.sendCommandWithRetry(XceiverClientGrpc.java:291)
	at org.apache.hadoop.hdds.scm.XceiverClientGrpc.sendCommandWithTraceIDAndRetry(XceiverClientGrpc.java:257)
	at org.apache.hadoop.hdds.scm.XceiverClientGrpc.sendCommand(XceiverClientGrpc.java:240)
	at org.apache.hadoop.hdds.scm.storage.ContainerProtocolCalls.getBlock(ContainerProtocolCalls.java:118)
	at org.apache.hadoop.hdds.scm.storage.BlockInputStream.getChunkInfos(BlockInputStream.java:167)
	at org.apache.hadoop.hdds.scm.storage.BlockInputStream.initialize(BlockInputStream.java:118)
	at org.apache.hadoop.hdds.scm.storage.BlockInputStream.read(BlockInputStream.java:222)
	at org.apache.hadoop.ozone.client.io.KeyInputStream.read(KeyInputStream.java:171)
	at org.apache.hadoop.ozone.client.io.OzoneInputStream.read(OzoneInputStream.java:47)
	at java.io.InputStream.read(InputStream.java:101)
	at org.apache.hadoop.ozone.container.ContainerTestHelper.validateData(ContainerTestHelper.java:714)
	at org.apache.hadoop.ozone.client.rpc.TestBlockOutputStreamWithFailures.validateData(TestBlockOutputStreamWithFailures.java:1216)
	at org.apache.hadoop.ozone.client.rpc.TestBlockOutputStreamWithFailures.testDatanodeFailureWithSingleNodeRatis(TestBlockOutputStreamWithFailures.java:1058)
	at sun.reflect.NativeMethodAccessorImpl.invoke0(Native Method)
	at sun.reflect.NativeMethodAccessorImpl.invoke(NativeMethodAccessorImpl.java:62)
	at sun.reflect.DelegatingMethodAccessorImpl.invoke(DelegatingMethodAccessorImpl.java:43)
	at java.lang.reflect.Method.invoke(Method.java:498)
	at org.junit.runners.model.FrameworkMethod$1.runReflectiveCall(FrameworkMethod.java:47)
	at org.junit.internal.runners.model.ReflectiveCallable.run(ReflectiveCallable.java:12)
	at org.junit.runners.model.FrameworkMethod.invokeExplosively(FrameworkMethod.java:44)
	at org.junit.internal.runners.statements.InvokeMethod.evaluate(InvokeMethod.java:17)
	at org.junit.internal.runners.statements.RunBefores.evaluate(RunBefores.java:26)
	at org.junit.internal.runners.statements.RunAfters.evaluate(RunAfters.java:27)
	at org.junit.runners.ParentRunner.runLeaf(ParentRunner.java:271)
	at org.junit.runners.BlockJUnit4ClassRunner.runChild(BlockJUnit4ClassRunner.java:70)
	at org.junit.runners.BlockJUnit4ClassRunner.runChild(BlockJUnit4ClassRunner.java:50)
	at org.junit.runners.ParentRunner$3.run(ParentRunner.java:238)
	at org.junit.runners.ParentRunner$1.schedule(ParentRunner.java:63)
	at org.junit.runners.ParentRunner.runChildren(ParentRunner.java:236)
	at org.junit.runners.ParentRunner.access$000(ParentRunner.java:53)
	at org.junit.runners.ParentRunner$2.evaluate(ParentRunner.java:229)
	at org.junit.runners.ParentRunner.run(ParentRunner.java:309)
	at org.apache.maven.surefire.junit4.JUnit4Provider.execute(JUnit4Provider.java:365)
	at org.apache.maven.surefire.junit4.JUnit4Provider.executeWithRerun(JUnit4Provider.java:273)
	at org.apache.maven.surefire.junit4.JUnit4Provider.executeTestSet(JUnit4Provider.java:238)
	at org.apache.maven.surefire.junit4.JUnit4Provider.invoke(JUnit4Provider.java:159)
	at org.apache.maven.surefire.booter.ForkedBooter.invokeProviderInSameClassLoader(ForkedBooter.java:384)
	at org.apache.maven.surefire.booter.ForkedBooter.runSuitesInProcess(ForkedBooter.java:345)
	at org.apache.maven.surefire.booter.ForkedBooter.execute(ForkedBooter.java:126)
	at org.apache.maven.surefire.booter.ForkedBooter.main(ForkedBooter.java:418)

Sep 21, 2019 3:24:36 AM org.apache.ratis.thirdparty.io.grpc.internal.ManagedChannelOrphanWrapper$ManagedChannelReference cleanQueue
SEVERE: *~*~*~ Channel ManagedChannelImpl{logId=2859, target=192.168.36.122:42012} was not shutdown properly!!! ~*~*~*
    Make sure to call shutdown()/shutdownNow() and wait until awaitTermination() returns true.
java.lang.RuntimeException: ManagedChannel allocation site
	at org.apache.ratis.thirdparty.io.grpc.internal.ManagedChannelOrphanWrapper$ManagedChannelReference.<init>(ManagedChannelOrphanWrapper.java:103)
	at org.apache.ratis.thirdparty.io.grpc.internal.ManagedChannelOrphanWrapper.<init>(ManagedChannelOrphanWrapper.java:53)
	at org.apache.ratis.thirdparty.io.grpc.internal.ManagedChannelOrphanWrapper.<init>(ManagedChannelOrphanWrapper.java:44)
	at org.apache.ratis.thirdparty.io.grpc.internal.AbstractManagedChannelImplBuilder.build(AbstractManagedChannelImplBuilder.java:411)
	at org.apache.ratis.grpc.client.GrpcClientProtocolClient.<init>(GrpcClientProtocolClient.java:127)
	at org.apache.ratis.grpc.client.GrpcClientRpc.lambda$new$0(GrpcClientRpc.java:55)
	at org.apache.ratis.util.PeerProxyMap$PeerAndProxy.lambda$getProxy$0(PeerProxyMap.java:61)
	at org.apache.ratis.util.LifeCycle.startAndTransition(LifeCycle.java:202)
	at org.apache.ratis.util.PeerProxyMap$PeerAndProxy.getProxy(PeerProxyMap.java:60)
	at org.apache.ratis.util.PeerProxyMap.getProxy(PeerProxyMap.java:108)
	at org.apache.ratis.grpc.client.GrpcClientRpc.sendRequestAsync(GrpcClientRpc.java:66)
	at org.apache.ratis.client.impl.OrderedAsync.sendRequest(OrderedAsync.java:208)
	at org.apache.ratis.client.impl.OrderedAsync.sendRequestWithRetry(OrderedAsync.java:169)
	at org.apache.ratis.util.SlidingWindow$Client.sendOrDelayRequest(SlidingWindow.java:278)
	at org.apache.ratis.util.SlidingWindow$Client.retry(SlidingWindow.java:294)
	at org.apache.ratis.client.impl.OrderedAsync.lambda$scheduleWithTimeout$7(OrderedAsync.java:195)
	at org.apache.ratis.util.TimeoutScheduler.lambda$onTimeout$0(TimeoutScheduler.java:113)
	at org.apache.ratis.util.TimeoutScheduler.lambda$onTimeout$1(TimeoutScheduler.java:133)
	at org.apache.ratis.util.LogUtils.runAndLog(LogUtils.java:50)
	at org.apache.ratis.util.LogUtils$1.run(LogUtils.java:91)
	at java.util.concurrent.Executors$RunnableAdapter.call(Executors.java:511)
	at java.util.concurrent.FutureTask.run(FutureTask.java:266)
	at java.util.concurrent.ScheduledThreadPoolExecutor$ScheduledFutureTask.access$201(ScheduledThreadPoolExecutor.java:180)
	at java.util.concurrent.ScheduledThreadPoolExecutor$ScheduledFutureTask.run(ScheduledThreadPoolExecutor.java:293)
	at java.util.concurrent.ThreadPoolExecutor.runWorker(ThreadPoolExecutor.java:1149)
	at java.util.concurrent.ThreadPoolExecutor$Worker.run(ThreadPoolExecutor.java:624)
	at java.lang.Thread.run(Thread.java:748)

Sep 21, 2019 3:24:36 AM org.apache.ratis.thirdparty.io.grpc.internal.ManagedChannelOrphanWrapper$ManagedChannelReference cleanQueue
SEVERE: *~*~*~ Channel ManagedChannelImpl{logId=2869, target=192.168.36.122:35064} was not shutdown properly!!! ~*~*~*
    Make sure to call shutdown()/shutdownNow() and wait until awaitTermination() returns true.
java.lang.RuntimeException: ManagedChannel allocation site
	at org.apache.ratis.thirdparty.io.grpc.internal.ManagedChannelOrphanWrapper$ManagedChannelReference.<init>(ManagedChannelOrphanWrapper.java:103)
	at org.apache.ratis.thirdparty.io.grpc.internal.ManagedChannelOrphanWrapper.<init>(ManagedChannelOrphanWrapper.java:53)
	at org.apache.ratis.thirdparty.io.grpc.internal.ManagedChannelOrphanWrapper.<init>(ManagedChannelOrphanWrapper.java:44)
	at org.apache.ratis.thirdparty.io.grpc.internal.AbstractManagedChannelImplBuilder.build(AbstractManagedChannelImplBuilder.java:411)
	at org.apache.hadoop.hdds.scm.XceiverClientGrpc.connectToDatanode(XceiverClientGrpc.java:181)
	at org.apache.hadoop.hdds.scm.XceiverClientGrpc.reconnect(XceiverClientGrpc.java:429)
	at org.apache.hadoop.hdds.scm.XceiverClientGrpc.sendCommandAsync(XceiverClientGrpc.java:378)
	at org.apache.hadoop.hdds.scm.XceiverClientGrpc.sendCommandWithRetry(XceiverClientGrpc.java:291)
	at org.apache.hadoop.hdds.scm.XceiverClientGrpc.sendCommandWithTraceIDAndRetry(XceiverClientGrpc.java:257)
	at org.apache.hadoop.hdds.scm.XceiverClientGrpc.sendCommand(XceiverClientGrpc.java:240)
	at org.apache.hadoop.hdds.scm.storage.ContainerProtocolCalls.getBlock(ContainerProtocolCalls.java:118)
	at org.apache.hadoop.hdds.scm.storage.BlockInputStream.getChunkInfos(BlockInputStream.java:167)
	at org.apache.hadoop.hdds.scm.storage.BlockInputStream.initialize(BlockInputStream.java:118)
	at org.apache.hadoop.hdds.scm.storage.BlockInputStream.read(BlockInputStream.java:222)
	at org.apache.hadoop.ozone.client.io.KeyInputStream.read(KeyInputStream.java:171)
	at org.apache.hadoop.ozone.client.io.OzoneInputStream.read(OzoneInputStream.java:47)
	at java.io.InputStream.read(InputStream.java:101)
	at org.apache.hadoop.ozone.container.ContainerTestHelper.validateData(ContainerTestHelper.java:714)
	at org.apache.hadoop.ozone.client.rpc.TestBlockOutputStreamWithFailures.validateData(TestBlockOutputStreamWithFailures.java:1216)
	at org.apache.hadoop.ozone.client.rpc.TestBlockOutputStreamWithFailures.testWatchForCommitWithSingleNodeRatis(TestBlockOutputStreamWithFailures.java:918)
	at sun.reflect.NativeMethodAccessorImpl.invoke0(Native Method)
	at sun.reflect.NativeMethodAccessorImpl.invoke(NativeMethodAccessorImpl.java:62)
	at sun.reflect.DelegatingMethodAccessorImpl.invoke(DelegatingMethodAccessorImpl.java:43)
	at java.lang.reflect.Method.invoke(Method.java:498)
	at org.junit.runners.model.FrameworkMethod$1.runReflectiveCall(FrameworkMethod.java:47)
	at org.junit.internal.runners.model.ReflectiveCallable.run(ReflectiveCallable.java:12)
	at org.junit.runners.model.FrameworkMethod.invokeExplosively(FrameworkMethod.java:44)
	at org.junit.internal.runners.statements.InvokeMethod.evaluate(InvokeMethod.java:17)
	at org.junit.internal.runners.statements.RunBefores.evaluate(RunBefores.java:26)
	at org.junit.internal.runners.statements.RunAfters.evaluate(RunAfters.java:27)
	at org.junit.runners.ParentRunner.runLeaf(ParentRunner.java:271)
	at org.junit.runners.BlockJUnit4ClassRunner.runChild(BlockJUnit4ClassRunner.java:70)
	at org.junit.runners.BlockJUnit4ClassRunner.runChild(BlockJUnit4ClassRunner.java:50)
	at org.junit.runners.ParentRunner$3.run(ParentRunner.java:238)
	at org.junit.runners.ParentRunner$1.schedule(ParentRunner.java:63)
	at org.junit.runners.ParentRunner.runChildren(ParentRunner.java:236)
	at org.junit.runners.ParentRunner.access$000(ParentRunner.java:53)
	at org.junit.runners.ParentRunner$2.evaluate(ParentRunner.java:229)
	at org.junit.runners.ParentRunner.run(ParentRunner.java:309)
	at org.apache.maven.surefire.junit4.JUnit4Provider.execute(JUnit4Provider.java:365)
	at org.apache.maven.surefire.junit4.JUnit4Provider.executeWithRerun(JUnit4Provider.java:273)
	at org.apache.maven.surefire.junit4.JUnit4Provider.executeTestSet(JUnit4Provider.java:238)
	at org.apache.maven.surefire.junit4.JUnit4Provider.invoke(JUnit4Provider.java:159)
	at org.apache.maven.surefire.booter.ForkedBooter.invokeProviderInSameClassLoader(ForkedBooter.java:384)
	at org.apache.maven.surefire.booter.ForkedBooter.runSuitesInProcess(ForkedBooter.java:345)
	at org.apache.maven.surefire.booter.ForkedBooter.execute(ForkedBooter.java:126)
	at org.apache.maven.surefire.booter.ForkedBooter.main(ForkedBooter.java:418)

Sep 21, 2019 3:24:36 AM org.apache.ratis.thirdparty.io.grpc.internal.ManagedChannelOrphanWrapper$ManagedChannelReference cleanQueue
SEVERE: *~*~*~ Channel ManagedChannelImpl{logId=2864, target=192.168.36.122:35064} was not shutdown properly!!! ~*~*~*
    Make sure to call shutdown()/shutdownNow() and wait until awaitTermination() returns true.
java.lang.RuntimeException: ManagedChannel allocation site
	at org.apache.ratis.thirdparty.io.grpc.internal.ManagedChannelOrphanWrapper$ManagedChannelReference.<init>(ManagedChannelOrphanWrapper.java:103)
	at org.apache.ratis.thirdparty.io.grpc.internal.ManagedChannelOrphanWrapper.<init>(ManagedChannelOrphanWrapper.java:53)
	at org.apache.ratis.thirdparty.io.grpc.internal.ManagedChannelOrphanWrapper.<init>(ManagedChannelOrphanWrapper.java:44)
	at org.apache.ratis.thirdparty.io.grpc.internal.AbstractManagedChannelImplBuilder.build(AbstractManagedChannelImplBuilder.java:411)
	at org.apache.hadoop.hdds.scm.XceiverClientGrpc.connectToDatanode(XceiverClientGrpc.java:181)
	at org.apache.hadoop.hdds.scm.XceiverClientGrpc.reconnect(XceiverClientGrpc.java:429)
	at org.apache.hadoop.hdds.scm.XceiverClientGrpc.sendCommandAsync(XceiverClientGrpc.java:378)
	at org.apache.hadoop.hdds.scm.XceiverClientGrpc.sendCommandWithRetry(XceiverClientGrpc.java:291)
	at org.apache.hadoop.hdds.scm.XceiverClientGrpc.sendCommandWithTraceIDAndRetry(XceiverClientGrpc.java:257)
	at org.apache.hadoop.hdds.scm.XceiverClientGrpc.sendCommand(XceiverClientGrpc.java:240)
	at org.apache.hadoop.hdds.scm.storage.ContainerProtocolCalls.getBlock(ContainerProtocolCalls.java:118)
	at org.apache.hadoop.hdds.scm.storage.BlockInputStream.getChunkInfos(BlockInputStream.java:167)
	at org.apache.hadoop.hdds.scm.storage.BlockInputStream.initialize(BlockInputStream.java:118)
	at org.apache.hadoop.hdds.scm.storage.BlockInputStream.read(BlockInputStream.java:222)
	at org.apache.hadoop.ozone.client.io.KeyInputStream.read(KeyInputStream.java:171)
	at org.apache.hadoop.ozone.client.io.OzoneInputStream.read(OzoneInputStream.java:47)
	at java.io.InputStream.read(InputStream.java:101)
	at org.apache.hadoop.ozone.container.ContainerTestHelper.validateData(ContainerTestHelper.java:714)
	at org.apache.hadoop.ozone.client.rpc.TestBlockOutputStreamWithFailures.validateData(TestBlockOutputStreamWithFailures.java:1216)
	at org.apache.hadoop.ozone.client.rpc.TestBlockOutputStreamWithFailures.testWatchForCommitWithSingleNodeRatis(TestBlockOutputStreamWithFailures.java:918)
	at sun.reflect.NativeMethodAccessorImpl.invoke0(Native Method)
	at sun.reflect.NativeMethodAccessorImpl.invoke(NativeMethodAccessorImpl.java:62)
	at sun.reflect.DelegatingMethodAccessorImpl.invoke(DelegatingMethodAccessorImpl.java:43)
	at java.lang.reflect.Method.invoke(Method.java:498)
	at org.junit.runners.model.FrameworkMethod$1.runReflectiveCall(FrameworkMethod.java:47)
	at org.junit.internal.runners.model.ReflectiveCallable.run(ReflectiveCallable.java:12)
	at org.junit.runners.model.FrameworkMethod.invokeExplosively(FrameworkMethod.java:44)
	at org.junit.internal.runners.statements.InvokeMethod.evaluate(InvokeMethod.java:17)
	at org.junit.internal.runners.statements.RunBefores.evaluate(RunBefores.java:26)
	at org.junit.internal.runners.statements.RunAfters.evaluate(RunAfters.java:27)
	at org.junit.runners.ParentRunner.runLeaf(ParentRunner.java:271)
	at org.junit.runners.BlockJUnit4ClassRunner.runChild(BlockJUnit4ClassRunner.java:70)
	at org.junit.runners.BlockJUnit4ClassRunner.runChild(BlockJUnit4ClassRunner.java:50)
	at org.junit.runners.ParentRunner$3.run(ParentRunner.java:238)
	at org.junit.runners.ParentRunner$1.schedule(ParentRunner.java:63)
	at org.junit.runners.ParentRunner.runChildren(ParentRunner.java:236)
	at org.junit.runners.ParentRunner.access$000(ParentRunner.java:53)
	at org.junit.runners.ParentRunner$2.evaluate(ParentRunner.java:229)
	at org.junit.runners.ParentRunner.run(ParentRunner.java:309)
	at org.apache.maven.surefire.junit4.JUnit4Provider.execute(JUnit4Provider.java:365)
	at org.apache.maven.surefire.junit4.JUnit4Provider.executeWithRerun(JUnit4Provider.java:273)
	at org.apache.maven.surefire.junit4.JUnit4Provider.executeTestSet(JUnit4Provider.java:238)
	at org.apache.maven.surefire.junit4.JUnit4Provider.invoke(JUnit4Provider.java:159)
	at org.apache.maven.surefire.booter.ForkedBooter.invokeProviderInSameClassLoader(ForkedBooter.java:384)
	at org.apache.maven.surefire.booter.ForkedBooter.runSuitesInProcess(ForkedBooter.java:345)
	at org.apache.maven.surefire.booter.ForkedBooter.execute(ForkedBooter.java:126)
	at org.apache.maven.surefire.booter.ForkedBooter.main(ForkedBooter.java:418)

Sep 21, 2019 3:24:36 AM org.apache.ratis.thirdparty.io.grpc.internal.ManagedChannelOrphanWrapper$ManagedChannelReference cleanQueue
SEVERE: *~*~*~ Channel ManagedChannelImpl{logId=2602, target=192.168.36.122:44379} was not shutdown properly!!! ~*~*~*
    Make sure to call shutdown()/shutdownNow() and wait until awaitTermination() returns true.
java.lang.RuntimeException: ManagedChannel allocation site
	at org.apache.ratis.thirdparty.io.grpc.internal.ManagedChannelOrphanWrapper$ManagedChannelReference.<init>(ManagedChannelOrphanWrapper.java:103)
	at org.apache.ratis.thirdparty.io.grpc.internal.ManagedChannelOrphanWrapper.<init>(ManagedChannelOrphanWrapper.java:53)
	at org.apache.ratis.thirdparty.io.grpc.internal.ManagedChannelOrphanWrapper.<init>(ManagedChannelOrphanWrapper.java:44)
	at org.apache.ratis.thirdparty.io.grpc.internal.AbstractManagedChannelImplBuilder.build(AbstractManagedChannelImplBuilder.java:411)
	at org.apache.ratis.grpc.client.GrpcClientProtocolClient.<init>(GrpcClientProtocolClient.java:127)
	at org.apache.ratis.grpc.client.GrpcClientRpc.lambda$new$0(GrpcClientRpc.java:55)
	at org.apache.ratis.util.PeerProxyMap$PeerAndProxy.lambda$getProxy$0(PeerProxyMap.java:61)
	at org.apache.ratis.util.LifeCycle.startAndTransition(LifeCycle.java:202)
	at org.apache.ratis.util.PeerProxyMap$PeerAndProxy.getProxy(PeerProxyMap.java:60)
	at org.apache.ratis.util.PeerProxyMap.getProxy(PeerProxyMap.java:108)
	at org.apache.ratis.grpc.client.GrpcClientRpc.sendRequestAsync(GrpcClientRpc.java:66)
	at org.apache.ratis.client.impl.OrderedAsync.sendRequest(OrderedAsync.java:208)
	at org.apache.ratis.client.impl.OrderedAsync.sendRequestWithRetry(OrderedAsync.java:169)
	at org.apache.ratis.util.SlidingWindow$Client.sendOrDelayRequest(SlidingWindow.java:278)
	at org.apache.ratis.util.SlidingWindow$Client.retry(SlidingWindow.java:294)
	at org.apache.ratis.client.impl.OrderedAsync.lambda$scheduleWithTimeout$7(OrderedAsync.java:195)
	at org.apache.ratis.util.TimeoutScheduler.lambda$onTimeout$0(TimeoutScheduler.java:113)
	at org.apache.ratis.util.TimeoutScheduler.lambda$onTimeout$1(TimeoutScheduler.java:133)
	at org.apache.ratis.util.LogUtils.runAndLog(LogUtils.java:50)
	at org.apache.ratis.util.LogUtils$1.run(LogUtils.java:91)
	at java.util.concurrent.Executors$RunnableAdapter.call(Executors.java:511)
	at java.util.concurrent.FutureTask.run(FutureTask.java:266)
	at java.util.concurrent.ScheduledThreadPoolExecutor$ScheduledFutureTask.access$201(ScheduledThreadPoolExecutor.java:180)
	at java.util.concurrent.ScheduledThreadPoolExecutor$ScheduledFutureTask.run(ScheduledThreadPoolExecutor.java:293)
	at java.util.concurrent.ThreadPoolExecutor.runWorker(ThreadPoolExecutor.java:1149)
	at java.util.concurrent.ThreadPoolExecutor$Worker.run(ThreadPoolExecutor.java:624)
	at java.lang.Thread.run(Thread.java:748)

Sep 21, 2019 3:24:36 AM org.apache.ratis.thirdparty.io.grpc.internal.ManagedChannelOrphanWrapper$ManagedChannelReference cleanQueue
SEVERE: *~*~*~ Channel ManagedChannelImpl{logId=2606, target=192.168.36.122:42037} was not shutdown properly!!! ~*~*~*
    Make sure to call shutdown()/shutdownNow() and wait until awaitTermination() returns true.
java.lang.RuntimeException: ManagedChannel allocation site
	at org.apache.ratis.thirdparty.io.grpc.internal.ManagedChannelOrphanWrapper$ManagedChannelReference.<init>(ManagedChannelOrphanWrapper.java:103)
	at org.apache.ratis.thirdparty.io.grpc.internal.ManagedChannelOrphanWrapper.<init>(ManagedChannelOrphanWrapper.java:53)
	at org.apache.ratis.thirdparty.io.grpc.internal.ManagedChannelOrphanWrapper.<init>(ManagedChannelOrphanWrapper.java:44)
	at org.apache.ratis.thirdparty.io.grpc.internal.AbstractManagedChannelImplBuilder.build(AbstractManagedChannelImplBuilder.java:411)
	at org.apache.ratis.grpc.client.GrpcClientProtocolClient.<init>(GrpcClientProtocolClient.java:127)
	at org.apache.ratis.grpc.client.GrpcClientRpc.lambda$new$0(GrpcClientRpc.java:55)
	at org.apache.ratis.util.PeerProxyMap$PeerAndProxy.lambda$getProxy$0(PeerProxyMap.java:61)
	at org.apache.ratis.util.LifeCycle.startAndTransition(LifeCycle.java:202)
	at org.apache.ratis.util.PeerProxyMap$PeerAndProxy.getProxy(PeerProxyMap.java:60)
	at org.apache.ratis.util.PeerProxyMap.getProxy(PeerProxyMap.java:108)
	at org.apache.ratis.grpc.client.GrpcClientRpc.sendRequestAsync(GrpcClientRpc.java:66)
	at org.apache.ratis.client.impl.OrderedAsync.sendRequest(OrderedAsync.java:208)
	at org.apache.ratis.client.impl.OrderedAsync.sendRequestWithRetry(OrderedAsync.java:169)
	at org.apache.ratis.util.SlidingWindow$Client.sendOrDelayRequest(SlidingWindow.java:278)
	at org.apache.ratis.util.SlidingWindow$Client.submitNewRequest(SlidingWindow.java:257)
	at org.apache.ratis.client.impl.OrderedAsync.send(OrderedAsync.java:155)
	at org.apache.ratis.client.impl.RaftClientImpl.sendAsync(RaftClientImpl.java:144)
	at org.apache.ratis.client.impl.RaftClientImpl.sendAsync(RaftClientImpl.java:124)
	at org.apache.hadoop.hdds.scm.XceiverClientRatis.sendRequestAsync(XceiverClientRatis.java:234)
	at org.apache.hadoop.hdds.scm.XceiverClientRatis.sendCommandAsync(XceiverClientRatis.java:332)
	at org.apache.hadoop.hdds.scm.storage.ContainerProtocolCalls.writeChunkAsync(ContainerProtocolCalls.java:310)
	at org.apache.hadoop.hdds.scm.storage.BlockOutputStream.writeChunkToContainer(BlockOutputStream.java:601)
	at org.apache.hadoop.hdds.scm.storage.BlockOutputStream.writeChunk(BlockOutputStream.java:459)
	at org.apache.hadoop.hdds.scm.storage.BlockOutputStream.writeOnRetry(BlockOutputStream.java:285)
	at org.apache.hadoop.ozone.client.io.BlockOutputStreamEntry.writeOnRetry(BlockOutputStreamEntry.java:200)
	at org.apache.hadoop.ozone.client.io.KeyOutputStream.handleWrite(KeyOutputStream.java:206)
	at org.apache.hadoop.ozone.client.io.KeyOutputStream.handleRetry(KeyOutputStream.java:375)
	at org.apache.hadoop.ozone.client.io.KeyOutputStream.handleException(KeyOutputStream.java:324)
	at org.apache.hadoop.ozone.client.io.KeyOutputStream.handleFlushOrClose(KeyOutputStream.java:449)
	at org.apache.hadoop.ozone.client.io.KeyOutputStream.handleWrite(KeyOutputStream.java:232)
	at org.apache.hadoop.ozone.client.io.KeyOutputStream.write(KeyOutputStream.java:190)
	at org.apache.hadoop.ozone.client.io.OzoneOutputStream.write(OzoneOutputStream.java:49)
	at java.io.OutputStream.write(OutputStream.java:75)
	at org.apache.hadoop.ozone.client.rpc.TestBlockOutputStreamWithFailures.testDatanodeFailureWithSingleNodeRatis(TestBlockOutputStreamWithFailures.java:1021)
	at sun.reflect.NativeMethodAccessorImpl.invoke0(Native Method)
	at sun.reflect.NativeMethodAccessorImpl.invoke(NativeMethodAccessorImpl.java:62)
	at sun.reflect.DelegatingMethodAccessorImpl.invoke(DelegatingMethodAccessorImpl.java:43)
	at java.lang.reflect.Method.invoke(Method.java:498)
	at org.junit.runners.model.FrameworkMethod$1.runReflectiveCall(FrameworkMethod.java:47)
	at org.junit.internal.runners.model.ReflectiveCallable.run(ReflectiveCallable.java:12)
	at org.junit.runners.model.FrameworkMethod.invokeExplosively(FrameworkMethod.java:44)
	at org.junit.internal.runners.statements.InvokeMethod.evaluate(InvokeMethod.java:17)
	at org.junit.internal.runners.statements.RunBefores.evaluate(RunBefores.java:26)
	at org.junit.internal.runners.statements.RunAfters.evaluate(RunAfters.java:27)
	at org.junit.runners.ParentRunner.runLeaf(ParentRunner.java:271)
	at org.junit.runners.BlockJUnit4ClassRunner.runChild(BlockJUnit4ClassRunner.java:70)
	at org.junit.runners.BlockJUnit4ClassRunner.runChild(BlockJUnit4ClassRunner.java:50)
	at org.junit.runners.ParentRunner$3.run(ParentRunner.java:238)
	at org.junit.runners.ParentRunner$1.schedule(ParentRunner.java:63)
	at org.junit.runners.ParentRunner.runChildren(ParentRunner.java:236)
	at org.junit.runners.ParentRunner.access$000(ParentRunner.java:53)
	at org.junit.runners.ParentRunner$2.evaluate(ParentRunner.java:229)
	at org.junit.runners.ParentRunner.run(ParentRunner.java:309)
	at org.apache.maven.surefire.junit4.JUnit4Provider.execute(JUnit4Provider.java:365)
	at org.apache.maven.surefire.junit4.JUnit4Provider.executeWithRerun(JUnit4Provider.java:273)
	at org.apache.maven.surefire.junit4.JUnit4Provider.executeTestSet(JUnit4Provider.java:238)
	at org.apache.maven.surefire.junit4.JUnit4Provider.invoke(JUnit4Provider.java:159)
	at org.apache.maven.surefire.booter.ForkedBooter.invokeProviderInSameClassLoader(ForkedBooter.java:384)
	at org.apache.maven.surefire.booter.ForkedBooter.runSuitesInProcess(ForkedBooter.java:345)
	at org.apache.maven.surefire.booter.ForkedBooter.execute(ForkedBooter.java:126)
	at org.apache.maven.surefire.booter.ForkedBooter.main(ForkedBooter.java:418)

Sep 21, 2019 3:24:36 AM org.apache.ratis.thirdparty.io.grpc.internal.ManagedChannelOrphanWrapper$ManagedChannelReference cleanQueue
SEVERE: *~*~*~ Channel ManagedChannelImpl{logId=2640, target=192.168.36.122:38669} was not shutdown properly!!! ~*~*~*
    Make sure to call shutdown()/shutdownNow() and wait until awaitTermination() returns true.
java.lang.RuntimeException: ManagedChannel allocation site
	at org.apache.ratis.thirdparty.io.grpc.internal.ManagedChannelOrphanWrapper$ManagedChannelReference.<init>(ManagedChannelOrphanWrapper.java:103)
	at org.apache.ratis.thirdparty.io.grpc.internal.ManagedChannelOrphanWrapper.<init>(ManagedChannelOrphanWrapper.java:53)
	at org.apache.ratis.thirdparty.io.grpc.internal.ManagedChannelOrphanWrapper.<init>(ManagedChannelOrphanWrapper.java:44)
	at org.apache.ratis.thirdparty.io.grpc.internal.AbstractManagedChannelImplBuilder.build(AbstractManagedChannelImplBuilder.java:411)
	at org.apache.hadoop.hdds.scm.XceiverClientGrpc.connectToDatanode(XceiverClientGrpc.java:181)
	at org.apache.hadoop.hdds.scm.XceiverClientGrpc.reconnect(XceiverClientGrpc.java:429)
	at org.apache.hadoop.hdds.scm.XceiverClientGrpc.sendCommandAsync(XceiverClientGrpc.java:378)
	at org.apache.hadoop.hdds.scm.XceiverClientGrpc.sendCommandWithRetry(XceiverClientGrpc.java:291)
	at org.apache.hadoop.hdds.scm.XceiverClientGrpc.sendCommandWithTraceIDAndRetry(XceiverClientGrpc.java:257)
	at org.apache.hadoop.hdds.scm.XceiverClientGrpc.sendCommand(XceiverClientGrpc.java:240)
	at org.apache.hadoop.hdds.scm.storage.ContainerProtocolCalls.getBlock(ContainerProtocolCalls.java:118)
	at org.apache.hadoop.hdds.scm.storage.BlockInputStream.getChunkInfos(BlockInputStream.java:167)
	at org.apache.hadoop.hdds.scm.storage.BlockInputStream.initialize(BlockInputStream.java:118)
	at org.apache.hadoop.hdds.scm.storage.BlockInputStream.read(BlockInputStream.java:222)
	at org.apache.hadoop.ozone.client.io.KeyInputStream.read(KeyInputStream.java:171)
	at org.apache.hadoop.ozone.client.io.OzoneInputStream.read(OzoneInputStream.java:47)
	at java.io.InputStream.read(InputStream.java:101)
	at org.apache.hadoop.ozone.container.ContainerTestHelper.validateData(ContainerTestHelper.java:714)
	at org.apache.hadoop.ozone.client.rpc.TestBlockOutputStreamWithFailures.validateData(TestBlockOutputStreamWithFailures.java:1216)
	at org.apache.hadoop.ozone.client.rpc.TestBlockOutputStreamWithFailures.testDatanodeFailureWithSingleNodeRatis(TestBlockOutputStreamWithFailures.java:1058)
	at sun.reflect.NativeMethodAccessorImpl.invoke0(Native Method)
	at sun.reflect.NativeMethodAccessorImpl.invoke(NativeMethodAccessorImpl.java:62)
	at sun.reflect.DelegatingMethodAccessorImpl.invoke(DelegatingMethodAccessorImpl.java:43)
	at java.lang.reflect.Method.invoke(Method.java:498)
	at org.junit.runners.model.FrameworkMethod$1.runReflectiveCall(FrameworkMethod.java:47)
	at org.junit.internal.runners.model.ReflectiveCallable.run(ReflectiveCallable.java:12)
	at org.junit.runners.model.FrameworkMethod.invokeExplosively(FrameworkMethod.java:44)
	at org.junit.internal.runners.statements.InvokeMethod.evaluate(InvokeMethod.java:17)
	at org.junit.internal.runners.statements.RunBefores.evaluate(RunBefores.java:26)
	at org.junit.internal.runners.statements.RunAfters.evaluate(RunAfters.java:27)
	at org.junit.runners.ParentRunner.runLeaf(ParentRunner.java:271)
	at org.junit.runners.BlockJUnit4ClassRunner.runChild(BlockJUnit4ClassRunner.java:70)
	at org.junit.runners.BlockJUnit4ClassRunner.runChild(BlockJUnit4ClassRunner.java:50)
	at org.junit.runners.ParentRunner$3.run(ParentRunner.java:238)
	at org.junit.runners.ParentRunner$1.schedule(ParentRunner.java:63)
	at org.junit.runners.ParentRunner.runChildren(ParentRunner.java:236)
	at org.junit.runners.ParentRunner.access$000(ParentRunner.java:53)
	at org.junit.runners.ParentRunner$2.evaluate(ParentRunner.java:229)
	at org.junit.runners.ParentRunner.run(ParentRunner.java:309)
	at org.apache.maven.surefire.junit4.JUnit4Provider.execute(JUnit4Provider.java:365)
	at org.apache.maven.surefire.junit4.JUnit4Provider.executeWithRerun(JUnit4Provider.java:273)
	at org.apache.maven.surefire.junit4.JUnit4Provider.executeTestSet(JUnit4Provider.java:238)
	at org.apache.maven.surefire.junit4.JUnit4Provider.invoke(JUnit4Provider.java:159)
	at org.apache.maven.surefire.booter.ForkedBooter.invokeProviderInSameClassLoader(ForkedBooter.java:384)
	at org.apache.maven.surefire.booter.ForkedBooter.runSuitesInProcess(ForkedBooter.java:345)
	at org.apache.maven.surefire.booter.ForkedBooter.execute(ForkedBooter.java:126)
	at org.apache.maven.surefire.booter.ForkedBooter.main(ForkedBooter.java:418)

Sep 21, 2019 3:24:45 AM org.apache.ratis.thirdparty.io.grpc.internal.SerializingExecutor run
SEVERE: Exception while executing runnable org.apache.ratis.thirdparty.io.grpc.internal.ServerImpl$JumpToApplicationThreadServerStreamListener$1Closed@be0ffb3
org.apache.ratis.thirdparty.io.grpc.StatusRuntimeException: CANCELLED: call already cancelled
	at org.apache.ratis.thirdparty.io.grpc.Status.asRuntimeException(Status.java:517)
	at org.apache.ratis.thirdparty.io.grpc.stub.ServerCalls$ServerCallStreamObserverImpl.onCompleted(ServerCalls.java:356)
	at org.apache.ratis.grpc.server.GrpcServerProtocolService$ServerRequestStreamObserver.onError(GrpcServerProtocolService.java:121)
	at org.apache.ratis.thirdparty.io.grpc.stub.ServerCalls$StreamingServerCallHandler$StreamingServerCallListener.onCancel(ServerCalls.java:269)
	at org.apache.ratis.thirdparty.io.grpc.internal.ServerCallImpl$ServerStreamListenerImpl.closed(ServerCallImpl.java:293)
	at org.apache.ratis.thirdparty.io.grpc.internal.ServerImpl$JumpToApplicationThreadServerStreamListener$1Closed.runInContext(ServerImpl.java:741)
	at org.apache.ratis.thirdparty.io.grpc.internal.ContextRunnable.run(ContextRunnable.java:37)
	at org.apache.ratis.thirdparty.io.grpc.internal.SerializingExecutor.run(SerializingExecutor.java:123)
	at java.util.concurrent.ThreadPoolExecutor.runWorker(ThreadPoolExecutor.java:1149)
	at java.util.concurrent.ThreadPoolExecutor$Worker.run(ThreadPoolExecutor.java:624)
	at java.lang.Thread.run(Thread.java:748)

Sep 21, 2019 3:24:45 AM org.apache.ratis.thirdparty.io.grpc.internal.SerializingExecutor run
SEVERE: Exception while executing runnable org.apache.ratis.thirdparty.io.grpc.internal.ServerImpl$JumpToApplicationThreadServerStreamListener$1Closed@2911fee8
org.apache.ratis.thirdparty.io.grpc.StatusRuntimeException: CANCELLED: call already cancelled
	at org.apache.ratis.thirdparty.io.grpc.Status.asRuntimeException(Status.java:517)
	at org.apache.ratis.thirdparty.io.grpc.stub.ServerCalls$ServerCallStreamObserverImpl.onCompleted(ServerCalls.java:356)
	at org.apache.ratis.grpc.server.GrpcServerProtocolService$ServerRequestStreamObserver.onError(GrpcServerProtocolService.java:121)
	at org.apache.ratis.thirdparty.io.grpc.stub.ServerCalls$StreamingServerCallHandler$StreamingServerCallListener.onCancel(ServerCalls.java:269)
	at org.apache.ratis.thirdparty.io.grpc.internal.ServerCallImpl$ServerStreamListenerImpl.closed(ServerCallImpl.java:293)
	at org.apache.ratis.thirdparty.io.grpc.internal.ServerImpl$JumpToApplicationThreadServerStreamListener$1Closed.runInContext(ServerImpl.java:741)
	at org.apache.ratis.thirdparty.io.grpc.internal.ContextRunnable.run(ContextRunnable.java:37)
	at org.apache.ratis.thirdparty.io.grpc.internal.SerializingExecutor.run(SerializingExecutor.java:123)
	at java.util.concurrent.ThreadPoolExecutor.runWorker(ThreadPoolExecutor.java:1149)
	at java.util.concurrent.ThreadPoolExecutor$Worker.run(ThreadPoolExecutor.java:624)
	at java.lang.Thread.run(Thread.java:748)

Sep 21, 2019 3:24:50 AM org.apache.ratis.thirdparty.io.grpc.internal.SerializingExecutor run
SEVERE: Exception while executing runnable org.apache.ratis.thirdparty.io.grpc.internal.ServerImpl$JumpToApplicationThreadServerStreamListener$1Closed@6c4e0ce
org.apache.ratis.thirdparty.io.grpc.StatusRuntimeException: CANCELLED: call already cancelled
	at org.apache.ratis.thirdparty.io.grpc.Status.asRuntimeException(Status.java:517)
	at org.apache.ratis.thirdparty.io.grpc.stub.ServerCalls$ServerCallStreamObserverImpl.onCompleted(ServerCalls.java:356)
	at org.apache.ratis.grpc.server.GrpcServerProtocolService$ServerRequestStreamObserver.onError(GrpcServerProtocolService.java:121)
	at org.apache.ratis.thirdparty.io.grpc.stub.ServerCalls$StreamingServerCallHandler$StreamingServerCallListener.onCancel(ServerCalls.java:269)
	at org.apache.ratis.thirdparty.io.grpc.internal.ServerCallImpl$ServerStreamListenerImpl.closed(ServerCallImpl.java:293)
	at org.apache.ratis.thirdparty.io.grpc.internal.ServerImpl$JumpToApplicationThreadServerStreamListener$1Closed.runInContext(ServerImpl.java:741)
	at org.apache.ratis.thirdparty.io.grpc.internal.ContextRunnable.run(ContextRunnable.java:37)
	at org.apache.ratis.thirdparty.io.grpc.internal.SerializingExecutor.run(SerializingExecutor.java:123)
	at java.util.concurrent.ThreadPoolExecutor.runWorker(ThreadPoolExecutor.java:1149)
	at java.util.concurrent.ThreadPoolExecutor$Worker.run(ThreadPoolExecutor.java:624)
	at java.lang.Thread.run(Thread.java:748)

]]></system-err>
  </testcase>
  <testcase name="testWatchForCommitWithCloseContainerException" classname="org.apache.hadoop.ozone.client.rpc.TestBlockOutputStreamWithFailures" time="35.354">
    <failure message="expected:&lt;78&gt; but was:&lt;82&gt;" type="java.lang.AssertionError"><![CDATA[java.lang.AssertionError: expected:<78> but was:<82>
	at org.junit.Assert.fail(Assert.java:88)
	at org.junit.Assert.failNotEquals(Assert.java:743)
	at org.junit.Assert.assertEquals(Assert.java:118)
	at org.junit.Assert.assertEquals(Assert.java:555)
	at org.junit.Assert.assertEquals(Assert.java:542)
	at org.apache.hadoop.ozone.client.rpc.TestBlockOutputStreamWithFailures.testWatchForCommitWithCloseContainerException(TestBlockOutputStreamWithFailures.java:153)
	at sun.reflect.NativeMethodAccessorImpl.invoke0(Native Method)
	at sun.reflect.NativeMethodAccessorImpl.invoke(NativeMethodAccessorImpl.java:62)
	at sun.reflect.DelegatingMethodAccessorImpl.invoke(DelegatingMethodAccessorImpl.java:43)
	at java.lang.reflect.Method.invoke(Method.java:498)
	at org.junit.runners.model.FrameworkMethod$1.runReflectiveCall(FrameworkMethod.java:47)
	at org.junit.internal.runners.model.ReflectiveCallable.run(ReflectiveCallable.java:12)
	at org.junit.runners.model.FrameworkMethod.invokeExplosively(FrameworkMethod.java:44)
	at org.junit.internal.runners.statements.InvokeMethod.evaluate(InvokeMethod.java:17)
	at org.junit.internal.runners.statements.RunBefores.evaluate(RunBefores.java:26)
	at org.junit.internal.runners.statements.RunAfters.evaluate(RunAfters.java:27)
	at org.junit.runners.ParentRunner.runLeaf(ParentRunner.java:271)
	at org.junit.runners.BlockJUnit4ClassRunner.runChild(BlockJUnit4ClassRunner.java:70)
	at org.junit.runners.BlockJUnit4ClassRunner.runChild(BlockJUnit4ClassRunner.java:50)
	at org.junit.runners.ParentRunner$3.run(ParentRunner.java:238)
	at org.junit.runners.ParentRunner$1.schedule(ParentRunner.java:63)
	at org.junit.runners.ParentRunner.runChildren(ParentRunner.java:236)
	at org.junit.runners.ParentRunner.access$000(ParentRunner.java:53)
	at org.junit.runners.ParentRunner$2.evaluate(ParentRunner.java:229)
	at org.junit.runners.ParentRunner.run(ParentRunner.java:309)
	at org.apache.maven.surefire.junit4.JUnit4Provider.execute(JUnit4Provider.java:365)
	at org.apache.maven.surefire.junit4.JUnit4Provider.executeWithRerun(JUnit4Provider.java:273)
	at org.apache.maven.surefire.junit4.JUnit4Provider.executeTestSet(JUnit4Provider.java:238)
	at org.apache.maven.surefire.junit4.JUnit4Provider.invoke(JUnit4Provider.java:159)
	at org.apache.maven.surefire.booter.ForkedBooter.invokeProviderInSameClassLoader(ForkedBooter.java:384)
	at org.apache.maven.surefire.booter.ForkedBooter.runSuitesInProcess(ForkedBooter.java:345)
	at org.apache.maven.surefire.booter.ForkedBooter.execute(ForkedBooter.java:126)
	at org.apache.maven.surefire.booter.ForkedBooter.main(ForkedBooter.java:418)
]]></failure>
    <system-out><![CDATA[2019-09-21 03:25:00,679 [main] WARN  server.ServerUtils (ServerUtils.java:getScmDbDir(145)) - ozone.scm.db.dirs is not configured. We recommend adding this setting. Falling back to ozone.metadata.dirs instead.
2019-09-21 03:25:00,702 [main] WARN  server.ServerUtils (ServerUtils.java:getScmDbDir(145)) - ozone.scm.db.dirs is not configured. We recommend adding this setting. Falling back to ozone.metadata.dirs instead.
2019-09-21 03:25:00,702 [main] WARN  server.ServerUtils (ServerUtils.java:getScmDbDir(145)) - ozone.scm.db.dirs is not configured. We recommend adding this setting. Falling back to ozone.metadata.dirs instead.
2019-09-21 03:25:00,703 [main] INFO  db.DBStoreBuilder (DBStoreBuilder.java:addTable(110)) - using custom profile for table: deletedBlocks
2019-09-21 03:25:00,703 [main] INFO  db.DBStoreBuilder (DBStoreBuilder.java:processTables(161)) - Using default column profile:DBProfile.DISK for Table:deletedBlocks
2019-09-21 03:25:00,703 [main] INFO  db.DBStoreBuilder (DBStoreBuilder.java:addTable(110)) - using custom profile for table: validCerts
2019-09-21 03:25:00,703 [main] INFO  db.DBStoreBuilder (DBStoreBuilder.java:processTables(161)) - Using default column profile:DBProfile.DISK for Table:validCerts
2019-09-21 03:25:00,703 [main] INFO  db.DBStoreBuilder (DBStoreBuilder.java:addTable(110)) - using custom profile for table: revokedCerts
2019-09-21 03:25:00,703 [main] INFO  db.DBStoreBuilder (DBStoreBuilder.java:processTables(161)) - Using default column profile:DBProfile.DISK for Table:revokedCerts
2019-09-21 03:25:00,704 [main] INFO  db.DBStoreBuilder (DBStoreBuilder.java:addTable(110)) - using custom profile for table: default
2019-09-21 03:25:00,704 [main] INFO  db.DBStoreBuilder (DBStoreBuilder.java:processTables(167)) - Using default column profile:DBProfile.DISK for Table:default
2019-09-21 03:25:00,704 [main] INFO  db.DBStoreBuilder (DBStoreBuilder.java:getDbProfile(198)) - Using default options. DBProfile.DISK
2019-09-21 03:25:00,913 [main] INFO  net.NodeSchemaLoader (NodeSchemaLoader.java:loadSchemaFromFile(125)) - Loading file from sun.misc.CompoundEnumeration@4aa3fc9a
2019-09-21 03:25:00,914 [main] INFO  net.NodeSchemaLoader (NodeSchemaLoader.java:loadSchema(171)) - Loading network topology layer schema file
2019-09-21 03:25:00,920 [main] INFO  node.SCMNodeManager (SCMNodeManager.java:<init>(114)) - Entering startup safe mode.
2019-09-21 03:25:00,921 [main] INFO  algorithms.ContainerPlacementPolicyFactory (ContainerPlacementPolicyFactory.java:getPolicy(57)) - Create container placement policy of type org.apache.hadoop.hdds.scm.container.placement.algorithms.SCMContainerPlacementRandom
2019-09-21 03:25:00,921 [main] WARN  server.ServerUtils (ServerUtils.java:getScmDbDir(145)) - ozone.scm.db.dirs is not configured. We recommend adding this setting. Falling back to ozone.metadata.dirs instead.
2019-09-21 03:25:00,981 [main] INFO  pipeline.SCMPipelineManager (SCMPipelineManager.java:initializePipelineState(132)) - No pipeline exists in current db
2019-09-21 03:25:00,982 [main] WARN  server.ServerUtils (ServerUtils.java:getScmDbDir(145)) - ozone.scm.db.dirs is not configured. We recommend adding this setting. Falling back to ozone.metadata.dirs instead.
2019-09-21 03:25:01,021 [main] WARN  events.EventQueue (EventQueue.java:fireEvent(183)) - No event handler registered for event TypedEvent{payloadType=SafeModeStatus, name='SafeModeStatus'}
2019-09-21 03:25:01,022 [main] INFO  ipc.CallQueueManager (CallQueueManager.java:<init>(84)) - Using callQueue: class java.util.concurrent.LinkedBlockingQueue, queueCapacity: 2000, scheduler: class org.apache.hadoop.ipc.DefaultRpcScheduler, ipcBackoff: false.
2019-09-21 03:25:01,023 [Socket Reader #1 for port 45455] INFO  ipc.Server (Server.java:run(1074)) - Starting Socket Reader #1 for port 45455
2019-09-21 03:25:01,026 [main] INFO  ipc.CallQueueManager (CallQueueManager.java:<init>(84)) - Using callQueue: class java.util.concurrent.LinkedBlockingQueue, queueCapacity: 2000, scheduler: class org.apache.hadoop.ipc.DefaultRpcScheduler, ipcBackoff: false.
2019-09-21 03:25:01,027 [Socket Reader #1 for port 37171] INFO  ipc.Server (Server.java:run(1074)) - Starting Socket Reader #1 for port 37171
2019-09-21 03:25:01,029 [main] INFO  ipc.CallQueueManager (CallQueueManager.java:<init>(84)) - Using callQueue: class java.util.concurrent.LinkedBlockingQueue, queueCapacity: 2000, scheduler: class org.apache.hadoop.ipc.DefaultRpcScheduler, ipcBackoff: false.
2019-09-21 03:25:01,030 [Socket Reader #1 for port 37403] INFO  ipc.Server (Server.java:run(1074)) - Starting Socket Reader #1 for port 37403
2019-09-21 03:25:01,032 [main] INFO  hdfs.DFSUtil (DFSUtil.java:httpServerTemplateForNNAndJN(1641)) - Starting Web-server for scm at: http://0.0.0.0:0
2019-09-21 03:25:01,035 [main] INFO  server.AuthenticationFilter (AuthenticationFilter.java:constructSecretProvider(240)) - Unable to initialize FileSignerSecretProvider, falling back to use random secrets.
2019-09-21 03:25:01,036 [main] WARN  http.HttpRequestLog (HttpRequestLog.java:getRequestLog(97)) - Jetty request log can only be enabled using Log4j
2019-09-21 03:25:01,038 [main] INFO  http.HttpServer2 (HttpServer2.java:addGlobalFilter(975)) - Added global filter 'safety' (class=org.apache.hadoop.http.HttpServer2$QuotingInputFilter)
2019-09-21 03:25:01,039 [main] INFO  http.HttpServer2 (HttpServer2.java:addFilter(948)) - Added filter static_user_filter (class=org.apache.hadoop.http.lib.StaticUserWebFilter$StaticUserFilter) to context scm
2019-09-21 03:25:01,039 [main] INFO  http.HttpServer2 (HttpServer2.java:addFilter(958)) - Added filter static_user_filter (class=org.apache.hadoop.http.lib.StaticUserWebFilter$StaticUserFilter) to context static
2019-09-21 03:25:01,039 [main] INFO  http.HttpServer2 (HttpServer2.java:addFilter(958)) - Added filter static_user_filter (class=org.apache.hadoop.http.lib.StaticUserWebFilter$StaticUserFilter) to context logs
2019-09-21 03:25:01,041 [main] INFO  server.StorageContainerManager (StorageContainerManager.java:start(770)) - StorageContainerLocationProtocol RPC server is listening at /0.0.0.0:37403
2019-09-21 03:25:01,044 [main] WARN  impl.MetricsConfig (MetricsConfig.java:loadFirst(134)) - Cannot locate configuration: tried hadoop-metrics2-storagecontainermanager.properties,hadoop-metrics2.properties
2019-09-21 03:25:01,045 [main] INFO  impl.MetricsSystemImpl (MetricsSystemImpl.java:startTimer(374)) - Scheduled Metric snapshot period at 10 second(s).
2019-09-21 03:25:01,045 [main] INFO  impl.MetricsSystemImpl (MetricsSystemImpl.java:start(191)) - StorageContainerManager metrics system started
2019-09-21 03:25:01,201 [main] WARN  impl.MetricsSystemImpl (MetricsSystemImpl.java:register(276)) - Sink prometheus already exists!
2019-09-21 03:25:01,288 [main] INFO  server.SCMClientProtocolServer (SCMClientProtocolServer.java:start(151)) - RPC server for Client  is listening at /0.0.0.0:37403
2019-09-21 03:25:01,288 [IPC Server Responder] INFO  ipc.Server (Server.java:run(1314)) - IPC Server Responder: starting
2019-09-21 03:25:01,288 [IPC Server listener on 37403] INFO  ipc.Server (Server.java:run(1153)) - IPC Server listener on 37403: starting
2019-09-21 03:25:01,293 [main] INFO  server.StorageContainerManager (StorageContainerManager.java:start(780)) - ScmBlockLocationProtocol RPC server is listening at /0.0.0.0:37171
2019-09-21 03:25:01,293 [main] INFO  server.SCMBlockProtocolServer (SCMBlockProtocolServer.java:start(146)) - RPC server for Block Protocol is listening at /0.0.0.0:37171
2019-09-21 03:25:01,293 [IPC Server Responder] INFO  ipc.Server (Server.java:run(1314)) - IPC Server Responder: starting
2019-09-21 03:25:01,293 [IPC Server listener on 37171] INFO  ipc.Server (Server.java:run(1153)) - IPC Server listener on 37171: starting
2019-09-21 03:25:01,297 [main] INFO  server.StorageContainerManager (StorageContainerManager.java:start(784)) - ScmDatanodeProtocl RPC server is listening at /0.0.0.0:45455
2019-09-21 03:25:01,297 [main] INFO  server.SCMDatanodeProtocolServer (SCMDatanodeProtocolServer.java:start(191)) - RPC server for DataNodes is listening at /0.0.0.0:45455
2019-09-21 03:25:01,298 [IPC Server Responder] INFO  ipc.Server (Server.java:run(1314)) - IPC Server Responder: starting
2019-09-21 03:25:01,298 [IPC Server listener on 45455] INFO  ipc.Server (Server.java:run(1153)) - IPC Server listener on 45455: starting
2019-09-21 03:25:01,303 [main] INFO  http.HttpServer2 (HttpServer2.java:bindListener(1191)) - Jetty bound to port 37175
2019-09-21 03:25:01,303 [main] INFO  server.Server (Server.java:doStart(351)) - jetty-9.3.24.v20180605, build timestamp: 2018-06-05T17:11:56Z, git hash: 84205aa28f11a4f31f2a3b86d1bba2cc8ab69827
2019-09-21 03:25:01,305 [main] INFO  handler.ContextHandler (ContextHandler.java:doStart(781)) - Started o.e.j.s.ServletContextHandler@22b82ddf{/logs,file:///workdir/hadoop-ozone/integration-test/target/log,AVAILABLE}
2019-09-21 03:25:01,305 [main] INFO  handler.ContextHandler (ContextHandler.java:doStart(781)) - Started o.e.j.s.ServletContextHandler@44ccd75c{/static,file:///workdir/hadoop-ozone/integration-test/target/test-classes/webapps/static,AVAILABLE}
2019-09-21 03:25:01,313 [main] INFO  handler.ContextHandler (ContextHandler.java:doStart(781)) - Started o.e.j.w.WebAppContext@ba4f370{/,file:///workdir/hadoop-ozone/integration-test/target/test-classes/webapps/scm/,AVAILABLE}{/scm}
2019-09-21 03:25:01,314 [main] INFO  server.AbstractConnector (AbstractConnector.java:doStart(278)) - Started ServerConnector@2ba024cb{HTTP/1.1,[http/1.1]}{0.0.0.0:37175}
2019-09-21 03:25:01,316 [main] INFO  server.Server (Server.java:doStart(419)) - Started @618842ms
2019-09-21 03:25:01,316 [main] WARN  impl.MetricsSystemImpl (MetricsSystemImpl.java:register(276)) - Sink prometheus already exists!
2019-09-21 03:25:01,317 [main] INFO  server.BaseHttpServer (BaseHttpServer.java:updateConnectorAddress(215)) - HTTP server of SCM is listening at http://0.0.0.0:37175
2019-09-21 03:25:01,317 [main] WARN  server.ServerUtils (ServerUtils.java:getDBPath(222)) - ozone.om.db.dirs is not configured. We recommend adding this setting. Falling back to ozone.metadata.dirs instead.
2019-09-21 03:25:01,319 [org.apache.hadoop.util.JvmPauseMonitor$Monitor@1c7f6e96] INFO  util.JvmPauseMonitor (JvmPauseMonitor.java:run(188)) - Starting JVM pause monitor
2019-09-21 03:25:01,332 [main] WARN  server.ServerUtils (ServerUtils.java:getDBPath(222)) - ozone.om.db.dirs is not configured. We recommend adding this setting. Falling back to ozone.metadata.dirs instead.
2019-09-21 03:25:01,332 [main] WARN  server.ServerUtils (ServerUtils.java:getDBPath(222)) - ozone.om.db.dirs is not configured. We recommend adding this setting. Falling back to ozone.metadata.dirs instead.
2019-09-21 03:25:01,332 [main] INFO  om.OzoneManager (OzoneManager.java:setOMNodeDetails(652)) - OM Service ID is not set. Setting it to the default ID: omServiceIdDefault
2019-09-21 03:25:01,333 [main] INFO  om.OzoneManager (OzoneManager.java:setOMNodeDetails(658)) - OM Node ID is not set. Setting it to the OmStorage's OmID: 7696b20b-a2fc-44ad-9ac2-466d2abb7a3a
2019-09-21 03:25:01,333 [main] INFO  om.OzoneManager (OzoneManager.java:loadOMHAConfigs(609)) - Found matching OM address with OMServiceId: null, OMNodeId: null, RPC Address: localhost:0 and Ratis port: 9872
2019-09-21 03:25:01,339 [main] WARN  server.ServerUtils (ServerUtils.java:getDBPath(222)) - ozone.om.db.dirs is not configured. We recommend adding this setting. Falling back to ozone.metadata.dirs instead.
2019-09-21 03:25:01,340 [main] INFO  db.DBStoreBuilder (DBStoreBuilder.java:addTable(110)) - using custom profile for table: userTable
2019-09-21 03:25:01,340 [main] INFO  db.DBStoreBuilder (DBStoreBuilder.java:processTables(161)) - Using default column profile:DBProfile.DISK for Table:userTable
2019-09-21 03:25:01,340 [main] INFO  db.DBStoreBuilder (DBStoreBuilder.java:addTable(110)) - using custom profile for table: volumeTable
2019-09-21 03:25:01,340 [main] INFO  db.DBStoreBuilder (DBStoreBuilder.java:processTables(161)) - Using default column profile:DBProfile.DISK for Table:volumeTable
2019-09-21 03:25:01,340 [main] INFO  db.DBStoreBuilder (DBStoreBuilder.java:addTable(110)) - using custom profile for table: bucketTable
2019-09-21 03:25:01,341 [main] INFO  db.DBStoreBuilder (DBStoreBuilder.java:processTables(161)) - Using default column profile:DBProfile.DISK for Table:bucketTable
2019-09-21 03:25:01,341 [main] INFO  db.DBStoreBuilder (DBStoreBuilder.java:addTable(110)) - using custom profile for table: keyTable
2019-09-21 03:25:01,341 [main] INFO  db.DBStoreBuilder (DBStoreBuilder.java:processTables(161)) - Using default column profile:DBProfile.DISK for Table:keyTable
2019-09-21 03:25:01,341 [main] INFO  db.DBStoreBuilder (DBStoreBuilder.java:addTable(110)) - using custom profile for table: deletedTable
2019-09-21 03:25:01,341 [main] INFO  db.DBStoreBuilder (DBStoreBuilder.java:processTables(161)) - Using default column profile:DBProfile.DISK for Table:deletedTable
2019-09-21 03:25:01,341 [main] INFO  db.DBStoreBuilder (DBStoreBuilder.java:addTable(110)) - using custom profile for table: openKeyTable
2019-09-21 03:25:01,342 [main] INFO  db.DBStoreBuilder (DBStoreBuilder.java:processTables(161)) - Using default column profile:DBProfile.DISK for Table:openKeyTable
2019-09-21 03:25:01,342 [main] INFO  db.DBStoreBuilder (DBStoreBuilder.java:addTable(110)) - using custom profile for table: s3Table
2019-09-21 03:25:01,342 [main] INFO  db.DBStoreBuilder (DBStoreBuilder.java:processTables(161)) - Using default column profile:DBProfile.DISK for Table:s3Table
2019-09-21 03:25:01,342 [main] INFO  db.DBStoreBuilder (DBStoreBuilder.java:addTable(110)) - using custom profile for table: multipartInfoTable
2019-09-21 03:25:01,342 [main] INFO  db.DBStoreBuilder (DBStoreBuilder.java:processTables(161)) - Using default column profile:DBProfile.DISK for Table:multipartInfoTable
2019-09-21 03:25:01,342 [main] INFO  db.DBStoreBuilder (DBStoreBuilder.java:addTable(110)) - using custom profile for table: dTokenTable
2019-09-21 03:25:01,343 [main] INFO  db.DBStoreBuilder (DBStoreBuilder.java:processTables(161)) - Using default column profile:DBProfile.DISK for Table:dTokenTable
2019-09-21 03:25:01,343 [main] INFO  db.DBStoreBuilder (DBStoreBuilder.java:addTable(110)) - using custom profile for table: s3SecretTable
2019-09-21 03:25:01,343 [main] INFO  db.DBStoreBuilder (DBStoreBuilder.java:processTables(161)) - Using default column profile:DBProfile.DISK for Table:s3SecretTable
2019-09-21 03:25:01,343 [main] INFO  db.DBStoreBuilder (DBStoreBuilder.java:addTable(110)) - using custom profile for table: prefixTable
2019-09-21 03:25:01,343 [main] INFO  db.DBStoreBuilder (DBStoreBuilder.java:processTables(161)) - Using default column profile:DBProfile.DISK for Table:prefixTable
2019-09-21 03:25:01,343 [main] INFO  db.DBStoreBuilder (DBStoreBuilder.java:addTable(110)) - using custom profile for table: default
2019-09-21 03:25:01,344 [main] INFO  db.DBStoreBuilder (DBStoreBuilder.java:processTables(167)) - Using default column profile:DBProfile.DISK for Table:default
2019-09-21 03:25:01,344 [main] INFO  db.DBStoreBuilder (DBStoreBuilder.java:getDbProfile(198)) - Using default options. DBProfile.DISK
2019-09-21 03:25:01,803 [main] INFO  ipc.CallQueueManager (CallQueueManager.java:<init>(84)) - Using callQueue: class java.util.concurrent.LinkedBlockingQueue, queueCapacity: 2000, scheduler: class org.apache.hadoop.ipc.DefaultRpcScheduler, ipcBackoff: false.
2019-09-21 03:25:01,804 [Socket Reader #1 for port 36462] INFO  ipc.Server (Server.java:run(1074)) - Starting Socket Reader #1 for port 36462
2019-09-21 03:25:01,820 [main] INFO  om.OzoneManager (OzoneManager.java:start(1243)) - OzoneManager RPC server is listening at localhost/127.0.0.1:36462
2019-09-21 03:25:01,820 [main] INFO  impl.MetricsSystemImpl (MetricsSystemImpl.java:init(158)) - OzoneManager metrics system started (again)
2019-09-21 03:25:01,821 [IPC Server Responder] INFO  ipc.Server (Server.java:run(1314)) - IPC Server Responder: starting
2019-09-21 03:25:01,821 [IPC Server listener on 36462] INFO  ipc.Server (Server.java:run(1153)) - IPC Server listener on 36462: starting
2019-09-21 03:25:01,829 [main] INFO  hdfs.DFSUtil (DFSUtil.java:httpServerTemplateForNNAndJN(1641)) - Starting Web-server for ozoneManager at: http://0.0.0.0:0
2019-09-21 03:25:01,830 [main] INFO  server.AuthenticationFilter (AuthenticationFilter.java:constructSecretProvider(240)) - Unable to initialize FileSignerSecretProvider, falling back to use random secrets.
2019-09-21 03:25:01,830 [main] WARN  http.HttpRequestLog (HttpRequestLog.java:getRequestLog(97)) - Jetty request log can only be enabled using Log4j
2019-09-21 03:25:01,832 [main] INFO  http.HttpServer2 (HttpServer2.java:addGlobalFilter(975)) - Added global filter 'safety' (class=org.apache.hadoop.http.HttpServer2$QuotingInputFilter)
2019-09-21 03:25:01,832 [main] INFO  http.HttpServer2 (HttpServer2.java:addFilter(948)) - Added filter static_user_filter (class=org.apache.hadoop.http.lib.StaticUserWebFilter$StaticUserFilter) to context ozoneManager
2019-09-21 03:25:01,833 [main] INFO  http.HttpServer2 (HttpServer2.java:addFilter(958)) - Added filter static_user_filter (class=org.apache.hadoop.http.lib.StaticUserWebFilter$StaticUserFilter) to context static
2019-09-21 03:25:01,833 [main] INFO  http.HttpServer2 (HttpServer2.java:addFilter(958)) - Added filter static_user_filter (class=org.apache.hadoop.http.lib.StaticUserWebFilter$StaticUserFilter) to context logs
2019-09-21 03:25:01,833 [main] INFO  http.HttpServer2 (HttpServer2.java:bindListener(1191)) - Jetty bound to port 46387
2019-09-21 03:25:01,833 [main] INFO  server.Server (Server.java:doStart(351)) - jetty-9.3.24.v20180605, build timestamp: 2018-06-05T17:11:56Z, git hash: 84205aa28f11a4f31f2a3b86d1bba2cc8ab69827
2019-09-21 03:25:01,835 [main] INFO  handler.ContextHandler (ContextHandler.java:doStart(781)) - Started o.e.j.s.ServletContextHandler@1c00d406{/logs,file:///workdir/hadoop-ozone/integration-test/target/log,AVAILABLE}
2019-09-21 03:25:01,835 [main] INFO  handler.ContextHandler (ContextHandler.java:doStart(781)) - Started o.e.j.s.ServletContextHandler@559d19c{/static,file:///workdir/hadoop-ozone/integration-test/target/test-classes/webapps/static,AVAILABLE}
2019-09-21 03:25:01,839 [main] INFO  handler.ContextHandler (ContextHandler.java:doStart(781)) - Started o.e.j.w.WebAppContext@2475fba3{/,file:///workdir/hadoop-ozone/integration-test/target/test-classes/webapps/ozoneManager/,AVAILABLE}{/ozoneManager}
2019-09-21 03:25:01,840 [main] INFO  server.AbstractConnector (AbstractConnector.java:doStart(278)) - Started ServerConnector@19bf47fc{HTTP/1.1,[http/1.1]}{0.0.0.0:46387}
2019-09-21 03:25:01,841 [main] INFO  server.Server (Server.java:doStart(419)) - Started @619367ms
2019-09-21 03:25:01,842 [main] WARN  impl.MetricsSystemImpl (MetricsSystemImpl.java:register(276)) - Sink prometheus already exists!
2019-09-21 03:25:01,842 [main] INFO  server.BaseHttpServer (BaseHttpServer.java:updateConnectorAddress(215)) - HTTP server of OZONEMANAGER is listening at http://0.0.0.0:46387
2019-09-21 03:25:01,856 [main] INFO  impl.MetricsSystemImpl (MetricsSystemImpl.java:init(158)) - HddsDatanode metrics system started (again)
2019-09-21 03:25:01,861 [main] INFO  ozone.HddsDatanodeService (HddsDatanodeService.java:start(184)) - HddsDatanodeService host:pr-hdds-2161-42js2-1613171706 ip:192.168.36.122
2019-09-21 03:25:01,867 [main] INFO  volume.HddsVolume (HddsVolume.java:<init>(176)) - Creating Volume: /workdir/hadoop-ozone/integration-test/target/test-dir/MiniOzoneClusterImpl-49ccd39e-0a95-490c-a5ec-4c0d204ae341/datanode-0/data/containers/hdds of  storage type : DISK and capacity : 1482555576320
2019-09-21 03:25:01,867 [main] INFO  volume.VolumeSet (VolumeSet.java:initializeVolumeSet(170)) - Added Volume : /workdir/hadoop-ozone/integration-test/target/test-dir/MiniOzoneClusterImpl-49ccd39e-0a95-490c-a5ec-4c0d204ae341/datanode-0/data/containers/hdds to VolumeSet
2019-09-21 03:25:01,868 [main] INFO  volume.ThrottledAsyncChecker (ThrottledAsyncChecker.java:schedule(139)) - Scheduling a check for org.apache.hadoop.ozone.container.common.volume.HddsVolume@22fb9a2c
2019-09-21 03:25:01,868 [main] INFO  volume.HddsVolumeChecker (HddsVolumeChecker.java:checkAllVolumes(202)) - Scheduled health check for volume org.apache.hadoop.ozone.container.common.volume.HddsVolume@22fb9a2c
2019-09-21 03:25:01,883 [main] INFO  impl.RaftServerProxy (ConfUtils.java:logGet(43)) - raft.rpc.type = GRPC (default)
2019-09-21 03:25:01,883 [main] INFO  grpc.GrpcFactory (GrpcFactory.java:checkPooledByteBufAllocatorUseCacheForAllThreads(45)) - PERFORMANCE WARNING: useCacheForAllThreads is true that may cause Netty to create a lot garbage objects and, as a result, trigger GC.
	It is recommended to disable useCacheForAllThreads by setting -Dorg.apache.ratis.thirdparty.io.netty.allocator.useCacheForAllThreads=false in command line.
2019-09-21 03:25:01,884 [main] INFO  grpc.GrpcConfigKeys$Server (ConfUtils.java:logGet(43)) - raft.grpc.server.port = 0 (default)
2019-09-21 03:25:01,884 [main] INFO  server.GrpcService (ConfUtils.java:logGet(43)) - raft.grpc.message.size.max = 33570816 (custom)
2019-09-21 03:25:01,884 [main] INFO  server.RaftServerConfigKeys (ConfUtils.java:logGet(43)) - raft.server.log.appender.buffer.byte-limit = 33554432 (custom)
2019-09-21 03:25:01,884 [main] INFO  server.GrpcService (ConfUtils.java:logGet(43)) - raft.grpc.flow.control.window = 1MB (=1048576) (default)
2019-09-21 03:25:01,885 [main] INFO  server.RaftServerConfigKeys (ConfUtils.java:logGet(43)) - raft.server.rpc.request.timeout = 3000ms (default)
2019-09-21 03:25:01,885 [main] INFO  server.RaftServerConfigKeys (ConfUtils.java:logGet(43)) - raft.server.storage.dir = [/workdir/hadoop-ozone/integration-test/target/test-dir/MiniOzoneClusterImpl-49ccd39e-0a95-490c-a5ec-4c0d204ae341/datanode-0/data/ratis] (custom)
2019-09-21 03:25:01,887 [main] INFO  hdfs.DFSUtil (DFSUtil.java:httpServerTemplateForNNAndJN(1641)) - Starting Web-server for hddsDatanode at: http://0.0.0.0:0
2019-09-21 03:25:01,888 [main] INFO  server.AuthenticationFilter (AuthenticationFilter.java:constructSecretProvider(240)) - Unable to initialize FileSignerSecretProvider, falling back to use random secrets.
2019-09-21 03:25:01,888 [main] WARN  http.HttpRequestLog (HttpRequestLog.java:getRequestLog(97)) - Jetty request log can only be enabled using Log4j
2019-09-21 03:25:01,890 [main] INFO  http.HttpServer2 (HttpServer2.java:addGlobalFilter(975)) - Added global filter 'safety' (class=org.apache.hadoop.http.HttpServer2$QuotingInputFilter)
2019-09-21 03:25:01,890 [main] INFO  http.HttpServer2 (HttpServer2.java:addFilter(948)) - Added filter static_user_filter (class=org.apache.hadoop.http.lib.StaticUserWebFilter$StaticUserFilter) to context hddsDatanode
2019-09-21 03:25:01,890 [main] INFO  http.HttpServer2 (HttpServer2.java:addFilter(958)) - Added filter static_user_filter (class=org.apache.hadoop.http.lib.StaticUserWebFilter$StaticUserFilter) to context logs
2019-09-21 03:25:01,891 [main] INFO  http.HttpServer2 (HttpServer2.java:addFilter(958)) - Added filter static_user_filter (class=org.apache.hadoop.http.lib.StaticUserWebFilter$StaticUserFilter) to context static
2019-09-21 03:25:01,891 [main] INFO  http.HttpServer2 (HttpServer2.java:bindListener(1191)) - Jetty bound to port 45402
2019-09-21 03:25:01,891 [main] INFO  server.Server (Server.java:doStart(351)) - jetty-9.3.24.v20180605, build timestamp: 2018-06-05T17:11:56Z, git hash: 84205aa28f11a4f31f2a3b86d1bba2cc8ab69827
2019-09-21 03:25:01,893 [main] INFO  handler.ContextHandler (ContextHandler.java:doStart(781)) - Started o.e.j.s.ServletContextHandler@49cb5030{/logs,file:///workdir/hadoop-ozone/integration-test/target/log,AVAILABLE}
2019-09-21 03:25:01,893 [main] INFO  handler.ContextHandler (ContextHandler.java:doStart(781)) - Started o.e.j.s.ServletContextHandler@30fbc23{/static,jar:file:/home/user/.m2/repository/org/apache/hadoop/hadoop-hdds-container-service/0.5.0-SNAPSHOT/hadoop-hdds-container-service-0.5.0-SNAPSHOT.jar!/webapps/static,AVAILABLE}
2019-09-21 03:25:01,918 [main] INFO  handler.ContextHandler (ContextHandler.java:doStart(781)) - Started o.e.j.w.WebAppContext@56ec6960{/,file:///tmp/jetty-0.0.0.0-45402-hddsDatanode-_-any-1764958562171263678.dir/webapp/,AVAILABLE}{/hddsDatanode}
2019-09-21 03:25:01,918 [main] INFO  server.AbstractConnector (AbstractConnector.java:doStart(278)) - Started ServerConnector@7f8c3646{HTTP/1.1,[http/1.1]}{0.0.0.0:45402}
2019-09-21 03:25:01,920 [main] INFO  server.Server (Server.java:doStart(419)) - Started @619446ms
2019-09-21 03:25:01,920 [main] WARN  impl.MetricsSystemImpl (MetricsSystemImpl.java:register(276)) - Sink prometheus already exists!
2019-09-21 03:25:01,920 [main] INFO  server.BaseHttpServer (BaseHttpServer.java:updateConnectorAddress(215)) - HTTP server of HDDSDATANODE is listening at http://0.0.0.0:45402
2019-09-21 03:25:01,921 [main] INFO  impl.MetricsSystemImpl (MetricsSystemImpl.java:init(158)) - HddsDatanode metrics system started (again)
2019-09-21 03:25:01,925 [org.apache.hadoop.util.JvmPauseMonitor$Monitor@71a86e2d] INFO  util.JvmPauseMonitor (JvmPauseMonitor.java:run(188)) - Starting JVM pause monitor
2019-09-21 03:25:01,925 [main] INFO  ozone.HddsDatanodeService (HddsDatanodeService.java:start(184)) - HddsDatanodeService host:pr-hdds-2161-42js2-1613171706 ip:192.168.36.122
2019-09-21 03:25:01,928 [Datanode State Machine Thread - 0] INFO  datanode.InitDatanodeState (InitDatanodeState.java:persistContainerDatanodeDetails(140)) - DatanodeDetails is persisted to /workdir/hadoop-ozone/integration-test/target/test-dir/MiniOzoneClusterImpl-49ccd39e-0a95-490c-a5ec-4c0d204ae341/datanode-0/meta/datanode.id
2019-09-21 03:25:01,931 [main] INFO  volume.HddsVolume (HddsVolume.java:<init>(176)) - Creating Volume: /workdir/hadoop-ozone/integration-test/target/test-dir/MiniOzoneClusterImpl-49ccd39e-0a95-490c-a5ec-4c0d204ae341/datanode-1/data/containers/hdds of  storage type : DISK and capacity : 1482555576320
2019-09-21 03:25:01,931 [main] INFO  volume.VolumeSet (VolumeSet.java:initializeVolumeSet(170)) - Added Volume : /workdir/hadoop-ozone/integration-test/target/test-dir/MiniOzoneClusterImpl-49ccd39e-0a95-490c-a5ec-4c0d204ae341/datanode-1/data/containers/hdds to VolumeSet
2019-09-21 03:25:01,931 [main] INFO  volume.ThrottledAsyncChecker (ThrottledAsyncChecker.java:schedule(139)) - Scheduling a check for org.apache.hadoop.ozone.container.common.volume.HddsVolume@4522d793
2019-09-21 03:25:01,931 [main] INFO  volume.HddsVolumeChecker (HddsVolumeChecker.java:checkAllVolumes(202)) - Scheduled health check for volume org.apache.hadoop.ozone.container.common.volume.HddsVolume@4522d793
2019-09-21 03:25:01,944 [main] INFO  impl.RaftServerProxy (ConfUtils.java:logGet(43)) - raft.rpc.type = GRPC (default)
2019-09-21 03:25:01,944 [main] INFO  grpc.GrpcFactory (GrpcFactory.java:checkPooledByteBufAllocatorUseCacheForAllThreads(45)) - PERFORMANCE WARNING: useCacheForAllThreads is true that may cause Netty to create a lot garbage objects and, as a result, trigger GC.
	It is recommended to disable useCacheForAllThreads by setting -Dorg.apache.ratis.thirdparty.io.netty.allocator.useCacheForAllThreads=false in command line.
2019-09-21 03:25:01,944 [main] INFO  grpc.GrpcConfigKeys$Server (ConfUtils.java:logGet(43)) - raft.grpc.server.port = 0 (default)
2019-09-21 03:25:01,945 [main] INFO  server.GrpcService (ConfUtils.java:logGet(43)) - raft.grpc.message.size.max = 33570816 (custom)
2019-09-21 03:25:01,945 [main] INFO  server.RaftServerConfigKeys (ConfUtils.java:logGet(43)) - raft.server.log.appender.buffer.byte-limit = 33554432 (custom)
2019-09-21 03:25:01,945 [main] INFO  server.GrpcService (ConfUtils.java:logGet(43)) - raft.grpc.flow.control.window = 1MB (=1048576) (default)
2019-09-21 03:25:01,945 [main] INFO  server.RaftServerConfigKeys (ConfUtils.java:logGet(43)) - raft.server.rpc.request.timeout = 3000ms (default)
2019-09-21 03:25:01,945 [main] INFO  server.RaftServerConfigKeys (ConfUtils.java:logGet(43)) - raft.server.storage.dir = [/workdir/hadoop-ozone/integration-test/target/test-dir/MiniOzoneClusterImpl-49ccd39e-0a95-490c-a5ec-4c0d204ae341/datanode-1/data/ratis] (custom)
2019-09-21 03:25:01,946 [main] INFO  hdfs.DFSUtil (DFSUtil.java:httpServerTemplateForNNAndJN(1641)) - Starting Web-server for hddsDatanode at: http://0.0.0.0:0
2019-09-21 03:25:01,947 [main] INFO  server.AuthenticationFilter (AuthenticationFilter.java:constructSecretProvider(240)) - Unable to initialize FileSignerSecretProvider, falling back to use random secrets.
2019-09-21 03:25:01,948 [main] WARN  http.HttpRequestLog (HttpRequestLog.java:getRequestLog(97)) - Jetty request log can only be enabled using Log4j
2019-09-21 03:25:01,949 [main] INFO  http.HttpServer2 (HttpServer2.java:addGlobalFilter(975)) - Added global filter 'safety' (class=org.apache.hadoop.http.HttpServer2$QuotingInputFilter)
2019-09-21 03:25:01,949 [main] INFO  http.HttpServer2 (HttpServer2.java:addFilter(948)) - Added filter static_user_filter (class=org.apache.hadoop.http.lib.StaticUserWebFilter$StaticUserFilter) to context hddsDatanode
2019-09-21 03:25:01,950 [main] INFO  http.HttpServer2 (HttpServer2.java:addFilter(958)) - Added filter static_user_filter (class=org.apache.hadoop.http.lib.StaticUserWebFilter$StaticUserFilter) to context logs
2019-09-21 03:25:01,950 [main] INFO  http.HttpServer2 (HttpServer2.java:addFilter(958)) - Added filter static_user_filter (class=org.apache.hadoop.http.lib.StaticUserWebFilter$StaticUserFilter) to context static
2019-09-21 03:25:01,951 [main] INFO  http.HttpServer2 (HttpServer2.java:bindListener(1191)) - Jetty bound to port 38484
2019-09-21 03:25:01,951 [main] INFO  server.Server (Server.java:doStart(351)) - jetty-9.3.24.v20180605, build timestamp: 2018-06-05T17:11:56Z, git hash: 84205aa28f11a4f31f2a3b86d1bba2cc8ab69827
2019-09-21 03:25:01,952 [main] INFO  handler.ContextHandler (ContextHandler.java:doStart(781)) - Started o.e.j.s.ServletContextHandler@4cd7d5e1{/logs,file:///workdir/hadoop-ozone/integration-test/target/log,AVAILABLE}
2019-09-21 03:25:01,953 [main] INFO  handler.ContextHandler (ContextHandler.java:doStart(781)) - Started o.e.j.s.ServletContextHandler@46b6701e{/static,jar:file:/home/user/.m2/repository/org/apache/hadoop/hadoop-hdds-container-service/0.5.0-SNAPSHOT/hadoop-hdds-container-service-0.5.0-SNAPSHOT.jar!/webapps/static,AVAILABLE}
2019-09-21 03:25:01,977 [main] INFO  handler.ContextHandler (ContextHandler.java:doStart(781)) - Started o.e.j.w.WebAppContext@5f409872{/,file:///tmp/jetty-0.0.0.0-38484-hddsDatanode-_-any-8349936161799504552.dir/webapp/,AVAILABLE}{/hddsDatanode}
2019-09-21 03:25:01,978 [main] INFO  server.AbstractConnector (AbstractConnector.java:doStart(278)) - Started ServerConnector@547aaa32{HTTP/1.1,[http/1.1]}{0.0.0.0:38484}
2019-09-21 03:25:01,980 [main] INFO  server.Server (Server.java:doStart(419)) - Started @619506ms
2019-09-21 03:25:01,980 [main] WARN  impl.MetricsSystemImpl (MetricsSystemImpl.java:register(276)) - Sink prometheus already exists!
2019-09-21 03:25:01,980 [main] INFO  server.BaseHttpServer (BaseHttpServer.java:updateConnectorAddress(215)) - HTTP server of HDDSDATANODE is listening at http://0.0.0.0:38484
2019-09-21 03:25:01,981 [main] INFO  impl.MetricsSystemImpl (MetricsSystemImpl.java:init(158)) - HddsDatanode metrics system started (again)
2019-09-21 03:25:01,985 [org.apache.hadoop.util.JvmPauseMonitor$Monitor@1fe6aa10] INFO  util.JvmPauseMonitor (JvmPauseMonitor.java:run(188)) - Starting JVM pause monitor
2019-09-21 03:25:01,986 [main] INFO  ozone.HddsDatanodeService (HddsDatanodeService.java:start(184)) - HddsDatanodeService host:pr-hdds-2161-42js2-1613171706 ip:192.168.36.122
2019-09-21 03:25:01,986 [Datanode State Machine Thread - 0] INFO  datanode.InitDatanodeState (InitDatanodeState.java:persistContainerDatanodeDetails(140)) - DatanodeDetails is persisted to /workdir/hadoop-ozone/integration-test/target/test-dir/MiniOzoneClusterImpl-49ccd39e-0a95-490c-a5ec-4c0d204ae341/datanode-1/meta/datanode.id
2019-09-21 03:25:01,991 [main] INFO  volume.HddsVolume (HddsVolume.java:<init>(176)) - Creating Volume: /workdir/hadoop-ozone/integration-test/target/test-dir/MiniOzoneClusterImpl-49ccd39e-0a95-490c-a5ec-4c0d204ae341/datanode-2/data/containers/hdds of  storage type : DISK and capacity : 1482555576320
2019-09-21 03:25:01,991 [main] INFO  volume.VolumeSet (VolumeSet.java:initializeVolumeSet(170)) - Added Volume : /workdir/hadoop-ozone/integration-test/target/test-dir/MiniOzoneClusterImpl-49ccd39e-0a95-490c-a5ec-4c0d204ae341/datanode-2/data/containers/hdds to VolumeSet
2019-09-21 03:25:01,991 [main] INFO  volume.ThrottledAsyncChecker (ThrottledAsyncChecker.java:schedule(139)) - Scheduling a check for org.apache.hadoop.ozone.container.common.volume.HddsVolume@6f867b0c
2019-09-21 03:25:01,992 [main] INFO  volume.HddsVolumeChecker (HddsVolumeChecker.java:checkAllVolumes(202)) - Scheduled health check for volume org.apache.hadoop.ozone.container.common.volume.HddsVolume@6f867b0c
2019-09-21 03:25:02,003 [main] INFO  impl.RaftServerProxy (ConfUtils.java:logGet(43)) - raft.rpc.type = GRPC (default)
2019-09-21 03:25:02,003 [main] INFO  grpc.GrpcFactory (GrpcFactory.java:checkPooledByteBufAllocatorUseCacheForAllThreads(45)) - PERFORMANCE WARNING: useCacheForAllThreads is true that may cause Netty to create a lot garbage objects and, as a result, trigger GC.
	It is recommended to disable useCacheForAllThreads by setting -Dorg.apache.ratis.thirdparty.io.netty.allocator.useCacheForAllThreads=false in command line.
2019-09-21 03:25:02,003 [main] INFO  grpc.GrpcConfigKeys$Server (ConfUtils.java:logGet(43)) - raft.grpc.server.port = 0 (default)
2019-09-21 03:25:02,003 [main] INFO  server.GrpcService (ConfUtils.java:logGet(43)) - raft.grpc.message.size.max = 33570816 (custom)
2019-09-21 03:25:02,003 [main] INFO  server.RaftServerConfigKeys (ConfUtils.java:logGet(43)) - raft.server.log.appender.buffer.byte-limit = 33554432 (custom)
2019-09-21 03:25:02,004 [main] INFO  server.GrpcService (ConfUtils.java:logGet(43)) - raft.grpc.flow.control.window = 1MB (=1048576) (default)
2019-09-21 03:25:02,004 [main] INFO  server.RaftServerConfigKeys (ConfUtils.java:logGet(43)) - raft.server.rpc.request.timeout = 3000ms (default)
2019-09-21 03:25:02,004 [main] INFO  server.RaftServerConfigKeys (ConfUtils.java:logGet(43)) - raft.server.storage.dir = [/workdir/hadoop-ozone/integration-test/target/test-dir/MiniOzoneClusterImpl-49ccd39e-0a95-490c-a5ec-4c0d204ae341/datanode-2/data/ratis] (custom)
2019-09-21 03:25:02,005 [main] INFO  hdfs.DFSUtil (DFSUtil.java:httpServerTemplateForNNAndJN(1641)) - Starting Web-server for hddsDatanode at: http://0.0.0.0:0
2019-09-21 03:25:02,006 [main] INFO  server.AuthenticationFilter (AuthenticationFilter.java:constructSecretProvider(240)) - Unable to initialize FileSignerSecretProvider, falling back to use random secrets.
2019-09-21 03:25:02,006 [main] WARN  http.HttpRequestLog (HttpRequestLog.java:getRequestLog(97)) - Jetty request log can only be enabled using Log4j
2019-09-21 03:25:02,007 [main] INFO  http.HttpServer2 (HttpServer2.java:addGlobalFilter(975)) - Added global filter 'safety' (class=org.apache.hadoop.http.HttpServer2$QuotingInputFilter)
2019-09-21 03:25:02,008 [main] INFO  http.HttpServer2 (HttpServer2.java:addFilter(948)) - Added filter static_user_filter (class=org.apache.hadoop.http.lib.StaticUserWebFilter$StaticUserFilter) to context hddsDatanode
2019-09-21 03:25:02,008 [main] INFO  http.HttpServer2 (HttpServer2.java:addFilter(958)) - Added filter static_user_filter (class=org.apache.hadoop.http.lib.StaticUserWebFilter$StaticUserFilter) to context static
2019-09-21 03:25:02,008 [main] INFO  http.HttpServer2 (HttpServer2.java:addFilter(958)) - Added filter static_user_filter (class=org.apache.hadoop.http.lib.StaticUserWebFilter$StaticUserFilter) to context logs
2019-09-21 03:25:02,009 [main] INFO  http.HttpServer2 (HttpServer2.java:bindListener(1191)) - Jetty bound to port 46658
2019-09-21 03:25:02,009 [main] INFO  server.Server (Server.java:doStart(351)) - jetty-9.3.24.v20180605, build timestamp: 2018-06-05T17:11:56Z, git hash: 84205aa28f11a4f31f2a3b86d1bba2cc8ab69827
2019-09-21 03:25:02,010 [main] INFO  handler.ContextHandler (ContextHandler.java:doStart(781)) - Started o.e.j.s.ServletContextHandler@7e050be1{/logs,file:///workdir/hadoop-ozone/integration-test/target/log,AVAILABLE}
2019-09-21 03:25:02,010 [main] INFO  handler.ContextHandler (ContextHandler.java:doStart(781)) - Started o.e.j.s.ServletContextHandler@506aa618{/static,jar:file:/home/user/.m2/repository/org/apache/hadoop/hadoop-hdds-container-service/0.5.0-SNAPSHOT/hadoop-hdds-container-service-0.5.0-SNAPSHOT.jar!/webapps/static,AVAILABLE}
2019-09-21 03:25:02,035 [main] INFO  handler.ContextHandler (ContextHandler.java:doStart(781)) - Started o.e.j.w.WebAppContext@6a6d1ff3{/,file:///tmp/jetty-0.0.0.0-46658-hddsDatanode-_-any-5993237210117880100.dir/webapp/,AVAILABLE}{/hddsDatanode}
2019-09-21 03:25:02,035 [main] INFO  server.AbstractConnector (AbstractConnector.java:doStart(278)) - Started ServerConnector@64b73e0a{HTTP/1.1,[http/1.1]}{0.0.0.0:46658}
2019-09-21 03:25:02,036 [main] INFO  server.Server (Server.java:doStart(419)) - Started @619562ms
2019-09-21 03:25:02,036 [main] WARN  impl.MetricsSystemImpl (MetricsSystemImpl.java:register(276)) - Sink prometheus already exists!
2019-09-21 03:25:02,037 [main] INFO  server.BaseHttpServer (BaseHttpServer.java:updateConnectorAddress(215)) - HTTP server of HDDSDATANODE is listening at http://0.0.0.0:46658
2019-09-21 03:25:02,037 [main] INFO  impl.MetricsSystemImpl (MetricsSystemImpl.java:init(158)) - HddsDatanode metrics system started (again)
2019-09-21 03:25:02,042 [org.apache.hadoop.util.JvmPauseMonitor$Monitor@7aa8ff33] INFO  util.JvmPauseMonitor (JvmPauseMonitor.java:run(188)) - Starting JVM pause monitor
2019-09-21 03:25:02,042 [main] INFO  ozone.HddsDatanodeService (HddsDatanodeService.java:start(184)) - HddsDatanodeService host:pr-hdds-2161-42js2-1613171706 ip:192.168.36.122
2019-09-21 03:25:02,043 [Datanode State Machine Thread - 0] INFO  datanode.InitDatanodeState (InitDatanodeState.java:persistContainerDatanodeDetails(140)) - DatanodeDetails is persisted to /workdir/hadoop-ozone/integration-test/target/test-dir/MiniOzoneClusterImpl-49ccd39e-0a95-490c-a5ec-4c0d204ae341/datanode-2/meta/datanode.id
2019-09-21 03:25:02,048 [main] INFO  volume.HddsVolume (HddsVolume.java:<init>(176)) - Creating Volume: /workdir/hadoop-ozone/integration-test/target/test-dir/MiniOzoneClusterImpl-49ccd39e-0a95-490c-a5ec-4c0d204ae341/datanode-3/data/containers/hdds of  storage type : DISK and capacity : 1482555576320
2019-09-21 03:25:02,048 [main] INFO  volume.VolumeSet (VolumeSet.java:initializeVolumeSet(170)) - Added Volume : /workdir/hadoop-ozone/integration-test/target/test-dir/MiniOzoneClusterImpl-49ccd39e-0a95-490c-a5ec-4c0d204ae341/datanode-3/data/containers/hdds to VolumeSet
2019-09-21 03:25:02,048 [main] INFO  volume.ThrottledAsyncChecker (ThrottledAsyncChecker.java:schedule(139)) - Scheduling a check for org.apache.hadoop.ozone.container.common.volume.HddsVolume@66298fe9
2019-09-21 03:25:02,049 [main] INFO  volume.HddsVolumeChecker (HddsVolumeChecker.java:checkAllVolumes(202)) - Scheduled health check for volume org.apache.hadoop.ozone.container.common.volume.HddsVolume@66298fe9
2019-09-21 03:25:02,063 [main] INFO  impl.RaftServerProxy (ConfUtils.java:logGet(43)) - raft.rpc.type = GRPC (default)
2019-09-21 03:25:02,063 [main] INFO  grpc.GrpcFactory (GrpcFactory.java:checkPooledByteBufAllocatorUseCacheForAllThreads(45)) - PERFORMANCE WARNING: useCacheForAllThreads is true that may cause Netty to create a lot garbage objects and, as a result, trigger GC.
	It is recommended to disable useCacheForAllThreads by setting -Dorg.apache.ratis.thirdparty.io.netty.allocator.useCacheForAllThreads=false in command line.
2019-09-21 03:25:02,064 [main] INFO  grpc.GrpcConfigKeys$Server (ConfUtils.java:logGet(43)) - raft.grpc.server.port = 0 (default)
2019-09-21 03:25:02,064 [main] INFO  server.GrpcService (ConfUtils.java:logGet(43)) - raft.grpc.message.size.max = 33570816 (custom)
2019-09-21 03:25:02,064 [main] INFO  server.RaftServerConfigKeys (ConfUtils.java:logGet(43)) - raft.server.log.appender.buffer.byte-limit = 33554432 (custom)
2019-09-21 03:25:02,064 [main] INFO  server.GrpcService (ConfUtils.java:logGet(43)) - raft.grpc.flow.control.window = 1MB (=1048576) (default)
2019-09-21 03:25:02,065 [main] INFO  server.RaftServerConfigKeys (ConfUtils.java:logGet(43)) - raft.server.rpc.request.timeout = 3000ms (default)
2019-09-21 03:25:02,065 [main] INFO  server.RaftServerConfigKeys (ConfUtils.java:logGet(43)) - raft.server.storage.dir = [/workdir/hadoop-ozone/integration-test/target/test-dir/MiniOzoneClusterImpl-49ccd39e-0a95-490c-a5ec-4c0d204ae341/datanode-3/data/ratis] (custom)
2019-09-21 03:25:02,066 [main] INFO  hdfs.DFSUtil (DFSUtil.java:httpServerTemplateForNNAndJN(1641)) - Starting Web-server for hddsDatanode at: http://0.0.0.0:0
2019-09-21 03:25:02,067 [main] INFO  server.AuthenticationFilter (AuthenticationFilter.java:constructSecretProvider(240)) - Unable to initialize FileSignerSecretProvider, falling back to use random secrets.
2019-09-21 03:25:02,068 [main] WARN  http.HttpRequestLog (HttpRequestLog.java:getRequestLog(97)) - Jetty request log can only be enabled using Log4j
2019-09-21 03:25:02,069 [main] INFO  http.HttpServer2 (HttpServer2.java:addGlobalFilter(975)) - Added global filter 'safety' (class=org.apache.hadoop.http.HttpServer2$QuotingInputFilter)
2019-09-21 03:25:02,069 [main] INFO  http.HttpServer2 (HttpServer2.java:addFilter(948)) - Added filter static_user_filter (class=org.apache.hadoop.http.lib.StaticUserWebFilter$StaticUserFilter) to context hddsDatanode
2019-09-21 03:25:02,069 [main] INFO  http.HttpServer2 (HttpServer2.java:addFilter(958)) - Added filter static_user_filter (class=org.apache.hadoop.http.lib.StaticUserWebFilter$StaticUserFilter) to context logs
2019-09-21 03:25:02,070 [main] INFO  http.HttpServer2 (HttpServer2.java:addFilter(958)) - Added filter static_user_filter (class=org.apache.hadoop.http.lib.StaticUserWebFilter$StaticUserFilter) to context static
2019-09-21 03:25:02,070 [main] INFO  http.HttpServer2 (HttpServer2.java:bindListener(1191)) - Jetty bound to port 34494
2019-09-21 03:25:02,070 [main] INFO  server.Server (Server.java:doStart(351)) - jetty-9.3.24.v20180605, build timestamp: 2018-06-05T17:11:56Z, git hash: 84205aa28f11a4f31f2a3b86d1bba2cc8ab69827
2019-09-21 03:25:02,072 [main] INFO  handler.ContextHandler (ContextHandler.java:doStart(781)) - Started o.e.j.s.ServletContextHandler@1930a804{/logs,file:///workdir/hadoop-ozone/integration-test/target/log,AVAILABLE}
2019-09-21 03:25:02,072 [main] INFO  handler.ContextHandler (ContextHandler.java:doStart(781)) - Started o.e.j.s.ServletContextHandler@7f93f4c{/static,jar:file:/home/user/.m2/repository/org/apache/hadoop/hadoop-hdds-container-service/0.5.0-SNAPSHOT/hadoop-hdds-container-service-0.5.0-SNAPSHOT.jar!/webapps/static,AVAILABLE}
2019-09-21 03:25:02,097 [main] INFO  handler.ContextHandler (ContextHandler.java:doStart(781)) - Started o.e.j.w.WebAppContext@63a84bb6{/,file:///tmp/jetty-0.0.0.0-34494-hddsDatanode-_-any-7958394877004698245.dir/webapp/,AVAILABLE}{/hddsDatanode}
2019-09-21 03:25:02,097 [main] INFO  server.AbstractConnector (AbstractConnector.java:doStart(278)) - Started ServerConnector@701d2b59{HTTP/1.1,[http/1.1]}{0.0.0.0:34494}
2019-09-21 03:25:02,099 [main] INFO  server.Server (Server.java:doStart(419)) - Started @619625ms
2019-09-21 03:25:02,100 [main] WARN  impl.MetricsSystemImpl (MetricsSystemImpl.java:register(276)) - Sink prometheus already exists!
2019-09-21 03:25:02,100 [main] INFO  server.BaseHttpServer (BaseHttpServer.java:updateConnectorAddress(215)) - HTTP server of HDDSDATANODE is listening at http://0.0.0.0:34494
2019-09-21 03:25:02,101 [main] INFO  impl.MetricsSystemImpl (MetricsSystemImpl.java:init(158)) - HddsDatanode metrics system started (again)
2019-09-21 03:25:02,106 [org.apache.hadoop.util.JvmPauseMonitor$Monitor@7c7d35bf] INFO  util.JvmPauseMonitor (JvmPauseMonitor.java:run(188)) - Starting JVM pause monitor
2019-09-21 03:25:02,106 [main] INFO  ozone.HddsDatanodeService (HddsDatanodeService.java:start(184)) - HddsDatanodeService host:pr-hdds-2161-42js2-1613171706 ip:192.168.36.122
2019-09-21 03:25:02,107 [Datanode State Machine Thread - 0] INFO  datanode.InitDatanodeState (InitDatanodeState.java:persistContainerDatanodeDetails(140)) - DatanodeDetails is persisted to /workdir/hadoop-ozone/integration-test/target/test-dir/MiniOzoneClusterImpl-49ccd39e-0a95-490c-a5ec-4c0d204ae341/datanode-3/meta/datanode.id
2019-09-21 03:25:02,113 [main] INFO  volume.HddsVolume (HddsVolume.java:<init>(176)) - Creating Volume: /workdir/hadoop-ozone/integration-test/target/test-dir/MiniOzoneClusterImpl-49ccd39e-0a95-490c-a5ec-4c0d204ae341/datanode-4/data/containers/hdds of  storage type : DISK and capacity : 1482555576320
2019-09-21 03:25:02,114 [main] INFO  volume.VolumeSet (VolumeSet.java:initializeVolumeSet(170)) - Added Volume : /workdir/hadoop-ozone/integration-test/target/test-dir/MiniOzoneClusterImpl-49ccd39e-0a95-490c-a5ec-4c0d204ae341/datanode-4/data/containers/hdds to VolumeSet
2019-09-21 03:25:02,114 [main] INFO  volume.ThrottledAsyncChecker (ThrottledAsyncChecker.java:schedule(139)) - Scheduling a check for org.apache.hadoop.ozone.container.common.volume.HddsVolume@45d7495e
2019-09-21 03:25:02,114 [main] INFO  volume.HddsVolumeChecker (HddsVolumeChecker.java:checkAllVolumes(202)) - Scheduled health check for volume org.apache.hadoop.ozone.container.common.volume.HddsVolume@45d7495e
2019-09-21 03:25:02,127 [main] INFO  impl.RaftServerProxy (ConfUtils.java:logGet(43)) - raft.rpc.type = GRPC (default)
2019-09-21 03:25:02,128 [main] INFO  grpc.GrpcFactory (GrpcFactory.java:checkPooledByteBufAllocatorUseCacheForAllThreads(45)) - PERFORMANCE WARNING: useCacheForAllThreads is true that may cause Netty to create a lot garbage objects and, as a result, trigger GC.
	It is recommended to disable useCacheForAllThreads by setting -Dorg.apache.ratis.thirdparty.io.netty.allocator.useCacheForAllThreads=false in command line.
2019-09-21 03:25:02,128 [main] INFO  grpc.GrpcConfigKeys$Server (ConfUtils.java:logGet(43)) - raft.grpc.server.port = 0 (default)
2019-09-21 03:25:02,128 [main] INFO  server.GrpcService (ConfUtils.java:logGet(43)) - raft.grpc.message.size.max = 33570816 (custom)
2019-09-21 03:25:02,128 [main] INFO  server.RaftServerConfigKeys (ConfUtils.java:logGet(43)) - raft.server.log.appender.buffer.byte-limit = 33554432 (custom)
2019-09-21 03:25:02,128 [main] INFO  server.GrpcService (ConfUtils.java:logGet(43)) - raft.grpc.flow.control.window = 1MB (=1048576) (default)
2019-09-21 03:25:02,128 [main] INFO  server.RaftServerConfigKeys (ConfUtils.java:logGet(43)) - raft.server.rpc.request.timeout = 3000ms (default)
2019-09-21 03:25:02,129 [main] INFO  server.RaftServerConfigKeys (ConfUtils.java:logGet(43)) - raft.server.storage.dir = [/workdir/hadoop-ozone/integration-test/target/test-dir/MiniOzoneClusterImpl-49ccd39e-0a95-490c-a5ec-4c0d204ae341/datanode-4/data/ratis] (custom)
2019-09-21 03:25:02,130 [main] INFO  hdfs.DFSUtil (DFSUtil.java:httpServerTemplateForNNAndJN(1641)) - Starting Web-server for hddsDatanode at: http://0.0.0.0:0
2019-09-21 03:25:02,131 [main] INFO  server.AuthenticationFilter (AuthenticationFilter.java:constructSecretProvider(240)) - Unable to initialize FileSignerSecretProvider, falling back to use random secrets.
2019-09-21 03:25:02,131 [main] WARN  http.HttpRequestLog (HttpRequestLog.java:getRequestLog(97)) - Jetty request log can only be enabled using Log4j
2019-09-21 03:25:02,132 [main] INFO  http.HttpServer2 (HttpServer2.java:addGlobalFilter(975)) - Added global filter 'safety' (class=org.apache.hadoop.http.HttpServer2$QuotingInputFilter)
2019-09-21 03:25:02,132 [main] INFO  http.HttpServer2 (HttpServer2.java:addFilter(948)) - Added filter static_user_filter (class=org.apache.hadoop.http.lib.StaticUserWebFilter$StaticUserFilter) to context hddsDatanode
2019-09-21 03:25:02,133 [main] INFO  http.HttpServer2 (HttpServer2.java:addFilter(958)) - Added filter static_user_filter (class=org.apache.hadoop.http.lib.StaticUserWebFilter$StaticUserFilter) to context logs
2019-09-21 03:25:02,133 [main] INFO  http.HttpServer2 (HttpServer2.java:addFilter(958)) - Added filter static_user_filter (class=org.apache.hadoop.http.lib.StaticUserWebFilter$StaticUserFilter) to context static
2019-09-21 03:25:02,133 [main] INFO  http.HttpServer2 (HttpServer2.java:bindListener(1191)) - Jetty bound to port 42556
2019-09-21 03:25:02,133 [main] INFO  server.Server (Server.java:doStart(351)) - jetty-9.3.24.v20180605, build timestamp: 2018-06-05T17:11:56Z, git hash: 84205aa28f11a4f31f2a3b86d1bba2cc8ab69827
2019-09-21 03:25:02,135 [main] INFO  handler.ContextHandler (ContextHandler.java:doStart(781)) - Started o.e.j.s.ServletContextHandler@7e0986c9{/logs,file:///workdir/hadoop-ozone/integration-test/target/log,AVAILABLE}
2019-09-21 03:25:02,135 [main] INFO  handler.ContextHandler (ContextHandler.java:doStart(781)) - Started o.e.j.s.ServletContextHandler@48cf8414{/static,jar:file:/home/user/.m2/repository/org/apache/hadoop/hadoop-hdds-container-service/0.5.0-SNAPSHOT/hadoop-hdds-container-service-0.5.0-SNAPSHOT.jar!/webapps/static,AVAILABLE}
2019-09-21 03:25:02,160 [main] INFO  handler.ContextHandler (ContextHandler.java:doStart(781)) - Started o.e.j.w.WebAppContext@1cc41b77{/,file:///tmp/jetty-0.0.0.0-42556-hddsDatanode-_-any-1684255249492513658.dir/webapp/,AVAILABLE}{/hddsDatanode}
2019-09-21 03:25:02,160 [main] INFO  server.AbstractConnector (AbstractConnector.java:doStart(278)) - Started ServerConnector@2a7ebe07{HTTP/1.1,[http/1.1]}{0.0.0.0:42556}
2019-09-21 03:25:02,160 [main] INFO  server.Server (Server.java:doStart(419)) - Started @619686ms
2019-09-21 03:25:02,162 [main] WARN  impl.MetricsSystemImpl (MetricsSystemImpl.java:register(276)) - Sink prometheus already exists!
2019-09-21 03:25:02,163 [main] INFO  server.BaseHttpServer (BaseHttpServer.java:updateConnectorAddress(215)) - HTTP server of HDDSDATANODE is listening at http://0.0.0.0:42556
2019-09-21 03:25:02,163 [main] INFO  impl.MetricsSystemImpl (MetricsSystemImpl.java:init(158)) - HddsDatanode metrics system started (again)
2019-09-21 03:25:02,169 [org.apache.hadoop.util.JvmPauseMonitor$Monitor@34db1be9] INFO  util.JvmPauseMonitor (JvmPauseMonitor.java:run(188)) - Starting JVM pause monitor
2019-09-21 03:25:02,169 [main] INFO  ozone.HddsDatanodeService (HddsDatanodeService.java:start(184)) - HddsDatanodeService host:pr-hdds-2161-42js2-1613171706 ip:192.168.36.122
2019-09-21 03:25:02,170 [Datanode State Machine Thread - 0] INFO  datanode.InitDatanodeState (InitDatanodeState.java:persistContainerDatanodeDetails(140)) - DatanodeDetails is persisted to /workdir/hadoop-ozone/integration-test/target/test-dir/MiniOzoneClusterImpl-49ccd39e-0a95-490c-a5ec-4c0d204ae341/datanode-4/meta/datanode.id
2019-09-21 03:25:02,176 [main] INFO  volume.HddsVolume (HddsVolume.java:<init>(176)) - Creating Volume: /workdir/hadoop-ozone/integration-test/target/test-dir/MiniOzoneClusterImpl-49ccd39e-0a95-490c-a5ec-4c0d204ae341/datanode-5/data/containers/hdds of  storage type : DISK and capacity : 1482555576320
2019-09-21 03:25:02,176 [main] INFO  volume.VolumeSet (VolumeSet.java:initializeVolumeSet(170)) - Added Volume : /workdir/hadoop-ozone/integration-test/target/test-dir/MiniOzoneClusterImpl-49ccd39e-0a95-490c-a5ec-4c0d204ae341/datanode-5/data/containers/hdds to VolumeSet
2019-09-21 03:25:02,177 [main] INFO  volume.ThrottledAsyncChecker (ThrottledAsyncChecker.java:schedule(139)) - Scheduling a check for org.apache.hadoop.ozone.container.common.volume.HddsVolume@720a1fd0
2019-09-21 03:25:02,177 [main] INFO  volume.HddsVolumeChecker (HddsVolumeChecker.java:checkAllVolumes(202)) - Scheduled health check for volume org.apache.hadoop.ozone.container.common.volume.HddsVolume@720a1fd0
2019-09-21 03:25:02,188 [main] INFO  impl.RaftServerProxy (ConfUtils.java:logGet(43)) - raft.rpc.type = GRPC (default)
2019-09-21 03:25:02,189 [main] INFO  grpc.GrpcFactory (GrpcFactory.java:checkPooledByteBufAllocatorUseCacheForAllThreads(45)) - PERFORMANCE WARNING: useCacheForAllThreads is true that may cause Netty to create a lot garbage objects and, as a result, trigger GC.
	It is recommended to disable useCacheForAllThreads by setting -Dorg.apache.ratis.thirdparty.io.netty.allocator.useCacheForAllThreads=false in command line.
2019-09-21 03:25:02,189 [main] INFO  grpc.GrpcConfigKeys$Server (ConfUtils.java:logGet(43)) - raft.grpc.server.port = 0 (default)
2019-09-21 03:25:02,189 [main] INFO  server.GrpcService (ConfUtils.java:logGet(43)) - raft.grpc.message.size.max = 33570816 (custom)
2019-09-21 03:25:02,189 [main] INFO  server.RaftServerConfigKeys (ConfUtils.java:logGet(43)) - raft.server.log.appender.buffer.byte-limit = 33554432 (custom)
2019-09-21 03:25:02,189 [main] INFO  server.GrpcService (ConfUtils.java:logGet(43)) - raft.grpc.flow.control.window = 1MB (=1048576) (default)
2019-09-21 03:25:02,189 [main] INFO  server.RaftServerConfigKeys (ConfUtils.java:logGet(43)) - raft.server.rpc.request.timeout = 3000ms (default)
2019-09-21 03:25:02,190 [main] INFO  server.RaftServerConfigKeys (ConfUtils.java:logGet(43)) - raft.server.storage.dir = [/workdir/hadoop-ozone/integration-test/target/test-dir/MiniOzoneClusterImpl-49ccd39e-0a95-490c-a5ec-4c0d204ae341/datanode-5/data/ratis] (custom)
2019-09-21 03:25:02,191 [main] INFO  hdfs.DFSUtil (DFSUtil.java:httpServerTemplateForNNAndJN(1641)) - Starting Web-server for hddsDatanode at: http://0.0.0.0:0
2019-09-21 03:25:02,192 [main] INFO  server.AuthenticationFilter (AuthenticationFilter.java:constructSecretProvider(240)) - Unable to initialize FileSignerSecretProvider, falling back to use random secrets.
2019-09-21 03:25:02,192 [main] WARN  http.HttpRequestLog (HttpRequestLog.java:getRequestLog(97)) - Jetty request log can only be enabled using Log4j
2019-09-21 03:25:02,193 [main] INFO  http.HttpServer2 (HttpServer2.java:addGlobalFilter(975)) - Added global filter 'safety' (class=org.apache.hadoop.http.HttpServer2$QuotingInputFilter)
2019-09-21 03:25:02,193 [main] INFO  http.HttpServer2 (HttpServer2.java:addFilter(948)) - Added filter static_user_filter (class=org.apache.hadoop.http.lib.StaticUserWebFilter$StaticUserFilter) to context hddsDatanode
2019-09-21 03:25:02,193 [main] INFO  http.HttpServer2 (HttpServer2.java:addFilter(958)) - Added filter static_user_filter (class=org.apache.hadoop.http.lib.StaticUserWebFilter$StaticUserFilter) to context static
2019-09-21 03:25:02,194 [main] INFO  http.HttpServer2 (HttpServer2.java:addFilter(958)) - Added filter static_user_filter (class=org.apache.hadoop.http.lib.StaticUserWebFilter$StaticUserFilter) to context logs
2019-09-21 03:25:02,194 [main] INFO  http.HttpServer2 (HttpServer2.java:bindListener(1191)) - Jetty bound to port 33389
2019-09-21 03:25:02,194 [main] INFO  server.Server (Server.java:doStart(351)) - jetty-9.3.24.v20180605, build timestamp: 2018-06-05T17:11:56Z, git hash: 84205aa28f11a4f31f2a3b86d1bba2cc8ab69827
2019-09-21 03:25:02,195 [main] INFO  handler.ContextHandler (ContextHandler.java:doStart(781)) - Started o.e.j.s.ServletContextHandler@7cca31fc{/logs,file:///workdir/hadoop-ozone/integration-test/target/log,AVAILABLE}
2019-09-21 03:25:02,196 [main] INFO  handler.ContextHandler (ContextHandler.java:doStart(781)) - Started o.e.j.s.ServletContextHandler@29090809{/static,jar:file:/home/user/.m2/repository/org/apache/hadoop/hadoop-hdds-container-service/0.5.0-SNAPSHOT/hadoop-hdds-container-service-0.5.0-SNAPSHOT.jar!/webapps/static,AVAILABLE}
2019-09-21 03:25:02,220 [main] INFO  handler.ContextHandler (ContextHandler.java:doStart(781)) - Started o.e.j.w.WebAppContext@6a51ae7c{/,file:///tmp/jetty-0.0.0.0-33389-hddsDatanode-_-any-5649356628533015171.dir/webapp/,AVAILABLE}{/hddsDatanode}
2019-09-21 03:25:02,221 [main] INFO  server.AbstractConnector (AbstractConnector.java:doStart(278)) - Started ServerConnector@171aa66{HTTP/1.1,[http/1.1]}{0.0.0.0:33389}
2019-09-21 03:25:02,221 [main] INFO  server.Server (Server.java:doStart(419)) - Started @619747ms
2019-09-21 03:25:02,222 [main] WARN  impl.MetricsSystemImpl (MetricsSystemImpl.java:register(276)) - Sink prometheus already exists!
2019-09-21 03:25:02,223 [main] INFO  server.BaseHttpServer (BaseHttpServer.java:updateConnectorAddress(215)) - HTTP server of HDDSDATANODE is listening at http://0.0.0.0:33389
2019-09-21 03:25:02,223 [main] INFO  impl.MetricsSystemImpl (MetricsSystemImpl.java:init(158)) - HddsDatanode metrics system started (again)
2019-09-21 03:25:02,229 [org.apache.hadoop.util.JvmPauseMonitor$Monitor@350ff5e4] INFO  util.JvmPauseMonitor (JvmPauseMonitor.java:run(188)) - Starting JVM pause monitor
2019-09-21 03:25:02,230 [main] INFO  ozone.HddsDatanodeService (HddsDatanodeService.java:start(184)) - HddsDatanodeService host:pr-hdds-2161-42js2-1613171706 ip:192.168.36.122
2019-09-21 03:25:02,230 [Datanode State Machine Thread - 0] INFO  datanode.InitDatanodeState (InitDatanodeState.java:persistContainerDatanodeDetails(140)) - DatanodeDetails is persisted to /workdir/hadoop-ozone/integration-test/target/test-dir/MiniOzoneClusterImpl-49ccd39e-0a95-490c-a5ec-4c0d204ae341/datanode-5/meta/datanode.id
2019-09-21 03:25:02,235 [main] INFO  volume.HddsVolume (HddsVolume.java:<init>(176)) - Creating Volume: /workdir/hadoop-ozone/integration-test/target/test-dir/MiniOzoneClusterImpl-49ccd39e-0a95-490c-a5ec-4c0d204ae341/datanode-6/data/containers/hdds of  storage type : DISK and capacity : 1482555576320
2019-09-21 03:25:02,235 [main] INFO  volume.VolumeSet (VolumeSet.java:initializeVolumeSet(170)) - Added Volume : /workdir/hadoop-ozone/integration-test/target/test-dir/MiniOzoneClusterImpl-49ccd39e-0a95-490c-a5ec-4c0d204ae341/datanode-6/data/containers/hdds to VolumeSet
2019-09-21 03:25:02,235 [main] INFO  volume.ThrottledAsyncChecker (ThrottledAsyncChecker.java:schedule(139)) - Scheduling a check for org.apache.hadoop.ozone.container.common.volume.HddsVolume@4a9869a8
2019-09-21 03:25:02,236 [main] INFO  volume.HddsVolumeChecker (HddsVolumeChecker.java:checkAllVolumes(202)) - Scheduled health check for volume org.apache.hadoop.ozone.container.common.volume.HddsVolume@4a9869a8
2019-09-21 03:25:02,246 [main] INFO  impl.RaftServerProxy (ConfUtils.java:logGet(43)) - raft.rpc.type = GRPC (default)
2019-09-21 03:25:02,246 [main] INFO  grpc.GrpcFactory (GrpcFactory.java:checkPooledByteBufAllocatorUseCacheForAllThreads(45)) - PERFORMANCE WARNING: useCacheForAllThreads is true that may cause Netty to create a lot garbage objects and, as a result, trigger GC.
	It is recommended to disable useCacheForAllThreads by setting -Dorg.apache.ratis.thirdparty.io.netty.allocator.useCacheForAllThreads=false in command line.
2019-09-21 03:25:02,246 [main] INFO  grpc.GrpcConfigKeys$Server (ConfUtils.java:logGet(43)) - raft.grpc.server.port = 0 (default)
2019-09-21 03:25:02,247 [main] INFO  server.GrpcService (ConfUtils.java:logGet(43)) - raft.grpc.message.size.max = 33570816 (custom)
2019-09-21 03:25:02,247 [main] INFO  server.RaftServerConfigKeys (ConfUtils.java:logGet(43)) - raft.server.log.appender.buffer.byte-limit = 33554432 (custom)
2019-09-21 03:25:02,247 [main] INFO  server.GrpcService (ConfUtils.java:logGet(43)) - raft.grpc.flow.control.window = 1MB (=1048576) (default)
2019-09-21 03:25:02,247 [main] INFO  server.RaftServerConfigKeys (ConfUtils.java:logGet(43)) - raft.server.rpc.request.timeout = 3000ms (default)
2019-09-21 03:25:02,247 [main] INFO  server.RaftServerConfigKeys (ConfUtils.java:logGet(43)) - raft.server.storage.dir = [/workdir/hadoop-ozone/integration-test/target/test-dir/MiniOzoneClusterImpl-49ccd39e-0a95-490c-a5ec-4c0d204ae341/datanode-6/data/ratis] (custom)
2019-09-21 03:25:02,248 [main] INFO  hdfs.DFSUtil (DFSUtil.java:httpServerTemplateForNNAndJN(1641)) - Starting Web-server for hddsDatanode at: http://0.0.0.0:0
2019-09-21 03:25:02,249 [main] INFO  server.AuthenticationFilter (AuthenticationFilter.java:constructSecretProvider(240)) - Unable to initialize FileSignerSecretProvider, falling back to use random secrets.
2019-09-21 03:25:02,249 [main] WARN  http.HttpRequestLog (HttpRequestLog.java:getRequestLog(97)) - Jetty request log can only be enabled using Log4j
2019-09-21 03:25:02,251 [main] INFO  http.HttpServer2 (HttpServer2.java:addGlobalFilter(975)) - Added global filter 'safety' (class=org.apache.hadoop.http.HttpServer2$QuotingInputFilter)
2019-09-21 03:25:02,251 [main] INFO  http.HttpServer2 (HttpServer2.java:addFilter(948)) - Added filter static_user_filter (class=org.apache.hadoop.http.lib.StaticUserWebFilter$StaticUserFilter) to context hddsDatanode
2019-09-21 03:25:02,251 [main] INFO  http.HttpServer2 (HttpServer2.java:addFilter(958)) - Added filter static_user_filter (class=org.apache.hadoop.http.lib.StaticUserWebFilter$StaticUserFilter) to context static
2019-09-21 03:25:02,251 [main] INFO  http.HttpServer2 (HttpServer2.java:addFilter(958)) - Added filter static_user_filter (class=org.apache.hadoop.http.lib.StaticUserWebFilter$StaticUserFilter) to context logs
2019-09-21 03:25:02,252 [main] INFO  http.HttpServer2 (HttpServer2.java:bindListener(1191)) - Jetty bound to port 43323
2019-09-21 03:25:02,252 [main] INFO  server.Server (Server.java:doStart(351)) - jetty-9.3.24.v20180605, build timestamp: 2018-06-05T17:11:56Z, git hash: 84205aa28f11a4f31f2a3b86d1bba2cc8ab69827
2019-09-21 03:25:02,253 [main] INFO  handler.ContextHandler (ContextHandler.java:doStart(781)) - Started o.e.j.s.ServletContextHandler@1b1e1f02{/logs,file:///workdir/hadoop-ozone/integration-test/target/log,AVAILABLE}
2019-09-21 03:25:02,253 [main] INFO  handler.ContextHandler (ContextHandler.java:doStart(781)) - Started o.e.j.s.ServletContextHandler@5c5f0edc{/static,jar:file:/home/user/.m2/repository/org/apache/hadoop/hadoop-hdds-container-service/0.5.0-SNAPSHOT/hadoop-hdds-container-service-0.5.0-SNAPSHOT.jar!/webapps/static,AVAILABLE}
2019-09-21 03:25:02,278 [main] INFO  handler.ContextHandler (ContextHandler.java:doStart(781)) - Started o.e.j.w.WebAppContext@4bfa5eb9{/,file:///tmp/jetty-0.0.0.0-43323-hddsDatanode-_-any-4427043975945831237.dir/webapp/,AVAILABLE}{/hddsDatanode}
2019-09-21 03:25:02,278 [main] INFO  server.AbstractConnector (AbstractConnector.java:doStart(278)) - Started ServerConnector@2a2b7a35{HTTP/1.1,[http/1.1]}{0.0.0.0:43323}
2019-09-21 03:25:02,278 [main] INFO  server.Server (Server.java:doStart(419)) - Started @619804ms
2019-09-21 03:25:02,280 [main] WARN  impl.MetricsSystemImpl (MetricsSystemImpl.java:register(276)) - Sink prometheus already exists!
2019-09-21 03:25:02,281 [main] INFO  server.BaseHttpServer (BaseHttpServer.java:updateConnectorAddress(215)) - HTTP server of HDDSDATANODE is listening at http://0.0.0.0:43323
2019-09-21 03:25:02,281 [main] INFO  ozone.MiniOzoneClusterImpl (MiniOzoneClusterImpl.java:lambda$waitForClusterToBeReady$0(147)) - Waiting for cluster to be ready. Got 0 of 7 DN Heartbeats.
2019-09-21 03:25:02,282 [org.apache.hadoop.util.JvmPauseMonitor$Monitor@4c930007] INFO  util.JvmPauseMonitor (JvmPauseMonitor.java:run(188)) - Starting JVM pause monitor
2019-09-21 03:25:02,283 [Datanode State Machine Thread - 0] INFO  datanode.InitDatanodeState (InitDatanodeState.java:persistContainerDatanodeDetails(140)) - DatanodeDetails is persisted to /workdir/hadoop-ozone/integration-test/target/test-dir/MiniOzoneClusterImpl-49ccd39e-0a95-490c-a5ec-4c0d204ae341/datanode-6/meta/datanode.id
2019-09-21 03:25:03,282 [main] INFO  ozone.MiniOzoneClusterImpl (MiniOzoneClusterImpl.java:lambda$waitForClusterToBeReady$0(147)) - Waiting for cluster to be ready. Got 0 of 7 DN Heartbeats.
2019-09-21 03:25:03,963 [Datanode State Machine Thread - 0] INFO  ozoneimpl.OzoneContainer (OzoneContainer.java:start(217)) - Attempting to start container services.
2019-09-21 03:25:03,963 [Datanode State Machine Thread - 0] INFO  ozoneimpl.OzoneContainer (OzoneContainer.java:startContainerScrub(179)) - Background container scanner has been disabled.
2019-09-21 03:25:03,963 [Datanode State Machine Thread - 0] INFO  ratis.XceiverServerRatis (XceiverServerRatis.java:start(411)) - Starting XceiverServerRatis f01278b1-302b-4b97-a762-59556b6cd5ae at port 0
2019-09-21 03:25:03,970 [Datanode State Machine Thread - 0] INFO  impl.RaftServerProxy (RaftServerProxy.java:lambda$start$3(299)) - f01278b1-302b-4b97-a762-59556b6cd5ae: start RPC server
2019-09-21 03:25:03,980 [Datanode State Machine Thread - 0] INFO  server.GrpcService (GrpcService.java:startImpl(158)) - f01278b1-302b-4b97-a762-59556b6cd5ae: GrpcService started, listening on 0.0.0.0/0.0.0.0:36478
2019-09-21 03:25:03,981 [Datanode State Machine Thread - 0] INFO  ratis.XceiverServerRatis (XceiverServerRatis.java:start(421)) - XceiverServerRatis f01278b1-302b-4b97-a762-59556b6cd5ae is started using port 36478
2019-09-21 03:25:03,981 [Datanode State Machine Thread - 0] INFO  server.XceiverServerGrpc (XceiverServerGrpc.java:start(149)) - XceiverServerGrpc f01278b1-302b-4b97-a762-59556b6cd5ae is started using port 41272
2019-09-21 03:25:04,000 [Datanode State Machine Thread - 0] INFO  ozoneimpl.OzoneContainer (OzoneContainer.java:start(217)) - Attempting to start container services.
2019-09-21 03:25:04,001 [Datanode State Machine Thread - 0] INFO  ozoneimpl.OzoneContainer (OzoneContainer.java:startContainerScrub(179)) - Background container scanner has been disabled.
2019-09-21 03:25:04,001 [Datanode State Machine Thread - 0] INFO  ratis.XceiverServerRatis (XceiverServerRatis.java:start(411)) - Starting XceiverServerRatis ff40d98d-bff3-4f16-9b72-99b239e19c82 at port 0
2019-09-21 03:25:04,007 [Datanode State Machine Thread - 0] INFO  impl.RaftServerProxy (RaftServerProxy.java:lambda$start$3(299)) - ff40d98d-bff3-4f16-9b72-99b239e19c82: start RPC server
2019-09-21 03:25:04,009 [Datanode State Machine Thread - 0] INFO  server.GrpcService (GrpcService.java:startImpl(158)) - ff40d98d-bff3-4f16-9b72-99b239e19c82: GrpcService started, listening on 0.0.0.0/0.0.0.0:42337
2019-09-21 03:25:04,009 [Datanode State Machine Thread - 0] INFO  ratis.XceiverServerRatis (XceiverServerRatis.java:start(421)) - XceiverServerRatis ff40d98d-bff3-4f16-9b72-99b239e19c82 is started using port 42337
2019-09-21 03:25:04,010 [Datanode State Machine Thread - 0] INFO  server.XceiverServerGrpc (XceiverServerGrpc.java:start(149)) - XceiverServerGrpc ff40d98d-bff3-4f16-9b72-99b239e19c82 is started using port 38338
2019-09-21 03:25:04,067 [Datanode State Machine Thread - 0] INFO  ozoneimpl.OzoneContainer (OzoneContainer.java:start(217)) - Attempting to start container services.
2019-09-21 03:25:04,067 [Datanode State Machine Thread - 0] INFO  ozoneimpl.OzoneContainer (OzoneContainer.java:startContainerScrub(179)) - Background container scanner has been disabled.
2019-09-21 03:25:04,067 [Datanode State Machine Thread - 0] INFO  ratis.XceiverServerRatis (XceiverServerRatis.java:start(411)) - Starting XceiverServerRatis 13e42e29-0b35-4bd9-9d07-0e801b0bf72d at port 0
2019-09-21 03:25:04,073 [Datanode State Machine Thread - 0] INFO  impl.RaftServerProxy (RaftServerProxy.java:lambda$start$3(299)) - 13e42e29-0b35-4bd9-9d07-0e801b0bf72d: start RPC server
2019-09-21 03:25:04,074 [Datanode State Machine Thread - 0] INFO  server.GrpcService (GrpcService.java:startImpl(158)) - 13e42e29-0b35-4bd9-9d07-0e801b0bf72d: GrpcService started, listening on 0.0.0.0/0.0.0.0:44151
2019-09-21 03:25:04,074 [Datanode State Machine Thread - 0] INFO  ratis.XceiverServerRatis (XceiverServerRatis.java:start(421)) - XceiverServerRatis 13e42e29-0b35-4bd9-9d07-0e801b0bf72d is started using port 44151
2019-09-21 03:25:04,074 [Datanode State Machine Thread - 0] INFO  server.XceiverServerGrpc (XceiverServerGrpc.java:start(149)) - XceiverServerGrpc 13e42e29-0b35-4bd9-9d07-0e801b0bf72d is started using port 38174
2019-09-21 03:25:04,133 [Datanode State Machine Thread - 0] INFO  ozoneimpl.OzoneContainer (OzoneContainer.java:start(217)) - Attempting to start container services.
2019-09-21 03:25:04,133 [Datanode State Machine Thread - 0] INFO  ozoneimpl.OzoneContainer (OzoneContainer.java:startContainerScrub(179)) - Background container scanner has been disabled.
2019-09-21 03:25:04,133 [Datanode State Machine Thread - 0] INFO  ratis.XceiverServerRatis (XceiverServerRatis.java:start(411)) - Starting XceiverServerRatis 7ca5dcda-481a-4746-825e-0b0407a7007f at port 0
2019-09-21 03:25:04,140 [Datanode State Machine Thread - 0] INFO  impl.RaftServerProxy (RaftServerProxy.java:lambda$start$3(299)) - 7ca5dcda-481a-4746-825e-0b0407a7007f: start RPC server
2019-09-21 03:25:04,143 [Datanode State Machine Thread - 0] INFO  server.GrpcService (GrpcService.java:startImpl(158)) - 7ca5dcda-481a-4746-825e-0b0407a7007f: GrpcService started, listening on 0.0.0.0/0.0.0.0:34413
2019-09-21 03:25:04,143 [Datanode State Machine Thread - 0] INFO  ratis.XceiverServerRatis (XceiverServerRatis.java:start(421)) - XceiverServerRatis 7ca5dcda-481a-4746-825e-0b0407a7007f is started using port 34413
2019-09-21 03:25:04,144 [Datanode State Machine Thread - 0] INFO  server.XceiverServerGrpc (XceiverServerGrpc.java:start(149)) - XceiverServerGrpc 7ca5dcda-481a-4746-825e-0b0407a7007f is started using port 39416
2019-09-21 03:25:04,182 [Datanode State Machine Thread - 0] INFO  ozoneimpl.OzoneContainer (OzoneContainer.java:start(217)) - Attempting to start container services.
2019-09-21 03:25:04,183 [Datanode State Machine Thread - 0] INFO  ozoneimpl.OzoneContainer (OzoneContainer.java:startContainerScrub(179)) - Background container scanner has been disabled.
2019-09-21 03:25:04,183 [Datanode State Machine Thread - 0] INFO  ratis.XceiverServerRatis (XceiverServerRatis.java:start(411)) - Starting XceiverServerRatis de978da9-86a0-48f2-b522-8b80f701b0e5 at port 0
2019-09-21 03:25:04,188 [Datanode State Machine Thread - 0] INFO  impl.RaftServerProxy (RaftServerProxy.java:lambda$start$3(299)) - de978da9-86a0-48f2-b522-8b80f701b0e5: start RPC server
2019-09-21 03:25:04,191 [Datanode State Machine Thread - 0] INFO  server.GrpcService (GrpcService.java:startImpl(158)) - de978da9-86a0-48f2-b522-8b80f701b0e5: GrpcService started, listening on 0.0.0.0/0.0.0.0:34337
2019-09-21 03:25:04,191 [Datanode State Machine Thread - 0] INFO  ratis.XceiverServerRatis (XceiverServerRatis.java:start(421)) - XceiverServerRatis de978da9-86a0-48f2-b522-8b80f701b0e5 is started using port 34337
2019-09-21 03:25:04,192 [Datanode State Machine Thread - 0] INFO  server.XceiverServerGrpc (XceiverServerGrpc.java:start(149)) - XceiverServerGrpc de978da9-86a0-48f2-b522-8b80f701b0e5 is started using port 33483
2019-09-21 03:25:04,260 [Datanode State Machine Thread - 0] INFO  ozoneimpl.OzoneContainer (OzoneContainer.java:start(217)) - Attempting to start container services.
2019-09-21 03:25:04,260 [Datanode State Machine Thread - 0] INFO  ozoneimpl.OzoneContainer (OzoneContainer.java:startContainerScrub(179)) - Background container scanner has been disabled.
2019-09-21 03:25:04,260 [Datanode State Machine Thread - 0] INFO  ratis.XceiverServerRatis (XceiverServerRatis.java:start(411)) - Starting XceiverServerRatis e893f503-ce9f-499b-9cc7-29bacfc11840 at port 0
2019-09-21 03:25:04,265 [Datanode State Machine Thread - 0] INFO  impl.RaftServerProxy (RaftServerProxy.java:lambda$start$3(299)) - e893f503-ce9f-499b-9cc7-29bacfc11840: start RPC server
2019-09-21 03:25:04,266 [Datanode State Machine Thread - 0] INFO  server.GrpcService (GrpcService.java:startImpl(158)) - e893f503-ce9f-499b-9cc7-29bacfc11840: GrpcService started, listening on 0.0.0.0/0.0.0.0:35739
2019-09-21 03:25:04,266 [Datanode State Machine Thread - 0] INFO  ratis.XceiverServerRatis (XceiverServerRatis.java:start(421)) - XceiverServerRatis e893f503-ce9f-499b-9cc7-29bacfc11840 is started using port 35739
2019-09-21 03:25:04,266 [Datanode State Machine Thread - 0] INFO  server.XceiverServerGrpc (XceiverServerGrpc.java:start(149)) - XceiverServerGrpc e893f503-ce9f-499b-9cc7-29bacfc11840 is started using port 46383
2019-09-21 03:25:04,282 [main] INFO  ozone.MiniOzoneClusterImpl (MiniOzoneClusterImpl.java:lambda$waitForClusterToBeReady$0(147)) - Waiting for cluster to be ready. Got 0 of 7 DN Heartbeats.
2019-09-21 03:25:04,304 [Datanode State Machine Thread - 0] INFO  ozoneimpl.OzoneContainer (OzoneContainer.java:start(217)) - Attempting to start container services.
2019-09-21 03:25:04,304 [Datanode State Machine Thread - 0] INFO  ozoneimpl.OzoneContainer (OzoneContainer.java:startContainerScrub(179)) - Background container scanner has been disabled.
2019-09-21 03:25:04,304 [Datanode State Machine Thread - 0] INFO  ratis.XceiverServerRatis (XceiverServerRatis.java:start(411)) - Starting XceiverServerRatis 43f24444-fa9f-41f4-ae9a-436f4803900c at port 0
2019-09-21 03:25:04,310 [Datanode State Machine Thread - 0] INFO  impl.RaftServerProxy (RaftServerProxy.java:lambda$start$3(299)) - 43f24444-fa9f-41f4-ae9a-436f4803900c: start RPC server
2019-09-21 03:25:04,311 [Datanode State Machine Thread - 0] INFO  server.GrpcService (GrpcService.java:startImpl(158)) - 43f24444-fa9f-41f4-ae9a-436f4803900c: GrpcService started, listening on 0.0.0.0/0.0.0.0:38765
2019-09-21 03:25:04,311 [Datanode State Machine Thread - 0] INFO  ratis.XceiverServerRatis (XceiverServerRatis.java:start(421)) - XceiverServerRatis 43f24444-fa9f-41f4-ae9a-436f4803900c is started using port 38765
2019-09-21 03:25:04,314 [Datanode State Machine Thread - 0] INFO  server.XceiverServerGrpc (XceiverServerGrpc.java:start(149)) - XceiverServerGrpc 43f24444-fa9f-41f4-ae9a-436f4803900c is started using port 46150
2019-09-21 03:25:05,283 [main] INFO  ozone.MiniOzoneClusterImpl (MiniOzoneClusterImpl.java:lambda$waitForClusterToBeReady$0(147)) - Waiting for cluster to be ready. Got 0 of 7 DN Heartbeats.
2019-09-21 03:25:05,931 [IPC Server handler 0 on 45455] INFO  net.NetworkTopology (NetworkTopologyImpl.java:add(111)) - Added a new node: /default-rack/f01278b1-302b-4b97-a762-59556b6cd5ae
2019-09-21 03:25:05,934 [IPC Server handler 0 on 45455] INFO  node.SCMNodeManager (SCMNodeManager.java:register(266)) - Registered Data node : f01278b1-302b-4b97-a762-59556b6cd5ae{ip: 192.168.36.122, host: pr-hdds-2161-42js2-1613171706, networkLocation: /default-rack, certSerialId: null}
2019-09-21 03:25:05,935 [EventQueue-NodeRegistrationContainerReportForDataNodeSafeModeRule] INFO  safemode.SCMSafeModeManager (DataNodeSafeModeRule.java:process(71)) - SCM in safe mode. 1 DataNodes registered, 1 required.
2019-09-21 03:25:05,937 [EventQueue-NodeRegistrationContainerReportForDataNodeSafeModeRule] INFO  safemode.SCMSafeModeManager (SCMSafeModeManager.java:validateSafeModeExitRules(177)) - ScmSafeModeManager, all rules are successfully validated
2019-09-21 03:25:05,937 [EventQueue-NodeRegistrationContainerReportForDataNodeSafeModeRule] INFO  safemode.SCMSafeModeManager (SCMSafeModeManager.java:exitSafeMode(193)) - SCM exiting safe mode.
2019-09-21 03:25:05,951 [grpc-default-executor-4] INFO  impl.RaftServerProxy (RaftServerProxy.java:addNew(89)) - f01278b1-302b-4b97-a762-59556b6cd5ae: addNew group-FFD40A504C4E:[f01278b1-302b-4b97-a762-59556b6cd5ae:192.168.36.122:36478] returns group-FFD40A504C4E:java.util.concurrent.CompletableFuture@3e1304f7[Not completed]
2019-09-21 03:25:05,953 [pool-589-thread-1] INFO  impl.RaftServerImpl (RaftServerImpl.java:<init>(95)) - f01278b1-302b-4b97-a762-59556b6cd5ae: new RaftServerImpl for group-FFD40A504C4E:[f01278b1-302b-4b97-a762-59556b6cd5ae:192.168.36.122:36478] with ContainerStateMachine:uninitialized
2019-09-21 03:25:05,953 [pool-589-thread-1] INFO  server.RaftServerConfigKeys (ConfUtils.java:logGet(43)) - raft.server.rpc.timeout.min = 5s (custom)
2019-09-21 03:25:05,953 [pool-589-thread-1] INFO  server.RaftServerConfigKeys (ConfUtils.java:logGet(43)) - raft.server.rpc.timeout.max = 5200ms (custom)
2019-09-21 03:25:05,953 [pool-589-thread-1] INFO  server.RaftServerConfigKeys (ConfUtils.java:logGet(43)) - raft.server.rpcslowness.timeout = 120s (custom)
2019-09-21 03:25:05,953 [pool-589-thread-1] INFO  server.RaftServerConfigKeys (ConfUtils.java:logGet(43)) - raft.server.sleep.deviation.threshold = 300 (default)
2019-09-21 03:25:05,954 [pool-589-thread-1] INFO  server.RaftServerConfigKeys (ConfUtils.java:logGet(43)) - raft.server.log.appender.install.snapshot.enabled = false (custom)
2019-09-21 03:25:05,954 [pool-589-thread-1] INFO  impl.RaftServerImpl (ServerState.java:<init>(103)) - f01278b1-302b-4b97-a762-59556b6cd5ae@group-FFD40A504C4E: ConfigurationManager, init=-1: [f01278b1-302b-4b97-a762-59556b6cd5ae:192.168.36.122:36478], old=null, confs=<EMPTY_MAP>
2019-09-21 03:25:05,954 [pool-589-thread-1] INFO  server.RaftServerConfigKeys (ConfUtils.java:logGet(43)) - raft.server.storage.dir = [/workdir/hadoop-ozone/integration-test/target/test-dir/MiniOzoneClusterImpl-49ccd39e-0a95-490c-a5ec-4c0d204ae341/datanode-0/data/ratis] (custom)
2019-09-21 03:25:05,954 [pool-589-thread-1] INFO  storage.RaftStorageDirectory (RaftStorageDirectory.java:analyzeStorage(246)) - The storage directory /workdir/hadoop-ozone/integration-test/target/test-dir/MiniOzoneClusterImpl-49ccd39e-0a95-490c-a5ec-4c0d204ae341/datanode-0/data/ratis/a38d0949-f9b1-49b8-85a6-ffd40a504c4e does not exist. Creating ...
2019-09-21 03:25:05,983 [pool-589-thread-1] INFO  storage.RaftStorageDirectory (RaftStorageDirectory.java:tryLock(328)) - Lock on /workdir/hadoop-ozone/integration-test/target/test-dir/MiniOzoneClusterImpl-49ccd39e-0a95-490c-a5ec-4c0d204ae341/datanode-0/data/ratis/a38d0949-f9b1-49b8-85a6-ffd40a504c4e/in_use.lock acquired by nodename 24290@pr-hdds-2161-42js2-1613171706
2019-09-21 03:25:05,986 [IPC Server handler 1 on 45455] INFO  net.NetworkTopology (NetworkTopologyImpl.java:add(111)) - Added a new node: /default-rack/ff40d98d-bff3-4f16-9b72-99b239e19c82
2019-09-21 03:25:05,986 [IPC Server handler 1 on 45455] INFO  node.SCMNodeManager (SCMNodeManager.java:register(266)) - Registered Data node : ff40d98d-bff3-4f16-9b72-99b239e19c82{ip: 192.168.36.122, host: pr-hdds-2161-42js2-1613171706, networkLocation: /default-rack, certSerialId: null}
2019-09-21 03:25:06,010 [pool-589-thread-1] INFO  storage.RaftStorage (RaftStorage.java:format(72)) - Storage directory /workdir/hadoop-ozone/integration-test/target/test-dir/MiniOzoneClusterImpl-49ccd39e-0a95-490c-a5ec-4c0d204ae341/datanode-0/data/ratis/a38d0949-f9b1-49b8-85a6-ffd40a504c4e has been successfully formatted.
2019-09-21 03:25:06,010 [pool-589-thread-1] INFO  ratis.ContainerStateMachine (ContainerStateMachine.java:loadSnapshot(230)) - group-FFD40A504C4E: The snapshot info is null. Setting the last applied indexto:(t:0, i:~)
2019-09-21 03:25:06,010 [pool-589-thread-1] INFO  server.RaftServerConfigKeys (ConfUtils.java:logGet(43)) - raft.server.notification.no-leader.timeout = 120s (custom)
2019-09-21 03:25:06,010 [pool-589-thread-1] INFO  server.RaftServerConfigKeys (ConfUtils.java:logGet(43)) - raft.server.log.use.memory = false (default)
2019-09-21 03:25:06,011 [pool-589-thread-1] INFO  server.RaftServerConfigKeys (ConfUtils.java:logGet(43)) - raft.server.log.purge.gap = 1000000 (custom)
2019-09-21 03:25:06,011 [pool-589-thread-1] INFO  server.RaftServerConfigKeys (ConfUtils.java:logGet(43)) - raft.server.log.appender.buffer.byte-limit = 33554432 (custom)
2019-09-21 03:25:06,011 [pool-589-thread-1] INFO  server.RaftServerConfigKeys (ConfUtils.java:logGet(43)) - raft.server.log.segment.size.max = 1048576 (custom)
2019-09-21 03:25:06,011 [pool-589-thread-1] INFO  server.RaftServerConfigKeys (ConfUtils.java:logGet(43)) - raft.server.log.segment.cache.num.max = 2 (custom)
2019-09-21 03:25:06,011 [pool-589-thread-1] INFO  segmented.SegmentedRaftLogWorker (SegmentedRaftLogWorker.java:<init>(172)) - new f01278b1-302b-4b97-a762-59556b6cd5ae@group-FFD40A504C4E-SegmentedRaftLogWorker for RaftStorage:Storage Directory /workdir/hadoop-ozone/integration-test/target/test-dir/MiniOzoneClusterImpl-49ccd39e-0a95-490c-a5ec-4c0d204ae341/datanode-0/data/ratis/a38d0949-f9b1-49b8-85a6-ffd40a504c4e
2019-09-21 03:25:06,013 [pool-589-thread-1] INFO  server.RaftServerConfigKeys (ConfUtils.java:logGet(43)) - raft.server.log.queue.byte-limit = 2147483647 (custom)
2019-09-21 03:25:06,013 [pool-589-thread-1] INFO  server.RaftServerConfigKeys (ConfUtils.java:logGet(43)) - raft.server.log.queue.element-limit = 1024 (custom)
2019-09-21 03:25:06,013 [pool-589-thread-1] INFO  server.RaftServerConfigKeys (ConfUtils.java:logGet(43)) - raft.server.log.segment.size.max = 1048576 (custom)
2019-09-21 03:25:06,013 [pool-589-thread-1] INFO  server.RaftServerConfigKeys (ConfUtils.java:logGet(43)) - raft.server.log.preallocated.size = 16384 (custom)
2019-09-21 03:25:06,013 [pool-589-thread-1] INFO  server.RaftServerConfigKeys (ConfUtils.java:logGet(43)) - raft.server.log.write.buffer.size = 33554432 (custom)
2019-09-21 03:25:06,014 [pool-589-thread-1] INFO  server.RaftServerConfigKeys (ConfUtils.java:logGet(43)) - raft.server.log.force.sync.num = 128 (default)
2019-09-21 03:25:06,014 [pool-589-thread-1] INFO  server.RaftServerConfigKeys (ConfUtils.java:logGet(43)) - raft.server.log.statemachine.data.sync = true (default)
2019-09-21 03:25:06,014 [pool-589-thread-1] INFO  server.RaftServerConfigKeys (ConfUtils.java:logGet(43)) - raft.server.log.statemachine.data.sync.timeout = 10s (default)
2019-09-21 03:25:06,014 [pool-589-thread-1] INFO  server.RaftServerConfigKeys (ConfUtils.java:logGet(43)) - raft.server.log.statemachine.data.sync.timeout.retry = -1 (default)
2019-09-21 03:25:06,014 [pool-589-thread-1] INFO  server.RaftServerConfigKeys (ConfUtils.java:logGet(43)) - raft.server.log.statemachine.data.caching.enabled = true (custom)
2019-09-21 03:25:06,015 [pool-589-thread-1] INFO  segmented.SegmentedRaftLogWorker (SegmentedRaftLogWorker.java:lambda$new$0(132)) - f01278b1-302b-4b97-a762-59556b6cd5ae@group-FFD40A504C4E-SegmentedRaftLogWorker: flushIndex: setUnconditionally 0 -> -1
2019-09-21 03:25:06,015 [pool-589-thread-1] INFO  server.RaftServerConfigKeys (ConfUtils.java:logGet(43)) - raft.server.snapshot.auto.trigger.enabled = true (custom)
2019-09-21 03:25:06,015 [pool-589-thread-1] INFO  server.RaftServerConfigKeys (ConfUtils.java:logGet(43)) - raft.server.snapshot.auto.trigger.threshold = 10000 (custom)
2019-09-21 03:25:06,016 [pool-589-thread-1] INFO  server.RaftServerConfigKeys (ConfUtils.java:logGet(43)) - raft.server.snapshot.retention.num.files = 5 (custom)
2019-09-21 03:25:06,016 [pool-589-thread-1] INFO  server.RaftServerConfigKeys (ConfUtils.java:logGet(43)) - raft.server.retrycache.expirytime = 600000ms (custom)
2019-09-21 03:25:06,017 [pool-589-thread-1] INFO  impl.RaftServerImpl (RaftServerImpl.java:start(185)) - f01278b1-302b-4b97-a762-59556b6cd5ae@group-FFD40A504C4E: start as a follower, conf=-1: [f01278b1-302b-4b97-a762-59556b6cd5ae:192.168.36.122:36478], old=null
2019-09-21 03:25:06,017 [pool-589-thread-1] INFO  impl.RaftServerImpl (RaftServerImpl.java:setRole(174)) - f01278b1-302b-4b97-a762-59556b6cd5ae@group-FFD40A504C4E: changes role from      null to FOLLOWER at term 0 for startAsFollower
2019-09-21 03:25:06,017 [pool-589-thread-1] INFO  impl.RoleInfo (RoleInfo.java:updateAndGet(143)) - f01278b1-302b-4b97-a762-59556b6cd5ae: start FollowerState
2019-09-21 03:25:06,018 [pool-589-thread-1] INFO  util.JmxRegister (JmxRegister.java:tryRegister(44)) - Successfully registered JMX Bean with object name Ratis:service=RaftServer,group=group-FFD40A504C4E,id=f01278b1-302b-4b97-a762-59556b6cd5ae
2019-09-21 03:25:06,026 [RatisPipelineUtilsThread] INFO  pipeline.PipelineStateManager (PipelineStateManager.java:addPipeline(56)) - Created pipeline Pipeline[ Id: a38d0949-f9b1-49b8-85a6-ffd40a504c4e, Nodes: f01278b1-302b-4b97-a762-59556b6cd5ae{ip: 192.168.36.122, host: pr-hdds-2161-42js2-1613171706, networkLocation: /default-rack, certSerialId: null}, Type:RATIS, Factor:ONE, State:OPEN]
2019-09-21 03:25:06,044 [IPC Server handler 5 on 45455] INFO  net.NetworkTopology (NetworkTopologyImpl.java:add(111)) - Added a new node: /default-rack/13e42e29-0b35-4bd9-9d07-0e801b0bf72d
2019-09-21 03:25:06,044 [IPC Server handler 5 on 45455] INFO  node.SCMNodeManager (SCMNodeManager.java:register(266)) - Registered Data node : 13e42e29-0b35-4bd9-9d07-0e801b0bf72d{ip: 192.168.36.122, host: pr-hdds-2161-42js2-1613171706, networkLocation: /default-rack, certSerialId: null}
2019-09-21 03:25:06,049 [grpc-default-executor-4] INFO  impl.RaftServerProxy (RaftServerProxy.java:addNew(89)) - ff40d98d-bff3-4f16-9b72-99b239e19c82: addNew group-213B79B88273:[ff40d98d-bff3-4f16-9b72-99b239e19c82:192.168.36.122:42337] returns group-213B79B88273:java.util.concurrent.CompletableFuture@60a02b10[Not completed]
2019-09-21 03:25:06,051 [pool-599-thread-1] INFO  impl.RaftServerImpl (RaftServerImpl.java:<init>(95)) - ff40d98d-bff3-4f16-9b72-99b239e19c82: new RaftServerImpl for group-213B79B88273:[ff40d98d-bff3-4f16-9b72-99b239e19c82:192.168.36.122:42337] with ContainerStateMachine:uninitialized
2019-09-21 03:25:06,051 [pool-599-thread-1] INFO  server.RaftServerConfigKeys (ConfUtils.java:logGet(43)) - raft.server.rpc.timeout.min = 5s (custom)
2019-09-21 03:25:06,051 [pool-599-thread-1] INFO  server.RaftServerConfigKeys (ConfUtils.java:logGet(43)) - raft.server.rpc.timeout.max = 5200ms (custom)
2019-09-21 03:25:06,051 [pool-599-thread-1] INFO  server.RaftServerConfigKeys (ConfUtils.java:logGet(43)) - raft.server.rpcslowness.timeout = 120s (custom)
2019-09-21 03:25:06,051 [pool-599-thread-1] INFO  server.RaftServerConfigKeys (ConfUtils.java:logGet(43)) - raft.server.sleep.deviation.threshold = 300 (default)
2019-09-21 03:25:06,051 [pool-599-thread-1] INFO  server.RaftServerConfigKeys (ConfUtils.java:logGet(43)) - raft.server.log.appender.install.snapshot.enabled = false (custom)
2019-09-21 03:25:06,051 [pool-599-thread-1] INFO  impl.RaftServerImpl (ServerState.java:<init>(103)) - ff40d98d-bff3-4f16-9b72-99b239e19c82@group-213B79B88273: ConfigurationManager, init=-1: [ff40d98d-bff3-4f16-9b72-99b239e19c82:192.168.36.122:42337], old=null, confs=<EMPTY_MAP>
2019-09-21 03:25:06,051 [pool-599-thread-1] INFO  server.RaftServerConfigKeys (ConfUtils.java:logGet(43)) - raft.server.storage.dir = [/workdir/hadoop-ozone/integration-test/target/test-dir/MiniOzoneClusterImpl-49ccd39e-0a95-490c-a5ec-4c0d204ae341/datanode-1/data/ratis] (custom)
2019-09-21 03:25:06,052 [pool-599-thread-1] INFO  storage.RaftStorageDirectory (RaftStorageDirectory.java:analyzeStorage(246)) - The storage directory /workdir/hadoop-ozone/integration-test/target/test-dir/MiniOzoneClusterImpl-49ccd39e-0a95-490c-a5ec-4c0d204ae341/datanode-1/data/ratis/d611eddf-eb8d-4d56-b884-213b79b88273 does not exist. Creating ...
2019-09-21 03:25:06,080 [pool-599-thread-1] INFO  storage.RaftStorageDirectory (RaftStorageDirectory.java:tryLock(328)) - Lock on /workdir/hadoop-ozone/integration-test/target/test-dir/MiniOzoneClusterImpl-49ccd39e-0a95-490c-a5ec-4c0d204ae341/datanode-1/data/ratis/d611eddf-eb8d-4d56-b884-213b79b88273/in_use.lock acquired by nodename 24290@pr-hdds-2161-42js2-1613171706
2019-09-21 03:25:06,093 [pool-599-thread-1] INFO  storage.RaftStorage (RaftStorage.java:format(72)) - Storage directory /workdir/hadoop-ozone/integration-test/target/test-dir/MiniOzoneClusterImpl-49ccd39e-0a95-490c-a5ec-4c0d204ae341/datanode-1/data/ratis/d611eddf-eb8d-4d56-b884-213b79b88273 has been successfully formatted.
2019-09-21 03:25:06,093 [pool-599-thread-1] INFO  ratis.ContainerStateMachine (ContainerStateMachine.java:loadSnapshot(230)) - group-213B79B88273: The snapshot info is null. Setting the last applied indexto:(t:0, i:~)
2019-09-21 03:25:06,093 [pool-599-thread-1] INFO  server.RaftServerConfigKeys (ConfUtils.java:logGet(43)) - raft.server.notification.no-leader.timeout = 120s (custom)
2019-09-21 03:25:06,093 [pool-599-thread-1] INFO  server.RaftServerConfigKeys (ConfUtils.java:logGet(43)) - raft.server.log.use.memory = false (default)
2019-09-21 03:25:06,094 [pool-599-thread-1] INFO  server.RaftServerConfigKeys (ConfUtils.java:logGet(43)) - raft.server.log.purge.gap = 1000000 (custom)
2019-09-21 03:25:06,094 [pool-599-thread-1] INFO  server.RaftServerConfigKeys (ConfUtils.java:logGet(43)) - raft.server.log.appender.buffer.byte-limit = 33554432 (custom)
2019-09-21 03:25:06,094 [pool-599-thread-1] INFO  server.RaftServerConfigKeys (ConfUtils.java:logGet(43)) - raft.server.log.segment.size.max = 1048576 (custom)
2019-09-21 03:25:06,094 [pool-599-thread-1] INFO  server.RaftServerConfigKeys (ConfUtils.java:logGet(43)) - raft.server.log.segment.cache.num.max = 2 (custom)
2019-09-21 03:25:06,094 [pool-599-thread-1] INFO  segmented.SegmentedRaftLogWorker (SegmentedRaftLogWorker.java:<init>(172)) - new ff40d98d-bff3-4f16-9b72-99b239e19c82@group-213B79B88273-SegmentedRaftLogWorker for RaftStorage:Storage Directory /workdir/hadoop-ozone/integration-test/target/test-dir/MiniOzoneClusterImpl-49ccd39e-0a95-490c-a5ec-4c0d204ae341/datanode-1/data/ratis/d611eddf-eb8d-4d56-b884-213b79b88273
2019-09-21 03:25:06,095 [pool-599-thread-1] INFO  server.RaftServerConfigKeys (ConfUtils.java:logGet(43)) - raft.server.log.queue.byte-limit = 2147483647 (custom)
2019-09-21 03:25:06,095 [pool-599-thread-1] INFO  server.RaftServerConfigKeys (ConfUtils.java:logGet(43)) - raft.server.log.queue.element-limit = 1024 (custom)
2019-09-21 03:25:06,095 [pool-599-thread-1] INFO  server.RaftServerConfigKeys (ConfUtils.java:logGet(43)) - raft.server.log.segment.size.max = 1048576 (custom)
2019-09-21 03:25:06,096 [pool-599-thread-1] INFO  server.RaftServerConfigKeys (ConfUtils.java:logGet(43)) - raft.server.log.preallocated.size = 16384 (custom)
2019-09-21 03:25:06,096 [pool-599-thread-1] INFO  server.RaftServerConfigKeys (ConfUtils.java:logGet(43)) - raft.server.log.write.buffer.size = 33554432 (custom)
2019-09-21 03:25:06,096 [pool-599-thread-1] INFO  server.RaftServerConfigKeys (ConfUtils.java:logGet(43)) - raft.server.log.force.sync.num = 128 (default)
2019-09-21 03:25:06,096 [pool-599-thread-1] INFO  server.RaftServerConfigKeys (ConfUtils.java:logGet(43)) - raft.server.log.statemachine.data.sync = true (default)
2019-09-21 03:25:06,096 [pool-599-thread-1] INFO  server.RaftServerConfigKeys (ConfUtils.java:logGet(43)) - raft.server.log.statemachine.data.sync.timeout = 10s (default)
2019-09-21 03:25:06,096 [pool-599-thread-1] INFO  server.RaftServerConfigKeys (ConfUtils.java:logGet(43)) - raft.server.log.statemachine.data.sync.timeout.retry = -1 (default)
2019-09-21 03:25:06,096 [pool-599-thread-1] INFO  server.RaftServerConfigKeys (ConfUtils.java:logGet(43)) - raft.server.log.statemachine.data.caching.enabled = true (custom)
2019-09-21 03:25:06,096 [pool-599-thread-1] INFO  segmented.SegmentedRaftLogWorker (SegmentedRaftLogWorker.java:lambda$new$0(132)) - ff40d98d-bff3-4f16-9b72-99b239e19c82@group-213B79B88273-SegmentedRaftLogWorker: flushIndex: setUnconditionally 0 -> -1
2019-09-21 03:25:06,097 [pool-599-thread-1] INFO  server.RaftServerConfigKeys (ConfUtils.java:logGet(43)) - raft.server.snapshot.auto.trigger.enabled = true (custom)
2019-09-21 03:25:06,097 [pool-599-thread-1] INFO  server.RaftServerConfigKeys (ConfUtils.java:logGet(43)) - raft.server.snapshot.auto.trigger.threshold = 10000 (custom)
2019-09-21 03:25:06,097 [pool-599-thread-1] INFO  server.RaftServerConfigKeys (ConfUtils.java:logGet(43)) - raft.server.snapshot.retention.num.files = 5 (custom)
2019-09-21 03:25:06,097 [pool-599-thread-1] INFO  server.RaftServerConfigKeys (ConfUtils.java:logGet(43)) - raft.server.retrycache.expirytime = 600000ms (custom)
2019-09-21 03:25:06,098 [pool-599-thread-1] INFO  impl.RaftServerImpl (RaftServerImpl.java:start(185)) - ff40d98d-bff3-4f16-9b72-99b239e19c82@group-213B79B88273: start as a follower, conf=-1: [ff40d98d-bff3-4f16-9b72-99b239e19c82:192.168.36.122:42337], old=null
2019-09-21 03:25:06,098 [pool-599-thread-1] INFO  impl.RaftServerImpl (RaftServerImpl.java:setRole(174)) - ff40d98d-bff3-4f16-9b72-99b239e19c82@group-213B79B88273: changes role from      null to FOLLOWER at term 0 for startAsFollower
2019-09-21 03:25:06,098 [pool-599-thread-1] INFO  impl.RoleInfo (RoleInfo.java:updateAndGet(143)) - ff40d98d-bff3-4f16-9b72-99b239e19c82: start FollowerState
2019-09-21 03:25:06,099 [pool-599-thread-1] INFO  util.JmxRegister (JmxRegister.java:tryRegister(44)) - Successfully registered JMX Bean with object name Ratis:service=RaftServer,group=group-213B79B88273,id=ff40d98d-bff3-4f16-9b72-99b239e19c82
2019-09-21 03:25:06,100 [RatisPipelineUtilsThread] INFO  pipeline.PipelineStateManager (PipelineStateManager.java:addPipeline(56)) - Created pipeline Pipeline[ Id: d611eddf-eb8d-4d56-b884-213b79b88273, Nodes: ff40d98d-bff3-4f16-9b72-99b239e19c82{ip: 192.168.36.122, host: pr-hdds-2161-42js2-1613171706, networkLocation: /default-rack, certSerialId: null}, Type:RATIS, Factor:ONE, State:OPEN]
2019-09-21 03:25:06,110 [grpc-default-executor-4] INFO  impl.RaftServerProxy (RaftServerProxy.java:addNew(89)) - 13e42e29-0b35-4bd9-9d07-0e801b0bf72d: addNew group-D4D821B172A6:[13e42e29-0b35-4bd9-9d07-0e801b0bf72d:192.168.36.122:44151] returns group-D4D821B172A6:java.util.concurrent.CompletableFuture@483d263a[Not completed]
2019-09-21 03:25:06,111 [IPC Server handler 4 on 45455] INFO  net.NetworkTopology (NetworkTopologyImpl.java:add(111)) - Added a new node: /default-rack/7ca5dcda-481a-4746-825e-0b0407a7007f
2019-09-21 03:25:06,111 [IPC Server handler 4 on 45455] INFO  node.SCMNodeManager (SCMNodeManager.java:register(266)) - Registered Data node : 7ca5dcda-481a-4746-825e-0b0407a7007f{ip: 192.168.36.122, host: pr-hdds-2161-42js2-1613171706, networkLocation: /default-rack, certSerialId: null}
2019-09-21 03:25:06,111 [pool-609-thread-1] INFO  impl.RaftServerImpl (RaftServerImpl.java:<init>(95)) - 13e42e29-0b35-4bd9-9d07-0e801b0bf72d: new RaftServerImpl for group-D4D821B172A6:[13e42e29-0b35-4bd9-9d07-0e801b0bf72d:192.168.36.122:44151] with ContainerStateMachine:uninitialized
2019-09-21 03:25:06,111 [pool-609-thread-1] INFO  server.RaftServerConfigKeys (ConfUtils.java:logGet(43)) - raft.server.rpc.timeout.min = 5s (custom)
2019-09-21 03:25:06,111 [pool-609-thread-1] INFO  server.RaftServerConfigKeys (ConfUtils.java:logGet(43)) - raft.server.rpc.timeout.max = 5200ms (custom)
2019-09-21 03:25:06,112 [pool-609-thread-1] INFO  server.RaftServerConfigKeys (ConfUtils.java:logGet(43)) - raft.server.rpcslowness.timeout = 120s (custom)
2019-09-21 03:25:06,112 [pool-609-thread-1] INFO  server.RaftServerConfigKeys (ConfUtils.java:logGet(43)) - raft.server.sleep.deviation.threshold = 300 (default)
2019-09-21 03:25:06,112 [pool-609-thread-1] INFO  server.RaftServerConfigKeys (ConfUtils.java:logGet(43)) - raft.server.log.appender.install.snapshot.enabled = false (custom)
2019-09-21 03:25:06,112 [pool-609-thread-1] INFO  impl.RaftServerImpl (ServerState.java:<init>(103)) - 13e42e29-0b35-4bd9-9d07-0e801b0bf72d@group-D4D821B172A6: ConfigurationManager, init=-1: [13e42e29-0b35-4bd9-9d07-0e801b0bf72d:192.168.36.122:44151], old=null, confs=<EMPTY_MAP>
2019-09-21 03:25:06,112 [pool-609-thread-1] INFO  server.RaftServerConfigKeys (ConfUtils.java:logGet(43)) - raft.server.storage.dir = [/workdir/hadoop-ozone/integration-test/target/test-dir/MiniOzoneClusterImpl-49ccd39e-0a95-490c-a5ec-4c0d204ae341/datanode-2/data/ratis] (custom)
2019-09-21 03:25:06,112 [pool-609-thread-1] INFO  storage.RaftStorageDirectory (RaftStorageDirectory.java:analyzeStorage(246)) - The storage directory /workdir/hadoop-ozone/integration-test/target/test-dir/MiniOzoneClusterImpl-49ccd39e-0a95-490c-a5ec-4c0d204ae341/datanode-2/data/ratis/a961e44c-dc85-4584-8b45-d4d821b172a6 does not exist. Creating ...
2019-09-21 03:25:06,138 [pool-609-thread-1] INFO  storage.RaftStorageDirectory (RaftStorageDirectory.java:tryLock(328)) - Lock on /workdir/hadoop-ozone/integration-test/target/test-dir/MiniOzoneClusterImpl-49ccd39e-0a95-490c-a5ec-4c0d204ae341/datanode-2/data/ratis/a961e44c-dc85-4584-8b45-d4d821b172a6/in_use.lock acquired by nodename 24290@pr-hdds-2161-42js2-1613171706
2019-09-21 03:25:06,164 [pool-609-thread-1] INFO  storage.RaftStorage (RaftStorage.java:format(72)) - Storage directory /workdir/hadoop-ozone/integration-test/target/test-dir/MiniOzoneClusterImpl-49ccd39e-0a95-490c-a5ec-4c0d204ae341/datanode-2/data/ratis/a961e44c-dc85-4584-8b45-d4d821b172a6 has been successfully formatted.
2019-09-21 03:25:06,165 [pool-609-thread-1] INFO  ratis.ContainerStateMachine (ContainerStateMachine.java:loadSnapshot(230)) - group-D4D821B172A6: The snapshot info is null. Setting the last applied indexto:(t:0, i:~)
2019-09-21 03:25:06,165 [pool-609-thread-1] INFO  server.RaftServerConfigKeys (ConfUtils.java:logGet(43)) - raft.server.notification.no-leader.timeout = 120s (custom)
2019-09-21 03:25:06,165 [pool-609-thread-1] INFO  server.RaftServerConfigKeys (ConfUtils.java:logGet(43)) - raft.server.log.use.memory = false (default)
2019-09-21 03:25:06,165 [pool-609-thread-1] INFO  server.RaftServerConfigKeys (ConfUtils.java:logGet(43)) - raft.server.log.purge.gap = 1000000 (custom)
2019-09-21 03:25:06,165 [pool-609-thread-1] INFO  server.RaftServerConfigKeys (ConfUtils.java:logGet(43)) - raft.server.log.appender.buffer.byte-limit = 33554432 (custom)
2019-09-21 03:25:06,165 [pool-609-thread-1] INFO  server.RaftServerConfigKeys (ConfUtils.java:logGet(43)) - raft.server.log.segment.size.max = 1048576 (custom)
2019-09-21 03:25:06,165 [pool-609-thread-1] INFO  server.RaftServerConfigKeys (ConfUtils.java:logGet(43)) - raft.server.log.segment.cache.num.max = 2 (custom)
2019-09-21 03:25:06,165 [pool-609-thread-1] INFO  segmented.SegmentedRaftLogWorker (SegmentedRaftLogWorker.java:<init>(172)) - new 13e42e29-0b35-4bd9-9d07-0e801b0bf72d@group-D4D821B172A6-SegmentedRaftLogWorker for RaftStorage:Storage Directory /workdir/hadoop-ozone/integration-test/target/test-dir/MiniOzoneClusterImpl-49ccd39e-0a95-490c-a5ec-4c0d204ae341/datanode-2/data/ratis/a961e44c-dc85-4584-8b45-d4d821b172a6
2019-09-21 03:25:06,167 [pool-609-thread-1] INFO  server.RaftServerConfigKeys (ConfUtils.java:logGet(43)) - raft.server.log.queue.byte-limit = 2147483647 (custom)
2019-09-21 03:25:06,167 [pool-609-thread-1] INFO  server.RaftServerConfigKeys (ConfUtils.java:logGet(43)) - raft.server.log.queue.element-limit = 1024 (custom)
2019-09-21 03:25:06,167 [pool-609-thread-1] INFO  server.RaftServerConfigKeys (ConfUtils.java:logGet(43)) - raft.server.log.segment.size.max = 1048576 (custom)
2019-09-21 03:25:06,167 [pool-609-thread-1] INFO  server.RaftServerConfigKeys (ConfUtils.java:logGet(43)) - raft.server.log.preallocated.size = 16384 (custom)
2019-09-21 03:25:06,168 [pool-609-thread-1] INFO  server.RaftServerConfigKeys (ConfUtils.java:logGet(43)) - raft.server.log.write.buffer.size = 33554432 (custom)
2019-09-21 03:25:06,168 [pool-609-thread-1] INFO  server.RaftServerConfigKeys (ConfUtils.java:logGet(43)) - raft.server.log.force.sync.num = 128 (default)
2019-09-21 03:25:06,168 [pool-609-thread-1] INFO  server.RaftServerConfigKeys (ConfUtils.java:logGet(43)) - raft.server.log.statemachine.data.sync = true (default)
2019-09-21 03:25:06,168 [pool-609-thread-1] INFO  server.RaftServerConfigKeys (ConfUtils.java:logGet(43)) - raft.server.log.statemachine.data.sync.timeout = 10s (default)
2019-09-21 03:25:06,168 [pool-609-thread-1] INFO  server.RaftServerConfigKeys (ConfUtils.java:logGet(43)) - raft.server.log.statemachine.data.sync.timeout.retry = -1 (default)
2019-09-21 03:25:06,168 [pool-609-thread-1] INFO  server.RaftServerConfigKeys (ConfUtils.java:logGet(43)) - raft.server.log.statemachine.data.caching.enabled = true (custom)
2019-09-21 03:25:06,169 [pool-609-thread-1] INFO  segmented.SegmentedRaftLogWorker (SegmentedRaftLogWorker.java:lambda$new$0(132)) - 13e42e29-0b35-4bd9-9d07-0e801b0bf72d@group-D4D821B172A6-SegmentedRaftLogWorker: flushIndex: setUnconditionally 0 -> -1
2019-09-21 03:25:06,169 [pool-609-thread-1] INFO  server.RaftServerConfigKeys (ConfUtils.java:logGet(43)) - raft.server.snapshot.auto.trigger.enabled = true (custom)
2019-09-21 03:25:06,169 [pool-609-thread-1] INFO  server.RaftServerConfigKeys (ConfUtils.java:logGet(43)) - raft.server.snapshot.auto.trigger.threshold = 10000 (custom)
2019-09-21 03:25:06,169 [pool-609-thread-1] INFO  server.RaftServerConfigKeys (ConfUtils.java:logGet(43)) - raft.server.snapshot.retention.num.files = 5 (custom)
2019-09-21 03:25:06,169 [pool-609-thread-1] INFO  server.RaftServerConfigKeys (ConfUtils.java:logGet(43)) - raft.server.retrycache.expirytime = 600000ms (custom)
2019-09-21 03:25:06,171 [pool-609-thread-1] INFO  impl.RaftServerImpl (RaftServerImpl.java:start(185)) - 13e42e29-0b35-4bd9-9d07-0e801b0bf72d@group-D4D821B172A6: start as a follower, conf=-1: [13e42e29-0b35-4bd9-9d07-0e801b0bf72d:192.168.36.122:44151], old=null
2019-09-21 03:25:06,171 [pool-609-thread-1] INFO  impl.RaftServerImpl (RaftServerImpl.java:setRole(174)) - 13e42e29-0b35-4bd9-9d07-0e801b0bf72d@group-D4D821B172A6: changes role from      null to FOLLOWER at term 0 for startAsFollower
2019-09-21 03:25:06,171 [pool-609-thread-1] INFO  impl.RoleInfo (RoleInfo.java:updateAndGet(143)) - 13e42e29-0b35-4bd9-9d07-0e801b0bf72d: start FollowerState
2019-09-21 03:25:06,171 [IPC Server handler 6 on 45455] INFO  net.NetworkTopology (NetworkTopologyImpl.java:add(111)) - Added a new node: /default-rack/de978da9-86a0-48f2-b522-8b80f701b0e5
2019-09-21 03:25:06,171 [IPC Server handler 6 on 45455] INFO  node.SCMNodeManager (SCMNodeManager.java:register(266)) - Registered Data node : de978da9-86a0-48f2-b522-8b80f701b0e5{ip: 192.168.36.122, host: pr-hdds-2161-42js2-1613171706, networkLocation: /default-rack, certSerialId: null}
2019-09-21 03:25:06,171 [pool-609-thread-1] INFO  util.JmxRegister (JmxRegister.java:tryRegister(44)) - Successfully registered JMX Bean with object name Ratis:service=RaftServer,group=group-D4D821B172A6,id=13e42e29-0b35-4bd9-9d07-0e801b0bf72d
2019-09-21 03:25:06,173 [RatisPipelineUtilsThread] INFO  pipeline.PipelineStateManager (PipelineStateManager.java:addPipeline(56)) - Created pipeline Pipeline[ Id: a961e44c-dc85-4584-8b45-d4d821b172a6, Nodes: 13e42e29-0b35-4bd9-9d07-0e801b0bf72d{ip: 192.168.36.122, host: pr-hdds-2161-42js2-1613171706, networkLocation: /default-rack, certSerialId: null}, Type:RATIS, Factor:ONE, State:OPEN]
2019-09-21 03:25:06,182 [grpc-default-executor-4] INFO  impl.RaftServerProxy (RaftServerProxy.java:addNew(89)) - 7ca5dcda-481a-4746-825e-0b0407a7007f: addNew group-4AEEC0BD01D8:[7ca5dcda-481a-4746-825e-0b0407a7007f:192.168.36.122:34413] returns group-4AEEC0BD01D8:java.util.concurrent.CompletableFuture@2682d55e[Not completed]
2019-09-21 03:25:06,183 [pool-619-thread-1] INFO  impl.RaftServerImpl (RaftServerImpl.java:<init>(95)) - 7ca5dcda-481a-4746-825e-0b0407a7007f: new RaftServerImpl for group-4AEEC0BD01D8:[7ca5dcda-481a-4746-825e-0b0407a7007f:192.168.36.122:34413] with ContainerStateMachine:uninitialized
2019-09-21 03:25:06,183 [pool-619-thread-1] INFO  server.RaftServerConfigKeys (ConfUtils.java:logGet(43)) - raft.server.rpc.timeout.min = 5s (custom)
2019-09-21 03:25:06,184 [pool-619-thread-1] INFO  server.RaftServerConfigKeys (ConfUtils.java:logGet(43)) - raft.server.rpc.timeout.max = 5200ms (custom)
2019-09-21 03:25:06,184 [pool-619-thread-1] INFO  server.RaftServerConfigKeys (ConfUtils.java:logGet(43)) - raft.server.rpcslowness.timeout = 120s (custom)
2019-09-21 03:25:06,184 [pool-619-thread-1] INFO  server.RaftServerConfigKeys (ConfUtils.java:logGet(43)) - raft.server.sleep.deviation.threshold = 300 (default)
2019-09-21 03:25:06,184 [pool-619-thread-1] INFO  server.RaftServerConfigKeys (ConfUtils.java:logGet(43)) - raft.server.log.appender.install.snapshot.enabled = false (custom)
2019-09-21 03:25:06,184 [pool-619-thread-1] INFO  impl.RaftServerImpl (ServerState.java:<init>(103)) - 7ca5dcda-481a-4746-825e-0b0407a7007f@group-4AEEC0BD01D8: ConfigurationManager, init=-1: [7ca5dcda-481a-4746-825e-0b0407a7007f:192.168.36.122:34413], old=null, confs=<EMPTY_MAP>
2019-09-21 03:25:06,184 [pool-619-thread-1] INFO  server.RaftServerConfigKeys (ConfUtils.java:logGet(43)) - raft.server.storage.dir = [/workdir/hadoop-ozone/integration-test/target/test-dir/MiniOzoneClusterImpl-49ccd39e-0a95-490c-a5ec-4c0d204ae341/datanode-3/data/ratis] (custom)
2019-09-21 03:25:06,185 [pool-619-thread-1] INFO  storage.RaftStorageDirectory (RaftStorageDirectory.java:analyzeStorage(246)) - The storage directory /workdir/hadoop-ozone/integration-test/target/test-dir/MiniOzoneClusterImpl-49ccd39e-0a95-490c-a5ec-4c0d204ae341/datanode-3/data/ratis/f45cf009-63a4-4a68-b356-4aeec0bd01d8 does not exist. Creating ...
2019-09-21 03:25:06,209 [pool-619-thread-1] INFO  storage.RaftStorageDirectory (RaftStorageDirectory.java:tryLock(328)) - Lock on /workdir/hadoop-ozone/integration-test/target/test-dir/MiniOzoneClusterImpl-49ccd39e-0a95-490c-a5ec-4c0d204ae341/datanode-3/data/ratis/f45cf009-63a4-4a68-b356-4aeec0bd01d8/in_use.lock acquired by nodename 24290@pr-hdds-2161-42js2-1613171706
2019-09-21 03:25:06,230 [IPC Server handler 2 on 45455] INFO  net.NetworkTopology (NetworkTopologyImpl.java:add(111)) - Added a new node: /default-rack/e893f503-ce9f-499b-9cc7-29bacfc11840
2019-09-21 03:25:06,230 [IPC Server handler 2 on 45455] INFO  node.SCMNodeManager (SCMNodeManager.java:register(266)) - Registered Data node : e893f503-ce9f-499b-9cc7-29bacfc11840{ip: 192.168.36.122, host: pr-hdds-2161-42js2-1613171706, networkLocation: /default-rack, certSerialId: null}
2019-09-21 03:25:06,235 [pool-619-thread-1] INFO  storage.RaftStorage (RaftStorage.java:format(72)) - Storage directory /workdir/hadoop-ozone/integration-test/target/test-dir/MiniOzoneClusterImpl-49ccd39e-0a95-490c-a5ec-4c0d204ae341/datanode-3/data/ratis/f45cf009-63a4-4a68-b356-4aeec0bd01d8 has been successfully formatted.
2019-09-21 03:25:06,235 [pool-619-thread-1] INFO  ratis.ContainerStateMachine (ContainerStateMachine.java:loadSnapshot(230)) - group-4AEEC0BD01D8: The snapshot info is null. Setting the last applied indexto:(t:0, i:~)
2019-09-21 03:25:06,235 [pool-619-thread-1] INFO  server.RaftServerConfigKeys (ConfUtils.java:logGet(43)) - raft.server.notification.no-leader.timeout = 120s (custom)
2019-09-21 03:25:06,235 [pool-619-thread-1] INFO  server.RaftServerConfigKeys (ConfUtils.java:logGet(43)) - raft.server.log.use.memory = false (default)
2019-09-21 03:25:06,235 [pool-619-thread-1] INFO  server.RaftServerConfigKeys (ConfUtils.java:logGet(43)) - raft.server.log.purge.gap = 1000000 (custom)
2019-09-21 03:25:06,235 [pool-619-thread-1] INFO  server.RaftServerConfigKeys (ConfUtils.java:logGet(43)) - raft.server.log.appender.buffer.byte-limit = 33554432 (custom)
2019-09-21 03:25:06,236 [pool-619-thread-1] INFO  server.RaftServerConfigKeys (ConfUtils.java:logGet(43)) - raft.server.log.segment.size.max = 1048576 (custom)
2019-09-21 03:25:06,236 [pool-619-thread-1] INFO  server.RaftServerConfigKeys (ConfUtils.java:logGet(43)) - raft.server.log.segment.cache.num.max = 2 (custom)
2019-09-21 03:25:06,236 [pool-619-thread-1] INFO  segmented.SegmentedRaftLogWorker (SegmentedRaftLogWorker.java:<init>(172)) - new 7ca5dcda-481a-4746-825e-0b0407a7007f@group-4AEEC0BD01D8-SegmentedRaftLogWorker for RaftStorage:Storage Directory /workdir/hadoop-ozone/integration-test/target/test-dir/MiniOzoneClusterImpl-49ccd39e-0a95-490c-a5ec-4c0d204ae341/datanode-3/data/ratis/f45cf009-63a4-4a68-b356-4aeec0bd01d8
2019-09-21 03:25:06,237 [pool-619-thread-1] INFO  server.RaftServerConfigKeys (ConfUtils.java:logGet(43)) - raft.server.log.queue.byte-limit = 2147483647 (custom)
2019-09-21 03:25:06,237 [pool-619-thread-1] INFO  server.RaftServerConfigKeys (ConfUtils.java:logGet(43)) - raft.server.log.queue.element-limit = 1024 (custom)
2019-09-21 03:25:06,237 [pool-619-thread-1] INFO  server.RaftServerConfigKeys (ConfUtils.java:logGet(43)) - raft.server.log.segment.size.max = 1048576 (custom)
2019-09-21 03:25:06,238 [pool-619-thread-1] INFO  server.RaftServerConfigKeys (ConfUtils.java:logGet(43)) - raft.server.log.preallocated.size = 16384 (custom)
2019-09-21 03:25:06,238 [pool-619-thread-1] INFO  server.RaftServerConfigKeys (ConfUtils.java:logGet(43)) - raft.server.log.write.buffer.size = 33554432 (custom)
2019-09-21 03:25:06,238 [pool-619-thread-1] INFO  server.RaftServerConfigKeys (ConfUtils.java:logGet(43)) - raft.server.log.force.sync.num = 128 (default)
2019-09-21 03:25:06,238 [pool-619-thread-1] INFO  server.RaftServerConfigKeys (ConfUtils.java:logGet(43)) - raft.server.log.statemachine.data.sync = true (default)
2019-09-21 03:25:06,238 [pool-619-thread-1] INFO  server.RaftServerConfigKeys (ConfUtils.java:logGet(43)) - raft.server.log.statemachine.data.sync.timeout = 10s (default)
2019-09-21 03:25:06,238 [pool-619-thread-1] INFO  server.RaftServerConfigKeys (ConfUtils.java:logGet(43)) - raft.server.log.statemachine.data.sync.timeout.retry = -1 (default)
2019-09-21 03:25:06,238 [pool-619-thread-1] INFO  server.RaftServerConfigKeys (ConfUtils.java:logGet(43)) - raft.server.log.statemachine.data.caching.enabled = true (custom)
2019-09-21 03:25:06,238 [pool-619-thread-1] INFO  segmented.SegmentedRaftLogWorker (SegmentedRaftLogWorker.java:lambda$new$0(132)) - 7ca5dcda-481a-4746-825e-0b0407a7007f@group-4AEEC0BD01D8-SegmentedRaftLogWorker: flushIndex: setUnconditionally 0 -> -1
2019-09-21 03:25:06,239 [pool-619-thread-1] INFO  server.RaftServerConfigKeys (ConfUtils.java:logGet(43)) - raft.server.snapshot.auto.trigger.enabled = true (custom)
2019-09-21 03:25:06,239 [pool-619-thread-1] INFO  server.RaftServerConfigKeys (ConfUtils.java:logGet(43)) - raft.server.snapshot.auto.trigger.threshold = 10000 (custom)
2019-09-21 03:25:06,239 [pool-619-thread-1] INFO  server.RaftServerConfigKeys (ConfUtils.java:logGet(43)) - raft.server.snapshot.retention.num.files = 5 (custom)
2019-09-21 03:25:06,239 [pool-619-thread-1] INFO  server.RaftServerConfigKeys (ConfUtils.java:logGet(43)) - raft.server.retrycache.expirytime = 600000ms (custom)
2019-09-21 03:25:06,240 [pool-619-thread-1] INFO  impl.RaftServerImpl (RaftServerImpl.java:start(185)) - 7ca5dcda-481a-4746-825e-0b0407a7007f@group-4AEEC0BD01D8: start as a follower, conf=-1: [7ca5dcda-481a-4746-825e-0b0407a7007f:192.168.36.122:34413], old=null
2019-09-21 03:25:06,240 [pool-619-thread-1] INFO  impl.RaftServerImpl (RaftServerImpl.java:setRole(174)) - 7ca5dcda-481a-4746-825e-0b0407a7007f@group-4AEEC0BD01D8: changes role from      null to FOLLOWER at term 0 for startAsFollower
2019-09-21 03:25:06,240 [pool-619-thread-1] INFO  impl.RoleInfo (RoleInfo.java:updateAndGet(143)) - 7ca5dcda-481a-4746-825e-0b0407a7007f: start FollowerState
2019-09-21 03:25:06,241 [pool-619-thread-1] INFO  util.JmxRegister (JmxRegister.java:tryRegister(44)) - Successfully registered JMX Bean with object name Ratis:service=RaftServer,group=group-4AEEC0BD01D8,id=7ca5dcda-481a-4746-825e-0b0407a7007f
2019-09-21 03:25:06,243 [RatisPipelineUtilsThread] INFO  pipeline.PipelineStateManager (PipelineStateManager.java:addPipeline(56)) - Created pipeline Pipeline[ Id: f45cf009-63a4-4a68-b356-4aeec0bd01d8, Nodes: 7ca5dcda-481a-4746-825e-0b0407a7007f{ip: 192.168.36.122, host: pr-hdds-2161-42js2-1613171706, networkLocation: /default-rack, certSerialId: null}, Type:RATIS, Factor:ONE, State:OPEN]
2019-09-21 03:25:06,249 [grpc-default-executor-4] INFO  impl.RaftServerProxy (RaftServerProxy.java:addNew(89)) - e893f503-ce9f-499b-9cc7-29bacfc11840: addNew group-3A943A05D684:[e893f503-ce9f-499b-9cc7-29bacfc11840:192.168.36.122:35739] returns group-3A943A05D684:java.util.concurrent.CompletableFuture@86e0e5d[Not completed]
2019-09-21 03:25:06,250 [pool-639-thread-1] INFO  impl.RaftServerImpl (RaftServerImpl.java:<init>(95)) - e893f503-ce9f-499b-9cc7-29bacfc11840: new RaftServerImpl for group-3A943A05D684:[e893f503-ce9f-499b-9cc7-29bacfc11840:192.168.36.122:35739] with ContainerStateMachine:uninitialized
2019-09-21 03:25:06,250 [pool-639-thread-1] INFO  server.RaftServerConfigKeys (ConfUtils.java:logGet(43)) - raft.server.rpc.timeout.min = 5s (custom)
2019-09-21 03:25:06,251 [pool-639-thread-1] INFO  server.RaftServerConfigKeys (ConfUtils.java:logGet(43)) - raft.server.rpc.timeout.max = 5200ms (custom)
2019-09-21 03:25:06,251 [pool-639-thread-1] INFO  server.RaftServerConfigKeys (ConfUtils.java:logGet(43)) - raft.server.rpcslowness.timeout = 120s (custom)
2019-09-21 03:25:06,251 [pool-639-thread-1] INFO  server.RaftServerConfigKeys (ConfUtils.java:logGet(43)) - raft.server.sleep.deviation.threshold = 300 (default)
2019-09-21 03:25:06,251 [pool-639-thread-1] INFO  server.RaftServerConfigKeys (ConfUtils.java:logGet(43)) - raft.server.log.appender.install.snapshot.enabled = false (custom)
2019-09-21 03:25:06,251 [pool-639-thread-1] INFO  impl.RaftServerImpl (ServerState.java:<init>(103)) - e893f503-ce9f-499b-9cc7-29bacfc11840@group-3A943A05D684: ConfigurationManager, init=-1: [e893f503-ce9f-499b-9cc7-29bacfc11840:192.168.36.122:35739], old=null, confs=<EMPTY_MAP>
2019-09-21 03:25:06,251 [pool-639-thread-1] INFO  server.RaftServerConfigKeys (ConfUtils.java:logGet(43)) - raft.server.storage.dir = [/workdir/hadoop-ozone/integration-test/target/test-dir/MiniOzoneClusterImpl-49ccd39e-0a95-490c-a5ec-4c0d204ae341/datanode-5/data/ratis] (custom)
2019-09-21 03:25:06,251 [pool-639-thread-1] INFO  storage.RaftStorageDirectory (RaftStorageDirectory.java:analyzeStorage(246)) - The storage directory /workdir/hadoop-ozone/integration-test/target/test-dir/MiniOzoneClusterImpl-49ccd39e-0a95-490c-a5ec-4c0d204ae341/datanode-5/data/ratis/4a59d10e-39b9-4f20-a6a9-3a943a05d684 does not exist. Creating ...
2019-09-21 03:25:06,283 [IPC Server handler 7 on 45455] INFO  net.NetworkTopology (NetworkTopologyImpl.java:add(111)) - Added a new node: /default-rack/43f24444-fa9f-41f4-ae9a-436f4803900c
2019-09-21 03:25:06,283 [IPC Server handler 7 on 45455] INFO  node.SCMNodeManager (SCMNodeManager.java:register(266)) - Registered Data node : 43f24444-fa9f-41f4-ae9a-436f4803900c{ip: 192.168.36.122, host: pr-hdds-2161-42js2-1613171706, networkLocation: /default-rack, certSerialId: null}
2019-09-21 03:25:06,283 [main] INFO  ozone.MiniOzoneClusterImpl (MiniOzoneClusterImpl.java:lambda$waitForClusterToBeReady$0(147)) - Cluster is ready. Got 7 of 7 DN Heartbeats.
2019-09-21 03:25:06,290 [pool-639-thread-1] INFO  storage.RaftStorageDirectory (RaftStorageDirectory.java:tryLock(328)) - Lock on /workdir/hadoop-ozone/integration-test/target/test-dir/MiniOzoneClusterImpl-49ccd39e-0a95-490c-a5ec-4c0d204ae341/datanode-5/data/ratis/4a59d10e-39b9-4f20-a6a9-3a943a05d684/in_use.lock acquired by nodename 24290@pr-hdds-2161-42js2-1613171706
2019-09-21 03:25:06,328 [main] INFO  rpc.RpcClient (RpcClient.java:createVolume(276)) - Creating Volume: testblockoutputstream, with jenkins1000 as owner.
2019-09-21 03:25:06,329 [pool-639-thread-1] INFO  storage.RaftStorage (RaftStorage.java:format(72)) - Storage directory /workdir/hadoop-ozone/integration-test/target/test-dir/MiniOzoneClusterImpl-49ccd39e-0a95-490c-a5ec-4c0d204ae341/datanode-5/data/ratis/4a59d10e-39b9-4f20-a6a9-3a943a05d684 has been successfully formatted.
2019-09-21 03:25:06,329 [pool-639-thread-1] INFO  ratis.ContainerStateMachine (ContainerStateMachine.java:loadSnapshot(230)) - group-3A943A05D684: The snapshot info is null. Setting the last applied indexto:(t:0, i:~)
2019-09-21 03:25:06,329 [pool-639-thread-1] INFO  server.RaftServerConfigKeys (ConfUtils.java:logGet(43)) - raft.server.notification.no-leader.timeout = 120s (custom)
2019-09-21 03:25:06,329 [pool-639-thread-1] INFO  server.RaftServerConfigKeys (ConfUtils.java:logGet(43)) - raft.server.log.use.memory = false (default)
2019-09-21 03:25:06,330 [pool-639-thread-1] INFO  server.RaftServerConfigKeys (ConfUtils.java:logGet(43)) - raft.server.log.purge.gap = 1000000 (custom)
2019-09-21 03:25:06,330 [pool-639-thread-1] INFO  server.RaftServerConfigKeys (ConfUtils.java:logGet(43)) - raft.server.log.appender.buffer.byte-limit = 33554432 (custom)
2019-09-21 03:25:06,330 [pool-639-thread-1] INFO  server.RaftServerConfigKeys (ConfUtils.java:logGet(43)) - raft.server.log.segment.size.max = 1048576 (custom)
2019-09-21 03:25:06,330 [pool-639-thread-1] INFO  server.RaftServerConfigKeys (ConfUtils.java:logGet(43)) - raft.server.log.segment.cache.num.max = 2 (custom)
2019-09-21 03:25:06,330 [pool-639-thread-1] INFO  segmented.SegmentedRaftLogWorker (SegmentedRaftLogWorker.java:<init>(172)) - new e893f503-ce9f-499b-9cc7-29bacfc11840@group-3A943A05D684-SegmentedRaftLogWorker for RaftStorage:Storage Directory /workdir/hadoop-ozone/integration-test/target/test-dir/MiniOzoneClusterImpl-49ccd39e-0a95-490c-a5ec-4c0d204ae341/datanode-5/data/ratis/4a59d10e-39b9-4f20-a6a9-3a943a05d684
2019-09-21 03:25:06,332 [IPC Server handler 1 on 36462] INFO  volume.OMVolumeCreateRequest (OMVolumeCreateRequest.java:validateAndUpdateCache(189)) - created volume:testblockoutputstream for user:jenkins1000
2019-09-21 03:25:06,333 [pool-639-thread-1] INFO  server.RaftServerConfigKeys (ConfUtils.java:logGet(43)) - raft.server.log.queue.byte-limit = 2147483647 (custom)
2019-09-21 03:25:06,333 [pool-639-thread-1] INFO  server.RaftServerConfigKeys (ConfUtils.java:logGet(43)) - raft.server.log.queue.element-limit = 1024 (custom)
2019-09-21 03:25:06,333 [pool-639-thread-1] INFO  server.RaftServerConfigKeys (ConfUtils.java:logGet(43)) - raft.server.log.segment.size.max = 1048576 (custom)
2019-09-21 03:25:06,334 [pool-639-thread-1] INFO  server.RaftServerConfigKeys (ConfUtils.java:logGet(43)) - raft.server.log.preallocated.size = 16384 (custom)
2019-09-21 03:25:06,334 [pool-639-thread-1] INFO  server.RaftServerConfigKeys (ConfUtils.java:logGet(43)) - raft.server.log.write.buffer.size = 33554432 (custom)
2019-09-21 03:25:06,334 [pool-639-thread-1] INFO  server.RaftServerConfigKeys (ConfUtils.java:logGet(43)) - raft.server.log.force.sync.num = 128 (default)
2019-09-21 03:25:06,334 [pool-639-thread-1] INFO  server.RaftServerConfigKeys (ConfUtils.java:logGet(43)) - raft.server.log.statemachine.data.sync = true (default)
2019-09-21 03:25:06,334 [pool-639-thread-1] INFO  server.RaftServerConfigKeys (ConfUtils.java:logGet(43)) - raft.server.log.statemachine.data.sync.timeout = 10s (default)
2019-09-21 03:25:06,337 [pool-639-thread-1] INFO  server.RaftServerConfigKeys (ConfUtils.java:logGet(43)) - raft.server.log.statemachine.data.sync.timeout.retry = -1 (default)
2019-09-21 03:25:06,337 [pool-639-thread-1] INFO  server.RaftServerConfigKeys (ConfUtils.java:logGet(43)) - raft.server.log.statemachine.data.caching.enabled = true (custom)
2019-09-21 03:25:06,338 [pool-639-thread-1] INFO  segmented.SegmentedRaftLogWorker (SegmentedRaftLogWorker.java:lambda$new$0(132)) - e893f503-ce9f-499b-9cc7-29bacfc11840@group-3A943A05D684-SegmentedRaftLogWorker: flushIndex: setUnconditionally 0 -> -1
2019-09-21 03:25:06,348 [pool-639-thread-1] INFO  server.RaftServerConfigKeys (ConfUtils.java:logGet(43)) - raft.server.snapshot.auto.trigger.enabled = true (custom)
2019-09-21 03:25:06,348 [main] INFO  rpc.RpcClient (RpcClient.java:createBucket(415)) - Creating Bucket: testblockoutputstream/testblockoutputstream, with Versioning false and Storage Type set to DISK and Encryption set to false 
2019-09-21 03:25:06,348 [pool-639-thread-1] INFO  server.RaftServerConfigKeys (ConfUtils.java:logGet(43)) - raft.server.snapshot.auto.trigger.threshold = 10000 (custom)
2019-09-21 03:25:06,349 [pool-639-thread-1] INFO  server.RaftServerConfigKeys (ConfUtils.java:logGet(43)) - raft.server.snapshot.retention.num.files = 5 (custom)
2019-09-21 03:25:06,349 [pool-639-thread-1] INFO  server.RaftServerConfigKeys (ConfUtils.java:logGet(43)) - raft.server.retrycache.expirytime = 600000ms (custom)
2019-09-21 03:25:06,354 [pool-639-thread-1] INFO  impl.RaftServerImpl (RaftServerImpl.java:start(185)) - e893f503-ce9f-499b-9cc7-29bacfc11840@group-3A943A05D684: start as a follower, conf=-1: [e893f503-ce9f-499b-9cc7-29bacfc11840:192.168.36.122:35739], old=null
2019-09-21 03:25:06,355 [pool-639-thread-1] INFO  impl.RaftServerImpl (RaftServerImpl.java:setRole(174)) - e893f503-ce9f-499b-9cc7-29bacfc11840@group-3A943A05D684: changes role from      null to FOLLOWER at term 0 for startAsFollower
2019-09-21 03:25:06,355 [pool-639-thread-1] INFO  impl.RoleInfo (RoleInfo.java:updateAndGet(143)) - e893f503-ce9f-499b-9cc7-29bacfc11840: start FollowerState
2019-09-21 03:25:06,355 [pool-639-thread-1] INFO  util.JmxRegister (JmxRegister.java:tryRegister(44)) - Successfully registered JMX Bean with object name Ratis:service=RaftServer,group=group-3A943A05D684,id=e893f503-ce9f-499b-9cc7-29bacfc11840
2019-09-21 03:25:06,357 [RatisPipelineUtilsThread] INFO  pipeline.PipelineStateManager (PipelineStateManager.java:addPipeline(56)) - Created pipeline Pipeline[ Id: 4a59d10e-39b9-4f20-a6a9-3a943a05d684, Nodes: e893f503-ce9f-499b-9cc7-29bacfc11840{ip: 192.168.36.122, host: pr-hdds-2161-42js2-1613171706, networkLocation: /default-rack, certSerialId: null}, Type:RATIS, Factor:ONE, State:OPEN]
2019-09-21 03:25:06,363 [grpc-default-executor-4] INFO  impl.RaftServerProxy (RaftServerProxy.java:addNew(89)) - 43f24444-fa9f-41f4-ae9a-436f4803900c: addNew group-0B12C751E0A0:[43f24444-fa9f-41f4-ae9a-436f4803900c:192.168.36.122:38765] returns group-0B12C751E0A0:java.util.concurrent.CompletableFuture@628742a1[Not completed]
2019-09-21 03:25:06,365 [pool-649-thread-1] INFO  impl.RaftServerImpl (RaftServerImpl.java:<init>(95)) - 43f24444-fa9f-41f4-ae9a-436f4803900c: new RaftServerImpl for group-0B12C751E0A0:[43f24444-fa9f-41f4-ae9a-436f4803900c:192.168.36.122:38765] with ContainerStateMachine:uninitialized
2019-09-21 03:25:06,366 [pool-649-thread-1] INFO  server.RaftServerConfigKeys (ConfUtils.java:logGet(43)) - raft.server.rpc.timeout.min = 5s (custom)
2019-09-21 03:25:06,366 [pool-649-thread-1] INFO  server.RaftServerConfigKeys (ConfUtils.java:logGet(43)) - raft.server.rpc.timeout.max = 5200ms (custom)
2019-09-21 03:25:06,366 [pool-649-thread-1] INFO  server.RaftServerConfigKeys (ConfUtils.java:logGet(43)) - raft.server.rpcslowness.timeout = 120s (custom)
2019-09-21 03:25:06,366 [pool-649-thread-1] INFO  server.RaftServerConfigKeys (ConfUtils.java:logGet(43)) - raft.server.sleep.deviation.threshold = 300 (default)
2019-09-21 03:25:06,366 [pool-649-thread-1] INFO  server.RaftServerConfigKeys (ConfUtils.java:logGet(43)) - raft.server.log.appender.install.snapshot.enabled = false (custom)
2019-09-21 03:25:06,366 [pool-649-thread-1] INFO  impl.RaftServerImpl (ServerState.java:<init>(103)) - 43f24444-fa9f-41f4-ae9a-436f4803900c@group-0B12C751E0A0: ConfigurationManager, init=-1: [43f24444-fa9f-41f4-ae9a-436f4803900c:192.168.36.122:38765], old=null, confs=<EMPTY_MAP>
2019-09-21 03:25:06,366 [pool-649-thread-1] INFO  server.RaftServerConfigKeys (ConfUtils.java:logGet(43)) - raft.server.storage.dir = [/workdir/hadoop-ozone/integration-test/target/test-dir/MiniOzoneClusterImpl-49ccd39e-0a95-490c-a5ec-4c0d204ae341/datanode-6/data/ratis] (custom)
2019-09-21 03:25:06,367 [pool-649-thread-1] INFO  storage.RaftStorageDirectory (RaftStorageDirectory.java:analyzeStorage(246)) - The storage directory /workdir/hadoop-ozone/integration-test/target/test-dir/MiniOzoneClusterImpl-49ccd39e-0a95-490c-a5ec-4c0d204ae341/datanode-6/data/ratis/e03eeaed-a85d-4a2e-a34c-0b12c751e0a0 does not exist. Creating ...
2019-09-21 03:25:06,421 [pool-649-thread-1] INFO  storage.RaftStorageDirectory (RaftStorageDirectory.java:tryLock(328)) - Lock on /workdir/hadoop-ozone/integration-test/target/test-dir/MiniOzoneClusterImpl-49ccd39e-0a95-490c-a5ec-4c0d204ae341/datanode-6/data/ratis/e03eeaed-a85d-4a2e-a34c-0b12c751e0a0/in_use.lock acquired by nodename 24290@pr-hdds-2161-42js2-1613171706
2019-09-21 03:25:06,463 [pool-649-thread-1] INFO  storage.RaftStorage (RaftStorage.java:format(72)) - Storage directory /workdir/hadoop-ozone/integration-test/target/test-dir/MiniOzoneClusterImpl-49ccd39e-0a95-490c-a5ec-4c0d204ae341/datanode-6/data/ratis/e03eeaed-a85d-4a2e-a34c-0b12c751e0a0 has been successfully formatted.
2019-09-21 03:25:06,463 [pool-649-thread-1] INFO  ratis.ContainerStateMachine (ContainerStateMachine.java:loadSnapshot(230)) - group-0B12C751E0A0: The snapshot info is null. Setting the last applied indexto:(t:0, i:~)
2019-09-21 03:25:06,463 [pool-649-thread-1] INFO  server.RaftServerConfigKeys (ConfUtils.java:logGet(43)) - raft.server.notification.no-leader.timeout = 120s (custom)
2019-09-21 03:25:06,463 [pool-649-thread-1] INFO  server.RaftServerConfigKeys (ConfUtils.java:logGet(43)) - raft.server.log.use.memory = false (default)
2019-09-21 03:25:06,463 [pool-649-thread-1] INFO  server.RaftServerConfigKeys (ConfUtils.java:logGet(43)) - raft.server.log.purge.gap = 1000000 (custom)
2019-09-21 03:25:06,463 [pool-649-thread-1] INFO  server.RaftServerConfigKeys (ConfUtils.java:logGet(43)) - raft.server.log.appender.buffer.byte-limit = 33554432 (custom)
2019-09-21 03:25:06,464 [pool-649-thread-1] INFO  server.RaftServerConfigKeys (ConfUtils.java:logGet(43)) - raft.server.log.segment.size.max = 1048576 (custom)
2019-09-21 03:25:06,464 [pool-649-thread-1] INFO  server.RaftServerConfigKeys (ConfUtils.java:logGet(43)) - raft.server.log.segment.cache.num.max = 2 (custom)
2019-09-21 03:25:06,464 [pool-649-thread-1] INFO  segmented.SegmentedRaftLogWorker (SegmentedRaftLogWorker.java:<init>(172)) - new 43f24444-fa9f-41f4-ae9a-436f4803900c@group-0B12C751E0A0-SegmentedRaftLogWorker for RaftStorage:Storage Directory /workdir/hadoop-ozone/integration-test/target/test-dir/MiniOzoneClusterImpl-49ccd39e-0a95-490c-a5ec-4c0d204ae341/datanode-6/data/ratis/e03eeaed-a85d-4a2e-a34c-0b12c751e0a0
2019-09-21 03:25:06,465 [pool-649-thread-1] INFO  server.RaftServerConfigKeys (ConfUtils.java:logGet(43)) - raft.server.log.queue.byte-limit = 2147483647 (custom)
2019-09-21 03:25:06,465 [pool-649-thread-1] INFO  server.RaftServerConfigKeys (ConfUtils.java:logGet(43)) - raft.server.log.queue.element-limit = 1024 (custom)
2019-09-21 03:25:06,465 [pool-649-thread-1] INFO  server.RaftServerConfigKeys (ConfUtils.java:logGet(43)) - raft.server.log.segment.size.max = 1048576 (custom)
2019-09-21 03:25:06,466 [pool-649-thread-1] INFO  server.RaftServerConfigKeys (ConfUtils.java:logGet(43)) - raft.server.log.preallocated.size = 16384 (custom)
2019-09-21 03:25:06,466 [pool-649-thread-1] INFO  server.RaftServerConfigKeys (ConfUtils.java:logGet(43)) - raft.server.log.write.buffer.size = 33554432 (custom)
2019-09-21 03:25:06,466 [pool-649-thread-1] INFO  server.RaftServerConfigKeys (ConfUtils.java:logGet(43)) - raft.server.log.force.sync.num = 128 (default)
2019-09-21 03:25:06,466 [pool-649-thread-1] INFO  server.RaftServerConfigKeys (ConfUtils.java:logGet(43)) - raft.server.log.statemachine.data.sync = true (default)
2019-09-21 03:25:06,466 [pool-649-thread-1] INFO  server.RaftServerConfigKeys (ConfUtils.java:logGet(43)) - raft.server.log.statemachine.data.sync.timeout = 10s (default)
2019-09-21 03:25:06,466 [pool-649-thread-1] INFO  server.RaftServerConfigKeys (ConfUtils.java:logGet(43)) - raft.server.log.statemachine.data.sync.timeout.retry = -1 (default)
2019-09-21 03:25:06,466 [pool-649-thread-1] INFO  server.RaftServerConfigKeys (ConfUtils.java:logGet(43)) - raft.server.log.statemachine.data.caching.enabled = true (custom)
2019-09-21 03:25:06,467 [pool-649-thread-1] INFO  segmented.SegmentedRaftLogWorker (SegmentedRaftLogWorker.java:lambda$new$0(132)) - 43f24444-fa9f-41f4-ae9a-436f4803900c@group-0B12C751E0A0-SegmentedRaftLogWorker: flushIndex: setUnconditionally 0 -> -1
2019-09-21 03:25:06,467 [pool-649-thread-1] INFO  server.RaftServerConfigKeys (ConfUtils.java:logGet(43)) - raft.server.snapshot.auto.trigger.enabled = true (custom)
2019-09-21 03:25:06,467 [pool-649-thread-1] INFO  server.RaftServerConfigKeys (ConfUtils.java:logGet(43)) - raft.server.snapshot.auto.trigger.threshold = 10000 (custom)
2019-09-21 03:25:06,467 [pool-649-thread-1] INFO  server.RaftServerConfigKeys (ConfUtils.java:logGet(43)) - raft.server.snapshot.retention.num.files = 5 (custom)
2019-09-21 03:25:06,467 [pool-649-thread-1] INFO  server.RaftServerConfigKeys (ConfUtils.java:logGet(43)) - raft.server.retrycache.expirytime = 600000ms (custom)
2019-09-21 03:25:06,469 [pool-649-thread-1] INFO  impl.RaftServerImpl (RaftServerImpl.java:start(185)) - 43f24444-fa9f-41f4-ae9a-436f4803900c@group-0B12C751E0A0: start as a follower, conf=-1: [43f24444-fa9f-41f4-ae9a-436f4803900c:192.168.36.122:38765], old=null
2019-09-21 03:25:06,469 [pool-649-thread-1] INFO  impl.RaftServerImpl (RaftServerImpl.java:setRole(174)) - 43f24444-fa9f-41f4-ae9a-436f4803900c@group-0B12C751E0A0: changes role from      null to FOLLOWER at term 0 for startAsFollower
2019-09-21 03:25:06,469 [pool-649-thread-1] INFO  impl.RoleInfo (RoleInfo.java:updateAndGet(143)) - 43f24444-fa9f-41f4-ae9a-436f4803900c: start FollowerState
2019-09-21 03:25:06,469 [pool-649-thread-1] INFO  util.JmxRegister (JmxRegister.java:tryRegister(44)) - Successfully registered JMX Bean with object name Ratis:service=RaftServer,group=group-0B12C751E0A0,id=43f24444-fa9f-41f4-ae9a-436f4803900c
2019-09-21 03:25:06,471 [RatisPipelineUtilsThread] INFO  pipeline.PipelineStateManager (PipelineStateManager.java:addPipeline(56)) - Created pipeline Pipeline[ Id: e03eeaed-a85d-4a2e-a34c-0b12c751e0a0, Nodes: 43f24444-fa9f-41f4-ae9a-436f4803900c{ip: 192.168.36.122, host: pr-hdds-2161-42js2-1613171706, networkLocation: /default-rack, certSerialId: null}, Type:RATIS, Factor:ONE, State:OPEN]
2019-09-21 03:25:06,478 [grpc-default-executor-4] INFO  impl.RaftServerProxy (RaftServerProxy.java:addNew(89)) - de978da9-86a0-48f2-b522-8b80f701b0e5: addNew group-F4E71847B67B:[de978da9-86a0-48f2-b522-8b80f701b0e5:192.168.36.122:34337] returns group-F4E71847B67B:java.util.concurrent.CompletableFuture@3a038441[Not completed]
2019-09-21 03:25:06,479 [pool-629-thread-1] INFO  impl.RaftServerImpl (RaftServerImpl.java:<init>(95)) - de978da9-86a0-48f2-b522-8b80f701b0e5: new RaftServerImpl for group-F4E71847B67B:[de978da9-86a0-48f2-b522-8b80f701b0e5:192.168.36.122:34337] with ContainerStateMachine:uninitialized
2019-09-21 03:25:06,479 [pool-629-thread-1] INFO  server.RaftServerConfigKeys (ConfUtils.java:logGet(43)) - raft.server.rpc.timeout.min = 5s (custom)
2019-09-21 03:25:06,479 [pool-629-thread-1] INFO  server.RaftServerConfigKeys (ConfUtils.java:logGet(43)) - raft.server.rpc.timeout.max = 5200ms (custom)
2019-09-21 03:25:06,479 [pool-629-thread-1] INFO  server.RaftServerConfigKeys (ConfUtils.java:logGet(43)) - raft.server.rpcslowness.timeout = 120s (custom)
2019-09-21 03:25:06,479 [pool-629-thread-1] INFO  server.RaftServerConfigKeys (ConfUtils.java:logGet(43)) - raft.server.sleep.deviation.threshold = 300 (default)
2019-09-21 03:25:06,479 [pool-629-thread-1] INFO  server.RaftServerConfigKeys (ConfUtils.java:logGet(43)) - raft.server.log.appender.install.snapshot.enabled = false (custom)
2019-09-21 03:25:06,479 [pool-629-thread-1] INFO  impl.RaftServerImpl (ServerState.java:<init>(103)) - de978da9-86a0-48f2-b522-8b80f701b0e5@group-F4E71847B67B: ConfigurationManager, init=-1: [de978da9-86a0-48f2-b522-8b80f701b0e5:192.168.36.122:34337], old=null, confs=<EMPTY_MAP>
2019-09-21 03:25:06,480 [pool-629-thread-1] INFO  server.RaftServerConfigKeys (ConfUtils.java:logGet(43)) - raft.server.storage.dir = [/workdir/hadoop-ozone/integration-test/target/test-dir/MiniOzoneClusterImpl-49ccd39e-0a95-490c-a5ec-4c0d204ae341/datanode-4/data/ratis] (custom)
2019-09-21 03:25:06,480 [pool-629-thread-1] INFO  storage.RaftStorageDirectory (RaftStorageDirectory.java:analyzeStorage(246)) - The storage directory /workdir/hadoop-ozone/integration-test/target/test-dir/MiniOzoneClusterImpl-49ccd39e-0a95-490c-a5ec-4c0d204ae341/datanode-4/data/ratis/c55e6eaf-f55d-4e6d-82d6-f4e71847b67b does not exist. Creating ...
2019-09-21 03:25:06,505 [pool-629-thread-1] INFO  storage.RaftStorageDirectory (RaftStorageDirectory.java:tryLock(328)) - Lock on /workdir/hadoop-ozone/integration-test/target/test-dir/MiniOzoneClusterImpl-49ccd39e-0a95-490c-a5ec-4c0d204ae341/datanode-4/data/ratis/c55e6eaf-f55d-4e6d-82d6-f4e71847b67b/in_use.lock acquired by nodename 24290@pr-hdds-2161-42js2-1613171706
2019-09-21 03:25:06,530 [pool-629-thread-1] INFO  storage.RaftStorage (RaftStorage.java:format(72)) - Storage directory /workdir/hadoop-ozone/integration-test/target/test-dir/MiniOzoneClusterImpl-49ccd39e-0a95-490c-a5ec-4c0d204ae341/datanode-4/data/ratis/c55e6eaf-f55d-4e6d-82d6-f4e71847b67b has been successfully formatted.
2019-09-21 03:25:06,530 [pool-629-thread-1] INFO  ratis.ContainerStateMachine (ContainerStateMachine.java:loadSnapshot(230)) - group-F4E71847B67B: The snapshot info is null. Setting the last applied indexto:(t:0, i:~)
2019-09-21 03:25:06,530 [pool-629-thread-1] INFO  server.RaftServerConfigKeys (ConfUtils.java:logGet(43)) - raft.server.notification.no-leader.timeout = 120s (custom)
2019-09-21 03:25:06,531 [pool-629-thread-1] INFO  server.RaftServerConfigKeys (ConfUtils.java:logGet(43)) - raft.server.log.use.memory = false (default)
2019-09-21 03:25:06,531 [pool-629-thread-1] INFO  server.RaftServerConfigKeys (ConfUtils.java:logGet(43)) - raft.server.log.purge.gap = 1000000 (custom)
2019-09-21 03:25:06,531 [pool-629-thread-1] INFO  server.RaftServerConfigKeys (ConfUtils.java:logGet(43)) - raft.server.log.appender.buffer.byte-limit = 33554432 (custom)
2019-09-21 03:25:06,531 [pool-629-thread-1] INFO  server.RaftServerConfigKeys (ConfUtils.java:logGet(43)) - raft.server.log.segment.size.max = 1048576 (custom)
2019-09-21 03:25:06,531 [pool-629-thread-1] INFO  server.RaftServerConfigKeys (ConfUtils.java:logGet(43)) - raft.server.log.segment.cache.num.max = 2 (custom)
2019-09-21 03:25:06,531 [pool-629-thread-1] INFO  segmented.SegmentedRaftLogWorker (SegmentedRaftLogWorker.java:<init>(172)) - new de978da9-86a0-48f2-b522-8b80f701b0e5@group-F4E71847B67B-SegmentedRaftLogWorker for RaftStorage:Storage Directory /workdir/hadoop-ozone/integration-test/target/test-dir/MiniOzoneClusterImpl-49ccd39e-0a95-490c-a5ec-4c0d204ae341/datanode-4/data/ratis/c55e6eaf-f55d-4e6d-82d6-f4e71847b67b
2019-09-21 03:25:06,532 [pool-629-thread-1] INFO  server.RaftServerConfigKeys (ConfUtils.java:logGet(43)) - raft.server.log.queue.byte-limit = 2147483647 (custom)
2019-09-21 03:25:06,532 [pool-629-thread-1] INFO  server.RaftServerConfigKeys (ConfUtils.java:logGet(43)) - raft.server.log.queue.element-limit = 1024 (custom)
2019-09-21 03:25:06,532 [pool-629-thread-1] INFO  server.RaftServerConfigKeys (ConfUtils.java:logGet(43)) - raft.server.log.segment.size.max = 1048576 (custom)
2019-09-21 03:25:06,532 [pool-629-thread-1] INFO  server.RaftServerConfigKeys (ConfUtils.java:logGet(43)) - raft.server.log.preallocated.size = 16384 (custom)
2019-09-21 03:25:06,533 [pool-629-thread-1] INFO  server.RaftServerConfigKeys (ConfUtils.java:logGet(43)) - raft.server.log.write.buffer.size = 33554432 (custom)
2019-09-21 03:25:06,533 [pool-629-thread-1] INFO  server.RaftServerConfigKeys (ConfUtils.java:logGet(43)) - raft.server.log.force.sync.num = 128 (default)
2019-09-21 03:25:06,533 [pool-629-thread-1] INFO  server.RaftServerConfigKeys (ConfUtils.java:logGet(43)) - raft.server.log.statemachine.data.sync = true (default)
2019-09-21 03:25:06,533 [pool-629-thread-1] INFO  server.RaftServerConfigKeys (ConfUtils.java:logGet(43)) - raft.server.log.statemachine.data.sync.timeout = 10s (default)
2019-09-21 03:25:06,533 [pool-629-thread-1] INFO  server.RaftServerConfigKeys (ConfUtils.java:logGet(43)) - raft.server.log.statemachine.data.sync.timeout.retry = -1 (default)
2019-09-21 03:25:06,533 [pool-629-thread-1] INFO  server.RaftServerConfigKeys (ConfUtils.java:logGet(43)) - raft.server.log.statemachine.data.caching.enabled = true (custom)
2019-09-21 03:25:06,533 [pool-629-thread-1] INFO  segmented.SegmentedRaftLogWorker (SegmentedRaftLogWorker.java:lambda$new$0(132)) - de978da9-86a0-48f2-b522-8b80f701b0e5@group-F4E71847B67B-SegmentedRaftLogWorker: flushIndex: setUnconditionally 0 -> -1
2019-09-21 03:25:06,533 [pool-629-thread-1] INFO  server.RaftServerConfigKeys (ConfUtils.java:logGet(43)) - raft.server.snapshot.auto.trigger.enabled = true (custom)
2019-09-21 03:25:06,534 [pool-629-thread-1] INFO  server.RaftServerConfigKeys (ConfUtils.java:logGet(43)) - raft.server.snapshot.auto.trigger.threshold = 10000 (custom)
2019-09-21 03:25:06,534 [pool-629-thread-1] INFO  server.RaftServerConfigKeys (ConfUtils.java:logGet(43)) - raft.server.snapshot.retention.num.files = 5 (custom)
2019-09-21 03:25:06,534 [pool-629-thread-1] INFO  server.RaftServerConfigKeys (ConfUtils.java:logGet(43)) - raft.server.retrycache.expirytime = 600000ms (custom)
2019-09-21 03:25:06,535 [pool-629-thread-1] INFO  impl.RaftServerImpl (RaftServerImpl.java:start(185)) - de978da9-86a0-48f2-b522-8b80f701b0e5@group-F4E71847B67B: start as a follower, conf=-1: [de978da9-86a0-48f2-b522-8b80f701b0e5:192.168.36.122:34337], old=null
2019-09-21 03:25:06,535 [pool-629-thread-1] INFO  impl.RaftServerImpl (RaftServerImpl.java:setRole(174)) - de978da9-86a0-48f2-b522-8b80f701b0e5@group-F4E71847B67B: changes role from      null to FOLLOWER at term 0 for startAsFollower
2019-09-21 03:25:06,535 [pool-629-thread-1] INFO  impl.RoleInfo (RoleInfo.java:updateAndGet(143)) - de978da9-86a0-48f2-b522-8b80f701b0e5: start FollowerState
2019-09-21 03:25:06,548 [pool-629-thread-1] INFO  util.JmxRegister (JmxRegister.java:tryRegister(44)) - Successfully registered JMX Bean with object name Ratis:service=RaftServer,group=group-F4E71847B67B,id=de978da9-86a0-48f2-b522-8b80f701b0e5
2019-09-21 03:25:06,550 [RatisPipelineUtilsThread] INFO  pipeline.PipelineStateManager (PipelineStateManager.java:addPipeline(56)) - Created pipeline Pipeline[ Id: c55e6eaf-f55d-4e6d-82d6-f4e71847b67b, Nodes: de978da9-86a0-48f2-b522-8b80f701b0e5{ip: 192.168.36.122, host: pr-hdds-2161-42js2-1613171706, networkLocation: /default-rack, certSerialId: null}, Type:RATIS, Factor:ONE, State:OPEN]
2019-09-21 03:25:06,571 [grpc-default-executor-14] INFO  impl.RaftServerProxy (RaftServerProxy.java:addNew(89)) - 7ca5dcda-481a-4746-825e-0b0407a7007f: addNew group-E5F1F7E7DAC4:[7ca5dcda-481a-4746-825e-0b0407a7007f:192.168.36.122:34413, 43f24444-fa9f-41f4-ae9a-436f4803900c:192.168.36.122:38765, 13e42e29-0b35-4bd9-9d07-0e801b0bf72d:192.168.36.122:44151] returns group-E5F1F7E7DAC4:java.util.concurrent.CompletableFuture@3b1c0072[Not completed]
2019-09-21 03:25:06,571 [grpc-default-executor-13] INFO  impl.RaftServerProxy (RaftServerProxy.java:addNew(89)) - 43f24444-fa9f-41f4-ae9a-436f4803900c: addNew group-E5F1F7E7DAC4:[7ca5dcda-481a-4746-825e-0b0407a7007f:192.168.36.122:34413, 43f24444-fa9f-41f4-ae9a-436f4803900c:192.168.36.122:38765, 13e42e29-0b35-4bd9-9d07-0e801b0bf72d:192.168.36.122:44151] returns group-E5F1F7E7DAC4:java.util.concurrent.CompletableFuture@7217d75d[Not completed]
2019-09-21 03:25:06,571 [grpc-default-executor-4] INFO  impl.RaftServerProxy (RaftServerProxy.java:addNew(89)) - 13e42e29-0b35-4bd9-9d07-0e801b0bf72d: addNew group-E5F1F7E7DAC4:[7ca5dcda-481a-4746-825e-0b0407a7007f:192.168.36.122:34413, 43f24444-fa9f-41f4-ae9a-436f4803900c:192.168.36.122:38765, 13e42e29-0b35-4bd9-9d07-0e801b0bf72d:192.168.36.122:44151] returns group-E5F1F7E7DAC4:java.util.concurrent.CompletableFuture@658f721d[Not completed]
2019-09-21 03:25:06,572 [pool-619-thread-1] INFO  impl.RaftServerImpl (RaftServerImpl.java:<init>(95)) - 7ca5dcda-481a-4746-825e-0b0407a7007f: new RaftServerImpl for group-E5F1F7E7DAC4:[7ca5dcda-481a-4746-825e-0b0407a7007f:192.168.36.122:34413, 43f24444-fa9f-41f4-ae9a-436f4803900c:192.168.36.122:38765, 13e42e29-0b35-4bd9-9d07-0e801b0bf72d:192.168.36.122:44151] with ContainerStateMachine:uninitialized
2019-09-21 03:25:06,572 [pool-619-thread-1] INFO  server.RaftServerConfigKeys (ConfUtils.java:logGet(43)) - raft.server.rpc.timeout.min = 5s (custom)
2019-09-21 03:25:06,572 [pool-619-thread-1] INFO  server.RaftServerConfigKeys (ConfUtils.java:logGet(43)) - raft.server.rpc.timeout.max = 5200ms (custom)
2019-09-21 03:25:06,573 [pool-619-thread-1] INFO  server.RaftServerConfigKeys (ConfUtils.java:logGet(43)) - raft.server.rpcslowness.timeout = 120s (custom)
2019-09-21 03:25:06,573 [pool-619-thread-1] INFO  server.RaftServerConfigKeys (ConfUtils.java:logGet(43)) - raft.server.sleep.deviation.threshold = 300 (default)
2019-09-21 03:25:06,573 [pool-619-thread-1] INFO  server.RaftServerConfigKeys (ConfUtils.java:logGet(43)) - raft.server.log.appender.install.snapshot.enabled = false (custom)
2019-09-21 03:25:06,573 [pool-649-thread-1] INFO  impl.RaftServerImpl (RaftServerImpl.java:<init>(95)) - 43f24444-fa9f-41f4-ae9a-436f4803900c: new RaftServerImpl for group-E5F1F7E7DAC4:[7ca5dcda-481a-4746-825e-0b0407a7007f:192.168.36.122:34413, 43f24444-fa9f-41f4-ae9a-436f4803900c:192.168.36.122:38765, 13e42e29-0b35-4bd9-9d07-0e801b0bf72d:192.168.36.122:44151] with ContainerStateMachine:uninitialized
2019-09-21 03:25:06,573 [pool-619-thread-1] INFO  impl.RaftServerImpl (ServerState.java:<init>(103)) - 7ca5dcda-481a-4746-825e-0b0407a7007f@group-E5F1F7E7DAC4: ConfigurationManager, init=-1: [7ca5dcda-481a-4746-825e-0b0407a7007f:192.168.36.122:34413, 43f24444-fa9f-41f4-ae9a-436f4803900c:192.168.36.122:38765, 13e42e29-0b35-4bd9-9d07-0e801b0bf72d:192.168.36.122:44151], old=null, confs=<EMPTY_MAP>
2019-09-21 03:25:06,573 [pool-649-thread-1] INFO  server.RaftServerConfigKeys (ConfUtils.java:logGet(43)) - raft.server.rpc.timeout.min = 5s (custom)
2019-09-21 03:25:06,573 [pool-619-thread-1] INFO  server.RaftServerConfigKeys (ConfUtils.java:logGet(43)) - raft.server.storage.dir = [/workdir/hadoop-ozone/integration-test/target/test-dir/MiniOzoneClusterImpl-49ccd39e-0a95-490c-a5ec-4c0d204ae341/datanode-3/data/ratis] (custom)
2019-09-21 03:25:06,573 [pool-649-thread-1] INFO  server.RaftServerConfigKeys (ConfUtils.java:logGet(43)) - raft.server.rpc.timeout.max = 5200ms (custom)
2019-09-21 03:25:06,573 [pool-609-thread-1] INFO  impl.RaftServerImpl (RaftServerImpl.java:<init>(95)) - 13e42e29-0b35-4bd9-9d07-0e801b0bf72d: new RaftServerImpl for group-E5F1F7E7DAC4:[7ca5dcda-481a-4746-825e-0b0407a7007f:192.168.36.122:34413, 43f24444-fa9f-41f4-ae9a-436f4803900c:192.168.36.122:38765, 13e42e29-0b35-4bd9-9d07-0e801b0bf72d:192.168.36.122:44151] with ContainerStateMachine:uninitialized
2019-09-21 03:25:06,574 [pool-619-thread-1] INFO  storage.RaftStorageDirectory (RaftStorageDirectory.java:analyzeStorage(246)) - The storage directory /workdir/hadoop-ozone/integration-test/target/test-dir/MiniOzoneClusterImpl-49ccd39e-0a95-490c-a5ec-4c0d204ae341/datanode-3/data/ratis/cb4edd8b-3029-43bf-994f-e5f1f7e7dac4 does not exist. Creating ...
2019-09-21 03:25:06,574 [pool-649-thread-1] INFO  server.RaftServerConfigKeys (ConfUtils.java:logGet(43)) - raft.server.rpcslowness.timeout = 120s (custom)
2019-09-21 03:25:06,574 [pool-609-thread-1] INFO  server.RaftServerConfigKeys (ConfUtils.java:logGet(43)) - raft.server.rpc.timeout.min = 5s (custom)
2019-09-21 03:25:06,574 [pool-649-thread-1] INFO  server.RaftServerConfigKeys (ConfUtils.java:logGet(43)) - raft.server.sleep.deviation.threshold = 300 (default)
2019-09-21 03:25:06,574 [pool-609-thread-1] INFO  server.RaftServerConfigKeys (ConfUtils.java:logGet(43)) - raft.server.rpc.timeout.max = 5200ms (custom)
2019-09-21 03:25:06,574 [pool-649-thread-1] INFO  server.RaftServerConfigKeys (ConfUtils.java:logGet(43)) - raft.server.log.appender.install.snapshot.enabled = false (custom)
2019-09-21 03:25:06,574 [pool-609-thread-1] INFO  server.RaftServerConfigKeys (ConfUtils.java:logGet(43)) - raft.server.rpcslowness.timeout = 120s (custom)
2019-09-21 03:25:06,574 [pool-649-thread-1] INFO  impl.RaftServerImpl (ServerState.java:<init>(103)) - 43f24444-fa9f-41f4-ae9a-436f4803900c@group-E5F1F7E7DAC4: ConfigurationManager, init=-1: [7ca5dcda-481a-4746-825e-0b0407a7007f:192.168.36.122:34413, 43f24444-fa9f-41f4-ae9a-436f4803900c:192.168.36.122:38765, 13e42e29-0b35-4bd9-9d07-0e801b0bf72d:192.168.36.122:44151], old=null, confs=<EMPTY_MAP>
2019-09-21 03:25:06,575 [pool-609-thread-1] INFO  server.RaftServerConfigKeys (ConfUtils.java:logGet(43)) - raft.server.sleep.deviation.threshold = 300 (default)
2019-09-21 03:25:06,575 [pool-649-thread-1] INFO  server.RaftServerConfigKeys (ConfUtils.java:logGet(43)) - raft.server.storage.dir = [/workdir/hadoop-ozone/integration-test/target/test-dir/MiniOzoneClusterImpl-49ccd39e-0a95-490c-a5ec-4c0d204ae341/datanode-6/data/ratis] (custom)
2019-09-21 03:25:06,575 [pool-609-thread-1] INFO  server.RaftServerConfigKeys (ConfUtils.java:logGet(43)) - raft.server.log.appender.install.snapshot.enabled = false (custom)
2019-09-21 03:25:06,575 [pool-609-thread-1] INFO  impl.RaftServerImpl (ServerState.java:<init>(103)) - 13e42e29-0b35-4bd9-9d07-0e801b0bf72d@group-E5F1F7E7DAC4: ConfigurationManager, init=-1: [7ca5dcda-481a-4746-825e-0b0407a7007f:192.168.36.122:34413, 43f24444-fa9f-41f4-ae9a-436f4803900c:192.168.36.122:38765, 13e42e29-0b35-4bd9-9d07-0e801b0bf72d:192.168.36.122:44151], old=null, confs=<EMPTY_MAP>
2019-09-21 03:25:06,575 [pool-649-thread-1] INFO  storage.RaftStorageDirectory (RaftStorageDirectory.java:analyzeStorage(246)) - The storage directory /workdir/hadoop-ozone/integration-test/target/test-dir/MiniOzoneClusterImpl-49ccd39e-0a95-490c-a5ec-4c0d204ae341/datanode-6/data/ratis/cb4edd8b-3029-43bf-994f-e5f1f7e7dac4 does not exist. Creating ...
2019-09-21 03:25:06,575 [pool-609-thread-1] INFO  server.RaftServerConfigKeys (ConfUtils.java:logGet(43)) - raft.server.storage.dir = [/workdir/hadoop-ozone/integration-test/target/test-dir/MiniOzoneClusterImpl-49ccd39e-0a95-490c-a5ec-4c0d204ae341/datanode-2/data/ratis] (custom)
2019-09-21 03:25:06,576 [pool-609-thread-1] INFO  storage.RaftStorageDirectory (RaftStorageDirectory.java:analyzeStorage(246)) - The storage directory /workdir/hadoop-ozone/integration-test/target/test-dir/MiniOzoneClusterImpl-49ccd39e-0a95-490c-a5ec-4c0d204ae341/datanode-2/data/ratis/cb4edd8b-3029-43bf-994f-e5f1f7e7dac4 does not exist. Creating ...
2019-09-21 03:25:06,606 [pool-649-thread-1] INFO  storage.RaftStorageDirectory (RaftStorageDirectory.java:tryLock(328)) - Lock on /workdir/hadoop-ozone/integration-test/target/test-dir/MiniOzoneClusterImpl-49ccd39e-0a95-490c-a5ec-4c0d204ae341/datanode-6/data/ratis/cb4edd8b-3029-43bf-994f-e5f1f7e7dac4/in_use.lock acquired by nodename 24290@pr-hdds-2161-42js2-1613171706
2019-09-21 03:25:06,606 [pool-609-thread-1] INFO  storage.RaftStorageDirectory (RaftStorageDirectory.java:tryLock(328)) - Lock on /workdir/hadoop-ozone/integration-test/target/test-dir/MiniOzoneClusterImpl-49ccd39e-0a95-490c-a5ec-4c0d204ae341/datanode-2/data/ratis/cb4edd8b-3029-43bf-994f-e5f1f7e7dac4/in_use.lock acquired by nodename 24290@pr-hdds-2161-42js2-1613171706
2019-09-21 03:25:06,606 [pool-619-thread-1] INFO  storage.RaftStorageDirectory (RaftStorageDirectory.java:tryLock(328)) - Lock on /workdir/hadoop-ozone/integration-test/target/test-dir/MiniOzoneClusterImpl-49ccd39e-0a95-490c-a5ec-4c0d204ae341/datanode-3/data/ratis/cb4edd8b-3029-43bf-994f-e5f1f7e7dac4/in_use.lock acquired by nodename 24290@pr-hdds-2161-42js2-1613171706
2019-09-21 03:25:06,632 [pool-619-thread-1] INFO  storage.RaftStorage (RaftStorage.java:format(72)) - Storage directory /workdir/hadoop-ozone/integration-test/target/test-dir/MiniOzoneClusterImpl-49ccd39e-0a95-490c-a5ec-4c0d204ae341/datanode-3/data/ratis/cb4edd8b-3029-43bf-994f-e5f1f7e7dac4 has been successfully formatted.
2019-09-21 03:25:06,632 [pool-649-thread-1] INFO  storage.RaftStorage (RaftStorage.java:format(72)) - Storage directory /workdir/hadoop-ozone/integration-test/target/test-dir/MiniOzoneClusterImpl-49ccd39e-0a95-490c-a5ec-4c0d204ae341/datanode-6/data/ratis/cb4edd8b-3029-43bf-994f-e5f1f7e7dac4 has been successfully formatted.
2019-09-21 03:25:06,632 [pool-609-thread-1] INFO  storage.RaftStorage (RaftStorage.java:format(72)) - Storage directory /workdir/hadoop-ozone/integration-test/target/test-dir/MiniOzoneClusterImpl-49ccd39e-0a95-490c-a5ec-4c0d204ae341/datanode-2/data/ratis/cb4edd8b-3029-43bf-994f-e5f1f7e7dac4 has been successfully formatted.
2019-09-21 03:25:06,633 [pool-649-thread-1] INFO  ratis.ContainerStateMachine (ContainerStateMachine.java:loadSnapshot(230)) - group-E5F1F7E7DAC4: The snapshot info is null. Setting the last applied indexto:(t:0, i:~)
2019-09-21 03:25:06,632 [pool-619-thread-1] INFO  ratis.ContainerStateMachine (ContainerStateMachine.java:loadSnapshot(230)) - group-E5F1F7E7DAC4: The snapshot info is null. Setting the last applied indexto:(t:0, i:~)
2019-09-21 03:25:06,633 [pool-649-thread-1] INFO  server.RaftServerConfigKeys (ConfUtils.java:logGet(43)) - raft.server.notification.no-leader.timeout = 120s (custom)
2019-09-21 03:25:06,633 [pool-609-thread-1] INFO  ratis.ContainerStateMachine (ContainerStateMachine.java:loadSnapshot(230)) - group-E5F1F7E7DAC4: The snapshot info is null. Setting the last applied indexto:(t:0, i:~)
2019-09-21 03:25:06,633 [pool-649-thread-1] INFO  server.RaftServerConfigKeys (ConfUtils.java:logGet(43)) - raft.server.log.use.memory = false (default)
2019-09-21 03:25:06,633 [pool-619-thread-1] INFO  server.RaftServerConfigKeys (ConfUtils.java:logGet(43)) - raft.server.notification.no-leader.timeout = 120s (custom)
2019-09-21 03:25:06,633 [pool-649-thread-1] INFO  server.RaftServerConfigKeys (ConfUtils.java:logGet(43)) - raft.server.log.purge.gap = 1000000 (custom)
2019-09-21 03:25:06,633 [pool-609-thread-1] INFO  server.RaftServerConfigKeys (ConfUtils.java:logGet(43)) - raft.server.notification.no-leader.timeout = 120s (custom)
2019-09-21 03:25:06,634 [pool-649-thread-1] INFO  server.RaftServerConfigKeys (ConfUtils.java:logGet(43)) - raft.server.log.appender.buffer.byte-limit = 33554432 (custom)
2019-09-21 03:25:06,633 [pool-619-thread-1] INFO  server.RaftServerConfigKeys (ConfUtils.java:logGet(43)) - raft.server.log.use.memory = false (default)
2019-09-21 03:25:06,634 [pool-649-thread-1] INFO  server.RaftServerConfigKeys (ConfUtils.java:logGet(43)) - raft.server.log.segment.size.max = 1048576 (custom)
2019-09-21 03:25:06,634 [pool-609-thread-1] INFO  server.RaftServerConfigKeys (ConfUtils.java:logGet(43)) - raft.server.log.use.memory = false (default)
2019-09-21 03:25:06,634 [pool-649-thread-1] INFO  server.RaftServerConfigKeys (ConfUtils.java:logGet(43)) - raft.server.log.segment.cache.num.max = 2 (custom)
2019-09-21 03:25:06,634 [pool-619-thread-1] INFO  server.RaftServerConfigKeys (ConfUtils.java:logGet(43)) - raft.server.log.purge.gap = 1000000 (custom)
2019-09-21 03:25:06,634 [pool-649-thread-1] INFO  segmented.SegmentedRaftLogWorker (SegmentedRaftLogWorker.java:<init>(172)) - new 43f24444-fa9f-41f4-ae9a-436f4803900c@group-E5F1F7E7DAC4-SegmentedRaftLogWorker for RaftStorage:Storage Directory /workdir/hadoop-ozone/integration-test/target/test-dir/MiniOzoneClusterImpl-49ccd39e-0a95-490c-a5ec-4c0d204ae341/datanode-6/data/ratis/cb4edd8b-3029-43bf-994f-e5f1f7e7dac4
2019-09-21 03:25:06,634 [pool-609-thread-1] INFO  server.RaftServerConfigKeys (ConfUtils.java:logGet(43)) - raft.server.log.purge.gap = 1000000 (custom)
2019-09-21 03:25:06,635 [pool-649-thread-1] INFO  server.RaftServerConfigKeys (ConfUtils.java:logGet(43)) - raft.server.log.queue.byte-limit = 2147483647 (custom)
2019-09-21 03:25:06,635 [pool-619-thread-1] INFO  server.RaftServerConfigKeys (ConfUtils.java:logGet(43)) - raft.server.log.appender.buffer.byte-limit = 33554432 (custom)
2019-09-21 03:25:06,635 [pool-649-thread-1] INFO  server.RaftServerConfigKeys (ConfUtils.java:logGet(43)) - raft.server.log.queue.element-limit = 1024 (custom)
2019-09-21 03:25:06,635 [pool-609-thread-1] INFO  server.RaftServerConfigKeys (ConfUtils.java:logGet(43)) - raft.server.log.appender.buffer.byte-limit = 33554432 (custom)
2019-09-21 03:25:06,635 [pool-649-thread-1] INFO  server.RaftServerConfigKeys (ConfUtils.java:logGet(43)) - raft.server.log.segment.size.max = 1048576 (custom)
2019-09-21 03:25:06,635 [pool-619-thread-1] INFO  server.RaftServerConfigKeys (ConfUtils.java:logGet(43)) - raft.server.log.segment.size.max = 1048576 (custom)
2019-09-21 03:25:06,635 [pool-649-thread-1] INFO  server.RaftServerConfigKeys (ConfUtils.java:logGet(43)) - raft.server.log.preallocated.size = 16384 (custom)
2019-09-21 03:25:06,635 [pool-609-thread-1] INFO  server.RaftServerConfigKeys (ConfUtils.java:logGet(43)) - raft.server.log.segment.size.max = 1048576 (custom)
2019-09-21 03:25:06,636 [pool-649-thread-1] INFO  server.RaftServerConfigKeys (ConfUtils.java:logGet(43)) - raft.server.log.write.buffer.size = 33554432 (custom)
2019-09-21 03:25:06,636 [pool-619-thread-1] INFO  server.RaftServerConfigKeys (ConfUtils.java:logGet(43)) - raft.server.log.segment.cache.num.max = 2 (custom)
2019-09-21 03:25:06,636 [pool-649-thread-1] INFO  server.RaftServerConfigKeys (ConfUtils.java:logGet(43)) - raft.server.log.force.sync.num = 128 (default)
2019-09-21 03:25:06,636 [pool-609-thread-1] INFO  server.RaftServerConfigKeys (ConfUtils.java:logGet(43)) - raft.server.log.segment.cache.num.max = 2 (custom)
2019-09-21 03:25:06,636 [pool-649-thread-1] INFO  server.RaftServerConfigKeys (ConfUtils.java:logGet(43)) - raft.server.log.statemachine.data.sync = true (default)
2019-09-21 03:25:06,636 [pool-619-thread-1] INFO  segmented.SegmentedRaftLogWorker (SegmentedRaftLogWorker.java:<init>(172)) - new 7ca5dcda-481a-4746-825e-0b0407a7007f@group-E5F1F7E7DAC4-SegmentedRaftLogWorker for RaftStorage:Storage Directory /workdir/hadoop-ozone/integration-test/target/test-dir/MiniOzoneClusterImpl-49ccd39e-0a95-490c-a5ec-4c0d204ae341/datanode-3/data/ratis/cb4edd8b-3029-43bf-994f-e5f1f7e7dac4
2019-09-21 03:25:06,637 [pool-649-thread-1] INFO  server.RaftServerConfigKeys (ConfUtils.java:logGet(43)) - raft.server.log.statemachine.data.sync.timeout = 10s (default)
2019-09-21 03:25:06,636 [pool-609-thread-1] INFO  segmented.SegmentedRaftLogWorker (SegmentedRaftLogWorker.java:<init>(172)) - new 13e42e29-0b35-4bd9-9d07-0e801b0bf72d@group-E5F1F7E7DAC4-SegmentedRaftLogWorker for RaftStorage:Storage Directory /workdir/hadoop-ozone/integration-test/target/test-dir/MiniOzoneClusterImpl-49ccd39e-0a95-490c-a5ec-4c0d204ae341/datanode-2/data/ratis/cb4edd8b-3029-43bf-994f-e5f1f7e7dac4
2019-09-21 03:25:06,637 [pool-649-thread-1] INFO  server.RaftServerConfigKeys (ConfUtils.java:logGet(43)) - raft.server.log.statemachine.data.sync.timeout.retry = -1 (default)
2019-09-21 03:25:06,637 [pool-619-thread-1] INFO  server.RaftServerConfigKeys (ConfUtils.java:logGet(43)) - raft.server.log.queue.byte-limit = 2147483647 (custom)
2019-09-21 03:25:06,637 [pool-649-thread-1] INFO  server.RaftServerConfigKeys (ConfUtils.java:logGet(43)) - raft.server.log.statemachine.data.caching.enabled = true (custom)
2019-09-21 03:25:06,637 [pool-609-thread-1] INFO  server.RaftServerConfigKeys (ConfUtils.java:logGet(43)) - raft.server.log.queue.byte-limit = 2147483647 (custom)
2019-09-21 03:25:06,637 [pool-619-thread-1] INFO  server.RaftServerConfigKeys (ConfUtils.java:logGet(43)) - raft.server.log.queue.element-limit = 1024 (custom)
2019-09-21 03:25:06,637 [pool-649-thread-1] INFO  segmented.SegmentedRaftLogWorker (SegmentedRaftLogWorker.java:lambda$new$0(132)) - 43f24444-fa9f-41f4-ae9a-436f4803900c@group-E5F1F7E7DAC4-SegmentedRaftLogWorker: flushIndex: setUnconditionally 0 -> -1
2019-09-21 03:25:06,637 [pool-609-thread-1] INFO  server.RaftServerConfigKeys (ConfUtils.java:logGet(43)) - raft.server.log.queue.element-limit = 1024 (custom)
2019-09-21 03:25:06,638 [pool-619-thread-1] INFO  server.RaftServerConfigKeys (ConfUtils.java:logGet(43)) - raft.server.log.segment.size.max = 1048576 (custom)
2019-09-21 03:25:06,638 [pool-609-thread-1] INFO  server.RaftServerConfigKeys (ConfUtils.java:logGet(43)) - raft.server.log.segment.size.max = 1048576 (custom)
2019-09-21 03:25:06,638 [pool-649-thread-1] INFO  server.RaftServerConfigKeys (ConfUtils.java:logGet(43)) - raft.server.snapshot.auto.trigger.enabled = true (custom)
2019-09-21 03:25:06,638 [pool-609-thread-1] INFO  server.RaftServerConfigKeys (ConfUtils.java:logGet(43)) - raft.server.log.preallocated.size = 16384 (custom)
2019-09-21 03:25:06,638 [pool-619-thread-1] INFO  server.RaftServerConfigKeys (ConfUtils.java:logGet(43)) - raft.server.log.preallocated.size = 16384 (custom)
2019-09-21 03:25:06,638 [pool-609-thread-1] INFO  server.RaftServerConfigKeys (ConfUtils.java:logGet(43)) - raft.server.log.write.buffer.size = 33554432 (custom)
2019-09-21 03:25:06,638 [pool-649-thread-1] INFO  server.RaftServerConfigKeys (ConfUtils.java:logGet(43)) - raft.server.snapshot.auto.trigger.threshold = 10000 (custom)
2019-09-21 03:25:06,639 [pool-609-thread-1] INFO  server.RaftServerConfigKeys (ConfUtils.java:logGet(43)) - raft.server.log.force.sync.num = 128 (default)
2019-09-21 03:25:06,639 [pool-619-thread-1] INFO  server.RaftServerConfigKeys (ConfUtils.java:logGet(43)) - raft.server.log.write.buffer.size = 33554432 (custom)
2019-09-21 03:25:06,639 [pool-609-thread-1] INFO  server.RaftServerConfigKeys (ConfUtils.java:logGet(43)) - raft.server.log.statemachine.data.sync = true (default)
2019-09-21 03:25:06,639 [pool-649-thread-1] INFO  server.RaftServerConfigKeys (ConfUtils.java:logGet(43)) - raft.server.snapshot.retention.num.files = 5 (custom)
2019-09-21 03:25:06,639 [pool-609-thread-1] INFO  server.RaftServerConfigKeys (ConfUtils.java:logGet(43)) - raft.server.log.statemachine.data.sync.timeout = 10s (default)
2019-09-21 03:25:06,639 [pool-619-thread-1] INFO  server.RaftServerConfigKeys (ConfUtils.java:logGet(43)) - raft.server.log.force.sync.num = 128 (default)
2019-09-21 03:25:06,639 [pool-609-thread-1] INFO  server.RaftServerConfigKeys (ConfUtils.java:logGet(43)) - raft.server.log.statemachine.data.sync.timeout.retry = -1 (default)
2019-09-21 03:25:06,639 [pool-649-thread-1] INFO  server.RaftServerConfigKeys (ConfUtils.java:logGet(43)) - raft.server.retrycache.expirytime = 600000ms (custom)
2019-09-21 03:25:06,640 [pool-609-thread-1] INFO  server.RaftServerConfigKeys (ConfUtils.java:logGet(43)) - raft.server.log.statemachine.data.caching.enabled = true (custom)
2019-09-21 03:25:06,640 [pool-619-thread-1] INFO  server.RaftServerConfigKeys (ConfUtils.java:logGet(43)) - raft.server.log.statemachine.data.sync = true (default)
2019-09-21 03:25:06,640 [pool-619-thread-1] INFO  server.RaftServerConfigKeys (ConfUtils.java:logGet(43)) - raft.server.log.statemachine.data.sync.timeout = 10s (default)
2019-09-21 03:25:06,640 [pool-609-thread-1] INFO  segmented.SegmentedRaftLogWorker (SegmentedRaftLogWorker.java:lambda$new$0(132)) - 13e42e29-0b35-4bd9-9d07-0e801b0bf72d@group-E5F1F7E7DAC4-SegmentedRaftLogWorker: flushIndex: setUnconditionally 0 -> -1
2019-09-21 03:25:06,640 [pool-619-thread-1] INFO  server.RaftServerConfigKeys (ConfUtils.java:logGet(43)) - raft.server.log.statemachine.data.sync.timeout.retry = -1 (default)
2019-09-21 03:25:06,640 [pool-619-thread-1] INFO  server.RaftServerConfigKeys (ConfUtils.java:logGet(43)) - raft.server.log.statemachine.data.caching.enabled = true (custom)
2019-09-21 03:25:06,641 [pool-609-thread-1] INFO  server.RaftServerConfigKeys (ConfUtils.java:logGet(43)) - raft.server.snapshot.auto.trigger.enabled = true (custom)
2019-09-21 03:25:06,641 [pool-619-thread-1] INFO  segmented.SegmentedRaftLogWorker (SegmentedRaftLogWorker.java:lambda$new$0(132)) - 7ca5dcda-481a-4746-825e-0b0407a7007f@group-E5F1F7E7DAC4-SegmentedRaftLogWorker: flushIndex: setUnconditionally 0 -> -1
2019-09-21 03:25:06,641 [pool-609-thread-1] INFO  server.RaftServerConfigKeys (ConfUtils.java:logGet(43)) - raft.server.snapshot.auto.trigger.threshold = 10000 (custom)
2019-09-21 03:25:06,641 [pool-609-thread-1] INFO  server.RaftServerConfigKeys (ConfUtils.java:logGet(43)) - raft.server.snapshot.retention.num.files = 5 (custom)
2019-09-21 03:25:06,641 [pool-619-thread-1] INFO  server.RaftServerConfigKeys (ConfUtils.java:logGet(43)) - raft.server.snapshot.auto.trigger.enabled = true (custom)
2019-09-21 03:25:06,641 [pool-609-thread-1] INFO  server.RaftServerConfigKeys (ConfUtils.java:logGet(43)) - raft.server.retrycache.expirytime = 600000ms (custom)
2019-09-21 03:25:06,641 [pool-619-thread-1] INFO  server.RaftServerConfigKeys (ConfUtils.java:logGet(43)) - raft.server.snapshot.auto.trigger.threshold = 10000 (custom)
2019-09-21 03:25:06,641 [pool-619-thread-1] INFO  server.RaftServerConfigKeys (ConfUtils.java:logGet(43)) - raft.server.snapshot.retention.num.files = 5 (custom)
2019-09-21 03:25:06,642 [pool-619-thread-1] INFO  server.RaftServerConfigKeys (ConfUtils.java:logGet(43)) - raft.server.retrycache.expirytime = 600000ms (custom)
2019-09-21 03:25:06,642 [pool-649-thread-1] INFO  impl.RaftServerImpl (RaftServerImpl.java:start(185)) - 43f24444-fa9f-41f4-ae9a-436f4803900c@group-E5F1F7E7DAC4: start as a follower, conf=-1: [7ca5dcda-481a-4746-825e-0b0407a7007f:192.168.36.122:34413, 43f24444-fa9f-41f4-ae9a-436f4803900c:192.168.36.122:38765, 13e42e29-0b35-4bd9-9d07-0e801b0bf72d:192.168.36.122:44151], old=null
2019-09-21 03:25:06,642 [pool-649-thread-1] INFO  impl.RaftServerImpl (RaftServerImpl.java:setRole(174)) - 43f24444-fa9f-41f4-ae9a-436f4803900c@group-E5F1F7E7DAC4: changes role from      null to FOLLOWER at term 0 for startAsFollower
2019-09-21 03:25:06,642 [pool-649-thread-1] INFO  impl.RoleInfo (RoleInfo.java:updateAndGet(143)) - 43f24444-fa9f-41f4-ae9a-436f4803900c: start FollowerState
2019-09-21 03:25:06,642 [pool-649-thread-1] INFO  util.JmxRegister (JmxRegister.java:tryRegister(44)) - Successfully registered JMX Bean with object name Ratis:service=RaftServer,group=group-E5F1F7E7DAC4,id=43f24444-fa9f-41f4-ae9a-436f4803900c
2019-09-21 03:25:06,643 [pool-609-thread-1] INFO  impl.RaftServerImpl (RaftServerImpl.java:start(185)) - 13e42e29-0b35-4bd9-9d07-0e801b0bf72d@group-E5F1F7E7DAC4: start as a follower, conf=-1: [7ca5dcda-481a-4746-825e-0b0407a7007f:192.168.36.122:34413, 43f24444-fa9f-41f4-ae9a-436f4803900c:192.168.36.122:38765, 13e42e29-0b35-4bd9-9d07-0e801b0bf72d:192.168.36.122:44151], old=null
2019-09-21 03:25:06,644 [pool-609-thread-1] INFO  impl.RaftServerImpl (RaftServerImpl.java:setRole(174)) - 13e42e29-0b35-4bd9-9d07-0e801b0bf72d@group-E5F1F7E7DAC4: changes role from      null to FOLLOWER at term 0 for startAsFollower
2019-09-21 03:25:06,644 [pool-619-thread-1] INFO  impl.RaftServerImpl (RaftServerImpl.java:start(185)) - 7ca5dcda-481a-4746-825e-0b0407a7007f@group-E5F1F7E7DAC4: start as a follower, conf=-1: [7ca5dcda-481a-4746-825e-0b0407a7007f:192.168.36.122:34413, 43f24444-fa9f-41f4-ae9a-436f4803900c:192.168.36.122:38765, 13e42e29-0b35-4bd9-9d07-0e801b0bf72d:192.168.36.122:44151], old=null
2019-09-21 03:25:06,644 [pool-609-thread-1] INFO  impl.RoleInfo (RoleInfo.java:updateAndGet(143)) - 13e42e29-0b35-4bd9-9d07-0e801b0bf72d: start FollowerState
2019-09-21 03:25:06,644 [pool-619-thread-1] INFO  impl.RaftServerImpl (RaftServerImpl.java:setRole(174)) - 7ca5dcda-481a-4746-825e-0b0407a7007f@group-E5F1F7E7DAC4: changes role from      null to FOLLOWER at term 0 for startAsFollower
2019-09-21 03:25:06,644 [pool-619-thread-1] INFO  impl.RoleInfo (RoleInfo.java:updateAndGet(143)) - 7ca5dcda-481a-4746-825e-0b0407a7007f: start FollowerState
2019-09-21 03:25:06,644 [pool-609-thread-1] INFO  util.JmxRegister (JmxRegister.java:tryRegister(44)) - Successfully registered JMX Bean with object name Ratis:service=RaftServer,group=group-E5F1F7E7DAC4,id=13e42e29-0b35-4bd9-9d07-0e801b0bf72d
2019-09-21 03:25:06,644 [pool-619-thread-1] INFO  util.JmxRegister (JmxRegister.java:tryRegister(44)) - Successfully registered JMX Bean with object name Ratis:service=RaftServer,group=group-E5F1F7E7DAC4,id=7ca5dcda-481a-4746-825e-0b0407a7007f
2019-09-21 03:25:06,647 [RatisPipelineUtilsThread] INFO  pipeline.PipelineStateManager (PipelineStateManager.java:addPipeline(56)) - Created pipeline Pipeline[ Id: cb4edd8b-3029-43bf-994f-e5f1f7e7dac4, Nodes: 13e42e29-0b35-4bd9-9d07-0e801b0bf72d{ip: 192.168.36.122, host: pr-hdds-2161-42js2-1613171706, networkLocation: /default-rack, certSerialId: null}7ca5dcda-481a-4746-825e-0b0407a7007f{ip: 192.168.36.122, host: pr-hdds-2161-42js2-1613171706, networkLocation: /default-rack, certSerialId: null}43f24444-fa9f-41f4-ae9a-436f4803900c{ip: 192.168.36.122, host: pr-hdds-2161-42js2-1613171706, networkLocation: /default-rack, certSerialId: null}, Type:RATIS, Factor:THREE, State:OPEN]
2019-09-21 03:25:06,657 [grpc-default-executor-13] INFO  impl.RaftServerProxy (RaftServerProxy.java:addNew(89)) - e893f503-ce9f-499b-9cc7-29bacfc11840: addNew group-0E23D5785B30:[f01278b1-302b-4b97-a762-59556b6cd5ae:192.168.36.122:36478, de978da9-86a0-48f2-b522-8b80f701b0e5:192.168.36.122:34337, e893f503-ce9f-499b-9cc7-29bacfc11840:192.168.36.122:35739] returns group-0E23D5785B30:java.util.concurrent.CompletableFuture@21745e24[Not completed]
2019-09-21 03:25:06,658 [grpc-default-executor-4] INFO  impl.RaftServerProxy (RaftServerProxy.java:addNew(89)) - f01278b1-302b-4b97-a762-59556b6cd5ae: addNew group-0E23D5785B30:[f01278b1-302b-4b97-a762-59556b6cd5ae:192.168.36.122:36478, de978da9-86a0-48f2-b522-8b80f701b0e5:192.168.36.122:34337, e893f503-ce9f-499b-9cc7-29bacfc11840:192.168.36.122:35739] returns group-0E23D5785B30:java.util.concurrent.CompletableFuture@35a1bcd0[Not completed]
2019-09-21 03:25:06,660 [grpc-default-executor-14] INFO  impl.RaftServerProxy (RaftServerProxy.java:addNew(89)) - de978da9-86a0-48f2-b522-8b80f701b0e5: addNew group-0E23D5785B30:[f01278b1-302b-4b97-a762-59556b6cd5ae:192.168.36.122:36478, de978da9-86a0-48f2-b522-8b80f701b0e5:192.168.36.122:34337, e893f503-ce9f-499b-9cc7-29bacfc11840:192.168.36.122:35739] returns group-0E23D5785B30:java.util.concurrent.CompletableFuture@aedd860[Not completed]
2019-09-21 03:25:06,661 [pool-639-thread-1] INFO  impl.RaftServerImpl (RaftServerImpl.java:<init>(95)) - e893f503-ce9f-499b-9cc7-29bacfc11840: new RaftServerImpl for group-0E23D5785B30:[f01278b1-302b-4b97-a762-59556b6cd5ae:192.168.36.122:36478, de978da9-86a0-48f2-b522-8b80f701b0e5:192.168.36.122:34337, e893f503-ce9f-499b-9cc7-29bacfc11840:192.168.36.122:35739] with ContainerStateMachine:uninitialized
2019-09-21 03:25:06,661 [pool-639-thread-1] INFO  server.RaftServerConfigKeys (ConfUtils.java:logGet(43)) - raft.server.rpc.timeout.min = 5s (custom)
2019-09-21 03:25:06,661 [pool-639-thread-1] INFO  server.RaftServerConfigKeys (ConfUtils.java:logGet(43)) - raft.server.rpc.timeout.max = 5200ms (custom)
2019-09-21 03:25:06,661 [pool-639-thread-1] INFO  server.RaftServerConfigKeys (ConfUtils.java:logGet(43)) - raft.server.rpcslowness.timeout = 120s (custom)
2019-09-21 03:25:06,661 [pool-639-thread-1] INFO  server.RaftServerConfigKeys (ConfUtils.java:logGet(43)) - raft.server.sleep.deviation.threshold = 300 (default)
2019-09-21 03:25:06,661 [pool-629-thread-1] INFO  impl.RaftServerImpl (RaftServerImpl.java:<init>(95)) - de978da9-86a0-48f2-b522-8b80f701b0e5: new RaftServerImpl for group-0E23D5785B30:[f01278b1-302b-4b97-a762-59556b6cd5ae:192.168.36.122:36478, de978da9-86a0-48f2-b522-8b80f701b0e5:192.168.36.122:34337, e893f503-ce9f-499b-9cc7-29bacfc11840:192.168.36.122:35739] with ContainerStateMachine:uninitialized
2019-09-21 03:25:06,661 [pool-639-thread-1] INFO  server.RaftServerConfigKeys (ConfUtils.java:logGet(43)) - raft.server.log.appender.install.snapshot.enabled = false (custom)
2019-09-21 03:25:06,662 [pool-629-thread-1] INFO  server.RaftServerConfigKeys (ConfUtils.java:logGet(43)) - raft.server.rpc.timeout.min = 5s (custom)
2019-09-21 03:25:06,662 [pool-639-thread-1] INFO  impl.RaftServerImpl (ServerState.java:<init>(103)) - e893f503-ce9f-499b-9cc7-29bacfc11840@group-0E23D5785B30: ConfigurationManager, init=-1: [f01278b1-302b-4b97-a762-59556b6cd5ae:192.168.36.122:36478, de978da9-86a0-48f2-b522-8b80f701b0e5:192.168.36.122:34337, e893f503-ce9f-499b-9cc7-29bacfc11840:192.168.36.122:35739], old=null, confs=<EMPTY_MAP>
2019-09-21 03:25:06,662 [pool-589-thread-1] INFO  impl.RaftServerImpl (RaftServerImpl.java:<init>(95)) - f01278b1-302b-4b97-a762-59556b6cd5ae: new RaftServerImpl for group-0E23D5785B30:[f01278b1-302b-4b97-a762-59556b6cd5ae:192.168.36.122:36478, de978da9-86a0-48f2-b522-8b80f701b0e5:192.168.36.122:34337, e893f503-ce9f-499b-9cc7-29bacfc11840:192.168.36.122:35739] with ContainerStateMachine:uninitialized
2019-09-21 03:25:06,662 [pool-639-thread-1] INFO  server.RaftServerConfigKeys (ConfUtils.java:logGet(43)) - raft.server.storage.dir = [/workdir/hadoop-ozone/integration-test/target/test-dir/MiniOzoneClusterImpl-49ccd39e-0a95-490c-a5ec-4c0d204ae341/datanode-5/data/ratis] (custom)
2019-09-21 03:25:06,662 [pool-629-thread-1] INFO  server.RaftServerConfigKeys (ConfUtils.java:logGet(43)) - raft.server.rpc.timeout.max = 5200ms (custom)
2019-09-21 03:25:06,662 [pool-589-thread-1] INFO  server.RaftServerConfigKeys (ConfUtils.java:logGet(43)) - raft.server.rpc.timeout.min = 5s (custom)
2019-09-21 03:25:06,662 [pool-639-thread-1] INFO  storage.RaftStorageDirectory (RaftStorageDirectory.java:analyzeStorage(246)) - The storage directory /workdir/hadoop-ozone/integration-test/target/test-dir/MiniOzoneClusterImpl-49ccd39e-0a95-490c-a5ec-4c0d204ae341/datanode-5/data/ratis/3b1ea6c2-88f2-4b10-b525-0e23d5785b30 does not exist. Creating ...
2019-09-21 03:25:06,662 [pool-629-thread-1] INFO  server.RaftServerConfigKeys (ConfUtils.java:logGet(43)) - raft.server.rpcslowness.timeout = 120s (custom)
2019-09-21 03:25:06,662 [pool-589-thread-1] INFO  server.RaftServerConfigKeys (ConfUtils.java:logGet(43)) - raft.server.rpc.timeout.max = 5200ms (custom)
2019-09-21 03:25:06,663 [pool-629-thread-1] INFO  server.RaftServerConfigKeys (ConfUtils.java:logGet(43)) - raft.server.sleep.deviation.threshold = 300 (default)
2019-09-21 03:25:06,663 [pool-589-thread-1] INFO  server.RaftServerConfigKeys (ConfUtils.java:logGet(43)) - raft.server.rpcslowness.timeout = 120s (custom)
2019-09-21 03:25:06,663 [pool-629-thread-1] INFO  server.RaftServerConfigKeys (ConfUtils.java:logGet(43)) - raft.server.log.appender.install.snapshot.enabled = false (custom)
2019-09-21 03:25:06,663 [pool-589-thread-1] INFO  server.RaftServerConfigKeys (ConfUtils.java:logGet(43)) - raft.server.sleep.deviation.threshold = 300 (default)
2019-09-21 03:25:06,663 [pool-629-thread-1] INFO  impl.RaftServerImpl (ServerState.java:<init>(103)) - de978da9-86a0-48f2-b522-8b80f701b0e5@group-0E23D5785B30: ConfigurationManager, init=-1: [f01278b1-302b-4b97-a762-59556b6cd5ae:192.168.36.122:36478, de978da9-86a0-48f2-b522-8b80f701b0e5:192.168.36.122:34337, e893f503-ce9f-499b-9cc7-29bacfc11840:192.168.36.122:35739], old=null, confs=<EMPTY_MAP>
2019-09-21 03:25:06,663 [pool-589-thread-1] INFO  server.RaftServerConfigKeys (ConfUtils.java:logGet(43)) - raft.server.log.appender.install.snapshot.enabled = false (custom)
2019-09-21 03:25:06,663 [pool-629-thread-1] INFO  server.RaftServerConfigKeys (ConfUtils.java:logGet(43)) - raft.server.storage.dir = [/workdir/hadoop-ozone/integration-test/target/test-dir/MiniOzoneClusterImpl-49ccd39e-0a95-490c-a5ec-4c0d204ae341/datanode-4/data/ratis] (custom)
2019-09-21 03:25:06,663 [pool-589-thread-1] INFO  impl.RaftServerImpl (ServerState.java:<init>(103)) - f01278b1-302b-4b97-a762-59556b6cd5ae@group-0E23D5785B30: ConfigurationManager, init=-1: [f01278b1-302b-4b97-a762-59556b6cd5ae:192.168.36.122:36478, de978da9-86a0-48f2-b522-8b80f701b0e5:192.168.36.122:34337, e893f503-ce9f-499b-9cc7-29bacfc11840:192.168.36.122:35739], old=null, confs=<EMPTY_MAP>
2019-09-21 03:25:06,664 [pool-589-thread-1] INFO  server.RaftServerConfigKeys (ConfUtils.java:logGet(43)) - raft.server.storage.dir = [/workdir/hadoop-ozone/integration-test/target/test-dir/MiniOzoneClusterImpl-49ccd39e-0a95-490c-a5ec-4c0d204ae341/datanode-0/data/ratis] (custom)
2019-09-21 03:25:06,664 [pool-629-thread-1] INFO  storage.RaftStorageDirectory (RaftStorageDirectory.java:analyzeStorage(246)) - The storage directory /workdir/hadoop-ozone/integration-test/target/test-dir/MiniOzoneClusterImpl-49ccd39e-0a95-490c-a5ec-4c0d204ae341/datanode-4/data/ratis/3b1ea6c2-88f2-4b10-b525-0e23d5785b30 does not exist. Creating ...
2019-09-21 03:25:06,664 [pool-589-thread-1] INFO  storage.RaftStorageDirectory (RaftStorageDirectory.java:analyzeStorage(246)) - The storage directory /workdir/hadoop-ozone/integration-test/target/test-dir/MiniOzoneClusterImpl-49ccd39e-0a95-490c-a5ec-4c0d204ae341/datanode-0/data/ratis/3b1ea6c2-88f2-4b10-b525-0e23d5785b30 does not exist. Creating ...
2019-09-21 03:25:06,695 [pool-639-thread-1] INFO  storage.RaftStorageDirectory (RaftStorageDirectory.java:tryLock(328)) - Lock on /workdir/hadoop-ozone/integration-test/target/test-dir/MiniOzoneClusterImpl-49ccd39e-0a95-490c-a5ec-4c0d204ae341/datanode-5/data/ratis/3b1ea6c2-88f2-4b10-b525-0e23d5785b30/in_use.lock acquired by nodename 24290@pr-hdds-2161-42js2-1613171706
2019-09-21 03:25:06,695 [pool-629-thread-1] INFO  storage.RaftStorageDirectory (RaftStorageDirectory.java:tryLock(328)) - Lock on /workdir/hadoop-ozone/integration-test/target/test-dir/MiniOzoneClusterImpl-49ccd39e-0a95-490c-a5ec-4c0d204ae341/datanode-4/data/ratis/3b1ea6c2-88f2-4b10-b525-0e23d5785b30/in_use.lock acquired by nodename 24290@pr-hdds-2161-42js2-1613171706
2019-09-21 03:25:06,695 [pool-589-thread-1] INFO  storage.RaftStorageDirectory (RaftStorageDirectory.java:tryLock(328)) - Lock on /workdir/hadoop-ozone/integration-test/target/test-dir/MiniOzoneClusterImpl-49ccd39e-0a95-490c-a5ec-4c0d204ae341/datanode-0/data/ratis/3b1ea6c2-88f2-4b10-b525-0e23d5785b30/in_use.lock acquired by nodename 24290@pr-hdds-2161-42js2-1613171706
2019-09-21 03:25:06,721 [pool-639-thread-1] INFO  storage.RaftStorage (RaftStorage.java:format(72)) - Storage directory /workdir/hadoop-ozone/integration-test/target/test-dir/MiniOzoneClusterImpl-49ccd39e-0a95-490c-a5ec-4c0d204ae341/datanode-5/data/ratis/3b1ea6c2-88f2-4b10-b525-0e23d5785b30 has been successfully formatted.
2019-09-21 03:25:06,721 [pool-589-thread-1] INFO  storage.RaftStorage (RaftStorage.java:format(72)) - Storage directory /workdir/hadoop-ozone/integration-test/target/test-dir/MiniOzoneClusterImpl-49ccd39e-0a95-490c-a5ec-4c0d204ae341/datanode-0/data/ratis/3b1ea6c2-88f2-4b10-b525-0e23d5785b30 has been successfully formatted.
2019-09-21 03:25:06,721 [pool-629-thread-1] INFO  storage.RaftStorage (RaftStorage.java:format(72)) - Storage directory /workdir/hadoop-ozone/integration-test/target/test-dir/MiniOzoneClusterImpl-49ccd39e-0a95-490c-a5ec-4c0d204ae341/datanode-4/data/ratis/3b1ea6c2-88f2-4b10-b525-0e23d5785b30 has been successfully formatted.
2019-09-21 03:25:06,721 [pool-589-thread-1] INFO  ratis.ContainerStateMachine (ContainerStateMachine.java:loadSnapshot(230)) - group-0E23D5785B30: The snapshot info is null. Setting the last applied indexto:(t:0, i:~)
2019-09-21 03:25:06,721 [pool-639-thread-1] INFO  ratis.ContainerStateMachine (ContainerStateMachine.java:loadSnapshot(230)) - group-0E23D5785B30: The snapshot info is null. Setting the last applied indexto:(t:0, i:~)
2019-09-21 03:25:06,722 [pool-589-thread-1] INFO  server.RaftServerConfigKeys (ConfUtils.java:logGet(43)) - raft.server.notification.no-leader.timeout = 120s (custom)
2019-09-21 03:25:06,722 [pool-629-thread-1] INFO  ratis.ContainerStateMachine (ContainerStateMachine.java:loadSnapshot(230)) - group-0E23D5785B30: The snapshot info is null. Setting the last applied indexto:(t:0, i:~)
2019-09-21 03:25:06,722 [pool-589-thread-1] INFO  server.RaftServerConfigKeys (ConfUtils.java:logGet(43)) - raft.server.log.use.memory = false (default)
2019-09-21 03:25:06,722 [pool-639-thread-1] INFO  server.RaftServerConfigKeys (ConfUtils.java:logGet(43)) - raft.server.notification.no-leader.timeout = 120s (custom)
2019-09-21 03:25:06,722 [pool-589-thread-1] INFO  server.RaftServerConfigKeys (ConfUtils.java:logGet(43)) - raft.server.log.purge.gap = 1000000 (custom)
2019-09-21 03:25:06,722 [pool-629-thread-1] INFO  server.RaftServerConfigKeys (ConfUtils.java:logGet(43)) - raft.server.notification.no-leader.timeout = 120s (custom)
2019-09-21 03:25:06,722 [pool-589-thread-1] INFO  server.RaftServerConfigKeys (ConfUtils.java:logGet(43)) - raft.server.log.appender.buffer.byte-limit = 33554432 (custom)
2019-09-21 03:25:06,722 [pool-639-thread-1] INFO  server.RaftServerConfigKeys (ConfUtils.java:logGet(43)) - raft.server.log.use.memory = false (default)
2019-09-21 03:25:06,723 [pool-589-thread-1] INFO  server.RaftServerConfigKeys (ConfUtils.java:logGet(43)) - raft.server.log.segment.size.max = 1048576 (custom)
2019-09-21 03:25:06,723 [pool-629-thread-1] INFO  server.RaftServerConfigKeys (ConfUtils.java:logGet(43)) - raft.server.log.use.memory = false (default)
2019-09-21 03:25:06,723 [pool-589-thread-1] INFO  server.RaftServerConfigKeys (ConfUtils.java:logGet(43)) - raft.server.log.segment.cache.num.max = 2 (custom)
2019-09-21 03:25:06,723 [pool-639-thread-1] INFO  server.RaftServerConfigKeys (ConfUtils.java:logGet(43)) - raft.server.log.purge.gap = 1000000 (custom)
2019-09-21 03:25:06,723 [pool-589-thread-1] INFO  segmented.SegmentedRaftLogWorker (SegmentedRaftLogWorker.java:<init>(172)) - new f01278b1-302b-4b97-a762-59556b6cd5ae@group-0E23D5785B30-SegmentedRaftLogWorker for RaftStorage:Storage Directory /workdir/hadoop-ozone/integration-test/target/test-dir/MiniOzoneClusterImpl-49ccd39e-0a95-490c-a5ec-4c0d204ae341/datanode-0/data/ratis/3b1ea6c2-88f2-4b10-b525-0e23d5785b30
2019-09-21 03:25:06,723 [pool-629-thread-1] INFO  server.RaftServerConfigKeys (ConfUtils.java:logGet(43)) - raft.server.log.purge.gap = 1000000 (custom)
2019-09-21 03:25:06,724 [pool-589-thread-1] INFO  server.RaftServerConfigKeys (ConfUtils.java:logGet(43)) - raft.server.log.queue.byte-limit = 2147483647 (custom)
2019-09-21 03:25:06,723 [pool-639-thread-1] INFO  server.RaftServerConfigKeys (ConfUtils.java:logGet(43)) - raft.server.log.appender.buffer.byte-limit = 33554432 (custom)
2019-09-21 03:25:06,724 [pool-589-thread-1] INFO  server.RaftServerConfigKeys (ConfUtils.java:logGet(43)) - raft.server.log.queue.element-limit = 1024 (custom)
2019-09-21 03:25:06,724 [pool-629-thread-1] INFO  server.RaftServerConfigKeys (ConfUtils.java:logGet(43)) - raft.server.log.appender.buffer.byte-limit = 33554432 (custom)
2019-09-21 03:25:06,724 [pool-589-thread-1] INFO  server.RaftServerConfigKeys (ConfUtils.java:logGet(43)) - raft.server.log.segment.size.max = 1048576 (custom)
2019-09-21 03:25:06,724 [pool-639-thread-1] INFO  server.RaftServerConfigKeys (ConfUtils.java:logGet(43)) - raft.server.log.segment.size.max = 1048576 (custom)
2019-09-21 03:25:06,724 [pool-589-thread-1] INFO  server.RaftServerConfigKeys (ConfUtils.java:logGet(43)) - raft.server.log.preallocated.size = 16384 (custom)
2019-09-21 03:25:06,724 [pool-629-thread-1] INFO  server.RaftServerConfigKeys (ConfUtils.java:logGet(43)) - raft.server.log.segment.size.max = 1048576 (custom)
2019-09-21 03:25:06,725 [pool-589-thread-1] INFO  server.RaftServerConfigKeys (ConfUtils.java:logGet(43)) - raft.server.log.write.buffer.size = 33554432 (custom)
2019-09-21 03:25:06,725 [pool-639-thread-1] INFO  server.RaftServerConfigKeys (ConfUtils.java:logGet(43)) - raft.server.log.segment.cache.num.max = 2 (custom)
2019-09-21 03:25:06,725 [pool-589-thread-1] INFO  server.RaftServerConfigKeys (ConfUtils.java:logGet(43)) - raft.server.log.force.sync.num = 128 (default)
2019-09-21 03:25:06,725 [pool-629-thread-1] INFO  server.RaftServerConfigKeys (ConfUtils.java:logGet(43)) - raft.server.log.segment.cache.num.max = 2 (custom)
2019-09-21 03:25:06,725 [pool-589-thread-1] INFO  server.RaftServerConfigKeys (ConfUtils.java:logGet(43)) - raft.server.log.statemachine.data.sync = true (default)
2019-09-21 03:25:06,725 [pool-639-thread-1] INFO  segmented.SegmentedRaftLogWorker (SegmentedRaftLogWorker.java:<init>(172)) - new e893f503-ce9f-499b-9cc7-29bacfc11840@group-0E23D5785B30-SegmentedRaftLogWorker for RaftStorage:Storage Directory /workdir/hadoop-ozone/integration-test/target/test-dir/MiniOzoneClusterImpl-49ccd39e-0a95-490c-a5ec-4c0d204ae341/datanode-5/data/ratis/3b1ea6c2-88f2-4b10-b525-0e23d5785b30
2019-09-21 03:25:06,726 [pool-589-thread-1] INFO  server.RaftServerConfigKeys (ConfUtils.java:logGet(43)) - raft.server.log.statemachine.data.sync.timeout = 10s (default)
2019-09-21 03:25:06,725 [pool-629-thread-1] INFO  segmented.SegmentedRaftLogWorker (SegmentedRaftLogWorker.java:<init>(172)) - new de978da9-86a0-48f2-b522-8b80f701b0e5@group-0E23D5785B30-SegmentedRaftLogWorker for RaftStorage:Storage Directory /workdir/hadoop-ozone/integration-test/target/test-dir/MiniOzoneClusterImpl-49ccd39e-0a95-490c-a5ec-4c0d204ae341/datanode-4/data/ratis/3b1ea6c2-88f2-4b10-b525-0e23d5785b30
2019-09-21 03:25:06,726 [pool-589-thread-1] INFO  server.RaftServerConfigKeys (ConfUtils.java:logGet(43)) - raft.server.log.statemachine.data.sync.timeout.retry = -1 (default)
2019-09-21 03:25:06,726 [pool-639-thread-1] INFO  server.RaftServerConfigKeys (ConfUtils.java:logGet(43)) - raft.server.log.queue.byte-limit = 2147483647 (custom)
2019-09-21 03:25:06,726 [pool-589-thread-1] INFO  server.RaftServerConfigKeys (ConfUtils.java:logGet(43)) - raft.server.log.statemachine.data.caching.enabled = true (custom)
2019-09-21 03:25:06,726 [pool-629-thread-1] INFO  server.RaftServerConfigKeys (ConfUtils.java:logGet(43)) - raft.server.log.queue.byte-limit = 2147483647 (custom)
2019-09-21 03:25:06,726 [pool-639-thread-1] INFO  server.RaftServerConfigKeys (ConfUtils.java:logGet(43)) - raft.server.log.queue.element-limit = 1024 (custom)
2019-09-21 03:25:06,726 [pool-589-thread-1] INFO  segmented.SegmentedRaftLogWorker (SegmentedRaftLogWorker.java:lambda$new$0(132)) - f01278b1-302b-4b97-a762-59556b6cd5ae@group-0E23D5785B30-SegmentedRaftLogWorker: flushIndex: setUnconditionally 0 -> -1
2019-09-21 03:25:06,726 [pool-629-thread-1] INFO  server.RaftServerConfigKeys (ConfUtils.java:logGet(43)) - raft.server.log.queue.element-limit = 1024 (custom)
2019-09-21 03:25:06,727 [pool-639-thread-1] INFO  server.RaftServerConfigKeys (ConfUtils.java:logGet(43)) - raft.server.log.segment.size.max = 1048576 (custom)
2019-09-21 03:25:06,727 [pool-589-thread-1] INFO  server.RaftServerConfigKeys (ConfUtils.java:logGet(43)) - raft.server.snapshot.auto.trigger.enabled = true (custom)
2019-09-21 03:25:06,727 [pool-629-thread-1] INFO  server.RaftServerConfigKeys (ConfUtils.java:logGet(43)) - raft.server.log.segment.size.max = 1048576 (custom)
2019-09-21 03:25:06,727 [pool-589-thread-1] INFO  server.RaftServerConfigKeys (ConfUtils.java:logGet(43)) - raft.server.snapshot.auto.trigger.threshold = 10000 (custom)
2019-09-21 03:25:06,727 [pool-639-thread-1] INFO  server.RaftServerConfigKeys (ConfUtils.java:logGet(43)) - raft.server.log.preallocated.size = 16384 (custom)
2019-09-21 03:25:06,727 [pool-589-thread-1] INFO  server.RaftServerConfigKeys (ConfUtils.java:logGet(43)) - raft.server.snapshot.retention.num.files = 5 (custom)
2019-09-21 03:25:06,727 [pool-629-thread-1] INFO  server.RaftServerConfigKeys (ConfUtils.java:logGet(43)) - raft.server.log.preallocated.size = 16384 (custom)
2019-09-21 03:25:06,728 [pool-589-thread-1] INFO  server.RaftServerConfigKeys (ConfUtils.java:logGet(43)) - raft.server.retrycache.expirytime = 600000ms (custom)
2019-09-21 03:25:06,727 [pool-639-thread-1] INFO  server.RaftServerConfigKeys (ConfUtils.java:logGet(43)) - raft.server.log.write.buffer.size = 33554432 (custom)
2019-09-21 03:25:06,728 [pool-629-thread-1] INFO  server.RaftServerConfigKeys (ConfUtils.java:logGet(43)) - raft.server.log.write.buffer.size = 33554432 (custom)
2019-09-21 03:25:06,728 [pool-639-thread-1] INFO  server.RaftServerConfigKeys (ConfUtils.java:logGet(43)) - raft.server.log.force.sync.num = 128 (default)
2019-09-21 03:25:06,728 [pool-629-thread-1] INFO  server.RaftServerConfigKeys (ConfUtils.java:logGet(43)) - raft.server.log.force.sync.num = 128 (default)
2019-09-21 03:25:06,728 [pool-639-thread-1] INFO  server.RaftServerConfigKeys (ConfUtils.java:logGet(43)) - raft.server.log.statemachine.data.sync = true (default)
2019-09-21 03:25:06,728 [pool-629-thread-1] INFO  server.RaftServerConfigKeys (ConfUtils.java:logGet(43)) - raft.server.log.statemachine.data.sync = true (default)
2019-09-21 03:25:06,728 [pool-639-thread-1] INFO  server.RaftServerConfigKeys (ConfUtils.java:logGet(43)) - raft.server.log.statemachine.data.sync.timeout = 10s (default)
2019-09-21 03:25:06,729 [pool-629-thread-1] INFO  server.RaftServerConfigKeys (ConfUtils.java:logGet(43)) - raft.server.log.statemachine.data.sync.timeout = 10s (default)
2019-09-21 03:25:06,729 [pool-639-thread-1] INFO  server.RaftServerConfigKeys (ConfUtils.java:logGet(43)) - raft.server.log.statemachine.data.sync.timeout.retry = -1 (default)
2019-09-21 03:25:06,729 [pool-629-thread-1] INFO  server.RaftServerConfigKeys (ConfUtils.java:logGet(43)) - raft.server.log.statemachine.data.sync.timeout.retry = -1 (default)
2019-09-21 03:25:06,729 [pool-639-thread-1] INFO  server.RaftServerConfigKeys (ConfUtils.java:logGet(43)) - raft.server.log.statemachine.data.caching.enabled = true (custom)
2019-09-21 03:25:06,729 [pool-629-thread-1] INFO  server.RaftServerConfigKeys (ConfUtils.java:logGet(43)) - raft.server.log.statemachine.data.caching.enabled = true (custom)
2019-09-21 03:25:06,729 [pool-639-thread-1] INFO  segmented.SegmentedRaftLogWorker (SegmentedRaftLogWorker.java:lambda$new$0(132)) - e893f503-ce9f-499b-9cc7-29bacfc11840@group-0E23D5785B30-SegmentedRaftLogWorker: flushIndex: setUnconditionally 0 -> -1
2019-09-21 03:25:06,729 [pool-629-thread-1] INFO  segmented.SegmentedRaftLogWorker (SegmentedRaftLogWorker.java:lambda$new$0(132)) - de978da9-86a0-48f2-b522-8b80f701b0e5@group-0E23D5785B30-SegmentedRaftLogWorker: flushIndex: setUnconditionally 0 -> -1
2019-09-21 03:25:06,730 [pool-639-thread-1] INFO  server.RaftServerConfigKeys (ConfUtils.java:logGet(43)) - raft.server.snapshot.auto.trigger.enabled = true (custom)
2019-09-21 03:25:06,730 [pool-589-thread-1] INFO  impl.RaftServerImpl (RaftServerImpl.java:start(185)) - f01278b1-302b-4b97-a762-59556b6cd5ae@group-0E23D5785B30: start as a follower, conf=-1: [f01278b1-302b-4b97-a762-59556b6cd5ae:192.168.36.122:36478, de978da9-86a0-48f2-b522-8b80f701b0e5:192.168.36.122:34337, e893f503-ce9f-499b-9cc7-29bacfc11840:192.168.36.122:35739], old=null
2019-09-21 03:25:06,730 [pool-629-thread-1] INFO  server.RaftServerConfigKeys (ConfUtils.java:logGet(43)) - raft.server.snapshot.auto.trigger.enabled = true (custom)
2019-09-21 03:25:06,730 [pool-639-thread-1] INFO  server.RaftServerConfigKeys (ConfUtils.java:logGet(43)) - raft.server.snapshot.auto.trigger.threshold = 10000 (custom)
2019-09-21 03:25:06,730 [pool-629-thread-1] INFO  server.RaftServerConfigKeys (ConfUtils.java:logGet(43)) - raft.server.snapshot.auto.trigger.threshold = 10000 (custom)
2019-09-21 03:25:06,730 [pool-589-thread-1] INFO  impl.RaftServerImpl (RaftServerImpl.java:setRole(174)) - f01278b1-302b-4b97-a762-59556b6cd5ae@group-0E23D5785B30: changes role from      null to FOLLOWER at term 0 for startAsFollower
2019-09-21 03:25:06,730 [pool-629-thread-1] INFO  server.RaftServerConfigKeys (ConfUtils.java:logGet(43)) - raft.server.snapshot.retention.num.files = 5 (custom)
2019-09-21 03:25:06,730 [pool-639-thread-1] INFO  server.RaftServerConfigKeys (ConfUtils.java:logGet(43)) - raft.server.snapshot.retention.num.files = 5 (custom)
2019-09-21 03:25:06,731 [pool-629-thread-1] INFO  server.RaftServerConfigKeys (ConfUtils.java:logGet(43)) - raft.server.retrycache.expirytime = 600000ms (custom)
2019-09-21 03:25:06,730 [pool-589-thread-1] INFO  impl.RoleInfo (RoleInfo.java:updateAndGet(143)) - f01278b1-302b-4b97-a762-59556b6cd5ae: start FollowerState
2019-09-21 03:25:06,731 [pool-639-thread-1] INFO  server.RaftServerConfigKeys (ConfUtils.java:logGet(43)) - raft.server.retrycache.expirytime = 600000ms (custom)
2019-09-21 03:25:06,731 [pool-589-thread-1] INFO  util.JmxRegister (JmxRegister.java:tryRegister(44)) - Successfully registered JMX Bean with object name Ratis:service=RaftServer,group=group-0E23D5785B30,id=f01278b1-302b-4b97-a762-59556b6cd5ae
2019-09-21 03:25:06,733 [pool-629-thread-1] INFO  impl.RaftServerImpl (RaftServerImpl.java:start(185)) - de978da9-86a0-48f2-b522-8b80f701b0e5@group-0E23D5785B30: start as a follower, conf=-1: [f01278b1-302b-4b97-a762-59556b6cd5ae:192.168.36.122:36478, de978da9-86a0-48f2-b522-8b80f701b0e5:192.168.36.122:34337, e893f503-ce9f-499b-9cc7-29bacfc11840:192.168.36.122:35739], old=null
2019-09-21 03:25:06,733 [pool-629-thread-1] INFO  impl.RaftServerImpl (RaftServerImpl.java:setRole(174)) - de978da9-86a0-48f2-b522-8b80f701b0e5@group-0E23D5785B30: changes role from      null to FOLLOWER at term 0 for startAsFollower
2019-09-21 03:25:06,733 [pool-629-thread-1] INFO  impl.RoleInfo (RoleInfo.java:updateAndGet(143)) - de978da9-86a0-48f2-b522-8b80f701b0e5: start FollowerState
2019-09-21 03:25:06,733 [pool-639-thread-1] INFO  impl.RaftServerImpl (RaftServerImpl.java:start(185)) - e893f503-ce9f-499b-9cc7-29bacfc11840@group-0E23D5785B30: start as a follower, conf=-1: [f01278b1-302b-4b97-a762-59556b6cd5ae:192.168.36.122:36478, de978da9-86a0-48f2-b522-8b80f701b0e5:192.168.36.122:34337, e893f503-ce9f-499b-9cc7-29bacfc11840:192.168.36.122:35739], old=null
2019-09-21 03:25:06,733 [pool-639-thread-1] INFO  impl.RaftServerImpl (RaftServerImpl.java:setRole(174)) - e893f503-ce9f-499b-9cc7-29bacfc11840@group-0E23D5785B30: changes role from      null to FOLLOWER at term 0 for startAsFollower
2019-09-21 03:25:06,733 [pool-629-thread-1] INFO  util.JmxRegister (JmxRegister.java:tryRegister(44)) - Successfully registered JMX Bean with object name Ratis:service=RaftServer,group=group-0E23D5785B30,id=de978da9-86a0-48f2-b522-8b80f701b0e5
2019-09-21 03:25:06,733 [pool-639-thread-1] INFO  impl.RoleInfo (RoleInfo.java:updateAndGet(143)) - e893f503-ce9f-499b-9cc7-29bacfc11840: start FollowerState
2019-09-21 03:25:06,734 [pool-639-thread-1] INFO  util.JmxRegister (JmxRegister.java:tryRegister(44)) - Successfully registered JMX Bean with object name Ratis:service=RaftServer,group=group-0E23D5785B30,id=e893f503-ce9f-499b-9cc7-29bacfc11840
2019-09-21 03:25:06,736 [RatisPipelineUtilsThread] INFO  pipeline.PipelineStateManager (PipelineStateManager.java:addPipeline(56)) - Created pipeline Pipeline[ Id: 3b1ea6c2-88f2-4b10-b525-0e23d5785b30, Nodes: e893f503-ce9f-499b-9cc7-29bacfc11840{ip: 192.168.36.122, host: pr-hdds-2161-42js2-1613171706, networkLocation: /default-rack, certSerialId: null}f01278b1-302b-4b97-a762-59556b6cd5ae{ip: 192.168.36.122, host: pr-hdds-2161-42js2-1613171706, networkLocation: /default-rack, certSerialId: null}de978da9-86a0-48f2-b522-8b80f701b0e5{ip: 192.168.36.122, host: pr-hdds-2161-42js2-1613171706, networkLocation: /default-rack, certSerialId: null}, Type:RATIS, Factor:THREE, State:OPEN]
2019-09-21 03:25:08,939 [Thread-3870] INFO  container.ReplicationManager (ReplicationManager.java:start(162)) - Starting Replication Monitor Thread.
2019-09-21 03:25:08,943 [ReplicationMonitor] INFO  container.ReplicationManager (ReplicationManager.java:run(225)) - Replication Monitor Thread took 0 milliseconds for processing 1 containers.
2019-09-21 03:25:11,031 [Thread-3872] INFO  impl.FollowerState (FollowerState.java:run(106)) - f01278b1-302b-4b97-a762-59556b6cd5ae:group-FFD40A504C4E changes to CANDIDATE, lastRpcTime:5013, electionTimeout:5013ms
2019-09-21 03:25:11,031 [Thread-3872] INFO  impl.RoleInfo (RoleInfo.java:shutdownFollowerState(121)) - f01278b1-302b-4b97-a762-59556b6cd5ae: shutdown FollowerState
2019-09-21 03:25:11,032 [Thread-3872] INFO  impl.RaftServerImpl (RaftServerImpl.java:setRole(174)) - f01278b1-302b-4b97-a762-59556b6cd5ae@group-FFD40A504C4E: changes role from  FOLLOWER to CANDIDATE at term 0 for changeToCandidate
2019-09-21 03:25:11,032 [Thread-3872] INFO  impl.RoleInfo (RoleInfo.java:updateAndGet(143)) - f01278b1-302b-4b97-a762-59556b6cd5ae: start LeaderElection
2019-09-21 03:25:11,068 [f01278b1-302b-4b97-a762-59556b6cd5ae@group-FFD40A504C4E:LeaderElection95] INFO  impl.LeaderElection (LeaderElection.java:askForVotes(182)) - f01278b1-302b-4b97-a762-59556b6cd5ae@group-FFD40A504C4E:LeaderElection95: begin an election at term 1 for -1: [f01278b1-302b-4b97-a762-59556b6cd5ae:192.168.36.122:36478], old=null
2019-09-21 03:25:11,069 [f01278b1-302b-4b97-a762-59556b6cd5ae@group-FFD40A504C4E:LeaderElection95] INFO  impl.RoleInfo (RoleInfo.java:shutdownLeaderElection(134)) - f01278b1-302b-4b97-a762-59556b6cd5ae: shutdown LeaderElection
2019-09-21 03:25:11,069 [f01278b1-302b-4b97-a762-59556b6cd5ae@group-FFD40A504C4E:LeaderElection95] INFO  impl.RaftServerImpl (RaftServerImpl.java:setRole(174)) - f01278b1-302b-4b97-a762-59556b6cd5ae@group-FFD40A504C4E: changes role from CANDIDATE to LEADER at term 1 for changeToLeader
2019-09-21 03:25:11,069 [f01278b1-302b-4b97-a762-59556b6cd5ae@group-FFD40A504C4E:LeaderElection95] INFO  impl.RaftServerImpl (ServerState.java:setLeader(253)) - f01278b1-302b-4b97-a762-59556b6cd5ae@group-FFD40A504C4E: change Leader from null to f01278b1-302b-4b97-a762-59556b6cd5ae at term 1 for becomeLeader, leader elected after 5058ms
2019-09-21 03:25:11,069 [f01278b1-302b-4b97-a762-59556b6cd5ae@group-FFD40A504C4E:LeaderElection95] INFO  server.RaftServerConfigKeys (ConfUtils.java:logGet(43)) - raft.server.staging.catchup.gap = 1000 (default)
2019-09-21 03:25:11,070 [f01278b1-302b-4b97-a762-59556b6cd5ae@group-FFD40A504C4E:LeaderElection95] INFO  server.RaftServerConfigKeys (ConfUtils.java:logGet(43)) - raft.server.rpc.sleep.time = 25ms (default)
2019-09-21 03:25:11,070 [f01278b1-302b-4b97-a762-59556b6cd5ae@group-FFD40A504C4E:LeaderElection95] INFO  server.RaftServerConfigKeys (ConfUtils.java:logGet(43)) - raft.server.write.element-limit = 4096 (default)
2019-09-21 03:25:11,070 [f01278b1-302b-4b97-a762-59556b6cd5ae@group-FFD40A504C4E:LeaderElection95] INFO  server.RaftServerConfigKeys (ConfUtils.java:logGet(43)) - raft.server.watch.timeout = 10s (default)
2019-09-21 03:25:11,070 [f01278b1-302b-4b97-a762-59556b6cd5ae@group-FFD40A504C4E:LeaderElection95] INFO  server.RaftServerConfigKeys (ConfUtils.java:logGet(43)) - raft.server.watch.timeout.denomination = 1s (default)
2019-09-21 03:25:11,070 [f01278b1-302b-4b97-a762-59556b6cd5ae@group-FFD40A504C4E:LeaderElection95] INFO  server.RaftServerConfigKeys (ConfUtils.java:logGet(43)) - raft.server.watch.element-limit = 65536 (default)
2019-09-21 03:25:11,074 [f01278b1-302b-4b97-a762-59556b6cd5ae@group-FFD40A504C4E:LeaderElection95] INFO  impl.RoleInfo (RoleInfo.java:updateAndGet(143)) - f01278b1-302b-4b97-a762-59556b6cd5ae: start LeaderState
2019-09-21 03:25:11,074 [f01278b1-302b-4b97-a762-59556b6cd5ae@group-FFD40A504C4E:LeaderElection95] INFO  segmented.SegmentedRaftLogWorker (SegmentedRaftLogWorker.java:startLogSegment(380)) - f01278b1-302b-4b97-a762-59556b6cd5ae@group-FFD40A504C4E-SegmentedRaftLogWorker: Starting segment from index:0
2019-09-21 03:25:11,075 [f01278b1-302b-4b97-a762-59556b6cd5ae@group-FFD40A504C4E:LeaderElection95] INFO  impl.RaftServerImpl (ServerState.java:setRaftConf(354)) - f01278b1-302b-4b97-a762-59556b6cd5ae@group-FFD40A504C4E: set configuration 0: [f01278b1-302b-4b97-a762-59556b6cd5ae:192.168.36.122:36478], old=null at 0
2019-09-21 03:25:11,100 [Thread-3875] INFO  impl.FollowerState (FollowerState.java:run(106)) - ff40d98d-bff3-4f16-9b72-99b239e19c82:group-213B79B88273 changes to CANDIDATE, lastRpcTime:5001, electionTimeout:5001ms
2019-09-21 03:25:11,100 [Thread-3875] INFO  impl.RoleInfo (RoleInfo.java:shutdownFollowerState(121)) - ff40d98d-bff3-4f16-9b72-99b239e19c82: shutdown FollowerState
2019-09-21 03:25:11,100 [Thread-3875] INFO  impl.RaftServerImpl (RaftServerImpl.java:setRole(174)) - ff40d98d-bff3-4f16-9b72-99b239e19c82@group-213B79B88273: changes role from  FOLLOWER to CANDIDATE at term 0 for changeToCandidate
2019-09-21 03:25:11,100 [Thread-3875] INFO  impl.RoleInfo (RoleInfo.java:updateAndGet(143)) - ff40d98d-bff3-4f16-9b72-99b239e19c82: start LeaderElection
2019-09-21 03:25:11,120 [f01278b1-302b-4b97-a762-59556b6cd5ae@group-FFD40A504C4E-SegmentedRaftLogWorker] INFO  segmented.SegmentedRaftLogWorker (SegmentedRaftLogWorker.java:execute(569)) - f01278b1-302b-4b97-a762-59556b6cd5ae@group-FFD40A504C4E-SegmentedRaftLogWorker: created new log segment /workdir/hadoop-ozone/integration-test/target/test-dir/MiniOzoneClusterImpl-49ccd39e-0a95-490c-a5ec-4c0d204ae341/datanode-0/data/ratis/a38d0949-f9b1-49b8-85a6-ffd40a504c4e/current/log_inprogress_0
2019-09-21 03:25:11,120 [ff40d98d-bff3-4f16-9b72-99b239e19c82@group-213B79B88273:LeaderElection96] INFO  impl.LeaderElection (LeaderElection.java:askForVotes(182)) - ff40d98d-bff3-4f16-9b72-99b239e19c82@group-213B79B88273:LeaderElection96: begin an election at term 1 for -1: [ff40d98d-bff3-4f16-9b72-99b239e19c82:192.168.36.122:42337], old=null
2019-09-21 03:25:11,121 [ff40d98d-bff3-4f16-9b72-99b239e19c82@group-213B79B88273:LeaderElection96] INFO  impl.RoleInfo (RoleInfo.java:shutdownLeaderElection(134)) - ff40d98d-bff3-4f16-9b72-99b239e19c82: shutdown LeaderElection
2019-09-21 03:25:11,121 [ff40d98d-bff3-4f16-9b72-99b239e19c82@group-213B79B88273:LeaderElection96] INFO  impl.RaftServerImpl (RaftServerImpl.java:setRole(174)) - ff40d98d-bff3-4f16-9b72-99b239e19c82@group-213B79B88273: changes role from CANDIDATE to LEADER at term 1 for changeToLeader
2019-09-21 03:25:11,121 [ff40d98d-bff3-4f16-9b72-99b239e19c82@group-213B79B88273:LeaderElection96] INFO  impl.RaftServerImpl (ServerState.java:setLeader(253)) - ff40d98d-bff3-4f16-9b72-99b239e19c82@group-213B79B88273: change Leader from null to ff40d98d-bff3-4f16-9b72-99b239e19c82 at term 1 for becomeLeader, leader elected after 5027ms
2019-09-21 03:25:11,121 [ff40d98d-bff3-4f16-9b72-99b239e19c82@group-213B79B88273:LeaderElection96] INFO  server.RaftServerConfigKeys (ConfUtils.java:logGet(43)) - raft.server.staging.catchup.gap = 1000 (default)
2019-09-21 03:25:11,121 [ff40d98d-bff3-4f16-9b72-99b239e19c82@group-213B79B88273:LeaderElection96] INFO  server.RaftServerConfigKeys (ConfUtils.java:logGet(43)) - raft.server.rpc.sleep.time = 25ms (default)
2019-09-21 03:25:11,121 [ff40d98d-bff3-4f16-9b72-99b239e19c82@group-213B79B88273:LeaderElection96] INFO  server.RaftServerConfigKeys (ConfUtils.java:logGet(43)) - raft.server.write.element-limit = 4096 (default)
2019-09-21 03:25:11,122 [ff40d98d-bff3-4f16-9b72-99b239e19c82@group-213B79B88273:LeaderElection96] INFO  server.RaftServerConfigKeys (ConfUtils.java:logGet(43)) - raft.server.watch.timeout = 10s (default)
2019-09-21 03:25:11,122 [ff40d98d-bff3-4f16-9b72-99b239e19c82@group-213B79B88273:LeaderElection96] INFO  server.RaftServerConfigKeys (ConfUtils.java:logGet(43)) - raft.server.watch.timeout.denomination = 1s (default)
2019-09-21 03:25:11,122 [ff40d98d-bff3-4f16-9b72-99b239e19c82@group-213B79B88273:LeaderElection96] INFO  server.RaftServerConfigKeys (ConfUtils.java:logGet(43)) - raft.server.watch.element-limit = 65536 (default)
2019-09-21 03:25:11,124 [ff40d98d-bff3-4f16-9b72-99b239e19c82@group-213B79B88273:LeaderElection96] INFO  impl.RoleInfo (RoleInfo.java:updateAndGet(143)) - ff40d98d-bff3-4f16-9b72-99b239e19c82: start LeaderState
2019-09-21 03:25:11,125 [ff40d98d-bff3-4f16-9b72-99b239e19c82@group-213B79B88273:LeaderElection96] INFO  segmented.SegmentedRaftLogWorker (SegmentedRaftLogWorker.java:startLogSegment(380)) - ff40d98d-bff3-4f16-9b72-99b239e19c82@group-213B79B88273-SegmentedRaftLogWorker: Starting segment from index:0
2019-09-21 03:25:11,125 [ff40d98d-bff3-4f16-9b72-99b239e19c82@group-213B79B88273:LeaderElection96] INFO  impl.RaftServerImpl (ServerState.java:setRaftConf(354)) - ff40d98d-bff3-4f16-9b72-99b239e19c82@group-213B79B88273: set configuration 0: [ff40d98d-bff3-4f16-9b72-99b239e19c82:192.168.36.122:42337], old=null at 0
2019-09-21 03:25:11,175 [ff40d98d-bff3-4f16-9b72-99b239e19c82@group-213B79B88273-SegmentedRaftLogWorker] INFO  segmented.SegmentedRaftLogWorker (SegmentedRaftLogWorker.java:execute(569)) - ff40d98d-bff3-4f16-9b72-99b239e19c82@group-213B79B88273-SegmentedRaftLogWorker: created new log segment /workdir/hadoop-ozone/integration-test/target/test-dir/MiniOzoneClusterImpl-49ccd39e-0a95-490c-a5ec-4c0d204ae341/datanode-1/data/ratis/d611eddf-eb8d-4d56-b884-213b79b88273/current/log_inprogress_0
2019-09-21 03:25:11,177 [Thread-3878] INFO  impl.FollowerState (FollowerState.java:run(106)) - 13e42e29-0b35-4bd9-9d07-0e801b0bf72d:group-D4D821B172A6 changes to CANDIDATE, lastRpcTime:5006, electionTimeout:5006ms
2019-09-21 03:25:11,178 [Thread-3878] INFO  impl.RoleInfo (RoleInfo.java:shutdownFollowerState(121)) - 13e42e29-0b35-4bd9-9d07-0e801b0bf72d: shutdown FollowerState
2019-09-21 03:25:11,178 [Thread-3878] INFO  impl.RaftServerImpl (RaftServerImpl.java:setRole(174)) - 13e42e29-0b35-4bd9-9d07-0e801b0bf72d@group-D4D821B172A6: changes role from  FOLLOWER to CANDIDATE at term 0 for changeToCandidate
2019-09-21 03:25:11,178 [Thread-3878] INFO  impl.RoleInfo (RoleInfo.java:updateAndGet(143)) - 13e42e29-0b35-4bd9-9d07-0e801b0bf72d: start LeaderElection
2019-09-21 03:25:11,210 [13e42e29-0b35-4bd9-9d07-0e801b0bf72d@group-D4D821B172A6:LeaderElection97] INFO  impl.LeaderElection (LeaderElection.java:askForVotes(182)) - 13e42e29-0b35-4bd9-9d07-0e801b0bf72d@group-D4D821B172A6:LeaderElection97: begin an election at term 1 for -1: [13e42e29-0b35-4bd9-9d07-0e801b0bf72d:192.168.36.122:44151], old=null
2019-09-21 03:25:11,211 [13e42e29-0b35-4bd9-9d07-0e801b0bf72d@group-D4D821B172A6:LeaderElection97] INFO  impl.RoleInfo (RoleInfo.java:shutdownLeaderElection(134)) - 13e42e29-0b35-4bd9-9d07-0e801b0bf72d: shutdown LeaderElection
2019-09-21 03:25:11,211 [13e42e29-0b35-4bd9-9d07-0e801b0bf72d@group-D4D821B172A6:LeaderElection97] INFO  impl.RaftServerImpl (RaftServerImpl.java:setRole(174)) - 13e42e29-0b35-4bd9-9d07-0e801b0bf72d@group-D4D821B172A6: changes role from CANDIDATE to LEADER at term 1 for changeToLeader
2019-09-21 03:25:11,211 [13e42e29-0b35-4bd9-9d07-0e801b0bf72d@group-D4D821B172A6:LeaderElection97] INFO  impl.RaftServerImpl (ServerState.java:setLeader(253)) - 13e42e29-0b35-4bd9-9d07-0e801b0bf72d@group-D4D821B172A6: change Leader from null to 13e42e29-0b35-4bd9-9d07-0e801b0bf72d at term 1 for becomeLeader, leader elected after 5046ms
2019-09-21 03:25:11,211 [13e42e29-0b35-4bd9-9d07-0e801b0bf72d@group-D4D821B172A6:LeaderElection97] INFO  server.RaftServerConfigKeys (ConfUtils.java:logGet(43)) - raft.server.staging.catchup.gap = 1000 (default)
2019-09-21 03:25:11,211 [13e42e29-0b35-4bd9-9d07-0e801b0bf72d@group-D4D821B172A6:LeaderElection97] INFO  server.RaftServerConfigKeys (ConfUtils.java:logGet(43)) - raft.server.rpc.sleep.time = 25ms (default)
2019-09-21 03:25:11,211 [13e42e29-0b35-4bd9-9d07-0e801b0bf72d@group-D4D821B172A6:LeaderElection97] INFO  server.RaftServerConfigKeys (ConfUtils.java:logGet(43)) - raft.server.write.element-limit = 4096 (default)
2019-09-21 03:25:11,211 [13e42e29-0b35-4bd9-9d07-0e801b0bf72d@group-D4D821B172A6:LeaderElection97] INFO  server.RaftServerConfigKeys (ConfUtils.java:logGet(43)) - raft.server.watch.timeout = 10s (default)
2019-09-21 03:25:11,212 [13e42e29-0b35-4bd9-9d07-0e801b0bf72d@group-D4D821B172A6:LeaderElection97] INFO  server.RaftServerConfigKeys (ConfUtils.java:logGet(43)) - raft.server.watch.timeout.denomination = 1s (default)
2019-09-21 03:25:11,212 [13e42e29-0b35-4bd9-9d07-0e801b0bf72d@group-D4D821B172A6:LeaderElection97] INFO  server.RaftServerConfigKeys (ConfUtils.java:logGet(43)) - raft.server.watch.element-limit = 65536 (default)
2019-09-21 03:25:11,214 [13e42e29-0b35-4bd9-9d07-0e801b0bf72d@group-D4D821B172A6:LeaderElection97] INFO  impl.RoleInfo (RoleInfo.java:updateAndGet(143)) - 13e42e29-0b35-4bd9-9d07-0e801b0bf72d: start LeaderState
2019-09-21 03:25:11,214 [13e42e29-0b35-4bd9-9d07-0e801b0bf72d@group-D4D821B172A6:LeaderElection97] INFO  segmented.SegmentedRaftLogWorker (SegmentedRaftLogWorker.java:startLogSegment(380)) - 13e42e29-0b35-4bd9-9d07-0e801b0bf72d@group-D4D821B172A6-SegmentedRaftLogWorker: Starting segment from index:0
2019-09-21 03:25:11,214 [13e42e29-0b35-4bd9-9d07-0e801b0bf72d@group-D4D821B172A6:LeaderElection97] INFO  impl.RaftServerImpl (ServerState.java:setRaftConf(354)) - 13e42e29-0b35-4bd9-9d07-0e801b0bf72d@group-D4D821B172A6: set configuration 0: [13e42e29-0b35-4bd9-9d07-0e801b0bf72d:192.168.36.122:44151], old=null at 0
2019-09-21 03:25:11,254 [13e42e29-0b35-4bd9-9d07-0e801b0bf72d@group-D4D821B172A6-SegmentedRaftLogWorker] INFO  segmented.SegmentedRaftLogWorker (SegmentedRaftLogWorker.java:execute(569)) - 13e42e29-0b35-4bd9-9d07-0e801b0bf72d@group-D4D821B172A6-SegmentedRaftLogWorker: created new log segment /workdir/hadoop-ozone/integration-test/target/test-dir/MiniOzoneClusterImpl-49ccd39e-0a95-490c-a5ec-4c0d204ae341/datanode-2/data/ratis/a961e44c-dc85-4584-8b45-d4d821b172a6/current/log_inprogress_0
2019-09-21 03:25:11,407 [Thread-3881] INFO  impl.FollowerState (FollowerState.java:run(106)) - 7ca5dcda-481a-4746-825e-0b0407a7007f:group-4AEEC0BD01D8 changes to CANDIDATE, lastRpcTime:5166, electionTimeout:5166ms
2019-09-21 03:25:11,407 [Thread-3881] INFO  impl.RoleInfo (RoleInfo.java:shutdownFollowerState(121)) - 7ca5dcda-481a-4746-825e-0b0407a7007f: shutdown FollowerState
2019-09-21 03:25:11,407 [Thread-3881] INFO  impl.RaftServerImpl (RaftServerImpl.java:setRole(174)) - 7ca5dcda-481a-4746-825e-0b0407a7007f@group-4AEEC0BD01D8: changes role from  FOLLOWER to CANDIDATE at term 0 for changeToCandidate
2019-09-21 03:25:11,407 [Thread-3881] INFO  impl.RoleInfo (RoleInfo.java:updateAndGet(143)) - 7ca5dcda-481a-4746-825e-0b0407a7007f: start LeaderElection
2019-09-21 03:25:11,441 [Thread-3886] INFO  impl.FollowerState (FollowerState.java:run(106)) - e893f503-ce9f-499b-9cc7-29bacfc11840:group-3A943A05D684 changes to CANDIDATE, lastRpcTime:5086, electionTimeout:5086ms
2019-09-21 03:25:11,441 [Thread-3886] INFO  impl.RoleInfo (RoleInfo.java:shutdownFollowerState(121)) - e893f503-ce9f-499b-9cc7-29bacfc11840: shutdown FollowerState
2019-09-21 03:25:11,442 [Thread-3886] INFO  impl.RaftServerImpl (RaftServerImpl.java:setRole(174)) - e893f503-ce9f-499b-9cc7-29bacfc11840@group-3A943A05D684: changes role from  FOLLOWER to CANDIDATE at term 0 for changeToCandidate
2019-09-21 03:25:11,442 [Thread-3886] INFO  impl.RoleInfo (RoleInfo.java:updateAndGet(143)) - e893f503-ce9f-499b-9cc7-29bacfc11840: start LeaderElection
2019-09-21 03:25:11,452 [7ca5dcda-481a-4746-825e-0b0407a7007f@group-4AEEC0BD01D8:LeaderElection98] INFO  impl.LeaderElection (LeaderElection.java:askForVotes(182)) - 7ca5dcda-481a-4746-825e-0b0407a7007f@group-4AEEC0BD01D8:LeaderElection98: begin an election at term 1 for -1: [7ca5dcda-481a-4746-825e-0b0407a7007f:192.168.36.122:34413], old=null
2019-09-21 03:25:11,453 [7ca5dcda-481a-4746-825e-0b0407a7007f@group-4AEEC0BD01D8:LeaderElection98] INFO  impl.RoleInfo (RoleInfo.java:shutdownLeaderElection(134)) - 7ca5dcda-481a-4746-825e-0b0407a7007f: shutdown LeaderElection
2019-09-21 03:25:11,453 [7ca5dcda-481a-4746-825e-0b0407a7007f@group-4AEEC0BD01D8:LeaderElection98] INFO  impl.RaftServerImpl (RaftServerImpl.java:setRole(174)) - 7ca5dcda-481a-4746-825e-0b0407a7007f@group-4AEEC0BD01D8: changes role from CANDIDATE to LEADER at term 1 for changeToLeader
2019-09-21 03:25:11,453 [7ca5dcda-481a-4746-825e-0b0407a7007f@group-4AEEC0BD01D8:LeaderElection98] INFO  impl.RaftServerImpl (ServerState.java:setLeader(253)) - 7ca5dcda-481a-4746-825e-0b0407a7007f@group-4AEEC0BD01D8: change Leader from null to 7ca5dcda-481a-4746-825e-0b0407a7007f at term 1 for becomeLeader, leader elected after 5217ms
2019-09-21 03:25:11,453 [7ca5dcda-481a-4746-825e-0b0407a7007f@group-4AEEC0BD01D8:LeaderElection98] INFO  server.RaftServerConfigKeys (ConfUtils.java:logGet(43)) - raft.server.staging.catchup.gap = 1000 (default)
2019-09-21 03:25:11,453 [7ca5dcda-481a-4746-825e-0b0407a7007f@group-4AEEC0BD01D8:LeaderElection98] INFO  server.RaftServerConfigKeys (ConfUtils.java:logGet(43)) - raft.server.rpc.sleep.time = 25ms (default)
2019-09-21 03:25:11,454 [7ca5dcda-481a-4746-825e-0b0407a7007f@group-4AEEC0BD01D8:LeaderElection98] INFO  server.RaftServerConfigKeys (ConfUtils.java:logGet(43)) - raft.server.write.element-limit = 4096 (default)
2019-09-21 03:25:11,454 [7ca5dcda-481a-4746-825e-0b0407a7007f@group-4AEEC0BD01D8:LeaderElection98] INFO  server.RaftServerConfigKeys (ConfUtils.java:logGet(43)) - raft.server.watch.timeout = 10s (default)
2019-09-21 03:25:11,454 [7ca5dcda-481a-4746-825e-0b0407a7007f@group-4AEEC0BD01D8:LeaderElection98] INFO  server.RaftServerConfigKeys (ConfUtils.java:logGet(43)) - raft.server.watch.timeout.denomination = 1s (default)
2019-09-21 03:25:11,454 [7ca5dcda-481a-4746-825e-0b0407a7007f@group-4AEEC0BD01D8:LeaderElection98] INFO  server.RaftServerConfigKeys (ConfUtils.java:logGet(43)) - raft.server.watch.element-limit = 65536 (default)
2019-09-21 03:25:11,454 [e893f503-ce9f-499b-9cc7-29bacfc11840@group-3A943A05D684:LeaderElection99] INFO  impl.LeaderElection (LeaderElection.java:askForVotes(182)) - e893f503-ce9f-499b-9cc7-29bacfc11840@group-3A943A05D684:LeaderElection99: begin an election at term 1 for -1: [e893f503-ce9f-499b-9cc7-29bacfc11840:192.168.36.122:35739], old=null
2019-09-21 03:25:11,454 [e893f503-ce9f-499b-9cc7-29bacfc11840@group-3A943A05D684:LeaderElection99] INFO  impl.RoleInfo (RoleInfo.java:shutdownLeaderElection(134)) - e893f503-ce9f-499b-9cc7-29bacfc11840: shutdown LeaderElection
2019-09-21 03:25:11,455 [e893f503-ce9f-499b-9cc7-29bacfc11840@group-3A943A05D684:LeaderElection99] INFO  impl.RaftServerImpl (RaftServerImpl.java:setRole(174)) - e893f503-ce9f-499b-9cc7-29bacfc11840@group-3A943A05D684: changes role from CANDIDATE to LEADER at term 1 for changeToLeader
2019-09-21 03:25:11,455 [e893f503-ce9f-499b-9cc7-29bacfc11840@group-3A943A05D684:LeaderElection99] INFO  impl.RaftServerImpl (ServerState.java:setLeader(253)) - e893f503-ce9f-499b-9cc7-29bacfc11840@group-3A943A05D684: change Leader from null to e893f503-ce9f-499b-9cc7-29bacfc11840 at term 1 for becomeLeader, leader elected after 5125ms
2019-09-21 03:25:11,455 [e893f503-ce9f-499b-9cc7-29bacfc11840@group-3A943A05D684:LeaderElection99] INFO  server.RaftServerConfigKeys (ConfUtils.java:logGet(43)) - raft.server.staging.catchup.gap = 1000 (default)
2019-09-21 03:25:11,455 [e893f503-ce9f-499b-9cc7-29bacfc11840@group-3A943A05D684:LeaderElection99] INFO  server.RaftServerConfigKeys (ConfUtils.java:logGet(43)) - raft.server.rpc.sleep.time = 25ms (default)
2019-09-21 03:25:11,455 [e893f503-ce9f-499b-9cc7-29bacfc11840@group-3A943A05D684:LeaderElection99] INFO  server.RaftServerConfigKeys (ConfUtils.java:logGet(43)) - raft.server.write.element-limit = 4096 (default)
2019-09-21 03:25:11,456 [e893f503-ce9f-499b-9cc7-29bacfc11840@group-3A943A05D684:LeaderElection99] INFO  server.RaftServerConfigKeys (ConfUtils.java:logGet(43)) - raft.server.watch.timeout = 10s (default)
2019-09-21 03:25:11,456 [e893f503-ce9f-499b-9cc7-29bacfc11840@group-3A943A05D684:LeaderElection99] INFO  server.RaftServerConfigKeys (ConfUtils.java:logGet(43)) - raft.server.watch.timeout.denomination = 1s (default)
2019-09-21 03:25:11,456 [e893f503-ce9f-499b-9cc7-29bacfc11840@group-3A943A05D684:LeaderElection99] INFO  server.RaftServerConfigKeys (ConfUtils.java:logGet(43)) - raft.server.watch.element-limit = 65536 (default)
2019-09-21 03:25:11,459 [7ca5dcda-481a-4746-825e-0b0407a7007f@group-4AEEC0BD01D8:LeaderElection98] INFO  impl.RoleInfo (RoleInfo.java:updateAndGet(143)) - 7ca5dcda-481a-4746-825e-0b0407a7007f: start LeaderState
2019-09-21 03:25:11,459 [7ca5dcda-481a-4746-825e-0b0407a7007f@group-4AEEC0BD01D8:LeaderElection98] INFO  segmented.SegmentedRaftLogWorker (SegmentedRaftLogWorker.java:startLogSegment(380)) - 7ca5dcda-481a-4746-825e-0b0407a7007f@group-4AEEC0BD01D8-SegmentedRaftLogWorker: Starting segment from index:0
2019-09-21 03:25:11,459 [e893f503-ce9f-499b-9cc7-29bacfc11840@group-3A943A05D684:LeaderElection99] INFO  impl.RoleInfo (RoleInfo.java:updateAndGet(143)) - e893f503-ce9f-499b-9cc7-29bacfc11840: start LeaderState
2019-09-21 03:25:11,460 [e893f503-ce9f-499b-9cc7-29bacfc11840@group-3A943A05D684:LeaderElection99] INFO  segmented.SegmentedRaftLogWorker (SegmentedRaftLogWorker.java:startLogSegment(380)) - e893f503-ce9f-499b-9cc7-29bacfc11840@group-3A943A05D684-SegmentedRaftLogWorker: Starting segment from index:0
2019-09-21 03:25:11,460 [7ca5dcda-481a-4746-825e-0b0407a7007f@group-4AEEC0BD01D8:LeaderElection98] INFO  impl.RaftServerImpl (ServerState.java:setRaftConf(354)) - 7ca5dcda-481a-4746-825e-0b0407a7007f@group-4AEEC0BD01D8: set configuration 0: [7ca5dcda-481a-4746-825e-0b0407a7007f:192.168.36.122:34413], old=null at 0
2019-09-21 03:25:11,460 [e893f503-ce9f-499b-9cc7-29bacfc11840@group-3A943A05D684:LeaderElection99] INFO  impl.RaftServerImpl (ServerState.java:setRaftConf(354)) - e893f503-ce9f-499b-9cc7-29bacfc11840@group-3A943A05D684: set configuration 0: [e893f503-ce9f-499b-9cc7-29bacfc11840:192.168.36.122:35739], old=null at 0
2019-09-21 03:25:11,499 [e893f503-ce9f-499b-9cc7-29bacfc11840@group-3A943A05D684-SegmentedRaftLogWorker] INFO  segmented.SegmentedRaftLogWorker (SegmentedRaftLogWorker.java:execute(569)) - e893f503-ce9f-499b-9cc7-29bacfc11840@group-3A943A05D684-SegmentedRaftLogWorker: created new log segment /workdir/hadoop-ozone/integration-test/target/test-dir/MiniOzoneClusterImpl-49ccd39e-0a95-490c-a5ec-4c0d204ae341/datanode-5/data/ratis/4a59d10e-39b9-4f20-a6a9-3a943a05d684/current/log_inprogress_0
2019-09-21 03:25:11,499 [7ca5dcda-481a-4746-825e-0b0407a7007f@group-4AEEC0BD01D8-SegmentedRaftLogWorker] INFO  segmented.SegmentedRaftLogWorker (SegmentedRaftLogWorker.java:execute(569)) - 7ca5dcda-481a-4746-825e-0b0407a7007f@group-4AEEC0BD01D8-SegmentedRaftLogWorker: created new log segment /workdir/hadoop-ozone/integration-test/target/test-dir/MiniOzoneClusterImpl-49ccd39e-0a95-490c-a5ec-4c0d204ae341/datanode-3/data/ratis/f45cf009-63a4-4a68-b356-4aeec0bd01d8/current/log_inprogress_0
2019-09-21 03:25:11,623 [Thread-3889] INFO  impl.FollowerState (FollowerState.java:run(106)) - 43f24444-fa9f-41f4-ae9a-436f4803900c:group-0B12C751E0A0 changes to CANDIDATE, lastRpcTime:5153, electionTimeout:5153ms
2019-09-21 03:25:11,623 [Thread-3889] INFO  impl.RoleInfo (RoleInfo.java:shutdownFollowerState(121)) - 43f24444-fa9f-41f4-ae9a-436f4803900c: shutdown FollowerState
2019-09-21 03:25:11,623 [Thread-3889] INFO  impl.RaftServerImpl (RaftServerImpl.java:setRole(174)) - 43f24444-fa9f-41f4-ae9a-436f4803900c@group-0B12C751E0A0: changes role from  FOLLOWER to CANDIDATE at term 0 for changeToCandidate
2019-09-21 03:25:11,623 [Thread-3889] INFO  impl.RoleInfo (RoleInfo.java:updateAndGet(143)) - 43f24444-fa9f-41f4-ae9a-436f4803900c: start LeaderElection
2019-09-21 03:25:11,628 [Thread-3892] INFO  impl.FollowerState (FollowerState.java:run(106)) - de978da9-86a0-48f2-b522-8b80f701b0e5:group-F4E71847B67B changes to CANDIDATE, lastRpcTime:5092, electionTimeout:5078ms
2019-09-21 03:25:11,631 [Thread-3892] INFO  impl.RoleInfo (RoleInfo.java:shutdownFollowerState(121)) - de978da9-86a0-48f2-b522-8b80f701b0e5: shutdown FollowerState
2019-09-21 03:25:11,631 [Thread-3892] INFO  impl.RaftServerImpl (RaftServerImpl.java:setRole(174)) - de978da9-86a0-48f2-b522-8b80f701b0e5@group-F4E71847B67B: changes role from  FOLLOWER to CANDIDATE at term 0 for changeToCandidate
2019-09-21 03:25:11,632 [Thread-3892] INFO  impl.RoleInfo (RoleInfo.java:updateAndGet(143)) - de978da9-86a0-48f2-b522-8b80f701b0e5: start LeaderElection
2019-09-21 03:25:11,663 [43f24444-fa9f-41f4-ae9a-436f4803900c@group-0B12C751E0A0:LeaderElection100] INFO  impl.LeaderElection (LeaderElection.java:askForVotes(182)) - 43f24444-fa9f-41f4-ae9a-436f4803900c@group-0B12C751E0A0:LeaderElection100: begin an election at term 1 for -1: [43f24444-fa9f-41f4-ae9a-436f4803900c:192.168.36.122:38765], old=null
2019-09-21 03:25:11,663 [43f24444-fa9f-41f4-ae9a-436f4803900c@group-0B12C751E0A0:LeaderElection100] INFO  impl.RoleInfo (RoleInfo.java:shutdownLeaderElection(134)) - 43f24444-fa9f-41f4-ae9a-436f4803900c: shutdown LeaderElection
2019-09-21 03:25:11,663 [43f24444-fa9f-41f4-ae9a-436f4803900c@group-0B12C751E0A0:LeaderElection100] INFO  impl.RaftServerImpl (RaftServerImpl.java:setRole(174)) - 43f24444-fa9f-41f4-ae9a-436f4803900c@group-0B12C751E0A0: changes role from CANDIDATE to LEADER at term 1 for changeToLeader
2019-09-21 03:25:11,664 [43f24444-fa9f-41f4-ae9a-436f4803900c@group-0B12C751E0A0:LeaderElection100] INFO  impl.RaftServerImpl (ServerState.java:setLeader(253)) - 43f24444-fa9f-41f4-ae9a-436f4803900c@group-0B12C751E0A0: change Leader from null to 43f24444-fa9f-41f4-ae9a-436f4803900c at term 1 for becomeLeader, leader elected after 5200ms
2019-09-21 03:25:11,664 [43f24444-fa9f-41f4-ae9a-436f4803900c@group-0B12C751E0A0:LeaderElection100] INFO  server.RaftServerConfigKeys (ConfUtils.java:logGet(43)) - raft.server.staging.catchup.gap = 1000 (default)
2019-09-21 03:25:11,664 [43f24444-fa9f-41f4-ae9a-436f4803900c@group-0B12C751E0A0:LeaderElection100] INFO  server.RaftServerConfigKeys (ConfUtils.java:logGet(43)) - raft.server.rpc.sleep.time = 25ms (default)
2019-09-21 03:25:11,664 [43f24444-fa9f-41f4-ae9a-436f4803900c@group-0B12C751E0A0:LeaderElection100] INFO  server.RaftServerConfigKeys (ConfUtils.java:logGet(43)) - raft.server.write.element-limit = 4096 (default)
2019-09-21 03:25:11,664 [43f24444-fa9f-41f4-ae9a-436f4803900c@group-0B12C751E0A0:LeaderElection100] INFO  server.RaftServerConfigKeys (ConfUtils.java:logGet(43)) - raft.server.watch.timeout = 10s (default)
2019-09-21 03:25:11,665 [43f24444-fa9f-41f4-ae9a-436f4803900c@group-0B12C751E0A0:LeaderElection100] INFO  server.RaftServerConfigKeys (ConfUtils.java:logGet(43)) - raft.server.watch.timeout.denomination = 1s (default)
2019-09-21 03:25:11,665 [43f24444-fa9f-41f4-ae9a-436f4803900c@group-0B12C751E0A0:LeaderElection100] INFO  server.RaftServerConfigKeys (ConfUtils.java:logGet(43)) - raft.server.watch.element-limit = 65536 (default)
2019-09-21 03:25:11,665 [de978da9-86a0-48f2-b522-8b80f701b0e5@group-F4E71847B67B:LeaderElection101] INFO  impl.LeaderElection (LeaderElection.java:askForVotes(182)) - de978da9-86a0-48f2-b522-8b80f701b0e5@group-F4E71847B67B:LeaderElection101: begin an election at term 1 for -1: [de978da9-86a0-48f2-b522-8b80f701b0e5:192.168.36.122:34337], old=null
2019-09-21 03:25:11,665 [de978da9-86a0-48f2-b522-8b80f701b0e5@group-F4E71847B67B:LeaderElection101] INFO  impl.RoleInfo (RoleInfo.java:shutdownLeaderElection(134)) - de978da9-86a0-48f2-b522-8b80f701b0e5: shutdown LeaderElection
2019-09-21 03:25:11,665 [de978da9-86a0-48f2-b522-8b80f701b0e5@group-F4E71847B67B:LeaderElection101] INFO  impl.RaftServerImpl (RaftServerImpl.java:setRole(174)) - de978da9-86a0-48f2-b522-8b80f701b0e5@group-F4E71847B67B: changes role from CANDIDATE to LEADER at term 1 for changeToLeader
2019-09-21 03:25:11,665 [de978da9-86a0-48f2-b522-8b80f701b0e5@group-F4E71847B67B:LeaderElection101] INFO  impl.RaftServerImpl (ServerState.java:setLeader(253)) - de978da9-86a0-48f2-b522-8b80f701b0e5@group-F4E71847B67B: change Leader from null to de978da9-86a0-48f2-b522-8b80f701b0e5 at term 1 for becomeLeader, leader elected after 5134ms
2019-09-21 03:25:11,665 [de978da9-86a0-48f2-b522-8b80f701b0e5@group-F4E71847B67B:LeaderElection101] INFO  server.RaftServerConfigKeys (ConfUtils.java:logGet(43)) - raft.server.staging.catchup.gap = 1000 (default)
2019-09-21 03:25:11,666 [de978da9-86a0-48f2-b522-8b80f701b0e5@group-F4E71847B67B:LeaderElection101] INFO  server.RaftServerConfigKeys (ConfUtils.java:logGet(43)) - raft.server.rpc.sleep.time = 25ms (default)
2019-09-21 03:25:11,666 [de978da9-86a0-48f2-b522-8b80f701b0e5@group-F4E71847B67B:LeaderElection101] INFO  server.RaftServerConfigKeys (ConfUtils.java:logGet(43)) - raft.server.write.element-limit = 4096 (default)
2019-09-21 03:25:11,666 [de978da9-86a0-48f2-b522-8b80f701b0e5@group-F4E71847B67B:LeaderElection101] INFO  server.RaftServerConfigKeys (ConfUtils.java:logGet(43)) - raft.server.watch.timeout = 10s (default)
2019-09-21 03:25:11,666 [de978da9-86a0-48f2-b522-8b80f701b0e5@group-F4E71847B67B:LeaderElection101] INFO  server.RaftServerConfigKeys (ConfUtils.java:logGet(43)) - raft.server.watch.timeout.denomination = 1s (default)
2019-09-21 03:25:11,666 [de978da9-86a0-48f2-b522-8b80f701b0e5@group-F4E71847B67B:LeaderElection101] INFO  server.RaftServerConfigKeys (ConfUtils.java:logGet(43)) - raft.server.watch.element-limit = 65536 (default)
2019-09-21 03:25:11,668 [43f24444-fa9f-41f4-ae9a-436f4803900c@group-0B12C751E0A0:LeaderElection100] INFO  impl.RoleInfo (RoleInfo.java:updateAndGet(143)) - 43f24444-fa9f-41f4-ae9a-436f4803900c: start LeaderState
2019-09-21 03:25:11,668 [de978da9-86a0-48f2-b522-8b80f701b0e5@group-F4E71847B67B:LeaderElection101] INFO  impl.RoleInfo (RoleInfo.java:updateAndGet(143)) - de978da9-86a0-48f2-b522-8b80f701b0e5: start LeaderState
2019-09-21 03:25:11,668 [43f24444-fa9f-41f4-ae9a-436f4803900c@group-0B12C751E0A0:LeaderElection100] INFO  segmented.SegmentedRaftLogWorker (SegmentedRaftLogWorker.java:startLogSegment(380)) - 43f24444-fa9f-41f4-ae9a-436f4803900c@group-0B12C751E0A0-SegmentedRaftLogWorker: Starting segment from index:0
2019-09-21 03:25:11,668 [de978da9-86a0-48f2-b522-8b80f701b0e5@group-F4E71847B67B:LeaderElection101] INFO  segmented.SegmentedRaftLogWorker (SegmentedRaftLogWorker.java:startLogSegment(380)) - de978da9-86a0-48f2-b522-8b80f701b0e5@group-F4E71847B67B-SegmentedRaftLogWorker: Starting segment from index:0
2019-09-21 03:25:11,669 [43f24444-fa9f-41f4-ae9a-436f4803900c@group-0B12C751E0A0:LeaderElection100] INFO  impl.RaftServerImpl (ServerState.java:setRaftConf(354)) - 43f24444-fa9f-41f4-ae9a-436f4803900c@group-0B12C751E0A0: set configuration 0: [43f24444-fa9f-41f4-ae9a-436f4803900c:192.168.36.122:38765], old=null at 0
2019-09-21 03:25:11,669 [de978da9-86a0-48f2-b522-8b80f701b0e5@group-F4E71847B67B:LeaderElection101] INFO  impl.RaftServerImpl (ServerState.java:setRaftConf(354)) - de978da9-86a0-48f2-b522-8b80f701b0e5@group-F4E71847B67B: set configuration 0: [de978da9-86a0-48f2-b522-8b80f701b0e5:192.168.36.122:34337], old=null at 0
2019-09-21 03:25:11,719 [de978da9-86a0-48f2-b522-8b80f701b0e5@group-F4E71847B67B-SegmentedRaftLogWorker] INFO  segmented.SegmentedRaftLogWorker (SegmentedRaftLogWorker.java:execute(569)) - de978da9-86a0-48f2-b522-8b80f701b0e5@group-F4E71847B67B-SegmentedRaftLogWorker: created new log segment /workdir/hadoop-ozone/integration-test/target/test-dir/MiniOzoneClusterImpl-49ccd39e-0a95-490c-a5ec-4c0d204ae341/datanode-4/data/ratis/c55e6eaf-f55d-4e6d-82d6-f4e71847b67b/current/log_inprogress_0
2019-09-21 03:25:11,719 [43f24444-fa9f-41f4-ae9a-436f4803900c@group-0B12C751E0A0-SegmentedRaftLogWorker] INFO  segmented.SegmentedRaftLogWorker (SegmentedRaftLogWorker.java:execute(569)) - 43f24444-fa9f-41f4-ae9a-436f4803900c@group-0B12C751E0A0-SegmentedRaftLogWorker: created new log segment /workdir/hadoop-ozone/integration-test/target/test-dir/MiniOzoneClusterImpl-49ccd39e-0a95-490c-a5ec-4c0d204ae341/datanode-6/data/ratis/e03eeaed-a85d-4a2e-a34c-0b12c751e0a0/current/log_inprogress_0
2019-09-21 03:25:11,752 [Thread-3897] INFO  impl.FollowerState (FollowerState.java:run(106)) - 43f24444-fa9f-41f4-ae9a-436f4803900c:group-E5F1F7E7DAC4 changes to CANDIDATE, lastRpcTime:5109, electionTimeout:5109ms
2019-09-21 03:25:11,752 [Thread-3897] INFO  impl.RoleInfo (RoleInfo.java:shutdownFollowerState(121)) - 43f24444-fa9f-41f4-ae9a-436f4803900c: shutdown FollowerState
2019-09-21 03:25:11,752 [Thread-3897] INFO  impl.RaftServerImpl (RaftServerImpl.java:setRole(174)) - 43f24444-fa9f-41f4-ae9a-436f4803900c@group-E5F1F7E7DAC4: changes role from  FOLLOWER to CANDIDATE at term 0 for changeToCandidate
2019-09-21 03:25:11,752 [Thread-3897] INFO  impl.RoleInfo (RoleInfo.java:updateAndGet(143)) - 43f24444-fa9f-41f4-ae9a-436f4803900c: start LeaderElection
2019-09-21 03:25:11,756 [Thread-3900] INFO  impl.FollowerState (FollowerState.java:run(106)) - 7ca5dcda-481a-4746-825e-0b0407a7007f:group-E5F1F7E7DAC4 changes to CANDIDATE, lastRpcTime:5112, electionTimeout:5110ms
2019-09-21 03:25:11,756 [Thread-3900] INFO  impl.RoleInfo (RoleInfo.java:shutdownFollowerState(121)) - 7ca5dcda-481a-4746-825e-0b0407a7007f: shutdown FollowerState
2019-09-21 03:25:11,756 [Thread-3900] INFO  impl.RaftServerImpl (RaftServerImpl.java:setRole(174)) - 7ca5dcda-481a-4746-825e-0b0407a7007f@group-E5F1F7E7DAC4: changes role from  FOLLOWER to CANDIDATE at term 0 for changeToCandidate
2019-09-21 03:25:11,756 [Thread-3900] INFO  impl.RoleInfo (RoleInfo.java:updateAndGet(143)) - 7ca5dcda-481a-4746-825e-0b0407a7007f: start LeaderElection
2019-09-21 03:25:11,769 [Thread-3904] INFO  impl.FollowerState (FollowerState.java:run(106)) - f01278b1-302b-4b97-a762-59556b6cd5ae:group-0E23D5785B30 changes to CANDIDATE, lastRpcTime:5038, electionTimeout:5038ms
2019-09-21 03:25:11,769 [Thread-3904] INFO  impl.RoleInfo (RoleInfo.java:shutdownFollowerState(121)) - f01278b1-302b-4b97-a762-59556b6cd5ae: shutdown FollowerState
2019-09-21 03:25:11,769 [Thread-3904] INFO  impl.RaftServerImpl (RaftServerImpl.java:setRole(174)) - f01278b1-302b-4b97-a762-59556b6cd5ae@group-0E23D5785B30: changes role from  FOLLOWER to CANDIDATE at term 0 for changeToCandidate
2019-09-21 03:25:11,770 [Thread-3904] INFO  impl.RoleInfo (RoleInfo.java:updateAndGet(143)) - f01278b1-302b-4b97-a762-59556b6cd5ae: start LeaderElection
2019-09-21 03:25:11,788 [7ca5dcda-481a-4746-825e-0b0407a7007f@group-E5F1F7E7DAC4:LeaderElection103] INFO  impl.LeaderElection (LeaderElection.java:askForVotes(182)) - 7ca5dcda-481a-4746-825e-0b0407a7007f@group-E5F1F7E7DAC4:LeaderElection103: begin an election at term 1 for -1: [7ca5dcda-481a-4746-825e-0b0407a7007f:192.168.36.122:34413, 43f24444-fa9f-41f4-ae9a-436f4803900c:192.168.36.122:38765, 13e42e29-0b35-4bd9-9d07-0e801b0bf72d:192.168.36.122:44151], old=null
2019-09-21 03:25:11,788 [43f24444-fa9f-41f4-ae9a-436f4803900c@group-E5F1F7E7DAC4:LeaderElection102] INFO  impl.LeaderElection (LeaderElection.java:askForVotes(182)) - 43f24444-fa9f-41f4-ae9a-436f4803900c@group-E5F1F7E7DAC4:LeaderElection102: begin an election at term 1 for -1: [7ca5dcda-481a-4746-825e-0b0407a7007f:192.168.36.122:34413, 43f24444-fa9f-41f4-ae9a-436f4803900c:192.168.36.122:38765, 13e42e29-0b35-4bd9-9d07-0e801b0bf72d:192.168.36.122:44151], old=null
2019-09-21 03:25:11,793 [grpc-default-executor-6] INFO  impl.RaftServerImpl (RaftServerImpl.java:setRole(174)) - 13e42e29-0b35-4bd9-9d07-0e801b0bf72d@group-E5F1F7E7DAC4: changes role from  FOLLOWER to FOLLOWER at term 1 for recognizeCandidate:7ca5dcda-481a-4746-825e-0b0407a7007f
2019-09-21 03:25:11,793 [grpc-default-executor-6] INFO  impl.RoleInfo (RoleInfo.java:shutdownFollowerState(121)) - 13e42e29-0b35-4bd9-9d07-0e801b0bf72d: shutdown FollowerState
2019-09-21 03:25:11,795 [grpc-default-executor-6] INFO  impl.RoleInfo (RoleInfo.java:updateAndGet(143)) - 13e42e29-0b35-4bd9-9d07-0e801b0bf72d: start FollowerState
2019-09-21 03:25:11,795 [Thread-3899] INFO  impl.FollowerState (FollowerState.java:run(115)) - 13e42e29-0b35-4bd9-9d07-0e801b0bf72d: FollowerState was interrupted: java.lang.InterruptedException: sleep interrupted
2019-09-21 03:25:11,803 [f01278b1-302b-4b97-a762-59556b6cd5ae@group-0E23D5785B30:LeaderElection104] INFO  impl.LeaderElection (LeaderElection.java:askForVotes(182)) - f01278b1-302b-4b97-a762-59556b6cd5ae@group-0E23D5785B30:LeaderElection104: begin an election at term 1 for -1: [f01278b1-302b-4b97-a762-59556b6cd5ae:192.168.36.122:36478, de978da9-86a0-48f2-b522-8b80f701b0e5:192.168.36.122:34337, e893f503-ce9f-499b-9cc7-29bacfc11840:192.168.36.122:35739], old=null
2019-09-21 03:25:11,806 [Thread-3908] INFO  impl.FollowerState (FollowerState.java:run(106)) - de978da9-86a0-48f2-b522-8b80f701b0e5:group-0E23D5785B30 changes to CANDIDATE, lastRpcTime:5073, electionTimeout:5071ms
2019-09-21 03:25:11,807 [Thread-3908] INFO  impl.RoleInfo (RoleInfo.java:shutdownFollowerState(121)) - de978da9-86a0-48f2-b522-8b80f701b0e5: shutdown FollowerState
2019-09-21 03:25:11,807 [Thread-3908] INFO  impl.RaftServerImpl (RaftServerImpl.java:setRole(174)) - de978da9-86a0-48f2-b522-8b80f701b0e5@group-0E23D5785B30: changes role from  FOLLOWER to CANDIDATE at term 0 for changeToCandidate
2019-09-21 03:25:11,807 [Thread-3908] INFO  impl.RoleInfo (RoleInfo.java:updateAndGet(143)) - de978da9-86a0-48f2-b522-8b80f701b0e5: start LeaderElection
2019-09-21 03:25:11,817 [grpc-default-executor-13] INFO  impl.RaftServerImpl (RaftServerImpl.java:setRole(174)) - e893f503-ce9f-499b-9cc7-29bacfc11840@group-0E23D5785B30: changes role from  FOLLOWER to FOLLOWER at term 1 for recognizeCandidate:f01278b1-302b-4b97-a762-59556b6cd5ae
2019-09-21 03:25:11,817 [grpc-default-executor-13] INFO  impl.RoleInfo (RoleInfo.java:shutdownFollowerState(121)) - e893f503-ce9f-499b-9cc7-29bacfc11840: shutdown FollowerState
2019-09-21 03:25:11,818 [grpc-default-executor-13] INFO  impl.RoleInfo (RoleInfo.java:updateAndGet(143)) - e893f503-ce9f-499b-9cc7-29bacfc11840: start FollowerState
2019-09-21 03:25:11,818 [Thread-3909] INFO  impl.FollowerState (FollowerState.java:run(115)) - e893f503-ce9f-499b-9cc7-29bacfc11840: FollowerState was interrupted: java.lang.InterruptedException: sleep interrupted
2019-09-21 03:25:11,827 [de978da9-86a0-48f2-b522-8b80f701b0e5@group-0E23D5785B30:LeaderElection105] INFO  impl.LeaderElection (LeaderElection.java:askForVotes(182)) - de978da9-86a0-48f2-b522-8b80f701b0e5@group-0E23D5785B30:LeaderElection105: begin an election at term 1 for -1: [f01278b1-302b-4b97-a762-59556b6cd5ae:192.168.36.122:36478, de978da9-86a0-48f2-b522-8b80f701b0e5:192.168.36.122:34337, e893f503-ce9f-499b-9cc7-29bacfc11840:192.168.36.122:35739], old=null
2019-09-21 03:25:11,828 [7ca5dcda-481a-4746-825e-0b0407a7007f@group-E5F1F7E7DAC4:LeaderElection103] INFO  impl.LeaderElection (LeaderElection.java:logAndReturn(56)) - 7ca5dcda-481a-4746-825e-0b0407a7007f@group-E5F1F7E7DAC4:LeaderElection103: Election PASSED; received 2 response(s) [7ca5dcda-481a-4746-825e-0b0407a7007f<-43f24444-fa9f-41f4-ae9a-436f4803900c#0:FAIL-t1, 7ca5dcda-481a-4746-825e-0b0407a7007f<-13e42e29-0b35-4bd9-9d07-0e801b0bf72d#0:OK-t1] and 0 exception(s); 7ca5dcda-481a-4746-825e-0b0407a7007f@group-E5F1F7E7DAC4:t1, leader=null, voted=7ca5dcda-481a-4746-825e-0b0407a7007f, raftlog=7ca5dcda-481a-4746-825e-0b0407a7007f@group-E5F1F7E7DAC4-SegmentedRaftLog:OPENED:c-1,f-1,i0, conf=-1: [7ca5dcda-481a-4746-825e-0b0407a7007f:192.168.36.122:34413, 43f24444-fa9f-41f4-ae9a-436f4803900c:192.168.36.122:38765, 13e42e29-0b35-4bd9-9d07-0e801b0bf72d:192.168.36.122:44151], old=null
2019-09-21 03:25:11,828 [43f24444-fa9f-41f4-ae9a-436f4803900c@group-E5F1F7E7DAC4:LeaderElection102] INFO  impl.LeaderElection (LeaderElection.java:logAndReturn(56)) - 43f24444-fa9f-41f4-ae9a-436f4803900c@group-E5F1F7E7DAC4:LeaderElection102: Election REJECTED; received 2 response(s) [43f24444-fa9f-41f4-ae9a-436f4803900c<-7ca5dcda-481a-4746-825e-0b0407a7007f#0:FAIL-t1, 43f24444-fa9f-41f4-ae9a-436f4803900c<-13e42e29-0b35-4bd9-9d07-0e801b0bf72d#0:FAIL-t1] and 0 exception(s); 43f24444-fa9f-41f4-ae9a-436f4803900c@group-E5F1F7E7DAC4:t1, leader=null, voted=43f24444-fa9f-41f4-ae9a-436f4803900c, raftlog=43f24444-fa9f-41f4-ae9a-436f4803900c@group-E5F1F7E7DAC4-SegmentedRaftLog:OPENED:c-1,f-1,i0, conf=-1: [7ca5dcda-481a-4746-825e-0b0407a7007f:192.168.36.122:34413, 43f24444-fa9f-41f4-ae9a-436f4803900c:192.168.36.122:38765, 13e42e29-0b35-4bd9-9d07-0e801b0bf72d:192.168.36.122:44151], old=null
2019-09-21 03:25:11,828 [7ca5dcda-481a-4746-825e-0b0407a7007f@group-E5F1F7E7DAC4:LeaderElection103] INFO  impl.RoleInfo (RoleInfo.java:shutdownLeaderElection(134)) - 7ca5dcda-481a-4746-825e-0b0407a7007f: shutdown LeaderElection
2019-09-21 03:25:11,828 [f01278b1-302b-4b97-a762-59556b6cd5ae@group-0E23D5785B30:LeaderElection104] INFO  impl.LeaderElection (LeaderElection.java:logAndReturn(56)) - f01278b1-302b-4b97-a762-59556b6cd5ae@group-0E23D5785B30:LeaderElection104: Election PASSED; received 2 response(s) [f01278b1-302b-4b97-a762-59556b6cd5ae<-de978da9-86a0-48f2-b522-8b80f701b0e5#0:FAIL-t1, f01278b1-302b-4b97-a762-59556b6cd5ae<-e893f503-ce9f-499b-9cc7-29bacfc11840#0:OK-t1] and 0 exception(s); f01278b1-302b-4b97-a762-59556b6cd5ae@group-0E23D5785B30:t1, leader=null, voted=f01278b1-302b-4b97-a762-59556b6cd5ae, raftlog=f01278b1-302b-4b97-a762-59556b6cd5ae@group-0E23D5785B30-SegmentedRaftLog:OPENED:c-1,f-1,i0, conf=-1: [f01278b1-302b-4b97-a762-59556b6cd5ae:192.168.36.122:36478, de978da9-86a0-48f2-b522-8b80f701b0e5:192.168.36.122:34337, e893f503-ce9f-499b-9cc7-29bacfc11840:192.168.36.122:35739], old=null
2019-09-21 03:25:11,833 [43f24444-fa9f-41f4-ae9a-436f4803900c@group-E5F1F7E7DAC4:LeaderElection102] INFO  impl.RaftServerImpl (RaftServerImpl.java:setRole(174)) - 43f24444-fa9f-41f4-ae9a-436f4803900c@group-E5F1F7E7DAC4: changes role from CANDIDATE to FOLLOWER at term 1 for DISCOVERED_A_NEW_TERM
2019-09-21 03:25:11,831 [7ca5dcda-481a-4746-825e-0b0407a7007f@group-E5F1F7E7DAC4:LeaderElection103] INFO  impl.RaftServerImpl (RaftServerImpl.java:setRole(174)) - 7ca5dcda-481a-4746-825e-0b0407a7007f@group-E5F1F7E7DAC4: changes role from CANDIDATE to LEADER at term 1 for changeToLeader
2019-09-21 03:25:11,833 [43f24444-fa9f-41f4-ae9a-436f4803900c@group-E5F1F7E7DAC4:LeaderElection102] INFO  impl.RoleInfo (RoleInfo.java:shutdownLeaderElection(134)) - 43f24444-fa9f-41f4-ae9a-436f4803900c: shutdown LeaderElection
2019-09-21 03:25:11,833 [f01278b1-302b-4b97-a762-59556b6cd5ae@group-0E23D5785B30:LeaderElection104] INFO  impl.RoleInfo (RoleInfo.java:shutdownLeaderElection(134)) - f01278b1-302b-4b97-a762-59556b6cd5ae: shutdown LeaderElection
2019-09-21 03:25:11,836 [43f24444-fa9f-41f4-ae9a-436f4803900c@group-E5F1F7E7DAC4:LeaderElection102] INFO  impl.RoleInfo (RoleInfo.java:updateAndGet(143)) - 43f24444-fa9f-41f4-ae9a-436f4803900c: start FollowerState
2019-09-21 03:25:11,836 [7ca5dcda-481a-4746-825e-0b0407a7007f@group-E5F1F7E7DAC4:LeaderElection103] INFO  impl.RaftServerImpl (ServerState.java:setLeader(253)) - 7ca5dcda-481a-4746-825e-0b0407a7007f@group-E5F1F7E7DAC4: change Leader from null to 7ca5dcda-481a-4746-825e-0b0407a7007f at term 1 for becomeLeader, leader elected after 5203ms
2019-09-21 03:25:11,836 [f01278b1-302b-4b97-a762-59556b6cd5ae@group-0E23D5785B30:LeaderElection104] INFO  impl.RaftServerImpl (RaftServerImpl.java:setRole(174)) - f01278b1-302b-4b97-a762-59556b6cd5ae@group-0E23D5785B30: changes role from CANDIDATE to LEADER at term 1 for changeToLeader
2019-09-21 03:25:11,837 [f01278b1-302b-4b97-a762-59556b6cd5ae@group-0E23D5785B30:LeaderElection104] INFO  impl.RaftServerImpl (ServerState.java:setLeader(253)) - f01278b1-302b-4b97-a762-59556b6cd5ae@group-0E23D5785B30: change Leader from null to f01278b1-302b-4b97-a762-59556b6cd5ae at term 1 for becomeLeader, leader elected after 5114ms
2019-09-21 03:25:11,837 [7ca5dcda-481a-4746-825e-0b0407a7007f@group-E5F1F7E7DAC4:LeaderElection103] INFO  server.RaftServerConfigKeys (ConfUtils.java:logGet(43)) - raft.server.staging.catchup.gap = 1000 (default)
2019-09-21 03:25:11,837 [f01278b1-302b-4b97-a762-59556b6cd5ae@group-0E23D5785B30:LeaderElection104] INFO  server.RaftServerConfigKeys (ConfUtils.java:logGet(43)) - raft.server.staging.catchup.gap = 1000 (default)
2019-09-21 03:25:11,837 [7ca5dcda-481a-4746-825e-0b0407a7007f@group-E5F1F7E7DAC4:LeaderElection103] INFO  server.RaftServerConfigKeys (ConfUtils.java:logGet(43)) - raft.server.rpc.sleep.time = 25ms (default)
2019-09-21 03:25:11,837 [f01278b1-302b-4b97-a762-59556b6cd5ae@group-0E23D5785B30:LeaderElection104] INFO  server.RaftServerConfigKeys (ConfUtils.java:logGet(43)) - raft.server.rpc.sleep.time = 25ms (default)
2019-09-21 03:25:11,837 [7ca5dcda-481a-4746-825e-0b0407a7007f@group-E5F1F7E7DAC4:LeaderElection103] INFO  server.RaftServerConfigKeys (ConfUtils.java:logGet(43)) - raft.server.write.element-limit = 4096 (default)
2019-09-21 03:25:11,837 [f01278b1-302b-4b97-a762-59556b6cd5ae@group-0E23D5785B30:LeaderElection104] INFO  server.RaftServerConfigKeys (ConfUtils.java:logGet(43)) - raft.server.write.element-limit = 4096 (default)
2019-09-21 03:25:11,837 [7ca5dcda-481a-4746-825e-0b0407a7007f@group-E5F1F7E7DAC4:LeaderElection103] INFO  server.RaftServerConfigKeys (ConfUtils.java:logGet(43)) - raft.server.watch.timeout = 10s (default)
2019-09-21 03:25:11,837 [f01278b1-302b-4b97-a762-59556b6cd5ae@group-0E23D5785B30:LeaderElection104] INFO  server.RaftServerConfigKeys (ConfUtils.java:logGet(43)) - raft.server.watch.timeout = 10s (default)
2019-09-21 03:25:11,837 [7ca5dcda-481a-4746-825e-0b0407a7007f@group-E5F1F7E7DAC4:LeaderElection103] INFO  server.RaftServerConfigKeys (ConfUtils.java:logGet(43)) - raft.server.watch.timeout.denomination = 1s (default)
2019-09-21 03:25:11,840 [f01278b1-302b-4b97-a762-59556b6cd5ae@group-0E23D5785B30:LeaderElection104] INFO  server.RaftServerConfigKeys (ConfUtils.java:logGet(43)) - raft.server.watch.timeout.denomination = 1s (default)
2019-09-21 03:25:11,840 [7ca5dcda-481a-4746-825e-0b0407a7007f@group-E5F1F7E7DAC4:LeaderElection103] INFO  server.RaftServerConfigKeys (ConfUtils.java:logGet(43)) - raft.server.watch.element-limit = 65536 (default)
2019-09-21 03:25:11,840 [f01278b1-302b-4b97-a762-59556b6cd5ae@group-0E23D5785B30:LeaderElection104] INFO  server.RaftServerConfigKeys (ConfUtils.java:logGet(43)) - raft.server.watch.element-limit = 65536 (default)
2019-09-21 03:25:11,842 [7ca5dcda-481a-4746-825e-0b0407a7007f@group-E5F1F7E7DAC4:LeaderElection103] INFO  server.RaftServerConfigKeys (ConfUtils.java:logGet(43)) - raft.server.log.appender.snapshot.chunk.size.max = 16MB (=16777216) (default)
2019-09-21 03:25:11,842 [7ca5dcda-481a-4746-825e-0b0407a7007f@group-E5F1F7E7DAC4:LeaderElection103] INFO  server.RaftServerConfigKeys (ConfUtils.java:logGet(43)) - raft.server.log.appender.buffer.byte-limit = 33554432 (custom)
2019-09-21 03:25:11,843 [7ca5dcda-481a-4746-825e-0b0407a7007f@group-E5F1F7E7DAC4:LeaderElection103] INFO  server.RaftServerConfigKeys (ConfUtils.java:logGet(43)) - raft.server.log.appender.buffer.element-limit = 1 (custom)
2019-09-21 03:25:11,843 [f01278b1-302b-4b97-a762-59556b6cd5ae@group-0E23D5785B30:LeaderElection104] INFO  server.RaftServerConfigKeys (ConfUtils.java:logGet(43)) - raft.server.log.appender.snapshot.chunk.size.max = 16MB (=16777216) (default)
2019-09-21 03:25:11,843 [7ca5dcda-481a-4746-825e-0b0407a7007f@group-E5F1F7E7DAC4:LeaderElection103] INFO  grpc.GrpcConfigKeys$Server (ConfUtils.java:logGet(43)) - raft.grpc.server.leader.outstanding.appends.max = 128 (default)
2019-09-21 03:25:11,843 [f01278b1-302b-4b97-a762-59556b6cd5ae@group-0E23D5785B30:LeaderElection104] INFO  server.RaftServerConfigKeys (ConfUtils.java:logGet(43)) - raft.server.log.appender.buffer.byte-limit = 33554432 (custom)
2019-09-21 03:25:11,843 [7ca5dcda-481a-4746-825e-0b0407a7007f@group-E5F1F7E7DAC4:LeaderElection103] INFO  server.RaftServerConfigKeys (ConfUtils.java:logGet(43)) - raft.server.rpc.request.timeout = 3000ms (default)
2019-09-21 03:25:11,843 [f01278b1-302b-4b97-a762-59556b6cd5ae@group-0E23D5785B30:LeaderElection104] INFO  server.RaftServerConfigKeys (ConfUtils.java:logGet(43)) - raft.server.log.appender.buffer.element-limit = 1 (custom)
2019-09-21 03:25:11,843 [7ca5dcda-481a-4746-825e-0b0407a7007f@group-E5F1F7E7DAC4:LeaderElection103] INFO  server.RaftServerConfigKeys (ConfUtils.java:logGet(43)) - raft.server.log.appender.install.snapshot.enabled = false (custom)
2019-09-21 03:25:11,844 [f01278b1-302b-4b97-a762-59556b6cd5ae@group-0E23D5785B30:LeaderElection104] INFO  grpc.GrpcConfigKeys$Server (ConfUtils.java:logGet(43)) - raft.grpc.server.leader.outstanding.appends.max = 128 (default)
2019-09-21 03:25:11,844 [7ca5dcda-481a-4746-825e-0b0407a7007f@group-E5F1F7E7DAC4:LeaderElection103] INFO  server.RaftServerConfigKeys (ConfUtils.java:logGet(43)) - raft.server.log.appender.snapshot.chunk.size.max = 16MB (=16777216) (default)
2019-09-21 03:25:11,844 [f01278b1-302b-4b97-a762-59556b6cd5ae@group-0E23D5785B30:LeaderElection104] INFO  server.RaftServerConfigKeys (ConfUtils.java:logGet(43)) - raft.server.rpc.request.timeout = 3000ms (default)
2019-09-21 03:25:11,844 [7ca5dcda-481a-4746-825e-0b0407a7007f@group-E5F1F7E7DAC4:LeaderElection103] INFO  server.RaftServerConfigKeys (ConfUtils.java:logGet(43)) - raft.server.log.appender.buffer.byte-limit = 33554432 (custom)
2019-09-21 03:25:11,844 [f01278b1-302b-4b97-a762-59556b6cd5ae@group-0E23D5785B30:LeaderElection104] INFO  server.RaftServerConfigKeys (ConfUtils.java:logGet(43)) - raft.server.log.appender.install.snapshot.enabled = false (custom)
2019-09-21 03:25:11,844 [7ca5dcda-481a-4746-825e-0b0407a7007f@group-E5F1F7E7DAC4:LeaderElection103] INFO  server.RaftServerConfigKeys (ConfUtils.java:logGet(43)) - raft.server.log.appender.buffer.element-limit = 1 (custom)
2019-09-21 03:25:11,844 [f01278b1-302b-4b97-a762-59556b6cd5ae@group-0E23D5785B30:LeaderElection104] INFO  server.RaftServerConfigKeys (ConfUtils.java:logGet(43)) - raft.server.log.appender.snapshot.chunk.size.max = 16MB (=16777216) (default)
2019-09-21 03:25:11,844 [7ca5dcda-481a-4746-825e-0b0407a7007f@group-E5F1F7E7DAC4:LeaderElection103] INFO  grpc.GrpcConfigKeys$Server (ConfUtils.java:logGet(43)) - raft.grpc.server.leader.outstanding.appends.max = 128 (default)
2019-09-21 03:25:11,845 [f01278b1-302b-4b97-a762-59556b6cd5ae@group-0E23D5785B30:LeaderElection104] INFO  server.RaftServerConfigKeys (ConfUtils.java:logGet(43)) - raft.server.log.appender.buffer.byte-limit = 33554432 (custom)
2019-09-21 03:25:11,845 [7ca5dcda-481a-4746-825e-0b0407a7007f@group-E5F1F7E7DAC4:LeaderElection103] INFO  server.RaftServerConfigKeys (ConfUtils.java:logGet(43)) - raft.server.rpc.request.timeout = 3000ms (default)
2019-09-21 03:25:11,845 [f01278b1-302b-4b97-a762-59556b6cd5ae@group-0E23D5785B30:LeaderElection104] INFO  server.RaftServerConfigKeys (ConfUtils.java:logGet(43)) - raft.server.log.appender.buffer.element-limit = 1 (custom)
2019-09-21 03:25:11,845 [7ca5dcda-481a-4746-825e-0b0407a7007f@group-E5F1F7E7DAC4:LeaderElection103] INFO  server.RaftServerConfigKeys (ConfUtils.java:logGet(43)) - raft.server.log.appender.install.snapshot.enabled = false (custom)
2019-09-21 03:25:11,845 [f01278b1-302b-4b97-a762-59556b6cd5ae@group-0E23D5785B30:LeaderElection104] INFO  grpc.GrpcConfigKeys$Server (ConfUtils.java:logGet(43)) - raft.grpc.server.leader.outstanding.appends.max = 128 (default)
2019-09-21 03:25:11,845 [7ca5dcda-481a-4746-825e-0b0407a7007f@group-E5F1F7E7DAC4:LeaderElection103] INFO  impl.RoleInfo (RoleInfo.java:updateAndGet(143)) - 7ca5dcda-481a-4746-825e-0b0407a7007f: start LeaderState
2019-09-21 03:25:11,845 [f01278b1-302b-4b97-a762-59556b6cd5ae@group-0E23D5785B30:LeaderElection104] INFO  server.RaftServerConfigKeys (ConfUtils.java:logGet(43)) - raft.server.rpc.request.timeout = 3000ms (default)
2019-09-21 03:25:11,846 [7ca5dcda-481a-4746-825e-0b0407a7007f@group-E5F1F7E7DAC4:LeaderElection103] INFO  segmented.SegmentedRaftLogWorker (SegmentedRaftLogWorker.java:startLogSegment(380)) - 7ca5dcda-481a-4746-825e-0b0407a7007f@group-E5F1F7E7DAC4-SegmentedRaftLogWorker: Starting segment from index:0
2019-09-21 03:25:11,846 [f01278b1-302b-4b97-a762-59556b6cd5ae@group-0E23D5785B30:LeaderElection104] INFO  server.RaftServerConfigKeys (ConfUtils.java:logGet(43)) - raft.server.log.appender.install.snapshot.enabled = false (custom)
2019-09-21 03:25:11,846 [f01278b1-302b-4b97-a762-59556b6cd5ae@group-0E23D5785B30:LeaderElection104] INFO  impl.RoleInfo (RoleInfo.java:updateAndGet(143)) - f01278b1-302b-4b97-a762-59556b6cd5ae: start LeaderState
2019-09-21 03:25:11,846 [f01278b1-302b-4b97-a762-59556b6cd5ae@group-0E23D5785B30:LeaderElection104] INFO  segmented.SegmentedRaftLogWorker (SegmentedRaftLogWorker.java:startLogSegment(380)) - f01278b1-302b-4b97-a762-59556b6cd5ae@group-0E23D5785B30-SegmentedRaftLogWorker: Starting segment from index:0
2019-09-21 03:25:11,846 [7ca5dcda-481a-4746-825e-0b0407a7007f@group-E5F1F7E7DAC4:LeaderElection103] INFO  impl.RaftServerImpl (ServerState.java:setRaftConf(354)) - 7ca5dcda-481a-4746-825e-0b0407a7007f@group-E5F1F7E7DAC4: set configuration 0: [7ca5dcda-481a-4746-825e-0b0407a7007f:192.168.36.122:34413, 43f24444-fa9f-41f4-ae9a-436f4803900c:192.168.36.122:38765, 13e42e29-0b35-4bd9-9d07-0e801b0bf72d:192.168.36.122:44151], old=null at 0
2019-09-21 03:25:11,847 [f01278b1-302b-4b97-a762-59556b6cd5ae@group-0E23D5785B30:LeaderElection104] INFO  impl.RaftServerImpl (ServerState.java:setRaftConf(354)) - f01278b1-302b-4b97-a762-59556b6cd5ae@group-0E23D5785B30: set configuration 0: [f01278b1-302b-4b97-a762-59556b6cd5ae:192.168.36.122:36478, de978da9-86a0-48f2-b522-8b80f701b0e5:192.168.36.122:34337, e893f503-ce9f-499b-9cc7-29bacfc11840:192.168.36.122:35739], old=null at 0
2019-09-21 03:25:11,847 [grpc-default-executor-14] INFO  impl.RaftServerImpl (ServerState.java:setLeader(253)) - 13e42e29-0b35-4bd9-9d07-0e801b0bf72d@group-E5F1F7E7DAC4: change Leader from null to 7ca5dcda-481a-4746-825e-0b0407a7007f at term 1 for appendEntries, leader elected after 5213ms
2019-09-21 03:25:11,847 [grpc-default-executor-13] INFO  impl.RaftServerImpl (ServerState.java:setLeader(253)) - 43f24444-fa9f-41f4-ae9a-436f4803900c@group-E5F1F7E7DAC4: change Leader from null to 7ca5dcda-481a-4746-825e-0b0407a7007f at term 1 for appendEntries, leader elected after 5214ms
2019-09-21 03:25:11,847 [grpc-default-executor-4] INFO  impl.RaftServerImpl (RaftServerImpl.java:requestVote(758)) - f01278b1-302b-4b97-a762-59556b6cd5ae@group-0E23D5785B30-   LEADER: Withhold vote from candidate de978da9-86a0-48f2-b522-8b80f701b0e5 with term 1. State: leader=f01278b1-302b-4b97-a762-59556b6cd5ae, term=1, lastRpcElapsed=null
2019-09-21 03:25:11,848 [grpc-default-executor-4] INFO  impl.RaftServerImpl (ServerState.java:setLeader(253)) - e893f503-ce9f-499b-9cc7-29bacfc11840@group-0E23D5785B30: change Leader from null to f01278b1-302b-4b97-a762-59556b6cd5ae at term 1 for appendEntries, leader elected after 5126ms
2019-09-21 03:25:11,849 [grpc-default-executor-12] INFO  impl.RaftServerImpl (RaftServerImpl.java:setRole(174)) - de978da9-86a0-48f2-b522-8b80f701b0e5@group-0E23D5785B30: changes role from CANDIDATE to FOLLOWER at term 1 for appendEntries
2019-09-21 03:25:11,849 [de978da9-86a0-48f2-b522-8b80f701b0e5@group-0E23D5785B30:LeaderElection105] INFO  impl.LeaderElection (LeaderElection.java:logAndReturn(56)) - de978da9-86a0-48f2-b522-8b80f701b0e5@group-0E23D5785B30:LeaderElection105: Election REJECTED; received 2 response(s) [de978da9-86a0-48f2-b522-8b80f701b0e5<-f01278b1-302b-4b97-a762-59556b6cd5ae#0:FAIL-t1, de978da9-86a0-48f2-b522-8b80f701b0e5<-e893f503-ce9f-499b-9cc7-29bacfc11840#0:FAIL-t1] and 0 exception(s); de978da9-86a0-48f2-b522-8b80f701b0e5@group-0E23D5785B30:t1, leader=null, voted=de978da9-86a0-48f2-b522-8b80f701b0e5, raftlog=de978da9-86a0-48f2-b522-8b80f701b0e5@group-0E23D5785B30-SegmentedRaftLog:OPENED:c-1,f-1,i0, conf=-1: [f01278b1-302b-4b97-a762-59556b6cd5ae:192.168.36.122:36478, de978da9-86a0-48f2-b522-8b80f701b0e5:192.168.36.122:34337, e893f503-ce9f-499b-9cc7-29bacfc11840:192.168.36.122:35739], old=null
2019-09-21 03:25:11,849 [grpc-default-executor-12] INFO  impl.RoleInfo (RoleInfo.java:shutdownLeaderElection(134)) - de978da9-86a0-48f2-b522-8b80f701b0e5: shutdown LeaderElection
2019-09-21 03:25:11,849 [grpc-default-executor-12] INFO  impl.RoleInfo (RoleInfo.java:updateAndGet(143)) - de978da9-86a0-48f2-b522-8b80f701b0e5: start FollowerState
2019-09-21 03:25:11,850 [grpc-default-executor-12] INFO  impl.RaftServerImpl (ServerState.java:setLeader(253)) - de978da9-86a0-48f2-b522-8b80f701b0e5@group-0E23D5785B30: change Leader from null to f01278b1-302b-4b97-a762-59556b6cd5ae at term 1 for appendEntries, leader elected after 5127ms
2019-09-21 03:25:11,850 [grpc-default-executor-13] INFO  impl.RaftServerImpl (ServerState.java:setRaftConf(354)) - 13e42e29-0b35-4bd9-9d07-0e801b0bf72d@group-E5F1F7E7DAC4: set configuration 0: [7ca5dcda-481a-4746-825e-0b0407a7007f:192.168.36.122:34413, 43f24444-fa9f-41f4-ae9a-436f4803900c:192.168.36.122:38765, 13e42e29-0b35-4bd9-9d07-0e801b0bf72d:192.168.36.122:44151], old=null at 0
2019-09-21 03:25:11,850 [grpc-default-executor-4] INFO  impl.RaftServerImpl (ServerState.java:setRaftConf(354)) - 43f24444-fa9f-41f4-ae9a-436f4803900c@group-E5F1F7E7DAC4: set configuration 0: [7ca5dcda-481a-4746-825e-0b0407a7007f:192.168.36.122:34413, 43f24444-fa9f-41f4-ae9a-436f4803900c:192.168.36.122:38765, 13e42e29-0b35-4bd9-9d07-0e801b0bf72d:192.168.36.122:44151], old=null at 0
2019-09-21 03:25:11,883 [grpc-default-executor-13] INFO  segmented.SegmentedRaftLogWorker (SegmentedRaftLogWorker.java:startLogSegment(380)) - 13e42e29-0b35-4bd9-9d07-0e801b0bf72d@group-E5F1F7E7DAC4-SegmentedRaftLogWorker: Starting segment from index:0
2019-09-21 03:25:11,883 [grpc-default-executor-12] INFO  impl.RaftServerImpl (ServerState.java:setRaftConf(354)) - e893f503-ce9f-499b-9cc7-29bacfc11840@group-0E23D5785B30: set configuration 0: [f01278b1-302b-4b97-a762-59556b6cd5ae:192.168.36.122:36478, de978da9-86a0-48f2-b522-8b80f701b0e5:192.168.36.122:34337, e893f503-ce9f-499b-9cc7-29bacfc11840:192.168.36.122:35739], old=null at 0
2019-09-21 03:25:11,883 [grpc-default-executor-4] INFO  segmented.SegmentedRaftLogWorker (SegmentedRaftLogWorker.java:startLogSegment(380)) - 43f24444-fa9f-41f4-ae9a-436f4803900c@group-E5F1F7E7DAC4-SegmentedRaftLogWorker: Starting segment from index:0
2019-09-21 03:25:11,883 [grpc-default-executor-12] INFO  segmented.SegmentedRaftLogWorker (SegmentedRaftLogWorker.java:startLogSegment(380)) - e893f503-ce9f-499b-9cc7-29bacfc11840@group-0E23D5785B30-SegmentedRaftLogWorker: Starting segment from index:0
2019-09-21 03:25:11,884 [grpc-default-executor-12] INFO  impl.RaftServerImpl (ServerState.java:setRaftConf(354)) - de978da9-86a0-48f2-b522-8b80f701b0e5@group-0E23D5785B30: set configuration 0: [f01278b1-302b-4b97-a762-59556b6cd5ae:192.168.36.122:36478, de978da9-86a0-48f2-b522-8b80f701b0e5:192.168.36.122:34337, e893f503-ce9f-499b-9cc7-29bacfc11840:192.168.36.122:35739], old=null at 0
2019-09-21 03:25:11,884 [grpc-default-executor-12] INFO  segmented.SegmentedRaftLogWorker (SegmentedRaftLogWorker.java:startLogSegment(380)) - de978da9-86a0-48f2-b522-8b80f701b0e5@group-0E23D5785B30-SegmentedRaftLogWorker: Starting segment from index:0
2019-09-21 03:25:11,905 [7ca5dcda-481a-4746-825e-0b0407a7007f@group-E5F1F7E7DAC4-SegmentedRaftLogWorker] INFO  segmented.SegmentedRaftLogWorker (SegmentedRaftLogWorker.java:execute(569)) - 7ca5dcda-481a-4746-825e-0b0407a7007f@group-E5F1F7E7DAC4-SegmentedRaftLogWorker: created new log segment /workdir/hadoop-ozone/integration-test/target/test-dir/MiniOzoneClusterImpl-49ccd39e-0a95-490c-a5ec-4c0d204ae341/datanode-3/data/ratis/cb4edd8b-3029-43bf-994f-e5f1f7e7dac4/current/log_inprogress_0
2019-09-21 03:25:11,905 [f01278b1-302b-4b97-a762-59556b6cd5ae@group-0E23D5785B30-SegmentedRaftLogWorker] INFO  segmented.SegmentedRaftLogWorker (SegmentedRaftLogWorker.java:execute(569)) - f01278b1-302b-4b97-a762-59556b6cd5ae@group-0E23D5785B30-SegmentedRaftLogWorker: created new log segment /workdir/hadoop-ozone/integration-test/target/test-dir/MiniOzoneClusterImpl-49ccd39e-0a95-490c-a5ec-4c0d204ae341/datanode-0/data/ratis/3b1ea6c2-88f2-4b10-b525-0e23d5785b30/current/log_inprogress_0
2019-09-21 03:25:11,927 [de978da9-86a0-48f2-b522-8b80f701b0e5@group-0E23D5785B30-SegmentedRaftLogWorker] INFO  segmented.SegmentedRaftLogWorker (SegmentedRaftLogWorker.java:execute(569)) - de978da9-86a0-48f2-b522-8b80f701b0e5@group-0E23D5785B30-SegmentedRaftLogWorker: created new log segment /workdir/hadoop-ozone/integration-test/target/test-dir/MiniOzoneClusterImpl-49ccd39e-0a95-490c-a5ec-4c0d204ae341/datanode-4/data/ratis/3b1ea6c2-88f2-4b10-b525-0e23d5785b30/current/log_inprogress_0
2019-09-21 03:25:11,927 [e893f503-ce9f-499b-9cc7-29bacfc11840@group-0E23D5785B30-SegmentedRaftLogWorker] INFO  segmented.SegmentedRaftLogWorker (SegmentedRaftLogWorker.java:execute(569)) - e893f503-ce9f-499b-9cc7-29bacfc11840@group-0E23D5785B30-SegmentedRaftLogWorker: created new log segment /workdir/hadoop-ozone/integration-test/target/test-dir/MiniOzoneClusterImpl-49ccd39e-0a95-490c-a5ec-4c0d204ae341/datanode-5/data/ratis/3b1ea6c2-88f2-4b10-b525-0e23d5785b30/current/log_inprogress_0
2019-09-21 03:25:11,927 [43f24444-fa9f-41f4-ae9a-436f4803900c@group-E5F1F7E7DAC4-SegmentedRaftLogWorker] INFO  segmented.SegmentedRaftLogWorker (SegmentedRaftLogWorker.java:execute(569)) - 43f24444-fa9f-41f4-ae9a-436f4803900c@group-E5F1F7E7DAC4-SegmentedRaftLogWorker: created new log segment /workdir/hadoop-ozone/integration-test/target/test-dir/MiniOzoneClusterImpl-49ccd39e-0a95-490c-a5ec-4c0d204ae341/datanode-6/data/ratis/cb4edd8b-3029-43bf-994f-e5f1f7e7dac4/current/log_inprogress_0
2019-09-21 03:25:11,927 [13e42e29-0b35-4bd9-9d07-0e801b0bf72d@group-E5F1F7E7DAC4-SegmentedRaftLogWorker] INFO  segmented.SegmentedRaftLogWorker (SegmentedRaftLogWorker.java:execute(569)) - 13e42e29-0b35-4bd9-9d07-0e801b0bf72d@group-E5F1F7E7DAC4-SegmentedRaftLogWorker: created new log segment /workdir/hadoop-ozone/integration-test/target/test-dir/MiniOzoneClusterImpl-49ccd39e-0a95-490c-a5ec-4c0d204ae341/datanode-2/data/ratis/cb4edd8b-3029-43bf-994f-e5f1f7e7dac4/current/log_inprogress_0
2019-09-21 03:25:14,166 [main] WARN  scm.XceiverClientRatis (XceiverClientRatis.java:watchForCommit(292)) - 3 way commit failed on pipeline Pipeline[ Id: cb4edd8b-3029-43bf-994f-e5f1f7e7dac4, Nodes: 13e42e29-0b35-4bd9-9d07-0e801b0bf72d{ip: 192.168.36.122, host: pr-hdds-2161-42js2-1613171706, networkLocation: /default-rack, certSerialId: null}7ca5dcda-481a-4746-825e-0b0407a7007f{ip: 192.168.36.122, host: pr-hdds-2161-42js2-1613171706, networkLocation: /default-rack, certSerialId: null}43f24444-fa9f-41f4-ae9a-436f4803900c{ip: 192.168.36.122, host: pr-hdds-2161-42js2-1613171706, networkLocation: /default-rack, certSerialId: null}, Type:RATIS, Factor:THREE, State:OPEN]
java.util.concurrent.TimeoutException
	at java.util.concurrent.CompletableFuture.timedGet(CompletableFuture.java:1771)
	at java.util.concurrent.CompletableFuture.get(CompletableFuture.java:1915)
	at org.apache.hadoop.hdds.scm.XceiverClientRatis.watchForCommit(XceiverClientRatis.java:289)
	at org.apache.hadoop.hdds.scm.storage.CommitWatcher.watchForCommit(CommitWatcher.java:194)
	at org.apache.hadoop.hdds.scm.storage.CommitWatcher.watchOnFirstIndex(CommitWatcher.java:135)
	at org.apache.hadoop.hdds.scm.storage.BlockOutputStream.watchForCommit(BlockOutputStream.java:347)
	at org.apache.hadoop.hdds.scm.storage.BlockOutputStream.handleFullBuffer(BlockOutputStream.java:324)
	at org.apache.hadoop.hdds.scm.storage.BlockOutputStream.write(BlockOutputStream.java:251)
	at org.apache.hadoop.ozone.client.io.BlockOutputStreamEntry.write(BlockOutputStreamEntry.java:129)
	at org.apache.hadoop.ozone.client.io.KeyOutputStream.handleWrite(KeyOutputStream.java:208)
	at org.apache.hadoop.ozone.client.io.KeyOutputStream.write(KeyOutputStream.java:190)
	at org.apache.hadoop.ozone.client.io.OzoneOutputStream.write(OzoneOutputStream.java:49)
	at java.io.OutputStream.write(OutputStream.java:75)
	at org.apache.hadoop.ozone.client.rpc.TestBlockOutputStreamWithFailures.testWatchForCommitWithCloseContainerException(TestBlockOutputStreamWithFailures.java:143)
	at sun.reflect.NativeMethodAccessorImpl.invoke0(Native Method)
	at sun.reflect.NativeMethodAccessorImpl.invoke(NativeMethodAccessorImpl.java:62)
	at sun.reflect.DelegatingMethodAccessorImpl.invoke(DelegatingMethodAccessorImpl.java:43)
	at java.lang.reflect.Method.invoke(Method.java:498)
	at org.junit.runners.model.FrameworkMethod$1.runReflectiveCall(FrameworkMethod.java:47)
	at org.junit.internal.runners.model.ReflectiveCallable.run(ReflectiveCallable.java:12)
	at org.junit.runners.model.FrameworkMethod.invokeExplosively(FrameworkMethod.java:44)
	at org.junit.internal.runners.statements.InvokeMethod.evaluate(InvokeMethod.java:17)
	at org.junit.internal.runners.statements.RunBefores.evaluate(RunBefores.java:26)
	at org.junit.internal.runners.statements.RunAfters.evaluate(RunAfters.java:27)
	at org.junit.runners.ParentRunner.runLeaf(ParentRunner.java:271)
	at org.junit.runners.BlockJUnit4ClassRunner.runChild(BlockJUnit4ClassRunner.java:70)
	at org.junit.runners.BlockJUnit4ClassRunner.runChild(BlockJUnit4ClassRunner.java:50)
	at org.junit.runners.ParentRunner$3.run(ParentRunner.java:238)
	at org.junit.runners.ParentRunner$1.schedule(ParentRunner.java:63)
	at org.junit.runners.ParentRunner.runChildren(ParentRunner.java:236)
	at org.junit.runners.ParentRunner.access$000(ParentRunner.java:53)
	at org.junit.runners.ParentRunner$2.evaluate(ParentRunner.java:229)
	at org.junit.runners.ParentRunner.run(ParentRunner.java:309)
	at org.apache.maven.surefire.junit4.JUnit4Provider.execute(JUnit4Provider.java:365)
	at org.apache.maven.surefire.junit4.JUnit4Provider.executeWithRerun(JUnit4Provider.java:273)
	at org.apache.maven.surefire.junit4.JUnit4Provider.executeTestSet(JUnit4Provider.java:238)
	at org.apache.maven.surefire.junit4.JUnit4Provider.invoke(JUnit4Provider.java:159)
	at org.apache.maven.surefire.booter.ForkedBooter.invokeProviderInSameClassLoader(ForkedBooter.java:384)
	at org.apache.maven.surefire.booter.ForkedBooter.runSuitesInProcess(ForkedBooter.java:345)
	at org.apache.maven.surefire.booter.ForkedBooter.execute(ForkedBooter.java:126)
	at org.apache.maven.surefire.booter.ForkedBooter.main(ForkedBooter.java:418)
2019-09-21 03:25:15,168 [main] WARN  storage.CommitWatcher (CommitWatcher.java:watchForCommit(203)) - watchForCommit failed for index 4
java.util.concurrent.TimeoutException
	at java.util.concurrent.CompletableFuture.timedGet(CompletableFuture.java:1771)
	at java.util.concurrent.CompletableFuture.get(CompletableFuture.java:1915)
	at org.apache.hadoop.hdds.scm.XceiverClientRatis.watchForCommit(XceiverClientRatis.java:298)
	at org.apache.hadoop.hdds.scm.storage.CommitWatcher.watchForCommit(CommitWatcher.java:194)
	at org.apache.hadoop.hdds.scm.storage.CommitWatcher.watchOnFirstIndex(CommitWatcher.java:135)
	at org.apache.hadoop.hdds.scm.storage.BlockOutputStream.watchForCommit(BlockOutputStream.java:347)
	at org.apache.hadoop.hdds.scm.storage.BlockOutputStream.handleFullBuffer(BlockOutputStream.java:324)
	at org.apache.hadoop.hdds.scm.storage.BlockOutputStream.write(BlockOutputStream.java:251)
	at org.apache.hadoop.ozone.client.io.BlockOutputStreamEntry.write(BlockOutputStreamEntry.java:129)
	at org.apache.hadoop.ozone.client.io.KeyOutputStream.handleWrite(KeyOutputStream.java:208)
	at org.apache.hadoop.ozone.client.io.KeyOutputStream.write(KeyOutputStream.java:190)
	at org.apache.hadoop.ozone.client.io.OzoneOutputStream.write(OzoneOutputStream.java:49)
	at java.io.OutputStream.write(OutputStream.java:75)
	at org.apache.hadoop.ozone.client.rpc.TestBlockOutputStreamWithFailures.testWatchForCommitWithCloseContainerException(TestBlockOutputStreamWithFailures.java:143)
	at sun.reflect.NativeMethodAccessorImpl.invoke0(Native Method)
	at sun.reflect.NativeMethodAccessorImpl.invoke(NativeMethodAccessorImpl.java:62)
	at sun.reflect.DelegatingMethodAccessorImpl.invoke(DelegatingMethodAccessorImpl.java:43)
	at java.lang.reflect.Method.invoke(Method.java:498)
	at org.junit.runners.model.FrameworkMethod$1.runReflectiveCall(FrameworkMethod.java:47)
	at org.junit.internal.runners.model.ReflectiveCallable.run(ReflectiveCallable.java:12)
	at org.junit.runners.model.FrameworkMethod.invokeExplosively(FrameworkMethod.java:44)
	at org.junit.internal.runners.statements.InvokeMethod.evaluate(InvokeMethod.java:17)
	at org.junit.internal.runners.statements.RunBefores.evaluate(RunBefores.java:26)
	at org.junit.internal.runners.statements.RunAfters.evaluate(RunAfters.java:27)
	at org.junit.runners.ParentRunner.runLeaf(ParentRunner.java:271)
	at org.junit.runners.BlockJUnit4ClassRunner.runChild(BlockJUnit4ClassRunner.java:70)
	at org.junit.runners.BlockJUnit4ClassRunner.runChild(BlockJUnit4ClassRunner.java:50)
	at org.junit.runners.ParentRunner$3.run(ParentRunner.java:238)
	at org.junit.runners.ParentRunner$1.schedule(ParentRunner.java:63)
	at org.junit.runners.ParentRunner.runChildren(ParentRunner.java:236)
	at org.junit.runners.ParentRunner.access$000(ParentRunner.java:53)
	at org.junit.runners.ParentRunner$2.evaluate(ParentRunner.java:229)
	at org.junit.runners.ParentRunner.run(ParentRunner.java:309)
	at org.apache.maven.surefire.junit4.JUnit4Provider.execute(JUnit4Provider.java:365)
	at org.apache.maven.surefire.junit4.JUnit4Provider.executeWithRerun(JUnit4Provider.java:273)
	at org.apache.maven.surefire.junit4.JUnit4Provider.executeTestSet(JUnit4Provider.java:238)
	at org.apache.maven.surefire.junit4.JUnit4Provider.invoke(JUnit4Provider.java:159)
	at org.apache.maven.surefire.booter.ForkedBooter.invokeProviderInSameClassLoader(ForkedBooter.java:384)
	at org.apache.maven.surefire.booter.ForkedBooter.runSuitesInProcess(ForkedBooter.java:345)
	at org.apache.maven.surefire.booter.ForkedBooter.execute(ForkedBooter.java:126)
	at org.apache.maven.surefire.booter.ForkedBooter.main(ForkedBooter.java:418)
2019-09-21 03:25:15,169 [main] WARN  io.KeyOutputStream (KeyOutputStream.java:handleException(274)) - Encountered exception java.io.IOException: Unexpected Storage Container Exception: java.io.IOException: Unexpected Storage Container Exception: java.util.concurrent.TimeoutException on the pipeline Pipeline[ Id: cb4edd8b-3029-43bf-994f-e5f1f7e7dac4, Nodes: 13e42e29-0b35-4bd9-9d07-0e801b0bf72d{ip: 192.168.36.122, host: pr-hdds-2161-42js2-1613171706, networkLocation: /default-rack, certSerialId: null}7ca5dcda-481a-4746-825e-0b0407a7007f{ip: 192.168.36.122, host: pr-hdds-2161-42js2-1613171706, networkLocation: /default-rack, certSerialId: null}43f24444-fa9f-41f4-ae9a-436f4803900c{ip: 192.168.36.122, host: pr-hdds-2161-42js2-1613171706, networkLocation: /default-rack, certSerialId: null}, Type:RATIS, Factor:THREE, State:OPEN]. The last committed block length is 0, uncommitted data length is 400 retry count 0
2019-09-21 03:25:15,403 [main] INFO  ozone.MiniOzoneClusterImpl (MiniOzoneClusterImpl.java:shutdown(314)) - Shutting down the Mini Ozone Cluster
2019-09-21 03:25:15,404 [main] INFO  ozone.MiniOzoneClusterImpl (MiniOzoneClusterImpl.java:stop(330)) - Stopping the Mini Ozone Cluster
2019-09-21 03:25:15,404 [main] INFO  ozone.MiniOzoneClusterImpl (MiniOzoneClusterImpl.java:stopOM(400)) - Stopping the OzoneManager
2019-09-21 03:25:15,404 [main] INFO  ipc.Server (Server.java:stop(3082)) - Stopping server on 36462
2019-09-21 03:25:15,423 [IPC Server listener on 36462] INFO  ipc.Server (Server.java:run(1185)) - Stopping IPC Server listener on 36462
2019-09-21 03:25:15,427 [IPC Server Responder] INFO  ipc.Server (Server.java:run(1319)) - Stopping IPC Server Responder
2019-09-21 03:25:15,423 [main] INFO  ratis.OzoneManagerDoubleBuffer (OzoneManagerDoubleBuffer.java:stop(248)) - Stopping OMDoubleBuffer flush thread
2019-09-21 03:25:15,443 [OMDoubleBufferFlushThread] INFO  ratis.OzoneManagerDoubleBuffer (OzoneManagerDoubleBuffer.java:flushTransactions(191)) - OMDoubleBuffer flush thread OMDoubleBufferFlushThread is interrupted and will exit. OMDoubleBufferFlushThread
2019-09-21 03:25:15,443 [main] INFO  utils.BackgroundService (BackgroundService.java:shutdown(148)) - Shutting down service KeyDeletingService
2019-09-21 03:25:15,444 [main] INFO  handler.ContextHandler (ContextHandler.java:doStop(910)) - Stopped o.e.j.w.WebAppContext@2475fba3{/,null,UNAVAILABLE}{/ozoneManager}
2019-09-21 03:25:15,445 [main] INFO  server.AbstractConnector (AbstractConnector.java:doStop(318)) - Stopped ServerConnector@19bf47fc{HTTP/1.1,[http/1.1]}{0.0.0.0:0}
2019-09-21 03:25:15,446 [main] INFO  handler.ContextHandler (ContextHandler.java:doStop(910)) - Stopped o.e.j.s.ServletContextHandler@559d19c{/static,file:///workdir/hadoop-ozone/integration-test/target/test-classes/webapps/static,UNAVAILABLE}
2019-09-21 03:25:15,446 [main] INFO  handler.ContextHandler (ContextHandler.java:doStop(910)) - Stopped o.e.j.s.ServletContextHandler@1c00d406{/logs,file:///workdir/hadoop-ozone/integration-test/target/log,UNAVAILABLE}
2019-09-21 03:25:15,448 [main] INFO  ozone.MiniOzoneClusterImpl (MiniOzoneClusterImpl.java:stopDatanodes(377)) - Stopping the HddsDatanodes
2019-09-21 03:25:15,986 [Datanode State Machine Thread - 0] INFO  statemachine.DatanodeStateMachine (DatanodeStateMachine.java:lambda$startDaemon$0(350)) - Ozone container server started.
2019-09-21 03:25:16,291 [Datanode State Machine Thread - 0] INFO  statemachine.DatanodeStateMachine (DatanodeStateMachine.java:lambda$startDaemon$0(350)) - Ozone container server started.
2019-09-21 03:25:19,996 [EventQueue-StaleNodeForStaleNodeHandler] INFO  node.StaleNodeHandler (StaleNodeHandler.java:onMessage(58)) - Datanode ff40d98d-bff3-4f16-9b72-99b239e19c82{ip: 192.168.36.122, host: pr-hdds-2161-42js2-1613171706, networkLocation: /default-rack, certSerialId: null} moved to stale state. Finalizing its pipelines [PipelineID=d611eddf-eb8d-4d56-b884-213b79b88273]
2019-09-21 03:25:19,996 [EventQueue-StaleNodeForStaleNodeHandler] INFO  pipeline.SCMPipelineManager (SCMPipelineManager.java:finalizeAndDestroyPipeline(315)) - destroying pipeline:Pipeline[ Id: d611eddf-eb8d-4d56-b884-213b79b88273, Nodes: ff40d98d-bff3-4f16-9b72-99b239e19c82{ip: 192.168.36.122, host: pr-hdds-2161-42js2-1613171706, networkLocation: /default-rack, certSerialId: null}, Type:RATIS, Factor:ONE, State:OPEN]
2019-09-21 03:25:19,997 [EventQueue-StaleNodeForStaleNodeHandler] INFO  pipeline.PipelineStateManager (PipelineStateManager.java:finalizePipeline(123)) - Pipeline Pipeline[ Id: d611eddf-eb8d-4d56-b884-213b79b88273, Nodes: ff40d98d-bff3-4f16-9b72-99b239e19c82{ip: 192.168.36.122, host: pr-hdds-2161-42js2-1613171706, networkLocation: /default-rack, certSerialId: null}, Type:RATIS, Factor:ONE, State:CLOSED] moved to CLOSED state
2019-09-21 03:25:20,296 [EventQueue-StaleNodeForStaleNodeHandler] INFO  node.StaleNodeHandler (StaleNodeHandler.java:onMessage(58)) - Datanode de978da9-86a0-48f2-b522-8b80f701b0e5{ip: 192.168.36.122, host: pr-hdds-2161-42js2-1613171706, networkLocation: /default-rack, certSerialId: null} moved to stale state. Finalizing its pipelines [PipelineID=3b1ea6c2-88f2-4b10-b525-0e23d5785b30, PipelineID=c55e6eaf-f55d-4e6d-82d6-f4e71847b67b]
2019-09-21 03:25:20,296 [EventQueue-StaleNodeForStaleNodeHandler] INFO  pipeline.SCMPipelineManager (SCMPipelineManager.java:finalizeAndDestroyPipeline(315)) - destroying pipeline:Pipeline[ Id: 3b1ea6c2-88f2-4b10-b525-0e23d5785b30, Nodes: e893f503-ce9f-499b-9cc7-29bacfc11840{ip: 192.168.36.122, host: pr-hdds-2161-42js2-1613171706, networkLocation: /default-rack, certSerialId: null}f01278b1-302b-4b97-a762-59556b6cd5ae{ip: 192.168.36.122, host: pr-hdds-2161-42js2-1613171706, networkLocation: /default-rack, certSerialId: null}de978da9-86a0-48f2-b522-8b80f701b0e5{ip: 192.168.36.122, host: pr-hdds-2161-42js2-1613171706, networkLocation: /default-rack, certSerialId: null}, Type:RATIS, Factor:THREE, State:OPEN]
2019-09-21 03:25:20,296 [EventQueue-StaleNodeForStaleNodeHandler] INFO  pipeline.PipelineStateManager (PipelineStateManager.java:finalizePipeline(123)) - Pipeline Pipeline[ Id: 3b1ea6c2-88f2-4b10-b525-0e23d5785b30, Nodes: e893f503-ce9f-499b-9cc7-29bacfc11840{ip: 192.168.36.122, host: pr-hdds-2161-42js2-1613171706, networkLocation: /default-rack, certSerialId: null}f01278b1-302b-4b97-a762-59556b6cd5ae{ip: 192.168.36.122, host: pr-hdds-2161-42js2-1613171706, networkLocation: /default-rack, certSerialId: null}de978da9-86a0-48f2-b522-8b80f701b0e5{ip: 192.168.36.122, host: pr-hdds-2161-42js2-1613171706, networkLocation: /default-rack, certSerialId: null}, Type:RATIS, Factor:THREE, State:CLOSED] moved to CLOSED state
2019-09-21 03:25:20,297 [EventQueue-StaleNodeForStaleNodeHandler] INFO  pipeline.SCMPipelineManager (SCMPipelineManager.java:finalizeAndDestroyPipeline(315)) - destroying pipeline:Pipeline[ Id: c55e6eaf-f55d-4e6d-82d6-f4e71847b67b, Nodes: de978da9-86a0-48f2-b522-8b80f701b0e5{ip: 192.168.36.122, host: pr-hdds-2161-42js2-1613171706, networkLocation: /default-rack, certSerialId: null}, Type:RATIS, Factor:ONE, State:OPEN]
2019-09-21 03:25:20,297 [EventQueue-CloseContainerForCloseContainerEventHandler] INFO  container.CloseContainerEventHandler (CloseContainerEventHandler.java:onMessage(61)) - Close container Event triggered for container : #2
2019-09-21 03:25:20,300 [EventQueue-StaleNodeForStaleNodeHandler] INFO  pipeline.PipelineStateManager (PipelineStateManager.java:finalizePipeline(123)) - Pipeline Pipeline[ Id: c55e6eaf-f55d-4e6d-82d6-f4e71847b67b, Nodes: de978da9-86a0-48f2-b522-8b80f701b0e5{ip: 192.168.36.122, host: pr-hdds-2161-42js2-1613171706, networkLocation: /default-rack, certSerialId: null}, Type:RATIS, Factor:ONE, State:CLOSED] moved to CLOSED state
2019-09-21 03:25:20,450 [ForkJoinPool.commonPool-worker-0] INFO  ozoneimpl.OzoneContainer (OzoneContainer.java:stop(231)) - Attempting to stop container services.
2019-09-21 03:25:20,450 [main] INFO  ozoneimpl.OzoneContainer (OzoneContainer.java:stop(231)) - Attempting to stop container services.
2019-09-21 03:25:20,450 [ForkJoinPool.commonPool-worker-0] INFO  impl.RaftServerProxy (RaftServerProxy.java:lambda$close$4(314)) - ff40d98d-bff3-4f16-9b72-99b239e19c82: close
2019-09-21 03:25:20,451 [main] INFO  impl.RaftServerProxy (RaftServerProxy.java:lambda$close$4(314)) - de978da9-86a0-48f2-b522-8b80f701b0e5: close
2019-09-21 03:25:20,451 [ForkJoinPool.commonPool-worker-0] INFO  impl.RaftServerImpl (RaftServerImpl.java:lambda$shutdown$3(251)) - ff40d98d-bff3-4f16-9b72-99b239e19c82@group-213B79B88273: shutdown
2019-09-21 03:25:20,451 [main] INFO  impl.RaftServerImpl (RaftServerImpl.java:lambda$shutdown$3(251)) - de978da9-86a0-48f2-b522-8b80f701b0e5@group-0E23D5785B30: shutdown
2019-09-21 03:25:20,451 [ForkJoinPool.commonPool-worker-0] INFO  util.JmxRegister (JmxRegister.java:unregister(73)) - Successfully un-registered JMX Bean with object name Ratis:service=RaftServer,group=group-213B79B88273,id=ff40d98d-bff3-4f16-9b72-99b239e19c82
2019-09-21 03:25:20,452 [main] INFO  util.JmxRegister (JmxRegister.java:unregister(73)) - Successfully un-registered JMX Bean with object name Ratis:service=RaftServer,group=group-0E23D5785B30,id=de978da9-86a0-48f2-b522-8b80f701b0e5
2019-09-21 03:25:20,452 [ForkJoinPool.commonPool-worker-0] INFO  impl.RoleInfo (RoleInfo.java:shutdownLeaderState(104)) - ff40d98d-bff3-4f16-9b72-99b239e19c82: shutdown LeaderState
2019-09-21 03:25:20,452 [main] INFO  impl.RoleInfo (RoleInfo.java:shutdownFollowerState(121)) - de978da9-86a0-48f2-b522-8b80f701b0e5: shutdown FollowerState
2019-09-21 03:25:20,452 [ForkJoinPool.commonPool-worker-0] INFO  impl.PendingRequests (PendingRequests.java:sendNotLeaderResponses(202)) - ff40d98d-bff3-4f16-9b72-99b239e19c82-PendingRequests: sendNotLeaderResponses
2019-09-21 03:25:20,453 [main] INFO  impl.StateMachineUpdater (StateMachineUpdater.java:stopAndJoin(125)) - de978da9-86a0-48f2-b522-8b80f701b0e5@group-0E23D5785B30-StateMachineUpdater: set stopIndex = 8
2019-09-21 03:25:20,453 [de978da9-86a0-48f2-b522-8b80f701b0e5@group-0E23D5785B30-StateMachineUpdater] INFO  ratis.ContainerStateMachine (ContainerStateMachine.java:takeSnapshot(289)) - group-0E23D5785B30: Taking a snapshot at:(t:1, i:7) file /workdir/hadoop-ozone/integration-test/target/test-dir/MiniOzoneClusterImpl-49ccd39e-0a95-490c-a5ec-4c0d204ae341/datanode-4/data/ratis/3b1ea6c2-88f2-4b10-b525-0e23d5785b30/sm/snapshot.1_7
2019-09-21 03:25:20,453 [ForkJoinPool.commonPool-worker-0] INFO  impl.StateMachineUpdater (StateMachineUpdater.java:stopAndJoin(125)) - ff40d98d-bff3-4f16-9b72-99b239e19c82@group-213B79B88273-StateMachineUpdater: set stopIndex = 0
2019-09-21 03:25:20,454 [ForkJoinPool.commonPool-worker-0] INFO  impl.RaftServerImpl (ServerState.java:close(385)) - ff40d98d-bff3-4f16-9b72-99b239e19c82@group-213B79B88273: closes. applyIndex: 0
2019-09-21 03:25:20,453 [Thread-3968] INFO  impl.FollowerState (FollowerState.java:run(115)) - de978da9-86a0-48f2-b522-8b80f701b0e5: FollowerState was interrupted: java.lang.InterruptedException: sleep interrupted
2019-09-21 03:25:20,457 [ff40d98d-bff3-4f16-9b72-99b239e19c82@group-213B79B88273-SegmentedRaftLogWorker] INFO  segmented.SegmentedRaftLogWorker (SegmentedRaftLogWorker.java:run(313)) - ff40d98d-bff3-4f16-9b72-99b239e19c82@group-213B79B88273-SegmentedRaftLogWorker was interrupted, exiting. There are 0 tasks remaining in the queue.
2019-09-21 03:25:20,460 [ForkJoinPool.commonPool-worker-0] INFO  segmented.SegmentedRaftLogWorker (SegmentedRaftLogWorker.java:close(228)) - ff40d98d-bff3-4f16-9b72-99b239e19c82@group-213B79B88273-SegmentedRaftLogWorker close()
2019-09-21 03:25:20,467 [ForkJoinPool.commonPool-worker-0] INFO  server.GrpcService (GrpcService.java:closeImpl(164)) - ff40d98d-bff3-4f16-9b72-99b239e19c82: shutdown server with port 42337 now
2019-09-21 03:25:20,470 [ForkJoinPool.commonPool-worker-0] INFO  server.GrpcService (GrpcService.java:closeImpl(172)) - ff40d98d-bff3-4f16-9b72-99b239e19c82: shutdown server with port 42337 successfully
2019-09-21 03:25:20,472 [refreshUsed-/workdir/hadoop-ozone/integration-test/target/test-dir/MiniOzoneClusterImpl-49ccd39e-0a95-490c-a5ec-4c0d204ae341/datanode-1/data/containers] WARN  fs.CachingGetSpaceUsed (CachingGetSpaceUsed.java:run(183)) - Thread Interrupted waiting to refresh disk information: sleep interrupted
2019-09-21 03:25:20,485 [ForkJoinPool.commonPool-worker-0] INFO  utils.BackgroundService (BackgroundService.java:shutdown(148)) - Shutting down service BlockDeletingService
2019-09-21 03:25:20,493 [de978da9-86a0-48f2-b522-8b80f701b0e5@group-0E23D5785B30-StateMachineUpdater] INFO  ratis.ContainerStateMachine (ContainerStateMachine.java:takeSnapshot(300)) - group-0E23D5785B30: Finished taking a snapshot at:(t:1, i:7) file:/workdir/hadoop-ozone/integration-test/target/test-dir/MiniOzoneClusterImpl-49ccd39e-0a95-490c-a5ec-4c0d204ae341/datanode-4/data/ratis/3b1ea6c2-88f2-4b10-b525-0e23d5785b30/sm/snapshot.1_7 time:40
2019-09-21 03:25:20,495 [ForkJoinPool.commonPool-worker-0] INFO  statemachine.DatanodeStateMachine (DatanodeStateMachine.java:stopDaemon(395)) - Ozone container server stopped.
2019-09-21 03:25:20,495 [de978da9-86a0-48f2-b522-8b80f701b0e5@group-0E23D5785B30-StateMachineUpdater] INFO  impl.StateMachineUpdater (StateMachineUpdater.java:takeSnapshot(258)) - de978da9-86a0-48f2-b522-8b80f701b0e5@group-0E23D5785B30-StateMachineUpdater: Took a snapshot at index 7
2019-09-21 03:25:20,496 [de978da9-86a0-48f2-b522-8b80f701b0e5@group-0E23D5785B30-StateMachineUpdater] INFO  impl.StateMachineUpdater (StateMachineUpdater.java:lambda$new$0(83)) - de978da9-86a0-48f2-b522-8b80f701b0e5@group-0E23D5785B30-StateMachineUpdater: snapshotIndex: updateIncreasingly -1 -> 7
2019-09-21 03:25:20,500 [de978da9-86a0-48f2-b522-8b80f701b0e5@group-0E23D5785B30-StateMachineUpdater] INFO  ratis.ContainerStateMachine (ContainerStateMachine.java:takeSnapshot(289)) - group-0E23D5785B30: Taking a snapshot at:(t:1, i:7) file /workdir/hadoop-ozone/integration-test/target/test-dir/MiniOzoneClusterImpl-49ccd39e-0a95-490c-a5ec-4c0d204ae341/datanode-4/data/ratis/3b1ea6c2-88f2-4b10-b525-0e23d5785b30/sm/snapshot.1_7
2019-09-21 03:25:20,503 [ForkJoinPool.commonPool-worker-0] INFO  handler.ContextHandler (ContextHandler.java:doStop(910)) - Stopped o.e.j.w.WebAppContext@5f409872{/,null,UNAVAILABLE}{/hddsDatanode}
2019-09-21 03:25:20,503 [ForkJoinPool.commonPool-worker-0] INFO  server.AbstractConnector (AbstractConnector.java:doStop(318)) - Stopped ServerConnector@547aaa32{HTTP/1.1,[http/1.1]}{0.0.0.0:0}
2019-09-21 03:25:20,505 [ForkJoinPool.commonPool-worker-0] INFO  handler.ContextHandler (ContextHandler.java:doStop(910)) - Stopped o.e.j.s.ServletContextHandler@46b6701e{/static,jar:file:/home/user/.m2/repository/org/apache/hadoop/hadoop-hdds-container-service/0.5.0-SNAPSHOT/hadoop-hdds-container-service-0.5.0-SNAPSHOT.jar!/webapps/static,UNAVAILABLE}
2019-09-21 03:25:20,507 [ForkJoinPool.commonPool-worker-0] INFO  handler.ContextHandler (ContextHandler.java:doStop(910)) - Stopped o.e.j.s.ServletContextHandler@4cd7d5e1{/logs,file:///workdir/hadoop-ozone/integration-test/target/log,UNAVAILABLE}
2019-09-21 03:25:20,512 [de978da9-86a0-48f2-b522-8b80f701b0e5@group-0E23D5785B30-StateMachineUpdater] INFO  ratis.ContainerStateMachine (ContainerStateMachine.java:takeSnapshot(300)) - group-0E23D5785B30: Finished taking a snapshot at:(t:1, i:7) file:/workdir/hadoop-ozone/integration-test/target/test-dir/MiniOzoneClusterImpl-49ccd39e-0a95-490c-a5ec-4c0d204ae341/datanode-4/data/ratis/3b1ea6c2-88f2-4b10-b525-0e23d5785b30/sm/snapshot.1_7 time:11
2019-09-21 03:25:20,512 [de978da9-86a0-48f2-b522-8b80f701b0e5@group-0E23D5785B30-StateMachineUpdater] INFO  impl.StateMachineUpdater (StateMachineUpdater.java:takeSnapshot(258)) - de978da9-86a0-48f2-b522-8b80f701b0e5@group-0E23D5785B30-StateMachineUpdater: Took a snapshot at index 7
2019-09-21 03:25:20,512 [de978da9-86a0-48f2-b522-8b80f701b0e5@group-0E23D5785B30-StateMachineUpdater] INFO  impl.StateMachineUpdater (StateMachineUpdater.java:lambda$new$0(83)) - de978da9-86a0-48f2-b522-8b80f701b0e5@group-0E23D5785B30-StateMachineUpdater: snapshotIndex: updateIncreasingly 7 -> 7
2019-09-21 03:25:20,513 [main] INFO  impl.RaftServerImpl (ServerState.java:close(385)) - de978da9-86a0-48f2-b522-8b80f701b0e5@group-0E23D5785B30: closes. applyIndex: 8
2019-09-21 03:25:20,513 [de978da9-86a0-48f2-b522-8b80f701b0e5@group-0E23D5785B30-SegmentedRaftLogWorker] INFO  segmented.SegmentedRaftLogWorker (SegmentedRaftLogWorker.java:run(313)) - de978da9-86a0-48f2-b522-8b80f701b0e5@group-0E23D5785B30-SegmentedRaftLogWorker was interrupted, exiting. There are 0 tasks remaining in the queue.
2019-09-21 03:25:20,515 [main] INFO  segmented.SegmentedRaftLogWorker (SegmentedRaftLogWorker.java:close(228)) - de978da9-86a0-48f2-b522-8b80f701b0e5@group-0E23D5785B30-SegmentedRaftLogWorker close()
2019-09-21 03:25:20,518 [main] INFO  impl.RaftServerImpl (RaftServerImpl.java:lambda$shutdown$3(251)) - de978da9-86a0-48f2-b522-8b80f701b0e5@group-F4E71847B67B: shutdown
2019-09-21 03:25:20,519 [main] INFO  util.JmxRegister (JmxRegister.java:unregister(73)) - Successfully un-registered JMX Bean with object name Ratis:service=RaftServer,group=group-F4E71847B67B,id=de978da9-86a0-48f2-b522-8b80f701b0e5
2019-09-21 03:25:20,519 [main] INFO  impl.RoleInfo (RoleInfo.java:shutdownLeaderState(104)) - de978da9-86a0-48f2-b522-8b80f701b0e5: shutdown LeaderState
2019-09-21 03:25:20,519 [main] INFO  impl.PendingRequests (PendingRequests.java:sendNotLeaderResponses(202)) - de978da9-86a0-48f2-b522-8b80f701b0e5-PendingRequests: sendNotLeaderResponses
2019-09-21 03:25:20,520 [main] INFO  impl.StateMachineUpdater (StateMachineUpdater.java:stopAndJoin(125)) - de978da9-86a0-48f2-b522-8b80f701b0e5@group-F4E71847B67B-StateMachineUpdater: set stopIndex = 0
2019-09-21 03:25:20,520 [main] INFO  impl.RaftServerImpl (ServerState.java:close(385)) - de978da9-86a0-48f2-b522-8b80f701b0e5@group-F4E71847B67B: closes. applyIndex: 0
2019-09-21 03:25:20,520 [de978da9-86a0-48f2-b522-8b80f701b0e5@group-F4E71847B67B-SegmentedRaftLogWorker] INFO  segmented.SegmentedRaftLogWorker (SegmentedRaftLogWorker.java:run(313)) - de978da9-86a0-48f2-b522-8b80f701b0e5@group-F4E71847B67B-SegmentedRaftLogWorker was interrupted, exiting. There are 0 tasks remaining in the queue.
2019-09-21 03:25:20,522 [main] INFO  segmented.SegmentedRaftLogWorker (SegmentedRaftLogWorker.java:close(228)) - de978da9-86a0-48f2-b522-8b80f701b0e5@group-F4E71847B67B-SegmentedRaftLogWorker close()
2019-09-21 03:25:20,525 [main] INFO  server.GrpcService (GrpcService.java:closeImpl(164)) - de978da9-86a0-48f2-b522-8b80f701b0e5: shutdown server with port 34337 now
2019-09-21 03:25:20,526 [grpc-default-executor-4] WARN  server.GrpcServerProtocolService (LogUtils.java:warn(134)) - de978da9-86a0-48f2-b522-8b80f701b0e5: installSnapshot onError, lastRequest: f01278b1-302b-4b97-a762-59556b6cd5ae->de978da9-86a0-48f2-b522-8b80f701b0e5#12-t1, previous=(t:1, i:8), leaderCommit=8, initializing? false, entries: <empty>: org.apache.ratis.thirdparty.io.grpc.StatusRuntimeException: CANCELLED: cancelled before receiving half close
2019-09-21 03:25:20,527 [main] INFO  server.GrpcService (GrpcService.java:closeImpl(172)) - de978da9-86a0-48f2-b522-8b80f701b0e5: shutdown server with port 34337 successfully
2019-09-21 03:25:20,527 [grpc-default-executor-13] WARN  server.GrpcLogAppender (LogUtils.java:warn(134)) - f01278b1-302b-4b97-a762-59556b6cd5ae@group-0E23D5785B30->de978da9-86a0-48f2-b522-8b80f701b0e5-AppendLogResponseHandler: Failed appendEntries: org.apache.ratis.thirdparty.io.grpc.StatusRuntimeException: CANCELLED: HTTP/2 error code: CANCEL
Received Rst Stream
2019-09-21 03:25:20,527 [grpc-default-executor-13] INFO  impl.FollowerInfo (FollowerInfo.java:lambda$new$0(51)) - f01278b1-302b-4b97-a762-59556b6cd5ae@group-0E23D5785B30->de978da9-86a0-48f2-b522-8b80f701b0e5: nextIndex: updateUnconditionally 9 -> 8
2019-09-21 03:25:20,529 [refreshUsed-/workdir/hadoop-ozone/integration-test/target/test-dir/MiniOzoneClusterImpl-49ccd39e-0a95-490c-a5ec-4c0d204ae341/datanode-4/data/containers] WARN  fs.CachingGetSpaceUsed (CachingGetSpaceUsed.java:run(183)) - Thread Interrupted waiting to refresh disk information: sleep interrupted
2019-09-21 03:25:20,539 [main] INFO  utils.BackgroundService (BackgroundService.java:shutdown(148)) - Shutting down service BlockDeletingService
2019-09-21 03:25:20,544 [main] INFO  statemachine.DatanodeStateMachine (DatanodeStateMachine.java:stopDaemon(395)) - Ozone container server stopped.
2019-09-21 03:25:20,545 [main] INFO  handler.ContextHandler (ContextHandler.java:doStop(910)) - Stopped o.e.j.w.WebAppContext@1cc41b77{/,null,UNAVAILABLE}{/hddsDatanode}
2019-09-21 03:25:20,546 [main] INFO  server.AbstractConnector (AbstractConnector.java:doStop(318)) - Stopped ServerConnector@2a7ebe07{HTTP/1.1,[http/1.1]}{0.0.0.0:0}
2019-09-21 03:25:20,546 [main] INFO  handler.ContextHandler (ContextHandler.java:doStop(910)) - Stopped o.e.j.s.ServletContextHandler@48cf8414{/static,jar:file:/home/user/.m2/repository/org/apache/hadoop/hadoop-hdds-container-service/0.5.0-SNAPSHOT/hadoop-hdds-container-service-0.5.0-SNAPSHOT.jar!/webapps/static,UNAVAILABLE}
2019-09-21 03:25:20,547 [main] INFO  handler.ContextHandler (ContextHandler.java:doStop(910)) - Stopped o.e.j.s.ServletContextHandler@7e0986c9{/logs,file:///workdir/hadoop-ozone/integration-test/target/log,UNAVAILABLE}
2019-09-21 03:25:20,995 [Datanode State Machine Thread - 0] INFO  statemachine.DatanodeStateMachine (DatanodeStateMachine.java:lambda$startDaemon$0(350)) - Ozone container server started.
2019-09-21 03:25:20,996 [Datanode State Machine Thread - 0] INFO  statemachine.DatanodeStateMachine (DatanodeStateMachine.java:lambda$startDaemon$0(350)) - Ozone container server started.
2019-09-21 03:25:22,334 [grpc-default-executor-12] WARN  server.GrpcLogAppender (LogUtils.java:warn(134)) - f01278b1-302b-4b97-a762-59556b6cd5ae@group-0E23D5785B30->de978da9-86a0-48f2-b522-8b80f701b0e5-AppendLogResponseHandler: Failed appendEntries: org.apache.ratis.thirdparty.io.grpc.StatusRuntimeException: UNAVAILABLE: io exception
2019-09-21 03:25:22,335 [grpc-default-executor-12] INFO  impl.FollowerInfo (FollowerInfo.java:lambda$new$0(51)) - f01278b1-302b-4b97-a762-59556b6cd5ae@group-0E23D5785B30->de978da9-86a0-48f2-b522-8b80f701b0e5: nextIndex: updateUnconditionally 9 -> 8
2019-09-21 03:25:22,351 [grpc-default-executor-4] WARN  server.GrpcLogAppender (LogUtils.java:warn(134)) - f01278b1-302b-4b97-a762-59556b6cd5ae@group-0E23D5785B30->de978da9-86a0-48f2-b522-8b80f701b0e5-AppendLogResponseHandler: Failed appendEntries: org.apache.ratis.thirdparty.io.grpc.StatusRuntimeException: UNAVAILABLE: io exception
2019-09-21 03:25:22,351 [grpc-default-executor-4] INFO  impl.FollowerInfo (FollowerInfo.java:lambda$new$0(51)) - f01278b1-302b-4b97-a762-59556b6cd5ae@group-0E23D5785B30->de978da9-86a0-48f2-b522-8b80f701b0e5: nextIndex: updateUnconditionally 9 -> 8
2019-09-21 03:25:22,364 [RatisApplyTransactionExecutor 2] INFO  interfaces.Container (KeyValueContainer.java:flushAndSyncDB(386)) - Container 2 is synced with bcsId 7.
2019-09-21 03:25:22,364 [RatisApplyTransactionExecutor 2] INFO  interfaces.Container (KeyValueContainer.java:flushAndSyncDB(386)) - Container 2 is synced with bcsId 7.
2019-09-21 03:25:22,368 [grpc-default-executor-12] WARN  server.GrpcLogAppender (LogUtils.java:warn(134)) - f01278b1-302b-4b97-a762-59556b6cd5ae@group-0E23D5785B30->de978da9-86a0-48f2-b522-8b80f701b0e5-AppendLogResponseHandler: Failed appendEntries: org.apache.ratis.thirdparty.io.grpc.StatusRuntimeException: UNAVAILABLE: io exception
2019-09-21 03:25:22,369 [grpc-default-executor-12] INFO  impl.FollowerInfo (FollowerInfo.java:lambda$new$0(51)) - f01278b1-302b-4b97-a762-59556b6cd5ae@group-0E23D5785B30->de978da9-86a0-48f2-b522-8b80f701b0e5: nextIndex: updateUnconditionally 9 -> 8
2019-09-21 03:25:22,402 [RatisApplyTransactionExecutor 2] INFO  interfaces.Container (KeyValueContainer.java:flushAndSyncDB(386)) - Container 2 is synced with bcsId 7.
2019-09-21 03:25:22,402 [RatisApplyTransactionExecutor 2] INFO  interfaces.Container (KeyValueContainer.java:flushAndSyncDB(386)) - Container 2 is synced with bcsId 7.
2019-09-21 03:25:22,402 [RatisApplyTransactionExecutor 2] INFO  interfaces.Container (KeyValueContainer.java:close(335)) - Container 2 is closed with bcsId 7.
2019-09-21 03:25:22,403 [EventQueue-IncrementalContainerReportForIncrementalContainerReportHandler] INFO  container.IncrementalContainerReportHandler (AbstractContainerReportHandler.java:updateContainerState(176)) - Moving container #2 to CLOSED state, datanode f01278b1-302b-4b97-a762-59556b6cd5ae{ip: 192.168.36.122, host: pr-hdds-2161-42js2-1613171706, networkLocation: /default-rack, certSerialId: null} reported CLOSED replica.
2019-09-21 03:25:22,415 [RatisApplyTransactionExecutor 2] INFO  interfaces.Container (KeyValueContainer.java:close(335)) - Container 2 is closed with bcsId 7.
2019-09-21 03:25:24,879 [grpc-default-executor-12] WARN  server.GrpcLogAppender (LogUtils.java:warn(134)) - f01278b1-302b-4b97-a762-59556b6cd5ae@group-0E23D5785B30->de978da9-86a0-48f2-b522-8b80f701b0e5-AppendLogResponseHandler: Failed appendEntries: org.apache.ratis.thirdparty.io.grpc.StatusRuntimeException: UNAVAILABLE: io exception
2019-09-21 03:25:24,880 [grpc-default-executor-12] INFO  impl.FollowerInfo (FollowerInfo.java:lambda$new$0(51)) - f01278b1-302b-4b97-a762-59556b6cd5ae@group-0E23D5785B30->de978da9-86a0-48f2-b522-8b80f701b0e5: nextIndex: updateUnconditionally 8 -> 7
2019-09-21 03:25:25,004 [EventQueue-StaleNodeForStaleNodeHandler] INFO  node.StaleNodeHandler (StaleNodeHandler.java:onMessage(58)) - Datanode 13e42e29-0b35-4bd9-9d07-0e801b0bf72d{ip: 192.168.36.122, host: pr-hdds-2161-42js2-1613171706, networkLocation: /default-rack, certSerialId: null} moved to stale state. Finalizing its pipelines [PipelineID=a961e44c-dc85-4584-8b45-d4d821b172a6, PipelineID=cb4edd8b-3029-43bf-994f-e5f1f7e7dac4]
2019-09-21 03:25:25,004 [EventQueue-StaleNodeForStaleNodeHandler] INFO  pipeline.SCMPipelineManager (SCMPipelineManager.java:finalizeAndDestroyPipeline(315)) - destroying pipeline:Pipeline[ Id: a961e44c-dc85-4584-8b45-d4d821b172a6, Nodes: 13e42e29-0b35-4bd9-9d07-0e801b0bf72d{ip: 192.168.36.122, host: pr-hdds-2161-42js2-1613171706, networkLocation: /default-rack, certSerialId: null}, Type:RATIS, Factor:ONE, State:OPEN]
2019-09-21 03:25:25,005 [EventQueue-StaleNodeForStaleNodeHandler] INFO  pipeline.PipelineStateManager (PipelineStateManager.java:finalizePipeline(123)) - Pipeline Pipeline[ Id: a961e44c-dc85-4584-8b45-d4d821b172a6, Nodes: 13e42e29-0b35-4bd9-9d07-0e801b0bf72d{ip: 192.168.36.122, host: pr-hdds-2161-42js2-1613171706, networkLocation: /default-rack, certSerialId: null}, Type:RATIS, Factor:ONE, State:CLOSED] moved to CLOSED state
2019-09-21 03:25:25,005 [EventQueue-StaleNodeForStaleNodeHandler] INFO  pipeline.SCMPipelineManager (SCMPipelineManager.java:finalizeAndDestroyPipeline(315)) - destroying pipeline:Pipeline[ Id: cb4edd8b-3029-43bf-994f-e5f1f7e7dac4, Nodes: 13e42e29-0b35-4bd9-9d07-0e801b0bf72d{ip: 192.168.36.122, host: pr-hdds-2161-42js2-1613171706, networkLocation: /default-rack, certSerialId: null}7ca5dcda-481a-4746-825e-0b0407a7007f{ip: 192.168.36.122, host: pr-hdds-2161-42js2-1613171706, networkLocation: /default-rack, certSerialId: null}43f24444-fa9f-41f4-ae9a-436f4803900c{ip: 192.168.36.122, host: pr-hdds-2161-42js2-1613171706, networkLocation: /default-rack, certSerialId: null}, Type:RATIS, Factor:THREE, State:OPEN]
2019-09-21 03:25:25,005 [EventQueue-StaleNodeForStaleNodeHandler] INFO  pipeline.PipelineStateManager (PipelineStateManager.java:finalizePipeline(123)) - Pipeline Pipeline[ Id: cb4edd8b-3029-43bf-994f-e5f1f7e7dac4, Nodes: 13e42e29-0b35-4bd9-9d07-0e801b0bf72d{ip: 192.168.36.122, host: pr-hdds-2161-42js2-1613171706, networkLocation: /default-rack, certSerialId: null}7ca5dcda-481a-4746-825e-0b0407a7007f{ip: 192.168.36.122, host: pr-hdds-2161-42js2-1613171706, networkLocation: /default-rack, certSerialId: null}43f24444-fa9f-41f4-ae9a-436f4803900c{ip: 192.168.36.122, host: pr-hdds-2161-42js2-1613171706, networkLocation: /default-rack, certSerialId: null}, Type:RATIS, Factor:THREE, State:CLOSED] moved to CLOSED state
2019-09-21 03:25:25,005 [EventQueue-StaleNodeForStaleNodeHandler] INFO  node.StaleNodeHandler (StaleNodeHandler.java:onMessage(58)) - Datanode 7ca5dcda-481a-4746-825e-0b0407a7007f{ip: 192.168.36.122, host: pr-hdds-2161-42js2-1613171706, networkLocation: /default-rack, certSerialId: null} moved to stale state. Finalizing its pipelines [PipelineID=f45cf009-63a4-4a68-b356-4aeec0bd01d8, PipelineID=cb4edd8b-3029-43bf-994f-e5f1f7e7dac4]
2019-09-21 03:25:25,005 [EventQueue-CloseContainerForCloseContainerEventHandler] INFO  container.CloseContainerEventHandler (CloseContainerEventHandler.java:onMessage(61)) - Close container Event triggered for container : #1
2019-09-21 03:25:25,005 [EventQueue-StaleNodeForStaleNodeHandler] INFO  pipeline.SCMPipelineManager (SCMPipelineManager.java:finalizeAndDestroyPipeline(315)) - destroying pipeline:Pipeline[ Id: f45cf009-63a4-4a68-b356-4aeec0bd01d8, Nodes: 7ca5dcda-481a-4746-825e-0b0407a7007f{ip: 192.168.36.122, host: pr-hdds-2161-42js2-1613171706, networkLocation: /default-rack, certSerialId: null}, Type:RATIS, Factor:ONE, State:OPEN]
2019-09-21 03:25:25,010 [EventQueue-StaleNodeForStaleNodeHandler] INFO  pipeline.PipelineStateManager (PipelineStateManager.java:finalizePipeline(123)) - Pipeline Pipeline[ Id: f45cf009-63a4-4a68-b356-4aeec0bd01d8, Nodes: 7ca5dcda-481a-4746-825e-0b0407a7007f{ip: 192.168.36.122, host: pr-hdds-2161-42js2-1613171706, networkLocation: /default-rack, certSerialId: null}, Type:RATIS, Factor:ONE, State:CLOSED] moved to CLOSED state
2019-09-21 03:25:25,010 [EventQueue-StaleNodeForStaleNodeHandler] INFO  pipeline.SCMPipelineManager (SCMPipelineManager.java:finalizeAndDestroyPipeline(315)) - destroying pipeline:Pipeline[ Id: cb4edd8b-3029-43bf-994f-e5f1f7e7dac4, Nodes: 13e42e29-0b35-4bd9-9d07-0e801b0bf72d{ip: 192.168.36.122, host: pr-hdds-2161-42js2-1613171706, networkLocation: /default-rack, certSerialId: null}7ca5dcda-481a-4746-825e-0b0407a7007f{ip: 192.168.36.122, host: pr-hdds-2161-42js2-1613171706, networkLocation: /default-rack, certSerialId: null}43f24444-fa9f-41f4-ae9a-436f4803900c{ip: 192.168.36.122, host: pr-hdds-2161-42js2-1613171706, networkLocation: /default-rack, certSerialId: null}, Type:RATIS, Factor:THREE, State:CLOSED]
2019-09-21 03:25:25,510 [ForkJoinPool.commonPool-worker-0] INFO  ozoneimpl.OzoneContainer (OzoneContainer.java:stop(231)) - Attempting to stop container services.
2019-09-21 03:25:25,511 [ForkJoinPool.commonPool-worker-0] INFO  impl.RaftServerProxy (RaftServerProxy.java:lambda$close$4(314)) - 13e42e29-0b35-4bd9-9d07-0e801b0bf72d: close
2019-09-21 03:25:25,511 [ForkJoinPool.commonPool-worker-0] INFO  impl.RaftServerImpl (RaftServerImpl.java:lambda$shutdown$3(251)) - 13e42e29-0b35-4bd9-9d07-0e801b0bf72d@group-D4D821B172A6: shutdown
2019-09-21 03:25:25,511 [ForkJoinPool.commonPool-worker-0] INFO  util.JmxRegister (JmxRegister.java:unregister(73)) - Successfully un-registered JMX Bean with object name Ratis:service=RaftServer,group=group-D4D821B172A6,id=13e42e29-0b35-4bd9-9d07-0e801b0bf72d
2019-09-21 03:25:25,512 [ForkJoinPool.commonPool-worker-0] INFO  impl.RoleInfo (RoleInfo.java:shutdownLeaderState(104)) - 13e42e29-0b35-4bd9-9d07-0e801b0bf72d: shutdown LeaderState
2019-09-21 03:25:25,512 [ForkJoinPool.commonPool-worker-0] INFO  impl.PendingRequests (PendingRequests.java:sendNotLeaderResponses(202)) - 13e42e29-0b35-4bd9-9d07-0e801b0bf72d-PendingRequests: sendNotLeaderResponses
2019-09-21 03:25:25,513 [ForkJoinPool.commonPool-worker-0] INFO  impl.StateMachineUpdater (StateMachineUpdater.java:stopAndJoin(125)) - 13e42e29-0b35-4bd9-9d07-0e801b0bf72d@group-D4D821B172A6-StateMachineUpdater: set stopIndex = 0
2019-09-21 03:25:25,513 [ForkJoinPool.commonPool-worker-0] INFO  impl.RaftServerImpl (ServerState.java:close(385)) - 13e42e29-0b35-4bd9-9d07-0e801b0bf72d@group-D4D821B172A6: closes. applyIndex: 0
2019-09-21 03:25:25,514 [13e42e29-0b35-4bd9-9d07-0e801b0bf72d@group-D4D821B172A6-SegmentedRaftLogWorker] INFO  segmented.SegmentedRaftLogWorker (SegmentedRaftLogWorker.java:run(313)) - 13e42e29-0b35-4bd9-9d07-0e801b0bf72d@group-D4D821B172A6-SegmentedRaftLogWorker was interrupted, exiting. There are 0 tasks remaining in the queue.
2019-09-21 03:25:25,524 [ForkJoinPool.commonPool-worker-0] INFO  segmented.SegmentedRaftLogWorker (SegmentedRaftLogWorker.java:close(228)) - 13e42e29-0b35-4bd9-9d07-0e801b0bf72d@group-D4D821B172A6-SegmentedRaftLogWorker close()
2019-09-21 03:25:25,529 [ForkJoinPool.commonPool-worker-0] INFO  impl.RaftServerImpl (RaftServerImpl.java:lambda$shutdown$3(251)) - 13e42e29-0b35-4bd9-9d07-0e801b0bf72d@group-E5F1F7E7DAC4: shutdown
2019-09-21 03:25:25,529 [ForkJoinPool.commonPool-worker-0] INFO  util.JmxRegister (JmxRegister.java:unregister(73)) - Successfully un-registered JMX Bean with object name Ratis:service=RaftServer,group=group-E5F1F7E7DAC4,id=13e42e29-0b35-4bd9-9d07-0e801b0bf72d
2019-09-21 03:25:25,529 [ForkJoinPool.commonPool-worker-0] INFO  impl.RoleInfo (RoleInfo.java:shutdownFollowerState(121)) - 13e42e29-0b35-4bd9-9d07-0e801b0bf72d: shutdown FollowerState
2019-09-21 03:25:25,529 [ForkJoinPool.commonPool-worker-0] INFO  impl.StateMachineUpdater (StateMachineUpdater.java:stopAndJoin(125)) - 13e42e29-0b35-4bd9-9d07-0e801b0bf72d@group-E5F1F7E7DAC4-StateMachineUpdater: set stopIndex = 11
2019-09-21 03:25:25,530 [13e42e29-0b35-4bd9-9d07-0e801b0bf72d@group-E5F1F7E7DAC4-StateMachineUpdater] INFO  ratis.ContainerStateMachine (ContainerStateMachine.java:takeSnapshot(289)) - group-E5F1F7E7DAC4: Taking a snapshot at:(t:1, i:11) file /workdir/hadoop-ozone/integration-test/target/test-dir/MiniOzoneClusterImpl-49ccd39e-0a95-490c-a5ec-4c0d204ae341/datanode-2/data/ratis/cb4edd8b-3029-43bf-994f-e5f1f7e7dac4/sm/snapshot.1_11
2019-09-21 03:25:25,530 [Thread-3945] INFO  impl.FollowerState (FollowerState.java:run(115)) - 13e42e29-0b35-4bd9-9d07-0e801b0bf72d: FollowerState was interrupted: java.lang.InterruptedException: sleep interrupted
2019-09-21 03:25:25,548 [main] INFO  ozoneimpl.OzoneContainer (OzoneContainer.java:stop(231)) - Attempting to stop container services.
2019-09-21 03:25:25,549 [main] INFO  impl.RaftServerProxy (RaftServerProxy.java:lambda$close$4(314)) - 7ca5dcda-481a-4746-825e-0b0407a7007f: close
2019-09-21 03:25:25,549 [main] INFO  impl.RaftServerImpl (RaftServerImpl.java:lambda$shutdown$3(251)) - 7ca5dcda-481a-4746-825e-0b0407a7007f@group-4AEEC0BD01D8: shutdown
2019-09-21 03:25:25,549 [main] INFO  util.JmxRegister (JmxRegister.java:unregister(73)) - Successfully un-registered JMX Bean with object name Ratis:service=RaftServer,group=group-4AEEC0BD01D8,id=7ca5dcda-481a-4746-825e-0b0407a7007f
2019-09-21 03:25:25,549 [main] INFO  impl.RoleInfo (RoleInfo.java:shutdownLeaderState(104)) - 7ca5dcda-481a-4746-825e-0b0407a7007f: shutdown LeaderState
2019-09-21 03:25:25,550 [main] INFO  impl.PendingRequests (PendingRequests.java:sendNotLeaderResponses(202)) - 7ca5dcda-481a-4746-825e-0b0407a7007f-PendingRequests: sendNotLeaderResponses
2019-09-21 03:25:25,550 [main] INFO  impl.StateMachineUpdater (StateMachineUpdater.java:stopAndJoin(125)) - 7ca5dcda-481a-4746-825e-0b0407a7007f@group-4AEEC0BD01D8-StateMachineUpdater: set stopIndex = 0
2019-09-21 03:25:25,550 [main] INFO  impl.RaftServerImpl (ServerState.java:close(385)) - 7ca5dcda-481a-4746-825e-0b0407a7007f@group-4AEEC0BD01D8: closes. applyIndex: 0
2019-09-21 03:25:25,551 [7ca5dcda-481a-4746-825e-0b0407a7007f@group-4AEEC0BD01D8-SegmentedRaftLogWorker] INFO  segmented.SegmentedRaftLogWorker (SegmentedRaftLogWorker.java:run(313)) - 7ca5dcda-481a-4746-825e-0b0407a7007f@group-4AEEC0BD01D8-SegmentedRaftLogWorker was interrupted, exiting. There are 0 tasks remaining in the queue.
2019-09-21 03:25:25,557 [main] INFO  segmented.SegmentedRaftLogWorker (SegmentedRaftLogWorker.java:close(228)) - 7ca5dcda-481a-4746-825e-0b0407a7007f@group-4AEEC0BD01D8-SegmentedRaftLogWorker close()
2019-09-21 03:25:25,570 [main] INFO  impl.RaftServerImpl (RaftServerImpl.java:lambda$shutdown$3(251)) - 7ca5dcda-481a-4746-825e-0b0407a7007f@group-E5F1F7E7DAC4: shutdown
2019-09-21 03:25:25,570 [13e42e29-0b35-4bd9-9d07-0e801b0bf72d@group-E5F1F7E7DAC4-StateMachineUpdater] INFO  ratis.ContainerStateMachine (ContainerStateMachine.java:takeSnapshot(300)) - group-E5F1F7E7DAC4: Finished taking a snapshot at:(t:1, i:11) file:/workdir/hadoop-ozone/integration-test/target/test-dir/MiniOzoneClusterImpl-49ccd39e-0a95-490c-a5ec-4c0d204ae341/datanode-2/data/ratis/cb4edd8b-3029-43bf-994f-e5f1f7e7dac4/sm/snapshot.1_11 time:40
2019-09-21 03:25:25,570 [main] INFO  util.JmxRegister (JmxRegister.java:unregister(73)) - Successfully un-registered JMX Bean with object name Ratis:service=RaftServer,group=group-E5F1F7E7DAC4,id=7ca5dcda-481a-4746-825e-0b0407a7007f
2019-09-21 03:25:25,570 [13e42e29-0b35-4bd9-9d07-0e801b0bf72d@group-E5F1F7E7DAC4-StateMachineUpdater] INFO  impl.StateMachineUpdater (StateMachineUpdater.java:takeSnapshot(258)) - 13e42e29-0b35-4bd9-9d07-0e801b0bf72d@group-E5F1F7E7DAC4-StateMachineUpdater: Took a snapshot at index 11
2019-09-21 03:25:25,570 [main] INFO  impl.RoleInfo (RoleInfo.java:shutdownLeaderState(104)) - 7ca5dcda-481a-4746-825e-0b0407a7007f: shutdown LeaderState
2019-09-21 03:25:25,570 [13e42e29-0b35-4bd9-9d07-0e801b0bf72d@group-E5F1F7E7DAC4-StateMachineUpdater] INFO  impl.StateMachineUpdater (StateMachineUpdater.java:lambda$new$0(83)) - 13e42e29-0b35-4bd9-9d07-0e801b0bf72d@group-E5F1F7E7DAC4-StateMachineUpdater: snapshotIndex: updateIncreasingly -1 -> 11
2019-09-21 03:25:25,574 [org.apache.ratis.server.impl.LogAppender$AppenderDaemon$$Lambda$485/762318467@4902e901] WARN  server.GrpcLogAppender (GrpcLogAppender.java:mayWait(143)) - 7ca5dcda-481a-4746-825e-0b0407a7007f@group-E5F1F7E7DAC4->43f24444-fa9f-41f4-ae9a-436f4803900c-GrpcLogAppender: Wait interrupted by java.lang.InterruptedException
2019-09-21 03:25:25,573 [org.apache.ratis.server.impl.LogAppender$AppenderDaemon$$Lambda$485/762318467@fd0d111] WARN  server.GrpcLogAppender (GrpcLogAppender.java:mayWait(143)) - 7ca5dcda-481a-4746-825e-0b0407a7007f@group-E5F1F7E7DAC4->13e42e29-0b35-4bd9-9d07-0e801b0bf72d-GrpcLogAppender: Wait interrupted by java.lang.InterruptedException
2019-09-21 03:25:25,573 [main] INFO  impl.PendingRequests (PendingRequests.java:sendNotLeaderResponses(202)) - 7ca5dcda-481a-4746-825e-0b0407a7007f-PendingRequests: sendNotLeaderResponses
2019-09-21 03:25:25,574 [ForkJoinPool.commonPool-worker-0] INFO  impl.RaftServerImpl (ServerState.java:close(385)) - 13e42e29-0b35-4bd9-9d07-0e801b0bf72d@group-E5F1F7E7DAC4: closes. applyIndex: 11
2019-09-21 03:25:25,577 [main] INFO  impl.StateMachineUpdater (StateMachineUpdater.java:stopAndJoin(125)) - 7ca5dcda-481a-4746-825e-0b0407a7007f@group-E5F1F7E7DAC4-StateMachineUpdater: set stopIndex = 11
2019-09-21 03:25:25,577 [grpc-default-executor-4] INFO  server.GrpcServerProtocolService (GrpcServerProtocolService.java:onCompleted(113)) - 43f24444-fa9f-41f4-ae9a-436f4803900c: Completed APPEND_ENTRIES, lastRequest: 7ca5dcda-481a-4746-825e-0b0407a7007f->43f24444-fa9f-41f4-ae9a-436f4803900c#17-t1, previous=(t:1, i:11), leaderCommit=11, initializing? false, entries: <empty>
2019-09-21 03:25:25,577 [13e42e29-0b35-4bd9-9d07-0e801b0bf72d@group-E5F1F7E7DAC4-SegmentedRaftLogWorker] INFO  segmented.SegmentedRaftLogWorker (SegmentedRaftLogWorker.java:run(313)) - 13e42e29-0b35-4bd9-9d07-0e801b0bf72d@group-E5F1F7E7DAC4-SegmentedRaftLogWorker was interrupted, exiting. There are 0 tasks remaining in the queue.
2019-09-21 03:25:25,577 [grpc-default-executor-12] INFO  server.GrpcServerProtocolService (GrpcServerProtocolService.java:onCompleted(113)) - 13e42e29-0b35-4bd9-9d07-0e801b0bf72d: Completed APPEND_ENTRIES, lastRequest: 7ca5dcda-481a-4746-825e-0b0407a7007f->13e42e29-0b35-4bd9-9d07-0e801b0bf72d#17-t1, previous=(t:1, i:11), leaderCommit=11, initializing? false, entries: <empty>
2019-09-21 03:25:25,577 [7ca5dcda-481a-4746-825e-0b0407a7007f@group-E5F1F7E7DAC4-StateMachineUpdater] INFO  ratis.ContainerStateMachine (ContainerStateMachine.java:takeSnapshot(289)) - group-E5F1F7E7DAC4: Taking a snapshot at:(t:1, i:11) file /workdir/hadoop-ozone/integration-test/target/test-dir/MiniOzoneClusterImpl-49ccd39e-0a95-490c-a5ec-4c0d204ae341/datanode-3/data/ratis/cb4edd8b-3029-43bf-994f-e5f1f7e7dac4/sm/snapshot.1_11
2019-09-21 03:25:25,578 [ForkJoinPool.commonPool-worker-0] INFO  segmented.SegmentedRaftLogWorker (SegmentedRaftLogWorker.java:close(228)) - 13e42e29-0b35-4bd9-9d07-0e801b0bf72d@group-E5F1F7E7DAC4-SegmentedRaftLogWorker close()
2019-09-21 03:25:25,578 [grpc-default-executor-4] INFO  server.GrpcLogAppender (GrpcLogAppender.java:onCompleted(293)) - 7ca5dcda-481a-4746-825e-0b0407a7007f@group-E5F1F7E7DAC4->43f24444-fa9f-41f4-ae9a-436f4803900c-AppendLogResponseHandler: follower responses appendEntries COMPLETED
2019-09-21 03:25:25,580 [ForkJoinPool.commonPool-worker-0] INFO  server.GrpcService (GrpcService.java:closeImpl(164)) - 13e42e29-0b35-4bd9-9d07-0e801b0bf72d: shutdown server with port 44151 now
2019-09-21 03:25:25,580 [grpc-default-executor-4] INFO  impl.FollowerInfo (FollowerInfo.java:lambda$new$0(51)) - 7ca5dcda-481a-4746-825e-0b0407a7007f@group-E5F1F7E7DAC4->43f24444-fa9f-41f4-ae9a-436f4803900c: nextIndex: updateUnconditionally 12 -> 11
2019-09-21 03:25:25,581 [grpc-default-executor-4] INFO  server.GrpcLogAppender (GrpcLogAppender.java:onCompleted(293)) - 7ca5dcda-481a-4746-825e-0b0407a7007f@group-E5F1F7E7DAC4->13e42e29-0b35-4bd9-9d07-0e801b0bf72d-AppendLogResponseHandler: follower responses appendEntries COMPLETED
2019-09-21 03:25:25,581 [grpc-default-executor-4] INFO  impl.FollowerInfo (FollowerInfo.java:lambda$new$0(51)) - 7ca5dcda-481a-4746-825e-0b0407a7007f@group-E5F1F7E7DAC4->13e42e29-0b35-4bd9-9d07-0e801b0bf72d: nextIndex: updateUnconditionally 12 -> 11
2019-09-21 03:25:25,581 [ForkJoinPool.commonPool-worker-0] INFO  server.GrpcService (GrpcService.java:closeImpl(172)) - 13e42e29-0b35-4bd9-9d07-0e801b0bf72d: shutdown server with port 44151 successfully
2019-09-21 03:25:25,584 [refreshUsed-/workdir/hadoop-ozone/integration-test/target/test-dir/MiniOzoneClusterImpl-49ccd39e-0a95-490c-a5ec-4c0d204ae341/datanode-2/data/containers] WARN  fs.CachingGetSpaceUsed (CachingGetSpaceUsed.java:run(183)) - Thread Interrupted waiting to refresh disk information: sleep interrupted
2019-09-21 03:25:25,597 [ForkJoinPool.commonPool-worker-0] INFO  utils.BackgroundService (BackgroundService.java:shutdown(148)) - Shutting down service BlockDeletingService
2019-09-21 03:25:25,602 [ForkJoinPool.commonPool-worker-0] INFO  statemachine.DatanodeStateMachine (DatanodeStateMachine.java:stopDaemon(395)) - Ozone container server stopped.
2019-09-21 03:25:25,603 [7ca5dcda-481a-4746-825e-0b0407a7007f@group-E5F1F7E7DAC4-StateMachineUpdater] INFO  ratis.ContainerStateMachine (ContainerStateMachine.java:takeSnapshot(300)) - group-E5F1F7E7DAC4: Finished taking a snapshot at:(t:1, i:11) file:/workdir/hadoop-ozone/integration-test/target/test-dir/MiniOzoneClusterImpl-49ccd39e-0a95-490c-a5ec-4c0d204ae341/datanode-3/data/ratis/cb4edd8b-3029-43bf-994f-e5f1f7e7dac4/sm/snapshot.1_11 time:25
2019-09-21 03:25:25,612 [7ca5dcda-481a-4746-825e-0b0407a7007f@group-E5F1F7E7DAC4-StateMachineUpdater] INFO  impl.StateMachineUpdater (StateMachineUpdater.java:takeSnapshot(258)) - 7ca5dcda-481a-4746-825e-0b0407a7007f@group-E5F1F7E7DAC4-StateMachineUpdater: Took a snapshot at index 11
2019-09-21 03:25:25,615 [7ca5dcda-481a-4746-825e-0b0407a7007f@group-E5F1F7E7DAC4-StateMachineUpdater] INFO  impl.StateMachineUpdater (StateMachineUpdater.java:lambda$new$0(83)) - 7ca5dcda-481a-4746-825e-0b0407a7007f@group-E5F1F7E7DAC4-StateMachineUpdater: snapshotIndex: updateIncreasingly -1 -> 11
2019-09-21 03:25:25,615 [main] INFO  impl.RaftServerImpl (ServerState.java:close(385)) - 7ca5dcda-481a-4746-825e-0b0407a7007f@group-E5F1F7E7DAC4: closes. applyIndex: 11
2019-09-21 03:25:25,621 [ForkJoinPool.commonPool-worker-0] INFO  handler.ContextHandler (ContextHandler.java:doStop(910)) - Stopped o.e.j.w.WebAppContext@6a6d1ff3{/,null,UNAVAILABLE}{/hddsDatanode}
2019-09-21 03:25:25,621 [7ca5dcda-481a-4746-825e-0b0407a7007f@group-E5F1F7E7DAC4-SegmentedRaftLogWorker] INFO  segmented.SegmentedRaftLogWorker (SegmentedRaftLogWorker.java:run(313)) - 7ca5dcda-481a-4746-825e-0b0407a7007f@group-E5F1F7E7DAC4-SegmentedRaftLogWorker was interrupted, exiting. There are 0 tasks remaining in the queue.
2019-09-21 03:25:25,621 [main] INFO  segmented.SegmentedRaftLogWorker (SegmentedRaftLogWorker.java:close(228)) - 7ca5dcda-481a-4746-825e-0b0407a7007f@group-E5F1F7E7DAC4-SegmentedRaftLogWorker close()
2019-09-21 03:25:25,623 [main] INFO  server.GrpcService (GrpcService.java:closeImpl(164)) - 7ca5dcda-481a-4746-825e-0b0407a7007f: shutdown server with port 34413 now
2019-09-21 03:25:25,623 [ForkJoinPool.commonPool-worker-0] INFO  server.AbstractConnector (AbstractConnector.java:doStop(318)) - Stopped ServerConnector@64b73e0a{HTTP/1.1,[http/1.1]}{0.0.0.0:0}
2019-09-21 03:25:25,625 [ForkJoinPool.commonPool-worker-0] INFO  handler.ContextHandler (ContextHandler.java:doStop(910)) - Stopped o.e.j.s.ServletContextHandler@506aa618{/static,jar:file:/home/user/.m2/repository/org/apache/hadoop/hadoop-hdds-container-service/0.5.0-SNAPSHOT/hadoop-hdds-container-service-0.5.0-SNAPSHOT.jar!/webapps/static,UNAVAILABLE}
2019-09-21 03:25:25,625 [grpc-default-executor-13] WARN  client.GrpcClientProtocolService (LogUtils.java:warn(134)) - 3-UnorderedRequestStreamObserver3: onError: org.apache.ratis.thirdparty.io.grpc.StatusRuntimeException: CANCELLED: cancelled before receiving half close
2019-09-21 03:25:25,627 [ForkJoinPool.commonPool-worker-0] INFO  handler.ContextHandler (ContextHandler.java:doStop(910)) - Stopped o.e.j.s.ServletContextHandler@7e050be1{/logs,file:///workdir/hadoop-ozone/integration-test/target/log,UNAVAILABLE}
2019-09-21 03:25:25,627 [main] INFO  server.GrpcService (GrpcService.java:closeImpl(172)) - 7ca5dcda-481a-4746-825e-0b0407a7007f: shutdown server with port 34413 successfully
2019-09-21 03:25:25,633 [refreshUsed-/workdir/hadoop-ozone/integration-test/target/test-dir/MiniOzoneClusterImpl-49ccd39e-0a95-490c-a5ec-4c0d204ae341/datanode-3/data/containers] WARN  fs.CachingGetSpaceUsed (CachingGetSpaceUsed.java:run(183)) - Thread Interrupted waiting to refresh disk information: sleep interrupted
2019-09-21 03:25:25,645 [main] INFO  utils.BackgroundService (BackgroundService.java:shutdown(148)) - Shutting down service BlockDeletingService
2019-09-21 03:25:25,649 [main] INFO  statemachine.DatanodeStateMachine (DatanodeStateMachine.java:stopDaemon(395)) - Ozone container server stopped.
2019-09-21 03:25:25,650 [main] INFO  handler.ContextHandler (ContextHandler.java:doStop(910)) - Stopped o.e.j.w.WebAppContext@63a84bb6{/,null,UNAVAILABLE}{/hddsDatanode}
2019-09-21 03:25:25,651 [main] INFO  server.AbstractConnector (AbstractConnector.java:doStop(318)) - Stopped ServerConnector@701d2b59{HTTP/1.1,[http/1.1]}{0.0.0.0:0}
2019-09-21 03:25:25,651 [main] INFO  handler.ContextHandler (ContextHandler.java:doStop(910)) - Stopped o.e.j.s.ServletContextHandler@7f93f4c{/static,jar:file:/home/user/.m2/repository/org/apache/hadoop/hadoop-hdds-container-service/0.5.0-SNAPSHOT/hadoop-hdds-container-service-0.5.0-SNAPSHOT.jar!/webapps/static,UNAVAILABLE}
2019-09-21 03:25:25,651 [main] INFO  handler.ContextHandler (ContextHandler.java:doStop(910)) - Stopped o.e.j.s.ServletContextHandler@1930a804{/logs,file:///workdir/hadoop-ozone/integration-test/target/log,UNAVAILABLE}
2019-09-21 03:25:25,996 [Datanode State Machine Thread - 0] INFO  statemachine.DatanodeStateMachine (DatanodeStateMachine.java:lambda$startDaemon$0(350)) - Ozone container server started.
2019-09-21 03:25:26,405 [Datanode State Machine Thread - 0] INFO  statemachine.DatanodeStateMachine (DatanodeStateMachine.java:lambda$startDaemon$0(350)) - Ozone container server started.
2019-09-21 03:25:27,379 [grpc-default-executor-14] WARN  server.GrpcLogAppender (LogUtils.java:warn(134)) - f01278b1-302b-4b97-a762-59556b6cd5ae@group-0E23D5785B30->de978da9-86a0-48f2-b522-8b80f701b0e5-AppendLogResponseHandler: Failed appendEntries: org.apache.ratis.thirdparty.io.grpc.StatusRuntimeException: UNAVAILABLE: io exception
2019-09-21 03:25:27,380 [grpc-default-executor-14] INFO  impl.FollowerInfo (FollowerInfo.java:lambda$new$0(51)) - f01278b1-302b-4b97-a762-59556b6cd5ae@group-0E23D5785B30->de978da9-86a0-48f2-b522-8b80f701b0e5: nextIndex: updateUnconditionally 7 -> 6
2019-09-21 03:25:29,881 [grpc-default-executor-13] WARN  server.GrpcLogAppender (LogUtils.java:warn(134)) - f01278b1-302b-4b97-a762-59556b6cd5ae@group-0E23D5785B30->de978da9-86a0-48f2-b522-8b80f701b0e5-AppendLogResponseHandler: Failed appendEntries: org.apache.ratis.thirdparty.io.grpc.StatusRuntimeException: UNAVAILABLE: io exception
2019-09-21 03:25:29,882 [grpc-default-executor-13] INFO  impl.FollowerInfo (FollowerInfo.java:lambda$new$0(51)) - f01278b1-302b-4b97-a762-59556b6cd5ae@group-0E23D5785B30->de978da9-86a0-48f2-b522-8b80f701b0e5: nextIndex: updateUnconditionally 6 -> 5
2019-09-21 03:25:30,016 [EventQueue-StaleNodeForStaleNodeHandler] INFO  node.StaleNodeHandler (StaleNodeHandler.java:onMessage(58)) - Datanode 43f24444-fa9f-41f4-ae9a-436f4803900c{ip: 192.168.36.122, host: pr-hdds-2161-42js2-1613171706, networkLocation: /default-rack, certSerialId: null} moved to stale state. Finalizing its pipelines [PipelineID=cb4edd8b-3029-43bf-994f-e5f1f7e7dac4, PipelineID=e03eeaed-a85d-4a2e-a34c-0b12c751e0a0]
2019-09-21 03:25:30,017 [EventQueue-StaleNodeForStaleNodeHandler] INFO  pipeline.SCMPipelineManager (SCMPipelineManager.java:finalizeAndDestroyPipeline(315)) - destroying pipeline:Pipeline[ Id: cb4edd8b-3029-43bf-994f-e5f1f7e7dac4, Nodes: 13e42e29-0b35-4bd9-9d07-0e801b0bf72d{ip: 192.168.36.122, host: pr-hdds-2161-42js2-1613171706, networkLocation: /default-rack, certSerialId: null}7ca5dcda-481a-4746-825e-0b0407a7007f{ip: 192.168.36.122, host: pr-hdds-2161-42js2-1613171706, networkLocation: /default-rack, certSerialId: null}43f24444-fa9f-41f4-ae9a-436f4803900c{ip: 192.168.36.122, host: pr-hdds-2161-42js2-1613171706, networkLocation: /default-rack, certSerialId: null}, Type:RATIS, Factor:THREE, State:CLOSED]
2019-09-21 03:25:30,017 [EventQueue-StaleNodeForStaleNodeHandler] INFO  pipeline.SCMPipelineManager (SCMPipelineManager.java:finalizeAndDestroyPipeline(315)) - destroying pipeline:Pipeline[ Id: e03eeaed-a85d-4a2e-a34c-0b12c751e0a0, Nodes: 43f24444-fa9f-41f4-ae9a-436f4803900c{ip: 192.168.36.122, host: pr-hdds-2161-42js2-1613171706, networkLocation: /default-rack, certSerialId: null}, Type:RATIS, Factor:ONE, State:OPEN]
2019-09-21 03:25:30,017 [EventQueue-StaleNodeForStaleNodeHandler] INFO  pipeline.PipelineStateManager (PipelineStateManager.java:finalizePipeline(123)) - Pipeline Pipeline[ Id: e03eeaed-a85d-4a2e-a34c-0b12c751e0a0, Nodes: 43f24444-fa9f-41f4-ae9a-436f4803900c{ip: 192.168.36.122, host: pr-hdds-2161-42js2-1613171706, networkLocation: /default-rack, certSerialId: null}, Type:RATIS, Factor:ONE, State:CLOSED] moved to CLOSED state
2019-09-21 03:25:30,417 [EventQueue-StaleNodeForStaleNodeHandler] INFO  node.StaleNodeHandler (StaleNodeHandler.java:onMessage(58)) - Datanode f01278b1-302b-4b97-a762-59556b6cd5ae{ip: 192.168.36.122, host: pr-hdds-2161-42js2-1613171706, networkLocation: /default-rack, certSerialId: null} moved to stale state. Finalizing its pipelines [PipelineID=3b1ea6c2-88f2-4b10-b525-0e23d5785b30, PipelineID=a38d0949-f9b1-49b8-85a6-ffd40a504c4e]
2019-09-21 03:25:30,418 [EventQueue-StaleNodeForStaleNodeHandler] INFO  pipeline.SCMPipelineManager (SCMPipelineManager.java:finalizeAndDestroyPipeline(315)) - destroying pipeline:Pipeline[ Id: 3b1ea6c2-88f2-4b10-b525-0e23d5785b30, Nodes: e893f503-ce9f-499b-9cc7-29bacfc11840{ip: 192.168.36.122, host: pr-hdds-2161-42js2-1613171706, networkLocation: /default-rack, certSerialId: null}f01278b1-302b-4b97-a762-59556b6cd5ae{ip: 192.168.36.122, host: pr-hdds-2161-42js2-1613171706, networkLocation: /default-rack, certSerialId: null}de978da9-86a0-48f2-b522-8b80f701b0e5{ip: 192.168.36.122, host: pr-hdds-2161-42js2-1613171706, networkLocation: /default-rack, certSerialId: null}, Type:RATIS, Factor:THREE, State:CLOSED]
2019-09-21 03:25:30,418 [EventQueue-StaleNodeForStaleNodeHandler] INFO  pipeline.SCMPipelineManager (SCMPipelineManager.java:finalizeAndDestroyPipeline(315)) - destroying pipeline:Pipeline[ Id: a38d0949-f9b1-49b8-85a6-ffd40a504c4e, Nodes: f01278b1-302b-4b97-a762-59556b6cd5ae{ip: 192.168.36.122, host: pr-hdds-2161-42js2-1613171706, networkLocation: /default-rack, certSerialId: null}, Type:RATIS, Factor:ONE, State:OPEN]
2019-09-21 03:25:30,419 [EventQueue-StaleNodeForStaleNodeHandler] INFO  pipeline.PipelineStateManager (PipelineStateManager.java:finalizePipeline(123)) - Pipeline Pipeline[ Id: a38d0949-f9b1-49b8-85a6-ffd40a504c4e, Nodes: f01278b1-302b-4b97-a762-59556b6cd5ae{ip: 192.168.36.122, host: pr-hdds-2161-42js2-1613171706, networkLocation: /default-rack, certSerialId: null}, Type:RATIS, Factor:ONE, State:CLOSED] moved to CLOSED state
2019-09-21 03:25:30,630 [ForkJoinPool.commonPool-worker-0] INFO  ozoneimpl.OzoneContainer (OzoneContainer.java:stop(231)) - Attempting to stop container services.
2019-09-21 03:25:30,636 [ForkJoinPool.commonPool-worker-0] INFO  impl.RaftServerProxy (RaftServerProxy.java:lambda$close$4(314)) - f01278b1-302b-4b97-a762-59556b6cd5ae: close
2019-09-21 03:25:30,637 [ForkJoinPool.commonPool-worker-0] INFO  impl.RaftServerImpl (RaftServerImpl.java:lambda$shutdown$3(251)) - f01278b1-302b-4b97-a762-59556b6cd5ae@group-0E23D5785B30: shutdown
2019-09-21 03:25:30,637 [ForkJoinPool.commonPool-worker-0] INFO  util.JmxRegister (JmxRegister.java:unregister(73)) - Successfully un-registered JMX Bean with object name Ratis:service=RaftServer,group=group-0E23D5785B30,id=f01278b1-302b-4b97-a762-59556b6cd5ae
2019-09-21 03:25:30,637 [ForkJoinPool.commonPool-worker-0] INFO  impl.RoleInfo (RoleInfo.java:shutdownLeaderState(104)) - f01278b1-302b-4b97-a762-59556b6cd5ae: shutdown LeaderState
2019-09-21 03:25:30,643 [org.apache.ratis.server.impl.LogAppender$AppenderDaemon$$Lambda$485/762318467@5366be60] WARN  server.GrpcLogAppender (GrpcLogAppender.java:mayWait(143)) - f01278b1-302b-4b97-a762-59556b6cd5ae@group-0E23D5785B30->e893f503-ce9f-499b-9cc7-29bacfc11840-GrpcLogAppender: Wait interrupted by java.lang.InterruptedException
2019-09-21 03:25:30,644 [ForkJoinPool.commonPool-worker-0] INFO  impl.PendingRequests (PendingRequests.java:sendNotLeaderResponses(202)) - f01278b1-302b-4b97-a762-59556b6cd5ae-PendingRequests: sendNotLeaderResponses
2019-09-21 03:25:30,644 [org.apache.ratis.server.impl.LogAppender$AppenderDaemon$$Lambda$485/762318467@6f497455] WARN  server.GrpcLogAppender (GrpcLogAppender.java:mayWait(143)) - f01278b1-302b-4b97-a762-59556b6cd5ae@group-0E23D5785B30->de978da9-86a0-48f2-b522-8b80f701b0e5-GrpcLogAppender: Wait interrupted by java.lang.InterruptedException
2019-09-21 03:25:30,649 [ForkJoinPool.commonPool-worker-0] INFO  impl.StateMachineUpdater (StateMachineUpdater.java:stopAndJoin(125)) - f01278b1-302b-4b97-a762-59556b6cd5ae@group-0E23D5785B30-StateMachineUpdater: set stopIndex = 10
2019-09-21 03:25:30,650 [f01278b1-302b-4b97-a762-59556b6cd5ae@group-0E23D5785B30-StateMachineUpdater] INFO  ratis.ContainerStateMachine (ContainerStateMachine.java:takeSnapshot(289)) - group-0E23D5785B30: Taking a snapshot at:(t:1, i:10) file /workdir/hadoop-ozone/integration-test/target/test-dir/MiniOzoneClusterImpl-49ccd39e-0a95-490c-a5ec-4c0d204ae341/datanode-0/data/ratis/3b1ea6c2-88f2-4b10-b525-0e23d5785b30/sm/snapshot.1_10
2019-09-21 03:25:30,650 [grpc-default-executor-13] INFO  server.GrpcServerProtocolService (GrpcServerProtocolService.java:onCompleted(113)) - e893f503-ce9f-499b-9cc7-29bacfc11840: Completed APPEND_ENTRIES, lastRequest: f01278b1-302b-4b97-a762-59556b6cd5ae->e893f503-ce9f-499b-9cc7-29bacfc11840#17-t1, previous=(t:1, i:10), leaderCommit=10, initializing? false, entries: <empty>
2019-09-21 03:25:30,650 [grpc-default-executor-4] INFO  server.GrpcLogAppender (GrpcLogAppender.java:onCompleted(293)) - f01278b1-302b-4b97-a762-59556b6cd5ae@group-0E23D5785B30->e893f503-ce9f-499b-9cc7-29bacfc11840-AppendLogResponseHandler: follower responses appendEntries COMPLETED
2019-09-21 03:25:30,651 [grpc-default-executor-4] INFO  impl.FollowerInfo (FollowerInfo.java:lambda$new$0(51)) - f01278b1-302b-4b97-a762-59556b6cd5ae@group-0E23D5785B30->e893f503-ce9f-499b-9cc7-29bacfc11840: nextIndex: updateUnconditionally 11 -> 10
2019-09-21 03:25:30,653 [main] INFO  ozoneimpl.OzoneContainer (OzoneContainer.java:stop(231)) - Attempting to stop container services.
2019-09-21 03:25:30,654 [main] INFO  impl.RaftServerProxy (RaftServerProxy.java:lambda$close$4(314)) - 43f24444-fa9f-41f4-ae9a-436f4803900c: close
2019-09-21 03:25:30,654 [main] INFO  impl.RaftServerImpl (RaftServerImpl.java:lambda$shutdown$3(251)) - 43f24444-fa9f-41f4-ae9a-436f4803900c@group-E5F1F7E7DAC4: shutdown
2019-09-21 03:25:30,654 [main] INFO  util.JmxRegister (JmxRegister.java:unregister(73)) - Successfully un-registered JMX Bean with object name Ratis:service=RaftServer,group=group-E5F1F7E7DAC4,id=43f24444-fa9f-41f4-ae9a-436f4803900c
2019-09-21 03:25:30,655 [main] INFO  impl.RoleInfo (RoleInfo.java:shutdownFollowerState(121)) - 43f24444-fa9f-41f4-ae9a-436f4803900c: shutdown FollowerState
2019-09-21 03:25:30,655 [main] INFO  impl.StateMachineUpdater (StateMachineUpdater.java:stopAndJoin(125)) - 43f24444-fa9f-41f4-ae9a-436f4803900c@group-E5F1F7E7DAC4-StateMachineUpdater: set stopIndex = 11
2019-09-21 03:25:30,655 [Thread-3954] INFO  impl.FollowerState (FollowerState.java:run(115)) - 43f24444-fa9f-41f4-ae9a-436f4803900c: FollowerState was interrupted: java.lang.InterruptedException: sleep interrupted
2019-09-21 03:25:30,655 [43f24444-fa9f-41f4-ae9a-436f4803900c@group-E5F1F7E7DAC4-StateMachineUpdater] INFO  ratis.ContainerStateMachine (ContainerStateMachine.java:takeSnapshot(289)) - group-E5F1F7E7DAC4: Taking a snapshot at:(t:1, i:11) file /workdir/hadoop-ozone/integration-test/target/test-dir/MiniOzoneClusterImpl-49ccd39e-0a95-490c-a5ec-4c0d204ae341/datanode-6/data/ratis/cb4edd8b-3029-43bf-994f-e5f1f7e7dac4/sm/snapshot.1_11
2019-09-21 03:25:30,675 [43f24444-fa9f-41f4-ae9a-436f4803900c@group-E5F1F7E7DAC4-StateMachineUpdater] INFO  ratis.ContainerStateMachine (ContainerStateMachine.java:takeSnapshot(300)) - group-E5F1F7E7DAC4: Finished taking a snapshot at:(t:1, i:11) file:/workdir/hadoop-ozone/integration-test/target/test-dir/MiniOzoneClusterImpl-49ccd39e-0a95-490c-a5ec-4c0d204ae341/datanode-6/data/ratis/cb4edd8b-3029-43bf-994f-e5f1f7e7dac4/sm/snapshot.1_11 time:21
2019-09-21 03:25:30,675 [f01278b1-302b-4b97-a762-59556b6cd5ae@group-0E23D5785B30-StateMachineUpdater] INFO  ratis.ContainerStateMachine (ContainerStateMachine.java:takeSnapshot(300)) - group-0E23D5785B30: Finished taking a snapshot at:(t:1, i:10) file:/workdir/hadoop-ozone/integration-test/target/test-dir/MiniOzoneClusterImpl-49ccd39e-0a95-490c-a5ec-4c0d204ae341/datanode-0/data/ratis/3b1ea6c2-88f2-4b10-b525-0e23d5785b30/sm/snapshot.1_10 time:26
2019-09-21 03:25:30,676 [43f24444-fa9f-41f4-ae9a-436f4803900c@group-E5F1F7E7DAC4-StateMachineUpdater] INFO  impl.StateMachineUpdater (StateMachineUpdater.java:takeSnapshot(258)) - 43f24444-fa9f-41f4-ae9a-436f4803900c@group-E5F1F7E7DAC4-StateMachineUpdater: Took a snapshot at index 11
2019-09-21 03:25:30,676 [f01278b1-302b-4b97-a762-59556b6cd5ae@group-0E23D5785B30-StateMachineUpdater] INFO  impl.StateMachineUpdater (StateMachineUpdater.java:takeSnapshot(258)) - f01278b1-302b-4b97-a762-59556b6cd5ae@group-0E23D5785B30-StateMachineUpdater: Took a snapshot at index 10
2019-09-21 03:25:30,676 [43f24444-fa9f-41f4-ae9a-436f4803900c@group-E5F1F7E7DAC4-StateMachineUpdater] INFO  impl.StateMachineUpdater (StateMachineUpdater.java:lambda$new$0(83)) - 43f24444-fa9f-41f4-ae9a-436f4803900c@group-E5F1F7E7DAC4-StateMachineUpdater: snapshotIndex: updateIncreasingly -1 -> 11
2019-09-21 03:25:30,676 [f01278b1-302b-4b97-a762-59556b6cd5ae@group-0E23D5785B30-StateMachineUpdater] INFO  impl.StateMachineUpdater (StateMachineUpdater.java:lambda$new$0(83)) - f01278b1-302b-4b97-a762-59556b6cd5ae@group-0E23D5785B30-StateMachineUpdater: snapshotIndex: updateIncreasingly -1 -> 10
2019-09-21 03:25:30,677 [main] INFO  impl.RaftServerImpl (ServerState.java:close(385)) - 43f24444-fa9f-41f4-ae9a-436f4803900c@group-E5F1F7E7DAC4: closes. applyIndex: 11
2019-09-21 03:25:30,677 [ForkJoinPool.commonPool-worker-0] INFO  impl.RaftServerImpl (ServerState.java:close(385)) - f01278b1-302b-4b97-a762-59556b6cd5ae@group-0E23D5785B30: closes. applyIndex: 10
2019-09-21 03:25:30,677 [43f24444-fa9f-41f4-ae9a-436f4803900c@group-E5F1F7E7DAC4-SegmentedRaftLogWorker] INFO  segmented.SegmentedRaftLogWorker (SegmentedRaftLogWorker.java:run(313)) - 43f24444-fa9f-41f4-ae9a-436f4803900c@group-E5F1F7E7DAC4-SegmentedRaftLogWorker was interrupted, exiting. There are 0 tasks remaining in the queue.
2019-09-21 03:25:30,677 [f01278b1-302b-4b97-a762-59556b6cd5ae@group-0E23D5785B30-SegmentedRaftLogWorker] INFO  segmented.SegmentedRaftLogWorker (SegmentedRaftLogWorker.java:run(313)) - f01278b1-302b-4b97-a762-59556b6cd5ae@group-0E23D5785B30-SegmentedRaftLogWorker was interrupted, exiting. There are 0 tasks remaining in the queue.
2019-09-21 03:25:30,678 [ForkJoinPool.commonPool-worker-0] INFO  segmented.SegmentedRaftLogWorker (SegmentedRaftLogWorker.java:close(228)) - f01278b1-302b-4b97-a762-59556b6cd5ae@group-0E23D5785B30-SegmentedRaftLogWorker close()
2019-09-21 03:25:30,678 [main] INFO  segmented.SegmentedRaftLogWorker (SegmentedRaftLogWorker.java:close(228)) - 43f24444-fa9f-41f4-ae9a-436f4803900c@group-E5F1F7E7DAC4-SegmentedRaftLogWorker close()
2019-09-21 03:25:30,680 [ForkJoinPool.commonPool-worker-0] INFO  impl.RaftServerImpl (RaftServerImpl.java:lambda$shutdown$3(251)) - f01278b1-302b-4b97-a762-59556b6cd5ae@group-FFD40A504C4E: shutdown
2019-09-21 03:25:30,683 [main] INFO  impl.RaftServerImpl (RaftServerImpl.java:lambda$shutdown$3(251)) - 43f24444-fa9f-41f4-ae9a-436f4803900c@group-0B12C751E0A0: shutdown
2019-09-21 03:25:30,683 [ForkJoinPool.commonPool-worker-0] INFO  util.JmxRegister (JmxRegister.java:unregister(73)) - Successfully un-registered JMX Bean with object name Ratis:service=RaftServer,group=group-FFD40A504C4E,id=f01278b1-302b-4b97-a762-59556b6cd5ae
2019-09-21 03:25:30,683 [main] INFO  util.JmxRegister (JmxRegister.java:unregister(73)) - Successfully un-registered JMX Bean with object name Ratis:service=RaftServer,group=group-0B12C751E0A0,id=43f24444-fa9f-41f4-ae9a-436f4803900c
2019-09-21 03:25:30,684 [ForkJoinPool.commonPool-worker-0] INFO  impl.RoleInfo (RoleInfo.java:shutdownLeaderState(104)) - f01278b1-302b-4b97-a762-59556b6cd5ae: shutdown LeaderState
2019-09-21 03:25:30,684 [main] INFO  impl.RoleInfo (RoleInfo.java:shutdownLeaderState(104)) - 43f24444-fa9f-41f4-ae9a-436f4803900c: shutdown LeaderState
2019-09-21 03:25:30,684 [ForkJoinPool.commonPool-worker-0] INFO  impl.PendingRequests (PendingRequests.java:sendNotLeaderResponses(202)) - f01278b1-302b-4b97-a762-59556b6cd5ae-PendingRequests: sendNotLeaderResponses
2019-09-21 03:25:30,685 [main] INFO  impl.PendingRequests (PendingRequests.java:sendNotLeaderResponses(202)) - 43f24444-fa9f-41f4-ae9a-436f4803900c-PendingRequests: sendNotLeaderResponses
2019-09-21 03:25:30,685 [ForkJoinPool.commonPool-worker-0] INFO  impl.StateMachineUpdater (StateMachineUpdater.java:stopAndJoin(125)) - f01278b1-302b-4b97-a762-59556b6cd5ae@group-FFD40A504C4E-StateMachineUpdater: set stopIndex = 0
2019-09-21 03:25:30,686 [ForkJoinPool.commonPool-worker-0] INFO  impl.RaftServerImpl (ServerState.java:close(385)) - f01278b1-302b-4b97-a762-59556b6cd5ae@group-FFD40A504C4E: closes. applyIndex: 0
2019-09-21 03:25:30,686 [main] INFO  impl.StateMachineUpdater (StateMachineUpdater.java:stopAndJoin(125)) - 43f24444-fa9f-41f4-ae9a-436f4803900c@group-0B12C751E0A0-StateMachineUpdater: set stopIndex = 0
2019-09-21 03:25:30,686 [f01278b1-302b-4b97-a762-59556b6cd5ae@group-FFD40A504C4E-SegmentedRaftLogWorker] INFO  segmented.SegmentedRaftLogWorker (SegmentedRaftLogWorker.java:run(313)) - f01278b1-302b-4b97-a762-59556b6cd5ae@group-FFD40A504C4E-SegmentedRaftLogWorker was interrupted, exiting. There are 0 tasks remaining in the queue.
2019-09-21 03:25:30,686 [main] INFO  impl.RaftServerImpl (ServerState.java:close(385)) - 43f24444-fa9f-41f4-ae9a-436f4803900c@group-0B12C751E0A0: closes. applyIndex: 0
2019-09-21 03:25:30,687 [ForkJoinPool.commonPool-worker-0] INFO  segmented.SegmentedRaftLogWorker (SegmentedRaftLogWorker.java:close(228)) - f01278b1-302b-4b97-a762-59556b6cd5ae@group-FFD40A504C4E-SegmentedRaftLogWorker close()
2019-09-21 03:25:30,687 [43f24444-fa9f-41f4-ae9a-436f4803900c@group-0B12C751E0A0-SegmentedRaftLogWorker] INFO  segmented.SegmentedRaftLogWorker (SegmentedRaftLogWorker.java:run(313)) - 43f24444-fa9f-41f4-ae9a-436f4803900c@group-0B12C751E0A0-SegmentedRaftLogWorker was interrupted, exiting. There are 0 tasks remaining in the queue.
2019-09-21 03:25:30,689 [ForkJoinPool.commonPool-worker-0] INFO  server.GrpcService (GrpcService.java:closeImpl(164)) - f01278b1-302b-4b97-a762-59556b6cd5ae: shutdown server with port 36478 now
2019-09-21 03:25:30,689 [main] INFO  segmented.SegmentedRaftLogWorker (SegmentedRaftLogWorker.java:close(228)) - 43f24444-fa9f-41f4-ae9a-436f4803900c@group-0B12C751E0A0-SegmentedRaftLogWorker close()
2019-09-21 03:25:30,698 [main] INFO  server.GrpcService (GrpcService.java:closeImpl(164)) - 43f24444-fa9f-41f4-ae9a-436f4803900c: shutdown server with port 38765 now
2019-09-21 03:25:30,698 [ForkJoinPool.commonPool-worker-0] INFO  server.GrpcService (GrpcService.java:closeImpl(172)) - f01278b1-302b-4b97-a762-59556b6cd5ae: shutdown server with port 36478 successfully
2019-09-21 03:25:30,698 [main] INFO  server.GrpcService (GrpcService.java:closeImpl(172)) - 43f24444-fa9f-41f4-ae9a-436f4803900c: shutdown server with port 38765 successfully
2019-09-21 03:25:30,704 [refreshUsed-/workdir/hadoop-ozone/integration-test/target/test-dir/MiniOzoneClusterImpl-49ccd39e-0a95-490c-a5ec-4c0d204ae341/datanode-0/data/containers] WARN  fs.CachingGetSpaceUsed (CachingGetSpaceUsed.java:run(183)) - Thread Interrupted waiting to refresh disk information: sleep interrupted
2019-09-21 03:25:30,704 [refreshUsed-/workdir/hadoop-ozone/integration-test/target/test-dir/MiniOzoneClusterImpl-49ccd39e-0a95-490c-a5ec-4c0d204ae341/datanode-6/data/containers] WARN  fs.CachingGetSpaceUsed (CachingGetSpaceUsed.java:run(183)) - Thread Interrupted waiting to refresh disk information: sleep interrupted
2019-09-21 03:25:30,720 [ForkJoinPool.commonPool-worker-0] INFO  utils.BackgroundService (BackgroundService.java:shutdown(148)) - Shutting down service BlockDeletingService
2019-09-21 03:25:30,724 [ForkJoinPool.commonPool-worker-0] INFO  statemachine.DatanodeStateMachine (DatanodeStateMachine.java:stopDaemon(395)) - Ozone container server stopped.
2019-09-21 03:25:30,727 [ForkJoinPool.commonPool-worker-0] INFO  handler.ContextHandler (ContextHandler.java:doStop(910)) - Stopped o.e.j.w.WebAppContext@56ec6960{/,null,UNAVAILABLE}{/hddsDatanode}
2019-09-21 03:25:30,727 [ForkJoinPool.commonPool-worker-0] INFO  server.AbstractConnector (AbstractConnector.java:doStop(318)) - Stopped ServerConnector@7f8c3646{HTTP/1.1,[http/1.1]}{0.0.0.0:0}
2019-09-21 03:25:30,729 [ForkJoinPool.commonPool-worker-0] INFO  handler.ContextHandler (ContextHandler.java:doStop(910)) - Stopped o.e.j.s.ServletContextHandler@30fbc23{/static,jar:file:/home/user/.m2/repository/org/apache/hadoop/hadoop-hdds-container-service/0.5.0-SNAPSHOT/hadoop-hdds-container-service-0.5.0-SNAPSHOT.jar!/webapps/static,UNAVAILABLE}
2019-09-21 03:25:30,730 [ForkJoinPool.commonPool-worker-0] INFO  handler.ContextHandler (ContextHandler.java:doStop(910)) - Stopped o.e.j.s.ServletContextHandler@49cb5030{/logs,file:///workdir/hadoop-ozone/integration-test/target/log,UNAVAILABLE}
2019-09-21 03:25:30,733 [main] INFO  utils.BackgroundService (BackgroundService.java:shutdown(148)) - Shutting down service BlockDeletingService
2019-09-21 03:25:30,738 [main] INFO  statemachine.DatanodeStateMachine (DatanodeStateMachine.java:stopDaemon(395)) - Ozone container server stopped.
2019-09-21 03:25:30,738 [main] INFO  handler.ContextHandler (ContextHandler.java:doStop(910)) - Stopped o.e.j.w.WebAppContext@4bfa5eb9{/,null,UNAVAILABLE}{/hddsDatanode}
2019-09-21 03:25:30,739 [main] INFO  server.AbstractConnector (AbstractConnector.java:doStop(318)) - Stopped ServerConnector@2a2b7a35{HTTP/1.1,[http/1.1]}{0.0.0.0:0}
2019-09-21 03:25:30,739 [main] INFO  handler.ContextHandler (ContextHandler.java:doStop(910)) - Stopped o.e.j.s.ServletContextHandler@5c5f0edc{/static,jar:file:/home/user/.m2/repository/org/apache/hadoop/hadoop-hdds-container-service/0.5.0-SNAPSHOT/hadoop-hdds-container-service-0.5.0-SNAPSHOT.jar!/webapps/static,UNAVAILABLE}
2019-09-21 03:25:30,740 [main] INFO  handler.ContextHandler (ContextHandler.java:doStop(910)) - Stopped o.e.j.s.ServletContextHandler@1b1e1f02{/logs,file:///workdir/hadoop-ozone/integration-test/target/log,UNAVAILABLE}
2019-09-21 03:25:31,415 [Datanode State Machine Thread - 0] INFO  statemachine.DatanodeStateMachine (DatanodeStateMachine.java:lambda$startDaemon$0(350)) - Ozone container server started.
2019-09-21 03:25:35,422 [EventQueue-StaleNodeForStaleNodeHandler] INFO  node.StaleNodeHandler (StaleNodeHandler.java:onMessage(58)) - Datanode e893f503-ce9f-499b-9cc7-29bacfc11840{ip: 192.168.36.122, host: pr-hdds-2161-42js2-1613171706, networkLocation: /default-rack, certSerialId: null} moved to stale state. Finalizing its pipelines [PipelineID=3b1ea6c2-88f2-4b10-b525-0e23d5785b30, PipelineID=4a59d10e-39b9-4f20-a6a9-3a943a05d684]
2019-09-21 03:25:35,423 [EventQueue-StaleNodeForStaleNodeHandler] INFO  pipeline.SCMPipelineManager (SCMPipelineManager.java:finalizeAndDestroyPipeline(315)) - destroying pipeline:Pipeline[ Id: 3b1ea6c2-88f2-4b10-b525-0e23d5785b30, Nodes: e893f503-ce9f-499b-9cc7-29bacfc11840{ip: 192.168.36.122, host: pr-hdds-2161-42js2-1613171706, networkLocation: /default-rack, certSerialId: null}f01278b1-302b-4b97-a762-59556b6cd5ae{ip: 192.168.36.122, host: pr-hdds-2161-42js2-1613171706, networkLocation: /default-rack, certSerialId: null}de978da9-86a0-48f2-b522-8b80f701b0e5{ip: 192.168.36.122, host: pr-hdds-2161-42js2-1613171706, networkLocation: /default-rack, certSerialId: null}, Type:RATIS, Factor:THREE, State:CLOSED]
2019-09-21 03:25:35,423 [EventQueue-StaleNodeForStaleNodeHandler] INFO  pipeline.SCMPipelineManager (SCMPipelineManager.java:finalizeAndDestroyPipeline(315)) - destroying pipeline:Pipeline[ Id: 4a59d10e-39b9-4f20-a6a9-3a943a05d684, Nodes: e893f503-ce9f-499b-9cc7-29bacfc11840{ip: 192.168.36.122, host: pr-hdds-2161-42js2-1613171706, networkLocation: /default-rack, certSerialId: null}, Type:RATIS, Factor:ONE, State:OPEN]
2019-09-21 03:25:35,424 [EventQueue-StaleNodeForStaleNodeHandler] INFO  pipeline.PipelineStateManager (PipelineStateManager.java:finalizePipeline(123)) - Pipeline Pipeline[ Id: 4a59d10e-39b9-4f20-a6a9-3a943a05d684, Nodes: e893f503-ce9f-499b-9cc7-29bacfc11840{ip: 192.168.36.122, host: pr-hdds-2161-42js2-1613171706, networkLocation: /default-rack, certSerialId: null}, Type:RATIS, Factor:ONE, State:CLOSED] moved to CLOSED state
2019-09-21 03:25:35,733 [ForkJoinPool.commonPool-worker-0] INFO  ozoneimpl.OzoneContainer (OzoneContainer.java:stop(231)) - Attempting to stop container services.
2019-09-21 03:25:35,738 [ForkJoinPool.commonPool-worker-0] INFO  impl.RaftServerProxy (RaftServerProxy.java:lambda$close$4(314)) - e893f503-ce9f-499b-9cc7-29bacfc11840: close
2019-09-21 03:25:35,738 [ForkJoinPool.commonPool-worker-0] INFO  impl.RaftServerImpl (RaftServerImpl.java:lambda$shutdown$3(251)) - e893f503-ce9f-499b-9cc7-29bacfc11840@group-0E23D5785B30: shutdown
2019-09-21 03:25:35,739 [ForkJoinPool.commonPool-worker-0] INFO  util.JmxRegister (JmxRegister.java:unregister(73)) - Successfully un-registered JMX Bean with object name Ratis:service=RaftServer,group=group-0E23D5785B30,id=e893f503-ce9f-499b-9cc7-29bacfc11840
2019-09-21 03:25:35,739 [ForkJoinPool.commonPool-worker-0] INFO  impl.RoleInfo (RoleInfo.java:shutdownFollowerState(121)) - e893f503-ce9f-499b-9cc7-29bacfc11840: shutdown FollowerState
2019-09-21 03:25:35,739 [ForkJoinPool.commonPool-worker-0] INFO  impl.StateMachineUpdater (StateMachineUpdater.java:stopAndJoin(125)) - e893f503-ce9f-499b-9cc7-29bacfc11840@group-0E23D5785B30-StateMachineUpdater: set stopIndex = 10
2019-09-21 03:25:35,739 [e893f503-ce9f-499b-9cc7-29bacfc11840@group-0E23D5785B30-StateMachineUpdater] INFO  ratis.ContainerStateMachine (ContainerStateMachine.java:takeSnapshot(289)) - group-0E23D5785B30: Taking a snapshot at:(t:1, i:9) file /workdir/hadoop-ozone/integration-test/target/test-dir/MiniOzoneClusterImpl-49ccd39e-0a95-490c-a5ec-4c0d204ae341/datanode-5/data/ratis/3b1ea6c2-88f2-4b10-b525-0e23d5785b30/sm/snapshot.1_9
2019-09-21 03:25:35,740 [Thread-3950] INFO  impl.FollowerState (FollowerState.java:run(115)) - e893f503-ce9f-499b-9cc7-29bacfc11840: FollowerState was interrupted: java.lang.InterruptedException: sleep interrupted
2019-09-21 03:25:35,765 [e893f503-ce9f-499b-9cc7-29bacfc11840@group-0E23D5785B30-StateMachineUpdater] INFO  ratis.ContainerStateMachine (ContainerStateMachine.java:takeSnapshot(300)) - group-0E23D5785B30: Finished taking a snapshot at:(t:1, i:9) file:/workdir/hadoop-ozone/integration-test/target/test-dir/MiniOzoneClusterImpl-49ccd39e-0a95-490c-a5ec-4c0d204ae341/datanode-5/data/ratis/3b1ea6c2-88f2-4b10-b525-0e23d5785b30/sm/snapshot.1_9 time:25
2019-09-21 03:25:35,765 [e893f503-ce9f-499b-9cc7-29bacfc11840@group-0E23D5785B30-StateMachineUpdater] INFO  impl.StateMachineUpdater (StateMachineUpdater.java:takeSnapshot(258)) - e893f503-ce9f-499b-9cc7-29bacfc11840@group-0E23D5785B30-StateMachineUpdater: Took a snapshot at index 9
2019-09-21 03:25:35,766 [e893f503-ce9f-499b-9cc7-29bacfc11840@group-0E23D5785B30-StateMachineUpdater] INFO  impl.StateMachineUpdater (StateMachineUpdater.java:lambda$new$0(83)) - e893f503-ce9f-499b-9cc7-29bacfc11840@group-0E23D5785B30-StateMachineUpdater: snapshotIndex: updateIncreasingly -1 -> 9
2019-09-21 03:25:35,766 [e893f503-ce9f-499b-9cc7-29bacfc11840@group-0E23D5785B30-StateMachineUpdater] INFO  ratis.ContainerStateMachine (ContainerStateMachine.java:takeSnapshot(289)) - group-0E23D5785B30: Taking a snapshot at:(t:1, i:9) file /workdir/hadoop-ozone/integration-test/target/test-dir/MiniOzoneClusterImpl-49ccd39e-0a95-490c-a5ec-4c0d204ae341/datanode-5/data/ratis/3b1ea6c2-88f2-4b10-b525-0e23d5785b30/sm/snapshot.1_9
2019-09-21 03:25:35,778 [e893f503-ce9f-499b-9cc7-29bacfc11840@group-0E23D5785B30-StateMachineUpdater] INFO  ratis.ContainerStateMachine (ContainerStateMachine.java:takeSnapshot(300)) - group-0E23D5785B30: Finished taking a snapshot at:(t:1, i:9) file:/workdir/hadoop-ozone/integration-test/target/test-dir/MiniOzoneClusterImpl-49ccd39e-0a95-490c-a5ec-4c0d204ae341/datanode-5/data/ratis/3b1ea6c2-88f2-4b10-b525-0e23d5785b30/sm/snapshot.1_9 time:12
2019-09-21 03:25:35,778 [e893f503-ce9f-499b-9cc7-29bacfc11840@group-0E23D5785B30-StateMachineUpdater] INFO  impl.StateMachineUpdater (StateMachineUpdater.java:takeSnapshot(258)) - e893f503-ce9f-499b-9cc7-29bacfc11840@group-0E23D5785B30-StateMachineUpdater: Took a snapshot at index 9
2019-09-21 03:25:35,778 [e893f503-ce9f-499b-9cc7-29bacfc11840@group-0E23D5785B30-StateMachineUpdater] INFO  impl.StateMachineUpdater (StateMachineUpdater.java:lambda$new$0(83)) - e893f503-ce9f-499b-9cc7-29bacfc11840@group-0E23D5785B30-StateMachineUpdater: snapshotIndex: updateIncreasingly 9 -> 9
2019-09-21 03:25:35,778 [ForkJoinPool.commonPool-worker-0] INFO  impl.RaftServerImpl (ServerState.java:close(385)) - e893f503-ce9f-499b-9cc7-29bacfc11840@group-0E23D5785B30: closes. applyIndex: 10
2019-09-21 03:25:35,779 [e893f503-ce9f-499b-9cc7-29bacfc11840@group-0E23D5785B30-SegmentedRaftLogWorker] INFO  segmented.SegmentedRaftLogWorker (SegmentedRaftLogWorker.java:run(313)) - e893f503-ce9f-499b-9cc7-29bacfc11840@group-0E23D5785B30-SegmentedRaftLogWorker was interrupted, exiting. There are 0 tasks remaining in the queue.
2019-09-21 03:25:35,779 [ForkJoinPool.commonPool-worker-0] INFO  segmented.SegmentedRaftLogWorker (SegmentedRaftLogWorker.java:close(228)) - e893f503-ce9f-499b-9cc7-29bacfc11840@group-0E23D5785B30-SegmentedRaftLogWorker close()
2019-09-21 03:25:35,780 [ForkJoinPool.commonPool-worker-0] INFO  impl.RaftServerImpl (RaftServerImpl.java:lambda$shutdown$3(251)) - e893f503-ce9f-499b-9cc7-29bacfc11840@group-3A943A05D684: shutdown
2019-09-21 03:25:35,780 [ForkJoinPool.commonPool-worker-0] INFO  util.JmxRegister (JmxRegister.java:unregister(73)) - Successfully un-registered JMX Bean with object name Ratis:service=RaftServer,group=group-3A943A05D684,id=e893f503-ce9f-499b-9cc7-29bacfc11840
2019-09-21 03:25:35,780 [ForkJoinPool.commonPool-worker-0] INFO  impl.RoleInfo (RoleInfo.java:shutdownLeaderState(104)) - e893f503-ce9f-499b-9cc7-29bacfc11840: shutdown LeaderState
2019-09-21 03:25:35,780 [ForkJoinPool.commonPool-worker-0] INFO  impl.PendingRequests (PendingRequests.java:sendNotLeaderResponses(202)) - e893f503-ce9f-499b-9cc7-29bacfc11840-PendingRequests: sendNotLeaderResponses
2019-09-21 03:25:35,781 [ForkJoinPool.commonPool-worker-0] INFO  impl.StateMachineUpdater (StateMachineUpdater.java:stopAndJoin(125)) - e893f503-ce9f-499b-9cc7-29bacfc11840@group-3A943A05D684-StateMachineUpdater: set stopIndex = 0
2019-09-21 03:25:35,781 [ForkJoinPool.commonPool-worker-0] INFO  impl.RaftServerImpl (ServerState.java:close(385)) - e893f503-ce9f-499b-9cc7-29bacfc11840@group-3A943A05D684: closes. applyIndex: 0
2019-09-21 03:25:35,782 [e893f503-ce9f-499b-9cc7-29bacfc11840@group-3A943A05D684-SegmentedRaftLogWorker] INFO  segmented.SegmentedRaftLogWorker (SegmentedRaftLogWorker.java:run(313)) - e893f503-ce9f-499b-9cc7-29bacfc11840@group-3A943A05D684-SegmentedRaftLogWorker was interrupted, exiting. There are 0 tasks remaining in the queue.
2019-09-21 03:25:35,782 [ForkJoinPool.commonPool-worker-0] INFO  segmented.SegmentedRaftLogWorker (SegmentedRaftLogWorker.java:close(228)) - e893f503-ce9f-499b-9cc7-29bacfc11840@group-3A943A05D684-SegmentedRaftLogWorker close()
2019-09-21 03:25:35,782 [ForkJoinPool.commonPool-worker-0] INFO  server.GrpcService (GrpcService.java:closeImpl(164)) - e893f503-ce9f-499b-9cc7-29bacfc11840: shutdown server with port 35739 now
2019-09-21 03:25:35,783 [ForkJoinPool.commonPool-worker-0] INFO  server.GrpcService (GrpcService.java:closeImpl(172)) - e893f503-ce9f-499b-9cc7-29bacfc11840: shutdown server with port 35739 successfully
2019-09-21 03:25:35,786 [refreshUsed-/workdir/hadoop-ozone/integration-test/target/test-dir/MiniOzoneClusterImpl-49ccd39e-0a95-490c-a5ec-4c0d204ae341/datanode-5/data/containers] WARN  fs.CachingGetSpaceUsed (CachingGetSpaceUsed.java:run(183)) - Thread Interrupted waiting to refresh disk information: sleep interrupted
2019-09-21 03:25:35,820 [ForkJoinPool.commonPool-worker-0] INFO  utils.BackgroundService (BackgroundService.java:shutdown(148)) - Shutting down service BlockDeletingService
2019-09-21 03:25:35,825 [ForkJoinPool.commonPool-worker-0] INFO  statemachine.DatanodeStateMachine (DatanodeStateMachine.java:stopDaemon(395)) - Ozone container server stopped.
2019-09-21 03:25:35,831 [ForkJoinPool.commonPool-worker-0] INFO  handler.ContextHandler (ContextHandler.java:doStop(910)) - Stopped o.e.j.w.WebAppContext@6a51ae7c{/,null,UNAVAILABLE}{/hddsDatanode}
2019-09-21 03:25:35,833 [ForkJoinPool.commonPool-worker-0] INFO  server.AbstractConnector (AbstractConnector.java:doStop(318)) - Stopped ServerConnector@171aa66{HTTP/1.1,[http/1.1]}{0.0.0.0:0}
2019-09-21 03:25:35,835 [ForkJoinPool.commonPool-worker-0] INFO  handler.ContextHandler (ContextHandler.java:doStop(910)) - Stopped o.e.j.s.ServletContextHandler@29090809{/static,jar:file:/home/user/.m2/repository/org/apache/hadoop/hadoop-hdds-container-service/0.5.0-SNAPSHOT/hadoop-hdds-container-service-0.5.0-SNAPSHOT.jar!/webapps/static,UNAVAILABLE}
2019-09-21 03:25:35,836 [ForkJoinPool.commonPool-worker-0] INFO  handler.ContextHandler (ContextHandler.java:doStop(910)) - Stopped o.e.j.s.ServletContextHandler@7cca31fc{/logs,file:///workdir/hadoop-ozone/integration-test/target/log,UNAVAILABLE}
2019-09-21 03:25:35,838 [main] INFO  ozone.MiniOzoneClusterImpl (MiniOzoneClusterImpl.java:stopSCM(392)) - Stopping the StorageContainerManager
2019-09-21 03:25:35,838 [main] INFO  server.StorageContainerManager (StorageContainerManager.java:stop(808)) - Stopping Replication Manager Service.
2019-09-21 03:25:35,839 [main] INFO  container.ReplicationManager (ReplicationManager.java:stop(203)) - Stopping Replication Monitor Thread.
2019-09-21 03:25:35,839 [main] INFO  server.StorageContainerManager (StorageContainerManager.java:stop(815)) - Stopping Lease Manager of the command watchers
2019-09-21 03:25:35,839 [main] INFO  server.StorageContainerManager (StorageContainerManager.java:stop(822)) - Stopping datanode service RPC server
2019-09-21 03:25:35,839 [main] INFO  server.SCMDatanodeProtocolServer (SCMDatanodeProtocolServer.java:stop(367)) - Stopping the RPC server for DataNodes
2019-09-21 03:25:35,839 [main] INFO  ipc.Server (Server.java:stop(3082)) - Stopping server on 45455
2019-09-21 03:25:35,843 [IPC Server listener on 45455] INFO  ipc.Server (Server.java:run(1185)) - Stopping IPC Server listener on 45455
2019-09-21 03:25:35,843 [IPC Server Responder] INFO  ipc.Server (Server.java:run(1319)) - Stopping IPC Server Responder
2019-09-21 03:25:35,923 [SCM Heartbeat Processing Thread - 0] WARN  node.NodeStateManager (NodeStateManager.java:scheduleNextHealthCheck(646)) - Current Thread is interrupted, shutting down HB processing thread for Node Manager.
2019-09-21 03:25:35,923 [main] INFO  server.StorageContainerManager (StorageContainerManager.java:stop(830)) - Stopping block service RPC server
2019-09-21 03:25:35,924 [main] INFO  server.SCMBlockProtocolServer (SCMBlockProtocolServer.java:stop(155)) - Stopping the RPC server for Block Protocol
2019-09-21 03:25:35,924 [main] INFO  ipc.Server (Server.java:stop(3082)) - Stopping server on 37171
2019-09-21 03:25:35,927 [IPC Server listener on 37171] INFO  ipc.Server (Server.java:run(1185)) - Stopping IPC Server listener on 37171
2019-09-21 03:25:35,928 [main] INFO  server.StorageContainerManager (StorageContainerManager.java:stop(837)) - Stopping the StorageContainerLocationProtocol RPC server
2019-09-21 03:25:35,928 [IPC Server Responder] INFO  ipc.Server (Server.java:run(1319)) - Stopping IPC Server Responder
2019-09-21 03:25:35,929 [main] INFO  server.SCMClientProtocolServer (SCMClientProtocolServer.java:stop(159)) - Stopping the RPC server for Client Protocol
2019-09-21 03:25:35,930 [main] INFO  ipc.Server (Server.java:stop(3082)) - Stopping server on 37403
2019-09-21 03:25:35,933 [IPC Server listener on 37403] INFO  ipc.Server (Server.java:run(1185)) - Stopping IPC Server listener on 37403
2019-09-21 03:25:35,933 [main] INFO  server.StorageContainerManager (StorageContainerManager.java:stop(844)) - Stopping Storage Container Manager HTTP server.
2019-09-21 03:25:35,935 [IPC Server Responder] INFO  ipc.Server (Server.java:run(1319)) - Stopping IPC Server Responder
2019-09-21 03:25:35,936 [main] INFO  handler.ContextHandler (ContextHandler.java:doStop(910)) - Stopped o.e.j.w.WebAppContext@ba4f370{/,null,UNAVAILABLE}{/scm}
2019-09-21 03:25:35,937 [main] INFO  server.AbstractConnector (AbstractConnector.java:doStop(318)) - Stopped ServerConnector@2ba024cb{HTTP/1.1,[http/1.1]}{0.0.0.0:0}
2019-09-21 03:25:35,937 [main] INFO  handler.ContextHandler (ContextHandler.java:doStop(910)) - Stopped o.e.j.s.ServletContextHandler@44ccd75c{/static,file:///workdir/hadoop-ozone/integration-test/target/test-classes/webapps/static,UNAVAILABLE}
2019-09-21 03:25:35,938 [main] INFO  handler.ContextHandler (ContextHandler.java:doStop(910)) - Stopped o.e.j.s.ServletContextHandler@22b82ddf{/logs,file:///workdir/hadoop-ozone/integration-test/target/log,UNAVAILABLE}
2019-09-21 03:25:35,939 [main] INFO  server.StorageContainerManager (StorageContainerManager.java:stop(855)) - Stopping Block Manager Service.
2019-09-21 03:25:35,939 [main] INFO  utils.BackgroundService (BackgroundService.java:shutdown(148)) - Shutting down service SCMBlockDeletingService
2019-09-21 03:25:35,940 [main] INFO  utils.BackgroundService (BackgroundService.java:shutdown(148)) - Shutting down service SCMBlockDeletingService
2019-09-21 03:25:35,941 [main] INFO  server.StorageContainerManager (StorageContainerManager.java:stop(877)) - Stopping SCM Event Queue.
2019-09-21 03:25:35,947 [main] INFO  impl.MetricsSystemImpl (MetricsSystemImpl.java:stop(210)) - Stopping HddsDatanode metrics system...
2019-09-21 03:25:35,985 [main] INFO  impl.MetricsSystemImpl (MetricsSystemImpl.java:stop(216)) - HddsDatanode metrics system stopped.
]]></system-out>
    <system-err><![CDATA[Sep 21, 2019 3:25:20 AM org.apache.ratis.thirdparty.io.grpc.internal.SerializingExecutor run
SEVERE: Exception while executing runnable org.apache.ratis.thirdparty.io.grpc.internal.ServerImpl$JumpToApplicationThreadServerStreamListener$1Closed@53a02edd
org.apache.ratis.thirdparty.io.grpc.StatusRuntimeException: CANCELLED: call already cancelled
	at org.apache.ratis.thirdparty.io.grpc.Status.asRuntimeException(Status.java:517)
	at org.apache.ratis.thirdparty.io.grpc.stub.ServerCalls$ServerCallStreamObserverImpl.onCompleted(ServerCalls.java:356)
	at org.apache.ratis.grpc.server.GrpcServerProtocolService$ServerRequestStreamObserver.onError(GrpcServerProtocolService.java:121)
	at org.apache.ratis.thirdparty.io.grpc.stub.ServerCalls$StreamingServerCallHandler$StreamingServerCallListener.onCancel(ServerCalls.java:269)
	at org.apache.ratis.thirdparty.io.grpc.internal.ServerCallImpl$ServerStreamListenerImpl.closed(ServerCallImpl.java:293)
	at org.apache.ratis.thirdparty.io.grpc.internal.ServerImpl$JumpToApplicationThreadServerStreamListener$1Closed.runInContext(ServerImpl.java:741)
	at org.apache.ratis.thirdparty.io.grpc.internal.ContextRunnable.run(ContextRunnable.java:37)
	at org.apache.ratis.thirdparty.io.grpc.internal.SerializingExecutor.run(SerializingExecutor.java:123)
	at java.util.concurrent.ThreadPoolExecutor.runWorker(ThreadPoolExecutor.java:1149)
	at java.util.concurrent.ThreadPoolExecutor$Worker.run(ThreadPoolExecutor.java:624)
	at java.lang.Thread.run(Thread.java:748)

]]></system-err>
  </testcase>
  <testcase name="testExceptionDuringClose" classname="org.apache.hadoop.ozone.client.rpc.TestBlockOutputStreamWithFailures" time="38.074"/>
</testsuite>