<?xml version="1.0" encoding="UTF-8"?>
<testsuite xmlns:xsi="http://www.w3.org/2001/XMLSchema-instance" xsi:noNamespaceSchemaLocation="https://maven.apache.org/surefire/maven-surefire-plugin/xsd/surefire-test-report.xsd" name="org.apache.hadoop.ozone.client.rpc.TestWatchForCommit" time="208.247" tests="5" errors="2" skipped="0" failures="0">
  <properties>
    <property name="awt.toolkit" value="sun.awt.X11.XToolkit"/>
    <property name="file.encoding.pkg" value="sun.io"/>
    <property name="java.specification.version" value="1.8"/>
    <property name="sun.cpu.isalist" value=""/>
    <property name="sun.jnu.encoding" value="UTF-8"/>
    <property name="java.class.path" value="/workdir/hadoop-ozone/integration-test/target/test-classes:/workdir/hadoop-ozone/integration-test/target/classes:/home/user/.m2/repository/org/apache/hadoop/hadoop-ozone-common/0.5.0-SNAPSHOT/hadoop-ozone-common-0.5.0-SNAPSHOT.jar:/home/user/.m2/repository/org/apache/commons/commons-compress/1.4.1/commons-compress-1.4.1.jar:/home/user/.m2/repository/org/tukaani/xz/1.0/xz-1.0.jar:/home/user/.m2/repository/org/apache/hadoop/hadoop-common/3.2.0/hadoop-common-3.2.0.jar:/home/user/.m2/repository/org/apache/hadoop/hadoop-hdfs/3.2.0/hadoop-hdfs-3.2.0.jar:/home/user/.m2/repository/org/apache/hadoop/hadoop-hdfs-client/3.2.0/hadoop-hdfs-client-3.2.0.jar:/home/user/.m2/repository/com/fasterxml/jackson/core/jackson-annotations/2.9.5/jackson-annotations-2.9.5.jar:/home/user/.m2/repository/org/apache/hadoop/hadoop-hdds-common/0.5.0-SNAPSHOT/hadoop-hdds-common-0.5.0-SNAPSHOT.jar:/home/user/.m2/repository/javax/annotation/javax.annotation-api/1.2/javax.annotation-api-1.2.jar:/home/user/.m2/repository/org/apache/ratis/ratis-server/0.4.0-2337318-SNAPSHOT/ratis-server-0.4.0-2337318-SNAPSHOT.jar:/home/user/.m2/repository/org/apache/ratis/ratis-thirdparty-misc/0.2.0/ratis-thirdparty-misc-0.2.0.jar:/home/user/.m2/repository/org/apache/ratis/ratis-proto/0.4.0-2337318-SNAPSHOT/ratis-proto-0.4.0-2337318-SNAPSHOT.jar:/home/user/.m2/repository/org/apache/ratis/ratis-common/0.4.0-2337318-SNAPSHOT/ratis-common-0.4.0-2337318-SNAPSHOT.jar:/home/user/.m2/repository/org/apache/ratis/ratis-client/0.4.0-2337318-SNAPSHOT/ratis-client-0.4.0-2337318-SNAPSHOT.jar:/home/user/.m2/repository/org/apache/ratis/ratis-metrics/0.4.0-2337318-SNAPSHOT/ratis-metrics-0.4.0-2337318-SNAPSHOT.jar:/home/user/.m2/repository/org/apache/ratis/ratis-netty/0.4.0-2337318-SNAPSHOT/ratis-netty-0.4.0-2337318-SNAPSHOT.jar:/home/user/.m2/repository/org/apache/ratis/ratis-grpc/0.4.0-2337318-SNAPSHOT/ratis-grpc-0.4.0-2337318-SNAPSHOT.jar:/home/user/.m2/repository/org/rocksdb/rocksdbjni/6.0.1/rocksdbjni-6.0.1.jar:/home/user/.m2/repository/org/apache/logging/log4j/log4j-api/2.11.0/log4j-api-2.11.0.jar:/home/user/.m2/repository/org/apache/logging/log4j/log4j-core/2.11.0/log4j-core-2.11.0.jar:/home/user/.m2/repository/com/lmax/disruptor/3.4.2/disruptor-3.4.2.jar:/home/user/.m2/repository/org/apache/commons/commons-pool2/2.6.0/commons-pool2-2.6.0.jar:/home/user/.m2/repository/org/bouncycastle/bcpkix-jdk15on/1.60/bcpkix-jdk15on-1.60.jar:/home/user/.m2/repository/commons-validator/commons-validator/1.6/commons-validator-1.6.jar:/home/user/.m2/repository/commons-digester/commons-digester/1.8.1/commons-digester-1.8.1.jar:/home/user/.m2/repository/io/jaegertracing/jaeger-client/0.33.1/jaeger-client-0.33.1.jar:/home/user/.m2/repository/io/jaegertracing/jaeger-thrift/0.33.1/jaeger-thrift-0.33.1.jar:/home/user/.m2/repository/org/apache/thrift/libthrift/0.11.0/libthrift-0.11.0.jar:/home/user/.m2/repository/com/squareup/okhttp3/okhttp/3.9.0/okhttp-3.9.0.jar:/home/user/.m2/repository/com/squareup/okio/okio/1.13.0/okio-1.13.0.jar:/home/user/.m2/repository/io/jaegertracing/jaeger-core/0.33.1/jaeger-core-0.33.1.jar:/home/user/.m2/repository/io/jaegertracing/jaeger-tracerresolver/0.33.1/jaeger-tracerresolver-0.33.1.jar:/home/user/.m2/repository/io/opentracing/contrib/opentracing-tracerresolver/0.1.5/opentracing-tracerresolver-0.1.5.jar:/home/user/.m2/repository/io/opentracing/opentracing-util/0.31.0/opentracing-util-0.31.0.jar:/home/user/.m2/repository/io/opentracing/opentracing-api/0.31.0/opentracing-api-0.31.0.jar:/home/user/.m2/repository/io/opentracing/opentracing-noop/0.31.0/opentracing-noop-0.31.0.jar:/home/user/.m2/repository/org/apache/hadoop/hadoop-hdds-server-framework/0.5.0-SNAPSHOT/hadoop-hdds-server-framework-0.5.0-SNAPSHOT.jar:/home/user/.m2/repository/org/apache/hadoop/hadoop-hdds-container-service/0.5.0-SNAPSHOT/hadoop-hdds-container-service-0.5.0-SNAPSHOT.jar:/home/user/.m2/repository/org/apache/hadoop/hadoop-hdds-client/0.5.0-SNAPSHOT/hadoop-hdds-client-0.5.0-SNAPSHOT.jar:/home/user/.m2/repository/org/apache/hadoop/hadoop-hdds-tools/0.5.0-SNAPSHOT/hadoop-hdds-tools-0.5.0-SNAPSHOT.jar:/home/user/.m2/repository/org/apache/hadoop/hadoop-hdds-server-scm/0.5.0-SNAPSHOT/hadoop-hdds-server-scm-0.5.0-SNAPSHOT.jar:/home/user/.m2/repository/org/apache/hadoop/hadoop-hdds-docs/0.5.0-SNAPSHOT/hadoop-hdds-docs-0.5.0-SNAPSHOT.jar:/home/user/.m2/repository/io/dropwizard/metrics/metrics-core/3.2.4/metrics-core-3.2.4.jar:/home/user/.m2/repository/org/hamcrest/hamcrest-all/1.3/hamcrest-all-1.3.jar:/home/user/.m2/repository/org/bouncycastle/bcprov-jdk15on/1.60/bcprov-jdk15on-1.60.jar:/home/user/.m2/repository/info/picocli/picocli/3.9.6/picocli-3.9.6.jar:/home/user/.m2/repository/com/google/protobuf/protobuf-java/2.5.0/protobuf-java-2.5.0.jar:/home/user/.m2/repository/com/google/guava/guava/11.0.2/guava-11.0.2.jar:/home/user/.m2/repository/org/apache/hadoop/hadoop-ozone-ozone-manager/0.5.0-SNAPSHOT/hadoop-ozone-ozone-manager-0.5.0-SNAPSHOT.jar:/home/user/.m2/repository/org/apache/hadoop/hadoop-minikdc/3.2.0/hadoop-minikdc-3.2.0.jar:/home/user/.m2/repository/commons-io/commons-io/2.5/commons-io-2.5.jar:/home/user/.m2/repository/org/apache/kerby/kerb-simplekdc/1.0.1/kerb-simplekdc-1.0.1.jar:/home/user/.m2/repository/org/apache/kerby/kerb-client/1.0.1/kerb-client-1.0.1.jar:/home/user/.m2/repository/org/apache/kerby/kerby-config/1.0.1/kerby-config-1.0.1.jar:/home/user/.m2/repository/org/apache/kerby/kerb-core/1.0.1/kerb-core-1.0.1.jar:/home/user/.m2/repository/org/apache/kerby/kerby-pkix/1.0.1/kerby-pkix-1.0.1.jar:/home/user/.m2/repository/org/apache/kerby/kerby-asn1/1.0.1/kerby-asn1-1.0.1.jar:/home/user/.m2/repository/org/apache/kerby/kerby-util/1.0.1/kerby-util-1.0.1.jar:/home/user/.m2/repository/org/apache/kerby/kerb-common/1.0.1/kerb-common-1.0.1.jar:/home/user/.m2/repository/org/apache/kerby/kerb-crypto/1.0.1/kerb-crypto-1.0.1.jar:/home/user/.m2/repository/org/apache/kerby/kerb-util/1.0.1/kerb-util-1.0.1.jar:/home/user/.m2/repository/org/apache/kerby/token-provider/1.0.1/token-provider-1.0.1.jar:/home/user/.m2/repository/org/apache/kerby/kerb-admin/1.0.1/kerb-admin-1.0.1.jar:/home/user/.m2/repository/org/apache/kerby/kerb-server/1.0.1/kerb-server-1.0.1.jar:/home/user/.m2/repository/org/apache/kerby/kerb-identity/1.0.1/kerb-identity-1.0.1.jar:/home/user/.m2/repository/org/apache/kerby/kerby-xdr/1.0.1/kerby-xdr-1.0.1.jar:/home/user/.m2/repository/org/slf4j/slf4j-log4j12/1.7.25/slf4j-log4j12-1.7.25.jar:/home/user/.m2/repository/org/apache/hadoop/hadoop-ozone-objectstore-service/0.5.0-SNAPSHOT/hadoop-ozone-objectstore-service-0.5.0-SNAPSHOT.jar:/home/user/.m2/repository/org/apache/hadoop/hadoop-ozone-s3gateway/0.5.0-SNAPSHOT/hadoop-ozone-s3gateway-0.5.0-SNAPSHOT.jar:/home/user/.m2/repository/org/jboss/weld/servlet/weld-servlet/2.4.7.Final/weld-servlet-2.4.7.Final.jar:/home/user/.m2/repository/org/glassfish/jersey/containers/jersey-container-servlet-core/2.27/jersey-container-servlet-core-2.27.jar:/home/user/.m2/repository/org/glassfish/hk2/external/javax.inject/2.5.0-b42/javax.inject-2.5.0-b42.jar:/home/user/.m2/repository/org/glassfish/jersey/core/jersey-common/2.27/jersey-common-2.27.jar:/home/user/.m2/repository/org/glassfish/hk2/osgi-resource-locator/1.0.1/osgi-resource-locator-1.0.1.jar:/home/user/.m2/repository/javax/ws/rs/javax.ws.rs-api/2.1/javax.ws.rs-api-2.1.jar:/home/user/.m2/repository/org/glassfish/jersey/ext/cdi/jersey-cdi1x/2.27/jersey-cdi1x-2.27.jar:/home/user/.m2/repository/org/glassfish/jersey/inject/jersey-hk2/2.27/jersey-hk2-2.27.jar:/home/user/.m2/repository/org/glassfish/hk2/hk2-locator/2.5.0-b42/hk2-locator-2.5.0-b42.jar:/home/user/.m2/repository/org/javassist/javassist/3.22.0-CR2/javassist-3.22.0-CR2.jar:/home/user/.m2/repository/org/glassfish/hk2/hk2-api/2.5.0/hk2-api-2.5.0.jar:/home/user/.m2/repository/org/glassfish/hk2/external/jakarta.inject/2.5.0/jakarta.inject-2.5.0.jar:/home/user/.m2/repository/org/glassfish/hk2/hk2-utils/2.5.0/hk2-utils-2.5.0.jar:/home/user/.m2/repository/jakarta/annotation/jakarta.annotation-api/1.3.4/jakarta.annotation-api-1.3.4.jar:/home/user/.m2/repository/org/glassfish/hk2/external/aopalliance-repackaged/2.5.0/aopalliance-repackaged-2.5.0.jar:/home/user/.m2/repository/com/fasterxml/jackson/dataformat/jackson-dataformat-xml/2.9.0/jackson-dataformat-xml-2.9.0.jar:/home/user/.m2/repository/com/fasterxml/jackson/core/jackson-core/2.9.5/jackson-core-2.9.5.jar:/home/user/.m2/repository/com/fasterxml/jackson/module/jackson-module-jaxb-annotations/2.9.5/jackson-module-jaxb-annotations-2.9.5.jar:/home/user/.m2/repository/javax/enterprise/cdi-api/1.2/cdi-api-1.2.jar:/home/user/.m2/repository/javax/el/javax.el-api/3.0.0/javax.el-api-3.0.0.jar:/home/user/.m2/repository/javax/interceptor/javax.interceptor-api/1.2/javax.interceptor-api-1.2.jar:/home/user/.m2/repository/javax/inject/javax.inject/1/javax.inject-1.jar:/home/user/.m2/repository/com/sun/xml/bind/jaxb-impl/2.3.0.1/jaxb-impl-2.3.0.1.jar:/home/user/.m2/repository/com/sun/xml/bind/jaxb-core/2.3.0.1/jaxb-core-2.3.0.1.jar:/home/user/.m2/repository/javax/xml/bind/jaxb-api/2.3.0/jaxb-api-2.3.0.jar:/home/user/.m2/repository/javax/activation/activation/1.1.1/activation-1.1.1.jar:/home/user/.m2/repository/org/apache/hadoop/hadoop-ozone-csi/0.5.0-SNAPSHOT/hadoop-ozone-csi-0.5.0-SNAPSHOT.jar:/home/user/.m2/repository/com/google/protobuf/protobuf-java-util/3.5.1/protobuf-java-util-3.5.1.jar:/home/user/.m2/repository/org/apache/hadoop/hadoop-hdds-config/0.5.0-SNAPSHOT/hadoop-hdds-config-0.5.0-SNAPSHOT.jar:/home/user/.m2/repository/io/grpc/grpc-netty/1.17.1/grpc-netty-1.17.1.jar:/home/user/.m2/repository/io/grpc/grpc-core/1.17.1/grpc-core-1.17.1.jar:/home/user/.m2/repository/io/grpc/grpc-context/1.17.1/grpc-context-1.17.1.jar:/home/user/.m2/repository/com/google/errorprone/error_prone_annotations/2.2.0/error_prone_annotations-2.2.0.jar:/home/user/.m2/repository/org/codehaus/mojo/animal-sniffer-annotations/1.17/animal-sniffer-annotations-1.17.jar:/home/user/.m2/repository/io/opencensus/opencensus-api/0.17.0/opencensus-api-0.17.0.jar:/home/user/.m2/repository/io/opencensus/opencensus-contrib-grpc-metrics/0.17.0/opencensus-contrib-grpc-metrics-0.17.0.jar:/home/user/.m2/repository/io/netty/netty-codec-http2/4.1.30.Final/netty-codec-http2-4.1.30.Final.jar:/home/user/.m2/repository/io/netty/netty-codec-http/4.1.30.Final/netty-codec-http-4.1.30.Final.jar:/home/user/.m2/repository/io/netty/netty-codec/4.1.30.Final/netty-codec-4.1.30.Final.jar:/home/user/.m2/repository/io/netty/netty-handler/4.1.30.Final/netty-handler-4.1.30.Final.jar:/home/user/.m2/repository/io/netty/netty-handler-proxy/4.1.30.Final/netty-handler-proxy-4.1.30.Final.jar:/home/user/.m2/repository/io/netty/netty-codec-socks/4.1.30.Final/netty-codec-socks-4.1.30.Final.jar:/home/user/.m2/repository/io/netty/netty-transport-native-epoll/4.1.30.Final/netty-transport-native-epoll-4.1.30.Final.jar:/home/user/.m2/repository/io/netty/netty-common/4.1.30.Final/netty-common-4.1.30.Final.jar:/home/user/.m2/repository/io/netty/netty-buffer/4.1.30.Final/netty-buffer-4.1.30.Final.jar:/home/user/.m2/repository/io/netty/netty-transport/4.1.30.Final/netty-transport-4.1.30.Final.jar:/home/user/.m2/repository/io/netty/netty-resolver/4.1.30.Final/netty-resolver-4.1.30.Final.jar:/home/user/.m2/repository/io/netty/netty-transport-native-unix-common/4.1.30.Final/netty-transport-native-unix-common-4.1.30.Final.jar:/home/user/.m2/repository/io/grpc/grpc-protobuf/1.17.1/grpc-protobuf-1.17.1.jar:/home/user/.m2/repository/com/google/api/grpc/proto-google-common-protos/1.0.0/proto-google-common-protos-1.0.0.jar:/home/user/.m2/repository/io/grpc/grpc-protobuf-lite/1.17.1/grpc-protobuf-lite-1.17.1.jar:/home/user/.m2/repository/io/grpc/grpc-stub/1.17.1/grpc-stub-1.17.1.jar:/home/user/.m2/repository/org/apache/hadoop/hadoop-ozone-recon/0.5.0-SNAPSHOT/hadoop-ozone-recon-0.5.0-SNAPSHOT.jar:/home/user/.m2/repository/org/apache/hadoop/hadoop-ozone-reconcodegen/0.5.0-SNAPSHOT/hadoop-ozone-reconcodegen-0.5.0-SNAPSHOT.jar:/home/user/.m2/repository/com/google/inject/extensions/guice-multibindings/4.0/guice-multibindings-4.0.jar:/home/user/.m2/repository/com/google/inject/guice/4.0/guice-4.0.jar:/home/user/.m2/repository/aopalliance/aopalliance/1.0/aopalliance-1.0.jar:/home/user/.m2/repository/com/google/inject/extensions/guice-servlet/4.0/guice-servlet-4.0.jar:/home/user/.m2/repository/org/glassfish/jersey/containers/jersey-container-servlet/2.27/jersey-container-servlet-2.27.jar:/home/user/.m2/repository/org/glassfish/hk2/guice-bridge/2.5.0/guice-bridge-2.5.0.jar:/home/user/.m2/repository/org/glassfish/jersey/core/jersey-server/2.27/jersey-server-2.27.jar:/home/user/.m2/repository/org/glassfish/jersey/core/jersey-client/2.27/jersey-client-2.27.jar:/home/user/.m2/repository/org/glassfish/jersey/media/jersey-media-jaxb/2.27/jersey-media-jaxb-2.27.jar:/home/user/.m2/repository/javax/validation/validation-api/1.1.0.Final/validation-api-1.1.0.Final.jar:/home/user/.m2/repository/org/glassfish/jersey/media/jersey-media-json-jackson/2.27/jersey-media-json-jackson-2.27.jar:/home/user/.m2/repository/org/glassfish/jersey/ext/jersey-entity-filtering/2.27/jersey-entity-filtering-2.27.jar:/home/user/.m2/repository/com/google/inject/extensions/guice-assistedinject/4.0/guice-assistedinject-4.0.jar:/home/user/.m2/repository/org/jooq/jooq/3.11.10/jooq-3.11.10.jar:/home/user/.m2/repository/org/jooq/jooq-meta/3.11.10/jooq-meta-3.11.10.jar:/home/user/.m2/repository/org/jooq/jooq-codegen/3.11.10/jooq-codegen-3.11.10.jar:/home/user/.m2/repository/com/jolbox/bonecp/0.8.0.RELEASE/bonecp-0.8.0.RELEASE.jar:/home/user/.m2/repository/org/xerial/sqlite-jdbc/3.25.2/sqlite-jdbc-3.25.2.jar:/home/user/.m2/repository/org/springframework/spring-jdbc/5.1.3.RELEASE/spring-jdbc-5.1.3.RELEASE.jar:/home/user/.m2/repository/org/springframework/spring-beans/5.1.3.RELEASE/spring-beans-5.1.3.RELEASE.jar:/home/user/.m2/repository/org/springframework/spring-core/5.1.3.RELEASE/spring-core-5.1.3.RELEASE.jar:/home/user/.m2/repository/org/springframework/spring-jcl/5.1.3.RELEASE/spring-jcl-5.1.3.RELEASE.jar:/home/user/.m2/repository/org/springframework/spring-tx/5.1.3.RELEASE/spring-tx-5.1.3.RELEASE.jar:/home/user/.m2/repository/org/apache/hadoop/hadoop-ozone-client/0.5.0-SNAPSHOT/hadoop-ozone-client-0.5.0-SNAPSHOT.jar:/home/user/.m2/repository/commons-lang/commons-lang/2.6/commons-lang-2.6.jar:/home/user/.m2/repository/org/apache/hadoop/hadoop-ozone-ozone-manager/0.5.0-SNAPSHOT/hadoop-ozone-ozone-manager-0.5.0-SNAPSHOT-tests.jar:/home/user/.m2/repository/junit/junit/4.11/junit-4.11.jar:/home/user/.m2/repository/org/hamcrest/hamcrest-core/1.3/hamcrest-core-1.3.jar:/home/user/.m2/repository/org/openjdk/jmh/jmh-core/1.19/jmh-core-1.19.jar:/home/user/.m2/repository/net/sf/jopt-simple/jopt-simple/4.6/jopt-simple-4.6.jar:/home/user/.m2/repository/org/apache/commons/commons-math3/3.1.1/commons-math3-3.1.1.jar:/home/user/.m2/repository/org/openjdk/jmh/jmh-generator-annprocess/1.19/jmh-generator-annprocess-1.19.jar:/home/user/.m2/repository/org/mockito/mockito-all/1.8.5/mockito-all-1.8.5.jar:/home/user/.m2/repository/org/apache/hadoop/hadoop-kms/3.2.0/hadoop-kms-3.2.0.jar:/home/user/.m2/repository/org/apache/hadoop/hadoop-auth/3.2.0/hadoop-auth-3.2.0.jar:/home/user/.m2/repository/com/nimbusds/nimbus-jose-jwt/4.41.1/nimbus-jose-jwt-4.41.1.jar:/home/user/.m2/repository/com/github/stephenc/jcip/jcip-annotations/1.0-1/jcip-annotations-1.0-1.jar:/home/user/.m2/repository/net/minidev/json-smart/2.3/json-smart-2.3.jar:/home/user/.m2/repository/net/minidev/accessors-smart/1.2/accessors-smart-1.2.jar:/home/user/.m2/repository/org/ow2/asm/asm/5.0.4/asm-5.0.4.jar:/home/user/.m2/repository/org/apache/curator/curator-framework/2.12.0/curator-framework-2.12.0.jar:/home/user/.m2/repository/com/sun/jersey/jersey-core/1.19/jersey-core-1.19.jar:/home/user/.m2/repository/javax/ws/rs/jsr311-api/1.1.1/jsr311-api-1.1.1.jar:/home/user/.m2/repository/com/sun/jersey/jersey-server/1.19/jersey-server-1.19.jar:/home/user/.m2/repository/javax/servlet/javax.servlet-api/3.1.0/javax.servlet-api-3.1.0.jar:/home/user/.m2/repository/org/eclipse/jetty/jetty-server/9.3.24.v20180605/jetty-server-9.3.24.v20180605.jar:/home/user/.m2/repository/org/eclipse/jetty/jetty-http/9.3.24.v20180605/jetty-http-9.3.24.v20180605.jar:/home/user/.m2/repository/org/eclipse/jetty/jetty-io/9.3.24.v20180605/jetty-io-9.3.24.v20180605.jar:/home/user/.m2/repository/org/eclipse/jetty/jetty-webapp/9.3.24.v20180605/jetty-webapp-9.3.24.v20180605.jar:/home/user/.m2/repository/org/eclipse/jetty/jetty-xml/9.3.24.v20180605/jetty-xml-9.3.24.v20180605.jar:/home/user/.m2/repository/log4j/log4j/1.2.17/log4j-1.2.17.jar:/home/user/.m2/repository/org/slf4j/slf4j-api/1.7.25/slf4j-api-1.7.25.jar:/home/user/.m2/repository/org/slf4j/jul-to-slf4j/1.7.25/jul-to-slf4j-1.7.25.jar:/home/user/.m2/repository/org/eclipse/jetty/jetty-util/9.3.24.v20180605/jetty-util-9.3.24.v20180605.jar:/home/user/.m2/repository/com/fasterxml/jackson/core/jackson-databind/2.9.5/jackson-databind-2.9.5.jar:/home/user/.m2/repository/org/apache/hadoop/hadoop-kms/3.2.0/hadoop-kms-3.2.0-tests.jar:/home/user/.m2/repository/org/apache/hadoop/hadoop-hdds-server-scm/0.5.0-SNAPSHOT/hadoop-hdds-server-scm-0.5.0-SNAPSHOT-tests.jar:/home/user/.m2/repository/org/apache/hadoop/hadoop-hdds-container-service/0.5.0-SNAPSHOT/hadoop-hdds-container-service-0.5.0-SNAPSHOT-tests.jar:/home/user/.m2/repository/org/yaml/snakeyaml/1.16/snakeyaml-1.16.jar:/home/user/.m2/repository/org/apache/hadoop/hadoop-common/3.2.0/hadoop-common-3.2.0-tests.jar:/home/user/.m2/repository/org/apache/hadoop/hadoop-annotations/3.2.0/hadoop-annotations-3.2.0.jar:/usr/lib/jvm/java-1.8-openjdk/jre/../lib/tools.jar:/home/user/.m2/repository/commons-cli/commons-cli/1.2/commons-cli-1.2.jar:/home/user/.m2/repository/org/apache/httpcomponents/httpclient/4.5.2/httpclient-4.5.2.jar:/home/user/.m2/repository/org/apache/httpcomponents/httpcore/4.4.4/httpcore-4.4.4.jar:/home/user/.m2/repository/commons-codec/commons-codec/1.11/commons-codec-1.11.jar:/home/user/.m2/repository/commons-net/commons-net/3.6/commons-net-3.6.jar:/home/user/.m2/repository/commons-collections/commons-collections/3.2.2/commons-collections-3.2.2.jar:/home/user/.m2/repository/org/eclipse/jetty/jetty-servlet/9.3.24.v20180605/jetty-servlet-9.3.24.v20180605.jar:/home/user/.m2/repository/org/eclipse/jetty/jetty-security/9.3.24.v20180605/jetty-security-9.3.24.v20180605.jar:/home/user/.m2/repository/javax/servlet/jsp/jsp-api/2.1/jsp-api-2.1.jar:/home/user/.m2/repository/com/sun/jersey/jersey-servlet/1.19/jersey-servlet-1.19.jar:/home/user/.m2/repository/com/sun/jersey/jersey-json/1.19/jersey-json-1.19.jar:/home/user/.m2/repository/org/codehaus/jettison/jettison/1.1/jettison-1.1.jar:/home/user/.m2/repository/org/codehaus/jackson/jackson-core-asl/1.9.13/jackson-core-asl-1.9.13.jar:/home/user/.m2/repository/org/codehaus/jackson/jackson-mapper-asl/1.9.13/jackson-mapper-asl-1.9.13.jar:/home/user/.m2/repository/org/codehaus/jackson/jackson-jaxrs/1.9.13/jackson-jaxrs-1.9.13.jar:/home/user/.m2/repository/org/codehaus/jackson/jackson-xc/1.9.13/jackson-xc-1.9.13.jar:/home/user/.m2/repository/commons-logging/commons-logging/1.1.3/commons-logging-1.1.3.jar:/home/user/.m2/repository/commons-beanutils/commons-beanutils/1.9.3/commons-beanutils-1.9.3.jar:/home/user/.m2/repository/org/apache/commons/commons-configuration2/2.1.1/commons-configuration2-2.1.1.jar:/home/user/.m2/repository/org/apache/commons/commons-lang3/3.7/commons-lang3-3.7.jar:/home/user/.m2/repository/org/apache/commons/commons-text/1.4/commons-text-1.4.jar:/home/user/.m2/repository/org/apache/avro/avro/1.7.7/avro-1.7.7.jar:/home/user/.m2/repository/com/thoughtworks/paranamer/paranamer/2.3/paranamer-2.3.jar:/home/user/.m2/repository/org/xerial/snappy/snappy-java/1.0.5/snappy-java-1.0.5.jar:/home/user/.m2/repository/com/google/re2j/re2j/1.1/re2j-1.1.jar:/home/user/.m2/repository/com/google/code/gson/gson/2.2.4/gson-2.2.4.jar:/home/user/.m2/repository/com/jcraft/jsch/0.1.54/jsch-0.1.54.jar:/home/user/.m2/repository/org/apache/curator/curator-client/2.12.0/curator-client-2.12.0.jar:/home/user/.m2/repository/org/apache/curator/curator-recipes/2.12.0/curator-recipes-2.12.0.jar:/home/user/.m2/repository/com/google/code/findbugs/jsr305/3.0.0/jsr305-3.0.0.jar:/home/user/.m2/repository/org/apache/htrace/htrace-core4/4.1.0-incubating/htrace-core4-4.1.0-incubating.jar:/home/user/.m2/repository/org/apache/zookeeper/zookeeper/3.4.13/zookeeper-3.4.13.jar:/home/user/.m2/repository/org/apache/yetus/audience-annotations/0.5.0/audience-annotations-0.5.0.jar:/home/user/.m2/repository/org/codehaus/woodstox/stax2-api/3.1.4/stax2-api-3.1.4.jar:/home/user/.m2/repository/com/fasterxml/woodstox/woodstox-core/5.0.3/woodstox-core-5.0.3.jar:/home/user/.m2/repository/dnsjava/dnsjava/2.1.7/dnsjava-2.1.7.jar:/home/user/.m2/repository/org/apache/hadoop/hadoop-hdfs/3.2.0/hadoop-hdfs-3.2.0-tests.jar:/home/user/.m2/repository/org/eclipse/jetty/jetty-util-ajax/9.3.24.v20180605/jetty-util-ajax-9.3.24.v20180605.jar:/home/user/.m2/repository/commons-daemon/commons-daemon/1.0.13/commons-daemon-1.0.13.jar:/home/user/.m2/repository/io/netty/netty/3.10.5.Final/netty-3.10.5.Final.jar:/home/user/.m2/repository/io/netty/netty-all/4.0.52.Final/netty-all-4.0.52.Final.jar:/home/user/.m2/repository/org/fusesource/leveldbjni/leveldbjni-all/1.8/leveldbjni-all-1.8.jar:"/>
    <property name="java.vm.vendor" value="IcedTea"/>
    <property name="sun.arch.data.model" value="64"/>
    <property name="test.build.dir" value="/workdir/hadoop-ozone/integration-test/target/test-dir"/>
    <property name="test.cache.data" value=""/>
    <property name="java.vendor.url" value="https://icedtea.classpath.org"/>
    <property name="user.timezone" value=""/>
    <property name="java.vm.specification.version" value="1.8"/>
    <property name="os.name" value="Linux"/>
    <property name="test.build.data" value="/workdir/hadoop-ozone/integration-test/target/test-dir"/>
    <property name="user.country" value="US"/>
    <property name="sun.java.launcher" value="SUN_STANDARD"/>
    <property name="sun.boot.library.path" value="/usr/lib/jvm/java-1.8-openjdk/jre/lib/amd64"/>
    <property name="sun.java.command" value="/workdir/hadoop-ozone/integration-test/target/surefire/surefirebooter7778082303974846644.jar /workdir/hadoop-ozone/integration-test/target/surefire 2019-08-22T11-39-54_199-jvmRun1 surefire6958349922143948252tmp surefire_191075159746896897432tmp"/>
    <property name="test" value="!TestMiniChaosOzoneCluster"/>
    <property name="surefire.test.class.path" value="/workdir/hadoop-ozone/integration-test/target/test-classes:/workdir/hadoop-ozone/integration-test/target/classes:/home/user/.m2/repository/org/apache/hadoop/hadoop-ozone-common/0.5.0-SNAPSHOT/hadoop-ozone-common-0.5.0-SNAPSHOT.jar:/home/user/.m2/repository/org/apache/commons/commons-compress/1.4.1/commons-compress-1.4.1.jar:/home/user/.m2/repository/org/tukaani/xz/1.0/xz-1.0.jar:/home/user/.m2/repository/org/apache/hadoop/hadoop-common/3.2.0/hadoop-common-3.2.0.jar:/home/user/.m2/repository/org/apache/hadoop/hadoop-hdfs/3.2.0/hadoop-hdfs-3.2.0.jar:/home/user/.m2/repository/org/apache/hadoop/hadoop-hdfs-client/3.2.0/hadoop-hdfs-client-3.2.0.jar:/home/user/.m2/repository/com/fasterxml/jackson/core/jackson-annotations/2.9.5/jackson-annotations-2.9.5.jar:/home/user/.m2/repository/org/apache/hadoop/hadoop-hdds-common/0.5.0-SNAPSHOT/hadoop-hdds-common-0.5.0-SNAPSHOT.jar:/home/user/.m2/repository/javax/annotation/javax.annotation-api/1.2/javax.annotation-api-1.2.jar:/home/user/.m2/repository/org/apache/ratis/ratis-server/0.4.0-2337318-SNAPSHOT/ratis-server-0.4.0-2337318-SNAPSHOT.jar:/home/user/.m2/repository/org/apache/ratis/ratis-thirdparty-misc/0.2.0/ratis-thirdparty-misc-0.2.0.jar:/home/user/.m2/repository/org/apache/ratis/ratis-proto/0.4.0-2337318-SNAPSHOT/ratis-proto-0.4.0-2337318-SNAPSHOT.jar:/home/user/.m2/repository/org/apache/ratis/ratis-common/0.4.0-2337318-SNAPSHOT/ratis-common-0.4.0-2337318-SNAPSHOT.jar:/home/user/.m2/repository/org/apache/ratis/ratis-client/0.4.0-2337318-SNAPSHOT/ratis-client-0.4.0-2337318-SNAPSHOT.jar:/home/user/.m2/repository/org/apache/ratis/ratis-metrics/0.4.0-2337318-SNAPSHOT/ratis-metrics-0.4.0-2337318-SNAPSHOT.jar:/home/user/.m2/repository/org/apache/ratis/ratis-netty/0.4.0-2337318-SNAPSHOT/ratis-netty-0.4.0-2337318-SNAPSHOT.jar:/home/user/.m2/repository/org/apache/ratis/ratis-grpc/0.4.0-2337318-SNAPSHOT/ratis-grpc-0.4.0-2337318-SNAPSHOT.jar:/home/user/.m2/repository/org/rocksdb/rocksdbjni/6.0.1/rocksdbjni-6.0.1.jar:/home/user/.m2/repository/org/apache/logging/log4j/log4j-api/2.11.0/log4j-api-2.11.0.jar:/home/user/.m2/repository/org/apache/logging/log4j/log4j-core/2.11.0/log4j-core-2.11.0.jar:/home/user/.m2/repository/com/lmax/disruptor/3.4.2/disruptor-3.4.2.jar:/home/user/.m2/repository/org/apache/commons/commons-pool2/2.6.0/commons-pool2-2.6.0.jar:/home/user/.m2/repository/org/bouncycastle/bcpkix-jdk15on/1.60/bcpkix-jdk15on-1.60.jar:/home/user/.m2/repository/commons-validator/commons-validator/1.6/commons-validator-1.6.jar:/home/user/.m2/repository/commons-digester/commons-digester/1.8.1/commons-digester-1.8.1.jar:/home/user/.m2/repository/io/jaegertracing/jaeger-client/0.33.1/jaeger-client-0.33.1.jar:/home/user/.m2/repository/io/jaegertracing/jaeger-thrift/0.33.1/jaeger-thrift-0.33.1.jar:/home/user/.m2/repository/org/apache/thrift/libthrift/0.11.0/libthrift-0.11.0.jar:/home/user/.m2/repository/com/squareup/okhttp3/okhttp/3.9.0/okhttp-3.9.0.jar:/home/user/.m2/repository/com/squareup/okio/okio/1.13.0/okio-1.13.0.jar:/home/user/.m2/repository/io/jaegertracing/jaeger-core/0.33.1/jaeger-core-0.33.1.jar:/home/user/.m2/repository/io/jaegertracing/jaeger-tracerresolver/0.33.1/jaeger-tracerresolver-0.33.1.jar:/home/user/.m2/repository/io/opentracing/contrib/opentracing-tracerresolver/0.1.5/opentracing-tracerresolver-0.1.5.jar:/home/user/.m2/repository/io/opentracing/opentracing-util/0.31.0/opentracing-util-0.31.0.jar:/home/user/.m2/repository/io/opentracing/opentracing-api/0.31.0/opentracing-api-0.31.0.jar:/home/user/.m2/repository/io/opentracing/opentracing-noop/0.31.0/opentracing-noop-0.31.0.jar:/home/user/.m2/repository/org/apache/hadoop/hadoop-hdds-server-framework/0.5.0-SNAPSHOT/hadoop-hdds-server-framework-0.5.0-SNAPSHOT.jar:/home/user/.m2/repository/org/apache/hadoop/hadoop-hdds-container-service/0.5.0-SNAPSHOT/hadoop-hdds-container-service-0.5.0-SNAPSHOT.jar:/home/user/.m2/repository/org/apache/hadoop/hadoop-hdds-client/0.5.0-SNAPSHOT/hadoop-hdds-client-0.5.0-SNAPSHOT.jar:/home/user/.m2/repository/org/apache/hadoop/hadoop-hdds-tools/0.5.0-SNAPSHOT/hadoop-hdds-tools-0.5.0-SNAPSHOT.jar:/home/user/.m2/repository/org/apache/hadoop/hadoop-hdds-server-scm/0.5.0-SNAPSHOT/hadoop-hdds-server-scm-0.5.0-SNAPSHOT.jar:/home/user/.m2/repository/org/apache/hadoop/hadoop-hdds-docs/0.5.0-SNAPSHOT/hadoop-hdds-docs-0.5.0-SNAPSHOT.jar:/home/user/.m2/repository/io/dropwizard/metrics/metrics-core/3.2.4/metrics-core-3.2.4.jar:/home/user/.m2/repository/org/hamcrest/hamcrest-all/1.3/hamcrest-all-1.3.jar:/home/user/.m2/repository/org/bouncycastle/bcprov-jdk15on/1.60/bcprov-jdk15on-1.60.jar:/home/user/.m2/repository/info/picocli/picocli/3.9.6/picocli-3.9.6.jar:/home/user/.m2/repository/com/google/protobuf/protobuf-java/2.5.0/protobuf-java-2.5.0.jar:/home/user/.m2/repository/com/google/guava/guava/11.0.2/guava-11.0.2.jar:/home/user/.m2/repository/org/apache/hadoop/hadoop-ozone-ozone-manager/0.5.0-SNAPSHOT/hadoop-ozone-ozone-manager-0.5.0-SNAPSHOT.jar:/home/user/.m2/repository/org/apache/hadoop/hadoop-minikdc/3.2.0/hadoop-minikdc-3.2.0.jar:/home/user/.m2/repository/commons-io/commons-io/2.5/commons-io-2.5.jar:/home/user/.m2/repository/org/apache/kerby/kerb-simplekdc/1.0.1/kerb-simplekdc-1.0.1.jar:/home/user/.m2/repository/org/apache/kerby/kerb-client/1.0.1/kerb-client-1.0.1.jar:/home/user/.m2/repository/org/apache/kerby/kerby-config/1.0.1/kerby-config-1.0.1.jar:/home/user/.m2/repository/org/apache/kerby/kerb-core/1.0.1/kerb-core-1.0.1.jar:/home/user/.m2/repository/org/apache/kerby/kerby-pkix/1.0.1/kerby-pkix-1.0.1.jar:/home/user/.m2/repository/org/apache/kerby/kerby-asn1/1.0.1/kerby-asn1-1.0.1.jar:/home/user/.m2/repository/org/apache/kerby/kerby-util/1.0.1/kerby-util-1.0.1.jar:/home/user/.m2/repository/org/apache/kerby/kerb-common/1.0.1/kerb-common-1.0.1.jar:/home/user/.m2/repository/org/apache/kerby/kerb-crypto/1.0.1/kerb-crypto-1.0.1.jar:/home/user/.m2/repository/org/apache/kerby/kerb-util/1.0.1/kerb-util-1.0.1.jar:/home/user/.m2/repository/org/apache/kerby/token-provider/1.0.1/token-provider-1.0.1.jar:/home/user/.m2/repository/org/apache/kerby/kerb-admin/1.0.1/kerb-admin-1.0.1.jar:/home/user/.m2/repository/org/apache/kerby/kerb-server/1.0.1/kerb-server-1.0.1.jar:/home/user/.m2/repository/org/apache/kerby/kerb-identity/1.0.1/kerb-identity-1.0.1.jar:/home/user/.m2/repository/org/apache/kerby/kerby-xdr/1.0.1/kerby-xdr-1.0.1.jar:/home/user/.m2/repository/org/slf4j/slf4j-log4j12/1.7.25/slf4j-log4j12-1.7.25.jar:/home/user/.m2/repository/org/apache/hadoop/hadoop-ozone-objectstore-service/0.5.0-SNAPSHOT/hadoop-ozone-objectstore-service-0.5.0-SNAPSHOT.jar:/home/user/.m2/repository/org/apache/hadoop/hadoop-ozone-s3gateway/0.5.0-SNAPSHOT/hadoop-ozone-s3gateway-0.5.0-SNAPSHOT.jar:/home/user/.m2/repository/org/jboss/weld/servlet/weld-servlet/2.4.7.Final/weld-servlet-2.4.7.Final.jar:/home/user/.m2/repository/org/glassfish/jersey/containers/jersey-container-servlet-core/2.27/jersey-container-servlet-core-2.27.jar:/home/user/.m2/repository/org/glassfish/hk2/external/javax.inject/2.5.0-b42/javax.inject-2.5.0-b42.jar:/home/user/.m2/repository/org/glassfish/jersey/core/jersey-common/2.27/jersey-common-2.27.jar:/home/user/.m2/repository/org/glassfish/hk2/osgi-resource-locator/1.0.1/osgi-resource-locator-1.0.1.jar:/home/user/.m2/repository/javax/ws/rs/javax.ws.rs-api/2.1/javax.ws.rs-api-2.1.jar:/home/user/.m2/repository/org/glassfish/jersey/ext/cdi/jersey-cdi1x/2.27/jersey-cdi1x-2.27.jar:/home/user/.m2/repository/org/glassfish/jersey/inject/jersey-hk2/2.27/jersey-hk2-2.27.jar:/home/user/.m2/repository/org/glassfish/hk2/hk2-locator/2.5.0-b42/hk2-locator-2.5.0-b42.jar:/home/user/.m2/repository/org/javassist/javassist/3.22.0-CR2/javassist-3.22.0-CR2.jar:/home/user/.m2/repository/org/glassfish/hk2/hk2-api/2.5.0/hk2-api-2.5.0.jar:/home/user/.m2/repository/org/glassfish/hk2/external/jakarta.inject/2.5.0/jakarta.inject-2.5.0.jar:/home/user/.m2/repository/org/glassfish/hk2/hk2-utils/2.5.0/hk2-utils-2.5.0.jar:/home/user/.m2/repository/jakarta/annotation/jakarta.annotation-api/1.3.4/jakarta.annotation-api-1.3.4.jar:/home/user/.m2/repository/org/glassfish/hk2/external/aopalliance-repackaged/2.5.0/aopalliance-repackaged-2.5.0.jar:/home/user/.m2/repository/com/fasterxml/jackson/dataformat/jackson-dataformat-xml/2.9.0/jackson-dataformat-xml-2.9.0.jar:/home/user/.m2/repository/com/fasterxml/jackson/core/jackson-core/2.9.5/jackson-core-2.9.5.jar:/home/user/.m2/repository/com/fasterxml/jackson/module/jackson-module-jaxb-annotations/2.9.5/jackson-module-jaxb-annotations-2.9.5.jar:/home/user/.m2/repository/javax/enterprise/cdi-api/1.2/cdi-api-1.2.jar:/home/user/.m2/repository/javax/el/javax.el-api/3.0.0/javax.el-api-3.0.0.jar:/home/user/.m2/repository/javax/interceptor/javax.interceptor-api/1.2/javax.interceptor-api-1.2.jar:/home/user/.m2/repository/javax/inject/javax.inject/1/javax.inject-1.jar:/home/user/.m2/repository/com/sun/xml/bind/jaxb-impl/2.3.0.1/jaxb-impl-2.3.0.1.jar:/home/user/.m2/repository/com/sun/xml/bind/jaxb-core/2.3.0.1/jaxb-core-2.3.0.1.jar:/home/user/.m2/repository/javax/xml/bind/jaxb-api/2.3.0/jaxb-api-2.3.0.jar:/home/user/.m2/repository/javax/activation/activation/1.1.1/activation-1.1.1.jar:/home/user/.m2/repository/org/apache/hadoop/hadoop-ozone-csi/0.5.0-SNAPSHOT/hadoop-ozone-csi-0.5.0-SNAPSHOT.jar:/home/user/.m2/repository/com/google/protobuf/protobuf-java-util/3.5.1/protobuf-java-util-3.5.1.jar:/home/user/.m2/repository/org/apache/hadoop/hadoop-hdds-config/0.5.0-SNAPSHOT/hadoop-hdds-config-0.5.0-SNAPSHOT.jar:/home/user/.m2/repository/io/grpc/grpc-netty/1.17.1/grpc-netty-1.17.1.jar:/home/user/.m2/repository/io/grpc/grpc-core/1.17.1/grpc-core-1.17.1.jar:/home/user/.m2/repository/io/grpc/grpc-context/1.17.1/grpc-context-1.17.1.jar:/home/user/.m2/repository/com/google/errorprone/error_prone_annotations/2.2.0/error_prone_annotations-2.2.0.jar:/home/user/.m2/repository/org/codehaus/mojo/animal-sniffer-annotations/1.17/animal-sniffer-annotations-1.17.jar:/home/user/.m2/repository/io/opencensus/opencensus-api/0.17.0/opencensus-api-0.17.0.jar:/home/user/.m2/repository/io/opencensus/opencensus-contrib-grpc-metrics/0.17.0/opencensus-contrib-grpc-metrics-0.17.0.jar:/home/user/.m2/repository/io/netty/netty-codec-http2/4.1.30.Final/netty-codec-http2-4.1.30.Final.jar:/home/user/.m2/repository/io/netty/netty-codec-http/4.1.30.Final/netty-codec-http-4.1.30.Final.jar:/home/user/.m2/repository/io/netty/netty-codec/4.1.30.Final/netty-codec-4.1.30.Final.jar:/home/user/.m2/repository/io/netty/netty-handler/4.1.30.Final/netty-handler-4.1.30.Final.jar:/home/user/.m2/repository/io/netty/netty-handler-proxy/4.1.30.Final/netty-handler-proxy-4.1.30.Final.jar:/home/user/.m2/repository/io/netty/netty-codec-socks/4.1.30.Final/netty-codec-socks-4.1.30.Final.jar:/home/user/.m2/repository/io/netty/netty-transport-native-epoll/4.1.30.Final/netty-transport-native-epoll-4.1.30.Final.jar:/home/user/.m2/repository/io/netty/netty-common/4.1.30.Final/netty-common-4.1.30.Final.jar:/home/user/.m2/repository/io/netty/netty-buffer/4.1.30.Final/netty-buffer-4.1.30.Final.jar:/home/user/.m2/repository/io/netty/netty-transport/4.1.30.Final/netty-transport-4.1.30.Final.jar:/home/user/.m2/repository/io/netty/netty-resolver/4.1.30.Final/netty-resolver-4.1.30.Final.jar:/home/user/.m2/repository/io/netty/netty-transport-native-unix-common/4.1.30.Final/netty-transport-native-unix-common-4.1.30.Final.jar:/home/user/.m2/repository/io/grpc/grpc-protobuf/1.17.1/grpc-protobuf-1.17.1.jar:/home/user/.m2/repository/com/google/api/grpc/proto-google-common-protos/1.0.0/proto-google-common-protos-1.0.0.jar:/home/user/.m2/repository/io/grpc/grpc-protobuf-lite/1.17.1/grpc-protobuf-lite-1.17.1.jar:/home/user/.m2/repository/io/grpc/grpc-stub/1.17.1/grpc-stub-1.17.1.jar:/home/user/.m2/repository/org/apache/hadoop/hadoop-ozone-recon/0.5.0-SNAPSHOT/hadoop-ozone-recon-0.5.0-SNAPSHOT.jar:/home/user/.m2/repository/org/apache/hadoop/hadoop-ozone-reconcodegen/0.5.0-SNAPSHOT/hadoop-ozone-reconcodegen-0.5.0-SNAPSHOT.jar:/home/user/.m2/repository/com/google/inject/extensions/guice-multibindings/4.0/guice-multibindings-4.0.jar:/home/user/.m2/repository/com/google/inject/guice/4.0/guice-4.0.jar:/home/user/.m2/repository/aopalliance/aopalliance/1.0/aopalliance-1.0.jar:/home/user/.m2/repository/com/google/inject/extensions/guice-servlet/4.0/guice-servlet-4.0.jar:/home/user/.m2/repository/org/glassfish/jersey/containers/jersey-container-servlet/2.27/jersey-container-servlet-2.27.jar:/home/user/.m2/repository/org/glassfish/hk2/guice-bridge/2.5.0/guice-bridge-2.5.0.jar:/home/user/.m2/repository/org/glassfish/jersey/core/jersey-server/2.27/jersey-server-2.27.jar:/home/user/.m2/repository/org/glassfish/jersey/core/jersey-client/2.27/jersey-client-2.27.jar:/home/user/.m2/repository/org/glassfish/jersey/media/jersey-media-jaxb/2.27/jersey-media-jaxb-2.27.jar:/home/user/.m2/repository/javax/validation/validation-api/1.1.0.Final/validation-api-1.1.0.Final.jar:/home/user/.m2/repository/org/glassfish/jersey/media/jersey-media-json-jackson/2.27/jersey-media-json-jackson-2.27.jar:/home/user/.m2/repository/org/glassfish/jersey/ext/jersey-entity-filtering/2.27/jersey-entity-filtering-2.27.jar:/home/user/.m2/repository/com/google/inject/extensions/guice-assistedinject/4.0/guice-assistedinject-4.0.jar:/home/user/.m2/repository/org/jooq/jooq/3.11.10/jooq-3.11.10.jar:/home/user/.m2/repository/org/jooq/jooq-meta/3.11.10/jooq-meta-3.11.10.jar:/home/user/.m2/repository/org/jooq/jooq-codegen/3.11.10/jooq-codegen-3.11.10.jar:/home/user/.m2/repository/com/jolbox/bonecp/0.8.0.RELEASE/bonecp-0.8.0.RELEASE.jar:/home/user/.m2/repository/org/xerial/sqlite-jdbc/3.25.2/sqlite-jdbc-3.25.2.jar:/home/user/.m2/repository/org/springframework/spring-jdbc/5.1.3.RELEASE/spring-jdbc-5.1.3.RELEASE.jar:/home/user/.m2/repository/org/springframework/spring-beans/5.1.3.RELEASE/spring-beans-5.1.3.RELEASE.jar:/home/user/.m2/repository/org/springframework/spring-core/5.1.3.RELEASE/spring-core-5.1.3.RELEASE.jar:/home/user/.m2/repository/org/springframework/spring-jcl/5.1.3.RELEASE/spring-jcl-5.1.3.RELEASE.jar:/home/user/.m2/repository/org/springframework/spring-tx/5.1.3.RELEASE/spring-tx-5.1.3.RELEASE.jar:/home/user/.m2/repository/org/apache/hadoop/hadoop-ozone-client/0.5.0-SNAPSHOT/hadoop-ozone-client-0.5.0-SNAPSHOT.jar:/home/user/.m2/repository/commons-lang/commons-lang/2.6/commons-lang-2.6.jar:/home/user/.m2/repository/org/apache/hadoop/hadoop-ozone-ozone-manager/0.5.0-SNAPSHOT/hadoop-ozone-ozone-manager-0.5.0-SNAPSHOT-tests.jar:/home/user/.m2/repository/junit/junit/4.11/junit-4.11.jar:/home/user/.m2/repository/org/hamcrest/hamcrest-core/1.3/hamcrest-core-1.3.jar:/home/user/.m2/repository/org/openjdk/jmh/jmh-core/1.19/jmh-core-1.19.jar:/home/user/.m2/repository/net/sf/jopt-simple/jopt-simple/4.6/jopt-simple-4.6.jar:/home/user/.m2/repository/org/apache/commons/commons-math3/3.1.1/commons-math3-3.1.1.jar:/home/user/.m2/repository/org/openjdk/jmh/jmh-generator-annprocess/1.19/jmh-generator-annprocess-1.19.jar:/home/user/.m2/repository/org/mockito/mockito-all/1.8.5/mockito-all-1.8.5.jar:/home/user/.m2/repository/org/apache/hadoop/hadoop-kms/3.2.0/hadoop-kms-3.2.0.jar:/home/user/.m2/repository/org/apache/hadoop/hadoop-auth/3.2.0/hadoop-auth-3.2.0.jar:/home/user/.m2/repository/com/nimbusds/nimbus-jose-jwt/4.41.1/nimbus-jose-jwt-4.41.1.jar:/home/user/.m2/repository/com/github/stephenc/jcip/jcip-annotations/1.0-1/jcip-annotations-1.0-1.jar:/home/user/.m2/repository/net/minidev/json-smart/2.3/json-smart-2.3.jar:/home/user/.m2/repository/net/minidev/accessors-smart/1.2/accessors-smart-1.2.jar:/home/user/.m2/repository/org/ow2/asm/asm/5.0.4/asm-5.0.4.jar:/home/user/.m2/repository/org/apache/curator/curator-framework/2.12.0/curator-framework-2.12.0.jar:/home/user/.m2/repository/com/sun/jersey/jersey-core/1.19/jersey-core-1.19.jar:/home/user/.m2/repository/javax/ws/rs/jsr311-api/1.1.1/jsr311-api-1.1.1.jar:/home/user/.m2/repository/com/sun/jersey/jersey-server/1.19/jersey-server-1.19.jar:/home/user/.m2/repository/javax/servlet/javax.servlet-api/3.1.0/javax.servlet-api-3.1.0.jar:/home/user/.m2/repository/org/eclipse/jetty/jetty-server/9.3.24.v20180605/jetty-server-9.3.24.v20180605.jar:/home/user/.m2/repository/org/eclipse/jetty/jetty-http/9.3.24.v20180605/jetty-http-9.3.24.v20180605.jar:/home/user/.m2/repository/org/eclipse/jetty/jetty-io/9.3.24.v20180605/jetty-io-9.3.24.v20180605.jar:/home/user/.m2/repository/org/eclipse/jetty/jetty-webapp/9.3.24.v20180605/jetty-webapp-9.3.24.v20180605.jar:/home/user/.m2/repository/org/eclipse/jetty/jetty-xml/9.3.24.v20180605/jetty-xml-9.3.24.v20180605.jar:/home/user/.m2/repository/log4j/log4j/1.2.17/log4j-1.2.17.jar:/home/user/.m2/repository/org/slf4j/slf4j-api/1.7.25/slf4j-api-1.7.25.jar:/home/user/.m2/repository/org/slf4j/jul-to-slf4j/1.7.25/jul-to-slf4j-1.7.25.jar:/home/user/.m2/repository/org/eclipse/jetty/jetty-util/9.3.24.v20180605/jetty-util-9.3.24.v20180605.jar:/home/user/.m2/repository/com/fasterxml/jackson/core/jackson-databind/2.9.5/jackson-databind-2.9.5.jar:/home/user/.m2/repository/org/apache/hadoop/hadoop-kms/3.2.0/hadoop-kms-3.2.0-tests.jar:/home/user/.m2/repository/org/apache/hadoop/hadoop-hdds-server-scm/0.5.0-SNAPSHOT/hadoop-hdds-server-scm-0.5.0-SNAPSHOT-tests.jar:/home/user/.m2/repository/org/apache/hadoop/hadoop-hdds-container-service/0.5.0-SNAPSHOT/hadoop-hdds-container-service-0.5.0-SNAPSHOT-tests.jar:/home/user/.m2/repository/org/yaml/snakeyaml/1.16/snakeyaml-1.16.jar:/home/user/.m2/repository/org/apache/hadoop/hadoop-common/3.2.0/hadoop-common-3.2.0-tests.jar:/home/user/.m2/repository/org/apache/hadoop/hadoop-annotations/3.2.0/hadoop-annotations-3.2.0.jar:/usr/lib/jvm/java-1.8-openjdk/jre/../lib/tools.jar:/home/user/.m2/repository/commons-cli/commons-cli/1.2/commons-cli-1.2.jar:/home/user/.m2/repository/org/apache/httpcomponents/httpclient/4.5.2/httpclient-4.5.2.jar:/home/user/.m2/repository/org/apache/httpcomponents/httpcore/4.4.4/httpcore-4.4.4.jar:/home/user/.m2/repository/commons-codec/commons-codec/1.11/commons-codec-1.11.jar:/home/user/.m2/repository/commons-net/commons-net/3.6/commons-net-3.6.jar:/home/user/.m2/repository/commons-collections/commons-collections/3.2.2/commons-collections-3.2.2.jar:/home/user/.m2/repository/org/eclipse/jetty/jetty-servlet/9.3.24.v20180605/jetty-servlet-9.3.24.v20180605.jar:/home/user/.m2/repository/org/eclipse/jetty/jetty-security/9.3.24.v20180605/jetty-security-9.3.24.v20180605.jar:/home/user/.m2/repository/javax/servlet/jsp/jsp-api/2.1/jsp-api-2.1.jar:/home/user/.m2/repository/com/sun/jersey/jersey-servlet/1.19/jersey-servlet-1.19.jar:/home/user/.m2/repository/com/sun/jersey/jersey-json/1.19/jersey-json-1.19.jar:/home/user/.m2/repository/org/codehaus/jettison/jettison/1.1/jettison-1.1.jar:/home/user/.m2/repository/org/codehaus/jackson/jackson-core-asl/1.9.13/jackson-core-asl-1.9.13.jar:/home/user/.m2/repository/org/codehaus/jackson/jackson-mapper-asl/1.9.13/jackson-mapper-asl-1.9.13.jar:/home/user/.m2/repository/org/codehaus/jackson/jackson-jaxrs/1.9.13/jackson-jaxrs-1.9.13.jar:/home/user/.m2/repository/org/codehaus/jackson/jackson-xc/1.9.13/jackson-xc-1.9.13.jar:/home/user/.m2/repository/commons-logging/commons-logging/1.1.3/commons-logging-1.1.3.jar:/home/user/.m2/repository/commons-beanutils/commons-beanutils/1.9.3/commons-beanutils-1.9.3.jar:/home/user/.m2/repository/org/apache/commons/commons-configuration2/2.1.1/commons-configuration2-2.1.1.jar:/home/user/.m2/repository/org/apache/commons/commons-lang3/3.7/commons-lang3-3.7.jar:/home/user/.m2/repository/org/apache/commons/commons-text/1.4/commons-text-1.4.jar:/home/user/.m2/repository/org/apache/avro/avro/1.7.7/avro-1.7.7.jar:/home/user/.m2/repository/com/thoughtworks/paranamer/paranamer/2.3/paranamer-2.3.jar:/home/user/.m2/repository/org/xerial/snappy/snappy-java/1.0.5/snappy-java-1.0.5.jar:/home/user/.m2/repository/com/google/re2j/re2j/1.1/re2j-1.1.jar:/home/user/.m2/repository/com/google/code/gson/gson/2.2.4/gson-2.2.4.jar:/home/user/.m2/repository/com/jcraft/jsch/0.1.54/jsch-0.1.54.jar:/home/user/.m2/repository/org/apache/curator/curator-client/2.12.0/curator-client-2.12.0.jar:/home/user/.m2/repository/org/apache/curator/curator-recipes/2.12.0/curator-recipes-2.12.0.jar:/home/user/.m2/repository/com/google/code/findbugs/jsr305/3.0.0/jsr305-3.0.0.jar:/home/user/.m2/repository/org/apache/htrace/htrace-core4/4.1.0-incubating/htrace-core4-4.1.0-incubating.jar:/home/user/.m2/repository/org/apache/zookeeper/zookeeper/3.4.13/zookeeper-3.4.13.jar:/home/user/.m2/repository/org/apache/yetus/audience-annotations/0.5.0/audience-annotations-0.5.0.jar:/home/user/.m2/repository/org/codehaus/woodstox/stax2-api/3.1.4/stax2-api-3.1.4.jar:/home/user/.m2/repository/com/fasterxml/woodstox/woodstox-core/5.0.3/woodstox-core-5.0.3.jar:/home/user/.m2/repository/dnsjava/dnsjava/2.1.7/dnsjava-2.1.7.jar:/home/user/.m2/repository/org/apache/hadoop/hadoop-hdfs/3.2.0/hadoop-hdfs-3.2.0-tests.jar:/home/user/.m2/repository/org/eclipse/jetty/jetty-util-ajax/9.3.24.v20180605/jetty-util-ajax-9.3.24.v20180605.jar:/home/user/.m2/repository/commons-daemon/commons-daemon/1.0.13/commons-daemon-1.0.13.jar:/home/user/.m2/repository/io/netty/netty/3.10.5.Final/netty-3.10.5.Final.jar:/home/user/.m2/repository/io/netty/netty-all/4.0.52.Final/netty-all-4.0.52.Final.jar:/home/user/.m2/repository/org/fusesource/leveldbjni/leveldbjni-all/1.8/leveldbjni-all-1.8.jar:"/>
    <property name="sun.cpu.endian" value="little"/>
    <property name="user.home" value="/home/user"/>
    <property name="user.language" value="en"/>
    <property name="java.specification.vendor" value="Oracle Corporation"/>
    <property name="java.home" value="/usr/lib/jvm/java-1.8-openjdk/jre"/>
    <property name="java.security.krb5.conf" value="/workdir/hadoop-ozone/integration-test/target/test-classes/krb5.conf"/>
    <property name="basedir" value="/workdir/hadoop-ozone/integration-test"/>
    <property name="file.separator" value="/"/>
    <property name="line.separator" value="&#10;"/>
    <property name="java.vm.specification.vendor" value="Oracle Corporation"/>
    <property name="java.specification.name" value="Java Platform API Specification"/>
    <property name="java.awt.graphicsenv" value="sun.awt.X11GraphicsEnvironment"/>
    <property name="surefire.real.class.path" value="/workdir/hadoop-ozone/integration-test/target/surefire/surefirebooter7778082303974846644.jar"/>
    <property name="hadoop.log.dir" value="/workdir/hadoop-ozone/integration-test/target/log"/>
    <property name="sun.boot.class.path" value="/usr/lib/jvm/java-1.8-openjdk/jre/lib/resources.jar:/usr/lib/jvm/java-1.8-openjdk/jre/lib/rt.jar:/usr/lib/jvm/java-1.8-openjdk/jre/lib/sunrsasign.jar:/usr/lib/jvm/java-1.8-openjdk/jre/lib/jsse.jar:/usr/lib/jvm/java-1.8-openjdk/jre/lib/jce.jar:/usr/lib/jvm/java-1.8-openjdk/jre/lib/charsets.jar:/usr/lib/jvm/java-1.8-openjdk/jre/lib/jfr.jar:/usr/lib/jvm/java-1.8-openjdk/jre/classes"/>
    <property name="sun.management.compiler" value="HotSpot 64-Bit Tiered Compilers"/>
    <property name="java.runtime.version" value="1.8.0_212-b04"/>
    <property name="java.net.preferIPv4Stack" value="true"/>
    <property name="user.name" value="jenkins1000"/>
    <property name="path.separator" value=":"/>
    <property name="java.security.egd" value="file:///dev/urandom"/>
    <property name="os.version" value="3.10.0-957.12.2.el7.x86_64"/>
    <property name="java.endorsed.dirs" value="/usr/lib/jvm/java-1.8-openjdk/jre/lib/endorsed"/>
    <property name="java.runtime.name" value="OpenJDK Runtime Environment"/>
    <property name="file.encoding" value="UTF-8"/>
    <property name="java.vm.name" value="OpenJDK 64-Bit Server VM"/>
    <property name="test.build.webapps" value=""/>
    <property name="localRepository" value="/home/user/.m2/repository"/>
    <property name="java.vendor.url.bug" value="https://icedtea.classpath.org/bugzilla"/>
    <property name="java.io.tmpdir" value="/tmp"/>
    <property name="require.test.libhadoop" value=""/>
    <property name="java.version" value="1.8.0_212"/>
    <property name="user.dir" value="/workdir/hadoop-ozone/integration-test"/>
    <property name="os.arch" value="amd64"/>
    <property name="java.vm.specification.name" value="Java Virtual Machine Specification"/>
    <property name="test.build.classes" value="/workdir/hadoop-ozone/integration-test/target/test-classes"/>
    <property name="java.awt.printerjob" value="sun.print.PSPrinterJob"/>
    <property name="sun.os.patch.level" value="unknown"/>
    <property name="hadoop.tmp.dir" value="/workdir/hadoop-ozone/integration-test/target/tmp"/>
    <property name="java.library.path" value="/usr/lib/jvm/java-1.8-openjdk/jre/lib/amd64/server:/usr/lib/jvm/java-1.8-openjdk/jre/lib/amd64:/usr/lib/jvm/java-1.8-openjdk/jre/../lib/amd64:/workdir/hadoop-ozone/integration-test/target/native/target/usr/local/lib:/workdir/hadoop-ozone/integration-test/../../hadoop-common-project/hadoop-common/target/native/target/usr/local/lib:/usr/java/packages/lib/amd64:/usr/lib64:/lib64:/lib:/usr/lib"/>
    <property name="java.vm.info" value="mixed mode"/>
    <property name="java.vendor" value="IcedTea"/>
    <property name="java.vm.version" value="25.212-b04"/>
    <property name="java.ext.dirs" value="/usr/lib/jvm/java-1.8-openjdk/jre/lib/ext:/usr/java/packages/lib/ext"/>
    <property name="sun.io.unicode.encoding" value="UnicodeLittle"/>
    <property name="java.class.version" value="52.0"/>
  </properties>
  <testcase name="testWatchForCommitWithKeyWrite" classname="org.apache.hadoop.ozone.client.rpc.TestWatchForCommit" time="63.062"/>
  <testcase name="testWatchForCommitWithSmallerTimeoutValue" classname="org.apache.hadoop.ozone.client.rpc.TestWatchForCommit" time="44.507"/>
  <testcase name="testWatchForCommitForRetryfailure" classname="org.apache.hadoop.ozone.client.rpc.TestWatchForCommit" time="27.078">
    <error message="org.apache.ratis.protocol.RaftRetryFailureException: Failed RaftClientRequest:client-7A715627349C-&gt;ac50c3b2-b81f-4c0a-b4fe-860d2c902727@group-6ED392AAFDDC, cid=65, seq=1*, RW, org.apache.hadoop.hdds.scm.XceiverClientRatis$$Lambda$335/1239710170@3e967e8a for 20 attempts with RetryLimited(maxAttempts=20, sleepTime=1000ms)" type="java.util.concurrent.ExecutionException">java.util.concurrent.ExecutionException: org.apache.ratis.protocol.RaftRetryFailureException: Failed RaftClientRequest:client-7A715627349C->ac50c3b2-b81f-4c0a-b4fe-860d2c902727@group-6ED392AAFDDC, cid=65, seq=1*, RW, org.apache.hadoop.hdds.scm.XceiverClientRatis$$Lambda$335/1239710170@3e967e8a for 20 attempts with RetryLimited(maxAttempts=20, sleepTime=1000ms)
	at java.util.concurrent.CompletableFuture.reportGet(CompletableFuture.java:357)
	at java.util.concurrent.CompletableFuture.get(CompletableFuture.java:1895)
	at org.apache.hadoop.ozone.client.rpc.TestWatchForCommit.testWatchForCommitForRetryfailure(TestWatchForCommit.java:335)
	at sun.reflect.NativeMethodAccessorImpl.invoke0(Native Method)
	at sun.reflect.NativeMethodAccessorImpl.invoke(NativeMethodAccessorImpl.java:62)
	at sun.reflect.DelegatingMethodAccessorImpl.invoke(DelegatingMethodAccessorImpl.java:43)
	at java.lang.reflect.Method.invoke(Method.java:498)
	at org.junit.runners.model.FrameworkMethod$1.runReflectiveCall(FrameworkMethod.java:47)
	at org.junit.internal.runners.model.ReflectiveCallable.run(ReflectiveCallable.java:12)
	at org.junit.runners.model.FrameworkMethod.invokeExplosively(FrameworkMethod.java:44)
	at org.junit.internal.runners.statements.InvokeMethod.evaluate(InvokeMethod.java:17)
	at org.junit.runners.ParentRunner.runLeaf(ParentRunner.java:271)
	at org.junit.runners.BlockJUnit4ClassRunner.runChild(BlockJUnit4ClassRunner.java:70)
	at org.junit.runners.BlockJUnit4ClassRunner.runChild(BlockJUnit4ClassRunner.java:50)
	at org.junit.runners.ParentRunner$3.run(ParentRunner.java:238)
	at org.junit.runners.ParentRunner$1.schedule(ParentRunner.java:63)
	at org.junit.runners.ParentRunner.runChildren(ParentRunner.java:236)
	at org.junit.runners.ParentRunner.access$000(ParentRunner.java:53)
	at org.junit.runners.ParentRunner$2.evaluate(ParentRunner.java:229)
	at org.junit.runners.ParentRunner.run(ParentRunner.java:309)
	at org.apache.maven.surefire.junit4.JUnit4Provider.execute(JUnit4Provider.java:365)
	at org.apache.maven.surefire.junit4.JUnit4Provider.executeWithRerun(JUnit4Provider.java:273)
	at org.apache.maven.surefire.junit4.JUnit4Provider.executeTestSet(JUnit4Provider.java:238)
	at org.apache.maven.surefire.junit4.JUnit4Provider.invoke(JUnit4Provider.java:159)
	at org.apache.maven.surefire.booter.ForkedBooter.invokeProviderInSameClassLoader(ForkedBooter.java:384)
	at org.apache.maven.surefire.booter.ForkedBooter.runSuitesInProcess(ForkedBooter.java:345)
	at org.apache.maven.surefire.booter.ForkedBooter.execute(ForkedBooter.java:126)
	at org.apache.maven.surefire.booter.ForkedBooter.main(ForkedBooter.java:418)
Caused by: org.apache.ratis.protocol.RaftRetryFailureException: Failed RaftClientRequest:client-7A715627349C->ac50c3b2-b81f-4c0a-b4fe-860d2c902727@group-6ED392AAFDDC, cid=65, seq=1*, RW, org.apache.hadoop.hdds.scm.XceiverClientRatis$$Lambda$335/1239710170@3e967e8a for 20 attempts with RetryLimited(maxAttempts=20, sleepTime=1000ms)
	at org.apache.ratis.client.impl.RaftClientImpl.noMoreRetries(RaftClientImpl.java:272)
	at org.apache.ratis.client.impl.OrderedAsync.handleAsyncRetryFailure(OrderedAsync.java:138)
	at org.apache.ratis.client.impl.OrderedAsync.lambda$sendRequest$10(OrderedAsync.java:230)
	at java.util.concurrent.CompletableFuture.uniExceptionally(CompletableFuture.java:870)
	at java.util.concurrent.CompletableFuture$UniExceptionally.tryFire(CompletableFuture.java:852)
	at java.util.concurrent.CompletableFuture.postComplete(CompletableFuture.java:474)
	at java.util.concurrent.CompletableFuture.completeExceptionally(CompletableFuture.java:1977)
	at org.apache.ratis.grpc.client.GrpcClientProtocolClient$AsyncStreamObservers.completeReplyExceptionally(GrpcClientProtocolClient.java:330)
	at org.apache.ratis.grpc.client.GrpcClientProtocolClient$AsyncStreamObservers.access$000(GrpcClientProtocolClient.java:246)
	at org.apache.ratis.grpc.client.GrpcClientProtocolClient$AsyncStreamObservers$1.onNext(GrpcClientProtocolClient.java:258)
	at org.apache.ratis.grpc.client.GrpcClientProtocolClient$AsyncStreamObservers$1.onNext(GrpcClientProtocolClient.java:249)
	at org.apache.ratis.thirdparty.io.grpc.stub.ClientCalls$StreamObserverToCallListenerAdapter.onMessage(ClientCalls.java:421)
	at org.apache.ratis.thirdparty.io.grpc.ForwardingClientCallListener.onMessage(ForwardingClientCallListener.java:33)
	at org.apache.ratis.thirdparty.io.grpc.ForwardingClientCallListener.onMessage(ForwardingClientCallListener.java:33)
	at org.apache.ratis.thirdparty.io.grpc.internal.ClientCallImpl$ClientStreamListenerImpl$1MessagesAvailable.runInContext(ClientCallImpl.java:519)
	at org.apache.ratis.thirdparty.io.grpc.internal.ContextRunnable.run(ContextRunnable.java:37)
	at org.apache.ratis.thirdparty.io.grpc.internal.SerializingExecutor.run(SerializingExecutor.java:123)
	at java.util.concurrent.ThreadPoolExecutor.runWorker(ThreadPoolExecutor.java:1149)
	at java.util.concurrent.ThreadPoolExecutor$Worker.run(ThreadPoolExecutor.java:624)
	at java.lang.Thread.run(Thread.java:748)
Caused by: org.apache.ratis.protocol.NotLeaderException: Server ac50c3b2-b81f-4c0a-b4fe-860d2c902727 is not the leader (null). Request must be sent to leader.
	at org.apache.ratis.client.impl.ClientProtoUtils.toRaftClientReply(ClientProtoUtils.java:242)
	at org.apache.ratis.grpc.client.GrpcClientProtocolClient$AsyncStreamObservers$1.onNext(GrpcClientProtocolClient.java:254)
	... 10 more
</error>
    <system-out><![CDATA[2019-08-22 11:56:21,851 [main] WARN  server.ServerUtils (ServerUtils.java:getScmDbDir(145)) - ozone.scm.db.dirs is not configured. We recommend adding this setting. Falling back to ozone.metadata.dirs instead.
2019-08-22 11:56:21,867 [main] WARN  server.ServerUtils (ServerUtils.java:getScmDbDir(145)) - ozone.scm.db.dirs is not configured. We recommend adding this setting. Falling back to ozone.metadata.dirs instead.
2019-08-22 11:56:21,867 [main] WARN  server.ServerUtils (ServerUtils.java:getScmDbDir(145)) - ozone.scm.db.dirs is not configured. We recommend adding this setting. Falling back to ozone.metadata.dirs instead.
2019-08-22 11:56:21,868 [main] INFO  db.DBStoreBuilder (DBStoreBuilder.java:addTable(110)) - using custom profile for table: deletedBlocks
2019-08-22 11:56:21,868 [main] INFO  db.DBStoreBuilder (DBStoreBuilder.java:processTables(161)) - Using default column profile:DBProfile.DISK for Table:deletedBlocks
2019-08-22 11:56:21,868 [main] INFO  db.DBStoreBuilder (DBStoreBuilder.java:addTable(110)) - using custom profile for table: validCerts
2019-08-22 11:56:21,868 [main] INFO  db.DBStoreBuilder (DBStoreBuilder.java:processTables(161)) - Using default column profile:DBProfile.DISK for Table:validCerts
2019-08-22 11:56:21,869 [main] INFO  db.DBStoreBuilder (DBStoreBuilder.java:addTable(110)) - using custom profile for table: revokedCerts
2019-08-22 11:56:21,869 [main] INFO  db.DBStoreBuilder (DBStoreBuilder.java:processTables(161)) - Using default column profile:DBProfile.DISK for Table:revokedCerts
2019-08-22 11:56:21,869 [main] INFO  db.DBStoreBuilder (DBStoreBuilder.java:addTable(110)) - using custom profile for table: default
2019-08-22 11:56:21,869 [main] INFO  db.DBStoreBuilder (DBStoreBuilder.java:processTables(167)) - Using default column profile:DBProfile.DISK for Table:default
2019-08-22 11:56:21,869 [main] INFO  db.DBStoreBuilder (DBStoreBuilder.java:getDbProfile(198)) - Using default options. DBProfile.DISK
2019-08-22 11:56:22,069 [main] INFO  net.NodeSchemaLoader (NodeSchemaLoader.java:loadSchemaFromFile(125)) - Loading file from sun.misc.CompoundEnumeration@647af13d
2019-08-22 11:56:22,069 [main] INFO  net.NodeSchemaLoader (NodeSchemaLoader.java:loadSchema(171)) - Loading network topology layer schema file
2019-08-22 11:56:22,075 [main] WARN  server.ServerUtils (ServerUtils.java:sanitizeUserArgs(70)) - ozone.scm.stale.node.interval value = 300000 is larger than max = 100000 based on the key value of ozone.scm.heartbeat.thread.interval, reset to the max value 100000.
2019-08-22 11:56:22,075 [main] WARN  server.ServerUtils (ServerUtils.java:sanitizeUserArgs(70)) - ozone.scm.stale.node.interval value = 300000 is larger than max = 100000 based on the key value of ozone.scm.heartbeat.thread.interval, reset to the max value 100000.
2019-08-22 11:56:22,075 [main] INFO  node.SCMNodeManager (SCMNodeManager.java:<init>(121)) - Entering startup safe mode.
2019-08-22 11:56:22,076 [main] INFO  algorithms.ContainerPlacementPolicyFactory (ContainerPlacementPolicyFactory.java:getPolicy(55)) - Create container placement policy of type org.apache.hadoop.hdds.scm.container.placement.algorithms.SCMContainerPlacementRandom
2019-08-22 11:56:22,076 [main] WARN  server.ServerUtils (ServerUtils.java:getScmDbDir(145)) - ozone.scm.db.dirs is not configured. We recommend adding this setting. Falling back to ozone.metadata.dirs instead.
2019-08-22 11:56:22,107 [main] INFO  pipeline.SCMPipelineManager (SCMPipelineManager.java:initializePipelineState(126)) - No pipeline exists in current db
2019-08-22 11:56:22,108 [main] WARN  server.ServerUtils (ServerUtils.java:getScmDbDir(145)) - ozone.scm.db.dirs is not configured. We recommend adding this setting. Falling back to ozone.metadata.dirs instead.
2019-08-22 11:56:22,177 [main] WARN  events.EventQueue (EventQueue.java:fireEvent(175)) - No event handler registered for event TypedEvent{payloadType=SafeModeStatus, name='SafeModeStatus'}
2019-08-22 11:56:22,178 [main] INFO  ipc.CallQueueManager (CallQueueManager.java:<init>(84)) - Using callQueue: class java.util.concurrent.LinkedBlockingQueue, queueCapacity: 2000, scheduler: class org.apache.hadoop.ipc.DefaultRpcScheduler, ipcBackoff: false.
2019-08-22 11:56:22,179 [Socket Reader #1 for port 35548] INFO  ipc.Server (Server.java:run(1074)) - Starting Socket Reader #1 for port 35548
2019-08-22 11:56:22,181 [main] INFO  ipc.CallQueueManager (CallQueueManager.java:<init>(84)) - Using callQueue: class java.util.concurrent.LinkedBlockingQueue, queueCapacity: 2000, scheduler: class org.apache.hadoop.ipc.DefaultRpcScheduler, ipcBackoff: false.
2019-08-22 11:56:22,182 [Socket Reader #1 for port 44139] INFO  ipc.Server (Server.java:run(1074)) - Starting Socket Reader #1 for port 44139
2019-08-22 11:56:22,183 [main] INFO  ipc.CallQueueManager (CallQueueManager.java:<init>(84)) - Using callQueue: class java.util.concurrent.LinkedBlockingQueue, queueCapacity: 2000, scheduler: class org.apache.hadoop.ipc.DefaultRpcScheduler, ipcBackoff: false.
2019-08-22 11:56:22,184 [Socket Reader #1 for port 38816] INFO  ipc.Server (Server.java:run(1074)) - Starting Socket Reader #1 for port 38816
2019-08-22 11:56:22,186 [main] INFO  hdfs.DFSUtil (DFSUtil.java:httpServerTemplateForNNAndJN(1641)) - Starting Web-server for scm at: http://0.0.0.0:0
2019-08-22 11:56:22,189 [main] INFO  server.AuthenticationFilter (AuthenticationFilter.java:constructSecretProvider(240)) - Unable to initialize FileSignerSecretProvider, falling back to use random secrets.
2019-08-22 11:56:22,190 [main] WARN  http.HttpRequestLog (HttpRequestLog.java:getRequestLog(97)) - Jetty request log can only be enabled using Log4j
2019-08-22 11:56:22,191 [main] INFO  http.HttpServer2 (HttpServer2.java:addGlobalFilter(975)) - Added global filter 'safety' (class=org.apache.hadoop.http.HttpServer2$QuotingInputFilter)
2019-08-22 11:56:22,192 [main] INFO  http.HttpServer2 (HttpServer2.java:addFilter(948)) - Added filter static_user_filter (class=org.apache.hadoop.http.lib.StaticUserWebFilter$StaticUserFilter) to context scm
2019-08-22 11:56:22,192 [main] INFO  http.HttpServer2 (HttpServer2.java:addFilter(958)) - Added filter static_user_filter (class=org.apache.hadoop.http.lib.StaticUserWebFilter$StaticUserFilter) to context logs
2019-08-22 11:56:22,192 [main] INFO  http.HttpServer2 (HttpServer2.java:addFilter(958)) - Added filter static_user_filter (class=org.apache.hadoop.http.lib.StaticUserWebFilter$StaticUserFilter) to context static
2019-08-22 11:56:22,195 [main] INFO  server.StorageContainerManager (StorageContainerManager.java:start(759)) - StorageContainerLocationProtocol RPC server is listening at /0.0.0.0:38816
2019-08-22 11:56:22,197 [main] WARN  impl.MetricsConfig (MetricsConfig.java:loadFirst(134)) - Cannot locate configuration: tried hadoop-metrics2-storagecontainermanager.properties,hadoop-metrics2.properties
2019-08-22 11:56:22,198 [main] INFO  impl.MetricsSystemImpl (MetricsSystemImpl.java:startTimer(374)) - Scheduled Metric snapshot period at 10 second(s).
2019-08-22 11:56:22,198 [main] INFO  impl.MetricsSystemImpl (MetricsSystemImpl.java:start(191)) - StorageContainerManager metrics system started
2019-08-22 11:56:22,273 [main] INFO  server.SCMClientProtocolServer (SCMClientProtocolServer.java:start(151)) - RPC server for Client  is listening at /0.0.0.0:38816
2019-08-22 11:56:22,273 [IPC Server Responder] INFO  ipc.Server (Server.java:run(1314)) - IPC Server Responder: starting
2019-08-22 11:56:22,273 [IPC Server listener on 38816] INFO  ipc.Server (Server.java:run(1153)) - IPC Server listener on 38816: starting
2019-08-22 11:56:22,277 [main] INFO  server.StorageContainerManager (StorageContainerManager.java:start(769)) - ScmBlockLocationProtocol RPC server is listening at /0.0.0.0:44139
2019-08-22 11:56:22,277 [main] INFO  server.SCMBlockProtocolServer (SCMBlockProtocolServer.java:start(140)) - RPC server for Block Protocol is listening at /0.0.0.0:44139
2019-08-22 11:56:22,277 [IPC Server Responder] INFO  ipc.Server (Server.java:run(1314)) - IPC Server Responder: starting
2019-08-22 11:56:22,277 [IPC Server listener on 44139] INFO  ipc.Server (Server.java:run(1153)) - IPC Server listener on 44139: starting
2019-08-22 11:56:22,281 [main] INFO  server.StorageContainerManager (StorageContainerManager.java:start(773)) - ScmDatanodeProtocl RPC server is listening at /0.0.0.0:35548
2019-08-22 11:56:22,281 [main] INFO  server.SCMDatanodeProtocolServer (SCMDatanodeProtocolServer.java:start(191)) - RPC server for DataNodes is listening at /0.0.0.0:35548
2019-08-22 11:56:22,281 [IPC Server Responder] INFO  ipc.Server (Server.java:run(1314)) - IPC Server Responder: starting
2019-08-22 11:56:22,281 [IPC Server listener on 35548] INFO  ipc.Server (Server.java:run(1153)) - IPC Server listener on 35548: starting
2019-08-22 11:56:22,284 [main] INFO  http.HttpServer2 (HttpServer2.java:bindListener(1191)) - Jetty bound to port 46629
2019-08-22 11:56:22,285 [main] INFO  server.Server (Server.java:doStart(351)) - jetty-9.3.24.v20180605, build timestamp: 2018-06-05T17:11:56Z, git hash: 84205aa28f11a4f31f2a3b86d1bba2cc8ab69827
2019-08-22 11:56:22,286 [main] INFO  handler.ContextHandler (ContextHandler.java:doStart(781)) - Started o.e.j.s.ServletContextHandler@3d2b13b1{/logs,file:///workdir/hadoop-ozone/integration-test/target/log,AVAILABLE}
2019-08-22 11:56:22,287 [main] INFO  handler.ContextHandler (ContextHandler.java:doStart(781)) - Started o.e.j.s.ServletContextHandler@2524d07a{/static,file:///workdir/hadoop-ozone/integration-test/target/test-classes/webapps/static,AVAILABLE}
2019-08-22 11:56:22,291 [main] INFO  handler.ContextHandler (ContextHandler.java:doStart(781)) - Started o.e.j.w.WebAppContext@29db008c{/,file:///workdir/hadoop-ozone/integration-test/target/test-classes/webapps/scm/,AVAILABLE}{/scm}
2019-08-22 11:56:22,291 [main] INFO  server.AbstractConnector (AbstractConnector.java:doStart(278)) - Started ServerConnector@1d008e61{HTTP/1.1,[http/1.1]}{0.0.0.0:46629}
2019-08-22 11:56:22,292 [main] INFO  server.Server (Server.java:doStart(419)) - Started @108439ms
2019-08-22 11:56:22,293 [main] INFO  server.BaseHttpServer (BaseHttpServer.java:updateConnectorAddress(213)) - HTTP server of SCM is listening at http://0.0.0.0:46629
2019-08-22 11:56:22,294 [main] WARN  server.ServerUtils (ServerUtils.java:getDBPath(222)) - ozone.om.db.dirs is not configured. We recommend adding this setting. Falling back to ozone.metadata.dirs instead.
2019-08-22 11:56:22,294 [org.apache.hadoop.util.JvmPauseMonitor$Monitor@5de243bb] INFO  util.JvmPauseMonitor (JvmPauseMonitor.java:run(188)) - Starting JVM pause monitor
2019-08-22 11:56:22,308 [main] WARN  server.ServerUtils (ServerUtils.java:getDBPath(222)) - ozone.om.db.dirs is not configured. We recommend adding this setting. Falling back to ozone.metadata.dirs instead.
2019-08-22 11:56:22,308 [main] WARN  server.ServerUtils (ServerUtils.java:getDBPath(222)) - ozone.om.db.dirs is not configured. We recommend adding this setting. Falling back to ozone.metadata.dirs instead.
2019-08-22 11:56:22,308 [main] INFO  om.OzoneManager (OzoneManager.java:setOMNodeDetails(648)) - OM Service ID is not set. Setting it to the default ID: omServiceIdDefault
2019-08-22 11:56:22,309 [main] INFO  om.OzoneManager (OzoneManager.java:setOMNodeDetails(654)) - OM Node ID is not set. Setting it to the OmStorage's OmID: 6e9d7bc3-e6e4-4f63-9148-bf63f39b542a
2019-08-22 11:56:22,309 [main] INFO  om.OzoneManager (OzoneManager.java:loadOMHAConfigs(605)) - Found matching OM address with OMServiceId: null, OMNodeId: null, RPC Address: localhost:0 and Ratis port: 9872
2019-08-22 11:56:22,313 | INFO  | SCMAudit | user=jenkins1000 | ip=192.168.5.135 | op=GET_SCM_INFO null | ret=SUCCESS |  
2019-08-22 11:56:22,316 [main] WARN  server.ServerUtils (ServerUtils.java:getDBPath(222)) - ozone.om.db.dirs is not configured. We recommend adding this setting. Falling back to ozone.metadata.dirs instead.
2019-08-22 11:56:22,316 [main] INFO  db.DBStoreBuilder (DBStoreBuilder.java:addTable(110)) - using custom profile for table: userTable
2019-08-22 11:56:22,316 [main] INFO  db.DBStoreBuilder (DBStoreBuilder.java:processTables(161)) - Using default column profile:DBProfile.DISK for Table:userTable
2019-08-22 11:56:22,316 [main] INFO  db.DBStoreBuilder (DBStoreBuilder.java:addTable(110)) - using custom profile for table: volumeTable
2019-08-22 11:56:22,317 [main] INFO  db.DBStoreBuilder (DBStoreBuilder.java:processTables(161)) - Using default column profile:DBProfile.DISK for Table:volumeTable
2019-08-22 11:56:22,317 [main] INFO  db.DBStoreBuilder (DBStoreBuilder.java:addTable(110)) - using custom profile for table: bucketTable
2019-08-22 11:56:22,317 [main] INFO  db.DBStoreBuilder (DBStoreBuilder.java:processTables(161)) - Using default column profile:DBProfile.DISK for Table:bucketTable
2019-08-22 11:56:22,317 [main] INFO  db.DBStoreBuilder (DBStoreBuilder.java:addTable(110)) - using custom profile for table: keyTable
2019-08-22 11:56:22,317 [main] INFO  db.DBStoreBuilder (DBStoreBuilder.java:processTables(161)) - Using default column profile:DBProfile.DISK for Table:keyTable
2019-08-22 11:56:22,318 [main] INFO  db.DBStoreBuilder (DBStoreBuilder.java:addTable(110)) - using custom profile for table: deletedTable
2019-08-22 11:56:22,318 [main] INFO  db.DBStoreBuilder (DBStoreBuilder.java:processTables(161)) - Using default column profile:DBProfile.DISK for Table:deletedTable
2019-08-22 11:56:22,318 [main] INFO  db.DBStoreBuilder (DBStoreBuilder.java:addTable(110)) - using custom profile for table: openKeyTable
2019-08-22 11:56:22,318 [main] INFO  db.DBStoreBuilder (DBStoreBuilder.java:processTables(161)) - Using default column profile:DBProfile.DISK for Table:openKeyTable
2019-08-22 11:56:22,318 [main] INFO  db.DBStoreBuilder (DBStoreBuilder.java:addTable(110)) - using custom profile for table: s3Table
2019-08-22 11:56:22,318 [main] INFO  db.DBStoreBuilder (DBStoreBuilder.java:processTables(161)) - Using default column profile:DBProfile.DISK for Table:s3Table
2019-08-22 11:56:22,319 [main] INFO  db.DBStoreBuilder (DBStoreBuilder.java:addTable(110)) - using custom profile for table: multipartInfoTable
2019-08-22 11:56:22,319 [main] INFO  db.DBStoreBuilder (DBStoreBuilder.java:processTables(161)) - Using default column profile:DBProfile.DISK for Table:multipartInfoTable
2019-08-22 11:56:22,319 [main] INFO  db.DBStoreBuilder (DBStoreBuilder.java:addTable(110)) - using custom profile for table: dTokenTable
2019-08-22 11:56:22,319 [main] INFO  db.DBStoreBuilder (DBStoreBuilder.java:processTables(161)) - Using default column profile:DBProfile.DISK for Table:dTokenTable
2019-08-22 11:56:22,319 [main] INFO  db.DBStoreBuilder (DBStoreBuilder.java:addTable(110)) - using custom profile for table: s3SecretTable
2019-08-22 11:56:22,319 [main] INFO  db.DBStoreBuilder (DBStoreBuilder.java:processTables(161)) - Using default column profile:DBProfile.DISK for Table:s3SecretTable
2019-08-22 11:56:22,320 [main] INFO  db.DBStoreBuilder (DBStoreBuilder.java:addTable(110)) - using custom profile for table: prefixTable
2019-08-22 11:56:22,320 [main] INFO  db.DBStoreBuilder (DBStoreBuilder.java:processTables(161)) - Using default column profile:DBProfile.DISK for Table:prefixTable
2019-08-22 11:56:22,320 [main] INFO  db.DBStoreBuilder (DBStoreBuilder.java:addTable(110)) - using custom profile for table: default
2019-08-22 11:56:22,320 [main] INFO  db.DBStoreBuilder (DBStoreBuilder.java:processTables(167)) - Using default column profile:DBProfile.DISK for Table:default
2019-08-22 11:56:22,320 [main] INFO  db.DBStoreBuilder (DBStoreBuilder.java:getDbProfile(198)) - Using default options. DBProfile.DISK
2019-08-22 11:56:22,847 [main] INFO  ipc.CallQueueManager (CallQueueManager.java:<init>(84)) - Using callQueue: class java.util.concurrent.LinkedBlockingQueue, queueCapacity: 2000, scheduler: class org.apache.hadoop.ipc.DefaultRpcScheduler, ipcBackoff: false.
2019-08-22 11:56:22,848 [Socket Reader #1 for port 36187] INFO  ipc.Server (Server.java:run(1074)) - Starting Socket Reader #1 for port 36187
2019-08-22 11:56:22,864 [main] INFO  om.OzoneManager (OzoneManager.java:start(1259)) - OzoneManager RPC server is listening at localhost/127.0.0.1:36187
2019-08-22 11:56:22,864 [main] INFO  impl.MetricsSystemImpl (MetricsSystemImpl.java:init(158)) - OzoneManager metrics system started (again)
2019-08-22 11:56:22,865 [IPC Server Responder] INFO  ipc.Server (Server.java:run(1314)) - IPC Server Responder: starting
2019-08-22 11:56:22,865 [IPC Server listener on 36187] INFO  ipc.Server (Server.java:run(1153)) - IPC Server listener on 36187: starting
2019-08-22 11:56:22,871 [main] INFO  hdfs.DFSUtil (DFSUtil.java:httpServerTemplateForNNAndJN(1641)) - Starting Web-server for ozoneManager at: http://0.0.0.0:0
2019-08-22 11:56:22,873 [main] INFO  server.AuthenticationFilter (AuthenticationFilter.java:constructSecretProvider(240)) - Unable to initialize FileSignerSecretProvider, falling back to use random secrets.
2019-08-22 11:56:22,873 [main] WARN  http.HttpRequestLog (HttpRequestLog.java:getRequestLog(97)) - Jetty request log can only be enabled using Log4j
2019-08-22 11:56:22,875 [main] INFO  http.HttpServer2 (HttpServer2.java:addGlobalFilter(975)) - Added global filter 'safety' (class=org.apache.hadoop.http.HttpServer2$QuotingInputFilter)
2019-08-22 11:56:22,875 [main] INFO  http.HttpServer2 (HttpServer2.java:addFilter(948)) - Added filter static_user_filter (class=org.apache.hadoop.http.lib.StaticUserWebFilter$StaticUserFilter) to context ozoneManager
2019-08-22 11:56:22,875 [main] INFO  http.HttpServer2 (HttpServer2.java:addFilter(958)) - Added filter static_user_filter (class=org.apache.hadoop.http.lib.StaticUserWebFilter$StaticUserFilter) to context logs
2019-08-22 11:56:22,876 [main] INFO  http.HttpServer2 (HttpServer2.java:addFilter(958)) - Added filter static_user_filter (class=org.apache.hadoop.http.lib.StaticUserWebFilter$StaticUserFilter) to context static
2019-08-22 11:56:22,876 [main] INFO  http.HttpServer2 (HttpServer2.java:bindListener(1191)) - Jetty bound to port 45230
2019-08-22 11:56:22,876 [main] INFO  server.Server (Server.java:doStart(351)) - jetty-9.3.24.v20180605, build timestamp: 2018-06-05T17:11:56Z, git hash: 84205aa28f11a4f31f2a3b86d1bba2cc8ab69827
2019-08-22 11:56:22,878 [main] INFO  handler.ContextHandler (ContextHandler.java:doStart(781)) - Started o.e.j.s.ServletContextHandler@3883b5e9{/logs,file:///workdir/hadoop-ozone/integration-test/target/log,AVAILABLE}
2019-08-22 11:56:22,879 [main] INFO  handler.ContextHandler (ContextHandler.java:doStart(781)) - Started o.e.j.s.ServletContextHandler@20171cdc{/static,file:///workdir/hadoop-ozone/integration-test/target/test-classes/webapps/static,AVAILABLE}
2019-08-22 11:56:22,883 [main] INFO  handler.ContextHandler (ContextHandler.java:doStart(781)) - Started o.e.j.w.WebAppContext@4db16677{/,file:///workdir/hadoop-ozone/integration-test/target/test-classes/webapps/ozoneManager/,AVAILABLE}{/ozoneManager}
2019-08-22 11:56:22,884 [main] INFO  server.AbstractConnector (AbstractConnector.java:doStart(278)) - Started ServerConnector@6abb44cb{HTTP/1.1,[http/1.1]}{0.0.0.0:45230}
2019-08-22 11:56:22,885 [main] INFO  server.Server (Server.java:doStart(419)) - Started @109033ms
2019-08-22 11:56:22,886 [main] INFO  server.BaseHttpServer (BaseHttpServer.java:updateConnectorAddress(213)) - HTTP server of OZONEMANAGER is listening at http://0.0.0.0:45230
2019-08-22 11:56:22,901 [main] INFO  impl.MetricsSystemImpl (MetricsSystemImpl.java:init(158)) - HddsDatanode metrics system started (again)
2019-08-22 11:56:22,905 [main] INFO  ozone.HddsDatanodeService (HddsDatanodeService.java:start(184)) - HddsDatanodeService host:pr-hdds-1981-gl9jh-3406769118 ip:192.168.5.135
2019-08-22 11:56:22,911 [main] INFO  volume.HddsVolume (HddsVolume.java:<init>(176)) - Creating Volume: /workdir/hadoop-ozone/integration-test/target/test-dir/MiniOzoneClusterImpl-7b3b72d3-1b02-413e-a616-a170ee685c37/datanode-0/data/containers/hdds of  storage type : DISK and capacity : 1482555576320
2019-08-22 11:56:22,912 [main] INFO  volume.VolumeSet (VolumeSet.java:initializeVolumeSet(170)) - Added Volume : /workdir/hadoop-ozone/integration-test/target/test-dir/MiniOzoneClusterImpl-7b3b72d3-1b02-413e-a616-a170ee685c37/datanode-0/data/containers/hdds to VolumeSet
2019-08-22 11:56:22,912 [main] INFO  volume.ThrottledAsyncChecker (ThrottledAsyncChecker.java:schedule(140)) - Scheduling a check for org.apache.hadoop.ozone.container.common.volume.HddsVolume@5981f2c6
2019-08-22 11:56:22,912 [main] INFO  volume.HddsVolumeChecker (HddsVolumeChecker.java:checkAllVolumes(203)) - Scheduled health check for volume org.apache.hadoop.ozone.container.common.volume.HddsVolume@5981f2c6
2019-08-22 11:56:22,929 [main] INFO  impl.RaftServerProxy (ConfUtils.java:logGet(43)) - raft.rpc.type = GRPC (default)
2019-08-22 11:56:22,929 [main] INFO  grpc.GrpcFactory (GrpcFactory.java:checkPooledByteBufAllocatorUseCacheForAllThreads(45)) - PERFORMANCE WARNING: useCacheForAllThreads is true that may cause Netty to create a lot garbage objects and, as a result, trigger GC.
	It is recommended to disable useCacheForAllThreads by setting -Dorg.apache.ratis.thirdparty.io.netty.allocator.useCacheForAllThreads=false in command line.
2019-08-22 11:56:22,930 [main] INFO  grpc.GrpcConfigKeys$Server (ConfUtils.java:logGet(43)) - raft.grpc.server.port = 0 (default)
2019-08-22 11:56:22,930 [main] INFO  server.GrpcService (ConfUtils.java:logGet(43)) - raft.grpc.message.size.max = 33570816 (custom)
2019-08-22 11:56:22,930 [main] INFO  server.RaftServerConfigKeys (ConfUtils.java:logGet(43)) - raft.server.log.appender.buffer.byte-limit = 33554432 (custom)
2019-08-22 11:56:22,930 [main] INFO  server.GrpcService (ConfUtils.java:logGet(43)) - raft.grpc.flow.control.window = 1MB (=1048576) (default)
2019-08-22 11:56:22,931 [main] INFO  server.RaftServerConfigKeys (ConfUtils.java:logGet(43)) - raft.server.rpc.request.timeout = 3000ms (default)
2019-08-22 11:56:22,931 [main] INFO  server.RaftServerConfigKeys (ConfUtils.java:logGet(43)) - raft.server.storage.dir = [/workdir/hadoop-ozone/integration-test/target/test-dir/MiniOzoneClusterImpl-7b3b72d3-1b02-413e-a616-a170ee685c37/datanode-0/data/ratis] (custom)
2019-08-22 11:56:22,932 [main] INFO  replication.SimpleContainerDownloader (SimpleContainerDownloader.java:<init>(72)) - Starting container downloader service to copy containers to replicate.
2019-08-22 11:56:22,933 [main] INFO  hdfs.DFSUtil (DFSUtil.java:httpServerTemplateForNNAndJN(1641)) - Starting Web-server for hddsDatanode at: http://0.0.0.0:0
2019-08-22 11:56:22,936 [main] INFO  server.AuthenticationFilter (AuthenticationFilter.java:constructSecretProvider(240)) - Unable to initialize FileSignerSecretProvider, falling back to use random secrets.
2019-08-22 11:56:22,936 [main] WARN  http.HttpRequestLog (HttpRequestLog.java:getRequestLog(97)) - Jetty request log can only be enabled using Log4j
2019-08-22 11:56:22,938 [main] INFO  http.HttpServer2 (HttpServer2.java:addGlobalFilter(975)) - Added global filter 'safety' (class=org.apache.hadoop.http.HttpServer2$QuotingInputFilter)
2019-08-22 11:56:22,939 [main] INFO  http.HttpServer2 (HttpServer2.java:addFilter(948)) - Added filter static_user_filter (class=org.apache.hadoop.http.lib.StaticUserWebFilter$StaticUserFilter) to context hddsDatanode
2019-08-22 11:56:22,939 [main] INFO  http.HttpServer2 (HttpServer2.java:addFilter(958)) - Added filter static_user_filter (class=org.apache.hadoop.http.lib.StaticUserWebFilter$StaticUserFilter) to context static
2019-08-22 11:56:22,939 [main] INFO  http.HttpServer2 (HttpServer2.java:addFilter(958)) - Added filter static_user_filter (class=org.apache.hadoop.http.lib.StaticUserWebFilter$StaticUserFilter) to context logs
2019-08-22 11:56:22,940 [main] INFO  http.HttpServer2 (HttpServer2.java:bindListener(1191)) - Jetty bound to port 39897
2019-08-22 11:56:22,940 [main] INFO  server.Server (Server.java:doStart(351)) - jetty-9.3.24.v20180605, build timestamp: 2018-06-05T17:11:56Z, git hash: 84205aa28f11a4f31f2a3b86d1bba2cc8ab69827
2019-08-22 11:56:22,942 [main] INFO  handler.ContextHandler (ContextHandler.java:doStart(781)) - Started o.e.j.s.ServletContextHandler@771afdd5{/logs,file:///workdir/hadoop-ozone/integration-test/target/log,AVAILABLE}
2019-08-22 11:56:22,942 [main] INFO  handler.ContextHandler (ContextHandler.java:doStart(781)) - Started o.e.j.s.ServletContextHandler@7131d668{/static,jar:file:/home/user/.m2/repository/org/apache/hadoop/hadoop-hdds-container-service/0.5.0-SNAPSHOT/hadoop-hdds-container-service-0.5.0-SNAPSHOT.jar!/webapps/static,AVAILABLE}
2019-08-22 11:56:22,972 [main] INFO  handler.ContextHandler (ContextHandler.java:doStart(781)) - Started o.e.j.w.WebAppContext@62c47480{/,file:///tmp/jetty-0.0.0.0-39897-hddsDatanode-_-any-6171496897877894079.dir/webapp/,AVAILABLE}{/hddsDatanode}
2019-08-22 11:56:22,973 [main] INFO  server.AbstractConnector (AbstractConnector.java:doStart(278)) - Started ServerConnector@7de2bdc7{HTTP/1.1,[http/1.1]}{0.0.0.0:39897}
2019-08-22 11:56:22,975 [main] INFO  server.Server (Server.java:doStart(419)) - Started @109123ms
2019-08-22 11:56:22,976 [main] INFO  server.BaseHttpServer (BaseHttpServer.java:updateConnectorAddress(213)) - HTTP server of HDDSDATANODE is listening at http://0.0.0.0:39897
2019-08-22 11:56:23,108 | INFO  | ObjectStoreRestHttpServer | Listening HDDS REST traffic on /0.0.0.0:44346 |  
2019-08-22 11:56:23,108 [main] INFO  ozone.HddsDatanodeService (HddsDatanodeService.java:startPlugins(395)) - Started plug-in org.apache.hadoop.ozone.web.OzoneHddsDatanodeService@4e02f17d
2019-08-22 11:56:23,108 [main] INFO  impl.MetricsSystemImpl (MetricsSystemImpl.java:init(158)) - HddsDatanode metrics system started (again)
2019-08-22 11:56:23,112 [org.apache.hadoop.util.JvmPauseMonitor$Monitor@4a33f8d6] INFO  util.JvmPauseMonitor (JvmPauseMonitor.java:run(188)) - Starting JVM pause monitor
2019-08-22 11:56:23,112 [main] INFO  ozone.HddsDatanodeService (HddsDatanodeService.java:start(184)) - HddsDatanodeService host:pr-hdds-1981-gl9jh-3406769118 ip:192.168.5.135
2019-08-22 11:56:23,113 [Datanode State Machine Thread - 0] INFO  datanode.InitDatanodeState (InitDatanodeState.java:persistContainerDatanodeDetails(140)) - DatanodeDetails is persisted to /workdir/hadoop-ozone/integration-test/target/test-dir/MiniOzoneClusterImpl-7b3b72d3-1b02-413e-a616-a170ee685c37/datanode-0/meta/datanode.id
2019-08-22 11:56:23,120 [main] INFO  volume.HddsVolume (HddsVolume.java:<init>(176)) - Creating Volume: /workdir/hadoop-ozone/integration-test/target/test-dir/MiniOzoneClusterImpl-7b3b72d3-1b02-413e-a616-a170ee685c37/datanode-1/data/containers/hdds of  storage type : DISK and capacity : 1482555576320
2019-08-22 11:56:23,120 [main] INFO  volume.VolumeSet (VolumeSet.java:initializeVolumeSet(170)) - Added Volume : /workdir/hadoop-ozone/integration-test/target/test-dir/MiniOzoneClusterImpl-7b3b72d3-1b02-413e-a616-a170ee685c37/datanode-1/data/containers/hdds to VolumeSet
2019-08-22 11:56:23,120 [main] INFO  volume.ThrottledAsyncChecker (ThrottledAsyncChecker.java:schedule(140)) - Scheduling a check for org.apache.hadoop.ozone.container.common.volume.HddsVolume@362b384c
2019-08-22 11:56:23,121 [main] INFO  volume.HddsVolumeChecker (HddsVolumeChecker.java:checkAllVolumes(203)) - Scheduled health check for volume org.apache.hadoop.ozone.container.common.volume.HddsVolume@362b384c
2019-08-22 11:56:23,142 [main] INFO  impl.RaftServerProxy (ConfUtils.java:logGet(43)) - raft.rpc.type = GRPC (default)
2019-08-22 11:56:23,142 [main] INFO  grpc.GrpcFactory (GrpcFactory.java:checkPooledByteBufAllocatorUseCacheForAllThreads(45)) - PERFORMANCE WARNING: useCacheForAllThreads is true that may cause Netty to create a lot garbage objects and, as a result, trigger GC.
	It is recommended to disable useCacheForAllThreads by setting -Dorg.apache.ratis.thirdparty.io.netty.allocator.useCacheForAllThreads=false in command line.
2019-08-22 11:56:23,143 [main] INFO  grpc.GrpcConfigKeys$Server (ConfUtils.java:logGet(43)) - raft.grpc.server.port = 0 (default)
2019-08-22 11:56:23,143 [main] INFO  server.GrpcService (ConfUtils.java:logGet(43)) - raft.grpc.message.size.max = 33570816 (custom)
2019-08-22 11:56:23,143 [main] INFO  server.RaftServerConfigKeys (ConfUtils.java:logGet(43)) - raft.server.log.appender.buffer.byte-limit = 33554432 (custom)
2019-08-22 11:56:23,144 [main] INFO  server.GrpcService (ConfUtils.java:logGet(43)) - raft.grpc.flow.control.window = 1MB (=1048576) (default)
2019-08-22 11:56:23,144 [main] INFO  server.RaftServerConfigKeys (ConfUtils.java:logGet(43)) - raft.server.rpc.request.timeout = 3000ms (default)
2019-08-22 11:56:23,144 [main] INFO  server.RaftServerConfigKeys (ConfUtils.java:logGet(43)) - raft.server.storage.dir = [/workdir/hadoop-ozone/integration-test/target/test-dir/MiniOzoneClusterImpl-7b3b72d3-1b02-413e-a616-a170ee685c37/datanode-1/data/ratis] (custom)
2019-08-22 11:56:23,145 [main] INFO  replication.SimpleContainerDownloader (SimpleContainerDownloader.java:<init>(72)) - Starting container downloader service to copy containers to replicate.
2019-08-22 11:56:23,147 [main] INFO  hdfs.DFSUtil (DFSUtil.java:httpServerTemplateForNNAndJN(1641)) - Starting Web-server for hddsDatanode at: http://0.0.0.0:0
2019-08-22 11:56:23,149 [main] INFO  server.AuthenticationFilter (AuthenticationFilter.java:constructSecretProvider(240)) - Unable to initialize FileSignerSecretProvider, falling back to use random secrets.
2019-08-22 11:56:23,149 [main] WARN  http.HttpRequestLog (HttpRequestLog.java:getRequestLog(97)) - Jetty request log can only be enabled using Log4j
2019-08-22 11:56:23,151 [main] INFO  http.HttpServer2 (HttpServer2.java:addGlobalFilter(975)) - Added global filter 'safety' (class=org.apache.hadoop.http.HttpServer2$QuotingInputFilter)
2019-08-22 11:56:23,152 [main] INFO  http.HttpServer2 (HttpServer2.java:addFilter(948)) - Added filter static_user_filter (class=org.apache.hadoop.http.lib.StaticUserWebFilter$StaticUserFilter) to context hddsDatanode
2019-08-22 11:56:23,152 [main] INFO  http.HttpServer2 (HttpServer2.java:addFilter(958)) - Added filter static_user_filter (class=org.apache.hadoop.http.lib.StaticUserWebFilter$StaticUserFilter) to context logs
2019-08-22 11:56:23,152 [main] INFO  http.HttpServer2 (HttpServer2.java:addFilter(958)) - Added filter static_user_filter (class=org.apache.hadoop.http.lib.StaticUserWebFilter$StaticUserFilter) to context static
2019-08-22 11:56:23,153 [main] INFO  http.HttpServer2 (HttpServer2.java:bindListener(1191)) - Jetty bound to port 32835
2019-08-22 11:56:23,153 [main] INFO  server.Server (Server.java:doStart(351)) - jetty-9.3.24.v20180605, build timestamp: 2018-06-05T17:11:56Z, git hash: 84205aa28f11a4f31f2a3b86d1bba2cc8ab69827
2019-08-22 11:56:23,155 [main] INFO  handler.ContextHandler (ContextHandler.java:doStart(781)) - Started o.e.j.s.ServletContextHandler@4be7acd9{/logs,file:///workdir/hadoop-ozone/integration-test/target/log,AVAILABLE}
2019-08-22 11:56:23,155 [main] INFO  handler.ContextHandler (ContextHandler.java:doStart(781)) - Started o.e.j.s.ServletContextHandler@4d79d187{/static,jar:file:/home/user/.m2/repository/org/apache/hadoop/hadoop-hdds-container-service/0.5.0-SNAPSHOT/hadoop-hdds-container-service-0.5.0-SNAPSHOT.jar!/webapps/static,AVAILABLE}
2019-08-22 11:56:23,184 [main] INFO  handler.ContextHandler (ContextHandler.java:doStart(781)) - Started o.e.j.w.WebAppContext@17477bbb{/,file:///tmp/jetty-0.0.0.0-32835-hddsDatanode-_-any-6524127811749635130.dir/webapp/,AVAILABLE}{/hddsDatanode}
2019-08-22 11:56:23,185 [main] INFO  server.AbstractConnector (AbstractConnector.java:doStart(278)) - Started ServerConnector@40fee459{HTTP/1.1,[http/1.1]}{0.0.0.0:32835}
2019-08-22 11:56:23,186 [main] INFO  server.Server (Server.java:doStart(419)) - Started @109334ms
2019-08-22 11:56:23,187 [main] INFO  server.BaseHttpServer (BaseHttpServer.java:updateConnectorAddress(213)) - HTTP server of HDDSDATANODE is listening at http://0.0.0.0:32835
2019-08-22 11:56:23,346 | INFO  | ObjectStoreRestHttpServer | Listening HDDS REST traffic on /0.0.0.0:38975 |  
2019-08-22 11:56:23,346 [main] INFO  ozone.HddsDatanodeService (HddsDatanodeService.java:startPlugins(395)) - Started plug-in org.apache.hadoop.ozone.web.OzoneHddsDatanodeService@1ad9d5be
2019-08-22 11:56:23,347 [main] INFO  impl.MetricsSystemImpl (MetricsSystemImpl.java:init(158)) - HddsDatanode metrics system started (again)
2019-08-22 11:56:23,350 [org.apache.hadoop.util.JvmPauseMonitor$Monitor@49b3e20c] INFO  util.JvmPauseMonitor (JvmPauseMonitor.java:run(188)) - Starting JVM pause monitor
2019-08-22 11:56:23,351 [main] INFO  ozone.HddsDatanodeService (HddsDatanodeService.java:start(184)) - HddsDatanodeService host:pr-hdds-1981-gl9jh-3406769118 ip:192.168.5.135
2019-08-22 11:56:23,352 [Datanode State Machine Thread - 0] INFO  datanode.InitDatanodeState (InitDatanodeState.java:persistContainerDatanodeDetails(140)) - DatanodeDetails is persisted to /workdir/hadoop-ozone/integration-test/target/test-dir/MiniOzoneClusterImpl-7b3b72d3-1b02-413e-a616-a170ee685c37/datanode-1/meta/datanode.id
2019-08-22 11:56:23,358 [main] INFO  volume.HddsVolume (HddsVolume.java:<init>(176)) - Creating Volume: /workdir/hadoop-ozone/integration-test/target/test-dir/MiniOzoneClusterImpl-7b3b72d3-1b02-413e-a616-a170ee685c37/datanode-2/data/containers/hdds of  storage type : DISK and capacity : 1482555576320
2019-08-22 11:56:23,358 [main] INFO  volume.VolumeSet (VolumeSet.java:initializeVolumeSet(170)) - Added Volume : /workdir/hadoop-ozone/integration-test/target/test-dir/MiniOzoneClusterImpl-7b3b72d3-1b02-413e-a616-a170ee685c37/datanode-2/data/containers/hdds to VolumeSet
2019-08-22 11:56:23,358 [main] INFO  volume.ThrottledAsyncChecker (ThrottledAsyncChecker.java:schedule(140)) - Scheduling a check for org.apache.hadoop.ozone.container.common.volume.HddsVolume@1c5d376c
2019-08-22 11:56:23,359 [main] INFO  volume.HddsVolumeChecker (HddsVolumeChecker.java:checkAllVolumes(203)) - Scheduled health check for volume org.apache.hadoop.ozone.container.common.volume.HddsVolume@1c5d376c
2019-08-22 11:56:23,375 [main] INFO  impl.RaftServerProxy (ConfUtils.java:logGet(43)) - raft.rpc.type = GRPC (default)
2019-08-22 11:56:23,375 [main] INFO  grpc.GrpcFactory (GrpcFactory.java:checkPooledByteBufAllocatorUseCacheForAllThreads(45)) - PERFORMANCE WARNING: useCacheForAllThreads is true that may cause Netty to create a lot garbage objects and, as a result, trigger GC.
	It is recommended to disable useCacheForAllThreads by setting -Dorg.apache.ratis.thirdparty.io.netty.allocator.useCacheForAllThreads=false in command line.
2019-08-22 11:56:23,375 [main] INFO  grpc.GrpcConfigKeys$Server (ConfUtils.java:logGet(43)) - raft.grpc.server.port = 0 (default)
2019-08-22 11:56:23,375 [main] INFO  server.GrpcService (ConfUtils.java:logGet(43)) - raft.grpc.message.size.max = 33570816 (custom)
2019-08-22 11:56:23,375 [main] INFO  server.RaftServerConfigKeys (ConfUtils.java:logGet(43)) - raft.server.log.appender.buffer.byte-limit = 33554432 (custom)
2019-08-22 11:56:23,376 [main] INFO  server.GrpcService (ConfUtils.java:logGet(43)) - raft.grpc.flow.control.window = 1MB (=1048576) (default)
2019-08-22 11:56:23,376 [main] INFO  server.RaftServerConfigKeys (ConfUtils.java:logGet(43)) - raft.server.rpc.request.timeout = 3000ms (default)
2019-08-22 11:56:23,377 [main] INFO  server.RaftServerConfigKeys (ConfUtils.java:logGet(43)) - raft.server.storage.dir = [/workdir/hadoop-ozone/integration-test/target/test-dir/MiniOzoneClusterImpl-7b3b72d3-1b02-413e-a616-a170ee685c37/datanode-2/data/ratis] (custom)
2019-08-22 11:56:23,377 [main] INFO  replication.SimpleContainerDownloader (SimpleContainerDownloader.java:<init>(72)) - Starting container downloader service to copy containers to replicate.
2019-08-22 11:56:23,379 [main] INFO  hdfs.DFSUtil (DFSUtil.java:httpServerTemplateForNNAndJN(1641)) - Starting Web-server for hddsDatanode at: http://0.0.0.0:0
2019-08-22 11:56:23,380 [main] INFO  server.AuthenticationFilter (AuthenticationFilter.java:constructSecretProvider(240)) - Unable to initialize FileSignerSecretProvider, falling back to use random secrets.
2019-08-22 11:56:23,380 [main] WARN  http.HttpRequestLog (HttpRequestLog.java:getRequestLog(97)) - Jetty request log can only be enabled using Log4j
2019-08-22 11:56:23,382 [main] INFO  http.HttpServer2 (HttpServer2.java:addGlobalFilter(975)) - Added global filter 'safety' (class=org.apache.hadoop.http.HttpServer2$QuotingInputFilter)
2019-08-22 11:56:23,382 [main] INFO  http.HttpServer2 (HttpServer2.java:addFilter(948)) - Added filter static_user_filter (class=org.apache.hadoop.http.lib.StaticUserWebFilter$StaticUserFilter) to context hddsDatanode
2019-08-22 11:56:23,382 [main] INFO  http.HttpServer2 (HttpServer2.java:addFilter(958)) - Added filter static_user_filter (class=org.apache.hadoop.http.lib.StaticUserWebFilter$StaticUserFilter) to context logs
2019-08-22 11:56:23,382 [main] INFO  http.HttpServer2 (HttpServer2.java:addFilter(958)) - Added filter static_user_filter (class=org.apache.hadoop.http.lib.StaticUserWebFilter$StaticUserFilter) to context static
2019-08-22 11:56:23,383 [main] INFO  http.HttpServer2 (HttpServer2.java:bindListener(1191)) - Jetty bound to port 41504
2019-08-22 11:56:23,383 [main] INFO  server.Server (Server.java:doStart(351)) - jetty-9.3.24.v20180605, build timestamp: 2018-06-05T17:11:56Z, git hash: 84205aa28f11a4f31f2a3b86d1bba2cc8ab69827
2019-08-22 11:56:23,385 [main] INFO  handler.ContextHandler (ContextHandler.java:doStart(781)) - Started o.e.j.s.ServletContextHandler@51c6e775{/logs,file:///workdir/hadoop-ozone/integration-test/target/log,AVAILABLE}
2019-08-22 11:56:23,386 [main] INFO  handler.ContextHandler (ContextHandler.java:doStart(781)) - Started o.e.j.s.ServletContextHandler@6c8d638a{/static,jar:file:/home/user/.m2/repository/org/apache/hadoop/hadoop-hdds-container-service/0.5.0-SNAPSHOT/hadoop-hdds-container-service-0.5.0-SNAPSHOT.jar!/webapps/static,AVAILABLE}
2019-08-22 11:56:23,411 [main] INFO  handler.ContextHandler (ContextHandler.java:doStart(781)) - Started o.e.j.w.WebAppContext@571c2ed8{/,file:///tmp/jetty-0.0.0.0-41504-hddsDatanode-_-any-2793623443727708974.dir/webapp/,AVAILABLE}{/hddsDatanode}
2019-08-22 11:56:23,411 [main] INFO  server.AbstractConnector (AbstractConnector.java:doStart(278)) - Started ServerConnector@5810772a{HTTP/1.1,[http/1.1]}{0.0.0.0:41504}
2019-08-22 11:56:23,413 [main] INFO  server.Server (Server.java:doStart(419)) - Started @109560ms
2019-08-22 11:56:23,413 [main] INFO  server.BaseHttpServer (BaseHttpServer.java:updateConnectorAddress(213)) - HTTP server of HDDSDATANODE is listening at http://0.0.0.0:41504
2019-08-22 11:56:23,547 | INFO  | ObjectStoreRestHttpServer | Listening HDDS REST traffic on /0.0.0.0:35832 |  
2019-08-22 11:56:23,547 [main] INFO  ozone.HddsDatanodeService (HddsDatanodeService.java:startPlugins(395)) - Started plug-in org.apache.hadoop.ozone.web.OzoneHddsDatanodeService@71d78cac
2019-08-22 11:56:23,548 [main] INFO  impl.MetricsSystemImpl (MetricsSystemImpl.java:init(158)) - HddsDatanode metrics system started (again)
2019-08-22 11:56:23,551 [org.apache.hadoop.util.JvmPauseMonitor$Monitor@733bd205] INFO  util.JvmPauseMonitor (JvmPauseMonitor.java:run(188)) - Starting JVM pause monitor
2019-08-22 11:56:23,552 [main] INFO  ozone.HddsDatanodeService (HddsDatanodeService.java:start(184)) - HddsDatanodeService host:pr-hdds-1981-gl9jh-3406769118 ip:192.168.5.135
2019-08-22 11:56:23,553 [Datanode State Machine Thread - 0] INFO  datanode.InitDatanodeState (InitDatanodeState.java:persistContainerDatanodeDetails(140)) - DatanodeDetails is persisted to /workdir/hadoop-ozone/integration-test/target/test-dir/MiniOzoneClusterImpl-7b3b72d3-1b02-413e-a616-a170ee685c37/datanode-2/meta/datanode.id
2019-08-22 11:56:23,564 [main] INFO  volume.HddsVolume (HddsVolume.java:<init>(176)) - Creating Volume: /workdir/hadoop-ozone/integration-test/target/test-dir/MiniOzoneClusterImpl-7b3b72d3-1b02-413e-a616-a170ee685c37/datanode-3/data/containers/hdds of  storage type : DISK and capacity : 1482555576320
2019-08-22 11:56:23,565 [main] INFO  volume.VolumeSet (VolumeSet.java:initializeVolumeSet(170)) - Added Volume : /workdir/hadoop-ozone/integration-test/target/test-dir/MiniOzoneClusterImpl-7b3b72d3-1b02-413e-a616-a170ee685c37/datanode-3/data/containers/hdds to VolumeSet
2019-08-22 11:56:23,565 [main] INFO  volume.ThrottledAsyncChecker (ThrottledAsyncChecker.java:schedule(140)) - Scheduling a check for org.apache.hadoop.ozone.container.common.volume.HddsVolume@795131d6
2019-08-22 11:56:23,565 [main] INFO  volume.HddsVolumeChecker (HddsVolumeChecker.java:checkAllVolumes(203)) - Scheduled health check for volume org.apache.hadoop.ozone.container.common.volume.HddsVolume@795131d6
2019-08-22 11:56:23,581 [main] INFO  impl.RaftServerProxy (ConfUtils.java:logGet(43)) - raft.rpc.type = GRPC (default)
2019-08-22 11:56:23,581 [main] INFO  grpc.GrpcFactory (GrpcFactory.java:checkPooledByteBufAllocatorUseCacheForAllThreads(45)) - PERFORMANCE WARNING: useCacheForAllThreads is true that may cause Netty to create a lot garbage objects and, as a result, trigger GC.
	It is recommended to disable useCacheForAllThreads by setting -Dorg.apache.ratis.thirdparty.io.netty.allocator.useCacheForAllThreads=false in command line.
2019-08-22 11:56:23,582 [main] INFO  grpc.GrpcConfigKeys$Server (ConfUtils.java:logGet(43)) - raft.grpc.server.port = 0 (default)
2019-08-22 11:56:23,582 [main] INFO  server.GrpcService (ConfUtils.java:logGet(43)) - raft.grpc.message.size.max = 33570816 (custom)
2019-08-22 11:56:23,582 [main] INFO  server.RaftServerConfigKeys (ConfUtils.java:logGet(43)) - raft.server.log.appender.buffer.byte-limit = 33554432 (custom)
2019-08-22 11:56:23,582 [main] INFO  server.GrpcService (ConfUtils.java:logGet(43)) - raft.grpc.flow.control.window = 1MB (=1048576) (default)
2019-08-22 11:56:23,582 [main] INFO  server.RaftServerConfigKeys (ConfUtils.java:logGet(43)) - raft.server.rpc.request.timeout = 3000ms (default)
2019-08-22 11:56:23,583 [main] INFO  server.RaftServerConfigKeys (ConfUtils.java:logGet(43)) - raft.server.storage.dir = [/workdir/hadoop-ozone/integration-test/target/test-dir/MiniOzoneClusterImpl-7b3b72d3-1b02-413e-a616-a170ee685c37/datanode-3/data/ratis] (custom)
2019-08-22 11:56:23,583 [main] INFO  replication.SimpleContainerDownloader (SimpleContainerDownloader.java:<init>(72)) - Starting container downloader service to copy containers to replicate.
2019-08-22 11:56:23,585 [main] INFO  hdfs.DFSUtil (DFSUtil.java:httpServerTemplateForNNAndJN(1641)) - Starting Web-server for hddsDatanode at: http://0.0.0.0:0
2019-08-22 11:56:23,586 [main] INFO  server.AuthenticationFilter (AuthenticationFilter.java:constructSecretProvider(240)) - Unable to initialize FileSignerSecretProvider, falling back to use random secrets.
2019-08-22 11:56:23,587 [main] WARN  http.HttpRequestLog (HttpRequestLog.java:getRequestLog(97)) - Jetty request log can only be enabled using Log4j
2019-08-22 11:56:23,588 [main] INFO  http.HttpServer2 (HttpServer2.java:addGlobalFilter(975)) - Added global filter 'safety' (class=org.apache.hadoop.http.HttpServer2$QuotingInputFilter)
2019-08-22 11:56:23,588 [main] INFO  http.HttpServer2 (HttpServer2.java:addFilter(948)) - Added filter static_user_filter (class=org.apache.hadoop.http.lib.StaticUserWebFilter$StaticUserFilter) to context hddsDatanode
2019-08-22 11:56:23,588 [main] INFO  http.HttpServer2 (HttpServer2.java:addFilter(958)) - Added filter static_user_filter (class=org.apache.hadoop.http.lib.StaticUserWebFilter$StaticUserFilter) to context static
2019-08-22 11:56:23,589 [main] INFO  http.HttpServer2 (HttpServer2.java:addFilter(958)) - Added filter static_user_filter (class=org.apache.hadoop.http.lib.StaticUserWebFilter$StaticUserFilter) to context logs
2019-08-22 11:56:23,589 [main] INFO  http.HttpServer2 (HttpServer2.java:bindListener(1191)) - Jetty bound to port 42780
2019-08-22 11:56:23,589 [main] INFO  server.Server (Server.java:doStart(351)) - jetty-9.3.24.v20180605, build timestamp: 2018-06-05T17:11:56Z, git hash: 84205aa28f11a4f31f2a3b86d1bba2cc8ab69827
2019-08-22 11:56:23,591 [main] INFO  handler.ContextHandler (ContextHandler.java:doStart(781)) - Started o.e.j.s.ServletContextHandler@61ca5134{/logs,file:///workdir/hadoop-ozone/integration-test/target/log,AVAILABLE}
2019-08-22 11:56:23,592 [main] INFO  handler.ContextHandler (ContextHandler.java:doStart(781)) - Started o.e.j.s.ServletContextHandler@8636cf4{/static,jar:file:/home/user/.m2/repository/org/apache/hadoop/hadoop-hdds-container-service/0.5.0-SNAPSHOT/hadoop-hdds-container-service-0.5.0-SNAPSHOT.jar!/webapps/static,AVAILABLE}
2019-08-22 11:56:23,619 [main] INFO  handler.ContextHandler (ContextHandler.java:doStart(781)) - Started o.e.j.w.WebAppContext@5516ee5{/,file:///tmp/jetty-0.0.0.0-42780-hddsDatanode-_-any-6909441325007555054.dir/webapp/,AVAILABLE}{/hddsDatanode}
2019-08-22 11:56:23,620 [main] INFO  server.AbstractConnector (AbstractConnector.java:doStart(278)) - Started ServerConnector@6765b6a2{HTTP/1.1,[http/1.1]}{0.0.0.0:42780}
2019-08-22 11:56:23,621 [main] INFO  server.Server (Server.java:doStart(419)) - Started @109769ms
2019-08-22 11:56:23,622 [main] INFO  server.BaseHttpServer (BaseHttpServer.java:updateConnectorAddress(213)) - HTTP server of HDDSDATANODE is listening at http://0.0.0.0:42780
2019-08-22 11:56:23,727 | INFO  | ObjectStoreRestHttpServer | Listening HDDS REST traffic on /0.0.0.0:35159 |  
2019-08-22 11:56:23,727 [main] INFO  ozone.HddsDatanodeService (HddsDatanodeService.java:startPlugins(395)) - Started plug-in org.apache.hadoop.ozone.web.OzoneHddsDatanodeService@53d15034
2019-08-22 11:56:23,727 [main] INFO  impl.MetricsSystemImpl (MetricsSystemImpl.java:init(158)) - HddsDatanode metrics system started (again)
2019-08-22 11:56:23,730 [main] INFO  ozone.HddsDatanodeService (HddsDatanodeService.java:start(184)) - HddsDatanodeService host:pr-hdds-1981-gl9jh-3406769118 ip:192.168.5.135
2019-08-22 11:56:23,731 [org.apache.hadoop.util.JvmPauseMonitor$Monitor@1fd4f2cb] INFO  util.JvmPauseMonitor (JvmPauseMonitor.java:run(188)) - Starting JVM pause monitor
2019-08-22 11:56:23,732 [Datanode State Machine Thread - 0] INFO  datanode.InitDatanodeState (InitDatanodeState.java:persistContainerDatanodeDetails(140)) - DatanodeDetails is persisted to /workdir/hadoop-ozone/integration-test/target/test-dir/MiniOzoneClusterImpl-7b3b72d3-1b02-413e-a616-a170ee685c37/datanode-3/meta/datanode.id
2019-08-22 11:56:23,743 [main] INFO  volume.HddsVolume (HddsVolume.java:<init>(176)) - Creating Volume: /workdir/hadoop-ozone/integration-test/target/test-dir/MiniOzoneClusterImpl-7b3b72d3-1b02-413e-a616-a170ee685c37/datanode-4/data/containers/hdds of  storage type : DISK and capacity : 1482555576320
2019-08-22 11:56:23,743 [main] INFO  volume.VolumeSet (VolumeSet.java:initializeVolumeSet(170)) - Added Volume : /workdir/hadoop-ozone/integration-test/target/test-dir/MiniOzoneClusterImpl-7b3b72d3-1b02-413e-a616-a170ee685c37/datanode-4/data/containers/hdds to VolumeSet
2019-08-22 11:56:23,743 [main] INFO  volume.ThrottledAsyncChecker (ThrottledAsyncChecker.java:schedule(140)) - Scheduling a check for org.apache.hadoop.ozone.container.common.volume.HddsVolume@2682cccc
2019-08-22 11:56:23,744 [main] INFO  volume.HddsVolumeChecker (HddsVolumeChecker.java:checkAllVolumes(203)) - Scheduled health check for volume org.apache.hadoop.ozone.container.common.volume.HddsVolume@2682cccc
2019-08-22 11:56:23,757 [main] INFO  impl.RaftServerProxy (ConfUtils.java:logGet(43)) - raft.rpc.type = GRPC (default)
2019-08-22 11:56:23,757 [main] INFO  grpc.GrpcFactory (GrpcFactory.java:checkPooledByteBufAllocatorUseCacheForAllThreads(45)) - PERFORMANCE WARNING: useCacheForAllThreads is true that may cause Netty to create a lot garbage objects and, as a result, trigger GC.
	It is recommended to disable useCacheForAllThreads by setting -Dorg.apache.ratis.thirdparty.io.netty.allocator.useCacheForAllThreads=false in command line.
2019-08-22 11:56:23,757 [main] INFO  grpc.GrpcConfigKeys$Server (ConfUtils.java:logGet(43)) - raft.grpc.server.port = 0 (default)
2019-08-22 11:56:23,758 [main] INFO  server.GrpcService (ConfUtils.java:logGet(43)) - raft.grpc.message.size.max = 33570816 (custom)
2019-08-22 11:56:23,758 [main] INFO  server.RaftServerConfigKeys (ConfUtils.java:logGet(43)) - raft.server.log.appender.buffer.byte-limit = 33554432 (custom)
2019-08-22 11:56:23,758 [main] INFO  server.GrpcService (ConfUtils.java:logGet(43)) - raft.grpc.flow.control.window = 1MB (=1048576) (default)
2019-08-22 11:56:23,758 [main] INFO  server.RaftServerConfigKeys (ConfUtils.java:logGet(43)) - raft.server.rpc.request.timeout = 3000ms (default)
2019-08-22 11:56:23,759 [main] INFO  server.RaftServerConfigKeys (ConfUtils.java:logGet(43)) - raft.server.storage.dir = [/workdir/hadoop-ozone/integration-test/target/test-dir/MiniOzoneClusterImpl-7b3b72d3-1b02-413e-a616-a170ee685c37/datanode-4/data/ratis] (custom)
2019-08-22 11:56:23,759 [main] INFO  replication.SimpleContainerDownloader (SimpleContainerDownloader.java:<init>(72)) - Starting container downloader service to copy containers to replicate.
2019-08-22 11:56:23,760 [main] INFO  hdfs.DFSUtil (DFSUtil.java:httpServerTemplateForNNAndJN(1641)) - Starting Web-server for hddsDatanode at: http://0.0.0.0:0
2019-08-22 11:56:23,761 [main] INFO  server.AuthenticationFilter (AuthenticationFilter.java:constructSecretProvider(240)) - Unable to initialize FileSignerSecretProvider, falling back to use random secrets.
2019-08-22 11:56:23,761 [main] WARN  http.HttpRequestLog (HttpRequestLog.java:getRequestLog(97)) - Jetty request log can only be enabled using Log4j
2019-08-22 11:56:23,763 [main] INFO  http.HttpServer2 (HttpServer2.java:addGlobalFilter(975)) - Added global filter 'safety' (class=org.apache.hadoop.http.HttpServer2$QuotingInputFilter)
2019-08-22 11:56:23,763 [main] INFO  http.HttpServer2 (HttpServer2.java:addFilter(948)) - Added filter static_user_filter (class=org.apache.hadoop.http.lib.StaticUserWebFilter$StaticUserFilter) to context hddsDatanode
2019-08-22 11:56:23,763 [main] INFO  http.HttpServer2 (HttpServer2.java:addFilter(958)) - Added filter static_user_filter (class=org.apache.hadoop.http.lib.StaticUserWebFilter$StaticUserFilter) to context logs
2019-08-22 11:56:23,763 [main] INFO  http.HttpServer2 (HttpServer2.java:addFilter(958)) - Added filter static_user_filter (class=org.apache.hadoop.http.lib.StaticUserWebFilter$StaticUserFilter) to context static
2019-08-22 11:56:23,764 [main] INFO  http.HttpServer2 (HttpServer2.java:bindListener(1191)) - Jetty bound to port 35604
2019-08-22 11:56:23,764 [main] INFO  server.Server (Server.java:doStart(351)) - jetty-9.3.24.v20180605, build timestamp: 2018-06-05T17:11:56Z, git hash: 84205aa28f11a4f31f2a3b86d1bba2cc8ab69827
2019-08-22 11:56:23,766 [main] INFO  handler.ContextHandler (ContextHandler.java:doStart(781)) - Started o.e.j.s.ServletContextHandler@5b3ee43e{/logs,file:///workdir/hadoop-ozone/integration-test/target/log,AVAILABLE}
2019-08-22 11:56:23,766 [main] INFO  handler.ContextHandler (ContextHandler.java:doStart(781)) - Started o.e.j.s.ServletContextHandler@18a38bba{/static,jar:file:/home/user/.m2/repository/org/apache/hadoop/hadoop-hdds-container-service/0.5.0-SNAPSHOT/hadoop-hdds-container-service-0.5.0-SNAPSHOT.jar!/webapps/static,AVAILABLE}
2019-08-22 11:56:23,788 [main] INFO  handler.ContextHandler (ContextHandler.java:doStart(781)) - Started o.e.j.w.WebAppContext@58945295{/,file:///tmp/jetty-0.0.0.0-35604-hddsDatanode-_-any-784932959657513022.dir/webapp/,AVAILABLE}{/hddsDatanode}
2019-08-22 11:56:23,789 [main] INFO  server.AbstractConnector (AbstractConnector.java:doStart(278)) - Started ServerConnector@b63365c{HTTP/1.1,[http/1.1]}{0.0.0.0:35604}
2019-08-22 11:56:23,790 [main] INFO  server.Server (Server.java:doStart(419)) - Started @109937ms
2019-08-22 11:56:23,791 [main] INFO  server.BaseHttpServer (BaseHttpServer.java:updateConnectorAddress(213)) - HTTP server of HDDSDATANODE is listening at http://0.0.0.0:35604
2019-08-22 11:56:23,895 | INFO  | ObjectStoreRestHttpServer | Listening HDDS REST traffic on /0.0.0.0:42561 |  
2019-08-22 11:56:23,895 [main] INFO  ozone.HddsDatanodeService (HddsDatanodeService.java:startPlugins(395)) - Started plug-in org.apache.hadoop.ozone.web.OzoneHddsDatanodeService@14b4ce6f
2019-08-22 11:56:23,895 [main] INFO  impl.MetricsSystemImpl (MetricsSystemImpl.java:init(158)) - HddsDatanode metrics system started (again)
2019-08-22 11:56:23,899 [org.apache.hadoop.util.JvmPauseMonitor$Monitor@6b6963f5] INFO  util.JvmPauseMonitor (JvmPauseMonitor.java:run(188)) - Starting JVM pause monitor
2019-08-22 11:56:23,900 [main] INFO  ozone.HddsDatanodeService (HddsDatanodeService.java:start(184)) - HddsDatanodeService host:pr-hdds-1981-gl9jh-3406769118 ip:192.168.5.135
2019-08-22 11:56:23,901 [Datanode State Machine Thread - 0] INFO  datanode.InitDatanodeState (InitDatanodeState.java:persistContainerDatanodeDetails(140)) - DatanodeDetails is persisted to /workdir/hadoop-ozone/integration-test/target/test-dir/MiniOzoneClusterImpl-7b3b72d3-1b02-413e-a616-a170ee685c37/datanode-4/meta/datanode.id
2019-08-22 11:56:23,909 [main] INFO  volume.HddsVolume (HddsVolume.java:<init>(176)) - Creating Volume: /workdir/hadoop-ozone/integration-test/target/test-dir/MiniOzoneClusterImpl-7b3b72d3-1b02-413e-a616-a170ee685c37/datanode-5/data/containers/hdds of  storage type : DISK and capacity : 1482555576320
2019-08-22 11:56:23,910 [main] INFO  volume.VolumeSet (VolumeSet.java:initializeVolumeSet(170)) - Added Volume : /workdir/hadoop-ozone/integration-test/target/test-dir/MiniOzoneClusterImpl-7b3b72d3-1b02-413e-a616-a170ee685c37/datanode-5/data/containers/hdds to VolumeSet
2019-08-22 11:56:23,910 [main] INFO  volume.ThrottledAsyncChecker (ThrottledAsyncChecker.java:schedule(140)) - Scheduling a check for org.apache.hadoop.ozone.container.common.volume.HddsVolume@5527dbb0
2019-08-22 11:56:23,911 [main] INFO  volume.HddsVolumeChecker (HddsVolumeChecker.java:checkAllVolumes(203)) - Scheduled health check for volume org.apache.hadoop.ozone.container.common.volume.HddsVolume@5527dbb0
2019-08-22 11:56:23,930 [main] INFO  impl.RaftServerProxy (ConfUtils.java:logGet(43)) - raft.rpc.type = GRPC (default)
2019-08-22 11:56:23,930 [main] INFO  grpc.GrpcFactory (GrpcFactory.java:checkPooledByteBufAllocatorUseCacheForAllThreads(45)) - PERFORMANCE WARNING: useCacheForAllThreads is true that may cause Netty to create a lot garbage objects and, as a result, trigger GC.
	It is recommended to disable useCacheForAllThreads by setting -Dorg.apache.ratis.thirdparty.io.netty.allocator.useCacheForAllThreads=false in command line.
2019-08-22 11:56:23,930 [main] INFO  grpc.GrpcConfigKeys$Server (ConfUtils.java:logGet(43)) - raft.grpc.server.port = 0 (default)
2019-08-22 11:56:23,931 [main] INFO  server.GrpcService (ConfUtils.java:logGet(43)) - raft.grpc.message.size.max = 33570816 (custom)
2019-08-22 11:56:23,931 [main] INFO  server.RaftServerConfigKeys (ConfUtils.java:logGet(43)) - raft.server.log.appender.buffer.byte-limit = 33554432 (custom)
2019-08-22 11:56:23,931 [main] INFO  server.GrpcService (ConfUtils.java:logGet(43)) - raft.grpc.flow.control.window = 1MB (=1048576) (default)
2019-08-22 11:56:23,931 [main] INFO  server.RaftServerConfigKeys (ConfUtils.java:logGet(43)) - raft.server.rpc.request.timeout = 3000ms (default)
2019-08-22 11:56:23,932 [main] INFO  server.RaftServerConfigKeys (ConfUtils.java:logGet(43)) - raft.server.storage.dir = [/workdir/hadoop-ozone/integration-test/target/test-dir/MiniOzoneClusterImpl-7b3b72d3-1b02-413e-a616-a170ee685c37/datanode-5/data/ratis] (custom)
2019-08-22 11:56:23,933 [main] INFO  replication.SimpleContainerDownloader (SimpleContainerDownloader.java:<init>(72)) - Starting container downloader service to copy containers to replicate.
2019-08-22 11:56:23,934 [main] INFO  hdfs.DFSUtil (DFSUtil.java:httpServerTemplateForNNAndJN(1641)) - Starting Web-server for hddsDatanode at: http://0.0.0.0:0
2019-08-22 11:56:23,935 [main] INFO  server.AuthenticationFilter (AuthenticationFilter.java:constructSecretProvider(240)) - Unable to initialize FileSignerSecretProvider, falling back to use random secrets.
2019-08-22 11:56:23,935 [main] WARN  http.HttpRequestLog (HttpRequestLog.java:getRequestLog(97)) - Jetty request log can only be enabled using Log4j
2019-08-22 11:56:23,936 [main] INFO  http.HttpServer2 (HttpServer2.java:addGlobalFilter(975)) - Added global filter 'safety' (class=org.apache.hadoop.http.HttpServer2$QuotingInputFilter)
2019-08-22 11:56:23,937 [main] INFO  http.HttpServer2 (HttpServer2.java:addFilter(948)) - Added filter static_user_filter (class=org.apache.hadoop.http.lib.StaticUserWebFilter$StaticUserFilter) to context hddsDatanode
2019-08-22 11:56:23,937 [main] INFO  http.HttpServer2 (HttpServer2.java:addFilter(958)) - Added filter static_user_filter (class=org.apache.hadoop.http.lib.StaticUserWebFilter$StaticUserFilter) to context logs
2019-08-22 11:56:23,937 [main] INFO  http.HttpServer2 (HttpServer2.java:addFilter(958)) - Added filter static_user_filter (class=org.apache.hadoop.http.lib.StaticUserWebFilter$StaticUserFilter) to context static
2019-08-22 11:56:23,937 [main] INFO  http.HttpServer2 (HttpServer2.java:bindListener(1191)) - Jetty bound to port 32991
2019-08-22 11:56:23,938 [main] INFO  server.Server (Server.java:doStart(351)) - jetty-9.3.24.v20180605, build timestamp: 2018-06-05T17:11:56Z, git hash: 84205aa28f11a4f31f2a3b86d1bba2cc8ab69827
2019-08-22 11:56:23,939 [main] INFO  handler.ContextHandler (ContextHandler.java:doStart(781)) - Started o.e.j.s.ServletContextHandler@2a79da3a{/logs,file:///workdir/hadoop-ozone/integration-test/target/log,AVAILABLE}
2019-08-22 11:56:23,939 [main] INFO  handler.ContextHandler (ContextHandler.java:doStart(781)) - Started o.e.j.s.ServletContextHandler@c8531b9{/static,jar:file:/home/user/.m2/repository/org/apache/hadoop/hadoop-hdds-container-service/0.5.0-SNAPSHOT/hadoop-hdds-container-service-0.5.0-SNAPSHOT.jar!/webapps/static,AVAILABLE}
2019-08-22 11:56:23,963 [main] INFO  handler.ContextHandler (ContextHandler.java:doStart(781)) - Started o.e.j.w.WebAppContext@71f437d7{/,file:///tmp/jetty-0.0.0.0-32991-hddsDatanode-_-any-6941655590595198187.dir/webapp/,AVAILABLE}{/hddsDatanode}
2019-08-22 11:56:23,963 [main] INFO  server.AbstractConnector (AbstractConnector.java:doStart(278)) - Started ServerConnector@5186c801{HTTP/1.1,[http/1.1]}{0.0.0.0:32991}
2019-08-22 11:56:23,965 [main] INFO  server.Server (Server.java:doStart(419)) - Started @110112ms
2019-08-22 11:56:23,966 [main] INFO  server.BaseHttpServer (BaseHttpServer.java:updateConnectorAddress(213)) - HTTP server of HDDSDATANODE is listening at http://0.0.0.0:32991
2019-08-22 11:56:24,174 | INFO  | ObjectStoreRestHttpServer | Listening HDDS REST traffic on /0.0.0.0:34091 |  
2019-08-22 11:56:24,250 [main] INFO  ozone.HddsDatanodeService (HddsDatanodeService.java:startPlugins(395)) - Started plug-in org.apache.hadoop.ozone.web.OzoneHddsDatanodeService@792b9dd3
2019-08-22 11:56:24,250 [main] INFO  impl.MetricsSystemImpl (MetricsSystemImpl.java:init(158)) - HddsDatanode metrics system started (again)
2019-08-22 11:56:24,264 [org.apache.hadoop.util.JvmPauseMonitor$Monitor@72128301] INFO  util.JvmPauseMonitor (JvmPauseMonitor.java:run(188)) - Starting JVM pause monitor
2019-08-22 11:56:24,267 [main] INFO  ozone.HddsDatanodeService (HddsDatanodeService.java:start(184)) - HddsDatanodeService host:pr-hdds-1981-gl9jh-3406769118 ip:192.168.5.135
2019-08-22 11:56:24,275 [Datanode State Machine Thread - 0] INFO  datanode.InitDatanodeState (InitDatanodeState.java:persistContainerDatanodeDetails(140)) - DatanodeDetails is persisted to /workdir/hadoop-ozone/integration-test/target/test-dir/MiniOzoneClusterImpl-7b3b72d3-1b02-413e-a616-a170ee685c37/datanode-5/meta/datanode.id
2019-08-22 11:56:24,284 [main] INFO  volume.HddsVolume (HddsVolume.java:<init>(176)) - Creating Volume: /workdir/hadoop-ozone/integration-test/target/test-dir/MiniOzoneClusterImpl-7b3b72d3-1b02-413e-a616-a170ee685c37/datanode-6/data/containers/hdds of  storage type : DISK and capacity : 1482555576320
2019-08-22 11:56:24,284 [main] INFO  volume.VolumeSet (VolumeSet.java:initializeVolumeSet(170)) - Added Volume : /workdir/hadoop-ozone/integration-test/target/test-dir/MiniOzoneClusterImpl-7b3b72d3-1b02-413e-a616-a170ee685c37/datanode-6/data/containers/hdds to VolumeSet
2019-08-22 11:56:24,284 [main] INFO  volume.ThrottledAsyncChecker (ThrottledAsyncChecker.java:schedule(140)) - Scheduling a check for org.apache.hadoop.ozone.container.common.volume.HddsVolume@2c6efee3
2019-08-22 11:56:24,285 [main] INFO  volume.HddsVolumeChecker (HddsVolumeChecker.java:checkAllVolumes(203)) - Scheduled health check for volume org.apache.hadoop.ozone.container.common.volume.HddsVolume@2c6efee3
2019-08-22 11:56:24,297 [main] INFO  impl.RaftServerProxy (ConfUtils.java:logGet(43)) - raft.rpc.type = GRPC (default)
2019-08-22 11:56:24,298 [main] INFO  grpc.GrpcFactory (GrpcFactory.java:checkPooledByteBufAllocatorUseCacheForAllThreads(45)) - PERFORMANCE WARNING: useCacheForAllThreads is true that may cause Netty to create a lot garbage objects and, as a result, trigger GC.
	It is recommended to disable useCacheForAllThreads by setting -Dorg.apache.ratis.thirdparty.io.netty.allocator.useCacheForAllThreads=false in command line.
2019-08-22 11:56:24,298 [main] INFO  grpc.GrpcConfigKeys$Server (ConfUtils.java:logGet(43)) - raft.grpc.server.port = 0 (default)
2019-08-22 11:56:24,298 [main] INFO  server.GrpcService (ConfUtils.java:logGet(43)) - raft.grpc.message.size.max = 33570816 (custom)
2019-08-22 11:56:24,298 [main] INFO  server.RaftServerConfigKeys (ConfUtils.java:logGet(43)) - raft.server.log.appender.buffer.byte-limit = 33554432 (custom)
2019-08-22 11:56:24,298 [main] INFO  server.GrpcService (ConfUtils.java:logGet(43)) - raft.grpc.flow.control.window = 1MB (=1048576) (default)
2019-08-22 11:56:24,298 [main] INFO  server.RaftServerConfigKeys (ConfUtils.java:logGet(43)) - raft.server.rpc.request.timeout = 3000ms (default)
2019-08-22 11:56:24,299 [main] INFO  server.RaftServerConfigKeys (ConfUtils.java:logGet(43)) - raft.server.storage.dir = [/workdir/hadoop-ozone/integration-test/target/test-dir/MiniOzoneClusterImpl-7b3b72d3-1b02-413e-a616-a170ee685c37/datanode-6/data/ratis] (custom)
2019-08-22 11:56:24,299 [main] INFO  replication.SimpleContainerDownloader (SimpleContainerDownloader.java:<init>(72)) - Starting container downloader service to copy containers to replicate.
2019-08-22 11:56:24,300 [main] INFO  hdfs.DFSUtil (DFSUtil.java:httpServerTemplateForNNAndJN(1641)) - Starting Web-server for hddsDatanode at: http://0.0.0.0:0
2019-08-22 11:56:24,301 [main] INFO  server.AuthenticationFilter (AuthenticationFilter.java:constructSecretProvider(240)) - Unable to initialize FileSignerSecretProvider, falling back to use random secrets.
2019-08-22 11:56:24,302 [main] WARN  http.HttpRequestLog (HttpRequestLog.java:getRequestLog(97)) - Jetty request log can only be enabled using Log4j
2019-08-22 11:56:24,303 [main] INFO  http.HttpServer2 (HttpServer2.java:addGlobalFilter(975)) - Added global filter 'safety' (class=org.apache.hadoop.http.HttpServer2$QuotingInputFilter)
2019-08-22 11:56:24,304 [main] INFO  http.HttpServer2 (HttpServer2.java:addFilter(948)) - Added filter static_user_filter (class=org.apache.hadoop.http.lib.StaticUserWebFilter$StaticUserFilter) to context hddsDatanode
2019-08-22 11:56:24,304 [main] INFO  http.HttpServer2 (HttpServer2.java:addFilter(958)) - Added filter static_user_filter (class=org.apache.hadoop.http.lib.StaticUserWebFilter$StaticUserFilter) to context logs
2019-08-22 11:56:24,304 [main] INFO  http.HttpServer2 (HttpServer2.java:addFilter(958)) - Added filter static_user_filter (class=org.apache.hadoop.http.lib.StaticUserWebFilter$StaticUserFilter) to context static
2019-08-22 11:56:24,305 [main] INFO  http.HttpServer2 (HttpServer2.java:bindListener(1191)) - Jetty bound to port 35248
2019-08-22 11:56:24,305 [main] INFO  server.Server (Server.java:doStart(351)) - jetty-9.3.24.v20180605, build timestamp: 2018-06-05T17:11:56Z, git hash: 84205aa28f11a4f31f2a3b86d1bba2cc8ab69827
2019-08-22 11:56:24,307 [main] INFO  handler.ContextHandler (ContextHandler.java:doStart(781)) - Started o.e.j.s.ServletContextHandler@448fa659{/logs,file:///workdir/hadoop-ozone/integration-test/target/log,AVAILABLE}
2019-08-22 11:56:24,308 [main] INFO  handler.ContextHandler (ContextHandler.java:doStart(781)) - Started o.e.j.s.ServletContextHandler@7c6fc278{/static,jar:file:/home/user/.m2/repository/org/apache/hadoop/hadoop-hdds-container-service/0.5.0-SNAPSHOT/hadoop-hdds-container-service-0.5.0-SNAPSHOT.jar!/webapps/static,AVAILABLE}
2019-08-22 11:56:24,340 [main] INFO  handler.ContextHandler (ContextHandler.java:doStart(781)) - Started o.e.j.w.WebAppContext@5d449307{/,file:///tmp/jetty-0.0.0.0-35248-hddsDatanode-_-any-5624288485444058654.dir/webapp/,AVAILABLE}{/hddsDatanode}
2019-08-22 11:56:24,340 [main] INFO  server.AbstractConnector (AbstractConnector.java:doStart(278)) - Started ServerConnector@44e7c06b{HTTP/1.1,[http/1.1]}{0.0.0.0:35248}
2019-08-22 11:56:24,342 [main] INFO  server.Server (Server.java:doStart(419)) - Started @110489ms
2019-08-22 11:56:24,343 [main] INFO  server.BaseHttpServer (BaseHttpServer.java:updateConnectorAddress(213)) - HTTP server of HDDSDATANODE is listening at http://0.0.0.0:35248
2019-08-22 11:56:24,458 | INFO  | ObjectStoreRestHttpServer | Listening HDDS REST traffic on /0.0.0.0:44135 |  
2019-08-22 11:56:24,458 [main] INFO  ozone.HddsDatanodeService (HddsDatanodeService.java:startPlugins(395)) - Started plug-in org.apache.hadoop.ozone.web.OzoneHddsDatanodeService@eb1e868
2019-08-22 11:56:24,459 [main] INFO  ozone.MiniOzoneClusterImpl (MiniOzoneClusterImpl.java:lambda$waitForClusterToBeReady$0(142)) - Waiting for cluster to be ready. Got 0 of 7 DN Heartbeats.
2019-08-22 11:56:24,460 [org.apache.hadoop.util.JvmPauseMonitor$Monitor@624c83bd] INFO  util.JvmPauseMonitor (JvmPauseMonitor.java:run(188)) - Starting JVM pause monitor
2019-08-22 11:56:24,462 [Datanode State Machine Thread - 0] INFO  datanode.InitDatanodeState (InitDatanodeState.java:persistContainerDatanodeDetails(140)) - DatanodeDetails is persisted to /workdir/hadoop-ozone/integration-test/target/test-dir/MiniOzoneClusterImpl-7b3b72d3-1b02-413e-a616-a170ee685c37/datanode-6/meta/datanode.id
2019-08-22 11:56:25,118 | INFO  | SCMAudit | user=jenkins1000 | ip=192.168.5.135 | op=GET_VERSION null | ret=SUCCESS |  
2019-08-22 11:56:25,137 [Datanode State Machine Thread - 0] INFO  ozoneimpl.OzoneContainer (OzoneContainer.java:start(186)) - Attempting to start container services.
2019-08-22 11:56:25,137 [Datanode State Machine Thread - 0] INFO  ozoneimpl.OzoneContainer (OzoneContainer.java:startContainerScrub(160)) - Background container scrubber has been disabled by hdds.containerscrub.enabled
2019-08-22 11:56:25,137 [Datanode State Machine Thread - 0] INFO  ratis.XceiverServerRatis (XceiverServerRatis.java:start(404)) - Starting XceiverServerRatis ac50c3b2-b81f-4c0a-b4fe-860d2c902727 at port 0
2019-08-22 11:56:25,143 [Datanode State Machine Thread - 0] INFO  impl.RaftServerProxy (RaftServerProxy.java:lambda$start$3(299)) - ac50c3b2-b81f-4c0a-b4fe-860d2c902727: start RPC server
2019-08-22 11:56:25,145 [Datanode State Machine Thread - 0] INFO  server.GrpcService (GrpcService.java:startImpl(149)) - ac50c3b2-b81f-4c0a-b4fe-860d2c902727: GrpcService started, listening on 0.0.0.0/0.0.0.0:40965
2019-08-22 11:56:25,145 [Datanode State Machine Thread - 0] INFO  ratis.XceiverServerRatis (XceiverServerRatis.java:start(414)) - XceiverServerRatis ac50c3b2-b81f-4c0a-b4fe-860d2c902727 is started using port 40965
2019-08-22 11:56:25,146 [Datanode State Machine Thread - 0] INFO  server.XceiverServerGrpc (XceiverServerGrpc.java:start(161)) - XceiverServerGrpc ac50c3b2-b81f-4c0a-b4fe-860d2c902727 is started using port 46244
2019-08-22 11:56:25,351 | INFO  | SCMAudit | user=jenkins1000 | ip=192.168.5.135 | op=GET_VERSION null | ret=SUCCESS |  
2019-08-22 11:56:25,378 [Datanode State Machine Thread - 0] INFO  ozoneimpl.OzoneContainer (OzoneContainer.java:start(186)) - Attempting to start container services.
2019-08-22 11:56:25,378 [Datanode State Machine Thread - 0] INFO  ozoneimpl.OzoneContainer (OzoneContainer.java:startContainerScrub(160)) - Background container scrubber has been disabled by hdds.containerscrub.enabled
2019-08-22 11:56:25,378 [Datanode State Machine Thread - 0] INFO  ratis.XceiverServerRatis (XceiverServerRatis.java:start(404)) - Starting XceiverServerRatis 8085255e-7a41-426f-b0e8-2d5555c5b7b9 at port 0
2019-08-22 11:56:25,386 [Datanode State Machine Thread - 0] INFO  impl.RaftServerProxy (RaftServerProxy.java:lambda$start$3(299)) - 8085255e-7a41-426f-b0e8-2d5555c5b7b9: start RPC server
2019-08-22 11:56:25,387 [Datanode State Machine Thread - 0] INFO  server.GrpcService (GrpcService.java:startImpl(149)) - 8085255e-7a41-426f-b0e8-2d5555c5b7b9: GrpcService started, listening on 0.0.0.0/0.0.0.0:44522
2019-08-22 11:56:25,387 [Datanode State Machine Thread - 0] INFO  ratis.XceiverServerRatis (XceiverServerRatis.java:start(414)) - XceiverServerRatis 8085255e-7a41-426f-b0e8-2d5555c5b7b9 is started using port 44522
2019-08-22 11:56:25,388 [Datanode State Machine Thread - 0] INFO  server.XceiverServerGrpc (XceiverServerGrpc.java:start(161)) - XceiverServerGrpc 8085255e-7a41-426f-b0e8-2d5555c5b7b9 is started using port 33087
2019-08-22 11:56:25,459 [main] INFO  ozone.MiniOzoneClusterImpl (MiniOzoneClusterImpl.java:lambda$waitForClusterToBeReady$0(142)) - Waiting for cluster to be ready. Got 0 of 7 DN Heartbeats.
2019-08-22 11:56:25,553 | INFO  | SCMAudit | user=jenkins1000 | ip=192.168.5.135 | op=GET_VERSION null | ret=SUCCESS |  
2019-08-22 11:56:25,581 [Datanode State Machine Thread - 0] INFO  ozoneimpl.OzoneContainer (OzoneContainer.java:start(186)) - Attempting to start container services.
2019-08-22 11:56:25,581 [Datanode State Machine Thread - 0] INFO  ozoneimpl.OzoneContainer (OzoneContainer.java:startContainerScrub(160)) - Background container scrubber has been disabled by hdds.containerscrub.enabled
2019-08-22 11:56:25,581 [Datanode State Machine Thread - 0] INFO  ratis.XceiverServerRatis (XceiverServerRatis.java:start(404)) - Starting XceiverServerRatis 8c07d121-2c0d-4967-83b1-bdc1bfd445f6 at port 0
2019-08-22 11:56:25,590 [Datanode State Machine Thread - 0] INFO  impl.RaftServerProxy (RaftServerProxy.java:lambda$start$3(299)) - 8c07d121-2c0d-4967-83b1-bdc1bfd445f6: start RPC server
2019-08-22 11:56:25,591 [Datanode State Machine Thread - 0] INFO  server.GrpcService (GrpcService.java:startImpl(149)) - 8c07d121-2c0d-4967-83b1-bdc1bfd445f6: GrpcService started, listening on 0.0.0.0/0.0.0.0:40382
2019-08-22 11:56:25,591 [Datanode State Machine Thread - 0] INFO  ratis.XceiverServerRatis (XceiverServerRatis.java:start(414)) - XceiverServerRatis 8c07d121-2c0d-4967-83b1-bdc1bfd445f6 is started using port 40382
2019-08-22 11:56:25,592 [Datanode State Machine Thread - 0] INFO  server.XceiverServerGrpc (XceiverServerGrpc.java:start(161)) - XceiverServerGrpc 8c07d121-2c0d-4967-83b1-bdc1bfd445f6 is started using port 37877
2019-08-22 11:56:25,732 | INFO  | SCMAudit | user=jenkins1000 | ip=192.168.5.135 | op=GET_VERSION null | ret=SUCCESS |  
2019-08-22 11:56:25,739 [Datanode State Machine Thread - 0] INFO  ozoneimpl.OzoneContainer (OzoneContainer.java:start(186)) - Attempting to start container services.
2019-08-22 11:56:25,739 [Datanode State Machine Thread - 0] INFO  ozoneimpl.OzoneContainer (OzoneContainer.java:startContainerScrub(160)) - Background container scrubber has been disabled by hdds.containerscrub.enabled
2019-08-22 11:56:25,739 [Datanode State Machine Thread - 0] INFO  ratis.XceiverServerRatis (XceiverServerRatis.java:start(404)) - Starting XceiverServerRatis 4a9862d5-694b-4c7d-b652-1fb8ddcfc588 at port 0
2019-08-22 11:56:25,747 [Datanode State Machine Thread - 0] INFO  impl.RaftServerProxy (RaftServerProxy.java:lambda$start$3(299)) - 4a9862d5-694b-4c7d-b652-1fb8ddcfc588: start RPC server
2019-08-22 11:56:25,748 [Datanode State Machine Thread - 0] INFO  server.GrpcService (GrpcService.java:startImpl(149)) - 4a9862d5-694b-4c7d-b652-1fb8ddcfc588: GrpcService started, listening on 0.0.0.0/0.0.0.0:42468
2019-08-22 11:56:25,748 [Datanode State Machine Thread - 0] INFO  ratis.XceiverServerRatis (XceiverServerRatis.java:start(414)) - XceiverServerRatis 4a9862d5-694b-4c7d-b652-1fb8ddcfc588 is started using port 42468
2019-08-22 11:56:25,749 [Datanode State Machine Thread - 0] INFO  server.XceiverServerGrpc (XceiverServerGrpc.java:start(161)) - XceiverServerGrpc 4a9862d5-694b-4c7d-b652-1fb8ddcfc588 is started using port 38296
2019-08-22 11:56:25,901 | INFO  | SCMAudit | user=jenkins1000 | ip=192.168.5.135 | op=GET_VERSION null | ret=SUCCESS |  
2019-08-22 11:56:25,915 [Datanode State Machine Thread - 0] INFO  ozoneimpl.OzoneContainer (OzoneContainer.java:start(186)) - Attempting to start container services.
2019-08-22 11:56:25,915 [Datanode State Machine Thread - 0] INFO  ozoneimpl.OzoneContainer (OzoneContainer.java:startContainerScrub(160)) - Background container scrubber has been disabled by hdds.containerscrub.enabled
2019-08-22 11:56:25,915 [Datanode State Machine Thread - 0] INFO  ratis.XceiverServerRatis (XceiverServerRatis.java:start(404)) - Starting XceiverServerRatis 81358f04-b55e-4661-8083-492e8c5539a7 at port 0
2019-08-22 11:56:25,924 [Datanode State Machine Thread - 0] INFO  impl.RaftServerProxy (RaftServerProxy.java:lambda$start$3(299)) - 81358f04-b55e-4661-8083-492e8c5539a7: start RPC server
2019-08-22 11:56:25,925 [Datanode State Machine Thread - 0] INFO  server.GrpcService (GrpcService.java:startImpl(149)) - 81358f04-b55e-4661-8083-492e8c5539a7: GrpcService started, listening on 0.0.0.0/0.0.0.0:46413
2019-08-22 11:56:25,925 [Datanode State Machine Thread - 0] INFO  ratis.XceiverServerRatis (XceiverServerRatis.java:start(414)) - XceiverServerRatis 81358f04-b55e-4661-8083-492e8c5539a7 is started using port 46413
2019-08-22 11:56:25,929 [Datanode State Machine Thread - 0] INFO  server.XceiverServerGrpc (XceiverServerGrpc.java:start(161)) - XceiverServerGrpc 81358f04-b55e-4661-8083-492e8c5539a7 is started using port 35057
2019-08-22 11:56:26,262 | INFO  | SCMAudit | user=jenkins1000 | ip=192.168.5.135 | op=GET_VERSION null | ret=SUCCESS |  
2019-08-22 11:56:26,272 [Datanode State Machine Thread - 0] INFO  ozoneimpl.OzoneContainer (OzoneContainer.java:start(186)) - Attempting to start container services.
2019-08-22 11:56:26,272 [Datanode State Machine Thread - 0] INFO  ozoneimpl.OzoneContainer (OzoneContainer.java:startContainerScrub(160)) - Background container scrubber has been disabled by hdds.containerscrub.enabled
2019-08-22 11:56:26,272 [Datanode State Machine Thread - 0] INFO  ratis.XceiverServerRatis (XceiverServerRatis.java:start(404)) - Starting XceiverServerRatis c2ff41bc-5475-4ec0-aa3a-f40fe56d194e at port 0
2019-08-22 11:56:26,280 [Datanode State Machine Thread - 0] INFO  impl.RaftServerProxy (RaftServerProxy.java:lambda$start$3(299)) - c2ff41bc-5475-4ec0-aa3a-f40fe56d194e: start RPC server
2019-08-22 11:56:26,281 [Datanode State Machine Thread - 0] INFO  server.GrpcService (GrpcService.java:startImpl(149)) - c2ff41bc-5475-4ec0-aa3a-f40fe56d194e: GrpcService started, listening on 0.0.0.0/0.0.0.0:41764
2019-08-22 11:56:26,281 [Datanode State Machine Thread - 0] INFO  ratis.XceiverServerRatis (XceiverServerRatis.java:start(414)) - XceiverServerRatis c2ff41bc-5475-4ec0-aa3a-f40fe56d194e is started using port 41764
2019-08-22 11:56:26,281 [Datanode State Machine Thread - 0] INFO  server.XceiverServerGrpc (XceiverServerGrpc.java:start(161)) - XceiverServerGrpc c2ff41bc-5475-4ec0-aa3a-f40fe56d194e is started using port 45854
2019-08-22 11:56:26,459 [main] INFO  ozone.MiniOzoneClusterImpl (MiniOzoneClusterImpl.java:lambda$waitForClusterToBeReady$0(142)) - Waiting for cluster to be ready. Got 0 of 7 DN Heartbeats.
2019-08-22 11:56:26,460 | INFO  | SCMAudit | user=jenkins1000 | ip=192.168.5.135 | op=GET_VERSION null | ret=SUCCESS |  
2019-08-22 11:56:26,469 [Datanode State Machine Thread - 0] INFO  ozoneimpl.OzoneContainer (OzoneContainer.java:start(186)) - Attempting to start container services.
2019-08-22 11:56:26,469 [Datanode State Machine Thread - 0] INFO  ozoneimpl.OzoneContainer (OzoneContainer.java:startContainerScrub(160)) - Background container scrubber has been disabled by hdds.containerscrub.enabled
2019-08-22 11:56:26,470 [Datanode State Machine Thread - 0] INFO  ratis.XceiverServerRatis (XceiverServerRatis.java:start(404)) - Starting XceiverServerRatis 9b0e54da-58f3-4b2f-aec1-b0a4cb1efbe1 at port 0
2019-08-22 11:56:26,476 [Datanode State Machine Thread - 0] INFO  impl.RaftServerProxy (RaftServerProxy.java:lambda$start$3(299)) - 9b0e54da-58f3-4b2f-aec1-b0a4cb1efbe1: start RPC server
2019-08-22 11:56:26,477 [Datanode State Machine Thread - 0] INFO  server.GrpcService (GrpcService.java:startImpl(149)) - 9b0e54da-58f3-4b2f-aec1-b0a4cb1efbe1: GrpcService started, listening on 0.0.0.0/0.0.0.0:33114
2019-08-22 11:56:26,477 [Datanode State Machine Thread - 0] INFO  ratis.XceiverServerRatis (XceiverServerRatis.java:start(414)) - XceiverServerRatis 9b0e54da-58f3-4b2f-aec1-b0a4cb1efbe1 is started using port 33114
2019-08-22 11:56:26,477 [Datanode State Machine Thread - 0] INFO  server.XceiverServerGrpc (XceiverServerGrpc.java:start(161)) - XceiverServerGrpc 9b0e54da-58f3-4b2f-aec1-b0a4cb1efbe1 is started using port 42855
2019-08-22 11:56:27,118 [IPC Server handler 8 on 35548] INFO  net.NetworkTopology (NetworkTopologyImpl.java:add(110)) - Added a new node: /default-rack/ac50c3b2-b81f-4c0a-b4fe-860d2c902727
2019-08-22 11:56:27,126 [IPC Server handler 8 on 35548] INFO  node.SCMNodeManager (SCMNodeManager.java:register(273)) - Registered Data node : ac50c3b2-b81f-4c0a-b4fe-860d2c902727{ip: 192.168.5.135, host: pr-hdds-1981-gl9jh-3406769118, networkLocation: /default-rack, certSerialId: null}
2019-08-22 11:56:27,127 | INFO  | SCMAudit | user=jenkins1000 | ip=192.168.5.135 | op=REGISTER {datanodeDetails=ac50c3b2-b81f-4c0a-b4fe-860d2c902727{ip: 192.168.5.135, host: pr-hdds-1981-gl9jh-3406769118, networkLocation: /default-rack, certSerialId: null}} | ret=SUCCESS |  
2019-08-22 11:56:27,127 [EventQueue-NodeRegistrationContainerReportForDataNodeSafeModeRule] INFO  safemode.SCMSafeModeManager (DataNodeSafeModeRule.java:process(71)) - SCM in safe mode. 1 DataNodes registered, 1 required.
2019-08-22 11:56:27,131 [EventQueue-NodeRegistrationContainerReportForDataNodeSafeModeRule] INFO  safemode.SCMSafeModeManager (SCMSafeModeManager.java:validateSafeModeExitRules(177)) - ScmSafeModeManager, all rules are successfully validated
2019-08-22 11:56:27,131 [EventQueue-NodeRegistrationContainerReportForDataNodeSafeModeRule] INFO  safemode.SCMSafeModeManager (SCMSafeModeManager.java:exitSafeMode(193)) - SCM exiting safe mode.
2019-08-22 11:56:27,154 [grpc-default-executor-3] INFO  impl.RaftServerProxy (RaftServerProxy.java:addNew(89)) - ac50c3b2-b81f-4c0a-b4fe-860d2c902727: addNew group-C3039D9AF55D:[ac50c3b2-b81f-4c0a-b4fe-860d2c902727:192.168.5.135:40965] returns group-C3039D9AF55D:java.util.concurrent.CompletableFuture@38cac268[Not completed]
2019-08-22 11:56:27,156 [pool-221-thread-1] INFO  impl.RaftServerImpl (RaftServerImpl.java:<init>(93)) - ac50c3b2-b81f-4c0a-b4fe-860d2c902727: new RaftServerImpl for group-C3039D9AF55D:[ac50c3b2-b81f-4c0a-b4fe-860d2c902727:192.168.5.135:40965] with ContainerStateMachine:uninitialized
2019-08-22 11:56:27,156 [pool-221-thread-1] INFO  server.RaftServerConfigKeys (ConfUtils.java:logGet(43)) - raft.server.rpc.timeout.min = 5s (custom)
2019-08-22 11:56:27,157 [pool-221-thread-1] INFO  server.RaftServerConfigKeys (ConfUtils.java:logGet(43)) - raft.server.rpc.timeout.max = 5200ms (custom)
2019-08-22 11:56:27,157 [pool-221-thread-1] INFO  server.RaftServerConfigKeys (ConfUtils.java:logGet(43)) - raft.server.rpcslowness.timeout = 120s (custom)
2019-08-22 11:56:27,157 [pool-221-thread-1] INFO  server.RaftServerConfigKeys (ConfUtils.java:logGet(43)) - raft.server.sleep.deviation.threshold = 300 (default)
2019-08-22 11:56:27,157 [pool-221-thread-1] INFO  server.RaftServerConfigKeys (ConfUtils.java:logGet(43)) - raft.server.log.appender.install.snapshot.enabled = false (custom)
2019-08-22 11:56:27,157 [pool-221-thread-1] INFO  impl.RaftServerImpl (ServerState.java:<init>(105)) - ac50c3b2-b81f-4c0a-b4fe-860d2c902727:group-C3039D9AF55D ConfigurationManager, init=-1: [ac50c3b2-b81f-4c0a-b4fe-860d2c902727:192.168.5.135:40965], old=null, confs=<EMPTY_MAP>
2019-08-22 11:56:27,158 [pool-221-thread-1] INFO  server.RaftServerConfigKeys (ConfUtils.java:logGet(43)) - raft.server.storage.dir = [/workdir/hadoop-ozone/integration-test/target/test-dir/MiniOzoneClusterImpl-7b3b72d3-1b02-413e-a616-a170ee685c37/datanode-0/data/ratis] (custom)
2019-08-22 11:56:27,158 [pool-221-thread-1] INFO  storage.RaftStorageDirectory (RaftStorageDirectory.java:analyzeStorage(246)) - The storage directory /workdir/hadoop-ozone/integration-test/target/test-dir/MiniOzoneClusterImpl-7b3b72d3-1b02-413e-a616-a170ee685c37/datanode-0/data/ratis/62a073bf-9fe2-4aa1-b1fa-c3039d9af55d does not exist. Creating ...
2019-08-22 11:56:27,191 [pool-221-thread-1] INFO  storage.RaftStorageDirectory (RaftStorageDirectory.java:tryLock(328)) - Lock on /workdir/hadoop-ozone/integration-test/target/test-dir/MiniOzoneClusterImpl-7b3b72d3-1b02-413e-a616-a170ee685c37/datanode-0/data/ratis/62a073bf-9fe2-4aa1-b1fa-c3039d9af55d/in_use.lock acquired by nodename 21501@pr-hdds-1981-gl9jh-3406769118
2019-08-22 11:56:27,205 [pool-221-thread-1] INFO  storage.RaftStorage (RaftStorage.java:format(72)) - Storage directory /workdir/hadoop-ozone/integration-test/target/test-dir/MiniOzoneClusterImpl-7b3b72d3-1b02-413e-a616-a170ee685c37/datanode-0/data/ratis/62a073bf-9fe2-4aa1-b1fa-c3039d9af55d has been successfully formatted.
2019-08-22 11:56:27,205 [pool-221-thread-1] INFO  ratis.ContainerStateMachine (ContainerStateMachine.java:loadSnapshot(222)) - group-C3039D9AF55D: The snapshot info is null. Setting the last applied indexto:(t:0, i:~)
2019-08-22 11:56:27,205 [pool-221-thread-1] INFO  server.RaftServerConfigKeys (ConfUtils.java:logGet(43)) - raft.server.leader.election.timeout = 120s (custom)
2019-08-22 11:56:27,205 [pool-221-thread-1] INFO  server.RaftServerConfigKeys (ConfUtils.java:logGet(43)) - raft.server.log.use.memory = false (default)
2019-08-22 11:56:27,206 [pool-221-thread-1] INFO  server.RaftServerConfigKeys (ConfUtils.java:logGet(43)) - raft.server.log.purge.gap = 1000000 (custom)
2019-08-22 11:56:27,206 [pool-221-thread-1] INFO  server.RaftServerConfigKeys (ConfUtils.java:logGet(43)) - raft.server.log.appender.buffer.byte-limit = 33554432 (custom)
2019-08-22 11:56:27,206 [pool-221-thread-1] INFO  server.RaftServerConfigKeys (ConfUtils.java:logGet(43)) - raft.server.log.segment.size.max = 1048576 (custom)
2019-08-22 11:56:27,206 [pool-221-thread-1] INFO  server.RaftServerConfigKeys (ConfUtils.java:logGet(43)) - raft.server.log.segment.cache.num.max = 2 (custom)
2019-08-22 11:56:27,206 [pool-221-thread-1] INFO  segmented.SegmentedRaftLogWorker (SegmentedRaftLogWorker.java:<init>(172)) - new ac50c3b2-b81f-4c0a-b4fe-860d2c902727-SegmentedRaftLogWorker:Storage Directory /workdir/hadoop-ozone/integration-test/target/test-dir/MiniOzoneClusterImpl-7b3b72d3-1b02-413e-a616-a170ee685c37/datanode-0/data/ratis/62a073bf-9fe2-4aa1-b1fa-c3039d9af55d for RaftStorage:Storage Directory /workdir/hadoop-ozone/integration-test/target/test-dir/MiniOzoneClusterImpl-7b3b72d3-1b02-413e-a616-a170ee685c37/datanode-0/data/ratis/62a073bf-9fe2-4aa1-b1fa-c3039d9af55d
2019-08-22 11:56:27,207 [pool-221-thread-1] INFO  server.RaftServerConfigKeys (ConfUtils.java:logGet(43)) - raft.server.log.queue.byte-limit = 2147483647 (custom)
2019-08-22 11:56:27,207 [pool-221-thread-1] INFO  server.RaftServerConfigKeys (ConfUtils.java:logGet(43)) - raft.server.log.queue.element-limit = 1024 (custom)
2019-08-22 11:56:27,207 [pool-221-thread-1] INFO  server.RaftServerConfigKeys (ConfUtils.java:logGet(43)) - raft.server.log.segment.size.max = 1048576 (custom)
2019-08-22 11:56:27,207 [pool-221-thread-1] INFO  server.RaftServerConfigKeys (ConfUtils.java:logGet(43)) - raft.server.log.preallocated.size = 16384 (custom)
2019-08-22 11:56:27,208 [pool-221-thread-1] INFO  server.RaftServerConfigKeys (ConfUtils.java:logGet(43)) - raft.server.log.write.buffer.size = 33554432 (custom)
2019-08-22 11:56:27,208 [pool-221-thread-1] INFO  server.RaftServerConfigKeys (ConfUtils.java:logGet(43)) - raft.server.log.force.sync.num = 128 (default)
2019-08-22 11:56:27,208 [pool-221-thread-1] INFO  server.RaftServerConfigKeys (ConfUtils.java:logGet(43)) - raft.server.log.statemachine.data.sync = true (default)
2019-08-22 11:56:27,208 [pool-221-thread-1] INFO  server.RaftServerConfigKeys (ConfUtils.java:logGet(43)) - raft.server.log.statemachine.data.sync.timeout = 10s (default)
2019-08-22 11:56:27,208 [pool-221-thread-1] INFO  server.RaftServerConfigKeys (ConfUtils.java:logGet(43)) - raft.server.log.statemachine.data.sync.timeout.retry = -1 (default)
2019-08-22 11:56:27,209 [pool-221-thread-1] INFO  server.RaftServerConfigKeys (ConfUtils.java:logGet(43)) - raft.server.log.statemachine.data.caching.enabled = true (custom)
2019-08-22 11:56:27,209 [pool-221-thread-1] INFO  segmented.SegmentedRaftLogWorker (SegmentedRaftLogWorker.java:lambda$new$0(132)) - ac50c3b2-b81f-4c0a-b4fe-860d2c902727-SegmentedRaftLogWorker:Storage Directory /workdir/hadoop-ozone/integration-test/target/test-dir/MiniOzoneClusterImpl-7b3b72d3-1b02-413e-a616-a170ee685c37/datanode-0/data/ratis/62a073bf-9fe2-4aa1-b1fa-c3039d9af55d: flushIndex: setUnconditionally 0 -> -1
2019-08-22 11:56:27,210 [pool-221-thread-1] INFO  server.RaftServerConfigKeys (ConfUtils.java:logGet(43)) - raft.server.snapshot.auto.trigger.enabled = true (custom)
2019-08-22 11:56:27,210 [pool-221-thread-1] INFO  server.RaftServerConfigKeys (ConfUtils.java:logGet(43)) - raft.server.snapshot.auto.trigger.threshold = 10000 (custom)
2019-08-22 11:56:27,210 [pool-221-thread-1] INFO  server.RaftServerConfigKeys (ConfUtils.java:logGet(43)) - raft.server.retrycache.expirytime = 600000ms (custom)
2019-08-22 11:56:27,210 [pool-221-thread-1] INFO  impl.RaftServerImpl (RaftServerImpl.java:start(180)) - ac50c3b2-b81f-4c0a-b4fe-860d2c902727: start group-C3039D9AF55D
2019-08-22 11:56:27,210 [pool-221-thread-1] INFO  impl.RaftServerImpl (RaftServerImpl.java:setRole(171)) - ac50c3b2-b81f-4c0a-b4fe-860d2c902727:group-C3039D9AF55D changes role from null to FOLLOWER at term 0 for startAsFollower
2019-08-22 11:56:27,211 [pool-221-thread-1] INFO  impl.RoleInfo (RoleInfo.java:updateAndGet(143)) - ac50c3b2-b81f-4c0a-b4fe-860d2c902727: start FollowerState
2019-08-22 11:56:27,227 [pool-221-thread-1] INFO  util.JmxRegister (JmxRegister.java:tryRegister(44)) - Successfully registered JMX Bean with object name Ratis:service=RaftServer,group=group-C3039D9AF55D,id=ac50c3b2-b81f-4c0a-b4fe-860d2c902727
2019-08-22 11:56:27,231 [RatisPipelineUtilsThread] INFO  pipeline.PipelineStateManager (PipelineStateManager.java:addPipeline(56)) - Created pipeline Pipeline[ Id: 62a073bf-9fe2-4aa1-b1fa-c3039d9af55d, Nodes: ac50c3b2-b81f-4c0a-b4fe-860d2c902727{ip: 192.168.5.135, host: pr-hdds-1981-gl9jh-3406769118, networkLocation: /default-rack, certSerialId: null}, Type:RATIS, Factor:ONE, State:OPEN]
2019-08-22 11:56:27,352 [IPC Server handler 3 on 35548] INFO  net.NetworkTopology (NetworkTopologyImpl.java:add(110)) - Added a new node: /default-rack/8085255e-7a41-426f-b0e8-2d5555c5b7b9
2019-08-22 11:56:27,352 [IPC Server handler 3 on 35548] INFO  node.SCMNodeManager (SCMNodeManager.java:register(273)) - Registered Data node : 8085255e-7a41-426f-b0e8-2d5555c5b7b9{ip: 192.168.5.135, host: pr-hdds-1981-gl9jh-3406769118, networkLocation: /default-rack, certSerialId: null}
2019-08-22 11:56:27,352 | INFO  | SCMAudit | user=jenkins1000 | ip=192.168.5.135 | op=REGISTER {datanodeDetails=8085255e-7a41-426f-b0e8-2d5555c5b7b9{ip: 192.168.5.135, host: pr-hdds-1981-gl9jh-3406769118, networkLocation: /default-rack, certSerialId: null}} | ret=SUCCESS |  
2019-08-22 11:56:27,377 [grpc-default-executor-3] INFO  impl.RaftServerProxy (RaftServerProxy.java:addNew(89)) - 8085255e-7a41-426f-b0e8-2d5555c5b7b9: addNew group-E731910BA4D1:[8085255e-7a41-426f-b0e8-2d5555c5b7b9:192.168.5.135:44522] returns group-E731910BA4D1:java.util.concurrent.CompletableFuture@4321c7c8[Not completed]
2019-08-22 11:56:27,379 [pool-232-thread-1] INFO  impl.RaftServerImpl (RaftServerImpl.java:<init>(93)) - 8085255e-7a41-426f-b0e8-2d5555c5b7b9: new RaftServerImpl for group-E731910BA4D1:[8085255e-7a41-426f-b0e8-2d5555c5b7b9:192.168.5.135:44522] with ContainerStateMachine:uninitialized
2019-08-22 11:56:27,379 [pool-232-thread-1] INFO  server.RaftServerConfigKeys (ConfUtils.java:logGet(43)) - raft.server.rpc.timeout.min = 5s (custom)
2019-08-22 11:56:27,379 [pool-232-thread-1] INFO  server.RaftServerConfigKeys (ConfUtils.java:logGet(43)) - raft.server.rpc.timeout.max = 5200ms (custom)
2019-08-22 11:56:27,379 [pool-232-thread-1] INFO  server.RaftServerConfigKeys (ConfUtils.java:logGet(43)) - raft.server.rpcslowness.timeout = 120s (custom)
2019-08-22 11:56:27,379 [pool-232-thread-1] INFO  server.RaftServerConfigKeys (ConfUtils.java:logGet(43)) - raft.server.sleep.deviation.threshold = 300 (default)
2019-08-22 11:56:27,379 [pool-232-thread-1] INFO  server.RaftServerConfigKeys (ConfUtils.java:logGet(43)) - raft.server.log.appender.install.snapshot.enabled = false (custom)
2019-08-22 11:56:27,380 [pool-232-thread-1] INFO  impl.RaftServerImpl (ServerState.java:<init>(105)) - 8085255e-7a41-426f-b0e8-2d5555c5b7b9:group-E731910BA4D1 ConfigurationManager, init=-1: [8085255e-7a41-426f-b0e8-2d5555c5b7b9:192.168.5.135:44522], old=null, confs=<EMPTY_MAP>
2019-08-22 11:56:27,380 [pool-232-thread-1] INFO  server.RaftServerConfigKeys (ConfUtils.java:logGet(43)) - raft.server.storage.dir = [/workdir/hadoop-ozone/integration-test/target/test-dir/MiniOzoneClusterImpl-7b3b72d3-1b02-413e-a616-a170ee685c37/datanode-1/data/ratis] (custom)
2019-08-22 11:56:27,380 [pool-232-thread-1] INFO  storage.RaftStorageDirectory (RaftStorageDirectory.java:analyzeStorage(246)) - The storage directory /workdir/hadoop-ozone/integration-test/target/test-dir/MiniOzoneClusterImpl-7b3b72d3-1b02-413e-a616-a170ee685c37/datanode-1/data/ratis/2711a80c-29d4-49a6-872a-e731910ba4d1 does not exist. Creating ...
2019-08-22 11:56:27,393 [pool-232-thread-1] INFO  storage.RaftStorageDirectory (RaftStorageDirectory.java:tryLock(328)) - Lock on /workdir/hadoop-ozone/integration-test/target/test-dir/MiniOzoneClusterImpl-7b3b72d3-1b02-413e-a616-a170ee685c37/datanode-1/data/ratis/2711a80c-29d4-49a6-872a-e731910ba4d1/in_use.lock acquired by nodename 21501@pr-hdds-1981-gl9jh-3406769118
2019-08-22 11:56:27,406 [pool-232-thread-1] INFO  storage.RaftStorage (RaftStorage.java:format(72)) - Storage directory /workdir/hadoop-ozone/integration-test/target/test-dir/MiniOzoneClusterImpl-7b3b72d3-1b02-413e-a616-a170ee685c37/datanode-1/data/ratis/2711a80c-29d4-49a6-872a-e731910ba4d1 has been successfully formatted.
2019-08-22 11:56:27,407 [pool-232-thread-1] INFO  ratis.ContainerStateMachine (ContainerStateMachine.java:loadSnapshot(222)) - group-E731910BA4D1: The snapshot info is null. Setting the last applied indexto:(t:0, i:~)
2019-08-22 11:56:27,407 [pool-232-thread-1] INFO  server.RaftServerConfigKeys (ConfUtils.java:logGet(43)) - raft.server.leader.election.timeout = 120s (custom)
2019-08-22 11:56:27,407 [pool-232-thread-1] INFO  server.RaftServerConfigKeys (ConfUtils.java:logGet(43)) - raft.server.log.use.memory = false (default)
2019-08-22 11:56:27,407 [pool-232-thread-1] INFO  server.RaftServerConfigKeys (ConfUtils.java:logGet(43)) - raft.server.log.purge.gap = 1000000 (custom)
2019-08-22 11:56:27,407 [pool-232-thread-1] INFO  server.RaftServerConfigKeys (ConfUtils.java:logGet(43)) - raft.server.log.appender.buffer.byte-limit = 33554432 (custom)
2019-08-22 11:56:27,407 [pool-232-thread-1] INFO  server.RaftServerConfigKeys (ConfUtils.java:logGet(43)) - raft.server.log.segment.size.max = 1048576 (custom)
2019-08-22 11:56:27,408 [pool-232-thread-1] INFO  server.RaftServerConfigKeys (ConfUtils.java:logGet(43)) - raft.server.log.segment.cache.num.max = 2 (custom)
2019-08-22 11:56:27,408 [pool-232-thread-1] INFO  segmented.SegmentedRaftLogWorker (SegmentedRaftLogWorker.java:<init>(172)) - new 8085255e-7a41-426f-b0e8-2d5555c5b7b9-SegmentedRaftLogWorker:Storage Directory /workdir/hadoop-ozone/integration-test/target/test-dir/MiniOzoneClusterImpl-7b3b72d3-1b02-413e-a616-a170ee685c37/datanode-1/data/ratis/2711a80c-29d4-49a6-872a-e731910ba4d1 for RaftStorage:Storage Directory /workdir/hadoop-ozone/integration-test/target/test-dir/MiniOzoneClusterImpl-7b3b72d3-1b02-413e-a616-a170ee685c37/datanode-1/data/ratis/2711a80c-29d4-49a6-872a-e731910ba4d1
2019-08-22 11:56:27,408 [pool-232-thread-1] INFO  server.RaftServerConfigKeys (ConfUtils.java:logGet(43)) - raft.server.log.queue.byte-limit = 2147483647 (custom)
2019-08-22 11:56:27,408 [pool-232-thread-1] INFO  server.RaftServerConfigKeys (ConfUtils.java:logGet(43)) - raft.server.log.queue.element-limit = 1024 (custom)
2019-08-22 11:56:27,408 [pool-232-thread-1] INFO  server.RaftServerConfigKeys (ConfUtils.java:logGet(43)) - raft.server.log.segment.size.max = 1048576 (custom)
2019-08-22 11:56:27,409 [pool-232-thread-1] INFO  server.RaftServerConfigKeys (ConfUtils.java:logGet(43)) - raft.server.log.preallocated.size = 16384 (custom)
2019-08-22 11:56:27,409 [pool-232-thread-1] INFO  server.RaftServerConfigKeys (ConfUtils.java:logGet(43)) - raft.server.log.write.buffer.size = 33554432 (custom)
2019-08-22 11:56:27,409 [pool-232-thread-1] INFO  server.RaftServerConfigKeys (ConfUtils.java:logGet(43)) - raft.server.log.force.sync.num = 128 (default)
2019-08-22 11:56:27,409 [pool-232-thread-1] INFO  server.RaftServerConfigKeys (ConfUtils.java:logGet(43)) - raft.server.log.statemachine.data.sync = true (default)
2019-08-22 11:56:27,409 [pool-232-thread-1] INFO  server.RaftServerConfigKeys (ConfUtils.java:logGet(43)) - raft.server.log.statemachine.data.sync.timeout = 10s (default)
2019-08-22 11:56:27,409 [pool-232-thread-1] INFO  server.RaftServerConfigKeys (ConfUtils.java:logGet(43)) - raft.server.log.statemachine.data.sync.timeout.retry = -1 (default)
2019-08-22 11:56:27,410 [pool-232-thread-1] INFO  server.RaftServerConfigKeys (ConfUtils.java:logGet(43)) - raft.server.log.statemachine.data.caching.enabled = true (custom)
2019-08-22 11:56:27,410 [pool-232-thread-1] INFO  segmented.SegmentedRaftLogWorker (SegmentedRaftLogWorker.java:lambda$new$0(132)) - 8085255e-7a41-426f-b0e8-2d5555c5b7b9-SegmentedRaftLogWorker:Storage Directory /workdir/hadoop-ozone/integration-test/target/test-dir/MiniOzoneClusterImpl-7b3b72d3-1b02-413e-a616-a170ee685c37/datanode-1/data/ratis/2711a80c-29d4-49a6-872a-e731910ba4d1: flushIndex: setUnconditionally 0 -> -1
2019-08-22 11:56:27,411 [pool-232-thread-1] INFO  server.RaftServerConfigKeys (ConfUtils.java:logGet(43)) - raft.server.snapshot.auto.trigger.enabled = true (custom)
2019-08-22 11:56:27,411 [pool-232-thread-1] INFO  server.RaftServerConfigKeys (ConfUtils.java:logGet(43)) - raft.server.snapshot.auto.trigger.threshold = 10000 (custom)
2019-08-22 11:56:27,411 [pool-232-thread-1] INFO  server.RaftServerConfigKeys (ConfUtils.java:logGet(43)) - raft.server.retrycache.expirytime = 600000ms (custom)
2019-08-22 11:56:27,411 [pool-232-thread-1] INFO  impl.RaftServerImpl (RaftServerImpl.java:start(180)) - 8085255e-7a41-426f-b0e8-2d5555c5b7b9: start group-E731910BA4D1
2019-08-22 11:56:27,411 [pool-232-thread-1] INFO  impl.RaftServerImpl (RaftServerImpl.java:setRole(171)) - 8085255e-7a41-426f-b0e8-2d5555c5b7b9:group-E731910BA4D1 changes role from null to FOLLOWER at term 0 for startAsFollower
2019-08-22 11:56:27,411 [pool-232-thread-1] INFO  impl.RoleInfo (RoleInfo.java:updateAndGet(143)) - 8085255e-7a41-426f-b0e8-2d5555c5b7b9: start FollowerState
2019-08-22 11:56:27,412 [pool-232-thread-1] INFO  util.JmxRegister (JmxRegister.java:tryRegister(44)) - Successfully registered JMX Bean with object name Ratis:service=RaftServer,group=group-E731910BA4D1,id=8085255e-7a41-426f-b0e8-2d5555c5b7b9
2019-08-22 11:56:27,415 [RatisPipelineUtilsThread] INFO  pipeline.PipelineStateManager (PipelineStateManager.java:addPipeline(56)) - Created pipeline Pipeline[ Id: 2711a80c-29d4-49a6-872a-e731910ba4d1, Nodes: 8085255e-7a41-426f-b0e8-2d5555c5b7b9{ip: 192.168.5.135, host: pr-hdds-1981-gl9jh-3406769118, networkLocation: /default-rack, certSerialId: null}, Type:RATIS, Factor:ONE, State:OPEN]
2019-08-22 11:56:27,460 [main] INFO  ozone.MiniOzoneClusterImpl (MiniOzoneClusterImpl.java:lambda$waitForClusterToBeReady$0(142)) - Waiting for cluster to be ready. Got 2 of 7 DN Heartbeats.
2019-08-22 11:56:27,553 [IPC Server handler 0 on 35548] INFO  net.NetworkTopology (NetworkTopologyImpl.java:add(110)) - Added a new node: /default-rack/8c07d121-2c0d-4967-83b1-bdc1bfd445f6
2019-08-22 11:56:27,553 [IPC Server handler 0 on 35548] INFO  node.SCMNodeManager (SCMNodeManager.java:register(273)) - Registered Data node : 8c07d121-2c0d-4967-83b1-bdc1bfd445f6{ip: 192.168.5.135, host: pr-hdds-1981-gl9jh-3406769118, networkLocation: /default-rack, certSerialId: null}
2019-08-22 11:56:27,553 | INFO  | SCMAudit | user=jenkins1000 | ip=192.168.5.135 | op=REGISTER {datanodeDetails=8c07d121-2c0d-4967-83b1-bdc1bfd445f6{ip: 192.168.5.135, host: pr-hdds-1981-gl9jh-3406769118, networkLocation: /default-rack, certSerialId: null}} | ret=SUCCESS |  
2019-08-22 11:56:27,566 [grpc-default-executor-3] INFO  impl.RaftServerProxy (RaftServerProxy.java:addNew(89)) - 8c07d121-2c0d-4967-83b1-bdc1bfd445f6: addNew group-0C1173138C6A:[8c07d121-2c0d-4967-83b1-bdc1bfd445f6:192.168.5.135:40382] returns group-0C1173138C6A:java.util.concurrent.CompletableFuture@22ef474a[Not completed]
2019-08-22 11:56:27,568 [pool-243-thread-1] INFO  impl.RaftServerImpl (RaftServerImpl.java:<init>(93)) - 8c07d121-2c0d-4967-83b1-bdc1bfd445f6: new RaftServerImpl for group-0C1173138C6A:[8c07d121-2c0d-4967-83b1-bdc1bfd445f6:192.168.5.135:40382] with ContainerStateMachine:uninitialized
2019-08-22 11:56:27,568 [pool-243-thread-1] INFO  server.RaftServerConfigKeys (ConfUtils.java:logGet(43)) - raft.server.rpc.timeout.min = 5s (custom)
2019-08-22 11:56:27,569 [pool-243-thread-1] INFO  server.RaftServerConfigKeys (ConfUtils.java:logGet(43)) - raft.server.rpc.timeout.max = 5200ms (custom)
2019-08-22 11:56:27,569 [pool-243-thread-1] INFO  server.RaftServerConfigKeys (ConfUtils.java:logGet(43)) - raft.server.rpcslowness.timeout = 120s (custom)
2019-08-22 11:56:27,569 [pool-243-thread-1] INFO  server.RaftServerConfigKeys (ConfUtils.java:logGet(43)) - raft.server.sleep.deviation.threshold = 300 (default)
2019-08-22 11:56:27,569 [pool-243-thread-1] INFO  server.RaftServerConfigKeys (ConfUtils.java:logGet(43)) - raft.server.log.appender.install.snapshot.enabled = false (custom)
2019-08-22 11:56:27,569 [pool-243-thread-1] INFO  impl.RaftServerImpl (ServerState.java:<init>(105)) - 8c07d121-2c0d-4967-83b1-bdc1bfd445f6:group-0C1173138C6A ConfigurationManager, init=-1: [8c07d121-2c0d-4967-83b1-bdc1bfd445f6:192.168.5.135:40382], old=null, confs=<EMPTY_MAP>
2019-08-22 11:56:27,570 [pool-243-thread-1] INFO  server.RaftServerConfigKeys (ConfUtils.java:logGet(43)) - raft.server.storage.dir = [/workdir/hadoop-ozone/integration-test/target/test-dir/MiniOzoneClusterImpl-7b3b72d3-1b02-413e-a616-a170ee685c37/datanode-2/data/ratis] (custom)
2019-08-22 11:56:27,570 [pool-243-thread-1] INFO  storage.RaftStorageDirectory (RaftStorageDirectory.java:analyzeStorage(246)) - The storage directory /workdir/hadoop-ozone/integration-test/target/test-dir/MiniOzoneClusterImpl-7b3b72d3-1b02-413e-a616-a170ee685c37/datanode-2/data/ratis/18cbec05-5cd2-454f-835e-0c1173138c6a does not exist. Creating ...
2019-08-22 11:56:27,595 [pool-243-thread-1] INFO  storage.RaftStorageDirectory (RaftStorageDirectory.java:tryLock(328)) - Lock on /workdir/hadoop-ozone/integration-test/target/test-dir/MiniOzoneClusterImpl-7b3b72d3-1b02-413e-a616-a170ee685c37/datanode-2/data/ratis/18cbec05-5cd2-454f-835e-0c1173138c6a/in_use.lock acquired by nodename 21501@pr-hdds-1981-gl9jh-3406769118
2019-08-22 11:56:27,613 [pool-243-thread-1] INFO  storage.RaftStorage (RaftStorage.java:format(72)) - Storage directory /workdir/hadoop-ozone/integration-test/target/test-dir/MiniOzoneClusterImpl-7b3b72d3-1b02-413e-a616-a170ee685c37/datanode-2/data/ratis/18cbec05-5cd2-454f-835e-0c1173138c6a has been successfully formatted.
2019-08-22 11:56:27,613 [pool-243-thread-1] INFO  ratis.ContainerStateMachine (ContainerStateMachine.java:loadSnapshot(222)) - group-0C1173138C6A: The snapshot info is null. Setting the last applied indexto:(t:0, i:~)
2019-08-22 11:56:27,613 [pool-243-thread-1] INFO  server.RaftServerConfigKeys (ConfUtils.java:logGet(43)) - raft.server.leader.election.timeout = 120s (custom)
2019-08-22 11:56:27,614 [pool-243-thread-1] INFO  server.RaftServerConfigKeys (ConfUtils.java:logGet(43)) - raft.server.log.use.memory = false (default)
2019-08-22 11:56:27,614 [pool-243-thread-1] INFO  server.RaftServerConfigKeys (ConfUtils.java:logGet(43)) - raft.server.log.purge.gap = 1000000 (custom)
2019-08-22 11:56:27,614 [pool-243-thread-1] INFO  server.RaftServerConfigKeys (ConfUtils.java:logGet(43)) - raft.server.log.appender.buffer.byte-limit = 33554432 (custom)
2019-08-22 11:56:27,614 [pool-243-thread-1] INFO  server.RaftServerConfigKeys (ConfUtils.java:logGet(43)) - raft.server.log.segment.size.max = 1048576 (custom)
2019-08-22 11:56:27,614 [pool-243-thread-1] INFO  server.RaftServerConfigKeys (ConfUtils.java:logGet(43)) - raft.server.log.segment.cache.num.max = 2 (custom)
2019-08-22 11:56:27,615 [pool-243-thread-1] INFO  segmented.SegmentedRaftLogWorker (SegmentedRaftLogWorker.java:<init>(172)) - new 8c07d121-2c0d-4967-83b1-bdc1bfd445f6-SegmentedRaftLogWorker:Storage Directory /workdir/hadoop-ozone/integration-test/target/test-dir/MiniOzoneClusterImpl-7b3b72d3-1b02-413e-a616-a170ee685c37/datanode-2/data/ratis/18cbec05-5cd2-454f-835e-0c1173138c6a for RaftStorage:Storage Directory /workdir/hadoop-ozone/integration-test/target/test-dir/MiniOzoneClusterImpl-7b3b72d3-1b02-413e-a616-a170ee685c37/datanode-2/data/ratis/18cbec05-5cd2-454f-835e-0c1173138c6a
2019-08-22 11:56:27,615 [pool-243-thread-1] INFO  server.RaftServerConfigKeys (ConfUtils.java:logGet(43)) - raft.server.log.queue.byte-limit = 2147483647 (custom)
2019-08-22 11:56:27,615 [pool-243-thread-1] INFO  server.RaftServerConfigKeys (ConfUtils.java:logGet(43)) - raft.server.log.queue.element-limit = 1024 (custom)
2019-08-22 11:56:27,615 [pool-243-thread-1] INFO  server.RaftServerConfigKeys (ConfUtils.java:logGet(43)) - raft.server.log.segment.size.max = 1048576 (custom)
2019-08-22 11:56:27,616 [pool-243-thread-1] INFO  server.RaftServerConfigKeys (ConfUtils.java:logGet(43)) - raft.server.log.preallocated.size = 16384 (custom)
2019-08-22 11:56:27,616 [pool-243-thread-1] INFO  server.RaftServerConfigKeys (ConfUtils.java:logGet(43)) - raft.server.log.write.buffer.size = 33554432 (custom)
2019-08-22 11:56:27,616 [pool-243-thread-1] INFO  server.RaftServerConfigKeys (ConfUtils.java:logGet(43)) - raft.server.log.force.sync.num = 128 (default)
2019-08-22 11:56:27,616 [pool-243-thread-1] INFO  server.RaftServerConfigKeys (ConfUtils.java:logGet(43)) - raft.server.log.statemachine.data.sync = true (default)
2019-08-22 11:56:27,616 [pool-243-thread-1] INFO  server.RaftServerConfigKeys (ConfUtils.java:logGet(43)) - raft.server.log.statemachine.data.sync.timeout = 10s (default)
2019-08-22 11:56:27,616 [pool-243-thread-1] INFO  server.RaftServerConfigKeys (ConfUtils.java:logGet(43)) - raft.server.log.statemachine.data.sync.timeout.retry = -1 (default)
2019-08-22 11:56:27,617 [pool-243-thread-1] INFO  server.RaftServerConfigKeys (ConfUtils.java:logGet(43)) - raft.server.log.statemachine.data.caching.enabled = true (custom)
2019-08-22 11:56:27,617 [pool-243-thread-1] INFO  segmented.SegmentedRaftLogWorker (SegmentedRaftLogWorker.java:lambda$new$0(132)) - 8c07d121-2c0d-4967-83b1-bdc1bfd445f6-SegmentedRaftLogWorker:Storage Directory /workdir/hadoop-ozone/integration-test/target/test-dir/MiniOzoneClusterImpl-7b3b72d3-1b02-413e-a616-a170ee685c37/datanode-2/data/ratis/18cbec05-5cd2-454f-835e-0c1173138c6a: flushIndex: setUnconditionally 0 -> -1
2019-08-22 11:56:27,618 [pool-243-thread-1] INFO  server.RaftServerConfigKeys (ConfUtils.java:logGet(43)) - raft.server.snapshot.auto.trigger.enabled = true (custom)
2019-08-22 11:56:27,618 [pool-243-thread-1] INFO  server.RaftServerConfigKeys (ConfUtils.java:logGet(43)) - raft.server.snapshot.auto.trigger.threshold = 10000 (custom)
2019-08-22 11:56:27,618 [pool-243-thread-1] INFO  server.RaftServerConfigKeys (ConfUtils.java:logGet(43)) - raft.server.retrycache.expirytime = 600000ms (custom)
2019-08-22 11:56:27,618 [pool-243-thread-1] INFO  impl.RaftServerImpl (RaftServerImpl.java:start(180)) - 8c07d121-2c0d-4967-83b1-bdc1bfd445f6: start group-0C1173138C6A
2019-08-22 11:56:27,619 [pool-243-thread-1] INFO  impl.RaftServerImpl (RaftServerImpl.java:setRole(171)) - 8c07d121-2c0d-4967-83b1-bdc1bfd445f6:group-0C1173138C6A changes role from null to FOLLOWER at term 0 for startAsFollower
2019-08-22 11:56:27,619 [pool-243-thread-1] INFO  impl.RoleInfo (RoleInfo.java:updateAndGet(143)) - 8c07d121-2c0d-4967-83b1-bdc1bfd445f6: start FollowerState
2019-08-22 11:56:27,619 [pool-243-thread-1] INFO  util.JmxRegister (JmxRegister.java:tryRegister(44)) - Successfully registered JMX Bean with object name Ratis:service=RaftServer,group=group-0C1173138C6A,id=8c07d121-2c0d-4967-83b1-bdc1bfd445f6
2019-08-22 11:56:27,622 [RatisPipelineUtilsThread] INFO  pipeline.PipelineStateManager (PipelineStateManager.java:addPipeline(56)) - Created pipeline Pipeline[ Id: 18cbec05-5cd2-454f-835e-0c1173138c6a, Nodes: 8c07d121-2c0d-4967-83b1-bdc1bfd445f6{ip: 192.168.5.135, host: pr-hdds-1981-gl9jh-3406769118, networkLocation: /default-rack, certSerialId: null}, Type:RATIS, Factor:ONE, State:OPEN]
2019-08-22 11:56:27,637 [grpc-default-executor-4] INFO  impl.RaftServerProxy (RaftServerProxy.java:addNew(89)) - 8c07d121-2c0d-4967-83b1-bdc1bfd445f6: addNew group-6ED392AAFDDC:[8c07d121-2c0d-4967-83b1-bdc1bfd445f6:192.168.5.135:40382, 8085255e-7a41-426f-b0e8-2d5555c5b7b9:192.168.5.135:44522, ac50c3b2-b81f-4c0a-b4fe-860d2c902727:192.168.5.135:40965] returns group-6ED392AAFDDC:java.util.concurrent.CompletableFuture@64188f97[Not completed]
2019-08-22 11:56:27,637 [grpc-default-executor-3] INFO  impl.RaftServerProxy (RaftServerProxy.java:addNew(89)) - 8085255e-7a41-426f-b0e8-2d5555c5b7b9: addNew group-6ED392AAFDDC:[8c07d121-2c0d-4967-83b1-bdc1bfd445f6:192.168.5.135:40382, 8085255e-7a41-426f-b0e8-2d5555c5b7b9:192.168.5.135:44522, ac50c3b2-b81f-4c0a-b4fe-860d2c902727:192.168.5.135:40965] returns group-6ED392AAFDDC:java.util.concurrent.CompletableFuture@7610c64d[Not completed]
2019-08-22 11:56:27,637 [grpc-default-executor-1] INFO  impl.RaftServerProxy (RaftServerProxy.java:addNew(89)) - ac50c3b2-b81f-4c0a-b4fe-860d2c902727: addNew group-6ED392AAFDDC:[8c07d121-2c0d-4967-83b1-bdc1bfd445f6:192.168.5.135:40382, 8085255e-7a41-426f-b0e8-2d5555c5b7b9:192.168.5.135:44522, ac50c3b2-b81f-4c0a-b4fe-860d2c902727:192.168.5.135:40965] returns group-6ED392AAFDDC:java.util.concurrent.CompletableFuture@18134a1[Not completed]
2019-08-22 11:56:27,638 [pool-243-thread-1] INFO  impl.RaftServerImpl (RaftServerImpl.java:<init>(93)) - 8c07d121-2c0d-4967-83b1-bdc1bfd445f6: new RaftServerImpl for group-6ED392AAFDDC:[8c07d121-2c0d-4967-83b1-bdc1bfd445f6:192.168.5.135:40382, 8085255e-7a41-426f-b0e8-2d5555c5b7b9:192.168.5.135:44522, ac50c3b2-b81f-4c0a-b4fe-860d2c902727:192.168.5.135:40965] with ContainerStateMachine:uninitialized
2019-08-22 11:56:27,639 [pool-243-thread-1] INFO  server.RaftServerConfigKeys (ConfUtils.java:logGet(43)) - raft.server.rpc.timeout.min = 5s (custom)
2019-08-22 11:56:27,639 [pool-243-thread-1] INFO  server.RaftServerConfigKeys (ConfUtils.java:logGet(43)) - raft.server.rpc.timeout.max = 5200ms (custom)
2019-08-22 11:56:27,639 [pool-243-thread-1] INFO  server.RaftServerConfigKeys (ConfUtils.java:logGet(43)) - raft.server.rpcslowness.timeout = 120s (custom)
2019-08-22 11:56:27,639 [pool-243-thread-1] INFO  server.RaftServerConfigKeys (ConfUtils.java:logGet(43)) - raft.server.sleep.deviation.threshold = 300 (default)
2019-08-22 11:56:27,639 [pool-221-thread-1] INFO  impl.RaftServerImpl (RaftServerImpl.java:<init>(93)) - ac50c3b2-b81f-4c0a-b4fe-860d2c902727: new RaftServerImpl for group-6ED392AAFDDC:[8c07d121-2c0d-4967-83b1-bdc1bfd445f6:192.168.5.135:40382, 8085255e-7a41-426f-b0e8-2d5555c5b7b9:192.168.5.135:44522, ac50c3b2-b81f-4c0a-b4fe-860d2c902727:192.168.5.135:40965] with ContainerStateMachine:uninitialized
2019-08-22 11:56:27,639 [pool-243-thread-1] INFO  server.RaftServerConfigKeys (ConfUtils.java:logGet(43)) - raft.server.log.appender.install.snapshot.enabled = false (custom)
2019-08-22 11:56:27,640 [pool-221-thread-1] INFO  server.RaftServerConfigKeys (ConfUtils.java:logGet(43)) - raft.server.rpc.timeout.min = 5s (custom)
2019-08-22 11:56:27,640 [pool-232-thread-1] INFO  impl.RaftServerImpl (RaftServerImpl.java:<init>(93)) - 8085255e-7a41-426f-b0e8-2d5555c5b7b9: new RaftServerImpl for group-6ED392AAFDDC:[8c07d121-2c0d-4967-83b1-bdc1bfd445f6:192.168.5.135:40382, 8085255e-7a41-426f-b0e8-2d5555c5b7b9:192.168.5.135:44522, ac50c3b2-b81f-4c0a-b4fe-860d2c902727:192.168.5.135:40965] with ContainerStateMachine:uninitialized
2019-08-22 11:56:27,640 [pool-243-thread-1] INFO  impl.RaftServerImpl (ServerState.java:<init>(105)) - 8c07d121-2c0d-4967-83b1-bdc1bfd445f6:group-6ED392AAFDDC ConfigurationManager, init=-1: [8c07d121-2c0d-4967-83b1-bdc1bfd445f6:192.168.5.135:40382, 8085255e-7a41-426f-b0e8-2d5555c5b7b9:192.168.5.135:44522, ac50c3b2-b81f-4c0a-b4fe-860d2c902727:192.168.5.135:40965], old=null, confs=<EMPTY_MAP>
2019-08-22 11:56:27,640 [pool-232-thread-1] INFO  server.RaftServerConfigKeys (ConfUtils.java:logGet(43)) - raft.server.rpc.timeout.min = 5s (custom)
2019-08-22 11:56:27,640 [pool-221-thread-1] INFO  server.RaftServerConfigKeys (ConfUtils.java:logGet(43)) - raft.server.rpc.timeout.max = 5200ms (custom)
2019-08-22 11:56:27,640 [pool-232-thread-1] INFO  server.RaftServerConfigKeys (ConfUtils.java:logGet(43)) - raft.server.rpc.timeout.max = 5200ms (custom)
2019-08-22 11:56:27,640 [pool-243-thread-1] INFO  server.RaftServerConfigKeys (ConfUtils.java:logGet(43)) - raft.server.storage.dir = [/workdir/hadoop-ozone/integration-test/target/test-dir/MiniOzoneClusterImpl-7b3b72d3-1b02-413e-a616-a170ee685c37/datanode-2/data/ratis] (custom)
2019-08-22 11:56:27,641 [pool-232-thread-1] INFO  server.RaftServerConfigKeys (ConfUtils.java:logGet(43)) - raft.server.rpcslowness.timeout = 120s (custom)
2019-08-22 11:56:27,640 [pool-221-thread-1] INFO  server.RaftServerConfigKeys (ConfUtils.java:logGet(43)) - raft.server.rpcslowness.timeout = 120s (custom)
2019-08-22 11:56:27,641 [pool-232-thread-1] INFO  server.RaftServerConfigKeys (ConfUtils.java:logGet(43)) - raft.server.sleep.deviation.threshold = 300 (default)
2019-08-22 11:56:27,641 [pool-221-thread-1] INFO  server.RaftServerConfigKeys (ConfUtils.java:logGet(43)) - raft.server.sleep.deviation.threshold = 300 (default)
2019-08-22 11:56:27,641 [pool-232-thread-1] INFO  server.RaftServerConfigKeys (ConfUtils.java:logGet(43)) - raft.server.log.appender.install.snapshot.enabled = false (custom)
2019-08-22 11:56:27,641 [pool-221-thread-1] INFO  server.RaftServerConfigKeys (ConfUtils.java:logGet(43)) - raft.server.log.appender.install.snapshot.enabled = false (custom)
2019-08-22 11:56:27,641 [pool-232-thread-1] INFO  impl.RaftServerImpl (ServerState.java:<init>(105)) - 8085255e-7a41-426f-b0e8-2d5555c5b7b9:group-6ED392AAFDDC ConfigurationManager, init=-1: [8c07d121-2c0d-4967-83b1-bdc1bfd445f6:192.168.5.135:40382, 8085255e-7a41-426f-b0e8-2d5555c5b7b9:192.168.5.135:44522, ac50c3b2-b81f-4c0a-b4fe-860d2c902727:192.168.5.135:40965], old=null, confs=<EMPTY_MAP>
2019-08-22 11:56:27,642 [pool-221-thread-1] INFO  impl.RaftServerImpl (ServerState.java:<init>(105)) - ac50c3b2-b81f-4c0a-b4fe-860d2c902727:group-6ED392AAFDDC ConfigurationManager, init=-1: [8c07d121-2c0d-4967-83b1-bdc1bfd445f6:192.168.5.135:40382, 8085255e-7a41-426f-b0e8-2d5555c5b7b9:192.168.5.135:44522, ac50c3b2-b81f-4c0a-b4fe-860d2c902727:192.168.5.135:40965], old=null, confs=<EMPTY_MAP>
2019-08-22 11:56:27,642 [pool-232-thread-1] INFO  server.RaftServerConfigKeys (ConfUtils.java:logGet(43)) - raft.server.storage.dir = [/workdir/hadoop-ozone/integration-test/target/test-dir/MiniOzoneClusterImpl-7b3b72d3-1b02-413e-a616-a170ee685c37/datanode-1/data/ratis] (custom)
2019-08-22 11:56:27,642 [pool-221-thread-1] INFO  server.RaftServerConfigKeys (ConfUtils.java:logGet(43)) - raft.server.storage.dir = [/workdir/hadoop-ozone/integration-test/target/test-dir/MiniOzoneClusterImpl-7b3b72d3-1b02-413e-a616-a170ee685c37/datanode-0/data/ratis] (custom)
2019-08-22 11:56:27,713 [pool-243-thread-1] INFO  storage.RaftStorageDirectory (RaftStorageDirectory.java:analyzeStorage(246)) - The storage directory /workdir/hadoop-ozone/integration-test/target/test-dir/MiniOzoneClusterImpl-7b3b72d3-1b02-413e-a616-a170ee685c37/datanode-2/data/ratis/c8ad4123-12cb-426e-afae-6ed392aafddc does not exist. Creating ...
2019-08-22 11:56:27,713 [pool-221-thread-1] INFO  storage.RaftStorageDirectory (RaftStorageDirectory.java:analyzeStorage(246)) - The storage directory /workdir/hadoop-ozone/integration-test/target/test-dir/MiniOzoneClusterImpl-7b3b72d3-1b02-413e-a616-a170ee685c37/datanode-0/data/ratis/c8ad4123-12cb-426e-afae-6ed392aafddc does not exist. Creating ...
2019-08-22 11:56:27,715 [pool-232-thread-1] INFO  storage.RaftStorageDirectory (RaftStorageDirectory.java:analyzeStorage(246)) - The storage directory /workdir/hadoop-ozone/integration-test/target/test-dir/MiniOzoneClusterImpl-7b3b72d3-1b02-413e-a616-a170ee685c37/datanode-1/data/ratis/c8ad4123-12cb-426e-afae-6ed392aafddc does not exist. Creating ...
2019-08-22 11:56:27,733 [IPC Server handler 4 on 35548] INFO  net.NetworkTopology (NetworkTopologyImpl.java:add(110)) - Added a new node: /default-rack/4a9862d5-694b-4c7d-b652-1fb8ddcfc588
2019-08-22 11:56:27,734 [IPC Server handler 4 on 35548] INFO  node.SCMNodeManager (SCMNodeManager.java:register(273)) - Registered Data node : 4a9862d5-694b-4c7d-b652-1fb8ddcfc588{ip: 192.168.5.135, host: pr-hdds-1981-gl9jh-3406769118, networkLocation: /default-rack, certSerialId: null}
2019-08-22 11:56:27,734 | INFO  | SCMAudit | user=jenkins1000 | ip=192.168.5.135 | op=REGISTER {datanodeDetails=4a9862d5-694b-4c7d-b652-1fb8ddcfc588{ip: 192.168.5.135, host: pr-hdds-1981-gl9jh-3406769118, networkLocation: /default-rack, certSerialId: null}} | ret=SUCCESS |  
2019-08-22 11:56:27,900 [IPC Server handler 8 on 35548] INFO  net.NetworkTopology (NetworkTopologyImpl.java:add(110)) - Added a new node: /default-rack/81358f04-b55e-4661-8083-492e8c5539a7
2019-08-22 11:56:27,901 [IPC Server handler 8 on 35548] INFO  node.SCMNodeManager (SCMNodeManager.java:register(273)) - Registered Data node : 81358f04-b55e-4661-8083-492e8c5539a7{ip: 192.168.5.135, host: pr-hdds-1981-gl9jh-3406769118, networkLocation: /default-rack, certSerialId: null}
2019-08-22 11:56:27,901 | INFO  | SCMAudit | user=jenkins1000 | ip=192.168.5.135 | op=REGISTER {datanodeDetails=81358f04-b55e-4661-8083-492e8c5539a7{ip: 192.168.5.135, host: pr-hdds-1981-gl9jh-3406769118, networkLocation: /default-rack, certSerialId: null}} | ret=SUCCESS |  
2019-08-22 11:56:28,028 [pool-243-thread-1] INFO  storage.RaftStorageDirectory (RaftStorageDirectory.java:tryLock(328)) - Lock on /workdir/hadoop-ozone/integration-test/target/test-dir/MiniOzoneClusterImpl-7b3b72d3-1b02-413e-a616-a170ee685c37/datanode-2/data/ratis/c8ad4123-12cb-426e-afae-6ed392aafddc/in_use.lock acquired by nodename 21501@pr-hdds-1981-gl9jh-3406769118
2019-08-22 11:56:28,028 [pool-221-thread-1] INFO  storage.RaftStorageDirectory (RaftStorageDirectory.java:tryLock(328)) - Lock on /workdir/hadoop-ozone/integration-test/target/test-dir/MiniOzoneClusterImpl-7b3b72d3-1b02-413e-a616-a170ee685c37/datanode-0/data/ratis/c8ad4123-12cb-426e-afae-6ed392aafddc/in_use.lock acquired by nodename 21501@pr-hdds-1981-gl9jh-3406769118
2019-08-22 11:56:28,029 [pool-232-thread-1] INFO  storage.RaftStorageDirectory (RaftStorageDirectory.java:tryLock(328)) - Lock on /workdir/hadoop-ozone/integration-test/target/test-dir/MiniOzoneClusterImpl-7b3b72d3-1b02-413e-a616-a170ee685c37/datanode-1/data/ratis/c8ad4123-12cb-426e-afae-6ed392aafddc/in_use.lock acquired by nodename 21501@pr-hdds-1981-gl9jh-3406769118
2019-08-22 11:56:28,042 [pool-232-thread-1] INFO  storage.RaftStorage (RaftStorage.java:format(72)) - Storage directory /workdir/hadoop-ozone/integration-test/target/test-dir/MiniOzoneClusterImpl-7b3b72d3-1b02-413e-a616-a170ee685c37/datanode-1/data/ratis/c8ad4123-12cb-426e-afae-6ed392aafddc has been successfully formatted.
2019-08-22 11:56:28,042 [pool-243-thread-1] INFO  storage.RaftStorage (RaftStorage.java:format(72)) - Storage directory /workdir/hadoop-ozone/integration-test/target/test-dir/MiniOzoneClusterImpl-7b3b72d3-1b02-413e-a616-a170ee685c37/datanode-2/data/ratis/c8ad4123-12cb-426e-afae-6ed392aafddc has been successfully formatted.
2019-08-22 11:56:28,042 [pool-221-thread-1] INFO  storage.RaftStorage (RaftStorage.java:format(72)) - Storage directory /workdir/hadoop-ozone/integration-test/target/test-dir/MiniOzoneClusterImpl-7b3b72d3-1b02-413e-a616-a170ee685c37/datanode-0/data/ratis/c8ad4123-12cb-426e-afae-6ed392aafddc has been successfully formatted.
2019-08-22 11:56:28,043 [pool-232-thread-1] INFO  ratis.ContainerStateMachine (ContainerStateMachine.java:loadSnapshot(222)) - group-6ED392AAFDDC: The snapshot info is null. Setting the last applied indexto:(t:0, i:~)
2019-08-22 11:56:28,043 [pool-243-thread-1] INFO  ratis.ContainerStateMachine (ContainerStateMachine.java:loadSnapshot(222)) - group-6ED392AAFDDC: The snapshot info is null. Setting the last applied indexto:(t:0, i:~)
2019-08-22 11:56:28,043 [pool-232-thread-1] INFO  server.RaftServerConfigKeys (ConfUtils.java:logGet(43)) - raft.server.leader.election.timeout = 120s (custom)
2019-08-22 11:56:28,043 [pool-221-thread-1] INFO  ratis.ContainerStateMachine (ContainerStateMachine.java:loadSnapshot(222)) - group-6ED392AAFDDC: The snapshot info is null. Setting the last applied indexto:(t:0, i:~)
2019-08-22 11:56:28,043 [pool-232-thread-1] INFO  server.RaftServerConfigKeys (ConfUtils.java:logGet(43)) - raft.server.log.use.memory = false (default)
2019-08-22 11:56:28,043 [pool-243-thread-1] INFO  server.RaftServerConfigKeys (ConfUtils.java:logGet(43)) - raft.server.leader.election.timeout = 120s (custom)
2019-08-22 11:56:28,044 [pool-232-thread-1] INFO  server.RaftServerConfigKeys (ConfUtils.java:logGet(43)) - raft.server.log.purge.gap = 1000000 (custom)
2019-08-22 11:56:28,044 [pool-221-thread-1] INFO  server.RaftServerConfigKeys (ConfUtils.java:logGet(43)) - raft.server.leader.election.timeout = 120s (custom)
2019-08-22 11:56:28,044 [pool-232-thread-1] INFO  server.RaftServerConfigKeys (ConfUtils.java:logGet(43)) - raft.server.log.appender.buffer.byte-limit = 33554432 (custom)
2019-08-22 11:56:28,044 [pool-243-thread-1] INFO  server.RaftServerConfigKeys (ConfUtils.java:logGet(43)) - raft.server.log.use.memory = false (default)
2019-08-22 11:56:28,044 [pool-232-thread-1] INFO  server.RaftServerConfigKeys (ConfUtils.java:logGet(43)) - raft.server.log.segment.size.max = 1048576 (custom)
2019-08-22 11:56:28,044 [pool-221-thread-1] INFO  server.RaftServerConfigKeys (ConfUtils.java:logGet(43)) - raft.server.log.use.memory = false (default)
2019-08-22 11:56:28,045 [pool-232-thread-1] INFO  server.RaftServerConfigKeys (ConfUtils.java:logGet(43)) - raft.server.log.segment.cache.num.max = 2 (custom)
2019-08-22 11:56:28,045 [pool-243-thread-1] INFO  server.RaftServerConfigKeys (ConfUtils.java:logGet(43)) - raft.server.log.purge.gap = 1000000 (custom)
2019-08-22 11:56:28,045 [pool-232-thread-1] INFO  segmented.SegmentedRaftLogWorker (SegmentedRaftLogWorker.java:<init>(172)) - new 8085255e-7a41-426f-b0e8-2d5555c5b7b9-SegmentedRaftLogWorker:Storage Directory /workdir/hadoop-ozone/integration-test/target/test-dir/MiniOzoneClusterImpl-7b3b72d3-1b02-413e-a616-a170ee685c37/datanode-1/data/ratis/c8ad4123-12cb-426e-afae-6ed392aafddc for RaftStorage:Storage Directory /workdir/hadoop-ozone/integration-test/target/test-dir/MiniOzoneClusterImpl-7b3b72d3-1b02-413e-a616-a170ee685c37/datanode-1/data/ratis/c8ad4123-12cb-426e-afae-6ed392aafddc
2019-08-22 11:56:28,045 [pool-221-thread-1] INFO  server.RaftServerConfigKeys (ConfUtils.java:logGet(43)) - raft.server.log.purge.gap = 1000000 (custom)
2019-08-22 11:56:28,045 [pool-232-thread-1] INFO  server.RaftServerConfigKeys (ConfUtils.java:logGet(43)) - raft.server.log.queue.byte-limit = 2147483647 (custom)
2019-08-22 11:56:28,045 [pool-243-thread-1] INFO  server.RaftServerConfigKeys (ConfUtils.java:logGet(43)) - raft.server.log.appender.buffer.byte-limit = 33554432 (custom)
2019-08-22 11:56:28,046 [pool-232-thread-1] INFO  server.RaftServerConfigKeys (ConfUtils.java:logGet(43)) - raft.server.log.queue.element-limit = 1024 (custom)
2019-08-22 11:56:28,046 [pool-221-thread-1] INFO  server.RaftServerConfigKeys (ConfUtils.java:logGet(43)) - raft.server.log.appender.buffer.byte-limit = 33554432 (custom)
2019-08-22 11:56:28,046 [pool-232-thread-1] INFO  server.RaftServerConfigKeys (ConfUtils.java:logGet(43)) - raft.server.log.segment.size.max = 1048576 (custom)
2019-08-22 11:56:28,046 [pool-232-thread-1] INFO  server.RaftServerConfigKeys (ConfUtils.java:logGet(43)) - raft.server.log.preallocated.size = 16384 (custom)
2019-08-22 11:56:28,046 [pool-243-thread-1] INFO  server.RaftServerConfigKeys (ConfUtils.java:logGet(43)) - raft.server.log.segment.size.max = 1048576 (custom)
2019-08-22 11:56:28,047 [pool-232-thread-1] INFO  server.RaftServerConfigKeys (ConfUtils.java:logGet(43)) - raft.server.log.write.buffer.size = 33554432 (custom)
2019-08-22 11:56:28,047 [pool-232-thread-1] INFO  server.RaftServerConfigKeys (ConfUtils.java:logGet(43)) - raft.server.log.force.sync.num = 128 (default)
2019-08-22 11:56:28,046 [pool-221-thread-1] INFO  server.RaftServerConfigKeys (ConfUtils.java:logGet(43)) - raft.server.log.segment.size.max = 1048576 (custom)
2019-08-22 11:56:28,047 [pool-232-thread-1] INFO  server.RaftServerConfigKeys (ConfUtils.java:logGet(43)) - raft.server.log.statemachine.data.sync = true (default)
2019-08-22 11:56:28,047 [pool-243-thread-1] INFO  server.RaftServerConfigKeys (ConfUtils.java:logGet(43)) - raft.server.log.segment.cache.num.max = 2 (custom)
2019-08-22 11:56:28,047 [pool-232-thread-1] INFO  server.RaftServerConfigKeys (ConfUtils.java:logGet(43)) - raft.server.log.statemachine.data.sync.timeout = 10s (default)
2019-08-22 11:56:28,047 [pool-221-thread-1] INFO  server.RaftServerConfigKeys (ConfUtils.java:logGet(43)) - raft.server.log.segment.cache.num.max = 2 (custom)
2019-08-22 11:56:28,048 [pool-232-thread-1] INFO  server.RaftServerConfigKeys (ConfUtils.java:logGet(43)) - raft.server.log.statemachine.data.sync.timeout.retry = -1 (default)
2019-08-22 11:56:28,048 [pool-243-thread-1] INFO  segmented.SegmentedRaftLogWorker (SegmentedRaftLogWorker.java:<init>(172)) - new 8c07d121-2c0d-4967-83b1-bdc1bfd445f6-SegmentedRaftLogWorker:Storage Directory /workdir/hadoop-ozone/integration-test/target/test-dir/MiniOzoneClusterImpl-7b3b72d3-1b02-413e-a616-a170ee685c37/datanode-2/data/ratis/c8ad4123-12cb-426e-afae-6ed392aafddc for RaftStorage:Storage Directory /workdir/hadoop-ozone/integration-test/target/test-dir/MiniOzoneClusterImpl-7b3b72d3-1b02-413e-a616-a170ee685c37/datanode-2/data/ratis/c8ad4123-12cb-426e-afae-6ed392aafddc
2019-08-22 11:56:28,048 [pool-232-thread-1] INFO  server.RaftServerConfigKeys (ConfUtils.java:logGet(43)) - raft.server.log.statemachine.data.caching.enabled = true (custom)
2019-08-22 11:56:28,048 [pool-221-thread-1] INFO  segmented.SegmentedRaftLogWorker (SegmentedRaftLogWorker.java:<init>(172)) - new ac50c3b2-b81f-4c0a-b4fe-860d2c902727-SegmentedRaftLogWorker:Storage Directory /workdir/hadoop-ozone/integration-test/target/test-dir/MiniOzoneClusterImpl-7b3b72d3-1b02-413e-a616-a170ee685c37/datanode-0/data/ratis/c8ad4123-12cb-426e-afae-6ed392aafddc for RaftStorage:Storage Directory /workdir/hadoop-ozone/integration-test/target/test-dir/MiniOzoneClusterImpl-7b3b72d3-1b02-413e-a616-a170ee685c37/datanode-0/data/ratis/c8ad4123-12cb-426e-afae-6ed392aafddc
2019-08-22 11:56:28,048 [pool-243-thread-1] INFO  server.RaftServerConfigKeys (ConfUtils.java:logGet(43)) - raft.server.log.queue.byte-limit = 2147483647 (custom)
2019-08-22 11:56:28,049 [pool-232-thread-1] INFO  segmented.SegmentedRaftLogWorker (SegmentedRaftLogWorker.java:lambda$new$0(132)) - 8085255e-7a41-426f-b0e8-2d5555c5b7b9-SegmentedRaftLogWorker:Storage Directory /workdir/hadoop-ozone/integration-test/target/test-dir/MiniOzoneClusterImpl-7b3b72d3-1b02-413e-a616-a170ee685c37/datanode-1/data/ratis/c8ad4123-12cb-426e-afae-6ed392aafddc: flushIndex: setUnconditionally 0 -> -1
2019-08-22 11:56:28,049 [pool-221-thread-1] INFO  server.RaftServerConfigKeys (ConfUtils.java:logGet(43)) - raft.server.log.queue.byte-limit = 2147483647 (custom)
2019-08-22 11:56:28,049 [pool-243-thread-1] INFO  server.RaftServerConfigKeys (ConfUtils.java:logGet(43)) - raft.server.log.queue.element-limit = 1024 (custom)
2019-08-22 11:56:28,049 [pool-221-thread-1] INFO  server.RaftServerConfigKeys (ConfUtils.java:logGet(43)) - raft.server.log.queue.element-limit = 1024 (custom)
2019-08-22 11:56:28,049 [pool-232-thread-1] INFO  server.RaftServerConfigKeys (ConfUtils.java:logGet(43)) - raft.server.snapshot.auto.trigger.enabled = true (custom)
2019-08-22 11:56:28,049 [pool-221-thread-1] INFO  server.RaftServerConfigKeys (ConfUtils.java:logGet(43)) - raft.server.log.segment.size.max = 1048576 (custom)
2019-08-22 11:56:28,049 [pool-243-thread-1] INFO  server.RaftServerConfigKeys (ConfUtils.java:logGet(43)) - raft.server.log.segment.size.max = 1048576 (custom)
2019-08-22 11:56:28,050 [pool-221-thread-1] INFO  server.RaftServerConfigKeys (ConfUtils.java:logGet(43)) - raft.server.log.preallocated.size = 16384 (custom)
2019-08-22 11:56:28,050 [pool-232-thread-1] INFO  server.RaftServerConfigKeys (ConfUtils.java:logGet(43)) - raft.server.snapshot.auto.trigger.threshold = 10000 (custom)
2019-08-22 11:56:28,050 [pool-221-thread-1] INFO  server.RaftServerConfigKeys (ConfUtils.java:logGet(43)) - raft.server.log.write.buffer.size = 33554432 (custom)
2019-08-22 11:56:28,050 [pool-243-thread-1] INFO  server.RaftServerConfigKeys (ConfUtils.java:logGet(43)) - raft.server.log.preallocated.size = 16384 (custom)
2019-08-22 11:56:28,050 [pool-221-thread-1] INFO  server.RaftServerConfigKeys (ConfUtils.java:logGet(43)) - raft.server.log.force.sync.num = 128 (default)
2019-08-22 11:56:28,050 [pool-232-thread-1] INFO  server.RaftServerConfigKeys (ConfUtils.java:logGet(43)) - raft.server.retrycache.expirytime = 600000ms (custom)
2019-08-22 11:56:28,051 [pool-221-thread-1] INFO  server.RaftServerConfigKeys (ConfUtils.java:logGet(43)) - raft.server.log.statemachine.data.sync = true (default)
2019-08-22 11:56:28,050 [pool-243-thread-1] INFO  server.RaftServerConfigKeys (ConfUtils.java:logGet(43)) - raft.server.log.write.buffer.size = 33554432 (custom)
2019-08-22 11:56:28,051 [pool-221-thread-1] INFO  server.RaftServerConfigKeys (ConfUtils.java:logGet(43)) - raft.server.log.statemachine.data.sync.timeout = 10s (default)
2019-08-22 11:56:28,051 [pool-232-thread-1] INFO  impl.RaftServerImpl (RaftServerImpl.java:start(180)) - 8085255e-7a41-426f-b0e8-2d5555c5b7b9: start group-6ED392AAFDDC
2019-08-22 11:56:28,051 [pool-221-thread-1] INFO  server.RaftServerConfigKeys (ConfUtils.java:logGet(43)) - raft.server.log.statemachine.data.sync.timeout.retry = -1 (default)
2019-08-22 11:56:28,051 [pool-243-thread-1] INFO  server.RaftServerConfigKeys (ConfUtils.java:logGet(43)) - raft.server.log.force.sync.num = 128 (default)
2019-08-22 11:56:28,052 [pool-221-thread-1] INFO  server.RaftServerConfigKeys (ConfUtils.java:logGet(43)) - raft.server.log.statemachine.data.caching.enabled = true (custom)
2019-08-22 11:56:28,051 [pool-232-thread-1] INFO  impl.RaftServerImpl (RaftServerImpl.java:setRole(171)) - 8085255e-7a41-426f-b0e8-2d5555c5b7b9:group-6ED392AAFDDC changes role from null to FOLLOWER at term 0 for startAsFollower
2019-08-22 11:56:28,052 [pool-243-thread-1] INFO  server.RaftServerConfigKeys (ConfUtils.java:logGet(43)) - raft.server.log.statemachine.data.sync = true (default)
2019-08-22 11:56:28,052 [pool-232-thread-1] INFO  impl.RoleInfo (RoleInfo.java:updateAndGet(143)) - 8085255e-7a41-426f-b0e8-2d5555c5b7b9: start FollowerState
2019-08-22 11:56:28,052 [pool-221-thread-1] INFO  segmented.SegmentedRaftLogWorker (SegmentedRaftLogWorker.java:lambda$new$0(132)) - ac50c3b2-b81f-4c0a-b4fe-860d2c902727-SegmentedRaftLogWorker:Storage Directory /workdir/hadoop-ozone/integration-test/target/test-dir/MiniOzoneClusterImpl-7b3b72d3-1b02-413e-a616-a170ee685c37/datanode-0/data/ratis/c8ad4123-12cb-426e-afae-6ed392aafddc: flushIndex: setUnconditionally 0 -> -1
2019-08-22 11:56:28,052 [pool-243-thread-1] INFO  server.RaftServerConfigKeys (ConfUtils.java:logGet(43)) - raft.server.log.statemachine.data.sync.timeout = 10s (default)
2019-08-22 11:56:28,053 [pool-243-thread-1] INFO  server.RaftServerConfigKeys (ConfUtils.java:logGet(43)) - raft.server.log.statemachine.data.sync.timeout.retry = -1 (default)
2019-08-22 11:56:28,053 [pool-221-thread-1] INFO  server.RaftServerConfigKeys (ConfUtils.java:logGet(43)) - raft.server.snapshot.auto.trigger.enabled = true (custom)
2019-08-22 11:56:28,053 [pool-232-thread-1] INFO  util.JmxRegister (JmxRegister.java:tryRegister(44)) - Successfully registered JMX Bean with object name Ratis:service=RaftServer,group=group-6ED392AAFDDC,id=8085255e-7a41-426f-b0e8-2d5555c5b7b9
2019-08-22 11:56:28,053 [pool-221-thread-1] INFO  server.RaftServerConfigKeys (ConfUtils.java:logGet(43)) - raft.server.snapshot.auto.trigger.threshold = 10000 (custom)
2019-08-22 11:56:28,053 [pool-243-thread-1] INFO  server.RaftServerConfigKeys (ConfUtils.java:logGet(43)) - raft.server.log.statemachine.data.caching.enabled = true (custom)
2019-08-22 11:56:28,053 [pool-221-thread-1] INFO  server.RaftServerConfigKeys (ConfUtils.java:logGet(43)) - raft.server.retrycache.expirytime = 600000ms (custom)
2019-08-22 11:56:28,054 [pool-243-thread-1] INFO  segmented.SegmentedRaftLogWorker (SegmentedRaftLogWorker.java:lambda$new$0(132)) - 8c07d121-2c0d-4967-83b1-bdc1bfd445f6-SegmentedRaftLogWorker:Storage Directory /workdir/hadoop-ozone/integration-test/target/test-dir/MiniOzoneClusterImpl-7b3b72d3-1b02-413e-a616-a170ee685c37/datanode-2/data/ratis/c8ad4123-12cb-426e-afae-6ed392aafddc: flushIndex: setUnconditionally 0 -> -1
2019-08-22 11:56:28,054 [pool-221-thread-1] INFO  impl.RaftServerImpl (RaftServerImpl.java:start(180)) - ac50c3b2-b81f-4c0a-b4fe-860d2c902727: start group-6ED392AAFDDC
2019-08-22 11:56:28,054 [pool-221-thread-1] INFO  impl.RaftServerImpl (RaftServerImpl.java:setRole(171)) - ac50c3b2-b81f-4c0a-b4fe-860d2c902727:group-6ED392AAFDDC changes role from null to FOLLOWER at term 0 for startAsFollower
2019-08-22 11:56:28,054 [pool-243-thread-1] INFO  server.RaftServerConfigKeys (ConfUtils.java:logGet(43)) - raft.server.snapshot.auto.trigger.enabled = true (custom)
2019-08-22 11:56:28,054 [pool-221-thread-1] INFO  impl.RoleInfo (RoleInfo.java:updateAndGet(143)) - ac50c3b2-b81f-4c0a-b4fe-860d2c902727: start FollowerState
2019-08-22 11:56:28,054 [pool-243-thread-1] INFO  server.RaftServerConfigKeys (ConfUtils.java:logGet(43)) - raft.server.snapshot.auto.trigger.threshold = 10000 (custom)
2019-08-22 11:56:28,055 [pool-243-thread-1] INFO  server.RaftServerConfigKeys (ConfUtils.java:logGet(43)) - raft.server.retrycache.expirytime = 600000ms (custom)
2019-08-22 11:56:28,055 [pool-221-thread-1] INFO  util.JmxRegister (JmxRegister.java:tryRegister(44)) - Successfully registered JMX Bean with object name Ratis:service=RaftServer,group=group-6ED392AAFDDC,id=ac50c3b2-b81f-4c0a-b4fe-860d2c902727
2019-08-22 11:56:28,055 [pool-243-thread-1] INFO  impl.RaftServerImpl (RaftServerImpl.java:start(180)) - 8c07d121-2c0d-4967-83b1-bdc1bfd445f6: start group-6ED392AAFDDC
2019-08-22 11:56:28,055 [pool-243-thread-1] INFO  impl.RaftServerImpl (RaftServerImpl.java:setRole(171)) - 8c07d121-2c0d-4967-83b1-bdc1bfd445f6:group-6ED392AAFDDC changes role from null to FOLLOWER at term 0 for startAsFollower
2019-08-22 11:56:28,055 [pool-243-thread-1] INFO  impl.RoleInfo (RoleInfo.java:updateAndGet(143)) - 8c07d121-2c0d-4967-83b1-bdc1bfd445f6: start FollowerState
2019-08-22 11:56:28,056 [pool-243-thread-1] INFO  util.JmxRegister (JmxRegister.java:tryRegister(44)) - Successfully registered JMX Bean with object name Ratis:service=RaftServer,group=group-6ED392AAFDDC,id=8c07d121-2c0d-4967-83b1-bdc1bfd445f6
2019-08-22 11:56:28,058 [RatisPipelineUtilsThread] INFO  pipeline.PipelineStateManager (PipelineStateManager.java:addPipeline(56)) - Created pipeline Pipeline[ Id: c8ad4123-12cb-426e-afae-6ed392aafddc, Nodes: ac50c3b2-b81f-4c0a-b4fe-860d2c902727{ip: 192.168.5.135, host: pr-hdds-1981-gl9jh-3406769118, networkLocation: /default-rack, certSerialId: null}8085255e-7a41-426f-b0e8-2d5555c5b7b9{ip: 192.168.5.135, host: pr-hdds-1981-gl9jh-3406769118, networkLocation: /default-rack, certSerialId: null}8c07d121-2c0d-4967-83b1-bdc1bfd445f6{ip: 192.168.5.135, host: pr-hdds-1981-gl9jh-3406769118, networkLocation: /default-rack, certSerialId: null}, Type:RATIS, Factor:THREE, State:OPEN]
2019-08-22 11:56:28,261 [IPC Server handler 9 on 35548] INFO  net.NetworkTopology (NetworkTopologyImpl.java:add(110)) - Added a new node: /default-rack/c2ff41bc-5475-4ec0-aa3a-f40fe56d194e
2019-08-22 11:56:28,262 [IPC Server handler 9 on 35548] INFO  node.SCMNodeManager (SCMNodeManager.java:register(273)) - Registered Data node : c2ff41bc-5475-4ec0-aa3a-f40fe56d194e{ip: 192.168.5.135, host: pr-hdds-1981-gl9jh-3406769118, networkLocation: /default-rack, certSerialId: null}
2019-08-22 11:56:28,262 | INFO  | SCMAudit | user=jenkins1000 | ip=192.168.5.135 | op=REGISTER {datanodeDetails=c2ff41bc-5475-4ec0-aa3a-f40fe56d194e{ip: 192.168.5.135, host: pr-hdds-1981-gl9jh-3406769118, networkLocation: /default-rack, certSerialId: null}} | ret=SUCCESS |  
2019-08-22 11:56:28,273 [grpc-default-executor-1] INFO  impl.RaftServerProxy (RaftServerProxy.java:addNew(89)) - c2ff41bc-5475-4ec0-aa3a-f40fe56d194e: addNew group-CA0F0C4D73A8:[c2ff41bc-5475-4ec0-aa3a-f40fe56d194e:192.168.5.135:41764] returns group-CA0F0C4D73A8:java.util.concurrent.CompletableFuture@2d08edbf[Not completed]
2019-08-22 11:56:28,275 [pool-276-thread-1] INFO  impl.RaftServerImpl (RaftServerImpl.java:<init>(93)) - c2ff41bc-5475-4ec0-aa3a-f40fe56d194e: new RaftServerImpl for group-CA0F0C4D73A8:[c2ff41bc-5475-4ec0-aa3a-f40fe56d194e:192.168.5.135:41764] with ContainerStateMachine:uninitialized
2019-08-22 11:56:28,275 [pool-276-thread-1] INFO  server.RaftServerConfigKeys (ConfUtils.java:logGet(43)) - raft.server.rpc.timeout.min = 5s (custom)
2019-08-22 11:56:28,275 [pool-276-thread-1] INFO  server.RaftServerConfigKeys (ConfUtils.java:logGet(43)) - raft.server.rpc.timeout.max = 5200ms (custom)
2019-08-22 11:56:28,275 [pool-276-thread-1] INFO  server.RaftServerConfigKeys (ConfUtils.java:logGet(43)) - raft.server.rpcslowness.timeout = 120s (custom)
2019-08-22 11:56:28,275 [pool-276-thread-1] INFO  server.RaftServerConfigKeys (ConfUtils.java:logGet(43)) - raft.server.sleep.deviation.threshold = 300 (default)
2019-08-22 11:56:28,275 [pool-276-thread-1] INFO  server.RaftServerConfigKeys (ConfUtils.java:logGet(43)) - raft.server.log.appender.install.snapshot.enabled = false (custom)
2019-08-22 11:56:28,276 [pool-276-thread-1] INFO  impl.RaftServerImpl (ServerState.java:<init>(105)) - c2ff41bc-5475-4ec0-aa3a-f40fe56d194e:group-CA0F0C4D73A8 ConfigurationManager, init=-1: [c2ff41bc-5475-4ec0-aa3a-f40fe56d194e:192.168.5.135:41764], old=null, confs=<EMPTY_MAP>
2019-08-22 11:56:28,276 [pool-276-thread-1] INFO  server.RaftServerConfigKeys (ConfUtils.java:logGet(43)) - raft.server.storage.dir = [/workdir/hadoop-ozone/integration-test/target/test-dir/MiniOzoneClusterImpl-7b3b72d3-1b02-413e-a616-a170ee685c37/datanode-5/data/ratis] (custom)
2019-08-22 11:56:28,276 [pool-276-thread-1] INFO  storage.RaftStorageDirectory (RaftStorageDirectory.java:analyzeStorage(246)) - The storage directory /workdir/hadoop-ozone/integration-test/target/test-dir/MiniOzoneClusterImpl-7b3b72d3-1b02-413e-a616-a170ee685c37/datanode-5/data/ratis/b8c692c4-86fd-4b1f-8951-ca0f0c4d73a8 does not exist. Creating ...
2019-08-22 11:56:28,290 [pool-276-thread-1] INFO  storage.RaftStorageDirectory (RaftStorageDirectory.java:tryLock(328)) - Lock on /workdir/hadoop-ozone/integration-test/target/test-dir/MiniOzoneClusterImpl-7b3b72d3-1b02-413e-a616-a170ee685c37/datanode-5/data/ratis/b8c692c4-86fd-4b1f-8951-ca0f0c4d73a8/in_use.lock acquired by nodename 21501@pr-hdds-1981-gl9jh-3406769118
2019-08-22 11:56:28,303 [pool-276-thread-1] INFO  storage.RaftStorage (RaftStorage.java:format(72)) - Storage directory /workdir/hadoop-ozone/integration-test/target/test-dir/MiniOzoneClusterImpl-7b3b72d3-1b02-413e-a616-a170ee685c37/datanode-5/data/ratis/b8c692c4-86fd-4b1f-8951-ca0f0c4d73a8 has been successfully formatted.
2019-08-22 11:56:28,304 [pool-276-thread-1] INFO  ratis.ContainerStateMachine (ContainerStateMachine.java:loadSnapshot(222)) - group-CA0F0C4D73A8: The snapshot info is null. Setting the last applied indexto:(t:0, i:~)
2019-08-22 11:56:28,304 [pool-276-thread-1] INFO  server.RaftServerConfigKeys (ConfUtils.java:logGet(43)) - raft.server.leader.election.timeout = 120s (custom)
2019-08-22 11:56:28,304 [pool-276-thread-1] INFO  server.RaftServerConfigKeys (ConfUtils.java:logGet(43)) - raft.server.log.use.memory = false (default)
2019-08-22 11:56:28,304 [pool-276-thread-1] INFO  server.RaftServerConfigKeys (ConfUtils.java:logGet(43)) - raft.server.log.purge.gap = 1000000 (custom)
2019-08-22 11:56:28,304 [pool-276-thread-1] INFO  server.RaftServerConfigKeys (ConfUtils.java:logGet(43)) - raft.server.log.appender.buffer.byte-limit = 33554432 (custom)
2019-08-22 11:56:28,305 [pool-276-thread-1] INFO  server.RaftServerConfigKeys (ConfUtils.java:logGet(43)) - raft.server.log.segment.size.max = 1048576 (custom)
2019-08-22 11:56:28,305 [pool-276-thread-1] INFO  server.RaftServerConfigKeys (ConfUtils.java:logGet(43)) - raft.server.log.segment.cache.num.max = 2 (custom)
2019-08-22 11:56:28,305 [pool-276-thread-1] INFO  segmented.SegmentedRaftLogWorker (SegmentedRaftLogWorker.java:<init>(172)) - new c2ff41bc-5475-4ec0-aa3a-f40fe56d194e-SegmentedRaftLogWorker:Storage Directory /workdir/hadoop-ozone/integration-test/target/test-dir/MiniOzoneClusterImpl-7b3b72d3-1b02-413e-a616-a170ee685c37/datanode-5/data/ratis/b8c692c4-86fd-4b1f-8951-ca0f0c4d73a8 for RaftStorage:Storage Directory /workdir/hadoop-ozone/integration-test/target/test-dir/MiniOzoneClusterImpl-7b3b72d3-1b02-413e-a616-a170ee685c37/datanode-5/data/ratis/b8c692c4-86fd-4b1f-8951-ca0f0c4d73a8
2019-08-22 11:56:28,305 [pool-276-thread-1] INFO  server.RaftServerConfigKeys (ConfUtils.java:logGet(43)) - raft.server.log.queue.byte-limit = 2147483647 (custom)
2019-08-22 11:56:28,305 [pool-276-thread-1] INFO  server.RaftServerConfigKeys (ConfUtils.java:logGet(43)) - raft.server.log.queue.element-limit = 1024 (custom)
2019-08-22 11:56:28,306 [pool-276-thread-1] INFO  server.RaftServerConfigKeys (ConfUtils.java:logGet(43)) - raft.server.log.segment.size.max = 1048576 (custom)
2019-08-22 11:56:28,306 [pool-276-thread-1] INFO  server.RaftServerConfigKeys (ConfUtils.java:logGet(43)) - raft.server.log.preallocated.size = 16384 (custom)
2019-08-22 11:56:28,306 [pool-276-thread-1] INFO  server.RaftServerConfigKeys (ConfUtils.java:logGet(43)) - raft.server.log.write.buffer.size = 33554432 (custom)
2019-08-22 11:56:28,306 [pool-276-thread-1] INFO  server.RaftServerConfigKeys (ConfUtils.java:logGet(43)) - raft.server.log.force.sync.num = 128 (default)
2019-08-22 11:56:28,306 [pool-276-thread-1] INFO  server.RaftServerConfigKeys (ConfUtils.java:logGet(43)) - raft.server.log.statemachine.data.sync = true (default)
2019-08-22 11:56:28,306 [pool-276-thread-1] INFO  server.RaftServerConfigKeys (ConfUtils.java:logGet(43)) - raft.server.log.statemachine.data.sync.timeout = 10s (default)
2019-08-22 11:56:28,306 [pool-276-thread-1] INFO  server.RaftServerConfigKeys (ConfUtils.java:logGet(43)) - raft.server.log.statemachine.data.sync.timeout.retry = -1 (default)
2019-08-22 11:56:28,307 [pool-276-thread-1] INFO  server.RaftServerConfigKeys (ConfUtils.java:logGet(43)) - raft.server.log.statemachine.data.caching.enabled = true (custom)
2019-08-22 11:56:28,307 [pool-276-thread-1] INFO  segmented.SegmentedRaftLogWorker (SegmentedRaftLogWorker.java:lambda$new$0(132)) - c2ff41bc-5475-4ec0-aa3a-f40fe56d194e-SegmentedRaftLogWorker:Storage Directory /workdir/hadoop-ozone/integration-test/target/test-dir/MiniOzoneClusterImpl-7b3b72d3-1b02-413e-a616-a170ee685c37/datanode-5/data/ratis/b8c692c4-86fd-4b1f-8951-ca0f0c4d73a8: flushIndex: setUnconditionally 0 -> -1
2019-08-22 11:56:28,307 [pool-276-thread-1] INFO  server.RaftServerConfigKeys (ConfUtils.java:logGet(43)) - raft.server.snapshot.auto.trigger.enabled = true (custom)
2019-08-22 11:56:28,308 [pool-276-thread-1] INFO  server.RaftServerConfigKeys (ConfUtils.java:logGet(43)) - raft.server.snapshot.auto.trigger.threshold = 10000 (custom)
2019-08-22 11:56:28,308 [pool-276-thread-1] INFO  server.RaftServerConfigKeys (ConfUtils.java:logGet(43)) - raft.server.retrycache.expirytime = 600000ms (custom)
2019-08-22 11:56:28,308 [pool-276-thread-1] INFO  impl.RaftServerImpl (RaftServerImpl.java:start(180)) - c2ff41bc-5475-4ec0-aa3a-f40fe56d194e: start group-CA0F0C4D73A8
2019-08-22 11:56:28,308 [pool-276-thread-1] INFO  impl.RaftServerImpl (RaftServerImpl.java:setRole(171)) - c2ff41bc-5475-4ec0-aa3a-f40fe56d194e:group-CA0F0C4D73A8 changes role from null to FOLLOWER at term 0 for startAsFollower
2019-08-22 11:56:28,308 [pool-276-thread-1] INFO  impl.RoleInfo (RoleInfo.java:updateAndGet(143)) - c2ff41bc-5475-4ec0-aa3a-f40fe56d194e: start FollowerState
2019-08-22 11:56:28,309 [pool-276-thread-1] INFO  util.JmxRegister (JmxRegister.java:tryRegister(44)) - Successfully registered JMX Bean with object name Ratis:service=RaftServer,group=group-CA0F0C4D73A8,id=c2ff41bc-5475-4ec0-aa3a-f40fe56d194e
2019-08-22 11:56:28,311 [RatisPipelineUtilsThread] INFO  pipeline.PipelineStateManager (PipelineStateManager.java:addPipeline(56)) - Created pipeline Pipeline[ Id: b8c692c4-86fd-4b1f-8951-ca0f0c4d73a8, Nodes: c2ff41bc-5475-4ec0-aa3a-f40fe56d194e{ip: 192.168.5.135, host: pr-hdds-1981-gl9jh-3406769118, networkLocation: /default-rack, certSerialId: null}, Type:RATIS, Factor:ONE, State:OPEN]
2019-08-22 11:56:28,323 [grpc-default-executor-1] INFO  impl.RaftServerProxy (RaftServerProxy.java:addNew(89)) - 81358f04-b55e-4661-8083-492e8c5539a7: addNew group-C714A34C16BC:[81358f04-b55e-4661-8083-492e8c5539a7:192.168.5.135:46413] returns group-C714A34C16BC:java.util.concurrent.CompletableFuture@7fcf82f2[Not completed]
2019-08-22 11:56:28,324 [pool-265-thread-1] INFO  impl.RaftServerImpl (RaftServerImpl.java:<init>(93)) - 81358f04-b55e-4661-8083-492e8c5539a7: new RaftServerImpl for group-C714A34C16BC:[81358f04-b55e-4661-8083-492e8c5539a7:192.168.5.135:46413] with ContainerStateMachine:uninitialized
2019-08-22 11:56:28,324 [pool-265-thread-1] INFO  server.RaftServerConfigKeys (ConfUtils.java:logGet(43)) - raft.server.rpc.timeout.min = 5s (custom)
2019-08-22 11:56:28,324 [pool-265-thread-1] INFO  server.RaftServerConfigKeys (ConfUtils.java:logGet(43)) - raft.server.rpc.timeout.max = 5200ms (custom)
2019-08-22 11:56:28,324 [pool-265-thread-1] INFO  server.RaftServerConfigKeys (ConfUtils.java:logGet(43)) - raft.server.rpcslowness.timeout = 120s (custom)
2019-08-22 11:56:28,325 [pool-265-thread-1] INFO  server.RaftServerConfigKeys (ConfUtils.java:logGet(43)) - raft.server.sleep.deviation.threshold = 300 (default)
2019-08-22 11:56:28,325 [pool-265-thread-1] INFO  server.RaftServerConfigKeys (ConfUtils.java:logGet(43)) - raft.server.log.appender.install.snapshot.enabled = false (custom)
2019-08-22 11:56:28,325 [pool-265-thread-1] INFO  impl.RaftServerImpl (ServerState.java:<init>(105)) - 81358f04-b55e-4661-8083-492e8c5539a7:group-C714A34C16BC ConfigurationManager, init=-1: [81358f04-b55e-4661-8083-492e8c5539a7:192.168.5.135:46413], old=null, confs=<EMPTY_MAP>
2019-08-22 11:56:28,325 [pool-265-thread-1] INFO  server.RaftServerConfigKeys (ConfUtils.java:logGet(43)) - raft.server.storage.dir = [/workdir/hadoop-ozone/integration-test/target/test-dir/MiniOzoneClusterImpl-7b3b72d3-1b02-413e-a616-a170ee685c37/datanode-4/data/ratis] (custom)
2019-08-22 11:56:28,325 [pool-265-thread-1] INFO  storage.RaftStorageDirectory (RaftStorageDirectory.java:analyzeStorage(246)) - The storage directory /workdir/hadoop-ozone/integration-test/target/test-dir/MiniOzoneClusterImpl-7b3b72d3-1b02-413e-a616-a170ee685c37/datanode-4/data/ratis/46d5a8c9-86f9-464d-9459-c714a34c16bc does not exist. Creating ...
2019-08-22 11:56:28,338 [pool-265-thread-1] INFO  storage.RaftStorageDirectory (RaftStorageDirectory.java:tryLock(328)) - Lock on /workdir/hadoop-ozone/integration-test/target/test-dir/MiniOzoneClusterImpl-7b3b72d3-1b02-413e-a616-a170ee685c37/datanode-4/data/ratis/46d5a8c9-86f9-464d-9459-c714a34c16bc/in_use.lock acquired by nodename 21501@pr-hdds-1981-gl9jh-3406769118
2019-08-22 11:56:28,350 [pool-265-thread-1] INFO  storage.RaftStorage (RaftStorage.java:format(72)) - Storage directory /workdir/hadoop-ozone/integration-test/target/test-dir/MiniOzoneClusterImpl-7b3b72d3-1b02-413e-a616-a170ee685c37/datanode-4/data/ratis/46d5a8c9-86f9-464d-9459-c714a34c16bc has been successfully formatted.
2019-08-22 11:56:28,351 [pool-265-thread-1] INFO  ratis.ContainerStateMachine (ContainerStateMachine.java:loadSnapshot(222)) - group-C714A34C16BC: The snapshot info is null. Setting the last applied indexto:(t:0, i:~)
2019-08-22 11:56:28,351 [pool-265-thread-1] INFO  server.RaftServerConfigKeys (ConfUtils.java:logGet(43)) - raft.server.leader.election.timeout = 120s (custom)
2019-08-22 11:56:28,351 [pool-265-thread-1] INFO  server.RaftServerConfigKeys (ConfUtils.java:logGet(43)) - raft.server.log.use.memory = false (default)
2019-08-22 11:56:28,351 [pool-265-thread-1] INFO  server.RaftServerConfigKeys (ConfUtils.java:logGet(43)) - raft.server.log.purge.gap = 1000000 (custom)
2019-08-22 11:56:28,351 [pool-265-thread-1] INFO  server.RaftServerConfigKeys (ConfUtils.java:logGet(43)) - raft.server.log.appender.buffer.byte-limit = 33554432 (custom)
2019-08-22 11:56:28,351 [pool-265-thread-1] INFO  server.RaftServerConfigKeys (ConfUtils.java:logGet(43)) - raft.server.log.segment.size.max = 1048576 (custom)
2019-08-22 11:56:28,351 [pool-265-thread-1] INFO  server.RaftServerConfigKeys (ConfUtils.java:logGet(43)) - raft.server.log.segment.cache.num.max = 2 (custom)
2019-08-22 11:56:28,351 [pool-265-thread-1] INFO  segmented.SegmentedRaftLogWorker (SegmentedRaftLogWorker.java:<init>(172)) - new 81358f04-b55e-4661-8083-492e8c5539a7-SegmentedRaftLogWorker:Storage Directory /workdir/hadoop-ozone/integration-test/target/test-dir/MiniOzoneClusterImpl-7b3b72d3-1b02-413e-a616-a170ee685c37/datanode-4/data/ratis/46d5a8c9-86f9-464d-9459-c714a34c16bc for RaftStorage:Storage Directory /workdir/hadoop-ozone/integration-test/target/test-dir/MiniOzoneClusterImpl-7b3b72d3-1b02-413e-a616-a170ee685c37/datanode-4/data/ratis/46d5a8c9-86f9-464d-9459-c714a34c16bc
2019-08-22 11:56:28,352 [pool-265-thread-1] INFO  server.RaftServerConfigKeys (ConfUtils.java:logGet(43)) - raft.server.log.queue.byte-limit = 2147483647 (custom)
2019-08-22 11:56:28,352 [pool-265-thread-1] INFO  server.RaftServerConfigKeys (ConfUtils.java:logGet(43)) - raft.server.log.queue.element-limit = 1024 (custom)
2019-08-22 11:56:28,352 [pool-265-thread-1] INFO  server.RaftServerConfigKeys (ConfUtils.java:logGet(43)) - raft.server.log.segment.size.max = 1048576 (custom)
2019-08-22 11:56:28,352 [pool-265-thread-1] INFO  server.RaftServerConfigKeys (ConfUtils.java:logGet(43)) - raft.server.log.preallocated.size = 16384 (custom)
2019-08-22 11:56:28,352 [pool-265-thread-1] INFO  server.RaftServerConfigKeys (ConfUtils.java:logGet(43)) - raft.server.log.write.buffer.size = 33554432 (custom)
2019-08-22 11:56:28,352 [pool-265-thread-1] INFO  server.RaftServerConfigKeys (ConfUtils.java:logGet(43)) - raft.server.log.force.sync.num = 128 (default)
2019-08-22 11:56:28,352 [pool-265-thread-1] INFO  server.RaftServerConfigKeys (ConfUtils.java:logGet(43)) - raft.server.log.statemachine.data.sync = true (default)
2019-08-22 11:56:28,353 [pool-265-thread-1] INFO  server.RaftServerConfigKeys (ConfUtils.java:logGet(43)) - raft.server.log.statemachine.data.sync.timeout = 10s (default)
2019-08-22 11:56:28,353 [pool-265-thread-1] INFO  server.RaftServerConfigKeys (ConfUtils.java:logGet(43)) - raft.server.log.statemachine.data.sync.timeout.retry = -1 (default)
2019-08-22 11:56:28,353 [pool-265-thread-1] INFO  server.RaftServerConfigKeys (ConfUtils.java:logGet(43)) - raft.server.log.statemachine.data.caching.enabled = true (custom)
2019-08-22 11:56:28,353 [pool-265-thread-1] INFO  segmented.SegmentedRaftLogWorker (SegmentedRaftLogWorker.java:lambda$new$0(132)) - 81358f04-b55e-4661-8083-492e8c5539a7-SegmentedRaftLogWorker:Storage Directory /workdir/hadoop-ozone/integration-test/target/test-dir/MiniOzoneClusterImpl-7b3b72d3-1b02-413e-a616-a170ee685c37/datanode-4/data/ratis/46d5a8c9-86f9-464d-9459-c714a34c16bc: flushIndex: setUnconditionally 0 -> -1
2019-08-22 11:56:28,353 [pool-265-thread-1] INFO  server.RaftServerConfigKeys (ConfUtils.java:logGet(43)) - raft.server.snapshot.auto.trigger.enabled = true (custom)
2019-08-22 11:56:28,354 [pool-265-thread-1] INFO  server.RaftServerConfigKeys (ConfUtils.java:logGet(43)) - raft.server.snapshot.auto.trigger.threshold = 10000 (custom)
2019-08-22 11:56:28,354 [pool-265-thread-1] INFO  server.RaftServerConfigKeys (ConfUtils.java:logGet(43)) - raft.server.retrycache.expirytime = 600000ms (custom)
2019-08-22 11:56:28,354 [pool-265-thread-1] INFO  impl.RaftServerImpl (RaftServerImpl.java:start(180)) - 81358f04-b55e-4661-8083-492e8c5539a7: start group-C714A34C16BC
2019-08-22 11:56:28,354 [pool-265-thread-1] INFO  impl.RaftServerImpl (RaftServerImpl.java:setRole(171)) - 81358f04-b55e-4661-8083-492e8c5539a7:group-C714A34C16BC changes role from null to FOLLOWER at term 0 for startAsFollower
2019-08-22 11:56:28,354 [pool-265-thread-1] INFO  impl.RoleInfo (RoleInfo.java:updateAndGet(143)) - 81358f04-b55e-4661-8083-492e8c5539a7: start FollowerState
2019-08-22 11:56:28,355 [pool-265-thread-1] INFO  util.JmxRegister (JmxRegister.java:tryRegister(44)) - Successfully registered JMX Bean with object name Ratis:service=RaftServer,group=group-C714A34C16BC,id=81358f04-b55e-4661-8083-492e8c5539a7
2019-08-22 11:56:28,357 [RatisPipelineUtilsThread] INFO  pipeline.PipelineStateManager (PipelineStateManager.java:addPipeline(56)) - Created pipeline Pipeline[ Id: 46d5a8c9-86f9-464d-9459-c714a34c16bc, Nodes: 81358f04-b55e-4661-8083-492e8c5539a7{ip: 192.168.5.135, host: pr-hdds-1981-gl9jh-3406769118, networkLocation: /default-rack, certSerialId: null}, Type:RATIS, Factor:ONE, State:OPEN]
2019-08-22 11:56:28,391 [grpc-default-executor-1] INFO  impl.RaftServerProxy (RaftServerProxy.java:addNew(89)) - 4a9862d5-694b-4c7d-b652-1fb8ddcfc588: addNew group-30F96156EC06:[4a9862d5-694b-4c7d-b652-1fb8ddcfc588:192.168.5.135:42468] returns group-30F96156EC06:java.util.concurrent.CompletableFuture@6c09b930[Not completed]
2019-08-22 11:56:28,393 [pool-254-thread-1] INFO  impl.RaftServerImpl (RaftServerImpl.java:<init>(93)) - 4a9862d5-694b-4c7d-b652-1fb8ddcfc588: new RaftServerImpl for group-30F96156EC06:[4a9862d5-694b-4c7d-b652-1fb8ddcfc588:192.168.5.135:42468] with ContainerStateMachine:uninitialized
2019-08-22 11:56:28,393 [pool-254-thread-1] INFO  server.RaftServerConfigKeys (ConfUtils.java:logGet(43)) - raft.server.rpc.timeout.min = 5s (custom)
2019-08-22 11:56:28,393 [pool-254-thread-1] INFO  server.RaftServerConfigKeys (ConfUtils.java:logGet(43)) - raft.server.rpc.timeout.max = 5200ms (custom)
2019-08-22 11:56:28,393 [pool-254-thread-1] INFO  server.RaftServerConfigKeys (ConfUtils.java:logGet(43)) - raft.server.rpcslowness.timeout = 120s (custom)
2019-08-22 11:56:28,393 [pool-254-thread-1] INFO  server.RaftServerConfigKeys (ConfUtils.java:logGet(43)) - raft.server.sleep.deviation.threshold = 300 (default)
2019-08-22 11:56:28,393 [pool-254-thread-1] INFO  server.RaftServerConfigKeys (ConfUtils.java:logGet(43)) - raft.server.log.appender.install.snapshot.enabled = false (custom)
2019-08-22 11:56:28,394 [pool-254-thread-1] INFO  impl.RaftServerImpl (ServerState.java:<init>(105)) - 4a9862d5-694b-4c7d-b652-1fb8ddcfc588:group-30F96156EC06 ConfigurationManager, init=-1: [4a9862d5-694b-4c7d-b652-1fb8ddcfc588:192.168.5.135:42468], old=null, confs=<EMPTY_MAP>
2019-08-22 11:56:28,394 [pool-254-thread-1] INFO  server.RaftServerConfigKeys (ConfUtils.java:logGet(43)) - raft.server.storage.dir = [/workdir/hadoop-ozone/integration-test/target/test-dir/MiniOzoneClusterImpl-7b3b72d3-1b02-413e-a616-a170ee685c37/datanode-3/data/ratis] (custom)
2019-08-22 11:56:28,394 [pool-254-thread-1] INFO  storage.RaftStorageDirectory (RaftStorageDirectory.java:analyzeStorage(246)) - The storage directory /workdir/hadoop-ozone/integration-test/target/test-dir/MiniOzoneClusterImpl-7b3b72d3-1b02-413e-a616-a170ee685c37/datanode-3/data/ratis/f1a9cda3-2186-48a6-a475-30f96156ec06 does not exist. Creating ...
2019-08-22 11:56:28,407 [pool-254-thread-1] INFO  storage.RaftStorageDirectory (RaftStorageDirectory.java:tryLock(328)) - Lock on /workdir/hadoop-ozone/integration-test/target/test-dir/MiniOzoneClusterImpl-7b3b72d3-1b02-413e-a616-a170ee685c37/datanode-3/data/ratis/f1a9cda3-2186-48a6-a475-30f96156ec06/in_use.lock acquired by nodename 21501@pr-hdds-1981-gl9jh-3406769118
2019-08-22 11:56:28,419 [pool-254-thread-1] INFO  storage.RaftStorage (RaftStorage.java:format(72)) - Storage directory /workdir/hadoop-ozone/integration-test/target/test-dir/MiniOzoneClusterImpl-7b3b72d3-1b02-413e-a616-a170ee685c37/datanode-3/data/ratis/f1a9cda3-2186-48a6-a475-30f96156ec06 has been successfully formatted.
2019-08-22 11:56:28,420 [pool-254-thread-1] INFO  ratis.ContainerStateMachine (ContainerStateMachine.java:loadSnapshot(222)) - group-30F96156EC06: The snapshot info is null. Setting the last applied indexto:(t:0, i:~)
2019-08-22 11:56:28,420 [pool-254-thread-1] INFO  server.RaftServerConfigKeys (ConfUtils.java:logGet(43)) - raft.server.leader.election.timeout = 120s (custom)
2019-08-22 11:56:28,420 [pool-254-thread-1] INFO  server.RaftServerConfigKeys (ConfUtils.java:logGet(43)) - raft.server.log.use.memory = false (default)
2019-08-22 11:56:28,420 [pool-254-thread-1] INFO  server.RaftServerConfigKeys (ConfUtils.java:logGet(43)) - raft.server.log.purge.gap = 1000000 (custom)
2019-08-22 11:56:28,420 [pool-254-thread-1] INFO  server.RaftServerConfigKeys (ConfUtils.java:logGet(43)) - raft.server.log.appender.buffer.byte-limit = 33554432 (custom)
2019-08-22 11:56:28,420 [pool-254-thread-1] INFO  server.RaftServerConfigKeys (ConfUtils.java:logGet(43)) - raft.server.log.segment.size.max = 1048576 (custom)
2019-08-22 11:56:28,420 [pool-254-thread-1] INFO  server.RaftServerConfigKeys (ConfUtils.java:logGet(43)) - raft.server.log.segment.cache.num.max = 2 (custom)
2019-08-22 11:56:28,421 [pool-254-thread-1] INFO  segmented.SegmentedRaftLogWorker (SegmentedRaftLogWorker.java:<init>(172)) - new 4a9862d5-694b-4c7d-b652-1fb8ddcfc588-SegmentedRaftLogWorker:Storage Directory /workdir/hadoop-ozone/integration-test/target/test-dir/MiniOzoneClusterImpl-7b3b72d3-1b02-413e-a616-a170ee685c37/datanode-3/data/ratis/f1a9cda3-2186-48a6-a475-30f96156ec06 for RaftStorage:Storage Directory /workdir/hadoop-ozone/integration-test/target/test-dir/MiniOzoneClusterImpl-7b3b72d3-1b02-413e-a616-a170ee685c37/datanode-3/data/ratis/f1a9cda3-2186-48a6-a475-30f96156ec06
2019-08-22 11:56:28,421 [pool-254-thread-1] INFO  server.RaftServerConfigKeys (ConfUtils.java:logGet(43)) - raft.server.log.queue.byte-limit = 2147483647 (custom)
2019-08-22 11:56:28,421 [pool-254-thread-1] INFO  server.RaftServerConfigKeys (ConfUtils.java:logGet(43)) - raft.server.log.queue.element-limit = 1024 (custom)
2019-08-22 11:56:28,421 [pool-254-thread-1] INFO  server.RaftServerConfigKeys (ConfUtils.java:logGet(43)) - raft.server.log.segment.size.max = 1048576 (custom)
2019-08-22 11:56:28,421 [pool-254-thread-1] INFO  server.RaftServerConfigKeys (ConfUtils.java:logGet(43)) - raft.server.log.preallocated.size = 16384 (custom)
2019-08-22 11:56:28,421 [pool-254-thread-1] INFO  server.RaftServerConfigKeys (ConfUtils.java:logGet(43)) - raft.server.log.write.buffer.size = 33554432 (custom)
2019-08-22 11:56:28,421 [pool-254-thread-1] INFO  server.RaftServerConfigKeys (ConfUtils.java:logGet(43)) - raft.server.log.force.sync.num = 128 (default)
2019-08-22 11:56:28,422 [pool-254-thread-1] INFO  server.RaftServerConfigKeys (ConfUtils.java:logGet(43)) - raft.server.log.statemachine.data.sync = true (default)
2019-08-22 11:56:28,422 [pool-254-thread-1] INFO  server.RaftServerConfigKeys (ConfUtils.java:logGet(43)) - raft.server.log.statemachine.data.sync.timeout = 10s (default)
2019-08-22 11:56:28,422 [pool-254-thread-1] INFO  server.RaftServerConfigKeys (ConfUtils.java:logGet(43)) - raft.server.log.statemachine.data.sync.timeout.retry = -1 (default)
2019-08-22 11:56:28,422 [pool-254-thread-1] INFO  server.RaftServerConfigKeys (ConfUtils.java:logGet(43)) - raft.server.log.statemachine.data.caching.enabled = true (custom)
2019-08-22 11:56:28,422 [pool-254-thread-1] INFO  segmented.SegmentedRaftLogWorker (SegmentedRaftLogWorker.java:lambda$new$0(132)) - 4a9862d5-694b-4c7d-b652-1fb8ddcfc588-SegmentedRaftLogWorker:Storage Directory /workdir/hadoop-ozone/integration-test/target/test-dir/MiniOzoneClusterImpl-7b3b72d3-1b02-413e-a616-a170ee685c37/datanode-3/data/ratis/f1a9cda3-2186-48a6-a475-30f96156ec06: flushIndex: setUnconditionally 0 -> -1
2019-08-22 11:56:28,423 [pool-254-thread-1] INFO  server.RaftServerConfigKeys (ConfUtils.java:logGet(43)) - raft.server.snapshot.auto.trigger.enabled = true (custom)
2019-08-22 11:56:28,423 [pool-254-thread-1] INFO  server.RaftServerConfigKeys (ConfUtils.java:logGet(43)) - raft.server.snapshot.auto.trigger.threshold = 10000 (custom)
2019-08-22 11:56:28,423 [pool-254-thread-1] INFO  server.RaftServerConfigKeys (ConfUtils.java:logGet(43)) - raft.server.retrycache.expirytime = 600000ms (custom)
2019-08-22 11:56:28,423 [pool-254-thread-1] INFO  impl.RaftServerImpl (RaftServerImpl.java:start(180)) - 4a9862d5-694b-4c7d-b652-1fb8ddcfc588: start group-30F96156EC06
2019-08-22 11:56:28,423 [pool-254-thread-1] INFO  impl.RaftServerImpl (RaftServerImpl.java:setRole(171)) - 4a9862d5-694b-4c7d-b652-1fb8ddcfc588:group-30F96156EC06 changes role from null to FOLLOWER at term 0 for startAsFollower
2019-08-22 11:56:28,423 [pool-254-thread-1] INFO  impl.RoleInfo (RoleInfo.java:updateAndGet(143)) - 4a9862d5-694b-4c7d-b652-1fb8ddcfc588: start FollowerState
2019-08-22 11:56:28,424 [pool-254-thread-1] INFO  util.JmxRegister (JmxRegister.java:tryRegister(44)) - Successfully registered JMX Bean with object name Ratis:service=RaftServer,group=group-30F96156EC06,id=4a9862d5-694b-4c7d-b652-1fb8ddcfc588
2019-08-22 11:56:28,427 [RatisPipelineUtilsThread] INFO  pipeline.PipelineStateManager (PipelineStateManager.java:addPipeline(56)) - Created pipeline Pipeline[ Id: f1a9cda3-2186-48a6-a475-30f96156ec06, Nodes: 4a9862d5-694b-4c7d-b652-1fb8ddcfc588{ip: 192.168.5.135, host: pr-hdds-1981-gl9jh-3406769118, networkLocation: /default-rack, certSerialId: null}, Type:RATIS, Factor:ONE, State:OPEN]
2019-08-22 11:56:28,446 [grpc-default-executor-3] INFO  impl.RaftServerProxy (RaftServerProxy.java:addNew(89)) - 81358f04-b55e-4661-8083-492e8c5539a7: addNew group-B72D0A15121E:[81358f04-b55e-4661-8083-492e8c5539a7:192.168.5.135:46413, 4a9862d5-694b-4c7d-b652-1fb8ddcfc588:192.168.5.135:42468, c2ff41bc-5475-4ec0-aa3a-f40fe56d194e:192.168.5.135:41764] returns group-B72D0A15121E:java.util.concurrent.CompletableFuture@1c1205d1[Not completed]
2019-08-22 11:56:28,446 [grpc-default-executor-1] INFO  impl.RaftServerProxy (RaftServerProxy.java:addNew(89)) - 4a9862d5-694b-4c7d-b652-1fb8ddcfc588: addNew group-B72D0A15121E:[81358f04-b55e-4661-8083-492e8c5539a7:192.168.5.135:46413, 4a9862d5-694b-4c7d-b652-1fb8ddcfc588:192.168.5.135:42468, c2ff41bc-5475-4ec0-aa3a-f40fe56d194e:192.168.5.135:41764] returns group-B72D0A15121E:java.util.concurrent.CompletableFuture@7ded2bff[Not completed]
2019-08-22 11:56:28,446 [grpc-default-executor-4] INFO  impl.RaftServerProxy (RaftServerProxy.java:addNew(89)) - c2ff41bc-5475-4ec0-aa3a-f40fe56d194e: addNew group-B72D0A15121E:[81358f04-b55e-4661-8083-492e8c5539a7:192.168.5.135:46413, 4a9862d5-694b-4c7d-b652-1fb8ddcfc588:192.168.5.135:42468, c2ff41bc-5475-4ec0-aa3a-f40fe56d194e:192.168.5.135:41764] returns group-B72D0A15121E:java.util.concurrent.CompletableFuture@3c322473[Not completed]
2019-08-22 11:56:28,447 [pool-265-thread-1] INFO  impl.RaftServerImpl (RaftServerImpl.java:<init>(93)) - 81358f04-b55e-4661-8083-492e8c5539a7: new RaftServerImpl for group-B72D0A15121E:[81358f04-b55e-4661-8083-492e8c5539a7:192.168.5.135:46413, 4a9862d5-694b-4c7d-b652-1fb8ddcfc588:192.168.5.135:42468, c2ff41bc-5475-4ec0-aa3a-f40fe56d194e:192.168.5.135:41764] with ContainerStateMachine:uninitialized
2019-08-22 11:56:28,447 [pool-265-thread-1] INFO  server.RaftServerConfigKeys (ConfUtils.java:logGet(43)) - raft.server.rpc.timeout.min = 5s (custom)
2019-08-22 11:56:28,447 [pool-265-thread-1] INFO  server.RaftServerConfigKeys (ConfUtils.java:logGet(43)) - raft.server.rpc.timeout.max = 5200ms (custom)
2019-08-22 11:56:28,447 [pool-265-thread-1] INFO  server.RaftServerConfigKeys (ConfUtils.java:logGet(43)) - raft.server.rpcslowness.timeout = 120s (custom)
2019-08-22 11:56:28,447 [pool-265-thread-1] INFO  server.RaftServerConfigKeys (ConfUtils.java:logGet(43)) - raft.server.sleep.deviation.threshold = 300 (default)
2019-08-22 11:56:28,447 [pool-265-thread-1] INFO  server.RaftServerConfigKeys (ConfUtils.java:logGet(43)) - raft.server.log.appender.install.snapshot.enabled = false (custom)
2019-08-22 11:56:28,447 [pool-265-thread-1] INFO  impl.RaftServerImpl (ServerState.java:<init>(105)) - 81358f04-b55e-4661-8083-492e8c5539a7:group-B72D0A15121E ConfigurationManager, init=-1: [81358f04-b55e-4661-8083-492e8c5539a7:192.168.5.135:46413, 4a9862d5-694b-4c7d-b652-1fb8ddcfc588:192.168.5.135:42468, c2ff41bc-5475-4ec0-aa3a-f40fe56d194e:192.168.5.135:41764], old=null, confs=<EMPTY_MAP>
2019-08-22 11:56:28,448 [pool-265-thread-1] INFO  server.RaftServerConfigKeys (ConfUtils.java:logGet(43)) - raft.server.storage.dir = [/workdir/hadoop-ozone/integration-test/target/test-dir/MiniOzoneClusterImpl-7b3b72d3-1b02-413e-a616-a170ee685c37/datanode-4/data/ratis] (custom)
2019-08-22 11:56:28,448 [pool-276-thread-1] INFO  impl.RaftServerImpl (RaftServerImpl.java:<init>(93)) - c2ff41bc-5475-4ec0-aa3a-f40fe56d194e: new RaftServerImpl for group-B72D0A15121E:[81358f04-b55e-4661-8083-492e8c5539a7:192.168.5.135:46413, 4a9862d5-694b-4c7d-b652-1fb8ddcfc588:192.168.5.135:42468, c2ff41bc-5475-4ec0-aa3a-f40fe56d194e:192.168.5.135:41764] with ContainerStateMachine:uninitialized
2019-08-22 11:56:28,448 [pool-265-thread-1] INFO  storage.RaftStorageDirectory (RaftStorageDirectory.java:analyzeStorage(246)) - The storage directory /workdir/hadoop-ozone/integration-test/target/test-dir/MiniOzoneClusterImpl-7b3b72d3-1b02-413e-a616-a170ee685c37/datanode-4/data/ratis/8725ea4a-5212-4990-a035-b72d0a15121e does not exist. Creating ...
2019-08-22 11:56:28,448 [pool-276-thread-1] INFO  server.RaftServerConfigKeys (ConfUtils.java:logGet(43)) - raft.server.rpc.timeout.min = 5s (custom)
2019-08-22 11:56:28,448 [pool-254-thread-1] INFO  impl.RaftServerImpl (RaftServerImpl.java:<init>(93)) - 4a9862d5-694b-4c7d-b652-1fb8ddcfc588: new RaftServerImpl for group-B72D0A15121E:[81358f04-b55e-4661-8083-492e8c5539a7:192.168.5.135:46413, 4a9862d5-694b-4c7d-b652-1fb8ddcfc588:192.168.5.135:42468, c2ff41bc-5475-4ec0-aa3a-f40fe56d194e:192.168.5.135:41764] with ContainerStateMachine:uninitialized
2019-08-22 11:56:28,448 [pool-276-thread-1] INFO  server.RaftServerConfigKeys (ConfUtils.java:logGet(43)) - raft.server.rpc.timeout.max = 5200ms (custom)
2019-08-22 11:56:28,448 [pool-254-thread-1] INFO  server.RaftServerConfigKeys (ConfUtils.java:logGet(43)) - raft.server.rpc.timeout.min = 5s (custom)
2019-08-22 11:56:28,448 [pool-276-thread-1] INFO  server.RaftServerConfigKeys (ConfUtils.java:logGet(43)) - raft.server.rpcslowness.timeout = 120s (custom)
2019-08-22 11:56:28,449 [pool-254-thread-1] INFO  server.RaftServerConfigKeys (ConfUtils.java:logGet(43)) - raft.server.rpc.timeout.max = 5200ms (custom)
2019-08-22 11:56:28,449 [pool-276-thread-1] INFO  server.RaftServerConfigKeys (ConfUtils.java:logGet(43)) - raft.server.sleep.deviation.threshold = 300 (default)
2019-08-22 11:56:28,449 [pool-254-thread-1] INFO  server.RaftServerConfigKeys (ConfUtils.java:logGet(43)) - raft.server.rpcslowness.timeout = 120s (custom)
2019-08-22 11:56:28,449 [pool-276-thread-1] INFO  server.RaftServerConfigKeys (ConfUtils.java:logGet(43)) - raft.server.log.appender.install.snapshot.enabled = false (custom)
2019-08-22 11:56:28,449 [pool-254-thread-1] INFO  server.RaftServerConfigKeys (ConfUtils.java:logGet(43)) - raft.server.sleep.deviation.threshold = 300 (default)
2019-08-22 11:56:28,449 [pool-276-thread-1] INFO  impl.RaftServerImpl (ServerState.java:<init>(105)) - c2ff41bc-5475-4ec0-aa3a-f40fe56d194e:group-B72D0A15121E ConfigurationManager, init=-1: [81358f04-b55e-4661-8083-492e8c5539a7:192.168.5.135:46413, 4a9862d5-694b-4c7d-b652-1fb8ddcfc588:192.168.5.135:42468, c2ff41bc-5475-4ec0-aa3a-f40fe56d194e:192.168.5.135:41764], old=null, confs=<EMPTY_MAP>
2019-08-22 11:56:28,449 [pool-254-thread-1] INFO  server.RaftServerConfigKeys (ConfUtils.java:logGet(43)) - raft.server.log.appender.install.snapshot.enabled = false (custom)
2019-08-22 11:56:28,450 [pool-276-thread-1] INFO  server.RaftServerConfigKeys (ConfUtils.java:logGet(43)) - raft.server.storage.dir = [/workdir/hadoop-ozone/integration-test/target/test-dir/MiniOzoneClusterImpl-7b3b72d3-1b02-413e-a616-a170ee685c37/datanode-5/data/ratis] (custom)
2019-08-22 11:56:28,450 [pool-254-thread-1] INFO  impl.RaftServerImpl (ServerState.java:<init>(105)) - 4a9862d5-694b-4c7d-b652-1fb8ddcfc588:group-B72D0A15121E ConfigurationManager, init=-1: [81358f04-b55e-4661-8083-492e8c5539a7:192.168.5.135:46413, 4a9862d5-694b-4c7d-b652-1fb8ddcfc588:192.168.5.135:42468, c2ff41bc-5475-4ec0-aa3a-f40fe56d194e:192.168.5.135:41764], old=null, confs=<EMPTY_MAP>
2019-08-22 11:56:28,450 [pool-254-thread-1] INFO  server.RaftServerConfigKeys (ConfUtils.java:logGet(43)) - raft.server.storage.dir = [/workdir/hadoop-ozone/integration-test/target/test-dir/MiniOzoneClusterImpl-7b3b72d3-1b02-413e-a616-a170ee685c37/datanode-3/data/ratis] (custom)
2019-08-22 11:56:28,450 [pool-276-thread-1] INFO  storage.RaftStorageDirectory (RaftStorageDirectory.java:analyzeStorage(246)) - The storage directory /workdir/hadoop-ozone/integration-test/target/test-dir/MiniOzoneClusterImpl-7b3b72d3-1b02-413e-a616-a170ee685c37/datanode-5/data/ratis/8725ea4a-5212-4990-a035-b72d0a15121e does not exist. Creating ...
2019-08-22 11:56:28,450 [pool-254-thread-1] INFO  storage.RaftStorageDirectory (RaftStorageDirectory.java:analyzeStorage(246)) - The storage directory /workdir/hadoop-ozone/integration-test/target/test-dir/MiniOzoneClusterImpl-7b3b72d3-1b02-413e-a616-a170ee685c37/datanode-3/data/ratis/8725ea4a-5212-4990-a035-b72d0a15121e does not exist. Creating ...
2019-08-22 11:56:28,460 [main] INFO  ozone.MiniOzoneClusterImpl (MiniOzoneClusterImpl.java:lambda$waitForClusterToBeReady$0(142)) - Waiting for cluster to be ready. Got 6 of 7 DN Heartbeats.
2019-08-22 11:56:28,461 [pool-276-thread-1] INFO  storage.RaftStorageDirectory (RaftStorageDirectory.java:tryLock(328)) - Lock on /workdir/hadoop-ozone/integration-test/target/test-dir/MiniOzoneClusterImpl-7b3b72d3-1b02-413e-a616-a170ee685c37/datanode-5/data/ratis/8725ea4a-5212-4990-a035-b72d0a15121e/in_use.lock acquired by nodename 21501@pr-hdds-1981-gl9jh-3406769118
2019-08-22 11:56:28,461 [pool-254-thread-1] INFO  storage.RaftStorageDirectory (RaftStorageDirectory.java:tryLock(328)) - Lock on /workdir/hadoop-ozone/integration-test/target/test-dir/MiniOzoneClusterImpl-7b3b72d3-1b02-413e-a616-a170ee685c37/datanode-3/data/ratis/8725ea4a-5212-4990-a035-b72d0a15121e/in_use.lock acquired by nodename 21501@pr-hdds-1981-gl9jh-3406769118
2019-08-22 11:56:28,461 [pool-265-thread-1] INFO  storage.RaftStorageDirectory (RaftStorageDirectory.java:tryLock(328)) - Lock on /workdir/hadoop-ozone/integration-test/target/test-dir/MiniOzoneClusterImpl-7b3b72d3-1b02-413e-a616-a170ee685c37/datanode-4/data/ratis/8725ea4a-5212-4990-a035-b72d0a15121e/in_use.lock acquired by nodename 21501@pr-hdds-1981-gl9jh-3406769118
2019-08-22 11:56:28,462 [IPC Server handler 0 on 35548] INFO  net.NetworkTopology (NetworkTopologyImpl.java:add(110)) - Added a new node: /default-rack/9b0e54da-58f3-4b2f-aec1-b0a4cb1efbe1
2019-08-22 11:56:28,462 [IPC Server handler 0 on 35548] INFO  node.SCMNodeManager (SCMNodeManager.java:register(273)) - Registered Data node : 9b0e54da-58f3-4b2f-aec1-b0a4cb1efbe1{ip: 192.168.5.135, host: pr-hdds-1981-gl9jh-3406769118, networkLocation: /default-rack, certSerialId: null}
2019-08-22 11:56:28,462 | INFO  | SCMAudit | user=jenkins1000 | ip=192.168.5.135 | op=REGISTER {datanodeDetails=9b0e54da-58f3-4b2f-aec1-b0a4cb1efbe1{ip: 192.168.5.135, host: pr-hdds-1981-gl9jh-3406769118, networkLocation: /default-rack, certSerialId: null}} | ret=SUCCESS |  
2019-08-22 11:56:28,475 [pool-265-thread-1] INFO  storage.RaftStorage (RaftStorage.java:format(72)) - Storage directory /workdir/hadoop-ozone/integration-test/target/test-dir/MiniOzoneClusterImpl-7b3b72d3-1b02-413e-a616-a170ee685c37/datanode-4/data/ratis/8725ea4a-5212-4990-a035-b72d0a15121e has been successfully formatted.
2019-08-22 11:56:28,475 [pool-254-thread-1] INFO  storage.RaftStorage (RaftStorage.java:format(72)) - Storage directory /workdir/hadoop-ozone/integration-test/target/test-dir/MiniOzoneClusterImpl-7b3b72d3-1b02-413e-a616-a170ee685c37/datanode-3/data/ratis/8725ea4a-5212-4990-a035-b72d0a15121e has been successfully formatted.
2019-08-22 11:56:28,475 [pool-276-thread-1] INFO  storage.RaftStorage (RaftStorage.java:format(72)) - Storage directory /workdir/hadoop-ozone/integration-test/target/test-dir/MiniOzoneClusterImpl-7b3b72d3-1b02-413e-a616-a170ee685c37/datanode-5/data/ratis/8725ea4a-5212-4990-a035-b72d0a15121e has been successfully formatted.
2019-08-22 11:56:28,475 [pool-265-thread-1] INFO  ratis.ContainerStateMachine (ContainerStateMachine.java:loadSnapshot(222)) - group-B72D0A15121E: The snapshot info is null. Setting the last applied indexto:(t:0, i:~)
2019-08-22 11:56:28,475 [pool-276-thread-1] INFO  ratis.ContainerStateMachine (ContainerStateMachine.java:loadSnapshot(222)) - group-B72D0A15121E: The snapshot info is null. Setting the last applied indexto:(t:0, i:~)
2019-08-22 11:56:28,475 [pool-254-thread-1] INFO  ratis.ContainerStateMachine (ContainerStateMachine.java:loadSnapshot(222)) - group-B72D0A15121E: The snapshot info is null. Setting the last applied indexto:(t:0, i:~)
2019-08-22 11:56:28,475 [pool-276-thread-1] INFO  server.RaftServerConfigKeys (ConfUtils.java:logGet(43)) - raft.server.leader.election.timeout = 120s (custom)
2019-08-22 11:56:28,475 [pool-265-thread-1] INFO  server.RaftServerConfigKeys (ConfUtils.java:logGet(43)) - raft.server.leader.election.timeout = 120s (custom)
2019-08-22 11:56:28,476 [pool-276-thread-1] INFO  server.RaftServerConfigKeys (ConfUtils.java:logGet(43)) - raft.server.log.use.memory = false (default)
2019-08-22 11:56:28,476 [pool-254-thread-1] INFO  server.RaftServerConfigKeys (ConfUtils.java:logGet(43)) - raft.server.leader.election.timeout = 120s (custom)
2019-08-22 11:56:28,476 [pool-276-thread-1] INFO  server.RaftServerConfigKeys (ConfUtils.java:logGet(43)) - raft.server.log.purge.gap = 1000000 (custom)
2019-08-22 11:56:28,476 [pool-265-thread-1] INFO  server.RaftServerConfigKeys (ConfUtils.java:logGet(43)) - raft.server.log.use.memory = false (default)
2019-08-22 11:56:28,476 [pool-276-thread-1] INFO  server.RaftServerConfigKeys (ConfUtils.java:logGet(43)) - raft.server.log.appender.buffer.byte-limit = 33554432 (custom)
2019-08-22 11:56:28,476 [pool-254-thread-1] INFO  server.RaftServerConfigKeys (ConfUtils.java:logGet(43)) - raft.server.log.use.memory = false (default)
2019-08-22 11:56:28,476 [pool-276-thread-1] INFO  server.RaftServerConfigKeys (ConfUtils.java:logGet(43)) - raft.server.log.segment.size.max = 1048576 (custom)
2019-08-22 11:56:28,476 [pool-265-thread-1] INFO  server.RaftServerConfigKeys (ConfUtils.java:logGet(43)) - raft.server.log.purge.gap = 1000000 (custom)
2019-08-22 11:56:28,477 [pool-276-thread-1] INFO  server.RaftServerConfigKeys (ConfUtils.java:logGet(43)) - raft.server.log.segment.cache.num.max = 2 (custom)
2019-08-22 11:56:28,476 [pool-254-thread-1] INFO  server.RaftServerConfigKeys (ConfUtils.java:logGet(43)) - raft.server.log.purge.gap = 1000000 (custom)
2019-08-22 11:56:28,477 [pool-276-thread-1] INFO  segmented.SegmentedRaftLogWorker (SegmentedRaftLogWorker.java:<init>(172)) - new c2ff41bc-5475-4ec0-aa3a-f40fe56d194e-SegmentedRaftLogWorker:Storage Directory /workdir/hadoop-ozone/integration-test/target/test-dir/MiniOzoneClusterImpl-7b3b72d3-1b02-413e-a616-a170ee685c37/datanode-5/data/ratis/8725ea4a-5212-4990-a035-b72d0a15121e for RaftStorage:Storage Directory /workdir/hadoop-ozone/integration-test/target/test-dir/MiniOzoneClusterImpl-7b3b72d3-1b02-413e-a616-a170ee685c37/datanode-5/data/ratis/8725ea4a-5212-4990-a035-b72d0a15121e
2019-08-22 11:56:28,477 [pool-265-thread-1] INFO  server.RaftServerConfigKeys (ConfUtils.java:logGet(43)) - raft.server.log.appender.buffer.byte-limit = 33554432 (custom)
2019-08-22 11:56:28,477 [pool-276-thread-1] INFO  server.RaftServerConfigKeys (ConfUtils.java:logGet(43)) - raft.server.log.queue.byte-limit = 2147483647 (custom)
2019-08-22 11:56:28,477 [pool-276-thread-1] INFO  server.RaftServerConfigKeys (ConfUtils.java:logGet(43)) - raft.server.log.queue.element-limit = 1024 (custom)
2019-08-22 11:56:28,477 [pool-254-thread-1] INFO  server.RaftServerConfigKeys (ConfUtils.java:logGet(43)) - raft.server.log.appender.buffer.byte-limit = 33554432 (custom)
2019-08-22 11:56:28,477 [pool-276-thread-1] INFO  server.RaftServerConfigKeys (ConfUtils.java:logGet(43)) - raft.server.log.segment.size.max = 1048576 (custom)
2019-08-22 11:56:28,478 [pool-276-thread-1] INFO  server.RaftServerConfigKeys (ConfUtils.java:logGet(43)) - raft.server.log.preallocated.size = 16384 (custom)
2019-08-22 11:56:28,477 [pool-265-thread-1] INFO  server.RaftServerConfigKeys (ConfUtils.java:logGet(43)) - raft.server.log.segment.size.max = 1048576 (custom)
2019-08-22 11:56:28,478 [pool-276-thread-1] INFO  server.RaftServerConfigKeys (ConfUtils.java:logGet(43)) - raft.server.log.write.buffer.size = 33554432 (custom)
2019-08-22 11:56:28,478 [pool-254-thread-1] INFO  server.RaftServerConfigKeys (ConfUtils.java:logGet(43)) - raft.server.log.segment.size.max = 1048576 (custom)
2019-08-22 11:56:28,478 [pool-276-thread-1] INFO  server.RaftServerConfigKeys (ConfUtils.java:logGet(43)) - raft.server.log.force.sync.num = 128 (default)
2019-08-22 11:56:28,478 [pool-276-thread-1] INFO  server.RaftServerConfigKeys (ConfUtils.java:logGet(43)) - raft.server.log.statemachine.data.sync = true (default)
2019-08-22 11:56:28,478 [pool-265-thread-1] INFO  server.RaftServerConfigKeys (ConfUtils.java:logGet(43)) - raft.server.log.segment.cache.num.max = 2 (custom)
2019-08-22 11:56:28,478 [pool-276-thread-1] INFO  server.RaftServerConfigKeys (ConfUtils.java:logGet(43)) - raft.server.log.statemachine.data.sync.timeout = 10s (default)
2019-08-22 11:56:28,478 [pool-276-thread-1] INFO  server.RaftServerConfigKeys (ConfUtils.java:logGet(43)) - raft.server.log.statemachine.data.sync.timeout.retry = -1 (default)
2019-08-22 11:56:28,478 [pool-254-thread-1] INFO  server.RaftServerConfigKeys (ConfUtils.java:logGet(43)) - raft.server.log.segment.cache.num.max = 2 (custom)
2019-08-22 11:56:28,479 [pool-276-thread-1] INFO  server.RaftServerConfigKeys (ConfUtils.java:logGet(43)) - raft.server.log.statemachine.data.caching.enabled = true (custom)
2019-08-22 11:56:28,478 [pool-265-thread-1] INFO  segmented.SegmentedRaftLogWorker (SegmentedRaftLogWorker.java:<init>(172)) - new 81358f04-b55e-4661-8083-492e8c5539a7-SegmentedRaftLogWorker:Storage Directory /workdir/hadoop-ozone/integration-test/target/test-dir/MiniOzoneClusterImpl-7b3b72d3-1b02-413e-a616-a170ee685c37/datanode-4/data/ratis/8725ea4a-5212-4990-a035-b72d0a15121e for RaftStorage:Storage Directory /workdir/hadoop-ozone/integration-test/target/test-dir/MiniOzoneClusterImpl-7b3b72d3-1b02-413e-a616-a170ee685c37/datanode-4/data/ratis/8725ea4a-5212-4990-a035-b72d0a15121e
2019-08-22 11:56:28,479 [pool-254-thread-1] INFO  segmented.SegmentedRaftLogWorker (SegmentedRaftLogWorker.java:<init>(172)) - new 4a9862d5-694b-4c7d-b652-1fb8ddcfc588-SegmentedRaftLogWorker:Storage Directory /workdir/hadoop-ozone/integration-test/target/test-dir/MiniOzoneClusterImpl-7b3b72d3-1b02-413e-a616-a170ee685c37/datanode-3/data/ratis/8725ea4a-5212-4990-a035-b72d0a15121e for RaftStorage:Storage Directory /workdir/hadoop-ozone/integration-test/target/test-dir/MiniOzoneClusterImpl-7b3b72d3-1b02-413e-a616-a170ee685c37/datanode-3/data/ratis/8725ea4a-5212-4990-a035-b72d0a15121e
2019-08-22 11:56:28,479 [pool-276-thread-1] INFO  segmented.SegmentedRaftLogWorker (SegmentedRaftLogWorker.java:lambda$new$0(132)) - c2ff41bc-5475-4ec0-aa3a-f40fe56d194e-SegmentedRaftLogWorker:Storage Directory /workdir/hadoop-ozone/integration-test/target/test-dir/MiniOzoneClusterImpl-7b3b72d3-1b02-413e-a616-a170ee685c37/datanode-5/data/ratis/8725ea4a-5212-4990-a035-b72d0a15121e: flushIndex: setUnconditionally 0 -> -1
2019-08-22 11:56:28,479 [pool-265-thread-1] INFO  server.RaftServerConfigKeys (ConfUtils.java:logGet(43)) - raft.server.log.queue.byte-limit = 2147483647 (custom)
2019-08-22 11:56:28,479 [pool-254-thread-1] INFO  server.RaftServerConfigKeys (ConfUtils.java:logGet(43)) - raft.server.log.queue.byte-limit = 2147483647 (custom)
2019-08-22 11:56:28,479 [pool-276-thread-1] INFO  server.RaftServerConfigKeys (ConfUtils.java:logGet(43)) - raft.server.snapshot.auto.trigger.enabled = true (custom)
2019-08-22 11:56:28,480 [pool-276-thread-1] INFO  server.RaftServerConfigKeys (ConfUtils.java:logGet(43)) - raft.server.snapshot.auto.trigger.threshold = 10000 (custom)
2019-08-22 11:56:28,479 [pool-265-thread-1] INFO  server.RaftServerConfigKeys (ConfUtils.java:logGet(43)) - raft.server.log.queue.element-limit = 1024 (custom)
2019-08-22 11:56:28,480 [pool-276-thread-1] INFO  server.RaftServerConfigKeys (ConfUtils.java:logGet(43)) - raft.server.retrycache.expirytime = 600000ms (custom)
2019-08-22 11:56:28,480 [pool-254-thread-1] INFO  server.RaftServerConfigKeys (ConfUtils.java:logGet(43)) - raft.server.log.queue.element-limit = 1024 (custom)
2019-08-22 11:56:28,480 [pool-276-thread-1] INFO  impl.RaftServerImpl (RaftServerImpl.java:start(180)) - c2ff41bc-5475-4ec0-aa3a-f40fe56d194e: start group-B72D0A15121E
2019-08-22 11:56:28,480 [pool-254-thread-1] INFO  server.RaftServerConfigKeys (ConfUtils.java:logGet(43)) - raft.server.log.segment.size.max = 1048576 (custom)
2019-08-22 11:56:28,480 [pool-265-thread-1] INFO  server.RaftServerConfigKeys (ConfUtils.java:logGet(43)) - raft.server.log.segment.size.max = 1048576 (custom)
2019-08-22 11:56:28,480 [pool-254-thread-1] INFO  server.RaftServerConfigKeys (ConfUtils.java:logGet(43)) - raft.server.log.preallocated.size = 16384 (custom)
2019-08-22 11:56:28,480 [pool-276-thread-1] INFO  impl.RaftServerImpl (RaftServerImpl.java:setRole(171)) - c2ff41bc-5475-4ec0-aa3a-f40fe56d194e:group-B72D0A15121E changes role from null to FOLLOWER at term 0 for startAsFollower
2019-08-22 11:56:28,481 [pool-254-thread-1] INFO  server.RaftServerConfigKeys (ConfUtils.java:logGet(43)) - raft.server.log.write.buffer.size = 33554432 (custom)
2019-08-22 11:56:28,481 [pool-265-thread-1] INFO  server.RaftServerConfigKeys (ConfUtils.java:logGet(43)) - raft.server.log.preallocated.size = 16384 (custom)
2019-08-22 11:56:28,481 [pool-254-thread-1] INFO  server.RaftServerConfigKeys (ConfUtils.java:logGet(43)) - raft.server.log.force.sync.num = 128 (default)
2019-08-22 11:56:28,481 [pool-276-thread-1] INFO  impl.RoleInfo (RoleInfo.java:updateAndGet(143)) - c2ff41bc-5475-4ec0-aa3a-f40fe56d194e: start FollowerState
2019-08-22 11:56:28,481 [pool-254-thread-1] INFO  server.RaftServerConfigKeys (ConfUtils.java:logGet(43)) - raft.server.log.statemachine.data.sync = true (default)
2019-08-22 11:56:28,481 [pool-265-thread-1] INFO  server.RaftServerConfigKeys (ConfUtils.java:logGet(43)) - raft.server.log.write.buffer.size = 33554432 (custom)
2019-08-22 11:56:28,482 [pool-254-thread-1] INFO  server.RaftServerConfigKeys (ConfUtils.java:logGet(43)) - raft.server.log.statemachine.data.sync.timeout = 10s (default)
2019-08-22 11:56:28,482 [pool-276-thread-1] INFO  util.JmxRegister (JmxRegister.java:tryRegister(44)) - Successfully registered JMX Bean with object name Ratis:service=RaftServer,group=group-B72D0A15121E,id=c2ff41bc-5475-4ec0-aa3a-f40fe56d194e
2019-08-22 11:56:28,482 [pool-265-thread-1] INFO  server.RaftServerConfigKeys (ConfUtils.java:logGet(43)) - raft.server.log.force.sync.num = 128 (default)
2019-08-22 11:56:28,482 [pool-254-thread-1] INFO  server.RaftServerConfigKeys (ConfUtils.java:logGet(43)) - raft.server.log.statemachine.data.sync.timeout.retry = -1 (default)
2019-08-22 11:56:28,482 [pool-265-thread-1] INFO  server.RaftServerConfigKeys (ConfUtils.java:logGet(43)) - raft.server.log.statemachine.data.sync = true (default)
2019-08-22 11:56:28,482 [pool-254-thread-1] INFO  server.RaftServerConfigKeys (ConfUtils.java:logGet(43)) - raft.server.log.statemachine.data.caching.enabled = true (custom)
2019-08-22 11:56:28,482 [pool-265-thread-1] INFO  server.RaftServerConfigKeys (ConfUtils.java:logGet(43)) - raft.server.log.statemachine.data.sync.timeout = 10s (default)
2019-08-22 11:56:28,483 [pool-254-thread-1] INFO  segmented.SegmentedRaftLogWorker (SegmentedRaftLogWorker.java:lambda$new$0(132)) - 4a9862d5-694b-4c7d-b652-1fb8ddcfc588-SegmentedRaftLogWorker:Storage Directory /workdir/hadoop-ozone/integration-test/target/test-dir/MiniOzoneClusterImpl-7b3b72d3-1b02-413e-a616-a170ee685c37/datanode-3/data/ratis/8725ea4a-5212-4990-a035-b72d0a15121e: flushIndex: setUnconditionally 0 -> -1
2019-08-22 11:56:28,483 [pool-265-thread-1] INFO  server.RaftServerConfigKeys (ConfUtils.java:logGet(43)) - raft.server.log.statemachine.data.sync.timeout.retry = -1 (default)
2019-08-22 11:56:28,483 [pool-265-thread-1] INFO  server.RaftServerConfigKeys (ConfUtils.java:logGet(43)) - raft.server.log.statemachine.data.caching.enabled = true (custom)
2019-08-22 11:56:28,483 [pool-254-thread-1] INFO  server.RaftServerConfigKeys (ConfUtils.java:logGet(43)) - raft.server.snapshot.auto.trigger.enabled = true (custom)
2019-08-22 11:56:28,483 [pool-254-thread-1] INFO  server.RaftServerConfigKeys (ConfUtils.java:logGet(43)) - raft.server.snapshot.auto.trigger.threshold = 10000 (custom)
2019-08-22 11:56:28,483 [pool-265-thread-1] INFO  segmented.SegmentedRaftLogWorker (SegmentedRaftLogWorker.java:lambda$new$0(132)) - 81358f04-b55e-4661-8083-492e8c5539a7-SegmentedRaftLogWorker:Storage Directory /workdir/hadoop-ozone/integration-test/target/test-dir/MiniOzoneClusterImpl-7b3b72d3-1b02-413e-a616-a170ee685c37/datanode-4/data/ratis/8725ea4a-5212-4990-a035-b72d0a15121e: flushIndex: setUnconditionally 0 -> -1
2019-08-22 11:56:28,483 [pool-254-thread-1] INFO  server.RaftServerConfigKeys (ConfUtils.java:logGet(43)) - raft.server.retrycache.expirytime = 600000ms (custom)
2019-08-22 11:56:28,484 [pool-254-thread-1] INFO  impl.RaftServerImpl (RaftServerImpl.java:start(180)) - 4a9862d5-694b-4c7d-b652-1fb8ddcfc588: start group-B72D0A15121E
2019-08-22 11:56:28,484 [pool-265-thread-1] INFO  server.RaftServerConfigKeys (ConfUtils.java:logGet(43)) - raft.server.snapshot.auto.trigger.enabled = true (custom)
2019-08-22 11:56:28,484 [pool-254-thread-1] INFO  impl.RaftServerImpl (RaftServerImpl.java:setRole(171)) - 4a9862d5-694b-4c7d-b652-1fb8ddcfc588:group-B72D0A15121E changes role from null to FOLLOWER at term 0 for startAsFollower
2019-08-22 11:56:28,484 [pool-265-thread-1] INFO  server.RaftServerConfigKeys (ConfUtils.java:logGet(43)) - raft.server.snapshot.auto.trigger.threshold = 10000 (custom)
2019-08-22 11:56:28,484 [pool-254-thread-1] INFO  impl.RoleInfo (RoleInfo.java:updateAndGet(143)) - 4a9862d5-694b-4c7d-b652-1fb8ddcfc588: start FollowerState
2019-08-22 11:56:28,484 [pool-265-thread-1] INFO  server.RaftServerConfigKeys (ConfUtils.java:logGet(43)) - raft.server.retrycache.expirytime = 600000ms (custom)
2019-08-22 11:56:28,485 [pool-265-thread-1] INFO  impl.RaftServerImpl (RaftServerImpl.java:start(180)) - 81358f04-b55e-4661-8083-492e8c5539a7: start group-B72D0A15121E
2019-08-22 11:56:28,485 [pool-254-thread-1] INFO  util.JmxRegister (JmxRegister.java:tryRegister(44)) - Successfully registered JMX Bean with object name Ratis:service=RaftServer,group=group-B72D0A15121E,id=4a9862d5-694b-4c7d-b652-1fb8ddcfc588
2019-08-22 11:56:28,485 [pool-265-thread-1] INFO  impl.RaftServerImpl (RaftServerImpl.java:setRole(171)) - 81358f04-b55e-4661-8083-492e8c5539a7:group-B72D0A15121E changes role from null to FOLLOWER at term 0 for startAsFollower
2019-08-22 11:56:28,485 [pool-265-thread-1] INFO  impl.RoleInfo (RoleInfo.java:updateAndGet(143)) - 81358f04-b55e-4661-8083-492e8c5539a7: start FollowerState
2019-08-22 11:56:28,485 [pool-265-thread-1] INFO  util.JmxRegister (JmxRegister.java:tryRegister(44)) - Successfully registered JMX Bean with object name Ratis:service=RaftServer,group=group-B72D0A15121E,id=81358f04-b55e-4661-8083-492e8c5539a7
2019-08-22 11:56:28,488 [RatisPipelineUtilsThread] INFO  pipeline.PipelineStateManager (PipelineStateManager.java:addPipeline(56)) - Created pipeline Pipeline[ Id: 8725ea4a-5212-4990-a035-b72d0a15121e, Nodes: c2ff41bc-5475-4ec0-aa3a-f40fe56d194e{ip: 192.168.5.135, host: pr-hdds-1981-gl9jh-3406769118, networkLocation: /default-rack, certSerialId: null}81358f04-b55e-4661-8083-492e8c5539a7{ip: 192.168.5.135, host: pr-hdds-1981-gl9jh-3406769118, networkLocation: /default-rack, certSerialId: null}4a9862d5-694b-4c7d-b652-1fb8ddcfc588{ip: 192.168.5.135, host: pr-hdds-1981-gl9jh-3406769118, networkLocation: /default-rack, certSerialId: null}, Type:RATIS, Factor:THREE, State:OPEN]
2019-08-22 11:56:29,113 | INFO  | SCMAudit | user=jenkins1000 | ip=192.168.5.135 | op=SEND_HEARTBEAT {datanodeUUID=ac50c3b2-b81f-4c0a-b4fe-860d2c902727, command=[]} | ret=SUCCESS |  
2019-08-22 11:56:29,352 | INFO  | SCMAudit | user=jenkins1000 | ip=192.168.5.135 | op=SEND_HEARTBEAT {datanodeUUID=8085255e-7a41-426f-b0e8-2d5555c5b7b9, command=[]} | ret=SUCCESS |  
2019-08-22 11:56:29,461 [main] INFO  ozone.MiniOzoneClusterImpl (MiniOzoneClusterImpl.java:lambda$waitForClusterToBeReady$0(142)) - Cluster is ready. Got 7 of 7 DN Heartbeats.
2019-08-22 11:56:29,512 [main] INFO  rpc.RpcClient (RpcClient.java:createVolume(292)) - Creating Volume: watchforcommithandlingtest, with jenkins1000 as owner.
2019-08-22 11:56:29,515 | INFO  | OMAudit | user=jenkins1000 | ip=127.0.0.1 | op=CREATE_VOLUME {admin=jenkins1000, owner=jenkins1000, volume=watchforcommithandlingtest, creationTime=1566474989514, quotaInBytes=1152921504606846976} | ret=SUCCESS |  
2019-08-22 11:56:29,528 | INFO  | OMAudit | user=jenkins1000 | ip=127.0.0.1 | op=READ_VOLUME {volume=watchforcommithandlingtest} | ret=SUCCESS |  
2019-08-22 11:56:29,530 [main] INFO  rpc.RpcClient (RpcClient.java:createBucket(431)) - Creating Bucket: watchforcommithandlingtest/watchforcommithandlingtest, with Versioning false and Storage Type set to DISK and Encryption set to false 
2019-08-22 11:56:29,534 | INFO  | OMAudit | user=jenkins1000 | ip=127.0.0.1 | op=CREATE_BUCKET {volume=watchforcommithandlingtest, bucket=watchforcommithandlingtest, acls=[user:jenkins1000:a[ACCESS], group:default:a[ACCESS]], isVersionEnabled=false, storageType=DISK, creationTime=0} | ret=SUCCESS |  
2019-08-22 11:56:29,535 [main] INFO  ozone.MiniOzoneClusterImpl (MiniOzoneClusterImpl.java:getStorageContainerLocationClient(241)) - Creating StorageContainerLocationProtocol RPC client with address /0.0.0.0:38816
2019-08-22 11:56:29,565 | INFO  | SCMAudit | user=jenkins1000 | ip=192.168.5.135 | op=SEND_HEARTBEAT {datanodeUUID=8c07d121-2c0d-4967-83b1-bdc1bfd445f6, command=[]} | ret=SUCCESS |  
2019-08-22 11:56:29,572 [grpc-default-executor-4] INFO  client.GrpcClientProtocolClient (GrpcClientProtocolClient.java:onNext(255)) - client-7A715627349C->ac50c3b2-b81f-4c0a-b4fe-860d2c902727: receive RaftClientReply:client-7A715627349C->ac50c3b2-b81f-4c0a-b4fe-860d2c902727@group-6ED392AAFDDC, cid=65, FAILED org.apache.ratis.protocol.NotLeaderException: Server ac50c3b2-b81f-4c0a-b4fe-860d2c902727 is not the leader (null). Request must be sent to leader., logIndex=0, commits[ac50c3b2-b81f-4c0a-b4fe-860d2c902727:c-1]
2019-08-22 11:56:29,733 | INFO  | SCMAudit | user=jenkins1000 | ip=192.168.5.135 | op=SEND_HEARTBEAT {datanodeUUID=4a9862d5-694b-4c7d-b652-1fb8ddcfc588, command=[]} | ret=SUCCESS |  
2019-08-22 11:56:29,901 | INFO  | SCMAudit | user=jenkins1000 | ip=192.168.5.135 | op=SEND_HEARTBEAT {datanodeUUID=81358f04-b55e-4661-8083-492e8c5539a7, command=[]} | ret=SUCCESS |  
2019-08-22 11:56:30,113 | INFO  | SCMAudit | user=jenkins1000 | ip=192.168.5.135 | op=SEND_HEARTBEAT {datanodeUUID=ac50c3b2-b81f-4c0a-b4fe-860d2c902727, command=[]} | ret=SUCCESS |  
2019-08-22 11:56:30,132 [Thread-1531] INFO  container.ReplicationManager (ReplicationManager.java:start(152)) - Starting Replication Monitor Thread.
2019-08-22 11:56:30,138 [ReplicationMonitor] INFO  container.ReplicationManager (ReplicationManager.java:run(215)) - Replication Monitor Thread took 1 milliseconds for processing 1 containers.
2019-08-22 11:56:30,261 | INFO  | SCMAudit | user=jenkins1000 | ip=192.168.5.135 | op=SEND_HEARTBEAT {datanodeUUID=c2ff41bc-5475-4ec0-aa3a-f40fe56d194e, command=[]} | ret=SUCCESS |  
2019-08-22 11:56:30,352 | INFO  | SCMAudit | user=jenkins1000 | ip=192.168.5.135 | op=SEND_HEARTBEAT {datanodeUUID=8085255e-7a41-426f-b0e8-2d5555c5b7b9, command=[]} | ret=SUCCESS |  
2019-08-22 11:56:30,461 | INFO  | SCMAudit | user=jenkins1000 | ip=192.168.5.135 | op=SEND_HEARTBEAT {datanodeUUID=9b0e54da-58f3-4b2f-aec1-b0a4cb1efbe1, command=[]} | ret=SUCCESS |  
2019-08-22 11:56:30,565 | INFO  | SCMAudit | user=jenkins1000 | ip=192.168.5.135 | op=SEND_HEARTBEAT {datanodeUUID=8c07d121-2c0d-4967-83b1-bdc1bfd445f6, command=[]} | ret=SUCCESS |  
2019-08-22 11:56:30,599 [grpc-default-executor-1] INFO  client.GrpcClientProtocolClient (GrpcClientProtocolClient.java:onNext(255)) - client-7A715627349C->8085255e-7a41-426f-b0e8-2d5555c5b7b9: receive RaftClientReply:client-7A715627349C->8085255e-7a41-426f-b0e8-2d5555c5b7b9@group-6ED392AAFDDC, cid=65, FAILED org.apache.ratis.protocol.NotLeaderException: Server 8085255e-7a41-426f-b0e8-2d5555c5b7b9 is not the leader (null). Request must be sent to leader., logIndex=0, commits[8085255e-7a41-426f-b0e8-2d5555c5b7b9:c-1]
2019-08-22 11:56:30,733 | INFO  | SCMAudit | user=jenkins1000 | ip=192.168.5.135 | op=SEND_HEARTBEAT {datanodeUUID=4a9862d5-694b-4c7d-b652-1fb8ddcfc588, command=[]} | ret=SUCCESS |  
2019-08-22 11:56:30,902 | INFO  | SCMAudit | user=jenkins1000 | ip=192.168.5.135 | op=SEND_HEARTBEAT {datanodeUUID=81358f04-b55e-4661-8083-492e8c5539a7, command=[]} | ret=SUCCESS |  
2019-08-22 11:56:31,114 | INFO  | SCMAudit | user=jenkins1000 | ip=192.168.5.135 | op=SEND_HEARTBEAT {datanodeUUID=ac50c3b2-b81f-4c0a-b4fe-860d2c902727, command=[]} | ret=SUCCESS |  
2019-08-22 11:56:31,262 | INFO  | SCMAudit | user=jenkins1000 | ip=192.168.5.135 | op=SEND_HEARTBEAT {datanodeUUID=c2ff41bc-5475-4ec0-aa3a-f40fe56d194e, command=[]} | ret=SUCCESS |  
2019-08-22 11:56:31,352 | INFO  | SCMAudit | user=jenkins1000 | ip=192.168.5.135 | op=SEND_HEARTBEAT {datanodeUUID=8085255e-7a41-426f-b0e8-2d5555c5b7b9, command=[]} | ret=SUCCESS |  
2019-08-22 11:56:31,462 | INFO  | SCMAudit | user=jenkins1000 | ip=192.168.5.135 | op=SEND_HEARTBEAT {datanodeUUID=9b0e54da-58f3-4b2f-aec1-b0a4cb1efbe1, command=[]} | ret=SUCCESS |  
2019-08-22 11:56:31,564 | INFO  | SCMAudit | user=jenkins1000 | ip=192.168.5.135 | op=SEND_HEARTBEAT {datanodeUUID=8c07d121-2c0d-4967-83b1-bdc1bfd445f6, command=[]} | ret=SUCCESS |  
2019-08-22 11:56:31,613 [grpc-default-executor-1] INFO  client.GrpcClientProtocolClient (GrpcClientProtocolClient.java:onNext(255)) - client-7A715627349C->ac50c3b2-b81f-4c0a-b4fe-860d2c902727: receive RaftClientReply:client-7A715627349C->ac50c3b2-b81f-4c0a-b4fe-860d2c902727@group-6ED392AAFDDC, cid=65, FAILED org.apache.ratis.protocol.NotLeaderException: Server ac50c3b2-b81f-4c0a-b4fe-860d2c902727 is not the leader (null). Request must be sent to leader., logIndex=0, commits[ac50c3b2-b81f-4c0a-b4fe-860d2c902727:c-1]
2019-08-22 11:56:31,733 | INFO  | SCMAudit | user=jenkins1000 | ip=192.168.5.135 | op=SEND_HEARTBEAT {datanodeUUID=4a9862d5-694b-4c7d-b652-1fb8ddcfc588, command=[]} | ret=SUCCESS |  
2019-08-22 11:56:31,901 | INFO  | SCMAudit | user=jenkins1000 | ip=192.168.5.135 | op=SEND_HEARTBEAT {datanodeUUID=81358f04-b55e-4661-8083-492e8c5539a7, command=[]} | ret=SUCCESS |  
2019-08-22 11:56:32,113 | INFO  | SCMAudit | user=jenkins1000 | ip=192.168.5.135 | op=SEND_HEARTBEAT {datanodeUUID=ac50c3b2-b81f-4c0a-b4fe-860d2c902727, command=[]} | ret=SUCCESS |  
2019-08-22 11:56:32,262 | INFO  | SCMAudit | user=jenkins1000 | ip=192.168.5.135 | op=SEND_HEARTBEAT {datanodeUUID=c2ff41bc-5475-4ec0-aa3a-f40fe56d194e, command=[]} | ret=SUCCESS |  
2019-08-22 11:56:32,335 [Thread-1533] INFO  impl.FollowerState (FollowerState.java:run(106)) - ac50c3b2-b81f-4c0a-b4fe-860d2c902727:group-C3039D9AF55D changes to CANDIDATE, lastRpcTime:5124, electionTimeout:5124ms
2019-08-22 11:56:32,336 [Thread-1533] INFO  impl.RoleInfo (RoleInfo.java:shutdownFollowerState(121)) - ac50c3b2-b81f-4c0a-b4fe-860d2c902727: shutdown FollowerState
2019-08-22 11:56:32,336 [Thread-1533] INFO  impl.RaftServerImpl (RaftServerImpl.java:setRole(171)) - ac50c3b2-b81f-4c0a-b4fe-860d2c902727:group-C3039D9AF55D changes role from FOLLOWER to CANDIDATE at term 0 for changeToCandidate
2019-08-22 11:56:32,336 [Thread-1533] INFO  impl.RoleInfo (RoleInfo.java:updateAndGet(143)) - ac50c3b2-b81f-4c0a-b4fe-860d2c902727: start LeaderElection
2019-08-22 11:56:32,352 | INFO  | SCMAudit | user=jenkins1000 | ip=192.168.5.135 | op=SEND_HEARTBEAT {datanodeUUID=8085255e-7a41-426f-b0e8-2d5555c5b7b9, command=[]} | ret=SUCCESS |  
2019-08-22 11:56:32,373 [ac50c3b2-b81f-4c0a-b4fe-860d2c902727:group-C3039D9AF55D:LeaderElection47] INFO  impl.LeaderElection (LeaderElection.java:askForVotes(181)) - ac50c3b2-b81f-4c0a-b4fe-860d2c902727:group-C3039D9AF55D:LeaderElection47: begin an election at term 1 for -1: [ac50c3b2-b81f-4c0a-b4fe-860d2c902727:192.168.5.135:40965], old=null
2019-08-22 11:56:32,373 [ac50c3b2-b81f-4c0a-b4fe-860d2c902727:group-C3039D9AF55D:LeaderElection47] INFO  impl.RoleInfo (RoleInfo.java:shutdownLeaderElection(134)) - ac50c3b2-b81f-4c0a-b4fe-860d2c902727: shutdown LeaderElection
2019-08-22 11:56:32,374 [ac50c3b2-b81f-4c0a-b4fe-860d2c902727:group-C3039D9AF55D:LeaderElection47] INFO  impl.RaftServerImpl (RaftServerImpl.java:setRole(171)) - ac50c3b2-b81f-4c0a-b4fe-860d2c902727:group-C3039D9AF55D changes role from CANDIDATE to LEADER at term 1 for changeToLeader
2019-08-22 11:56:32,374 [ac50c3b2-b81f-4c0a-b4fe-860d2c902727:group-C3039D9AF55D:LeaderElection47] INFO  impl.RaftServerImpl (ServerState.java:setLeader(263)) - ac50c3b2-b81f-4c0a-b4fe-860d2c902727:group-C3039D9AF55D change Leader from null to ac50c3b2-b81f-4c0a-b4fe-860d2c902727 at term 1 for becomeLeader, leader elected after 5168ms
2019-08-22 11:56:32,374 [ac50c3b2-b81f-4c0a-b4fe-860d2c902727:group-C3039D9AF55D:LeaderElection47] INFO  server.RaftServerConfigKeys (ConfUtils.java:logGet(43)) - raft.server.staging.catchup.gap = 1000 (default)
2019-08-22 11:56:32,374 [ac50c3b2-b81f-4c0a-b4fe-860d2c902727:group-C3039D9AF55D:LeaderElection47] INFO  server.RaftServerConfigKeys (ConfUtils.java:logGet(43)) - raft.server.rpc.sleep.time = 25ms (default)
2019-08-22 11:56:32,374 [ac50c3b2-b81f-4c0a-b4fe-860d2c902727:group-C3039D9AF55D:LeaderElection47] INFO  server.RaftServerConfigKeys (ConfUtils.java:logGet(43)) - raft.server.write.element-limit = 4096 (default)
2019-08-22 11:56:32,375 [ac50c3b2-b81f-4c0a-b4fe-860d2c902727:group-C3039D9AF55D:LeaderElection47] INFO  server.RaftServerConfigKeys (ConfUtils.java:logGet(43)) - raft.server.watch.timeout = 10s (default)
2019-08-22 11:56:32,375 [ac50c3b2-b81f-4c0a-b4fe-860d2c902727:group-C3039D9AF55D:LeaderElection47] INFO  server.RaftServerConfigKeys (ConfUtils.java:logGet(43)) - raft.server.watch.timeout.denomination = 1s (default)
2019-08-22 11:56:32,375 [ac50c3b2-b81f-4c0a-b4fe-860d2c902727:group-C3039D9AF55D:LeaderElection47] INFO  server.RaftServerConfigKeys (ConfUtils.java:logGet(43)) - raft.server.watch.element-limit = 65536 (default)
2019-08-22 11:56:32,375 [ac50c3b2-b81f-4c0a-b4fe-860d2c902727:group-C3039D9AF55D:LeaderElection47] INFO  impl.RoleInfo (RoleInfo.java:updateAndGet(143)) - ac50c3b2-b81f-4c0a-b4fe-860d2c902727: start LeaderState
2019-08-22 11:56:32,376 [ac50c3b2-b81f-4c0a-b4fe-860d2c902727:group-C3039D9AF55D:LeaderElection47] INFO  segmented.SegmentedRaftLogWorker (SegmentedRaftLogWorker.java:startLogSegment(380)) - ac50c3b2-b81f-4c0a-b4fe-860d2c902727-SegmentedRaftLogWorker:Storage Directory /workdir/hadoop-ozone/integration-test/target/test-dir/MiniOzoneClusterImpl-7b3b72d3-1b02-413e-a616-a170ee685c37/datanode-0/data/ratis/62a073bf-9fe2-4aa1-b1fa-c3039d9af55d: Starting segment from index:0
2019-08-22 11:56:32,377 [ac50c3b2-b81f-4c0a-b4fe-860d2c902727:group-C3039D9AF55D:LeaderElection47] INFO  impl.RaftServerImpl (ServerState.java:setRaftConf(361)) - ac50c3b2-b81f-4c0a-b4fe-860d2c902727:group-C3039D9AF55D set configuration 0: [ac50c3b2-b81f-4c0a-b4fe-860d2c902727:192.168.5.135:40965], old=null at 0
2019-08-22 11:56:32,430 [ac50c3b2-b81f-4c0a-b4fe-860d2c902727-SegmentedRaftLogWorker:Storage Directory /workdir/hadoop-ozone/integration-test/target/test-dir/MiniOzoneClusterImpl-7b3b72d3-1b02-413e-a616-a170ee685c37/datanode-0/data/ratis/62a073bf-9fe2-4aa1-b1fa-c3039d9af55d] INFO  segmented.SegmentedRaftLogWorker (SegmentedRaftLogWorker.java:execute(569)) - ac50c3b2-b81f-4c0a-b4fe-860d2c902727-SegmentedRaftLogWorker:Storage Directory /workdir/hadoop-ozone/integration-test/target/test-dir/MiniOzoneClusterImpl-7b3b72d3-1b02-413e-a616-a170ee685c37/datanode-0/data/ratis/62a073bf-9fe2-4aa1-b1fa-c3039d9af55d: created new log segment /workdir/hadoop-ozone/integration-test/target/test-dir/MiniOzoneClusterImpl-7b3b72d3-1b02-413e-a616-a170ee685c37/datanode-0/data/ratis/62a073bf-9fe2-4aa1-b1fa-c3039d9af55d/current/log_inprogress_0
2019-08-22 11:56:32,462 | INFO  | SCMAudit | user=jenkins1000 | ip=192.168.5.135 | op=SEND_HEARTBEAT {datanodeUUID=9b0e54da-58f3-4b2f-aec1-b0a4cb1efbe1, command=[]} | ret=SUCCESS |  
2019-08-22 11:56:32,565 | INFO  | SCMAudit | user=jenkins1000 | ip=192.168.5.135 | op=SEND_HEARTBEAT {datanodeUUID=8c07d121-2c0d-4967-83b1-bdc1bfd445f6, command=[]} | ret=SUCCESS |  
2019-08-22 11:56:32,583 [Thread-1536] INFO  impl.FollowerState (FollowerState.java:run(106)) - 8085255e-7a41-426f-b0e8-2d5555c5b7b9:group-E731910BA4D1 changes to CANDIDATE, lastRpcTime:5171, electionTimeout:5171ms
2019-08-22 11:56:32,583 [Thread-1536] INFO  impl.RoleInfo (RoleInfo.java:shutdownFollowerState(121)) - 8085255e-7a41-426f-b0e8-2d5555c5b7b9: shutdown FollowerState
2019-08-22 11:56:32,583 [Thread-1536] INFO  impl.RaftServerImpl (RaftServerImpl.java:setRole(171)) - 8085255e-7a41-426f-b0e8-2d5555c5b7b9:group-E731910BA4D1 changes role from FOLLOWER to CANDIDATE at term 0 for changeToCandidate
2019-08-22 11:56:32,584 [Thread-1536] INFO  impl.RoleInfo (RoleInfo.java:updateAndGet(143)) - 8085255e-7a41-426f-b0e8-2d5555c5b7b9: start LeaderElection
2019-08-22 11:56:32,599 [8085255e-7a41-426f-b0e8-2d5555c5b7b9:group-E731910BA4D1:LeaderElection48] INFO  impl.LeaderElection (LeaderElection.java:askForVotes(181)) - 8085255e-7a41-426f-b0e8-2d5555c5b7b9:group-E731910BA4D1:LeaderElection48: begin an election at term 1 for -1: [8085255e-7a41-426f-b0e8-2d5555c5b7b9:192.168.5.135:44522], old=null
2019-08-22 11:56:32,599 [8085255e-7a41-426f-b0e8-2d5555c5b7b9:group-E731910BA4D1:LeaderElection48] INFO  impl.RoleInfo (RoleInfo.java:shutdownLeaderElection(134)) - 8085255e-7a41-426f-b0e8-2d5555c5b7b9: shutdown LeaderElection
2019-08-22 11:56:32,600 [8085255e-7a41-426f-b0e8-2d5555c5b7b9:group-E731910BA4D1:LeaderElection48] INFO  impl.RaftServerImpl (RaftServerImpl.java:setRole(171)) - 8085255e-7a41-426f-b0e8-2d5555c5b7b9:group-E731910BA4D1 changes role from CANDIDATE to LEADER at term 1 for changeToLeader
2019-08-22 11:56:32,600 [8085255e-7a41-426f-b0e8-2d5555c5b7b9:group-E731910BA4D1:LeaderElection48] INFO  impl.RaftServerImpl (ServerState.java:setLeader(263)) - 8085255e-7a41-426f-b0e8-2d5555c5b7b9:group-E731910BA4D1 change Leader from null to 8085255e-7a41-426f-b0e8-2d5555c5b7b9 at term 1 for becomeLeader, leader elected after 5193ms
2019-08-22 11:56:32,600 [8085255e-7a41-426f-b0e8-2d5555c5b7b9:group-E731910BA4D1:LeaderElection48] INFO  server.RaftServerConfigKeys (ConfUtils.java:logGet(43)) - raft.server.staging.catchup.gap = 1000 (default)
2019-08-22 11:56:32,600 [8085255e-7a41-426f-b0e8-2d5555c5b7b9:group-E731910BA4D1:LeaderElection48] INFO  server.RaftServerConfigKeys (ConfUtils.java:logGet(43)) - raft.server.rpc.sleep.time = 25ms (default)
2019-08-22 11:56:32,600 [8085255e-7a41-426f-b0e8-2d5555c5b7b9:group-E731910BA4D1:LeaderElection48] INFO  server.RaftServerConfigKeys (ConfUtils.java:logGet(43)) - raft.server.write.element-limit = 4096 (default)
2019-08-22 11:56:32,601 [8085255e-7a41-426f-b0e8-2d5555c5b7b9:group-E731910BA4D1:LeaderElection48] INFO  server.RaftServerConfigKeys (ConfUtils.java:logGet(43)) - raft.server.watch.timeout = 10s (default)
2019-08-22 11:56:32,601 [8085255e-7a41-426f-b0e8-2d5555c5b7b9:group-E731910BA4D1:LeaderElection48] INFO  server.RaftServerConfigKeys (ConfUtils.java:logGet(43)) - raft.server.watch.timeout.denomination = 1s (default)
2019-08-22 11:56:32,601 [8085255e-7a41-426f-b0e8-2d5555c5b7b9:group-E731910BA4D1:LeaderElection48] INFO  server.RaftServerConfigKeys (ConfUtils.java:logGet(43)) - raft.server.watch.element-limit = 65536 (default)
2019-08-22 11:56:32,601 [8085255e-7a41-426f-b0e8-2d5555c5b7b9:group-E731910BA4D1:LeaderElection48] INFO  impl.RoleInfo (RoleInfo.java:updateAndGet(143)) - 8085255e-7a41-426f-b0e8-2d5555c5b7b9: start LeaderState
2019-08-22 11:56:32,602 [8085255e-7a41-426f-b0e8-2d5555c5b7b9:group-E731910BA4D1:LeaderElection48] INFO  segmented.SegmentedRaftLogWorker (SegmentedRaftLogWorker.java:startLogSegment(380)) - 8085255e-7a41-426f-b0e8-2d5555c5b7b9-SegmentedRaftLogWorker:Storage Directory /workdir/hadoop-ozone/integration-test/target/test-dir/MiniOzoneClusterImpl-7b3b72d3-1b02-413e-a616-a170ee685c37/datanode-1/data/ratis/2711a80c-29d4-49a6-872a-e731910ba4d1: Starting segment from index:0
2019-08-22 11:56:32,602 [8085255e-7a41-426f-b0e8-2d5555c5b7b9:group-E731910BA4D1:LeaderElection48] INFO  impl.RaftServerImpl (ServerState.java:setRaftConf(361)) - 8085255e-7a41-426f-b0e8-2d5555c5b7b9:group-E731910BA4D1 set configuration 0: [8085255e-7a41-426f-b0e8-2d5555c5b7b9:192.168.5.135:44522], old=null at 0
2019-08-22 11:56:32,645 [Thread-1539] INFO  impl.FollowerState (FollowerState.java:run(106)) - 8c07d121-2c0d-4967-83b1-bdc1bfd445f6:group-0C1173138C6A changes to CANDIDATE, lastRpcTime:5026, electionTimeout:5004ms
2019-08-22 11:56:32,645 [Thread-1539] INFO  impl.RoleInfo (RoleInfo.java:shutdownFollowerState(121)) - 8c07d121-2c0d-4967-83b1-bdc1bfd445f6: shutdown FollowerState
2019-08-22 11:56:32,645 [Thread-1539] INFO  impl.RaftServerImpl (RaftServerImpl.java:setRole(171)) - 8c07d121-2c0d-4967-83b1-bdc1bfd445f6:group-0C1173138C6A changes role from FOLLOWER to CANDIDATE at term 0 for changeToCandidate
2019-08-22 11:56:32,645 [Thread-1539] INFO  impl.RoleInfo (RoleInfo.java:updateAndGet(143)) - 8c07d121-2c0d-4967-83b1-bdc1bfd445f6: start LeaderElection
2019-08-22 11:56:32,649 [grpc-default-executor-1] INFO  client.GrpcClientProtocolClient (GrpcClientProtocolClient.java:onNext(255)) - client-7A715627349C->8085255e-7a41-426f-b0e8-2d5555c5b7b9: receive RaftClientReply:client-7A715627349C->8085255e-7a41-426f-b0e8-2d5555c5b7b9@group-6ED392AAFDDC, cid=65, FAILED org.apache.ratis.protocol.NotLeaderException: Server 8085255e-7a41-426f-b0e8-2d5555c5b7b9 is not the leader (null). Request must be sent to leader., logIndex=0, commits[8085255e-7a41-426f-b0e8-2d5555c5b7b9:c-1]
2019-08-22 11:56:32,658 [8085255e-7a41-426f-b0e8-2d5555c5b7b9-SegmentedRaftLogWorker:Storage Directory /workdir/hadoop-ozone/integration-test/target/test-dir/MiniOzoneClusterImpl-7b3b72d3-1b02-413e-a616-a170ee685c37/datanode-1/data/ratis/2711a80c-29d4-49a6-872a-e731910ba4d1] INFO  segmented.SegmentedRaftLogWorker (SegmentedRaftLogWorker.java:execute(569)) - 8085255e-7a41-426f-b0e8-2d5555c5b7b9-SegmentedRaftLogWorker:Storage Directory /workdir/hadoop-ozone/integration-test/target/test-dir/MiniOzoneClusterImpl-7b3b72d3-1b02-413e-a616-a170ee685c37/datanode-1/data/ratis/2711a80c-29d4-49a6-872a-e731910ba4d1: created new log segment /workdir/hadoop-ozone/integration-test/target/test-dir/MiniOzoneClusterImpl-7b3b72d3-1b02-413e-a616-a170ee685c37/datanode-1/data/ratis/2711a80c-29d4-49a6-872a-e731910ba4d1/current/log_inprogress_0
2019-08-22 11:56:32,658 [8c07d121-2c0d-4967-83b1-bdc1bfd445f6:group-0C1173138C6A:LeaderElection49] INFO  impl.LeaderElection (LeaderElection.java:askForVotes(181)) - 8c07d121-2c0d-4967-83b1-bdc1bfd445f6:group-0C1173138C6A:LeaderElection49: begin an election at term 1 for -1: [8c07d121-2c0d-4967-83b1-bdc1bfd445f6:192.168.5.135:40382], old=null
2019-08-22 11:56:32,658 [8c07d121-2c0d-4967-83b1-bdc1bfd445f6:group-0C1173138C6A:LeaderElection49] INFO  impl.RoleInfo (RoleInfo.java:shutdownLeaderElection(134)) - 8c07d121-2c0d-4967-83b1-bdc1bfd445f6: shutdown LeaderElection
2019-08-22 11:56:32,658 [8c07d121-2c0d-4967-83b1-bdc1bfd445f6:group-0C1173138C6A:LeaderElection49] INFO  impl.RaftServerImpl (RaftServerImpl.java:setRole(171)) - 8c07d121-2c0d-4967-83b1-bdc1bfd445f6:group-0C1173138C6A changes role from CANDIDATE to LEADER at term 1 for changeToLeader
2019-08-22 11:56:32,658 [8c07d121-2c0d-4967-83b1-bdc1bfd445f6:group-0C1173138C6A:LeaderElection49] INFO  impl.RaftServerImpl (ServerState.java:setLeader(263)) - 8c07d121-2c0d-4967-83b1-bdc1bfd445f6:group-0C1173138C6A change Leader from null to 8c07d121-2c0d-4967-83b1-bdc1bfd445f6 at term 1 for becomeLeader, leader elected after 5045ms
2019-08-22 11:56:32,659 [8c07d121-2c0d-4967-83b1-bdc1bfd445f6:group-0C1173138C6A:LeaderElection49] INFO  server.RaftServerConfigKeys (ConfUtils.java:logGet(43)) - raft.server.staging.catchup.gap = 1000 (default)
2019-08-22 11:56:32,659 [8c07d121-2c0d-4967-83b1-bdc1bfd445f6:group-0C1173138C6A:LeaderElection49] INFO  server.RaftServerConfigKeys (ConfUtils.java:logGet(43)) - raft.server.rpc.sleep.time = 25ms (default)
2019-08-22 11:56:32,659 [8c07d121-2c0d-4967-83b1-bdc1bfd445f6:group-0C1173138C6A:LeaderElection49] INFO  server.RaftServerConfigKeys (ConfUtils.java:logGet(43)) - raft.server.write.element-limit = 4096 (default)
2019-08-22 11:56:32,659 [8c07d121-2c0d-4967-83b1-bdc1bfd445f6:group-0C1173138C6A:LeaderElection49] INFO  server.RaftServerConfigKeys (ConfUtils.java:logGet(43)) - raft.server.watch.timeout = 10s (default)
2019-08-22 11:56:32,660 [8c07d121-2c0d-4967-83b1-bdc1bfd445f6:group-0C1173138C6A:LeaderElection49] INFO  server.RaftServerConfigKeys (ConfUtils.java:logGet(43)) - raft.server.watch.timeout.denomination = 1s (default)
2019-08-22 11:56:32,660 [8c07d121-2c0d-4967-83b1-bdc1bfd445f6:group-0C1173138C6A:LeaderElection49] INFO  server.RaftServerConfigKeys (ConfUtils.java:logGet(43)) - raft.server.watch.element-limit = 65536 (default)
2019-08-22 11:56:32,660 [8c07d121-2c0d-4967-83b1-bdc1bfd445f6:group-0C1173138C6A:LeaderElection49] INFO  impl.RoleInfo (RoleInfo.java:updateAndGet(143)) - 8c07d121-2c0d-4967-83b1-bdc1bfd445f6: start LeaderState
2019-08-22 11:56:32,660 [8c07d121-2c0d-4967-83b1-bdc1bfd445f6:group-0C1173138C6A:LeaderElection49] INFO  segmented.SegmentedRaftLogWorker (SegmentedRaftLogWorker.java:startLogSegment(380)) - 8c07d121-2c0d-4967-83b1-bdc1bfd445f6-SegmentedRaftLogWorker:Storage Directory /workdir/hadoop-ozone/integration-test/target/test-dir/MiniOzoneClusterImpl-7b3b72d3-1b02-413e-a616-a170ee685c37/datanode-2/data/ratis/18cbec05-5cd2-454f-835e-0c1173138c6a: Starting segment from index:0
2019-08-22 11:56:32,661 [8c07d121-2c0d-4967-83b1-bdc1bfd445f6:group-0C1173138C6A:LeaderElection49] INFO  impl.RaftServerImpl (ServerState.java:setRaftConf(361)) - 8c07d121-2c0d-4967-83b1-bdc1bfd445f6:group-0C1173138C6A set configuration 0: [8c07d121-2c0d-4967-83b1-bdc1bfd445f6:192.168.5.135:40382], old=null at 0
2019-08-22 11:56:32,712 [8c07d121-2c0d-4967-83b1-bdc1bfd445f6-SegmentedRaftLogWorker:Storage Directory /workdir/hadoop-ozone/integration-test/target/test-dir/MiniOzoneClusterImpl-7b3b72d3-1b02-413e-a616-a170ee685c37/datanode-2/data/ratis/18cbec05-5cd2-454f-835e-0c1173138c6a] INFO  segmented.SegmentedRaftLogWorker (SegmentedRaftLogWorker.java:execute(569)) - 8c07d121-2c0d-4967-83b1-bdc1bfd445f6-SegmentedRaftLogWorker:Storage Directory /workdir/hadoop-ozone/integration-test/target/test-dir/MiniOzoneClusterImpl-7b3b72d3-1b02-413e-a616-a170ee685c37/datanode-2/data/ratis/18cbec05-5cd2-454f-835e-0c1173138c6a: created new log segment /workdir/hadoop-ozone/integration-test/target/test-dir/MiniOzoneClusterImpl-7b3b72d3-1b02-413e-a616-a170ee685c37/datanode-2/data/ratis/18cbec05-5cd2-454f-835e-0c1173138c6a/current/log_inprogress_0
2019-08-22 11:56:32,733 | INFO  | SCMAudit | user=jenkins1000 | ip=192.168.5.135 | op=SEND_HEARTBEAT {datanodeUUID=4a9862d5-694b-4c7d-b652-1fb8ddcfc588, command=[]} | ret=SUCCESS |  
2019-08-22 11:56:32,901 | INFO  | SCMAudit | user=jenkins1000 | ip=192.168.5.135 | op=SEND_HEARTBEAT {datanodeUUID=81358f04-b55e-4661-8083-492e8c5539a7, command=[]} | ret=SUCCESS |  
2019-08-22 11:56:33,111 [Thread-1548] INFO  impl.FollowerState (FollowerState.java:run(106)) - 8c07d121-2c0d-4967-83b1-bdc1bfd445f6:group-6ED392AAFDDC changes to CANDIDATE, lastRpcTime:5055, electionTimeout:5055ms
2019-08-22 11:56:33,111 [Thread-1548] INFO  impl.RoleInfo (RoleInfo.java:shutdownFollowerState(121)) - 8c07d121-2c0d-4967-83b1-bdc1bfd445f6: shutdown FollowerState
2019-08-22 11:56:33,112 [Thread-1548] INFO  impl.RaftServerImpl (RaftServerImpl.java:setRole(171)) - 8c07d121-2c0d-4967-83b1-bdc1bfd445f6:group-6ED392AAFDDC changes role from FOLLOWER to CANDIDATE at term 0 for changeToCandidate
2019-08-22 11:56:33,112 [Thread-1548] INFO  impl.RoleInfo (RoleInfo.java:updateAndGet(143)) - 8c07d121-2c0d-4967-83b1-bdc1bfd445f6: start LeaderElection
2019-08-22 11:56:33,123 | INFO  | SCMAudit | user=jenkins1000 | ip=192.168.5.135 | op=SEND_HEARTBEAT {datanodeUUID=ac50c3b2-b81f-4c0a-b4fe-860d2c902727, command=[]} | ret=SUCCESS |  
2019-08-22 11:56:33,139 [Thread-1542] INFO  impl.FollowerState (FollowerState.java:run(106)) - 8085255e-7a41-426f-b0e8-2d5555c5b7b9:group-6ED392AAFDDC changes to CANDIDATE, lastRpcTime:5086, electionTimeout:5086ms
2019-08-22 11:56:33,139 [Thread-1542] INFO  impl.RoleInfo (RoleInfo.java:shutdownFollowerState(121)) - 8085255e-7a41-426f-b0e8-2d5555c5b7b9: shutdown FollowerState
2019-08-22 11:56:33,139 [Thread-1542] INFO  impl.RaftServerImpl (RaftServerImpl.java:setRole(171)) - 8085255e-7a41-426f-b0e8-2d5555c5b7b9:group-6ED392AAFDDC changes role from FOLLOWER to CANDIDATE at term 0 for changeToCandidate
2019-08-22 11:56:33,139 [Thread-1542] INFO  impl.RoleInfo (RoleInfo.java:updateAndGet(143)) - 8085255e-7a41-426f-b0e8-2d5555c5b7b9: start LeaderElection
2019-08-22 11:56:33,247 [Thread-1545] INFO  impl.FollowerState (FollowerState.java:run(106)) - ac50c3b2-b81f-4c0a-b4fe-860d2c902727:group-6ED392AAFDDC changes to CANDIDATE, lastRpcTime:5192, electionTimeout:5192ms
2019-08-22 11:56:33,247 [Thread-1545] INFO  impl.RoleInfo (RoleInfo.java:shutdownFollowerState(121)) - ac50c3b2-b81f-4c0a-b4fe-860d2c902727: shutdown FollowerState
2019-08-22 11:56:33,248 [Thread-1545] INFO  impl.RaftServerImpl (RaftServerImpl.java:setRole(171)) - ac50c3b2-b81f-4c0a-b4fe-860d2c902727:group-6ED392AAFDDC changes role from FOLLOWER to CANDIDATE at term 0 for changeToCandidate
2019-08-22 11:56:33,248 [Thread-1545] INFO  impl.RoleInfo (RoleInfo.java:updateAndGet(143)) - ac50c3b2-b81f-4c0a-b4fe-860d2c902727: start LeaderElection
2019-08-22 11:56:33,262 | INFO  | SCMAudit | user=jenkins1000 | ip=192.168.5.135 | op=SEND_HEARTBEAT {datanodeUUID=c2ff41bc-5475-4ec0-aa3a-f40fe56d194e, command=[]} | ret=SUCCESS |  
2019-08-22 11:56:33,353 | INFO  | SCMAudit | user=jenkins1000 | ip=192.168.5.135 | op=SEND_HEARTBEAT {datanodeUUID=8085255e-7a41-426f-b0e8-2d5555c5b7b9, command=[]} | ret=SUCCESS |  
2019-08-22 11:56:33,367 [Thread-1554] INFO  impl.FollowerState (FollowerState.java:run(106)) - 81358f04-b55e-4661-8083-492e8c5539a7:group-C714A34C16BC changes to CANDIDATE, lastRpcTime:5012, electionTimeout:5012ms
2019-08-22 11:56:33,367 [Thread-1554] INFO  impl.RoleInfo (RoleInfo.java:shutdownFollowerState(121)) - 81358f04-b55e-4661-8083-492e8c5539a7: shutdown FollowerState
2019-08-22 11:56:33,367 [Thread-1554] INFO  impl.RaftServerImpl (RaftServerImpl.java:setRole(171)) - 81358f04-b55e-4661-8083-492e8c5539a7:group-C714A34C16BC changes role from FOLLOWER to CANDIDATE at term 0 for changeToCandidate
2019-08-22 11:56:33,367 [Thread-1554] INFO  impl.RoleInfo (RoleInfo.java:updateAndGet(143)) - 81358f04-b55e-4661-8083-492e8c5539a7: start LeaderElection
2019-08-22 11:56:33,412 [Thread-1551] INFO  impl.FollowerState (FollowerState.java:run(106)) - c2ff41bc-5475-4ec0-aa3a-f40fe56d194e:group-CA0F0C4D73A8 changes to CANDIDATE, lastRpcTime:5103, electionTimeout:5103ms
2019-08-22 11:56:33,412 [Thread-1551] INFO  impl.RoleInfo (RoleInfo.java:shutdownFollowerState(121)) - c2ff41bc-5475-4ec0-aa3a-f40fe56d194e: shutdown FollowerState
2019-08-22 11:56:33,412 [Thread-1551] INFO  impl.RaftServerImpl (RaftServerImpl.java:setRole(171)) - c2ff41bc-5475-4ec0-aa3a-f40fe56d194e:group-CA0F0C4D73A8 changes role from FOLLOWER to CANDIDATE at term 0 for changeToCandidate
2019-08-22 11:56:33,412 [Thread-1551] INFO  impl.RoleInfo (RoleInfo.java:updateAndGet(143)) - c2ff41bc-5475-4ec0-aa3a-f40fe56d194e: start LeaderElection
2019-08-22 11:56:33,461 | INFO  | SCMAudit | user=jenkins1000 | ip=192.168.5.135 | op=SEND_HEARTBEAT {datanodeUUID=9b0e54da-58f3-4b2f-aec1-b0a4cb1efbe1, command=[]} | ret=SUCCESS |  
2019-08-22 11:56:33,482 [Thread-1557] INFO  impl.FollowerState (FollowerState.java:run(106)) - 4a9862d5-694b-4c7d-b652-1fb8ddcfc588:group-30F96156EC06 changes to CANDIDATE, lastRpcTime:5058, electionTimeout:5058ms
2019-08-22 11:56:33,482 [Thread-1557] INFO  impl.RoleInfo (RoleInfo.java:shutdownFollowerState(121)) - 4a9862d5-694b-4c7d-b652-1fb8ddcfc588: shutdown FollowerState
2019-08-22 11:56:33,482 [Thread-1557] INFO  impl.RaftServerImpl (RaftServerImpl.java:setRole(171)) - 4a9862d5-694b-4c7d-b652-1fb8ddcfc588:group-30F96156EC06 changes role from FOLLOWER to CANDIDATE at term 0 for changeToCandidate
2019-08-22 11:56:33,482 [Thread-1557] INFO  impl.RoleInfo (RoleInfo.java:updateAndGet(143)) - 4a9862d5-694b-4c7d-b652-1fb8ddcfc588: start LeaderElection
2019-08-22 11:56:33,525 [Thread-1563] INFO  impl.FollowerState (FollowerState.java:run(106)) - 4a9862d5-694b-4c7d-b652-1fb8ddcfc588:group-B72D0A15121E changes to CANDIDATE, lastRpcTime:5040, electionTimeout:5040ms
2019-08-22 11:56:33,525 [Thread-1563] INFO  impl.RoleInfo (RoleInfo.java:shutdownFollowerState(121)) - 4a9862d5-694b-4c7d-b652-1fb8ddcfc588: shutdown FollowerState
2019-08-22 11:56:33,525 [Thread-1563] INFO  impl.RaftServerImpl (RaftServerImpl.java:setRole(171)) - 4a9862d5-694b-4c7d-b652-1fb8ddcfc588:group-B72D0A15121E changes role from FOLLOWER to CANDIDATE at term 0 for changeToCandidate
2019-08-22 11:56:33,525 [Thread-1563] INFO  impl.RoleInfo (RoleInfo.java:updateAndGet(143)) - 4a9862d5-694b-4c7d-b652-1fb8ddcfc588: start LeaderElection
2019-08-22 11:56:33,566 | INFO  | SCMAudit | user=jenkins1000 | ip=192.168.5.135 | op=SEND_HEARTBEAT {datanodeUUID=8c07d121-2c0d-4967-83b1-bdc1bfd445f6, command=[]} | ret=SUCCESS |  
2019-08-22 11:56:33,571 [Thread-1565] INFO  impl.FollowerState (FollowerState.java:run(106)) - 81358f04-b55e-4661-8083-492e8c5539a7:group-B72D0A15121E changes to CANDIDATE, lastRpcTime:5085, electionTimeout:5085ms
2019-08-22 11:56:33,571 [Thread-1565] INFO  impl.RoleInfo (RoleInfo.java:shutdownFollowerState(121)) - 81358f04-b55e-4661-8083-492e8c5539a7: shutdown FollowerState
2019-08-22 11:56:33,571 [Thread-1565] INFO  impl.RaftServerImpl (RaftServerImpl.java:setRole(171)) - 81358f04-b55e-4661-8083-492e8c5539a7:group-B72D0A15121E changes role from FOLLOWER to CANDIDATE at term 0 for changeToCandidate
2019-08-22 11:56:33,571 [Thread-1565] INFO  impl.RoleInfo (RoleInfo.java:updateAndGet(143)) - 81358f04-b55e-4661-8083-492e8c5539a7: start LeaderElection
2019-08-22 11:56:33,640 [Thread-1560] INFO  impl.FollowerState (FollowerState.java:run(106)) - c2ff41bc-5475-4ec0-aa3a-f40fe56d194e:group-B72D0A15121E changes to CANDIDATE, lastRpcTime:5159, electionTimeout:5158ms
2019-08-22 11:56:33,640 [Thread-1560] INFO  impl.RoleInfo (RoleInfo.java:shutdownFollowerState(121)) - c2ff41bc-5475-4ec0-aa3a-f40fe56d194e: shutdown FollowerState
2019-08-22 11:56:33,640 [Thread-1560] INFO  impl.RaftServerImpl (RaftServerImpl.java:setRole(171)) - c2ff41bc-5475-4ec0-aa3a-f40fe56d194e:group-B72D0A15121E changes role from FOLLOWER to CANDIDATE at term 0 for changeToCandidate
2019-08-22 11:56:33,640 [Thread-1560] INFO  impl.RoleInfo (RoleInfo.java:updateAndGet(143)) - c2ff41bc-5475-4ec0-aa3a-f40fe56d194e: start LeaderElection
2019-08-22 11:56:33,664 [grpc-default-executor-4] INFO  client.GrpcClientProtocolClient (GrpcClientProtocolClient.java:onNext(255)) - client-7A715627349C->8c07d121-2c0d-4967-83b1-bdc1bfd445f6: receive RaftClientReply:client-7A715627349C->8c07d121-2c0d-4967-83b1-bdc1bfd445f6@group-6ED392AAFDDC, cid=65, FAILED org.apache.ratis.protocol.NotLeaderException: Server 8c07d121-2c0d-4967-83b1-bdc1bfd445f6 is not the leader (null). Request must be sent to leader., logIndex=0, commits[8c07d121-2c0d-4967-83b1-bdc1bfd445f6:c-1]
2019-08-22 11:56:33,733 | INFO  | SCMAudit | user=jenkins1000 | ip=192.168.5.135 | op=SEND_HEARTBEAT {datanodeUUID=4a9862d5-694b-4c7d-b652-1fb8ddcfc588, command=[]} | ret=SUCCESS |  
2019-08-22 11:56:33,902 | INFO  | SCMAudit | user=jenkins1000 | ip=192.168.5.135 | op=SEND_HEARTBEAT {datanodeUUID=81358f04-b55e-4661-8083-492e8c5539a7, command=[]} | ret=SUCCESS |  
2019-08-22 11:56:34,114 | INFO  | SCMAudit | user=jenkins1000 | ip=192.168.5.135 | op=SEND_HEARTBEAT {datanodeUUID=ac50c3b2-b81f-4c0a-b4fe-860d2c902727, command=[]} | ret=SUCCESS |  
2019-08-22 11:56:34,262 | INFO  | SCMAudit | user=jenkins1000 | ip=192.168.5.135 | op=SEND_HEARTBEAT {datanodeUUID=c2ff41bc-5475-4ec0-aa3a-f40fe56d194e, command=[]} | ret=SUCCESS |  
2019-08-22 11:56:34,353 | INFO  | SCMAudit | user=jenkins1000 | ip=192.168.5.135 | op=SEND_HEARTBEAT {datanodeUUID=8085255e-7a41-426f-b0e8-2d5555c5b7b9, command=[]} | ret=SUCCESS |  
2019-08-22 11:56:34,461 | INFO  | SCMAudit | user=jenkins1000 | ip=192.168.5.135 | op=SEND_HEARTBEAT {datanodeUUID=9b0e54da-58f3-4b2f-aec1-b0a4cb1efbe1, command=[]} | ret=SUCCESS |  
2019-08-22 11:56:34,566 | INFO  | SCMAudit | user=jenkins1000 | ip=192.168.5.135 | op=SEND_HEARTBEAT {datanodeUUID=8c07d121-2c0d-4967-83b1-bdc1bfd445f6, command=[]} | ret=SUCCESS |  
2019-08-22 11:56:34,677 [grpc-default-executor-1] INFO  client.GrpcClientProtocolClient (GrpcClientProtocolClient.java:onNext(255)) - client-7A715627349C->ac50c3b2-b81f-4c0a-b4fe-860d2c902727: receive RaftClientReply:client-7A715627349C->ac50c3b2-b81f-4c0a-b4fe-860d2c902727@group-6ED392AAFDDC, cid=65, FAILED org.apache.ratis.protocol.NotLeaderException: Server ac50c3b2-b81f-4c0a-b4fe-860d2c902727 is not the leader (null). Request must be sent to leader., logIndex=0, commits[ac50c3b2-b81f-4c0a-b4fe-860d2c902727:c-1]
2019-08-22 11:56:34,733 | INFO  | SCMAudit | user=jenkins1000 | ip=192.168.5.135 | op=SEND_HEARTBEAT {datanodeUUID=4a9862d5-694b-4c7d-b652-1fb8ddcfc588, command=[]} | ret=SUCCESS |  
2019-08-22 11:56:34,902 | INFO  | SCMAudit | user=jenkins1000 | ip=192.168.5.135 | op=SEND_HEARTBEAT {datanodeUUID=81358f04-b55e-4661-8083-492e8c5539a7, command=[]} | ret=SUCCESS |  
2019-08-22 11:56:35,114 | INFO  | SCMAudit | user=jenkins1000 | ip=192.168.5.135 | op=SEND_HEARTBEAT {datanodeUUID=ac50c3b2-b81f-4c0a-b4fe-860d2c902727, command=[]} | ret=SUCCESS |  
2019-08-22 11:56:35,262 | INFO  | SCMAudit | user=jenkins1000 | ip=192.168.5.135 | op=SEND_HEARTBEAT {datanodeUUID=c2ff41bc-5475-4ec0-aa3a-f40fe56d194e, command=[]} | ret=SUCCESS |  
2019-08-22 11:56:35,353 | INFO  | SCMAudit | user=jenkins1000 | ip=192.168.5.135 | op=SEND_HEARTBEAT {datanodeUUID=8085255e-7a41-426f-b0e8-2d5555c5b7b9, command=[]} | ret=SUCCESS |  
2019-08-22 11:56:35,461 | INFO  | SCMAudit | user=jenkins1000 | ip=192.168.5.135 | op=SEND_HEARTBEAT {datanodeUUID=9b0e54da-58f3-4b2f-aec1-b0a4cb1efbe1, command=[]} | ret=SUCCESS |  
2019-08-22 11:56:35,565 | INFO  | SCMAudit | user=jenkins1000 | ip=192.168.5.135 | op=SEND_HEARTBEAT {datanodeUUID=8c07d121-2c0d-4967-83b1-bdc1bfd445f6, command=[]} | ret=SUCCESS |  
2019-08-22 11:56:35,690 [grpc-default-executor-4] INFO  client.GrpcClientProtocolClient (GrpcClientProtocolClient.java:onNext(255)) - client-7A715627349C->8c07d121-2c0d-4967-83b1-bdc1bfd445f6: receive RaftClientReply:client-7A715627349C->8c07d121-2c0d-4967-83b1-bdc1bfd445f6@group-6ED392AAFDDC, cid=65, FAILED org.apache.ratis.protocol.NotLeaderException: Server 8c07d121-2c0d-4967-83b1-bdc1bfd445f6 is not the leader (null). Request must be sent to leader., logIndex=0, commits[8c07d121-2c0d-4967-83b1-bdc1bfd445f6:c-1]
2019-08-22 11:56:35,733 | INFO  | SCMAudit | user=jenkins1000 | ip=192.168.5.135 | op=SEND_HEARTBEAT {datanodeUUID=4a9862d5-694b-4c7d-b652-1fb8ddcfc588, command=[]} | ret=SUCCESS |  
2019-08-22 11:56:35,901 | INFO  | SCMAudit | user=jenkins1000 | ip=192.168.5.135 | op=SEND_HEARTBEAT {datanodeUUID=81358f04-b55e-4661-8083-492e8c5539a7, command=[]} | ret=SUCCESS |  
2019-08-22 11:56:36,113 | INFO  | SCMAudit | user=jenkins1000 | ip=192.168.5.135 | op=SEND_HEARTBEAT {datanodeUUID=ac50c3b2-b81f-4c0a-b4fe-860d2c902727, command=[]} | ret=SUCCESS |  
2019-08-22 11:56:36,263 | INFO  | SCMAudit | user=jenkins1000 | ip=192.168.5.135 | op=SEND_HEARTBEAT {datanodeUUID=c2ff41bc-5475-4ec0-aa3a-f40fe56d194e, command=[]} | ret=SUCCESS |  
2019-08-22 11:56:36,353 | INFO  | SCMAudit | user=jenkins1000 | ip=192.168.5.135 | op=SEND_HEARTBEAT {datanodeUUID=8085255e-7a41-426f-b0e8-2d5555c5b7b9, command=[]} | ret=SUCCESS |  
2019-08-22 11:56:36,462 | INFO  | SCMAudit | user=jenkins1000 | ip=192.168.5.135 | op=SEND_HEARTBEAT {datanodeUUID=9b0e54da-58f3-4b2f-aec1-b0a4cb1efbe1, command=[]} | ret=SUCCESS |  
2019-08-22 11:56:36,565 | INFO  | SCMAudit | user=jenkins1000 | ip=192.168.5.135 | op=SEND_HEARTBEAT {datanodeUUID=8c07d121-2c0d-4967-83b1-bdc1bfd445f6, command=[]} | ret=SUCCESS |  
2019-08-22 11:56:36,706 [grpc-default-executor-1] INFO  client.GrpcClientProtocolClient (GrpcClientProtocolClient.java:onNext(255)) - client-7A715627349C->8085255e-7a41-426f-b0e8-2d5555c5b7b9: receive RaftClientReply:client-7A715627349C->8085255e-7a41-426f-b0e8-2d5555c5b7b9@group-6ED392AAFDDC, cid=65, FAILED org.apache.ratis.protocol.NotLeaderException: Server 8085255e-7a41-426f-b0e8-2d5555c5b7b9 is not the leader (null). Request must be sent to leader., logIndex=0, commits[8085255e-7a41-426f-b0e8-2d5555c5b7b9:c-1]
2019-08-22 11:56:36,733 | INFO  | SCMAudit | user=jenkins1000 | ip=192.168.5.135 | op=SEND_HEARTBEAT {datanodeUUID=4a9862d5-694b-4c7d-b652-1fb8ddcfc588, command=[]} | ret=SUCCESS |  
2019-08-22 11:56:36,901 | INFO  | SCMAudit | user=jenkins1000 | ip=192.168.5.135 | op=SEND_HEARTBEAT {datanodeUUID=81358f04-b55e-4661-8083-492e8c5539a7, command=[]} | ret=SUCCESS |  
2019-08-22 11:56:37,113 | INFO  | SCMAudit | user=jenkins1000 | ip=192.168.5.135 | op=SEND_HEARTBEAT {datanodeUUID=ac50c3b2-b81f-4c0a-b4fe-860d2c902727, command=[]} | ret=SUCCESS |  
2019-08-22 11:56:37,262 | INFO  | SCMAudit | user=jenkins1000 | ip=192.168.5.135 | op=SEND_HEARTBEAT {datanodeUUID=c2ff41bc-5475-4ec0-aa3a-f40fe56d194e, command=[]} | ret=SUCCESS |  
2019-08-22 11:56:37,352 | INFO  | SCMAudit | user=jenkins1000 | ip=192.168.5.135 | op=SEND_HEARTBEAT {datanodeUUID=8085255e-7a41-426f-b0e8-2d5555c5b7b9, command=[]} | ret=SUCCESS |  
2019-08-22 11:56:37,461 | INFO  | SCMAudit | user=jenkins1000 | ip=192.168.5.135 | op=SEND_HEARTBEAT {datanodeUUID=9b0e54da-58f3-4b2f-aec1-b0a4cb1efbe1, command=[]} | ret=SUCCESS |  
2019-08-22 11:56:37,566 | INFO  | SCMAudit | user=jenkins1000 | ip=192.168.5.135 | op=SEND_HEARTBEAT {datanodeUUID=8c07d121-2c0d-4967-83b1-bdc1bfd445f6, command=[]} | ret=SUCCESS |  
2019-08-22 11:56:37,718 [grpc-default-executor-4] INFO  client.GrpcClientProtocolClient (GrpcClientProtocolClient.java:onNext(255)) - client-7A715627349C->8c07d121-2c0d-4967-83b1-bdc1bfd445f6: receive RaftClientReply:client-7A715627349C->8c07d121-2c0d-4967-83b1-bdc1bfd445f6@group-6ED392AAFDDC, cid=65, FAILED org.apache.ratis.protocol.NotLeaderException: Server 8c07d121-2c0d-4967-83b1-bdc1bfd445f6 is not the leader (null). Request must be sent to leader., logIndex=0, commits[8c07d121-2c0d-4967-83b1-bdc1bfd445f6:c-1]
2019-08-22 11:56:37,733 | INFO  | SCMAudit | user=jenkins1000 | ip=192.168.5.135 | op=SEND_HEARTBEAT {datanodeUUID=4a9862d5-694b-4c7d-b652-1fb8ddcfc588, command=[]} | ret=SUCCESS |  
2019-08-22 11:56:37,901 | INFO  | SCMAudit | user=jenkins1000 | ip=192.168.5.135 | op=SEND_HEARTBEAT {datanodeUUID=81358f04-b55e-4661-8083-492e8c5539a7, command=[]} | ret=SUCCESS |  
2019-08-22 11:56:38,113 | INFO  | SCMAudit | user=jenkins1000 | ip=192.168.5.135 | op=SEND_HEARTBEAT {datanodeUUID=ac50c3b2-b81f-4c0a-b4fe-860d2c902727, command=[]} | ret=SUCCESS |  
2019-08-22 11:56:38,263 | INFO  | SCMAudit | user=jenkins1000 | ip=192.168.5.135 | op=SEND_HEARTBEAT {datanodeUUID=c2ff41bc-5475-4ec0-aa3a-f40fe56d194e, command=[]} | ret=SUCCESS |  
2019-08-22 11:56:38,273 [8c07d121-2c0d-4967-83b1-bdc1bfd445f6:group-6ED392AAFDDC:LeaderElection50] INFO  impl.LeaderElection (LeaderElection.java:askForVotes(181)) - 8c07d121-2c0d-4967-83b1-bdc1bfd445f6:group-6ED392AAFDDC:LeaderElection50: begin an election at term 1 for -1: [8c07d121-2c0d-4967-83b1-bdc1bfd445f6:192.168.5.135:40382, 8085255e-7a41-426f-b0e8-2d5555c5b7b9:192.168.5.135:44522, ac50c3b2-b81f-4c0a-b4fe-860d2c902727:192.168.5.135:40965], old=null
2019-08-22 11:56:38,273 [c2ff41bc-5475-4ec0-aa3a-f40fe56d194e:group-B72D0A15121E:LeaderElection58] INFO  impl.LeaderElection (LeaderElection.java:askForVotes(181)) - c2ff41bc-5475-4ec0-aa3a-f40fe56d194e:group-B72D0A15121E:LeaderElection58: begin an election at term 1 for -1: [81358f04-b55e-4661-8083-492e8c5539a7:192.168.5.135:46413, 4a9862d5-694b-4c7d-b652-1fb8ddcfc588:192.168.5.135:42468, c2ff41bc-5475-4ec0-aa3a-f40fe56d194e:192.168.5.135:41764], old=null
2019-08-22 11:56:38,274 [ac50c3b2-b81f-4c0a-b4fe-860d2c902727:group-6ED392AAFDDC:LeaderElection52] INFO  impl.LeaderElection (LeaderElection.java:askForVotes(181)) - ac50c3b2-b81f-4c0a-b4fe-860d2c902727:group-6ED392AAFDDC:LeaderElection52: begin an election at term 1 for -1: [8c07d121-2c0d-4967-83b1-bdc1bfd445f6:192.168.5.135:40382, 8085255e-7a41-426f-b0e8-2d5555c5b7b9:192.168.5.135:44522, ac50c3b2-b81f-4c0a-b4fe-860d2c902727:192.168.5.135:40965], old=null
2019-08-22 11:56:38,274 [4a9862d5-694b-4c7d-b652-1fb8ddcfc588:group-B72D0A15121E:LeaderElection56] INFO  impl.LeaderElection (LeaderElection.java:askForVotes(181)) - 4a9862d5-694b-4c7d-b652-1fb8ddcfc588:group-B72D0A15121E:LeaderElection56: begin an election at term 1 for -1: [81358f04-b55e-4661-8083-492e8c5539a7:192.168.5.135:46413, 4a9862d5-694b-4c7d-b652-1fb8ddcfc588:192.168.5.135:42468, c2ff41bc-5475-4ec0-aa3a-f40fe56d194e:192.168.5.135:41764], old=null
2019-08-22 11:56:38,274 [c2ff41bc-5475-4ec0-aa3a-f40fe56d194e:group-CA0F0C4D73A8:LeaderElection54] INFO  impl.LeaderElection (LeaderElection.java:askForVotes(181)) - c2ff41bc-5475-4ec0-aa3a-f40fe56d194e:group-CA0F0C4D73A8:LeaderElection54: begin an election at term 1 for -1: [c2ff41bc-5475-4ec0-aa3a-f40fe56d194e:192.168.5.135:41764], old=null
2019-08-22 11:56:38,274 [81358f04-b55e-4661-8083-492e8c5539a7:group-B72D0A15121E:LeaderElection57] INFO  impl.LeaderElection (LeaderElection.java:askForVotes(181)) - 81358f04-b55e-4661-8083-492e8c5539a7:group-B72D0A15121E:LeaderElection57: begin an election at term 1 for -1: [81358f04-b55e-4661-8083-492e8c5539a7:192.168.5.135:46413, 4a9862d5-694b-4c7d-b652-1fb8ddcfc588:192.168.5.135:42468, c2ff41bc-5475-4ec0-aa3a-f40fe56d194e:192.168.5.135:41764], old=null
2019-08-22 11:56:38,274 [81358f04-b55e-4661-8083-492e8c5539a7:group-C714A34C16BC:LeaderElection53] INFO  impl.LeaderElection (LeaderElection.java:askForVotes(181)) - 81358f04-b55e-4661-8083-492e8c5539a7:group-C714A34C16BC:LeaderElection53: begin an election at term 1 for -1: [81358f04-b55e-4661-8083-492e8c5539a7:192.168.5.135:46413], old=null
2019-08-22 11:56:38,274 [4a9862d5-694b-4c7d-b652-1fb8ddcfc588:group-30F96156EC06:LeaderElection55] INFO  impl.LeaderElection (LeaderElection.java:askForVotes(181)) - 4a9862d5-694b-4c7d-b652-1fb8ddcfc588:group-30F96156EC06:LeaderElection55: begin an election at term 1 for -1: [4a9862d5-694b-4c7d-b652-1fb8ddcfc588:192.168.5.135:42468], old=null
2019-08-22 11:56:38,273 [8085255e-7a41-426f-b0e8-2d5555c5b7b9:group-6ED392AAFDDC:LeaderElection51] INFO  impl.LeaderElection (LeaderElection.java:askForVotes(181)) - 8085255e-7a41-426f-b0e8-2d5555c5b7b9:group-6ED392AAFDDC:LeaderElection51: begin an election at term 1 for -1: [8c07d121-2c0d-4967-83b1-bdc1bfd445f6:192.168.5.135:40382, 8085255e-7a41-426f-b0e8-2d5555c5b7b9:192.168.5.135:44522, ac50c3b2-b81f-4c0a-b4fe-860d2c902727:192.168.5.135:40965], old=null
2019-08-22 11:56:38,275 [4a9862d5-694b-4c7d-b652-1fb8ddcfc588:group-30F96156EC06:LeaderElection55] INFO  impl.RoleInfo (RoleInfo.java:shutdownLeaderElection(134)) - 4a9862d5-694b-4c7d-b652-1fb8ddcfc588: shutdown LeaderElection
2019-08-22 11:56:38,275 [81358f04-b55e-4661-8083-492e8c5539a7:group-C714A34C16BC:LeaderElection53] INFO  impl.RoleInfo (RoleInfo.java:shutdownLeaderElection(134)) - 81358f04-b55e-4661-8083-492e8c5539a7: shutdown LeaderElection
2019-08-22 11:56:38,274 [c2ff41bc-5475-4ec0-aa3a-f40fe56d194e:group-CA0F0C4D73A8:LeaderElection54] INFO  impl.RoleInfo (RoleInfo.java:shutdownLeaderElection(134)) - c2ff41bc-5475-4ec0-aa3a-f40fe56d194e: shutdown LeaderElection
2019-08-22 11:56:38,276 [81358f04-b55e-4661-8083-492e8c5539a7:group-C714A34C16BC:LeaderElection53] INFO  impl.RaftServerImpl (RaftServerImpl.java:setRole(171)) - 81358f04-b55e-4661-8083-492e8c5539a7:group-C714A34C16BC changes role from CANDIDATE to LEADER at term 1 for changeToLeader
2019-08-22 11:56:38,275 [4a9862d5-694b-4c7d-b652-1fb8ddcfc588:group-30F96156EC06:LeaderElection55] INFO  impl.RaftServerImpl (RaftServerImpl.java:setRole(171)) - 4a9862d5-694b-4c7d-b652-1fb8ddcfc588:group-30F96156EC06 changes role from CANDIDATE to LEADER at term 1 for changeToLeader
2019-08-22 11:56:38,276 [81358f04-b55e-4661-8083-492e8c5539a7:group-C714A34C16BC:LeaderElection53] INFO  impl.RaftServerImpl (ServerState.java:setLeader(263)) - 81358f04-b55e-4661-8083-492e8c5539a7:group-C714A34C16BC change Leader from null to 81358f04-b55e-4661-8083-492e8c5539a7 at term 1 for becomeLeader, leader elected after 9925ms
2019-08-22 11:56:38,276 [c2ff41bc-5475-4ec0-aa3a-f40fe56d194e:group-CA0F0C4D73A8:LeaderElection54] INFO  impl.RaftServerImpl (RaftServerImpl.java:setRole(171)) - c2ff41bc-5475-4ec0-aa3a-f40fe56d194e:group-CA0F0C4D73A8 changes role from CANDIDATE to LEADER at term 1 for changeToLeader
2019-08-22 11:56:38,276 [4a9862d5-694b-4c7d-b652-1fb8ddcfc588:group-30F96156EC06:LeaderElection55] INFO  impl.RaftServerImpl (ServerState.java:setLeader(263)) - 4a9862d5-694b-4c7d-b652-1fb8ddcfc588:group-30F96156EC06 change Leader from null to 4a9862d5-694b-4c7d-b652-1fb8ddcfc588 at term 1 for becomeLeader, leader elected after 9856ms
2019-08-22 11:56:38,277 [c2ff41bc-5475-4ec0-aa3a-f40fe56d194e:group-CA0F0C4D73A8:LeaderElection54] INFO  impl.RaftServerImpl (ServerState.java:setLeader(263)) - c2ff41bc-5475-4ec0-aa3a-f40fe56d194e:group-CA0F0C4D73A8 change Leader from null to c2ff41bc-5475-4ec0-aa3a-f40fe56d194e at term 1 for becomeLeader, leader elected after 9972ms
2019-08-22 11:56:38,277 [4a9862d5-694b-4c7d-b652-1fb8ddcfc588:group-30F96156EC06:LeaderElection55] INFO  server.RaftServerConfigKeys (ConfUtils.java:logGet(43)) - raft.server.staging.catchup.gap = 1000 (default)
2019-08-22 11:56:38,277 [81358f04-b55e-4661-8083-492e8c5539a7:group-C714A34C16BC:LeaderElection53] INFO  server.RaftServerConfigKeys (ConfUtils.java:logGet(43)) - raft.server.staging.catchup.gap = 1000 (default)
2019-08-22 11:56:38,277 [c2ff41bc-5475-4ec0-aa3a-f40fe56d194e:group-CA0F0C4D73A8:LeaderElection54] INFO  server.RaftServerConfigKeys (ConfUtils.java:logGet(43)) - raft.server.staging.catchup.gap = 1000 (default)
2019-08-22 11:56:38,278 [4a9862d5-694b-4c7d-b652-1fb8ddcfc588:group-30F96156EC06:LeaderElection55] INFO  server.RaftServerConfigKeys (ConfUtils.java:logGet(43)) - raft.server.rpc.sleep.time = 25ms (default)
2019-08-22 11:56:38,278 [81358f04-b55e-4661-8083-492e8c5539a7:group-C714A34C16BC:LeaderElection53] INFO  server.RaftServerConfigKeys (ConfUtils.java:logGet(43)) - raft.server.rpc.sleep.time = 25ms (default)
2019-08-22 11:56:38,278 [4a9862d5-694b-4c7d-b652-1fb8ddcfc588:group-30F96156EC06:LeaderElection55] INFO  server.RaftServerConfigKeys (ConfUtils.java:logGet(43)) - raft.server.write.element-limit = 4096 (default)
2019-08-22 11:56:38,278 [c2ff41bc-5475-4ec0-aa3a-f40fe56d194e:group-CA0F0C4D73A8:LeaderElection54] INFO  server.RaftServerConfigKeys (ConfUtils.java:logGet(43)) - raft.server.rpc.sleep.time = 25ms (default)
2019-08-22 11:56:38,279 [4a9862d5-694b-4c7d-b652-1fb8ddcfc588:group-30F96156EC06:LeaderElection55] INFO  server.RaftServerConfigKeys (ConfUtils.java:logGet(43)) - raft.server.watch.timeout = 10s (default)
2019-08-22 11:56:38,278 [81358f04-b55e-4661-8083-492e8c5539a7:group-C714A34C16BC:LeaderElection53] INFO  server.RaftServerConfigKeys (ConfUtils.java:logGet(43)) - raft.server.write.element-limit = 4096 (default)
2019-08-22 11:56:38,279 [4a9862d5-694b-4c7d-b652-1fb8ddcfc588:group-30F96156EC06:LeaderElection55] INFO  server.RaftServerConfigKeys (ConfUtils.java:logGet(43)) - raft.server.watch.timeout.denomination = 1s (default)
2019-08-22 11:56:38,279 [c2ff41bc-5475-4ec0-aa3a-f40fe56d194e:group-CA0F0C4D73A8:LeaderElection54] INFO  server.RaftServerConfigKeys (ConfUtils.java:logGet(43)) - raft.server.write.element-limit = 4096 (default)
2019-08-22 11:56:38,279 [4a9862d5-694b-4c7d-b652-1fb8ddcfc588:group-30F96156EC06:LeaderElection55] INFO  server.RaftServerConfigKeys (ConfUtils.java:logGet(43)) - raft.server.watch.element-limit = 65536 (default)
2019-08-22 11:56:38,279 [81358f04-b55e-4661-8083-492e8c5539a7:group-C714A34C16BC:LeaderElection53] INFO  server.RaftServerConfigKeys (ConfUtils.java:logGet(43)) - raft.server.watch.timeout = 10s (default)
2019-08-22 11:56:38,280 [4a9862d5-694b-4c7d-b652-1fb8ddcfc588:group-30F96156EC06:LeaderElection55] INFO  impl.RoleInfo (RoleInfo.java:updateAndGet(143)) - 4a9862d5-694b-4c7d-b652-1fb8ddcfc588: start LeaderState
2019-08-22 11:56:38,280 [c2ff41bc-5475-4ec0-aa3a-f40fe56d194e:group-CA0F0C4D73A8:LeaderElection54] INFO  server.RaftServerConfigKeys (ConfUtils.java:logGet(43)) - raft.server.watch.timeout = 10s (default)
2019-08-22 11:56:38,280 [81358f04-b55e-4661-8083-492e8c5539a7:group-C714A34C16BC:LeaderElection53] INFO  server.RaftServerConfigKeys (ConfUtils.java:logGet(43)) - raft.server.watch.timeout.denomination = 1s (default)
2019-08-22 11:56:38,285 [4a9862d5-694b-4c7d-b652-1fb8ddcfc588:group-30F96156EC06:LeaderElection55] INFO  segmented.SegmentedRaftLogWorker (SegmentedRaftLogWorker.java:startLogSegment(380)) - 4a9862d5-694b-4c7d-b652-1fb8ddcfc588-SegmentedRaftLogWorker:Storage Directory /workdir/hadoop-ozone/integration-test/target/test-dir/MiniOzoneClusterImpl-7b3b72d3-1b02-413e-a616-a170ee685c37/datanode-3/data/ratis/f1a9cda3-2186-48a6-a475-30f96156ec06: Starting segment from index:0
2019-08-22 11:56:38,285 [c2ff41bc-5475-4ec0-aa3a-f40fe56d194e:group-CA0F0C4D73A8:LeaderElection54] INFO  server.RaftServerConfigKeys (ConfUtils.java:logGet(43)) - raft.server.watch.timeout.denomination = 1s (default)
2019-08-22 11:56:38,285 [81358f04-b55e-4661-8083-492e8c5539a7:group-C714A34C16BC:LeaderElection53] INFO  server.RaftServerConfigKeys (ConfUtils.java:logGet(43)) - raft.server.watch.element-limit = 65536 (default)
2019-08-22 11:56:38,286 [c2ff41bc-5475-4ec0-aa3a-f40fe56d194e:group-CA0F0C4D73A8:LeaderElection54] INFO  server.RaftServerConfigKeys (ConfUtils.java:logGet(43)) - raft.server.watch.element-limit = 65536 (default)
2019-08-22 11:56:38,286 [4a9862d5-694b-4c7d-b652-1fb8ddcfc588:group-30F96156EC06:LeaderElection55] INFO  impl.RaftServerImpl (ServerState.java:setRaftConf(361)) - 4a9862d5-694b-4c7d-b652-1fb8ddcfc588:group-30F96156EC06 set configuration 0: [4a9862d5-694b-4c7d-b652-1fb8ddcfc588:192.168.5.135:42468], old=null at 0
2019-08-22 11:56:38,286 [c2ff41bc-5475-4ec0-aa3a-f40fe56d194e:group-CA0F0C4D73A8:LeaderElection54] INFO  impl.RoleInfo (RoleInfo.java:updateAndGet(143)) - c2ff41bc-5475-4ec0-aa3a-f40fe56d194e: start LeaderState
2019-08-22 11:56:38,286 [81358f04-b55e-4661-8083-492e8c5539a7:group-C714A34C16BC:LeaderElection53] INFO  impl.RoleInfo (RoleInfo.java:updateAndGet(143)) - 81358f04-b55e-4661-8083-492e8c5539a7: start LeaderState
2019-08-22 11:56:38,286 [c2ff41bc-5475-4ec0-aa3a-f40fe56d194e:group-CA0F0C4D73A8:LeaderElection54] INFO  segmented.SegmentedRaftLogWorker (SegmentedRaftLogWorker.java:startLogSegment(380)) - c2ff41bc-5475-4ec0-aa3a-f40fe56d194e-SegmentedRaftLogWorker:Storage Directory /workdir/hadoop-ozone/integration-test/target/test-dir/MiniOzoneClusterImpl-7b3b72d3-1b02-413e-a616-a170ee685c37/datanode-5/data/ratis/b8c692c4-86fd-4b1f-8951-ca0f0c4d73a8: Starting segment from index:0
2019-08-22 11:56:38,287 [81358f04-b55e-4661-8083-492e8c5539a7:group-C714A34C16BC:LeaderElection53] INFO  segmented.SegmentedRaftLogWorker (SegmentedRaftLogWorker.java:startLogSegment(380)) - 81358f04-b55e-4661-8083-492e8c5539a7-SegmentedRaftLogWorker:Storage Directory /workdir/hadoop-ozone/integration-test/target/test-dir/MiniOzoneClusterImpl-7b3b72d3-1b02-413e-a616-a170ee685c37/datanode-4/data/ratis/46d5a8c9-86f9-464d-9459-c714a34c16bc: Starting segment from index:0
2019-08-22 11:56:38,287 [c2ff41bc-5475-4ec0-aa3a-f40fe56d194e:group-CA0F0C4D73A8:LeaderElection54] INFO  impl.RaftServerImpl (ServerState.java:setRaftConf(361)) - c2ff41bc-5475-4ec0-aa3a-f40fe56d194e:group-CA0F0C4D73A8 set configuration 0: [c2ff41bc-5475-4ec0-aa3a-f40fe56d194e:192.168.5.135:41764], old=null at 0
2019-08-22 11:56:38,287 [81358f04-b55e-4661-8083-492e8c5539a7:group-C714A34C16BC:LeaderElection53] INFO  impl.RaftServerImpl (ServerState.java:setRaftConf(361)) - 81358f04-b55e-4661-8083-492e8c5539a7:group-C714A34C16BC set configuration 0: [81358f04-b55e-4661-8083-492e8c5539a7:192.168.5.135:46413], old=null at 0
2019-08-22 11:56:38,294 [c2ff41bc-5475-4ec0-aa3a-f40fe56d194e:group-B72D0A15121E:LeaderElection58] INFO  impl.LeaderElection (LeaderElection.java:logAndReturn(56)) - c2ff41bc-5475-4ec0-aa3a-f40fe56d194e:group-B72D0A15121E:LeaderElection58: Election REJECTED; received 2 response(s) [c2ff41bc-5475-4ec0-aa3a-f40fe56d194e<-81358f04-b55e-4661-8083-492e8c5539a7#0:FAIL-t1, c2ff41bc-5475-4ec0-aa3a-f40fe56d194e<-4a9862d5-694b-4c7d-b652-1fb8ddcfc588#0:FAIL-t1] and 0 exception(s); c2ff41bc-5475-4ec0-aa3a-f40fe56d194e:t1, leader=null, voted=c2ff41bc-5475-4ec0-aa3a-f40fe56d194e, raftlog=c2ff41bc-5475-4ec0-aa3a-f40fe56d194e-SegmentedRaftLog:OPENED:c-1,f-1,i0, conf=-1: [81358f04-b55e-4661-8083-492e8c5539a7:192.168.5.135:46413, 4a9862d5-694b-4c7d-b652-1fb8ddcfc588:192.168.5.135:42468, c2ff41bc-5475-4ec0-aa3a-f40fe56d194e:192.168.5.135:41764], old=null
2019-08-22 11:56:38,294 [8c07d121-2c0d-4967-83b1-bdc1bfd445f6:group-6ED392AAFDDC:LeaderElection50] INFO  impl.LeaderElection (LeaderElection.java:logAndReturn(56)) - 8c07d121-2c0d-4967-83b1-bdc1bfd445f6:group-6ED392AAFDDC:LeaderElection50: Election REJECTED; received 2 response(s) [8c07d121-2c0d-4967-83b1-bdc1bfd445f6<-8085255e-7a41-426f-b0e8-2d5555c5b7b9#0:FAIL-t1, 8c07d121-2c0d-4967-83b1-bdc1bfd445f6<-ac50c3b2-b81f-4c0a-b4fe-860d2c902727#0:FAIL-t1] and 0 exception(s); 8c07d121-2c0d-4967-83b1-bdc1bfd445f6:t1, leader=null, voted=8c07d121-2c0d-4967-83b1-bdc1bfd445f6, raftlog=8c07d121-2c0d-4967-83b1-bdc1bfd445f6-SegmentedRaftLog:OPENED:c-1,f-1,i0, conf=-1: [8c07d121-2c0d-4967-83b1-bdc1bfd445f6:192.168.5.135:40382, 8085255e-7a41-426f-b0e8-2d5555c5b7b9:192.168.5.135:44522, ac50c3b2-b81f-4c0a-b4fe-860d2c902727:192.168.5.135:40965], old=null
2019-08-22 11:56:38,295 [ac50c3b2-b81f-4c0a-b4fe-860d2c902727:group-6ED392AAFDDC:LeaderElection52] INFO  impl.LeaderElection (LeaderElection.java:logAndReturn(56)) - ac50c3b2-b81f-4c0a-b4fe-860d2c902727:group-6ED392AAFDDC:LeaderElection52: Election REJECTED; received 2 response(s) [ac50c3b2-b81f-4c0a-b4fe-860d2c902727<-8c07d121-2c0d-4967-83b1-bdc1bfd445f6#0:FAIL-t1, ac50c3b2-b81f-4c0a-b4fe-860d2c902727<-8085255e-7a41-426f-b0e8-2d5555c5b7b9#0:FAIL-t1] and 0 exception(s); ac50c3b2-b81f-4c0a-b4fe-860d2c902727:t1, leader=null, voted=ac50c3b2-b81f-4c0a-b4fe-860d2c902727, raftlog=ac50c3b2-b81f-4c0a-b4fe-860d2c902727-SegmentedRaftLog:OPENED:c-1,f-1,i0, conf=-1: [8c07d121-2c0d-4967-83b1-bdc1bfd445f6:192.168.5.135:40382, 8085255e-7a41-426f-b0e8-2d5555c5b7b9:192.168.5.135:44522, ac50c3b2-b81f-4c0a-b4fe-860d2c902727:192.168.5.135:40965], old=null
2019-08-22 11:56:38,295 [c2ff41bc-5475-4ec0-aa3a-f40fe56d194e:group-B72D0A15121E:LeaderElection58] INFO  impl.RaftServerImpl (RaftServerImpl.java:setRole(171)) - c2ff41bc-5475-4ec0-aa3a-f40fe56d194e:group-B72D0A15121E changes role from CANDIDATE to FOLLOWER at term 1 for DISCOVERED_A_NEW_TERM
2019-08-22 11:56:38,295 [8085255e-7a41-426f-b0e8-2d5555c5b7b9:group-6ED392AAFDDC:LeaderElection51] INFO  impl.LeaderElection (LeaderElection.java:logAndReturn(56)) - 8085255e-7a41-426f-b0e8-2d5555c5b7b9:group-6ED392AAFDDC:LeaderElection51: Election REJECTED; received 2 response(s) [8085255e-7a41-426f-b0e8-2d5555c5b7b9<-8c07d121-2c0d-4967-83b1-bdc1bfd445f6#0:FAIL-t1, 8085255e-7a41-426f-b0e8-2d5555c5b7b9<-ac50c3b2-b81f-4c0a-b4fe-860d2c902727#0:FAIL-t1] and 0 exception(s); 8085255e-7a41-426f-b0e8-2d5555c5b7b9:t1, leader=null, voted=8085255e-7a41-426f-b0e8-2d5555c5b7b9, raftlog=8085255e-7a41-426f-b0e8-2d5555c5b7b9-SegmentedRaftLog:OPENED:c-1,f-1,i0, conf=-1: [8c07d121-2c0d-4967-83b1-bdc1bfd445f6:192.168.5.135:40382, 8085255e-7a41-426f-b0e8-2d5555c5b7b9:192.168.5.135:44522, ac50c3b2-b81f-4c0a-b4fe-860d2c902727:192.168.5.135:40965], old=null
2019-08-22 11:56:38,295 [ac50c3b2-b81f-4c0a-b4fe-860d2c902727:group-6ED392AAFDDC:LeaderElection52] INFO  impl.RaftServerImpl (RaftServerImpl.java:setRole(171)) - ac50c3b2-b81f-4c0a-b4fe-860d2c902727:group-6ED392AAFDDC changes role from CANDIDATE to FOLLOWER at term 1 for DISCOVERED_A_NEW_TERM
2019-08-22 11:56:38,295 [8c07d121-2c0d-4967-83b1-bdc1bfd445f6:group-6ED392AAFDDC:LeaderElection50] INFO  impl.RaftServerImpl (RaftServerImpl.java:setRole(171)) - 8c07d121-2c0d-4967-83b1-bdc1bfd445f6:group-6ED392AAFDDC changes role from CANDIDATE to FOLLOWER at term 1 for DISCOVERED_A_NEW_TERM
2019-08-22 11:56:38,296 [8c07d121-2c0d-4967-83b1-bdc1bfd445f6:group-6ED392AAFDDC:LeaderElection50] INFO  impl.RoleInfo (RoleInfo.java:shutdownLeaderElection(134)) - 8c07d121-2c0d-4967-83b1-bdc1bfd445f6: shutdown LeaderElection
2019-08-22 11:56:38,296 [ac50c3b2-b81f-4c0a-b4fe-860d2c902727:group-6ED392AAFDDC:LeaderElection52] INFO  impl.RoleInfo (RoleInfo.java:shutdownLeaderElection(134)) - ac50c3b2-b81f-4c0a-b4fe-860d2c902727: shutdown LeaderElection
2019-08-22 11:56:38,296 [8085255e-7a41-426f-b0e8-2d5555c5b7b9:group-6ED392AAFDDC:LeaderElection51] INFO  impl.RaftServerImpl (RaftServerImpl.java:setRole(171)) - 8085255e-7a41-426f-b0e8-2d5555c5b7b9:group-6ED392AAFDDC changes role from CANDIDATE to FOLLOWER at term 1 for DISCOVERED_A_NEW_TERM
2019-08-22 11:56:38,297 [8085255e-7a41-426f-b0e8-2d5555c5b7b9:group-6ED392AAFDDC:LeaderElection51] INFO  impl.RoleInfo (RoleInfo.java:shutdownLeaderElection(134)) - 8085255e-7a41-426f-b0e8-2d5555c5b7b9: shutdown LeaderElection
2019-08-22 11:56:38,295 [c2ff41bc-5475-4ec0-aa3a-f40fe56d194e:group-B72D0A15121E:LeaderElection58] INFO  impl.RoleInfo (RoleInfo.java:shutdownLeaderElection(134)) - c2ff41bc-5475-4ec0-aa3a-f40fe56d194e: shutdown LeaderElection
2019-08-22 11:56:38,297 [8085255e-7a41-426f-b0e8-2d5555c5b7b9:group-6ED392AAFDDC:LeaderElection51] INFO  impl.RoleInfo (RoleInfo.java:updateAndGet(143)) - 8085255e-7a41-426f-b0e8-2d5555c5b7b9: start FollowerState
2019-08-22 11:56:38,297 [ac50c3b2-b81f-4c0a-b4fe-860d2c902727:group-6ED392AAFDDC:LeaderElection52] INFO  impl.RoleInfo (RoleInfo.java:updateAndGet(143)) - ac50c3b2-b81f-4c0a-b4fe-860d2c902727: start FollowerState
2019-08-22 11:56:38,296 [8c07d121-2c0d-4967-83b1-bdc1bfd445f6:group-6ED392AAFDDC:LeaderElection50] INFO  impl.RoleInfo (RoleInfo.java:updateAndGet(143)) - 8c07d121-2c0d-4967-83b1-bdc1bfd445f6: start FollowerState
2019-08-22 11:56:38,296 [4a9862d5-694b-4c7d-b652-1fb8ddcfc588:group-B72D0A15121E:LeaderElection56] INFO  impl.LeaderElection (LeaderElection.java:logAndReturn(56)) - 4a9862d5-694b-4c7d-b652-1fb8ddcfc588:group-B72D0A15121E:LeaderElection56: Election REJECTED; received 2 response(s) [4a9862d5-694b-4c7d-b652-1fb8ddcfc588<-81358f04-b55e-4661-8083-492e8c5539a7#0:FAIL-t1, 4a9862d5-694b-4c7d-b652-1fb8ddcfc588<-c2ff41bc-5475-4ec0-aa3a-f40fe56d194e#0:FAIL-t1] and 0 exception(s); 4a9862d5-694b-4c7d-b652-1fb8ddcfc588:t1, leader=null, voted=4a9862d5-694b-4c7d-b652-1fb8ddcfc588, raftlog=4a9862d5-694b-4c7d-b652-1fb8ddcfc588-SegmentedRaftLog:OPENED:c-1,f-1,i0, conf=-1: [81358f04-b55e-4661-8083-492e8c5539a7:192.168.5.135:46413, 4a9862d5-694b-4c7d-b652-1fb8ddcfc588:192.168.5.135:42468, c2ff41bc-5475-4ec0-aa3a-f40fe56d194e:192.168.5.135:41764], old=null
2019-08-22 11:56:38,297 [81358f04-b55e-4661-8083-492e8c5539a7:group-B72D0A15121E:LeaderElection57] INFO  impl.LeaderElection (LeaderElection.java:logAndReturn(56)) - 81358f04-b55e-4661-8083-492e8c5539a7:group-B72D0A15121E:LeaderElection57: Election REJECTED; received 2 response(s) [81358f04-b55e-4661-8083-492e8c5539a7<-4a9862d5-694b-4c7d-b652-1fb8ddcfc588#0:FAIL-t1, 81358f04-b55e-4661-8083-492e8c5539a7<-c2ff41bc-5475-4ec0-aa3a-f40fe56d194e#0:FAIL-t1] and 0 exception(s); 81358f04-b55e-4661-8083-492e8c5539a7:t1, leader=null, voted=81358f04-b55e-4661-8083-492e8c5539a7, raftlog=81358f04-b55e-4661-8083-492e8c5539a7-SegmentedRaftLog:OPENED:c-1,f-1,i0, conf=-1: [81358f04-b55e-4661-8083-492e8c5539a7:192.168.5.135:46413, 4a9862d5-694b-4c7d-b652-1fb8ddcfc588:192.168.5.135:42468, c2ff41bc-5475-4ec0-aa3a-f40fe56d194e:192.168.5.135:41764], old=null
2019-08-22 11:56:38,297 [c2ff41bc-5475-4ec0-aa3a-f40fe56d194e:group-B72D0A15121E:LeaderElection58] INFO  impl.RoleInfo (RoleInfo.java:updateAndGet(143)) - c2ff41bc-5475-4ec0-aa3a-f40fe56d194e: start FollowerState
2019-08-22 11:56:38,298 [81358f04-b55e-4661-8083-492e8c5539a7:group-B72D0A15121E:LeaderElection57] INFO  impl.RaftServerImpl (RaftServerImpl.java:setRole(171)) - 81358f04-b55e-4661-8083-492e8c5539a7:group-B72D0A15121E changes role from CANDIDATE to FOLLOWER at term 1 for DISCOVERED_A_NEW_TERM
2019-08-22 11:56:38,298 [4a9862d5-694b-4c7d-b652-1fb8ddcfc588:group-B72D0A15121E:LeaderElection56] INFO  impl.RaftServerImpl (RaftServerImpl.java:setRole(171)) - 4a9862d5-694b-4c7d-b652-1fb8ddcfc588:group-B72D0A15121E changes role from CANDIDATE to FOLLOWER at term 1 for DISCOVERED_A_NEW_TERM
2019-08-22 11:56:38,299 [81358f04-b55e-4661-8083-492e8c5539a7:group-B72D0A15121E:LeaderElection57] INFO  impl.RoleInfo (RoleInfo.java:shutdownLeaderElection(134)) - 81358f04-b55e-4661-8083-492e8c5539a7: shutdown LeaderElection
2019-08-22 11:56:38,299 [4a9862d5-694b-4c7d-b652-1fb8ddcfc588:group-B72D0A15121E:LeaderElection56] INFO  impl.RoleInfo (RoleInfo.java:shutdownLeaderElection(134)) - 4a9862d5-694b-4c7d-b652-1fb8ddcfc588: shutdown LeaderElection
2019-08-22 11:56:38,299 [81358f04-b55e-4661-8083-492e8c5539a7:group-B72D0A15121E:LeaderElection57] INFO  impl.RoleInfo (RoleInfo.java:updateAndGet(143)) - 81358f04-b55e-4661-8083-492e8c5539a7: start FollowerState
2019-08-22 11:56:38,299 [4a9862d5-694b-4c7d-b652-1fb8ddcfc588:group-B72D0A15121E:LeaderElection56] INFO  impl.RoleInfo (RoleInfo.java:updateAndGet(143)) - 4a9862d5-694b-4c7d-b652-1fb8ddcfc588: start FollowerState
2019-08-22 11:56:38,354 | INFO  | SCMAudit | user=jenkins1000 | ip=192.168.5.135 | op=SEND_HEARTBEAT {datanodeUUID=8085255e-7a41-426f-b0e8-2d5555c5b7b9, command=[]} | ret=SUCCESS |  
2019-08-22 11:56:38,358 [81358f04-b55e-4661-8083-492e8c5539a7-SegmentedRaftLogWorker:Storage Directory /workdir/hadoop-ozone/integration-test/target/test-dir/MiniOzoneClusterImpl-7b3b72d3-1b02-413e-a616-a170ee685c37/datanode-4/data/ratis/46d5a8c9-86f9-464d-9459-c714a34c16bc] INFO  segmented.SegmentedRaftLogWorker (SegmentedRaftLogWorker.java:execute(569)) - 81358f04-b55e-4661-8083-492e8c5539a7-SegmentedRaftLogWorker:Storage Directory /workdir/hadoop-ozone/integration-test/target/test-dir/MiniOzoneClusterImpl-7b3b72d3-1b02-413e-a616-a170ee685c37/datanode-4/data/ratis/46d5a8c9-86f9-464d-9459-c714a34c16bc: created new log segment /workdir/hadoop-ozone/integration-test/target/test-dir/MiniOzoneClusterImpl-7b3b72d3-1b02-413e-a616-a170ee685c37/datanode-4/data/ratis/46d5a8c9-86f9-464d-9459-c714a34c16bc/current/log_inprogress_0
2019-08-22 11:56:38,358 [c2ff41bc-5475-4ec0-aa3a-f40fe56d194e-SegmentedRaftLogWorker:Storage Directory /workdir/hadoop-ozone/integration-test/target/test-dir/MiniOzoneClusterImpl-7b3b72d3-1b02-413e-a616-a170ee685c37/datanode-5/data/ratis/b8c692c4-86fd-4b1f-8951-ca0f0c4d73a8] INFO  segmented.SegmentedRaftLogWorker (SegmentedRaftLogWorker.java:execute(569)) - c2ff41bc-5475-4ec0-aa3a-f40fe56d194e-SegmentedRaftLogWorker:Storage Directory /workdir/hadoop-ozone/integration-test/target/test-dir/MiniOzoneClusterImpl-7b3b72d3-1b02-413e-a616-a170ee685c37/datanode-5/data/ratis/b8c692c4-86fd-4b1f-8951-ca0f0c4d73a8: created new log segment /workdir/hadoop-ozone/integration-test/target/test-dir/MiniOzoneClusterImpl-7b3b72d3-1b02-413e-a616-a170ee685c37/datanode-5/data/ratis/b8c692c4-86fd-4b1f-8951-ca0f0c4d73a8/current/log_inprogress_0
2019-08-22 11:56:38,358 [4a9862d5-694b-4c7d-b652-1fb8ddcfc588-SegmentedRaftLogWorker:Storage Directory /workdir/hadoop-ozone/integration-test/target/test-dir/MiniOzoneClusterImpl-7b3b72d3-1b02-413e-a616-a170ee685c37/datanode-3/data/ratis/f1a9cda3-2186-48a6-a475-30f96156ec06] INFO  segmented.SegmentedRaftLogWorker (SegmentedRaftLogWorker.java:execute(569)) - 4a9862d5-694b-4c7d-b652-1fb8ddcfc588-SegmentedRaftLogWorker:Storage Directory /workdir/hadoop-ozone/integration-test/target/test-dir/MiniOzoneClusterImpl-7b3b72d3-1b02-413e-a616-a170ee685c37/datanode-3/data/ratis/f1a9cda3-2186-48a6-a475-30f96156ec06: created new log segment /workdir/hadoop-ozone/integration-test/target/test-dir/MiniOzoneClusterImpl-7b3b72d3-1b02-413e-a616-a170ee685c37/datanode-3/data/ratis/f1a9cda3-2186-48a6-a475-30f96156ec06/current/log_inprogress_0
2019-08-22 11:56:38,462 | INFO  | SCMAudit | user=jenkins1000 | ip=192.168.5.135 | op=SEND_HEARTBEAT {datanodeUUID=9b0e54da-58f3-4b2f-aec1-b0a4cb1efbe1, command=[]} | ret=SUCCESS |  
2019-08-22 11:56:38,567 | INFO  | SCMAudit | user=jenkins1000 | ip=192.168.5.135 | op=SEND_HEARTBEAT {datanodeUUID=8c07d121-2c0d-4967-83b1-bdc1bfd445f6, command=[]} | ret=SUCCESS |  
2019-08-22 11:56:38,733 | INFO  | SCMAudit | user=jenkins1000 | ip=192.168.5.135 | op=SEND_HEARTBEAT {datanodeUUID=4a9862d5-694b-4c7d-b652-1fb8ddcfc588, command=[]} | ret=SUCCESS |  
2019-08-22 11:56:38,733 [grpc-default-executor-1] INFO  client.GrpcClientProtocolClient (GrpcClientProtocolClient.java:onNext(255)) - client-7A715627349C->ac50c3b2-b81f-4c0a-b4fe-860d2c902727: receive RaftClientReply:client-7A715627349C->ac50c3b2-b81f-4c0a-b4fe-860d2c902727@group-6ED392AAFDDC, cid=65, FAILED org.apache.ratis.protocol.NotLeaderException: Server ac50c3b2-b81f-4c0a-b4fe-860d2c902727 is not the leader (null). Request must be sent to leader., logIndex=0, commits[ac50c3b2-b81f-4c0a-b4fe-860d2c902727:c-1]
2019-08-22 11:56:38,901 | INFO  | SCMAudit | user=jenkins1000 | ip=192.168.5.135 | op=SEND_HEARTBEAT {datanodeUUID=81358f04-b55e-4661-8083-492e8c5539a7, command=[]} | ret=SUCCESS |  
2019-08-22 11:56:39,113 | INFO  | SCMAudit | user=jenkins1000 | ip=192.168.5.135 | op=SEND_HEARTBEAT {datanodeUUID=ac50c3b2-b81f-4c0a-b4fe-860d2c902727, command=[]} | ret=SUCCESS |  
2019-08-22 11:56:39,263 | INFO  | SCMAudit | user=jenkins1000 | ip=192.168.5.135 | op=SEND_HEARTBEAT {datanodeUUID=c2ff41bc-5475-4ec0-aa3a-f40fe56d194e, command=[]} | ret=SUCCESS |  
2019-08-22 11:56:39,353 | INFO  | SCMAudit | user=jenkins1000 | ip=192.168.5.135 | op=SEND_HEARTBEAT {datanodeUUID=8085255e-7a41-426f-b0e8-2d5555c5b7b9, command=[]} | ret=SUCCESS |  
2019-08-22 11:56:39,462 | INFO  | SCMAudit | user=jenkins1000 | ip=192.168.5.135 | op=SEND_HEARTBEAT {datanodeUUID=9b0e54da-58f3-4b2f-aec1-b0a4cb1efbe1, command=[]} | ret=SUCCESS |  
2019-08-22 11:56:39,566 | INFO  | SCMAudit | user=jenkins1000 | ip=192.168.5.135 | op=SEND_HEARTBEAT {datanodeUUID=8c07d121-2c0d-4967-83b1-bdc1bfd445f6, command=[]} | ret=SUCCESS |  
2019-08-22 11:56:39,733 | INFO  | SCMAudit | user=jenkins1000 | ip=192.168.5.135 | op=SEND_HEARTBEAT {datanodeUUID=4a9862d5-694b-4c7d-b652-1fb8ddcfc588, command=[]} | ret=SUCCESS |  
2019-08-22 11:56:39,748 [grpc-default-executor-1] INFO  client.GrpcClientProtocolClient (GrpcClientProtocolClient.java:onNext(255)) - client-7A715627349C->8085255e-7a41-426f-b0e8-2d5555c5b7b9: receive RaftClientReply:client-7A715627349C->8085255e-7a41-426f-b0e8-2d5555c5b7b9@group-6ED392AAFDDC, cid=65, FAILED org.apache.ratis.protocol.NotLeaderException: Server 8085255e-7a41-426f-b0e8-2d5555c5b7b9 is not the leader (null). Request must be sent to leader., logIndex=0, commits[8085255e-7a41-426f-b0e8-2d5555c5b7b9:c-1]
2019-08-22 11:56:39,901 | INFO  | SCMAudit | user=jenkins1000 | ip=192.168.5.135 | op=SEND_HEARTBEAT {datanodeUUID=81358f04-b55e-4661-8083-492e8c5539a7, command=[]} | ret=SUCCESS |  
2019-08-22 11:56:40,113 | INFO  | SCMAudit | user=jenkins1000 | ip=192.168.5.135 | op=SEND_HEARTBEAT {datanodeUUID=ac50c3b2-b81f-4c0a-b4fe-860d2c902727, command=[]} | ret=SUCCESS |  
2019-08-22 11:56:40,263 | INFO  | SCMAudit | user=jenkins1000 | ip=192.168.5.135 | op=SEND_HEARTBEAT {datanodeUUID=c2ff41bc-5475-4ec0-aa3a-f40fe56d194e, command=[]} | ret=SUCCESS |  
2019-08-22 11:56:40,353 | INFO  | SCMAudit | user=jenkins1000 | ip=192.168.5.135 | op=SEND_HEARTBEAT {datanodeUUID=8085255e-7a41-426f-b0e8-2d5555c5b7b9, command=[]} | ret=SUCCESS |  
2019-08-22 11:56:40,462 | INFO  | SCMAudit | user=jenkins1000 | ip=192.168.5.135 | op=SEND_HEARTBEAT {datanodeUUID=9b0e54da-58f3-4b2f-aec1-b0a4cb1efbe1, command=[]} | ret=SUCCESS |  
2019-08-22 11:56:40,566 | INFO  | SCMAudit | user=jenkins1000 | ip=192.168.5.135 | op=SEND_HEARTBEAT {datanodeUUID=8c07d121-2c0d-4967-83b1-bdc1bfd445f6, command=[]} | ret=SUCCESS |  
2019-08-22 11:56:40,733 | INFO  | SCMAudit | user=jenkins1000 | ip=192.168.5.135 | op=SEND_HEARTBEAT {datanodeUUID=4a9862d5-694b-4c7d-b652-1fb8ddcfc588, command=[]} | ret=SUCCESS |  
2019-08-22 11:56:40,759 [grpc-default-executor-1] INFO  client.GrpcClientProtocolClient (GrpcClientProtocolClient.java:onNext(255)) - client-7A715627349C->8c07d121-2c0d-4967-83b1-bdc1bfd445f6: receive RaftClientReply:client-7A715627349C->8c07d121-2c0d-4967-83b1-bdc1bfd445f6@group-6ED392AAFDDC, cid=65, FAILED org.apache.ratis.protocol.NotLeaderException: Server 8c07d121-2c0d-4967-83b1-bdc1bfd445f6 is not the leader (null). Request must be sent to leader., logIndex=0, commits[8c07d121-2c0d-4967-83b1-bdc1bfd445f6:c-1]
2019-08-22 11:56:40,902 | INFO  | SCMAudit | user=jenkins1000 | ip=192.168.5.135 | op=SEND_HEARTBEAT {datanodeUUID=81358f04-b55e-4661-8083-492e8c5539a7, command=[]} | ret=SUCCESS |  
2019-08-22 11:56:41,113 | INFO  | SCMAudit | user=jenkins1000 | ip=192.168.5.135 | op=SEND_HEARTBEAT {datanodeUUID=ac50c3b2-b81f-4c0a-b4fe-860d2c902727, command=[]} | ret=SUCCESS |  
2019-08-22 11:56:41,263 | INFO  | SCMAudit | user=jenkins1000 | ip=192.168.5.135 | op=SEND_HEARTBEAT {datanodeUUID=c2ff41bc-5475-4ec0-aa3a-f40fe56d194e, command=[]} | ret=SUCCESS |  
2019-08-22 11:56:41,353 | INFO  | SCMAudit | user=jenkins1000 | ip=192.168.5.135 | op=SEND_HEARTBEAT {datanodeUUID=8085255e-7a41-426f-b0e8-2d5555c5b7b9, command=[]} | ret=SUCCESS |  
2019-08-22 11:56:41,463 | INFO  | SCMAudit | user=jenkins1000 | ip=192.168.5.135 | op=SEND_HEARTBEAT {datanodeUUID=9b0e54da-58f3-4b2f-aec1-b0a4cb1efbe1, command=[]} | ret=SUCCESS |  
2019-08-22 11:56:41,567 | INFO  | SCMAudit | user=jenkins1000 | ip=192.168.5.135 | op=SEND_HEARTBEAT {datanodeUUID=8c07d121-2c0d-4967-83b1-bdc1bfd445f6, command=[]} | ret=SUCCESS |  
2019-08-22 11:56:41,734 | INFO  | SCMAudit | user=jenkins1000 | ip=192.168.5.135 | op=SEND_HEARTBEAT {datanodeUUID=4a9862d5-694b-4c7d-b652-1fb8ddcfc588, command=[]} | ret=SUCCESS |  
2019-08-22 11:56:41,771 [grpc-default-executor-1] INFO  client.GrpcClientProtocolClient (GrpcClientProtocolClient.java:onNext(255)) - client-7A715627349C->ac50c3b2-b81f-4c0a-b4fe-860d2c902727: receive RaftClientReply:client-7A715627349C->ac50c3b2-b81f-4c0a-b4fe-860d2c902727@group-6ED392AAFDDC, cid=65, FAILED org.apache.ratis.protocol.NotLeaderException: Server ac50c3b2-b81f-4c0a-b4fe-860d2c902727 is not the leader (null). Request must be sent to leader., logIndex=0, commits[ac50c3b2-b81f-4c0a-b4fe-860d2c902727:c-1]
2019-08-22 11:56:41,902 | INFO  | SCMAudit | user=jenkins1000 | ip=192.168.5.135 | op=SEND_HEARTBEAT {datanodeUUID=81358f04-b55e-4661-8083-492e8c5539a7, command=[]} | ret=SUCCESS |  
2019-08-22 11:56:42,113 | INFO  | SCMAudit | user=jenkins1000 | ip=192.168.5.135 | op=SEND_HEARTBEAT {datanodeUUID=ac50c3b2-b81f-4c0a-b4fe-860d2c902727, command=[]} | ret=SUCCESS |  
2019-08-22 11:56:42,263 | INFO  | SCMAudit | user=jenkins1000 | ip=192.168.5.135 | op=SEND_HEARTBEAT {datanodeUUID=c2ff41bc-5475-4ec0-aa3a-f40fe56d194e, command=[]} | ret=SUCCESS |  
2019-08-22 11:56:42,353 | INFO  | SCMAudit | user=jenkins1000 | ip=192.168.5.135 | op=SEND_HEARTBEAT {datanodeUUID=8085255e-7a41-426f-b0e8-2d5555c5b7b9, command=[]} | ret=SUCCESS |  
2019-08-22 11:56:42,462 | INFO  | SCMAudit | user=jenkins1000 | ip=192.168.5.135 | op=SEND_HEARTBEAT {datanodeUUID=9b0e54da-58f3-4b2f-aec1-b0a4cb1efbe1, command=[]} | ret=SUCCESS |  
2019-08-22 11:56:42,568 | INFO  | SCMAudit | user=jenkins1000 | ip=192.168.5.135 | op=SEND_HEARTBEAT {datanodeUUID=8c07d121-2c0d-4967-83b1-bdc1bfd445f6, command=[]} | ret=SUCCESS |  
2019-08-22 11:56:42,733 | INFO  | SCMAudit | user=jenkins1000 | ip=192.168.5.135 | op=SEND_HEARTBEAT {datanodeUUID=4a9862d5-694b-4c7d-b652-1fb8ddcfc588, command=[]} | ret=SUCCESS |  
2019-08-22 11:56:42,787 [grpc-default-executor-7] INFO  client.GrpcClientProtocolClient (GrpcClientProtocolClient.java:onNext(255)) - client-7A715627349C->8085255e-7a41-426f-b0e8-2d5555c5b7b9: receive RaftClientReply:client-7A715627349C->8085255e-7a41-426f-b0e8-2d5555c5b7b9@group-6ED392AAFDDC, cid=65, FAILED org.apache.ratis.protocol.NotLeaderException: Server 8085255e-7a41-426f-b0e8-2d5555c5b7b9 is not the leader (null). Request must be sent to leader., logIndex=0, commits[8085255e-7a41-426f-b0e8-2d5555c5b7b9:c-1]
2019-08-22 11:56:42,902 | INFO  | SCMAudit | user=jenkins1000 | ip=192.168.5.135 | op=SEND_HEARTBEAT {datanodeUUID=81358f04-b55e-4661-8083-492e8c5539a7, command=[]} | ret=SUCCESS |  
2019-08-22 11:56:43,114 | INFO  | SCMAudit | user=jenkins1000 | ip=192.168.5.135 | op=SEND_HEARTBEAT {datanodeUUID=ac50c3b2-b81f-4c0a-b4fe-860d2c902727, command=[]} | ret=SUCCESS |  
2019-08-22 11:56:43,264 | INFO  | SCMAudit | user=jenkins1000 | ip=192.168.5.135 | op=SEND_HEARTBEAT {datanodeUUID=c2ff41bc-5475-4ec0-aa3a-f40fe56d194e, command=[]} | ret=SUCCESS |  
2019-08-22 11:56:43,301 [Thread-1631] INFO  impl.FollowerState (FollowerState.java:run(106)) - c2ff41bc-5475-4ec0-aa3a-f40fe56d194e:group-B72D0A15121E changes to CANDIDATE, lastRpcTime:5004, electionTimeout:5002ms
2019-08-22 11:56:43,301 [Thread-1631] INFO  impl.RoleInfo (RoleInfo.java:shutdownFollowerState(121)) - c2ff41bc-5475-4ec0-aa3a-f40fe56d194e: shutdown FollowerState
2019-08-22 11:56:43,302 [Thread-1631] INFO  impl.RaftServerImpl (RaftServerImpl.java:setRole(171)) - c2ff41bc-5475-4ec0-aa3a-f40fe56d194e:group-B72D0A15121E changes role from FOLLOWER to CANDIDATE at term 1 for changeToCandidate
2019-08-22 11:56:43,302 [Thread-1631] INFO  impl.RoleInfo (RoleInfo.java:updateAndGet(143)) - c2ff41bc-5475-4ec0-aa3a-f40fe56d194e: start LeaderElection
2019-08-22 11:56:43,306 [Thread-1629] INFO  impl.FollowerState (FollowerState.java:run(106)) - ac50c3b2-b81f-4c0a-b4fe-860d2c902727:group-6ED392AAFDDC changes to CANDIDATE, lastRpcTime:5009, electionTimeout:5008ms
2019-08-22 11:56:43,306 [Thread-1629] INFO  impl.RoleInfo (RoleInfo.java:shutdownFollowerState(121)) - ac50c3b2-b81f-4c0a-b4fe-860d2c902727: shutdown FollowerState
2019-08-22 11:56:43,307 [Thread-1629] INFO  impl.RaftServerImpl (RaftServerImpl.java:setRole(171)) - ac50c3b2-b81f-4c0a-b4fe-860d2c902727:group-6ED392AAFDDC changes role from FOLLOWER to CANDIDATE at term 1 for changeToCandidate
2019-08-22 11:56:43,307 [Thread-1629] INFO  impl.RoleInfo (RoleInfo.java:updateAndGet(143)) - ac50c3b2-b81f-4c0a-b4fe-860d2c902727: start LeaderElection
2019-08-22 11:56:43,353 | INFO  | SCMAudit | user=jenkins1000 | ip=192.168.5.135 | op=SEND_HEARTBEAT {datanodeUUID=8085255e-7a41-426f-b0e8-2d5555c5b7b9, command=[]} | ret=SUCCESS |  
2019-08-22 11:56:43,368 [Thread-1630] INFO  impl.FollowerState (FollowerState.java:run(106)) - 8085255e-7a41-426f-b0e8-2d5555c5b7b9:group-6ED392AAFDDC changes to CANDIDATE, lastRpcTime:5070, electionTimeout:5070ms
2019-08-22 11:56:43,368 [Thread-1630] INFO  impl.RoleInfo (RoleInfo.java:shutdownFollowerState(121)) - 8085255e-7a41-426f-b0e8-2d5555c5b7b9: shutdown FollowerState
2019-08-22 11:56:43,368 [Thread-1630] INFO  impl.RaftServerImpl (RaftServerImpl.java:setRole(171)) - 8085255e-7a41-426f-b0e8-2d5555c5b7b9:group-6ED392AAFDDC changes role from FOLLOWER to CANDIDATE at term 1 for changeToCandidate
2019-08-22 11:56:43,368 [Thread-1630] INFO  impl.RoleInfo (RoleInfo.java:updateAndGet(143)) - 8085255e-7a41-426f-b0e8-2d5555c5b7b9: start LeaderElection
2019-08-22 11:56:43,380 [Thread-1633] INFO  impl.FollowerState (FollowerState.java:run(106)) - 4a9862d5-694b-4c7d-b652-1fb8ddcfc588:group-B72D0A15121E changes to CANDIDATE, lastRpcTime:5080, electionTimeout:5080ms
2019-08-22 11:56:43,380 [Thread-1633] INFO  impl.RoleInfo (RoleInfo.java:shutdownFollowerState(121)) - 4a9862d5-694b-4c7d-b652-1fb8ddcfc588: shutdown FollowerState
2019-08-22 11:56:43,380 [Thread-1633] INFO  impl.RaftServerImpl (RaftServerImpl.java:setRole(171)) - 4a9862d5-694b-4c7d-b652-1fb8ddcfc588:group-B72D0A15121E changes role from FOLLOWER to CANDIDATE at term 1 for changeToCandidate
2019-08-22 11:56:43,380 [Thread-1633] INFO  impl.RoleInfo (RoleInfo.java:updateAndGet(143)) - 4a9862d5-694b-4c7d-b652-1fb8ddcfc588: start LeaderElection
2019-08-22 11:56:43,400 [Thread-1632] INFO  impl.FollowerState (FollowerState.java:run(106)) - 81358f04-b55e-4661-8083-492e8c5539a7:group-B72D0A15121E changes to CANDIDATE, lastRpcTime:5100, electionTimeout:5100ms
2019-08-22 11:56:43,400 [Thread-1632] INFO  impl.RoleInfo (RoleInfo.java:shutdownFollowerState(121)) - 81358f04-b55e-4661-8083-492e8c5539a7: shutdown FollowerState
2019-08-22 11:56:43,400 [Thread-1632] INFO  impl.RaftServerImpl (RaftServerImpl.java:setRole(171)) - 81358f04-b55e-4661-8083-492e8c5539a7:group-B72D0A15121E changes role from FOLLOWER to CANDIDATE at term 1 for changeToCandidate
2019-08-22 11:56:43,400 [Thread-1632] INFO  impl.RoleInfo (RoleInfo.java:updateAndGet(143)) - 81358f04-b55e-4661-8083-492e8c5539a7: start LeaderElection
2019-08-22 11:56:43,462 | INFO  | SCMAudit | user=jenkins1000 | ip=192.168.5.135 | op=SEND_HEARTBEAT {datanodeUUID=9b0e54da-58f3-4b2f-aec1-b0a4cb1efbe1, command=[]} | ret=SUCCESS |  
2019-08-22 11:56:43,490 [Thread-1628] INFO  impl.FollowerState (FollowerState.java:run(106)) - 8c07d121-2c0d-4967-83b1-bdc1bfd445f6:group-6ED392AAFDDC changes to CANDIDATE, lastRpcTime:5194, electionTimeout:5192ms
2019-08-22 11:56:43,491 [Thread-1628] INFO  impl.RoleInfo (RoleInfo.java:shutdownFollowerState(121)) - 8c07d121-2c0d-4967-83b1-bdc1bfd445f6: shutdown FollowerState
2019-08-22 11:56:43,491 [Thread-1628] INFO  impl.RaftServerImpl (RaftServerImpl.java:setRole(171)) - 8c07d121-2c0d-4967-83b1-bdc1bfd445f6:group-6ED392AAFDDC changes role from FOLLOWER to CANDIDATE at term 1 for changeToCandidate
2019-08-22 11:56:43,491 [Thread-1628] INFO  impl.RoleInfo (RoleInfo.java:updateAndGet(143)) - 8c07d121-2c0d-4967-83b1-bdc1bfd445f6: start LeaderElection
2019-08-22 11:56:43,568 | INFO  | SCMAudit | user=jenkins1000 | ip=192.168.5.135 | op=SEND_HEARTBEAT {datanodeUUID=8c07d121-2c0d-4967-83b1-bdc1bfd445f6, command=[]} | ret=SUCCESS |  
2019-08-22 11:56:43,733 | INFO  | SCMAudit | user=jenkins1000 | ip=192.168.5.135 | op=SEND_HEARTBEAT {datanodeUUID=4a9862d5-694b-4c7d-b652-1fb8ddcfc588, command=[]} | ret=SUCCESS |  
2019-08-22 11:56:43,806 [grpc-default-executor-1] INFO  client.GrpcClientProtocolClient (GrpcClientProtocolClient.java:onNext(255)) - client-7A715627349C->ac50c3b2-b81f-4c0a-b4fe-860d2c902727: receive RaftClientReply:client-7A715627349C->ac50c3b2-b81f-4c0a-b4fe-860d2c902727@group-6ED392AAFDDC, cid=65, FAILED org.apache.ratis.protocol.NotLeaderException: Server ac50c3b2-b81f-4c0a-b4fe-860d2c902727 is not the leader (null). Request must be sent to leader., logIndex=0, commits[ac50c3b2-b81f-4c0a-b4fe-860d2c902727:c-1]
2019-08-22 11:56:43,903 | INFO  | SCMAudit | user=jenkins1000 | ip=192.168.5.135 | op=SEND_HEARTBEAT {datanodeUUID=81358f04-b55e-4661-8083-492e8c5539a7, command=[]} | ret=SUCCESS |  
2019-08-22 11:56:44,114 | INFO  | SCMAudit | user=jenkins1000 | ip=192.168.5.135 | op=SEND_HEARTBEAT {datanodeUUID=ac50c3b2-b81f-4c0a-b4fe-860d2c902727, command=[]} | ret=SUCCESS |  
2019-08-22 11:56:44,186 [81358f04-b55e-4661-8083-492e8c5539a7:group-B72D0A15121E:LeaderElection63] INFO  impl.LeaderElection (LeaderElection.java:askForVotes(181)) - 81358f04-b55e-4661-8083-492e8c5539a7:group-B72D0A15121E:LeaderElection63: begin an election at term 2 for -1: [81358f04-b55e-4661-8083-492e8c5539a7:192.168.5.135:46413, 4a9862d5-694b-4c7d-b652-1fb8ddcfc588:192.168.5.135:42468, c2ff41bc-5475-4ec0-aa3a-f40fe56d194e:192.168.5.135:41764], old=null
2019-08-22 11:56:44,186 [c2ff41bc-5475-4ec0-aa3a-f40fe56d194e:group-B72D0A15121E:LeaderElection59] INFO  impl.LeaderElection (LeaderElection.java:askForVotes(181)) - c2ff41bc-5475-4ec0-aa3a-f40fe56d194e:group-B72D0A15121E:LeaderElection59: begin an election at term 2 for -1: [81358f04-b55e-4661-8083-492e8c5539a7:192.168.5.135:46413, 4a9862d5-694b-4c7d-b652-1fb8ddcfc588:192.168.5.135:42468, c2ff41bc-5475-4ec0-aa3a-f40fe56d194e:192.168.5.135:41764], old=null
2019-08-22 11:56:44,186 [8085255e-7a41-426f-b0e8-2d5555c5b7b9:group-6ED392AAFDDC:LeaderElection61] INFO  impl.LeaderElection (LeaderElection.java:askForVotes(181)) - 8085255e-7a41-426f-b0e8-2d5555c5b7b9:group-6ED392AAFDDC:LeaderElection61: begin an election at term 2 for -1: [8c07d121-2c0d-4967-83b1-bdc1bfd445f6:192.168.5.135:40382, 8085255e-7a41-426f-b0e8-2d5555c5b7b9:192.168.5.135:44522, ac50c3b2-b81f-4c0a-b4fe-860d2c902727:192.168.5.135:40965], old=null
2019-08-22 11:56:44,186 [8c07d121-2c0d-4967-83b1-bdc1bfd445f6:group-6ED392AAFDDC:LeaderElection64] INFO  impl.LeaderElection (LeaderElection.java:askForVotes(181)) - 8c07d121-2c0d-4967-83b1-bdc1bfd445f6:group-6ED392AAFDDC:LeaderElection64: begin an election at term 2 for -1: [8c07d121-2c0d-4967-83b1-bdc1bfd445f6:192.168.5.135:40382, 8085255e-7a41-426f-b0e8-2d5555c5b7b9:192.168.5.135:44522, ac50c3b2-b81f-4c0a-b4fe-860d2c902727:192.168.5.135:40965], old=null
2019-08-22 11:56:44,186 [4a9862d5-694b-4c7d-b652-1fb8ddcfc588:group-B72D0A15121E:LeaderElection62] INFO  impl.LeaderElection (LeaderElection.java:askForVotes(181)) - 4a9862d5-694b-4c7d-b652-1fb8ddcfc588:group-B72D0A15121E:LeaderElection62: begin an election at term 2 for -1: [81358f04-b55e-4661-8083-492e8c5539a7:192.168.5.135:46413, 4a9862d5-694b-4c7d-b652-1fb8ddcfc588:192.168.5.135:42468, c2ff41bc-5475-4ec0-aa3a-f40fe56d194e:192.168.5.135:41764], old=null
2019-08-22 11:56:44,193 [ac50c3b2-b81f-4c0a-b4fe-860d2c902727:group-6ED392AAFDDC:LeaderElection60] INFO  impl.LeaderElection (LeaderElection.java:askForVotes(181)) - ac50c3b2-b81f-4c0a-b4fe-860d2c902727:group-6ED392AAFDDC:LeaderElection60: begin an election at term 2 for -1: [8c07d121-2c0d-4967-83b1-bdc1bfd445f6:192.168.5.135:40382, 8085255e-7a41-426f-b0e8-2d5555c5b7b9:192.168.5.135:44522, ac50c3b2-b81f-4c0a-b4fe-860d2c902727:192.168.5.135:40965], old=null
2019-08-22 11:56:44,199 [81358f04-b55e-4661-8083-492e8c5539a7:group-B72D0A15121E:LeaderElection63] INFO  impl.LeaderElection (LeaderElection.java:logAndReturn(56)) - 81358f04-b55e-4661-8083-492e8c5539a7:group-B72D0A15121E:LeaderElection63: Election REJECTED; received 2 response(s) [81358f04-b55e-4661-8083-492e8c5539a7<-4a9862d5-694b-4c7d-b652-1fb8ddcfc588#0:FAIL-t2, 81358f04-b55e-4661-8083-492e8c5539a7<-c2ff41bc-5475-4ec0-aa3a-f40fe56d194e#0:FAIL-t2] and 0 exception(s); 81358f04-b55e-4661-8083-492e8c5539a7:t2, leader=null, voted=81358f04-b55e-4661-8083-492e8c5539a7, raftlog=81358f04-b55e-4661-8083-492e8c5539a7-SegmentedRaftLog:OPENED:c-1,f-1,i0, conf=-1: [81358f04-b55e-4661-8083-492e8c5539a7:192.168.5.135:46413, 4a9862d5-694b-4c7d-b652-1fb8ddcfc588:192.168.5.135:42468, c2ff41bc-5475-4ec0-aa3a-f40fe56d194e:192.168.5.135:41764], old=null
2019-08-22 11:56:44,199 [81358f04-b55e-4661-8083-492e8c5539a7:group-B72D0A15121E:LeaderElection63] INFO  impl.RaftServerImpl (RaftServerImpl.java:setRole(171)) - 81358f04-b55e-4661-8083-492e8c5539a7:group-B72D0A15121E changes role from CANDIDATE to FOLLOWER at term 2 for DISCOVERED_A_NEW_TERM
2019-08-22 11:56:44,200 [81358f04-b55e-4661-8083-492e8c5539a7:group-B72D0A15121E:LeaderElection63] INFO  impl.RoleInfo (RoleInfo.java:shutdownLeaderElection(134)) - 81358f04-b55e-4661-8083-492e8c5539a7: shutdown LeaderElection
2019-08-22 11:56:44,200 [81358f04-b55e-4661-8083-492e8c5539a7:group-B72D0A15121E:LeaderElection63] INFO  impl.RoleInfo (RoleInfo.java:updateAndGet(143)) - 81358f04-b55e-4661-8083-492e8c5539a7: start FollowerState
2019-08-22 11:56:44,201 [8085255e-7a41-426f-b0e8-2d5555c5b7b9:group-6ED392AAFDDC:LeaderElection61] INFO  impl.LeaderElection (LeaderElection.java:logAndReturn(56)) - 8085255e-7a41-426f-b0e8-2d5555c5b7b9:group-6ED392AAFDDC:LeaderElection61: Election REJECTED; received 2 response(s) [8085255e-7a41-426f-b0e8-2d5555c5b7b9<-8c07d121-2c0d-4967-83b1-bdc1bfd445f6#0:FAIL-t2, 8085255e-7a41-426f-b0e8-2d5555c5b7b9<-ac50c3b2-b81f-4c0a-b4fe-860d2c902727#0:FAIL-t2] and 0 exception(s); 8085255e-7a41-426f-b0e8-2d5555c5b7b9:t2, leader=null, voted=8085255e-7a41-426f-b0e8-2d5555c5b7b9, raftlog=8085255e-7a41-426f-b0e8-2d5555c5b7b9-SegmentedRaftLog:OPENED:c-1,f-1,i0, conf=-1: [8c07d121-2c0d-4967-83b1-bdc1bfd445f6:192.168.5.135:40382, 8085255e-7a41-426f-b0e8-2d5555c5b7b9:192.168.5.135:44522, ac50c3b2-b81f-4c0a-b4fe-860d2c902727:192.168.5.135:40965], old=null
2019-08-22 11:56:44,201 [8085255e-7a41-426f-b0e8-2d5555c5b7b9:group-6ED392AAFDDC:LeaderElection61] INFO  impl.RaftServerImpl (RaftServerImpl.java:setRole(171)) - 8085255e-7a41-426f-b0e8-2d5555c5b7b9:group-6ED392AAFDDC changes role from CANDIDATE to FOLLOWER at term 2 for DISCOVERED_A_NEW_TERM
2019-08-22 11:56:44,201 [8085255e-7a41-426f-b0e8-2d5555c5b7b9:group-6ED392AAFDDC:LeaderElection61] INFO  impl.RoleInfo (RoleInfo.java:shutdownLeaderElection(134)) - 8085255e-7a41-426f-b0e8-2d5555c5b7b9: shutdown LeaderElection
2019-08-22 11:56:44,202 [8085255e-7a41-426f-b0e8-2d5555c5b7b9:group-6ED392AAFDDC:LeaderElection61] INFO  impl.RoleInfo (RoleInfo.java:updateAndGet(143)) - 8085255e-7a41-426f-b0e8-2d5555c5b7b9: start FollowerState
2019-08-22 11:56:44,202 [4a9862d5-694b-4c7d-b652-1fb8ddcfc588:group-B72D0A15121E:LeaderElection62] INFO  impl.LeaderElection (LeaderElection.java:logAndReturn(56)) - 4a9862d5-694b-4c7d-b652-1fb8ddcfc588:group-B72D0A15121E:LeaderElection62: Election REJECTED; received 2 response(s) [4a9862d5-694b-4c7d-b652-1fb8ddcfc588<-81358f04-b55e-4661-8083-492e8c5539a7#0:FAIL-t2, 4a9862d5-694b-4c7d-b652-1fb8ddcfc588<-c2ff41bc-5475-4ec0-aa3a-f40fe56d194e#0:FAIL-t2] and 0 exception(s); 4a9862d5-694b-4c7d-b652-1fb8ddcfc588:t2, leader=null, voted=4a9862d5-694b-4c7d-b652-1fb8ddcfc588, raftlog=4a9862d5-694b-4c7d-b652-1fb8ddcfc588-SegmentedRaftLog:OPENED:c-1,f-1,i0, conf=-1: [81358f04-b55e-4661-8083-492e8c5539a7:192.168.5.135:46413, 4a9862d5-694b-4c7d-b652-1fb8ddcfc588:192.168.5.135:42468, c2ff41bc-5475-4ec0-aa3a-f40fe56d194e:192.168.5.135:41764], old=null
2019-08-22 11:56:44,202 [ac50c3b2-b81f-4c0a-b4fe-860d2c902727:group-6ED392AAFDDC:LeaderElection60] INFO  impl.LeaderElection (LeaderElection.java:logAndReturn(56)) - ac50c3b2-b81f-4c0a-b4fe-860d2c902727:group-6ED392AAFDDC:LeaderElection60: Election REJECTED; received 2 response(s) [ac50c3b2-b81f-4c0a-b4fe-860d2c902727<-8c07d121-2c0d-4967-83b1-bdc1bfd445f6#0:FAIL-t2, ac50c3b2-b81f-4c0a-b4fe-860d2c902727<-8085255e-7a41-426f-b0e8-2d5555c5b7b9#0:FAIL-t2] and 0 exception(s); ac50c3b2-b81f-4c0a-b4fe-860d2c902727:t2, leader=null, voted=ac50c3b2-b81f-4c0a-b4fe-860d2c902727, raftlog=ac50c3b2-b81f-4c0a-b4fe-860d2c902727-SegmentedRaftLog:OPENED:c-1,f-1,i0, conf=-1: [8c07d121-2c0d-4967-83b1-bdc1bfd445f6:192.168.5.135:40382, 8085255e-7a41-426f-b0e8-2d5555c5b7b9:192.168.5.135:44522, ac50c3b2-b81f-4c0a-b4fe-860d2c902727:192.168.5.135:40965], old=null
2019-08-22 11:56:44,202 [8c07d121-2c0d-4967-83b1-bdc1bfd445f6:group-6ED392AAFDDC:LeaderElection64] INFO  impl.LeaderElection (LeaderElection.java:logAndReturn(56)) - 8c07d121-2c0d-4967-83b1-bdc1bfd445f6:group-6ED392AAFDDC:LeaderElection64: Election REJECTED; received 2 response(s) [8c07d121-2c0d-4967-83b1-bdc1bfd445f6<-8085255e-7a41-426f-b0e8-2d5555c5b7b9#0:FAIL-t2, 8c07d121-2c0d-4967-83b1-bdc1bfd445f6<-ac50c3b2-b81f-4c0a-b4fe-860d2c902727#0:FAIL-t2] and 0 exception(s); 8c07d121-2c0d-4967-83b1-bdc1bfd445f6:t2, leader=null, voted=8c07d121-2c0d-4967-83b1-bdc1bfd445f6, raftlog=8c07d121-2c0d-4967-83b1-bdc1bfd445f6-SegmentedRaftLog:OPENED:c-1,f-1,i0, conf=-1: [8c07d121-2c0d-4967-83b1-bdc1bfd445f6:192.168.5.135:40382, 8085255e-7a41-426f-b0e8-2d5555c5b7b9:192.168.5.135:44522, ac50c3b2-b81f-4c0a-b4fe-860d2c902727:192.168.5.135:40965], old=null
2019-08-22 11:56:44,202 [4a9862d5-694b-4c7d-b652-1fb8ddcfc588:group-B72D0A15121E:LeaderElection62] INFO  impl.RaftServerImpl (RaftServerImpl.java:setRole(171)) - 4a9862d5-694b-4c7d-b652-1fb8ddcfc588:group-B72D0A15121E changes role from CANDIDATE to FOLLOWER at term 2 for DISCOVERED_A_NEW_TERM
2019-08-22 11:56:44,203 [8c07d121-2c0d-4967-83b1-bdc1bfd445f6:group-6ED392AAFDDC:LeaderElection64] INFO  impl.RaftServerImpl (RaftServerImpl.java:setRole(171)) - 8c07d121-2c0d-4967-83b1-bdc1bfd445f6:group-6ED392AAFDDC changes role from CANDIDATE to FOLLOWER at term 2 for DISCOVERED_A_NEW_TERM
2019-08-22 11:56:44,203 [8c07d121-2c0d-4967-83b1-bdc1bfd445f6:group-6ED392AAFDDC:LeaderElection64] INFO  impl.RoleInfo (RoleInfo.java:shutdownLeaderElection(134)) - 8c07d121-2c0d-4967-83b1-bdc1bfd445f6: shutdown LeaderElection
2019-08-22 11:56:44,203 [ac50c3b2-b81f-4c0a-b4fe-860d2c902727:group-6ED392AAFDDC:LeaderElection60] INFO  impl.RaftServerImpl (RaftServerImpl.java:setRole(171)) - ac50c3b2-b81f-4c0a-b4fe-860d2c902727:group-6ED392AAFDDC changes role from CANDIDATE to FOLLOWER at term 2 for DISCOVERED_A_NEW_TERM
2019-08-22 11:56:44,203 [c2ff41bc-5475-4ec0-aa3a-f40fe56d194e:group-B72D0A15121E:LeaderElection59] INFO  impl.LeaderElection (LeaderElection.java:logAndReturn(56)) - c2ff41bc-5475-4ec0-aa3a-f40fe56d194e:group-B72D0A15121E:LeaderElection59: Election REJECTED; received 2 response(s) [c2ff41bc-5475-4ec0-aa3a-f40fe56d194e<-81358f04-b55e-4661-8083-492e8c5539a7#0:FAIL-t2, c2ff41bc-5475-4ec0-aa3a-f40fe56d194e<-4a9862d5-694b-4c7d-b652-1fb8ddcfc588#0:FAIL-t2] and 0 exception(s); c2ff41bc-5475-4ec0-aa3a-f40fe56d194e:t2, leader=null, voted=c2ff41bc-5475-4ec0-aa3a-f40fe56d194e, raftlog=c2ff41bc-5475-4ec0-aa3a-f40fe56d194e-SegmentedRaftLog:OPENED:c-1,f-1,i0, conf=-1: [81358f04-b55e-4661-8083-492e8c5539a7:192.168.5.135:46413, 4a9862d5-694b-4c7d-b652-1fb8ddcfc588:192.168.5.135:42468, c2ff41bc-5475-4ec0-aa3a-f40fe56d194e:192.168.5.135:41764], old=null
2019-08-22 11:56:44,203 [ac50c3b2-b81f-4c0a-b4fe-860d2c902727:group-6ED392AAFDDC:LeaderElection60] INFO  impl.RoleInfo (RoleInfo.java:shutdownLeaderElection(134)) - ac50c3b2-b81f-4c0a-b4fe-860d2c902727: shutdown LeaderElection
2019-08-22 11:56:44,203 [8c07d121-2c0d-4967-83b1-bdc1bfd445f6:group-6ED392AAFDDC:LeaderElection64] INFO  impl.RoleInfo (RoleInfo.java:updateAndGet(143)) - 8c07d121-2c0d-4967-83b1-bdc1bfd445f6: start FollowerState
2019-08-22 11:56:44,203 [4a9862d5-694b-4c7d-b652-1fb8ddcfc588:group-B72D0A15121E:LeaderElection62] INFO  impl.RoleInfo (RoleInfo.java:shutdownLeaderElection(134)) - 4a9862d5-694b-4c7d-b652-1fb8ddcfc588: shutdown LeaderElection
2019-08-22 11:56:44,204 [ac50c3b2-b81f-4c0a-b4fe-860d2c902727:group-6ED392AAFDDC:LeaderElection60] INFO  impl.RoleInfo (RoleInfo.java:updateAndGet(143)) - ac50c3b2-b81f-4c0a-b4fe-860d2c902727: start FollowerState
2019-08-22 11:56:44,204 [c2ff41bc-5475-4ec0-aa3a-f40fe56d194e:group-B72D0A15121E:LeaderElection59] INFO  impl.RaftServerImpl (RaftServerImpl.java:setRole(171)) - c2ff41bc-5475-4ec0-aa3a-f40fe56d194e:group-B72D0A15121E changes role from CANDIDATE to FOLLOWER at term 2 for DISCOVERED_A_NEW_TERM
2019-08-22 11:56:44,204 [c2ff41bc-5475-4ec0-aa3a-f40fe56d194e:group-B72D0A15121E:LeaderElection59] INFO  impl.RoleInfo (RoleInfo.java:shutdownLeaderElection(134)) - c2ff41bc-5475-4ec0-aa3a-f40fe56d194e: shutdown LeaderElection
2019-08-22 11:56:44,204 [4a9862d5-694b-4c7d-b652-1fb8ddcfc588:group-B72D0A15121E:LeaderElection62] INFO  impl.RoleInfo (RoleInfo.java:updateAndGet(143)) - 4a9862d5-694b-4c7d-b652-1fb8ddcfc588: start FollowerState
2019-08-22 11:56:44,205 [c2ff41bc-5475-4ec0-aa3a-f40fe56d194e:group-B72D0A15121E:LeaderElection59] INFO  impl.RoleInfo (RoleInfo.java:updateAndGet(143)) - c2ff41bc-5475-4ec0-aa3a-f40fe56d194e: start FollowerState
2019-08-22 11:56:44,265 | INFO  | SCMAudit | user=jenkins1000 | ip=192.168.5.135 | op=SEND_HEARTBEAT {datanodeUUID=c2ff41bc-5475-4ec0-aa3a-f40fe56d194e, command=[]} | ret=SUCCESS |  
2019-08-22 11:56:44,353 | INFO  | SCMAudit | user=jenkins1000 | ip=192.168.5.135 | op=SEND_HEARTBEAT {datanodeUUID=8085255e-7a41-426f-b0e8-2d5555c5b7b9, command=[]} | ret=SUCCESS |  
2019-08-22 11:56:44,463 | INFO  | SCMAudit | user=jenkins1000 | ip=192.168.5.135 | op=SEND_HEARTBEAT {datanodeUUID=9b0e54da-58f3-4b2f-aec1-b0a4cb1efbe1, command=[]} | ret=SUCCESS |  
2019-08-22 11:56:44,569 | INFO  | SCMAudit | user=jenkins1000 | ip=192.168.5.135 | op=SEND_HEARTBEAT {datanodeUUID=8c07d121-2c0d-4967-83b1-bdc1bfd445f6, command=[]} | ret=SUCCESS |  
2019-08-22 11:56:44,734 | INFO  | SCMAudit | user=jenkins1000 | ip=192.168.5.135 | op=SEND_HEARTBEAT {datanodeUUID=4a9862d5-694b-4c7d-b652-1fb8ddcfc588, command=[]} | ret=SUCCESS |  
2019-08-22 11:56:44,821 [grpc-default-executor-1] INFO  client.GrpcClientProtocolClient (GrpcClientProtocolClient.java:onNext(255)) - client-7A715627349C->8c07d121-2c0d-4967-83b1-bdc1bfd445f6: receive RaftClientReply:client-7A715627349C->8c07d121-2c0d-4967-83b1-bdc1bfd445f6@group-6ED392AAFDDC, cid=65, FAILED org.apache.ratis.protocol.NotLeaderException: Server 8c07d121-2c0d-4967-83b1-bdc1bfd445f6 is not the leader (null). Request must be sent to leader., logIndex=0, commits[8c07d121-2c0d-4967-83b1-bdc1bfd445f6:c-1]
2019-08-22 11:56:44,902 | INFO  | SCMAudit | user=jenkins1000 | ip=192.168.5.135 | op=SEND_HEARTBEAT {datanodeUUID=81358f04-b55e-4661-8083-492e8c5539a7, command=[]} | ret=SUCCESS |  
2019-08-22 11:56:45,115 | INFO  | SCMAudit | user=jenkins1000 | ip=192.168.5.135 | op=SEND_HEARTBEAT {datanodeUUID=ac50c3b2-b81f-4c0a-b4fe-860d2c902727, command=[]} | ret=SUCCESS |  
2019-08-22 11:56:45,266 | INFO  | SCMAudit | user=jenkins1000 | ip=192.168.5.135 | op=SEND_HEARTBEAT {datanodeUUID=c2ff41bc-5475-4ec0-aa3a-f40fe56d194e, command=[]} | ret=SUCCESS |  
2019-08-22 11:56:45,354 | INFO  | SCMAudit | user=jenkins1000 | ip=192.168.5.135 | op=SEND_HEARTBEAT {datanodeUUID=8085255e-7a41-426f-b0e8-2d5555c5b7b9, command=[]} | ret=SUCCESS |  
2019-08-22 11:56:45,463 | INFO  | SCMAudit | user=jenkins1000 | ip=192.168.5.135 | op=SEND_HEARTBEAT {datanodeUUID=9b0e54da-58f3-4b2f-aec1-b0a4cb1efbe1, command=[]} | ret=SUCCESS |  
2019-08-22 11:56:45,569 | INFO  | SCMAudit | user=jenkins1000 | ip=192.168.5.135 | op=SEND_HEARTBEAT {datanodeUUID=8c07d121-2c0d-4967-83b1-bdc1bfd445f6, command=[]} | ret=SUCCESS |  
2019-08-22 11:56:45,733 | INFO  | SCMAudit | user=jenkins1000 | ip=192.168.5.135 | op=SEND_HEARTBEAT {datanodeUUID=4a9862d5-694b-4c7d-b652-1fb8ddcfc588, command=[]} | ret=SUCCESS |  
2019-08-22 11:56:45,838 [grpc-default-executor-1] INFO  client.GrpcClientProtocolClient (GrpcClientProtocolClient.java:onNext(255)) - client-7A715627349C->ac50c3b2-b81f-4c0a-b4fe-860d2c902727: receive RaftClientReply:client-7A715627349C->ac50c3b2-b81f-4c0a-b4fe-860d2c902727@group-6ED392AAFDDC, cid=65, FAILED org.apache.ratis.protocol.NotLeaderException: Server ac50c3b2-b81f-4c0a-b4fe-860d2c902727 is not the leader (null). Request must be sent to leader., logIndex=0, commits[ac50c3b2-b81f-4c0a-b4fe-860d2c902727:c-1]
2019-08-22 11:56:45,901 | INFO  | SCMAudit | user=jenkins1000 | ip=192.168.5.135 | op=SEND_HEARTBEAT {datanodeUUID=81358f04-b55e-4661-8083-492e8c5539a7, command=[]} | ret=SUCCESS |  
2019-08-22 11:56:46,115 | INFO  | SCMAudit | user=jenkins1000 | ip=192.168.5.135 | op=SEND_HEARTBEAT {datanodeUUID=ac50c3b2-b81f-4c0a-b4fe-860d2c902727, command=[]} | ret=SUCCESS |  
2019-08-22 11:56:46,265 | INFO  | SCMAudit | user=jenkins1000 | ip=192.168.5.135 | op=SEND_HEARTBEAT {datanodeUUID=c2ff41bc-5475-4ec0-aa3a-f40fe56d194e, command=[]} | ret=SUCCESS |  
2019-08-22 11:56:46,353 | INFO  | SCMAudit | user=jenkins1000 | ip=192.168.5.135 | op=SEND_HEARTBEAT {datanodeUUID=8085255e-7a41-426f-b0e8-2d5555c5b7b9, command=[]} | ret=SUCCESS |  
2019-08-22 11:56:46,462 | INFO  | SCMAudit | user=jenkins1000 | ip=192.168.5.135 | op=SEND_HEARTBEAT {datanodeUUID=9b0e54da-58f3-4b2f-aec1-b0a4cb1efbe1, command=[]} | ret=SUCCESS |  
2019-08-22 11:56:46,568 | INFO  | SCMAudit | user=jenkins1000 | ip=192.168.5.135 | op=SEND_HEARTBEAT {datanodeUUID=8c07d121-2c0d-4967-83b1-bdc1bfd445f6, command=[]} | ret=SUCCESS |  
2019-08-22 11:56:46,733 | INFO  | SCMAudit | user=jenkins1000 | ip=192.168.5.135 | op=SEND_HEARTBEAT {datanodeUUID=4a9862d5-694b-4c7d-b652-1fb8ddcfc588, command=[]} | ret=SUCCESS |  
2019-08-22 11:56:46,850 [grpc-default-executor-1] INFO  client.GrpcClientProtocolClient (GrpcClientProtocolClient.java:onNext(255)) - client-7A715627349C->8c07d121-2c0d-4967-83b1-bdc1bfd445f6: receive RaftClientReply:client-7A715627349C->8c07d121-2c0d-4967-83b1-bdc1bfd445f6@group-6ED392AAFDDC, cid=65, FAILED org.apache.ratis.protocol.NotLeaderException: Server 8c07d121-2c0d-4967-83b1-bdc1bfd445f6 is not the leader (null). Request must be sent to leader., logIndex=0, commits[8c07d121-2c0d-4967-83b1-bdc1bfd445f6:c-1]
2019-08-22 11:56:46,901 | INFO  | SCMAudit | user=jenkins1000 | ip=192.168.5.135 | op=SEND_HEARTBEAT {datanodeUUID=81358f04-b55e-4661-8083-492e8c5539a7, command=[]} | ret=SUCCESS |  
2019-08-22 11:56:47,115 | INFO  | SCMAudit | user=jenkins1000 | ip=192.168.5.135 | op=SEND_HEARTBEAT {datanodeUUID=ac50c3b2-b81f-4c0a-b4fe-860d2c902727, command=[]} | ret=SUCCESS |  
2019-08-22 11:56:47,265 | INFO  | SCMAudit | user=jenkins1000 | ip=192.168.5.135 | op=SEND_HEARTBEAT {datanodeUUID=c2ff41bc-5475-4ec0-aa3a-f40fe56d194e, command=[]} | ret=SUCCESS |  
2019-08-22 11:56:47,353 | INFO  | SCMAudit | user=jenkins1000 | ip=192.168.5.135 | op=SEND_HEARTBEAT {datanodeUUID=8085255e-7a41-426f-b0e8-2d5555c5b7b9, command=[]} | ret=SUCCESS |  
2019-08-22 11:56:47,462 | INFO  | SCMAudit | user=jenkins1000 | ip=192.168.5.135 | op=SEND_HEARTBEAT {datanodeUUID=9b0e54da-58f3-4b2f-aec1-b0a4cb1efbe1, command=[]} | ret=SUCCESS |  
2019-08-22 11:56:47,569 | INFO  | SCMAudit | user=jenkins1000 | ip=192.168.5.135 | op=SEND_HEARTBEAT {datanodeUUID=8c07d121-2c0d-4967-83b1-bdc1bfd445f6, command=[]} | ret=SUCCESS |  
2019-08-22 11:56:47,733 | INFO  | SCMAudit | user=jenkins1000 | ip=192.168.5.135 | op=SEND_HEARTBEAT {datanodeUUID=4a9862d5-694b-4c7d-b652-1fb8ddcfc588, command=[]} | ret=SUCCESS |  
2019-08-22 11:56:47,863 [grpc-default-executor-7] INFO  client.GrpcClientProtocolClient (GrpcClientProtocolClient.java:onNext(255)) - client-7A715627349C->8085255e-7a41-426f-b0e8-2d5555c5b7b9: receive RaftClientReply:client-7A715627349C->8085255e-7a41-426f-b0e8-2d5555c5b7b9@group-6ED392AAFDDC, cid=65, FAILED org.apache.ratis.protocol.NotLeaderException: Server 8085255e-7a41-426f-b0e8-2d5555c5b7b9 is not the leader (null). Request must be sent to leader., logIndex=0, commits[8085255e-7a41-426f-b0e8-2d5555c5b7b9:c-1]
2019-08-22 11:56:47,901 | INFO  | SCMAudit | user=jenkins1000 | ip=192.168.5.135 | op=SEND_HEARTBEAT {datanodeUUID=81358f04-b55e-4661-8083-492e8c5539a7, command=[]} | ret=SUCCESS |  
2019-08-22 11:56:48,116 | INFO  | SCMAudit | user=jenkins1000 | ip=192.168.5.135 | op=SEND_HEARTBEAT {datanodeUUID=ac50c3b2-b81f-4c0a-b4fe-860d2c902727, command=[]} | ret=SUCCESS |  
2019-08-22 11:56:48,266 | INFO  | SCMAudit | user=jenkins1000 | ip=192.168.5.135 | op=SEND_HEARTBEAT {datanodeUUID=c2ff41bc-5475-4ec0-aa3a-f40fe56d194e, command=[]} | ret=SUCCESS |  
2019-08-22 11:56:48,354 | INFO  | SCMAudit | user=jenkins1000 | ip=192.168.5.135 | op=SEND_HEARTBEAT {datanodeUUID=8085255e-7a41-426f-b0e8-2d5555c5b7b9, command=[]} | ret=SUCCESS |  
2019-08-22 11:56:48,461 | INFO  | SCMAudit | user=jenkins1000 | ip=192.168.5.135 | op=SEND_HEARTBEAT {datanodeUUID=9b0e54da-58f3-4b2f-aec1-b0a4cb1efbe1, command=[]} | ret=SUCCESS |  
2019-08-22 11:56:48,569 | INFO  | SCMAudit | user=jenkins1000 | ip=192.168.5.135 | op=SEND_HEARTBEAT {datanodeUUID=8c07d121-2c0d-4967-83b1-bdc1bfd445f6, command=[]} | ret=SUCCESS |  
2019-08-22 11:56:48,733 | INFO  | SCMAudit | user=jenkins1000 | ip=192.168.5.135 | op=SEND_HEARTBEAT {datanodeUUID=4a9862d5-694b-4c7d-b652-1fb8ddcfc588, command=[]} | ret=SUCCESS |  
2019-08-22 11:56:48,889 [grpc-default-executor-7] INFO  client.GrpcClientProtocolClient (GrpcClientProtocolClient.java:onNext(255)) - client-7A715627349C->ac50c3b2-b81f-4c0a-b4fe-860d2c902727: receive RaftClientReply:client-7A715627349C->ac50c3b2-b81f-4c0a-b4fe-860d2c902727@group-6ED392AAFDDC, cid=65, FAILED org.apache.ratis.protocol.NotLeaderException: Server ac50c3b2-b81f-4c0a-b4fe-860d2c902727 is not the leader (null). Request must be sent to leader., logIndex=0, commits[ac50c3b2-b81f-4c0a-b4fe-860d2c902727:c-1]
2019-08-22 11:56:48,901 | INFO  | SCMAudit | user=jenkins1000 | ip=192.168.5.135 | op=SEND_HEARTBEAT {datanodeUUID=81358f04-b55e-4661-8083-492e8c5539a7, command=[]} | ret=SUCCESS |  
]]></system-out>
    <system-err><![CDATA[Aug 22, 2019 11:56:22 AM com.sun.jersey.server.impl.application.WebApplicationImpl _initiate
INFO: Initiating Jersey application, version 'Jersey: 1.19 02/11/2015 03:25 AM'
Aug 22, 2019 11:56:23 AM com.sun.jersey.server.impl.application.WebApplicationImpl _initiate
INFO: Initiating Jersey application, version 'Jersey: 1.19 02/11/2015 03:25 AM'
Aug 22, 2019 11:56:23 AM com.sun.jersey.server.impl.application.WebApplicationImpl _initiate
INFO: Initiating Jersey application, version 'Jersey: 1.19 02/11/2015 03:25 AM'
Aug 22, 2019 11:56:23 AM com.sun.jersey.server.impl.application.WebApplicationImpl _initiate
INFO: Initiating Jersey application, version 'Jersey: 1.19 02/11/2015 03:25 AM'
Aug 22, 2019 11:56:23 AM com.sun.jersey.server.impl.application.WebApplicationImpl _initiate
INFO: Initiating Jersey application, version 'Jersey: 1.19 02/11/2015 03:25 AM'
Aug 22, 2019 11:56:23 AM com.sun.jersey.server.impl.application.WebApplicationImpl _initiate
INFO: Initiating Jersey application, version 'Jersey: 1.19 02/11/2015 03:25 AM'
Aug 22, 2019 11:56:24 AM com.sun.jersey.server.impl.application.WebApplicationImpl _initiate
INFO: Initiating Jersey application, version 'Jersey: 1.19 02/11/2015 03:25 AM'
Aug 22, 2019 11:56:27 AM org.apache.ratis.thirdparty.io.grpc.internal.ManagedChannelOrphanWrapper$ManagedChannelReference cleanQueue
SEVERE: *~*~*~ Channel ManagedChannelImpl{logId=797, target=192.168.5.135:41974} was not shutdown properly!!! ~*~*~*
    Make sure to call shutdown()/shutdownNow() and wait until awaitTermination() returns true.
java.lang.RuntimeException: ManagedChannel allocation site
	at org.apache.ratis.thirdparty.io.grpc.internal.ManagedChannelOrphanWrapper$ManagedChannelReference.<init>(ManagedChannelOrphanWrapper.java:103)
	at org.apache.ratis.thirdparty.io.grpc.internal.ManagedChannelOrphanWrapper.<init>(ManagedChannelOrphanWrapper.java:53)
	at org.apache.ratis.thirdparty.io.grpc.internal.ManagedChannelOrphanWrapper.<init>(ManagedChannelOrphanWrapper.java:44)
	at org.apache.ratis.thirdparty.io.grpc.internal.AbstractManagedChannelImplBuilder.build(AbstractManagedChannelImplBuilder.java:411)
	at org.apache.ratis.grpc.client.GrpcClientProtocolClient.<init>(GrpcClientProtocolClient.java:119)
	at org.apache.ratis.grpc.client.GrpcClientRpc.lambda$new$0(GrpcClientRpc.java:55)
	at org.apache.ratis.util.PeerProxyMap$PeerAndProxy.lambda$getProxy$0(PeerProxyMap.java:61)
	at org.apache.ratis.util.LifeCycle.startAndTransition(LifeCycle.java:202)
	at org.apache.ratis.util.PeerProxyMap$PeerAndProxy.getProxy(PeerProxyMap.java:60)
	at org.apache.ratis.util.PeerProxyMap.getProxy(PeerProxyMap.java:107)
	at org.apache.ratis.grpc.client.GrpcClientRpc.sendRequestAsyncUnordered(GrpcClientRpc.java:78)
	at org.apache.ratis.client.impl.UnorderedAsync.sendRequestWithRetry(UnorderedAsync.java:75)
	at org.apache.ratis.client.impl.UnorderedAsync.lambda$null$2(UnorderedAsync.java:120)
	at org.apache.ratis.util.TimeoutScheduler.lambda$onTimeout$0(TimeoutScheduler.java:85)
	at org.apache.ratis.util.TimeoutScheduler.lambda$onTimeout$1(TimeoutScheduler.java:104)
	at org.apache.ratis.util.LogUtils.runAndLog(LogUtils.java:50)
	at org.apache.ratis.util.LogUtils$1.run(LogUtils.java:91)
	at java.util.concurrent.Executors$RunnableAdapter.call(Executors.java:511)
	at java.util.concurrent.FutureTask.run(FutureTask.java:266)
	at java.util.concurrent.ScheduledThreadPoolExecutor$ScheduledFutureTask.access$201(ScheduledThreadPoolExecutor.java:180)
	at java.util.concurrent.ScheduledThreadPoolExecutor$ScheduledFutureTask.run(ScheduledThreadPoolExecutor.java:293)
	at java.util.concurrent.ThreadPoolExecutor.runWorker(ThreadPoolExecutor.java:1149)
	at java.util.concurrent.ThreadPoolExecutor$Worker.run(ThreadPoolExecutor.java:624)
	at java.lang.Thread.run(Thread.java:748)

]]></system-err>
  </testcase>
  <testcase name="testWatchForCommitForGroupMismatchException" classname="org.apache.hadoop.ozone.client.rpc.TestWatchForCommit" time="27.25">
    <error message="org.apache.ratis.protocol.RaftRetryFailureException: Failed RaftClientRequest:client-ED44A0F3F27E-&gt;3bb875ee-c081-4eb6-9788-aa0c436bb6c2@group-67E69CFC7137, cid=79, seq=1*, RW, org.apache.hadoop.hdds.scm.XceiverClientRatis$$Lambda$335/1239710170@c6def04 for 20 attempts with RetryLimited(maxAttempts=20, sleepTime=1000ms)" type="java.util.concurrent.ExecutionException">java.util.concurrent.ExecutionException: org.apache.ratis.protocol.RaftRetryFailureException: Failed RaftClientRequest:client-ED44A0F3F27E->3bb875ee-c081-4eb6-9788-aa0c436bb6c2@group-67E69CFC7137, cid=79, seq=1*, RW, org.apache.hadoop.hdds.scm.XceiverClientRatis$$Lambda$335/1239710170@c6def04 for 20 attempts with RetryLimited(maxAttempts=20, sleepTime=1000ms)
	at java.util.concurrent.CompletableFuture.reportGet(CompletableFuture.java:357)
	at java.util.concurrent.CompletableFuture.get(CompletableFuture.java:1895)
	at org.apache.hadoop.ozone.client.rpc.TestWatchForCommit.testWatchForCommitForGroupMismatchException(TestWatchForCommit.java:432)
	at sun.reflect.NativeMethodAccessorImpl.invoke0(Native Method)
	at sun.reflect.NativeMethodAccessorImpl.invoke(NativeMethodAccessorImpl.java:62)
	at sun.reflect.DelegatingMethodAccessorImpl.invoke(DelegatingMethodAccessorImpl.java:43)
	at java.lang.reflect.Method.invoke(Method.java:498)
	at org.junit.runners.model.FrameworkMethod$1.runReflectiveCall(FrameworkMethod.java:47)
	at org.junit.internal.runners.model.ReflectiveCallable.run(ReflectiveCallable.java:12)
	at org.junit.runners.model.FrameworkMethod.invokeExplosively(FrameworkMethod.java:44)
	at org.junit.internal.runners.statements.InvokeMethod.evaluate(InvokeMethod.java:17)
	at org.junit.runners.ParentRunner.runLeaf(ParentRunner.java:271)
	at org.junit.runners.BlockJUnit4ClassRunner.runChild(BlockJUnit4ClassRunner.java:70)
	at org.junit.runners.BlockJUnit4ClassRunner.runChild(BlockJUnit4ClassRunner.java:50)
	at org.junit.runners.ParentRunner$3.run(ParentRunner.java:238)
	at org.junit.runners.ParentRunner$1.schedule(ParentRunner.java:63)
	at org.junit.runners.ParentRunner.runChildren(ParentRunner.java:236)
	at org.junit.runners.ParentRunner.access$000(ParentRunner.java:53)
	at org.junit.runners.ParentRunner$2.evaluate(ParentRunner.java:229)
	at org.junit.runners.ParentRunner.run(ParentRunner.java:309)
	at org.apache.maven.surefire.junit4.JUnit4Provider.execute(JUnit4Provider.java:365)
	at org.apache.maven.surefire.junit4.JUnit4Provider.executeWithRerun(JUnit4Provider.java:273)
	at org.apache.maven.surefire.junit4.JUnit4Provider.executeTestSet(JUnit4Provider.java:238)
	at org.apache.maven.surefire.junit4.JUnit4Provider.invoke(JUnit4Provider.java:159)
	at org.apache.maven.surefire.booter.ForkedBooter.invokeProviderInSameClassLoader(ForkedBooter.java:384)
	at org.apache.maven.surefire.booter.ForkedBooter.runSuitesInProcess(ForkedBooter.java:345)
	at org.apache.maven.surefire.booter.ForkedBooter.execute(ForkedBooter.java:126)
	at org.apache.maven.surefire.booter.ForkedBooter.main(ForkedBooter.java:418)
Caused by: org.apache.ratis.protocol.RaftRetryFailureException: Failed RaftClientRequest:client-ED44A0F3F27E->3bb875ee-c081-4eb6-9788-aa0c436bb6c2@group-67E69CFC7137, cid=79, seq=1*, RW, org.apache.hadoop.hdds.scm.XceiverClientRatis$$Lambda$335/1239710170@c6def04 for 20 attempts with RetryLimited(maxAttempts=20, sleepTime=1000ms)
	at org.apache.ratis.client.impl.RaftClientImpl.noMoreRetries(RaftClientImpl.java:272)
	at org.apache.ratis.client.impl.OrderedAsync.handleAsyncRetryFailure(OrderedAsync.java:138)
	at org.apache.ratis.client.impl.OrderedAsync.lambda$sendRequest$10(OrderedAsync.java:230)
	at java.util.concurrent.CompletableFuture.uniExceptionally(CompletableFuture.java:870)
	at java.util.concurrent.CompletableFuture$UniExceptionally.tryFire(CompletableFuture.java:852)
	at java.util.concurrent.CompletableFuture.postComplete(CompletableFuture.java:474)
	at java.util.concurrent.CompletableFuture.completeExceptionally(CompletableFuture.java:1977)
	at org.apache.ratis.grpc.client.GrpcClientProtocolClient$AsyncStreamObservers.completeReplyExceptionally(GrpcClientProtocolClient.java:330)
	at org.apache.ratis.grpc.client.GrpcClientProtocolClient$AsyncStreamObservers.access$000(GrpcClientProtocolClient.java:246)
	at org.apache.ratis.grpc.client.GrpcClientProtocolClient$AsyncStreamObservers$1.onNext(GrpcClientProtocolClient.java:258)
	at org.apache.ratis.grpc.client.GrpcClientProtocolClient$AsyncStreamObservers$1.onNext(GrpcClientProtocolClient.java:249)
	at org.apache.ratis.thirdparty.io.grpc.stub.ClientCalls$StreamObserverToCallListenerAdapter.onMessage(ClientCalls.java:421)
	at org.apache.ratis.thirdparty.io.grpc.ForwardingClientCallListener.onMessage(ForwardingClientCallListener.java:33)
	at org.apache.ratis.thirdparty.io.grpc.ForwardingClientCallListener.onMessage(ForwardingClientCallListener.java:33)
	at org.apache.ratis.thirdparty.io.grpc.internal.ClientCallImpl$ClientStreamListenerImpl$1MessagesAvailable.runInContext(ClientCallImpl.java:519)
	at org.apache.ratis.thirdparty.io.grpc.internal.ContextRunnable.run(ContextRunnable.java:37)
	at org.apache.ratis.thirdparty.io.grpc.internal.SerializingExecutor.run(SerializingExecutor.java:123)
	at java.util.concurrent.ThreadPoolExecutor.runWorker(ThreadPoolExecutor.java:1149)
	at java.util.concurrent.ThreadPoolExecutor$Worker.run(ThreadPoolExecutor.java:624)
	at java.lang.Thread.run(Thread.java:748)
Caused by: org.apache.ratis.protocol.NotLeaderException: Server 3bb875ee-c081-4eb6-9788-aa0c436bb6c2 is not the leader (null). Request must be sent to leader.
	at org.apache.ratis.client.impl.ClientProtoUtils.toRaftClientReply(ClientProtoUtils.java:242)
	at org.apache.ratis.grpc.client.GrpcClientProtocolClient$AsyncStreamObservers$1.onNext(GrpcClientProtocolClient.java:254)
	... 10 more
</error>
    <system-out><![CDATA[2019-08-22 11:56:48,926 [main] WARN  server.ServerUtils (ServerUtils.java:getScmDbDir(145)) - ozone.scm.db.dirs is not configured. We recommend adding this setting. Falling back to ozone.metadata.dirs instead.
2019-08-22 11:56:48,950 [main] WARN  server.ServerUtils (ServerUtils.java:getScmDbDir(145)) - ozone.scm.db.dirs is not configured. We recommend adding this setting. Falling back to ozone.metadata.dirs instead.
2019-08-22 11:56:48,951 [main] WARN  server.ServerUtils (ServerUtils.java:getScmDbDir(145)) - ozone.scm.db.dirs is not configured. We recommend adding this setting. Falling back to ozone.metadata.dirs instead.
2019-08-22 11:56:48,951 [main] INFO  db.DBStoreBuilder (DBStoreBuilder.java:addTable(110)) - using custom profile for table: deletedBlocks
2019-08-22 11:56:48,951 [main] INFO  db.DBStoreBuilder (DBStoreBuilder.java:processTables(161)) - Using default column profile:DBProfile.DISK for Table:deletedBlocks
2019-08-22 11:56:48,952 [main] INFO  db.DBStoreBuilder (DBStoreBuilder.java:addTable(110)) - using custom profile for table: validCerts
2019-08-22 11:56:48,952 [main] INFO  db.DBStoreBuilder (DBStoreBuilder.java:processTables(161)) - Using default column profile:DBProfile.DISK for Table:validCerts
2019-08-22 11:56:48,952 [main] INFO  db.DBStoreBuilder (DBStoreBuilder.java:addTable(110)) - using custom profile for table: revokedCerts
2019-08-22 11:56:48,952 [main] INFO  db.DBStoreBuilder (DBStoreBuilder.java:processTables(161)) - Using default column profile:DBProfile.DISK for Table:revokedCerts
2019-08-22 11:56:48,952 [main] INFO  db.DBStoreBuilder (DBStoreBuilder.java:addTable(110)) - using custom profile for table: default
2019-08-22 11:56:48,952 [main] INFO  db.DBStoreBuilder (DBStoreBuilder.java:processTables(167)) - Using default column profile:DBProfile.DISK for Table:default
2019-08-22 11:56:48,953 [main] INFO  db.DBStoreBuilder (DBStoreBuilder.java:getDbProfile(198)) - Using default options. DBProfile.DISK
2019-08-22 11:56:49,116 | INFO  | SCMAudit | user=jenkins1000 | ip=192.168.5.135 | op=SEND_HEARTBEAT {datanodeUUID=ac50c3b2-b81f-4c0a-b4fe-860d2c902727, command=[]} | ret=SUCCESS |  
2019-08-22 11:56:49,167 [main] INFO  net.NodeSchemaLoader (NodeSchemaLoader.java:loadSchemaFromFile(125)) - Loading file from sun.misc.CompoundEnumeration@70044113
2019-08-22 11:56:49,167 [main] INFO  net.NodeSchemaLoader (NodeSchemaLoader.java:loadSchema(171)) - Loading network topology layer schema file
2019-08-22 11:56:49,172 [main] INFO  node.SCMNodeManager (SCMNodeManager.java:<init>(121)) - Entering startup safe mode.
2019-08-22 11:56:49,173 [main] INFO  algorithms.ContainerPlacementPolicyFactory (ContainerPlacementPolicyFactory.java:getPolicy(55)) - Create container placement policy of type org.apache.hadoop.hdds.scm.container.placement.algorithms.SCMContainerPlacementRandom
2019-08-22 11:56:49,174 [main] WARN  server.ServerUtils (ServerUtils.java:getScmDbDir(145)) - ozone.scm.db.dirs is not configured. We recommend adding this setting. Falling back to ozone.metadata.dirs instead.
2019-08-22 11:56:49,203 [main] INFO  pipeline.SCMPipelineManager (SCMPipelineManager.java:initializePipelineState(126)) - No pipeline exists in current db
2019-08-22 11:56:49,203 [main] WARN  server.ServerUtils (ServerUtils.java:getScmDbDir(145)) - ozone.scm.db.dirs is not configured. We recommend adding this setting. Falling back to ozone.metadata.dirs instead.
2019-08-22 11:56:49,212 [Thread-1673] INFO  impl.FollowerState (FollowerState.java:run(106)) - ac50c3b2-b81f-4c0a-b4fe-860d2c902727:group-6ED392AAFDDC changes to CANDIDATE, lastRpcTime:5008, electionTimeout:5007ms
2019-08-22 11:56:49,212 [Thread-1673] INFO  impl.RoleInfo (RoleInfo.java:shutdownFollowerState(121)) - ac50c3b2-b81f-4c0a-b4fe-860d2c902727: shutdown FollowerState
2019-08-22 11:56:49,212 [Thread-1673] INFO  impl.RaftServerImpl (RaftServerImpl.java:setRole(171)) - ac50c3b2-b81f-4c0a-b4fe-860d2c902727:group-6ED392AAFDDC changes role from FOLLOWER to CANDIDATE at term 2 for changeToCandidate
2019-08-22 11:56:49,212 [Thread-1673] INFO  impl.RoleInfo (RoleInfo.java:updateAndGet(143)) - ac50c3b2-b81f-4c0a-b4fe-860d2c902727: start LeaderElection
2019-08-22 11:56:49,250 [ac50c3b2-b81f-4c0a-b4fe-860d2c902727:group-6ED392AAFDDC:LeaderElection65] INFO  impl.LeaderElection (LeaderElection.java:askForVotes(181)) - ac50c3b2-b81f-4c0a-b4fe-860d2c902727:group-6ED392AAFDDC:LeaderElection65: begin an election at term 3 for -1: [8c07d121-2c0d-4967-83b1-bdc1bfd445f6:192.168.5.135:40382, 8085255e-7a41-426f-b0e8-2d5555c5b7b9:192.168.5.135:44522, ac50c3b2-b81f-4c0a-b4fe-860d2c902727:192.168.5.135:40965], old=null
2019-08-22 11:56:49,253 [grpc-default-executor-1] INFO  impl.RaftServerImpl (RaftServerImpl.java:setRole(171)) - 8085255e-7a41-426f-b0e8-2d5555c5b7b9:group-6ED392AAFDDC changes role from FOLLOWER to FOLLOWER at term 3 for recognizeCandidate:ac50c3b2-b81f-4c0a-b4fe-860d2c902727
2019-08-22 11:56:49,253 [grpc-default-executor-7] INFO  impl.RaftServerImpl (RaftServerImpl.java:setRole(171)) - 8c07d121-2c0d-4967-83b1-bdc1bfd445f6:group-6ED392AAFDDC changes role from FOLLOWER to FOLLOWER at term 3 for recognizeCandidate:ac50c3b2-b81f-4c0a-b4fe-860d2c902727
2019-08-22 11:56:49,253 [grpc-default-executor-1] INFO  impl.RoleInfo (RoleInfo.java:shutdownFollowerState(121)) - 8085255e-7a41-426f-b0e8-2d5555c5b7b9: shutdown FollowerState
2019-08-22 11:56:49,253 [grpc-default-executor-7] INFO  impl.RoleInfo (RoleInfo.java:shutdownFollowerState(121)) - 8c07d121-2c0d-4967-83b1-bdc1bfd445f6: shutdown FollowerState
2019-08-22 11:56:49,253 [grpc-default-executor-1] INFO  impl.RoleInfo (RoleInfo.java:updateAndGet(143)) - 8085255e-7a41-426f-b0e8-2d5555c5b7b9: start FollowerState
2019-08-22 11:56:49,253 [grpc-default-executor-7] INFO  impl.RoleInfo (RoleInfo.java:updateAndGet(143)) - 8c07d121-2c0d-4967-83b1-bdc1bfd445f6: start FollowerState
2019-08-22 11:56:49,253 [Thread-1671] INFO  impl.FollowerState (FollowerState.java:run(114)) - 8085255e-7a41-426f-b0e8-2d5555c5b7b9: FollowerState was interrupted: java.lang.InterruptedException: sleep interrupted
2019-08-22 11:56:49,253 [Thread-1672] INFO  impl.FollowerState (FollowerState.java:run(114)) - 8c07d121-2c0d-4967-83b1-bdc1bfd445f6: FollowerState was interrupted: java.lang.InterruptedException: sleep interrupted
2019-08-22 11:56:49,266 | INFO  | SCMAudit | user=jenkins1000 | ip=192.168.5.135 | op=SEND_HEARTBEAT {datanodeUUID=c2ff41bc-5475-4ec0-aa3a-f40fe56d194e, command=[]} | ret=SUCCESS |  
2019-08-22 11:56:49,282 [ac50c3b2-b81f-4c0a-b4fe-860d2c902727:group-6ED392AAFDDC:LeaderElection65] INFO  impl.LeaderElection (LeaderElection.java:logAndReturn(56)) - ac50c3b2-b81f-4c0a-b4fe-860d2c902727:group-6ED392AAFDDC:LeaderElection65: Election PASSED; received 1 response(s) [ac50c3b2-b81f-4c0a-b4fe-860d2c902727<-8085255e-7a41-426f-b0e8-2d5555c5b7b9#0:OK-t3] and 0 exception(s); ac50c3b2-b81f-4c0a-b4fe-860d2c902727:t3, leader=null, voted=ac50c3b2-b81f-4c0a-b4fe-860d2c902727, raftlog=ac50c3b2-b81f-4c0a-b4fe-860d2c902727-SegmentedRaftLog:OPENED:c-1,f-1,i0, conf=-1: [8c07d121-2c0d-4967-83b1-bdc1bfd445f6:192.168.5.135:40382, 8085255e-7a41-426f-b0e8-2d5555c5b7b9:192.168.5.135:44522, ac50c3b2-b81f-4c0a-b4fe-860d2c902727:192.168.5.135:40965], old=null
2019-08-22 11:56:49,282 [ac50c3b2-b81f-4c0a-b4fe-860d2c902727:group-6ED392AAFDDC:LeaderElection65] INFO  impl.RoleInfo (RoleInfo.java:shutdownLeaderElection(134)) - ac50c3b2-b81f-4c0a-b4fe-860d2c902727: shutdown LeaderElection
2019-08-22 11:56:49,282 [ac50c3b2-b81f-4c0a-b4fe-860d2c902727:group-6ED392AAFDDC:LeaderElection65] INFO  impl.RaftServerImpl (RaftServerImpl.java:setRole(171)) - ac50c3b2-b81f-4c0a-b4fe-860d2c902727:group-6ED392AAFDDC changes role from CANDIDATE to LEADER at term 3 for changeToLeader
2019-08-22 11:56:49,282 [ac50c3b2-b81f-4c0a-b4fe-860d2c902727:group-6ED392AAFDDC:LeaderElection65] INFO  impl.RaftServerImpl (ServerState.java:setLeader(263)) - ac50c3b2-b81f-4c0a-b4fe-860d2c902727:group-6ED392AAFDDC change Leader from null to ac50c3b2-b81f-4c0a-b4fe-860d2c902727 at term 3 for becomeLeader, leader elected after 21238ms
2019-08-22 11:56:49,283 [ac50c3b2-b81f-4c0a-b4fe-860d2c902727:group-6ED392AAFDDC:LeaderElection65] INFO  server.RaftServerConfigKeys (ConfUtils.java:logGet(43)) - raft.server.staging.catchup.gap = 1000 (default)
2019-08-22 11:56:49,283 [ac50c3b2-b81f-4c0a-b4fe-860d2c902727:group-6ED392AAFDDC:LeaderElection65] INFO  server.RaftServerConfigKeys (ConfUtils.java:logGet(43)) - raft.server.rpc.sleep.time = 25ms (default)
2019-08-22 11:56:49,283 [ac50c3b2-b81f-4c0a-b4fe-860d2c902727:group-6ED392AAFDDC:LeaderElection65] INFO  server.RaftServerConfigKeys (ConfUtils.java:logGet(43)) - raft.server.write.element-limit = 4096 (default)
2019-08-22 11:56:49,283 [ac50c3b2-b81f-4c0a-b4fe-860d2c902727:group-6ED392AAFDDC:LeaderElection65] INFO  server.RaftServerConfigKeys (ConfUtils.java:logGet(43)) - raft.server.watch.timeout = 10s (default)
2019-08-22 11:56:49,283 [ac50c3b2-b81f-4c0a-b4fe-860d2c902727:group-6ED392AAFDDC:LeaderElection65] INFO  server.RaftServerConfigKeys (ConfUtils.java:logGet(43)) - raft.server.watch.timeout.denomination = 1s (default)
2019-08-22 11:56:49,283 [ac50c3b2-b81f-4c0a-b4fe-860d2c902727:group-6ED392AAFDDC:LeaderElection65] INFO  server.RaftServerConfigKeys (ConfUtils.java:logGet(43)) - raft.server.watch.element-limit = 65536 (default)
2019-08-22 11:56:49,284 [ac50c3b2-b81f-4c0a-b4fe-860d2c902727:group-6ED392AAFDDC:LeaderElection65] INFO  server.RaftServerConfigKeys (ConfUtils.java:logGet(43)) - raft.server.log.appender.snapshot.chunk.size.max = 16MB (=16777216) (default)
2019-08-22 11:56:49,284 [ac50c3b2-b81f-4c0a-b4fe-860d2c902727:group-6ED392AAFDDC:LeaderElection65] INFO  server.RaftServerConfigKeys (ConfUtils.java:logGet(43)) - raft.server.log.appender.buffer.byte-limit = 33554432 (custom)
2019-08-22 11:56:49,284 [ac50c3b2-b81f-4c0a-b4fe-860d2c902727:group-6ED392AAFDDC:LeaderElection65] INFO  server.RaftServerConfigKeys (ConfUtils.java:logGet(43)) - raft.server.log.appender.buffer.element-limit = 1 (custom)
2019-08-22 11:56:49,284 [ac50c3b2-b81f-4c0a-b4fe-860d2c902727:group-6ED392AAFDDC:LeaderElection65] INFO  grpc.GrpcConfigKeys$Server (ConfUtils.java:logGet(43)) - raft.grpc.server.leader.outstanding.appends.max = 128 (default)
2019-08-22 11:56:49,285 [main] WARN  events.EventQueue (EventQueue.java:fireEvent(175)) - No event handler registered for event TypedEvent{payloadType=SafeModeStatus, name='SafeModeStatus'}
2019-08-22 11:56:49,285 [ac50c3b2-b81f-4c0a-b4fe-860d2c902727:group-6ED392AAFDDC:LeaderElection65] INFO  server.RaftServerConfigKeys (ConfUtils.java:logGet(43)) - raft.server.rpc.request.timeout = 3000ms (default)
2019-08-22 11:56:49,285 [ac50c3b2-b81f-4c0a-b4fe-860d2c902727:group-6ED392AAFDDC:LeaderElection65] INFO  server.RaftServerConfigKeys (ConfUtils.java:logGet(43)) - raft.server.log.appender.install.snapshot.enabled = false (custom)
2019-08-22 11:56:49,285 [ac50c3b2-b81f-4c0a-b4fe-860d2c902727:group-6ED392AAFDDC:LeaderElection65] INFO  server.RaftServerConfigKeys (ConfUtils.java:logGet(43)) - raft.server.log.appender.snapshot.chunk.size.max = 16MB (=16777216) (default)
2019-08-22 11:56:49,285 [ac50c3b2-b81f-4c0a-b4fe-860d2c902727:group-6ED392AAFDDC:LeaderElection65] INFO  server.RaftServerConfigKeys (ConfUtils.java:logGet(43)) - raft.server.log.appender.buffer.byte-limit = 33554432 (custom)
2019-08-22 11:56:49,286 [ac50c3b2-b81f-4c0a-b4fe-860d2c902727:group-6ED392AAFDDC:LeaderElection65] INFO  server.RaftServerConfigKeys (ConfUtils.java:logGet(43)) - raft.server.log.appender.buffer.element-limit = 1 (custom)
2019-08-22 11:56:49,286 [ac50c3b2-b81f-4c0a-b4fe-860d2c902727:group-6ED392AAFDDC:LeaderElection65] INFO  grpc.GrpcConfigKeys$Server (ConfUtils.java:logGet(43)) - raft.grpc.server.leader.outstanding.appends.max = 128 (default)
2019-08-22 11:56:49,286 [main] INFO  ipc.CallQueueManager (CallQueueManager.java:<init>(84)) - Using callQueue: class java.util.concurrent.LinkedBlockingQueue, queueCapacity: 2000, scheduler: class org.apache.hadoop.ipc.DefaultRpcScheduler, ipcBackoff: false.
2019-08-22 11:56:49,286 [ac50c3b2-b81f-4c0a-b4fe-860d2c902727:group-6ED392AAFDDC:LeaderElection65] INFO  server.RaftServerConfigKeys (ConfUtils.java:logGet(43)) - raft.server.rpc.request.timeout = 3000ms (default)
2019-08-22 11:56:49,286 [ac50c3b2-b81f-4c0a-b4fe-860d2c902727:group-6ED392AAFDDC:LeaderElection65] INFO  server.RaftServerConfigKeys (ConfUtils.java:logGet(43)) - raft.server.log.appender.install.snapshot.enabled = false (custom)
2019-08-22 11:56:49,286 [ac50c3b2-b81f-4c0a-b4fe-860d2c902727:group-6ED392AAFDDC:LeaderElection65] INFO  impl.RoleInfo (RoleInfo.java:updateAndGet(143)) - ac50c3b2-b81f-4c0a-b4fe-860d2c902727: start LeaderState
2019-08-22 11:56:49,287 [Socket Reader #1 for port 45248] INFO  ipc.Server (Server.java:run(1074)) - Starting Socket Reader #1 for port 45248
2019-08-22 11:56:49,287 [ac50c3b2-b81f-4c0a-b4fe-860d2c902727:group-6ED392AAFDDC:LeaderElection65] INFO  segmented.SegmentedRaftLogWorker (SegmentedRaftLogWorker.java:startLogSegment(380)) - ac50c3b2-b81f-4c0a-b4fe-860d2c902727-SegmentedRaftLogWorker:Storage Directory /workdir/hadoop-ozone/integration-test/target/test-dir/MiniOzoneClusterImpl-7b3b72d3-1b02-413e-a616-a170ee685c37/datanode-0/data/ratis/c8ad4123-12cb-426e-afae-6ed392aafddc: Starting segment from index:0
2019-08-22 11:56:49,290 [ac50c3b2-b81f-4c0a-b4fe-860d2c902727:group-6ED392AAFDDC:LeaderElection65] INFO  impl.RaftServerImpl (ServerState.java:setRaftConf(361)) - ac50c3b2-b81f-4c0a-b4fe-860d2c902727:group-6ED392AAFDDC set configuration 0: [8c07d121-2c0d-4967-83b1-bdc1bfd445f6:192.168.5.135:40382, 8085255e-7a41-426f-b0e8-2d5555c5b7b9:192.168.5.135:44522, ac50c3b2-b81f-4c0a-b4fe-860d2c902727:192.168.5.135:40965], old=null at 0
2019-08-22 11:56:49,291 [grpc-default-executor-7] INFO  impl.RaftServerImpl (ServerState.java:setLeader(263)) - 8c07d121-2c0d-4967-83b1-bdc1bfd445f6:group-6ED392AAFDDC change Leader from null to ac50c3b2-b81f-4c0a-b4fe-860d2c902727 at term 3 for appendEntries, leader elected after 21247ms
2019-08-22 11:56:49,291 [grpc-default-executor-1] INFO  impl.RaftServerImpl (ServerState.java:setLeader(263)) - 8085255e-7a41-426f-b0e8-2d5555c5b7b9:group-6ED392AAFDDC change Leader from null to ac50c3b2-b81f-4c0a-b4fe-860d2c902727 at term 3 for appendEntries, leader elected after 21247ms
2019-08-22 11:56:49,291 [main] INFO  ipc.CallQueueManager (CallQueueManager.java:<init>(84)) - Using callQueue: class java.util.concurrent.LinkedBlockingQueue, queueCapacity: 2000, scheduler: class org.apache.hadoop.ipc.DefaultRpcScheduler, ipcBackoff: false.
2019-08-22 11:56:49,293 [Socket Reader #1 for port 36161] INFO  ipc.Server (Server.java:run(1074)) - Starting Socket Reader #1 for port 36161
2019-08-22 11:56:49,324 [Thread-1675] INFO  impl.FollowerState (FollowerState.java:run(106)) - c2ff41bc-5475-4ec0-aa3a-f40fe56d194e:group-B72D0A15121E changes to CANDIDATE, lastRpcTime:5119, electionTimeout:5090ms
2019-08-22 11:56:49,324 [Thread-1675] INFO  impl.RoleInfo (RoleInfo.java:shutdownFollowerState(121)) - c2ff41bc-5475-4ec0-aa3a-f40fe56d194e: shutdown FollowerState
2019-08-22 11:56:49,325 [Thread-1675] INFO  impl.RaftServerImpl (RaftServerImpl.java:setRole(171)) - c2ff41bc-5475-4ec0-aa3a-f40fe56d194e:group-B72D0A15121E changes role from FOLLOWER to CANDIDATE at term 2 for changeToCandidate
2019-08-22 11:56:49,325 [Thread-1675] INFO  impl.RoleInfo (RoleInfo.java:updateAndGet(143)) - c2ff41bc-5475-4ec0-aa3a-f40fe56d194e: start LeaderElection
2019-08-22 11:56:49,325 [grpc-default-executor-7] INFO  impl.RaftServerImpl (ServerState.java:setRaftConf(361)) - 8c07d121-2c0d-4967-83b1-bdc1bfd445f6:group-6ED392AAFDDC set configuration 0: [8c07d121-2c0d-4967-83b1-bdc1bfd445f6:192.168.5.135:40382, 8085255e-7a41-426f-b0e8-2d5555c5b7b9:192.168.5.135:44522, ac50c3b2-b81f-4c0a-b4fe-860d2c902727:192.168.5.135:40965], old=null at 0
2019-08-22 11:56:49,325 [grpc-default-executor-1] INFO  impl.RaftServerImpl (ServerState.java:setRaftConf(361)) - 8085255e-7a41-426f-b0e8-2d5555c5b7b9:group-6ED392AAFDDC set configuration 0: [8c07d121-2c0d-4967-83b1-bdc1bfd445f6:192.168.5.135:40382, 8085255e-7a41-426f-b0e8-2d5555c5b7b9:192.168.5.135:44522, ac50c3b2-b81f-4c0a-b4fe-860d2c902727:192.168.5.135:40965], old=null at 0
2019-08-22 11:56:49,325 [grpc-default-executor-7] INFO  segmented.SegmentedRaftLogWorker (SegmentedRaftLogWorker.java:startLogSegment(380)) - 8c07d121-2c0d-4967-83b1-bdc1bfd445f6-SegmentedRaftLogWorker:Storage Directory /workdir/hadoop-ozone/integration-test/target/test-dir/MiniOzoneClusterImpl-7b3b72d3-1b02-413e-a616-a170ee685c37/datanode-2/data/ratis/c8ad4123-12cb-426e-afae-6ed392aafddc: Starting segment from index:0
2019-08-22 11:56:49,325 [grpc-default-executor-1] INFO  segmented.SegmentedRaftLogWorker (SegmentedRaftLogWorker.java:startLogSegment(380)) - 8085255e-7a41-426f-b0e8-2d5555c5b7b9-SegmentedRaftLogWorker:Storage Directory /workdir/hadoop-ozone/integration-test/target/test-dir/MiniOzoneClusterImpl-7b3b72d3-1b02-413e-a616-a170ee685c37/datanode-1/data/ratis/c8ad4123-12cb-426e-afae-6ed392aafddc: Starting segment from index:0
2019-08-22 11:56:49,337 [ac50c3b2-b81f-4c0a-b4fe-860d2c902727-SegmentedRaftLogWorker:Storage Directory /workdir/hadoop-ozone/integration-test/target/test-dir/MiniOzoneClusterImpl-7b3b72d3-1b02-413e-a616-a170ee685c37/datanode-0/data/ratis/c8ad4123-12cb-426e-afae-6ed392aafddc] INFO  segmented.SegmentedRaftLogWorker (SegmentedRaftLogWorker.java:execute(569)) - ac50c3b2-b81f-4c0a-b4fe-860d2c902727-SegmentedRaftLogWorker:Storage Directory /workdir/hadoop-ozone/integration-test/target/test-dir/MiniOzoneClusterImpl-7b3b72d3-1b02-413e-a616-a170ee685c37/datanode-0/data/ratis/c8ad4123-12cb-426e-afae-6ed392aafddc: created new log segment /workdir/hadoop-ozone/integration-test/target/test-dir/MiniOzoneClusterImpl-7b3b72d3-1b02-413e-a616-a170ee685c37/datanode-0/data/ratis/c8ad4123-12cb-426e-afae-6ed392aafddc/current/log_inprogress_0
2019-08-22 11:56:49,337 [c2ff41bc-5475-4ec0-aa3a-f40fe56d194e:group-B72D0A15121E:LeaderElection66] INFO  impl.LeaderElection (LeaderElection.java:askForVotes(181)) - c2ff41bc-5475-4ec0-aa3a-f40fe56d194e:group-B72D0A15121E:LeaderElection66: begin an election at term 3 for -1: [81358f04-b55e-4661-8083-492e8c5539a7:192.168.5.135:46413, 4a9862d5-694b-4c7d-b652-1fb8ddcfc588:192.168.5.135:42468, c2ff41bc-5475-4ec0-aa3a-f40fe56d194e:192.168.5.135:41764], old=null
2019-08-22 11:56:49,340 [grpc-default-executor-7] INFO  impl.RaftServerImpl (RaftServerImpl.java:setRole(171)) - 81358f04-b55e-4661-8083-492e8c5539a7:group-B72D0A15121E changes role from FOLLOWER to FOLLOWER at term 3 for recognizeCandidate:c2ff41bc-5475-4ec0-aa3a-f40fe56d194e
2019-08-22 11:56:49,340 [grpc-default-executor-1] INFO  impl.RaftServerImpl (RaftServerImpl.java:setRole(171)) - 4a9862d5-694b-4c7d-b652-1fb8ddcfc588:group-B72D0A15121E changes role from FOLLOWER to FOLLOWER at term 3 for recognizeCandidate:c2ff41bc-5475-4ec0-aa3a-f40fe56d194e
2019-08-22 11:56:49,340 [grpc-default-executor-7] INFO  impl.RoleInfo (RoleInfo.java:shutdownFollowerState(121)) - 81358f04-b55e-4661-8083-492e8c5539a7: shutdown FollowerState
2019-08-22 11:56:49,340 [grpc-default-executor-1] INFO  impl.RoleInfo (RoleInfo.java:shutdownFollowerState(121)) - 4a9862d5-694b-4c7d-b652-1fb8ddcfc588: shutdown FollowerState
2019-08-22 11:56:49,340 [Thread-1670] INFO  impl.FollowerState (FollowerState.java:run(114)) - 81358f04-b55e-4661-8083-492e8c5539a7: FollowerState was interrupted: java.lang.InterruptedException: sleep interrupted
2019-08-22 11:56:49,340 [grpc-default-executor-7] INFO  impl.RoleInfo (RoleInfo.java:updateAndGet(143)) - 81358f04-b55e-4661-8083-492e8c5539a7: start FollowerState
2019-08-22 11:56:49,340 [Thread-1674] INFO  impl.FollowerState (FollowerState.java:run(114)) - 4a9862d5-694b-4c7d-b652-1fb8ddcfc588: FollowerState was interrupted: java.lang.InterruptedException: sleep interrupted
2019-08-22 11:56:49,340 [grpc-default-executor-1] INFO  impl.RoleInfo (RoleInfo.java:updateAndGet(143)) - 4a9862d5-694b-4c7d-b652-1fb8ddcfc588: start FollowerState
2019-08-22 11:56:49,345 [main] INFO  ipc.CallQueueManager (CallQueueManager.java:<init>(84)) - Using callQueue: class java.util.concurrent.LinkedBlockingQueue, queueCapacity: 2000, scheduler: class org.apache.hadoop.ipc.DefaultRpcScheduler, ipcBackoff: false.
2019-08-22 11:56:49,346 [Socket Reader #1 for port 34238] INFO  ipc.Server (Server.java:run(1074)) - Starting Socket Reader #1 for port 34238
2019-08-22 11:56:49,375 | INFO  | SCMAudit | user=jenkins1000 | ip=192.168.5.135 | op=SEND_HEARTBEAT {datanodeUUID=8085255e-7a41-426f-b0e8-2d5555c5b7b9, command=[]} | ret=SUCCESS |  
2019-08-22 11:56:49,375 [c2ff41bc-5475-4ec0-aa3a-f40fe56d194e:group-B72D0A15121E:LeaderElection66] INFO  impl.LeaderElection (LeaderElection.java:logAndReturn(56)) - c2ff41bc-5475-4ec0-aa3a-f40fe56d194e:group-B72D0A15121E:LeaderElection66: Election PASSED; received 1 response(s) [c2ff41bc-5475-4ec0-aa3a-f40fe56d194e<-81358f04-b55e-4661-8083-492e8c5539a7#0:OK-t3] and 0 exception(s); c2ff41bc-5475-4ec0-aa3a-f40fe56d194e:t3, leader=null, voted=c2ff41bc-5475-4ec0-aa3a-f40fe56d194e, raftlog=c2ff41bc-5475-4ec0-aa3a-f40fe56d194e-SegmentedRaftLog:OPENED:c-1,f-1,i0, conf=-1: [81358f04-b55e-4661-8083-492e8c5539a7:192.168.5.135:46413, 4a9862d5-694b-4c7d-b652-1fb8ddcfc588:192.168.5.135:42468, c2ff41bc-5475-4ec0-aa3a-f40fe56d194e:192.168.5.135:41764], old=null
2019-08-22 11:56:49,375 [c2ff41bc-5475-4ec0-aa3a-f40fe56d194e:group-B72D0A15121E:LeaderElection66] INFO  impl.RoleInfo (RoleInfo.java:shutdownLeaderElection(134)) - c2ff41bc-5475-4ec0-aa3a-f40fe56d194e: shutdown LeaderElection
2019-08-22 11:56:49,375 [c2ff41bc-5475-4ec0-aa3a-f40fe56d194e:group-B72D0A15121E:LeaderElection66] INFO  impl.RaftServerImpl (RaftServerImpl.java:setRole(171)) - c2ff41bc-5475-4ec0-aa3a-f40fe56d194e:group-B72D0A15121E changes role from CANDIDATE to LEADER at term 3 for changeToLeader
2019-08-22 11:56:49,375 [c2ff41bc-5475-4ec0-aa3a-f40fe56d194e:group-B72D0A15121E:LeaderElection66] INFO  impl.RaftServerImpl (ServerState.java:setLeader(263)) - c2ff41bc-5475-4ec0-aa3a-f40fe56d194e:group-B72D0A15121E change Leader from null to c2ff41bc-5475-4ec0-aa3a-f40fe56d194e at term 3 for becomeLeader, leader elected after 20900ms
2019-08-22 11:56:49,376 [c2ff41bc-5475-4ec0-aa3a-f40fe56d194e:group-B72D0A15121E:LeaderElection66] INFO  server.RaftServerConfigKeys (ConfUtils.java:logGet(43)) - raft.server.staging.catchup.gap = 1000 (default)
2019-08-22 11:56:49,376 [c2ff41bc-5475-4ec0-aa3a-f40fe56d194e:group-B72D0A15121E:LeaderElection66] INFO  server.RaftServerConfigKeys (ConfUtils.java:logGet(43)) - raft.server.rpc.sleep.time = 25ms (default)
2019-08-22 11:56:49,376 [c2ff41bc-5475-4ec0-aa3a-f40fe56d194e:group-B72D0A15121E:LeaderElection66] INFO  server.RaftServerConfigKeys (ConfUtils.java:logGet(43)) - raft.server.write.element-limit = 4096 (default)
2019-08-22 11:56:49,376 [c2ff41bc-5475-4ec0-aa3a-f40fe56d194e:group-B72D0A15121E:LeaderElection66] INFO  server.RaftServerConfigKeys (ConfUtils.java:logGet(43)) - raft.server.watch.timeout = 10s (default)
2019-08-22 11:56:49,376 [c2ff41bc-5475-4ec0-aa3a-f40fe56d194e:group-B72D0A15121E:LeaderElection66] INFO  server.RaftServerConfigKeys (ConfUtils.java:logGet(43)) - raft.server.watch.timeout.denomination = 1s (default)
2019-08-22 11:56:49,376 [c2ff41bc-5475-4ec0-aa3a-f40fe56d194e:group-B72D0A15121E:LeaderElection66] INFO  server.RaftServerConfigKeys (ConfUtils.java:logGet(43)) - raft.server.watch.element-limit = 65536 (default)
2019-08-22 11:56:49,376 [c2ff41bc-5475-4ec0-aa3a-f40fe56d194e:group-B72D0A15121E:LeaderElection66] INFO  server.RaftServerConfigKeys (ConfUtils.java:logGet(43)) - raft.server.log.appender.snapshot.chunk.size.max = 16MB (=16777216) (default)
2019-08-22 11:56:49,377 [main] INFO  hdfs.DFSUtil (DFSUtil.java:httpServerTemplateForNNAndJN(1641)) - Starting Web-server for scm at: http://0.0.0.0:0
2019-08-22 11:56:49,377 [c2ff41bc-5475-4ec0-aa3a-f40fe56d194e:group-B72D0A15121E:LeaderElection66] INFO  server.RaftServerConfigKeys (ConfUtils.java:logGet(43)) - raft.server.log.appender.buffer.byte-limit = 33554432 (custom)
2019-08-22 11:56:49,377 [c2ff41bc-5475-4ec0-aa3a-f40fe56d194e:group-B72D0A15121E:LeaderElection66] INFO  server.RaftServerConfigKeys (ConfUtils.java:logGet(43)) - raft.server.log.appender.buffer.element-limit = 1 (custom)
2019-08-22 11:56:49,377 [c2ff41bc-5475-4ec0-aa3a-f40fe56d194e:group-B72D0A15121E:LeaderElection66] INFO  grpc.GrpcConfigKeys$Server (ConfUtils.java:logGet(43)) - raft.grpc.server.leader.outstanding.appends.max = 128 (default)
2019-08-22 11:56:49,377 [c2ff41bc-5475-4ec0-aa3a-f40fe56d194e:group-B72D0A15121E:LeaderElection66] INFO  server.RaftServerConfigKeys (ConfUtils.java:logGet(43)) - raft.server.rpc.request.timeout = 3000ms (default)
2019-08-22 11:56:49,377 [c2ff41bc-5475-4ec0-aa3a-f40fe56d194e:group-B72D0A15121E:LeaderElection66] INFO  server.RaftServerConfigKeys (ConfUtils.java:logGet(43)) - raft.server.log.appender.install.snapshot.enabled = false (custom)
2019-08-22 11:56:49,378 [c2ff41bc-5475-4ec0-aa3a-f40fe56d194e:group-B72D0A15121E:LeaderElection66] INFO  server.RaftServerConfigKeys (ConfUtils.java:logGet(43)) - raft.server.log.appender.snapshot.chunk.size.max = 16MB (=16777216) (default)
2019-08-22 11:56:49,378 [c2ff41bc-5475-4ec0-aa3a-f40fe56d194e:group-B72D0A15121E:LeaderElection66] INFO  server.RaftServerConfigKeys (ConfUtils.java:logGet(43)) - raft.server.log.appender.buffer.byte-limit = 33554432 (custom)
2019-08-22 11:56:49,378 [c2ff41bc-5475-4ec0-aa3a-f40fe56d194e:group-B72D0A15121E:LeaderElection66] INFO  server.RaftServerConfigKeys (ConfUtils.java:logGet(43)) - raft.server.log.appender.buffer.element-limit = 1 (custom)
2019-08-22 11:56:49,378 [c2ff41bc-5475-4ec0-aa3a-f40fe56d194e:group-B72D0A15121E:LeaderElection66] INFO  grpc.GrpcConfigKeys$Server (ConfUtils.java:logGet(43)) - raft.grpc.server.leader.outstanding.appends.max = 128 (default)
2019-08-22 11:56:49,378 [c2ff41bc-5475-4ec0-aa3a-f40fe56d194e:group-B72D0A15121E:LeaderElection66] INFO  server.RaftServerConfigKeys (ConfUtils.java:logGet(43)) - raft.server.rpc.request.timeout = 3000ms (default)
2019-08-22 11:56:49,378 [c2ff41bc-5475-4ec0-aa3a-f40fe56d194e:group-B72D0A15121E:LeaderElection66] INFO  server.RaftServerConfigKeys (ConfUtils.java:logGet(43)) - raft.server.log.appender.install.snapshot.enabled = false (custom)
2019-08-22 11:56:49,378 [c2ff41bc-5475-4ec0-aa3a-f40fe56d194e:group-B72D0A15121E:LeaderElection66] INFO  impl.RoleInfo (RoleInfo.java:updateAndGet(143)) - c2ff41bc-5475-4ec0-aa3a-f40fe56d194e: start LeaderState
2019-08-22 11:56:49,379 [c2ff41bc-5475-4ec0-aa3a-f40fe56d194e:group-B72D0A15121E:LeaderElection66] INFO  segmented.SegmentedRaftLogWorker (SegmentedRaftLogWorker.java:startLogSegment(380)) - c2ff41bc-5475-4ec0-aa3a-f40fe56d194e-SegmentedRaftLogWorker:Storage Directory /workdir/hadoop-ozone/integration-test/target/test-dir/MiniOzoneClusterImpl-7b3b72d3-1b02-413e-a616-a170ee685c37/datanode-5/data/ratis/8725ea4a-5212-4990-a035-b72d0a15121e: Starting segment from index:0
2019-08-22 11:56:49,379 [c2ff41bc-5475-4ec0-aa3a-f40fe56d194e:group-B72D0A15121E:LeaderElection66] INFO  impl.RaftServerImpl (ServerState.java:setRaftConf(361)) - c2ff41bc-5475-4ec0-aa3a-f40fe56d194e:group-B72D0A15121E set configuration 0: [81358f04-b55e-4661-8083-492e8c5539a7:192.168.5.135:46413, 4a9862d5-694b-4c7d-b652-1fb8ddcfc588:192.168.5.135:42468, c2ff41bc-5475-4ec0-aa3a-f40fe56d194e:192.168.5.135:41764], old=null at 0
2019-08-22 11:56:49,379 [main] INFO  server.AuthenticationFilter (AuthenticationFilter.java:constructSecretProvider(240)) - Unable to initialize FileSignerSecretProvider, falling back to use random secrets.
2019-08-22 11:56:49,380 [main] WARN  http.HttpRequestLog (HttpRequestLog.java:getRequestLog(97)) - Jetty request log can only be enabled using Log4j
2019-08-22 11:56:49,381 [grpc-default-executor-1] INFO  impl.RaftServerImpl (ServerState.java:setLeader(263)) - 4a9862d5-694b-4c7d-b652-1fb8ddcfc588:group-B72D0A15121E change Leader from null to c2ff41bc-5475-4ec0-aa3a-f40fe56d194e at term 3 for appendEntries, leader elected after 20905ms
2019-08-22 11:56:49,381 [grpc-default-executor-7] INFO  impl.RaftServerImpl (ServerState.java:setLeader(263)) - 81358f04-b55e-4661-8083-492e8c5539a7:group-B72D0A15121E change Leader from null to c2ff41bc-5475-4ec0-aa3a-f40fe56d194e at term 3 for appendEntries, leader elected after 20905ms
2019-08-22 11:56:49,383 [grpc-default-executor-7] INFO  impl.RaftServerImpl (ServerState.java:setRaftConf(361)) - 81358f04-b55e-4661-8083-492e8c5539a7:group-B72D0A15121E set configuration 0: [81358f04-b55e-4661-8083-492e8c5539a7:192.168.5.135:46413, 4a9862d5-694b-4c7d-b652-1fb8ddcfc588:192.168.5.135:42468, c2ff41bc-5475-4ec0-aa3a-f40fe56d194e:192.168.5.135:41764], old=null at 0
2019-08-22 11:56:49,383 [grpc-default-executor-1] INFO  impl.RaftServerImpl (ServerState.java:setRaftConf(361)) - 4a9862d5-694b-4c7d-b652-1fb8ddcfc588:group-B72D0A15121E set configuration 0: [81358f04-b55e-4661-8083-492e8c5539a7:192.168.5.135:46413, 4a9862d5-694b-4c7d-b652-1fb8ddcfc588:192.168.5.135:42468, c2ff41bc-5475-4ec0-aa3a-f40fe56d194e:192.168.5.135:41764], old=null at 0
2019-08-22 11:56:49,383 [grpc-default-executor-7] INFO  segmented.SegmentedRaftLogWorker (SegmentedRaftLogWorker.java:startLogSegment(380)) - 81358f04-b55e-4661-8083-492e8c5539a7-SegmentedRaftLogWorker:Storage Directory /workdir/hadoop-ozone/integration-test/target/test-dir/MiniOzoneClusterImpl-7b3b72d3-1b02-413e-a616-a170ee685c37/datanode-4/data/ratis/8725ea4a-5212-4990-a035-b72d0a15121e: Starting segment from index:0
2019-08-22 11:56:49,383 [main] INFO  http.HttpServer2 (HttpServer2.java:addGlobalFilter(975)) - Added global filter 'safety' (class=org.apache.hadoop.http.HttpServer2$QuotingInputFilter)
2019-08-22 11:56:49,383 [grpc-default-executor-1] INFO  segmented.SegmentedRaftLogWorker (SegmentedRaftLogWorker.java:startLogSegment(380)) - 4a9862d5-694b-4c7d-b652-1fb8ddcfc588-SegmentedRaftLogWorker:Storage Directory /workdir/hadoop-ozone/integration-test/target/test-dir/MiniOzoneClusterImpl-7b3b72d3-1b02-413e-a616-a170ee685c37/datanode-3/data/ratis/8725ea4a-5212-4990-a035-b72d0a15121e: Starting segment from index:0
2019-08-22 11:56:49,384 [main] INFO  http.HttpServer2 (HttpServer2.java:addFilter(948)) - Added filter static_user_filter (class=org.apache.hadoop.http.lib.StaticUserWebFilter$StaticUserFilter) to context scm
2019-08-22 11:56:49,385 [main] INFO  http.HttpServer2 (HttpServer2.java:addFilter(958)) - Added filter static_user_filter (class=org.apache.hadoop.http.lib.StaticUserWebFilter$StaticUserFilter) to context static
2019-08-22 11:56:49,385 [main] INFO  http.HttpServer2 (HttpServer2.java:addFilter(958)) - Added filter static_user_filter (class=org.apache.hadoop.http.lib.StaticUserWebFilter$StaticUserFilter) to context logs
2019-08-22 11:56:49,388 [8c07d121-2c0d-4967-83b1-bdc1bfd445f6-SegmentedRaftLogWorker:Storage Directory /workdir/hadoop-ozone/integration-test/target/test-dir/MiniOzoneClusterImpl-7b3b72d3-1b02-413e-a616-a170ee685c37/datanode-2/data/ratis/c8ad4123-12cb-426e-afae-6ed392aafddc] INFO  segmented.SegmentedRaftLogWorker (SegmentedRaftLogWorker.java:execute(569)) - 8c07d121-2c0d-4967-83b1-bdc1bfd445f6-SegmentedRaftLogWorker:Storage Directory /workdir/hadoop-ozone/integration-test/target/test-dir/MiniOzoneClusterImpl-7b3b72d3-1b02-413e-a616-a170ee685c37/datanode-2/data/ratis/c8ad4123-12cb-426e-afae-6ed392aafddc: created new log segment /workdir/hadoop-ozone/integration-test/target/test-dir/MiniOzoneClusterImpl-7b3b72d3-1b02-413e-a616-a170ee685c37/datanode-2/data/ratis/c8ad4123-12cb-426e-afae-6ed392aafddc/current/log_inprogress_0
2019-08-22 11:56:49,388 [8085255e-7a41-426f-b0e8-2d5555c5b7b9-SegmentedRaftLogWorker:Storage Directory /workdir/hadoop-ozone/integration-test/target/test-dir/MiniOzoneClusterImpl-7b3b72d3-1b02-413e-a616-a170ee685c37/datanode-1/data/ratis/c8ad4123-12cb-426e-afae-6ed392aafddc] INFO  segmented.SegmentedRaftLogWorker (SegmentedRaftLogWorker.java:execute(569)) - 8085255e-7a41-426f-b0e8-2d5555c5b7b9-SegmentedRaftLogWorker:Storage Directory /workdir/hadoop-ozone/integration-test/target/test-dir/MiniOzoneClusterImpl-7b3b72d3-1b02-413e-a616-a170ee685c37/datanode-1/data/ratis/c8ad4123-12cb-426e-afae-6ed392aafddc: created new log segment /workdir/hadoop-ozone/integration-test/target/test-dir/MiniOzoneClusterImpl-7b3b72d3-1b02-413e-a616-a170ee685c37/datanode-1/data/ratis/c8ad4123-12cb-426e-afae-6ed392aafddc/current/log_inprogress_0
2019-08-22 11:56:49,393 [main] INFO  server.StorageContainerManager (StorageContainerManager.java:start(759)) - StorageContainerLocationProtocol RPC server is listening at /0.0.0.0:34238
2019-08-22 11:56:49,393 [main] INFO  impl.MetricsSystemImpl (MetricsSystemImpl.java:init(158)) - StorageContainerManager metrics system started (again)
2019-08-22 11:56:49,416 [main] INFO  server.SCMClientProtocolServer (SCMClientProtocolServer.java:start(151)) - RPC server for Client  is listening at /0.0.0.0:34238
2019-08-22 11:56:49,416 [IPC Server Responder] INFO  ipc.Server (Server.java:run(1314)) - IPC Server Responder: starting
2019-08-22 11:56:49,420 [IPC Server listener on 34238] INFO  ipc.Server (Server.java:run(1153)) - IPC Server listener on 34238: starting
2019-08-22 11:56:49,424 [main] INFO  server.StorageContainerManager (StorageContainerManager.java:start(769)) - ScmBlockLocationProtocol RPC server is listening at /0.0.0.0:36161
2019-08-22 11:56:49,425 [main] INFO  server.SCMBlockProtocolServer (SCMBlockProtocolServer.java:start(140)) - RPC server for Block Protocol is listening at /0.0.0.0:36161
2019-08-22 11:56:49,425 [IPC Server Responder] INFO  ipc.Server (Server.java:run(1314)) - IPC Server Responder: starting
2019-08-22 11:56:49,425 [IPC Server listener on 36161] INFO  ipc.Server (Server.java:run(1153)) - IPC Server listener on 36161: starting
2019-08-22 11:56:49,431 [main] INFO  server.StorageContainerManager (StorageContainerManager.java:start(773)) - ScmDatanodeProtocl RPC server is listening at /0.0.0.0:45248
2019-08-22 11:56:49,432 [main] INFO  server.SCMDatanodeProtocolServer (SCMDatanodeProtocolServer.java:start(191)) - RPC server for DataNodes is listening at /0.0.0.0:45248
2019-08-22 11:56:49,432 [IPC Server Responder] INFO  ipc.Server (Server.java:run(1314)) - IPC Server Responder: starting
2019-08-22 11:56:49,432 [IPC Server listener on 45248] INFO  ipc.Server (Server.java:run(1153)) - IPC Server listener on 45248: starting
2019-08-22 11:56:49,433 [c2ff41bc-5475-4ec0-aa3a-f40fe56d194e-SegmentedRaftLogWorker:Storage Directory /workdir/hadoop-ozone/integration-test/target/test-dir/MiniOzoneClusterImpl-7b3b72d3-1b02-413e-a616-a170ee685c37/datanode-5/data/ratis/8725ea4a-5212-4990-a035-b72d0a15121e] INFO  segmented.SegmentedRaftLogWorker (SegmentedRaftLogWorker.java:execute(569)) - c2ff41bc-5475-4ec0-aa3a-f40fe56d194e-SegmentedRaftLogWorker:Storage Directory /workdir/hadoop-ozone/integration-test/target/test-dir/MiniOzoneClusterImpl-7b3b72d3-1b02-413e-a616-a170ee685c37/datanode-5/data/ratis/8725ea4a-5212-4990-a035-b72d0a15121e: created new log segment /workdir/hadoop-ozone/integration-test/target/test-dir/MiniOzoneClusterImpl-7b3b72d3-1b02-413e-a616-a170ee685c37/datanode-5/data/ratis/8725ea4a-5212-4990-a035-b72d0a15121e/current/log_inprogress_0
2019-08-22 11:56:49,433 [81358f04-b55e-4661-8083-492e8c5539a7-SegmentedRaftLogWorker:Storage Directory /workdir/hadoop-ozone/integration-test/target/test-dir/MiniOzoneClusterImpl-7b3b72d3-1b02-413e-a616-a170ee685c37/datanode-4/data/ratis/8725ea4a-5212-4990-a035-b72d0a15121e] INFO  segmented.SegmentedRaftLogWorker (SegmentedRaftLogWorker.java:execute(569)) - 81358f04-b55e-4661-8083-492e8c5539a7-SegmentedRaftLogWorker:Storage Directory /workdir/hadoop-ozone/integration-test/target/test-dir/MiniOzoneClusterImpl-7b3b72d3-1b02-413e-a616-a170ee685c37/datanode-4/data/ratis/8725ea4a-5212-4990-a035-b72d0a15121e: created new log segment /workdir/hadoop-ozone/integration-test/target/test-dir/MiniOzoneClusterImpl-7b3b72d3-1b02-413e-a616-a170ee685c37/datanode-4/data/ratis/8725ea4a-5212-4990-a035-b72d0a15121e/current/log_inprogress_0
2019-08-22 11:56:49,433 [4a9862d5-694b-4c7d-b652-1fb8ddcfc588-SegmentedRaftLogWorker:Storage Directory /workdir/hadoop-ozone/integration-test/target/test-dir/MiniOzoneClusterImpl-7b3b72d3-1b02-413e-a616-a170ee685c37/datanode-3/data/ratis/8725ea4a-5212-4990-a035-b72d0a15121e] INFO  segmented.SegmentedRaftLogWorker (SegmentedRaftLogWorker.java:execute(569)) - 4a9862d5-694b-4c7d-b652-1fb8ddcfc588-SegmentedRaftLogWorker:Storage Directory /workdir/hadoop-ozone/integration-test/target/test-dir/MiniOzoneClusterImpl-7b3b72d3-1b02-413e-a616-a170ee685c37/datanode-3/data/ratis/8725ea4a-5212-4990-a035-b72d0a15121e: created new log segment /workdir/hadoop-ozone/integration-test/target/test-dir/MiniOzoneClusterImpl-7b3b72d3-1b02-413e-a616-a170ee685c37/datanode-3/data/ratis/8725ea4a-5212-4990-a035-b72d0a15121e/current/log_inprogress_0
2019-08-22 11:56:49,439 [main] INFO  http.HttpServer2 (HttpServer2.java:bindListener(1191)) - Jetty bound to port 38768
2019-08-22 11:56:49,439 [main] INFO  server.Server (Server.java:doStart(351)) - jetty-9.3.24.v20180605, build timestamp: 2018-06-05T17:11:56Z, git hash: 84205aa28f11a4f31f2a3b86d1bba2cc8ab69827
2019-08-22 11:56:49,441 [main] INFO  handler.ContextHandler (ContextHandler.java:doStart(781)) - Started o.e.j.s.ServletContextHandler@5b2c41f9{/logs,file:///workdir/hadoop-ozone/integration-test/target/log,AVAILABLE}
2019-08-22 11:56:49,442 [main] INFO  handler.ContextHandler (ContextHandler.java:doStart(781)) - Started o.e.j.s.ServletContextHandler@1ee52741{/static,file:///workdir/hadoop-ozone/integration-test/target/test-classes/webapps/static,AVAILABLE}
2019-08-22 11:56:49,447 [main] INFO  handler.ContextHandler (ContextHandler.java:doStart(781)) - Started o.e.j.w.WebAppContext@51eafec0{/,file:///workdir/hadoop-ozone/integration-test/target/test-classes/webapps/scm/,AVAILABLE}{/scm}
2019-08-22 11:56:49,449 [main] INFO  server.AbstractConnector (AbstractConnector.java:doStart(278)) - Started ServerConnector@2d94279f{HTTP/1.1,[http/1.1]}{0.0.0.0:38768}
2019-08-22 11:56:49,450 [main] INFO  server.Server (Server.java:doStart(419)) - Started @135597ms
2019-08-22 11:56:49,451 [main] INFO  server.BaseHttpServer (BaseHttpServer.java:updateConnectorAddress(213)) - HTTP server of SCM is listening at http://0.0.0.0:38768
2019-08-22 11:56:49,453 [main] WARN  server.ServerUtils (ServerUtils.java:getDBPath(222)) - ozone.om.db.dirs is not configured. We recommend adding this setting. Falling back to ozone.metadata.dirs instead.
2019-08-22 11:56:49,454 [org.apache.hadoop.util.JvmPauseMonitor$Monitor@57abe94d] INFO  util.JvmPauseMonitor (JvmPauseMonitor.java:run(188)) - Starting JVM pause monitor
2019-08-22 11:56:49,462 | INFO  | SCMAudit | user=jenkins1000 | ip=192.168.5.135 | op=SEND_HEARTBEAT {datanodeUUID=9b0e54da-58f3-4b2f-aec1-b0a4cb1efbe1, command=[]} | ret=SUCCESS |  
2019-08-22 11:56:49,466 [main] WARN  server.ServerUtils (ServerUtils.java:getDBPath(222)) - ozone.om.db.dirs is not configured. We recommend adding this setting. Falling back to ozone.metadata.dirs instead.
2019-08-22 11:56:49,467 [main] WARN  server.ServerUtils (ServerUtils.java:getDBPath(222)) - ozone.om.db.dirs is not configured. We recommend adding this setting. Falling back to ozone.metadata.dirs instead.
2019-08-22 11:56:49,467 [main] INFO  om.OzoneManager (OzoneManager.java:setOMNodeDetails(648)) - OM Service ID is not set. Setting it to the default ID: omServiceIdDefault
2019-08-22 11:56:49,467 [main] INFO  om.OzoneManager (OzoneManager.java:setOMNodeDetails(654)) - OM Node ID is not set. Setting it to the OmStorage's OmID: da3c5085-314b-4854-a36f-b7e2d41b06b1
2019-08-22 11:56:49,467 [main] INFO  om.OzoneManager (OzoneManager.java:loadOMHAConfigs(605)) - Found matching OM address with OMServiceId: null, OMNodeId: null, RPC Address: localhost:0 and Ratis port: 9872
2019-08-22 11:56:49,473 | INFO  | SCMAudit | user=jenkins1000 | ip=192.168.5.135 | op=GET_SCM_INFO null | ret=SUCCESS |  
2019-08-22 11:56:49,478 [main] WARN  server.ServerUtils (ServerUtils.java:getDBPath(222)) - ozone.om.db.dirs is not configured. We recommend adding this setting. Falling back to ozone.metadata.dirs instead.
2019-08-22 11:56:49,479 [main] INFO  db.DBStoreBuilder (DBStoreBuilder.java:addTable(110)) - using custom profile for table: userTable
2019-08-22 11:56:49,479 [main] INFO  db.DBStoreBuilder (DBStoreBuilder.java:processTables(161)) - Using default column profile:DBProfile.DISK for Table:userTable
2019-08-22 11:56:49,479 [main] INFO  db.DBStoreBuilder (DBStoreBuilder.java:addTable(110)) - using custom profile for table: volumeTable
2019-08-22 11:56:49,479 [main] INFO  db.DBStoreBuilder (DBStoreBuilder.java:processTables(161)) - Using default column profile:DBProfile.DISK for Table:volumeTable
2019-08-22 11:56:49,480 [main] INFO  db.DBStoreBuilder (DBStoreBuilder.java:addTable(110)) - using custom profile for table: bucketTable
2019-08-22 11:56:49,480 [main] INFO  db.DBStoreBuilder (DBStoreBuilder.java:processTables(161)) - Using default column profile:DBProfile.DISK for Table:bucketTable
2019-08-22 11:56:49,480 [main] INFO  db.DBStoreBuilder (DBStoreBuilder.java:addTable(110)) - using custom profile for table: keyTable
2019-08-22 11:56:49,480 [main] INFO  db.DBStoreBuilder (DBStoreBuilder.java:processTables(161)) - Using default column profile:DBProfile.DISK for Table:keyTable
2019-08-22 11:56:49,480 [main] INFO  db.DBStoreBuilder (DBStoreBuilder.java:addTable(110)) - using custom profile for table: deletedTable
2019-08-22 11:56:49,481 [main] INFO  db.DBStoreBuilder (DBStoreBuilder.java:processTables(161)) - Using default column profile:DBProfile.DISK for Table:deletedTable
2019-08-22 11:56:49,481 [main] INFO  db.DBStoreBuilder (DBStoreBuilder.java:addTable(110)) - using custom profile for table: openKeyTable
2019-08-22 11:56:49,481 [main] INFO  db.DBStoreBuilder (DBStoreBuilder.java:processTables(161)) - Using default column profile:DBProfile.DISK for Table:openKeyTable
2019-08-22 11:56:49,481 [main] INFO  db.DBStoreBuilder (DBStoreBuilder.java:addTable(110)) - using custom profile for table: s3Table
2019-08-22 11:56:49,481 [main] INFO  db.DBStoreBuilder (DBStoreBuilder.java:processTables(161)) - Using default column profile:DBProfile.DISK for Table:s3Table
2019-08-22 11:56:49,481 [main] INFO  db.DBStoreBuilder (DBStoreBuilder.java:addTable(110)) - using custom profile for table: multipartInfoTable
2019-08-22 11:56:49,482 [main] INFO  db.DBStoreBuilder (DBStoreBuilder.java:processTables(161)) - Using default column profile:DBProfile.DISK for Table:multipartInfoTable
2019-08-22 11:56:49,482 [main] INFO  db.DBStoreBuilder (DBStoreBuilder.java:addTable(110)) - using custom profile for table: dTokenTable
2019-08-22 11:56:49,482 [main] INFO  db.DBStoreBuilder (DBStoreBuilder.java:processTables(161)) - Using default column profile:DBProfile.DISK for Table:dTokenTable
2019-08-22 11:56:49,482 [main] INFO  db.DBStoreBuilder (DBStoreBuilder.java:addTable(110)) - using custom profile for table: s3SecretTable
2019-08-22 11:56:49,482 [main] INFO  db.DBStoreBuilder (DBStoreBuilder.java:processTables(161)) - Using default column profile:DBProfile.DISK for Table:s3SecretTable
2019-08-22 11:56:49,483 [main] INFO  db.DBStoreBuilder (DBStoreBuilder.java:addTable(110)) - using custom profile for table: prefixTable
2019-08-22 11:56:49,483 [main] INFO  db.DBStoreBuilder (DBStoreBuilder.java:processTables(161)) - Using default column profile:DBProfile.DISK for Table:prefixTable
2019-08-22 11:56:49,483 [main] INFO  db.DBStoreBuilder (DBStoreBuilder.java:addTable(110)) - using custom profile for table: default
2019-08-22 11:56:49,483 [main] INFO  db.DBStoreBuilder (DBStoreBuilder.java:processTables(167)) - Using default column profile:DBProfile.DISK for Table:default
2019-08-22 11:56:49,483 [main] INFO  db.DBStoreBuilder (DBStoreBuilder.java:getDbProfile(198)) - Using default options. DBProfile.DISK
2019-08-22 11:56:49,570 | INFO  | SCMAudit | user=jenkins1000 | ip=192.168.5.135 | op=SEND_HEARTBEAT {datanodeUUID=8c07d121-2c0d-4967-83b1-bdc1bfd445f6, command=[]} | ret=SUCCESS |  
2019-08-22 11:56:49,733 | INFO  | SCMAudit | user=jenkins1000 | ip=192.168.5.135 | op=SEND_HEARTBEAT {datanodeUUID=4a9862d5-694b-4c7d-b652-1fb8ddcfc588, command=[]} | ret=SUCCESS |  
2019-08-22 11:56:49,902 | INFO  | SCMAudit | user=jenkins1000 | ip=192.168.5.135 | op=SEND_HEARTBEAT {datanodeUUID=81358f04-b55e-4661-8083-492e8c5539a7, command=[]} | ret=SUCCESS |  
2019-08-22 11:56:50,041 [main] INFO  ipc.CallQueueManager (CallQueueManager.java:<init>(84)) - Using callQueue: class java.util.concurrent.LinkedBlockingQueue, queueCapacity: 2000, scheduler: class org.apache.hadoop.ipc.DefaultRpcScheduler, ipcBackoff: false.
2019-08-22 11:56:50,042 [Socket Reader #1 for port 34451] INFO  ipc.Server (Server.java:run(1074)) - Starting Socket Reader #1 for port 34451
2019-08-22 11:56:50,069 [main] INFO  om.OzoneManager (OzoneManager.java:start(1259)) - OzoneManager RPC server is listening at localhost/127.0.0.1:34451
2019-08-22 11:56:50,070 [main] INFO  impl.MetricsSystemImpl (MetricsSystemImpl.java:init(158)) - OzoneManager metrics system started (again)
2019-08-22 11:56:50,070 [IPC Server Responder] INFO  ipc.Server (Server.java:run(1314)) - IPC Server Responder: starting
2019-08-22 11:56:50,070 [IPC Server listener on 34451] INFO  ipc.Server (Server.java:run(1153)) - IPC Server listener on 34451: starting
2019-08-22 11:56:50,077 [main] INFO  hdfs.DFSUtil (DFSUtil.java:httpServerTemplateForNNAndJN(1641)) - Starting Web-server for ozoneManager at: http://0.0.0.0:0
2019-08-22 11:56:50,078 [main] INFO  server.AuthenticationFilter (AuthenticationFilter.java:constructSecretProvider(240)) - Unable to initialize FileSignerSecretProvider, falling back to use random secrets.
2019-08-22 11:56:50,079 [main] WARN  http.HttpRequestLog (HttpRequestLog.java:getRequestLog(97)) - Jetty request log can only be enabled using Log4j
2019-08-22 11:56:50,080 [main] INFO  http.HttpServer2 (HttpServer2.java:addGlobalFilter(975)) - Added global filter 'safety' (class=org.apache.hadoop.http.HttpServer2$QuotingInputFilter)
2019-08-22 11:56:50,081 [main] INFO  http.HttpServer2 (HttpServer2.java:addFilter(948)) - Added filter static_user_filter (class=org.apache.hadoop.http.lib.StaticUserWebFilter$StaticUserFilter) to context ozoneManager
2019-08-22 11:56:50,081 [main] INFO  http.HttpServer2 (HttpServer2.java:addFilter(958)) - Added filter static_user_filter (class=org.apache.hadoop.http.lib.StaticUserWebFilter$StaticUserFilter) to context static
2019-08-22 11:56:50,081 [main] INFO  http.HttpServer2 (HttpServer2.java:addFilter(958)) - Added filter static_user_filter (class=org.apache.hadoop.http.lib.StaticUserWebFilter$StaticUserFilter) to context logs
2019-08-22 11:56:50,082 [main] INFO  http.HttpServer2 (HttpServer2.java:bindListener(1191)) - Jetty bound to port 44513
2019-08-22 11:56:50,082 [main] INFO  server.Server (Server.java:doStart(351)) - jetty-9.3.24.v20180605, build timestamp: 2018-06-05T17:11:56Z, git hash: 84205aa28f11a4f31f2a3b86d1bba2cc8ab69827
2019-08-22 11:56:50,083 [main] INFO  handler.ContextHandler (ContextHandler.java:doStart(781)) - Started o.e.j.s.ServletContextHandler@1e5e2e06{/logs,file:///workdir/hadoop-ozone/integration-test/target/log,AVAILABLE}
2019-08-22 11:56:50,083 [main] INFO  handler.ContextHandler (ContextHandler.java:doStart(781)) - Started o.e.j.s.ServletContextHandler@79982bcc{/static,file:///workdir/hadoop-ozone/integration-test/target/test-classes/webapps/static,AVAILABLE}
2019-08-22 11:56:50,087 [main] INFO  handler.ContextHandler (ContextHandler.java:doStart(781)) - Started o.e.j.w.WebAppContext@45f6181a{/,file:///workdir/hadoop-ozone/integration-test/target/test-classes/webapps/ozoneManager/,AVAILABLE}{/ozoneManager}
2019-08-22 11:56:50,087 [main] INFO  server.AbstractConnector (AbstractConnector.java:doStart(278)) - Started ServerConnector@19d0d1ab{HTTP/1.1,[http/1.1]}{0.0.0.0:44513}
2019-08-22 11:56:50,090 [main] INFO  server.Server (Server.java:doStart(419)) - Started @136237ms
2019-08-22 11:56:50,091 [main] INFO  server.BaseHttpServer (BaseHttpServer.java:updateConnectorAddress(213)) - HTTP server of OZONEMANAGER is listening at http://0.0.0.0:44513
2019-08-22 11:56:50,104 [main] INFO  impl.MetricsSystemImpl (MetricsSystemImpl.java:init(158)) - HddsDatanode metrics system started (again)
2019-08-22 11:56:50,116 | INFO  | SCMAudit | user=jenkins1000 | ip=192.168.5.135 | op=SEND_HEARTBEAT {datanodeUUID=ac50c3b2-b81f-4c0a-b4fe-860d2c902727, command=[]} | ret=SUCCESS |  
2019-08-22 11:56:50,124 [main] INFO  ozone.HddsDatanodeService (HddsDatanodeService.java:start(184)) - HddsDatanodeService host:pr-hdds-1981-gl9jh-3406769118 ip:192.168.5.135
2019-08-22 11:56:50,136 [main] INFO  volume.HddsVolume (HddsVolume.java:<init>(176)) - Creating Volume: /workdir/hadoop-ozone/integration-test/target/test-dir/MiniOzoneClusterImpl-8e457fc4-2fe2-4844-8b87-d385df915f48/datanode-0/data/containers/hdds of  storage type : DISK and capacity : 1482555576320
2019-08-22 11:56:50,136 [main] INFO  volume.VolumeSet (VolumeSet.java:initializeVolumeSet(170)) - Added Volume : /workdir/hadoop-ozone/integration-test/target/test-dir/MiniOzoneClusterImpl-8e457fc4-2fe2-4844-8b87-d385df915f48/datanode-0/data/containers/hdds to VolumeSet
2019-08-22 11:56:50,137 [main] INFO  volume.ThrottledAsyncChecker (ThrottledAsyncChecker.java:schedule(140)) - Scheduling a check for org.apache.hadoop.ozone.container.common.volume.HddsVolume@317fa5dd
2019-08-22 11:56:50,137 [main] INFO  volume.HddsVolumeChecker (HddsVolumeChecker.java:checkAllVolumes(203)) - Scheduled health check for volume org.apache.hadoop.ozone.container.common.volume.HddsVolume@317fa5dd
2019-08-22 11:56:50,157 [main] INFO  impl.RaftServerProxy (ConfUtils.java:logGet(43)) - raft.rpc.type = GRPC (default)
2019-08-22 11:56:50,157 [main] INFO  grpc.GrpcFactory (GrpcFactory.java:checkPooledByteBufAllocatorUseCacheForAllThreads(45)) - PERFORMANCE WARNING: useCacheForAllThreads is true that may cause Netty to create a lot garbage objects and, as a result, trigger GC.
	It is recommended to disable useCacheForAllThreads by setting -Dorg.apache.ratis.thirdparty.io.netty.allocator.useCacheForAllThreads=false in command line.
2019-08-22 11:56:50,157 [main] INFO  grpc.GrpcConfigKeys$Server (ConfUtils.java:logGet(43)) - raft.grpc.server.port = 0 (default)
2019-08-22 11:56:50,157 [main] INFO  server.GrpcService (ConfUtils.java:logGet(43)) - raft.grpc.message.size.max = 33570816 (custom)
2019-08-22 11:56:50,158 [main] INFO  server.RaftServerConfigKeys (ConfUtils.java:logGet(43)) - raft.server.log.appender.buffer.byte-limit = 33554432 (custom)
2019-08-22 11:56:50,158 [main] INFO  server.GrpcService (ConfUtils.java:logGet(43)) - raft.grpc.flow.control.window = 1MB (=1048576) (default)
2019-08-22 11:56:50,158 [main] INFO  server.RaftServerConfigKeys (ConfUtils.java:logGet(43)) - raft.server.rpc.request.timeout = 3000ms (default)
2019-08-22 11:56:50,159 [main] INFO  server.RaftServerConfigKeys (ConfUtils.java:logGet(43)) - raft.server.storage.dir = [/workdir/hadoop-ozone/integration-test/target/test-dir/MiniOzoneClusterImpl-8e457fc4-2fe2-4844-8b87-d385df915f48/datanode-0/data/ratis] (custom)
2019-08-22 11:56:50,159 [main] INFO  replication.SimpleContainerDownloader (SimpleContainerDownloader.java:<init>(72)) - Starting container downloader service to copy containers to replicate.
2019-08-22 11:56:50,160 [main] INFO  hdfs.DFSUtil (DFSUtil.java:httpServerTemplateForNNAndJN(1641)) - Starting Web-server for hddsDatanode at: http://0.0.0.0:0
2019-08-22 11:56:50,161 [main] INFO  server.AuthenticationFilter (AuthenticationFilter.java:constructSecretProvider(240)) - Unable to initialize FileSignerSecretProvider, falling back to use random secrets.
2019-08-22 11:56:50,162 [main] WARN  http.HttpRequestLog (HttpRequestLog.java:getRequestLog(97)) - Jetty request log can only be enabled using Log4j
2019-08-22 11:56:50,163 [main] INFO  http.HttpServer2 (HttpServer2.java:addGlobalFilter(975)) - Added global filter 'safety' (class=org.apache.hadoop.http.HttpServer2$QuotingInputFilter)
2019-08-22 11:56:50,164 [main] INFO  http.HttpServer2 (HttpServer2.java:addFilter(948)) - Added filter static_user_filter (class=org.apache.hadoop.http.lib.StaticUserWebFilter$StaticUserFilter) to context hddsDatanode
2019-08-22 11:56:50,164 [main] INFO  http.HttpServer2 (HttpServer2.java:addFilter(958)) - Added filter static_user_filter (class=org.apache.hadoop.http.lib.StaticUserWebFilter$StaticUserFilter) to context static
2019-08-22 11:56:50,164 [main] INFO  http.HttpServer2 (HttpServer2.java:addFilter(958)) - Added filter static_user_filter (class=org.apache.hadoop.http.lib.StaticUserWebFilter$StaticUserFilter) to context logs
2019-08-22 11:56:50,165 [main] INFO  http.HttpServer2 (HttpServer2.java:bindListener(1191)) - Jetty bound to port 37497
2019-08-22 11:56:50,165 [main] INFO  server.Server (Server.java:doStart(351)) - jetty-9.3.24.v20180605, build timestamp: 2018-06-05T17:11:56Z, git hash: 84205aa28f11a4f31f2a3b86d1bba2cc8ab69827
2019-08-22 11:56:50,166 [main] INFO  handler.ContextHandler (ContextHandler.java:doStart(781)) - Started o.e.j.s.ServletContextHandler@f391e52{/logs,file:///workdir/hadoop-ozone/integration-test/target/log,AVAILABLE}
2019-08-22 11:56:50,167 [main] INFO  handler.ContextHandler (ContextHandler.java:doStart(781)) - Started o.e.j.s.ServletContextHandler@4b518645{/static,jar:file:/home/user/.m2/repository/org/apache/hadoop/hadoop-hdds-container-service/0.5.0-SNAPSHOT/hadoop-hdds-container-service-0.5.0-SNAPSHOT.jar!/webapps/static,AVAILABLE}
2019-08-22 11:56:50,196 [main] INFO  handler.ContextHandler (ContextHandler.java:doStart(781)) - Started o.e.j.w.WebAppContext@7f09ff10{/,file:///tmp/jetty-0.0.0.0-37497-hddsDatanode-_-any-2404119062889359034.dir/webapp/,AVAILABLE}{/hddsDatanode}
2019-08-22 11:56:50,196 [main] INFO  server.AbstractConnector (AbstractConnector.java:doStart(278)) - Started ServerConnector@531b1778{HTTP/1.1,[http/1.1]}{0.0.0.0:37497}
2019-08-22 11:56:50,200 [main] INFO  server.Server (Server.java:doStart(419)) - Started @136347ms
2019-08-22 11:56:50,201 [main] INFO  server.BaseHttpServer (BaseHttpServer.java:updateConnectorAddress(213)) - HTTP server of HDDSDATANODE is listening at http://0.0.0.0:37497
2019-08-22 11:56:50,266 | INFO  | SCMAudit | user=jenkins1000 | ip=192.168.5.135 | op=SEND_HEARTBEAT {datanodeUUID=c2ff41bc-5475-4ec0-aa3a-f40fe56d194e, command=[]} | ret=SUCCESS |  
2019-08-22 11:56:50,333 | INFO  | ObjectStoreRestHttpServer | Listening HDDS REST traffic on /0.0.0.0:45698 |  
2019-08-22 11:56:50,333 [main] INFO  ozone.HddsDatanodeService (HddsDatanodeService.java:startPlugins(395)) - Started plug-in org.apache.hadoop.ozone.web.OzoneHddsDatanodeService@7866a7a6
2019-08-22 11:56:50,333 [main] INFO  impl.MetricsSystemImpl (MetricsSystemImpl.java:init(158)) - HddsDatanode metrics system started (again)
2019-08-22 11:56:50,353 [org.apache.hadoop.util.JvmPauseMonitor$Monitor@64114a62] INFO  util.JvmPauseMonitor (JvmPauseMonitor.java:run(188)) - Starting JVM pause monitor
2019-08-22 11:56:50,355 [Datanode State Machine Thread - 0] INFO  datanode.InitDatanodeState (InitDatanodeState.java:persistContainerDatanodeDetails(140)) - DatanodeDetails is persisted to /workdir/hadoop-ozone/integration-test/target/test-dir/MiniOzoneClusterImpl-8e457fc4-2fe2-4844-8b87-d385df915f48/datanode-0/meta/datanode.id
2019-08-22 11:56:50,355 [main] INFO  ozone.HddsDatanodeService (HddsDatanodeService.java:start(184)) - HddsDatanodeService host:pr-hdds-1981-gl9jh-3406769118 ip:192.168.5.135
2019-08-22 11:56:50,365 [main] INFO  volume.HddsVolume (HddsVolume.java:<init>(176)) - Creating Volume: /workdir/hadoop-ozone/integration-test/target/test-dir/MiniOzoneClusterImpl-8e457fc4-2fe2-4844-8b87-d385df915f48/datanode-1/data/containers/hdds of  storage type : DISK and capacity : 1482555576320
2019-08-22 11:56:50,365 [main] INFO  volume.VolumeSet (VolumeSet.java:initializeVolumeSet(170)) - Added Volume : /workdir/hadoop-ozone/integration-test/target/test-dir/MiniOzoneClusterImpl-8e457fc4-2fe2-4844-8b87-d385df915f48/datanode-1/data/containers/hdds to VolumeSet
2019-08-22 11:56:50,365 [main] INFO  volume.ThrottledAsyncChecker (ThrottledAsyncChecker.java:schedule(140)) - Scheduling a check for org.apache.hadoop.ozone.container.common.volume.HddsVolume@7097ead6
2019-08-22 11:56:50,366 [main] INFO  volume.HddsVolumeChecker (HddsVolumeChecker.java:checkAllVolumes(203)) - Scheduled health check for volume org.apache.hadoop.ozone.container.common.volume.HddsVolume@7097ead6
2019-08-22 11:56:50,375 | INFO  | SCMAudit | user=jenkins1000 | ip=192.168.5.135 | op=SEND_HEARTBEAT {datanodeUUID=8085255e-7a41-426f-b0e8-2d5555c5b7b9, command=[]} | ret=SUCCESS |  
2019-08-22 11:56:50,382 [main] INFO  impl.RaftServerProxy (ConfUtils.java:logGet(43)) - raft.rpc.type = GRPC (default)
2019-08-22 11:56:50,382 [main] INFO  grpc.GrpcFactory (GrpcFactory.java:checkPooledByteBufAllocatorUseCacheForAllThreads(45)) - PERFORMANCE WARNING: useCacheForAllThreads is true that may cause Netty to create a lot garbage objects and, as a result, trigger GC.
	It is recommended to disable useCacheForAllThreads by setting -Dorg.apache.ratis.thirdparty.io.netty.allocator.useCacheForAllThreads=false in command line.
2019-08-22 11:56:50,383 [main] INFO  grpc.GrpcConfigKeys$Server (ConfUtils.java:logGet(43)) - raft.grpc.server.port = 0 (default)
2019-08-22 11:56:50,383 [main] INFO  server.GrpcService (ConfUtils.java:logGet(43)) - raft.grpc.message.size.max = 33570816 (custom)
2019-08-22 11:56:50,383 [main] INFO  server.RaftServerConfigKeys (ConfUtils.java:logGet(43)) - raft.server.log.appender.buffer.byte-limit = 33554432 (custom)
2019-08-22 11:56:50,383 [main] INFO  server.GrpcService (ConfUtils.java:logGet(43)) - raft.grpc.flow.control.window = 1MB (=1048576) (default)
2019-08-22 11:56:50,384 [main] INFO  server.RaftServerConfigKeys (ConfUtils.java:logGet(43)) - raft.server.rpc.request.timeout = 3000ms (default)
2019-08-22 11:56:50,384 [main] INFO  server.RaftServerConfigKeys (ConfUtils.java:logGet(43)) - raft.server.storage.dir = [/workdir/hadoop-ozone/integration-test/target/test-dir/MiniOzoneClusterImpl-8e457fc4-2fe2-4844-8b87-d385df915f48/datanode-1/data/ratis] (custom)
2019-08-22 11:56:50,385 [main] INFO  replication.SimpleContainerDownloader (SimpleContainerDownloader.java:<init>(72)) - Starting container downloader service to copy containers to replicate.
2019-08-22 11:56:50,386 [main] INFO  hdfs.DFSUtil (DFSUtil.java:httpServerTemplateForNNAndJN(1641)) - Starting Web-server for hddsDatanode at: http://0.0.0.0:0
2019-08-22 11:56:50,387 [main] INFO  server.AuthenticationFilter (AuthenticationFilter.java:constructSecretProvider(240)) - Unable to initialize FileSignerSecretProvider, falling back to use random secrets.
2019-08-22 11:56:50,387 [main] WARN  http.HttpRequestLog (HttpRequestLog.java:getRequestLog(97)) - Jetty request log can only be enabled using Log4j
2019-08-22 11:56:50,389 [main] INFO  http.HttpServer2 (HttpServer2.java:addGlobalFilter(975)) - Added global filter 'safety' (class=org.apache.hadoop.http.HttpServer2$QuotingInputFilter)
2019-08-22 11:56:50,389 [main] INFO  http.HttpServer2 (HttpServer2.java:addFilter(948)) - Added filter static_user_filter (class=org.apache.hadoop.http.lib.StaticUserWebFilter$StaticUserFilter) to context hddsDatanode
2019-08-22 11:56:50,390 [main] INFO  http.HttpServer2 (HttpServer2.java:addFilter(958)) - Added filter static_user_filter (class=org.apache.hadoop.http.lib.StaticUserWebFilter$StaticUserFilter) to context static
2019-08-22 11:56:50,390 [main] INFO  http.HttpServer2 (HttpServer2.java:addFilter(958)) - Added filter static_user_filter (class=org.apache.hadoop.http.lib.StaticUserWebFilter$StaticUserFilter) to context logs
2019-08-22 11:56:50,390 [main] INFO  http.HttpServer2 (HttpServer2.java:bindListener(1191)) - Jetty bound to port 44667
2019-08-22 11:56:50,390 [main] INFO  server.Server (Server.java:doStart(351)) - jetty-9.3.24.v20180605, build timestamp: 2018-06-05T17:11:56Z, git hash: 84205aa28f11a4f31f2a3b86d1bba2cc8ab69827
2019-08-22 11:56:50,392 [main] INFO  handler.ContextHandler (ContextHandler.java:doStart(781)) - Started o.e.j.s.ServletContextHandler@5364b481{/logs,file:///workdir/hadoop-ozone/integration-test/target/log,AVAILABLE}
2019-08-22 11:56:50,393 [main] INFO  handler.ContextHandler (ContextHandler.java:doStart(781)) - Started o.e.j.s.ServletContextHandler@362e709e{/static,jar:file:/home/user/.m2/repository/org/apache/hadoop/hadoop-hdds-container-service/0.5.0-SNAPSHOT/hadoop-hdds-container-service-0.5.0-SNAPSHOT.jar!/webapps/static,AVAILABLE}
2019-08-22 11:56:50,422 [main] INFO  handler.ContextHandler (ContextHandler.java:doStart(781)) - Started o.e.j.w.WebAppContext@2cf669f2{/,file:///tmp/jetty-0.0.0.0-44667-hddsDatanode-_-any-4588819028279407740.dir/webapp/,AVAILABLE}{/hddsDatanode}
2019-08-22 11:56:50,422 [main] INFO  server.AbstractConnector (AbstractConnector.java:doStart(278)) - Started ServerConnector@1dd6e400{HTTP/1.1,[http/1.1]}{0.0.0.0:44667}
2019-08-22 11:56:50,426 [main] INFO  server.Server (Server.java:doStart(419)) - Started @136573ms
2019-08-22 11:56:50,426 [main] INFO  server.BaseHttpServer (BaseHttpServer.java:updateConnectorAddress(213)) - HTTP server of HDDSDATANODE is listening at http://0.0.0.0:44667
2019-08-22 11:56:50,462 | INFO  | SCMAudit | user=jenkins1000 | ip=192.168.5.135 | op=SEND_HEARTBEAT {datanodeUUID=9b0e54da-58f3-4b2f-aec1-b0a4cb1efbe1, command=[]} | ret=SUCCESS |  
2019-08-22 11:56:50,567 | INFO  | ObjectStoreRestHttpServer | Listening HDDS REST traffic on /0.0.0.0:42411 |  
2019-08-22 11:56:50,567 [main] INFO  ozone.HddsDatanodeService (HddsDatanodeService.java:startPlugins(395)) - Started plug-in org.apache.hadoop.ozone.web.OzoneHddsDatanodeService@248ba4fc
2019-08-22 11:56:50,568 [main] INFO  impl.MetricsSystemImpl (MetricsSystemImpl.java:init(158)) - HddsDatanode metrics system started (again)
2019-08-22 11:56:50,570 | INFO  | SCMAudit | user=jenkins1000 | ip=192.168.5.135 | op=SEND_HEARTBEAT {datanodeUUID=8c07d121-2c0d-4967-83b1-bdc1bfd445f6, command=[]} | ret=SUCCESS |  
2019-08-22 11:56:50,587 [org.apache.hadoop.util.JvmPauseMonitor$Monitor@6c2e6552] INFO  util.JvmPauseMonitor (JvmPauseMonitor.java:run(188)) - Starting JVM pause monitor
2019-08-22 11:56:50,589 [Datanode State Machine Thread - 0] INFO  datanode.InitDatanodeState (InitDatanodeState.java:persistContainerDatanodeDetails(140)) - DatanodeDetails is persisted to /workdir/hadoop-ozone/integration-test/target/test-dir/MiniOzoneClusterImpl-8e457fc4-2fe2-4844-8b87-d385df915f48/datanode-1/meta/datanode.id
2019-08-22 11:56:50,590 [main] INFO  ozone.HddsDatanodeService (HddsDatanodeService.java:start(184)) - HddsDatanodeService host:pr-hdds-1981-gl9jh-3406769118 ip:192.168.5.135
2019-08-22 11:56:50,601 [main] INFO  volume.HddsVolume (HddsVolume.java:<init>(176)) - Creating Volume: /workdir/hadoop-ozone/integration-test/target/test-dir/MiniOzoneClusterImpl-8e457fc4-2fe2-4844-8b87-d385df915f48/datanode-2/data/containers/hdds of  storage type : DISK and capacity : 1482555576320
2019-08-22 11:56:50,601 [main] INFO  volume.VolumeSet (VolumeSet.java:initializeVolumeSet(170)) - Added Volume : /workdir/hadoop-ozone/integration-test/target/test-dir/MiniOzoneClusterImpl-8e457fc4-2fe2-4844-8b87-d385df915f48/datanode-2/data/containers/hdds to VolumeSet
2019-08-22 11:56:50,601 [main] INFO  volume.ThrottledAsyncChecker (ThrottledAsyncChecker.java:schedule(140)) - Scheduling a check for org.apache.hadoop.ozone.container.common.volume.HddsVolume@6f30d0eb
2019-08-22 11:56:50,601 [main] INFO  volume.HddsVolumeChecker (HddsVolumeChecker.java:checkAllVolumes(203)) - Scheduled health check for volume org.apache.hadoop.ozone.container.common.volume.HddsVolume@6f30d0eb
2019-08-22 11:56:50,618 [main] INFO  impl.RaftServerProxy (ConfUtils.java:logGet(43)) - raft.rpc.type = GRPC (default)
2019-08-22 11:56:50,618 [main] INFO  grpc.GrpcFactory (GrpcFactory.java:checkPooledByteBufAllocatorUseCacheForAllThreads(45)) - PERFORMANCE WARNING: useCacheForAllThreads is true that may cause Netty to create a lot garbage objects and, as a result, trigger GC.
	It is recommended to disable useCacheForAllThreads by setting -Dorg.apache.ratis.thirdparty.io.netty.allocator.useCacheForAllThreads=false in command line.
2019-08-22 11:56:50,618 [main] INFO  grpc.GrpcConfigKeys$Server (ConfUtils.java:logGet(43)) - raft.grpc.server.port = 0 (default)
2019-08-22 11:56:50,618 [main] INFO  server.GrpcService (ConfUtils.java:logGet(43)) - raft.grpc.message.size.max = 33570816 (custom)
2019-08-22 11:56:50,618 [main] INFO  server.RaftServerConfigKeys (ConfUtils.java:logGet(43)) - raft.server.log.appender.buffer.byte-limit = 33554432 (custom)
2019-08-22 11:56:50,619 [main] INFO  server.GrpcService (ConfUtils.java:logGet(43)) - raft.grpc.flow.control.window = 1MB (=1048576) (default)
2019-08-22 11:56:50,619 [main] INFO  server.RaftServerConfigKeys (ConfUtils.java:logGet(43)) - raft.server.rpc.request.timeout = 3000ms (default)
2019-08-22 11:56:50,619 [main] INFO  server.RaftServerConfigKeys (ConfUtils.java:logGet(43)) - raft.server.storage.dir = [/workdir/hadoop-ozone/integration-test/target/test-dir/MiniOzoneClusterImpl-8e457fc4-2fe2-4844-8b87-d385df915f48/datanode-2/data/ratis] (custom)
2019-08-22 11:56:50,620 [main] INFO  replication.SimpleContainerDownloader (SimpleContainerDownloader.java:<init>(72)) - Starting container downloader service to copy containers to replicate.
2019-08-22 11:56:50,620 [main] INFO  hdfs.DFSUtil (DFSUtil.java:httpServerTemplateForNNAndJN(1641)) - Starting Web-server for hddsDatanode at: http://0.0.0.0:0
2019-08-22 11:56:50,622 [main] INFO  server.AuthenticationFilter (AuthenticationFilter.java:constructSecretProvider(240)) - Unable to initialize FileSignerSecretProvider, falling back to use random secrets.
2019-08-22 11:56:50,622 [main] WARN  http.HttpRequestLog (HttpRequestLog.java:getRequestLog(97)) - Jetty request log can only be enabled using Log4j
2019-08-22 11:56:50,624 [main] INFO  http.HttpServer2 (HttpServer2.java:addGlobalFilter(975)) - Added global filter 'safety' (class=org.apache.hadoop.http.HttpServer2$QuotingInputFilter)
2019-08-22 11:56:50,624 [main] INFO  http.HttpServer2 (HttpServer2.java:addFilter(948)) - Added filter static_user_filter (class=org.apache.hadoop.http.lib.StaticUserWebFilter$StaticUserFilter) to context hddsDatanode
2019-08-22 11:56:50,624 [main] INFO  http.HttpServer2 (HttpServer2.java:addFilter(958)) - Added filter static_user_filter (class=org.apache.hadoop.http.lib.StaticUserWebFilter$StaticUserFilter) to context static
2019-08-22 11:56:50,624 [main] INFO  http.HttpServer2 (HttpServer2.java:addFilter(958)) - Added filter static_user_filter (class=org.apache.hadoop.http.lib.StaticUserWebFilter$StaticUserFilter) to context logs
2019-08-22 11:56:50,625 [main] INFO  http.HttpServer2 (HttpServer2.java:bindListener(1191)) - Jetty bound to port 40179
2019-08-22 11:56:50,625 [main] INFO  server.Server (Server.java:doStart(351)) - jetty-9.3.24.v20180605, build timestamp: 2018-06-05T17:11:56Z, git hash: 84205aa28f11a4f31f2a3b86d1bba2cc8ab69827
2019-08-22 11:56:50,627 [main] INFO  handler.ContextHandler (ContextHandler.java:doStart(781)) - Started o.e.j.s.ServletContextHandler@c555e1e{/logs,file:///workdir/hadoop-ozone/integration-test/target/log,AVAILABLE}
2019-08-22 11:56:50,627 [main] INFO  handler.ContextHandler (ContextHandler.java:doStart(781)) - Started o.e.j.s.ServletContextHandler@66df362c{/static,jar:file:/home/user/.m2/repository/org/apache/hadoop/hadoop-hdds-container-service/0.5.0-SNAPSHOT/hadoop-hdds-container-service-0.5.0-SNAPSHOT.jar!/webapps/static,AVAILABLE}
2019-08-22 11:56:50,653 [main] INFO  handler.ContextHandler (ContextHandler.java:doStart(781)) - Started o.e.j.w.WebAppContext@1d0fc0bc{/,file:///tmp/jetty-0.0.0.0-40179-hddsDatanode-_-any-2181965100706207683.dir/webapp/,AVAILABLE}{/hddsDatanode}
2019-08-22 11:56:50,653 [main] INFO  server.AbstractConnector (AbstractConnector.java:doStart(278)) - Started ServerConnector@2003edf{HTTP/1.1,[http/1.1]}{0.0.0.0:40179}
2019-08-22 11:56:50,657 [main] INFO  server.Server (Server.java:doStart(419)) - Started @136804ms
2019-08-22 11:56:50,657 [main] INFO  server.BaseHttpServer (BaseHttpServer.java:updateConnectorAddress(213)) - HTTP server of HDDSDATANODE is listening at http://0.0.0.0:40179
2019-08-22 11:56:50,733 | INFO  | SCMAudit | user=jenkins1000 | ip=192.168.5.135 | op=SEND_HEARTBEAT {datanodeUUID=4a9862d5-694b-4c7d-b652-1fb8ddcfc588, command=[]} | ret=SUCCESS |  
2019-08-22 11:56:50,776 | INFO  | ObjectStoreRestHttpServer | Listening HDDS REST traffic on /0.0.0.0:41788 |  
2019-08-22 11:56:50,776 [main] INFO  ozone.HddsDatanodeService (HddsDatanodeService.java:startPlugins(395)) - Started plug-in org.apache.hadoop.ozone.web.OzoneHddsDatanodeService@47bbf44d
2019-08-22 11:56:50,776 [main] INFO  impl.MetricsSystemImpl (MetricsSystemImpl.java:init(158)) - HddsDatanode metrics system started (again)
2019-08-22 11:56:50,798 [org.apache.hadoop.util.JvmPauseMonitor$Monitor@3516a360] INFO  util.JvmPauseMonitor (JvmPauseMonitor.java:run(188)) - Starting JVM pause monitor
2019-08-22 11:56:50,800 [Datanode State Machine Thread - 0] INFO  datanode.InitDatanodeState (InitDatanodeState.java:persistContainerDatanodeDetails(140)) - DatanodeDetails is persisted to /workdir/hadoop-ozone/integration-test/target/test-dir/MiniOzoneClusterImpl-8e457fc4-2fe2-4844-8b87-d385df915f48/datanode-2/meta/datanode.id
2019-08-22 11:56:50,800 [main] INFO  ozone.HddsDatanodeService (HddsDatanodeService.java:start(184)) - HddsDatanodeService host:pr-hdds-1981-gl9jh-3406769118 ip:192.168.5.135
2019-08-22 11:56:50,814 [main] INFO  volume.HddsVolume (HddsVolume.java:<init>(176)) - Creating Volume: /workdir/hadoop-ozone/integration-test/target/test-dir/MiniOzoneClusterImpl-8e457fc4-2fe2-4844-8b87-d385df915f48/datanode-3/data/containers/hdds of  storage type : DISK and capacity : 1482555576320
2019-08-22 11:56:50,815 [main] INFO  volume.VolumeSet (VolumeSet.java:initializeVolumeSet(170)) - Added Volume : /workdir/hadoop-ozone/integration-test/target/test-dir/MiniOzoneClusterImpl-8e457fc4-2fe2-4844-8b87-d385df915f48/datanode-3/data/containers/hdds to VolumeSet
2019-08-22 11:56:50,815 [main] INFO  volume.ThrottledAsyncChecker (ThrottledAsyncChecker.java:schedule(140)) - Scheduling a check for org.apache.hadoop.ozone.container.common.volume.HddsVolume@45ecdd32
2019-08-22 11:56:50,816 [main] INFO  volume.HddsVolumeChecker (HddsVolumeChecker.java:checkAllVolumes(203)) - Scheduled health check for volume org.apache.hadoop.ozone.container.common.volume.HddsVolume@45ecdd32
2019-08-22 11:56:50,847 [main] INFO  impl.RaftServerProxy (ConfUtils.java:logGet(43)) - raft.rpc.type = GRPC (default)
2019-08-22 11:56:50,848 [main] INFO  grpc.GrpcFactory (GrpcFactory.java:checkPooledByteBufAllocatorUseCacheForAllThreads(45)) - PERFORMANCE WARNING: useCacheForAllThreads is true that may cause Netty to create a lot garbage objects and, as a result, trigger GC.
	It is recommended to disable useCacheForAllThreads by setting -Dorg.apache.ratis.thirdparty.io.netty.allocator.useCacheForAllThreads=false in command line.
2019-08-22 11:56:50,848 [main] INFO  grpc.GrpcConfigKeys$Server (ConfUtils.java:logGet(43)) - raft.grpc.server.port = 0 (default)
2019-08-22 11:56:50,848 [main] INFO  server.GrpcService (ConfUtils.java:logGet(43)) - raft.grpc.message.size.max = 33570816 (custom)
2019-08-22 11:56:50,848 [main] INFO  server.RaftServerConfigKeys (ConfUtils.java:logGet(43)) - raft.server.log.appender.buffer.byte-limit = 33554432 (custom)
2019-08-22 11:56:50,848 [main] INFO  server.GrpcService (ConfUtils.java:logGet(43)) - raft.grpc.flow.control.window = 1MB (=1048576) (default)
2019-08-22 11:56:50,848 [main] INFO  server.RaftServerConfigKeys (ConfUtils.java:logGet(43)) - raft.server.rpc.request.timeout = 3000ms (default)
2019-08-22 11:56:50,849 [main] INFO  server.RaftServerConfigKeys (ConfUtils.java:logGet(43)) - raft.server.storage.dir = [/workdir/hadoop-ozone/integration-test/target/test-dir/MiniOzoneClusterImpl-8e457fc4-2fe2-4844-8b87-d385df915f48/datanode-3/data/ratis] (custom)
2019-08-22 11:56:50,849 [main] INFO  replication.SimpleContainerDownloader (SimpleContainerDownloader.java:<init>(72)) - Starting container downloader service to copy containers to replicate.
2019-08-22 11:56:50,850 [main] INFO  hdfs.DFSUtil (DFSUtil.java:httpServerTemplateForNNAndJN(1641)) - Starting Web-server for hddsDatanode at: http://0.0.0.0:0
2019-08-22 11:56:50,851 [main] INFO  server.AuthenticationFilter (AuthenticationFilter.java:constructSecretProvider(240)) - Unable to initialize FileSignerSecretProvider, falling back to use random secrets.
2019-08-22 11:56:50,852 [main] WARN  http.HttpRequestLog (HttpRequestLog.java:getRequestLog(97)) - Jetty request log can only be enabled using Log4j
2019-08-22 11:56:50,853 [main] INFO  http.HttpServer2 (HttpServer2.java:addGlobalFilter(975)) - Added global filter 'safety' (class=org.apache.hadoop.http.HttpServer2$QuotingInputFilter)
2019-08-22 11:56:50,853 [main] INFO  http.HttpServer2 (HttpServer2.java:addFilter(948)) - Added filter static_user_filter (class=org.apache.hadoop.http.lib.StaticUserWebFilter$StaticUserFilter) to context hddsDatanode
2019-08-22 11:56:50,854 [main] INFO  http.HttpServer2 (HttpServer2.java:addFilter(958)) - Added filter static_user_filter (class=org.apache.hadoop.http.lib.StaticUserWebFilter$StaticUserFilter) to context logs
2019-08-22 11:56:50,854 [main] INFO  http.HttpServer2 (HttpServer2.java:addFilter(958)) - Added filter static_user_filter (class=org.apache.hadoop.http.lib.StaticUserWebFilter$StaticUserFilter) to context static
2019-08-22 11:56:50,854 [main] INFO  http.HttpServer2 (HttpServer2.java:bindListener(1191)) - Jetty bound to port 32888
2019-08-22 11:56:50,855 [main] INFO  server.Server (Server.java:doStart(351)) - jetty-9.3.24.v20180605, build timestamp: 2018-06-05T17:11:56Z, git hash: 84205aa28f11a4f31f2a3b86d1bba2cc8ab69827
2019-08-22 11:56:50,856 [main] INFO  handler.ContextHandler (ContextHandler.java:doStart(781)) - Started o.e.j.s.ServletContextHandler@1fd77205{/logs,file:///workdir/hadoop-ozone/integration-test/target/log,AVAILABLE}
2019-08-22 11:56:50,856 [main] INFO  handler.ContextHandler (ContextHandler.java:doStart(781)) - Started o.e.j.s.ServletContextHandler@288915a1{/static,jar:file:/home/user/.m2/repository/org/apache/hadoop/hadoop-hdds-container-service/0.5.0-SNAPSHOT/hadoop-hdds-container-service-0.5.0-SNAPSHOT.jar!/webapps/static,AVAILABLE}
2019-08-22 11:56:50,890 [main] INFO  handler.ContextHandler (ContextHandler.java:doStart(781)) - Started o.e.j.w.WebAppContext@21fa19e4{/,file:///tmp/jetty-0.0.0.0-32888-hddsDatanode-_-any-1744383106747140866.dir/webapp/,AVAILABLE}{/hddsDatanode}
2019-08-22 11:56:50,891 [main] INFO  server.AbstractConnector (AbstractConnector.java:doStart(278)) - Started ServerConnector@33a58fcb{HTTP/1.1,[http/1.1]}{0.0.0.0:32888}
2019-08-22 11:56:50,894 [main] INFO  server.Server (Server.java:doStart(419)) - Started @137041ms
2019-08-22 11:56:50,894 [main] INFO  server.BaseHttpServer (BaseHttpServer.java:updateConnectorAddress(213)) - HTTP server of HDDSDATANODE is listening at http://0.0.0.0:32888
2019-08-22 11:56:50,902 | INFO  | SCMAudit | user=jenkins1000 | ip=192.168.5.135 | op=SEND_HEARTBEAT {datanodeUUID=81358f04-b55e-4661-8083-492e8c5539a7, command=[]} | ret=SUCCESS |  
2019-08-22 11:56:51,016 | INFO  | ObjectStoreRestHttpServer | Listening HDDS REST traffic on /0.0.0.0:34879 |  
2019-08-22 11:56:51,016 [main] INFO  ozone.HddsDatanodeService (HddsDatanodeService.java:startPlugins(395)) - Started plug-in org.apache.hadoop.ozone.web.OzoneHddsDatanodeService@6ce24203
2019-08-22 11:56:51,016 [main] INFO  impl.MetricsSystemImpl (MetricsSystemImpl.java:init(158)) - HddsDatanode metrics system started (again)
2019-08-22 11:56:51,017 [org.apache.hadoop.util.JvmPauseMonitor$Monitor@5876fcf6] INFO  util.JvmPauseMonitor (JvmPauseMonitor.java:run(188)) - Starting JVM pause monitor
2019-08-22 11:56:51,042 [Datanode State Machine Thread - 0] INFO  datanode.InitDatanodeState (InitDatanodeState.java:persistContainerDatanodeDetails(140)) - DatanodeDetails is persisted to /workdir/hadoop-ozone/integration-test/target/test-dir/MiniOzoneClusterImpl-8e457fc4-2fe2-4844-8b87-d385df915f48/datanode-3/meta/datanode.id
2019-08-22 11:56:51,043 [main] INFO  ozone.HddsDatanodeService (HddsDatanodeService.java:start(184)) - HddsDatanodeService host:pr-hdds-1981-gl9jh-3406769118 ip:192.168.5.135
2019-08-22 11:56:51,054 [main] INFO  volume.HddsVolume (HddsVolume.java:<init>(176)) - Creating Volume: /workdir/hadoop-ozone/integration-test/target/test-dir/MiniOzoneClusterImpl-8e457fc4-2fe2-4844-8b87-d385df915f48/datanode-4/data/containers/hdds of  storage type : DISK and capacity : 1482555576320
2019-08-22 11:56:51,054 [main] INFO  volume.VolumeSet (VolumeSet.java:initializeVolumeSet(170)) - Added Volume : /workdir/hadoop-ozone/integration-test/target/test-dir/MiniOzoneClusterImpl-8e457fc4-2fe2-4844-8b87-d385df915f48/datanode-4/data/containers/hdds to VolumeSet
2019-08-22 11:56:51,055 [main] INFO  volume.ThrottledAsyncChecker (ThrottledAsyncChecker.java:schedule(140)) - Scheduling a check for org.apache.hadoop.ozone.container.common.volume.HddsVolume@29ebaf2f
2019-08-22 11:56:51,055 [main] INFO  volume.HddsVolumeChecker (HddsVolumeChecker.java:checkAllVolumes(203)) - Scheduled health check for volume org.apache.hadoop.ozone.container.common.volume.HddsVolume@29ebaf2f
2019-08-22 11:56:51,074 [main] INFO  impl.RaftServerProxy (ConfUtils.java:logGet(43)) - raft.rpc.type = GRPC (default)
2019-08-22 11:56:51,074 [main] INFO  grpc.GrpcFactory (GrpcFactory.java:checkPooledByteBufAllocatorUseCacheForAllThreads(45)) - PERFORMANCE WARNING: useCacheForAllThreads is true that may cause Netty to create a lot garbage objects and, as a result, trigger GC.
	It is recommended to disable useCacheForAllThreads by setting -Dorg.apache.ratis.thirdparty.io.netty.allocator.useCacheForAllThreads=false in command line.
2019-08-22 11:56:51,074 [main] INFO  grpc.GrpcConfigKeys$Server (ConfUtils.java:logGet(43)) - raft.grpc.server.port = 0 (default)
2019-08-22 11:56:51,074 [main] INFO  server.GrpcService (ConfUtils.java:logGet(43)) - raft.grpc.message.size.max = 33570816 (custom)
2019-08-22 11:56:51,075 [main] INFO  server.RaftServerConfigKeys (ConfUtils.java:logGet(43)) - raft.server.log.appender.buffer.byte-limit = 33554432 (custom)
2019-08-22 11:56:51,075 [main] INFO  server.GrpcService (ConfUtils.java:logGet(43)) - raft.grpc.flow.control.window = 1MB (=1048576) (default)
2019-08-22 11:56:51,075 [main] INFO  server.RaftServerConfigKeys (ConfUtils.java:logGet(43)) - raft.server.rpc.request.timeout = 3000ms (default)
2019-08-22 11:56:51,075 [main] INFO  server.RaftServerConfigKeys (ConfUtils.java:logGet(43)) - raft.server.storage.dir = [/workdir/hadoop-ozone/integration-test/target/test-dir/MiniOzoneClusterImpl-8e457fc4-2fe2-4844-8b87-d385df915f48/datanode-4/data/ratis] (custom)
2019-08-22 11:56:51,076 [main] INFO  replication.SimpleContainerDownloader (SimpleContainerDownloader.java:<init>(72)) - Starting container downloader service to copy containers to replicate.
2019-08-22 11:56:51,077 [main] INFO  hdfs.DFSUtil (DFSUtil.java:httpServerTemplateForNNAndJN(1641)) - Starting Web-server for hddsDatanode at: http://0.0.0.0:0
2019-08-22 11:56:51,078 [main] INFO  server.AuthenticationFilter (AuthenticationFilter.java:constructSecretProvider(240)) - Unable to initialize FileSignerSecretProvider, falling back to use random secrets.
2019-08-22 11:56:51,078 [main] WARN  http.HttpRequestLog (HttpRequestLog.java:getRequestLog(97)) - Jetty request log can only be enabled using Log4j
2019-08-22 11:56:51,080 [main] INFO  http.HttpServer2 (HttpServer2.java:addGlobalFilter(975)) - Added global filter 'safety' (class=org.apache.hadoop.http.HttpServer2$QuotingInputFilter)
2019-08-22 11:56:51,080 [main] INFO  http.HttpServer2 (HttpServer2.java:addFilter(948)) - Added filter static_user_filter (class=org.apache.hadoop.http.lib.StaticUserWebFilter$StaticUserFilter) to context hddsDatanode
2019-08-22 11:56:51,080 [main] INFO  http.HttpServer2 (HttpServer2.java:addFilter(958)) - Added filter static_user_filter (class=org.apache.hadoop.http.lib.StaticUserWebFilter$StaticUserFilter) to context logs
2019-08-22 11:56:51,081 [main] INFO  http.HttpServer2 (HttpServer2.java:addFilter(958)) - Added filter static_user_filter (class=org.apache.hadoop.http.lib.StaticUserWebFilter$StaticUserFilter) to context static
2019-08-22 11:56:51,081 [main] INFO  http.HttpServer2 (HttpServer2.java:bindListener(1191)) - Jetty bound to port 36766
2019-08-22 11:56:51,081 [main] INFO  server.Server (Server.java:doStart(351)) - jetty-9.3.24.v20180605, build timestamp: 2018-06-05T17:11:56Z, git hash: 84205aa28f11a4f31f2a3b86d1bba2cc8ab69827
2019-08-22 11:56:51,083 [main] INFO  handler.ContextHandler (ContextHandler.java:doStart(781)) - Started o.e.j.s.ServletContextHandler@6ab6ec33{/logs,file:///workdir/hadoop-ozone/integration-test/target/log,AVAILABLE}
2019-08-22 11:56:51,083 [main] INFO  handler.ContextHandler (ContextHandler.java:doStart(781)) - Started o.e.j.s.ServletContextHandler@11b74ecb{/static,jar:file:/home/user/.m2/repository/org/apache/hadoop/hadoop-hdds-container-service/0.5.0-SNAPSHOT/hadoop-hdds-container-service-0.5.0-SNAPSHOT.jar!/webapps/static,AVAILABLE}
2019-08-22 11:56:51,110 [main] INFO  handler.ContextHandler (ContextHandler.java:doStart(781)) - Started o.e.j.w.WebAppContext@d8751de{/,file:///tmp/jetty-0.0.0.0-36766-hddsDatanode-_-any-2079011469648662580.dir/webapp/,AVAILABLE}{/hddsDatanode}
2019-08-22 11:56:51,110 [main] INFO  server.AbstractConnector (AbstractConnector.java:doStart(278)) - Started ServerConnector@6e21c6ed{HTTP/1.1,[http/1.1]}{0.0.0.0:36766}
2019-08-22 11:56:51,113 [main] INFO  server.Server (Server.java:doStart(419)) - Started @137261ms
2019-08-22 11:56:51,114 [main] INFO  server.BaseHttpServer (BaseHttpServer.java:updateConnectorAddress(213)) - HTTP server of HDDSDATANODE is listening at http://0.0.0.0:36766
2019-08-22 11:56:51,116 | INFO  | SCMAudit | user=jenkins1000 | ip=192.168.5.135 | op=SEND_HEARTBEAT {datanodeUUID=ac50c3b2-b81f-4c0a-b4fe-860d2c902727, command=[]} | ret=SUCCESS |  
2019-08-22 11:56:51,242 | INFO  | ObjectStoreRestHttpServer | Listening HDDS REST traffic on /0.0.0.0:40084 |  
2019-08-22 11:56:51,242 [main] INFO  ozone.HddsDatanodeService (HddsDatanodeService.java:startPlugins(395)) - Started plug-in org.apache.hadoop.ozone.web.OzoneHddsDatanodeService@85fd4b
2019-08-22 11:56:51,243 [main] INFO  impl.MetricsSystemImpl (MetricsSystemImpl.java:init(158)) - HddsDatanode metrics system started (again)
2019-08-22 11:56:51,243 [org.apache.hadoop.util.JvmPauseMonitor$Monitor@6aded62a] INFO  util.JvmPauseMonitor (JvmPauseMonitor.java:run(188)) - Starting JVM pause monitor
2019-08-22 11:56:51,266 | INFO  | SCMAudit | user=jenkins1000 | ip=192.168.5.135 | op=SEND_HEARTBEAT {datanodeUUID=c2ff41bc-5475-4ec0-aa3a-f40fe56d194e, command=[]} | ret=SUCCESS |  
2019-08-22 11:56:51,267 [Datanode State Machine Thread - 0] INFO  datanode.InitDatanodeState (InitDatanodeState.java:persistContainerDatanodeDetails(140)) - DatanodeDetails is persisted to /workdir/hadoop-ozone/integration-test/target/test-dir/MiniOzoneClusterImpl-8e457fc4-2fe2-4844-8b87-d385df915f48/datanode-4/meta/datanode.id
2019-08-22 11:56:51,269 [main] INFO  ozone.HddsDatanodeService (HddsDatanodeService.java:start(184)) - HddsDatanodeService host:pr-hdds-1981-gl9jh-3406769118 ip:192.168.5.135
2019-08-22 11:56:51,279 [main] INFO  volume.HddsVolume (HddsVolume.java:<init>(176)) - Creating Volume: /workdir/hadoop-ozone/integration-test/target/test-dir/MiniOzoneClusterImpl-8e457fc4-2fe2-4844-8b87-d385df915f48/datanode-5/data/containers/hdds of  storage type : DISK and capacity : 1482555576320
2019-08-22 11:56:51,280 [main] INFO  volume.VolumeSet (VolumeSet.java:initializeVolumeSet(170)) - Added Volume : /workdir/hadoop-ozone/integration-test/target/test-dir/MiniOzoneClusterImpl-8e457fc4-2fe2-4844-8b87-d385df915f48/datanode-5/data/containers/hdds to VolumeSet
2019-08-22 11:56:51,280 [main] INFO  volume.ThrottledAsyncChecker (ThrottledAsyncChecker.java:schedule(140)) - Scheduling a check for org.apache.hadoop.ozone.container.common.volume.HddsVolume@7be9e9fc
2019-08-22 11:56:51,280 [main] INFO  volume.HddsVolumeChecker (HddsVolumeChecker.java:checkAllVolumes(203)) - Scheduled health check for volume org.apache.hadoop.ozone.container.common.volume.HddsVolume@7be9e9fc
2019-08-22 11:56:51,304 [main] INFO  impl.RaftServerProxy (ConfUtils.java:logGet(43)) - raft.rpc.type = GRPC (default)
2019-08-22 11:56:51,304 [main] INFO  grpc.GrpcFactory (GrpcFactory.java:checkPooledByteBufAllocatorUseCacheForAllThreads(45)) - PERFORMANCE WARNING: useCacheForAllThreads is true that may cause Netty to create a lot garbage objects and, as a result, trigger GC.
	It is recommended to disable useCacheForAllThreads by setting -Dorg.apache.ratis.thirdparty.io.netty.allocator.useCacheForAllThreads=false in command line.
2019-08-22 11:56:51,305 [main] INFO  grpc.GrpcConfigKeys$Server (ConfUtils.java:logGet(43)) - raft.grpc.server.port = 0 (default)
2019-08-22 11:56:51,305 [main] INFO  server.GrpcService (ConfUtils.java:logGet(43)) - raft.grpc.message.size.max = 33570816 (custom)
2019-08-22 11:56:51,305 [main] INFO  server.RaftServerConfigKeys (ConfUtils.java:logGet(43)) - raft.server.log.appender.buffer.byte-limit = 33554432 (custom)
2019-08-22 11:56:51,305 [main] INFO  server.GrpcService (ConfUtils.java:logGet(43)) - raft.grpc.flow.control.window = 1MB (=1048576) (default)
2019-08-22 11:56:51,305 [main] INFO  server.RaftServerConfigKeys (ConfUtils.java:logGet(43)) - raft.server.rpc.request.timeout = 3000ms (default)
2019-08-22 11:56:51,306 [main] INFO  server.RaftServerConfigKeys (ConfUtils.java:logGet(43)) - raft.server.storage.dir = [/workdir/hadoop-ozone/integration-test/target/test-dir/MiniOzoneClusterImpl-8e457fc4-2fe2-4844-8b87-d385df915f48/datanode-5/data/ratis] (custom)
2019-08-22 11:56:51,306 [main] INFO  replication.SimpleContainerDownloader (SimpleContainerDownloader.java:<init>(72)) - Starting container downloader service to copy containers to replicate.
2019-08-22 11:56:51,307 [main] INFO  hdfs.DFSUtil (DFSUtil.java:httpServerTemplateForNNAndJN(1641)) - Starting Web-server for hddsDatanode at: http://0.0.0.0:0
2019-08-22 11:56:51,308 [main] INFO  server.AuthenticationFilter (AuthenticationFilter.java:constructSecretProvider(240)) - Unable to initialize FileSignerSecretProvider, falling back to use random secrets.
2019-08-22 11:56:51,309 [main] WARN  http.HttpRequestLog (HttpRequestLog.java:getRequestLog(97)) - Jetty request log can only be enabled using Log4j
2019-08-22 11:56:51,310 [main] INFO  http.HttpServer2 (HttpServer2.java:addGlobalFilter(975)) - Added global filter 'safety' (class=org.apache.hadoop.http.HttpServer2$QuotingInputFilter)
2019-08-22 11:56:51,310 [main] INFO  http.HttpServer2 (HttpServer2.java:addFilter(948)) - Added filter static_user_filter (class=org.apache.hadoop.http.lib.StaticUserWebFilter$StaticUserFilter) to context hddsDatanode
2019-08-22 11:56:51,310 [main] INFO  http.HttpServer2 (HttpServer2.java:addFilter(958)) - Added filter static_user_filter (class=org.apache.hadoop.http.lib.StaticUserWebFilter$StaticUserFilter) to context logs
2019-08-22 11:56:51,310 [main] INFO  http.HttpServer2 (HttpServer2.java:addFilter(958)) - Added filter static_user_filter (class=org.apache.hadoop.http.lib.StaticUserWebFilter$StaticUserFilter) to context static
2019-08-22 11:56:51,311 [main] INFO  http.HttpServer2 (HttpServer2.java:bindListener(1191)) - Jetty bound to port 35262
2019-08-22 11:56:51,311 [main] INFO  server.Server (Server.java:doStart(351)) - jetty-9.3.24.v20180605, build timestamp: 2018-06-05T17:11:56Z, git hash: 84205aa28f11a4f31f2a3b86d1bba2cc8ab69827
2019-08-22 11:56:51,312 [main] INFO  handler.ContextHandler (ContextHandler.java:doStart(781)) - Started o.e.j.s.ServletContextHandler@5fa3df{/logs,file:///workdir/hadoop-ozone/integration-test/target/log,AVAILABLE}
2019-08-22 11:56:51,313 [main] INFO  handler.ContextHandler (ContextHandler.java:doStart(781)) - Started o.e.j.s.ServletContextHandler@3b1a3125{/static,jar:file:/home/user/.m2/repository/org/apache/hadoop/hadoop-hdds-container-service/0.5.0-SNAPSHOT/hadoop-hdds-container-service-0.5.0-SNAPSHOT.jar!/webapps/static,AVAILABLE}
2019-08-22 11:56:51,339 [main] INFO  handler.ContextHandler (ContextHandler.java:doStart(781)) - Started o.e.j.w.WebAppContext@4cff38ff{/,file:///tmp/jetty-0.0.0.0-35262-hddsDatanode-_-any-1888185129361463692.dir/webapp/,AVAILABLE}{/hddsDatanode}
2019-08-22 11:56:51,340 [main] INFO  server.AbstractConnector (AbstractConnector.java:doStart(278)) - Started ServerConnector@7adde776{HTTP/1.1,[http/1.1]}{0.0.0.0:35262}
2019-08-22 11:56:51,343 [main] INFO  server.Server (Server.java:doStart(419)) - Started @137490ms
2019-08-22 11:56:51,343 [main] INFO  server.BaseHttpServer (BaseHttpServer.java:updateConnectorAddress(213)) - HTTP server of HDDSDATANODE is listening at http://0.0.0.0:35262
2019-08-22 11:56:51,375 | INFO  | SCMAudit | user=jenkins1000 | ip=192.168.5.135 | op=SEND_HEARTBEAT {datanodeUUID=8085255e-7a41-426f-b0e8-2d5555c5b7b9, command=[]} | ret=SUCCESS |  
2019-08-22 11:56:51,464 | INFO  | ObjectStoreRestHttpServer | Listening HDDS REST traffic on /0.0.0.0:39504 |  
2019-08-22 11:56:51,464 [main] INFO  ozone.HddsDatanodeService (HddsDatanodeService.java:startPlugins(395)) - Started plug-in org.apache.hadoop.ozone.web.OzoneHddsDatanodeService@7e92e9a2
2019-08-22 11:56:51,464 | INFO  | SCMAudit | user=jenkins1000 | ip=192.168.5.135 | op=SEND_HEARTBEAT {datanodeUUID=9b0e54da-58f3-4b2f-aec1-b0a4cb1efbe1, command=[]} | ret=SUCCESS |  
2019-08-22 11:56:51,464 [main] INFO  impl.MetricsSystemImpl (MetricsSystemImpl.java:init(158)) - HddsDatanode metrics system started (again)
2019-08-22 11:56:51,490 [org.apache.hadoop.util.JvmPauseMonitor$Monitor@5dce999d] INFO  util.JvmPauseMonitor (JvmPauseMonitor.java:run(188)) - Starting JVM pause monitor
2019-08-22 11:56:51,491 [Datanode State Machine Thread - 0] INFO  datanode.InitDatanodeState (InitDatanodeState.java:persistContainerDatanodeDetails(140)) - DatanodeDetails is persisted to /workdir/hadoop-ozone/integration-test/target/test-dir/MiniOzoneClusterImpl-8e457fc4-2fe2-4844-8b87-d385df915f48/datanode-5/meta/datanode.id
2019-08-22 11:56:51,492 [main] INFO  ozone.HddsDatanodeService (HddsDatanodeService.java:start(184)) - HddsDatanodeService host:pr-hdds-1981-gl9jh-3406769118 ip:192.168.5.135
2019-08-22 11:56:51,504 [main] INFO  volume.HddsVolume (HddsVolume.java:<init>(176)) - Creating Volume: /workdir/hadoop-ozone/integration-test/target/test-dir/MiniOzoneClusterImpl-8e457fc4-2fe2-4844-8b87-d385df915f48/datanode-6/data/containers/hdds of  storage type : DISK and capacity : 1482555576320
2019-08-22 11:56:51,504 [main] INFO  volume.VolumeSet (VolumeSet.java:initializeVolumeSet(170)) - Added Volume : /workdir/hadoop-ozone/integration-test/target/test-dir/MiniOzoneClusterImpl-8e457fc4-2fe2-4844-8b87-d385df915f48/datanode-6/data/containers/hdds to VolumeSet
2019-08-22 11:56:51,505 [main] INFO  volume.ThrottledAsyncChecker (ThrottledAsyncChecker.java:schedule(140)) - Scheduling a check for org.apache.hadoop.ozone.container.common.volume.HddsVolume@7a0f1f9d
2019-08-22 11:56:51,505 [main] INFO  volume.HddsVolumeChecker (HddsVolumeChecker.java:checkAllVolumes(203)) - Scheduled health check for volume org.apache.hadoop.ozone.container.common.volume.HddsVolume@7a0f1f9d
2019-08-22 11:56:51,521 [main] INFO  impl.RaftServerProxy (ConfUtils.java:logGet(43)) - raft.rpc.type = GRPC (default)
2019-08-22 11:56:51,521 [main] INFO  grpc.GrpcFactory (GrpcFactory.java:checkPooledByteBufAllocatorUseCacheForAllThreads(45)) - PERFORMANCE WARNING: useCacheForAllThreads is true that may cause Netty to create a lot garbage objects and, as a result, trigger GC.
	It is recommended to disable useCacheForAllThreads by setting -Dorg.apache.ratis.thirdparty.io.netty.allocator.useCacheForAllThreads=false in command line.
2019-08-22 11:56:51,522 [main] INFO  grpc.GrpcConfigKeys$Server (ConfUtils.java:logGet(43)) - raft.grpc.server.port = 0 (default)
2019-08-22 11:56:51,522 [main] INFO  server.GrpcService (ConfUtils.java:logGet(43)) - raft.grpc.message.size.max = 33570816 (custom)
2019-08-22 11:56:51,522 [main] INFO  server.RaftServerConfigKeys (ConfUtils.java:logGet(43)) - raft.server.log.appender.buffer.byte-limit = 33554432 (custom)
2019-08-22 11:56:51,522 [main] INFO  server.GrpcService (ConfUtils.java:logGet(43)) - raft.grpc.flow.control.window = 1MB (=1048576) (default)
2019-08-22 11:56:51,523 [main] INFO  server.RaftServerConfigKeys (ConfUtils.java:logGet(43)) - raft.server.rpc.request.timeout = 3000ms (default)
2019-08-22 11:56:51,523 [main] INFO  server.RaftServerConfigKeys (ConfUtils.java:logGet(43)) - raft.server.storage.dir = [/workdir/hadoop-ozone/integration-test/target/test-dir/MiniOzoneClusterImpl-8e457fc4-2fe2-4844-8b87-d385df915f48/datanode-6/data/ratis] (custom)
2019-08-22 11:56:51,524 [main] INFO  replication.SimpleContainerDownloader (SimpleContainerDownloader.java:<init>(72)) - Starting container downloader service to copy containers to replicate.
2019-08-22 11:56:51,525 [main] INFO  hdfs.DFSUtil (DFSUtil.java:httpServerTemplateForNNAndJN(1641)) - Starting Web-server for hddsDatanode at: http://0.0.0.0:0
2019-08-22 11:56:51,526 [main] INFO  server.AuthenticationFilter (AuthenticationFilter.java:constructSecretProvider(240)) - Unable to initialize FileSignerSecretProvider, falling back to use random secrets.
2019-08-22 11:56:51,526 [main] WARN  http.HttpRequestLog (HttpRequestLog.java:getRequestLog(97)) - Jetty request log can only be enabled using Log4j
2019-08-22 11:56:51,527 [main] INFO  http.HttpServer2 (HttpServer2.java:addGlobalFilter(975)) - Added global filter 'safety' (class=org.apache.hadoop.http.HttpServer2$QuotingInputFilter)
2019-08-22 11:56:51,528 [main] INFO  http.HttpServer2 (HttpServer2.java:addFilter(948)) - Added filter static_user_filter (class=org.apache.hadoop.http.lib.StaticUserWebFilter$StaticUserFilter) to context hddsDatanode
2019-08-22 11:56:51,528 [main] INFO  http.HttpServer2 (HttpServer2.java:addFilter(958)) - Added filter static_user_filter (class=org.apache.hadoop.http.lib.StaticUserWebFilter$StaticUserFilter) to context logs
2019-08-22 11:56:51,528 [main] INFO  http.HttpServer2 (HttpServer2.java:addFilter(958)) - Added filter static_user_filter (class=org.apache.hadoop.http.lib.StaticUserWebFilter$StaticUserFilter) to context static
2019-08-22 11:56:51,529 [main] INFO  http.HttpServer2 (HttpServer2.java:bindListener(1191)) - Jetty bound to port 35954
2019-08-22 11:56:51,529 [main] INFO  server.Server (Server.java:doStart(351)) - jetty-9.3.24.v20180605, build timestamp: 2018-06-05T17:11:56Z, git hash: 84205aa28f11a4f31f2a3b86d1bba2cc8ab69827
2019-08-22 11:56:51,530 [main] INFO  handler.ContextHandler (ContextHandler.java:doStart(781)) - Started o.e.j.s.ServletContextHandler@79aa675b{/logs,file:///workdir/hadoop-ozone/integration-test/target/log,AVAILABLE}
2019-08-22 11:56:51,530 [main] INFO  handler.ContextHandler (ContextHandler.java:doStart(781)) - Started o.e.j.s.ServletContextHandler@38eafdab{/static,jar:file:/home/user/.m2/repository/org/apache/hadoop/hadoop-hdds-container-service/0.5.0-SNAPSHOT/hadoop-hdds-container-service-0.5.0-SNAPSHOT.jar!/webapps/static,AVAILABLE}
2019-08-22 11:56:51,552 [main] INFO  handler.ContextHandler (ContextHandler.java:doStart(781)) - Started o.e.j.w.WebAppContext@5aa461{/,file:///tmp/jetty-0.0.0.0-35954-hddsDatanode-_-any-4597106360045040832.dir/webapp/,AVAILABLE}{/hddsDatanode}
2019-08-22 11:56:51,553 [main] INFO  server.AbstractConnector (AbstractConnector.java:doStart(278)) - Started ServerConnector@f3e6876{HTTP/1.1,[http/1.1]}{0.0.0.0:35954}
2019-08-22 11:56:51,556 [main] INFO  server.Server (Server.java:doStart(419)) - Started @137703ms
2019-08-22 11:56:51,556 [main] INFO  server.BaseHttpServer (BaseHttpServer.java:updateConnectorAddress(213)) - HTTP server of HDDSDATANODE is listening at http://0.0.0.0:35954
2019-08-22 11:56:51,570 | INFO  | SCMAudit | user=jenkins1000 | ip=192.168.5.135 | op=SEND_HEARTBEAT {datanodeUUID=8c07d121-2c0d-4967-83b1-bdc1bfd445f6, command=[]} | ret=SUCCESS |  
2019-08-22 11:56:51,666 | INFO  | ObjectStoreRestHttpServer | Listening HDDS REST traffic on /0.0.0.0:33370 |  
2019-08-22 11:56:51,666 [main] INFO  ozone.HddsDatanodeService (HddsDatanodeService.java:startPlugins(395)) - Started plug-in org.apache.hadoop.ozone.web.OzoneHddsDatanodeService@23263586
2019-08-22 11:56:51,667 [main] INFO  ozone.MiniOzoneClusterImpl (MiniOzoneClusterImpl.java:lambda$waitForClusterToBeReady$0(142)) - Waiting for cluster to be ready. Got 0 of 7 DN Heartbeats.
2019-08-22 11:56:51,668 [org.apache.hadoop.util.JvmPauseMonitor$Monitor@3e557ea7] INFO  util.JvmPauseMonitor (JvmPauseMonitor.java:run(188)) - Starting JVM pause monitor
2019-08-22 11:56:51,669 [Datanode State Machine Thread - 0] INFO  datanode.InitDatanodeState (InitDatanodeState.java:persistContainerDatanodeDetails(140)) - DatanodeDetails is persisted to /workdir/hadoop-ozone/integration-test/target/test-dir/MiniOzoneClusterImpl-8e457fc4-2fe2-4844-8b87-d385df915f48/datanode-6/meta/datanode.id
2019-08-22 11:56:51,733 | INFO  | SCMAudit | user=jenkins1000 | ip=192.168.5.135 | op=SEND_HEARTBEAT {datanodeUUID=4a9862d5-694b-4c7d-b652-1fb8ddcfc588, command=[]} | ret=SUCCESS |  
2019-08-22 11:56:51,902 | INFO  | SCMAudit | user=jenkins1000 | ip=192.168.5.135 | op=SEND_HEARTBEAT {datanodeUUID=81358f04-b55e-4661-8083-492e8c5539a7, command=[]} | ret=SUCCESS |  
2019-08-22 11:56:52,116 | INFO  | SCMAudit | user=jenkins1000 | ip=192.168.5.135 | op=SEND_HEARTBEAT {datanodeUUID=ac50c3b2-b81f-4c0a-b4fe-860d2c902727, command=[]} | ret=SUCCESS |  
2019-08-22 11:56:52,266 | INFO  | SCMAudit | user=jenkins1000 | ip=192.168.5.135 | op=SEND_HEARTBEAT {datanodeUUID=c2ff41bc-5475-4ec0-aa3a-f40fe56d194e, command=[]} | ret=SUCCESS |  
2019-08-22 11:56:52,361 | INFO  | SCMAudit | user=jenkins1000 | ip=192.168.5.135 | op=GET_VERSION null | ret=SUCCESS |  
2019-08-22 11:56:52,370 [Datanode State Machine Thread - 0] INFO  ozoneimpl.OzoneContainer (OzoneContainer.java:start(186)) - Attempting to start container services.
2019-08-22 11:56:52,370 [Datanode State Machine Thread - 0] INFO  ozoneimpl.OzoneContainer (OzoneContainer.java:startContainerScrub(160)) - Background container scrubber has been disabled by hdds.containerscrub.enabled
2019-08-22 11:56:52,370 [Datanode State Machine Thread - 0] INFO  ratis.XceiverServerRatis (XceiverServerRatis.java:start(404)) - Starting XceiverServerRatis 5baf14f9-106a-4ced-9d22-c6d3b1d04d0e at port 0
2019-08-22 11:56:52,375 | INFO  | SCMAudit | user=jenkins1000 | ip=192.168.5.135 | op=SEND_HEARTBEAT {datanodeUUID=8085255e-7a41-426f-b0e8-2d5555c5b7b9, command=[]} | ret=SUCCESS |  
2019-08-22 11:56:52,376 [Datanode State Machine Thread - 0] INFO  impl.RaftServerProxy (RaftServerProxy.java:lambda$start$3(299)) - 5baf14f9-106a-4ced-9d22-c6d3b1d04d0e: start RPC server
2019-08-22 11:56:52,377 [Datanode State Machine Thread - 0] INFO  server.GrpcService (GrpcService.java:startImpl(149)) - 5baf14f9-106a-4ced-9d22-c6d3b1d04d0e: GrpcService started, listening on 0.0.0.0/0.0.0.0:35459
2019-08-22 11:56:52,377 [Datanode State Machine Thread - 0] INFO  ratis.XceiverServerRatis (XceiverServerRatis.java:start(414)) - XceiverServerRatis 5baf14f9-106a-4ced-9d22-c6d3b1d04d0e is started using port 35459
2019-08-22 11:56:52,378 [Datanode State Machine Thread - 0] INFO  server.XceiverServerGrpc (XceiverServerGrpc.java:start(161)) - XceiverServerGrpc 5baf14f9-106a-4ced-9d22-c6d3b1d04d0e is started using port 45009
2019-08-22 11:56:52,464 | INFO  | SCMAudit | user=jenkins1000 | ip=192.168.5.135 | op=SEND_HEARTBEAT {datanodeUUID=9b0e54da-58f3-4b2f-aec1-b0a4cb1efbe1, command=[]} | ret=SUCCESS |  
2019-08-22 11:56:52,570 | INFO  | SCMAudit | user=jenkins1000 | ip=192.168.5.135 | op=SEND_HEARTBEAT {datanodeUUID=8c07d121-2c0d-4967-83b1-bdc1bfd445f6, command=[]} | ret=SUCCESS |  
2019-08-22 11:56:52,588 | INFO  | SCMAudit | user=jenkins1000 | ip=192.168.5.135 | op=GET_VERSION null | ret=SUCCESS |  
2019-08-22 11:56:52,613 [Datanode State Machine Thread - 0] INFO  ozoneimpl.OzoneContainer (OzoneContainer.java:start(186)) - Attempting to start container services.
2019-08-22 11:56:52,613 [Datanode State Machine Thread - 0] INFO  ozoneimpl.OzoneContainer (OzoneContainer.java:startContainerScrub(160)) - Background container scrubber has been disabled by hdds.containerscrub.enabled
2019-08-22 11:56:52,613 [Datanode State Machine Thread - 0] INFO  ratis.XceiverServerRatis (XceiverServerRatis.java:start(404)) - Starting XceiverServerRatis 3bb875ee-c081-4eb6-9788-aa0c436bb6c2 at port 0
2019-08-22 11:56:52,621 [Datanode State Machine Thread - 0] INFO  impl.RaftServerProxy (RaftServerProxy.java:lambda$start$3(299)) - 3bb875ee-c081-4eb6-9788-aa0c436bb6c2: start RPC server
2019-08-22 11:56:52,622 [Datanode State Machine Thread - 0] INFO  server.GrpcService (GrpcService.java:startImpl(149)) - 3bb875ee-c081-4eb6-9788-aa0c436bb6c2: GrpcService started, listening on 0.0.0.0/0.0.0.0:37570
2019-08-22 11:56:52,622 [Datanode State Machine Thread - 0] INFO  ratis.XceiverServerRatis (XceiverServerRatis.java:start(414)) - XceiverServerRatis 3bb875ee-c081-4eb6-9788-aa0c436bb6c2 is started using port 37570
2019-08-22 11:56:52,640 [Datanode State Machine Thread - 0] INFO  server.XceiverServerGrpc (XceiverServerGrpc.java:start(161)) - XceiverServerGrpc 3bb875ee-c081-4eb6-9788-aa0c436bb6c2 is started using port 34600
2019-08-22 11:56:52,667 [main] INFO  ozone.MiniOzoneClusterImpl (MiniOzoneClusterImpl.java:lambda$waitForClusterToBeReady$0(142)) - Waiting for cluster to be ready. Got 0 of 7 DN Heartbeats.
2019-08-22 11:56:52,733 | INFO  | SCMAudit | user=jenkins1000 | ip=192.168.5.135 | op=SEND_HEARTBEAT {datanodeUUID=4a9862d5-694b-4c7d-b652-1fb8ddcfc588, command=[]} | ret=SUCCESS |  
2019-08-22 11:56:52,799 | INFO  | SCMAudit | user=jenkins1000 | ip=192.168.5.135 | op=GET_VERSION null | ret=SUCCESS |  
2019-08-22 11:56:52,816 [Datanode State Machine Thread - 0] INFO  ozoneimpl.OzoneContainer (OzoneContainer.java:start(186)) - Attempting to start container services.
2019-08-22 11:56:52,816 [Datanode State Machine Thread - 0] INFO  ozoneimpl.OzoneContainer (OzoneContainer.java:startContainerScrub(160)) - Background container scrubber has been disabled by hdds.containerscrub.enabled
2019-08-22 11:56:52,816 [Datanode State Machine Thread - 0] INFO  ratis.XceiverServerRatis (XceiverServerRatis.java:start(404)) - Starting XceiverServerRatis 88458bba-7d36-4308-81a2-94c77140fafa at port 0
2019-08-22 11:56:52,822 [Datanode State Machine Thread - 0] INFO  impl.RaftServerProxy (RaftServerProxy.java:lambda$start$3(299)) - 88458bba-7d36-4308-81a2-94c77140fafa: start RPC server
2019-08-22 11:56:52,826 [Datanode State Machine Thread - 0] INFO  server.GrpcService (GrpcService.java:startImpl(149)) - 88458bba-7d36-4308-81a2-94c77140fafa: GrpcService started, listening on 0.0.0.0/0.0.0.0:43933
2019-08-22 11:56:52,827 [Datanode State Machine Thread - 0] INFO  ratis.XceiverServerRatis (XceiverServerRatis.java:start(414)) - XceiverServerRatis 88458bba-7d36-4308-81a2-94c77140fafa is started using port 43933
2019-08-22 11:56:52,846 [Datanode State Machine Thread - 0] INFO  server.XceiverServerGrpc (XceiverServerGrpc.java:start(161)) - XceiverServerGrpc 88458bba-7d36-4308-81a2-94c77140fafa is started using port 34070
2019-08-22 11:56:52,901 | INFO  | SCMAudit | user=jenkins1000 | ip=192.168.5.135 | op=SEND_HEARTBEAT {datanodeUUID=81358f04-b55e-4661-8083-492e8c5539a7, command=[]} | ret=SUCCESS |  
2019-08-22 11:56:53,018 | INFO  | SCMAudit | user=jenkins1000 | ip=192.168.5.135 | op=GET_VERSION null | ret=SUCCESS |  
2019-08-22 11:56:53,031 [Datanode State Machine Thread - 0] INFO  ozoneimpl.OzoneContainer (OzoneContainer.java:start(186)) - Attempting to start container services.
2019-08-22 11:56:53,031 [Datanode State Machine Thread - 0] INFO  ozoneimpl.OzoneContainer (OzoneContainer.java:startContainerScrub(160)) - Background container scrubber has been disabled by hdds.containerscrub.enabled
2019-08-22 11:56:53,031 [Datanode State Machine Thread - 0] INFO  ratis.XceiverServerRatis (XceiverServerRatis.java:start(404)) - Starting XceiverServerRatis 1b7f7b5c-de1e-4a62-bdb1-87985564f9c2 at port 0
2019-08-22 11:56:53,037 [Datanode State Machine Thread - 0] INFO  impl.RaftServerProxy (RaftServerProxy.java:lambda$start$3(299)) - 1b7f7b5c-de1e-4a62-bdb1-87985564f9c2: start RPC server
2019-08-22 11:56:53,038 [Datanode State Machine Thread - 0] INFO  server.GrpcService (GrpcService.java:startImpl(149)) - 1b7f7b5c-de1e-4a62-bdb1-87985564f9c2: GrpcService started, listening on 0.0.0.0/0.0.0.0:43836
2019-08-22 11:56:53,038 [Datanode State Machine Thread - 0] INFO  ratis.XceiverServerRatis (XceiverServerRatis.java:start(414)) - XceiverServerRatis 1b7f7b5c-de1e-4a62-bdb1-87985564f9c2 is started using port 43836
2019-08-22 11:56:53,039 [Datanode State Machine Thread - 0] INFO  server.XceiverServerGrpc (XceiverServerGrpc.java:start(161)) - XceiverServerGrpc 1b7f7b5c-de1e-4a62-bdb1-87985564f9c2 is started using port 33299
2019-08-22 11:56:53,116 | INFO  | SCMAudit | user=jenkins1000 | ip=192.168.5.135 | op=SEND_HEARTBEAT {datanodeUUID=ac50c3b2-b81f-4c0a-b4fe-860d2c902727, command=[]} | ret=SUCCESS |  
2019-08-22 11:56:53,244 | INFO  | SCMAudit | user=jenkins1000 | ip=192.168.5.135 | op=GET_VERSION null | ret=SUCCESS |  
2019-08-22 11:56:53,266 | INFO  | SCMAudit | user=jenkins1000 | ip=192.168.5.135 | op=SEND_HEARTBEAT {datanodeUUID=c2ff41bc-5475-4ec0-aa3a-f40fe56d194e, command=[]} | ret=SUCCESS |  
2019-08-22 11:56:53,302 [Datanode State Machine Thread - 0] INFO  ozoneimpl.OzoneContainer (OzoneContainer.java:start(186)) - Attempting to start container services.
2019-08-22 11:56:53,303 [Datanode State Machine Thread - 0] INFO  ozoneimpl.OzoneContainer (OzoneContainer.java:startContainerScrub(160)) - Background container scrubber has been disabled by hdds.containerscrub.enabled
2019-08-22 11:56:53,303 [Datanode State Machine Thread - 0] INFO  ratis.XceiverServerRatis (XceiverServerRatis.java:start(404)) - Starting XceiverServerRatis 48b68c1b-b5ca-4998-b78e-17784c718845 at port 0
2019-08-22 11:56:53,310 [Datanode State Machine Thread - 0] INFO  impl.RaftServerProxy (RaftServerProxy.java:lambda$start$3(299)) - 48b68c1b-b5ca-4998-b78e-17784c718845: start RPC server
2019-08-22 11:56:53,311 [Datanode State Machine Thread - 0] INFO  server.GrpcService (GrpcService.java:startImpl(149)) - 48b68c1b-b5ca-4998-b78e-17784c718845: GrpcService started, listening on 0.0.0.0/0.0.0.0:41831
2019-08-22 11:56:53,311 [Datanode State Machine Thread - 0] INFO  ratis.XceiverServerRatis (XceiverServerRatis.java:start(414)) - XceiverServerRatis 48b68c1b-b5ca-4998-b78e-17784c718845 is started using port 41831
2019-08-22 11:56:53,311 [Datanode State Machine Thread - 0] INFO  server.XceiverServerGrpc (XceiverServerGrpc.java:start(161)) - XceiverServerGrpc 48b68c1b-b5ca-4998-b78e-17784c718845 is started using port 44696
2019-08-22 11:56:53,375 | INFO  | SCMAudit | user=jenkins1000 | ip=192.168.5.135 | op=SEND_HEARTBEAT {datanodeUUID=8085255e-7a41-426f-b0e8-2d5555c5b7b9, command=[]} | ret=SUCCESS |  
2019-08-22 11:56:53,464 | INFO  | SCMAudit | user=jenkins1000 | ip=192.168.5.135 | op=SEND_HEARTBEAT {datanodeUUID=9b0e54da-58f3-4b2f-aec1-b0a4cb1efbe1, command=[]} | ret=SUCCESS |  
2019-08-22 11:56:53,490 | INFO  | SCMAudit | user=jenkins1000 | ip=192.168.5.135 | op=GET_VERSION null | ret=SUCCESS |  
2019-08-22 11:56:53,498 [Datanode State Machine Thread - 0] INFO  ozoneimpl.OzoneContainer (OzoneContainer.java:start(186)) - Attempting to start container services.
2019-08-22 11:56:53,498 [Datanode State Machine Thread - 0] INFO  ozoneimpl.OzoneContainer (OzoneContainer.java:startContainerScrub(160)) - Background container scrubber has been disabled by hdds.containerscrub.enabled
2019-08-22 11:56:53,498 [Datanode State Machine Thread - 0] INFO  ratis.XceiverServerRatis (XceiverServerRatis.java:start(404)) - Starting XceiverServerRatis 9ce04167-a631-4fac-8473-c8323544e086 at port 0
2019-08-22 11:56:53,506 [Datanode State Machine Thread - 0] INFO  impl.RaftServerProxy (RaftServerProxy.java:lambda$start$3(299)) - 9ce04167-a631-4fac-8473-c8323544e086: start RPC server
2019-08-22 11:56:53,507 [Datanode State Machine Thread - 0] INFO  server.GrpcService (GrpcService.java:startImpl(149)) - 9ce04167-a631-4fac-8473-c8323544e086: GrpcService started, listening on 0.0.0.0/0.0.0.0:38873
2019-08-22 11:56:53,507 [Datanode State Machine Thread - 0] INFO  ratis.XceiverServerRatis (XceiverServerRatis.java:start(414)) - XceiverServerRatis 9ce04167-a631-4fac-8473-c8323544e086 is started using port 38873
2019-08-22 11:56:53,514 [Datanode State Machine Thread - 0] INFO  server.XceiverServerGrpc (XceiverServerGrpc.java:start(161)) - XceiverServerGrpc 9ce04167-a631-4fac-8473-c8323544e086 is started using port 35481
2019-08-22 11:56:53,570 | INFO  | SCMAudit | user=jenkins1000 | ip=192.168.5.135 | op=SEND_HEARTBEAT {datanodeUUID=8c07d121-2c0d-4967-83b1-bdc1bfd445f6, command=[]} | ret=SUCCESS |  
2019-08-22 11:56:53,667 | INFO  | SCMAudit | user=jenkins1000 | ip=192.168.5.135 | op=GET_VERSION null | ret=SUCCESS |  
2019-08-22 11:56:53,668 [main] INFO  ozone.MiniOzoneClusterImpl (MiniOzoneClusterImpl.java:lambda$waitForClusterToBeReady$0(142)) - Waiting for cluster to be ready. Got 0 of 7 DN Heartbeats.
2019-08-22 11:56:53,675 [Datanode State Machine Thread - 0] INFO  ozoneimpl.OzoneContainer (OzoneContainer.java:start(186)) - Attempting to start container services.
2019-08-22 11:56:53,675 [Datanode State Machine Thread - 0] INFO  ozoneimpl.OzoneContainer (OzoneContainer.java:startContainerScrub(160)) - Background container scrubber has been disabled by hdds.containerscrub.enabled
2019-08-22 11:56:53,675 [Datanode State Machine Thread - 0] INFO  ratis.XceiverServerRatis (XceiverServerRatis.java:start(404)) - Starting XceiverServerRatis 487af136-47a9-41f1-9b09-061295d8b4c4 at port 0
2019-08-22 11:56:53,682 [Datanode State Machine Thread - 0] INFO  impl.RaftServerProxy (RaftServerProxy.java:lambda$start$3(299)) - 487af136-47a9-41f1-9b09-061295d8b4c4: start RPC server
2019-08-22 11:56:53,688 [Datanode State Machine Thread - 0] INFO  server.GrpcService (GrpcService.java:startImpl(149)) - 487af136-47a9-41f1-9b09-061295d8b4c4: GrpcService started, listening on 0.0.0.0/0.0.0.0:33794
2019-08-22 11:56:53,689 [Datanode State Machine Thread - 0] INFO  ratis.XceiverServerRatis (XceiverServerRatis.java:start(414)) - XceiverServerRatis 487af136-47a9-41f1-9b09-061295d8b4c4 is started using port 33794
2019-08-22 11:56:53,691 [Datanode State Machine Thread - 0] INFO  server.XceiverServerGrpc (XceiverServerGrpc.java:start(161)) - XceiverServerGrpc 487af136-47a9-41f1-9b09-061295d8b4c4 is started using port 36595
2019-08-22 11:56:53,733 | INFO  | SCMAudit | user=jenkins1000 | ip=192.168.5.135 | op=SEND_HEARTBEAT {datanodeUUID=4a9862d5-694b-4c7d-b652-1fb8ddcfc588, command=[]} | ret=SUCCESS |  
2019-08-22 11:56:53,902 | INFO  | SCMAudit | user=jenkins1000 | ip=192.168.5.135 | op=SEND_HEARTBEAT {datanodeUUID=81358f04-b55e-4661-8083-492e8c5539a7, command=[]} | ret=SUCCESS |  
2019-08-22 11:56:54,116 | INFO  | SCMAudit | user=jenkins1000 | ip=192.168.5.135 | op=SEND_HEARTBEAT {datanodeUUID=ac50c3b2-b81f-4c0a-b4fe-860d2c902727, command=[]} | ret=SUCCESS |  
2019-08-22 11:56:54,266 | INFO  | SCMAudit | user=jenkins1000 | ip=192.168.5.135 | op=SEND_HEARTBEAT {datanodeUUID=c2ff41bc-5475-4ec0-aa3a-f40fe56d194e, command=[]} | ret=SUCCESS |  
2019-08-22 11:56:54,359 [IPC Server handler 3 on 45248] INFO  net.NetworkTopology (NetworkTopologyImpl.java:add(110)) - Added a new node: /default-rack/5baf14f9-106a-4ced-9d22-c6d3b1d04d0e
2019-08-22 11:56:54,364 [IPC Server handler 3 on 45248] INFO  node.SCMNodeManager (SCMNodeManager.java:register(273)) - Registered Data node : 5baf14f9-106a-4ced-9d22-c6d3b1d04d0e{ip: 192.168.5.135, host: pr-hdds-1981-gl9jh-3406769118, networkLocation: /default-rack, certSerialId: null}
2019-08-22 11:56:54,365 [EventQueue-NodeRegistrationContainerReportForDataNodeSafeModeRule] INFO  safemode.SCMSafeModeManager (DataNodeSafeModeRule.java:process(71)) - SCM in safe mode. 1 DataNodes registered, 1 required.
2019-08-22 11:56:54,365 | INFO  | SCMAudit | user=jenkins1000 | ip=192.168.5.135 | op=REGISTER {datanodeDetails=5baf14f9-106a-4ced-9d22-c6d3b1d04d0e{ip: 192.168.5.135, host: pr-hdds-1981-gl9jh-3406769118, networkLocation: /default-rack, certSerialId: null}} | ret=SUCCESS |  
2019-08-22 11:56:54,368 [EventQueue-NodeRegistrationContainerReportForDataNodeSafeModeRule] INFO  safemode.SCMSafeModeManager (SCMSafeModeManager.java:validateSafeModeExitRules(177)) - ScmSafeModeManager, all rules are successfully validated
2019-08-22 11:56:54,369 [EventQueue-NodeRegistrationContainerReportForDataNodeSafeModeRule] INFO  safemode.SCMSafeModeManager (SCMSafeModeManager.java:exitSafeMode(193)) - SCM exiting safe mode.
2019-08-22 11:56:54,377 [grpc-default-executor-7] INFO  impl.RaftServerProxy (RaftServerProxy.java:addNew(89)) - 5baf14f9-106a-4ced-9d22-c6d3b1d04d0e: addNew group-384B027BFBB8:[5baf14f9-106a-4ced-9d22-c6d3b1d04d0e:192.168.5.135:35459] returns group-384B027BFBB8:java.util.concurrent.CompletableFuture@7fb28a0[Not completed]
2019-08-22 11:56:54,378 | INFO  | SCMAudit | user=jenkins1000 | ip=192.168.5.135 | op=SEND_HEARTBEAT {datanodeUUID=8085255e-7a41-426f-b0e8-2d5555c5b7b9, command=[]} | ret=SUCCESS |  
2019-08-22 11:56:54,379 [pool-316-thread-1] INFO  impl.RaftServerImpl (RaftServerImpl.java:<init>(93)) - 5baf14f9-106a-4ced-9d22-c6d3b1d04d0e: new RaftServerImpl for group-384B027BFBB8:[5baf14f9-106a-4ced-9d22-c6d3b1d04d0e:192.168.5.135:35459] with ContainerStateMachine:uninitialized
2019-08-22 11:56:54,379 [pool-316-thread-1] INFO  server.RaftServerConfigKeys (ConfUtils.java:logGet(43)) - raft.server.rpc.timeout.min = 5s (custom)
2019-08-22 11:56:54,380 [pool-316-thread-1] INFO  server.RaftServerConfigKeys (ConfUtils.java:logGet(43)) - raft.server.rpc.timeout.max = 5200ms (custom)
2019-08-22 11:56:54,380 [pool-316-thread-1] INFO  server.RaftServerConfigKeys (ConfUtils.java:logGet(43)) - raft.server.rpcslowness.timeout = 120s (custom)
2019-08-22 11:56:54,380 [pool-316-thread-1] INFO  server.RaftServerConfigKeys (ConfUtils.java:logGet(43)) - raft.server.sleep.deviation.threshold = 300 (default)
2019-08-22 11:56:54,380 [pool-316-thread-1] INFO  server.RaftServerConfigKeys (ConfUtils.java:logGet(43)) - raft.server.log.appender.install.snapshot.enabled = false (custom)
2019-08-22 11:56:54,380 [pool-316-thread-1] INFO  impl.RaftServerImpl (ServerState.java:<init>(105)) - 5baf14f9-106a-4ced-9d22-c6d3b1d04d0e:group-384B027BFBB8 ConfigurationManager, init=-1: [5baf14f9-106a-4ced-9d22-c6d3b1d04d0e:192.168.5.135:35459], old=null, confs=<EMPTY_MAP>
2019-08-22 11:56:54,381 [pool-316-thread-1] INFO  server.RaftServerConfigKeys (ConfUtils.java:logGet(43)) - raft.server.storage.dir = [/workdir/hadoop-ozone/integration-test/target/test-dir/MiniOzoneClusterImpl-8e457fc4-2fe2-4844-8b87-d385df915f48/datanode-0/data/ratis] (custom)
2019-08-22 11:56:54,381 [pool-316-thread-1] INFO  storage.RaftStorageDirectory (RaftStorageDirectory.java:analyzeStorage(246)) - The storage directory /workdir/hadoop-ozone/integration-test/target/test-dir/MiniOzoneClusterImpl-8e457fc4-2fe2-4844-8b87-d385df915f48/datanode-0/data/ratis/9ecb8cad-9326-420f-a68f-384b027bfbb8 does not exist. Creating ...
2019-08-22 11:56:54,395 [pool-316-thread-1] INFO  storage.RaftStorageDirectory (RaftStorageDirectory.java:tryLock(328)) - Lock on /workdir/hadoop-ozone/integration-test/target/test-dir/MiniOzoneClusterImpl-8e457fc4-2fe2-4844-8b87-d385df915f48/datanode-0/data/ratis/9ecb8cad-9326-420f-a68f-384b027bfbb8/in_use.lock acquired by nodename 21501@pr-hdds-1981-gl9jh-3406769118
2019-08-22 11:56:54,408 [pool-316-thread-1] INFO  storage.RaftStorage (RaftStorage.java:format(72)) - Storage directory /workdir/hadoop-ozone/integration-test/target/test-dir/MiniOzoneClusterImpl-8e457fc4-2fe2-4844-8b87-d385df915f48/datanode-0/data/ratis/9ecb8cad-9326-420f-a68f-384b027bfbb8 has been successfully formatted.
2019-08-22 11:56:54,408 [pool-316-thread-1] INFO  ratis.ContainerStateMachine (ContainerStateMachine.java:loadSnapshot(222)) - group-384B027BFBB8: The snapshot info is null. Setting the last applied indexto:(t:0, i:~)
2019-08-22 11:56:54,409 [pool-316-thread-1] INFO  server.RaftServerConfigKeys (ConfUtils.java:logGet(43)) - raft.server.leader.election.timeout = 120s (custom)
2019-08-22 11:56:54,409 [pool-316-thread-1] INFO  server.RaftServerConfigKeys (ConfUtils.java:logGet(43)) - raft.server.log.use.memory = false (default)
2019-08-22 11:56:54,409 [pool-316-thread-1] INFO  server.RaftServerConfigKeys (ConfUtils.java:logGet(43)) - raft.server.log.purge.gap = 1000000 (custom)
2019-08-22 11:56:54,409 [pool-316-thread-1] INFO  server.RaftServerConfigKeys (ConfUtils.java:logGet(43)) - raft.server.log.appender.buffer.byte-limit = 33554432 (custom)
2019-08-22 11:56:54,409 [pool-316-thread-1] INFO  server.RaftServerConfigKeys (ConfUtils.java:logGet(43)) - raft.server.log.segment.size.max = 1048576 (custom)
2019-08-22 11:56:54,409 [pool-316-thread-1] INFO  server.RaftServerConfigKeys (ConfUtils.java:logGet(43)) - raft.server.log.segment.cache.num.max = 2 (custom)
2019-08-22 11:56:54,409 [pool-316-thread-1] INFO  segmented.SegmentedRaftLogWorker (SegmentedRaftLogWorker.java:<init>(172)) - new 5baf14f9-106a-4ced-9d22-c6d3b1d04d0e-SegmentedRaftLogWorker:Storage Directory /workdir/hadoop-ozone/integration-test/target/test-dir/MiniOzoneClusterImpl-8e457fc4-2fe2-4844-8b87-d385df915f48/datanode-0/data/ratis/9ecb8cad-9326-420f-a68f-384b027bfbb8 for RaftStorage:Storage Directory /workdir/hadoop-ozone/integration-test/target/test-dir/MiniOzoneClusterImpl-8e457fc4-2fe2-4844-8b87-d385df915f48/datanode-0/data/ratis/9ecb8cad-9326-420f-a68f-384b027bfbb8
2019-08-22 11:56:54,410 [pool-316-thread-1] INFO  server.RaftServerConfigKeys (ConfUtils.java:logGet(43)) - raft.server.log.queue.byte-limit = 2147483647 (custom)
2019-08-22 11:56:54,410 [pool-316-thread-1] INFO  server.RaftServerConfigKeys (ConfUtils.java:logGet(43)) - raft.server.log.queue.element-limit = 1024 (custom)
2019-08-22 11:56:54,410 [pool-316-thread-1] INFO  server.RaftServerConfigKeys (ConfUtils.java:logGet(43)) - raft.server.log.segment.size.max = 1048576 (custom)
2019-08-22 11:56:54,410 [pool-316-thread-1] INFO  server.RaftServerConfigKeys (ConfUtils.java:logGet(43)) - raft.server.log.preallocated.size = 16384 (custom)
2019-08-22 11:56:54,410 [pool-316-thread-1] INFO  server.RaftServerConfigKeys (ConfUtils.java:logGet(43)) - raft.server.log.write.buffer.size = 33554432 (custom)
2019-08-22 11:56:54,411 [pool-316-thread-1] INFO  server.RaftServerConfigKeys (ConfUtils.java:logGet(43)) - raft.server.log.force.sync.num = 128 (default)
2019-08-22 11:56:54,411 [pool-316-thread-1] INFO  server.RaftServerConfigKeys (ConfUtils.java:logGet(43)) - raft.server.log.statemachine.data.sync = true (default)
2019-08-22 11:56:54,411 [pool-316-thread-1] INFO  server.RaftServerConfigKeys (ConfUtils.java:logGet(43)) - raft.server.log.statemachine.data.sync.timeout = 10s (default)
2019-08-22 11:56:54,411 [pool-316-thread-1] INFO  server.RaftServerConfigKeys (ConfUtils.java:logGet(43)) - raft.server.log.statemachine.data.sync.timeout.retry = -1 (default)
2019-08-22 11:56:54,411 [pool-316-thread-1] INFO  server.RaftServerConfigKeys (ConfUtils.java:logGet(43)) - raft.server.log.statemachine.data.caching.enabled = true (custom)
2019-08-22 11:56:54,412 [pool-316-thread-1] INFO  segmented.SegmentedRaftLogWorker (SegmentedRaftLogWorker.java:lambda$new$0(132)) - 5baf14f9-106a-4ced-9d22-c6d3b1d04d0e-SegmentedRaftLogWorker:Storage Directory /workdir/hadoop-ozone/integration-test/target/test-dir/MiniOzoneClusterImpl-8e457fc4-2fe2-4844-8b87-d385df915f48/datanode-0/data/ratis/9ecb8cad-9326-420f-a68f-384b027bfbb8: flushIndex: setUnconditionally 0 -> -1
2019-08-22 11:56:54,412 [pool-316-thread-1] INFO  server.RaftServerConfigKeys (ConfUtils.java:logGet(43)) - raft.server.snapshot.auto.trigger.enabled = true (custom)
2019-08-22 11:56:54,412 [pool-316-thread-1] INFO  server.RaftServerConfigKeys (ConfUtils.java:logGet(43)) - raft.server.snapshot.auto.trigger.threshold = 10000 (custom)
2019-08-22 11:56:54,412 [pool-316-thread-1] INFO  server.RaftServerConfigKeys (ConfUtils.java:logGet(43)) - raft.server.retrycache.expirytime = 600000ms (custom)
2019-08-22 11:56:54,413 [pool-316-thread-1] INFO  impl.RaftServerImpl (RaftServerImpl.java:start(180)) - 5baf14f9-106a-4ced-9d22-c6d3b1d04d0e: start group-384B027BFBB8
2019-08-22 11:56:54,413 [pool-316-thread-1] INFO  impl.RaftServerImpl (RaftServerImpl.java:setRole(171)) - 5baf14f9-106a-4ced-9d22-c6d3b1d04d0e:group-384B027BFBB8 changes role from null to FOLLOWER at term 0 for startAsFollower
2019-08-22 11:56:54,413 [pool-316-thread-1] INFO  impl.RoleInfo (RoleInfo.java:updateAndGet(143)) - 5baf14f9-106a-4ced-9d22-c6d3b1d04d0e: start FollowerState
2019-08-22 11:56:54,413 [pool-316-thread-1] INFO  util.JmxRegister (JmxRegister.java:tryRegister(44)) - Successfully registered JMX Bean with object name Ratis:service=RaftServer,group=group-384B027BFBB8,id=5baf14f9-106a-4ced-9d22-c6d3b1d04d0e
2019-08-22 11:56:54,416 [RatisPipelineUtilsThread] INFO  pipeline.PipelineStateManager (PipelineStateManager.java:addPipeline(56)) - Created pipeline Pipeline[ Id: 9ecb8cad-9326-420f-a68f-384b027bfbb8, Nodes: 5baf14f9-106a-4ced-9d22-c6d3b1d04d0e{ip: 192.168.5.135, host: pr-hdds-1981-gl9jh-3406769118, networkLocation: /default-rack, certSerialId: null}, Type:RATIS, Factor:ONE, State:OPEN]
2019-08-22 11:56:54,464 | INFO  | SCMAudit | user=jenkins1000 | ip=192.168.5.135 | op=SEND_HEARTBEAT {datanodeUUID=9b0e54da-58f3-4b2f-aec1-b0a4cb1efbe1, command=[]} | ret=SUCCESS |  
2019-08-22 11:56:54,570 | INFO  | SCMAudit | user=jenkins1000 | ip=192.168.5.135 | op=SEND_HEARTBEAT {datanodeUUID=8c07d121-2c0d-4967-83b1-bdc1bfd445f6, command=[]} | ret=SUCCESS |  
2019-08-22 11:56:54,588 [IPC Server handler 2 on 45248] INFO  net.NetworkTopology (NetworkTopologyImpl.java:add(110)) - Added a new node: /default-rack/3bb875ee-c081-4eb6-9788-aa0c436bb6c2
2019-08-22 11:56:54,589 [IPC Server handler 2 on 45248] INFO  node.SCMNodeManager (SCMNodeManager.java:register(273)) - Registered Data node : 3bb875ee-c081-4eb6-9788-aa0c436bb6c2{ip: 192.168.5.135, host: pr-hdds-1981-gl9jh-3406769118, networkLocation: /default-rack, certSerialId: null}
2019-08-22 11:56:54,589 | INFO  | SCMAudit | user=jenkins1000 | ip=192.168.5.135 | op=REGISTER {datanodeDetails=3bb875ee-c081-4eb6-9788-aa0c436bb6c2{ip: 192.168.5.135, host: pr-hdds-1981-gl9jh-3406769118, networkLocation: /default-rack, certSerialId: null}} | ret=SUCCESS |  
2019-08-22 11:56:54,601 [grpc-default-executor-1] INFO  impl.RaftServerProxy (RaftServerProxy.java:addNew(89)) - 3bb875ee-c081-4eb6-9788-aa0c436bb6c2: addNew group-7E9223A48F7B:[3bb875ee-c081-4eb6-9788-aa0c436bb6c2:192.168.5.135:37570] returns group-7E9223A48F7B:java.util.concurrent.CompletableFuture@238d7c53[Not completed]
2019-08-22 11:56:54,603 [pool-327-thread-1] INFO  impl.RaftServerImpl (RaftServerImpl.java:<init>(93)) - 3bb875ee-c081-4eb6-9788-aa0c436bb6c2: new RaftServerImpl for group-7E9223A48F7B:[3bb875ee-c081-4eb6-9788-aa0c436bb6c2:192.168.5.135:37570] with ContainerStateMachine:uninitialized
2019-08-22 11:56:54,603 [pool-327-thread-1] INFO  server.RaftServerConfigKeys (ConfUtils.java:logGet(43)) - raft.server.rpc.timeout.min = 5s (custom)
2019-08-22 11:56:54,603 [pool-327-thread-1] INFO  server.RaftServerConfigKeys (ConfUtils.java:logGet(43)) - raft.server.rpc.timeout.max = 5200ms (custom)
2019-08-22 11:56:54,603 [pool-327-thread-1] INFO  server.RaftServerConfigKeys (ConfUtils.java:logGet(43)) - raft.server.rpcslowness.timeout = 120s (custom)
2019-08-22 11:56:54,604 [pool-327-thread-1] INFO  server.RaftServerConfigKeys (ConfUtils.java:logGet(43)) - raft.server.sleep.deviation.threshold = 300 (default)
2019-08-22 11:56:54,604 [pool-327-thread-1] INFO  server.RaftServerConfigKeys (ConfUtils.java:logGet(43)) - raft.server.log.appender.install.snapshot.enabled = false (custom)
2019-08-22 11:56:54,604 [pool-327-thread-1] INFO  impl.RaftServerImpl (ServerState.java:<init>(105)) - 3bb875ee-c081-4eb6-9788-aa0c436bb6c2:group-7E9223A48F7B ConfigurationManager, init=-1: [3bb875ee-c081-4eb6-9788-aa0c436bb6c2:192.168.5.135:37570], old=null, confs=<EMPTY_MAP>
2019-08-22 11:56:54,604 [pool-327-thread-1] INFO  server.RaftServerConfigKeys (ConfUtils.java:logGet(43)) - raft.server.storage.dir = [/workdir/hadoop-ozone/integration-test/target/test-dir/MiniOzoneClusterImpl-8e457fc4-2fe2-4844-8b87-d385df915f48/datanode-1/data/ratis] (custom)
2019-08-22 11:56:54,605 [pool-327-thread-1] INFO  storage.RaftStorageDirectory (RaftStorageDirectory.java:analyzeStorage(246)) - The storage directory /workdir/hadoop-ozone/integration-test/target/test-dir/MiniOzoneClusterImpl-8e457fc4-2fe2-4844-8b87-d385df915f48/datanode-1/data/ratis/57c8860a-aa62-44c1-bf44-7e9223a48f7b does not exist. Creating ...
2019-08-22 11:56:54,617 [pool-327-thread-1] INFO  storage.RaftStorageDirectory (RaftStorageDirectory.java:tryLock(328)) - Lock on /workdir/hadoop-ozone/integration-test/target/test-dir/MiniOzoneClusterImpl-8e457fc4-2fe2-4844-8b87-d385df915f48/datanode-1/data/ratis/57c8860a-aa62-44c1-bf44-7e9223a48f7b/in_use.lock acquired by nodename 21501@pr-hdds-1981-gl9jh-3406769118
2019-08-22 11:56:54,630 [pool-327-thread-1] INFO  storage.RaftStorage (RaftStorage.java:format(72)) - Storage directory /workdir/hadoop-ozone/integration-test/target/test-dir/MiniOzoneClusterImpl-8e457fc4-2fe2-4844-8b87-d385df915f48/datanode-1/data/ratis/57c8860a-aa62-44c1-bf44-7e9223a48f7b has been successfully formatted.
2019-08-22 11:56:54,631 [pool-327-thread-1] INFO  ratis.ContainerStateMachine (ContainerStateMachine.java:loadSnapshot(222)) - group-7E9223A48F7B: The snapshot info is null. Setting the last applied indexto:(t:0, i:~)
2019-08-22 11:56:54,631 [pool-327-thread-1] INFO  server.RaftServerConfigKeys (ConfUtils.java:logGet(43)) - raft.server.leader.election.timeout = 120s (custom)
2019-08-22 11:56:54,631 [pool-327-thread-1] INFO  server.RaftServerConfigKeys (ConfUtils.java:logGet(43)) - raft.server.log.use.memory = false (default)
2019-08-22 11:56:54,631 [pool-327-thread-1] INFO  server.RaftServerConfigKeys (ConfUtils.java:logGet(43)) - raft.server.log.purge.gap = 1000000 (custom)
2019-08-22 11:56:54,631 [pool-327-thread-1] INFO  server.RaftServerConfigKeys (ConfUtils.java:logGet(43)) - raft.server.log.appender.buffer.byte-limit = 33554432 (custom)
2019-08-22 11:56:54,632 [pool-327-thread-1] INFO  server.RaftServerConfigKeys (ConfUtils.java:logGet(43)) - raft.server.log.segment.size.max = 1048576 (custom)
2019-08-22 11:56:54,632 [pool-327-thread-1] INFO  server.RaftServerConfigKeys (ConfUtils.java:logGet(43)) - raft.server.log.segment.cache.num.max = 2 (custom)
2019-08-22 11:56:54,632 [pool-327-thread-1] INFO  segmented.SegmentedRaftLogWorker (SegmentedRaftLogWorker.java:<init>(172)) - new 3bb875ee-c081-4eb6-9788-aa0c436bb6c2-SegmentedRaftLogWorker:Storage Directory /workdir/hadoop-ozone/integration-test/target/test-dir/MiniOzoneClusterImpl-8e457fc4-2fe2-4844-8b87-d385df915f48/datanode-1/data/ratis/57c8860a-aa62-44c1-bf44-7e9223a48f7b for RaftStorage:Storage Directory /workdir/hadoop-ozone/integration-test/target/test-dir/MiniOzoneClusterImpl-8e457fc4-2fe2-4844-8b87-d385df915f48/datanode-1/data/ratis/57c8860a-aa62-44c1-bf44-7e9223a48f7b
2019-08-22 11:56:54,632 [pool-327-thread-1] INFO  server.RaftServerConfigKeys (ConfUtils.java:logGet(43)) - raft.server.log.queue.byte-limit = 2147483647 (custom)
2019-08-22 11:56:54,632 [pool-327-thread-1] INFO  server.RaftServerConfigKeys (ConfUtils.java:logGet(43)) - raft.server.log.queue.element-limit = 1024 (custom)
2019-08-22 11:56:54,633 [pool-327-thread-1] INFO  server.RaftServerConfigKeys (ConfUtils.java:logGet(43)) - raft.server.log.segment.size.max = 1048576 (custom)
2019-08-22 11:56:54,633 [pool-327-thread-1] INFO  server.RaftServerConfigKeys (ConfUtils.java:logGet(43)) - raft.server.log.preallocated.size = 16384 (custom)
2019-08-22 11:56:54,633 [pool-327-thread-1] INFO  server.RaftServerConfigKeys (ConfUtils.java:logGet(43)) - raft.server.log.write.buffer.size = 33554432 (custom)
2019-08-22 11:56:54,633 [pool-327-thread-1] INFO  server.RaftServerConfigKeys (ConfUtils.java:logGet(43)) - raft.server.log.force.sync.num = 128 (default)
2019-08-22 11:56:54,633 [pool-327-thread-1] INFO  server.RaftServerConfigKeys (ConfUtils.java:logGet(43)) - raft.server.log.statemachine.data.sync = true (default)
2019-08-22 11:56:54,633 [pool-327-thread-1] INFO  server.RaftServerConfigKeys (ConfUtils.java:logGet(43)) - raft.server.log.statemachine.data.sync.timeout = 10s (default)
2019-08-22 11:56:54,634 [pool-327-thread-1] INFO  server.RaftServerConfigKeys (ConfUtils.java:logGet(43)) - raft.server.log.statemachine.data.sync.timeout.retry = -1 (default)
2019-08-22 11:56:54,634 [pool-327-thread-1] INFO  server.RaftServerConfigKeys (ConfUtils.java:logGet(43)) - raft.server.log.statemachine.data.caching.enabled = true (custom)
2019-08-22 11:56:54,634 [pool-327-thread-1] INFO  segmented.SegmentedRaftLogWorker (SegmentedRaftLogWorker.java:lambda$new$0(132)) - 3bb875ee-c081-4eb6-9788-aa0c436bb6c2-SegmentedRaftLogWorker:Storage Directory /workdir/hadoop-ozone/integration-test/target/test-dir/MiniOzoneClusterImpl-8e457fc4-2fe2-4844-8b87-d385df915f48/datanode-1/data/ratis/57c8860a-aa62-44c1-bf44-7e9223a48f7b: flushIndex: setUnconditionally 0 -> -1
2019-08-22 11:56:54,635 [pool-327-thread-1] INFO  server.RaftServerConfigKeys (ConfUtils.java:logGet(43)) - raft.server.snapshot.auto.trigger.enabled = true (custom)
2019-08-22 11:56:54,635 [pool-327-thread-1] INFO  server.RaftServerConfigKeys (ConfUtils.java:logGet(43)) - raft.server.snapshot.auto.trigger.threshold = 10000 (custom)
2019-08-22 11:56:54,635 [pool-327-thread-1] INFO  server.RaftServerConfigKeys (ConfUtils.java:logGet(43)) - raft.server.retrycache.expirytime = 600000ms (custom)
2019-08-22 11:56:54,635 [pool-327-thread-1] INFO  impl.RaftServerImpl (RaftServerImpl.java:start(180)) - 3bb875ee-c081-4eb6-9788-aa0c436bb6c2: start group-7E9223A48F7B
2019-08-22 11:56:54,635 [pool-327-thread-1] INFO  impl.RaftServerImpl (RaftServerImpl.java:setRole(171)) - 3bb875ee-c081-4eb6-9788-aa0c436bb6c2:group-7E9223A48F7B changes role from null to FOLLOWER at term 0 for startAsFollower
2019-08-22 11:56:54,635 [pool-327-thread-1] INFO  impl.RoleInfo (RoleInfo.java:updateAndGet(143)) - 3bb875ee-c081-4eb6-9788-aa0c436bb6c2: start FollowerState
2019-08-22 11:56:54,636 [pool-327-thread-1] INFO  util.JmxRegister (JmxRegister.java:tryRegister(44)) - Successfully registered JMX Bean with object name Ratis:service=RaftServer,group=group-7E9223A48F7B,id=3bb875ee-c081-4eb6-9788-aa0c436bb6c2
2019-08-22 11:56:54,639 [RatisPipelineUtilsThread] INFO  pipeline.PipelineStateManager (PipelineStateManager.java:addPipeline(56)) - Created pipeline Pipeline[ Id: 57c8860a-aa62-44c1-bf44-7e9223a48f7b, Nodes: 3bb875ee-c081-4eb6-9788-aa0c436bb6c2{ip: 192.168.5.135, host: pr-hdds-1981-gl9jh-3406769118, networkLocation: /default-rack, certSerialId: null}, Type:RATIS, Factor:ONE, State:OPEN]
2019-08-22 11:56:54,668 [main] INFO  ozone.MiniOzoneClusterImpl (MiniOzoneClusterImpl.java:lambda$waitForClusterToBeReady$0(142)) - Waiting for cluster to be ready. Got 2 of 7 DN Heartbeats.
2019-08-22 11:56:54,733 | INFO  | SCMAudit | user=jenkins1000 | ip=192.168.5.135 | op=SEND_HEARTBEAT {datanodeUUID=4a9862d5-694b-4c7d-b652-1fb8ddcfc588, command=[]} | ret=SUCCESS |  
2019-08-22 11:56:54,800 [IPC Server handler 1 on 45248] INFO  net.NetworkTopology (NetworkTopologyImpl.java:add(110)) - Added a new node: /default-rack/88458bba-7d36-4308-81a2-94c77140fafa
2019-08-22 11:56:54,800 [IPC Server handler 1 on 45248] INFO  node.SCMNodeManager (SCMNodeManager.java:register(273)) - Registered Data node : 88458bba-7d36-4308-81a2-94c77140fafa{ip: 192.168.5.135, host: pr-hdds-1981-gl9jh-3406769118, networkLocation: /default-rack, certSerialId: null}
2019-08-22 11:56:54,801 | INFO  | SCMAudit | user=jenkins1000 | ip=192.168.5.135 | op=REGISTER {datanodeDetails=88458bba-7d36-4308-81a2-94c77140fafa{ip: 192.168.5.135, host: pr-hdds-1981-gl9jh-3406769118, networkLocation: /default-rack, certSerialId: null}} | ret=SUCCESS |  
2019-08-22 11:56:54,813 [grpc-default-executor-1] INFO  impl.RaftServerProxy (RaftServerProxy.java:addNew(89)) - 88458bba-7d36-4308-81a2-94c77140fafa: addNew group-7E7FF3B46D04:[88458bba-7d36-4308-81a2-94c77140fafa:192.168.5.135:43933] returns group-7E7FF3B46D04:java.util.concurrent.CompletableFuture@691d4955[Not completed]
2019-08-22 11:56:54,815 [pool-338-thread-1] INFO  impl.RaftServerImpl (RaftServerImpl.java:<init>(93)) - 88458bba-7d36-4308-81a2-94c77140fafa: new RaftServerImpl for group-7E7FF3B46D04:[88458bba-7d36-4308-81a2-94c77140fafa:192.168.5.135:43933] with ContainerStateMachine:uninitialized
2019-08-22 11:56:54,815 [pool-338-thread-1] INFO  server.RaftServerConfigKeys (ConfUtils.java:logGet(43)) - raft.server.rpc.timeout.min = 5s (custom)
2019-08-22 11:56:54,815 [pool-338-thread-1] INFO  server.RaftServerConfigKeys (ConfUtils.java:logGet(43)) - raft.server.rpc.timeout.max = 5200ms (custom)
2019-08-22 11:56:54,815 [pool-338-thread-1] INFO  server.RaftServerConfigKeys (ConfUtils.java:logGet(43)) - raft.server.rpcslowness.timeout = 120s (custom)
2019-08-22 11:56:54,816 [pool-338-thread-1] INFO  server.RaftServerConfigKeys (ConfUtils.java:logGet(43)) - raft.server.sleep.deviation.threshold = 300 (default)
2019-08-22 11:56:54,816 [pool-338-thread-1] INFO  server.RaftServerConfigKeys (ConfUtils.java:logGet(43)) - raft.server.log.appender.install.snapshot.enabled = false (custom)
2019-08-22 11:56:54,816 [pool-338-thread-1] INFO  impl.RaftServerImpl (ServerState.java:<init>(105)) - 88458bba-7d36-4308-81a2-94c77140fafa:group-7E7FF3B46D04 ConfigurationManager, init=-1: [88458bba-7d36-4308-81a2-94c77140fafa:192.168.5.135:43933], old=null, confs=<EMPTY_MAP>
2019-08-22 11:56:54,816 [pool-338-thread-1] INFO  server.RaftServerConfigKeys (ConfUtils.java:logGet(43)) - raft.server.storage.dir = [/workdir/hadoop-ozone/integration-test/target/test-dir/MiniOzoneClusterImpl-8e457fc4-2fe2-4844-8b87-d385df915f48/datanode-2/data/ratis] (custom)
2019-08-22 11:56:54,817 [pool-338-thread-1] INFO  storage.RaftStorageDirectory (RaftStorageDirectory.java:analyzeStorage(246)) - The storage directory /workdir/hadoop-ozone/integration-test/target/test-dir/MiniOzoneClusterImpl-8e457fc4-2fe2-4844-8b87-d385df915f48/datanode-2/data/ratis/470fba72-3b5a-4432-82d0-7e7ff3b46d04 does not exist. Creating ...
2019-08-22 11:56:54,842 [pool-338-thread-1] INFO  storage.RaftStorageDirectory (RaftStorageDirectory.java:tryLock(328)) - Lock on /workdir/hadoop-ozone/integration-test/target/test-dir/MiniOzoneClusterImpl-8e457fc4-2fe2-4844-8b87-d385df915f48/datanode-2/data/ratis/470fba72-3b5a-4432-82d0-7e7ff3b46d04/in_use.lock acquired by nodename 21501@pr-hdds-1981-gl9jh-3406769118
2019-08-22 11:56:54,855 [pool-338-thread-1] INFO  storage.RaftStorage (RaftStorage.java:format(72)) - Storage directory /workdir/hadoop-ozone/integration-test/target/test-dir/MiniOzoneClusterImpl-8e457fc4-2fe2-4844-8b87-d385df915f48/datanode-2/data/ratis/470fba72-3b5a-4432-82d0-7e7ff3b46d04 has been successfully formatted.
2019-08-22 11:56:54,855 [pool-338-thread-1] INFO  ratis.ContainerStateMachine (ContainerStateMachine.java:loadSnapshot(222)) - group-7E7FF3B46D04: The snapshot info is null. Setting the last applied indexto:(t:0, i:~)
2019-08-22 11:56:54,855 [pool-338-thread-1] INFO  server.RaftServerConfigKeys (ConfUtils.java:logGet(43)) - raft.server.leader.election.timeout = 120s (custom)
2019-08-22 11:56:54,855 [pool-338-thread-1] INFO  server.RaftServerConfigKeys (ConfUtils.java:logGet(43)) - raft.server.log.use.memory = false (default)
2019-08-22 11:56:54,855 [pool-338-thread-1] INFO  server.RaftServerConfigKeys (ConfUtils.java:logGet(43)) - raft.server.log.purge.gap = 1000000 (custom)
2019-08-22 11:56:54,855 [pool-338-thread-1] INFO  server.RaftServerConfigKeys (ConfUtils.java:logGet(43)) - raft.server.log.appender.buffer.byte-limit = 33554432 (custom)
2019-08-22 11:56:54,856 [pool-338-thread-1] INFO  server.RaftServerConfigKeys (ConfUtils.java:logGet(43)) - raft.server.log.segment.size.max = 1048576 (custom)
2019-08-22 11:56:54,856 [pool-338-thread-1] INFO  server.RaftServerConfigKeys (ConfUtils.java:logGet(43)) - raft.server.log.segment.cache.num.max = 2 (custom)
2019-08-22 11:56:54,856 [pool-338-thread-1] INFO  segmented.SegmentedRaftLogWorker (SegmentedRaftLogWorker.java:<init>(172)) - new 88458bba-7d36-4308-81a2-94c77140fafa-SegmentedRaftLogWorker:Storage Directory /workdir/hadoop-ozone/integration-test/target/test-dir/MiniOzoneClusterImpl-8e457fc4-2fe2-4844-8b87-d385df915f48/datanode-2/data/ratis/470fba72-3b5a-4432-82d0-7e7ff3b46d04 for RaftStorage:Storage Directory /workdir/hadoop-ozone/integration-test/target/test-dir/MiniOzoneClusterImpl-8e457fc4-2fe2-4844-8b87-d385df915f48/datanode-2/data/ratis/470fba72-3b5a-4432-82d0-7e7ff3b46d04
2019-08-22 11:56:54,856 [pool-338-thread-1] INFO  server.RaftServerConfigKeys (ConfUtils.java:logGet(43)) - raft.server.log.queue.byte-limit = 2147483647 (custom)
2019-08-22 11:56:54,856 [pool-338-thread-1] INFO  server.RaftServerConfigKeys (ConfUtils.java:logGet(43)) - raft.server.log.queue.element-limit = 1024 (custom)
2019-08-22 11:56:54,856 [pool-338-thread-1] INFO  server.RaftServerConfigKeys (ConfUtils.java:logGet(43)) - raft.server.log.segment.size.max = 1048576 (custom)
2019-08-22 11:56:54,856 [pool-338-thread-1] INFO  server.RaftServerConfigKeys (ConfUtils.java:logGet(43)) - raft.server.log.preallocated.size = 16384 (custom)
2019-08-22 11:56:54,857 [pool-338-thread-1] INFO  server.RaftServerConfigKeys (ConfUtils.java:logGet(43)) - raft.server.log.write.buffer.size = 33554432 (custom)
2019-08-22 11:56:54,857 [pool-338-thread-1] INFO  server.RaftServerConfigKeys (ConfUtils.java:logGet(43)) - raft.server.log.force.sync.num = 128 (default)
2019-08-22 11:56:54,857 [pool-338-thread-1] INFO  server.RaftServerConfigKeys (ConfUtils.java:logGet(43)) - raft.server.log.statemachine.data.sync = true (default)
2019-08-22 11:56:54,857 [pool-338-thread-1] INFO  server.RaftServerConfigKeys (ConfUtils.java:logGet(43)) - raft.server.log.statemachine.data.sync.timeout = 10s (default)
2019-08-22 11:56:54,857 [pool-338-thread-1] INFO  server.RaftServerConfigKeys (ConfUtils.java:logGet(43)) - raft.server.log.statemachine.data.sync.timeout.retry = -1 (default)
2019-08-22 11:56:54,857 [pool-338-thread-1] INFO  server.RaftServerConfigKeys (ConfUtils.java:logGet(43)) - raft.server.log.statemachine.data.caching.enabled = true (custom)
2019-08-22 11:56:54,858 [pool-338-thread-1] INFO  segmented.SegmentedRaftLogWorker (SegmentedRaftLogWorker.java:lambda$new$0(132)) - 88458bba-7d36-4308-81a2-94c77140fafa-SegmentedRaftLogWorker:Storage Directory /workdir/hadoop-ozone/integration-test/target/test-dir/MiniOzoneClusterImpl-8e457fc4-2fe2-4844-8b87-d385df915f48/datanode-2/data/ratis/470fba72-3b5a-4432-82d0-7e7ff3b46d04: flushIndex: setUnconditionally 0 -> -1
2019-08-22 11:56:54,858 [pool-338-thread-1] INFO  server.RaftServerConfigKeys (ConfUtils.java:logGet(43)) - raft.server.snapshot.auto.trigger.enabled = true (custom)
2019-08-22 11:56:54,858 [pool-338-thread-1] INFO  server.RaftServerConfigKeys (ConfUtils.java:logGet(43)) - raft.server.snapshot.auto.trigger.threshold = 10000 (custom)
2019-08-22 11:56:54,858 [pool-338-thread-1] INFO  server.RaftServerConfigKeys (ConfUtils.java:logGet(43)) - raft.server.retrycache.expirytime = 600000ms (custom)
2019-08-22 11:56:54,858 [pool-338-thread-1] INFO  impl.RaftServerImpl (RaftServerImpl.java:start(180)) - 88458bba-7d36-4308-81a2-94c77140fafa: start group-7E7FF3B46D04
2019-08-22 11:56:54,858 [pool-338-thread-1] INFO  impl.RaftServerImpl (RaftServerImpl.java:setRole(171)) - 88458bba-7d36-4308-81a2-94c77140fafa:group-7E7FF3B46D04 changes role from null to FOLLOWER at term 0 for startAsFollower
2019-08-22 11:56:54,859 [pool-338-thread-1] INFO  impl.RoleInfo (RoleInfo.java:updateAndGet(143)) - 88458bba-7d36-4308-81a2-94c77140fafa: start FollowerState
2019-08-22 11:56:54,859 [pool-338-thread-1] INFO  util.JmxRegister (JmxRegister.java:tryRegister(44)) - Successfully registered JMX Bean with object name Ratis:service=RaftServer,group=group-7E7FF3B46D04,id=88458bba-7d36-4308-81a2-94c77140fafa
2019-08-22 11:56:54,862 [RatisPipelineUtilsThread] INFO  pipeline.PipelineStateManager (PipelineStateManager.java:addPipeline(56)) - Created pipeline Pipeline[ Id: 470fba72-3b5a-4432-82d0-7e7ff3b46d04, Nodes: 88458bba-7d36-4308-81a2-94c77140fafa{ip: 192.168.5.135, host: pr-hdds-1981-gl9jh-3406769118, networkLocation: /default-rack, certSerialId: null}, Type:RATIS, Factor:ONE, State:OPEN]
2019-08-22 11:56:54,897 [grpc-default-executor-7] INFO  impl.RaftServerProxy (RaftServerProxy.java:addNew(89)) - 3bb875ee-c081-4eb6-9788-aa0c436bb6c2: addNew group-67E69CFC7137:[5baf14f9-106a-4ced-9d22-c6d3b1d04d0e:192.168.5.135:35459, 88458bba-7d36-4308-81a2-94c77140fafa:192.168.5.135:43933, 3bb875ee-c081-4eb6-9788-aa0c436bb6c2:192.168.5.135:37570] returns group-67E69CFC7137:java.util.concurrent.CompletableFuture@14ec98c3[Not completed]
2019-08-22 11:56:54,897 [grpc-default-executor-1] INFO  impl.RaftServerProxy (RaftServerProxy.java:addNew(89)) - 88458bba-7d36-4308-81a2-94c77140fafa: addNew group-67E69CFC7137:[5baf14f9-106a-4ced-9d22-c6d3b1d04d0e:192.168.5.135:35459, 88458bba-7d36-4308-81a2-94c77140fafa:192.168.5.135:43933, 3bb875ee-c081-4eb6-9788-aa0c436bb6c2:192.168.5.135:37570] returns group-67E69CFC7137:java.util.concurrent.CompletableFuture@5831769[Not completed]
2019-08-22 11:56:54,897 [grpc-default-executor-6] INFO  impl.RaftServerProxy (RaftServerProxy.java:addNew(89)) - 5baf14f9-106a-4ced-9d22-c6d3b1d04d0e: addNew group-67E69CFC7137:[5baf14f9-106a-4ced-9d22-c6d3b1d04d0e:192.168.5.135:35459, 88458bba-7d36-4308-81a2-94c77140fafa:192.168.5.135:43933, 3bb875ee-c081-4eb6-9788-aa0c436bb6c2:192.168.5.135:37570] returns group-67E69CFC7137:java.util.concurrent.CompletableFuture@6a033f86[Not completed]
2019-08-22 11:56:54,900 [pool-316-thread-1] INFO  impl.RaftServerImpl (RaftServerImpl.java:<init>(93)) - 5baf14f9-106a-4ced-9d22-c6d3b1d04d0e: new RaftServerImpl for group-67E69CFC7137:[5baf14f9-106a-4ced-9d22-c6d3b1d04d0e:192.168.5.135:35459, 88458bba-7d36-4308-81a2-94c77140fafa:192.168.5.135:43933, 3bb875ee-c081-4eb6-9788-aa0c436bb6c2:192.168.5.135:37570] with ContainerStateMachine:uninitialized
2019-08-22 11:56:54,900 [pool-316-thread-1] INFO  server.RaftServerConfigKeys (ConfUtils.java:logGet(43)) - raft.server.rpc.timeout.min = 5s (custom)
2019-08-22 11:56:54,900 [pool-316-thread-1] INFO  server.RaftServerConfigKeys (ConfUtils.java:logGet(43)) - raft.server.rpc.timeout.max = 5200ms (custom)
2019-08-22 11:56:54,900 [pool-316-thread-1] INFO  server.RaftServerConfigKeys (ConfUtils.java:logGet(43)) - raft.server.rpcslowness.timeout = 120s (custom)
2019-08-22 11:56:54,900 [pool-316-thread-1] INFO  server.RaftServerConfigKeys (ConfUtils.java:logGet(43)) - raft.server.sleep.deviation.threshold = 300 (default)
2019-08-22 11:56:54,900 [pool-316-thread-1] INFO  server.RaftServerConfigKeys (ConfUtils.java:logGet(43)) - raft.server.log.appender.install.snapshot.enabled = false (custom)
2019-08-22 11:56:54,900 [pool-316-thread-1] INFO  impl.RaftServerImpl (ServerState.java:<init>(105)) - 5baf14f9-106a-4ced-9d22-c6d3b1d04d0e:group-67E69CFC7137 ConfigurationManager, init=-1: [5baf14f9-106a-4ced-9d22-c6d3b1d04d0e:192.168.5.135:35459, 88458bba-7d36-4308-81a2-94c77140fafa:192.168.5.135:43933, 3bb875ee-c081-4eb6-9788-aa0c436bb6c2:192.168.5.135:37570], old=null, confs=<EMPTY_MAP>
2019-08-22 11:56:54,901 [pool-316-thread-1] INFO  server.RaftServerConfigKeys (ConfUtils.java:logGet(43)) - raft.server.storage.dir = [/workdir/hadoop-ozone/integration-test/target/test-dir/MiniOzoneClusterImpl-8e457fc4-2fe2-4844-8b87-d385df915f48/datanode-0/data/ratis] (custom)
2019-08-22 11:56:54,901 [pool-338-thread-1] INFO  impl.RaftServerImpl (RaftServerImpl.java:<init>(93)) - 88458bba-7d36-4308-81a2-94c77140fafa: new RaftServerImpl for group-67E69CFC7137:[5baf14f9-106a-4ced-9d22-c6d3b1d04d0e:192.168.5.135:35459, 88458bba-7d36-4308-81a2-94c77140fafa:192.168.5.135:43933, 3bb875ee-c081-4eb6-9788-aa0c436bb6c2:192.168.5.135:37570] with ContainerStateMachine:uninitialized
2019-08-22 11:56:54,901 [pool-316-thread-1] INFO  storage.RaftStorageDirectory (RaftStorageDirectory.java:analyzeStorage(246)) - The storage directory /workdir/hadoop-ozone/integration-test/target/test-dir/MiniOzoneClusterImpl-8e457fc4-2fe2-4844-8b87-d385df915f48/datanode-0/data/ratis/712a2751-92bb-445e-ae61-67e69cfc7137 does not exist. Creating ...
2019-08-22 11:56:54,901 [pool-338-thread-1] INFO  server.RaftServerConfigKeys (ConfUtils.java:logGet(43)) - raft.server.rpc.timeout.min = 5s (custom)
2019-08-22 11:56:54,902 [pool-338-thread-1] INFO  server.RaftServerConfigKeys (ConfUtils.java:logGet(43)) - raft.server.rpc.timeout.max = 5200ms (custom)
2019-08-22 11:56:54,902 [pool-327-thread-1] INFO  impl.RaftServerImpl (RaftServerImpl.java:<init>(93)) - 3bb875ee-c081-4eb6-9788-aa0c436bb6c2: new RaftServerImpl for group-67E69CFC7137:[5baf14f9-106a-4ced-9d22-c6d3b1d04d0e:192.168.5.135:35459, 88458bba-7d36-4308-81a2-94c77140fafa:192.168.5.135:43933, 3bb875ee-c081-4eb6-9788-aa0c436bb6c2:192.168.5.135:37570] with ContainerStateMachine:uninitialized
2019-08-22 11:56:54,902 | INFO  | SCMAudit | user=jenkins1000 | ip=192.168.5.135 | op=SEND_HEARTBEAT {datanodeUUID=81358f04-b55e-4661-8083-492e8c5539a7, command=[]} | ret=SUCCESS |  
2019-08-22 11:56:54,902 [pool-338-thread-1] INFO  server.RaftServerConfigKeys (ConfUtils.java:logGet(43)) - raft.server.rpcslowness.timeout = 120s (custom)
2019-08-22 11:56:54,902 [pool-327-thread-1] INFO  server.RaftServerConfigKeys (ConfUtils.java:logGet(43)) - raft.server.rpc.timeout.min = 5s (custom)
2019-08-22 11:56:54,902 [pool-338-thread-1] INFO  server.RaftServerConfigKeys (ConfUtils.java:logGet(43)) - raft.server.sleep.deviation.threshold = 300 (default)
2019-08-22 11:56:54,902 [pool-327-thread-1] INFO  server.RaftServerConfigKeys (ConfUtils.java:logGet(43)) - raft.server.rpc.timeout.max = 5200ms (custom)
2019-08-22 11:56:54,902 [pool-338-thread-1] INFO  server.RaftServerConfigKeys (ConfUtils.java:logGet(43)) - raft.server.log.appender.install.snapshot.enabled = false (custom)
2019-08-22 11:56:54,903 [pool-327-thread-1] INFO  server.RaftServerConfigKeys (ConfUtils.java:logGet(43)) - raft.server.rpcslowness.timeout = 120s (custom)
2019-08-22 11:56:54,903 [pool-338-thread-1] INFO  impl.RaftServerImpl (ServerState.java:<init>(105)) - 88458bba-7d36-4308-81a2-94c77140fafa:group-67E69CFC7137 ConfigurationManager, init=-1: [5baf14f9-106a-4ced-9d22-c6d3b1d04d0e:192.168.5.135:35459, 88458bba-7d36-4308-81a2-94c77140fafa:192.168.5.135:43933, 3bb875ee-c081-4eb6-9788-aa0c436bb6c2:192.168.5.135:37570], old=null, confs=<EMPTY_MAP>
2019-08-22 11:56:54,903 [pool-327-thread-1] INFO  server.RaftServerConfigKeys (ConfUtils.java:logGet(43)) - raft.server.sleep.deviation.threshold = 300 (default)
2019-08-22 11:56:54,903 [pool-338-thread-1] INFO  server.RaftServerConfigKeys (ConfUtils.java:logGet(43)) - raft.server.storage.dir = [/workdir/hadoop-ozone/integration-test/target/test-dir/MiniOzoneClusterImpl-8e457fc4-2fe2-4844-8b87-d385df915f48/datanode-2/data/ratis] (custom)
2019-08-22 11:56:54,903 [pool-327-thread-1] INFO  server.RaftServerConfigKeys (ConfUtils.java:logGet(43)) - raft.server.log.appender.install.snapshot.enabled = false (custom)
2019-08-22 11:56:54,904 [pool-327-thread-1] INFO  impl.RaftServerImpl (ServerState.java:<init>(105)) - 3bb875ee-c081-4eb6-9788-aa0c436bb6c2:group-67E69CFC7137 ConfigurationManager, init=-1: [5baf14f9-106a-4ced-9d22-c6d3b1d04d0e:192.168.5.135:35459, 88458bba-7d36-4308-81a2-94c77140fafa:192.168.5.135:43933, 3bb875ee-c081-4eb6-9788-aa0c436bb6c2:192.168.5.135:37570], old=null, confs=<EMPTY_MAP>
2019-08-22 11:56:54,904 [pool-338-thread-1] INFO  storage.RaftStorageDirectory (RaftStorageDirectory.java:analyzeStorage(246)) - The storage directory /workdir/hadoop-ozone/integration-test/target/test-dir/MiniOzoneClusterImpl-8e457fc4-2fe2-4844-8b87-d385df915f48/datanode-2/data/ratis/712a2751-92bb-445e-ae61-67e69cfc7137 does not exist. Creating ...
2019-08-22 11:56:54,904 [pool-327-thread-1] INFO  server.RaftServerConfigKeys (ConfUtils.java:logGet(43)) - raft.server.storage.dir = [/workdir/hadoop-ozone/integration-test/target/test-dir/MiniOzoneClusterImpl-8e457fc4-2fe2-4844-8b87-d385df915f48/datanode-1/data/ratis] (custom)
2019-08-22 11:56:54,904 [pool-327-thread-1] INFO  storage.RaftStorageDirectory (RaftStorageDirectory.java:analyzeStorage(246)) - The storage directory /workdir/hadoop-ozone/integration-test/target/test-dir/MiniOzoneClusterImpl-8e457fc4-2fe2-4844-8b87-d385df915f48/datanode-1/data/ratis/712a2751-92bb-445e-ae61-67e69cfc7137 does not exist. Creating ...
2019-08-22 11:56:54,915 [pool-327-thread-1] INFO  storage.RaftStorageDirectory (RaftStorageDirectory.java:tryLock(328)) - Lock on /workdir/hadoop-ozone/integration-test/target/test-dir/MiniOzoneClusterImpl-8e457fc4-2fe2-4844-8b87-d385df915f48/datanode-1/data/ratis/712a2751-92bb-445e-ae61-67e69cfc7137/in_use.lock acquired by nodename 21501@pr-hdds-1981-gl9jh-3406769118
2019-08-22 11:56:54,915 [pool-338-thread-1] INFO  storage.RaftStorageDirectory (RaftStorageDirectory.java:tryLock(328)) - Lock on /workdir/hadoop-ozone/integration-test/target/test-dir/MiniOzoneClusterImpl-8e457fc4-2fe2-4844-8b87-d385df915f48/datanode-2/data/ratis/712a2751-92bb-445e-ae61-67e69cfc7137/in_use.lock acquired by nodename 21501@pr-hdds-1981-gl9jh-3406769118
2019-08-22 11:56:54,915 [pool-316-thread-1] INFO  storage.RaftStorageDirectory (RaftStorageDirectory.java:tryLock(328)) - Lock on /workdir/hadoop-ozone/integration-test/target/test-dir/MiniOzoneClusterImpl-8e457fc4-2fe2-4844-8b87-d385df915f48/datanode-0/data/ratis/712a2751-92bb-445e-ae61-67e69cfc7137/in_use.lock acquired by nodename 21501@pr-hdds-1981-gl9jh-3406769118
2019-08-22 11:56:54,928 [pool-316-thread-1] INFO  storage.RaftStorage (RaftStorage.java:format(72)) - Storage directory /workdir/hadoop-ozone/integration-test/target/test-dir/MiniOzoneClusterImpl-8e457fc4-2fe2-4844-8b87-d385df915f48/datanode-0/data/ratis/712a2751-92bb-445e-ae61-67e69cfc7137 has been successfully formatted.
2019-08-22 11:56:54,928 [pool-338-thread-1] INFO  storage.RaftStorage (RaftStorage.java:format(72)) - Storage directory /workdir/hadoop-ozone/integration-test/target/test-dir/MiniOzoneClusterImpl-8e457fc4-2fe2-4844-8b87-d385df915f48/datanode-2/data/ratis/712a2751-92bb-445e-ae61-67e69cfc7137 has been successfully formatted.
2019-08-22 11:56:54,928 [pool-327-thread-1] INFO  storage.RaftStorage (RaftStorage.java:format(72)) - Storage directory /workdir/hadoop-ozone/integration-test/target/test-dir/MiniOzoneClusterImpl-8e457fc4-2fe2-4844-8b87-d385df915f48/datanode-1/data/ratis/712a2751-92bb-445e-ae61-67e69cfc7137 has been successfully formatted.
2019-08-22 11:56:54,928 [pool-316-thread-1] INFO  ratis.ContainerStateMachine (ContainerStateMachine.java:loadSnapshot(222)) - group-67E69CFC7137: The snapshot info is null. Setting the last applied indexto:(t:0, i:~)
2019-08-22 11:56:54,929 [pool-338-thread-1] INFO  ratis.ContainerStateMachine (ContainerStateMachine.java:loadSnapshot(222)) - group-67E69CFC7137: The snapshot info is null. Setting the last applied indexto:(t:0, i:~)
2019-08-22 11:56:54,929 [pool-327-thread-1] INFO  ratis.ContainerStateMachine (ContainerStateMachine.java:loadSnapshot(222)) - group-67E69CFC7137: The snapshot info is null. Setting the last applied indexto:(t:0, i:~)
2019-08-22 11:56:54,929 [pool-338-thread-1] INFO  server.RaftServerConfigKeys (ConfUtils.java:logGet(43)) - raft.server.leader.election.timeout = 120s (custom)
2019-08-22 11:56:54,929 [pool-316-thread-1] INFO  server.RaftServerConfigKeys (ConfUtils.java:logGet(43)) - raft.server.leader.election.timeout = 120s (custom)
2019-08-22 11:56:54,929 [pool-338-thread-1] INFO  server.RaftServerConfigKeys (ConfUtils.java:logGet(43)) - raft.server.log.use.memory = false (default)
2019-08-22 11:56:54,929 [pool-327-thread-1] INFO  server.RaftServerConfigKeys (ConfUtils.java:logGet(43)) - raft.server.leader.election.timeout = 120s (custom)
2019-08-22 11:56:54,929 [pool-338-thread-1] INFO  server.RaftServerConfigKeys (ConfUtils.java:logGet(43)) - raft.server.log.purge.gap = 1000000 (custom)
2019-08-22 11:56:54,929 [pool-316-thread-1] INFO  server.RaftServerConfigKeys (ConfUtils.java:logGet(43)) - raft.server.log.use.memory = false (default)
2019-08-22 11:56:54,930 [pool-338-thread-1] INFO  server.RaftServerConfigKeys (ConfUtils.java:logGet(43)) - raft.server.log.appender.buffer.byte-limit = 33554432 (custom)
2019-08-22 11:56:54,930 [pool-327-thread-1] INFO  server.RaftServerConfigKeys (ConfUtils.java:logGet(43)) - raft.server.log.use.memory = false (default)
2019-08-22 11:56:54,930 [pool-338-thread-1] INFO  server.RaftServerConfigKeys (ConfUtils.java:logGet(43)) - raft.server.log.segment.size.max = 1048576 (custom)
2019-08-22 11:56:54,930 [pool-316-thread-1] INFO  server.RaftServerConfigKeys (ConfUtils.java:logGet(43)) - raft.server.log.purge.gap = 1000000 (custom)
2019-08-22 11:56:54,930 [pool-338-thread-1] INFO  server.RaftServerConfigKeys (ConfUtils.java:logGet(43)) - raft.server.log.segment.cache.num.max = 2 (custom)
2019-08-22 11:56:54,930 [pool-327-thread-1] INFO  server.RaftServerConfigKeys (ConfUtils.java:logGet(43)) - raft.server.log.purge.gap = 1000000 (custom)
2019-08-22 11:56:54,930 [pool-338-thread-1] INFO  segmented.SegmentedRaftLogWorker (SegmentedRaftLogWorker.java:<init>(172)) - new 88458bba-7d36-4308-81a2-94c77140fafa-SegmentedRaftLogWorker:Storage Directory /workdir/hadoop-ozone/integration-test/target/test-dir/MiniOzoneClusterImpl-8e457fc4-2fe2-4844-8b87-d385df915f48/datanode-2/data/ratis/712a2751-92bb-445e-ae61-67e69cfc7137 for RaftStorage:Storage Directory /workdir/hadoop-ozone/integration-test/target/test-dir/MiniOzoneClusterImpl-8e457fc4-2fe2-4844-8b87-d385df915f48/datanode-2/data/ratis/712a2751-92bb-445e-ae61-67e69cfc7137
2019-08-22 11:56:54,930 [pool-316-thread-1] INFO  server.RaftServerConfigKeys (ConfUtils.java:logGet(43)) - raft.server.log.appender.buffer.byte-limit = 33554432 (custom)
2019-08-22 11:56:54,931 [pool-338-thread-1] INFO  server.RaftServerConfigKeys (ConfUtils.java:logGet(43)) - raft.server.log.queue.byte-limit = 2147483647 (custom)
2019-08-22 11:56:54,931 [pool-327-thread-1] INFO  server.RaftServerConfigKeys (ConfUtils.java:logGet(43)) - raft.server.log.appender.buffer.byte-limit = 33554432 (custom)
2019-08-22 11:56:54,931 [pool-338-thread-1] INFO  server.RaftServerConfigKeys (ConfUtils.java:logGet(43)) - raft.server.log.queue.element-limit = 1024 (custom)
2019-08-22 11:56:54,931 [pool-316-thread-1] INFO  server.RaftServerConfigKeys (ConfUtils.java:logGet(43)) - raft.server.log.segment.size.max = 1048576 (custom)
2019-08-22 11:56:54,931 [pool-338-thread-1] INFO  server.RaftServerConfigKeys (ConfUtils.java:logGet(43)) - raft.server.log.segment.size.max = 1048576 (custom)
2019-08-22 11:56:54,931 [pool-327-thread-1] INFO  server.RaftServerConfigKeys (ConfUtils.java:logGet(43)) - raft.server.log.segment.size.max = 1048576 (custom)
2019-08-22 11:56:54,932 [pool-338-thread-1] INFO  server.RaftServerConfigKeys (ConfUtils.java:logGet(43)) - raft.server.log.preallocated.size = 16384 (custom)
2019-08-22 11:56:54,931 [pool-316-thread-1] INFO  server.RaftServerConfigKeys (ConfUtils.java:logGet(43)) - raft.server.log.segment.cache.num.max = 2 (custom)
2019-08-22 11:56:54,932 [pool-338-thread-1] INFO  server.RaftServerConfigKeys (ConfUtils.java:logGet(43)) - raft.server.log.write.buffer.size = 33554432 (custom)
2019-08-22 11:56:54,932 [pool-327-thread-1] INFO  server.RaftServerConfigKeys (ConfUtils.java:logGet(43)) - raft.server.log.segment.cache.num.max = 2 (custom)
2019-08-22 11:56:54,932 [pool-338-thread-1] INFO  server.RaftServerConfigKeys (ConfUtils.java:logGet(43)) - raft.server.log.force.sync.num = 128 (default)
2019-08-22 11:56:54,932 [pool-316-thread-1] INFO  segmented.SegmentedRaftLogWorker (SegmentedRaftLogWorker.java:<init>(172)) - new 5baf14f9-106a-4ced-9d22-c6d3b1d04d0e-SegmentedRaftLogWorker:Storage Directory /workdir/hadoop-ozone/integration-test/target/test-dir/MiniOzoneClusterImpl-8e457fc4-2fe2-4844-8b87-d385df915f48/datanode-0/data/ratis/712a2751-92bb-445e-ae61-67e69cfc7137 for RaftStorage:Storage Directory /workdir/hadoop-ozone/integration-test/target/test-dir/MiniOzoneClusterImpl-8e457fc4-2fe2-4844-8b87-d385df915f48/datanode-0/data/ratis/712a2751-92bb-445e-ae61-67e69cfc7137
2019-08-22 11:56:54,932 [pool-338-thread-1] INFO  server.RaftServerConfigKeys (ConfUtils.java:logGet(43)) - raft.server.log.statemachine.data.sync = true (default)
2019-08-22 11:56:54,932 [pool-327-thread-1] INFO  segmented.SegmentedRaftLogWorker (SegmentedRaftLogWorker.java:<init>(172)) - new 3bb875ee-c081-4eb6-9788-aa0c436bb6c2-SegmentedRaftLogWorker:Storage Directory /workdir/hadoop-ozone/integration-test/target/test-dir/MiniOzoneClusterImpl-8e457fc4-2fe2-4844-8b87-d385df915f48/datanode-1/data/ratis/712a2751-92bb-445e-ae61-67e69cfc7137 for RaftStorage:Storage Directory /workdir/hadoop-ozone/integration-test/target/test-dir/MiniOzoneClusterImpl-8e457fc4-2fe2-4844-8b87-d385df915f48/datanode-1/data/ratis/712a2751-92bb-445e-ae61-67e69cfc7137
2019-08-22 11:56:54,933 [pool-338-thread-1] INFO  server.RaftServerConfigKeys (ConfUtils.java:logGet(43)) - raft.server.log.statemachine.data.sync.timeout = 10s (default)
2019-08-22 11:56:54,932 [pool-316-thread-1] INFO  server.RaftServerConfigKeys (ConfUtils.java:logGet(43)) - raft.server.log.queue.byte-limit = 2147483647 (custom)
2019-08-22 11:56:54,933 [pool-338-thread-1] INFO  server.RaftServerConfigKeys (ConfUtils.java:logGet(43)) - raft.server.log.statemachine.data.sync.timeout.retry = -1 (default)
2019-08-22 11:56:54,933 [pool-327-thread-1] INFO  server.RaftServerConfigKeys (ConfUtils.java:logGet(43)) - raft.server.log.queue.byte-limit = 2147483647 (custom)
2019-08-22 11:56:54,933 [pool-338-thread-1] INFO  server.RaftServerConfigKeys (ConfUtils.java:logGet(43)) - raft.server.log.statemachine.data.caching.enabled = true (custom)
2019-08-22 11:56:54,933 [pool-316-thread-1] INFO  server.RaftServerConfigKeys (ConfUtils.java:logGet(43)) - raft.server.log.queue.element-limit = 1024 (custom)
2019-08-22 11:56:54,933 [pool-327-thread-1] INFO  server.RaftServerConfigKeys (ConfUtils.java:logGet(43)) - raft.server.log.queue.element-limit = 1024 (custom)
2019-08-22 11:56:54,934 [pool-338-thread-1] INFO  segmented.SegmentedRaftLogWorker (SegmentedRaftLogWorker.java:lambda$new$0(132)) - 88458bba-7d36-4308-81a2-94c77140fafa-SegmentedRaftLogWorker:Storage Directory /workdir/hadoop-ozone/integration-test/target/test-dir/MiniOzoneClusterImpl-8e457fc4-2fe2-4844-8b87-d385df915f48/datanode-2/data/ratis/712a2751-92bb-445e-ae61-67e69cfc7137: flushIndex: setUnconditionally 0 -> -1
2019-08-22 11:56:54,934 [pool-316-thread-1] INFO  server.RaftServerConfigKeys (ConfUtils.java:logGet(43)) - raft.server.log.segment.size.max = 1048576 (custom)
2019-08-22 11:56:54,934 [pool-327-thread-1] INFO  server.RaftServerConfigKeys (ConfUtils.java:logGet(43)) - raft.server.log.segment.size.max = 1048576 (custom)
2019-08-22 11:56:54,934 [pool-338-thread-1] INFO  server.RaftServerConfigKeys (ConfUtils.java:logGet(43)) - raft.server.snapshot.auto.trigger.enabled = true (custom)
2019-08-22 11:56:54,934 [pool-316-thread-1] INFO  server.RaftServerConfigKeys (ConfUtils.java:logGet(43)) - raft.server.log.preallocated.size = 16384 (custom)
2019-08-22 11:56:54,934 [pool-338-thread-1] INFO  server.RaftServerConfigKeys (ConfUtils.java:logGet(43)) - raft.server.snapshot.auto.trigger.threshold = 10000 (custom)
2019-08-22 11:56:54,934 [pool-327-thread-1] INFO  server.RaftServerConfigKeys (ConfUtils.java:logGet(43)) - raft.server.log.preallocated.size = 16384 (custom)
2019-08-22 11:56:54,935 [pool-338-thread-1] INFO  server.RaftServerConfigKeys (ConfUtils.java:logGet(43)) - raft.server.retrycache.expirytime = 600000ms (custom)
2019-08-22 11:56:54,934 [pool-316-thread-1] INFO  server.RaftServerConfigKeys (ConfUtils.java:logGet(43)) - raft.server.log.write.buffer.size = 33554432 (custom)
2019-08-22 11:56:54,935 [pool-338-thread-1] INFO  impl.RaftServerImpl (RaftServerImpl.java:start(180)) - 88458bba-7d36-4308-81a2-94c77140fafa: start group-67E69CFC7137
2019-08-22 11:56:54,935 [pool-327-thread-1] INFO  server.RaftServerConfigKeys (ConfUtils.java:logGet(43)) - raft.server.log.write.buffer.size = 33554432 (custom)
2019-08-22 11:56:54,935 [pool-338-thread-1] INFO  impl.RaftServerImpl (RaftServerImpl.java:setRole(171)) - 88458bba-7d36-4308-81a2-94c77140fafa:group-67E69CFC7137 changes role from null to FOLLOWER at term 0 for startAsFollower
2019-08-22 11:56:54,935 [pool-316-thread-1] INFO  server.RaftServerConfigKeys (ConfUtils.java:logGet(43)) - raft.server.log.force.sync.num = 128 (default)
2019-08-22 11:56:54,935 [pool-338-thread-1] INFO  impl.RoleInfo (RoleInfo.java:updateAndGet(143)) - 88458bba-7d36-4308-81a2-94c77140fafa: start FollowerState
2019-08-22 11:56:54,935 [pool-327-thread-1] INFO  server.RaftServerConfigKeys (ConfUtils.java:logGet(43)) - raft.server.log.force.sync.num = 128 (default)
2019-08-22 11:56:54,935 [pool-316-thread-1] INFO  server.RaftServerConfigKeys (ConfUtils.java:logGet(43)) - raft.server.log.statemachine.data.sync = true (default)
2019-08-22 11:56:54,936 [pool-327-thread-1] INFO  server.RaftServerConfigKeys (ConfUtils.java:logGet(43)) - raft.server.log.statemachine.data.sync = true (default)
2019-08-22 11:56:54,936 [pool-338-thread-1] INFO  util.JmxRegister (JmxRegister.java:tryRegister(44)) - Successfully registered JMX Bean with object name Ratis:service=RaftServer,group=group-67E69CFC7137,id=88458bba-7d36-4308-81a2-94c77140fafa
2019-08-22 11:56:54,936 [pool-316-thread-1] INFO  server.RaftServerConfigKeys (ConfUtils.java:logGet(43)) - raft.server.log.statemachine.data.sync.timeout = 10s (default)
2019-08-22 11:56:54,936 [pool-327-thread-1] INFO  server.RaftServerConfigKeys (ConfUtils.java:logGet(43)) - raft.server.log.statemachine.data.sync.timeout = 10s (default)
2019-08-22 11:56:54,936 [pool-316-thread-1] INFO  server.RaftServerConfigKeys (ConfUtils.java:logGet(43)) - raft.server.log.statemachine.data.sync.timeout.retry = -1 (default)
2019-08-22 11:56:54,936 [pool-327-thread-1] INFO  server.RaftServerConfigKeys (ConfUtils.java:logGet(43)) - raft.server.log.statemachine.data.sync.timeout.retry = -1 (default)
2019-08-22 11:56:54,936 [pool-316-thread-1] INFO  server.RaftServerConfigKeys (ConfUtils.java:logGet(43)) - raft.server.log.statemachine.data.caching.enabled = true (custom)
2019-08-22 11:56:54,937 [pool-327-thread-1] INFO  server.RaftServerConfigKeys (ConfUtils.java:logGet(43)) - raft.server.log.statemachine.data.caching.enabled = true (custom)
2019-08-22 11:56:54,937 [pool-316-thread-1] INFO  segmented.SegmentedRaftLogWorker (SegmentedRaftLogWorker.java:lambda$new$0(132)) - 5baf14f9-106a-4ced-9d22-c6d3b1d04d0e-SegmentedRaftLogWorker:Storage Directory /workdir/hadoop-ozone/integration-test/target/test-dir/MiniOzoneClusterImpl-8e457fc4-2fe2-4844-8b87-d385df915f48/datanode-0/data/ratis/712a2751-92bb-445e-ae61-67e69cfc7137: flushIndex: setUnconditionally 0 -> -1
2019-08-22 11:56:54,937 [pool-327-thread-1] INFO  segmented.SegmentedRaftLogWorker (SegmentedRaftLogWorker.java:lambda$new$0(132)) - 3bb875ee-c081-4eb6-9788-aa0c436bb6c2-SegmentedRaftLogWorker:Storage Directory /workdir/hadoop-ozone/integration-test/target/test-dir/MiniOzoneClusterImpl-8e457fc4-2fe2-4844-8b87-d385df915f48/datanode-1/data/ratis/712a2751-92bb-445e-ae61-67e69cfc7137: flushIndex: setUnconditionally 0 -> -1
2019-08-22 11:56:54,937 [pool-316-thread-1] INFO  server.RaftServerConfigKeys (ConfUtils.java:logGet(43)) - raft.server.snapshot.auto.trigger.enabled = true (custom)
2019-08-22 11:56:54,937 [pool-327-thread-1] INFO  server.RaftServerConfigKeys (ConfUtils.java:logGet(43)) - raft.server.snapshot.auto.trigger.enabled = true (custom)
2019-08-22 11:56:54,937 [pool-316-thread-1] INFO  server.RaftServerConfigKeys (ConfUtils.java:logGet(43)) - raft.server.snapshot.auto.trigger.threshold = 10000 (custom)
2019-08-22 11:56:54,937 [pool-327-thread-1] INFO  server.RaftServerConfigKeys (ConfUtils.java:logGet(43)) - raft.server.snapshot.auto.trigger.threshold = 10000 (custom)
2019-08-22 11:56:54,938 [pool-316-thread-1] INFO  server.RaftServerConfigKeys (ConfUtils.java:logGet(43)) - raft.server.retrycache.expirytime = 600000ms (custom)
2019-08-22 11:56:54,938 [pool-327-thread-1] INFO  server.RaftServerConfigKeys (ConfUtils.java:logGet(43)) - raft.server.retrycache.expirytime = 600000ms (custom)
2019-08-22 11:56:54,938 [pool-316-thread-1] INFO  impl.RaftServerImpl (RaftServerImpl.java:start(180)) - 5baf14f9-106a-4ced-9d22-c6d3b1d04d0e: start group-67E69CFC7137
2019-08-22 11:56:54,938 [pool-327-thread-1] INFO  impl.RaftServerImpl (RaftServerImpl.java:start(180)) - 3bb875ee-c081-4eb6-9788-aa0c436bb6c2: start group-67E69CFC7137
2019-08-22 11:56:54,938 [pool-316-thread-1] INFO  impl.RaftServerImpl (RaftServerImpl.java:setRole(171)) - 5baf14f9-106a-4ced-9d22-c6d3b1d04d0e:group-67E69CFC7137 changes role from null to FOLLOWER at term 0 for startAsFollower
2019-08-22 11:56:54,938 [pool-327-thread-1] INFO  impl.RaftServerImpl (RaftServerImpl.java:setRole(171)) - 3bb875ee-c081-4eb6-9788-aa0c436bb6c2:group-67E69CFC7137 changes role from null to FOLLOWER at term 0 for startAsFollower
2019-08-22 11:56:54,938 [pool-316-thread-1] INFO  impl.RoleInfo (RoleInfo.java:updateAndGet(143)) - 5baf14f9-106a-4ced-9d22-c6d3b1d04d0e: start FollowerState
2019-08-22 11:56:54,938 [pool-327-thread-1] INFO  impl.RoleInfo (RoleInfo.java:updateAndGet(143)) - 3bb875ee-c081-4eb6-9788-aa0c436bb6c2: start FollowerState
2019-08-22 11:56:54,939 [pool-316-thread-1] INFO  util.JmxRegister (JmxRegister.java:tryRegister(44)) - Successfully registered JMX Bean with object name Ratis:service=RaftServer,group=group-67E69CFC7137,id=5baf14f9-106a-4ced-9d22-c6d3b1d04d0e
2019-08-22 11:56:54,939 [pool-327-thread-1] INFO  util.JmxRegister (JmxRegister.java:tryRegister(44)) - Successfully registered JMX Bean with object name Ratis:service=RaftServer,group=group-67E69CFC7137,id=3bb875ee-c081-4eb6-9788-aa0c436bb6c2
2019-08-22 11:56:54,942 [RatisPipelineUtilsThread] INFO  pipeline.PipelineStateManager (PipelineStateManager.java:addPipeline(56)) - Created pipeline Pipeline[ Id: 712a2751-92bb-445e-ae61-67e69cfc7137, Nodes: 3bb875ee-c081-4eb6-9788-aa0c436bb6c2{ip: 192.168.5.135, host: pr-hdds-1981-gl9jh-3406769118, networkLocation: /default-rack, certSerialId: null}5baf14f9-106a-4ced-9d22-c6d3b1d04d0e{ip: 192.168.5.135, host: pr-hdds-1981-gl9jh-3406769118, networkLocation: /default-rack, certSerialId: null}88458bba-7d36-4308-81a2-94c77140fafa{ip: 192.168.5.135, host: pr-hdds-1981-gl9jh-3406769118, networkLocation: /default-rack, certSerialId: null}, Type:RATIS, Factor:THREE, State:OPEN]
2019-08-22 11:56:55,018 [IPC Server handler 4 on 45248] INFO  net.NetworkTopology (NetworkTopologyImpl.java:add(110)) - Added a new node: /default-rack/1b7f7b5c-de1e-4a62-bdb1-87985564f9c2
2019-08-22 11:56:55,018 [IPC Server handler 4 on 45248] INFO  node.SCMNodeManager (SCMNodeManager.java:register(273)) - Registered Data node : 1b7f7b5c-de1e-4a62-bdb1-87985564f9c2{ip: 192.168.5.135, host: pr-hdds-1981-gl9jh-3406769118, networkLocation: /default-rack, certSerialId: null}
2019-08-22 11:56:55,025 | INFO  | SCMAudit | user=jenkins1000 | ip=192.168.5.135 | op=REGISTER {datanodeDetails=1b7f7b5c-de1e-4a62-bdb1-87985564f9c2{ip: 192.168.5.135, host: pr-hdds-1981-gl9jh-3406769118, networkLocation: /default-rack, certSerialId: null}} | ret=SUCCESS |  
2019-08-22 11:56:55,036 [grpc-default-executor-6] INFO  impl.RaftServerProxy (RaftServerProxy.java:addNew(89)) - 1b7f7b5c-de1e-4a62-bdb1-87985564f9c2: addNew group-72BEDDA4C399:[1b7f7b5c-de1e-4a62-bdb1-87985564f9c2:192.168.5.135:43836] returns group-72BEDDA4C399:java.util.concurrent.CompletableFuture@79a02f74[Not completed]
2019-08-22 11:56:55,038 [pool-349-thread-1] INFO  impl.RaftServerImpl (RaftServerImpl.java:<init>(93)) - 1b7f7b5c-de1e-4a62-bdb1-87985564f9c2: new RaftServerImpl for group-72BEDDA4C399:[1b7f7b5c-de1e-4a62-bdb1-87985564f9c2:192.168.5.135:43836] with ContainerStateMachine:uninitialized
2019-08-22 11:56:55,038 [pool-349-thread-1] INFO  server.RaftServerConfigKeys (ConfUtils.java:logGet(43)) - raft.server.rpc.timeout.min = 5s (custom)
2019-08-22 11:56:55,038 [pool-349-thread-1] INFO  server.RaftServerConfigKeys (ConfUtils.java:logGet(43)) - raft.server.rpc.timeout.max = 5200ms (custom)
2019-08-22 11:56:55,038 [pool-349-thread-1] INFO  server.RaftServerConfigKeys (ConfUtils.java:logGet(43)) - raft.server.rpcslowness.timeout = 120s (custom)
2019-08-22 11:56:55,038 [pool-349-thread-1] INFO  server.RaftServerConfigKeys (ConfUtils.java:logGet(43)) - raft.server.sleep.deviation.threshold = 300 (default)
2019-08-22 11:56:55,038 [pool-349-thread-1] INFO  server.RaftServerConfigKeys (ConfUtils.java:logGet(43)) - raft.server.log.appender.install.snapshot.enabled = false (custom)
2019-08-22 11:56:55,039 [pool-349-thread-1] INFO  impl.RaftServerImpl (ServerState.java:<init>(105)) - 1b7f7b5c-de1e-4a62-bdb1-87985564f9c2:group-72BEDDA4C399 ConfigurationManager, init=-1: [1b7f7b5c-de1e-4a62-bdb1-87985564f9c2:192.168.5.135:43836], old=null, confs=<EMPTY_MAP>
2019-08-22 11:56:55,039 [pool-349-thread-1] INFO  server.RaftServerConfigKeys (ConfUtils.java:logGet(43)) - raft.server.storage.dir = [/workdir/hadoop-ozone/integration-test/target/test-dir/MiniOzoneClusterImpl-8e457fc4-2fe2-4844-8b87-d385df915f48/datanode-3/data/ratis] (custom)
2019-08-22 11:56:55,039 [pool-349-thread-1] INFO  storage.RaftStorageDirectory (RaftStorageDirectory.java:analyzeStorage(246)) - The storage directory /workdir/hadoop-ozone/integration-test/target/test-dir/MiniOzoneClusterImpl-8e457fc4-2fe2-4844-8b87-d385df915f48/datanode-3/data/ratis/9fff851b-cfd4-4479-a7e0-72bedda4c399 does not exist. Creating ...
2019-08-22 11:56:55,052 [pool-349-thread-1] INFO  storage.RaftStorageDirectory (RaftStorageDirectory.java:tryLock(328)) - Lock on /workdir/hadoop-ozone/integration-test/target/test-dir/MiniOzoneClusterImpl-8e457fc4-2fe2-4844-8b87-d385df915f48/datanode-3/data/ratis/9fff851b-cfd4-4479-a7e0-72bedda4c399/in_use.lock acquired by nodename 21501@pr-hdds-1981-gl9jh-3406769118
2019-08-22 11:56:55,070 [pool-349-thread-1] INFO  storage.RaftStorage (RaftStorage.java:format(72)) - Storage directory /workdir/hadoop-ozone/integration-test/target/test-dir/MiniOzoneClusterImpl-8e457fc4-2fe2-4844-8b87-d385df915f48/datanode-3/data/ratis/9fff851b-cfd4-4479-a7e0-72bedda4c399 has been successfully formatted.
2019-08-22 11:56:55,071 [pool-349-thread-1] INFO  ratis.ContainerStateMachine (ContainerStateMachine.java:loadSnapshot(222)) - group-72BEDDA4C399: The snapshot info is null. Setting the last applied indexto:(t:0, i:~)
2019-08-22 11:56:55,071 [pool-349-thread-1] INFO  server.RaftServerConfigKeys (ConfUtils.java:logGet(43)) - raft.server.leader.election.timeout = 120s (custom)
2019-08-22 11:56:55,071 [pool-349-thread-1] INFO  server.RaftServerConfigKeys (ConfUtils.java:logGet(43)) - raft.server.log.use.memory = false (default)
2019-08-22 11:56:55,071 [pool-349-thread-1] INFO  server.RaftServerConfigKeys (ConfUtils.java:logGet(43)) - raft.server.log.purge.gap = 1000000 (custom)
2019-08-22 11:56:55,071 [pool-349-thread-1] INFO  server.RaftServerConfigKeys (ConfUtils.java:logGet(43)) - raft.server.log.appender.buffer.byte-limit = 33554432 (custom)
2019-08-22 11:56:55,071 [pool-349-thread-1] INFO  server.RaftServerConfigKeys (ConfUtils.java:logGet(43)) - raft.server.log.segment.size.max = 1048576 (custom)
2019-08-22 11:56:55,071 [pool-349-thread-1] INFO  server.RaftServerConfigKeys (ConfUtils.java:logGet(43)) - raft.server.log.segment.cache.num.max = 2 (custom)
2019-08-22 11:56:55,072 [pool-349-thread-1] INFO  segmented.SegmentedRaftLogWorker (SegmentedRaftLogWorker.java:<init>(172)) - new 1b7f7b5c-de1e-4a62-bdb1-87985564f9c2-SegmentedRaftLogWorker:Storage Directory /workdir/hadoop-ozone/integration-test/target/test-dir/MiniOzoneClusterImpl-8e457fc4-2fe2-4844-8b87-d385df915f48/datanode-3/data/ratis/9fff851b-cfd4-4479-a7e0-72bedda4c399 for RaftStorage:Storage Directory /workdir/hadoop-ozone/integration-test/target/test-dir/MiniOzoneClusterImpl-8e457fc4-2fe2-4844-8b87-d385df915f48/datanode-3/data/ratis/9fff851b-cfd4-4479-a7e0-72bedda4c399
2019-08-22 11:56:55,072 [pool-349-thread-1] INFO  server.RaftServerConfigKeys (ConfUtils.java:logGet(43)) - raft.server.log.queue.byte-limit = 2147483647 (custom)
2019-08-22 11:56:55,072 [pool-349-thread-1] INFO  server.RaftServerConfigKeys (ConfUtils.java:logGet(43)) - raft.server.log.queue.element-limit = 1024 (custom)
2019-08-22 11:56:55,072 [pool-349-thread-1] INFO  server.RaftServerConfigKeys (ConfUtils.java:logGet(43)) - raft.server.log.segment.size.max = 1048576 (custom)
2019-08-22 11:56:55,072 [pool-349-thread-1] INFO  server.RaftServerConfigKeys (ConfUtils.java:logGet(43)) - raft.server.log.preallocated.size = 16384 (custom)
2019-08-22 11:56:55,073 [pool-349-thread-1] INFO  server.RaftServerConfigKeys (ConfUtils.java:logGet(43)) - raft.server.log.write.buffer.size = 33554432 (custom)
2019-08-22 11:56:55,073 [pool-349-thread-1] INFO  server.RaftServerConfigKeys (ConfUtils.java:logGet(43)) - raft.server.log.force.sync.num = 128 (default)
2019-08-22 11:56:55,073 [pool-349-thread-1] INFO  server.RaftServerConfigKeys (ConfUtils.java:logGet(43)) - raft.server.log.statemachine.data.sync = true (default)
2019-08-22 11:56:55,073 [pool-349-thread-1] INFO  server.RaftServerConfigKeys (ConfUtils.java:logGet(43)) - raft.server.log.statemachine.data.sync.timeout = 10s (default)
2019-08-22 11:56:55,073 [pool-349-thread-1] INFO  server.RaftServerConfigKeys (ConfUtils.java:logGet(43)) - raft.server.log.statemachine.data.sync.timeout.retry = -1 (default)
2019-08-22 11:56:55,073 [pool-349-thread-1] INFO  server.RaftServerConfigKeys (ConfUtils.java:logGet(43)) - raft.server.log.statemachine.data.caching.enabled = true (custom)
2019-08-22 11:56:55,074 [pool-349-thread-1] INFO  segmented.SegmentedRaftLogWorker (SegmentedRaftLogWorker.java:lambda$new$0(132)) - 1b7f7b5c-de1e-4a62-bdb1-87985564f9c2-SegmentedRaftLogWorker:Storage Directory /workdir/hadoop-ozone/integration-test/target/test-dir/MiniOzoneClusterImpl-8e457fc4-2fe2-4844-8b87-d385df915f48/datanode-3/data/ratis/9fff851b-cfd4-4479-a7e0-72bedda4c399: flushIndex: setUnconditionally 0 -> -1
2019-08-22 11:56:55,074 [pool-349-thread-1] INFO  server.RaftServerConfigKeys (ConfUtils.java:logGet(43)) - raft.server.snapshot.auto.trigger.enabled = true (custom)
2019-08-22 11:56:55,074 [pool-349-thread-1] INFO  server.RaftServerConfigKeys (ConfUtils.java:logGet(43)) - raft.server.snapshot.auto.trigger.threshold = 10000 (custom)
2019-08-22 11:56:55,074 [pool-349-thread-1] INFO  server.RaftServerConfigKeys (ConfUtils.java:logGet(43)) - raft.server.retrycache.expirytime = 600000ms (custom)
2019-08-22 11:56:55,075 [pool-349-thread-1] INFO  impl.RaftServerImpl (RaftServerImpl.java:start(180)) - 1b7f7b5c-de1e-4a62-bdb1-87985564f9c2: start group-72BEDDA4C399
2019-08-22 11:56:55,075 [pool-349-thread-1] INFO  impl.RaftServerImpl (RaftServerImpl.java:setRole(171)) - 1b7f7b5c-de1e-4a62-bdb1-87985564f9c2:group-72BEDDA4C399 changes role from null to FOLLOWER at term 0 for startAsFollower
2019-08-22 11:56:55,075 [pool-349-thread-1] INFO  impl.RoleInfo (RoleInfo.java:updateAndGet(143)) - 1b7f7b5c-de1e-4a62-bdb1-87985564f9c2: start FollowerState
2019-08-22 11:56:55,075 [pool-349-thread-1] INFO  util.JmxRegister (JmxRegister.java:tryRegister(44)) - Successfully registered JMX Bean with object name Ratis:service=RaftServer,group=group-72BEDDA4C399,id=1b7f7b5c-de1e-4a62-bdb1-87985564f9c2
2019-08-22 11:56:55,078 [RatisPipelineUtilsThread] INFO  pipeline.PipelineStateManager (PipelineStateManager.java:addPipeline(56)) - Created pipeline Pipeline[ Id: 9fff851b-cfd4-4479-a7e0-72bedda4c399, Nodes: 1b7f7b5c-de1e-4a62-bdb1-87985564f9c2{ip: 192.168.5.135, host: pr-hdds-1981-gl9jh-3406769118, networkLocation: /default-rack, certSerialId: null}, Type:RATIS, Factor:ONE, State:OPEN]
2019-08-22 11:56:55,117 | INFO  | SCMAudit | user=jenkins1000 | ip=192.168.5.135 | op=SEND_HEARTBEAT {datanodeUUID=ac50c3b2-b81f-4c0a-b4fe-860d2c902727, command=[]} | ret=SUCCESS |  
2019-08-22 11:56:55,245 [IPC Server handler 3 on 45248] INFO  net.NetworkTopology (NetworkTopologyImpl.java:add(110)) - Added a new node: /default-rack/48b68c1b-b5ca-4998-b78e-17784c718845
2019-08-22 11:56:55,245 [IPC Server handler 3 on 45248] INFO  node.SCMNodeManager (SCMNodeManager.java:register(273)) - Registered Data node : 48b68c1b-b5ca-4998-b78e-17784c718845{ip: 192.168.5.135, host: pr-hdds-1981-gl9jh-3406769118, networkLocation: /default-rack, certSerialId: null}
2019-08-22 11:56:55,245 | INFO  | SCMAudit | user=jenkins1000 | ip=192.168.5.135 | op=REGISTER {datanodeDetails=48b68c1b-b5ca-4998-b78e-17784c718845{ip: 192.168.5.135, host: pr-hdds-1981-gl9jh-3406769118, networkLocation: /default-rack, certSerialId: null}} | ret=SUCCESS |  
2019-08-22 11:56:55,262 [grpc-default-executor-6] INFO  impl.RaftServerProxy (RaftServerProxy.java:addNew(89)) - 48b68c1b-b5ca-4998-b78e-17784c718845: addNew group-D38D8A5F529F:[48b68c1b-b5ca-4998-b78e-17784c718845:192.168.5.135:41831] returns group-D38D8A5F529F:java.util.concurrent.CompletableFuture@1a87d7fa[Not completed]
2019-08-22 11:56:55,263 [pool-360-thread-1] INFO  impl.RaftServerImpl (RaftServerImpl.java:<init>(93)) - 48b68c1b-b5ca-4998-b78e-17784c718845: new RaftServerImpl for group-D38D8A5F529F:[48b68c1b-b5ca-4998-b78e-17784c718845:192.168.5.135:41831] with ContainerStateMachine:uninitialized
2019-08-22 11:56:55,263 [pool-360-thread-1] INFO  server.RaftServerConfigKeys (ConfUtils.java:logGet(43)) - raft.server.rpc.timeout.min = 5s (custom)
2019-08-22 11:56:55,263 [pool-360-thread-1] INFO  server.RaftServerConfigKeys (ConfUtils.java:logGet(43)) - raft.server.rpc.timeout.max = 5200ms (custom)
2019-08-22 11:56:55,263 [pool-360-thread-1] INFO  server.RaftServerConfigKeys (ConfUtils.java:logGet(43)) - raft.server.rpcslowness.timeout = 120s (custom)
2019-08-22 11:56:55,263 [pool-360-thread-1] INFO  server.RaftServerConfigKeys (ConfUtils.java:logGet(43)) - raft.server.sleep.deviation.threshold = 300 (default)
2019-08-22 11:56:55,263 [pool-360-thread-1] INFO  server.RaftServerConfigKeys (ConfUtils.java:logGet(43)) - raft.server.log.appender.install.snapshot.enabled = false (custom)
2019-08-22 11:56:55,264 [pool-360-thread-1] INFO  impl.RaftServerImpl (ServerState.java:<init>(105)) - 48b68c1b-b5ca-4998-b78e-17784c718845:group-D38D8A5F529F ConfigurationManager, init=-1: [48b68c1b-b5ca-4998-b78e-17784c718845:192.168.5.135:41831], old=null, confs=<EMPTY_MAP>
2019-08-22 11:56:55,264 [pool-360-thread-1] INFO  server.RaftServerConfigKeys (ConfUtils.java:logGet(43)) - raft.server.storage.dir = [/workdir/hadoop-ozone/integration-test/target/test-dir/MiniOzoneClusterImpl-8e457fc4-2fe2-4844-8b87-d385df915f48/datanode-4/data/ratis] (custom)
2019-08-22 11:56:55,264 [pool-360-thread-1] INFO  storage.RaftStorageDirectory (RaftStorageDirectory.java:analyzeStorage(246)) - The storage directory /workdir/hadoop-ozone/integration-test/target/test-dir/MiniOzoneClusterImpl-8e457fc4-2fe2-4844-8b87-d385df915f48/datanode-4/data/ratis/1ea9d39c-9199-43da-b2e5-d38d8a5f529f does not exist. Creating ...
2019-08-22 11:56:55,266 | INFO  | SCMAudit | user=jenkins1000 | ip=192.168.5.135 | op=SEND_HEARTBEAT {datanodeUUID=c2ff41bc-5475-4ec0-aa3a-f40fe56d194e, command=[]} | ret=SUCCESS |  
2019-08-22 11:56:55,277 [pool-360-thread-1] INFO  storage.RaftStorageDirectory (RaftStorageDirectory.java:tryLock(328)) - Lock on /workdir/hadoop-ozone/integration-test/target/test-dir/MiniOzoneClusterImpl-8e457fc4-2fe2-4844-8b87-d385df915f48/datanode-4/data/ratis/1ea9d39c-9199-43da-b2e5-d38d8a5f529f/in_use.lock acquired by nodename 21501@pr-hdds-1981-gl9jh-3406769118
2019-08-22 11:56:55,290 [pool-360-thread-1] INFO  storage.RaftStorage (RaftStorage.java:format(72)) - Storage directory /workdir/hadoop-ozone/integration-test/target/test-dir/MiniOzoneClusterImpl-8e457fc4-2fe2-4844-8b87-d385df915f48/datanode-4/data/ratis/1ea9d39c-9199-43da-b2e5-d38d8a5f529f has been successfully formatted.
2019-08-22 11:56:55,290 [pool-360-thread-1] INFO  ratis.ContainerStateMachine (ContainerStateMachine.java:loadSnapshot(222)) - group-D38D8A5F529F: The snapshot info is null. Setting the last applied indexto:(t:0, i:~)
2019-08-22 11:56:55,290 [pool-360-thread-1] INFO  server.RaftServerConfigKeys (ConfUtils.java:logGet(43)) - raft.server.leader.election.timeout = 120s (custom)
2019-08-22 11:56:55,290 [pool-360-thread-1] INFO  server.RaftServerConfigKeys (ConfUtils.java:logGet(43)) - raft.server.log.use.memory = false (default)
2019-08-22 11:56:55,290 [pool-360-thread-1] INFO  server.RaftServerConfigKeys (ConfUtils.java:logGet(43)) - raft.server.log.purge.gap = 1000000 (custom)
2019-08-22 11:56:55,290 [pool-360-thread-1] INFO  server.RaftServerConfigKeys (ConfUtils.java:logGet(43)) - raft.server.log.appender.buffer.byte-limit = 33554432 (custom)
2019-08-22 11:56:55,290 [pool-360-thread-1] INFO  server.RaftServerConfigKeys (ConfUtils.java:logGet(43)) - raft.server.log.segment.size.max = 1048576 (custom)
2019-08-22 11:56:55,291 [pool-360-thread-1] INFO  server.RaftServerConfigKeys (ConfUtils.java:logGet(43)) - raft.server.log.segment.cache.num.max = 2 (custom)
2019-08-22 11:56:55,291 [pool-360-thread-1] INFO  segmented.SegmentedRaftLogWorker (SegmentedRaftLogWorker.java:<init>(172)) - new 48b68c1b-b5ca-4998-b78e-17784c718845-SegmentedRaftLogWorker:Storage Directory /workdir/hadoop-ozone/integration-test/target/test-dir/MiniOzoneClusterImpl-8e457fc4-2fe2-4844-8b87-d385df915f48/datanode-4/data/ratis/1ea9d39c-9199-43da-b2e5-d38d8a5f529f for RaftStorage:Storage Directory /workdir/hadoop-ozone/integration-test/target/test-dir/MiniOzoneClusterImpl-8e457fc4-2fe2-4844-8b87-d385df915f48/datanode-4/data/ratis/1ea9d39c-9199-43da-b2e5-d38d8a5f529f
2019-08-22 11:56:55,291 [pool-360-thread-1] INFO  server.RaftServerConfigKeys (ConfUtils.java:logGet(43)) - raft.server.log.queue.byte-limit = 2147483647 (custom)
2019-08-22 11:56:55,291 [pool-360-thread-1] INFO  server.RaftServerConfigKeys (ConfUtils.java:logGet(43)) - raft.server.log.queue.element-limit = 1024 (custom)
2019-08-22 11:56:55,291 [pool-360-thread-1] INFO  server.RaftServerConfigKeys (ConfUtils.java:logGet(43)) - raft.server.log.segment.size.max = 1048576 (custom)
2019-08-22 11:56:55,291 [pool-360-thread-1] INFO  server.RaftServerConfigKeys (ConfUtils.java:logGet(43)) - raft.server.log.preallocated.size = 16384 (custom)
2019-08-22 11:56:55,291 [pool-360-thread-1] INFO  server.RaftServerConfigKeys (ConfUtils.java:logGet(43)) - raft.server.log.write.buffer.size = 33554432 (custom)
2019-08-22 11:56:55,291 [pool-360-thread-1] INFO  server.RaftServerConfigKeys (ConfUtils.java:logGet(43)) - raft.server.log.force.sync.num = 128 (default)
2019-08-22 11:56:55,292 [pool-360-thread-1] INFO  server.RaftServerConfigKeys (ConfUtils.java:logGet(43)) - raft.server.log.statemachine.data.sync = true (default)
2019-08-22 11:56:55,292 [pool-360-thread-1] INFO  server.RaftServerConfigKeys (ConfUtils.java:logGet(43)) - raft.server.log.statemachine.data.sync.timeout = 10s (default)
2019-08-22 11:56:55,292 [pool-360-thread-1] INFO  server.RaftServerConfigKeys (ConfUtils.java:logGet(43)) - raft.server.log.statemachine.data.sync.timeout.retry = -1 (default)
2019-08-22 11:56:55,292 [pool-360-thread-1] INFO  server.RaftServerConfigKeys (ConfUtils.java:logGet(43)) - raft.server.log.statemachine.data.caching.enabled = true (custom)
2019-08-22 11:56:55,292 [pool-360-thread-1] INFO  segmented.SegmentedRaftLogWorker (SegmentedRaftLogWorker.java:lambda$new$0(132)) - 48b68c1b-b5ca-4998-b78e-17784c718845-SegmentedRaftLogWorker:Storage Directory /workdir/hadoop-ozone/integration-test/target/test-dir/MiniOzoneClusterImpl-8e457fc4-2fe2-4844-8b87-d385df915f48/datanode-4/data/ratis/1ea9d39c-9199-43da-b2e5-d38d8a5f529f: flushIndex: setUnconditionally 0 -> -1
2019-08-22 11:56:55,293 [pool-360-thread-1] INFO  server.RaftServerConfigKeys (ConfUtils.java:logGet(43)) - raft.server.snapshot.auto.trigger.enabled = true (custom)
2019-08-22 11:56:55,293 [pool-360-thread-1] INFO  server.RaftServerConfigKeys (ConfUtils.java:logGet(43)) - raft.server.snapshot.auto.trigger.threshold = 10000 (custom)
2019-08-22 11:56:55,293 [pool-360-thread-1] INFO  server.RaftServerConfigKeys (ConfUtils.java:logGet(43)) - raft.server.retrycache.expirytime = 600000ms (custom)
2019-08-22 11:56:55,293 [pool-360-thread-1] INFO  impl.RaftServerImpl (RaftServerImpl.java:start(180)) - 48b68c1b-b5ca-4998-b78e-17784c718845: start group-D38D8A5F529F
2019-08-22 11:56:55,293 [pool-360-thread-1] INFO  impl.RaftServerImpl (RaftServerImpl.java:setRole(171)) - 48b68c1b-b5ca-4998-b78e-17784c718845:group-D38D8A5F529F changes role from null to FOLLOWER at term 0 for startAsFollower
2019-08-22 11:56:55,293 [pool-360-thread-1] INFO  impl.RoleInfo (RoleInfo.java:updateAndGet(143)) - 48b68c1b-b5ca-4998-b78e-17784c718845: start FollowerState
2019-08-22 11:56:55,326 [pool-360-thread-1] INFO  util.JmxRegister (JmxRegister.java:tryRegister(44)) - Successfully registered JMX Bean with object name Ratis:service=RaftServer,group=group-D38D8A5F529F,id=48b68c1b-b5ca-4998-b78e-17784c718845
2019-08-22 11:56:55,346 [RatisPipelineUtilsThread] INFO  pipeline.PipelineStateManager (PipelineStateManager.java:addPipeline(56)) - Created pipeline Pipeline[ Id: 1ea9d39c-9199-43da-b2e5-d38d8a5f529f, Nodes: 48b68c1b-b5ca-4998-b78e-17784c718845{ip: 192.168.5.135, host: pr-hdds-1981-gl9jh-3406769118, networkLocation: /default-rack, certSerialId: null}, Type:RATIS, Factor:ONE, State:OPEN]
2019-08-22 11:56:55,375 | INFO  | SCMAudit | user=jenkins1000 | ip=192.168.5.135 | op=SEND_HEARTBEAT {datanodeUUID=8085255e-7a41-426f-b0e8-2d5555c5b7b9, command=[]} | ret=SUCCESS |  
2019-08-22 11:56:55,464 | INFO  | SCMAudit | user=jenkins1000 | ip=192.168.5.135 | op=SEND_HEARTBEAT {datanodeUUID=9b0e54da-58f3-4b2f-aec1-b0a4cb1efbe1, command=[]} | ret=SUCCESS |  
2019-08-22 11:56:55,490 [IPC Server handler 0 on 45248] INFO  net.NetworkTopology (NetworkTopologyImpl.java:add(110)) - Added a new node: /default-rack/9ce04167-a631-4fac-8473-c8323544e086
2019-08-22 11:56:55,491 [IPC Server handler 0 on 45248] INFO  node.SCMNodeManager (SCMNodeManager.java:register(273)) - Registered Data node : 9ce04167-a631-4fac-8473-c8323544e086{ip: 192.168.5.135, host: pr-hdds-1981-gl9jh-3406769118, networkLocation: /default-rack, certSerialId: null}
2019-08-22 11:56:55,491 | INFO  | SCMAudit | user=jenkins1000 | ip=192.168.5.135 | op=REGISTER {datanodeDetails=9ce04167-a631-4fac-8473-c8323544e086{ip: 192.168.5.135, host: pr-hdds-1981-gl9jh-3406769118, networkLocation: /default-rack, certSerialId: null}} | ret=SUCCESS |  
2019-08-22 11:56:55,504 [grpc-default-executor-6] INFO  impl.RaftServerProxy (RaftServerProxy.java:addNew(89)) - 9ce04167-a631-4fac-8473-c8323544e086: addNew group-4E3DFE418C23:[9ce04167-a631-4fac-8473-c8323544e086:192.168.5.135:38873] returns group-4E3DFE418C23:java.util.concurrent.CompletableFuture@910a93b[Not completed]
2019-08-22 11:56:55,505 [pool-371-thread-1] INFO  impl.RaftServerImpl (RaftServerImpl.java:<init>(93)) - 9ce04167-a631-4fac-8473-c8323544e086: new RaftServerImpl for group-4E3DFE418C23:[9ce04167-a631-4fac-8473-c8323544e086:192.168.5.135:38873] with ContainerStateMachine:uninitialized
2019-08-22 11:56:55,506 [pool-371-thread-1] INFO  server.RaftServerConfigKeys (ConfUtils.java:logGet(43)) - raft.server.rpc.timeout.min = 5s (custom)
2019-08-22 11:56:55,506 [pool-371-thread-1] INFO  server.RaftServerConfigKeys (ConfUtils.java:logGet(43)) - raft.server.rpc.timeout.max = 5200ms (custom)
2019-08-22 11:56:55,506 [pool-371-thread-1] INFO  server.RaftServerConfigKeys (ConfUtils.java:logGet(43)) - raft.server.rpcslowness.timeout = 120s (custom)
2019-08-22 11:56:55,506 [pool-371-thread-1] INFO  server.RaftServerConfigKeys (ConfUtils.java:logGet(43)) - raft.server.sleep.deviation.threshold = 300 (default)
2019-08-22 11:56:55,506 [pool-371-thread-1] INFO  server.RaftServerConfigKeys (ConfUtils.java:logGet(43)) - raft.server.log.appender.install.snapshot.enabled = false (custom)
2019-08-22 11:56:55,506 [pool-371-thread-1] INFO  impl.RaftServerImpl (ServerState.java:<init>(105)) - 9ce04167-a631-4fac-8473-c8323544e086:group-4E3DFE418C23 ConfigurationManager, init=-1: [9ce04167-a631-4fac-8473-c8323544e086:192.168.5.135:38873], old=null, confs=<EMPTY_MAP>
2019-08-22 11:56:55,506 [pool-371-thread-1] INFO  server.RaftServerConfigKeys (ConfUtils.java:logGet(43)) - raft.server.storage.dir = [/workdir/hadoop-ozone/integration-test/target/test-dir/MiniOzoneClusterImpl-8e457fc4-2fe2-4844-8b87-d385df915f48/datanode-5/data/ratis] (custom)
2019-08-22 11:56:55,507 [pool-371-thread-1] INFO  storage.RaftStorageDirectory (RaftStorageDirectory.java:analyzeStorage(246)) - The storage directory /workdir/hadoop-ozone/integration-test/target/test-dir/MiniOzoneClusterImpl-8e457fc4-2fe2-4844-8b87-d385df915f48/datanode-5/data/ratis/6ea94c67-0195-4316-a983-4e3dfe418c23 does not exist. Creating ...
2019-08-22 11:56:55,520 [pool-371-thread-1] INFO  storage.RaftStorageDirectory (RaftStorageDirectory.java:tryLock(328)) - Lock on /workdir/hadoop-ozone/integration-test/target/test-dir/MiniOzoneClusterImpl-8e457fc4-2fe2-4844-8b87-d385df915f48/datanode-5/data/ratis/6ea94c67-0195-4316-a983-4e3dfe418c23/in_use.lock acquired by nodename 21501@pr-hdds-1981-gl9jh-3406769118
2019-08-22 11:56:55,533 [pool-371-thread-1] INFO  storage.RaftStorage (RaftStorage.java:format(72)) - Storage directory /workdir/hadoop-ozone/integration-test/target/test-dir/MiniOzoneClusterImpl-8e457fc4-2fe2-4844-8b87-d385df915f48/datanode-5/data/ratis/6ea94c67-0195-4316-a983-4e3dfe418c23 has been successfully formatted.
2019-08-22 11:56:55,533 [pool-371-thread-1] INFO  ratis.ContainerStateMachine (ContainerStateMachine.java:loadSnapshot(222)) - group-4E3DFE418C23: The snapshot info is null. Setting the last applied indexto:(t:0, i:~)
2019-08-22 11:56:55,534 [pool-371-thread-1] INFO  server.RaftServerConfigKeys (ConfUtils.java:logGet(43)) - raft.server.leader.election.timeout = 120s (custom)
2019-08-22 11:56:55,534 [pool-371-thread-1] INFO  server.RaftServerConfigKeys (ConfUtils.java:logGet(43)) - raft.server.log.use.memory = false (default)
2019-08-22 11:56:55,534 [pool-371-thread-1] INFO  server.RaftServerConfigKeys (ConfUtils.java:logGet(43)) - raft.server.log.purge.gap = 1000000 (custom)
2019-08-22 11:56:55,534 [pool-371-thread-1] INFO  server.RaftServerConfigKeys (ConfUtils.java:logGet(43)) - raft.server.log.appender.buffer.byte-limit = 33554432 (custom)
2019-08-22 11:56:55,534 [pool-371-thread-1] INFO  server.RaftServerConfigKeys (ConfUtils.java:logGet(43)) - raft.server.log.segment.size.max = 1048576 (custom)
2019-08-22 11:56:55,534 [pool-371-thread-1] INFO  server.RaftServerConfigKeys (ConfUtils.java:logGet(43)) - raft.server.log.segment.cache.num.max = 2 (custom)
2019-08-22 11:56:55,534 [pool-371-thread-1] INFO  segmented.SegmentedRaftLogWorker (SegmentedRaftLogWorker.java:<init>(172)) - new 9ce04167-a631-4fac-8473-c8323544e086-SegmentedRaftLogWorker:Storage Directory /workdir/hadoop-ozone/integration-test/target/test-dir/MiniOzoneClusterImpl-8e457fc4-2fe2-4844-8b87-d385df915f48/datanode-5/data/ratis/6ea94c67-0195-4316-a983-4e3dfe418c23 for RaftStorage:Storage Directory /workdir/hadoop-ozone/integration-test/target/test-dir/MiniOzoneClusterImpl-8e457fc4-2fe2-4844-8b87-d385df915f48/datanode-5/data/ratis/6ea94c67-0195-4316-a983-4e3dfe418c23
2019-08-22 11:56:55,535 [pool-371-thread-1] INFO  server.RaftServerConfigKeys (ConfUtils.java:logGet(43)) - raft.server.log.queue.byte-limit = 2147483647 (custom)
2019-08-22 11:56:55,535 [pool-371-thread-1] INFO  server.RaftServerConfigKeys (ConfUtils.java:logGet(43)) - raft.server.log.queue.element-limit = 1024 (custom)
2019-08-22 11:56:55,535 [pool-371-thread-1] INFO  server.RaftServerConfigKeys (ConfUtils.java:logGet(43)) - raft.server.log.segment.size.max = 1048576 (custom)
2019-08-22 11:56:55,535 [pool-371-thread-1] INFO  server.RaftServerConfigKeys (ConfUtils.java:logGet(43)) - raft.server.log.preallocated.size = 16384 (custom)
2019-08-22 11:56:55,535 [pool-371-thread-1] INFO  server.RaftServerConfigKeys (ConfUtils.java:logGet(43)) - raft.server.log.write.buffer.size = 33554432 (custom)
2019-08-22 11:56:55,536 [pool-371-thread-1] INFO  server.RaftServerConfigKeys (ConfUtils.java:logGet(43)) - raft.server.log.force.sync.num = 128 (default)
2019-08-22 11:56:55,536 [pool-371-thread-1] INFO  server.RaftServerConfigKeys (ConfUtils.java:logGet(43)) - raft.server.log.statemachine.data.sync = true (default)
2019-08-22 11:56:55,536 [pool-371-thread-1] INFO  server.RaftServerConfigKeys (ConfUtils.java:logGet(43)) - raft.server.log.statemachine.data.sync.timeout = 10s (default)
2019-08-22 11:56:55,536 [pool-371-thread-1] INFO  server.RaftServerConfigKeys (ConfUtils.java:logGet(43)) - raft.server.log.statemachine.data.sync.timeout.retry = -1 (default)
2019-08-22 11:56:55,536 [pool-371-thread-1] INFO  server.RaftServerConfigKeys (ConfUtils.java:logGet(43)) - raft.server.log.statemachine.data.caching.enabled = true (custom)
2019-08-22 11:56:55,536 [pool-371-thread-1] INFO  segmented.SegmentedRaftLogWorker (SegmentedRaftLogWorker.java:lambda$new$0(132)) - 9ce04167-a631-4fac-8473-c8323544e086-SegmentedRaftLogWorker:Storage Directory /workdir/hadoop-ozone/integration-test/target/test-dir/MiniOzoneClusterImpl-8e457fc4-2fe2-4844-8b87-d385df915f48/datanode-5/data/ratis/6ea94c67-0195-4316-a983-4e3dfe418c23: flushIndex: setUnconditionally 0 -> -1
2019-08-22 11:56:55,537 [pool-371-thread-1] INFO  server.RaftServerConfigKeys (ConfUtils.java:logGet(43)) - raft.server.snapshot.auto.trigger.enabled = true (custom)
2019-08-22 11:56:55,537 [pool-371-thread-1] INFO  server.RaftServerConfigKeys (ConfUtils.java:logGet(43)) - raft.server.snapshot.auto.trigger.threshold = 10000 (custom)
2019-08-22 11:56:55,537 [pool-371-thread-1] INFO  server.RaftServerConfigKeys (ConfUtils.java:logGet(43)) - raft.server.retrycache.expirytime = 600000ms (custom)
2019-08-22 11:56:55,537 [pool-371-thread-1] INFO  impl.RaftServerImpl (RaftServerImpl.java:start(180)) - 9ce04167-a631-4fac-8473-c8323544e086: start group-4E3DFE418C23
2019-08-22 11:56:55,537 [pool-371-thread-1] INFO  impl.RaftServerImpl (RaftServerImpl.java:setRole(171)) - 9ce04167-a631-4fac-8473-c8323544e086:group-4E3DFE418C23 changes role from null to FOLLOWER at term 0 for startAsFollower
2019-08-22 11:56:55,537 [pool-371-thread-1] INFO  impl.RoleInfo (RoleInfo.java:updateAndGet(143)) - 9ce04167-a631-4fac-8473-c8323544e086: start FollowerState
2019-08-22 11:56:55,538 [pool-371-thread-1] INFO  util.JmxRegister (JmxRegister.java:tryRegister(44)) - Successfully registered JMX Bean with object name Ratis:service=RaftServer,group=group-4E3DFE418C23,id=9ce04167-a631-4fac-8473-c8323544e086
2019-08-22 11:56:55,541 [RatisPipelineUtilsThread] INFO  pipeline.PipelineStateManager (PipelineStateManager.java:addPipeline(56)) - Created pipeline Pipeline[ Id: 6ea94c67-0195-4316-a983-4e3dfe418c23, Nodes: 9ce04167-a631-4fac-8473-c8323544e086{ip: 192.168.5.135, host: pr-hdds-1981-gl9jh-3406769118, networkLocation: /default-rack, certSerialId: null}, Type:RATIS, Factor:ONE, State:OPEN]
2019-08-22 11:56:55,563 [grpc-default-executor-6] INFO  impl.RaftServerProxy (RaftServerProxy.java:addNew(89)) - 48b68c1b-b5ca-4998-b78e-17784c718845: addNew group-3E6DE462F48E:[1b7f7b5c-de1e-4a62-bdb1-87985564f9c2:192.168.5.135:43836, 48b68c1b-b5ca-4998-b78e-17784c718845:192.168.5.135:41831, 9ce04167-a631-4fac-8473-c8323544e086:192.168.5.135:38873] returns group-3E6DE462F48E:java.util.concurrent.CompletableFuture@6b6c3c1c[Not completed]
2019-08-22 11:56:55,563 [grpc-default-executor-7] INFO  impl.RaftServerProxy (RaftServerProxy.java:addNew(89)) - 9ce04167-a631-4fac-8473-c8323544e086: addNew group-3E6DE462F48E:[1b7f7b5c-de1e-4a62-bdb1-87985564f9c2:192.168.5.135:43836, 48b68c1b-b5ca-4998-b78e-17784c718845:192.168.5.135:41831, 9ce04167-a631-4fac-8473-c8323544e086:192.168.5.135:38873] returns group-3E6DE462F48E:java.util.concurrent.CompletableFuture@3b5d3e2[Not completed]
2019-08-22 11:56:55,563 [grpc-default-executor-1] INFO  impl.RaftServerProxy (RaftServerProxy.java:addNew(89)) - 1b7f7b5c-de1e-4a62-bdb1-87985564f9c2: addNew group-3E6DE462F48E:[1b7f7b5c-de1e-4a62-bdb1-87985564f9c2:192.168.5.135:43836, 48b68c1b-b5ca-4998-b78e-17784c718845:192.168.5.135:41831, 9ce04167-a631-4fac-8473-c8323544e086:192.168.5.135:38873] returns group-3E6DE462F48E:java.util.concurrent.CompletableFuture@766038ec[Not completed]
2019-08-22 11:56:55,565 [pool-371-thread-1] INFO  impl.RaftServerImpl (RaftServerImpl.java:<init>(93)) - 9ce04167-a631-4fac-8473-c8323544e086: new RaftServerImpl for group-3E6DE462F48E:[1b7f7b5c-de1e-4a62-bdb1-87985564f9c2:192.168.5.135:43836, 48b68c1b-b5ca-4998-b78e-17784c718845:192.168.5.135:41831, 9ce04167-a631-4fac-8473-c8323544e086:192.168.5.135:38873] with ContainerStateMachine:uninitialized
2019-08-22 11:56:55,565 [pool-371-thread-1] INFO  server.RaftServerConfigKeys (ConfUtils.java:logGet(43)) - raft.server.rpc.timeout.min = 5s (custom)
2019-08-22 11:56:55,566 [pool-371-thread-1] INFO  server.RaftServerConfigKeys (ConfUtils.java:logGet(43)) - raft.server.rpc.timeout.max = 5200ms (custom)
2019-08-22 11:56:55,566 [pool-371-thread-1] INFO  server.RaftServerConfigKeys (ConfUtils.java:logGet(43)) - raft.server.rpcslowness.timeout = 120s (custom)
2019-08-22 11:56:55,566 [pool-371-thread-1] INFO  server.RaftServerConfigKeys (ConfUtils.java:logGet(43)) - raft.server.sleep.deviation.threshold = 300 (default)
2019-08-22 11:56:55,566 [pool-371-thread-1] INFO  server.RaftServerConfigKeys (ConfUtils.java:logGet(43)) - raft.server.log.appender.install.snapshot.enabled = false (custom)
2019-08-22 11:56:55,566 [pool-371-thread-1] INFO  impl.RaftServerImpl (ServerState.java:<init>(105)) - 9ce04167-a631-4fac-8473-c8323544e086:group-3E6DE462F48E ConfigurationManager, init=-1: [1b7f7b5c-de1e-4a62-bdb1-87985564f9c2:192.168.5.135:43836, 48b68c1b-b5ca-4998-b78e-17784c718845:192.168.5.135:41831, 9ce04167-a631-4fac-8473-c8323544e086:192.168.5.135:38873], old=null, confs=<EMPTY_MAP>
2019-08-22 11:56:55,566 [pool-360-thread-1] INFO  impl.RaftServerImpl (RaftServerImpl.java:<init>(93)) - 48b68c1b-b5ca-4998-b78e-17784c718845: new RaftServerImpl for group-3E6DE462F48E:[1b7f7b5c-de1e-4a62-bdb1-87985564f9c2:192.168.5.135:43836, 48b68c1b-b5ca-4998-b78e-17784c718845:192.168.5.135:41831, 9ce04167-a631-4fac-8473-c8323544e086:192.168.5.135:38873] with ContainerStateMachine:uninitialized
2019-08-22 11:56:55,566 [pool-371-thread-1] INFO  server.RaftServerConfigKeys (ConfUtils.java:logGet(43)) - raft.server.storage.dir = [/workdir/hadoop-ozone/integration-test/target/test-dir/MiniOzoneClusterImpl-8e457fc4-2fe2-4844-8b87-d385df915f48/datanode-5/data/ratis] (custom)
2019-08-22 11:56:55,566 [pool-360-thread-1] INFO  server.RaftServerConfigKeys (ConfUtils.java:logGet(43)) - raft.server.rpc.timeout.min = 5s (custom)
2019-08-22 11:56:55,567 [pool-360-thread-1] INFO  server.RaftServerConfigKeys (ConfUtils.java:logGet(43)) - raft.server.rpc.timeout.max = 5200ms (custom)
2019-08-22 11:56:55,567 [pool-371-thread-1] INFO  storage.RaftStorageDirectory (RaftStorageDirectory.java:analyzeStorage(246)) - The storage directory /workdir/hadoop-ozone/integration-test/target/test-dir/MiniOzoneClusterImpl-8e457fc4-2fe2-4844-8b87-d385df915f48/datanode-5/data/ratis/cdd7748f-6c20-40c2-b685-3e6de462f48e does not exist. Creating ...
2019-08-22 11:56:55,567 [pool-360-thread-1] INFO  server.RaftServerConfigKeys (ConfUtils.java:logGet(43)) - raft.server.rpcslowness.timeout = 120s (custom)
2019-08-22 11:56:55,567 [pool-349-thread-1] INFO  impl.RaftServerImpl (RaftServerImpl.java:<init>(93)) - 1b7f7b5c-de1e-4a62-bdb1-87985564f9c2: new RaftServerImpl for group-3E6DE462F48E:[1b7f7b5c-de1e-4a62-bdb1-87985564f9c2:192.168.5.135:43836, 48b68c1b-b5ca-4998-b78e-17784c718845:192.168.5.135:41831, 9ce04167-a631-4fac-8473-c8323544e086:192.168.5.135:38873] with ContainerStateMachine:uninitialized
2019-08-22 11:56:55,567 [pool-360-thread-1] INFO  server.RaftServerConfigKeys (ConfUtils.java:logGet(43)) - raft.server.sleep.deviation.threshold = 300 (default)
2019-08-22 11:56:55,567 [pool-349-thread-1] INFO  server.RaftServerConfigKeys (ConfUtils.java:logGet(43)) - raft.server.rpc.timeout.min = 5s (custom)
2019-08-22 11:56:55,567 [pool-360-thread-1] INFO  server.RaftServerConfigKeys (ConfUtils.java:logGet(43)) - raft.server.log.appender.install.snapshot.enabled = false (custom)
2019-08-22 11:56:55,567 [pool-349-thread-1] INFO  server.RaftServerConfigKeys (ConfUtils.java:logGet(43)) - raft.server.rpc.timeout.max = 5200ms (custom)
2019-08-22 11:56:55,568 [pool-360-thread-1] INFO  impl.RaftServerImpl (ServerState.java:<init>(105)) - 48b68c1b-b5ca-4998-b78e-17784c718845:group-3E6DE462F48E ConfigurationManager, init=-1: [1b7f7b5c-de1e-4a62-bdb1-87985564f9c2:192.168.5.135:43836, 48b68c1b-b5ca-4998-b78e-17784c718845:192.168.5.135:41831, 9ce04167-a631-4fac-8473-c8323544e086:192.168.5.135:38873], old=null, confs=<EMPTY_MAP>
2019-08-22 11:56:55,568 [pool-349-thread-1] INFO  server.RaftServerConfigKeys (ConfUtils.java:logGet(43)) - raft.server.rpcslowness.timeout = 120s (custom)
2019-08-22 11:56:55,568 [pool-360-thread-1] INFO  server.RaftServerConfigKeys (ConfUtils.java:logGet(43)) - raft.server.storage.dir = [/workdir/hadoop-ozone/integration-test/target/test-dir/MiniOzoneClusterImpl-8e457fc4-2fe2-4844-8b87-d385df915f48/datanode-4/data/ratis] (custom)
2019-08-22 11:56:55,568 [pool-349-thread-1] INFO  server.RaftServerConfigKeys (ConfUtils.java:logGet(43)) - raft.server.sleep.deviation.threshold = 300 (default)
2019-08-22 11:56:55,568 [pool-349-thread-1] INFO  server.RaftServerConfigKeys (ConfUtils.java:logGet(43)) - raft.server.log.appender.install.snapshot.enabled = false (custom)
2019-08-22 11:56:55,569 [pool-360-thread-1] INFO  storage.RaftStorageDirectory (RaftStorageDirectory.java:analyzeStorage(246)) - The storage directory /workdir/hadoop-ozone/integration-test/target/test-dir/MiniOzoneClusterImpl-8e457fc4-2fe2-4844-8b87-d385df915f48/datanode-4/data/ratis/cdd7748f-6c20-40c2-b685-3e6de462f48e does not exist. Creating ...
2019-08-22 11:56:55,569 [pool-349-thread-1] INFO  impl.RaftServerImpl (ServerState.java:<init>(105)) - 1b7f7b5c-de1e-4a62-bdb1-87985564f9c2:group-3E6DE462F48E ConfigurationManager, init=-1: [1b7f7b5c-de1e-4a62-bdb1-87985564f9c2:192.168.5.135:43836, 48b68c1b-b5ca-4998-b78e-17784c718845:192.168.5.135:41831, 9ce04167-a631-4fac-8473-c8323544e086:192.168.5.135:38873], old=null, confs=<EMPTY_MAP>
2019-08-22 11:56:55,569 [pool-349-thread-1] INFO  server.RaftServerConfigKeys (ConfUtils.java:logGet(43)) - raft.server.storage.dir = [/workdir/hadoop-ozone/integration-test/target/test-dir/MiniOzoneClusterImpl-8e457fc4-2fe2-4844-8b87-d385df915f48/datanode-3/data/ratis] (custom)
2019-08-22 11:56:55,570 [pool-349-thread-1] INFO  storage.RaftStorageDirectory (RaftStorageDirectory.java:analyzeStorage(246)) - The storage directory /workdir/hadoop-ozone/integration-test/target/test-dir/MiniOzoneClusterImpl-8e457fc4-2fe2-4844-8b87-d385df915f48/datanode-3/data/ratis/cdd7748f-6c20-40c2-b685-3e6de462f48e does not exist. Creating ...
2019-08-22 11:56:55,570 | INFO  | SCMAudit | user=jenkins1000 | ip=192.168.5.135 | op=SEND_HEARTBEAT {datanodeUUID=8c07d121-2c0d-4967-83b1-bdc1bfd445f6, command=[]} | ret=SUCCESS |  
2019-08-22 11:56:55,580 [pool-349-thread-1] INFO  storage.RaftStorageDirectory (RaftStorageDirectory.java:tryLock(328)) - Lock on /workdir/hadoop-ozone/integration-test/target/test-dir/MiniOzoneClusterImpl-8e457fc4-2fe2-4844-8b87-d385df915f48/datanode-3/data/ratis/cdd7748f-6c20-40c2-b685-3e6de462f48e/in_use.lock acquired by nodename 21501@pr-hdds-1981-gl9jh-3406769118
2019-08-22 11:56:55,580 [pool-371-thread-1] INFO  storage.RaftStorageDirectory (RaftStorageDirectory.java:tryLock(328)) - Lock on /workdir/hadoop-ozone/integration-test/target/test-dir/MiniOzoneClusterImpl-8e457fc4-2fe2-4844-8b87-d385df915f48/datanode-5/data/ratis/cdd7748f-6c20-40c2-b685-3e6de462f48e/in_use.lock acquired by nodename 21501@pr-hdds-1981-gl9jh-3406769118
2019-08-22 11:56:55,580 [pool-360-thread-1] INFO  storage.RaftStorageDirectory (RaftStorageDirectory.java:tryLock(328)) - Lock on /workdir/hadoop-ozone/integration-test/target/test-dir/MiniOzoneClusterImpl-8e457fc4-2fe2-4844-8b87-d385df915f48/datanode-4/data/ratis/cdd7748f-6c20-40c2-b685-3e6de462f48e/in_use.lock acquired by nodename 21501@pr-hdds-1981-gl9jh-3406769118
2019-08-22 11:56:55,604 [pool-349-thread-1] INFO  storage.RaftStorage (RaftStorage.java:format(72)) - Storage directory /workdir/hadoop-ozone/integration-test/target/test-dir/MiniOzoneClusterImpl-8e457fc4-2fe2-4844-8b87-d385df915f48/datanode-3/data/ratis/cdd7748f-6c20-40c2-b685-3e6de462f48e has been successfully formatted.
2019-08-22 11:56:55,604 [pool-371-thread-1] INFO  storage.RaftStorage (RaftStorage.java:format(72)) - Storage directory /workdir/hadoop-ozone/integration-test/target/test-dir/MiniOzoneClusterImpl-8e457fc4-2fe2-4844-8b87-d385df915f48/datanode-5/data/ratis/cdd7748f-6c20-40c2-b685-3e6de462f48e has been successfully formatted.
2019-08-22 11:56:55,604 [pool-360-thread-1] INFO  storage.RaftStorage (RaftStorage.java:format(72)) - Storage directory /workdir/hadoop-ozone/integration-test/target/test-dir/MiniOzoneClusterImpl-8e457fc4-2fe2-4844-8b87-d385df915f48/datanode-4/data/ratis/cdd7748f-6c20-40c2-b685-3e6de462f48e has been successfully formatted.
2019-08-22 11:56:55,604 [pool-371-thread-1] INFO  ratis.ContainerStateMachine (ContainerStateMachine.java:loadSnapshot(222)) - group-3E6DE462F48E: The snapshot info is null. Setting the last applied indexto:(t:0, i:~)
2019-08-22 11:56:55,604 [pool-349-thread-1] INFO  ratis.ContainerStateMachine (ContainerStateMachine.java:loadSnapshot(222)) - group-3E6DE462F48E: The snapshot info is null. Setting the last applied indexto:(t:0, i:~)
2019-08-22 11:56:55,604 [pool-360-thread-1] INFO  ratis.ContainerStateMachine (ContainerStateMachine.java:loadSnapshot(222)) - group-3E6DE462F48E: The snapshot info is null. Setting the last applied indexto:(t:0, i:~)
2019-08-22 11:56:55,604 [pool-371-thread-1] INFO  server.RaftServerConfigKeys (ConfUtils.java:logGet(43)) - raft.server.leader.election.timeout = 120s (custom)
2019-08-22 11:56:55,605 [pool-360-thread-1] INFO  server.RaftServerConfigKeys (ConfUtils.java:logGet(43)) - raft.server.leader.election.timeout = 120s (custom)
2019-08-22 11:56:55,604 [pool-349-thread-1] INFO  server.RaftServerConfigKeys (ConfUtils.java:logGet(43)) - raft.server.leader.election.timeout = 120s (custom)
2019-08-22 11:56:55,605 [pool-360-thread-1] INFO  server.RaftServerConfigKeys (ConfUtils.java:logGet(43)) - raft.server.log.use.memory = false (default)
2019-08-22 11:56:55,605 [pool-371-thread-1] INFO  server.RaftServerConfigKeys (ConfUtils.java:logGet(43)) - raft.server.log.use.memory = false (default)
2019-08-22 11:56:55,605 [pool-360-thread-1] INFO  server.RaftServerConfigKeys (ConfUtils.java:logGet(43)) - raft.server.log.purge.gap = 1000000 (custom)
2019-08-22 11:56:55,605 [pool-360-thread-1] INFO  server.RaftServerConfigKeys (ConfUtils.java:logGet(43)) - raft.server.log.appender.buffer.byte-limit = 33554432 (custom)
2019-08-22 11:56:55,605 [pool-349-thread-1] INFO  server.RaftServerConfigKeys (ConfUtils.java:logGet(43)) - raft.server.log.use.memory = false (default)
2019-08-22 11:56:55,606 [pool-360-thread-1] INFO  server.RaftServerConfigKeys (ConfUtils.java:logGet(43)) - raft.server.log.segment.size.max = 1048576 (custom)
2019-08-22 11:56:55,605 [pool-371-thread-1] INFO  server.RaftServerConfigKeys (ConfUtils.java:logGet(43)) - raft.server.log.purge.gap = 1000000 (custom)
2019-08-22 11:56:55,606 [pool-360-thread-1] INFO  server.RaftServerConfigKeys (ConfUtils.java:logGet(43)) - raft.server.log.segment.cache.num.max = 2 (custom)
2019-08-22 11:56:55,606 [pool-349-thread-1] INFO  server.RaftServerConfigKeys (ConfUtils.java:logGet(43)) - raft.server.log.purge.gap = 1000000 (custom)
2019-08-22 11:56:55,606 [pool-360-thread-1] INFO  segmented.SegmentedRaftLogWorker (SegmentedRaftLogWorker.java:<init>(172)) - new 48b68c1b-b5ca-4998-b78e-17784c718845-SegmentedRaftLogWorker:Storage Directory /workdir/hadoop-ozone/integration-test/target/test-dir/MiniOzoneClusterImpl-8e457fc4-2fe2-4844-8b87-d385df915f48/datanode-4/data/ratis/cdd7748f-6c20-40c2-b685-3e6de462f48e for RaftStorage:Storage Directory /workdir/hadoop-ozone/integration-test/target/test-dir/MiniOzoneClusterImpl-8e457fc4-2fe2-4844-8b87-d385df915f48/datanode-4/data/ratis/cdd7748f-6c20-40c2-b685-3e6de462f48e
2019-08-22 11:56:55,606 [pool-371-thread-1] INFO  server.RaftServerConfigKeys (ConfUtils.java:logGet(43)) - raft.server.log.appender.buffer.byte-limit = 33554432 (custom)
2019-08-22 11:56:55,606 [pool-360-thread-1] INFO  server.RaftServerConfigKeys (ConfUtils.java:logGet(43)) - raft.server.log.queue.byte-limit = 2147483647 (custom)
2019-08-22 11:56:55,606 [pool-349-thread-1] INFO  server.RaftServerConfigKeys (ConfUtils.java:logGet(43)) - raft.server.log.appender.buffer.byte-limit = 33554432 (custom)
2019-08-22 11:56:55,607 [pool-360-thread-1] INFO  server.RaftServerConfigKeys (ConfUtils.java:logGet(43)) - raft.server.log.queue.element-limit = 1024 (custom)
2019-08-22 11:56:55,607 [pool-371-thread-1] INFO  server.RaftServerConfigKeys (ConfUtils.java:logGet(43)) - raft.server.log.segment.size.max = 1048576 (custom)
2019-08-22 11:56:55,607 [pool-360-thread-1] INFO  server.RaftServerConfigKeys (ConfUtils.java:logGet(43)) - raft.server.log.segment.size.max = 1048576 (custom)
2019-08-22 11:56:55,607 [pool-360-thread-1] INFO  server.RaftServerConfigKeys (ConfUtils.java:logGet(43)) - raft.server.log.preallocated.size = 16384 (custom)
2019-08-22 11:56:55,607 [pool-349-thread-1] INFO  server.RaftServerConfigKeys (ConfUtils.java:logGet(43)) - raft.server.log.segment.size.max = 1048576 (custom)
2019-08-22 11:56:55,608 [pool-360-thread-1] INFO  server.RaftServerConfigKeys (ConfUtils.java:logGet(43)) - raft.server.log.write.buffer.size = 33554432 (custom)
2019-08-22 11:56:55,607 [pool-371-thread-1] INFO  server.RaftServerConfigKeys (ConfUtils.java:logGet(43)) - raft.server.log.segment.cache.num.max = 2 (custom)
2019-08-22 11:56:55,608 [pool-360-thread-1] INFO  server.RaftServerConfigKeys (ConfUtils.java:logGet(43)) - raft.server.log.force.sync.num = 128 (default)
2019-08-22 11:56:55,608 [pool-349-thread-1] INFO  server.RaftServerConfigKeys (ConfUtils.java:logGet(43)) - raft.server.log.segment.cache.num.max = 2 (custom)
2019-08-22 11:56:55,608 [pool-371-thread-1] INFO  segmented.SegmentedRaftLogWorker (SegmentedRaftLogWorker.java:<init>(172)) - new 9ce04167-a631-4fac-8473-c8323544e086-SegmentedRaftLogWorker:Storage Directory /workdir/hadoop-ozone/integration-test/target/test-dir/MiniOzoneClusterImpl-8e457fc4-2fe2-4844-8b87-d385df915f48/datanode-5/data/ratis/cdd7748f-6c20-40c2-b685-3e6de462f48e for RaftStorage:Storage Directory /workdir/hadoop-ozone/integration-test/target/test-dir/MiniOzoneClusterImpl-8e457fc4-2fe2-4844-8b87-d385df915f48/datanode-5/data/ratis/cdd7748f-6c20-40c2-b685-3e6de462f48e
2019-08-22 11:56:55,608 [pool-349-thread-1] INFO  segmented.SegmentedRaftLogWorker (SegmentedRaftLogWorker.java:<init>(172)) - new 1b7f7b5c-de1e-4a62-bdb1-87985564f9c2-SegmentedRaftLogWorker:Storage Directory /workdir/hadoop-ozone/integration-test/target/test-dir/MiniOzoneClusterImpl-8e457fc4-2fe2-4844-8b87-d385df915f48/datanode-3/data/ratis/cdd7748f-6c20-40c2-b685-3e6de462f48e for RaftStorage:Storage Directory /workdir/hadoop-ozone/integration-test/target/test-dir/MiniOzoneClusterImpl-8e457fc4-2fe2-4844-8b87-d385df915f48/datanode-3/data/ratis/cdd7748f-6c20-40c2-b685-3e6de462f48e
2019-08-22 11:56:55,608 [pool-360-thread-1] INFO  server.RaftServerConfigKeys (ConfUtils.java:logGet(43)) - raft.server.log.statemachine.data.sync = true (default)
2019-08-22 11:56:55,609 [pool-349-thread-1] INFO  server.RaftServerConfigKeys (ConfUtils.java:logGet(43)) - raft.server.log.queue.byte-limit = 2147483647 (custom)
2019-08-22 11:56:55,608 [pool-371-thread-1] INFO  server.RaftServerConfigKeys (ConfUtils.java:logGet(43)) - raft.server.log.queue.byte-limit = 2147483647 (custom)
2019-08-22 11:56:55,609 [pool-349-thread-1] INFO  server.RaftServerConfigKeys (ConfUtils.java:logGet(43)) - raft.server.log.queue.element-limit = 1024 (custom)
2019-08-22 11:56:55,609 [pool-371-thread-1] INFO  server.RaftServerConfigKeys (ConfUtils.java:logGet(43)) - raft.server.log.queue.element-limit = 1024 (custom)
2019-08-22 11:56:55,609 [pool-360-thread-1] INFO  server.RaftServerConfigKeys (ConfUtils.java:logGet(43)) - raft.server.log.statemachine.data.sync.timeout = 10s (default)
2019-08-22 11:56:55,609 [pool-371-thread-1] INFO  server.RaftServerConfigKeys (ConfUtils.java:logGet(43)) - raft.server.log.segment.size.max = 1048576 (custom)
2019-08-22 11:56:55,610 [pool-371-thread-1] INFO  server.RaftServerConfigKeys (ConfUtils.java:logGet(43)) - raft.server.log.preallocated.size = 16384 (custom)
2019-08-22 11:56:55,609 [pool-349-thread-1] INFO  server.RaftServerConfigKeys (ConfUtils.java:logGet(43)) - raft.server.log.segment.size.max = 1048576 (custom)
2019-08-22 11:56:55,610 [pool-371-thread-1] INFO  server.RaftServerConfigKeys (ConfUtils.java:logGet(43)) - raft.server.log.write.buffer.size = 33554432 (custom)
2019-08-22 11:56:55,610 [pool-371-thread-1] INFO  server.RaftServerConfigKeys (ConfUtils.java:logGet(43)) - raft.server.log.force.sync.num = 128 (default)
2019-08-22 11:56:55,609 [pool-360-thread-1] INFO  server.RaftServerConfigKeys (ConfUtils.java:logGet(43)) - raft.server.log.statemachine.data.sync.timeout.retry = -1 (default)
2019-08-22 11:56:55,610 [pool-371-thread-1] INFO  server.RaftServerConfigKeys (ConfUtils.java:logGet(43)) - raft.server.log.statemachine.data.sync = true (default)
2019-08-22 11:56:55,610 [pool-349-thread-1] INFO  server.RaftServerConfigKeys (ConfUtils.java:logGet(43)) - raft.server.log.preallocated.size = 16384 (custom)
2019-08-22 11:56:55,610 [pool-371-thread-1] INFO  server.RaftServerConfigKeys (ConfUtils.java:logGet(43)) - raft.server.log.statemachine.data.sync.timeout = 10s (default)
2019-08-22 11:56:55,610 [pool-360-thread-1] INFO  server.RaftServerConfigKeys (ConfUtils.java:logGet(43)) - raft.server.log.statemachine.data.caching.enabled = true (custom)
2019-08-22 11:56:55,611 [pool-371-thread-1] INFO  server.RaftServerConfigKeys (ConfUtils.java:logGet(43)) - raft.server.log.statemachine.data.sync.timeout.retry = -1 (default)
2019-08-22 11:56:55,610 [pool-349-thread-1] INFO  server.RaftServerConfigKeys (ConfUtils.java:logGet(43)) - raft.server.log.write.buffer.size = 33554432 (custom)
2019-08-22 11:56:55,611 [pool-360-thread-1] INFO  segmented.SegmentedRaftLogWorker (SegmentedRaftLogWorker.java:lambda$new$0(132)) - 48b68c1b-b5ca-4998-b78e-17784c718845-SegmentedRaftLogWorker:Storage Directory /workdir/hadoop-ozone/integration-test/target/test-dir/MiniOzoneClusterImpl-8e457fc4-2fe2-4844-8b87-d385df915f48/datanode-4/data/ratis/cdd7748f-6c20-40c2-b685-3e6de462f48e: flushIndex: setUnconditionally 0 -> -1
2019-08-22 11:56:55,611 [pool-371-thread-1] INFO  server.RaftServerConfigKeys (ConfUtils.java:logGet(43)) - raft.server.log.statemachine.data.caching.enabled = true (custom)
2019-08-22 11:56:55,611 [pool-349-thread-1] INFO  server.RaftServerConfigKeys (ConfUtils.java:logGet(43)) - raft.server.log.force.sync.num = 128 (default)
2019-08-22 11:56:55,611 [pool-371-thread-1] INFO  segmented.SegmentedRaftLogWorker (SegmentedRaftLogWorker.java:lambda$new$0(132)) - 9ce04167-a631-4fac-8473-c8323544e086-SegmentedRaftLogWorker:Storage Directory /workdir/hadoop-ozone/integration-test/target/test-dir/MiniOzoneClusterImpl-8e457fc4-2fe2-4844-8b87-d385df915f48/datanode-5/data/ratis/cdd7748f-6c20-40c2-b685-3e6de462f48e: flushIndex: setUnconditionally 0 -> -1
2019-08-22 11:56:55,611 [pool-360-thread-1] INFO  server.RaftServerConfigKeys (ConfUtils.java:logGet(43)) - raft.server.snapshot.auto.trigger.enabled = true (custom)
2019-08-22 11:56:55,611 [pool-349-thread-1] INFO  server.RaftServerConfigKeys (ConfUtils.java:logGet(43)) - raft.server.log.statemachine.data.sync = true (default)
2019-08-22 11:56:55,612 [pool-360-thread-1] INFO  server.RaftServerConfigKeys (ConfUtils.java:logGet(43)) - raft.server.snapshot.auto.trigger.threshold = 10000 (custom)
2019-08-22 11:56:55,612 [pool-371-thread-1] INFO  server.RaftServerConfigKeys (ConfUtils.java:logGet(43)) - raft.server.snapshot.auto.trigger.enabled = true (custom)
2019-08-22 11:56:55,612 [pool-360-thread-1] INFO  server.RaftServerConfigKeys (ConfUtils.java:logGet(43)) - raft.server.retrycache.expirytime = 600000ms (custom)
2019-08-22 11:56:55,612 [pool-349-thread-1] INFO  server.RaftServerConfigKeys (ConfUtils.java:logGet(43)) - raft.server.log.statemachine.data.sync.timeout = 10s (default)
2019-08-22 11:56:55,612 [pool-360-thread-1] INFO  impl.RaftServerImpl (RaftServerImpl.java:start(180)) - 48b68c1b-b5ca-4998-b78e-17784c718845: start group-3E6DE462F48E
2019-08-22 11:56:55,612 [pool-371-thread-1] INFO  server.RaftServerConfigKeys (ConfUtils.java:logGet(43)) - raft.server.snapshot.auto.trigger.threshold = 10000 (custom)
2019-08-22 11:56:55,612 [pool-360-thread-1] INFO  impl.RaftServerImpl (RaftServerImpl.java:setRole(171)) - 48b68c1b-b5ca-4998-b78e-17784c718845:group-3E6DE462F48E changes role from null to FOLLOWER at term 0 for startAsFollower
2019-08-22 11:56:55,612 [pool-349-thread-1] INFO  server.RaftServerConfigKeys (ConfUtils.java:logGet(43)) - raft.server.log.statemachine.data.sync.timeout.retry = -1 (default)
2019-08-22 11:56:55,613 [pool-360-thread-1] INFO  impl.RoleInfo (RoleInfo.java:updateAndGet(143)) - 48b68c1b-b5ca-4998-b78e-17784c718845: start FollowerState
2019-08-22 11:56:55,613 [pool-371-thread-1] INFO  server.RaftServerConfigKeys (ConfUtils.java:logGet(43)) - raft.server.retrycache.expirytime = 600000ms (custom)
2019-08-22 11:56:55,613 [pool-349-thread-1] INFO  server.RaftServerConfigKeys (ConfUtils.java:logGet(43)) - raft.server.log.statemachine.data.caching.enabled = true (custom)
2019-08-22 11:56:55,613 [pool-371-thread-1] INFO  impl.RaftServerImpl (RaftServerImpl.java:start(180)) - 9ce04167-a631-4fac-8473-c8323544e086: start group-3E6DE462F48E
2019-08-22 11:56:55,613 [pool-360-thread-1] INFO  util.JmxRegister (JmxRegister.java:tryRegister(44)) - Successfully registered JMX Bean with object name Ratis:service=RaftServer,group=group-3E6DE462F48E,id=48b68c1b-b5ca-4998-b78e-17784c718845
2019-08-22 11:56:55,613 [pool-349-thread-1] INFO  segmented.SegmentedRaftLogWorker (SegmentedRaftLogWorker.java:lambda$new$0(132)) - 1b7f7b5c-de1e-4a62-bdb1-87985564f9c2-SegmentedRaftLogWorker:Storage Directory /workdir/hadoop-ozone/integration-test/target/test-dir/MiniOzoneClusterImpl-8e457fc4-2fe2-4844-8b87-d385df915f48/datanode-3/data/ratis/cdd7748f-6c20-40c2-b685-3e6de462f48e: flushIndex: setUnconditionally 0 -> -1
2019-08-22 11:56:55,613 [pool-371-thread-1] INFO  impl.RaftServerImpl (RaftServerImpl.java:setRole(171)) - 9ce04167-a631-4fac-8473-c8323544e086:group-3E6DE462F48E changes role from null to FOLLOWER at term 0 for startAsFollower
2019-08-22 11:56:55,614 [pool-371-thread-1] INFO  impl.RoleInfo (RoleInfo.java:updateAndGet(143)) - 9ce04167-a631-4fac-8473-c8323544e086: start FollowerState
2019-08-22 11:56:55,614 [pool-349-thread-1] INFO  server.RaftServerConfigKeys (ConfUtils.java:logGet(43)) - raft.server.snapshot.auto.trigger.enabled = true (custom)
2019-08-22 11:56:55,614 [pool-349-thread-1] INFO  server.RaftServerConfigKeys (ConfUtils.java:logGet(43)) - raft.server.snapshot.auto.trigger.threshold = 10000 (custom)
2019-08-22 11:56:55,615 [pool-349-thread-1] INFO  server.RaftServerConfigKeys (ConfUtils.java:logGet(43)) - raft.server.retrycache.expirytime = 600000ms (custom)
2019-08-22 11:56:55,615 [pool-371-thread-1] INFO  util.JmxRegister (JmxRegister.java:tryRegister(44)) - Successfully registered JMX Bean with object name Ratis:service=RaftServer,group=group-3E6DE462F48E,id=9ce04167-a631-4fac-8473-c8323544e086
2019-08-22 11:56:55,615 [pool-349-thread-1] INFO  impl.RaftServerImpl (RaftServerImpl.java:start(180)) - 1b7f7b5c-de1e-4a62-bdb1-87985564f9c2: start group-3E6DE462F48E
2019-08-22 11:56:55,615 [pool-349-thread-1] INFO  impl.RaftServerImpl (RaftServerImpl.java:setRole(171)) - 1b7f7b5c-de1e-4a62-bdb1-87985564f9c2:group-3E6DE462F48E changes role from null to FOLLOWER at term 0 for startAsFollower
2019-08-22 11:56:55,615 [pool-349-thread-1] INFO  impl.RoleInfo (RoleInfo.java:updateAndGet(143)) - 1b7f7b5c-de1e-4a62-bdb1-87985564f9c2: start FollowerState
2019-08-22 11:56:55,616 [pool-349-thread-1] INFO  util.JmxRegister (JmxRegister.java:tryRegister(44)) - Successfully registered JMX Bean with object name Ratis:service=RaftServer,group=group-3E6DE462F48E,id=1b7f7b5c-de1e-4a62-bdb1-87985564f9c2
2019-08-22 11:56:55,618 [RatisPipelineUtilsThread] INFO  pipeline.PipelineStateManager (PipelineStateManager.java:addPipeline(56)) - Created pipeline Pipeline[ Id: cdd7748f-6c20-40c2-b685-3e6de462f48e, Nodes: 1b7f7b5c-de1e-4a62-bdb1-87985564f9c2{ip: 192.168.5.135, host: pr-hdds-1981-gl9jh-3406769118, networkLocation: /default-rack, certSerialId: null}9ce04167-a631-4fac-8473-c8323544e086{ip: 192.168.5.135, host: pr-hdds-1981-gl9jh-3406769118, networkLocation: /default-rack, certSerialId: null}48b68c1b-b5ca-4998-b78e-17784c718845{ip: 192.168.5.135, host: pr-hdds-1981-gl9jh-3406769118, networkLocation: /default-rack, certSerialId: null}, Type:RATIS, Factor:THREE, State:OPEN]
2019-08-22 11:56:55,668 [main] INFO  ozone.MiniOzoneClusterImpl (MiniOzoneClusterImpl.java:lambda$waitForClusterToBeReady$0(142)) - Waiting for cluster to be ready. Got 6 of 7 DN Heartbeats.
2019-08-22 11:56:55,669 [IPC Server handler 1 on 45248] INFO  net.NetworkTopology (NetworkTopologyImpl.java:add(110)) - Added a new node: /default-rack/487af136-47a9-41f1-9b09-061295d8b4c4
2019-08-22 11:56:55,669 [IPC Server handler 1 on 45248] INFO  node.SCMNodeManager (SCMNodeManager.java:register(273)) - Registered Data node : 487af136-47a9-41f1-9b09-061295d8b4c4{ip: 192.168.5.135, host: pr-hdds-1981-gl9jh-3406769118, networkLocation: /default-rack, certSerialId: null}
2019-08-22 11:56:55,693 | INFO  | SCMAudit | user=jenkins1000 | ip=192.168.5.135 | op=REGISTER {datanodeDetails=487af136-47a9-41f1-9b09-061295d8b4c4{ip: 192.168.5.135, host: pr-hdds-1981-gl9jh-3406769118, networkLocation: /default-rack, certSerialId: null}} | ret=SUCCESS |  
2019-08-22 11:56:55,705 [grpc-default-executor-1] INFO  impl.RaftServerProxy (RaftServerProxy.java:addNew(89)) - 487af136-47a9-41f1-9b09-061295d8b4c4: addNew group-1A00EE8A528E:[487af136-47a9-41f1-9b09-061295d8b4c4:192.168.5.135:33794] returns group-1A00EE8A528E:java.util.concurrent.CompletableFuture@4d9482ba[Not completed]
2019-08-22 11:56:55,706 [pool-382-thread-1] INFO  impl.RaftServerImpl (RaftServerImpl.java:<init>(93)) - 487af136-47a9-41f1-9b09-061295d8b4c4: new RaftServerImpl for group-1A00EE8A528E:[487af136-47a9-41f1-9b09-061295d8b4c4:192.168.5.135:33794] with ContainerStateMachine:uninitialized
2019-08-22 11:56:55,706 [pool-382-thread-1] INFO  server.RaftServerConfigKeys (ConfUtils.java:logGet(43)) - raft.server.rpc.timeout.min = 5s (custom)
2019-08-22 11:56:55,706 [pool-382-thread-1] INFO  server.RaftServerConfigKeys (ConfUtils.java:logGet(43)) - raft.server.rpc.timeout.max = 5200ms (custom)
2019-08-22 11:56:55,707 [pool-382-thread-1] INFO  server.RaftServerConfigKeys (ConfUtils.java:logGet(43)) - raft.server.rpcslowness.timeout = 120s (custom)
2019-08-22 11:56:55,707 [pool-382-thread-1] INFO  server.RaftServerConfigKeys (ConfUtils.java:logGet(43)) - raft.server.sleep.deviation.threshold = 300 (default)
2019-08-22 11:56:55,707 [pool-382-thread-1] INFO  server.RaftServerConfigKeys (ConfUtils.java:logGet(43)) - raft.server.log.appender.install.snapshot.enabled = false (custom)
2019-08-22 11:56:55,707 [pool-382-thread-1] INFO  impl.RaftServerImpl (ServerState.java:<init>(105)) - 487af136-47a9-41f1-9b09-061295d8b4c4:group-1A00EE8A528E ConfigurationManager, init=-1: [487af136-47a9-41f1-9b09-061295d8b4c4:192.168.5.135:33794], old=null, confs=<EMPTY_MAP>
2019-08-22 11:56:55,707 [pool-382-thread-1] INFO  server.RaftServerConfigKeys (ConfUtils.java:logGet(43)) - raft.server.storage.dir = [/workdir/hadoop-ozone/integration-test/target/test-dir/MiniOzoneClusterImpl-8e457fc4-2fe2-4844-8b87-d385df915f48/datanode-6/data/ratis] (custom)
2019-08-22 11:56:55,708 [pool-382-thread-1] INFO  storage.RaftStorageDirectory (RaftStorageDirectory.java:analyzeStorage(246)) - The storage directory /workdir/hadoop-ozone/integration-test/target/test-dir/MiniOzoneClusterImpl-8e457fc4-2fe2-4844-8b87-d385df915f48/datanode-6/data/ratis/8fac4d23-16fe-4733-aae7-1a00ee8a528e does not exist. Creating ...
2019-08-22 11:56:55,721 [pool-382-thread-1] INFO  storage.RaftStorageDirectory (RaftStorageDirectory.java:tryLock(328)) - Lock on /workdir/hadoop-ozone/integration-test/target/test-dir/MiniOzoneClusterImpl-8e457fc4-2fe2-4844-8b87-d385df915f48/datanode-6/data/ratis/8fac4d23-16fe-4733-aae7-1a00ee8a528e/in_use.lock acquired by nodename 21501@pr-hdds-1981-gl9jh-3406769118
2019-08-22 11:56:55,733 | INFO  | SCMAudit | user=jenkins1000 | ip=192.168.5.135 | op=SEND_HEARTBEAT {datanodeUUID=4a9862d5-694b-4c7d-b652-1fb8ddcfc588, command=[]} | ret=SUCCESS |  
2019-08-22 11:56:55,735 [pool-382-thread-1] INFO  storage.RaftStorage (RaftStorage.java:format(72)) - Storage directory /workdir/hadoop-ozone/integration-test/target/test-dir/MiniOzoneClusterImpl-8e457fc4-2fe2-4844-8b87-d385df915f48/datanode-6/data/ratis/8fac4d23-16fe-4733-aae7-1a00ee8a528e has been successfully formatted.
2019-08-22 11:56:55,736 [pool-382-thread-1] INFO  ratis.ContainerStateMachine (ContainerStateMachine.java:loadSnapshot(222)) - group-1A00EE8A528E: The snapshot info is null. Setting the last applied indexto:(t:0, i:~)
2019-08-22 11:56:55,736 [pool-382-thread-1] INFO  server.RaftServerConfigKeys (ConfUtils.java:logGet(43)) - raft.server.leader.election.timeout = 120s (custom)
2019-08-22 11:56:55,736 [pool-382-thread-1] INFO  server.RaftServerConfigKeys (ConfUtils.java:logGet(43)) - raft.server.log.use.memory = false (default)
2019-08-22 11:56:55,736 [pool-382-thread-1] INFO  server.RaftServerConfigKeys (ConfUtils.java:logGet(43)) - raft.server.log.purge.gap = 1000000 (custom)
2019-08-22 11:56:55,736 [pool-382-thread-1] INFO  server.RaftServerConfigKeys (ConfUtils.java:logGet(43)) - raft.server.log.appender.buffer.byte-limit = 33554432 (custom)
2019-08-22 11:56:55,737 [pool-382-thread-1] INFO  server.RaftServerConfigKeys (ConfUtils.java:logGet(43)) - raft.server.log.segment.size.max = 1048576 (custom)
2019-08-22 11:56:55,737 [pool-382-thread-1] INFO  server.RaftServerConfigKeys (ConfUtils.java:logGet(43)) - raft.server.log.segment.cache.num.max = 2 (custom)
2019-08-22 11:56:55,737 [pool-382-thread-1] INFO  segmented.SegmentedRaftLogWorker (SegmentedRaftLogWorker.java:<init>(172)) - new 487af136-47a9-41f1-9b09-061295d8b4c4-SegmentedRaftLogWorker:Storage Directory /workdir/hadoop-ozone/integration-test/target/test-dir/MiniOzoneClusterImpl-8e457fc4-2fe2-4844-8b87-d385df915f48/datanode-6/data/ratis/8fac4d23-16fe-4733-aae7-1a00ee8a528e for RaftStorage:Storage Directory /workdir/hadoop-ozone/integration-test/target/test-dir/MiniOzoneClusterImpl-8e457fc4-2fe2-4844-8b87-d385df915f48/datanode-6/data/ratis/8fac4d23-16fe-4733-aae7-1a00ee8a528e
2019-08-22 11:56:55,737 [pool-382-thread-1] INFO  server.RaftServerConfigKeys (ConfUtils.java:logGet(43)) - raft.server.log.queue.byte-limit = 2147483647 (custom)
2019-08-22 11:56:55,737 [pool-382-thread-1] INFO  server.RaftServerConfigKeys (ConfUtils.java:logGet(43)) - raft.server.log.queue.element-limit = 1024 (custom)
2019-08-22 11:56:55,737 [pool-382-thread-1] INFO  server.RaftServerConfigKeys (ConfUtils.java:logGet(43)) - raft.server.log.segment.size.max = 1048576 (custom)
2019-08-22 11:56:55,737 [pool-382-thread-1] INFO  server.RaftServerConfigKeys (ConfUtils.java:logGet(43)) - raft.server.log.preallocated.size = 16384 (custom)
2019-08-22 11:56:55,738 [pool-382-thread-1] INFO  server.RaftServerConfigKeys (ConfUtils.java:logGet(43)) - raft.server.log.write.buffer.size = 33554432 (custom)
2019-08-22 11:56:55,738 [pool-382-thread-1] INFO  server.RaftServerConfigKeys (ConfUtils.java:logGet(43)) - raft.server.log.force.sync.num = 128 (default)
2019-08-22 11:56:55,738 [pool-382-thread-1] INFO  server.RaftServerConfigKeys (ConfUtils.java:logGet(43)) - raft.server.log.statemachine.data.sync = true (default)
2019-08-22 11:56:55,738 [pool-382-thread-1] INFO  server.RaftServerConfigKeys (ConfUtils.java:logGet(43)) - raft.server.log.statemachine.data.sync.timeout = 10s (default)
2019-08-22 11:56:55,738 [pool-382-thread-1] INFO  server.RaftServerConfigKeys (ConfUtils.java:logGet(43)) - raft.server.log.statemachine.data.sync.timeout.retry = -1 (default)
2019-08-22 11:56:55,738 [pool-382-thread-1] INFO  server.RaftServerConfigKeys (ConfUtils.java:logGet(43)) - raft.server.log.statemachine.data.caching.enabled = true (custom)
2019-08-22 11:56:55,739 [pool-382-thread-1] INFO  segmented.SegmentedRaftLogWorker (SegmentedRaftLogWorker.java:lambda$new$0(132)) - 487af136-47a9-41f1-9b09-061295d8b4c4-SegmentedRaftLogWorker:Storage Directory /workdir/hadoop-ozone/integration-test/target/test-dir/MiniOzoneClusterImpl-8e457fc4-2fe2-4844-8b87-d385df915f48/datanode-6/data/ratis/8fac4d23-16fe-4733-aae7-1a00ee8a528e: flushIndex: setUnconditionally 0 -> -1
2019-08-22 11:56:55,739 [pool-382-thread-1] INFO  server.RaftServerConfigKeys (ConfUtils.java:logGet(43)) - raft.server.snapshot.auto.trigger.enabled = true (custom)
2019-08-22 11:56:55,739 [pool-382-thread-1] INFO  server.RaftServerConfigKeys (ConfUtils.java:logGet(43)) - raft.server.snapshot.auto.trigger.threshold = 10000 (custom)
2019-08-22 11:56:55,739 [pool-382-thread-1] INFO  server.RaftServerConfigKeys (ConfUtils.java:logGet(43)) - raft.server.retrycache.expirytime = 600000ms (custom)
2019-08-22 11:56:55,739 [pool-382-thread-1] INFO  impl.RaftServerImpl (RaftServerImpl.java:start(180)) - 487af136-47a9-41f1-9b09-061295d8b4c4: start group-1A00EE8A528E
2019-08-22 11:56:55,739 [pool-382-thread-1] INFO  impl.RaftServerImpl (RaftServerImpl.java:setRole(171)) - 487af136-47a9-41f1-9b09-061295d8b4c4:group-1A00EE8A528E changes role from null to FOLLOWER at term 0 for startAsFollower
2019-08-22 11:56:55,740 [pool-382-thread-1] INFO  impl.RoleInfo (RoleInfo.java:updateAndGet(143)) - 487af136-47a9-41f1-9b09-061295d8b4c4: start FollowerState
2019-08-22 11:56:55,740 [pool-382-thread-1] INFO  util.JmxRegister (JmxRegister.java:tryRegister(44)) - Successfully registered JMX Bean with object name Ratis:service=RaftServer,group=group-1A00EE8A528E,id=487af136-47a9-41f1-9b09-061295d8b4c4
2019-08-22 11:56:55,743 [RatisPipelineUtilsThread] INFO  pipeline.PipelineStateManager (PipelineStateManager.java:addPipeline(56)) - Created pipeline Pipeline[ Id: 8fac4d23-16fe-4733-aae7-1a00ee8a528e, Nodes: 487af136-47a9-41f1-9b09-061295d8b4c4{ip: 192.168.5.135, host: pr-hdds-1981-gl9jh-3406769118, networkLocation: /default-rack, certSerialId: null}, Type:RATIS, Factor:ONE, State:OPEN]
2019-08-22 11:56:55,903 | INFO  | SCMAudit | user=jenkins1000 | ip=192.168.5.135 | op=SEND_HEARTBEAT {datanodeUUID=81358f04-b55e-4661-8083-492e8c5539a7, command=[]} | ret=SUCCESS |  
2019-08-22 11:56:56,117 | INFO  | SCMAudit | user=jenkins1000 | ip=192.168.5.135 | op=SEND_HEARTBEAT {datanodeUUID=ac50c3b2-b81f-4c0a-b4fe-860d2c902727, command=[]} | ret=SUCCESS |  
2019-08-22 11:56:56,266 | INFO  | SCMAudit | user=jenkins1000 | ip=192.168.5.135 | op=SEND_HEARTBEAT {datanodeUUID=c2ff41bc-5475-4ec0-aa3a-f40fe56d194e, command=[]} | ret=SUCCESS |  
2019-08-22 11:56:56,353 | INFO  | SCMAudit | user=jenkins1000 | ip=192.168.5.135 | op=SEND_HEARTBEAT {datanodeUUID=5baf14f9-106a-4ced-9d22-c6d3b1d04d0e, command=[]} | ret=SUCCESS |  
2019-08-22 11:56:56,375 | INFO  | SCMAudit | user=jenkins1000 | ip=192.168.5.135 | op=SEND_HEARTBEAT {datanodeUUID=8085255e-7a41-426f-b0e8-2d5555c5b7b9, command=[]} | ret=SUCCESS |  
2019-08-22 11:56:56,464 | INFO  | SCMAudit | user=jenkins1000 | ip=192.168.5.135 | op=SEND_HEARTBEAT {datanodeUUID=9b0e54da-58f3-4b2f-aec1-b0a4cb1efbe1, command=[]} | ret=SUCCESS |  
2019-08-22 11:56:56,570 | INFO  | SCMAudit | user=jenkins1000 | ip=192.168.5.135 | op=SEND_HEARTBEAT {datanodeUUID=8c07d121-2c0d-4967-83b1-bdc1bfd445f6, command=[]} | ret=SUCCESS |  
2019-08-22 11:56:56,589 | INFO  | SCMAudit | user=jenkins1000 | ip=192.168.5.135 | op=SEND_HEARTBEAT {datanodeUUID=3bb875ee-c081-4eb6-9788-aa0c436bb6c2, command=[]} | ret=SUCCESS |  
2019-08-22 11:56:56,669 [main] INFO  ozone.MiniOzoneClusterImpl (MiniOzoneClusterImpl.java:lambda$waitForClusterToBeReady$0(142)) - Cluster is ready. Got 7 of 7 DN Heartbeats.
2019-08-22 11:56:56,730 [main] INFO  rpc.RpcClient (RpcClient.java:createVolume(292)) - Creating Volume: watchforcommithandlingtest, with jenkins1000 as owner.
2019-08-22 11:56:56,732 | INFO  | OMAudit | user=jenkins1000 | ip=127.0.0.1 | op=CREATE_VOLUME {admin=jenkins1000, owner=jenkins1000, volume=watchforcommithandlingtest, creationTime=1566475016732, quotaInBytes=1152921504606846976} | ret=SUCCESS |  
2019-08-22 11:56:56,736 | INFO  | SCMAudit | user=jenkins1000 | ip=192.168.5.135 | op=SEND_HEARTBEAT {datanodeUUID=4a9862d5-694b-4c7d-b652-1fb8ddcfc588, command=[]} | ret=SUCCESS |  
2019-08-22 11:56:56,749 | INFO  | OMAudit | user=jenkins1000 | ip=127.0.0.1 | op=READ_VOLUME {volume=watchforcommithandlingtest} | ret=SUCCESS |  
2019-08-22 11:56:56,750 [main] INFO  rpc.RpcClient (RpcClient.java:createBucket(431)) - Creating Bucket: watchforcommithandlingtest/watchforcommithandlingtest, with Versioning false and Storage Type set to DISK and Encryption set to false 
2019-08-22 11:56:56,755 | INFO  | OMAudit | user=jenkins1000 | ip=127.0.0.1 | op=CREATE_BUCKET {volume=watchforcommithandlingtest, bucket=watchforcommithandlingtest, acls=[user:jenkins1000:a[ACCESS], group:default:a[ACCESS]], isVersionEnabled=false, storageType=DISK, creationTime=0} | ret=SUCCESS |  
2019-08-22 11:56:56,756 [main] INFO  ozone.MiniOzoneClusterImpl (MiniOzoneClusterImpl.java:getStorageContainerLocationClient(241)) - Creating StorageContainerLocationProtocol RPC client with address /0.0.0.0:34238
2019-08-22 11:56:56,786 [grpc-default-executor-1] INFO  client.GrpcClientProtocolClient (GrpcClientProtocolClient.java:onNext(255)) - client-ED44A0F3F27E->3bb875ee-c081-4eb6-9788-aa0c436bb6c2: receive RaftClientReply:client-ED44A0F3F27E->3bb875ee-c081-4eb6-9788-aa0c436bb6c2@group-67E69CFC7137, cid=79, FAILED org.apache.ratis.protocol.NotLeaderException: Server 3bb875ee-c081-4eb6-9788-aa0c436bb6c2 is not the leader (null). Request must be sent to leader., logIndex=0, commits[3bb875ee-c081-4eb6-9788-aa0c436bb6c2:c-1]
2019-08-22 11:56:56,799 | INFO  | SCMAudit | user=jenkins1000 | ip=192.168.5.135 | op=SEND_HEARTBEAT {datanodeUUID=88458bba-7d36-4308-81a2-94c77140fafa, command=[]} | ret=SUCCESS |  
2019-08-22 11:56:56,902 | INFO  | SCMAudit | user=jenkins1000 | ip=192.168.5.135 | op=SEND_HEARTBEAT {datanodeUUID=81358f04-b55e-4661-8083-492e8c5539a7, command=[]} | ret=SUCCESS |  
2019-08-22 11:56:57,018 | INFO  | SCMAudit | user=jenkins1000 | ip=192.168.5.135 | op=SEND_HEARTBEAT {datanodeUUID=1b7f7b5c-de1e-4a62-bdb1-87985564f9c2, command=[]} | ret=SUCCESS |  
2019-08-22 11:56:57,117 | INFO  | SCMAudit | user=jenkins1000 | ip=192.168.5.135 | op=SEND_HEARTBEAT {datanodeUUID=ac50c3b2-b81f-4c0a-b4fe-860d2c902727, command=[]} | ret=SUCCESS |  
2019-08-22 11:56:57,245 | INFO  | SCMAudit | user=jenkins1000 | ip=192.168.5.135 | op=SEND_HEARTBEAT {datanodeUUID=48b68c1b-b5ca-4998-b78e-17784c718845, command=[]} | ret=SUCCESS |  
2019-08-22 11:56:57,266 | INFO  | SCMAudit | user=jenkins1000 | ip=192.168.5.135 | op=SEND_HEARTBEAT {datanodeUUID=c2ff41bc-5475-4ec0-aa3a-f40fe56d194e, command=[]} | ret=SUCCESS |  
2019-08-22 11:56:57,354 | INFO  | SCMAudit | user=jenkins1000 | ip=192.168.5.135 | op=SEND_HEARTBEAT {datanodeUUID=5baf14f9-106a-4ced-9d22-c6d3b1d04d0e, command=[]} | ret=SUCCESS |  
2019-08-22 11:56:57,370 [Thread-1956] INFO  container.ReplicationManager (ReplicationManager.java:start(152)) - Starting Replication Monitor Thread.
2019-08-22 11:56:57,377 [ReplicationMonitor] INFO  container.ReplicationManager (ReplicationManager.java:run(215)) - Replication Monitor Thread took 1 milliseconds for processing 1 containers.
2019-08-22 11:56:57,377 | INFO  | SCMAudit | user=jenkins1000 | ip=192.168.5.135 | op=SEND_HEARTBEAT {datanodeUUID=8085255e-7a41-426f-b0e8-2d5555c5b7b9, command=[]} | ret=SUCCESS |  
2019-08-22 11:56:57,464 | INFO  | SCMAudit | user=jenkins1000 | ip=192.168.5.135 | op=SEND_HEARTBEAT {datanodeUUID=9b0e54da-58f3-4b2f-aec1-b0a4cb1efbe1, command=[]} | ret=SUCCESS |  
2019-08-22 11:56:57,490 | INFO  | SCMAudit | user=jenkins1000 | ip=192.168.5.135 | op=SEND_HEARTBEAT {datanodeUUID=9ce04167-a631-4fac-8473-c8323544e086, command=[]} | ret=SUCCESS |  
2019-08-22 11:56:57,570 | INFO  | SCMAudit | user=jenkins1000 | ip=192.168.5.135 | op=SEND_HEARTBEAT {datanodeUUID=8c07d121-2c0d-4967-83b1-bdc1bfd445f6, command=[]} | ret=SUCCESS |  
2019-08-22 11:56:57,588 | INFO  | SCMAudit | user=jenkins1000 | ip=192.168.5.135 | op=SEND_HEARTBEAT {datanodeUUID=3bb875ee-c081-4eb6-9788-aa0c436bb6c2, command=[]} | ret=SUCCESS |  
2019-08-22 11:56:57,668 | INFO  | SCMAudit | user=jenkins1000 | ip=192.168.5.135 | op=SEND_HEARTBEAT {datanodeUUID=487af136-47a9-41f1-9b09-061295d8b4c4, command=[]} | ret=SUCCESS |  
2019-08-22 11:56:57,734 | INFO  | SCMAudit | user=jenkins1000 | ip=192.168.5.135 | op=SEND_HEARTBEAT {datanodeUUID=4a9862d5-694b-4c7d-b652-1fb8ddcfc588, command=[]} | ret=SUCCESS |  
2019-08-22 11:56:57,800 | INFO  | SCMAudit | user=jenkins1000 | ip=192.168.5.135 | op=SEND_HEARTBEAT {datanodeUUID=88458bba-7d36-4308-81a2-94c77140fafa, command=[]} | ret=SUCCESS |  
2019-08-22 11:56:57,808 [grpc-default-executor-1] INFO  client.GrpcClientProtocolClient (GrpcClientProtocolClient.java:onNext(255)) - client-ED44A0F3F27E->88458bba-7d36-4308-81a2-94c77140fafa: receive RaftClientReply:client-ED44A0F3F27E->88458bba-7d36-4308-81a2-94c77140fafa@group-67E69CFC7137, cid=79, FAILED org.apache.ratis.protocol.NotLeaderException: Server 88458bba-7d36-4308-81a2-94c77140fafa is not the leader (null). Request must be sent to leader., logIndex=0, commits[88458bba-7d36-4308-81a2-94c77140fafa:c-1]
2019-08-22 11:56:57,902 | INFO  | SCMAudit | user=jenkins1000 | ip=192.168.5.135 | op=SEND_HEARTBEAT {datanodeUUID=81358f04-b55e-4661-8083-492e8c5539a7, command=[]} | ret=SUCCESS |  
2019-08-22 11:56:58,018 | INFO  | SCMAudit | user=jenkins1000 | ip=192.168.5.135 | op=SEND_HEARTBEAT {datanodeUUID=1b7f7b5c-de1e-4a62-bdb1-87985564f9c2, command=[]} | ret=SUCCESS |  
2019-08-22 11:56:58,118 | INFO  | SCMAudit | user=jenkins1000 | ip=192.168.5.135 | op=SEND_HEARTBEAT {datanodeUUID=ac50c3b2-b81f-4c0a-b4fe-860d2c902727, command=[]} | ret=SUCCESS |  
2019-08-22 11:56:58,245 | INFO  | SCMAudit | user=jenkins1000 | ip=192.168.5.135 | op=SEND_HEARTBEAT {datanodeUUID=48b68c1b-b5ca-4998-b78e-17784c718845, command=[]} | ret=SUCCESS |  
2019-08-22 11:56:58,266 | INFO  | SCMAudit | user=jenkins1000 | ip=192.168.5.135 | op=SEND_HEARTBEAT {datanodeUUID=c2ff41bc-5475-4ec0-aa3a-f40fe56d194e, command=[]} | ret=SUCCESS |  
2019-08-22 11:56:58,354 | INFO  | SCMAudit | user=jenkins1000 | ip=192.168.5.135 | op=SEND_HEARTBEAT {datanodeUUID=5baf14f9-106a-4ced-9d22-c6d3b1d04d0e, command=[]} | ret=SUCCESS |  
2019-08-22 11:56:58,378 | INFO  | SCMAudit | user=jenkins1000 | ip=192.168.5.135 | op=SEND_HEARTBEAT {datanodeUUID=8085255e-7a41-426f-b0e8-2d5555c5b7b9, command=[]} | ret=SUCCESS |  
2019-08-22 11:56:58,464 | INFO  | SCMAudit | user=jenkins1000 | ip=192.168.5.135 | op=SEND_HEARTBEAT {datanodeUUID=9b0e54da-58f3-4b2f-aec1-b0a4cb1efbe1, command=[]} | ret=SUCCESS |  
2019-08-22 11:56:58,490 | INFO  | SCMAudit | user=jenkins1000 | ip=192.168.5.135 | op=SEND_HEARTBEAT {datanodeUUID=9ce04167-a631-4fac-8473-c8323544e086, command=[]} | ret=SUCCESS |  
2019-08-22 11:56:58,570 | INFO  | SCMAudit | user=jenkins1000 | ip=192.168.5.135 | op=SEND_HEARTBEAT {datanodeUUID=8c07d121-2c0d-4967-83b1-bdc1bfd445f6, command=[]} | ret=SUCCESS |  
2019-08-22 11:56:58,588 | INFO  | SCMAudit | user=jenkins1000 | ip=192.168.5.135 | op=SEND_HEARTBEAT {datanodeUUID=3bb875ee-c081-4eb6-9788-aa0c436bb6c2, command=[]} | ret=SUCCESS |  
2019-08-22 11:56:58,668 | INFO  | SCMAudit | user=jenkins1000 | ip=192.168.5.135 | op=SEND_HEARTBEAT {datanodeUUID=487af136-47a9-41f1-9b09-061295d8b4c4, command=[]} | ret=SUCCESS |  
2019-08-22 11:56:58,734 | INFO  | SCMAudit | user=jenkins1000 | ip=192.168.5.135 | op=SEND_HEARTBEAT {datanodeUUID=4a9862d5-694b-4c7d-b652-1fb8ddcfc588, command=[]} | ret=SUCCESS |  
2019-08-22 11:56:58,800 | INFO  | SCMAudit | user=jenkins1000 | ip=192.168.5.135 | op=SEND_HEARTBEAT {datanodeUUID=88458bba-7d36-4308-81a2-94c77140fafa, command=[]} | ret=SUCCESS |  
2019-08-22 11:56:58,833 [grpc-default-executor-7] INFO  client.GrpcClientProtocolClient (GrpcClientProtocolClient.java:onNext(255)) - client-ED44A0F3F27E->3bb875ee-c081-4eb6-9788-aa0c436bb6c2: receive RaftClientReply:client-ED44A0F3F27E->3bb875ee-c081-4eb6-9788-aa0c436bb6c2@group-67E69CFC7137, cid=79, FAILED org.apache.ratis.protocol.NotLeaderException: Server 3bb875ee-c081-4eb6-9788-aa0c436bb6c2 is not the leader (null). Request must be sent to leader., logIndex=0, commits[3bb875ee-c081-4eb6-9788-aa0c436bb6c2:c-1]
2019-08-22 11:56:58,902 | INFO  | SCMAudit | user=jenkins1000 | ip=192.168.5.135 | op=SEND_HEARTBEAT {datanodeUUID=81358f04-b55e-4661-8083-492e8c5539a7, command=[]} | ret=SUCCESS |  
2019-08-22 11:56:59,018 | INFO  | SCMAudit | user=jenkins1000 | ip=192.168.5.135 | op=SEND_HEARTBEAT {datanodeUUID=1b7f7b5c-de1e-4a62-bdb1-87985564f9c2, command=[]} | ret=SUCCESS |  
2019-08-22 11:56:59,118 | INFO  | SCMAudit | user=jenkins1000 | ip=192.168.5.135 | op=SEND_HEARTBEAT {datanodeUUID=ac50c3b2-b81f-4c0a-b4fe-860d2c902727, command=[]} | ret=SUCCESS |  
2019-08-22 11:56:59,246 | INFO  | SCMAudit | user=jenkins1000 | ip=192.168.5.135 | op=SEND_HEARTBEAT {datanodeUUID=48b68c1b-b5ca-4998-b78e-17784c718845, command=[]} | ret=SUCCESS |  
2019-08-22 11:56:59,266 | INFO  | SCMAudit | user=jenkins1000 | ip=192.168.5.135 | op=SEND_HEARTBEAT {datanodeUUID=c2ff41bc-5475-4ec0-aa3a-f40fe56d194e, command=[]} | ret=SUCCESS |  
2019-08-22 11:56:59,354 | INFO  | SCMAudit | user=jenkins1000 | ip=192.168.5.135 | op=SEND_HEARTBEAT {datanodeUUID=5baf14f9-106a-4ced-9d22-c6d3b1d04d0e, command=[]} | ret=SUCCESS |  
2019-08-22 11:56:59,378 | INFO  | SCMAudit | user=jenkins1000 | ip=192.168.5.135 | op=SEND_HEARTBEAT {datanodeUUID=8085255e-7a41-426f-b0e8-2d5555c5b7b9, command=[]} | ret=SUCCESS |  
2019-08-22 11:56:59,465 | INFO  | SCMAudit | user=jenkins1000 | ip=192.168.5.135 | op=SEND_HEARTBEAT {datanodeUUID=9b0e54da-58f3-4b2f-aec1-b0a4cb1efbe1, command=[]} | ret=SUCCESS |  
2019-08-22 11:56:59,489 [Thread-1958] INFO  impl.FollowerState (FollowerState.java:run(106)) - 5baf14f9-106a-4ced-9d22-c6d3b1d04d0e:group-384B027BFBB8 changes to CANDIDATE, lastRpcTime:5076, electionTimeout:5076ms
2019-08-22 11:56:59,490 [Thread-1958] INFO  impl.RoleInfo (RoleInfo.java:shutdownFollowerState(121)) - 5baf14f9-106a-4ced-9d22-c6d3b1d04d0e: shutdown FollowerState
2019-08-22 11:56:59,490 [Thread-1958] INFO  impl.RaftServerImpl (RaftServerImpl.java:setRole(171)) - 5baf14f9-106a-4ced-9d22-c6d3b1d04d0e:group-384B027BFBB8 changes role from FOLLOWER to CANDIDATE at term 0 for changeToCandidate
2019-08-22 11:56:59,490 [Thread-1958] INFO  impl.RoleInfo (RoleInfo.java:updateAndGet(143)) - 5baf14f9-106a-4ced-9d22-c6d3b1d04d0e: start LeaderElection
2019-08-22 11:56:59,504 | INFO  | SCMAudit | user=jenkins1000 | ip=192.168.5.135 | op=SEND_HEARTBEAT {datanodeUUID=9ce04167-a631-4fac-8473-c8323544e086, command=[]} | ret=SUCCESS |  
2019-08-22 11:56:59,531 [5baf14f9-106a-4ced-9d22-c6d3b1d04d0e:group-384B027BFBB8:LeaderElection67] INFO  impl.LeaderElection (LeaderElection.java:askForVotes(181)) - 5baf14f9-106a-4ced-9d22-c6d3b1d04d0e:group-384B027BFBB8:LeaderElection67: begin an election at term 1 for -1: [5baf14f9-106a-4ced-9d22-c6d3b1d04d0e:192.168.5.135:35459], old=null
2019-08-22 11:56:59,531 [5baf14f9-106a-4ced-9d22-c6d3b1d04d0e:group-384B027BFBB8:LeaderElection67] INFO  impl.RoleInfo (RoleInfo.java:shutdownLeaderElection(134)) - 5baf14f9-106a-4ced-9d22-c6d3b1d04d0e: shutdown LeaderElection
2019-08-22 11:56:59,531 [5baf14f9-106a-4ced-9d22-c6d3b1d04d0e:group-384B027BFBB8:LeaderElection67] INFO  impl.RaftServerImpl (RaftServerImpl.java:setRole(171)) - 5baf14f9-106a-4ced-9d22-c6d3b1d04d0e:group-384B027BFBB8 changes role from CANDIDATE to LEADER at term 1 for changeToLeader
2019-08-22 11:56:59,531 [5baf14f9-106a-4ced-9d22-c6d3b1d04d0e:group-384B027BFBB8:LeaderElection67] INFO  impl.RaftServerImpl (ServerState.java:setLeader(263)) - 5baf14f9-106a-4ced-9d22-c6d3b1d04d0e:group-384B027BFBB8 change Leader from null to 5baf14f9-106a-4ced-9d22-c6d3b1d04d0e at term 1 for becomeLeader, leader elected after 5122ms
2019-08-22 11:56:59,531 [5baf14f9-106a-4ced-9d22-c6d3b1d04d0e:group-384B027BFBB8:LeaderElection67] INFO  server.RaftServerConfigKeys (ConfUtils.java:logGet(43)) - raft.server.staging.catchup.gap = 1000 (default)
2019-08-22 11:56:59,531 [5baf14f9-106a-4ced-9d22-c6d3b1d04d0e:group-384B027BFBB8:LeaderElection67] INFO  server.RaftServerConfigKeys (ConfUtils.java:logGet(43)) - raft.server.rpc.sleep.time = 25ms (default)
2019-08-22 11:56:59,532 [5baf14f9-106a-4ced-9d22-c6d3b1d04d0e:group-384B027BFBB8:LeaderElection67] INFO  server.RaftServerConfigKeys (ConfUtils.java:logGet(43)) - raft.server.write.element-limit = 4096 (default)
2019-08-22 11:56:59,532 [5baf14f9-106a-4ced-9d22-c6d3b1d04d0e:group-384B027BFBB8:LeaderElection67] INFO  server.RaftServerConfigKeys (ConfUtils.java:logGet(43)) - raft.server.watch.timeout = 10s (default)
2019-08-22 11:56:59,532 [5baf14f9-106a-4ced-9d22-c6d3b1d04d0e:group-384B027BFBB8:LeaderElection67] INFO  server.RaftServerConfigKeys (ConfUtils.java:logGet(43)) - raft.server.watch.timeout.denomination = 1s (default)
2019-08-22 11:56:59,532 [5baf14f9-106a-4ced-9d22-c6d3b1d04d0e:group-384B027BFBB8:LeaderElection67] INFO  server.RaftServerConfigKeys (ConfUtils.java:logGet(43)) - raft.server.watch.element-limit = 65536 (default)
2019-08-22 11:56:59,532 [5baf14f9-106a-4ced-9d22-c6d3b1d04d0e:group-384B027BFBB8:LeaderElection67] INFO  impl.RoleInfo (RoleInfo.java:updateAndGet(143)) - 5baf14f9-106a-4ced-9d22-c6d3b1d04d0e: start LeaderState
2019-08-22 11:56:59,533 [5baf14f9-106a-4ced-9d22-c6d3b1d04d0e:group-384B027BFBB8:LeaderElection67] INFO  segmented.SegmentedRaftLogWorker (SegmentedRaftLogWorker.java:startLogSegment(380)) - 5baf14f9-106a-4ced-9d22-c6d3b1d04d0e-SegmentedRaftLogWorker:Storage Directory /workdir/hadoop-ozone/integration-test/target/test-dir/MiniOzoneClusterImpl-8e457fc4-2fe2-4844-8b87-d385df915f48/datanode-0/data/ratis/9ecb8cad-9326-420f-a68f-384b027bfbb8: Starting segment from index:0
2019-08-22 11:56:59,533 [5baf14f9-106a-4ced-9d22-c6d3b1d04d0e:group-384B027BFBB8:LeaderElection67] INFO  impl.RaftServerImpl (ServerState.java:setRaftConf(361)) - 5baf14f9-106a-4ced-9d22-c6d3b1d04d0e:group-384B027BFBB8 set configuration 0: [5baf14f9-106a-4ced-9d22-c6d3b1d04d0e:192.168.5.135:35459], old=null at 0
2019-08-22 11:56:59,570 | INFO  | SCMAudit | user=jenkins1000 | ip=192.168.5.135 | op=SEND_HEARTBEAT {datanodeUUID=8c07d121-2c0d-4967-83b1-bdc1bfd445f6, command=[]} | ret=SUCCESS |  
2019-08-22 11:56:59,579 [5baf14f9-106a-4ced-9d22-c6d3b1d04d0e-SegmentedRaftLogWorker:Storage Directory /workdir/hadoop-ozone/integration-test/target/test-dir/MiniOzoneClusterImpl-8e457fc4-2fe2-4844-8b87-d385df915f48/datanode-0/data/ratis/9ecb8cad-9326-420f-a68f-384b027bfbb8] INFO  segmented.SegmentedRaftLogWorker (SegmentedRaftLogWorker.java:execute(569)) - 5baf14f9-106a-4ced-9d22-c6d3b1d04d0e-SegmentedRaftLogWorker:Storage Directory /workdir/hadoop-ozone/integration-test/target/test-dir/MiniOzoneClusterImpl-8e457fc4-2fe2-4844-8b87-d385df915f48/datanode-0/data/ratis/9ecb8cad-9326-420f-a68f-384b027bfbb8: created new log segment /workdir/hadoop-ozone/integration-test/target/test-dir/MiniOzoneClusterImpl-8e457fc4-2fe2-4844-8b87-d385df915f48/datanode-0/data/ratis/9ecb8cad-9326-420f-a68f-384b027bfbb8/current/log_inprogress_0
2019-08-22 11:56:59,588 | INFO  | SCMAudit | user=jenkins1000 | ip=192.168.5.135 | op=SEND_HEARTBEAT {datanodeUUID=3bb875ee-c081-4eb6-9788-aa0c436bb6c2, command=[]} | ret=SUCCESS |  
2019-08-22 11:56:59,668 | INFO  | SCMAudit | user=jenkins1000 | ip=192.168.5.135 | op=SEND_HEARTBEAT {datanodeUUID=487af136-47a9-41f1-9b09-061295d8b4c4, command=[]} | ret=SUCCESS |  
2019-08-22 11:56:59,690 [Thread-1965] INFO  impl.FollowerState (FollowerState.java:run(106)) - 3bb875ee-c081-4eb6-9788-aa0c436bb6c2:group-7E9223A48F7B changes to CANDIDATE, lastRpcTime:5054, electionTimeout:5054ms
2019-08-22 11:56:59,690 [Thread-1965] INFO  impl.RoleInfo (RoleInfo.java:shutdownFollowerState(121)) - 3bb875ee-c081-4eb6-9788-aa0c436bb6c2: shutdown FollowerState
2019-08-22 11:56:59,690 [Thread-1965] INFO  impl.RaftServerImpl (RaftServerImpl.java:setRole(171)) - 3bb875ee-c081-4eb6-9788-aa0c436bb6c2:group-7E9223A48F7B changes role from FOLLOWER to CANDIDATE at term 0 for changeToCandidate
2019-08-22 11:56:59,691 [Thread-1965] INFO  impl.RoleInfo (RoleInfo.java:updateAndGet(143)) - 3bb875ee-c081-4eb6-9788-aa0c436bb6c2: start LeaderElection
2019-08-22 11:56:59,718 [3bb875ee-c081-4eb6-9788-aa0c436bb6c2:group-7E9223A48F7B:LeaderElection68] INFO  impl.LeaderElection (LeaderElection.java:askForVotes(181)) - 3bb875ee-c081-4eb6-9788-aa0c436bb6c2:group-7E9223A48F7B:LeaderElection68: begin an election at term 1 for -1: [3bb875ee-c081-4eb6-9788-aa0c436bb6c2:192.168.5.135:37570], old=null
2019-08-22 11:56:59,718 [3bb875ee-c081-4eb6-9788-aa0c436bb6c2:group-7E9223A48F7B:LeaderElection68] INFO  impl.RoleInfo (RoleInfo.java:shutdownLeaderElection(134)) - 3bb875ee-c081-4eb6-9788-aa0c436bb6c2: shutdown LeaderElection
2019-08-22 11:56:59,718 [3bb875ee-c081-4eb6-9788-aa0c436bb6c2:group-7E9223A48F7B:LeaderElection68] INFO  impl.RaftServerImpl (RaftServerImpl.java:setRole(171)) - 3bb875ee-c081-4eb6-9788-aa0c436bb6c2:group-7E9223A48F7B changes role from CANDIDATE to LEADER at term 1 for changeToLeader
2019-08-22 11:56:59,718 [3bb875ee-c081-4eb6-9788-aa0c436bb6c2:group-7E9223A48F7B:LeaderElection68] INFO  impl.RaftServerImpl (ServerState.java:setLeader(263)) - 3bb875ee-c081-4eb6-9788-aa0c436bb6c2:group-7E9223A48F7B change Leader from null to 3bb875ee-c081-4eb6-9788-aa0c436bb6c2 at term 1 for becomeLeader, leader elected after 5087ms
2019-08-22 11:56:59,718 [3bb875ee-c081-4eb6-9788-aa0c436bb6c2:group-7E9223A48F7B:LeaderElection68] INFO  server.RaftServerConfigKeys (ConfUtils.java:logGet(43)) - raft.server.staging.catchup.gap = 1000 (default)
2019-08-22 11:56:59,719 [3bb875ee-c081-4eb6-9788-aa0c436bb6c2:group-7E9223A48F7B:LeaderElection68] INFO  server.RaftServerConfigKeys (ConfUtils.java:logGet(43)) - raft.server.rpc.sleep.time = 25ms (default)
2019-08-22 11:56:59,719 [3bb875ee-c081-4eb6-9788-aa0c436bb6c2:group-7E9223A48F7B:LeaderElection68] INFO  server.RaftServerConfigKeys (ConfUtils.java:logGet(43)) - raft.server.write.element-limit = 4096 (default)
2019-08-22 11:56:59,719 [3bb875ee-c081-4eb6-9788-aa0c436bb6c2:group-7E9223A48F7B:LeaderElection68] INFO  server.RaftServerConfigKeys (ConfUtils.java:logGet(43)) - raft.server.watch.timeout = 10s (default)
2019-08-22 11:56:59,719 [3bb875ee-c081-4eb6-9788-aa0c436bb6c2:group-7E9223A48F7B:LeaderElection68] INFO  server.RaftServerConfigKeys (ConfUtils.java:logGet(43)) - raft.server.watch.timeout.denomination = 1s (default)
2019-08-22 11:56:59,719 [3bb875ee-c081-4eb6-9788-aa0c436bb6c2:group-7E9223A48F7B:LeaderElection68] INFO  server.RaftServerConfigKeys (ConfUtils.java:logGet(43)) - raft.server.watch.element-limit = 65536 (default)
2019-08-22 11:56:59,720 [3bb875ee-c081-4eb6-9788-aa0c436bb6c2:group-7E9223A48F7B:LeaderElection68] INFO  impl.RoleInfo (RoleInfo.java:updateAndGet(143)) - 3bb875ee-c081-4eb6-9788-aa0c436bb6c2: start LeaderState
2019-08-22 11:56:59,720 [3bb875ee-c081-4eb6-9788-aa0c436bb6c2:group-7E9223A48F7B:LeaderElection68] INFO  segmented.SegmentedRaftLogWorker (SegmentedRaftLogWorker.java:startLogSegment(380)) - 3bb875ee-c081-4eb6-9788-aa0c436bb6c2-SegmentedRaftLogWorker:Storage Directory /workdir/hadoop-ozone/integration-test/target/test-dir/MiniOzoneClusterImpl-8e457fc4-2fe2-4844-8b87-d385df915f48/datanode-1/data/ratis/57c8860a-aa62-44c1-bf44-7e9223a48f7b: Starting segment from index:0
2019-08-22 11:56:59,720 [3bb875ee-c081-4eb6-9788-aa0c436bb6c2:group-7E9223A48F7B:LeaderElection68] INFO  impl.RaftServerImpl (ServerState.java:setRaftConf(361)) - 3bb875ee-c081-4eb6-9788-aa0c436bb6c2:group-7E9223A48F7B set configuration 0: [3bb875ee-c081-4eb6-9788-aa0c436bb6c2:192.168.5.135:37570], old=null at 0
2019-08-22 11:56:59,734 | INFO  | SCMAudit | user=jenkins1000 | ip=192.168.5.135 | op=SEND_HEARTBEAT {datanodeUUID=4a9862d5-694b-4c7d-b652-1fb8ddcfc588, command=[]} | ret=SUCCESS |  
2019-08-22 11:56:59,767 [3bb875ee-c081-4eb6-9788-aa0c436bb6c2-SegmentedRaftLogWorker:Storage Directory /workdir/hadoop-ozone/integration-test/target/test-dir/MiniOzoneClusterImpl-8e457fc4-2fe2-4844-8b87-d385df915f48/datanode-1/data/ratis/57c8860a-aa62-44c1-bf44-7e9223a48f7b] INFO  segmented.SegmentedRaftLogWorker (SegmentedRaftLogWorker.java:execute(569)) - 3bb875ee-c081-4eb6-9788-aa0c436bb6c2-SegmentedRaftLogWorker:Storage Directory /workdir/hadoop-ozone/integration-test/target/test-dir/MiniOzoneClusterImpl-8e457fc4-2fe2-4844-8b87-d385df915f48/datanode-1/data/ratis/57c8860a-aa62-44c1-bf44-7e9223a48f7b: created new log segment /workdir/hadoop-ozone/integration-test/target/test-dir/MiniOzoneClusterImpl-8e457fc4-2fe2-4844-8b87-d385df915f48/datanode-1/data/ratis/57c8860a-aa62-44c1-bf44-7e9223a48f7b/current/log_inprogress_0
2019-08-22 11:56:59,800 | INFO  | SCMAudit | user=jenkins1000 | ip=192.168.5.135 | op=SEND_HEARTBEAT {datanodeUUID=88458bba-7d36-4308-81a2-94c77140fafa, command=[]} | ret=SUCCESS |  
2019-08-22 11:56:59,847 [grpc-default-executor-1] INFO  client.GrpcClientProtocolClient (GrpcClientProtocolClient.java:onNext(255)) - client-ED44A0F3F27E->88458bba-7d36-4308-81a2-94c77140fafa: receive RaftClientReply:client-ED44A0F3F27E->88458bba-7d36-4308-81a2-94c77140fafa@group-67E69CFC7137, cid=79, FAILED org.apache.ratis.protocol.NotLeaderException: Server 88458bba-7d36-4308-81a2-94c77140fafa is not the leader (null). Request must be sent to leader., logIndex=0, commits[88458bba-7d36-4308-81a2-94c77140fafa:c-1]
2019-08-22 11:56:59,902 | INFO  | SCMAudit | user=jenkins1000 | ip=192.168.5.135 | op=SEND_HEARTBEAT {datanodeUUID=81358f04-b55e-4661-8083-492e8c5539a7, command=[]} | ret=SUCCESS |  
2019-08-22 11:57:00,018 | INFO  | SCMAudit | user=jenkins1000 | ip=192.168.5.135 | op=SEND_HEARTBEAT {datanodeUUID=1b7f7b5c-de1e-4a62-bdb1-87985564f9c2, command=[]} | ret=SUCCESS |  
2019-08-22 11:57:00,032 [Thread-1968] INFO  impl.FollowerState (FollowerState.java:run(106)) - 88458bba-7d36-4308-81a2-94c77140fafa:group-7E7FF3B46D04 changes to CANDIDATE, lastRpcTime:5173, electionTimeout:5173ms
2019-08-22 11:57:00,032 [Thread-1968] INFO  impl.RoleInfo (RoleInfo.java:shutdownFollowerState(121)) - 88458bba-7d36-4308-81a2-94c77140fafa: shutdown FollowerState
2019-08-22 11:57:00,032 [Thread-1968] INFO  impl.RaftServerImpl (RaftServerImpl.java:setRole(171)) - 88458bba-7d36-4308-81a2-94c77140fafa:group-7E7FF3B46D04 changes role from FOLLOWER to CANDIDATE at term 0 for changeToCandidate
2019-08-22 11:57:00,033 [Thread-1968] INFO  impl.RoleInfo (RoleInfo.java:updateAndGet(143)) - 88458bba-7d36-4308-81a2-94c77140fafa: start LeaderElection
2019-08-22 11:57:00,061 [88458bba-7d36-4308-81a2-94c77140fafa:group-7E7FF3B46D04:LeaderElection69] INFO  impl.LeaderElection (LeaderElection.java:askForVotes(181)) - 88458bba-7d36-4308-81a2-94c77140fafa:group-7E7FF3B46D04:LeaderElection69: begin an election at term 1 for -1: [88458bba-7d36-4308-81a2-94c77140fafa:192.168.5.135:43933], old=null
2019-08-22 11:57:00,062 [88458bba-7d36-4308-81a2-94c77140fafa:group-7E7FF3B46D04:LeaderElection69] INFO  impl.RoleInfo (RoleInfo.java:shutdownLeaderElection(134)) - 88458bba-7d36-4308-81a2-94c77140fafa: shutdown LeaderElection
2019-08-22 11:57:00,062 [88458bba-7d36-4308-81a2-94c77140fafa:group-7E7FF3B46D04:LeaderElection69] INFO  impl.RaftServerImpl (RaftServerImpl.java:setRole(171)) - 88458bba-7d36-4308-81a2-94c77140fafa:group-7E7FF3B46D04 changes role from CANDIDATE to LEADER at term 1 for changeToLeader
2019-08-22 11:57:00,062 [88458bba-7d36-4308-81a2-94c77140fafa:group-7E7FF3B46D04:LeaderElection69] INFO  impl.RaftServerImpl (ServerState.java:setLeader(263)) - 88458bba-7d36-4308-81a2-94c77140fafa:group-7E7FF3B46D04 change Leader from null to 88458bba-7d36-4308-81a2-94c77140fafa at term 1 for becomeLeader, leader elected after 5206ms
2019-08-22 11:57:00,062 [88458bba-7d36-4308-81a2-94c77140fafa:group-7E7FF3B46D04:LeaderElection69] INFO  server.RaftServerConfigKeys (ConfUtils.java:logGet(43)) - raft.server.staging.catchup.gap = 1000 (default)
2019-08-22 11:57:00,062 [88458bba-7d36-4308-81a2-94c77140fafa:group-7E7FF3B46D04:LeaderElection69] INFO  server.RaftServerConfigKeys (ConfUtils.java:logGet(43)) - raft.server.rpc.sleep.time = 25ms (default)
2019-08-22 11:57:00,062 [88458bba-7d36-4308-81a2-94c77140fafa:group-7E7FF3B46D04:LeaderElection69] INFO  server.RaftServerConfigKeys (ConfUtils.java:logGet(43)) - raft.server.write.element-limit = 4096 (default)
2019-08-22 11:57:00,062 [88458bba-7d36-4308-81a2-94c77140fafa:group-7E7FF3B46D04:LeaderElection69] INFO  server.RaftServerConfigKeys (ConfUtils.java:logGet(43)) - raft.server.watch.timeout = 10s (default)
2019-08-22 11:57:00,063 [88458bba-7d36-4308-81a2-94c77140fafa:group-7E7FF3B46D04:LeaderElection69] INFO  server.RaftServerConfigKeys (ConfUtils.java:logGet(43)) - raft.server.watch.timeout.denomination = 1s (default)
2019-08-22 11:57:00,063 [88458bba-7d36-4308-81a2-94c77140fafa:group-7E7FF3B46D04:LeaderElection69] INFO  server.RaftServerConfigKeys (ConfUtils.java:logGet(43)) - raft.server.watch.element-limit = 65536 (default)
2019-08-22 11:57:00,063 [88458bba-7d36-4308-81a2-94c77140fafa:group-7E7FF3B46D04:LeaderElection69] INFO  impl.RoleInfo (RoleInfo.java:updateAndGet(143)) - 88458bba-7d36-4308-81a2-94c77140fafa: start LeaderState
2019-08-22 11:57:00,063 [88458bba-7d36-4308-81a2-94c77140fafa:group-7E7FF3B46D04:LeaderElection69] INFO  segmented.SegmentedRaftLogWorker (SegmentedRaftLogWorker.java:startLogSegment(380)) - 88458bba-7d36-4308-81a2-94c77140fafa-SegmentedRaftLogWorker:Storage Directory /workdir/hadoop-ozone/integration-test/target/test-dir/MiniOzoneClusterImpl-8e457fc4-2fe2-4844-8b87-d385df915f48/datanode-2/data/ratis/470fba72-3b5a-4432-82d0-7e7ff3b46d04: Starting segment from index:0
2019-08-22 11:57:00,064 [88458bba-7d36-4308-81a2-94c77140fafa:group-7E7FF3B46D04:LeaderElection69] INFO  impl.RaftServerImpl (ServerState.java:setRaftConf(361)) - 88458bba-7d36-4308-81a2-94c77140fafa:group-7E7FF3B46D04 set configuration 0: [88458bba-7d36-4308-81a2-94c77140fafa:192.168.5.135:43933], old=null at 0
2019-08-22 11:57:00,090 [Thread-1975] INFO  impl.FollowerState (FollowerState.java:run(106)) - 5baf14f9-106a-4ced-9d22-c6d3b1d04d0e:group-67E69CFC7137 changes to CANDIDATE, lastRpcTime:5151, electionTimeout:5151ms
2019-08-22 11:57:00,090 [Thread-1975] INFO  impl.RoleInfo (RoleInfo.java:shutdownFollowerState(121)) - 5baf14f9-106a-4ced-9d22-c6d3b1d04d0e: shutdown FollowerState
2019-08-22 11:57:00,090 [Thread-1975] INFO  impl.RaftServerImpl (RaftServerImpl.java:setRole(171)) - 5baf14f9-106a-4ced-9d22-c6d3b1d04d0e:group-67E69CFC7137 changes role from FOLLOWER to CANDIDATE at term 0 for changeToCandidate
2019-08-22 11:57:00,090 [Thread-1975] INFO  impl.RoleInfo (RoleInfo.java:updateAndGet(143)) - 5baf14f9-106a-4ced-9d22-c6d3b1d04d0e: start LeaderElection
2019-08-22 11:57:00,112 [Thread-1976] INFO  impl.FollowerState (FollowerState.java:run(106)) - 3bb875ee-c081-4eb6-9788-aa0c436bb6c2:group-67E69CFC7137 changes to CANDIDATE, lastRpcTime:5173, electionTimeout:5173ms
2019-08-22 11:57:00,115 [Thread-1976] INFO  impl.RoleInfo (RoleInfo.java:shutdownFollowerState(121)) - 3bb875ee-c081-4eb6-9788-aa0c436bb6c2: shutdown FollowerState
2019-08-22 11:57:00,115 [Thread-1976] INFO  impl.RaftServerImpl (RaftServerImpl.java:setRole(171)) - 3bb875ee-c081-4eb6-9788-aa0c436bb6c2:group-67E69CFC7137 changes role from FOLLOWER to CANDIDATE at term 0 for changeToCandidate
2019-08-22 11:57:00,115 [Thread-1976] INFO  impl.RoleInfo (RoleInfo.java:updateAndGet(143)) - 3bb875ee-c081-4eb6-9788-aa0c436bb6c2: start LeaderElection
2019-08-22 11:57:00,123 [88458bba-7d36-4308-81a2-94c77140fafa-SegmentedRaftLogWorker:Storage Directory /workdir/hadoop-ozone/integration-test/target/test-dir/MiniOzoneClusterImpl-8e457fc4-2fe2-4844-8b87-d385df915f48/datanode-2/data/ratis/470fba72-3b5a-4432-82d0-7e7ff3b46d04] INFO  segmented.SegmentedRaftLogWorker (SegmentedRaftLogWorker.java:execute(569)) - 88458bba-7d36-4308-81a2-94c77140fafa-SegmentedRaftLogWorker:Storage Directory /workdir/hadoop-ozone/integration-test/target/test-dir/MiniOzoneClusterImpl-8e457fc4-2fe2-4844-8b87-d385df915f48/datanode-2/data/ratis/470fba72-3b5a-4432-82d0-7e7ff3b46d04: created new log segment /workdir/hadoop-ozone/integration-test/target/test-dir/MiniOzoneClusterImpl-8e457fc4-2fe2-4844-8b87-d385df915f48/datanode-2/data/ratis/470fba72-3b5a-4432-82d0-7e7ff3b46d04/current/log_inprogress_0
2019-08-22 11:57:00,124 | INFO  | SCMAudit | user=jenkins1000 | ip=192.168.5.135 | op=SEND_HEARTBEAT {datanodeUUID=ac50c3b2-b81f-4c0a-b4fe-860d2c902727, command=[]} | ret=SUCCESS |  
2019-08-22 11:57:00,128 [Thread-1971] INFO  impl.FollowerState (FollowerState.java:run(106)) - 88458bba-7d36-4308-81a2-94c77140fafa:group-67E69CFC7137 changes to CANDIDATE, lastRpcTime:5192, electionTimeout:5192ms
2019-08-22 11:57:00,128 [Thread-1971] INFO  impl.RoleInfo (RoleInfo.java:shutdownFollowerState(121)) - 88458bba-7d36-4308-81a2-94c77140fafa: shutdown FollowerState
2019-08-22 11:57:00,128 [Thread-1971] INFO  impl.RaftServerImpl (RaftServerImpl.java:setRole(171)) - 88458bba-7d36-4308-81a2-94c77140fafa:group-67E69CFC7137 changes role from FOLLOWER to CANDIDATE at term 0 for changeToCandidate
2019-08-22 11:57:00,128 [Thread-1971] INFO  impl.RoleInfo (RoleInfo.java:updateAndGet(143)) - 88458bba-7d36-4308-81a2-94c77140fafa: start LeaderElection
2019-08-22 11:57:00,136 [5baf14f9-106a-4ced-9d22-c6d3b1d04d0e:group-67E69CFC7137:LeaderElection70] INFO  impl.LeaderElection (LeaderElection.java:askForVotes(181)) - 5baf14f9-106a-4ced-9d22-c6d3b1d04d0e:group-67E69CFC7137:LeaderElection70: begin an election at term 1 for -1: [5baf14f9-106a-4ced-9d22-c6d3b1d04d0e:192.168.5.135:35459, 88458bba-7d36-4308-81a2-94c77140fafa:192.168.5.135:43933, 3bb875ee-c081-4eb6-9788-aa0c436bb6c2:192.168.5.135:37570], old=null
2019-08-22 11:57:00,136 [3bb875ee-c081-4eb6-9788-aa0c436bb6c2:group-67E69CFC7137:LeaderElection71] INFO  impl.LeaderElection (LeaderElection.java:askForVotes(181)) - 3bb875ee-c081-4eb6-9788-aa0c436bb6c2:group-67E69CFC7137:LeaderElection71: begin an election at term 1 for -1: [5baf14f9-106a-4ced-9d22-c6d3b1d04d0e:192.168.5.135:35459, 88458bba-7d36-4308-81a2-94c77140fafa:192.168.5.135:43933, 3bb875ee-c081-4eb6-9788-aa0c436bb6c2:192.168.5.135:37570], old=null
2019-08-22 11:57:00,138 [88458bba-7d36-4308-81a2-94c77140fafa:group-67E69CFC7137:LeaderElection72] INFO  impl.LeaderElection (LeaderElection.java:askForVotes(181)) - 88458bba-7d36-4308-81a2-94c77140fafa:group-67E69CFC7137:LeaderElection72: begin an election at term 1 for -1: [5baf14f9-106a-4ced-9d22-c6d3b1d04d0e:192.168.5.135:35459, 88458bba-7d36-4308-81a2-94c77140fafa:192.168.5.135:43933, 3bb875ee-c081-4eb6-9788-aa0c436bb6c2:192.168.5.135:37570], old=null
2019-08-22 11:57:00,143 [5baf14f9-106a-4ced-9d22-c6d3b1d04d0e:group-67E69CFC7137:LeaderElection70] INFO  impl.LeaderElection (LeaderElection.java:logAndReturn(56)) - 5baf14f9-106a-4ced-9d22-c6d3b1d04d0e:group-67E69CFC7137:LeaderElection70: Election REJECTED; received 2 response(s) [5baf14f9-106a-4ced-9d22-c6d3b1d04d0e<-88458bba-7d36-4308-81a2-94c77140fafa#0:FAIL-t1, 5baf14f9-106a-4ced-9d22-c6d3b1d04d0e<-3bb875ee-c081-4eb6-9788-aa0c436bb6c2#0:FAIL-t1] and 0 exception(s); 5baf14f9-106a-4ced-9d22-c6d3b1d04d0e:t1, leader=null, voted=5baf14f9-106a-4ced-9d22-c6d3b1d04d0e, raftlog=5baf14f9-106a-4ced-9d22-c6d3b1d04d0e-SegmentedRaftLog:OPENED:c-1,f-1,i0, conf=-1: [5baf14f9-106a-4ced-9d22-c6d3b1d04d0e:192.168.5.135:35459, 88458bba-7d36-4308-81a2-94c77140fafa:192.168.5.135:43933, 3bb875ee-c081-4eb6-9788-aa0c436bb6c2:192.168.5.135:37570], old=null
2019-08-22 11:57:00,143 [5baf14f9-106a-4ced-9d22-c6d3b1d04d0e:group-67E69CFC7137:LeaderElection70] INFO  impl.RaftServerImpl (RaftServerImpl.java:setRole(171)) - 5baf14f9-106a-4ced-9d22-c6d3b1d04d0e:group-67E69CFC7137 changes role from CANDIDATE to FOLLOWER at term 1 for DISCOVERED_A_NEW_TERM
2019-08-22 11:57:00,143 [5baf14f9-106a-4ced-9d22-c6d3b1d04d0e:group-67E69CFC7137:LeaderElection70] INFO  impl.RoleInfo (RoleInfo.java:shutdownLeaderElection(134)) - 5baf14f9-106a-4ced-9d22-c6d3b1d04d0e: shutdown LeaderElection
2019-08-22 11:57:00,143 [5baf14f9-106a-4ced-9d22-c6d3b1d04d0e:group-67E69CFC7137:LeaderElection70] INFO  impl.RoleInfo (RoleInfo.java:updateAndGet(143)) - 5baf14f9-106a-4ced-9d22-c6d3b1d04d0e: start FollowerState
2019-08-22 11:57:00,144 [3bb875ee-c081-4eb6-9788-aa0c436bb6c2:group-67E69CFC7137:LeaderElection71] INFO  impl.LeaderElection (LeaderElection.java:logAndReturn(56)) - 3bb875ee-c081-4eb6-9788-aa0c436bb6c2:group-67E69CFC7137:LeaderElection71: Election REJECTED; received 2 response(s) [3bb875ee-c081-4eb6-9788-aa0c436bb6c2<-5baf14f9-106a-4ced-9d22-c6d3b1d04d0e#0:FAIL-t1, 3bb875ee-c081-4eb6-9788-aa0c436bb6c2<-88458bba-7d36-4308-81a2-94c77140fafa#0:FAIL-t1] and 0 exception(s); 3bb875ee-c081-4eb6-9788-aa0c436bb6c2:t1, leader=null, voted=3bb875ee-c081-4eb6-9788-aa0c436bb6c2, raftlog=3bb875ee-c081-4eb6-9788-aa0c436bb6c2-SegmentedRaftLog:OPENED:c-1,f-1,i0, conf=-1: [5baf14f9-106a-4ced-9d22-c6d3b1d04d0e:192.168.5.135:35459, 88458bba-7d36-4308-81a2-94c77140fafa:192.168.5.135:43933, 3bb875ee-c081-4eb6-9788-aa0c436bb6c2:192.168.5.135:37570], old=null
2019-08-22 11:57:00,144 [88458bba-7d36-4308-81a2-94c77140fafa:group-67E69CFC7137:LeaderElection72] INFO  impl.LeaderElection (LeaderElection.java:logAndReturn(56)) - 88458bba-7d36-4308-81a2-94c77140fafa:group-67E69CFC7137:LeaderElection72: Election REJECTED; received 2 response(s) [88458bba-7d36-4308-81a2-94c77140fafa<-5baf14f9-106a-4ced-9d22-c6d3b1d04d0e#0:FAIL-t1, 88458bba-7d36-4308-81a2-94c77140fafa<-3bb875ee-c081-4eb6-9788-aa0c436bb6c2#0:FAIL-t1] and 0 exception(s); 88458bba-7d36-4308-81a2-94c77140fafa:t1, leader=null, voted=88458bba-7d36-4308-81a2-94c77140fafa, raftlog=88458bba-7d36-4308-81a2-94c77140fafa-SegmentedRaftLog:OPENED:c-1,f-1,i0, conf=-1: [5baf14f9-106a-4ced-9d22-c6d3b1d04d0e:192.168.5.135:35459, 88458bba-7d36-4308-81a2-94c77140fafa:192.168.5.135:43933, 3bb875ee-c081-4eb6-9788-aa0c436bb6c2:192.168.5.135:37570], old=null
2019-08-22 11:57:00,144 [3bb875ee-c081-4eb6-9788-aa0c436bb6c2:group-67E69CFC7137:LeaderElection71] INFO  impl.RaftServerImpl (RaftServerImpl.java:setRole(171)) - 3bb875ee-c081-4eb6-9788-aa0c436bb6c2:group-67E69CFC7137 changes role from CANDIDATE to FOLLOWER at term 1 for DISCOVERED_A_NEW_TERM
2019-08-22 11:57:00,144 [88458bba-7d36-4308-81a2-94c77140fafa:group-67E69CFC7137:LeaderElection72] INFO  impl.RaftServerImpl (RaftServerImpl.java:setRole(171)) - 88458bba-7d36-4308-81a2-94c77140fafa:group-67E69CFC7137 changes role from CANDIDATE to FOLLOWER at term 1 for DISCOVERED_A_NEW_TERM
2019-08-22 11:57:00,144 [3bb875ee-c081-4eb6-9788-aa0c436bb6c2:group-67E69CFC7137:LeaderElection71] INFO  impl.RoleInfo (RoleInfo.java:shutdownLeaderElection(134)) - 3bb875ee-c081-4eb6-9788-aa0c436bb6c2: shutdown LeaderElection
2019-08-22 11:57:00,144 [88458bba-7d36-4308-81a2-94c77140fafa:group-67E69CFC7137:LeaderElection72] INFO  impl.RoleInfo (RoleInfo.java:shutdownLeaderElection(134)) - 88458bba-7d36-4308-81a2-94c77140fafa: shutdown LeaderElection
2019-08-22 11:57:00,145 [3bb875ee-c081-4eb6-9788-aa0c436bb6c2:group-67E69CFC7137:LeaderElection71] INFO  impl.RoleInfo (RoleInfo.java:updateAndGet(143)) - 3bb875ee-c081-4eb6-9788-aa0c436bb6c2: start FollowerState
2019-08-22 11:57:00,145 [88458bba-7d36-4308-81a2-94c77140fafa:group-67E69CFC7137:LeaderElection72] INFO  impl.RoleInfo (RoleInfo.java:updateAndGet(143)) - 88458bba-7d36-4308-81a2-94c77140fafa: start FollowerState
2019-08-22 11:57:00,177 [Thread-1980] INFO  impl.FollowerState (FollowerState.java:run(106)) - 1b7f7b5c-de1e-4a62-bdb1-87985564f9c2:group-72BEDDA4C399 changes to CANDIDATE, lastRpcTime:5102, electionTimeout:5102ms
2019-08-22 11:57:00,178 [Thread-1980] INFO  impl.RoleInfo (RoleInfo.java:shutdownFollowerState(121)) - 1b7f7b5c-de1e-4a62-bdb1-87985564f9c2: shutdown FollowerState
2019-08-22 11:57:00,178 [Thread-1980] INFO  impl.RaftServerImpl (RaftServerImpl.java:setRole(171)) - 1b7f7b5c-de1e-4a62-bdb1-87985564f9c2:group-72BEDDA4C399 changes role from FOLLOWER to CANDIDATE at term 0 for changeToCandidate
2019-08-22 11:57:00,178 [Thread-1980] INFO  impl.RoleInfo (RoleInfo.java:updateAndGet(143)) - 1b7f7b5c-de1e-4a62-bdb1-87985564f9c2: start LeaderElection
2019-08-22 11:57:00,202 [1b7f7b5c-de1e-4a62-bdb1-87985564f9c2:group-72BEDDA4C399:LeaderElection73] INFO  impl.LeaderElection (LeaderElection.java:askForVotes(181)) - 1b7f7b5c-de1e-4a62-bdb1-87985564f9c2:group-72BEDDA4C399:LeaderElection73: begin an election at term 1 for -1: [1b7f7b5c-de1e-4a62-bdb1-87985564f9c2:192.168.5.135:43836], old=null
2019-08-22 11:57:00,202 [1b7f7b5c-de1e-4a62-bdb1-87985564f9c2:group-72BEDDA4C399:LeaderElection73] INFO  impl.RoleInfo (RoleInfo.java:shutdownLeaderElection(134)) - 1b7f7b5c-de1e-4a62-bdb1-87985564f9c2: shutdown LeaderElection
2019-08-22 11:57:00,203 [1b7f7b5c-de1e-4a62-bdb1-87985564f9c2:group-72BEDDA4C399:LeaderElection73] INFO  impl.RaftServerImpl (RaftServerImpl.java:setRole(171)) - 1b7f7b5c-de1e-4a62-bdb1-87985564f9c2:group-72BEDDA4C399 changes role from CANDIDATE to LEADER at term 1 for changeToLeader
2019-08-22 11:57:00,203 [1b7f7b5c-de1e-4a62-bdb1-87985564f9c2:group-72BEDDA4C399:LeaderElection73] INFO  impl.RaftServerImpl (ServerState.java:setLeader(263)) - 1b7f7b5c-de1e-4a62-bdb1-87985564f9c2:group-72BEDDA4C399 change Leader from null to 1b7f7b5c-de1e-4a62-bdb1-87985564f9c2 at term 1 for becomeLeader, leader elected after 5131ms
2019-08-22 11:57:00,203 [1b7f7b5c-de1e-4a62-bdb1-87985564f9c2:group-72BEDDA4C399:LeaderElection73] INFO  server.RaftServerConfigKeys (ConfUtils.java:logGet(43)) - raft.server.staging.catchup.gap = 1000 (default)
2019-08-22 11:57:00,203 [1b7f7b5c-de1e-4a62-bdb1-87985564f9c2:group-72BEDDA4C399:LeaderElection73] INFO  server.RaftServerConfigKeys (ConfUtils.java:logGet(43)) - raft.server.rpc.sleep.time = 25ms (default)
2019-08-22 11:57:00,203 [1b7f7b5c-de1e-4a62-bdb1-87985564f9c2:group-72BEDDA4C399:LeaderElection73] INFO  server.RaftServerConfigKeys (ConfUtils.java:logGet(43)) - raft.server.write.element-limit = 4096 (default)
2019-08-22 11:57:00,203 [1b7f7b5c-de1e-4a62-bdb1-87985564f9c2:group-72BEDDA4C399:LeaderElection73] INFO  server.RaftServerConfigKeys (ConfUtils.java:logGet(43)) - raft.server.watch.timeout = 10s (default)
2019-08-22 11:57:00,203 [1b7f7b5c-de1e-4a62-bdb1-87985564f9c2:group-72BEDDA4C399:LeaderElection73] INFO  server.RaftServerConfigKeys (ConfUtils.java:logGet(43)) - raft.server.watch.timeout.denomination = 1s (default)
2019-08-22 11:57:00,203 [1b7f7b5c-de1e-4a62-bdb1-87985564f9c2:group-72BEDDA4C399:LeaderElection73] INFO  server.RaftServerConfigKeys (ConfUtils.java:logGet(43)) - raft.server.watch.element-limit = 65536 (default)
2019-08-22 11:57:00,204 [1b7f7b5c-de1e-4a62-bdb1-87985564f9c2:group-72BEDDA4C399:LeaderElection73] INFO  impl.RoleInfo (RoleInfo.java:updateAndGet(143)) - 1b7f7b5c-de1e-4a62-bdb1-87985564f9c2: start LeaderState
2019-08-22 11:57:00,204 [1b7f7b5c-de1e-4a62-bdb1-87985564f9c2:group-72BEDDA4C399:LeaderElection73] INFO  segmented.SegmentedRaftLogWorker (SegmentedRaftLogWorker.java:startLogSegment(380)) - 1b7f7b5c-de1e-4a62-bdb1-87985564f9c2-SegmentedRaftLogWorker:Storage Directory /workdir/hadoop-ozone/integration-test/target/test-dir/MiniOzoneClusterImpl-8e457fc4-2fe2-4844-8b87-d385df915f48/datanode-3/data/ratis/9fff851b-cfd4-4479-a7e0-72bedda4c399: Starting segment from index:0
2019-08-22 11:57:00,204 [1b7f7b5c-de1e-4a62-bdb1-87985564f9c2:group-72BEDDA4C399:LeaderElection73] INFO  impl.RaftServerImpl (ServerState.java:setRaftConf(361)) - 1b7f7b5c-de1e-4a62-bdb1-87985564f9c2:group-72BEDDA4C399 set configuration 0: [1b7f7b5c-de1e-4a62-bdb1-87985564f9c2:192.168.5.135:43836], old=null at 0
2019-08-22 11:57:00,245 | INFO  | SCMAudit | user=jenkins1000 | ip=192.168.5.135 | op=SEND_HEARTBEAT {datanodeUUID=48b68c1b-b5ca-4998-b78e-17784c718845, command=[]} | ret=SUCCESS |  
2019-08-22 11:57:00,251 [1b7f7b5c-de1e-4a62-bdb1-87985564f9c2-SegmentedRaftLogWorker:Storage Directory /workdir/hadoop-ozone/integration-test/target/test-dir/MiniOzoneClusterImpl-8e457fc4-2fe2-4844-8b87-d385df915f48/datanode-3/data/ratis/9fff851b-cfd4-4479-a7e0-72bedda4c399] INFO  segmented.SegmentedRaftLogWorker (SegmentedRaftLogWorker.java:execute(569)) - 1b7f7b5c-de1e-4a62-bdb1-87985564f9c2-SegmentedRaftLogWorker:Storage Directory /workdir/hadoop-ozone/integration-test/target/test-dir/MiniOzoneClusterImpl-8e457fc4-2fe2-4844-8b87-d385df915f48/datanode-3/data/ratis/9fff851b-cfd4-4479-a7e0-72bedda4c399: created new log segment /workdir/hadoop-ozone/integration-test/target/test-dir/MiniOzoneClusterImpl-8e457fc4-2fe2-4844-8b87-d385df915f48/datanode-3/data/ratis/9fff851b-cfd4-4479-a7e0-72bedda4c399/current/log_inprogress_0
2019-08-22 11:57:00,267 | INFO  | SCMAudit | user=jenkins1000 | ip=192.168.5.135 | op=SEND_HEARTBEAT {datanodeUUID=c2ff41bc-5475-4ec0-aa3a-f40fe56d194e, command=[]} | ret=SUCCESS |  
2019-08-22 11:57:00,354 | INFO  | SCMAudit | user=jenkins1000 | ip=192.168.5.135 | op=SEND_HEARTBEAT {datanodeUUID=5baf14f9-106a-4ced-9d22-c6d3b1d04d0e, command=[]} | ret=SUCCESS |  
2019-08-22 11:57:00,378 | INFO  | SCMAudit | user=jenkins1000 | ip=192.168.5.135 | op=SEND_HEARTBEAT {datanodeUUID=8085255e-7a41-426f-b0e8-2d5555c5b7b9, command=[]} | ret=SUCCESS |  
2019-08-22 11:57:00,419 [Thread-1983] INFO  impl.FollowerState (FollowerState.java:run(106)) - 48b68c1b-b5ca-4998-b78e-17784c718845:group-D38D8A5F529F changes to CANDIDATE, lastRpcTime:5125, electionTimeout:5125ms
2019-08-22 11:57:00,419 [Thread-1983] INFO  impl.RoleInfo (RoleInfo.java:shutdownFollowerState(121)) - 48b68c1b-b5ca-4998-b78e-17784c718845: shutdown FollowerState
2019-08-22 11:57:00,419 [Thread-1983] INFO  impl.RaftServerImpl (RaftServerImpl.java:setRole(171)) - 48b68c1b-b5ca-4998-b78e-17784c718845:group-D38D8A5F529F changes role from FOLLOWER to CANDIDATE at term 0 for changeToCandidate
2019-08-22 11:57:00,419 [Thread-1983] INFO  impl.RoleInfo (RoleInfo.java:updateAndGet(143)) - 48b68c1b-b5ca-4998-b78e-17784c718845: start LeaderElection
2019-08-22 11:57:00,471 | INFO  | SCMAudit | user=jenkins1000 | ip=192.168.5.135 | op=SEND_HEARTBEAT {datanodeUUID=9b0e54da-58f3-4b2f-aec1-b0a4cb1efbe1, command=[]} | ret=SUCCESS |  
2019-08-22 11:57:00,483 [48b68c1b-b5ca-4998-b78e-17784c718845:group-D38D8A5F529F:LeaderElection74] INFO  impl.LeaderElection (LeaderElection.java:askForVotes(181)) - 48b68c1b-b5ca-4998-b78e-17784c718845:group-D38D8A5F529F:LeaderElection74: begin an election at term 1 for -1: [48b68c1b-b5ca-4998-b78e-17784c718845:192.168.5.135:41831], old=null
2019-08-22 11:57:00,483 [48b68c1b-b5ca-4998-b78e-17784c718845:group-D38D8A5F529F:LeaderElection74] INFO  impl.RoleInfo (RoleInfo.java:shutdownLeaderElection(134)) - 48b68c1b-b5ca-4998-b78e-17784c718845: shutdown LeaderElection
2019-08-22 11:57:00,483 [48b68c1b-b5ca-4998-b78e-17784c718845:group-D38D8A5F529F:LeaderElection74] INFO  impl.RaftServerImpl (RaftServerImpl.java:setRole(171)) - 48b68c1b-b5ca-4998-b78e-17784c718845:group-D38D8A5F529F changes role from CANDIDATE to LEADER at term 1 for changeToLeader
2019-08-22 11:57:00,483 [48b68c1b-b5ca-4998-b78e-17784c718845:group-D38D8A5F529F:LeaderElection74] INFO  impl.RaftServerImpl (ServerState.java:setLeader(263)) - 48b68c1b-b5ca-4998-b78e-17784c718845:group-D38D8A5F529F change Leader from null to 48b68c1b-b5ca-4998-b78e-17784c718845 at term 1 for becomeLeader, leader elected after 5193ms
2019-08-22 11:57:00,483 [48b68c1b-b5ca-4998-b78e-17784c718845:group-D38D8A5F529F:LeaderElection74] INFO  server.RaftServerConfigKeys (ConfUtils.java:logGet(43)) - raft.server.staging.catchup.gap = 1000 (default)
2019-08-22 11:57:00,484 [48b68c1b-b5ca-4998-b78e-17784c718845:group-D38D8A5F529F:LeaderElection74] INFO  server.RaftServerConfigKeys (ConfUtils.java:logGet(43)) - raft.server.rpc.sleep.time = 25ms (default)
2019-08-22 11:57:00,484 [48b68c1b-b5ca-4998-b78e-17784c718845:group-D38D8A5F529F:LeaderElection74] INFO  server.RaftServerConfigKeys (ConfUtils.java:logGet(43)) - raft.server.write.element-limit = 4096 (default)
2019-08-22 11:57:00,484 [48b68c1b-b5ca-4998-b78e-17784c718845:group-D38D8A5F529F:LeaderElection74] INFO  server.RaftServerConfigKeys (ConfUtils.java:logGet(43)) - raft.server.watch.timeout = 10s (default)
2019-08-22 11:57:00,484 [48b68c1b-b5ca-4998-b78e-17784c718845:group-D38D8A5F529F:LeaderElection74] INFO  server.RaftServerConfigKeys (ConfUtils.java:logGet(43)) - raft.server.watch.timeout.denomination = 1s (default)
2019-08-22 11:57:00,484 [48b68c1b-b5ca-4998-b78e-17784c718845:group-D38D8A5F529F:LeaderElection74] INFO  server.RaftServerConfigKeys (ConfUtils.java:logGet(43)) - raft.server.watch.element-limit = 65536 (default)
2019-08-22 11:57:00,484 [48b68c1b-b5ca-4998-b78e-17784c718845:group-D38D8A5F529F:LeaderElection74] INFO  impl.RoleInfo (RoleInfo.java:updateAndGet(143)) - 48b68c1b-b5ca-4998-b78e-17784c718845: start LeaderState
2019-08-22 11:57:00,485 [48b68c1b-b5ca-4998-b78e-17784c718845:group-D38D8A5F529F:LeaderElection74] INFO  segmented.SegmentedRaftLogWorker (SegmentedRaftLogWorker.java:startLogSegment(380)) - 48b68c1b-b5ca-4998-b78e-17784c718845-SegmentedRaftLogWorker:Storage Directory /workdir/hadoop-ozone/integration-test/target/test-dir/MiniOzoneClusterImpl-8e457fc4-2fe2-4844-8b87-d385df915f48/datanode-4/data/ratis/1ea9d39c-9199-43da-b2e5-d38d8a5f529f: Starting segment from index:0
2019-08-22 11:57:00,485 [48b68c1b-b5ca-4998-b78e-17784c718845:group-D38D8A5F529F:LeaderElection74] INFO  impl.RaftServerImpl (ServerState.java:setRaftConf(361)) - 48b68c1b-b5ca-4998-b78e-17784c718845:group-D38D8A5F529F set configuration 0: [48b68c1b-b5ca-4998-b78e-17784c718845:192.168.5.135:41831], old=null at 0
2019-08-22 11:57:00,520 | INFO  | SCMAudit | user=jenkins1000 | ip=192.168.5.135 | op=SEND_HEARTBEAT {datanodeUUID=9ce04167-a631-4fac-8473-c8323544e086, command=[]} | ret=SUCCESS |  
2019-08-22 11:57:00,532 [48b68c1b-b5ca-4998-b78e-17784c718845-SegmentedRaftLogWorker:Storage Directory /workdir/hadoop-ozone/integration-test/target/test-dir/MiniOzoneClusterImpl-8e457fc4-2fe2-4844-8b87-d385df915f48/datanode-4/data/ratis/1ea9d39c-9199-43da-b2e5-d38d8a5f529f] INFO  segmented.SegmentedRaftLogWorker (SegmentedRaftLogWorker.java:execute(569)) - 48b68c1b-b5ca-4998-b78e-17784c718845-SegmentedRaftLogWorker:Storage Directory /workdir/hadoop-ozone/integration-test/target/test-dir/MiniOzoneClusterImpl-8e457fc4-2fe2-4844-8b87-d385df915f48/datanode-4/data/ratis/1ea9d39c-9199-43da-b2e5-d38d8a5f529f: created new log segment /workdir/hadoop-ozone/integration-test/target/test-dir/MiniOzoneClusterImpl-8e457fc4-2fe2-4844-8b87-d385df915f48/datanode-4/data/ratis/1ea9d39c-9199-43da-b2e5-d38d8a5f529f/current/log_inprogress_0
2019-08-22 11:57:00,569 [Thread-1986] INFO  impl.FollowerState (FollowerState.java:run(106)) - 9ce04167-a631-4fac-8473-c8323544e086:group-4E3DFE418C23 changes to CANDIDATE, lastRpcTime:5031, electionTimeout:5031ms
2019-08-22 11:57:00,569 [Thread-1986] INFO  impl.RoleInfo (RoleInfo.java:shutdownFollowerState(121)) - 9ce04167-a631-4fac-8473-c8323544e086: shutdown FollowerState
2019-08-22 11:57:00,569 [Thread-1986] INFO  impl.RaftServerImpl (RaftServerImpl.java:setRole(171)) - 9ce04167-a631-4fac-8473-c8323544e086:group-4E3DFE418C23 changes role from FOLLOWER to CANDIDATE at term 0 for changeToCandidate
2019-08-22 11:57:00,570 [Thread-1986] INFO  impl.RoleInfo (RoleInfo.java:updateAndGet(143)) - 9ce04167-a631-4fac-8473-c8323544e086: start LeaderElection
2019-08-22 11:57:00,570 | INFO  | SCMAudit | user=jenkins1000 | ip=192.168.5.135 | op=SEND_HEARTBEAT {datanodeUUID=8c07d121-2c0d-4967-83b1-bdc1bfd445f6, command=[]} | ret=SUCCESS |  
2019-08-22 11:57:00,588 | INFO  | SCMAudit | user=jenkins1000 | ip=192.168.5.135 | op=SEND_HEARTBEAT {datanodeUUID=3bb875ee-c081-4eb6-9788-aa0c436bb6c2, command=[]} | ret=SUCCESS |  
2019-08-22 11:57:00,594 [9ce04167-a631-4fac-8473-c8323544e086:group-4E3DFE418C23:LeaderElection75] INFO  impl.LeaderElection (LeaderElection.java:askForVotes(181)) - 9ce04167-a631-4fac-8473-c8323544e086:group-4E3DFE418C23:LeaderElection75: begin an election at term 1 for -1: [9ce04167-a631-4fac-8473-c8323544e086:192.168.5.135:38873], old=null
2019-08-22 11:57:00,594 [9ce04167-a631-4fac-8473-c8323544e086:group-4E3DFE418C23:LeaderElection75] INFO  impl.RoleInfo (RoleInfo.java:shutdownLeaderElection(134)) - 9ce04167-a631-4fac-8473-c8323544e086: shutdown LeaderElection
2019-08-22 11:57:00,595 [9ce04167-a631-4fac-8473-c8323544e086:group-4E3DFE418C23:LeaderElection75] INFO  impl.RaftServerImpl (RaftServerImpl.java:setRole(171)) - 9ce04167-a631-4fac-8473-c8323544e086:group-4E3DFE418C23 changes role from CANDIDATE to LEADER at term 1 for changeToLeader
2019-08-22 11:57:00,595 [9ce04167-a631-4fac-8473-c8323544e086:group-4E3DFE418C23:LeaderElection75] INFO  impl.RaftServerImpl (ServerState.java:setLeader(263)) - 9ce04167-a631-4fac-8473-c8323544e086:group-4E3DFE418C23 change Leader from null to 9ce04167-a631-4fac-8473-c8323544e086 at term 1 for becomeLeader, leader elected after 5061ms
2019-08-22 11:57:00,595 [9ce04167-a631-4fac-8473-c8323544e086:group-4E3DFE418C23:LeaderElection75] INFO  server.RaftServerConfigKeys (ConfUtils.java:logGet(43)) - raft.server.staging.catchup.gap = 1000 (default)
2019-08-22 11:57:00,595 [9ce04167-a631-4fac-8473-c8323544e086:group-4E3DFE418C23:LeaderElection75] INFO  server.RaftServerConfigKeys (ConfUtils.java:logGet(43)) - raft.server.rpc.sleep.time = 25ms (default)
2019-08-22 11:57:00,595 [9ce04167-a631-4fac-8473-c8323544e086:group-4E3DFE418C23:LeaderElection75] INFO  server.RaftServerConfigKeys (ConfUtils.java:logGet(43)) - raft.server.write.element-limit = 4096 (default)
2019-08-22 11:57:00,595 [9ce04167-a631-4fac-8473-c8323544e086:group-4E3DFE418C23:LeaderElection75] INFO  server.RaftServerConfigKeys (ConfUtils.java:logGet(43)) - raft.server.watch.timeout = 10s (default)
2019-08-22 11:57:00,595 [9ce04167-a631-4fac-8473-c8323544e086:group-4E3DFE418C23:LeaderElection75] INFO  server.RaftServerConfigKeys (ConfUtils.java:logGet(43)) - raft.server.watch.timeout.denomination = 1s (default)
2019-08-22 11:57:00,596 [9ce04167-a631-4fac-8473-c8323544e086:group-4E3DFE418C23:LeaderElection75] INFO  server.RaftServerConfigKeys (ConfUtils.java:logGet(43)) - raft.server.watch.element-limit = 65536 (default)
2019-08-22 11:57:00,596 [9ce04167-a631-4fac-8473-c8323544e086:group-4E3DFE418C23:LeaderElection75] INFO  impl.RoleInfo (RoleInfo.java:updateAndGet(143)) - 9ce04167-a631-4fac-8473-c8323544e086: start LeaderState
2019-08-22 11:57:00,596 [9ce04167-a631-4fac-8473-c8323544e086:group-4E3DFE418C23:LeaderElection75] INFO  segmented.SegmentedRaftLogWorker (SegmentedRaftLogWorker.java:startLogSegment(380)) - 9ce04167-a631-4fac-8473-c8323544e086-SegmentedRaftLogWorker:Storage Directory /workdir/hadoop-ozone/integration-test/target/test-dir/MiniOzoneClusterImpl-8e457fc4-2fe2-4844-8b87-d385df915f48/datanode-5/data/ratis/6ea94c67-0195-4316-a983-4e3dfe418c23: Starting segment from index:0
2019-08-22 11:57:00,597 [9ce04167-a631-4fac-8473-c8323544e086:group-4E3DFE418C23:LeaderElection75] INFO  impl.RaftServerImpl (ServerState.java:setRaftConf(361)) - 9ce04167-a631-4fac-8473-c8323544e086:group-4E3DFE418C23 set configuration 0: [9ce04167-a631-4fac-8473-c8323544e086:192.168.5.135:38873], old=null at 0
2019-08-22 11:57:00,645 [9ce04167-a631-4fac-8473-c8323544e086-SegmentedRaftLogWorker:Storage Directory /workdir/hadoop-ozone/integration-test/target/test-dir/MiniOzoneClusterImpl-8e457fc4-2fe2-4844-8b87-d385df915f48/datanode-5/data/ratis/6ea94c67-0195-4316-a983-4e3dfe418c23] INFO  segmented.SegmentedRaftLogWorker (SegmentedRaftLogWorker.java:execute(569)) - 9ce04167-a631-4fac-8473-c8323544e086-SegmentedRaftLogWorker:Storage Directory /workdir/hadoop-ozone/integration-test/target/test-dir/MiniOzoneClusterImpl-8e457fc4-2fe2-4844-8b87-d385df915f48/datanode-5/data/ratis/6ea94c67-0195-4316-a983-4e3dfe418c23: created new log segment /workdir/hadoop-ozone/integration-test/target/test-dir/MiniOzoneClusterImpl-8e457fc4-2fe2-4844-8b87-d385df915f48/datanode-5/data/ratis/6ea94c67-0195-4316-a983-4e3dfe418c23/current/log_inprogress_0
2019-08-22 11:57:00,668 | INFO  | SCMAudit | user=jenkins1000 | ip=192.168.5.135 | op=SEND_HEARTBEAT {datanodeUUID=487af136-47a9-41f1-9b09-061295d8b4c4, command=[]} | ret=SUCCESS |  
2019-08-22 11:57:00,711 [Thread-1995] INFO  impl.FollowerState (FollowerState.java:run(106)) - 1b7f7b5c-de1e-4a62-bdb1-87985564f9c2:group-3E6DE462F48E changes to CANDIDATE, lastRpcTime:5095, electionTimeout:5095ms
2019-08-22 11:57:00,711 [Thread-1995] INFO  impl.RoleInfo (RoleInfo.java:shutdownFollowerState(121)) - 1b7f7b5c-de1e-4a62-bdb1-87985564f9c2: shutdown FollowerState
2019-08-22 11:57:00,711 [Thread-1995] INFO  impl.RaftServerImpl (RaftServerImpl.java:setRole(171)) - 1b7f7b5c-de1e-4a62-bdb1-87985564f9c2:group-3E6DE462F48E changes role from FOLLOWER to CANDIDATE at term 0 for changeToCandidate
2019-08-22 11:57:00,711 [Thread-1995] INFO  impl.RoleInfo (RoleInfo.java:updateAndGet(143)) - 1b7f7b5c-de1e-4a62-bdb1-87985564f9c2: start LeaderElection
2019-08-22 11:57:00,734 | INFO  | SCMAudit | user=jenkins1000 | ip=192.168.5.135 | op=SEND_HEARTBEAT {datanodeUUID=4a9862d5-694b-4c7d-b652-1fb8ddcfc588, command=[]} | ret=SUCCESS |  
2019-08-22 11:57:00,735 [1b7f7b5c-de1e-4a62-bdb1-87985564f9c2:group-3E6DE462F48E:LeaderElection76] INFO  impl.LeaderElection (LeaderElection.java:askForVotes(181)) - 1b7f7b5c-de1e-4a62-bdb1-87985564f9c2:group-3E6DE462F48E:LeaderElection76: begin an election at term 1 for -1: [1b7f7b5c-de1e-4a62-bdb1-87985564f9c2:192.168.5.135:43836, 48b68c1b-b5ca-4998-b78e-17784c718845:192.168.5.135:41831, 9ce04167-a631-4fac-8473-c8323544e086:192.168.5.135:38873], old=null
2019-08-22 11:57:00,740 [grpc-default-executor-5] INFO  impl.RaftServerImpl (RaftServerImpl.java:setRole(171)) - 9ce04167-a631-4fac-8473-c8323544e086:group-3E6DE462F48E changes role from FOLLOWER to FOLLOWER at term 1 for recognizeCandidate:1b7f7b5c-de1e-4a62-bdb1-87985564f9c2
2019-08-22 11:57:00,740 [grpc-default-executor-1] INFO  impl.RaftServerImpl (RaftServerImpl.java:setRole(171)) - 48b68c1b-b5ca-4998-b78e-17784c718845:group-3E6DE462F48E changes role from FOLLOWER to FOLLOWER at term 1 for recognizeCandidate:1b7f7b5c-de1e-4a62-bdb1-87985564f9c2
2019-08-22 11:57:00,740 [grpc-default-executor-5] INFO  impl.RoleInfo (RoleInfo.java:shutdownFollowerState(121)) - 9ce04167-a631-4fac-8473-c8323544e086: shutdown FollowerState
2019-08-22 11:57:00,740 [grpc-default-executor-1] INFO  impl.RoleInfo (RoleInfo.java:shutdownFollowerState(121)) - 48b68c1b-b5ca-4998-b78e-17784c718845: shutdown FollowerState
2019-08-22 11:57:00,741 [Thread-1992] INFO  impl.FollowerState (FollowerState.java:run(114)) - 9ce04167-a631-4fac-8473-c8323544e086: FollowerState was interrupted: java.lang.InterruptedException: sleep interrupted
2019-08-22 11:57:00,741 [Thread-1990] INFO  impl.FollowerState (FollowerState.java:run(114)) - 48b68c1b-b5ca-4998-b78e-17784c718845: FollowerState was interrupted: java.lang.InterruptedException: sleep interrupted
2019-08-22 11:57:00,741 [grpc-default-executor-5] INFO  impl.RoleInfo (RoleInfo.java:updateAndGet(143)) - 9ce04167-a631-4fac-8473-c8323544e086: start FollowerState
2019-08-22 11:57:00,741 [grpc-default-executor-1] INFO  impl.RoleInfo (RoleInfo.java:updateAndGet(143)) - 48b68c1b-b5ca-4998-b78e-17784c718845: start FollowerState
2019-08-22 11:57:00,764 [1b7f7b5c-de1e-4a62-bdb1-87985564f9c2:group-3E6DE462F48E:LeaderElection76] INFO  impl.LeaderElection (LeaderElection.java:logAndReturn(56)) - 1b7f7b5c-de1e-4a62-bdb1-87985564f9c2:group-3E6DE462F48E:LeaderElection76: Election PASSED; received 1 response(s) [1b7f7b5c-de1e-4a62-bdb1-87985564f9c2<-9ce04167-a631-4fac-8473-c8323544e086#0:OK-t1] and 0 exception(s); 1b7f7b5c-de1e-4a62-bdb1-87985564f9c2:t1, leader=null, voted=1b7f7b5c-de1e-4a62-bdb1-87985564f9c2, raftlog=1b7f7b5c-de1e-4a62-bdb1-87985564f9c2-SegmentedRaftLog:OPENED:c-1,f-1,i0, conf=-1: [1b7f7b5c-de1e-4a62-bdb1-87985564f9c2:192.168.5.135:43836, 48b68c1b-b5ca-4998-b78e-17784c718845:192.168.5.135:41831, 9ce04167-a631-4fac-8473-c8323544e086:192.168.5.135:38873], old=null
2019-08-22 11:57:00,764 [1b7f7b5c-de1e-4a62-bdb1-87985564f9c2:group-3E6DE462F48E:LeaderElection76] INFO  impl.RoleInfo (RoleInfo.java:shutdownLeaderElection(134)) - 1b7f7b5c-de1e-4a62-bdb1-87985564f9c2: shutdown LeaderElection
2019-08-22 11:57:00,764 [1b7f7b5c-de1e-4a62-bdb1-87985564f9c2:group-3E6DE462F48E:LeaderElection76] INFO  impl.RaftServerImpl (RaftServerImpl.java:setRole(171)) - 1b7f7b5c-de1e-4a62-bdb1-87985564f9c2:group-3E6DE462F48E changes role from CANDIDATE to LEADER at term 1 for changeToLeader
2019-08-22 11:57:00,764 [1b7f7b5c-de1e-4a62-bdb1-87985564f9c2:group-3E6DE462F48E:LeaderElection76] INFO  impl.RaftServerImpl (ServerState.java:setLeader(263)) - 1b7f7b5c-de1e-4a62-bdb1-87985564f9c2:group-3E6DE462F48E change Leader from null to 1b7f7b5c-de1e-4a62-bdb1-87985564f9c2 at term 1 for becomeLeader, leader elected after 5159ms
2019-08-22 11:57:00,764 [1b7f7b5c-de1e-4a62-bdb1-87985564f9c2:group-3E6DE462F48E:LeaderElection76] INFO  server.RaftServerConfigKeys (ConfUtils.java:logGet(43)) - raft.server.staging.catchup.gap = 1000 (default)
2019-08-22 11:57:00,764 [1b7f7b5c-de1e-4a62-bdb1-87985564f9c2:group-3E6DE462F48E:LeaderElection76] INFO  server.RaftServerConfigKeys (ConfUtils.java:logGet(43)) - raft.server.rpc.sleep.time = 25ms (default)
2019-08-22 11:57:00,765 [1b7f7b5c-de1e-4a62-bdb1-87985564f9c2:group-3E6DE462F48E:LeaderElection76] INFO  server.RaftServerConfigKeys (ConfUtils.java:logGet(43)) - raft.server.write.element-limit = 4096 (default)
2019-08-22 11:57:00,765 [1b7f7b5c-de1e-4a62-bdb1-87985564f9c2:group-3E6DE462F48E:LeaderElection76] INFO  server.RaftServerConfigKeys (ConfUtils.java:logGet(43)) - raft.server.watch.timeout = 10s (default)
2019-08-22 11:57:00,765 [1b7f7b5c-de1e-4a62-bdb1-87985564f9c2:group-3E6DE462F48E:LeaderElection76] INFO  server.RaftServerConfigKeys (ConfUtils.java:logGet(43)) - raft.server.watch.timeout.denomination = 1s (default)
2019-08-22 11:57:00,765 [1b7f7b5c-de1e-4a62-bdb1-87985564f9c2:group-3E6DE462F48E:LeaderElection76] INFO  server.RaftServerConfigKeys (ConfUtils.java:logGet(43)) - raft.server.watch.element-limit = 65536 (default)
2019-08-22 11:57:00,765 [1b7f7b5c-de1e-4a62-bdb1-87985564f9c2:group-3E6DE462F48E:LeaderElection76] INFO  server.RaftServerConfigKeys (ConfUtils.java:logGet(43)) - raft.server.log.appender.snapshot.chunk.size.max = 16MB (=16777216) (default)
2019-08-22 11:57:00,765 [1b7f7b5c-de1e-4a62-bdb1-87985564f9c2:group-3E6DE462F48E:LeaderElection76] INFO  server.RaftServerConfigKeys (ConfUtils.java:logGet(43)) - raft.server.log.appender.buffer.byte-limit = 33554432 (custom)
2019-08-22 11:57:00,765 [1b7f7b5c-de1e-4a62-bdb1-87985564f9c2:group-3E6DE462F48E:LeaderElection76] INFO  server.RaftServerConfigKeys (ConfUtils.java:logGet(43)) - raft.server.log.appender.buffer.element-limit = 1 (custom)
2019-08-22 11:57:00,766 [1b7f7b5c-de1e-4a62-bdb1-87985564f9c2:group-3E6DE462F48E:LeaderElection76] INFO  grpc.GrpcConfigKeys$Server (ConfUtils.java:logGet(43)) - raft.grpc.server.leader.outstanding.appends.max = 128 (default)
2019-08-22 11:57:00,766 [1b7f7b5c-de1e-4a62-bdb1-87985564f9c2:group-3E6DE462F48E:LeaderElection76] INFO  server.RaftServerConfigKeys (ConfUtils.java:logGet(43)) - raft.server.rpc.request.timeout = 3000ms (default)
2019-08-22 11:57:00,766 [1b7f7b5c-de1e-4a62-bdb1-87985564f9c2:group-3E6DE462F48E:LeaderElection76] INFO  server.RaftServerConfigKeys (ConfUtils.java:logGet(43)) - raft.server.log.appender.install.snapshot.enabled = false (custom)
2019-08-22 11:57:00,766 [1b7f7b5c-de1e-4a62-bdb1-87985564f9c2:group-3E6DE462F48E:LeaderElection76] INFO  server.RaftServerConfigKeys (ConfUtils.java:logGet(43)) - raft.server.log.appender.snapshot.chunk.size.max = 16MB (=16777216) (default)
2019-08-22 11:57:00,766 [1b7f7b5c-de1e-4a62-bdb1-87985564f9c2:group-3E6DE462F48E:LeaderElection76] INFO  server.RaftServerConfigKeys (ConfUtils.java:logGet(43)) - raft.server.log.appender.buffer.byte-limit = 33554432 (custom)
2019-08-22 11:57:00,766 [1b7f7b5c-de1e-4a62-bdb1-87985564f9c2:group-3E6DE462F48E:LeaderElection76] INFO  server.RaftServerConfigKeys (ConfUtils.java:logGet(43)) - raft.server.log.appender.buffer.element-limit = 1 (custom)
2019-08-22 11:57:00,767 [1b7f7b5c-de1e-4a62-bdb1-87985564f9c2:group-3E6DE462F48E:LeaderElection76] INFO  grpc.GrpcConfigKeys$Server (ConfUtils.java:logGet(43)) - raft.grpc.server.leader.outstanding.appends.max = 128 (default)
2019-08-22 11:57:00,767 [1b7f7b5c-de1e-4a62-bdb1-87985564f9c2:group-3E6DE462F48E:LeaderElection76] INFO  server.RaftServerConfigKeys (ConfUtils.java:logGet(43)) - raft.server.rpc.request.timeout = 3000ms (default)
2019-08-22 11:57:00,767 [1b7f7b5c-de1e-4a62-bdb1-87985564f9c2:group-3E6DE462F48E:LeaderElection76] INFO  server.RaftServerConfigKeys (ConfUtils.java:logGet(43)) - raft.server.log.appender.install.snapshot.enabled = false (custom)
2019-08-22 11:57:00,767 [1b7f7b5c-de1e-4a62-bdb1-87985564f9c2:group-3E6DE462F48E:LeaderElection76] INFO  impl.RoleInfo (RoleInfo.java:updateAndGet(143)) - 1b7f7b5c-de1e-4a62-bdb1-87985564f9c2: start LeaderState
2019-08-22 11:57:00,767 [1b7f7b5c-de1e-4a62-bdb1-87985564f9c2:group-3E6DE462F48E:LeaderElection76] INFO  segmented.SegmentedRaftLogWorker (SegmentedRaftLogWorker.java:startLogSegment(380)) - 1b7f7b5c-de1e-4a62-bdb1-87985564f9c2-SegmentedRaftLogWorker:Storage Directory /workdir/hadoop-ozone/integration-test/target/test-dir/MiniOzoneClusterImpl-8e457fc4-2fe2-4844-8b87-d385df915f48/datanode-3/data/ratis/cdd7748f-6c20-40c2-b685-3e6de462f48e: Starting segment from index:0
2019-08-22 11:57:00,768 [1b7f7b5c-de1e-4a62-bdb1-87985564f9c2:group-3E6DE462F48E:LeaderElection76] INFO  impl.RaftServerImpl (ServerState.java:setRaftConf(361)) - 1b7f7b5c-de1e-4a62-bdb1-87985564f9c2:group-3E6DE462F48E set configuration 0: [1b7f7b5c-de1e-4a62-bdb1-87985564f9c2:192.168.5.135:43836, 48b68c1b-b5ca-4998-b78e-17784c718845:192.168.5.135:41831, 9ce04167-a631-4fac-8473-c8323544e086:192.168.5.135:38873], old=null at 0
2019-08-22 11:57:00,809 | INFO  | SCMAudit | user=jenkins1000 | ip=192.168.5.135 | op=SEND_HEARTBEAT {datanodeUUID=88458bba-7d36-4308-81a2-94c77140fafa, command=[]} | ret=SUCCESS |  
2019-08-22 11:57:00,817 [1b7f7b5c-de1e-4a62-bdb1-87985564f9c2-SegmentedRaftLogWorker:Storage Directory /workdir/hadoop-ozone/integration-test/target/test-dir/MiniOzoneClusterImpl-8e457fc4-2fe2-4844-8b87-d385df915f48/datanode-3/data/ratis/cdd7748f-6c20-40c2-b685-3e6de462f48e] INFO  segmented.SegmentedRaftLogWorker (SegmentedRaftLogWorker.java:execute(569)) - 1b7f7b5c-de1e-4a62-bdb1-87985564f9c2-SegmentedRaftLogWorker:Storage Directory /workdir/hadoop-ozone/integration-test/target/test-dir/MiniOzoneClusterImpl-8e457fc4-2fe2-4844-8b87-d385df915f48/datanode-3/data/ratis/cdd7748f-6c20-40c2-b685-3e6de462f48e: created new log segment /workdir/hadoop-ozone/integration-test/target/test-dir/MiniOzoneClusterImpl-8e457fc4-2fe2-4844-8b87-d385df915f48/datanode-3/data/ratis/cdd7748f-6c20-40c2-b685-3e6de462f48e/current/log_inprogress_0
2019-08-22 11:57:00,817 [grpc-default-executor-5] INFO  impl.RaftServerImpl (ServerState.java:setLeader(263)) - 48b68c1b-b5ca-4998-b78e-17784c718845:group-3E6DE462F48E change Leader from null to 1b7f7b5c-de1e-4a62-bdb1-87985564f9c2 at term 1 for appendEntries, leader elected after 5212ms
2019-08-22 11:57:00,817 [grpc-default-executor-1] INFO  impl.RaftServerImpl (ServerState.java:setLeader(263)) - 9ce04167-a631-4fac-8473-c8323544e086:group-3E6DE462F48E change Leader from null to 1b7f7b5c-de1e-4a62-bdb1-87985564f9c2 at term 1 for appendEntries, leader elected after 5212ms
2019-08-22 11:57:00,819 [grpc-default-executor-1] INFO  impl.RaftServerImpl (ServerState.java:setRaftConf(361)) - 48b68c1b-b5ca-4998-b78e-17784c718845:group-3E6DE462F48E set configuration 0: [1b7f7b5c-de1e-4a62-bdb1-87985564f9c2:192.168.5.135:43836, 48b68c1b-b5ca-4998-b78e-17784c718845:192.168.5.135:41831, 9ce04167-a631-4fac-8473-c8323544e086:192.168.5.135:38873], old=null at 0
2019-08-22 11:57:00,819 [grpc-default-executor-5] INFO  impl.RaftServerImpl (ServerState.java:setRaftConf(361)) - 9ce04167-a631-4fac-8473-c8323544e086:group-3E6DE462F48E set configuration 0: [1b7f7b5c-de1e-4a62-bdb1-87985564f9c2:192.168.5.135:43836, 48b68c1b-b5ca-4998-b78e-17784c718845:192.168.5.135:41831, 9ce04167-a631-4fac-8473-c8323544e086:192.168.5.135:38873], old=null at 0
2019-08-22 11:57:00,819 [grpc-default-executor-1] INFO  segmented.SegmentedRaftLogWorker (SegmentedRaftLogWorker.java:startLogSegment(380)) - 48b68c1b-b5ca-4998-b78e-17784c718845-SegmentedRaftLogWorker:Storage Directory /workdir/hadoop-ozone/integration-test/target/test-dir/MiniOzoneClusterImpl-8e457fc4-2fe2-4844-8b87-d385df915f48/datanode-4/data/ratis/cdd7748f-6c20-40c2-b685-3e6de462f48e: Starting segment from index:0
2019-08-22 11:57:00,820 [grpc-default-executor-5] INFO  segmented.SegmentedRaftLogWorker (SegmentedRaftLogWorker.java:startLogSegment(380)) - 9ce04167-a631-4fac-8473-c8323544e086-SegmentedRaftLogWorker:Storage Directory /workdir/hadoop-ozone/integration-test/target/test-dir/MiniOzoneClusterImpl-8e457fc4-2fe2-4844-8b87-d385df915f48/datanode-5/data/ratis/cdd7748f-6c20-40c2-b685-3e6de462f48e: Starting segment from index:0
2019-08-22 11:57:00,859 [grpc-default-executor-5] INFO  client.GrpcClientProtocolClient (GrpcClientProtocolClient.java:onNext(255)) - client-ED44A0F3F27E->5baf14f9-106a-4ced-9d22-c6d3b1d04d0e: receive RaftClientReply:client-ED44A0F3F27E->5baf14f9-106a-4ced-9d22-c6d3b1d04d0e@group-67E69CFC7137, cid=79, FAILED org.apache.ratis.protocol.NotLeaderException: Server 5baf14f9-106a-4ced-9d22-c6d3b1d04d0e is not the leader (null). Request must be sent to leader., logIndex=0, commits[5baf14f9-106a-4ced-9d22-c6d3b1d04d0e:c-1]
2019-08-22 11:57:00,859 [48b68c1b-b5ca-4998-b78e-17784c718845-SegmentedRaftLogWorker:Storage Directory /workdir/hadoop-ozone/integration-test/target/test-dir/MiniOzoneClusterImpl-8e457fc4-2fe2-4844-8b87-d385df915f48/datanode-4/data/ratis/cdd7748f-6c20-40c2-b685-3e6de462f48e] INFO  segmented.SegmentedRaftLogWorker (SegmentedRaftLogWorker.java:execute(569)) - 48b68c1b-b5ca-4998-b78e-17784c718845-SegmentedRaftLogWorker:Storage Directory /workdir/hadoop-ozone/integration-test/target/test-dir/MiniOzoneClusterImpl-8e457fc4-2fe2-4844-8b87-d385df915f48/datanode-4/data/ratis/cdd7748f-6c20-40c2-b685-3e6de462f48e: created new log segment /workdir/hadoop-ozone/integration-test/target/test-dir/MiniOzoneClusterImpl-8e457fc4-2fe2-4844-8b87-d385df915f48/datanode-4/data/ratis/cdd7748f-6c20-40c2-b685-3e6de462f48e/current/log_inprogress_0
2019-08-22 11:57:00,859 [9ce04167-a631-4fac-8473-c8323544e086-SegmentedRaftLogWorker:Storage Directory /workdir/hadoop-ozone/integration-test/target/test-dir/MiniOzoneClusterImpl-8e457fc4-2fe2-4844-8b87-d385df915f48/datanode-5/data/ratis/cdd7748f-6c20-40c2-b685-3e6de462f48e] INFO  segmented.SegmentedRaftLogWorker (SegmentedRaftLogWorker.java:execute(569)) - 9ce04167-a631-4fac-8473-c8323544e086-SegmentedRaftLogWorker:Storage Directory /workdir/hadoop-ozone/integration-test/target/test-dir/MiniOzoneClusterImpl-8e457fc4-2fe2-4844-8b87-d385df915f48/datanode-5/data/ratis/cdd7748f-6c20-40c2-b685-3e6de462f48e: created new log segment /workdir/hadoop-ozone/integration-test/target/test-dir/MiniOzoneClusterImpl-8e457fc4-2fe2-4844-8b87-d385df915f48/datanode-5/data/ratis/cdd7748f-6c20-40c2-b685-3e6de462f48e/current/log_inprogress_0
2019-08-22 11:57:00,902 | INFO  | SCMAudit | user=jenkins1000 | ip=192.168.5.135 | op=SEND_HEARTBEAT {datanodeUUID=81358f04-b55e-4661-8083-492e8c5539a7, command=[]} | ret=SUCCESS |  
2019-08-22 11:57:00,922 [Thread-1998] INFO  impl.FollowerState (FollowerState.java:run(106)) - 487af136-47a9-41f1-9b09-061295d8b4c4:group-1A00EE8A528E changes to CANDIDATE, lastRpcTime:5182, electionTimeout:5182ms
2019-08-22 11:57:00,922 [Thread-1998] INFO  impl.RoleInfo (RoleInfo.java:shutdownFollowerState(121)) - 487af136-47a9-41f1-9b09-061295d8b4c4: shutdown FollowerState
2019-08-22 11:57:00,922 [Thread-1998] INFO  impl.RaftServerImpl (RaftServerImpl.java:setRole(171)) - 487af136-47a9-41f1-9b09-061295d8b4c4:group-1A00EE8A528E changes role from FOLLOWER to CANDIDATE at term 0 for changeToCandidate
2019-08-22 11:57:00,923 [Thread-1998] INFO  impl.RoleInfo (RoleInfo.java:updateAndGet(143)) - 487af136-47a9-41f1-9b09-061295d8b4c4: start LeaderElection
2019-08-22 11:57:00,946 [487af136-47a9-41f1-9b09-061295d8b4c4:group-1A00EE8A528E:LeaderElection77] INFO  impl.LeaderElection (LeaderElection.java:askForVotes(181)) - 487af136-47a9-41f1-9b09-061295d8b4c4:group-1A00EE8A528E:LeaderElection77: begin an election at term 1 for -1: [487af136-47a9-41f1-9b09-061295d8b4c4:192.168.5.135:33794], old=null
2019-08-22 11:57:00,947 [487af136-47a9-41f1-9b09-061295d8b4c4:group-1A00EE8A528E:LeaderElection77] INFO  impl.RoleInfo (RoleInfo.java:shutdownLeaderElection(134)) - 487af136-47a9-41f1-9b09-061295d8b4c4: shutdown LeaderElection
2019-08-22 11:57:00,947 [487af136-47a9-41f1-9b09-061295d8b4c4:group-1A00EE8A528E:LeaderElection77] INFO  impl.RaftServerImpl (RaftServerImpl.java:setRole(171)) - 487af136-47a9-41f1-9b09-061295d8b4c4:group-1A00EE8A528E changes role from CANDIDATE to LEADER at term 1 for changeToLeader
2019-08-22 11:57:00,947 [487af136-47a9-41f1-9b09-061295d8b4c4:group-1A00EE8A528E:LeaderElection77] INFO  impl.RaftServerImpl (ServerState.java:setLeader(263)) - 487af136-47a9-41f1-9b09-061295d8b4c4:group-1A00EE8A528E change Leader from null to 487af136-47a9-41f1-9b09-061295d8b4c4 at term 1 for becomeLeader, leader elected after 5211ms
2019-08-22 11:57:00,947 [487af136-47a9-41f1-9b09-061295d8b4c4:group-1A00EE8A528E:LeaderElection77] INFO  server.RaftServerConfigKeys (ConfUtils.java:logGet(43)) - raft.server.staging.catchup.gap = 1000 (default)
2019-08-22 11:57:00,947 [487af136-47a9-41f1-9b09-061295d8b4c4:group-1A00EE8A528E:LeaderElection77] INFO  server.RaftServerConfigKeys (ConfUtils.java:logGet(43)) - raft.server.rpc.sleep.time = 25ms (default)
2019-08-22 11:57:00,947 [487af136-47a9-41f1-9b09-061295d8b4c4:group-1A00EE8A528E:LeaderElection77] INFO  server.RaftServerConfigKeys (ConfUtils.java:logGet(43)) - raft.server.write.element-limit = 4096 (default)
2019-08-22 11:57:00,947 [487af136-47a9-41f1-9b09-061295d8b4c4:group-1A00EE8A528E:LeaderElection77] INFO  server.RaftServerConfigKeys (ConfUtils.java:logGet(43)) - raft.server.watch.timeout = 10s (default)
2019-08-22 11:57:00,947 [487af136-47a9-41f1-9b09-061295d8b4c4:group-1A00EE8A528E:LeaderElection77] INFO  server.RaftServerConfigKeys (ConfUtils.java:logGet(43)) - raft.server.watch.timeout.denomination = 1s (default)
2019-08-22 11:57:00,948 [487af136-47a9-41f1-9b09-061295d8b4c4:group-1A00EE8A528E:LeaderElection77] INFO  server.RaftServerConfigKeys (ConfUtils.java:logGet(43)) - raft.server.watch.element-limit = 65536 (default)
2019-08-22 11:57:00,948 [487af136-47a9-41f1-9b09-061295d8b4c4:group-1A00EE8A528E:LeaderElection77] INFO  impl.RoleInfo (RoleInfo.java:updateAndGet(143)) - 487af136-47a9-41f1-9b09-061295d8b4c4: start LeaderState
2019-08-22 11:57:00,948 [487af136-47a9-41f1-9b09-061295d8b4c4:group-1A00EE8A528E:LeaderElection77] INFO  segmented.SegmentedRaftLogWorker (SegmentedRaftLogWorker.java:startLogSegment(380)) - 487af136-47a9-41f1-9b09-061295d8b4c4-SegmentedRaftLogWorker:Storage Directory /workdir/hadoop-ozone/integration-test/target/test-dir/MiniOzoneClusterImpl-8e457fc4-2fe2-4844-8b87-d385df915f48/datanode-6/data/ratis/8fac4d23-16fe-4733-aae7-1a00ee8a528e: Starting segment from index:0
2019-08-22 11:57:00,948 [487af136-47a9-41f1-9b09-061295d8b4c4:group-1A00EE8A528E:LeaderElection77] INFO  impl.RaftServerImpl (ServerState.java:setRaftConf(361)) - 487af136-47a9-41f1-9b09-061295d8b4c4:group-1A00EE8A528E set configuration 0: [487af136-47a9-41f1-9b09-061295d8b4c4:192.168.5.135:33794], old=null at 0
2019-08-22 11:57:00,988 [487af136-47a9-41f1-9b09-061295d8b4c4-SegmentedRaftLogWorker:Storage Directory /workdir/hadoop-ozone/integration-test/target/test-dir/MiniOzoneClusterImpl-8e457fc4-2fe2-4844-8b87-d385df915f48/datanode-6/data/ratis/8fac4d23-16fe-4733-aae7-1a00ee8a528e] INFO  segmented.SegmentedRaftLogWorker (SegmentedRaftLogWorker.java:execute(569)) - 487af136-47a9-41f1-9b09-061295d8b4c4-SegmentedRaftLogWorker:Storage Directory /workdir/hadoop-ozone/integration-test/target/test-dir/MiniOzoneClusterImpl-8e457fc4-2fe2-4844-8b87-d385df915f48/datanode-6/data/ratis/8fac4d23-16fe-4733-aae7-1a00ee8a528e: created new log segment /workdir/hadoop-ozone/integration-test/target/test-dir/MiniOzoneClusterImpl-8e457fc4-2fe2-4844-8b87-d385df915f48/datanode-6/data/ratis/8fac4d23-16fe-4733-aae7-1a00ee8a528e/current/log_inprogress_0
2019-08-22 11:57:01,018 | INFO  | SCMAudit | user=jenkins1000 | ip=192.168.5.135 | op=SEND_HEARTBEAT {datanodeUUID=1b7f7b5c-de1e-4a62-bdb1-87985564f9c2, command=[]} | ret=SUCCESS |  
2019-08-22 11:57:01,120 | INFO  | SCMAudit | user=jenkins1000 | ip=192.168.5.135 | op=SEND_HEARTBEAT {datanodeUUID=ac50c3b2-b81f-4c0a-b4fe-860d2c902727, command=[]} | ret=SUCCESS |  
2019-08-22 11:57:01,246 | INFO  | SCMAudit | user=jenkins1000 | ip=192.168.5.135 | op=SEND_HEARTBEAT {datanodeUUID=48b68c1b-b5ca-4998-b78e-17784c718845, command=[]} | ret=SUCCESS |  
2019-08-22 11:57:01,268 | INFO  | SCMAudit | user=jenkins1000 | ip=192.168.5.135 | op=SEND_HEARTBEAT {datanodeUUID=c2ff41bc-5475-4ec0-aa3a-f40fe56d194e, command=[]} | ret=SUCCESS |  
2019-08-22 11:57:01,354 | INFO  | SCMAudit | user=jenkins1000 | ip=192.168.5.135 | op=SEND_HEARTBEAT {datanodeUUID=5baf14f9-106a-4ced-9d22-c6d3b1d04d0e, command=[]} | ret=SUCCESS |  
2019-08-22 11:57:01,378 | INFO  | SCMAudit | user=jenkins1000 | ip=192.168.5.135 | op=SEND_HEARTBEAT {datanodeUUID=8085255e-7a41-426f-b0e8-2d5555c5b7b9, command=[]} | ret=SUCCESS |  
2019-08-22 11:57:01,471 | INFO  | SCMAudit | user=jenkins1000 | ip=192.168.5.135 | op=SEND_HEARTBEAT {datanodeUUID=9b0e54da-58f3-4b2f-aec1-b0a4cb1efbe1, command=[]} | ret=SUCCESS |  
2019-08-22 11:57:01,520 | INFO  | SCMAudit | user=jenkins1000 | ip=192.168.5.135 | op=SEND_HEARTBEAT {datanodeUUID=9ce04167-a631-4fac-8473-c8323544e086, command=[]} | ret=SUCCESS |  
2019-08-22 11:57:01,570 | INFO  | SCMAudit | user=jenkins1000 | ip=192.168.5.135 | op=SEND_HEARTBEAT {datanodeUUID=8c07d121-2c0d-4967-83b1-bdc1bfd445f6, command=[]} | ret=SUCCESS |  
2019-08-22 11:57:01,588 | INFO  | SCMAudit | user=jenkins1000 | ip=192.168.5.135 | op=SEND_HEARTBEAT {datanodeUUID=3bb875ee-c081-4eb6-9788-aa0c436bb6c2, command=[]} | ret=SUCCESS |  
2019-08-22 11:57:01,668 | INFO  | SCMAudit | user=jenkins1000 | ip=192.168.5.135 | op=SEND_HEARTBEAT {datanodeUUID=487af136-47a9-41f1-9b09-061295d8b4c4, command=[]} | ret=SUCCESS |  
2019-08-22 11:57:01,734 | INFO  | SCMAudit | user=jenkins1000 | ip=192.168.5.135 | op=SEND_HEARTBEAT {datanodeUUID=4a9862d5-694b-4c7d-b652-1fb8ddcfc588, command=[]} | ret=SUCCESS |  
2019-08-22 11:57:01,808 | INFO  | SCMAudit | user=jenkins1000 | ip=192.168.5.135 | op=SEND_HEARTBEAT {datanodeUUID=88458bba-7d36-4308-81a2-94c77140fafa, command=[]} | ret=SUCCESS |  
2019-08-22 11:57:01,870 [grpc-default-executor-1] INFO  client.GrpcClientProtocolClient (GrpcClientProtocolClient.java:onNext(255)) - client-ED44A0F3F27E->3bb875ee-c081-4eb6-9788-aa0c436bb6c2: receive RaftClientReply:client-ED44A0F3F27E->3bb875ee-c081-4eb6-9788-aa0c436bb6c2@group-67E69CFC7137, cid=79, FAILED org.apache.ratis.protocol.NotLeaderException: Server 3bb875ee-c081-4eb6-9788-aa0c436bb6c2 is not the leader (null). Request must be sent to leader., logIndex=0, commits[3bb875ee-c081-4eb6-9788-aa0c436bb6c2:c-1]
2019-08-22 11:57:01,902 | INFO  | SCMAudit | user=jenkins1000 | ip=192.168.5.135 | op=SEND_HEARTBEAT {datanodeUUID=81358f04-b55e-4661-8083-492e8c5539a7, command=[]} | ret=SUCCESS |  
2019-08-22 11:57:02,018 | INFO  | SCMAudit | user=jenkins1000 | ip=192.168.5.135 | op=SEND_HEARTBEAT {datanodeUUID=1b7f7b5c-de1e-4a62-bdb1-87985564f9c2, command=[]} | ret=SUCCESS |  
2019-08-22 11:57:02,120 | INFO  | SCMAudit | user=jenkins1000 | ip=192.168.5.135 | op=SEND_HEARTBEAT {datanodeUUID=ac50c3b2-b81f-4c0a-b4fe-860d2c902727, command=[]} | ret=SUCCESS |  
2019-08-22 11:57:02,246 | INFO  | SCMAudit | user=jenkins1000 | ip=192.168.5.135 | op=SEND_HEARTBEAT {datanodeUUID=48b68c1b-b5ca-4998-b78e-17784c718845, command=[]} | ret=SUCCESS |  
2019-08-22 11:57:02,267 | INFO  | SCMAudit | user=jenkins1000 | ip=192.168.5.135 | op=SEND_HEARTBEAT {datanodeUUID=c2ff41bc-5475-4ec0-aa3a-f40fe56d194e, command=[]} | ret=SUCCESS |  
2019-08-22 11:57:02,354 | INFO  | SCMAudit | user=jenkins1000 | ip=192.168.5.135 | op=SEND_HEARTBEAT {datanodeUUID=5baf14f9-106a-4ced-9d22-c6d3b1d04d0e, command=[]} | ret=SUCCESS |  
2019-08-22 11:57:02,379 | INFO  | SCMAudit | user=jenkins1000 | ip=192.168.5.135 | op=SEND_HEARTBEAT {datanodeUUID=8085255e-7a41-426f-b0e8-2d5555c5b7b9, command=[]} | ret=SUCCESS |  
2019-08-22 11:57:02,471 | INFO  | SCMAudit | user=jenkins1000 | ip=192.168.5.135 | op=SEND_HEARTBEAT {datanodeUUID=9b0e54da-58f3-4b2f-aec1-b0a4cb1efbe1, command=[]} | ret=SUCCESS |  
2019-08-22 11:57:02,521 | INFO  | SCMAudit | user=jenkins1000 | ip=192.168.5.135 | op=SEND_HEARTBEAT {datanodeUUID=9ce04167-a631-4fac-8473-c8323544e086, command=[]} | ret=SUCCESS |  
2019-08-22 11:57:02,570 | INFO  | SCMAudit | user=jenkins1000 | ip=192.168.5.135 | op=SEND_HEARTBEAT {datanodeUUID=8c07d121-2c0d-4967-83b1-bdc1bfd445f6, command=[]} | ret=SUCCESS |  
2019-08-22 11:57:02,588 | INFO  | SCMAudit | user=jenkins1000 | ip=192.168.5.135 | op=SEND_HEARTBEAT {datanodeUUID=3bb875ee-c081-4eb6-9788-aa0c436bb6c2, command=[]} | ret=SUCCESS |  
2019-08-22 11:57:02,669 | INFO  | SCMAudit | user=jenkins1000 | ip=192.168.5.135 | op=SEND_HEARTBEAT {datanodeUUID=487af136-47a9-41f1-9b09-061295d8b4c4, command=[]} | ret=SUCCESS |  
2019-08-22 11:57:02,734 | INFO  | SCMAudit | user=jenkins1000 | ip=192.168.5.135 | op=SEND_HEARTBEAT {datanodeUUID=4a9862d5-694b-4c7d-b652-1fb8ddcfc588, command=[]} | ret=SUCCESS |  
2019-08-22 11:57:02,808 | INFO  | SCMAudit | user=jenkins1000 | ip=192.168.5.135 | op=SEND_HEARTBEAT {datanodeUUID=88458bba-7d36-4308-81a2-94c77140fafa, command=[]} | ret=SUCCESS |  
2019-08-22 11:57:02,881 [grpc-default-executor-1] INFO  client.GrpcClientProtocolClient (GrpcClientProtocolClient.java:onNext(255)) - client-ED44A0F3F27E->88458bba-7d36-4308-81a2-94c77140fafa: receive RaftClientReply:client-ED44A0F3F27E->88458bba-7d36-4308-81a2-94c77140fafa@group-67E69CFC7137, cid=79, FAILED org.apache.ratis.protocol.NotLeaderException: Server 88458bba-7d36-4308-81a2-94c77140fafa is not the leader (null). Request must be sent to leader., logIndex=0, commits[88458bba-7d36-4308-81a2-94c77140fafa:c-1]
2019-08-22 11:57:02,903 | INFO  | SCMAudit | user=jenkins1000 | ip=192.168.5.135 | op=SEND_HEARTBEAT {datanodeUUID=81358f04-b55e-4661-8083-492e8c5539a7, command=[]} | ret=SUCCESS |  
2019-08-22 11:57:03,018 | INFO  | SCMAudit | user=jenkins1000 | ip=192.168.5.135 | op=SEND_HEARTBEAT {datanodeUUID=1b7f7b5c-de1e-4a62-bdb1-87985564f9c2, command=[]} | ret=SUCCESS |  
2019-08-22 11:57:03,120 | INFO  | SCMAudit | user=jenkins1000 | ip=192.168.5.135 | op=SEND_HEARTBEAT {datanodeUUID=ac50c3b2-b81f-4c0a-b4fe-860d2c902727, command=[]} | ret=SUCCESS |  
2019-08-22 11:57:03,246 | INFO  | SCMAudit | user=jenkins1000 | ip=192.168.5.135 | op=SEND_HEARTBEAT {datanodeUUID=48b68c1b-b5ca-4998-b78e-17784c718845, command=[]} | ret=SUCCESS |  
2019-08-22 11:57:03,267 | INFO  | SCMAudit | user=jenkins1000 | ip=192.168.5.135 | op=SEND_HEARTBEAT {datanodeUUID=c2ff41bc-5475-4ec0-aa3a-f40fe56d194e, command=[]} | ret=SUCCESS |  
2019-08-22 11:57:03,354 | INFO  | SCMAudit | user=jenkins1000 | ip=192.168.5.135 | op=SEND_HEARTBEAT {datanodeUUID=5baf14f9-106a-4ced-9d22-c6d3b1d04d0e, command=[]} | ret=SUCCESS |  
2019-08-22 11:57:03,379 | INFO  | SCMAudit | user=jenkins1000 | ip=192.168.5.135 | op=SEND_HEARTBEAT {datanodeUUID=8085255e-7a41-426f-b0e8-2d5555c5b7b9, command=[]} | ret=SUCCESS |  
2019-08-22 11:57:03,471 | INFO  | SCMAudit | user=jenkins1000 | ip=192.168.5.135 | op=SEND_HEARTBEAT {datanodeUUID=9b0e54da-58f3-4b2f-aec1-b0a4cb1efbe1, command=[]} | ret=SUCCESS |  
2019-08-22 11:57:03,522 | INFO  | SCMAudit | user=jenkins1000 | ip=192.168.5.135 | op=SEND_HEARTBEAT {datanodeUUID=9ce04167-a631-4fac-8473-c8323544e086, command=[]} | ret=SUCCESS |  
2019-08-22 11:57:03,570 | INFO  | SCMAudit | user=jenkins1000 | ip=192.168.5.135 | op=SEND_HEARTBEAT {datanodeUUID=8c07d121-2c0d-4967-83b1-bdc1bfd445f6, command=[]} | ret=SUCCESS |  
2019-08-22 11:57:03,588 | INFO  | SCMAudit | user=jenkins1000 | ip=192.168.5.135 | op=SEND_HEARTBEAT {datanodeUUID=3bb875ee-c081-4eb6-9788-aa0c436bb6c2, command=[]} | ret=SUCCESS |  
2019-08-22 11:57:03,669 | INFO  | SCMAudit | user=jenkins1000 | ip=192.168.5.135 | op=SEND_HEARTBEAT {datanodeUUID=487af136-47a9-41f1-9b09-061295d8b4c4, command=[]} | ret=SUCCESS |  
2019-08-22 11:57:03,735 | INFO  | SCMAudit | user=jenkins1000 | ip=192.168.5.135 | op=SEND_HEARTBEAT {datanodeUUID=4a9862d5-694b-4c7d-b652-1fb8ddcfc588, command=[]} | ret=SUCCESS |  
2019-08-22 11:57:03,808 | INFO  | SCMAudit | user=jenkins1000 | ip=192.168.5.135 | op=SEND_HEARTBEAT {datanodeUUID=88458bba-7d36-4308-81a2-94c77140fafa, command=[]} | ret=SUCCESS |  
2019-08-22 11:57:03,903 [grpc-default-executor-5] INFO  client.GrpcClientProtocolClient (GrpcClientProtocolClient.java:onNext(255)) - client-ED44A0F3F27E->3bb875ee-c081-4eb6-9788-aa0c436bb6c2: receive RaftClientReply:client-ED44A0F3F27E->3bb875ee-c081-4eb6-9788-aa0c436bb6c2@group-67E69CFC7137, cid=79, FAILED org.apache.ratis.protocol.NotLeaderException: Server 3bb875ee-c081-4eb6-9788-aa0c436bb6c2 is not the leader (null). Request must be sent to leader., logIndex=0, commits[3bb875ee-c081-4eb6-9788-aa0c436bb6c2:c-1]
2019-08-22 11:57:03,903 | INFO  | SCMAudit | user=jenkins1000 | ip=192.168.5.135 | op=SEND_HEARTBEAT {datanodeUUID=81358f04-b55e-4661-8083-492e8c5539a7, command=[]} | ret=SUCCESS |  
2019-08-22 11:57:04,018 | INFO  | SCMAudit | user=jenkins1000 | ip=192.168.5.135 | op=SEND_HEARTBEAT {datanodeUUID=1b7f7b5c-de1e-4a62-bdb1-87985564f9c2, command=[]} | ret=SUCCESS |  
2019-08-22 11:57:04,120 | INFO  | SCMAudit | user=jenkins1000 | ip=192.168.5.135 | op=SEND_HEARTBEAT {datanodeUUID=ac50c3b2-b81f-4c0a-b4fe-860d2c902727, command=[]} | ret=SUCCESS |  
2019-08-22 11:57:04,246 | INFO  | SCMAudit | user=jenkins1000 | ip=192.168.5.135 | op=SEND_HEARTBEAT {datanodeUUID=48b68c1b-b5ca-4998-b78e-17784c718845, command=[]} | ret=SUCCESS |  
2019-08-22 11:57:04,268 | INFO  | SCMAudit | user=jenkins1000 | ip=192.168.5.135 | op=SEND_HEARTBEAT {datanodeUUID=c2ff41bc-5475-4ec0-aa3a-f40fe56d194e, command=[]} | ret=SUCCESS |  
2019-08-22 11:57:04,354 | INFO  | SCMAudit | user=jenkins1000 | ip=192.168.5.135 | op=SEND_HEARTBEAT {datanodeUUID=5baf14f9-106a-4ced-9d22-c6d3b1d04d0e, command=[]} | ret=SUCCESS |  
2019-08-22 11:57:04,379 | INFO  | SCMAudit | user=jenkins1000 | ip=192.168.5.135 | op=SEND_HEARTBEAT {datanodeUUID=8085255e-7a41-426f-b0e8-2d5555c5b7b9, command=[]} | ret=SUCCESS |  
2019-08-22 11:57:04,471 | INFO  | SCMAudit | user=jenkins1000 | ip=192.168.5.135 | op=SEND_HEARTBEAT {datanodeUUID=9b0e54da-58f3-4b2f-aec1-b0a4cb1efbe1, command=[]} | ret=SUCCESS |  
2019-08-22 11:57:04,522 | INFO  | SCMAudit | user=jenkins1000 | ip=192.168.5.135 | op=SEND_HEARTBEAT {datanodeUUID=9ce04167-a631-4fac-8473-c8323544e086, command=[]} | ret=SUCCESS |  
2019-08-22 11:57:04,569 | INFO  | SCMAudit | user=jenkins1000 | ip=192.168.5.135 | op=SEND_HEARTBEAT {datanodeUUID=8c07d121-2c0d-4967-83b1-bdc1bfd445f6, command=[]} | ret=SUCCESS |  
2019-08-22 11:57:04,588 | INFO  | SCMAudit | user=jenkins1000 | ip=192.168.5.135 | op=SEND_HEARTBEAT {datanodeUUID=3bb875ee-c081-4eb6-9788-aa0c436bb6c2, command=[]} | ret=SUCCESS |  
2019-08-22 11:57:04,669 | INFO  | SCMAudit | user=jenkins1000 | ip=192.168.5.135 | op=SEND_HEARTBEAT {datanodeUUID=487af136-47a9-41f1-9b09-061295d8b4c4, command=[]} | ret=SUCCESS |  
2019-08-22 11:57:04,735 | INFO  | SCMAudit | user=jenkins1000 | ip=192.168.5.135 | op=SEND_HEARTBEAT {datanodeUUID=4a9862d5-694b-4c7d-b652-1fb8ddcfc588, command=[]} | ret=SUCCESS |  
2019-08-22 11:57:04,809 | INFO  | SCMAudit | user=jenkins1000 | ip=192.168.5.135 | op=SEND_HEARTBEAT {datanodeUUID=88458bba-7d36-4308-81a2-94c77140fafa, command=[]} | ret=SUCCESS |  
2019-08-22 11:57:04,904 | INFO  | SCMAudit | user=jenkins1000 | ip=192.168.5.135 | op=SEND_HEARTBEAT {datanodeUUID=81358f04-b55e-4661-8083-492e8c5539a7, command=[]} | ret=SUCCESS |  
2019-08-22 11:57:04,917 [grpc-default-executor-1] INFO  client.GrpcClientProtocolClient (GrpcClientProtocolClient.java:onNext(255)) - client-ED44A0F3F27E->88458bba-7d36-4308-81a2-94c77140fafa: receive RaftClientReply:client-ED44A0F3F27E->88458bba-7d36-4308-81a2-94c77140fafa@group-67E69CFC7137, cid=79, FAILED org.apache.ratis.protocol.NotLeaderException: Server 88458bba-7d36-4308-81a2-94c77140fafa is not the leader (null). Request must be sent to leader., logIndex=0, commits[88458bba-7d36-4308-81a2-94c77140fafa:c-1]
2019-08-22 11:57:05,018 | INFO  | SCMAudit | user=jenkins1000 | ip=192.168.5.135 | op=SEND_HEARTBEAT {datanodeUUID=1b7f7b5c-de1e-4a62-bdb1-87985564f9c2, command=[]} | ret=SUCCESS |  
2019-08-22 11:57:05,120 | INFO  | SCMAudit | user=jenkins1000 | ip=192.168.5.135 | op=SEND_HEARTBEAT {datanodeUUID=ac50c3b2-b81f-4c0a-b4fe-860d2c902727, command=[]} | ret=SUCCESS |  
2019-08-22 11:57:05,179 [Thread-2039] INFO  impl.FollowerState (FollowerState.java:run(106)) - 3bb875ee-c081-4eb6-9788-aa0c436bb6c2:group-67E69CFC7137 changes to CANDIDATE, lastRpcTime:5034, electionTimeout:5034ms
2019-08-22 11:57:05,180 [Thread-2039] INFO  impl.RoleInfo (RoleInfo.java:shutdownFollowerState(121)) - 3bb875ee-c081-4eb6-9788-aa0c436bb6c2: shutdown FollowerState
2019-08-22 11:57:05,180 [Thread-2039] INFO  impl.RaftServerImpl (RaftServerImpl.java:setRole(171)) - 3bb875ee-c081-4eb6-9788-aa0c436bb6c2:group-67E69CFC7137 changes role from FOLLOWER to CANDIDATE at term 1 for changeToCandidate
2019-08-22 11:57:05,180 [Thread-2039] INFO  impl.RoleInfo (RoleInfo.java:updateAndGet(143)) - 3bb875ee-c081-4eb6-9788-aa0c436bb6c2: start LeaderElection
2019-08-22 11:57:05,192 [Thread-2040] INFO  impl.FollowerState (FollowerState.java:run(106)) - 88458bba-7d36-4308-81a2-94c77140fafa:group-67E69CFC7137 changes to CANDIDATE, lastRpcTime:5047, electionTimeout:5047ms
2019-08-22 11:57:05,193 [Thread-2040] INFO  impl.RoleInfo (RoleInfo.java:shutdownFollowerState(121)) - 88458bba-7d36-4308-81a2-94c77140fafa: shutdown FollowerState
2019-08-22 11:57:05,193 [Thread-2040] INFO  impl.RaftServerImpl (RaftServerImpl.java:setRole(171)) - 88458bba-7d36-4308-81a2-94c77140fafa:group-67E69CFC7137 changes role from FOLLOWER to CANDIDATE at term 1 for changeToCandidate
2019-08-22 11:57:05,193 [Thread-2040] INFO  impl.RoleInfo (RoleInfo.java:updateAndGet(143)) - 88458bba-7d36-4308-81a2-94c77140fafa: start LeaderElection
2019-08-22 11:57:05,246 | INFO  | SCMAudit | user=jenkins1000 | ip=192.168.5.135 | op=SEND_HEARTBEAT {datanodeUUID=48b68c1b-b5ca-4998-b78e-17784c718845, command=[]} | ret=SUCCESS |  
2019-08-22 11:57:05,269 | INFO  | SCMAudit | user=jenkins1000 | ip=192.168.5.135 | op=SEND_HEARTBEAT {datanodeUUID=c2ff41bc-5475-4ec0-aa3a-f40fe56d194e, command=[]} | ret=SUCCESS |  
2019-08-22 11:57:05,307 [Thread-2038] INFO  impl.FollowerState (FollowerState.java:run(106)) - 5baf14f9-106a-4ced-9d22-c6d3b1d04d0e:group-67E69CFC7137 changes to CANDIDATE, lastRpcTime:5163, electionTimeout:5163ms
2019-08-22 11:57:05,307 [Thread-2038] INFO  impl.RoleInfo (RoleInfo.java:shutdownFollowerState(121)) - 5baf14f9-106a-4ced-9d22-c6d3b1d04d0e: shutdown FollowerState
2019-08-22 11:57:05,307 [Thread-2038] INFO  impl.RaftServerImpl (RaftServerImpl.java:setRole(171)) - 5baf14f9-106a-4ced-9d22-c6d3b1d04d0e:group-67E69CFC7137 changes role from FOLLOWER to CANDIDATE at term 1 for changeToCandidate
2019-08-22 11:57:05,307 [Thread-2038] INFO  impl.RoleInfo (RoleInfo.java:updateAndGet(143)) - 5baf14f9-106a-4ced-9d22-c6d3b1d04d0e: start LeaderElection
2019-08-22 11:57:05,354 | INFO  | SCMAudit | user=jenkins1000 | ip=192.168.5.135 | op=SEND_HEARTBEAT {datanodeUUID=5baf14f9-106a-4ced-9d22-c6d3b1d04d0e, command=[]} | ret=SUCCESS |  
2019-08-22 11:57:05,379 | INFO  | SCMAudit | user=jenkins1000 | ip=192.168.5.135 | op=SEND_HEARTBEAT {datanodeUUID=8085255e-7a41-426f-b0e8-2d5555c5b7b9, command=[]} | ret=SUCCESS |  
2019-08-22 11:57:05,472 | INFO  | SCMAudit | user=jenkins1000 | ip=192.168.5.135 | op=SEND_HEARTBEAT {datanodeUUID=9b0e54da-58f3-4b2f-aec1-b0a4cb1efbe1, command=[]} | ret=SUCCESS |  
2019-08-22 11:57:05,522 | INFO  | SCMAudit | user=jenkins1000 | ip=192.168.5.135 | op=SEND_HEARTBEAT {datanodeUUID=9ce04167-a631-4fac-8473-c8323544e086, command=[]} | ret=SUCCESS |  
2019-08-22 11:57:05,570 | INFO  | SCMAudit | user=jenkins1000 | ip=192.168.5.135 | op=SEND_HEARTBEAT {datanodeUUID=8c07d121-2c0d-4967-83b1-bdc1bfd445f6, command=[]} | ret=SUCCESS |  
2019-08-22 11:57:05,588 | INFO  | SCMAudit | user=jenkins1000 | ip=192.168.5.135 | op=SEND_HEARTBEAT {datanodeUUID=3bb875ee-c081-4eb6-9788-aa0c436bb6c2, command=[]} | ret=SUCCESS |  
2019-08-22 11:57:05,669 | INFO  | SCMAudit | user=jenkins1000 | ip=192.168.5.135 | op=SEND_HEARTBEAT {datanodeUUID=487af136-47a9-41f1-9b09-061295d8b4c4, command=[]} | ret=SUCCESS |  
2019-08-22 11:57:05,735 | INFO  | SCMAudit | user=jenkins1000 | ip=192.168.5.135 | op=SEND_HEARTBEAT {datanodeUUID=4a9862d5-694b-4c7d-b652-1fb8ddcfc588, command=[]} | ret=SUCCESS |  
2019-08-22 11:57:05,809 | INFO  | SCMAudit | user=jenkins1000 | ip=192.168.5.135 | op=SEND_HEARTBEAT {datanodeUUID=88458bba-7d36-4308-81a2-94c77140fafa, command=[]} | ret=SUCCESS |  
2019-08-22 11:57:05,903 | INFO  | SCMAudit | user=jenkins1000 | ip=192.168.5.135 | op=SEND_HEARTBEAT {datanodeUUID=81358f04-b55e-4661-8083-492e8c5539a7, command=[]} | ret=SUCCESS |  
2019-08-22 11:57:05,932 [grpc-default-executor-1] INFO  client.GrpcClientProtocolClient (GrpcClientProtocolClient.java:onNext(255)) - client-ED44A0F3F27E->5baf14f9-106a-4ced-9d22-c6d3b1d04d0e: receive RaftClientReply:client-ED44A0F3F27E->5baf14f9-106a-4ced-9d22-c6d3b1d04d0e@group-67E69CFC7137, cid=79, FAILED org.apache.ratis.protocol.NotLeaderException: Server 5baf14f9-106a-4ced-9d22-c6d3b1d04d0e is not the leader (null). Request must be sent to leader., logIndex=0, commits[5baf14f9-106a-4ced-9d22-c6d3b1d04d0e:c-1]
2019-08-22 11:57:06,018 | INFO  | SCMAudit | user=jenkins1000 | ip=192.168.5.135 | op=SEND_HEARTBEAT {datanodeUUID=1b7f7b5c-de1e-4a62-bdb1-87985564f9c2, command=[]} | ret=SUCCESS |  
2019-08-22 11:57:06,120 | INFO  | SCMAudit | user=jenkins1000 | ip=192.168.5.135 | op=SEND_HEARTBEAT {datanodeUUID=ac50c3b2-b81f-4c0a-b4fe-860d2c902727, command=[]} | ret=SUCCESS |  
2019-08-22 11:57:06,246 | INFO  | SCMAudit | user=jenkins1000 | ip=192.168.5.135 | op=SEND_HEARTBEAT {datanodeUUID=48b68c1b-b5ca-4998-b78e-17784c718845, command=[]} | ret=SUCCESS |  
2019-08-22 11:57:06,269 | INFO  | SCMAudit | user=jenkins1000 | ip=192.168.5.135 | op=SEND_HEARTBEAT {datanodeUUID=c2ff41bc-5475-4ec0-aa3a-f40fe56d194e, command=[]} | ret=SUCCESS |  
2019-08-22 11:57:06,354 | INFO  | SCMAudit | user=jenkins1000 | ip=192.168.5.135 | op=SEND_HEARTBEAT {datanodeUUID=5baf14f9-106a-4ced-9d22-c6d3b1d04d0e, command=[]} | ret=SUCCESS |  
2019-08-22 11:57:06,379 | INFO  | SCMAudit | user=jenkins1000 | ip=192.168.5.135 | op=SEND_HEARTBEAT {datanodeUUID=8085255e-7a41-426f-b0e8-2d5555c5b7b9, command=[]} | ret=SUCCESS |  
2019-08-22 11:57:06,472 | INFO  | SCMAudit | user=jenkins1000 | ip=192.168.5.135 | op=SEND_HEARTBEAT {datanodeUUID=9b0e54da-58f3-4b2f-aec1-b0a4cb1efbe1, command=[]} | ret=SUCCESS |  
2019-08-22 11:57:06,522 | INFO  | SCMAudit | user=jenkins1000 | ip=192.168.5.135 | op=SEND_HEARTBEAT {datanodeUUID=9ce04167-a631-4fac-8473-c8323544e086, command=[]} | ret=SUCCESS |  
2019-08-22 11:57:06,570 | INFO  | SCMAudit | user=jenkins1000 | ip=192.168.5.135 | op=SEND_HEARTBEAT {datanodeUUID=8c07d121-2c0d-4967-83b1-bdc1bfd445f6, command=[]} | ret=SUCCESS |  
2019-08-22 11:57:06,588 | INFO  | SCMAudit | user=jenkins1000 | ip=192.168.5.135 | op=SEND_HEARTBEAT {datanodeUUID=3bb875ee-c081-4eb6-9788-aa0c436bb6c2, command=[]} | ret=SUCCESS |  
2019-08-22 11:57:06,669 | INFO  | SCMAudit | user=jenkins1000 | ip=192.168.5.135 | op=SEND_HEARTBEAT {datanodeUUID=487af136-47a9-41f1-9b09-061295d8b4c4, command=[]} | ret=SUCCESS |  
2019-08-22 11:57:06,735 | INFO  | SCMAudit | user=jenkins1000 | ip=192.168.5.135 | op=SEND_HEARTBEAT {datanodeUUID=4a9862d5-694b-4c7d-b652-1fb8ddcfc588, command=[]} | ret=SUCCESS |  
2019-08-22 11:57:06,809 | INFO  | SCMAudit | user=jenkins1000 | ip=192.168.5.135 | op=SEND_HEARTBEAT {datanodeUUID=88458bba-7d36-4308-81a2-94c77140fafa, command=[]} | ret=SUCCESS |  
2019-08-22 11:57:06,904 | INFO  | SCMAudit | user=jenkins1000 | ip=192.168.5.135 | op=SEND_HEARTBEAT {datanodeUUID=81358f04-b55e-4661-8083-492e8c5539a7, command=[]} | ret=SUCCESS |  
2019-08-22 11:57:06,952 [grpc-default-executor-1] INFO  client.GrpcClientProtocolClient (GrpcClientProtocolClient.java:onNext(255)) - client-ED44A0F3F27E->88458bba-7d36-4308-81a2-94c77140fafa: receive RaftClientReply:client-ED44A0F3F27E->88458bba-7d36-4308-81a2-94c77140fafa@group-67E69CFC7137, cid=79, FAILED org.apache.ratis.protocol.NotLeaderException: Server 88458bba-7d36-4308-81a2-94c77140fafa is not the leader (null). Request must be sent to leader., logIndex=0, commits[88458bba-7d36-4308-81a2-94c77140fafa:c-1]
2019-08-22 11:57:07,018 | INFO  | SCMAudit | user=jenkins1000 | ip=192.168.5.135 | op=SEND_HEARTBEAT {datanodeUUID=1b7f7b5c-de1e-4a62-bdb1-87985564f9c2, command=[]} | ret=SUCCESS |  
2019-08-22 11:57:07,120 | INFO  | SCMAudit | user=jenkins1000 | ip=192.168.5.135 | op=SEND_HEARTBEAT {datanodeUUID=ac50c3b2-b81f-4c0a-b4fe-860d2c902727, command=[]} | ret=SUCCESS |  
2019-08-22 11:57:07,246 | INFO  | SCMAudit | user=jenkins1000 | ip=192.168.5.135 | op=SEND_HEARTBEAT {datanodeUUID=48b68c1b-b5ca-4998-b78e-17784c718845, command=[]} | ret=SUCCESS |  
2019-08-22 11:57:07,269 | INFO  | SCMAudit | user=jenkins1000 | ip=192.168.5.135 | op=SEND_HEARTBEAT {datanodeUUID=c2ff41bc-5475-4ec0-aa3a-f40fe56d194e, command=[]} | ret=SUCCESS |  
2019-08-22 11:57:07,354 | INFO  | SCMAudit | user=jenkins1000 | ip=192.168.5.135 | op=SEND_HEARTBEAT {datanodeUUID=5baf14f9-106a-4ced-9d22-c6d3b1d04d0e, command=[]} | ret=SUCCESS |  
2019-08-22 11:57:07,380 | INFO  | SCMAudit | user=jenkins1000 | ip=192.168.5.135 | op=SEND_HEARTBEAT {datanodeUUID=8085255e-7a41-426f-b0e8-2d5555c5b7b9, command=[]} | ret=SUCCESS |  
2019-08-22 11:57:07,473 | INFO  | SCMAudit | user=jenkins1000 | ip=192.168.5.135 | op=SEND_HEARTBEAT {datanodeUUID=9b0e54da-58f3-4b2f-aec1-b0a4cb1efbe1, command=[]} | ret=SUCCESS |  
2019-08-22 11:57:07,522 | INFO  | SCMAudit | user=jenkins1000 | ip=192.168.5.135 | op=SEND_HEARTBEAT {datanodeUUID=9ce04167-a631-4fac-8473-c8323544e086, command=[]} | ret=SUCCESS |  
2019-08-22 11:57:07,571 | INFO  | SCMAudit | user=jenkins1000 | ip=192.168.5.135 | op=SEND_HEARTBEAT {datanodeUUID=8c07d121-2c0d-4967-83b1-bdc1bfd445f6, command=[]} | ret=SUCCESS |  
2019-08-22 11:57:07,588 | INFO  | SCMAudit | user=jenkins1000 | ip=192.168.5.135 | op=SEND_HEARTBEAT {datanodeUUID=3bb875ee-c081-4eb6-9788-aa0c436bb6c2, command=[]} | ret=SUCCESS |  
2019-08-22 11:57:07,669 | INFO  | SCMAudit | user=jenkins1000 | ip=192.168.5.135 | op=SEND_HEARTBEAT {datanodeUUID=487af136-47a9-41f1-9b09-061295d8b4c4, command=[]} | ret=SUCCESS |  
2019-08-22 11:57:07,736 | INFO  | SCMAudit | user=jenkins1000 | ip=192.168.5.135 | op=SEND_HEARTBEAT {datanodeUUID=4a9862d5-694b-4c7d-b652-1fb8ddcfc588, command=[]} | ret=SUCCESS |  
2019-08-22 11:57:07,809 | INFO  | SCMAudit | user=jenkins1000 | ip=192.168.5.135 | op=SEND_HEARTBEAT {datanodeUUID=88458bba-7d36-4308-81a2-94c77140fafa, command=[]} | ret=SUCCESS |  
2019-08-22 11:57:07,903 | INFO  | SCMAudit | user=jenkins1000 | ip=192.168.5.135 | op=SEND_HEARTBEAT {datanodeUUID=81358f04-b55e-4661-8083-492e8c5539a7, command=[]} | ret=SUCCESS |  
2019-08-22 11:57:07,973 [grpc-default-executor-1] INFO  client.GrpcClientProtocolClient (GrpcClientProtocolClient.java:onNext(255)) - client-ED44A0F3F27E->5baf14f9-106a-4ced-9d22-c6d3b1d04d0e: receive RaftClientReply:client-ED44A0F3F27E->5baf14f9-106a-4ced-9d22-c6d3b1d04d0e@group-67E69CFC7137, cid=79, FAILED org.apache.ratis.protocol.NotLeaderException: Server 5baf14f9-106a-4ced-9d22-c6d3b1d04d0e is not the leader (null). Request must be sent to leader., logIndex=0, commits[5baf14f9-106a-4ced-9d22-c6d3b1d04d0e:c-1]
2019-08-22 11:57:08,018 | INFO  | SCMAudit | user=jenkins1000 | ip=192.168.5.135 | op=SEND_HEARTBEAT {datanodeUUID=1b7f7b5c-de1e-4a62-bdb1-87985564f9c2, command=[]} | ret=SUCCESS |  
2019-08-22 11:57:08,120 | INFO  | SCMAudit | user=jenkins1000 | ip=192.168.5.135 | op=SEND_HEARTBEAT {datanodeUUID=ac50c3b2-b81f-4c0a-b4fe-860d2c902727, command=[]} | ret=SUCCESS |  
2019-08-22 11:57:08,246 | INFO  | SCMAudit | user=jenkins1000 | ip=192.168.5.135 | op=SEND_HEARTBEAT {datanodeUUID=48b68c1b-b5ca-4998-b78e-17784c718845, command=[]} | ret=SUCCESS |  
2019-08-22 11:57:08,269 | INFO  | SCMAudit | user=jenkins1000 | ip=192.168.5.135 | op=SEND_HEARTBEAT {datanodeUUID=c2ff41bc-5475-4ec0-aa3a-f40fe56d194e, command=[]} | ret=SUCCESS |  
2019-08-22 11:57:08,355 | INFO  | SCMAudit | user=jenkins1000 | ip=192.168.5.135 | op=SEND_HEARTBEAT {datanodeUUID=5baf14f9-106a-4ced-9d22-c6d3b1d04d0e, command=[]} | ret=SUCCESS |  
2019-08-22 11:57:08,380 | INFO  | SCMAudit | user=jenkins1000 | ip=192.168.5.135 | op=SEND_HEARTBEAT {datanodeUUID=8085255e-7a41-426f-b0e8-2d5555c5b7b9, command=[]} | ret=SUCCESS |  
2019-08-22 11:57:08,473 | INFO  | SCMAudit | user=jenkins1000 | ip=192.168.5.135 | op=SEND_HEARTBEAT {datanodeUUID=9b0e54da-58f3-4b2f-aec1-b0a4cb1efbe1, command=[]} | ret=SUCCESS |  
2019-08-22 11:57:08,522 | INFO  | SCMAudit | user=jenkins1000 | ip=192.168.5.135 | op=SEND_HEARTBEAT {datanodeUUID=9ce04167-a631-4fac-8473-c8323544e086, command=[]} | ret=SUCCESS |  
2019-08-22 11:57:08,570 | INFO  | SCMAudit | user=jenkins1000 | ip=192.168.5.135 | op=SEND_HEARTBEAT {datanodeUUID=8c07d121-2c0d-4967-83b1-bdc1bfd445f6, command=[]} | ret=SUCCESS |  
2019-08-22 11:57:08,588 | INFO  | SCMAudit | user=jenkins1000 | ip=192.168.5.135 | op=SEND_HEARTBEAT {datanodeUUID=3bb875ee-c081-4eb6-9788-aa0c436bb6c2, command=[]} | ret=SUCCESS |  
2019-08-22 11:57:08,669 | INFO  | SCMAudit | user=jenkins1000 | ip=192.168.5.135 | op=SEND_HEARTBEAT {datanodeUUID=487af136-47a9-41f1-9b09-061295d8b4c4, command=[]} | ret=SUCCESS |  
2019-08-22 11:57:08,736 | INFO  | SCMAudit | user=jenkins1000 | ip=192.168.5.135 | op=SEND_HEARTBEAT {datanodeUUID=4a9862d5-694b-4c7d-b652-1fb8ddcfc588, command=[]} | ret=SUCCESS |  
2019-08-22 11:57:08,810 | INFO  | SCMAudit | user=jenkins1000 | ip=192.168.5.135 | op=SEND_HEARTBEAT {datanodeUUID=88458bba-7d36-4308-81a2-94c77140fafa, command=[]} | ret=SUCCESS |  
2019-08-22 11:57:08,904 | INFO  | SCMAudit | user=jenkins1000 | ip=192.168.5.135 | op=SEND_HEARTBEAT {datanodeUUID=81358f04-b55e-4661-8083-492e8c5539a7, command=[]} | ret=SUCCESS |  
2019-08-22 11:57:08,992 [grpc-default-executor-5] INFO  client.GrpcClientProtocolClient (GrpcClientProtocolClient.java:onNext(255)) - client-ED44A0F3F27E->3bb875ee-c081-4eb6-9788-aa0c436bb6c2: receive RaftClientReply:client-ED44A0F3F27E->3bb875ee-c081-4eb6-9788-aa0c436bb6c2@group-67E69CFC7137, cid=79, FAILED org.apache.ratis.protocol.NotLeaderException: Server 3bb875ee-c081-4eb6-9788-aa0c436bb6c2 is not the leader (null). Request must be sent to leader., logIndex=0, commits[3bb875ee-c081-4eb6-9788-aa0c436bb6c2:c-1]
2019-08-22 11:57:09,018 | INFO  | SCMAudit | user=jenkins1000 | ip=192.168.5.135 | op=SEND_HEARTBEAT {datanodeUUID=1b7f7b5c-de1e-4a62-bdb1-87985564f9c2, command=[]} | ret=SUCCESS |  
2019-08-22 11:57:09,120 | INFO  | SCMAudit | user=jenkins1000 | ip=192.168.5.135 | op=SEND_HEARTBEAT {datanodeUUID=ac50c3b2-b81f-4c0a-b4fe-860d2c902727, command=[]} | ret=SUCCESS |  
2019-08-22 11:57:09,246 | INFO  | SCMAudit | user=jenkins1000 | ip=192.168.5.135 | op=SEND_HEARTBEAT {datanodeUUID=48b68c1b-b5ca-4998-b78e-17784c718845, command=[]} | ret=SUCCESS |  
2019-08-22 11:57:09,269 | INFO  | SCMAudit | user=jenkins1000 | ip=192.168.5.135 | op=SEND_HEARTBEAT {datanodeUUID=c2ff41bc-5475-4ec0-aa3a-f40fe56d194e, command=[]} | ret=SUCCESS |  
2019-08-22 11:57:09,355 | INFO  | SCMAudit | user=jenkins1000 | ip=192.168.5.135 | op=SEND_HEARTBEAT {datanodeUUID=5baf14f9-106a-4ced-9d22-c6d3b1d04d0e, command=[]} | ret=SUCCESS |  
2019-08-22 11:57:09,380 | INFO  | SCMAudit | user=jenkins1000 | ip=192.168.5.135 | op=SEND_HEARTBEAT {datanodeUUID=8085255e-7a41-426f-b0e8-2d5555c5b7b9, command=[]} | ret=SUCCESS |  
2019-08-22 11:57:09,473 | INFO  | SCMAudit | user=jenkins1000 | ip=192.168.5.135 | op=SEND_HEARTBEAT {datanodeUUID=9b0e54da-58f3-4b2f-aec1-b0a4cb1efbe1, command=[]} | ret=SUCCESS |  
2019-08-22 11:57:09,522 | INFO  | SCMAudit | user=jenkins1000 | ip=192.168.5.135 | op=SEND_HEARTBEAT {datanodeUUID=9ce04167-a631-4fac-8473-c8323544e086, command=[]} | ret=SUCCESS |  
2019-08-22 11:57:09,570 | INFO  | SCMAudit | user=jenkins1000 | ip=192.168.5.135 | op=SEND_HEARTBEAT {datanodeUUID=8c07d121-2c0d-4967-83b1-bdc1bfd445f6, command=[]} | ret=SUCCESS |  
2019-08-22 11:57:09,588 | INFO  | SCMAudit | user=jenkins1000 | ip=192.168.5.135 | op=SEND_HEARTBEAT {datanodeUUID=3bb875ee-c081-4eb6-9788-aa0c436bb6c2, command=[]} | ret=SUCCESS |  
2019-08-22 11:57:09,669 | INFO  | SCMAudit | user=jenkins1000 | ip=192.168.5.135 | op=SEND_HEARTBEAT {datanodeUUID=487af136-47a9-41f1-9b09-061295d8b4c4, command=[]} | ret=SUCCESS |  
2019-08-22 11:57:09,737 | INFO  | SCMAudit | user=jenkins1000 | ip=192.168.5.135 | op=SEND_HEARTBEAT {datanodeUUID=4a9862d5-694b-4c7d-b652-1fb8ddcfc588, command=[]} | ret=SUCCESS |  
2019-08-22 11:57:09,810 | INFO  | SCMAudit | user=jenkins1000 | ip=192.168.5.135 | op=SEND_HEARTBEAT {datanodeUUID=88458bba-7d36-4308-81a2-94c77140fafa, command=[]} | ret=SUCCESS |  
2019-08-22 11:57:09,904 | INFO  | SCMAudit | user=jenkins1000 | ip=192.168.5.135 | op=SEND_HEARTBEAT {datanodeUUID=81358f04-b55e-4661-8083-492e8c5539a7, command=[]} | ret=SUCCESS |  
2019-08-22 11:57:10,012 [grpc-default-executor-1] INFO  client.GrpcClientProtocolClient (GrpcClientProtocolClient.java:onNext(255)) - client-ED44A0F3F27E->5baf14f9-106a-4ced-9d22-c6d3b1d04d0e: receive RaftClientReply:client-ED44A0F3F27E->5baf14f9-106a-4ced-9d22-c6d3b1d04d0e@group-67E69CFC7137, cid=79, FAILED org.apache.ratis.protocol.NotLeaderException: Server 5baf14f9-106a-4ced-9d22-c6d3b1d04d0e is not the leader (null). Request must be sent to leader., logIndex=0, commits[5baf14f9-106a-4ced-9d22-c6d3b1d04d0e:c-1]
2019-08-22 11:57:10,018 | INFO  | SCMAudit | user=jenkins1000 | ip=192.168.5.135 | op=SEND_HEARTBEAT {datanodeUUID=1b7f7b5c-de1e-4a62-bdb1-87985564f9c2, command=[]} | ret=SUCCESS |  
2019-08-22 11:57:10,120 | INFO  | SCMAudit | user=jenkins1000 | ip=192.168.5.135 | op=SEND_HEARTBEAT {datanodeUUID=ac50c3b2-b81f-4c0a-b4fe-860d2c902727, command=[]} | ret=SUCCESS |  
2019-08-22 11:57:10,246 | INFO  | SCMAudit | user=jenkins1000 | ip=192.168.5.135 | op=SEND_HEARTBEAT {datanodeUUID=48b68c1b-b5ca-4998-b78e-17784c718845, command=[]} | ret=SUCCESS |  
2019-08-22 11:57:10,269 | INFO  | SCMAudit | user=jenkins1000 | ip=192.168.5.135 | op=SEND_HEARTBEAT {datanodeUUID=c2ff41bc-5475-4ec0-aa3a-f40fe56d194e, command=[]} | ret=SUCCESS |  
2019-08-22 11:57:10,355 | INFO  | SCMAudit | user=jenkins1000 | ip=192.168.5.135 | op=SEND_HEARTBEAT {datanodeUUID=5baf14f9-106a-4ced-9d22-c6d3b1d04d0e, command=[]} | ret=SUCCESS |  
2019-08-22 11:57:10,380 | INFO  | SCMAudit | user=jenkins1000 | ip=192.168.5.135 | op=SEND_HEARTBEAT {datanodeUUID=8085255e-7a41-426f-b0e8-2d5555c5b7b9, command=[]} | ret=SUCCESS |  
2019-08-22 11:57:10,473 | INFO  | SCMAudit | user=jenkins1000 | ip=192.168.5.135 | op=SEND_HEARTBEAT {datanodeUUID=9b0e54da-58f3-4b2f-aec1-b0a4cb1efbe1, command=[]} | ret=SUCCESS |  
2019-08-22 11:57:10,522 | INFO  | SCMAudit | user=jenkins1000 | ip=192.168.5.135 | op=SEND_HEARTBEAT {datanodeUUID=9ce04167-a631-4fac-8473-c8323544e086, command=[]} | ret=SUCCESS |  
2019-08-22 11:57:10,570 | INFO  | SCMAudit | user=jenkins1000 | ip=192.168.5.135 | op=SEND_HEARTBEAT {datanodeUUID=8c07d121-2c0d-4967-83b1-bdc1bfd445f6, command=[]} | ret=SUCCESS |  
2019-08-22 11:57:10,588 | INFO  | SCMAudit | user=jenkins1000 | ip=192.168.5.135 | op=SEND_HEARTBEAT {datanodeUUID=3bb875ee-c081-4eb6-9788-aa0c436bb6c2, command=[]} | ret=SUCCESS |  
2019-08-22 11:57:10,669 | INFO  | SCMAudit | user=jenkins1000 | ip=192.168.5.135 | op=SEND_HEARTBEAT {datanodeUUID=487af136-47a9-41f1-9b09-061295d8b4c4, command=[]} | ret=SUCCESS |  
2019-08-22 11:57:10,737 | INFO  | SCMAudit | user=jenkins1000 | ip=192.168.5.135 | op=SEND_HEARTBEAT {datanodeUUID=4a9862d5-694b-4c7d-b652-1fb8ddcfc588, command=[]} | ret=SUCCESS |  
2019-08-22 11:57:10,810 | INFO  | SCMAudit | user=jenkins1000 | ip=192.168.5.135 | op=SEND_HEARTBEAT {datanodeUUID=88458bba-7d36-4308-81a2-94c77140fafa, command=[]} | ret=SUCCESS |  
2019-08-22 11:57:10,905 | INFO  | SCMAudit | user=jenkins1000 | ip=192.168.5.135 | op=SEND_HEARTBEAT {datanodeUUID=81358f04-b55e-4661-8083-492e8c5539a7, command=[]} | ret=SUCCESS |  
2019-08-22 11:57:11,026 | INFO  | SCMAudit | user=jenkins1000 | ip=192.168.5.135 | op=SEND_HEARTBEAT {datanodeUUID=1b7f7b5c-de1e-4a62-bdb1-87985564f9c2, command=[]} | ret=SUCCESS |  
2019-08-22 11:57:11,034 [grpc-default-executor-1] INFO  client.GrpcClientProtocolClient (GrpcClientProtocolClient.java:onNext(255)) - client-ED44A0F3F27E->88458bba-7d36-4308-81a2-94c77140fafa: receive RaftClientReply:client-ED44A0F3F27E->88458bba-7d36-4308-81a2-94c77140fafa@group-67E69CFC7137, cid=79, FAILED org.apache.ratis.protocol.NotLeaderException: Server 88458bba-7d36-4308-81a2-94c77140fafa is not the leader (null). Request must be sent to leader., logIndex=0, commits[88458bba-7d36-4308-81a2-94c77140fafa:c-1]
2019-08-22 11:57:11,120 | INFO  | SCMAudit | user=jenkins1000 | ip=192.168.5.135 | op=SEND_HEARTBEAT {datanodeUUID=ac50c3b2-b81f-4c0a-b4fe-860d2c902727, command=[]} | ret=SUCCESS |  
2019-08-22 11:57:11,246 | INFO  | SCMAudit | user=jenkins1000 | ip=192.168.5.135 | op=SEND_HEARTBEAT {datanodeUUID=48b68c1b-b5ca-4998-b78e-17784c718845, command=[]} | ret=SUCCESS |  
2019-08-22 11:57:11,270 | INFO  | SCMAudit | user=jenkins1000 | ip=192.168.5.135 | op=SEND_HEARTBEAT {datanodeUUID=c2ff41bc-5475-4ec0-aa3a-f40fe56d194e, command=[]} | ret=SUCCESS |  
2019-08-22 11:57:11,355 | INFO  | SCMAudit | user=jenkins1000 | ip=192.168.5.135 | op=SEND_HEARTBEAT {datanodeUUID=5baf14f9-106a-4ced-9d22-c6d3b1d04d0e, command=[]} | ret=SUCCESS |  
2019-08-22 11:57:11,380 | INFO  | SCMAudit | user=jenkins1000 | ip=192.168.5.135 | op=SEND_HEARTBEAT {datanodeUUID=8085255e-7a41-426f-b0e8-2d5555c5b7b9, command=[]} | ret=SUCCESS |  
2019-08-22 11:57:11,473 | INFO  | SCMAudit | user=jenkins1000 | ip=192.168.5.135 | op=SEND_HEARTBEAT {datanodeUUID=9b0e54da-58f3-4b2f-aec1-b0a4cb1efbe1, command=[]} | ret=SUCCESS |  
2019-08-22 11:57:11,522 | INFO  | SCMAudit | user=jenkins1000 | ip=192.168.5.135 | op=SEND_HEARTBEAT {datanodeUUID=9ce04167-a631-4fac-8473-c8323544e086, command=[]} | ret=SUCCESS |  
2019-08-22 11:57:11,570 | INFO  | SCMAudit | user=jenkins1000 | ip=192.168.5.135 | op=SEND_HEARTBEAT {datanodeUUID=8c07d121-2c0d-4967-83b1-bdc1bfd445f6, command=[]} | ret=SUCCESS |  
2019-08-22 11:57:11,588 | INFO  | SCMAudit | user=jenkins1000 | ip=192.168.5.135 | op=SEND_HEARTBEAT {datanodeUUID=3bb875ee-c081-4eb6-9788-aa0c436bb6c2, command=[]} | ret=SUCCESS |  
2019-08-22 11:57:11,670 | INFO  | SCMAudit | user=jenkins1000 | ip=192.168.5.135 | op=SEND_HEARTBEAT {datanodeUUID=487af136-47a9-41f1-9b09-061295d8b4c4, command=[]} | ret=SUCCESS |  
2019-08-22 11:57:11,737 | INFO  | SCMAudit | user=jenkins1000 | ip=192.168.5.135 | op=SEND_HEARTBEAT {datanodeUUID=4a9862d5-694b-4c7d-b652-1fb8ddcfc588, command=[]} | ret=SUCCESS |  
2019-08-22 11:57:11,810 | INFO  | SCMAudit | user=jenkins1000 | ip=192.168.5.135 | op=SEND_HEARTBEAT {datanodeUUID=88458bba-7d36-4308-81a2-94c77140fafa, command=[]} | ret=SUCCESS |  
2019-08-22 11:57:11,904 | INFO  | SCMAudit | user=jenkins1000 | ip=192.168.5.135 | op=SEND_HEARTBEAT {datanodeUUID=81358f04-b55e-4661-8083-492e8c5539a7, command=[]} | ret=SUCCESS |  
2019-08-22 11:57:12,026 | INFO  | SCMAudit | user=jenkins1000 | ip=192.168.5.135 | op=SEND_HEARTBEAT {datanodeUUID=1b7f7b5c-de1e-4a62-bdb1-87985564f9c2, command=[]} | ret=SUCCESS |  
2019-08-22 11:57:12,057 [grpc-default-executor-1] INFO  client.GrpcClientProtocolClient (GrpcClientProtocolClient.java:onNext(255)) - client-ED44A0F3F27E->5baf14f9-106a-4ced-9d22-c6d3b1d04d0e: receive RaftClientReply:client-ED44A0F3F27E->5baf14f9-106a-4ced-9d22-c6d3b1d04d0e@group-67E69CFC7137, cid=79, FAILED org.apache.ratis.protocol.NotLeaderException: Server 5baf14f9-106a-4ced-9d22-c6d3b1d04d0e is not the leader (null). Request must be sent to leader., logIndex=0, commits[5baf14f9-106a-4ced-9d22-c6d3b1d04d0e:c-1]
2019-08-22 11:57:12,120 | INFO  | SCMAudit | user=jenkins1000 | ip=192.168.5.135 | op=SEND_HEARTBEAT {datanodeUUID=ac50c3b2-b81f-4c0a-b4fe-860d2c902727, command=[]} | ret=SUCCESS |  
2019-08-22 11:57:12,246 | INFO  | SCMAudit | user=jenkins1000 | ip=192.168.5.135 | op=SEND_HEARTBEAT {datanodeUUID=48b68c1b-b5ca-4998-b78e-17784c718845, command=[]} | ret=SUCCESS |  
2019-08-22 11:57:12,270 | INFO  | SCMAudit | user=jenkins1000 | ip=192.168.5.135 | op=SEND_HEARTBEAT {datanodeUUID=c2ff41bc-5475-4ec0-aa3a-f40fe56d194e, command=[]} | ret=SUCCESS |  
2019-08-22 11:57:12,355 | INFO  | SCMAudit | user=jenkins1000 | ip=192.168.5.135 | op=SEND_HEARTBEAT {datanodeUUID=5baf14f9-106a-4ced-9d22-c6d3b1d04d0e, command=[]} | ret=SUCCESS |  
2019-08-22 11:57:12,380 | INFO  | SCMAudit | user=jenkins1000 | ip=192.168.5.135 | op=SEND_HEARTBEAT {datanodeUUID=8085255e-7a41-426f-b0e8-2d5555c5b7b9, command=[]} | ret=SUCCESS |  
2019-08-22 11:57:12,473 | INFO  | SCMAudit | user=jenkins1000 | ip=192.168.5.135 | op=SEND_HEARTBEAT {datanodeUUID=9b0e54da-58f3-4b2f-aec1-b0a4cb1efbe1, command=[]} | ret=SUCCESS |  
2019-08-22 11:57:12,522 | INFO  | SCMAudit | user=jenkins1000 | ip=192.168.5.135 | op=SEND_HEARTBEAT {datanodeUUID=9ce04167-a631-4fac-8473-c8323544e086, command=[]} | ret=SUCCESS |  
2019-08-22 11:57:12,571 | INFO  | SCMAudit | user=jenkins1000 | ip=192.168.5.135 | op=SEND_HEARTBEAT {datanodeUUID=8c07d121-2c0d-4967-83b1-bdc1bfd445f6, command=[]} | ret=SUCCESS |  
2019-08-22 11:57:12,588 | INFO  | SCMAudit | user=jenkins1000 | ip=192.168.5.135 | op=SEND_HEARTBEAT {datanodeUUID=3bb875ee-c081-4eb6-9788-aa0c436bb6c2, command=[]} | ret=SUCCESS |  
2019-08-22 11:57:12,670 | INFO  | SCMAudit | user=jenkins1000 | ip=192.168.5.135 | op=SEND_HEARTBEAT {datanodeUUID=487af136-47a9-41f1-9b09-061295d8b4c4, command=[]} | ret=SUCCESS |  
2019-08-22 11:57:12,737 | INFO  | SCMAudit | user=jenkins1000 | ip=192.168.5.135 | op=SEND_HEARTBEAT {datanodeUUID=4a9862d5-694b-4c7d-b652-1fb8ddcfc588, command=[]} | ret=SUCCESS |  
2019-08-22 11:57:12,810 | INFO  | SCMAudit | user=jenkins1000 | ip=192.168.5.135 | op=SEND_HEARTBEAT {datanodeUUID=88458bba-7d36-4308-81a2-94c77140fafa, command=[]} | ret=SUCCESS |  
2019-08-22 11:57:12,905 | INFO  | SCMAudit | user=jenkins1000 | ip=192.168.5.135 | op=SEND_HEARTBEAT {datanodeUUID=81358f04-b55e-4661-8083-492e8c5539a7, command=[]} | ret=SUCCESS |  
2019-08-22 11:57:13,026 | INFO  | SCMAudit | user=jenkins1000 | ip=192.168.5.135 | op=SEND_HEARTBEAT {datanodeUUID=1b7f7b5c-de1e-4a62-bdb1-87985564f9c2, command=[]} | ret=SUCCESS |  
2019-08-22 11:57:13,073 [grpc-default-executor-5] INFO  client.GrpcClientProtocolClient (GrpcClientProtocolClient.java:onNext(255)) - client-ED44A0F3F27E->88458bba-7d36-4308-81a2-94c77140fafa: receive RaftClientReply:client-ED44A0F3F27E->88458bba-7d36-4308-81a2-94c77140fafa@group-67E69CFC7137, cid=79, FAILED org.apache.ratis.protocol.NotLeaderException: Server 88458bba-7d36-4308-81a2-94c77140fafa is not the leader (null). Request must be sent to leader., logIndex=0, commits[88458bba-7d36-4308-81a2-94c77140fafa:c-1]
2019-08-22 11:57:13,120 | INFO  | SCMAudit | user=jenkins1000 | ip=192.168.5.135 | op=SEND_HEARTBEAT {datanodeUUID=ac50c3b2-b81f-4c0a-b4fe-860d2c902727, command=[]} | ret=SUCCESS |  
2019-08-22 11:57:13,247 | INFO  | SCMAudit | user=jenkins1000 | ip=192.168.5.135 | op=SEND_HEARTBEAT {datanodeUUID=48b68c1b-b5ca-4998-b78e-17784c718845, command=[]} | ret=SUCCESS |  
2019-08-22 11:57:13,270 | INFO  | SCMAudit | user=jenkins1000 | ip=192.168.5.135 | op=SEND_HEARTBEAT {datanodeUUID=c2ff41bc-5475-4ec0-aa3a-f40fe56d194e, command=[]} | ret=SUCCESS |  
2019-08-22 11:57:13,355 | INFO  | SCMAudit | user=jenkins1000 | ip=192.168.5.135 | op=SEND_HEARTBEAT {datanodeUUID=5baf14f9-106a-4ced-9d22-c6d3b1d04d0e, command=[]} | ret=SUCCESS |  
2019-08-22 11:57:13,380 | INFO  | SCMAudit | user=jenkins1000 | ip=192.168.5.135 | op=SEND_HEARTBEAT {datanodeUUID=8085255e-7a41-426f-b0e8-2d5555c5b7b9, command=[]} | ret=SUCCESS |  
2019-08-22 11:57:13,473 | INFO  | SCMAudit | user=jenkins1000 | ip=192.168.5.135 | op=SEND_HEARTBEAT {datanodeUUID=9b0e54da-58f3-4b2f-aec1-b0a4cb1efbe1, command=[]} | ret=SUCCESS |  
2019-08-22 11:57:13,523 | INFO  | SCMAudit | user=jenkins1000 | ip=192.168.5.135 | op=SEND_HEARTBEAT {datanodeUUID=9ce04167-a631-4fac-8473-c8323544e086, command=[]} | ret=SUCCESS |  
2019-08-22 11:57:13,572 | INFO  | SCMAudit | user=jenkins1000 | ip=192.168.5.135 | op=SEND_HEARTBEAT {datanodeUUID=8c07d121-2c0d-4967-83b1-bdc1bfd445f6, command=[]} | ret=SUCCESS |  
2019-08-22 11:57:13,589 | INFO  | SCMAudit | user=jenkins1000 | ip=192.168.5.135 | op=SEND_HEARTBEAT {datanodeUUID=3bb875ee-c081-4eb6-9788-aa0c436bb6c2, command=[]} | ret=SUCCESS |  
2019-08-22 11:57:13,670 | INFO  | SCMAudit | user=jenkins1000 | ip=192.168.5.135 | op=SEND_HEARTBEAT {datanodeUUID=487af136-47a9-41f1-9b09-061295d8b4c4, command=[]} | ret=SUCCESS |  
2019-08-22 11:57:13,737 | INFO  | SCMAudit | user=jenkins1000 | ip=192.168.5.135 | op=SEND_HEARTBEAT {datanodeUUID=4a9862d5-694b-4c7d-b652-1fb8ddcfc588, command=[]} | ret=SUCCESS |  
2019-08-22 11:57:13,810 | INFO  | SCMAudit | user=jenkins1000 | ip=192.168.5.135 | op=SEND_HEARTBEAT {datanodeUUID=88458bba-7d36-4308-81a2-94c77140fafa, command=[]} | ret=SUCCESS |  
2019-08-22 11:57:13,904 | INFO  | SCMAudit | user=jenkins1000 | ip=192.168.5.135 | op=SEND_HEARTBEAT {datanodeUUID=81358f04-b55e-4661-8083-492e8c5539a7, command=[]} | ret=SUCCESS |  
2019-08-22 11:57:14,026 | INFO  | SCMAudit | user=jenkins1000 | ip=192.168.5.135 | op=SEND_HEARTBEAT {datanodeUUID=1b7f7b5c-de1e-4a62-bdb1-87985564f9c2, command=[]} | ret=SUCCESS |  
2019-08-22 11:57:14,103 [grpc-default-executor-5] INFO  client.GrpcClientProtocolClient (GrpcClientProtocolClient.java:onNext(255)) - client-ED44A0F3F27E->3bb875ee-c081-4eb6-9788-aa0c436bb6c2: receive RaftClientReply:client-ED44A0F3F27E->3bb875ee-c081-4eb6-9788-aa0c436bb6c2@group-67E69CFC7137, cid=79, FAILED org.apache.ratis.protocol.NotLeaderException: Server 3bb875ee-c081-4eb6-9788-aa0c436bb6c2 is not the leader (null). Request must be sent to leader., logIndex=0, commits[3bb875ee-c081-4eb6-9788-aa0c436bb6c2:c-1]
2019-08-22 11:57:14,120 | INFO  | SCMAudit | user=jenkins1000 | ip=192.168.5.135 | op=SEND_HEARTBEAT {datanodeUUID=ac50c3b2-b81f-4c0a-b4fe-860d2c902727, command=[]} | ret=SUCCESS |  
2019-08-22 11:57:14,247 | INFO  | SCMAudit | user=jenkins1000 | ip=192.168.5.135 | op=SEND_HEARTBEAT {datanodeUUID=48b68c1b-b5ca-4998-b78e-17784c718845, command=[]} | ret=SUCCESS |  
2019-08-22 11:57:14,270 | INFO  | SCMAudit | user=jenkins1000 | ip=192.168.5.135 | op=SEND_HEARTBEAT {datanodeUUID=c2ff41bc-5475-4ec0-aa3a-f40fe56d194e, command=[]} | ret=SUCCESS |  
2019-08-22 11:57:14,356 | INFO  | SCMAudit | user=jenkins1000 | ip=192.168.5.135 | op=SEND_HEARTBEAT {datanodeUUID=5baf14f9-106a-4ced-9d22-c6d3b1d04d0e, command=[]} | ret=SUCCESS |  
2019-08-22 11:57:14,380 | INFO  | SCMAudit | user=jenkins1000 | ip=192.168.5.135 | op=SEND_HEARTBEAT {datanodeUUID=8085255e-7a41-426f-b0e8-2d5555c5b7b9, command=[]} | ret=SUCCESS |  
2019-08-22 11:57:14,473 | INFO  | SCMAudit | user=jenkins1000 | ip=192.168.5.135 | op=SEND_HEARTBEAT {datanodeUUID=9b0e54da-58f3-4b2f-aec1-b0a4cb1efbe1, command=[]} | ret=SUCCESS |  
2019-08-22 11:57:14,523 | INFO  | SCMAudit | user=jenkins1000 | ip=192.168.5.135 | op=SEND_HEARTBEAT {datanodeUUID=9ce04167-a631-4fac-8473-c8323544e086, command=[]} | ret=SUCCESS |  
2019-08-22 11:57:14,571 | INFO  | SCMAudit | user=jenkins1000 | ip=192.168.5.135 | op=SEND_HEARTBEAT {datanodeUUID=8c07d121-2c0d-4967-83b1-bdc1bfd445f6, command=[]} | ret=SUCCESS |  
2019-08-22 11:57:14,589 | INFO  | SCMAudit | user=jenkins1000 | ip=192.168.5.135 | op=SEND_HEARTBEAT {datanodeUUID=3bb875ee-c081-4eb6-9788-aa0c436bb6c2, command=[]} | ret=SUCCESS |  
2019-08-22 11:57:14,670 | INFO  | SCMAudit | user=jenkins1000 | ip=192.168.5.135 | op=SEND_HEARTBEAT {datanodeUUID=487af136-47a9-41f1-9b09-061295d8b4c4, command=[]} | ret=SUCCESS |  
2019-08-22 11:57:14,738 | INFO  | SCMAudit | user=jenkins1000 | ip=192.168.5.135 | op=SEND_HEARTBEAT {datanodeUUID=4a9862d5-694b-4c7d-b652-1fb8ddcfc588, command=[]} | ret=SUCCESS |  
2019-08-22 11:57:14,810 | INFO  | SCMAudit | user=jenkins1000 | ip=192.168.5.135 | op=SEND_HEARTBEAT {datanodeUUID=88458bba-7d36-4308-81a2-94c77140fafa, command=[]} | ret=SUCCESS |  
2019-08-22 11:57:14,904 | INFO  | SCMAudit | user=jenkins1000 | ip=192.168.5.135 | op=SEND_HEARTBEAT {datanodeUUID=81358f04-b55e-4661-8083-492e8c5539a7, command=[]} | ret=SUCCESS |  
2019-08-22 11:57:15,026 | INFO  | SCMAudit | user=jenkins1000 | ip=192.168.5.135 | op=SEND_HEARTBEAT {datanodeUUID=1b7f7b5c-de1e-4a62-bdb1-87985564f9c2, command=[]} | ret=SUCCESS |  
2019-08-22 11:57:15,123 | INFO  | SCMAudit | user=jenkins1000 | ip=192.168.5.135 | op=SEND_HEARTBEAT {datanodeUUID=ac50c3b2-b81f-4c0a-b4fe-860d2c902727, command=[]} | ret=SUCCESS |  
2019-08-22 11:57:15,124 [grpc-default-executor-1] INFO  client.GrpcClientProtocolClient (GrpcClientProtocolClient.java:onNext(255)) - client-ED44A0F3F27E->5baf14f9-106a-4ced-9d22-c6d3b1d04d0e: receive RaftClientReply:client-ED44A0F3F27E->5baf14f9-106a-4ced-9d22-c6d3b1d04d0e@group-67E69CFC7137, cid=79, FAILED org.apache.ratis.protocol.NotLeaderException: Server 5baf14f9-106a-4ced-9d22-c6d3b1d04d0e is not the leader (null). Request must be sent to leader., logIndex=0, commits[5baf14f9-106a-4ced-9d22-c6d3b1d04d0e:c-1]
2019-08-22 11:57:15,247 | INFO  | SCMAudit | user=jenkins1000 | ip=192.168.5.135 | op=SEND_HEARTBEAT {datanodeUUID=48b68c1b-b5ca-4998-b78e-17784c718845, command=[]} | ret=SUCCESS |  
2019-08-22 11:57:15,270 | INFO  | SCMAudit | user=jenkins1000 | ip=192.168.5.135 | op=SEND_HEARTBEAT {datanodeUUID=c2ff41bc-5475-4ec0-aa3a-f40fe56d194e, command=[]} | ret=SUCCESS |  
2019-08-22 11:57:15,356 | INFO  | SCMAudit | user=jenkins1000 | ip=192.168.5.135 | op=SEND_HEARTBEAT {datanodeUUID=5baf14f9-106a-4ced-9d22-c6d3b1d04d0e, command=[]} | ret=SUCCESS |  
2019-08-22 11:57:15,380 | INFO  | SCMAudit | user=jenkins1000 | ip=192.168.5.135 | op=SEND_HEARTBEAT {datanodeUUID=8085255e-7a41-426f-b0e8-2d5555c5b7b9, command=[]} | ret=SUCCESS |  
2019-08-22 11:57:15,473 | INFO  | SCMAudit | user=jenkins1000 | ip=192.168.5.135 | op=SEND_HEARTBEAT {datanodeUUID=9b0e54da-58f3-4b2f-aec1-b0a4cb1efbe1, command=[]} | ret=SUCCESS |  
2019-08-22 11:57:15,523 | INFO  | SCMAudit | user=jenkins1000 | ip=192.168.5.135 | op=SEND_HEARTBEAT {datanodeUUID=9ce04167-a631-4fac-8473-c8323544e086, command=[]} | ret=SUCCESS |  
2019-08-22 11:57:15,571 | INFO  | SCMAudit | user=jenkins1000 | ip=192.168.5.135 | op=SEND_HEARTBEAT {datanodeUUID=8c07d121-2c0d-4967-83b1-bdc1bfd445f6, command=[]} | ret=SUCCESS |  
2019-08-22 11:57:15,589 | INFO  | SCMAudit | user=jenkins1000 | ip=192.168.5.135 | op=SEND_HEARTBEAT {datanodeUUID=3bb875ee-c081-4eb6-9788-aa0c436bb6c2, command=[]} | ret=SUCCESS |  
2019-08-22 11:57:15,670 | INFO  | SCMAudit | user=jenkins1000 | ip=192.168.5.135 | op=SEND_HEARTBEAT {datanodeUUID=487af136-47a9-41f1-9b09-061295d8b4c4, command=[]} | ret=SUCCESS |  
2019-08-22 11:57:15,737 | INFO  | SCMAudit | user=jenkins1000 | ip=192.168.5.135 | op=SEND_HEARTBEAT {datanodeUUID=4a9862d5-694b-4c7d-b652-1fb8ddcfc588, command=[]} | ret=SUCCESS |  
2019-08-22 11:57:15,810 | INFO  | SCMAudit | user=jenkins1000 | ip=192.168.5.135 | op=SEND_HEARTBEAT {datanodeUUID=88458bba-7d36-4308-81a2-94c77140fafa, command=[]} | ret=SUCCESS |  
2019-08-22 11:57:15,904 | INFO  | SCMAudit | user=jenkins1000 | ip=192.168.5.135 | op=SEND_HEARTBEAT {datanodeUUID=81358f04-b55e-4661-8083-492e8c5539a7, command=[]} | ret=SUCCESS |  
2019-08-22 11:57:16,026 | INFO  | SCMAudit | user=jenkins1000 | ip=192.168.5.135 | op=SEND_HEARTBEAT {datanodeUUID=1b7f7b5c-de1e-4a62-bdb1-87985564f9c2, command=[]} | ret=SUCCESS |  
2019-08-22 11:57:16,124 | INFO  | SCMAudit | user=jenkins1000 | ip=192.168.5.135 | op=SEND_HEARTBEAT {datanodeUUID=ac50c3b2-b81f-4c0a-b4fe-860d2c902727, command=[]} | ret=SUCCESS |  
2019-08-22 11:57:16,145 [grpc-default-executor-5] INFO  client.GrpcClientProtocolClient (GrpcClientProtocolClient.java:onNext(255)) - client-ED44A0F3F27E->3bb875ee-c081-4eb6-9788-aa0c436bb6c2: receive RaftClientReply:client-ED44A0F3F27E->3bb875ee-c081-4eb6-9788-aa0c436bb6c2@group-67E69CFC7137, cid=79, FAILED org.apache.ratis.protocol.NotLeaderException: Server 3bb875ee-c081-4eb6-9788-aa0c436bb6c2 is not the leader (null). Request must be sent to leader., logIndex=0, commits[3bb875ee-c081-4eb6-9788-aa0c436bb6c2:c-1]
]]></system-out>
    <system-err><![CDATA[Aug 22, 2019 11:56:50 AM com.sun.jersey.server.impl.application.WebApplicationImpl _initiate
INFO: Initiating Jersey application, version 'Jersey: 1.19 02/11/2015 03:25 AM'
Aug 22, 2019 11:56:50 AM com.sun.jersey.server.impl.application.WebApplicationImpl _initiate
INFO: Initiating Jersey application, version 'Jersey: 1.19 02/11/2015 03:25 AM'
Aug 22, 2019 11:56:50 AM com.sun.jersey.server.impl.application.WebApplicationImpl _initiate
INFO: Initiating Jersey application, version 'Jersey: 1.19 02/11/2015 03:25 AM'
Aug 22, 2019 11:56:50 AM com.sun.jersey.server.impl.application.WebApplicationImpl _initiate
INFO: Initiating Jersey application, version 'Jersey: 1.19 02/11/2015 03:25 AM'
Aug 22, 2019 11:56:51 AM com.sun.jersey.server.impl.application.WebApplicationImpl _initiate
INFO: Initiating Jersey application, version 'Jersey: 1.19 02/11/2015 03:25 AM'
Aug 22, 2019 11:56:51 AM com.sun.jersey.server.impl.application.WebApplicationImpl _initiate
INFO: Initiating Jersey application, version 'Jersey: 1.19 02/11/2015 03:25 AM'
Aug 22, 2019 11:56:51 AM com.sun.jersey.server.impl.application.WebApplicationImpl _initiate
INFO: Initiating Jersey application, version 'Jersey: 1.19 02/11/2015 03:25 AM'
]]></system-err>
  </testcase>
  <testcase name="test2WayCommitForTimeoutException" classname="org.apache.hadoop.ozone.client.rpc.TestWatchForCommit" time="46.285"/>
</testsuite>