<?xml version="1.0" encoding="UTF-8"?>
<testsuite xmlns:xsi="http://www.w3.org/2001/XMLSchema-instance" xsi:noNamespaceSchemaLocation="https://maven.apache.org/surefire/maven-surefire-plugin/xsd/surefire-test-report.xsd" name="org.apache.hadoop.ozone.client.rpc.Test2WayCommitInRatis" time="37.116" tests="1" errors="1" skipped="0" failures="0">
  <properties>
    <property name="awt.toolkit" value="sun.awt.X11.XToolkit"/>
    <property name="file.encoding.pkg" value="sun.io"/>
    <property name="java.specification.version" value="1.8"/>
    <property name="sun.cpu.isalist" value=""/>
    <property name="sun.jnu.encoding" value="UTF-8"/>
    <property name="java.class.path" value="/workdir/hadoop-ozone/integration-test/target/test-classes:/workdir/hadoop-ozone/integration-test/target/classes:/home/user/.m2/repository/org/apache/hadoop/hadoop-ozone-common/0.5.0-SNAPSHOT/hadoop-ozone-common-0.5.0-SNAPSHOT.jar:/home/user/.m2/repository/org/apache/commons/commons-compress/1.4.1/commons-compress-1.4.1.jar:/home/user/.m2/repository/org/tukaani/xz/1.0/xz-1.0.jar:/home/user/.m2/repository/org/apache/hadoop/hadoop-common/3.2.0/hadoop-common-3.2.0.jar:/home/user/.m2/repository/org/apache/hadoop/hadoop-hdfs/3.2.0/hadoop-hdfs-3.2.0.jar:/home/user/.m2/repository/org/apache/hadoop/hadoop-hdfs-client/3.2.0/hadoop-hdfs-client-3.2.0.jar:/home/user/.m2/repository/com/fasterxml/jackson/core/jackson-annotations/2.9.5/jackson-annotations-2.9.5.jar:/home/user/.m2/repository/org/apache/hadoop/hadoop-hdds-common/0.5.0-SNAPSHOT/hadoop-hdds-common-0.5.0-SNAPSHOT.jar:/home/user/.m2/repository/javax/annotation/javax.annotation-api/1.2/javax.annotation-api-1.2.jar:/home/user/.m2/repository/org/apache/ratis/ratis-server/0.4.0-2337318-SNAPSHOT/ratis-server-0.4.0-2337318-SNAPSHOT.jar:/home/user/.m2/repository/org/apache/ratis/ratis-thirdparty-misc/0.2.0/ratis-thirdparty-misc-0.2.0.jar:/home/user/.m2/repository/org/apache/ratis/ratis-proto/0.4.0-2337318-SNAPSHOT/ratis-proto-0.4.0-2337318-SNAPSHOT.jar:/home/user/.m2/repository/org/apache/ratis/ratis-common/0.4.0-2337318-SNAPSHOT/ratis-common-0.4.0-2337318-SNAPSHOT.jar:/home/user/.m2/repository/org/apache/ratis/ratis-client/0.4.0-2337318-SNAPSHOT/ratis-client-0.4.0-2337318-SNAPSHOT.jar:/home/user/.m2/repository/org/apache/ratis/ratis-metrics/0.4.0-2337318-SNAPSHOT/ratis-metrics-0.4.0-2337318-SNAPSHOT.jar:/home/user/.m2/repository/org/apache/ratis/ratis-netty/0.4.0-2337318-SNAPSHOT/ratis-netty-0.4.0-2337318-SNAPSHOT.jar:/home/user/.m2/repository/org/apache/ratis/ratis-grpc/0.4.0-2337318-SNAPSHOT/ratis-grpc-0.4.0-2337318-SNAPSHOT.jar:/home/user/.m2/repository/org/rocksdb/rocksdbjni/6.0.1/rocksdbjni-6.0.1.jar:/home/user/.m2/repository/org/apache/logging/log4j/log4j-api/2.11.0/log4j-api-2.11.0.jar:/home/user/.m2/repository/org/apache/logging/log4j/log4j-core/2.11.0/log4j-core-2.11.0.jar:/home/user/.m2/repository/com/lmax/disruptor/3.4.2/disruptor-3.4.2.jar:/home/user/.m2/repository/org/apache/commons/commons-pool2/2.6.0/commons-pool2-2.6.0.jar:/home/user/.m2/repository/org/bouncycastle/bcpkix-jdk15on/1.60/bcpkix-jdk15on-1.60.jar:/home/user/.m2/repository/commons-validator/commons-validator/1.6/commons-validator-1.6.jar:/home/user/.m2/repository/commons-digester/commons-digester/1.8.1/commons-digester-1.8.1.jar:/home/user/.m2/repository/io/jaegertracing/jaeger-client/0.33.1/jaeger-client-0.33.1.jar:/home/user/.m2/repository/io/jaegertracing/jaeger-thrift/0.33.1/jaeger-thrift-0.33.1.jar:/home/user/.m2/repository/org/apache/thrift/libthrift/0.11.0/libthrift-0.11.0.jar:/home/user/.m2/repository/com/squareup/okhttp3/okhttp/3.9.0/okhttp-3.9.0.jar:/home/user/.m2/repository/com/squareup/okio/okio/1.13.0/okio-1.13.0.jar:/home/user/.m2/repository/io/jaegertracing/jaeger-core/0.33.1/jaeger-core-0.33.1.jar:/home/user/.m2/repository/io/jaegertracing/jaeger-tracerresolver/0.33.1/jaeger-tracerresolver-0.33.1.jar:/home/user/.m2/repository/io/opentracing/contrib/opentracing-tracerresolver/0.1.5/opentracing-tracerresolver-0.1.5.jar:/home/user/.m2/repository/io/opentracing/opentracing-util/0.31.0/opentracing-util-0.31.0.jar:/home/user/.m2/repository/io/opentracing/opentracing-api/0.31.0/opentracing-api-0.31.0.jar:/home/user/.m2/repository/io/opentracing/opentracing-noop/0.31.0/opentracing-noop-0.31.0.jar:/home/user/.m2/repository/org/apache/hadoop/hadoop-hdds-server-framework/0.5.0-SNAPSHOT/hadoop-hdds-server-framework-0.5.0-SNAPSHOT.jar:/home/user/.m2/repository/org/apache/hadoop/hadoop-hdds-container-service/0.5.0-SNAPSHOT/hadoop-hdds-container-service-0.5.0-SNAPSHOT.jar:/home/user/.m2/repository/org/apache/hadoop/hadoop-hdds-client/0.5.0-SNAPSHOT/hadoop-hdds-client-0.5.0-SNAPSHOT.jar:/home/user/.m2/repository/org/apache/hadoop/hadoop-hdds-tools/0.5.0-SNAPSHOT/hadoop-hdds-tools-0.5.0-SNAPSHOT.jar:/home/user/.m2/repository/org/apache/hadoop/hadoop-hdds-server-scm/0.5.0-SNAPSHOT/hadoop-hdds-server-scm-0.5.0-SNAPSHOT.jar:/home/user/.m2/repository/org/apache/hadoop/hadoop-hdds-docs/0.5.0-SNAPSHOT/hadoop-hdds-docs-0.5.0-SNAPSHOT.jar:/home/user/.m2/repository/io/dropwizard/metrics/metrics-core/3.2.4/metrics-core-3.2.4.jar:/home/user/.m2/repository/org/hamcrest/hamcrest-all/1.3/hamcrest-all-1.3.jar:/home/user/.m2/repository/org/bouncycastle/bcprov-jdk15on/1.60/bcprov-jdk15on-1.60.jar:/home/user/.m2/repository/info/picocli/picocli/3.9.6/picocli-3.9.6.jar:/home/user/.m2/repository/com/google/protobuf/protobuf-java/2.5.0/protobuf-java-2.5.0.jar:/home/user/.m2/repository/com/google/guava/guava/11.0.2/guava-11.0.2.jar:/home/user/.m2/repository/org/apache/hadoop/hadoop-ozone-ozone-manager/0.5.0-SNAPSHOT/hadoop-ozone-ozone-manager-0.5.0-SNAPSHOT.jar:/home/user/.m2/repository/org/apache/hadoop/hadoop-minikdc/3.2.0/hadoop-minikdc-3.2.0.jar:/home/user/.m2/repository/commons-io/commons-io/2.5/commons-io-2.5.jar:/home/user/.m2/repository/org/apache/kerby/kerb-simplekdc/1.0.1/kerb-simplekdc-1.0.1.jar:/home/user/.m2/repository/org/apache/kerby/kerb-client/1.0.1/kerb-client-1.0.1.jar:/home/user/.m2/repository/org/apache/kerby/kerby-config/1.0.1/kerby-config-1.0.1.jar:/home/user/.m2/repository/org/apache/kerby/kerb-core/1.0.1/kerb-core-1.0.1.jar:/home/user/.m2/repository/org/apache/kerby/kerby-pkix/1.0.1/kerby-pkix-1.0.1.jar:/home/user/.m2/repository/org/apache/kerby/kerby-asn1/1.0.1/kerby-asn1-1.0.1.jar:/home/user/.m2/repository/org/apache/kerby/kerby-util/1.0.1/kerby-util-1.0.1.jar:/home/user/.m2/repository/org/apache/kerby/kerb-common/1.0.1/kerb-common-1.0.1.jar:/home/user/.m2/repository/org/apache/kerby/kerb-crypto/1.0.1/kerb-crypto-1.0.1.jar:/home/user/.m2/repository/org/apache/kerby/kerb-util/1.0.1/kerb-util-1.0.1.jar:/home/user/.m2/repository/org/apache/kerby/token-provider/1.0.1/token-provider-1.0.1.jar:/home/user/.m2/repository/org/apache/kerby/kerb-admin/1.0.1/kerb-admin-1.0.1.jar:/home/user/.m2/repository/org/apache/kerby/kerb-server/1.0.1/kerb-server-1.0.1.jar:/home/user/.m2/repository/org/apache/kerby/kerb-identity/1.0.1/kerb-identity-1.0.1.jar:/home/user/.m2/repository/org/apache/kerby/kerby-xdr/1.0.1/kerby-xdr-1.0.1.jar:/home/user/.m2/repository/org/slf4j/slf4j-log4j12/1.7.25/slf4j-log4j12-1.7.25.jar:/home/user/.m2/repository/org/apache/hadoop/hadoop-ozone-objectstore-service/0.5.0-SNAPSHOT/hadoop-ozone-objectstore-service-0.5.0-SNAPSHOT.jar:/home/user/.m2/repository/org/apache/hadoop/hadoop-ozone-s3gateway/0.5.0-SNAPSHOT/hadoop-ozone-s3gateway-0.5.0-SNAPSHOT.jar:/home/user/.m2/repository/org/jboss/weld/servlet/weld-servlet/2.4.7.Final/weld-servlet-2.4.7.Final.jar:/home/user/.m2/repository/org/glassfish/jersey/containers/jersey-container-servlet-core/2.27/jersey-container-servlet-core-2.27.jar:/home/user/.m2/repository/org/glassfish/hk2/external/javax.inject/2.5.0-b42/javax.inject-2.5.0-b42.jar:/home/user/.m2/repository/org/glassfish/jersey/core/jersey-common/2.27/jersey-common-2.27.jar:/home/user/.m2/repository/org/glassfish/hk2/osgi-resource-locator/1.0.1/osgi-resource-locator-1.0.1.jar:/home/user/.m2/repository/javax/ws/rs/javax.ws.rs-api/2.1/javax.ws.rs-api-2.1.jar:/home/user/.m2/repository/org/glassfish/jersey/ext/cdi/jersey-cdi1x/2.27/jersey-cdi1x-2.27.jar:/home/user/.m2/repository/org/glassfish/jersey/inject/jersey-hk2/2.27/jersey-hk2-2.27.jar:/home/user/.m2/repository/org/glassfish/hk2/hk2-locator/2.5.0-b42/hk2-locator-2.5.0-b42.jar:/home/user/.m2/repository/org/javassist/javassist/3.22.0-CR2/javassist-3.22.0-CR2.jar:/home/user/.m2/repository/org/glassfish/hk2/hk2-api/2.5.0/hk2-api-2.5.0.jar:/home/user/.m2/repository/org/glassfish/hk2/external/jakarta.inject/2.5.0/jakarta.inject-2.5.0.jar:/home/user/.m2/repository/org/glassfish/hk2/hk2-utils/2.5.0/hk2-utils-2.5.0.jar:/home/user/.m2/repository/jakarta/annotation/jakarta.annotation-api/1.3.4/jakarta.annotation-api-1.3.4.jar:/home/user/.m2/repository/org/glassfish/hk2/external/aopalliance-repackaged/2.5.0/aopalliance-repackaged-2.5.0.jar:/home/user/.m2/repository/com/fasterxml/jackson/dataformat/jackson-dataformat-xml/2.9.0/jackson-dataformat-xml-2.9.0.jar:/home/user/.m2/repository/com/fasterxml/jackson/core/jackson-core/2.9.5/jackson-core-2.9.5.jar:/home/user/.m2/repository/com/fasterxml/jackson/module/jackson-module-jaxb-annotations/2.9.5/jackson-module-jaxb-annotations-2.9.5.jar:/home/user/.m2/repository/javax/enterprise/cdi-api/1.2/cdi-api-1.2.jar:/home/user/.m2/repository/javax/el/javax.el-api/3.0.0/javax.el-api-3.0.0.jar:/home/user/.m2/repository/javax/interceptor/javax.interceptor-api/1.2/javax.interceptor-api-1.2.jar:/home/user/.m2/repository/javax/inject/javax.inject/1/javax.inject-1.jar:/home/user/.m2/repository/com/sun/xml/bind/jaxb-impl/2.3.0.1/jaxb-impl-2.3.0.1.jar:/home/user/.m2/repository/com/sun/xml/bind/jaxb-core/2.3.0.1/jaxb-core-2.3.0.1.jar:/home/user/.m2/repository/javax/xml/bind/jaxb-api/2.3.0/jaxb-api-2.3.0.jar:/home/user/.m2/repository/javax/activation/activation/1.1.1/activation-1.1.1.jar:/home/user/.m2/repository/org/apache/hadoop/hadoop-ozone-csi/0.5.0-SNAPSHOT/hadoop-ozone-csi-0.5.0-SNAPSHOT.jar:/home/user/.m2/repository/com/google/protobuf/protobuf-java-util/3.5.1/protobuf-java-util-3.5.1.jar:/home/user/.m2/repository/org/apache/hadoop/hadoop-hdds-config/0.5.0-SNAPSHOT/hadoop-hdds-config-0.5.0-SNAPSHOT.jar:/home/user/.m2/repository/io/grpc/grpc-netty/1.17.1/grpc-netty-1.17.1.jar:/home/user/.m2/repository/io/grpc/grpc-core/1.17.1/grpc-core-1.17.1.jar:/home/user/.m2/repository/io/grpc/grpc-context/1.17.1/grpc-context-1.17.1.jar:/home/user/.m2/repository/com/google/errorprone/error_prone_annotations/2.2.0/error_prone_annotations-2.2.0.jar:/home/user/.m2/repository/org/codehaus/mojo/animal-sniffer-annotations/1.17/animal-sniffer-annotations-1.17.jar:/home/user/.m2/repository/io/opencensus/opencensus-api/0.17.0/opencensus-api-0.17.0.jar:/home/user/.m2/repository/io/opencensus/opencensus-contrib-grpc-metrics/0.17.0/opencensus-contrib-grpc-metrics-0.17.0.jar:/home/user/.m2/repository/io/netty/netty-codec-http2/4.1.30.Final/netty-codec-http2-4.1.30.Final.jar:/home/user/.m2/repository/io/netty/netty-codec-http/4.1.30.Final/netty-codec-http-4.1.30.Final.jar:/home/user/.m2/repository/io/netty/netty-codec/4.1.30.Final/netty-codec-4.1.30.Final.jar:/home/user/.m2/repository/io/netty/netty-handler/4.1.30.Final/netty-handler-4.1.30.Final.jar:/home/user/.m2/repository/io/netty/netty-handler-proxy/4.1.30.Final/netty-handler-proxy-4.1.30.Final.jar:/home/user/.m2/repository/io/netty/netty-codec-socks/4.1.30.Final/netty-codec-socks-4.1.30.Final.jar:/home/user/.m2/repository/io/netty/netty-transport-native-epoll/4.1.30.Final/netty-transport-native-epoll-4.1.30.Final.jar:/home/user/.m2/repository/io/netty/netty-common/4.1.30.Final/netty-common-4.1.30.Final.jar:/home/user/.m2/repository/io/netty/netty-buffer/4.1.30.Final/netty-buffer-4.1.30.Final.jar:/home/user/.m2/repository/io/netty/netty-transport/4.1.30.Final/netty-transport-4.1.30.Final.jar:/home/user/.m2/repository/io/netty/netty-resolver/4.1.30.Final/netty-resolver-4.1.30.Final.jar:/home/user/.m2/repository/io/netty/netty-transport-native-unix-common/4.1.30.Final/netty-transport-native-unix-common-4.1.30.Final.jar:/home/user/.m2/repository/io/grpc/grpc-protobuf/1.17.1/grpc-protobuf-1.17.1.jar:/home/user/.m2/repository/com/google/api/grpc/proto-google-common-protos/1.0.0/proto-google-common-protos-1.0.0.jar:/home/user/.m2/repository/io/grpc/grpc-protobuf-lite/1.17.1/grpc-protobuf-lite-1.17.1.jar:/home/user/.m2/repository/io/grpc/grpc-stub/1.17.1/grpc-stub-1.17.1.jar:/home/user/.m2/repository/org/apache/hadoop/hadoop-ozone-recon/0.5.0-SNAPSHOT/hadoop-ozone-recon-0.5.0-SNAPSHOT.jar:/home/user/.m2/repository/org/apache/hadoop/hadoop-ozone-reconcodegen/0.5.0-SNAPSHOT/hadoop-ozone-reconcodegen-0.5.0-SNAPSHOT.jar:/home/user/.m2/repository/com/google/inject/extensions/guice-multibindings/4.0/guice-multibindings-4.0.jar:/home/user/.m2/repository/com/google/inject/guice/4.0/guice-4.0.jar:/home/user/.m2/repository/aopalliance/aopalliance/1.0/aopalliance-1.0.jar:/home/user/.m2/repository/com/google/inject/extensions/guice-servlet/4.0/guice-servlet-4.0.jar:/home/user/.m2/repository/org/glassfish/jersey/containers/jersey-container-servlet/2.27/jersey-container-servlet-2.27.jar:/home/user/.m2/repository/org/glassfish/hk2/guice-bridge/2.5.0/guice-bridge-2.5.0.jar:/home/user/.m2/repository/org/glassfish/jersey/core/jersey-server/2.27/jersey-server-2.27.jar:/home/user/.m2/repository/org/glassfish/jersey/core/jersey-client/2.27/jersey-client-2.27.jar:/home/user/.m2/repository/org/glassfish/jersey/media/jersey-media-jaxb/2.27/jersey-media-jaxb-2.27.jar:/home/user/.m2/repository/javax/validation/validation-api/1.1.0.Final/validation-api-1.1.0.Final.jar:/home/user/.m2/repository/org/glassfish/jersey/media/jersey-media-json-jackson/2.27/jersey-media-json-jackson-2.27.jar:/home/user/.m2/repository/org/glassfish/jersey/ext/jersey-entity-filtering/2.27/jersey-entity-filtering-2.27.jar:/home/user/.m2/repository/com/google/inject/extensions/guice-assistedinject/4.0/guice-assistedinject-4.0.jar:/home/user/.m2/repository/org/jooq/jooq/3.11.10/jooq-3.11.10.jar:/home/user/.m2/repository/org/jooq/jooq-meta/3.11.10/jooq-meta-3.11.10.jar:/home/user/.m2/repository/org/jooq/jooq-codegen/3.11.10/jooq-codegen-3.11.10.jar:/home/user/.m2/repository/com/jolbox/bonecp/0.8.0.RELEASE/bonecp-0.8.0.RELEASE.jar:/home/user/.m2/repository/org/xerial/sqlite-jdbc/3.25.2/sqlite-jdbc-3.25.2.jar:/home/user/.m2/repository/org/springframework/spring-jdbc/5.1.3.RELEASE/spring-jdbc-5.1.3.RELEASE.jar:/home/user/.m2/repository/org/springframework/spring-beans/5.1.3.RELEASE/spring-beans-5.1.3.RELEASE.jar:/home/user/.m2/repository/org/springframework/spring-core/5.1.3.RELEASE/spring-core-5.1.3.RELEASE.jar:/home/user/.m2/repository/org/springframework/spring-jcl/5.1.3.RELEASE/spring-jcl-5.1.3.RELEASE.jar:/home/user/.m2/repository/org/springframework/spring-tx/5.1.3.RELEASE/spring-tx-5.1.3.RELEASE.jar:/home/user/.m2/repository/org/apache/hadoop/hadoop-ozone-client/0.5.0-SNAPSHOT/hadoop-ozone-client-0.5.0-SNAPSHOT.jar:/home/user/.m2/repository/commons-lang/commons-lang/2.6/commons-lang-2.6.jar:/home/user/.m2/repository/org/apache/hadoop/hadoop-ozone-ozone-manager/0.5.0-SNAPSHOT/hadoop-ozone-ozone-manager-0.5.0-SNAPSHOT-tests.jar:/home/user/.m2/repository/junit/junit/4.11/junit-4.11.jar:/home/user/.m2/repository/org/hamcrest/hamcrest-core/1.3/hamcrest-core-1.3.jar:/home/user/.m2/repository/org/openjdk/jmh/jmh-core/1.19/jmh-core-1.19.jar:/home/user/.m2/repository/net/sf/jopt-simple/jopt-simple/4.6/jopt-simple-4.6.jar:/home/user/.m2/repository/org/apache/commons/commons-math3/3.1.1/commons-math3-3.1.1.jar:/home/user/.m2/repository/org/openjdk/jmh/jmh-generator-annprocess/1.19/jmh-generator-annprocess-1.19.jar:/home/user/.m2/repository/org/mockito/mockito-all/1.8.5/mockito-all-1.8.5.jar:/home/user/.m2/repository/org/apache/hadoop/hadoop-kms/3.2.0/hadoop-kms-3.2.0.jar:/home/user/.m2/repository/org/apache/hadoop/hadoop-auth/3.2.0/hadoop-auth-3.2.0.jar:/home/user/.m2/repository/com/nimbusds/nimbus-jose-jwt/4.41.1/nimbus-jose-jwt-4.41.1.jar:/home/user/.m2/repository/com/github/stephenc/jcip/jcip-annotations/1.0-1/jcip-annotations-1.0-1.jar:/home/user/.m2/repository/net/minidev/json-smart/2.3/json-smart-2.3.jar:/home/user/.m2/repository/net/minidev/accessors-smart/1.2/accessors-smart-1.2.jar:/home/user/.m2/repository/org/ow2/asm/asm/5.0.4/asm-5.0.4.jar:/home/user/.m2/repository/org/apache/curator/curator-framework/2.12.0/curator-framework-2.12.0.jar:/home/user/.m2/repository/com/sun/jersey/jersey-core/1.19/jersey-core-1.19.jar:/home/user/.m2/repository/javax/ws/rs/jsr311-api/1.1.1/jsr311-api-1.1.1.jar:/home/user/.m2/repository/com/sun/jersey/jersey-server/1.19/jersey-server-1.19.jar:/home/user/.m2/repository/javax/servlet/javax.servlet-api/3.1.0/javax.servlet-api-3.1.0.jar:/home/user/.m2/repository/org/eclipse/jetty/jetty-server/9.3.24.v20180605/jetty-server-9.3.24.v20180605.jar:/home/user/.m2/repository/org/eclipse/jetty/jetty-http/9.3.24.v20180605/jetty-http-9.3.24.v20180605.jar:/home/user/.m2/repository/org/eclipse/jetty/jetty-io/9.3.24.v20180605/jetty-io-9.3.24.v20180605.jar:/home/user/.m2/repository/org/eclipse/jetty/jetty-webapp/9.3.24.v20180605/jetty-webapp-9.3.24.v20180605.jar:/home/user/.m2/repository/org/eclipse/jetty/jetty-xml/9.3.24.v20180605/jetty-xml-9.3.24.v20180605.jar:/home/user/.m2/repository/log4j/log4j/1.2.17/log4j-1.2.17.jar:/home/user/.m2/repository/org/slf4j/slf4j-api/1.7.25/slf4j-api-1.7.25.jar:/home/user/.m2/repository/org/slf4j/jul-to-slf4j/1.7.25/jul-to-slf4j-1.7.25.jar:/home/user/.m2/repository/org/eclipse/jetty/jetty-util/9.3.24.v20180605/jetty-util-9.3.24.v20180605.jar:/home/user/.m2/repository/com/fasterxml/jackson/core/jackson-databind/2.9.5/jackson-databind-2.9.5.jar:/home/user/.m2/repository/org/apache/hadoop/hadoop-kms/3.2.0/hadoop-kms-3.2.0-tests.jar:/home/user/.m2/repository/org/apache/hadoop/hadoop-hdds-server-scm/0.5.0-SNAPSHOT/hadoop-hdds-server-scm-0.5.0-SNAPSHOT-tests.jar:/home/user/.m2/repository/org/apache/hadoop/hadoop-hdds-container-service/0.5.0-SNAPSHOT/hadoop-hdds-container-service-0.5.0-SNAPSHOT-tests.jar:/home/user/.m2/repository/org/yaml/snakeyaml/1.16/snakeyaml-1.16.jar:/home/user/.m2/repository/org/apache/hadoop/hadoop-common/3.2.0/hadoop-common-3.2.0-tests.jar:/home/user/.m2/repository/org/apache/hadoop/hadoop-annotations/3.2.0/hadoop-annotations-3.2.0.jar:/usr/lib/jvm/java-1.8-openjdk/jre/../lib/tools.jar:/home/user/.m2/repository/commons-cli/commons-cli/1.2/commons-cli-1.2.jar:/home/user/.m2/repository/org/apache/httpcomponents/httpclient/4.5.2/httpclient-4.5.2.jar:/home/user/.m2/repository/org/apache/httpcomponents/httpcore/4.4.4/httpcore-4.4.4.jar:/home/user/.m2/repository/commons-codec/commons-codec/1.11/commons-codec-1.11.jar:/home/user/.m2/repository/commons-net/commons-net/3.6/commons-net-3.6.jar:/home/user/.m2/repository/commons-collections/commons-collections/3.2.2/commons-collections-3.2.2.jar:/home/user/.m2/repository/org/eclipse/jetty/jetty-servlet/9.3.24.v20180605/jetty-servlet-9.3.24.v20180605.jar:/home/user/.m2/repository/org/eclipse/jetty/jetty-security/9.3.24.v20180605/jetty-security-9.3.24.v20180605.jar:/home/user/.m2/repository/javax/servlet/jsp/jsp-api/2.1/jsp-api-2.1.jar:/home/user/.m2/repository/com/sun/jersey/jersey-servlet/1.19/jersey-servlet-1.19.jar:/home/user/.m2/repository/com/sun/jersey/jersey-json/1.19/jersey-json-1.19.jar:/home/user/.m2/repository/org/codehaus/jettison/jettison/1.1/jettison-1.1.jar:/home/user/.m2/repository/org/codehaus/jackson/jackson-core-asl/1.9.13/jackson-core-asl-1.9.13.jar:/home/user/.m2/repository/org/codehaus/jackson/jackson-mapper-asl/1.9.13/jackson-mapper-asl-1.9.13.jar:/home/user/.m2/repository/org/codehaus/jackson/jackson-jaxrs/1.9.13/jackson-jaxrs-1.9.13.jar:/home/user/.m2/repository/org/codehaus/jackson/jackson-xc/1.9.13/jackson-xc-1.9.13.jar:/home/user/.m2/repository/commons-logging/commons-logging/1.1.3/commons-logging-1.1.3.jar:/home/user/.m2/repository/commons-beanutils/commons-beanutils/1.9.3/commons-beanutils-1.9.3.jar:/home/user/.m2/repository/org/apache/commons/commons-configuration2/2.1.1/commons-configuration2-2.1.1.jar:/home/user/.m2/repository/org/apache/commons/commons-lang3/3.7/commons-lang3-3.7.jar:/home/user/.m2/repository/org/apache/commons/commons-text/1.4/commons-text-1.4.jar:/home/user/.m2/repository/org/apache/avro/avro/1.7.7/avro-1.7.7.jar:/home/user/.m2/repository/com/thoughtworks/paranamer/paranamer/2.3/paranamer-2.3.jar:/home/user/.m2/repository/org/xerial/snappy/snappy-java/1.0.5/snappy-java-1.0.5.jar:/home/user/.m2/repository/com/google/re2j/re2j/1.1/re2j-1.1.jar:/home/user/.m2/repository/com/google/code/gson/gson/2.2.4/gson-2.2.4.jar:/home/user/.m2/repository/com/jcraft/jsch/0.1.54/jsch-0.1.54.jar:/home/user/.m2/repository/org/apache/curator/curator-client/2.12.0/curator-client-2.12.0.jar:/home/user/.m2/repository/org/apache/curator/curator-recipes/2.12.0/curator-recipes-2.12.0.jar:/home/user/.m2/repository/com/google/code/findbugs/jsr305/3.0.0/jsr305-3.0.0.jar:/home/user/.m2/repository/org/apache/htrace/htrace-core4/4.1.0-incubating/htrace-core4-4.1.0-incubating.jar:/home/user/.m2/repository/org/apache/zookeeper/zookeeper/3.4.13/zookeeper-3.4.13.jar:/home/user/.m2/repository/org/apache/yetus/audience-annotations/0.5.0/audience-annotations-0.5.0.jar:/home/user/.m2/repository/org/codehaus/woodstox/stax2-api/3.1.4/stax2-api-3.1.4.jar:/home/user/.m2/repository/com/fasterxml/woodstox/woodstox-core/5.0.3/woodstox-core-5.0.3.jar:/home/user/.m2/repository/dnsjava/dnsjava/2.1.7/dnsjava-2.1.7.jar:/home/user/.m2/repository/org/apache/hadoop/hadoop-hdfs/3.2.0/hadoop-hdfs-3.2.0-tests.jar:/home/user/.m2/repository/org/eclipse/jetty/jetty-util-ajax/9.3.24.v20180605/jetty-util-ajax-9.3.24.v20180605.jar:/home/user/.m2/repository/commons-daemon/commons-daemon/1.0.13/commons-daemon-1.0.13.jar:/home/user/.m2/repository/io/netty/netty/3.10.5.Final/netty-3.10.5.Final.jar:/home/user/.m2/repository/io/netty/netty-all/4.0.52.Final/netty-all-4.0.52.Final.jar:/home/user/.m2/repository/org/fusesource/leveldbjni/leveldbjni-all/1.8/leveldbjni-all-1.8.jar:"/>
    <property name="java.vm.vendor" value="IcedTea"/>
    <property name="sun.arch.data.model" value="64"/>
    <property name="test.build.dir" value="/workdir/hadoop-ozone/integration-test/target/test-dir"/>
    <property name="test.cache.data" value=""/>
    <property name="java.vendor.url" value="https://icedtea.classpath.org"/>
    <property name="user.timezone" value=""/>
    <property name="java.vm.specification.version" value="1.8"/>
    <property name="os.name" value="Linux"/>
    <property name="test.build.data" value="/workdir/hadoop-ozone/integration-test/target/test-dir"/>
    <property name="user.country" value="US"/>
    <property name="sun.java.launcher" value="SUN_STANDARD"/>
    <property name="sun.boot.library.path" value="/usr/lib/jvm/java-1.8-openjdk/jre/lib/amd64"/>
    <property name="sun.java.command" value="/workdir/hadoop-ozone/integration-test/target/surefire/surefirebooter4119340218346021063.jar /workdir/hadoop-ozone/integration-test/target/surefire 2019-08-20T20-34-29_597-jvmRun1 surefire6488242265876216369tmp surefire_248757473666577630663tmp"/>
    <property name="test" value="!TestMiniChaosOzoneCluster"/>
    <property name="surefire.test.class.path" value="/workdir/hadoop-ozone/integration-test/target/test-classes:/workdir/hadoop-ozone/integration-test/target/classes:/home/user/.m2/repository/org/apache/hadoop/hadoop-ozone-common/0.5.0-SNAPSHOT/hadoop-ozone-common-0.5.0-SNAPSHOT.jar:/home/user/.m2/repository/org/apache/commons/commons-compress/1.4.1/commons-compress-1.4.1.jar:/home/user/.m2/repository/org/tukaani/xz/1.0/xz-1.0.jar:/home/user/.m2/repository/org/apache/hadoop/hadoop-common/3.2.0/hadoop-common-3.2.0.jar:/home/user/.m2/repository/org/apache/hadoop/hadoop-hdfs/3.2.0/hadoop-hdfs-3.2.0.jar:/home/user/.m2/repository/org/apache/hadoop/hadoop-hdfs-client/3.2.0/hadoop-hdfs-client-3.2.0.jar:/home/user/.m2/repository/com/fasterxml/jackson/core/jackson-annotations/2.9.5/jackson-annotations-2.9.5.jar:/home/user/.m2/repository/org/apache/hadoop/hadoop-hdds-common/0.5.0-SNAPSHOT/hadoop-hdds-common-0.5.0-SNAPSHOT.jar:/home/user/.m2/repository/javax/annotation/javax.annotation-api/1.2/javax.annotation-api-1.2.jar:/home/user/.m2/repository/org/apache/ratis/ratis-server/0.4.0-2337318-SNAPSHOT/ratis-server-0.4.0-2337318-SNAPSHOT.jar:/home/user/.m2/repository/org/apache/ratis/ratis-thirdparty-misc/0.2.0/ratis-thirdparty-misc-0.2.0.jar:/home/user/.m2/repository/org/apache/ratis/ratis-proto/0.4.0-2337318-SNAPSHOT/ratis-proto-0.4.0-2337318-SNAPSHOT.jar:/home/user/.m2/repository/org/apache/ratis/ratis-common/0.4.0-2337318-SNAPSHOT/ratis-common-0.4.0-2337318-SNAPSHOT.jar:/home/user/.m2/repository/org/apache/ratis/ratis-client/0.4.0-2337318-SNAPSHOT/ratis-client-0.4.0-2337318-SNAPSHOT.jar:/home/user/.m2/repository/org/apache/ratis/ratis-metrics/0.4.0-2337318-SNAPSHOT/ratis-metrics-0.4.0-2337318-SNAPSHOT.jar:/home/user/.m2/repository/org/apache/ratis/ratis-netty/0.4.0-2337318-SNAPSHOT/ratis-netty-0.4.0-2337318-SNAPSHOT.jar:/home/user/.m2/repository/org/apache/ratis/ratis-grpc/0.4.0-2337318-SNAPSHOT/ratis-grpc-0.4.0-2337318-SNAPSHOT.jar:/home/user/.m2/repository/org/rocksdb/rocksdbjni/6.0.1/rocksdbjni-6.0.1.jar:/home/user/.m2/repository/org/apache/logging/log4j/log4j-api/2.11.0/log4j-api-2.11.0.jar:/home/user/.m2/repository/org/apache/logging/log4j/log4j-core/2.11.0/log4j-core-2.11.0.jar:/home/user/.m2/repository/com/lmax/disruptor/3.4.2/disruptor-3.4.2.jar:/home/user/.m2/repository/org/apache/commons/commons-pool2/2.6.0/commons-pool2-2.6.0.jar:/home/user/.m2/repository/org/bouncycastle/bcpkix-jdk15on/1.60/bcpkix-jdk15on-1.60.jar:/home/user/.m2/repository/commons-validator/commons-validator/1.6/commons-validator-1.6.jar:/home/user/.m2/repository/commons-digester/commons-digester/1.8.1/commons-digester-1.8.1.jar:/home/user/.m2/repository/io/jaegertracing/jaeger-client/0.33.1/jaeger-client-0.33.1.jar:/home/user/.m2/repository/io/jaegertracing/jaeger-thrift/0.33.1/jaeger-thrift-0.33.1.jar:/home/user/.m2/repository/org/apache/thrift/libthrift/0.11.0/libthrift-0.11.0.jar:/home/user/.m2/repository/com/squareup/okhttp3/okhttp/3.9.0/okhttp-3.9.0.jar:/home/user/.m2/repository/com/squareup/okio/okio/1.13.0/okio-1.13.0.jar:/home/user/.m2/repository/io/jaegertracing/jaeger-core/0.33.1/jaeger-core-0.33.1.jar:/home/user/.m2/repository/io/jaegertracing/jaeger-tracerresolver/0.33.1/jaeger-tracerresolver-0.33.1.jar:/home/user/.m2/repository/io/opentracing/contrib/opentracing-tracerresolver/0.1.5/opentracing-tracerresolver-0.1.5.jar:/home/user/.m2/repository/io/opentracing/opentracing-util/0.31.0/opentracing-util-0.31.0.jar:/home/user/.m2/repository/io/opentracing/opentracing-api/0.31.0/opentracing-api-0.31.0.jar:/home/user/.m2/repository/io/opentracing/opentracing-noop/0.31.0/opentracing-noop-0.31.0.jar:/home/user/.m2/repository/org/apache/hadoop/hadoop-hdds-server-framework/0.5.0-SNAPSHOT/hadoop-hdds-server-framework-0.5.0-SNAPSHOT.jar:/home/user/.m2/repository/org/apache/hadoop/hadoop-hdds-container-service/0.5.0-SNAPSHOT/hadoop-hdds-container-service-0.5.0-SNAPSHOT.jar:/home/user/.m2/repository/org/apache/hadoop/hadoop-hdds-client/0.5.0-SNAPSHOT/hadoop-hdds-client-0.5.0-SNAPSHOT.jar:/home/user/.m2/repository/org/apache/hadoop/hadoop-hdds-tools/0.5.0-SNAPSHOT/hadoop-hdds-tools-0.5.0-SNAPSHOT.jar:/home/user/.m2/repository/org/apache/hadoop/hadoop-hdds-server-scm/0.5.0-SNAPSHOT/hadoop-hdds-server-scm-0.5.0-SNAPSHOT.jar:/home/user/.m2/repository/org/apache/hadoop/hadoop-hdds-docs/0.5.0-SNAPSHOT/hadoop-hdds-docs-0.5.0-SNAPSHOT.jar:/home/user/.m2/repository/io/dropwizard/metrics/metrics-core/3.2.4/metrics-core-3.2.4.jar:/home/user/.m2/repository/org/hamcrest/hamcrest-all/1.3/hamcrest-all-1.3.jar:/home/user/.m2/repository/org/bouncycastle/bcprov-jdk15on/1.60/bcprov-jdk15on-1.60.jar:/home/user/.m2/repository/info/picocli/picocli/3.9.6/picocli-3.9.6.jar:/home/user/.m2/repository/com/google/protobuf/protobuf-java/2.5.0/protobuf-java-2.5.0.jar:/home/user/.m2/repository/com/google/guava/guava/11.0.2/guava-11.0.2.jar:/home/user/.m2/repository/org/apache/hadoop/hadoop-ozone-ozone-manager/0.5.0-SNAPSHOT/hadoop-ozone-ozone-manager-0.5.0-SNAPSHOT.jar:/home/user/.m2/repository/org/apache/hadoop/hadoop-minikdc/3.2.0/hadoop-minikdc-3.2.0.jar:/home/user/.m2/repository/commons-io/commons-io/2.5/commons-io-2.5.jar:/home/user/.m2/repository/org/apache/kerby/kerb-simplekdc/1.0.1/kerb-simplekdc-1.0.1.jar:/home/user/.m2/repository/org/apache/kerby/kerb-client/1.0.1/kerb-client-1.0.1.jar:/home/user/.m2/repository/org/apache/kerby/kerby-config/1.0.1/kerby-config-1.0.1.jar:/home/user/.m2/repository/org/apache/kerby/kerb-core/1.0.1/kerb-core-1.0.1.jar:/home/user/.m2/repository/org/apache/kerby/kerby-pkix/1.0.1/kerby-pkix-1.0.1.jar:/home/user/.m2/repository/org/apache/kerby/kerby-asn1/1.0.1/kerby-asn1-1.0.1.jar:/home/user/.m2/repository/org/apache/kerby/kerby-util/1.0.1/kerby-util-1.0.1.jar:/home/user/.m2/repository/org/apache/kerby/kerb-common/1.0.1/kerb-common-1.0.1.jar:/home/user/.m2/repository/org/apache/kerby/kerb-crypto/1.0.1/kerb-crypto-1.0.1.jar:/home/user/.m2/repository/org/apache/kerby/kerb-util/1.0.1/kerb-util-1.0.1.jar:/home/user/.m2/repository/org/apache/kerby/token-provider/1.0.1/token-provider-1.0.1.jar:/home/user/.m2/repository/org/apache/kerby/kerb-admin/1.0.1/kerb-admin-1.0.1.jar:/home/user/.m2/repository/org/apache/kerby/kerb-server/1.0.1/kerb-server-1.0.1.jar:/home/user/.m2/repository/org/apache/kerby/kerb-identity/1.0.1/kerb-identity-1.0.1.jar:/home/user/.m2/repository/org/apache/kerby/kerby-xdr/1.0.1/kerby-xdr-1.0.1.jar:/home/user/.m2/repository/org/slf4j/slf4j-log4j12/1.7.25/slf4j-log4j12-1.7.25.jar:/home/user/.m2/repository/org/apache/hadoop/hadoop-ozone-objectstore-service/0.5.0-SNAPSHOT/hadoop-ozone-objectstore-service-0.5.0-SNAPSHOT.jar:/home/user/.m2/repository/org/apache/hadoop/hadoop-ozone-s3gateway/0.5.0-SNAPSHOT/hadoop-ozone-s3gateway-0.5.0-SNAPSHOT.jar:/home/user/.m2/repository/org/jboss/weld/servlet/weld-servlet/2.4.7.Final/weld-servlet-2.4.7.Final.jar:/home/user/.m2/repository/org/glassfish/jersey/containers/jersey-container-servlet-core/2.27/jersey-container-servlet-core-2.27.jar:/home/user/.m2/repository/org/glassfish/hk2/external/javax.inject/2.5.0-b42/javax.inject-2.5.0-b42.jar:/home/user/.m2/repository/org/glassfish/jersey/core/jersey-common/2.27/jersey-common-2.27.jar:/home/user/.m2/repository/org/glassfish/hk2/osgi-resource-locator/1.0.1/osgi-resource-locator-1.0.1.jar:/home/user/.m2/repository/javax/ws/rs/javax.ws.rs-api/2.1/javax.ws.rs-api-2.1.jar:/home/user/.m2/repository/org/glassfish/jersey/ext/cdi/jersey-cdi1x/2.27/jersey-cdi1x-2.27.jar:/home/user/.m2/repository/org/glassfish/jersey/inject/jersey-hk2/2.27/jersey-hk2-2.27.jar:/home/user/.m2/repository/org/glassfish/hk2/hk2-locator/2.5.0-b42/hk2-locator-2.5.0-b42.jar:/home/user/.m2/repository/org/javassist/javassist/3.22.0-CR2/javassist-3.22.0-CR2.jar:/home/user/.m2/repository/org/glassfish/hk2/hk2-api/2.5.0/hk2-api-2.5.0.jar:/home/user/.m2/repository/org/glassfish/hk2/external/jakarta.inject/2.5.0/jakarta.inject-2.5.0.jar:/home/user/.m2/repository/org/glassfish/hk2/hk2-utils/2.5.0/hk2-utils-2.5.0.jar:/home/user/.m2/repository/jakarta/annotation/jakarta.annotation-api/1.3.4/jakarta.annotation-api-1.3.4.jar:/home/user/.m2/repository/org/glassfish/hk2/external/aopalliance-repackaged/2.5.0/aopalliance-repackaged-2.5.0.jar:/home/user/.m2/repository/com/fasterxml/jackson/dataformat/jackson-dataformat-xml/2.9.0/jackson-dataformat-xml-2.9.0.jar:/home/user/.m2/repository/com/fasterxml/jackson/core/jackson-core/2.9.5/jackson-core-2.9.5.jar:/home/user/.m2/repository/com/fasterxml/jackson/module/jackson-module-jaxb-annotations/2.9.5/jackson-module-jaxb-annotations-2.9.5.jar:/home/user/.m2/repository/javax/enterprise/cdi-api/1.2/cdi-api-1.2.jar:/home/user/.m2/repository/javax/el/javax.el-api/3.0.0/javax.el-api-3.0.0.jar:/home/user/.m2/repository/javax/interceptor/javax.interceptor-api/1.2/javax.interceptor-api-1.2.jar:/home/user/.m2/repository/javax/inject/javax.inject/1/javax.inject-1.jar:/home/user/.m2/repository/com/sun/xml/bind/jaxb-impl/2.3.0.1/jaxb-impl-2.3.0.1.jar:/home/user/.m2/repository/com/sun/xml/bind/jaxb-core/2.3.0.1/jaxb-core-2.3.0.1.jar:/home/user/.m2/repository/javax/xml/bind/jaxb-api/2.3.0/jaxb-api-2.3.0.jar:/home/user/.m2/repository/javax/activation/activation/1.1.1/activation-1.1.1.jar:/home/user/.m2/repository/org/apache/hadoop/hadoop-ozone-csi/0.5.0-SNAPSHOT/hadoop-ozone-csi-0.5.0-SNAPSHOT.jar:/home/user/.m2/repository/com/google/protobuf/protobuf-java-util/3.5.1/protobuf-java-util-3.5.1.jar:/home/user/.m2/repository/org/apache/hadoop/hadoop-hdds-config/0.5.0-SNAPSHOT/hadoop-hdds-config-0.5.0-SNAPSHOT.jar:/home/user/.m2/repository/io/grpc/grpc-netty/1.17.1/grpc-netty-1.17.1.jar:/home/user/.m2/repository/io/grpc/grpc-core/1.17.1/grpc-core-1.17.1.jar:/home/user/.m2/repository/io/grpc/grpc-context/1.17.1/grpc-context-1.17.1.jar:/home/user/.m2/repository/com/google/errorprone/error_prone_annotations/2.2.0/error_prone_annotations-2.2.0.jar:/home/user/.m2/repository/org/codehaus/mojo/animal-sniffer-annotations/1.17/animal-sniffer-annotations-1.17.jar:/home/user/.m2/repository/io/opencensus/opencensus-api/0.17.0/opencensus-api-0.17.0.jar:/home/user/.m2/repository/io/opencensus/opencensus-contrib-grpc-metrics/0.17.0/opencensus-contrib-grpc-metrics-0.17.0.jar:/home/user/.m2/repository/io/netty/netty-codec-http2/4.1.30.Final/netty-codec-http2-4.1.30.Final.jar:/home/user/.m2/repository/io/netty/netty-codec-http/4.1.30.Final/netty-codec-http-4.1.30.Final.jar:/home/user/.m2/repository/io/netty/netty-codec/4.1.30.Final/netty-codec-4.1.30.Final.jar:/home/user/.m2/repository/io/netty/netty-handler/4.1.30.Final/netty-handler-4.1.30.Final.jar:/home/user/.m2/repository/io/netty/netty-handler-proxy/4.1.30.Final/netty-handler-proxy-4.1.30.Final.jar:/home/user/.m2/repository/io/netty/netty-codec-socks/4.1.30.Final/netty-codec-socks-4.1.30.Final.jar:/home/user/.m2/repository/io/netty/netty-transport-native-epoll/4.1.30.Final/netty-transport-native-epoll-4.1.30.Final.jar:/home/user/.m2/repository/io/netty/netty-common/4.1.30.Final/netty-common-4.1.30.Final.jar:/home/user/.m2/repository/io/netty/netty-buffer/4.1.30.Final/netty-buffer-4.1.30.Final.jar:/home/user/.m2/repository/io/netty/netty-transport/4.1.30.Final/netty-transport-4.1.30.Final.jar:/home/user/.m2/repository/io/netty/netty-resolver/4.1.30.Final/netty-resolver-4.1.30.Final.jar:/home/user/.m2/repository/io/netty/netty-transport-native-unix-common/4.1.30.Final/netty-transport-native-unix-common-4.1.30.Final.jar:/home/user/.m2/repository/io/grpc/grpc-protobuf/1.17.1/grpc-protobuf-1.17.1.jar:/home/user/.m2/repository/com/google/api/grpc/proto-google-common-protos/1.0.0/proto-google-common-protos-1.0.0.jar:/home/user/.m2/repository/io/grpc/grpc-protobuf-lite/1.17.1/grpc-protobuf-lite-1.17.1.jar:/home/user/.m2/repository/io/grpc/grpc-stub/1.17.1/grpc-stub-1.17.1.jar:/home/user/.m2/repository/org/apache/hadoop/hadoop-ozone-recon/0.5.0-SNAPSHOT/hadoop-ozone-recon-0.5.0-SNAPSHOT.jar:/home/user/.m2/repository/org/apache/hadoop/hadoop-ozone-reconcodegen/0.5.0-SNAPSHOT/hadoop-ozone-reconcodegen-0.5.0-SNAPSHOT.jar:/home/user/.m2/repository/com/google/inject/extensions/guice-multibindings/4.0/guice-multibindings-4.0.jar:/home/user/.m2/repository/com/google/inject/guice/4.0/guice-4.0.jar:/home/user/.m2/repository/aopalliance/aopalliance/1.0/aopalliance-1.0.jar:/home/user/.m2/repository/com/google/inject/extensions/guice-servlet/4.0/guice-servlet-4.0.jar:/home/user/.m2/repository/org/glassfish/jersey/containers/jersey-container-servlet/2.27/jersey-container-servlet-2.27.jar:/home/user/.m2/repository/org/glassfish/hk2/guice-bridge/2.5.0/guice-bridge-2.5.0.jar:/home/user/.m2/repository/org/glassfish/jersey/core/jersey-server/2.27/jersey-server-2.27.jar:/home/user/.m2/repository/org/glassfish/jersey/core/jersey-client/2.27/jersey-client-2.27.jar:/home/user/.m2/repository/org/glassfish/jersey/media/jersey-media-jaxb/2.27/jersey-media-jaxb-2.27.jar:/home/user/.m2/repository/javax/validation/validation-api/1.1.0.Final/validation-api-1.1.0.Final.jar:/home/user/.m2/repository/org/glassfish/jersey/media/jersey-media-json-jackson/2.27/jersey-media-json-jackson-2.27.jar:/home/user/.m2/repository/org/glassfish/jersey/ext/jersey-entity-filtering/2.27/jersey-entity-filtering-2.27.jar:/home/user/.m2/repository/com/google/inject/extensions/guice-assistedinject/4.0/guice-assistedinject-4.0.jar:/home/user/.m2/repository/org/jooq/jooq/3.11.10/jooq-3.11.10.jar:/home/user/.m2/repository/org/jooq/jooq-meta/3.11.10/jooq-meta-3.11.10.jar:/home/user/.m2/repository/org/jooq/jooq-codegen/3.11.10/jooq-codegen-3.11.10.jar:/home/user/.m2/repository/com/jolbox/bonecp/0.8.0.RELEASE/bonecp-0.8.0.RELEASE.jar:/home/user/.m2/repository/org/xerial/sqlite-jdbc/3.25.2/sqlite-jdbc-3.25.2.jar:/home/user/.m2/repository/org/springframework/spring-jdbc/5.1.3.RELEASE/spring-jdbc-5.1.3.RELEASE.jar:/home/user/.m2/repository/org/springframework/spring-beans/5.1.3.RELEASE/spring-beans-5.1.3.RELEASE.jar:/home/user/.m2/repository/org/springframework/spring-core/5.1.3.RELEASE/spring-core-5.1.3.RELEASE.jar:/home/user/.m2/repository/org/springframework/spring-jcl/5.1.3.RELEASE/spring-jcl-5.1.3.RELEASE.jar:/home/user/.m2/repository/org/springframework/spring-tx/5.1.3.RELEASE/spring-tx-5.1.3.RELEASE.jar:/home/user/.m2/repository/org/apache/hadoop/hadoop-ozone-client/0.5.0-SNAPSHOT/hadoop-ozone-client-0.5.0-SNAPSHOT.jar:/home/user/.m2/repository/commons-lang/commons-lang/2.6/commons-lang-2.6.jar:/home/user/.m2/repository/org/apache/hadoop/hadoop-ozone-ozone-manager/0.5.0-SNAPSHOT/hadoop-ozone-ozone-manager-0.5.0-SNAPSHOT-tests.jar:/home/user/.m2/repository/junit/junit/4.11/junit-4.11.jar:/home/user/.m2/repository/org/hamcrest/hamcrest-core/1.3/hamcrest-core-1.3.jar:/home/user/.m2/repository/org/openjdk/jmh/jmh-core/1.19/jmh-core-1.19.jar:/home/user/.m2/repository/net/sf/jopt-simple/jopt-simple/4.6/jopt-simple-4.6.jar:/home/user/.m2/repository/org/apache/commons/commons-math3/3.1.1/commons-math3-3.1.1.jar:/home/user/.m2/repository/org/openjdk/jmh/jmh-generator-annprocess/1.19/jmh-generator-annprocess-1.19.jar:/home/user/.m2/repository/org/mockito/mockito-all/1.8.5/mockito-all-1.8.5.jar:/home/user/.m2/repository/org/apache/hadoop/hadoop-kms/3.2.0/hadoop-kms-3.2.0.jar:/home/user/.m2/repository/org/apache/hadoop/hadoop-auth/3.2.0/hadoop-auth-3.2.0.jar:/home/user/.m2/repository/com/nimbusds/nimbus-jose-jwt/4.41.1/nimbus-jose-jwt-4.41.1.jar:/home/user/.m2/repository/com/github/stephenc/jcip/jcip-annotations/1.0-1/jcip-annotations-1.0-1.jar:/home/user/.m2/repository/net/minidev/json-smart/2.3/json-smart-2.3.jar:/home/user/.m2/repository/net/minidev/accessors-smart/1.2/accessors-smart-1.2.jar:/home/user/.m2/repository/org/ow2/asm/asm/5.0.4/asm-5.0.4.jar:/home/user/.m2/repository/org/apache/curator/curator-framework/2.12.0/curator-framework-2.12.0.jar:/home/user/.m2/repository/com/sun/jersey/jersey-core/1.19/jersey-core-1.19.jar:/home/user/.m2/repository/javax/ws/rs/jsr311-api/1.1.1/jsr311-api-1.1.1.jar:/home/user/.m2/repository/com/sun/jersey/jersey-server/1.19/jersey-server-1.19.jar:/home/user/.m2/repository/javax/servlet/javax.servlet-api/3.1.0/javax.servlet-api-3.1.0.jar:/home/user/.m2/repository/org/eclipse/jetty/jetty-server/9.3.24.v20180605/jetty-server-9.3.24.v20180605.jar:/home/user/.m2/repository/org/eclipse/jetty/jetty-http/9.3.24.v20180605/jetty-http-9.3.24.v20180605.jar:/home/user/.m2/repository/org/eclipse/jetty/jetty-io/9.3.24.v20180605/jetty-io-9.3.24.v20180605.jar:/home/user/.m2/repository/org/eclipse/jetty/jetty-webapp/9.3.24.v20180605/jetty-webapp-9.3.24.v20180605.jar:/home/user/.m2/repository/org/eclipse/jetty/jetty-xml/9.3.24.v20180605/jetty-xml-9.3.24.v20180605.jar:/home/user/.m2/repository/log4j/log4j/1.2.17/log4j-1.2.17.jar:/home/user/.m2/repository/org/slf4j/slf4j-api/1.7.25/slf4j-api-1.7.25.jar:/home/user/.m2/repository/org/slf4j/jul-to-slf4j/1.7.25/jul-to-slf4j-1.7.25.jar:/home/user/.m2/repository/org/eclipse/jetty/jetty-util/9.3.24.v20180605/jetty-util-9.3.24.v20180605.jar:/home/user/.m2/repository/com/fasterxml/jackson/core/jackson-databind/2.9.5/jackson-databind-2.9.5.jar:/home/user/.m2/repository/org/apache/hadoop/hadoop-kms/3.2.0/hadoop-kms-3.2.0-tests.jar:/home/user/.m2/repository/org/apache/hadoop/hadoop-hdds-server-scm/0.5.0-SNAPSHOT/hadoop-hdds-server-scm-0.5.0-SNAPSHOT-tests.jar:/home/user/.m2/repository/org/apache/hadoop/hadoop-hdds-container-service/0.5.0-SNAPSHOT/hadoop-hdds-container-service-0.5.0-SNAPSHOT-tests.jar:/home/user/.m2/repository/org/yaml/snakeyaml/1.16/snakeyaml-1.16.jar:/home/user/.m2/repository/org/apache/hadoop/hadoop-common/3.2.0/hadoop-common-3.2.0-tests.jar:/home/user/.m2/repository/org/apache/hadoop/hadoop-annotations/3.2.0/hadoop-annotations-3.2.0.jar:/usr/lib/jvm/java-1.8-openjdk/jre/../lib/tools.jar:/home/user/.m2/repository/commons-cli/commons-cli/1.2/commons-cli-1.2.jar:/home/user/.m2/repository/org/apache/httpcomponents/httpclient/4.5.2/httpclient-4.5.2.jar:/home/user/.m2/repository/org/apache/httpcomponents/httpcore/4.4.4/httpcore-4.4.4.jar:/home/user/.m2/repository/commons-codec/commons-codec/1.11/commons-codec-1.11.jar:/home/user/.m2/repository/commons-net/commons-net/3.6/commons-net-3.6.jar:/home/user/.m2/repository/commons-collections/commons-collections/3.2.2/commons-collections-3.2.2.jar:/home/user/.m2/repository/org/eclipse/jetty/jetty-servlet/9.3.24.v20180605/jetty-servlet-9.3.24.v20180605.jar:/home/user/.m2/repository/org/eclipse/jetty/jetty-security/9.3.24.v20180605/jetty-security-9.3.24.v20180605.jar:/home/user/.m2/repository/javax/servlet/jsp/jsp-api/2.1/jsp-api-2.1.jar:/home/user/.m2/repository/com/sun/jersey/jersey-servlet/1.19/jersey-servlet-1.19.jar:/home/user/.m2/repository/com/sun/jersey/jersey-json/1.19/jersey-json-1.19.jar:/home/user/.m2/repository/org/codehaus/jettison/jettison/1.1/jettison-1.1.jar:/home/user/.m2/repository/org/codehaus/jackson/jackson-core-asl/1.9.13/jackson-core-asl-1.9.13.jar:/home/user/.m2/repository/org/codehaus/jackson/jackson-mapper-asl/1.9.13/jackson-mapper-asl-1.9.13.jar:/home/user/.m2/repository/org/codehaus/jackson/jackson-jaxrs/1.9.13/jackson-jaxrs-1.9.13.jar:/home/user/.m2/repository/org/codehaus/jackson/jackson-xc/1.9.13/jackson-xc-1.9.13.jar:/home/user/.m2/repository/commons-logging/commons-logging/1.1.3/commons-logging-1.1.3.jar:/home/user/.m2/repository/commons-beanutils/commons-beanutils/1.9.3/commons-beanutils-1.9.3.jar:/home/user/.m2/repository/org/apache/commons/commons-configuration2/2.1.1/commons-configuration2-2.1.1.jar:/home/user/.m2/repository/org/apache/commons/commons-lang3/3.7/commons-lang3-3.7.jar:/home/user/.m2/repository/org/apache/commons/commons-text/1.4/commons-text-1.4.jar:/home/user/.m2/repository/org/apache/avro/avro/1.7.7/avro-1.7.7.jar:/home/user/.m2/repository/com/thoughtworks/paranamer/paranamer/2.3/paranamer-2.3.jar:/home/user/.m2/repository/org/xerial/snappy/snappy-java/1.0.5/snappy-java-1.0.5.jar:/home/user/.m2/repository/com/google/re2j/re2j/1.1/re2j-1.1.jar:/home/user/.m2/repository/com/google/code/gson/gson/2.2.4/gson-2.2.4.jar:/home/user/.m2/repository/com/jcraft/jsch/0.1.54/jsch-0.1.54.jar:/home/user/.m2/repository/org/apache/curator/curator-client/2.12.0/curator-client-2.12.0.jar:/home/user/.m2/repository/org/apache/curator/curator-recipes/2.12.0/curator-recipes-2.12.0.jar:/home/user/.m2/repository/com/google/code/findbugs/jsr305/3.0.0/jsr305-3.0.0.jar:/home/user/.m2/repository/org/apache/htrace/htrace-core4/4.1.0-incubating/htrace-core4-4.1.0-incubating.jar:/home/user/.m2/repository/org/apache/zookeeper/zookeeper/3.4.13/zookeeper-3.4.13.jar:/home/user/.m2/repository/org/apache/yetus/audience-annotations/0.5.0/audience-annotations-0.5.0.jar:/home/user/.m2/repository/org/codehaus/woodstox/stax2-api/3.1.4/stax2-api-3.1.4.jar:/home/user/.m2/repository/com/fasterxml/woodstox/woodstox-core/5.0.3/woodstox-core-5.0.3.jar:/home/user/.m2/repository/dnsjava/dnsjava/2.1.7/dnsjava-2.1.7.jar:/home/user/.m2/repository/org/apache/hadoop/hadoop-hdfs/3.2.0/hadoop-hdfs-3.2.0-tests.jar:/home/user/.m2/repository/org/eclipse/jetty/jetty-util-ajax/9.3.24.v20180605/jetty-util-ajax-9.3.24.v20180605.jar:/home/user/.m2/repository/commons-daemon/commons-daemon/1.0.13/commons-daemon-1.0.13.jar:/home/user/.m2/repository/io/netty/netty/3.10.5.Final/netty-3.10.5.Final.jar:/home/user/.m2/repository/io/netty/netty-all/4.0.52.Final/netty-all-4.0.52.Final.jar:/home/user/.m2/repository/org/fusesource/leveldbjni/leveldbjni-all/1.8/leveldbjni-all-1.8.jar:"/>
    <property name="sun.cpu.endian" value="little"/>
    <property name="user.home" value="/home/user"/>
    <property name="user.language" value="en"/>
    <property name="java.specification.vendor" value="Oracle Corporation"/>
    <property name="java.home" value="/usr/lib/jvm/java-1.8-openjdk/jre"/>
    <property name="java.security.krb5.conf" value="/workdir/hadoop-ozone/integration-test/target/test-classes/krb5.conf"/>
    <property name="basedir" value="/workdir/hadoop-ozone/integration-test"/>
    <property name="file.separator" value="/"/>
    <property name="line.separator" value="&#10;"/>
    <property name="java.vm.specification.vendor" value="Oracle Corporation"/>
    <property name="java.specification.name" value="Java Platform API Specification"/>
    <property name="java.awt.graphicsenv" value="sun.awt.X11GraphicsEnvironment"/>
    <property name="surefire.real.class.path" value="/workdir/hadoop-ozone/integration-test/target/surefire/surefirebooter4119340218346021063.jar"/>
    <property name="hadoop.log.dir" value="/workdir/hadoop-ozone/integration-test/target/log"/>
    <property name="sun.boot.class.path" value="/usr/lib/jvm/java-1.8-openjdk/jre/lib/resources.jar:/usr/lib/jvm/java-1.8-openjdk/jre/lib/rt.jar:/usr/lib/jvm/java-1.8-openjdk/jre/lib/sunrsasign.jar:/usr/lib/jvm/java-1.8-openjdk/jre/lib/jsse.jar:/usr/lib/jvm/java-1.8-openjdk/jre/lib/jce.jar:/usr/lib/jvm/java-1.8-openjdk/jre/lib/charsets.jar:/usr/lib/jvm/java-1.8-openjdk/jre/lib/jfr.jar:/usr/lib/jvm/java-1.8-openjdk/jre/classes"/>
    <property name="sun.management.compiler" value="HotSpot 64-Bit Tiered Compilers"/>
    <property name="java.runtime.version" value="1.8.0_212-b04"/>
    <property name="java.net.preferIPv4Stack" value="true"/>
    <property name="user.name" value="jenkins1000"/>
    <property name="path.separator" value=":"/>
    <property name="java.security.egd" value="file:///dev/urandom"/>
    <property name="os.version" value="3.10.0-957.12.2.el7.x86_64"/>
    <property name="java.endorsed.dirs" value="/usr/lib/jvm/java-1.8-openjdk/jre/lib/endorsed"/>
    <property name="java.runtime.name" value="OpenJDK Runtime Environment"/>
    <property name="file.encoding" value="UTF-8"/>
    <property name="java.vm.name" value="OpenJDK 64-Bit Server VM"/>
    <property name="test.build.webapps" value=""/>
    <property name="localRepository" value="/home/user/.m2/repository"/>
    <property name="java.vendor.url.bug" value="https://icedtea.classpath.org/bugzilla"/>
    <property name="java.io.tmpdir" value="/tmp"/>
    <property name="require.test.libhadoop" value=""/>
    <property name="java.version" value="1.8.0_212"/>
    <property name="user.dir" value="/workdir/hadoop-ozone/integration-test"/>
    <property name="os.arch" value="amd64"/>
    <property name="java.vm.specification.name" value="Java Virtual Machine Specification"/>
    <property name="test.build.classes" value="/workdir/hadoop-ozone/integration-test/target/test-classes"/>
    <property name="java.awt.printerjob" value="sun.print.PSPrinterJob"/>
    <property name="sun.os.patch.level" value="unknown"/>
    <property name="hadoop.tmp.dir" value="/workdir/hadoop-ozone/integration-test/target/tmp"/>
    <property name="java.library.path" value="/usr/lib/jvm/java-1.8-openjdk/jre/lib/amd64/server:/usr/lib/jvm/java-1.8-openjdk/jre/lib/amd64:/usr/lib/jvm/java-1.8-openjdk/jre/../lib/amd64:/workdir/hadoop-ozone/integration-test/target/native/target/usr/local/lib:/workdir/hadoop-ozone/integration-test/../../hadoop-common-project/hadoop-common/target/native/target/usr/local/lib:/usr/java/packages/lib/amd64:/usr/lib64:/lib64:/lib:/usr/lib"/>
    <property name="java.vm.info" value="mixed mode"/>
    <property name="java.vendor" value="IcedTea"/>
    <property name="java.vm.version" value="25.212-b04"/>
    <property name="java.ext.dirs" value="/usr/lib/jvm/java-1.8-openjdk/jre/lib/ext:/usr/java/packages/lib/ext"/>
    <property name="sun.io.unicode.encoding" value="UnicodeLittle"/>
    <property name="java.class.version" value="52.0"/>
  </properties>
  <testcase name="test2WayCommitForRetryfailure" classname="org.apache.hadoop.ozone.client.rpc.Test2WayCommitInRatis" time="37.056">
    <error message="org.apache.ratis.protocol.RaftRetryFailureException: Failed RaftClientRequest:client-3928019D8D35-&gt;e7e6e6c0-3e74-4894-8cf7-2a72b9d88373@group-5E96761CA3B7, cid=14, seq=2*, RW, org.apache.hadoop.hdds.scm.XceiverClientRatis$$Lambda$297/712949255@9b20a77 for 20 attempts with RetryLimited(maxAttempts=20, sleepTime=1000ms)" type="java.util.concurrent.ExecutionException">java.util.concurrent.ExecutionException: org.apache.ratis.protocol.RaftRetryFailureException: Failed RaftClientRequest:client-3928019D8D35->e7e6e6c0-3e74-4894-8cf7-2a72b9d88373@group-5E96761CA3B7, cid=14, seq=2*, RW, org.apache.hadoop.hdds.scm.XceiverClientRatis$$Lambda$297/712949255@9b20a77 for 20 attempts with RetryLimited(maxAttempts=20, sleepTime=1000ms)
	at java.util.concurrent.CompletableFuture.reportGet(CompletableFuture.java:357)
	at java.util.concurrent.CompletableFuture.get(CompletableFuture.java:1895)
	at org.apache.hadoop.ozone.client.rpc.Test2WayCommitInRatis.test2WayCommitForRetryfailure(Test2WayCommitInRatis.java:144)
	at sun.reflect.NativeMethodAccessorImpl.invoke0(Native Method)
	at sun.reflect.NativeMethodAccessorImpl.invoke(NativeMethodAccessorImpl.java:62)
	at sun.reflect.DelegatingMethodAccessorImpl.invoke(DelegatingMethodAccessorImpl.java:43)
	at java.lang.reflect.Method.invoke(Method.java:498)
	at org.junit.runners.model.FrameworkMethod$1.runReflectiveCall(FrameworkMethod.java:47)
	at org.junit.internal.runners.model.ReflectiveCallable.run(ReflectiveCallable.java:12)
	at org.junit.runners.model.FrameworkMethod.invokeExplosively(FrameworkMethod.java:44)
	at org.junit.internal.runners.statements.InvokeMethod.evaluate(InvokeMethod.java:17)
	at org.junit.runners.ParentRunner.runLeaf(ParentRunner.java:271)
	at org.junit.runners.BlockJUnit4ClassRunner.runChild(BlockJUnit4ClassRunner.java:70)
	at org.junit.runners.BlockJUnit4ClassRunner.runChild(BlockJUnit4ClassRunner.java:50)
	at org.junit.runners.ParentRunner$3.run(ParentRunner.java:238)
	at org.junit.runners.ParentRunner$1.schedule(ParentRunner.java:63)
	at org.junit.runners.ParentRunner.runChildren(ParentRunner.java:236)
	at org.junit.runners.ParentRunner.access$000(ParentRunner.java:53)
	at org.junit.runners.ParentRunner$2.evaluate(ParentRunner.java:229)
	at org.junit.runners.ParentRunner.run(ParentRunner.java:309)
	at org.apache.maven.surefire.junit4.JUnit4Provider.execute(JUnit4Provider.java:365)
	at org.apache.maven.surefire.junit4.JUnit4Provider.executeWithRerun(JUnit4Provider.java:273)
	at org.apache.maven.surefire.junit4.JUnit4Provider.executeTestSet(JUnit4Provider.java:238)
	at org.apache.maven.surefire.junit4.JUnit4Provider.invoke(JUnit4Provider.java:159)
	at org.apache.maven.surefire.booter.ForkedBooter.invokeProviderInSameClassLoader(ForkedBooter.java:384)
	at org.apache.maven.surefire.booter.ForkedBooter.runSuitesInProcess(ForkedBooter.java:345)
	at org.apache.maven.surefire.booter.ForkedBooter.execute(ForkedBooter.java:126)
	at org.apache.maven.surefire.booter.ForkedBooter.main(ForkedBooter.java:418)
Caused by: org.apache.ratis.protocol.RaftRetryFailureException: Failed RaftClientRequest:client-3928019D8D35->e7e6e6c0-3e74-4894-8cf7-2a72b9d88373@group-5E96761CA3B7, cid=14, seq=2*, RW, org.apache.hadoop.hdds.scm.XceiverClientRatis$$Lambda$297/712949255@9b20a77 for 20 attempts with RetryLimited(maxAttempts=20, sleepTime=1000ms)
	at org.apache.ratis.client.impl.RaftClientImpl.noMoreRetries(RaftClientImpl.java:272)
	at org.apache.ratis.client.impl.OrderedAsync.handleAsyncRetryFailure(OrderedAsync.java:138)
	at org.apache.ratis.client.impl.OrderedAsync.lambda$sendRequest$10(OrderedAsync.java:230)
	at java.util.concurrent.CompletableFuture.uniExceptionally(CompletableFuture.java:870)
	at java.util.concurrent.CompletableFuture$UniExceptionally.tryFire(CompletableFuture.java:852)
	at java.util.concurrent.CompletableFuture.postComplete(CompletableFuture.java:474)
	at java.util.concurrent.CompletableFuture.completeExceptionally(CompletableFuture.java:1977)
	at org.apache.ratis.grpc.client.GrpcClientProtocolClient$AsyncStreamObservers.completeReplyExceptionally(GrpcClientProtocolClient.java:330)
	at org.apache.ratis.grpc.client.GrpcClientProtocolClient$AsyncStreamObservers.access$000(GrpcClientProtocolClient.java:246)
	at org.apache.ratis.grpc.client.GrpcClientProtocolClient$AsyncStreamObservers$1.onNext(GrpcClientProtocolClient.java:258)
	at org.apache.ratis.grpc.client.GrpcClientProtocolClient$AsyncStreamObservers$1.onNext(GrpcClientProtocolClient.java:249)
	at org.apache.ratis.thirdparty.io.grpc.stub.ClientCalls$StreamObserverToCallListenerAdapter.onMessage(ClientCalls.java:421)
	at org.apache.ratis.thirdparty.io.grpc.ForwardingClientCallListener.onMessage(ForwardingClientCallListener.java:33)
	at org.apache.ratis.thirdparty.io.grpc.ForwardingClientCallListener.onMessage(ForwardingClientCallListener.java:33)
	at org.apache.ratis.thirdparty.io.grpc.internal.ClientCallImpl$ClientStreamListenerImpl$1MessagesAvailable.runInContext(ClientCallImpl.java:519)
	at org.apache.ratis.thirdparty.io.grpc.internal.ContextRunnable.run(ContextRunnable.java:37)
	at org.apache.ratis.thirdparty.io.grpc.internal.SerializingExecutor.run(SerializingExecutor.java:123)
	at java.util.concurrent.ThreadPoolExecutor.runWorker(ThreadPoolExecutor.java:1149)
	at java.util.concurrent.ThreadPoolExecutor$Worker.run(ThreadPoolExecutor.java:624)
	at java.lang.Thread.run(Thread.java:748)
Caused by: org.apache.ratis.protocol.NotLeaderException: Server e7e6e6c0-3e74-4894-8cf7-2a72b9d88373 is not the leader (null). Request must be sent to leader.
	at org.apache.ratis.client.impl.ClientProtoUtils.toRaftClientReply(ClientProtoUtils.java:242)
	at org.apache.ratis.grpc.client.GrpcClientProtocolClient$AsyncStreamObservers$1.onNext(GrpcClientProtocolClient.java:254)
	... 10 more
</error>
    <system-out><![CDATA[2019-08-20 21:03:27,654 [main] WARN  server.ServerUtils (ServerUtils.java:getScmDbDir(145)) - ozone.scm.db.dirs is not configured. We recommend adding this setting. Falling back to ozone.metadata.dirs instead.
2019-08-20 21:03:27,908 [main] WARN  server.ServerUtils (ServerUtils.java:getScmDbDir(145)) - ozone.scm.db.dirs is not configured. We recommend adding this setting. Falling back to ozone.metadata.dirs instead.
2019-08-20 21:03:27,911 [main] WARN  server.ServerUtils (ServerUtils.java:getScmDbDir(145)) - ozone.scm.db.dirs is not configured. We recommend adding this setting. Falling back to ozone.metadata.dirs instead.
2019-08-20 21:03:27,927 [main] INFO  util.log (Log.java:initialized(192)) - Logging initialized @991ms
2019-08-20 21:03:28,026 [main] INFO  db.DBStoreBuilder (DBStoreBuilder.java:addTable(110)) - using custom profile for table: deletedBlocks
2019-08-20 21:03:28,026 [main] INFO  db.DBStoreBuilder (DBStoreBuilder.java:processTables(161)) - Using default column profile:DBProfile.DISK for Table:deletedBlocks
2019-08-20 21:03:28,026 [main] INFO  db.DBStoreBuilder (DBStoreBuilder.java:addTable(110)) - using custom profile for table: validCerts
2019-08-20 21:03:28,027 [main] INFO  db.DBStoreBuilder (DBStoreBuilder.java:processTables(161)) - Using default column profile:DBProfile.DISK for Table:validCerts
2019-08-20 21:03:28,027 [main] INFO  db.DBStoreBuilder (DBStoreBuilder.java:addTable(110)) - using custom profile for table: revokedCerts
2019-08-20 21:03:28,027 [main] INFO  db.DBStoreBuilder (DBStoreBuilder.java:processTables(161)) - Using default column profile:DBProfile.DISK for Table:revokedCerts
2019-08-20 21:03:28,038 [main] INFO  db.DBStoreBuilder (DBStoreBuilder.java:addTable(110)) - using custom profile for table: default
2019-08-20 21:03:28,039 [main] INFO  db.DBStoreBuilder (DBStoreBuilder.java:processTables(167)) - Using default column profile:DBProfile.DISK for Table:default
2019-08-20 21:03:28,040 [main] INFO  db.DBStoreBuilder (DBStoreBuilder.java:getDbProfile(198)) - Using default options. DBProfile.DISK
2019-08-20 21:03:30,806 [main] INFO  net.NodeSchemaLoader (NodeSchemaLoader.java:loadSchemaFromFile(125)) - Loading file from sun.misc.CompoundEnumeration@6eda5c9
2019-08-20 21:03:30,808 [main] INFO  net.NodeSchemaLoader (NodeSchemaLoader.java:loadSchema(171)) - Loading network topology layer schema file
2019-08-20 21:03:30,874 [main] WARN  server.ServerUtils (ServerUtils.java:sanitizeUserArgs(70)) - ozone.scm.stale.node.interval value = 300000 is larger than max = 100000 based on the key value of ozone.scm.heartbeat.thread.interval, reset to the max value 100000.
2019-08-20 21:03:30,876 [main] WARN  server.ServerUtils (ServerUtils.java:sanitizeUserArgs(70)) - ozone.scm.stale.node.interval value = 300000 is larger than max = 100000 based on the key value of ozone.scm.heartbeat.thread.interval, reset to the max value 100000.
2019-08-20 21:03:30,878 [main] INFO  node.SCMNodeManager (SCMNodeManager.java:<init>(121)) - Entering startup safe mode.
2019-08-20 21:03:30,947 [main] INFO  algorithms.ContainerPlacementPolicyFactory (ContainerPlacementPolicyFactory.java:getPolicy(55)) - Create container placement policy of type org.apache.hadoop.hdds.scm.container.placement.algorithms.SCMContainerPlacementRandom
2019-08-20 21:03:30,961 [main] WARN  server.ServerUtils (ServerUtils.java:getScmDbDir(145)) - ozone.scm.db.dirs is not configured. We recommend adding this setting. Falling back to ozone.metadata.dirs instead.
2019-08-20 21:03:31,053 [main] INFO  pipeline.SCMPipelineManager (SCMPipelineManager.java:initializePipelineState(126)) - No pipeline exists in current db
2019-08-20 21:03:31,057 [main] WARN  server.ServerUtils (ServerUtils.java:getScmDbDir(145)) - ozone.scm.db.dirs is not configured. We recommend adding this setting. Falling back to ozone.metadata.dirs instead.
2019-08-20 21:03:31,193 [main] WARN  events.EventQueue (EventQueue.java:fireEvent(175)) - No event handler registered for event TypedEvent{payloadType=SafeModeStatus, name='SafeModeStatus'}
2019-08-20 21:03:31,598 [main] INFO  ipc.CallQueueManager (CallQueueManager.java:<init>(84)) - Using callQueue: class java.util.concurrent.LinkedBlockingQueue, queueCapacity: 2000, scheduler: class org.apache.hadoop.ipc.DefaultRpcScheduler, ipcBackoff: false.
2019-08-20 21:03:31,876 [Socket Reader #1 for port 42642] INFO  ipc.Server (Server.java:run(1074)) - Starting Socket Reader #1 for port 42642
2019-08-20 21:03:31,903 [main] INFO  ipc.CallQueueManager (CallQueueManager.java:<init>(84)) - Using callQueue: class java.util.concurrent.LinkedBlockingQueue, queueCapacity: 2000, scheduler: class org.apache.hadoop.ipc.DefaultRpcScheduler, ipcBackoff: false.
2019-08-20 21:03:31,904 [Socket Reader #1 for port 45385] INFO  ipc.Server (Server.java:run(1074)) - Starting Socket Reader #1 for port 45385
2019-08-20 21:03:31,912 [main] INFO  ipc.CallQueueManager (CallQueueManager.java:<init>(84)) - Using callQueue: class java.util.concurrent.LinkedBlockingQueue, queueCapacity: 2000, scheduler: class org.apache.hadoop.ipc.DefaultRpcScheduler, ipcBackoff: false.
2019-08-20 21:03:31,913 [Socket Reader #1 for port 39558] INFO  ipc.Server (Server.java:run(1074)) - Starting Socket Reader #1 for port 39558
2019-08-20 21:03:31,934 [main] INFO  hdfs.DFSUtil (DFSUtil.java:httpServerTemplateForNNAndJN(1641)) - Starting Web-server for scm at: http://0.0.0.0:0
2019-08-20 21:03:32,052 [main] INFO  server.AuthenticationFilter (AuthenticationFilter.java:constructSecretProvider(240)) - Unable to initialize FileSignerSecretProvider, falling back to use random secrets.
2019-08-20 21:03:32,059 [main] WARN  http.HttpRequestLog (HttpRequestLog.java:getRequestLog(97)) - Jetty request log can only be enabled using Log4j
2019-08-20 21:03:32,066 [main] INFO  http.HttpServer2 (HttpServer2.java:addGlobalFilter(975)) - Added global filter 'safety' (class=org.apache.hadoop.http.HttpServer2$QuotingInputFilter)
2019-08-20 21:03:32,068 [main] INFO  http.HttpServer2 (HttpServer2.java:addFilter(948)) - Added filter static_user_filter (class=org.apache.hadoop.http.lib.StaticUserWebFilter$StaticUserFilter) to context scm
2019-08-20 21:03:32,068 [main] INFO  http.HttpServer2 (HttpServer2.java:addFilter(958)) - Added filter static_user_filter (class=org.apache.hadoop.http.lib.StaticUserWebFilter$StaticUserFilter) to context logs
2019-08-20 21:03:32,069 [main] INFO  http.HttpServer2 (HttpServer2.java:addFilter(958)) - Added filter static_user_filter (class=org.apache.hadoop.http.lib.StaticUserWebFilter$StaticUserFilter) to context static
2019-08-20 21:03:32,094 [main] INFO  server.StorageContainerManager (StorageContainerManager.java:start(759)) - StorageContainerLocationProtocol RPC server is listening at /0.0.0.0:39558
2019-08-20 21:03:32,147 [main] WARN  impl.MetricsConfig (MetricsConfig.java:loadFirst(134)) - Cannot locate configuration: tried hadoop-metrics2-storagecontainermanager.properties,hadoop-metrics2.properties
2019-08-20 21:03:32,158 [main] INFO  impl.MetricsSystemImpl (MetricsSystemImpl.java:startTimer(374)) - Scheduled Metric snapshot period at 10 second(s).
2019-08-20 21:03:32,158 [main] INFO  impl.MetricsSystemImpl (MetricsSystemImpl.java:start(191)) - StorageContainerManager metrics system started
2019-08-20 21:03:32,384 [main] INFO  server.SCMClientProtocolServer (SCMClientProtocolServer.java:start(151)) - RPC server for Client  is listening at /0.0.0.0:39558
2019-08-20 21:03:32,385 [IPC Server Responder] INFO  ipc.Server (Server.java:run(1314)) - IPC Server Responder: starting
2019-08-20 21:03:32,385 [IPC Server listener on 39558] INFO  ipc.Server (Server.java:run(1153)) - IPC Server listener on 39558: starting
2019-08-20 21:03:32,388 [main] INFO  server.StorageContainerManager (StorageContainerManager.java:start(769)) - ScmBlockLocationProtocol RPC server is listening at /0.0.0.0:45385
2019-08-20 21:03:32,388 [main] INFO  server.SCMBlockProtocolServer (SCMBlockProtocolServer.java:start(140)) - RPC server for Block Protocol is listening at /0.0.0.0:45385
2019-08-20 21:03:32,389 [IPC Server Responder] INFO  ipc.Server (Server.java:run(1314)) - IPC Server Responder: starting
2019-08-20 21:03:32,389 [IPC Server listener on 45385] INFO  ipc.Server (Server.java:run(1153)) - IPC Server listener on 45385: starting
2019-08-20 21:03:32,398 [main] INFO  server.StorageContainerManager (StorageContainerManager.java:start(773)) - ScmDatanodeProtocl RPC server is listening at /0.0.0.0:42642
2019-08-20 21:03:32,399 [main] INFO  server.SCMDatanodeProtocolServer (SCMDatanodeProtocolServer.java:start(191)) - RPC server for DataNodes is listening at /0.0.0.0:42642
2019-08-20 21:03:32,400 [IPC Server Responder] INFO  ipc.Server (Server.java:run(1314)) - IPC Server Responder: starting
2019-08-20 21:03:32,400 [IPC Server listener on 42642] INFO  ipc.Server (Server.java:run(1153)) - IPC Server listener on 42642: starting
2019-08-20 21:03:32,410 [main] INFO  http.HttpServer2 (HttpServer2.java:bindListener(1191)) - Jetty bound to port 35455
2019-08-20 21:03:32,413 [main] INFO  server.Server (Server.java:doStart(351)) - jetty-9.3.24.v20180605, build timestamp: 2018-06-05T17:11:56Z, git hash: 84205aa28f11a4f31f2a3b86d1bba2cc8ab69827
2019-08-20 21:03:32,456 [main] INFO  handler.ContextHandler (ContextHandler.java:doStart(781)) - Started o.e.j.s.ServletContextHandler@47a5b70d{/logs,file:///workdir/hadoop-ozone/integration-test/target/log,AVAILABLE}
2019-08-20 21:03:32,456 [main] INFO  handler.ContextHandler (ContextHandler.java:doStart(781)) - Started o.e.j.s.ServletContextHandler@1a45193b{/static,file:///workdir/hadoop-ozone/integration-test/target/test-classes/webapps/static,AVAILABLE}
2019-08-20 21:03:32,490 [main] INFO  handler.ContextHandler (ContextHandler.java:doStart(781)) - Started o.e.j.w.WebAppContext@30b34287{/,file:///workdir/hadoop-ozone/integration-test/target/test-classes/webapps/scm/,AVAILABLE}{/scm}
2019-08-20 21:03:32,497 [main] INFO  server.AbstractConnector (AbstractConnector.java:doStart(278)) - Started ServerConnector@672f11c2{HTTP/1.1,[http/1.1]}{0.0.0.0:35455}
2019-08-20 21:03:32,497 [main] INFO  server.Server (Server.java:doStart(419)) - Started @5561ms
2019-08-20 21:03:32,498 [main] INFO  server.BaseHttpServer (BaseHttpServer.java:updateConnectorAddress(213)) - HTTP server of SCM is listening at http://0.0.0.0:35455
2019-08-20 21:03:32,509 [org.apache.hadoop.util.JvmPauseMonitor$Monitor@173b9122] INFO  util.JvmPauseMonitor (JvmPauseMonitor.java:run(188)) - Starting JVM pause monitor
2019-08-20 21:03:32,515 [main] WARN  server.ServerUtils (ServerUtils.java:getDBPath(222)) - ozone.om.db.dirs is not configured. We recommend adding this setting. Falling back to ozone.metadata.dirs instead.
2019-08-20 21:03:32,648 [main] WARN  server.ServerUtils (ServerUtils.java:getDBPath(222)) - ozone.om.db.dirs is not configured. We recommend adding this setting. Falling back to ozone.metadata.dirs instead.
2019-08-20 21:03:32,649 [main] WARN  server.ServerUtils (ServerUtils.java:getDBPath(222)) - ozone.om.db.dirs is not configured. We recommend adding this setting. Falling back to ozone.metadata.dirs instead.
2019-08-20 21:03:32,650 [main] INFO  om.OzoneManager (OzoneManager.java:setOMNodeDetails(648)) - OM Service ID is not set. Setting it to the default ID: omServiceIdDefault
2019-08-20 21:03:32,650 [main] INFO  om.OzoneManager (OzoneManager.java:setOMNodeDetails(654)) - OM Node ID is not set. Setting it to the OmStorage's OmID: 63a6b590-b54a-445b-82fc-c7b655846c0d
2019-08-20 21:03:32,651 [main] INFO  om.OzoneManager (OzoneManager.java:loadOMHAConfigs(605)) - Found matching OM address with OMServiceId: null, OMNodeId: null, RPC Address: localhost:0 and Ratis port: 9872
2019-08-20 21:03:32,927 | INFO  | SCMAudit | user=jenkins1000 | ip=192.168.69.82 | op=GET_SCM_INFO null | ret=SUCCESS |  
2019-08-20 21:03:33,432 [main] WARN  server.ServerUtils (ServerUtils.java:getDBPath(222)) - ozone.om.db.dirs is not configured. We recommend adding this setting. Falling back to ozone.metadata.dirs instead.
2019-08-20 21:03:33,441 [main] INFO  db.DBStoreBuilder (DBStoreBuilder.java:addTable(110)) - using custom profile for table: userTable
2019-08-20 21:03:33,441 [main] INFO  db.DBStoreBuilder (DBStoreBuilder.java:processTables(161)) - Using default column profile:DBProfile.DISK for Table:userTable
2019-08-20 21:03:33,442 [main] INFO  db.DBStoreBuilder (DBStoreBuilder.java:addTable(110)) - using custom profile for table: volumeTable
2019-08-20 21:03:33,442 [main] INFO  db.DBStoreBuilder (DBStoreBuilder.java:processTables(161)) - Using default column profile:DBProfile.DISK for Table:volumeTable
2019-08-20 21:03:33,442 [main] INFO  db.DBStoreBuilder (DBStoreBuilder.java:addTable(110)) - using custom profile for table: bucketTable
2019-08-20 21:03:33,442 [main] INFO  db.DBStoreBuilder (DBStoreBuilder.java:processTables(161)) - Using default column profile:DBProfile.DISK for Table:bucketTable
2019-08-20 21:03:33,443 [main] INFO  db.DBStoreBuilder (DBStoreBuilder.java:addTable(110)) - using custom profile for table: keyTable
2019-08-20 21:03:33,443 [main] INFO  db.DBStoreBuilder (DBStoreBuilder.java:processTables(161)) - Using default column profile:DBProfile.DISK for Table:keyTable
2019-08-20 21:03:33,443 [main] INFO  db.DBStoreBuilder (DBStoreBuilder.java:addTable(110)) - using custom profile for table: deletedTable
2019-08-20 21:03:33,443 [main] INFO  db.DBStoreBuilder (DBStoreBuilder.java:processTables(161)) - Using default column profile:DBProfile.DISK for Table:deletedTable
2019-08-20 21:03:33,444 [main] INFO  db.DBStoreBuilder (DBStoreBuilder.java:addTable(110)) - using custom profile for table: openKeyTable
2019-08-20 21:03:33,444 [main] INFO  db.DBStoreBuilder (DBStoreBuilder.java:processTables(161)) - Using default column profile:DBProfile.DISK for Table:openKeyTable
2019-08-20 21:03:33,444 [main] INFO  db.DBStoreBuilder (DBStoreBuilder.java:addTable(110)) - using custom profile for table: s3Table
2019-08-20 21:03:33,444 [main] INFO  db.DBStoreBuilder (DBStoreBuilder.java:processTables(161)) - Using default column profile:DBProfile.DISK for Table:s3Table
2019-08-20 21:03:33,445 [main] INFO  db.DBStoreBuilder (DBStoreBuilder.java:addTable(110)) - using custom profile for table: multipartInfoTable
2019-08-20 21:03:33,445 [main] INFO  db.DBStoreBuilder (DBStoreBuilder.java:processTables(161)) - Using default column profile:DBProfile.DISK for Table:multipartInfoTable
2019-08-20 21:03:33,445 [main] INFO  db.DBStoreBuilder (DBStoreBuilder.java:addTable(110)) - using custom profile for table: dTokenTable
2019-08-20 21:03:33,445 [main] INFO  db.DBStoreBuilder (DBStoreBuilder.java:processTables(161)) - Using default column profile:DBProfile.DISK for Table:dTokenTable
2019-08-20 21:03:33,446 [main] INFO  db.DBStoreBuilder (DBStoreBuilder.java:addTable(110)) - using custom profile for table: s3SecretTable
2019-08-20 21:03:33,446 [main] INFO  db.DBStoreBuilder (DBStoreBuilder.java:processTables(161)) - Using default column profile:DBProfile.DISK for Table:s3SecretTable
2019-08-20 21:03:33,446 [main] INFO  db.DBStoreBuilder (DBStoreBuilder.java:addTable(110)) - using custom profile for table: prefixTable
2019-08-20 21:03:33,446 [main] INFO  db.DBStoreBuilder (DBStoreBuilder.java:processTables(161)) - Using default column profile:DBProfile.DISK for Table:prefixTable
2019-08-20 21:03:33,447 [main] INFO  db.DBStoreBuilder (DBStoreBuilder.java:addTable(110)) - using custom profile for table: default
2019-08-20 21:03:33,447 [main] INFO  db.DBStoreBuilder (DBStoreBuilder.java:processTables(167)) - Using default column profile:DBProfile.DISK for Table:default
2019-08-20 21:03:33,447 [main] INFO  db.DBStoreBuilder (DBStoreBuilder.java:getDbProfile(198)) - Using default options. DBProfile.DISK
2019-08-20 21:03:34,095 [main] INFO  ipc.CallQueueManager (CallQueueManager.java:<init>(84)) - Using callQueue: class java.util.concurrent.LinkedBlockingQueue, queueCapacity: 2000, scheduler: class org.apache.hadoop.ipc.DefaultRpcScheduler, ipcBackoff: false.
2019-08-20 21:03:34,096 [Socket Reader #1 for port 46613] INFO  ipc.Server (Server.java:run(1074)) - Starting Socket Reader #1 for port 46613
2019-08-20 21:03:34,121 [main] INFO  om.OzoneManager (OzoneManager.java:start(1259)) - OzoneManager RPC server is listening at localhost/127.0.0.1:46613
2019-08-20 21:03:34,122 [main] INFO  impl.MetricsSystemImpl (MetricsSystemImpl.java:init(158)) - OzoneManager metrics system started (again)
2019-08-20 21:03:34,123 [IPC Server Responder] INFO  ipc.Server (Server.java:run(1314)) - IPC Server Responder: starting
2019-08-20 21:03:34,123 [IPC Server listener on 46613] INFO  ipc.Server (Server.java:run(1153)) - IPC Server listener on 46613: starting
2019-08-20 21:03:34,132 [main] INFO  hdfs.DFSUtil (DFSUtil.java:httpServerTemplateForNNAndJN(1641)) - Starting Web-server for ozoneManager at: http://0.0.0.0:0
2019-08-20 21:03:34,136 [main] INFO  server.AuthenticationFilter (AuthenticationFilter.java:constructSecretProvider(240)) - Unable to initialize FileSignerSecretProvider, falling back to use random secrets.
2019-08-20 21:03:34,137 [main] WARN  http.HttpRequestLog (HttpRequestLog.java:getRequestLog(97)) - Jetty request log can only be enabled using Log4j
2019-08-20 21:03:34,139 [main] INFO  http.HttpServer2 (HttpServer2.java:addGlobalFilter(975)) - Added global filter 'safety' (class=org.apache.hadoop.http.HttpServer2$QuotingInputFilter)
2019-08-20 21:03:34,140 [main] INFO  http.HttpServer2 (HttpServer2.java:addFilter(948)) - Added filter static_user_filter (class=org.apache.hadoop.http.lib.StaticUserWebFilter$StaticUserFilter) to context ozoneManager
2019-08-20 21:03:34,141 [main] INFO  http.HttpServer2 (HttpServer2.java:addFilter(958)) - Added filter static_user_filter (class=org.apache.hadoop.http.lib.StaticUserWebFilter$StaticUserFilter) to context static
2019-08-20 21:03:34,141 [main] INFO  http.HttpServer2 (HttpServer2.java:addFilter(958)) - Added filter static_user_filter (class=org.apache.hadoop.http.lib.StaticUserWebFilter$StaticUserFilter) to context logs
2019-08-20 21:03:34,143 [main] INFO  http.HttpServer2 (HttpServer2.java:bindListener(1191)) - Jetty bound to port 40306
2019-08-20 21:03:34,144 [main] INFO  server.Server (Server.java:doStart(351)) - jetty-9.3.24.v20180605, build timestamp: 2018-06-05T17:11:56Z, git hash: 84205aa28f11a4f31f2a3b86d1bba2cc8ab69827
2019-08-20 21:03:34,146 [main] INFO  handler.ContextHandler (ContextHandler.java:doStart(781)) - Started o.e.j.s.ServletContextHandler@2c16fadb{/logs,file:///workdir/hadoop-ozone/integration-test/target/log,AVAILABLE}
2019-08-20 21:03:34,147 [main] INFO  handler.ContextHandler (ContextHandler.java:doStart(781)) - Started o.e.j.s.ServletContextHandler@2227a6c1{/static,file:///workdir/hadoop-ozone/integration-test/target/test-classes/webapps/static,AVAILABLE}
2019-08-20 21:03:34,350 [main] INFO  handler.ContextHandler (ContextHandler.java:doStart(781)) - Started o.e.j.w.WebAppContext@49601f82{/,file:///workdir/hadoop-ozone/integration-test/target/test-classes/webapps/ozoneManager/,AVAILABLE}{/ozoneManager}
2019-08-20 21:03:34,351 [main] INFO  server.AbstractConnector (AbstractConnector.java:doStart(278)) - Started ServerConnector@23e44287{HTTP/1.1,[http/1.1]}{0.0.0.0:40306}
2019-08-20 21:03:34,351 [main] INFO  server.Server (Server.java:doStart(419)) - Started @7415ms
2019-08-20 21:03:34,352 [main] INFO  server.BaseHttpServer (BaseHttpServer.java:updateConnectorAddress(213)) - HTTP server of OZONEMANAGER is listening at http://0.0.0.0:40306
2019-08-20 21:03:34,513 [main] INFO  impl.MetricsSystemImpl (MetricsSystemImpl.java:init(158)) - HddsDatanode metrics system started (again)
2019-08-20 21:03:34,598 [main] INFO  ozone.HddsDatanodeService (HddsDatanodeService.java:start(184)) - HddsDatanodeService host:pr-hdds-1973-8vfkv-3728417522 ip:192.168.69.82
2019-08-20 21:03:34,631 [main] INFO  volume.HddsVolume (HddsVolume.java:<init>(176)) - Creating Volume: /workdir/hadoop-ozone/integration-test/target/test-dir/MiniOzoneClusterImpl-8530c380-4d42-4c39-9dcb-f7b018a0b755/datanode-0/data/containers/hdds of  storage type : DISK and capacity : 1482555576320
2019-08-20 21:03:34,633 [main] INFO  volume.VolumeSet (VolumeSet.java:initializeVolumeSet(170)) - Added Volume : /workdir/hadoop-ozone/integration-test/target/test-dir/MiniOzoneClusterImpl-8530c380-4d42-4c39-9dcb-f7b018a0b755/datanode-0/data/containers/hdds to VolumeSet
2019-08-20 21:03:34,636 [main] INFO  volume.ThrottledAsyncChecker (ThrottledAsyncChecker.java:schedule(140)) - Scheduling a check for org.apache.hadoop.ozone.container.common.volume.HddsVolume@468be356
2019-08-20 21:03:34,652 [main] INFO  volume.HddsVolumeChecker (HddsVolumeChecker.java:checkAllVolumes(203)) - Scheduled health check for volume org.apache.hadoop.ozone.container.common.volume.HddsVolume@468be356
2019-08-20 21:03:34,758 [main] INFO  impl.RaftServerProxy (ConfUtils.java:logGet(43)) - raft.rpc.type = GRPC (default)
2019-08-20 21:03:34,833 [main] INFO  grpc.GrpcFactory (GrpcFactory.java:checkPooledByteBufAllocatorUseCacheForAllThreads(45)) - PERFORMANCE WARNING: useCacheForAllThreads is true that may cause Netty to create a lot garbage objects and, as a result, trigger GC.
	It is recommended to disable useCacheForAllThreads by setting -Dorg.apache.ratis.thirdparty.io.netty.allocator.useCacheForAllThreads=false in command line.
2019-08-20 21:03:34,838 [main] INFO  grpc.GrpcConfigKeys$Server (ConfUtils.java:logGet(43)) - raft.grpc.server.port = 0 (default)
2019-08-20 21:03:34,839 [main] INFO  server.GrpcService (ConfUtils.java:logGet(43)) - raft.grpc.message.size.max = 33570816 (custom)
2019-08-20 21:03:34,841 [main] INFO  server.RaftServerConfigKeys (ConfUtils.java:logGet(43)) - raft.server.log.appender.buffer.byte-limit = 33554432 (custom)
2019-08-20 21:03:34,842 [main] INFO  server.GrpcService (ConfUtils.java:logGet(43)) - raft.grpc.flow.control.window = 1MB (=1048576) (default)
2019-08-20 21:03:34,842 [main] INFO  server.RaftServerConfigKeys (ConfUtils.java:logGet(43)) - raft.server.rpc.request.timeout = 3000ms (default)
2019-08-20 21:03:35,002 [main] INFO  server.RaftServerConfigKeys (ConfUtils.java:logGet(43)) - raft.server.storage.dir = [/workdir/hadoop-ozone/integration-test/target/test-dir/MiniOzoneClusterImpl-8530c380-4d42-4c39-9dcb-f7b018a0b755/datanode-0/data/ratis] (custom)
2019-08-20 21:03:35,039 [main] INFO  replication.SimpleContainerDownloader (SimpleContainerDownloader.java:<init>(72)) - Starting container downloader service to copy containers to replicate.
2019-08-20 21:03:35,053 [main] INFO  hdfs.DFSUtil (DFSUtil.java:httpServerTemplateForNNAndJN(1641)) - Starting Web-server for hddsDatanode at: http://0.0.0.0:0
2019-08-20 21:03:35,055 [main] INFO  server.AuthenticationFilter (AuthenticationFilter.java:constructSecretProvider(240)) - Unable to initialize FileSignerSecretProvider, falling back to use random secrets.
2019-08-20 21:03:35,056 [main] WARN  http.HttpRequestLog (HttpRequestLog.java:getRequestLog(97)) - Jetty request log can only be enabled using Log4j
2019-08-20 21:03:35,057 [main] INFO  http.HttpServer2 (HttpServer2.java:addGlobalFilter(975)) - Added global filter 'safety' (class=org.apache.hadoop.http.HttpServer2$QuotingInputFilter)
2019-08-20 21:03:35,058 [main] INFO  http.HttpServer2 (HttpServer2.java:addFilter(948)) - Added filter static_user_filter (class=org.apache.hadoop.http.lib.StaticUserWebFilter$StaticUserFilter) to context hddsDatanode
2019-08-20 21:03:35,058 [main] INFO  http.HttpServer2 (HttpServer2.java:addFilter(958)) - Added filter static_user_filter (class=org.apache.hadoop.http.lib.StaticUserWebFilter$StaticUserFilter) to context static
2019-08-20 21:03:35,058 [main] INFO  http.HttpServer2 (HttpServer2.java:addFilter(958)) - Added filter static_user_filter (class=org.apache.hadoop.http.lib.StaticUserWebFilter$StaticUserFilter) to context logs
2019-08-20 21:03:35,059 [main] INFO  http.HttpServer2 (HttpServer2.java:bindListener(1191)) - Jetty bound to port 41496
2019-08-20 21:03:35,059 [main] INFO  server.Server (Server.java:doStart(351)) - jetty-9.3.24.v20180605, build timestamp: 2018-06-05T17:11:56Z, git hash: 84205aa28f11a4f31f2a3b86d1bba2cc8ab69827
2019-08-20 21:03:35,063 [main] INFO  handler.ContextHandler (ContextHandler.java:doStart(781)) - Started o.e.j.s.ServletContextHandler@22eaa86e{/logs,file:///workdir/hadoop-ozone/integration-test/target/log,AVAILABLE}
2019-08-20 21:03:35,064 [main] INFO  handler.ContextHandler (ContextHandler.java:doStart(781)) - Started o.e.j.s.ServletContextHandler@1cc680e{/static,jar:file:/home/user/.m2/repository/org/apache/hadoop/hadoop-hdds-container-service/0.5.0-SNAPSHOT/hadoop-hdds-container-service-0.5.0-SNAPSHOT.jar!/webapps/static,AVAILABLE}
2019-08-20 21:03:35,111 [main] INFO  handler.ContextHandler (ContextHandler.java:doStart(781)) - Started o.e.j.w.WebAppContext@a5272be{/,file:///tmp/jetty-0.0.0.0-41496-hddsDatanode-_-any-3009824643754160466.dir/webapp/,AVAILABLE}{/hddsDatanode}
2019-08-20 21:03:35,112 [main] INFO  server.AbstractConnector (AbstractConnector.java:doStart(278)) - Started ServerConnector@58ba5b30{HTTP/1.1,[http/1.1]}{0.0.0.0:41496}
2019-08-20 21:03:35,112 [main] INFO  server.Server (Server.java:doStart(419)) - Started @8177ms
2019-08-20 21:03:35,113 [main] INFO  server.BaseHttpServer (BaseHttpServer.java:updateConnectorAddress(213)) - HTTP server of HDDSDATANODE is listening at http://0.0.0.0:41496
2019-08-20 21:03:36,208 | INFO  | ObjectStoreRestHttpServer | Listening HDDS REST traffic on /0.0.0.0:39004 |  
2019-08-20 21:03:36,209 [main] INFO  ozone.HddsDatanodeService (HddsDatanodeService.java:startPlugins(395)) - Started plug-in org.apache.hadoop.ozone.web.OzoneHddsDatanodeService@1213ffbc
2019-08-20 21:03:36,210 [main] INFO  impl.MetricsSystemImpl (MetricsSystemImpl.java:init(158)) - HddsDatanode metrics system started (again)
2019-08-20 21:03:36,213 [main] INFO  ozone.HddsDatanodeService (HddsDatanodeService.java:start(184)) - HddsDatanodeService host:pr-hdds-1973-8vfkv-3728417522 ip:192.168.69.82
2019-08-20 21:03:36,218 [org.apache.hadoop.util.JvmPauseMonitor$Monitor@724ff1a7] INFO  util.JvmPauseMonitor (JvmPauseMonitor.java:run(188)) - Starting JVM pause monitor
2019-08-20 21:03:36,221 [main] INFO  volume.HddsVolume (HddsVolume.java:<init>(176)) - Creating Volume: /workdir/hadoop-ozone/integration-test/target/test-dir/MiniOzoneClusterImpl-8530c380-4d42-4c39-9dcb-f7b018a0b755/datanode-1/data/containers/hdds of  storage type : DISK and capacity : 1482555576320
2019-08-20 21:03:36,222 [main] INFO  volume.VolumeSet (VolumeSet.java:initializeVolumeSet(170)) - Added Volume : /workdir/hadoop-ozone/integration-test/target/test-dir/MiniOzoneClusterImpl-8530c380-4d42-4c39-9dcb-f7b018a0b755/datanode-1/data/containers/hdds to VolumeSet
2019-08-20 21:03:36,222 [main] INFO  volume.ThrottledAsyncChecker (ThrottledAsyncChecker.java:schedule(140)) - Scheduling a check for org.apache.hadoop.ozone.container.common.volume.HddsVolume@2abafa97
2019-08-20 21:03:36,223 [main] INFO  volume.HddsVolumeChecker (HddsVolumeChecker.java:checkAllVolumes(203)) - Scheduled health check for volume org.apache.hadoop.ozone.container.common.volume.HddsVolume@2abafa97
2019-08-20 21:03:36,244 [main] INFO  impl.RaftServerProxy (ConfUtils.java:logGet(43)) - raft.rpc.type = GRPC (default)
2019-08-20 21:03:36,245 [main] INFO  grpc.GrpcFactory (GrpcFactory.java:checkPooledByteBufAllocatorUseCacheForAllThreads(45)) - PERFORMANCE WARNING: useCacheForAllThreads is true that may cause Netty to create a lot garbage objects and, as a result, trigger GC.
	It is recommended to disable useCacheForAllThreads by setting -Dorg.apache.ratis.thirdparty.io.netty.allocator.useCacheForAllThreads=false in command line.
2019-08-20 21:03:36,245 [main] INFO  grpc.GrpcConfigKeys$Server (ConfUtils.java:logGet(43)) - raft.grpc.server.port = 0 (default)
2019-08-20 21:03:36,246 [main] INFO  server.GrpcService (ConfUtils.java:logGet(43)) - raft.grpc.message.size.max = 33570816 (custom)
2019-08-20 21:03:36,246 [main] INFO  server.RaftServerConfigKeys (ConfUtils.java:logGet(43)) - raft.server.log.appender.buffer.byte-limit = 33554432 (custom)
2019-08-20 21:03:36,246 [main] INFO  server.GrpcService (ConfUtils.java:logGet(43)) - raft.grpc.flow.control.window = 1MB (=1048576) (default)
2019-08-20 21:03:36,246 [main] INFO  server.RaftServerConfigKeys (ConfUtils.java:logGet(43)) - raft.server.rpc.request.timeout = 3000ms (default)
2019-08-20 21:03:36,247 [main] INFO  server.RaftServerConfigKeys (ConfUtils.java:logGet(43)) - raft.server.storage.dir = [/workdir/hadoop-ozone/integration-test/target/test-dir/MiniOzoneClusterImpl-8530c380-4d42-4c39-9dcb-f7b018a0b755/datanode-1/data/ratis] (custom)
2019-08-20 21:03:36,248 [main] INFO  replication.SimpleContainerDownloader (SimpleContainerDownloader.java:<init>(72)) - Starting container downloader service to copy containers to replicate.
2019-08-20 21:03:36,249 [main] INFO  hdfs.DFSUtil (DFSUtil.java:httpServerTemplateForNNAndJN(1641)) - Starting Web-server for hddsDatanode at: http://0.0.0.0:0
2019-08-20 21:03:36,251 [main] INFO  server.AuthenticationFilter (AuthenticationFilter.java:constructSecretProvider(240)) - Unable to initialize FileSignerSecretProvider, falling back to use random secrets.
2019-08-20 21:03:36,252 [main] WARN  http.HttpRequestLog (HttpRequestLog.java:getRequestLog(97)) - Jetty request log can only be enabled using Log4j
2019-08-20 21:03:36,255 [main] INFO  http.HttpServer2 (HttpServer2.java:addGlobalFilter(975)) - Added global filter 'safety' (class=org.apache.hadoop.http.HttpServer2$QuotingInputFilter)
2019-08-20 21:03:36,256 [main] INFO  http.HttpServer2 (HttpServer2.java:addFilter(948)) - Added filter static_user_filter (class=org.apache.hadoop.http.lib.StaticUserWebFilter$StaticUserFilter) to context hddsDatanode
2019-08-20 21:03:36,256 [main] INFO  http.HttpServer2 (HttpServer2.java:addFilter(958)) - Added filter static_user_filter (class=org.apache.hadoop.http.lib.StaticUserWebFilter$StaticUserFilter) to context static
2019-08-20 21:03:36,256 [main] INFO  http.HttpServer2 (HttpServer2.java:addFilter(958)) - Added filter static_user_filter (class=org.apache.hadoop.http.lib.StaticUserWebFilter$StaticUserFilter) to context logs
2019-08-20 21:03:36,257 [main] INFO  http.HttpServer2 (HttpServer2.java:bindListener(1191)) - Jetty bound to port 41561
2019-08-20 21:03:36,258 [main] INFO  server.Server (Server.java:doStart(351)) - jetty-9.3.24.v20180605, build timestamp: 2018-06-05T17:11:56Z, git hash: 84205aa28f11a4f31f2a3b86d1bba2cc8ab69827
2019-08-20 21:03:36,260 [main] INFO  handler.ContextHandler (ContextHandler.java:doStart(781)) - Started o.e.j.s.ServletContextHandler@dbddbe3{/logs,file:///workdir/hadoop-ozone/integration-test/target/log,AVAILABLE}
2019-08-20 21:03:36,261 [main] INFO  handler.ContextHandler (ContextHandler.java:doStart(781)) - Started o.e.j.s.ServletContextHandler@44aa2e13{/static,jar:file:/home/user/.m2/repository/org/apache/hadoop/hadoop-hdds-container-service/0.5.0-SNAPSHOT/hadoop-hdds-container-service-0.5.0-SNAPSHOT.jar!/webapps/static,AVAILABLE}
2019-08-20 21:03:36,299 [main] INFO  handler.ContextHandler (ContextHandler.java:doStart(781)) - Started o.e.j.w.WebAppContext@28ee0a3c{/,file:///tmp/jetty-0.0.0.0-41561-hddsDatanode-_-any-4441451488967741656.dir/webapp/,AVAILABLE}{/hddsDatanode}
2019-08-20 21:03:36,299 [main] INFO  server.AbstractConnector (AbstractConnector.java:doStart(278)) - Started ServerConnector@2dd1086{HTTP/1.1,[http/1.1]}{0.0.0.0:41561}
2019-08-20 21:03:36,300 [main] INFO  server.Server (Server.java:doStart(419)) - Started @9365ms
2019-08-20 21:03:36,301 [main] INFO  server.BaseHttpServer (BaseHttpServer.java:updateConnectorAddress(213)) - HTTP server of HDDSDATANODE is listening at http://0.0.0.0:41561
2019-08-20 21:03:36,356 [Datanode State Machine Thread - 0] INFO  datanode.InitDatanodeState (InitDatanodeState.java:persistContainerDatanodeDetails(140)) - DatanodeDetails is persisted to /workdir/hadoop-ozone/integration-test/target/test-dir/MiniOzoneClusterImpl-8530c380-4d42-4c39-9dcb-f7b018a0b755/datanode-0/meta/datanode.id
2019-08-20 21:03:36,457 | INFO  | ObjectStoreRestHttpServer | Listening HDDS REST traffic on /0.0.0.0:35254 |  
2019-08-20 21:03:36,457 [main] INFO  ozone.HddsDatanodeService (HddsDatanodeService.java:startPlugins(395)) - Started plug-in org.apache.hadoop.ozone.web.OzoneHddsDatanodeService@4a864d4d
2019-08-20 21:03:36,457 [main] INFO  impl.MetricsSystemImpl (MetricsSystemImpl.java:init(158)) - HddsDatanode metrics system started (again)
2019-08-20 21:03:36,460 [org.apache.hadoop.util.JvmPauseMonitor$Monitor@5ae6b5dc] INFO  util.JvmPauseMonitor (JvmPauseMonitor.java:run(188)) - Starting JVM pause monitor
2019-08-20 21:03:36,461 [main] INFO  ozone.HddsDatanodeService (HddsDatanodeService.java:start(184)) - HddsDatanodeService host:pr-hdds-1973-8vfkv-3728417522 ip:192.168.69.82
2019-08-20 21:03:36,465 [Datanode State Machine Thread - 0] INFO  datanode.InitDatanodeState (InitDatanodeState.java:persistContainerDatanodeDetails(140)) - DatanodeDetails is persisted to /workdir/hadoop-ozone/integration-test/target/test-dir/MiniOzoneClusterImpl-8530c380-4d42-4c39-9dcb-f7b018a0b755/datanode-1/meta/datanode.id
2019-08-20 21:03:36,471 [main] INFO  volume.HddsVolume (HddsVolume.java:<init>(176)) - Creating Volume: /workdir/hadoop-ozone/integration-test/target/test-dir/MiniOzoneClusterImpl-8530c380-4d42-4c39-9dcb-f7b018a0b755/datanode-2/data/containers/hdds of  storage type : DISK and capacity : 1482555576320
2019-08-20 21:03:36,471 [main] INFO  volume.VolumeSet (VolumeSet.java:initializeVolumeSet(170)) - Added Volume : /workdir/hadoop-ozone/integration-test/target/test-dir/MiniOzoneClusterImpl-8530c380-4d42-4c39-9dcb-f7b018a0b755/datanode-2/data/containers/hdds to VolumeSet
2019-08-20 21:03:36,472 [main] INFO  volume.ThrottledAsyncChecker (ThrottledAsyncChecker.java:schedule(140)) - Scheduling a check for org.apache.hadoop.ozone.container.common.volume.HddsVolume@5db3d57c
2019-08-20 21:03:36,472 [main] INFO  volume.HddsVolumeChecker (HddsVolumeChecker.java:checkAllVolumes(203)) - Scheduled health check for volume org.apache.hadoop.ozone.container.common.volume.HddsVolume@5db3d57c
2019-08-20 21:03:36,487 [main] INFO  impl.RaftServerProxy (ConfUtils.java:logGet(43)) - raft.rpc.type = GRPC (default)
2019-08-20 21:03:36,488 [main] INFO  grpc.GrpcFactory (GrpcFactory.java:checkPooledByteBufAllocatorUseCacheForAllThreads(45)) - PERFORMANCE WARNING: useCacheForAllThreads is true that may cause Netty to create a lot garbage objects and, as a result, trigger GC.
	It is recommended to disable useCacheForAllThreads by setting -Dorg.apache.ratis.thirdparty.io.netty.allocator.useCacheForAllThreads=false in command line.
2019-08-20 21:03:36,488 [main] INFO  grpc.GrpcConfigKeys$Server (ConfUtils.java:logGet(43)) - raft.grpc.server.port = 0 (default)
2019-08-20 21:03:36,488 [main] INFO  server.GrpcService (ConfUtils.java:logGet(43)) - raft.grpc.message.size.max = 33570816 (custom)
2019-08-20 21:03:36,488 [main] INFO  server.RaftServerConfigKeys (ConfUtils.java:logGet(43)) - raft.server.log.appender.buffer.byte-limit = 33554432 (custom)
2019-08-20 21:03:36,489 [main] INFO  server.GrpcService (ConfUtils.java:logGet(43)) - raft.grpc.flow.control.window = 1MB (=1048576) (default)
2019-08-20 21:03:36,489 [main] INFO  server.RaftServerConfigKeys (ConfUtils.java:logGet(43)) - raft.server.rpc.request.timeout = 3000ms (default)
2019-08-20 21:03:36,489 [main] INFO  server.RaftServerConfigKeys (ConfUtils.java:logGet(43)) - raft.server.storage.dir = [/workdir/hadoop-ozone/integration-test/target/test-dir/MiniOzoneClusterImpl-8530c380-4d42-4c39-9dcb-f7b018a0b755/datanode-2/data/ratis] (custom)
2019-08-20 21:03:36,490 [main] INFO  replication.SimpleContainerDownloader (SimpleContainerDownloader.java:<init>(72)) - Starting container downloader service to copy containers to replicate.
2019-08-20 21:03:36,492 [main] INFO  hdfs.DFSUtil (DFSUtil.java:httpServerTemplateForNNAndJN(1641)) - Starting Web-server for hddsDatanode at: http://0.0.0.0:0
2019-08-20 21:03:36,493 [main] INFO  server.AuthenticationFilter (AuthenticationFilter.java:constructSecretProvider(240)) - Unable to initialize FileSignerSecretProvider, falling back to use random secrets.
2019-08-20 21:03:36,493 [main] WARN  http.HttpRequestLog (HttpRequestLog.java:getRequestLog(97)) - Jetty request log can only be enabled using Log4j
2019-08-20 21:03:36,495 [main] INFO  http.HttpServer2 (HttpServer2.java:addGlobalFilter(975)) - Added global filter 'safety' (class=org.apache.hadoop.http.HttpServer2$QuotingInputFilter)
2019-08-20 21:03:36,496 [main] INFO  http.HttpServer2 (HttpServer2.java:addFilter(948)) - Added filter static_user_filter (class=org.apache.hadoop.http.lib.StaticUserWebFilter$StaticUserFilter) to context hddsDatanode
2019-08-20 21:03:36,496 [main] INFO  http.HttpServer2 (HttpServer2.java:addFilter(958)) - Added filter static_user_filter (class=org.apache.hadoop.http.lib.StaticUserWebFilter$StaticUserFilter) to context static
2019-08-20 21:03:36,496 [main] INFO  http.HttpServer2 (HttpServer2.java:addFilter(958)) - Added filter static_user_filter (class=org.apache.hadoop.http.lib.StaticUserWebFilter$StaticUserFilter) to context logs
2019-08-20 21:03:36,497 [main] INFO  http.HttpServer2 (HttpServer2.java:bindListener(1191)) - Jetty bound to port 35895
2019-08-20 21:03:36,497 [main] INFO  server.Server (Server.java:doStart(351)) - jetty-9.3.24.v20180605, build timestamp: 2018-06-05T17:11:56Z, git hash: 84205aa28f11a4f31f2a3b86d1bba2cc8ab69827
2019-08-20 21:03:36,500 [main] INFO  handler.ContextHandler (ContextHandler.java:doStart(781)) - Started o.e.j.s.ServletContextHandler@5e85c21b{/logs,file:///workdir/hadoop-ozone/integration-test/target/log,AVAILABLE}
2019-08-20 21:03:36,501 [main] INFO  handler.ContextHandler (ContextHandler.java:doStart(781)) - Started o.e.j.s.ServletContextHandler@38e83838{/static,jar:file:/home/user/.m2/repository/org/apache/hadoop/hadoop-hdds-container-service/0.5.0-SNAPSHOT/hadoop-hdds-container-service-0.5.0-SNAPSHOT.jar!/webapps/static,AVAILABLE}
2019-08-20 21:03:36,529 [main] INFO  handler.ContextHandler (ContextHandler.java:doStart(781)) - Started o.e.j.w.WebAppContext@40df6090{/,file:///tmp/jetty-0.0.0.0-35895-hddsDatanode-_-any-8530801236929851915.dir/webapp/,AVAILABLE}{/hddsDatanode}
2019-08-20 21:03:36,530 [main] INFO  server.AbstractConnector (AbstractConnector.java:doStart(278)) - Started ServerConnector@8c0a23f{HTTP/1.1,[http/1.1]}{0.0.0.0:35895}
2019-08-20 21:03:36,530 [main] INFO  server.Server (Server.java:doStart(419)) - Started @9595ms
2019-08-20 21:03:36,531 [main] INFO  server.BaseHttpServer (BaseHttpServer.java:updateConnectorAddress(213)) - HTTP server of HDDSDATANODE is listening at http://0.0.0.0:35895
2019-08-20 21:03:36,681 | INFO  | ObjectStoreRestHttpServer | Listening HDDS REST traffic on /0.0.0.0:45837 |  
2019-08-20 21:03:36,681 [main] INFO  ozone.HddsDatanodeService (HddsDatanodeService.java:startPlugins(395)) - Started plug-in org.apache.hadoop.ozone.web.OzoneHddsDatanodeService@2801827a
2019-08-20 21:03:36,682 [main] INFO  impl.MetricsSystemImpl (MetricsSystemImpl.java:init(158)) - HddsDatanode metrics system started (again)
2019-08-20 21:03:36,685 [main] INFO  ozone.HddsDatanodeService (HddsDatanodeService.java:start(184)) - HddsDatanodeService host:pr-hdds-1973-8vfkv-3728417522 ip:192.168.69.82
2019-08-20 21:03:36,686 [org.apache.hadoop.util.JvmPauseMonitor$Monitor@16bd128f] INFO  util.JvmPauseMonitor (JvmPauseMonitor.java:run(188)) - Starting JVM pause monitor
2019-08-20 21:03:36,688 [Datanode State Machine Thread - 0] INFO  datanode.InitDatanodeState (InitDatanodeState.java:persistContainerDatanodeDetails(140)) - DatanodeDetails is persisted to /workdir/hadoop-ozone/integration-test/target/test-dir/MiniOzoneClusterImpl-8530c380-4d42-4c39-9dcb-f7b018a0b755/datanode-2/meta/datanode.id
2019-08-20 21:03:36,693 [main] INFO  volume.HddsVolume (HddsVolume.java:<init>(176)) - Creating Volume: /workdir/hadoop-ozone/integration-test/target/test-dir/MiniOzoneClusterImpl-8530c380-4d42-4c39-9dcb-f7b018a0b755/datanode-3/data/containers/hdds of  storage type : DISK and capacity : 1482555576320
2019-08-20 21:03:36,693 [main] INFO  volume.VolumeSet (VolumeSet.java:initializeVolumeSet(170)) - Added Volume : /workdir/hadoop-ozone/integration-test/target/test-dir/MiniOzoneClusterImpl-8530c380-4d42-4c39-9dcb-f7b018a0b755/datanode-3/data/containers/hdds to VolumeSet
2019-08-20 21:03:36,694 [main] INFO  volume.ThrottledAsyncChecker (ThrottledAsyncChecker.java:schedule(140)) - Scheduling a check for org.apache.hadoop.ozone.container.common.volume.HddsVolume@2725ca05
2019-08-20 21:03:36,694 [main] INFO  volume.HddsVolumeChecker (HddsVolumeChecker.java:checkAllVolumes(203)) - Scheduled health check for volume org.apache.hadoop.ozone.container.common.volume.HddsVolume@2725ca05
2019-08-20 21:03:36,710 [main] INFO  impl.RaftServerProxy (ConfUtils.java:logGet(43)) - raft.rpc.type = GRPC (default)
2019-08-20 21:03:36,710 [main] INFO  grpc.GrpcFactory (GrpcFactory.java:checkPooledByteBufAllocatorUseCacheForAllThreads(45)) - PERFORMANCE WARNING: useCacheForAllThreads is true that may cause Netty to create a lot garbage objects and, as a result, trigger GC.
	It is recommended to disable useCacheForAllThreads by setting -Dorg.apache.ratis.thirdparty.io.netty.allocator.useCacheForAllThreads=false in command line.
2019-08-20 21:03:36,710 [main] INFO  grpc.GrpcConfigKeys$Server (ConfUtils.java:logGet(43)) - raft.grpc.server.port = 0 (default)
2019-08-20 21:03:36,710 [main] INFO  server.GrpcService (ConfUtils.java:logGet(43)) - raft.grpc.message.size.max = 33570816 (custom)
2019-08-20 21:03:36,711 [main] INFO  server.RaftServerConfigKeys (ConfUtils.java:logGet(43)) - raft.server.log.appender.buffer.byte-limit = 33554432 (custom)
2019-08-20 21:03:36,711 [main] INFO  server.GrpcService (ConfUtils.java:logGet(43)) - raft.grpc.flow.control.window = 1MB (=1048576) (default)
2019-08-20 21:03:36,711 [main] INFO  server.RaftServerConfigKeys (ConfUtils.java:logGet(43)) - raft.server.rpc.request.timeout = 3000ms (default)
2019-08-20 21:03:36,712 [main] INFO  server.RaftServerConfigKeys (ConfUtils.java:logGet(43)) - raft.server.storage.dir = [/workdir/hadoop-ozone/integration-test/target/test-dir/MiniOzoneClusterImpl-8530c380-4d42-4c39-9dcb-f7b018a0b755/datanode-3/data/ratis] (custom)
2019-08-20 21:03:36,712 [main] INFO  replication.SimpleContainerDownloader (SimpleContainerDownloader.java:<init>(72)) - Starting container downloader service to copy containers to replicate.
2019-08-20 21:03:36,713 [main] INFO  hdfs.DFSUtil (DFSUtil.java:httpServerTemplateForNNAndJN(1641)) - Starting Web-server for hddsDatanode at: http://0.0.0.0:0
2019-08-20 21:03:36,715 [main] INFO  server.AuthenticationFilter (AuthenticationFilter.java:constructSecretProvider(240)) - Unable to initialize FileSignerSecretProvider, falling back to use random secrets.
2019-08-20 21:03:36,715 [main] WARN  http.HttpRequestLog (HttpRequestLog.java:getRequestLog(97)) - Jetty request log can only be enabled using Log4j
2019-08-20 21:03:36,717 [main] INFO  http.HttpServer2 (HttpServer2.java:addGlobalFilter(975)) - Added global filter 'safety' (class=org.apache.hadoop.http.HttpServer2$QuotingInputFilter)
2019-08-20 21:03:36,717 [main] INFO  http.HttpServer2 (HttpServer2.java:addFilter(948)) - Added filter static_user_filter (class=org.apache.hadoop.http.lib.StaticUserWebFilter$StaticUserFilter) to context hddsDatanode
2019-08-20 21:03:36,718 [main] INFO  http.HttpServer2 (HttpServer2.java:addFilter(958)) - Added filter static_user_filter (class=org.apache.hadoop.http.lib.StaticUserWebFilter$StaticUserFilter) to context static
2019-08-20 21:03:36,718 [main] INFO  http.HttpServer2 (HttpServer2.java:addFilter(958)) - Added filter static_user_filter (class=org.apache.hadoop.http.lib.StaticUserWebFilter$StaticUserFilter) to context logs
2019-08-20 21:03:36,719 [main] INFO  http.HttpServer2 (HttpServer2.java:bindListener(1191)) - Jetty bound to port 35417
2019-08-20 21:03:36,719 [main] INFO  server.Server (Server.java:doStart(351)) - jetty-9.3.24.v20180605, build timestamp: 2018-06-05T17:11:56Z, git hash: 84205aa28f11a4f31f2a3b86d1bba2cc8ab69827
2019-08-20 21:03:36,720 [main] INFO  handler.ContextHandler (ContextHandler.java:doStart(781)) - Started o.e.j.s.ServletContextHandler@6b70d1fb{/logs,file:///workdir/hadoop-ozone/integration-test/target/log,AVAILABLE}
2019-08-20 21:03:36,721 [main] INFO  handler.ContextHandler (ContextHandler.java:doStart(781)) - Started o.e.j.s.ServletContextHandler@7da1e005{/static,jar:file:/home/user/.m2/repository/org/apache/hadoop/hadoop-hdds-container-service/0.5.0-SNAPSHOT/hadoop-hdds-container-service-0.5.0-SNAPSHOT.jar!/webapps/static,AVAILABLE}
2019-08-20 21:03:36,749 [main] INFO  handler.ContextHandler (ContextHandler.java:doStart(781)) - Started o.e.j.w.WebAppContext@4f3356c0{/,file:///tmp/jetty-0.0.0.0-35417-hddsDatanode-_-any-3536775529933750230.dir/webapp/,AVAILABLE}{/hddsDatanode}
2019-08-20 21:03:36,750 [main] INFO  server.AbstractConnector (AbstractConnector.java:doStart(278)) - Started ServerConnector@586cc15d{HTTP/1.1,[http/1.1]}{0.0.0.0:35417}
2019-08-20 21:03:36,751 [main] INFO  server.Server (Server.java:doStart(419)) - Started @9815ms
2019-08-20 21:03:36,752 [main] INFO  server.BaseHttpServer (BaseHttpServer.java:updateConnectorAddress(213)) - HTTP server of HDDSDATANODE is listening at http://0.0.0.0:35417
2019-08-20 21:03:36,901 | INFO  | ObjectStoreRestHttpServer | Listening HDDS REST traffic on /0.0.0.0:42053 |  
2019-08-20 21:03:36,902 [main] INFO  ozone.HddsDatanodeService (HddsDatanodeService.java:startPlugins(395)) - Started plug-in org.apache.hadoop.ozone.web.OzoneHddsDatanodeService@2fde9469
2019-08-20 21:03:36,902 [main] INFO  impl.MetricsSystemImpl (MetricsSystemImpl.java:init(158)) - HddsDatanode metrics system started (again)
2019-08-20 21:03:36,905 [org.apache.hadoop.util.JvmPauseMonitor$Monitor@40c5eb56] INFO  util.JvmPauseMonitor (JvmPauseMonitor.java:run(188)) - Starting JVM pause monitor
2019-08-20 21:03:36,906 [main] INFO  ozone.HddsDatanodeService (HddsDatanodeService.java:start(184)) - HddsDatanodeService host:pr-hdds-1973-8vfkv-3728417522 ip:192.168.69.82
2019-08-20 21:03:36,907 [Datanode State Machine Thread - 0] INFO  datanode.InitDatanodeState (InitDatanodeState.java:persistContainerDatanodeDetails(140)) - DatanodeDetails is persisted to /workdir/hadoop-ozone/integration-test/target/test-dir/MiniOzoneClusterImpl-8530c380-4d42-4c39-9dcb-f7b018a0b755/datanode-3/meta/datanode.id
2019-08-20 21:03:36,912 [main] INFO  volume.HddsVolume (HddsVolume.java:<init>(176)) - Creating Volume: /workdir/hadoop-ozone/integration-test/target/test-dir/MiniOzoneClusterImpl-8530c380-4d42-4c39-9dcb-f7b018a0b755/datanode-4/data/containers/hdds of  storage type : DISK and capacity : 1482555576320
2019-08-20 21:03:36,913 [main] INFO  volume.VolumeSet (VolumeSet.java:initializeVolumeSet(170)) - Added Volume : /workdir/hadoop-ozone/integration-test/target/test-dir/MiniOzoneClusterImpl-8530c380-4d42-4c39-9dcb-f7b018a0b755/datanode-4/data/containers/hdds to VolumeSet
2019-08-20 21:03:36,913 [main] INFO  volume.ThrottledAsyncChecker (ThrottledAsyncChecker.java:schedule(140)) - Scheduling a check for org.apache.hadoop.ozone.container.common.volume.HddsVolume@646d810b
2019-08-20 21:03:36,913 [main] INFO  volume.HddsVolumeChecker (HddsVolumeChecker.java:checkAllVolumes(203)) - Scheduled health check for volume org.apache.hadoop.ozone.container.common.volume.HddsVolume@646d810b
2019-08-20 21:03:36,928 [main] INFO  impl.RaftServerProxy (ConfUtils.java:logGet(43)) - raft.rpc.type = GRPC (default)
2019-08-20 21:03:36,928 [main] INFO  grpc.GrpcFactory (GrpcFactory.java:checkPooledByteBufAllocatorUseCacheForAllThreads(45)) - PERFORMANCE WARNING: useCacheForAllThreads is true that may cause Netty to create a lot garbage objects and, as a result, trigger GC.
	It is recommended to disable useCacheForAllThreads by setting -Dorg.apache.ratis.thirdparty.io.netty.allocator.useCacheForAllThreads=false in command line.
2019-08-20 21:03:36,929 [main] INFO  grpc.GrpcConfigKeys$Server (ConfUtils.java:logGet(43)) - raft.grpc.server.port = 0 (default)
2019-08-20 21:03:36,929 [main] INFO  server.GrpcService (ConfUtils.java:logGet(43)) - raft.grpc.message.size.max = 33570816 (custom)
2019-08-20 21:03:36,929 [main] INFO  server.RaftServerConfigKeys (ConfUtils.java:logGet(43)) - raft.server.log.appender.buffer.byte-limit = 33554432 (custom)
2019-08-20 21:03:36,929 [main] INFO  server.GrpcService (ConfUtils.java:logGet(43)) - raft.grpc.flow.control.window = 1MB (=1048576) (default)
2019-08-20 21:03:36,930 [main] INFO  server.RaftServerConfigKeys (ConfUtils.java:logGet(43)) - raft.server.rpc.request.timeout = 3000ms (default)
2019-08-20 21:03:36,930 [main] INFO  server.RaftServerConfigKeys (ConfUtils.java:logGet(43)) - raft.server.storage.dir = [/workdir/hadoop-ozone/integration-test/target/test-dir/MiniOzoneClusterImpl-8530c380-4d42-4c39-9dcb-f7b018a0b755/datanode-4/data/ratis] (custom)
2019-08-20 21:03:36,931 [main] INFO  replication.SimpleContainerDownloader (SimpleContainerDownloader.java:<init>(72)) - Starting container downloader service to copy containers to replicate.
2019-08-20 21:03:36,932 [main] INFO  hdfs.DFSUtil (DFSUtil.java:httpServerTemplateForNNAndJN(1641)) - Starting Web-server for hddsDatanode at: http://0.0.0.0:0
2019-08-20 21:03:36,933 [main] INFO  server.AuthenticationFilter (AuthenticationFilter.java:constructSecretProvider(240)) - Unable to initialize FileSignerSecretProvider, falling back to use random secrets.
2019-08-20 21:03:36,934 [main] WARN  http.HttpRequestLog (HttpRequestLog.java:getRequestLog(97)) - Jetty request log can only be enabled using Log4j
2019-08-20 21:03:36,935 [main] INFO  http.HttpServer2 (HttpServer2.java:addGlobalFilter(975)) - Added global filter 'safety' (class=org.apache.hadoop.http.HttpServer2$QuotingInputFilter)
2019-08-20 21:03:36,936 [main] INFO  http.HttpServer2 (HttpServer2.java:addFilter(948)) - Added filter static_user_filter (class=org.apache.hadoop.http.lib.StaticUserWebFilter$StaticUserFilter) to context hddsDatanode
2019-08-20 21:03:36,936 [main] INFO  http.HttpServer2 (HttpServer2.java:addFilter(958)) - Added filter static_user_filter (class=org.apache.hadoop.http.lib.StaticUserWebFilter$StaticUserFilter) to context logs
2019-08-20 21:03:36,936 [main] INFO  http.HttpServer2 (HttpServer2.java:addFilter(958)) - Added filter static_user_filter (class=org.apache.hadoop.http.lib.StaticUserWebFilter$StaticUserFilter) to context static
2019-08-20 21:03:36,937 [main] INFO  http.HttpServer2 (HttpServer2.java:bindListener(1191)) - Jetty bound to port 41050
2019-08-20 21:03:36,937 [main] INFO  server.Server (Server.java:doStart(351)) - jetty-9.3.24.v20180605, build timestamp: 2018-06-05T17:11:56Z, git hash: 84205aa28f11a4f31f2a3b86d1bba2cc8ab69827
2019-08-20 21:03:36,939 [main] INFO  handler.ContextHandler (ContextHandler.java:doStart(781)) - Started o.e.j.s.ServletContextHandler@5329f6b3{/logs,file:///workdir/hadoop-ozone/integration-test/target/log,AVAILABLE}
2019-08-20 21:03:36,939 [main] INFO  handler.ContextHandler (ContextHandler.java:doStart(781)) - Started o.e.j.s.ServletContextHandler@77324a58{/static,jar:file:/home/user/.m2/repository/org/apache/hadoop/hadoop-hdds-container-service/0.5.0-SNAPSHOT/hadoop-hdds-container-service-0.5.0-SNAPSHOT.jar!/webapps/static,AVAILABLE}
2019-08-20 21:03:36,967 [main] INFO  handler.ContextHandler (ContextHandler.java:doStart(781)) - Started o.e.j.w.WebAppContext@6dd79214{/,file:///tmp/jetty-0.0.0.0-41050-hddsDatanode-_-any-1611398830272303029.dir/webapp/,AVAILABLE}{/hddsDatanode}
2019-08-20 21:03:36,969 [main] INFO  server.AbstractConnector (AbstractConnector.java:doStart(278)) - Started ServerConnector@ef86c72{HTTP/1.1,[http/1.1]}{0.0.0.0:41050}
2019-08-20 21:03:36,969 [main] INFO  server.Server (Server.java:doStart(419)) - Started @10033ms
2019-08-20 21:03:36,970 [main] INFO  server.BaseHttpServer (BaseHttpServer.java:updateConnectorAddress(213)) - HTTP server of HDDSDATANODE is listening at http://0.0.0.0:41050
2019-08-20 21:03:37,103 | INFO  | ObjectStoreRestHttpServer | Listening HDDS REST traffic on /0.0.0.0:37076 |  
2019-08-20 21:03:37,103 [main] INFO  ozone.HddsDatanodeService (HddsDatanodeService.java:startPlugins(395)) - Started plug-in org.apache.hadoop.ozone.web.OzoneHddsDatanodeService@1a2773a8
2019-08-20 21:03:37,103 [main] INFO  impl.MetricsSystemImpl (MetricsSystemImpl.java:init(158)) - HddsDatanode metrics system started (again)
2019-08-20 21:03:37,108 [main] INFO  ozone.HddsDatanodeService (HddsDatanodeService.java:start(184)) - HddsDatanodeService host:pr-hdds-1973-8vfkv-3728417522 ip:192.168.69.82
2019-08-20 21:03:37,108 [org.apache.hadoop.util.JvmPauseMonitor$Monitor@2603df4d] INFO  util.JvmPauseMonitor (JvmPauseMonitor.java:run(188)) - Starting JVM pause monitor
2019-08-20 21:03:37,110 [Datanode State Machine Thread - 0] INFO  datanode.InitDatanodeState (InitDatanodeState.java:persistContainerDatanodeDetails(140)) - DatanodeDetails is persisted to /workdir/hadoop-ozone/integration-test/target/test-dir/MiniOzoneClusterImpl-8530c380-4d42-4c39-9dcb-f7b018a0b755/datanode-4/meta/datanode.id
2019-08-20 21:03:37,117 [main] INFO  volume.HddsVolume (HddsVolume.java:<init>(176)) - Creating Volume: /workdir/hadoop-ozone/integration-test/target/test-dir/MiniOzoneClusterImpl-8530c380-4d42-4c39-9dcb-f7b018a0b755/datanode-5/data/containers/hdds of  storage type : DISK and capacity : 1482555576320
2019-08-20 21:03:37,117 [main] INFO  volume.VolumeSet (VolumeSet.java:initializeVolumeSet(170)) - Added Volume : /workdir/hadoop-ozone/integration-test/target/test-dir/MiniOzoneClusterImpl-8530c380-4d42-4c39-9dcb-f7b018a0b755/datanode-5/data/containers/hdds to VolumeSet
2019-08-20 21:03:37,118 [main] INFO  volume.ThrottledAsyncChecker (ThrottledAsyncChecker.java:schedule(140)) - Scheduling a check for org.apache.hadoop.ozone.container.common.volume.HddsVolume@21d9cd04
2019-08-20 21:03:37,118 [main] INFO  volume.HddsVolumeChecker (HddsVolumeChecker.java:checkAllVolumes(203)) - Scheduled health check for volume org.apache.hadoop.ozone.container.common.volume.HddsVolume@21d9cd04
2019-08-20 21:03:37,133 [main] INFO  impl.RaftServerProxy (ConfUtils.java:logGet(43)) - raft.rpc.type = GRPC (default)
2019-08-20 21:03:37,133 [main] INFO  grpc.GrpcFactory (GrpcFactory.java:checkPooledByteBufAllocatorUseCacheForAllThreads(45)) - PERFORMANCE WARNING: useCacheForAllThreads is true that may cause Netty to create a lot garbage objects and, as a result, trigger GC.
	It is recommended to disable useCacheForAllThreads by setting -Dorg.apache.ratis.thirdparty.io.netty.allocator.useCacheForAllThreads=false in command line.
2019-08-20 21:03:37,133 [main] INFO  grpc.GrpcConfigKeys$Server (ConfUtils.java:logGet(43)) - raft.grpc.server.port = 0 (default)
2019-08-20 21:03:37,134 [main] INFO  server.GrpcService (ConfUtils.java:logGet(43)) - raft.grpc.message.size.max = 33570816 (custom)
2019-08-20 21:03:37,134 [main] INFO  server.RaftServerConfigKeys (ConfUtils.java:logGet(43)) - raft.server.log.appender.buffer.byte-limit = 33554432 (custom)
2019-08-20 21:03:37,134 [main] INFO  server.GrpcService (ConfUtils.java:logGet(43)) - raft.grpc.flow.control.window = 1MB (=1048576) (default)
2019-08-20 21:03:37,134 [main] INFO  server.RaftServerConfigKeys (ConfUtils.java:logGet(43)) - raft.server.rpc.request.timeout = 3000ms (default)
2019-08-20 21:03:37,135 [main] INFO  server.RaftServerConfigKeys (ConfUtils.java:logGet(43)) - raft.server.storage.dir = [/workdir/hadoop-ozone/integration-test/target/test-dir/MiniOzoneClusterImpl-8530c380-4d42-4c39-9dcb-f7b018a0b755/datanode-5/data/ratis] (custom)
2019-08-20 21:03:37,135 [main] INFO  replication.SimpleContainerDownloader (SimpleContainerDownloader.java:<init>(72)) - Starting container downloader service to copy containers to replicate.
2019-08-20 21:03:37,137 [main] INFO  hdfs.DFSUtil (DFSUtil.java:httpServerTemplateForNNAndJN(1641)) - Starting Web-server for hddsDatanode at: http://0.0.0.0:0
2019-08-20 21:03:37,138 [main] INFO  server.AuthenticationFilter (AuthenticationFilter.java:constructSecretProvider(240)) - Unable to initialize FileSignerSecretProvider, falling back to use random secrets.
2019-08-20 21:03:37,138 [main] WARN  http.HttpRequestLog (HttpRequestLog.java:getRequestLog(97)) - Jetty request log can only be enabled using Log4j
2019-08-20 21:03:37,139 [main] INFO  http.HttpServer2 (HttpServer2.java:addGlobalFilter(975)) - Added global filter 'safety' (class=org.apache.hadoop.http.HttpServer2$QuotingInputFilter)
2019-08-20 21:03:37,140 [main] INFO  http.HttpServer2 (HttpServer2.java:addFilter(948)) - Added filter static_user_filter (class=org.apache.hadoop.http.lib.StaticUserWebFilter$StaticUserFilter) to context hddsDatanode
2019-08-20 21:03:37,140 [main] INFO  http.HttpServer2 (HttpServer2.java:addFilter(958)) - Added filter static_user_filter (class=org.apache.hadoop.http.lib.StaticUserWebFilter$StaticUserFilter) to context logs
2019-08-20 21:03:37,140 [main] INFO  http.HttpServer2 (HttpServer2.java:addFilter(958)) - Added filter static_user_filter (class=org.apache.hadoop.http.lib.StaticUserWebFilter$StaticUserFilter) to context static
2019-08-20 21:03:37,141 [main] INFO  http.HttpServer2 (HttpServer2.java:bindListener(1191)) - Jetty bound to port 44854
2019-08-20 21:03:37,141 [main] INFO  server.Server (Server.java:doStart(351)) - jetty-9.3.24.v20180605, build timestamp: 2018-06-05T17:11:56Z, git hash: 84205aa28f11a4f31f2a3b86d1bba2cc8ab69827
2019-08-20 21:03:37,142 [main] INFO  handler.ContextHandler (ContextHandler.java:doStart(781)) - Started o.e.j.s.ServletContextHandler@26a4f9ed{/logs,file:///workdir/hadoop-ozone/integration-test/target/log,AVAILABLE}
2019-08-20 21:03:37,143 [main] INFO  handler.ContextHandler (ContextHandler.java:doStart(781)) - Started o.e.j.s.ServletContextHandler@45287377{/static,jar:file:/home/user/.m2/repository/org/apache/hadoop/hadoop-hdds-container-service/0.5.0-SNAPSHOT/hadoop-hdds-container-service-0.5.0-SNAPSHOT.jar!/webapps/static,AVAILABLE}
2019-08-20 21:03:37,167 [main] INFO  handler.ContextHandler (ContextHandler.java:doStart(781)) - Started o.e.j.w.WebAppContext@a056b26{/,file:///tmp/jetty-0.0.0.0-44854-hddsDatanode-_-any-4993577333036501290.dir/webapp/,AVAILABLE}{/hddsDatanode}
2019-08-20 21:03:37,167 [main] INFO  server.AbstractConnector (AbstractConnector.java:doStart(278)) - Started ServerConnector@2a5abd3c{HTTP/1.1,[http/1.1]}{0.0.0.0:44854}
2019-08-20 21:03:37,168 [main] INFO  server.Server (Server.java:doStart(419)) - Started @10233ms
2019-08-20 21:03:37,169 [main] INFO  server.BaseHttpServer (BaseHttpServer.java:updateConnectorAddress(213)) - HTTP server of HDDSDATANODE is listening at http://0.0.0.0:44854
2019-08-20 21:03:37,424 | INFO  | ObjectStoreRestHttpServer | Listening HDDS REST traffic on /0.0.0.0:39611 |  
2019-08-20 21:03:37,425 [main] INFO  ozone.HddsDatanodeService (HddsDatanodeService.java:startPlugins(395)) - Started plug-in org.apache.hadoop.ozone.web.OzoneHddsDatanodeService@6e0d16a4
2019-08-20 21:03:37,425 [main] INFO  impl.MetricsSystemImpl (MetricsSystemImpl.java:init(158)) - HddsDatanode metrics system started (again)
2019-08-20 21:03:37,428 [main] INFO  ozone.HddsDatanodeService (HddsDatanodeService.java:start(184)) - HddsDatanodeService host:pr-hdds-1973-8vfkv-3728417522 ip:192.168.69.82
2019-08-20 21:03:37,428 [org.apache.hadoop.util.JvmPauseMonitor$Monitor@57961e15] INFO  util.JvmPauseMonitor (JvmPauseMonitor.java:run(188)) - Starting JVM pause monitor
2019-08-20 21:03:37,431 [Datanode State Machine Thread - 0] INFO  datanode.InitDatanodeState (InitDatanodeState.java:persistContainerDatanodeDetails(140)) - DatanodeDetails is persisted to /workdir/hadoop-ozone/integration-test/target/test-dir/MiniOzoneClusterImpl-8530c380-4d42-4c39-9dcb-f7b018a0b755/datanode-5/meta/datanode.id
2019-08-20 21:03:37,437 [main] INFO  volume.HddsVolume (HddsVolume.java:<init>(176)) - Creating Volume: /workdir/hadoop-ozone/integration-test/target/test-dir/MiniOzoneClusterImpl-8530c380-4d42-4c39-9dcb-f7b018a0b755/datanode-6/data/containers/hdds of  storage type : DISK and capacity : 1482555576320
2019-08-20 21:03:37,437 [main] INFO  volume.VolumeSet (VolumeSet.java:initializeVolumeSet(170)) - Added Volume : /workdir/hadoop-ozone/integration-test/target/test-dir/MiniOzoneClusterImpl-8530c380-4d42-4c39-9dcb-f7b018a0b755/datanode-6/data/containers/hdds to VolumeSet
2019-08-20 21:03:37,437 [main] INFO  volume.ThrottledAsyncChecker (ThrottledAsyncChecker.java:schedule(140)) - Scheduling a check for org.apache.hadoop.ozone.container.common.volume.HddsVolume@6a5dd083
2019-08-20 21:03:37,438 [main] INFO  volume.HddsVolumeChecker (HddsVolumeChecker.java:checkAllVolumes(203)) - Scheduled health check for volume org.apache.hadoop.ozone.container.common.volume.HddsVolume@6a5dd083
2019-08-20 21:03:37,451 [main] INFO  impl.RaftServerProxy (ConfUtils.java:logGet(43)) - raft.rpc.type = GRPC (default)
2019-08-20 21:03:37,451 [main] INFO  grpc.GrpcFactory (GrpcFactory.java:checkPooledByteBufAllocatorUseCacheForAllThreads(45)) - PERFORMANCE WARNING: useCacheForAllThreads is true that may cause Netty to create a lot garbage objects and, as a result, trigger GC.
	It is recommended to disable useCacheForAllThreads by setting -Dorg.apache.ratis.thirdparty.io.netty.allocator.useCacheForAllThreads=false in command line.
2019-08-20 21:03:37,451 [main] INFO  grpc.GrpcConfigKeys$Server (ConfUtils.java:logGet(43)) - raft.grpc.server.port = 0 (default)
2019-08-20 21:03:37,451 [main] INFO  server.GrpcService (ConfUtils.java:logGet(43)) - raft.grpc.message.size.max = 33570816 (custom)
2019-08-20 21:03:37,452 [main] INFO  server.RaftServerConfigKeys (ConfUtils.java:logGet(43)) - raft.server.log.appender.buffer.byte-limit = 33554432 (custom)
2019-08-20 21:03:37,452 [main] INFO  server.GrpcService (ConfUtils.java:logGet(43)) - raft.grpc.flow.control.window = 1MB (=1048576) (default)
2019-08-20 21:03:37,452 [main] INFO  server.RaftServerConfigKeys (ConfUtils.java:logGet(43)) - raft.server.rpc.request.timeout = 3000ms (default)
2019-08-20 21:03:37,452 [main] INFO  server.RaftServerConfigKeys (ConfUtils.java:logGet(43)) - raft.server.storage.dir = [/workdir/hadoop-ozone/integration-test/target/test-dir/MiniOzoneClusterImpl-8530c380-4d42-4c39-9dcb-f7b018a0b755/datanode-6/data/ratis] (custom)
2019-08-20 21:03:37,453 [main] INFO  replication.SimpleContainerDownloader (SimpleContainerDownloader.java:<init>(72)) - Starting container downloader service to copy containers to replicate.
2019-08-20 21:03:37,454 [main] INFO  hdfs.DFSUtil (DFSUtil.java:httpServerTemplateForNNAndJN(1641)) - Starting Web-server for hddsDatanode at: http://0.0.0.0:0
2019-08-20 21:03:37,455 [main] INFO  server.AuthenticationFilter (AuthenticationFilter.java:constructSecretProvider(240)) - Unable to initialize FileSignerSecretProvider, falling back to use random secrets.
2019-08-20 21:03:37,456 [main] WARN  http.HttpRequestLog (HttpRequestLog.java:getRequestLog(97)) - Jetty request log can only be enabled using Log4j
2019-08-20 21:03:37,457 [main] INFO  http.HttpServer2 (HttpServer2.java:addGlobalFilter(975)) - Added global filter 'safety' (class=org.apache.hadoop.http.HttpServer2$QuotingInputFilter)
2019-08-20 21:03:37,457 [main] INFO  http.HttpServer2 (HttpServer2.java:addFilter(948)) - Added filter static_user_filter (class=org.apache.hadoop.http.lib.StaticUserWebFilter$StaticUserFilter) to context hddsDatanode
2019-08-20 21:03:37,457 [main] INFO  http.HttpServer2 (HttpServer2.java:addFilter(958)) - Added filter static_user_filter (class=org.apache.hadoop.http.lib.StaticUserWebFilter$StaticUserFilter) to context static
2019-08-20 21:03:37,458 [main] INFO  http.HttpServer2 (HttpServer2.java:addFilter(958)) - Added filter static_user_filter (class=org.apache.hadoop.http.lib.StaticUserWebFilter$StaticUserFilter) to context logs
2019-08-20 21:03:37,458 [main] INFO  http.HttpServer2 (HttpServer2.java:bindListener(1191)) - Jetty bound to port 43449
2019-08-20 21:03:37,458 [main] INFO  server.Server (Server.java:doStart(351)) - jetty-9.3.24.v20180605, build timestamp: 2018-06-05T17:11:56Z, git hash: 84205aa28f11a4f31f2a3b86d1bba2cc8ab69827
2019-08-20 21:03:37,460 [main] INFO  handler.ContextHandler (ContextHandler.java:doStart(781)) - Started o.e.j.s.ServletContextHandler@675ec28b{/logs,file:///workdir/hadoop-ozone/integration-test/target/log,AVAILABLE}
2019-08-20 21:03:37,460 [main] INFO  handler.ContextHandler (ContextHandler.java:doStart(781)) - Started o.e.j.s.ServletContextHandler@610fbe1c{/static,jar:file:/home/user/.m2/repository/org/apache/hadoop/hadoop-hdds-container-service/0.5.0-SNAPSHOT/hadoop-hdds-container-service-0.5.0-SNAPSHOT.jar!/webapps/static,AVAILABLE}
2019-08-20 21:03:37,486 [main] INFO  handler.ContextHandler (ContextHandler.java:doStart(781)) - Started o.e.j.w.WebAppContext@42730828{/,file:///tmp/jetty-0.0.0.0-43449-hddsDatanode-_-any-4387248990240049397.dir/webapp/,AVAILABLE}{/hddsDatanode}
2019-08-20 21:03:37,486 [main] INFO  server.AbstractConnector (AbstractConnector.java:doStart(278)) - Started ServerConnector@18c7f6b5{HTTP/1.1,[http/1.1]}{0.0.0.0:43449}
2019-08-20 21:03:37,488 [main] INFO  server.Server (Server.java:doStart(419)) - Started @10552ms
2019-08-20 21:03:37,489 [main] INFO  server.BaseHttpServer (BaseHttpServer.java:updateConnectorAddress(213)) - HTTP server of HDDSDATANODE is listening at http://0.0.0.0:43449
2019-08-20 21:03:37,618 | INFO  | ObjectStoreRestHttpServer | Listening HDDS REST traffic on /0.0.0.0:43369 |  
2019-08-20 21:03:37,619 [main] INFO  ozone.HddsDatanodeService (HddsDatanodeService.java:startPlugins(395)) - Started plug-in org.apache.hadoop.ozone.web.OzoneHddsDatanodeService@1805383
2019-08-20 21:03:37,621 [main] INFO  ozone.MiniOzoneClusterImpl (MiniOzoneClusterImpl.java:lambda$waitForClusterToBeReady$0(142)) - Waiting for cluster to be ready. Got 0 of 7 DN Heartbeats.
2019-08-20 21:03:37,622 [org.apache.hadoop.util.JvmPauseMonitor$Monitor@6892aff9] INFO  util.JvmPauseMonitor (JvmPauseMonitor.java:run(188)) - Starting JVM pause monitor
2019-08-20 21:03:37,625 [Datanode State Machine Thread - 0] INFO  datanode.InitDatanodeState (InitDatanodeState.java:persistContainerDatanodeDetails(140)) - DatanodeDetails is persisted to /workdir/hadoop-ozone/integration-test/target/test-dir/MiniOzoneClusterImpl-8530c380-4d42-4c39-9dcb-f7b018a0b755/datanode-6/meta/datanode.id
2019-08-20 21:03:38,252 | INFO  | SCMAudit | user=jenkins1000 | ip=192.168.69.82 | op=GET_VERSION null | ret=SUCCESS |  
2019-08-20 21:03:38,354 [Datanode State Machine Thread - 0] INFO  ozoneimpl.OzoneContainer (OzoneContainer.java:start(186)) - Attempting to start container services.
2019-08-20 21:03:38,356 [Datanode State Machine Thread - 0] INFO  ozoneimpl.OzoneContainer (OzoneContainer.java:startContainerScrub(160)) - Background container scrubber has been disabled by hdds.containerscrub.enabled
2019-08-20 21:03:38,356 [Datanode State Machine Thread - 0] INFO  ratis.XceiverServerRatis (XceiverServerRatis.java:start(404)) - Starting XceiverServerRatis e7e6e6c0-3e74-4894-8cf7-2a72b9d88373 at port 0
2019-08-20 21:03:38,376 [Datanode State Machine Thread - 0] INFO  impl.RaftServerProxy (RaftServerProxy.java:lambda$start$3(299)) - e7e6e6c0-3e74-4894-8cf7-2a72b9d88373: start RPC server
2019-08-20 21:03:38,462 | INFO  | SCMAudit | user=jenkins1000 | ip=192.168.69.82 | op=GET_VERSION null | ret=SUCCESS |  
2019-08-20 21:03:38,476 [Datanode State Machine Thread - 0] INFO  ozoneimpl.OzoneContainer (OzoneContainer.java:start(186)) - Attempting to start container services.
2019-08-20 21:03:38,478 [Datanode State Machine Thread - 0] INFO  ozoneimpl.OzoneContainer (OzoneContainer.java:startContainerScrub(160)) - Background container scrubber has been disabled by hdds.containerscrub.enabled
2019-08-20 21:03:38,479 [Datanode State Machine Thread - 0] INFO  ratis.XceiverServerRatis (XceiverServerRatis.java:start(404)) - Starting XceiverServerRatis 73795144-c5ba-4a5b-b31f-2a1de4fbd7cf at port 0
2019-08-20 21:03:38,487 [Datanode State Machine Thread - 0] INFO  impl.RaftServerProxy (RaftServerProxy.java:lambda$start$3(299)) - 73795144-c5ba-4a5b-b31f-2a1de4fbd7cf: start RPC server
2019-08-20 21:03:38,535 [Datanode State Machine Thread - 0] INFO  server.GrpcService (GrpcService.java:startImpl(149)) - 73795144-c5ba-4a5b-b31f-2a1de4fbd7cf: GrpcService started, listening on 0.0.0.0/0.0.0.0:41203
2019-08-20 21:03:38,535 [Datanode State Machine Thread - 0] INFO  server.GrpcService (GrpcService.java:startImpl(149)) - e7e6e6c0-3e74-4894-8cf7-2a72b9d88373: GrpcService started, listening on 0.0.0.0/0.0.0.0:32779
2019-08-20 21:03:38,536 [Datanode State Machine Thread - 0] INFO  ratis.XceiverServerRatis (XceiverServerRatis.java:start(414)) - XceiverServerRatis 73795144-c5ba-4a5b-b31f-2a1de4fbd7cf is started using port 41203
2019-08-20 21:03:38,537 [Datanode State Machine Thread - 0] INFO  ratis.XceiverServerRatis (XceiverServerRatis.java:start(414)) - XceiverServerRatis e7e6e6c0-3e74-4894-8cf7-2a72b9d88373 is started using port 32779
2019-08-20 21:03:38,541 [Datanode State Machine Thread - 0] INFO  server.XceiverServerGrpc (XceiverServerGrpc.java:start(161)) - XceiverServerGrpc 73795144-c5ba-4a5b-b31f-2a1de4fbd7cf is started using port 38664
2019-08-20 21:03:38,541 [Datanode State Machine Thread - 0] INFO  server.XceiverServerGrpc (XceiverServerGrpc.java:start(161)) - XceiverServerGrpc e7e6e6c0-3e74-4894-8cf7-2a72b9d88373 is started using port 35674
2019-08-20 21:03:38,622 [main] INFO  ozone.MiniOzoneClusterImpl (MiniOzoneClusterImpl.java:lambda$waitForClusterToBeReady$0(142)) - Waiting for cluster to be ready. Got 0 of 7 DN Heartbeats.
2019-08-20 21:03:38,689 | INFO  | SCMAudit | user=jenkins1000 | ip=192.168.69.82 | op=GET_VERSION null | ret=SUCCESS |  
2019-08-20 21:03:38,704 [Datanode State Machine Thread - 0] INFO  ozoneimpl.OzoneContainer (OzoneContainer.java:start(186)) - Attempting to start container services.
2019-08-20 21:03:38,708 [Datanode State Machine Thread - 0] INFO  ozoneimpl.OzoneContainer (OzoneContainer.java:startContainerScrub(160)) - Background container scrubber has been disabled by hdds.containerscrub.enabled
2019-08-20 21:03:38,708 [Datanode State Machine Thread - 0] INFO  ratis.XceiverServerRatis (XceiverServerRatis.java:start(404)) - Starting XceiverServerRatis 6d5416e4-8315-4b81-9662-120605ef18be at port 0
2019-08-20 21:03:38,716 [Datanode State Machine Thread - 0] INFO  impl.RaftServerProxy (RaftServerProxy.java:lambda$start$3(299)) - 6d5416e4-8315-4b81-9662-120605ef18be: start RPC server
2019-08-20 21:03:38,718 [Datanode State Machine Thread - 0] INFO  server.GrpcService (GrpcService.java:startImpl(149)) - 6d5416e4-8315-4b81-9662-120605ef18be: GrpcService started, listening on 0.0.0.0/0.0.0.0:35939
2019-08-20 21:03:38,719 [Datanode State Machine Thread - 0] INFO  ratis.XceiverServerRatis (XceiverServerRatis.java:start(414)) - XceiverServerRatis 6d5416e4-8315-4b81-9662-120605ef18be is started using port 35939
2019-08-20 21:03:38,720 [Datanode State Machine Thread - 0] INFO  server.XceiverServerGrpc (XceiverServerGrpc.java:start(161)) - XceiverServerGrpc 6d5416e4-8315-4b81-9662-120605ef18be is started using port 38061
2019-08-20 21:03:38,908 | INFO  | SCMAudit | user=jenkins1000 | ip=192.168.69.82 | op=GET_VERSION null | ret=SUCCESS |  
2019-08-20 21:03:38,923 [Datanode State Machine Thread - 0] INFO  ozoneimpl.OzoneContainer (OzoneContainer.java:start(186)) - Attempting to start container services.
2019-08-20 21:03:38,923 [Datanode State Machine Thread - 0] INFO  ozoneimpl.OzoneContainer (OzoneContainer.java:startContainerScrub(160)) - Background container scrubber has been disabled by hdds.containerscrub.enabled
2019-08-20 21:03:38,923 [Datanode State Machine Thread - 0] INFO  ratis.XceiverServerRatis (XceiverServerRatis.java:start(404)) - Starting XceiverServerRatis 6d7420a7-bf02-42d2-9563-60ec8301a9c5 at port 0
2019-08-20 21:03:38,928 [Datanode State Machine Thread - 0] INFO  impl.RaftServerProxy (RaftServerProxy.java:lambda$start$3(299)) - 6d7420a7-bf02-42d2-9563-60ec8301a9c5: start RPC server
2019-08-20 21:03:38,931 [Datanode State Machine Thread - 0] INFO  server.GrpcService (GrpcService.java:startImpl(149)) - 6d7420a7-bf02-42d2-9563-60ec8301a9c5: GrpcService started, listening on 0.0.0.0/0.0.0.0:45270
2019-08-20 21:03:38,931 [Datanode State Machine Thread - 0] INFO  ratis.XceiverServerRatis (XceiverServerRatis.java:start(414)) - XceiverServerRatis 6d7420a7-bf02-42d2-9563-60ec8301a9c5 is started using port 45270
2019-08-20 21:03:38,934 [Datanode State Machine Thread - 0] INFO  server.XceiverServerGrpc (XceiverServerGrpc.java:start(161)) - XceiverServerGrpc 6d7420a7-bf02-42d2-9563-60ec8301a9c5 is started using port 39456
2019-08-20 21:03:39,110 | INFO  | SCMAudit | user=jenkins1000 | ip=192.168.69.82 | op=GET_VERSION null | ret=SUCCESS |  
2019-08-20 21:03:39,125 [Datanode State Machine Thread - 0] INFO  ozoneimpl.OzoneContainer (OzoneContainer.java:start(186)) - Attempting to start container services.
2019-08-20 21:03:39,125 [Datanode State Machine Thread - 0] INFO  ozoneimpl.OzoneContainer (OzoneContainer.java:startContainerScrub(160)) - Background container scrubber has been disabled by hdds.containerscrub.enabled
2019-08-20 21:03:39,125 [Datanode State Machine Thread - 0] INFO  ratis.XceiverServerRatis (XceiverServerRatis.java:start(404)) - Starting XceiverServerRatis 20f4c63a-f727-4ecb-b331-ca75036dc5d5 at port 0
2019-08-20 21:03:39,131 [Datanode State Machine Thread - 0] INFO  impl.RaftServerProxy (RaftServerProxy.java:lambda$start$3(299)) - 20f4c63a-f727-4ecb-b331-ca75036dc5d5: start RPC server
2019-08-20 21:03:39,135 [Datanode State Machine Thread - 0] INFO  server.GrpcService (GrpcService.java:startImpl(149)) - 20f4c63a-f727-4ecb-b331-ca75036dc5d5: GrpcService started, listening on 0.0.0.0/0.0.0.0:37888
2019-08-20 21:03:39,135 [Datanode State Machine Thread - 0] INFO  ratis.XceiverServerRatis (XceiverServerRatis.java:start(414)) - XceiverServerRatis 20f4c63a-f727-4ecb-b331-ca75036dc5d5 is started using port 37888
2019-08-20 21:03:39,138 [Datanode State Machine Thread - 0] INFO  server.XceiverServerGrpc (XceiverServerGrpc.java:start(161)) - XceiverServerGrpc 20f4c63a-f727-4ecb-b331-ca75036dc5d5 is started using port 43953
2019-08-20 21:03:39,436 | INFO  | SCMAudit | user=jenkins1000 | ip=192.168.69.82 | op=GET_VERSION null | ret=SUCCESS |  
2019-08-20 21:03:39,451 [Datanode State Machine Thread - 0] INFO  ozoneimpl.OzoneContainer (OzoneContainer.java:start(186)) - Attempting to start container services.
2019-08-20 21:03:39,451 [Datanode State Machine Thread - 0] INFO  ozoneimpl.OzoneContainer (OzoneContainer.java:startContainerScrub(160)) - Background container scrubber has been disabled by hdds.containerscrub.enabled
2019-08-20 21:03:39,451 [Datanode State Machine Thread - 0] INFO  ratis.XceiverServerRatis (XceiverServerRatis.java:start(404)) - Starting XceiverServerRatis f2aa3567-7f19-4bd2-befa-7aee6e2a4d26 at port 0
2019-08-20 21:03:39,457 [Datanode State Machine Thread - 0] INFO  impl.RaftServerProxy (RaftServerProxy.java:lambda$start$3(299)) - f2aa3567-7f19-4bd2-befa-7aee6e2a4d26: start RPC server
2019-08-20 21:03:39,461 [Datanode State Machine Thread - 0] INFO  server.GrpcService (GrpcService.java:startImpl(149)) - f2aa3567-7f19-4bd2-befa-7aee6e2a4d26: GrpcService started, listening on 0.0.0.0/0.0.0.0:33303
2019-08-20 21:03:39,461 [Datanode State Machine Thread - 0] INFO  ratis.XceiverServerRatis (XceiverServerRatis.java:start(414)) - XceiverServerRatis f2aa3567-7f19-4bd2-befa-7aee6e2a4d26 is started using port 33303
2019-08-20 21:03:39,466 [Datanode State Machine Thread - 0] INFO  server.XceiverServerGrpc (XceiverServerGrpc.java:start(161)) - XceiverServerGrpc f2aa3567-7f19-4bd2-befa-7aee6e2a4d26 is started using port 35230
2019-08-20 21:03:39,622 [main] INFO  ozone.MiniOzoneClusterImpl (MiniOzoneClusterImpl.java:lambda$waitForClusterToBeReady$0(142)) - Waiting for cluster to be ready. Got 0 of 7 DN Heartbeats.
2019-08-20 21:03:39,626 | INFO  | SCMAudit | user=jenkins1000 | ip=192.168.69.82 | op=GET_VERSION null | ret=SUCCESS |  
2019-08-20 21:03:39,641 [Datanode State Machine Thread - 0] INFO  ozoneimpl.OzoneContainer (OzoneContainer.java:start(186)) - Attempting to start container services.
2019-08-20 21:03:39,641 [Datanode State Machine Thread - 0] INFO  ozoneimpl.OzoneContainer (OzoneContainer.java:startContainerScrub(160)) - Background container scrubber has been disabled by hdds.containerscrub.enabled
2019-08-20 21:03:39,641 [Datanode State Machine Thread - 0] INFO  ratis.XceiverServerRatis (XceiverServerRatis.java:start(404)) - Starting XceiverServerRatis 0142f219-2010-4dd4-9b28-37dd1adb64f0 at port 0
2019-08-20 21:03:39,647 [Datanode State Machine Thread - 0] INFO  impl.RaftServerProxy (RaftServerProxy.java:lambda$start$3(299)) - 0142f219-2010-4dd4-9b28-37dd1adb64f0: start RPC server
2019-08-20 21:03:39,652 [Datanode State Machine Thread - 0] INFO  server.GrpcService (GrpcService.java:startImpl(149)) - 0142f219-2010-4dd4-9b28-37dd1adb64f0: GrpcService started, listening on 0.0.0.0/0.0.0.0:35370
2019-08-20 21:03:39,652 [Datanode State Machine Thread - 0] INFO  ratis.XceiverServerRatis (XceiverServerRatis.java:start(414)) - XceiverServerRatis 0142f219-2010-4dd4-9b28-37dd1adb64f0 is started using port 35370
2019-08-20 21:03:39,656 [Datanode State Machine Thread - 0] INFO  server.XceiverServerGrpc (XceiverServerGrpc.java:start(161)) - XceiverServerGrpc 0142f219-2010-4dd4-9b28-37dd1adb64f0 is started using port 43314
2019-08-20 21:03:40,259 [IPC Server handler 4 on 42642] INFO  net.NetworkTopology (NetworkTopologyImpl.java:add(110)) - Added a new node: /default-rack/e7e6e6c0-3e74-4894-8cf7-2a72b9d88373
2019-08-20 21:03:40,259 [IPC Server handler 4 on 42642] INFO  node.SCMNodeManager (SCMNodeManager.java:register(273)) - Registered Data node : e7e6e6c0-3e74-4894-8cf7-2a72b9d88373{ip: 192.168.69.82, host: pr-hdds-1973-8vfkv-3728417522, networkLocation: /default-rack, certSerialId: null}
2019-08-20 21:03:40,262 [EventQueue-NodeRegistrationContainerReportForDataNodeSafeModeRule] INFO  safemode.SCMSafeModeManager (DataNodeSafeModeRule.java:process(71)) - SCM in safe mode. 1 DataNodes registered, 1 required.
2019-08-20 21:03:40,265 [EventQueue-NodeRegistrationContainerReportForDataNodeSafeModeRule] INFO  safemode.SCMSafeModeManager (SCMSafeModeManager.java:validateSafeModeExitRules(177)) - ScmSafeModeManager, all rules are successfully validated
2019-08-20 21:03:40,265 [EventQueue-NodeRegistrationContainerReportForDataNodeSafeModeRule] INFO  safemode.SCMSafeModeManager (SCMSafeModeManager.java:exitSafeMode(193)) - SCM exiting safe mode.
2019-08-20 21:03:40,270 | INFO  | SCMAudit | user=jenkins1000 | ip=192.168.69.82 | op=REGISTER {datanodeDetails=e7e6e6c0-3e74-4894-8cf7-2a72b9d88373{ip: 192.168.69.82, host: pr-hdds-1973-8vfkv-3728417522, networkLocation: /default-rack, certSerialId: null}} | ret=SUCCESS |  
2019-08-20 21:03:40,463 [IPC Server handler 1 on 42642] INFO  net.NetworkTopology (NetworkTopologyImpl.java:add(110)) - Added a new node: /default-rack/73795144-c5ba-4a5b-b31f-2a1de4fbd7cf
2019-08-20 21:03:40,463 [IPC Server handler 1 on 42642] INFO  node.SCMNodeManager (SCMNodeManager.java:register(273)) - Registered Data node : 73795144-c5ba-4a5b-b31f-2a1de4fbd7cf{ip: 192.168.69.82, host: pr-hdds-1973-8vfkv-3728417522, networkLocation: /default-rack, certSerialId: null}
2019-08-20 21:03:40,464 | INFO  | SCMAudit | user=jenkins1000 | ip=192.168.69.82 | op=REGISTER {datanodeDetails=73795144-c5ba-4a5b-b31f-2a1de4fbd7cf{ip: 192.168.69.82, host: pr-hdds-1973-8vfkv-3728417522, networkLocation: /default-rack, certSerialId: null}} | ret=SUCCESS |  
2019-08-20 21:03:40,984 [main] INFO  ozone.MiniOzoneClusterImpl (MiniOzoneClusterImpl.java:lambda$waitForClusterToBeReady$0(142)) - Waiting for cluster to be ready. Got 2 of 7 DN Heartbeats.
2019-08-20 21:03:40,988 [IPC Server handler 3 on 42642] INFO  net.NetworkTopology (NetworkTopologyImpl.java:add(110)) - Added a new node: /default-rack/6d5416e4-8315-4b81-9662-120605ef18be
2019-08-20 21:03:40,988 [IPC Server handler 4 on 42642] INFO  net.NetworkTopology (NetworkTopologyImpl.java:add(110)) - Added a new node: /default-rack/6d7420a7-bf02-42d2-9563-60ec8301a9c5
2019-08-20 21:03:40,988 [IPC Server handler 3 on 42642] INFO  node.SCMNodeManager (SCMNodeManager.java:register(273)) - Registered Data node : 6d5416e4-8315-4b81-9662-120605ef18be{ip: 192.168.69.82, host: pr-hdds-1973-8vfkv-3728417522, networkLocation: /default-rack, certSerialId: null}
2019-08-20 21:03:40,988 [IPC Server handler 4 on 42642] INFO  node.SCMNodeManager (SCMNodeManager.java:register(273)) - Registered Data node : 6d7420a7-bf02-42d2-9563-60ec8301a9c5{ip: 192.168.69.82, host: pr-hdds-1973-8vfkv-3728417522, networkLocation: /default-rack, certSerialId: null}
2019-08-20 21:03:40,989 | INFO  | SCMAudit | user=jenkins1000 | ip=192.168.69.82 | op=REGISTER {datanodeDetails=6d7420a7-bf02-42d2-9563-60ec8301a9c5{ip: 192.168.69.82, host: pr-hdds-1973-8vfkv-3728417522, networkLocation: /default-rack, certSerialId: null}} | ret=SUCCESS |  
2019-08-20 21:03:40,989 | INFO  | SCMAudit | user=jenkins1000 | ip=192.168.69.82 | op=REGISTER {datanodeDetails=6d5416e4-8315-4b81-9662-120605ef18be{ip: 192.168.69.82, host: pr-hdds-1973-8vfkv-3728417522, networkLocation: /default-rack, certSerialId: null}} | ret=SUCCESS |  
2019-08-20 21:03:41,111 [IPC Server handler 5 on 42642] INFO  net.NetworkTopology (NetworkTopologyImpl.java:add(110)) - Added a new node: /default-rack/20f4c63a-f727-4ecb-b331-ca75036dc5d5
2019-08-20 21:03:41,111 [IPC Server handler 5 on 42642] INFO  node.SCMNodeManager (SCMNodeManager.java:register(273)) - Registered Data node : 20f4c63a-f727-4ecb-b331-ca75036dc5d5{ip: 192.168.69.82, host: pr-hdds-1973-8vfkv-3728417522, networkLocation: /default-rack, certSerialId: null}
2019-08-20 21:03:41,112 | INFO  | SCMAudit | user=jenkins1000 | ip=192.168.69.82 | op=REGISTER {datanodeDetails=20f4c63a-f727-4ecb-b331-ca75036dc5d5{ip: 192.168.69.82, host: pr-hdds-1973-8vfkv-3728417522, networkLocation: /default-rack, certSerialId: null}} | ret=SUCCESS |  
2019-08-20 21:03:41,183 [grpc-default-executor-0] INFO  impl.RaftServerProxy (RaftServerProxy.java:addNew(89)) - e7e6e6c0-3e74-4894-8cf7-2a72b9d88373: addNew group-FF548BD8A807:[e7e6e6c0-3e74-4894-8cf7-2a72b9d88373:192.168.69.82:32779] returns group-FF548BD8A807:java.util.concurrent.CompletableFuture@3654cb62[Not completed]
2019-08-20 21:03:41,206 [pool-27-thread-1] INFO  impl.RaftServerImpl (RaftServerImpl.java:<init>(93)) - e7e6e6c0-3e74-4894-8cf7-2a72b9d88373: new RaftServerImpl for group-FF548BD8A807:[e7e6e6c0-3e74-4894-8cf7-2a72b9d88373:192.168.69.82:32779] with ContainerStateMachine:uninitialized
2019-08-20 21:03:41,209 [pool-27-thread-1] INFO  server.RaftServerConfigKeys (ConfUtils.java:logGet(43)) - raft.server.rpc.timeout.min = 5s (custom)
2019-08-20 21:03:41,211 [pool-27-thread-1] INFO  server.RaftServerConfigKeys (ConfUtils.java:logGet(43)) - raft.server.rpc.timeout.max = 5200ms (custom)
2019-08-20 21:03:41,211 [pool-27-thread-1] INFO  server.RaftServerConfigKeys (ConfUtils.java:logGet(43)) - raft.server.rpcslowness.timeout = 120s (custom)
2019-08-20 21:03:41,212 [pool-27-thread-1] INFO  server.RaftServerConfigKeys (ConfUtils.java:logGet(43)) - raft.server.sleep.deviation.threshold = 300 (default)
2019-08-20 21:03:41,213 [pool-27-thread-1] INFO  server.RaftServerConfigKeys (ConfUtils.java:logGet(43)) - raft.server.log.appender.install.snapshot.enabled = false (custom)
2019-08-20 21:03:41,224 [pool-27-thread-1] INFO  impl.RaftServerImpl (ServerState.java:<init>(105)) - e7e6e6c0-3e74-4894-8cf7-2a72b9d88373:group-FF548BD8A807 ConfigurationManager, init=-1: [e7e6e6c0-3e74-4894-8cf7-2a72b9d88373:192.168.69.82:32779], old=null, confs=<EMPTY_MAP>
2019-08-20 21:03:41,224 [pool-27-thread-1] INFO  server.RaftServerConfigKeys (ConfUtils.java:logGet(43)) - raft.server.storage.dir = [/workdir/hadoop-ozone/integration-test/target/test-dir/MiniOzoneClusterImpl-8530c380-4d42-4c39-9dcb-f7b018a0b755/datanode-0/data/ratis] (custom)
2019-08-20 21:03:41,235 [pool-27-thread-1] INFO  storage.RaftStorageDirectory (RaftStorageDirectory.java:analyzeStorage(246)) - The storage directory /workdir/hadoop-ozone/integration-test/target/test-dir/MiniOzoneClusterImpl-8530c380-4d42-4c39-9dcb-f7b018a0b755/datanode-0/data/ratis/d2833106-d87d-473d-8a0a-ff548bd8a807 does not exist. Creating ...
2019-08-20 21:03:41,296 [pool-27-thread-1] INFO  storage.RaftStorageDirectory (RaftStorageDirectory.java:tryLock(328)) - Lock on /workdir/hadoop-ozone/integration-test/target/test-dir/MiniOzoneClusterImpl-8530c380-4d42-4c39-9dcb-f7b018a0b755/datanode-0/data/ratis/d2833106-d87d-473d-8a0a-ff548bd8a807/in_use.lock acquired by nodename 6257@pr-hdds-1973-8vfkv-3728417522
2019-08-20 21:03:41,313 [pool-27-thread-1] INFO  storage.RaftStorage (RaftStorage.java:format(72)) - Storage directory /workdir/hadoop-ozone/integration-test/target/test-dir/MiniOzoneClusterImpl-8530c380-4d42-4c39-9dcb-f7b018a0b755/datanode-0/data/ratis/d2833106-d87d-473d-8a0a-ff548bd8a807 has been successfully formatted.
2019-08-20 21:03:41,315 [pool-27-thread-1] INFO  ratis.ContainerStateMachine (ContainerStateMachine.java:loadSnapshot(222)) - group-FF548BD8A807: The snapshot info is null. Setting the last applied indexto:(t:0, i:~)
2019-08-20 21:03:41,316 [pool-27-thread-1] INFO  server.RaftServerConfigKeys (ConfUtils.java:logGet(43)) - raft.server.leader.election.timeout = 120s (custom)
2019-08-20 21:03:41,318 [pool-27-thread-1] INFO  server.RaftServerConfigKeys (ConfUtils.java:logGet(43)) - raft.server.log.use.memory = false (default)
2019-08-20 21:03:41,323 [pool-27-thread-1] INFO  server.RaftServerConfigKeys (ConfUtils.java:logGet(43)) - raft.server.log.purge.gap = 1000000 (custom)
2019-08-20 21:03:41,323 [pool-27-thread-1] INFO  server.RaftServerConfigKeys (ConfUtils.java:logGet(43)) - raft.server.log.appender.buffer.byte-limit = 33554432 (custom)
2019-08-20 21:03:41,325 [pool-27-thread-1] INFO  server.RaftServerConfigKeys (ConfUtils.java:logGet(43)) - raft.server.log.segment.size.max = 1048576 (custom)
2019-08-20 21:03:41,329 [pool-27-thread-1] INFO  server.RaftServerConfigKeys (ConfUtils.java:logGet(43)) - raft.server.log.segment.cache.num.max = 2 (custom)
2019-08-20 21:03:41,335 [pool-27-thread-1] INFO  segmented.SegmentedRaftLogWorker (SegmentedRaftLogWorker.java:<init>(172)) - new e7e6e6c0-3e74-4894-8cf7-2a72b9d88373-SegmentedRaftLogWorker:Storage Directory /workdir/hadoop-ozone/integration-test/target/test-dir/MiniOzoneClusterImpl-8530c380-4d42-4c39-9dcb-f7b018a0b755/datanode-0/data/ratis/d2833106-d87d-473d-8a0a-ff548bd8a807 for RaftStorage:Storage Directory /workdir/hadoop-ozone/integration-test/target/test-dir/MiniOzoneClusterImpl-8530c380-4d42-4c39-9dcb-f7b018a0b755/datanode-0/data/ratis/d2833106-d87d-473d-8a0a-ff548bd8a807
2019-08-20 21:03:41,348 [pool-27-thread-1] INFO  server.RaftServerConfigKeys (ConfUtils.java:logGet(43)) - raft.server.log.queue.byte-limit = 2147483647 (custom)
2019-08-20 21:03:41,348 [pool-27-thread-1] INFO  server.RaftServerConfigKeys (ConfUtils.java:logGet(43)) - raft.server.log.queue.element-limit = 1024 (custom)
2019-08-20 21:03:41,356 [pool-27-thread-1] INFO  server.RaftServerConfigKeys (ConfUtils.java:logGet(43)) - raft.server.log.segment.size.max = 1048576 (custom)
2019-08-20 21:03:41,357 [pool-27-thread-1] INFO  server.RaftServerConfigKeys (ConfUtils.java:logGet(43)) - raft.server.log.preallocated.size = 16384 (custom)
2019-08-20 21:03:41,357 [pool-27-thread-1] INFO  server.RaftServerConfigKeys (ConfUtils.java:logGet(43)) - raft.server.log.write.buffer.size = 33554432 (custom)
2019-08-20 21:03:41,358 [pool-27-thread-1] INFO  server.RaftServerConfigKeys (ConfUtils.java:logGet(43)) - raft.server.log.force.sync.num = 128 (default)
2019-08-20 21:03:41,359 [pool-27-thread-1] INFO  server.RaftServerConfigKeys (ConfUtils.java:logGet(43)) - raft.server.log.statemachine.data.sync = true (default)
2019-08-20 21:03:41,359 [pool-27-thread-1] INFO  server.RaftServerConfigKeys (ConfUtils.java:logGet(43)) - raft.server.log.statemachine.data.sync.timeout = 10s (default)
2019-08-20 21:03:41,360 [pool-27-thread-1] INFO  server.RaftServerConfigKeys (ConfUtils.java:logGet(43)) - raft.server.log.statemachine.data.sync.timeout.retry = -1 (default)
2019-08-20 21:03:41,368 [pool-27-thread-1] INFO  server.RaftServerConfigKeys (ConfUtils.java:logGet(43)) - raft.server.log.statemachine.data.caching.enabled = true (custom)
2019-08-20 21:03:41,372 [pool-27-thread-1] INFO  segmented.SegmentedRaftLogWorker (SegmentedRaftLogWorker.java:lambda$new$0(132)) - e7e6e6c0-3e74-4894-8cf7-2a72b9d88373-SegmentedRaftLogWorker:Storage Directory /workdir/hadoop-ozone/integration-test/target/test-dir/MiniOzoneClusterImpl-8530c380-4d42-4c39-9dcb-f7b018a0b755/datanode-0/data/ratis/d2833106-d87d-473d-8a0a-ff548bd8a807: flushIndex: setUnconditionally 0 -> -1
2019-08-20 21:03:41,376 [pool-27-thread-1] INFO  server.RaftServerConfigKeys (ConfUtils.java:logGet(43)) - raft.server.snapshot.auto.trigger.enabled = true (custom)
2019-08-20 21:03:41,377 [pool-27-thread-1] INFO  server.RaftServerConfigKeys (ConfUtils.java:logGet(43)) - raft.server.snapshot.auto.trigger.threshold = 10000 (custom)
2019-08-20 21:03:41,377 [pool-27-thread-1] INFO  server.RaftServerConfigKeys (ConfUtils.java:logGet(43)) - raft.server.retrycache.expirytime = 600000ms (custom)
2019-08-20 21:03:41,397 [pool-27-thread-1] INFO  impl.RaftServerImpl (RaftServerImpl.java:start(180)) - e7e6e6c0-3e74-4894-8cf7-2a72b9d88373: start group-FF548BD8A807
2019-08-20 21:03:41,398 [pool-27-thread-1] INFO  impl.RaftServerImpl (RaftServerImpl.java:setRole(171)) - e7e6e6c0-3e74-4894-8cf7-2a72b9d88373:group-FF548BD8A807 changes role from null to FOLLOWER at term 0 for startAsFollower
2019-08-20 21:03:41,399 [pool-27-thread-1] INFO  impl.RoleInfo (RoleInfo.java:updateAndGet(143)) - e7e6e6c0-3e74-4894-8cf7-2a72b9d88373: start FollowerState
2019-08-20 21:03:41,401 [pool-27-thread-1] INFO  util.JmxRegister (JmxRegister.java:tryRegister(44)) - Successfully registered JMX Bean with object name Ratis:service=RaftServer,group=group-FF548BD8A807,id=e7e6e6c0-3e74-4894-8cf7-2a72b9d88373
2019-08-20 21:03:41,432 [IPC Server handler 0 on 42642] INFO  net.NetworkTopology (NetworkTopologyImpl.java:add(110)) - Added a new node: /default-rack/f2aa3567-7f19-4bd2-befa-7aee6e2a4d26
2019-08-20 21:03:41,434 [IPC Server handler 0 on 42642] INFO  node.SCMNodeManager (SCMNodeManager.java:register(273)) - Registered Data node : f2aa3567-7f19-4bd2-befa-7aee6e2a4d26{ip: 192.168.69.82, host: pr-hdds-1973-8vfkv-3728417522, networkLocation: /default-rack, certSerialId: null}
2019-08-20 21:03:41,435 | INFO  | SCMAudit | user=jenkins1000 | ip=192.168.69.82 | op=REGISTER {datanodeDetails=f2aa3567-7f19-4bd2-befa-7aee6e2a4d26{ip: 192.168.69.82, host: pr-hdds-1973-8vfkv-3728417522, networkLocation: /default-rack, certSerialId: null}} | ret=SUCCESS |  
2019-08-20 21:03:41,449 [RatisPipelineUtilsThread] INFO  pipeline.PipelineStateManager (PipelineStateManager.java:addPipeline(56)) - Created pipeline Pipeline[ Id: d2833106-d87d-473d-8a0a-ff548bd8a807, Nodes: e7e6e6c0-3e74-4894-8cf7-2a72b9d88373{ip: 192.168.69.82, host: pr-hdds-1973-8vfkv-3728417522, networkLocation: /default-rack, certSerialId: null}, Type:RATIS, Factor:ONE, State:OPEN]
2019-08-20 21:03:41,473 [grpc-default-executor-0] INFO  impl.RaftServerProxy (RaftServerProxy.java:addNew(89)) - 6d5416e4-8315-4b81-9662-120605ef18be: addNew group-D5ED6139C373:[6d5416e4-8315-4b81-9662-120605ef18be:192.168.69.82:35939] returns group-D5ED6139C373:java.util.concurrent.CompletableFuture@1c155c2f[Not completed]
2019-08-20 21:03:41,514 [pool-49-thread-1] INFO  impl.RaftServerImpl (RaftServerImpl.java:<init>(93)) - 6d5416e4-8315-4b81-9662-120605ef18be: new RaftServerImpl for group-D5ED6139C373:[6d5416e4-8315-4b81-9662-120605ef18be:192.168.69.82:35939] with ContainerStateMachine:uninitialized
2019-08-20 21:03:41,515 [pool-49-thread-1] INFO  server.RaftServerConfigKeys (ConfUtils.java:logGet(43)) - raft.server.rpc.timeout.min = 5s (custom)
2019-08-20 21:03:41,515 [pool-49-thread-1] INFO  server.RaftServerConfigKeys (ConfUtils.java:logGet(43)) - raft.server.rpc.timeout.max = 5200ms (custom)
2019-08-20 21:03:41,515 [pool-49-thread-1] INFO  server.RaftServerConfigKeys (ConfUtils.java:logGet(43)) - raft.server.rpcslowness.timeout = 120s (custom)
2019-08-20 21:03:41,515 [pool-49-thread-1] INFO  server.RaftServerConfigKeys (ConfUtils.java:logGet(43)) - raft.server.sleep.deviation.threshold = 300 (default)
2019-08-20 21:03:41,515 [pool-49-thread-1] INFO  server.RaftServerConfigKeys (ConfUtils.java:logGet(43)) - raft.server.log.appender.install.snapshot.enabled = false (custom)
2019-08-20 21:03:41,516 [pool-49-thread-1] INFO  impl.RaftServerImpl (ServerState.java:<init>(105)) - 6d5416e4-8315-4b81-9662-120605ef18be:group-D5ED6139C373 ConfigurationManager, init=-1: [6d5416e4-8315-4b81-9662-120605ef18be:192.168.69.82:35939], old=null, confs=<EMPTY_MAP>
2019-08-20 21:03:41,516 [pool-49-thread-1] INFO  server.RaftServerConfigKeys (ConfUtils.java:logGet(43)) - raft.server.storage.dir = [/workdir/hadoop-ozone/integration-test/target/test-dir/MiniOzoneClusterImpl-8530c380-4d42-4c39-9dcb-f7b018a0b755/datanode-2/data/ratis] (custom)
2019-08-20 21:03:41,516 [pool-49-thread-1] INFO  storage.RaftStorageDirectory (RaftStorageDirectory.java:analyzeStorage(246)) - The storage directory /workdir/hadoop-ozone/integration-test/target/test-dir/MiniOzoneClusterImpl-8530c380-4d42-4c39-9dcb-f7b018a0b755/datanode-2/data/ratis/d4cdb84a-cd3c-4c9a-9b6f-d5ed6139c373 does not exist. Creating ...
2019-08-20 21:03:41,560 [pool-49-thread-1] INFO  storage.RaftStorageDirectory (RaftStorageDirectory.java:tryLock(328)) - Lock on /workdir/hadoop-ozone/integration-test/target/test-dir/MiniOzoneClusterImpl-8530c380-4d42-4c39-9dcb-f7b018a0b755/datanode-2/data/ratis/d4cdb84a-cd3c-4c9a-9b6f-d5ed6139c373/in_use.lock acquired by nodename 6257@pr-hdds-1973-8vfkv-3728417522
2019-08-20 21:03:41,574 [pool-49-thread-1] INFO  storage.RaftStorage (RaftStorage.java:format(72)) - Storage directory /workdir/hadoop-ozone/integration-test/target/test-dir/MiniOzoneClusterImpl-8530c380-4d42-4c39-9dcb-f7b018a0b755/datanode-2/data/ratis/d4cdb84a-cd3c-4c9a-9b6f-d5ed6139c373 has been successfully formatted.
2019-08-20 21:03:41,577 [pool-49-thread-1] INFO  ratis.ContainerStateMachine (ContainerStateMachine.java:loadSnapshot(222)) - group-D5ED6139C373: The snapshot info is null. Setting the last applied indexto:(t:0, i:~)
2019-08-20 21:03:41,578 [pool-49-thread-1] INFO  server.RaftServerConfigKeys (ConfUtils.java:logGet(43)) - raft.server.leader.election.timeout = 120s (custom)
2019-08-20 21:03:41,578 [pool-49-thread-1] INFO  server.RaftServerConfigKeys (ConfUtils.java:logGet(43)) - raft.server.log.use.memory = false (default)
2019-08-20 21:03:41,578 [pool-49-thread-1] INFO  server.RaftServerConfigKeys (ConfUtils.java:logGet(43)) - raft.server.log.purge.gap = 1000000 (custom)
2019-08-20 21:03:41,578 [pool-49-thread-1] INFO  server.RaftServerConfigKeys (ConfUtils.java:logGet(43)) - raft.server.log.appender.buffer.byte-limit = 33554432 (custom)
2019-08-20 21:03:41,578 [pool-49-thread-1] INFO  server.RaftServerConfigKeys (ConfUtils.java:logGet(43)) - raft.server.log.segment.size.max = 1048576 (custom)
2019-08-20 21:03:41,578 [pool-49-thread-1] INFO  server.RaftServerConfigKeys (ConfUtils.java:logGet(43)) - raft.server.log.segment.cache.num.max = 2 (custom)
2019-08-20 21:03:41,579 [pool-49-thread-1] INFO  segmented.SegmentedRaftLogWorker (SegmentedRaftLogWorker.java:<init>(172)) - new 6d5416e4-8315-4b81-9662-120605ef18be-SegmentedRaftLogWorker:Storage Directory /workdir/hadoop-ozone/integration-test/target/test-dir/MiniOzoneClusterImpl-8530c380-4d42-4c39-9dcb-f7b018a0b755/datanode-2/data/ratis/d4cdb84a-cd3c-4c9a-9b6f-d5ed6139c373 for RaftStorage:Storage Directory /workdir/hadoop-ozone/integration-test/target/test-dir/MiniOzoneClusterImpl-8530c380-4d42-4c39-9dcb-f7b018a0b755/datanode-2/data/ratis/d4cdb84a-cd3c-4c9a-9b6f-d5ed6139c373
2019-08-20 21:03:41,580 [pool-49-thread-1] INFO  server.RaftServerConfigKeys (ConfUtils.java:logGet(43)) - raft.server.log.queue.byte-limit = 2147483647 (custom)
2019-08-20 21:03:41,580 [pool-49-thread-1] INFO  server.RaftServerConfigKeys (ConfUtils.java:logGet(43)) - raft.server.log.queue.element-limit = 1024 (custom)
2019-08-20 21:03:41,580 [pool-49-thread-1] INFO  server.RaftServerConfigKeys (ConfUtils.java:logGet(43)) - raft.server.log.segment.size.max = 1048576 (custom)
2019-08-20 21:03:41,580 [pool-49-thread-1] INFO  server.RaftServerConfigKeys (ConfUtils.java:logGet(43)) - raft.server.log.preallocated.size = 16384 (custom)
2019-08-20 21:03:41,580 [pool-49-thread-1] INFO  server.RaftServerConfigKeys (ConfUtils.java:logGet(43)) - raft.server.log.write.buffer.size = 33554432 (custom)
2019-08-20 21:03:41,581 [pool-49-thread-1] INFO  server.RaftServerConfigKeys (ConfUtils.java:logGet(43)) - raft.server.log.force.sync.num = 128 (default)
2019-08-20 21:03:41,581 [pool-49-thread-1] INFO  server.RaftServerConfigKeys (ConfUtils.java:logGet(43)) - raft.server.log.statemachine.data.sync = true (default)
2019-08-20 21:03:41,581 [pool-49-thread-1] INFO  server.RaftServerConfigKeys (ConfUtils.java:logGet(43)) - raft.server.log.statemachine.data.sync.timeout = 10s (default)
2019-08-20 21:03:41,581 [pool-49-thread-1] INFO  server.RaftServerConfigKeys (ConfUtils.java:logGet(43)) - raft.server.log.statemachine.data.sync.timeout.retry = -1 (default)
2019-08-20 21:03:41,581 [pool-49-thread-1] INFO  server.RaftServerConfigKeys (ConfUtils.java:logGet(43)) - raft.server.log.statemachine.data.caching.enabled = true (custom)
2019-08-20 21:03:41,581 [pool-49-thread-1] INFO  segmented.SegmentedRaftLogWorker (SegmentedRaftLogWorker.java:lambda$new$0(132)) - 6d5416e4-8315-4b81-9662-120605ef18be-SegmentedRaftLogWorker:Storage Directory /workdir/hadoop-ozone/integration-test/target/test-dir/MiniOzoneClusterImpl-8530c380-4d42-4c39-9dcb-f7b018a0b755/datanode-2/data/ratis/d4cdb84a-cd3c-4c9a-9b6f-d5ed6139c373: flushIndex: setUnconditionally 0 -> -1
2019-08-20 21:03:41,582 [pool-49-thread-1] INFO  server.RaftServerConfigKeys (ConfUtils.java:logGet(43)) - raft.server.snapshot.auto.trigger.enabled = true (custom)
2019-08-20 21:03:41,582 [pool-49-thread-1] INFO  server.RaftServerConfigKeys (ConfUtils.java:logGet(43)) - raft.server.snapshot.auto.trigger.threshold = 10000 (custom)
2019-08-20 21:03:41,582 [pool-49-thread-1] INFO  server.RaftServerConfigKeys (ConfUtils.java:logGet(43)) - raft.server.retrycache.expirytime = 600000ms (custom)
2019-08-20 21:03:41,582 [pool-49-thread-1] INFO  impl.RaftServerImpl (RaftServerImpl.java:start(180)) - 6d5416e4-8315-4b81-9662-120605ef18be: start group-D5ED6139C373
2019-08-20 21:03:41,582 [pool-49-thread-1] INFO  impl.RaftServerImpl (RaftServerImpl.java:setRole(171)) - 6d5416e4-8315-4b81-9662-120605ef18be:group-D5ED6139C373 changes role from null to FOLLOWER at term 0 for startAsFollower
2019-08-20 21:03:41,582 [pool-49-thread-1] INFO  impl.RoleInfo (RoleInfo.java:updateAndGet(143)) - 6d5416e4-8315-4b81-9662-120605ef18be: start FollowerState
2019-08-20 21:03:41,584 [pool-49-thread-1] INFO  util.JmxRegister (JmxRegister.java:tryRegister(44)) - Successfully registered JMX Bean with object name Ratis:service=RaftServer,group=group-D5ED6139C373,id=6d5416e4-8315-4b81-9662-120605ef18be
2019-08-20 21:03:41,597 [RatisPipelineUtilsThread] INFO  pipeline.PipelineStateManager (PipelineStateManager.java:addPipeline(56)) - Created pipeline Pipeline[ Id: d4cdb84a-cd3c-4c9a-9b6f-d5ed6139c373, Nodes: 6d5416e4-8315-4b81-9662-120605ef18be{ip: 192.168.69.82, host: pr-hdds-1973-8vfkv-3728417522, networkLocation: /default-rack, certSerialId: null}, Type:RATIS, Factor:ONE, State:OPEN]
2019-08-20 21:03:41,623 [grpc-default-executor-0] INFO  impl.RaftServerProxy (RaftServerProxy.java:addNew(89)) - 6d7420a7-bf02-42d2-9563-60ec8301a9c5: addNew group-ED4873A31B59:[6d7420a7-bf02-42d2-9563-60ec8301a9c5:192.168.69.82:45270] returns group-ED4873A31B59:java.util.concurrent.CompletableFuture@66421600[Not completed]
2019-08-20 21:03:41,635 [IPC Server handler 2 on 42642] INFO  net.NetworkTopology (NetworkTopologyImpl.java:add(110)) - Added a new node: /default-rack/0142f219-2010-4dd4-9b28-37dd1adb64f0
2019-08-20 21:03:41,635 [IPC Server handler 2 on 42642] INFO  node.SCMNodeManager (SCMNodeManager.java:register(273)) - Registered Data node : 0142f219-2010-4dd4-9b28-37dd1adb64f0{ip: 192.168.69.82, host: pr-hdds-1973-8vfkv-3728417522, networkLocation: /default-rack, certSerialId: null}
2019-08-20 21:03:41,638 | INFO  | SCMAudit | user=jenkins1000 | ip=192.168.69.82 | op=REGISTER {datanodeDetails=0142f219-2010-4dd4-9b28-37dd1adb64f0{ip: 192.168.69.82, host: pr-hdds-1973-8vfkv-3728417522, networkLocation: /default-rack, certSerialId: null}} | ret=SUCCESS |  
2019-08-20 21:03:41,638 [pool-60-thread-1] INFO  impl.RaftServerImpl (RaftServerImpl.java:<init>(93)) - 6d7420a7-bf02-42d2-9563-60ec8301a9c5: new RaftServerImpl for group-ED4873A31B59:[6d7420a7-bf02-42d2-9563-60ec8301a9c5:192.168.69.82:45270] with ContainerStateMachine:uninitialized
2019-08-20 21:03:41,638 [pool-60-thread-1] INFO  server.RaftServerConfigKeys (ConfUtils.java:logGet(43)) - raft.server.rpc.timeout.min = 5s (custom)
2019-08-20 21:03:41,638 [pool-60-thread-1] INFO  server.RaftServerConfigKeys (ConfUtils.java:logGet(43)) - raft.server.rpc.timeout.max = 5200ms (custom)
2019-08-20 21:03:41,638 [pool-60-thread-1] INFO  server.RaftServerConfigKeys (ConfUtils.java:logGet(43)) - raft.server.rpcslowness.timeout = 120s (custom)
2019-08-20 21:03:41,638 [pool-60-thread-1] INFO  server.RaftServerConfigKeys (ConfUtils.java:logGet(43)) - raft.server.sleep.deviation.threshold = 300 (default)
2019-08-20 21:03:41,638 [pool-60-thread-1] INFO  server.RaftServerConfigKeys (ConfUtils.java:logGet(43)) - raft.server.log.appender.install.snapshot.enabled = false (custom)
2019-08-20 21:03:41,638 [pool-60-thread-1] INFO  impl.RaftServerImpl (ServerState.java:<init>(105)) - 6d7420a7-bf02-42d2-9563-60ec8301a9c5:group-ED4873A31B59 ConfigurationManager, init=-1: [6d7420a7-bf02-42d2-9563-60ec8301a9c5:192.168.69.82:45270], old=null, confs=<EMPTY_MAP>
2019-08-20 21:03:41,639 [pool-60-thread-1] INFO  server.RaftServerConfigKeys (ConfUtils.java:logGet(43)) - raft.server.storage.dir = [/workdir/hadoop-ozone/integration-test/target/test-dir/MiniOzoneClusterImpl-8530c380-4d42-4c39-9dcb-f7b018a0b755/datanode-3/data/ratis] (custom)
2019-08-20 21:03:41,639 [pool-60-thread-1] INFO  storage.RaftStorageDirectory (RaftStorageDirectory.java:analyzeStorage(246)) - The storage directory /workdir/hadoop-ozone/integration-test/target/test-dir/MiniOzoneClusterImpl-8530c380-4d42-4c39-9dcb-f7b018a0b755/datanode-3/data/ratis/b713ae0b-1ae0-497e-88f7-ed4873a31b59 does not exist. Creating ...
2019-08-20 21:03:41,653 [pool-60-thread-1] INFO  storage.RaftStorageDirectory (RaftStorageDirectory.java:tryLock(328)) - Lock on /workdir/hadoop-ozone/integration-test/target/test-dir/MiniOzoneClusterImpl-8530c380-4d42-4c39-9dcb-f7b018a0b755/datanode-3/data/ratis/b713ae0b-1ae0-497e-88f7-ed4873a31b59/in_use.lock acquired by nodename 6257@pr-hdds-1973-8vfkv-3728417522
2019-08-20 21:03:41,671 [pool-60-thread-1] INFO  storage.RaftStorage (RaftStorage.java:format(72)) - Storage directory /workdir/hadoop-ozone/integration-test/target/test-dir/MiniOzoneClusterImpl-8530c380-4d42-4c39-9dcb-f7b018a0b755/datanode-3/data/ratis/b713ae0b-1ae0-497e-88f7-ed4873a31b59 has been successfully formatted.
2019-08-20 21:03:41,671 [pool-60-thread-1] INFO  ratis.ContainerStateMachine (ContainerStateMachine.java:loadSnapshot(222)) - group-ED4873A31B59: The snapshot info is null. Setting the last applied indexto:(t:0, i:~)
2019-08-20 21:03:41,671 [pool-60-thread-1] INFO  server.RaftServerConfigKeys (ConfUtils.java:logGet(43)) - raft.server.leader.election.timeout = 120s (custom)
2019-08-20 21:03:41,671 [pool-60-thread-1] INFO  server.RaftServerConfigKeys (ConfUtils.java:logGet(43)) - raft.server.log.use.memory = false (default)
2019-08-20 21:03:41,672 [pool-60-thread-1] INFO  server.RaftServerConfigKeys (ConfUtils.java:logGet(43)) - raft.server.log.purge.gap = 1000000 (custom)
2019-08-20 21:03:41,672 [pool-60-thread-1] INFO  server.RaftServerConfigKeys (ConfUtils.java:logGet(43)) - raft.server.log.appender.buffer.byte-limit = 33554432 (custom)
2019-08-20 21:03:41,672 [pool-60-thread-1] INFO  server.RaftServerConfigKeys (ConfUtils.java:logGet(43)) - raft.server.log.segment.size.max = 1048576 (custom)
2019-08-20 21:03:41,672 [pool-60-thread-1] INFO  server.RaftServerConfigKeys (ConfUtils.java:logGet(43)) - raft.server.log.segment.cache.num.max = 2 (custom)
2019-08-20 21:03:41,672 [pool-60-thread-1] INFO  segmented.SegmentedRaftLogWorker (SegmentedRaftLogWorker.java:<init>(172)) - new 6d7420a7-bf02-42d2-9563-60ec8301a9c5-SegmentedRaftLogWorker:Storage Directory /workdir/hadoop-ozone/integration-test/target/test-dir/MiniOzoneClusterImpl-8530c380-4d42-4c39-9dcb-f7b018a0b755/datanode-3/data/ratis/b713ae0b-1ae0-497e-88f7-ed4873a31b59 for RaftStorage:Storage Directory /workdir/hadoop-ozone/integration-test/target/test-dir/MiniOzoneClusterImpl-8530c380-4d42-4c39-9dcb-f7b018a0b755/datanode-3/data/ratis/b713ae0b-1ae0-497e-88f7-ed4873a31b59
2019-08-20 21:03:41,672 [pool-60-thread-1] INFO  server.RaftServerConfigKeys (ConfUtils.java:logGet(43)) - raft.server.log.queue.byte-limit = 2147483647 (custom)
2019-08-20 21:03:41,672 [pool-60-thread-1] INFO  server.RaftServerConfigKeys (ConfUtils.java:logGet(43)) - raft.server.log.queue.element-limit = 1024 (custom)
2019-08-20 21:03:41,673 [pool-60-thread-1] INFO  server.RaftServerConfigKeys (ConfUtils.java:logGet(43)) - raft.server.log.segment.size.max = 1048576 (custom)
2019-08-20 21:03:41,673 [pool-60-thread-1] INFO  server.RaftServerConfigKeys (ConfUtils.java:logGet(43)) - raft.server.log.preallocated.size = 16384 (custom)
2019-08-20 21:03:41,673 [pool-60-thread-1] INFO  server.RaftServerConfigKeys (ConfUtils.java:logGet(43)) - raft.server.log.write.buffer.size = 33554432 (custom)
2019-08-20 21:03:41,673 [pool-60-thread-1] INFO  server.RaftServerConfigKeys (ConfUtils.java:logGet(43)) - raft.server.log.force.sync.num = 128 (default)
2019-08-20 21:03:41,673 [pool-60-thread-1] INFO  server.RaftServerConfigKeys (ConfUtils.java:logGet(43)) - raft.server.log.statemachine.data.sync = true (default)
2019-08-20 21:03:41,673 [pool-60-thread-1] INFO  server.RaftServerConfigKeys (ConfUtils.java:logGet(43)) - raft.server.log.statemachine.data.sync.timeout = 10s (default)
2019-08-20 21:03:41,673 [pool-60-thread-1] INFO  server.RaftServerConfigKeys (ConfUtils.java:logGet(43)) - raft.server.log.statemachine.data.sync.timeout.retry = -1 (default)
2019-08-20 21:03:41,674 [pool-60-thread-1] INFO  server.RaftServerConfigKeys (ConfUtils.java:logGet(43)) - raft.server.log.statemachine.data.caching.enabled = true (custom)
2019-08-20 21:03:41,674 [pool-60-thread-1] INFO  segmented.SegmentedRaftLogWorker (SegmentedRaftLogWorker.java:lambda$new$0(132)) - 6d7420a7-bf02-42d2-9563-60ec8301a9c5-SegmentedRaftLogWorker:Storage Directory /workdir/hadoop-ozone/integration-test/target/test-dir/MiniOzoneClusterImpl-8530c380-4d42-4c39-9dcb-f7b018a0b755/datanode-3/data/ratis/b713ae0b-1ae0-497e-88f7-ed4873a31b59: flushIndex: setUnconditionally 0 -> -1
2019-08-20 21:03:41,674 [pool-60-thread-1] INFO  server.RaftServerConfigKeys (ConfUtils.java:logGet(43)) - raft.server.snapshot.auto.trigger.enabled = true (custom)
2019-08-20 21:03:41,674 [pool-60-thread-1] INFO  server.RaftServerConfigKeys (ConfUtils.java:logGet(43)) - raft.server.snapshot.auto.trigger.threshold = 10000 (custom)
2019-08-20 21:03:41,674 [pool-60-thread-1] INFO  server.RaftServerConfigKeys (ConfUtils.java:logGet(43)) - raft.server.retrycache.expirytime = 600000ms (custom)
2019-08-20 21:03:41,675 [pool-60-thread-1] INFO  impl.RaftServerImpl (RaftServerImpl.java:start(180)) - 6d7420a7-bf02-42d2-9563-60ec8301a9c5: start group-ED4873A31B59
2019-08-20 21:03:41,675 [pool-60-thread-1] INFO  impl.RaftServerImpl (RaftServerImpl.java:setRole(171)) - 6d7420a7-bf02-42d2-9563-60ec8301a9c5:group-ED4873A31B59 changes role from null to FOLLOWER at term 0 for startAsFollower
2019-08-20 21:03:41,675 [pool-60-thread-1] INFO  impl.RoleInfo (RoleInfo.java:updateAndGet(143)) - 6d7420a7-bf02-42d2-9563-60ec8301a9c5: start FollowerState
2019-08-20 21:03:41,675 [pool-60-thread-1] INFO  util.JmxRegister (JmxRegister.java:tryRegister(44)) - Successfully registered JMX Bean with object name Ratis:service=RaftServer,group=group-ED4873A31B59,id=6d7420a7-bf02-42d2-9563-60ec8301a9c5
2019-08-20 21:03:41,689 [RatisPipelineUtilsThread] INFO  pipeline.PipelineStateManager (PipelineStateManager.java:addPipeline(56)) - Created pipeline Pipeline[ Id: b713ae0b-1ae0-497e-88f7-ed4873a31b59, Nodes: 6d7420a7-bf02-42d2-9563-60ec8301a9c5{ip: 192.168.69.82, host: pr-hdds-1973-8vfkv-3728417522, networkLocation: /default-rack, certSerialId: null}, Type:RATIS, Factor:ONE, State:OPEN]
2019-08-20 21:03:41,713 [grpc-default-executor-0] INFO  impl.RaftServerProxy (RaftServerProxy.java:addNew(89)) - 0142f219-2010-4dd4-9b28-37dd1adb64f0: addNew group-BD302FC6FC1F:[0142f219-2010-4dd4-9b28-37dd1adb64f0:192.168.69.82:35370] returns group-BD302FC6FC1F:java.util.concurrent.CompletableFuture@f90a051[Not completed]
2019-08-20 21:03:41,717 [pool-93-thread-1] INFO  impl.RaftServerImpl (RaftServerImpl.java:<init>(93)) - 0142f219-2010-4dd4-9b28-37dd1adb64f0: new RaftServerImpl for group-BD302FC6FC1F:[0142f219-2010-4dd4-9b28-37dd1adb64f0:192.168.69.82:35370] with ContainerStateMachine:uninitialized
2019-08-20 21:03:41,717 [pool-93-thread-1] INFO  server.RaftServerConfigKeys (ConfUtils.java:logGet(43)) - raft.server.rpc.timeout.min = 5s (custom)
2019-08-20 21:03:41,717 [pool-93-thread-1] INFO  server.RaftServerConfigKeys (ConfUtils.java:logGet(43)) - raft.server.rpc.timeout.max = 5200ms (custom)
2019-08-20 21:03:41,717 [pool-93-thread-1] INFO  server.RaftServerConfigKeys (ConfUtils.java:logGet(43)) - raft.server.rpcslowness.timeout = 120s (custom)
2019-08-20 21:03:41,717 [pool-93-thread-1] INFO  server.RaftServerConfigKeys (ConfUtils.java:logGet(43)) - raft.server.sleep.deviation.threshold = 300 (default)
2019-08-20 21:03:41,718 [pool-93-thread-1] INFO  server.RaftServerConfigKeys (ConfUtils.java:logGet(43)) - raft.server.log.appender.install.snapshot.enabled = false (custom)
2019-08-20 21:03:41,718 [pool-93-thread-1] INFO  impl.RaftServerImpl (ServerState.java:<init>(105)) - 0142f219-2010-4dd4-9b28-37dd1adb64f0:group-BD302FC6FC1F ConfigurationManager, init=-1: [0142f219-2010-4dd4-9b28-37dd1adb64f0:192.168.69.82:35370], old=null, confs=<EMPTY_MAP>
2019-08-20 21:03:41,718 [pool-93-thread-1] INFO  server.RaftServerConfigKeys (ConfUtils.java:logGet(43)) - raft.server.storage.dir = [/workdir/hadoop-ozone/integration-test/target/test-dir/MiniOzoneClusterImpl-8530c380-4d42-4c39-9dcb-f7b018a0b755/datanode-6/data/ratis] (custom)
2019-08-20 21:03:41,718 [pool-93-thread-1] INFO  storage.RaftStorageDirectory (RaftStorageDirectory.java:analyzeStorage(246)) - The storage directory /workdir/hadoop-ozone/integration-test/target/test-dir/MiniOzoneClusterImpl-8530c380-4d42-4c39-9dcb-f7b018a0b755/datanode-6/data/ratis/f62af885-d98e-4d3e-8855-bd302fc6fc1f does not exist. Creating ...
2019-08-20 21:03:41,733 [pool-93-thread-1] INFO  storage.RaftStorageDirectory (RaftStorageDirectory.java:tryLock(328)) - Lock on /workdir/hadoop-ozone/integration-test/target/test-dir/MiniOzoneClusterImpl-8530c380-4d42-4c39-9dcb-f7b018a0b755/datanode-6/data/ratis/f62af885-d98e-4d3e-8855-bd302fc6fc1f/in_use.lock acquired by nodename 6257@pr-hdds-1973-8vfkv-3728417522
2019-08-20 21:03:41,747 [pool-93-thread-1] INFO  storage.RaftStorage (RaftStorage.java:format(72)) - Storage directory /workdir/hadoop-ozone/integration-test/target/test-dir/MiniOzoneClusterImpl-8530c380-4d42-4c39-9dcb-f7b018a0b755/datanode-6/data/ratis/f62af885-d98e-4d3e-8855-bd302fc6fc1f has been successfully formatted.
2019-08-20 21:03:41,748 [pool-93-thread-1] INFO  ratis.ContainerStateMachine (ContainerStateMachine.java:loadSnapshot(222)) - group-BD302FC6FC1F: The snapshot info is null. Setting the last applied indexto:(t:0, i:~)
2019-08-20 21:03:41,748 [pool-93-thread-1] INFO  server.RaftServerConfigKeys (ConfUtils.java:logGet(43)) - raft.server.leader.election.timeout = 120s (custom)
2019-08-20 21:03:41,748 [pool-93-thread-1] INFO  server.RaftServerConfigKeys (ConfUtils.java:logGet(43)) - raft.server.log.use.memory = false (default)
2019-08-20 21:03:41,748 [pool-93-thread-1] INFO  server.RaftServerConfigKeys (ConfUtils.java:logGet(43)) - raft.server.log.purge.gap = 1000000 (custom)
2019-08-20 21:03:41,748 [pool-93-thread-1] INFO  server.RaftServerConfigKeys (ConfUtils.java:logGet(43)) - raft.server.log.appender.buffer.byte-limit = 33554432 (custom)
2019-08-20 21:03:41,748 [pool-93-thread-1] INFO  server.RaftServerConfigKeys (ConfUtils.java:logGet(43)) - raft.server.log.segment.size.max = 1048576 (custom)
2019-08-20 21:03:41,748 [pool-93-thread-1] INFO  server.RaftServerConfigKeys (ConfUtils.java:logGet(43)) - raft.server.log.segment.cache.num.max = 2 (custom)
2019-08-20 21:03:41,748 [pool-93-thread-1] INFO  segmented.SegmentedRaftLogWorker (SegmentedRaftLogWorker.java:<init>(172)) - new 0142f219-2010-4dd4-9b28-37dd1adb64f0-SegmentedRaftLogWorker:Storage Directory /workdir/hadoop-ozone/integration-test/target/test-dir/MiniOzoneClusterImpl-8530c380-4d42-4c39-9dcb-f7b018a0b755/datanode-6/data/ratis/f62af885-d98e-4d3e-8855-bd302fc6fc1f for RaftStorage:Storage Directory /workdir/hadoop-ozone/integration-test/target/test-dir/MiniOzoneClusterImpl-8530c380-4d42-4c39-9dcb-f7b018a0b755/datanode-6/data/ratis/f62af885-d98e-4d3e-8855-bd302fc6fc1f
2019-08-20 21:03:41,749 [pool-93-thread-1] INFO  server.RaftServerConfigKeys (ConfUtils.java:logGet(43)) - raft.server.log.queue.byte-limit = 2147483647 (custom)
2019-08-20 21:03:41,749 [pool-93-thread-1] INFO  server.RaftServerConfigKeys (ConfUtils.java:logGet(43)) - raft.server.log.queue.element-limit = 1024 (custom)
2019-08-20 21:03:41,749 [pool-93-thread-1] INFO  server.RaftServerConfigKeys (ConfUtils.java:logGet(43)) - raft.server.log.segment.size.max = 1048576 (custom)
2019-08-20 21:03:41,749 [pool-93-thread-1] INFO  server.RaftServerConfigKeys (ConfUtils.java:logGet(43)) - raft.server.log.preallocated.size = 16384 (custom)
2019-08-20 21:03:41,749 [pool-93-thread-1] INFO  server.RaftServerConfigKeys (ConfUtils.java:logGet(43)) - raft.server.log.write.buffer.size = 33554432 (custom)
2019-08-20 21:03:41,749 [pool-93-thread-1] INFO  server.RaftServerConfigKeys (ConfUtils.java:logGet(43)) - raft.server.log.force.sync.num = 128 (default)
2019-08-20 21:03:41,749 [pool-93-thread-1] INFO  server.RaftServerConfigKeys (ConfUtils.java:logGet(43)) - raft.server.log.statemachine.data.sync = true (default)
2019-08-20 21:03:41,749 [pool-93-thread-1] INFO  server.RaftServerConfigKeys (ConfUtils.java:logGet(43)) - raft.server.log.statemachine.data.sync.timeout = 10s (default)
2019-08-20 21:03:41,749 [pool-93-thread-1] INFO  server.RaftServerConfigKeys (ConfUtils.java:logGet(43)) - raft.server.log.statemachine.data.sync.timeout.retry = -1 (default)
2019-08-20 21:03:41,750 [pool-93-thread-1] INFO  server.RaftServerConfigKeys (ConfUtils.java:logGet(43)) - raft.server.log.statemachine.data.caching.enabled = true (custom)
2019-08-20 21:03:41,750 [pool-93-thread-1] INFO  segmented.SegmentedRaftLogWorker (SegmentedRaftLogWorker.java:lambda$new$0(132)) - 0142f219-2010-4dd4-9b28-37dd1adb64f0-SegmentedRaftLogWorker:Storage Directory /workdir/hadoop-ozone/integration-test/target/test-dir/MiniOzoneClusterImpl-8530c380-4d42-4c39-9dcb-f7b018a0b755/datanode-6/data/ratis/f62af885-d98e-4d3e-8855-bd302fc6fc1f: flushIndex: setUnconditionally 0 -> -1
2019-08-20 21:03:41,750 [pool-93-thread-1] INFO  server.RaftServerConfigKeys (ConfUtils.java:logGet(43)) - raft.server.snapshot.auto.trigger.enabled = true (custom)
2019-08-20 21:03:41,750 [pool-93-thread-1] INFO  server.RaftServerConfigKeys (ConfUtils.java:logGet(43)) - raft.server.snapshot.auto.trigger.threshold = 10000 (custom)
2019-08-20 21:03:41,751 [pool-93-thread-1] INFO  server.RaftServerConfigKeys (ConfUtils.java:logGet(43)) - raft.server.retrycache.expirytime = 600000ms (custom)
2019-08-20 21:03:41,751 [pool-93-thread-1] INFO  impl.RaftServerImpl (RaftServerImpl.java:start(180)) - 0142f219-2010-4dd4-9b28-37dd1adb64f0: start group-BD302FC6FC1F
2019-08-20 21:03:41,751 [pool-93-thread-1] INFO  impl.RaftServerImpl (RaftServerImpl.java:setRole(171)) - 0142f219-2010-4dd4-9b28-37dd1adb64f0:group-BD302FC6FC1F changes role from null to FOLLOWER at term 0 for startAsFollower
2019-08-20 21:03:41,751 [pool-93-thread-1] INFO  impl.RoleInfo (RoleInfo.java:updateAndGet(143)) - 0142f219-2010-4dd4-9b28-37dd1adb64f0: start FollowerState
2019-08-20 21:03:41,752 [pool-93-thread-1] INFO  util.JmxRegister (JmxRegister.java:tryRegister(44)) - Successfully registered JMX Bean with object name Ratis:service=RaftServer,group=group-BD302FC6FC1F,id=0142f219-2010-4dd4-9b28-37dd1adb64f0
2019-08-20 21:03:41,767 [RatisPipelineUtilsThread] INFO  pipeline.PipelineStateManager (PipelineStateManager.java:addPipeline(56)) - Created pipeline Pipeline[ Id: f62af885-d98e-4d3e-8855-bd302fc6fc1f, Nodes: 0142f219-2010-4dd4-9b28-37dd1adb64f0{ip: 192.168.69.82, host: pr-hdds-1973-8vfkv-3728417522, networkLocation: /default-rack, certSerialId: null}, Type:RATIS, Factor:ONE, State:OPEN]
2019-08-20 21:03:41,791 [grpc-default-executor-0] INFO  impl.RaftServerProxy (RaftServerProxy.java:addNew(89)) - 73795144-c5ba-4a5b-b31f-2a1de4fbd7cf: addNew group-485EAC0B3032:[73795144-c5ba-4a5b-b31f-2a1de4fbd7cf:192.168.69.82:41203] returns group-485EAC0B3032:java.util.concurrent.CompletableFuture@7da320c3[Not completed]
2019-08-20 21:03:41,792 [pool-38-thread-1] INFO  impl.RaftServerImpl (RaftServerImpl.java:<init>(93)) - 73795144-c5ba-4a5b-b31f-2a1de4fbd7cf: new RaftServerImpl for group-485EAC0B3032:[73795144-c5ba-4a5b-b31f-2a1de4fbd7cf:192.168.69.82:41203] with ContainerStateMachine:uninitialized
2019-08-20 21:03:41,792 [pool-38-thread-1] INFO  server.RaftServerConfigKeys (ConfUtils.java:logGet(43)) - raft.server.rpc.timeout.min = 5s (custom)
2019-08-20 21:03:41,792 [pool-38-thread-1] INFO  server.RaftServerConfigKeys (ConfUtils.java:logGet(43)) - raft.server.rpc.timeout.max = 5200ms (custom)
2019-08-20 21:03:41,793 [pool-38-thread-1] INFO  server.RaftServerConfigKeys (ConfUtils.java:logGet(43)) - raft.server.rpcslowness.timeout = 120s (custom)
2019-08-20 21:03:41,793 [pool-38-thread-1] INFO  server.RaftServerConfigKeys (ConfUtils.java:logGet(43)) - raft.server.sleep.deviation.threshold = 300 (default)
2019-08-20 21:03:41,793 [pool-38-thread-1] INFO  server.RaftServerConfigKeys (ConfUtils.java:logGet(43)) - raft.server.log.appender.install.snapshot.enabled = false (custom)
2019-08-20 21:03:41,793 [pool-38-thread-1] INFO  impl.RaftServerImpl (ServerState.java:<init>(105)) - 73795144-c5ba-4a5b-b31f-2a1de4fbd7cf:group-485EAC0B3032 ConfigurationManager, init=-1: [73795144-c5ba-4a5b-b31f-2a1de4fbd7cf:192.168.69.82:41203], old=null, confs=<EMPTY_MAP>
2019-08-20 21:03:41,793 [pool-38-thread-1] INFO  server.RaftServerConfigKeys (ConfUtils.java:logGet(43)) - raft.server.storage.dir = [/workdir/hadoop-ozone/integration-test/target/test-dir/MiniOzoneClusterImpl-8530c380-4d42-4c39-9dcb-f7b018a0b755/datanode-1/data/ratis] (custom)
2019-08-20 21:03:41,793 [pool-38-thread-1] INFO  storage.RaftStorageDirectory (RaftStorageDirectory.java:analyzeStorage(246)) - The storage directory /workdir/hadoop-ozone/integration-test/target/test-dir/MiniOzoneClusterImpl-8530c380-4d42-4c39-9dcb-f7b018a0b755/datanode-1/data/ratis/bfcab1d0-5fa0-4120-bc40-485eac0b3032 does not exist. Creating ...
2019-08-20 21:03:41,807 [pool-38-thread-1] INFO  storage.RaftStorageDirectory (RaftStorageDirectory.java:tryLock(328)) - Lock on /workdir/hadoop-ozone/integration-test/target/test-dir/MiniOzoneClusterImpl-8530c380-4d42-4c39-9dcb-f7b018a0b755/datanode-1/data/ratis/bfcab1d0-5fa0-4120-bc40-485eac0b3032/in_use.lock acquired by nodename 6257@pr-hdds-1973-8vfkv-3728417522
2019-08-20 21:03:41,821 [pool-38-thread-1] INFO  storage.RaftStorage (RaftStorage.java:format(72)) - Storage directory /workdir/hadoop-ozone/integration-test/target/test-dir/MiniOzoneClusterImpl-8530c380-4d42-4c39-9dcb-f7b018a0b755/datanode-1/data/ratis/bfcab1d0-5fa0-4120-bc40-485eac0b3032 has been successfully formatted.
2019-08-20 21:03:41,821 [pool-38-thread-1] INFO  ratis.ContainerStateMachine (ContainerStateMachine.java:loadSnapshot(222)) - group-485EAC0B3032: The snapshot info is null. Setting the last applied indexto:(t:0, i:~)
2019-08-20 21:03:41,821 [pool-38-thread-1] INFO  server.RaftServerConfigKeys (ConfUtils.java:logGet(43)) - raft.server.leader.election.timeout = 120s (custom)
2019-08-20 21:03:41,821 [pool-38-thread-1] INFO  server.RaftServerConfigKeys (ConfUtils.java:logGet(43)) - raft.server.log.use.memory = false (default)
2019-08-20 21:03:41,821 [pool-38-thread-1] INFO  server.RaftServerConfigKeys (ConfUtils.java:logGet(43)) - raft.server.log.purge.gap = 1000000 (custom)
2019-08-20 21:03:41,822 [pool-38-thread-1] INFO  server.RaftServerConfigKeys (ConfUtils.java:logGet(43)) - raft.server.log.appender.buffer.byte-limit = 33554432 (custom)
2019-08-20 21:03:41,822 [pool-38-thread-1] INFO  server.RaftServerConfigKeys (ConfUtils.java:logGet(43)) - raft.server.log.segment.size.max = 1048576 (custom)
2019-08-20 21:03:41,822 [pool-38-thread-1] INFO  server.RaftServerConfigKeys (ConfUtils.java:logGet(43)) - raft.server.log.segment.cache.num.max = 2 (custom)
2019-08-20 21:03:41,822 [pool-38-thread-1] INFO  segmented.SegmentedRaftLogWorker (SegmentedRaftLogWorker.java:<init>(172)) - new 73795144-c5ba-4a5b-b31f-2a1de4fbd7cf-SegmentedRaftLogWorker:Storage Directory /workdir/hadoop-ozone/integration-test/target/test-dir/MiniOzoneClusterImpl-8530c380-4d42-4c39-9dcb-f7b018a0b755/datanode-1/data/ratis/bfcab1d0-5fa0-4120-bc40-485eac0b3032 for RaftStorage:Storage Directory /workdir/hadoop-ozone/integration-test/target/test-dir/MiniOzoneClusterImpl-8530c380-4d42-4c39-9dcb-f7b018a0b755/datanode-1/data/ratis/bfcab1d0-5fa0-4120-bc40-485eac0b3032
2019-08-20 21:03:41,822 [pool-38-thread-1] INFO  server.RaftServerConfigKeys (ConfUtils.java:logGet(43)) - raft.server.log.queue.byte-limit = 2147483647 (custom)
2019-08-20 21:03:41,822 [pool-38-thread-1] INFO  server.RaftServerConfigKeys (ConfUtils.java:logGet(43)) - raft.server.log.queue.element-limit = 1024 (custom)
2019-08-20 21:03:41,822 [pool-38-thread-1] INFO  server.RaftServerConfigKeys (ConfUtils.java:logGet(43)) - raft.server.log.segment.size.max = 1048576 (custom)
2019-08-20 21:03:41,823 [pool-38-thread-1] INFO  server.RaftServerConfigKeys (ConfUtils.java:logGet(43)) - raft.server.log.preallocated.size = 16384 (custom)
2019-08-20 21:03:41,823 [pool-38-thread-1] INFO  server.RaftServerConfigKeys (ConfUtils.java:logGet(43)) - raft.server.log.write.buffer.size = 33554432 (custom)
2019-08-20 21:03:41,823 [pool-38-thread-1] INFO  server.RaftServerConfigKeys (ConfUtils.java:logGet(43)) - raft.server.log.force.sync.num = 128 (default)
2019-08-20 21:03:41,823 [pool-38-thread-1] INFO  server.RaftServerConfigKeys (ConfUtils.java:logGet(43)) - raft.server.log.statemachine.data.sync = true (default)
2019-08-20 21:03:41,823 [pool-38-thread-1] INFO  server.RaftServerConfigKeys (ConfUtils.java:logGet(43)) - raft.server.log.statemachine.data.sync.timeout = 10s (default)
2019-08-20 21:03:41,823 [pool-38-thread-1] INFO  server.RaftServerConfigKeys (ConfUtils.java:logGet(43)) - raft.server.log.statemachine.data.sync.timeout.retry = -1 (default)
2019-08-20 21:03:41,823 [pool-38-thread-1] INFO  server.RaftServerConfigKeys (ConfUtils.java:logGet(43)) - raft.server.log.statemachine.data.caching.enabled = true (custom)
2019-08-20 21:03:41,824 [pool-38-thread-1] INFO  segmented.SegmentedRaftLogWorker (SegmentedRaftLogWorker.java:lambda$new$0(132)) - 73795144-c5ba-4a5b-b31f-2a1de4fbd7cf-SegmentedRaftLogWorker:Storage Directory /workdir/hadoop-ozone/integration-test/target/test-dir/MiniOzoneClusterImpl-8530c380-4d42-4c39-9dcb-f7b018a0b755/datanode-1/data/ratis/bfcab1d0-5fa0-4120-bc40-485eac0b3032: flushIndex: setUnconditionally 0 -> -1
2019-08-20 21:03:41,824 [pool-38-thread-1] INFO  server.RaftServerConfigKeys (ConfUtils.java:logGet(43)) - raft.server.snapshot.auto.trigger.enabled = true (custom)
2019-08-20 21:03:41,824 [pool-38-thread-1] INFO  server.RaftServerConfigKeys (ConfUtils.java:logGet(43)) - raft.server.snapshot.auto.trigger.threshold = 10000 (custom)
2019-08-20 21:03:41,824 [pool-38-thread-1] INFO  server.RaftServerConfigKeys (ConfUtils.java:logGet(43)) - raft.server.retrycache.expirytime = 600000ms (custom)
2019-08-20 21:03:41,824 [pool-38-thread-1] INFO  impl.RaftServerImpl (RaftServerImpl.java:start(180)) - 73795144-c5ba-4a5b-b31f-2a1de4fbd7cf: start group-485EAC0B3032
2019-08-20 21:03:41,824 [pool-38-thread-1] INFO  impl.RaftServerImpl (RaftServerImpl.java:setRole(171)) - 73795144-c5ba-4a5b-b31f-2a1de4fbd7cf:group-485EAC0B3032 changes role from null to FOLLOWER at term 0 for startAsFollower
2019-08-20 21:03:41,824 [pool-38-thread-1] INFO  impl.RoleInfo (RoleInfo.java:updateAndGet(143)) - 73795144-c5ba-4a5b-b31f-2a1de4fbd7cf: start FollowerState
2019-08-20 21:03:41,825 [pool-38-thread-1] INFO  util.JmxRegister (JmxRegister.java:tryRegister(44)) - Successfully registered JMX Bean with object name Ratis:service=RaftServer,group=group-485EAC0B3032,id=73795144-c5ba-4a5b-b31f-2a1de4fbd7cf
2019-08-20 21:03:41,838 [RatisPipelineUtilsThread] INFO  pipeline.PipelineStateManager (PipelineStateManager.java:addPipeline(56)) - Created pipeline Pipeline[ Id: bfcab1d0-5fa0-4120-bc40-485eac0b3032, Nodes: 73795144-c5ba-4a5b-b31f-2a1de4fbd7cf{ip: 192.168.69.82, host: pr-hdds-1973-8vfkv-3728417522, networkLocation: /default-rack, certSerialId: null}, Type:RATIS, Factor:ONE, State:OPEN]
2019-08-20 21:03:41,861 [grpc-default-executor-0] INFO  impl.RaftServerProxy (RaftServerProxy.java:addNew(89)) - 20f4c63a-f727-4ecb-b331-ca75036dc5d5: addNew group-2F9CF27BA20E:[20f4c63a-f727-4ecb-b331-ca75036dc5d5:192.168.69.82:37888] returns group-2F9CF27BA20E:java.util.concurrent.CompletableFuture@213444c2[Not completed]
2019-08-20 21:03:41,865 [pool-71-thread-1] INFO  impl.RaftServerImpl (RaftServerImpl.java:<init>(93)) - 20f4c63a-f727-4ecb-b331-ca75036dc5d5: new RaftServerImpl for group-2F9CF27BA20E:[20f4c63a-f727-4ecb-b331-ca75036dc5d5:192.168.69.82:37888] with ContainerStateMachine:uninitialized
2019-08-20 21:03:41,865 [pool-71-thread-1] INFO  server.RaftServerConfigKeys (ConfUtils.java:logGet(43)) - raft.server.rpc.timeout.min = 5s (custom)
2019-08-20 21:03:41,865 [pool-71-thread-1] INFO  server.RaftServerConfigKeys (ConfUtils.java:logGet(43)) - raft.server.rpc.timeout.max = 5200ms (custom)
2019-08-20 21:03:41,865 [pool-71-thread-1] INFO  server.RaftServerConfigKeys (ConfUtils.java:logGet(43)) - raft.server.rpcslowness.timeout = 120s (custom)
2019-08-20 21:03:41,866 [pool-71-thread-1] INFO  server.RaftServerConfigKeys (ConfUtils.java:logGet(43)) - raft.server.sleep.deviation.threshold = 300 (default)
2019-08-20 21:03:41,866 [pool-71-thread-1] INFO  server.RaftServerConfigKeys (ConfUtils.java:logGet(43)) - raft.server.log.appender.install.snapshot.enabled = false (custom)
2019-08-20 21:03:41,866 [pool-71-thread-1] INFO  impl.RaftServerImpl (ServerState.java:<init>(105)) - 20f4c63a-f727-4ecb-b331-ca75036dc5d5:group-2F9CF27BA20E ConfigurationManager, init=-1: [20f4c63a-f727-4ecb-b331-ca75036dc5d5:192.168.69.82:37888], old=null, confs=<EMPTY_MAP>
2019-08-20 21:03:41,866 [pool-71-thread-1] INFO  server.RaftServerConfigKeys (ConfUtils.java:logGet(43)) - raft.server.storage.dir = [/workdir/hadoop-ozone/integration-test/target/test-dir/MiniOzoneClusterImpl-8530c380-4d42-4c39-9dcb-f7b018a0b755/datanode-4/data/ratis] (custom)
2019-08-20 21:03:41,867 [pool-71-thread-1] INFO  storage.RaftStorageDirectory (RaftStorageDirectory.java:analyzeStorage(246)) - The storage directory /workdir/hadoop-ozone/integration-test/target/test-dir/MiniOzoneClusterImpl-8530c380-4d42-4c39-9dcb-f7b018a0b755/datanode-4/data/ratis/f8d44a1d-d928-45fa-8922-2f9cf27ba20e does not exist. Creating ...
2019-08-20 21:03:41,880 [pool-71-thread-1] INFO  storage.RaftStorageDirectory (RaftStorageDirectory.java:tryLock(328)) - Lock on /workdir/hadoop-ozone/integration-test/target/test-dir/MiniOzoneClusterImpl-8530c380-4d42-4c39-9dcb-f7b018a0b755/datanode-4/data/ratis/f8d44a1d-d928-45fa-8922-2f9cf27ba20e/in_use.lock acquired by nodename 6257@pr-hdds-1973-8vfkv-3728417522
2019-08-20 21:03:41,895 [pool-71-thread-1] INFO  storage.RaftStorage (RaftStorage.java:format(72)) - Storage directory /workdir/hadoop-ozone/integration-test/target/test-dir/MiniOzoneClusterImpl-8530c380-4d42-4c39-9dcb-f7b018a0b755/datanode-4/data/ratis/f8d44a1d-d928-45fa-8922-2f9cf27ba20e has been successfully formatted.
2019-08-20 21:03:41,895 [pool-71-thread-1] INFO  ratis.ContainerStateMachine (ContainerStateMachine.java:loadSnapshot(222)) - group-2F9CF27BA20E: The snapshot info is null. Setting the last applied indexto:(t:0, i:~)
2019-08-20 21:03:41,896 [pool-71-thread-1] INFO  server.RaftServerConfigKeys (ConfUtils.java:logGet(43)) - raft.server.leader.election.timeout = 120s (custom)
2019-08-20 21:03:41,896 [pool-71-thread-1] INFO  server.RaftServerConfigKeys (ConfUtils.java:logGet(43)) - raft.server.log.use.memory = false (default)
2019-08-20 21:03:41,896 [pool-71-thread-1] INFO  server.RaftServerConfigKeys (ConfUtils.java:logGet(43)) - raft.server.log.purge.gap = 1000000 (custom)
2019-08-20 21:03:41,896 [pool-71-thread-1] INFO  server.RaftServerConfigKeys (ConfUtils.java:logGet(43)) - raft.server.log.appender.buffer.byte-limit = 33554432 (custom)
2019-08-20 21:03:41,897 [pool-71-thread-1] INFO  server.RaftServerConfigKeys (ConfUtils.java:logGet(43)) - raft.server.log.segment.size.max = 1048576 (custom)
2019-08-20 21:03:41,897 [pool-71-thread-1] INFO  server.RaftServerConfigKeys (ConfUtils.java:logGet(43)) - raft.server.log.segment.cache.num.max = 2 (custom)
2019-08-20 21:03:41,897 [pool-71-thread-1] INFO  segmented.SegmentedRaftLogWorker (SegmentedRaftLogWorker.java:<init>(172)) - new 20f4c63a-f727-4ecb-b331-ca75036dc5d5-SegmentedRaftLogWorker:Storage Directory /workdir/hadoop-ozone/integration-test/target/test-dir/MiniOzoneClusterImpl-8530c380-4d42-4c39-9dcb-f7b018a0b755/datanode-4/data/ratis/f8d44a1d-d928-45fa-8922-2f9cf27ba20e for RaftStorage:Storage Directory /workdir/hadoop-ozone/integration-test/target/test-dir/MiniOzoneClusterImpl-8530c380-4d42-4c39-9dcb-f7b018a0b755/datanode-4/data/ratis/f8d44a1d-d928-45fa-8922-2f9cf27ba20e
2019-08-20 21:03:41,897 [pool-71-thread-1] INFO  server.RaftServerConfigKeys (ConfUtils.java:logGet(43)) - raft.server.log.queue.byte-limit = 2147483647 (custom)
2019-08-20 21:03:41,898 [pool-71-thread-1] INFO  server.RaftServerConfigKeys (ConfUtils.java:logGet(43)) - raft.server.log.queue.element-limit = 1024 (custom)
2019-08-20 21:03:41,898 [pool-71-thread-1] INFO  server.RaftServerConfigKeys (ConfUtils.java:logGet(43)) - raft.server.log.segment.size.max = 1048576 (custom)
2019-08-20 21:03:41,898 [pool-71-thread-1] INFO  server.RaftServerConfigKeys (ConfUtils.java:logGet(43)) - raft.server.log.preallocated.size = 16384 (custom)
2019-08-20 21:03:41,898 [pool-71-thread-1] INFO  server.RaftServerConfigKeys (ConfUtils.java:logGet(43)) - raft.server.log.write.buffer.size = 33554432 (custom)
2019-08-20 21:03:41,899 [pool-71-thread-1] INFO  server.RaftServerConfigKeys (ConfUtils.java:logGet(43)) - raft.server.log.force.sync.num = 128 (default)
2019-08-20 21:03:41,899 [pool-71-thread-1] INFO  server.RaftServerConfigKeys (ConfUtils.java:logGet(43)) - raft.server.log.statemachine.data.sync = true (default)
2019-08-20 21:03:41,899 [pool-71-thread-1] INFO  server.RaftServerConfigKeys (ConfUtils.java:logGet(43)) - raft.server.log.statemachine.data.sync.timeout = 10s (default)
2019-08-20 21:03:41,899 [pool-71-thread-1] INFO  server.RaftServerConfigKeys (ConfUtils.java:logGet(43)) - raft.server.log.statemachine.data.sync.timeout.retry = -1 (default)
2019-08-20 21:03:41,900 [pool-71-thread-1] INFO  server.RaftServerConfigKeys (ConfUtils.java:logGet(43)) - raft.server.log.statemachine.data.caching.enabled = true (custom)
2019-08-20 21:03:41,900 [pool-71-thread-1] INFO  segmented.SegmentedRaftLogWorker (SegmentedRaftLogWorker.java:lambda$new$0(132)) - 20f4c63a-f727-4ecb-b331-ca75036dc5d5-SegmentedRaftLogWorker:Storage Directory /workdir/hadoop-ozone/integration-test/target/test-dir/MiniOzoneClusterImpl-8530c380-4d42-4c39-9dcb-f7b018a0b755/datanode-4/data/ratis/f8d44a1d-d928-45fa-8922-2f9cf27ba20e: flushIndex: setUnconditionally 0 -> -1
2019-08-20 21:03:41,901 [pool-71-thread-1] INFO  server.RaftServerConfigKeys (ConfUtils.java:logGet(43)) - raft.server.snapshot.auto.trigger.enabled = true (custom)
2019-08-20 21:03:41,901 [pool-71-thread-1] INFO  server.RaftServerConfigKeys (ConfUtils.java:logGet(43)) - raft.server.snapshot.auto.trigger.threshold = 10000 (custom)
2019-08-20 21:03:41,901 [pool-71-thread-1] INFO  server.RaftServerConfigKeys (ConfUtils.java:logGet(43)) - raft.server.retrycache.expirytime = 600000ms (custom)
2019-08-20 21:03:41,902 [pool-71-thread-1] INFO  impl.RaftServerImpl (RaftServerImpl.java:start(180)) - 20f4c63a-f727-4ecb-b331-ca75036dc5d5: start group-2F9CF27BA20E
2019-08-20 21:03:41,902 [pool-71-thread-1] INFO  impl.RaftServerImpl (RaftServerImpl.java:setRole(171)) - 20f4c63a-f727-4ecb-b331-ca75036dc5d5:group-2F9CF27BA20E changes role from null to FOLLOWER at term 0 for startAsFollower
2019-08-20 21:03:41,902 [pool-71-thread-1] INFO  impl.RoleInfo (RoleInfo.java:updateAndGet(143)) - 20f4c63a-f727-4ecb-b331-ca75036dc5d5: start FollowerState
2019-08-20 21:03:41,903 [pool-71-thread-1] INFO  util.JmxRegister (JmxRegister.java:tryRegister(44)) - Successfully registered JMX Bean with object name Ratis:service=RaftServer,group=group-2F9CF27BA20E,id=20f4c63a-f727-4ecb-b331-ca75036dc5d5
2019-08-20 21:03:41,912 [RatisPipelineUtilsThread] INFO  pipeline.PipelineStateManager (PipelineStateManager.java:addPipeline(56)) - Created pipeline Pipeline[ Id: f8d44a1d-d928-45fa-8922-2f9cf27ba20e, Nodes: 20f4c63a-f727-4ecb-b331-ca75036dc5d5{ip: 192.168.69.82, host: pr-hdds-1973-8vfkv-3728417522, networkLocation: /default-rack, certSerialId: null}, Type:RATIS, Factor:ONE, State:OPEN]
2019-08-20 21:03:41,925 [grpc-default-executor-0] INFO  impl.RaftServerProxy (RaftServerProxy.java:addNew(89)) - f2aa3567-7f19-4bd2-befa-7aee6e2a4d26: addNew group-191A85F8548F:[f2aa3567-7f19-4bd2-befa-7aee6e2a4d26:192.168.69.82:33303] returns group-191A85F8548F:java.util.concurrent.CompletableFuture@88f5d75[Not completed]
2019-08-20 21:03:41,928 [pool-82-thread-1] INFO  impl.RaftServerImpl (RaftServerImpl.java:<init>(93)) - f2aa3567-7f19-4bd2-befa-7aee6e2a4d26: new RaftServerImpl for group-191A85F8548F:[f2aa3567-7f19-4bd2-befa-7aee6e2a4d26:192.168.69.82:33303] with ContainerStateMachine:uninitialized
2019-08-20 21:03:41,928 [pool-82-thread-1] INFO  server.RaftServerConfigKeys (ConfUtils.java:logGet(43)) - raft.server.rpc.timeout.min = 5s (custom)
2019-08-20 21:03:41,929 [pool-82-thread-1] INFO  server.RaftServerConfigKeys (ConfUtils.java:logGet(43)) - raft.server.rpc.timeout.max = 5200ms (custom)
2019-08-20 21:03:41,929 [pool-82-thread-1] INFO  server.RaftServerConfigKeys (ConfUtils.java:logGet(43)) - raft.server.rpcslowness.timeout = 120s (custom)
2019-08-20 21:03:41,929 [pool-82-thread-1] INFO  server.RaftServerConfigKeys (ConfUtils.java:logGet(43)) - raft.server.sleep.deviation.threshold = 300 (default)
2019-08-20 21:03:41,929 [pool-82-thread-1] INFO  server.RaftServerConfigKeys (ConfUtils.java:logGet(43)) - raft.server.log.appender.install.snapshot.enabled = false (custom)
2019-08-20 21:03:41,929 [pool-82-thread-1] INFO  impl.RaftServerImpl (ServerState.java:<init>(105)) - f2aa3567-7f19-4bd2-befa-7aee6e2a4d26:group-191A85F8548F ConfigurationManager, init=-1: [f2aa3567-7f19-4bd2-befa-7aee6e2a4d26:192.168.69.82:33303], old=null, confs=<EMPTY_MAP>
2019-08-20 21:03:41,929 [pool-82-thread-1] INFO  server.RaftServerConfigKeys (ConfUtils.java:logGet(43)) - raft.server.storage.dir = [/workdir/hadoop-ozone/integration-test/target/test-dir/MiniOzoneClusterImpl-8530c380-4d42-4c39-9dcb-f7b018a0b755/datanode-5/data/ratis] (custom)
2019-08-20 21:03:41,929 [pool-82-thread-1] INFO  storage.RaftStorageDirectory (RaftStorageDirectory.java:analyzeStorage(246)) - The storage directory /workdir/hadoop-ozone/integration-test/target/test-dir/MiniOzoneClusterImpl-8530c380-4d42-4c39-9dcb-f7b018a0b755/datanode-5/data/ratis/4254e562-99b1-4b6d-a883-191a85f8548f does not exist. Creating ...
2019-08-20 21:03:41,967 [pool-82-thread-1] INFO  storage.RaftStorageDirectory (RaftStorageDirectory.java:tryLock(328)) - Lock on /workdir/hadoop-ozone/integration-test/target/test-dir/MiniOzoneClusterImpl-8530c380-4d42-4c39-9dcb-f7b018a0b755/datanode-5/data/ratis/4254e562-99b1-4b6d-a883-191a85f8548f/in_use.lock acquired by nodename 6257@pr-hdds-1973-8vfkv-3728417522
2019-08-20 21:03:41,979 [pool-82-thread-1] INFO  storage.RaftStorage (RaftStorage.java:format(72)) - Storage directory /workdir/hadoop-ozone/integration-test/target/test-dir/MiniOzoneClusterImpl-8530c380-4d42-4c39-9dcb-f7b018a0b755/datanode-5/data/ratis/4254e562-99b1-4b6d-a883-191a85f8548f has been successfully formatted.
2019-08-20 21:03:41,979 [pool-82-thread-1] INFO  ratis.ContainerStateMachine (ContainerStateMachine.java:loadSnapshot(222)) - group-191A85F8548F: The snapshot info is null. Setting the last applied indexto:(t:0, i:~)
2019-08-20 21:03:41,979 [pool-82-thread-1] INFO  server.RaftServerConfigKeys (ConfUtils.java:logGet(43)) - raft.server.leader.election.timeout = 120s (custom)
2019-08-20 21:03:41,979 [pool-82-thread-1] INFO  server.RaftServerConfigKeys (ConfUtils.java:logGet(43)) - raft.server.log.use.memory = false (default)
2019-08-20 21:03:41,980 [pool-82-thread-1] INFO  server.RaftServerConfigKeys (ConfUtils.java:logGet(43)) - raft.server.log.purge.gap = 1000000 (custom)
2019-08-20 21:03:41,980 [pool-82-thread-1] INFO  server.RaftServerConfigKeys (ConfUtils.java:logGet(43)) - raft.server.log.appender.buffer.byte-limit = 33554432 (custom)
2019-08-20 21:03:41,980 [pool-82-thread-1] INFO  server.RaftServerConfigKeys (ConfUtils.java:logGet(43)) - raft.server.log.segment.size.max = 1048576 (custom)
2019-08-20 21:03:41,980 [pool-82-thread-1] INFO  server.RaftServerConfigKeys (ConfUtils.java:logGet(43)) - raft.server.log.segment.cache.num.max = 2 (custom)
2019-08-20 21:03:41,980 [pool-82-thread-1] INFO  segmented.SegmentedRaftLogWorker (SegmentedRaftLogWorker.java:<init>(172)) - new f2aa3567-7f19-4bd2-befa-7aee6e2a4d26-SegmentedRaftLogWorker:Storage Directory /workdir/hadoop-ozone/integration-test/target/test-dir/MiniOzoneClusterImpl-8530c380-4d42-4c39-9dcb-f7b018a0b755/datanode-5/data/ratis/4254e562-99b1-4b6d-a883-191a85f8548f for RaftStorage:Storage Directory /workdir/hadoop-ozone/integration-test/target/test-dir/MiniOzoneClusterImpl-8530c380-4d42-4c39-9dcb-f7b018a0b755/datanode-5/data/ratis/4254e562-99b1-4b6d-a883-191a85f8548f
2019-08-20 21:03:41,980 [pool-82-thread-1] INFO  server.RaftServerConfigKeys (ConfUtils.java:logGet(43)) - raft.server.log.queue.byte-limit = 2147483647 (custom)
2019-08-20 21:03:41,980 [pool-82-thread-1] INFO  server.RaftServerConfigKeys (ConfUtils.java:logGet(43)) - raft.server.log.queue.element-limit = 1024 (custom)
2019-08-20 21:03:41,981 [pool-82-thread-1] INFO  server.RaftServerConfigKeys (ConfUtils.java:logGet(43)) - raft.server.log.segment.size.max = 1048576 (custom)
2019-08-20 21:03:41,981 [pool-82-thread-1] INFO  server.RaftServerConfigKeys (ConfUtils.java:logGet(43)) - raft.server.log.preallocated.size = 16384 (custom)
2019-08-20 21:03:41,981 [pool-82-thread-1] INFO  server.RaftServerConfigKeys (ConfUtils.java:logGet(43)) - raft.server.log.write.buffer.size = 33554432 (custom)
2019-08-20 21:03:41,981 [pool-82-thread-1] INFO  server.RaftServerConfigKeys (ConfUtils.java:logGet(43)) - raft.server.log.force.sync.num = 128 (default)
2019-08-20 21:03:41,981 [pool-82-thread-1] INFO  server.RaftServerConfigKeys (ConfUtils.java:logGet(43)) - raft.server.log.statemachine.data.sync = true (default)
2019-08-20 21:03:41,981 [pool-82-thread-1] INFO  server.RaftServerConfigKeys (ConfUtils.java:logGet(43)) - raft.server.log.statemachine.data.sync.timeout = 10s (default)
2019-08-20 21:03:41,981 [pool-82-thread-1] INFO  server.RaftServerConfigKeys (ConfUtils.java:logGet(43)) - raft.server.log.statemachine.data.sync.timeout.retry = -1 (default)
2019-08-20 21:03:41,981 [pool-82-thread-1] INFO  server.RaftServerConfigKeys (ConfUtils.java:logGet(43)) - raft.server.log.statemachine.data.caching.enabled = true (custom)
2019-08-20 21:03:41,982 [pool-82-thread-1] INFO  segmented.SegmentedRaftLogWorker (SegmentedRaftLogWorker.java:lambda$new$0(132)) - f2aa3567-7f19-4bd2-befa-7aee6e2a4d26-SegmentedRaftLogWorker:Storage Directory /workdir/hadoop-ozone/integration-test/target/test-dir/MiniOzoneClusterImpl-8530c380-4d42-4c39-9dcb-f7b018a0b755/datanode-5/data/ratis/4254e562-99b1-4b6d-a883-191a85f8548f: flushIndex: setUnconditionally 0 -> -1
2019-08-20 21:03:41,982 [pool-82-thread-1] INFO  server.RaftServerConfigKeys (ConfUtils.java:logGet(43)) - raft.server.snapshot.auto.trigger.enabled = true (custom)
2019-08-20 21:03:41,982 [pool-82-thread-1] INFO  server.RaftServerConfigKeys (ConfUtils.java:logGet(43)) - raft.server.snapshot.auto.trigger.threshold = 10000 (custom)
2019-08-20 21:03:41,982 [pool-82-thread-1] INFO  server.RaftServerConfigKeys (ConfUtils.java:logGet(43)) - raft.server.retrycache.expirytime = 600000ms (custom)
2019-08-20 21:03:41,983 [pool-82-thread-1] INFO  impl.RaftServerImpl (RaftServerImpl.java:start(180)) - f2aa3567-7f19-4bd2-befa-7aee6e2a4d26: start group-191A85F8548F
2019-08-20 21:03:41,983 [pool-82-thread-1] INFO  impl.RaftServerImpl (RaftServerImpl.java:setRole(171)) - f2aa3567-7f19-4bd2-befa-7aee6e2a4d26:group-191A85F8548F changes role from null to FOLLOWER at term 0 for startAsFollower
2019-08-20 21:03:41,983 [pool-82-thread-1] INFO  impl.RoleInfo (RoleInfo.java:updateAndGet(143)) - f2aa3567-7f19-4bd2-befa-7aee6e2a4d26: start FollowerState
2019-08-20 21:03:41,983 [pool-82-thread-1] INFO  util.JmxRegister (JmxRegister.java:tryRegister(44)) - Successfully registered JMX Bean with object name Ratis:service=RaftServer,group=group-191A85F8548F,id=f2aa3567-7f19-4bd2-befa-7aee6e2a4d26
2019-08-20 21:03:41,986 [main] INFO  ozone.MiniOzoneClusterImpl (MiniOzoneClusterImpl.java:lambda$waitForClusterToBeReady$0(142)) - Cluster is ready. Got 7 of 7 DN Heartbeats.
2019-08-20 21:03:41,998 [RatisPipelineUtilsThread] INFO  pipeline.PipelineStateManager (PipelineStateManager.java:addPipeline(56)) - Created pipeline Pipeline[ Id: 4254e562-99b1-4b6d-a883-191a85f8548f, Nodes: f2aa3567-7f19-4bd2-befa-7aee6e2a4d26{ip: 192.168.69.82, host: pr-hdds-1973-8vfkv-3728417522, networkLocation: /default-rack, certSerialId: null}, Type:RATIS, Factor:ONE, State:OPEN]
2019-08-20 21:03:42,027 [grpc-default-executor-1] INFO  impl.RaftServerProxy (RaftServerProxy.java:addNew(89)) - 6d5416e4-8315-4b81-9662-120605ef18be: addNew group-5E96761CA3B7:[0142f219-2010-4dd4-9b28-37dd1adb64f0:192.168.69.82:35370, 6d5416e4-8315-4b81-9662-120605ef18be:192.168.69.82:35939, e7e6e6c0-3e74-4894-8cf7-2a72b9d88373:192.168.69.82:32779] returns group-5E96761CA3B7:java.util.concurrent.CompletableFuture@18eb0f0a[Not completed]
2019-08-20 21:03:42,028 [grpc-default-executor-2] INFO  impl.RaftServerProxy (RaftServerProxy.java:addNew(89)) - 0142f219-2010-4dd4-9b28-37dd1adb64f0: addNew group-5E96761CA3B7:[0142f219-2010-4dd4-9b28-37dd1adb64f0:192.168.69.82:35370, 6d5416e4-8315-4b81-9662-120605ef18be:192.168.69.82:35939, e7e6e6c0-3e74-4894-8cf7-2a72b9d88373:192.168.69.82:32779] returns group-5E96761CA3B7:java.util.concurrent.CompletableFuture@3ddfa13a[Not completed]
2019-08-20 21:03:42,030 [grpc-default-executor-1] INFO  impl.RaftServerProxy (RaftServerProxy.java:addNew(89)) - e7e6e6c0-3e74-4894-8cf7-2a72b9d88373: addNew group-5E96761CA3B7:[0142f219-2010-4dd4-9b28-37dd1adb64f0:192.168.69.82:35370, 6d5416e4-8315-4b81-9662-120605ef18be:192.168.69.82:35939, e7e6e6c0-3e74-4894-8cf7-2a72b9d88373:192.168.69.82:32779] returns group-5E96761CA3B7:java.util.concurrent.CompletableFuture@5de98273[Not completed]
2019-08-20 21:03:42,030 [pool-49-thread-1] INFO  impl.RaftServerImpl (RaftServerImpl.java:<init>(93)) - 6d5416e4-8315-4b81-9662-120605ef18be: new RaftServerImpl for group-5E96761CA3B7:[0142f219-2010-4dd4-9b28-37dd1adb64f0:192.168.69.82:35370, 6d5416e4-8315-4b81-9662-120605ef18be:192.168.69.82:35939, e7e6e6c0-3e74-4894-8cf7-2a72b9d88373:192.168.69.82:32779] with ContainerStateMachine:uninitialized
2019-08-20 21:03:42,030 [pool-49-thread-1] INFO  server.RaftServerConfigKeys (ConfUtils.java:logGet(43)) - raft.server.rpc.timeout.min = 5s (custom)
2019-08-20 21:03:42,030 [pool-49-thread-1] INFO  server.RaftServerConfigKeys (ConfUtils.java:logGet(43)) - raft.server.rpc.timeout.max = 5200ms (custom)
2019-08-20 21:03:42,031 [pool-49-thread-1] INFO  server.RaftServerConfigKeys (ConfUtils.java:logGet(43)) - raft.server.rpcslowness.timeout = 120s (custom)
2019-08-20 21:03:42,031 [pool-49-thread-1] INFO  server.RaftServerConfigKeys (ConfUtils.java:logGet(43)) - raft.server.sleep.deviation.threshold = 300 (default)
2019-08-20 21:03:42,031 [pool-49-thread-1] INFO  server.RaftServerConfigKeys (ConfUtils.java:logGet(43)) - raft.server.log.appender.install.snapshot.enabled = false (custom)
2019-08-20 21:03:42,031 [pool-93-thread-1] INFO  impl.RaftServerImpl (RaftServerImpl.java:<init>(93)) - 0142f219-2010-4dd4-9b28-37dd1adb64f0: new RaftServerImpl for group-5E96761CA3B7:[0142f219-2010-4dd4-9b28-37dd1adb64f0:192.168.69.82:35370, 6d5416e4-8315-4b81-9662-120605ef18be:192.168.69.82:35939, e7e6e6c0-3e74-4894-8cf7-2a72b9d88373:192.168.69.82:32779] with ContainerStateMachine:uninitialized
2019-08-20 21:03:42,031 [pool-49-thread-1] INFO  impl.RaftServerImpl (ServerState.java:<init>(105)) - 6d5416e4-8315-4b81-9662-120605ef18be:group-5E96761CA3B7 ConfigurationManager, init=-1: [0142f219-2010-4dd4-9b28-37dd1adb64f0:192.168.69.82:35370, 6d5416e4-8315-4b81-9662-120605ef18be:192.168.69.82:35939, e7e6e6c0-3e74-4894-8cf7-2a72b9d88373:192.168.69.82:32779], old=null, confs=<EMPTY_MAP>
2019-08-20 21:03:42,031 [pool-93-thread-1] INFO  server.RaftServerConfigKeys (ConfUtils.java:logGet(43)) - raft.server.rpc.timeout.min = 5s (custom)
2019-08-20 21:03:42,032 [pool-49-thread-1] INFO  server.RaftServerConfigKeys (ConfUtils.java:logGet(43)) - raft.server.storage.dir = [/workdir/hadoop-ozone/integration-test/target/test-dir/MiniOzoneClusterImpl-8530c380-4d42-4c39-9dcb-f7b018a0b755/datanode-2/data/ratis] (custom)
2019-08-20 21:03:42,032 [pool-93-thread-1] INFO  server.RaftServerConfigKeys (ConfUtils.java:logGet(43)) - raft.server.rpc.timeout.max = 5200ms (custom)
2019-08-20 21:03:42,032 [pool-27-thread-1] INFO  impl.RaftServerImpl (RaftServerImpl.java:<init>(93)) - e7e6e6c0-3e74-4894-8cf7-2a72b9d88373: new RaftServerImpl for group-5E96761CA3B7:[0142f219-2010-4dd4-9b28-37dd1adb64f0:192.168.69.82:35370, 6d5416e4-8315-4b81-9662-120605ef18be:192.168.69.82:35939, e7e6e6c0-3e74-4894-8cf7-2a72b9d88373:192.168.69.82:32779] with ContainerStateMachine:uninitialized
2019-08-20 21:03:42,032 [pool-93-thread-1] INFO  server.RaftServerConfigKeys (ConfUtils.java:logGet(43)) - raft.server.rpcslowness.timeout = 120s (custom)
2019-08-20 21:03:42,032 [pool-49-thread-1] INFO  storage.RaftStorageDirectory (RaftStorageDirectory.java:analyzeStorage(246)) - The storage directory /workdir/hadoop-ozone/integration-test/target/test-dir/MiniOzoneClusterImpl-8530c380-4d42-4c39-9dcb-f7b018a0b755/datanode-2/data/ratis/f429fc03-d225-4a2e-bfe3-5e96761ca3b7 does not exist. Creating ...
2019-08-20 21:03:42,032 [pool-27-thread-1] INFO  server.RaftServerConfigKeys (ConfUtils.java:logGet(43)) - raft.server.rpc.timeout.min = 5s (custom)
2019-08-20 21:03:42,032 [pool-93-thread-1] INFO  server.RaftServerConfigKeys (ConfUtils.java:logGet(43)) - raft.server.sleep.deviation.threshold = 300 (default)
2019-08-20 21:03:42,032 [pool-27-thread-1] INFO  server.RaftServerConfigKeys (ConfUtils.java:logGet(43)) - raft.server.rpc.timeout.max = 5200ms (custom)
2019-08-20 21:03:42,032 [pool-93-thread-1] INFO  server.RaftServerConfigKeys (ConfUtils.java:logGet(43)) - raft.server.log.appender.install.snapshot.enabled = false (custom)
2019-08-20 21:03:42,033 [pool-27-thread-1] INFO  server.RaftServerConfigKeys (ConfUtils.java:logGet(43)) - raft.server.rpcslowness.timeout = 120s (custom)
2019-08-20 21:03:42,033 [pool-93-thread-1] INFO  impl.RaftServerImpl (ServerState.java:<init>(105)) - 0142f219-2010-4dd4-9b28-37dd1adb64f0:group-5E96761CA3B7 ConfigurationManager, init=-1: [0142f219-2010-4dd4-9b28-37dd1adb64f0:192.168.69.82:35370, 6d5416e4-8315-4b81-9662-120605ef18be:192.168.69.82:35939, e7e6e6c0-3e74-4894-8cf7-2a72b9d88373:192.168.69.82:32779], old=null, confs=<EMPTY_MAP>
2019-08-20 21:03:42,033 [pool-27-thread-1] INFO  server.RaftServerConfigKeys (ConfUtils.java:logGet(43)) - raft.server.sleep.deviation.threshold = 300 (default)
2019-08-20 21:03:42,033 [pool-93-thread-1] INFO  server.RaftServerConfigKeys (ConfUtils.java:logGet(43)) - raft.server.storage.dir = [/workdir/hadoop-ozone/integration-test/target/test-dir/MiniOzoneClusterImpl-8530c380-4d42-4c39-9dcb-f7b018a0b755/datanode-6/data/ratis] (custom)
2019-08-20 21:03:42,033 [pool-27-thread-1] INFO  server.RaftServerConfigKeys (ConfUtils.java:logGet(43)) - raft.server.log.appender.install.snapshot.enabled = false (custom)
2019-08-20 21:03:42,033 [pool-27-thread-1] INFO  impl.RaftServerImpl (ServerState.java:<init>(105)) - e7e6e6c0-3e74-4894-8cf7-2a72b9d88373:group-5E96761CA3B7 ConfigurationManager, init=-1: [0142f219-2010-4dd4-9b28-37dd1adb64f0:192.168.69.82:35370, 6d5416e4-8315-4b81-9662-120605ef18be:192.168.69.82:35939, e7e6e6c0-3e74-4894-8cf7-2a72b9d88373:192.168.69.82:32779], old=null, confs=<EMPTY_MAP>
2019-08-20 21:03:42,033 [pool-93-thread-1] INFO  storage.RaftStorageDirectory (RaftStorageDirectory.java:analyzeStorage(246)) - The storage directory /workdir/hadoop-ozone/integration-test/target/test-dir/MiniOzoneClusterImpl-8530c380-4d42-4c39-9dcb-f7b018a0b755/datanode-6/data/ratis/f429fc03-d225-4a2e-bfe3-5e96761ca3b7 does not exist. Creating ...
2019-08-20 21:03:42,033 [pool-27-thread-1] INFO  server.RaftServerConfigKeys (ConfUtils.java:logGet(43)) - raft.server.storage.dir = [/workdir/hadoop-ozone/integration-test/target/test-dir/MiniOzoneClusterImpl-8530c380-4d42-4c39-9dcb-f7b018a0b755/datanode-0/data/ratis] (custom)
2019-08-20 21:03:42,034 [pool-27-thread-1] INFO  storage.RaftStorageDirectory (RaftStorageDirectory.java:analyzeStorage(246)) - The storage directory /workdir/hadoop-ozone/integration-test/target/test-dir/MiniOzoneClusterImpl-8530c380-4d42-4c39-9dcb-f7b018a0b755/datanode-0/data/ratis/f429fc03-d225-4a2e-bfe3-5e96761ca3b7 does not exist. Creating ...
2019-08-20 21:03:42,040 [pool-93-thread-1] INFO  storage.RaftStorageDirectory (RaftStorageDirectory.java:tryLock(328)) - Lock on /workdir/hadoop-ozone/integration-test/target/test-dir/MiniOzoneClusterImpl-8530c380-4d42-4c39-9dcb-f7b018a0b755/datanode-6/data/ratis/f429fc03-d225-4a2e-bfe3-5e96761ca3b7/in_use.lock acquired by nodename 6257@pr-hdds-1973-8vfkv-3728417522
2019-08-20 21:03:42,040 [pool-49-thread-1] INFO  storage.RaftStorageDirectory (RaftStorageDirectory.java:tryLock(328)) - Lock on /workdir/hadoop-ozone/integration-test/target/test-dir/MiniOzoneClusterImpl-8530c380-4d42-4c39-9dcb-f7b018a0b755/datanode-2/data/ratis/f429fc03-d225-4a2e-bfe3-5e96761ca3b7/in_use.lock acquired by nodename 6257@pr-hdds-1973-8vfkv-3728417522
2019-08-20 21:03:42,040 [pool-27-thread-1] INFO  storage.RaftStorageDirectory (RaftStorageDirectory.java:tryLock(328)) - Lock on /workdir/hadoop-ozone/integration-test/target/test-dir/MiniOzoneClusterImpl-8530c380-4d42-4c39-9dcb-f7b018a0b755/datanode-0/data/ratis/f429fc03-d225-4a2e-bfe3-5e96761ca3b7/in_use.lock acquired by nodename 6257@pr-hdds-1973-8vfkv-3728417522
2019-08-20 21:03:42,044 [pool-27-thread-1] INFO  storage.RaftStorage (RaftStorage.java:format(72)) - Storage directory /workdir/hadoop-ozone/integration-test/target/test-dir/MiniOzoneClusterImpl-8530c380-4d42-4c39-9dcb-f7b018a0b755/datanode-0/data/ratis/f429fc03-d225-4a2e-bfe3-5e96761ca3b7 has been successfully formatted.
2019-08-20 21:03:42,045 [pool-49-thread-1] INFO  storage.RaftStorage (RaftStorage.java:format(72)) - Storage directory /workdir/hadoop-ozone/integration-test/target/test-dir/MiniOzoneClusterImpl-8530c380-4d42-4c39-9dcb-f7b018a0b755/datanode-2/data/ratis/f429fc03-d225-4a2e-bfe3-5e96761ca3b7 has been successfully formatted.
2019-08-20 21:03:42,045 [pool-27-thread-1] INFO  ratis.ContainerStateMachine (ContainerStateMachine.java:loadSnapshot(222)) - group-5E96761CA3B7: The snapshot info is null. Setting the last applied indexto:(t:0, i:~)
2019-08-20 21:03:42,044 [pool-93-thread-1] INFO  storage.RaftStorage (RaftStorage.java:format(72)) - Storage directory /workdir/hadoop-ozone/integration-test/target/test-dir/MiniOzoneClusterImpl-8530c380-4d42-4c39-9dcb-f7b018a0b755/datanode-6/data/ratis/f429fc03-d225-4a2e-bfe3-5e96761ca3b7 has been successfully formatted.
2019-08-20 21:03:42,045 [pool-27-thread-1] INFO  server.RaftServerConfigKeys (ConfUtils.java:logGet(43)) - raft.server.leader.election.timeout = 120s (custom)
2019-08-20 21:03:42,045 [pool-49-thread-1] INFO  ratis.ContainerStateMachine (ContainerStateMachine.java:loadSnapshot(222)) - group-5E96761CA3B7: The snapshot info is null. Setting the last applied indexto:(t:0, i:~)
2019-08-20 21:03:42,045 [pool-93-thread-1] INFO  ratis.ContainerStateMachine (ContainerStateMachine.java:loadSnapshot(222)) - group-5E96761CA3B7: The snapshot info is null. Setting the last applied indexto:(t:0, i:~)
2019-08-20 21:03:42,045 [pool-27-thread-1] INFO  server.RaftServerConfigKeys (ConfUtils.java:logGet(43)) - raft.server.log.use.memory = false (default)
2019-08-20 21:03:42,045 [pool-93-thread-1] INFO  server.RaftServerConfigKeys (ConfUtils.java:logGet(43)) - raft.server.leader.election.timeout = 120s (custom)
2019-08-20 21:03:42,045 [pool-49-thread-1] INFO  server.RaftServerConfigKeys (ConfUtils.java:logGet(43)) - raft.server.leader.election.timeout = 120s (custom)
2019-08-20 21:03:42,045 [pool-93-thread-1] INFO  server.RaftServerConfigKeys (ConfUtils.java:logGet(43)) - raft.server.log.use.memory = false (default)
2019-08-20 21:03:42,045 [pool-27-thread-1] INFO  server.RaftServerConfigKeys (ConfUtils.java:logGet(43)) - raft.server.log.purge.gap = 1000000 (custom)
2019-08-20 21:03:42,046 [pool-93-thread-1] INFO  server.RaftServerConfigKeys (ConfUtils.java:logGet(43)) - raft.server.log.purge.gap = 1000000 (custom)
2019-08-20 21:03:42,046 [pool-93-thread-1] INFO  server.RaftServerConfigKeys (ConfUtils.java:logGet(43)) - raft.server.log.appender.buffer.byte-limit = 33554432 (custom)
2019-08-20 21:03:42,046 [pool-49-thread-1] INFO  server.RaftServerConfigKeys (ConfUtils.java:logGet(43)) - raft.server.log.use.memory = false (default)
2019-08-20 21:03:42,046 [pool-93-thread-1] INFO  server.RaftServerConfigKeys (ConfUtils.java:logGet(43)) - raft.server.log.segment.size.max = 1048576 (custom)
2019-08-20 21:03:42,046 [pool-27-thread-1] INFO  server.RaftServerConfigKeys (ConfUtils.java:logGet(43)) - raft.server.log.appender.buffer.byte-limit = 33554432 (custom)
2019-08-20 21:03:42,046 [pool-93-thread-1] INFO  server.RaftServerConfigKeys (ConfUtils.java:logGet(43)) - raft.server.log.segment.cache.num.max = 2 (custom)
2019-08-20 21:03:42,046 [pool-49-thread-1] INFO  server.RaftServerConfigKeys (ConfUtils.java:logGet(43)) - raft.server.log.purge.gap = 1000000 (custom)
2019-08-20 21:03:42,046 [pool-93-thread-1] INFO  segmented.SegmentedRaftLogWorker (SegmentedRaftLogWorker.java:<init>(172)) - new 0142f219-2010-4dd4-9b28-37dd1adb64f0-SegmentedRaftLogWorker:Storage Directory /workdir/hadoop-ozone/integration-test/target/test-dir/MiniOzoneClusterImpl-8530c380-4d42-4c39-9dcb-f7b018a0b755/datanode-6/data/ratis/f429fc03-d225-4a2e-bfe3-5e96761ca3b7 for RaftStorage:Storage Directory /workdir/hadoop-ozone/integration-test/target/test-dir/MiniOzoneClusterImpl-8530c380-4d42-4c39-9dcb-f7b018a0b755/datanode-6/data/ratis/f429fc03-d225-4a2e-bfe3-5e96761ca3b7
2019-08-20 21:03:42,046 [pool-27-thread-1] INFO  server.RaftServerConfigKeys (ConfUtils.java:logGet(43)) - raft.server.log.segment.size.max = 1048576 (custom)
2019-08-20 21:03:42,047 [pool-93-thread-1] INFO  server.RaftServerConfigKeys (ConfUtils.java:logGet(43)) - raft.server.log.queue.byte-limit = 2147483647 (custom)
2019-08-20 21:03:42,046 [pool-49-thread-1] INFO  server.RaftServerConfigKeys (ConfUtils.java:logGet(43)) - raft.server.log.appender.buffer.byte-limit = 33554432 (custom)
2019-08-20 21:03:42,048 [pool-93-thread-1] INFO  server.RaftServerConfigKeys (ConfUtils.java:logGet(43)) - raft.server.log.queue.element-limit = 1024 (custom)
2019-08-20 21:03:42,047 [pool-27-thread-1] INFO  server.RaftServerConfigKeys (ConfUtils.java:logGet(43)) - raft.server.log.segment.cache.num.max = 2 (custom)
2019-08-20 21:03:42,048 [pool-93-thread-1] INFO  server.RaftServerConfigKeys (ConfUtils.java:logGet(43)) - raft.server.log.segment.size.max = 1048576 (custom)
2019-08-20 21:03:42,048 [pool-49-thread-1] INFO  server.RaftServerConfigKeys (ConfUtils.java:logGet(43)) - raft.server.log.segment.size.max = 1048576 (custom)
2019-08-20 21:03:42,048 [pool-93-thread-1] INFO  server.RaftServerConfigKeys (ConfUtils.java:logGet(43)) - raft.server.log.preallocated.size = 16384 (custom)
2019-08-20 21:03:42,048 [pool-27-thread-1] INFO  segmented.SegmentedRaftLogWorker (SegmentedRaftLogWorker.java:<init>(172)) - new e7e6e6c0-3e74-4894-8cf7-2a72b9d88373-SegmentedRaftLogWorker:Storage Directory /workdir/hadoop-ozone/integration-test/target/test-dir/MiniOzoneClusterImpl-8530c380-4d42-4c39-9dcb-f7b018a0b755/datanode-0/data/ratis/f429fc03-d225-4a2e-bfe3-5e96761ca3b7 for RaftStorage:Storage Directory /workdir/hadoop-ozone/integration-test/target/test-dir/MiniOzoneClusterImpl-8530c380-4d42-4c39-9dcb-f7b018a0b755/datanode-0/data/ratis/f429fc03-d225-4a2e-bfe3-5e96761ca3b7
2019-08-20 21:03:42,049 [pool-93-thread-1] INFO  server.RaftServerConfigKeys (ConfUtils.java:logGet(43)) - raft.server.log.write.buffer.size = 33554432 (custom)
2019-08-20 21:03:42,049 [pool-49-thread-1] INFO  server.RaftServerConfigKeys (ConfUtils.java:logGet(43)) - raft.server.log.segment.cache.num.max = 2 (custom)
2019-08-20 21:03:42,049 [pool-93-thread-1] INFO  server.RaftServerConfigKeys (ConfUtils.java:logGet(43)) - raft.server.log.force.sync.num = 128 (default)
2019-08-20 21:03:42,049 [pool-27-thread-1] INFO  server.RaftServerConfigKeys (ConfUtils.java:logGet(43)) - raft.server.log.queue.byte-limit = 2147483647 (custom)
2019-08-20 21:03:42,050 [pool-93-thread-1] INFO  server.RaftServerConfigKeys (ConfUtils.java:logGet(43)) - raft.server.log.statemachine.data.sync = true (default)
2019-08-20 21:03:42,050 [pool-49-thread-1] INFO  segmented.SegmentedRaftLogWorker (SegmentedRaftLogWorker.java:<init>(172)) - new 6d5416e4-8315-4b81-9662-120605ef18be-SegmentedRaftLogWorker:Storage Directory /workdir/hadoop-ozone/integration-test/target/test-dir/MiniOzoneClusterImpl-8530c380-4d42-4c39-9dcb-f7b018a0b755/datanode-2/data/ratis/f429fc03-d225-4a2e-bfe3-5e96761ca3b7 for RaftStorage:Storage Directory /workdir/hadoop-ozone/integration-test/target/test-dir/MiniOzoneClusterImpl-8530c380-4d42-4c39-9dcb-f7b018a0b755/datanode-2/data/ratis/f429fc03-d225-4a2e-bfe3-5e96761ca3b7
2019-08-20 21:03:42,050 [pool-93-thread-1] INFO  server.RaftServerConfigKeys (ConfUtils.java:logGet(43)) - raft.server.log.statemachine.data.sync.timeout = 10s (default)
2019-08-20 21:03:42,050 [pool-27-thread-1] INFO  server.RaftServerConfigKeys (ConfUtils.java:logGet(43)) - raft.server.log.queue.element-limit = 1024 (custom)
2019-08-20 21:03:42,051 [pool-93-thread-1] INFO  server.RaftServerConfigKeys (ConfUtils.java:logGet(43)) - raft.server.log.statemachine.data.sync.timeout.retry = -1 (default)
2019-08-20 21:03:42,050 [pool-49-thread-1] INFO  server.RaftServerConfigKeys (ConfUtils.java:logGet(43)) - raft.server.log.queue.byte-limit = 2147483647 (custom)
2019-08-20 21:03:42,052 [pool-93-thread-1] INFO  server.RaftServerConfigKeys (ConfUtils.java:logGet(43)) - raft.server.log.statemachine.data.caching.enabled = true (custom)
2019-08-20 21:03:42,052 [pool-27-thread-1] INFO  server.RaftServerConfigKeys (ConfUtils.java:logGet(43)) - raft.server.log.segment.size.max = 1048576 (custom)
2019-08-20 21:03:42,052 [pool-49-thread-1] INFO  server.RaftServerConfigKeys (ConfUtils.java:logGet(43)) - raft.server.log.queue.element-limit = 1024 (custom)
2019-08-20 21:03:42,053 [pool-27-thread-1] INFO  server.RaftServerConfigKeys (ConfUtils.java:logGet(43)) - raft.server.log.preallocated.size = 16384 (custom)
2019-08-20 21:03:42,053 [pool-49-thread-1] INFO  server.RaftServerConfigKeys (ConfUtils.java:logGet(43)) - raft.server.log.segment.size.max = 1048576 (custom)
2019-08-20 21:03:42,053 [pool-27-thread-1] INFO  server.RaftServerConfigKeys (ConfUtils.java:logGet(43)) - raft.server.log.write.buffer.size = 33554432 (custom)
2019-08-20 21:03:42,053 [pool-49-thread-1] INFO  server.RaftServerConfigKeys (ConfUtils.java:logGet(43)) - raft.server.log.preallocated.size = 16384 (custom)
2019-08-20 21:03:42,053 [pool-27-thread-1] INFO  server.RaftServerConfigKeys (ConfUtils.java:logGet(43)) - raft.server.log.force.sync.num = 128 (default)
2019-08-20 21:03:42,053 [pool-49-thread-1] INFO  server.RaftServerConfigKeys (ConfUtils.java:logGet(43)) - raft.server.log.write.buffer.size = 33554432 (custom)
2019-08-20 21:03:42,053 [pool-27-thread-1] INFO  server.RaftServerConfigKeys (ConfUtils.java:logGet(43)) - raft.server.log.statemachine.data.sync = true (default)
2019-08-20 21:03:42,053 [pool-49-thread-1] INFO  server.RaftServerConfigKeys (ConfUtils.java:logGet(43)) - raft.server.log.force.sync.num = 128 (default)
2019-08-20 21:03:42,054 [pool-27-thread-1] INFO  server.RaftServerConfigKeys (ConfUtils.java:logGet(43)) - raft.server.log.statemachine.data.sync.timeout = 10s (default)
2019-08-20 21:03:42,054 [pool-49-thread-1] INFO  server.RaftServerConfigKeys (ConfUtils.java:logGet(43)) - raft.server.log.statemachine.data.sync = true (default)
2019-08-20 21:03:42,054 [pool-27-thread-1] INFO  server.RaftServerConfigKeys (ConfUtils.java:logGet(43)) - raft.server.log.statemachine.data.sync.timeout.retry = -1 (default)
2019-08-20 21:03:42,054 [pool-49-thread-1] INFO  server.RaftServerConfigKeys (ConfUtils.java:logGet(43)) - raft.server.log.statemachine.data.sync.timeout = 10s (default)
2019-08-20 21:03:42,054 [pool-27-thread-1] INFO  server.RaftServerConfigKeys (ConfUtils.java:logGet(43)) - raft.server.log.statemachine.data.caching.enabled = true (custom)
2019-08-20 21:03:42,054 [pool-49-thread-1] INFO  server.RaftServerConfigKeys (ConfUtils.java:logGet(43)) - raft.server.log.statemachine.data.sync.timeout.retry = -1 (default)
2019-08-20 21:03:42,054 [pool-49-thread-1] INFO  server.RaftServerConfigKeys (ConfUtils.java:logGet(43)) - raft.server.log.statemachine.data.caching.enabled = true (custom)
2019-08-20 21:03:42,058 [pool-93-thread-1] INFO  segmented.SegmentedRaftLogWorker (SegmentedRaftLogWorker.java:lambda$new$0(132)) - 0142f219-2010-4dd4-9b28-37dd1adb64f0-SegmentedRaftLogWorker:Storage Directory /workdir/hadoop-ozone/integration-test/target/test-dir/MiniOzoneClusterImpl-8530c380-4d42-4c39-9dcb-f7b018a0b755/datanode-6/data/ratis/f429fc03-d225-4a2e-bfe3-5e96761ca3b7: flushIndex: setUnconditionally 0 -> -1
2019-08-20 21:03:42,058 [pool-49-thread-1] INFO  segmented.SegmentedRaftLogWorker (SegmentedRaftLogWorker.java:lambda$new$0(132)) - 6d5416e4-8315-4b81-9662-120605ef18be-SegmentedRaftLogWorker:Storage Directory /workdir/hadoop-ozone/integration-test/target/test-dir/MiniOzoneClusterImpl-8530c380-4d42-4c39-9dcb-f7b018a0b755/datanode-2/data/ratis/f429fc03-d225-4a2e-bfe3-5e96761ca3b7: flushIndex: setUnconditionally 0 -> -1
2019-08-20 21:03:42,058 [pool-27-thread-1] INFO  segmented.SegmentedRaftLogWorker (SegmentedRaftLogWorker.java:lambda$new$0(132)) - e7e6e6c0-3e74-4894-8cf7-2a72b9d88373-SegmentedRaftLogWorker:Storage Directory /workdir/hadoop-ozone/integration-test/target/test-dir/MiniOzoneClusterImpl-8530c380-4d42-4c39-9dcb-f7b018a0b755/datanode-0/data/ratis/f429fc03-d225-4a2e-bfe3-5e96761ca3b7: flushIndex: setUnconditionally 0 -> -1
2019-08-20 21:03:42,058 [pool-93-thread-1] INFO  server.RaftServerConfigKeys (ConfUtils.java:logGet(43)) - raft.server.snapshot.auto.trigger.enabled = true (custom)
2019-08-20 21:03:42,062 [pool-27-thread-1] INFO  server.RaftServerConfigKeys (ConfUtils.java:logGet(43)) - raft.server.snapshot.auto.trigger.enabled = true (custom)
2019-08-20 21:03:42,061 [pool-49-thread-1] INFO  server.RaftServerConfigKeys (ConfUtils.java:logGet(43)) - raft.server.snapshot.auto.trigger.enabled = true (custom)
2019-08-20 21:03:42,062 [pool-27-thread-1] INFO  server.RaftServerConfigKeys (ConfUtils.java:logGet(43)) - raft.server.snapshot.auto.trigger.threshold = 10000 (custom)
2019-08-20 21:03:42,062 [pool-93-thread-1] INFO  server.RaftServerConfigKeys (ConfUtils.java:logGet(43)) - raft.server.snapshot.auto.trigger.threshold = 10000 (custom)
2019-08-20 21:03:42,062 [pool-27-thread-1] INFO  server.RaftServerConfigKeys (ConfUtils.java:logGet(43)) - raft.server.retrycache.expirytime = 600000ms (custom)
2019-08-20 21:03:42,062 [pool-93-thread-1] INFO  server.RaftServerConfigKeys (ConfUtils.java:logGet(43)) - raft.server.retrycache.expirytime = 600000ms (custom)
2019-08-20 21:03:42,062 [pool-49-thread-1] INFO  server.RaftServerConfigKeys (ConfUtils.java:logGet(43)) - raft.server.snapshot.auto.trigger.threshold = 10000 (custom)
2019-08-20 21:03:42,062 [pool-93-thread-1] INFO  impl.RaftServerImpl (RaftServerImpl.java:start(180)) - 0142f219-2010-4dd4-9b28-37dd1adb64f0: start group-5E96761CA3B7
2019-08-20 21:03:42,062 [pool-27-thread-1] INFO  impl.RaftServerImpl (RaftServerImpl.java:start(180)) - e7e6e6c0-3e74-4894-8cf7-2a72b9d88373: start group-5E96761CA3B7
2019-08-20 21:03:42,063 [pool-93-thread-1] INFO  impl.RaftServerImpl (RaftServerImpl.java:setRole(171)) - 0142f219-2010-4dd4-9b28-37dd1adb64f0:group-5E96761CA3B7 changes role from null to FOLLOWER at term 0 for startAsFollower
2019-08-20 21:03:42,063 [pool-49-thread-1] INFO  server.RaftServerConfigKeys (ConfUtils.java:logGet(43)) - raft.server.retrycache.expirytime = 600000ms (custom)
2019-08-20 21:03:42,063 [pool-93-thread-1] INFO  impl.RoleInfo (RoleInfo.java:updateAndGet(143)) - 0142f219-2010-4dd4-9b28-37dd1adb64f0: start FollowerState
2019-08-20 21:03:42,063 [pool-27-thread-1] INFO  impl.RaftServerImpl (RaftServerImpl.java:setRole(171)) - e7e6e6c0-3e74-4894-8cf7-2a72b9d88373:group-5E96761CA3B7 changes role from null to FOLLOWER at term 0 for startAsFollower
2019-08-20 21:03:42,063 [pool-49-thread-1] INFO  impl.RaftServerImpl (RaftServerImpl.java:start(180)) - 6d5416e4-8315-4b81-9662-120605ef18be: start group-5E96761CA3B7
2019-08-20 21:03:42,063 [pool-27-thread-1] INFO  impl.RoleInfo (RoleInfo.java:updateAndGet(143)) - e7e6e6c0-3e74-4894-8cf7-2a72b9d88373: start FollowerState
2019-08-20 21:03:42,063 [pool-49-thread-1] INFO  impl.RaftServerImpl (RaftServerImpl.java:setRole(171)) - 6d5416e4-8315-4b81-9662-120605ef18be:group-5E96761CA3B7 changes role from null to FOLLOWER at term 0 for startAsFollower
2019-08-20 21:03:42,063 [pool-93-thread-1] INFO  util.JmxRegister (JmxRegister.java:tryRegister(44)) - Successfully registered JMX Bean with object name Ratis:service=RaftServer,group=group-5E96761CA3B7,id=0142f219-2010-4dd4-9b28-37dd1adb64f0
2019-08-20 21:03:42,063 [pool-49-thread-1] INFO  impl.RoleInfo (RoleInfo.java:updateAndGet(143)) - 6d5416e4-8315-4b81-9662-120605ef18be: start FollowerState
2019-08-20 21:03:42,063 [pool-27-thread-1] INFO  util.JmxRegister (JmxRegister.java:tryRegister(44)) - Successfully registered JMX Bean with object name Ratis:service=RaftServer,group=group-5E96761CA3B7,id=e7e6e6c0-3e74-4894-8cf7-2a72b9d88373
2019-08-20 21:03:42,064 [pool-49-thread-1] INFO  util.JmxRegister (JmxRegister.java:tryRegister(44)) - Successfully registered JMX Bean with object name Ratis:service=RaftServer,group=group-5E96761CA3B7,id=6d5416e4-8315-4b81-9662-120605ef18be
2019-08-20 21:03:42,086 [RatisPipelineUtilsThread] INFO  pipeline.PipelineStateManager (PipelineStateManager.java:addPipeline(56)) - Created pipeline Pipeline[ Id: f429fc03-d225-4a2e-bfe3-5e96761ca3b7, Nodes: 6d5416e4-8315-4b81-9662-120605ef18be{ip: 192.168.69.82, host: pr-hdds-1973-8vfkv-3728417522, networkLocation: /default-rack, certSerialId: null}0142f219-2010-4dd4-9b28-37dd1adb64f0{ip: 192.168.69.82, host: pr-hdds-1973-8vfkv-3728417522, networkLocation: /default-rack, certSerialId: null}e7e6e6c0-3e74-4894-8cf7-2a72b9d88373{ip: 192.168.69.82, host: pr-hdds-1973-8vfkv-3728417522, networkLocation: /default-rack, certSerialId: null}, Type:RATIS, Factor:THREE, State:OPEN]
2019-08-20 21:03:42,117 [grpc-default-executor-2] INFO  impl.RaftServerProxy (RaftServerProxy.java:addNew(89)) - 20f4c63a-f727-4ecb-b331-ca75036dc5d5: addNew group-3A916E625470:[73795144-c5ba-4a5b-b31f-2a1de4fbd7cf:192.168.69.82:41203, 6d7420a7-bf02-42d2-9563-60ec8301a9c5:192.168.69.82:45270, 20f4c63a-f727-4ecb-b331-ca75036dc5d5:192.168.69.82:37888] returns group-3A916E625470:java.util.concurrent.CompletableFuture@7121c82e[Not completed]
2019-08-20 21:03:42,117 [grpc-default-executor-0] INFO  impl.RaftServerProxy (RaftServerProxy.java:addNew(89)) - 6d7420a7-bf02-42d2-9563-60ec8301a9c5: addNew group-3A916E625470:[73795144-c5ba-4a5b-b31f-2a1de4fbd7cf:192.168.69.82:41203, 6d7420a7-bf02-42d2-9563-60ec8301a9c5:192.168.69.82:45270, 20f4c63a-f727-4ecb-b331-ca75036dc5d5:192.168.69.82:37888] returns group-3A916E625470:java.util.concurrent.CompletableFuture@67381b9f[Not completed]
2019-08-20 21:03:42,117 [grpc-default-executor-1] INFO  impl.RaftServerProxy (RaftServerProxy.java:addNew(89)) - 73795144-c5ba-4a5b-b31f-2a1de4fbd7cf: addNew group-3A916E625470:[73795144-c5ba-4a5b-b31f-2a1de4fbd7cf:192.168.69.82:41203, 6d7420a7-bf02-42d2-9563-60ec8301a9c5:192.168.69.82:45270, 20f4c63a-f727-4ecb-b331-ca75036dc5d5:192.168.69.82:37888] returns group-3A916E625470:java.util.concurrent.CompletableFuture@6cfe591a[Not completed]
2019-08-20 21:03:42,120 [pool-71-thread-1] INFO  impl.RaftServerImpl (RaftServerImpl.java:<init>(93)) - 20f4c63a-f727-4ecb-b331-ca75036dc5d5: new RaftServerImpl for group-3A916E625470:[73795144-c5ba-4a5b-b31f-2a1de4fbd7cf:192.168.69.82:41203, 6d7420a7-bf02-42d2-9563-60ec8301a9c5:192.168.69.82:45270, 20f4c63a-f727-4ecb-b331-ca75036dc5d5:192.168.69.82:37888] with ContainerStateMachine:uninitialized
2019-08-20 21:03:42,120 [pool-71-thread-1] INFO  server.RaftServerConfigKeys (ConfUtils.java:logGet(43)) - raft.server.rpc.timeout.min = 5s (custom)
2019-08-20 21:03:42,121 [pool-71-thread-1] INFO  server.RaftServerConfigKeys (ConfUtils.java:logGet(43)) - raft.server.rpc.timeout.max = 5200ms (custom)
2019-08-20 21:03:42,121 [pool-71-thread-1] INFO  server.RaftServerConfigKeys (ConfUtils.java:logGet(43)) - raft.server.rpcslowness.timeout = 120s (custom)
2019-08-20 21:03:42,121 [pool-71-thread-1] INFO  server.RaftServerConfigKeys (ConfUtils.java:logGet(43)) - raft.server.sleep.deviation.threshold = 300 (default)
2019-08-20 21:03:42,121 [pool-71-thread-1] INFO  server.RaftServerConfigKeys (ConfUtils.java:logGet(43)) - raft.server.log.appender.install.snapshot.enabled = false (custom)
2019-08-20 21:03:42,121 [pool-60-thread-1] INFO  impl.RaftServerImpl (RaftServerImpl.java:<init>(93)) - 6d7420a7-bf02-42d2-9563-60ec8301a9c5: new RaftServerImpl for group-3A916E625470:[73795144-c5ba-4a5b-b31f-2a1de4fbd7cf:192.168.69.82:41203, 6d7420a7-bf02-42d2-9563-60ec8301a9c5:192.168.69.82:45270, 20f4c63a-f727-4ecb-b331-ca75036dc5d5:192.168.69.82:37888] with ContainerStateMachine:uninitialized
2019-08-20 21:03:42,121 [pool-71-thread-1] INFO  impl.RaftServerImpl (ServerState.java:<init>(105)) - 20f4c63a-f727-4ecb-b331-ca75036dc5d5:group-3A916E625470 ConfigurationManager, init=-1: [73795144-c5ba-4a5b-b31f-2a1de4fbd7cf:192.168.69.82:41203, 6d7420a7-bf02-42d2-9563-60ec8301a9c5:192.168.69.82:45270, 20f4c63a-f727-4ecb-b331-ca75036dc5d5:192.168.69.82:37888], old=null, confs=<EMPTY_MAP>
2019-08-20 21:03:42,121 [pool-60-thread-1] INFO  server.RaftServerConfigKeys (ConfUtils.java:logGet(43)) - raft.server.rpc.timeout.min = 5s (custom)
2019-08-20 21:03:42,122 [pool-71-thread-1] INFO  server.RaftServerConfigKeys (ConfUtils.java:logGet(43)) - raft.server.storage.dir = [/workdir/hadoop-ozone/integration-test/target/test-dir/MiniOzoneClusterImpl-8530c380-4d42-4c39-9dcb-f7b018a0b755/datanode-4/data/ratis] (custom)
2019-08-20 21:03:42,122 [pool-60-thread-1] INFO  server.RaftServerConfigKeys (ConfUtils.java:logGet(43)) - raft.server.rpc.timeout.max = 5200ms (custom)
2019-08-20 21:03:42,122 [pool-38-thread-1] INFO  impl.RaftServerImpl (RaftServerImpl.java:<init>(93)) - 73795144-c5ba-4a5b-b31f-2a1de4fbd7cf: new RaftServerImpl for group-3A916E625470:[73795144-c5ba-4a5b-b31f-2a1de4fbd7cf:192.168.69.82:41203, 6d7420a7-bf02-42d2-9563-60ec8301a9c5:192.168.69.82:45270, 20f4c63a-f727-4ecb-b331-ca75036dc5d5:192.168.69.82:37888] with ContainerStateMachine:uninitialized
2019-08-20 21:03:42,122 [pool-60-thread-1] INFO  server.RaftServerConfigKeys (ConfUtils.java:logGet(43)) - raft.server.rpcslowness.timeout = 120s (custom)
2019-08-20 21:03:42,122 [pool-71-thread-1] INFO  storage.RaftStorageDirectory (RaftStorageDirectory.java:analyzeStorage(246)) - The storage directory /workdir/hadoop-ozone/integration-test/target/test-dir/MiniOzoneClusterImpl-8530c380-4d42-4c39-9dcb-f7b018a0b755/datanode-4/data/ratis/479780eb-9f7a-4f75-a296-3a916e625470 does not exist. Creating ...
2019-08-20 21:03:42,122 [pool-38-thread-1] INFO  server.RaftServerConfigKeys (ConfUtils.java:logGet(43)) - raft.server.rpc.timeout.min = 5s (custom)
2019-08-20 21:03:42,122 [pool-60-thread-1] INFO  server.RaftServerConfigKeys (ConfUtils.java:logGet(43)) - raft.server.sleep.deviation.threshold = 300 (default)
2019-08-20 21:03:42,122 [pool-38-thread-1] INFO  server.RaftServerConfigKeys (ConfUtils.java:logGet(43)) - raft.server.rpc.timeout.max = 5200ms (custom)
2019-08-20 21:03:42,123 [pool-60-thread-1] INFO  server.RaftServerConfigKeys (ConfUtils.java:logGet(43)) - raft.server.log.appender.install.snapshot.enabled = false (custom)
2019-08-20 21:03:42,123 [pool-38-thread-1] INFO  server.RaftServerConfigKeys (ConfUtils.java:logGet(43)) - raft.server.rpcslowness.timeout = 120s (custom)
2019-08-20 21:03:42,123 [pool-60-thread-1] INFO  impl.RaftServerImpl (ServerState.java:<init>(105)) - 6d7420a7-bf02-42d2-9563-60ec8301a9c5:group-3A916E625470 ConfigurationManager, init=-1: [73795144-c5ba-4a5b-b31f-2a1de4fbd7cf:192.168.69.82:41203, 6d7420a7-bf02-42d2-9563-60ec8301a9c5:192.168.69.82:45270, 20f4c63a-f727-4ecb-b331-ca75036dc5d5:192.168.69.82:37888], old=null, confs=<EMPTY_MAP>
2019-08-20 21:03:42,123 [pool-38-thread-1] INFO  server.RaftServerConfigKeys (ConfUtils.java:logGet(43)) - raft.server.sleep.deviation.threshold = 300 (default)
2019-08-20 21:03:42,123 [pool-38-thread-1] INFO  server.RaftServerConfigKeys (ConfUtils.java:logGet(43)) - raft.server.log.appender.install.snapshot.enabled = false (custom)
2019-08-20 21:03:42,123 [pool-60-thread-1] INFO  server.RaftServerConfigKeys (ConfUtils.java:logGet(43)) - raft.server.storage.dir = [/workdir/hadoop-ozone/integration-test/target/test-dir/MiniOzoneClusterImpl-8530c380-4d42-4c39-9dcb-f7b018a0b755/datanode-3/data/ratis] (custom)
2019-08-20 21:03:42,123 [pool-38-thread-1] INFO  impl.RaftServerImpl (ServerState.java:<init>(105)) - 73795144-c5ba-4a5b-b31f-2a1de4fbd7cf:group-3A916E625470 ConfigurationManager, init=-1: [73795144-c5ba-4a5b-b31f-2a1de4fbd7cf:192.168.69.82:41203, 6d7420a7-bf02-42d2-9563-60ec8301a9c5:192.168.69.82:45270, 20f4c63a-f727-4ecb-b331-ca75036dc5d5:192.168.69.82:37888], old=null, confs=<EMPTY_MAP>
2019-08-20 21:03:42,123 [pool-38-thread-1] INFO  server.RaftServerConfigKeys (ConfUtils.java:logGet(43)) - raft.server.storage.dir = [/workdir/hadoop-ozone/integration-test/target/test-dir/MiniOzoneClusterImpl-8530c380-4d42-4c39-9dcb-f7b018a0b755/datanode-1/data/ratis] (custom)
2019-08-20 21:03:42,124 [pool-60-thread-1] INFO  storage.RaftStorageDirectory (RaftStorageDirectory.java:analyzeStorage(246)) - The storage directory /workdir/hadoop-ozone/integration-test/target/test-dir/MiniOzoneClusterImpl-8530c380-4d42-4c39-9dcb-f7b018a0b755/datanode-3/data/ratis/479780eb-9f7a-4f75-a296-3a916e625470 does not exist. Creating ...
2019-08-20 21:03:42,124 [pool-38-thread-1] INFO  storage.RaftStorageDirectory (RaftStorageDirectory.java:analyzeStorage(246)) - The storage directory /workdir/hadoop-ozone/integration-test/target/test-dir/MiniOzoneClusterImpl-8530c380-4d42-4c39-9dcb-f7b018a0b755/datanode-1/data/ratis/479780eb-9f7a-4f75-a296-3a916e625470 does not exist. Creating ...
2019-08-20 21:03:42,137 [pool-60-thread-1] INFO  storage.RaftStorageDirectory (RaftStorageDirectory.java:tryLock(328)) - Lock on /workdir/hadoop-ozone/integration-test/target/test-dir/MiniOzoneClusterImpl-8530c380-4d42-4c39-9dcb-f7b018a0b755/datanode-3/data/ratis/479780eb-9f7a-4f75-a296-3a916e625470/in_use.lock acquired by nodename 6257@pr-hdds-1973-8vfkv-3728417522
2019-08-20 21:03:42,137 [pool-71-thread-1] INFO  storage.RaftStorageDirectory (RaftStorageDirectory.java:tryLock(328)) - Lock on /workdir/hadoop-ozone/integration-test/target/test-dir/MiniOzoneClusterImpl-8530c380-4d42-4c39-9dcb-f7b018a0b755/datanode-4/data/ratis/479780eb-9f7a-4f75-a296-3a916e625470/in_use.lock acquired by nodename 6257@pr-hdds-1973-8vfkv-3728417522
2019-08-20 21:03:42,137 [pool-38-thread-1] INFO  storage.RaftStorageDirectory (RaftStorageDirectory.java:tryLock(328)) - Lock on /workdir/hadoop-ozone/integration-test/target/test-dir/MiniOzoneClusterImpl-8530c380-4d42-4c39-9dcb-f7b018a0b755/datanode-1/data/ratis/479780eb-9f7a-4f75-a296-3a916e625470/in_use.lock acquired by nodename 6257@pr-hdds-1973-8vfkv-3728417522
2019-08-20 21:03:42,152 [pool-71-thread-1] INFO  storage.RaftStorage (RaftStorage.java:format(72)) - Storage directory /workdir/hadoop-ozone/integration-test/target/test-dir/MiniOzoneClusterImpl-8530c380-4d42-4c39-9dcb-f7b018a0b755/datanode-4/data/ratis/479780eb-9f7a-4f75-a296-3a916e625470 has been successfully formatted.
2019-08-20 21:03:42,152 [pool-60-thread-1] INFO  storage.RaftStorage (RaftStorage.java:format(72)) - Storage directory /workdir/hadoop-ozone/integration-test/target/test-dir/MiniOzoneClusterImpl-8530c380-4d42-4c39-9dcb-f7b018a0b755/datanode-3/data/ratis/479780eb-9f7a-4f75-a296-3a916e625470 has been successfully formatted.
2019-08-20 21:03:42,152 [pool-38-thread-1] INFO  storage.RaftStorage (RaftStorage.java:format(72)) - Storage directory /workdir/hadoop-ozone/integration-test/target/test-dir/MiniOzoneClusterImpl-8530c380-4d42-4c39-9dcb-f7b018a0b755/datanode-1/data/ratis/479780eb-9f7a-4f75-a296-3a916e625470 has been successfully formatted.
2019-08-20 21:03:42,152 [pool-71-thread-1] INFO  ratis.ContainerStateMachine (ContainerStateMachine.java:loadSnapshot(222)) - group-3A916E625470: The snapshot info is null. Setting the last applied indexto:(t:0, i:~)
2019-08-20 21:03:42,152 [pool-38-thread-1] INFO  ratis.ContainerStateMachine (ContainerStateMachine.java:loadSnapshot(222)) - group-3A916E625470: The snapshot info is null. Setting the last applied indexto:(t:0, i:~)
2019-08-20 21:03:42,152 [pool-60-thread-1] INFO  ratis.ContainerStateMachine (ContainerStateMachine.java:loadSnapshot(222)) - group-3A916E625470: The snapshot info is null. Setting the last applied indexto:(t:0, i:~)
2019-08-20 21:03:42,152 [pool-38-thread-1] INFO  server.RaftServerConfigKeys (ConfUtils.java:logGet(43)) - raft.server.leader.election.timeout = 120s (custom)
2019-08-20 21:03:42,152 [pool-71-thread-1] INFO  server.RaftServerConfigKeys (ConfUtils.java:logGet(43)) - raft.server.leader.election.timeout = 120s (custom)
2019-08-20 21:03:42,152 [pool-38-thread-1] INFO  server.RaftServerConfigKeys (ConfUtils.java:logGet(43)) - raft.server.log.use.memory = false (default)
2019-08-20 21:03:42,152 [pool-60-thread-1] INFO  server.RaftServerConfigKeys (ConfUtils.java:logGet(43)) - raft.server.leader.election.timeout = 120s (custom)
2019-08-20 21:03:42,153 [pool-38-thread-1] INFO  server.RaftServerConfigKeys (ConfUtils.java:logGet(43)) - raft.server.log.purge.gap = 1000000 (custom)
2019-08-20 21:03:42,153 [pool-71-thread-1] INFO  server.RaftServerConfigKeys (ConfUtils.java:logGet(43)) - raft.server.log.use.memory = false (default)
2019-08-20 21:03:42,153 [pool-38-thread-1] INFO  server.RaftServerConfigKeys (ConfUtils.java:logGet(43)) - raft.server.log.appender.buffer.byte-limit = 33554432 (custom)
2019-08-20 21:03:42,153 [pool-60-thread-1] INFO  server.RaftServerConfigKeys (ConfUtils.java:logGet(43)) - raft.server.log.use.memory = false (default)
2019-08-20 21:03:42,153 [pool-38-thread-1] INFO  server.RaftServerConfigKeys (ConfUtils.java:logGet(43)) - raft.server.log.segment.size.max = 1048576 (custom)
2019-08-20 21:03:42,153 [pool-71-thread-1] INFO  server.RaftServerConfigKeys (ConfUtils.java:logGet(43)) - raft.server.log.purge.gap = 1000000 (custom)
2019-08-20 21:03:42,153 [pool-38-thread-1] INFO  server.RaftServerConfigKeys (ConfUtils.java:logGet(43)) - raft.server.log.segment.cache.num.max = 2 (custom)
2019-08-20 21:03:42,153 [pool-60-thread-1] INFO  server.RaftServerConfigKeys (ConfUtils.java:logGet(43)) - raft.server.log.purge.gap = 1000000 (custom)
2019-08-20 21:03:42,153 [pool-38-thread-1] INFO  segmented.SegmentedRaftLogWorker (SegmentedRaftLogWorker.java:<init>(172)) - new 73795144-c5ba-4a5b-b31f-2a1de4fbd7cf-SegmentedRaftLogWorker:Storage Directory /workdir/hadoop-ozone/integration-test/target/test-dir/MiniOzoneClusterImpl-8530c380-4d42-4c39-9dcb-f7b018a0b755/datanode-1/data/ratis/479780eb-9f7a-4f75-a296-3a916e625470 for RaftStorage:Storage Directory /workdir/hadoop-ozone/integration-test/target/test-dir/MiniOzoneClusterImpl-8530c380-4d42-4c39-9dcb-f7b018a0b755/datanode-1/data/ratis/479780eb-9f7a-4f75-a296-3a916e625470
2019-08-20 21:03:42,153 [pool-71-thread-1] INFO  server.RaftServerConfigKeys (ConfUtils.java:logGet(43)) - raft.server.log.appender.buffer.byte-limit = 33554432 (custom)
2019-08-20 21:03:42,154 [pool-38-thread-1] INFO  server.RaftServerConfigKeys (ConfUtils.java:logGet(43)) - raft.server.log.queue.byte-limit = 2147483647 (custom)
2019-08-20 21:03:42,153 [pool-60-thread-1] INFO  server.RaftServerConfigKeys (ConfUtils.java:logGet(43)) - raft.server.log.appender.buffer.byte-limit = 33554432 (custom)
2019-08-20 21:03:42,155 [pool-38-thread-1] INFO  server.RaftServerConfigKeys (ConfUtils.java:logGet(43)) - raft.server.log.queue.element-limit = 1024 (custom)
2019-08-20 21:03:42,154 [pool-71-thread-1] INFO  server.RaftServerConfigKeys (ConfUtils.java:logGet(43)) - raft.server.log.segment.size.max = 1048576 (custom)
2019-08-20 21:03:42,156 [pool-38-thread-1] INFO  server.RaftServerConfigKeys (ConfUtils.java:logGet(43)) - raft.server.log.segment.size.max = 1048576 (custom)
2019-08-20 21:03:42,156 [pool-60-thread-1] INFO  server.RaftServerConfigKeys (ConfUtils.java:logGet(43)) - raft.server.log.segment.size.max = 1048576 (custom)
2019-08-20 21:03:42,156 [pool-38-thread-1] INFO  server.RaftServerConfigKeys (ConfUtils.java:logGet(43)) - raft.server.log.preallocated.size = 16384 (custom)
2019-08-20 21:03:42,156 [pool-71-thread-1] INFO  server.RaftServerConfigKeys (ConfUtils.java:logGet(43)) - raft.server.log.segment.cache.num.max = 2 (custom)
2019-08-20 21:03:42,156 [pool-38-thread-1] INFO  server.RaftServerConfigKeys (ConfUtils.java:logGet(43)) - raft.server.log.write.buffer.size = 33554432 (custom)
2019-08-20 21:03:42,156 [pool-60-thread-1] INFO  server.RaftServerConfigKeys (ConfUtils.java:logGet(43)) - raft.server.log.segment.cache.num.max = 2 (custom)
2019-08-20 21:03:42,156 [pool-38-thread-1] INFO  server.RaftServerConfigKeys (ConfUtils.java:logGet(43)) - raft.server.log.force.sync.num = 128 (default)
2019-08-20 21:03:42,156 [pool-71-thread-1] INFO  segmented.SegmentedRaftLogWorker (SegmentedRaftLogWorker.java:<init>(172)) - new 20f4c63a-f727-4ecb-b331-ca75036dc5d5-SegmentedRaftLogWorker:Storage Directory /workdir/hadoop-ozone/integration-test/target/test-dir/MiniOzoneClusterImpl-8530c380-4d42-4c39-9dcb-f7b018a0b755/datanode-4/data/ratis/479780eb-9f7a-4f75-a296-3a916e625470 for RaftStorage:Storage Directory /workdir/hadoop-ozone/integration-test/target/test-dir/MiniOzoneClusterImpl-8530c380-4d42-4c39-9dcb-f7b018a0b755/datanode-4/data/ratis/479780eb-9f7a-4f75-a296-3a916e625470
2019-08-20 21:03:42,156 [pool-38-thread-1] INFO  server.RaftServerConfigKeys (ConfUtils.java:logGet(43)) - raft.server.log.statemachine.data.sync = true (default)
2019-08-20 21:03:42,156 [pool-60-thread-1] INFO  segmented.SegmentedRaftLogWorker (SegmentedRaftLogWorker.java:<init>(172)) - new 6d7420a7-bf02-42d2-9563-60ec8301a9c5-SegmentedRaftLogWorker:Storage Directory /workdir/hadoop-ozone/integration-test/target/test-dir/MiniOzoneClusterImpl-8530c380-4d42-4c39-9dcb-f7b018a0b755/datanode-3/data/ratis/479780eb-9f7a-4f75-a296-3a916e625470 for RaftStorage:Storage Directory /workdir/hadoop-ozone/integration-test/target/test-dir/MiniOzoneClusterImpl-8530c380-4d42-4c39-9dcb-f7b018a0b755/datanode-3/data/ratis/479780eb-9f7a-4f75-a296-3a916e625470
2019-08-20 21:03:42,158 [pool-38-thread-1] INFO  server.RaftServerConfigKeys (ConfUtils.java:logGet(43)) - raft.server.log.statemachine.data.sync.timeout = 10s (default)
2019-08-20 21:03:42,156 [pool-71-thread-1] INFO  server.RaftServerConfigKeys (ConfUtils.java:logGet(43)) - raft.server.log.queue.byte-limit = 2147483647 (custom)
2019-08-20 21:03:42,158 [pool-38-thread-1] INFO  server.RaftServerConfigKeys (ConfUtils.java:logGet(43)) - raft.server.log.statemachine.data.sync.timeout.retry = -1 (default)
2019-08-20 21:03:42,158 [pool-60-thread-1] INFO  server.RaftServerConfigKeys (ConfUtils.java:logGet(43)) - raft.server.log.queue.byte-limit = 2147483647 (custom)
2019-08-20 21:03:42,159 [pool-71-thread-1] INFO  server.RaftServerConfigKeys (ConfUtils.java:logGet(43)) - raft.server.log.queue.element-limit = 1024 (custom)
2019-08-20 21:03:42,159 [pool-60-thread-1] INFO  server.RaftServerConfigKeys (ConfUtils.java:logGet(43)) - raft.server.log.queue.element-limit = 1024 (custom)
2019-08-20 21:03:42,159 [pool-38-thread-1] INFO  server.RaftServerConfigKeys (ConfUtils.java:logGet(43)) - raft.server.log.statemachine.data.caching.enabled = true (custom)
2019-08-20 21:03:42,160 [pool-60-thread-1] INFO  server.RaftServerConfigKeys (ConfUtils.java:logGet(43)) - raft.server.log.segment.size.max = 1048576 (custom)
2019-08-20 21:03:42,159 [pool-71-thread-1] INFO  server.RaftServerConfigKeys (ConfUtils.java:logGet(43)) - raft.server.log.segment.size.max = 1048576 (custom)
2019-08-20 21:03:42,160 [pool-38-thread-1] INFO  segmented.SegmentedRaftLogWorker (SegmentedRaftLogWorker.java:lambda$new$0(132)) - 73795144-c5ba-4a5b-b31f-2a1de4fbd7cf-SegmentedRaftLogWorker:Storage Directory /workdir/hadoop-ozone/integration-test/target/test-dir/MiniOzoneClusterImpl-8530c380-4d42-4c39-9dcb-f7b018a0b755/datanode-1/data/ratis/479780eb-9f7a-4f75-a296-3a916e625470: flushIndex: setUnconditionally 0 -> -1
2019-08-20 21:03:42,160 [pool-60-thread-1] INFO  server.RaftServerConfigKeys (ConfUtils.java:logGet(43)) - raft.server.log.preallocated.size = 16384 (custom)
2019-08-20 21:03:42,160 [pool-71-thread-1] INFO  server.RaftServerConfigKeys (ConfUtils.java:logGet(43)) - raft.server.log.preallocated.size = 16384 (custom)
2019-08-20 21:03:42,160 [pool-38-thread-1] INFO  server.RaftServerConfigKeys (ConfUtils.java:logGet(43)) - raft.server.snapshot.auto.trigger.enabled = true (custom)
2019-08-20 21:03:42,160 [pool-60-thread-1] INFO  server.RaftServerConfigKeys (ConfUtils.java:logGet(43)) - raft.server.log.write.buffer.size = 33554432 (custom)
2019-08-20 21:03:42,160 [pool-38-thread-1] INFO  server.RaftServerConfigKeys (ConfUtils.java:logGet(43)) - raft.server.snapshot.auto.trigger.threshold = 10000 (custom)
2019-08-20 21:03:42,160 [pool-71-thread-1] INFO  server.RaftServerConfigKeys (ConfUtils.java:logGet(43)) - raft.server.log.write.buffer.size = 33554432 (custom)
2019-08-20 21:03:42,160 [pool-38-thread-1] INFO  server.RaftServerConfigKeys (ConfUtils.java:logGet(43)) - raft.server.retrycache.expirytime = 600000ms (custom)
2019-08-20 21:03:42,160 [pool-60-thread-1] INFO  server.RaftServerConfigKeys (ConfUtils.java:logGet(43)) - raft.server.log.force.sync.num = 128 (default)
2019-08-20 21:03:42,160 [pool-71-thread-1] INFO  server.RaftServerConfigKeys (ConfUtils.java:logGet(43)) - raft.server.log.force.sync.num = 128 (default)
2019-08-20 21:03:42,161 [pool-38-thread-1] INFO  impl.RaftServerImpl (RaftServerImpl.java:start(180)) - 73795144-c5ba-4a5b-b31f-2a1de4fbd7cf: start group-3A916E625470
2019-08-20 21:03:42,161 [pool-60-thread-1] INFO  server.RaftServerConfigKeys (ConfUtils.java:logGet(43)) - raft.server.log.statemachine.data.sync = true (default)
2019-08-20 21:03:42,161 [pool-38-thread-1] INFO  impl.RaftServerImpl (RaftServerImpl.java:setRole(171)) - 73795144-c5ba-4a5b-b31f-2a1de4fbd7cf:group-3A916E625470 changes role from null to FOLLOWER at term 0 for startAsFollower
2019-08-20 21:03:42,161 [pool-71-thread-1] INFO  server.RaftServerConfigKeys (ConfUtils.java:logGet(43)) - raft.server.log.statemachine.data.sync = true (default)
2019-08-20 21:03:42,161 [pool-38-thread-1] INFO  impl.RoleInfo (RoleInfo.java:updateAndGet(143)) - 73795144-c5ba-4a5b-b31f-2a1de4fbd7cf: start FollowerState
2019-08-20 21:03:42,161 [pool-60-thread-1] INFO  server.RaftServerConfigKeys (ConfUtils.java:logGet(43)) - raft.server.log.statemachine.data.sync.timeout = 10s (default)
2019-08-20 21:03:42,161 [pool-71-thread-1] INFO  server.RaftServerConfigKeys (ConfUtils.java:logGet(43)) - raft.server.log.statemachine.data.sync.timeout = 10s (default)
2019-08-20 21:03:42,161 [pool-60-thread-1] INFO  server.RaftServerConfigKeys (ConfUtils.java:logGet(43)) - raft.server.log.statemachine.data.sync.timeout.retry = -1 (default)
2019-08-20 21:03:42,161 [pool-71-thread-1] INFO  server.RaftServerConfigKeys (ConfUtils.java:logGet(43)) - raft.server.log.statemachine.data.sync.timeout.retry = -1 (default)
2019-08-20 21:03:42,161 [pool-60-thread-1] INFO  server.RaftServerConfigKeys (ConfUtils.java:logGet(43)) - raft.server.log.statemachine.data.caching.enabled = true (custom)
2019-08-20 21:03:42,161 [pool-38-thread-1] INFO  util.JmxRegister (JmxRegister.java:tryRegister(44)) - Successfully registered JMX Bean with object name Ratis:service=RaftServer,group=group-3A916E625470,id=73795144-c5ba-4a5b-b31f-2a1de4fbd7cf
2019-08-20 21:03:42,162 [pool-71-thread-1] INFO  server.RaftServerConfigKeys (ConfUtils.java:logGet(43)) - raft.server.log.statemachine.data.caching.enabled = true (custom)
2019-08-20 21:03:42,162 [pool-60-thread-1] INFO  segmented.SegmentedRaftLogWorker (SegmentedRaftLogWorker.java:lambda$new$0(132)) - 6d7420a7-bf02-42d2-9563-60ec8301a9c5-SegmentedRaftLogWorker:Storage Directory /workdir/hadoop-ozone/integration-test/target/test-dir/MiniOzoneClusterImpl-8530c380-4d42-4c39-9dcb-f7b018a0b755/datanode-3/data/ratis/479780eb-9f7a-4f75-a296-3a916e625470: flushIndex: setUnconditionally 0 -> -1
2019-08-20 21:03:42,162 [pool-71-thread-1] INFO  segmented.SegmentedRaftLogWorker (SegmentedRaftLogWorker.java:lambda$new$0(132)) - 20f4c63a-f727-4ecb-b331-ca75036dc5d5-SegmentedRaftLogWorker:Storage Directory /workdir/hadoop-ozone/integration-test/target/test-dir/MiniOzoneClusterImpl-8530c380-4d42-4c39-9dcb-f7b018a0b755/datanode-4/data/ratis/479780eb-9f7a-4f75-a296-3a916e625470: flushIndex: setUnconditionally 0 -> -1
2019-08-20 21:03:42,162 [pool-60-thread-1] INFO  server.RaftServerConfigKeys (ConfUtils.java:logGet(43)) - raft.server.snapshot.auto.trigger.enabled = true (custom)
2019-08-20 21:03:42,162 [pool-60-thread-1] INFO  server.RaftServerConfigKeys (ConfUtils.java:logGet(43)) - raft.server.snapshot.auto.trigger.threshold = 10000 (custom)
2019-08-20 21:03:42,162 [pool-71-thread-1] INFO  server.RaftServerConfigKeys (ConfUtils.java:logGet(43)) - raft.server.snapshot.auto.trigger.enabled = true (custom)
2019-08-20 21:03:42,162 [pool-60-thread-1] INFO  server.RaftServerConfigKeys (ConfUtils.java:logGet(43)) - raft.server.retrycache.expirytime = 600000ms (custom)
2019-08-20 21:03:42,162 [pool-71-thread-1] INFO  server.RaftServerConfigKeys (ConfUtils.java:logGet(43)) - raft.server.snapshot.auto.trigger.threshold = 10000 (custom)
2019-08-20 21:03:42,162 [pool-60-thread-1] INFO  impl.RaftServerImpl (RaftServerImpl.java:start(180)) - 6d7420a7-bf02-42d2-9563-60ec8301a9c5: start group-3A916E625470
2019-08-20 21:03:42,163 [pool-71-thread-1] INFO  server.RaftServerConfigKeys (ConfUtils.java:logGet(43)) - raft.server.retrycache.expirytime = 600000ms (custom)
2019-08-20 21:03:42,163 [pool-60-thread-1] INFO  impl.RaftServerImpl (RaftServerImpl.java:setRole(171)) - 6d7420a7-bf02-42d2-9563-60ec8301a9c5:group-3A916E625470 changes role from null to FOLLOWER at term 0 for startAsFollower
2019-08-20 21:03:42,163 [pool-71-thread-1] INFO  impl.RaftServerImpl (RaftServerImpl.java:start(180)) - 20f4c63a-f727-4ecb-b331-ca75036dc5d5: start group-3A916E625470
2019-08-20 21:03:42,163 [pool-60-thread-1] INFO  impl.RoleInfo (RoleInfo.java:updateAndGet(143)) - 6d7420a7-bf02-42d2-9563-60ec8301a9c5: start FollowerState
2019-08-20 21:03:42,163 [pool-71-thread-1] INFO  impl.RaftServerImpl (RaftServerImpl.java:setRole(171)) - 20f4c63a-f727-4ecb-b331-ca75036dc5d5:group-3A916E625470 changes role from null to FOLLOWER at term 0 for startAsFollower
2019-08-20 21:03:42,163 [pool-71-thread-1] INFO  impl.RoleInfo (RoleInfo.java:updateAndGet(143)) - 20f4c63a-f727-4ecb-b331-ca75036dc5d5: start FollowerState
2019-08-20 21:03:42,163 [pool-60-thread-1] INFO  util.JmxRegister (JmxRegister.java:tryRegister(44)) - Successfully registered JMX Bean with object name Ratis:service=RaftServer,group=group-3A916E625470,id=6d7420a7-bf02-42d2-9563-60ec8301a9c5
2019-08-20 21:03:42,163 [pool-71-thread-1] INFO  util.JmxRegister (JmxRegister.java:tryRegister(44)) - Successfully registered JMX Bean with object name Ratis:service=RaftServer,group=group-3A916E625470,id=20f4c63a-f727-4ecb-b331-ca75036dc5d5
2019-08-20 21:03:42,180 [RatisPipelineUtilsThread] INFO  pipeline.PipelineStateManager (PipelineStateManager.java:addPipeline(56)) - Created pipeline Pipeline[ Id: 479780eb-9f7a-4f75-a296-3a916e625470, Nodes: 6d7420a7-bf02-42d2-9563-60ec8301a9c5{ip: 192.168.69.82, host: pr-hdds-1973-8vfkv-3728417522, networkLocation: /default-rack, certSerialId: null}73795144-c5ba-4a5b-b31f-2a1de4fbd7cf{ip: 192.168.69.82, host: pr-hdds-1973-8vfkv-3728417522, networkLocation: /default-rack, certSerialId: null}20f4c63a-f727-4ecb-b331-ca75036dc5d5{ip: 192.168.69.82, host: pr-hdds-1973-8vfkv-3728417522, networkLocation: /default-rack, certSerialId: null}, Type:RATIS, Factor:THREE, State:OPEN]
2019-08-20 21:03:42,232 | INFO  | SCMAudit | user=jenkins1000 | ip=192.168.69.82 | op=SEND_HEARTBEAT {datanodeUUID=e7e6e6c0-3e74-4894-8cf7-2a72b9d88373, command=[]} | ret=SUCCESS |  
2019-08-20 21:03:42,340 [main] INFO  rpc.RpcClient (RpcClient.java:createVolume(292)) - Creating Volume: watchforcommithandlingtest, with jenkins1000 as owner.
2019-08-20 21:03:42,358 | INFO  | OMAudit | user=jenkins1000 | ip=127.0.0.1 | op=CREATE_VOLUME {admin=jenkins1000, owner=jenkins1000, volume=watchforcommithandlingtest, creationTime=1566335022355, quotaInBytes=1152921504606846976} | ret=SUCCESS |  
2019-08-20 21:03:42,380 | INFO  | OMAudit | user=jenkins1000 | ip=127.0.0.1 | op=READ_VOLUME {volume=watchforcommithandlingtest} | ret=SUCCESS |  
2019-08-20 21:03:42,384 [main] INFO  rpc.RpcClient (RpcClient.java:createBucket(431)) - Creating Bucket: watchforcommithandlingtest/watchforcommithandlingtest, with Versioning false and Storage Type set to DISK and Encryption set to false 
2019-08-20 21:03:42,398 | INFO  | OMAudit | user=jenkins1000 | ip=127.0.0.1 | op=CREATE_BUCKET {volume=watchforcommithandlingtest, bucket=watchforcommithandlingtest, acls=[user:jenkins1000:a[ACCESS], group:default:a[ACCESS]], isVersionEnabled=false, storageType=DISK, creationTime=0} | ret=SUCCESS |  
2019-08-20 21:03:42,399 [main] INFO  ozone.MiniOzoneClusterImpl (MiniOzoneClusterImpl.java:getStorageContainerLocationClient(241)) - Creating StorageContainerLocationProtocol RPC client with address /0.0.0.0:39558
2019-08-20 21:03:42,428 [main] INFO  impl.MetricsSystemImpl (MetricsSystemImpl.java:init(158)) - XceiverClientMetrics metrics system started (again)
2019-08-20 21:03:42,482 | INFO  | SCMAudit | user=jenkins1000 | ip=192.168.69.82 | op=SEND_HEARTBEAT {datanodeUUID=73795144-c5ba-4a5b-b31f-2a1de4fbd7cf, command=[]} | ret=SUCCESS |  
2019-08-20 21:03:42,540 [grpc-default-executor-1] INFO  client.GrpcClientProtocolClient (GrpcClientProtocolClient.java:onNext(255)) - client-3928019D8D35->6d5416e4-8315-4b81-9662-120605ef18be: receive RaftClientReply:client-3928019D8D35->6d5416e4-8315-4b81-9662-120605ef18be@group-5E96761CA3B7, cid=13, FAILED org.apache.ratis.protocol.NotLeaderException: Server 6d5416e4-8315-4b81-9662-120605ef18be is not the leader (null). Request must be sent to leader., logIndex=0, commits[6d5416e4-8315-4b81-9662-120605ef18be:c-1]
2019-08-20 21:03:42,990 | INFO  | SCMAudit | user=jenkins1000 | ip=192.168.69.82 | op=SEND_HEARTBEAT {datanodeUUID=6d7420a7-bf02-42d2-9563-60ec8301a9c5, command=[]} | ret=SUCCESS |  
2019-08-20 21:03:42,990 | INFO  | SCMAudit | user=jenkins1000 | ip=192.168.69.82 | op=SEND_HEARTBEAT {datanodeUUID=6d5416e4-8315-4b81-9662-120605ef18be, command=[]} | ret=SUCCESS |  
2019-08-20 21:03:43,111 | INFO  | SCMAudit | user=jenkins1000 | ip=192.168.69.82 | op=SEND_HEARTBEAT {datanodeUUID=20f4c63a-f727-4ecb-b331-ca75036dc5d5, command=[]} | ret=SUCCESS |  
2019-08-20 21:03:43,221 | INFO  | SCMAudit | user=jenkins1000 | ip=192.168.69.82 | op=SEND_HEARTBEAT {datanodeUUID=e7e6e6c0-3e74-4894-8cf7-2a72b9d88373, command=[]} | ret=SUCCESS |  
2019-08-20 21:03:43,270 [Thread-237] INFO  container.ReplicationManager (ReplicationManager.java:start(152)) - Starting Replication Monitor Thread.
2019-08-20 21:03:43,277 [ReplicationMonitor] INFO  container.ReplicationManager (ReplicationManager.java:run(215)) - Replication Monitor Thread took 4 milliseconds for processing 1 containers.
2019-08-20 21:03:43,434 | INFO  | SCMAudit | user=jenkins1000 | ip=192.168.69.82 | op=SEND_HEARTBEAT {datanodeUUID=f2aa3567-7f19-4bd2-befa-7aee6e2a4d26, command=[]} | ret=SUCCESS |  
2019-08-20 21:03:43,469 | INFO  | SCMAudit | user=jenkins1000 | ip=192.168.69.82 | op=SEND_HEARTBEAT {datanodeUUID=73795144-c5ba-4a5b-b31f-2a1de4fbd7cf, command=[]} | ret=SUCCESS |  
2019-08-20 21:03:43,582 [grpc-default-executor-0] INFO  client.GrpcClientProtocolClient (GrpcClientProtocolClient.java:onNext(255)) - client-3928019D8D35->0142f219-2010-4dd4-9b28-37dd1adb64f0: receive RaftClientReply:client-3928019D8D35->0142f219-2010-4dd4-9b28-37dd1adb64f0@group-5E96761CA3B7, cid=13, FAILED org.apache.ratis.protocol.NotLeaderException: Server 0142f219-2010-4dd4-9b28-37dd1adb64f0 is not the leader (null). Request must be sent to leader., logIndex=0, commits[0142f219-2010-4dd4-9b28-37dd1adb64f0:c-1]
2019-08-20 21:03:43,626 | INFO  | SCMAudit | user=jenkins1000 | ip=192.168.69.82 | op=SEND_HEARTBEAT {datanodeUUID=0142f219-2010-4dd4-9b28-37dd1adb64f0, command=[]} | ret=SUCCESS |  
2019-08-20 21:03:43,989 | INFO  | SCMAudit | user=jenkins1000 | ip=192.168.69.82 | op=SEND_HEARTBEAT {datanodeUUID=6d7420a7-bf02-42d2-9563-60ec8301a9c5, command=[]} | ret=SUCCESS |  
2019-08-20 21:03:43,989 | INFO  | SCMAudit | user=jenkins1000 | ip=192.168.69.82 | op=SEND_HEARTBEAT {datanodeUUID=6d5416e4-8315-4b81-9662-120605ef18be, command=[]} | ret=SUCCESS |  
2019-08-20 21:03:44,113 | INFO  | SCMAudit | user=jenkins1000 | ip=192.168.69.82 | op=SEND_HEARTBEAT {datanodeUUID=20f4c63a-f727-4ecb-b331-ca75036dc5d5, command=[]} | ret=SUCCESS |  
2019-08-20 21:03:44,222 | INFO  | SCMAudit | user=jenkins1000 | ip=192.168.69.82 | op=SEND_HEARTBEAT {datanodeUUID=e7e6e6c0-3e74-4894-8cf7-2a72b9d88373, command=[]} | ret=SUCCESS |  
2019-08-20 21:03:44,433 | INFO  | SCMAudit | user=jenkins1000 | ip=192.168.69.82 | op=SEND_HEARTBEAT {datanodeUUID=f2aa3567-7f19-4bd2-befa-7aee6e2a4d26, command=[]} | ret=SUCCESS |  
2019-08-20 21:03:44,470 | INFO  | SCMAudit | user=jenkins1000 | ip=192.168.69.82 | op=SEND_HEARTBEAT {datanodeUUID=73795144-c5ba-4a5b-b31f-2a1de4fbd7cf, command=[]} | ret=SUCCESS |  
2019-08-20 21:03:44,608 [grpc-default-executor-0] INFO  client.GrpcClientProtocolClient (GrpcClientProtocolClient.java:onNext(255)) - client-3928019D8D35->6d5416e4-8315-4b81-9662-120605ef18be: receive RaftClientReply:client-3928019D8D35->6d5416e4-8315-4b81-9662-120605ef18be@group-5E96761CA3B7, cid=13, FAILED org.apache.ratis.protocol.NotLeaderException: Server 6d5416e4-8315-4b81-9662-120605ef18be is not the leader (null). Request must be sent to leader., logIndex=0, commits[6d5416e4-8315-4b81-9662-120605ef18be:c-1]
2019-08-20 21:03:44,625 | INFO  | SCMAudit | user=jenkins1000 | ip=192.168.69.82 | op=SEND_HEARTBEAT {datanodeUUID=0142f219-2010-4dd4-9b28-37dd1adb64f0, command=[]} | ret=SUCCESS |  
2019-08-20 21:03:44,990 | INFO  | SCMAudit | user=jenkins1000 | ip=192.168.69.82 | op=SEND_HEARTBEAT {datanodeUUID=6d5416e4-8315-4b81-9662-120605ef18be, command=[]} | ret=SUCCESS |  
2019-08-20 21:03:44,990 | INFO  | SCMAudit | user=jenkins1000 | ip=192.168.69.82 | op=SEND_HEARTBEAT {datanodeUUID=6d7420a7-bf02-42d2-9563-60ec8301a9c5, command=[]} | ret=SUCCESS |  
2019-08-20 21:03:45,123 | INFO  | SCMAudit | user=jenkins1000 | ip=192.168.69.82 | op=SEND_HEARTBEAT {datanodeUUID=20f4c63a-f727-4ecb-b331-ca75036dc5d5, command=[]} | ret=SUCCESS |  
2019-08-20 21:03:45,219 | INFO  | SCMAudit | user=jenkins1000 | ip=192.168.69.82 | op=SEND_HEARTBEAT {datanodeUUID=e7e6e6c0-3e74-4894-8cf7-2a72b9d88373, command=[]} | ret=SUCCESS |  
2019-08-20 21:03:45,431 | INFO  | SCMAudit | user=jenkins1000 | ip=192.168.69.82 | op=SEND_HEARTBEAT {datanodeUUID=f2aa3567-7f19-4bd2-befa-7aee6e2a4d26, command=[]} | ret=SUCCESS |  
2019-08-20 21:03:45,468 | INFO  | SCMAudit | user=jenkins1000 | ip=192.168.69.82 | op=SEND_HEARTBEAT {datanodeUUID=73795144-c5ba-4a5b-b31f-2a1de4fbd7cf, command=[]} | ret=SUCCESS |  
2019-08-20 21:03:45,623 | INFO  | SCMAudit | user=jenkins1000 | ip=192.168.69.82 | op=SEND_HEARTBEAT {datanodeUUID=0142f219-2010-4dd4-9b28-37dd1adb64f0, command=[]} | ret=SUCCESS |  
2019-08-20 21:03:45,633 [grpc-default-executor-1] INFO  client.GrpcClientProtocolClient (GrpcClientProtocolClient.java:onNext(255)) - client-3928019D8D35->e7e6e6c0-3e74-4894-8cf7-2a72b9d88373: receive RaftClientReply:client-3928019D8D35->e7e6e6c0-3e74-4894-8cf7-2a72b9d88373@group-5E96761CA3B7, cid=13, FAILED org.apache.ratis.protocol.NotLeaderException: Server e7e6e6c0-3e74-4894-8cf7-2a72b9d88373 is not the leader (null). Request must be sent to leader., logIndex=0, commits[e7e6e6c0-3e74-4894-8cf7-2a72b9d88373:c-1]
2019-08-20 21:03:45,986 | INFO  | SCMAudit | user=jenkins1000 | ip=192.168.69.82 | op=SEND_HEARTBEAT {datanodeUUID=6d5416e4-8315-4b81-9662-120605ef18be, command=[]} | ret=SUCCESS |  
2019-08-20 21:03:45,986 | INFO  | SCMAudit | user=jenkins1000 | ip=192.168.69.82 | op=SEND_HEARTBEAT {datanodeUUID=6d7420a7-bf02-42d2-9563-60ec8301a9c5, command=[]} | ret=SUCCESS |  
2019-08-20 21:03:46,109 | INFO  | SCMAudit | user=jenkins1000 | ip=192.168.69.82 | op=SEND_HEARTBEAT {datanodeUUID=20f4c63a-f727-4ecb-b331-ca75036dc5d5, command=[]} | ret=SUCCESS |  
2019-08-20 21:03:46,219 | INFO  | SCMAudit | user=jenkins1000 | ip=192.168.69.82 | op=SEND_HEARTBEAT {datanodeUUID=e7e6e6c0-3e74-4894-8cf7-2a72b9d88373, command=[]} | ret=SUCCESS |  
2019-08-20 21:03:46,431 | INFO  | SCMAudit | user=jenkins1000 | ip=192.168.69.82 | op=SEND_HEARTBEAT {datanodeUUID=f2aa3567-7f19-4bd2-befa-7aee6e2a4d26, command=[]} | ret=SUCCESS |  
2019-08-20 21:03:46,436 [Thread-239] INFO  impl.FollowerState (FollowerState.java:run(106)) - e7e6e6c0-3e74-4894-8cf7-2a72b9d88373:group-FF548BD8A807 changes to CANDIDATE, lastRpcTime:5037, electionTimeout:5036ms
2019-08-20 21:03:46,439 [Thread-239] INFO  impl.RoleInfo (RoleInfo.java:shutdownFollowerState(121)) - e7e6e6c0-3e74-4894-8cf7-2a72b9d88373: shutdown FollowerState
2019-08-20 21:03:46,439 [Thread-239] INFO  impl.RaftServerImpl (RaftServerImpl.java:setRole(171)) - e7e6e6c0-3e74-4894-8cf7-2a72b9d88373:group-FF548BD8A807 changes role from FOLLOWER to CANDIDATE at term 0 for changeToCandidate
2019-08-20 21:03:46,443 [Thread-239] INFO  impl.RoleInfo (RoleInfo.java:updateAndGet(143)) - e7e6e6c0-3e74-4894-8cf7-2a72b9d88373: start LeaderElection
2019-08-20 21:03:46,469 | INFO  | SCMAudit | user=jenkins1000 | ip=192.168.69.82 | op=SEND_HEARTBEAT {datanodeUUID=73795144-c5ba-4a5b-b31f-2a1de4fbd7cf, command=[]} | ret=SUCCESS |  
2019-08-20 21:03:46,530 [e7e6e6c0-3e74-4894-8cf7-2a72b9d88373:group-FF548BD8A807:LeaderElection1] INFO  impl.LeaderElection (LeaderElection.java:askForVotes(181)) - e7e6e6c0-3e74-4894-8cf7-2a72b9d88373:group-FF548BD8A807:LeaderElection1: begin an election at term 1 for -1: [e7e6e6c0-3e74-4894-8cf7-2a72b9d88373:192.168.69.82:32779], old=null
2019-08-20 21:03:46,533 [e7e6e6c0-3e74-4894-8cf7-2a72b9d88373:group-FF548BD8A807:LeaderElection1] INFO  impl.RoleInfo (RoleInfo.java:shutdownLeaderElection(134)) - e7e6e6c0-3e74-4894-8cf7-2a72b9d88373: shutdown LeaderElection
2019-08-20 21:03:46,533 [e7e6e6c0-3e74-4894-8cf7-2a72b9d88373:group-FF548BD8A807:LeaderElection1] INFO  impl.RaftServerImpl (RaftServerImpl.java:setRole(171)) - e7e6e6c0-3e74-4894-8cf7-2a72b9d88373:group-FF548BD8A807 changes role from CANDIDATE to LEADER at term 1 for changeToLeader
2019-08-20 21:03:46,533 [e7e6e6c0-3e74-4894-8cf7-2a72b9d88373:group-FF548BD8A807:LeaderElection1] INFO  impl.RaftServerImpl (ServerState.java:setLeader(263)) - e7e6e6c0-3e74-4894-8cf7-2a72b9d88373:group-FF548BD8A807 change Leader from null to e7e6e6c0-3e74-4894-8cf7-2a72b9d88373 at term 1 for becomeLeader, leader elected after 5217ms
2019-08-20 21:03:46,541 [e7e6e6c0-3e74-4894-8cf7-2a72b9d88373:group-FF548BD8A807:LeaderElection1] INFO  server.RaftServerConfigKeys (ConfUtils.java:logGet(43)) - raft.server.staging.catchup.gap = 1000 (default)
2019-08-20 21:03:46,541 [e7e6e6c0-3e74-4894-8cf7-2a72b9d88373:group-FF548BD8A807:LeaderElection1] INFO  server.RaftServerConfigKeys (ConfUtils.java:logGet(43)) - raft.server.rpc.sleep.time = 25ms (default)
2019-08-20 21:03:46,544 [e7e6e6c0-3e74-4894-8cf7-2a72b9d88373:group-FF548BD8A807:LeaderElection1] INFO  server.RaftServerConfigKeys (ConfUtils.java:logGet(43)) - raft.server.write.element-limit = 4096 (default)
2019-08-20 21:03:46,547 [e7e6e6c0-3e74-4894-8cf7-2a72b9d88373:group-FF548BD8A807:LeaderElection1] INFO  server.RaftServerConfigKeys (ConfUtils.java:logGet(43)) - raft.server.watch.timeout = 10s (default)
2019-08-20 21:03:46,547 [e7e6e6c0-3e74-4894-8cf7-2a72b9d88373:group-FF548BD8A807:LeaderElection1] INFO  server.RaftServerConfigKeys (ConfUtils.java:logGet(43)) - raft.server.watch.timeout.denomination = 1s (default)
2019-08-20 21:03:46,548 [e7e6e6c0-3e74-4894-8cf7-2a72b9d88373:group-FF548BD8A807:LeaderElection1] INFO  server.RaftServerConfigKeys (ConfUtils.java:logGet(43)) - raft.server.watch.element-limit = 65536 (default)
2019-08-20 21:03:46,558 [e7e6e6c0-3e74-4894-8cf7-2a72b9d88373:group-FF548BD8A807:LeaderElection1] INFO  impl.RoleInfo (RoleInfo.java:updateAndGet(143)) - e7e6e6c0-3e74-4894-8cf7-2a72b9d88373: start LeaderState
2019-08-20 21:03:46,581 [e7e6e6c0-3e74-4894-8cf7-2a72b9d88373:group-FF548BD8A807:LeaderElection1] INFO  segmented.SegmentedRaftLogWorker (SegmentedRaftLogWorker.java:startLogSegment(380)) - e7e6e6c0-3e74-4894-8cf7-2a72b9d88373-SegmentedRaftLogWorker:Storage Directory /workdir/hadoop-ozone/integration-test/target/test-dir/MiniOzoneClusterImpl-8530c380-4d42-4c39-9dcb-f7b018a0b755/datanode-0/data/ratis/d2833106-d87d-473d-8a0a-ff548bd8a807: Starting segment from index:0
2019-08-20 21:03:46,590 [e7e6e6c0-3e74-4894-8cf7-2a72b9d88373:group-FF548BD8A807:LeaderElection1] INFO  impl.RaftServerImpl (ServerState.java:setRaftConf(361)) - e7e6e6c0-3e74-4894-8cf7-2a72b9d88373:group-FF548BD8A807 set configuration 0: [e7e6e6c0-3e74-4894-8cf7-2a72b9d88373:192.168.69.82:32779], old=null at 0
2019-08-20 21:03:46,600 [Thread-242] INFO  impl.FollowerState (FollowerState.java:run(106)) - 6d5416e4-8315-4b81-9662-120605ef18be:group-D5ED6139C373 changes to CANDIDATE, lastRpcTime:5017, electionTimeout:5016ms
2019-08-20 21:03:46,610 [Thread-242] INFO  impl.RoleInfo (RoleInfo.java:shutdownFollowerState(121)) - 6d5416e4-8315-4b81-9662-120605ef18be: shutdown FollowerState
2019-08-20 21:03:46,610 [Thread-242] INFO  impl.RaftServerImpl (RaftServerImpl.java:setRole(171)) - 6d5416e4-8315-4b81-9662-120605ef18be:group-D5ED6139C373 changes role from FOLLOWER to CANDIDATE at term 0 for changeToCandidate
2019-08-20 21:03:46,610 [Thread-242] INFO  impl.RoleInfo (RoleInfo.java:updateAndGet(143)) - 6d5416e4-8315-4b81-9662-120605ef18be: start LeaderElection
2019-08-20 21:03:46,623 | INFO  | SCMAudit | user=jenkins1000 | ip=192.168.69.82 | op=SEND_HEARTBEAT {datanodeUUID=0142f219-2010-4dd4-9b28-37dd1adb64f0, command=[]} | ret=SUCCESS |  
2019-08-20 21:03:46,628 [6d5416e4-8315-4b81-9662-120605ef18be:group-D5ED6139C373:LeaderElection2] INFO  impl.LeaderElection (LeaderElection.java:askForVotes(181)) - 6d5416e4-8315-4b81-9662-120605ef18be:group-D5ED6139C373:LeaderElection2: begin an election at term 1 for -1: [6d5416e4-8315-4b81-9662-120605ef18be:192.168.69.82:35939], old=null
2019-08-20 21:03:46,629 [6d5416e4-8315-4b81-9662-120605ef18be:group-D5ED6139C373:LeaderElection2] INFO  impl.RoleInfo (RoleInfo.java:shutdownLeaderElection(134)) - 6d5416e4-8315-4b81-9662-120605ef18be: shutdown LeaderElection
2019-08-20 21:03:46,629 [6d5416e4-8315-4b81-9662-120605ef18be:group-D5ED6139C373:LeaderElection2] INFO  impl.RaftServerImpl (RaftServerImpl.java:setRole(171)) - 6d5416e4-8315-4b81-9662-120605ef18be:group-D5ED6139C373 changes role from CANDIDATE to LEADER at term 1 for changeToLeader
2019-08-20 21:03:46,629 [6d5416e4-8315-4b81-9662-120605ef18be:group-D5ED6139C373:LeaderElection2] INFO  impl.RaftServerImpl (ServerState.java:setLeader(263)) - 6d5416e4-8315-4b81-9662-120605ef18be:group-D5ED6139C373 change Leader from null to 6d5416e4-8315-4b81-9662-120605ef18be at term 1 for becomeLeader, leader elected after 5051ms
2019-08-20 21:03:46,630 [6d5416e4-8315-4b81-9662-120605ef18be:group-D5ED6139C373:LeaderElection2] INFO  server.RaftServerConfigKeys (ConfUtils.java:logGet(43)) - raft.server.staging.catchup.gap = 1000 (default)
2019-08-20 21:03:46,630 [6d5416e4-8315-4b81-9662-120605ef18be:group-D5ED6139C373:LeaderElection2] INFO  server.RaftServerConfigKeys (ConfUtils.java:logGet(43)) - raft.server.rpc.sleep.time = 25ms (default)
2019-08-20 21:03:46,630 [6d5416e4-8315-4b81-9662-120605ef18be:group-D5ED6139C373:LeaderElection2] INFO  server.RaftServerConfigKeys (ConfUtils.java:logGet(43)) - raft.server.write.element-limit = 4096 (default)
2019-08-20 21:03:46,631 [6d5416e4-8315-4b81-9662-120605ef18be:group-D5ED6139C373:LeaderElection2] INFO  server.RaftServerConfigKeys (ConfUtils.java:logGet(43)) - raft.server.watch.timeout = 10s (default)
2019-08-20 21:03:46,631 [6d5416e4-8315-4b81-9662-120605ef18be:group-D5ED6139C373:LeaderElection2] INFO  server.RaftServerConfigKeys (ConfUtils.java:logGet(43)) - raft.server.watch.timeout.denomination = 1s (default)
2019-08-20 21:03:46,631 [6d5416e4-8315-4b81-9662-120605ef18be:group-D5ED6139C373:LeaderElection2] INFO  server.RaftServerConfigKeys (ConfUtils.java:logGet(43)) - raft.server.watch.element-limit = 65536 (default)
2019-08-20 21:03:46,631 [6d5416e4-8315-4b81-9662-120605ef18be:group-D5ED6139C373:LeaderElection2] INFO  impl.RoleInfo (RoleInfo.java:updateAndGet(143)) - 6d5416e4-8315-4b81-9662-120605ef18be: start LeaderState
2019-08-20 21:03:46,631 [6d5416e4-8315-4b81-9662-120605ef18be:group-D5ED6139C373:LeaderElection2] INFO  segmented.SegmentedRaftLogWorker (SegmentedRaftLogWorker.java:startLogSegment(380)) - 6d5416e4-8315-4b81-9662-120605ef18be-SegmentedRaftLogWorker:Storage Directory /workdir/hadoop-ozone/integration-test/target/test-dir/MiniOzoneClusterImpl-8530c380-4d42-4c39-9dcb-f7b018a0b755/datanode-2/data/ratis/d4cdb84a-cd3c-4c9a-9b6f-d5ed6139c373: Starting segment from index:0
2019-08-20 21:03:46,632 [6d5416e4-8315-4b81-9662-120605ef18be:group-D5ED6139C373:LeaderElection2] INFO  impl.RaftServerImpl (ServerState.java:setRaftConf(361)) - 6d5416e4-8315-4b81-9662-120605ef18be:group-D5ED6139C373 set configuration 0: [6d5416e4-8315-4b81-9662-120605ef18be:192.168.69.82:35939], old=null at 0
2019-08-20 21:03:46,652 [grpc-default-executor-0] INFO  client.GrpcClientProtocolClient (GrpcClientProtocolClient.java:onNext(255)) - client-3928019D8D35->6d5416e4-8315-4b81-9662-120605ef18be: receive RaftClientReply:client-3928019D8D35->6d5416e4-8315-4b81-9662-120605ef18be@group-5E96761CA3B7, cid=13, FAILED org.apache.ratis.protocol.NotLeaderException: Server 6d5416e4-8315-4b81-9662-120605ef18be is not the leader (null). Request must be sent to leader., logIndex=0, commits[6d5416e4-8315-4b81-9662-120605ef18be:c-1]
2019-08-20 21:03:46,756 [Thread-245] INFO  impl.FollowerState (FollowerState.java:run(106)) - 6d7420a7-bf02-42d2-9563-60ec8301a9c5:group-ED4873A31B59 changes to CANDIDATE, lastRpcTime:5081, electionTimeout:5081ms
2019-08-20 21:03:46,759 [Thread-245] INFO  impl.RoleInfo (RoleInfo.java:shutdownFollowerState(121)) - 6d7420a7-bf02-42d2-9563-60ec8301a9c5: shutdown FollowerState
2019-08-20 21:03:46,759 [Thread-245] INFO  impl.RaftServerImpl (RaftServerImpl.java:setRole(171)) - 6d7420a7-bf02-42d2-9563-60ec8301a9c5:group-ED4873A31B59 changes role from FOLLOWER to CANDIDATE at term 0 for changeToCandidate
2019-08-20 21:03:46,759 [Thread-245] INFO  impl.RoleInfo (RoleInfo.java:updateAndGet(143)) - 6d7420a7-bf02-42d2-9563-60ec8301a9c5: start LeaderElection
2019-08-20 21:03:46,767 [6d7420a7-bf02-42d2-9563-60ec8301a9c5:group-ED4873A31B59:LeaderElection3] INFO  impl.LeaderElection (LeaderElection.java:askForVotes(181)) - 6d7420a7-bf02-42d2-9563-60ec8301a9c5:group-ED4873A31B59:LeaderElection3: begin an election at term 1 for -1: [6d7420a7-bf02-42d2-9563-60ec8301a9c5:192.168.69.82:45270], old=null
2019-08-20 21:03:46,774 [6d7420a7-bf02-42d2-9563-60ec8301a9c5:group-ED4873A31B59:LeaderElection3] INFO  impl.RoleInfo (RoleInfo.java:shutdownLeaderElection(134)) - 6d7420a7-bf02-42d2-9563-60ec8301a9c5: shutdown LeaderElection
2019-08-20 21:03:46,774 [6d7420a7-bf02-42d2-9563-60ec8301a9c5:group-ED4873A31B59:LeaderElection3] INFO  impl.RaftServerImpl (RaftServerImpl.java:setRole(171)) - 6d7420a7-bf02-42d2-9563-60ec8301a9c5:group-ED4873A31B59 changes role from CANDIDATE to LEADER at term 1 for changeToLeader
2019-08-20 21:03:46,774 [6d7420a7-bf02-42d2-9563-60ec8301a9c5:group-ED4873A31B59:LeaderElection3] INFO  impl.RaftServerImpl (ServerState.java:setLeader(263)) - 6d7420a7-bf02-42d2-9563-60ec8301a9c5:group-ED4873A31B59 change Leader from null to 6d7420a7-bf02-42d2-9563-60ec8301a9c5 at term 1 for becomeLeader, leader elected after 5102ms
2019-08-20 21:03:46,775 [6d7420a7-bf02-42d2-9563-60ec8301a9c5:group-ED4873A31B59:LeaderElection3] INFO  server.RaftServerConfigKeys (ConfUtils.java:logGet(43)) - raft.server.staging.catchup.gap = 1000 (default)
2019-08-20 21:03:46,775 [6d7420a7-bf02-42d2-9563-60ec8301a9c5:group-ED4873A31B59:LeaderElection3] INFO  server.RaftServerConfigKeys (ConfUtils.java:logGet(43)) - raft.server.rpc.sleep.time = 25ms (default)
2019-08-20 21:03:46,775 [6d7420a7-bf02-42d2-9563-60ec8301a9c5:group-ED4873A31B59:LeaderElection3] INFO  server.RaftServerConfigKeys (ConfUtils.java:logGet(43)) - raft.server.write.element-limit = 4096 (default)
2019-08-20 21:03:46,775 [6d7420a7-bf02-42d2-9563-60ec8301a9c5:group-ED4873A31B59:LeaderElection3] INFO  server.RaftServerConfigKeys (ConfUtils.java:logGet(43)) - raft.server.watch.timeout = 10s (default)
2019-08-20 21:03:46,775 [6d7420a7-bf02-42d2-9563-60ec8301a9c5:group-ED4873A31B59:LeaderElection3] INFO  server.RaftServerConfigKeys (ConfUtils.java:logGet(43)) - raft.server.watch.timeout.denomination = 1s (default)
2019-08-20 21:03:46,776 [6d7420a7-bf02-42d2-9563-60ec8301a9c5:group-ED4873A31B59:LeaderElection3] INFO  server.RaftServerConfigKeys (ConfUtils.java:logGet(43)) - raft.server.watch.element-limit = 65536 (default)
2019-08-20 21:03:46,776 [6d7420a7-bf02-42d2-9563-60ec8301a9c5:group-ED4873A31B59:LeaderElection3] INFO  impl.RoleInfo (RoleInfo.java:updateAndGet(143)) - 6d7420a7-bf02-42d2-9563-60ec8301a9c5: start LeaderState
2019-08-20 21:03:46,776 [6d7420a7-bf02-42d2-9563-60ec8301a9c5:group-ED4873A31B59:LeaderElection3] INFO  segmented.SegmentedRaftLogWorker (SegmentedRaftLogWorker.java:startLogSegment(380)) - 6d7420a7-bf02-42d2-9563-60ec8301a9c5-SegmentedRaftLogWorker:Storage Directory /workdir/hadoop-ozone/integration-test/target/test-dir/MiniOzoneClusterImpl-8530c380-4d42-4c39-9dcb-f7b018a0b755/datanode-3/data/ratis/b713ae0b-1ae0-497e-88f7-ed4873a31b59: Starting segment from index:0
2019-08-20 21:03:46,776 [6d7420a7-bf02-42d2-9563-60ec8301a9c5:group-ED4873A31B59:LeaderElection3] INFO  impl.RaftServerImpl (ServerState.java:setRaftConf(361)) - 6d7420a7-bf02-42d2-9563-60ec8301a9c5:group-ED4873A31B59 set configuration 0: [6d7420a7-bf02-42d2-9563-60ec8301a9c5:192.168.69.82:45270], old=null at 0
2019-08-20 21:03:46,805 [Thread-248] INFO  impl.FollowerState (FollowerState.java:run(106)) - 0142f219-2010-4dd4-9b28-37dd1adb64f0:group-BD302FC6FC1F changes to CANDIDATE, lastRpcTime:5053, electionTimeout:5053ms
2019-08-20 21:03:46,813 [Thread-248] INFO  impl.RoleInfo (RoleInfo.java:shutdownFollowerState(121)) - 0142f219-2010-4dd4-9b28-37dd1adb64f0: shutdown FollowerState
2019-08-20 21:03:46,813 [Thread-248] INFO  impl.RaftServerImpl (RaftServerImpl.java:setRole(171)) - 0142f219-2010-4dd4-9b28-37dd1adb64f0:group-BD302FC6FC1F changes role from FOLLOWER to CANDIDATE at term 0 for changeToCandidate
2019-08-20 21:03:46,813 [Thread-248] INFO  impl.RoleInfo (RoleInfo.java:updateAndGet(143)) - 0142f219-2010-4dd4-9b28-37dd1adb64f0: start LeaderElection
2019-08-20 21:03:46,822 [e7e6e6c0-3e74-4894-8cf7-2a72b9d88373-SegmentedRaftLogWorker:Storage Directory /workdir/hadoop-ozone/integration-test/target/test-dir/MiniOzoneClusterImpl-8530c380-4d42-4c39-9dcb-f7b018a0b755/datanode-0/data/ratis/d2833106-d87d-473d-8a0a-ff548bd8a807] INFO  segmented.SegmentedRaftLogWorker (SegmentedRaftLogWorker.java:execute(569)) - e7e6e6c0-3e74-4894-8cf7-2a72b9d88373-SegmentedRaftLogWorker:Storage Directory /workdir/hadoop-ozone/integration-test/target/test-dir/MiniOzoneClusterImpl-8530c380-4d42-4c39-9dcb-f7b018a0b755/datanode-0/data/ratis/d2833106-d87d-473d-8a0a-ff548bd8a807: created new log segment /workdir/hadoop-ozone/integration-test/target/test-dir/MiniOzoneClusterImpl-8530c380-4d42-4c39-9dcb-f7b018a0b755/datanode-0/data/ratis/d2833106-d87d-473d-8a0a-ff548bd8a807/current/log_inprogress_0
2019-08-20 21:03:46,822 [0142f219-2010-4dd4-9b28-37dd1adb64f0:group-BD302FC6FC1F:LeaderElection4] INFO  impl.LeaderElection (LeaderElection.java:askForVotes(181)) - 0142f219-2010-4dd4-9b28-37dd1adb64f0:group-BD302FC6FC1F:LeaderElection4: begin an election at term 1 for -1: [0142f219-2010-4dd4-9b28-37dd1adb64f0:192.168.69.82:35370], old=null
2019-08-20 21:03:46,822 [6d5416e4-8315-4b81-9662-120605ef18be-SegmentedRaftLogWorker:Storage Directory /workdir/hadoop-ozone/integration-test/target/test-dir/MiniOzoneClusterImpl-8530c380-4d42-4c39-9dcb-f7b018a0b755/datanode-2/data/ratis/d4cdb84a-cd3c-4c9a-9b6f-d5ed6139c373] INFO  segmented.SegmentedRaftLogWorker (SegmentedRaftLogWorker.java:execute(569)) - 6d5416e4-8315-4b81-9662-120605ef18be-SegmentedRaftLogWorker:Storage Directory /workdir/hadoop-ozone/integration-test/target/test-dir/MiniOzoneClusterImpl-8530c380-4d42-4c39-9dcb-f7b018a0b755/datanode-2/data/ratis/d4cdb84a-cd3c-4c9a-9b6f-d5ed6139c373: created new log segment /workdir/hadoop-ozone/integration-test/target/test-dir/MiniOzoneClusterImpl-8530c380-4d42-4c39-9dcb-f7b018a0b755/datanode-2/data/ratis/d4cdb84a-cd3c-4c9a-9b6f-d5ed6139c373/current/log_inprogress_0
2019-08-20 21:03:46,822 [6d7420a7-bf02-42d2-9563-60ec8301a9c5-SegmentedRaftLogWorker:Storage Directory /workdir/hadoop-ozone/integration-test/target/test-dir/MiniOzoneClusterImpl-8530c380-4d42-4c39-9dcb-f7b018a0b755/datanode-3/data/ratis/b713ae0b-1ae0-497e-88f7-ed4873a31b59] INFO  segmented.SegmentedRaftLogWorker (SegmentedRaftLogWorker.java:execute(569)) - 6d7420a7-bf02-42d2-9563-60ec8301a9c5-SegmentedRaftLogWorker:Storage Directory /workdir/hadoop-ozone/integration-test/target/test-dir/MiniOzoneClusterImpl-8530c380-4d42-4c39-9dcb-f7b018a0b755/datanode-3/data/ratis/b713ae0b-1ae0-497e-88f7-ed4873a31b59: created new log segment /workdir/hadoop-ozone/integration-test/target/test-dir/MiniOzoneClusterImpl-8530c380-4d42-4c39-9dcb-f7b018a0b755/datanode-3/data/ratis/b713ae0b-1ae0-497e-88f7-ed4873a31b59/current/log_inprogress_0
2019-08-20 21:03:46,823 [0142f219-2010-4dd4-9b28-37dd1adb64f0:group-BD302FC6FC1F:LeaderElection4] INFO  impl.RoleInfo (RoleInfo.java:shutdownLeaderElection(134)) - 0142f219-2010-4dd4-9b28-37dd1adb64f0: shutdown LeaderElection
2019-08-20 21:03:46,825 [0142f219-2010-4dd4-9b28-37dd1adb64f0:group-BD302FC6FC1F:LeaderElection4] INFO  impl.RaftServerImpl (RaftServerImpl.java:setRole(171)) - 0142f219-2010-4dd4-9b28-37dd1adb64f0:group-BD302FC6FC1F changes role from CANDIDATE to LEADER at term 1 for changeToLeader
2019-08-20 21:03:46,825 [0142f219-2010-4dd4-9b28-37dd1adb64f0:group-BD302FC6FC1F:LeaderElection4] INFO  impl.RaftServerImpl (ServerState.java:setLeader(263)) - 0142f219-2010-4dd4-9b28-37dd1adb64f0:group-BD302FC6FC1F change Leader from null to 0142f219-2010-4dd4-9b28-37dd1adb64f0 at term 1 for becomeLeader, leader elected after 5077ms
2019-08-20 21:03:46,826 [0142f219-2010-4dd4-9b28-37dd1adb64f0:group-BD302FC6FC1F:LeaderElection4] INFO  server.RaftServerConfigKeys (ConfUtils.java:logGet(43)) - raft.server.staging.catchup.gap = 1000 (default)
2019-08-20 21:03:46,826 [0142f219-2010-4dd4-9b28-37dd1adb64f0:group-BD302FC6FC1F:LeaderElection4] INFO  server.RaftServerConfigKeys (ConfUtils.java:logGet(43)) - raft.server.rpc.sleep.time = 25ms (default)
2019-08-20 21:03:46,826 [0142f219-2010-4dd4-9b28-37dd1adb64f0:group-BD302FC6FC1F:LeaderElection4] INFO  server.RaftServerConfigKeys (ConfUtils.java:logGet(43)) - raft.server.write.element-limit = 4096 (default)
2019-08-20 21:03:46,827 [0142f219-2010-4dd4-9b28-37dd1adb64f0:group-BD302FC6FC1F:LeaderElection4] INFO  server.RaftServerConfigKeys (ConfUtils.java:logGet(43)) - raft.server.watch.timeout = 10s (default)
2019-08-20 21:03:46,827 [0142f219-2010-4dd4-9b28-37dd1adb64f0:group-BD302FC6FC1F:LeaderElection4] INFO  server.RaftServerConfigKeys (ConfUtils.java:logGet(43)) - raft.server.watch.timeout.denomination = 1s (default)
2019-08-20 21:03:46,827 [0142f219-2010-4dd4-9b28-37dd1adb64f0:group-BD302FC6FC1F:LeaderElection4] INFO  server.RaftServerConfigKeys (ConfUtils.java:logGet(43)) - raft.server.watch.element-limit = 65536 (default)
2019-08-20 21:03:46,827 [0142f219-2010-4dd4-9b28-37dd1adb64f0:group-BD302FC6FC1F:LeaderElection4] INFO  impl.RoleInfo (RoleInfo.java:updateAndGet(143)) - 0142f219-2010-4dd4-9b28-37dd1adb64f0: start LeaderState
2019-08-20 21:03:46,827 [0142f219-2010-4dd4-9b28-37dd1adb64f0:group-BD302FC6FC1F:LeaderElection4] INFO  segmented.SegmentedRaftLogWorker (SegmentedRaftLogWorker.java:startLogSegment(380)) - 0142f219-2010-4dd4-9b28-37dd1adb64f0-SegmentedRaftLogWorker:Storage Directory /workdir/hadoop-ozone/integration-test/target/test-dir/MiniOzoneClusterImpl-8530c380-4d42-4c39-9dcb-f7b018a0b755/datanode-6/data/ratis/f62af885-d98e-4d3e-8855-bd302fc6fc1f: Starting segment from index:0
2019-08-20 21:03:46,828 [0142f219-2010-4dd4-9b28-37dd1adb64f0:group-BD302FC6FC1F:LeaderElection4] INFO  impl.RaftServerImpl (ServerState.java:setRaftConf(361)) - 0142f219-2010-4dd4-9b28-37dd1adb64f0:group-BD302FC6FC1F set configuration 0: [0142f219-2010-4dd4-9b28-37dd1adb64f0:192.168.69.82:35370], old=null at 0
2019-08-20 21:03:46,890 [0142f219-2010-4dd4-9b28-37dd1adb64f0-SegmentedRaftLogWorker:Storage Directory /workdir/hadoop-ozone/integration-test/target/test-dir/MiniOzoneClusterImpl-8530c380-4d42-4c39-9dcb-f7b018a0b755/datanode-6/data/ratis/f62af885-d98e-4d3e-8855-bd302fc6fc1f] INFO  segmented.SegmentedRaftLogWorker (SegmentedRaftLogWorker.java:execute(569)) - 0142f219-2010-4dd4-9b28-37dd1adb64f0-SegmentedRaftLogWorker:Storage Directory /workdir/hadoop-ozone/integration-test/target/test-dir/MiniOzoneClusterImpl-8530c380-4d42-4c39-9dcb-f7b018a0b755/datanode-6/data/ratis/f62af885-d98e-4d3e-8855-bd302fc6fc1f: created new log segment /workdir/hadoop-ozone/integration-test/target/test-dir/MiniOzoneClusterImpl-8530c380-4d42-4c39-9dcb-f7b018a0b755/datanode-6/data/ratis/f62af885-d98e-4d3e-8855-bd302fc6fc1f/current/log_inprogress_0
2019-08-20 21:03:46,903 [Thread-251] INFO  impl.FollowerState (FollowerState.java:run(106)) - 73795144-c5ba-4a5b-b31f-2a1de4fbd7cf:group-485EAC0B3032 changes to CANDIDATE, lastRpcTime:5078, electionTimeout:5078ms
2019-08-20 21:03:46,903 [Thread-251] INFO  impl.RoleInfo (RoleInfo.java:shutdownFollowerState(121)) - 73795144-c5ba-4a5b-b31f-2a1de4fbd7cf: shutdown FollowerState
2019-08-20 21:03:46,903 [Thread-251] INFO  impl.RaftServerImpl (RaftServerImpl.java:setRole(171)) - 73795144-c5ba-4a5b-b31f-2a1de4fbd7cf:group-485EAC0B3032 changes role from FOLLOWER to CANDIDATE at term 0 for changeToCandidate
2019-08-20 21:03:46,903 [Thread-251] INFO  impl.RoleInfo (RoleInfo.java:updateAndGet(143)) - 73795144-c5ba-4a5b-b31f-2a1de4fbd7cf: start LeaderElection
2019-08-20 21:03:46,947 [73795144-c5ba-4a5b-b31f-2a1de4fbd7cf:group-485EAC0B3032:LeaderElection5] INFO  impl.LeaderElection (LeaderElection.java:askForVotes(181)) - 73795144-c5ba-4a5b-b31f-2a1de4fbd7cf:group-485EAC0B3032:LeaderElection5: begin an election at term 1 for -1: [73795144-c5ba-4a5b-b31f-2a1de4fbd7cf:192.168.69.82:41203], old=null
2019-08-20 21:03:46,949 [73795144-c5ba-4a5b-b31f-2a1de4fbd7cf:group-485EAC0B3032:LeaderElection5] INFO  impl.RoleInfo (RoleInfo.java:shutdownLeaderElection(134)) - 73795144-c5ba-4a5b-b31f-2a1de4fbd7cf: shutdown LeaderElection
2019-08-20 21:03:46,949 [73795144-c5ba-4a5b-b31f-2a1de4fbd7cf:group-485EAC0B3032:LeaderElection5] INFO  impl.RaftServerImpl (RaftServerImpl.java:setRole(171)) - 73795144-c5ba-4a5b-b31f-2a1de4fbd7cf:group-485EAC0B3032 changes role from CANDIDATE to LEADER at term 1 for changeToLeader
2019-08-20 21:03:46,949 [73795144-c5ba-4a5b-b31f-2a1de4fbd7cf:group-485EAC0B3032:LeaderElection5] INFO  impl.RaftServerImpl (ServerState.java:setLeader(263)) - 73795144-c5ba-4a5b-b31f-2a1de4fbd7cf:group-485EAC0B3032 change Leader from null to 73795144-c5ba-4a5b-b31f-2a1de4fbd7cf at term 1 for becomeLeader, leader elected after 5128ms
2019-08-20 21:03:46,951 [73795144-c5ba-4a5b-b31f-2a1de4fbd7cf:group-485EAC0B3032:LeaderElection5] INFO  server.RaftServerConfigKeys (ConfUtils.java:logGet(43)) - raft.server.staging.catchup.gap = 1000 (default)
2019-08-20 21:03:46,951 [73795144-c5ba-4a5b-b31f-2a1de4fbd7cf:group-485EAC0B3032:LeaderElection5] INFO  server.RaftServerConfigKeys (ConfUtils.java:logGet(43)) - raft.server.rpc.sleep.time = 25ms (default)
2019-08-20 21:03:46,951 [73795144-c5ba-4a5b-b31f-2a1de4fbd7cf:group-485EAC0B3032:LeaderElection5] INFO  server.RaftServerConfigKeys (ConfUtils.java:logGet(43)) - raft.server.write.element-limit = 4096 (default)
2019-08-20 21:03:46,951 [73795144-c5ba-4a5b-b31f-2a1de4fbd7cf:group-485EAC0B3032:LeaderElection5] INFO  server.RaftServerConfigKeys (ConfUtils.java:logGet(43)) - raft.server.watch.timeout = 10s (default)
2019-08-20 21:03:46,951 [73795144-c5ba-4a5b-b31f-2a1de4fbd7cf:group-485EAC0B3032:LeaderElection5] INFO  server.RaftServerConfigKeys (ConfUtils.java:logGet(43)) - raft.server.watch.timeout.denomination = 1s (default)
2019-08-20 21:03:46,951 [73795144-c5ba-4a5b-b31f-2a1de4fbd7cf:group-485EAC0B3032:LeaderElection5] INFO  server.RaftServerConfigKeys (ConfUtils.java:logGet(43)) - raft.server.watch.element-limit = 65536 (default)
2019-08-20 21:03:46,952 [73795144-c5ba-4a5b-b31f-2a1de4fbd7cf:group-485EAC0B3032:LeaderElection5] INFO  impl.RoleInfo (RoleInfo.java:updateAndGet(143)) - 73795144-c5ba-4a5b-b31f-2a1de4fbd7cf: start LeaderState
2019-08-20 21:03:46,952 [73795144-c5ba-4a5b-b31f-2a1de4fbd7cf:group-485EAC0B3032:LeaderElection5] INFO  segmented.SegmentedRaftLogWorker (SegmentedRaftLogWorker.java:startLogSegment(380)) - 73795144-c5ba-4a5b-b31f-2a1de4fbd7cf-SegmentedRaftLogWorker:Storage Directory /workdir/hadoop-ozone/integration-test/target/test-dir/MiniOzoneClusterImpl-8530c380-4d42-4c39-9dcb-f7b018a0b755/datanode-1/data/ratis/bfcab1d0-5fa0-4120-bc40-485eac0b3032: Starting segment from index:0
2019-08-20 21:03:46,952 [73795144-c5ba-4a5b-b31f-2a1de4fbd7cf:group-485EAC0B3032:LeaderElection5] INFO  impl.RaftServerImpl (ServerState.java:setRaftConf(361)) - 73795144-c5ba-4a5b-b31f-2a1de4fbd7cf:group-485EAC0B3032 set configuration 0: [73795144-c5ba-4a5b-b31f-2a1de4fbd7cf:192.168.69.82:41203], old=null at 0
2019-08-20 21:03:46,982 [Thread-254] INFO  impl.FollowerState (FollowerState.java:run(106)) - 20f4c63a-f727-4ecb-b331-ca75036dc5d5:group-2F9CF27BA20E changes to CANDIDATE, lastRpcTime:5079, electionTimeout:5079ms
2019-08-20 21:03:46,982 [Thread-254] INFO  impl.RoleInfo (RoleInfo.java:shutdownFollowerState(121)) - 20f4c63a-f727-4ecb-b331-ca75036dc5d5: shutdown FollowerState
2019-08-20 21:03:46,982 [Thread-254] INFO  impl.RaftServerImpl (RaftServerImpl.java:setRole(171)) - 20f4c63a-f727-4ecb-b331-ca75036dc5d5:group-2F9CF27BA20E changes role from FOLLOWER to CANDIDATE at term 0 for changeToCandidate
2019-08-20 21:03:46,982 [Thread-254] INFO  impl.RoleInfo (RoleInfo.java:updateAndGet(143)) - 20f4c63a-f727-4ecb-b331-ca75036dc5d5: start LeaderElection
2019-08-20 21:03:46,990 | INFO  | SCMAudit | user=jenkins1000 | ip=192.168.69.82 | op=SEND_HEARTBEAT {datanodeUUID=6d5416e4-8315-4b81-9662-120605ef18be, command=[]} | ret=SUCCESS |  
2019-08-20 21:03:46,990 | INFO  | SCMAudit | user=jenkins1000 | ip=192.168.69.82 | op=SEND_HEARTBEAT {datanodeUUID=6d7420a7-bf02-42d2-9563-60ec8301a9c5, command=[]} | ret=SUCCESS |  
2019-08-20 21:03:47,020 [73795144-c5ba-4a5b-b31f-2a1de4fbd7cf-SegmentedRaftLogWorker:Storage Directory /workdir/hadoop-ozone/integration-test/target/test-dir/MiniOzoneClusterImpl-8530c380-4d42-4c39-9dcb-f7b018a0b755/datanode-1/data/ratis/bfcab1d0-5fa0-4120-bc40-485eac0b3032] INFO  segmented.SegmentedRaftLogWorker (SegmentedRaftLogWorker.java:execute(569)) - 73795144-c5ba-4a5b-b31f-2a1de4fbd7cf-SegmentedRaftLogWorker:Storage Directory /workdir/hadoop-ozone/integration-test/target/test-dir/MiniOzoneClusterImpl-8530c380-4d42-4c39-9dcb-f7b018a0b755/datanode-1/data/ratis/bfcab1d0-5fa0-4120-bc40-485eac0b3032: created new log segment /workdir/hadoop-ozone/integration-test/target/test-dir/MiniOzoneClusterImpl-8530c380-4d42-4c39-9dcb-f7b018a0b755/datanode-1/data/ratis/bfcab1d0-5fa0-4120-bc40-485eac0b3032/current/log_inprogress_0
2019-08-20 21:03:47,024 [20f4c63a-f727-4ecb-b331-ca75036dc5d5:group-2F9CF27BA20E:LeaderElection6] INFO  impl.LeaderElection (LeaderElection.java:askForVotes(181)) - 20f4c63a-f727-4ecb-b331-ca75036dc5d5:group-2F9CF27BA20E:LeaderElection6: begin an election at term 1 for -1: [20f4c63a-f727-4ecb-b331-ca75036dc5d5:192.168.69.82:37888], old=null
2019-08-20 21:03:47,024 [20f4c63a-f727-4ecb-b331-ca75036dc5d5:group-2F9CF27BA20E:LeaderElection6] INFO  impl.RoleInfo (RoleInfo.java:shutdownLeaderElection(134)) - 20f4c63a-f727-4ecb-b331-ca75036dc5d5: shutdown LeaderElection
2019-08-20 21:03:47,024 [20f4c63a-f727-4ecb-b331-ca75036dc5d5:group-2F9CF27BA20E:LeaderElection6] INFO  impl.RaftServerImpl (RaftServerImpl.java:setRole(171)) - 20f4c63a-f727-4ecb-b331-ca75036dc5d5:group-2F9CF27BA20E changes role from CANDIDATE to LEADER at term 1 for changeToLeader
2019-08-20 21:03:47,024 [20f4c63a-f727-4ecb-b331-ca75036dc5d5:group-2F9CF27BA20E:LeaderElection6] INFO  impl.RaftServerImpl (ServerState.java:setLeader(263)) - 20f4c63a-f727-4ecb-b331-ca75036dc5d5:group-2F9CF27BA20E change Leader from null to 20f4c63a-f727-4ecb-b331-ca75036dc5d5 at term 1 for becomeLeader, leader elected after 5128ms
2019-08-20 21:03:47,027 [20f4c63a-f727-4ecb-b331-ca75036dc5d5:group-2F9CF27BA20E:LeaderElection6] INFO  server.RaftServerConfigKeys (ConfUtils.java:logGet(43)) - raft.server.staging.catchup.gap = 1000 (default)
2019-08-20 21:03:47,027 [20f4c63a-f727-4ecb-b331-ca75036dc5d5:group-2F9CF27BA20E:LeaderElection6] INFO  server.RaftServerConfigKeys (ConfUtils.java:logGet(43)) - raft.server.rpc.sleep.time = 25ms (default)
2019-08-20 21:03:47,027 [20f4c63a-f727-4ecb-b331-ca75036dc5d5:group-2F9CF27BA20E:LeaderElection6] INFO  server.RaftServerConfigKeys (ConfUtils.java:logGet(43)) - raft.server.write.element-limit = 4096 (default)
2019-08-20 21:03:47,027 [20f4c63a-f727-4ecb-b331-ca75036dc5d5:group-2F9CF27BA20E:LeaderElection6] INFO  server.RaftServerConfigKeys (ConfUtils.java:logGet(43)) - raft.server.watch.timeout = 10s (default)
2019-08-20 21:03:47,028 [20f4c63a-f727-4ecb-b331-ca75036dc5d5:group-2F9CF27BA20E:LeaderElection6] INFO  server.RaftServerConfigKeys (ConfUtils.java:logGet(43)) - raft.server.watch.timeout.denomination = 1s (default)
2019-08-20 21:03:47,028 [20f4c63a-f727-4ecb-b331-ca75036dc5d5:group-2F9CF27BA20E:LeaderElection6] INFO  server.RaftServerConfigKeys (ConfUtils.java:logGet(43)) - raft.server.watch.element-limit = 65536 (default)
2019-08-20 21:03:47,028 [20f4c63a-f727-4ecb-b331-ca75036dc5d5:group-2F9CF27BA20E:LeaderElection6] INFO  impl.RoleInfo (RoleInfo.java:updateAndGet(143)) - 20f4c63a-f727-4ecb-b331-ca75036dc5d5: start LeaderState
2019-08-20 21:03:47,028 [20f4c63a-f727-4ecb-b331-ca75036dc5d5:group-2F9CF27BA20E:LeaderElection6] INFO  segmented.SegmentedRaftLogWorker (SegmentedRaftLogWorker.java:startLogSegment(380)) - 20f4c63a-f727-4ecb-b331-ca75036dc5d5-SegmentedRaftLogWorker:Storage Directory /workdir/hadoop-ozone/integration-test/target/test-dir/MiniOzoneClusterImpl-8530c380-4d42-4c39-9dcb-f7b018a0b755/datanode-4/data/ratis/f8d44a1d-d928-45fa-8922-2f9cf27ba20e: Starting segment from index:0
2019-08-20 21:03:47,029 [20f4c63a-f727-4ecb-b331-ca75036dc5d5:group-2F9CF27BA20E:LeaderElection6] INFO  impl.RaftServerImpl (ServerState.java:setRaftConf(361)) - 20f4c63a-f727-4ecb-b331-ca75036dc5d5:group-2F9CF27BA20E set configuration 0: [20f4c63a-f727-4ecb-b331-ca75036dc5d5:192.168.69.82:37888], old=null at 0
2019-08-20 21:03:47,078 [Thread-265] INFO  impl.FollowerState (FollowerState.java:run(106)) - 6d5416e4-8315-4b81-9662-120605ef18be:group-5E96761CA3B7 changes to CANDIDATE, lastRpcTime:5014, electionTimeout:5014ms
2019-08-20 21:03:47,080 [Thread-265] INFO  impl.RoleInfo (RoleInfo.java:shutdownFollowerState(121)) - 6d5416e4-8315-4b81-9662-120605ef18be: shutdown FollowerState
2019-08-20 21:03:47,080 [Thread-265] INFO  impl.RaftServerImpl (RaftServerImpl.java:setRole(171)) - 6d5416e4-8315-4b81-9662-120605ef18be:group-5E96761CA3B7 changes role from FOLLOWER to CANDIDATE at term 0 for changeToCandidate
2019-08-20 21:03:47,080 [Thread-265] INFO  impl.RoleInfo (RoleInfo.java:updateAndGet(143)) - 6d5416e4-8315-4b81-9662-120605ef18be: start LeaderElection
2019-08-20 21:03:47,091 [Thread-257] INFO  impl.FollowerState (FollowerState.java:run(106)) - f2aa3567-7f19-4bd2-befa-7aee6e2a4d26:group-191A85F8548F changes to CANDIDATE, lastRpcTime:5108, electionTimeout:5108ms
2019-08-20 21:03:47,091 [Thread-257] INFO  impl.RoleInfo (RoleInfo.java:shutdownFollowerState(121)) - f2aa3567-7f19-4bd2-befa-7aee6e2a4d26: shutdown FollowerState
2019-08-20 21:03:47,092 [Thread-257] INFO  impl.RaftServerImpl (RaftServerImpl.java:setRole(171)) - f2aa3567-7f19-4bd2-befa-7aee6e2a4d26:group-191A85F8548F changes role from FOLLOWER to CANDIDATE at term 0 for changeToCandidate
2019-08-20 21:03:47,092 [Thread-257] INFO  impl.RoleInfo (RoleInfo.java:updateAndGet(143)) - f2aa3567-7f19-4bd2-befa-7aee6e2a4d26: start LeaderElection
2019-08-20 21:03:47,099 [20f4c63a-f727-4ecb-b331-ca75036dc5d5-SegmentedRaftLogWorker:Storage Directory /workdir/hadoop-ozone/integration-test/target/test-dir/MiniOzoneClusterImpl-8530c380-4d42-4c39-9dcb-f7b018a0b755/datanode-4/data/ratis/f8d44a1d-d928-45fa-8922-2f9cf27ba20e] INFO  segmented.SegmentedRaftLogWorker (SegmentedRaftLogWorker.java:execute(569)) - 20f4c63a-f727-4ecb-b331-ca75036dc5d5-SegmentedRaftLogWorker:Storage Directory /workdir/hadoop-ozone/integration-test/target/test-dir/MiniOzoneClusterImpl-8530c380-4d42-4c39-9dcb-f7b018a0b755/datanode-4/data/ratis/f8d44a1d-d928-45fa-8922-2f9cf27ba20e: created new log segment /workdir/hadoop-ozone/integration-test/target/test-dir/MiniOzoneClusterImpl-8530c380-4d42-4c39-9dcb-f7b018a0b755/datanode-4/data/ratis/f8d44a1d-d928-45fa-8922-2f9cf27ba20e/current/log_inprogress_0
2019-08-20 21:03:47,102 [f2aa3567-7f19-4bd2-befa-7aee6e2a4d26:group-191A85F8548F:LeaderElection8] INFO  impl.LeaderElection (LeaderElection.java:askForVotes(181)) - f2aa3567-7f19-4bd2-befa-7aee6e2a4d26:group-191A85F8548F:LeaderElection8: begin an election at term 1 for -1: [f2aa3567-7f19-4bd2-befa-7aee6e2a4d26:192.168.69.82:33303], old=null
2019-08-20 21:03:47,102 [6d5416e4-8315-4b81-9662-120605ef18be:group-5E96761CA3B7:LeaderElection7] INFO  impl.LeaderElection (LeaderElection.java:askForVotes(181)) - 6d5416e4-8315-4b81-9662-120605ef18be:group-5E96761CA3B7:LeaderElection7: begin an election at term 1 for -1: [0142f219-2010-4dd4-9b28-37dd1adb64f0:192.168.69.82:35370, 6d5416e4-8315-4b81-9662-120605ef18be:192.168.69.82:35939, e7e6e6c0-3e74-4894-8cf7-2a72b9d88373:192.168.69.82:32779], old=null
2019-08-20 21:03:47,104 [f2aa3567-7f19-4bd2-befa-7aee6e2a4d26:group-191A85F8548F:LeaderElection8] INFO  impl.RoleInfo (RoleInfo.java:shutdownLeaderElection(134)) - f2aa3567-7f19-4bd2-befa-7aee6e2a4d26: shutdown LeaderElection
2019-08-20 21:03:47,104 [f2aa3567-7f19-4bd2-befa-7aee6e2a4d26:group-191A85F8548F:LeaderElection8] INFO  impl.RaftServerImpl (RaftServerImpl.java:setRole(171)) - f2aa3567-7f19-4bd2-befa-7aee6e2a4d26:group-191A85F8548F changes role from CANDIDATE to LEADER at term 1 for changeToLeader
2019-08-20 21:03:47,104 [f2aa3567-7f19-4bd2-befa-7aee6e2a4d26:group-191A85F8548F:LeaderElection8] INFO  impl.RaftServerImpl (ServerState.java:setLeader(263)) - f2aa3567-7f19-4bd2-befa-7aee6e2a4d26:group-191A85F8548F change Leader from null to f2aa3567-7f19-4bd2-befa-7aee6e2a4d26 at term 1 for becomeLeader, leader elected after 5124ms
2019-08-20 21:03:47,106 [f2aa3567-7f19-4bd2-befa-7aee6e2a4d26:group-191A85F8548F:LeaderElection8] INFO  server.RaftServerConfigKeys (ConfUtils.java:logGet(43)) - raft.server.staging.catchup.gap = 1000 (default)
2019-08-20 21:03:47,106 [f2aa3567-7f19-4bd2-befa-7aee6e2a4d26:group-191A85F8548F:LeaderElection8] INFO  server.RaftServerConfigKeys (ConfUtils.java:logGet(43)) - raft.server.rpc.sleep.time = 25ms (default)
2019-08-20 21:03:47,106 [f2aa3567-7f19-4bd2-befa-7aee6e2a4d26:group-191A85F8548F:LeaderElection8] INFO  server.RaftServerConfigKeys (ConfUtils.java:logGet(43)) - raft.server.write.element-limit = 4096 (default)
2019-08-20 21:03:47,106 [f2aa3567-7f19-4bd2-befa-7aee6e2a4d26:group-191A85F8548F:LeaderElection8] INFO  server.RaftServerConfigKeys (ConfUtils.java:logGet(43)) - raft.server.watch.timeout = 10s (default)
2019-08-20 21:03:47,106 [f2aa3567-7f19-4bd2-befa-7aee6e2a4d26:group-191A85F8548F:LeaderElection8] INFO  server.RaftServerConfigKeys (ConfUtils.java:logGet(43)) - raft.server.watch.timeout.denomination = 1s (default)
2019-08-20 21:03:47,106 [f2aa3567-7f19-4bd2-befa-7aee6e2a4d26:group-191A85F8548F:LeaderElection8] INFO  server.RaftServerConfigKeys (ConfUtils.java:logGet(43)) - raft.server.watch.element-limit = 65536 (default)
2019-08-20 21:03:47,107 [f2aa3567-7f19-4bd2-befa-7aee6e2a4d26:group-191A85F8548F:LeaderElection8] INFO  impl.RoleInfo (RoleInfo.java:updateAndGet(143)) - f2aa3567-7f19-4bd2-befa-7aee6e2a4d26: start LeaderState
2019-08-20 21:03:47,107 [f2aa3567-7f19-4bd2-befa-7aee6e2a4d26:group-191A85F8548F:LeaderElection8] INFO  segmented.SegmentedRaftLogWorker (SegmentedRaftLogWorker.java:startLogSegment(380)) - f2aa3567-7f19-4bd2-befa-7aee6e2a4d26-SegmentedRaftLogWorker:Storage Directory /workdir/hadoop-ozone/integration-test/target/test-dir/MiniOzoneClusterImpl-8530c380-4d42-4c39-9dcb-f7b018a0b755/datanode-5/data/ratis/4254e562-99b1-4b6d-a883-191a85f8548f: Starting segment from index:0
2019-08-20 21:03:47,108 [f2aa3567-7f19-4bd2-befa-7aee6e2a4d26:group-191A85F8548F:LeaderElection8] INFO  impl.RaftServerImpl (ServerState.java:setRaftConf(361)) - f2aa3567-7f19-4bd2-befa-7aee6e2a4d26:group-191A85F8548F set configuration 0: [f2aa3567-7f19-4bd2-befa-7aee6e2a4d26:192.168.69.82:33303], old=null at 0
2019-08-20 21:03:47,136 | INFO  | SCMAudit | user=jenkins1000 | ip=192.168.69.82 | op=SEND_HEARTBEAT {datanodeUUID=20f4c63a-f727-4ecb-b331-ca75036dc5d5, command=[]} | ret=SUCCESS |  
2019-08-20 21:03:47,150 [f2aa3567-7f19-4bd2-befa-7aee6e2a4d26-SegmentedRaftLogWorker:Storage Directory /workdir/hadoop-ozone/integration-test/target/test-dir/MiniOzoneClusterImpl-8530c380-4d42-4c39-9dcb-f7b018a0b755/datanode-5/data/ratis/4254e562-99b1-4b6d-a883-191a85f8548f] INFO  segmented.SegmentedRaftLogWorker (SegmentedRaftLogWorker.java:execute(569)) - f2aa3567-7f19-4bd2-befa-7aee6e2a4d26-SegmentedRaftLogWorker:Storage Directory /workdir/hadoop-ozone/integration-test/target/test-dir/MiniOzoneClusterImpl-8530c380-4d42-4c39-9dcb-f7b018a0b755/datanode-5/data/ratis/4254e562-99b1-4b6d-a883-191a85f8548f: created new log segment /workdir/hadoop-ozone/integration-test/target/test-dir/MiniOzoneClusterImpl-8530c380-4d42-4c39-9dcb-f7b018a0b755/datanode-5/data/ratis/4254e562-99b1-4b6d-a883-191a85f8548f/current/log_inprogress_0
2019-08-20 21:03:47,152 [Thread-264] INFO  impl.FollowerState (FollowerState.java:run(106)) - e7e6e6c0-3e74-4894-8cf7-2a72b9d88373:group-5E96761CA3B7 changes to CANDIDATE, lastRpcTime:5088, electionTimeout:5088ms
2019-08-20 21:03:47,152 [Thread-264] INFO  impl.RoleInfo (RoleInfo.java:shutdownFollowerState(121)) - e7e6e6c0-3e74-4894-8cf7-2a72b9d88373: shutdown FollowerState
2019-08-20 21:03:47,152 [Thread-264] INFO  impl.RaftServerImpl (RaftServerImpl.java:setRole(171)) - e7e6e6c0-3e74-4894-8cf7-2a72b9d88373:group-5E96761CA3B7 changes role from FOLLOWER to CANDIDATE at term 0 for changeToCandidate
2019-08-20 21:03:47,152 [Thread-264] INFO  impl.RoleInfo (RoleInfo.java:updateAndGet(143)) - e7e6e6c0-3e74-4894-8cf7-2a72b9d88373: start LeaderElection
2019-08-20 21:03:47,161 [grpc-default-executor-1] INFO  impl.RaftServerImpl (RaftServerImpl.java:setRole(171)) - 0142f219-2010-4dd4-9b28-37dd1adb64f0:group-5E96761CA3B7 changes role from FOLLOWER to FOLLOWER at term 1 for recognizeCandidate:6d5416e4-8315-4b81-9662-120605ef18be
2019-08-20 21:03:47,163 [grpc-default-executor-1] INFO  impl.RoleInfo (RoleInfo.java:shutdownFollowerState(121)) - 0142f219-2010-4dd4-9b28-37dd1adb64f0: shutdown FollowerState
2019-08-20 21:03:47,163 [grpc-default-executor-1] INFO  impl.RoleInfo (RoleInfo.java:updateAndGet(143)) - 0142f219-2010-4dd4-9b28-37dd1adb64f0: start FollowerState
2019-08-20 21:03:47,164 [e7e6e6c0-3e74-4894-8cf7-2a72b9d88373:group-5E96761CA3B7:LeaderElection9] INFO  impl.LeaderElection (LeaderElection.java:askForVotes(181)) - e7e6e6c0-3e74-4894-8cf7-2a72b9d88373:group-5E96761CA3B7:LeaderElection9: begin an election at term 1 for -1: [0142f219-2010-4dd4-9b28-37dd1adb64f0:192.168.69.82:35370, 6d5416e4-8315-4b81-9662-120605ef18be:192.168.69.82:35939, e7e6e6c0-3e74-4894-8cf7-2a72b9d88373:192.168.69.82:32779], old=null
2019-08-20 21:03:47,164 [Thread-263] INFO  impl.FollowerState (FollowerState.java:run(114)) - 0142f219-2010-4dd4-9b28-37dd1adb64f0: FollowerState was interrupted: java.lang.InterruptedException: sleep interrupted
2019-08-20 21:03:47,178 [Thread-274] INFO  impl.FollowerState (FollowerState.java:run(106)) - 6d7420a7-bf02-42d2-9563-60ec8301a9c5:group-3A916E625470 changes to CANDIDATE, lastRpcTime:5015, electionTimeout:5015ms
2019-08-20 21:03:47,185 [Thread-274] INFO  impl.RoleInfo (RoleInfo.java:shutdownFollowerState(121)) - 6d7420a7-bf02-42d2-9563-60ec8301a9c5: shutdown FollowerState
2019-08-20 21:03:47,185 [Thread-274] INFO  impl.RaftServerImpl (RaftServerImpl.java:setRole(171)) - 6d7420a7-bf02-42d2-9563-60ec8301a9c5:group-3A916E625470 changes role from FOLLOWER to CANDIDATE at term 0 for changeToCandidate
2019-08-20 21:03:47,186 [Thread-274] INFO  impl.RoleInfo (RoleInfo.java:updateAndGet(143)) - 6d7420a7-bf02-42d2-9563-60ec8301a9c5: start LeaderElection
2019-08-20 21:03:47,197 [6d5416e4-8315-4b81-9662-120605ef18be:group-5E96761CA3B7:LeaderElection7] INFO  impl.LeaderElection (LeaderElection.java:logAndReturn(56)) - 6d5416e4-8315-4b81-9662-120605ef18be:group-5E96761CA3B7:LeaderElection7: Election PASSED; received 2 response(s) [6d5416e4-8315-4b81-9662-120605ef18be<-0142f219-2010-4dd4-9b28-37dd1adb64f0#0:OK-t1, 6d5416e4-8315-4b81-9662-120605ef18be<-e7e6e6c0-3e74-4894-8cf7-2a72b9d88373#0:FAIL-t1] and 0 exception(s); 6d5416e4-8315-4b81-9662-120605ef18be:t1, leader=null, voted=6d5416e4-8315-4b81-9662-120605ef18be, raftlog=6d5416e4-8315-4b81-9662-120605ef18be-SegmentedRaftLog:OPENED:c-1,f-1,i0, conf=-1: [0142f219-2010-4dd4-9b28-37dd1adb64f0:192.168.69.82:35370, 6d5416e4-8315-4b81-9662-120605ef18be:192.168.69.82:35939, e7e6e6c0-3e74-4894-8cf7-2a72b9d88373:192.168.69.82:32779], old=null
2019-08-20 21:03:47,197 [e7e6e6c0-3e74-4894-8cf7-2a72b9d88373:group-5E96761CA3B7:LeaderElection9] INFO  impl.LeaderElection (LeaderElection.java:logAndReturn(56)) - e7e6e6c0-3e74-4894-8cf7-2a72b9d88373:group-5E96761CA3B7:LeaderElection9: Election REJECTED; received 2 response(s) [e7e6e6c0-3e74-4894-8cf7-2a72b9d88373<-0142f219-2010-4dd4-9b28-37dd1adb64f0#0:FAIL-t1, e7e6e6c0-3e74-4894-8cf7-2a72b9d88373<-6d5416e4-8315-4b81-9662-120605ef18be#0:FAIL-t1] and 0 exception(s); e7e6e6c0-3e74-4894-8cf7-2a72b9d88373:t1, leader=null, voted=e7e6e6c0-3e74-4894-8cf7-2a72b9d88373, raftlog=e7e6e6c0-3e74-4894-8cf7-2a72b9d88373-SegmentedRaftLog:OPENED:c-1,f-1,i0, conf=-1: [0142f219-2010-4dd4-9b28-37dd1adb64f0:192.168.69.82:35370, 6d5416e4-8315-4b81-9662-120605ef18be:192.168.69.82:35939, e7e6e6c0-3e74-4894-8cf7-2a72b9d88373:192.168.69.82:32779], old=null
2019-08-20 21:03:47,197 [6d5416e4-8315-4b81-9662-120605ef18be:group-5E96761CA3B7:LeaderElection7] INFO  impl.RoleInfo (RoleInfo.java:shutdownLeaderElection(134)) - 6d5416e4-8315-4b81-9662-120605ef18be: shutdown LeaderElection
2019-08-20 21:03:47,199 [e7e6e6c0-3e74-4894-8cf7-2a72b9d88373:group-5E96761CA3B7:LeaderElection9] INFO  impl.RaftServerImpl (RaftServerImpl.java:setRole(171)) - e7e6e6c0-3e74-4894-8cf7-2a72b9d88373:group-5E96761CA3B7 changes role from CANDIDATE to FOLLOWER at term 1 for DISCOVERED_A_NEW_TERM
2019-08-20 21:03:47,202 [6d5416e4-8315-4b81-9662-120605ef18be:group-5E96761CA3B7:LeaderElection7] INFO  impl.RaftServerImpl (RaftServerImpl.java:setRole(171)) - 6d5416e4-8315-4b81-9662-120605ef18be:group-5E96761CA3B7 changes role from CANDIDATE to LEADER at term 1 for changeToLeader
2019-08-20 21:03:47,205 [6d7420a7-bf02-42d2-9563-60ec8301a9c5:group-3A916E625470:LeaderElection10] INFO  impl.LeaderElection (LeaderElection.java:askForVotes(181)) - 6d7420a7-bf02-42d2-9563-60ec8301a9c5:group-3A916E625470:LeaderElection10: begin an election at term 1 for -1: [73795144-c5ba-4a5b-b31f-2a1de4fbd7cf:192.168.69.82:41203, 6d7420a7-bf02-42d2-9563-60ec8301a9c5:192.168.69.82:45270, 20f4c63a-f727-4ecb-b331-ca75036dc5d5:192.168.69.82:37888], old=null
2019-08-20 21:03:47,205 [e7e6e6c0-3e74-4894-8cf7-2a72b9d88373:group-5E96761CA3B7:LeaderElection9] INFO  impl.RoleInfo (RoleInfo.java:shutdownLeaderElection(134)) - e7e6e6c0-3e74-4894-8cf7-2a72b9d88373: shutdown LeaderElection
2019-08-20 21:03:47,205 [6d5416e4-8315-4b81-9662-120605ef18be:group-5E96761CA3B7:LeaderElection7] INFO  impl.RaftServerImpl (ServerState.java:setLeader(263)) - 6d5416e4-8315-4b81-9662-120605ef18be:group-5E96761CA3B7 change Leader from null to 6d5416e4-8315-4b81-9662-120605ef18be at term 1 for becomeLeader, leader elected after 5159ms
2019-08-20 21:03:47,205 [e7e6e6c0-3e74-4894-8cf7-2a72b9d88373:group-5E96761CA3B7:LeaderElection9] INFO  impl.RoleInfo (RoleInfo.java:updateAndGet(143)) - e7e6e6c0-3e74-4894-8cf7-2a72b9d88373: start FollowerState
2019-08-20 21:03:47,205 [6d5416e4-8315-4b81-9662-120605ef18be:group-5E96761CA3B7:LeaderElection7] INFO  server.RaftServerConfigKeys (ConfUtils.java:logGet(43)) - raft.server.staging.catchup.gap = 1000 (default)
2019-08-20 21:03:47,205 [6d5416e4-8315-4b81-9662-120605ef18be:group-5E96761CA3B7:LeaderElection7] INFO  server.RaftServerConfigKeys (ConfUtils.java:logGet(43)) - raft.server.rpc.sleep.time = 25ms (default)
2019-08-20 21:03:47,207 [6d5416e4-8315-4b81-9662-120605ef18be:group-5E96761CA3B7:LeaderElection7] INFO  server.RaftServerConfigKeys (ConfUtils.java:logGet(43)) - raft.server.write.element-limit = 4096 (default)
2019-08-20 21:03:47,207 [6d5416e4-8315-4b81-9662-120605ef18be:group-5E96761CA3B7:LeaderElection7] INFO  server.RaftServerConfigKeys (ConfUtils.java:logGet(43)) - raft.server.watch.timeout = 10s (default)
2019-08-20 21:03:47,207 [6d5416e4-8315-4b81-9662-120605ef18be:group-5E96761CA3B7:LeaderElection7] INFO  server.RaftServerConfigKeys (ConfUtils.java:logGet(43)) - raft.server.watch.timeout.denomination = 1s (default)
2019-08-20 21:03:47,208 [6d5416e4-8315-4b81-9662-120605ef18be:group-5E96761CA3B7:LeaderElection7] INFO  server.RaftServerConfigKeys (ConfUtils.java:logGet(43)) - raft.server.watch.element-limit = 65536 (default)
2019-08-20 21:03:47,211 [6d5416e4-8315-4b81-9662-120605ef18be:group-5E96761CA3B7:LeaderElection7] INFO  server.RaftServerConfigKeys (ConfUtils.java:logGet(43)) - raft.server.log.appender.snapshot.chunk.size.max = 16MB (=16777216) (default)
2019-08-20 21:03:47,211 [6d5416e4-8315-4b81-9662-120605ef18be:group-5E96761CA3B7:LeaderElection7] INFO  server.RaftServerConfigKeys (ConfUtils.java:logGet(43)) - raft.server.log.appender.buffer.byte-limit = 33554432 (custom)
2019-08-20 21:03:47,212 [6d5416e4-8315-4b81-9662-120605ef18be:group-5E96761CA3B7:LeaderElection7] INFO  server.RaftServerConfigKeys (ConfUtils.java:logGet(43)) - raft.server.log.appender.buffer.element-limit = 1 (custom)
2019-08-20 21:03:47,216 [grpc-default-executor-3] INFO  impl.RaftServerImpl (RaftServerImpl.java:setRole(171)) - 20f4c63a-f727-4ecb-b331-ca75036dc5d5:group-3A916E625470 changes role from FOLLOWER to FOLLOWER at term 1 for recognizeCandidate:6d7420a7-bf02-42d2-9563-60ec8301a9c5
2019-08-20 21:03:47,216 [grpc-default-executor-3] INFO  impl.RoleInfo (RoleInfo.java:shutdownFollowerState(121)) - 20f4c63a-f727-4ecb-b331-ca75036dc5d5: shutdown FollowerState
2019-08-20 21:03:47,217 [grpc-default-executor-0] INFO  impl.RaftServerImpl (RaftServerImpl.java:setRole(171)) - 73795144-c5ba-4a5b-b31f-2a1de4fbd7cf:group-3A916E625470 changes role from FOLLOWER to FOLLOWER at term 1 for recognizeCandidate:6d7420a7-bf02-42d2-9563-60ec8301a9c5
2019-08-20 21:03:47,217 [Thread-275] INFO  impl.FollowerState (FollowerState.java:run(114)) - 20f4c63a-f727-4ecb-b331-ca75036dc5d5: FollowerState was interrupted: java.lang.InterruptedException: sleep interrupted
2019-08-20 21:03:47,217 [grpc-default-executor-0] INFO  impl.RoleInfo (RoleInfo.java:shutdownFollowerState(121)) - 73795144-c5ba-4a5b-b31f-2a1de4fbd7cf: shutdown FollowerState
2019-08-20 21:03:47,217 [grpc-default-executor-3] INFO  impl.RoleInfo (RoleInfo.java:updateAndGet(143)) - 20f4c63a-f727-4ecb-b331-ca75036dc5d5: start FollowerState
2019-08-20 21:03:47,219 [Thread-270] INFO  impl.FollowerState (FollowerState.java:run(114)) - 73795144-c5ba-4a5b-b31f-2a1de4fbd7cf: FollowerState was interrupted: java.lang.InterruptedException: sleep interrupted
2019-08-20 21:03:47,219 [grpc-default-executor-0] INFO  impl.RoleInfo (RoleInfo.java:updateAndGet(143)) - 73795144-c5ba-4a5b-b31f-2a1de4fbd7cf: start FollowerState
2019-08-20 21:03:47,221 | INFO  | SCMAudit | user=jenkins1000 | ip=192.168.69.82 | op=SEND_HEARTBEAT {datanodeUUID=e7e6e6c0-3e74-4894-8cf7-2a72b9d88373, command=[]} | ret=SUCCESS |  
2019-08-20 21:03:47,222 [6d5416e4-8315-4b81-9662-120605ef18be:group-5E96761CA3B7:LeaderElection7] INFO  grpc.GrpcConfigKeys$Server (ConfUtils.java:logGet(43)) - raft.grpc.server.leader.outstanding.appends.max = 128 (default)
2019-08-20 21:03:47,223 [6d5416e4-8315-4b81-9662-120605ef18be:group-5E96761CA3B7:LeaderElection7] INFO  server.RaftServerConfigKeys (ConfUtils.java:logGet(43)) - raft.server.rpc.request.timeout = 3000ms (default)
2019-08-20 21:03:47,223 [6d5416e4-8315-4b81-9662-120605ef18be:group-5E96761CA3B7:LeaderElection7] INFO  server.RaftServerConfigKeys (ConfUtils.java:logGet(43)) - raft.server.log.appender.install.snapshot.enabled = false (custom)
2019-08-20 21:03:47,223 [6d5416e4-8315-4b81-9662-120605ef18be:group-5E96761CA3B7:LeaderElection7] INFO  server.RaftServerConfigKeys (ConfUtils.java:logGet(43)) - raft.server.log.appender.snapshot.chunk.size.max = 16MB (=16777216) (default)
2019-08-20 21:03:47,224 [6d5416e4-8315-4b81-9662-120605ef18be:group-5E96761CA3B7:LeaderElection7] INFO  server.RaftServerConfigKeys (ConfUtils.java:logGet(43)) - raft.server.log.appender.buffer.byte-limit = 33554432 (custom)
2019-08-20 21:03:47,224 [6d5416e4-8315-4b81-9662-120605ef18be:group-5E96761CA3B7:LeaderElection7] INFO  server.RaftServerConfigKeys (ConfUtils.java:logGet(43)) - raft.server.log.appender.buffer.element-limit = 1 (custom)
2019-08-20 21:03:47,224 [6d5416e4-8315-4b81-9662-120605ef18be:group-5E96761CA3B7:LeaderElection7] INFO  grpc.GrpcConfigKeys$Server (ConfUtils.java:logGet(43)) - raft.grpc.server.leader.outstanding.appends.max = 128 (default)
2019-08-20 21:03:47,224 [6d5416e4-8315-4b81-9662-120605ef18be:group-5E96761CA3B7:LeaderElection7] INFO  server.RaftServerConfigKeys (ConfUtils.java:logGet(43)) - raft.server.rpc.request.timeout = 3000ms (default)
2019-08-20 21:03:47,225 [6d5416e4-8315-4b81-9662-120605ef18be:group-5E96761CA3B7:LeaderElection7] INFO  server.RaftServerConfigKeys (ConfUtils.java:logGet(43)) - raft.server.log.appender.install.snapshot.enabled = false (custom)
2019-08-20 21:03:47,226 [6d5416e4-8315-4b81-9662-120605ef18be:group-5E96761CA3B7:LeaderElection7] INFO  impl.RoleInfo (RoleInfo.java:updateAndGet(143)) - 6d5416e4-8315-4b81-9662-120605ef18be: start LeaderState
2019-08-20 21:03:47,226 [6d5416e4-8315-4b81-9662-120605ef18be:group-5E96761CA3B7:LeaderElection7] INFO  segmented.SegmentedRaftLogWorker (SegmentedRaftLogWorker.java:startLogSegment(380)) - 6d5416e4-8315-4b81-9662-120605ef18be-SegmentedRaftLogWorker:Storage Directory /workdir/hadoop-ozone/integration-test/target/test-dir/MiniOzoneClusterImpl-8530c380-4d42-4c39-9dcb-f7b018a0b755/datanode-2/data/ratis/f429fc03-d225-4a2e-bfe3-5e96761ca3b7: Starting segment from index:0
2019-08-20 21:03:47,227 [6d5416e4-8315-4b81-9662-120605ef18be:group-5E96761CA3B7:LeaderElection7] INFO  impl.RaftServerImpl (ServerState.java:setRaftConf(361)) - 6d5416e4-8315-4b81-9662-120605ef18be:group-5E96761CA3B7 set configuration 0: [0142f219-2010-4dd4-9b28-37dd1adb64f0:192.168.69.82:35370, 6d5416e4-8315-4b81-9662-120605ef18be:192.168.69.82:35939, e7e6e6c0-3e74-4894-8cf7-2a72b9d88373:192.168.69.82:32779], old=null at 0
2019-08-20 21:03:47,260 [6d7420a7-bf02-42d2-9563-60ec8301a9c5:group-3A916E625470:LeaderElection10] INFO  impl.LeaderElection (LeaderElection.java:logAndReturn(56)) - 6d7420a7-bf02-42d2-9563-60ec8301a9c5:group-3A916E625470:LeaderElection10: Election PASSED; received 1 response(s) [6d7420a7-bf02-42d2-9563-60ec8301a9c5<-73795144-c5ba-4a5b-b31f-2a1de4fbd7cf#0:OK-t1] and 0 exception(s); 6d7420a7-bf02-42d2-9563-60ec8301a9c5:t1, leader=null, voted=6d7420a7-bf02-42d2-9563-60ec8301a9c5, raftlog=6d7420a7-bf02-42d2-9563-60ec8301a9c5-SegmentedRaftLog:OPENED:c-1,f-1,i0, conf=-1: [73795144-c5ba-4a5b-b31f-2a1de4fbd7cf:192.168.69.82:41203, 6d7420a7-bf02-42d2-9563-60ec8301a9c5:192.168.69.82:45270, 20f4c63a-f727-4ecb-b331-ca75036dc5d5:192.168.69.82:37888], old=null
2019-08-20 21:03:47,260 [6d7420a7-bf02-42d2-9563-60ec8301a9c5:group-3A916E625470:LeaderElection10] INFO  impl.RoleInfo (RoleInfo.java:shutdownLeaderElection(134)) - 6d7420a7-bf02-42d2-9563-60ec8301a9c5: shutdown LeaderElection
2019-08-20 21:03:47,262 [6d7420a7-bf02-42d2-9563-60ec8301a9c5:group-3A916E625470:LeaderElection10] INFO  impl.RaftServerImpl (RaftServerImpl.java:setRole(171)) - 6d7420a7-bf02-42d2-9563-60ec8301a9c5:group-3A916E625470 changes role from CANDIDATE to LEADER at term 1 for changeToLeader
2019-08-20 21:03:47,262 [6d7420a7-bf02-42d2-9563-60ec8301a9c5:group-3A916E625470:LeaderElection10] INFO  impl.RaftServerImpl (ServerState.java:setLeader(263)) - 6d7420a7-bf02-42d2-9563-60ec8301a9c5:group-3A916E625470 change Leader from null to 6d7420a7-bf02-42d2-9563-60ec8301a9c5 at term 1 for becomeLeader, leader elected after 5109ms
2019-08-20 21:03:47,262 [6d7420a7-bf02-42d2-9563-60ec8301a9c5:group-3A916E625470:LeaderElection10] INFO  server.RaftServerConfigKeys (ConfUtils.java:logGet(43)) - raft.server.staging.catchup.gap = 1000 (default)
2019-08-20 21:03:47,262 [6d7420a7-bf02-42d2-9563-60ec8301a9c5:group-3A916E625470:LeaderElection10] INFO  server.RaftServerConfigKeys (ConfUtils.java:logGet(43)) - raft.server.rpc.sleep.time = 25ms (default)
2019-08-20 21:03:47,262 [6d7420a7-bf02-42d2-9563-60ec8301a9c5:group-3A916E625470:LeaderElection10] INFO  server.RaftServerConfigKeys (ConfUtils.java:logGet(43)) - raft.server.write.element-limit = 4096 (default)
2019-08-20 21:03:47,263 [6d7420a7-bf02-42d2-9563-60ec8301a9c5:group-3A916E625470:LeaderElection10] INFO  server.RaftServerConfigKeys (ConfUtils.java:logGet(43)) - raft.server.watch.timeout = 10s (default)
2019-08-20 21:03:47,263 [6d7420a7-bf02-42d2-9563-60ec8301a9c5:group-3A916E625470:LeaderElection10] INFO  server.RaftServerConfigKeys (ConfUtils.java:logGet(43)) - raft.server.watch.timeout.denomination = 1s (default)
2019-08-20 21:03:47,263 [6d7420a7-bf02-42d2-9563-60ec8301a9c5:group-3A916E625470:LeaderElection10] INFO  server.RaftServerConfigKeys (ConfUtils.java:logGet(43)) - raft.server.watch.element-limit = 65536 (default)
2019-08-20 21:03:47,263 [6d7420a7-bf02-42d2-9563-60ec8301a9c5:group-3A916E625470:LeaderElection10] INFO  server.RaftServerConfigKeys (ConfUtils.java:logGet(43)) - raft.server.log.appender.snapshot.chunk.size.max = 16MB (=16777216) (default)
2019-08-20 21:03:47,263 [6d7420a7-bf02-42d2-9563-60ec8301a9c5:group-3A916E625470:LeaderElection10] INFO  server.RaftServerConfigKeys (ConfUtils.java:logGet(43)) - raft.server.log.appender.buffer.byte-limit = 33554432 (custom)
2019-08-20 21:03:47,263 [6d7420a7-bf02-42d2-9563-60ec8301a9c5:group-3A916E625470:LeaderElection10] INFO  server.RaftServerConfigKeys (ConfUtils.java:logGet(43)) - raft.server.log.appender.buffer.element-limit = 1 (custom)
2019-08-20 21:03:47,263 [6d7420a7-bf02-42d2-9563-60ec8301a9c5:group-3A916E625470:LeaderElection10] INFO  grpc.GrpcConfigKeys$Server (ConfUtils.java:logGet(43)) - raft.grpc.server.leader.outstanding.appends.max = 128 (default)
2019-08-20 21:03:47,266 [6d5416e4-8315-4b81-9662-120605ef18be-SegmentedRaftLogWorker:Storage Directory /workdir/hadoop-ozone/integration-test/target/test-dir/MiniOzoneClusterImpl-8530c380-4d42-4c39-9dcb-f7b018a0b755/datanode-2/data/ratis/f429fc03-d225-4a2e-bfe3-5e96761ca3b7] INFO  segmented.SegmentedRaftLogWorker (SegmentedRaftLogWorker.java:execute(569)) - 6d5416e4-8315-4b81-9662-120605ef18be-SegmentedRaftLogWorker:Storage Directory /workdir/hadoop-ozone/integration-test/target/test-dir/MiniOzoneClusterImpl-8530c380-4d42-4c39-9dcb-f7b018a0b755/datanode-2/data/ratis/f429fc03-d225-4a2e-bfe3-5e96761ca3b7: created new log segment /workdir/hadoop-ozone/integration-test/target/test-dir/MiniOzoneClusterImpl-8530c380-4d42-4c39-9dcb-f7b018a0b755/datanode-2/data/ratis/f429fc03-d225-4a2e-bfe3-5e96761ca3b7/current/log_inprogress_0
2019-08-20 21:03:47,266 [6d7420a7-bf02-42d2-9563-60ec8301a9c5:group-3A916E625470:LeaderElection10] INFO  server.RaftServerConfigKeys (ConfUtils.java:logGet(43)) - raft.server.rpc.request.timeout = 3000ms (default)
2019-08-20 21:03:47,267 [6d7420a7-bf02-42d2-9563-60ec8301a9c5:group-3A916E625470:LeaderElection10] INFO  server.RaftServerConfigKeys (ConfUtils.java:logGet(43)) - raft.server.log.appender.install.snapshot.enabled = false (custom)
2019-08-20 21:03:47,268 [6d7420a7-bf02-42d2-9563-60ec8301a9c5:group-3A916E625470:LeaderElection10] INFO  server.RaftServerConfigKeys (ConfUtils.java:logGet(43)) - raft.server.log.appender.snapshot.chunk.size.max = 16MB (=16777216) (default)
2019-08-20 21:03:47,268 [6d7420a7-bf02-42d2-9563-60ec8301a9c5:group-3A916E625470:LeaderElection10] INFO  server.RaftServerConfigKeys (ConfUtils.java:logGet(43)) - raft.server.log.appender.buffer.byte-limit = 33554432 (custom)
2019-08-20 21:03:47,268 [6d7420a7-bf02-42d2-9563-60ec8301a9c5:group-3A916E625470:LeaderElection10] INFO  server.RaftServerConfigKeys (ConfUtils.java:logGet(43)) - raft.server.log.appender.buffer.element-limit = 1 (custom)
2019-08-20 21:03:47,268 [6d7420a7-bf02-42d2-9563-60ec8301a9c5:group-3A916E625470:LeaderElection10] INFO  grpc.GrpcConfigKeys$Server (ConfUtils.java:logGet(43)) - raft.grpc.server.leader.outstanding.appends.max = 128 (default)
2019-08-20 21:03:47,268 [6d7420a7-bf02-42d2-9563-60ec8301a9c5:group-3A916E625470:LeaderElection10] INFO  server.RaftServerConfigKeys (ConfUtils.java:logGet(43)) - raft.server.rpc.request.timeout = 3000ms (default)
2019-08-20 21:03:47,268 [6d7420a7-bf02-42d2-9563-60ec8301a9c5:group-3A916E625470:LeaderElection10] INFO  server.RaftServerConfigKeys (ConfUtils.java:logGet(43)) - raft.server.log.appender.install.snapshot.enabled = false (custom)
2019-08-20 21:03:47,268 [6d7420a7-bf02-42d2-9563-60ec8301a9c5:group-3A916E625470:LeaderElection10] INFO  impl.RoleInfo (RoleInfo.java:updateAndGet(143)) - 6d7420a7-bf02-42d2-9563-60ec8301a9c5: start LeaderState
2019-08-20 21:03:47,269 [6d7420a7-bf02-42d2-9563-60ec8301a9c5:group-3A916E625470:LeaderElection10] INFO  segmented.SegmentedRaftLogWorker (SegmentedRaftLogWorker.java:startLogSegment(380)) - 6d7420a7-bf02-42d2-9563-60ec8301a9c5-SegmentedRaftLogWorker:Storage Directory /workdir/hadoop-ozone/integration-test/target/test-dir/MiniOzoneClusterImpl-8530c380-4d42-4c39-9dcb-f7b018a0b755/datanode-3/data/ratis/479780eb-9f7a-4f75-a296-3a916e625470: Starting segment from index:0
2019-08-20 21:03:47,269 [6d7420a7-bf02-42d2-9563-60ec8301a9c5:group-3A916E625470:LeaderElection10] INFO  impl.RaftServerImpl (ServerState.java:setRaftConf(361)) - 6d7420a7-bf02-42d2-9563-60ec8301a9c5:group-3A916E625470 set configuration 0: [73795144-c5ba-4a5b-b31f-2a1de4fbd7cf:192.168.69.82:41203, 6d7420a7-bf02-42d2-9563-60ec8301a9c5:192.168.69.82:45270, 20f4c63a-f727-4ecb-b331-ca75036dc5d5:192.168.69.82:37888], old=null at 0
2019-08-20 21:03:47,302 [6d7420a7-bf02-42d2-9563-60ec8301a9c5-SegmentedRaftLogWorker:Storage Directory /workdir/hadoop-ozone/integration-test/target/test-dir/MiniOzoneClusterImpl-8530c380-4d42-4c39-9dcb-f7b018a0b755/datanode-3/data/ratis/479780eb-9f7a-4f75-a296-3a916e625470] INFO  segmented.SegmentedRaftLogWorker (SegmentedRaftLogWorker.java:execute(569)) - 6d7420a7-bf02-42d2-9563-60ec8301a9c5-SegmentedRaftLogWorker:Storage Directory /workdir/hadoop-ozone/integration-test/target/test-dir/MiniOzoneClusterImpl-8530c380-4d42-4c39-9dcb-f7b018a0b755/datanode-3/data/ratis/479780eb-9f7a-4f75-a296-3a916e625470: created new log segment /workdir/hadoop-ozone/integration-test/target/test-dir/MiniOzoneClusterImpl-8530c380-4d42-4c39-9dcb-f7b018a0b755/datanode-3/data/ratis/479780eb-9f7a-4f75-a296-3a916e625470/current/log_inprogress_0
2019-08-20 21:03:47,311 [grpc-default-executor-4] INFO  impl.RaftServerImpl (ServerState.java:setLeader(263)) - 73795144-c5ba-4a5b-b31f-2a1de4fbd7cf:group-3A916E625470 change Leader from null to 6d7420a7-bf02-42d2-9563-60ec8301a9c5 at term 1 for appendEntries, leader elected after 5157ms
2019-08-20 21:03:47,314 [grpc-default-executor-2] INFO  impl.RaftServerImpl (ServerState.java:setLeader(263)) - 20f4c63a-f727-4ecb-b331-ca75036dc5d5:group-3A916E625470 change Leader from null to 6d7420a7-bf02-42d2-9563-60ec8301a9c5 at term 1 for appendEntries, leader elected after 5161ms
2019-08-20 21:03:47,315 [grpc-default-executor-0] INFO  impl.RaftServerImpl (ServerState.java:setLeader(263)) - 0142f219-2010-4dd4-9b28-37dd1adb64f0:group-5E96761CA3B7 change Leader from null to 6d5416e4-8315-4b81-9662-120605ef18be at term 1 for appendEntries, leader elected after 5267ms
2019-08-20 21:03:47,315 [grpc-default-executor-3] INFO  impl.RaftServerImpl (ServerState.java:setLeader(263)) - e7e6e6c0-3e74-4894-8cf7-2a72b9d88373:group-5E96761CA3B7 change Leader from null to 6d5416e4-8315-4b81-9662-120605ef18be at term 1 for appendEntries, leader elected after 5269ms
2019-08-20 21:03:47,345 [grpc-default-executor-0] INFO  impl.RaftServerImpl (ServerState.java:setRaftConf(361)) - e7e6e6c0-3e74-4894-8cf7-2a72b9d88373:group-5E96761CA3B7 set configuration 0: [0142f219-2010-4dd4-9b28-37dd1adb64f0:192.168.69.82:35370, 6d5416e4-8315-4b81-9662-120605ef18be:192.168.69.82:35939, e7e6e6c0-3e74-4894-8cf7-2a72b9d88373:192.168.69.82:32779], old=null at 0
2019-08-20 21:03:47,345 [grpc-default-executor-3] INFO  impl.RaftServerImpl (ServerState.java:setRaftConf(361)) - 73795144-c5ba-4a5b-b31f-2a1de4fbd7cf:group-3A916E625470 set configuration 0: [73795144-c5ba-4a5b-b31f-2a1de4fbd7cf:192.168.69.82:41203, 6d7420a7-bf02-42d2-9563-60ec8301a9c5:192.168.69.82:45270, 20f4c63a-f727-4ecb-b331-ca75036dc5d5:192.168.69.82:37888], old=null at 0
2019-08-20 21:03:47,345 [grpc-default-executor-4] INFO  impl.RaftServerImpl (ServerState.java:setRaftConf(361)) - 0142f219-2010-4dd4-9b28-37dd1adb64f0:group-5E96761CA3B7 set configuration 0: [0142f219-2010-4dd4-9b28-37dd1adb64f0:192.168.69.82:35370, 6d5416e4-8315-4b81-9662-120605ef18be:192.168.69.82:35939, e7e6e6c0-3e74-4894-8cf7-2a72b9d88373:192.168.69.82:32779], old=null at 0
2019-08-20 21:03:47,345 [grpc-default-executor-2] INFO  impl.RaftServerImpl (ServerState.java:setRaftConf(361)) - 20f4c63a-f727-4ecb-b331-ca75036dc5d5:group-3A916E625470 set configuration 0: [73795144-c5ba-4a5b-b31f-2a1de4fbd7cf:192.168.69.82:41203, 6d7420a7-bf02-42d2-9563-60ec8301a9c5:192.168.69.82:45270, 20f4c63a-f727-4ecb-b331-ca75036dc5d5:192.168.69.82:37888], old=null at 0
2019-08-20 21:03:47,345 [grpc-default-executor-4] INFO  segmented.SegmentedRaftLogWorker (SegmentedRaftLogWorker.java:startLogSegment(380)) - 0142f219-2010-4dd4-9b28-37dd1adb64f0-SegmentedRaftLogWorker:Storage Directory /workdir/hadoop-ozone/integration-test/target/test-dir/MiniOzoneClusterImpl-8530c380-4d42-4c39-9dcb-f7b018a0b755/datanode-6/data/ratis/f429fc03-d225-4a2e-bfe3-5e96761ca3b7: Starting segment from index:0
2019-08-20 21:03:47,345 [grpc-default-executor-3] INFO  segmented.SegmentedRaftLogWorker (SegmentedRaftLogWorker.java:startLogSegment(380)) - 73795144-c5ba-4a5b-b31f-2a1de4fbd7cf-SegmentedRaftLogWorker:Storage Directory /workdir/hadoop-ozone/integration-test/target/test-dir/MiniOzoneClusterImpl-8530c380-4d42-4c39-9dcb-f7b018a0b755/datanode-1/data/ratis/479780eb-9f7a-4f75-a296-3a916e625470: Starting segment from index:0
2019-08-20 21:03:47,345 [grpc-default-executor-0] INFO  segmented.SegmentedRaftLogWorker (SegmentedRaftLogWorker.java:startLogSegment(380)) - e7e6e6c0-3e74-4894-8cf7-2a72b9d88373-SegmentedRaftLogWorker:Storage Directory /workdir/hadoop-ozone/integration-test/target/test-dir/MiniOzoneClusterImpl-8530c380-4d42-4c39-9dcb-f7b018a0b755/datanode-0/data/ratis/f429fc03-d225-4a2e-bfe3-5e96761ca3b7: Starting segment from index:0
2019-08-20 21:03:47,346 [grpc-default-executor-2] INFO  segmented.SegmentedRaftLogWorker (SegmentedRaftLogWorker.java:startLogSegment(380)) - 20f4c63a-f727-4ecb-b331-ca75036dc5d5-SegmentedRaftLogWorker:Storage Directory /workdir/hadoop-ozone/integration-test/target/test-dir/MiniOzoneClusterImpl-8530c380-4d42-4c39-9dcb-f7b018a0b755/datanode-4/data/ratis/479780eb-9f7a-4f75-a296-3a916e625470: Starting segment from index:0
2019-08-20 21:03:47,376 [20f4c63a-f727-4ecb-b331-ca75036dc5d5-SegmentedRaftLogWorker:Storage Directory /workdir/hadoop-ozone/integration-test/target/test-dir/MiniOzoneClusterImpl-8530c380-4d42-4c39-9dcb-f7b018a0b755/datanode-4/data/ratis/479780eb-9f7a-4f75-a296-3a916e625470] INFO  segmented.SegmentedRaftLogWorker (SegmentedRaftLogWorker.java:execute(569)) - 20f4c63a-f727-4ecb-b331-ca75036dc5d5-SegmentedRaftLogWorker:Storage Directory /workdir/hadoop-ozone/integration-test/target/test-dir/MiniOzoneClusterImpl-8530c380-4d42-4c39-9dcb-f7b018a0b755/datanode-4/data/ratis/479780eb-9f7a-4f75-a296-3a916e625470: created new log segment /workdir/hadoop-ozone/integration-test/target/test-dir/MiniOzoneClusterImpl-8530c380-4d42-4c39-9dcb-f7b018a0b755/datanode-4/data/ratis/479780eb-9f7a-4f75-a296-3a916e625470/current/log_inprogress_0
2019-08-20 21:03:47,379 [0142f219-2010-4dd4-9b28-37dd1adb64f0-SegmentedRaftLogWorker:Storage Directory /workdir/hadoop-ozone/integration-test/target/test-dir/MiniOzoneClusterImpl-8530c380-4d42-4c39-9dcb-f7b018a0b755/datanode-6/data/ratis/f429fc03-d225-4a2e-bfe3-5e96761ca3b7] INFO  segmented.SegmentedRaftLogWorker (SegmentedRaftLogWorker.java:execute(569)) - 0142f219-2010-4dd4-9b28-37dd1adb64f0-SegmentedRaftLogWorker:Storage Directory /workdir/hadoop-ozone/integration-test/target/test-dir/MiniOzoneClusterImpl-8530c380-4d42-4c39-9dcb-f7b018a0b755/datanode-6/data/ratis/f429fc03-d225-4a2e-bfe3-5e96761ca3b7: created new log segment /workdir/hadoop-ozone/integration-test/target/test-dir/MiniOzoneClusterImpl-8530c380-4d42-4c39-9dcb-f7b018a0b755/datanode-6/data/ratis/f429fc03-d225-4a2e-bfe3-5e96761ca3b7/current/log_inprogress_0
2019-08-20 21:03:47,384 [73795144-c5ba-4a5b-b31f-2a1de4fbd7cf-SegmentedRaftLogWorker:Storage Directory /workdir/hadoop-ozone/integration-test/target/test-dir/MiniOzoneClusterImpl-8530c380-4d42-4c39-9dcb-f7b018a0b755/datanode-1/data/ratis/479780eb-9f7a-4f75-a296-3a916e625470] INFO  segmented.SegmentedRaftLogWorker (SegmentedRaftLogWorker.java:execute(569)) - 73795144-c5ba-4a5b-b31f-2a1de4fbd7cf-SegmentedRaftLogWorker:Storage Directory /workdir/hadoop-ozone/integration-test/target/test-dir/MiniOzoneClusterImpl-8530c380-4d42-4c39-9dcb-f7b018a0b755/datanode-1/data/ratis/479780eb-9f7a-4f75-a296-3a916e625470: created new log segment /workdir/hadoop-ozone/integration-test/target/test-dir/MiniOzoneClusterImpl-8530c380-4d42-4c39-9dcb-f7b018a0b755/datanode-1/data/ratis/479780eb-9f7a-4f75-a296-3a916e625470/current/log_inprogress_0
2019-08-20 21:03:47,384 [e7e6e6c0-3e74-4894-8cf7-2a72b9d88373-SegmentedRaftLogWorker:Storage Directory /workdir/hadoop-ozone/integration-test/target/test-dir/MiniOzoneClusterImpl-8530c380-4d42-4c39-9dcb-f7b018a0b755/datanode-0/data/ratis/f429fc03-d225-4a2e-bfe3-5e96761ca3b7] INFO  segmented.SegmentedRaftLogWorker (SegmentedRaftLogWorker.java:execute(569)) - e7e6e6c0-3e74-4894-8cf7-2a72b9d88373-SegmentedRaftLogWorker:Storage Directory /workdir/hadoop-ozone/integration-test/target/test-dir/MiniOzoneClusterImpl-8530c380-4d42-4c39-9dcb-f7b018a0b755/datanode-0/data/ratis/f429fc03-d225-4a2e-bfe3-5e96761ca3b7: created new log segment /workdir/hadoop-ozone/integration-test/target/test-dir/MiniOzoneClusterImpl-8530c380-4d42-4c39-9dcb-f7b018a0b755/datanode-0/data/ratis/f429fc03-d225-4a2e-bfe3-5e96761ca3b7/current/log_inprogress_0
2019-08-20 21:03:47,432 | INFO  | SCMAudit | user=jenkins1000 | ip=192.168.69.82 | op=SEND_HEARTBEAT {datanodeUUID=f2aa3567-7f19-4bd2-befa-7aee6e2a4d26, command=[]} | ret=SUCCESS |  
2019-08-20 21:03:47,468 | INFO  | SCMAudit | user=jenkins1000 | ip=192.168.69.82 | op=SEND_HEARTBEAT {datanodeUUID=73795144-c5ba-4a5b-b31f-2a1de4fbd7cf, command=[]} | ret=SUCCESS |  
2019-08-20 21:03:47,623 | INFO  | SCMAudit | user=jenkins1000 | ip=192.168.69.82 | op=SEND_HEARTBEAT {datanodeUUID=0142f219-2010-4dd4-9b28-37dd1adb64f0, command=[]} | ret=SUCCESS |  
2019-08-20 21:03:47,673 [grpc-default-executor-2] INFO  client.GrpcClientProtocolClient (GrpcClientProtocolClient.java:onNext(255)) - client-3928019D8D35->e7e6e6c0-3e74-4894-8cf7-2a72b9d88373: receive RaftClientReply:client-3928019D8D35->e7e6e6c0-3e74-4894-8cf7-2a72b9d88373@group-5E96761CA3B7, cid=13, FAILED org.apache.ratis.protocol.NotLeaderException: Server e7e6e6c0-3e74-4894-8cf7-2a72b9d88373 is not the leader (6d5416e4-8315-4b81-9662-120605ef18be:192.168.69.82:35939). Request must be sent to leader., logIndex=0, commits[e7e6e6c0-3e74-4894-8cf7-2a72b9d88373:c0, 0142f219-2010-4dd4-9b28-37dd1adb64f0:c-1, 6d5416e4-8315-4b81-9662-120605ef18be:c0]
2019-08-20 21:03:47,886 | INFO  | SCMAudit | user=jenkins1000 | ip=192.168.69.82 | op=SEND_HEARTBEAT {datanodeUUID=0142f219-2010-4dd4-9b28-37dd1adb64f0, command=[]} | ret=SUCCESS |  
2019-08-20 21:03:47,886 | INFO  | SCMAudit | user=jenkins1000 | ip=192.168.69.82 | op=SEND_HEARTBEAT {datanodeUUID=e7e6e6c0-3e74-4894-8cf7-2a72b9d88373, command=[]} | ret=SUCCESS |  
2019-08-20 21:03:47,886 | INFO  | SCMAudit | user=jenkins1000 | ip=192.168.69.82 | op=SEND_HEARTBEAT {datanodeUUID=6d5416e4-8315-4b81-9662-120605ef18be, command=[]} | ret=SUCCESS |  
2019-08-20 21:03:47,893 | INFO  | DNAudit | user=null | ip=null | op=CREATE_CONTAINER {containerID=1, containerType=KeyValueContainer} | ret=SUCCESS |  
2019-08-20 21:03:47,893 | INFO  | DNAudit | user=null | ip=null | op=CREATE_CONTAINER {containerID=1, containerType=KeyValueContainer} | ret=SUCCESS |  
2019-08-20 21:03:47,893 | INFO  | DNAudit | user=null | ip=null | op=CREATE_CONTAINER {containerID=1, containerType=KeyValueContainer} | ret=SUCCESS |  
2019-08-20 21:03:47,900 [grpc-default-executor-2] INFO  client.GrpcClientProtocolClient (GrpcClientProtocolClient.java:onNext(255)) - client-3928019D8D35->6d5416e4-8315-4b81-9662-120605ef18be: receive RaftClientReply:client-3928019D8D35->6d5416e4-8315-4b81-9662-120605ef18be@group-5E96761CA3B7, cid=13, SUCCESS, logIndex=1, commits[6d5416e4-8315-4b81-9662-120605ef18be:c2, 0142f219-2010-4dd4-9b28-37dd1adb64f0:c1, e7e6e6c0-3e74-4894-8cf7-2a72b9d88373:c1]
2019-08-20 21:03:47,903 [main] INFO  datanode.ObjectStoreHandler (ObjectStoreHandler.java:close(155)) - Closing ObjectStoreHandler.
2019-08-20 21:03:47,905 [main] INFO  ozone.HddsDatanodeService (HddsDatanodeService.java:stop(451)) - Stopped plug-in org.apache.hadoop.ozone.web.OzoneHddsDatanodeService@2801827a
2019-08-20 21:03:47,985 | INFO  | SCMAudit | user=jenkins1000 | ip=192.168.69.82 | op=SEND_HEARTBEAT {datanodeUUID=6d7420a7-bf02-42d2-9563-60ec8301a9c5, command=[]} | ret=SUCCESS |  
2019-08-20 21:03:48,136 | INFO  | SCMAudit | user=jenkins1000 | ip=192.168.69.82 | op=SEND_HEARTBEAT {datanodeUUID=20f4c63a-f727-4ecb-b331-ca75036dc5d5, command=[]} | ret=SUCCESS |  
2019-08-20 21:03:48,433 | INFO  | SCMAudit | user=jenkins1000 | ip=192.168.69.82 | op=SEND_HEARTBEAT {datanodeUUID=f2aa3567-7f19-4bd2-befa-7aee6e2a4d26, command=[]} | ret=SUCCESS |  
2019-08-20 21:03:48,468 | INFO  | SCMAudit | user=jenkins1000 | ip=192.168.69.82 | op=SEND_HEARTBEAT {datanodeUUID=73795144-c5ba-4a5b-b31f-2a1de4fbd7cf, command=[]} | ret=SUCCESS |  
2019-08-20 21:03:48,870 [Datanode State Machine Thread - 0] INFO  statemachine.DatanodeStateMachine (DatanodeStateMachine.java:lambda$startDaemon$0(350)) - Ozone container server started.
2019-08-20 21:03:48,871 | INFO  | SCMAudit | user=jenkins1000 | ip=192.168.69.82 | op=SEND_HEARTBEAT {datanodeUUID=0142f219-2010-4dd4-9b28-37dd1adb64f0, command=[]} | ret=SUCCESS |  
2019-08-20 21:03:48,871 | INFO  | SCMAudit | user=jenkins1000 | ip=192.168.69.82 | op=SEND_HEARTBEAT {datanodeUUID=e7e6e6c0-3e74-4894-8cf7-2a72b9d88373, command=[]} | ret=SUCCESS |  
2019-08-20 21:03:48,986 | INFO  | SCMAudit | user=jenkins1000 | ip=192.168.69.82 | op=SEND_HEARTBEAT {datanodeUUID=6d7420a7-bf02-42d2-9563-60ec8301a9c5, command=[]} | ret=SUCCESS |  
2019-08-20 21:03:49,136 | INFO  | SCMAudit | user=jenkins1000 | ip=192.168.69.82 | op=SEND_HEARTBEAT {datanodeUUID=20f4c63a-f727-4ecb-b331-ca75036dc5d5, command=[]} | ret=SUCCESS |  
2019-08-20 21:03:49,433 | INFO  | SCMAudit | user=jenkins1000 | ip=192.168.69.82 | op=SEND_HEARTBEAT {datanodeUUID=f2aa3567-7f19-4bd2-befa-7aee6e2a4d26, command=[]} | ret=SUCCESS |  
2019-08-20 21:03:49,469 | INFO  | SCMAudit | user=jenkins1000 | ip=192.168.69.82 | op=SEND_HEARTBEAT {datanodeUUID=73795144-c5ba-4a5b-b31f-2a1de4fbd7cf, command=[]} | ret=SUCCESS |  
2019-08-20 21:03:49,871 | INFO  | SCMAudit | user=jenkins1000 | ip=192.168.69.82 | op=SEND_HEARTBEAT {datanodeUUID=e7e6e6c0-3e74-4894-8cf7-2a72b9d88373, command=[]} | ret=SUCCESS |  
2019-08-20 21:03:49,871 | INFO  | SCMAudit | user=jenkins1000 | ip=192.168.69.82 | op=SEND_HEARTBEAT {datanodeUUID=0142f219-2010-4dd4-9b28-37dd1adb64f0, command=[]} | ret=SUCCESS |  
2019-08-20 21:03:49,987 | INFO  | SCMAudit | user=jenkins1000 | ip=192.168.69.82 | op=SEND_HEARTBEAT {datanodeUUID=6d7420a7-bf02-42d2-9563-60ec8301a9c5, command=[]} | ret=SUCCESS |  
2019-08-20 21:03:50,135 | INFO  | SCMAudit | user=jenkins1000 | ip=192.168.69.82 | op=SEND_HEARTBEAT {datanodeUUID=20f4c63a-f727-4ecb-b331-ca75036dc5d5, command=[]} | ret=SUCCESS |  
2019-08-20 21:03:50,433 | INFO  | SCMAudit | user=jenkins1000 | ip=192.168.69.82 | op=SEND_HEARTBEAT {datanodeUUID=f2aa3567-7f19-4bd2-befa-7aee6e2a4d26, command=[]} | ret=SUCCESS |  
2019-08-20 21:03:50,468 | INFO  | SCMAudit | user=jenkins1000 | ip=192.168.69.82 | op=SEND_HEARTBEAT {datanodeUUID=73795144-c5ba-4a5b-b31f-2a1de4fbd7cf, command=[]} | ret=SUCCESS |  
2019-08-20 21:03:50,872 | INFO  | SCMAudit | user=jenkins1000 | ip=192.168.69.82 | op=SEND_HEARTBEAT {datanodeUUID=0142f219-2010-4dd4-9b28-37dd1adb64f0, command=[]} | ret=SUCCESS |  
2019-08-20 21:03:50,872 | INFO  | SCMAudit | user=jenkins1000 | ip=192.168.69.82 | op=SEND_HEARTBEAT {datanodeUUID=e7e6e6c0-3e74-4894-8cf7-2a72b9d88373, command=[]} | ret=SUCCESS |  
2019-08-20 21:03:50,987 | INFO  | SCMAudit | user=jenkins1000 | ip=192.168.69.82 | op=SEND_HEARTBEAT {datanodeUUID=6d7420a7-bf02-42d2-9563-60ec8301a9c5, command=[]} | ret=SUCCESS |  
2019-08-20 21:03:51,136 | INFO  | SCMAudit | user=jenkins1000 | ip=192.168.69.82 | op=SEND_HEARTBEAT {datanodeUUID=20f4c63a-f727-4ecb-b331-ca75036dc5d5, command=[]} | ret=SUCCESS |  
2019-08-20 21:03:51,432 | INFO  | SCMAudit | user=jenkins1000 | ip=192.168.69.82 | op=SEND_HEARTBEAT {datanodeUUID=f2aa3567-7f19-4bd2-befa-7aee6e2a4d26, command=[]} | ret=SUCCESS |  
2019-08-20 21:03:51,468 | INFO  | SCMAudit | user=jenkins1000 | ip=192.168.69.82 | op=SEND_HEARTBEAT {datanodeUUID=73795144-c5ba-4a5b-b31f-2a1de4fbd7cf, command=[]} | ret=SUCCESS |  
2019-08-20 21:03:51,872 | INFO  | SCMAudit | user=jenkins1000 | ip=192.168.69.82 | op=SEND_HEARTBEAT {datanodeUUID=0142f219-2010-4dd4-9b28-37dd1adb64f0, command=[]} | ret=SUCCESS |  
2019-08-20 21:03:51,872 | INFO  | SCMAudit | user=jenkins1000 | ip=192.168.69.82 | op=SEND_HEARTBEAT {datanodeUUID=e7e6e6c0-3e74-4894-8cf7-2a72b9d88373, command=[]} | ret=SUCCESS |  
2019-08-20 21:03:51,987 | INFO  | SCMAudit | user=jenkins1000 | ip=192.168.69.82 | op=SEND_HEARTBEAT {datanodeUUID=6d7420a7-bf02-42d2-9563-60ec8301a9c5, command=[]} | ret=SUCCESS |  
2019-08-20 21:03:52,136 | INFO  | SCMAudit | user=jenkins1000 | ip=192.168.69.82 | op=SEND_HEARTBEAT {datanodeUUID=20f4c63a-f727-4ecb-b331-ca75036dc5d5, command=[]} | ret=SUCCESS |  
2019-08-20 21:03:52,432 | INFO  | SCMAudit | user=jenkins1000 | ip=192.168.69.82 | op=SEND_HEARTBEAT {datanodeUUID=f2aa3567-7f19-4bd2-befa-7aee6e2a4d26, command=[]} | ret=SUCCESS |  
2019-08-20 21:03:52,469 | INFO  | SCMAudit | user=jenkins1000 | ip=192.168.69.82 | op=SEND_HEARTBEAT {datanodeUUID=73795144-c5ba-4a5b-b31f-2a1de4fbd7cf, command=[]} | ret=SUCCESS |  
2019-08-20 21:03:52,871 | INFO  | SCMAudit | user=jenkins1000 | ip=192.168.69.82 | op=SEND_HEARTBEAT {datanodeUUID=0142f219-2010-4dd4-9b28-37dd1adb64f0, command=[]} | ret=SUCCESS |  
2019-08-20 21:03:52,871 | INFO  | SCMAudit | user=jenkins1000 | ip=192.168.69.82 | op=SEND_HEARTBEAT {datanodeUUID=e7e6e6c0-3e74-4894-8cf7-2a72b9d88373, command=[]} | ret=SUCCESS |  
2019-08-20 21:03:52,906 [main] INFO  ozoneimpl.OzoneContainer (OzoneContainer.java:stop(199)) - Attempting to stop container services.
2019-08-20 21:03:52,907 [main] INFO  impl.RaftServerProxy (RaftServerProxy.java:lambda$close$4(314)) - 6d5416e4-8315-4b81-9662-120605ef18be: close
2019-08-20 21:03:52,909 [main] INFO  impl.RaftServerImpl (RaftServerImpl.java:lambda$shutdown$3(245)) - 6d5416e4-8315-4b81-9662-120605ef18be: shutdown group-D5ED6139C373
2019-08-20 21:03:52,910 [main] INFO  util.JmxRegister (JmxRegister.java:unregister(73)) - Successfully un-registered JMX Bean with object name Ratis:service=RaftServer,group=group-D5ED6139C373,id=6d5416e4-8315-4b81-9662-120605ef18be
2019-08-20 21:03:52,910 [main] INFO  impl.RoleInfo (RoleInfo.java:shutdownLeaderState(104)) - 6d5416e4-8315-4b81-9662-120605ef18be: shutdown LeaderState
2019-08-20 21:03:52,911 [main] INFO  impl.PendingRequests (PendingRequests.java:sendNotLeaderResponses(202)) - 6d5416e4-8315-4b81-9662-120605ef18be-PendingRequests: sendNotLeaderResponses
2019-08-20 21:03:52,912 [main] INFO  impl.StateMachineUpdater (StateMachineUpdater.java:stopAndJoin(115)) - StateMachineUpdater:6d5416e4-8315-4b81-9662-120605ef18be:group-D5ED6139C373: set stopIndex = 0
2019-08-20 21:03:52,916 [main] INFO  impl.RaftServerImpl (ServerState.java:close(394)) - 6d5416e4-8315-4b81-9662-120605ef18be:group-D5ED6139C373 closes. The last applied log index is 0
2019-08-20 21:03:52,917 [6d5416e4-8315-4b81-9662-120605ef18be-SegmentedRaftLogWorker:Storage Directory /workdir/hadoop-ozone/integration-test/target/test-dir/MiniOzoneClusterImpl-8530c380-4d42-4c39-9dcb-f7b018a0b755/datanode-2/data/ratis/d4cdb84a-cd3c-4c9a-9b6f-d5ed6139c373] INFO  segmented.SegmentedRaftLogWorker (SegmentedRaftLogWorker.java:run(313)) - 6d5416e4-8315-4b81-9662-120605ef18be-SegmentedRaftLogWorker:Storage Directory /workdir/hadoop-ozone/integration-test/target/test-dir/MiniOzoneClusterImpl-8530c380-4d42-4c39-9dcb-f7b018a0b755/datanode-2/data/ratis/d4cdb84a-cd3c-4c9a-9b6f-d5ed6139c373 was interrupted, exiting. There are 0 tasks remaining in the queue.
2019-08-20 21:03:52,920 [main] INFO  segmented.SegmentedRaftLogWorker (SegmentedRaftLogWorker.java:close(228)) - 6d5416e4-8315-4b81-9662-120605ef18be-SegmentedRaftLogWorker:Storage Directory /workdir/hadoop-ozone/integration-test/target/test-dir/MiniOzoneClusterImpl-8530c380-4d42-4c39-9dcb-f7b018a0b755/datanode-2/data/ratis/d4cdb84a-cd3c-4c9a-9b6f-d5ed6139c373 close()
2019-08-20 21:03:52,924 [main] INFO  impl.RaftServerImpl (RaftServerImpl.java:lambda$shutdown$3(245)) - 6d5416e4-8315-4b81-9662-120605ef18be: shutdown group-5E96761CA3B7
2019-08-20 21:03:52,924 [main] INFO  util.JmxRegister (JmxRegister.java:unregister(73)) - Successfully un-registered JMX Bean with object name Ratis:service=RaftServer,group=group-5E96761CA3B7,id=6d5416e4-8315-4b81-9662-120605ef18be
2019-08-20 21:03:52,924 [main] INFO  impl.RoleInfo (RoleInfo.java:shutdownLeaderState(104)) - 6d5416e4-8315-4b81-9662-120605ef18be: shutdown LeaderState
2019-08-20 21:03:52,928 [org.apache.ratis.server.impl.LogAppender$AppenderDaemon$$Lambda$477/1962164894@146ffc9e] WARN  server.GrpcLogAppender (GrpcLogAppender.java:mayWait(143)) - GrpcLogAppender(6d5416e4-8315-4b81-9662-120605ef18be->0142f219-2010-4dd4-9b28-37dd1adb64f0): Wait interrupted by java.lang.InterruptedException
2019-08-20 21:03:52,930 [main] INFO  impl.PendingRequests (PendingRequests.java:sendNotLeaderResponses(202)) - 6d5416e4-8315-4b81-9662-120605ef18be-PendingRequests: sendNotLeaderResponses
2019-08-20 21:03:52,930 [org.apache.ratis.server.impl.LogAppender$AppenderDaemon$$Lambda$477/1962164894@168bef24] WARN  server.GrpcLogAppender (GrpcLogAppender.java:mayWait(143)) - GrpcLogAppender(6d5416e4-8315-4b81-9662-120605ef18be->e7e6e6c0-3e74-4894-8cf7-2a72b9d88373): Wait interrupted by java.lang.InterruptedException
2019-08-20 21:03:52,942 [main] INFO  impl.StateMachineUpdater (StateMachineUpdater.java:stopAndJoin(115)) - StateMachineUpdater:6d5416e4-8315-4b81-9662-120605ef18be:group-5E96761CA3B7: set stopIndex = 2
2019-08-20 21:03:52,943 [StateMachineUpdater:6d5416e4-8315-4b81-9662-120605ef18be:group-5E96761CA3B7] INFO  ratis.ContainerStateMachine (ContainerStateMachine.java:takeSnapshot(271)) - group-5E96761CA3B7: Taking a snapshot at:(t:1, i:2) file /workdir/hadoop-ozone/integration-test/target/test-dir/MiniOzoneClusterImpl-8530c380-4d42-4c39-9dcb-f7b018a0b755/datanode-2/data/ratis/f429fc03-d225-4a2e-bfe3-5e96761ca3b7/sm/snapshot.1_2
2019-08-20 21:03:52,955 [grpc-default-executor-2] INFO  server.GrpcServerProtocolService (GrpcServerProtocolService.java:onCompleted(104)) - e7e6e6c0-3e74-4894-8cf7-2a72b9d88373: appendEntries completed
2019-08-20 21:03:52,955 [grpc-default-executor-3] INFO  server.GrpcServerProtocolService (GrpcServerProtocolService.java:onCompleted(104)) - 0142f219-2010-4dd4-9b28-37dd1adb64f0: appendEntries completed
2019-08-20 21:03:52,961 [grpc-default-executor-3] INFO  server.GrpcLogAppender (GrpcLogAppender.java:onCompleted(292)) - 6d5416e4-8315-4b81-9662-120605ef18be->e7e6e6c0-3e74-4894-8cf7-2a72b9d88373: follower responses appendEntries COMPLETED
2019-08-20 21:03:52,963 [grpc-default-executor-2] INFO  server.GrpcLogAppender (GrpcLogAppender.java:onCompleted(292)) - 6d5416e4-8315-4b81-9662-120605ef18be->0142f219-2010-4dd4-9b28-37dd1adb64f0: follower responses appendEntries COMPLETED
2019-08-20 21:03:52,968 [grpc-default-executor-3] INFO  impl.FollowerInfo (FollowerInfo.java:lambda$new$0(50)) - 6d5416e4-8315-4b81-9662-120605ef18be->e7e6e6c0-3e74-4894-8cf7-2a72b9d88373: nextIndex: updateUnconditionally 3 -> 2
2019-08-20 21:03:52,968 [grpc-default-executor-2] INFO  impl.FollowerInfo (FollowerInfo.java:lambda$new$0(50)) - 6d5416e4-8315-4b81-9662-120605ef18be->0142f219-2010-4dd4-9b28-37dd1adb64f0: nextIndex: updateUnconditionally 3 -> 2
2019-08-20 21:03:52,976 [StateMachineUpdater:6d5416e4-8315-4b81-9662-120605ef18be:group-5E96761CA3B7] INFO  ratis.ContainerStateMachine (ContainerStateMachine.java:takeSnapshot(282)) - group-5E96761CA3B7: Finished taking a snapshot at:(t:1, i:2) file:/workdir/hadoop-ozone/integration-test/target/test-dir/MiniOzoneClusterImpl-8530c380-4d42-4c39-9dcb-f7b018a0b755/datanode-2/data/ratis/f429fc03-d225-4a2e-bfe3-5e96761ca3b7/sm/snapshot.1_2 time:34
2019-08-20 21:03:52,976 [StateMachineUpdater:6d5416e4-8315-4b81-9662-120605ef18be:group-5E96761CA3B7] INFO  impl.StateMachineUpdater (StateMachineUpdater.java:takeSnapshot(242)) - StateMachineUpdater:6d5416e4-8315-4b81-9662-120605ef18be:group-5E96761CA3B7: Took a snapshot at index 2
2019-08-20 21:03:52,981 [StateMachineUpdater:6d5416e4-8315-4b81-9662-120605ef18be:group-5E96761CA3B7] INFO  impl.StateMachineUpdater (StateMachineUpdater.java:lambda$new$0(80)) - StateMachineUpdater:6d5416e4-8315-4b81-9662-120605ef18be:group-5E96761CA3B7: snapshotIndex: updateIncreasingly -1 -> 2
2019-08-20 21:03:52,986 | INFO  | SCMAudit | user=jenkins1000 | ip=192.168.69.82 | op=SEND_HEARTBEAT {datanodeUUID=6d7420a7-bf02-42d2-9563-60ec8301a9c5, command=[]} | ret=SUCCESS |  
2019-08-20 21:03:52,987 [main] INFO  impl.RaftServerImpl (ServerState.java:close(394)) - 6d5416e4-8315-4b81-9662-120605ef18be:group-5E96761CA3B7 closes. The last applied log index is 2
2019-08-20 21:03:52,987 [6d5416e4-8315-4b81-9662-120605ef18be-SegmentedRaftLogWorker:Storage Directory /workdir/hadoop-ozone/integration-test/target/test-dir/MiniOzoneClusterImpl-8530c380-4d42-4c39-9dcb-f7b018a0b755/datanode-2/data/ratis/f429fc03-d225-4a2e-bfe3-5e96761ca3b7] INFO  segmented.SegmentedRaftLogWorker (SegmentedRaftLogWorker.java:run(313)) - 6d5416e4-8315-4b81-9662-120605ef18be-SegmentedRaftLogWorker:Storage Directory /workdir/hadoop-ozone/integration-test/target/test-dir/MiniOzoneClusterImpl-8530c380-4d42-4c39-9dcb-f7b018a0b755/datanode-2/data/ratis/f429fc03-d225-4a2e-bfe3-5e96761ca3b7 was interrupted, exiting. There are 0 tasks remaining in the queue.
2019-08-20 21:03:52,990 [main] INFO  segmented.SegmentedRaftLogWorker (SegmentedRaftLogWorker.java:close(228)) - 6d5416e4-8315-4b81-9662-120605ef18be-SegmentedRaftLogWorker:Storage Directory /workdir/hadoop-ozone/integration-test/target/test-dir/MiniOzoneClusterImpl-8530c380-4d42-4c39-9dcb-f7b018a0b755/datanode-2/data/ratis/f429fc03-d225-4a2e-bfe3-5e96761ca3b7 close()
2019-08-20 21:03:52,993 [main] INFO  server.GrpcService (GrpcService.java:closeImpl(155)) - 6d5416e4-8315-4b81-9662-120605ef18be: shutdown server with port 35939 now
2019-08-20 21:03:52,996 [main] INFO  server.GrpcService (GrpcService.java:closeImpl(163)) - 6d5416e4-8315-4b81-9662-120605ef18be: shutdown server with port 35939 successfully
2019-08-20 21:03:52,997 [main] INFO  utils.BackgroundService (BackgroundService.java:shutdown(148)) - Shutting down service BlockDeletingService
2019-08-20 21:03:52,998 [refreshUsed-/workdir/hadoop-ozone/integration-test/target/test-dir/MiniOzoneClusterImpl-8530c380-4d42-4c39-9dcb-f7b018a0b755/datanode-2/data/containers] WARN  fs.CachingGetSpaceUsed (CachingGetSpaceUsed.java:run(183)) - Thread Interrupted waiting to refresh disk information: sleep interrupted
2019-08-20 21:03:53,020 [main] INFO  statemachine.DatanodeStateMachine (DatanodeStateMachine.java:stopDaemon(395)) - Ozone container server stopped.
2019-08-20 21:03:53,024 [main] INFO  handler.ContextHandler (ContextHandler.java:doStop(910)) - Stopped o.e.j.w.WebAppContext@40df6090{/,null,UNAVAILABLE}{/hddsDatanode}
2019-08-20 21:03:53,029 [main] INFO  server.AbstractConnector (AbstractConnector.java:doStop(318)) - Stopped ServerConnector@8c0a23f{HTTP/1.1,[http/1.1]}{0.0.0.0:0}
2019-08-20 21:03:53,030 [main] INFO  handler.ContextHandler (ContextHandler.java:doStop(910)) - Stopped o.e.j.s.ServletContextHandler@38e83838{/static,jar:file:/home/user/.m2/repository/org/apache/hadoop/hadoop-hdds-container-service/0.5.0-SNAPSHOT/hadoop-hdds-container-service-0.5.0-SNAPSHOT.jar!/webapps/static,UNAVAILABLE}
2019-08-20 21:03:53,030 [main] INFO  handler.ContextHandler (ContextHandler.java:doStop(910)) - Stopped o.e.j.s.ServletContextHandler@5e85c21b{/logs,file:///workdir/hadoop-ozone/integration-test/target/log,UNAVAILABLE}
2019-08-20 21:03:53,137 | INFO  | SCMAudit | user=jenkins1000 | ip=192.168.69.82 | op=SEND_HEARTBEAT {datanodeUUID=20f4c63a-f727-4ecb-b331-ca75036dc5d5, command=[]} | ret=SUCCESS |  
2019-08-20 21:03:53,433 | INFO  | SCMAudit | user=jenkins1000 | ip=192.168.69.82 | op=SEND_HEARTBEAT {datanodeUUID=f2aa3567-7f19-4bd2-befa-7aee6e2a4d26, command=[]} | ret=SUCCESS |  
2019-08-20 21:03:53,468 | INFO  | SCMAudit | user=jenkins1000 | ip=192.168.69.82 | op=SEND_HEARTBEAT {datanodeUUID=73795144-c5ba-4a5b-b31f-2a1de4fbd7cf, command=[]} | ret=SUCCESS |  
2019-08-20 21:03:53,871 | INFO  | SCMAudit | user=jenkins1000 | ip=192.168.69.82 | op=SEND_HEARTBEAT {datanodeUUID=0142f219-2010-4dd4-9b28-37dd1adb64f0, command=[]} | ret=SUCCESS |  
2019-08-20 21:03:53,871 | INFO  | SCMAudit | user=jenkins1000 | ip=192.168.69.82 | op=SEND_HEARTBEAT {datanodeUUID=e7e6e6c0-3e74-4894-8cf7-2a72b9d88373, command=[]} | ret=SUCCESS |  
2019-08-20 21:03:53,987 | INFO  | SCMAudit | user=jenkins1000 | ip=192.168.69.82 | op=SEND_HEARTBEAT {datanodeUUID=6d7420a7-bf02-42d2-9563-60ec8301a9c5, command=[]} | ret=SUCCESS |  
2019-08-20 21:03:54,136 | INFO  | SCMAudit | user=jenkins1000 | ip=192.168.69.82 | op=SEND_HEARTBEAT {datanodeUUID=20f4c63a-f727-4ecb-b331-ca75036dc5d5, command=[]} | ret=SUCCESS |  
2019-08-20 21:03:54,433 | INFO  | SCMAudit | user=jenkins1000 | ip=192.168.69.82 | op=SEND_HEARTBEAT {datanodeUUID=f2aa3567-7f19-4bd2-befa-7aee6e2a4d26, command=[]} | ret=SUCCESS |  
2019-08-20 21:03:54,469 | INFO  | SCMAudit | user=jenkins1000 | ip=192.168.69.82 | op=SEND_HEARTBEAT {datanodeUUID=73795144-c5ba-4a5b-b31f-2a1de4fbd7cf, command=[]} | ret=SUCCESS |  
2019-08-20 21:03:54,872 | INFO  | SCMAudit | user=jenkins1000 | ip=192.168.69.82 | op=SEND_HEARTBEAT {datanodeUUID=e7e6e6c0-3e74-4894-8cf7-2a72b9d88373, command=[]} | ret=SUCCESS |  
2019-08-20 21:03:54,872 | INFO  | SCMAudit | user=jenkins1000 | ip=192.168.69.82 | op=SEND_HEARTBEAT {datanodeUUID=0142f219-2010-4dd4-9b28-37dd1adb64f0, command=[]} | ret=SUCCESS |  
2019-08-20 21:03:54,988 | INFO  | SCMAudit | user=jenkins1000 | ip=192.168.69.82 | op=SEND_HEARTBEAT {datanodeUUID=6d7420a7-bf02-42d2-9563-60ec8301a9c5, command=[]} | ret=SUCCESS |  
2019-08-20 21:03:55,067 [grpc-default-executor-3] INFO  client.GrpcClientProtocolClient (GrpcClientProtocolClient.java:onNext(255)) - client-3928019D8D35->0142f219-2010-4dd4-9b28-37dd1adb64f0: receive RaftClientReply:client-3928019D8D35->0142f219-2010-4dd4-9b28-37dd1adb64f0@group-5E96761CA3B7, cid=14, FAILED org.apache.ratis.protocol.NotLeaderException: Server 0142f219-2010-4dd4-9b28-37dd1adb64f0 is not the leader (6d5416e4-8315-4b81-9662-120605ef18be:192.168.69.82:35939). Request must be sent to leader., logIndex=0, commits[0142f219-2010-4dd4-9b28-37dd1adb64f0:c2, 6d5416e4-8315-4b81-9662-120605ef18be:c2, e7e6e6c0-3e74-4894-8cf7-2a72b9d88373:c2]
2019-08-20 21:03:55,136 | INFO  | SCMAudit | user=jenkins1000 | ip=192.168.69.82 | op=SEND_HEARTBEAT {datanodeUUID=20f4c63a-f727-4ecb-b331-ca75036dc5d5, command=[]} | ret=SUCCESS |  
2019-08-20 21:03:55,432 | INFO  | SCMAudit | user=jenkins1000 | ip=192.168.69.82 | op=SEND_HEARTBEAT {datanodeUUID=f2aa3567-7f19-4bd2-befa-7aee6e2a4d26, command=[]} | ret=SUCCESS |  
2019-08-20 21:03:55,468 | INFO  | SCMAudit | user=jenkins1000 | ip=192.168.69.82 | op=SEND_HEARTBEAT {datanodeUUID=73795144-c5ba-4a5b-b31f-2a1de4fbd7cf, command=[]} | ret=SUCCESS |  
2019-08-20 21:03:55,872 | INFO  | SCMAudit | user=jenkins1000 | ip=192.168.69.82 | op=SEND_HEARTBEAT {datanodeUUID=0142f219-2010-4dd4-9b28-37dd1adb64f0, command=[]} | ret=SUCCESS |  
2019-08-20 21:03:55,872 | INFO  | SCMAudit | user=jenkins1000 | ip=192.168.69.82 | op=SEND_HEARTBEAT {datanodeUUID=e7e6e6c0-3e74-4894-8cf7-2a72b9d88373, command=[]} | ret=SUCCESS |  
2019-08-20 21:03:55,988 | INFO  | SCMAudit | user=jenkins1000 | ip=192.168.69.82 | op=SEND_HEARTBEAT {datanodeUUID=6d7420a7-bf02-42d2-9563-60ec8301a9c5, command=[]} | ret=SUCCESS |  
2019-08-20 21:03:56,095 [grpc-default-executor-0] INFO  client.GrpcClientProtocolClient (GrpcClientProtocolClient.java:onNext(255)) - client-3928019D8D35->e7e6e6c0-3e74-4894-8cf7-2a72b9d88373: receive RaftClientReply:client-3928019D8D35->e7e6e6c0-3e74-4894-8cf7-2a72b9d88373@group-5E96761CA3B7, cid=14, FAILED org.apache.ratis.protocol.NotLeaderException: Server e7e6e6c0-3e74-4894-8cf7-2a72b9d88373 is not the leader (6d5416e4-8315-4b81-9662-120605ef18be:192.168.69.82:35939). Request must be sent to leader., logIndex=0, commits[e7e6e6c0-3e74-4894-8cf7-2a72b9d88373:c2, 0142f219-2010-4dd4-9b28-37dd1adb64f0:c2, 6d5416e4-8315-4b81-9662-120605ef18be:c2]
2019-08-20 21:03:56,137 | INFO  | SCMAudit | user=jenkins1000 | ip=192.168.69.82 | op=SEND_HEARTBEAT {datanodeUUID=20f4c63a-f727-4ecb-b331-ca75036dc5d5, command=[]} | ret=SUCCESS |  
2019-08-20 21:03:56,433 | INFO  | SCMAudit | user=jenkins1000 | ip=192.168.69.82 | op=SEND_HEARTBEAT {datanodeUUID=f2aa3567-7f19-4bd2-befa-7aee6e2a4d26, command=[]} | ret=SUCCESS |  
2019-08-20 21:03:56,469 | INFO  | SCMAudit | user=jenkins1000 | ip=192.168.69.82 | op=SEND_HEARTBEAT {datanodeUUID=73795144-c5ba-4a5b-b31f-2a1de4fbd7cf, command=[]} | ret=SUCCESS |  
2019-08-20 21:03:56,872 | INFO  | SCMAudit | user=jenkins1000 | ip=192.168.69.82 | op=SEND_HEARTBEAT {datanodeUUID=0142f219-2010-4dd4-9b28-37dd1adb64f0, command=[]} | ret=SUCCESS |  
2019-08-20 21:03:56,872 | INFO  | SCMAudit | user=jenkins1000 | ip=192.168.69.82 | op=SEND_HEARTBEAT {datanodeUUID=e7e6e6c0-3e74-4894-8cf7-2a72b9d88373, command=[]} | ret=SUCCESS |  
2019-08-20 21:03:56,988 | INFO  | SCMAudit | user=jenkins1000 | ip=192.168.69.82 | op=SEND_HEARTBEAT {datanodeUUID=6d7420a7-bf02-42d2-9563-60ec8301a9c5, command=[]} | ret=SUCCESS |  
2019-08-20 21:03:57,125 [grpc-default-executor-3] INFO  client.GrpcClientProtocolClient (GrpcClientProtocolClient.java:onNext(255)) - client-3928019D8D35->0142f219-2010-4dd4-9b28-37dd1adb64f0: receive RaftClientReply:client-3928019D8D35->0142f219-2010-4dd4-9b28-37dd1adb64f0@group-5E96761CA3B7, cid=14, FAILED org.apache.ratis.protocol.NotLeaderException: Server 0142f219-2010-4dd4-9b28-37dd1adb64f0 is not the leader (6d5416e4-8315-4b81-9662-120605ef18be:192.168.69.82:35939). Request must be sent to leader., logIndex=0, commits[0142f219-2010-4dd4-9b28-37dd1adb64f0:c2, 6d5416e4-8315-4b81-9662-120605ef18be:c2, e7e6e6c0-3e74-4894-8cf7-2a72b9d88373:c2]
2019-08-20 21:03:57,140 | INFO  | SCMAudit | user=jenkins1000 | ip=192.168.69.82 | op=SEND_HEARTBEAT {datanodeUUID=20f4c63a-f727-4ecb-b331-ca75036dc5d5, command=[]} | ret=SUCCESS |  
2019-08-20 21:03:57,433 | INFO  | SCMAudit | user=jenkins1000 | ip=192.168.69.82 | op=SEND_HEARTBEAT {datanodeUUID=f2aa3567-7f19-4bd2-befa-7aee6e2a4d26, command=[]} | ret=SUCCESS |  
2019-08-20 21:03:57,470 | INFO  | SCMAudit | user=jenkins1000 | ip=192.168.69.82 | op=SEND_HEARTBEAT {datanodeUUID=73795144-c5ba-4a5b-b31f-2a1de4fbd7cf, command=[]} | ret=SUCCESS |  
2019-08-20 21:03:57,872 | INFO  | SCMAudit | user=jenkins1000 | ip=192.168.69.82 | op=SEND_HEARTBEAT {datanodeUUID=e7e6e6c0-3e74-4894-8cf7-2a72b9d88373, command=[]} | ret=SUCCESS |  
2019-08-20 21:03:57,872 | INFO  | SCMAudit | user=jenkins1000 | ip=192.168.69.82 | op=SEND_HEARTBEAT {datanodeUUID=0142f219-2010-4dd4-9b28-37dd1adb64f0, command=[]} | ret=SUCCESS |  
2019-08-20 21:03:57,988 | INFO  | SCMAudit | user=jenkins1000 | ip=192.168.69.82 | op=SEND_HEARTBEAT {datanodeUUID=6d7420a7-bf02-42d2-9563-60ec8301a9c5, command=[]} | ret=SUCCESS |  
2019-08-20 21:03:58,137 | INFO  | SCMAudit | user=jenkins1000 | ip=192.168.69.82 | op=SEND_HEARTBEAT {datanodeUUID=20f4c63a-f727-4ecb-b331-ca75036dc5d5, command=[]} | ret=SUCCESS |  
2019-08-20 21:03:58,166 [grpc-default-executor-2] INFO  client.GrpcClientProtocolClient (GrpcClientProtocolClient.java:onNext(255)) - client-3928019D8D35->e7e6e6c0-3e74-4894-8cf7-2a72b9d88373: receive RaftClientReply:client-3928019D8D35->e7e6e6c0-3e74-4894-8cf7-2a72b9d88373@group-5E96761CA3B7, cid=14, FAILED org.apache.ratis.protocol.NotLeaderException: Server e7e6e6c0-3e74-4894-8cf7-2a72b9d88373 is not the leader (6d5416e4-8315-4b81-9662-120605ef18be:192.168.69.82:35939). Request must be sent to leader., logIndex=0, commits[e7e6e6c0-3e74-4894-8cf7-2a72b9d88373:c2, 0142f219-2010-4dd4-9b28-37dd1adb64f0:c2, 6d5416e4-8315-4b81-9662-120605ef18be:c2]
2019-08-20 21:03:58,434 | INFO  | SCMAudit | user=jenkins1000 | ip=192.168.69.82 | op=SEND_HEARTBEAT {datanodeUUID=f2aa3567-7f19-4bd2-befa-7aee6e2a4d26, command=[]} | ret=SUCCESS |  
2019-08-20 21:03:58,470 | INFO  | SCMAudit | user=jenkins1000 | ip=192.168.69.82 | op=SEND_HEARTBEAT {datanodeUUID=73795144-c5ba-4a5b-b31f-2a1de4fbd7cf, command=[]} | ret=SUCCESS |  
2019-08-20 21:03:58,872 | INFO  | SCMAudit | user=jenkins1000 | ip=192.168.69.82 | op=SEND_HEARTBEAT {datanodeUUID=0142f219-2010-4dd4-9b28-37dd1adb64f0, command=[]} | ret=SUCCESS |  
2019-08-20 21:03:58,872 | INFO  | SCMAudit | user=jenkins1000 | ip=192.168.69.82 | op=SEND_HEARTBEAT {datanodeUUID=e7e6e6c0-3e74-4894-8cf7-2a72b9d88373, command=[]} | ret=SUCCESS |  
2019-08-20 21:03:58,988 | INFO  | SCMAudit | user=jenkins1000 | ip=192.168.69.82 | op=SEND_HEARTBEAT {datanodeUUID=6d7420a7-bf02-42d2-9563-60ec8301a9c5, command=[]} | ret=SUCCESS |  
2019-08-20 21:03:59,137 | INFO  | SCMAudit | user=jenkins1000 | ip=192.168.69.82 | op=SEND_HEARTBEAT {datanodeUUID=20f4c63a-f727-4ecb-b331-ca75036dc5d5, command=[]} | ret=SUCCESS |  
2019-08-20 21:03:59,201 [grpc-default-executor-0] INFO  client.GrpcClientProtocolClient (GrpcClientProtocolClient.java:onNext(255)) - client-3928019D8D35->0142f219-2010-4dd4-9b28-37dd1adb64f0: receive RaftClientReply:client-3928019D8D35->0142f219-2010-4dd4-9b28-37dd1adb64f0@group-5E96761CA3B7, cid=14, FAILED org.apache.ratis.protocol.NotLeaderException: Server 0142f219-2010-4dd4-9b28-37dd1adb64f0 is not the leader (6d5416e4-8315-4b81-9662-120605ef18be:192.168.69.82:35939). Request must be sent to leader., logIndex=0, commits[0142f219-2010-4dd4-9b28-37dd1adb64f0:c2, 6d5416e4-8315-4b81-9662-120605ef18be:c2, e7e6e6c0-3e74-4894-8cf7-2a72b9d88373:c2]
2019-08-20 21:03:59,434 | INFO  | SCMAudit | user=jenkins1000 | ip=192.168.69.82 | op=SEND_HEARTBEAT {datanodeUUID=f2aa3567-7f19-4bd2-befa-7aee6e2a4d26, command=[]} | ret=SUCCESS |  
2019-08-20 21:03:59,469 | INFO  | SCMAudit | user=jenkins1000 | ip=192.168.69.82 | op=SEND_HEARTBEAT {datanodeUUID=73795144-c5ba-4a5b-b31f-2a1de4fbd7cf, command=[]} | ret=SUCCESS |  
2019-08-20 21:03:59,872 | INFO  | SCMAudit | user=jenkins1000 | ip=192.168.69.82 | op=SEND_HEARTBEAT {datanodeUUID=0142f219-2010-4dd4-9b28-37dd1adb64f0, command=[]} | ret=SUCCESS |  
2019-08-20 21:03:59,873 | INFO  | SCMAudit | user=jenkins1000 | ip=192.168.69.82 | op=SEND_HEARTBEAT {datanodeUUID=e7e6e6c0-3e74-4894-8cf7-2a72b9d88373, command=[]} | ret=SUCCESS |  
2019-08-20 21:03:59,988 | INFO  | SCMAudit | user=jenkins1000 | ip=192.168.69.82 | op=SEND_HEARTBEAT {datanodeUUID=6d7420a7-bf02-42d2-9563-60ec8301a9c5, command=[]} | ret=SUCCESS |  
2019-08-20 21:04:00,138 | INFO  | SCMAudit | user=jenkins1000 | ip=192.168.69.82 | op=SEND_HEARTBEAT {datanodeUUID=20f4c63a-f727-4ecb-b331-ca75036dc5d5, command=[]} | ret=SUCCESS |  
2019-08-20 21:04:00,244 [grpc-default-executor-2] INFO  client.GrpcClientProtocolClient (GrpcClientProtocolClient.java:onNext(255)) - client-3928019D8D35->0142f219-2010-4dd4-9b28-37dd1adb64f0: receive RaftClientReply:client-3928019D8D35->0142f219-2010-4dd4-9b28-37dd1adb64f0@group-5E96761CA3B7, cid=14, FAILED org.apache.ratis.protocol.NotLeaderException: Server 0142f219-2010-4dd4-9b28-37dd1adb64f0 is not the leader (6d5416e4-8315-4b81-9662-120605ef18be:192.168.69.82:35939). Request must be sent to leader., logIndex=0, commits[0142f219-2010-4dd4-9b28-37dd1adb64f0:c2, 6d5416e4-8315-4b81-9662-120605ef18be:c2, e7e6e6c0-3e74-4894-8cf7-2a72b9d88373:c2]
2019-08-20 21:04:00,434 | INFO  | SCMAudit | user=jenkins1000 | ip=192.168.69.82 | op=SEND_HEARTBEAT {datanodeUUID=f2aa3567-7f19-4bd2-befa-7aee6e2a4d26, command=[]} | ret=SUCCESS |  
2019-08-20 21:04:00,469 | INFO  | SCMAudit | user=jenkins1000 | ip=192.168.69.82 | op=SEND_HEARTBEAT {datanodeUUID=73795144-c5ba-4a5b-b31f-2a1de4fbd7cf, command=[]} | ret=SUCCESS |  
2019-08-20 21:04:00,872 | INFO  | SCMAudit | user=jenkins1000 | ip=192.168.69.82 | op=SEND_HEARTBEAT {datanodeUUID=0142f219-2010-4dd4-9b28-37dd1adb64f0, command=[]} | ret=SUCCESS |  
2019-08-20 21:04:00,872 | INFO  | SCMAudit | user=jenkins1000 | ip=192.168.69.82 | op=SEND_HEARTBEAT {datanodeUUID=e7e6e6c0-3e74-4894-8cf7-2a72b9d88373, command=[]} | ret=SUCCESS |  
2019-08-20 21:04:00,988 | INFO  | SCMAudit | user=jenkins1000 | ip=192.168.69.82 | op=SEND_HEARTBEAT {datanodeUUID=6d7420a7-bf02-42d2-9563-60ec8301a9c5, command=[]} | ret=SUCCESS |  
2019-08-20 21:04:01,137 | INFO  | SCMAudit | user=jenkins1000 | ip=192.168.69.82 | op=SEND_HEARTBEAT {datanodeUUID=20f4c63a-f727-4ecb-b331-ca75036dc5d5, command=[]} | ret=SUCCESS |  
2019-08-20 21:04:01,290 [grpc-default-executor-3] INFO  client.GrpcClientProtocolClient (GrpcClientProtocolClient.java:onNext(255)) - client-3928019D8D35->e7e6e6c0-3e74-4894-8cf7-2a72b9d88373: receive RaftClientReply:client-3928019D8D35->e7e6e6c0-3e74-4894-8cf7-2a72b9d88373@group-5E96761CA3B7, cid=14, FAILED org.apache.ratis.protocol.NotLeaderException: Server e7e6e6c0-3e74-4894-8cf7-2a72b9d88373 is not the leader (6d5416e4-8315-4b81-9662-120605ef18be:192.168.69.82:35939). Request must be sent to leader., logIndex=0, commits[e7e6e6c0-3e74-4894-8cf7-2a72b9d88373:c2, 0142f219-2010-4dd4-9b28-37dd1adb64f0:c2, 6d5416e4-8315-4b81-9662-120605ef18be:c2]
2019-08-20 21:04:01,434 | INFO  | SCMAudit | user=jenkins1000 | ip=192.168.69.82 | op=SEND_HEARTBEAT {datanodeUUID=f2aa3567-7f19-4bd2-befa-7aee6e2a4d26, command=[]} | ret=SUCCESS |  
2019-08-20 21:04:01,470 | INFO  | SCMAudit | user=jenkins1000 | ip=192.168.69.82 | op=SEND_HEARTBEAT {datanodeUUID=73795144-c5ba-4a5b-b31f-2a1de4fbd7cf, command=[]} | ret=SUCCESS |  
2019-08-20 21:04:01,872 | INFO  | SCMAudit | user=jenkins1000 | ip=192.168.69.82 | op=SEND_HEARTBEAT {datanodeUUID=0142f219-2010-4dd4-9b28-37dd1adb64f0, command=[]} | ret=SUCCESS |  
2019-08-20 21:04:01,873 | INFO  | SCMAudit | user=jenkins1000 | ip=192.168.69.82 | op=SEND_HEARTBEAT {datanodeUUID=e7e6e6c0-3e74-4894-8cf7-2a72b9d88373, command=[]} | ret=SUCCESS |  
2019-08-20 21:04:01,989 | INFO  | SCMAudit | user=jenkins1000 | ip=192.168.69.82 | op=SEND_HEARTBEAT {datanodeUUID=6d7420a7-bf02-42d2-9563-60ec8301a9c5, command=[]} | ret=SUCCESS |  
2019-08-20 21:04:02,137 | INFO  | SCMAudit | user=jenkins1000 | ip=192.168.69.82 | op=SEND_HEARTBEAT {datanodeUUID=20f4c63a-f727-4ecb-b331-ca75036dc5d5, command=[]} | ret=SUCCESS |  
2019-08-20 21:04:02,315 [grpc-default-executor-0] INFO  client.GrpcClientProtocolClient (GrpcClientProtocolClient.java:onNext(255)) - client-3928019D8D35->0142f219-2010-4dd4-9b28-37dd1adb64f0: receive RaftClientReply:client-3928019D8D35->0142f219-2010-4dd4-9b28-37dd1adb64f0@group-5E96761CA3B7, cid=14, FAILED org.apache.ratis.protocol.NotLeaderException: Server 0142f219-2010-4dd4-9b28-37dd1adb64f0 is not the leader (6d5416e4-8315-4b81-9662-120605ef18be:192.168.69.82:35939). Request must be sent to leader., logIndex=0, commits[0142f219-2010-4dd4-9b28-37dd1adb64f0:c2, 6d5416e4-8315-4b81-9662-120605ef18be:c2, e7e6e6c0-3e74-4894-8cf7-2a72b9d88373:c2]
2019-08-20 21:04:02,421 [Thread-318] INFO  impl.FollowerState (FollowerState.java:run(106)) - e7e6e6c0-3e74-4894-8cf7-2a72b9d88373:group-5E96761CA3B7 changes to CANDIDATE, lastRpcTime:9666, electionTimeout:5136ms
2019-08-20 21:04:02,421 [Thread-318] INFO  impl.RoleInfo (RoleInfo.java:shutdownFollowerState(121)) - e7e6e6c0-3e74-4894-8cf7-2a72b9d88373: shutdown FollowerState
2019-08-20 21:04:02,421 [Thread-318] INFO  impl.RaftServerImpl (RaftServerImpl.java:setRole(171)) - e7e6e6c0-3e74-4894-8cf7-2a72b9d88373:group-5E96761CA3B7 changes role from FOLLOWER to CANDIDATE at term 1 for changeToCandidate
2019-08-20 21:04:02,421 [Thread-318] INFO  impl.RoleInfo (RoleInfo.java:updateAndGet(143)) - e7e6e6c0-3e74-4894-8cf7-2a72b9d88373: start LeaderElection
2019-08-20 21:04:02,425 [e7e6e6c0-3e74-4894-8cf7-2a72b9d88373:group-5E96761CA3B7:LeaderElection11] INFO  impl.RaftServerImpl (ServerState.java:setLeader(263)) - e7e6e6c0-3e74-4894-8cf7-2a72b9d88373:group-5E96761CA3B7 change Leader from 6d5416e4-8315-4b81-9662-120605ef18be to null at term 1 for initElection
2019-08-20 21:04:02,434 | INFO  | SCMAudit | user=jenkins1000 | ip=192.168.69.82 | op=SEND_HEARTBEAT {datanodeUUID=f2aa3567-7f19-4bd2-befa-7aee6e2a4d26, command=[]} | ret=SUCCESS |  
2019-08-20 21:04:02,470 | INFO  | SCMAudit | user=jenkins1000 | ip=192.168.69.82 | op=SEND_HEARTBEAT {datanodeUUID=73795144-c5ba-4a5b-b31f-2a1de4fbd7cf, command=[]} | ret=SUCCESS |  
2019-08-20 21:04:02,489 [Thread-314] INFO  impl.FollowerState (FollowerState.java:run(106)) - 0142f219-2010-4dd4-9b28-37dd1adb64f0:group-5E96761CA3B7 changes to CANDIDATE, lastRpcTime:9734, electionTimeout:5198ms
2019-08-20 21:04:02,489 [Thread-314] INFO  impl.RoleInfo (RoleInfo.java:shutdownFollowerState(121)) - 0142f219-2010-4dd4-9b28-37dd1adb64f0: shutdown FollowerState
2019-08-20 21:04:02,490 [Thread-314] INFO  impl.RaftServerImpl (RaftServerImpl.java:setRole(171)) - 0142f219-2010-4dd4-9b28-37dd1adb64f0:group-5E96761CA3B7 changes role from FOLLOWER to CANDIDATE at term 1 for changeToCandidate
2019-08-20 21:04:02,490 [Thread-314] INFO  impl.RoleInfo (RoleInfo.java:updateAndGet(143)) - 0142f219-2010-4dd4-9b28-37dd1adb64f0: start LeaderElection
2019-08-20 21:04:02,493 [0142f219-2010-4dd4-9b28-37dd1adb64f0:group-5E96761CA3B7:LeaderElection12] INFO  impl.RaftServerImpl (ServerState.java:setLeader(263)) - 0142f219-2010-4dd4-9b28-37dd1adb64f0:group-5E96761CA3B7 change Leader from 6d5416e4-8315-4b81-9662-120605ef18be to null at term 1 for initElection
2019-08-20 21:04:02,872 | INFO  | SCMAudit | user=jenkins1000 | ip=192.168.69.82 | op=SEND_HEARTBEAT {datanodeUUID=0142f219-2010-4dd4-9b28-37dd1adb64f0, command=[]} | ret=SUCCESS |  
2019-08-20 21:04:02,872 | INFO  | SCMAudit | user=jenkins1000 | ip=192.168.69.82 | op=SEND_HEARTBEAT {datanodeUUID=e7e6e6c0-3e74-4894-8cf7-2a72b9d88373, command=[]} | ret=SUCCESS |  
2019-08-20 21:04:02,989 | INFO  | SCMAudit | user=jenkins1000 | ip=192.168.69.82 | op=SEND_HEARTBEAT {datanodeUUID=6d7420a7-bf02-42d2-9563-60ec8301a9c5, command=[]} | ret=SUCCESS |  
2019-08-20 21:04:03,137 | INFO  | SCMAudit | user=jenkins1000 | ip=192.168.69.82 | op=SEND_HEARTBEAT {datanodeUUID=20f4c63a-f727-4ecb-b331-ca75036dc5d5, command=[]} | ret=SUCCESS |  
2019-08-20 21:04:03,162 [e7e6e6c0-3e74-4894-8cf7-2a72b9d88373:group-5E96761CA3B7:LeaderElection11] INFO  impl.LeaderElection (LeaderElection.java:askForVotes(181)) - e7e6e6c0-3e74-4894-8cf7-2a72b9d88373:group-5E96761CA3B7:LeaderElection11: begin an election at term 2 for 0: [0142f219-2010-4dd4-9b28-37dd1adb64f0:192.168.69.82:35370, 6d5416e4-8315-4b81-9662-120605ef18be:192.168.69.82:35939, e7e6e6c0-3e74-4894-8cf7-2a72b9d88373:192.168.69.82:32779], old=null
2019-08-20 21:04:03,162 [0142f219-2010-4dd4-9b28-37dd1adb64f0:group-5E96761CA3B7:LeaderElection12] INFO  impl.LeaderElection (LeaderElection.java:askForVotes(181)) - 0142f219-2010-4dd4-9b28-37dd1adb64f0:group-5E96761CA3B7:LeaderElection12: begin an election at term 2 for 0: [0142f219-2010-4dd4-9b28-37dd1adb64f0:192.168.69.82:35370, 6d5416e4-8315-4b81-9662-120605ef18be:192.168.69.82:35939, e7e6e6c0-3e74-4894-8cf7-2a72b9d88373:192.168.69.82:32779], old=null
2019-08-20 21:04:03,178 [0142f219-2010-4dd4-9b28-37dd1adb64f0:group-5E96761CA3B7:LeaderElection12] INFO  impl.LeaderElection (LogUtils.java:infoOrTrace(149)) - 0142f219-2010-4dd4-9b28-37dd1adb64f0:group-5E96761CA3B7:LeaderElection12 got exception when requesting votes: {}
java.util.concurrent.ExecutionException: org.apache.ratis.thirdparty.io.grpc.StatusRuntimeException: UNAVAILABLE: io exception
	at java.util.concurrent.FutureTask.report(FutureTask.java:122)
	at java.util.concurrent.FutureTask.get(FutureTask.java:192)
	at org.apache.ratis.server.impl.LeaderElection.waitForResults(LeaderElection.java:262)
	at org.apache.ratis.server.impl.LeaderElection.askForVotes(LeaderElection.java:200)
	at org.apache.ratis.server.impl.LeaderElection.run(LeaderElection.java:130)
	at java.lang.Thread.run(Thread.java:748)
Caused by: org.apache.ratis.thirdparty.io.grpc.StatusRuntimeException: UNAVAILABLE: io exception
	at org.apache.ratis.thirdparty.io.grpc.stub.ClientCalls.toStatusRuntimeException(ClientCalls.java:233)
	at org.apache.ratis.thirdparty.io.grpc.stub.ClientCalls.getUnchecked(ClientCalls.java:214)
	at org.apache.ratis.thirdparty.io.grpc.stub.ClientCalls.blockingUnaryCall(ClientCalls.java:139)
	at org.apache.ratis.proto.grpc.RaftServerProtocolServiceGrpc$RaftServerProtocolServiceBlockingStub.requestVote(RaftServerProtocolServiceGrpc.java:265)
	at org.apache.ratis.grpc.server.GrpcServerProtocolClient.requestVote(GrpcServerProtocolClient.java:83)
	at org.apache.ratis.grpc.server.GrpcService.requestVote(GrpcService.java:195)
	at org.apache.ratis.server.impl.LeaderElection.lambda$submitRequests$1(LeaderElection.java:237)
	at java.util.concurrent.FutureTask.run(FutureTask.java:266)
	at java.util.concurrent.Executors$RunnableAdapter.call(Executors.java:511)
	at java.util.concurrent.FutureTask.run(FutureTask.java:266)
	at java.util.concurrent.ThreadPoolExecutor.runWorker(ThreadPoolExecutor.java:1149)
	at java.util.concurrent.ThreadPoolExecutor$Worker.run(ThreadPoolExecutor.java:624)
	... 1 more
Caused by: org.apache.ratis.thirdparty.io.netty.channel.AbstractChannel$AnnotatedConnectException: Connection refused: /192.168.69.82:35939
	at sun.nio.ch.SocketChannelImpl.checkConnect(Native Method)
	at sun.nio.ch.SocketChannelImpl.finishConnect(SocketChannelImpl.java:717)
	at org.apache.ratis.thirdparty.io.netty.channel.socket.nio.NioSocketChannel.doFinishConnect(NioSocketChannel.java:327)
	at org.apache.ratis.thirdparty.io.netty.channel.nio.AbstractNioChannel$AbstractNioUnsafe.finishConnect(AbstractNioChannel.java:340)
	at org.apache.ratis.thirdparty.io.netty.channel.nio.NioEventLoop.processSelectedKey(NioEventLoop.java:632)
	at org.apache.ratis.thirdparty.io.netty.channel.nio.NioEventLoop.processSelectedKeysOptimized(NioEventLoop.java:579)
	at org.apache.ratis.thirdparty.io.netty.channel.nio.NioEventLoop.processSelectedKeys(NioEventLoop.java:496)
	at org.apache.ratis.thirdparty.io.netty.channel.nio.NioEventLoop.run(NioEventLoop.java:458)
	at org.apache.ratis.thirdparty.io.netty.util.concurrent.SingleThreadEventExecutor$5.run(SingleThreadEventExecutor.java:897)
	at org.apache.ratis.thirdparty.io.netty.util.concurrent.FastThreadLocalRunnable.run(FastThreadLocalRunnable.java:30)
	... 1 more
Caused by: java.net.ConnectException: Connection refused
	... 11 more
2019-08-20 21:04:03,178 [e7e6e6c0-3e74-4894-8cf7-2a72b9d88373:group-5E96761CA3B7:LeaderElection11] INFO  impl.LeaderElection (LogUtils.java:infoOrTrace(149)) - e7e6e6c0-3e74-4894-8cf7-2a72b9d88373:group-5E96761CA3B7:LeaderElection11 got exception when requesting votes: {}
java.util.concurrent.ExecutionException: org.apache.ratis.thirdparty.io.grpc.StatusRuntimeException: UNAVAILABLE: io exception
	at java.util.concurrent.FutureTask.report(FutureTask.java:122)
	at java.util.concurrent.FutureTask.get(FutureTask.java:192)
	at org.apache.ratis.server.impl.LeaderElection.waitForResults(LeaderElection.java:262)
	at org.apache.ratis.server.impl.LeaderElection.askForVotes(LeaderElection.java:200)
	at org.apache.ratis.server.impl.LeaderElection.run(LeaderElection.java:130)
	at java.lang.Thread.run(Thread.java:748)
Caused by: org.apache.ratis.thirdparty.io.grpc.StatusRuntimeException: UNAVAILABLE: io exception
	at org.apache.ratis.thirdparty.io.grpc.stub.ClientCalls.toStatusRuntimeException(ClientCalls.java:233)
	at org.apache.ratis.thirdparty.io.grpc.stub.ClientCalls.getUnchecked(ClientCalls.java:214)
	at org.apache.ratis.thirdparty.io.grpc.stub.ClientCalls.blockingUnaryCall(ClientCalls.java:139)
	at org.apache.ratis.proto.grpc.RaftServerProtocolServiceGrpc$RaftServerProtocolServiceBlockingStub.requestVote(RaftServerProtocolServiceGrpc.java:265)
	at org.apache.ratis.grpc.server.GrpcServerProtocolClient.requestVote(GrpcServerProtocolClient.java:83)
	at org.apache.ratis.grpc.server.GrpcService.requestVote(GrpcService.java:195)
	at org.apache.ratis.server.impl.LeaderElection.lambda$submitRequests$1(LeaderElection.java:237)
	at java.util.concurrent.FutureTask.run(FutureTask.java:266)
	at java.util.concurrent.Executors$RunnableAdapter.call(Executors.java:511)
	at java.util.concurrent.FutureTask.run(FutureTask.java:266)
	at java.util.concurrent.ThreadPoolExecutor.runWorker(ThreadPoolExecutor.java:1149)
	at java.util.concurrent.ThreadPoolExecutor$Worker.run(ThreadPoolExecutor.java:624)
	... 1 more
Caused by: org.apache.ratis.thirdparty.io.netty.channel.AbstractChannel$AnnotatedConnectException: Connection refused: /192.168.69.82:35939
	at sun.nio.ch.SocketChannelImpl.checkConnect(Native Method)
	at sun.nio.ch.SocketChannelImpl.finishConnect(SocketChannelImpl.java:717)
	at org.apache.ratis.thirdparty.io.netty.channel.socket.nio.NioSocketChannel.doFinishConnect(NioSocketChannel.java:327)
	at org.apache.ratis.thirdparty.io.netty.channel.nio.AbstractNioChannel$AbstractNioUnsafe.finishConnect(AbstractNioChannel.java:340)
	at org.apache.ratis.thirdparty.io.netty.channel.nio.NioEventLoop.processSelectedKey(NioEventLoop.java:632)
	at org.apache.ratis.thirdparty.io.netty.channel.nio.NioEventLoop.processSelectedKeysOptimized(NioEventLoop.java:579)
	at org.apache.ratis.thirdparty.io.netty.channel.nio.NioEventLoop.processSelectedKeys(NioEventLoop.java:496)
	at org.apache.ratis.thirdparty.io.netty.channel.nio.NioEventLoop.run(NioEventLoop.java:458)
	at org.apache.ratis.thirdparty.io.netty.util.concurrent.SingleThreadEventExecutor$5.run(SingleThreadEventExecutor.java:897)
	at org.apache.ratis.thirdparty.io.netty.util.concurrent.FastThreadLocalRunnable.run(FastThreadLocalRunnable.java:30)
	... 1 more
Caused by: java.net.ConnectException: Connection refused
	... 11 more
2019-08-20 21:04:03,184 [0142f219-2010-4dd4-9b28-37dd1adb64f0:group-5E96761CA3B7:LeaderElection12] INFO  impl.LeaderElection (LeaderElection.java:logAndReturn(56)) - 0142f219-2010-4dd4-9b28-37dd1adb64f0:group-5E96761CA3B7:LeaderElection12: Election REJECTED; received 1 response(s) [0142f219-2010-4dd4-9b28-37dd1adb64f0<-e7e6e6c0-3e74-4894-8cf7-2a72b9d88373#0:FAIL-t2] and 1 exception(s); 0142f219-2010-4dd4-9b28-37dd1adb64f0:t2, leader=null, voted=0142f219-2010-4dd4-9b28-37dd1adb64f0, raftlog=0142f219-2010-4dd4-9b28-37dd1adb64f0-SegmentedRaftLog:OPENED:c2,f2,i2, conf=0: [0142f219-2010-4dd4-9b28-37dd1adb64f0:192.168.69.82:35370, 6d5416e4-8315-4b81-9662-120605ef18be:192.168.69.82:35939, e7e6e6c0-3e74-4894-8cf7-2a72b9d88373:192.168.69.82:32779], old=null
2019-08-20 21:04:03,184 [e7e6e6c0-3e74-4894-8cf7-2a72b9d88373:group-5E96761CA3B7:LeaderElection11] INFO  impl.LeaderElection (LeaderElection.java:logAndReturn(56)) - e7e6e6c0-3e74-4894-8cf7-2a72b9d88373:group-5E96761CA3B7:LeaderElection11: Election REJECTED; received 1 response(s) [e7e6e6c0-3e74-4894-8cf7-2a72b9d88373<-0142f219-2010-4dd4-9b28-37dd1adb64f0#0:FAIL-t2] and 1 exception(s); e7e6e6c0-3e74-4894-8cf7-2a72b9d88373:t2, leader=null, voted=e7e6e6c0-3e74-4894-8cf7-2a72b9d88373, raftlog=e7e6e6c0-3e74-4894-8cf7-2a72b9d88373-SegmentedRaftLog:OPENED:c2,f2,i2, conf=0: [0142f219-2010-4dd4-9b28-37dd1adb64f0:192.168.69.82:35370, 6d5416e4-8315-4b81-9662-120605ef18be:192.168.69.82:35939, e7e6e6c0-3e74-4894-8cf7-2a72b9d88373:192.168.69.82:32779], old=null
2019-08-20 21:04:03,185 [0142f219-2010-4dd4-9b28-37dd1adb64f0:group-5E96761CA3B7:LeaderElection12] INFO  impl.LeaderElection (LogUtils.java:infoOrTrace(149)) -   Exception 0: {}
java.util.concurrent.ExecutionException: org.apache.ratis.thirdparty.io.grpc.StatusRuntimeException: UNAVAILABLE: io exception
	at java.util.concurrent.FutureTask.report(FutureTask.java:122)
	at java.util.concurrent.FutureTask.get(FutureTask.java:192)
	at org.apache.ratis.server.impl.LeaderElection.waitForResults(LeaderElection.java:262)
	at org.apache.ratis.server.impl.LeaderElection.askForVotes(LeaderElection.java:200)
	at org.apache.ratis.server.impl.LeaderElection.run(LeaderElection.java:130)
	at java.lang.Thread.run(Thread.java:748)
Caused by: org.apache.ratis.thirdparty.io.grpc.StatusRuntimeException: UNAVAILABLE: io exception
	at org.apache.ratis.thirdparty.io.grpc.stub.ClientCalls.toStatusRuntimeException(ClientCalls.java:233)
	at org.apache.ratis.thirdparty.io.grpc.stub.ClientCalls.getUnchecked(ClientCalls.java:214)
	at org.apache.ratis.thirdparty.io.grpc.stub.ClientCalls.blockingUnaryCall(ClientCalls.java:139)
	at org.apache.ratis.proto.grpc.RaftServerProtocolServiceGrpc$RaftServerProtocolServiceBlockingStub.requestVote(RaftServerProtocolServiceGrpc.java:265)
	at org.apache.ratis.grpc.server.GrpcServerProtocolClient.requestVote(GrpcServerProtocolClient.java:83)
	at org.apache.ratis.grpc.server.GrpcService.requestVote(GrpcService.java:195)
	at org.apache.ratis.server.impl.LeaderElection.lambda$submitRequests$1(LeaderElection.java:237)
	at java.util.concurrent.FutureTask.run(FutureTask.java:266)
	at java.util.concurrent.Executors$RunnableAdapter.call(Executors.java:511)
	at java.util.concurrent.FutureTask.run(FutureTask.java:266)
	at java.util.concurrent.ThreadPoolExecutor.runWorker(ThreadPoolExecutor.java:1149)
	at java.util.concurrent.ThreadPoolExecutor$Worker.run(ThreadPoolExecutor.java:624)
	... 1 more
Caused by: org.apache.ratis.thirdparty.io.netty.channel.AbstractChannel$AnnotatedConnectException: Connection refused: /192.168.69.82:35939
	at sun.nio.ch.SocketChannelImpl.checkConnect(Native Method)
	at sun.nio.ch.SocketChannelImpl.finishConnect(SocketChannelImpl.java:717)
	at org.apache.ratis.thirdparty.io.netty.channel.socket.nio.NioSocketChannel.doFinishConnect(NioSocketChannel.java:327)
	at org.apache.ratis.thirdparty.io.netty.channel.nio.AbstractNioChannel$AbstractNioUnsafe.finishConnect(AbstractNioChannel.java:340)
	at org.apache.ratis.thirdparty.io.netty.channel.nio.NioEventLoop.processSelectedKey(NioEventLoop.java:632)
	at org.apache.ratis.thirdparty.io.netty.channel.nio.NioEventLoop.processSelectedKeysOptimized(NioEventLoop.java:579)
	at org.apache.ratis.thirdparty.io.netty.channel.nio.NioEventLoop.processSelectedKeys(NioEventLoop.java:496)
	at org.apache.ratis.thirdparty.io.netty.channel.nio.NioEventLoop.run(NioEventLoop.java:458)
	at org.apache.ratis.thirdparty.io.netty.util.concurrent.SingleThreadEventExecutor$5.run(SingleThreadEventExecutor.java:897)
	at org.apache.ratis.thirdparty.io.netty.util.concurrent.FastThreadLocalRunnable.run(FastThreadLocalRunnable.java:30)
	... 1 more
Caused by: java.net.ConnectException: Connection refused
	... 11 more
2019-08-20 21:04:03,185 [e7e6e6c0-3e74-4894-8cf7-2a72b9d88373:group-5E96761CA3B7:LeaderElection11] INFO  impl.LeaderElection (LogUtils.java:infoOrTrace(149)) -   Exception 0: {}
java.util.concurrent.ExecutionException: org.apache.ratis.thirdparty.io.grpc.StatusRuntimeException: UNAVAILABLE: io exception
	at java.util.concurrent.FutureTask.report(FutureTask.java:122)
	at java.util.concurrent.FutureTask.get(FutureTask.java:192)
	at org.apache.ratis.server.impl.LeaderElection.waitForResults(LeaderElection.java:262)
	at org.apache.ratis.server.impl.LeaderElection.askForVotes(LeaderElection.java:200)
	at org.apache.ratis.server.impl.LeaderElection.run(LeaderElection.java:130)
	at java.lang.Thread.run(Thread.java:748)
Caused by: org.apache.ratis.thirdparty.io.grpc.StatusRuntimeException: UNAVAILABLE: io exception
	at org.apache.ratis.thirdparty.io.grpc.stub.ClientCalls.toStatusRuntimeException(ClientCalls.java:233)
	at org.apache.ratis.thirdparty.io.grpc.stub.ClientCalls.getUnchecked(ClientCalls.java:214)
	at org.apache.ratis.thirdparty.io.grpc.stub.ClientCalls.blockingUnaryCall(ClientCalls.java:139)
	at org.apache.ratis.proto.grpc.RaftServerProtocolServiceGrpc$RaftServerProtocolServiceBlockingStub.requestVote(RaftServerProtocolServiceGrpc.java:265)
	at org.apache.ratis.grpc.server.GrpcServerProtocolClient.requestVote(GrpcServerProtocolClient.java:83)
	at org.apache.ratis.grpc.server.GrpcService.requestVote(GrpcService.java:195)
	at org.apache.ratis.server.impl.LeaderElection.lambda$submitRequests$1(LeaderElection.java:237)
	at java.util.concurrent.FutureTask.run(FutureTask.java:266)
	at java.util.concurrent.Executors$RunnableAdapter.call(Executors.java:511)
	at java.util.concurrent.FutureTask.run(FutureTask.java:266)
	at java.util.concurrent.ThreadPoolExecutor.runWorker(ThreadPoolExecutor.java:1149)
	at java.util.concurrent.ThreadPoolExecutor$Worker.run(ThreadPoolExecutor.java:624)
	... 1 more
Caused by: org.apache.ratis.thirdparty.io.netty.channel.AbstractChannel$AnnotatedConnectException: Connection refused: /192.168.69.82:35939
	at sun.nio.ch.SocketChannelImpl.checkConnect(Native Method)
	at sun.nio.ch.SocketChannelImpl.finishConnect(SocketChannelImpl.java:717)
	at org.apache.ratis.thirdparty.io.netty.channel.socket.nio.NioSocketChannel.doFinishConnect(NioSocketChannel.java:327)
	at org.apache.ratis.thirdparty.io.netty.channel.nio.AbstractNioChannel$AbstractNioUnsafe.finishConnect(AbstractNioChannel.java:340)
	at org.apache.ratis.thirdparty.io.netty.channel.nio.NioEventLoop.processSelectedKey(NioEventLoop.java:632)
	at org.apache.ratis.thirdparty.io.netty.channel.nio.NioEventLoop.processSelectedKeysOptimized(NioEventLoop.java:579)
	at org.apache.ratis.thirdparty.io.netty.channel.nio.NioEventLoop.processSelectedKeys(NioEventLoop.java:496)
	at org.apache.ratis.thirdparty.io.netty.channel.nio.NioEventLoop.run(NioEventLoop.java:458)
	at org.apache.ratis.thirdparty.io.netty.util.concurrent.SingleThreadEventExecutor$5.run(SingleThreadEventExecutor.java:897)
	at org.apache.ratis.thirdparty.io.netty.util.concurrent.FastThreadLocalRunnable.run(FastThreadLocalRunnable.java:30)
	... 1 more
Caused by: java.net.ConnectException: Connection refused
	... 11 more
2019-08-20 21:04:03,185 [0142f219-2010-4dd4-9b28-37dd1adb64f0:group-5E96761CA3B7:LeaderElection12] INFO  impl.RaftServerImpl (RaftServerImpl.java:setRole(171)) - 0142f219-2010-4dd4-9b28-37dd1adb64f0:group-5E96761CA3B7 changes role from CANDIDATE to FOLLOWER at term 2 for DISCOVERED_A_NEW_TERM
2019-08-20 21:04:03,187 [e7e6e6c0-3e74-4894-8cf7-2a72b9d88373:group-5E96761CA3B7:LeaderElection11] INFO  impl.RaftServerImpl (RaftServerImpl.java:setRole(171)) - e7e6e6c0-3e74-4894-8cf7-2a72b9d88373:group-5E96761CA3B7 changes role from CANDIDATE to FOLLOWER at term 2 for DISCOVERED_A_NEW_TERM
2019-08-20 21:04:03,190 [0142f219-2010-4dd4-9b28-37dd1adb64f0:group-5E96761CA3B7:LeaderElection12] INFO  impl.RoleInfo (RoleInfo.java:shutdownLeaderElection(134)) - 0142f219-2010-4dd4-9b28-37dd1adb64f0: shutdown LeaderElection
2019-08-20 21:04:03,190 [e7e6e6c0-3e74-4894-8cf7-2a72b9d88373:group-5E96761CA3B7:LeaderElection11] INFO  impl.RoleInfo (RoleInfo.java:shutdownLeaderElection(134)) - e7e6e6c0-3e74-4894-8cf7-2a72b9d88373: shutdown LeaderElection
2019-08-20 21:04:03,190 [0142f219-2010-4dd4-9b28-37dd1adb64f0:group-5E96761CA3B7:LeaderElection12] INFO  impl.RoleInfo (RoleInfo.java:updateAndGet(143)) - 0142f219-2010-4dd4-9b28-37dd1adb64f0: start FollowerState
2019-08-20 21:04:03,190 [e7e6e6c0-3e74-4894-8cf7-2a72b9d88373:group-5E96761CA3B7:LeaderElection11] INFO  impl.RoleInfo (RoleInfo.java:updateAndGet(143)) - e7e6e6c0-3e74-4894-8cf7-2a72b9d88373: start FollowerState
2019-08-20 21:04:03,347 [grpc-default-executor-2] INFO  client.GrpcClientProtocolClient (GrpcClientProtocolClient.java:onNext(255)) - client-3928019D8D35->0142f219-2010-4dd4-9b28-37dd1adb64f0: receive RaftClientReply:client-3928019D8D35->0142f219-2010-4dd4-9b28-37dd1adb64f0@group-5E96761CA3B7, cid=14, FAILED org.apache.ratis.protocol.NotLeaderException: Server 0142f219-2010-4dd4-9b28-37dd1adb64f0 is not the leader (null). Request must be sent to leader., logIndex=0, commits[0142f219-2010-4dd4-9b28-37dd1adb64f0:c2, 6d5416e4-8315-4b81-9662-120605ef18be:c2, e7e6e6c0-3e74-4894-8cf7-2a72b9d88373:c2]
2019-08-20 21:04:03,433 | INFO  | SCMAudit | user=jenkins1000 | ip=192.168.69.82 | op=SEND_HEARTBEAT {datanodeUUID=f2aa3567-7f19-4bd2-befa-7aee6e2a4d26, command=[]} | ret=SUCCESS |  
2019-08-20 21:04:03,469 | INFO  | SCMAudit | user=jenkins1000 | ip=192.168.69.82 | op=SEND_HEARTBEAT {datanodeUUID=73795144-c5ba-4a5b-b31f-2a1de4fbd7cf, command=[]} | ret=SUCCESS |  
2019-08-20 21:04:03,872 | INFO  | SCMAudit | user=jenkins1000 | ip=192.168.69.82 | op=SEND_HEARTBEAT {datanodeUUID=0142f219-2010-4dd4-9b28-37dd1adb64f0, command=[]} | ret=SUCCESS |  
2019-08-20 21:04:03,873 | INFO  | SCMAudit | user=jenkins1000 | ip=192.168.69.82 | op=SEND_HEARTBEAT {datanodeUUID=e7e6e6c0-3e74-4894-8cf7-2a72b9d88373, command=[]} | ret=SUCCESS |  
2019-08-20 21:04:03,989 | INFO  | SCMAudit | user=jenkins1000 | ip=192.168.69.82 | op=SEND_HEARTBEAT {datanodeUUID=6d7420a7-bf02-42d2-9563-60ec8301a9c5, command=[]} | ret=SUCCESS |  
2019-08-20 21:04:04,137 | INFO  | SCMAudit | user=jenkins1000 | ip=192.168.69.82 | op=SEND_HEARTBEAT {datanodeUUID=20f4c63a-f727-4ecb-b331-ca75036dc5d5, command=[]} | ret=SUCCESS |  
2019-08-20 21:04:04,364 [grpc-default-executor-3] INFO  client.GrpcClientProtocolClient (GrpcClientProtocolClient.java:onNext(255)) - client-3928019D8D35->e7e6e6c0-3e74-4894-8cf7-2a72b9d88373: receive RaftClientReply:client-3928019D8D35->e7e6e6c0-3e74-4894-8cf7-2a72b9d88373@group-5E96761CA3B7, cid=14, FAILED org.apache.ratis.protocol.NotLeaderException: Server e7e6e6c0-3e74-4894-8cf7-2a72b9d88373 is not the leader (null). Request must be sent to leader., logIndex=0, commits[e7e6e6c0-3e74-4894-8cf7-2a72b9d88373:c2, 0142f219-2010-4dd4-9b28-37dd1adb64f0:c2, 6d5416e4-8315-4b81-9662-120605ef18be:c2]
]]></system-out>
    <system-err><![CDATA[Aug 20, 2019 9:03:35 PM com.sun.jersey.server.impl.application.WebApplicationImpl _initiate
INFO: Initiating Jersey application, version 'Jersey: 1.19 02/11/2015 03:25 AM'
Aug 20, 2019 9:03:36 PM com.sun.jersey.server.impl.application.WebApplicationImpl _initiate
INFO: Initiating Jersey application, version 'Jersey: 1.19 02/11/2015 03:25 AM'
Aug 20, 2019 9:03:36 PM com.sun.jersey.server.impl.application.WebApplicationImpl _initiate
INFO: Initiating Jersey application, version 'Jersey: 1.19 02/11/2015 03:25 AM'
Aug 20, 2019 9:03:36 PM com.sun.jersey.server.impl.application.WebApplicationImpl _initiate
INFO: Initiating Jersey application, version 'Jersey: 1.19 02/11/2015 03:25 AM'
Aug 20, 2019 9:03:36 PM com.sun.jersey.server.impl.application.WebApplicationImpl _initiate
INFO: Initiating Jersey application, version 'Jersey: 1.19 02/11/2015 03:25 AM'
Aug 20, 2019 9:03:37 PM com.sun.jersey.server.impl.application.WebApplicationImpl _initiate
INFO: Initiating Jersey application, version 'Jersey: 1.19 02/11/2015 03:25 AM'
Aug 20, 2019 9:03:37 PM com.sun.jersey.server.impl.application.WebApplicationImpl _initiate
INFO: Initiating Jersey application, version 'Jersey: 1.19 02/11/2015 03:25 AM'
]]></system-err>
  </testcase>
</testsuite>