<?xml version="1.0" encoding="UTF-8"?>
<testsuite xmlns:xsi="http://www.w3.org/2001/XMLSchema-instance" xsi:noNamespaceSchemaLocation="https://maven.apache.org/surefire/maven-surefire-plugin/xsd/surefire-test-report.xsd" name="org.apache.hadoop.ozone.client.rpc.TestCommitWatcher" time="54.52" tests="2" errors="0" skipped="0" failures="1">
  <properties>
    <property name="awt.toolkit" value="sun.awt.X11.XToolkit"/>
    <property name="file.encoding.pkg" value="sun.io"/>
    <property name="java.specification.version" value="1.8"/>
    <property name="sun.cpu.isalist" value=""/>
    <property name="sun.jnu.encoding" value="UTF-8"/>
    <property name="java.class.path" value="/workdir/hadoop-ozone/integration-test/target/test-classes:/workdir/hadoop-ozone/integration-test/target/classes:/home/user/.m2/repository/org/apache/hadoop/hadoop-ozone-common/0.5.0-SNAPSHOT/hadoop-ozone-common-0.5.0-SNAPSHOT.jar:/home/user/.m2/repository/org/apache/commons/commons-compress/1.4.1/commons-compress-1.4.1.jar:/home/user/.m2/repository/org/tukaani/xz/1.0/xz-1.0.jar:/home/user/.m2/repository/org/apache/hadoop/hadoop-common/3.2.0/hadoop-common-3.2.0.jar:/home/user/.m2/repository/org/apache/hadoop/hadoop-hdfs/3.2.0/hadoop-hdfs-3.2.0.jar:/home/user/.m2/repository/org/apache/hadoop/hadoop-hdfs-client/3.2.0/hadoop-hdfs-client-3.2.0.jar:/home/user/.m2/repository/com/fasterxml/jackson/core/jackson-annotations/2.9.5/jackson-annotations-2.9.5.jar:/home/user/.m2/repository/org/apache/hadoop/hadoop-hdds-common/0.5.0-SNAPSHOT/hadoop-hdds-common-0.5.0-SNAPSHOT.jar:/home/user/.m2/repository/javax/annotation/javax.annotation-api/1.2/javax.annotation-api-1.2.jar:/home/user/.m2/repository/org/apache/ratis/ratis-server/0.4.0-2337318-SNAPSHOT/ratis-server-0.4.0-2337318-SNAPSHOT.jar:/home/user/.m2/repository/org/apache/ratis/ratis-thirdparty-misc/0.2.0/ratis-thirdparty-misc-0.2.0.jar:/home/user/.m2/repository/org/apache/ratis/ratis-proto/0.4.0-2337318-SNAPSHOT/ratis-proto-0.4.0-2337318-SNAPSHOT.jar:/home/user/.m2/repository/org/apache/ratis/ratis-common/0.4.0-2337318-SNAPSHOT/ratis-common-0.4.0-2337318-SNAPSHOT.jar:/home/user/.m2/repository/org/apache/ratis/ratis-client/0.4.0-2337318-SNAPSHOT/ratis-client-0.4.0-2337318-SNAPSHOT.jar:/home/user/.m2/repository/org/apache/ratis/ratis-metrics/0.4.0-2337318-SNAPSHOT/ratis-metrics-0.4.0-2337318-SNAPSHOT.jar:/home/user/.m2/repository/org/apache/ratis/ratis-netty/0.4.0-2337318-SNAPSHOT/ratis-netty-0.4.0-2337318-SNAPSHOT.jar:/home/user/.m2/repository/org/apache/ratis/ratis-grpc/0.4.0-2337318-SNAPSHOT/ratis-grpc-0.4.0-2337318-SNAPSHOT.jar:/home/user/.m2/repository/org/rocksdb/rocksdbjni/6.0.1/rocksdbjni-6.0.1.jar:/home/user/.m2/repository/org/apache/logging/log4j/log4j-api/2.11.0/log4j-api-2.11.0.jar:/home/user/.m2/repository/org/apache/logging/log4j/log4j-core/2.11.0/log4j-core-2.11.0.jar:/home/user/.m2/repository/com/lmax/disruptor/3.4.2/disruptor-3.4.2.jar:/home/user/.m2/repository/org/apache/commons/commons-pool2/2.6.0/commons-pool2-2.6.0.jar:/home/user/.m2/repository/org/bouncycastle/bcpkix-jdk15on/1.60/bcpkix-jdk15on-1.60.jar:/home/user/.m2/repository/commons-validator/commons-validator/1.6/commons-validator-1.6.jar:/home/user/.m2/repository/commons-digester/commons-digester/1.8.1/commons-digester-1.8.1.jar:/home/user/.m2/repository/io/jaegertracing/jaeger-client/0.33.1/jaeger-client-0.33.1.jar:/home/user/.m2/repository/io/jaegertracing/jaeger-thrift/0.33.1/jaeger-thrift-0.33.1.jar:/home/user/.m2/repository/org/apache/thrift/libthrift/0.11.0/libthrift-0.11.0.jar:/home/user/.m2/repository/com/squareup/okhttp3/okhttp/3.9.0/okhttp-3.9.0.jar:/home/user/.m2/repository/com/squareup/okio/okio/1.13.0/okio-1.13.0.jar:/home/user/.m2/repository/io/jaegertracing/jaeger-core/0.33.1/jaeger-core-0.33.1.jar:/home/user/.m2/repository/io/jaegertracing/jaeger-tracerresolver/0.33.1/jaeger-tracerresolver-0.33.1.jar:/home/user/.m2/repository/io/opentracing/contrib/opentracing-tracerresolver/0.1.5/opentracing-tracerresolver-0.1.5.jar:/home/user/.m2/repository/io/opentracing/opentracing-util/0.31.0/opentracing-util-0.31.0.jar:/home/user/.m2/repository/io/opentracing/opentracing-api/0.31.0/opentracing-api-0.31.0.jar:/home/user/.m2/repository/io/opentracing/opentracing-noop/0.31.0/opentracing-noop-0.31.0.jar:/home/user/.m2/repository/org/apache/hadoop/hadoop-hdds-server-framework/0.5.0-SNAPSHOT/hadoop-hdds-server-framework-0.5.0-SNAPSHOT.jar:/home/user/.m2/repository/org/apache/hadoop/hadoop-hdds-container-service/0.5.0-SNAPSHOT/hadoop-hdds-container-service-0.5.0-SNAPSHOT.jar:/home/user/.m2/repository/org/apache/hadoop/hadoop-hdds-client/0.5.0-SNAPSHOT/hadoop-hdds-client-0.5.0-SNAPSHOT.jar:/home/user/.m2/repository/org/apache/hadoop/hadoop-hdds-tools/0.5.0-SNAPSHOT/hadoop-hdds-tools-0.5.0-SNAPSHOT.jar:/home/user/.m2/repository/org/apache/hadoop/hadoop-hdds-server-scm/0.5.0-SNAPSHOT/hadoop-hdds-server-scm-0.5.0-SNAPSHOT.jar:/home/user/.m2/repository/org/apache/hadoop/hadoop-hdds-docs/0.5.0-SNAPSHOT/hadoop-hdds-docs-0.5.0-SNAPSHOT.jar:/home/user/.m2/repository/io/dropwizard/metrics/metrics-core/3.2.4/metrics-core-3.2.4.jar:/home/user/.m2/repository/org/hamcrest/hamcrest-all/1.3/hamcrest-all-1.3.jar:/home/user/.m2/repository/org/bouncycastle/bcprov-jdk15on/1.60/bcprov-jdk15on-1.60.jar:/home/user/.m2/repository/info/picocli/picocli/3.9.6/picocli-3.9.6.jar:/home/user/.m2/repository/com/google/protobuf/protobuf-java/2.5.0/protobuf-java-2.5.0.jar:/home/user/.m2/repository/com/google/guava/guava/11.0.2/guava-11.0.2.jar:/home/user/.m2/repository/org/apache/hadoop/hadoop-ozone-ozone-manager/0.5.0-SNAPSHOT/hadoop-ozone-ozone-manager-0.5.0-SNAPSHOT.jar:/home/user/.m2/repository/org/apache/hadoop/hadoop-minikdc/3.2.0/hadoop-minikdc-3.2.0.jar:/home/user/.m2/repository/commons-io/commons-io/2.5/commons-io-2.5.jar:/home/user/.m2/repository/org/apache/kerby/kerb-simplekdc/1.0.1/kerb-simplekdc-1.0.1.jar:/home/user/.m2/repository/org/apache/kerby/kerb-client/1.0.1/kerb-client-1.0.1.jar:/home/user/.m2/repository/org/apache/kerby/kerby-config/1.0.1/kerby-config-1.0.1.jar:/home/user/.m2/repository/org/apache/kerby/kerb-core/1.0.1/kerb-core-1.0.1.jar:/home/user/.m2/repository/org/apache/kerby/kerby-pkix/1.0.1/kerby-pkix-1.0.1.jar:/home/user/.m2/repository/org/apache/kerby/kerby-asn1/1.0.1/kerby-asn1-1.0.1.jar:/home/user/.m2/repository/org/apache/kerby/kerby-util/1.0.1/kerby-util-1.0.1.jar:/home/user/.m2/repository/org/apache/kerby/kerb-common/1.0.1/kerb-common-1.0.1.jar:/home/user/.m2/repository/org/apache/kerby/kerb-crypto/1.0.1/kerb-crypto-1.0.1.jar:/home/user/.m2/repository/org/apache/kerby/kerb-util/1.0.1/kerb-util-1.0.1.jar:/home/user/.m2/repository/org/apache/kerby/token-provider/1.0.1/token-provider-1.0.1.jar:/home/user/.m2/repository/org/apache/kerby/kerb-admin/1.0.1/kerb-admin-1.0.1.jar:/home/user/.m2/repository/org/apache/kerby/kerb-server/1.0.1/kerb-server-1.0.1.jar:/home/user/.m2/repository/org/apache/kerby/kerb-identity/1.0.1/kerb-identity-1.0.1.jar:/home/user/.m2/repository/org/apache/kerby/kerby-xdr/1.0.1/kerby-xdr-1.0.1.jar:/home/user/.m2/repository/org/slf4j/slf4j-log4j12/1.7.25/slf4j-log4j12-1.7.25.jar:/home/user/.m2/repository/org/apache/hadoop/hadoop-ozone-objectstore-service/0.5.0-SNAPSHOT/hadoop-ozone-objectstore-service-0.5.0-SNAPSHOT.jar:/home/user/.m2/repository/org/apache/hadoop/hadoop-ozone-s3gateway/0.5.0-SNAPSHOT/hadoop-ozone-s3gateway-0.5.0-SNAPSHOT.jar:/home/user/.m2/repository/org/jboss/weld/servlet/weld-servlet/2.4.7.Final/weld-servlet-2.4.7.Final.jar:/home/user/.m2/repository/org/glassfish/jersey/containers/jersey-container-servlet-core/2.27/jersey-container-servlet-core-2.27.jar:/home/user/.m2/repository/org/glassfish/hk2/external/javax.inject/2.5.0-b42/javax.inject-2.5.0-b42.jar:/home/user/.m2/repository/org/glassfish/jersey/core/jersey-common/2.27/jersey-common-2.27.jar:/home/user/.m2/repository/org/glassfish/hk2/osgi-resource-locator/1.0.1/osgi-resource-locator-1.0.1.jar:/home/user/.m2/repository/javax/ws/rs/javax.ws.rs-api/2.1/javax.ws.rs-api-2.1.jar:/home/user/.m2/repository/org/glassfish/jersey/ext/cdi/jersey-cdi1x/2.27/jersey-cdi1x-2.27.jar:/home/user/.m2/repository/org/glassfish/jersey/inject/jersey-hk2/2.27/jersey-hk2-2.27.jar:/home/user/.m2/repository/org/glassfish/hk2/hk2-locator/2.5.0-b42/hk2-locator-2.5.0-b42.jar:/home/user/.m2/repository/org/javassist/javassist/3.22.0-CR2/javassist-3.22.0-CR2.jar:/home/user/.m2/repository/org/glassfish/hk2/hk2-api/2.5.0/hk2-api-2.5.0.jar:/home/user/.m2/repository/org/glassfish/hk2/external/jakarta.inject/2.5.0/jakarta.inject-2.5.0.jar:/home/user/.m2/repository/org/glassfish/hk2/hk2-utils/2.5.0/hk2-utils-2.5.0.jar:/home/user/.m2/repository/jakarta/annotation/jakarta.annotation-api/1.3.4/jakarta.annotation-api-1.3.4.jar:/home/user/.m2/repository/org/glassfish/hk2/external/aopalliance-repackaged/2.5.0/aopalliance-repackaged-2.5.0.jar:/home/user/.m2/repository/com/fasterxml/jackson/dataformat/jackson-dataformat-xml/2.9.0/jackson-dataformat-xml-2.9.0.jar:/home/user/.m2/repository/com/fasterxml/jackson/core/jackson-core/2.9.5/jackson-core-2.9.5.jar:/home/user/.m2/repository/com/fasterxml/jackson/module/jackson-module-jaxb-annotations/2.9.5/jackson-module-jaxb-annotations-2.9.5.jar:/home/user/.m2/repository/javax/enterprise/cdi-api/1.2/cdi-api-1.2.jar:/home/user/.m2/repository/javax/el/javax.el-api/3.0.0/javax.el-api-3.0.0.jar:/home/user/.m2/repository/javax/interceptor/javax.interceptor-api/1.2/javax.interceptor-api-1.2.jar:/home/user/.m2/repository/javax/inject/javax.inject/1/javax.inject-1.jar:/home/user/.m2/repository/com/sun/xml/bind/jaxb-impl/2.3.0.1/jaxb-impl-2.3.0.1.jar:/home/user/.m2/repository/com/sun/xml/bind/jaxb-core/2.3.0.1/jaxb-core-2.3.0.1.jar:/home/user/.m2/repository/javax/xml/bind/jaxb-api/2.3.0/jaxb-api-2.3.0.jar:/home/user/.m2/repository/javax/activation/activation/1.1.1/activation-1.1.1.jar:/home/user/.m2/repository/org/apache/hadoop/hadoop-ozone-csi/0.5.0-SNAPSHOT/hadoop-ozone-csi-0.5.0-SNAPSHOT.jar:/home/user/.m2/repository/com/google/protobuf/protobuf-java-util/3.5.1/protobuf-java-util-3.5.1.jar:/home/user/.m2/repository/org/apache/hadoop/hadoop-hdds-config/0.5.0-SNAPSHOT/hadoop-hdds-config-0.5.0-SNAPSHOT.jar:/home/user/.m2/repository/io/grpc/grpc-netty/1.17.1/grpc-netty-1.17.1.jar:/home/user/.m2/repository/io/grpc/grpc-core/1.17.1/grpc-core-1.17.1.jar:/home/user/.m2/repository/io/grpc/grpc-context/1.17.1/grpc-context-1.17.1.jar:/home/user/.m2/repository/com/google/errorprone/error_prone_annotations/2.2.0/error_prone_annotations-2.2.0.jar:/home/user/.m2/repository/org/codehaus/mojo/animal-sniffer-annotations/1.17/animal-sniffer-annotations-1.17.jar:/home/user/.m2/repository/io/opencensus/opencensus-api/0.17.0/opencensus-api-0.17.0.jar:/home/user/.m2/repository/io/opencensus/opencensus-contrib-grpc-metrics/0.17.0/opencensus-contrib-grpc-metrics-0.17.0.jar:/home/user/.m2/repository/io/netty/netty-codec-http2/4.1.30.Final/netty-codec-http2-4.1.30.Final.jar:/home/user/.m2/repository/io/netty/netty-codec-http/4.1.30.Final/netty-codec-http-4.1.30.Final.jar:/home/user/.m2/repository/io/netty/netty-codec/4.1.30.Final/netty-codec-4.1.30.Final.jar:/home/user/.m2/repository/io/netty/netty-handler/4.1.30.Final/netty-handler-4.1.30.Final.jar:/home/user/.m2/repository/io/netty/netty-handler-proxy/4.1.30.Final/netty-handler-proxy-4.1.30.Final.jar:/home/user/.m2/repository/io/netty/netty-codec-socks/4.1.30.Final/netty-codec-socks-4.1.30.Final.jar:/home/user/.m2/repository/io/netty/netty-transport-native-epoll/4.1.30.Final/netty-transport-native-epoll-4.1.30.Final.jar:/home/user/.m2/repository/io/netty/netty-common/4.1.30.Final/netty-common-4.1.30.Final.jar:/home/user/.m2/repository/io/netty/netty-buffer/4.1.30.Final/netty-buffer-4.1.30.Final.jar:/home/user/.m2/repository/io/netty/netty-transport/4.1.30.Final/netty-transport-4.1.30.Final.jar:/home/user/.m2/repository/io/netty/netty-resolver/4.1.30.Final/netty-resolver-4.1.30.Final.jar:/home/user/.m2/repository/io/netty/netty-transport-native-unix-common/4.1.30.Final/netty-transport-native-unix-common-4.1.30.Final.jar:/home/user/.m2/repository/io/grpc/grpc-protobuf/1.17.1/grpc-protobuf-1.17.1.jar:/home/user/.m2/repository/com/google/api/grpc/proto-google-common-protos/1.0.0/proto-google-common-protos-1.0.0.jar:/home/user/.m2/repository/io/grpc/grpc-protobuf-lite/1.17.1/grpc-protobuf-lite-1.17.1.jar:/home/user/.m2/repository/io/grpc/grpc-stub/1.17.1/grpc-stub-1.17.1.jar:/home/user/.m2/repository/org/apache/hadoop/hadoop-ozone-recon/0.5.0-SNAPSHOT/hadoop-ozone-recon-0.5.0-SNAPSHOT.jar:/home/user/.m2/repository/org/apache/hadoop/hadoop-ozone-reconcodegen/0.5.0-SNAPSHOT/hadoop-ozone-reconcodegen-0.5.0-SNAPSHOT.jar:/home/user/.m2/repository/com/google/inject/extensions/guice-multibindings/4.0/guice-multibindings-4.0.jar:/home/user/.m2/repository/com/google/inject/guice/4.0/guice-4.0.jar:/home/user/.m2/repository/aopalliance/aopalliance/1.0/aopalliance-1.0.jar:/home/user/.m2/repository/com/google/inject/extensions/guice-servlet/4.0/guice-servlet-4.0.jar:/home/user/.m2/repository/org/glassfish/jersey/containers/jersey-container-servlet/2.27/jersey-container-servlet-2.27.jar:/home/user/.m2/repository/org/glassfish/hk2/guice-bridge/2.5.0/guice-bridge-2.5.0.jar:/home/user/.m2/repository/org/glassfish/jersey/core/jersey-server/2.27/jersey-server-2.27.jar:/home/user/.m2/repository/org/glassfish/jersey/core/jersey-client/2.27/jersey-client-2.27.jar:/home/user/.m2/repository/org/glassfish/jersey/media/jersey-media-jaxb/2.27/jersey-media-jaxb-2.27.jar:/home/user/.m2/repository/javax/validation/validation-api/1.1.0.Final/validation-api-1.1.0.Final.jar:/home/user/.m2/repository/org/glassfish/jersey/media/jersey-media-json-jackson/2.27/jersey-media-json-jackson-2.27.jar:/home/user/.m2/repository/org/glassfish/jersey/ext/jersey-entity-filtering/2.27/jersey-entity-filtering-2.27.jar:/home/user/.m2/repository/com/google/inject/extensions/guice-assistedinject/4.0/guice-assistedinject-4.0.jar:/home/user/.m2/repository/org/jooq/jooq/3.11.10/jooq-3.11.10.jar:/home/user/.m2/repository/org/jooq/jooq-meta/3.11.10/jooq-meta-3.11.10.jar:/home/user/.m2/repository/org/jooq/jooq-codegen/3.11.10/jooq-codegen-3.11.10.jar:/home/user/.m2/repository/com/jolbox/bonecp/0.8.0.RELEASE/bonecp-0.8.0.RELEASE.jar:/home/user/.m2/repository/org/xerial/sqlite-jdbc/3.25.2/sqlite-jdbc-3.25.2.jar:/home/user/.m2/repository/org/springframework/spring-jdbc/5.1.3.RELEASE/spring-jdbc-5.1.3.RELEASE.jar:/home/user/.m2/repository/org/springframework/spring-beans/5.1.3.RELEASE/spring-beans-5.1.3.RELEASE.jar:/home/user/.m2/repository/org/springframework/spring-core/5.1.3.RELEASE/spring-core-5.1.3.RELEASE.jar:/home/user/.m2/repository/org/springframework/spring-jcl/5.1.3.RELEASE/spring-jcl-5.1.3.RELEASE.jar:/home/user/.m2/repository/org/springframework/spring-tx/5.1.3.RELEASE/spring-tx-5.1.3.RELEASE.jar:/home/user/.m2/repository/org/apache/hadoop/hadoop-ozone-client/0.5.0-SNAPSHOT/hadoop-ozone-client-0.5.0-SNAPSHOT.jar:/home/user/.m2/repository/commons-lang/commons-lang/2.6/commons-lang-2.6.jar:/home/user/.m2/repository/org/apache/hadoop/hadoop-ozone-ozone-manager/0.5.0-SNAPSHOT/hadoop-ozone-ozone-manager-0.5.0-SNAPSHOT-tests.jar:/home/user/.m2/repository/junit/junit/4.11/junit-4.11.jar:/home/user/.m2/repository/org/hamcrest/hamcrest-core/1.3/hamcrest-core-1.3.jar:/home/user/.m2/repository/org/openjdk/jmh/jmh-core/1.19/jmh-core-1.19.jar:/home/user/.m2/repository/net/sf/jopt-simple/jopt-simple/4.6/jopt-simple-4.6.jar:/home/user/.m2/repository/org/apache/commons/commons-math3/3.1.1/commons-math3-3.1.1.jar:/home/user/.m2/repository/org/openjdk/jmh/jmh-generator-annprocess/1.19/jmh-generator-annprocess-1.19.jar:/home/user/.m2/repository/org/mockito/mockito-all/1.8.5/mockito-all-1.8.5.jar:/home/user/.m2/repository/org/apache/hadoop/hadoop-kms/3.2.0/hadoop-kms-3.2.0.jar:/home/user/.m2/repository/org/apache/hadoop/hadoop-auth/3.2.0/hadoop-auth-3.2.0.jar:/home/user/.m2/repository/com/nimbusds/nimbus-jose-jwt/4.41.1/nimbus-jose-jwt-4.41.1.jar:/home/user/.m2/repository/com/github/stephenc/jcip/jcip-annotations/1.0-1/jcip-annotations-1.0-1.jar:/home/user/.m2/repository/net/minidev/json-smart/2.3/json-smart-2.3.jar:/home/user/.m2/repository/net/minidev/accessors-smart/1.2/accessors-smart-1.2.jar:/home/user/.m2/repository/org/ow2/asm/asm/5.0.4/asm-5.0.4.jar:/home/user/.m2/repository/org/apache/curator/curator-framework/2.12.0/curator-framework-2.12.0.jar:/home/user/.m2/repository/com/sun/jersey/jersey-core/1.19/jersey-core-1.19.jar:/home/user/.m2/repository/javax/ws/rs/jsr311-api/1.1.1/jsr311-api-1.1.1.jar:/home/user/.m2/repository/com/sun/jersey/jersey-server/1.19/jersey-server-1.19.jar:/home/user/.m2/repository/javax/servlet/javax.servlet-api/3.1.0/javax.servlet-api-3.1.0.jar:/home/user/.m2/repository/org/eclipse/jetty/jetty-server/9.3.24.v20180605/jetty-server-9.3.24.v20180605.jar:/home/user/.m2/repository/org/eclipse/jetty/jetty-http/9.3.24.v20180605/jetty-http-9.3.24.v20180605.jar:/home/user/.m2/repository/org/eclipse/jetty/jetty-io/9.3.24.v20180605/jetty-io-9.3.24.v20180605.jar:/home/user/.m2/repository/org/eclipse/jetty/jetty-webapp/9.3.24.v20180605/jetty-webapp-9.3.24.v20180605.jar:/home/user/.m2/repository/org/eclipse/jetty/jetty-xml/9.3.24.v20180605/jetty-xml-9.3.24.v20180605.jar:/home/user/.m2/repository/log4j/log4j/1.2.17/log4j-1.2.17.jar:/home/user/.m2/repository/org/slf4j/slf4j-api/1.7.25/slf4j-api-1.7.25.jar:/home/user/.m2/repository/org/slf4j/jul-to-slf4j/1.7.25/jul-to-slf4j-1.7.25.jar:/home/user/.m2/repository/org/eclipse/jetty/jetty-util/9.3.24.v20180605/jetty-util-9.3.24.v20180605.jar:/home/user/.m2/repository/com/fasterxml/jackson/core/jackson-databind/2.9.5/jackson-databind-2.9.5.jar:/home/user/.m2/repository/org/apache/hadoop/hadoop-kms/3.2.0/hadoop-kms-3.2.0-tests.jar:/home/user/.m2/repository/org/apache/hadoop/hadoop-hdds-server-scm/0.5.0-SNAPSHOT/hadoop-hdds-server-scm-0.5.0-SNAPSHOT-tests.jar:/home/user/.m2/repository/org/apache/hadoop/hadoop-hdds-container-service/0.5.0-SNAPSHOT/hadoop-hdds-container-service-0.5.0-SNAPSHOT-tests.jar:/home/user/.m2/repository/org/yaml/snakeyaml/1.16/snakeyaml-1.16.jar:/home/user/.m2/repository/org/apache/hadoop/hadoop-common/3.2.0/hadoop-common-3.2.0-tests.jar:/home/user/.m2/repository/org/apache/hadoop/hadoop-annotations/3.2.0/hadoop-annotations-3.2.0.jar:/usr/lib/jvm/java-1.8-openjdk/jre/../lib/tools.jar:/home/user/.m2/repository/commons-cli/commons-cli/1.2/commons-cli-1.2.jar:/home/user/.m2/repository/org/apache/httpcomponents/httpclient/4.5.2/httpclient-4.5.2.jar:/home/user/.m2/repository/org/apache/httpcomponents/httpcore/4.4.4/httpcore-4.4.4.jar:/home/user/.m2/repository/commons-codec/commons-codec/1.11/commons-codec-1.11.jar:/home/user/.m2/repository/commons-net/commons-net/3.6/commons-net-3.6.jar:/home/user/.m2/repository/commons-collections/commons-collections/3.2.2/commons-collections-3.2.2.jar:/home/user/.m2/repository/org/eclipse/jetty/jetty-servlet/9.3.24.v20180605/jetty-servlet-9.3.24.v20180605.jar:/home/user/.m2/repository/org/eclipse/jetty/jetty-security/9.3.24.v20180605/jetty-security-9.3.24.v20180605.jar:/home/user/.m2/repository/javax/servlet/jsp/jsp-api/2.1/jsp-api-2.1.jar:/home/user/.m2/repository/com/sun/jersey/jersey-servlet/1.19/jersey-servlet-1.19.jar:/home/user/.m2/repository/com/sun/jersey/jersey-json/1.19/jersey-json-1.19.jar:/home/user/.m2/repository/org/codehaus/jettison/jettison/1.1/jettison-1.1.jar:/home/user/.m2/repository/org/codehaus/jackson/jackson-core-asl/1.9.13/jackson-core-asl-1.9.13.jar:/home/user/.m2/repository/org/codehaus/jackson/jackson-mapper-asl/1.9.13/jackson-mapper-asl-1.9.13.jar:/home/user/.m2/repository/org/codehaus/jackson/jackson-jaxrs/1.9.13/jackson-jaxrs-1.9.13.jar:/home/user/.m2/repository/org/codehaus/jackson/jackson-xc/1.9.13/jackson-xc-1.9.13.jar:/home/user/.m2/repository/commons-logging/commons-logging/1.1.3/commons-logging-1.1.3.jar:/home/user/.m2/repository/commons-beanutils/commons-beanutils/1.9.3/commons-beanutils-1.9.3.jar:/home/user/.m2/repository/org/apache/commons/commons-configuration2/2.1.1/commons-configuration2-2.1.1.jar:/home/user/.m2/repository/org/apache/commons/commons-lang3/3.7/commons-lang3-3.7.jar:/home/user/.m2/repository/org/apache/commons/commons-text/1.4/commons-text-1.4.jar:/home/user/.m2/repository/org/apache/avro/avro/1.7.7/avro-1.7.7.jar:/home/user/.m2/repository/com/thoughtworks/paranamer/paranamer/2.3/paranamer-2.3.jar:/home/user/.m2/repository/org/xerial/snappy/snappy-java/1.0.5/snappy-java-1.0.5.jar:/home/user/.m2/repository/com/google/re2j/re2j/1.1/re2j-1.1.jar:/home/user/.m2/repository/com/google/code/gson/gson/2.2.4/gson-2.2.4.jar:/home/user/.m2/repository/com/jcraft/jsch/0.1.54/jsch-0.1.54.jar:/home/user/.m2/repository/org/apache/curator/curator-client/2.12.0/curator-client-2.12.0.jar:/home/user/.m2/repository/org/apache/curator/curator-recipes/2.12.0/curator-recipes-2.12.0.jar:/home/user/.m2/repository/com/google/code/findbugs/jsr305/3.0.0/jsr305-3.0.0.jar:/home/user/.m2/repository/org/apache/htrace/htrace-core4/4.1.0-incubating/htrace-core4-4.1.0-incubating.jar:/home/user/.m2/repository/org/apache/zookeeper/zookeeper/3.4.13/zookeeper-3.4.13.jar:/home/user/.m2/repository/org/apache/yetus/audience-annotations/0.5.0/audience-annotations-0.5.0.jar:/home/user/.m2/repository/org/codehaus/woodstox/stax2-api/3.1.4/stax2-api-3.1.4.jar:/home/user/.m2/repository/com/fasterxml/woodstox/woodstox-core/5.0.3/woodstox-core-5.0.3.jar:/home/user/.m2/repository/dnsjava/dnsjava/2.1.7/dnsjava-2.1.7.jar:/home/user/.m2/repository/org/apache/hadoop/hadoop-hdfs/3.2.0/hadoop-hdfs-3.2.0-tests.jar:/home/user/.m2/repository/org/eclipse/jetty/jetty-util-ajax/9.3.24.v20180605/jetty-util-ajax-9.3.24.v20180605.jar:/home/user/.m2/repository/commons-daemon/commons-daemon/1.0.13/commons-daemon-1.0.13.jar:/home/user/.m2/repository/io/netty/netty/3.10.5.Final/netty-3.10.5.Final.jar:/home/user/.m2/repository/io/netty/netty-all/4.0.52.Final/netty-all-4.0.52.Final.jar:/home/user/.m2/repository/org/fusesource/leveldbjni/leveldbjni-all/1.8/leveldbjni-all-1.8.jar:"/>
    <property name="java.vm.vendor" value="IcedTea"/>
    <property name="sun.arch.data.model" value="64"/>
    <property name="test.build.dir" value="/workdir/hadoop-ozone/integration-test/target/test-dir"/>
    <property name="test.cache.data" value=""/>
    <property name="java.vendor.url" value="https://icedtea.classpath.org"/>
    <property name="user.timezone" value=""/>
    <property name="java.vm.specification.version" value="1.8"/>
    <property name="os.name" value="Linux"/>
    <property name="test.build.data" value="/workdir/hadoop-ozone/integration-test/target/test-dir"/>
    <property name="user.country" value="US"/>
    <property name="sun.java.launcher" value="SUN_STANDARD"/>
    <property name="sun.boot.library.path" value="/usr/lib/jvm/java-1.8-openjdk/jre/lib/amd64"/>
    <property name="sun.java.command" value="/workdir/hadoop-ozone/integration-test/target/surefire/surefirebooter7801156792731625652.jar /workdir/hadoop-ozone/integration-test/target/surefire 2019-08-28T12-51-03_069-jvmRun1 surefire1425738124197093889tmp surefire_561216557361056305931tmp"/>
    <property name="test" value="!TestMiniChaosOzoneCluster"/>
    <property name="surefire.test.class.path" value="/workdir/hadoop-ozone/integration-test/target/test-classes:/workdir/hadoop-ozone/integration-test/target/classes:/home/user/.m2/repository/org/apache/hadoop/hadoop-ozone-common/0.5.0-SNAPSHOT/hadoop-ozone-common-0.5.0-SNAPSHOT.jar:/home/user/.m2/repository/org/apache/commons/commons-compress/1.4.1/commons-compress-1.4.1.jar:/home/user/.m2/repository/org/tukaani/xz/1.0/xz-1.0.jar:/home/user/.m2/repository/org/apache/hadoop/hadoop-common/3.2.0/hadoop-common-3.2.0.jar:/home/user/.m2/repository/org/apache/hadoop/hadoop-hdfs/3.2.0/hadoop-hdfs-3.2.0.jar:/home/user/.m2/repository/org/apache/hadoop/hadoop-hdfs-client/3.2.0/hadoop-hdfs-client-3.2.0.jar:/home/user/.m2/repository/com/fasterxml/jackson/core/jackson-annotations/2.9.5/jackson-annotations-2.9.5.jar:/home/user/.m2/repository/org/apache/hadoop/hadoop-hdds-common/0.5.0-SNAPSHOT/hadoop-hdds-common-0.5.0-SNAPSHOT.jar:/home/user/.m2/repository/javax/annotation/javax.annotation-api/1.2/javax.annotation-api-1.2.jar:/home/user/.m2/repository/org/apache/ratis/ratis-server/0.4.0-2337318-SNAPSHOT/ratis-server-0.4.0-2337318-SNAPSHOT.jar:/home/user/.m2/repository/org/apache/ratis/ratis-thirdparty-misc/0.2.0/ratis-thirdparty-misc-0.2.0.jar:/home/user/.m2/repository/org/apache/ratis/ratis-proto/0.4.0-2337318-SNAPSHOT/ratis-proto-0.4.0-2337318-SNAPSHOT.jar:/home/user/.m2/repository/org/apache/ratis/ratis-common/0.4.0-2337318-SNAPSHOT/ratis-common-0.4.0-2337318-SNAPSHOT.jar:/home/user/.m2/repository/org/apache/ratis/ratis-client/0.4.0-2337318-SNAPSHOT/ratis-client-0.4.0-2337318-SNAPSHOT.jar:/home/user/.m2/repository/org/apache/ratis/ratis-metrics/0.4.0-2337318-SNAPSHOT/ratis-metrics-0.4.0-2337318-SNAPSHOT.jar:/home/user/.m2/repository/org/apache/ratis/ratis-netty/0.4.0-2337318-SNAPSHOT/ratis-netty-0.4.0-2337318-SNAPSHOT.jar:/home/user/.m2/repository/org/apache/ratis/ratis-grpc/0.4.0-2337318-SNAPSHOT/ratis-grpc-0.4.0-2337318-SNAPSHOT.jar:/home/user/.m2/repository/org/rocksdb/rocksdbjni/6.0.1/rocksdbjni-6.0.1.jar:/home/user/.m2/repository/org/apache/logging/log4j/log4j-api/2.11.0/log4j-api-2.11.0.jar:/home/user/.m2/repository/org/apache/logging/log4j/log4j-core/2.11.0/log4j-core-2.11.0.jar:/home/user/.m2/repository/com/lmax/disruptor/3.4.2/disruptor-3.4.2.jar:/home/user/.m2/repository/org/apache/commons/commons-pool2/2.6.0/commons-pool2-2.6.0.jar:/home/user/.m2/repository/org/bouncycastle/bcpkix-jdk15on/1.60/bcpkix-jdk15on-1.60.jar:/home/user/.m2/repository/commons-validator/commons-validator/1.6/commons-validator-1.6.jar:/home/user/.m2/repository/commons-digester/commons-digester/1.8.1/commons-digester-1.8.1.jar:/home/user/.m2/repository/io/jaegertracing/jaeger-client/0.33.1/jaeger-client-0.33.1.jar:/home/user/.m2/repository/io/jaegertracing/jaeger-thrift/0.33.1/jaeger-thrift-0.33.1.jar:/home/user/.m2/repository/org/apache/thrift/libthrift/0.11.0/libthrift-0.11.0.jar:/home/user/.m2/repository/com/squareup/okhttp3/okhttp/3.9.0/okhttp-3.9.0.jar:/home/user/.m2/repository/com/squareup/okio/okio/1.13.0/okio-1.13.0.jar:/home/user/.m2/repository/io/jaegertracing/jaeger-core/0.33.1/jaeger-core-0.33.1.jar:/home/user/.m2/repository/io/jaegertracing/jaeger-tracerresolver/0.33.1/jaeger-tracerresolver-0.33.1.jar:/home/user/.m2/repository/io/opentracing/contrib/opentracing-tracerresolver/0.1.5/opentracing-tracerresolver-0.1.5.jar:/home/user/.m2/repository/io/opentracing/opentracing-util/0.31.0/opentracing-util-0.31.0.jar:/home/user/.m2/repository/io/opentracing/opentracing-api/0.31.0/opentracing-api-0.31.0.jar:/home/user/.m2/repository/io/opentracing/opentracing-noop/0.31.0/opentracing-noop-0.31.0.jar:/home/user/.m2/repository/org/apache/hadoop/hadoop-hdds-server-framework/0.5.0-SNAPSHOT/hadoop-hdds-server-framework-0.5.0-SNAPSHOT.jar:/home/user/.m2/repository/org/apache/hadoop/hadoop-hdds-container-service/0.5.0-SNAPSHOT/hadoop-hdds-container-service-0.5.0-SNAPSHOT.jar:/home/user/.m2/repository/org/apache/hadoop/hadoop-hdds-client/0.5.0-SNAPSHOT/hadoop-hdds-client-0.5.0-SNAPSHOT.jar:/home/user/.m2/repository/org/apache/hadoop/hadoop-hdds-tools/0.5.0-SNAPSHOT/hadoop-hdds-tools-0.5.0-SNAPSHOT.jar:/home/user/.m2/repository/org/apache/hadoop/hadoop-hdds-server-scm/0.5.0-SNAPSHOT/hadoop-hdds-server-scm-0.5.0-SNAPSHOT.jar:/home/user/.m2/repository/org/apache/hadoop/hadoop-hdds-docs/0.5.0-SNAPSHOT/hadoop-hdds-docs-0.5.0-SNAPSHOT.jar:/home/user/.m2/repository/io/dropwizard/metrics/metrics-core/3.2.4/metrics-core-3.2.4.jar:/home/user/.m2/repository/org/hamcrest/hamcrest-all/1.3/hamcrest-all-1.3.jar:/home/user/.m2/repository/org/bouncycastle/bcprov-jdk15on/1.60/bcprov-jdk15on-1.60.jar:/home/user/.m2/repository/info/picocli/picocli/3.9.6/picocli-3.9.6.jar:/home/user/.m2/repository/com/google/protobuf/protobuf-java/2.5.0/protobuf-java-2.5.0.jar:/home/user/.m2/repository/com/google/guava/guava/11.0.2/guava-11.0.2.jar:/home/user/.m2/repository/org/apache/hadoop/hadoop-ozone-ozone-manager/0.5.0-SNAPSHOT/hadoop-ozone-ozone-manager-0.5.0-SNAPSHOT.jar:/home/user/.m2/repository/org/apache/hadoop/hadoop-minikdc/3.2.0/hadoop-minikdc-3.2.0.jar:/home/user/.m2/repository/commons-io/commons-io/2.5/commons-io-2.5.jar:/home/user/.m2/repository/org/apache/kerby/kerb-simplekdc/1.0.1/kerb-simplekdc-1.0.1.jar:/home/user/.m2/repository/org/apache/kerby/kerb-client/1.0.1/kerb-client-1.0.1.jar:/home/user/.m2/repository/org/apache/kerby/kerby-config/1.0.1/kerby-config-1.0.1.jar:/home/user/.m2/repository/org/apache/kerby/kerb-core/1.0.1/kerb-core-1.0.1.jar:/home/user/.m2/repository/org/apache/kerby/kerby-pkix/1.0.1/kerby-pkix-1.0.1.jar:/home/user/.m2/repository/org/apache/kerby/kerby-asn1/1.0.1/kerby-asn1-1.0.1.jar:/home/user/.m2/repository/org/apache/kerby/kerby-util/1.0.1/kerby-util-1.0.1.jar:/home/user/.m2/repository/org/apache/kerby/kerb-common/1.0.1/kerb-common-1.0.1.jar:/home/user/.m2/repository/org/apache/kerby/kerb-crypto/1.0.1/kerb-crypto-1.0.1.jar:/home/user/.m2/repository/org/apache/kerby/kerb-util/1.0.1/kerb-util-1.0.1.jar:/home/user/.m2/repository/org/apache/kerby/token-provider/1.0.1/token-provider-1.0.1.jar:/home/user/.m2/repository/org/apache/kerby/kerb-admin/1.0.1/kerb-admin-1.0.1.jar:/home/user/.m2/repository/org/apache/kerby/kerb-server/1.0.1/kerb-server-1.0.1.jar:/home/user/.m2/repository/org/apache/kerby/kerb-identity/1.0.1/kerb-identity-1.0.1.jar:/home/user/.m2/repository/org/apache/kerby/kerby-xdr/1.0.1/kerby-xdr-1.0.1.jar:/home/user/.m2/repository/org/slf4j/slf4j-log4j12/1.7.25/slf4j-log4j12-1.7.25.jar:/home/user/.m2/repository/org/apache/hadoop/hadoop-ozone-objectstore-service/0.5.0-SNAPSHOT/hadoop-ozone-objectstore-service-0.5.0-SNAPSHOT.jar:/home/user/.m2/repository/org/apache/hadoop/hadoop-ozone-s3gateway/0.5.0-SNAPSHOT/hadoop-ozone-s3gateway-0.5.0-SNAPSHOT.jar:/home/user/.m2/repository/org/jboss/weld/servlet/weld-servlet/2.4.7.Final/weld-servlet-2.4.7.Final.jar:/home/user/.m2/repository/org/glassfish/jersey/containers/jersey-container-servlet-core/2.27/jersey-container-servlet-core-2.27.jar:/home/user/.m2/repository/org/glassfish/hk2/external/javax.inject/2.5.0-b42/javax.inject-2.5.0-b42.jar:/home/user/.m2/repository/org/glassfish/jersey/core/jersey-common/2.27/jersey-common-2.27.jar:/home/user/.m2/repository/org/glassfish/hk2/osgi-resource-locator/1.0.1/osgi-resource-locator-1.0.1.jar:/home/user/.m2/repository/javax/ws/rs/javax.ws.rs-api/2.1/javax.ws.rs-api-2.1.jar:/home/user/.m2/repository/org/glassfish/jersey/ext/cdi/jersey-cdi1x/2.27/jersey-cdi1x-2.27.jar:/home/user/.m2/repository/org/glassfish/jersey/inject/jersey-hk2/2.27/jersey-hk2-2.27.jar:/home/user/.m2/repository/org/glassfish/hk2/hk2-locator/2.5.0-b42/hk2-locator-2.5.0-b42.jar:/home/user/.m2/repository/org/javassist/javassist/3.22.0-CR2/javassist-3.22.0-CR2.jar:/home/user/.m2/repository/org/glassfish/hk2/hk2-api/2.5.0/hk2-api-2.5.0.jar:/home/user/.m2/repository/org/glassfish/hk2/external/jakarta.inject/2.5.0/jakarta.inject-2.5.0.jar:/home/user/.m2/repository/org/glassfish/hk2/hk2-utils/2.5.0/hk2-utils-2.5.0.jar:/home/user/.m2/repository/jakarta/annotation/jakarta.annotation-api/1.3.4/jakarta.annotation-api-1.3.4.jar:/home/user/.m2/repository/org/glassfish/hk2/external/aopalliance-repackaged/2.5.0/aopalliance-repackaged-2.5.0.jar:/home/user/.m2/repository/com/fasterxml/jackson/dataformat/jackson-dataformat-xml/2.9.0/jackson-dataformat-xml-2.9.0.jar:/home/user/.m2/repository/com/fasterxml/jackson/core/jackson-core/2.9.5/jackson-core-2.9.5.jar:/home/user/.m2/repository/com/fasterxml/jackson/module/jackson-module-jaxb-annotations/2.9.5/jackson-module-jaxb-annotations-2.9.5.jar:/home/user/.m2/repository/javax/enterprise/cdi-api/1.2/cdi-api-1.2.jar:/home/user/.m2/repository/javax/el/javax.el-api/3.0.0/javax.el-api-3.0.0.jar:/home/user/.m2/repository/javax/interceptor/javax.interceptor-api/1.2/javax.interceptor-api-1.2.jar:/home/user/.m2/repository/javax/inject/javax.inject/1/javax.inject-1.jar:/home/user/.m2/repository/com/sun/xml/bind/jaxb-impl/2.3.0.1/jaxb-impl-2.3.0.1.jar:/home/user/.m2/repository/com/sun/xml/bind/jaxb-core/2.3.0.1/jaxb-core-2.3.0.1.jar:/home/user/.m2/repository/javax/xml/bind/jaxb-api/2.3.0/jaxb-api-2.3.0.jar:/home/user/.m2/repository/javax/activation/activation/1.1.1/activation-1.1.1.jar:/home/user/.m2/repository/org/apache/hadoop/hadoop-ozone-csi/0.5.0-SNAPSHOT/hadoop-ozone-csi-0.5.0-SNAPSHOT.jar:/home/user/.m2/repository/com/google/protobuf/protobuf-java-util/3.5.1/protobuf-java-util-3.5.1.jar:/home/user/.m2/repository/org/apache/hadoop/hadoop-hdds-config/0.5.0-SNAPSHOT/hadoop-hdds-config-0.5.0-SNAPSHOT.jar:/home/user/.m2/repository/io/grpc/grpc-netty/1.17.1/grpc-netty-1.17.1.jar:/home/user/.m2/repository/io/grpc/grpc-core/1.17.1/grpc-core-1.17.1.jar:/home/user/.m2/repository/io/grpc/grpc-context/1.17.1/grpc-context-1.17.1.jar:/home/user/.m2/repository/com/google/errorprone/error_prone_annotations/2.2.0/error_prone_annotations-2.2.0.jar:/home/user/.m2/repository/org/codehaus/mojo/animal-sniffer-annotations/1.17/animal-sniffer-annotations-1.17.jar:/home/user/.m2/repository/io/opencensus/opencensus-api/0.17.0/opencensus-api-0.17.0.jar:/home/user/.m2/repository/io/opencensus/opencensus-contrib-grpc-metrics/0.17.0/opencensus-contrib-grpc-metrics-0.17.0.jar:/home/user/.m2/repository/io/netty/netty-codec-http2/4.1.30.Final/netty-codec-http2-4.1.30.Final.jar:/home/user/.m2/repository/io/netty/netty-codec-http/4.1.30.Final/netty-codec-http-4.1.30.Final.jar:/home/user/.m2/repository/io/netty/netty-codec/4.1.30.Final/netty-codec-4.1.30.Final.jar:/home/user/.m2/repository/io/netty/netty-handler/4.1.30.Final/netty-handler-4.1.30.Final.jar:/home/user/.m2/repository/io/netty/netty-handler-proxy/4.1.30.Final/netty-handler-proxy-4.1.30.Final.jar:/home/user/.m2/repository/io/netty/netty-codec-socks/4.1.30.Final/netty-codec-socks-4.1.30.Final.jar:/home/user/.m2/repository/io/netty/netty-transport-native-epoll/4.1.30.Final/netty-transport-native-epoll-4.1.30.Final.jar:/home/user/.m2/repository/io/netty/netty-common/4.1.30.Final/netty-common-4.1.30.Final.jar:/home/user/.m2/repository/io/netty/netty-buffer/4.1.30.Final/netty-buffer-4.1.30.Final.jar:/home/user/.m2/repository/io/netty/netty-transport/4.1.30.Final/netty-transport-4.1.30.Final.jar:/home/user/.m2/repository/io/netty/netty-resolver/4.1.30.Final/netty-resolver-4.1.30.Final.jar:/home/user/.m2/repository/io/netty/netty-transport-native-unix-common/4.1.30.Final/netty-transport-native-unix-common-4.1.30.Final.jar:/home/user/.m2/repository/io/grpc/grpc-protobuf/1.17.1/grpc-protobuf-1.17.1.jar:/home/user/.m2/repository/com/google/api/grpc/proto-google-common-protos/1.0.0/proto-google-common-protos-1.0.0.jar:/home/user/.m2/repository/io/grpc/grpc-protobuf-lite/1.17.1/grpc-protobuf-lite-1.17.1.jar:/home/user/.m2/repository/io/grpc/grpc-stub/1.17.1/grpc-stub-1.17.1.jar:/home/user/.m2/repository/org/apache/hadoop/hadoop-ozone-recon/0.5.0-SNAPSHOT/hadoop-ozone-recon-0.5.0-SNAPSHOT.jar:/home/user/.m2/repository/org/apache/hadoop/hadoop-ozone-reconcodegen/0.5.0-SNAPSHOT/hadoop-ozone-reconcodegen-0.5.0-SNAPSHOT.jar:/home/user/.m2/repository/com/google/inject/extensions/guice-multibindings/4.0/guice-multibindings-4.0.jar:/home/user/.m2/repository/com/google/inject/guice/4.0/guice-4.0.jar:/home/user/.m2/repository/aopalliance/aopalliance/1.0/aopalliance-1.0.jar:/home/user/.m2/repository/com/google/inject/extensions/guice-servlet/4.0/guice-servlet-4.0.jar:/home/user/.m2/repository/org/glassfish/jersey/containers/jersey-container-servlet/2.27/jersey-container-servlet-2.27.jar:/home/user/.m2/repository/org/glassfish/hk2/guice-bridge/2.5.0/guice-bridge-2.5.0.jar:/home/user/.m2/repository/org/glassfish/jersey/core/jersey-server/2.27/jersey-server-2.27.jar:/home/user/.m2/repository/org/glassfish/jersey/core/jersey-client/2.27/jersey-client-2.27.jar:/home/user/.m2/repository/org/glassfish/jersey/media/jersey-media-jaxb/2.27/jersey-media-jaxb-2.27.jar:/home/user/.m2/repository/javax/validation/validation-api/1.1.0.Final/validation-api-1.1.0.Final.jar:/home/user/.m2/repository/org/glassfish/jersey/media/jersey-media-json-jackson/2.27/jersey-media-json-jackson-2.27.jar:/home/user/.m2/repository/org/glassfish/jersey/ext/jersey-entity-filtering/2.27/jersey-entity-filtering-2.27.jar:/home/user/.m2/repository/com/google/inject/extensions/guice-assistedinject/4.0/guice-assistedinject-4.0.jar:/home/user/.m2/repository/org/jooq/jooq/3.11.10/jooq-3.11.10.jar:/home/user/.m2/repository/org/jooq/jooq-meta/3.11.10/jooq-meta-3.11.10.jar:/home/user/.m2/repository/org/jooq/jooq-codegen/3.11.10/jooq-codegen-3.11.10.jar:/home/user/.m2/repository/com/jolbox/bonecp/0.8.0.RELEASE/bonecp-0.8.0.RELEASE.jar:/home/user/.m2/repository/org/xerial/sqlite-jdbc/3.25.2/sqlite-jdbc-3.25.2.jar:/home/user/.m2/repository/org/springframework/spring-jdbc/5.1.3.RELEASE/spring-jdbc-5.1.3.RELEASE.jar:/home/user/.m2/repository/org/springframework/spring-beans/5.1.3.RELEASE/spring-beans-5.1.3.RELEASE.jar:/home/user/.m2/repository/org/springframework/spring-core/5.1.3.RELEASE/spring-core-5.1.3.RELEASE.jar:/home/user/.m2/repository/org/springframework/spring-jcl/5.1.3.RELEASE/spring-jcl-5.1.3.RELEASE.jar:/home/user/.m2/repository/org/springframework/spring-tx/5.1.3.RELEASE/spring-tx-5.1.3.RELEASE.jar:/home/user/.m2/repository/org/apache/hadoop/hadoop-ozone-client/0.5.0-SNAPSHOT/hadoop-ozone-client-0.5.0-SNAPSHOT.jar:/home/user/.m2/repository/commons-lang/commons-lang/2.6/commons-lang-2.6.jar:/home/user/.m2/repository/org/apache/hadoop/hadoop-ozone-ozone-manager/0.5.0-SNAPSHOT/hadoop-ozone-ozone-manager-0.5.0-SNAPSHOT-tests.jar:/home/user/.m2/repository/junit/junit/4.11/junit-4.11.jar:/home/user/.m2/repository/org/hamcrest/hamcrest-core/1.3/hamcrest-core-1.3.jar:/home/user/.m2/repository/org/openjdk/jmh/jmh-core/1.19/jmh-core-1.19.jar:/home/user/.m2/repository/net/sf/jopt-simple/jopt-simple/4.6/jopt-simple-4.6.jar:/home/user/.m2/repository/org/apache/commons/commons-math3/3.1.1/commons-math3-3.1.1.jar:/home/user/.m2/repository/org/openjdk/jmh/jmh-generator-annprocess/1.19/jmh-generator-annprocess-1.19.jar:/home/user/.m2/repository/org/mockito/mockito-all/1.8.5/mockito-all-1.8.5.jar:/home/user/.m2/repository/org/apache/hadoop/hadoop-kms/3.2.0/hadoop-kms-3.2.0.jar:/home/user/.m2/repository/org/apache/hadoop/hadoop-auth/3.2.0/hadoop-auth-3.2.0.jar:/home/user/.m2/repository/com/nimbusds/nimbus-jose-jwt/4.41.1/nimbus-jose-jwt-4.41.1.jar:/home/user/.m2/repository/com/github/stephenc/jcip/jcip-annotations/1.0-1/jcip-annotations-1.0-1.jar:/home/user/.m2/repository/net/minidev/json-smart/2.3/json-smart-2.3.jar:/home/user/.m2/repository/net/minidev/accessors-smart/1.2/accessors-smart-1.2.jar:/home/user/.m2/repository/org/ow2/asm/asm/5.0.4/asm-5.0.4.jar:/home/user/.m2/repository/org/apache/curator/curator-framework/2.12.0/curator-framework-2.12.0.jar:/home/user/.m2/repository/com/sun/jersey/jersey-core/1.19/jersey-core-1.19.jar:/home/user/.m2/repository/javax/ws/rs/jsr311-api/1.1.1/jsr311-api-1.1.1.jar:/home/user/.m2/repository/com/sun/jersey/jersey-server/1.19/jersey-server-1.19.jar:/home/user/.m2/repository/javax/servlet/javax.servlet-api/3.1.0/javax.servlet-api-3.1.0.jar:/home/user/.m2/repository/org/eclipse/jetty/jetty-server/9.3.24.v20180605/jetty-server-9.3.24.v20180605.jar:/home/user/.m2/repository/org/eclipse/jetty/jetty-http/9.3.24.v20180605/jetty-http-9.3.24.v20180605.jar:/home/user/.m2/repository/org/eclipse/jetty/jetty-io/9.3.24.v20180605/jetty-io-9.3.24.v20180605.jar:/home/user/.m2/repository/org/eclipse/jetty/jetty-webapp/9.3.24.v20180605/jetty-webapp-9.3.24.v20180605.jar:/home/user/.m2/repository/org/eclipse/jetty/jetty-xml/9.3.24.v20180605/jetty-xml-9.3.24.v20180605.jar:/home/user/.m2/repository/log4j/log4j/1.2.17/log4j-1.2.17.jar:/home/user/.m2/repository/org/slf4j/slf4j-api/1.7.25/slf4j-api-1.7.25.jar:/home/user/.m2/repository/org/slf4j/jul-to-slf4j/1.7.25/jul-to-slf4j-1.7.25.jar:/home/user/.m2/repository/org/eclipse/jetty/jetty-util/9.3.24.v20180605/jetty-util-9.3.24.v20180605.jar:/home/user/.m2/repository/com/fasterxml/jackson/core/jackson-databind/2.9.5/jackson-databind-2.9.5.jar:/home/user/.m2/repository/org/apache/hadoop/hadoop-kms/3.2.0/hadoop-kms-3.2.0-tests.jar:/home/user/.m2/repository/org/apache/hadoop/hadoop-hdds-server-scm/0.5.0-SNAPSHOT/hadoop-hdds-server-scm-0.5.0-SNAPSHOT-tests.jar:/home/user/.m2/repository/org/apache/hadoop/hadoop-hdds-container-service/0.5.0-SNAPSHOT/hadoop-hdds-container-service-0.5.0-SNAPSHOT-tests.jar:/home/user/.m2/repository/org/yaml/snakeyaml/1.16/snakeyaml-1.16.jar:/home/user/.m2/repository/org/apache/hadoop/hadoop-common/3.2.0/hadoop-common-3.2.0-tests.jar:/home/user/.m2/repository/org/apache/hadoop/hadoop-annotations/3.2.0/hadoop-annotations-3.2.0.jar:/usr/lib/jvm/java-1.8-openjdk/jre/../lib/tools.jar:/home/user/.m2/repository/commons-cli/commons-cli/1.2/commons-cli-1.2.jar:/home/user/.m2/repository/org/apache/httpcomponents/httpclient/4.5.2/httpclient-4.5.2.jar:/home/user/.m2/repository/org/apache/httpcomponents/httpcore/4.4.4/httpcore-4.4.4.jar:/home/user/.m2/repository/commons-codec/commons-codec/1.11/commons-codec-1.11.jar:/home/user/.m2/repository/commons-net/commons-net/3.6/commons-net-3.6.jar:/home/user/.m2/repository/commons-collections/commons-collections/3.2.2/commons-collections-3.2.2.jar:/home/user/.m2/repository/org/eclipse/jetty/jetty-servlet/9.3.24.v20180605/jetty-servlet-9.3.24.v20180605.jar:/home/user/.m2/repository/org/eclipse/jetty/jetty-security/9.3.24.v20180605/jetty-security-9.3.24.v20180605.jar:/home/user/.m2/repository/javax/servlet/jsp/jsp-api/2.1/jsp-api-2.1.jar:/home/user/.m2/repository/com/sun/jersey/jersey-servlet/1.19/jersey-servlet-1.19.jar:/home/user/.m2/repository/com/sun/jersey/jersey-json/1.19/jersey-json-1.19.jar:/home/user/.m2/repository/org/codehaus/jettison/jettison/1.1/jettison-1.1.jar:/home/user/.m2/repository/org/codehaus/jackson/jackson-core-asl/1.9.13/jackson-core-asl-1.9.13.jar:/home/user/.m2/repository/org/codehaus/jackson/jackson-mapper-asl/1.9.13/jackson-mapper-asl-1.9.13.jar:/home/user/.m2/repository/org/codehaus/jackson/jackson-jaxrs/1.9.13/jackson-jaxrs-1.9.13.jar:/home/user/.m2/repository/org/codehaus/jackson/jackson-xc/1.9.13/jackson-xc-1.9.13.jar:/home/user/.m2/repository/commons-logging/commons-logging/1.1.3/commons-logging-1.1.3.jar:/home/user/.m2/repository/commons-beanutils/commons-beanutils/1.9.3/commons-beanutils-1.9.3.jar:/home/user/.m2/repository/org/apache/commons/commons-configuration2/2.1.1/commons-configuration2-2.1.1.jar:/home/user/.m2/repository/org/apache/commons/commons-lang3/3.7/commons-lang3-3.7.jar:/home/user/.m2/repository/org/apache/commons/commons-text/1.4/commons-text-1.4.jar:/home/user/.m2/repository/org/apache/avro/avro/1.7.7/avro-1.7.7.jar:/home/user/.m2/repository/com/thoughtworks/paranamer/paranamer/2.3/paranamer-2.3.jar:/home/user/.m2/repository/org/xerial/snappy/snappy-java/1.0.5/snappy-java-1.0.5.jar:/home/user/.m2/repository/com/google/re2j/re2j/1.1/re2j-1.1.jar:/home/user/.m2/repository/com/google/code/gson/gson/2.2.4/gson-2.2.4.jar:/home/user/.m2/repository/com/jcraft/jsch/0.1.54/jsch-0.1.54.jar:/home/user/.m2/repository/org/apache/curator/curator-client/2.12.0/curator-client-2.12.0.jar:/home/user/.m2/repository/org/apache/curator/curator-recipes/2.12.0/curator-recipes-2.12.0.jar:/home/user/.m2/repository/com/google/code/findbugs/jsr305/3.0.0/jsr305-3.0.0.jar:/home/user/.m2/repository/org/apache/htrace/htrace-core4/4.1.0-incubating/htrace-core4-4.1.0-incubating.jar:/home/user/.m2/repository/org/apache/zookeeper/zookeeper/3.4.13/zookeeper-3.4.13.jar:/home/user/.m2/repository/org/apache/yetus/audience-annotations/0.5.0/audience-annotations-0.5.0.jar:/home/user/.m2/repository/org/codehaus/woodstox/stax2-api/3.1.4/stax2-api-3.1.4.jar:/home/user/.m2/repository/com/fasterxml/woodstox/woodstox-core/5.0.3/woodstox-core-5.0.3.jar:/home/user/.m2/repository/dnsjava/dnsjava/2.1.7/dnsjava-2.1.7.jar:/home/user/.m2/repository/org/apache/hadoop/hadoop-hdfs/3.2.0/hadoop-hdfs-3.2.0-tests.jar:/home/user/.m2/repository/org/eclipse/jetty/jetty-util-ajax/9.3.24.v20180605/jetty-util-ajax-9.3.24.v20180605.jar:/home/user/.m2/repository/commons-daemon/commons-daemon/1.0.13/commons-daemon-1.0.13.jar:/home/user/.m2/repository/io/netty/netty/3.10.5.Final/netty-3.10.5.Final.jar:/home/user/.m2/repository/io/netty/netty-all/4.0.52.Final/netty-all-4.0.52.Final.jar:/home/user/.m2/repository/org/fusesource/leveldbjni/leveldbjni-all/1.8/leveldbjni-all-1.8.jar:"/>
    <property name="sun.cpu.endian" value="little"/>
    <property name="user.home" value="/home/user"/>
    <property name="user.language" value="en"/>
    <property name="java.specification.vendor" value="Oracle Corporation"/>
    <property name="java.home" value="/usr/lib/jvm/java-1.8-openjdk/jre"/>
    <property name="java.security.krb5.conf" value="/workdir/hadoop-ozone/integration-test/target/test-classes/krb5.conf"/>
    <property name="basedir" value="/workdir/hadoop-ozone/integration-test"/>
    <property name="file.separator" value="/"/>
    <property name="line.separator" value="&#10;"/>
    <property name="java.vm.specification.vendor" value="Oracle Corporation"/>
    <property name="java.specification.name" value="Java Platform API Specification"/>
    <property name="java.awt.graphicsenv" value="sun.awt.X11GraphicsEnvironment"/>
    <property name="surefire.real.class.path" value="/workdir/hadoop-ozone/integration-test/target/surefire/surefirebooter7801156792731625652.jar"/>
    <property name="hadoop.log.dir" value="/workdir/hadoop-ozone/integration-test/target/log"/>
    <property name="sun.boot.class.path" value="/usr/lib/jvm/java-1.8-openjdk/jre/lib/resources.jar:/usr/lib/jvm/java-1.8-openjdk/jre/lib/rt.jar:/usr/lib/jvm/java-1.8-openjdk/jre/lib/sunrsasign.jar:/usr/lib/jvm/java-1.8-openjdk/jre/lib/jsse.jar:/usr/lib/jvm/java-1.8-openjdk/jre/lib/jce.jar:/usr/lib/jvm/java-1.8-openjdk/jre/lib/charsets.jar:/usr/lib/jvm/java-1.8-openjdk/jre/lib/jfr.jar:/usr/lib/jvm/java-1.8-openjdk/jre/classes"/>
    <property name="sun.management.compiler" value="HotSpot 64-Bit Tiered Compilers"/>
    <property name="java.runtime.version" value="1.8.0_212-b04"/>
    <property name="java.net.preferIPv4Stack" value="true"/>
    <property name="user.name" value="jenkins1000"/>
    <property name="path.separator" value=":"/>
    <property name="java.security.egd" value="file:///dev/urandom"/>
    <property name="os.version" value="3.10.0-957.12.2.el7.x86_64"/>
    <property name="java.endorsed.dirs" value="/usr/lib/jvm/java-1.8-openjdk/jre/lib/endorsed"/>
    <property name="java.runtime.name" value="OpenJDK Runtime Environment"/>
    <property name="file.encoding" value="UTF-8"/>
    <property name="java.vm.name" value="OpenJDK 64-Bit Server VM"/>
    <property name="test.build.webapps" value=""/>
    <property name="localRepository" value="/home/user/.m2/repository"/>
    <property name="java.vendor.url.bug" value="https://icedtea.classpath.org/bugzilla"/>
    <property name="java.io.tmpdir" value="/tmp"/>
    <property name="require.test.libhadoop" value=""/>
    <property name="java.version" value="1.8.0_212"/>
    <property name="user.dir" value="/workdir/hadoop-ozone/integration-test"/>
    <property name="os.arch" value="amd64"/>
    <property name="java.vm.specification.name" value="Java Virtual Machine Specification"/>
    <property name="test.build.classes" value="/workdir/hadoop-ozone/integration-test/target/test-classes"/>
    <property name="java.awt.printerjob" value="sun.print.PSPrinterJob"/>
    <property name="sun.os.patch.level" value="unknown"/>
    <property name="hadoop.tmp.dir" value="/workdir/hadoop-ozone/integration-test/target/tmp"/>
    <property name="java.library.path" value="/usr/lib/jvm/java-1.8-openjdk/jre/lib/amd64/server:/usr/lib/jvm/java-1.8-openjdk/jre/lib/amd64:/usr/lib/jvm/java-1.8-openjdk/jre/../lib/amd64:/workdir/hadoop-ozone/integration-test/target/native/target/usr/local/lib:/workdir/hadoop-ozone/integration-test/../../hadoop-common-project/hadoop-common/target/native/target/usr/local/lib:/usr/java/packages/lib/amd64:/usr/lib64:/lib64:/lib:/usr/lib"/>
    <property name="java.vm.info" value="mixed mode"/>
    <property name="java.vendor" value="IcedTea"/>
    <property name="java.vm.version" value="25.212-b04"/>
    <property name="java.ext.dirs" value="/usr/lib/jvm/java-1.8-openjdk/jre/lib/ext:/usr/java/packages/lib/ext"/>
    <property name="sun.io.unicode.encoding" value="UnicodeLittle"/>
    <property name="java.class.version" value="52.0"/>
  </properties>
  <testcase name="testReleaseBuffers" classname="org.apache.hadoop.ozone.client.rpc.TestCommitWatcher" time="11.117"/>
  <testcase name="testReleaseBuffersOnException" classname="org.apache.hadoop.ozone.client.rpc.TestCommitWatcher" time="14.812">
    <failure type="java.lang.AssertionError">java.lang.AssertionError
	at org.junit.Assert.fail(Assert.java:86)
	at org.junit.Assert.assertTrue(Assert.java:41)
	at org.junit.Assert.assertTrue(Assert.java:52)
	at org.apache.hadoop.ozone.client.rpc.TestCommitWatcher.testReleaseBuffersOnException(TestCommitWatcher.java:284)
	at sun.reflect.NativeMethodAccessorImpl.invoke0(Native Method)
	at sun.reflect.NativeMethodAccessorImpl.invoke(NativeMethodAccessorImpl.java:62)
	at sun.reflect.DelegatingMethodAccessorImpl.invoke(DelegatingMethodAccessorImpl.java:43)
	at java.lang.reflect.Method.invoke(Method.java:498)
	at org.junit.runners.model.FrameworkMethod$1.runReflectiveCall(FrameworkMethod.java:47)
	at org.junit.internal.runners.model.ReflectiveCallable.run(ReflectiveCallable.java:12)
	at org.junit.runners.model.FrameworkMethod.invokeExplosively(FrameworkMethod.java:44)
	at org.junit.internal.runners.statements.InvokeMethod.evaluate(InvokeMethod.java:17)
	at org.junit.runners.ParentRunner.runLeaf(ParentRunner.java:271)
	at org.junit.runners.BlockJUnit4ClassRunner.runChild(BlockJUnit4ClassRunner.java:70)
	at org.junit.runners.BlockJUnit4ClassRunner.runChild(BlockJUnit4ClassRunner.java:50)
	at org.junit.runners.ParentRunner$3.run(ParentRunner.java:238)
	at org.junit.runners.ParentRunner$1.schedule(ParentRunner.java:63)
	at org.junit.runners.ParentRunner.runChildren(ParentRunner.java:236)
	at org.junit.runners.ParentRunner.access$000(ParentRunner.java:53)
	at org.junit.runners.ParentRunner$2.evaluate(ParentRunner.java:229)
	at org.junit.internal.runners.statements.RunBefores.evaluate(RunBefores.java:26)
	at org.junit.internal.runners.statements.RunAfters.evaluate(RunAfters.java:27)
	at org.junit.runners.ParentRunner.run(ParentRunner.java:309)
	at org.apache.maven.surefire.junit4.JUnit4Provider.execute(JUnit4Provider.java:365)
	at org.apache.maven.surefire.junit4.JUnit4Provider.executeWithRerun(JUnit4Provider.java:273)
	at org.apache.maven.surefire.junit4.JUnit4Provider.executeTestSet(JUnit4Provider.java:238)
	at org.apache.maven.surefire.junit4.JUnit4Provider.invoke(JUnit4Provider.java:159)
	at org.apache.maven.surefire.booter.ForkedBooter.invokeProviderInSameClassLoader(ForkedBooter.java:384)
	at org.apache.maven.surefire.booter.ForkedBooter.runSuitesInProcess(ForkedBooter.java:345)
	at org.apache.maven.surefire.booter.ForkedBooter.execute(ForkedBooter.java:126)
	at org.apache.maven.surefire.booter.ForkedBooter.main(ForkedBooter.java:418)
</failure>
    <system-out><![CDATA[2019-08-28 13:35:30,308 [grpc-default-executor-4] INFO  client.GrpcClientProtocolClient (GrpcClientProtocolClient.java:onNext(255)) - client-F615DD5E8BE9->0dca01d3-df9e-4d4d-924c-ba7f31bf6753: receive RaftClientReply:client-F615DD5E8BE9->0dca01d3-df9e-4d4d-924c-ba7f31bf6753@group-DB7C97FC7630, cid=17, FAILED org.apache.ratis.protocol.NotLeaderException: Server 0dca01d3-df9e-4d4d-924c-ba7f31bf6753 is not the leader (null). Request must be sent to leader., logIndex=0, commits[0dca01d3-df9e-4d4d-924c-ba7f31bf6753:c-1]
2019-08-28 13:35:30,421 | INFO  | SCMAudit | user=jenkins1000 | ip=192.168.34.60 | op=SEND_HEARTBEAT {datanodeUUID=0dca01d3-df9e-4d4d-924c-ba7f31bf6753, command=[]} | ret=SUCCESS |  
2019-08-28 13:35:30,729 | INFO  | SCMAudit | user=jenkins1000 | ip=192.168.34.60 | op=SEND_HEARTBEAT {datanodeUUID=f15d7a5c-4534-4515-aaa0-80149f9d278e, command=[]} | ret=SUCCESS |  
2019-08-28 13:35:30,858 | INFO  | SCMAudit | user=jenkins1000 | ip=192.168.34.60 | op=SEND_HEARTBEAT {datanodeUUID=d187015a-f0a5-46db-b7c4-754f5fd2ab43, command=[]} | ret=SUCCESS |  
2019-08-28 13:35:30,948 | INFO  | SCMAudit | user=jenkins1000 | ip=192.168.34.60 | op=SEND_HEARTBEAT {datanodeUUID=74c1f3dd-e9a5-48de-a0f1-a3863648c9f9, command=[]} | ret=SUCCESS |  
2019-08-28 13:35:31,015 | INFO  | SCMAudit | user=jenkins1000 | ip=192.168.34.60 | op=SEND_HEARTBEAT {datanodeUUID=95a6cf1f-1cad-4ec5-b018-60201dbf34b6, command=[]} | ret=SUCCESS |  
2019-08-28 13:35:31,016 | INFO  | SCMAudit | user=jenkins1000 | ip=192.168.34.60 | op=SEND_HEARTBEAT {datanodeUUID=f7a8892f-3f9d-4989-89f3-096c86d87bd6, command=[]} | ret=SUCCESS |  
2019-08-28 13:35:31,031 | INFO  | SCMAudit | user=jenkins1000 | ip=192.168.34.60 | op=SEND_HEARTBEAT {datanodeUUID=b3688ca6-6701-4d32-a438-63a0b4670b0a, command=[]} | ret=SUCCESS |  
2019-08-28 13:35:31,353 [grpc-default-executor-4] INFO  client.GrpcClientProtocolClient (GrpcClientProtocolClient.java:onNext(255)) - client-F615DD5E8BE9->b3688ca6-6701-4d32-a438-63a0b4670b0a: receive RaftClientReply:client-F615DD5E8BE9->b3688ca6-6701-4d32-a438-63a0b4670b0a@group-DB7C97FC7630, cid=17, FAILED org.apache.ratis.protocol.NotLeaderException: Server b3688ca6-6701-4d32-a438-63a0b4670b0a is not the leader (null). Request must be sent to leader., logIndex=0, commits[b3688ca6-6701-4d32-a438-63a0b4670b0a:c-1, 0dca01d3-df9e-4d4d-924c-ba7f31bf6753:c-1, f15d7a5c-4534-4515-aaa0-80149f9d278e:c-1]
2019-08-28 13:35:31,422 | INFO  | SCMAudit | user=jenkins1000 | ip=192.168.34.60 | op=SEND_HEARTBEAT {datanodeUUID=0dca01d3-df9e-4d4d-924c-ba7f31bf6753, command=[]} | ret=SUCCESS |  
2019-08-28 13:35:31,730 | INFO  | SCMAudit | user=jenkins1000 | ip=192.168.34.60 | op=SEND_HEARTBEAT {datanodeUUID=f15d7a5c-4534-4515-aaa0-80149f9d278e, command=[]} | ret=SUCCESS |  
2019-08-28 13:35:31,857 | INFO  | SCMAudit | user=jenkins1000 | ip=192.168.34.60 | op=SEND_HEARTBEAT {datanodeUUID=d187015a-f0a5-46db-b7c4-754f5fd2ab43, command=[]} | ret=SUCCESS |  
2019-08-28 13:35:31,947 | INFO  | SCMAudit | user=jenkins1000 | ip=192.168.34.60 | op=SEND_HEARTBEAT {datanodeUUID=74c1f3dd-e9a5-48de-a0f1-a3863648c9f9, command=[]} | ret=SUCCESS |  
2019-08-28 13:35:32,015 | INFO  | SCMAudit | user=jenkins1000 | ip=192.168.34.60 | op=SEND_HEARTBEAT {datanodeUUID=f7a8892f-3f9d-4989-89f3-096c86d87bd6, command=[]} | ret=SUCCESS |  
2019-08-28 13:35:32,017 | INFO  | SCMAudit | user=jenkins1000 | ip=192.168.34.60 | op=SEND_HEARTBEAT {datanodeUUID=95a6cf1f-1cad-4ec5-b018-60201dbf34b6, command=[]} | ret=SUCCESS |  
2019-08-28 13:35:32,031 | INFO  | SCMAudit | user=jenkins1000 | ip=192.168.34.60 | op=SEND_HEARTBEAT {datanodeUUID=b3688ca6-6701-4d32-a438-63a0b4670b0a, command=[]} | ret=SUCCESS |  
2019-08-28 13:35:32,378 [grpc-default-executor-4] INFO  client.GrpcClientProtocolClient (GrpcClientProtocolClient.java:onNext(255)) - client-F615DD5E8BE9->f15d7a5c-4534-4515-aaa0-80149f9d278e: receive RaftClientReply:client-F615DD5E8BE9->f15d7a5c-4534-4515-aaa0-80149f9d278e@group-DB7C97FC7630, cid=17, FAILED org.apache.ratis.protocol.NotLeaderException: Server f15d7a5c-4534-4515-aaa0-80149f9d278e is not the leader (null). Request must be sent to leader., logIndex=0, commits[f15d7a5c-4534-4515-aaa0-80149f9d278e:c-1]
2019-08-28 13:35:32,421 | INFO  | SCMAudit | user=jenkins1000 | ip=192.168.34.60 | op=SEND_HEARTBEAT {datanodeUUID=0dca01d3-df9e-4d4d-924c-ba7f31bf6753, command=[]} | ret=SUCCESS |  
2019-08-28 13:35:32,731 | INFO  | SCMAudit | user=jenkins1000 | ip=192.168.34.60 | op=SEND_HEARTBEAT {datanodeUUID=f15d7a5c-4534-4515-aaa0-80149f9d278e, command=[]} | ret=SUCCESS |  
2019-08-28 13:35:32,857 | INFO  | SCMAudit | user=jenkins1000 | ip=192.168.34.60 | op=SEND_HEARTBEAT {datanodeUUID=d187015a-f0a5-46db-b7c4-754f5fd2ab43, command=[]} | ret=SUCCESS |  
2019-08-28 13:35:32,947 | INFO  | SCMAudit | user=jenkins1000 | ip=192.168.34.60 | op=SEND_HEARTBEAT {datanodeUUID=74c1f3dd-e9a5-48de-a0f1-a3863648c9f9, command=[]} | ret=SUCCESS |  
2019-08-28 13:35:33,015 | INFO  | SCMAudit | user=jenkins1000 | ip=192.168.34.60 | op=SEND_HEARTBEAT {datanodeUUID=f7a8892f-3f9d-4989-89f3-096c86d87bd6, command=[]} | ret=SUCCESS |  
2019-08-28 13:35:33,017 | INFO  | SCMAudit | user=jenkins1000 | ip=192.168.34.60 | op=SEND_HEARTBEAT {datanodeUUID=95a6cf1f-1cad-4ec5-b018-60201dbf34b6, command=[]} | ret=SUCCESS |  
2019-08-28 13:35:33,031 | INFO  | SCMAudit | user=jenkins1000 | ip=192.168.34.60 | op=SEND_HEARTBEAT {datanodeUUID=b3688ca6-6701-4d32-a438-63a0b4670b0a, command=[]} | ret=SUCCESS |  
2019-08-28 13:35:33,409 [grpc-default-executor-4] INFO  client.GrpcClientProtocolClient (GrpcClientProtocolClient.java:onNext(255)) - client-F615DD5E8BE9->0dca01d3-df9e-4d4d-924c-ba7f31bf6753: receive RaftClientReply:client-F615DD5E8BE9->0dca01d3-df9e-4d4d-924c-ba7f31bf6753@group-DB7C97FC7630, cid=17, FAILED org.apache.ratis.protocol.NotLeaderException: Server 0dca01d3-df9e-4d4d-924c-ba7f31bf6753 is not the leader (null). Request must be sent to leader., logIndex=0, commits[0dca01d3-df9e-4d4d-924c-ba7f31bf6753:c-1]
2019-08-28 13:35:33,423 | INFO  | SCMAudit | user=jenkins1000 | ip=192.168.34.60 | op=SEND_HEARTBEAT {datanodeUUID=0dca01d3-df9e-4d4d-924c-ba7f31bf6753, command=[]} | ret=SUCCESS |  
2019-08-28 13:35:33,730 | INFO  | SCMAudit | user=jenkins1000 | ip=192.168.34.60 | op=SEND_HEARTBEAT {datanodeUUID=f15d7a5c-4534-4515-aaa0-80149f9d278e, command=[]} | ret=SUCCESS |  
2019-08-28 13:35:33,858 | INFO  | SCMAudit | user=jenkins1000 | ip=192.168.34.60 | op=SEND_HEARTBEAT {datanodeUUID=d187015a-f0a5-46db-b7c4-754f5fd2ab43, command=[]} | ret=SUCCESS |  
2019-08-28 13:35:33,947 | INFO  | SCMAudit | user=jenkins1000 | ip=192.168.34.60 | op=SEND_HEARTBEAT {datanodeUUID=74c1f3dd-e9a5-48de-a0f1-a3863648c9f9, command=[]} | ret=SUCCESS |  
2019-08-28 13:35:34,016 | INFO  | SCMAudit | user=jenkins1000 | ip=192.168.34.60 | op=SEND_HEARTBEAT {datanodeUUID=f7a8892f-3f9d-4989-89f3-096c86d87bd6, command=[]} | ret=SUCCESS |  
2019-08-28 13:35:34,016 | INFO  | SCMAudit | user=jenkins1000 | ip=192.168.34.60 | op=SEND_HEARTBEAT {datanodeUUID=95a6cf1f-1cad-4ec5-b018-60201dbf34b6, command=[]} | ret=SUCCESS |  
2019-08-28 13:35:34,031 | INFO  | SCMAudit | user=jenkins1000 | ip=192.168.34.60 | op=SEND_HEARTBEAT {datanodeUUID=b3688ca6-6701-4d32-a438-63a0b4670b0a, command=[]} | ret=SUCCESS |  
2019-08-28 13:35:34,257 [Thread-375] INFO  impl.FollowerState (FollowerState.java:run(106)) - f15d7a5c-4534-4515-aaa0-80149f9d278e:group-DB7C97FC7630 changes to CANDIDATE, lastRpcTime:5002, electionTimeout:5001ms
2019-08-28 13:35:34,258 [Thread-375] INFO  impl.RoleInfo (RoleInfo.java:shutdownFollowerState(121)) - f15d7a5c-4534-4515-aaa0-80149f9d278e: shutdown FollowerState
2019-08-28 13:35:34,258 [Thread-375] INFO  impl.RaftServerImpl (RaftServerImpl.java:setRole(171)) - f15d7a5c-4534-4515-aaa0-80149f9d278e:group-DB7C97FC7630 changes role from FOLLOWER to CANDIDATE at term 3 for changeToCandidate
2019-08-28 13:35:34,258 [Thread-375] INFO  impl.RoleInfo (RoleInfo.java:updateAndGet(143)) - f15d7a5c-4534-4515-aaa0-80149f9d278e: start LeaderElection
2019-08-28 13:35:34,276 [f15d7a5c-4534-4515-aaa0-80149f9d278e:group-DB7C97FC7630:LeaderElection17] INFO  impl.LeaderElection (LeaderElection.java:askForVotes(181)) - f15d7a5c-4534-4515-aaa0-80149f9d278e:group-DB7C97FC7630:LeaderElection17: begin an election at term 4 for -1: [0dca01d3-df9e-4d4d-924c-ba7f31bf6753:192.168.34.60:42941, b3688ca6-6701-4d32-a438-63a0b4670b0a:192.168.34.60:35884, f15d7a5c-4534-4515-aaa0-80149f9d278e:192.168.34.60:41333], old=null
2019-08-28 13:35:34,281 [grpc-default-executor-4] INFO  impl.RaftServerImpl (RaftServerImpl.java:setRole(171)) - b3688ca6-6701-4d32-a438-63a0b4670b0a:group-DB7C97FC7630 changes role from FOLLOWER to FOLLOWER at term 4 for recognizeCandidate:f15d7a5c-4534-4515-aaa0-80149f9d278e
2019-08-28 13:35:34,281 [grpc-default-executor-0] INFO  impl.RaftServerImpl (RaftServerImpl.java:setRole(171)) - 0dca01d3-df9e-4d4d-924c-ba7f31bf6753:group-DB7C97FC7630 changes role from FOLLOWER to FOLLOWER at term 4 for recognizeCandidate:f15d7a5c-4534-4515-aaa0-80149f9d278e
2019-08-28 13:35:34,281 [grpc-default-executor-4] INFO  impl.RoleInfo (RoleInfo.java:shutdownFollowerState(121)) - b3688ca6-6701-4d32-a438-63a0b4670b0a: shutdown FollowerState
2019-08-28 13:35:34,281 [grpc-default-executor-0] INFO  impl.RoleInfo (RoleInfo.java:shutdownFollowerState(121)) - 0dca01d3-df9e-4d4d-924c-ba7f31bf6753: shutdown FollowerState
2019-08-28 13:35:34,281 [Thread-374] INFO  impl.FollowerState (FollowerState.java:run(114)) - b3688ca6-6701-4d32-a438-63a0b4670b0a: FollowerState was interrupted: java.lang.InterruptedException: sleep interrupted
2019-08-28 13:35:34,282 [grpc-default-executor-0] INFO  impl.RoleInfo (RoleInfo.java:updateAndGet(143)) - 0dca01d3-df9e-4d4d-924c-ba7f31bf6753: start FollowerState
2019-08-28 13:35:34,281 [grpc-default-executor-4] INFO  impl.RoleInfo (RoleInfo.java:updateAndGet(143)) - b3688ca6-6701-4d32-a438-63a0b4670b0a: start FollowerState
2019-08-28 13:35:34,284 [Thread-373] INFO  impl.FollowerState (FollowerState.java:run(114)) - 0dca01d3-df9e-4d4d-924c-ba7f31bf6753: FollowerState was interrupted: java.lang.InterruptedException: sleep interrupted
2019-08-28 13:35:34,301 [f15d7a5c-4534-4515-aaa0-80149f9d278e:group-DB7C97FC7630:LeaderElection17] INFO  impl.LeaderElection (LeaderElection.java:logAndReturn(56)) - f15d7a5c-4534-4515-aaa0-80149f9d278e:group-DB7C97FC7630:LeaderElection17: Election PASSED; received 1 response(s) [f15d7a5c-4534-4515-aaa0-80149f9d278e<-0dca01d3-df9e-4d4d-924c-ba7f31bf6753#0:OK-t4] and 0 exception(s); f15d7a5c-4534-4515-aaa0-80149f9d278e:t4, leader=null, voted=f15d7a5c-4534-4515-aaa0-80149f9d278e, raftlog=f15d7a5c-4534-4515-aaa0-80149f9d278e-SegmentedRaftLog:OPENED:c-1,f-1,i0, conf=-1: [0dca01d3-df9e-4d4d-924c-ba7f31bf6753:192.168.34.60:42941, b3688ca6-6701-4d32-a438-63a0b4670b0a:192.168.34.60:35884, f15d7a5c-4534-4515-aaa0-80149f9d278e:192.168.34.60:41333], old=null
2019-08-28 13:35:34,302 [f15d7a5c-4534-4515-aaa0-80149f9d278e:group-DB7C97FC7630:LeaderElection17] INFO  impl.RoleInfo (RoleInfo.java:shutdownLeaderElection(134)) - f15d7a5c-4534-4515-aaa0-80149f9d278e: shutdown LeaderElection
2019-08-28 13:35:34,304 [f15d7a5c-4534-4515-aaa0-80149f9d278e:group-DB7C97FC7630:LeaderElection17] INFO  impl.RaftServerImpl (RaftServerImpl.java:setRole(171)) - f15d7a5c-4534-4515-aaa0-80149f9d278e:group-DB7C97FC7630 changes role from CANDIDATE to LEADER at term 4 for changeToLeader
2019-08-28 13:35:34,306 [f15d7a5c-4534-4515-aaa0-80149f9d278e:group-DB7C97FC7630:LeaderElection17] INFO  impl.RaftServerImpl (ServerState.java:setLeader(263)) - f15d7a5c-4534-4515-aaa0-80149f9d278e:group-DB7C97FC7630 change Leader from null to f15d7a5c-4534-4515-aaa0-80149f9d278e at term 4 for becomeLeader, leader elected after 15453ms
2019-08-28 13:35:34,306 [f15d7a5c-4534-4515-aaa0-80149f9d278e:group-DB7C97FC7630:LeaderElection17] INFO  server.RaftServerConfigKeys (ConfUtils.java:logGet(43)) - raft.server.staging.catchup.gap = 1000 (default)
2019-08-28 13:35:34,307 [f15d7a5c-4534-4515-aaa0-80149f9d278e:group-DB7C97FC7630:LeaderElection17] INFO  server.RaftServerConfigKeys (ConfUtils.java:logGet(43)) - raft.server.rpc.sleep.time = 25ms (default)
2019-08-28 13:35:34,307 [f15d7a5c-4534-4515-aaa0-80149f9d278e:group-DB7C97FC7630:LeaderElection17] INFO  server.RaftServerConfigKeys (ConfUtils.java:logGet(43)) - raft.server.write.element-limit = 4096 (default)
2019-08-28 13:35:34,307 [f15d7a5c-4534-4515-aaa0-80149f9d278e:group-DB7C97FC7630:LeaderElection17] INFO  server.RaftServerConfigKeys (ConfUtils.java:logGet(43)) - raft.server.watch.timeout = 10s (default)
2019-08-28 13:35:34,307 [f15d7a5c-4534-4515-aaa0-80149f9d278e:group-DB7C97FC7630:LeaderElection17] INFO  server.RaftServerConfigKeys (ConfUtils.java:logGet(43)) - raft.server.watch.timeout.denomination = 1s (default)
2019-08-28 13:35:34,307 [f15d7a5c-4534-4515-aaa0-80149f9d278e:group-DB7C97FC7630:LeaderElection17] INFO  server.RaftServerConfigKeys (ConfUtils.java:logGet(43)) - raft.server.watch.element-limit = 65536 (default)
2019-08-28 13:35:34,308 [f15d7a5c-4534-4515-aaa0-80149f9d278e:group-DB7C97FC7630:LeaderElection17] INFO  server.RaftServerConfigKeys (ConfUtils.java:logGet(43)) - raft.server.log.appender.snapshot.chunk.size.max = 16MB (=16777216) (default)
2019-08-28 13:35:34,308 [f15d7a5c-4534-4515-aaa0-80149f9d278e:group-DB7C97FC7630:LeaderElection17] INFO  server.RaftServerConfigKeys (ConfUtils.java:logGet(43)) - raft.server.log.appender.buffer.byte-limit = 33554432 (custom)
2019-08-28 13:35:34,308 [f15d7a5c-4534-4515-aaa0-80149f9d278e:group-DB7C97FC7630:LeaderElection17] INFO  server.RaftServerConfigKeys (ConfUtils.java:logGet(43)) - raft.server.log.appender.buffer.element-limit = 1 (custom)
2019-08-28 13:35:34,309 [f15d7a5c-4534-4515-aaa0-80149f9d278e:group-DB7C97FC7630:LeaderElection17] INFO  grpc.GrpcConfigKeys$Server (ConfUtils.java:logGet(43)) - raft.grpc.server.leader.outstanding.appends.max = 128 (default)
2019-08-28 13:35:34,309 [f15d7a5c-4534-4515-aaa0-80149f9d278e:group-DB7C97FC7630:LeaderElection17] INFO  server.RaftServerConfigKeys (ConfUtils.java:logGet(43)) - raft.server.rpc.request.timeout = 3000ms (default)
2019-08-28 13:35:34,309 [f15d7a5c-4534-4515-aaa0-80149f9d278e:group-DB7C97FC7630:LeaderElection17] INFO  server.RaftServerConfigKeys (ConfUtils.java:logGet(43)) - raft.server.log.appender.install.snapshot.enabled = false (custom)
2019-08-28 13:35:34,309 [f15d7a5c-4534-4515-aaa0-80149f9d278e:group-DB7C97FC7630:LeaderElection17] INFO  server.RaftServerConfigKeys (ConfUtils.java:logGet(43)) - raft.server.log.appender.snapshot.chunk.size.max = 16MB (=16777216) (default)
2019-08-28 13:35:34,309 [f15d7a5c-4534-4515-aaa0-80149f9d278e:group-DB7C97FC7630:LeaderElection17] INFO  server.RaftServerConfigKeys (ConfUtils.java:logGet(43)) - raft.server.log.appender.buffer.byte-limit = 33554432 (custom)
2019-08-28 13:35:34,310 [f15d7a5c-4534-4515-aaa0-80149f9d278e:group-DB7C97FC7630:LeaderElection17] INFO  server.RaftServerConfigKeys (ConfUtils.java:logGet(43)) - raft.server.log.appender.buffer.element-limit = 1 (custom)
2019-08-28 13:35:34,310 [f15d7a5c-4534-4515-aaa0-80149f9d278e:group-DB7C97FC7630:LeaderElection17] INFO  grpc.GrpcConfigKeys$Server (ConfUtils.java:logGet(43)) - raft.grpc.server.leader.outstanding.appends.max = 128 (default)
2019-08-28 13:35:34,310 [f15d7a5c-4534-4515-aaa0-80149f9d278e:group-DB7C97FC7630:LeaderElection17] INFO  server.RaftServerConfigKeys (ConfUtils.java:logGet(43)) - raft.server.rpc.request.timeout = 3000ms (default)
2019-08-28 13:35:34,310 [f15d7a5c-4534-4515-aaa0-80149f9d278e:group-DB7C97FC7630:LeaderElection17] INFO  server.RaftServerConfigKeys (ConfUtils.java:logGet(43)) - raft.server.log.appender.install.snapshot.enabled = false (custom)
2019-08-28 13:35:34,310 [f15d7a5c-4534-4515-aaa0-80149f9d278e:group-DB7C97FC7630:LeaderElection17] INFO  impl.RoleInfo (RoleInfo.java:updateAndGet(143)) - f15d7a5c-4534-4515-aaa0-80149f9d278e: start LeaderState
2019-08-28 13:35:34,311 [f15d7a5c-4534-4515-aaa0-80149f9d278e:group-DB7C97FC7630:LeaderElection17] INFO  segmented.SegmentedRaftLogWorker (SegmentedRaftLogWorker.java:startLogSegment(380)) - f15d7a5c-4534-4515-aaa0-80149f9d278e-SegmentedRaftLogWorker:Storage Directory /workdir/hadoop-ozone/integration-test/target/test-dir/MiniOzoneClusterImpl-b4dc7d6b-bc19-4dfa-987f-dcc5766a0d1c/datanode-0/data/ratis/f6a9c40f-87c1-42b4-9756-db7c97fc7630: Starting segment from index:0
2019-08-28 13:35:34,312 [f15d7a5c-4534-4515-aaa0-80149f9d278e:group-DB7C97FC7630:LeaderElection17] INFO  impl.RaftServerImpl (ServerState.java:setRaftConf(361)) - f15d7a5c-4534-4515-aaa0-80149f9d278e:group-DB7C97FC7630 set configuration 0: [0dca01d3-df9e-4d4d-924c-ba7f31bf6753:192.168.34.60:42941, b3688ca6-6701-4d32-a438-63a0b4670b0a:192.168.34.60:35884, f15d7a5c-4534-4515-aaa0-80149f9d278e:192.168.34.60:41333], old=null at 0
2019-08-28 13:35:34,353 [grpc-default-executor-0] INFO  impl.RaftServerImpl (ServerState.java:setLeader(263)) - b3688ca6-6701-4d32-a438-63a0b4670b0a:group-DB7C97FC7630 change Leader from null to f15d7a5c-4534-4515-aaa0-80149f9d278e at term 4 for appendEntries, leader elected after 10243ms
2019-08-28 13:35:34,353 [grpc-default-executor-4] INFO  impl.RaftServerImpl (ServerState.java:setLeader(263)) - 0dca01d3-df9e-4d4d-924c-ba7f31bf6753:group-DB7C97FC7630 change Leader from null to f15d7a5c-4534-4515-aaa0-80149f9d278e at term 4 for appendEntries, leader elected after 15499ms
2019-08-28 13:35:34,359 [grpc-default-executor-0] INFO  impl.RaftServerImpl (ServerState.java:setRaftConf(361)) - 0dca01d3-df9e-4d4d-924c-ba7f31bf6753:group-DB7C97FC7630 set configuration 0: [0dca01d3-df9e-4d4d-924c-ba7f31bf6753:192.168.34.60:42941, b3688ca6-6701-4d32-a438-63a0b4670b0a:192.168.34.60:35884, f15d7a5c-4534-4515-aaa0-80149f9d278e:192.168.34.60:41333], old=null at 0
2019-08-28 13:35:34,359 [grpc-default-executor-4] INFO  impl.RaftServerImpl (ServerState.java:setRaftConf(361)) - b3688ca6-6701-4d32-a438-63a0b4670b0a:group-DB7C97FC7630 set configuration 0: [0dca01d3-df9e-4d4d-924c-ba7f31bf6753:192.168.34.60:42941, b3688ca6-6701-4d32-a438-63a0b4670b0a:192.168.34.60:35884, f15d7a5c-4534-4515-aaa0-80149f9d278e:192.168.34.60:41333], old=null at 0
2019-08-28 13:35:34,359 [grpc-default-executor-0] INFO  segmented.SegmentedRaftLogWorker (SegmentedRaftLogWorker.java:startLogSegment(380)) - 0dca01d3-df9e-4d4d-924c-ba7f31bf6753-SegmentedRaftLogWorker:Storage Directory /workdir/hadoop-ozone/integration-test/target/test-dir/MiniOzoneClusterImpl-b4dc7d6b-bc19-4dfa-987f-dcc5766a0d1c/datanode-6/data/ratis/f6a9c40f-87c1-42b4-9756-db7c97fc7630: Starting segment from index:0
2019-08-28 13:35:34,361 [f15d7a5c-4534-4515-aaa0-80149f9d278e-SegmentedRaftLogWorker:Storage Directory /workdir/hadoop-ozone/integration-test/target/test-dir/MiniOzoneClusterImpl-b4dc7d6b-bc19-4dfa-987f-dcc5766a0d1c/datanode-0/data/ratis/f6a9c40f-87c1-42b4-9756-db7c97fc7630] INFO  segmented.SegmentedRaftLogWorker (SegmentedRaftLogWorker.java:execute(569)) - f15d7a5c-4534-4515-aaa0-80149f9d278e-SegmentedRaftLogWorker:Storage Directory /workdir/hadoop-ozone/integration-test/target/test-dir/MiniOzoneClusterImpl-b4dc7d6b-bc19-4dfa-987f-dcc5766a0d1c/datanode-0/data/ratis/f6a9c40f-87c1-42b4-9756-db7c97fc7630: created new log segment /workdir/hadoop-ozone/integration-test/target/test-dir/MiniOzoneClusterImpl-b4dc7d6b-bc19-4dfa-987f-dcc5766a0d1c/datanode-0/data/ratis/f6a9c40f-87c1-42b4-9756-db7c97fc7630/current/log_inprogress_0
2019-08-28 13:35:34,363 [grpc-default-executor-4] INFO  segmented.SegmentedRaftLogWorker (SegmentedRaftLogWorker.java:truncate(396)) - b3688ca6-6701-4d32-a438-63a0b4670b0a-SegmentedRaftLogWorker:Storage Directory /workdir/hadoop-ozone/integration-test/target/test-dir/MiniOzoneClusterImpl-b4dc7d6b-bc19-4dfa-987f-dcc5766a0d1c/datanode-1/data/ratis/f6a9c40f-87c1-42b4-9756-db7c97fc7630: Truncating segments toTruncate: null
  toDelete: [(0, 0) isOpen? true, length=0, newEndIndex=-1], start index 0
2019-08-28 13:35:34,364 [grpc-default-executor-4] INFO  segmented.SegmentedRaftLogWorker (SegmentedRaftLogWorker.java:startLogSegment(380)) - b3688ca6-6701-4d32-a438-63a0b4670b0a-SegmentedRaftLogWorker:Storage Directory /workdir/hadoop-ozone/integration-test/target/test-dir/MiniOzoneClusterImpl-b4dc7d6b-bc19-4dfa-987f-dcc5766a0d1c/datanode-1/data/ratis/f6a9c40f-87c1-42b4-9756-db7c97fc7630: Starting segment from index:0
2019-08-28 13:35:34,365 [b3688ca6-6701-4d32-a438-63a0b4670b0a-SegmentedRaftLogWorker:Storage Directory /workdir/hadoop-ozone/integration-test/target/test-dir/MiniOzoneClusterImpl-b4dc7d6b-bc19-4dfa-987f-dcc5766a0d1c/datanode-1/data/ratis/f6a9c40f-87c1-42b4-9756-db7c97fc7630] INFO  segmented.SegmentedRaftLogWorker (SegmentedRaftLogWorker.java:execute(633)) - b3688ca6-6701-4d32-a438-63a0b4670b0a-SegmentedRaftLogWorker:Storage Directory /workdir/hadoop-ozone/integration-test/target/test-dir/MiniOzoneClusterImpl-b4dc7d6b-bc19-4dfa-987f-dcc5766a0d1c/datanode-1/data/ratis/f6a9c40f-87c1-42b4-9756-db7c97fc7630: Deleted log file /workdir/hadoop-ozone/integration-test/target/test-dir/MiniOzoneClusterImpl-b4dc7d6b-bc19-4dfa-987f-dcc5766a0d1c/datanode-1/data/ratis/f6a9c40f-87c1-42b4-9756-db7c97fc7630/current/log_inprogress_0
2019-08-28 13:35:34,366 [b3688ca6-6701-4d32-a438-63a0b4670b0a-SegmentedRaftLogWorker:Storage Directory /workdir/hadoop-ozone/integration-test/target/test-dir/MiniOzoneClusterImpl-b4dc7d6b-bc19-4dfa-987f-dcc5766a0d1c/datanode-1/data/ratis/f6a9c40f-87c1-42b4-9756-db7c97fc7630] INFO  segmented.SegmentedRaftLogWorker (SegmentedRaftLogWorker.java:lambda$new$0(132)) - b3688ca6-6701-4d32-a438-63a0b4670b0a-SegmentedRaftLogWorker:Storage Directory /workdir/hadoop-ozone/integration-test/target/test-dir/MiniOzoneClusterImpl-b4dc7d6b-bc19-4dfa-987f-dcc5766a0d1c/datanode-1/data/ratis/f6a9c40f-87c1-42b4-9756-db7c97fc7630: flushIndex: setUnconditionally 0 -> -1
2019-08-28 13:35:34,412 [b3688ca6-6701-4d32-a438-63a0b4670b0a-SegmentedRaftLogWorker:Storage Directory /workdir/hadoop-ozone/integration-test/target/test-dir/MiniOzoneClusterImpl-b4dc7d6b-bc19-4dfa-987f-dcc5766a0d1c/datanode-1/data/ratis/f6a9c40f-87c1-42b4-9756-db7c97fc7630] INFO  segmented.SegmentedRaftLogWorker (SegmentedRaftLogWorker.java:execute(569)) - b3688ca6-6701-4d32-a438-63a0b4670b0a-SegmentedRaftLogWorker:Storage Directory /workdir/hadoop-ozone/integration-test/target/test-dir/MiniOzoneClusterImpl-b4dc7d6b-bc19-4dfa-987f-dcc5766a0d1c/datanode-1/data/ratis/f6a9c40f-87c1-42b4-9756-db7c97fc7630: created new log segment /workdir/hadoop-ozone/integration-test/target/test-dir/MiniOzoneClusterImpl-b4dc7d6b-bc19-4dfa-987f-dcc5766a0d1c/datanode-1/data/ratis/f6a9c40f-87c1-42b4-9756-db7c97fc7630/current/log_inprogress_0
2019-08-28 13:35:34,412 [0dca01d3-df9e-4d4d-924c-ba7f31bf6753-SegmentedRaftLogWorker:Storage Directory /workdir/hadoop-ozone/integration-test/target/test-dir/MiniOzoneClusterImpl-b4dc7d6b-bc19-4dfa-987f-dcc5766a0d1c/datanode-6/data/ratis/f6a9c40f-87c1-42b4-9756-db7c97fc7630] INFO  segmented.SegmentedRaftLogWorker (SegmentedRaftLogWorker.java:execute(569)) - 0dca01d3-df9e-4d4d-924c-ba7f31bf6753-SegmentedRaftLogWorker:Storage Directory /workdir/hadoop-ozone/integration-test/target/test-dir/MiniOzoneClusterImpl-b4dc7d6b-bc19-4dfa-987f-dcc5766a0d1c/datanode-6/data/ratis/f6a9c40f-87c1-42b4-9756-db7c97fc7630: created new log segment /workdir/hadoop-ozone/integration-test/target/test-dir/MiniOzoneClusterImpl-b4dc7d6b-bc19-4dfa-987f-dcc5766a0d1c/datanode-6/data/ratis/f6a9c40f-87c1-42b4-9756-db7c97fc7630/current/log_inprogress_0
2019-08-28 13:35:34,424 | INFO  | SCMAudit | user=jenkins1000 | ip=192.168.34.60 | op=SEND_HEARTBEAT {datanodeUUID=0dca01d3-df9e-4d4d-924c-ba7f31bf6753, command=[]} | ret=SUCCESS |  
2019-08-28 13:35:34,444 [grpc-default-executor-4] INFO  client.GrpcClientProtocolClient (GrpcClientProtocolClient.java:onNext(255)) - client-F615DD5E8BE9->b3688ca6-6701-4d32-a438-63a0b4670b0a: receive RaftClientReply:client-F615DD5E8BE9->b3688ca6-6701-4d32-a438-63a0b4670b0a@group-DB7C97FC7630, cid=17, FAILED org.apache.ratis.protocol.NotLeaderException: Server b3688ca6-6701-4d32-a438-63a0b4670b0a is not the leader (f15d7a5c-4534-4515-aaa0-80149f9d278e:192.168.34.60:41333). Request must be sent to leader., logIndex=0, commits[b3688ca6-6701-4d32-a438-63a0b4670b0a:c-1, 0dca01d3-df9e-4d4d-924c-ba7f31bf6753:c-1, f15d7a5c-4534-4515-aaa0-80149f9d278e:c-1]
2019-08-28 13:35:34,590 | INFO  | SCMAudit | user=jenkins1000 | ip=192.168.34.60 | op=SEND_HEARTBEAT {datanodeUUID=f15d7a5c-4534-4515-aaa0-80149f9d278e, command=[]} | ret=SUCCESS |  
2019-08-28 13:35:34,590 | INFO  | SCMAudit | user=jenkins1000 | ip=192.168.34.60 | op=SEND_HEARTBEAT {datanodeUUID=0dca01d3-df9e-4d4d-924c-ba7f31bf6753, command=[]} | ret=SUCCESS |  
2019-08-28 13:35:34,590 | INFO  | SCMAudit | user=jenkins1000 | ip=192.168.34.60 | op=SEND_HEARTBEAT {datanodeUUID=b3688ca6-6701-4d32-a438-63a0b4670b0a, command=[]} | ret=SUCCESS |  
2019-08-28 13:35:34,593 | INFO  | DNAudit | user=null | ip=null | op=WRITE_CHUNK {blockData=conID: 2 locID: 1566999330261 bcsId: 0} | ret=SUCCESS |  
2019-08-28 13:35:34,595 | INFO  | DNAudit | user=null | ip=null | op=WRITE_CHUNK {blockData=conID: 2 locID: 1566999330261 bcsId: 0} | ret=SUCCESS |  
2019-08-28 13:35:34,598 | INFO  | DNAudit | user=null | ip=null | op=WRITE_CHUNK {blockData=conID: 2 locID: 1566999330261 bcsId: 0} | ret=SUCCESS |  
2019-08-28 13:35:34,617 | INFO  | DNAudit | user=null | ip=null | op=WRITE_CHUNK {blockData=conID: 2 locID: 1566999330261 bcsId: 0} | ret=SUCCESS |  
2019-08-28 13:35:34,627 [grpc-default-executor-4] INFO  client.GrpcClientProtocolClient (GrpcClientProtocolClient.java:onNext(255)) - client-F615DD5E8BE9->f15d7a5c-4534-4515-aaa0-80149f9d278e: receive RaftClientReply:client-F615DD5E8BE9->f15d7a5c-4534-4515-aaa0-80149f9d278e@group-DB7C97FC7630, cid=17, SUCCESS, logIndex=1, commits[f15d7a5c-4534-4515-aaa0-80149f9d278e:c1, 0dca01d3-df9e-4d4d-924c-ba7f31bf6753:c0, b3688ca6-6701-4d32-a438-63a0b4670b0a:c0]
2019-08-28 13:35:34,639 | INFO  | DNAudit | user=null | ip=null | op=WRITE_CHUNK {blockData=conID: 2 locID: 1566999330261 bcsId: 0} | ret=SUCCESS |  
2019-08-28 13:35:34,639 | INFO  | DNAudit | user=null | ip=null | op=WRITE_CHUNK {blockData=conID: 2 locID: 1566999330261 bcsId: 0} | ret=SUCCESS |  
2019-08-28 13:35:34,646 [pool-26-thread-4] WARN  impl.ChunkManagerImpl (ChunkUtils.java:validateChunkForOverwrite(218)) - Duplicate write chunk request. Chunk overwrite without explicit request. ChunkInfo{chunkName='1566999330261.data.0, offset=0, len=1048576}
2019-08-28 13:35:34,647 [pool-26-thread-4] WARN  impl.ChunkManagerImpl (ChunkManagerImpl.java:writeChunk(111)) - ChunkFile already exists/workdir/hadoop-ozone/integration-test/target/test-dir/MiniOzoneClusterImpl-b4dc7d6b-bc19-4dfa-987f-dcc5766a0d1c/datanode-0/data/containers/hdds/fc3c481a-097f-42e9-94d2-a13aa1ac6a57/current/containerDir0/2/chunks/1566999330261.data.0.Deleting it.
2019-08-28 13:35:34,651 | INFO  | DNAudit | user=null | ip=null | op=WRITE_CHUNK {blockData=conID: 2 locID: 1566999330261 bcsId: 0} | ret=SUCCESS |  
2019-08-28 13:35:34,657 [pool-92-thread-2] WARN  impl.ChunkManagerImpl (ChunkUtils.java:validateChunkForOverwrite(218)) - Duplicate write chunk request. Chunk overwrite without explicit request. ChunkInfo{chunkName='1566999330261.data.0, offset=0, len=1048576}
2019-08-28 13:35:34,658 [pool-92-thread-2] WARN  impl.ChunkManagerImpl (ChunkManagerImpl.java:writeChunk(111)) - ChunkFile already exists/workdir/hadoop-ozone/integration-test/target/test-dir/MiniOzoneClusterImpl-b4dc7d6b-bc19-4dfa-987f-dcc5766a0d1c/datanode-6/data/containers/hdds/fc3c481a-097f-42e9-94d2-a13aa1ac6a57/current/containerDir0/2/chunks/1566999330261.data.0.Deleting it.
2019-08-28 13:35:34,661 | INFO  | DNAudit | user=null | ip=null | op=WRITE_CHUNK {blockData=conID: 2 locID: 1566999330261 bcsId: 0} | ret=SUCCESS |  
2019-08-28 13:35:34,662 [pool-37-thread-2] WARN  impl.ChunkManagerImpl (ChunkUtils.java:validateChunkForOverwrite(218)) - Duplicate write chunk request. Chunk overwrite without explicit request. ChunkInfo{chunkName='1566999330261.data.0, offset=0, len=1048576}
2019-08-28 13:35:34,662 [pool-37-thread-2] WARN  impl.ChunkManagerImpl (ChunkManagerImpl.java:writeChunk(111)) - ChunkFile already exists/workdir/hadoop-ozone/integration-test/target/test-dir/MiniOzoneClusterImpl-b4dc7d6b-bc19-4dfa-987f-dcc5766a0d1c/datanode-1/data/containers/hdds/fc3c481a-097f-42e9-94d2-a13aa1ac6a57/current/containerDir0/2/chunks/1566999330261.data.0.Deleting it.
2019-08-28 13:35:34,665 | INFO  | DNAudit | user=null | ip=null | op=WRITE_CHUNK {blockData=conID: 2 locID: 1566999330261 bcsId: 0} | ret=SUCCESS |  
2019-08-28 13:35:34,712 | INFO  | DNAudit | user=null | ip=null | op=PUT_BLOCK {blockData=[blockId=conID: 2 locID: 1566999330261 bcsId: 0,size=1048576]} | ret=SUCCESS |  
2019-08-28 13:35:34,725 | INFO  | DNAudit | user=null | ip=null | op=WRITE_CHUNK {blockData=conID: 2 locID: 1566999330261 bcsId: 0} | ret=SUCCESS |  
2019-08-28 13:35:34,725 [grpc-default-executor-0] INFO  client.GrpcClientProtocolClient (GrpcClientProtocolClient.java:onNext(255)) - client-F615DD5E8BE9->f15d7a5c-4534-4515-aaa0-80149f9d278e: receive RaftClientReply:client-F615DD5E8BE9->f15d7a5c-4534-4515-aaa0-80149f9d278e@group-DB7C97FC7630, cid=18, SUCCESS, logIndex=3, commits[f15d7a5c-4534-4515-aaa0-80149f9d278e:c8, 0dca01d3-df9e-4d4d-924c-ba7f31bf6753:c6, b3688ca6-6701-4d32-a438-63a0b4670b0a:c6]
2019-08-28 13:35:34,727 [grpc-default-executor-0] INFO  client.GrpcClientProtocolClient (GrpcClientProtocolClient.java:onNext(255)) - client-F615DD5E8BE9->f15d7a5c-4534-4515-aaa0-80149f9d278e: receive RaftClientReply:client-F615DD5E8BE9->f15d7a5c-4534-4515-aaa0-80149f9d278e@group-DB7C97FC7630, cid=19, SUCCESS, logIndex=4, commits[f15d7a5c-4534-4515-aaa0-80149f9d278e:c8, 0dca01d3-df9e-4d4d-924c-ba7f31bf6753:c6, b3688ca6-6701-4d32-a438-63a0b4670b0a:c6]
2019-08-28 13:35:34,757 | INFO  | DNAudit | user=null | ip=null | op=PUT_BLOCK {blockData=[blockId=conID: 2 locID: 1566999330261 bcsId: 0,size=1048576]} | ret=SUCCESS |  
2019-08-28 13:35:34,758 | INFO  | DNAudit | user=null | ip=null | op=WRITE_CHUNK {blockData=conID: 2 locID: 1566999330261 bcsId: 0} | ret=SUCCESS |  
2019-08-28 13:35:34,803 | INFO  | DNAudit | user=null | ip=null | op=PUT_BLOCK {blockData=[blockId=conID: 2 locID: 1566999330261 bcsId: 0,size=1048576]} | ret=SUCCESS |  
2019-08-28 13:35:34,803 | INFO  | DNAudit | user=null | ip=null | op=PUT_BLOCK {blockData=[blockId=conID: 2 locID: 1566999330261 bcsId: 0,size=1048576]} | ret=SUCCESS |  
2019-08-28 13:35:34,803 | INFO  | DNAudit | user=null | ip=null | op=PUT_BLOCK {blockData=[blockId=conID: 2 locID: 1566999330261 bcsId: 0,size=1048576]} | ret=SUCCESS |  
2019-08-28 13:35:34,804 | INFO  | DNAudit | user=null | ip=null | op=WRITE_CHUNK {blockData=conID: 2 locID: 1566999330261 bcsId: 0} | ret=SUCCESS |  
2019-08-28 13:35:34,805 | INFO  | DNAudit | user=null | ip=null | op=PUT_BLOCK {blockData=[blockId=conID: 2 locID: 1566999330261 bcsId: 0,size=1048576]} | ret=SUCCESS |  
2019-08-28 13:35:34,805 [grpc-default-executor-0] INFO  client.GrpcClientProtocolClient (GrpcClientProtocolClient.java:onNext(255)) - client-F615DD5E8BE9->f15d7a5c-4534-4515-aaa0-80149f9d278e: receive RaftClientReply:client-F615DD5E8BE9->f15d7a5c-4534-4515-aaa0-80149f9d278e@group-DB7C97FC7630, cid=20, SUCCESS, logIndex=5, commits[f15d7a5c-4534-4515-aaa0-80149f9d278e:c8, 0dca01d3-df9e-4d4d-924c-ba7f31bf6753:c6, b3688ca6-6701-4d32-a438-63a0b4670b0a:c6]
2019-08-28 13:35:34,807 [main] INFO  datanode.ObjectStoreHandler (ObjectStoreHandler.java:close(155)) - Closing ObjectStoreHandler.
2019-08-28 13:35:34,809 [main] INFO  ozone.HddsDatanodeService (HddsDatanodeService.java:stop(451)) - Stopped plug-in org.apache.hadoop.ozone.web.OzoneHddsDatanodeService@5a06904
2019-08-28 13:35:34,857 | INFO  | SCMAudit | user=jenkins1000 | ip=192.168.34.60 | op=SEND_HEARTBEAT {datanodeUUID=d187015a-f0a5-46db-b7c4-754f5fd2ab43, command=[]} | ret=SUCCESS |  
2019-08-28 13:35:34,947 | INFO  | SCMAudit | user=jenkins1000 | ip=192.168.34.60 | op=SEND_HEARTBEAT {datanodeUUID=74c1f3dd-e9a5-48de-a0f1-a3863648c9f9, command=[]} | ret=SUCCESS |  
2019-08-28 13:35:35,016 | INFO  | SCMAudit | user=jenkins1000 | ip=192.168.34.60 | op=SEND_HEARTBEAT {datanodeUUID=f7a8892f-3f9d-4989-89f3-096c86d87bd6, command=[]} | ret=SUCCESS |  
2019-08-28 13:35:35,017 | INFO  | SCMAudit | user=jenkins1000 | ip=192.168.34.60 | op=SEND_HEARTBEAT {datanodeUUID=95a6cf1f-1cad-4ec5-b018-60201dbf34b6, command=[]} | ret=SUCCESS |  
2019-08-28 13:35:35,587 [Datanode State Machine Thread - 0] INFO  statemachine.DatanodeStateMachine (DatanodeStateMachine.java:lambda$startDaemon$0(350)) - Ozone container server started.
2019-08-28 13:35:35,589 | INFO  | SCMAudit | user=jenkins1000 | ip=192.168.34.60 | op=SEND_HEARTBEAT {datanodeUUID=f15d7a5c-4534-4515-aaa0-80149f9d278e, command=[]} | ret=SUCCESS |  
2019-08-28 13:35:35,589 | INFO  | SCMAudit | user=jenkins1000 | ip=192.168.34.60 | op=SEND_HEARTBEAT {datanodeUUID=b3688ca6-6701-4d32-a438-63a0b4670b0a, command=[]} | ret=SUCCESS |  
2019-08-28 13:35:35,858 | INFO  | SCMAudit | user=jenkins1000 | ip=192.168.34.60 | op=SEND_HEARTBEAT {datanodeUUID=d187015a-f0a5-46db-b7c4-754f5fd2ab43, command=[]} | ret=SUCCESS |  
2019-08-28 13:35:35,948 | INFO  | SCMAudit | user=jenkins1000 | ip=192.168.34.60 | op=SEND_HEARTBEAT {datanodeUUID=74c1f3dd-e9a5-48de-a0f1-a3863648c9f9, command=[]} | ret=SUCCESS |  
2019-08-28 13:35:36,016 | INFO  | SCMAudit | user=jenkins1000 | ip=192.168.34.60 | op=SEND_HEARTBEAT {datanodeUUID=f7a8892f-3f9d-4989-89f3-096c86d87bd6, command=[]} | ret=SUCCESS |  
2019-08-28 13:35:36,017 | INFO  | SCMAudit | user=jenkins1000 | ip=192.168.34.60 | op=SEND_HEARTBEAT {datanodeUUID=95a6cf1f-1cad-4ec5-b018-60201dbf34b6, command=[]} | ret=SUCCESS |  
2019-08-28 13:35:36,588 | INFO  | SCMAudit | user=jenkins1000 | ip=192.168.34.60 | op=SEND_HEARTBEAT {datanodeUUID=f15d7a5c-4534-4515-aaa0-80149f9d278e, command=[]} | ret=SUCCESS |  
2019-08-28 13:35:36,588 | INFO  | SCMAudit | user=jenkins1000 | ip=192.168.34.60 | op=SEND_HEARTBEAT {datanodeUUID=b3688ca6-6701-4d32-a438-63a0b4670b0a, command=[]} | ret=SUCCESS |  
2019-08-28 13:35:36,857 | INFO  | SCMAudit | user=jenkins1000 | ip=192.168.34.60 | op=SEND_HEARTBEAT {datanodeUUID=d187015a-f0a5-46db-b7c4-754f5fd2ab43, command=[]} | ret=SUCCESS |  
2019-08-28 13:35:36,948 | INFO  | SCMAudit | user=jenkins1000 | ip=192.168.34.60 | op=SEND_HEARTBEAT {datanodeUUID=74c1f3dd-e9a5-48de-a0f1-a3863648c9f9, command=[]} | ret=SUCCESS |  
2019-08-28 13:35:37,016 | INFO  | SCMAudit | user=jenkins1000 | ip=192.168.34.60 | op=SEND_HEARTBEAT {datanodeUUID=f7a8892f-3f9d-4989-89f3-096c86d87bd6, command=[]} | ret=SUCCESS |  
2019-08-28 13:35:37,017 | INFO  | SCMAudit | user=jenkins1000 | ip=192.168.34.60 | op=SEND_HEARTBEAT {datanodeUUID=95a6cf1f-1cad-4ec5-b018-60201dbf34b6, command=[]} | ret=SUCCESS |  
2019-08-28 13:35:37,588 | INFO  | SCMAudit | user=jenkins1000 | ip=192.168.34.60 | op=SEND_HEARTBEAT {datanodeUUID=f15d7a5c-4534-4515-aaa0-80149f9d278e, command=[]} | ret=SUCCESS |  
2019-08-28 13:35:37,588 | INFO  | SCMAudit | user=jenkins1000 | ip=192.168.34.60 | op=SEND_HEARTBEAT {datanodeUUID=b3688ca6-6701-4d32-a438-63a0b4670b0a, command=[]} | ret=SUCCESS |  
2019-08-28 13:35:37,657 [EventQueue-StaleNodeForStaleNodeHandler] INFO  node.StaleNodeHandler (StaleNodeHandler.java:onMessage(58)) - Datanode 0dca01d3-df9e-4d4d-924c-ba7f31bf6753{ip: 192.168.34.60, host: pr-hdds-2030-qn9cl-1267106055, networkLocation: /default-rack, certSerialId: null} moved to stale state. Finalizing its pipelines [PipelineID=f6a9c40f-87c1-42b4-9756-db7c97fc7630, PipelineID=8d8cb4d8-d3d7-4079-beb9-7df399114a46]
2019-08-28 13:35:37,658 [EventQueue-StaleNodeForStaleNodeHandler] INFO  pipeline.SCMPipelineManager (SCMPipelineManager.java:finalizeAndDestroyPipeline(309)) - destroying pipeline:Pipeline[ Id: f6a9c40f-87c1-42b4-9756-db7c97fc7630, Nodes: 0dca01d3-df9e-4d4d-924c-ba7f31bf6753{ip: 192.168.34.60, host: pr-hdds-2030-qn9cl-1267106055, networkLocation: /default-rack, certSerialId: null}f15d7a5c-4534-4515-aaa0-80149f9d278e{ip: 192.168.34.60, host: pr-hdds-2030-qn9cl-1267106055, networkLocation: /default-rack, certSerialId: null}b3688ca6-6701-4d32-a438-63a0b4670b0a{ip: 192.168.34.60, host: pr-hdds-2030-qn9cl-1267106055, networkLocation: /default-rack, certSerialId: null}, Type:RATIS, Factor:THREE, State:OPEN]
2019-08-28 13:35:37,659 [EventQueue-StaleNodeForStaleNodeHandler] INFO  pipeline.PipelineStateManager (PipelineStateManager.java:finalizePipeline(123)) - Pipeline Pipeline[ Id: f6a9c40f-87c1-42b4-9756-db7c97fc7630, Nodes: 0dca01d3-df9e-4d4d-924c-ba7f31bf6753{ip: 192.168.34.60, host: pr-hdds-2030-qn9cl-1267106055, networkLocation: /default-rack, certSerialId: null}f15d7a5c-4534-4515-aaa0-80149f9d278e{ip: 192.168.34.60, host: pr-hdds-2030-qn9cl-1267106055, networkLocation: /default-rack, certSerialId: null}b3688ca6-6701-4d32-a438-63a0b4670b0a{ip: 192.168.34.60, host: pr-hdds-2030-qn9cl-1267106055, networkLocation: /default-rack, certSerialId: null}, Type:RATIS, Factor:THREE, State:CLOSED] moved to CLOSED state
2019-08-28 13:35:37,660 [EventQueue-CloseContainerForCloseContainerEventHandler] INFO  container.CloseContainerEventHandler (CloseContainerEventHandler.java:onMessage(61)) - Close container Event triggered for container : #2
2019-08-28 13:35:37,662 [EventQueue-StaleNodeForStaleNodeHandler] INFO  pipeline.SCMPipelineManager (SCMPipelineManager.java:finalizeAndDestroyPipeline(309)) - destroying pipeline:Pipeline[ Id: 8d8cb4d8-d3d7-4079-beb9-7df399114a46, Nodes: 0dca01d3-df9e-4d4d-924c-ba7f31bf6753{ip: 192.168.34.60, host: pr-hdds-2030-qn9cl-1267106055, networkLocation: /default-rack, certSerialId: null}, Type:RATIS, Factor:ONE, State:OPEN]
2019-08-28 13:35:37,662 [EventQueue-StaleNodeForStaleNodeHandler] INFO  pipeline.PipelineStateManager (PipelineStateManager.java:finalizePipeline(123)) - Pipeline Pipeline[ Id: 8d8cb4d8-d3d7-4079-beb9-7df399114a46, Nodes: 0dca01d3-df9e-4d4d-924c-ba7f31bf6753{ip: 192.168.34.60, host: pr-hdds-2030-qn9cl-1267106055, networkLocation: /default-rack, certSerialId: null}, Type:RATIS, Factor:ONE, State:CLOSED] moved to CLOSED state
2019-08-28 13:35:37,858 | INFO  | SCMAudit | user=jenkins1000 | ip=192.168.34.60 | op=SEND_HEARTBEAT {datanodeUUID=d187015a-f0a5-46db-b7c4-754f5fd2ab43, command=[]} | ret=SUCCESS |  
2019-08-28 13:35:37,948 | INFO  | SCMAudit | user=jenkins1000 | ip=192.168.34.60 | op=SEND_HEARTBEAT {datanodeUUID=74c1f3dd-e9a5-48de-a0f1-a3863648c9f9, command=[]} | ret=SUCCESS |  
2019-08-28 13:35:38,016 | INFO  | SCMAudit | user=jenkins1000 | ip=192.168.34.60 | op=SEND_HEARTBEAT {datanodeUUID=f7a8892f-3f9d-4989-89f3-096c86d87bd6, command=[]} | ret=SUCCESS |  
2019-08-28 13:35:38,017 | INFO  | SCMAudit | user=jenkins1000 | ip=192.168.34.60 | op=SEND_HEARTBEAT {datanodeUUID=95a6cf1f-1cad-4ec5-b018-60201dbf34b6, command=[]} | ret=SUCCESS |  
2019-08-28 13:35:38,634 | INFO  | SCMAudit | user=jenkins1000 | ip=192.168.34.60 | op=SEND_HEARTBEAT {datanodeUUID=f15d7a5c-4534-4515-aaa0-80149f9d278e, command=[commandType: closeContainerCommand closeContainerCommandProto { containerID: 2 pipelineID { id: "f6a9c40f-87c1-42b4-9756-db7c97fc7630" } cmdId: 2 force: false } ]} | ret=SUCCESS |  
2019-08-28 13:35:38,634 | INFO  | SCMAudit | user=jenkins1000 | ip=192.168.34.60 | op=SEND_HEARTBEAT {datanodeUUID=b3688ca6-6701-4d32-a438-63a0b4670b0a, command=[commandType: closeContainerCommand closeContainerCommandProto { containerID: 2 pipelineID { id: "f6a9c40f-87c1-42b4-9756-db7c97fc7630" } cmdId: 2 force: false } ]} | ret=SUCCESS |  
2019-08-28 13:35:38,857 | INFO  | SCMAudit | user=jenkins1000 | ip=192.168.34.60 | op=SEND_HEARTBEAT {datanodeUUID=d187015a-f0a5-46db-b7c4-754f5fd2ab43, command=[]} | ret=SUCCESS |  
2019-08-28 13:35:38,948 | INFO  | SCMAudit | user=jenkins1000 | ip=192.168.34.60 | op=SEND_HEARTBEAT {datanodeUUID=74c1f3dd-e9a5-48de-a0f1-a3863648c9f9, command=[]} | ret=SUCCESS |  
2019-08-28 13:35:39,016 | INFO  | SCMAudit | user=jenkins1000 | ip=192.168.34.60 | op=SEND_HEARTBEAT {datanodeUUID=f7a8892f-3f9d-4989-89f3-096c86d87bd6, command=[]} | ret=SUCCESS |  
2019-08-28 13:35:39,017 | INFO  | SCMAudit | user=jenkins1000 | ip=192.168.34.60 | op=SEND_HEARTBEAT {datanodeUUID=95a6cf1f-1cad-4ec5-b018-60201dbf34b6, command=[]} | ret=SUCCESS |  
2019-08-28 13:35:39,589 | INFO  | SCMAudit | user=jenkins1000 | ip=192.168.34.60 | op=SEND_HEARTBEAT {datanodeUUID=f15d7a5c-4534-4515-aaa0-80149f9d278e, command=[]} | ret=SUCCESS |  
2019-08-28 13:35:39,590 | INFO  | SCMAudit | user=jenkins1000 | ip=192.168.34.60 | op=SEND_HEARTBEAT {datanodeUUID=b3688ca6-6701-4d32-a438-63a0b4670b0a, command=[]} | ret=SUCCESS |  
2019-08-28 13:35:39,611 | INFO  | SCMAudit | user=jenkins1000 | ip=192.168.34.60 | op=SEND_HEARTBEAT {datanodeUUID=b3688ca6-6701-4d32-a438-63a0b4670b0a, command=[]} | ret=SUCCESS |  
2019-08-28 13:35:39,611 | INFO  | SCMAudit | user=jenkins1000 | ip=192.168.34.60 | op=SEND_HEARTBEAT {datanodeUUID=f15d7a5c-4534-4515-aaa0-80149f9d278e, command=[]} | ret=SUCCESS |  
2019-08-28 13:35:39,665 [RatisApplyTransactionExecutor 2] INFO  interfaces.Container (KeyValueContainer.java:compactDB(356)) - Container 2 is closed with bcsId 5.
2019-08-28 13:35:39,666 | INFO  | DNAudit | user=null | ip=null | op=CLOSE_CONTAINER {containerID=2} | ret=SUCCESS |  
2019-08-28 13:35:39,667 | INFO  | SCMAudit | user=jenkins1000 | ip=192.168.34.60 | op=SEND_HEARTBEAT {datanodeUUID=f15d7a5c-4534-4515-aaa0-80149f9d278e, command=[]} | ret=SUCCESS |  
2019-08-28 13:35:39,667 [EventQueue-IncrementalContainerReportForIncrementalContainerReportHandler] INFO  container.IncrementalContainerReportHandler (AbstractContainerReportHandler.java:updateContainerState(176)) - Moving container #2 to CLOSED state, datanode f15d7a5c-4534-4515-aaa0-80149f9d278e{ip: 192.168.34.60, host: pr-hdds-2030-qn9cl-1267106055, networkLocation: /default-rack, certSerialId: null} reported CLOSED replica.
2019-08-28 13:35:39,676 [RatisApplyTransactionExecutor 2] INFO  interfaces.Container (KeyValueContainer.java:compactDB(356)) - Container 2 is closed with bcsId 5.
2019-08-28 13:35:39,680 | INFO  | DNAudit | user=null | ip=null | op=CLOSE_CONTAINER {containerID=2} | ret=SUCCESS |  
2019-08-28 13:35:39,681 | INFO  | SCMAudit | user=jenkins1000 | ip=192.168.34.60 | op=SEND_HEARTBEAT {datanodeUUID=b3688ca6-6701-4d32-a438-63a0b4670b0a, command=[]} | ret=SUCCESS |  
2019-08-28 13:35:39,690 [RatisApplyTransactionExecutor 2] INFO  interfaces.Container (KeyValueContainer.java:compactDB(356)) - Container 2 is closed with bcsId 5.
2019-08-28 13:35:39,690 | INFO  | DNAudit | user=null | ip=null | op=CLOSE_CONTAINER {containerID=2} | ret=SUCCESS |  
2019-08-28 13:35:39,812 [main] INFO  ozoneimpl.OzoneContainer (OzoneContainer.java:stop(199)) - Attempting to stop container services.
2019-08-28 13:35:39,813 [main] INFO  impl.RaftServerProxy (RaftServerProxy.java:lambda$close$4(314)) - 0dca01d3-df9e-4d4d-924c-ba7f31bf6753: close
2019-08-28 13:35:39,816 [main] INFO  impl.RaftServerImpl (RaftServerImpl.java:lambda$shutdown$3(245)) - 0dca01d3-df9e-4d4d-924c-ba7f31bf6753: shutdown group-DB7C97FC7630
2019-08-28 13:35:39,816 [main] INFO  util.JmxRegister (JmxRegister.java:unregister(73)) - Successfully un-registered JMX Bean with object name Ratis:service=RaftServer,group=group-DB7C97FC7630,id=0dca01d3-df9e-4d4d-924c-ba7f31bf6753
2019-08-28 13:35:39,817 [main] INFO  impl.RoleInfo (RoleInfo.java:shutdownFollowerState(121)) - 0dca01d3-df9e-4d4d-924c-ba7f31bf6753: shutdown FollowerState
2019-08-28 13:35:39,817 [main] INFO  impl.StateMachineUpdater (StateMachineUpdater.java:stopAndJoin(115)) - StateMachineUpdater:0dca01d3-df9e-4d4d-924c-ba7f31bf6753:group-DB7C97FC7630: set stopIndex = 9
2019-08-28 13:35:39,818 [StateMachineUpdater:0dca01d3-df9e-4d4d-924c-ba7f31bf6753:group-DB7C97FC7630] INFO  ratis.ContainerStateMachine (ContainerStateMachine.java:takeSnapshot(283)) - group-DB7C97FC7630: Taking a snapshot at:(t:4, i:9) file /workdir/hadoop-ozone/integration-test/target/test-dir/MiniOzoneClusterImpl-b4dc7d6b-bc19-4dfa-987f-dcc5766a0d1c/datanode-6/data/ratis/f6a9c40f-87c1-42b4-9756-db7c97fc7630/sm/snapshot.4_9
2019-08-28 13:35:39,817 [Thread-423] INFO  impl.FollowerState (FollowerState.java:run(114)) - 0dca01d3-df9e-4d4d-924c-ba7f31bf6753: FollowerState was interrupted: java.lang.InterruptedException: sleep interrupted
2019-08-28 13:35:39,838 [StateMachineUpdater:0dca01d3-df9e-4d4d-924c-ba7f31bf6753:group-DB7C97FC7630] INFO  ratis.ContainerStateMachine (ContainerStateMachine.java:takeSnapshot(294)) - group-DB7C97FC7630: Finished taking a snapshot at:(t:4, i:9) file:/workdir/hadoop-ozone/integration-test/target/test-dir/MiniOzoneClusterImpl-b4dc7d6b-bc19-4dfa-987f-dcc5766a0d1c/datanode-6/data/ratis/f6a9c40f-87c1-42b4-9756-db7c97fc7630/sm/snapshot.4_9 time:20
2019-08-28 13:35:39,838 [StateMachineUpdater:0dca01d3-df9e-4d4d-924c-ba7f31bf6753:group-DB7C97FC7630] INFO  impl.StateMachineUpdater (StateMachineUpdater.java:takeSnapshot(242)) - StateMachineUpdater:0dca01d3-df9e-4d4d-924c-ba7f31bf6753:group-DB7C97FC7630: Took a snapshot at index 9
2019-08-28 13:35:39,841 [StateMachineUpdater:0dca01d3-df9e-4d4d-924c-ba7f31bf6753:group-DB7C97FC7630] INFO  impl.StateMachineUpdater (StateMachineUpdater.java:lambda$new$0(80)) - StateMachineUpdater:0dca01d3-df9e-4d4d-924c-ba7f31bf6753:group-DB7C97FC7630: snapshotIndex: updateIncreasingly -1 -> 9
2019-08-28 13:35:39,846 [main] INFO  impl.RaftServerImpl (ServerState.java:close(394)) - 0dca01d3-df9e-4d4d-924c-ba7f31bf6753:group-DB7C97FC7630 closes. The last applied log index is 9
2019-08-28 13:35:39,848 [0dca01d3-df9e-4d4d-924c-ba7f31bf6753-SegmentedRaftLogWorker:Storage Directory /workdir/hadoop-ozone/integration-test/target/test-dir/MiniOzoneClusterImpl-b4dc7d6b-bc19-4dfa-987f-dcc5766a0d1c/datanode-6/data/ratis/f6a9c40f-87c1-42b4-9756-db7c97fc7630] INFO  segmented.SegmentedRaftLogWorker (SegmentedRaftLogWorker.java:run(313)) - 0dca01d3-df9e-4d4d-924c-ba7f31bf6753-SegmentedRaftLogWorker:Storage Directory /workdir/hadoop-ozone/integration-test/target/test-dir/MiniOzoneClusterImpl-b4dc7d6b-bc19-4dfa-987f-dcc5766a0d1c/datanode-6/data/ratis/f6a9c40f-87c1-42b4-9756-db7c97fc7630 was interrupted, exiting. There are 0 tasks remaining in the queue.
2019-08-28 13:35:39,851 [main] INFO  segmented.SegmentedRaftLogWorker (SegmentedRaftLogWorker.java:close(228)) - 0dca01d3-df9e-4d4d-924c-ba7f31bf6753-SegmentedRaftLogWorker:Storage Directory /workdir/hadoop-ozone/integration-test/target/test-dir/MiniOzoneClusterImpl-b4dc7d6b-bc19-4dfa-987f-dcc5766a0d1c/datanode-6/data/ratis/f6a9c40f-87c1-42b4-9756-db7c97fc7630 close()
2019-08-28 13:35:39,856 [main] INFO  impl.RaftServerImpl (RaftServerImpl.java:lambda$shutdown$3(245)) - 0dca01d3-df9e-4d4d-924c-ba7f31bf6753: shutdown group-7DF399114A46
2019-08-28 13:35:39,856 [main] INFO  util.JmxRegister (JmxRegister.java:unregister(73)) - Successfully un-registered JMX Bean with object name Ratis:service=RaftServer,group=group-7DF399114A46,id=0dca01d3-df9e-4d4d-924c-ba7f31bf6753
2019-08-28 13:35:39,857 [main] INFO  impl.RoleInfo (RoleInfo.java:shutdownLeaderState(104)) - 0dca01d3-df9e-4d4d-924c-ba7f31bf6753: shutdown LeaderState
2019-08-28 13:35:39,857 [main] INFO  impl.PendingRequests (PendingRequests.java:sendNotLeaderResponses(202)) - 0dca01d3-df9e-4d4d-924c-ba7f31bf6753-PendingRequests: sendNotLeaderResponses
2019-08-28 13:35:39,858 | INFO  | SCMAudit | user=jenkins1000 | ip=192.168.34.60 | op=SEND_HEARTBEAT {datanodeUUID=d187015a-f0a5-46db-b7c4-754f5fd2ab43, command=[]} | ret=SUCCESS |  
2019-08-28 13:35:39,858 [main] INFO  impl.StateMachineUpdater (StateMachineUpdater.java:stopAndJoin(115)) - StateMachineUpdater:0dca01d3-df9e-4d4d-924c-ba7f31bf6753:group-7DF399114A46: set stopIndex = 0
2019-08-28 13:35:39,858 [main] INFO  impl.RaftServerImpl (ServerState.java:close(394)) - 0dca01d3-df9e-4d4d-924c-ba7f31bf6753:group-7DF399114A46 closes. The last applied log index is 0
2019-08-28 13:35:39,859 [0dca01d3-df9e-4d4d-924c-ba7f31bf6753-SegmentedRaftLogWorker:Storage Directory /workdir/hadoop-ozone/integration-test/target/test-dir/MiniOzoneClusterImpl-b4dc7d6b-bc19-4dfa-987f-dcc5766a0d1c/datanode-6/data/ratis/8d8cb4d8-d3d7-4079-beb9-7df399114a46] INFO  segmented.SegmentedRaftLogWorker (SegmentedRaftLogWorker.java:run(313)) - 0dca01d3-df9e-4d4d-924c-ba7f31bf6753-SegmentedRaftLogWorker:Storage Directory /workdir/hadoop-ozone/integration-test/target/test-dir/MiniOzoneClusterImpl-b4dc7d6b-bc19-4dfa-987f-dcc5766a0d1c/datanode-6/data/ratis/8d8cb4d8-d3d7-4079-beb9-7df399114a46 was interrupted, exiting. There are 0 tasks remaining in the queue.
2019-08-28 13:35:39,862 [main] INFO  segmented.SegmentedRaftLogWorker (SegmentedRaftLogWorker.java:close(228)) - 0dca01d3-df9e-4d4d-924c-ba7f31bf6753-SegmentedRaftLogWorker:Storage Directory /workdir/hadoop-ozone/integration-test/target/test-dir/MiniOzoneClusterImpl-b4dc7d6b-bc19-4dfa-987f-dcc5766a0d1c/datanode-6/data/ratis/8d8cb4d8-d3d7-4079-beb9-7df399114a46 close()
2019-08-28 13:35:39,867 [main] INFO  server.GrpcService (GrpcService.java:closeImpl(155)) - 0dca01d3-df9e-4d4d-924c-ba7f31bf6753: shutdown server with port 42941 now
2019-08-28 13:35:39,877 [main] INFO  server.GrpcService (GrpcService.java:closeImpl(163)) - 0dca01d3-df9e-4d4d-924c-ba7f31bf6753: shutdown server with port 42941 successfully
2019-08-28 13:35:39,877 [grpc-default-executor-0] WARN  server.GrpcServerProtocolService (LogUtils.java:warn(134)) - 0dca01d3-df9e-4d4d-924c-ba7f31bf6753: appendEntries onError: org.apache.ratis.thirdparty.io.grpc.StatusRuntimeException: CANCELLED: cancelled before receiving half close
2019-08-28 13:35:39,881 [main] INFO  utils.BackgroundService (BackgroundService.java:shutdown(148)) - Shutting down service BlockDeletingService
2019-08-28 13:35:39,882 [grpc-default-executor-0] WARN  server.GrpcLogAppender (LogUtils.java:warn(134)) - f15d7a5c-4534-4515-aaa0-80149f9d278e->0dca01d3-df9e-4d4d-924c-ba7f31bf6753: Failed appendEntries: org.apache.ratis.thirdparty.io.grpc.StatusRuntimeException: CANCELLED: HTTP/2 error code: CANCEL
Received Rst Stream
2019-08-28 13:35:39,892 [grpc-default-executor-0] INFO  impl.FollowerInfo (FollowerInfo.java:lambda$new$0(50)) - f15d7a5c-4534-4515-aaa0-80149f9d278e->0dca01d3-df9e-4d4d-924c-ba7f31bf6753: nextIndex: updateUnconditionally 11 -> 10
2019-08-28 13:35:39,894 [refreshUsed-/workdir/hadoop-ozone/integration-test/target/test-dir/MiniOzoneClusterImpl-b4dc7d6b-bc19-4dfa-987f-dcc5766a0d1c/datanode-6/data/containers] WARN  fs.CachingGetSpaceUsed (CachingGetSpaceUsed.java:run(183)) - Thread Interrupted waiting to refresh disk information: sleep interrupted
2019-08-28 13:35:39,922 [main] INFO  statemachine.DatanodeStateMachine (DatanodeStateMachine.java:stopDaemon(395)) - Ozone container server stopped.
2019-08-28 13:35:39,929 [main] INFO  handler.ContextHandler (ContextHandler.java:doStop(910)) - Stopped o.e.j.w.WebAppContext@609b041c{/,null,UNAVAILABLE}{/hddsDatanode}
2019-08-28 13:35:39,936 [main] INFO  server.AbstractConnector (AbstractConnector.java:doStop(318)) - Stopped ServerConnector@474e34e4{HTTP/1.1,[http/1.1]}{0.0.0.0:0}
2019-08-28 13:35:39,937 [main] INFO  handler.ContextHandler (ContextHandler.java:doStop(910)) - Stopped o.e.j.s.ServletContextHandler@16a6dc21{/static,jar:file:/home/user/.m2/repository/org/apache/hadoop/hadoop-hdds-container-service/0.5.0-SNAPSHOT/hadoop-hdds-container-service-0.5.0-SNAPSHOT.jar!/webapps/static,UNAVAILABLE}
2019-08-28 13:35:39,937 [main] INFO  handler.ContextHandler (ContextHandler.java:doStop(910)) - Stopped o.e.j.s.ServletContextHandler@570b2057{/logs,file:///workdir/hadoop-ozone/integration-test/target/log,UNAVAILABLE}
2019-08-28 13:35:39,940 [main] INFO  datanode.ObjectStoreHandler (ObjectStoreHandler.java:close(155)) - Closing ObjectStoreHandler.
2019-08-28 13:35:39,941 [main] INFO  ozone.HddsDatanodeService (HddsDatanodeService.java:stop(451)) - Stopped plug-in org.apache.hadoop.ozone.web.OzoneHddsDatanodeService@6e8fdd19
2019-08-28 13:35:39,948 | INFO  | SCMAudit | user=jenkins1000 | ip=192.168.34.60 | op=SEND_HEARTBEAT {datanodeUUID=74c1f3dd-e9a5-48de-a0f1-a3863648c9f9, command=[]} | ret=SUCCESS |  
2019-08-28 13:35:40,016 | INFO  | SCMAudit | user=jenkins1000 | ip=192.168.34.60 | op=SEND_HEARTBEAT {datanodeUUID=f7a8892f-3f9d-4989-89f3-096c86d87bd6, command=[]} | ret=SUCCESS |  
2019-08-28 13:35:40,017 | INFO  | SCMAudit | user=jenkins1000 | ip=192.168.34.60 | op=SEND_HEARTBEAT {datanodeUUID=95a6cf1f-1cad-4ec5-b018-60201dbf34b6, command=[]} | ret=SUCCESS |  
2019-08-28 13:35:40,666 [Datanode State Machine Thread - 0] INFO  statemachine.DatanodeStateMachine (DatanodeStateMachine.java:lambda$startDaemon$0(350)) - Ozone container server started.
2019-08-28 13:35:40,681 | INFO  | SCMAudit | user=jenkins1000 | ip=192.168.34.60 | op=SEND_HEARTBEAT {datanodeUUID=b3688ca6-6701-4d32-a438-63a0b4670b0a, command=[]} | ret=SUCCESS |  
2019-08-28 13:35:40,857 | INFO  | SCMAudit | user=jenkins1000 | ip=192.168.34.60 | op=SEND_HEARTBEAT {datanodeUUID=d187015a-f0a5-46db-b7c4-754f5fd2ab43, command=[]} | ret=SUCCESS |  
2019-08-28 13:35:40,948 | INFO  | SCMAudit | user=jenkins1000 | ip=192.168.34.60 | op=SEND_HEARTBEAT {datanodeUUID=74c1f3dd-e9a5-48de-a0f1-a3863648c9f9, command=[]} | ret=SUCCESS |  
2019-08-28 13:35:41,016 | INFO  | SCMAudit | user=jenkins1000 | ip=192.168.34.60 | op=SEND_HEARTBEAT {datanodeUUID=f7a8892f-3f9d-4989-89f3-096c86d87bd6, command=[]} | ret=SUCCESS |  
2019-08-28 13:35:41,017 | INFO  | SCMAudit | user=jenkins1000 | ip=192.168.34.60 | op=SEND_HEARTBEAT {datanodeUUID=95a6cf1f-1cad-4ec5-b018-60201dbf34b6, command=[]} | ret=SUCCESS |  
2019-08-28 13:35:41,681 | INFO  | SCMAudit | user=jenkins1000 | ip=192.168.34.60 | op=SEND_HEARTBEAT {datanodeUUID=b3688ca6-6701-4d32-a438-63a0b4670b0a, command=[]} | ret=SUCCESS |  
2019-08-28 13:35:41,858 | INFO  | SCMAudit | user=jenkins1000 | ip=192.168.34.60 | op=SEND_HEARTBEAT {datanodeUUID=d187015a-f0a5-46db-b7c4-754f5fd2ab43, command=[]} | ret=SUCCESS |  
2019-08-28 13:35:41,948 | INFO  | SCMAudit | user=jenkins1000 | ip=192.168.34.60 | op=SEND_HEARTBEAT {datanodeUUID=74c1f3dd-e9a5-48de-a0f1-a3863648c9f9, command=[]} | ret=SUCCESS |  
2019-08-28 13:35:42,016 | INFO  | SCMAudit | user=jenkins1000 | ip=192.168.34.60 | op=SEND_HEARTBEAT {datanodeUUID=f7a8892f-3f9d-4989-89f3-096c86d87bd6, command=[]} | ret=SUCCESS |  
2019-08-28 13:35:42,018 | INFO  | SCMAudit | user=jenkins1000 | ip=192.168.34.60 | op=SEND_HEARTBEAT {datanodeUUID=95a6cf1f-1cad-4ec5-b018-60201dbf34b6, command=[]} | ret=SUCCESS |  
2019-08-28 13:35:42,154 [grpc-default-executor-4] WARN  server.GrpcLogAppender (LogUtils.java:warn(134)) - f15d7a5c-4534-4515-aaa0-80149f9d278e->0dca01d3-df9e-4d4d-924c-ba7f31bf6753: Failed appendEntries: org.apache.ratis.thirdparty.io.grpc.StatusRuntimeException: UNAVAILABLE: io exception
2019-08-28 13:35:42,158 [grpc-default-executor-4] INFO  impl.FollowerInfo (FollowerInfo.java:lambda$new$0(50)) - f15d7a5c-4534-4515-aaa0-80149f9d278e->0dca01d3-df9e-4d4d-924c-ba7f31bf6753: nextIndex: updateUnconditionally 10 -> 9
2019-08-28 13:35:42,682 | INFO  | SCMAudit | user=jenkins1000 | ip=192.168.34.60 | op=SEND_HEARTBEAT {datanodeUUID=b3688ca6-6701-4d32-a438-63a0b4670b0a, command=[]} | ret=SUCCESS |  
2019-08-28 13:35:42,768 [EventQueue-StaleNodeForStaleNodeHandler] INFO  node.StaleNodeHandler (StaleNodeHandler.java:onMessage(58)) - Datanode f15d7a5c-4534-4515-aaa0-80149f9d278e{ip: 192.168.34.60, host: pr-hdds-2030-qn9cl-1267106055, networkLocation: /default-rack, certSerialId: null} moved to stale state. Finalizing its pipelines [PipelineID=f6a9c40f-87c1-42b4-9756-db7c97fc7630, PipelineID=0ff544f4-e289-4bc0-88d6-d19e60c81b80]
2019-08-28 13:35:42,768 [EventQueue-StaleNodeForStaleNodeHandler] INFO  pipeline.SCMPipelineManager (SCMPipelineManager.java:finalizeAndDestroyPipeline(309)) - destroying pipeline:Pipeline[ Id: f6a9c40f-87c1-42b4-9756-db7c97fc7630, Nodes: 0dca01d3-df9e-4d4d-924c-ba7f31bf6753{ip: 192.168.34.60, host: pr-hdds-2030-qn9cl-1267106055, networkLocation: /default-rack, certSerialId: null}f15d7a5c-4534-4515-aaa0-80149f9d278e{ip: 192.168.34.60, host: pr-hdds-2030-qn9cl-1267106055, networkLocation: /default-rack, certSerialId: null}b3688ca6-6701-4d32-a438-63a0b4670b0a{ip: 192.168.34.60, host: pr-hdds-2030-qn9cl-1267106055, networkLocation: /default-rack, certSerialId: null}, Type:RATIS, Factor:THREE, State:CLOSED]
2019-08-28 13:35:42,769 [EventQueue-StaleNodeForStaleNodeHandler] INFO  pipeline.SCMPipelineManager (SCMPipelineManager.java:finalizeAndDestroyPipeline(309)) - destroying pipeline:Pipeline[ Id: 0ff544f4-e289-4bc0-88d6-d19e60c81b80, Nodes: f15d7a5c-4534-4515-aaa0-80149f9d278e{ip: 192.168.34.60, host: pr-hdds-2030-qn9cl-1267106055, networkLocation: /default-rack, certSerialId: null}, Type:RATIS, Factor:ONE, State:OPEN]
2019-08-28 13:35:42,769 [EventQueue-StaleNodeForStaleNodeHandler] INFO  pipeline.PipelineStateManager (PipelineStateManager.java:finalizePipeline(123)) - Pipeline Pipeline[ Id: 0ff544f4-e289-4bc0-88d6-d19e60c81b80, Nodes: f15d7a5c-4534-4515-aaa0-80149f9d278e{ip: 192.168.34.60, host: pr-hdds-2030-qn9cl-1267106055, networkLocation: /default-rack, certSerialId: null}, Type:RATIS, Factor:ONE, State:CLOSED] moved to CLOSED state
2019-08-28 13:35:42,857 | INFO  | SCMAudit | user=jenkins1000 | ip=192.168.34.60 | op=SEND_HEARTBEAT {datanodeUUID=d187015a-f0a5-46db-b7c4-754f5fd2ab43, command=[]} | ret=SUCCESS |  
2019-08-28 13:35:42,951 | INFO  | SCMAudit | user=jenkins1000 | ip=192.168.34.60 | op=SEND_HEARTBEAT {datanodeUUID=74c1f3dd-e9a5-48de-a0f1-a3863648c9f9, command=[]} | ret=SUCCESS |  
2019-08-28 13:35:43,016 | INFO  | SCMAudit | user=jenkins1000 | ip=192.168.34.60 | op=SEND_HEARTBEAT {datanodeUUID=f7a8892f-3f9d-4989-89f3-096c86d87bd6, command=[]} | ret=SUCCESS |  
2019-08-28 13:35:43,018 | INFO  | SCMAudit | user=jenkins1000 | ip=192.168.34.60 | op=SEND_HEARTBEAT {datanodeUUID=95a6cf1f-1cad-4ec5-b018-60201dbf34b6, command=[]} | ret=SUCCESS |  
2019-08-28 13:35:43,681 | INFO  | SCMAudit | user=jenkins1000 | ip=192.168.34.60 | op=SEND_HEARTBEAT {datanodeUUID=b3688ca6-6701-4d32-a438-63a0b4670b0a, command=[]} | ret=SUCCESS |  
2019-08-28 13:35:43,857 | INFO  | SCMAudit | user=jenkins1000 | ip=192.168.34.60 | op=SEND_HEARTBEAT {datanodeUUID=d187015a-f0a5-46db-b7c4-754f5fd2ab43, command=[]} | ret=SUCCESS |  
2019-08-28 13:35:43,951 | INFO  | SCMAudit | user=jenkins1000 | ip=192.168.34.60 | op=SEND_HEARTBEAT {datanodeUUID=74c1f3dd-e9a5-48de-a0f1-a3863648c9f9, command=[]} | ret=SUCCESS |  
2019-08-28 13:35:44,016 | INFO  | SCMAudit | user=jenkins1000 | ip=192.168.34.60 | op=SEND_HEARTBEAT {datanodeUUID=f7a8892f-3f9d-4989-89f3-096c86d87bd6, command=[]} | ret=SUCCESS |  
2019-08-28 13:35:44,018 | INFO  | SCMAudit | user=jenkins1000 | ip=192.168.34.60 | op=SEND_HEARTBEAT {datanodeUUID=95a6cf1f-1cad-4ec5-b018-60201dbf34b6, command=[]} | ret=SUCCESS |  
2019-08-28 13:35:44,648 [grpc-default-executor-3] WARN  server.GrpcLogAppender (LogUtils.java:warn(134)) - f15d7a5c-4534-4515-aaa0-80149f9d278e->0dca01d3-df9e-4d4d-924c-ba7f31bf6753: Failed appendEntries: org.apache.ratis.thirdparty.io.grpc.StatusRuntimeException: UNAVAILABLE: io exception
2019-08-28 13:35:44,651 [grpc-default-executor-3] INFO  impl.FollowerInfo (FollowerInfo.java:lambda$new$0(50)) - f15d7a5c-4534-4515-aaa0-80149f9d278e->0dca01d3-df9e-4d4d-924c-ba7f31bf6753: nextIndex: updateUnconditionally 9 -> 8
2019-08-28 13:35:44,682 | INFO  | SCMAudit | user=jenkins1000 | ip=192.168.34.60 | op=SEND_HEARTBEAT {datanodeUUID=b3688ca6-6701-4d32-a438-63a0b4670b0a, command=[]} | ret=SUCCESS |  
2019-08-28 13:35:44,857 | INFO  | SCMAudit | user=jenkins1000 | ip=192.168.34.60 | op=SEND_HEARTBEAT {datanodeUUID=d187015a-f0a5-46db-b7c4-754f5fd2ab43, command=[]} | ret=SUCCESS |  
2019-08-28 13:35:44,942 [main] INFO  ozoneimpl.OzoneContainer (OzoneContainer.java:stop(199)) - Attempting to stop container services.
2019-08-28 13:35:44,943 [main] INFO  impl.RaftServerProxy (RaftServerProxy.java:lambda$close$4(314)) - f15d7a5c-4534-4515-aaa0-80149f9d278e: close
2019-08-28 13:35:44,944 [main] INFO  impl.RaftServerImpl (RaftServerImpl.java:lambda$shutdown$3(245)) - f15d7a5c-4534-4515-aaa0-80149f9d278e: shutdown group-DB7C97FC7630
2019-08-28 13:35:44,944 [ForkJoinPool.commonPool-worker-1] INFO  impl.RaftServerImpl (RaftServerImpl.java:lambda$shutdown$3(245)) - f15d7a5c-4534-4515-aaa0-80149f9d278e: shutdown group-D19E60C81B80
2019-08-28 13:35:44,944 [main] INFO  util.JmxRegister (JmxRegister.java:unregister(73)) - Successfully un-registered JMX Bean with object name Ratis:service=RaftServer,group=group-DB7C97FC7630,id=f15d7a5c-4534-4515-aaa0-80149f9d278e
2019-08-28 13:35:44,945 [ForkJoinPool.commonPool-worker-1] INFO  util.JmxRegister (JmxRegister.java:unregister(73)) - Successfully un-registered JMX Bean with object name Ratis:service=RaftServer,group=group-D19E60C81B80,id=f15d7a5c-4534-4515-aaa0-80149f9d278e
2019-08-28 13:35:44,945 [main] INFO  impl.RoleInfo (RoleInfo.java:shutdownLeaderState(104)) - f15d7a5c-4534-4515-aaa0-80149f9d278e: shutdown LeaderState
2019-08-28 13:35:44,945 [ForkJoinPool.commonPool-worker-1] INFO  impl.RoleInfo (RoleInfo.java:shutdownLeaderState(104)) - f15d7a5c-4534-4515-aaa0-80149f9d278e: shutdown LeaderState
2019-08-28 13:35:44,951 [org.apache.ratis.server.impl.LogAppender$AppenderDaemon$$Lambda$461/1529671574@54ad247d] WARN  server.GrpcLogAppender (GrpcLogAppender.java:mayWait(143)) - GrpcLogAppender(f15d7a5c-4534-4515-aaa0-80149f9d278e->0dca01d3-df9e-4d4d-924c-ba7f31bf6753): Wait interrupted by java.lang.InterruptedException
2019-08-28 13:35:44,951 [org.apache.ratis.server.impl.LogAppender$AppenderDaemon$$Lambda$461/1529671574@11afa08c] WARN  server.GrpcLogAppender (GrpcLogAppender.java:mayWait(143)) - GrpcLogAppender(f15d7a5c-4534-4515-aaa0-80149f9d278e->b3688ca6-6701-4d32-a438-63a0b4670b0a): Wait interrupted by java.lang.InterruptedException
2019-08-28 13:35:44,951 [main] INFO  impl.PendingRequests (PendingRequests.java:sendNotLeaderResponses(202)) - f15d7a5c-4534-4515-aaa0-80149f9d278e-PendingRequests: sendNotLeaderResponses
2019-08-28 13:35:44,953 [ForkJoinPool.commonPool-worker-1] INFO  impl.PendingRequests (PendingRequests.java:sendNotLeaderResponses(202)) - f15d7a5c-4534-4515-aaa0-80149f9d278e-PendingRequests: sendNotLeaderResponses
2019-08-28 13:35:44,958 [grpc-default-executor-0] INFO  server.GrpcServerProtocolService (GrpcServerProtocolService.java:onCompleted(104)) - b3688ca6-6701-4d32-a438-63a0b4670b0a: appendEntries completed
2019-08-28 13:35:44,958 | INFO  | SCMAudit | user=jenkins1000 | ip=192.168.34.60 | op=SEND_HEARTBEAT {datanodeUUID=74c1f3dd-e9a5-48de-a0f1-a3863648c9f9, command=[]} | ret=SUCCESS |  
2019-08-28 13:35:44,958 [ForkJoinPool.commonPool-worker-1] INFO  impl.StateMachineUpdater (StateMachineUpdater.java:stopAndJoin(115)) - StateMachineUpdater:f15d7a5c-4534-4515-aaa0-80149f9d278e:group-D19E60C81B80: set stopIndex = 0
2019-08-28 13:35:44,958 [ForkJoinPool.commonPool-worker-1] INFO  impl.RaftServerImpl (ServerState.java:close(394)) - f15d7a5c-4534-4515-aaa0-80149f9d278e:group-D19E60C81B80 closes. The last applied log index is 0
2019-08-28 13:35:44,959 [f15d7a5c-4534-4515-aaa0-80149f9d278e-SegmentedRaftLogWorker:Storage Directory /workdir/hadoop-ozone/integration-test/target/test-dir/MiniOzoneClusterImpl-b4dc7d6b-bc19-4dfa-987f-dcc5766a0d1c/datanode-0/data/ratis/0ff544f4-e289-4bc0-88d6-d19e60c81b80] INFO  segmented.SegmentedRaftLogWorker (SegmentedRaftLogWorker.java:run(313)) - f15d7a5c-4534-4515-aaa0-80149f9d278e-SegmentedRaftLogWorker:Storage Directory /workdir/hadoop-ozone/integration-test/target/test-dir/MiniOzoneClusterImpl-b4dc7d6b-bc19-4dfa-987f-dcc5766a0d1c/datanode-0/data/ratis/0ff544f4-e289-4bc0-88d6-d19e60c81b80 was interrupted, exiting. There are 0 tasks remaining in the queue.
2019-08-28 13:35:44,959 [grpc-default-executor-0] INFO  server.GrpcLogAppender (GrpcLogAppender.java:onCompleted(292)) - f15d7a5c-4534-4515-aaa0-80149f9d278e->b3688ca6-6701-4d32-a438-63a0b4670b0a: follower responses appendEntries COMPLETED
2019-08-28 13:35:44,961 [ForkJoinPool.commonPool-worker-1] INFO  segmented.SegmentedRaftLogWorker (SegmentedRaftLogWorker.java:close(228)) - f15d7a5c-4534-4515-aaa0-80149f9d278e-SegmentedRaftLogWorker:Storage Directory /workdir/hadoop-ozone/integration-test/target/test-dir/MiniOzoneClusterImpl-b4dc7d6b-bc19-4dfa-987f-dcc5766a0d1c/datanode-0/data/ratis/0ff544f4-e289-4bc0-88d6-d19e60c81b80 close()
2019-08-28 13:35:44,962 [grpc-default-executor-0] INFO  impl.FollowerInfo (FollowerInfo.java:lambda$new$0(50)) - f15d7a5c-4534-4515-aaa0-80149f9d278e->b3688ca6-6701-4d32-a438-63a0b4670b0a: nextIndex: updateUnconditionally 11 -> 10
2019-08-28 13:35:44,970 [main] INFO  impl.StateMachineUpdater (StateMachineUpdater.java:stopAndJoin(115)) - StateMachineUpdater:f15d7a5c-4534-4515-aaa0-80149f9d278e:group-DB7C97FC7630: set stopIndex = 10
2019-08-28 13:35:44,970 [StateMachineUpdater:f15d7a5c-4534-4515-aaa0-80149f9d278e:group-DB7C97FC7630] INFO  ratis.ContainerStateMachine (ContainerStateMachine.java:takeSnapshot(283)) - group-DB7C97FC7630: Taking a snapshot at:(t:4, i:10) file /workdir/hadoop-ozone/integration-test/target/test-dir/MiniOzoneClusterImpl-b4dc7d6b-bc19-4dfa-987f-dcc5766a0d1c/datanode-0/data/ratis/f6a9c40f-87c1-42b4-9756-db7c97fc7630/sm/snapshot.4_10
2019-08-28 13:35:44,993 [StateMachineUpdater:f15d7a5c-4534-4515-aaa0-80149f9d278e:group-DB7C97FC7630] INFO  ratis.ContainerStateMachine (ContainerStateMachine.java:takeSnapshot(294)) - group-DB7C97FC7630: Finished taking a snapshot at:(t:4, i:10) file:/workdir/hadoop-ozone/integration-test/target/test-dir/MiniOzoneClusterImpl-b4dc7d6b-bc19-4dfa-987f-dcc5766a0d1c/datanode-0/data/ratis/f6a9c40f-87c1-42b4-9756-db7c97fc7630/sm/snapshot.4_10 time:22
2019-08-28 13:35:44,993 [StateMachineUpdater:f15d7a5c-4534-4515-aaa0-80149f9d278e:group-DB7C97FC7630] INFO  impl.StateMachineUpdater (StateMachineUpdater.java:takeSnapshot(242)) - StateMachineUpdater:f15d7a5c-4534-4515-aaa0-80149f9d278e:group-DB7C97FC7630: Took a snapshot at index 10
2019-08-28 13:35:44,993 [StateMachineUpdater:f15d7a5c-4534-4515-aaa0-80149f9d278e:group-DB7C97FC7630] INFO  impl.StateMachineUpdater (StateMachineUpdater.java:lambda$new$0(80)) - StateMachineUpdater:f15d7a5c-4534-4515-aaa0-80149f9d278e:group-DB7C97FC7630: snapshotIndex: updateIncreasingly -1 -> 10
2019-08-28 13:35:44,994 [main] INFO  impl.RaftServerImpl (ServerState.java:close(394)) - f15d7a5c-4534-4515-aaa0-80149f9d278e:group-DB7C97FC7630 closes. The last applied log index is 10
2019-08-28 13:35:44,994 [f15d7a5c-4534-4515-aaa0-80149f9d278e-SegmentedRaftLogWorker:Storage Directory /workdir/hadoop-ozone/integration-test/target/test-dir/MiniOzoneClusterImpl-b4dc7d6b-bc19-4dfa-987f-dcc5766a0d1c/datanode-0/data/ratis/f6a9c40f-87c1-42b4-9756-db7c97fc7630] INFO  segmented.SegmentedRaftLogWorker (SegmentedRaftLogWorker.java:run(313)) - f15d7a5c-4534-4515-aaa0-80149f9d278e-SegmentedRaftLogWorker:Storage Directory /workdir/hadoop-ozone/integration-test/target/test-dir/MiniOzoneClusterImpl-b4dc7d6b-bc19-4dfa-987f-dcc5766a0d1c/datanode-0/data/ratis/f6a9c40f-87c1-42b4-9756-db7c97fc7630 was interrupted, exiting. There are 0 tasks remaining in the queue.
2019-08-28 13:35:44,997 [main] INFO  segmented.SegmentedRaftLogWorker (SegmentedRaftLogWorker.java:close(228)) - f15d7a5c-4534-4515-aaa0-80149f9d278e-SegmentedRaftLogWorker:Storage Directory /workdir/hadoop-ozone/integration-test/target/test-dir/MiniOzoneClusterImpl-b4dc7d6b-bc19-4dfa-987f-dcc5766a0d1c/datanode-0/data/ratis/f6a9c40f-87c1-42b4-9756-db7c97fc7630 close()
2019-08-28 13:35:45,001 [main] INFO  server.GrpcService (GrpcService.java:closeImpl(155)) - f15d7a5c-4534-4515-aaa0-80149f9d278e: shutdown server with port 41333 now
2019-08-28 13:35:45,002 [main] INFO  server.GrpcService (GrpcService.java:closeImpl(163)) - f15d7a5c-4534-4515-aaa0-80149f9d278e: shutdown server with port 41333 successfully
2019-08-28 13:35:45,013 [main] INFO  utils.BackgroundService (BackgroundService.java:shutdown(148)) - Shutting down service BlockDeletingService
2019-08-28 13:35:45,014 [refreshUsed-/workdir/hadoop-ozone/integration-test/target/test-dir/MiniOzoneClusterImpl-b4dc7d6b-bc19-4dfa-987f-dcc5766a0d1c/datanode-0/data/containers] WARN  fs.CachingGetSpaceUsed (CachingGetSpaceUsed.java:run(183)) - Thread Interrupted waiting to refresh disk information: sleep interrupted
2019-08-28 13:35:45,020 | INFO  | SCMAudit | user=jenkins1000 | ip=192.168.34.60 | op=SEND_HEARTBEAT {datanodeUUID=95a6cf1f-1cad-4ec5-b018-60201dbf34b6, command=[]} | ret=SUCCESS |  
2019-08-28 13:35:45,020 | INFO  | SCMAudit | user=jenkins1000 | ip=192.168.34.60 | op=SEND_HEARTBEAT {datanodeUUID=f7a8892f-3f9d-4989-89f3-096c86d87bd6, command=[]} | ret=SUCCESS |  
2019-08-28 13:35:45,041 [main] INFO  statemachine.DatanodeStateMachine (DatanodeStateMachine.java:stopDaemon(395)) - Ozone container server stopped.
2019-08-28 13:35:45,042 [main] INFO  handler.ContextHandler (ContextHandler.java:doStop(910)) - Stopped o.e.j.w.WebAppContext@4dba773d{/,null,UNAVAILABLE}{/hddsDatanode}
2019-08-28 13:35:45,043 [main] INFO  server.AbstractConnector (AbstractConnector.java:doStop(318)) - Stopped ServerConnector@1d9bd4da{HTTP/1.1,[http/1.1]}{0.0.0.0:0}
2019-08-28 13:35:45,043 [main] INFO  handler.ContextHandler (ContextHandler.java:doStop(910)) - Stopped o.e.j.s.ServletContextHandler@6a1d3225{/static,jar:file:/home/user/.m2/repository/org/apache/hadoop/hadoop-hdds-container-service/0.5.0-SNAPSHOT/hadoop-hdds-container-service-0.5.0-SNAPSHOT.jar!/webapps/static,UNAVAILABLE}
2019-08-28 13:35:45,043 [main] INFO  handler.ContextHandler (ContextHandler.java:doStop(910)) - Stopped o.e.j.s.ServletContextHandler@1cc680e{/logs,file:///workdir/hadoop-ozone/integration-test/target/log,UNAVAILABLE}
]]></system-out>
  </testcase>
</testsuite>