<?xml version="1.0" encoding="UTF-8"?>
<testsuite xmlns:xsi="http://www.w3.org/2001/XMLSchema-instance" xsi:noNamespaceSchemaLocation="https://maven.apache.org/surefire/maven-surefire-plugin/xsd/surefire-test-report.xsd" name="org.apache.hadoop.ozone.client.rpc.TestBlockOutputStreamWithFailures" time="672.633" tests="8" errors="0" skipped="0" failures="1">
  <properties>
    <property name="awt.toolkit" value="sun.awt.X11.XToolkit"/>
    <property name="file.encoding.pkg" value="sun.io"/>
    <property name="java.specification.version" value="1.8"/>
    <property name="sun.cpu.isalist" value=""/>
    <property name="sun.jnu.encoding" value="UTF-8"/>
    <property name="java.class.path" value="/workdir/hadoop-ozone/integration-test/target/test-classes:/workdir/hadoop-ozone/integration-test/target/classes:/home/user/.m2/repository/org/apache/hadoop/hadoop-ozone-common/0.5.0-SNAPSHOT/hadoop-ozone-common-0.5.0-SNAPSHOT.jar:/home/user/.m2/repository/org/apache/commons/commons-compress/1.4.1/commons-compress-1.4.1.jar:/home/user/.m2/repository/org/tukaani/xz/1.0/xz-1.0.jar:/home/user/.m2/repository/org/apache/hadoop/hadoop-common/3.2.0/hadoop-common-3.2.0.jar:/home/user/.m2/repository/org/apache/hadoop/hadoop-hdfs/3.2.0/hadoop-hdfs-3.2.0.jar:/home/user/.m2/repository/org/apache/hadoop/hadoop-hdfs-client/3.2.0/hadoop-hdfs-client-3.2.0.jar:/home/user/.m2/repository/com/fasterxml/jackson/core/jackson-annotations/2.9.5/jackson-annotations-2.9.5.jar:/home/user/.m2/repository/org/apache/hadoop/hadoop-hdds-common/0.5.0-SNAPSHOT/hadoop-hdds-common-0.5.0-SNAPSHOT.jar:/home/user/.m2/repository/javax/annotation/javax.annotation-api/1.2/javax.annotation-api-1.2.jar:/home/user/.m2/repository/org/apache/ratis/ratis-server/0.4.0-2337318-SNAPSHOT/ratis-server-0.4.0-2337318-SNAPSHOT.jar:/home/user/.m2/repository/org/apache/ratis/ratis-thirdparty-misc/0.2.0/ratis-thirdparty-misc-0.2.0.jar:/home/user/.m2/repository/org/apache/ratis/ratis-proto/0.4.0-2337318-SNAPSHOT/ratis-proto-0.4.0-2337318-SNAPSHOT.jar:/home/user/.m2/repository/org/apache/ratis/ratis-common/0.4.0-2337318-SNAPSHOT/ratis-common-0.4.0-2337318-SNAPSHOT.jar:/home/user/.m2/repository/org/apache/ratis/ratis-client/0.4.0-2337318-SNAPSHOT/ratis-client-0.4.0-2337318-SNAPSHOT.jar:/home/user/.m2/repository/org/apache/ratis/ratis-metrics/0.4.0-2337318-SNAPSHOT/ratis-metrics-0.4.0-2337318-SNAPSHOT.jar:/home/user/.m2/repository/org/apache/ratis/ratis-netty/0.4.0-2337318-SNAPSHOT/ratis-netty-0.4.0-2337318-SNAPSHOT.jar:/home/user/.m2/repository/org/apache/ratis/ratis-grpc/0.4.0-2337318-SNAPSHOT/ratis-grpc-0.4.0-2337318-SNAPSHOT.jar:/home/user/.m2/repository/org/rocksdb/rocksdbjni/6.0.1/rocksdbjni-6.0.1.jar:/home/user/.m2/repository/org/apache/logging/log4j/log4j-api/2.11.0/log4j-api-2.11.0.jar:/home/user/.m2/repository/org/apache/logging/log4j/log4j-core/2.11.0/log4j-core-2.11.0.jar:/home/user/.m2/repository/com/lmax/disruptor/3.4.2/disruptor-3.4.2.jar:/home/user/.m2/repository/org/apache/commons/commons-pool2/2.6.0/commons-pool2-2.6.0.jar:/home/user/.m2/repository/org/bouncycastle/bcpkix-jdk15on/1.60/bcpkix-jdk15on-1.60.jar:/home/user/.m2/repository/commons-validator/commons-validator/1.6/commons-validator-1.6.jar:/home/user/.m2/repository/commons-digester/commons-digester/1.8.1/commons-digester-1.8.1.jar:/home/user/.m2/repository/io/jaegertracing/jaeger-client/0.33.1/jaeger-client-0.33.1.jar:/home/user/.m2/repository/io/jaegertracing/jaeger-thrift/0.33.1/jaeger-thrift-0.33.1.jar:/home/user/.m2/repository/org/apache/thrift/libthrift/0.11.0/libthrift-0.11.0.jar:/home/user/.m2/repository/com/squareup/okhttp3/okhttp/3.9.0/okhttp-3.9.0.jar:/home/user/.m2/repository/com/squareup/okio/okio/1.13.0/okio-1.13.0.jar:/home/user/.m2/repository/io/jaegertracing/jaeger-core/0.33.1/jaeger-core-0.33.1.jar:/home/user/.m2/repository/io/jaegertracing/jaeger-tracerresolver/0.33.1/jaeger-tracerresolver-0.33.1.jar:/home/user/.m2/repository/io/opentracing/contrib/opentracing-tracerresolver/0.1.5/opentracing-tracerresolver-0.1.5.jar:/home/user/.m2/repository/io/opentracing/opentracing-util/0.31.0/opentracing-util-0.31.0.jar:/home/user/.m2/repository/io/opentracing/opentracing-api/0.31.0/opentracing-api-0.31.0.jar:/home/user/.m2/repository/io/opentracing/opentracing-noop/0.31.0/opentracing-noop-0.31.0.jar:/home/user/.m2/repository/org/apache/hadoop/hadoop-hdds-server-framework/0.5.0-SNAPSHOT/hadoop-hdds-server-framework-0.5.0-SNAPSHOT.jar:/home/user/.m2/repository/org/apache/hadoop/hadoop-hdds-container-service/0.5.0-SNAPSHOT/hadoop-hdds-container-service-0.5.0-SNAPSHOT.jar:/home/user/.m2/repository/org/apache/hadoop/hadoop-hdds-client/0.5.0-SNAPSHOT/hadoop-hdds-client-0.5.0-SNAPSHOT.jar:/home/user/.m2/repository/org/apache/hadoop/hadoop-hdds-tools/0.5.0-SNAPSHOT/hadoop-hdds-tools-0.5.0-SNAPSHOT.jar:/home/user/.m2/repository/org/apache/hadoop/hadoop-hdds-server-scm/0.5.0-SNAPSHOT/hadoop-hdds-server-scm-0.5.0-SNAPSHOT.jar:/home/user/.m2/repository/org/apache/hadoop/hadoop-hdds-docs/0.5.0-SNAPSHOT/hadoop-hdds-docs-0.5.0-SNAPSHOT.jar:/home/user/.m2/repository/io/dropwizard/metrics/metrics-core/3.2.4/metrics-core-3.2.4.jar:/home/user/.m2/repository/org/hamcrest/hamcrest-all/1.3/hamcrest-all-1.3.jar:/home/user/.m2/repository/org/bouncycastle/bcprov-jdk15on/1.60/bcprov-jdk15on-1.60.jar:/home/user/.m2/repository/info/picocli/picocli/3.9.6/picocli-3.9.6.jar:/home/user/.m2/repository/com/google/protobuf/protobuf-java/2.5.0/protobuf-java-2.5.0.jar:/home/user/.m2/repository/com/google/guava/guava/11.0.2/guava-11.0.2.jar:/home/user/.m2/repository/org/apache/hadoop/hadoop-ozone-ozone-manager/0.5.0-SNAPSHOT/hadoop-ozone-ozone-manager-0.5.0-SNAPSHOT.jar:/home/user/.m2/repository/org/apache/hadoop/hadoop-minikdc/3.2.0/hadoop-minikdc-3.2.0.jar:/home/user/.m2/repository/commons-io/commons-io/2.5/commons-io-2.5.jar:/home/user/.m2/repository/org/apache/kerby/kerb-simplekdc/1.0.1/kerb-simplekdc-1.0.1.jar:/home/user/.m2/repository/org/apache/kerby/kerb-client/1.0.1/kerb-client-1.0.1.jar:/home/user/.m2/repository/org/apache/kerby/kerby-config/1.0.1/kerby-config-1.0.1.jar:/home/user/.m2/repository/org/apache/kerby/kerb-core/1.0.1/kerb-core-1.0.1.jar:/home/user/.m2/repository/org/apache/kerby/kerby-pkix/1.0.1/kerby-pkix-1.0.1.jar:/home/user/.m2/repository/org/apache/kerby/kerby-asn1/1.0.1/kerby-asn1-1.0.1.jar:/home/user/.m2/repository/org/apache/kerby/kerby-util/1.0.1/kerby-util-1.0.1.jar:/home/user/.m2/repository/org/apache/kerby/kerb-common/1.0.1/kerb-common-1.0.1.jar:/home/user/.m2/repository/org/apache/kerby/kerb-crypto/1.0.1/kerb-crypto-1.0.1.jar:/home/user/.m2/repository/org/apache/kerby/kerb-util/1.0.1/kerb-util-1.0.1.jar:/home/user/.m2/repository/org/apache/kerby/token-provider/1.0.1/token-provider-1.0.1.jar:/home/user/.m2/repository/org/apache/kerby/kerb-admin/1.0.1/kerb-admin-1.0.1.jar:/home/user/.m2/repository/org/apache/kerby/kerb-server/1.0.1/kerb-server-1.0.1.jar:/home/user/.m2/repository/org/apache/kerby/kerb-identity/1.0.1/kerb-identity-1.0.1.jar:/home/user/.m2/repository/org/apache/kerby/kerby-xdr/1.0.1/kerby-xdr-1.0.1.jar:/home/user/.m2/repository/org/slf4j/slf4j-log4j12/1.7.25/slf4j-log4j12-1.7.25.jar:/home/user/.m2/repository/org/apache/hadoop/hadoop-ozone-objectstore-service/0.5.0-SNAPSHOT/hadoop-ozone-objectstore-service-0.5.0-SNAPSHOT.jar:/home/user/.m2/repository/org/apache/hadoop/hadoop-ozone-s3gateway/0.5.0-SNAPSHOT/hadoop-ozone-s3gateway-0.5.0-SNAPSHOT.jar:/home/user/.m2/repository/org/jboss/weld/servlet/weld-servlet/2.4.7.Final/weld-servlet-2.4.7.Final.jar:/home/user/.m2/repository/org/glassfish/jersey/containers/jersey-container-servlet-core/2.27/jersey-container-servlet-core-2.27.jar:/home/user/.m2/repository/org/glassfish/hk2/external/javax.inject/2.5.0-b42/javax.inject-2.5.0-b42.jar:/home/user/.m2/repository/org/glassfish/jersey/core/jersey-common/2.27/jersey-common-2.27.jar:/home/user/.m2/repository/org/glassfish/hk2/osgi-resource-locator/1.0.1/osgi-resource-locator-1.0.1.jar:/home/user/.m2/repository/javax/ws/rs/javax.ws.rs-api/2.1/javax.ws.rs-api-2.1.jar:/home/user/.m2/repository/org/glassfish/jersey/ext/cdi/jersey-cdi1x/2.27/jersey-cdi1x-2.27.jar:/home/user/.m2/repository/org/glassfish/jersey/inject/jersey-hk2/2.27/jersey-hk2-2.27.jar:/home/user/.m2/repository/org/glassfish/hk2/hk2-locator/2.5.0-b42/hk2-locator-2.5.0-b42.jar:/home/user/.m2/repository/org/javassist/javassist/3.22.0-CR2/javassist-3.22.0-CR2.jar:/home/user/.m2/repository/org/glassfish/hk2/hk2-api/2.5.0/hk2-api-2.5.0.jar:/home/user/.m2/repository/org/glassfish/hk2/external/jakarta.inject/2.5.0/jakarta.inject-2.5.0.jar:/home/user/.m2/repository/org/glassfish/hk2/hk2-utils/2.5.0/hk2-utils-2.5.0.jar:/home/user/.m2/repository/jakarta/annotation/jakarta.annotation-api/1.3.4/jakarta.annotation-api-1.3.4.jar:/home/user/.m2/repository/org/glassfish/hk2/external/aopalliance-repackaged/2.5.0/aopalliance-repackaged-2.5.0.jar:/home/user/.m2/repository/com/fasterxml/jackson/dataformat/jackson-dataformat-xml/2.9.0/jackson-dataformat-xml-2.9.0.jar:/home/user/.m2/repository/com/fasterxml/jackson/core/jackson-core/2.9.5/jackson-core-2.9.5.jar:/home/user/.m2/repository/com/fasterxml/jackson/module/jackson-module-jaxb-annotations/2.9.5/jackson-module-jaxb-annotations-2.9.5.jar:/home/user/.m2/repository/javax/enterprise/cdi-api/1.2/cdi-api-1.2.jar:/home/user/.m2/repository/javax/el/javax.el-api/3.0.0/javax.el-api-3.0.0.jar:/home/user/.m2/repository/javax/interceptor/javax.interceptor-api/1.2/javax.interceptor-api-1.2.jar:/home/user/.m2/repository/javax/inject/javax.inject/1/javax.inject-1.jar:/home/user/.m2/repository/com/sun/xml/bind/jaxb-impl/2.3.0.1/jaxb-impl-2.3.0.1.jar:/home/user/.m2/repository/com/sun/xml/bind/jaxb-core/2.3.0.1/jaxb-core-2.3.0.1.jar:/home/user/.m2/repository/javax/xml/bind/jaxb-api/2.3.0/jaxb-api-2.3.0.jar:/home/user/.m2/repository/javax/activation/activation/1.1.1/activation-1.1.1.jar:/home/user/.m2/repository/org/apache/hadoop/hadoop-ozone-csi/0.5.0-SNAPSHOT/hadoop-ozone-csi-0.5.0-SNAPSHOT.jar:/home/user/.m2/repository/com/google/protobuf/protobuf-java-util/3.5.1/protobuf-java-util-3.5.1.jar:/home/user/.m2/repository/org/apache/hadoop/hadoop-hdds-config/0.5.0-SNAPSHOT/hadoop-hdds-config-0.5.0-SNAPSHOT.jar:/home/user/.m2/repository/io/grpc/grpc-netty/1.17.1/grpc-netty-1.17.1.jar:/home/user/.m2/repository/io/grpc/grpc-core/1.17.1/grpc-core-1.17.1.jar:/home/user/.m2/repository/io/grpc/grpc-context/1.17.1/grpc-context-1.17.1.jar:/home/user/.m2/repository/com/google/errorprone/error_prone_annotations/2.2.0/error_prone_annotations-2.2.0.jar:/home/user/.m2/repository/org/codehaus/mojo/animal-sniffer-annotations/1.17/animal-sniffer-annotations-1.17.jar:/home/user/.m2/repository/io/opencensus/opencensus-api/0.17.0/opencensus-api-0.17.0.jar:/home/user/.m2/repository/io/opencensus/opencensus-contrib-grpc-metrics/0.17.0/opencensus-contrib-grpc-metrics-0.17.0.jar:/home/user/.m2/repository/io/netty/netty-codec-http2/4.1.30.Final/netty-codec-http2-4.1.30.Final.jar:/home/user/.m2/repository/io/netty/netty-codec-http/4.1.30.Final/netty-codec-http-4.1.30.Final.jar:/home/user/.m2/repository/io/netty/netty-codec/4.1.30.Final/netty-codec-4.1.30.Final.jar:/home/user/.m2/repository/io/netty/netty-handler/4.1.30.Final/netty-handler-4.1.30.Final.jar:/home/user/.m2/repository/io/netty/netty-handler-proxy/4.1.30.Final/netty-handler-proxy-4.1.30.Final.jar:/home/user/.m2/repository/io/netty/netty-codec-socks/4.1.30.Final/netty-codec-socks-4.1.30.Final.jar:/home/user/.m2/repository/io/netty/netty-transport-native-epoll/4.1.30.Final/netty-transport-native-epoll-4.1.30.Final.jar:/home/user/.m2/repository/io/netty/netty-common/4.1.30.Final/netty-common-4.1.30.Final.jar:/home/user/.m2/repository/io/netty/netty-buffer/4.1.30.Final/netty-buffer-4.1.30.Final.jar:/home/user/.m2/repository/io/netty/netty-transport/4.1.30.Final/netty-transport-4.1.30.Final.jar:/home/user/.m2/repository/io/netty/netty-resolver/4.1.30.Final/netty-resolver-4.1.30.Final.jar:/home/user/.m2/repository/io/netty/netty-transport-native-unix-common/4.1.30.Final/netty-transport-native-unix-common-4.1.30.Final.jar:/home/user/.m2/repository/io/grpc/grpc-protobuf/1.17.1/grpc-protobuf-1.17.1.jar:/home/user/.m2/repository/com/google/api/grpc/proto-google-common-protos/1.0.0/proto-google-common-protos-1.0.0.jar:/home/user/.m2/repository/io/grpc/grpc-protobuf-lite/1.17.1/grpc-protobuf-lite-1.17.1.jar:/home/user/.m2/repository/io/grpc/grpc-stub/1.17.1/grpc-stub-1.17.1.jar:/home/user/.m2/repository/org/apache/hadoop/hadoop-ozone-recon/0.5.0-SNAPSHOT/hadoop-ozone-recon-0.5.0-SNAPSHOT.jar:/home/user/.m2/repository/org/apache/hadoop/hadoop-ozone-reconcodegen/0.5.0-SNAPSHOT/hadoop-ozone-reconcodegen-0.5.0-SNAPSHOT.jar:/home/user/.m2/repository/com/google/inject/extensions/guice-multibindings/4.0/guice-multibindings-4.0.jar:/home/user/.m2/repository/com/google/inject/guice/4.0/guice-4.0.jar:/home/user/.m2/repository/aopalliance/aopalliance/1.0/aopalliance-1.0.jar:/home/user/.m2/repository/com/google/inject/extensions/guice-servlet/4.0/guice-servlet-4.0.jar:/home/user/.m2/repository/org/glassfish/jersey/containers/jersey-container-servlet/2.27/jersey-container-servlet-2.27.jar:/home/user/.m2/repository/org/glassfish/hk2/guice-bridge/2.5.0/guice-bridge-2.5.0.jar:/home/user/.m2/repository/org/glassfish/jersey/core/jersey-server/2.27/jersey-server-2.27.jar:/home/user/.m2/repository/org/glassfish/jersey/core/jersey-client/2.27/jersey-client-2.27.jar:/home/user/.m2/repository/org/glassfish/jersey/media/jersey-media-jaxb/2.27/jersey-media-jaxb-2.27.jar:/home/user/.m2/repository/javax/validation/validation-api/1.1.0.Final/validation-api-1.1.0.Final.jar:/home/user/.m2/repository/org/glassfish/jersey/media/jersey-media-json-jackson/2.27/jersey-media-json-jackson-2.27.jar:/home/user/.m2/repository/org/glassfish/jersey/ext/jersey-entity-filtering/2.27/jersey-entity-filtering-2.27.jar:/home/user/.m2/repository/com/google/inject/extensions/guice-assistedinject/4.0/guice-assistedinject-4.0.jar:/home/user/.m2/repository/org/jooq/jooq/3.11.10/jooq-3.11.10.jar:/home/user/.m2/repository/org/jooq/jooq-meta/3.11.10/jooq-meta-3.11.10.jar:/home/user/.m2/repository/org/jooq/jooq-codegen/3.11.10/jooq-codegen-3.11.10.jar:/home/user/.m2/repository/com/jolbox/bonecp/0.8.0.RELEASE/bonecp-0.8.0.RELEASE.jar:/home/user/.m2/repository/org/xerial/sqlite-jdbc/3.25.2/sqlite-jdbc-3.25.2.jar:/home/user/.m2/repository/org/springframework/spring-jdbc/5.1.3.RELEASE/spring-jdbc-5.1.3.RELEASE.jar:/home/user/.m2/repository/org/springframework/spring-beans/5.1.3.RELEASE/spring-beans-5.1.3.RELEASE.jar:/home/user/.m2/repository/org/springframework/spring-core/5.1.3.RELEASE/spring-core-5.1.3.RELEASE.jar:/home/user/.m2/repository/org/springframework/spring-jcl/5.1.3.RELEASE/spring-jcl-5.1.3.RELEASE.jar:/home/user/.m2/repository/org/springframework/spring-tx/5.1.3.RELEASE/spring-tx-5.1.3.RELEASE.jar:/home/user/.m2/repository/org/apache/hadoop/hadoop-ozone-client/0.5.0-SNAPSHOT/hadoop-ozone-client-0.5.0-SNAPSHOT.jar:/home/user/.m2/repository/commons-lang/commons-lang/2.6/commons-lang-2.6.jar:/home/user/.m2/repository/org/apache/hadoop/hadoop-ozone-ozone-manager/0.5.0-SNAPSHOT/hadoop-ozone-ozone-manager-0.5.0-SNAPSHOT-tests.jar:/home/user/.m2/repository/junit/junit/4.11/junit-4.11.jar:/home/user/.m2/repository/org/hamcrest/hamcrest-core/1.3/hamcrest-core-1.3.jar:/home/user/.m2/repository/org/openjdk/jmh/jmh-core/1.19/jmh-core-1.19.jar:/home/user/.m2/repository/net/sf/jopt-simple/jopt-simple/4.6/jopt-simple-4.6.jar:/home/user/.m2/repository/org/apache/commons/commons-math3/3.1.1/commons-math3-3.1.1.jar:/home/user/.m2/repository/org/openjdk/jmh/jmh-generator-annprocess/1.19/jmh-generator-annprocess-1.19.jar:/home/user/.m2/repository/org/mockito/mockito-all/1.8.5/mockito-all-1.8.5.jar:/home/user/.m2/repository/org/apache/hadoop/hadoop-kms/3.2.0/hadoop-kms-3.2.0.jar:/home/user/.m2/repository/org/apache/hadoop/hadoop-auth/3.2.0/hadoop-auth-3.2.0.jar:/home/user/.m2/repository/com/nimbusds/nimbus-jose-jwt/4.41.1/nimbus-jose-jwt-4.41.1.jar:/home/user/.m2/repository/com/github/stephenc/jcip/jcip-annotations/1.0-1/jcip-annotations-1.0-1.jar:/home/user/.m2/repository/net/minidev/json-smart/2.3/json-smart-2.3.jar:/home/user/.m2/repository/net/minidev/accessors-smart/1.2/accessors-smart-1.2.jar:/home/user/.m2/repository/org/ow2/asm/asm/5.0.4/asm-5.0.4.jar:/home/user/.m2/repository/org/apache/curator/curator-framework/2.12.0/curator-framework-2.12.0.jar:/home/user/.m2/repository/com/sun/jersey/jersey-core/1.19/jersey-core-1.19.jar:/home/user/.m2/repository/javax/ws/rs/jsr311-api/1.1.1/jsr311-api-1.1.1.jar:/home/user/.m2/repository/com/sun/jersey/jersey-server/1.19/jersey-server-1.19.jar:/home/user/.m2/repository/javax/servlet/javax.servlet-api/3.1.0/javax.servlet-api-3.1.0.jar:/home/user/.m2/repository/org/eclipse/jetty/jetty-server/9.3.24.v20180605/jetty-server-9.3.24.v20180605.jar:/home/user/.m2/repository/org/eclipse/jetty/jetty-http/9.3.24.v20180605/jetty-http-9.3.24.v20180605.jar:/home/user/.m2/repository/org/eclipse/jetty/jetty-io/9.3.24.v20180605/jetty-io-9.3.24.v20180605.jar:/home/user/.m2/repository/org/eclipse/jetty/jetty-webapp/9.3.24.v20180605/jetty-webapp-9.3.24.v20180605.jar:/home/user/.m2/repository/org/eclipse/jetty/jetty-xml/9.3.24.v20180605/jetty-xml-9.3.24.v20180605.jar:/home/user/.m2/repository/log4j/log4j/1.2.17/log4j-1.2.17.jar:/home/user/.m2/repository/org/slf4j/slf4j-api/1.7.25/slf4j-api-1.7.25.jar:/home/user/.m2/repository/org/slf4j/jul-to-slf4j/1.7.25/jul-to-slf4j-1.7.25.jar:/home/user/.m2/repository/org/eclipse/jetty/jetty-util/9.3.24.v20180605/jetty-util-9.3.24.v20180605.jar:/home/user/.m2/repository/com/fasterxml/jackson/core/jackson-databind/2.9.5/jackson-databind-2.9.5.jar:/home/user/.m2/repository/org/apache/hadoop/hadoop-kms/3.2.0/hadoop-kms-3.2.0-tests.jar:/home/user/.m2/repository/org/apache/hadoop/hadoop-hdds-server-scm/0.5.0-SNAPSHOT/hadoop-hdds-server-scm-0.5.0-SNAPSHOT-tests.jar:/home/user/.m2/repository/org/apache/hadoop/hadoop-hdds-container-service/0.5.0-SNAPSHOT/hadoop-hdds-container-service-0.5.0-SNAPSHOT-tests.jar:/home/user/.m2/repository/org/yaml/snakeyaml/1.16/snakeyaml-1.16.jar:/home/user/.m2/repository/org/apache/hadoop/hadoop-common/3.2.0/hadoop-common-3.2.0-tests.jar:/home/user/.m2/repository/org/apache/hadoop/hadoop-annotations/3.2.0/hadoop-annotations-3.2.0.jar:/usr/lib/jvm/java-1.8-openjdk/jre/../lib/tools.jar:/home/user/.m2/repository/commons-cli/commons-cli/1.2/commons-cli-1.2.jar:/home/user/.m2/repository/org/apache/httpcomponents/httpclient/4.5.2/httpclient-4.5.2.jar:/home/user/.m2/repository/org/apache/httpcomponents/httpcore/4.4.4/httpcore-4.4.4.jar:/home/user/.m2/repository/commons-codec/commons-codec/1.11/commons-codec-1.11.jar:/home/user/.m2/repository/commons-net/commons-net/3.6/commons-net-3.6.jar:/home/user/.m2/repository/commons-collections/commons-collections/3.2.2/commons-collections-3.2.2.jar:/home/user/.m2/repository/org/eclipse/jetty/jetty-servlet/9.3.24.v20180605/jetty-servlet-9.3.24.v20180605.jar:/home/user/.m2/repository/org/eclipse/jetty/jetty-security/9.3.24.v20180605/jetty-security-9.3.24.v20180605.jar:/home/user/.m2/repository/javax/servlet/jsp/jsp-api/2.1/jsp-api-2.1.jar:/home/user/.m2/repository/com/sun/jersey/jersey-servlet/1.19/jersey-servlet-1.19.jar:/home/user/.m2/repository/com/sun/jersey/jersey-json/1.19/jersey-json-1.19.jar:/home/user/.m2/repository/org/codehaus/jettison/jettison/1.1/jettison-1.1.jar:/home/user/.m2/repository/org/codehaus/jackson/jackson-core-asl/1.9.13/jackson-core-asl-1.9.13.jar:/home/user/.m2/repository/org/codehaus/jackson/jackson-mapper-asl/1.9.13/jackson-mapper-asl-1.9.13.jar:/home/user/.m2/repository/org/codehaus/jackson/jackson-jaxrs/1.9.13/jackson-jaxrs-1.9.13.jar:/home/user/.m2/repository/org/codehaus/jackson/jackson-xc/1.9.13/jackson-xc-1.9.13.jar:/home/user/.m2/repository/commons-logging/commons-logging/1.1.3/commons-logging-1.1.3.jar:/home/user/.m2/repository/commons-beanutils/commons-beanutils/1.9.3/commons-beanutils-1.9.3.jar:/home/user/.m2/repository/org/apache/commons/commons-configuration2/2.1.1/commons-configuration2-2.1.1.jar:/home/user/.m2/repository/org/apache/commons/commons-lang3/3.7/commons-lang3-3.7.jar:/home/user/.m2/repository/org/apache/commons/commons-text/1.4/commons-text-1.4.jar:/home/user/.m2/repository/org/apache/avro/avro/1.7.7/avro-1.7.7.jar:/home/user/.m2/repository/com/thoughtworks/paranamer/paranamer/2.3/paranamer-2.3.jar:/home/user/.m2/repository/org/xerial/snappy/snappy-java/1.0.5/snappy-java-1.0.5.jar:/home/user/.m2/repository/com/google/re2j/re2j/1.1/re2j-1.1.jar:/home/user/.m2/repository/com/google/code/gson/gson/2.2.4/gson-2.2.4.jar:/home/user/.m2/repository/com/jcraft/jsch/0.1.54/jsch-0.1.54.jar:/home/user/.m2/repository/org/apache/curator/curator-client/2.12.0/curator-client-2.12.0.jar:/home/user/.m2/repository/org/apache/curator/curator-recipes/2.12.0/curator-recipes-2.12.0.jar:/home/user/.m2/repository/com/google/code/findbugs/jsr305/3.0.0/jsr305-3.0.0.jar:/home/user/.m2/repository/org/apache/htrace/htrace-core4/4.1.0-incubating/htrace-core4-4.1.0-incubating.jar:/home/user/.m2/repository/org/apache/zookeeper/zookeeper/3.4.13/zookeeper-3.4.13.jar:/home/user/.m2/repository/org/apache/yetus/audience-annotations/0.5.0/audience-annotations-0.5.0.jar:/home/user/.m2/repository/org/codehaus/woodstox/stax2-api/3.1.4/stax2-api-3.1.4.jar:/home/user/.m2/repository/com/fasterxml/woodstox/woodstox-core/5.0.3/woodstox-core-5.0.3.jar:/home/user/.m2/repository/dnsjava/dnsjava/2.1.7/dnsjava-2.1.7.jar:/home/user/.m2/repository/org/apache/hadoop/hadoop-hdfs/3.2.0/hadoop-hdfs-3.2.0-tests.jar:/home/user/.m2/repository/org/eclipse/jetty/jetty-util-ajax/9.3.24.v20180605/jetty-util-ajax-9.3.24.v20180605.jar:/home/user/.m2/repository/commons-daemon/commons-daemon/1.0.13/commons-daemon-1.0.13.jar:/home/user/.m2/repository/io/netty/netty/3.10.5.Final/netty-3.10.5.Final.jar:/home/user/.m2/repository/io/netty/netty-all/4.0.52.Final/netty-all-4.0.52.Final.jar:/home/user/.m2/repository/org/fusesource/leveldbjni/leveldbjni-all/1.8/leveldbjni-all-1.8.jar:"/>
    <property name="java.vm.vendor" value="IcedTea"/>
    <property name="sun.arch.data.model" value="64"/>
    <property name="test.build.dir" value="/workdir/hadoop-ozone/integration-test/target/test-dir"/>
    <property name="test.cache.data" value=""/>
    <property name="java.vendor.url" value="https://icedtea.classpath.org"/>
    <property name="user.timezone" value=""/>
    <property name="java.vm.specification.version" value="1.8"/>
    <property name="os.name" value="Linux"/>
    <property name="test.build.data" value="/workdir/hadoop-ozone/integration-test/target/test-dir"/>
    <property name="user.country" value="US"/>
    <property name="sun.java.launcher" value="SUN_STANDARD"/>
    <property name="sun.boot.library.path" value="/usr/lib/jvm/java-1.8-openjdk/jre/lib/amd64"/>
    <property name="sun.java.command" value="/workdir/hadoop-ozone/integration-test/target/surefire/surefirebooter7642130881972555452.jar /workdir/hadoop-ozone/integration-test/target/surefire 2019-08-23T16-39-50_678-jvmRun1 surefire4889206131292969228tmp surefire_482483827469576430414tmp"/>
    <property name="test" value="!TestMiniChaosOzoneCluster"/>
    <property name="surefire.test.class.path" value="/workdir/hadoop-ozone/integration-test/target/test-classes:/workdir/hadoop-ozone/integration-test/target/classes:/home/user/.m2/repository/org/apache/hadoop/hadoop-ozone-common/0.5.0-SNAPSHOT/hadoop-ozone-common-0.5.0-SNAPSHOT.jar:/home/user/.m2/repository/org/apache/commons/commons-compress/1.4.1/commons-compress-1.4.1.jar:/home/user/.m2/repository/org/tukaani/xz/1.0/xz-1.0.jar:/home/user/.m2/repository/org/apache/hadoop/hadoop-common/3.2.0/hadoop-common-3.2.0.jar:/home/user/.m2/repository/org/apache/hadoop/hadoop-hdfs/3.2.0/hadoop-hdfs-3.2.0.jar:/home/user/.m2/repository/org/apache/hadoop/hadoop-hdfs-client/3.2.0/hadoop-hdfs-client-3.2.0.jar:/home/user/.m2/repository/com/fasterxml/jackson/core/jackson-annotations/2.9.5/jackson-annotations-2.9.5.jar:/home/user/.m2/repository/org/apache/hadoop/hadoop-hdds-common/0.5.0-SNAPSHOT/hadoop-hdds-common-0.5.0-SNAPSHOT.jar:/home/user/.m2/repository/javax/annotation/javax.annotation-api/1.2/javax.annotation-api-1.2.jar:/home/user/.m2/repository/org/apache/ratis/ratis-server/0.4.0-2337318-SNAPSHOT/ratis-server-0.4.0-2337318-SNAPSHOT.jar:/home/user/.m2/repository/org/apache/ratis/ratis-thirdparty-misc/0.2.0/ratis-thirdparty-misc-0.2.0.jar:/home/user/.m2/repository/org/apache/ratis/ratis-proto/0.4.0-2337318-SNAPSHOT/ratis-proto-0.4.0-2337318-SNAPSHOT.jar:/home/user/.m2/repository/org/apache/ratis/ratis-common/0.4.0-2337318-SNAPSHOT/ratis-common-0.4.0-2337318-SNAPSHOT.jar:/home/user/.m2/repository/org/apache/ratis/ratis-client/0.4.0-2337318-SNAPSHOT/ratis-client-0.4.0-2337318-SNAPSHOT.jar:/home/user/.m2/repository/org/apache/ratis/ratis-metrics/0.4.0-2337318-SNAPSHOT/ratis-metrics-0.4.0-2337318-SNAPSHOT.jar:/home/user/.m2/repository/org/apache/ratis/ratis-netty/0.4.0-2337318-SNAPSHOT/ratis-netty-0.4.0-2337318-SNAPSHOT.jar:/home/user/.m2/repository/org/apache/ratis/ratis-grpc/0.4.0-2337318-SNAPSHOT/ratis-grpc-0.4.0-2337318-SNAPSHOT.jar:/home/user/.m2/repository/org/rocksdb/rocksdbjni/6.0.1/rocksdbjni-6.0.1.jar:/home/user/.m2/repository/org/apache/logging/log4j/log4j-api/2.11.0/log4j-api-2.11.0.jar:/home/user/.m2/repository/org/apache/logging/log4j/log4j-core/2.11.0/log4j-core-2.11.0.jar:/home/user/.m2/repository/com/lmax/disruptor/3.4.2/disruptor-3.4.2.jar:/home/user/.m2/repository/org/apache/commons/commons-pool2/2.6.0/commons-pool2-2.6.0.jar:/home/user/.m2/repository/org/bouncycastle/bcpkix-jdk15on/1.60/bcpkix-jdk15on-1.60.jar:/home/user/.m2/repository/commons-validator/commons-validator/1.6/commons-validator-1.6.jar:/home/user/.m2/repository/commons-digester/commons-digester/1.8.1/commons-digester-1.8.1.jar:/home/user/.m2/repository/io/jaegertracing/jaeger-client/0.33.1/jaeger-client-0.33.1.jar:/home/user/.m2/repository/io/jaegertracing/jaeger-thrift/0.33.1/jaeger-thrift-0.33.1.jar:/home/user/.m2/repository/org/apache/thrift/libthrift/0.11.0/libthrift-0.11.0.jar:/home/user/.m2/repository/com/squareup/okhttp3/okhttp/3.9.0/okhttp-3.9.0.jar:/home/user/.m2/repository/com/squareup/okio/okio/1.13.0/okio-1.13.0.jar:/home/user/.m2/repository/io/jaegertracing/jaeger-core/0.33.1/jaeger-core-0.33.1.jar:/home/user/.m2/repository/io/jaegertracing/jaeger-tracerresolver/0.33.1/jaeger-tracerresolver-0.33.1.jar:/home/user/.m2/repository/io/opentracing/contrib/opentracing-tracerresolver/0.1.5/opentracing-tracerresolver-0.1.5.jar:/home/user/.m2/repository/io/opentracing/opentracing-util/0.31.0/opentracing-util-0.31.0.jar:/home/user/.m2/repository/io/opentracing/opentracing-api/0.31.0/opentracing-api-0.31.0.jar:/home/user/.m2/repository/io/opentracing/opentracing-noop/0.31.0/opentracing-noop-0.31.0.jar:/home/user/.m2/repository/org/apache/hadoop/hadoop-hdds-server-framework/0.5.0-SNAPSHOT/hadoop-hdds-server-framework-0.5.0-SNAPSHOT.jar:/home/user/.m2/repository/org/apache/hadoop/hadoop-hdds-container-service/0.5.0-SNAPSHOT/hadoop-hdds-container-service-0.5.0-SNAPSHOT.jar:/home/user/.m2/repository/org/apache/hadoop/hadoop-hdds-client/0.5.0-SNAPSHOT/hadoop-hdds-client-0.5.0-SNAPSHOT.jar:/home/user/.m2/repository/org/apache/hadoop/hadoop-hdds-tools/0.5.0-SNAPSHOT/hadoop-hdds-tools-0.5.0-SNAPSHOT.jar:/home/user/.m2/repository/org/apache/hadoop/hadoop-hdds-server-scm/0.5.0-SNAPSHOT/hadoop-hdds-server-scm-0.5.0-SNAPSHOT.jar:/home/user/.m2/repository/org/apache/hadoop/hadoop-hdds-docs/0.5.0-SNAPSHOT/hadoop-hdds-docs-0.5.0-SNAPSHOT.jar:/home/user/.m2/repository/io/dropwizard/metrics/metrics-core/3.2.4/metrics-core-3.2.4.jar:/home/user/.m2/repository/org/hamcrest/hamcrest-all/1.3/hamcrest-all-1.3.jar:/home/user/.m2/repository/org/bouncycastle/bcprov-jdk15on/1.60/bcprov-jdk15on-1.60.jar:/home/user/.m2/repository/info/picocli/picocli/3.9.6/picocli-3.9.6.jar:/home/user/.m2/repository/com/google/protobuf/protobuf-java/2.5.0/protobuf-java-2.5.0.jar:/home/user/.m2/repository/com/google/guava/guava/11.0.2/guava-11.0.2.jar:/home/user/.m2/repository/org/apache/hadoop/hadoop-ozone-ozone-manager/0.5.0-SNAPSHOT/hadoop-ozone-ozone-manager-0.5.0-SNAPSHOT.jar:/home/user/.m2/repository/org/apache/hadoop/hadoop-minikdc/3.2.0/hadoop-minikdc-3.2.0.jar:/home/user/.m2/repository/commons-io/commons-io/2.5/commons-io-2.5.jar:/home/user/.m2/repository/org/apache/kerby/kerb-simplekdc/1.0.1/kerb-simplekdc-1.0.1.jar:/home/user/.m2/repository/org/apache/kerby/kerb-client/1.0.1/kerb-client-1.0.1.jar:/home/user/.m2/repository/org/apache/kerby/kerby-config/1.0.1/kerby-config-1.0.1.jar:/home/user/.m2/repository/org/apache/kerby/kerb-core/1.0.1/kerb-core-1.0.1.jar:/home/user/.m2/repository/org/apache/kerby/kerby-pkix/1.0.1/kerby-pkix-1.0.1.jar:/home/user/.m2/repository/org/apache/kerby/kerby-asn1/1.0.1/kerby-asn1-1.0.1.jar:/home/user/.m2/repository/org/apache/kerby/kerby-util/1.0.1/kerby-util-1.0.1.jar:/home/user/.m2/repository/org/apache/kerby/kerb-common/1.0.1/kerb-common-1.0.1.jar:/home/user/.m2/repository/org/apache/kerby/kerb-crypto/1.0.1/kerb-crypto-1.0.1.jar:/home/user/.m2/repository/org/apache/kerby/kerb-util/1.0.1/kerb-util-1.0.1.jar:/home/user/.m2/repository/org/apache/kerby/token-provider/1.0.1/token-provider-1.0.1.jar:/home/user/.m2/repository/org/apache/kerby/kerb-admin/1.0.1/kerb-admin-1.0.1.jar:/home/user/.m2/repository/org/apache/kerby/kerb-server/1.0.1/kerb-server-1.0.1.jar:/home/user/.m2/repository/org/apache/kerby/kerb-identity/1.0.1/kerb-identity-1.0.1.jar:/home/user/.m2/repository/org/apache/kerby/kerby-xdr/1.0.1/kerby-xdr-1.0.1.jar:/home/user/.m2/repository/org/slf4j/slf4j-log4j12/1.7.25/slf4j-log4j12-1.7.25.jar:/home/user/.m2/repository/org/apache/hadoop/hadoop-ozone-objectstore-service/0.5.0-SNAPSHOT/hadoop-ozone-objectstore-service-0.5.0-SNAPSHOT.jar:/home/user/.m2/repository/org/apache/hadoop/hadoop-ozone-s3gateway/0.5.0-SNAPSHOT/hadoop-ozone-s3gateway-0.5.0-SNAPSHOT.jar:/home/user/.m2/repository/org/jboss/weld/servlet/weld-servlet/2.4.7.Final/weld-servlet-2.4.7.Final.jar:/home/user/.m2/repository/org/glassfish/jersey/containers/jersey-container-servlet-core/2.27/jersey-container-servlet-core-2.27.jar:/home/user/.m2/repository/org/glassfish/hk2/external/javax.inject/2.5.0-b42/javax.inject-2.5.0-b42.jar:/home/user/.m2/repository/org/glassfish/jersey/core/jersey-common/2.27/jersey-common-2.27.jar:/home/user/.m2/repository/org/glassfish/hk2/osgi-resource-locator/1.0.1/osgi-resource-locator-1.0.1.jar:/home/user/.m2/repository/javax/ws/rs/javax.ws.rs-api/2.1/javax.ws.rs-api-2.1.jar:/home/user/.m2/repository/org/glassfish/jersey/ext/cdi/jersey-cdi1x/2.27/jersey-cdi1x-2.27.jar:/home/user/.m2/repository/org/glassfish/jersey/inject/jersey-hk2/2.27/jersey-hk2-2.27.jar:/home/user/.m2/repository/org/glassfish/hk2/hk2-locator/2.5.0-b42/hk2-locator-2.5.0-b42.jar:/home/user/.m2/repository/org/javassist/javassist/3.22.0-CR2/javassist-3.22.0-CR2.jar:/home/user/.m2/repository/org/glassfish/hk2/hk2-api/2.5.0/hk2-api-2.5.0.jar:/home/user/.m2/repository/org/glassfish/hk2/external/jakarta.inject/2.5.0/jakarta.inject-2.5.0.jar:/home/user/.m2/repository/org/glassfish/hk2/hk2-utils/2.5.0/hk2-utils-2.5.0.jar:/home/user/.m2/repository/jakarta/annotation/jakarta.annotation-api/1.3.4/jakarta.annotation-api-1.3.4.jar:/home/user/.m2/repository/org/glassfish/hk2/external/aopalliance-repackaged/2.5.0/aopalliance-repackaged-2.5.0.jar:/home/user/.m2/repository/com/fasterxml/jackson/dataformat/jackson-dataformat-xml/2.9.0/jackson-dataformat-xml-2.9.0.jar:/home/user/.m2/repository/com/fasterxml/jackson/core/jackson-core/2.9.5/jackson-core-2.9.5.jar:/home/user/.m2/repository/com/fasterxml/jackson/module/jackson-module-jaxb-annotations/2.9.5/jackson-module-jaxb-annotations-2.9.5.jar:/home/user/.m2/repository/javax/enterprise/cdi-api/1.2/cdi-api-1.2.jar:/home/user/.m2/repository/javax/el/javax.el-api/3.0.0/javax.el-api-3.0.0.jar:/home/user/.m2/repository/javax/interceptor/javax.interceptor-api/1.2/javax.interceptor-api-1.2.jar:/home/user/.m2/repository/javax/inject/javax.inject/1/javax.inject-1.jar:/home/user/.m2/repository/com/sun/xml/bind/jaxb-impl/2.3.0.1/jaxb-impl-2.3.0.1.jar:/home/user/.m2/repository/com/sun/xml/bind/jaxb-core/2.3.0.1/jaxb-core-2.3.0.1.jar:/home/user/.m2/repository/javax/xml/bind/jaxb-api/2.3.0/jaxb-api-2.3.0.jar:/home/user/.m2/repository/javax/activation/activation/1.1.1/activation-1.1.1.jar:/home/user/.m2/repository/org/apache/hadoop/hadoop-ozone-csi/0.5.0-SNAPSHOT/hadoop-ozone-csi-0.5.0-SNAPSHOT.jar:/home/user/.m2/repository/com/google/protobuf/protobuf-java-util/3.5.1/protobuf-java-util-3.5.1.jar:/home/user/.m2/repository/org/apache/hadoop/hadoop-hdds-config/0.5.0-SNAPSHOT/hadoop-hdds-config-0.5.0-SNAPSHOT.jar:/home/user/.m2/repository/io/grpc/grpc-netty/1.17.1/grpc-netty-1.17.1.jar:/home/user/.m2/repository/io/grpc/grpc-core/1.17.1/grpc-core-1.17.1.jar:/home/user/.m2/repository/io/grpc/grpc-context/1.17.1/grpc-context-1.17.1.jar:/home/user/.m2/repository/com/google/errorprone/error_prone_annotations/2.2.0/error_prone_annotations-2.2.0.jar:/home/user/.m2/repository/org/codehaus/mojo/animal-sniffer-annotations/1.17/animal-sniffer-annotations-1.17.jar:/home/user/.m2/repository/io/opencensus/opencensus-api/0.17.0/opencensus-api-0.17.0.jar:/home/user/.m2/repository/io/opencensus/opencensus-contrib-grpc-metrics/0.17.0/opencensus-contrib-grpc-metrics-0.17.0.jar:/home/user/.m2/repository/io/netty/netty-codec-http2/4.1.30.Final/netty-codec-http2-4.1.30.Final.jar:/home/user/.m2/repository/io/netty/netty-codec-http/4.1.30.Final/netty-codec-http-4.1.30.Final.jar:/home/user/.m2/repository/io/netty/netty-codec/4.1.30.Final/netty-codec-4.1.30.Final.jar:/home/user/.m2/repository/io/netty/netty-handler/4.1.30.Final/netty-handler-4.1.30.Final.jar:/home/user/.m2/repository/io/netty/netty-handler-proxy/4.1.30.Final/netty-handler-proxy-4.1.30.Final.jar:/home/user/.m2/repository/io/netty/netty-codec-socks/4.1.30.Final/netty-codec-socks-4.1.30.Final.jar:/home/user/.m2/repository/io/netty/netty-transport-native-epoll/4.1.30.Final/netty-transport-native-epoll-4.1.30.Final.jar:/home/user/.m2/repository/io/netty/netty-common/4.1.30.Final/netty-common-4.1.30.Final.jar:/home/user/.m2/repository/io/netty/netty-buffer/4.1.30.Final/netty-buffer-4.1.30.Final.jar:/home/user/.m2/repository/io/netty/netty-transport/4.1.30.Final/netty-transport-4.1.30.Final.jar:/home/user/.m2/repository/io/netty/netty-resolver/4.1.30.Final/netty-resolver-4.1.30.Final.jar:/home/user/.m2/repository/io/netty/netty-transport-native-unix-common/4.1.30.Final/netty-transport-native-unix-common-4.1.30.Final.jar:/home/user/.m2/repository/io/grpc/grpc-protobuf/1.17.1/grpc-protobuf-1.17.1.jar:/home/user/.m2/repository/com/google/api/grpc/proto-google-common-protos/1.0.0/proto-google-common-protos-1.0.0.jar:/home/user/.m2/repository/io/grpc/grpc-protobuf-lite/1.17.1/grpc-protobuf-lite-1.17.1.jar:/home/user/.m2/repository/io/grpc/grpc-stub/1.17.1/grpc-stub-1.17.1.jar:/home/user/.m2/repository/org/apache/hadoop/hadoop-ozone-recon/0.5.0-SNAPSHOT/hadoop-ozone-recon-0.5.0-SNAPSHOT.jar:/home/user/.m2/repository/org/apache/hadoop/hadoop-ozone-reconcodegen/0.5.0-SNAPSHOT/hadoop-ozone-reconcodegen-0.5.0-SNAPSHOT.jar:/home/user/.m2/repository/com/google/inject/extensions/guice-multibindings/4.0/guice-multibindings-4.0.jar:/home/user/.m2/repository/com/google/inject/guice/4.0/guice-4.0.jar:/home/user/.m2/repository/aopalliance/aopalliance/1.0/aopalliance-1.0.jar:/home/user/.m2/repository/com/google/inject/extensions/guice-servlet/4.0/guice-servlet-4.0.jar:/home/user/.m2/repository/org/glassfish/jersey/containers/jersey-container-servlet/2.27/jersey-container-servlet-2.27.jar:/home/user/.m2/repository/org/glassfish/hk2/guice-bridge/2.5.0/guice-bridge-2.5.0.jar:/home/user/.m2/repository/org/glassfish/jersey/core/jersey-server/2.27/jersey-server-2.27.jar:/home/user/.m2/repository/org/glassfish/jersey/core/jersey-client/2.27/jersey-client-2.27.jar:/home/user/.m2/repository/org/glassfish/jersey/media/jersey-media-jaxb/2.27/jersey-media-jaxb-2.27.jar:/home/user/.m2/repository/javax/validation/validation-api/1.1.0.Final/validation-api-1.1.0.Final.jar:/home/user/.m2/repository/org/glassfish/jersey/media/jersey-media-json-jackson/2.27/jersey-media-json-jackson-2.27.jar:/home/user/.m2/repository/org/glassfish/jersey/ext/jersey-entity-filtering/2.27/jersey-entity-filtering-2.27.jar:/home/user/.m2/repository/com/google/inject/extensions/guice-assistedinject/4.0/guice-assistedinject-4.0.jar:/home/user/.m2/repository/org/jooq/jooq/3.11.10/jooq-3.11.10.jar:/home/user/.m2/repository/org/jooq/jooq-meta/3.11.10/jooq-meta-3.11.10.jar:/home/user/.m2/repository/org/jooq/jooq-codegen/3.11.10/jooq-codegen-3.11.10.jar:/home/user/.m2/repository/com/jolbox/bonecp/0.8.0.RELEASE/bonecp-0.8.0.RELEASE.jar:/home/user/.m2/repository/org/xerial/sqlite-jdbc/3.25.2/sqlite-jdbc-3.25.2.jar:/home/user/.m2/repository/org/springframework/spring-jdbc/5.1.3.RELEASE/spring-jdbc-5.1.3.RELEASE.jar:/home/user/.m2/repository/org/springframework/spring-beans/5.1.3.RELEASE/spring-beans-5.1.3.RELEASE.jar:/home/user/.m2/repository/org/springframework/spring-core/5.1.3.RELEASE/spring-core-5.1.3.RELEASE.jar:/home/user/.m2/repository/org/springframework/spring-jcl/5.1.3.RELEASE/spring-jcl-5.1.3.RELEASE.jar:/home/user/.m2/repository/org/springframework/spring-tx/5.1.3.RELEASE/spring-tx-5.1.3.RELEASE.jar:/home/user/.m2/repository/org/apache/hadoop/hadoop-ozone-client/0.5.0-SNAPSHOT/hadoop-ozone-client-0.5.0-SNAPSHOT.jar:/home/user/.m2/repository/commons-lang/commons-lang/2.6/commons-lang-2.6.jar:/home/user/.m2/repository/org/apache/hadoop/hadoop-ozone-ozone-manager/0.5.0-SNAPSHOT/hadoop-ozone-ozone-manager-0.5.0-SNAPSHOT-tests.jar:/home/user/.m2/repository/junit/junit/4.11/junit-4.11.jar:/home/user/.m2/repository/org/hamcrest/hamcrest-core/1.3/hamcrest-core-1.3.jar:/home/user/.m2/repository/org/openjdk/jmh/jmh-core/1.19/jmh-core-1.19.jar:/home/user/.m2/repository/net/sf/jopt-simple/jopt-simple/4.6/jopt-simple-4.6.jar:/home/user/.m2/repository/org/apache/commons/commons-math3/3.1.1/commons-math3-3.1.1.jar:/home/user/.m2/repository/org/openjdk/jmh/jmh-generator-annprocess/1.19/jmh-generator-annprocess-1.19.jar:/home/user/.m2/repository/org/mockito/mockito-all/1.8.5/mockito-all-1.8.5.jar:/home/user/.m2/repository/org/apache/hadoop/hadoop-kms/3.2.0/hadoop-kms-3.2.0.jar:/home/user/.m2/repository/org/apache/hadoop/hadoop-auth/3.2.0/hadoop-auth-3.2.0.jar:/home/user/.m2/repository/com/nimbusds/nimbus-jose-jwt/4.41.1/nimbus-jose-jwt-4.41.1.jar:/home/user/.m2/repository/com/github/stephenc/jcip/jcip-annotations/1.0-1/jcip-annotations-1.0-1.jar:/home/user/.m2/repository/net/minidev/json-smart/2.3/json-smart-2.3.jar:/home/user/.m2/repository/net/minidev/accessors-smart/1.2/accessors-smart-1.2.jar:/home/user/.m2/repository/org/ow2/asm/asm/5.0.4/asm-5.0.4.jar:/home/user/.m2/repository/org/apache/curator/curator-framework/2.12.0/curator-framework-2.12.0.jar:/home/user/.m2/repository/com/sun/jersey/jersey-core/1.19/jersey-core-1.19.jar:/home/user/.m2/repository/javax/ws/rs/jsr311-api/1.1.1/jsr311-api-1.1.1.jar:/home/user/.m2/repository/com/sun/jersey/jersey-server/1.19/jersey-server-1.19.jar:/home/user/.m2/repository/javax/servlet/javax.servlet-api/3.1.0/javax.servlet-api-3.1.0.jar:/home/user/.m2/repository/org/eclipse/jetty/jetty-server/9.3.24.v20180605/jetty-server-9.3.24.v20180605.jar:/home/user/.m2/repository/org/eclipse/jetty/jetty-http/9.3.24.v20180605/jetty-http-9.3.24.v20180605.jar:/home/user/.m2/repository/org/eclipse/jetty/jetty-io/9.3.24.v20180605/jetty-io-9.3.24.v20180605.jar:/home/user/.m2/repository/org/eclipse/jetty/jetty-webapp/9.3.24.v20180605/jetty-webapp-9.3.24.v20180605.jar:/home/user/.m2/repository/org/eclipse/jetty/jetty-xml/9.3.24.v20180605/jetty-xml-9.3.24.v20180605.jar:/home/user/.m2/repository/log4j/log4j/1.2.17/log4j-1.2.17.jar:/home/user/.m2/repository/org/slf4j/slf4j-api/1.7.25/slf4j-api-1.7.25.jar:/home/user/.m2/repository/org/slf4j/jul-to-slf4j/1.7.25/jul-to-slf4j-1.7.25.jar:/home/user/.m2/repository/org/eclipse/jetty/jetty-util/9.3.24.v20180605/jetty-util-9.3.24.v20180605.jar:/home/user/.m2/repository/com/fasterxml/jackson/core/jackson-databind/2.9.5/jackson-databind-2.9.5.jar:/home/user/.m2/repository/org/apache/hadoop/hadoop-kms/3.2.0/hadoop-kms-3.2.0-tests.jar:/home/user/.m2/repository/org/apache/hadoop/hadoop-hdds-server-scm/0.5.0-SNAPSHOT/hadoop-hdds-server-scm-0.5.0-SNAPSHOT-tests.jar:/home/user/.m2/repository/org/apache/hadoop/hadoop-hdds-container-service/0.5.0-SNAPSHOT/hadoop-hdds-container-service-0.5.0-SNAPSHOT-tests.jar:/home/user/.m2/repository/org/yaml/snakeyaml/1.16/snakeyaml-1.16.jar:/home/user/.m2/repository/org/apache/hadoop/hadoop-common/3.2.0/hadoop-common-3.2.0-tests.jar:/home/user/.m2/repository/org/apache/hadoop/hadoop-annotations/3.2.0/hadoop-annotations-3.2.0.jar:/usr/lib/jvm/java-1.8-openjdk/jre/../lib/tools.jar:/home/user/.m2/repository/commons-cli/commons-cli/1.2/commons-cli-1.2.jar:/home/user/.m2/repository/org/apache/httpcomponents/httpclient/4.5.2/httpclient-4.5.2.jar:/home/user/.m2/repository/org/apache/httpcomponents/httpcore/4.4.4/httpcore-4.4.4.jar:/home/user/.m2/repository/commons-codec/commons-codec/1.11/commons-codec-1.11.jar:/home/user/.m2/repository/commons-net/commons-net/3.6/commons-net-3.6.jar:/home/user/.m2/repository/commons-collections/commons-collections/3.2.2/commons-collections-3.2.2.jar:/home/user/.m2/repository/org/eclipse/jetty/jetty-servlet/9.3.24.v20180605/jetty-servlet-9.3.24.v20180605.jar:/home/user/.m2/repository/org/eclipse/jetty/jetty-security/9.3.24.v20180605/jetty-security-9.3.24.v20180605.jar:/home/user/.m2/repository/javax/servlet/jsp/jsp-api/2.1/jsp-api-2.1.jar:/home/user/.m2/repository/com/sun/jersey/jersey-servlet/1.19/jersey-servlet-1.19.jar:/home/user/.m2/repository/com/sun/jersey/jersey-json/1.19/jersey-json-1.19.jar:/home/user/.m2/repository/org/codehaus/jettison/jettison/1.1/jettison-1.1.jar:/home/user/.m2/repository/org/codehaus/jackson/jackson-core-asl/1.9.13/jackson-core-asl-1.9.13.jar:/home/user/.m2/repository/org/codehaus/jackson/jackson-mapper-asl/1.9.13/jackson-mapper-asl-1.9.13.jar:/home/user/.m2/repository/org/codehaus/jackson/jackson-jaxrs/1.9.13/jackson-jaxrs-1.9.13.jar:/home/user/.m2/repository/org/codehaus/jackson/jackson-xc/1.9.13/jackson-xc-1.9.13.jar:/home/user/.m2/repository/commons-logging/commons-logging/1.1.3/commons-logging-1.1.3.jar:/home/user/.m2/repository/commons-beanutils/commons-beanutils/1.9.3/commons-beanutils-1.9.3.jar:/home/user/.m2/repository/org/apache/commons/commons-configuration2/2.1.1/commons-configuration2-2.1.1.jar:/home/user/.m2/repository/org/apache/commons/commons-lang3/3.7/commons-lang3-3.7.jar:/home/user/.m2/repository/org/apache/commons/commons-text/1.4/commons-text-1.4.jar:/home/user/.m2/repository/org/apache/avro/avro/1.7.7/avro-1.7.7.jar:/home/user/.m2/repository/com/thoughtworks/paranamer/paranamer/2.3/paranamer-2.3.jar:/home/user/.m2/repository/org/xerial/snappy/snappy-java/1.0.5/snappy-java-1.0.5.jar:/home/user/.m2/repository/com/google/re2j/re2j/1.1/re2j-1.1.jar:/home/user/.m2/repository/com/google/code/gson/gson/2.2.4/gson-2.2.4.jar:/home/user/.m2/repository/com/jcraft/jsch/0.1.54/jsch-0.1.54.jar:/home/user/.m2/repository/org/apache/curator/curator-client/2.12.0/curator-client-2.12.0.jar:/home/user/.m2/repository/org/apache/curator/curator-recipes/2.12.0/curator-recipes-2.12.0.jar:/home/user/.m2/repository/com/google/code/findbugs/jsr305/3.0.0/jsr305-3.0.0.jar:/home/user/.m2/repository/org/apache/htrace/htrace-core4/4.1.0-incubating/htrace-core4-4.1.0-incubating.jar:/home/user/.m2/repository/org/apache/zookeeper/zookeeper/3.4.13/zookeeper-3.4.13.jar:/home/user/.m2/repository/org/apache/yetus/audience-annotations/0.5.0/audience-annotations-0.5.0.jar:/home/user/.m2/repository/org/codehaus/woodstox/stax2-api/3.1.4/stax2-api-3.1.4.jar:/home/user/.m2/repository/com/fasterxml/woodstox/woodstox-core/5.0.3/woodstox-core-5.0.3.jar:/home/user/.m2/repository/dnsjava/dnsjava/2.1.7/dnsjava-2.1.7.jar:/home/user/.m2/repository/org/apache/hadoop/hadoop-hdfs/3.2.0/hadoop-hdfs-3.2.0-tests.jar:/home/user/.m2/repository/org/eclipse/jetty/jetty-util-ajax/9.3.24.v20180605/jetty-util-ajax-9.3.24.v20180605.jar:/home/user/.m2/repository/commons-daemon/commons-daemon/1.0.13/commons-daemon-1.0.13.jar:/home/user/.m2/repository/io/netty/netty/3.10.5.Final/netty-3.10.5.Final.jar:/home/user/.m2/repository/io/netty/netty-all/4.0.52.Final/netty-all-4.0.52.Final.jar:/home/user/.m2/repository/org/fusesource/leveldbjni/leveldbjni-all/1.8/leveldbjni-all-1.8.jar:"/>
    <property name="sun.cpu.endian" value="little"/>
    <property name="user.home" value="/home/user"/>
    <property name="user.language" value="en"/>
    <property name="java.specification.vendor" value="Oracle Corporation"/>
    <property name="java.home" value="/usr/lib/jvm/java-1.8-openjdk/jre"/>
    <property name="java.security.krb5.conf" value="/workdir/hadoop-ozone/integration-test/target/test-classes/krb5.conf"/>
    <property name="basedir" value="/workdir/hadoop-ozone/integration-test"/>
    <property name="file.separator" value="/"/>
    <property name="line.separator" value="&#10;"/>
    <property name="java.vm.specification.vendor" value="Oracle Corporation"/>
    <property name="java.specification.name" value="Java Platform API Specification"/>
    <property name="java.awt.graphicsenv" value="sun.awt.X11GraphicsEnvironment"/>
    <property name="surefire.real.class.path" value="/workdir/hadoop-ozone/integration-test/target/surefire/surefirebooter7642130881972555452.jar"/>
    <property name="hadoop.log.dir" value="/workdir/hadoop-ozone/integration-test/target/log"/>
    <property name="sun.boot.class.path" value="/usr/lib/jvm/java-1.8-openjdk/jre/lib/resources.jar:/usr/lib/jvm/java-1.8-openjdk/jre/lib/rt.jar:/usr/lib/jvm/java-1.8-openjdk/jre/lib/sunrsasign.jar:/usr/lib/jvm/java-1.8-openjdk/jre/lib/jsse.jar:/usr/lib/jvm/java-1.8-openjdk/jre/lib/jce.jar:/usr/lib/jvm/java-1.8-openjdk/jre/lib/charsets.jar:/usr/lib/jvm/java-1.8-openjdk/jre/lib/jfr.jar:/usr/lib/jvm/java-1.8-openjdk/jre/classes"/>
    <property name="sun.management.compiler" value="HotSpot 64-Bit Tiered Compilers"/>
    <property name="java.runtime.version" value="1.8.0_212-b04"/>
    <property name="java.net.preferIPv4Stack" value="true"/>
    <property name="user.name" value="jenkins1000"/>
    <property name="path.separator" value=":"/>
    <property name="java.security.egd" value="file:///dev/urandom"/>
    <property name="os.version" value="3.10.0-957.12.2.el7.x86_64"/>
    <property name="java.endorsed.dirs" value="/usr/lib/jvm/java-1.8-openjdk/jre/lib/endorsed"/>
    <property name="java.runtime.name" value="OpenJDK Runtime Environment"/>
    <property name="file.encoding" value="UTF-8"/>
    <property name="java.vm.name" value="OpenJDK 64-Bit Server VM"/>
    <property name="test.build.webapps" value=""/>
    <property name="localRepository" value="/home/user/.m2/repository"/>
    <property name="java.vendor.url.bug" value="https://icedtea.classpath.org/bugzilla"/>
    <property name="java.io.tmpdir" value="/tmp"/>
    <property name="require.test.libhadoop" value=""/>
    <property name="java.version" value="1.8.0_212"/>
    <property name="user.dir" value="/workdir/hadoop-ozone/integration-test"/>
    <property name="os.arch" value="amd64"/>
    <property name="java.vm.specification.name" value="Java Virtual Machine Specification"/>
    <property name="test.build.classes" value="/workdir/hadoop-ozone/integration-test/target/test-classes"/>
    <property name="java.awt.printerjob" value="sun.print.PSPrinterJob"/>
    <property name="sun.os.patch.level" value="unknown"/>
    <property name="hadoop.tmp.dir" value="/workdir/hadoop-ozone/integration-test/target/tmp"/>
    <property name="java.library.path" value="/usr/lib/jvm/java-1.8-openjdk/jre/lib/amd64/server:/usr/lib/jvm/java-1.8-openjdk/jre/lib/amd64:/usr/lib/jvm/java-1.8-openjdk/jre/../lib/amd64:/workdir/hadoop-ozone/integration-test/target/native/target/usr/local/lib:/workdir/hadoop-ozone/integration-test/../../hadoop-common-project/hadoop-common/target/native/target/usr/local/lib:/usr/java/packages/lib/amd64:/usr/lib64:/lib64:/lib:/usr/lib"/>
    <property name="java.vm.info" value="mixed mode"/>
    <property name="java.vendor" value="IcedTea"/>
    <property name="java.vm.version" value="25.212-b04"/>
    <property name="java.ext.dirs" value="/usr/lib/jvm/java-1.8-openjdk/jre/lib/ext:/usr/java/packages/lib/ext"/>
    <property name="sun.io.unicode.encoding" value="UnicodeLittle"/>
    <property name="java.class.version" value="52.0"/>
  </properties>
  <testcase name="test2DatanodesFailure" classname="org.apache.hadoop.ozone.client.rpc.TestBlockOutputStreamWithFailures" time="46.454"/>
  <testcase name="testDatanodeFailureWithPreAllocation" classname="org.apache.hadoop.ozone.client.rpc.TestBlockOutputStreamWithFailures" time="226.507"/>
  <testcase name="testDatanodeFailureWithSingleNodeRatis" classname="org.apache.hadoop.ozone.client.rpc.TestBlockOutputStreamWithFailures" time="224.867"/>
  <testcase name="testWatchForCommitWithSingleNodeRatis" classname="org.apache.hadoop.ozone.client.rpc.TestBlockOutputStreamWithFailures" time="34.361"/>
  <testcase name="testWatchForCommitDatanodeFailure" classname="org.apache.hadoop.ozone.client.rpc.TestBlockOutputStreamWithFailures" time="34.826">
    <failure message="expected:&lt;2&gt; but was:&lt;3&gt;" type="java.lang.AssertionError"><![CDATA[java.lang.AssertionError: expected:<2> but was:<3>
	at org.junit.Assert.fail(Assert.java:88)
	at org.junit.Assert.failNotEquals(Assert.java:743)
	at org.junit.Assert.assertEquals(Assert.java:118)
	at org.junit.Assert.assertEquals(Assert.java:555)
	at org.junit.Assert.assertEquals(Assert.java:542)
	at org.apache.hadoop.ozone.client.rpc.TestBlockOutputStreamWithFailures.testWatchForCommitDatanodeFailure(TestBlockOutputStreamWithFailures.java:366)
	at sun.reflect.NativeMethodAccessorImpl.invoke0(Native Method)
	at sun.reflect.NativeMethodAccessorImpl.invoke(NativeMethodAccessorImpl.java:62)
	at sun.reflect.DelegatingMethodAccessorImpl.invoke(DelegatingMethodAccessorImpl.java:43)
	at java.lang.reflect.Method.invoke(Method.java:498)
	at org.junit.runners.model.FrameworkMethod$1.runReflectiveCall(FrameworkMethod.java:47)
	at org.junit.internal.runners.model.ReflectiveCallable.run(ReflectiveCallable.java:12)
	at org.junit.runners.model.FrameworkMethod.invokeExplosively(FrameworkMethod.java:44)
	at org.junit.internal.runners.statements.InvokeMethod.evaluate(InvokeMethod.java:17)
	at org.junit.internal.runners.statements.RunBefores.evaluate(RunBefores.java:26)
	at org.junit.internal.runners.statements.RunAfters.evaluate(RunAfters.java:27)
	at org.junit.runners.ParentRunner.runLeaf(ParentRunner.java:271)
	at org.junit.runners.BlockJUnit4ClassRunner.runChild(BlockJUnit4ClassRunner.java:70)
	at org.junit.runners.BlockJUnit4ClassRunner.runChild(BlockJUnit4ClassRunner.java:50)
	at org.junit.runners.ParentRunner$3.run(ParentRunner.java:238)
	at org.junit.runners.ParentRunner$1.schedule(ParentRunner.java:63)
	at org.junit.runners.ParentRunner.runChildren(ParentRunner.java:236)
	at org.junit.runners.ParentRunner.access$000(ParentRunner.java:53)
	at org.junit.runners.ParentRunner$2.evaluate(ParentRunner.java:229)
	at org.junit.runners.ParentRunner.run(ParentRunner.java:309)
	at org.apache.maven.surefire.junit4.JUnit4Provider.execute(JUnit4Provider.java:365)
	at org.apache.maven.surefire.junit4.JUnit4Provider.executeWithRerun(JUnit4Provider.java:273)
	at org.apache.maven.surefire.junit4.JUnit4Provider.executeTestSet(JUnit4Provider.java:238)
	at org.apache.maven.surefire.junit4.JUnit4Provider.invoke(JUnit4Provider.java:159)
	at org.apache.maven.surefire.booter.ForkedBooter.invokeProviderInSameClassLoader(ForkedBooter.java:384)
	at org.apache.maven.surefire.booter.ForkedBooter.runSuitesInProcess(ForkedBooter.java:345)
	at org.apache.maven.surefire.booter.ForkedBooter.execute(ForkedBooter.java:126)
	at org.apache.maven.surefire.booter.ForkedBooter.main(ForkedBooter.java:418)
]]></failure>
    <system-out><![CDATA[2019-08-23 17:14:25,624 [main] WARN  server.ServerUtils (ServerUtils.java:getScmDbDir(145)) - ozone.scm.db.dirs is not configured. We recommend adding this setting. Falling back to ozone.metadata.dirs instead.
2019-08-23 17:14:25,650 [main] WARN  server.ServerUtils (ServerUtils.java:getScmDbDir(145)) - ozone.scm.db.dirs is not configured. We recommend adding this setting. Falling back to ozone.metadata.dirs instead.
2019-08-23 17:14:25,650 [main] WARN  server.ServerUtils (ServerUtils.java:getScmDbDir(145)) - ozone.scm.db.dirs is not configured. We recommend adding this setting. Falling back to ozone.metadata.dirs instead.
2019-08-23 17:14:25,651 [main] INFO  db.DBStoreBuilder (DBStoreBuilder.java:addTable(110)) - using custom profile for table: deletedBlocks
2019-08-23 17:14:25,651 [main] INFO  db.DBStoreBuilder (DBStoreBuilder.java:processTables(161)) - Using default column profile:DBProfile.DISK for Table:deletedBlocks
2019-08-23 17:14:25,651 [main] INFO  db.DBStoreBuilder (DBStoreBuilder.java:addTable(110)) - using custom profile for table: validCerts
2019-08-23 17:14:25,651 [main] INFO  db.DBStoreBuilder (DBStoreBuilder.java:processTables(161)) - Using default column profile:DBProfile.DISK for Table:validCerts
2019-08-23 17:14:25,651 [main] INFO  db.DBStoreBuilder (DBStoreBuilder.java:addTable(110)) - using custom profile for table: revokedCerts
2019-08-23 17:14:25,652 [main] INFO  db.DBStoreBuilder (DBStoreBuilder.java:processTables(161)) - Using default column profile:DBProfile.DISK for Table:revokedCerts
2019-08-23 17:14:25,652 [main] INFO  db.DBStoreBuilder (DBStoreBuilder.java:addTable(110)) - using custom profile for table: default
2019-08-23 17:14:25,652 [main] INFO  db.DBStoreBuilder (DBStoreBuilder.java:processTables(167)) - Using default column profile:DBProfile.DISK for Table:default
2019-08-23 17:14:25,652 [main] INFO  db.DBStoreBuilder (DBStoreBuilder.java:getDbProfile(198)) - Using default options. DBProfile.DISK
2019-08-23 17:14:25,793 [main] INFO  net.NodeSchemaLoader (NodeSchemaLoader.java:loadSchemaFromFile(125)) - Loading file from sun.misc.CompoundEnumeration@c50d1b2
2019-08-23 17:14:25,793 [main] INFO  net.NodeSchemaLoader (NodeSchemaLoader.java:loadSchema(171)) - Loading network topology layer schema file
2019-08-23 17:14:25,797 [main] INFO  node.SCMNodeManager (SCMNodeManager.java:<init>(121)) - Entering startup safe mode.
2019-08-23 17:14:25,797 [main] INFO  algorithms.ContainerPlacementPolicyFactory (ContainerPlacementPolicyFactory.java:getPolicy(55)) - Create container placement policy of type org.apache.hadoop.hdds.scm.container.placement.algorithms.SCMContainerPlacementRandom
2019-08-23 17:14:25,797 [main] WARN  server.ServerUtils (ServerUtils.java:getScmDbDir(145)) - ozone.scm.db.dirs is not configured. We recommend adding this setting. Falling back to ozone.metadata.dirs instead.
2019-08-23 17:14:25,843 [main] INFO  pipeline.SCMPipelineManager (SCMPipelineManager.java:initializePipelineState(126)) - No pipeline exists in current db
2019-08-23 17:14:25,843 [main] WARN  server.ServerUtils (ServerUtils.java:getScmDbDir(145)) - ozone.scm.db.dirs is not configured. We recommend adding this setting. Falling back to ozone.metadata.dirs instead.
2019-08-23 17:14:25,864 [main] WARN  events.EventQueue (EventQueue.java:fireEvent(175)) - No event handler registered for event TypedEvent{payloadType=SafeModeStatus, name='SafeModeStatus'}
2019-08-23 17:14:25,865 [main] INFO  ipc.CallQueueManager (CallQueueManager.java:<init>(84)) - Using callQueue: class java.util.concurrent.LinkedBlockingQueue, queueCapacity: 2000, scheduler: class org.apache.hadoop.ipc.DefaultRpcScheduler, ipcBackoff: false.
2019-08-23 17:14:25,866 [Socket Reader #1 for port 36582] INFO  ipc.Server (Server.java:run(1074)) - Starting Socket Reader #1 for port 36582
2019-08-23 17:14:25,867 [main] INFO  ipc.CallQueueManager (CallQueueManager.java:<init>(84)) - Using callQueue: class java.util.concurrent.LinkedBlockingQueue, queueCapacity: 2000, scheduler: class org.apache.hadoop.ipc.DefaultRpcScheduler, ipcBackoff: false.
2019-08-23 17:14:25,868 [Socket Reader #1 for port 34851] INFO  ipc.Server (Server.java:run(1074)) - Starting Socket Reader #1 for port 34851
2019-08-23 17:14:25,869 [main] INFO  ipc.CallQueueManager (CallQueueManager.java:<init>(84)) - Using callQueue: class java.util.concurrent.LinkedBlockingQueue, queueCapacity: 2000, scheduler: class org.apache.hadoop.ipc.DefaultRpcScheduler, ipcBackoff: false.
2019-08-23 17:14:25,870 [Socket Reader #1 for port 41871] INFO  ipc.Server (Server.java:run(1074)) - Starting Socket Reader #1 for port 41871
2019-08-23 17:14:25,872 [main] INFO  hdfs.DFSUtil (DFSUtil.java:httpServerTemplateForNNAndJN(1641)) - Starting Web-server for scm at: http://0.0.0.0:0
2019-08-23 17:14:25,874 [main] INFO  server.AuthenticationFilter (AuthenticationFilter.java:constructSecretProvider(240)) - Unable to initialize FileSignerSecretProvider, falling back to use random secrets.
2019-08-23 17:14:25,875 [main] WARN  http.HttpRequestLog (HttpRequestLog.java:getRequestLog(97)) - Jetty request log can only be enabled using Log4j
2019-08-23 17:14:25,877 [main] INFO  http.HttpServer2 (HttpServer2.java:addGlobalFilter(975)) - Added global filter 'safety' (class=org.apache.hadoop.http.HttpServer2$QuotingInputFilter)
2019-08-23 17:14:25,878 [main] INFO  http.HttpServer2 (HttpServer2.java:addFilter(948)) - Added filter static_user_filter (class=org.apache.hadoop.http.lib.StaticUserWebFilter$StaticUserFilter) to context scm
2019-08-23 17:14:25,878 [main] INFO  http.HttpServer2 (HttpServer2.java:addFilter(958)) - Added filter static_user_filter (class=org.apache.hadoop.http.lib.StaticUserWebFilter$StaticUserFilter) to context logs
2019-08-23 17:14:25,879 [main] INFO  http.HttpServer2 (HttpServer2.java:addFilter(958)) - Added filter static_user_filter (class=org.apache.hadoop.http.lib.StaticUserWebFilter$StaticUserFilter) to context static
2019-08-23 17:14:25,881 [main] INFO  server.StorageContainerManager (StorageContainerManager.java:start(759)) - StorageContainerLocationProtocol RPC server is listening at /0.0.0.0:41871
2019-08-23 17:14:25,884 [main] WARN  impl.MetricsConfig (MetricsConfig.java:loadFirst(134)) - Cannot locate configuration: tried hadoop-metrics2-storagecontainermanager.properties,hadoop-metrics2.properties
2019-08-23 17:14:25,885 [main] INFO  impl.MetricsSystemImpl (MetricsSystemImpl.java:startTimer(374)) - Scheduled Metric snapshot period at 10 second(s).
2019-08-23 17:14:25,885 [main] INFO  impl.MetricsSystemImpl (MetricsSystemImpl.java:start(191)) - StorageContainerManager metrics system started
2019-08-23 17:14:25,981 [main] INFO  server.SCMClientProtocolServer (SCMClientProtocolServer.java:start(151)) - RPC server for Client  is listening at /0.0.0.0:41871
2019-08-23 17:14:25,982 [IPC Server Responder] INFO  ipc.Server (Server.java:run(1314)) - IPC Server Responder: starting
2019-08-23 17:14:25,982 [IPC Server listener on 41871] INFO  ipc.Server (Server.java:run(1153)) - IPC Server listener on 41871: starting
2019-08-23 17:14:25,985 [main] INFO  server.StorageContainerManager (StorageContainerManager.java:start(769)) - ScmBlockLocationProtocol RPC server is listening at /0.0.0.0:34851
2019-08-23 17:14:25,985 [main] INFO  server.SCMBlockProtocolServer (SCMBlockProtocolServer.java:start(140)) - RPC server for Block Protocol is listening at /0.0.0.0:34851
2019-08-23 17:14:25,986 [IPC Server Responder] INFO  ipc.Server (Server.java:run(1314)) - IPC Server Responder: starting
2019-08-23 17:14:25,986 [IPC Server listener on 34851] INFO  ipc.Server (Server.java:run(1153)) - IPC Server listener on 34851: starting
2019-08-23 17:14:25,989 [main] INFO  server.StorageContainerManager (StorageContainerManager.java:start(773)) - ScmDatanodeProtocl RPC server is listening at /0.0.0.0:36582
2019-08-23 17:14:25,989 [main] INFO  server.SCMDatanodeProtocolServer (SCMDatanodeProtocolServer.java:start(191)) - RPC server for DataNodes is listening at /0.0.0.0:36582
2019-08-23 17:14:25,990 [IPC Server Responder] INFO  ipc.Server (Server.java:run(1314)) - IPC Server Responder: starting
2019-08-23 17:14:25,990 [IPC Server listener on 36582] INFO  ipc.Server (Server.java:run(1153)) - IPC Server listener on 36582: starting
2019-08-23 17:14:25,993 [main] INFO  http.HttpServer2 (HttpServer2.java:bindListener(1191)) - Jetty bound to port 45348
2019-08-23 17:14:25,993 [main] INFO  server.Server (Server.java:doStart(351)) - jetty-9.3.24.v20180605, build timestamp: 2018-06-05T17:11:56Z, git hash: 84205aa28f11a4f31f2a3b86d1bba2cc8ab69827
2019-08-23 17:14:25,995 [main] INFO  handler.ContextHandler (ContextHandler.java:doStart(781)) - Started o.e.j.s.ServletContextHandler@d640fe6{/logs,file:///workdir/hadoop-ozone/integration-test/target/log,AVAILABLE}
2019-08-23 17:14:25,995 [main] INFO  handler.ContextHandler (ContextHandler.java:doStart(781)) - Started o.e.j.s.ServletContextHandler@44f6ac4f{/static,file:///workdir/hadoop-ozone/integration-test/target/test-classes/webapps/static,AVAILABLE}
2019-08-23 17:14:25,999 [main] INFO  handler.ContextHandler (ContextHandler.java:doStart(781)) - Started o.e.j.w.WebAppContext@2aadeb31{/,file:///workdir/hadoop-ozone/integration-test/target/test-classes/webapps/scm/,AVAILABLE}{/scm}
2019-08-23 17:14:25,999 [main] INFO  server.AbstractConnector (AbstractConnector.java:doStart(278)) - Started ServerConnector@704ddfad{HTTP/1.1,[http/1.1]}{0.0.0.0:45348}
2019-08-23 17:14:26,000 [main] INFO  server.Server (Server.java:doStart(419)) - Started @533189ms
2019-08-23 17:14:26,001 [main] INFO  server.BaseHttpServer (BaseHttpServer.java:updateConnectorAddress(213)) - HTTP server of SCM is listening at http://0.0.0.0:45348
2019-08-23 17:14:26,002 [main] WARN  server.ServerUtils (ServerUtils.java:getDBPath(222)) - ozone.om.db.dirs is not configured. We recommend adding this setting. Falling back to ozone.metadata.dirs instead.
2019-08-23 17:14:26,002 [org.apache.hadoop.util.JvmPauseMonitor$Monitor@3ed4c822] INFO  util.JvmPauseMonitor (JvmPauseMonitor.java:run(188)) - Starting JVM pause monitor
2019-08-23 17:14:26,016 [main] WARN  server.ServerUtils (ServerUtils.java:getDBPath(222)) - ozone.om.db.dirs is not configured. We recommend adding this setting. Falling back to ozone.metadata.dirs instead.
2019-08-23 17:14:26,017 [main] WARN  server.ServerUtils (ServerUtils.java:getDBPath(222)) - ozone.om.db.dirs is not configured. We recommend adding this setting. Falling back to ozone.metadata.dirs instead.
2019-08-23 17:14:26,017 [main] INFO  om.OzoneManager (OzoneManager.java:setOMNodeDetails(648)) - OM Service ID is not set. Setting it to the default ID: omServiceIdDefault
2019-08-23 17:14:26,017 [main] INFO  om.OzoneManager (OzoneManager.java:setOMNodeDetails(654)) - OM Node ID is not set. Setting it to the OmStorage's OmID: 9bc91683-3c15-4a9f-9571-00112d1bb9ef
2019-08-23 17:14:26,017 [main] INFO  om.OzoneManager (OzoneManager.java:loadOMHAConfigs(605)) - Found matching OM address with OMServiceId: null, OMNodeId: null, RPC Address: localhost:0 and Ratis port: 9872
2019-08-23 17:14:26,021 | INFO  | SCMAudit | user=jenkins1000 | ip=192.168.34.23 | op=GET_SCM_INFO null | ret=SUCCESS |  
2019-08-23 17:14:26,022 [main] WARN  server.ServerUtils (ServerUtils.java:getDBPath(222)) - ozone.om.db.dirs is not configured. We recommend adding this setting. Falling back to ozone.metadata.dirs instead.
2019-08-23 17:14:26,023 [main] INFO  db.DBStoreBuilder (DBStoreBuilder.java:addTable(110)) - using custom profile for table: userTable
2019-08-23 17:14:26,023 [main] INFO  db.DBStoreBuilder (DBStoreBuilder.java:processTables(161)) - Using default column profile:DBProfile.DISK for Table:userTable
2019-08-23 17:14:26,023 [main] INFO  db.DBStoreBuilder (DBStoreBuilder.java:addTable(110)) - using custom profile for table: volumeTable
2019-08-23 17:14:26,023 [main] INFO  db.DBStoreBuilder (DBStoreBuilder.java:processTables(161)) - Using default column profile:DBProfile.DISK for Table:volumeTable
2019-08-23 17:14:26,023 [main] INFO  db.DBStoreBuilder (DBStoreBuilder.java:addTable(110)) - using custom profile for table: bucketTable
2019-08-23 17:14:26,023 [main] INFO  db.DBStoreBuilder (DBStoreBuilder.java:processTables(161)) - Using default column profile:DBProfile.DISK for Table:bucketTable
2019-08-23 17:14:26,024 [main] INFO  db.DBStoreBuilder (DBStoreBuilder.java:addTable(110)) - using custom profile for table: keyTable
2019-08-23 17:14:26,024 [main] INFO  db.DBStoreBuilder (DBStoreBuilder.java:processTables(161)) - Using default column profile:DBProfile.DISK for Table:keyTable
2019-08-23 17:14:26,024 [main] INFO  db.DBStoreBuilder (DBStoreBuilder.java:addTable(110)) - using custom profile for table: deletedTable
2019-08-23 17:14:26,024 [main] INFO  db.DBStoreBuilder (DBStoreBuilder.java:processTables(161)) - Using default column profile:DBProfile.DISK for Table:deletedTable
2019-08-23 17:14:26,024 [main] INFO  db.DBStoreBuilder (DBStoreBuilder.java:addTable(110)) - using custom profile for table: openKeyTable
2019-08-23 17:14:26,024 [main] INFO  db.DBStoreBuilder (DBStoreBuilder.java:processTables(161)) - Using default column profile:DBProfile.DISK for Table:openKeyTable
2019-08-23 17:14:26,025 [main] INFO  db.DBStoreBuilder (DBStoreBuilder.java:addTable(110)) - using custom profile for table: s3Table
2019-08-23 17:14:26,025 [main] INFO  db.DBStoreBuilder (DBStoreBuilder.java:processTables(161)) - Using default column profile:DBProfile.DISK for Table:s3Table
2019-08-23 17:14:26,025 [main] INFO  db.DBStoreBuilder (DBStoreBuilder.java:addTable(110)) - using custom profile for table: multipartInfoTable
2019-08-23 17:14:26,025 [main] INFO  db.DBStoreBuilder (DBStoreBuilder.java:processTables(161)) - Using default column profile:DBProfile.DISK for Table:multipartInfoTable
2019-08-23 17:14:26,025 [main] INFO  db.DBStoreBuilder (DBStoreBuilder.java:addTable(110)) - using custom profile for table: dTokenTable
2019-08-23 17:14:26,025 [main] INFO  db.DBStoreBuilder (DBStoreBuilder.java:processTables(161)) - Using default column profile:DBProfile.DISK for Table:dTokenTable
2019-08-23 17:14:26,025 [main] INFO  db.DBStoreBuilder (DBStoreBuilder.java:addTable(110)) - using custom profile for table: s3SecretTable
2019-08-23 17:14:26,026 [main] INFO  db.DBStoreBuilder (DBStoreBuilder.java:processTables(161)) - Using default column profile:DBProfile.DISK for Table:s3SecretTable
2019-08-23 17:14:26,026 [main] INFO  db.DBStoreBuilder (DBStoreBuilder.java:addTable(110)) - using custom profile for table: prefixTable
2019-08-23 17:14:26,026 [main] INFO  db.DBStoreBuilder (DBStoreBuilder.java:processTables(161)) - Using default column profile:DBProfile.DISK for Table:prefixTable
2019-08-23 17:14:26,026 [main] INFO  db.DBStoreBuilder (DBStoreBuilder.java:addTable(110)) - using custom profile for table: default
2019-08-23 17:14:26,026 [main] INFO  db.DBStoreBuilder (DBStoreBuilder.java:processTables(167)) - Using default column profile:DBProfile.DISK for Table:default
2019-08-23 17:14:26,026 [main] INFO  db.DBStoreBuilder (DBStoreBuilder.java:getDbProfile(198)) - Using default options. DBProfile.DISK
2019-08-23 17:14:26,415 [main] INFO  ipc.CallQueueManager (CallQueueManager.java:<init>(84)) - Using callQueue: class java.util.concurrent.LinkedBlockingQueue, queueCapacity: 2000, scheduler: class org.apache.hadoop.ipc.DefaultRpcScheduler, ipcBackoff: false.
2019-08-23 17:14:26,416 [Socket Reader #1 for port 40863] INFO  ipc.Server (Server.java:run(1074)) - Starting Socket Reader #1 for port 40863
2019-08-23 17:14:26,432 [main] INFO  om.OzoneManager (OzoneManager.java:start(1259)) - OzoneManager RPC server is listening at localhost/127.0.0.1:40863
2019-08-23 17:14:26,432 [main] INFO  impl.MetricsSystemImpl (MetricsSystemImpl.java:init(158)) - OzoneManager metrics system started (again)
2019-08-23 17:14:26,433 [IPC Server Responder] INFO  ipc.Server (Server.java:run(1314)) - IPC Server Responder: starting
2019-08-23 17:14:26,433 [IPC Server listener on 40863] INFO  ipc.Server (Server.java:run(1153)) - IPC Server listener on 40863: starting
2019-08-23 17:14:26,439 [main] INFO  hdfs.DFSUtil (DFSUtil.java:httpServerTemplateForNNAndJN(1641)) - Starting Web-server for ozoneManager at: http://0.0.0.0:0
2019-08-23 17:14:26,440 [main] INFO  server.AuthenticationFilter (AuthenticationFilter.java:constructSecretProvider(240)) - Unable to initialize FileSignerSecretProvider, falling back to use random secrets.
2019-08-23 17:14:26,441 [main] WARN  http.HttpRequestLog (HttpRequestLog.java:getRequestLog(97)) - Jetty request log can only be enabled using Log4j
2019-08-23 17:14:26,443 [main] INFO  http.HttpServer2 (HttpServer2.java:addGlobalFilter(975)) - Added global filter 'safety' (class=org.apache.hadoop.http.HttpServer2$QuotingInputFilter)
2019-08-23 17:14:26,443 [main] INFO  http.HttpServer2 (HttpServer2.java:addFilter(948)) - Added filter static_user_filter (class=org.apache.hadoop.http.lib.StaticUserWebFilter$StaticUserFilter) to context ozoneManager
2019-08-23 17:14:26,443 [main] INFO  http.HttpServer2 (HttpServer2.java:addFilter(958)) - Added filter static_user_filter (class=org.apache.hadoop.http.lib.StaticUserWebFilter$StaticUserFilter) to context static
2019-08-23 17:14:26,443 [main] INFO  http.HttpServer2 (HttpServer2.java:addFilter(958)) - Added filter static_user_filter (class=org.apache.hadoop.http.lib.StaticUserWebFilter$StaticUserFilter) to context logs
2019-08-23 17:14:26,444 [main] INFO  http.HttpServer2 (HttpServer2.java:bindListener(1191)) - Jetty bound to port 36568
2019-08-23 17:14:26,444 [main] INFO  server.Server (Server.java:doStart(351)) - jetty-9.3.24.v20180605, build timestamp: 2018-06-05T17:11:56Z, git hash: 84205aa28f11a4f31f2a3b86d1bba2cc8ab69827
2019-08-23 17:14:26,446 [main] INFO  handler.ContextHandler (ContextHandler.java:doStart(781)) - Started o.e.j.s.ServletContextHandler@25c756f0{/logs,file:///workdir/hadoop-ozone/integration-test/target/log,AVAILABLE}
2019-08-23 17:14:26,447 [main] INFO  handler.ContextHandler (ContextHandler.java:doStart(781)) - Started o.e.j.s.ServletContextHandler@18206382{/static,file:///workdir/hadoop-ozone/integration-test/target/test-classes/webapps/static,AVAILABLE}
2019-08-23 17:14:26,541 [main] INFO  handler.ContextHandler (ContextHandler.java:doStart(781)) - Started o.e.j.w.WebAppContext@64455184{/,file:///workdir/hadoop-ozone/integration-test/target/test-classes/webapps/ozoneManager/,AVAILABLE}{/ozoneManager}
2019-08-23 17:14:26,542 [main] INFO  server.AbstractConnector (AbstractConnector.java:doStart(278)) - Started ServerConnector@6f749a1f{HTTP/1.1,[http/1.1]}{0.0.0.0:36568}
2019-08-23 17:14:26,543 [main] INFO  server.Server (Server.java:doStart(419)) - Started @533732ms
2019-08-23 17:14:26,544 [main] INFO  server.BaseHttpServer (BaseHttpServer.java:updateConnectorAddress(213)) - HTTP server of OZONEMANAGER is listening at http://0.0.0.0:36568
2019-08-23 17:14:26,563 [main] INFO  impl.MetricsSystemImpl (MetricsSystemImpl.java:init(158)) - HddsDatanode metrics system started (again)
2019-08-23 17:14:26,566 [main] INFO  ozone.HddsDatanodeService (HddsDatanodeService.java:start(184)) - HddsDatanodeService host:pr-hdds-1982-decom-states-s47vm-2072066488 ip:192.168.34.23
2019-08-23 17:14:26,578 [main] INFO  volume.HddsVolume (HddsVolume.java:<init>(176)) - Creating Volume: /workdir/hadoop-ozone/integration-test/target/test-dir/MiniOzoneClusterImpl-49991279-2dcc-4eb0-83dc-ab14c407d015/datanode-0/data/containers/hdds of  storage type : DISK and capacity : 1482555576320
2019-08-23 17:14:26,578 [main] INFO  volume.VolumeSet (VolumeSet.java:initializeVolumeSet(170)) - Added Volume : /workdir/hadoop-ozone/integration-test/target/test-dir/MiniOzoneClusterImpl-49991279-2dcc-4eb0-83dc-ab14c407d015/datanode-0/data/containers/hdds to VolumeSet
2019-08-23 17:14:26,579 [main] INFO  volume.ThrottledAsyncChecker (ThrottledAsyncChecker.java:schedule(140)) - Scheduling a check for org.apache.hadoop.ozone.container.common.volume.HddsVolume@3393aa46
2019-08-23 17:14:26,579 [main] INFO  volume.HddsVolumeChecker (HddsVolumeChecker.java:checkAllVolumes(203)) - Scheduled health check for volume org.apache.hadoop.ozone.container.common.volume.HddsVolume@3393aa46
2019-08-23 17:14:26,596 [main] INFO  impl.RaftServerProxy (ConfUtils.java:logGet(43)) - raft.rpc.type = GRPC (default)
2019-08-23 17:14:26,596 [main] INFO  grpc.GrpcFactory (GrpcFactory.java:checkPooledByteBufAllocatorUseCacheForAllThreads(45)) - PERFORMANCE WARNING: useCacheForAllThreads is true that may cause Netty to create a lot garbage objects and, as a result, trigger GC.
	It is recommended to disable useCacheForAllThreads by setting -Dorg.apache.ratis.thirdparty.io.netty.allocator.useCacheForAllThreads=false in command line.
2019-08-23 17:14:26,597 [main] INFO  grpc.GrpcConfigKeys$Server (ConfUtils.java:logGet(43)) - raft.grpc.server.port = 0 (default)
2019-08-23 17:14:26,597 [main] INFO  server.GrpcService (ConfUtils.java:logGet(43)) - raft.grpc.message.size.max = 33570816 (custom)
2019-08-23 17:14:26,597 [main] INFO  server.RaftServerConfigKeys (ConfUtils.java:logGet(43)) - raft.server.log.appender.buffer.byte-limit = 33554432 (custom)
2019-08-23 17:14:26,597 [main] INFO  server.GrpcService (ConfUtils.java:logGet(43)) - raft.grpc.flow.control.window = 1MB (=1048576) (default)
2019-08-23 17:14:26,598 [main] INFO  server.RaftServerConfigKeys (ConfUtils.java:logGet(43)) - raft.server.rpc.request.timeout = 3000ms (default)
2019-08-23 17:14:26,598 [main] INFO  server.RaftServerConfigKeys (ConfUtils.java:logGet(43)) - raft.server.storage.dir = [/workdir/hadoop-ozone/integration-test/target/test-dir/MiniOzoneClusterImpl-49991279-2dcc-4eb0-83dc-ab14c407d015/datanode-0/data/ratis] (custom)
2019-08-23 17:14:26,599 [main] INFO  replication.SimpleContainerDownloader (SimpleContainerDownloader.java:<init>(72)) - Starting container downloader service to copy containers to replicate.
2019-08-23 17:14:26,600 [main] INFO  hdfs.DFSUtil (DFSUtil.java:httpServerTemplateForNNAndJN(1641)) - Starting Web-server for hddsDatanode at: http://0.0.0.0:0
2019-08-23 17:14:26,602 [main] INFO  server.AuthenticationFilter (AuthenticationFilter.java:constructSecretProvider(240)) - Unable to initialize FileSignerSecretProvider, falling back to use random secrets.
2019-08-23 17:14:26,602 [main] WARN  http.HttpRequestLog (HttpRequestLog.java:getRequestLog(97)) - Jetty request log can only be enabled using Log4j
2019-08-23 17:14:26,604 [main] INFO  http.HttpServer2 (HttpServer2.java:addGlobalFilter(975)) - Added global filter 'safety' (class=org.apache.hadoop.http.HttpServer2$QuotingInputFilter)
2019-08-23 17:14:26,605 [main] INFO  http.HttpServer2 (HttpServer2.java:addFilter(948)) - Added filter static_user_filter (class=org.apache.hadoop.http.lib.StaticUserWebFilter$StaticUserFilter) to context hddsDatanode
2019-08-23 17:14:26,605 [main] INFO  http.HttpServer2 (HttpServer2.java:addFilter(958)) - Added filter static_user_filter (class=org.apache.hadoop.http.lib.StaticUserWebFilter$StaticUserFilter) to context static
2019-08-23 17:14:26,605 [main] INFO  http.HttpServer2 (HttpServer2.java:addFilter(958)) - Added filter static_user_filter (class=org.apache.hadoop.http.lib.StaticUserWebFilter$StaticUserFilter) to context logs
2019-08-23 17:14:26,606 [main] INFO  http.HttpServer2 (HttpServer2.java:bindListener(1191)) - Jetty bound to port 36286
2019-08-23 17:14:26,606 [main] INFO  server.Server (Server.java:doStart(351)) - jetty-9.3.24.v20180605, build timestamp: 2018-06-05T17:11:56Z, git hash: 84205aa28f11a4f31f2a3b86d1bba2cc8ab69827
2019-08-23 17:14:26,608 [main] INFO  handler.ContextHandler (ContextHandler.java:doStart(781)) - Started o.e.j.s.ServletContextHandler@3582077c{/logs,file:///workdir/hadoop-ozone/integration-test/target/log,AVAILABLE}
2019-08-23 17:14:26,608 [main] INFO  handler.ContextHandler (ContextHandler.java:doStart(781)) - Started o.e.j.s.ServletContextHandler@365fde74{/static,jar:file:/home/user/.m2/repository/org/apache/hadoop/hadoop-hdds-container-service/0.5.0-SNAPSHOT/hadoop-hdds-container-service-0.5.0-SNAPSHOT.jar!/webapps/static,AVAILABLE}
2019-08-23 17:14:26,636 [main] INFO  handler.ContextHandler (ContextHandler.java:doStart(781)) - Started o.e.j.w.WebAppContext@6345dc06{/,file:///tmp/jetty-0.0.0.0-36286-hddsDatanode-_-any-6777119426613133455.dir/webapp/,AVAILABLE}{/hddsDatanode}
2019-08-23 17:14:26,637 [main] INFO  server.AbstractConnector (AbstractConnector.java:doStart(278)) - Started ServerConnector@628d6320{HTTP/1.1,[http/1.1]}{0.0.0.0:36286}
2019-08-23 17:14:26,637 [main] INFO  server.Server (Server.java:doStart(419)) - Started @533826ms
2019-08-23 17:14:26,640 [main] INFO  server.BaseHttpServer (BaseHttpServer.java:updateConnectorAddress(213)) - HTTP server of HDDSDATANODE is listening at http://0.0.0.0:36286
2019-08-23 17:14:26,777 | INFO  | ObjectStoreRestHttpServer | Listening HDDS REST traffic on /0.0.0.0:43164 |  
2019-08-23 17:14:26,777 [main] INFO  ozone.HddsDatanodeService (HddsDatanodeService.java:startPlugins(395)) - Started plug-in org.apache.hadoop.ozone.web.OzoneHddsDatanodeService@118cbb26
2019-08-23 17:14:26,777 [main] INFO  impl.MetricsSystemImpl (MetricsSystemImpl.java:init(158)) - HddsDatanode metrics system started (again)
2019-08-23 17:14:26,780 [main] INFO  ozone.HddsDatanodeService (HddsDatanodeService.java:start(184)) - HddsDatanodeService host:pr-hdds-1982-decom-states-s47vm-2072066488 ip:192.168.34.23
2019-08-23 17:14:26,780 [org.apache.hadoop.util.JvmPauseMonitor$Monitor@d56457b] INFO  util.JvmPauseMonitor (JvmPauseMonitor.java:run(188)) - Starting JVM pause monitor
2019-08-23 17:14:26,782 [Datanode State Machine Thread - 0] INFO  datanode.InitDatanodeState (InitDatanodeState.java:persistContainerDatanodeDetails(140)) - DatanodeDetails is persisted to /workdir/hadoop-ozone/integration-test/target/test-dir/MiniOzoneClusterImpl-49991279-2dcc-4eb0-83dc-ab14c407d015/datanode-0/meta/datanode.id
2019-08-23 17:14:26,789 [main] INFO  volume.HddsVolume (HddsVolume.java:<init>(176)) - Creating Volume: /workdir/hadoop-ozone/integration-test/target/test-dir/MiniOzoneClusterImpl-49991279-2dcc-4eb0-83dc-ab14c407d015/datanode-1/data/containers/hdds of  storage type : DISK and capacity : 1482555576320
2019-08-23 17:14:26,790 [main] INFO  volume.VolumeSet (VolumeSet.java:initializeVolumeSet(170)) - Added Volume : /workdir/hadoop-ozone/integration-test/target/test-dir/MiniOzoneClusterImpl-49991279-2dcc-4eb0-83dc-ab14c407d015/datanode-1/data/containers/hdds to VolumeSet
2019-08-23 17:14:26,790 [main] INFO  volume.ThrottledAsyncChecker (ThrottledAsyncChecker.java:schedule(140)) - Scheduling a check for org.apache.hadoop.ozone.container.common.volume.HddsVolume@4ab1693b
2019-08-23 17:14:26,790 [main] INFO  volume.HddsVolumeChecker (HddsVolumeChecker.java:checkAllVolumes(203)) - Scheduled health check for volume org.apache.hadoop.ozone.container.common.volume.HddsVolume@4ab1693b
2019-08-23 17:14:26,804 [main] INFO  impl.RaftServerProxy (ConfUtils.java:logGet(43)) - raft.rpc.type = GRPC (default)
2019-08-23 17:14:26,804 [main] INFO  grpc.GrpcFactory (GrpcFactory.java:checkPooledByteBufAllocatorUseCacheForAllThreads(45)) - PERFORMANCE WARNING: useCacheForAllThreads is true that may cause Netty to create a lot garbage objects and, as a result, trigger GC.
	It is recommended to disable useCacheForAllThreads by setting -Dorg.apache.ratis.thirdparty.io.netty.allocator.useCacheForAllThreads=false in command line.
2019-08-23 17:14:26,804 [main] INFO  grpc.GrpcConfigKeys$Server (ConfUtils.java:logGet(43)) - raft.grpc.server.port = 0 (default)
2019-08-23 17:14:26,805 [main] INFO  server.GrpcService (ConfUtils.java:logGet(43)) - raft.grpc.message.size.max = 33570816 (custom)
2019-08-23 17:14:26,805 [main] INFO  server.RaftServerConfigKeys (ConfUtils.java:logGet(43)) - raft.server.log.appender.buffer.byte-limit = 33554432 (custom)
2019-08-23 17:14:26,805 [main] INFO  server.GrpcService (ConfUtils.java:logGet(43)) - raft.grpc.flow.control.window = 1MB (=1048576) (default)
2019-08-23 17:14:26,805 [main] INFO  server.RaftServerConfigKeys (ConfUtils.java:logGet(43)) - raft.server.rpc.request.timeout = 3000ms (default)
2019-08-23 17:14:26,806 [main] INFO  server.RaftServerConfigKeys (ConfUtils.java:logGet(43)) - raft.server.storage.dir = [/workdir/hadoop-ozone/integration-test/target/test-dir/MiniOzoneClusterImpl-49991279-2dcc-4eb0-83dc-ab14c407d015/datanode-1/data/ratis] (custom)
2019-08-23 17:14:26,806 [main] INFO  replication.SimpleContainerDownloader (SimpleContainerDownloader.java:<init>(72)) - Starting container downloader service to copy containers to replicate.
2019-08-23 17:14:26,807 [main] INFO  hdfs.DFSUtil (DFSUtil.java:httpServerTemplateForNNAndJN(1641)) - Starting Web-server for hddsDatanode at: http://0.0.0.0:0
2019-08-23 17:14:26,808 [main] INFO  server.AuthenticationFilter (AuthenticationFilter.java:constructSecretProvider(240)) - Unable to initialize FileSignerSecretProvider, falling back to use random secrets.
2019-08-23 17:14:26,808 [main] WARN  http.HttpRequestLog (HttpRequestLog.java:getRequestLog(97)) - Jetty request log can only be enabled using Log4j
2019-08-23 17:14:26,810 [main] INFO  http.HttpServer2 (HttpServer2.java:addGlobalFilter(975)) - Added global filter 'safety' (class=org.apache.hadoop.http.HttpServer2$QuotingInputFilter)
2019-08-23 17:14:26,810 [main] INFO  http.HttpServer2 (HttpServer2.java:addFilter(948)) - Added filter static_user_filter (class=org.apache.hadoop.http.lib.StaticUserWebFilter$StaticUserFilter) to context hddsDatanode
2019-08-23 17:14:26,810 [main] INFO  http.HttpServer2 (HttpServer2.java:addFilter(958)) - Added filter static_user_filter (class=org.apache.hadoop.http.lib.StaticUserWebFilter$StaticUserFilter) to context static
2019-08-23 17:14:26,810 [main] INFO  http.HttpServer2 (HttpServer2.java:addFilter(958)) - Added filter static_user_filter (class=org.apache.hadoop.http.lib.StaticUserWebFilter$StaticUserFilter) to context logs
2019-08-23 17:14:26,811 [main] INFO  http.HttpServer2 (HttpServer2.java:bindListener(1191)) - Jetty bound to port 36560
2019-08-23 17:14:26,811 [main] INFO  server.Server (Server.java:doStart(351)) - jetty-9.3.24.v20180605, build timestamp: 2018-06-05T17:11:56Z, git hash: 84205aa28f11a4f31f2a3b86d1bba2cc8ab69827
2019-08-23 17:14:26,812 [main] INFO  handler.ContextHandler (ContextHandler.java:doStart(781)) - Started o.e.j.s.ServletContextHandler@1f13eabb{/logs,file:///workdir/hadoop-ozone/integration-test/target/log,AVAILABLE}
2019-08-23 17:14:26,813 [main] INFO  handler.ContextHandler (ContextHandler.java:doStart(781)) - Started o.e.j.s.ServletContextHandler@75f579d2{/static,jar:file:/home/user/.m2/repository/org/apache/hadoop/hadoop-hdds-container-service/0.5.0-SNAPSHOT/hadoop-hdds-container-service-0.5.0-SNAPSHOT.jar!/webapps/static,AVAILABLE}
2019-08-23 17:14:26,842 [main] INFO  handler.ContextHandler (ContextHandler.java:doStart(781)) - Started o.e.j.w.WebAppContext@10d8769e{/,file:///tmp/jetty-0.0.0.0-36560-hddsDatanode-_-any-8215934312696078357.dir/webapp/,AVAILABLE}{/hddsDatanode}
2019-08-23 17:14:26,842 [main] INFO  server.AbstractConnector (AbstractConnector.java:doStart(278)) - Started ServerConnector@699fe19f{HTTP/1.1,[http/1.1]}{0.0.0.0:36560}
2019-08-23 17:14:26,844 [main] INFO  server.Server (Server.java:doStart(419)) - Started @534033ms
2019-08-23 17:14:26,845 [main] INFO  server.BaseHttpServer (BaseHttpServer.java:updateConnectorAddress(213)) - HTTP server of HDDSDATANODE is listening at http://0.0.0.0:36560
2019-08-23 17:14:26,990 | INFO  | ObjectStoreRestHttpServer | Listening HDDS REST traffic on /0.0.0.0:45085 |  
2019-08-23 17:14:26,990 [main] INFO  ozone.HddsDatanodeService (HddsDatanodeService.java:startPlugins(395)) - Started plug-in org.apache.hadoop.ozone.web.OzoneHddsDatanodeService@20dfe8b2
2019-08-23 17:14:26,990 [main] INFO  impl.MetricsSystemImpl (MetricsSystemImpl.java:init(158)) - HddsDatanode metrics system started (again)
2019-08-23 17:14:26,993 [org.apache.hadoop.util.JvmPauseMonitor$Monitor@21f17c71] INFO  util.JvmPauseMonitor (JvmPauseMonitor.java:run(188)) - Starting JVM pause monitor
2019-08-23 17:14:26,993 [main] INFO  ozone.HddsDatanodeService (HddsDatanodeService.java:start(184)) - HddsDatanodeService host:pr-hdds-1982-decom-states-s47vm-2072066488 ip:192.168.34.23
2019-08-23 17:14:26,994 [Datanode State Machine Thread - 0] INFO  datanode.InitDatanodeState (InitDatanodeState.java:persistContainerDatanodeDetails(140)) - DatanodeDetails is persisted to /workdir/hadoop-ozone/integration-test/target/test-dir/MiniOzoneClusterImpl-49991279-2dcc-4eb0-83dc-ab14c407d015/datanode-1/meta/datanode.id
2019-08-23 17:14:27,003 [main] INFO  volume.HddsVolume (HddsVolume.java:<init>(176)) - Creating Volume: /workdir/hadoop-ozone/integration-test/target/test-dir/MiniOzoneClusterImpl-49991279-2dcc-4eb0-83dc-ab14c407d015/datanode-2/data/containers/hdds of  storage type : DISK and capacity : 1482555576320
2019-08-23 17:14:27,003 [main] INFO  volume.VolumeSet (VolumeSet.java:initializeVolumeSet(170)) - Added Volume : /workdir/hadoop-ozone/integration-test/target/test-dir/MiniOzoneClusterImpl-49991279-2dcc-4eb0-83dc-ab14c407d015/datanode-2/data/containers/hdds to VolumeSet
2019-08-23 17:14:27,003 [main] INFO  volume.ThrottledAsyncChecker (ThrottledAsyncChecker.java:schedule(140)) - Scheduling a check for org.apache.hadoop.ozone.container.common.volume.HddsVolume@59d8a968
2019-08-23 17:14:27,003 [main] INFO  volume.HddsVolumeChecker (HddsVolumeChecker.java:checkAllVolumes(203)) - Scheduled health check for volume org.apache.hadoop.ozone.container.common.volume.HddsVolume@59d8a968
2019-08-23 17:14:27,017 [main] INFO  impl.RaftServerProxy (ConfUtils.java:logGet(43)) - raft.rpc.type = GRPC (default)
2019-08-23 17:14:27,017 [main] INFO  grpc.GrpcFactory (GrpcFactory.java:checkPooledByteBufAllocatorUseCacheForAllThreads(45)) - PERFORMANCE WARNING: useCacheForAllThreads is true that may cause Netty to create a lot garbage objects and, as a result, trigger GC.
	It is recommended to disable useCacheForAllThreads by setting -Dorg.apache.ratis.thirdparty.io.netty.allocator.useCacheForAllThreads=false in command line.
2019-08-23 17:14:27,018 [main] INFO  grpc.GrpcConfigKeys$Server (ConfUtils.java:logGet(43)) - raft.grpc.server.port = 0 (default)
2019-08-23 17:14:27,018 [main] INFO  server.GrpcService (ConfUtils.java:logGet(43)) - raft.grpc.message.size.max = 33570816 (custom)
2019-08-23 17:14:27,018 [main] INFO  server.RaftServerConfigKeys (ConfUtils.java:logGet(43)) - raft.server.log.appender.buffer.byte-limit = 33554432 (custom)
2019-08-23 17:14:27,018 [main] INFO  server.GrpcService (ConfUtils.java:logGet(43)) - raft.grpc.flow.control.window = 1MB (=1048576) (default)
2019-08-23 17:14:27,018 [main] INFO  server.RaftServerConfigKeys (ConfUtils.java:logGet(43)) - raft.server.rpc.request.timeout = 3000ms (default)
2019-08-23 17:14:27,019 [main] INFO  server.RaftServerConfigKeys (ConfUtils.java:logGet(43)) - raft.server.storage.dir = [/workdir/hadoop-ozone/integration-test/target/test-dir/MiniOzoneClusterImpl-49991279-2dcc-4eb0-83dc-ab14c407d015/datanode-2/data/ratis] (custom)
2019-08-23 17:14:27,019 [main] INFO  replication.SimpleContainerDownloader (SimpleContainerDownloader.java:<init>(72)) - Starting container downloader service to copy containers to replicate.
2019-08-23 17:14:27,020 [main] INFO  hdfs.DFSUtil (DFSUtil.java:httpServerTemplateForNNAndJN(1641)) - Starting Web-server for hddsDatanode at: http://0.0.0.0:0
2019-08-23 17:14:27,021 [main] INFO  server.AuthenticationFilter (AuthenticationFilter.java:constructSecretProvider(240)) - Unable to initialize FileSignerSecretProvider, falling back to use random secrets.
2019-08-23 17:14:27,022 [main] WARN  http.HttpRequestLog (HttpRequestLog.java:getRequestLog(97)) - Jetty request log can only be enabled using Log4j
2019-08-23 17:14:27,023 [main] INFO  http.HttpServer2 (HttpServer2.java:addGlobalFilter(975)) - Added global filter 'safety' (class=org.apache.hadoop.http.HttpServer2$QuotingInputFilter)
2019-08-23 17:14:27,023 [main] INFO  http.HttpServer2 (HttpServer2.java:addFilter(948)) - Added filter static_user_filter (class=org.apache.hadoop.http.lib.StaticUserWebFilter$StaticUserFilter) to context hddsDatanode
2019-08-23 17:14:27,024 [main] INFO  http.HttpServer2 (HttpServer2.java:addFilter(958)) - Added filter static_user_filter (class=org.apache.hadoop.http.lib.StaticUserWebFilter$StaticUserFilter) to context logs
2019-08-23 17:14:27,024 [main] INFO  http.HttpServer2 (HttpServer2.java:addFilter(958)) - Added filter static_user_filter (class=org.apache.hadoop.http.lib.StaticUserWebFilter$StaticUserFilter) to context static
2019-08-23 17:14:27,024 [main] INFO  http.HttpServer2 (HttpServer2.java:bindListener(1191)) - Jetty bound to port 42118
2019-08-23 17:14:27,024 [main] INFO  server.Server (Server.java:doStart(351)) - jetty-9.3.24.v20180605, build timestamp: 2018-06-05T17:11:56Z, git hash: 84205aa28f11a4f31f2a3b86d1bba2cc8ab69827
2019-08-23 17:14:27,026 [main] INFO  handler.ContextHandler (ContextHandler.java:doStart(781)) - Started o.e.j.s.ServletContextHandler@2582e213{/logs,file:///workdir/hadoop-ozone/integration-test/target/log,AVAILABLE}
2019-08-23 17:14:27,026 [main] INFO  handler.ContextHandler (ContextHandler.java:doStart(781)) - Started o.e.j.s.ServletContextHandler@441798ce{/static,jar:file:/home/user/.m2/repository/org/apache/hadoop/hadoop-hdds-container-service/0.5.0-SNAPSHOT/hadoop-hdds-container-service-0.5.0-SNAPSHOT.jar!/webapps/static,AVAILABLE}
2019-08-23 17:14:27,053 [main] INFO  handler.ContextHandler (ContextHandler.java:doStart(781)) - Started o.e.j.w.WebAppContext@d9ff1cd{/,file:///tmp/jetty-0.0.0.0-42118-hddsDatanode-_-any-730246797127772078.dir/webapp/,AVAILABLE}{/hddsDatanode}
2019-08-23 17:14:27,053 [main] INFO  server.AbstractConnector (AbstractConnector.java:doStart(278)) - Started ServerConnector@2c64ee53{HTTP/1.1,[http/1.1]}{0.0.0.0:42118}
2019-08-23 17:14:27,055 [main] INFO  server.Server (Server.java:doStart(419)) - Started @534242ms
2019-08-23 17:14:27,056 [main] INFO  server.BaseHttpServer (BaseHttpServer.java:updateConnectorAddress(213)) - HTTP server of HDDSDATANODE is listening at http://0.0.0.0:42118
2019-08-23 17:14:27,169 | INFO  | ObjectStoreRestHttpServer | Listening HDDS REST traffic on /0.0.0.0:33245 |  
2019-08-23 17:14:27,169 [main] INFO  ozone.HddsDatanodeService (HddsDatanodeService.java:startPlugins(395)) - Started plug-in org.apache.hadoop.ozone.web.OzoneHddsDatanodeService@5292d417
2019-08-23 17:14:27,170 [main] INFO  impl.MetricsSystemImpl (MetricsSystemImpl.java:init(158)) - HddsDatanode metrics system started (again)
2019-08-23 17:14:27,173 [org.apache.hadoop.util.JvmPauseMonitor$Monitor@718940b7] INFO  util.JvmPauseMonitor (JvmPauseMonitor.java:run(188)) - Starting JVM pause monitor
2019-08-23 17:14:27,173 [main] INFO  ozone.HddsDatanodeService (HddsDatanodeService.java:start(184)) - HddsDatanodeService host:pr-hdds-1982-decom-states-s47vm-2072066488 ip:192.168.34.23
2019-08-23 17:14:27,174 [Datanode State Machine Thread - 0] INFO  datanode.InitDatanodeState (InitDatanodeState.java:persistContainerDatanodeDetails(140)) - DatanodeDetails is persisted to /workdir/hadoop-ozone/integration-test/target/test-dir/MiniOzoneClusterImpl-49991279-2dcc-4eb0-83dc-ab14c407d015/datanode-2/meta/datanode.id
2019-08-23 17:14:27,184 [main] INFO  volume.HddsVolume (HddsVolume.java:<init>(176)) - Creating Volume: /workdir/hadoop-ozone/integration-test/target/test-dir/MiniOzoneClusterImpl-49991279-2dcc-4eb0-83dc-ab14c407d015/datanode-3/data/containers/hdds of  storage type : DISK and capacity : 1482555576320
2019-08-23 17:14:27,184 [main] INFO  volume.VolumeSet (VolumeSet.java:initializeVolumeSet(170)) - Added Volume : /workdir/hadoop-ozone/integration-test/target/test-dir/MiniOzoneClusterImpl-49991279-2dcc-4eb0-83dc-ab14c407d015/datanode-3/data/containers/hdds to VolumeSet
2019-08-23 17:14:27,185 [main] INFO  volume.ThrottledAsyncChecker (ThrottledAsyncChecker.java:schedule(140)) - Scheduling a check for org.apache.hadoop.ozone.container.common.volume.HddsVolume@2e8417ea
2019-08-23 17:14:27,185 [main] INFO  volume.HddsVolumeChecker (HddsVolumeChecker.java:checkAllVolumes(203)) - Scheduled health check for volume org.apache.hadoop.ozone.container.common.volume.HddsVolume@2e8417ea
2019-08-23 17:14:27,199 [main] INFO  impl.RaftServerProxy (ConfUtils.java:logGet(43)) - raft.rpc.type = GRPC (default)
2019-08-23 17:14:27,200 [main] INFO  grpc.GrpcFactory (GrpcFactory.java:checkPooledByteBufAllocatorUseCacheForAllThreads(45)) - PERFORMANCE WARNING: useCacheForAllThreads is true that may cause Netty to create a lot garbage objects and, as a result, trigger GC.
	It is recommended to disable useCacheForAllThreads by setting -Dorg.apache.ratis.thirdparty.io.netty.allocator.useCacheForAllThreads=false in command line.
2019-08-23 17:14:27,200 [main] INFO  grpc.GrpcConfigKeys$Server (ConfUtils.java:logGet(43)) - raft.grpc.server.port = 0 (default)
2019-08-23 17:14:27,200 [main] INFO  server.GrpcService (ConfUtils.java:logGet(43)) - raft.grpc.message.size.max = 33570816 (custom)
2019-08-23 17:14:27,200 [main] INFO  server.RaftServerConfigKeys (ConfUtils.java:logGet(43)) - raft.server.log.appender.buffer.byte-limit = 33554432 (custom)
2019-08-23 17:14:27,200 [main] INFO  server.GrpcService (ConfUtils.java:logGet(43)) - raft.grpc.flow.control.window = 1MB (=1048576) (default)
2019-08-23 17:14:27,201 [main] INFO  server.RaftServerConfigKeys (ConfUtils.java:logGet(43)) - raft.server.rpc.request.timeout = 3000ms (default)
2019-08-23 17:14:27,201 [main] INFO  server.RaftServerConfigKeys (ConfUtils.java:logGet(43)) - raft.server.storage.dir = [/workdir/hadoop-ozone/integration-test/target/test-dir/MiniOzoneClusterImpl-49991279-2dcc-4eb0-83dc-ab14c407d015/datanode-3/data/ratis] (custom)
2019-08-23 17:14:27,201 [main] INFO  replication.SimpleContainerDownloader (SimpleContainerDownloader.java:<init>(72)) - Starting container downloader service to copy containers to replicate.
2019-08-23 17:14:27,202 [main] INFO  hdfs.DFSUtil (DFSUtil.java:httpServerTemplateForNNAndJN(1641)) - Starting Web-server for hddsDatanode at: http://0.0.0.0:0
2019-08-23 17:14:27,204 [main] INFO  server.AuthenticationFilter (AuthenticationFilter.java:constructSecretProvider(240)) - Unable to initialize FileSignerSecretProvider, falling back to use random secrets.
2019-08-23 17:14:27,204 [main] WARN  http.HttpRequestLog (HttpRequestLog.java:getRequestLog(97)) - Jetty request log can only be enabled using Log4j
2019-08-23 17:14:27,205 [main] INFO  http.HttpServer2 (HttpServer2.java:addGlobalFilter(975)) - Added global filter 'safety' (class=org.apache.hadoop.http.HttpServer2$QuotingInputFilter)
2019-08-23 17:14:27,206 [main] INFO  http.HttpServer2 (HttpServer2.java:addFilter(948)) - Added filter static_user_filter (class=org.apache.hadoop.http.lib.StaticUserWebFilter$StaticUserFilter) to context hddsDatanode
2019-08-23 17:14:27,206 [main] INFO  http.HttpServer2 (HttpServer2.java:addFilter(958)) - Added filter static_user_filter (class=org.apache.hadoop.http.lib.StaticUserWebFilter$StaticUserFilter) to context logs
2019-08-23 17:14:27,206 [main] INFO  http.HttpServer2 (HttpServer2.java:addFilter(958)) - Added filter static_user_filter (class=org.apache.hadoop.http.lib.StaticUserWebFilter$StaticUserFilter) to context static
2019-08-23 17:14:27,206 [main] INFO  http.HttpServer2 (HttpServer2.java:bindListener(1191)) - Jetty bound to port 34432
2019-08-23 17:14:27,207 [main] INFO  server.Server (Server.java:doStart(351)) - jetty-9.3.24.v20180605, build timestamp: 2018-06-05T17:11:56Z, git hash: 84205aa28f11a4f31f2a3b86d1bba2cc8ab69827
2019-08-23 17:14:27,208 [main] INFO  handler.ContextHandler (ContextHandler.java:doStart(781)) - Started o.e.j.s.ServletContextHandler@70eced1f{/logs,file:///workdir/hadoop-ozone/integration-test/target/log,AVAILABLE}
2019-08-23 17:14:27,209 [main] INFO  handler.ContextHandler (ContextHandler.java:doStart(781)) - Started o.e.j.s.ServletContextHandler@4ca83ec3{/static,jar:file:/home/user/.m2/repository/org/apache/hadoop/hadoop-hdds-container-service/0.5.0-SNAPSHOT/hadoop-hdds-container-service-0.5.0-SNAPSHOT.jar!/webapps/static,AVAILABLE}
2019-08-23 17:14:27,237 [main] INFO  handler.ContextHandler (ContextHandler.java:doStart(781)) - Started o.e.j.w.WebAppContext@33e80a27{/,file:///tmp/jetty-0.0.0.0-34432-hddsDatanode-_-any-4529892454627986716.dir/webapp/,AVAILABLE}{/hddsDatanode}
2019-08-23 17:14:27,238 [main] INFO  server.AbstractConnector (AbstractConnector.java:doStart(278)) - Started ServerConnector@7649d350{HTTP/1.1,[http/1.1]}{0.0.0.0:34432}
2019-08-23 17:14:27,239 [main] INFO  server.Server (Server.java:doStart(419)) - Started @534428ms
2019-08-23 17:14:27,240 [main] INFO  server.BaseHttpServer (BaseHttpServer.java:updateConnectorAddress(213)) - HTTP server of HDDSDATANODE is listening at http://0.0.0.0:34432
2019-08-23 17:14:27,555 | INFO  | ObjectStoreRestHttpServer | Listening HDDS REST traffic on /0.0.0.0:46616 |  
2019-08-23 17:14:27,555 [main] INFO  ozone.HddsDatanodeService (HddsDatanodeService.java:startPlugins(395)) - Started plug-in org.apache.hadoop.ozone.web.OzoneHddsDatanodeService@4005e63a
2019-08-23 17:14:27,555 [main] INFO  impl.MetricsSystemImpl (MetricsSystemImpl.java:init(158)) - HddsDatanode metrics system started (again)
2019-08-23 17:14:27,558 [main] INFO  ozone.HddsDatanodeService (HddsDatanodeService.java:start(184)) - HddsDatanodeService host:pr-hdds-1982-decom-states-s47vm-2072066488 ip:192.168.34.23
2019-08-23 17:14:27,558 [org.apache.hadoop.util.JvmPauseMonitor$Monitor@5dffd714] INFO  util.JvmPauseMonitor (JvmPauseMonitor.java:run(188)) - Starting JVM pause monitor
2019-08-23 17:14:27,559 [Datanode State Machine Thread - 0] INFO  datanode.InitDatanodeState (InitDatanodeState.java:persistContainerDatanodeDetails(140)) - DatanodeDetails is persisted to /workdir/hadoop-ozone/integration-test/target/test-dir/MiniOzoneClusterImpl-49991279-2dcc-4eb0-83dc-ab14c407d015/datanode-3/meta/datanode.id
2019-08-23 17:14:27,568 [main] INFO  volume.HddsVolume (HddsVolume.java:<init>(176)) - Creating Volume: /workdir/hadoop-ozone/integration-test/target/test-dir/MiniOzoneClusterImpl-49991279-2dcc-4eb0-83dc-ab14c407d015/datanode-4/data/containers/hdds of  storage type : DISK and capacity : 1482555576320
2019-08-23 17:14:27,569 [main] INFO  volume.VolumeSet (VolumeSet.java:initializeVolumeSet(170)) - Added Volume : /workdir/hadoop-ozone/integration-test/target/test-dir/MiniOzoneClusterImpl-49991279-2dcc-4eb0-83dc-ab14c407d015/datanode-4/data/containers/hdds to VolumeSet
2019-08-23 17:14:27,569 [main] INFO  volume.ThrottledAsyncChecker (ThrottledAsyncChecker.java:schedule(140)) - Scheduling a check for org.apache.hadoop.ozone.container.common.volume.HddsVolume@4ee9daf5
2019-08-23 17:14:27,569 [main] INFO  volume.HddsVolumeChecker (HddsVolumeChecker.java:checkAllVolumes(203)) - Scheduled health check for volume org.apache.hadoop.ozone.container.common.volume.HddsVolume@4ee9daf5
2019-08-23 17:14:27,583 [main] INFO  impl.RaftServerProxy (ConfUtils.java:logGet(43)) - raft.rpc.type = GRPC (default)
2019-08-23 17:14:27,583 [main] INFO  grpc.GrpcFactory (GrpcFactory.java:checkPooledByteBufAllocatorUseCacheForAllThreads(45)) - PERFORMANCE WARNING: useCacheForAllThreads is true that may cause Netty to create a lot garbage objects and, as a result, trigger GC.
	It is recommended to disable useCacheForAllThreads by setting -Dorg.apache.ratis.thirdparty.io.netty.allocator.useCacheForAllThreads=false in command line.
2019-08-23 17:14:27,583 [main] INFO  grpc.GrpcConfigKeys$Server (ConfUtils.java:logGet(43)) - raft.grpc.server.port = 0 (default)
2019-08-23 17:14:27,583 [main] INFO  server.GrpcService (ConfUtils.java:logGet(43)) - raft.grpc.message.size.max = 33570816 (custom)
2019-08-23 17:14:27,583 [main] INFO  server.RaftServerConfigKeys (ConfUtils.java:logGet(43)) - raft.server.log.appender.buffer.byte-limit = 33554432 (custom)
2019-08-23 17:14:27,584 [main] INFO  server.GrpcService (ConfUtils.java:logGet(43)) - raft.grpc.flow.control.window = 1MB (=1048576) (default)
2019-08-23 17:14:27,584 [main] INFO  server.RaftServerConfigKeys (ConfUtils.java:logGet(43)) - raft.server.rpc.request.timeout = 3000ms (default)
2019-08-23 17:14:27,584 [main] INFO  server.RaftServerConfigKeys (ConfUtils.java:logGet(43)) - raft.server.storage.dir = [/workdir/hadoop-ozone/integration-test/target/test-dir/MiniOzoneClusterImpl-49991279-2dcc-4eb0-83dc-ab14c407d015/datanode-4/data/ratis] (custom)
2019-08-23 17:14:27,584 [main] INFO  replication.SimpleContainerDownloader (SimpleContainerDownloader.java:<init>(72)) - Starting container downloader service to copy containers to replicate.
2019-08-23 17:14:27,586 [main] INFO  hdfs.DFSUtil (DFSUtil.java:httpServerTemplateForNNAndJN(1641)) - Starting Web-server for hddsDatanode at: http://0.0.0.0:0
2019-08-23 17:14:27,587 [main] INFO  server.AuthenticationFilter (AuthenticationFilter.java:constructSecretProvider(240)) - Unable to initialize FileSignerSecretProvider, falling back to use random secrets.
2019-08-23 17:14:27,587 [main] WARN  http.HttpRequestLog (HttpRequestLog.java:getRequestLog(97)) - Jetty request log can only be enabled using Log4j
2019-08-23 17:14:27,588 [main] INFO  http.HttpServer2 (HttpServer2.java:addGlobalFilter(975)) - Added global filter 'safety' (class=org.apache.hadoop.http.HttpServer2$QuotingInputFilter)
2019-08-23 17:14:27,588 [main] INFO  http.HttpServer2 (HttpServer2.java:addFilter(948)) - Added filter static_user_filter (class=org.apache.hadoop.http.lib.StaticUserWebFilter$StaticUserFilter) to context hddsDatanode
2019-08-23 17:14:27,589 [main] INFO  http.HttpServer2 (HttpServer2.java:addFilter(958)) - Added filter static_user_filter (class=org.apache.hadoop.http.lib.StaticUserWebFilter$StaticUserFilter) to context logs
2019-08-23 17:14:27,589 [main] INFO  http.HttpServer2 (HttpServer2.java:addFilter(958)) - Added filter static_user_filter (class=org.apache.hadoop.http.lib.StaticUserWebFilter$StaticUserFilter) to context static
2019-08-23 17:14:27,589 [main] INFO  http.HttpServer2 (HttpServer2.java:bindListener(1191)) - Jetty bound to port 46556
2019-08-23 17:14:27,589 [main] INFO  server.Server (Server.java:doStart(351)) - jetty-9.3.24.v20180605, build timestamp: 2018-06-05T17:11:56Z, git hash: 84205aa28f11a4f31f2a3b86d1bba2cc8ab69827
2019-08-23 17:14:27,591 [main] INFO  handler.ContextHandler (ContextHandler.java:doStart(781)) - Started o.e.j.s.ServletContextHandler@2100d881{/logs,file:///workdir/hadoop-ozone/integration-test/target/log,AVAILABLE}
2019-08-23 17:14:27,591 [main] INFO  handler.ContextHandler (ContextHandler.java:doStart(781)) - Started o.e.j.s.ServletContextHandler@59ac94ad{/static,jar:file:/home/user/.m2/repository/org/apache/hadoop/hadoop-hdds-container-service/0.5.0-SNAPSHOT/hadoop-hdds-container-service-0.5.0-SNAPSHOT.jar!/webapps/static,AVAILABLE}
2019-08-23 17:14:27,617 [main] INFO  handler.ContextHandler (ContextHandler.java:doStart(781)) - Started o.e.j.w.WebAppContext@2940eec0{/,file:///tmp/jetty-0.0.0.0-46556-hddsDatanode-_-any-8278280317863594367.dir/webapp/,AVAILABLE}{/hddsDatanode}
2019-08-23 17:14:27,618 [main] INFO  server.AbstractConnector (AbstractConnector.java:doStart(278)) - Started ServerConnector@57d6f569{HTTP/1.1,[http/1.1]}{0.0.0.0:46556}
2019-08-23 17:14:27,618 [main] INFO  server.Server (Server.java:doStart(419)) - Started @534807ms
2019-08-23 17:14:27,620 [main] INFO  server.BaseHttpServer (BaseHttpServer.java:updateConnectorAddress(213)) - HTTP server of HDDSDATANODE is listening at http://0.0.0.0:46556
2019-08-23 17:14:27,719 | INFO  | ObjectStoreRestHttpServer | Listening HDDS REST traffic on /0.0.0.0:38803 |  
2019-08-23 17:14:27,719 [main] INFO  ozone.HddsDatanodeService (HddsDatanodeService.java:startPlugins(395)) - Started plug-in org.apache.hadoop.ozone.web.OzoneHddsDatanodeService@670481b2
2019-08-23 17:14:27,720 [main] INFO  impl.MetricsSystemImpl (MetricsSystemImpl.java:init(158)) - HddsDatanode metrics system started (again)
2019-08-23 17:14:27,723 [main] INFO  ozone.HddsDatanodeService (HddsDatanodeService.java:start(184)) - HddsDatanodeService host:pr-hdds-1982-decom-states-s47vm-2072066488 ip:192.168.34.23
2019-08-23 17:14:27,723 [org.apache.hadoop.util.JvmPauseMonitor$Monitor@79c23b54] INFO  util.JvmPauseMonitor (JvmPauseMonitor.java:run(188)) - Starting JVM pause monitor
2019-08-23 17:14:27,724 [Datanode State Machine Thread - 0] INFO  datanode.InitDatanodeState (InitDatanodeState.java:persistContainerDatanodeDetails(140)) - DatanodeDetails is persisted to /workdir/hadoop-ozone/integration-test/target/test-dir/MiniOzoneClusterImpl-49991279-2dcc-4eb0-83dc-ab14c407d015/datanode-4/meta/datanode.id
2019-08-23 17:14:27,733 [main] INFO  volume.HddsVolume (HddsVolume.java:<init>(176)) - Creating Volume: /workdir/hadoop-ozone/integration-test/target/test-dir/MiniOzoneClusterImpl-49991279-2dcc-4eb0-83dc-ab14c407d015/datanode-5/data/containers/hdds of  storage type : DISK and capacity : 1482555576320
2019-08-23 17:14:27,733 [main] INFO  volume.VolumeSet (VolumeSet.java:initializeVolumeSet(170)) - Added Volume : /workdir/hadoop-ozone/integration-test/target/test-dir/MiniOzoneClusterImpl-49991279-2dcc-4eb0-83dc-ab14c407d015/datanode-5/data/containers/hdds to VolumeSet
2019-08-23 17:14:27,733 [main] INFO  volume.ThrottledAsyncChecker (ThrottledAsyncChecker.java:schedule(140)) - Scheduling a check for org.apache.hadoop.ozone.container.common.volume.HddsVolume@51f91d19
2019-08-23 17:14:27,733 [main] INFO  volume.HddsVolumeChecker (HddsVolumeChecker.java:checkAllVolumes(203)) - Scheduled health check for volume org.apache.hadoop.ozone.container.common.volume.HddsVolume@51f91d19
2019-08-23 17:14:27,745 [main] INFO  impl.RaftServerProxy (ConfUtils.java:logGet(43)) - raft.rpc.type = GRPC (default)
2019-08-23 17:14:27,746 [main] INFO  grpc.GrpcFactory (GrpcFactory.java:checkPooledByteBufAllocatorUseCacheForAllThreads(45)) - PERFORMANCE WARNING: useCacheForAllThreads is true that may cause Netty to create a lot garbage objects and, as a result, trigger GC.
	It is recommended to disable useCacheForAllThreads by setting -Dorg.apache.ratis.thirdparty.io.netty.allocator.useCacheForAllThreads=false in command line.
2019-08-23 17:14:27,746 [main] INFO  grpc.GrpcConfigKeys$Server (ConfUtils.java:logGet(43)) - raft.grpc.server.port = 0 (default)
2019-08-23 17:14:27,746 [main] INFO  server.GrpcService (ConfUtils.java:logGet(43)) - raft.grpc.message.size.max = 33570816 (custom)
2019-08-23 17:14:27,746 [main] INFO  server.RaftServerConfigKeys (ConfUtils.java:logGet(43)) - raft.server.log.appender.buffer.byte-limit = 33554432 (custom)
2019-08-23 17:14:27,746 [main] INFO  server.GrpcService (ConfUtils.java:logGet(43)) - raft.grpc.flow.control.window = 1MB (=1048576) (default)
2019-08-23 17:14:27,747 [main] INFO  server.RaftServerConfigKeys (ConfUtils.java:logGet(43)) - raft.server.rpc.request.timeout = 3000ms (default)
2019-08-23 17:14:27,747 [main] INFO  server.RaftServerConfigKeys (ConfUtils.java:logGet(43)) - raft.server.storage.dir = [/workdir/hadoop-ozone/integration-test/target/test-dir/MiniOzoneClusterImpl-49991279-2dcc-4eb0-83dc-ab14c407d015/datanode-5/data/ratis] (custom)
2019-08-23 17:14:27,747 [main] INFO  replication.SimpleContainerDownloader (SimpleContainerDownloader.java:<init>(72)) - Starting container downloader service to copy containers to replicate.
2019-08-23 17:14:27,748 [main] INFO  hdfs.DFSUtil (DFSUtil.java:httpServerTemplateForNNAndJN(1641)) - Starting Web-server for hddsDatanode at: http://0.0.0.0:0
2019-08-23 17:14:27,749 [main] INFO  server.AuthenticationFilter (AuthenticationFilter.java:constructSecretProvider(240)) - Unable to initialize FileSignerSecretProvider, falling back to use random secrets.
2019-08-23 17:14:27,749 [main] WARN  http.HttpRequestLog (HttpRequestLog.java:getRequestLog(97)) - Jetty request log can only be enabled using Log4j
2019-08-23 17:14:27,750 [main] INFO  http.HttpServer2 (HttpServer2.java:addGlobalFilter(975)) - Added global filter 'safety' (class=org.apache.hadoop.http.HttpServer2$QuotingInputFilter)
2019-08-23 17:14:27,751 [main] INFO  http.HttpServer2 (HttpServer2.java:addFilter(948)) - Added filter static_user_filter (class=org.apache.hadoop.http.lib.StaticUserWebFilter$StaticUserFilter) to context hddsDatanode
2019-08-23 17:14:27,751 [main] INFO  http.HttpServer2 (HttpServer2.java:addFilter(958)) - Added filter static_user_filter (class=org.apache.hadoop.http.lib.StaticUserWebFilter$StaticUserFilter) to context logs
2019-08-23 17:14:27,751 [main] INFO  http.HttpServer2 (HttpServer2.java:addFilter(958)) - Added filter static_user_filter (class=org.apache.hadoop.http.lib.StaticUserWebFilter$StaticUserFilter) to context static
2019-08-23 17:14:27,752 [main] INFO  http.HttpServer2 (HttpServer2.java:bindListener(1191)) - Jetty bound to port 32809
2019-08-23 17:14:27,752 [main] INFO  server.Server (Server.java:doStart(351)) - jetty-9.3.24.v20180605, build timestamp: 2018-06-05T17:11:56Z, git hash: 84205aa28f11a4f31f2a3b86d1bba2cc8ab69827
2019-08-23 17:14:27,753 [main] INFO  handler.ContextHandler (ContextHandler.java:doStart(781)) - Started o.e.j.s.ServletContextHandler@4ab1ff80{/logs,file:///workdir/hadoop-ozone/integration-test/target/log,AVAILABLE}
2019-08-23 17:14:27,753 [main] INFO  handler.ContextHandler (ContextHandler.java:doStart(781)) - Started o.e.j.s.ServletContextHandler@13c79e0d{/static,jar:file:/home/user/.m2/repository/org/apache/hadoop/hadoop-hdds-container-service/0.5.0-SNAPSHOT/hadoop-hdds-container-service-0.5.0-SNAPSHOT.jar!/webapps/static,AVAILABLE}
2019-08-23 17:14:27,778 [main] INFO  handler.ContextHandler (ContextHandler.java:doStart(781)) - Started o.e.j.w.WebAppContext@353ac1ef{/,file:///tmp/jetty-0.0.0.0-32809-hddsDatanode-_-any-8909027045625056656.dir/webapp/,AVAILABLE}{/hddsDatanode}
2019-08-23 17:14:27,778 [main] INFO  server.AbstractConnector (AbstractConnector.java:doStart(278)) - Started ServerConnector@72c8de78{HTTP/1.1,[http/1.1]}{0.0.0.0:32809}
2019-08-23 17:14:27,780 [main] INFO  server.Server (Server.java:doStart(419)) - Started @534969ms
2019-08-23 17:14:27,781 [main] INFO  server.BaseHttpServer (BaseHttpServer.java:updateConnectorAddress(213)) - HTTP server of HDDSDATANODE is listening at http://0.0.0.0:32809
2019-08-23 17:14:27,870 | INFO  | ObjectStoreRestHttpServer | Listening HDDS REST traffic on /0.0.0.0:46061 |  
2019-08-23 17:14:27,870 [main] INFO  ozone.HddsDatanodeService (HddsDatanodeService.java:startPlugins(395)) - Started plug-in org.apache.hadoop.ozone.web.OzoneHddsDatanodeService@40fd9358
2019-08-23 17:14:27,870 [main] INFO  impl.MetricsSystemImpl (MetricsSystemImpl.java:init(158)) - HddsDatanode metrics system started (again)
2019-08-23 17:14:27,873 [org.apache.hadoop.util.JvmPauseMonitor$Monitor@1643f67d] INFO  util.JvmPauseMonitor (JvmPauseMonitor.java:run(188)) - Starting JVM pause monitor
2019-08-23 17:14:27,873 [main] INFO  ozone.HddsDatanodeService (HddsDatanodeService.java:start(184)) - HddsDatanodeService host:pr-hdds-1982-decom-states-s47vm-2072066488 ip:192.168.34.23
2019-08-23 17:14:27,874 [Datanode State Machine Thread - 0] INFO  datanode.InitDatanodeState (InitDatanodeState.java:persistContainerDatanodeDetails(140)) - DatanodeDetails is persisted to /workdir/hadoop-ozone/integration-test/target/test-dir/MiniOzoneClusterImpl-49991279-2dcc-4eb0-83dc-ab14c407d015/datanode-5/meta/datanode.id
2019-08-23 17:14:27,882 [main] INFO  volume.HddsVolume (HddsVolume.java:<init>(176)) - Creating Volume: /workdir/hadoop-ozone/integration-test/target/test-dir/MiniOzoneClusterImpl-49991279-2dcc-4eb0-83dc-ab14c407d015/datanode-6/data/containers/hdds of  storage type : DISK and capacity : 1482555576320
2019-08-23 17:14:27,882 [main] INFO  volume.VolumeSet (VolumeSet.java:initializeVolumeSet(170)) - Added Volume : /workdir/hadoop-ozone/integration-test/target/test-dir/MiniOzoneClusterImpl-49991279-2dcc-4eb0-83dc-ab14c407d015/datanode-6/data/containers/hdds to VolumeSet
2019-08-23 17:14:27,883 [main] INFO  volume.ThrottledAsyncChecker (ThrottledAsyncChecker.java:schedule(140)) - Scheduling a check for org.apache.hadoop.ozone.container.common.volume.HddsVolume@1c5c0d2a
2019-08-23 17:14:27,883 [main] INFO  volume.HddsVolumeChecker (HddsVolumeChecker.java:checkAllVolumes(203)) - Scheduled health check for volume org.apache.hadoop.ozone.container.common.volume.HddsVolume@1c5c0d2a
2019-08-23 17:14:27,901 [main] INFO  impl.RaftServerProxy (ConfUtils.java:logGet(43)) - raft.rpc.type = GRPC (default)
2019-08-23 17:14:27,901 [main] INFO  grpc.GrpcFactory (GrpcFactory.java:checkPooledByteBufAllocatorUseCacheForAllThreads(45)) - PERFORMANCE WARNING: useCacheForAllThreads is true that may cause Netty to create a lot garbage objects and, as a result, trigger GC.
	It is recommended to disable useCacheForAllThreads by setting -Dorg.apache.ratis.thirdparty.io.netty.allocator.useCacheForAllThreads=false in command line.
2019-08-23 17:14:27,901 [main] INFO  grpc.GrpcConfigKeys$Server (ConfUtils.java:logGet(43)) - raft.grpc.server.port = 0 (default)
2019-08-23 17:14:27,901 [main] INFO  server.GrpcService (ConfUtils.java:logGet(43)) - raft.grpc.message.size.max = 33570816 (custom)
2019-08-23 17:14:27,902 [main] INFO  server.RaftServerConfigKeys (ConfUtils.java:logGet(43)) - raft.server.log.appender.buffer.byte-limit = 33554432 (custom)
2019-08-23 17:14:27,902 [main] INFO  server.GrpcService (ConfUtils.java:logGet(43)) - raft.grpc.flow.control.window = 1MB (=1048576) (default)
2019-08-23 17:14:27,902 [main] INFO  server.RaftServerConfigKeys (ConfUtils.java:logGet(43)) - raft.server.rpc.request.timeout = 3000ms (default)
2019-08-23 17:14:27,902 [main] INFO  server.RaftServerConfigKeys (ConfUtils.java:logGet(43)) - raft.server.storage.dir = [/workdir/hadoop-ozone/integration-test/target/test-dir/MiniOzoneClusterImpl-49991279-2dcc-4eb0-83dc-ab14c407d015/datanode-6/data/ratis] (custom)
2019-08-23 17:14:27,903 [main] INFO  replication.SimpleContainerDownloader (SimpleContainerDownloader.java:<init>(72)) - Starting container downloader service to copy containers to replicate.
2019-08-23 17:14:27,903 [main] INFO  hdfs.DFSUtil (DFSUtil.java:httpServerTemplateForNNAndJN(1641)) - Starting Web-server for hddsDatanode at: http://0.0.0.0:0
2019-08-23 17:14:27,905 [main] INFO  server.AuthenticationFilter (AuthenticationFilter.java:constructSecretProvider(240)) - Unable to initialize FileSignerSecretProvider, falling back to use random secrets.
2019-08-23 17:14:27,905 [main] WARN  http.HttpRequestLog (HttpRequestLog.java:getRequestLog(97)) - Jetty request log can only be enabled using Log4j
2019-08-23 17:14:27,906 [main] INFO  http.HttpServer2 (HttpServer2.java:addGlobalFilter(975)) - Added global filter 'safety' (class=org.apache.hadoop.http.HttpServer2$QuotingInputFilter)
2019-08-23 17:14:27,906 [main] INFO  http.HttpServer2 (HttpServer2.java:addFilter(948)) - Added filter static_user_filter (class=org.apache.hadoop.http.lib.StaticUserWebFilter$StaticUserFilter) to context hddsDatanode
2019-08-23 17:14:27,906 [main] INFO  http.HttpServer2 (HttpServer2.java:addFilter(958)) - Added filter static_user_filter (class=org.apache.hadoop.http.lib.StaticUserWebFilter$StaticUserFilter) to context logs
2019-08-23 17:14:27,907 [main] INFO  http.HttpServer2 (HttpServer2.java:addFilter(958)) - Added filter static_user_filter (class=org.apache.hadoop.http.lib.StaticUserWebFilter$StaticUserFilter) to context static
2019-08-23 17:14:27,907 [main] INFO  http.HttpServer2 (HttpServer2.java:bindListener(1191)) - Jetty bound to port 37905
2019-08-23 17:14:27,907 [main] INFO  server.Server (Server.java:doStart(351)) - jetty-9.3.24.v20180605, build timestamp: 2018-06-05T17:11:56Z, git hash: 84205aa28f11a4f31f2a3b86d1bba2cc8ab69827
2019-08-23 17:14:27,909 [main] INFO  handler.ContextHandler (ContextHandler.java:doStart(781)) - Started o.e.j.s.ServletContextHandler@5d5b07e9{/logs,file:///workdir/hadoop-ozone/integration-test/target/log,AVAILABLE}
2019-08-23 17:14:27,909 [main] INFO  handler.ContextHandler (ContextHandler.java:doStart(781)) - Started o.e.j.s.ServletContextHandler@78ba0a57{/static,jar:file:/home/user/.m2/repository/org/apache/hadoop/hadoop-hdds-container-service/0.5.0-SNAPSHOT/hadoop-hdds-container-service-0.5.0-SNAPSHOT.jar!/webapps/static,AVAILABLE}
2019-08-23 17:14:27,939 [main] INFO  handler.ContextHandler (ContextHandler.java:doStart(781)) - Started o.e.j.w.WebAppContext@2380e8d4{/,file:///tmp/jetty-0.0.0.0-37905-hddsDatanode-_-any-7732136406239969861.dir/webapp/,AVAILABLE}{/hddsDatanode}
2019-08-23 17:14:27,940 [main] INFO  server.AbstractConnector (AbstractConnector.java:doStart(278)) - Started ServerConnector@53b5356{HTTP/1.1,[http/1.1]}{0.0.0.0:37905}
2019-08-23 17:14:27,940 [main] INFO  server.Server (Server.java:doStart(419)) - Started @535129ms
2019-08-23 17:14:27,945 [main] INFO  server.BaseHttpServer (BaseHttpServer.java:updateConnectorAddress(213)) - HTTP server of HDDSDATANODE is listening at http://0.0.0.0:37905
2019-08-23 17:14:28,034 | INFO  | ObjectStoreRestHttpServer | Listening HDDS REST traffic on /0.0.0.0:35879 |  
2019-08-23 17:14:28,034 [main] INFO  ozone.HddsDatanodeService (HddsDatanodeService.java:startPlugins(395)) - Started plug-in org.apache.hadoop.ozone.web.OzoneHddsDatanodeService@3dab9366
2019-08-23 17:14:28,035 [main] INFO  ozone.MiniOzoneClusterImpl (MiniOzoneClusterImpl.java:lambda$waitForClusterToBeReady$0(142)) - Waiting for cluster to be ready. Got 0 of 7 DN Heartbeats.
2019-08-23 17:14:28,036 [org.apache.hadoop.util.JvmPauseMonitor$Monitor@203bdfa7] INFO  util.JvmPauseMonitor (JvmPauseMonitor.java:run(188)) - Starting JVM pause monitor
2019-08-23 17:14:28,037 [Datanode State Machine Thread - 0] INFO  datanode.InitDatanodeState (InitDatanodeState.java:persistContainerDatanodeDetails(140)) - DatanodeDetails is persisted to /workdir/hadoop-ozone/integration-test/target/test-dir/MiniOzoneClusterImpl-49991279-2dcc-4eb0-83dc-ab14c407d015/datanode-6/meta/datanode.id
2019-08-23 17:14:28,785 | INFO  | SCMAudit | user=jenkins1000 | ip=192.168.34.23 | op=GET_VERSION null | ret=SUCCESS |  
2019-08-23 17:14:28,827 [Datanode State Machine Thread - 0] INFO  ozoneimpl.OzoneContainer (OzoneContainer.java:start(186)) - Attempting to start container services.
2019-08-23 17:14:28,827 [Datanode State Machine Thread - 0] INFO  ozoneimpl.OzoneContainer (OzoneContainer.java:startContainerScrub(160)) - Background container scrubber has been disabled by hdds.containerscrub.enabled
2019-08-23 17:14:28,827 [Datanode State Machine Thread - 0] INFO  ratis.XceiverServerRatis (XceiverServerRatis.java:start(404)) - Starting XceiverServerRatis 23fa496f-0b24-4481-8ded-b6c2e0b9cb99 at port 0
2019-08-23 17:14:28,834 [Datanode State Machine Thread - 0] INFO  impl.RaftServerProxy (RaftServerProxy.java:lambda$start$3(299)) - 23fa496f-0b24-4481-8ded-b6c2e0b9cb99: start RPC server
2019-08-23 17:14:28,835 [Datanode State Machine Thread - 0] INFO  server.GrpcService (GrpcService.java:startImpl(149)) - 23fa496f-0b24-4481-8ded-b6c2e0b9cb99: GrpcService started, listening on 0.0.0.0/0.0.0.0:37392
2019-08-23 17:14:28,835 [Datanode State Machine Thread - 0] INFO  ratis.XceiverServerRatis (XceiverServerRatis.java:start(414)) - XceiverServerRatis 23fa496f-0b24-4481-8ded-b6c2e0b9cb99 is started using port 37392
2019-08-23 17:14:28,836 [Datanode State Machine Thread - 0] INFO  server.XceiverServerGrpc (XceiverServerGrpc.java:start(161)) - XceiverServerGrpc 23fa496f-0b24-4481-8ded-b6c2e0b9cb99 is started using port 41267
2019-08-23 17:14:28,994 | INFO  | SCMAudit | user=jenkins1000 | ip=192.168.34.23 | op=GET_VERSION null | ret=SUCCESS |  
2019-08-23 17:14:29,009 [Datanode State Machine Thread - 0] INFO  ozoneimpl.OzoneContainer (OzoneContainer.java:start(186)) - Attempting to start container services.
2019-08-23 17:14:29,010 [Datanode State Machine Thread - 0] INFO  ozoneimpl.OzoneContainer (OzoneContainer.java:startContainerScrub(160)) - Background container scrubber has been disabled by hdds.containerscrub.enabled
2019-08-23 17:14:29,010 [Datanode State Machine Thread - 0] INFO  ratis.XceiverServerRatis (XceiverServerRatis.java:start(404)) - Starting XceiverServerRatis 03c422ce-7517-4458-ba1e-7259997ff644 at port 0
2019-08-23 17:14:29,017 [Datanode State Machine Thread - 0] INFO  impl.RaftServerProxy (RaftServerProxy.java:lambda$start$3(299)) - 03c422ce-7517-4458-ba1e-7259997ff644: start RPC server
2019-08-23 17:14:29,017 [Datanode State Machine Thread - 0] INFO  server.GrpcService (GrpcService.java:startImpl(149)) - 03c422ce-7517-4458-ba1e-7259997ff644: GrpcService started, listening on 0.0.0.0/0.0.0.0:38086
2019-08-23 17:14:29,018 [Datanode State Machine Thread - 0] INFO  ratis.XceiverServerRatis (XceiverServerRatis.java:start(414)) - XceiverServerRatis 03c422ce-7517-4458-ba1e-7259997ff644 is started using port 38086
2019-08-23 17:14:29,018 [Datanode State Machine Thread - 0] INFO  server.XceiverServerGrpc (XceiverServerGrpc.java:start(161)) - XceiverServerGrpc 03c422ce-7517-4458-ba1e-7259997ff644 is started using port 35974
2019-08-23 17:14:29,035 [main] INFO  ozone.MiniOzoneClusterImpl (MiniOzoneClusterImpl.java:lambda$waitForClusterToBeReady$0(142)) - Waiting for cluster to be ready. Got 0 of 7 DN Heartbeats.
2019-08-23 17:14:29,173 | INFO  | SCMAudit | user=jenkins1000 | ip=192.168.34.23 | op=GET_VERSION null | ret=SUCCESS |  
2019-08-23 17:14:29,187 [Datanode State Machine Thread - 0] INFO  ozoneimpl.OzoneContainer (OzoneContainer.java:start(186)) - Attempting to start container services.
2019-08-23 17:14:29,187 [Datanode State Machine Thread - 0] INFO  ozoneimpl.OzoneContainer (OzoneContainer.java:startContainerScrub(160)) - Background container scrubber has been disabled by hdds.containerscrub.enabled
2019-08-23 17:14:29,187 [Datanode State Machine Thread - 0] INFO  ratis.XceiverServerRatis (XceiverServerRatis.java:start(404)) - Starting XceiverServerRatis 007a4926-093a-4d3a-9d9e-3c5f17d50581 at port 0
2019-08-23 17:14:29,191 [Datanode State Machine Thread - 0] INFO  impl.RaftServerProxy (RaftServerProxy.java:lambda$start$3(299)) - 007a4926-093a-4d3a-9d9e-3c5f17d50581: start RPC server
2019-08-23 17:14:29,192 [Datanode State Machine Thread - 0] INFO  server.GrpcService (GrpcService.java:startImpl(149)) - 007a4926-093a-4d3a-9d9e-3c5f17d50581: GrpcService started, listening on 0.0.0.0/0.0.0.0:41071
2019-08-23 17:14:29,192 [Datanode State Machine Thread - 0] INFO  ratis.XceiverServerRatis (XceiverServerRatis.java:start(414)) - XceiverServerRatis 007a4926-093a-4d3a-9d9e-3c5f17d50581 is started using port 41071
2019-08-23 17:14:29,193 [Datanode State Machine Thread - 0] INFO  server.XceiverServerGrpc (XceiverServerGrpc.java:start(161)) - XceiverServerGrpc 007a4926-093a-4d3a-9d9e-3c5f17d50581 is started using port 35269
2019-08-23 17:14:29,559 | INFO  | SCMAudit | user=jenkins1000 | ip=192.168.34.23 | op=GET_VERSION null | ret=SUCCESS |  
2019-08-23 17:14:29,573 [Datanode State Machine Thread - 0] INFO  ozoneimpl.OzoneContainer (OzoneContainer.java:start(186)) - Attempting to start container services.
2019-08-23 17:14:29,573 [Datanode State Machine Thread - 0] INFO  ozoneimpl.OzoneContainer (OzoneContainer.java:startContainerScrub(160)) - Background container scrubber has been disabled by hdds.containerscrub.enabled
2019-08-23 17:14:29,574 [Datanode State Machine Thread - 0] INFO  ratis.XceiverServerRatis (XceiverServerRatis.java:start(404)) - Starting XceiverServerRatis 99cffe41-d7bb-421f-ad37-c26af1490bc7 at port 0
2019-08-23 17:14:29,579 [Datanode State Machine Thread - 0] INFO  impl.RaftServerProxy (RaftServerProxy.java:lambda$start$3(299)) - 99cffe41-d7bb-421f-ad37-c26af1490bc7: start RPC server
2019-08-23 17:14:29,580 [Datanode State Machine Thread - 0] INFO  server.GrpcService (GrpcService.java:startImpl(149)) - 99cffe41-d7bb-421f-ad37-c26af1490bc7: GrpcService started, listening on 0.0.0.0/0.0.0.0:34140
2019-08-23 17:14:29,580 [Datanode State Machine Thread - 0] INFO  ratis.XceiverServerRatis (XceiverServerRatis.java:start(414)) - XceiverServerRatis 99cffe41-d7bb-421f-ad37-c26af1490bc7 is started using port 34140
2019-08-23 17:14:29,580 [Datanode State Machine Thread - 0] INFO  server.XceiverServerGrpc (XceiverServerGrpc.java:start(161)) - XceiverServerGrpc 99cffe41-d7bb-421f-ad37-c26af1490bc7 is started using port 41742
2019-08-23 17:14:29,723 | INFO  | SCMAudit | user=jenkins1000 | ip=192.168.34.23 | op=GET_VERSION null | ret=SUCCESS |  
2019-08-23 17:14:29,738 [Datanode State Machine Thread - 0] INFO  ozoneimpl.OzoneContainer (OzoneContainer.java:start(186)) - Attempting to start container services.
2019-08-23 17:14:29,739 [Datanode State Machine Thread - 0] INFO  ozoneimpl.OzoneContainer (OzoneContainer.java:startContainerScrub(160)) - Background container scrubber has been disabled by hdds.containerscrub.enabled
2019-08-23 17:14:29,739 [Datanode State Machine Thread - 0] INFO  ratis.XceiverServerRatis (XceiverServerRatis.java:start(404)) - Starting XceiverServerRatis eb580450-fe81-484d-8f0c-907a5b435dbc at port 0
2019-08-23 17:14:29,746 [Datanode State Machine Thread - 0] INFO  impl.RaftServerProxy (RaftServerProxy.java:lambda$start$3(299)) - eb580450-fe81-484d-8f0c-907a5b435dbc: start RPC server
2019-08-23 17:14:29,749 [Datanode State Machine Thread - 0] INFO  server.GrpcService (GrpcService.java:startImpl(149)) - eb580450-fe81-484d-8f0c-907a5b435dbc: GrpcService started, listening on 0.0.0.0/0.0.0.0:43345
2019-08-23 17:14:29,750 [Datanode State Machine Thread - 0] INFO  ratis.XceiverServerRatis (XceiverServerRatis.java:start(414)) - XceiverServerRatis eb580450-fe81-484d-8f0c-907a5b435dbc is started using port 43345
2019-08-23 17:14:29,750 [Datanode State Machine Thread - 0] INFO  server.XceiverServerGrpc (XceiverServerGrpc.java:start(161)) - XceiverServerGrpc eb580450-fe81-484d-8f0c-907a5b435dbc is started using port 42680
2019-08-23 17:14:29,873 | INFO  | SCMAudit | user=jenkins1000 | ip=192.168.34.23 | op=GET_VERSION null | ret=SUCCESS |  
2019-08-23 17:14:29,888 [Datanode State Machine Thread - 0] INFO  ozoneimpl.OzoneContainer (OzoneContainer.java:start(186)) - Attempting to start container services.
2019-08-23 17:14:29,888 [Datanode State Machine Thread - 0] INFO  ozoneimpl.OzoneContainer (OzoneContainer.java:startContainerScrub(160)) - Background container scrubber has been disabled by hdds.containerscrub.enabled
2019-08-23 17:14:29,888 [Datanode State Machine Thread - 0] INFO  ratis.XceiverServerRatis (XceiverServerRatis.java:start(404)) - Starting XceiverServerRatis c15a8acb-9ee6-4d33-b032-95e74a5e0f7e at port 0
2019-08-23 17:14:29,894 [Datanode State Machine Thread - 0] INFO  impl.RaftServerProxy (RaftServerProxy.java:lambda$start$3(299)) - c15a8acb-9ee6-4d33-b032-95e74a5e0f7e: start RPC server
2019-08-23 17:14:29,895 [Datanode State Machine Thread - 0] INFO  server.GrpcService (GrpcService.java:startImpl(149)) - c15a8acb-9ee6-4d33-b032-95e74a5e0f7e: GrpcService started, listening on 0.0.0.0/0.0.0.0:33369
2019-08-23 17:14:29,895 [Datanode State Machine Thread - 0] INFO  ratis.XceiverServerRatis (XceiverServerRatis.java:start(414)) - XceiverServerRatis c15a8acb-9ee6-4d33-b032-95e74a5e0f7e is started using port 33369
2019-08-23 17:14:29,895 [Datanode State Machine Thread - 0] INFO  server.XceiverServerGrpc (XceiverServerGrpc.java:start(161)) - XceiverServerGrpc c15a8acb-9ee6-4d33-b032-95e74a5e0f7e is started using port 38325
2019-08-23 17:14:30,035 [main] INFO  ozone.MiniOzoneClusterImpl (MiniOzoneClusterImpl.java:lambda$waitForClusterToBeReady$0(142)) - Waiting for cluster to be ready. Got 0 of 7 DN Heartbeats.
2019-08-23 17:14:30,036 | INFO  | SCMAudit | user=jenkins1000 | ip=192.168.34.23 | op=GET_VERSION null | ret=SUCCESS |  
2019-08-23 17:14:30,050 [Datanode State Machine Thread - 0] INFO  ozoneimpl.OzoneContainer (OzoneContainer.java:start(186)) - Attempting to start container services.
2019-08-23 17:14:30,051 [Datanode State Machine Thread - 0] INFO  ozoneimpl.OzoneContainer (OzoneContainer.java:startContainerScrub(160)) - Background container scrubber has been disabled by hdds.containerscrub.enabled
2019-08-23 17:14:30,051 [Datanode State Machine Thread - 0] INFO  ratis.XceiverServerRatis (XceiverServerRatis.java:start(404)) - Starting XceiverServerRatis fe3b8c04-bb20-41f7-95be-d76e619600de at port 0
2019-08-23 17:14:30,057 [Datanode State Machine Thread - 0] INFO  impl.RaftServerProxy (RaftServerProxy.java:lambda$start$3(299)) - fe3b8c04-bb20-41f7-95be-d76e619600de: start RPC server
2019-08-23 17:14:30,058 [Datanode State Machine Thread - 0] INFO  server.GrpcService (GrpcService.java:startImpl(149)) - fe3b8c04-bb20-41f7-95be-d76e619600de: GrpcService started, listening on 0.0.0.0/0.0.0.0:41648
2019-08-23 17:14:30,058 [Datanode State Machine Thread - 0] INFO  ratis.XceiverServerRatis (XceiverServerRatis.java:start(414)) - XceiverServerRatis fe3b8c04-bb20-41f7-95be-d76e619600de is started using port 41648
2019-08-23 17:14:30,058 [Datanode State Machine Thread - 0] INFO  server.XceiverServerGrpc (XceiverServerGrpc.java:start(161)) - XceiverServerGrpc fe3b8c04-bb20-41f7-95be-d76e619600de is started using port 35679
2019-08-23 17:14:30,785 [IPC Server handler 4 on 36582] INFO  net.NetworkTopology (NetworkTopologyImpl.java:add(110)) - Added a new node: /default-rack/23fa496f-0b24-4481-8ded-b6c2e0b9cb99
2019-08-23 17:14:30,788 [IPC Server handler 4 on 36582] INFO  node.SCMNodeManager (SCMNodeManager.java:register(273)) - Registered Data node : 23fa496f-0b24-4481-8ded-b6c2e0b9cb99{ip: 192.168.34.23, host: pr-hdds-1982-decom-states-s47vm-2072066488, networkLocation: /default-rack, certSerialId: null}
2019-08-23 17:14:30,789 | INFO  | SCMAudit | user=jenkins1000 | ip=192.168.34.23 | op=REGISTER {datanodeDetails=23fa496f-0b24-4481-8ded-b6c2e0b9cb99{ip: 192.168.34.23, host: pr-hdds-1982-decom-states-s47vm-2072066488, networkLocation: /default-rack, certSerialId: null}} | ret=SUCCESS |  
2019-08-23 17:14:30,789 [EventQueue-NodeRegistrationContainerReportForDataNodeSafeModeRule] INFO  safemode.SCMSafeModeManager (DataNodeSafeModeRule.java:process(71)) - SCM in safe mode. 1 DataNodes registered, 1 required.
2019-08-23 17:14:30,792 [EventQueue-NodeRegistrationContainerReportForDataNodeSafeModeRule] INFO  safemode.SCMSafeModeManager (SCMSafeModeManager.java:validateSafeModeExitRules(177)) - ScmSafeModeManager, all rules are successfully validated
2019-08-23 17:14:30,792 [EventQueue-NodeRegistrationContainerReportForDataNodeSafeModeRule] INFO  safemode.SCMSafeModeManager (SCMSafeModeManager.java:exitSafeMode(193)) - SCM exiting safe mode.
2019-08-23 17:14:30,812 [grpc-default-executor-8] INFO  impl.RaftServerProxy (RaftServerProxy.java:addNew(89)) - 23fa496f-0b24-4481-8ded-b6c2e0b9cb99: addNew group-150D2FE5AE1A:[23fa496f-0b24-4481-8ded-b6c2e0b9cb99:192.168.34.23:37392] returns group-150D2FE5AE1A:java.util.concurrent.CompletableFuture@7c383c16[Not completed]
2019-08-23 17:14:30,813 [pool-439-thread-1] INFO  impl.RaftServerImpl (RaftServerImpl.java:<init>(93)) - 23fa496f-0b24-4481-8ded-b6c2e0b9cb99: new RaftServerImpl for group-150D2FE5AE1A:[23fa496f-0b24-4481-8ded-b6c2e0b9cb99:192.168.34.23:37392] with ContainerStateMachine:uninitialized
2019-08-23 17:14:30,813 [pool-439-thread-1] INFO  server.RaftServerConfigKeys (ConfUtils.java:logGet(43)) - raft.server.rpc.timeout.min = 5s (custom)
2019-08-23 17:14:30,813 [pool-439-thread-1] INFO  server.RaftServerConfigKeys (ConfUtils.java:logGet(43)) - raft.server.rpc.timeout.max = 5200ms (custom)
2019-08-23 17:14:30,813 [pool-439-thread-1] INFO  server.RaftServerConfigKeys (ConfUtils.java:logGet(43)) - raft.server.rpcslowness.timeout = 120s (custom)
2019-08-23 17:14:30,813 [pool-439-thread-1] INFO  server.RaftServerConfigKeys (ConfUtils.java:logGet(43)) - raft.server.sleep.deviation.threshold = 300 (default)
2019-08-23 17:14:30,813 [pool-439-thread-1] INFO  server.RaftServerConfigKeys (ConfUtils.java:logGet(43)) - raft.server.log.appender.install.snapshot.enabled = false (custom)
2019-08-23 17:14:30,814 [pool-439-thread-1] INFO  impl.RaftServerImpl (ServerState.java:<init>(105)) - 23fa496f-0b24-4481-8ded-b6c2e0b9cb99:group-150D2FE5AE1A ConfigurationManager, init=-1: [23fa496f-0b24-4481-8ded-b6c2e0b9cb99:192.168.34.23:37392], old=null, confs=<EMPTY_MAP>
2019-08-23 17:14:30,814 [pool-439-thread-1] INFO  server.RaftServerConfigKeys (ConfUtils.java:logGet(43)) - raft.server.storage.dir = [/workdir/hadoop-ozone/integration-test/target/test-dir/MiniOzoneClusterImpl-49991279-2dcc-4eb0-83dc-ab14c407d015/datanode-0/data/ratis] (custom)
2019-08-23 17:14:30,814 [pool-439-thread-1] INFO  storage.RaftStorageDirectory (RaftStorageDirectory.java:analyzeStorage(246)) - The storage directory /workdir/hadoop-ozone/integration-test/target/test-dir/MiniOzoneClusterImpl-49991279-2dcc-4eb0-83dc-ab14c407d015/datanode-0/data/ratis/8fcb5fd7-150a-45fb-9988-150d2fe5ae1a does not exist. Creating ...
2019-08-23 17:14:30,828 [pool-439-thread-1] INFO  storage.RaftStorageDirectory (RaftStorageDirectory.java:tryLock(328)) - Lock on /workdir/hadoop-ozone/integration-test/target/test-dir/MiniOzoneClusterImpl-49991279-2dcc-4eb0-83dc-ab14c407d015/datanode-0/data/ratis/8fcb5fd7-150a-45fb-9988-150d2fe5ae1a/in_use.lock acquired by nodename 12048@pr-hdds-1982-decom-states-s47vm-2072066488
2019-08-23 17:14:30,842 [pool-439-thread-1] INFO  storage.RaftStorage (RaftStorage.java:format(72)) - Storage directory /workdir/hadoop-ozone/integration-test/target/test-dir/MiniOzoneClusterImpl-49991279-2dcc-4eb0-83dc-ab14c407d015/datanode-0/data/ratis/8fcb5fd7-150a-45fb-9988-150d2fe5ae1a has been successfully formatted.
2019-08-23 17:14:30,842 [pool-439-thread-1] INFO  ratis.ContainerStateMachine (ContainerStateMachine.java:loadSnapshot(226)) - group-150D2FE5AE1A: The snapshot info is null. Setting the last applied indexto:(t:0, i:~)
2019-08-23 17:14:30,842 [pool-439-thread-1] INFO  server.RaftServerConfigKeys (ConfUtils.java:logGet(43)) - raft.server.leader.election.timeout = 120s (custom)
2019-08-23 17:14:30,842 [pool-439-thread-1] INFO  server.RaftServerConfigKeys (ConfUtils.java:logGet(43)) - raft.server.log.use.memory = false (default)
2019-08-23 17:14:30,842 [pool-439-thread-1] INFO  server.RaftServerConfigKeys (ConfUtils.java:logGet(43)) - raft.server.log.purge.gap = 1000000 (custom)
2019-08-23 17:14:30,843 [pool-439-thread-1] INFO  server.RaftServerConfigKeys (ConfUtils.java:logGet(43)) - raft.server.log.appender.buffer.byte-limit = 33554432 (custom)
2019-08-23 17:14:30,843 [pool-439-thread-1] INFO  server.RaftServerConfigKeys (ConfUtils.java:logGet(43)) - raft.server.log.segment.size.max = 1048576 (custom)
2019-08-23 17:14:30,843 [pool-439-thread-1] INFO  server.RaftServerConfigKeys (ConfUtils.java:logGet(43)) - raft.server.log.segment.cache.num.max = 2 (custom)
2019-08-23 17:14:30,843 [pool-439-thread-1] INFO  segmented.SegmentedRaftLogWorker (SegmentedRaftLogWorker.java:<init>(172)) - new 23fa496f-0b24-4481-8ded-b6c2e0b9cb99-SegmentedRaftLogWorker:Storage Directory /workdir/hadoop-ozone/integration-test/target/test-dir/MiniOzoneClusterImpl-49991279-2dcc-4eb0-83dc-ab14c407d015/datanode-0/data/ratis/8fcb5fd7-150a-45fb-9988-150d2fe5ae1a for RaftStorage:Storage Directory /workdir/hadoop-ozone/integration-test/target/test-dir/MiniOzoneClusterImpl-49991279-2dcc-4eb0-83dc-ab14c407d015/datanode-0/data/ratis/8fcb5fd7-150a-45fb-9988-150d2fe5ae1a
2019-08-23 17:14:30,843 [pool-439-thread-1] INFO  server.RaftServerConfigKeys (ConfUtils.java:logGet(43)) - raft.server.log.queue.byte-limit = 2147483647 (custom)
2019-08-23 17:14:30,843 [pool-439-thread-1] INFO  server.RaftServerConfigKeys (ConfUtils.java:logGet(43)) - raft.server.log.queue.element-limit = 1024 (custom)
2019-08-23 17:14:30,844 [pool-439-thread-1] INFO  server.RaftServerConfigKeys (ConfUtils.java:logGet(43)) - raft.server.log.segment.size.max = 1048576 (custom)
2019-08-23 17:14:30,844 [pool-439-thread-1] INFO  server.RaftServerConfigKeys (ConfUtils.java:logGet(43)) - raft.server.log.preallocated.size = 16384 (custom)
2019-08-23 17:14:30,844 [pool-439-thread-1] INFO  server.RaftServerConfigKeys (ConfUtils.java:logGet(43)) - raft.server.log.write.buffer.size = 33554432 (custom)
2019-08-23 17:14:30,844 [pool-439-thread-1] INFO  server.RaftServerConfigKeys (ConfUtils.java:logGet(43)) - raft.server.log.force.sync.num = 128 (default)
2019-08-23 17:14:30,844 [pool-439-thread-1] INFO  server.RaftServerConfigKeys (ConfUtils.java:logGet(43)) - raft.server.log.statemachine.data.sync = true (default)
2019-08-23 17:14:30,844 [pool-439-thread-1] INFO  server.RaftServerConfigKeys (ConfUtils.java:logGet(43)) - raft.server.log.statemachine.data.sync.timeout = 10s (default)
2019-08-23 17:14:30,845 [pool-439-thread-1] INFO  server.RaftServerConfigKeys (ConfUtils.java:logGet(43)) - raft.server.log.statemachine.data.sync.timeout.retry = -1 (default)
2019-08-23 17:14:30,845 [pool-439-thread-1] INFO  server.RaftServerConfigKeys (ConfUtils.java:logGet(43)) - raft.server.log.statemachine.data.caching.enabled = true (custom)
2019-08-23 17:14:30,845 [pool-439-thread-1] INFO  segmented.SegmentedRaftLogWorker (SegmentedRaftLogWorker.java:lambda$new$0(132)) - 23fa496f-0b24-4481-8ded-b6c2e0b9cb99-SegmentedRaftLogWorker:Storage Directory /workdir/hadoop-ozone/integration-test/target/test-dir/MiniOzoneClusterImpl-49991279-2dcc-4eb0-83dc-ab14c407d015/datanode-0/data/ratis/8fcb5fd7-150a-45fb-9988-150d2fe5ae1a: flushIndex: setUnconditionally 0 -> -1
2019-08-23 17:14:30,846 [pool-439-thread-1] INFO  server.RaftServerConfigKeys (ConfUtils.java:logGet(43)) - raft.server.snapshot.auto.trigger.enabled = true (custom)
2019-08-23 17:14:30,846 [pool-439-thread-1] INFO  server.RaftServerConfigKeys (ConfUtils.java:logGet(43)) - raft.server.snapshot.auto.trigger.threshold = 10000 (custom)
2019-08-23 17:14:30,846 [pool-439-thread-1] INFO  server.RaftServerConfigKeys (ConfUtils.java:logGet(43)) - raft.server.retrycache.expirytime = 600000ms (custom)
2019-08-23 17:14:30,846 [pool-439-thread-1] INFO  impl.RaftServerImpl (RaftServerImpl.java:start(180)) - 23fa496f-0b24-4481-8ded-b6c2e0b9cb99: start group-150D2FE5AE1A
2019-08-23 17:14:30,846 [pool-439-thread-1] INFO  impl.RaftServerImpl (RaftServerImpl.java:setRole(171)) - 23fa496f-0b24-4481-8ded-b6c2e0b9cb99:group-150D2FE5AE1A changes role from null to FOLLOWER at term 0 for startAsFollower
2019-08-23 17:14:30,846 [pool-439-thread-1] INFO  impl.RoleInfo (RoleInfo.java:updateAndGet(143)) - 23fa496f-0b24-4481-8ded-b6c2e0b9cb99: start FollowerState
2019-08-23 17:14:30,848 [pool-439-thread-1] INFO  util.JmxRegister (JmxRegister.java:tryRegister(44)) - Successfully registered JMX Bean with object name Ratis:service=RaftServer,group=group-150D2FE5AE1A,id=23fa496f-0b24-4481-8ded-b6c2e0b9cb99
2019-08-23 17:14:30,853 [RatisPipelineUtilsThread] INFO  pipeline.PipelineStateManager (PipelineStateManager.java:addPipeline(56)) - Created pipeline Pipeline[ Id: 8fcb5fd7-150a-45fb-9988-150d2fe5ae1a, Nodes: 23fa496f-0b24-4481-8ded-b6c2e0b9cb99{ip: 192.168.34.23, host: pr-hdds-1982-decom-states-s47vm-2072066488, networkLocation: /default-rack, certSerialId: null}, Type:RATIS, Factor:ONE, State:OPEN]
2019-08-23 17:14:30,994 [IPC Server handler 19 on 36582] INFO  net.NetworkTopology (NetworkTopologyImpl.java:add(110)) - Added a new node: /default-rack/03c422ce-7517-4458-ba1e-7259997ff644
2019-08-23 17:14:30,995 [IPC Server handler 19 on 36582] INFO  node.SCMNodeManager (SCMNodeManager.java:register(273)) - Registered Data node : 03c422ce-7517-4458-ba1e-7259997ff644{ip: 192.168.34.23, host: pr-hdds-1982-decom-states-s47vm-2072066488, networkLocation: /default-rack, certSerialId: null}
2019-08-23 17:14:30,995 | INFO  | SCMAudit | user=jenkins1000 | ip=192.168.34.23 | op=REGISTER {datanodeDetails=03c422ce-7517-4458-ba1e-7259997ff644{ip: 192.168.34.23, host: pr-hdds-1982-decom-states-s47vm-2072066488, networkLocation: /default-rack, certSerialId: null}} | ret=SUCCESS |  
2019-08-23 17:14:31,003 [grpc-default-executor-8] INFO  impl.RaftServerProxy (RaftServerProxy.java:addNew(89)) - 03c422ce-7517-4458-ba1e-7259997ff644: addNew group-BABE9217422A:[03c422ce-7517-4458-ba1e-7259997ff644:192.168.34.23:38086] returns group-BABE9217422A:java.util.concurrent.CompletableFuture@294a0ee9[Not completed]
2019-08-23 17:14:31,004 [pool-450-thread-1] INFO  impl.RaftServerImpl (RaftServerImpl.java:<init>(93)) - 03c422ce-7517-4458-ba1e-7259997ff644: new RaftServerImpl for group-BABE9217422A:[03c422ce-7517-4458-ba1e-7259997ff644:192.168.34.23:38086] with ContainerStateMachine:uninitialized
2019-08-23 17:14:31,004 [pool-450-thread-1] INFO  server.RaftServerConfigKeys (ConfUtils.java:logGet(43)) - raft.server.rpc.timeout.min = 5s (custom)
2019-08-23 17:14:31,004 [pool-450-thread-1] INFO  server.RaftServerConfigKeys (ConfUtils.java:logGet(43)) - raft.server.rpc.timeout.max = 5200ms (custom)
2019-08-23 17:14:31,005 [pool-450-thread-1] INFO  server.RaftServerConfigKeys (ConfUtils.java:logGet(43)) - raft.server.rpcslowness.timeout = 120s (custom)
2019-08-23 17:14:31,005 [pool-450-thread-1] INFO  server.RaftServerConfigKeys (ConfUtils.java:logGet(43)) - raft.server.sleep.deviation.threshold = 300 (default)
2019-08-23 17:14:31,005 [pool-450-thread-1] INFO  server.RaftServerConfigKeys (ConfUtils.java:logGet(43)) - raft.server.log.appender.install.snapshot.enabled = false (custom)
2019-08-23 17:14:31,005 [pool-450-thread-1] INFO  impl.RaftServerImpl (ServerState.java:<init>(105)) - 03c422ce-7517-4458-ba1e-7259997ff644:group-BABE9217422A ConfigurationManager, init=-1: [03c422ce-7517-4458-ba1e-7259997ff644:192.168.34.23:38086], old=null, confs=<EMPTY_MAP>
2019-08-23 17:14:31,005 [pool-450-thread-1] INFO  server.RaftServerConfigKeys (ConfUtils.java:logGet(43)) - raft.server.storage.dir = [/workdir/hadoop-ozone/integration-test/target/test-dir/MiniOzoneClusterImpl-49991279-2dcc-4eb0-83dc-ab14c407d015/datanode-1/data/ratis] (custom)
2019-08-23 17:14:31,006 [pool-450-thread-1] INFO  storage.RaftStorageDirectory (RaftStorageDirectory.java:analyzeStorage(246)) - The storage directory /workdir/hadoop-ozone/integration-test/target/test-dir/MiniOzoneClusterImpl-49991279-2dcc-4eb0-83dc-ab14c407d015/datanode-1/data/ratis/3e962dfa-76e7-4513-9d9b-babe9217422a does not exist. Creating ...
2019-08-23 17:14:31,019 [pool-450-thread-1] INFO  storage.RaftStorageDirectory (RaftStorageDirectory.java:tryLock(328)) - Lock on /workdir/hadoop-ozone/integration-test/target/test-dir/MiniOzoneClusterImpl-49991279-2dcc-4eb0-83dc-ab14c407d015/datanode-1/data/ratis/3e962dfa-76e7-4513-9d9b-babe9217422a/in_use.lock acquired by nodename 12048@pr-hdds-1982-decom-states-s47vm-2072066488
2019-08-23 17:14:31,032 [pool-450-thread-1] INFO  storage.RaftStorage (RaftStorage.java:format(72)) - Storage directory /workdir/hadoop-ozone/integration-test/target/test-dir/MiniOzoneClusterImpl-49991279-2dcc-4eb0-83dc-ab14c407d015/datanode-1/data/ratis/3e962dfa-76e7-4513-9d9b-babe9217422a has been successfully formatted.
2019-08-23 17:14:31,033 [pool-450-thread-1] INFO  ratis.ContainerStateMachine (ContainerStateMachine.java:loadSnapshot(226)) - group-BABE9217422A: The snapshot info is null. Setting the last applied indexto:(t:0, i:~)
2019-08-23 17:14:31,033 [pool-450-thread-1] INFO  server.RaftServerConfigKeys (ConfUtils.java:logGet(43)) - raft.server.leader.election.timeout = 120s (custom)
2019-08-23 17:14:31,033 [pool-450-thread-1] INFO  server.RaftServerConfigKeys (ConfUtils.java:logGet(43)) - raft.server.log.use.memory = false (default)
2019-08-23 17:14:31,033 [pool-450-thread-1] INFO  server.RaftServerConfigKeys (ConfUtils.java:logGet(43)) - raft.server.log.purge.gap = 1000000 (custom)
2019-08-23 17:14:31,033 [pool-450-thread-1] INFO  server.RaftServerConfigKeys (ConfUtils.java:logGet(43)) - raft.server.log.appender.buffer.byte-limit = 33554432 (custom)
2019-08-23 17:14:31,033 [pool-450-thread-1] INFO  server.RaftServerConfigKeys (ConfUtils.java:logGet(43)) - raft.server.log.segment.size.max = 1048576 (custom)
2019-08-23 17:14:31,033 [pool-450-thread-1] INFO  server.RaftServerConfigKeys (ConfUtils.java:logGet(43)) - raft.server.log.segment.cache.num.max = 2 (custom)
2019-08-23 17:14:31,034 [pool-450-thread-1] INFO  segmented.SegmentedRaftLogWorker (SegmentedRaftLogWorker.java:<init>(172)) - new 03c422ce-7517-4458-ba1e-7259997ff644-SegmentedRaftLogWorker:Storage Directory /workdir/hadoop-ozone/integration-test/target/test-dir/MiniOzoneClusterImpl-49991279-2dcc-4eb0-83dc-ab14c407d015/datanode-1/data/ratis/3e962dfa-76e7-4513-9d9b-babe9217422a for RaftStorage:Storage Directory /workdir/hadoop-ozone/integration-test/target/test-dir/MiniOzoneClusterImpl-49991279-2dcc-4eb0-83dc-ab14c407d015/datanode-1/data/ratis/3e962dfa-76e7-4513-9d9b-babe9217422a
2019-08-23 17:14:31,034 [pool-450-thread-1] INFO  server.RaftServerConfigKeys (ConfUtils.java:logGet(43)) - raft.server.log.queue.byte-limit = 2147483647 (custom)
2019-08-23 17:14:31,034 [pool-450-thread-1] INFO  server.RaftServerConfigKeys (ConfUtils.java:logGet(43)) - raft.server.log.queue.element-limit = 1024 (custom)
2019-08-23 17:14:31,034 [pool-450-thread-1] INFO  server.RaftServerConfigKeys (ConfUtils.java:logGet(43)) - raft.server.log.segment.size.max = 1048576 (custom)
2019-08-23 17:14:31,034 [pool-450-thread-1] INFO  server.RaftServerConfigKeys (ConfUtils.java:logGet(43)) - raft.server.log.preallocated.size = 16384 (custom)
2019-08-23 17:14:31,034 [pool-450-thread-1] INFO  server.RaftServerConfigKeys (ConfUtils.java:logGet(43)) - raft.server.log.write.buffer.size = 33554432 (custom)
2019-08-23 17:14:31,034 [pool-450-thread-1] INFO  server.RaftServerConfigKeys (ConfUtils.java:logGet(43)) - raft.server.log.force.sync.num = 128 (default)
2019-08-23 17:14:31,035 [pool-450-thread-1] INFO  server.RaftServerConfigKeys (ConfUtils.java:logGet(43)) - raft.server.log.statemachine.data.sync = true (default)
2019-08-23 17:14:31,035 [pool-450-thread-1] INFO  server.RaftServerConfigKeys (ConfUtils.java:logGet(43)) - raft.server.log.statemachine.data.sync.timeout = 10s (default)
2019-08-23 17:14:31,035 [pool-450-thread-1] INFO  server.RaftServerConfigKeys (ConfUtils.java:logGet(43)) - raft.server.log.statemachine.data.sync.timeout.retry = -1 (default)
2019-08-23 17:14:31,035 [pool-450-thread-1] INFO  server.RaftServerConfigKeys (ConfUtils.java:logGet(43)) - raft.server.log.statemachine.data.caching.enabled = true (custom)
2019-08-23 17:14:31,035 [pool-450-thread-1] INFO  segmented.SegmentedRaftLogWorker (SegmentedRaftLogWorker.java:lambda$new$0(132)) - 03c422ce-7517-4458-ba1e-7259997ff644-SegmentedRaftLogWorker:Storage Directory /workdir/hadoop-ozone/integration-test/target/test-dir/MiniOzoneClusterImpl-49991279-2dcc-4eb0-83dc-ab14c407d015/datanode-1/data/ratis/3e962dfa-76e7-4513-9d9b-babe9217422a: flushIndex: setUnconditionally 0 -> -1
2019-08-23 17:14:31,036 [pool-450-thread-1] INFO  server.RaftServerConfigKeys (ConfUtils.java:logGet(43)) - raft.server.snapshot.auto.trigger.enabled = true (custom)
2019-08-23 17:14:31,036 [pool-450-thread-1] INFO  server.RaftServerConfigKeys (ConfUtils.java:logGet(43)) - raft.server.snapshot.auto.trigger.threshold = 10000 (custom)
2019-08-23 17:14:31,036 [main] INFO  ozone.MiniOzoneClusterImpl (MiniOzoneClusterImpl.java:lambda$waitForClusterToBeReady$0(142)) - Waiting for cluster to be ready. Got 2 of 7 DN Heartbeats.
2019-08-23 17:14:31,036 [pool-450-thread-1] INFO  server.RaftServerConfigKeys (ConfUtils.java:logGet(43)) - raft.server.retrycache.expirytime = 600000ms (custom)
2019-08-23 17:14:31,037 [pool-450-thread-1] INFO  impl.RaftServerImpl (RaftServerImpl.java:start(180)) - 03c422ce-7517-4458-ba1e-7259997ff644: start group-BABE9217422A
2019-08-23 17:14:31,037 [pool-450-thread-1] INFO  impl.RaftServerImpl (RaftServerImpl.java:setRole(171)) - 03c422ce-7517-4458-ba1e-7259997ff644:group-BABE9217422A changes role from null to FOLLOWER at term 0 for startAsFollower
2019-08-23 17:14:31,037 [pool-450-thread-1] INFO  impl.RoleInfo (RoleInfo.java:updateAndGet(143)) - 03c422ce-7517-4458-ba1e-7259997ff644: start FollowerState
2019-08-23 17:14:31,037 [pool-450-thread-1] INFO  util.JmxRegister (JmxRegister.java:tryRegister(44)) - Successfully registered JMX Bean with object name Ratis:service=RaftServer,group=group-BABE9217422A,id=03c422ce-7517-4458-ba1e-7259997ff644
2019-08-23 17:14:31,043 [RatisPipelineUtilsThread] INFO  pipeline.PipelineStateManager (PipelineStateManager.java:addPipeline(56)) - Created pipeline Pipeline[ Id: 3e962dfa-76e7-4513-9d9b-babe9217422a, Nodes: 03c422ce-7517-4458-ba1e-7259997ff644{ip: 192.168.34.23, host: pr-hdds-1982-decom-states-s47vm-2072066488, networkLocation: /default-rack, certSerialId: null}, Type:RATIS, Factor:ONE, State:OPEN]
2019-08-23 17:14:31,175 [IPC Server handler 2 on 36582] INFO  net.NetworkTopology (NetworkTopologyImpl.java:add(110)) - Added a new node: /default-rack/007a4926-093a-4d3a-9d9e-3c5f17d50581
2019-08-23 17:14:31,175 [IPC Server handler 2 on 36582] INFO  node.SCMNodeManager (SCMNodeManager.java:register(273)) - Registered Data node : 007a4926-093a-4d3a-9d9e-3c5f17d50581{ip: 192.168.34.23, host: pr-hdds-1982-decom-states-s47vm-2072066488, networkLocation: /default-rack, certSerialId: null}
2019-08-23 17:14:31,175 | INFO  | SCMAudit | user=jenkins1000 | ip=192.168.34.23 | op=REGISTER {datanodeDetails=007a4926-093a-4d3a-9d9e-3c5f17d50581{ip: 192.168.34.23, host: pr-hdds-1982-decom-states-s47vm-2072066488, networkLocation: /default-rack, certSerialId: null}} | ret=SUCCESS |  
2019-08-23 17:14:31,183 [grpc-default-executor-8] INFO  impl.RaftServerProxy (RaftServerProxy.java:addNew(89)) - 007a4926-093a-4d3a-9d9e-3c5f17d50581: addNew group-EC25C1C13B20:[007a4926-093a-4d3a-9d9e-3c5f17d50581:192.168.34.23:41071] returns group-EC25C1C13B20:java.util.concurrent.CompletableFuture@8ccde16[Not completed]
2019-08-23 17:14:31,183 [pool-461-thread-1] INFO  impl.RaftServerImpl (RaftServerImpl.java:<init>(93)) - 007a4926-093a-4d3a-9d9e-3c5f17d50581: new RaftServerImpl for group-EC25C1C13B20:[007a4926-093a-4d3a-9d9e-3c5f17d50581:192.168.34.23:41071] with ContainerStateMachine:uninitialized
2019-08-23 17:14:31,183 [pool-461-thread-1] INFO  server.RaftServerConfigKeys (ConfUtils.java:logGet(43)) - raft.server.rpc.timeout.min = 5s (custom)
2019-08-23 17:14:31,184 [pool-461-thread-1] INFO  server.RaftServerConfigKeys (ConfUtils.java:logGet(43)) - raft.server.rpc.timeout.max = 5200ms (custom)
2019-08-23 17:14:31,184 [pool-461-thread-1] INFO  server.RaftServerConfigKeys (ConfUtils.java:logGet(43)) - raft.server.rpcslowness.timeout = 120s (custom)
2019-08-23 17:14:31,184 [pool-461-thread-1] INFO  server.RaftServerConfigKeys (ConfUtils.java:logGet(43)) - raft.server.sleep.deviation.threshold = 300 (default)
2019-08-23 17:14:31,184 [pool-461-thread-1] INFO  server.RaftServerConfigKeys (ConfUtils.java:logGet(43)) - raft.server.log.appender.install.snapshot.enabled = false (custom)
2019-08-23 17:14:31,184 [pool-461-thread-1] INFO  impl.RaftServerImpl (ServerState.java:<init>(105)) - 007a4926-093a-4d3a-9d9e-3c5f17d50581:group-EC25C1C13B20 ConfigurationManager, init=-1: [007a4926-093a-4d3a-9d9e-3c5f17d50581:192.168.34.23:41071], old=null, confs=<EMPTY_MAP>
2019-08-23 17:14:31,184 [pool-461-thread-1] INFO  server.RaftServerConfigKeys (ConfUtils.java:logGet(43)) - raft.server.storage.dir = [/workdir/hadoop-ozone/integration-test/target/test-dir/MiniOzoneClusterImpl-49991279-2dcc-4eb0-83dc-ab14c407d015/datanode-2/data/ratis] (custom)
2019-08-23 17:14:31,184 [pool-461-thread-1] INFO  storage.RaftStorageDirectory (RaftStorageDirectory.java:analyzeStorage(246)) - The storage directory /workdir/hadoop-ozone/integration-test/target/test-dir/MiniOzoneClusterImpl-49991279-2dcc-4eb0-83dc-ab14c407d015/datanode-2/data/ratis/43ed4580-1312-44c6-8d93-ec25c1c13b20 does not exist. Creating ...
2019-08-23 17:14:31,197 [pool-461-thread-1] INFO  storage.RaftStorageDirectory (RaftStorageDirectory.java:tryLock(328)) - Lock on /workdir/hadoop-ozone/integration-test/target/test-dir/MiniOzoneClusterImpl-49991279-2dcc-4eb0-83dc-ab14c407d015/datanode-2/data/ratis/43ed4580-1312-44c6-8d93-ec25c1c13b20/in_use.lock acquired by nodename 12048@pr-hdds-1982-decom-states-s47vm-2072066488
2019-08-23 17:14:31,210 [pool-461-thread-1] INFO  storage.RaftStorage (RaftStorage.java:format(72)) - Storage directory /workdir/hadoop-ozone/integration-test/target/test-dir/MiniOzoneClusterImpl-49991279-2dcc-4eb0-83dc-ab14c407d015/datanode-2/data/ratis/43ed4580-1312-44c6-8d93-ec25c1c13b20 has been successfully formatted.
2019-08-23 17:14:31,210 [pool-461-thread-1] INFO  ratis.ContainerStateMachine (ContainerStateMachine.java:loadSnapshot(226)) - group-EC25C1C13B20: The snapshot info is null. Setting the last applied indexto:(t:0, i:~)
2019-08-23 17:14:31,210 [pool-461-thread-1] INFO  server.RaftServerConfigKeys (ConfUtils.java:logGet(43)) - raft.server.leader.election.timeout = 120s (custom)
2019-08-23 17:14:31,210 [pool-461-thread-1] INFO  server.RaftServerConfigKeys (ConfUtils.java:logGet(43)) - raft.server.log.use.memory = false (default)
2019-08-23 17:14:31,210 [pool-461-thread-1] INFO  server.RaftServerConfigKeys (ConfUtils.java:logGet(43)) - raft.server.log.purge.gap = 1000000 (custom)
2019-08-23 17:14:31,211 [pool-461-thread-1] INFO  server.RaftServerConfigKeys (ConfUtils.java:logGet(43)) - raft.server.log.appender.buffer.byte-limit = 33554432 (custom)
2019-08-23 17:14:31,211 [pool-461-thread-1] INFO  server.RaftServerConfigKeys (ConfUtils.java:logGet(43)) - raft.server.log.segment.size.max = 1048576 (custom)
2019-08-23 17:14:31,211 [pool-461-thread-1] INFO  server.RaftServerConfigKeys (ConfUtils.java:logGet(43)) - raft.server.log.segment.cache.num.max = 2 (custom)
2019-08-23 17:14:31,211 [pool-461-thread-1] INFO  segmented.SegmentedRaftLogWorker (SegmentedRaftLogWorker.java:<init>(172)) - new 007a4926-093a-4d3a-9d9e-3c5f17d50581-SegmentedRaftLogWorker:Storage Directory /workdir/hadoop-ozone/integration-test/target/test-dir/MiniOzoneClusterImpl-49991279-2dcc-4eb0-83dc-ab14c407d015/datanode-2/data/ratis/43ed4580-1312-44c6-8d93-ec25c1c13b20 for RaftStorage:Storage Directory /workdir/hadoop-ozone/integration-test/target/test-dir/MiniOzoneClusterImpl-49991279-2dcc-4eb0-83dc-ab14c407d015/datanode-2/data/ratis/43ed4580-1312-44c6-8d93-ec25c1c13b20
2019-08-23 17:14:31,211 [pool-461-thread-1] INFO  server.RaftServerConfigKeys (ConfUtils.java:logGet(43)) - raft.server.log.queue.byte-limit = 2147483647 (custom)
2019-08-23 17:14:31,211 [pool-461-thread-1] INFO  server.RaftServerConfigKeys (ConfUtils.java:logGet(43)) - raft.server.log.queue.element-limit = 1024 (custom)
2019-08-23 17:14:31,211 [pool-461-thread-1] INFO  server.RaftServerConfigKeys (ConfUtils.java:logGet(43)) - raft.server.log.segment.size.max = 1048576 (custom)
2019-08-23 17:14:31,211 [pool-461-thread-1] INFO  server.RaftServerConfigKeys (ConfUtils.java:logGet(43)) - raft.server.log.preallocated.size = 16384 (custom)
2019-08-23 17:14:31,211 [pool-461-thread-1] INFO  server.RaftServerConfigKeys (ConfUtils.java:logGet(43)) - raft.server.log.write.buffer.size = 33554432 (custom)
2019-08-23 17:14:31,212 [pool-461-thread-1] INFO  server.RaftServerConfigKeys (ConfUtils.java:logGet(43)) - raft.server.log.force.sync.num = 128 (default)
2019-08-23 17:14:31,212 [pool-461-thread-1] INFO  server.RaftServerConfigKeys (ConfUtils.java:logGet(43)) - raft.server.log.statemachine.data.sync = true (default)
2019-08-23 17:14:31,212 [pool-461-thread-1] INFO  server.RaftServerConfigKeys (ConfUtils.java:logGet(43)) - raft.server.log.statemachine.data.sync.timeout = 10s (default)
2019-08-23 17:14:31,212 [pool-461-thread-1] INFO  server.RaftServerConfigKeys (ConfUtils.java:logGet(43)) - raft.server.log.statemachine.data.sync.timeout.retry = -1 (default)
2019-08-23 17:14:31,212 [pool-461-thread-1] INFO  server.RaftServerConfigKeys (ConfUtils.java:logGet(43)) - raft.server.log.statemachine.data.caching.enabled = true (custom)
2019-08-23 17:14:31,212 [pool-461-thread-1] INFO  segmented.SegmentedRaftLogWorker (SegmentedRaftLogWorker.java:lambda$new$0(132)) - 007a4926-093a-4d3a-9d9e-3c5f17d50581-SegmentedRaftLogWorker:Storage Directory /workdir/hadoop-ozone/integration-test/target/test-dir/MiniOzoneClusterImpl-49991279-2dcc-4eb0-83dc-ab14c407d015/datanode-2/data/ratis/43ed4580-1312-44c6-8d93-ec25c1c13b20: flushIndex: setUnconditionally 0 -> -1
2019-08-23 17:14:31,212 [pool-461-thread-1] INFO  server.RaftServerConfigKeys (ConfUtils.java:logGet(43)) - raft.server.snapshot.auto.trigger.enabled = true (custom)
2019-08-23 17:14:31,213 [pool-461-thread-1] INFO  server.RaftServerConfigKeys (ConfUtils.java:logGet(43)) - raft.server.snapshot.auto.trigger.threshold = 10000 (custom)
2019-08-23 17:14:31,213 [pool-461-thread-1] INFO  server.RaftServerConfigKeys (ConfUtils.java:logGet(43)) - raft.server.retrycache.expirytime = 600000ms (custom)
2019-08-23 17:14:31,213 [pool-461-thread-1] INFO  impl.RaftServerImpl (RaftServerImpl.java:start(180)) - 007a4926-093a-4d3a-9d9e-3c5f17d50581: start group-EC25C1C13B20
2019-08-23 17:14:31,213 [pool-461-thread-1] INFO  impl.RaftServerImpl (RaftServerImpl.java:setRole(171)) - 007a4926-093a-4d3a-9d9e-3c5f17d50581:group-EC25C1C13B20 changes role from null to FOLLOWER at term 0 for startAsFollower
2019-08-23 17:14:31,213 [pool-461-thread-1] INFO  impl.RoleInfo (RoleInfo.java:updateAndGet(143)) - 007a4926-093a-4d3a-9d9e-3c5f17d50581: start FollowerState
2019-08-23 17:14:31,213 [pool-461-thread-1] INFO  util.JmxRegister (JmxRegister.java:tryRegister(44)) - Successfully registered JMX Bean with object name Ratis:service=RaftServer,group=group-EC25C1C13B20,id=007a4926-093a-4d3a-9d9e-3c5f17d50581
2019-08-23 17:14:31,217 [RatisPipelineUtilsThread] INFO  pipeline.PipelineStateManager (PipelineStateManager.java:addPipeline(56)) - Created pipeline Pipeline[ Id: 43ed4580-1312-44c6-8d93-ec25c1c13b20, Nodes: 007a4926-093a-4d3a-9d9e-3c5f17d50581{ip: 192.168.34.23, host: pr-hdds-1982-decom-states-s47vm-2072066488, networkLocation: /default-rack, certSerialId: null}, Type:RATIS, Factor:ONE, State:OPEN]
2019-08-23 17:14:31,227 [grpc-default-executor-7] INFO  impl.RaftServerProxy (RaftServerProxy.java:addNew(89)) - 007a4926-093a-4d3a-9d9e-3c5f17d50581: addNew group-4AE01A1E531D:[007a4926-093a-4d3a-9d9e-3c5f17d50581:192.168.34.23:41071, 03c422ce-7517-4458-ba1e-7259997ff644:192.168.34.23:38086, 23fa496f-0b24-4481-8ded-b6c2e0b9cb99:192.168.34.23:37392] returns group-4AE01A1E531D:java.util.concurrent.CompletableFuture@17f78e59[Not completed]
2019-08-23 17:14:31,227 [grpc-default-executor-4] INFO  impl.RaftServerProxy (RaftServerProxy.java:addNew(89)) - 23fa496f-0b24-4481-8ded-b6c2e0b9cb99: addNew group-4AE01A1E531D:[007a4926-093a-4d3a-9d9e-3c5f17d50581:192.168.34.23:41071, 03c422ce-7517-4458-ba1e-7259997ff644:192.168.34.23:38086, 23fa496f-0b24-4481-8ded-b6c2e0b9cb99:192.168.34.23:37392] returns group-4AE01A1E531D:java.util.concurrent.CompletableFuture@434e60e[Not completed]
2019-08-23 17:14:31,227 [grpc-default-executor-8] INFO  impl.RaftServerProxy (RaftServerProxy.java:addNew(89)) - 03c422ce-7517-4458-ba1e-7259997ff644: addNew group-4AE01A1E531D:[007a4926-093a-4d3a-9d9e-3c5f17d50581:192.168.34.23:41071, 03c422ce-7517-4458-ba1e-7259997ff644:192.168.34.23:38086, 23fa496f-0b24-4481-8ded-b6c2e0b9cb99:192.168.34.23:37392] returns group-4AE01A1E531D:java.util.concurrent.CompletableFuture@1fb3f044[Not completed]
2019-08-23 17:14:31,228 [pool-439-thread-1] INFO  impl.RaftServerImpl (RaftServerImpl.java:<init>(93)) - 23fa496f-0b24-4481-8ded-b6c2e0b9cb99: new RaftServerImpl for group-4AE01A1E531D:[007a4926-093a-4d3a-9d9e-3c5f17d50581:192.168.34.23:41071, 03c422ce-7517-4458-ba1e-7259997ff644:192.168.34.23:38086, 23fa496f-0b24-4481-8ded-b6c2e0b9cb99:192.168.34.23:37392] with ContainerStateMachine:uninitialized
2019-08-23 17:14:31,228 [pool-439-thread-1] INFO  server.RaftServerConfigKeys (ConfUtils.java:logGet(43)) - raft.server.rpc.timeout.min = 5s (custom)
2019-08-23 17:14:31,228 [pool-439-thread-1] INFO  server.RaftServerConfigKeys (ConfUtils.java:logGet(43)) - raft.server.rpc.timeout.max = 5200ms (custom)
2019-08-23 17:14:31,228 [pool-439-thread-1] INFO  server.RaftServerConfigKeys (ConfUtils.java:logGet(43)) - raft.server.rpcslowness.timeout = 120s (custom)
2019-08-23 17:14:31,229 [pool-439-thread-1] INFO  server.RaftServerConfigKeys (ConfUtils.java:logGet(43)) - raft.server.sleep.deviation.threshold = 300 (default)
2019-08-23 17:14:31,229 [pool-450-thread-1] INFO  impl.RaftServerImpl (RaftServerImpl.java:<init>(93)) - 03c422ce-7517-4458-ba1e-7259997ff644: new RaftServerImpl for group-4AE01A1E531D:[007a4926-093a-4d3a-9d9e-3c5f17d50581:192.168.34.23:41071, 03c422ce-7517-4458-ba1e-7259997ff644:192.168.34.23:38086, 23fa496f-0b24-4481-8ded-b6c2e0b9cb99:192.168.34.23:37392] with ContainerStateMachine:uninitialized
2019-08-23 17:14:31,229 [pool-439-thread-1] INFO  server.RaftServerConfigKeys (ConfUtils.java:logGet(43)) - raft.server.log.appender.install.snapshot.enabled = false (custom)
2019-08-23 17:14:31,229 [pool-450-thread-1] INFO  server.RaftServerConfigKeys (ConfUtils.java:logGet(43)) - raft.server.rpc.timeout.min = 5s (custom)
2019-08-23 17:14:31,229 [pool-439-thread-1] INFO  impl.RaftServerImpl (ServerState.java:<init>(105)) - 23fa496f-0b24-4481-8ded-b6c2e0b9cb99:group-4AE01A1E531D ConfigurationManager, init=-1: [007a4926-093a-4d3a-9d9e-3c5f17d50581:192.168.34.23:41071, 03c422ce-7517-4458-ba1e-7259997ff644:192.168.34.23:38086, 23fa496f-0b24-4481-8ded-b6c2e0b9cb99:192.168.34.23:37392], old=null, confs=<EMPTY_MAP>
2019-08-23 17:14:31,229 [pool-450-thread-1] INFO  server.RaftServerConfigKeys (ConfUtils.java:logGet(43)) - raft.server.rpc.timeout.max = 5200ms (custom)
2019-08-23 17:14:31,229 [pool-461-thread-1] INFO  impl.RaftServerImpl (RaftServerImpl.java:<init>(93)) - 007a4926-093a-4d3a-9d9e-3c5f17d50581: new RaftServerImpl for group-4AE01A1E531D:[007a4926-093a-4d3a-9d9e-3c5f17d50581:192.168.34.23:41071, 03c422ce-7517-4458-ba1e-7259997ff644:192.168.34.23:38086, 23fa496f-0b24-4481-8ded-b6c2e0b9cb99:192.168.34.23:37392] with ContainerStateMachine:uninitialized
2019-08-23 17:14:31,229 [pool-439-thread-1] INFO  server.RaftServerConfigKeys (ConfUtils.java:logGet(43)) - raft.server.storage.dir = [/workdir/hadoop-ozone/integration-test/target/test-dir/MiniOzoneClusterImpl-49991279-2dcc-4eb0-83dc-ab14c407d015/datanode-0/data/ratis] (custom)
2019-08-23 17:14:31,229 [pool-450-thread-1] INFO  server.RaftServerConfigKeys (ConfUtils.java:logGet(43)) - raft.server.rpcslowness.timeout = 120s (custom)
2019-08-23 17:14:31,229 [pool-461-thread-1] INFO  server.RaftServerConfigKeys (ConfUtils.java:logGet(43)) - raft.server.rpc.timeout.min = 5s (custom)
2019-08-23 17:14:31,229 [pool-450-thread-1] INFO  server.RaftServerConfigKeys (ConfUtils.java:logGet(43)) - raft.server.sleep.deviation.threshold = 300 (default)
2019-08-23 17:14:31,230 [pool-439-thread-1] INFO  storage.RaftStorageDirectory (RaftStorageDirectory.java:analyzeStorage(246)) - The storage directory /workdir/hadoop-ozone/integration-test/target/test-dir/MiniOzoneClusterImpl-49991279-2dcc-4eb0-83dc-ab14c407d015/datanode-0/data/ratis/8ecee029-8d12-43a9-8959-4ae01a1e531d does not exist. Creating ...
2019-08-23 17:14:31,230 [pool-461-thread-1] INFO  server.RaftServerConfigKeys (ConfUtils.java:logGet(43)) - raft.server.rpc.timeout.max = 5200ms (custom)
2019-08-23 17:14:31,230 [pool-450-thread-1] INFO  server.RaftServerConfigKeys (ConfUtils.java:logGet(43)) - raft.server.log.appender.install.snapshot.enabled = false (custom)
2019-08-23 17:14:31,230 [pool-461-thread-1] INFO  server.RaftServerConfigKeys (ConfUtils.java:logGet(43)) - raft.server.rpcslowness.timeout = 120s (custom)
2019-08-23 17:14:31,230 [pool-450-thread-1] INFO  impl.RaftServerImpl (ServerState.java:<init>(105)) - 03c422ce-7517-4458-ba1e-7259997ff644:group-4AE01A1E531D ConfigurationManager, init=-1: [007a4926-093a-4d3a-9d9e-3c5f17d50581:192.168.34.23:41071, 03c422ce-7517-4458-ba1e-7259997ff644:192.168.34.23:38086, 23fa496f-0b24-4481-8ded-b6c2e0b9cb99:192.168.34.23:37392], old=null, confs=<EMPTY_MAP>
2019-08-23 17:14:31,230 [pool-461-thread-1] INFO  server.RaftServerConfigKeys (ConfUtils.java:logGet(43)) - raft.server.sleep.deviation.threshold = 300 (default)
2019-08-23 17:14:31,230 [pool-450-thread-1] INFO  server.RaftServerConfigKeys (ConfUtils.java:logGet(43)) - raft.server.storage.dir = [/workdir/hadoop-ozone/integration-test/target/test-dir/MiniOzoneClusterImpl-49991279-2dcc-4eb0-83dc-ab14c407d015/datanode-1/data/ratis] (custom)
2019-08-23 17:14:31,230 [pool-461-thread-1] INFO  server.RaftServerConfigKeys (ConfUtils.java:logGet(43)) - raft.server.log.appender.install.snapshot.enabled = false (custom)
2019-08-23 17:14:31,230 [pool-461-thread-1] INFO  impl.RaftServerImpl (ServerState.java:<init>(105)) - 007a4926-093a-4d3a-9d9e-3c5f17d50581:group-4AE01A1E531D ConfigurationManager, init=-1: [007a4926-093a-4d3a-9d9e-3c5f17d50581:192.168.34.23:41071, 03c422ce-7517-4458-ba1e-7259997ff644:192.168.34.23:38086, 23fa496f-0b24-4481-8ded-b6c2e0b9cb99:192.168.34.23:37392], old=null, confs=<EMPTY_MAP>
2019-08-23 17:14:31,230 [pool-450-thread-1] INFO  storage.RaftStorageDirectory (RaftStorageDirectory.java:analyzeStorage(246)) - The storage directory /workdir/hadoop-ozone/integration-test/target/test-dir/MiniOzoneClusterImpl-49991279-2dcc-4eb0-83dc-ab14c407d015/datanode-1/data/ratis/8ecee029-8d12-43a9-8959-4ae01a1e531d does not exist. Creating ...
2019-08-23 17:14:31,231 [pool-461-thread-1] INFO  server.RaftServerConfigKeys (ConfUtils.java:logGet(43)) - raft.server.storage.dir = [/workdir/hadoop-ozone/integration-test/target/test-dir/MiniOzoneClusterImpl-49991279-2dcc-4eb0-83dc-ab14c407d015/datanode-2/data/ratis] (custom)
2019-08-23 17:14:31,231 [pool-461-thread-1] INFO  storage.RaftStorageDirectory (RaftStorageDirectory.java:analyzeStorage(246)) - The storage directory /workdir/hadoop-ozone/integration-test/target/test-dir/MiniOzoneClusterImpl-49991279-2dcc-4eb0-83dc-ab14c407d015/datanode-2/data/ratis/8ecee029-8d12-43a9-8959-4ae01a1e531d does not exist. Creating ...
2019-08-23 17:14:31,241 [pool-439-thread-1] INFO  storage.RaftStorageDirectory (RaftStorageDirectory.java:tryLock(328)) - Lock on /workdir/hadoop-ozone/integration-test/target/test-dir/MiniOzoneClusterImpl-49991279-2dcc-4eb0-83dc-ab14c407d015/datanode-0/data/ratis/8ecee029-8d12-43a9-8959-4ae01a1e531d/in_use.lock acquired by nodename 12048@pr-hdds-1982-decom-states-s47vm-2072066488
2019-08-23 17:14:31,241 [pool-461-thread-1] INFO  storage.RaftStorageDirectory (RaftStorageDirectory.java:tryLock(328)) - Lock on /workdir/hadoop-ozone/integration-test/target/test-dir/MiniOzoneClusterImpl-49991279-2dcc-4eb0-83dc-ab14c407d015/datanode-2/data/ratis/8ecee029-8d12-43a9-8959-4ae01a1e531d/in_use.lock acquired by nodename 12048@pr-hdds-1982-decom-states-s47vm-2072066488
2019-08-23 17:14:31,241 [pool-450-thread-1] INFO  storage.RaftStorageDirectory (RaftStorageDirectory.java:tryLock(328)) - Lock on /workdir/hadoop-ozone/integration-test/target/test-dir/MiniOzoneClusterImpl-49991279-2dcc-4eb0-83dc-ab14c407d015/datanode-1/data/ratis/8ecee029-8d12-43a9-8959-4ae01a1e531d/in_use.lock acquired by nodename 12048@pr-hdds-1982-decom-states-s47vm-2072066488
2019-08-23 17:14:31,255 [pool-439-thread-1] INFO  storage.RaftStorage (RaftStorage.java:format(72)) - Storage directory /workdir/hadoop-ozone/integration-test/target/test-dir/MiniOzoneClusterImpl-49991279-2dcc-4eb0-83dc-ab14c407d015/datanode-0/data/ratis/8ecee029-8d12-43a9-8959-4ae01a1e531d has been successfully formatted.
2019-08-23 17:14:31,255 [pool-461-thread-1] INFO  storage.RaftStorage (RaftStorage.java:format(72)) - Storage directory /workdir/hadoop-ozone/integration-test/target/test-dir/MiniOzoneClusterImpl-49991279-2dcc-4eb0-83dc-ab14c407d015/datanode-2/data/ratis/8ecee029-8d12-43a9-8959-4ae01a1e531d has been successfully formatted.
2019-08-23 17:14:31,255 [pool-450-thread-1] INFO  storage.RaftStorage (RaftStorage.java:format(72)) - Storage directory /workdir/hadoop-ozone/integration-test/target/test-dir/MiniOzoneClusterImpl-49991279-2dcc-4eb0-83dc-ab14c407d015/datanode-1/data/ratis/8ecee029-8d12-43a9-8959-4ae01a1e531d has been successfully formatted.
2019-08-23 17:14:31,255 [pool-461-thread-1] INFO  ratis.ContainerStateMachine (ContainerStateMachine.java:loadSnapshot(226)) - group-4AE01A1E531D: The snapshot info is null. Setting the last applied indexto:(t:0, i:~)
2019-08-23 17:14:31,255 [pool-450-thread-1] INFO  ratis.ContainerStateMachine (ContainerStateMachine.java:loadSnapshot(226)) - group-4AE01A1E531D: The snapshot info is null. Setting the last applied indexto:(t:0, i:~)
2019-08-23 17:14:31,255 [pool-439-thread-1] INFO  ratis.ContainerStateMachine (ContainerStateMachine.java:loadSnapshot(226)) - group-4AE01A1E531D: The snapshot info is null. Setting the last applied indexto:(t:0, i:~)
2019-08-23 17:14:31,255 [pool-461-thread-1] INFO  server.RaftServerConfigKeys (ConfUtils.java:logGet(43)) - raft.server.leader.election.timeout = 120s (custom)
2019-08-23 17:14:31,256 [pool-439-thread-1] INFO  server.RaftServerConfigKeys (ConfUtils.java:logGet(43)) - raft.server.leader.election.timeout = 120s (custom)
2019-08-23 17:14:31,255 [pool-450-thread-1] INFO  server.RaftServerConfigKeys (ConfUtils.java:logGet(43)) - raft.server.leader.election.timeout = 120s (custom)
2019-08-23 17:14:31,256 [pool-439-thread-1] INFO  server.RaftServerConfigKeys (ConfUtils.java:logGet(43)) - raft.server.log.use.memory = false (default)
2019-08-23 17:14:31,256 [pool-461-thread-1] INFO  server.RaftServerConfigKeys (ConfUtils.java:logGet(43)) - raft.server.log.use.memory = false (default)
2019-08-23 17:14:31,256 [pool-439-thread-1] INFO  server.RaftServerConfigKeys (ConfUtils.java:logGet(43)) - raft.server.log.purge.gap = 1000000 (custom)
2019-08-23 17:14:31,256 [pool-450-thread-1] INFO  server.RaftServerConfigKeys (ConfUtils.java:logGet(43)) - raft.server.log.use.memory = false (default)
2019-08-23 17:14:31,256 [pool-439-thread-1] INFO  server.RaftServerConfigKeys (ConfUtils.java:logGet(43)) - raft.server.log.appender.buffer.byte-limit = 33554432 (custom)
2019-08-23 17:14:31,256 [pool-461-thread-1] INFO  server.RaftServerConfigKeys (ConfUtils.java:logGet(43)) - raft.server.log.purge.gap = 1000000 (custom)
2019-08-23 17:14:31,256 [pool-439-thread-1] INFO  server.RaftServerConfigKeys (ConfUtils.java:logGet(43)) - raft.server.log.segment.size.max = 1048576 (custom)
2019-08-23 17:14:31,256 [pool-450-thread-1] INFO  server.RaftServerConfigKeys (ConfUtils.java:logGet(43)) - raft.server.log.purge.gap = 1000000 (custom)
2019-08-23 17:14:31,257 [pool-439-thread-1] INFO  server.RaftServerConfigKeys (ConfUtils.java:logGet(43)) - raft.server.log.segment.cache.num.max = 2 (custom)
2019-08-23 17:14:31,257 [pool-461-thread-1] INFO  server.RaftServerConfigKeys (ConfUtils.java:logGet(43)) - raft.server.log.appender.buffer.byte-limit = 33554432 (custom)
2019-08-23 17:14:31,257 [pool-439-thread-1] INFO  segmented.SegmentedRaftLogWorker (SegmentedRaftLogWorker.java:<init>(172)) - new 23fa496f-0b24-4481-8ded-b6c2e0b9cb99-SegmentedRaftLogWorker:Storage Directory /workdir/hadoop-ozone/integration-test/target/test-dir/MiniOzoneClusterImpl-49991279-2dcc-4eb0-83dc-ab14c407d015/datanode-0/data/ratis/8ecee029-8d12-43a9-8959-4ae01a1e531d for RaftStorage:Storage Directory /workdir/hadoop-ozone/integration-test/target/test-dir/MiniOzoneClusterImpl-49991279-2dcc-4eb0-83dc-ab14c407d015/datanode-0/data/ratis/8ecee029-8d12-43a9-8959-4ae01a1e531d
2019-08-23 17:14:31,257 [pool-450-thread-1] INFO  server.RaftServerConfigKeys (ConfUtils.java:logGet(43)) - raft.server.log.appender.buffer.byte-limit = 33554432 (custom)
2019-08-23 17:14:31,257 [pool-439-thread-1] INFO  server.RaftServerConfigKeys (ConfUtils.java:logGet(43)) - raft.server.log.queue.byte-limit = 2147483647 (custom)
2019-08-23 17:14:31,257 [pool-461-thread-1] INFO  server.RaftServerConfigKeys (ConfUtils.java:logGet(43)) - raft.server.log.segment.size.max = 1048576 (custom)
2019-08-23 17:14:31,257 [pool-439-thread-1] INFO  server.RaftServerConfigKeys (ConfUtils.java:logGet(43)) - raft.server.log.queue.element-limit = 1024 (custom)
2019-08-23 17:14:31,257 [pool-450-thread-1] INFO  server.RaftServerConfigKeys (ConfUtils.java:logGet(43)) - raft.server.log.segment.size.max = 1048576 (custom)
2019-08-23 17:14:31,258 [pool-439-thread-1] INFO  server.RaftServerConfigKeys (ConfUtils.java:logGet(43)) - raft.server.log.segment.size.max = 1048576 (custom)
2019-08-23 17:14:31,258 [pool-439-thread-1] INFO  server.RaftServerConfigKeys (ConfUtils.java:logGet(43)) - raft.server.log.preallocated.size = 16384 (custom)
2019-08-23 17:14:31,257 [pool-461-thread-1] INFO  server.RaftServerConfigKeys (ConfUtils.java:logGet(43)) - raft.server.log.segment.cache.num.max = 2 (custom)
2019-08-23 17:14:31,258 [pool-439-thread-1] INFO  server.RaftServerConfigKeys (ConfUtils.java:logGet(43)) - raft.server.log.write.buffer.size = 33554432 (custom)
2019-08-23 17:14:31,258 [pool-450-thread-1] INFO  server.RaftServerConfigKeys (ConfUtils.java:logGet(43)) - raft.server.log.segment.cache.num.max = 2 (custom)
2019-08-23 17:14:31,258 [pool-439-thread-1] INFO  server.RaftServerConfigKeys (ConfUtils.java:logGet(43)) - raft.server.log.force.sync.num = 128 (default)
2019-08-23 17:14:31,258 [pool-461-thread-1] INFO  segmented.SegmentedRaftLogWorker (SegmentedRaftLogWorker.java:<init>(172)) - new 007a4926-093a-4d3a-9d9e-3c5f17d50581-SegmentedRaftLogWorker:Storage Directory /workdir/hadoop-ozone/integration-test/target/test-dir/MiniOzoneClusterImpl-49991279-2dcc-4eb0-83dc-ab14c407d015/datanode-2/data/ratis/8ecee029-8d12-43a9-8959-4ae01a1e531d for RaftStorage:Storage Directory /workdir/hadoop-ozone/integration-test/target/test-dir/MiniOzoneClusterImpl-49991279-2dcc-4eb0-83dc-ab14c407d015/datanode-2/data/ratis/8ecee029-8d12-43a9-8959-4ae01a1e531d
2019-08-23 17:14:31,258 [pool-439-thread-1] INFO  server.RaftServerConfigKeys (ConfUtils.java:logGet(43)) - raft.server.log.statemachine.data.sync = true (default)
2019-08-23 17:14:31,258 [pool-439-thread-1] INFO  server.RaftServerConfigKeys (ConfUtils.java:logGet(43)) - raft.server.log.statemachine.data.sync.timeout = 10s (default)
2019-08-23 17:14:31,258 [pool-450-thread-1] INFO  segmented.SegmentedRaftLogWorker (SegmentedRaftLogWorker.java:<init>(172)) - new 03c422ce-7517-4458-ba1e-7259997ff644-SegmentedRaftLogWorker:Storage Directory /workdir/hadoop-ozone/integration-test/target/test-dir/MiniOzoneClusterImpl-49991279-2dcc-4eb0-83dc-ab14c407d015/datanode-1/data/ratis/8ecee029-8d12-43a9-8959-4ae01a1e531d for RaftStorage:Storage Directory /workdir/hadoop-ozone/integration-test/target/test-dir/MiniOzoneClusterImpl-49991279-2dcc-4eb0-83dc-ab14c407d015/datanode-1/data/ratis/8ecee029-8d12-43a9-8959-4ae01a1e531d
2019-08-23 17:14:31,258 [pool-439-thread-1] INFO  server.RaftServerConfigKeys (ConfUtils.java:logGet(43)) - raft.server.log.statemachine.data.sync.timeout.retry = -1 (default)
2019-08-23 17:14:31,258 [pool-461-thread-1] INFO  server.RaftServerConfigKeys (ConfUtils.java:logGet(43)) - raft.server.log.queue.byte-limit = 2147483647 (custom)
2019-08-23 17:14:31,259 [pool-439-thread-1] INFO  server.RaftServerConfigKeys (ConfUtils.java:logGet(43)) - raft.server.log.statemachine.data.caching.enabled = true (custom)
2019-08-23 17:14:31,259 [pool-450-thread-1] INFO  server.RaftServerConfigKeys (ConfUtils.java:logGet(43)) - raft.server.log.queue.byte-limit = 2147483647 (custom)
2019-08-23 17:14:31,259 [pool-461-thread-1] INFO  server.RaftServerConfigKeys (ConfUtils.java:logGet(43)) - raft.server.log.queue.element-limit = 1024 (custom)
2019-08-23 17:14:31,259 [pool-439-thread-1] INFO  segmented.SegmentedRaftLogWorker (SegmentedRaftLogWorker.java:lambda$new$0(132)) - 23fa496f-0b24-4481-8ded-b6c2e0b9cb99-SegmentedRaftLogWorker:Storage Directory /workdir/hadoop-ozone/integration-test/target/test-dir/MiniOzoneClusterImpl-49991279-2dcc-4eb0-83dc-ab14c407d015/datanode-0/data/ratis/8ecee029-8d12-43a9-8959-4ae01a1e531d: flushIndex: setUnconditionally 0 -> -1
2019-08-23 17:14:31,259 [pool-450-thread-1] INFO  server.RaftServerConfigKeys (ConfUtils.java:logGet(43)) - raft.server.log.queue.element-limit = 1024 (custom)
2019-08-23 17:14:31,259 [pool-461-thread-1] INFO  server.RaftServerConfigKeys (ConfUtils.java:logGet(43)) - raft.server.log.segment.size.max = 1048576 (custom)
2019-08-23 17:14:31,259 [pool-439-thread-1] INFO  server.RaftServerConfigKeys (ConfUtils.java:logGet(43)) - raft.server.snapshot.auto.trigger.enabled = true (custom)
2019-08-23 17:14:31,260 [pool-439-thread-1] INFO  server.RaftServerConfigKeys (ConfUtils.java:logGet(43)) - raft.server.snapshot.auto.trigger.threshold = 10000 (custom)
2019-08-23 17:14:31,259 [pool-450-thread-1] INFO  server.RaftServerConfigKeys (ConfUtils.java:logGet(43)) - raft.server.log.segment.size.max = 1048576 (custom)
2019-08-23 17:14:31,260 [pool-439-thread-1] INFO  server.RaftServerConfigKeys (ConfUtils.java:logGet(43)) - raft.server.retrycache.expirytime = 600000ms (custom)
2019-08-23 17:14:31,260 [pool-461-thread-1] INFO  server.RaftServerConfigKeys (ConfUtils.java:logGet(43)) - raft.server.log.preallocated.size = 16384 (custom)
2019-08-23 17:14:31,260 [pool-439-thread-1] INFO  impl.RaftServerImpl (RaftServerImpl.java:start(180)) - 23fa496f-0b24-4481-8ded-b6c2e0b9cb99: start group-4AE01A1E531D
2019-08-23 17:14:31,260 [pool-450-thread-1] INFO  server.RaftServerConfigKeys (ConfUtils.java:logGet(43)) - raft.server.log.preallocated.size = 16384 (custom)
2019-08-23 17:14:31,260 [pool-439-thread-1] INFO  impl.RaftServerImpl (RaftServerImpl.java:setRole(171)) - 23fa496f-0b24-4481-8ded-b6c2e0b9cb99:group-4AE01A1E531D changes role from null to FOLLOWER at term 0 for startAsFollower
2019-08-23 17:14:31,260 [pool-461-thread-1] INFO  server.RaftServerConfigKeys (ConfUtils.java:logGet(43)) - raft.server.log.write.buffer.size = 33554432 (custom)
2019-08-23 17:14:31,261 [pool-439-thread-1] INFO  impl.RoleInfo (RoleInfo.java:updateAndGet(143)) - 23fa496f-0b24-4481-8ded-b6c2e0b9cb99: start FollowerState
2019-08-23 17:14:31,260 [pool-450-thread-1] INFO  server.RaftServerConfigKeys (ConfUtils.java:logGet(43)) - raft.server.log.write.buffer.size = 33554432 (custom)
2019-08-23 17:14:31,261 [pool-461-thread-1] INFO  server.RaftServerConfigKeys (ConfUtils.java:logGet(43)) - raft.server.log.force.sync.num = 128 (default)
2019-08-23 17:14:31,270 [pool-439-thread-1] INFO  util.JmxRegister (JmxRegister.java:tryRegister(44)) - Successfully registered JMX Bean with object name Ratis:service=RaftServer,group=group-4AE01A1E531D,id=23fa496f-0b24-4481-8ded-b6c2e0b9cb99
2019-08-23 17:14:31,261 [pool-450-thread-1] INFO  server.RaftServerConfigKeys (ConfUtils.java:logGet(43)) - raft.server.log.force.sync.num = 128 (default)
2019-08-23 17:14:31,271 [pool-450-thread-1] INFO  server.RaftServerConfigKeys (ConfUtils.java:logGet(43)) - raft.server.log.statemachine.data.sync = true (default)
2019-08-23 17:14:31,270 [pool-461-thread-1] INFO  server.RaftServerConfigKeys (ConfUtils.java:logGet(43)) - raft.server.log.statemachine.data.sync = true (default)
2019-08-23 17:14:31,276 [pool-450-thread-1] INFO  server.RaftServerConfigKeys (ConfUtils.java:logGet(43)) - raft.server.log.statemachine.data.sync.timeout = 10s (default)
2019-08-23 17:14:31,276 [pool-461-thread-1] INFO  server.RaftServerConfigKeys (ConfUtils.java:logGet(43)) - raft.server.log.statemachine.data.sync.timeout = 10s (default)
2019-08-23 17:14:31,276 [pool-450-thread-1] INFO  server.RaftServerConfigKeys (ConfUtils.java:logGet(43)) - raft.server.log.statemachine.data.sync.timeout.retry = -1 (default)
2019-08-23 17:14:31,276 [pool-461-thread-1] INFO  server.RaftServerConfigKeys (ConfUtils.java:logGet(43)) - raft.server.log.statemachine.data.sync.timeout.retry = -1 (default)
2019-08-23 17:14:31,278 [pool-450-thread-1] INFO  server.RaftServerConfigKeys (ConfUtils.java:logGet(43)) - raft.server.log.statemachine.data.caching.enabled = true (custom)
2019-08-23 17:14:31,278 [pool-461-thread-1] INFO  server.RaftServerConfigKeys (ConfUtils.java:logGet(43)) - raft.server.log.statemachine.data.caching.enabled = true (custom)
2019-08-23 17:14:31,278 [pool-450-thread-1] INFO  segmented.SegmentedRaftLogWorker (SegmentedRaftLogWorker.java:lambda$new$0(132)) - 03c422ce-7517-4458-ba1e-7259997ff644-SegmentedRaftLogWorker:Storage Directory /workdir/hadoop-ozone/integration-test/target/test-dir/MiniOzoneClusterImpl-49991279-2dcc-4eb0-83dc-ab14c407d015/datanode-1/data/ratis/8ecee029-8d12-43a9-8959-4ae01a1e531d: flushIndex: setUnconditionally 0 -> -1
2019-08-23 17:14:31,278 [pool-461-thread-1] INFO  segmented.SegmentedRaftLogWorker (SegmentedRaftLogWorker.java:lambda$new$0(132)) - 007a4926-093a-4d3a-9d9e-3c5f17d50581-SegmentedRaftLogWorker:Storage Directory /workdir/hadoop-ozone/integration-test/target/test-dir/MiniOzoneClusterImpl-49991279-2dcc-4eb0-83dc-ab14c407d015/datanode-2/data/ratis/8ecee029-8d12-43a9-8959-4ae01a1e531d: flushIndex: setUnconditionally 0 -> -1
2019-08-23 17:14:31,279 [pool-450-thread-1] INFO  server.RaftServerConfigKeys (ConfUtils.java:logGet(43)) - raft.server.snapshot.auto.trigger.enabled = true (custom)
2019-08-23 17:14:31,279 [pool-461-thread-1] INFO  server.RaftServerConfigKeys (ConfUtils.java:logGet(43)) - raft.server.snapshot.auto.trigger.enabled = true (custom)
2019-08-23 17:14:31,279 [pool-450-thread-1] INFO  server.RaftServerConfigKeys (ConfUtils.java:logGet(43)) - raft.server.snapshot.auto.trigger.threshold = 10000 (custom)
2019-08-23 17:14:31,279 [pool-461-thread-1] INFO  server.RaftServerConfigKeys (ConfUtils.java:logGet(43)) - raft.server.snapshot.auto.trigger.threshold = 10000 (custom)
2019-08-23 17:14:31,279 [pool-450-thread-1] INFO  server.RaftServerConfigKeys (ConfUtils.java:logGet(43)) - raft.server.retrycache.expirytime = 600000ms (custom)
2019-08-23 17:14:31,279 [pool-461-thread-1] INFO  server.RaftServerConfigKeys (ConfUtils.java:logGet(43)) - raft.server.retrycache.expirytime = 600000ms (custom)
2019-08-23 17:14:31,279 [pool-450-thread-1] INFO  impl.RaftServerImpl (RaftServerImpl.java:start(180)) - 03c422ce-7517-4458-ba1e-7259997ff644: start group-4AE01A1E531D
2019-08-23 17:14:31,279 [pool-461-thread-1] INFO  impl.RaftServerImpl (RaftServerImpl.java:start(180)) - 007a4926-093a-4d3a-9d9e-3c5f17d50581: start group-4AE01A1E531D
2019-08-23 17:14:31,280 [pool-450-thread-1] INFO  impl.RaftServerImpl (RaftServerImpl.java:setRole(171)) - 03c422ce-7517-4458-ba1e-7259997ff644:group-4AE01A1E531D changes role from null to FOLLOWER at term 0 for startAsFollower
2019-08-23 17:14:31,280 [pool-461-thread-1] INFO  impl.RaftServerImpl (RaftServerImpl.java:setRole(171)) - 007a4926-093a-4d3a-9d9e-3c5f17d50581:group-4AE01A1E531D changes role from null to FOLLOWER at term 0 for startAsFollower
2019-08-23 17:14:31,280 [pool-450-thread-1] INFO  impl.RoleInfo (RoleInfo.java:updateAndGet(143)) - 03c422ce-7517-4458-ba1e-7259997ff644: start FollowerState
2019-08-23 17:14:31,280 [pool-461-thread-1] INFO  impl.RoleInfo (RoleInfo.java:updateAndGet(143)) - 007a4926-093a-4d3a-9d9e-3c5f17d50581: start FollowerState
2019-08-23 17:14:31,280 [pool-450-thread-1] INFO  util.JmxRegister (JmxRegister.java:tryRegister(44)) - Successfully registered JMX Bean with object name Ratis:service=RaftServer,group=group-4AE01A1E531D,id=03c422ce-7517-4458-ba1e-7259997ff644
2019-08-23 17:14:31,280 [pool-461-thread-1] INFO  util.JmxRegister (JmxRegister.java:tryRegister(44)) - Successfully registered JMX Bean with object name Ratis:service=RaftServer,group=group-4AE01A1E531D,id=007a4926-093a-4d3a-9d9e-3c5f17d50581
2019-08-23 17:14:31,285 [RatisPipelineUtilsThread] INFO  pipeline.PipelineStateManager (PipelineStateManager.java:addPipeline(56)) - Created pipeline Pipeline[ Id: 8ecee029-8d12-43a9-8959-4ae01a1e531d, Nodes: 03c422ce-7517-4458-ba1e-7259997ff644{ip: 192.168.34.23, host: pr-hdds-1982-decom-states-s47vm-2072066488, networkLocation: /default-rack, certSerialId: null}007a4926-093a-4d3a-9d9e-3c5f17d50581{ip: 192.168.34.23, host: pr-hdds-1982-decom-states-s47vm-2072066488, networkLocation: /default-rack, certSerialId: null}23fa496f-0b24-4481-8ded-b6c2e0b9cb99{ip: 192.168.34.23, host: pr-hdds-1982-decom-states-s47vm-2072066488, networkLocation: /default-rack, certSerialId: null}, Type:RATIS, Factor:THREE, State:OPEN]
2019-08-23 17:14:31,560 [IPC Server handler 1 on 36582] INFO  net.NetworkTopology (NetworkTopologyImpl.java:add(110)) - Added a new node: /default-rack/99cffe41-d7bb-421f-ad37-c26af1490bc7
2019-08-23 17:14:31,560 [IPC Server handler 1 on 36582] INFO  node.SCMNodeManager (SCMNodeManager.java:register(273)) - Registered Data node : 99cffe41-d7bb-421f-ad37-c26af1490bc7{ip: 192.168.34.23, host: pr-hdds-1982-decom-states-s47vm-2072066488, networkLocation: /default-rack, certSerialId: null}
2019-08-23 17:14:31,563 | INFO  | SCMAudit | user=jenkins1000 | ip=192.168.34.23 | op=REGISTER {datanodeDetails=99cffe41-d7bb-421f-ad37-c26af1490bc7{ip: 192.168.34.23, host: pr-hdds-1982-decom-states-s47vm-2072066488, networkLocation: /default-rack, certSerialId: null}} | ret=SUCCESS |  
2019-08-23 17:14:31,570 [grpc-default-executor-8] INFO  impl.RaftServerProxy (RaftServerProxy.java:addNew(89)) - 99cffe41-d7bb-421f-ad37-c26af1490bc7: addNew group-4977038BD8C3:[99cffe41-d7bb-421f-ad37-c26af1490bc7:192.168.34.23:34140] returns group-4977038BD8C3:java.util.concurrent.CompletableFuture@64d1c760[Not completed]
2019-08-23 17:14:31,571 [pool-472-thread-1] INFO  impl.RaftServerImpl (RaftServerImpl.java:<init>(93)) - 99cffe41-d7bb-421f-ad37-c26af1490bc7: new RaftServerImpl for group-4977038BD8C3:[99cffe41-d7bb-421f-ad37-c26af1490bc7:192.168.34.23:34140] with ContainerStateMachine:uninitialized
2019-08-23 17:14:31,572 [pool-472-thread-1] INFO  server.RaftServerConfigKeys (ConfUtils.java:logGet(43)) - raft.server.rpc.timeout.min = 5s (custom)
2019-08-23 17:14:31,572 [pool-472-thread-1] INFO  server.RaftServerConfigKeys (ConfUtils.java:logGet(43)) - raft.server.rpc.timeout.max = 5200ms (custom)
2019-08-23 17:14:31,572 [pool-472-thread-1] INFO  server.RaftServerConfigKeys (ConfUtils.java:logGet(43)) - raft.server.rpcslowness.timeout = 120s (custom)
2019-08-23 17:14:31,572 [pool-472-thread-1] INFO  server.RaftServerConfigKeys (ConfUtils.java:logGet(43)) - raft.server.sleep.deviation.threshold = 300 (default)
2019-08-23 17:14:31,572 [pool-472-thread-1] INFO  server.RaftServerConfigKeys (ConfUtils.java:logGet(43)) - raft.server.log.appender.install.snapshot.enabled = false (custom)
2019-08-23 17:14:31,572 [pool-472-thread-1] INFO  impl.RaftServerImpl (ServerState.java:<init>(105)) - 99cffe41-d7bb-421f-ad37-c26af1490bc7:group-4977038BD8C3 ConfigurationManager, init=-1: [99cffe41-d7bb-421f-ad37-c26af1490bc7:192.168.34.23:34140], old=null, confs=<EMPTY_MAP>
2019-08-23 17:14:31,572 [pool-472-thread-1] INFO  server.RaftServerConfigKeys (ConfUtils.java:logGet(43)) - raft.server.storage.dir = [/workdir/hadoop-ozone/integration-test/target/test-dir/MiniOzoneClusterImpl-49991279-2dcc-4eb0-83dc-ab14c407d015/datanode-3/data/ratis] (custom)
2019-08-23 17:14:31,573 [pool-472-thread-1] INFO  storage.RaftStorageDirectory (RaftStorageDirectory.java:analyzeStorage(246)) - The storage directory /workdir/hadoop-ozone/integration-test/target/test-dir/MiniOzoneClusterImpl-49991279-2dcc-4eb0-83dc-ab14c407d015/datanode-3/data/ratis/701cd5ef-0ceb-46c4-8241-4977038bd8c3 does not exist. Creating ...
2019-08-23 17:14:31,585 [pool-472-thread-1] INFO  storage.RaftStorageDirectory (RaftStorageDirectory.java:tryLock(328)) - Lock on /workdir/hadoop-ozone/integration-test/target/test-dir/MiniOzoneClusterImpl-49991279-2dcc-4eb0-83dc-ab14c407d015/datanode-3/data/ratis/701cd5ef-0ceb-46c4-8241-4977038bd8c3/in_use.lock acquired by nodename 12048@pr-hdds-1982-decom-states-s47vm-2072066488
2019-08-23 17:14:31,599 [pool-472-thread-1] INFO  storage.RaftStorage (RaftStorage.java:format(72)) - Storage directory /workdir/hadoop-ozone/integration-test/target/test-dir/MiniOzoneClusterImpl-49991279-2dcc-4eb0-83dc-ab14c407d015/datanode-3/data/ratis/701cd5ef-0ceb-46c4-8241-4977038bd8c3 has been successfully formatted.
2019-08-23 17:14:31,599 [pool-472-thread-1] INFO  ratis.ContainerStateMachine (ContainerStateMachine.java:loadSnapshot(226)) - group-4977038BD8C3: The snapshot info is null. Setting the last applied indexto:(t:0, i:~)
2019-08-23 17:14:31,599 [pool-472-thread-1] INFO  server.RaftServerConfigKeys (ConfUtils.java:logGet(43)) - raft.server.leader.election.timeout = 120s (custom)
2019-08-23 17:14:31,599 [pool-472-thread-1] INFO  server.RaftServerConfigKeys (ConfUtils.java:logGet(43)) - raft.server.log.use.memory = false (default)
2019-08-23 17:14:31,599 [pool-472-thread-1] INFO  server.RaftServerConfigKeys (ConfUtils.java:logGet(43)) - raft.server.log.purge.gap = 1000000 (custom)
2019-08-23 17:14:31,599 [pool-472-thread-1] INFO  server.RaftServerConfigKeys (ConfUtils.java:logGet(43)) - raft.server.log.appender.buffer.byte-limit = 33554432 (custom)
2019-08-23 17:14:31,599 [pool-472-thread-1] INFO  server.RaftServerConfigKeys (ConfUtils.java:logGet(43)) - raft.server.log.segment.size.max = 1048576 (custom)
2019-08-23 17:14:31,600 [pool-472-thread-1] INFO  server.RaftServerConfigKeys (ConfUtils.java:logGet(43)) - raft.server.log.segment.cache.num.max = 2 (custom)
2019-08-23 17:14:31,600 [pool-472-thread-1] INFO  segmented.SegmentedRaftLogWorker (SegmentedRaftLogWorker.java:<init>(172)) - new 99cffe41-d7bb-421f-ad37-c26af1490bc7-SegmentedRaftLogWorker:Storage Directory /workdir/hadoop-ozone/integration-test/target/test-dir/MiniOzoneClusterImpl-49991279-2dcc-4eb0-83dc-ab14c407d015/datanode-3/data/ratis/701cd5ef-0ceb-46c4-8241-4977038bd8c3 for RaftStorage:Storage Directory /workdir/hadoop-ozone/integration-test/target/test-dir/MiniOzoneClusterImpl-49991279-2dcc-4eb0-83dc-ab14c407d015/datanode-3/data/ratis/701cd5ef-0ceb-46c4-8241-4977038bd8c3
2019-08-23 17:14:31,600 [pool-472-thread-1] INFO  server.RaftServerConfigKeys (ConfUtils.java:logGet(43)) - raft.server.log.queue.byte-limit = 2147483647 (custom)
2019-08-23 17:14:31,600 [pool-472-thread-1] INFO  server.RaftServerConfigKeys (ConfUtils.java:logGet(43)) - raft.server.log.queue.element-limit = 1024 (custom)
2019-08-23 17:14:31,600 [pool-472-thread-1] INFO  server.RaftServerConfigKeys (ConfUtils.java:logGet(43)) - raft.server.log.segment.size.max = 1048576 (custom)
2019-08-23 17:14:31,600 [pool-472-thread-1] INFO  server.RaftServerConfigKeys (ConfUtils.java:logGet(43)) - raft.server.log.preallocated.size = 16384 (custom)
2019-08-23 17:14:31,600 [pool-472-thread-1] INFO  server.RaftServerConfigKeys (ConfUtils.java:logGet(43)) - raft.server.log.write.buffer.size = 33554432 (custom)
2019-08-23 17:14:31,600 [pool-472-thread-1] INFO  server.RaftServerConfigKeys (ConfUtils.java:logGet(43)) - raft.server.log.force.sync.num = 128 (default)
2019-08-23 17:14:31,601 [pool-472-thread-1] INFO  server.RaftServerConfigKeys (ConfUtils.java:logGet(43)) - raft.server.log.statemachine.data.sync = true (default)
2019-08-23 17:14:31,601 [pool-472-thread-1] INFO  server.RaftServerConfigKeys (ConfUtils.java:logGet(43)) - raft.server.log.statemachine.data.sync.timeout = 10s (default)
2019-08-23 17:14:31,601 [pool-472-thread-1] INFO  server.RaftServerConfigKeys (ConfUtils.java:logGet(43)) - raft.server.log.statemachine.data.sync.timeout.retry = -1 (default)
2019-08-23 17:14:31,601 [pool-472-thread-1] INFO  server.RaftServerConfigKeys (ConfUtils.java:logGet(43)) - raft.server.log.statemachine.data.caching.enabled = true (custom)
2019-08-23 17:14:31,601 [pool-472-thread-1] INFO  segmented.SegmentedRaftLogWorker (SegmentedRaftLogWorker.java:lambda$new$0(132)) - 99cffe41-d7bb-421f-ad37-c26af1490bc7-SegmentedRaftLogWorker:Storage Directory /workdir/hadoop-ozone/integration-test/target/test-dir/MiniOzoneClusterImpl-49991279-2dcc-4eb0-83dc-ab14c407d015/datanode-3/data/ratis/701cd5ef-0ceb-46c4-8241-4977038bd8c3: flushIndex: setUnconditionally 0 -> -1
2019-08-23 17:14:31,602 [pool-472-thread-1] INFO  server.RaftServerConfigKeys (ConfUtils.java:logGet(43)) - raft.server.snapshot.auto.trigger.enabled = true (custom)
2019-08-23 17:14:31,602 [pool-472-thread-1] INFO  server.RaftServerConfigKeys (ConfUtils.java:logGet(43)) - raft.server.snapshot.auto.trigger.threshold = 10000 (custom)
2019-08-23 17:14:31,602 [pool-472-thread-1] INFO  server.RaftServerConfigKeys (ConfUtils.java:logGet(43)) - raft.server.retrycache.expirytime = 600000ms (custom)
2019-08-23 17:14:31,602 [pool-472-thread-1] INFO  impl.RaftServerImpl (RaftServerImpl.java:start(180)) - 99cffe41-d7bb-421f-ad37-c26af1490bc7: start group-4977038BD8C3
2019-08-23 17:14:31,602 [pool-472-thread-1] INFO  impl.RaftServerImpl (RaftServerImpl.java:setRole(171)) - 99cffe41-d7bb-421f-ad37-c26af1490bc7:group-4977038BD8C3 changes role from null to FOLLOWER at term 0 for startAsFollower
2019-08-23 17:14:31,602 [pool-472-thread-1] INFO  impl.RoleInfo (RoleInfo.java:updateAndGet(143)) - 99cffe41-d7bb-421f-ad37-c26af1490bc7: start FollowerState
2019-08-23 17:14:31,603 [pool-472-thread-1] INFO  util.JmxRegister (JmxRegister.java:tryRegister(44)) - Successfully registered JMX Bean with object name Ratis:service=RaftServer,group=group-4977038BD8C3,id=99cffe41-d7bb-421f-ad37-c26af1490bc7
2019-08-23 17:14:31,607 [RatisPipelineUtilsThread] INFO  pipeline.PipelineStateManager (PipelineStateManager.java:addPipeline(56)) - Created pipeline Pipeline[ Id: 701cd5ef-0ceb-46c4-8241-4977038bd8c3, Nodes: 99cffe41-d7bb-421f-ad37-c26af1490bc7{ip: 192.168.34.23, host: pr-hdds-1982-decom-states-s47vm-2072066488, networkLocation: /default-rack, certSerialId: null}, Type:RATIS, Factor:ONE, State:OPEN]
2019-08-23 17:14:31,724 [IPC Server handler 4 on 36582] INFO  net.NetworkTopology (NetworkTopologyImpl.java:add(110)) - Added a new node: /default-rack/eb580450-fe81-484d-8f0c-907a5b435dbc
2019-08-23 17:14:31,724 [IPC Server handler 4 on 36582] INFO  node.SCMNodeManager (SCMNodeManager.java:register(273)) - Registered Data node : eb580450-fe81-484d-8f0c-907a5b435dbc{ip: 192.168.34.23, host: pr-hdds-1982-decom-states-s47vm-2072066488, networkLocation: /default-rack, certSerialId: null}
2019-08-23 17:14:31,724 | INFO  | SCMAudit | user=jenkins1000 | ip=192.168.34.23 | op=REGISTER {datanodeDetails=eb580450-fe81-484d-8f0c-907a5b435dbc{ip: 192.168.34.23, host: pr-hdds-1982-decom-states-s47vm-2072066488, networkLocation: /default-rack, certSerialId: null}} | ret=SUCCESS |  
2019-08-23 17:14:31,732 [grpc-default-executor-8] INFO  impl.RaftServerProxy (RaftServerProxy.java:addNew(89)) - eb580450-fe81-484d-8f0c-907a5b435dbc: addNew group-FE19B0D03430:[eb580450-fe81-484d-8f0c-907a5b435dbc:192.168.34.23:43345] returns group-FE19B0D03430:java.util.concurrent.CompletableFuture@18634517[Not completed]
2019-08-23 17:14:31,733 [pool-483-thread-1] INFO  impl.RaftServerImpl (RaftServerImpl.java:<init>(93)) - eb580450-fe81-484d-8f0c-907a5b435dbc: new RaftServerImpl for group-FE19B0D03430:[eb580450-fe81-484d-8f0c-907a5b435dbc:192.168.34.23:43345] with ContainerStateMachine:uninitialized
2019-08-23 17:14:31,733 [pool-483-thread-1] INFO  server.RaftServerConfigKeys (ConfUtils.java:logGet(43)) - raft.server.rpc.timeout.min = 5s (custom)
2019-08-23 17:14:31,733 [pool-483-thread-1] INFO  server.RaftServerConfigKeys (ConfUtils.java:logGet(43)) - raft.server.rpc.timeout.max = 5200ms (custom)
2019-08-23 17:14:31,733 [pool-483-thread-1] INFO  server.RaftServerConfigKeys (ConfUtils.java:logGet(43)) - raft.server.rpcslowness.timeout = 120s (custom)
2019-08-23 17:14:31,733 [pool-483-thread-1] INFO  server.RaftServerConfigKeys (ConfUtils.java:logGet(43)) - raft.server.sleep.deviation.threshold = 300 (default)
2019-08-23 17:14:31,733 [pool-483-thread-1] INFO  server.RaftServerConfigKeys (ConfUtils.java:logGet(43)) - raft.server.log.appender.install.snapshot.enabled = false (custom)
2019-08-23 17:14:31,734 [pool-483-thread-1] INFO  impl.RaftServerImpl (ServerState.java:<init>(105)) - eb580450-fe81-484d-8f0c-907a5b435dbc:group-FE19B0D03430 ConfigurationManager, init=-1: [eb580450-fe81-484d-8f0c-907a5b435dbc:192.168.34.23:43345], old=null, confs=<EMPTY_MAP>
2019-08-23 17:14:31,734 [pool-483-thread-1] INFO  server.RaftServerConfigKeys (ConfUtils.java:logGet(43)) - raft.server.storage.dir = [/workdir/hadoop-ozone/integration-test/target/test-dir/MiniOzoneClusterImpl-49991279-2dcc-4eb0-83dc-ab14c407d015/datanode-4/data/ratis] (custom)
2019-08-23 17:14:31,734 [pool-483-thread-1] INFO  storage.RaftStorageDirectory (RaftStorageDirectory.java:analyzeStorage(246)) - The storage directory /workdir/hadoop-ozone/integration-test/target/test-dir/MiniOzoneClusterImpl-49991279-2dcc-4eb0-83dc-ab14c407d015/datanode-4/data/ratis/e5f11a50-c934-4ffb-bbb1-fe19b0d03430 does not exist. Creating ...
2019-08-23 17:14:31,747 [pool-483-thread-1] INFO  storage.RaftStorageDirectory (RaftStorageDirectory.java:tryLock(328)) - Lock on /workdir/hadoop-ozone/integration-test/target/test-dir/MiniOzoneClusterImpl-49991279-2dcc-4eb0-83dc-ab14c407d015/datanode-4/data/ratis/e5f11a50-c934-4ffb-bbb1-fe19b0d03430/in_use.lock acquired by nodename 12048@pr-hdds-1982-decom-states-s47vm-2072066488
2019-08-23 17:14:31,761 [pool-483-thread-1] INFO  storage.RaftStorage (RaftStorage.java:format(72)) - Storage directory /workdir/hadoop-ozone/integration-test/target/test-dir/MiniOzoneClusterImpl-49991279-2dcc-4eb0-83dc-ab14c407d015/datanode-4/data/ratis/e5f11a50-c934-4ffb-bbb1-fe19b0d03430 has been successfully formatted.
2019-08-23 17:14:31,761 [pool-483-thread-1] INFO  ratis.ContainerStateMachine (ContainerStateMachine.java:loadSnapshot(226)) - group-FE19B0D03430: The snapshot info is null. Setting the last applied indexto:(t:0, i:~)
2019-08-23 17:14:31,761 [pool-483-thread-1] INFO  server.RaftServerConfigKeys (ConfUtils.java:logGet(43)) - raft.server.leader.election.timeout = 120s (custom)
2019-08-23 17:14:31,761 [pool-483-thread-1] INFO  server.RaftServerConfigKeys (ConfUtils.java:logGet(43)) - raft.server.log.use.memory = false (default)
2019-08-23 17:14:31,761 [pool-483-thread-1] INFO  server.RaftServerConfigKeys (ConfUtils.java:logGet(43)) - raft.server.log.purge.gap = 1000000 (custom)
2019-08-23 17:14:31,761 [pool-483-thread-1] INFO  server.RaftServerConfigKeys (ConfUtils.java:logGet(43)) - raft.server.log.appender.buffer.byte-limit = 33554432 (custom)
2019-08-23 17:14:31,762 [pool-483-thread-1] INFO  server.RaftServerConfigKeys (ConfUtils.java:logGet(43)) - raft.server.log.segment.size.max = 1048576 (custom)
2019-08-23 17:14:31,762 [pool-483-thread-1] INFO  server.RaftServerConfigKeys (ConfUtils.java:logGet(43)) - raft.server.log.segment.cache.num.max = 2 (custom)
2019-08-23 17:14:31,762 [pool-483-thread-1] INFO  segmented.SegmentedRaftLogWorker (SegmentedRaftLogWorker.java:<init>(172)) - new eb580450-fe81-484d-8f0c-907a5b435dbc-SegmentedRaftLogWorker:Storage Directory /workdir/hadoop-ozone/integration-test/target/test-dir/MiniOzoneClusterImpl-49991279-2dcc-4eb0-83dc-ab14c407d015/datanode-4/data/ratis/e5f11a50-c934-4ffb-bbb1-fe19b0d03430 for RaftStorage:Storage Directory /workdir/hadoop-ozone/integration-test/target/test-dir/MiniOzoneClusterImpl-49991279-2dcc-4eb0-83dc-ab14c407d015/datanode-4/data/ratis/e5f11a50-c934-4ffb-bbb1-fe19b0d03430
2019-08-23 17:14:31,762 [pool-483-thread-1] INFO  server.RaftServerConfigKeys (ConfUtils.java:logGet(43)) - raft.server.log.queue.byte-limit = 2147483647 (custom)
2019-08-23 17:14:31,762 [pool-483-thread-1] INFO  server.RaftServerConfigKeys (ConfUtils.java:logGet(43)) - raft.server.log.queue.element-limit = 1024 (custom)
2019-08-23 17:14:31,762 [pool-483-thread-1] INFO  server.RaftServerConfigKeys (ConfUtils.java:logGet(43)) - raft.server.log.segment.size.max = 1048576 (custom)
2019-08-23 17:14:31,763 [pool-483-thread-1] INFO  server.RaftServerConfigKeys (ConfUtils.java:logGet(43)) - raft.server.log.preallocated.size = 16384 (custom)
2019-08-23 17:14:31,763 [pool-483-thread-1] INFO  server.RaftServerConfigKeys (ConfUtils.java:logGet(43)) - raft.server.log.write.buffer.size = 33554432 (custom)
2019-08-23 17:14:31,763 [pool-483-thread-1] INFO  server.RaftServerConfigKeys (ConfUtils.java:logGet(43)) - raft.server.log.force.sync.num = 128 (default)
2019-08-23 17:14:31,763 [pool-483-thread-1] INFO  server.RaftServerConfigKeys (ConfUtils.java:logGet(43)) - raft.server.log.statemachine.data.sync = true (default)
2019-08-23 17:14:31,763 [pool-483-thread-1] INFO  server.RaftServerConfigKeys (ConfUtils.java:logGet(43)) - raft.server.log.statemachine.data.sync.timeout = 10s (default)
2019-08-23 17:14:31,763 [pool-483-thread-1] INFO  server.RaftServerConfigKeys (ConfUtils.java:logGet(43)) - raft.server.log.statemachine.data.sync.timeout.retry = -1 (default)
2019-08-23 17:14:31,764 [pool-483-thread-1] INFO  server.RaftServerConfigKeys (ConfUtils.java:logGet(43)) - raft.server.log.statemachine.data.caching.enabled = true (custom)
2019-08-23 17:14:31,764 [pool-483-thread-1] INFO  segmented.SegmentedRaftLogWorker (SegmentedRaftLogWorker.java:lambda$new$0(132)) - eb580450-fe81-484d-8f0c-907a5b435dbc-SegmentedRaftLogWorker:Storage Directory /workdir/hadoop-ozone/integration-test/target/test-dir/MiniOzoneClusterImpl-49991279-2dcc-4eb0-83dc-ab14c407d015/datanode-4/data/ratis/e5f11a50-c934-4ffb-bbb1-fe19b0d03430: flushIndex: setUnconditionally 0 -> -1
2019-08-23 17:14:31,764 [pool-483-thread-1] INFO  server.RaftServerConfigKeys (ConfUtils.java:logGet(43)) - raft.server.snapshot.auto.trigger.enabled = true (custom)
2019-08-23 17:14:31,764 [pool-483-thread-1] INFO  server.RaftServerConfigKeys (ConfUtils.java:logGet(43)) - raft.server.snapshot.auto.trigger.threshold = 10000 (custom)
2019-08-23 17:14:31,765 [pool-483-thread-1] INFO  server.RaftServerConfigKeys (ConfUtils.java:logGet(43)) - raft.server.retrycache.expirytime = 600000ms (custom)
2019-08-23 17:14:31,765 [pool-483-thread-1] INFO  impl.RaftServerImpl (RaftServerImpl.java:start(180)) - eb580450-fe81-484d-8f0c-907a5b435dbc: start group-FE19B0D03430
2019-08-23 17:14:31,765 [pool-483-thread-1] INFO  impl.RaftServerImpl (RaftServerImpl.java:setRole(171)) - eb580450-fe81-484d-8f0c-907a5b435dbc:group-FE19B0D03430 changes role from null to FOLLOWER at term 0 for startAsFollower
2019-08-23 17:14:31,765 [pool-483-thread-1] INFO  impl.RoleInfo (RoleInfo.java:updateAndGet(143)) - eb580450-fe81-484d-8f0c-907a5b435dbc: start FollowerState
2019-08-23 17:14:31,765 [pool-483-thread-1] INFO  util.JmxRegister (JmxRegister.java:tryRegister(44)) - Successfully registered JMX Bean with object name Ratis:service=RaftServer,group=group-FE19B0D03430,id=eb580450-fe81-484d-8f0c-907a5b435dbc
2019-08-23 17:14:31,771 [RatisPipelineUtilsThread] INFO  pipeline.PipelineStateManager (PipelineStateManager.java:addPipeline(56)) - Created pipeline Pipeline[ Id: e5f11a50-c934-4ffb-bbb1-fe19b0d03430, Nodes: eb580450-fe81-484d-8f0c-907a5b435dbc{ip: 192.168.34.23, host: pr-hdds-1982-decom-states-s47vm-2072066488, networkLocation: /default-rack, certSerialId: null}, Type:RATIS, Factor:ONE, State:OPEN]
2019-08-23 17:14:31,874 [IPC Server handler 3 on 36582] INFO  net.NetworkTopology (NetworkTopologyImpl.java:add(110)) - Added a new node: /default-rack/c15a8acb-9ee6-4d33-b032-95e74a5e0f7e
2019-08-23 17:14:31,874 [IPC Server handler 3 on 36582] INFO  node.SCMNodeManager (SCMNodeManager.java:register(273)) - Registered Data node : c15a8acb-9ee6-4d33-b032-95e74a5e0f7e{ip: 192.168.34.23, host: pr-hdds-1982-decom-states-s47vm-2072066488, networkLocation: /default-rack, certSerialId: null}
2019-08-23 17:14:31,875 | INFO  | SCMAudit | user=jenkins1000 | ip=192.168.34.23 | op=REGISTER {datanodeDetails=c15a8acb-9ee6-4d33-b032-95e74a5e0f7e{ip: 192.168.34.23, host: pr-hdds-1982-decom-states-s47vm-2072066488, networkLocation: /default-rack, certSerialId: null}} | ret=SUCCESS |  
2019-08-23 17:14:31,882 [grpc-default-executor-8] INFO  impl.RaftServerProxy (RaftServerProxy.java:addNew(89)) - c15a8acb-9ee6-4d33-b032-95e74a5e0f7e: addNew group-D84689ADC8EC:[c15a8acb-9ee6-4d33-b032-95e74a5e0f7e:192.168.34.23:33369] returns group-D84689ADC8EC:java.util.concurrent.CompletableFuture@49eda38c[Not completed]
2019-08-23 17:14:31,883 [pool-494-thread-1] INFO  impl.RaftServerImpl (RaftServerImpl.java:<init>(93)) - c15a8acb-9ee6-4d33-b032-95e74a5e0f7e: new RaftServerImpl for group-D84689ADC8EC:[c15a8acb-9ee6-4d33-b032-95e74a5e0f7e:192.168.34.23:33369] with ContainerStateMachine:uninitialized
2019-08-23 17:14:31,883 [pool-494-thread-1] INFO  server.RaftServerConfigKeys (ConfUtils.java:logGet(43)) - raft.server.rpc.timeout.min = 5s (custom)
2019-08-23 17:14:31,884 [pool-494-thread-1] INFO  server.RaftServerConfigKeys (ConfUtils.java:logGet(43)) - raft.server.rpc.timeout.max = 5200ms (custom)
2019-08-23 17:14:31,884 [pool-494-thread-1] INFO  server.RaftServerConfigKeys (ConfUtils.java:logGet(43)) - raft.server.rpcslowness.timeout = 120s (custom)
2019-08-23 17:14:31,884 [pool-494-thread-1] INFO  server.RaftServerConfigKeys (ConfUtils.java:logGet(43)) - raft.server.sleep.deviation.threshold = 300 (default)
2019-08-23 17:14:31,884 [pool-494-thread-1] INFO  server.RaftServerConfigKeys (ConfUtils.java:logGet(43)) - raft.server.log.appender.install.snapshot.enabled = false (custom)
2019-08-23 17:14:31,884 [pool-494-thread-1] INFO  impl.RaftServerImpl (ServerState.java:<init>(105)) - c15a8acb-9ee6-4d33-b032-95e74a5e0f7e:group-D84689ADC8EC ConfigurationManager, init=-1: [c15a8acb-9ee6-4d33-b032-95e74a5e0f7e:192.168.34.23:33369], old=null, confs=<EMPTY_MAP>
2019-08-23 17:14:31,884 [pool-494-thread-1] INFO  server.RaftServerConfigKeys (ConfUtils.java:logGet(43)) - raft.server.storage.dir = [/workdir/hadoop-ozone/integration-test/target/test-dir/MiniOzoneClusterImpl-49991279-2dcc-4eb0-83dc-ab14c407d015/datanode-5/data/ratis] (custom)
2019-08-23 17:14:31,885 [pool-494-thread-1] INFO  storage.RaftStorageDirectory (RaftStorageDirectory.java:analyzeStorage(246)) - The storage directory /workdir/hadoop-ozone/integration-test/target/test-dir/MiniOzoneClusterImpl-49991279-2dcc-4eb0-83dc-ab14c407d015/datanode-5/data/ratis/6b8c378b-c31d-4152-8903-d84689adc8ec does not exist. Creating ...
2019-08-23 17:14:31,897 [pool-494-thread-1] INFO  storage.RaftStorageDirectory (RaftStorageDirectory.java:tryLock(328)) - Lock on /workdir/hadoop-ozone/integration-test/target/test-dir/MiniOzoneClusterImpl-49991279-2dcc-4eb0-83dc-ab14c407d015/datanode-5/data/ratis/6b8c378b-c31d-4152-8903-d84689adc8ec/in_use.lock acquired by nodename 12048@pr-hdds-1982-decom-states-s47vm-2072066488
2019-08-23 17:14:31,910 [pool-494-thread-1] INFO  storage.RaftStorage (RaftStorage.java:format(72)) - Storage directory /workdir/hadoop-ozone/integration-test/target/test-dir/MiniOzoneClusterImpl-49991279-2dcc-4eb0-83dc-ab14c407d015/datanode-5/data/ratis/6b8c378b-c31d-4152-8903-d84689adc8ec has been successfully formatted.
2019-08-23 17:14:31,911 [pool-494-thread-1] INFO  ratis.ContainerStateMachine (ContainerStateMachine.java:loadSnapshot(226)) - group-D84689ADC8EC: The snapshot info is null. Setting the last applied indexto:(t:0, i:~)
2019-08-23 17:14:31,911 [pool-494-thread-1] INFO  server.RaftServerConfigKeys (ConfUtils.java:logGet(43)) - raft.server.leader.election.timeout = 120s (custom)
2019-08-23 17:14:31,911 [pool-494-thread-1] INFO  server.RaftServerConfigKeys (ConfUtils.java:logGet(43)) - raft.server.log.use.memory = false (default)
2019-08-23 17:14:31,911 [pool-494-thread-1] INFO  server.RaftServerConfigKeys (ConfUtils.java:logGet(43)) - raft.server.log.purge.gap = 1000000 (custom)
2019-08-23 17:14:31,911 [pool-494-thread-1] INFO  server.RaftServerConfigKeys (ConfUtils.java:logGet(43)) - raft.server.log.appender.buffer.byte-limit = 33554432 (custom)
2019-08-23 17:14:31,911 [pool-494-thread-1] INFO  server.RaftServerConfigKeys (ConfUtils.java:logGet(43)) - raft.server.log.segment.size.max = 1048576 (custom)
2019-08-23 17:14:31,911 [pool-494-thread-1] INFO  server.RaftServerConfigKeys (ConfUtils.java:logGet(43)) - raft.server.log.segment.cache.num.max = 2 (custom)
2019-08-23 17:14:31,912 [pool-494-thread-1] INFO  segmented.SegmentedRaftLogWorker (SegmentedRaftLogWorker.java:<init>(172)) - new c15a8acb-9ee6-4d33-b032-95e74a5e0f7e-SegmentedRaftLogWorker:Storage Directory /workdir/hadoop-ozone/integration-test/target/test-dir/MiniOzoneClusterImpl-49991279-2dcc-4eb0-83dc-ab14c407d015/datanode-5/data/ratis/6b8c378b-c31d-4152-8903-d84689adc8ec for RaftStorage:Storage Directory /workdir/hadoop-ozone/integration-test/target/test-dir/MiniOzoneClusterImpl-49991279-2dcc-4eb0-83dc-ab14c407d015/datanode-5/data/ratis/6b8c378b-c31d-4152-8903-d84689adc8ec
2019-08-23 17:14:31,912 [pool-494-thread-1] INFO  server.RaftServerConfigKeys (ConfUtils.java:logGet(43)) - raft.server.log.queue.byte-limit = 2147483647 (custom)
2019-08-23 17:14:31,912 [pool-494-thread-1] INFO  server.RaftServerConfigKeys (ConfUtils.java:logGet(43)) - raft.server.log.queue.element-limit = 1024 (custom)
2019-08-23 17:14:31,912 [pool-494-thread-1] INFO  server.RaftServerConfigKeys (ConfUtils.java:logGet(43)) - raft.server.log.segment.size.max = 1048576 (custom)
2019-08-23 17:14:31,912 [pool-494-thread-1] INFO  server.RaftServerConfigKeys (ConfUtils.java:logGet(43)) - raft.server.log.preallocated.size = 16384 (custom)
2019-08-23 17:14:31,912 [pool-494-thread-1] INFO  server.RaftServerConfigKeys (ConfUtils.java:logGet(43)) - raft.server.log.write.buffer.size = 33554432 (custom)
2019-08-23 17:14:31,913 [pool-494-thread-1] INFO  server.RaftServerConfigKeys (ConfUtils.java:logGet(43)) - raft.server.log.force.sync.num = 128 (default)
2019-08-23 17:14:31,913 [pool-494-thread-1] INFO  server.RaftServerConfigKeys (ConfUtils.java:logGet(43)) - raft.server.log.statemachine.data.sync = true (default)
2019-08-23 17:14:31,913 [pool-494-thread-1] INFO  server.RaftServerConfigKeys (ConfUtils.java:logGet(43)) - raft.server.log.statemachine.data.sync.timeout = 10s (default)
2019-08-23 17:14:31,913 [pool-494-thread-1] INFO  server.RaftServerConfigKeys (ConfUtils.java:logGet(43)) - raft.server.log.statemachine.data.sync.timeout.retry = -1 (default)
2019-08-23 17:14:31,913 [pool-494-thread-1] INFO  server.RaftServerConfigKeys (ConfUtils.java:logGet(43)) - raft.server.log.statemachine.data.caching.enabled = true (custom)
2019-08-23 17:14:31,914 [pool-494-thread-1] INFO  segmented.SegmentedRaftLogWorker (SegmentedRaftLogWorker.java:lambda$new$0(132)) - c15a8acb-9ee6-4d33-b032-95e74a5e0f7e-SegmentedRaftLogWorker:Storage Directory /workdir/hadoop-ozone/integration-test/target/test-dir/MiniOzoneClusterImpl-49991279-2dcc-4eb0-83dc-ab14c407d015/datanode-5/data/ratis/6b8c378b-c31d-4152-8903-d84689adc8ec: flushIndex: setUnconditionally 0 -> -1
2019-08-23 17:14:31,914 [pool-494-thread-1] INFO  server.RaftServerConfigKeys (ConfUtils.java:logGet(43)) - raft.server.snapshot.auto.trigger.enabled = true (custom)
2019-08-23 17:14:31,914 [pool-494-thread-1] INFO  server.RaftServerConfigKeys (ConfUtils.java:logGet(43)) - raft.server.snapshot.auto.trigger.threshold = 10000 (custom)
2019-08-23 17:14:31,914 [pool-494-thread-1] INFO  server.RaftServerConfigKeys (ConfUtils.java:logGet(43)) - raft.server.retrycache.expirytime = 600000ms (custom)
2019-08-23 17:14:31,914 [pool-494-thread-1] INFO  impl.RaftServerImpl (RaftServerImpl.java:start(180)) - c15a8acb-9ee6-4d33-b032-95e74a5e0f7e: start group-D84689ADC8EC
2019-08-23 17:14:31,915 [pool-494-thread-1] INFO  impl.RaftServerImpl (RaftServerImpl.java:setRole(171)) - c15a8acb-9ee6-4d33-b032-95e74a5e0f7e:group-D84689ADC8EC changes role from null to FOLLOWER at term 0 for startAsFollower
2019-08-23 17:14:31,915 [pool-494-thread-1] INFO  impl.RoleInfo (RoleInfo.java:updateAndGet(143)) - c15a8acb-9ee6-4d33-b032-95e74a5e0f7e: start FollowerState
2019-08-23 17:14:31,915 [pool-494-thread-1] INFO  util.JmxRegister (JmxRegister.java:tryRegister(44)) - Successfully registered JMX Bean with object name Ratis:service=RaftServer,group=group-D84689ADC8EC,id=c15a8acb-9ee6-4d33-b032-95e74a5e0f7e
2019-08-23 17:14:31,920 [RatisPipelineUtilsThread] INFO  pipeline.PipelineStateManager (PipelineStateManager.java:addPipeline(56)) - Created pipeline Pipeline[ Id: 6b8c378b-c31d-4152-8903-d84689adc8ec, Nodes: c15a8acb-9ee6-4d33-b032-95e74a5e0f7e{ip: 192.168.34.23, host: pr-hdds-1982-decom-states-s47vm-2072066488, networkLocation: /default-rack, certSerialId: null}, Type:RATIS, Factor:ONE, State:OPEN]
2019-08-23 17:14:31,936 [grpc-default-executor-7] INFO  impl.RaftServerProxy (RaftServerProxy.java:addNew(89)) - eb580450-fe81-484d-8f0c-907a5b435dbc: addNew group-9F015F3B30AE:[c15a8acb-9ee6-4d33-b032-95e74a5e0f7e:192.168.34.23:33369, 99cffe41-d7bb-421f-ad37-c26af1490bc7:192.168.34.23:34140, eb580450-fe81-484d-8f0c-907a5b435dbc:192.168.34.23:43345] returns group-9F015F3B30AE:java.util.concurrent.CompletableFuture@7f3628b3[Not completed]
2019-08-23 17:14:31,936 [grpc-default-executor-8] INFO  impl.RaftServerProxy (RaftServerProxy.java:addNew(89)) - 99cffe41-d7bb-421f-ad37-c26af1490bc7: addNew group-9F015F3B30AE:[c15a8acb-9ee6-4d33-b032-95e74a5e0f7e:192.168.34.23:33369, 99cffe41-d7bb-421f-ad37-c26af1490bc7:192.168.34.23:34140, eb580450-fe81-484d-8f0c-907a5b435dbc:192.168.34.23:43345] returns group-9F015F3B30AE:java.util.concurrent.CompletableFuture@22f32018[Not completed]
2019-08-23 17:14:31,936 [grpc-default-executor-4] INFO  impl.RaftServerProxy (RaftServerProxy.java:addNew(89)) - c15a8acb-9ee6-4d33-b032-95e74a5e0f7e: addNew group-9F015F3B30AE:[c15a8acb-9ee6-4d33-b032-95e74a5e0f7e:192.168.34.23:33369, 99cffe41-d7bb-421f-ad37-c26af1490bc7:192.168.34.23:34140, eb580450-fe81-484d-8f0c-907a5b435dbc:192.168.34.23:43345] returns group-9F015F3B30AE:java.util.concurrent.CompletableFuture@667929b9[Not completed]
2019-08-23 17:14:31,938 [pool-483-thread-1] INFO  impl.RaftServerImpl (RaftServerImpl.java:<init>(93)) - eb580450-fe81-484d-8f0c-907a5b435dbc: new RaftServerImpl for group-9F015F3B30AE:[c15a8acb-9ee6-4d33-b032-95e74a5e0f7e:192.168.34.23:33369, 99cffe41-d7bb-421f-ad37-c26af1490bc7:192.168.34.23:34140, eb580450-fe81-484d-8f0c-907a5b435dbc:192.168.34.23:43345] with ContainerStateMachine:uninitialized
2019-08-23 17:14:31,938 [pool-483-thread-1] INFO  server.RaftServerConfigKeys (ConfUtils.java:logGet(43)) - raft.server.rpc.timeout.min = 5s (custom)
2019-08-23 17:14:31,938 [pool-483-thread-1] INFO  server.RaftServerConfigKeys (ConfUtils.java:logGet(43)) - raft.server.rpc.timeout.max = 5200ms (custom)
2019-08-23 17:14:31,938 [pool-483-thread-1] INFO  server.RaftServerConfigKeys (ConfUtils.java:logGet(43)) - raft.server.rpcslowness.timeout = 120s (custom)
2019-08-23 17:14:31,938 [pool-472-thread-1] INFO  impl.RaftServerImpl (RaftServerImpl.java:<init>(93)) - 99cffe41-d7bb-421f-ad37-c26af1490bc7: new RaftServerImpl for group-9F015F3B30AE:[c15a8acb-9ee6-4d33-b032-95e74a5e0f7e:192.168.34.23:33369, 99cffe41-d7bb-421f-ad37-c26af1490bc7:192.168.34.23:34140, eb580450-fe81-484d-8f0c-907a5b435dbc:192.168.34.23:43345] with ContainerStateMachine:uninitialized
2019-08-23 17:14:31,938 [pool-483-thread-1] INFO  server.RaftServerConfigKeys (ConfUtils.java:logGet(43)) - raft.server.sleep.deviation.threshold = 300 (default)
2019-08-23 17:14:31,938 [pool-472-thread-1] INFO  server.RaftServerConfigKeys (ConfUtils.java:logGet(43)) - raft.server.rpc.timeout.min = 5s (custom)
2019-08-23 17:14:31,938 [pool-494-thread-1] INFO  impl.RaftServerImpl (RaftServerImpl.java:<init>(93)) - c15a8acb-9ee6-4d33-b032-95e74a5e0f7e: new RaftServerImpl for group-9F015F3B30AE:[c15a8acb-9ee6-4d33-b032-95e74a5e0f7e:192.168.34.23:33369, 99cffe41-d7bb-421f-ad37-c26af1490bc7:192.168.34.23:34140, eb580450-fe81-484d-8f0c-907a5b435dbc:192.168.34.23:43345] with ContainerStateMachine:uninitialized
2019-08-23 17:14:31,939 [pool-472-thread-1] INFO  server.RaftServerConfigKeys (ConfUtils.java:logGet(43)) - raft.server.rpc.timeout.max = 5200ms (custom)
2019-08-23 17:14:31,939 [pool-483-thread-1] INFO  server.RaftServerConfigKeys (ConfUtils.java:logGet(43)) - raft.server.log.appender.install.snapshot.enabled = false (custom)
2019-08-23 17:14:31,939 [pool-472-thread-1] INFO  server.RaftServerConfigKeys (ConfUtils.java:logGet(43)) - raft.server.rpcslowness.timeout = 120s (custom)
2019-08-23 17:14:31,939 [pool-494-thread-1] INFO  server.RaftServerConfigKeys (ConfUtils.java:logGet(43)) - raft.server.rpc.timeout.min = 5s (custom)
2019-08-23 17:14:31,939 [pool-472-thread-1] INFO  server.RaftServerConfigKeys (ConfUtils.java:logGet(43)) - raft.server.sleep.deviation.threshold = 300 (default)
2019-08-23 17:14:31,939 [pool-483-thread-1] INFO  impl.RaftServerImpl (ServerState.java:<init>(105)) - eb580450-fe81-484d-8f0c-907a5b435dbc:group-9F015F3B30AE ConfigurationManager, init=-1: [c15a8acb-9ee6-4d33-b032-95e74a5e0f7e:192.168.34.23:33369, 99cffe41-d7bb-421f-ad37-c26af1490bc7:192.168.34.23:34140, eb580450-fe81-484d-8f0c-907a5b435dbc:192.168.34.23:43345], old=null, confs=<EMPTY_MAP>
2019-08-23 17:14:31,939 [pool-472-thread-1] INFO  server.RaftServerConfigKeys (ConfUtils.java:logGet(43)) - raft.server.log.appender.install.snapshot.enabled = false (custom)
2019-08-23 17:14:31,939 [pool-494-thread-1] INFO  server.RaftServerConfigKeys (ConfUtils.java:logGet(43)) - raft.server.rpc.timeout.max = 5200ms (custom)
2019-08-23 17:14:31,940 [pool-472-thread-1] INFO  impl.RaftServerImpl (ServerState.java:<init>(105)) - 99cffe41-d7bb-421f-ad37-c26af1490bc7:group-9F015F3B30AE ConfigurationManager, init=-1: [c15a8acb-9ee6-4d33-b032-95e74a5e0f7e:192.168.34.23:33369, 99cffe41-d7bb-421f-ad37-c26af1490bc7:192.168.34.23:34140, eb580450-fe81-484d-8f0c-907a5b435dbc:192.168.34.23:43345], old=null, confs=<EMPTY_MAP>
2019-08-23 17:14:31,940 [pool-483-thread-1] INFO  server.RaftServerConfigKeys (ConfUtils.java:logGet(43)) - raft.server.storage.dir = [/workdir/hadoop-ozone/integration-test/target/test-dir/MiniOzoneClusterImpl-49991279-2dcc-4eb0-83dc-ab14c407d015/datanode-4/data/ratis] (custom)
2019-08-23 17:14:31,940 [pool-472-thread-1] INFO  server.RaftServerConfigKeys (ConfUtils.java:logGet(43)) - raft.server.storage.dir = [/workdir/hadoop-ozone/integration-test/target/test-dir/MiniOzoneClusterImpl-49991279-2dcc-4eb0-83dc-ab14c407d015/datanode-3/data/ratis] (custom)
2019-08-23 17:14:31,940 [pool-494-thread-1] INFO  server.RaftServerConfigKeys (ConfUtils.java:logGet(43)) - raft.server.rpcslowness.timeout = 120s (custom)
2019-08-23 17:14:31,940 [pool-494-thread-1] INFO  server.RaftServerConfigKeys (ConfUtils.java:logGet(43)) - raft.server.sleep.deviation.threshold = 300 (default)
2019-08-23 17:14:31,940 [pool-483-thread-1] INFO  storage.RaftStorageDirectory (RaftStorageDirectory.java:analyzeStorage(246)) - The storage directory /workdir/hadoop-ozone/integration-test/target/test-dir/MiniOzoneClusterImpl-49991279-2dcc-4eb0-83dc-ab14c407d015/datanode-4/data/ratis/3896a8e4-9cb4-41d3-a644-9f015f3b30ae does not exist. Creating ...
2019-08-23 17:14:31,941 [pool-472-thread-1] INFO  storage.RaftStorageDirectory (RaftStorageDirectory.java:analyzeStorage(246)) - The storage directory /workdir/hadoop-ozone/integration-test/target/test-dir/MiniOzoneClusterImpl-49991279-2dcc-4eb0-83dc-ab14c407d015/datanode-3/data/ratis/3896a8e4-9cb4-41d3-a644-9f015f3b30ae does not exist. Creating ...
2019-08-23 17:14:31,941 [pool-494-thread-1] INFO  server.RaftServerConfigKeys (ConfUtils.java:logGet(43)) - raft.server.log.appender.install.snapshot.enabled = false (custom)
2019-08-23 17:14:31,941 [pool-494-thread-1] INFO  impl.RaftServerImpl (ServerState.java:<init>(105)) - c15a8acb-9ee6-4d33-b032-95e74a5e0f7e:group-9F015F3B30AE ConfigurationManager, init=-1: [c15a8acb-9ee6-4d33-b032-95e74a5e0f7e:192.168.34.23:33369, 99cffe41-d7bb-421f-ad37-c26af1490bc7:192.168.34.23:34140, eb580450-fe81-484d-8f0c-907a5b435dbc:192.168.34.23:43345], old=null, confs=<EMPTY_MAP>
2019-08-23 17:14:31,941 [pool-494-thread-1] INFO  server.RaftServerConfigKeys (ConfUtils.java:logGet(43)) - raft.server.storage.dir = [/workdir/hadoop-ozone/integration-test/target/test-dir/MiniOzoneClusterImpl-49991279-2dcc-4eb0-83dc-ab14c407d015/datanode-5/data/ratis] (custom)
2019-08-23 17:14:31,941 [pool-494-thread-1] INFO  storage.RaftStorageDirectory (RaftStorageDirectory.java:analyzeStorage(246)) - The storage directory /workdir/hadoop-ozone/integration-test/target/test-dir/MiniOzoneClusterImpl-49991279-2dcc-4eb0-83dc-ab14c407d015/datanode-5/data/ratis/3896a8e4-9cb4-41d3-a644-9f015f3b30ae does not exist. Creating ...
2019-08-23 17:14:31,954 [pool-494-thread-1] INFO  storage.RaftStorageDirectory (RaftStorageDirectory.java:tryLock(328)) - Lock on /workdir/hadoop-ozone/integration-test/target/test-dir/MiniOzoneClusterImpl-49991279-2dcc-4eb0-83dc-ab14c407d015/datanode-5/data/ratis/3896a8e4-9cb4-41d3-a644-9f015f3b30ae/in_use.lock acquired by nodename 12048@pr-hdds-1982-decom-states-s47vm-2072066488
2019-08-23 17:14:31,954 [pool-483-thread-1] INFO  storage.RaftStorageDirectory (RaftStorageDirectory.java:tryLock(328)) - Lock on /workdir/hadoop-ozone/integration-test/target/test-dir/MiniOzoneClusterImpl-49991279-2dcc-4eb0-83dc-ab14c407d015/datanode-4/data/ratis/3896a8e4-9cb4-41d3-a644-9f015f3b30ae/in_use.lock acquired by nodename 12048@pr-hdds-1982-decom-states-s47vm-2072066488
2019-08-23 17:14:31,954 [pool-472-thread-1] INFO  storage.RaftStorageDirectory (RaftStorageDirectory.java:tryLock(328)) - Lock on /workdir/hadoop-ozone/integration-test/target/test-dir/MiniOzoneClusterImpl-49991279-2dcc-4eb0-83dc-ab14c407d015/datanode-3/data/ratis/3896a8e4-9cb4-41d3-a644-9f015f3b30ae/in_use.lock acquired by nodename 12048@pr-hdds-1982-decom-states-s47vm-2072066488
2019-08-23 17:14:31,968 [pool-483-thread-1] INFO  storage.RaftStorage (RaftStorage.java:format(72)) - Storage directory /workdir/hadoop-ozone/integration-test/target/test-dir/MiniOzoneClusterImpl-49991279-2dcc-4eb0-83dc-ab14c407d015/datanode-4/data/ratis/3896a8e4-9cb4-41d3-a644-9f015f3b30ae has been successfully formatted.
2019-08-23 17:14:31,968 [pool-494-thread-1] INFO  storage.RaftStorage (RaftStorage.java:format(72)) - Storage directory /workdir/hadoop-ozone/integration-test/target/test-dir/MiniOzoneClusterImpl-49991279-2dcc-4eb0-83dc-ab14c407d015/datanode-5/data/ratis/3896a8e4-9cb4-41d3-a644-9f015f3b30ae has been successfully formatted.
2019-08-23 17:14:31,968 [pool-472-thread-1] INFO  storage.RaftStorage (RaftStorage.java:format(72)) - Storage directory /workdir/hadoop-ozone/integration-test/target/test-dir/MiniOzoneClusterImpl-49991279-2dcc-4eb0-83dc-ab14c407d015/datanode-3/data/ratis/3896a8e4-9cb4-41d3-a644-9f015f3b30ae has been successfully formatted.
2019-08-23 17:14:31,968 [pool-494-thread-1] INFO  ratis.ContainerStateMachine (ContainerStateMachine.java:loadSnapshot(226)) - group-9F015F3B30AE: The snapshot info is null. Setting the last applied indexto:(t:0, i:~)
2019-08-23 17:14:31,968 [pool-472-thread-1] INFO  ratis.ContainerStateMachine (ContainerStateMachine.java:loadSnapshot(226)) - group-9F015F3B30AE: The snapshot info is null. Setting the last applied indexto:(t:0, i:~)
2019-08-23 17:14:31,968 [pool-483-thread-1] INFO  ratis.ContainerStateMachine (ContainerStateMachine.java:loadSnapshot(226)) - group-9F015F3B30AE: The snapshot info is null. Setting the last applied indexto:(t:0, i:~)
2019-08-23 17:14:31,968 [pool-472-thread-1] INFO  server.RaftServerConfigKeys (ConfUtils.java:logGet(43)) - raft.server.leader.election.timeout = 120s (custom)
2019-08-23 17:14:31,968 [pool-494-thread-1] INFO  server.RaftServerConfigKeys (ConfUtils.java:logGet(43)) - raft.server.leader.election.timeout = 120s (custom)
2019-08-23 17:14:31,969 [pool-472-thread-1] INFO  server.RaftServerConfigKeys (ConfUtils.java:logGet(43)) - raft.server.log.use.memory = false (default)
2019-08-23 17:14:31,969 [pool-483-thread-1] INFO  server.RaftServerConfigKeys (ConfUtils.java:logGet(43)) - raft.server.leader.election.timeout = 120s (custom)
2019-08-23 17:14:31,969 [pool-483-thread-1] INFO  server.RaftServerConfigKeys (ConfUtils.java:logGet(43)) - raft.server.log.use.memory = false (default)
2019-08-23 17:14:31,969 [pool-472-thread-1] INFO  server.RaftServerConfigKeys (ConfUtils.java:logGet(43)) - raft.server.log.purge.gap = 1000000 (custom)
2019-08-23 17:14:31,969 [pool-494-thread-1] INFO  server.RaftServerConfigKeys (ConfUtils.java:logGet(43)) - raft.server.log.use.memory = false (default)
2019-08-23 17:14:31,969 [pool-472-thread-1] INFO  server.RaftServerConfigKeys (ConfUtils.java:logGet(43)) - raft.server.log.appender.buffer.byte-limit = 33554432 (custom)
2019-08-23 17:14:31,969 [pool-483-thread-1] INFO  server.RaftServerConfigKeys (ConfUtils.java:logGet(43)) - raft.server.log.purge.gap = 1000000 (custom)
2019-08-23 17:14:31,970 [pool-472-thread-1] INFO  server.RaftServerConfigKeys (ConfUtils.java:logGet(43)) - raft.server.log.segment.size.max = 1048576 (custom)
2019-08-23 17:14:31,970 [pool-494-thread-1] INFO  server.RaftServerConfigKeys (ConfUtils.java:logGet(43)) - raft.server.log.purge.gap = 1000000 (custom)
2019-08-23 17:14:31,970 [pool-472-thread-1] INFO  server.RaftServerConfigKeys (ConfUtils.java:logGet(43)) - raft.server.log.segment.cache.num.max = 2 (custom)
2019-08-23 17:14:31,970 [pool-483-thread-1] INFO  server.RaftServerConfigKeys (ConfUtils.java:logGet(43)) - raft.server.log.appender.buffer.byte-limit = 33554432 (custom)
2019-08-23 17:14:31,970 [pool-472-thread-1] INFO  segmented.SegmentedRaftLogWorker (SegmentedRaftLogWorker.java:<init>(172)) - new 99cffe41-d7bb-421f-ad37-c26af1490bc7-SegmentedRaftLogWorker:Storage Directory /workdir/hadoop-ozone/integration-test/target/test-dir/MiniOzoneClusterImpl-49991279-2dcc-4eb0-83dc-ab14c407d015/datanode-3/data/ratis/3896a8e4-9cb4-41d3-a644-9f015f3b30ae for RaftStorage:Storage Directory /workdir/hadoop-ozone/integration-test/target/test-dir/MiniOzoneClusterImpl-49991279-2dcc-4eb0-83dc-ab14c407d015/datanode-3/data/ratis/3896a8e4-9cb4-41d3-a644-9f015f3b30ae
2019-08-23 17:14:31,970 [pool-494-thread-1] INFO  server.RaftServerConfigKeys (ConfUtils.java:logGet(43)) - raft.server.log.appender.buffer.byte-limit = 33554432 (custom)
2019-08-23 17:14:31,971 [pool-472-thread-1] INFO  server.RaftServerConfigKeys (ConfUtils.java:logGet(43)) - raft.server.log.queue.byte-limit = 2147483647 (custom)
2019-08-23 17:14:31,971 [pool-472-thread-1] INFO  server.RaftServerConfigKeys (ConfUtils.java:logGet(43)) - raft.server.log.queue.element-limit = 1024 (custom)
2019-08-23 17:14:31,971 [pool-483-thread-1] INFO  server.RaftServerConfigKeys (ConfUtils.java:logGet(43)) - raft.server.log.segment.size.max = 1048576 (custom)
2019-08-23 17:14:31,971 [pool-472-thread-1] INFO  server.RaftServerConfigKeys (ConfUtils.java:logGet(43)) - raft.server.log.segment.size.max = 1048576 (custom)
2019-08-23 17:14:31,971 [pool-472-thread-1] INFO  server.RaftServerConfigKeys (ConfUtils.java:logGet(43)) - raft.server.log.preallocated.size = 16384 (custom)
2019-08-23 17:14:31,971 [pool-494-thread-1] INFO  server.RaftServerConfigKeys (ConfUtils.java:logGet(43)) - raft.server.log.segment.size.max = 1048576 (custom)
2019-08-23 17:14:31,972 [pool-472-thread-1] INFO  server.RaftServerConfigKeys (ConfUtils.java:logGet(43)) - raft.server.log.write.buffer.size = 33554432 (custom)
2019-08-23 17:14:31,972 [pool-472-thread-1] INFO  server.RaftServerConfigKeys (ConfUtils.java:logGet(43)) - raft.server.log.force.sync.num = 128 (default)
2019-08-23 17:14:31,971 [pool-483-thread-1] INFO  server.RaftServerConfigKeys (ConfUtils.java:logGet(43)) - raft.server.log.segment.cache.num.max = 2 (custom)
2019-08-23 17:14:31,972 [pool-472-thread-1] INFO  server.RaftServerConfigKeys (ConfUtils.java:logGet(43)) - raft.server.log.statemachine.data.sync = true (default)
2019-08-23 17:14:31,972 [pool-494-thread-1] INFO  server.RaftServerConfigKeys (ConfUtils.java:logGet(43)) - raft.server.log.segment.cache.num.max = 2 (custom)
2019-08-23 17:14:31,972 [pool-472-thread-1] INFO  server.RaftServerConfigKeys (ConfUtils.java:logGet(43)) - raft.server.log.statemachine.data.sync.timeout = 10s (default)
2019-08-23 17:14:31,972 [pool-472-thread-1] INFO  server.RaftServerConfigKeys (ConfUtils.java:logGet(43)) - raft.server.log.statemachine.data.sync.timeout.retry = -1 (default)
2019-08-23 17:14:31,972 [pool-483-thread-1] INFO  segmented.SegmentedRaftLogWorker (SegmentedRaftLogWorker.java:<init>(172)) - new eb580450-fe81-484d-8f0c-907a5b435dbc-SegmentedRaftLogWorker:Storage Directory /workdir/hadoop-ozone/integration-test/target/test-dir/MiniOzoneClusterImpl-49991279-2dcc-4eb0-83dc-ab14c407d015/datanode-4/data/ratis/3896a8e4-9cb4-41d3-a644-9f015f3b30ae for RaftStorage:Storage Directory /workdir/hadoop-ozone/integration-test/target/test-dir/MiniOzoneClusterImpl-49991279-2dcc-4eb0-83dc-ab14c407d015/datanode-4/data/ratis/3896a8e4-9cb4-41d3-a644-9f015f3b30ae
2019-08-23 17:14:31,973 [pool-472-thread-1] INFO  server.RaftServerConfigKeys (ConfUtils.java:logGet(43)) - raft.server.log.statemachine.data.caching.enabled = true (custom)
2019-08-23 17:14:31,972 [pool-494-thread-1] INFO  segmented.SegmentedRaftLogWorker (SegmentedRaftLogWorker.java:<init>(172)) - new c15a8acb-9ee6-4d33-b032-95e74a5e0f7e-SegmentedRaftLogWorker:Storage Directory /workdir/hadoop-ozone/integration-test/target/test-dir/MiniOzoneClusterImpl-49991279-2dcc-4eb0-83dc-ab14c407d015/datanode-5/data/ratis/3896a8e4-9cb4-41d3-a644-9f015f3b30ae for RaftStorage:Storage Directory /workdir/hadoop-ozone/integration-test/target/test-dir/MiniOzoneClusterImpl-49991279-2dcc-4eb0-83dc-ab14c407d015/datanode-5/data/ratis/3896a8e4-9cb4-41d3-a644-9f015f3b30ae
2019-08-23 17:14:31,973 [pool-483-thread-1] INFO  server.RaftServerConfigKeys (ConfUtils.java:logGet(43)) - raft.server.log.queue.byte-limit = 2147483647 (custom)
2019-08-23 17:14:31,973 [pool-494-thread-1] INFO  server.RaftServerConfigKeys (ConfUtils.java:logGet(43)) - raft.server.log.queue.byte-limit = 2147483647 (custom)
2019-08-23 17:14:31,973 [pool-472-thread-1] INFO  segmented.SegmentedRaftLogWorker (SegmentedRaftLogWorker.java:lambda$new$0(132)) - 99cffe41-d7bb-421f-ad37-c26af1490bc7-SegmentedRaftLogWorker:Storage Directory /workdir/hadoop-ozone/integration-test/target/test-dir/MiniOzoneClusterImpl-49991279-2dcc-4eb0-83dc-ab14c407d015/datanode-3/data/ratis/3896a8e4-9cb4-41d3-a644-9f015f3b30ae: flushIndex: setUnconditionally 0 -> -1
2019-08-23 17:14:31,973 [pool-494-thread-1] INFO  server.RaftServerConfigKeys (ConfUtils.java:logGet(43)) - raft.server.log.queue.element-limit = 1024 (custom)
2019-08-23 17:14:31,973 [pool-483-thread-1] INFO  server.RaftServerConfigKeys (ConfUtils.java:logGet(43)) - raft.server.log.queue.element-limit = 1024 (custom)
2019-08-23 17:14:31,974 [pool-472-thread-1] INFO  server.RaftServerConfigKeys (ConfUtils.java:logGet(43)) - raft.server.snapshot.auto.trigger.enabled = true (custom)
2019-08-23 17:14:31,974 [pool-494-thread-1] INFO  server.RaftServerConfigKeys (ConfUtils.java:logGet(43)) - raft.server.log.segment.size.max = 1048576 (custom)
2019-08-23 17:14:31,974 [pool-472-thread-1] INFO  server.RaftServerConfigKeys (ConfUtils.java:logGet(43)) - raft.server.snapshot.auto.trigger.threshold = 10000 (custom)
2019-08-23 17:14:31,974 [pool-483-thread-1] INFO  server.RaftServerConfigKeys (ConfUtils.java:logGet(43)) - raft.server.log.segment.size.max = 1048576 (custom)
2019-08-23 17:14:31,974 [pool-472-thread-1] INFO  server.RaftServerConfigKeys (ConfUtils.java:logGet(43)) - raft.server.retrycache.expirytime = 600000ms (custom)
2019-08-23 17:14:31,974 [pool-494-thread-1] INFO  server.RaftServerConfigKeys (ConfUtils.java:logGet(43)) - raft.server.log.preallocated.size = 16384 (custom)
2019-08-23 17:14:31,974 [pool-472-thread-1] INFO  impl.RaftServerImpl (RaftServerImpl.java:start(180)) - 99cffe41-d7bb-421f-ad37-c26af1490bc7: start group-9F015F3B30AE
2019-08-23 17:14:31,975 [pool-472-thread-1] INFO  impl.RaftServerImpl (RaftServerImpl.java:setRole(171)) - 99cffe41-d7bb-421f-ad37-c26af1490bc7:group-9F015F3B30AE changes role from null to FOLLOWER at term 0 for startAsFollower
2019-08-23 17:14:31,974 [pool-483-thread-1] INFO  server.RaftServerConfigKeys (ConfUtils.java:logGet(43)) - raft.server.log.preallocated.size = 16384 (custom)
2019-08-23 17:14:31,975 [pool-472-thread-1] INFO  impl.RoleInfo (RoleInfo.java:updateAndGet(143)) - 99cffe41-d7bb-421f-ad37-c26af1490bc7: start FollowerState
2019-08-23 17:14:31,975 [pool-494-thread-1] INFO  server.RaftServerConfigKeys (ConfUtils.java:logGet(43)) - raft.server.log.write.buffer.size = 33554432 (custom)
2019-08-23 17:14:31,975 [pool-494-thread-1] INFO  server.RaftServerConfigKeys (ConfUtils.java:logGet(43)) - raft.server.log.force.sync.num = 128 (default)
2019-08-23 17:14:31,975 [pool-483-thread-1] INFO  server.RaftServerConfigKeys (ConfUtils.java:logGet(43)) - raft.server.log.write.buffer.size = 33554432 (custom)
2019-08-23 17:14:31,975 [pool-494-thread-1] INFO  server.RaftServerConfigKeys (ConfUtils.java:logGet(43)) - raft.server.log.statemachine.data.sync = true (default)
2019-08-23 17:14:31,975 [pool-472-thread-1] INFO  util.JmxRegister (JmxRegister.java:tryRegister(44)) - Successfully registered JMX Bean with object name Ratis:service=RaftServer,group=group-9F015F3B30AE,id=99cffe41-d7bb-421f-ad37-c26af1490bc7
2019-08-23 17:14:31,976 [pool-494-thread-1] INFO  server.RaftServerConfigKeys (ConfUtils.java:logGet(43)) - raft.server.log.statemachine.data.sync.timeout = 10s (default)
2019-08-23 17:14:31,976 [pool-494-thread-1] INFO  server.RaftServerConfigKeys (ConfUtils.java:logGet(43)) - raft.server.log.statemachine.data.sync.timeout.retry = -1 (default)
2019-08-23 17:14:31,976 [pool-483-thread-1] INFO  server.RaftServerConfigKeys (ConfUtils.java:logGet(43)) - raft.server.log.force.sync.num = 128 (default)
2019-08-23 17:14:31,976 [pool-494-thread-1] INFO  server.RaftServerConfigKeys (ConfUtils.java:logGet(43)) - raft.server.log.statemachine.data.caching.enabled = true (custom)
2019-08-23 17:14:31,976 [pool-483-thread-1] INFO  server.RaftServerConfigKeys (ConfUtils.java:logGet(43)) - raft.server.log.statemachine.data.sync = true (default)
2019-08-23 17:14:31,977 [pool-494-thread-1] INFO  segmented.SegmentedRaftLogWorker (SegmentedRaftLogWorker.java:lambda$new$0(132)) - c15a8acb-9ee6-4d33-b032-95e74a5e0f7e-SegmentedRaftLogWorker:Storage Directory /workdir/hadoop-ozone/integration-test/target/test-dir/MiniOzoneClusterImpl-49991279-2dcc-4eb0-83dc-ab14c407d015/datanode-5/data/ratis/3896a8e4-9cb4-41d3-a644-9f015f3b30ae: flushIndex: setUnconditionally 0 -> -1
2019-08-23 17:14:31,977 [pool-483-thread-1] INFO  server.RaftServerConfigKeys (ConfUtils.java:logGet(43)) - raft.server.log.statemachine.data.sync.timeout = 10s (default)
2019-08-23 17:14:31,980 [pool-494-thread-1] INFO  server.RaftServerConfigKeys (ConfUtils.java:logGet(43)) - raft.server.snapshot.auto.trigger.enabled = true (custom)
2019-08-23 17:14:31,980 [pool-483-thread-1] INFO  server.RaftServerConfigKeys (ConfUtils.java:logGet(43)) - raft.server.log.statemachine.data.sync.timeout.retry = -1 (default)
2019-08-23 17:14:31,980 [pool-494-thread-1] INFO  server.RaftServerConfigKeys (ConfUtils.java:logGet(43)) - raft.server.snapshot.auto.trigger.threshold = 10000 (custom)
2019-08-23 17:14:31,980 [pool-483-thread-1] INFO  server.RaftServerConfigKeys (ConfUtils.java:logGet(43)) - raft.server.log.statemachine.data.caching.enabled = true (custom)
2019-08-23 17:14:31,980 [pool-494-thread-1] INFO  server.RaftServerConfigKeys (ConfUtils.java:logGet(43)) - raft.server.retrycache.expirytime = 600000ms (custom)
2019-08-23 17:14:31,981 [pool-483-thread-1] INFO  segmented.SegmentedRaftLogWorker (SegmentedRaftLogWorker.java:lambda$new$0(132)) - eb580450-fe81-484d-8f0c-907a5b435dbc-SegmentedRaftLogWorker:Storage Directory /workdir/hadoop-ozone/integration-test/target/test-dir/MiniOzoneClusterImpl-49991279-2dcc-4eb0-83dc-ab14c407d015/datanode-4/data/ratis/3896a8e4-9cb4-41d3-a644-9f015f3b30ae: flushIndex: setUnconditionally 0 -> -1
2019-08-23 17:14:31,981 [pool-494-thread-1] INFO  impl.RaftServerImpl (RaftServerImpl.java:start(180)) - c15a8acb-9ee6-4d33-b032-95e74a5e0f7e: start group-9F015F3B30AE
2019-08-23 17:14:31,981 [pool-494-thread-1] INFO  impl.RaftServerImpl (RaftServerImpl.java:setRole(171)) - c15a8acb-9ee6-4d33-b032-95e74a5e0f7e:group-9F015F3B30AE changes role from null to FOLLOWER at term 0 for startAsFollower
2019-08-23 17:14:31,981 [pool-483-thread-1] INFO  server.RaftServerConfigKeys (ConfUtils.java:logGet(43)) - raft.server.snapshot.auto.trigger.enabled = true (custom)
2019-08-23 17:14:31,981 [pool-494-thread-1] INFO  impl.RoleInfo (RoleInfo.java:updateAndGet(143)) - c15a8acb-9ee6-4d33-b032-95e74a5e0f7e: start FollowerState
2019-08-23 17:14:31,981 [pool-483-thread-1] INFO  server.RaftServerConfigKeys (ConfUtils.java:logGet(43)) - raft.server.snapshot.auto.trigger.threshold = 10000 (custom)
2019-08-23 17:14:31,982 [pool-483-thread-1] INFO  server.RaftServerConfigKeys (ConfUtils.java:logGet(43)) - raft.server.retrycache.expirytime = 600000ms (custom)
2019-08-23 17:14:31,982 [pool-494-thread-1] INFO  util.JmxRegister (JmxRegister.java:tryRegister(44)) - Successfully registered JMX Bean with object name Ratis:service=RaftServer,group=group-9F015F3B30AE,id=c15a8acb-9ee6-4d33-b032-95e74a5e0f7e
2019-08-23 17:14:31,982 [pool-483-thread-1] INFO  impl.RaftServerImpl (RaftServerImpl.java:start(180)) - eb580450-fe81-484d-8f0c-907a5b435dbc: start group-9F015F3B30AE
2019-08-23 17:14:31,982 [pool-483-thread-1] INFO  impl.RaftServerImpl (RaftServerImpl.java:setRole(171)) - eb580450-fe81-484d-8f0c-907a5b435dbc:group-9F015F3B30AE changes role from null to FOLLOWER at term 0 for startAsFollower
2019-08-23 17:14:31,982 [pool-483-thread-1] INFO  impl.RoleInfo (RoleInfo.java:updateAndGet(143)) - eb580450-fe81-484d-8f0c-907a5b435dbc: start FollowerState
2019-08-23 17:14:31,982 [pool-483-thread-1] INFO  util.JmxRegister (JmxRegister.java:tryRegister(44)) - Successfully registered JMX Bean with object name Ratis:service=RaftServer,group=group-9F015F3B30AE,id=eb580450-fe81-484d-8f0c-907a5b435dbc
2019-08-23 17:14:31,988 [RatisPipelineUtilsThread] INFO  pipeline.PipelineStateManager (PipelineStateManager.java:addPipeline(56)) - Created pipeline Pipeline[ Id: 3896a8e4-9cb4-41d3-a644-9f015f3b30ae, Nodes: c15a8acb-9ee6-4d33-b032-95e74a5e0f7e{ip: 192.168.34.23, host: pr-hdds-1982-decom-states-s47vm-2072066488, networkLocation: /default-rack, certSerialId: null}99cffe41-d7bb-421f-ad37-c26af1490bc7{ip: 192.168.34.23, host: pr-hdds-1982-decom-states-s47vm-2072066488, networkLocation: /default-rack, certSerialId: null}eb580450-fe81-484d-8f0c-907a5b435dbc{ip: 192.168.34.23, host: pr-hdds-1982-decom-states-s47vm-2072066488, networkLocation: /default-rack, certSerialId: null}, Type:RATIS, Factor:THREE, State:OPEN]
2019-08-23 17:14:32,037 [main] INFO  ozone.MiniOzoneClusterImpl (MiniOzoneClusterImpl.java:lambda$waitForClusterToBeReady$0(142)) - Cluster is ready. Got 7 of 7 DN Heartbeats.
2019-08-23 17:14:32,037 [IPC Server handler 0 on 36582] INFO  net.NetworkTopology (NetworkTopologyImpl.java:add(110)) - Added a new node: /default-rack/fe3b8c04-bb20-41f7-95be-d76e619600de
2019-08-23 17:14:32,037 [IPC Server handler 0 on 36582] INFO  node.SCMNodeManager (SCMNodeManager.java:register(273)) - Registered Data node : fe3b8c04-bb20-41f7-95be-d76e619600de{ip: 192.168.34.23, host: pr-hdds-1982-decom-states-s47vm-2072066488, networkLocation: /default-rack, certSerialId: null}
2019-08-23 17:14:32,037 | INFO  | SCMAudit | user=jenkins1000 | ip=192.168.34.23 | op=REGISTER {datanodeDetails=fe3b8c04-bb20-41f7-95be-d76e619600de{ip: 192.168.34.23, host: pr-hdds-1982-decom-states-s47vm-2072066488, networkLocation: /default-rack, certSerialId: null}} | ret=SUCCESS |  
2019-08-23 17:14:32,058 [grpc-default-executor-4] INFO  impl.RaftServerProxy (RaftServerProxy.java:addNew(89)) - fe3b8c04-bb20-41f7-95be-d76e619600de: addNew group-7C633601EC3D:[fe3b8c04-bb20-41f7-95be-d76e619600de:192.168.34.23:41648] returns group-7C633601EC3D:java.util.concurrent.CompletableFuture@bed2e91[Not completed]
2019-08-23 17:14:32,060 [pool-505-thread-1] INFO  impl.RaftServerImpl (RaftServerImpl.java:<init>(93)) - fe3b8c04-bb20-41f7-95be-d76e619600de: new RaftServerImpl for group-7C633601EC3D:[fe3b8c04-bb20-41f7-95be-d76e619600de:192.168.34.23:41648] with ContainerStateMachine:uninitialized
2019-08-23 17:14:32,060 [pool-505-thread-1] INFO  server.RaftServerConfigKeys (ConfUtils.java:logGet(43)) - raft.server.rpc.timeout.min = 5s (custom)
2019-08-23 17:14:32,060 [pool-505-thread-1] INFO  server.RaftServerConfigKeys (ConfUtils.java:logGet(43)) - raft.server.rpc.timeout.max = 5200ms (custom)
2019-08-23 17:14:32,060 [pool-505-thread-1] INFO  server.RaftServerConfigKeys (ConfUtils.java:logGet(43)) - raft.server.rpcslowness.timeout = 120s (custom)
2019-08-23 17:14:32,060 [pool-505-thread-1] INFO  server.RaftServerConfigKeys (ConfUtils.java:logGet(43)) - raft.server.sleep.deviation.threshold = 300 (default)
2019-08-23 17:14:32,060 [pool-505-thread-1] INFO  server.RaftServerConfigKeys (ConfUtils.java:logGet(43)) - raft.server.log.appender.install.snapshot.enabled = false (custom)
2019-08-23 17:14:32,061 [main] INFO  rpc.RpcClient (RpcClient.java:createVolume(293)) - Creating Volume: testblockoutputstream, with jenkins1000 as owner.
2019-08-23 17:14:32,061 [pool-505-thread-1] INFO  impl.RaftServerImpl (ServerState.java:<init>(105)) - fe3b8c04-bb20-41f7-95be-d76e619600de:group-7C633601EC3D ConfigurationManager, init=-1: [fe3b8c04-bb20-41f7-95be-d76e619600de:192.168.34.23:41648], old=null, confs=<EMPTY_MAP>
2019-08-23 17:14:32,061 [pool-505-thread-1] INFO  server.RaftServerConfigKeys (ConfUtils.java:logGet(43)) - raft.server.storage.dir = [/workdir/hadoop-ozone/integration-test/target/test-dir/MiniOzoneClusterImpl-49991279-2dcc-4eb0-83dc-ab14c407d015/datanode-6/data/ratis] (custom)
2019-08-23 17:14:32,062 [pool-505-thread-1] INFO  storage.RaftStorageDirectory (RaftStorageDirectory.java:analyzeStorage(246)) - The storage directory /workdir/hadoop-ozone/integration-test/target/test-dir/MiniOzoneClusterImpl-49991279-2dcc-4eb0-83dc-ab14c407d015/datanode-6/data/ratis/20b047f0-e9cd-4c06-86ef-7c633601ec3d does not exist. Creating ...
2019-08-23 17:14:32,063 | INFO  | OMAudit | user=jenkins1000 | ip=127.0.0.1 | op=CREATE_VOLUME {admin=jenkins1000, owner=jenkins1000, volume=testblockoutputstream, creationTime=1566580472062, quotaInBytes=1152921504606846976} | ret=SUCCESS |  
2019-08-23 17:14:32,073 | INFO  | OMAudit | user=jenkins1000 | ip=127.0.0.1 | op=READ_VOLUME {volume=testblockoutputstream} | ret=SUCCESS |  
2019-08-23 17:14:32,074 [main] INFO  rpc.RpcClient (RpcClient.java:createBucket(432)) - Creating Bucket: testblockoutputstream/testblockoutputstream, with Versioning false and Storage Type set to DISK and Encryption set to false 
2019-08-23 17:14:32,075 [pool-505-thread-1] INFO  storage.RaftStorageDirectory (RaftStorageDirectory.java:tryLock(328)) - Lock on /workdir/hadoop-ozone/integration-test/target/test-dir/MiniOzoneClusterImpl-49991279-2dcc-4eb0-83dc-ab14c407d015/datanode-6/data/ratis/20b047f0-e9cd-4c06-86ef-7c633601ec3d/in_use.lock acquired by nodename 12048@pr-hdds-1982-decom-states-s47vm-2072066488
2019-08-23 17:14:32,077 | INFO  | OMAudit | user=jenkins1000 | ip=127.0.0.1 | op=CREATE_BUCKET {volume=testblockoutputstream, bucket=testblockoutputstream, acls=[user:jenkins1000:a[ACCESS], group:default:a[ACCESS]], isVersionEnabled=false, storageType=DISK, creationTime=0} | ret=SUCCESS |  
2019-08-23 17:14:32,078 | INFO  | OMAudit | user=jenkins1000 | ip=127.0.0.1 | op=READ_VOLUME {volume=testblockoutputstream} | ret=SUCCESS |  
2019-08-23 17:14:32,079 | INFO  | OMAudit | user=jenkins1000 | ip=127.0.0.1 | op=READ_BUCKET {volume=testblockoutputstream, bucket=testblockoutputstream} | ret=SUCCESS |  
2019-08-23 17:14:32,089 [pool-505-thread-1] INFO  storage.RaftStorage (RaftStorage.java:format(72)) - Storage directory /workdir/hadoop-ozone/integration-test/target/test-dir/MiniOzoneClusterImpl-49991279-2dcc-4eb0-83dc-ab14c407d015/datanode-6/data/ratis/20b047f0-e9cd-4c06-86ef-7c633601ec3d has been successfully formatted.
2019-08-23 17:14:32,090 [pool-505-thread-1] INFO  ratis.ContainerStateMachine (ContainerStateMachine.java:loadSnapshot(226)) - group-7C633601EC3D: The snapshot info is null. Setting the last applied indexto:(t:0, i:~)
2019-08-23 17:14:32,090 [pool-505-thread-1] INFO  server.RaftServerConfigKeys (ConfUtils.java:logGet(43)) - raft.server.leader.election.timeout = 120s (custom)
2019-08-23 17:14:32,090 [pool-505-thread-1] INFO  server.RaftServerConfigKeys (ConfUtils.java:logGet(43)) - raft.server.log.use.memory = false (default)
2019-08-23 17:14:32,090 [pool-505-thread-1] INFO  server.RaftServerConfigKeys (ConfUtils.java:logGet(43)) - raft.server.log.purge.gap = 1000000 (custom)
2019-08-23 17:14:32,090 [pool-505-thread-1] INFO  server.RaftServerConfigKeys (ConfUtils.java:logGet(43)) - raft.server.log.appender.buffer.byte-limit = 33554432 (custom)
2019-08-23 17:14:32,091 [pool-505-thread-1] INFO  server.RaftServerConfigKeys (ConfUtils.java:logGet(43)) - raft.server.log.segment.size.max = 1048576 (custom)
2019-08-23 17:14:32,091 [pool-505-thread-1] INFO  server.RaftServerConfigKeys (ConfUtils.java:logGet(43)) - raft.server.log.segment.cache.num.max = 2 (custom)
2019-08-23 17:14:32,091 [pool-505-thread-1] INFO  segmented.SegmentedRaftLogWorker (SegmentedRaftLogWorker.java:<init>(172)) - new fe3b8c04-bb20-41f7-95be-d76e619600de-SegmentedRaftLogWorker:Storage Directory /workdir/hadoop-ozone/integration-test/target/test-dir/MiniOzoneClusterImpl-49991279-2dcc-4eb0-83dc-ab14c407d015/datanode-6/data/ratis/20b047f0-e9cd-4c06-86ef-7c633601ec3d for RaftStorage:Storage Directory /workdir/hadoop-ozone/integration-test/target/test-dir/MiniOzoneClusterImpl-49991279-2dcc-4eb0-83dc-ab14c407d015/datanode-6/data/ratis/20b047f0-e9cd-4c06-86ef-7c633601ec3d
2019-08-23 17:14:32,091 [pool-505-thread-1] INFO  server.RaftServerConfigKeys (ConfUtils.java:logGet(43)) - raft.server.log.queue.byte-limit = 2147483647 (custom)
2019-08-23 17:14:32,091 [pool-505-thread-1] INFO  server.RaftServerConfigKeys (ConfUtils.java:logGet(43)) - raft.server.log.queue.element-limit = 1024 (custom)
2019-08-23 17:14:32,091 [pool-505-thread-1] INFO  server.RaftServerConfigKeys (ConfUtils.java:logGet(43)) - raft.server.log.segment.size.max = 1048576 (custom)
2019-08-23 17:14:32,092 [pool-505-thread-1] INFO  server.RaftServerConfigKeys (ConfUtils.java:logGet(43)) - raft.server.log.preallocated.size = 16384 (custom)
2019-08-23 17:14:32,092 [pool-505-thread-1] INFO  server.RaftServerConfigKeys (ConfUtils.java:logGet(43)) - raft.server.log.write.buffer.size = 33554432 (custom)
2019-08-23 17:14:32,092 [pool-505-thread-1] INFO  server.RaftServerConfigKeys (ConfUtils.java:logGet(43)) - raft.server.log.force.sync.num = 128 (default)
2019-08-23 17:14:32,092 [pool-505-thread-1] INFO  server.RaftServerConfigKeys (ConfUtils.java:logGet(43)) - raft.server.log.statemachine.data.sync = true (default)
2019-08-23 17:14:32,092 [pool-505-thread-1] INFO  server.RaftServerConfigKeys (ConfUtils.java:logGet(43)) - raft.server.log.statemachine.data.sync.timeout = 10s (default)
2019-08-23 17:14:32,092 [pool-505-thread-1] INFO  server.RaftServerConfigKeys (ConfUtils.java:logGet(43)) - raft.server.log.statemachine.data.sync.timeout.retry = -1 (default)
2019-08-23 17:14:32,093 [pool-505-thread-1] INFO  server.RaftServerConfigKeys (ConfUtils.java:logGet(43)) - raft.server.log.statemachine.data.caching.enabled = true (custom)
2019-08-23 17:14:32,093 [pool-505-thread-1] INFO  segmented.SegmentedRaftLogWorker (SegmentedRaftLogWorker.java:lambda$new$0(132)) - fe3b8c04-bb20-41f7-95be-d76e619600de-SegmentedRaftLogWorker:Storage Directory /workdir/hadoop-ozone/integration-test/target/test-dir/MiniOzoneClusterImpl-49991279-2dcc-4eb0-83dc-ab14c407d015/datanode-6/data/ratis/20b047f0-e9cd-4c06-86ef-7c633601ec3d: flushIndex: setUnconditionally 0 -> -1
2019-08-23 17:14:32,093 [pool-505-thread-1] INFO  server.RaftServerConfigKeys (ConfUtils.java:logGet(43)) - raft.server.snapshot.auto.trigger.enabled = true (custom)
2019-08-23 17:14:32,093 [pool-505-thread-1] INFO  server.RaftServerConfigKeys (ConfUtils.java:logGet(43)) - raft.server.snapshot.auto.trigger.threshold = 10000 (custom)
2019-08-23 17:14:32,094 [pool-505-thread-1] INFO  server.RaftServerConfigKeys (ConfUtils.java:logGet(43)) - raft.server.retrycache.expirytime = 600000ms (custom)
2019-08-23 17:14:32,094 [pool-505-thread-1] INFO  impl.RaftServerImpl (RaftServerImpl.java:start(180)) - fe3b8c04-bb20-41f7-95be-d76e619600de: start group-7C633601EC3D
2019-08-23 17:14:32,094 [pool-505-thread-1] INFO  impl.RaftServerImpl (RaftServerImpl.java:setRole(171)) - fe3b8c04-bb20-41f7-95be-d76e619600de:group-7C633601EC3D changes role from null to FOLLOWER at term 0 for startAsFollower
2019-08-23 17:14:32,094 [pool-505-thread-1] INFO  impl.RoleInfo (RoleInfo.java:updateAndGet(143)) - fe3b8c04-bb20-41f7-95be-d76e619600de: start FollowerState
2019-08-23 17:14:32,094 [pool-505-thread-1] INFO  util.JmxRegister (JmxRegister.java:tryRegister(44)) - Successfully registered JMX Bean with object name Ratis:service=RaftServer,group=group-7C633601EC3D,id=fe3b8c04-bb20-41f7-95be-d76e619600de
2019-08-23 17:14:32,098 [RatisPipelineUtilsThread] INFO  pipeline.PipelineStateManager (PipelineStateManager.java:addPipeline(56)) - Created pipeline Pipeline[ Id: 20b047f0-e9cd-4c06-86ef-7c633601ec3d, Nodes: fe3b8c04-bb20-41f7-95be-d76e619600de{ip: 192.168.34.23, host: pr-hdds-1982-decom-states-s47vm-2072066488, networkLocation: /default-rack, certSerialId: null}, Type:RATIS, Factor:ONE, State:OPEN]
2019-08-23 17:14:32,101 | INFO  | SCMAudit | user=jenkins1000 | ip=192.168.34.23 | op=ALLOCATE_BLOCK {owner=9bc91683-3c15-4a9f-9571-00112d1bb9ef, size=800, type=RATIS, factor=THREE} | ret=SUCCESS |  
2019-08-23 17:14:32,104 | INFO  | OMAudit | user=jenkins1000 | ip=127.0.0.1 | op=ALLOCATE_KEY {volume=testblockoutputstream, bucket=testblockoutputstream, key=545551df-744f-43fe-a779-a8829c7b10ac, dataSize=0, replicationType=RATIS, replicationFactor=THREE, keyLocationInfo=null} | ret=SUCCESS |  
2019-08-23 17:14:32,115 [grpc-default-executor-4] INFO  client.GrpcClientProtocolClient (GrpcClientProtocolClient.java:onNext(255)) - client-5B2245BFD681->03c422ce-7517-4458-ba1e-7259997ff644: receive RaftClientReply:client-5B2245BFD681->03c422ce-7517-4458-ba1e-7259997ff644@group-4AE01A1E531D, cid=175, FAILED org.apache.ratis.protocol.NotLeaderException: Server 03c422ce-7517-4458-ba1e-7259997ff644 is not the leader (null). Request must be sent to leader., logIndex=0, commits[03c422ce-7517-4458-ba1e-7259997ff644:c-1]
2019-08-23 17:14:32,782 | INFO  | SCMAudit | user=jenkins1000 | ip=192.168.34.23 | op=SEND_HEARTBEAT {datanodeUUID=23fa496f-0b24-4481-8ded-b6c2e0b9cb99, command=[]} | ret=SUCCESS |  
2019-08-23 17:14:32,994 | INFO  | SCMAudit | user=jenkins1000 | ip=192.168.34.23 | op=SEND_HEARTBEAT {datanodeUUID=03c422ce-7517-4458-ba1e-7259997ff644, command=[]} | ret=SUCCESS |  
2019-08-23 17:14:33,132 [grpc-default-executor-4] INFO  client.GrpcClientProtocolClient (GrpcClientProtocolClient.java:onNext(255)) - client-5B2245BFD681->23fa496f-0b24-4481-8ded-b6c2e0b9cb99: receive RaftClientReply:client-5B2245BFD681->23fa496f-0b24-4481-8ded-b6c2e0b9cb99@group-4AE01A1E531D, cid=175, FAILED org.apache.ratis.protocol.NotLeaderException: Server 23fa496f-0b24-4481-8ded-b6c2e0b9cb99 is not the leader (null). Request must be sent to leader., logIndex=0, commits[23fa496f-0b24-4481-8ded-b6c2e0b9cb99:c-1]
2019-08-23 17:14:33,175 | INFO  | SCMAudit | user=jenkins1000 | ip=192.168.34.23 | op=SEND_HEARTBEAT {datanodeUUID=007a4926-093a-4d3a-9d9e-3c5f17d50581, command=[]} | ret=SUCCESS |  
2019-08-23 17:14:33,560 | INFO  | SCMAudit | user=jenkins1000 | ip=192.168.34.23 | op=SEND_HEARTBEAT {datanodeUUID=99cffe41-d7bb-421f-ad37-c26af1490bc7, command=[]} | ret=SUCCESS |  
2019-08-23 17:14:33,723 | INFO  | SCMAudit | user=jenkins1000 | ip=192.168.34.23 | op=SEND_HEARTBEAT {datanodeUUID=eb580450-fe81-484d-8f0c-907a5b435dbc, command=[]} | ret=SUCCESS |  
2019-08-23 17:14:33,782 | INFO  | SCMAudit | user=jenkins1000 | ip=192.168.34.23 | op=SEND_HEARTBEAT {datanodeUUID=23fa496f-0b24-4481-8ded-b6c2e0b9cb99, command=[]} | ret=SUCCESS |  
2019-08-23 17:14:33,793 [Thread-3279] INFO  container.ReplicationManager (ReplicationManager.java:start(152)) - Starting Replication Monitor Thread.
2019-08-23 17:14:33,797 [ReplicationMonitor] INFO  container.ReplicationManager (ReplicationManager.java:run(215)) - Replication Monitor Thread took 0 milliseconds for processing 1 containers.
2019-08-23 17:14:33,873 | INFO  | SCMAudit | user=jenkins1000 | ip=192.168.34.23 | op=SEND_HEARTBEAT {datanodeUUID=c15a8acb-9ee6-4d33-b032-95e74a5e0f7e, command=[]} | ret=SUCCESS |  
2019-08-23 17:14:33,994 | INFO  | SCMAudit | user=jenkins1000 | ip=192.168.34.23 | op=SEND_HEARTBEAT {datanodeUUID=03c422ce-7517-4458-ba1e-7259997ff644, command=[]} | ret=SUCCESS |  
2019-08-23 17:14:34,037 | INFO  | SCMAudit | user=jenkins1000 | ip=192.168.34.23 | op=SEND_HEARTBEAT {datanodeUUID=fe3b8c04-bb20-41f7-95be-d76e619600de, command=[]} | ret=SUCCESS |  
2019-08-23 17:14:34,143 [grpc-default-executor-4] INFO  client.GrpcClientProtocolClient (GrpcClientProtocolClient.java:onNext(255)) - client-5B2245BFD681->03c422ce-7517-4458-ba1e-7259997ff644: receive RaftClientReply:client-5B2245BFD681->03c422ce-7517-4458-ba1e-7259997ff644@group-4AE01A1E531D, cid=175, FAILED org.apache.ratis.protocol.NotLeaderException: Server 03c422ce-7517-4458-ba1e-7259997ff644 is not the leader (null). Request must be sent to leader., logIndex=0, commits[03c422ce-7517-4458-ba1e-7259997ff644:c-1]
2019-08-23 17:14:34,175 | INFO  | SCMAudit | user=jenkins1000 | ip=192.168.34.23 | op=SEND_HEARTBEAT {datanodeUUID=007a4926-093a-4d3a-9d9e-3c5f17d50581, command=[]} | ret=SUCCESS |  
2019-08-23 17:14:34,560 | INFO  | SCMAudit | user=jenkins1000 | ip=192.168.34.23 | op=SEND_HEARTBEAT {datanodeUUID=99cffe41-d7bb-421f-ad37-c26af1490bc7, command=[]} | ret=SUCCESS |  
2019-08-23 17:14:34,723 | INFO  | SCMAudit | user=jenkins1000 | ip=192.168.34.23 | op=SEND_HEARTBEAT {datanodeUUID=eb580450-fe81-484d-8f0c-907a5b435dbc, command=[]} | ret=SUCCESS |  
2019-08-23 17:14:34,783 | INFO  | SCMAudit | user=jenkins1000 | ip=192.168.34.23 | op=SEND_HEARTBEAT {datanodeUUID=23fa496f-0b24-4481-8ded-b6c2e0b9cb99, command=[]} | ret=SUCCESS |  
2019-08-23 17:14:34,873 | INFO  | SCMAudit | user=jenkins1000 | ip=192.168.34.23 | op=SEND_HEARTBEAT {datanodeUUID=c15a8acb-9ee6-4d33-b032-95e74a5e0f7e, command=[]} | ret=SUCCESS |  
2019-08-23 17:14:34,994 | INFO  | SCMAudit | user=jenkins1000 | ip=192.168.34.23 | op=SEND_HEARTBEAT {datanodeUUID=03c422ce-7517-4458-ba1e-7259997ff644, command=[]} | ret=SUCCESS |  
2019-08-23 17:14:35,036 | INFO  | SCMAudit | user=jenkins1000 | ip=192.168.34.23 | op=SEND_HEARTBEAT {datanodeUUID=fe3b8c04-bb20-41f7-95be-d76e619600de, command=[]} | ret=SUCCESS |  
2019-08-23 17:14:35,153 [grpc-default-executor-8] INFO  client.GrpcClientProtocolClient (GrpcClientProtocolClient.java:onNext(255)) - client-5B2245BFD681->23fa496f-0b24-4481-8ded-b6c2e0b9cb99: receive RaftClientReply:client-5B2245BFD681->23fa496f-0b24-4481-8ded-b6c2e0b9cb99@group-4AE01A1E531D, cid=175, FAILED org.apache.ratis.protocol.NotLeaderException: Server 23fa496f-0b24-4481-8ded-b6c2e0b9cb99 is not the leader (null). Request must be sent to leader., logIndex=0, commits[23fa496f-0b24-4481-8ded-b6c2e0b9cb99:c-1]
2019-08-23 17:14:35,175 | INFO  | SCMAudit | user=jenkins1000 | ip=192.168.34.23 | op=SEND_HEARTBEAT {datanodeUUID=007a4926-093a-4d3a-9d9e-3c5f17d50581, command=[]} | ret=SUCCESS |  
2019-08-23 17:14:35,560 | INFO  | SCMAudit | user=jenkins1000 | ip=192.168.34.23 | op=SEND_HEARTBEAT {datanodeUUID=99cffe41-d7bb-421f-ad37-c26af1490bc7, command=[]} | ret=SUCCESS |  
2019-08-23 17:14:35,724 | INFO  | SCMAudit | user=jenkins1000 | ip=192.168.34.23 | op=SEND_HEARTBEAT {datanodeUUID=eb580450-fe81-484d-8f0c-907a5b435dbc, command=[]} | ret=SUCCESS |  
2019-08-23 17:14:35,783 | INFO  | SCMAudit | user=jenkins1000 | ip=192.168.34.23 | op=SEND_HEARTBEAT {datanodeUUID=23fa496f-0b24-4481-8ded-b6c2e0b9cb99, command=[]} | ret=SUCCESS |  
2019-08-23 17:14:35,874 | INFO  | SCMAudit | user=jenkins1000 | ip=192.168.34.23 | op=SEND_HEARTBEAT {datanodeUUID=c15a8acb-9ee6-4d33-b032-95e74a5e0f7e, command=[]} | ret=SUCCESS |  
2019-08-23 17:14:35,995 | INFO  | SCMAudit | user=jenkins1000 | ip=192.168.34.23 | op=SEND_HEARTBEAT {datanodeUUID=03c422ce-7517-4458-ba1e-7259997ff644, command=[]} | ret=SUCCESS |  
2019-08-23 17:14:35,999 [Thread-3281] INFO  impl.FollowerState (FollowerState.java:run(106)) - 23fa496f-0b24-4481-8ded-b6c2e0b9cb99:group-150D2FE5AE1A changes to CANDIDATE, lastRpcTime:5152, electionTimeout:5152ms
2019-08-23 17:14:35,999 [Thread-3281] INFO  impl.RoleInfo (RoleInfo.java:shutdownFollowerState(121)) - 23fa496f-0b24-4481-8ded-b6c2e0b9cb99: shutdown FollowerState
2019-08-23 17:14:35,999 [Thread-3281] INFO  impl.RaftServerImpl (RaftServerImpl.java:setRole(171)) - 23fa496f-0b24-4481-8ded-b6c2e0b9cb99:group-150D2FE5AE1A changes role from FOLLOWER to CANDIDATE at term 0 for changeToCandidate
2019-08-23 17:14:36,000 [Thread-3281] INFO  impl.RoleInfo (RoleInfo.java:updateAndGet(143)) - 23fa496f-0b24-4481-8ded-b6c2e0b9cb99: start LeaderElection
2019-08-23 17:14:36,022 [23fa496f-0b24-4481-8ded-b6c2e0b9cb99:group-150D2FE5AE1A:LeaderElection50] INFO  impl.LeaderElection (LeaderElection.java:askForVotes(181)) - 23fa496f-0b24-4481-8ded-b6c2e0b9cb99:group-150D2FE5AE1A:LeaderElection50: begin an election at term 1 for -1: [23fa496f-0b24-4481-8ded-b6c2e0b9cb99:192.168.34.23:37392], old=null
2019-08-23 17:14:36,022 [23fa496f-0b24-4481-8ded-b6c2e0b9cb99:group-150D2FE5AE1A:LeaderElection50] INFO  impl.RoleInfo (RoleInfo.java:shutdownLeaderElection(134)) - 23fa496f-0b24-4481-8ded-b6c2e0b9cb99: shutdown LeaderElection
2019-08-23 17:14:36,022 [23fa496f-0b24-4481-8ded-b6c2e0b9cb99:group-150D2FE5AE1A:LeaderElection50] INFO  impl.RaftServerImpl (RaftServerImpl.java:setRole(171)) - 23fa496f-0b24-4481-8ded-b6c2e0b9cb99:group-150D2FE5AE1A changes role from CANDIDATE to LEADER at term 1 for changeToLeader
2019-08-23 17:14:36,022 [23fa496f-0b24-4481-8ded-b6c2e0b9cb99:group-150D2FE5AE1A:LeaderElection50] INFO  impl.RaftServerImpl (ServerState.java:setLeader(263)) - 23fa496f-0b24-4481-8ded-b6c2e0b9cb99:group-150D2FE5AE1A change Leader from null to 23fa496f-0b24-4481-8ded-b6c2e0b9cb99 at term 1 for becomeLeader, leader elected after 5180ms
2019-08-23 17:14:36,022 [23fa496f-0b24-4481-8ded-b6c2e0b9cb99:group-150D2FE5AE1A:LeaderElection50] INFO  server.RaftServerConfigKeys (ConfUtils.java:logGet(43)) - raft.server.staging.catchup.gap = 1000 (default)
2019-08-23 17:14:36,023 [23fa496f-0b24-4481-8ded-b6c2e0b9cb99:group-150D2FE5AE1A:LeaderElection50] INFO  server.RaftServerConfigKeys (ConfUtils.java:logGet(43)) - raft.server.rpc.sleep.time = 25ms (default)
2019-08-23 17:14:36,023 [23fa496f-0b24-4481-8ded-b6c2e0b9cb99:group-150D2FE5AE1A:LeaderElection50] INFO  server.RaftServerConfigKeys (ConfUtils.java:logGet(43)) - raft.server.write.element-limit = 4096 (default)
2019-08-23 17:14:36,023 [23fa496f-0b24-4481-8ded-b6c2e0b9cb99:group-150D2FE5AE1A:LeaderElection50] INFO  server.RaftServerConfigKeys (ConfUtils.java:logGet(43)) - raft.server.watch.timeout = 10s (default)
2019-08-23 17:14:36,023 [23fa496f-0b24-4481-8ded-b6c2e0b9cb99:group-150D2FE5AE1A:LeaderElection50] INFO  server.RaftServerConfigKeys (ConfUtils.java:logGet(43)) - raft.server.watch.timeout.denomination = 1s (default)
2019-08-23 17:14:36,023 [23fa496f-0b24-4481-8ded-b6c2e0b9cb99:group-150D2FE5AE1A:LeaderElection50] INFO  server.RaftServerConfigKeys (ConfUtils.java:logGet(43)) - raft.server.watch.element-limit = 65536 (default)
2019-08-23 17:14:36,024 [23fa496f-0b24-4481-8ded-b6c2e0b9cb99:group-150D2FE5AE1A:LeaderElection50] INFO  impl.RoleInfo (RoleInfo.java:updateAndGet(143)) - 23fa496f-0b24-4481-8ded-b6c2e0b9cb99: start LeaderState
2019-08-23 17:14:36,024 [23fa496f-0b24-4481-8ded-b6c2e0b9cb99:group-150D2FE5AE1A:LeaderElection50] INFO  segmented.SegmentedRaftLogWorker (SegmentedRaftLogWorker.java:startLogSegment(380)) - 23fa496f-0b24-4481-8ded-b6c2e0b9cb99-SegmentedRaftLogWorker:Storage Directory /workdir/hadoop-ozone/integration-test/target/test-dir/MiniOzoneClusterImpl-49991279-2dcc-4eb0-83dc-ab14c407d015/datanode-0/data/ratis/8fcb5fd7-150a-45fb-9988-150d2fe5ae1a: Starting segment from index:0
2019-08-23 17:14:36,024 [23fa496f-0b24-4481-8ded-b6c2e0b9cb99:group-150D2FE5AE1A:LeaderElection50] INFO  impl.RaftServerImpl (ServerState.java:setRaftConf(361)) - 23fa496f-0b24-4481-8ded-b6c2e0b9cb99:group-150D2FE5AE1A set configuration 0: [23fa496f-0b24-4481-8ded-b6c2e0b9cb99:192.168.34.23:37392], old=null at 0
2019-08-23 17:14:36,063 [Thread-3284] INFO  impl.FollowerState (FollowerState.java:run(106)) - 03c422ce-7517-4458-ba1e-7259997ff644:group-BABE9217422A changes to CANDIDATE, lastRpcTime:5025, electionTimeout:5004ms
2019-08-23 17:14:36,063 [Thread-3284] INFO  impl.RoleInfo (RoleInfo.java:shutdownFollowerState(121)) - 03c422ce-7517-4458-ba1e-7259997ff644: shutdown FollowerState
2019-08-23 17:14:36,063 [Thread-3284] INFO  impl.RaftServerImpl (RaftServerImpl.java:setRole(171)) - 03c422ce-7517-4458-ba1e-7259997ff644:group-BABE9217422A changes role from FOLLOWER to CANDIDATE at term 0 for changeToCandidate
2019-08-23 17:14:36,063 [Thread-3284] INFO  impl.RoleInfo (RoleInfo.java:updateAndGet(143)) - 03c422ce-7517-4458-ba1e-7259997ff644: start LeaderElection
2019-08-23 17:14:36,064 | INFO  | SCMAudit | user=jenkins1000 | ip=192.168.34.23 | op=SEND_HEARTBEAT {datanodeUUID=fe3b8c04-bb20-41f7-95be-d76e619600de, command=[]} | ret=SUCCESS |  
2019-08-23 17:14:36,083 [23fa496f-0b24-4481-8ded-b6c2e0b9cb99-SegmentedRaftLogWorker:Storage Directory /workdir/hadoop-ozone/integration-test/target/test-dir/MiniOzoneClusterImpl-49991279-2dcc-4eb0-83dc-ab14c407d015/datanode-0/data/ratis/8fcb5fd7-150a-45fb-9988-150d2fe5ae1a] INFO  segmented.SegmentedRaftLogWorker (SegmentedRaftLogWorker.java:execute(569)) - 23fa496f-0b24-4481-8ded-b6c2e0b9cb99-SegmentedRaftLogWorker:Storage Directory /workdir/hadoop-ozone/integration-test/target/test-dir/MiniOzoneClusterImpl-49991279-2dcc-4eb0-83dc-ab14c407d015/datanode-0/data/ratis/8fcb5fd7-150a-45fb-9988-150d2fe5ae1a: created new log segment /workdir/hadoop-ozone/integration-test/target/test-dir/MiniOzoneClusterImpl-49991279-2dcc-4eb0-83dc-ab14c407d015/datanode-0/data/ratis/8fcb5fd7-150a-45fb-9988-150d2fe5ae1a/current/log_inprogress_0
2019-08-23 17:14:36,097 [03c422ce-7517-4458-ba1e-7259997ff644:group-BABE9217422A:LeaderElection51] INFO  impl.LeaderElection (LeaderElection.java:askForVotes(181)) - 03c422ce-7517-4458-ba1e-7259997ff644:group-BABE9217422A:LeaderElection51: begin an election at term 1 for -1: [03c422ce-7517-4458-ba1e-7259997ff644:192.168.34.23:38086], old=null
2019-08-23 17:14:36,097 [03c422ce-7517-4458-ba1e-7259997ff644:group-BABE9217422A:LeaderElection51] INFO  impl.RoleInfo (RoleInfo.java:shutdownLeaderElection(134)) - 03c422ce-7517-4458-ba1e-7259997ff644: shutdown LeaderElection
2019-08-23 17:14:36,097 [03c422ce-7517-4458-ba1e-7259997ff644:group-BABE9217422A:LeaderElection51] INFO  impl.RaftServerImpl (RaftServerImpl.java:setRole(171)) - 03c422ce-7517-4458-ba1e-7259997ff644:group-BABE9217422A changes role from CANDIDATE to LEADER at term 1 for changeToLeader
2019-08-23 17:14:36,097 [03c422ce-7517-4458-ba1e-7259997ff644:group-BABE9217422A:LeaderElection51] INFO  impl.RaftServerImpl (ServerState.java:setLeader(263)) - 03c422ce-7517-4458-ba1e-7259997ff644:group-BABE9217422A change Leader from null to 03c422ce-7517-4458-ba1e-7259997ff644 at term 1 for becomeLeader, leader elected after 5064ms
2019-08-23 17:14:36,098 [03c422ce-7517-4458-ba1e-7259997ff644:group-BABE9217422A:LeaderElection51] INFO  server.RaftServerConfigKeys (ConfUtils.java:logGet(43)) - raft.server.staging.catchup.gap = 1000 (default)
2019-08-23 17:14:36,098 [03c422ce-7517-4458-ba1e-7259997ff644:group-BABE9217422A:LeaderElection51] INFO  server.RaftServerConfigKeys (ConfUtils.java:logGet(43)) - raft.server.rpc.sleep.time = 25ms (default)
2019-08-23 17:14:36,098 [03c422ce-7517-4458-ba1e-7259997ff644:group-BABE9217422A:LeaderElection51] INFO  server.RaftServerConfigKeys (ConfUtils.java:logGet(43)) - raft.server.write.element-limit = 4096 (default)
2019-08-23 17:14:36,098 [03c422ce-7517-4458-ba1e-7259997ff644:group-BABE9217422A:LeaderElection51] INFO  server.RaftServerConfigKeys (ConfUtils.java:logGet(43)) - raft.server.watch.timeout = 10s (default)
2019-08-23 17:14:36,098 [03c422ce-7517-4458-ba1e-7259997ff644:group-BABE9217422A:LeaderElection51] INFO  server.RaftServerConfigKeys (ConfUtils.java:logGet(43)) - raft.server.watch.timeout.denomination = 1s (default)
2019-08-23 17:14:36,098 [03c422ce-7517-4458-ba1e-7259997ff644:group-BABE9217422A:LeaderElection51] INFO  server.RaftServerConfigKeys (ConfUtils.java:logGet(43)) - raft.server.watch.element-limit = 65536 (default)
2019-08-23 17:14:36,098 [03c422ce-7517-4458-ba1e-7259997ff644:group-BABE9217422A:LeaderElection51] INFO  impl.RoleInfo (RoleInfo.java:updateAndGet(143)) - 03c422ce-7517-4458-ba1e-7259997ff644: start LeaderState
2019-08-23 17:14:36,099 [03c422ce-7517-4458-ba1e-7259997ff644:group-BABE9217422A:LeaderElection51] INFO  segmented.SegmentedRaftLogWorker (SegmentedRaftLogWorker.java:startLogSegment(380)) - 03c422ce-7517-4458-ba1e-7259997ff644-SegmentedRaftLogWorker:Storage Directory /workdir/hadoop-ozone/integration-test/target/test-dir/MiniOzoneClusterImpl-49991279-2dcc-4eb0-83dc-ab14c407d015/datanode-1/data/ratis/3e962dfa-76e7-4513-9d9b-babe9217422a: Starting segment from index:0
2019-08-23 17:14:36,099 [03c422ce-7517-4458-ba1e-7259997ff644:group-BABE9217422A:LeaderElection51] INFO  impl.RaftServerImpl (ServerState.java:setRaftConf(361)) - 03c422ce-7517-4458-ba1e-7259997ff644:group-BABE9217422A set configuration 0: [03c422ce-7517-4458-ba1e-7259997ff644:192.168.34.23:38086], old=null at 0
2019-08-23 17:14:36,150 [03c422ce-7517-4458-ba1e-7259997ff644-SegmentedRaftLogWorker:Storage Directory /workdir/hadoop-ozone/integration-test/target/test-dir/MiniOzoneClusterImpl-49991279-2dcc-4eb0-83dc-ab14c407d015/datanode-1/data/ratis/3e962dfa-76e7-4513-9d9b-babe9217422a] INFO  segmented.SegmentedRaftLogWorker (SegmentedRaftLogWorker.java:execute(569)) - 03c422ce-7517-4458-ba1e-7259997ff644-SegmentedRaftLogWorker:Storage Directory /workdir/hadoop-ozone/integration-test/target/test-dir/MiniOzoneClusterImpl-49991279-2dcc-4eb0-83dc-ab14c407d015/datanode-1/data/ratis/3e962dfa-76e7-4513-9d9b-babe9217422a: created new log segment /workdir/hadoop-ozone/integration-test/target/test-dir/MiniOzoneClusterImpl-49991279-2dcc-4eb0-83dc-ab14c407d015/datanode-1/data/ratis/3e962dfa-76e7-4513-9d9b-babe9217422a/current/log_inprogress_0
2019-08-23 17:14:36,163 [grpc-default-executor-4] INFO  client.GrpcClientProtocolClient (GrpcClientProtocolClient.java:onNext(255)) - client-5B2245BFD681->007a4926-093a-4d3a-9d9e-3c5f17d50581: receive RaftClientReply:client-5B2245BFD681->007a4926-093a-4d3a-9d9e-3c5f17d50581@group-4AE01A1E531D, cid=175, FAILED org.apache.ratis.protocol.NotLeaderException: Server 007a4926-093a-4d3a-9d9e-3c5f17d50581 is not the leader (null). Request must be sent to leader., logIndex=0, commits[007a4926-093a-4d3a-9d9e-3c5f17d50581:c-1]
2019-08-23 17:14:36,175 | INFO  | SCMAudit | user=jenkins1000 | ip=192.168.34.23 | op=SEND_HEARTBEAT {datanodeUUID=007a4926-093a-4d3a-9d9e-3c5f17d50581, command=[]} | ret=SUCCESS |  
2019-08-23 17:14:36,251 [Thread-3287] INFO  impl.FollowerState (FollowerState.java:run(106)) - 007a4926-093a-4d3a-9d9e-3c5f17d50581:group-EC25C1C13B20 changes to CANDIDATE, lastRpcTime:5038, electionTimeout:5038ms
2019-08-23 17:14:36,251 [Thread-3287] INFO  impl.RoleInfo (RoleInfo.java:shutdownFollowerState(121)) - 007a4926-093a-4d3a-9d9e-3c5f17d50581: shutdown FollowerState
2019-08-23 17:14:36,252 [Thread-3287] INFO  impl.RaftServerImpl (RaftServerImpl.java:setRole(171)) - 007a4926-093a-4d3a-9d9e-3c5f17d50581:group-EC25C1C13B20 changes role from FOLLOWER to CANDIDATE at term 0 for changeToCandidate
2019-08-23 17:14:36,252 [Thread-3287] INFO  impl.RoleInfo (RoleInfo.java:updateAndGet(143)) - 007a4926-093a-4d3a-9d9e-3c5f17d50581: start LeaderElection
2019-08-23 17:14:36,271 [007a4926-093a-4d3a-9d9e-3c5f17d50581:group-EC25C1C13B20:LeaderElection52] INFO  impl.LeaderElection (LeaderElection.java:askForVotes(181)) - 007a4926-093a-4d3a-9d9e-3c5f17d50581:group-EC25C1C13B20:LeaderElection52: begin an election at term 1 for -1: [007a4926-093a-4d3a-9d9e-3c5f17d50581:192.168.34.23:41071], old=null
2019-08-23 17:14:36,271 [007a4926-093a-4d3a-9d9e-3c5f17d50581:group-EC25C1C13B20:LeaderElection52] INFO  impl.RoleInfo (RoleInfo.java:shutdownLeaderElection(134)) - 007a4926-093a-4d3a-9d9e-3c5f17d50581: shutdown LeaderElection
2019-08-23 17:14:36,271 [007a4926-093a-4d3a-9d9e-3c5f17d50581:group-EC25C1C13B20:LeaderElection52] INFO  impl.RaftServerImpl (RaftServerImpl.java:setRole(171)) - 007a4926-093a-4d3a-9d9e-3c5f17d50581:group-EC25C1C13B20 changes role from CANDIDATE to LEADER at term 1 for changeToLeader
2019-08-23 17:14:36,271 [007a4926-093a-4d3a-9d9e-3c5f17d50581:group-EC25C1C13B20:LeaderElection52] INFO  impl.RaftServerImpl (ServerState.java:setLeader(263)) - 007a4926-093a-4d3a-9d9e-3c5f17d50581:group-EC25C1C13B20 change Leader from null to 007a4926-093a-4d3a-9d9e-3c5f17d50581 at term 1 for becomeLeader, leader elected after 5061ms
2019-08-23 17:14:36,271 [007a4926-093a-4d3a-9d9e-3c5f17d50581:group-EC25C1C13B20:LeaderElection52] INFO  server.RaftServerConfigKeys (ConfUtils.java:logGet(43)) - raft.server.staging.catchup.gap = 1000 (default)
2019-08-23 17:14:36,272 [007a4926-093a-4d3a-9d9e-3c5f17d50581:group-EC25C1C13B20:LeaderElection52] INFO  server.RaftServerConfigKeys (ConfUtils.java:logGet(43)) - raft.server.rpc.sleep.time = 25ms (default)
2019-08-23 17:14:36,272 [007a4926-093a-4d3a-9d9e-3c5f17d50581:group-EC25C1C13B20:LeaderElection52] INFO  server.RaftServerConfigKeys (ConfUtils.java:logGet(43)) - raft.server.write.element-limit = 4096 (default)
2019-08-23 17:14:36,272 [007a4926-093a-4d3a-9d9e-3c5f17d50581:group-EC25C1C13B20:LeaderElection52] INFO  server.RaftServerConfigKeys (ConfUtils.java:logGet(43)) - raft.server.watch.timeout = 10s (default)
2019-08-23 17:14:36,272 [007a4926-093a-4d3a-9d9e-3c5f17d50581:group-EC25C1C13B20:LeaderElection52] INFO  server.RaftServerConfigKeys (ConfUtils.java:logGet(43)) - raft.server.watch.timeout.denomination = 1s (default)
2019-08-23 17:14:36,272 [007a4926-093a-4d3a-9d9e-3c5f17d50581:group-EC25C1C13B20:LeaderElection52] INFO  server.RaftServerConfigKeys (ConfUtils.java:logGet(43)) - raft.server.watch.element-limit = 65536 (default)
2019-08-23 17:14:36,272 [007a4926-093a-4d3a-9d9e-3c5f17d50581:group-EC25C1C13B20:LeaderElection52] INFO  impl.RoleInfo (RoleInfo.java:updateAndGet(143)) - 007a4926-093a-4d3a-9d9e-3c5f17d50581: start LeaderState
2019-08-23 17:14:36,273 [007a4926-093a-4d3a-9d9e-3c5f17d50581:group-EC25C1C13B20:LeaderElection52] INFO  segmented.SegmentedRaftLogWorker (SegmentedRaftLogWorker.java:startLogSegment(380)) - 007a4926-093a-4d3a-9d9e-3c5f17d50581-SegmentedRaftLogWorker:Storage Directory /workdir/hadoop-ozone/integration-test/target/test-dir/MiniOzoneClusterImpl-49991279-2dcc-4eb0-83dc-ab14c407d015/datanode-2/data/ratis/43ed4580-1312-44c6-8d93-ec25c1c13b20: Starting segment from index:0
2019-08-23 17:14:36,273 [007a4926-093a-4d3a-9d9e-3c5f17d50581:group-EC25C1C13B20:LeaderElection52] INFO  impl.RaftServerImpl (ServerState.java:setRaftConf(361)) - 007a4926-093a-4d3a-9d9e-3c5f17d50581:group-EC25C1C13B20 set configuration 0: [007a4926-093a-4d3a-9d9e-3c5f17d50581:192.168.34.23:41071], old=null at 0
2019-08-23 17:14:36,312 [Thread-3290] INFO  impl.FollowerState (FollowerState.java:run(106)) - 23fa496f-0b24-4481-8ded-b6c2e0b9cb99:group-4AE01A1E531D changes to CANDIDATE, lastRpcTime:5051, electionTimeout:5031ms
2019-08-23 17:14:36,313 [Thread-3290] INFO  impl.RoleInfo (RoleInfo.java:shutdownFollowerState(121)) - 23fa496f-0b24-4481-8ded-b6c2e0b9cb99: shutdown FollowerState
2019-08-23 17:14:36,313 [Thread-3290] INFO  impl.RaftServerImpl (RaftServerImpl.java:setRole(171)) - 23fa496f-0b24-4481-8ded-b6c2e0b9cb99:group-4AE01A1E531D changes role from FOLLOWER to CANDIDATE at term 0 for changeToCandidate
2019-08-23 17:14:36,313 [Thread-3290] INFO  impl.RoleInfo (RoleInfo.java:updateAndGet(143)) - 23fa496f-0b24-4481-8ded-b6c2e0b9cb99: start LeaderElection
2019-08-23 17:14:36,318 [007a4926-093a-4d3a-9d9e-3c5f17d50581-SegmentedRaftLogWorker:Storage Directory /workdir/hadoop-ozone/integration-test/target/test-dir/MiniOzoneClusterImpl-49991279-2dcc-4eb0-83dc-ab14c407d015/datanode-2/data/ratis/43ed4580-1312-44c6-8d93-ec25c1c13b20] INFO  segmented.SegmentedRaftLogWorker (SegmentedRaftLogWorker.java:execute(569)) - 007a4926-093a-4d3a-9d9e-3c5f17d50581-SegmentedRaftLogWorker:Storage Directory /workdir/hadoop-ozone/integration-test/target/test-dir/MiniOzoneClusterImpl-49991279-2dcc-4eb0-83dc-ab14c407d015/datanode-2/data/ratis/43ed4580-1312-44c6-8d93-ec25c1c13b20: created new log segment /workdir/hadoop-ozone/integration-test/target/test-dir/MiniOzoneClusterImpl-49991279-2dcc-4eb0-83dc-ab14c407d015/datanode-2/data/ratis/43ed4580-1312-44c6-8d93-ec25c1c13b20/current/log_inprogress_0
2019-08-23 17:14:36,321 [23fa496f-0b24-4481-8ded-b6c2e0b9cb99:group-4AE01A1E531D:LeaderElection53] INFO  impl.LeaderElection (LeaderElection.java:askForVotes(181)) - 23fa496f-0b24-4481-8ded-b6c2e0b9cb99:group-4AE01A1E531D:LeaderElection53: begin an election at term 1 for -1: [007a4926-093a-4d3a-9d9e-3c5f17d50581:192.168.34.23:41071, 03c422ce-7517-4458-ba1e-7259997ff644:192.168.34.23:38086, 23fa496f-0b24-4481-8ded-b6c2e0b9cb99:192.168.34.23:37392], old=null
2019-08-23 17:14:36,325 [grpc-default-executor-4] INFO  impl.RaftServerImpl (RaftServerImpl.java:setRole(171)) - 007a4926-093a-4d3a-9d9e-3c5f17d50581:group-4AE01A1E531D changes role from FOLLOWER to FOLLOWER at term 1 for recognizeCandidate:23fa496f-0b24-4481-8ded-b6c2e0b9cb99
2019-08-23 17:14:36,325 [grpc-default-executor-8] INFO  impl.RaftServerImpl (RaftServerImpl.java:setRole(171)) - 03c422ce-7517-4458-ba1e-7259997ff644:group-4AE01A1E531D changes role from FOLLOWER to FOLLOWER at term 1 for recognizeCandidate:23fa496f-0b24-4481-8ded-b6c2e0b9cb99
2019-08-23 17:14:36,325 [grpc-default-executor-4] INFO  impl.RoleInfo (RoleInfo.java:shutdownFollowerState(121)) - 007a4926-093a-4d3a-9d9e-3c5f17d50581: shutdown FollowerState
2019-08-23 17:14:36,325 [grpc-default-executor-8] INFO  impl.RoleInfo (RoleInfo.java:shutdownFollowerState(121)) - 03c422ce-7517-4458-ba1e-7259997ff644: shutdown FollowerState
2019-08-23 17:14:36,325 [grpc-default-executor-4] INFO  impl.RoleInfo (RoleInfo.java:updateAndGet(143)) - 007a4926-093a-4d3a-9d9e-3c5f17d50581: start FollowerState
2019-08-23 17:14:36,325 [Thread-3294] INFO  impl.FollowerState (FollowerState.java:run(114)) - 03c422ce-7517-4458-ba1e-7259997ff644: FollowerState was interrupted: java.lang.InterruptedException: sleep interrupted
2019-08-23 17:14:36,325 [grpc-default-executor-8] INFO  impl.RoleInfo (RoleInfo.java:updateAndGet(143)) - 03c422ce-7517-4458-ba1e-7259997ff644: start FollowerState
2019-08-23 17:14:36,325 [Thread-3295] INFO  impl.FollowerState (FollowerState.java:run(114)) - 007a4926-093a-4d3a-9d9e-3c5f17d50581: FollowerState was interrupted: java.lang.InterruptedException: sleep interrupted
2019-08-23 17:14:36,355 [23fa496f-0b24-4481-8ded-b6c2e0b9cb99:group-4AE01A1E531D:LeaderElection53] INFO  impl.LeaderElection (LeaderElection.java:logAndReturn(56)) - 23fa496f-0b24-4481-8ded-b6c2e0b9cb99:group-4AE01A1E531D:LeaderElection53: Election PASSED; received 1 response(s) [23fa496f-0b24-4481-8ded-b6c2e0b9cb99<-007a4926-093a-4d3a-9d9e-3c5f17d50581#0:OK-t1] and 0 exception(s); 23fa496f-0b24-4481-8ded-b6c2e0b9cb99:t1, leader=null, voted=23fa496f-0b24-4481-8ded-b6c2e0b9cb99, raftlog=23fa496f-0b24-4481-8ded-b6c2e0b9cb99-SegmentedRaftLog:OPENED:c-1,f-1,i0, conf=-1: [007a4926-093a-4d3a-9d9e-3c5f17d50581:192.168.34.23:41071, 03c422ce-7517-4458-ba1e-7259997ff644:192.168.34.23:38086, 23fa496f-0b24-4481-8ded-b6c2e0b9cb99:192.168.34.23:37392], old=null
2019-08-23 17:14:36,356 [23fa496f-0b24-4481-8ded-b6c2e0b9cb99:group-4AE01A1E531D:LeaderElection53] INFO  impl.RoleInfo (RoleInfo.java:shutdownLeaderElection(134)) - 23fa496f-0b24-4481-8ded-b6c2e0b9cb99: shutdown LeaderElection
2019-08-23 17:14:36,356 [23fa496f-0b24-4481-8ded-b6c2e0b9cb99:group-4AE01A1E531D:LeaderElection53] INFO  impl.RaftServerImpl (RaftServerImpl.java:setRole(171)) - 23fa496f-0b24-4481-8ded-b6c2e0b9cb99:group-4AE01A1E531D changes role from CANDIDATE to LEADER at term 1 for changeToLeader
2019-08-23 17:14:36,358 [23fa496f-0b24-4481-8ded-b6c2e0b9cb99:group-4AE01A1E531D:LeaderElection53] INFO  impl.RaftServerImpl (ServerState.java:setLeader(263)) - 23fa496f-0b24-4481-8ded-b6c2e0b9cb99:group-4AE01A1E531D change Leader from null to 23fa496f-0b24-4481-8ded-b6c2e0b9cb99 at term 1 for becomeLeader, leader elected after 5102ms
2019-08-23 17:14:36,358 [23fa496f-0b24-4481-8ded-b6c2e0b9cb99:group-4AE01A1E531D:LeaderElection53] INFO  server.RaftServerConfigKeys (ConfUtils.java:logGet(43)) - raft.server.staging.catchup.gap = 1000 (default)
2019-08-23 17:14:36,359 [23fa496f-0b24-4481-8ded-b6c2e0b9cb99:group-4AE01A1E531D:LeaderElection53] INFO  server.RaftServerConfigKeys (ConfUtils.java:logGet(43)) - raft.server.rpc.sleep.time = 25ms (default)
2019-08-23 17:14:36,359 [23fa496f-0b24-4481-8ded-b6c2e0b9cb99:group-4AE01A1E531D:LeaderElection53] INFO  server.RaftServerConfigKeys (ConfUtils.java:logGet(43)) - raft.server.write.element-limit = 4096 (default)
2019-08-23 17:14:36,359 [23fa496f-0b24-4481-8ded-b6c2e0b9cb99:group-4AE01A1E531D:LeaderElection53] INFO  server.RaftServerConfigKeys (ConfUtils.java:logGet(43)) - raft.server.watch.timeout = 10s (default)
2019-08-23 17:14:36,359 [23fa496f-0b24-4481-8ded-b6c2e0b9cb99:group-4AE01A1E531D:LeaderElection53] INFO  server.RaftServerConfigKeys (ConfUtils.java:logGet(43)) - raft.server.watch.timeout.denomination = 1s (default)
2019-08-23 17:14:36,359 [23fa496f-0b24-4481-8ded-b6c2e0b9cb99:group-4AE01A1E531D:LeaderElection53] INFO  server.RaftServerConfigKeys (ConfUtils.java:logGet(43)) - raft.server.watch.element-limit = 65536 (default)
2019-08-23 17:14:36,359 [23fa496f-0b24-4481-8ded-b6c2e0b9cb99:group-4AE01A1E531D:LeaderElection53] INFO  server.RaftServerConfigKeys (ConfUtils.java:logGet(43)) - raft.server.log.appender.snapshot.chunk.size.max = 16MB (=16777216) (default)
2019-08-23 17:14:36,360 [23fa496f-0b24-4481-8ded-b6c2e0b9cb99:group-4AE01A1E531D:LeaderElection53] INFO  server.RaftServerConfigKeys (ConfUtils.java:logGet(43)) - raft.server.log.appender.buffer.byte-limit = 33554432 (custom)
2019-08-23 17:14:36,360 [23fa496f-0b24-4481-8ded-b6c2e0b9cb99:group-4AE01A1E531D:LeaderElection53] INFO  server.RaftServerConfigKeys (ConfUtils.java:logGet(43)) - raft.server.log.appender.buffer.element-limit = 1 (custom)
2019-08-23 17:14:36,360 [23fa496f-0b24-4481-8ded-b6c2e0b9cb99:group-4AE01A1E531D:LeaderElection53] INFO  grpc.GrpcConfigKeys$Server (ConfUtils.java:logGet(43)) - raft.grpc.server.leader.outstanding.appends.max = 128 (default)
2019-08-23 17:14:36,360 [23fa496f-0b24-4481-8ded-b6c2e0b9cb99:group-4AE01A1E531D:LeaderElection53] INFO  server.RaftServerConfigKeys (ConfUtils.java:logGet(43)) - raft.server.rpc.request.timeout = 3000ms (default)
2019-08-23 17:14:36,360 [23fa496f-0b24-4481-8ded-b6c2e0b9cb99:group-4AE01A1E531D:LeaderElection53] INFO  server.RaftServerConfigKeys (ConfUtils.java:logGet(43)) - raft.server.log.appender.install.snapshot.enabled = false (custom)
2019-08-23 17:14:36,360 [23fa496f-0b24-4481-8ded-b6c2e0b9cb99:group-4AE01A1E531D:LeaderElection53] INFO  server.RaftServerConfigKeys (ConfUtils.java:logGet(43)) - raft.server.log.appender.snapshot.chunk.size.max = 16MB (=16777216) (default)
2019-08-23 17:14:36,361 [23fa496f-0b24-4481-8ded-b6c2e0b9cb99:group-4AE01A1E531D:LeaderElection53] INFO  server.RaftServerConfigKeys (ConfUtils.java:logGet(43)) - raft.server.log.appender.buffer.byte-limit = 33554432 (custom)
2019-08-23 17:14:36,361 [23fa496f-0b24-4481-8ded-b6c2e0b9cb99:group-4AE01A1E531D:LeaderElection53] INFO  server.RaftServerConfigKeys (ConfUtils.java:logGet(43)) - raft.server.log.appender.buffer.element-limit = 1 (custom)
2019-08-23 17:14:36,361 [23fa496f-0b24-4481-8ded-b6c2e0b9cb99:group-4AE01A1E531D:LeaderElection53] INFO  grpc.GrpcConfigKeys$Server (ConfUtils.java:logGet(43)) - raft.grpc.server.leader.outstanding.appends.max = 128 (default)
2019-08-23 17:14:36,361 [23fa496f-0b24-4481-8ded-b6c2e0b9cb99:group-4AE01A1E531D:LeaderElection53] INFO  server.RaftServerConfigKeys (ConfUtils.java:logGet(43)) - raft.server.rpc.request.timeout = 3000ms (default)
2019-08-23 17:14:36,361 [23fa496f-0b24-4481-8ded-b6c2e0b9cb99:group-4AE01A1E531D:LeaderElection53] INFO  server.RaftServerConfigKeys (ConfUtils.java:logGet(43)) - raft.server.log.appender.install.snapshot.enabled = false (custom)
2019-08-23 17:14:36,361 [23fa496f-0b24-4481-8ded-b6c2e0b9cb99:group-4AE01A1E531D:LeaderElection53] INFO  impl.RoleInfo (RoleInfo.java:updateAndGet(143)) - 23fa496f-0b24-4481-8ded-b6c2e0b9cb99: start LeaderState
2019-08-23 17:14:36,362 [23fa496f-0b24-4481-8ded-b6c2e0b9cb99:group-4AE01A1E531D:LeaderElection53] INFO  segmented.SegmentedRaftLogWorker (SegmentedRaftLogWorker.java:startLogSegment(380)) - 23fa496f-0b24-4481-8ded-b6c2e0b9cb99-SegmentedRaftLogWorker:Storage Directory /workdir/hadoop-ozone/integration-test/target/test-dir/MiniOzoneClusterImpl-49991279-2dcc-4eb0-83dc-ab14c407d015/datanode-0/data/ratis/8ecee029-8d12-43a9-8959-4ae01a1e531d: Starting segment from index:0
2019-08-23 17:14:36,362 [23fa496f-0b24-4481-8ded-b6c2e0b9cb99:group-4AE01A1E531D:LeaderElection53] INFO  impl.RaftServerImpl (ServerState.java:setRaftConf(361)) - 23fa496f-0b24-4481-8ded-b6c2e0b9cb99:group-4AE01A1E531D set configuration 0: [007a4926-093a-4d3a-9d9e-3c5f17d50581:192.168.34.23:41071, 03c422ce-7517-4458-ba1e-7259997ff644:192.168.34.23:38086, 23fa496f-0b24-4481-8ded-b6c2e0b9cb99:192.168.34.23:37392], old=null at 0
2019-08-23 17:14:36,397 [grpc-default-executor-4] INFO  impl.RaftServerImpl (ServerState.java:setLeader(263)) - 007a4926-093a-4d3a-9d9e-3c5f17d50581:group-4AE01A1E531D change Leader from null to 23fa496f-0b24-4481-8ded-b6c2e0b9cb99 at term 1 for appendEntries, leader elected after 5142ms
2019-08-23 17:14:36,397 [grpc-default-executor-8] INFO  impl.RaftServerImpl (ServerState.java:setLeader(263)) - 03c422ce-7517-4458-ba1e-7259997ff644:group-4AE01A1E531D change Leader from null to 23fa496f-0b24-4481-8ded-b6c2e0b9cb99 at term 1 for appendEntries, leader elected after 5142ms
2019-08-23 17:14:36,411 [23fa496f-0b24-4481-8ded-b6c2e0b9cb99-SegmentedRaftLogWorker:Storage Directory /workdir/hadoop-ozone/integration-test/target/test-dir/MiniOzoneClusterImpl-49991279-2dcc-4eb0-83dc-ab14c407d015/datanode-0/data/ratis/8ecee029-8d12-43a9-8959-4ae01a1e531d] INFO  segmented.SegmentedRaftLogWorker (SegmentedRaftLogWorker.java:execute(569)) - 23fa496f-0b24-4481-8ded-b6c2e0b9cb99-SegmentedRaftLogWorker:Storage Directory /workdir/hadoop-ozone/integration-test/target/test-dir/MiniOzoneClusterImpl-49991279-2dcc-4eb0-83dc-ab14c407d015/datanode-0/data/ratis/8ecee029-8d12-43a9-8959-4ae01a1e531d: created new log segment /workdir/hadoop-ozone/integration-test/target/test-dir/MiniOzoneClusterImpl-49991279-2dcc-4eb0-83dc-ab14c407d015/datanode-0/data/ratis/8ecee029-8d12-43a9-8959-4ae01a1e531d/current/log_inprogress_0
2019-08-23 17:14:36,414 [grpc-default-executor-8] INFO  impl.RaftServerImpl (ServerState.java:setRaftConf(361)) - 03c422ce-7517-4458-ba1e-7259997ff644:group-4AE01A1E531D set configuration 0: [007a4926-093a-4d3a-9d9e-3c5f17d50581:192.168.34.23:41071, 03c422ce-7517-4458-ba1e-7259997ff644:192.168.34.23:38086, 23fa496f-0b24-4481-8ded-b6c2e0b9cb99:192.168.34.23:37392], old=null at 0
2019-08-23 17:14:36,414 [grpc-default-executor-4] INFO  impl.RaftServerImpl (ServerState.java:setRaftConf(361)) - 007a4926-093a-4d3a-9d9e-3c5f17d50581:group-4AE01A1E531D set configuration 0: [007a4926-093a-4d3a-9d9e-3c5f17d50581:192.168.34.23:41071, 03c422ce-7517-4458-ba1e-7259997ff644:192.168.34.23:38086, 23fa496f-0b24-4481-8ded-b6c2e0b9cb99:192.168.34.23:37392], old=null at 0
2019-08-23 17:14:36,414 [grpc-default-executor-8] INFO  segmented.SegmentedRaftLogWorker (SegmentedRaftLogWorker.java:startLogSegment(380)) - 03c422ce-7517-4458-ba1e-7259997ff644-SegmentedRaftLogWorker:Storage Directory /workdir/hadoop-ozone/integration-test/target/test-dir/MiniOzoneClusterImpl-49991279-2dcc-4eb0-83dc-ab14c407d015/datanode-1/data/ratis/8ecee029-8d12-43a9-8959-4ae01a1e531d: Starting segment from index:0
2019-08-23 17:14:36,415 [grpc-default-executor-4] INFO  segmented.SegmentedRaftLogWorker (SegmentedRaftLogWorker.java:startLogSegment(380)) - 007a4926-093a-4d3a-9d9e-3c5f17d50581-SegmentedRaftLogWorker:Storage Directory /workdir/hadoop-ozone/integration-test/target/test-dir/MiniOzoneClusterImpl-49991279-2dcc-4eb0-83dc-ab14c407d015/datanode-2/data/ratis/8ecee029-8d12-43a9-8959-4ae01a1e531d: Starting segment from index:0
2019-08-23 17:14:36,453 [007a4926-093a-4d3a-9d9e-3c5f17d50581-SegmentedRaftLogWorker:Storage Directory /workdir/hadoop-ozone/integration-test/target/test-dir/MiniOzoneClusterImpl-49991279-2dcc-4eb0-83dc-ab14c407d015/datanode-2/data/ratis/8ecee029-8d12-43a9-8959-4ae01a1e531d] INFO  segmented.SegmentedRaftLogWorker (SegmentedRaftLogWorker.java:execute(569)) - 007a4926-093a-4d3a-9d9e-3c5f17d50581-SegmentedRaftLogWorker:Storage Directory /workdir/hadoop-ozone/integration-test/target/test-dir/MiniOzoneClusterImpl-49991279-2dcc-4eb0-83dc-ab14c407d015/datanode-2/data/ratis/8ecee029-8d12-43a9-8959-4ae01a1e531d: created new log segment /workdir/hadoop-ozone/integration-test/target/test-dir/MiniOzoneClusterImpl-49991279-2dcc-4eb0-83dc-ab14c407d015/datanode-2/data/ratis/8ecee029-8d12-43a9-8959-4ae01a1e531d/current/log_inprogress_0
2019-08-23 17:14:36,453 [03c422ce-7517-4458-ba1e-7259997ff644-SegmentedRaftLogWorker:Storage Directory /workdir/hadoop-ozone/integration-test/target/test-dir/MiniOzoneClusterImpl-49991279-2dcc-4eb0-83dc-ab14c407d015/datanode-1/data/ratis/8ecee029-8d12-43a9-8959-4ae01a1e531d] INFO  segmented.SegmentedRaftLogWorker (SegmentedRaftLogWorker.java:execute(569)) - 03c422ce-7517-4458-ba1e-7259997ff644-SegmentedRaftLogWorker:Storage Directory /workdir/hadoop-ozone/integration-test/target/test-dir/MiniOzoneClusterImpl-49991279-2dcc-4eb0-83dc-ab14c407d015/datanode-1/data/ratis/8ecee029-8d12-43a9-8959-4ae01a1e531d: created new log segment /workdir/hadoop-ozone/integration-test/target/test-dir/MiniOzoneClusterImpl-49991279-2dcc-4eb0-83dc-ab14c407d015/datanode-1/data/ratis/8ecee029-8d12-43a9-8959-4ae01a1e531d/current/log_inprogress_0
2019-08-23 17:14:36,561 | INFO  | SCMAudit | user=jenkins1000 | ip=192.168.34.23 | op=SEND_HEARTBEAT {datanodeUUID=99cffe41-d7bb-421f-ad37-c26af1490bc7, command=[]} | ret=SUCCESS |  
2019-08-23 17:14:36,644 [Thread-3299] INFO  impl.FollowerState (FollowerState.java:run(106)) - 99cffe41-d7bb-421f-ad37-c26af1490bc7:group-4977038BD8C3 changes to CANDIDATE, lastRpcTime:5041, electionTimeout:5041ms
2019-08-23 17:14:36,644 [Thread-3299] INFO  impl.RoleInfo (RoleInfo.java:shutdownFollowerState(121)) - 99cffe41-d7bb-421f-ad37-c26af1490bc7: shutdown FollowerState
2019-08-23 17:14:36,644 [Thread-3299] INFO  impl.RaftServerImpl (RaftServerImpl.java:setRole(171)) - 99cffe41-d7bb-421f-ad37-c26af1490bc7:group-4977038BD8C3 changes role from FOLLOWER to CANDIDATE at term 0 for changeToCandidate
2019-08-23 17:14:36,644 [Thread-3299] INFO  impl.RoleInfo (RoleInfo.java:updateAndGet(143)) - 99cffe41-d7bb-421f-ad37-c26af1490bc7: start LeaderElection
2019-08-23 17:14:36,665 [99cffe41-d7bb-421f-ad37-c26af1490bc7:group-4977038BD8C3:LeaderElection54] INFO  impl.LeaderElection (LeaderElection.java:askForVotes(181)) - 99cffe41-d7bb-421f-ad37-c26af1490bc7:group-4977038BD8C3:LeaderElection54: begin an election at term 1 for -1: [99cffe41-d7bb-421f-ad37-c26af1490bc7:192.168.34.23:34140], old=null
2019-08-23 17:14:36,665 [99cffe41-d7bb-421f-ad37-c26af1490bc7:group-4977038BD8C3:LeaderElection54] INFO  impl.RoleInfo (RoleInfo.java:shutdownLeaderElection(134)) - 99cffe41-d7bb-421f-ad37-c26af1490bc7: shutdown LeaderElection
2019-08-23 17:14:36,665 [99cffe41-d7bb-421f-ad37-c26af1490bc7:group-4977038BD8C3:LeaderElection54] INFO  impl.RaftServerImpl (RaftServerImpl.java:setRole(171)) - 99cffe41-d7bb-421f-ad37-c26af1490bc7:group-4977038BD8C3 changes role from CANDIDATE to LEADER at term 1 for changeToLeader
2019-08-23 17:14:36,666 [99cffe41-d7bb-421f-ad37-c26af1490bc7:group-4977038BD8C3:LeaderElection54] INFO  impl.RaftServerImpl (ServerState.java:setLeader(263)) - 99cffe41-d7bb-421f-ad37-c26af1490bc7:group-4977038BD8C3 change Leader from null to 99cffe41-d7bb-421f-ad37-c26af1490bc7 at term 1 for becomeLeader, leader elected after 5066ms
2019-08-23 17:14:36,666 [99cffe41-d7bb-421f-ad37-c26af1490bc7:group-4977038BD8C3:LeaderElection54] INFO  server.RaftServerConfigKeys (ConfUtils.java:logGet(43)) - raft.server.staging.catchup.gap = 1000 (default)
2019-08-23 17:14:36,666 [99cffe41-d7bb-421f-ad37-c26af1490bc7:group-4977038BD8C3:LeaderElection54] INFO  server.RaftServerConfigKeys (ConfUtils.java:logGet(43)) - raft.server.rpc.sleep.time = 25ms (default)
2019-08-23 17:14:36,666 [99cffe41-d7bb-421f-ad37-c26af1490bc7:group-4977038BD8C3:LeaderElection54] INFO  server.RaftServerConfigKeys (ConfUtils.java:logGet(43)) - raft.server.write.element-limit = 4096 (default)
2019-08-23 17:14:36,666 [99cffe41-d7bb-421f-ad37-c26af1490bc7:group-4977038BD8C3:LeaderElection54] INFO  server.RaftServerConfigKeys (ConfUtils.java:logGet(43)) - raft.server.watch.timeout = 10s (default)
2019-08-23 17:14:36,666 [99cffe41-d7bb-421f-ad37-c26af1490bc7:group-4977038BD8C3:LeaderElection54] INFO  server.RaftServerConfigKeys (ConfUtils.java:logGet(43)) - raft.server.watch.timeout.denomination = 1s (default)
2019-08-23 17:14:36,667 [99cffe41-d7bb-421f-ad37-c26af1490bc7:group-4977038BD8C3:LeaderElection54] INFO  server.RaftServerConfigKeys (ConfUtils.java:logGet(43)) - raft.server.watch.element-limit = 65536 (default)
2019-08-23 17:14:36,667 [99cffe41-d7bb-421f-ad37-c26af1490bc7:group-4977038BD8C3:LeaderElection54] INFO  impl.RoleInfo (RoleInfo.java:updateAndGet(143)) - 99cffe41-d7bb-421f-ad37-c26af1490bc7: start LeaderState
2019-08-23 17:14:36,667 [99cffe41-d7bb-421f-ad37-c26af1490bc7:group-4977038BD8C3:LeaderElection54] INFO  segmented.SegmentedRaftLogWorker (SegmentedRaftLogWorker.java:startLogSegment(380)) - 99cffe41-d7bb-421f-ad37-c26af1490bc7-SegmentedRaftLogWorker:Storage Directory /workdir/hadoop-ozone/integration-test/target/test-dir/MiniOzoneClusterImpl-49991279-2dcc-4eb0-83dc-ab14c407d015/datanode-3/data/ratis/701cd5ef-0ceb-46c4-8241-4977038bd8c3: Starting segment from index:0
2019-08-23 17:14:36,668 [99cffe41-d7bb-421f-ad37-c26af1490bc7:group-4977038BD8C3:LeaderElection54] INFO  impl.RaftServerImpl (ServerState.java:setRaftConf(361)) - 99cffe41-d7bb-421f-ad37-c26af1490bc7:group-4977038BD8C3 set configuration 0: [99cffe41-d7bb-421f-ad37-c26af1490bc7:192.168.34.23:34140], old=null at 0
2019-08-23 17:14:36,723 [99cffe41-d7bb-421f-ad37-c26af1490bc7-SegmentedRaftLogWorker:Storage Directory /workdir/hadoop-ozone/integration-test/target/test-dir/MiniOzoneClusterImpl-49991279-2dcc-4eb0-83dc-ab14c407d015/datanode-3/data/ratis/701cd5ef-0ceb-46c4-8241-4977038bd8c3] INFO  segmented.SegmentedRaftLogWorker (SegmentedRaftLogWorker.java:execute(569)) - 99cffe41-d7bb-421f-ad37-c26af1490bc7-SegmentedRaftLogWorker:Storage Directory /workdir/hadoop-ozone/integration-test/target/test-dir/MiniOzoneClusterImpl-49991279-2dcc-4eb0-83dc-ab14c407d015/datanode-3/data/ratis/701cd5ef-0ceb-46c4-8241-4977038bd8c3: created new log segment /workdir/hadoop-ozone/integration-test/target/test-dir/MiniOzoneClusterImpl-49991279-2dcc-4eb0-83dc-ab14c407d015/datanode-3/data/ratis/701cd5ef-0ceb-46c4-8241-4977038bd8c3/current/log_inprogress_0
2019-08-23 17:14:36,724 | INFO  | SCMAudit | user=jenkins1000 | ip=192.168.34.23 | op=SEND_HEARTBEAT {datanodeUUID=eb580450-fe81-484d-8f0c-907a5b435dbc, command=[]} | ret=SUCCESS |  
2019-08-23 17:14:36,783 | INFO  | SCMAudit | user=jenkins1000 | ip=192.168.34.23 | op=SEND_HEARTBEAT {datanodeUUID=23fa496f-0b24-4481-8ded-b6c2e0b9cb99, command=[]} | ret=SUCCESS |  
2019-08-23 17:14:36,874 | INFO  | SCMAudit | user=jenkins1000 | ip=192.168.34.23 | op=SEND_HEARTBEAT {datanodeUUID=c15a8acb-9ee6-4d33-b032-95e74a5e0f7e, command=[]} | ret=SUCCESS |  
2019-08-23 17:14:36,883 [Thread-3302] INFO  impl.FollowerState (FollowerState.java:run(106)) - eb580450-fe81-484d-8f0c-907a5b435dbc:group-FE19B0D03430 changes to CANDIDATE, lastRpcTime:5118, electionTimeout:5118ms
2019-08-23 17:14:36,884 [Thread-3302] INFO  impl.RoleInfo (RoleInfo.java:shutdownFollowerState(121)) - eb580450-fe81-484d-8f0c-907a5b435dbc: shutdown FollowerState
2019-08-23 17:14:36,884 [Thread-3302] INFO  impl.RaftServerImpl (RaftServerImpl.java:setRole(171)) - eb580450-fe81-484d-8f0c-907a5b435dbc:group-FE19B0D03430 changes role from FOLLOWER to CANDIDATE at term 0 for changeToCandidate
2019-08-23 17:14:36,884 [Thread-3302] INFO  impl.RoleInfo (RoleInfo.java:updateAndGet(143)) - eb580450-fe81-484d-8f0c-907a5b435dbc: start LeaderElection
2019-08-23 17:14:36,903 [eb580450-fe81-484d-8f0c-907a5b435dbc:group-FE19B0D03430:LeaderElection55] INFO  impl.LeaderElection (LeaderElection.java:askForVotes(181)) - eb580450-fe81-484d-8f0c-907a5b435dbc:group-FE19B0D03430:LeaderElection55: begin an election at term 1 for -1: [eb580450-fe81-484d-8f0c-907a5b435dbc:192.168.34.23:43345], old=null
2019-08-23 17:14:36,903 [eb580450-fe81-484d-8f0c-907a5b435dbc:group-FE19B0D03430:LeaderElection55] INFO  impl.RoleInfo (RoleInfo.java:shutdownLeaderElection(134)) - eb580450-fe81-484d-8f0c-907a5b435dbc: shutdown LeaderElection
2019-08-23 17:14:36,903 [eb580450-fe81-484d-8f0c-907a5b435dbc:group-FE19B0D03430:LeaderElection55] INFO  impl.RaftServerImpl (RaftServerImpl.java:setRole(171)) - eb580450-fe81-484d-8f0c-907a5b435dbc:group-FE19B0D03430 changes role from CANDIDATE to LEADER at term 1 for changeToLeader
2019-08-23 17:14:36,903 [eb580450-fe81-484d-8f0c-907a5b435dbc:group-FE19B0D03430:LeaderElection55] INFO  impl.RaftServerImpl (ServerState.java:setLeader(263)) - eb580450-fe81-484d-8f0c-907a5b435dbc:group-FE19B0D03430 change Leader from null to eb580450-fe81-484d-8f0c-907a5b435dbc at term 1 for becomeLeader, leader elected after 5142ms
2019-08-23 17:14:36,903 [eb580450-fe81-484d-8f0c-907a5b435dbc:group-FE19B0D03430:LeaderElection55] INFO  server.RaftServerConfigKeys (ConfUtils.java:logGet(43)) - raft.server.staging.catchup.gap = 1000 (default)
2019-08-23 17:14:36,904 [eb580450-fe81-484d-8f0c-907a5b435dbc:group-FE19B0D03430:LeaderElection55] INFO  server.RaftServerConfigKeys (ConfUtils.java:logGet(43)) - raft.server.rpc.sleep.time = 25ms (default)
2019-08-23 17:14:36,904 [eb580450-fe81-484d-8f0c-907a5b435dbc:group-FE19B0D03430:LeaderElection55] INFO  server.RaftServerConfigKeys (ConfUtils.java:logGet(43)) - raft.server.write.element-limit = 4096 (default)
2019-08-23 17:14:36,904 [eb580450-fe81-484d-8f0c-907a5b435dbc:group-FE19B0D03430:LeaderElection55] INFO  server.RaftServerConfigKeys (ConfUtils.java:logGet(43)) - raft.server.watch.timeout = 10s (default)
2019-08-23 17:14:36,904 [eb580450-fe81-484d-8f0c-907a5b435dbc:group-FE19B0D03430:LeaderElection55] INFO  server.RaftServerConfigKeys (ConfUtils.java:logGet(43)) - raft.server.watch.timeout.denomination = 1s (default)
2019-08-23 17:14:36,904 [eb580450-fe81-484d-8f0c-907a5b435dbc:group-FE19B0D03430:LeaderElection55] INFO  server.RaftServerConfigKeys (ConfUtils.java:logGet(43)) - raft.server.watch.element-limit = 65536 (default)
2019-08-23 17:14:36,904 [eb580450-fe81-484d-8f0c-907a5b435dbc:group-FE19B0D03430:LeaderElection55] INFO  impl.RoleInfo (RoleInfo.java:updateAndGet(143)) - eb580450-fe81-484d-8f0c-907a5b435dbc: start LeaderState
2019-08-23 17:14:36,905 [eb580450-fe81-484d-8f0c-907a5b435dbc:group-FE19B0D03430:LeaderElection55] INFO  segmented.SegmentedRaftLogWorker (SegmentedRaftLogWorker.java:startLogSegment(380)) - eb580450-fe81-484d-8f0c-907a5b435dbc-SegmentedRaftLogWorker:Storage Directory /workdir/hadoop-ozone/integration-test/target/test-dir/MiniOzoneClusterImpl-49991279-2dcc-4eb0-83dc-ab14c407d015/datanode-4/data/ratis/e5f11a50-c934-4ffb-bbb1-fe19b0d03430: Starting segment from index:0
2019-08-23 17:14:36,905 [eb580450-fe81-484d-8f0c-907a5b435dbc:group-FE19B0D03430:LeaderElection55] INFO  impl.RaftServerImpl (ServerState.java:setRaftConf(361)) - eb580450-fe81-484d-8f0c-907a5b435dbc:group-FE19B0D03430 set configuration 0: [eb580450-fe81-484d-8f0c-907a5b435dbc:192.168.34.23:43345], old=null at 0
2019-08-23 17:14:36,960 [eb580450-fe81-484d-8f0c-907a5b435dbc-SegmentedRaftLogWorker:Storage Directory /workdir/hadoop-ozone/integration-test/target/test-dir/MiniOzoneClusterImpl-49991279-2dcc-4eb0-83dc-ab14c407d015/datanode-4/data/ratis/e5f11a50-c934-4ffb-bbb1-fe19b0d03430] INFO  segmented.SegmentedRaftLogWorker (SegmentedRaftLogWorker.java:execute(569)) - eb580450-fe81-484d-8f0c-907a5b435dbc-SegmentedRaftLogWorker:Storage Directory /workdir/hadoop-ozone/integration-test/target/test-dir/MiniOzoneClusterImpl-49991279-2dcc-4eb0-83dc-ab14c407d015/datanode-4/data/ratis/e5f11a50-c934-4ffb-bbb1-fe19b0d03430: created new log segment /workdir/hadoop-ozone/integration-test/target/test-dir/MiniOzoneClusterImpl-49991279-2dcc-4eb0-83dc-ab14c407d015/datanode-4/data/ratis/e5f11a50-c934-4ffb-bbb1-fe19b0d03430/current/log_inprogress_0
2019-08-23 17:14:36,995 | INFO  | SCMAudit | user=jenkins1000 | ip=192.168.34.23 | op=SEND_HEARTBEAT {datanodeUUID=03c422ce-7517-4458-ba1e-7259997ff644, command=[]} | ret=SUCCESS |  
2019-08-23 17:14:36,996 [Thread-3311] INFO  impl.FollowerState (FollowerState.java:run(106)) - c15a8acb-9ee6-4d33-b032-95e74a5e0f7e:group-9F015F3B30AE changes to CANDIDATE, lastRpcTime:5014, electionTimeout:5014ms
2019-08-23 17:14:36,996 [Thread-3311] INFO  impl.RoleInfo (RoleInfo.java:shutdownFollowerState(121)) - c15a8acb-9ee6-4d33-b032-95e74a5e0f7e: shutdown FollowerState
2019-08-23 17:14:36,996 [Thread-3311] INFO  impl.RaftServerImpl (RaftServerImpl.java:setRole(171)) - c15a8acb-9ee6-4d33-b032-95e74a5e0f7e:group-9F015F3B30AE changes role from FOLLOWER to CANDIDATE at term 0 for changeToCandidate
2019-08-23 17:14:36,996 [Thread-3311] INFO  impl.RoleInfo (RoleInfo.java:updateAndGet(143)) - c15a8acb-9ee6-4d33-b032-95e74a5e0f7e: start LeaderElection
2019-08-23 17:14:37,004 [Thread-3308] INFO  impl.FollowerState (FollowerState.java:run(106)) - 99cffe41-d7bb-421f-ad37-c26af1490bc7:group-9F015F3B30AE changes to CANDIDATE, lastRpcTime:5028, electionTimeout:5028ms
2019-08-23 17:14:37,004 [Thread-3308] INFO  impl.RoleInfo (RoleInfo.java:shutdownFollowerState(121)) - 99cffe41-d7bb-421f-ad37-c26af1490bc7: shutdown FollowerState
2019-08-23 17:14:37,004 [Thread-3308] INFO  impl.RaftServerImpl (RaftServerImpl.java:setRole(171)) - 99cffe41-d7bb-421f-ad37-c26af1490bc7:group-9F015F3B30AE changes role from FOLLOWER to CANDIDATE at term 0 for changeToCandidate
2019-08-23 17:14:37,004 [Thread-3308] INFO  impl.RoleInfo (RoleInfo.java:updateAndGet(143)) - 99cffe41-d7bb-421f-ad37-c26af1490bc7: start LeaderElection
2019-08-23 17:14:37,015 [99cffe41-d7bb-421f-ad37-c26af1490bc7:group-9F015F3B30AE:LeaderElection57] INFO  impl.LeaderElection (LeaderElection.java:askForVotes(181)) - 99cffe41-d7bb-421f-ad37-c26af1490bc7:group-9F015F3B30AE:LeaderElection57: begin an election at term 1 for -1: [c15a8acb-9ee6-4d33-b032-95e74a5e0f7e:192.168.34.23:33369, 99cffe41-d7bb-421f-ad37-c26af1490bc7:192.168.34.23:34140, eb580450-fe81-484d-8f0c-907a5b435dbc:192.168.34.23:43345], old=null
2019-08-23 17:14:37,015 [c15a8acb-9ee6-4d33-b032-95e74a5e0f7e:group-9F015F3B30AE:LeaderElection56] INFO  impl.LeaderElection (LeaderElection.java:askForVotes(181)) - c15a8acb-9ee6-4d33-b032-95e74a5e0f7e:group-9F015F3B30AE:LeaderElection56: begin an election at term 1 for -1: [c15a8acb-9ee6-4d33-b032-95e74a5e0f7e:192.168.34.23:33369, 99cffe41-d7bb-421f-ad37-c26af1490bc7:192.168.34.23:34140, eb580450-fe81-484d-8f0c-907a5b435dbc:192.168.34.23:43345], old=null
2019-08-23 17:14:37,028 [grpc-default-executor-8] INFO  impl.RaftServerImpl (RaftServerImpl.java:setRole(171)) - eb580450-fe81-484d-8f0c-907a5b435dbc:group-9F015F3B30AE changes role from FOLLOWER to FOLLOWER at term 1 for recognizeCandidate:c15a8acb-9ee6-4d33-b032-95e74a5e0f7e
2019-08-23 17:14:37,030 [grpc-default-executor-8] INFO  impl.RoleInfo (RoleInfo.java:shutdownFollowerState(121)) - eb580450-fe81-484d-8f0c-907a5b435dbc: shutdown FollowerState
2019-08-23 17:14:37,030 [grpc-default-executor-8] INFO  impl.RoleInfo (RoleInfo.java:updateAndGet(143)) - eb580450-fe81-484d-8f0c-907a5b435dbc: start FollowerState
2019-08-23 17:14:37,030 [Thread-3313] INFO  impl.FollowerState (FollowerState.java:run(114)) - eb580450-fe81-484d-8f0c-907a5b435dbc: FollowerState was interrupted: java.lang.InterruptedException: sleep interrupted
2019-08-23 17:14:37,056 [c15a8acb-9ee6-4d33-b032-95e74a5e0f7e:group-9F015F3B30AE:LeaderElection56] INFO  impl.LeaderElection (LeaderElection.java:logAndReturn(56)) - c15a8acb-9ee6-4d33-b032-95e74a5e0f7e:group-9F015F3B30AE:LeaderElection56: Election PASSED; received 2 response(s) [c15a8acb-9ee6-4d33-b032-95e74a5e0f7e<-99cffe41-d7bb-421f-ad37-c26af1490bc7#0:FAIL-t1, c15a8acb-9ee6-4d33-b032-95e74a5e0f7e<-eb580450-fe81-484d-8f0c-907a5b435dbc#0:OK-t1] and 0 exception(s); c15a8acb-9ee6-4d33-b032-95e74a5e0f7e:t1, leader=null, voted=c15a8acb-9ee6-4d33-b032-95e74a5e0f7e, raftlog=c15a8acb-9ee6-4d33-b032-95e74a5e0f7e-SegmentedRaftLog:OPENED:c-1,f-1,i0, conf=-1: [c15a8acb-9ee6-4d33-b032-95e74a5e0f7e:192.168.34.23:33369, 99cffe41-d7bb-421f-ad37-c26af1490bc7:192.168.34.23:34140, eb580450-fe81-484d-8f0c-907a5b435dbc:192.168.34.23:43345], old=null
2019-08-23 17:14:37,056 [99cffe41-d7bb-421f-ad37-c26af1490bc7:group-9F015F3B30AE:LeaderElection57] INFO  impl.LeaderElection (LeaderElection.java:logAndReturn(56)) - 99cffe41-d7bb-421f-ad37-c26af1490bc7:group-9F015F3B30AE:LeaderElection57: Election REJECTED; received 2 response(s) [99cffe41-d7bb-421f-ad37-c26af1490bc7<-c15a8acb-9ee6-4d33-b032-95e74a5e0f7e#0:FAIL-t1, 99cffe41-d7bb-421f-ad37-c26af1490bc7<-eb580450-fe81-484d-8f0c-907a5b435dbc#0:FAIL-t1] and 0 exception(s); 99cffe41-d7bb-421f-ad37-c26af1490bc7:t1, leader=null, voted=99cffe41-d7bb-421f-ad37-c26af1490bc7, raftlog=99cffe41-d7bb-421f-ad37-c26af1490bc7-SegmentedRaftLog:OPENED:c-1,f-1,i0, conf=-1: [c15a8acb-9ee6-4d33-b032-95e74a5e0f7e:192.168.34.23:33369, 99cffe41-d7bb-421f-ad37-c26af1490bc7:192.168.34.23:34140, eb580450-fe81-484d-8f0c-907a5b435dbc:192.168.34.23:43345], old=null
2019-08-23 17:14:37,056 [c15a8acb-9ee6-4d33-b032-95e74a5e0f7e:group-9F015F3B30AE:LeaderElection56] INFO  impl.RoleInfo (RoleInfo.java:shutdownLeaderElection(134)) - c15a8acb-9ee6-4d33-b032-95e74a5e0f7e: shutdown LeaderElection
2019-08-23 17:14:37,058 [99cffe41-d7bb-421f-ad37-c26af1490bc7:group-9F015F3B30AE:LeaderElection57] INFO  impl.RaftServerImpl (RaftServerImpl.java:setRole(171)) - 99cffe41-d7bb-421f-ad37-c26af1490bc7:group-9F015F3B30AE changes role from CANDIDATE to FOLLOWER at term 1 for DISCOVERED_A_NEW_TERM
2019-08-23 17:14:37,060 [c15a8acb-9ee6-4d33-b032-95e74a5e0f7e:group-9F015F3B30AE:LeaderElection56] INFO  impl.RaftServerImpl (RaftServerImpl.java:setRole(171)) - c15a8acb-9ee6-4d33-b032-95e74a5e0f7e:group-9F015F3B30AE changes role from CANDIDATE to LEADER at term 1 for changeToLeader
2019-08-23 17:14:37,060 [99cffe41-d7bb-421f-ad37-c26af1490bc7:group-9F015F3B30AE:LeaderElection57] INFO  impl.RoleInfo (RoleInfo.java:shutdownLeaderElection(134)) - 99cffe41-d7bb-421f-ad37-c26af1490bc7: shutdown LeaderElection
2019-08-23 17:14:37,060 [c15a8acb-9ee6-4d33-b032-95e74a5e0f7e:group-9F015F3B30AE:LeaderElection56] INFO  impl.RaftServerImpl (ServerState.java:setLeader(263)) - c15a8acb-9ee6-4d33-b032-95e74a5e0f7e:group-9F015F3B30AE change Leader from null to c15a8acb-9ee6-4d33-b032-95e74a5e0f7e at term 1 for becomeLeader, leader elected after 5091ms
2019-08-23 17:14:37,060 [99cffe41-d7bb-421f-ad37-c26af1490bc7:group-9F015F3B30AE:LeaderElection57] INFO  impl.RoleInfo (RoleInfo.java:updateAndGet(143)) - 99cffe41-d7bb-421f-ad37-c26af1490bc7: start FollowerState
2019-08-23 17:14:37,061 [c15a8acb-9ee6-4d33-b032-95e74a5e0f7e:group-9F015F3B30AE:LeaderElection56] INFO  server.RaftServerConfigKeys (ConfUtils.java:logGet(43)) - raft.server.staging.catchup.gap = 1000 (default)
2019-08-23 17:14:37,061 [c15a8acb-9ee6-4d33-b032-95e74a5e0f7e:group-9F015F3B30AE:LeaderElection56] INFO  server.RaftServerConfigKeys (ConfUtils.java:logGet(43)) - raft.server.rpc.sleep.time = 25ms (default)
2019-08-23 17:14:37,062 [c15a8acb-9ee6-4d33-b032-95e74a5e0f7e:group-9F015F3B30AE:LeaderElection56] INFO  server.RaftServerConfigKeys (ConfUtils.java:logGet(43)) - raft.server.write.element-limit = 4096 (default)
2019-08-23 17:14:37,063 [c15a8acb-9ee6-4d33-b032-95e74a5e0f7e:group-9F015F3B30AE:LeaderElection56] INFO  server.RaftServerConfigKeys (ConfUtils.java:logGet(43)) - raft.server.watch.timeout = 10s (default)
2019-08-23 17:14:37,063 [c15a8acb-9ee6-4d33-b032-95e74a5e0f7e:group-9F015F3B30AE:LeaderElection56] INFO  server.RaftServerConfigKeys (ConfUtils.java:logGet(43)) - raft.server.watch.timeout.denomination = 1s (default)
2019-08-23 17:14:37,063 [c15a8acb-9ee6-4d33-b032-95e74a5e0f7e:group-9F015F3B30AE:LeaderElection56] INFO  server.RaftServerConfigKeys (ConfUtils.java:logGet(43)) - raft.server.watch.element-limit = 65536 (default)
2019-08-23 17:14:37,063 [c15a8acb-9ee6-4d33-b032-95e74a5e0f7e:group-9F015F3B30AE:LeaderElection56] INFO  server.RaftServerConfigKeys (ConfUtils.java:logGet(43)) - raft.server.log.appender.snapshot.chunk.size.max = 16MB (=16777216) (default)
2019-08-23 17:14:37,063 [c15a8acb-9ee6-4d33-b032-95e74a5e0f7e:group-9F015F3B30AE:LeaderElection56] INFO  server.RaftServerConfigKeys (ConfUtils.java:logGet(43)) - raft.server.log.appender.buffer.byte-limit = 33554432 (custom)
2019-08-23 17:14:37,064 | INFO  | SCMAudit | user=jenkins1000 | ip=192.168.34.23 | op=SEND_HEARTBEAT {datanodeUUID=fe3b8c04-bb20-41f7-95be-d76e619600de, command=[]} | ret=SUCCESS |  
2019-08-23 17:14:37,064 [c15a8acb-9ee6-4d33-b032-95e74a5e0f7e:group-9F015F3B30AE:LeaderElection56] INFO  server.RaftServerConfigKeys (ConfUtils.java:logGet(43)) - raft.server.log.appender.buffer.element-limit = 1 (custom)
2019-08-23 17:14:37,064 [c15a8acb-9ee6-4d33-b032-95e74a5e0f7e:group-9F015F3B30AE:LeaderElection56] INFO  grpc.GrpcConfigKeys$Server (ConfUtils.java:logGet(43)) - raft.grpc.server.leader.outstanding.appends.max = 128 (default)
2019-08-23 17:14:37,064 [c15a8acb-9ee6-4d33-b032-95e74a5e0f7e:group-9F015F3B30AE:LeaderElection56] INFO  server.RaftServerConfigKeys (ConfUtils.java:logGet(43)) - raft.server.rpc.request.timeout = 3000ms (default)
2019-08-23 17:14:37,064 [c15a8acb-9ee6-4d33-b032-95e74a5e0f7e:group-9F015F3B30AE:LeaderElection56] INFO  server.RaftServerConfigKeys (ConfUtils.java:logGet(43)) - raft.server.log.appender.install.snapshot.enabled = false (custom)
2019-08-23 17:14:37,064 [c15a8acb-9ee6-4d33-b032-95e74a5e0f7e:group-9F015F3B30AE:LeaderElection56] INFO  server.RaftServerConfigKeys (ConfUtils.java:logGet(43)) - raft.server.log.appender.snapshot.chunk.size.max = 16MB (=16777216) (default)
2019-08-23 17:14:37,064 [c15a8acb-9ee6-4d33-b032-95e74a5e0f7e:group-9F015F3B30AE:LeaderElection56] INFO  server.RaftServerConfigKeys (ConfUtils.java:logGet(43)) - raft.server.log.appender.buffer.byte-limit = 33554432 (custom)
2019-08-23 17:14:37,065 [c15a8acb-9ee6-4d33-b032-95e74a5e0f7e:group-9F015F3B30AE:LeaderElection56] INFO  server.RaftServerConfigKeys (ConfUtils.java:logGet(43)) - raft.server.log.appender.buffer.element-limit = 1 (custom)
2019-08-23 17:14:37,065 [c15a8acb-9ee6-4d33-b032-95e74a5e0f7e:group-9F015F3B30AE:LeaderElection56] INFO  grpc.GrpcConfigKeys$Server (ConfUtils.java:logGet(43)) - raft.grpc.server.leader.outstanding.appends.max = 128 (default)
2019-08-23 17:14:37,065 [c15a8acb-9ee6-4d33-b032-95e74a5e0f7e:group-9F015F3B30AE:LeaderElection56] INFO  server.RaftServerConfigKeys (ConfUtils.java:logGet(43)) - raft.server.rpc.request.timeout = 3000ms (default)
2019-08-23 17:14:37,065 [c15a8acb-9ee6-4d33-b032-95e74a5e0f7e:group-9F015F3B30AE:LeaderElection56] INFO  server.RaftServerConfigKeys (ConfUtils.java:logGet(43)) - raft.server.log.appender.install.snapshot.enabled = false (custom)
2019-08-23 17:14:37,065 [c15a8acb-9ee6-4d33-b032-95e74a5e0f7e:group-9F015F3B30AE:LeaderElection56] INFO  impl.RoleInfo (RoleInfo.java:updateAndGet(143)) - c15a8acb-9ee6-4d33-b032-95e74a5e0f7e: start LeaderState
2019-08-23 17:14:37,065 [c15a8acb-9ee6-4d33-b032-95e74a5e0f7e:group-9F015F3B30AE:LeaderElection56] INFO  segmented.SegmentedRaftLogWorker (SegmentedRaftLogWorker.java:startLogSegment(380)) - c15a8acb-9ee6-4d33-b032-95e74a5e0f7e-SegmentedRaftLogWorker:Storage Directory /workdir/hadoop-ozone/integration-test/target/test-dir/MiniOzoneClusterImpl-49991279-2dcc-4eb0-83dc-ab14c407d015/datanode-5/data/ratis/3896a8e4-9cb4-41d3-a644-9f015f3b30ae: Starting segment from index:0
2019-08-23 17:14:37,066 [c15a8acb-9ee6-4d33-b032-95e74a5e0f7e:group-9F015F3B30AE:LeaderElection56] INFO  impl.RaftServerImpl (ServerState.java:setRaftConf(361)) - c15a8acb-9ee6-4d33-b032-95e74a5e0f7e:group-9F015F3B30AE set configuration 0: [c15a8acb-9ee6-4d33-b032-95e74a5e0f7e:192.168.34.23:33369, 99cffe41-d7bb-421f-ad37-c26af1490bc7:192.168.34.23:34140, eb580450-fe81-484d-8f0c-907a5b435dbc:192.168.34.23:43345], old=null at 0
2019-08-23 17:14:37,096 [grpc-default-executor-6] INFO  impl.RaftServerImpl (ServerState.java:setLeader(263)) - 99cffe41-d7bb-421f-ad37-c26af1490bc7:group-9F015F3B30AE change Leader from null to c15a8acb-9ee6-4d33-b032-95e74a5e0f7e at term 1 for appendEntries, leader elected after 5127ms
2019-08-23 17:14:37,096 [grpc-default-executor-8] INFO  impl.RaftServerImpl (ServerState.java:setLeader(263)) - eb580450-fe81-484d-8f0c-907a5b435dbc:group-9F015F3B30AE change Leader from null to c15a8acb-9ee6-4d33-b032-95e74a5e0f7e at term 1 for appendEntries, leader elected after 5127ms
2019-08-23 17:14:37,098 [grpc-default-executor-8] INFO  impl.RaftServerImpl (ServerState.java:setRaftConf(361)) - 99cffe41-d7bb-421f-ad37-c26af1490bc7:group-9F015F3B30AE set configuration 0: [c15a8acb-9ee6-4d33-b032-95e74a5e0f7e:192.168.34.23:33369, 99cffe41-d7bb-421f-ad37-c26af1490bc7:192.168.34.23:34140, eb580450-fe81-484d-8f0c-907a5b435dbc:192.168.34.23:43345], old=null at 0
2019-08-23 17:14:37,098 [grpc-default-executor-8] INFO  segmented.SegmentedRaftLogWorker (SegmentedRaftLogWorker.java:startLogSegment(380)) - 99cffe41-d7bb-421f-ad37-c26af1490bc7-SegmentedRaftLogWorker:Storage Directory /workdir/hadoop-ozone/integration-test/target/test-dir/MiniOzoneClusterImpl-49991279-2dcc-4eb0-83dc-ab14c407d015/datanode-3/data/ratis/3896a8e4-9cb4-41d3-a644-9f015f3b30ae: Starting segment from index:0
2019-08-23 17:14:37,098 [grpc-default-executor-6] INFO  impl.RaftServerImpl (ServerState.java:setRaftConf(361)) - eb580450-fe81-484d-8f0c-907a5b435dbc:group-9F015F3B30AE set configuration 0: [c15a8acb-9ee6-4d33-b032-95e74a5e0f7e:192.168.34.23:33369, 99cffe41-d7bb-421f-ad37-c26af1490bc7:192.168.34.23:34140, eb580450-fe81-484d-8f0c-907a5b435dbc:192.168.34.23:43345], old=null at 0
2019-08-23 17:14:37,099 [grpc-default-executor-6] INFO  segmented.SegmentedRaftLogWorker (SegmentedRaftLogWorker.java:startLogSegment(380)) - eb580450-fe81-484d-8f0c-907a5b435dbc-SegmentedRaftLogWorker:Storage Directory /workdir/hadoop-ozone/integration-test/target/test-dir/MiniOzoneClusterImpl-49991279-2dcc-4eb0-83dc-ab14c407d015/datanode-4/data/ratis/3896a8e4-9cb4-41d3-a644-9f015f3b30ae: Starting segment from index:0
2019-08-23 17:14:37,103 [Thread-3305] INFO  impl.FollowerState (FollowerState.java:run(106)) - c15a8acb-9ee6-4d33-b032-95e74a5e0f7e:group-D84689ADC8EC changes to CANDIDATE, lastRpcTime:5188, electionTimeout:5188ms
2019-08-23 17:14:37,103 [Thread-3305] INFO  impl.RoleInfo (RoleInfo.java:shutdownFollowerState(121)) - c15a8acb-9ee6-4d33-b032-95e74a5e0f7e: shutdown FollowerState
2019-08-23 17:14:37,103 [Thread-3305] INFO  impl.RaftServerImpl (RaftServerImpl.java:setRole(171)) - c15a8acb-9ee6-4d33-b032-95e74a5e0f7e:group-D84689ADC8EC changes role from FOLLOWER to CANDIDATE at term 0 for changeToCandidate
2019-08-23 17:14:37,103 [Thread-3305] INFO  impl.RoleInfo (RoleInfo.java:updateAndGet(143)) - c15a8acb-9ee6-4d33-b032-95e74a5e0f7e: start LeaderElection
2019-08-23 17:14:37,141 [c15a8acb-9ee6-4d33-b032-95e74a5e0f7e-SegmentedRaftLogWorker:Storage Directory /workdir/hadoop-ozone/integration-test/target/test-dir/MiniOzoneClusterImpl-49991279-2dcc-4eb0-83dc-ab14c407d015/datanode-5/data/ratis/3896a8e4-9cb4-41d3-a644-9f015f3b30ae] INFO  segmented.SegmentedRaftLogWorker (SegmentedRaftLogWorker.java:execute(569)) - c15a8acb-9ee6-4d33-b032-95e74a5e0f7e-SegmentedRaftLogWorker:Storage Directory /workdir/hadoop-ozone/integration-test/target/test-dir/MiniOzoneClusterImpl-49991279-2dcc-4eb0-83dc-ab14c407d015/datanode-5/data/ratis/3896a8e4-9cb4-41d3-a644-9f015f3b30ae: created new log segment /workdir/hadoop-ozone/integration-test/target/test-dir/MiniOzoneClusterImpl-49991279-2dcc-4eb0-83dc-ab14c407d015/datanode-5/data/ratis/3896a8e4-9cb4-41d3-a644-9f015f3b30ae/current/log_inprogress_0
2019-08-23 17:14:37,154 [99cffe41-d7bb-421f-ad37-c26af1490bc7-SegmentedRaftLogWorker:Storage Directory /workdir/hadoop-ozone/integration-test/target/test-dir/MiniOzoneClusterImpl-49991279-2dcc-4eb0-83dc-ab14c407d015/datanode-3/data/ratis/3896a8e4-9cb4-41d3-a644-9f015f3b30ae] INFO  segmented.SegmentedRaftLogWorker (SegmentedRaftLogWorker.java:execute(569)) - 99cffe41-d7bb-421f-ad37-c26af1490bc7-SegmentedRaftLogWorker:Storage Directory /workdir/hadoop-ozone/integration-test/target/test-dir/MiniOzoneClusterImpl-49991279-2dcc-4eb0-83dc-ab14c407d015/datanode-3/data/ratis/3896a8e4-9cb4-41d3-a644-9f015f3b30ae: created new log segment /workdir/hadoop-ozone/integration-test/target/test-dir/MiniOzoneClusterImpl-49991279-2dcc-4eb0-83dc-ab14c407d015/datanode-3/data/ratis/3896a8e4-9cb4-41d3-a644-9f015f3b30ae/current/log_inprogress_0
2019-08-23 17:14:37,154 [eb580450-fe81-484d-8f0c-907a5b435dbc-SegmentedRaftLogWorker:Storage Directory /workdir/hadoop-ozone/integration-test/target/test-dir/MiniOzoneClusterImpl-49991279-2dcc-4eb0-83dc-ab14c407d015/datanode-4/data/ratis/3896a8e4-9cb4-41d3-a644-9f015f3b30ae] INFO  segmented.SegmentedRaftLogWorker (SegmentedRaftLogWorker.java:execute(569)) - eb580450-fe81-484d-8f0c-907a5b435dbc-SegmentedRaftLogWorker:Storage Directory /workdir/hadoop-ozone/integration-test/target/test-dir/MiniOzoneClusterImpl-49991279-2dcc-4eb0-83dc-ab14c407d015/datanode-4/data/ratis/3896a8e4-9cb4-41d3-a644-9f015f3b30ae: created new log segment /workdir/hadoop-ozone/integration-test/target/test-dir/MiniOzoneClusterImpl-49991279-2dcc-4eb0-83dc-ab14c407d015/datanode-4/data/ratis/3896a8e4-9cb4-41d3-a644-9f015f3b30ae/current/log_inprogress_0
2019-08-23 17:14:37,154 [c15a8acb-9ee6-4d33-b032-95e74a5e0f7e:group-D84689ADC8EC:LeaderElection58] INFO  impl.LeaderElection (LeaderElection.java:askForVotes(181)) - c15a8acb-9ee6-4d33-b032-95e74a5e0f7e:group-D84689ADC8EC:LeaderElection58: begin an election at term 1 for -1: [c15a8acb-9ee6-4d33-b032-95e74a5e0f7e:192.168.34.23:33369], old=null
2019-08-23 17:14:37,154 [c15a8acb-9ee6-4d33-b032-95e74a5e0f7e:group-D84689ADC8EC:LeaderElection58] INFO  impl.RoleInfo (RoleInfo.java:shutdownLeaderElection(134)) - c15a8acb-9ee6-4d33-b032-95e74a5e0f7e: shutdown LeaderElection
2019-08-23 17:14:37,154 [c15a8acb-9ee6-4d33-b032-95e74a5e0f7e:group-D84689ADC8EC:LeaderElection58] INFO  impl.RaftServerImpl (RaftServerImpl.java:setRole(171)) - c15a8acb-9ee6-4d33-b032-95e74a5e0f7e:group-D84689ADC8EC changes role from CANDIDATE to LEADER at term 1 for changeToLeader
2019-08-23 17:14:37,154 [c15a8acb-9ee6-4d33-b032-95e74a5e0f7e:group-D84689ADC8EC:LeaderElection58] INFO  impl.RaftServerImpl (ServerState.java:setLeader(263)) - c15a8acb-9ee6-4d33-b032-95e74a5e0f7e:group-D84689ADC8EC change Leader from null to c15a8acb-9ee6-4d33-b032-95e74a5e0f7e at term 1 for becomeLeader, leader elected after 5243ms
2019-08-23 17:14:37,154 [c15a8acb-9ee6-4d33-b032-95e74a5e0f7e:group-D84689ADC8EC:LeaderElection58] INFO  server.RaftServerConfigKeys (ConfUtils.java:logGet(43)) - raft.server.staging.catchup.gap = 1000 (default)
2019-08-23 17:14:37,154 [c15a8acb-9ee6-4d33-b032-95e74a5e0f7e:group-D84689ADC8EC:LeaderElection58] INFO  server.RaftServerConfigKeys (ConfUtils.java:logGet(43)) - raft.server.rpc.sleep.time = 25ms (default)
2019-08-23 17:14:37,155 [c15a8acb-9ee6-4d33-b032-95e74a5e0f7e:group-D84689ADC8EC:LeaderElection58] INFO  server.RaftServerConfigKeys (ConfUtils.java:logGet(43)) - raft.server.write.element-limit = 4096 (default)
2019-08-23 17:14:37,155 [c15a8acb-9ee6-4d33-b032-95e74a5e0f7e:group-D84689ADC8EC:LeaderElection58] INFO  server.RaftServerConfigKeys (ConfUtils.java:logGet(43)) - raft.server.watch.timeout = 10s (default)
2019-08-23 17:14:37,155 [c15a8acb-9ee6-4d33-b032-95e74a5e0f7e:group-D84689ADC8EC:LeaderElection58] INFO  server.RaftServerConfigKeys (ConfUtils.java:logGet(43)) - raft.server.watch.timeout.denomination = 1s (default)
2019-08-23 17:14:37,155 [c15a8acb-9ee6-4d33-b032-95e74a5e0f7e:group-D84689ADC8EC:LeaderElection58] INFO  server.RaftServerConfigKeys (ConfUtils.java:logGet(43)) - raft.server.watch.element-limit = 65536 (default)
2019-08-23 17:14:37,155 [c15a8acb-9ee6-4d33-b032-95e74a5e0f7e:group-D84689ADC8EC:LeaderElection58] INFO  impl.RoleInfo (RoleInfo.java:updateAndGet(143)) - c15a8acb-9ee6-4d33-b032-95e74a5e0f7e: start LeaderState
2019-08-23 17:14:37,156 [c15a8acb-9ee6-4d33-b032-95e74a5e0f7e:group-D84689ADC8EC:LeaderElection58] INFO  segmented.SegmentedRaftLogWorker (SegmentedRaftLogWorker.java:startLogSegment(380)) - c15a8acb-9ee6-4d33-b032-95e74a5e0f7e-SegmentedRaftLogWorker:Storage Directory /workdir/hadoop-ozone/integration-test/target/test-dir/MiniOzoneClusterImpl-49991279-2dcc-4eb0-83dc-ab14c407d015/datanode-5/data/ratis/6b8c378b-c31d-4152-8903-d84689adc8ec: Starting segment from index:0
2019-08-23 17:14:37,156 [c15a8acb-9ee6-4d33-b032-95e74a5e0f7e:group-D84689ADC8EC:LeaderElection58] INFO  impl.RaftServerImpl (ServerState.java:setRaftConf(361)) - c15a8acb-9ee6-4d33-b032-95e74a5e0f7e:group-D84689ADC8EC set configuration 0: [c15a8acb-9ee6-4d33-b032-95e74a5e0f7e:192.168.34.23:33369], old=null at 0
2019-08-23 17:14:37,187 | INFO  | SCMAudit | user=jenkins1000 | ip=192.168.34.23 | op=SEND_HEARTBEAT {datanodeUUID=007a4926-093a-4d3a-9d9e-3c5f17d50581, command=[]} | ret=SUCCESS |  
2019-08-23 17:14:37,197 [grpc-default-executor-6] INFO  client.GrpcClientProtocolClient (GrpcClientProtocolClient.java:onNext(255)) - client-5B2245BFD681->03c422ce-7517-4458-ba1e-7259997ff644: receive RaftClientReply:client-5B2245BFD681->03c422ce-7517-4458-ba1e-7259997ff644@group-4AE01A1E531D, cid=175, FAILED org.apache.ratis.protocol.NotLeaderException: Server 03c422ce-7517-4458-ba1e-7259997ff644 is not the leader (23fa496f-0b24-4481-8ded-b6c2e0b9cb99:192.168.34.23:37392). Request must be sent to leader., logIndex=0, commits[03c422ce-7517-4458-ba1e-7259997ff644:c-1, 007a4926-093a-4d3a-9d9e-3c5f17d50581:c-1, 23fa496f-0b24-4481-8ded-b6c2e0b9cb99:c-1]
2019-08-23 17:14:37,200 [c15a8acb-9ee6-4d33-b032-95e74a5e0f7e-SegmentedRaftLogWorker:Storage Directory /workdir/hadoop-ozone/integration-test/target/test-dir/MiniOzoneClusterImpl-49991279-2dcc-4eb0-83dc-ab14c407d015/datanode-5/data/ratis/6b8c378b-c31d-4152-8903-d84689adc8ec] INFO  segmented.SegmentedRaftLogWorker (SegmentedRaftLogWorker.java:execute(569)) - c15a8acb-9ee6-4d33-b032-95e74a5e0f7e-SegmentedRaftLogWorker:Storage Directory /workdir/hadoop-ozone/integration-test/target/test-dir/MiniOzoneClusterImpl-49991279-2dcc-4eb0-83dc-ab14c407d015/datanode-5/data/ratis/6b8c378b-c31d-4152-8903-d84689adc8ec: created new log segment /workdir/hadoop-ozone/integration-test/target/test-dir/MiniOzoneClusterImpl-49991279-2dcc-4eb0-83dc-ab14c407d015/datanode-5/data/ratis/6b8c378b-c31d-4152-8903-d84689adc8ec/current/log_inprogress_0
2019-08-23 17:14:37,224 [Thread-3319] INFO  impl.FollowerState (FollowerState.java:run(106)) - fe3b8c04-bb20-41f7-95be-d76e619600de:group-7C633601EC3D changes to CANDIDATE, lastRpcTime:5130, electionTimeout:5130ms
2019-08-23 17:14:37,224 [Thread-3319] INFO  impl.RoleInfo (RoleInfo.java:shutdownFollowerState(121)) - fe3b8c04-bb20-41f7-95be-d76e619600de: shutdown FollowerState
2019-08-23 17:14:37,225 [Thread-3319] INFO  impl.RaftServerImpl (RaftServerImpl.java:setRole(171)) - fe3b8c04-bb20-41f7-95be-d76e619600de:group-7C633601EC3D changes role from FOLLOWER to CANDIDATE at term 0 for changeToCandidate
2019-08-23 17:14:37,225 [Thread-3319] INFO  impl.RoleInfo (RoleInfo.java:updateAndGet(143)) - fe3b8c04-bb20-41f7-95be-d76e619600de: start LeaderElection
2019-08-23 17:14:37,233 [fe3b8c04-bb20-41f7-95be-d76e619600de:group-7C633601EC3D:LeaderElection59] INFO  impl.LeaderElection (LeaderElection.java:askForVotes(181)) - fe3b8c04-bb20-41f7-95be-d76e619600de:group-7C633601EC3D:LeaderElection59: begin an election at term 1 for -1: [fe3b8c04-bb20-41f7-95be-d76e619600de:192.168.34.23:41648], old=null
2019-08-23 17:14:37,233 [fe3b8c04-bb20-41f7-95be-d76e619600de:group-7C633601EC3D:LeaderElection59] INFO  impl.RoleInfo (RoleInfo.java:shutdownLeaderElection(134)) - fe3b8c04-bb20-41f7-95be-d76e619600de: shutdown LeaderElection
2019-08-23 17:14:37,233 [fe3b8c04-bb20-41f7-95be-d76e619600de:group-7C633601EC3D:LeaderElection59] INFO  impl.RaftServerImpl (RaftServerImpl.java:setRole(171)) - fe3b8c04-bb20-41f7-95be-d76e619600de:group-7C633601EC3D changes role from CANDIDATE to LEADER at term 1 for changeToLeader
2019-08-23 17:14:37,233 [fe3b8c04-bb20-41f7-95be-d76e619600de:group-7C633601EC3D:LeaderElection59] INFO  impl.RaftServerImpl (ServerState.java:setLeader(263)) - fe3b8c04-bb20-41f7-95be-d76e619600de:group-7C633601EC3D change Leader from null to fe3b8c04-bb20-41f7-95be-d76e619600de at term 1 for becomeLeader, leader elected after 5142ms
2019-08-23 17:14:37,233 [fe3b8c04-bb20-41f7-95be-d76e619600de:group-7C633601EC3D:LeaderElection59] INFO  server.RaftServerConfigKeys (ConfUtils.java:logGet(43)) - raft.server.staging.catchup.gap = 1000 (default)
2019-08-23 17:14:37,233 [fe3b8c04-bb20-41f7-95be-d76e619600de:group-7C633601EC3D:LeaderElection59] INFO  server.RaftServerConfigKeys (ConfUtils.java:logGet(43)) - raft.server.rpc.sleep.time = 25ms (default)
2019-08-23 17:14:37,233 [fe3b8c04-bb20-41f7-95be-d76e619600de:group-7C633601EC3D:LeaderElection59] INFO  server.RaftServerConfigKeys (ConfUtils.java:logGet(43)) - raft.server.write.element-limit = 4096 (default)
2019-08-23 17:14:37,234 [fe3b8c04-bb20-41f7-95be-d76e619600de:group-7C633601EC3D:LeaderElection59] INFO  server.RaftServerConfigKeys (ConfUtils.java:logGet(43)) - raft.server.watch.timeout = 10s (default)
2019-08-23 17:14:37,234 [fe3b8c04-bb20-41f7-95be-d76e619600de:group-7C633601EC3D:LeaderElection59] INFO  server.RaftServerConfigKeys (ConfUtils.java:logGet(43)) - raft.server.watch.timeout.denomination = 1s (default)
2019-08-23 17:14:37,234 [fe3b8c04-bb20-41f7-95be-d76e619600de:group-7C633601EC3D:LeaderElection59] INFO  server.RaftServerConfigKeys (ConfUtils.java:logGet(43)) - raft.server.watch.element-limit = 65536 (default)
2019-08-23 17:14:37,234 [fe3b8c04-bb20-41f7-95be-d76e619600de:group-7C633601EC3D:LeaderElection59] INFO  impl.RoleInfo (RoleInfo.java:updateAndGet(143)) - fe3b8c04-bb20-41f7-95be-d76e619600de: start LeaderState
2019-08-23 17:14:37,234 [fe3b8c04-bb20-41f7-95be-d76e619600de:group-7C633601EC3D:LeaderElection59] INFO  segmented.SegmentedRaftLogWorker (SegmentedRaftLogWorker.java:startLogSegment(380)) - fe3b8c04-bb20-41f7-95be-d76e619600de-SegmentedRaftLogWorker:Storage Directory /workdir/hadoop-ozone/integration-test/target/test-dir/MiniOzoneClusterImpl-49991279-2dcc-4eb0-83dc-ab14c407d015/datanode-6/data/ratis/20b047f0-e9cd-4c06-86ef-7c633601ec3d: Starting segment from index:0
2019-08-23 17:14:37,235 [fe3b8c04-bb20-41f7-95be-d76e619600de:group-7C633601EC3D:LeaderElection59] INFO  impl.RaftServerImpl (ServerState.java:setRaftConf(361)) - fe3b8c04-bb20-41f7-95be-d76e619600de:group-7C633601EC3D set configuration 0: [fe3b8c04-bb20-41f7-95be-d76e619600de:192.168.34.23:41648], old=null at 0
2019-08-23 17:14:37,290 [fe3b8c04-bb20-41f7-95be-d76e619600de-SegmentedRaftLogWorker:Storage Directory /workdir/hadoop-ozone/integration-test/target/test-dir/MiniOzoneClusterImpl-49991279-2dcc-4eb0-83dc-ab14c407d015/datanode-6/data/ratis/20b047f0-e9cd-4c06-86ef-7c633601ec3d] INFO  segmented.SegmentedRaftLogWorker (SegmentedRaftLogWorker.java:execute(569)) - fe3b8c04-bb20-41f7-95be-d76e619600de-SegmentedRaftLogWorker:Storage Directory /workdir/hadoop-ozone/integration-test/target/test-dir/MiniOzoneClusterImpl-49991279-2dcc-4eb0-83dc-ab14c407d015/datanode-6/data/ratis/20b047f0-e9cd-4c06-86ef-7c633601ec3d: created new log segment /workdir/hadoop-ozone/integration-test/target/test-dir/MiniOzoneClusterImpl-49991279-2dcc-4eb0-83dc-ab14c407d015/datanode-6/data/ratis/20b047f0-e9cd-4c06-86ef-7c633601ec3d/current/log_inprogress_0
2019-08-23 17:14:37,294 | INFO  | DNAudit | user=null | ip=null | op=WRITE_CHUNK {blockData=conID: 1 locID: 102667417819611150 bcsId: 0} | ret=SUCCESS |  
2019-08-23 17:14:37,294 | INFO  | DNAudit | user=null | ip=null | op=WRITE_CHUNK {blockData=conID: 1 locID: 102667417819611150 bcsId: 0} | ret=SUCCESS |  
2019-08-23 17:14:37,294 | INFO  | DNAudit | user=null | ip=null | op=WRITE_CHUNK {blockData=conID: 1 locID: 102667417819611150 bcsId: 0} | ret=SUCCESS |  
2019-08-23 17:14:37,295 | INFO  | SCMAudit | user=jenkins1000 | ip=192.168.34.23 | op=SEND_HEARTBEAT {datanodeUUID=23fa496f-0b24-4481-8ded-b6c2e0b9cb99, command=[]} | ret=SUCCESS |  
2019-08-23 17:14:37,295 | INFO  | SCMAudit | user=jenkins1000 | ip=192.168.34.23 | op=SEND_HEARTBEAT {datanodeUUID=03c422ce-7517-4458-ba1e-7259997ff644, command=[]} | ret=SUCCESS |  
2019-08-23 17:14:37,295 | INFO  | SCMAudit | user=jenkins1000 | ip=192.168.34.23 | op=SEND_HEARTBEAT {datanodeUUID=007a4926-093a-4d3a-9d9e-3c5f17d50581, command=[]} | ret=SUCCESS |  
2019-08-23 17:14:37,307 | INFO  | DNAudit | user=null | ip=null | op=WRITE_CHUNK {blockData=conID: 1 locID: 102667417819611150 bcsId: 0} | ret=SUCCESS |  
2019-08-23 17:14:37,313 [grpc-default-executor-8] INFO  client.GrpcClientProtocolClient (GrpcClientProtocolClient.java:onNext(255)) - client-5B2245BFD681->23fa496f-0b24-4481-8ded-b6c2e0b9cb99: receive RaftClientReply:client-5B2245BFD681->23fa496f-0b24-4481-8ded-b6c2e0b9cb99@group-4AE01A1E531D, cid=175, SUCCESS, logIndex=1, commits[23fa496f-0b24-4481-8ded-b6c2e0b9cb99:c1, 007a4926-093a-4d3a-9d9e-3c5f17d50581:c0, 03c422ce-7517-4458-ba1e-7259997ff644:c0]
2019-08-23 17:14:37,318 | INFO  | DNAudit | user=null | ip=null | op=WRITE_CHUNK {blockData=conID: 1 locID: 102667417819611150 bcsId: 0} | ret=SUCCESS |  
2019-08-23 17:14:37,319 | INFO  | DNAudit | user=null | ip=null | op=WRITE_CHUNK {blockData=conID: 1 locID: 102667417819611150 bcsId: 0} | ret=SUCCESS |  
2019-08-23 17:14:37,319 | INFO  | DNAudit | user=null | ip=null | op=WRITE_CHUNK {blockData=conID: 1 locID: 102667417819611150 bcsId: 0} | ret=SUCCESS |  
2019-08-23 17:14:37,319 | INFO  | DNAudit | user=null | ip=null | op=WRITE_CHUNK {blockData=conID: 1 locID: 102667417819611150 bcsId: 0} | ret=SUCCESS |  
2019-08-23 17:14:37,320 | INFO  | DNAudit | user=null | ip=null | op=WRITE_CHUNK {blockData=conID: 1 locID: 102667417819611150 bcsId: 0} | ret=SUCCESS |  
2019-08-23 17:14:37,320 | INFO  | DNAudit | user=null | ip=null | op=WRITE_CHUNK {blockData=conID: 1 locID: 102667417819611150 bcsId: 0} | ret=SUCCESS |  
2019-08-23 17:14:37,323 | INFO  | DNAudit | user=null | ip=null | op=WRITE_CHUNK {blockData=conID: 1 locID: 102667417819611150 bcsId: 0} | ret=SUCCESS |  
2019-08-23 17:14:37,323 | INFO  | DNAudit | user=null | ip=null | op=WRITE_CHUNK {blockData=conID: 1 locID: 102667417819611150 bcsId: 0} | ret=SUCCESS |  
2019-08-23 17:14:37,323 | INFO  | DNAudit | user=null | ip=null | op=WRITE_CHUNK {blockData=conID: 1 locID: 102667417819611150 bcsId: 0} | ret=SUCCESS |  
2019-08-23 17:14:37,324 | INFO  | DNAudit | user=null | ip=null | op=WRITE_CHUNK {blockData=conID: 1 locID: 102667417819611150 bcsId: 0} | ret=SUCCESS |  
2019-08-23 17:14:37,324 | INFO  | DNAudit | user=null | ip=null | op=WRITE_CHUNK {blockData=conID: 1 locID: 102667417819611150 bcsId: 0} | ret=SUCCESS |  
2019-08-23 17:14:37,331 | INFO  | DNAudit | user=null | ip=null | op=WRITE_CHUNK {blockData=conID: 1 locID: 102667417819611150 bcsId: 0} | ret=SUCCESS |  
2019-08-23 17:14:37,335 [grpc-default-executor-7] INFO  client.GrpcClientProtocolClient (GrpcClientProtocolClient.java:onNext(255)) - client-5B2245BFD681->23fa496f-0b24-4481-8ded-b6c2e0b9cb99: receive RaftClientReply:client-5B2245BFD681->23fa496f-0b24-4481-8ded-b6c2e0b9cb99@group-4AE01A1E531D, cid=176, SUCCESS, logIndex=3, commits[23fa496f-0b24-4481-8ded-b6c2e0b9cb99:c4, 007a4926-093a-4d3a-9d9e-3c5f17d50581:c1, 03c422ce-7517-4458-ba1e-7259997ff644:c1]
2019-08-23 17:14:37,336 | INFO  | DNAudit | user=null | ip=null | op=WRITE_CHUNK {blockData=conID: 1 locID: 102667417819611150 bcsId: 0} | ret=SUCCESS |  
2019-08-23 17:14:37,339 | INFO  | DNAudit | user=null | ip=null | op=WRITE_CHUNK {blockData=conID: 1 locID: 102667417819611150 bcsId: 0} | ret=SUCCESS |  
2019-08-23 17:14:37,358 | INFO  | DNAudit | user=null | ip=null | op=PUT_BLOCK {blockData=[blockId=conID: 1 locID: 102667417819611150 bcsId: 0,size=200]} | ret=SUCCESS |  
2019-08-23 17:14:37,358 | INFO  | DNAudit | user=null | ip=null | op=WRITE_CHUNK {blockData=conID: 1 locID: 102667417819611150 bcsId: 0} | ret=SUCCESS |  
2019-08-23 17:14:37,359 [grpc-default-executor-9] INFO  client.GrpcClientProtocolClient (GrpcClientProtocolClient.java:onNext(255)) - client-5B2245BFD681->23fa496f-0b24-4481-8ded-b6c2e0b9cb99: receive RaftClientReply:client-5B2245BFD681->23fa496f-0b24-4481-8ded-b6c2e0b9cb99@group-4AE01A1E531D, cid=177, SUCCESS, logIndex=4, commits[23fa496f-0b24-4481-8ded-b6c2e0b9cb99:c12, 007a4926-093a-4d3a-9d9e-3c5f17d50581:c8, 03c422ce-7517-4458-ba1e-7259997ff644:c8]
2019-08-23 17:14:37,359 | INFO  | DNAudit | user=null | ip=null | op=WRITE_CHUNK {blockData=conID: 1 locID: 102667417819611150 bcsId: 0} | ret=SUCCESS |  
2019-08-23 17:14:37,359 [grpc-default-executor-9] INFO  client.GrpcClientProtocolClient (GrpcClientProtocolClient.java:onNext(255)) - client-5B2245BFD681->23fa496f-0b24-4481-8ded-b6c2e0b9cb99: receive RaftClientReply:client-5B2245BFD681->23fa496f-0b24-4481-8ded-b6c2e0b9cb99@group-4AE01A1E531D, cid=178, SUCCESS, logIndex=5, commits[23fa496f-0b24-4481-8ded-b6c2e0b9cb99:c12, 007a4926-093a-4d3a-9d9e-3c5f17d50581:c8, 03c422ce-7517-4458-ba1e-7259997ff644:c8]
2019-08-23 17:14:37,365 [grpc-default-executor-9] INFO  client.GrpcClientProtocolClient (GrpcClientProtocolClient.java:onNext(255)) - client-5B2245BFD681->23fa496f-0b24-4481-8ded-b6c2e0b9cb99: receive RaftClientReply:client-5B2245BFD681->23fa496f-0b24-4481-8ded-b6c2e0b9cb99@group-4AE01A1E531D, cid=179, SUCCESS, logIndex=6, commits[23fa496f-0b24-4481-8ded-b6c2e0b9cb99:c12, 007a4926-093a-4d3a-9d9e-3c5f17d50581:c8, 03c422ce-7517-4458-ba1e-7259997ff644:c8]
2019-08-23 17:14:37,378 | INFO  | DNAudit | user=null | ip=null | op=PUT_BLOCK {blockData=[blockId=conID: 1 locID: 102667417819611150 bcsId: 0,size=200]} | ret=SUCCESS |  
2019-08-23 17:14:37,379 | INFO  | DNAudit | user=null | ip=null | op=WRITE_CHUNK {blockData=conID: 1 locID: 102667417819611150 bcsId: 0} | ret=SUCCESS |  
2019-08-23 17:14:37,379 | INFO  | DNAudit | user=null | ip=null | op=WRITE_CHUNK {blockData=conID: 1 locID: 102667417819611150 bcsId: 0} | ret=SUCCESS |  
2019-08-23 17:14:37,400 | INFO  | DNAudit | user=null | ip=null | op=PUT_BLOCK {blockData=[blockId=conID: 1 locID: 102667417819611150 bcsId: 0,size=400]} | ret=SUCCESS |  
2019-08-23 17:14:37,400 | INFO  | DNAudit | user=null | ip=null | op=PUT_BLOCK {blockData=[blockId=conID: 1 locID: 102667417819611150 bcsId: 0,size=400]} | ret=SUCCESS |  
2019-08-23 17:14:37,401 | INFO  | DNAudit | user=null | ip=null | op=PUT_BLOCK {blockData=[blockId=conID: 1 locID: 102667417819611150 bcsId: 0,size=200]} | ret=SUCCESS |  
2019-08-23 17:14:37,401 | INFO  | DNAudit | user=null | ip=null | op=WRITE_CHUNK {blockData=conID: 1 locID: 102667417819611150 bcsId: 0} | ret=SUCCESS |  
2019-08-23 17:14:37,402 | INFO  | DNAudit | user=null | ip=null | op=WRITE_CHUNK {blockData=conID: 1 locID: 102667417819611150 bcsId: 0} | ret=SUCCESS |  
2019-08-23 17:14:37,402 [grpc-default-executor-9] INFO  client.GrpcClientProtocolClient (GrpcClientProtocolClient.java:onNext(255)) - client-5B2245BFD681->23fa496f-0b24-4481-8ded-b6c2e0b9cb99: receive RaftClientReply:client-5B2245BFD681->23fa496f-0b24-4481-8ded-b6c2e0b9cb99@group-4AE01A1E531D, cid=180, SUCCESS, logIndex=7, commits[23fa496f-0b24-4481-8ded-b6c2e0b9cb99:c12, 007a4926-093a-4d3a-9d9e-3c5f17d50581:c8, 03c422ce-7517-4458-ba1e-7259997ff644:c8]
2019-08-23 17:14:37,402 | INFO  | DNAudit | user=null | ip=null | op=PUT_BLOCK {blockData=[blockId=conID: 1 locID: 102667417819611150 bcsId: 0,size=400]} | ret=SUCCESS |  
2019-08-23 17:14:37,404 | INFO  | DNAudit | user=null | ip=null | op=WRITE_CHUNK {blockData=conID: 1 locID: 102667417819611150 bcsId: 7} | ret=SUCCESS |  
2019-08-23 17:14:37,406 | INFO  | DNAudit | user=null | ip=null | op=WRITE_CHUNK {blockData=conID: 1 locID: 102667417819611150 bcsId: 7} | ret=SUCCESS |  
2019-08-23 17:14:37,406 | INFO  | DNAudit | user=null | ip=null | op=WRITE_CHUNK {blockData=conID: 1 locID: 102667417819611150 bcsId: 7} | ret=SUCCESS |  
2019-08-23 17:14:37,416 | INFO  | DNAudit | user=null | ip=null | op=WRITE_CHUNK {blockData=conID: 1 locID: 102667417819611150 bcsId: 7} | ret=SUCCESS |  
2019-08-23 17:14:37,420 | INFO  | DNAudit | user=null | ip=null | op=PUT_BLOCK {blockData=[blockId=conID: 1 locID: 102667417819611150 bcsId: 0,size=450]} | ret=SUCCESS |  
2019-08-23 17:14:37,420 [grpc-default-executor-8] INFO  client.GrpcClientProtocolClient (GrpcClientProtocolClient.java:onNext(255)) - client-5B2245BFD681->23fa496f-0b24-4481-8ded-b6c2e0b9cb99: receive RaftClientReply:client-5B2245BFD681->23fa496f-0b24-4481-8ded-b6c2e0b9cb99@group-4AE01A1E531D, cid=181, SUCCESS, logIndex=13, commits[23fa496f-0b24-4481-8ded-b6c2e0b9cb99:c14, 007a4926-093a-4d3a-9d9e-3c5f17d50581:c12, 03c422ce-7517-4458-ba1e-7259997ff644:c12]
2019-08-23 17:14:37,421 [grpc-default-executor-8] INFO  client.GrpcClientProtocolClient (GrpcClientProtocolClient.java:onNext(255)) - client-5B2245BFD681->23fa496f-0b24-4481-8ded-b6c2e0b9cb99: receive RaftClientReply:client-5B2245BFD681->23fa496f-0b24-4481-8ded-b6c2e0b9cb99@group-4AE01A1E531D, cid=182, SUCCESS, logIndex=14, commits[23fa496f-0b24-4481-8ded-b6c2e0b9cb99:c14, 007a4926-093a-4d3a-9d9e-3c5f17d50581:c12, 03c422ce-7517-4458-ba1e-7259997ff644:c12]
2019-08-23 17:14:37,431 | INFO  | DNAudit | user=null | ip=null | op=WRITE_CHUNK {blockData=conID: 1 locID: 102667417819611150 bcsId: 7} | ret=SUCCESS |  
2019-08-23 17:14:37,432 | INFO  | DNAudit | user=null | ip=null | op=WRITE_CHUNK {blockData=conID: 1 locID: 102667417819611150 bcsId: 7} | ret=SUCCESS |  
2019-08-23 17:14:37,434 | INFO  | DNAudit | user=null | ip=null | op=PUT_BLOCK {blockData=[blockId=conID: 1 locID: 102667417819611150 bcsId: 0,size=450]} | ret=SUCCESS |  
2019-08-23 17:14:37,434 | INFO  | DNAudit | user=null | ip=null | op=PUT_BLOCK {blockData=[blockId=conID: 1 locID: 102667417819611150 bcsId: 0,size=450]} | ret=SUCCESS |  
2019-08-23 17:14:37,436 [grpc-default-executor-8] INFO  client.GrpcClientProtocolClient (GrpcClientProtocolClient.java:onNext(255)) - client-5B2245BFD681->23fa496f-0b24-4481-8ded-b6c2e0b9cb99: receive RaftClientReply:client-5B2245BFD681->23fa496f-0b24-4481-8ded-b6c2e0b9cb99@group-4AE01A1E531D, cid=183, SUCCESS, logIndex=0, commits[23fa496f-0b24-4481-8ded-b6c2e0b9cb99:c15, 007a4926-093a-4d3a-9d9e-3c5f17d50581:c14, 03c422ce-7517-4458-ba1e-7259997ff644:c14]
2019-08-23 17:14:37,437 [main] INFO  datanode.ObjectStoreHandler (ObjectStoreHandler.java:close(155)) - Closing ObjectStoreHandler.
2019-08-23 17:14:37,437 [main] INFO  ozone.HddsDatanodeService (HddsDatanodeService.java:stop(451)) - Stopped plug-in org.apache.hadoop.ozone.web.OzoneHddsDatanodeService@20dfe8b2
2019-08-23 17:14:37,561 | INFO  | SCMAudit | user=jenkins1000 | ip=192.168.34.23 | op=SEND_HEARTBEAT {datanodeUUID=99cffe41-d7bb-421f-ad37-c26af1490bc7, command=[]} | ret=SUCCESS |  
2019-08-23 17:14:37,724 | INFO  | SCMAudit | user=jenkins1000 | ip=192.168.34.23 | op=SEND_HEARTBEAT {datanodeUUID=eb580450-fe81-484d-8f0c-907a5b435dbc, command=[]} | ret=SUCCESS |  
2019-08-23 17:14:37,875 | INFO  | SCMAudit | user=jenkins1000 | ip=192.168.34.23 | op=SEND_HEARTBEAT {datanodeUUID=c15a8acb-9ee6-4d33-b032-95e74a5e0f7e, command=[]} | ret=SUCCESS |  
2019-08-23 17:14:38,064 | INFO  | SCMAudit | user=jenkins1000 | ip=192.168.34.23 | op=SEND_HEARTBEAT {datanodeUUID=fe3b8c04-bb20-41f7-95be-d76e619600de, command=[]} | ret=SUCCESS |  
2019-08-23 17:14:38,294 [Datanode State Machine Thread - 0] INFO  statemachine.DatanodeStateMachine (DatanodeStateMachine.java:lambda$startDaemon$0(350)) - Ozone container server started.
2019-08-23 17:14:38,295 | INFO  | SCMAudit | user=jenkins1000 | ip=192.168.34.23 | op=SEND_HEARTBEAT {datanodeUUID=007a4926-093a-4d3a-9d9e-3c5f17d50581, command=[]} | ret=SUCCESS |  
2019-08-23 17:14:38,295 | INFO  | SCMAudit | user=jenkins1000 | ip=192.168.34.23 | op=SEND_HEARTBEAT {datanodeUUID=23fa496f-0b24-4481-8ded-b6c2e0b9cb99, command=[]} | ret=SUCCESS |  
2019-08-23 17:14:38,562 | INFO  | SCMAudit | user=jenkins1000 | ip=192.168.34.23 | op=SEND_HEARTBEAT {datanodeUUID=99cffe41-d7bb-421f-ad37-c26af1490bc7, command=[]} | ret=SUCCESS |  
2019-08-23 17:14:38,725 | INFO  | SCMAudit | user=jenkins1000 | ip=192.168.34.23 | op=SEND_HEARTBEAT {datanodeUUID=eb580450-fe81-484d-8f0c-907a5b435dbc, command=[]} | ret=SUCCESS |  
2019-08-23 17:14:38,874 | INFO  | SCMAudit | user=jenkins1000 | ip=192.168.34.23 | op=SEND_HEARTBEAT {datanodeUUID=c15a8acb-9ee6-4d33-b032-95e74a5e0f7e, command=[]} | ret=SUCCESS |  
2019-08-23 17:14:39,063 | INFO  | SCMAudit | user=jenkins1000 | ip=192.168.34.23 | op=SEND_HEARTBEAT {datanodeUUID=fe3b8c04-bb20-41f7-95be-d76e619600de, command=[]} | ret=SUCCESS |  
2019-08-23 17:14:39,295 | INFO  | SCMAudit | user=jenkins1000 | ip=192.168.34.23 | op=SEND_HEARTBEAT {datanodeUUID=007a4926-093a-4d3a-9d9e-3c5f17d50581, command=[]} | ret=SUCCESS |  
2019-08-23 17:14:39,295 | INFO  | SCMAudit | user=jenkins1000 | ip=192.168.34.23 | op=SEND_HEARTBEAT {datanodeUUID=23fa496f-0b24-4481-8ded-b6c2e0b9cb99, command=[]} | ret=SUCCESS |  
2019-08-23 17:14:39,561 | INFO  | SCMAudit | user=jenkins1000 | ip=192.168.34.23 | op=SEND_HEARTBEAT {datanodeUUID=99cffe41-d7bb-421f-ad37-c26af1490bc7, command=[]} | ret=SUCCESS |  
2019-08-23 17:14:39,725 | INFO  | SCMAudit | user=jenkins1000 | ip=192.168.34.23 | op=SEND_HEARTBEAT {datanodeUUID=eb580450-fe81-484d-8f0c-907a5b435dbc, command=[]} | ret=SUCCESS |  
2019-08-23 17:14:39,875 | INFO  | SCMAudit | user=jenkins1000 | ip=192.168.34.23 | op=SEND_HEARTBEAT {datanodeUUID=c15a8acb-9ee6-4d33-b032-95e74a5e0f7e, command=[]} | ret=SUCCESS |  
2019-08-23 17:14:40,063 | INFO  | SCMAudit | user=jenkins1000 | ip=192.168.34.23 | op=SEND_HEARTBEAT {datanodeUUID=fe3b8c04-bb20-41f7-95be-d76e619600de, command=[]} | ret=SUCCESS |  
2019-08-23 17:14:40,295 | INFO  | SCMAudit | user=jenkins1000 | ip=192.168.34.23 | op=SEND_HEARTBEAT {datanodeUUID=23fa496f-0b24-4481-8ded-b6c2e0b9cb99, command=[]} | ret=SUCCESS |  
2019-08-23 17:14:40,295 | INFO  | SCMAudit | user=jenkins1000 | ip=192.168.34.23 | op=SEND_HEARTBEAT {datanodeUUID=007a4926-093a-4d3a-9d9e-3c5f17d50581, command=[]} | ret=SUCCESS |  
2019-08-23 17:14:40,561 | INFO  | SCMAudit | user=jenkins1000 | ip=192.168.34.23 | op=SEND_HEARTBEAT {datanodeUUID=99cffe41-d7bb-421f-ad37-c26af1490bc7, command=[]} | ret=SUCCESS |  
2019-08-23 17:14:40,725 | INFO  | SCMAudit | user=jenkins1000 | ip=192.168.34.23 | op=SEND_HEARTBEAT {datanodeUUID=eb580450-fe81-484d-8f0c-907a5b435dbc, command=[]} | ret=SUCCESS |  
2019-08-23 17:14:40,874 | INFO  | SCMAudit | user=jenkins1000 | ip=192.168.34.23 | op=SEND_HEARTBEAT {datanodeUUID=c15a8acb-9ee6-4d33-b032-95e74a5e0f7e, command=[]} | ret=SUCCESS |  
2019-08-23 17:14:41,064 | INFO  | SCMAudit | user=jenkins1000 | ip=192.168.34.23 | op=SEND_HEARTBEAT {datanodeUUID=fe3b8c04-bb20-41f7-95be-d76e619600de, command=[]} | ret=SUCCESS |  
2019-08-23 17:14:41,295 | INFO  | SCMAudit | user=jenkins1000 | ip=192.168.34.23 | op=SEND_HEARTBEAT {datanodeUUID=23fa496f-0b24-4481-8ded-b6c2e0b9cb99, command=[]} | ret=SUCCESS |  
2019-08-23 17:14:41,295 | INFO  | SCMAudit | user=jenkins1000 | ip=192.168.34.23 | op=SEND_HEARTBEAT {datanodeUUID=007a4926-093a-4d3a-9d9e-3c5f17d50581, command=[]} | ret=SUCCESS |  
2019-08-23 17:14:41,561 | INFO  | SCMAudit | user=jenkins1000 | ip=192.168.34.23 | op=SEND_HEARTBEAT {datanodeUUID=99cffe41-d7bb-421f-ad37-c26af1490bc7, command=[]} | ret=SUCCESS |  
2019-08-23 17:14:41,725 | INFO  | SCMAudit | user=jenkins1000 | ip=192.168.34.23 | op=SEND_HEARTBEAT {datanodeUUID=eb580450-fe81-484d-8f0c-907a5b435dbc, command=[]} | ret=SUCCESS |  
2019-08-23 17:14:41,874 | INFO  | SCMAudit | user=jenkins1000 | ip=192.168.34.23 | op=SEND_HEARTBEAT {datanodeUUID=c15a8acb-9ee6-4d33-b032-95e74a5e0f7e, command=[]} | ret=SUCCESS |  
2019-08-23 17:14:42,064 | INFO  | SCMAudit | user=jenkins1000 | ip=192.168.34.23 | op=SEND_HEARTBEAT {datanodeUUID=fe3b8c04-bb20-41f7-95be-d76e619600de, command=[]} | ret=SUCCESS |  
2019-08-23 17:14:42,295 | INFO  | SCMAudit | user=jenkins1000 | ip=192.168.34.23 | op=SEND_HEARTBEAT {datanodeUUID=23fa496f-0b24-4481-8ded-b6c2e0b9cb99, command=[]} | ret=SUCCESS |  
2019-08-23 17:14:42,295 | INFO  | SCMAudit | user=jenkins1000 | ip=192.168.34.23 | op=SEND_HEARTBEAT {datanodeUUID=007a4926-093a-4d3a-9d9e-3c5f17d50581, command=[]} | ret=SUCCESS |  
2019-08-23 17:14:42,355 [EventQueue-StaleNodeForStaleNodeHandler] INFO  node.StaleNodeHandler (StaleNodeHandler.java:onMessage(58)) - Datanode 03c422ce-7517-4458-ba1e-7259997ff644{ip: 192.168.34.23, host: pr-hdds-1982-decom-states-s47vm-2072066488, networkLocation: /default-rack, certSerialId: null} moved to stale state. Finalizing its pipelines [PipelineID=3e962dfa-76e7-4513-9d9b-babe9217422a, PipelineID=8ecee029-8d12-43a9-8959-4ae01a1e531d]
2019-08-23 17:14:42,356 [EventQueue-StaleNodeForStaleNodeHandler] INFO  pipeline.SCMPipelineManager (SCMPipelineManager.java:finalizeAndDestroyPipeline(309)) - destroying pipeline:Pipeline[ Id: 3e962dfa-76e7-4513-9d9b-babe9217422a, Nodes: 03c422ce-7517-4458-ba1e-7259997ff644{ip: 192.168.34.23, host: pr-hdds-1982-decom-states-s47vm-2072066488, networkLocation: /default-rack, certSerialId: null}, Type:RATIS, Factor:ONE, State:OPEN]
2019-08-23 17:14:42,356 [EventQueue-StaleNodeForStaleNodeHandler] INFO  pipeline.PipelineStateManager (PipelineStateManager.java:finalizePipeline(123)) - Pipeline Pipeline[ Id: 3e962dfa-76e7-4513-9d9b-babe9217422a, Nodes: 03c422ce-7517-4458-ba1e-7259997ff644{ip: 192.168.34.23, host: pr-hdds-1982-decom-states-s47vm-2072066488, networkLocation: /default-rack, certSerialId: null}, Type:RATIS, Factor:ONE, State:CLOSED] moved to CLOSED state
2019-08-23 17:14:42,356 [EventQueue-StaleNodeForStaleNodeHandler] INFO  pipeline.SCMPipelineManager (SCMPipelineManager.java:finalizeAndDestroyPipeline(309)) - destroying pipeline:Pipeline[ Id: 8ecee029-8d12-43a9-8959-4ae01a1e531d, Nodes: 03c422ce-7517-4458-ba1e-7259997ff644{ip: 192.168.34.23, host: pr-hdds-1982-decom-states-s47vm-2072066488, networkLocation: /default-rack, certSerialId: null}007a4926-093a-4d3a-9d9e-3c5f17d50581{ip: 192.168.34.23, host: pr-hdds-1982-decom-states-s47vm-2072066488, networkLocation: /default-rack, certSerialId: null}23fa496f-0b24-4481-8ded-b6c2e0b9cb99{ip: 192.168.34.23, host: pr-hdds-1982-decom-states-s47vm-2072066488, networkLocation: /default-rack, certSerialId: null}, Type:RATIS, Factor:THREE, State:OPEN]
2019-08-23 17:14:42,356 [EventQueue-StaleNodeForStaleNodeHandler] INFO  pipeline.PipelineStateManager (PipelineStateManager.java:finalizePipeline(123)) - Pipeline Pipeline[ Id: 8ecee029-8d12-43a9-8959-4ae01a1e531d, Nodes: 03c422ce-7517-4458-ba1e-7259997ff644{ip: 192.168.34.23, host: pr-hdds-1982-decom-states-s47vm-2072066488, networkLocation: /default-rack, certSerialId: null}007a4926-093a-4d3a-9d9e-3c5f17d50581{ip: 192.168.34.23, host: pr-hdds-1982-decom-states-s47vm-2072066488, networkLocation: /default-rack, certSerialId: null}23fa496f-0b24-4481-8ded-b6c2e0b9cb99{ip: 192.168.34.23, host: pr-hdds-1982-decom-states-s47vm-2072066488, networkLocation: /default-rack, certSerialId: null}, Type:RATIS, Factor:THREE, State:CLOSED] moved to CLOSED state
2019-08-23 17:14:42,357 [EventQueue-CloseContainerForCloseContainerEventHandler] INFO  container.CloseContainerEventHandler (CloseContainerEventHandler.java:onMessage(61)) - Close container Event triggered for container : #1
2019-08-23 17:14:42,438 [main] INFO  ozoneimpl.OzoneContainer (OzoneContainer.java:stop(199)) - Attempting to stop container services.
2019-08-23 17:14:42,438 [main] INFO  impl.RaftServerProxy (RaftServerProxy.java:lambda$close$4(314)) - 03c422ce-7517-4458-ba1e-7259997ff644: close
2019-08-23 17:14:42,439 [main] INFO  impl.RaftServerImpl (RaftServerImpl.java:lambda$shutdown$3(245)) - 03c422ce-7517-4458-ba1e-7259997ff644: shutdown group-BABE9217422A
2019-08-23 17:14:42,440 [main] INFO  util.JmxRegister (JmxRegister.java:unregister(73)) - Successfully un-registered JMX Bean with object name Ratis:service=RaftServer,group=group-BABE9217422A,id=03c422ce-7517-4458-ba1e-7259997ff644
2019-08-23 17:14:42,440 [main] INFO  impl.RoleInfo (RoleInfo.java:shutdownLeaderState(104)) - 03c422ce-7517-4458-ba1e-7259997ff644: shutdown LeaderState
2019-08-23 17:14:42,441 [main] INFO  impl.PendingRequests (PendingRequests.java:sendNotLeaderResponses(202)) - 03c422ce-7517-4458-ba1e-7259997ff644-PendingRequests: sendNotLeaderResponses
2019-08-23 17:14:42,441 [main] INFO  impl.StateMachineUpdater (StateMachineUpdater.java:stopAndJoin(115)) - StateMachineUpdater:03c422ce-7517-4458-ba1e-7259997ff644:group-BABE9217422A: set stopIndex = 0
2019-08-23 17:14:42,446 [main] INFO  impl.RaftServerImpl (ServerState.java:close(394)) - 03c422ce-7517-4458-ba1e-7259997ff644:group-BABE9217422A closes. The last applied log index is 0
2019-08-23 17:14:42,447 [03c422ce-7517-4458-ba1e-7259997ff644-SegmentedRaftLogWorker:Storage Directory /workdir/hadoop-ozone/integration-test/target/test-dir/MiniOzoneClusterImpl-49991279-2dcc-4eb0-83dc-ab14c407d015/datanode-1/data/ratis/3e962dfa-76e7-4513-9d9b-babe9217422a] INFO  segmented.SegmentedRaftLogWorker (SegmentedRaftLogWorker.java:run(313)) - 03c422ce-7517-4458-ba1e-7259997ff644-SegmentedRaftLogWorker:Storage Directory /workdir/hadoop-ozone/integration-test/target/test-dir/MiniOzoneClusterImpl-49991279-2dcc-4eb0-83dc-ab14c407d015/datanode-1/data/ratis/3e962dfa-76e7-4513-9d9b-babe9217422a was interrupted, exiting. There are 0 tasks remaining in the queue.
2019-08-23 17:14:42,450 [main] INFO  segmented.SegmentedRaftLogWorker (SegmentedRaftLogWorker.java:close(228)) - 03c422ce-7517-4458-ba1e-7259997ff644-SegmentedRaftLogWorker:Storage Directory /workdir/hadoop-ozone/integration-test/target/test-dir/MiniOzoneClusterImpl-49991279-2dcc-4eb0-83dc-ab14c407d015/datanode-1/data/ratis/3e962dfa-76e7-4513-9d9b-babe9217422a close()
2019-08-23 17:14:42,455 [main] INFO  impl.RaftServerImpl (RaftServerImpl.java:lambda$shutdown$3(245)) - 03c422ce-7517-4458-ba1e-7259997ff644: shutdown group-4AE01A1E531D
2019-08-23 17:14:42,455 [main] INFO  util.JmxRegister (JmxRegister.java:unregister(73)) - Successfully un-registered JMX Bean with object name Ratis:service=RaftServer,group=group-4AE01A1E531D,id=03c422ce-7517-4458-ba1e-7259997ff644
2019-08-23 17:14:42,456 [main] INFO  impl.RoleInfo (RoleInfo.java:shutdownFollowerState(121)) - 03c422ce-7517-4458-ba1e-7259997ff644: shutdown FollowerState
2019-08-23 17:14:42,456 [main] INFO  impl.StateMachineUpdater (StateMachineUpdater.java:stopAndJoin(115)) - StateMachineUpdater:03c422ce-7517-4458-ba1e-7259997ff644:group-4AE01A1E531D: set stopIndex = 16
2019-08-23 17:14:42,456 [Thread-3347] INFO  impl.FollowerState (FollowerState.java:run(114)) - 03c422ce-7517-4458-ba1e-7259997ff644: FollowerState was interrupted: java.lang.InterruptedException: sleep interrupted
2019-08-23 17:14:42,456 [StateMachineUpdater:03c422ce-7517-4458-ba1e-7259997ff644:group-4AE01A1E531D] INFO  ratis.ContainerStateMachine (ContainerStateMachine.java:takeSnapshot(283)) - group-4AE01A1E531D: Taking a snapshot at:(t:1, i:14) file /workdir/hadoop-ozone/integration-test/target/test-dir/MiniOzoneClusterImpl-49991279-2dcc-4eb0-83dc-ab14c407d015/datanode-1/data/ratis/8ecee029-8d12-43a9-8959-4ae01a1e531d/sm/snapshot.1_14
2019-08-23 17:14:42,519 [StateMachineUpdater:03c422ce-7517-4458-ba1e-7259997ff644:group-4AE01A1E531D] INFO  ratis.ContainerStateMachine (ContainerStateMachine.java:takeSnapshot(294)) - group-4AE01A1E531D: Finished taking a snapshot at:(t:1, i:14) file:/workdir/hadoop-ozone/integration-test/target/test-dir/MiniOzoneClusterImpl-49991279-2dcc-4eb0-83dc-ab14c407d015/datanode-1/data/ratis/8ecee029-8d12-43a9-8959-4ae01a1e531d/sm/snapshot.1_14 time:62
2019-08-23 17:14:42,519 [StateMachineUpdater:03c422ce-7517-4458-ba1e-7259997ff644:group-4AE01A1E531D] INFO  impl.StateMachineUpdater (StateMachineUpdater.java:takeSnapshot(242)) - StateMachineUpdater:03c422ce-7517-4458-ba1e-7259997ff644:group-4AE01A1E531D: Took a snapshot at index 14
2019-08-23 17:14:42,519 [StateMachineUpdater:03c422ce-7517-4458-ba1e-7259997ff644:group-4AE01A1E531D] INFO  impl.StateMachineUpdater (StateMachineUpdater.java:lambda$new$0(80)) - StateMachineUpdater:03c422ce-7517-4458-ba1e-7259997ff644:group-4AE01A1E531D: snapshotIndex: updateIncreasingly -1 -> 14
2019-08-23 17:14:42,519 [main] INFO  impl.RaftServerImpl (ServerState.java:close(394)) - 03c422ce-7517-4458-ba1e-7259997ff644:group-4AE01A1E531D closes. The last applied log index is 16
2019-08-23 17:14:42,520 [03c422ce-7517-4458-ba1e-7259997ff644-SegmentedRaftLogWorker:Storage Directory /workdir/hadoop-ozone/integration-test/target/test-dir/MiniOzoneClusterImpl-49991279-2dcc-4eb0-83dc-ab14c407d015/datanode-1/data/ratis/8ecee029-8d12-43a9-8959-4ae01a1e531d] INFO  segmented.SegmentedRaftLogWorker (SegmentedRaftLogWorker.java:run(313)) - 03c422ce-7517-4458-ba1e-7259997ff644-SegmentedRaftLogWorker:Storage Directory /workdir/hadoop-ozone/integration-test/target/test-dir/MiniOzoneClusterImpl-49991279-2dcc-4eb0-83dc-ab14c407d015/datanode-1/data/ratis/8ecee029-8d12-43a9-8959-4ae01a1e531d was interrupted, exiting. There are 0 tasks remaining in the queue.
2019-08-23 17:14:42,523 [main] INFO  segmented.SegmentedRaftLogWorker (SegmentedRaftLogWorker.java:close(228)) - 03c422ce-7517-4458-ba1e-7259997ff644-SegmentedRaftLogWorker:Storage Directory /workdir/hadoop-ozone/integration-test/target/test-dir/MiniOzoneClusterImpl-49991279-2dcc-4eb0-83dc-ab14c407d015/datanode-1/data/ratis/8ecee029-8d12-43a9-8959-4ae01a1e531d close()
2019-08-23 17:14:42,528 [main] INFO  server.GrpcService (GrpcService.java:closeImpl(155)) - 03c422ce-7517-4458-ba1e-7259997ff644: shutdown server with port 38086 now
2019-08-23 17:14:42,529 [grpc-default-executor-6] WARN  server.GrpcServerProtocolService (LogUtils.java:warn(134)) - 03c422ce-7517-4458-ba1e-7259997ff644: appendEntries onError: org.apache.ratis.thirdparty.io.grpc.StatusRuntimeException: CANCELLED: cancelled before receiving half close
2019-08-23 17:14:42,530 [grpc-default-executor-8] WARN  server.GrpcLogAppender (LogUtils.java:warn(134)) - 23fa496f-0b24-4481-8ded-b6c2e0b9cb99->03c422ce-7517-4458-ba1e-7259997ff644: Failed appendEntries: org.apache.ratis.thirdparty.io.grpc.StatusRuntimeException: CANCELLED: HTTP/2 error code: CANCEL
Received Rst Stream
2019-08-23 17:14:42,530 [main] INFO  server.GrpcService (GrpcService.java:closeImpl(163)) - 03c422ce-7517-4458-ba1e-7259997ff644: shutdown server with port 38086 successfully
2019-08-23 17:14:42,530 [grpc-default-executor-8] INFO  impl.FollowerInfo (FollowerInfo.java:lambda$new$0(50)) - 23fa496f-0b24-4481-8ded-b6c2e0b9cb99->03c422ce-7517-4458-ba1e-7259997ff644: nextIndex: updateUnconditionally 17 -> 16
2019-08-23 17:14:42,534 [main] INFO  utils.BackgroundService (BackgroundService.java:shutdown(148)) - Shutting down service BlockDeletingService
2019-08-23 17:14:42,536 [refreshUsed-/workdir/hadoop-ozone/integration-test/target/test-dir/MiniOzoneClusterImpl-49991279-2dcc-4eb0-83dc-ab14c407d015/datanode-1/data/containers] WARN  fs.CachingGetSpaceUsed (CachingGetSpaceUsed.java:run(183)) - Thread Interrupted waiting to refresh disk information: sleep interrupted
2019-08-23 17:14:42,563 [main] INFO  statemachine.DatanodeStateMachine (DatanodeStateMachine.java:stopDaemon(395)) - Ozone container server stopped.
2019-08-23 17:14:42,564 | INFO  | SCMAudit | user=jenkins1000 | ip=192.168.34.23 | op=SEND_HEARTBEAT {datanodeUUID=99cffe41-d7bb-421f-ad37-c26af1490bc7, command=[]} | ret=SUCCESS |  
2019-08-23 17:14:42,564 [main] INFO  handler.ContextHandler (ContextHandler.java:doStop(910)) - Stopped o.e.j.w.WebAppContext@10d8769e{/,null,UNAVAILABLE}{/hddsDatanode}
2019-08-23 17:14:42,565 [main] INFO  server.AbstractConnector (AbstractConnector.java:doStop(318)) - Stopped ServerConnector@699fe19f{HTTP/1.1,[http/1.1]}{0.0.0.0:0}
2019-08-23 17:14:42,565 [main] INFO  handler.ContextHandler (ContextHandler.java:doStop(910)) - Stopped o.e.j.s.ServletContextHandler@75f579d2{/static,jar:file:/home/user/.m2/repository/org/apache/hadoop/hadoop-hdds-container-service/0.5.0-SNAPSHOT/hadoop-hdds-container-service-0.5.0-SNAPSHOT.jar!/webapps/static,UNAVAILABLE}
2019-08-23 17:14:42,565 [main] INFO  handler.ContextHandler (ContextHandler.java:doStop(910)) - Stopped o.e.j.s.ServletContextHandler@1f13eabb{/logs,file:///workdir/hadoop-ozone/integration-test/target/log,UNAVAILABLE}
2019-08-23 17:14:42,570 | INFO  | DNAudit | user=null | ip=null | op=WRITE_CHUNK {blockData=conID: 1 locID: 102667417819611150 bcsId: 14} | ret=SUCCESS |  
2019-08-23 17:14:42,585 | INFO  | DNAudit | user=null | ip=null | op=WRITE_CHUNK {blockData=conID: 1 locID: 102667417819611150 bcsId: 14} | ret=SUCCESS |  
2019-08-23 17:14:42,586 | INFO  | DNAudit | user=null | ip=null | op=WRITE_CHUNK {blockData=conID: 1 locID: 102667417819611150 bcsId: 14} | ret=SUCCESS |  
2019-08-23 17:14:42,586 [grpc-default-executor-8] WARN  server.GrpcLogAppender (LogUtils.java:warn(134)) - 23fa496f-0b24-4481-8ded-b6c2e0b9cb99->03c422ce-7517-4458-ba1e-7259997ff644: Failed appendEntries: org.apache.ratis.thirdparty.io.grpc.StatusRuntimeException: UNAVAILABLE: io exception
2019-08-23 17:14:42,586 [grpc-default-executor-8] INFO  impl.FollowerInfo (FollowerInfo.java:lambda$new$0(50)) - 23fa496f-0b24-4481-8ded-b6c2e0b9cb99->03c422ce-7517-4458-ba1e-7259997ff644: nextIndex: updateUnconditionally 17 -> 16
2019-08-23 17:14:42,587 | INFO  | DNAudit | user=null | ip=null | op=WRITE_CHUNK {blockData=conID: 1 locID: 102667417819611150 bcsId: 14} | ret=SUCCESS |  
2019-08-23 17:14:42,587 | INFO  | DNAudit | user=null | ip=null | op=WRITE_CHUNK {blockData=conID: 1 locID: 102667417819611150 bcsId: 14} | ret=SUCCESS |  
2019-08-23 17:14:42,588 | INFO  | DNAudit | user=null | ip=null | op=WRITE_CHUNK {blockData=conID: 1 locID: 102667417819611150 bcsId: 14} | ret=SUCCESS |  
2019-08-23 17:14:42,591 [grpc-default-executor-6] WARN  server.GrpcLogAppender (LogUtils.java:warn(134)) - 23fa496f-0b24-4481-8ded-b6c2e0b9cb99->03c422ce-7517-4458-ba1e-7259997ff644: Failed appendEntries: org.apache.ratis.thirdparty.io.grpc.StatusRuntimeException: UNAVAILABLE: io exception
2019-08-23 17:14:42,591 | INFO  | DNAudit | user=null | ip=null | op=WRITE_CHUNK {blockData=conID: 1 locID: 102667417819611150 bcsId: 14} | ret=SUCCESS |  
2019-08-23 17:14:42,592 [grpc-default-executor-6] INFO  impl.FollowerInfo (FollowerInfo.java:lambda$new$0(50)) - 23fa496f-0b24-4481-8ded-b6c2e0b9cb99->03c422ce-7517-4458-ba1e-7259997ff644: nextIndex: updateUnconditionally 17 -> 16
2019-08-23 17:14:42,593 | INFO  | DNAudit | user=null | ip=null | op=WRITE_CHUNK {blockData=conID: 1 locID: 102667417819611150 bcsId: 14} | ret=SUCCESS |  
2019-08-23 17:14:42,599 | INFO  | DNAudit | user=null | ip=null | op=WRITE_CHUNK {blockData=conID: 1 locID: 102667417819611150 bcsId: 14} | ret=SUCCESS |  
2019-08-23 17:14:42,601 | INFO  | DNAudit | user=null | ip=null | op=WRITE_CHUNK {blockData=conID: 1 locID: 102667417819611150 bcsId: 14} | ret=SUCCESS |  
2019-08-23 17:14:42,601 [grpc-default-executor-8] WARN  server.GrpcLogAppender (LogUtils.java:warn(134)) - 23fa496f-0b24-4481-8ded-b6c2e0b9cb99->03c422ce-7517-4458-ba1e-7259997ff644: Failed appendEntries: org.apache.ratis.thirdparty.io.grpc.StatusRuntimeException: UNAVAILABLE: io exception
2019-08-23 17:14:42,601 [grpc-default-executor-8] INFO  impl.FollowerInfo (FollowerInfo.java:lambda$new$0(50)) - 23fa496f-0b24-4481-8ded-b6c2e0b9cb99->03c422ce-7517-4458-ba1e-7259997ff644: nextIndex: updateUnconditionally 17 -> 16
2019-08-23 17:14:42,601 | INFO  | DNAudit | user=null | ip=null | op=WRITE_CHUNK {blockData=conID: 1 locID: 102667417819611150 bcsId: 14} | ret=SUCCESS |  
2019-08-23 17:14:42,601 [grpc-default-executor-9] INFO  client.GrpcClientProtocolClient (GrpcClientProtocolClient.java:onNext(255)) - client-5B2245BFD681->23fa496f-0b24-4481-8ded-b6c2e0b9cb99: receive RaftClientReply:client-5B2245BFD681->23fa496f-0b24-4481-8ded-b6c2e0b9cb99@group-4AE01A1E531D, cid=184, SUCCESS, logIndex=17, commits[23fa496f-0b24-4481-8ded-b6c2e0b9cb99:c17, 007a4926-093a-4d3a-9d9e-3c5f17d50581:c16, 03c422ce-7517-4458-ba1e-7259997ff644:c16]
2019-08-23 17:14:42,603 | INFO  | DNAudit | user=null | ip=null | op=WRITE_CHUNK {blockData=conID: 1 locID: 102667417819611150 bcsId: 14} | ret=SUCCESS |  
2019-08-23 17:14:42,610 | INFO  | DNAudit | user=null | ip=null | op=PUT_BLOCK {blockData=[blockId=conID: 1 locID: 102667417819611150 bcsId: 0,size=650]} | ret=SUCCESS |  
2019-08-23 17:14:42,611 | INFO  | DNAudit | user=null | ip=null | op=PUT_BLOCK {blockData=[blockId=conID: 1 locID: 102667417819611150 bcsId: 0,size=650]} | ret=SUCCESS |  
2019-08-23 17:14:42,611 [grpc-default-executor-6] WARN  server.GrpcLogAppender (LogUtils.java:warn(134)) - 23fa496f-0b24-4481-8ded-b6c2e0b9cb99->03c422ce-7517-4458-ba1e-7259997ff644: Failed appendEntries: org.apache.ratis.thirdparty.io.grpc.StatusRuntimeException: UNAVAILABLE: io exception
2019-08-23 17:14:42,611 | INFO  | DNAudit | user=null | ip=null | op=WRITE_CHUNK {blockData=conID: 1 locID: 102667417819611150 bcsId: 14} | ret=SUCCESS |  
2019-08-23 17:14:42,611 [grpc-default-executor-8] INFO  client.GrpcClientProtocolClient (GrpcClientProtocolClient.java:onNext(255)) - client-5B2245BFD681->23fa496f-0b24-4481-8ded-b6c2e0b9cb99: receive RaftClientReply:client-5B2245BFD681->23fa496f-0b24-4481-8ded-b6c2e0b9cb99@group-4AE01A1E531D, cid=185, SUCCESS, logIndex=18, commits[23fa496f-0b24-4481-8ded-b6c2e0b9cb99:c20, 007a4926-093a-4d3a-9d9e-3c5f17d50581:c16, 03c422ce-7517-4458-ba1e-7259997ff644:c16]
2019-08-23 17:14:42,611 | INFO  | DNAudit | user=null | ip=null | op=WRITE_CHUNK {blockData=conID: 1 locID: 102667417819611150 bcsId: 14} | ret=SUCCESS |  
2019-08-23 17:14:42,611 [grpc-default-executor-6] INFO  impl.FollowerInfo (FollowerInfo.java:lambda$new$0(50)) - 23fa496f-0b24-4481-8ded-b6c2e0b9cb99->03c422ce-7517-4458-ba1e-7259997ff644: nextIndex: updateUnconditionally 17 -> 16
2019-08-23 17:14:42,612 | INFO  | DNAudit | user=null | ip=null | op=WRITE_CHUNK {blockData=conID: 1 locID: 102667417819611150 bcsId: 14} | ret=SUCCESS |  
2019-08-23 17:14:42,612 [grpc-default-executor-8] INFO  client.GrpcClientProtocolClient (GrpcClientProtocolClient.java:onNext(255)) - client-5B2245BFD681->23fa496f-0b24-4481-8ded-b6c2e0b9cb99: receive RaftClientReply:client-5B2245BFD681->23fa496f-0b24-4481-8ded-b6c2e0b9cb99@group-4AE01A1E531D, cid=186, SUCCESS, logIndex=19, commits[23fa496f-0b24-4481-8ded-b6c2e0b9cb99:c24, 007a4926-093a-4d3a-9d9e-3c5f17d50581:c20, 03c422ce-7517-4458-ba1e-7259997ff644:c16]
2019-08-23 17:14:42,612 | INFO  | DNAudit | user=null | ip=null | op=WRITE_CHUNK {blockData=conID: 1 locID: 102667417819611150 bcsId: 14} | ret=SUCCESS |  
2019-08-23 17:14:42,613 [grpc-default-executor-6] INFO  client.GrpcClientProtocolClient (GrpcClientProtocolClient.java:onNext(255)) - client-5B2245BFD681->23fa496f-0b24-4481-8ded-b6c2e0b9cb99: receive RaftClientReply:client-5B2245BFD681->23fa496f-0b24-4481-8ded-b6c2e0b9cb99@group-4AE01A1E531D, cid=187, SUCCESS, logIndex=20, commits[23fa496f-0b24-4481-8ded-b6c2e0b9cb99:c25, 007a4926-093a-4d3a-9d9e-3c5f17d50581:c21, 03c422ce-7517-4458-ba1e-7259997ff644:c16]
2019-08-23 17:14:42,615 | INFO  | DNAudit | user=null | ip=null | op=PUT_BLOCK {blockData=[blockId=conID: 1 locID: 102667417819611150 bcsId: 0,size=800]} | ret=SUCCESS |  
2019-08-23 17:14:42,615 [grpc-default-executor-8] WARN  server.GrpcLogAppender (LogUtils.java:warn(134)) - 23fa496f-0b24-4481-8ded-b6c2e0b9cb99->03c422ce-7517-4458-ba1e-7259997ff644: Failed appendEntries: org.apache.ratis.thirdparty.io.grpc.StatusRuntimeException: UNAVAILABLE: io exception
2019-08-23 17:14:42,615 [grpc-default-executor-6] INFO  client.GrpcClientProtocolClient (GrpcClientProtocolClient.java:onNext(255)) - client-5B2245BFD681->23fa496f-0b24-4481-8ded-b6c2e0b9cb99: receive RaftClientReply:client-5B2245BFD681->23fa496f-0b24-4481-8ded-b6c2e0b9cb99@group-4AE01A1E531D, cid=188, SUCCESS, logIndex=21, commits[23fa496f-0b24-4481-8ded-b6c2e0b9cb99:c25, 007a4926-093a-4d3a-9d9e-3c5f17d50581:c21, 03c422ce-7517-4458-ba1e-7259997ff644:c16]
2019-08-23 17:14:42,615 [grpc-default-executor-8] INFO  impl.FollowerInfo (FollowerInfo.java:lambda$new$0(50)) - 23fa496f-0b24-4481-8ded-b6c2e0b9cb99->03c422ce-7517-4458-ba1e-7259997ff644: nextIndex: updateUnconditionally 17 -> 16
2019-08-23 17:14:42,616 [grpc-default-executor-8] INFO  client.GrpcClientProtocolClient (GrpcClientProtocolClient.java:onNext(255)) - client-5B2245BFD681->23fa496f-0b24-4481-8ded-b6c2e0b9cb99: receive RaftClientReply:client-5B2245BFD681->23fa496f-0b24-4481-8ded-b6c2e0b9cb99@group-4AE01A1E531D, cid=189, SUCCESS, logIndex=22, commits[23fa496f-0b24-4481-8ded-b6c2e0b9cb99:c25, 007a4926-093a-4d3a-9d9e-3c5f17d50581:c21, 03c422ce-7517-4458-ba1e-7259997ff644:c16]
2019-08-23 17:14:42,725 | INFO  | SCMAudit | user=jenkins1000 | ip=192.168.34.23 | op=SEND_HEARTBEAT {datanodeUUID=eb580450-fe81-484d-8f0c-907a5b435dbc, command=[]} | ret=SUCCESS |  
2019-08-23 17:14:42,874 | INFO  | SCMAudit | user=jenkins1000 | ip=192.168.34.23 | op=SEND_HEARTBEAT {datanodeUUID=c15a8acb-9ee6-4d33-b032-95e74a5e0f7e, command=[]} | ret=SUCCESS |  
2019-08-23 17:14:43,064 | INFO  | SCMAudit | user=jenkins1000 | ip=192.168.34.23 | op=SEND_HEARTBEAT {datanodeUUID=fe3b8c04-bb20-41f7-95be-d76e619600de, command=[]} | ret=SUCCESS |  
2019-08-23 17:14:43,296 | INFO  | SCMAudit | user=jenkins1000 | ip=192.168.34.23 | op=SEND_HEARTBEAT {datanodeUUID=23fa496f-0b24-4481-8ded-b6c2e0b9cb99, command=[commandType: closeContainerCommand closeContainerCommandProto { containerID: 1 pipelineID { id: "8ecee029-8d12-43a9-8959-4ae01a1e531d" } cmdId: 1 force: false } ]} | ret=SUCCESS |  
2019-08-23 17:14:43,296 | INFO  | SCMAudit | user=jenkins1000 | ip=192.168.34.23 | op=SEND_HEARTBEAT {datanodeUUID=007a4926-093a-4d3a-9d9e-3c5f17d50581, command=[commandType: closeContainerCommand closeContainerCommandProto { containerID: 1 pipelineID { id: "8ecee029-8d12-43a9-8959-4ae01a1e531d" } cmdId: 1 force: false } ]} | ret=SUCCESS |  
2019-08-23 17:14:43,564 | INFO  | SCMAudit | user=jenkins1000 | ip=192.168.34.23 | op=SEND_HEARTBEAT {datanodeUUID=99cffe41-d7bb-421f-ad37-c26af1490bc7, command=[]} | ret=SUCCESS |  
2019-08-23 17:14:43,618 [main] WARN  scm.XceiverClientRatis (XceiverClientRatis.java:watchForCommit(262)) - 3 way commit failed on pipeline Pipeline[ Id: 8ecee029-8d12-43a9-8959-4ae01a1e531d, Nodes: 03c422ce-7517-4458-ba1e-7259997ff644{ip: 192.168.34.23, host: pr-hdds-1982-decom-states-s47vm-2072066488, networkLocation: /default-rack, certSerialId: null}007a4926-093a-4d3a-9d9e-3c5f17d50581{ip: 192.168.34.23, host: pr-hdds-1982-decom-states-s47vm-2072066488, networkLocation: /default-rack, certSerialId: null}23fa496f-0b24-4481-8ded-b6c2e0b9cb99{ip: 192.168.34.23, host: pr-hdds-1982-decom-states-s47vm-2072066488, networkLocation: /default-rack, certSerialId: null}, Type:RATIS, Factor:THREE, State:OPEN]
java.util.concurrent.TimeoutException
	at java.util.concurrent.CompletableFuture.timedGet(CompletableFuture.java:1771)
	at java.util.concurrent.CompletableFuture.get(CompletableFuture.java:1915)
	at org.apache.hadoop.hdds.scm.XceiverClientRatis.watchForCommit(XceiverClientRatis.java:259)
	at org.apache.hadoop.hdds.scm.storage.CommitWatcher.watchForCommit(CommitWatcher.java:194)
	at org.apache.hadoop.hdds.scm.storage.CommitWatcher.watchOnLastIndex(CommitWatcher.java:157)
	at org.apache.hadoop.hdds.scm.storage.BlockOutputStream.watchForCommit(BlockOutputStream.java:347)
	at org.apache.hadoop.hdds.scm.storage.BlockOutputStream.handleFlush(BlockOutputStream.java:479)
	at org.apache.hadoop.hdds.scm.storage.BlockOutputStream.close(BlockOutputStream.java:493)
	at org.apache.hadoop.ozone.client.io.BlockOutputStreamEntry.close(BlockOutputStreamEntry.java:143)
	at org.apache.hadoop.ozone.client.io.KeyOutputStream.handleFlushOrClose(KeyOutputStream.java:438)
	at org.apache.hadoop.ozone.client.io.KeyOutputStream.handleWrite(KeyOutputStream.java:235)
	at org.apache.hadoop.ozone.client.io.KeyOutputStream.write(KeyOutputStream.java:193)
	at org.apache.hadoop.ozone.client.io.OzoneOutputStream.write(OzoneOutputStream.java:49)
	at java.io.OutputStream.write(OutputStream.java:75)
	at org.apache.hadoop.ozone.client.rpc.TestBlockOutputStreamWithFailures.testWatchForCommitDatanodeFailure(TestBlockOutputStreamWithFailures.java:363)
	at sun.reflect.NativeMethodAccessorImpl.invoke0(Native Method)
	at sun.reflect.NativeMethodAccessorImpl.invoke(NativeMethodAccessorImpl.java:62)
	at sun.reflect.DelegatingMethodAccessorImpl.invoke(DelegatingMethodAccessorImpl.java:43)
	at java.lang.reflect.Method.invoke(Method.java:498)
	at org.junit.runners.model.FrameworkMethod$1.runReflectiveCall(FrameworkMethod.java:47)
	at org.junit.internal.runners.model.ReflectiveCallable.run(ReflectiveCallable.java:12)
	at org.junit.runners.model.FrameworkMethod.invokeExplosively(FrameworkMethod.java:44)
	at org.junit.internal.runners.statements.InvokeMethod.evaluate(InvokeMethod.java:17)
	at org.junit.internal.runners.statements.RunBefores.evaluate(RunBefores.java:26)
	at org.junit.internal.runners.statements.RunAfters.evaluate(RunAfters.java:27)
	at org.junit.runners.ParentRunner.runLeaf(ParentRunner.java:271)
	at org.junit.runners.BlockJUnit4ClassRunner.runChild(BlockJUnit4ClassRunner.java:70)
	at org.junit.runners.BlockJUnit4ClassRunner.runChild(BlockJUnit4ClassRunner.java:50)
	at org.junit.runners.ParentRunner$3.run(ParentRunner.java:238)
	at org.junit.runners.ParentRunner$1.schedule(ParentRunner.java:63)
	at org.junit.runners.ParentRunner.runChildren(ParentRunner.java:236)
	at org.junit.runners.ParentRunner.access$000(ParentRunner.java:53)
	at org.junit.runners.ParentRunner$2.evaluate(ParentRunner.java:229)
	at org.junit.runners.ParentRunner.run(ParentRunner.java:309)
	at org.apache.maven.surefire.junit4.JUnit4Provider.execute(JUnit4Provider.java:365)
	at org.apache.maven.surefire.junit4.JUnit4Provider.executeWithRerun(JUnit4Provider.java:273)
	at org.apache.maven.surefire.junit4.JUnit4Provider.executeTestSet(JUnit4Provider.java:238)
	at org.apache.maven.surefire.junit4.JUnit4Provider.invoke(JUnit4Provider.java:159)
	at org.apache.maven.surefire.booter.ForkedBooter.invokeProviderInSameClassLoader(ForkedBooter.java:384)
	at org.apache.maven.surefire.booter.ForkedBooter.runSuitesInProcess(ForkedBooter.java:345)
	at org.apache.maven.surefire.booter.ForkedBooter.execute(ForkedBooter.java:126)
	at org.apache.maven.surefire.booter.ForkedBooter.main(ForkedBooter.java:418)
2019-08-23 17:14:43,724 | INFO  | SCMAudit | user=jenkins1000 | ip=192.168.34.23 | op=SEND_HEARTBEAT {datanodeUUID=eb580450-fe81-484d-8f0c-907a5b435dbc, command=[]} | ret=SUCCESS |  
2019-08-23 17:14:43,875 | INFO  | SCMAudit | user=jenkins1000 | ip=192.168.34.23 | op=SEND_HEARTBEAT {datanodeUUID=c15a8acb-9ee6-4d33-b032-95e74a5e0f7e, command=[]} | ret=SUCCESS |  
2019-08-23 17:14:44,064 | INFO  | SCMAudit | user=jenkins1000 | ip=192.168.34.23 | op=SEND_HEARTBEAT {datanodeUUID=fe3b8c04-bb20-41f7-95be-d76e619600de, command=[]} | ret=SUCCESS |  
2019-08-23 17:14:44,296 | INFO  | SCMAudit | user=jenkins1000 | ip=192.168.34.23 | op=SEND_HEARTBEAT {datanodeUUID=007a4926-093a-4d3a-9d9e-3c5f17d50581, command=[]} | ret=SUCCESS |  
2019-08-23 17:14:44,296 | INFO  | SCMAudit | user=jenkins1000 | ip=192.168.34.23 | op=SEND_HEARTBEAT {datanodeUUID=23fa496f-0b24-4481-8ded-b6c2e0b9cb99, command=[]} | ret=SUCCESS |  
2019-08-23 17:14:44,313 | INFO  | SCMAudit | user=jenkins1000 | ip=192.168.34.23 | op=SEND_HEARTBEAT {datanodeUUID=007a4926-093a-4d3a-9d9e-3c5f17d50581, command=[]} | ret=SUCCESS |  
2019-08-23 17:14:44,564 | INFO  | SCMAudit | user=jenkins1000 | ip=192.168.34.23 | op=SEND_HEARTBEAT {datanodeUUID=99cffe41-d7bb-421f-ad37-c26af1490bc7, command=[]} | ret=SUCCESS |  
2019-08-23 17:14:44,621 [main] WARN  storage.CommitWatcher (CommitWatcher.java:watchForCommit(203)) - watchForCommit failed for index 22
java.util.concurrent.TimeoutException
	at java.util.concurrent.CompletableFuture.timedGet(CompletableFuture.java:1771)
	at java.util.concurrent.CompletableFuture.get(CompletableFuture.java:1915)
	at org.apache.hadoop.hdds.scm.XceiverClientRatis.watchForCommit(XceiverClientRatis.java:268)
	at org.apache.hadoop.hdds.scm.storage.CommitWatcher.watchForCommit(CommitWatcher.java:194)
	at org.apache.hadoop.hdds.scm.storage.CommitWatcher.watchOnLastIndex(CommitWatcher.java:157)
	at org.apache.hadoop.hdds.scm.storage.BlockOutputStream.watchForCommit(BlockOutputStream.java:347)
	at org.apache.hadoop.hdds.scm.storage.BlockOutputStream.handleFlush(BlockOutputStream.java:479)
	at org.apache.hadoop.hdds.scm.storage.BlockOutputStream.close(BlockOutputStream.java:493)
	at org.apache.hadoop.ozone.client.io.BlockOutputStreamEntry.close(BlockOutputStreamEntry.java:143)
	at org.apache.hadoop.ozone.client.io.KeyOutputStream.handleFlushOrClose(KeyOutputStream.java:438)
	at org.apache.hadoop.ozone.client.io.KeyOutputStream.handleWrite(KeyOutputStream.java:235)
	at org.apache.hadoop.ozone.client.io.KeyOutputStream.write(KeyOutputStream.java:193)
	at org.apache.hadoop.ozone.client.io.OzoneOutputStream.write(OzoneOutputStream.java:49)
	at java.io.OutputStream.write(OutputStream.java:75)
	at org.apache.hadoop.ozone.client.rpc.TestBlockOutputStreamWithFailures.testWatchForCommitDatanodeFailure(TestBlockOutputStreamWithFailures.java:363)
	at sun.reflect.NativeMethodAccessorImpl.invoke0(Native Method)
	at sun.reflect.NativeMethodAccessorImpl.invoke(NativeMethodAccessorImpl.java:62)
	at sun.reflect.DelegatingMethodAccessorImpl.invoke(DelegatingMethodAccessorImpl.java:43)
	at java.lang.reflect.Method.invoke(Method.java:498)
	at org.junit.runners.model.FrameworkMethod$1.runReflectiveCall(FrameworkMethod.java:47)
	at org.junit.internal.runners.model.ReflectiveCallable.run(ReflectiveCallable.java:12)
	at org.junit.runners.model.FrameworkMethod.invokeExplosively(FrameworkMethod.java:44)
	at org.junit.internal.runners.statements.InvokeMethod.evaluate(InvokeMethod.java:17)
	at org.junit.internal.runners.statements.RunBefores.evaluate(RunBefores.java:26)
	at org.junit.internal.runners.statements.RunAfters.evaluate(RunAfters.java:27)
	at org.junit.runners.ParentRunner.runLeaf(ParentRunner.java:271)
	at org.junit.runners.BlockJUnit4ClassRunner.runChild(BlockJUnit4ClassRunner.java:70)
	at org.junit.runners.BlockJUnit4ClassRunner.runChild(BlockJUnit4ClassRunner.java:50)
	at org.junit.runners.ParentRunner$3.run(ParentRunner.java:238)
	at org.junit.runners.ParentRunner$1.schedule(ParentRunner.java:63)
	at org.junit.runners.ParentRunner.runChildren(ParentRunner.java:236)
	at org.junit.runners.ParentRunner.access$000(ParentRunner.java:53)
	at org.junit.runners.ParentRunner$2.evaluate(ParentRunner.java:229)
	at org.junit.runners.ParentRunner.run(ParentRunner.java:309)
	at org.apache.maven.surefire.junit4.JUnit4Provider.execute(JUnit4Provider.java:365)
	at org.apache.maven.surefire.junit4.JUnit4Provider.executeWithRerun(JUnit4Provider.java:273)
	at org.apache.maven.surefire.junit4.JUnit4Provider.executeTestSet(JUnit4Provider.java:238)
	at org.apache.maven.surefire.junit4.JUnit4Provider.invoke(JUnit4Provider.java:159)
	at org.apache.maven.surefire.booter.ForkedBooter.invokeProviderInSameClassLoader(ForkedBooter.java:384)
	at org.apache.maven.surefire.booter.ForkedBooter.runSuitesInProcess(ForkedBooter.java:345)
	at org.apache.maven.surefire.booter.ForkedBooter.execute(ForkedBooter.java:126)
	at org.apache.maven.surefire.booter.ForkedBooter.main(ForkedBooter.java:418)
2019-08-23 17:14:44,623 [main] WARN  io.KeyOutputStream (KeyOutputStream.java:handleException(276)) - Encountered exception java.io.IOException: Unexpected Storage Container Exception: java.io.IOException: Unexpected Storage Container Exception: java.util.concurrent.TimeoutException on the pipeline Pipeline[ Id: 8ecee029-8d12-43a9-8959-4ae01a1e531d, Nodes: 03c422ce-7517-4458-ba1e-7259997ff644{ip: 192.168.34.23, host: pr-hdds-1982-decom-states-s47vm-2072066488, networkLocation: /default-rack, certSerialId: null}007a4926-093a-4d3a-9d9e-3c5f17d50581{ip: 192.168.34.23, host: pr-hdds-1982-decom-states-s47vm-2072066488, networkLocation: /default-rack, certSerialId: null}23fa496f-0b24-4481-8ded-b6c2e0b9cb99{ip: 192.168.34.23, host: pr-hdds-1982-decom-states-s47vm-2072066488, networkLocation: /default-rack, certSerialId: null}, Type:RATIS, Factor:THREE, State:OPEN]. The last committed block length is 450, uncommitted data length is 350 retry count 0
2019-08-23 17:14:44,652 | INFO  | SCMAudit | user=jenkins1000 | ip=192.168.34.23 | op=ALLOCATE_BLOCK {owner=9bc91683-3c15-4a9f-9571-00112d1bb9ef, size=800, type=RATIS, factor=THREE} | ret=SUCCESS |  
2019-08-23 17:14:44,654 | INFO  | OMAudit | user=jenkins1000 | ip=127.0.0.1 | op=ALLOCATE_BLOCK {volume=testblockoutputstream, bucket=testblockoutputstream, key=545551df-744f-43fe-a779-a8829c7b10ac, dataSize=0, replicationType=null, replicationFactor=null, keyLocationInfo=null, clientID=102667417818300429} | ret=SUCCESS |  
2019-08-23 17:14:44,725 | INFO  | SCMAudit | user=jenkins1000 | ip=192.168.34.23 | op=SEND_HEARTBEAT {datanodeUUID=eb580450-fe81-484d-8f0c-907a5b435dbc, command=[]} | ret=SUCCESS |  
2019-08-23 17:14:44,835 | INFO  | DNAudit | user=null | ip=null | op=WRITE_CHUNK {blockData=conID: 2 locID: 102667418642153487 bcsId: 0} | ret=SUCCESS |  
2019-08-23 17:14:44,835 | INFO  | DNAudit | user=null | ip=null | op=WRITE_CHUNK {blockData=conID: 2 locID: 102667418642153487 bcsId: 0} | ret=SUCCESS |  
2019-08-23 17:14:44,835 | INFO  | DNAudit | user=null | ip=null | op=WRITE_CHUNK {blockData=conID: 2 locID: 102667418642153487 bcsId: 0} | ret=SUCCESS |  
2019-08-23 17:14:44,835 | INFO  | SCMAudit | user=jenkins1000 | ip=192.168.34.23 | op=SEND_HEARTBEAT {datanodeUUID=c15a8acb-9ee6-4d33-b032-95e74a5e0f7e, command=[]} | ret=SUCCESS |  
2019-08-23 17:14:44,835 | INFO  | SCMAudit | user=jenkins1000 | ip=192.168.34.23 | op=SEND_HEARTBEAT {datanodeUUID=99cffe41-d7bb-421f-ad37-c26af1490bc7, command=[]} | ret=SUCCESS |  
2019-08-23 17:14:44,836 | INFO  | SCMAudit | user=jenkins1000 | ip=192.168.34.23 | op=SEND_HEARTBEAT {datanodeUUID=eb580450-fe81-484d-8f0c-907a5b435dbc, command=[]} | ret=SUCCESS |  
2019-08-23 17:14:44,850 | INFO  | DNAudit | user=null | ip=null | op=WRITE_CHUNK {blockData=conID: 2 locID: 102667418642153487 bcsId: 0} | ret=SUCCESS |  
2019-08-23 17:14:44,855 [grpc-default-executor-6] INFO  client.GrpcClientProtocolClient (GrpcClientProtocolClient.java:onNext(255)) - client-1EB9FAD0E165->c15a8acb-9ee6-4d33-b032-95e74a5e0f7e: receive RaftClientReply:client-1EB9FAD0E165->c15a8acb-9ee6-4d33-b032-95e74a5e0f7e@group-9F015F3B30AE, cid=192, SUCCESS, logIndex=1, commits[c15a8acb-9ee6-4d33-b032-95e74a5e0f7e:c1, 99cffe41-d7bb-421f-ad37-c26af1490bc7:c0, eb580450-fe81-484d-8f0c-907a5b435dbc:c0]
2019-08-23 17:14:44,864 | INFO  | DNAudit | user=null | ip=null | op=WRITE_CHUNK {blockData=conID: 2 locID: 102667418642153487 bcsId: 0} | ret=SUCCESS |  
2019-08-23 17:14:44,865 | INFO  | DNAudit | user=null | ip=null | op=WRITE_CHUNK {blockData=conID: 2 locID: 102667418642153487 bcsId: 0} | ret=SUCCESS |  
2019-08-23 17:14:44,865 | INFO  | DNAudit | user=null | ip=null | op=WRITE_CHUNK {blockData=conID: 2 locID: 102667418642153487 bcsId: 0} | ret=SUCCESS |  
2019-08-23 17:14:44,865 | INFO  | DNAudit | user=null | ip=null | op=WRITE_CHUNK {blockData=conID: 2 locID: 102667418642153487 bcsId: 0} | ret=SUCCESS |  
2019-08-23 17:14:44,866 | INFO  | DNAudit | user=null | ip=null | op=WRITE_CHUNK {blockData=conID: 2 locID: 102667418642153487 bcsId: 0} | ret=SUCCESS |  
2019-08-23 17:14:44,866 | INFO  | DNAudit | user=null | ip=null | op=WRITE_CHUNK {blockData=conID: 2 locID: 102667418642153487 bcsId: 0} | ret=SUCCESS |  
2019-08-23 17:14:44,867 | INFO  | DNAudit | user=null | ip=null | op=WRITE_CHUNK {blockData=conID: 2 locID: 102667418642153487 bcsId: 0} | ret=SUCCESS |  
2019-08-23 17:14:44,868 | INFO  | DNAudit | user=null | ip=null | op=WRITE_CHUNK {blockData=conID: 2 locID: 102667418642153487 bcsId: 0} | ret=SUCCESS |  
2019-08-23 17:14:44,868 | INFO  | DNAudit | user=null | ip=null | op=WRITE_CHUNK {blockData=conID: 2 locID: 102667418642153487 bcsId: 0} | ret=SUCCESS |  
2019-08-23 17:14:44,876 | INFO  | DNAudit | user=null | ip=null | op=WRITE_CHUNK {blockData=conID: 2 locID: 102667418642153487 bcsId: 0} | ret=SUCCESS |  
2019-08-23 17:14:44,876 | INFO  | DNAudit | user=null | ip=null | op=WRITE_CHUNK {blockData=conID: 2 locID: 102667418642153487 bcsId: 0} | ret=SUCCESS |  
2019-08-23 17:14:44,878 | INFO  | DNAudit | user=null | ip=null | op=WRITE_CHUNK {blockData=conID: 2 locID: 102667418642153487 bcsId: 0} | ret=SUCCESS |  
2019-08-23 17:14:44,882 [grpc-default-executor-6] INFO  client.GrpcClientProtocolClient (GrpcClientProtocolClient.java:onNext(255)) - client-1EB9FAD0E165->c15a8acb-9ee6-4d33-b032-95e74a5e0f7e: receive RaftClientReply:client-1EB9FAD0E165->c15a8acb-9ee6-4d33-b032-95e74a5e0f7e@group-9F015F3B30AE, cid=193, SUCCESS, logIndex=3, commits[c15a8acb-9ee6-4d33-b032-95e74a5e0f7e:c6, 99cffe41-d7bb-421f-ad37-c26af1490bc7:c1, eb580450-fe81-484d-8f0c-907a5b435dbc:c1]
2019-08-23 17:14:44,891 | INFO  | DNAudit | user=null | ip=null | op=WRITE_CHUNK {blockData=conID: 2 locID: 102667418642153487 bcsId: 0} | ret=SUCCESS |  
2019-08-23 17:14:44,892 | INFO  | DNAudit | user=null | ip=null | op=WRITE_CHUNK {blockData=conID: 2 locID: 102667418642153487 bcsId: 0} | ret=SUCCESS |  
2019-08-23 17:14:44,922 | INFO  | DNAudit | user=null | ip=null | op=PUT_BLOCK {blockData=[blockId=conID: 2 locID: 102667418642153487 bcsId: 0,size=200]} | ret=SUCCESS |  
2019-08-23 17:14:44,922 | INFO  | DNAudit | user=null | ip=null | op=WRITE_CHUNK {blockData=conID: 2 locID: 102667418642153487 bcsId: 0} | ret=SUCCESS |  
2019-08-23 17:14:44,923 | INFO  | DNAudit | user=null | ip=null | op=WRITE_CHUNK {blockData=conID: 2 locID: 102667418642153487 bcsId: 0} | ret=SUCCESS |  
2019-08-23 17:14:44,923 [grpc-default-executor-6] INFO  client.GrpcClientProtocolClient (GrpcClientProtocolClient.java:onNext(255)) - client-1EB9FAD0E165->c15a8acb-9ee6-4d33-b032-95e74a5e0f7e: receive RaftClientReply:client-1EB9FAD0E165->c15a8acb-9ee6-4d33-b032-95e74a5e0f7e@group-9F015F3B30AE, cid=194, SUCCESS, logIndex=4, commits[c15a8acb-9ee6-4d33-b032-95e74a5e0f7e:c10, 99cffe41-d7bb-421f-ad37-c26af1490bc7:c7, eb580450-fe81-484d-8f0c-907a5b435dbc:c7]
2019-08-23 17:14:44,923 [grpc-default-executor-6] INFO  client.GrpcClientProtocolClient (GrpcClientProtocolClient.java:onNext(255)) - client-1EB9FAD0E165->c15a8acb-9ee6-4d33-b032-95e74a5e0f7e: receive RaftClientReply:client-1EB9FAD0E165->c15a8acb-9ee6-4d33-b032-95e74a5e0f7e@group-9F015F3B30AE, cid=195, SUCCESS, logIndex=5, commits[c15a8acb-9ee6-4d33-b032-95e74a5e0f7e:c10, 99cffe41-d7bb-421f-ad37-c26af1490bc7:c7, eb580450-fe81-484d-8f0c-907a5b435dbc:c7]
2019-08-23 17:14:44,924 [grpc-default-executor-6] INFO  client.GrpcClientProtocolClient (GrpcClientProtocolClient.java:onNext(255)) - client-1EB9FAD0E165->c15a8acb-9ee6-4d33-b032-95e74a5e0f7e: receive RaftClientReply:client-1EB9FAD0E165->c15a8acb-9ee6-4d33-b032-95e74a5e0f7e@group-9F015F3B30AE, cid=196, SUCCESS, logIndex=6, commits[c15a8acb-9ee6-4d33-b032-95e74a5e0f7e:c10, 99cffe41-d7bb-421f-ad37-c26af1490bc7:c7, eb580450-fe81-484d-8f0c-907a5b435dbc:c7]
2019-08-23 17:14:44,973 | INFO  | DNAudit | user=null | ip=null | op=PUT_BLOCK {blockData=[blockId=conID: 2 locID: 102667418642153487 bcsId: 0,size=200]} | ret=SUCCESS |  
2019-08-23 17:14:44,974 | INFO  | DNAudit | user=null | ip=null | op=WRITE_CHUNK {blockData=conID: 2 locID: 102667418642153487 bcsId: 0} | ret=SUCCESS |  
2019-08-23 17:14:44,974 | INFO  | DNAudit | user=null | ip=null | op=WRITE_CHUNK {blockData=conID: 2 locID: 102667418642153487 bcsId: 0} | ret=SUCCESS |  
2019-08-23 17:14:45,016 | INFO  | DNAudit | user=null | ip=null | op=PUT_BLOCK {blockData=[blockId=conID: 2 locID: 102667418642153487 bcsId: 0,size=400]} | ret=SUCCESS |  
2019-08-23 17:14:45,016 | INFO  | DNAudit | user=null | ip=null | op=PUT_BLOCK {blockData=[blockId=conID: 2 locID: 102667418642153487 bcsId: 0,size=200]} | ret=SUCCESS |  
2019-08-23 17:14:45,016 | INFO  | DNAudit | user=null | ip=null | op=PUT_BLOCK {blockData=[blockId=conID: 2 locID: 102667418642153487 bcsId: 0,size=400]} | ret=SUCCESS |  
2019-08-23 17:14:45,017 | INFO  | DNAudit | user=null | ip=null | op=WRITE_CHUNK {blockData=conID: 2 locID: 102667418642153487 bcsId: 0} | ret=SUCCESS |  
2019-08-23 17:14:45,017 | INFO  | DNAudit | user=null | ip=null | op=WRITE_CHUNK {blockData=conID: 2 locID: 102667418642153487 bcsId: 0} | ret=SUCCESS |  
2019-08-23 17:14:45,018 | INFO  | DNAudit | user=null | ip=null | op=PUT_BLOCK {blockData=[blockId=conID: 2 locID: 102667418642153487 bcsId: 0,size=400]} | ret=SUCCESS |  
2019-08-23 17:14:45,018 [grpc-default-executor-6] INFO  client.GrpcClientProtocolClient (GrpcClientProtocolClient.java:onNext(255)) - client-1EB9FAD0E165->c15a8acb-9ee6-4d33-b032-95e74a5e0f7e: receive RaftClientReply:client-1EB9FAD0E165->c15a8acb-9ee6-4d33-b032-95e74a5e0f7e@group-9F015F3B30AE, cid=197, SUCCESS, logIndex=7, commits[c15a8acb-9ee6-4d33-b032-95e74a5e0f7e:c10, 99cffe41-d7bb-421f-ad37-c26af1490bc7:c7, eb580450-fe81-484d-8f0c-907a5b435dbc:c7]
2019-08-23 17:14:45,021 | INFO  | DNAudit | user=null | ip=null | op=WRITE_CHUNK {blockData=conID: 2 locID: 102667418642153487 bcsId: 7} | ret=SUCCESS |  
2019-08-23 17:14:45,023 | INFO  | DNAudit | user=null | ip=null | op=WRITE_CHUNK {blockData=conID: 2 locID: 102667418642153487 bcsId: 7} | ret=SUCCESS |  
2019-08-23 17:14:45,024 | INFO  | DNAudit | user=null | ip=null | op=WRITE_CHUNK {blockData=conID: 2 locID: 102667418642153487 bcsId: 7} | ret=SUCCESS |  
2019-08-23 17:14:45,029 | INFO  | DNAudit | user=null | ip=null | op=WRITE_CHUNK {blockData=conID: 2 locID: 102667418642153487 bcsId: 7} | ret=SUCCESS |  
2019-08-23 17:14:45,030 | INFO  | DNAudit | user=null | ip=null | op=PUT_BLOCK {blockData=[blockId=conID: 2 locID: 102667418642153487 bcsId: 0,size=450]} | ret=SUCCESS |  
2019-08-23 17:14:45,031 [grpc-default-executor-8] INFO  client.GrpcClientProtocolClient (GrpcClientProtocolClient.java:onNext(255)) - client-1EB9FAD0E165->c15a8acb-9ee6-4d33-b032-95e74a5e0f7e: receive RaftClientReply:client-1EB9FAD0E165->c15a8acb-9ee6-4d33-b032-95e74a5e0f7e@group-9F015F3B30AE, cid=198, SUCCESS, logIndex=11, commits[c15a8acb-9ee6-4d33-b032-95e74a5e0f7e:c11, 99cffe41-d7bb-421f-ad37-c26af1490bc7:c10, eb580450-fe81-484d-8f0c-907a5b435dbc:c10]
2019-08-23 17:14:45,031 [grpc-default-executor-8] INFO  client.GrpcClientProtocolClient (GrpcClientProtocolClient.java:onNext(255)) - client-1EB9FAD0E165->c15a8acb-9ee6-4d33-b032-95e74a5e0f7e: receive RaftClientReply:client-1EB9FAD0E165->c15a8acb-9ee6-4d33-b032-95e74a5e0f7e@group-9F015F3B30AE, cid=199, SUCCESS, logIndex=12, commits[c15a8acb-9ee6-4d33-b032-95e74a5e0f7e:c12, 99cffe41-d7bb-421f-ad37-c26af1490bc7:c10, eb580450-fe81-484d-8f0c-907a5b435dbc:c10]
2019-08-23 17:14:45,041 | INFO  | DNAudit | user=null | ip=null | op=WRITE_CHUNK {blockData=conID: 2 locID: 102667418642153487 bcsId: 7} | ret=SUCCESS |  
2019-08-23 17:14:45,041 | INFO  | DNAudit | user=null | ip=null | op=WRITE_CHUNK {blockData=conID: 2 locID: 102667418642153487 bcsId: 7} | ret=SUCCESS |  
2019-08-23 17:14:45,046 | INFO  | DNAudit | user=null | ip=null | op=PUT_BLOCK {blockData=[blockId=conID: 2 locID: 102667418642153487 bcsId: 0,size=450]} | ret=SUCCESS |  
2019-08-23 17:14:45,047 | INFO  | DNAudit | user=null | ip=null | op=PUT_BLOCK {blockData=[blockId=conID: 2 locID: 102667418642153487 bcsId: 0,size=450]} | ret=SUCCESS |  
2019-08-23 17:14:45,049 [grpc-default-executor-6] INFO  client.GrpcClientProtocolClient (GrpcClientProtocolClient.java:onNext(255)) - client-1EB9FAD0E165->c15a8acb-9ee6-4d33-b032-95e74a5e0f7e: receive RaftClientReply:client-1EB9FAD0E165->c15a8acb-9ee6-4d33-b032-95e74a5e0f7e@group-9F015F3B30AE, cid=200, SUCCESS, logIndex=0, commits[c15a8acb-9ee6-4d33-b032-95e74a5e0f7e:c13, 99cffe41-d7bb-421f-ad37-c26af1490bc7:c12, eb580450-fe81-484d-8f0c-907a5b435dbc:c12]
2019-08-23 17:14:45,050 [main] INFO  ozone.MiniOzoneClusterImpl (MiniOzoneClusterImpl.java:shutdown(321)) - Shutting down the Mini Ozone Cluster
2019-08-23 17:14:45,050 | INFO  | SCMAudit | user=null | ip=null | op=GET_SCM_INFO null | ret=SUCCESS |  
2019-08-23 17:14:45,050 [main] INFO  ozone.MiniOzoneClusterImpl (MiniOzoneClusterImpl.java:stop(336)) - Stopping the Mini Ozone Cluster
2019-08-23 17:14:45,051 [main] INFO  ozone.MiniOzoneClusterImpl (MiniOzoneClusterImpl.java:stop(338)) - Stopping the OzoneManager
2019-08-23 17:14:45,051 [main] INFO  ipc.Server (Server.java:stop(3082)) - Stopping server on 40863
2019-08-23 17:14:45,063 [main] INFO  ratis.OzoneManagerDoubleBuffer (OzoneManagerDoubleBuffer.java:stop(248)) - Stopping OMDoubleBuffer flush thread
2019-08-23 17:14:45,065 [IPC Server Responder] INFO  ipc.Server (Server.java:run(1319)) - Stopping IPC Server Responder
2019-08-23 17:14:45,063 [IPC Server listener on 40863] INFO  ipc.Server (Server.java:run(1185)) - Stopping IPC Server listener on 40863
2019-08-23 17:14:45,073 [OMDoubleBufferFlushThread] INFO  ratis.OzoneManagerDoubleBuffer (OzoneManagerDoubleBuffer.java:flushTransactions(191)) - OMDoubleBuffer flush thread OMDoubleBufferFlushThread is interrupted and will exit. OMDoubleBufferFlushThread
2019-08-23 17:14:45,080 | INFO  | SCMAudit | user=jenkins1000 | ip=192.168.34.23 | op=SEND_HEARTBEAT {datanodeUUID=fe3b8c04-bb20-41f7-95be-d76e619600de, command=[]} | ret=SUCCESS |  
2019-08-23 17:14:45,080 [main] INFO  utils.BackgroundService (BackgroundService.java:shutdown(148)) - Shutting down service KeyDeletingService
2019-08-23 17:14:45,081 [main] INFO  handler.ContextHandler (ContextHandler.java:doStop(910)) - Stopped o.e.j.w.WebAppContext@64455184{/,null,UNAVAILABLE}{/ozoneManager}
2019-08-23 17:14:45,082 [main] INFO  server.AbstractConnector (AbstractConnector.java:doStop(318)) - Stopped ServerConnector@6f749a1f{HTTP/1.1,[http/1.1]}{0.0.0.0:0}
2019-08-23 17:14:45,082 [main] INFO  handler.ContextHandler (ContextHandler.java:doStop(910)) - Stopped o.e.j.s.ServletContextHandler@18206382{/static,file:///workdir/hadoop-ozone/integration-test/target/test-classes/webapps/static,UNAVAILABLE}
2019-08-23 17:14:45,082 [main] INFO  handler.ContextHandler (ContextHandler.java:doStop(910)) - Stopped o.e.j.s.ServletContextHandler@25c756f0{/logs,file:///workdir/hadoop-ozone/integration-test/target/log,UNAVAILABLE}
2019-08-23 17:14:45,085 [main] INFO  ozone.MiniOzoneClusterImpl (MiniOzoneClusterImpl.java:stop(344)) - Shutting the HddsDatanodes
2019-08-23 17:14:45,085 [main] INFO  datanode.ObjectStoreHandler (ObjectStoreHandler.java:close(155)) - Closing ObjectStoreHandler.
2019-08-23 17:14:45,085 [ForkJoinPool.commonPool-worker-0] INFO  datanode.ObjectStoreHandler (ObjectStoreHandler.java:close(155)) - Closing ObjectStoreHandler.
2019-08-23 17:14:45,086 [main] INFO  ozone.HddsDatanodeService (HddsDatanodeService.java:stop(451)) - Stopped plug-in org.apache.hadoop.ozone.web.OzoneHddsDatanodeService@670481b2
2019-08-23 17:14:45,086 [ForkJoinPool.commonPool-worker-0] INFO  ozone.HddsDatanodeService (HddsDatanodeService.java:stop(451)) - Stopped plug-in org.apache.hadoop.ozone.web.OzoneHddsDatanodeService@5292d417
2019-08-23 17:14:45,114 | INFO  | DNAudit | user=null | ip=null | op=PUT_BLOCK {blockData=[blockId=conID: 1 locID: 102667417819611150 bcsId: 0,size=800]} | ret=SUCCESS |  
2019-08-23 17:14:45,115 [grpc-default-executor-8] WARN  server.GrpcLogAppender (LogUtils.java:warn(134)) - 23fa496f-0b24-4481-8ded-b6c2e0b9cb99->03c422ce-7517-4458-ba1e-7259997ff644: Failed appendEntries: org.apache.ratis.thirdparty.io.grpc.StatusRuntimeException: UNAVAILABLE: io exception
2019-08-23 17:14:45,115 [grpc-default-executor-9] INFO  client.GrpcClientProtocolClient (GrpcClientProtocolClient.java:onNext(255)) - client-5B2245BFD681->23fa496f-0b24-4481-8ded-b6c2e0b9cb99: receive RaftClientReply:client-5B2245BFD681->23fa496f-0b24-4481-8ded-b6c2e0b9cb99@group-4AE01A1E531D, cid=191, SUCCESS, logIndex=0, commits[23fa496f-0b24-4481-8ded-b6c2e0b9cb99:c25, 007a4926-093a-4d3a-9d9e-3c5f17d50581:c25, 03c422ce-7517-4458-ba1e-7259997ff644:c16]
2019-08-23 17:14:45,116 [grpc-default-executor-8] INFO  impl.FollowerInfo (FollowerInfo.java:lambda$new$0(50)) - 23fa496f-0b24-4481-8ded-b6c2e0b9cb99->03c422ce-7517-4458-ba1e-7259997ff644: nextIndex: updateUnconditionally 16 -> 15
2019-08-23 17:14:45,295 | INFO  | SCMAudit | user=jenkins1000 | ip=192.168.34.23 | op=SEND_HEARTBEAT {datanodeUUID=23fa496f-0b24-4481-8ded-b6c2e0b9cb99, command=[]} | ret=SUCCESS |  
2019-08-23 17:14:45,313 [Datanode State Machine Thread - 0] INFO  statemachine.DatanodeStateMachine (DatanodeStateMachine.java:lambda$startDaemon$0(350)) - Ozone container server started.
2019-08-23 17:14:45,320 | INFO  | SCMAudit | user=jenkins1000 | ip=192.168.34.23 | op=SEND_HEARTBEAT {datanodeUUID=23fa496f-0b24-4481-8ded-b6c2e0b9cb99, command=[]} | ret=SUCCESS |  
2019-08-23 17:14:45,323 [grpc-default-executor-9] WARN  server.GrpcLogAppender (LogUtils.java:warn(134)) - 23fa496f-0b24-4481-8ded-b6c2e0b9cb99->03c422ce-7517-4458-ba1e-7259997ff644: Failed appendEntries: org.apache.ratis.thirdparty.io.grpc.StatusRuntimeException: UNAVAILABLE: io exception
2019-08-23 17:14:45,324 [grpc-default-executor-9] INFO  impl.FollowerInfo (FollowerInfo.java:lambda$new$0(50)) - 23fa496f-0b24-4481-8ded-b6c2e0b9cb99->03c422ce-7517-4458-ba1e-7259997ff644: nextIndex: updateUnconditionally 16 -> 15
2019-08-23 17:14:45,335 [grpc-default-executor-8] WARN  server.GrpcLogAppender (LogUtils.java:warn(134)) - 23fa496f-0b24-4481-8ded-b6c2e0b9cb99->03c422ce-7517-4458-ba1e-7259997ff644: Failed appendEntries: org.apache.ratis.thirdparty.io.grpc.StatusRuntimeException: UNAVAILABLE: io exception
2019-08-23 17:14:45,335 [grpc-default-executor-8] INFO  impl.FollowerInfo (FollowerInfo.java:lambda$new$0(50)) - 23fa496f-0b24-4481-8ded-b6c2e0b9cb99->03c422ce-7517-4458-ba1e-7259997ff644: nextIndex: updateUnconditionally 16 -> 15
2019-08-23 17:14:45,350 [grpc-default-executor-6] WARN  server.GrpcLogAppender (LogUtils.java:warn(134)) - 23fa496f-0b24-4481-8ded-b6c2e0b9cb99->03c422ce-7517-4458-ba1e-7259997ff644: Failed appendEntries: org.apache.ratis.thirdparty.io.grpc.StatusRuntimeException: UNAVAILABLE: io exception
2019-08-23 17:14:45,350 [grpc-default-executor-6] INFO  impl.FollowerInfo (FollowerInfo.java:lambda$new$0(50)) - 23fa496f-0b24-4481-8ded-b6c2e0b9cb99->03c422ce-7517-4458-ba1e-7259997ff644: nextIndex: updateUnconditionally 16 -> 15
2019-08-23 17:14:45,391 [RatisApplyTransactionExecutor 1] INFO  interfaces.Container (KeyValueContainer.java:compactDB(356)) - Container 1 is closed with bcsId 22.
2019-08-23 17:14:45,391 | INFO  | DNAudit | user=null | ip=null | op=CLOSE_CONTAINER {containerID=1} | ret=SUCCESS |  
2019-08-23 17:14:45,392 | INFO  | SCMAudit | user=jenkins1000 | ip=192.168.34.23 | op=SEND_HEARTBEAT {datanodeUUID=23fa496f-0b24-4481-8ded-b6c2e0b9cb99, command=[]} | ret=SUCCESS |  
2019-08-23 17:14:45,392 [EventQueue-IncrementalContainerReportForIncrementalContainerReportHandler] INFO  container.IncrementalContainerReportHandler (AbstractContainerReportHandler.java:updateContainerState(176)) - Moving container #1 to CLOSED state, datanode 23fa496f-0b24-4481-8ded-b6c2e0b9cb99{ip: 192.168.34.23, host: pr-hdds-1982-decom-states-s47vm-2072066488, networkLocation: /default-rack, certSerialId: null} reported CLOSED replica.
2019-08-23 17:14:45,404 [RatisApplyTransactionExecutor 1] INFO  interfaces.Container (KeyValueContainer.java:compactDB(356)) - Container 1 is closed with bcsId 22.
2019-08-23 17:14:45,404 | INFO  | DNAudit | user=null | ip=null | op=CLOSE_CONTAINER {containerID=1} | ret=SUCCESS |  
2019-08-23 17:14:45,835 [Datanode State Machine Thread - 0] INFO  statemachine.DatanodeStateMachine (DatanodeStateMachine.java:lambda$startDaemon$0(350)) - Ozone container server started.
2019-08-23 17:14:45,836 | INFO  | SCMAudit | user=jenkins1000 | ip=192.168.34.23 | op=SEND_HEARTBEAT {datanodeUUID=99cffe41-d7bb-421f-ad37-c26af1490bc7, command=[]} | ret=SUCCESS |  
2019-08-23 17:14:45,836 | INFO  | SCMAudit | user=jenkins1000 | ip=192.168.34.23 | op=SEND_HEARTBEAT {datanodeUUID=c15a8acb-9ee6-4d33-b032-95e74a5e0f7e, command=[]} | ret=SUCCESS |  
2019-08-23 17:14:46,065 | INFO  | SCMAudit | user=jenkins1000 | ip=192.168.34.23 | op=SEND_HEARTBEAT {datanodeUUID=fe3b8c04-bb20-41f7-95be-d76e619600de, command=[]} | ret=SUCCESS |  
2019-08-23 17:14:46,392 | INFO  | SCMAudit | user=jenkins1000 | ip=192.168.34.23 | op=SEND_HEARTBEAT {datanodeUUID=23fa496f-0b24-4481-8ded-b6c2e0b9cb99, command=[]} | ret=SUCCESS |  
2019-08-23 17:14:46,836 | INFO  | SCMAudit | user=jenkins1000 | ip=192.168.34.23 | op=SEND_HEARTBEAT {datanodeUUID=c15a8acb-9ee6-4d33-b032-95e74a5e0f7e, command=[]} | ret=SUCCESS |  
2019-08-23 17:14:46,836 | INFO  | SCMAudit | user=jenkins1000 | ip=192.168.34.23 | op=SEND_HEARTBEAT {datanodeUUID=99cffe41-d7bb-421f-ad37-c26af1490bc7, command=[]} | ret=SUCCESS |  
2019-08-23 17:14:47,065 | INFO  | SCMAudit | user=jenkins1000 | ip=192.168.34.23 | op=SEND_HEARTBEAT {datanodeUUID=fe3b8c04-bb20-41f7-95be-d76e619600de, command=[]} | ret=SUCCESS |  
2019-08-23 17:14:47,393 | INFO  | SCMAudit | user=jenkins1000 | ip=192.168.34.23 | op=SEND_HEARTBEAT {datanodeUUID=23fa496f-0b24-4481-8ded-b6c2e0b9cb99, command=[]} | ret=SUCCESS |  
2019-08-23 17:14:47,836 | INFO  | SCMAudit | user=jenkins1000 | ip=192.168.34.23 | op=SEND_HEARTBEAT {datanodeUUID=c15a8acb-9ee6-4d33-b032-95e74a5e0f7e, command=[]} | ret=SUCCESS |  
2019-08-23 17:14:47,836 | INFO  | SCMAudit | user=jenkins1000 | ip=192.168.34.23 | op=SEND_HEARTBEAT {datanodeUUID=99cffe41-d7bb-421f-ad37-c26af1490bc7, command=[]} | ret=SUCCESS |  
2019-08-23 17:14:47,851 [grpc-default-executor-6] WARN  server.GrpcLogAppender (LogUtils.java:warn(134)) - 23fa496f-0b24-4481-8ded-b6c2e0b9cb99->03c422ce-7517-4458-ba1e-7259997ff644: Failed appendEntries: org.apache.ratis.thirdparty.io.grpc.StatusRuntimeException: UNAVAILABLE: io exception
2019-08-23 17:14:47,851 [grpc-default-executor-6] INFO  impl.FollowerInfo (FollowerInfo.java:lambda$new$0(50)) - 23fa496f-0b24-4481-8ded-b6c2e0b9cb99->03c422ce-7517-4458-ba1e-7259997ff644: nextIndex: updateUnconditionally 15 -> 14
2019-08-23 17:14:48,066 | INFO  | SCMAudit | user=jenkins1000 | ip=192.168.34.23 | op=SEND_HEARTBEAT {datanodeUUID=fe3b8c04-bb20-41f7-95be-d76e619600de, command=[]} | ret=SUCCESS |  
2019-08-23 17:14:48,393 | INFO  | SCMAudit | user=jenkins1000 | ip=192.168.34.23 | op=SEND_HEARTBEAT {datanodeUUID=23fa496f-0b24-4481-8ded-b6c2e0b9cb99, command=[]} | ret=SUCCESS |  
2019-08-23 17:14:48,836 | INFO  | SCMAudit | user=jenkins1000 | ip=192.168.34.23 | op=SEND_HEARTBEAT {datanodeUUID=99cffe41-d7bb-421f-ad37-c26af1490bc7, command=[]} | ret=SUCCESS |  
2019-08-23 17:14:48,836 | INFO  | SCMAudit | user=jenkins1000 | ip=192.168.34.23 | op=SEND_HEARTBEAT {datanodeUUID=c15a8acb-9ee6-4d33-b032-95e74a5e0f7e, command=[]} | ret=SUCCESS |  
2019-08-23 17:14:49,066 | INFO  | SCMAudit | user=jenkins1000 | ip=192.168.34.23 | op=SEND_HEARTBEAT {datanodeUUID=fe3b8c04-bb20-41f7-95be-d76e619600de, command=[]} | ret=SUCCESS |  
2019-08-23 17:14:49,364 [EventQueue-StaleNodeForStaleNodeHandler] INFO  node.StaleNodeHandler (StaleNodeHandler.java:onMessage(58)) - Datanode 007a4926-093a-4d3a-9d9e-3c5f17d50581{ip: 192.168.34.23, host: pr-hdds-1982-decom-states-s47vm-2072066488, networkLocation: /default-rack, certSerialId: null} moved to stale state. Finalizing its pipelines [PipelineID=8ecee029-8d12-43a9-8959-4ae01a1e531d, PipelineID=43ed4580-1312-44c6-8d93-ec25c1c13b20]
2019-08-23 17:14:49,365 [EventQueue-StaleNodeForStaleNodeHandler] INFO  pipeline.SCMPipelineManager (SCMPipelineManager.java:finalizeAndDestroyPipeline(309)) - destroying pipeline:Pipeline[ Id: 8ecee029-8d12-43a9-8959-4ae01a1e531d, Nodes: 03c422ce-7517-4458-ba1e-7259997ff644{ip: 192.168.34.23, host: pr-hdds-1982-decom-states-s47vm-2072066488, networkLocation: /default-rack, certSerialId: null}007a4926-093a-4d3a-9d9e-3c5f17d50581{ip: 192.168.34.23, host: pr-hdds-1982-decom-states-s47vm-2072066488, networkLocation: /default-rack, certSerialId: null}23fa496f-0b24-4481-8ded-b6c2e0b9cb99{ip: 192.168.34.23, host: pr-hdds-1982-decom-states-s47vm-2072066488, networkLocation: /default-rack, certSerialId: null}, Type:RATIS, Factor:THREE, State:CLOSED]
2019-08-23 17:14:49,365 [EventQueue-StaleNodeForStaleNodeHandler] INFO  pipeline.SCMPipelineManager (SCMPipelineManager.java:finalizeAndDestroyPipeline(309)) - destroying pipeline:Pipeline[ Id: 43ed4580-1312-44c6-8d93-ec25c1c13b20, Nodes: 007a4926-093a-4d3a-9d9e-3c5f17d50581{ip: 192.168.34.23, host: pr-hdds-1982-decom-states-s47vm-2072066488, networkLocation: /default-rack, certSerialId: null}, Type:RATIS, Factor:ONE, State:OPEN]
2019-08-23 17:14:49,365 [EventQueue-StaleNodeForStaleNodeHandler] INFO  pipeline.PipelineStateManager (PipelineStateManager.java:finalizePipeline(123)) - Pipeline Pipeline[ Id: 43ed4580-1312-44c6-8d93-ec25c1c13b20, Nodes: 007a4926-093a-4d3a-9d9e-3c5f17d50581{ip: 192.168.34.23, host: pr-hdds-1982-decom-states-s47vm-2072066488, networkLocation: /default-rack, certSerialId: null}, Type:RATIS, Factor:ONE, State:CLOSED] moved to CLOSED state
2019-08-23 17:14:49,393 | INFO  | SCMAudit | user=jenkins1000 | ip=192.168.34.23 | op=SEND_HEARTBEAT {datanodeUUID=23fa496f-0b24-4481-8ded-b6c2e0b9cb99, command=[]} | ret=SUCCESS |  
2019-08-23 17:14:49,837 | INFO  | SCMAudit | user=jenkins1000 | ip=192.168.34.23 | op=SEND_HEARTBEAT {datanodeUUID=99cffe41-d7bb-421f-ad37-c26af1490bc7, command=[]} | ret=SUCCESS |  
2019-08-23 17:14:49,837 | INFO  | SCMAudit | user=jenkins1000 | ip=192.168.34.23 | op=SEND_HEARTBEAT {datanodeUUID=c15a8acb-9ee6-4d33-b032-95e74a5e0f7e, command=[]} | ret=SUCCESS |  
2019-08-23 17:14:49,865 [EventQueue-StaleNodeForStaleNodeHandler] INFO  node.StaleNodeHandler (StaleNodeHandler.java:onMessage(58)) - Datanode eb580450-fe81-484d-8f0c-907a5b435dbc{ip: 192.168.34.23, host: pr-hdds-1982-decom-states-s47vm-2072066488, networkLocation: /default-rack, certSerialId: null} moved to stale state. Finalizing its pipelines [PipelineID=3896a8e4-9cb4-41d3-a644-9f015f3b30ae, PipelineID=e5f11a50-c934-4ffb-bbb1-fe19b0d03430]
2019-08-23 17:14:49,865 [EventQueue-StaleNodeForStaleNodeHandler] INFO  pipeline.SCMPipelineManager (SCMPipelineManager.java:finalizeAndDestroyPipeline(309)) - destroying pipeline:Pipeline[ Id: 3896a8e4-9cb4-41d3-a644-9f015f3b30ae, Nodes: c15a8acb-9ee6-4d33-b032-95e74a5e0f7e{ip: 192.168.34.23, host: pr-hdds-1982-decom-states-s47vm-2072066488, networkLocation: /default-rack, certSerialId: null}99cffe41-d7bb-421f-ad37-c26af1490bc7{ip: 192.168.34.23, host: pr-hdds-1982-decom-states-s47vm-2072066488, networkLocation: /default-rack, certSerialId: null}eb580450-fe81-484d-8f0c-907a5b435dbc{ip: 192.168.34.23, host: pr-hdds-1982-decom-states-s47vm-2072066488, networkLocation: /default-rack, certSerialId: null}, Type:RATIS, Factor:THREE, State:OPEN]
2019-08-23 17:14:49,866 [EventQueue-StaleNodeForStaleNodeHandler] INFO  pipeline.PipelineStateManager (PipelineStateManager.java:finalizePipeline(123)) - Pipeline Pipeline[ Id: 3896a8e4-9cb4-41d3-a644-9f015f3b30ae, Nodes: c15a8acb-9ee6-4d33-b032-95e74a5e0f7e{ip: 192.168.34.23, host: pr-hdds-1982-decom-states-s47vm-2072066488, networkLocation: /default-rack, certSerialId: null}99cffe41-d7bb-421f-ad37-c26af1490bc7{ip: 192.168.34.23, host: pr-hdds-1982-decom-states-s47vm-2072066488, networkLocation: /default-rack, certSerialId: null}eb580450-fe81-484d-8f0c-907a5b435dbc{ip: 192.168.34.23, host: pr-hdds-1982-decom-states-s47vm-2072066488, networkLocation: /default-rack, certSerialId: null}, Type:RATIS, Factor:THREE, State:CLOSED] moved to CLOSED state
2019-08-23 17:14:49,866 [EventQueue-CloseContainerForCloseContainerEventHandler] INFO  container.CloseContainerEventHandler (CloseContainerEventHandler.java:onMessage(61)) - Close container Event triggered for container : #2
2019-08-23 17:14:49,866 [EventQueue-StaleNodeForStaleNodeHandler] INFO  pipeline.SCMPipelineManager (SCMPipelineManager.java:finalizeAndDestroyPipeline(309)) - destroying pipeline:Pipeline[ Id: e5f11a50-c934-4ffb-bbb1-fe19b0d03430, Nodes: eb580450-fe81-484d-8f0c-907a5b435dbc{ip: 192.168.34.23, host: pr-hdds-1982-decom-states-s47vm-2072066488, networkLocation: /default-rack, certSerialId: null}, Type:RATIS, Factor:ONE, State:OPEN]
2019-08-23 17:14:49,866 [EventQueue-StaleNodeForStaleNodeHandler] INFO  pipeline.PipelineStateManager (PipelineStateManager.java:finalizePipeline(123)) - Pipeline Pipeline[ Id: e5f11a50-c934-4ffb-bbb1-fe19b0d03430, Nodes: eb580450-fe81-484d-8f0c-907a5b435dbc{ip: 192.168.34.23, host: pr-hdds-1982-decom-states-s47vm-2072066488, networkLocation: /default-rack, certSerialId: null}, Type:RATIS, Factor:ONE, State:CLOSED] moved to CLOSED state
2019-08-23 17:14:50,065 | INFO  | SCMAudit | user=jenkins1000 | ip=192.168.34.23 | op=SEND_HEARTBEAT {datanodeUUID=fe3b8c04-bb20-41f7-95be-d76e619600de, command=[]} | ret=SUCCESS |  
2019-08-23 17:14:50,086 [main] INFO  ozoneimpl.OzoneContainer (OzoneContainer.java:stop(199)) - Attempting to stop container services.
2019-08-23 17:14:50,087 [ForkJoinPool.commonPool-worker-0] INFO  ozoneimpl.OzoneContainer (OzoneContainer.java:stop(199)) - Attempting to stop container services.
2019-08-23 17:14:50,087 [main] INFO  impl.RaftServerProxy (RaftServerProxy.java:lambda$close$4(314)) - eb580450-fe81-484d-8f0c-907a5b435dbc: close
2019-08-23 17:14:50,087 [ForkJoinPool.commonPool-worker-0] INFO  impl.RaftServerProxy (RaftServerProxy.java:lambda$close$4(314)) - 007a4926-093a-4d3a-9d9e-3c5f17d50581: close
2019-08-23 17:14:50,087 [main] INFO  impl.RaftServerImpl (RaftServerImpl.java:lambda$shutdown$3(245)) - eb580450-fe81-484d-8f0c-907a5b435dbc: shutdown group-9F015F3B30AE
2019-08-23 17:14:50,088 [ForkJoinPool.commonPool-worker-0] INFO  impl.RaftServerImpl (RaftServerImpl.java:lambda$shutdown$3(245)) - 007a4926-093a-4d3a-9d9e-3c5f17d50581: shutdown group-4AE01A1E531D
2019-08-23 17:14:50,088 [main] INFO  util.JmxRegister (JmxRegister.java:unregister(73)) - Successfully un-registered JMX Bean with object name Ratis:service=RaftServer,group=group-9F015F3B30AE,id=eb580450-fe81-484d-8f0c-907a5b435dbc
2019-08-23 17:14:50,088 [ForkJoinPool.commonPool-worker-0] INFO  util.JmxRegister (JmxRegister.java:unregister(73)) - Successfully un-registered JMX Bean with object name Ratis:service=RaftServer,group=group-4AE01A1E531D,id=007a4926-093a-4d3a-9d9e-3c5f17d50581
2019-08-23 17:14:50,089 [main] INFO  impl.RoleInfo (RoleInfo.java:shutdownFollowerState(121)) - eb580450-fe81-484d-8f0c-907a5b435dbc: shutdown FollowerState
2019-08-23 17:14:50,089 [ForkJoinPool.commonPool-worker-0] INFO  impl.RoleInfo (RoleInfo.java:shutdownFollowerState(121)) - 007a4926-093a-4d3a-9d9e-3c5f17d50581: shutdown FollowerState
2019-08-23 17:14:50,090 [StateMachineUpdater:eb580450-fe81-484d-8f0c-907a5b435dbc:group-9F015F3B30AE] INFO  ratis.ContainerStateMachine (ContainerStateMachine.java:takeSnapshot(283)) - group-9F015F3B30AE: Taking a snapshot at:(t:1, i:12) file /workdir/hadoop-ozone/integration-test/target/test-dir/MiniOzoneClusterImpl-49991279-2dcc-4eb0-83dc-ab14c407d015/datanode-4/data/ratis/3896a8e4-9cb4-41d3-a644-9f015f3b30ae/sm/snapshot.1_12
2019-08-23 17:14:50,089 [main] INFO  impl.StateMachineUpdater (StateMachineUpdater.java:stopAndJoin(115)) - StateMachineUpdater:eb580450-fe81-484d-8f0c-907a5b435dbc:group-9F015F3B30AE: set stopIndex = 14
2019-08-23 17:14:50,090 [Thread-3346] INFO  impl.FollowerState (FollowerState.java:run(114)) - 007a4926-093a-4d3a-9d9e-3c5f17d50581: FollowerState was interrupted: java.lang.InterruptedException: sleep interrupted
2019-08-23 17:14:50,090 [StateMachineUpdater:007a4926-093a-4d3a-9d9e-3c5f17d50581:group-4AE01A1E531D] INFO  ratis.ContainerStateMachine (ContainerStateMachine.java:takeSnapshot(283)) - group-4AE01A1E531D: Taking a snapshot at:(t:1, i:26) file /workdir/hadoop-ozone/integration-test/target/test-dir/MiniOzoneClusterImpl-49991279-2dcc-4eb0-83dc-ab14c407d015/datanode-2/data/ratis/8ecee029-8d12-43a9-8959-4ae01a1e531d/sm/snapshot.1_26
2019-08-23 17:14:50,090 [ForkJoinPool.commonPool-worker-0] INFO  impl.StateMachineUpdater (StateMachineUpdater.java:stopAndJoin(115)) - StateMachineUpdater:007a4926-093a-4d3a-9d9e-3c5f17d50581:group-4AE01A1E531D: set stopIndex = 27
2019-08-23 17:14:50,090 [Thread-3367] INFO  impl.FollowerState (FollowerState.java:run(114)) - eb580450-fe81-484d-8f0c-907a5b435dbc: FollowerState was interrupted: java.lang.InterruptedException: sleep interrupted
2019-08-23 17:14:50,104 [StateMachineUpdater:007a4926-093a-4d3a-9d9e-3c5f17d50581:group-4AE01A1E531D] INFO  ratis.ContainerStateMachine (ContainerStateMachine.java:takeSnapshot(294)) - group-4AE01A1E531D: Finished taking a snapshot at:(t:1, i:26) file:/workdir/hadoop-ozone/integration-test/target/test-dir/MiniOzoneClusterImpl-49991279-2dcc-4eb0-83dc-ab14c407d015/datanode-2/data/ratis/8ecee029-8d12-43a9-8959-4ae01a1e531d/sm/snapshot.1_26 time:15
2019-08-23 17:14:50,104 [StateMachineUpdater:eb580450-fe81-484d-8f0c-907a5b435dbc:group-9F015F3B30AE] INFO  ratis.ContainerStateMachine (ContainerStateMachine.java:takeSnapshot(294)) - group-9F015F3B30AE: Finished taking a snapshot at:(t:1, i:12) file:/workdir/hadoop-ozone/integration-test/target/test-dir/MiniOzoneClusterImpl-49991279-2dcc-4eb0-83dc-ab14c407d015/datanode-4/data/ratis/3896a8e4-9cb4-41d3-a644-9f015f3b30ae/sm/snapshot.1_12 time:15
2019-08-23 17:14:50,106 [StateMachineUpdater:007a4926-093a-4d3a-9d9e-3c5f17d50581:group-4AE01A1E531D] INFO  impl.StateMachineUpdater (StateMachineUpdater.java:takeSnapshot(242)) - StateMachineUpdater:007a4926-093a-4d3a-9d9e-3c5f17d50581:group-4AE01A1E531D: Took a snapshot at index 26
2019-08-23 17:14:50,106 [StateMachineUpdater:eb580450-fe81-484d-8f0c-907a5b435dbc:group-9F015F3B30AE] INFO  impl.StateMachineUpdater (StateMachineUpdater.java:takeSnapshot(242)) - StateMachineUpdater:eb580450-fe81-484d-8f0c-907a5b435dbc:group-9F015F3B30AE: Took a snapshot at index 12
2019-08-23 17:14:50,107 [StateMachineUpdater:007a4926-093a-4d3a-9d9e-3c5f17d50581:group-4AE01A1E531D] INFO  impl.StateMachineUpdater (StateMachineUpdater.java:lambda$new$0(80)) - StateMachineUpdater:007a4926-093a-4d3a-9d9e-3c5f17d50581:group-4AE01A1E531D: snapshotIndex: updateIncreasingly -1 -> 26
2019-08-23 17:14:50,107 [StateMachineUpdater:eb580450-fe81-484d-8f0c-907a5b435dbc:group-9F015F3B30AE] INFO  impl.StateMachineUpdater (StateMachineUpdater.java:lambda$new$0(80)) - StateMachineUpdater:eb580450-fe81-484d-8f0c-907a5b435dbc:group-9F015F3B30AE: snapshotIndex: updateIncreasingly -1 -> 12
2019-08-23 17:14:50,107 [ForkJoinPool.commonPool-worker-0] INFO  impl.RaftServerImpl (ServerState.java:close(394)) - 007a4926-093a-4d3a-9d9e-3c5f17d50581:group-4AE01A1E531D closes. The last applied log index is 27
2019-08-23 17:14:50,107 [main] INFO  impl.RaftServerImpl (ServerState.java:close(394)) - eb580450-fe81-484d-8f0c-907a5b435dbc:group-9F015F3B30AE closes. The last applied log index is 14
2019-08-23 17:14:50,107 [007a4926-093a-4d3a-9d9e-3c5f17d50581-SegmentedRaftLogWorker:Storage Directory /workdir/hadoop-ozone/integration-test/target/test-dir/MiniOzoneClusterImpl-49991279-2dcc-4eb0-83dc-ab14c407d015/datanode-2/data/ratis/8ecee029-8d12-43a9-8959-4ae01a1e531d] INFO  segmented.SegmentedRaftLogWorker (SegmentedRaftLogWorker.java:run(313)) - 007a4926-093a-4d3a-9d9e-3c5f17d50581-SegmentedRaftLogWorker:Storage Directory /workdir/hadoop-ozone/integration-test/target/test-dir/MiniOzoneClusterImpl-49991279-2dcc-4eb0-83dc-ab14c407d015/datanode-2/data/ratis/8ecee029-8d12-43a9-8959-4ae01a1e531d was interrupted, exiting. There are 0 tasks remaining in the queue.
2019-08-23 17:14:50,108 [eb580450-fe81-484d-8f0c-907a5b435dbc-SegmentedRaftLogWorker:Storage Directory /workdir/hadoop-ozone/integration-test/target/test-dir/MiniOzoneClusterImpl-49991279-2dcc-4eb0-83dc-ab14c407d015/datanode-4/data/ratis/3896a8e4-9cb4-41d3-a644-9f015f3b30ae] INFO  segmented.SegmentedRaftLogWorker (SegmentedRaftLogWorker.java:run(313)) - eb580450-fe81-484d-8f0c-907a5b435dbc-SegmentedRaftLogWorker:Storage Directory /workdir/hadoop-ozone/integration-test/target/test-dir/MiniOzoneClusterImpl-49991279-2dcc-4eb0-83dc-ab14c407d015/datanode-4/data/ratis/3896a8e4-9cb4-41d3-a644-9f015f3b30ae was interrupted, exiting. There are 0 tasks remaining in the queue.
2019-08-23 17:14:50,110 [ForkJoinPool.commonPool-worker-0] INFO  segmented.SegmentedRaftLogWorker (SegmentedRaftLogWorker.java:close(228)) - 007a4926-093a-4d3a-9d9e-3c5f17d50581-SegmentedRaftLogWorker:Storage Directory /workdir/hadoop-ozone/integration-test/target/test-dir/MiniOzoneClusterImpl-49991279-2dcc-4eb0-83dc-ab14c407d015/datanode-2/data/ratis/8ecee029-8d12-43a9-8959-4ae01a1e531d close()
2019-08-23 17:14:50,112 [main] INFO  segmented.SegmentedRaftLogWorker (SegmentedRaftLogWorker.java:close(228)) - eb580450-fe81-484d-8f0c-907a5b435dbc-SegmentedRaftLogWorker:Storage Directory /workdir/hadoop-ozone/integration-test/target/test-dir/MiniOzoneClusterImpl-49991279-2dcc-4eb0-83dc-ab14c407d015/datanode-4/data/ratis/3896a8e4-9cb4-41d3-a644-9f015f3b30ae close()
2019-08-23 17:14:50,116 [ForkJoinPool.commonPool-worker-0] INFO  impl.RaftServerImpl (RaftServerImpl.java:lambda$shutdown$3(245)) - 007a4926-093a-4d3a-9d9e-3c5f17d50581: shutdown group-EC25C1C13B20
2019-08-23 17:14:50,120 [main] INFO  impl.RaftServerImpl (RaftServerImpl.java:lambda$shutdown$3(245)) - eb580450-fe81-484d-8f0c-907a5b435dbc: shutdown group-FE19B0D03430
2019-08-23 17:14:50,120 [ForkJoinPool.commonPool-worker-0] INFO  util.JmxRegister (JmxRegister.java:unregister(73)) - Successfully un-registered JMX Bean with object name Ratis:service=RaftServer,group=group-EC25C1C13B20,id=007a4926-093a-4d3a-9d9e-3c5f17d50581
2019-08-23 17:14:50,121 [main] INFO  util.JmxRegister (JmxRegister.java:unregister(73)) - Successfully un-registered JMX Bean with object name Ratis:service=RaftServer,group=group-FE19B0D03430,id=eb580450-fe81-484d-8f0c-907a5b435dbc
2019-08-23 17:14:50,121 [main] INFO  impl.RoleInfo (RoleInfo.java:shutdownLeaderState(104)) - eb580450-fe81-484d-8f0c-907a5b435dbc: shutdown LeaderState
2019-08-23 17:14:50,121 [ForkJoinPool.commonPool-worker-0] INFO  impl.RoleInfo (RoleInfo.java:shutdownLeaderState(104)) - 007a4926-093a-4d3a-9d9e-3c5f17d50581: shutdown LeaderState
2019-08-23 17:14:50,122 [main] INFO  impl.PendingRequests (PendingRequests.java:sendNotLeaderResponses(202)) - eb580450-fe81-484d-8f0c-907a5b435dbc-PendingRequests: sendNotLeaderResponses
2019-08-23 17:14:50,122 [ForkJoinPool.commonPool-worker-0] INFO  impl.PendingRequests (PendingRequests.java:sendNotLeaderResponses(202)) - 007a4926-093a-4d3a-9d9e-3c5f17d50581-PendingRequests: sendNotLeaderResponses
2019-08-23 17:14:50,123 [main] INFO  impl.StateMachineUpdater (StateMachineUpdater.java:stopAndJoin(115)) - StateMachineUpdater:eb580450-fe81-484d-8f0c-907a5b435dbc:group-FE19B0D03430: set stopIndex = 0
2019-08-23 17:14:50,123 [main] INFO  impl.RaftServerImpl (ServerState.java:close(394)) - eb580450-fe81-484d-8f0c-907a5b435dbc:group-FE19B0D03430 closes. The last applied log index is 0
2019-08-23 17:14:50,123 [ForkJoinPool.commonPool-worker-0] INFO  impl.StateMachineUpdater (StateMachineUpdater.java:stopAndJoin(115)) - StateMachineUpdater:007a4926-093a-4d3a-9d9e-3c5f17d50581:group-EC25C1C13B20: set stopIndex = 0
2019-08-23 17:14:50,124 [eb580450-fe81-484d-8f0c-907a5b435dbc-SegmentedRaftLogWorker:Storage Directory /workdir/hadoop-ozone/integration-test/target/test-dir/MiniOzoneClusterImpl-49991279-2dcc-4eb0-83dc-ab14c407d015/datanode-4/data/ratis/e5f11a50-c934-4ffb-bbb1-fe19b0d03430] INFO  segmented.SegmentedRaftLogWorker (SegmentedRaftLogWorker.java:run(313)) - eb580450-fe81-484d-8f0c-907a5b435dbc-SegmentedRaftLogWorker:Storage Directory /workdir/hadoop-ozone/integration-test/target/test-dir/MiniOzoneClusterImpl-49991279-2dcc-4eb0-83dc-ab14c407d015/datanode-4/data/ratis/e5f11a50-c934-4ffb-bbb1-fe19b0d03430 was interrupted, exiting. There are 0 tasks remaining in the queue.
2019-08-23 17:14:50,124 [ForkJoinPool.commonPool-worker-0] INFO  impl.RaftServerImpl (ServerState.java:close(394)) - 007a4926-093a-4d3a-9d9e-3c5f17d50581:group-EC25C1C13B20 closes. The last applied log index is 0
2019-08-23 17:14:50,126 [main] INFO  segmented.SegmentedRaftLogWorker (SegmentedRaftLogWorker.java:close(228)) - eb580450-fe81-484d-8f0c-907a5b435dbc-SegmentedRaftLogWorker:Storage Directory /workdir/hadoop-ozone/integration-test/target/test-dir/MiniOzoneClusterImpl-49991279-2dcc-4eb0-83dc-ab14c407d015/datanode-4/data/ratis/e5f11a50-c934-4ffb-bbb1-fe19b0d03430 close()
2019-08-23 17:14:50,126 [007a4926-093a-4d3a-9d9e-3c5f17d50581-SegmentedRaftLogWorker:Storage Directory /workdir/hadoop-ozone/integration-test/target/test-dir/MiniOzoneClusterImpl-49991279-2dcc-4eb0-83dc-ab14c407d015/datanode-2/data/ratis/43ed4580-1312-44c6-8d93-ec25c1c13b20] INFO  segmented.SegmentedRaftLogWorker (SegmentedRaftLogWorker.java:run(313)) - 007a4926-093a-4d3a-9d9e-3c5f17d50581-SegmentedRaftLogWorker:Storage Directory /workdir/hadoop-ozone/integration-test/target/test-dir/MiniOzoneClusterImpl-49991279-2dcc-4eb0-83dc-ab14c407d015/datanode-2/data/ratis/43ed4580-1312-44c6-8d93-ec25c1c13b20 was interrupted, exiting. There are 0 tasks remaining in the queue.
2019-08-23 17:14:50,130 [main] INFO  server.GrpcService (GrpcService.java:closeImpl(155)) - eb580450-fe81-484d-8f0c-907a5b435dbc: shutdown server with port 43345 now
2019-08-23 17:14:50,132 [ForkJoinPool.commonPool-worker-0] INFO  segmented.SegmentedRaftLogWorker (SegmentedRaftLogWorker.java:close(228)) - 007a4926-093a-4d3a-9d9e-3c5f17d50581-SegmentedRaftLogWorker:Storage Directory /workdir/hadoop-ozone/integration-test/target/test-dir/MiniOzoneClusterImpl-49991279-2dcc-4eb0-83dc-ab14c407d015/datanode-2/data/ratis/43ed4580-1312-44c6-8d93-ec25c1c13b20 close()
2019-08-23 17:14:50,137 [ForkJoinPool.commonPool-worker-0] INFO  server.GrpcService (GrpcService.java:closeImpl(155)) - 007a4926-093a-4d3a-9d9e-3c5f17d50581: shutdown server with port 41071 now
2019-08-23 17:14:50,137 [grpc-default-executor-6] WARN  server.GrpcServerProtocolService (LogUtils.java:warn(134)) - eb580450-fe81-484d-8f0c-907a5b435dbc: appendEntries onError: org.apache.ratis.thirdparty.io.grpc.StatusRuntimeException: CANCELLED: cancelled before receiving half close
2019-08-23 17:14:50,137 [main] INFO  server.GrpcService (GrpcService.java:closeImpl(163)) - eb580450-fe81-484d-8f0c-907a5b435dbc: shutdown server with port 43345 successfully
2019-08-23 17:14:50,137 [grpc-default-executor-6] WARN  server.GrpcLogAppender (LogUtils.java:warn(134)) - c15a8acb-9ee6-4d33-b032-95e74a5e0f7e->eb580450-fe81-484d-8f0c-907a5b435dbc: Failed appendEntries: org.apache.ratis.thirdparty.io.grpc.StatusRuntimeException: CANCELLED: HTTP/2 error code: CANCEL
Received Rst Stream
2019-08-23 17:14:50,138 [grpc-default-executor-9] WARN  server.GrpcServerProtocolService (LogUtils.java:warn(134)) - 007a4926-093a-4d3a-9d9e-3c5f17d50581: appendEntries onError: org.apache.ratis.thirdparty.io.grpc.StatusRuntimeException: CANCELLED: cancelled before receiving half close
2019-08-23 17:14:50,138 [grpc-default-executor-8] WARN  server.GrpcLogAppender (LogUtils.java:warn(134)) - 23fa496f-0b24-4481-8ded-b6c2e0b9cb99->007a4926-093a-4d3a-9d9e-3c5f17d50581: Failed appendEntries: org.apache.ratis.thirdparty.io.grpc.StatusRuntimeException: CANCELLED: HTTP/2 error code: CANCEL
Received Rst Stream
2019-08-23 17:14:50,138 [ForkJoinPool.commonPool-worker-0] INFO  server.GrpcService (GrpcService.java:closeImpl(163)) - 007a4926-093a-4d3a-9d9e-3c5f17d50581: shutdown server with port 41071 successfully
2019-08-23 17:14:50,138 [grpc-default-executor-6] INFO  impl.FollowerInfo (FollowerInfo.java:lambda$new$0(50)) - c15a8acb-9ee6-4d33-b032-95e74a5e0f7e->eb580450-fe81-484d-8f0c-907a5b435dbc: nextIndex: updateUnconditionally 15 -> 14
2019-08-23 17:14:50,138 [main] INFO  utils.BackgroundService (BackgroundService.java:shutdown(148)) - Shutting down service BlockDeletingService
2019-08-23 17:14:50,138 [grpc-default-executor-8] INFO  impl.FollowerInfo (FollowerInfo.java:lambda$new$0(50)) - 23fa496f-0b24-4481-8ded-b6c2e0b9cb99->007a4926-093a-4d3a-9d9e-3c5f17d50581: nextIndex: updateUnconditionally 28 -> 27
2019-08-23 17:14:50,140 [refreshUsed-/workdir/hadoop-ozone/integration-test/target/test-dir/MiniOzoneClusterImpl-49991279-2dcc-4eb0-83dc-ab14c407d015/datanode-4/data/containers] WARN  fs.CachingGetSpaceUsed (CachingGetSpaceUsed.java:run(183)) - Thread Interrupted waiting to refresh disk information: sleep interrupted
2019-08-23 17:14:50,140 [ForkJoinPool.commonPool-worker-0] INFO  utils.BackgroundService (BackgroundService.java:shutdown(148)) - Shutting down service BlockDeletingService
2019-08-23 17:14:50,146 [refreshUsed-/workdir/hadoop-ozone/integration-test/target/test-dir/MiniOzoneClusterImpl-49991279-2dcc-4eb0-83dc-ab14c407d015/datanode-2/data/containers] WARN  fs.CachingGetSpaceUsed (CachingGetSpaceUsed.java:run(183)) - Thread Interrupted waiting to refresh disk information: sleep interrupted
2019-08-23 17:14:50,168 [main] INFO  statemachine.DatanodeStateMachine (DatanodeStateMachine.java:stopDaemon(395)) - Ozone container server stopped.
2019-08-23 17:14:50,169 [main] INFO  handler.ContextHandler (ContextHandler.java:doStop(910)) - Stopped o.e.j.w.WebAppContext@2940eec0{/,null,UNAVAILABLE}{/hddsDatanode}
2019-08-23 17:14:50,174 [main] INFO  server.AbstractConnector (AbstractConnector.java:doStop(318)) - Stopped ServerConnector@57d6f569{HTTP/1.1,[http/1.1]}{0.0.0.0:0}
2019-08-23 17:14:50,174 [ForkJoinPool.commonPool-worker-0] INFO  statemachine.DatanodeStateMachine (DatanodeStateMachine.java:stopDaemon(395)) - Ozone container server stopped.
2019-08-23 17:14:50,174 [main] INFO  handler.ContextHandler (ContextHandler.java:doStop(910)) - Stopped o.e.j.s.ServletContextHandler@59ac94ad{/static,jar:file:/home/user/.m2/repository/org/apache/hadoop/hadoop-hdds-container-service/0.5.0-SNAPSHOT/hadoop-hdds-container-service-0.5.0-SNAPSHOT.jar!/webapps/static,UNAVAILABLE}
2019-08-23 17:14:50,178 [main] INFO  handler.ContextHandler (ContextHandler.java:doStop(910)) - Stopped o.e.j.s.ServletContextHandler@2100d881{/logs,file:///workdir/hadoop-ozone/integration-test/target/log,UNAVAILABLE}
2019-08-23 17:14:50,180 [ForkJoinPool.commonPool-worker-0] INFO  handler.ContextHandler (ContextHandler.java:doStop(910)) - Stopped o.e.j.w.WebAppContext@d9ff1cd{/,null,UNAVAILABLE}{/hddsDatanode}
2019-08-23 17:14:50,180 [main] INFO  datanode.ObjectStoreHandler (ObjectStoreHandler.java:close(155)) - Closing ObjectStoreHandler.
2019-08-23 17:14:50,181 [ForkJoinPool.commonPool-worker-0] INFO  server.AbstractConnector (AbstractConnector.java:doStop(318)) - Stopped ServerConnector@2c64ee53{HTTP/1.1,[http/1.1]}{0.0.0.0:0}
2019-08-23 17:14:50,182 [main] INFO  ozone.HddsDatanodeService (HddsDatanodeService.java:stop(451)) - Stopped plug-in org.apache.hadoop.ozone.web.OzoneHddsDatanodeService@4005e63a
2019-08-23 17:14:50,182 [ForkJoinPool.commonPool-worker-0] INFO  handler.ContextHandler (ContextHandler.java:doStop(910)) - Stopped o.e.j.s.ServletContextHandler@441798ce{/static,jar:file:/home/user/.m2/repository/org/apache/hadoop/hadoop-hdds-container-service/0.5.0-SNAPSHOT/hadoop-hdds-container-service-0.5.0-SNAPSHOT.jar!/webapps/static,UNAVAILABLE}
2019-08-23 17:14:50,185 [ForkJoinPool.commonPool-worker-0] INFO  handler.ContextHandler (ContextHandler.java:doStop(910)) - Stopped o.e.j.s.ServletContextHandler@2582e213{/logs,file:///workdir/hadoop-ozone/integration-test/target/log,UNAVAILABLE}
2019-08-23 17:14:50,185 [ForkJoinPool.commonPool-worker-0] INFO  datanode.ObjectStoreHandler (ObjectStoreHandler.java:close(155)) - Closing ObjectStoreHandler.
2019-08-23 17:14:50,186 [ForkJoinPool.commonPool-worker-0] INFO  ozone.HddsDatanodeService (HddsDatanodeService.java:stop(451)) - Stopped plug-in org.apache.hadoop.ozone.web.OzoneHddsDatanodeService@118cbb26
2019-08-23 17:14:50,352 [grpc-default-executor-8] WARN  server.GrpcLogAppender (LogUtils.java:warn(134)) - 23fa496f-0b24-4481-8ded-b6c2e0b9cb99->03c422ce-7517-4458-ba1e-7259997ff644: Failed appendEntries: org.apache.ratis.thirdparty.io.grpc.StatusRuntimeException: UNAVAILABLE: io exception
2019-08-23 17:14:50,352 [grpc-default-executor-8] INFO  impl.FollowerInfo (FollowerInfo.java:lambda$new$0(50)) - 23fa496f-0b24-4481-8ded-b6c2e0b9cb99->03c422ce-7517-4458-ba1e-7259997ff644: nextIndex: updateUnconditionally 14 -> 13
2019-08-23 17:14:50,355 [grpc-default-executor-9] WARN  server.GrpcLogAppender (LogUtils.java:warn(134)) - 23fa496f-0b24-4481-8ded-b6c2e0b9cb99->007a4926-093a-4d3a-9d9e-3c5f17d50581: Failed appendEntries: org.apache.ratis.thirdparty.io.grpc.StatusRuntimeException: UNAVAILABLE: io exception
2019-08-23 17:14:50,355 [grpc-default-executor-9] INFO  impl.FollowerInfo (FollowerInfo.java:lambda$new$0(50)) - 23fa496f-0b24-4481-8ded-b6c2e0b9cb99->007a4926-093a-4d3a-9d9e-3c5f17d50581: nextIndex: updateUnconditionally 27 -> 26
2019-08-23 17:14:50,393 [Datanode State Machine Thread - 0] INFO  statemachine.DatanodeStateMachine (DatanodeStateMachine.java:lambda$startDaemon$0(350)) - Ozone container server started.
2019-08-23 17:14:50,836 [Datanode State Machine Thread - 0] INFO  statemachine.DatanodeStateMachine (DatanodeStateMachine.java:lambda$startDaemon$0(350)) - Ozone container server started.
2019-08-23 17:14:50,837 | INFO  | SCMAudit | user=jenkins1000 | ip=192.168.34.23 | op=SEND_HEARTBEAT {datanodeUUID=c15a8acb-9ee6-4d33-b032-95e74a5e0f7e, command=[commandType: closeContainerCommand closeContainerCommandProto { containerID: 2 pipelineID { id: "3896a8e4-9cb4-41d3-a644-9f015f3b30ae" } cmdId: 2 force: false } ]} | ret=SUCCESS |  
2019-08-23 17:14:51,065 | INFO  | SCMAudit | user=jenkins1000 | ip=192.168.34.23 | op=SEND_HEARTBEAT {datanodeUUID=fe3b8c04-bb20-41f7-95be-d76e619600de, command=[]} | ret=SUCCESS |  
2019-08-23 17:14:51,837 | INFO  | SCMAudit | user=jenkins1000 | ip=192.168.34.23 | op=SEND_HEARTBEAT {datanodeUUID=c15a8acb-9ee6-4d33-b032-95e74a5e0f7e, command=[]} | ret=SUCCESS |  
2019-08-23 17:14:52,066 | INFO  | SCMAudit | user=jenkins1000 | ip=192.168.34.23 | op=SEND_HEARTBEAT {datanodeUUID=fe3b8c04-bb20-41f7-95be-d76e619600de, command=[]} | ret=SUCCESS |  
2019-08-23 17:14:52,554 [grpc-default-executor-8] WARN  server.GrpcLogAppender (LogUtils.java:warn(134)) - c15a8acb-9ee6-4d33-b032-95e74a5e0f7e->eb580450-fe81-484d-8f0c-907a5b435dbc: Failed appendEntries: org.apache.ratis.thirdparty.io.grpc.StatusRuntimeException: UNAVAILABLE: io exception
2019-08-23 17:14:52,555 [grpc-default-executor-8] INFO  impl.FollowerInfo (FollowerInfo.java:lambda$new$0(50)) - c15a8acb-9ee6-4d33-b032-95e74a5e0f7e->eb580450-fe81-484d-8f0c-907a5b435dbc: nextIndex: updateUnconditionally 14 -> 13
2019-08-23 17:14:52,756 [Thread-3527] INFO  client.GrpcClientProtocolService (GrpcClientProtocolService.java:lambda$processClientRequest$0(278)) - Failed RaftClientRequest:client-5B2245BFD681->23fa496f-0b24-4481-8ded-b6c2e0b9cb99@group-4AE01A1E531D, cid=190, seq=0, Watch-ALL_COMMITTED(22), Message:<EMPTY>, reply=RaftClientReply:client-5B2245BFD681->23fa496f-0b24-4481-8ded-b6c2e0b9cb99@group-4AE01A1E531D, cid=190, FAILED org.apache.ratis.protocol.NotReplicatedException: Request with call Id 190 and log index 22 is not yet replicated to ALL_COMMITTED, logIndex=22, commits[23fa496f-0b24-4481-8ded-b6c2e0b9cb99:c27, 007a4926-093a-4d3a-9d9e-3c5f17d50581:c27, 03c422ce-7517-4458-ba1e-7259997ff644:c16]
2019-08-23 17:14:52,763 [grpc-default-executor-8] INFO  client.GrpcClientProtocolClient (GrpcClientProtocolClient.java:onNext(255)) - client-5B2245BFD681->23fa496f-0b24-4481-8ded-b6c2e0b9cb99: receive RaftClientReply:client-5B2245BFD681->23fa496f-0b24-4481-8ded-b6c2e0b9cb99@group-4AE01A1E531D, cid=190, FAILED org.apache.ratis.protocol.NotReplicatedException: Request with call Id 190 and log index 22 is not yet replicated to ALL_COMMITTED, logIndex=22, commits[23fa496f-0b24-4481-8ded-b6c2e0b9cb99:c27, 007a4926-093a-4d3a-9d9e-3c5f17d50581:c27, 03c422ce-7517-4458-ba1e-7259997ff644:c16]
2019-08-23 17:14:52,836 | INFO  | SCMAudit | user=jenkins1000 | ip=192.168.34.23 | op=SEND_HEARTBEAT {datanodeUUID=c15a8acb-9ee6-4d33-b032-95e74a5e0f7e, command=[]} | ret=SUCCESS |  
2019-08-23 17:14:52,852 [grpc-default-executor-8] WARN  server.GrpcLogAppender (LogUtils.java:warn(134)) - 23fa496f-0b24-4481-8ded-b6c2e0b9cb99->03c422ce-7517-4458-ba1e-7259997ff644: Failed appendEntries: org.apache.ratis.thirdparty.io.grpc.StatusRuntimeException: UNAVAILABLE: io exception
2019-08-23 17:14:52,852 [grpc-default-executor-6] WARN  server.GrpcLogAppender (LogUtils.java:warn(134)) - 23fa496f-0b24-4481-8ded-b6c2e0b9cb99->007a4926-093a-4d3a-9d9e-3c5f17d50581: Failed appendEntries: org.apache.ratis.thirdparty.io.grpc.StatusRuntimeException: UNAVAILABLE: io exception
2019-08-23 17:14:52,853 [grpc-default-executor-8] INFO  impl.FollowerInfo (FollowerInfo.java:lambda$new$0(50)) - 23fa496f-0b24-4481-8ded-b6c2e0b9cb99->03c422ce-7517-4458-ba1e-7259997ff644: nextIndex: updateUnconditionally 13 -> 12
2019-08-23 17:14:52,853 [grpc-default-executor-6] INFO  impl.FollowerInfo (FollowerInfo.java:lambda$new$0(50)) - 23fa496f-0b24-4481-8ded-b6c2e0b9cb99->007a4926-093a-4d3a-9d9e-3c5f17d50581: nextIndex: updateUnconditionally 26 -> 25
2019-08-23 17:14:52,866 | INFO  | SCMAudit | user=jenkins1000 | ip=192.168.34.23 | op=SEND_HEARTBEAT {datanodeUUID=c15a8acb-9ee6-4d33-b032-95e74a5e0f7e, command=[]} | ret=SUCCESS |  
2019-08-23 17:14:52,867 [grpc-default-executor-4] WARN  server.GrpcLogAppender (LogUtils.java:warn(134)) - c15a8acb-9ee6-4d33-b032-95e74a5e0f7e->eb580450-fe81-484d-8f0c-907a5b435dbc: Failed appendEntries: org.apache.ratis.thirdparty.io.grpc.StatusRuntimeException: UNAVAILABLE: io exception
2019-08-23 17:14:52,868 [grpc-default-executor-4] INFO  impl.FollowerInfo (FollowerInfo.java:lambda$new$0(50)) - c15a8acb-9ee6-4d33-b032-95e74a5e0f7e->eb580450-fe81-484d-8f0c-907a5b435dbc: nextIndex: updateUnconditionally 14 -> 13
2019-08-23 17:14:52,881 [grpc-default-executor-8] WARN  server.GrpcLogAppender (LogUtils.java:warn(134)) - c15a8acb-9ee6-4d33-b032-95e74a5e0f7e->eb580450-fe81-484d-8f0c-907a5b435dbc: Failed appendEntries: org.apache.ratis.thirdparty.io.grpc.StatusRuntimeException: UNAVAILABLE: io exception
2019-08-23 17:14:52,881 [grpc-default-executor-8] INFO  impl.FollowerInfo (FollowerInfo.java:lambda$new$0(50)) - c15a8acb-9ee6-4d33-b032-95e74a5e0f7e->eb580450-fe81-484d-8f0c-907a5b435dbc: nextIndex: updateUnconditionally 14 -> 13
2019-08-23 17:14:52,894 [grpc-default-executor-6] WARN  server.GrpcLogAppender (LogUtils.java:warn(134)) - c15a8acb-9ee6-4d33-b032-95e74a5e0f7e->eb580450-fe81-484d-8f0c-907a5b435dbc: Failed appendEntries: org.apache.ratis.thirdparty.io.grpc.StatusRuntimeException: UNAVAILABLE: io exception
2019-08-23 17:14:52,894 [grpc-default-executor-6] INFO  impl.FollowerInfo (FollowerInfo.java:lambda$new$0(50)) - c15a8acb-9ee6-4d33-b032-95e74a5e0f7e->eb580450-fe81-484d-8f0c-907a5b435dbc: nextIndex: updateUnconditionally 14 -> 13
2019-08-23 17:14:52,943 [RatisApplyTransactionExecutor 2] INFO  interfaces.Container (KeyValueContainer.java:compactDB(356)) - Container 2 is closed with bcsId 12.
2019-08-23 17:14:52,943 | INFO  | DNAudit | user=null | ip=null | op=CLOSE_CONTAINER {containerID=2} | ret=SUCCESS |  
2019-08-23 17:14:52,944 | INFO  | SCMAudit | user=jenkins1000 | ip=192.168.34.23 | op=SEND_HEARTBEAT {datanodeUUID=c15a8acb-9ee6-4d33-b032-95e74a5e0f7e, command=[]} | ret=SUCCESS |  
2019-08-23 17:14:52,944 [EventQueue-IncrementalContainerReportForIncrementalContainerReportHandler] INFO  container.IncrementalContainerReportHandler (AbstractContainerReportHandler.java:updateContainerState(176)) - Moving container #2 to CLOSED state, datanode c15a8acb-9ee6-4d33-b032-95e74a5e0f7e{ip: 192.168.34.23, host: pr-hdds-1982-decom-states-s47vm-2072066488, networkLocation: /default-rack, certSerialId: null} reported CLOSED replica.
2019-08-23 17:14:52,969 [RatisApplyTransactionExecutor 2] INFO  interfaces.Container (KeyValueContainer.java:compactDB(356)) - Container 2 is closed with bcsId 12.
2019-08-23 17:14:52,970 | INFO  | DNAudit | user=null | ip=null | op=CLOSE_CONTAINER {containerID=2} | ret=SUCCESS |  
2019-08-23 17:14:53,066 | INFO  | SCMAudit | user=jenkins1000 | ip=192.168.34.23 | op=SEND_HEARTBEAT {datanodeUUID=fe3b8c04-bb20-41f7-95be-d76e619600de, command=[]} | ret=SUCCESS |  
2019-08-23 17:14:53,944 | INFO  | SCMAudit | user=jenkins1000 | ip=192.168.34.23 | op=SEND_HEARTBEAT {datanodeUUID=c15a8acb-9ee6-4d33-b032-95e74a5e0f7e, command=[]} | ret=SUCCESS |  
2019-08-23 17:14:54,065 | INFO  | SCMAudit | user=jenkins1000 | ip=192.168.34.23 | op=SEND_HEARTBEAT {datanodeUUID=fe3b8c04-bb20-41f7-95be-d76e619600de, command=[]} | ret=SUCCESS |  
2019-08-23 17:14:54,471 [EventQueue-StaleNodeForStaleNodeHandler] INFO  node.StaleNodeHandler (StaleNodeHandler.java:onMessage(58)) - Datanode 23fa496f-0b24-4481-8ded-b6c2e0b9cb99{ip: 192.168.34.23, host: pr-hdds-1982-decom-states-s47vm-2072066488, networkLocation: /default-rack, certSerialId: null} moved to stale state. Finalizing its pipelines [PipelineID=8ecee029-8d12-43a9-8959-4ae01a1e531d, PipelineID=8fcb5fd7-150a-45fb-9988-150d2fe5ae1a]
2019-08-23 17:14:54,471 [EventQueue-StaleNodeForStaleNodeHandler] INFO  pipeline.SCMPipelineManager (SCMPipelineManager.java:finalizeAndDestroyPipeline(309)) - destroying pipeline:Pipeline[ Id: 8ecee029-8d12-43a9-8959-4ae01a1e531d, Nodes: 03c422ce-7517-4458-ba1e-7259997ff644{ip: 192.168.34.23, host: pr-hdds-1982-decom-states-s47vm-2072066488, networkLocation: /default-rack, certSerialId: null}007a4926-093a-4d3a-9d9e-3c5f17d50581{ip: 192.168.34.23, host: pr-hdds-1982-decom-states-s47vm-2072066488, networkLocation: /default-rack, certSerialId: null}23fa496f-0b24-4481-8ded-b6c2e0b9cb99{ip: 192.168.34.23, host: pr-hdds-1982-decom-states-s47vm-2072066488, networkLocation: /default-rack, certSerialId: null}, Type:RATIS, Factor:THREE, State:CLOSED]
2019-08-23 17:14:54,472 [EventQueue-StaleNodeForStaleNodeHandler] INFO  pipeline.SCMPipelineManager (SCMPipelineManager.java:finalizeAndDestroyPipeline(309)) - destroying pipeline:Pipeline[ Id: 8fcb5fd7-150a-45fb-9988-150d2fe5ae1a, Nodes: 23fa496f-0b24-4481-8ded-b6c2e0b9cb99{ip: 192.168.34.23, host: pr-hdds-1982-decom-states-s47vm-2072066488, networkLocation: /default-rack, certSerialId: null}, Type:RATIS, Factor:ONE, State:OPEN]
2019-08-23 17:14:54,472 [EventQueue-StaleNodeForStaleNodeHandler] INFO  pipeline.PipelineStateManager (PipelineStateManager.java:finalizePipeline(123)) - Pipeline Pipeline[ Id: 8fcb5fd7-150a-45fb-9988-150d2fe5ae1a, Nodes: 23fa496f-0b24-4481-8ded-b6c2e0b9cb99{ip: 192.168.34.23, host: pr-hdds-1982-decom-states-s47vm-2072066488, networkLocation: /default-rack, certSerialId: null}, Type:RATIS, Factor:ONE, State:CLOSED] moved to CLOSED state
2019-08-23 17:14:54,872 [EventQueue-StaleNodeForStaleNodeHandler] INFO  node.StaleNodeHandler (StaleNodeHandler.java:onMessage(58)) - Datanode 99cffe41-d7bb-421f-ad37-c26af1490bc7{ip: 192.168.34.23, host: pr-hdds-1982-decom-states-s47vm-2072066488, networkLocation: /default-rack, certSerialId: null} moved to stale state. Finalizing its pipelines [PipelineID=701cd5ef-0ceb-46c4-8241-4977038bd8c3, PipelineID=3896a8e4-9cb4-41d3-a644-9f015f3b30ae]
2019-08-23 17:14:54,872 [EventQueue-StaleNodeForStaleNodeHandler] INFO  pipeline.SCMPipelineManager (SCMPipelineManager.java:finalizeAndDestroyPipeline(309)) - destroying pipeline:Pipeline[ Id: 701cd5ef-0ceb-46c4-8241-4977038bd8c3, Nodes: 99cffe41-d7bb-421f-ad37-c26af1490bc7{ip: 192.168.34.23, host: pr-hdds-1982-decom-states-s47vm-2072066488, networkLocation: /default-rack, certSerialId: null}, Type:RATIS, Factor:ONE, State:OPEN]
2019-08-23 17:14:54,872 [EventQueue-StaleNodeForStaleNodeHandler] INFO  pipeline.PipelineStateManager (PipelineStateManager.java:finalizePipeline(123)) - Pipeline Pipeline[ Id: 701cd5ef-0ceb-46c4-8241-4977038bd8c3, Nodes: 99cffe41-d7bb-421f-ad37-c26af1490bc7{ip: 192.168.34.23, host: pr-hdds-1982-decom-states-s47vm-2072066488, networkLocation: /default-rack, certSerialId: null}, Type:RATIS, Factor:ONE, State:CLOSED] moved to CLOSED state
2019-08-23 17:14:54,872 [EventQueue-StaleNodeForStaleNodeHandler] INFO  pipeline.SCMPipelineManager (SCMPipelineManager.java:finalizeAndDestroyPipeline(309)) - destroying pipeline:Pipeline[ Id: 3896a8e4-9cb4-41d3-a644-9f015f3b30ae, Nodes: c15a8acb-9ee6-4d33-b032-95e74a5e0f7e{ip: 192.168.34.23, host: pr-hdds-1982-decom-states-s47vm-2072066488, networkLocation: /default-rack, certSerialId: null}99cffe41-d7bb-421f-ad37-c26af1490bc7{ip: 192.168.34.23, host: pr-hdds-1982-decom-states-s47vm-2072066488, networkLocation: /default-rack, certSerialId: null}eb580450-fe81-484d-8f0c-907a5b435dbc{ip: 192.168.34.23, host: pr-hdds-1982-decom-states-s47vm-2072066488, networkLocation: /default-rack, certSerialId: null}, Type:RATIS, Factor:THREE, State:CLOSED]
2019-08-23 17:14:54,945 | INFO  | SCMAudit | user=jenkins1000 | ip=192.168.34.23 | op=SEND_HEARTBEAT {datanodeUUID=c15a8acb-9ee6-4d33-b032-95e74a5e0f7e, command=[]} | ret=SUCCESS |  
2019-08-23 17:14:55,065 | INFO  | SCMAudit | user=jenkins1000 | ip=192.168.34.23 | op=SEND_HEARTBEAT {datanodeUUID=fe3b8c04-bb20-41f7-95be-d76e619600de, command=[]} | ret=SUCCESS |  
2019-08-23 17:14:55,183 [main] INFO  ozoneimpl.OzoneContainer (OzoneContainer.java:stop(199)) - Attempting to stop container services.
2019-08-23 17:14:55,184 [main] INFO  impl.RaftServerProxy (RaftServerProxy.java:lambda$close$4(314)) - 99cffe41-d7bb-421f-ad37-c26af1490bc7: close
2019-08-23 17:14:55,184 [main] INFO  impl.RaftServerImpl (RaftServerImpl.java:lambda$shutdown$3(245)) - 99cffe41-d7bb-421f-ad37-c26af1490bc7: shutdown group-4977038BD8C3
2019-08-23 17:14:55,185 [main] INFO  util.JmxRegister (JmxRegister.java:unregister(73)) - Successfully un-registered JMX Bean with object name Ratis:service=RaftServer,group=group-4977038BD8C3,id=99cffe41-d7bb-421f-ad37-c26af1490bc7
2019-08-23 17:14:55,185 [main] INFO  impl.RoleInfo (RoleInfo.java:shutdownLeaderState(104)) - 99cffe41-d7bb-421f-ad37-c26af1490bc7: shutdown LeaderState
2019-08-23 17:14:55,186 [main] INFO  impl.PendingRequests (PendingRequests.java:sendNotLeaderResponses(202)) - 99cffe41-d7bb-421f-ad37-c26af1490bc7-PendingRequests: sendNotLeaderResponses
2019-08-23 17:14:55,187 [ForkJoinPool.commonPool-worker-0] INFO  ozoneimpl.OzoneContainer (OzoneContainer.java:stop(199)) - Attempting to stop container services.
2019-08-23 17:14:55,187 [main] INFO  impl.StateMachineUpdater (StateMachineUpdater.java:stopAndJoin(115)) - StateMachineUpdater:99cffe41-d7bb-421f-ad37-c26af1490bc7:group-4977038BD8C3: set stopIndex = 0
2019-08-23 17:14:55,187 [ForkJoinPool.commonPool-worker-0] INFO  impl.RaftServerProxy (RaftServerProxy.java:lambda$close$4(314)) - 23fa496f-0b24-4481-8ded-b6c2e0b9cb99: close
2019-08-23 17:14:55,187 [main] INFO  impl.RaftServerImpl (ServerState.java:close(394)) - 99cffe41-d7bb-421f-ad37-c26af1490bc7:group-4977038BD8C3 closes. The last applied log index is 0
2019-08-23 17:14:55,188 [ForkJoinPool.commonPool-worker-0] INFO  impl.RaftServerImpl (RaftServerImpl.java:lambda$shutdown$3(245)) - 23fa496f-0b24-4481-8ded-b6c2e0b9cb99: shutdown group-4AE01A1E531D
2019-08-23 17:14:55,188 [99cffe41-d7bb-421f-ad37-c26af1490bc7-SegmentedRaftLogWorker:Storage Directory /workdir/hadoop-ozone/integration-test/target/test-dir/MiniOzoneClusterImpl-49991279-2dcc-4eb0-83dc-ab14c407d015/datanode-3/data/ratis/701cd5ef-0ceb-46c4-8241-4977038bd8c3] INFO  segmented.SegmentedRaftLogWorker (SegmentedRaftLogWorker.java:run(313)) - 99cffe41-d7bb-421f-ad37-c26af1490bc7-SegmentedRaftLogWorker:Storage Directory /workdir/hadoop-ozone/integration-test/target/test-dir/MiniOzoneClusterImpl-49991279-2dcc-4eb0-83dc-ab14c407d015/datanode-3/data/ratis/701cd5ef-0ceb-46c4-8241-4977038bd8c3 was interrupted, exiting. There are 0 tasks remaining in the queue.
2019-08-23 17:14:55,188 [ForkJoinPool.commonPool-worker-0] INFO  util.JmxRegister (JmxRegister.java:unregister(73)) - Successfully un-registered JMX Bean with object name Ratis:service=RaftServer,group=group-4AE01A1E531D,id=23fa496f-0b24-4481-8ded-b6c2e0b9cb99
2019-08-23 17:14:55,191 [main] INFO  segmented.SegmentedRaftLogWorker (SegmentedRaftLogWorker.java:close(228)) - 99cffe41-d7bb-421f-ad37-c26af1490bc7-SegmentedRaftLogWorker:Storage Directory /workdir/hadoop-ozone/integration-test/target/test-dir/MiniOzoneClusterImpl-49991279-2dcc-4eb0-83dc-ab14c407d015/datanode-3/data/ratis/701cd5ef-0ceb-46c4-8241-4977038bd8c3 close()
2019-08-23 17:14:55,192 [ForkJoinPool.commonPool-worker-0] INFO  impl.RoleInfo (RoleInfo.java:shutdownLeaderState(104)) - 23fa496f-0b24-4481-8ded-b6c2e0b9cb99: shutdown LeaderState
2019-08-23 17:14:55,196 [main] INFO  impl.RaftServerImpl (RaftServerImpl.java:lambda$shutdown$3(245)) - 99cffe41-d7bb-421f-ad37-c26af1490bc7: shutdown group-9F015F3B30AE
2019-08-23 17:14:55,199 [org.apache.ratis.server.impl.LogAppender$AppenderDaemon$$Lambda$496/993533451@1a89c247] WARN  server.GrpcLogAppender (GrpcLogAppender.java:mayWait(143)) - GrpcLogAppender(23fa496f-0b24-4481-8ded-b6c2e0b9cb99->03c422ce-7517-4458-ba1e-7259997ff644): Wait interrupted by java.lang.InterruptedException
2019-08-23 17:14:55,199 [ForkJoinPool.commonPool-worker-0] INFO  impl.PendingRequests (PendingRequests.java:sendNotLeaderResponses(202)) - 23fa496f-0b24-4481-8ded-b6c2e0b9cb99-PendingRequests: sendNotLeaderResponses
2019-08-23 17:14:55,199 [org.apache.ratis.server.impl.LogAppender$AppenderDaemon$$Lambda$496/993533451@5f8b57d2] WARN  server.GrpcLogAppender (GrpcLogAppender.java:mayWait(143)) - GrpcLogAppender(23fa496f-0b24-4481-8ded-b6c2e0b9cb99->007a4926-093a-4d3a-9d9e-3c5f17d50581): Wait interrupted by java.lang.InterruptedException
2019-08-23 17:14:55,200 [main] INFO  util.JmxRegister (JmxRegister.java:unregister(73)) - Successfully un-registered JMX Bean with object name Ratis:service=RaftServer,group=group-9F015F3B30AE,id=99cffe41-d7bb-421f-ad37-c26af1490bc7
2019-08-23 17:14:55,204 [main] INFO  impl.RoleInfo (RoleInfo.java:shutdownFollowerState(121)) - 99cffe41-d7bb-421f-ad37-c26af1490bc7: shutdown FollowerState
2019-08-23 17:14:55,204 [StateMachineUpdater:23fa496f-0b24-4481-8ded-b6c2e0b9cb99:group-4AE01A1E531D] INFO  ratis.ContainerStateMachine (ContainerStateMachine.java:takeSnapshot(283)) - group-4AE01A1E531D: Taking a snapshot at:(t:1, i:27) file /workdir/hadoop-ozone/integration-test/target/test-dir/MiniOzoneClusterImpl-49991279-2dcc-4eb0-83dc-ab14c407d015/datanode-0/data/ratis/8ecee029-8d12-43a9-8959-4ae01a1e531d/sm/snapshot.1_27
2019-08-23 17:14:55,205 [StateMachineUpdater:99cffe41-d7bb-421f-ad37-c26af1490bc7:group-9F015F3B30AE] INFO  ratis.ContainerStateMachine (ContainerStateMachine.java:takeSnapshot(283)) - group-9F015F3B30AE: Taking a snapshot at:(t:1, i:15) file /workdir/hadoop-ozone/integration-test/target/test-dir/MiniOzoneClusterImpl-49991279-2dcc-4eb0-83dc-ab14c407d015/datanode-3/data/ratis/3896a8e4-9cb4-41d3-a644-9f015f3b30ae/sm/snapshot.1_15
2019-08-23 17:14:55,204 [Thread-3532] INFO  client.GrpcClientProtocolService (GrpcClientProtocolService.java:lambda$processClientRequest$0(278)) - Failed RaftClientRequest:client-5B2245BFD681->23fa496f-0b24-4481-8ded-b6c2e0b9cb99@group-4AE01A1E531D, cid=190, seq=0, Watch-ALL_COMMITTED(22), Message:<EMPTY>, reply=RaftClientReply:client-5B2245BFD681->23fa496f-0b24-4481-8ded-b6c2e0b9cb99@group-4AE01A1E531D, cid=190, FAILED org.apache.ratis.protocol.NotLeaderException: Server 23fa496f-0b24-4481-8ded-b6c2e0b9cb99 is not the leader (null). Request must be sent to leader., logIndex=0, commits[23fa496f-0b24-4481-8ded-b6c2e0b9cb99:c27]
2019-08-23 17:14:55,204 [ForkJoinPool.commonPool-worker-0] INFO  impl.StateMachineUpdater (StateMachineUpdater.java:stopAndJoin(115)) - StateMachineUpdater:23fa496f-0b24-4481-8ded-b6c2e0b9cb99:group-4AE01A1E531D: set stopIndex = 27
2019-08-23 17:14:55,204 [Thread-3531] INFO  client.GrpcClientProtocolService (GrpcClientProtocolService.java:lambda$processClientRequest$0(278)) - Failed RaftClientRequest:client-5B2245BFD681->23fa496f-0b24-4481-8ded-b6c2e0b9cb99@group-4AE01A1E531D, cid=190, seq=0, Watch-ALL_COMMITTED(22), Message:<EMPTY>, reply=RaftClientReply:client-5B2245BFD681->23fa496f-0b24-4481-8ded-b6c2e0b9cb99@group-4AE01A1E531D, cid=190, FAILED org.apache.ratis.protocol.NotLeaderException: Server 23fa496f-0b24-4481-8ded-b6c2e0b9cb99 is not the leader (null). Request must be sent to leader., logIndex=0, commits[23fa496f-0b24-4481-8ded-b6c2e0b9cb99:c27]
2019-08-23 17:14:55,205 [Thread-3368] INFO  impl.FollowerState (FollowerState.java:run(114)) - 99cffe41-d7bb-421f-ad37-c26af1490bc7: FollowerState was interrupted: java.lang.InterruptedException: sleep interrupted
2019-08-23 17:14:55,205 [main] INFO  impl.StateMachineUpdater (StateMachineUpdater.java:stopAndJoin(115)) - StateMachineUpdater:99cffe41-d7bb-421f-ad37-c26af1490bc7:group-9F015F3B30AE: set stopIndex = 15
2019-08-23 17:14:55,208 [grpc-default-executor-6] INFO  client.GrpcClientProtocolClient (GrpcClientProtocolClient.java:onNext(255)) - client-5B2245BFD681->23fa496f-0b24-4481-8ded-b6c2e0b9cb99: receive RaftClientReply:client-5B2245BFD681->23fa496f-0b24-4481-8ded-b6c2e0b9cb99@group-4AE01A1E531D, cid=190, FAILED org.apache.ratis.protocol.NotLeaderException: Server 23fa496f-0b24-4481-8ded-b6c2e0b9cb99 is not the leader (null). Request must be sent to leader., logIndex=0, commits[23fa496f-0b24-4481-8ded-b6c2e0b9cb99:c27]
2019-08-23 17:14:55,208 [StateMachineUpdater:23fa496f-0b24-4481-8ded-b6c2e0b9cb99:group-4AE01A1E531D] INFO  ratis.ContainerStateMachine (ContainerStateMachine.java:takeSnapshot(294)) - group-4AE01A1E531D: Finished taking a snapshot at:(t:1, i:27) file:/workdir/hadoop-ozone/integration-test/target/test-dir/MiniOzoneClusterImpl-49991279-2dcc-4eb0-83dc-ab14c407d015/datanode-0/data/ratis/8ecee029-8d12-43a9-8959-4ae01a1e531d/sm/snapshot.1_27 time:3
2019-08-23 17:14:55,208 [grpc-default-executor-6] INFO  client.GrpcClientProtocolClient (GrpcClientProtocolClient.java:onNext(255)) - client-5B2245BFD681->23fa496f-0b24-4481-8ded-b6c2e0b9cb99: receive RaftClientReply:client-5B2245BFD681->23fa496f-0b24-4481-8ded-b6c2e0b9cb99@group-4AE01A1E531D, cid=190, FAILED org.apache.ratis.protocol.NotLeaderException: Server 23fa496f-0b24-4481-8ded-b6c2e0b9cb99 is not the leader (null). Request must be sent to leader., logIndex=0, commits[23fa496f-0b24-4481-8ded-b6c2e0b9cb99:c27]
2019-08-23 17:14:55,208 [StateMachineUpdater:99cffe41-d7bb-421f-ad37-c26af1490bc7:group-9F015F3B30AE] INFO  ratis.ContainerStateMachine (ContainerStateMachine.java:takeSnapshot(294)) - group-9F015F3B30AE: Finished taking a snapshot at:(t:1, i:15) file:/workdir/hadoop-ozone/integration-test/target/test-dir/MiniOzoneClusterImpl-49991279-2dcc-4eb0-83dc-ab14c407d015/datanode-3/data/ratis/3896a8e4-9cb4-41d3-a644-9f015f3b30ae/sm/snapshot.1_15 time:3
2019-08-23 17:14:55,208 [StateMachineUpdater:23fa496f-0b24-4481-8ded-b6c2e0b9cb99:group-4AE01A1E531D] INFO  impl.StateMachineUpdater (StateMachineUpdater.java:takeSnapshot(242)) - StateMachineUpdater:23fa496f-0b24-4481-8ded-b6c2e0b9cb99:group-4AE01A1E531D: Took a snapshot at index 27
2019-08-23 17:14:55,209 [StateMachineUpdater:99cffe41-d7bb-421f-ad37-c26af1490bc7:group-9F015F3B30AE] INFO  impl.StateMachineUpdater (StateMachineUpdater.java:takeSnapshot(242)) - StateMachineUpdater:99cffe41-d7bb-421f-ad37-c26af1490bc7:group-9F015F3B30AE: Took a snapshot at index 15
2019-08-23 17:14:55,209 [StateMachineUpdater:23fa496f-0b24-4481-8ded-b6c2e0b9cb99:group-4AE01A1E531D] INFO  impl.StateMachineUpdater (StateMachineUpdater.java:lambda$new$0(80)) - StateMachineUpdater:23fa496f-0b24-4481-8ded-b6c2e0b9cb99:group-4AE01A1E531D: snapshotIndex: updateIncreasingly -1 -> 27
2019-08-23 17:14:55,209 [StateMachineUpdater:99cffe41-d7bb-421f-ad37-c26af1490bc7:group-9F015F3B30AE] INFO  impl.StateMachineUpdater (StateMachineUpdater.java:lambda$new$0(80)) - StateMachineUpdater:99cffe41-d7bb-421f-ad37-c26af1490bc7:group-9F015F3B30AE: snapshotIndex: updateIncreasingly -1 -> 15
2019-08-23 17:14:55,209 [ForkJoinPool.commonPool-worker-0] INFO  impl.RaftServerImpl (ServerState.java:close(394)) - 23fa496f-0b24-4481-8ded-b6c2e0b9cb99:group-4AE01A1E531D closes. The last applied log index is 27
2019-08-23 17:14:55,209 [main] INFO  impl.RaftServerImpl (ServerState.java:close(394)) - 99cffe41-d7bb-421f-ad37-c26af1490bc7:group-9F015F3B30AE closes. The last applied log index is 15
2019-08-23 17:14:55,210 [23fa496f-0b24-4481-8ded-b6c2e0b9cb99-SegmentedRaftLogWorker:Storage Directory /workdir/hadoop-ozone/integration-test/target/test-dir/MiniOzoneClusterImpl-49991279-2dcc-4eb0-83dc-ab14c407d015/datanode-0/data/ratis/8ecee029-8d12-43a9-8959-4ae01a1e531d] INFO  segmented.SegmentedRaftLogWorker (SegmentedRaftLogWorker.java:run(313)) - 23fa496f-0b24-4481-8ded-b6c2e0b9cb99-SegmentedRaftLogWorker:Storage Directory /workdir/hadoop-ozone/integration-test/target/test-dir/MiniOzoneClusterImpl-49991279-2dcc-4eb0-83dc-ab14c407d015/datanode-0/data/ratis/8ecee029-8d12-43a9-8959-4ae01a1e531d was interrupted, exiting. There are 0 tasks remaining in the queue.
2019-08-23 17:14:55,210 [99cffe41-d7bb-421f-ad37-c26af1490bc7-SegmentedRaftLogWorker:Storage Directory /workdir/hadoop-ozone/integration-test/target/test-dir/MiniOzoneClusterImpl-49991279-2dcc-4eb0-83dc-ab14c407d015/datanode-3/data/ratis/3896a8e4-9cb4-41d3-a644-9f015f3b30ae] INFO  segmented.SegmentedRaftLogWorker (SegmentedRaftLogWorker.java:run(313)) - 99cffe41-d7bb-421f-ad37-c26af1490bc7-SegmentedRaftLogWorker:Storage Directory /workdir/hadoop-ozone/integration-test/target/test-dir/MiniOzoneClusterImpl-49991279-2dcc-4eb0-83dc-ab14c407d015/datanode-3/data/ratis/3896a8e4-9cb4-41d3-a644-9f015f3b30ae was interrupted, exiting. There are 0 tasks remaining in the queue.
2019-08-23 17:14:55,212 [ForkJoinPool.commonPool-worker-0] INFO  segmented.SegmentedRaftLogWorker (SegmentedRaftLogWorker.java:close(228)) - 23fa496f-0b24-4481-8ded-b6c2e0b9cb99-SegmentedRaftLogWorker:Storage Directory /workdir/hadoop-ozone/integration-test/target/test-dir/MiniOzoneClusterImpl-49991279-2dcc-4eb0-83dc-ab14c407d015/datanode-0/data/ratis/8ecee029-8d12-43a9-8959-4ae01a1e531d close()
2019-08-23 17:14:55,214 [main] INFO  segmented.SegmentedRaftLogWorker (SegmentedRaftLogWorker.java:close(228)) - 99cffe41-d7bb-421f-ad37-c26af1490bc7-SegmentedRaftLogWorker:Storage Directory /workdir/hadoop-ozone/integration-test/target/test-dir/MiniOzoneClusterImpl-49991279-2dcc-4eb0-83dc-ab14c407d015/datanode-3/data/ratis/3896a8e4-9cb4-41d3-a644-9f015f3b30ae close()
2019-08-23 17:14:55,217 [ForkJoinPool.commonPool-worker-0] INFO  impl.RaftServerImpl (RaftServerImpl.java:lambda$shutdown$3(245)) - 23fa496f-0b24-4481-8ded-b6c2e0b9cb99: shutdown group-150D2FE5AE1A
2019-08-23 17:14:55,221 [main] INFO  server.GrpcService (GrpcService.java:closeImpl(155)) - 99cffe41-d7bb-421f-ad37-c26af1490bc7: shutdown server with port 34140 now
2019-08-23 17:14:55,221 [ForkJoinPool.commonPool-worker-0] INFO  util.JmxRegister (JmxRegister.java:unregister(73)) - Successfully un-registered JMX Bean with object name Ratis:service=RaftServer,group=group-150D2FE5AE1A,id=23fa496f-0b24-4481-8ded-b6c2e0b9cb99
2019-08-23 17:14:55,222 [ForkJoinPool.commonPool-worker-0] INFO  impl.RoleInfo (RoleInfo.java:shutdownLeaderState(104)) - 23fa496f-0b24-4481-8ded-b6c2e0b9cb99: shutdown LeaderState
2019-08-23 17:14:55,222 [ForkJoinPool.commonPool-worker-0] INFO  impl.PendingRequests (PendingRequests.java:sendNotLeaderResponses(202)) - 23fa496f-0b24-4481-8ded-b6c2e0b9cb99-PendingRequests: sendNotLeaderResponses
2019-08-23 17:14:55,222 [main] INFO  server.GrpcService (GrpcService.java:closeImpl(163)) - 99cffe41-d7bb-421f-ad37-c26af1490bc7: shutdown server with port 34140 successfully
2019-08-23 17:14:55,223 [grpc-default-executor-8] WARN  server.GrpcLogAppender (LogUtils.java:warn(134)) - c15a8acb-9ee6-4d33-b032-95e74a5e0f7e->99cffe41-d7bb-421f-ad37-c26af1490bc7: Failed appendEntries: org.apache.ratis.thirdparty.io.grpc.StatusRuntimeException: CANCELLED: HTTP/2 error code: CANCEL
Received Rst Stream
2019-08-23 17:14:55,222 [grpc-default-executor-4] WARN  server.GrpcServerProtocolService (LogUtils.java:warn(134)) - 99cffe41-d7bb-421f-ad37-c26af1490bc7: appendEntries onError: org.apache.ratis.thirdparty.io.grpc.StatusRuntimeException: CANCELLED: cancelled before receiving half close
2019-08-23 17:14:55,223 [grpc-default-executor-8] INFO  impl.FollowerInfo (FollowerInfo.java:lambda$new$0(50)) - c15a8acb-9ee6-4d33-b032-95e74a5e0f7e->99cffe41-d7bb-421f-ad37-c26af1490bc7: nextIndex: updateUnconditionally 17 -> 16
2019-08-23 17:14:55,222 [ForkJoinPool.commonPool-worker-0] INFO  impl.StateMachineUpdater (StateMachineUpdater.java:stopAndJoin(115)) - StateMachineUpdater:23fa496f-0b24-4481-8ded-b6c2e0b9cb99:group-150D2FE5AE1A: set stopIndex = 0
2019-08-23 17:14:55,224 [ForkJoinPool.commonPool-worker-0] INFO  impl.RaftServerImpl (ServerState.java:close(394)) - 23fa496f-0b24-4481-8ded-b6c2e0b9cb99:group-150D2FE5AE1A closes. The last applied log index is 0
2019-08-23 17:14:55,225 [main] INFO  utils.BackgroundService (BackgroundService.java:shutdown(148)) - Shutting down service BlockDeletingService
2019-08-23 17:14:55,225 [23fa496f-0b24-4481-8ded-b6c2e0b9cb99-SegmentedRaftLogWorker:Storage Directory /workdir/hadoop-ozone/integration-test/target/test-dir/MiniOzoneClusterImpl-49991279-2dcc-4eb0-83dc-ab14c407d015/datanode-0/data/ratis/8fcb5fd7-150a-45fb-9988-150d2fe5ae1a] INFO  segmented.SegmentedRaftLogWorker (SegmentedRaftLogWorker.java:run(313)) - 23fa496f-0b24-4481-8ded-b6c2e0b9cb99-SegmentedRaftLogWorker:Storage Directory /workdir/hadoop-ozone/integration-test/target/test-dir/MiniOzoneClusterImpl-49991279-2dcc-4eb0-83dc-ab14c407d015/datanode-0/data/ratis/8fcb5fd7-150a-45fb-9988-150d2fe5ae1a was interrupted, exiting. There are 0 tasks remaining in the queue.
2019-08-23 17:14:55,227 [ForkJoinPool.commonPool-worker-0] INFO  segmented.SegmentedRaftLogWorker (SegmentedRaftLogWorker.java:close(228)) - 23fa496f-0b24-4481-8ded-b6c2e0b9cb99-SegmentedRaftLogWorker:Storage Directory /workdir/hadoop-ozone/integration-test/target/test-dir/MiniOzoneClusterImpl-49991279-2dcc-4eb0-83dc-ab14c407d015/datanode-0/data/ratis/8fcb5fd7-150a-45fb-9988-150d2fe5ae1a close()
2019-08-23 17:14:55,238 [ForkJoinPool.commonPool-worker-0] INFO  server.GrpcService (GrpcService.java:closeImpl(155)) - 23fa496f-0b24-4481-8ded-b6c2e0b9cb99: shutdown server with port 37392 now
2019-08-23 17:14:55,238 [refreshUsed-/workdir/hadoop-ozone/integration-test/target/test-dir/MiniOzoneClusterImpl-49991279-2dcc-4eb0-83dc-ab14c407d015/datanode-3/data/containers] WARN  fs.CachingGetSpaceUsed (CachingGetSpaceUsed.java:run(183)) - Thread Interrupted waiting to refresh disk information: sleep interrupted
2019-08-23 17:14:55,239 [ForkJoinPool.commonPool-worker-0] INFO  server.GrpcService (GrpcService.java:closeImpl(163)) - 23fa496f-0b24-4481-8ded-b6c2e0b9cb99: shutdown server with port 37392 successfully
2019-08-23 17:14:55,241 [grpc-default-executor-4] WARN  client.GrpcClientProtocolService (LogUtils.java:warn(134)) - 3-UnorderedRequestStreamObserver3: onError: org.apache.ratis.thirdparty.io.grpc.StatusRuntimeException: CANCELLED: cancelled before receiving half close
2019-08-23 17:14:55,243 [ForkJoinPool.commonPool-worker-0] INFO  utils.BackgroundService (BackgroundService.java:shutdown(148)) - Shutting down service BlockDeletingService
2019-08-23 17:14:55,244 [refreshUsed-/workdir/hadoop-ozone/integration-test/target/test-dir/MiniOzoneClusterImpl-49991279-2dcc-4eb0-83dc-ab14c407d015/datanode-0/data/containers] WARN  fs.CachingGetSpaceUsed (CachingGetSpaceUsed.java:run(183)) - Thread Interrupted waiting to refresh disk information: sleep interrupted
2019-08-23 17:14:55,266 [main] INFO  statemachine.DatanodeStateMachine (DatanodeStateMachine.java:stopDaemon(395)) - Ozone container server stopped.
2019-08-23 17:14:55,271 [ForkJoinPool.commonPool-worker-0] INFO  statemachine.DatanodeStateMachine (DatanodeStateMachine.java:stopDaemon(395)) - Ozone container server stopped.
2019-08-23 17:14:55,271 [main] INFO  handler.ContextHandler (ContextHandler.java:doStop(910)) - Stopped o.e.j.w.WebAppContext@33e80a27{/,null,UNAVAILABLE}{/hddsDatanode}
2019-08-23 17:14:55,276 [ForkJoinPool.commonPool-worker-0] INFO  handler.ContextHandler (ContextHandler.java:doStop(910)) - Stopped o.e.j.w.WebAppContext@6345dc06{/,null,UNAVAILABLE}{/hddsDatanode}
2019-08-23 17:14:55,276 [main] INFO  server.AbstractConnector (AbstractConnector.java:doStop(318)) - Stopped ServerConnector@7649d350{HTTP/1.1,[http/1.1]}{0.0.0.0:0}
2019-08-23 17:14:55,277 [main] INFO  handler.ContextHandler (ContextHandler.java:doStop(910)) - Stopped o.e.j.s.ServletContextHandler@4ca83ec3{/static,jar:file:/home/user/.m2/repository/org/apache/hadoop/hadoop-hdds-container-service/0.5.0-SNAPSHOT/hadoop-hdds-container-service-0.5.0-SNAPSHOT.jar!/webapps/static,UNAVAILABLE}
2019-08-23 17:14:55,277 [ForkJoinPool.commonPool-worker-0] INFO  server.AbstractConnector (AbstractConnector.java:doStop(318)) - Stopped ServerConnector@628d6320{HTTP/1.1,[http/1.1]}{0.0.0.0:0}
2019-08-23 17:14:55,277 [main] INFO  handler.ContextHandler (ContextHandler.java:doStop(910)) - Stopped o.e.j.s.ServletContextHandler@70eced1f{/logs,file:///workdir/hadoop-ozone/integration-test/target/log,UNAVAILABLE}
2019-08-23 17:14:55,279 [ForkJoinPool.commonPool-worker-0] INFO  handler.ContextHandler (ContextHandler.java:doStop(910)) - Stopped o.e.j.s.ServletContextHandler@365fde74{/static,jar:file:/home/user/.m2/repository/org/apache/hadoop/hadoop-hdds-container-service/0.5.0-SNAPSHOT/hadoop-hdds-container-service-0.5.0-SNAPSHOT.jar!/webapps/static,UNAVAILABLE}
2019-08-23 17:14:55,281 [ForkJoinPool.commonPool-worker-0] INFO  handler.ContextHandler (ContextHandler.java:doStop(910)) - Stopped o.e.j.s.ServletContextHandler@3582077c{/logs,file:///workdir/hadoop-ozone/integration-test/target/log,UNAVAILABLE}
2019-08-23 17:14:55,281 [main] INFO  datanode.ObjectStoreHandler (ObjectStoreHandler.java:close(155)) - Closing ObjectStoreHandler.
2019-08-23 17:14:55,282 [ForkJoinPool.commonPool-worker-0] INFO  datanode.ObjectStoreHandler (ObjectStoreHandler.java:close(155)) - Closing ObjectStoreHandler.
2019-08-23 17:14:55,282 [main] INFO  ozone.HddsDatanodeService (HddsDatanodeService.java:stop(451)) - Stopped plug-in org.apache.hadoop.ozone.web.OzoneHddsDatanodeService@3dab9366
2019-08-23 17:14:55,282 [ForkJoinPool.commonPool-worker-0] INFO  ozone.HddsDatanodeService (HddsDatanodeService.java:stop(451)) - Stopped plug-in org.apache.hadoop.ozone.web.OzoneHddsDatanodeService@40fd9358
2019-08-23 17:14:55,395 [grpc-default-executor-7] WARN  server.GrpcLogAppender (LogUtils.java:warn(134)) - c15a8acb-9ee6-4d33-b032-95e74a5e0f7e->99cffe41-d7bb-421f-ad37-c26af1490bc7: Failed appendEntries: org.apache.ratis.thirdparty.io.grpc.StatusRuntimeException: UNAVAILABLE: io exception
2019-08-23 17:14:55,395 [grpc-default-executor-10] WARN  server.GrpcLogAppender (LogUtils.java:warn(134)) - c15a8acb-9ee6-4d33-b032-95e74a5e0f7e->eb580450-fe81-484d-8f0c-907a5b435dbc: Failed appendEntries: org.apache.ratis.thirdparty.io.grpc.StatusRuntimeException: UNAVAILABLE: io exception
2019-08-23 17:14:55,395 [grpc-default-executor-7] INFO  impl.FollowerInfo (FollowerInfo.java:lambda$new$0(50)) - c15a8acb-9ee6-4d33-b032-95e74a5e0f7e->99cffe41-d7bb-421f-ad37-c26af1490bc7: nextIndex: updateUnconditionally 16 -> 15
2019-08-23 17:14:55,396 [grpc-default-executor-10] INFO  impl.FollowerInfo (FollowerInfo.java:lambda$new$0(50)) - c15a8acb-9ee6-4d33-b032-95e74a5e0f7e->eb580450-fe81-484d-8f0c-907a5b435dbc: nextIndex: updateUnconditionally 13 -> 12
2019-08-23 17:14:55,944 [Datanode State Machine Thread - 0] INFO  statemachine.DatanodeStateMachine (DatanodeStateMachine.java:lambda$startDaemon$0(350)) - Ozone container server started.
2019-08-23 17:14:56,065 [Datanode State Machine Thread - 0] INFO  statemachine.DatanodeStateMachine (DatanodeStateMachine.java:lambda$startDaemon$0(350)) - Ozone container server started.
2019-08-23 17:14:57,895 [grpc-default-executor-10] WARN  server.GrpcLogAppender (LogUtils.java:warn(134)) - c15a8acb-9ee6-4d33-b032-95e74a5e0f7e->99cffe41-d7bb-421f-ad37-c26af1490bc7: Failed appendEntries: org.apache.ratis.thirdparty.io.grpc.StatusRuntimeException: UNAVAILABLE: io exception
2019-08-23 17:14:57,896 [grpc-default-executor-7] WARN  server.GrpcLogAppender (LogUtils.java:warn(134)) - c15a8acb-9ee6-4d33-b032-95e74a5e0f7e->eb580450-fe81-484d-8f0c-907a5b435dbc: Failed appendEntries: org.apache.ratis.thirdparty.io.grpc.StatusRuntimeException: UNAVAILABLE: io exception
2019-08-23 17:14:57,896 [grpc-default-executor-10] INFO  impl.FollowerInfo (FollowerInfo.java:lambda$new$0(50)) - c15a8acb-9ee6-4d33-b032-95e74a5e0f7e->99cffe41-d7bb-421f-ad37-c26af1490bc7: nextIndex: updateUnconditionally 15 -> 14
2019-08-23 17:14:57,896 [grpc-default-executor-7] INFO  impl.FollowerInfo (FollowerInfo.java:lambda$new$0(50)) - c15a8acb-9ee6-4d33-b032-95e74a5e0f7e->eb580450-fe81-484d-8f0c-907a5b435dbc: nextIndex: updateUnconditionally 12 -> 11
2019-08-23 17:14:59,978 [EventQueue-StaleNodeForStaleNodeHandler] INFO  node.StaleNodeHandler (StaleNodeHandler.java:onMessage(58)) - Datanode c15a8acb-9ee6-4d33-b032-95e74a5e0f7e{ip: 192.168.34.23, host: pr-hdds-1982-decom-states-s47vm-2072066488, networkLocation: /default-rack, certSerialId: null} moved to stale state. Finalizing its pipelines [PipelineID=3896a8e4-9cb4-41d3-a644-9f015f3b30ae, PipelineID=6b8c378b-c31d-4152-8903-d84689adc8ec]
2019-08-23 17:14:59,979 [EventQueue-StaleNodeForStaleNodeHandler] INFO  pipeline.SCMPipelineManager (SCMPipelineManager.java:finalizeAndDestroyPipeline(309)) - destroying pipeline:Pipeline[ Id: 3896a8e4-9cb4-41d3-a644-9f015f3b30ae, Nodes: c15a8acb-9ee6-4d33-b032-95e74a5e0f7e{ip: 192.168.34.23, host: pr-hdds-1982-decom-states-s47vm-2072066488, networkLocation: /default-rack, certSerialId: null}99cffe41-d7bb-421f-ad37-c26af1490bc7{ip: 192.168.34.23, host: pr-hdds-1982-decom-states-s47vm-2072066488, networkLocation: /default-rack, certSerialId: null}eb580450-fe81-484d-8f0c-907a5b435dbc{ip: 192.168.34.23, host: pr-hdds-1982-decom-states-s47vm-2072066488, networkLocation: /default-rack, certSerialId: null}, Type:RATIS, Factor:THREE, State:CLOSED]
2019-08-23 17:14:59,979 [EventQueue-StaleNodeForStaleNodeHandler] INFO  pipeline.SCMPipelineManager (SCMPipelineManager.java:finalizeAndDestroyPipeline(309)) - destroying pipeline:Pipeline[ Id: 6b8c378b-c31d-4152-8903-d84689adc8ec, Nodes: c15a8acb-9ee6-4d33-b032-95e74a5e0f7e{ip: 192.168.34.23, host: pr-hdds-1982-decom-states-s47vm-2072066488, networkLocation: /default-rack, certSerialId: null}, Type:RATIS, Factor:ONE, State:OPEN]
2019-08-23 17:14:59,979 [EventQueue-StaleNodeForStaleNodeHandler] INFO  pipeline.PipelineStateManager (PipelineStateManager.java:finalizePipeline(123)) - Pipeline Pipeline[ Id: 6b8c378b-c31d-4152-8903-d84689adc8ec, Nodes: c15a8acb-9ee6-4d33-b032-95e74a5e0f7e{ip: 192.168.34.23, host: pr-hdds-1982-decom-states-s47vm-2072066488, networkLocation: /default-rack, certSerialId: null}, Type:RATIS, Factor:ONE, State:CLOSED] moved to CLOSED state
2019-08-23 17:15:00,079 [EventQueue-StaleNodeForStaleNodeHandler] INFO  node.StaleNodeHandler (StaleNodeHandler.java:onMessage(58)) - Datanode fe3b8c04-bb20-41f7-95be-d76e619600de{ip: 192.168.34.23, host: pr-hdds-1982-decom-states-s47vm-2072066488, networkLocation: /default-rack, certSerialId: null} moved to stale state. Finalizing its pipelines [PipelineID=20b047f0-e9cd-4c06-86ef-7c633601ec3d]
2019-08-23 17:15:00,079 [EventQueue-StaleNodeForStaleNodeHandler] INFO  pipeline.SCMPipelineManager (SCMPipelineManager.java:finalizeAndDestroyPipeline(309)) - destroying pipeline:Pipeline[ Id: 20b047f0-e9cd-4c06-86ef-7c633601ec3d, Nodes: fe3b8c04-bb20-41f7-95be-d76e619600de{ip: 192.168.34.23, host: pr-hdds-1982-decom-states-s47vm-2072066488, networkLocation: /default-rack, certSerialId: null}, Type:RATIS, Factor:ONE, State:OPEN]
2019-08-23 17:15:00,079 [EventQueue-StaleNodeForStaleNodeHandler] INFO  pipeline.PipelineStateManager (PipelineStateManager.java:finalizePipeline(123)) - Pipeline Pipeline[ Id: 20b047f0-e9cd-4c06-86ef-7c633601ec3d, Nodes: fe3b8c04-bb20-41f7-95be-d76e619600de{ip: 192.168.34.23, host: pr-hdds-1982-decom-states-s47vm-2072066488, networkLocation: /default-rack, certSerialId: null}, Type:RATIS, Factor:ONE, State:CLOSED] moved to CLOSED state
2019-08-23 17:15:00,283 [main] INFO  ozoneimpl.OzoneContainer (OzoneContainer.java:stop(199)) - Attempting to stop container services.
2019-08-23 17:15:00,283 [ForkJoinPool.commonPool-worker-0] INFO  ozoneimpl.OzoneContainer (OzoneContainer.java:stop(199)) - Attempting to stop container services.
2019-08-23 17:15:00,284 [main] INFO  impl.RaftServerProxy (RaftServerProxy.java:lambda$close$4(314)) - fe3b8c04-bb20-41f7-95be-d76e619600de: close
2019-08-23 17:15:00,284 [ForkJoinPool.commonPool-worker-0] INFO  impl.RaftServerProxy (RaftServerProxy.java:lambda$close$4(314)) - c15a8acb-9ee6-4d33-b032-95e74a5e0f7e: close
2019-08-23 17:15:00,284 [main] INFO  impl.RaftServerImpl (RaftServerImpl.java:lambda$shutdown$3(245)) - fe3b8c04-bb20-41f7-95be-d76e619600de: shutdown group-7C633601EC3D
2019-08-23 17:15:00,285 [ForkJoinPool.commonPool-worker-0] INFO  impl.RaftServerImpl (RaftServerImpl.java:lambda$shutdown$3(245)) - c15a8acb-9ee6-4d33-b032-95e74a5e0f7e: shutdown group-9F015F3B30AE
2019-08-23 17:15:00,285 [main] INFO  util.JmxRegister (JmxRegister.java:unregister(73)) - Successfully un-registered JMX Bean with object name Ratis:service=RaftServer,group=group-7C633601EC3D,id=fe3b8c04-bb20-41f7-95be-d76e619600de
2019-08-23 17:15:00,285 [ForkJoinPool.commonPool-worker-0] INFO  util.JmxRegister (JmxRegister.java:unregister(73)) - Successfully un-registered JMX Bean with object name Ratis:service=RaftServer,group=group-9F015F3B30AE,id=c15a8acb-9ee6-4d33-b032-95e74a5e0f7e
2019-08-23 17:15:00,286 [main] INFO  impl.RoleInfo (RoleInfo.java:shutdownLeaderState(104)) - fe3b8c04-bb20-41f7-95be-d76e619600de: shutdown LeaderState
2019-08-23 17:15:00,286 [ForkJoinPool.commonPool-worker-0] INFO  impl.RoleInfo (RoleInfo.java:shutdownLeaderState(104)) - c15a8acb-9ee6-4d33-b032-95e74a5e0f7e: shutdown LeaderState
2019-08-23 17:15:00,286 [main] INFO  impl.PendingRequests (PendingRequests.java:sendNotLeaderResponses(202)) - fe3b8c04-bb20-41f7-95be-d76e619600de-PendingRequests: sendNotLeaderResponses
2019-08-23 17:15:00,290 [org.apache.ratis.server.impl.LogAppender$AppenderDaemon$$Lambda$496/993533451@477a6f83] WARN  server.GrpcLogAppender (GrpcLogAppender.java:mayWait(143)) - GrpcLogAppender(c15a8acb-9ee6-4d33-b032-95e74a5e0f7e->eb580450-fe81-484d-8f0c-907a5b435dbc): Wait interrupted by java.lang.InterruptedException
2019-08-23 17:15:00,290 [main] INFO  impl.StateMachineUpdater (StateMachineUpdater.java:stopAndJoin(115)) - StateMachineUpdater:fe3b8c04-bb20-41f7-95be-d76e619600de:group-7C633601EC3D: set stopIndex = 0
2019-08-23 17:15:00,290 [org.apache.ratis.server.impl.LogAppender$AppenderDaemon$$Lambda$496/993533451@278f1a8] WARN  server.GrpcLogAppender (GrpcLogAppender.java:mayWait(143)) - GrpcLogAppender(c15a8acb-9ee6-4d33-b032-95e74a5e0f7e->99cffe41-d7bb-421f-ad37-c26af1490bc7): Wait interrupted by java.lang.InterruptedException
2019-08-23 17:15:00,290 [ForkJoinPool.commonPool-worker-0] INFO  impl.PendingRequests (PendingRequests.java:sendNotLeaderResponses(202)) - c15a8acb-9ee6-4d33-b032-95e74a5e0f7e-PendingRequests: sendNotLeaderResponses
2019-08-23 17:15:00,291 [main] INFO  impl.RaftServerImpl (ServerState.java:close(394)) - fe3b8c04-bb20-41f7-95be-d76e619600de:group-7C633601EC3D closes. The last applied log index is 0
2019-08-23 17:15:00,295 [StateMachineUpdater:c15a8acb-9ee6-4d33-b032-95e74a5e0f7e:group-9F015F3B30AE] INFO  ratis.ContainerStateMachine (ContainerStateMachine.java:takeSnapshot(283)) - group-9F015F3B30AE: Taking a snapshot at:(t:1, i:16) file /workdir/hadoop-ozone/integration-test/target/test-dir/MiniOzoneClusterImpl-49991279-2dcc-4eb0-83dc-ab14c407d015/datanode-5/data/ratis/3896a8e4-9cb4-41d3-a644-9f015f3b30ae/sm/snapshot.1_16
2019-08-23 17:15:00,295 [ForkJoinPool.commonPool-worker-0] INFO  impl.StateMachineUpdater (StateMachineUpdater.java:stopAndJoin(115)) - StateMachineUpdater:c15a8acb-9ee6-4d33-b032-95e74a5e0f7e:group-9F015F3B30AE: set stopIndex = 16
2019-08-23 17:15:00,295 [fe3b8c04-bb20-41f7-95be-d76e619600de-SegmentedRaftLogWorker:Storage Directory /workdir/hadoop-ozone/integration-test/target/test-dir/MiniOzoneClusterImpl-49991279-2dcc-4eb0-83dc-ab14c407d015/datanode-6/data/ratis/20b047f0-e9cd-4c06-86ef-7c633601ec3d] INFO  segmented.SegmentedRaftLogWorker (SegmentedRaftLogWorker.java:run(313)) - fe3b8c04-bb20-41f7-95be-d76e619600de-SegmentedRaftLogWorker:Storage Directory /workdir/hadoop-ozone/integration-test/target/test-dir/MiniOzoneClusterImpl-49991279-2dcc-4eb0-83dc-ab14c407d015/datanode-6/data/ratis/20b047f0-e9cd-4c06-86ef-7c633601ec3d was interrupted, exiting. There are 0 tasks remaining in the queue.
2019-08-23 17:15:00,308 [main] INFO  segmented.SegmentedRaftLogWorker (SegmentedRaftLogWorker.java:close(228)) - fe3b8c04-bb20-41f7-95be-d76e619600de-SegmentedRaftLogWorker:Storage Directory /workdir/hadoop-ozone/integration-test/target/test-dir/MiniOzoneClusterImpl-49991279-2dcc-4eb0-83dc-ab14c407d015/datanode-6/data/ratis/20b047f0-e9cd-4c06-86ef-7c633601ec3d close()
2019-08-23 17:15:00,309 [main] INFO  server.GrpcService (GrpcService.java:closeImpl(155)) - fe3b8c04-bb20-41f7-95be-d76e619600de: shutdown server with port 41648 now
2019-08-23 17:15:00,310 [main] INFO  server.GrpcService (GrpcService.java:closeImpl(163)) - fe3b8c04-bb20-41f7-95be-d76e619600de: shutdown server with port 41648 successfully
2019-08-23 17:15:00,312 [main] INFO  utils.BackgroundService (BackgroundService.java:shutdown(148)) - Shutting down service BlockDeletingService
2019-08-23 17:15:00,322 [refreshUsed-/workdir/hadoop-ozone/integration-test/target/test-dir/MiniOzoneClusterImpl-49991279-2dcc-4eb0-83dc-ab14c407d015/datanode-6/data/containers] WARN  fs.CachingGetSpaceUsed (CachingGetSpaceUsed.java:run(183)) - Thread Interrupted waiting to refresh disk information: sleep interrupted
2019-08-23 17:15:00,322 [StateMachineUpdater:c15a8acb-9ee6-4d33-b032-95e74a5e0f7e:group-9F015F3B30AE] INFO  ratis.ContainerStateMachine (ContainerStateMachine.java:takeSnapshot(294)) - group-9F015F3B30AE: Finished taking a snapshot at:(t:1, i:16) file:/workdir/hadoop-ozone/integration-test/target/test-dir/MiniOzoneClusterImpl-49991279-2dcc-4eb0-83dc-ab14c407d015/datanode-5/data/ratis/3896a8e4-9cb4-41d3-a644-9f015f3b30ae/sm/snapshot.1_16 time:28
2019-08-23 17:15:00,322 [StateMachineUpdater:c15a8acb-9ee6-4d33-b032-95e74a5e0f7e:group-9F015F3B30AE] INFO  impl.StateMachineUpdater (StateMachineUpdater.java:takeSnapshot(242)) - StateMachineUpdater:c15a8acb-9ee6-4d33-b032-95e74a5e0f7e:group-9F015F3B30AE: Took a snapshot at index 16
2019-08-23 17:15:00,323 [StateMachineUpdater:c15a8acb-9ee6-4d33-b032-95e74a5e0f7e:group-9F015F3B30AE] INFO  impl.StateMachineUpdater (StateMachineUpdater.java:lambda$new$0(80)) - StateMachineUpdater:c15a8acb-9ee6-4d33-b032-95e74a5e0f7e:group-9F015F3B30AE: snapshotIndex: updateIncreasingly -1 -> 16
2019-08-23 17:15:00,323 [ForkJoinPool.commonPool-worker-0] INFO  impl.RaftServerImpl (ServerState.java:close(394)) - c15a8acb-9ee6-4d33-b032-95e74a5e0f7e:group-9F015F3B30AE closes. The last applied log index is 16
2019-08-23 17:15:00,323 [c15a8acb-9ee6-4d33-b032-95e74a5e0f7e-SegmentedRaftLogWorker:Storage Directory /workdir/hadoop-ozone/integration-test/target/test-dir/MiniOzoneClusterImpl-49991279-2dcc-4eb0-83dc-ab14c407d015/datanode-5/data/ratis/3896a8e4-9cb4-41d3-a644-9f015f3b30ae] INFO  segmented.SegmentedRaftLogWorker (SegmentedRaftLogWorker.java:run(313)) - c15a8acb-9ee6-4d33-b032-95e74a5e0f7e-SegmentedRaftLogWorker:Storage Directory /workdir/hadoop-ozone/integration-test/target/test-dir/MiniOzoneClusterImpl-49991279-2dcc-4eb0-83dc-ab14c407d015/datanode-5/data/ratis/3896a8e4-9cb4-41d3-a644-9f015f3b30ae was interrupted, exiting. There are 0 tasks remaining in the queue.
2019-08-23 17:15:00,324 [ForkJoinPool.commonPool-worker-0] INFO  segmented.SegmentedRaftLogWorker (SegmentedRaftLogWorker.java:close(228)) - c15a8acb-9ee6-4d33-b032-95e74a5e0f7e-SegmentedRaftLogWorker:Storage Directory /workdir/hadoop-ozone/integration-test/target/test-dir/MiniOzoneClusterImpl-49991279-2dcc-4eb0-83dc-ab14c407d015/datanode-5/data/ratis/3896a8e4-9cb4-41d3-a644-9f015f3b30ae close()
2019-08-23 17:15:00,325 [ForkJoinPool.commonPool-worker-0] INFO  impl.RaftServerImpl (RaftServerImpl.java:lambda$shutdown$3(245)) - c15a8acb-9ee6-4d33-b032-95e74a5e0f7e: shutdown group-D84689ADC8EC
2019-08-23 17:15:00,325 [ForkJoinPool.commonPool-worker-0] INFO  util.JmxRegister (JmxRegister.java:unregister(73)) - Successfully un-registered JMX Bean with object name Ratis:service=RaftServer,group=group-D84689ADC8EC,id=c15a8acb-9ee6-4d33-b032-95e74a5e0f7e
2019-08-23 17:15:00,325 [ForkJoinPool.commonPool-worker-0] INFO  impl.RoleInfo (RoleInfo.java:shutdownLeaderState(104)) - c15a8acb-9ee6-4d33-b032-95e74a5e0f7e: shutdown LeaderState
2019-08-23 17:15:00,325 [ForkJoinPool.commonPool-worker-0] INFO  impl.PendingRequests (PendingRequests.java:sendNotLeaderResponses(202)) - c15a8acb-9ee6-4d33-b032-95e74a5e0f7e-PendingRequests: sendNotLeaderResponses
2019-08-23 17:15:00,325 [ForkJoinPool.commonPool-worker-0] INFO  impl.StateMachineUpdater (StateMachineUpdater.java:stopAndJoin(115)) - StateMachineUpdater:c15a8acb-9ee6-4d33-b032-95e74a5e0f7e:group-D84689ADC8EC: set stopIndex = 0
2019-08-23 17:15:00,327 [ForkJoinPool.commonPool-worker-0] INFO  impl.RaftServerImpl (ServerState.java:close(394)) - c15a8acb-9ee6-4d33-b032-95e74a5e0f7e:group-D84689ADC8EC closes. The last applied log index is 0
2019-08-23 17:15:00,327 [c15a8acb-9ee6-4d33-b032-95e74a5e0f7e-SegmentedRaftLogWorker:Storage Directory /workdir/hadoop-ozone/integration-test/target/test-dir/MiniOzoneClusterImpl-49991279-2dcc-4eb0-83dc-ab14c407d015/datanode-5/data/ratis/6b8c378b-c31d-4152-8903-d84689adc8ec] INFO  segmented.SegmentedRaftLogWorker (SegmentedRaftLogWorker.java:run(313)) - c15a8acb-9ee6-4d33-b032-95e74a5e0f7e-SegmentedRaftLogWorker:Storage Directory /workdir/hadoop-ozone/integration-test/target/test-dir/MiniOzoneClusterImpl-49991279-2dcc-4eb0-83dc-ab14c407d015/datanode-5/data/ratis/6b8c378b-c31d-4152-8903-d84689adc8ec was interrupted, exiting. There are 0 tasks remaining in the queue.
2019-08-23 17:15:00,327 [ForkJoinPool.commonPool-worker-0] INFO  segmented.SegmentedRaftLogWorker (SegmentedRaftLogWorker.java:close(228)) - c15a8acb-9ee6-4d33-b032-95e74a5e0f7e-SegmentedRaftLogWorker:Storage Directory /workdir/hadoop-ozone/integration-test/target/test-dir/MiniOzoneClusterImpl-49991279-2dcc-4eb0-83dc-ab14c407d015/datanode-5/data/ratis/6b8c378b-c31d-4152-8903-d84689adc8ec close()
2019-08-23 17:15:00,328 [ForkJoinPool.commonPool-worker-0] INFO  server.GrpcService (GrpcService.java:closeImpl(155)) - c15a8acb-9ee6-4d33-b032-95e74a5e0f7e: shutdown server with port 33369 now
2019-08-23 17:15:00,330 [grpc-default-executor-10] WARN  client.GrpcClientProtocolService (LogUtils.java:warn(134)) - 1-UnorderedRequestStreamObserver1: onError: org.apache.ratis.thirdparty.io.grpc.StatusRuntimeException: CANCELLED: cancelled before receiving half close
2019-08-23 17:15:00,330 [ForkJoinPool.commonPool-worker-0] INFO  server.GrpcService (GrpcService.java:closeImpl(163)) - c15a8acb-9ee6-4d33-b032-95e74a5e0f7e: shutdown server with port 33369 successfully
2019-08-23 17:15:00,331 [ForkJoinPool.commonPool-worker-0] INFO  utils.BackgroundService (BackgroundService.java:shutdown(148)) - Shutting down service BlockDeletingService
2019-08-23 17:15:00,332 [refreshUsed-/workdir/hadoop-ozone/integration-test/target/test-dir/MiniOzoneClusterImpl-49991279-2dcc-4eb0-83dc-ab14c407d015/datanode-5/data/containers] WARN  fs.CachingGetSpaceUsed (CachingGetSpaceUsed.java:run(183)) - Thread Interrupted waiting to refresh disk information: sleep interrupted
2019-08-23 17:15:00,347 [main] INFO  statemachine.DatanodeStateMachine (DatanodeStateMachine.java:stopDaemon(395)) - Ozone container server stopped.
2019-08-23 17:15:00,349 [main] INFO  handler.ContextHandler (ContextHandler.java:doStop(910)) - Stopped o.e.j.w.WebAppContext@2380e8d4{/,null,UNAVAILABLE}{/hddsDatanode}
2019-08-23 17:15:00,350 [main] INFO  server.AbstractConnector (AbstractConnector.java:doStop(318)) - Stopped ServerConnector@53b5356{HTTP/1.1,[http/1.1]}{0.0.0.0:0}
2019-08-23 17:15:00,351 [main] INFO  handler.ContextHandler (ContextHandler.java:doStop(910)) - Stopped o.e.j.s.ServletContextHandler@78ba0a57{/static,jar:file:/home/user/.m2/repository/org/apache/hadoop/hadoop-hdds-container-service/0.5.0-SNAPSHOT/hadoop-hdds-container-service-0.5.0-SNAPSHOT.jar!/webapps/static,UNAVAILABLE}
2019-08-23 17:15:00,351 [main] INFO  handler.ContextHandler (ContextHandler.java:doStop(910)) - Stopped o.e.j.s.ServletContextHandler@5d5b07e9{/logs,file:///workdir/hadoop-ozone/integration-test/target/log,UNAVAILABLE}
2019-08-23 17:15:00,355 [ForkJoinPool.commonPool-worker-0] INFO  statemachine.DatanodeStateMachine (DatanodeStateMachine.java:stopDaemon(395)) - Ozone container server stopped.
2019-08-23 17:15:00,358 [ForkJoinPool.commonPool-worker-0] INFO  handler.ContextHandler (ContextHandler.java:doStop(910)) - Stopped o.e.j.w.WebAppContext@353ac1ef{/,null,UNAVAILABLE}{/hddsDatanode}
2019-08-23 17:15:00,359 [ForkJoinPool.commonPool-worker-0] INFO  server.AbstractConnector (AbstractConnector.java:doStop(318)) - Stopped ServerConnector@72c8de78{HTTP/1.1,[http/1.1]}{0.0.0.0:0}
2019-08-23 17:15:00,360 [ForkJoinPool.commonPool-worker-0] INFO  handler.ContextHandler (ContextHandler.java:doStop(910)) - Stopped o.e.j.s.ServletContextHandler@13c79e0d{/static,jar:file:/home/user/.m2/repository/org/apache/hadoop/hadoop-hdds-container-service/0.5.0-SNAPSHOT/hadoop-hdds-container-service-0.5.0-SNAPSHOT.jar!/webapps/static,UNAVAILABLE}
2019-08-23 17:15:00,361 [ForkJoinPool.commonPool-worker-0] INFO  handler.ContextHandler (ContextHandler.java:doStop(910)) - Stopped o.e.j.s.ServletContextHandler@4ab1ff80{/logs,file:///workdir/hadoop-ozone/integration-test/target/log,UNAVAILABLE}
2019-08-23 17:15:00,362 [main] INFO  ozone.MiniOzoneClusterImpl (MiniOzoneClusterImpl.java:stop(353)) - Stopping the StorageContainerManager
2019-08-23 17:15:00,362 [main] INFO  server.StorageContainerManager (StorageContainerManager.java:stop(797)) - Stopping Replication Manager Service.
2019-08-23 17:15:00,363 [main] INFO  container.ReplicationManager (ReplicationManager.java:stop(193)) - Stopping Replication Monitor Thread.
2019-08-23 17:15:00,363 [main] INFO  server.StorageContainerManager (StorageContainerManager.java:stop(804)) - Stopping Lease Manager of the command watchers
2019-08-23 17:15:00,363 [main] INFO  server.StorageContainerManager (StorageContainerManager.java:stop(811)) - Stopping datanode service RPC server
2019-08-23 17:15:00,363 [main] INFO  server.SCMDatanodeProtocolServer (SCMDatanodeProtocolServer.java:stop(367)) - Stopping the RPC server for DataNodes
2019-08-23 17:15:00,363 [main] INFO  ipc.Server (Server.java:stop(3082)) - Stopping server on 36582
2019-08-23 17:15:00,366 [IPC Server listener on 36582] INFO  ipc.Server (Server.java:run(1185)) - Stopping IPC Server listener on 36582
2019-08-23 17:15:00,366 [IPC Server Responder] INFO  ipc.Server (Server.java:run(1319)) - Stopping IPC Server Responder
2019-08-23 17:15:00,379 [SCM Heartbeat Processing Thread - 0] WARN  node.NodeStateManager (NodeStateManager.java:scheduleNextHealthCheck(603)) - Current Thread is interrupted, shutting down HB processing thread for Node Manager.
2019-08-23 17:15:00,379 [main] INFO  server.StorageContainerManager (StorageContainerManager.java:stop(819)) - Stopping block service RPC server
2019-08-23 17:15:00,379 [main] INFO  server.SCMBlockProtocolServer (SCMBlockProtocolServer.java:stop(148)) - Stopping the RPC server for Block Protocol
2019-08-23 17:15:00,380 [main] INFO  ipc.Server (Server.java:stop(3082)) - Stopping server on 34851
2019-08-23 17:15:00,381 [IPC Server listener on 34851] INFO  ipc.Server (Server.java:run(1185)) - Stopping IPC Server listener on 34851
2019-08-23 17:15:00,381 [main] INFO  server.StorageContainerManager (StorageContainerManager.java:stop(826)) - Stopping the StorageContainerLocationProtocol RPC server
2019-08-23 17:15:00,382 [IPC Server Responder] INFO  ipc.Server (Server.java:run(1319)) - Stopping IPC Server Responder
2019-08-23 17:15:00,382 [main] INFO  server.SCMClientProtocolServer (SCMClientProtocolServer.java:stop(159)) - Stopping the RPC server for Client Protocol
2019-08-23 17:15:00,382 [main] INFO  ipc.Server (Server.java:stop(3082)) - Stopping server on 41871
2019-08-23 17:15:00,384 [IPC Server listener on 41871] INFO  ipc.Server (Server.java:run(1185)) - Stopping IPC Server listener on 41871
2019-08-23 17:15:00,384 [main] INFO  server.StorageContainerManager (StorageContainerManager.java:stop(833)) - Stopping Storage Container Manager HTTP server.
2019-08-23 17:15:00,384 [IPC Server Responder] INFO  ipc.Server (Server.java:run(1319)) - Stopping IPC Server Responder
2019-08-23 17:15:00,385 [main] INFO  handler.ContextHandler (ContextHandler.java:doStop(910)) - Stopped o.e.j.w.WebAppContext@2aadeb31{/,null,UNAVAILABLE}{/scm}
2019-08-23 17:15:00,386 [main] INFO  server.AbstractConnector (AbstractConnector.java:doStop(318)) - Stopped ServerConnector@704ddfad{HTTP/1.1,[http/1.1]}{0.0.0.0:0}
2019-08-23 17:15:00,386 [main] INFO  handler.ContextHandler (ContextHandler.java:doStop(910)) - Stopped o.e.j.s.ServletContextHandler@44f6ac4f{/static,file:///workdir/hadoop-ozone/integration-test/target/test-classes/webapps/static,UNAVAILABLE}
2019-08-23 17:15:00,387 [main] INFO  handler.ContextHandler (ContextHandler.java:doStop(910)) - Stopped o.e.j.s.ServletContextHandler@d640fe6{/logs,file:///workdir/hadoop-ozone/integration-test/target/log,UNAVAILABLE}
2019-08-23 17:15:00,387 [main] INFO  server.StorageContainerManager (StorageContainerManager.java:stop(844)) - Stopping Block Manager Service.
2019-08-23 17:15:00,387 [main] INFO  utils.BackgroundService (BackgroundService.java:shutdown(148)) - Shutting down service SCMBlockDeletingService
2019-08-23 17:15:00,388 [main] INFO  utils.BackgroundService (BackgroundService.java:shutdown(148)) - Shutting down service SCMBlockDeletingService
2019-08-23 17:15:00,388 [main] INFO  server.StorageContainerManager (StorageContainerManager.java:stop(866)) - Stopping SCM Event Queue.
2019-08-23 17:15:00,391 [main] INFO  impl.MetricsSystemImpl (MetricsSystemImpl.java:stop(210)) - Stopping HddsDatanode metrics system...
2019-08-23 17:15:00,400 [main] INFO  impl.MetricsSystemImpl (MetricsSystemImpl.java:stop(216)) - HddsDatanode metrics system stopped.
]]></system-out>
    <system-err><![CDATA[Aug 23, 2019 5:14:26 PM com.sun.jersey.server.impl.application.WebApplicationImpl _initiate
INFO: Initiating Jersey application, version 'Jersey: 1.19 02/11/2015 03:25 AM'
Aug 23, 2019 5:14:26 PM com.sun.jersey.server.impl.application.WebApplicationImpl _initiate
INFO: Initiating Jersey application, version 'Jersey: 1.19 02/11/2015 03:25 AM'
Aug 23, 2019 5:14:27 PM com.sun.jersey.server.impl.application.WebApplicationImpl _initiate
INFO: Initiating Jersey application, version 'Jersey: 1.19 02/11/2015 03:25 AM'
Aug 23, 2019 5:14:27 PM com.sun.jersey.server.impl.application.WebApplicationImpl _initiate
INFO: Initiating Jersey application, version 'Jersey: 1.19 02/11/2015 03:25 AM'
Aug 23, 2019 5:14:27 PM com.sun.jersey.server.impl.application.WebApplicationImpl _initiate
INFO: Initiating Jersey application, version 'Jersey: 1.19 02/11/2015 03:25 AM'
Aug 23, 2019 5:14:27 PM com.sun.jersey.server.impl.application.WebApplicationImpl _initiate
INFO: Initiating Jersey application, version 'Jersey: 1.19 02/11/2015 03:25 AM'
Aug 23, 2019 5:14:27 PM com.sun.jersey.server.impl.application.WebApplicationImpl _initiate
INFO: Initiating Jersey application, version 'Jersey: 1.19 02/11/2015 03:25 AM'
Aug 23, 2019 5:14:30 PM org.apache.ratis.thirdparty.io.grpc.internal.ManagedChannelOrphanWrapper$ManagedChannelReference cleanQueue
SEVERE: *~*~*~ Channel ManagedChannelImpl{logId=2665, target=192.168.34.23:42992} was not shutdown properly!!! ~*~*~*
    Make sure to call shutdown()/shutdownNow() and wait until awaitTermination() returns true.
java.lang.RuntimeException: ManagedChannel allocation site
	at org.apache.ratis.thirdparty.io.grpc.internal.ManagedChannelOrphanWrapper$ManagedChannelReference.<init>(ManagedChannelOrphanWrapper.java:103)
	at org.apache.ratis.thirdparty.io.grpc.internal.ManagedChannelOrphanWrapper.<init>(ManagedChannelOrphanWrapper.java:53)
	at org.apache.ratis.thirdparty.io.grpc.internal.ManagedChannelOrphanWrapper.<init>(ManagedChannelOrphanWrapper.java:44)
	at org.apache.ratis.thirdparty.io.grpc.internal.AbstractManagedChannelImplBuilder.build(AbstractManagedChannelImplBuilder.java:411)
	at org.apache.ratis.grpc.client.GrpcClientProtocolClient.<init>(GrpcClientProtocolClient.java:119)
	at org.apache.ratis.grpc.client.GrpcClientRpc.lambda$new$0(GrpcClientRpc.java:55)
	at org.apache.ratis.util.PeerProxyMap$PeerAndProxy.lambda$getProxy$0(PeerProxyMap.java:61)
	at org.apache.ratis.util.LifeCycle.startAndTransition(LifeCycle.java:202)
	at org.apache.ratis.util.PeerProxyMap$PeerAndProxy.getProxy(PeerProxyMap.java:60)
	at org.apache.ratis.util.PeerProxyMap.getProxy(PeerProxyMap.java:107)
	at org.apache.ratis.grpc.client.GrpcClientRpc.sendRequestAsync(GrpcClientRpc.java:66)
	at org.apache.ratis.client.impl.OrderedAsync.sendRequest(OrderedAsync.java:208)
	at org.apache.ratis.client.impl.OrderedAsync.sendRequestWithRetry(OrderedAsync.java:169)
	at org.apache.ratis.util.SlidingWindow$Client.sendOrDelayRequest(SlidingWindow.java:278)
	at org.apache.ratis.util.SlidingWindow$Client.submitNewRequest(SlidingWindow.java:257)
	at org.apache.ratis.client.impl.OrderedAsync.send(OrderedAsync.java:155)
	at org.apache.ratis.client.impl.RaftClientImpl.sendAsync(RaftClientImpl.java:145)
	at org.apache.ratis.client.impl.RaftClientImpl.sendAsync(RaftClientImpl.java:125)
	at org.apache.hadoop.hdds.scm.XceiverClientRatis.sendRequestAsync(XceiverClientRatis.java:224)
	at org.apache.hadoop.hdds.scm.XceiverClientRatis.sendCommandAsync(XceiverClientRatis.java:302)
	at org.apache.hadoop.hdds.scm.storage.ContainerProtocolCalls.writeChunkAsync(ContainerProtocolCalls.java:310)
	at org.apache.hadoop.hdds.scm.storage.BlockOutputStream.writeChunkToContainer(BlockOutputStream.java:601)
	at org.apache.hadoop.hdds.scm.storage.BlockOutputStream.writeChunk(BlockOutputStream.java:459)
	at org.apache.hadoop.hdds.scm.storage.BlockOutputStream.writeOnRetry(BlockOutputStream.java:285)
	at org.apache.hadoop.ozone.client.io.BlockOutputStreamEntry.writeOnRetry(BlockOutputStreamEntry.java:200)
	at org.apache.hadoop.ozone.client.io.KeyOutputStream.handleWrite(KeyOutputStream.java:209)
	at org.apache.hadoop.ozone.client.io.KeyOutputStream.handleRetry(KeyOutputStream.java:376)
	at org.apache.hadoop.ozone.client.io.KeyOutputStream.handleException(KeyOutputStream.java:325)
	at org.apache.hadoop.ozone.client.io.KeyOutputStream.handleFlushOrClose(KeyOutputStream.java:448)
	at org.apache.hadoop.ozone.client.io.KeyOutputStream.handleWrite(KeyOutputStream.java:235)
	at org.apache.hadoop.ozone.client.io.KeyOutputStream.write(KeyOutputStream.java:193)
	at org.apache.hadoop.ozone.client.io.OzoneOutputStream.write(OzoneOutputStream.java:49)
	at java.io.OutputStream.write(OutputStream.java:75)
	at org.apache.hadoop.ozone.client.rpc.TestBlockOutputStreamWithFailures.testWatchForCommitWithSingleNodeRatis(TestBlockOutputStreamWithFailures.java:885)
	at sun.reflect.NativeMethodAccessorImpl.invoke0(Native Method)
	at sun.reflect.NativeMethodAccessorImpl.invoke(NativeMethodAccessorImpl.java:62)
	at sun.reflect.DelegatingMethodAccessorImpl.invoke(DelegatingMethodAccessorImpl.java:43)
	at java.lang.reflect.Method.invoke(Method.java:498)
	at org.junit.runners.model.FrameworkMethod$1.runReflectiveCall(FrameworkMethod.java:47)
	at org.junit.internal.runners.model.ReflectiveCallable.run(ReflectiveCallable.java:12)
	at org.junit.runners.model.FrameworkMethod.invokeExplosively(FrameworkMethod.java:44)
	at org.junit.internal.runners.statements.InvokeMethod.evaluate(InvokeMethod.java:17)
	at org.junit.internal.runners.statements.RunBefores.evaluate(RunBefores.java:26)
	at org.junit.internal.runners.statements.RunAfters.evaluate(RunAfters.java:27)
	at org.junit.runners.ParentRunner.runLeaf(ParentRunner.java:271)
	at org.junit.runners.BlockJUnit4ClassRunner.runChild(BlockJUnit4ClassRunner.java:70)
	at org.junit.runners.BlockJUnit4ClassRunner.runChild(BlockJUnit4ClassRunner.java:50)
	at org.junit.runners.ParentRunner$3.run(ParentRunner.java:238)
	at org.junit.runners.ParentRunner$1.schedule(ParentRunner.java:63)
	at org.junit.runners.ParentRunner.runChildren(ParentRunner.java:236)
	at org.junit.runners.ParentRunner.access$000(ParentRunner.java:53)
	at org.junit.runners.ParentRunner$2.evaluate(ParentRunner.java:229)
	at org.junit.runners.ParentRunner.run(ParentRunner.java:309)
	at org.apache.maven.surefire.junit4.JUnit4Provider.execute(JUnit4Provider.java:365)
	at org.apache.maven.surefire.junit4.JUnit4Provider.executeWithRerun(JUnit4Provider.java:273)
	at org.apache.maven.surefire.junit4.JUnit4Provider.executeTestSet(JUnit4Provider.java:238)
	at org.apache.maven.surefire.junit4.JUnit4Provider.invoke(JUnit4Provider.java:159)
	at org.apache.maven.surefire.booter.ForkedBooter.invokeProviderInSameClassLoader(ForkedBooter.java:384)
	at org.apache.maven.surefire.booter.ForkedBooter.runSuitesInProcess(ForkedBooter.java:345)
	at org.apache.maven.surefire.booter.ForkedBooter.execute(ForkedBooter.java:126)
	at org.apache.maven.surefire.booter.ForkedBooter.main(ForkedBooter.java:418)

Aug 23, 2019 5:14:30 PM org.apache.ratis.thirdparty.io.grpc.internal.ManagedChannelOrphanWrapper$ManagedChannelReference cleanQueue
SEVERE: *~*~*~ Channel ManagedChannelImpl{logId=2675, target=192.168.34.23:42269} was not shutdown properly!!! ~*~*~*
    Make sure to call shutdown()/shutdownNow() and wait until awaitTermination() returns true.
java.lang.RuntimeException: ManagedChannel allocation site
	at org.apache.ratis.thirdparty.io.grpc.internal.ManagedChannelOrphanWrapper$ManagedChannelReference.<init>(ManagedChannelOrphanWrapper.java:103)
	at org.apache.ratis.thirdparty.io.grpc.internal.ManagedChannelOrphanWrapper.<init>(ManagedChannelOrphanWrapper.java:53)
	at org.apache.ratis.thirdparty.io.grpc.internal.ManagedChannelOrphanWrapper.<init>(ManagedChannelOrphanWrapper.java:44)
	at org.apache.ratis.thirdparty.io.grpc.internal.AbstractManagedChannelImplBuilder.build(AbstractManagedChannelImplBuilder.java:411)
	at org.apache.hadoop.hdds.scm.XceiverClientGrpc.connectToDatanode(XceiverClientGrpc.java:174)
	at org.apache.hadoop.hdds.scm.XceiverClientGrpc.reconnect(XceiverClientGrpc.java:422)
	at org.apache.hadoop.hdds.scm.XceiverClientGrpc.sendCommandAsync(XceiverClientGrpc.java:371)
	at org.apache.hadoop.hdds.scm.XceiverClientGrpc.sendCommandWithRetry(XceiverClientGrpc.java:284)
	at org.apache.hadoop.hdds.scm.XceiverClientGrpc.sendCommandWithTraceIDAndRetry(XceiverClientGrpc.java:250)
	at org.apache.hadoop.hdds.scm.XceiverClientGrpc.sendCommand(XceiverClientGrpc.java:233)
	at org.apache.hadoop.hdds.scm.storage.ContainerProtocolCalls.getBlock(ContainerProtocolCalls.java:118)
	at org.apache.hadoop.hdds.scm.storage.BlockInputStream.getChunkInfos(BlockInputStream.java:167)
	at org.apache.hadoop.hdds.scm.storage.BlockInputStream.initialize(BlockInputStream.java:118)
	at org.apache.hadoop.hdds.scm.storage.BlockInputStream.read(BlockInputStream.java:222)
	at org.apache.hadoop.ozone.client.io.KeyInputStream.read(KeyInputStream.java:171)
	at org.apache.hadoop.ozone.client.io.OzoneInputStream.read(OzoneInputStream.java:47)
	at java.io.InputStream.read(InputStream.java:101)
	at org.apache.hadoop.ozone.container.ContainerTestHelper.validateData(ContainerTestHelper.java:713)
	at org.apache.hadoop.ozone.client.rpc.TestBlockOutputStreamWithFailures.validateData(TestBlockOutputStreamWithFailures.java:1216)
	at org.apache.hadoop.ozone.client.rpc.TestBlockOutputStreamWithFailures.testWatchForCommitWithSingleNodeRatis(TestBlockOutputStreamWithFailures.java:918)
	at sun.reflect.NativeMethodAccessorImpl.invoke0(Native Method)
	at sun.reflect.NativeMethodAccessorImpl.invoke(NativeMethodAccessorImpl.java:62)
	at sun.reflect.DelegatingMethodAccessorImpl.invoke(DelegatingMethodAccessorImpl.java:43)
	at java.lang.reflect.Method.invoke(Method.java:498)
	at org.junit.runners.model.FrameworkMethod$1.runReflectiveCall(FrameworkMethod.java:47)
	at org.junit.internal.runners.model.ReflectiveCallable.run(ReflectiveCallable.java:12)
	at org.junit.runners.model.FrameworkMethod.invokeExplosively(FrameworkMethod.java:44)
	at org.junit.internal.runners.statements.InvokeMethod.evaluate(InvokeMethod.java:17)
	at org.junit.internal.runners.statements.RunBefores.evaluate(RunBefores.java:26)
	at org.junit.internal.runners.statements.RunAfters.evaluate(RunAfters.java:27)
	at org.junit.runners.ParentRunner.runLeaf(ParentRunner.java:271)
	at org.junit.runners.BlockJUnit4ClassRunner.runChild(BlockJUnit4ClassRunner.java:70)
	at org.junit.runners.BlockJUnit4ClassRunner.runChild(BlockJUnit4ClassRunner.java:50)
	at org.junit.runners.ParentRunner$3.run(ParentRunner.java:238)
	at org.junit.runners.ParentRunner$1.schedule(ParentRunner.java:63)
	at org.junit.runners.ParentRunner.runChildren(ParentRunner.java:236)
	at org.junit.runners.ParentRunner.access$000(ParentRunner.java:53)
	at org.junit.runners.ParentRunner$2.evaluate(ParentRunner.java:229)
	at org.junit.runners.ParentRunner.run(ParentRunner.java:309)
	at org.apache.maven.surefire.junit4.JUnit4Provider.execute(JUnit4Provider.java:365)
	at org.apache.maven.surefire.junit4.JUnit4Provider.executeWithRerun(JUnit4Provider.java:273)
	at org.apache.maven.surefire.junit4.JUnit4Provider.executeTestSet(JUnit4Provider.java:238)
	at org.apache.maven.surefire.junit4.JUnit4Provider.invoke(JUnit4Provider.java:159)
	at org.apache.maven.surefire.booter.ForkedBooter.invokeProviderInSameClassLoader(ForkedBooter.java:384)
	at org.apache.maven.surefire.booter.ForkedBooter.runSuitesInProcess(ForkedBooter.java:345)
	at org.apache.maven.surefire.booter.ForkedBooter.execute(ForkedBooter.java:126)
	at org.apache.maven.surefire.booter.ForkedBooter.main(ForkedBooter.java:418)

Aug 23, 2019 5:14:30 PM org.apache.ratis.thirdparty.io.grpc.internal.ManagedChannelOrphanWrapper$ManagedChannelReference cleanQueue
SEVERE: *~*~*~ Channel ManagedChannelImpl{logId=2660, target=192.168.34.23:38886} was not shutdown properly!!! ~*~*~*
    Make sure to call shutdown()/shutdownNow() and wait until awaitTermination() returns true.
java.lang.RuntimeException: ManagedChannel allocation site
	at org.apache.ratis.thirdparty.io.grpc.internal.ManagedChannelOrphanWrapper$ManagedChannelReference.<init>(ManagedChannelOrphanWrapper.java:103)
	at org.apache.ratis.thirdparty.io.grpc.internal.ManagedChannelOrphanWrapper.<init>(ManagedChannelOrphanWrapper.java:53)
	at org.apache.ratis.thirdparty.io.grpc.internal.ManagedChannelOrphanWrapper.<init>(ManagedChannelOrphanWrapper.java:44)
	at org.apache.ratis.thirdparty.io.grpc.internal.AbstractManagedChannelImplBuilder.build(AbstractManagedChannelImplBuilder.java:411)
	at org.apache.ratis.grpc.client.GrpcClientProtocolClient.<init>(GrpcClientProtocolClient.java:119)
	at org.apache.ratis.grpc.client.GrpcClientRpc.lambda$new$0(GrpcClientRpc.java:55)
	at org.apache.ratis.util.PeerProxyMap$PeerAndProxy.lambda$getProxy$0(PeerProxyMap.java:61)
	at org.apache.ratis.util.LifeCycle.startAndTransition(LifeCycle.java:202)
	at org.apache.ratis.util.PeerProxyMap$PeerAndProxy.getProxy(PeerProxyMap.java:60)
	at org.apache.ratis.util.PeerProxyMap.getProxy(PeerProxyMap.java:107)
	at org.apache.ratis.grpc.client.GrpcClientRpc.sendRequestAsync(GrpcClientRpc.java:66)
	at org.apache.ratis.client.impl.OrderedAsync.sendRequest(OrderedAsync.java:208)
	at org.apache.ratis.client.impl.OrderedAsync.sendRequestWithRetry(OrderedAsync.java:169)
	at org.apache.ratis.util.SlidingWindow$Client.sendOrDelayRequest(SlidingWindow.java:278)
	at org.apache.ratis.util.SlidingWindow$Client.retry(SlidingWindow.java:294)
	at org.apache.ratis.client.impl.OrderedAsync.lambda$scheduleWithTimeout$7(OrderedAsync.java:195)
	at org.apache.ratis.util.TimeoutScheduler.lambda$onTimeout$0(TimeoutScheduler.java:85)
	at org.apache.ratis.util.TimeoutScheduler.lambda$onTimeout$1(TimeoutScheduler.java:104)
	at org.apache.ratis.util.LogUtils.runAndLog(LogUtils.java:50)
	at org.apache.ratis.util.LogUtils$1.run(LogUtils.java:91)
	at java.util.concurrent.Executors$RunnableAdapter.call(Executors.java:511)
	at java.util.concurrent.FutureTask.run(FutureTask.java:266)
	at java.util.concurrent.ScheduledThreadPoolExecutor$ScheduledFutureTask.access$201(ScheduledThreadPoolExecutor.java:180)
	at java.util.concurrent.ScheduledThreadPoolExecutor$ScheduledFutureTask.run(ScheduledThreadPoolExecutor.java:293)
	at java.util.concurrent.ThreadPoolExecutor.runWorker(ThreadPoolExecutor.java:1149)
	at java.util.concurrent.ThreadPoolExecutor$Worker.run(ThreadPoolExecutor.java:624)
	at java.lang.Thread.run(Thread.java:748)

Aug 23, 2019 5:14:30 PM org.apache.ratis.thirdparty.io.grpc.internal.ManagedChannelOrphanWrapper$ManagedChannelReference cleanQueue
SEVERE: *~*~*~ Channel ManagedChannelImpl{logId=2670, target=192.168.34.23:38356} was not shutdown properly!!! ~*~*~*
    Make sure to call shutdown()/shutdownNow() and wait until awaitTermination() returns true.
java.lang.RuntimeException: ManagedChannel allocation site
	at org.apache.ratis.thirdparty.io.grpc.internal.ManagedChannelOrphanWrapper$ManagedChannelReference.<init>(ManagedChannelOrphanWrapper.java:103)
	at org.apache.ratis.thirdparty.io.grpc.internal.ManagedChannelOrphanWrapper.<init>(ManagedChannelOrphanWrapper.java:53)
	at org.apache.ratis.thirdparty.io.grpc.internal.ManagedChannelOrphanWrapper.<init>(ManagedChannelOrphanWrapper.java:44)
	at org.apache.ratis.thirdparty.io.grpc.internal.AbstractManagedChannelImplBuilder.build(AbstractManagedChannelImplBuilder.java:411)
	at org.apache.hadoop.hdds.scm.XceiverClientGrpc.connectToDatanode(XceiverClientGrpc.java:174)
	at org.apache.hadoop.hdds.scm.XceiverClientGrpc.reconnect(XceiverClientGrpc.java:422)
	at org.apache.hadoop.hdds.scm.XceiverClientGrpc.sendCommandAsync(XceiverClientGrpc.java:371)
	at org.apache.hadoop.hdds.scm.XceiverClientGrpc.sendCommandWithRetry(XceiverClientGrpc.java:284)
	at org.apache.hadoop.hdds.scm.XceiverClientGrpc.sendCommandWithTraceIDAndRetry(XceiverClientGrpc.java:250)
	at org.apache.hadoop.hdds.scm.XceiverClientGrpc.sendCommand(XceiverClientGrpc.java:233)
	at org.apache.hadoop.hdds.scm.storage.ContainerProtocolCalls.getBlock(ContainerProtocolCalls.java:118)
	at org.apache.hadoop.hdds.scm.storage.BlockInputStream.getChunkInfos(BlockInputStream.java:167)
	at org.apache.hadoop.hdds.scm.storage.BlockInputStream.initialize(BlockInputStream.java:118)
	at org.apache.hadoop.hdds.scm.storage.BlockInputStream.read(BlockInputStream.java:222)
	at org.apache.hadoop.ozone.client.io.KeyInputStream.read(KeyInputStream.java:171)
	at org.apache.hadoop.ozone.client.io.OzoneInputStream.read(OzoneInputStream.java:47)
	at java.io.InputStream.read(InputStream.java:101)
	at org.apache.hadoop.ozone.container.ContainerTestHelper.validateData(ContainerTestHelper.java:713)
	at org.apache.hadoop.ozone.client.rpc.TestBlockOutputStreamWithFailures.validateData(TestBlockOutputStreamWithFailures.java:1216)
	at org.apache.hadoop.ozone.client.rpc.TestBlockOutputStreamWithFailures.testWatchForCommitWithSingleNodeRatis(TestBlockOutputStreamWithFailures.java:918)
	at sun.reflect.NativeMethodAccessorImpl.invoke0(Native Method)
	at sun.reflect.NativeMethodAccessorImpl.invoke(NativeMethodAccessorImpl.java:62)
	at sun.reflect.DelegatingMethodAccessorImpl.invoke(DelegatingMethodAccessorImpl.java:43)
	at java.lang.reflect.Method.invoke(Method.java:498)
	at org.junit.runners.model.FrameworkMethod$1.runReflectiveCall(FrameworkMethod.java:47)
	at org.junit.internal.runners.model.ReflectiveCallable.run(ReflectiveCallable.java:12)
	at org.junit.runners.model.FrameworkMethod.invokeExplosively(FrameworkMethod.java:44)
	at org.junit.internal.runners.statements.InvokeMethod.evaluate(InvokeMethod.java:17)
	at org.junit.internal.runners.statements.RunBefores.evaluate(RunBefores.java:26)
	at org.junit.internal.runners.statements.RunAfters.evaluate(RunAfters.java:27)
	at org.junit.runners.ParentRunner.runLeaf(ParentRunner.java:271)
	at org.junit.runners.BlockJUnit4ClassRunner.runChild(BlockJUnit4ClassRunner.java:70)
	at org.junit.runners.BlockJUnit4ClassRunner.runChild(BlockJUnit4ClassRunner.java:50)
	at org.junit.runners.ParentRunner$3.run(ParentRunner.java:238)
	at org.junit.runners.ParentRunner$1.schedule(ParentRunner.java:63)
	at org.junit.runners.ParentRunner.runChildren(ParentRunner.java:236)
	at org.junit.runners.ParentRunner.access$000(ParentRunner.java:53)
	at org.junit.runners.ParentRunner$2.evaluate(ParentRunner.java:229)
	at org.junit.runners.ParentRunner.run(ParentRunner.java:309)
	at org.apache.maven.surefire.junit4.JUnit4Provider.execute(JUnit4Provider.java:365)
	at org.apache.maven.surefire.junit4.JUnit4Provider.executeWithRerun(JUnit4Provider.java:273)
	at org.apache.maven.surefire.junit4.JUnit4Provider.executeTestSet(JUnit4Provider.java:238)
	at org.apache.maven.surefire.junit4.JUnit4Provider.invoke(JUnit4Provider.java:159)
	at org.apache.maven.surefire.booter.ForkedBooter.invokeProviderInSameClassLoader(ForkedBooter.java:384)
	at org.apache.maven.surefire.booter.ForkedBooter.runSuitesInProcess(ForkedBooter.java:345)
	at org.apache.maven.surefire.booter.ForkedBooter.execute(ForkedBooter.java:126)
	at org.apache.maven.surefire.booter.ForkedBooter.main(ForkedBooter.java:418)

]]></system-err>
  </testcase>
  <testcase name="testFailureWithPrimeSizedData" classname="org.apache.hadoop.ozone.client.rpc.TestBlockOutputStreamWithFailures" time="35.907"/>
  <testcase name="testWatchForCommitWithCloseContainerException" classname="org.apache.hadoop.ozone.client.rpc.TestBlockOutputStreamWithFailures" time="34.949"/>
  <testcase name="testExceptionDuringClose" classname="org.apache.hadoop.ozone.client.rpc.TestBlockOutputStreamWithFailures" time="34.504"/>
</testsuite>